<?xml version="1.0" encoding="UTF-8" ?>
<testsuite errors="0" failures="0" hostname="travis-job-8136c6ae-c04d-4f13-b70a-6cc8a4c3a20f" name="ptolemy.domains.de.test.junit.JUnitTclTest" skipped="0" tests="101" time="123.304" timestamp="2018-05-29T01:18:09">
  <properties>
    <property name="npm.executable" value="npm" />
    <property name="file.encoding.pkg" value="sun.io" />
    <property name="ptII.mk.exists" value="true" />
    <property name="env.rvm_bin_path" value="/home/travis/.rvm/bin" />
    <property name="java.home" value="/usr/lib/jvm/java-8-oracle/jre" />
    <property name="env.TRAVIS_JOB_NUMBER" value="484.8" />
    <property name="env.DISPLAY" value=":99.0" />
    <property name="java.net.preferIPv4Stack" value="true" />
    <property name="env.SSH_TTY" value="/dev/pts/0" />
    <property name="env.RUN_TESTS" value="false" />
    <property name="timeout.short" value="1000000" />
    <property name="env.TRAVIS_STACK_NODE_ATTRIBUTES" value="/.node-attributes.yml" />
    <property name="junit.formatter" value="xml" />
    <property name="java.endorsed.dirs" value="/usr/lib/jvm/java-8-oracle/jre/lib/endorsed" />
    <property name="env.TRAVIS_SUDO" value="true" />
    <property name="env.LOGNAME" value="travis" />
    <property name="jsdoc.home" value="node_modules/@terraswarm/jsdoc" />
    <property name="debuglevel" value="source,lines,vars" />
    <property name="checkstyle.formatter" value="xml" />
    <property name="bin.vergil.makeable" value="true" />
    <property name="env._system_version" value="14.04" />
    <property name="sun.os.patch.level" value="unknown" />
    <property name="java.vendor.url" value="http://java.oracle.com/" />
    <property name="java.version" value="1.8.0_151" />
    <property name="env.TZ" value="UTC" />
    <property name="env.PT_NO_NET" value="true" />
    <property name="env.TRAVIS_PULL_REQUEST_SHA" value="" />
    <property name="env.TRAVIS_SECURE_ENV_VARS" value="true" />
    <property name="env._system_type" value="Linux" />
    <property name="java.vendor.url.bug" value="http://bugreport.sun.com/bugreport/" />
    <property name="env.SSH_CLIENT" value="10.10.16.7 50764 22" />
    <property name="npmjs-org-is-up" value="true" />
    <property name="env.GEM_HOME" value="/home/travis/.rvm/gems/ruby-2.4.1" />
    <property name="env.HAS_ANTARES_THREE_LITTLE_FRONZIES_BADGE" value="true" />
    <property name="env.PS4" value="+" />
    <property name="ant.project.invoked-targets" value="build,test.core2.xml" />
    <property name="env.TRAVIS_PULL_REQUEST_BRANCH" value="" />
    <property name="env.TRAVIS_REPO_SLUG" value="icyphy/ptII" />
    <property name="node.in.path" value="true" />
    <property name="java.maxmemory" value="1400m" />
    <property name="env.RUBY_VERSION" value="ruby-2.4.1" />
    <property name="user.name" value="travis" />
    <property name="env.LANG" value="en_US.UTF-8" />
    <property name="sun.io.unicode.encoding" value="UnicodeLittle" />
    <property name="sun.jnu.encoding" value="UTF-8" />
    <property name="java.runtime.name" value="Java(TM) SE Runtime Environment" />
    <property name="usefile" value="false" />
    <property name="return.code" value="0" />
    <property name="junit.single.formatter" value="plain" />
    <property name="env.DYLD_LIBRARY_PATH" value="/home/travis/pthla/certi-tools/lib:" />
    <property name="env.DEBIAN_FRONTEND" value="noninteractive" />
    <property name="env.SSH_CONNECTION" value="10.10.16.7 50764 10.20.0.64 22" />
    <property name="env.MYSQL_UNIX_PORT" value="/var/run/mysqld/mysqld.sock" />
    <property name="env.TRAVIS_ALLOW_FAILURE" value="false" />
    <property name="env.LC_ALL" value="en_US.UTF-8" />
    <property name="java.specification.name" value="Java Platform API Specification" />
    <property name="node.works" value="true" />
    <property name="user.timezone" value="" />
    <property name="path.separator" value=":" />
    <property name="env.PYTHON_CFLAGS" value="-g -fstack-protector --param=ssp-buffer-size=4 -Wformat -Werror=format-security" />
    <property name="timeout.long" value="4000000" />
    <property name="env.CERTI_HOME" value="/home/travis/pthla/certi-tools" />
    <property name="file.encoding" value="UTF-8" />
    <property name="ant.file.ptII" value="/home/travis/build/icyphy/ptII/build.xml" />
    <property name="javadoc.packagenames" value="com.*,diva.*,lbnl.*,org.hlacerti.*,org.json.*,org.ptolemy.*,org.terraswarm.*,ptolemy.*,ptserver.*" />
    <property name="env.TRAVIS_PULL_REQUEST_SLUG" value="" />
    <property name="ant.project.default-target" value="build" />
    <property name="env.GIT_ASKPASS" value="echo" />
    <property name="env.HOME" value="/home/travis" />
    <property name="sun.java.command" value="org.apache.tools.ant.taskdefs.optional.junit.JUnitTestRunner ptolemy.domains.de.test.junit.JUnitTclTest skipNonTests=false filtertrace=true haltOnError=false haltOnFailure=false formatter=org.apache.tools.ant.taskdefs.optional.junit.OutErrSummaryJUnitResultFormatter showoutput=true outputtoformatters=true logfailedtests=true threadid=0 logtestlistenerevents=false formatter=org.apache.tools.ant.taskdefs.optional.junit.XMLJUnitResultFormatter,/home/travis/build/icyphy/ptII/reports/junit/TEST-ptolemy.domains.de.test.junit.JUnitTclTest.xml crashfile=/home/travis/build/icyphy/ptII/junitvmwatcher1836271258204263641.properties propsfile=/home/travis/build/icyphy/ptII/junit3201284662233034976.properties" />
    <property name="env.MANPATH" value="/home/travis/.nvm/versions/node/v7.10.1/share/man:/home/travis/.kiex/elixirs/elixir-1.4.5/man:/home/travis/.rvm/rubies/ruby-2.4.1/share/man:/usr/local/man:/usr/local/cmake-3.9.2/man:/usr/local/clang-5.0.0/share/man:/usr/local/share/man:/usr/share/man:/home/travis/.rvm/man" />
    <property name="env.COMPOSER_NO_INTERACTION" value="1" />
    <property name="env.JDK_SWITCHER_DEFAULT" value="oraclejdk8" />
    <property name="ant.file" value="/home/travis/build/icyphy/ptII/build.xml" />
    <property name="env.TRAVIS_COMMIT_RANGE" value="3c028372b7ca1a322aa8dd19895bfdeb4cb5e373...7212743a0268ed595f771e33cb1238b0ac989edb" />
    <property name="env._system_name" value="Ubuntu" />
    <property name="timeout" value="2400000" />
    <property name="ptII.classpath.optional.property" value="/home/travis/build/icyphy/ptII/lib/bsh-2.0b4.jar:/home/travis/build/icyphy/ptII/lib/ptCal.jar:/home/travis/build/icyphy/ptII/lib/java_cup.jar:/home/travis/build/icyphy/ptII/lib/saxon8.jar:/home/travis/build/icyphy/ptII/lib/saxon8-dom.jar:/home/travis/build/icyphy/ptII/lib/chic.jar:/home/travis/build/icyphy/ptII/lib/ptcolt.jar:/usr/lib/jvm/java-8-oracle/lib/tools.jar:/usr/lib/eclipse/plugins/org.eclipse.jdt.core_3.8.2.dist.jar:/usr/lib/eclipse/plugins/org.eclipse.core.runtime_3.8.0.dist.jar:/usr/lib/eclipse/plugins/org.eclipse.osgi_3.8.1.dist.jar:/usr/lib/eclipse/plugins/org.eclipse.core.resources_3.8.1.dist.jar:/usr/lib/eclipse/plugins/org.eclipse.equinox.common_3.6.100.dist.jar:/usr/lib/eclipse/plugins/org.eclipse.core.jobs_3.5.200.dist.jar:/usr/lib/eclipse/plugins/org.eclipse.core.contenttype_3.4.200.dist.jar:/usr/lib/eclipse/plugins/org.eclipse.equinox.preferences_3.5.0.dist.jar:/usr/lib/eclipse/plugins/org.eclipse.text_3.5.200.dist.jar:/usr/lib/eclipse/plugins/org.eclipse.ui.workbench_3.8.1.dist.jar:/usr/lib/eclipse/plugins/org.eclipse.jface_3.8.0.dist.jar:/usr/lib/eclipse/plugins/org.eclipse.swt_3.8.2.jar:/usr/lib/eclipse/plugins/org.eclipse.jface.text_3.8.1.dist.jar:/usr/lib/eclipse/plugins/org.eclipse.ui.workbench.texteditor_3.8.0.dist.jar:/usr/lib/eclipse/plugins/org.eclipse.ui.editors_3.8.0.dist.jar:/usr/lib/eclipse/plugins/org.eclipse.core.commands_3.6.1.dist.jar:/usr/lib/eclipse/plugins/org.eclipse.equinox.registry_3.5.200.dist.jar:/usr/lib/eclipse/plugins/org.eclipse.ui.console_3.5.100.dist.jar:/usr/lib/eclipse/plugins/org.eclipse.ui.forms_3.5.200.dist.jar:/usr/lib/eclipse/plugins/org.eclipse.ui.ide_3.8.1.dist.jar:/home/travis/build/icyphy/ptII/vendors/oracle/dbxml.jar:/home/travis/build/icyphy/ptII/vendors/oracle/db.jar:/home/travis/build/icyphy/ptII/vendors/misc/itext/iText.jar:/home/travis/build/icyphy/ptII/lib/g4ltl.jar:/home/travis/build/icyphy/ptII/lib/StructuralCoder.jar:/home/travis/build/icyphy/ptII/lib/org-openide-util.jar:/home/travis/build/icyphy/ptII/lib/org-openide-util-lookup.jar:/home/travis/build/icyphy/ptII/lib/org-netbeans-api-visual.jar:/home/travis/build/icyphy/ptII/vendors/jai-1_1_2_01/lib/jai_core.jar:/home/travis/build/icyphy/ptII/vendors/jai-1_1_2_01/lib/jai_codec.jar:/home/travis/build/icyphy/ptII/lib/jcerti.jar:/home/travis/build/icyphy/ptII/lib/smack.jar:/home/travis/build/icyphy/ptII/lib/smackx.jar:/home/travis/build/icyphy/ptII/lib/jetty-all-8.1.5-v20120716.jar:/home/travis/build/icyphy/ptII/lib/javax.servlet-api-3.0.1.jar:/home/travis/build/icyphy/ptII/lib/javax.mail.jar:/home/travis/build/icyphy/ptII/vendors/JMF-2.1.1e/lib/jmf.jar:/home/travis/build/icyphy/ptII/lib/jna-4.0.0-variadic.jar:/home/travis/build/icyphy/ptII/vendors/misc/joystick/Joystick.jar:/home/travis/build/icyphy/ptII/lib/ptjacl.jar:/home/travis/build/icyphy/ptII/lib/jsoup-1.8.2.jar:/home/travis/build/icyphy/ptII/lib/junit-4.8.2.jar:/home/travis/build/icyphy/ptII/lib/JUnitParams-0.4.0.jar:/home/travis/build/icyphy/ptII/ptolemy/actor/lib/excel/jxl.jar:/home/travis/build/icyphy/ptII/lib/jython.jar:/home/travis/build/icyphy/ptII/lib/kieler.jar:/home/travis/build/icyphy/ptII/vendors/opencv/share/OpenCV/java/opencv-341.jar:/home/travis/build/icyphy/ptII/lib/oscP5.jar:/home/travis/build/icyphy/ptII/lib/nrjavaserial-3.11.0.devel.jar:/usr/share/java/j3dcore.jar:/usr/share/java/j3dutils.jar:/usr/share/java/vecmath.jar:/home/travis/build/icyphy/ptII/ptolemy/distributed/jini/jar/jini-core.jar:/home/travis/build/icyphy/ptII/ptolemy/distributed/jini/jar/jini-ext.jar:/home/travis/build/icyphy/ptII/ptolemy/distributed/jini/jar/sun-util.jar:/home/travis/build/icyphy/ptII/lib/protobuf-java-2.4.1.jar:/home/travis/build/icyphy/ptII/lib/org.eclipse.paho.client.mqttv3.jar:/home/travis/build/icyphy/ptII/ptserver/lib/hessian-4.0.7.jar:/home/travis/build/icyphy/ptII/ptserver/lib/wmqtt.jar:/home/travis/build/icyphy/ptII/lib/mapss.jar:/home/travis/build/icyphy/ptII/ptolemy/actor/ptalon/antlr/antlr.jar:/home/travis/build/icyphy/ptII/lib/JRI.jar:/home/travis/build/icyphy/ptII/lib/commons-lang-2.6.jar:/home/travis/build/icyphy/ptII/lib/commons-logging-1.1.1.jar:/home/travis/build/icyphy/ptII/lib/sootclasses.jar:/home/travis/build/icyphy/ptII/ptolemy/actor/lib/database/mysql-connector-java-5.1.6-bin.jar:/home/travis/build/icyphy/ptII/vendors/misc/sphinx4/sphinx4-data-5prealpha.jar:/home/travis/build/icyphy/ptII/vendors/misc/sphinx4/sphinx4-core-5prealpha.jar:/home/travis/build/icyphy/ptII/lib/PDFRenderer.jar:/home/travis/build/icyphy/ptII/lib/svgSalamander.jar:/home/travis/build/icyphy/ptII/lib/rsyntaxtextarea-2.6.0-SNAPSHOT.jar:/home/travis/build/icyphy/ptII/lib/hazelcast-3.8.2.jar:/home/travis/build/icyphy/ptII/lib/jackson-annotations-2.9.0.jar:/home/travis/build/icyphy/ptII/lib/jackson-core-2.9.3.jar:/home/travis/build/icyphy/ptII/lib/jackson-databind-2.9.3.jar:/home/travis/build/icyphy/ptII/lib/netty-buffer-4.1.19.Final.jar:/home/travis/build/icyphy/ptII/lib/netty-codec-4.1.19.Final.jar:/home/travis/build/icyphy/ptII/lib/netty-codec-dns-4.1.19.Final.jar:/home/travis/build/icyphy/ptII/lib/netty-codec-http-4.1.19.Final.jar:/home/travis/build/icyphy/ptII/lib/netty-codec-http2-4.1.19.Final.jar:/home/travis/build/icyphy/ptII/lib/netty-common-4.1.19.Final.jar:/home/travis/build/icyphy/ptII/lib/netty-handler-4.1.19.Final.jar:/home/travis/build/icyphy/ptII/lib/netty-resolver-4.1.19.Final.jar:/home/travis/build/icyphy/ptII/lib/netty-resolver-dns-4.1.19.Final.jar:/home/travis/build/icyphy/ptII/lib/netty-transport-4.1.19.Final.jar:/home/travis/build/icyphy/ptII/lib/vertx-codegen-3.5.1.jar:/home/travis/build/icyphy/ptII/lib/vertx-core-3.5.2-SNAPSHOT.jar:/home/travis/build/icyphy/ptII/lib/vertx-hazelcast-3.5.1.jar:/home/travis/build/icyphy/ptII/lib/vertx-lang-js-3.5.1.jar:/home/travis/build/icyphy/ptII/lib/vertx-service-proxy-3.5.1.jar:/home/travis/build/icyphy/ptII/lib/vertx-web-3.5.1.jar:/home/travis/build/icyphy/ptII/lib/slf4j-api-1.7.13.jar:/home/travis/build/icyphy/ptII/lib/slf4j-simple-1.7.13.jar:/home/travis/build/icyphy/ptII/lib/webcam-capture-0.3.12.jar:/home/travis/build/icyphy/ptII/lib/bridj-0.7.0.jar:/home/travis/build/icyphy/ptII/lib/xbjlib-1.1.0.nrjavaserial.jar" />
    <property name="test.batch" value="**/junit/*.java" />
    <property name="env._" value="/usr/bin/timeout" />
    <property name="java.io.tmpdir" value="/tmp" />
    <property name="user.language" value="en" />
    <property name="env.HISTCONTROL" value="ignoredups:ignorespace" />
    <property name="env.GOROOT" value="/home/travis/.gimme/versions/go1.7.4.linux.amd64" />
    <property name="line.separator" value="&#xa;" />
    <property name="target" value="1.8" />
    <property name="env.TRAVIS_BUILD_DIR" value="/home/travis/build/icyphy/ptII" />
    <property name="env.ANT_OPTS" value="-Xmx2048m" />
    <property name="ant.file.type" value="file" />
    <property name="ptolemy.ptII.batchMode" value="true" />
    <property name="env.HISTSIZE" value="1000" />
    <property name="env.MERB_ENV" value="test" />
    <property name="java.vm.info" value="mixed mode" />
    <property name="source" value="1.8" />
    <property name="java.vm.specification.name" value="Java Virtual Machine Specification" />
    <property name="env.TRAVIS_TEST_RESULT" value="0" />
    <property name="jsdoc.command" value="node_modules/@terraswarm/jsdoc/jsdoc.js" />
    <property name="npm.works" value="true" />
    <property name="cobertura.dir" value="/home/travis/build/icyphy/ptII/vendors/cobertura-2.0.3" />
    <property name="env.rvm_path" value="/home/travis/.rvm" />
    <property name="env.GEM_PATH" value="/home/travis/.rvm/gems/ruby-2.4.1:/home/travis/.rvm/gems/ruby-2.4.1@global" />
    <property name="env.LC_CTYPE" value="en_US.UTF-8" />
    <property name="java.awt.printerjob" value="sun.print.PSPrinterJob" />
    <property name="env.TRAVIS_STACK_NAME" value="garnet" />
    <property name="ant.version" value="Apache Ant(TM) version 1.10.1 compiled on February 2 2017" />
    <property name="ptII.reports" value="/home/travis/build/icyphy/ptII/reports" />
    <property name="env.TRAVIS_STACK_TIMESTAMP" value="2017-12-05 19:33:09 UTC" />
    <property name="ant.file.type.ptII" value="file" />
    <property name="env.RBENV_SHELL" value="bash" />
    <property name="os.name" value="Linux" />
    <property name="java.specification.vendor" value="Oracle Corporation" />
    <property name="env.rvm_version" value="1.29.3 (latest)" />
    <property name="env.TERM" value="xterm" />
    <property name="java.vm.name" value="Java HotSpot(TM) 64-Bit Server VM" />
    <property name="env.TRAVIS_BUILD_NUMBER" value="484" />
    <property name="env.CI" value="true" />
    <property name="java.library.path" value="/home/travis/pthla/certi-tools/lib:/usr/lib/jni:/usr/local/share/OpenCV/java/:/usr/share/OpenCV/java::/usr/java/packages/lib/amd64:/usr/lib64:/lib64:/lib:/usr/lib" />
    <property name="env.rvm_prefix" value="/home/travis" />
    <property name="env.PATH" value="/home/travis/pthla/certi-tools/share/scripts:/home/travis/.rvm/gems/ruby-2.4.1/bin:/home/travis/.rvm/gems/ruby-2.4.1@global/bin:/home/travis/.rvm/rubies/ruby-2.4.1/bin:/home/travis/.rvm/bin:/home/travis/.nvm/versions/node/v7.10.1/bin:./node_modules/.bin:/home/travis/build/icyphy/ptII/bin:/home/travis/pthla/certi-tools/bin:/home/travis/bin:/home/travis/.local/bin:/opt/pyenv/shims:/home/travis/.phpenv/shims:/home/travis/perl5/perlbrew/bin:/home/travis/.kiex/elixirs/elixir-1.4.5/bin:/home/travis/.kiex/bin:/home/travis/gopath/bin:/home/travis/.gimme/versions/go1.7.4.linux.amd64/bin:/usr/local/phantomjs/bin:/usr/local/phantomjs:/usr/local/neo4j-3.2.7/bin:/usr/local/maven-3.5.2/bin:/usr/local/cmake-3.9.2/bin:/usr/local/clang-5.0.0/bin:/usr/local/sbin:/usr/local/bin:/usr/sbin:/usr/bin:/sbin:/bin:/home/travis/.phpenv/bin:/opt/pyenv/bin:/home/travis/.yarn/bin" />
    <property name="env.TRAVIS_OS_NAME" value="linux" />
    <property name="ant.java.version" value="1.8" />
    <property name="basedir" value="/home/travis/build/icyphy/ptII" />
    <property name="java.class.version" value="52.0" />
    <property name="env.SHLVL" value="3" />
    <property name="env.LD_LIBRARY_PATH" value="/home/travis/pthla/certi-tools/lib:/usr/lib/jni:/usr/local/share/OpenCV/java/:/usr/share/OpenCV/java:" />
    <property name="env.RACK_ENV" value="test" />
    <property name="ant.home" value="/home/travis/build/icyphy/ptII/ant" />
    <property name="env.NVM_DIR" value="/home/travis/.nvm" />
    <property name="env.PERLBREW_BASHRC_VERSION" value="0.80" />
    <property name="env.CERTI_FOM_PATH" value="/home/travis/pthla/certi-tools/share/federations" />
    <property name="env.TRAVIS_BUILD_ID" value="384971807" />
    <property name="env.PYENV_ROOT" value="/opt/pyenv" />
    <property name="env.TRAVIS_UID" value="2000" />
    <property name="env.rvm_pretty_print_flag" value="auto" />
    <property name="env.NVM_BIN" value="/home/travis/.nvm/versions/node/v7.10.1/bin" />
    <property name="env.TRAVIS_COMMIT" value="7212743a0268ed595f771e33cb1238b0ac989edb" />
    <property name="env._system_arch" value="x86_64" />
    <property name="node.executable" value="node" />
    <property name="sun.boot.library.path" value="/usr/lib/jvm/java-8-oracle/jre/lib/amd64" />
    <property name="sun.management.compiler" value="HotSpot 64-Bit Tiered Compilers" />
    <property name="env.GOPATH" value="/home/travis/gopath" />
    <property name="java.awt.graphicsenv" value="sun.awt.X11GraphicsEnvironment" />
    <property name="ptolemy.ptII.dir" value="/home/travis/build/icyphy/ptII" />
    <property name="env.USER" value="travis" />
    <property name="env.HISTFILESIZE" value="2000" />
    <property name="timeout.longest" value="19000000" />
    <property name="env.TRAVIS_STACK_FEATURES" value="basic cassandra chromium couchdb disabled-ipv6 docker docker-compose elasticsearch firefox go-toolchain google-chrome jdk memcached mongodb mysql neo4j nodejs_interpreter perl_interpreter perlbrew phantomjs postgresql python_interpreter rabbitmq redis riak ruby_interpreter sqlite xserver" />
    <property name="env.TRAVIS_PULL_REQUEST" value="false" />
    <property name="env.PYENV_SHELL" value="bash" />
    <property name="ant.project.name" value="ptII" />
    <property name="java.vm.specification.version" value="1.8" />
    <property name="env.CERTI_VERSION" value="4.0.0" />
    <property name="env.NLSPATH" value="/usr/dt/lib/nls/msg/%L/%N.cat" />
    <property name="awt.toolkit" value="sun.awt.X11.XToolkit" />
    <property name="env.CERTI_HOST" value="localhost" />
    <property name="env.MY_RUBY_HOME" value="/home/travis/.rvm/rubies/ruby-2.4.1" />
    <property name="sun.cpu.isalist" value="" />
    <property name="java.ext.dirs" value="/usr/lib/jvm/java-8-oracle/jre/lib/ext:/usr/java/packages/lib/ext" />
    <property name="os.version" value="4.4.0-101-generic" />
    <property name="user.home" value="/home/travis" />
    <property name="env.MIX_ARCHIVES" value="/home/travis/.kiex/mix/elixir-1.4.5" />
    <property name="java.vm.vendor" value="Oracle Corporation" />
    <property name="env.TRAVIS_TAG" value="nightly" />
    <property name="env.TRAVIS_FILTERED" value="redirect_io" />
    <property name="javadoc.excludepackagenames" value="adm.cvs2svn.*,build.*,config.*,doc.coding.templates.*,jni.test.jni.meaningOfLife.*,jni.test.jni.testDeux.*,jni.test.jni.testTrois.*,org.terraswarm.accessor.accessors.web.node_modules.*,org.terraswarm.accessor.accessors.web.hosts.cordova.demo.*,org.terraswarm.accessor.accessors.web.hosts.cordova.plugins.*,org.terraswarm.accessor.accessors-svn.*,pt-modules.*,ptolemy.apps.agilent.*,ptolemy.apps.anytimecontrol.*,ptolemy.apps.apes.*,ptolemy.apps.charon.*,ptolemy.apps.crazyboard.*,ptolemy.apps.eclipse.*,ptolemy.apps.etherealSting.*,ptolemy.apps.fullscreen.*,ptolemy.apps.giotto.*,ptolemy.apps.ia.*,ptolemy.apps.interfaces.*,ptolemy.apps.jmf.*,ptolemy.apps.kurt.*,ptolemy.apps.kvm.*,ptolemy.apps.lego.*,ptolemy.apps.lejos.*,ptolemy.apps.midp.*,ptolemy.apps.mobileCoding.*,ptolemy.apps.pendulum.*,ptolemy.apps.rijndael.*,ptolemy.apps.robot.*,ptolemy.apps.security.*,ptolemy.apps.sobel.*,ptolemy.apps.soot.*,ptolemy.apps.throttle.*,ptolemy.apps.tini.*,ptolemy.apps.transmission.*,ptolemy.apps.vergil.*,ptolemy.apps.waba.*,ptolemy.apps.websensor.*,ptolemy.apps.webstart.*,ptolemy.apps.xsl.*,ptolemy.apps.zaurus.*,ptolemy.backtrack.eclipse.plugin.*,ptolemy.backtrack.test.*,ptolemy.codegen.c.actor.lib.oldJavaFiles.*,ptolemy.codegen.dsp.lib.*,ptolemy.codegen.kernel.newInterfaces.*,ptolemy.codegen.lib.*,ptolemy.copernicus.kernel.fragment.*,ptolemy.copernicus.shallow.cg.*,ptolemy.domains.giotto.demo.Hierarchy.Hierarchy.*,ptolemy.domains.giotto.demo.Multimode.Multimode.*,ptolemy.domains.giotto.demo.Simple.Simple.*,ptolemy.domains.gr.lib.experimental.*,ptolemy.domains.gro.*,ptolemy.domains.pdf.*,ptolemy.domains.ptinyos.demo.Surge.output.*,ptolemy.moml.test.NoPackageActor.java*,ptolemy.plot.adm.*,ptolemy.plot.servlet.*,reports.*,signed.*,src.*,target.*,vendors.*,ptolemy.cg.adapter.generic.program.procedural.c.mbed*,ptolemy.actor.lib.fmi.fmus.omc*,ptolemy.domains.openmodelica*,ptdb.kernel.bl.save.test.*,ptdb.kernel.bl.load.test.*,ptdb.kernel.bl.search.test.*,ptdb.kernel.bl.migration.test.*,ptdb.kernel.database.test.*,ptdb.test.*,ptdb.gui.test.*,org.ptolemy.scala.*,diva.util.java2d.svg.*,ptolemy.domains.ptinyos.*,ptolemy.actor.lib.fmi.fmipp.*,,org.terraswarm.accessor.accessors.web.node_modules.*,org.terraswarm.accessor.accessors-svn,ptolemy.actor.ptalon.demo.ptinyos.SendAndReceiveCnt.output,ptolemy.actor.ptalon.demo.ptinyos.SenseToLeds.output,ptolemy.domains.ptinyos.demo.CntToLedsAndRfm.output,ptolemy.domains.ptinyos.demo.RfmToLeds.output,ptolemy.domains.ptinyos.demo.SendAndReceiveCnt.output,ptolemy.domains.ptinyos.demo.SenseToLeds.output" />
    <property name="env.JAVA_HOME" value="/usr/lib/jvm/java-8-oracle" />
    <property name="env.PTII" value="/home/travis/build/icyphy/ptII" />
    <property name="env.TRAVIS_COMMIT_MESSAGE" value="add system debug prints in wrapup() when ending certi simulation" />
    <property name="keystore" value="ptKeystore" />
    <property name="env.XDG_SESSION_ID" value="2" />
    <property name="junit.output.dir" value="/home/travis/build/icyphy/ptII/reports/junit" />
    <property name="npm.return.code" value="0" />
    <property name="user.dir" value="/home/travis/build/icyphy/ptII/ptolemy/domains/de/test" />
    <property name="env.TRAVIS_NODE_VERSION" value="7" />
    <property name="env.XFILESEARCHPATH" value="/usr/dt/app-defaults/%L/Dt" />
    <property name="env.TRAVIS_EVENT_TYPE" value="cron" />
    <property name="env.MAIL" value="/var/mail/travis" />
    <property name="env.PWD" value="/home/travis/build/icyphy/ptII" />
    <property name="env.PERLBREW_ROOT" value="/home/travis/perl5/perlbrew" />
    <property name="timeout.npm" value="45000" />
    <property name="env.PT_TRAVIS_TEST_CORE2_XML" value="true" />
    <property name="env.PAGER" value="cat" />
    <property name="sun.cpu.endian" value="little" />
    <property name="env.TRAVIS_BUILD_STAGE_NAME" value="Test" />
    <property name="env.PERLBREW_HOME" value="/home/travis/.perlbrew" />
    <property name="env.RAILS_ENV" value="test" />
    <property name="java.vm.version" value="25.151-b12" />
    <property name="java.class.path" value="/home/travis/build/icyphy/ptII:/home/travis/build/icyphy/ptII/lib/bsh-2.0b4.jar:/home/travis/build/icyphy/ptII/lib/ptCal.jar:/home/travis/build/icyphy/ptII/lib/java_cup.jar:/home/travis/build/icyphy/ptII/lib/saxon8.jar:/home/travis/build/icyphy/ptII/lib/saxon8-dom.jar:/home/travis/build/icyphy/ptII/lib/chic.jar:/home/travis/build/icyphy/ptII/lib/ptcolt.jar:/usr/lib/jvm/java-8-oracle/lib/tools.jar:/usr/lib/eclipse/plugins/org.eclipse.jdt.core_3.8.2.dist.jar:/usr/lib/eclipse/plugins/org.eclipse.core.runtime_3.8.0.dist.jar:/usr/lib/eclipse/plugins/org.eclipse.osgi_3.8.1.dist.jar:/usr/lib/eclipse/plugins/org.eclipse.core.resources_3.8.1.dist.jar:/usr/lib/eclipse/plugins/org.eclipse.equinox.common_3.6.100.dist.jar:/usr/lib/eclipse/plugins/org.eclipse.core.jobs_3.5.200.dist.jar:/usr/lib/eclipse/plugins/org.eclipse.core.contenttype_3.4.200.dist.jar:/usr/lib/eclipse/plugins/org.eclipse.equinox.preferences_3.5.0.dist.jar:/usr/lib/eclipse/plugins/org.eclipse.text_3.5.200.dist.jar:/usr/lib/eclipse/plugins/org.eclipse.ui.workbench_3.8.1.dist.jar:/usr/lib/eclipse/plugins/org.eclipse.jface_3.8.0.dist.jar:/usr/lib/eclipse/plugins/org.eclipse.swt_3.8.2.jar:/usr/lib/eclipse/plugins/org.eclipse.jface.text_3.8.1.dist.jar:/usr/lib/eclipse/plugins/org.eclipse.ui.workbench.texteditor_3.8.0.dist.jar:/usr/lib/eclipse/plugins/org.eclipse.ui.editors_3.8.0.dist.jar:/usr/lib/eclipse/plugins/org.eclipse.core.commands_3.6.1.dist.jar:/usr/lib/eclipse/plugins/org.eclipse.equinox.registry_3.5.200.dist.jar:/usr/lib/eclipse/plugins/org.eclipse.ui.console_3.5.100.dist.jar:/usr/lib/eclipse/plugins/org.eclipse.ui.forms_3.5.200.dist.jar:/usr/lib/eclipse/plugins/org.eclipse.ui.ide_3.8.1.dist.jar:/home/travis/build/icyphy/ptII/vendors/oracle/dbxml.jar:/home/travis/build/icyphy/ptII/vendors/oracle/db.jar:/home/travis/build/icyphy/ptII/vendors/misc/itext/iText.jar:/home/travis/build/icyphy/ptII/lib/g4ltl.jar:/home/travis/build/icyphy/ptII/lib/StructuralCoder.jar:/home/travis/build/icyphy/ptII/lib/org-openide-util.jar:/home/travis/build/icyphy/ptII/lib/org-openide-util-lookup.jar:/home/travis/build/icyphy/ptII/lib/org-netbeans-api-visual.jar:/home/travis/build/icyphy/ptII/vendors/jai-1_1_2_01/lib/jai_core.jar:/home/travis/build/icyphy/ptII/vendors/jai-1_1_2_01/lib/jai_codec.jar:/home/travis/build/icyphy/ptII/lib/jcerti.jar:/home/travis/build/icyphy/ptII/lib/smack.jar:/home/travis/build/icyphy/ptII/lib/smackx.jar:/home/travis/build/icyphy/ptII/lib/jetty-all-8.1.5-v20120716.jar:/home/travis/build/icyphy/ptII/lib/javax.servlet-api-3.0.1.jar:/home/travis/build/icyphy/ptII/lib/javax.mail.jar:/home/travis/build/icyphy/ptII/vendors/JMF-2.1.1e/lib/jmf.jar:/home/travis/build/icyphy/ptII/lib/jna-4.0.0-variadic.jar:/home/travis/build/icyphy/ptII/vendors/misc/joystick/Joystick.jar:/home/travis/build/icyphy/ptII/lib/ptjacl.jar:/home/travis/build/icyphy/ptII/lib/jsoup-1.8.2.jar:/home/travis/build/icyphy/ptII/lib/junit-4.8.2.jar:/home/travis/build/icyphy/ptII/lib/JUnitParams-0.4.0.jar:/home/travis/build/icyphy/ptII/ptolemy/actor/lib/excel/jxl.jar:/home/travis/build/icyphy/ptII/lib/jython.jar:/home/travis/build/icyphy/ptII/lib/kieler.jar:/home/travis/build/icyphy/ptII/vendors/opencv/share/OpenCV/java/opencv-341.jar:/home/travis/build/icyphy/ptII/lib/oscP5.jar:/home/travis/build/icyphy/ptII/lib/nrjavaserial-3.11.0.devel.jar:/usr/share/java/j3dcore.jar:/usr/share/java/j3dutils.jar:/usr/share/java/vecmath.jar:/home/travis/build/icyphy/ptII/ptolemy/distributed/jini/jar/jini-core.jar:/home/travis/build/icyphy/ptII/ptolemy/distributed/jini/jar/jini-ext.jar:/home/travis/build/icyphy/ptII/ptolemy/distributed/jini/jar/sun-util.jar:/home/travis/build/icyphy/ptII/lib/protobuf-java-2.4.1.jar:/home/travis/build/icyphy/ptII/lib/org.eclipse.paho.client.mqttv3.jar:/home/travis/build/icyphy/ptII/ptserver/lib/hessian-4.0.7.jar:/home/travis/build/icyphy/ptII/ptserver/lib/wmqtt.jar:/home/travis/build/icyphy/ptII/lib/mapss.jar:/home/travis/build/icyphy/ptII/ptolemy/actor/ptalon/antlr/antlr.jar:/home/travis/build/icyphy/ptII/lib/JRI.jar:/home/travis/build/icyphy/ptII/lib/commons-lang-2.6.jar:/home/travis/build/icyphy/ptII/lib/commons-logging-1.1.1.jar:/home/travis/build/icyphy/ptII/lib/sootclasses.jar:/home/travis/build/icyphy/ptII/ptolemy/actor/lib/database/mysql-connector-java-5.1.6-bin.jar:/home/travis/build/icyphy/ptII/vendors/misc/sphinx4/sphinx4-data-5prealpha.jar:/home/travis/build/icyphy/ptII/vendors/misc/sphinx4/sphinx4-core-5prealpha.jar:/home/travis/build/icyphy/ptII/lib/PDFRenderer.jar:/home/travis/build/icyphy/ptII/lib/svgSalamander.jar:/home/travis/build/icyphy/ptII/lib/rsyntaxtextarea-2.6.0-SNAPSHOT.jar:/home/travis/build/icyphy/ptII/lib/hazelcast-3.8.2.jar:/home/travis/build/icyphy/ptII/lib/jackson-annotations-2.9.0.jar:/home/travis/build/icyphy/ptII/lib/jackson-core-2.9.3.jar:/home/travis/build/icyphy/ptII/lib/jackson-databind-2.9.3.jar:/home/travis/build/icyphy/ptII/lib/netty-buffer-4.1.19.Final.jar:/home/travis/build/icyphy/ptII/lib/netty-codec-4.1.19.Final.jar:/home/travis/build/icyphy/ptII/lib/netty-codec-dns-4.1.19.Final.jar:/home/travis/build/icyphy/ptII/lib/netty-codec-http-4.1.19.Final.jar:/home/travis/build/icyphy/ptII/lib/netty-codec-http2-4.1.19.Final.jar:/home/travis/build/icyphy/ptII/lib/netty-common-4.1.19.Final.jar:/home/travis/build/icyphy/ptII/lib/netty-handler-4.1.19.Final.jar:/home/travis/build/icyphy/ptII/lib/netty-resolver-4.1.19.Final.jar:/home/travis/build/icyphy/ptII/lib/netty-resolver-dns-4.1.19.Final.jar:/home/travis/build/icyphy/ptII/lib/netty-transport-4.1.19.Final.jar:/home/travis/build/icyphy/ptII/lib/vertx-codegen-3.5.1.jar:/home/travis/build/icyphy/ptII/lib/vertx-core-3.5.2-SNAPSHOT.jar:/home/travis/build/icyphy/ptII/lib/vertx-hazelcast-3.5.1.jar:/home/travis/build/icyphy/ptII/lib/vertx-lang-js-3.5.1.jar:/home/travis/build/icyphy/ptII/lib/vertx-service-proxy-3.5.1.jar:/home/travis/build/icyphy/ptII/lib/vertx-web-3.5.1.jar:/home/travis/build/icyphy/ptII/lib/slf4j-api-1.7.13.jar:/home/travis/build/icyphy/ptII/lib/slf4j-simple-1.7.13.jar:/home/travis/build/icyphy/ptII/lib/webcam-capture-0.3.12.jar:/home/travis/build/icyphy/ptII/lib/bridj-0.7.0.jar:/home/travis/build/icyphy/ptII/lib/xbjlib-1.1.0.nrjavaserial.jar:/home/travis/build/icyphy/ptII/ptolemy/moml/test:/home/travis/build/icyphy/ptII/ant/lib/ant-launcher.jar:/home/travis/build/icyphy/ptII/ant/lib/ant.jar:/home/travis/build/icyphy/ptII/ant/lib/ant-junit.jar:/home/travis/build/icyphy/ptII/ant/lib/ant-junit4.jar" />
    <property name="ant.library.dir" value="/home/travis/build/icyphy/ptII/ant/lib" />
    <property name="os.arch" value="amd64" />
    <property name="env.TRAVIS_LANGUAGE" value="node_js" />
    <property name="env.CONTINUOUS_INTEGRATION" value="true" />
    <property name="env.TRAVIS_STACK_LANGUAGES" value="__garnet__ c c++ clojure cplusplus cpp default go groovy java node_js php pure_java python ruby scala" />
    <property name="test.name" value="ptolemy.actor.lib.test.junit.JUnitTclTest" />
    <property name="sun.java.launcher" value="SUN_STANDARD" />
    <property name="env.PYTHON_CONFIGURE_OPTS" value="--enable-unicode=ucs4 --with-wide-unicode --enable-shared --enable-ipv6 --enable-loadable-sqlite-extensions --with-computed-gotos" />
    <property name="ant.core.lib" value="/home/travis/build/icyphy/ptII/ant/lib/ant.jar" />
    <property name="java.vm.specification.vendor" value="Oracle Corporation" />
    <property name="env.BCVTB_HOME" value="/home/travis/build/icyphy/ptII/lbnl" />
    <property name="file.separator" value="/" />
    <property name="java.runtime.version" value="1.8.0_151-b12" />
    <property name="spotbugs.home" value="/home/travis/build/icyphy/ptII/vendors/spotbugs-3.1.1" />
    <property name="sun.boot.class.path" value="/usr/lib/jvm/java-8-oracle/jre/lib/resources.jar:/usr/lib/jvm/java-8-oracle/jre/lib/rt.jar:/usr/lib/jvm/java-8-oracle/jre/lib/sunrsasign.jar:/usr/lib/jvm/java-8-oracle/jre/lib/jsse.jar:/usr/lib/jvm/java-8-oracle/jre/lib/jce.jar:/usr/lib/jvm/java-8-oracle/jre/lib/charsets.jar:/usr/lib/jvm/java-8-oracle/jre/lib/jfr.jar:/usr/lib/jvm/java-8-oracle/jre/classes" />
    <property name="env.HAS_JOSH_K_SEAL_OF_APPROVAL" value="true" />
    <property name="env.TRAVIS_OSX_IMAGE" value="" />
    <property name="env.XDG_RUNTIME_DIR" value="/run/user/2000" />
    <property name="env.TRAVIS_BRANCH" value="master" />
    <property name="env.TRAVIS_JOB_ID" value="384971815" />
    <property name="env.CERTI_HOME_TRAVIS" value="/home/travis/pthla/certi-tools" />
    <property name="user.country" value="US" />
    <property name="env.SHELL" value="/bin/bash" />
    <property name="java.maxmemory.large" value="5000m" />
    <property name="model" value="" />
    <property name="env.CASHER_DIR" value="/home/travis/.casher" />
    <property name="env.NVM_CD_FLAGS" value="" />
    <property name="jshint.executable" value="/home/travis/node_modules/jshint/bin/jshint" />
    <property name="java.vendor" value="Oracle Corporation" />
    <property name="env.JRUBY_OPTS" value=" --client -J-XX:+TieredCompilation -J-XX:TieredStopAtLevel=1 -J-Xss2m -Xcompile.invokedynamic=false" />
    <property name="env.TRAVIS_PRE_CHEF_BOOTSTRAP_TIME" value="2017-12-05T19:32:55" />
    <property name="env.TRAVIS_STACK_JOB_BOARD_REGISTER" value="/.job-board-register.yml" />
    <property name="env.ELIXIR_VERSION" value="1.4.5" />
    <property name="java.specification.version" value="1.8" />
    <property name="env.IRBRC" value="/home/travis/.rvm/rubies/ruby-2.4.1/.irbrc" />
    <property name="env.TRAVIS" value="true" />
    <property name="sun.arch.data.model" value="64" />
  </properties>
  <testcase classname="ptolemy.util.test.junit.TclTests" name="[0] /home/travis/build/icyphy/ptII/ptolemy/domains/de/test/DependencyLoop.tcl (RunTclFile)" time="0.707" />
  <testcase classname="ptolemy.util.test.junit.TclTests" name="[1] /home/travis/build/icyphy/ptII/ptolemy/domains/de/test/RunDETestsAsQSS.tcl (RunTclFile)" time="83.872" />
  <testcase classname="ptolemy.util.test.junit.AutoKnownFailedTests" name="[0] /home/travis/build/icyphy/ptII/ptolemy/domains/de/test/auto/knownFailedTests/DESDFClockTest.xml (RunModel)" time="2.029" />
  <testcase classname="ptolemy.util.test.junit.AutoKnownFailedTests" name="[1] /home/travis/build/icyphy/ptII/ptolemy/domains/de/test/auto/knownFailedTests/DirectFeedback.xml (RunModel)" time="0.012" />
  <testcase classname="ptolemy.util.test.junit.AutoKnownFailedTests" name="[2] /home/travis/build/icyphy/ptII/ptolemy/domains/de/test/auto/knownFailedTests/FSMSource.xml (RunModel)" time="0.015" />
  <testcase classname="ptolemy.util.test.junit.AutoKnownFailedTests" name="[3] /home/travis/build/icyphy/ptII/ptolemy/domains/de/test/auto/knownFailedTests/HierarchicalModel.xml (RunModel)" time="0.028" />
  <testcase classname="ptolemy.util.test.junit.AutoKnownFailedTests" name="[4] /home/travis/build/icyphy/ptII/ptolemy/domains/de/test/auto/knownFailedTests/dependencyLoop.xml (RunModel)" time="0.026" />
  <testcase classname="ptolemy.util.test.junit.AutoKnownFailedTests" name="[5] /home/travis/build/icyphy/ptII/ptolemy/domains/de/test/auto/knownFailedTests/dependencyLoop2.xml (RunModel)" time="0.03" />
  <testcase classname="ptolemy.util.test.junit.AutoNameArchTests" name="[0] ThereAreNoAutoTests (RunModel)" time="0.001" />
  <testcase classname="ptolemy.util.test.junit.AutoTests" name="[0] /home/travis/build/icyphy/ptII/ptolemy/domains/de/test/auto/ActorDepthCalculation_actorWithoutPorts.xml (RunModel)" time="0.018" />
  <testcase classname="ptolemy.util.test.junit.AutoTests" name="[1] /home/travis/build/icyphy/ptII/ptolemy/domains/de/test/auto/AssemblyLine.xml (RunModel)" time="0.01" />
  <testcase classname="ptolemy.util.test.junit.AutoTests" name="[2] /home/travis/build/icyphy/ptII/ptolemy/domains/de/test/auto/CQBug1.xml (RunModel)" time="0.005" />
  <testcase classname="ptolemy.util.test.junit.AutoTests" name="[3] /home/travis/build/icyphy/ptII/ptolemy/domains/de/test/auto/CancelFireAt.xml (RunModel)" time="0.004" />
  <testcase classname="ptolemy.util.test.junit.AutoTests" name="[4] /home/travis/build/icyphy/ptII/ptolemy/domains/de/test/auto/CausalityAndComposabilityAnalysis.xml (RunModel)" time="0.02" />
  <testcase classname="ptolemy.util.test.junit.AutoTests" name="[5] /home/travis/build/icyphy/ptII/ptolemy/domains/de/test/auto/CausalityInterface1.xml (RunModel)" time="0.01" />
  <testcase classname="ptolemy.util.test.junit.AutoTests" name="[6] /home/travis/build/icyphy/ptII/ptolemy/domains/de/test/auto/CausalityInterface15.xml (RunModel)" time="0.014" />
  <testcase classname="ptolemy.util.test.junit.AutoTests" name="[7] /home/travis/build/icyphy/ptII/ptolemy/domains/de/test/auto/CausalityInterface2.xml (RunModel)" time="0.008" />
  <testcase classname="ptolemy.util.test.junit.AutoTests" name="[8] /home/travis/build/icyphy/ptII/ptolemy/domains/de/test/auto/CausalityInterface3.xml (RunModel)" time="0.009" />
  <testcase classname="ptolemy.util.test.junit.AutoTests" name="[9] /home/travis/build/icyphy/ptII/ptolemy/domains/de/test/auto/ClockDrift.xml (RunModel)" time="0.023" />
  <testcase classname="ptolemy.util.test.junit.AutoTests" name="[10] /home/travis/build/icyphy/ptII/ptolemy/domains/de/test/auto/ClockDriftAndValueChange.xml (RunModel)" time="0.021" />
  <testcase classname="ptolemy.util.test.junit.AutoTests" name="[11] /home/travis/build/icyphy/ptII/ptolemy/domains/de/test/auto/ClockDriftChange.xml (RunModel)" time="0.018" />
  <testcase classname="ptolemy.util.test.junit.AutoTests" name="[12] /home/travis/build/icyphy/ptII/ptolemy/domains/de/test/auto/ComposableCausalityAnalysis.xml (RunModel)" time="0.013" />
  <testcase classname="ptolemy.util.test.junit.AutoTests" name="[13] /home/travis/build/icyphy/ptII/ptolemy/domains/de/test/auto/DEFixedPointLimitation.xml (RunModel)" time="0.006" />
  <testcase classname="ptolemy.util.test.junit.AutoTests" name="[14] /home/travis/build/icyphy/ptII/ptolemy/domains/de/test/auto/DEScheduleTest.xml (RunModel)" time="0.008" />
  <testcase classname="ptolemy.util.test.junit.AutoTests" name="[15] /home/travis/build/icyphy/ptII/ptolemy/domains/de/test/auto/DEinDEwithStartTimes.xml (RunModel)" time="0.009" />
  <testcase classname="ptolemy.util.test.junit.AutoTests" name="[16] /home/travis/build/icyphy/ptII/ptolemy/domains/de/test/auto/DEinDEwithStartTimes2.xml (RunModel)" time="0.01" />
  <testcase classname="ptolemy.util.test.junit.AutoTests" name="[17] /home/travis/build/icyphy/ptII/ptolemy/domains/de/test/auto/DateDemo.xml (RunModel)" time="0.018" />
  <testcase classname="ptolemy.util.test.junit.AutoTests" name="[18] /home/travis/build/icyphy/ptII/ptolemy/domains/de/test/auto/DateToEvent.xml (RunModel)" time="2.026" />
  <testcase classname="ptolemy.util.test.junit.AutoTests" name="[19] /home/travis/build/icyphy/ptII/ptolemy/domains/de/test/auto/DepthTest1.xml (RunModel)" time="0.008" />
  <testcase classname="ptolemy.util.test.junit.AutoTests" name="[20] /home/travis/build/icyphy/ptII/ptolemy/domains/de/test/auto/DepthTest2.xml (RunModel)" time="0.016" />
  <testcase classname="ptolemy.util.test.junit.AutoTests" name="[21] /home/travis/build/icyphy/ptII/ptolemy/domains/de/test/auto/DepthTest3.xml (RunModel)" time="0.009" />
  <testcase classname="ptolemy.util.test.junit.AutoTests" name="[22] /home/travis/build/icyphy/ptII/ptolemy/domains/de/test/auto/DepthTest4.xml (RunModel)" time="0.011" />
  <testcase classname="ptolemy.util.test.junit.AutoTests" name="[23] /home/travis/build/icyphy/ptII/ptolemy/domains/de/test/auto/DepthTest5.xml (RunModel)" time="0.012" />
  <testcase classname="ptolemy.util.test.junit.AutoTests" name="[24] /home/travis/build/icyphy/ptII/ptolemy/domains/de/test/auto/DepthTest6.xml (RunModel)" time="0.012" />
  <testcase classname="ptolemy.util.test.junit.AutoTests" name="[25] /home/travis/build/icyphy/ptII/ptolemy/domains/de/test/auto/DepthTest7.xml (RunModel)" time="0.01" />
  <testcase classname="ptolemy.util.test.junit.AutoTests" name="[26] /home/travis/build/icyphy/ptII/ptolemy/domains/de/test/auto/EventToDate.xml (RunModel)" time="3.033" />
  <testcase classname="ptolemy.util.test.junit.AutoTests" name="[27] /home/travis/build/icyphy/ptII/ptolemy/domains/de/test/auto/FSM1.xml (RunModel)" time="0.037" />
  <testcase classname="ptolemy.util.test.junit.AutoTests" name="[28] /home/travis/build/icyphy/ptII/ptolemy/domains/de/test/auto/FSM7.xml (RunModel)" time="0.041" />
  <testcase classname="ptolemy.util.test.junit.AutoTests" name="[29] /home/travis/build/icyphy/ptII/ptolemy/domains/de/test/auto/Inspection.xml (RunModel)" time="0.035" />
  <testcase classname="ptolemy.util.test.junit.AutoTests" name="[30] /home/travis/build/icyphy/ptII/ptolemy/domains/de/test/auto/Iteration.xml (RunModel)" time="0.017" />
  <testcase classname="ptolemy.util.test.junit.AutoTests" name="[31] /home/travis/build/icyphy/ptII/ptolemy/domains/de/test/auto/LineFault.xml (RunModel)" time="0.551" />
  <testcase classname="ptolemy.util.test.junit.AutoTests" name="[32] /home/travis/build/icyphy/ptII/ptolemy/domains/de/test/auto/MergeModel1Add.xml (RunModel)" time="0.035" />
  <testcase classname="ptolemy.util.test.junit.AutoTests" name="[33] /home/travis/build/icyphy/ptII/ptolemy/domains/de/test/auto/MergeModel2Add.xml (RunModel)" time="0.031" />
  <testcase classname="ptolemy.util.test.junit.AutoTests" name="[34] /home/travis/build/icyphy/ptII/ptolemy/domains/de/test/auto/MergeModel3Add.xml (RunModel)" time="0.037" />
  <testcase classname="ptolemy.util.test.junit.AutoTests" name="[35] /home/travis/build/icyphy/ptII/ptolemy/domains/de/test/auto/MergeWithoutDiscard.xml (RunModel)" time="0.011" />
  <testcase classname="ptolemy.util.test.junit.AutoTests" name="[36] /home/travis/build/icyphy/ptII/ptolemy/domains/de/test/auto/Modal1.xml (RunModel)" time="0.038" />
  <testcase classname="ptolemy.util.test.junit.AutoTests" name="[37] /home/travis/build/icyphy/ptII/ptolemy/domains/de/test/auto/Modal2.xml (RunModel)" time="0.029" />
  <testcase classname="ptolemy.util.test.junit.AutoTests" name="[38] /home/travis/build/icyphy/ptII/ptolemy/domains/de/test/auto/Modal3.xml (RunModel)" time="0.029" />
  <testcase classname="ptolemy.util.test.junit.AutoTests" name="[39] /home/travis/build/icyphy/ptII/ptolemy/domains/de/test/auto/Modal4.xml (RunModel)" time="0.028" />
  <testcase classname="ptolemy.util.test.junit.AutoTests" name="[40] /home/travis/build/icyphy/ptII/ptolemy/domains/de/test/auto/Modal5.xml (RunModel)" time="0.026" />
  <testcase classname="ptolemy.util.test.junit.AutoTests" name="[41] /home/travis/build/icyphy/ptII/ptolemy/domains/de/test/auto/Modal6.xml (RunModel)" time="0.026" />
  <testcase classname="ptolemy.util.test.junit.AutoTests" name="[42] /home/travis/build/icyphy/ptII/ptolemy/domains/de/test/auto/Modal7.xml (RunModel)" time="0.028" />
  <testcase classname="ptolemy.util.test.junit.AutoTests" name="[43] /home/travis/build/icyphy/ptII/ptolemy/domains/de/test/auto/ModalModel.xml (RunModel)" time="0.157" />
  <testcase classname="ptolemy.util.test.junit.AutoTests" name="[44] /home/travis/build/icyphy/ptII/ptolemy/domains/de/test/auto/ModalSource.xml (RunModel)" time="0.017" />
  <testcase classname="ptolemy.util.test.junit.AutoTests" name="[45] /home/travis/build/icyphy/ptII/ptolemy/domains/de/test/auto/NonInterruptibleTimerZeroDelay.xml (RunModel)" time="0.01" />
  <testcase classname="ptolemy.util.test.junit.AutoTests" name="[46] /home/travis/build/icyphy/ptII/ptolemy/domains/de/test/auto/OpenQueueingNetwork.xml (RunModel)" time="1.793" />
  <testcase classname="ptolemy.util.test.junit.AutoTests" name="[47] /home/travis/build/icyphy/ptII/ptolemy/domains/de/test/auto/OpenQueuingNetwork.xml (RunModel)" time="0.209" />
  <testcase classname="ptolemy.util.test.junit.AutoTests" name="[48] /home/travis/build/icyphy/ptII/ptolemy/domains/de/test/auto/PeriodicSampler.xml (RunModel)" time="0.01" />
  <testcase classname="ptolemy.util.test.junit.AutoTests" name="[49] /home/travis/build/icyphy/ptII/ptolemy/domains/de/test/auto/PersistentIO.xml (RunModel)" time="0.015" />
  <testcase classname="ptolemy.util.test.junit.AutoTests" name="[50] /home/travis/build/icyphy/ptII/ptolemy/domains/de/test/auto/PortParameterResetOnInitialize.xml (RunModel)" time="0.009" />
  <testcase classname="ptolemy.util.test.junit.AutoTests" name="[51] /home/travis/build/icyphy/ptII/ptolemy/domains/de/test/auto/PortParameterUpdates.xml (RunModel)" time="0.013" />
  <testcase classname="ptolemy.util.test.junit.AutoTests" name="[52] /home/travis/build/icyphy/ptII/ptolemy/domains/de/test/auto/QueueAndServer.xml (RunModel)" time="0.018" />
  <testcase classname="ptolemy.util.test.junit.AutoTests" name="[53] /home/travis/build/icyphy/ptII/ptolemy/domains/de/test/auto/Records.xml (RunModel)" time="0.012" />
  <testcase classname="ptolemy.util.test.junit.AutoTests" name="[54] /home/travis/build/icyphy/ptII/ptolemy/domains/de/test/auto/ResetTransitionWithStartTime1.xml (RunModel)" time="0.016" />
  <testcase classname="ptolemy.util.test.junit.AutoTests" name="[55] /home/travis/build/icyphy/ptII/ptolemy/domains/de/test/auto/ResetTransitionWithStartTime2.xml (RunModel)" time="0.015" />
  <testcase classname="ptolemy.util.test.junit.AutoTests" name="[56] /home/travis/build/icyphy/ptII/ptolemy/domains/de/test/auto/ResetTransitionWithStartTime3.xml (RunModel)" time="0.017" />
  <testcase classname="ptolemy.util.test.junit.AutoTests" name="[57] /home/travis/build/icyphy/ptII/ptolemy/domains/de/test/auto/ResetTransitionWithStartTime4.xml (RunModel)" time="0.016" />
  <testcase classname="ptolemy.util.test.junit.AutoTests" name="[58] /home/travis/build/icyphy/ptII/ptolemy/domains/de/test/auto/ResettableTimer1.xml (RunModel)" time="0.009" />
  <testcase classname="ptolemy.util.test.junit.AutoTests" name="[59] /home/travis/build/icyphy/ptII/ptolemy/domains/de/test/auto/ResettableTimer2.xml (RunModel)" time="0.009" />
  <testcase classname="ptolemy.util.test.junit.AutoTests" name="[60] /home/travis/build/icyphy/ptII/ptolemy/domains/de/test/auto/ResettableTimer3.xml (RunModel)" time="0.008" />
  <testcase classname="ptolemy.util.test.junit.AutoTests" name="[61] /home/travis/build/icyphy/ptII/ptolemy/domains/de/test/auto/ResettableTimer4.xml (RunModel)" time="0.008" />
  <testcase classname="ptolemy.util.test.junit.AutoTests" name="[62] /home/travis/build/icyphy/ptII/ptolemy/domains/de/test/auto/ResettableTimer5.xml (RunModel)" time="0.009" />
  <testcase classname="ptolemy.util.test.junit.AutoTests" name="[63] /home/travis/build/icyphy/ptII/ptolemy/domains/de/test/auto/ResettableTimer6.xml (RunModel)" time="0.009" />
  <testcase classname="ptolemy.util.test.junit.AutoTests" name="[64] /home/travis/build/icyphy/ptII/ptolemy/domains/de/test/auto/ServerZeroDelay.xml (RunModel)" time="0.009" />
  <testcase classname="ptolemy.util.test.junit.AutoTests" name="[65] /home/travis/build/icyphy/ptII/ptolemy/domains/de/test/auto/SmartSender.xml (RunModel)" time="3.008" />
  <testcase classname="ptolemy.util.test.junit.AutoTests" name="[66] /home/travis/build/icyphy/ptII/ptolemy/domains/de/test/auto/ThreadedComposite.xml (RunModel)" time="0.407" />
  <testcase classname="ptolemy.util.test.junit.AutoTests" name="[67] /home/travis/build/icyphy/ptII/ptolemy/domains/de/test/auto/Time.xml (RunModel)" time="0.409" />
  <testcase classname="ptolemy.util.test.junit.AutoTests" name="[68] /home/travis/build/icyphy/ptII/ptolemy/domains/de/test/auto/TimeDelayZeroDelay.xml (RunModel)" time="0.012" />
  <testcase classname="ptolemy.util.test.junit.AutoTests" name="[69] /home/travis/build/icyphy/ptII/ptolemy/domains/de/test/auto/TimerZeroDelay.xml (RunModel)" time="0.016" />
  <testcase classname="ptolemy.util.test.junit.AutoTests" name="[70] /home/travis/build/icyphy/ptII/ptolemy/domains/de/test/auto/TimingParadox.xml (RunModel)" time="0.34" />
  <testcase classname="ptolemy.util.test.junit.AutoTests" name="[71] /home/travis/build/icyphy/ptII/ptolemy/domains/de/test/auto/TransferInputs.xml (RunModel)" time="0.015" />
  <testcase classname="ptolemy.util.test.junit.AutoTests" name="[72] /home/travis/build/icyphy/ptII/ptolemy/domains/de/test/auto/TransferOutputs2.xml (RunModel)" time="0.014" />
  <testcase classname="ptolemy.util.test.junit.AutoTests" name="[73] /home/travis/build/icyphy/ptII/ptolemy/domains/de/test/auto/Trilateration.xml (RunModel)" time="11.32" />
  <testcase classname="ptolemy.util.test.junit.AutoTests" name="[74] /home/travis/build/icyphy/ptII/ptolemy/domains/de/test/auto/TwoSigmaDelta.xml (RunModel)" time="1.853" />
  <testcase classname="ptolemy.util.test.junit.AutoTests" name="[75] /home/travis/build/icyphy/ptII/ptolemy/domains/de/test/auto/VariableDelay.xml (RunModel)" time="0.008" />
  <testcase classname="ptolemy.util.test.junit.AutoTests" name="[76] /home/travis/build/icyphy/ptII/ptolemy/domains/de/test/auto/VariableDelay2.xml (RunModel)" time="0.008" />
  <testcase classname="ptolemy.util.test.junit.AutoTests" name="[77] /home/travis/build/icyphy/ptII/ptolemy/domains/de/test/auto/VariableDelayZeroDelay.xml (RunModel)" time="0.009" />
  <testcase classname="ptolemy.util.test.junit.AutoTests" name="[78] /home/travis/build/icyphy/ptII/ptolemy/domains/de/test/auto/VariableDelayZeroDelay2.xml (RunModel)" time="0.014" />
  <testcase classname="ptolemy.util.test.junit.AutoTests" name="[79] /home/travis/build/icyphy/ptII/ptolemy/domains/de/test/auto/deInCt.xml (RunModel)" time="0.013" />
  <testcase classname="ptolemy.util.test.junit.AutoTests" name="[80] /home/travis/build/icyphy/ptII/ptolemy/domains/de/test/auto/deInCt2.xml (RunModel)" time="0.012" />
  <testcase classname="ptolemy.util.test.junit.AutoTests" name="[81] /home/travis/build/icyphy/ptII/ptolemy/domains/de/test/auto/dynamicCausalityInterface1.xml (RunModel)" time="0.018" />
  <testcase classname="ptolemy.util.test.junit.AutoTests" name="[82] /home/travis/build/icyphy/ptII/ptolemy/domains/de/test/auto/fsm_de_test.xml (RunModel)" time="0.02" />
  <testcase classname="ptolemy.util.test.junit.AutoTests" name="[83] /home/travis/build/icyphy/ptII/ptolemy/domains/de/test/auto/functionDependencyReconstruction.xml (RunModel)" time="0.029" />
  <testcase classname="ptolemy.util.test.junit.AutoTests" name="[84] /home/travis/build/icyphy/ptII/ptolemy/domains/de/test/auto/multirate.xml (RunModel)" time="0.016" />
  <testcase classname="ptolemy.util.test.junit.AutoTests" name="[85] /home/travis/build/icyphy/ptII/ptolemy/domains/de/test/auto/multirate2.xml (RunModel)" time="0.013" />
  <testcase classname="ptolemy.util.test.junit.AutoTests" name="[86] /home/travis/build/icyphy/ptII/ptolemy/domains/de/test/auto/realtime.xml (RunModel)" time="10.01" />
  <testcase classname="ptolemy.util.test.junit.AutoTests" name="[87] /home/travis/build/icyphy/ptII/ptolemy/domains/de/test/auto/relationGroup.xml (RunModel)" time="0.007" />
  <testcase classname="ptolemy.util.test.junit.AutoTests" name="[88] /home/travis/build/icyphy/ptII/ptolemy/domains/de/test/auto/relationGroup2.xml (RunModel)" time="0.006" />
  <testcase classname="ptolemy.util.test.junit.AutoTests" name="[89] /home/travis/build/icyphy/ptII/ptolemy/domains/de/test/auto/sortWithOpaquePorts.xml (RunModel)" time="0.008" />
  <testcase classname="ptolemy.util.test.junit.AutoTests" name="[90] /home/travis/build/icyphy/ptII/ptolemy/domains/de/test/auto/transferInputsandOutputs.xml (RunModel)" time="0.014" />
  <testcase classname="ptolemy.util.test.junit.AutoTests" name="[91] /home/travis/build/icyphy/ptII/ptolemy/domains/de/test/auto/triggerType.xml (RunModel)" time="0.008" />
  <system-out><![CDATA[/home/travis/build/icyphy/ptII/ptolemy/domains/de/test/DependencyLoop.tcl
testDefs.tcl: setting time out to 9000 seconds at Tue May 29 01:18:09 UTC 2018
14 ms. Memory: 116224K Free: 95069K (82%)
9 ms. Memory: 116224K Free: 107648K (93%)
/home/travis/build/icyphy/ptII/ptolemy/domains/de/test/RunDETestsAsQSS.tcl
Run the DE tests using ptolemy.domains.qss.test.QSSDirectorTest, which extends QSSDirector and prints a message in the constructors.
------------------ testing $PTII/ptolemy/domains/de/test/auto/knownFailedTests/dependencyLoop.xml (Known Failure) 
7 ms. Memory: 116224K Free: 104489K (90%)


==== $PTIIhome/travis/build/icyphy/ptII/ptolemy/domains/de/test/../../../../: Auto Automatic test in file $PTII/ptolemy/domains/de/test/auto/knownFailedTests/dependencyLoop.xml
==== Contents of test case:

	    # FIXME: we should use $relativeFilename here, but it
	    # might have backslashes under Windows, which causes no end
	    # of trouble.
	    createAndExecute $file
	    list {}
	
.... Test generated KNOWN error:
    while executing
ptolemy.kernel.util.IllegalActionException: Found a zero delay loop containing .dependencyLoop.original
  in .dependencyLoop and .dependencyLoop.original
	at ptolemy.actor.util.CausalityInterfaceForComposites._computeOutputPortDepth(CausalityInterfaceForComposites.java:759)
	at ptolemy.actor.util.CausalityInterfaceForComposites._computeInputDepth(CausalityInterfaceForComposites.java:696)
	at ptolemy.actor.util.CausalityInterfaceForComposites._computeOutputPortDepth(CausalityInterfaceForComposites.java:765)
	at ptolemy.actor.util.CausalityInterfaceForComposites._computeInputDepth(CausalityInterfaceForComposites.java:696)
	at ptolemy.actor.util.CausalityInterfaceForComposites._computeOutputPortDepth(CausalityInterfaceForComposites.java:765)
	at ptolemy.actor.util.CausalityInterfaceForComposites._computeInputDepth(CausalityInterfaceForComposites.java:696)
	at ptolemy.actor.util.CausalityInterfaceForComposites._computeActorDepth(CausalityInterfaceForComposites.java:532)
	at ptolemy.actor.util.CausalityInterfaceForComposites.checkForCycles(CausalityInterfaceForComposites.java:96)
	at ptolemy.domains.de.kernel.DEDirector.preinitialize(DEDirector.java:1337)
	at ptolemy.actor.CompositeActor.preinitialize(CompositeActor.java:1828)
	at ptolemy.actor.Manager.preinitializeAndResolveTypes(Manager.java:1040)
	at ptolemy.actor.Manager.initialize(Manager.java:710)
	at ptolemy.actor.Manager.execute(Manager.java:356)
	at ptolemy.actor.Manager.run(Manager.java:1263)
	at ptolemy.actor.Manager$PtolemyRunThread.run(Manager.java:1915)

    while executing
ptolemy.kernel.util.IllegalActionException: Found a zero delay loop containing .dependencyLoop.original
  in .dependencyLoop and .dependencyLoop.original
    while executing
"java::new ptolemy.moml.MoMLSimpleApplication $file
"
    (procedure "createAndExecute" line 2)
    invoked from within
"createAndExecute $file"
    ("uplevel" body line 5)
    invoked from within
"uplevel $contents_of_test"
------------------ testing $PTII/ptolemy/domains/de/test/auto/knownFailedTests/DESDFClockTest.xml (Known Failure) 
2062 ms. Memory: 116224K Free: 89639K (77%)


==== $PTIIhome/travis/build/icyphy/ptII/ptolemy/domains/de/test/../../../../: Auto Automatic test in file $PTII/ptolemy/domains/de/test/auto/knownFailedTests/DESDFClockTest.xml
==== Contents of test case:

	    # FIXME: we should use $relativeFilename here, but it
	    # might have backslashes under Windows, which causes no end
	    # of trouble.
	    createAndExecute $file
	    list {}
	
.... Test generated KNOWN error:
    while executing
ptolemy.kernel.util.IllegalActionException: Actor is not ready to fire.  Perhaps UpSample.prefire() returned false? Try debugging the actor by selecting "Listen to Actor".  Also, for SDF check moml for tokenConsumptionRate on input.
  in .DESDFClockTest.Play Bell.Copy1:SDF Director and .DESDFClockTest.Play Bell.UpSample
	at ptolemy.actor.sched.StaticSchedulingDirector.fire(StaticSchedulingDirector.java:227)
	at ptolemy.domains.sdf.kernel.SDFDirector.fire(SDFDirector.java:500)
	at ptolemy.actor.CompositeActor.fire(CompositeActor.java:455)
	at ptolemy.domains.de.kernel.DEDirector._fire(DEDirector.java:1948)
	at ptolemy.domains.de.kernel.DEDirector.fire(DEDirector.java:502)
	at ptolemy.actor.CompositeActor.fire(CompositeActor.java:455)
	at ptolemy.actor.Manager.iterate(Manager.java:851)
	at ptolemy.actor.Manager.execute(Manager.java:369)
	at ptolemy.actor.Manager.run(Manager.java:1263)
	at ptolemy.actor.Manager$PtolemyRunThread.run(Manager.java:1915)

    while executing
ptolemy.kernel.util.IllegalActionException: Actor is not ready to fire.  Perhaps UpSample.prefire() returned false? Try debugging the actor by selecting "Listen to Actor".  Also, for SDF check moml for tokenConsumptionRate on input.
  in .DESDFClockTest.Play Bell.Copy1:SDF Director and .DESDFClockTest.Play Bell.UpSample
    while executing
"java::new ptolemy.moml.MoMLSimpleApplication $file
"
    (procedure "createAndExecute" line 2)
    invoked from within
"createAndExecute $file"
    ("uplevel" body line 5)
    invoked from within
"uplevel $contents_of_test"
------------------ testing $PTII/ptolemy/domains/de/test/auto/knownFailedTests/FSMSource.xml (Known Failure) 
30 ms. Memory: 116224K Free: 111570K (96%)
!!!! Auto was marked as failing, but now passes
------------------ testing $PTII/ptolemy/domains/de/test/auto/knownFailedTests/dependencyLoop2.xml (Known Failure) 
5 ms. Memory: 116224K Free: 93698K (81%)


==== $PTIIhome/travis/build/icyphy/ptII/ptolemy/domains/de/test/../../../../: Auto Automatic test in file $PTII/ptolemy/domains/de/test/auto/knownFailedTests/dependencyLoop2.xml
==== Contents of test case:

	    # FIXME: we should use $relativeFilename here, but it
	    # might have backslashes under Windows, which causes no end
	    # of trouble.
	    createAndExecute $file
	    list {}
	
.... Test generated KNOWN error:
    while executing
ptolemy.kernel.util.IllegalActionException: Found a zero delay loop containing .dependencyLoop2.original
  in .dependencyLoop2 and .dependencyLoop2.original
	at ptolemy.actor.util.CausalityInterfaceForComposites._computeOutputPortDepth(CausalityInterfaceForComposites.java:759)
	at ptolemy.actor.util.CausalityInterfaceForComposites._computeInputDepth(CausalityInterfaceForComposites.java:696)
	at ptolemy.actor.util.CausalityInterfaceForComposites._computeOutputPortDepth(CausalityInterfaceForComposites.java:765)
	at ptolemy.actor.util.CausalityInterfaceForComposites._computeInputDepth(CausalityInterfaceForComposites.java:696)
	at ptolemy.actor.util.CausalityInterfaceForComposites._computeOutputPortDepth(CausalityInterfaceForComposites.java:765)
	at ptolemy.actor.util.CausalityInterfaceForComposites._computeInputDepth(CausalityInterfaceForComposites.java:696)
	at ptolemy.actor.util.CausalityInterfaceForComposites._computeActorDepth(CausalityInterfaceForComposites.java:532)
	at ptolemy.actor.util.CausalityInterfaceForComposites.checkForCycles(CausalityInterfaceForComposites.java:96)
	at ptolemy.domains.de.kernel.DEDirector.preinitialize(DEDirector.java:1337)
	at ptolemy.actor.CompositeActor.preinitialize(CompositeActor.java:1828)
	at ptolemy.actor.Manager.preinitializeAndResolveTypes(Manager.java:1040)
	at ptolemy.actor.Manager.initialize(Manager.java:710)
	at ptolemy.actor.Manager.execute(Manager.java:356)
	at ptolemy.actor.Manager.run(Manager.java:1263)
	at ptolemy.actor.Manager$PtolemyRunThread.run(Manager.java:1915)

    while executing
ptolemy.kernel.util.IllegalActionException: Found a zero delay loop containing .dependencyLoop2.original
  in .dependencyLoop2 and .dependencyLoop2.original
    while executing
"java::new ptolemy.moml.MoMLSimpleApplication $file
"
    (procedure "createAndExecute" line 2)
    invoked from within
"createAndExecute $file"
    ("uplevel" body line 5)
    invoked from within
"uplevel $contents_of_test"
------------------ testing $PTII/ptolemy/domains/de/test/auto/knownFailedTests/HierarchicalModel.xml (Known Failure) 
8 ms. Memory: 146944K Free: 134529K (92%)


==== $PTIIhome/travis/build/icyphy/ptII/ptolemy/domains/de/test/../../../../: Auto Automatic test in file $PTII/ptolemy/domains/de/test/auto/knownFailedTests/HierarchicalModel.xml
==== Contents of test case:

	    # FIXME: we should use $relativeFilename here, but it
	    # might have backslashes under Windows, which causes no end
	    # of trouble.
	    createAndExecute $file
	    list {}
	
.... Test generated KNOWN error:
    while executing
ptolemy.kernel.util.IllegalActionException: Found a zero delay loop containing .HierarchicalModel.A
  in .HierarchicalModel and .HierarchicalModel.A
	at ptolemy.actor.util.CausalityInterfaceForComposites._computeOutputPortDepth(CausalityInterfaceForComposites.java:759)
	at ptolemy.actor.util.CausalityInterfaceForComposites._computeInputDepth(CausalityInterfaceForComposites.java:696)
	at ptolemy.actor.util.CausalityInterfaceForComposites._computeOutputPortDepth(CausalityInterfaceForComposites.java:765)
	at ptolemy.actor.util.CausalityInterfaceForComposites._computeInputDepth(CausalityInterfaceForComposites.java:696)
	at ptolemy.actor.util.CausalityInterfaceForComposites._computeOutputPortDepth(CausalityInterfaceForComposites.java:765)
	at ptolemy.actor.util.CausalityInterfaceForComposites._computeInputDepth(CausalityInterfaceForComposites.java:696)
	at ptolemy.actor.util.CausalityInterfaceForComposites._computeActorDepth(CausalityInterfaceForComposites.java:532)
	at ptolemy.actor.util.CausalityInterfaceForComposites.checkForCycles(CausalityInterfaceForComposites.java:96)
	at ptolemy.domains.de.kernel.DEDirector.preinitialize(DEDirector.java:1337)
	at ptolemy.actor.CompositeActor.preinitialize(CompositeActor.java:1828)
	at ptolemy.actor.Manager.preinitializeAndResolveTypes(Manager.java:1040)
	at ptolemy.actor.Manager.initialize(Manager.java:710)
	at ptolemy.actor.Manager.execute(Manager.java:356)
	at ptolemy.actor.Manager.run(Manager.java:1263)
	at ptolemy.actor.Manager$PtolemyRunThread.run(Manager.java:1915)

    while executing
ptolemy.kernel.util.IllegalActionException: Found a zero delay loop containing .HierarchicalModel.A
  in .HierarchicalModel and .HierarchicalModel.A
    while executing
"java::new ptolemy.moml.MoMLSimpleApplication $file
"
    (procedure "createAndExecute" line 2)
    invoked from within
"createAndExecute $file"
    ("uplevel" body line 5)
    invoked from within
"uplevel $contents_of_test"
------------------ testing $PTII/ptolemy/domains/de/test/auto/knownFailedTests/DirectFeedback.xml (Known Failure) 
9 ms. Memory: 146944K Free: 129489K (88%)


==== $PTIIhome/travis/build/icyphy/ptII/ptolemy/domains/de/test/../../../../: Auto Automatic test in file $PTII/ptolemy/domains/de/test/auto/knownFailedTests/DirectFeedback.xml
==== Contents of test case:

	    # FIXME: we should use $relativeFilename here, but it
	    # might have backslashes under Windows, which causes no end
	    # of trouble.
	    createAndExecute $file
	    list {}
	
.... Test generated KNOWN error:
    while executing
ptolemy.kernel.util.IllegalActionException: Test fails in iteration 1.
Value was: 1.0. Should have been: 2.0
  in .DirectFeedback.Test
	at ptolemy.actor.lib.Test.fire(Test.java:268)
	at ptolemy.domains.de.kernel.DEDirector._fire(DEDirector.java:1948)
	at ptolemy.domains.de.kernel.DEDirector.fire(DEDirector.java:502)
	at ptolemy.actor.CompositeActor.fire(CompositeActor.java:455)
	at ptolemy.actor.Manager.iterate(Manager.java:851)
	at ptolemy.actor.Manager.execute(Manager.java:369)
	at ptolemy.actor.Manager.run(Manager.java:1263)
	at ptolemy.actor.Manager$PtolemyRunThread.run(Manager.java:1915)

    while executing
ptolemy.kernel.util.IllegalActionException: Test fails in iteration 1.
Value was: 1.0. Should have been: 2.0
  in .DirectFeedback.Test
    while executing
"java::new ptolemy.moml.MoMLSimpleApplication $file
"
    (procedure "createAndExecute" line 2)
    invoked from within
"createAndExecute $file"
    ("uplevel" body line 5)
    invoked from within
"uplevel $contents_of_test"
------------------ testing $PTII/ptolemy/domains/de/test/auto/ActorDepthCalculation_actorWithoutPorts.xml
auto.tcl: Setting watchdog for 200 seconds at Tue May 29 01:18:12 UTC 2018
8 ms. Memory: 146944K Free: 121756K (83%)
ptolemy.util.test.WatchDog.cancel(): canceling Tue May 29 01:18:12 UTC 2018
auto.tcl: Setting watchdog for 200 seconds at Tue May 29 01:18:12 UTC 2018
6 ms. Memory: 146944K Free: 119646K (81%)
ptolemy.util.test.WatchDog.cancel(): canceling Tue May 29 01:18:12 UTC 2018
------------------ testing $PTII/ptolemy/domains/de/test/auto/AssemblyLine.xml
auto.tcl: Setting watchdog for 200 seconds at Tue May 29 01:18:12 UTC 2018
49 ms. Memory: 146944K Free: 127588K (87%)
ptolemy.util.test.WatchDog.cancel(): canceling Tue May 29 01:18:13 UTC 2018
auto.tcl: Setting watchdog for 200 seconds at Tue May 29 01:18:13 UTC 2018
6 ms. Memory: 146944K Free: 126542K (86%)
ptolemy.util.test.WatchDog.cancel(): canceling Tue May 29 01:18:13 UTC 2018
------------------ testing $PTII/ptolemy/domains/de/test/auto/CQBug1.xml
auto.tcl: Setting watchdog for 200 seconds at Tue May 29 01:18:13 UTC 2018
4 ms. Memory: 146944K Free: 138323K (94%)
ptolemy.util.test.WatchDog.cancel(): canceling Tue May 29 01:18:13 UTC 2018
auto.tcl: Setting watchdog for 200 seconds at Tue May 29 01:18:13 UTC 2018
2 ms. Memory: 146944K Free: 138323K (94%)
ptolemy.util.test.WatchDog.cancel(): canceling Tue May 29 01:18:13 UTC 2018
------------------ testing $PTII/ptolemy/domains/de/test/auto/CancelFireAt.xml
auto.tcl: Setting watchdog for 200 seconds at Tue May 29 01:18:13 UTC 2018
3 ms. Memory: 146944K Free: 140407K (96%)
ptolemy.util.test.WatchDog.cancel(): canceling Tue May 29 01:18:13 UTC 2018
auto.tcl: Setting watchdog for 200 seconds at Tue May 29 01:18:13 UTC 2018
3 ms. Memory: 146944K Free: 139362K (95%)
ptolemy.util.test.WatchDog.cancel(): canceling Tue May 29 01:18:13 UTC 2018
------------------ testing $PTII/ptolemy/domains/de/test/auto/CausalityAndComposabilityAnalysis.xml
auto.tcl: Setting watchdog for 200 seconds at Tue May 29 01:18:13 UTC 2018
8 ms. Memory: 146944K Free: 137075K (93%)
ptolemy.util.test.WatchDog.cancel(): canceling Tue May 29 01:18:13 UTC 2018
auto.tcl: Setting watchdog for 200 seconds at Tue May 29 01:18:13 UTC 2018
5 ms. Memory: 146944K Free: 137075K (93%)
ptolemy.util.test.WatchDog.cancel(): canceling Tue May 29 01:18:13 UTC 2018
------------------ testing $PTII/ptolemy/domains/de/test/auto/CausalityInterface1.xml
auto.tcl: Setting watchdog for 200 seconds at Tue May 29 01:18:13 UTC 2018
15 ms. Memory: 146944K Free: 136289K (93%)
ptolemy.util.test.WatchDog.cancel(): canceling Tue May 29 01:18:13 UTC 2018
auto.tcl: Setting watchdog for 200 seconds at Tue May 29 01:18:13 UTC 2018
3 ms. Memory: 146944K Free: 135244K (92%)
ptolemy.util.test.WatchDog.cancel(): canceling Tue May 29 01:18:13 UTC 2018
------------------ testing $PTII/ptolemy/domains/de/test/auto/CausalityInterface15.xml
auto.tcl: Setting watchdog for 200 seconds at Tue May 29 01:18:13 UTC 2018
4 ms. Memory: 146944K Free: 135235K (92%)
ptolemy.util.test.WatchDog.cancel(): canceling Tue May 29 01:18:13 UTC 2018
auto.tcl: Setting watchdog for 200 seconds at Tue May 29 01:18:13 UTC 2018
4 ms. Memory: 146944K Free: 134190K (91%)
ptolemy.util.test.WatchDog.cancel(): canceling Tue May 29 01:18:13 UTC 2018
------------------ testing $PTII/ptolemy/domains/de/test/auto/CausalityInterface2.xml
auto.tcl: Setting watchdog for 200 seconds at Tue May 29 01:18:13 UTC 2018
9 ms. Memory: 146944K Free: 136264K (93%)
ptolemy.util.test.WatchDog.cancel(): canceling Tue May 29 01:18:13 UTC 2018
auto.tcl: Setting watchdog for 200 seconds at Tue May 29 01:18:13 UTC 2018
3 ms. Memory: 146944K Free: 136264K (93%)
ptolemy.util.test.WatchDog.cancel(): canceling Tue May 29 01:18:13 UTC 2018
------------------ testing $PTII/ptolemy/domains/de/test/auto/CausalityInterface3.xml
auto.tcl: Setting watchdog for 200 seconds at Tue May 29 01:18:13 UTC 2018
3 ms. Memory: 146944K Free: 136275K (93%)
ptolemy.util.test.WatchDog.cancel(): canceling Tue May 29 01:18:13 UTC 2018
auto.tcl: Setting watchdog for 200 seconds at Tue May 29 01:18:13 UTC 2018
5 ms. Memory: 146944K Free: 135230K (92%)
ptolemy.util.test.WatchDog.cancel(): canceling Tue May 29 01:18:13 UTC 2018
------------------ testing $PTII/ptolemy/domains/de/test/auto/ClockDrift.xml
auto.tcl: Setting watchdog for 200 seconds at Tue May 29 01:18:13 UTC 2018
84 ms. Memory: 146944K Free: 128148K (87%)
ptolemy.util.test.WatchDog.cancel(): canceling Tue May 29 01:18:14 UTC 2018
auto.tcl: Setting watchdog for 200 seconds at Tue May 29 01:18:14 UTC 2018
52 ms. Memory: 146944K Free: 125013K (85%)
ptolemy.util.test.WatchDog.cancel(): canceling Tue May 29 01:18:14 UTC 2018
------------------ testing $PTII/ptolemy/domains/de/test/auto/ClockDriftAndValueChange.xml
auto.tcl: Setting watchdog for 200 seconds at Tue May 29 01:18:14 UTC 2018
42 ms. Memory: 146944K Free: 127985K (87%)
ptolemy.util.test.WatchDog.cancel(): canceling Tue May 29 01:18:14 UTC 2018
auto.tcl: Setting watchdog for 200 seconds at Tue May 29 01:18:14 UTC 2018
37 ms. Memory: 146944K Free: 124849K (85%)
ptolemy.util.test.WatchDog.cancel(): canceling Tue May 29 01:18:14 UTC 2018
------------------ testing $PTII/ptolemy/domains/de/test/auto/ClockDriftChange.xml
auto.tcl: Setting watchdog for 200 seconds at Tue May 29 01:18:14 UTC 2018
19 ms. Memory: 146944K Free: 130671K (89%)
ptolemy.util.test.WatchDog.cancel(): canceling Tue May 29 01:18:14 UTC 2018
auto.tcl: Setting watchdog for 200 seconds at Tue May 29 01:18:14 UTC 2018
18 ms. Memory: 146944K Free: 128580K (88%)
ptolemy.util.test.WatchDog.cancel(): canceling Tue May 29 01:18:14 UTC 2018
------------------ testing $PTII/ptolemy/domains/de/test/auto/ComposableCausalityAnalysis.xml
auto.tcl: Setting watchdog for 200 seconds at Tue May 29 01:18:14 UTC 2018
3 ms. Memory: 146944K Free: 135091K (92%)
ptolemy.util.test.WatchDog.cancel(): canceling Tue May 29 01:18:14 UTC 2018
auto.tcl: Setting watchdog for 200 seconds at Tue May 29 01:18:14 UTC 2018
2 ms. Memory: 146944K Free: 134046K (91%)
ptolemy.util.test.WatchDog.cancel(): canceling Tue May 29 01:18:14 UTC 2018
------------------ testing $PTII/ptolemy/domains/de/test/auto/DEFixedPointLimitation.xml
auto.tcl: Setting watchdog for 200 seconds at Tue May 29 01:18:14 UTC 2018
2 ms. Memory: 146944K Free: 136217K (93%)
ptolemy.util.test.WatchDog.cancel(): canceling Tue May 29 01:18:14 UTC 2018
auto.tcl: Setting watchdog for 200 seconds at Tue May 29 01:18:14 UTC 2018
2 ms. Memory: 146944K Free: 136217K (93%)
ptolemy.util.test.WatchDog.cancel(): canceling Tue May 29 01:18:14 UTC 2018
------------------ testing $PTII/ptolemy/domains/de/test/auto/DEScheduleTest.xml
auto.tcl: Setting watchdog for 200 seconds at Tue May 29 01:18:14 UTC 2018
5 ms. Memory: 146944K Free: 137298K (93%)
ptolemy.util.test.WatchDog.cancel(): canceling Tue May 29 01:18:14 UTC 2018
auto.tcl: Setting watchdog for 200 seconds at Tue May 29 01:18:14 UTC 2018
5 ms. Memory: 146944K Free: 136253K (93%)
ptolemy.util.test.WatchDog.cancel(): canceling Tue May 29 01:18:14 UTC 2018
------------------ testing $PTII/ptolemy/domains/de/test/auto/DEinDEwithStartTimes.xml
auto.tcl: Setting watchdog for 200 seconds at Tue May 29 01:18:14 UTC 2018
5 ms. Memory: 146944K Free: 135177K (92%)
ptolemy.util.test.WatchDog.cancel(): canceling Tue May 29 01:18:14 UTC 2018
auto.tcl: Setting watchdog for 200 seconds at Tue May 29 01:18:14 UTC 2018
5 ms. Memory: 146944K Free: 134132K (91%)
ptolemy.util.test.WatchDog.cancel(): canceling Tue May 29 01:18:14 UTC 2018
------------------ testing $PTII/ptolemy/domains/de/test/auto/DEinDEwithStartTimes2.xml
auto.tcl: Setting watchdog for 200 seconds at Tue May 29 01:18:14 UTC 2018
8 ms. Memory: 146944K Free: 135266K (92%)
ptolemy.util.test.WatchDog.cancel(): canceling Tue May 29 01:18:14 UTC 2018
auto.tcl: Setting watchdog for 200 seconds at Tue May 29 01:18:14 UTC 2018
4 ms. Memory: 146944K Free: 134111K (91%)
ptolemy.util.test.WatchDog.cancel(): canceling Tue May 29 01:18:14 UTC 2018
------------------ testing $PTII/ptolemy/domains/de/test/auto/DateDemo.xml
auto.tcl: Setting watchdog for 200 seconds at Tue May 29 01:18:14 UTC 2018
19 ms. Memory: 146944K Free: 129267K (88%)
ptolemy.util.test.WatchDog.cancel(): canceling Tue May 29 01:18:14 UTC 2018
auto.tcl: Setting watchdog for 200 seconds at Tue May 29 01:18:14 UTC 2018
8 ms. Memory: 146944K Free: 127177K (87%)
ptolemy.util.test.WatchDog.cancel(): canceling Tue May 29 01:18:14 UTC 2018
------------------ testing $PTII/ptolemy/domains/de/test/auto/DateToEvent.xml
auto.tcl: Setting watchdog for 200 seconds at Tue May 29 01:18:14 UTC 2018
2019 ms. Memory: 146944K Free: 123412K (84%)
ptolemy.util.test.WatchDog.cancel(): canceling Tue May 29 01:18:17 UTC 2018
auto.tcl: Setting watchdog for 200 seconds at Tue May 29 01:18:17 UTC 2018
2004 ms. Memory: 146944K Free: 121138K (82%)
ptolemy.util.test.WatchDog.cancel(): canceling Tue May 29 01:18:19 UTC 2018
------------------ testing $PTII/ptolemy/domains/de/test/auto/DepthTest1.xml
auto.tcl: Setting watchdog for 200 seconds at Tue May 29 01:18:19 UTC 2018
4 ms. Memory: 146944K Free: 138597K (94%)
ptolemy.util.test.WatchDog.cancel(): canceling Tue May 29 01:18:19 UTC 2018
auto.tcl: Setting watchdog for 200 seconds at Tue May 29 01:18:19 UTC 2018
2 ms. Memory: 146944K Free: 138597K (94%)
ptolemy.util.test.WatchDog.cancel(): canceling Tue May 29 01:18:19 UTC 2018
------------------ testing $PTII/ptolemy/domains/de/test/auto/DepthTest2.xml
auto.tcl: Setting watchdog for 200 seconds at Tue May 29 01:18:19 UTC 2018
3 ms. Memory: 146944K Free: 134091K (91%)
ptolemy.util.test.WatchDog.cancel(): canceling Tue May 29 01:18:19 UTC 2018
auto.tcl: Setting watchdog for 200 seconds at Tue May 29 01:18:19 UTC 2018
2 ms. Memory: 146944K Free: 134091K (91%)
ptolemy.util.test.WatchDog.cancel(): canceling Tue May 29 01:18:19 UTC 2018
------------------ testing $PTII/ptolemy/domains/de/test/auto/DepthTest3.xml
auto.tcl: Setting watchdog for 200 seconds at Tue May 29 01:18:19 UTC 2018
2 ms. Memory: 146944K Free: 138931K (95%)
ptolemy.util.test.WatchDog.cancel(): canceling Tue May 29 01:18:19 UTC 2018
auto.tcl: Setting watchdog for 200 seconds at Tue May 29 01:18:19 UTC 2018
2 ms. Memory: 146944K Free: 138931K (95%)
ptolemy.util.test.WatchDog.cancel(): canceling Tue May 29 01:18:19 UTC 2018
------------------ testing $PTII/ptolemy/domains/de/test/auto/DepthTest4.xml
auto.tcl: Setting watchdog for 200 seconds at Tue May 29 01:18:19 UTC 2018
5 ms. Memory: 146944K Free: 136204K (93%)
ptolemy.util.test.WatchDog.cancel(): canceling Tue May 29 01:18:19 UTC 2018
auto.tcl: Setting watchdog for 200 seconds at Tue May 29 01:18:19 UTC 2018
2 ms. Memory: 146944K Free: 135159K (92%)
ptolemy.util.test.WatchDog.cancel(): canceling Tue May 29 01:18:19 UTC 2018
------------------ testing $PTII/ptolemy/domains/de/test/auto/DepthTest5.xml
auto.tcl: Setting watchdog for 200 seconds at Tue May 29 01:18:19 UTC 2018
3 ms. Memory: 146944K Free: 135216K (92%)
ptolemy.util.test.WatchDog.cancel(): canceling Tue May 29 01:18:19 UTC 2018
auto.tcl: Setting watchdog for 200 seconds at Tue May 29 01:18:19 UTC 2018
2 ms. Memory: 146944K Free: 135106K (92%)
ptolemy.util.test.WatchDog.cancel(): canceling Tue May 29 01:18:19 UTC 2018
------------------ testing $PTII/ptolemy/domains/de/test/auto/DepthTest6.xml
auto.tcl: Setting watchdog for 200 seconds at Tue May 29 01:18:19 UTC 2018
7 ms. Memory: 146944K Free: 135176K (92%)
ptolemy.util.test.WatchDog.cancel(): canceling Tue May 29 01:18:19 UTC 2018
auto.tcl: Setting watchdog for 200 seconds at Tue May 29 01:18:19 UTC 2018
2 ms. Memory: 146944K Free: 135176K (92%)
ptolemy.util.test.WatchDog.cancel(): canceling Tue May 29 01:18:19 UTC 2018
------------------ testing $PTII/ptolemy/domains/de/test/auto/DepthTest7.xml
auto.tcl: Setting watchdog for 200 seconds at Tue May 29 01:18:19 UTC 2018
2 ms. Memory: 146944K Free: 136107K (93%)
ptolemy.util.test.WatchDog.cancel(): canceling Tue May 29 01:18:19 UTC 2018
auto.tcl: Setting watchdog for 200 seconds at Tue May 29 01:18:19 UTC 2018
2 ms. Memory: 146944K Free: 135062K (92%)
ptolemy.util.test.WatchDog.cancel(): canceling Tue May 29 01:18:19 UTC 2018
------------------ testing $PTII/ptolemy/domains/de/test/auto/EventToDate.xml
auto.tcl: Setting watchdog for 200 seconds at Tue May 29 01:18:19 UTC 2018
3005 ms. Memory: 146944K Free: 125677K (86%)
ptolemy.util.test.WatchDog.cancel(): canceling Tue May 29 01:18:22 UTC 2018
auto.tcl: Setting watchdog for 200 seconds at Tue May 29 01:18:22 UTC 2018
3004 ms. Memory: 146944K Free: 125677K (86%)
ptolemy.util.test.WatchDog.cancel(): canceling Tue May 29 01:18:25 UTC 2018
------------------ testing $PTII/ptolemy/domains/de/test/auto/FSM1.xml
auto.tcl: Setting watchdog for 200 seconds at Tue May 29 01:18:25 UTC 2018
32 ms. Memory: 146944K Free: 128062K (87%)
ptolemy.util.test.WatchDog.cancel(): canceling Tue May 29 01:18:25 UTC 2018
auto.tcl: Setting watchdog for 200 seconds at Tue May 29 01:18:25 UTC 2018
14 ms. Memory: 146944K Free: 124878K (85%)
ptolemy.util.test.WatchDog.cancel(): canceling Tue May 29 01:18:25 UTC 2018
------------------ testing $PTII/ptolemy/domains/de/test/auto/FSM7.xml
auto.tcl: Setting watchdog for 200 seconds at Tue May 29 01:18:25 UTC 2018
25 ms. Memory: 146944K Free: 127182K (87%)
ptolemy.util.test.WatchDog.cancel(): canceling Tue May 29 01:18:25 UTC 2018
auto.tcl: Setting watchdog for 200 seconds at Tue May 29 01:18:25 UTC 2018
23 ms. Memory: 146944K Free: 123998K (84%)
ptolemy.util.test.WatchDog.cancel(): canceling Tue May 29 01:18:25 UTC 2018
------------------ testing $PTII/ptolemy/domains/de/test/auto/Inspection.xml
auto.tcl: Setting watchdog for 200 seconds at Tue May 29 01:18:25 UTC 2018
34 ms. Memory: 146944K Free: 128108K (87%)
ptolemy.util.test.WatchDog.cancel(): canceling Tue May 29 01:18:26 UTC 2018
auto.tcl: Setting watchdog for 200 seconds at Tue May 29 01:18:26 UTC 2018
32 ms. Memory: 146944K Free: 126001K (86%)
ptolemy.util.test.WatchDog.cancel(): canceling Tue May 29 01:18:26 UTC 2018
------------------ testing $PTII/ptolemy/domains/de/test/auto/Iteration.xml
auto.tcl: Setting watchdog for 200 seconds at Tue May 29 01:18:26 UTC 2018
6 ms. Memory: 146944K Free: 133787K (91%)
ptolemy.util.test.WatchDog.cancel(): canceling Tue May 29 01:18:26 UTC 2018
auto.tcl: Setting watchdog for 200 seconds at Tue May 29 01:18:26 UTC 2018
6 ms. Memory: 146944K Free: 132741K (90%)
ptolemy.util.test.WatchDog.cancel(): canceling Tue May 29 01:18:26 UTC 2018
------------------ testing $PTII/ptolemy/domains/de/test/auto/LineFault.xml
auto.tcl: Setting watchdog for 200 seconds at Tue May 29 01:18:26 UTC 2018
486 ms. Memory: 146944K Free: 138095K (94%)
ptolemy.util.test.WatchDog.cancel(): canceling Tue May 29 01:18:26 UTC 2018
auto.tcl: Setting watchdog for 200 seconds at Tue May 29 01:18:26 UTC 2018
376 ms. Memory: 146944K Free: 81954K (56%)
ptolemy.util.test.WatchDog.cancel(): canceling Tue May 29 01:18:27 UTC 2018
------------------ testing $PTII/ptolemy/domains/de/test/auto/MergeModel1Add.xml
auto.tcl: Setting watchdog for 200 seconds at Tue May 29 01:18:27 UTC 2018
11 ms. Memory: 209920K Free: 180498K (86%)
ptolemy.util.test.WatchDog.cancel(): canceling Tue May 29 01:18:27 UTC 2018
auto.tcl: Setting watchdog for 200 seconds at Tue May 29 01:18:27 UTC 2018
6 ms. Memory: 209920K Free: 178597K (85%)
ptolemy.util.test.WatchDog.cancel(): canceling Tue May 29 01:18:27 UTC 2018
------------------ testing $PTII/ptolemy/domains/de/test/auto/MergeModel2Add.xml
auto.tcl: Setting watchdog for 200 seconds at Tue May 29 01:18:27 UTC 2018
5 ms. Memory: 210432K Free: 184268K (88%)
ptolemy.util.test.WatchDog.cancel(): canceling Tue May 29 01:18:27 UTC 2018
auto.tcl: Setting watchdog for 200 seconds at Tue May 29 01:18:27 UTC 2018
7 ms. Memory: 210432K Free: 182382K (87%)
ptolemy.util.test.WatchDog.cancel(): canceling Tue May 29 01:18:27 UTC 2018
------------------ testing $PTII/ptolemy/domains/de/test/auto/MergeModel3Add.xml
auto.tcl: Setting watchdog for 200 seconds at Tue May 29 01:18:27 UTC 2018
8 ms. Memory: 209920K Free: 183646K (87%)
ptolemy.util.test.WatchDog.cancel(): canceling Tue May 29 01:18:27 UTC 2018
auto.tcl: Setting watchdog for 200 seconds at Tue May 29 01:18:27 UTC 2018
7 ms. Memory: 209920K Free: 181753K (87%)
ptolemy.util.test.WatchDog.cancel(): canceling Tue May 29 01:18:27 UTC 2018
------------------ testing $PTII/ptolemy/domains/de/test/auto/MergeWithoutDiscard.xml
auto.tcl: Setting watchdog for 200 seconds at Tue May 29 01:18:27 UTC 2018
5 ms. Memory: 210432K Free: 198862K (95%)
ptolemy.util.test.WatchDog.cancel(): canceling Tue May 29 01:18:27 UTC 2018
auto.tcl: Setting watchdog for 200 seconds at Tue May 29 01:18:27 UTC 2018
2 ms. Memory: 210432K Free: 198862K (95%)
ptolemy.util.test.WatchDog.cancel(): canceling Tue May 29 01:18:27 UTC 2018
------------------ testing $PTII/ptolemy/domains/de/test/auto/Modal1.xml
auto.tcl: Setting watchdog for 200 seconds at Tue May 29 01:18:27 UTC 2018
15 ms. Memory: 210432K Free: 190839K (91%)
ptolemy.util.test.WatchDog.cancel(): canceling Tue May 29 01:18:27 UTC 2018
auto.tcl: Setting watchdog for 200 seconds at Tue May 29 01:18:27 UTC 2018
17 ms. Memory: 210432K Free: 187020K (89%)
ptolemy.util.test.WatchDog.cancel(): canceling Tue May 29 01:18:27 UTC 2018
------------------ testing $PTII/ptolemy/domains/de/test/auto/Modal2.xml
auto.tcl: Setting watchdog for 200 seconds at Tue May 29 01:18:27 UTC 2018
12 ms. Memory: 210432K Free: 190687K (91%)
ptolemy.util.test.WatchDog.cancel(): canceling Tue May 29 01:18:27 UTC 2018
auto.tcl: Setting watchdog for 200 seconds at Tue May 29 01:18:27 UTC 2018
10 ms. Memory: 210432K Free: 186893K (89%)
ptolemy.util.test.WatchDog.cancel(): canceling Tue May 29 01:18:27 UTC 2018
------------------ testing $PTII/ptolemy/domains/de/test/auto/Modal3.xml
auto.tcl: Setting watchdog for 200 seconds at Tue May 29 01:18:27 UTC 2018
9 ms. Memory: 210432K Free: 190748K (91%)
ptolemy.util.test.WatchDog.cancel(): canceling Tue May 29 01:18:27 UTC 2018
auto.tcl: Setting watchdog for 200 seconds at Tue May 29 01:18:27 UTC 2018
9 ms. Memory: 210432K Free: 186875K (89%)
ptolemy.util.test.WatchDog.cancel(): canceling Tue May 29 01:18:27 UTC 2018
------------------ testing $PTII/ptolemy/domains/de/test/auto/Modal4.xml
auto.tcl: Setting watchdog for 200 seconds at Tue May 29 01:18:28 UTC 2018
13 ms. Memory: 208384K Free: 188642K (91%)
ptolemy.util.test.WatchDog.cancel(): canceling Tue May 29 01:18:28 UTC 2018
auto.tcl: Setting watchdog for 200 seconds at Tue May 29 01:18:28 UTC 2018
14 ms. Memory: 208384K Free: 184855K (89%)
ptolemy.util.test.WatchDog.cancel(): canceling Tue May 29 01:18:28 UTC 2018
------------------ testing $PTII/ptolemy/domains/de/test/auto/Modal5.xml
auto.tcl: Setting watchdog for 200 seconds at Tue May 29 01:18:28 UTC 2018
17 ms. Memory: 209920K Free: 190235K (91%)
ptolemy.util.test.WatchDog.cancel(): canceling Tue May 29 01:18:28 UTC 2018
auto.tcl: Setting watchdog for 200 seconds at Tue May 29 01:18:28 UTC 2018
12 ms. Memory: 209920K Free: 186416K (89%)
ptolemy.util.test.WatchDog.cancel(): canceling Tue May 29 01:18:28 UTC 2018
------------------ testing $PTII/ptolemy/domains/de/test/auto/Modal6.xml
auto.tcl: Setting watchdog for 200 seconds at Tue May 29 01:18:28 UTC 2018
13 ms. Memory: 209920K Free: 190179K (91%)
ptolemy.util.test.WatchDog.cancel(): canceling Tue May 29 01:18:28 UTC 2018
auto.tcl: Setting watchdog for 200 seconds at Tue May 29 01:18:28 UTC 2018
13 ms. Memory: 209920K Free: 186392K (89%)
ptolemy.util.test.WatchDog.cancel(): canceling Tue May 29 01:18:28 UTC 2018
------------------ testing $PTII/ptolemy/domains/de/test/auto/Modal7.xml
auto.tcl: Setting watchdog for 200 seconds at Tue May 29 01:18:28 UTC 2018
17 ms. Memory: 209920K Free: 188279K (90%)
ptolemy.util.test.WatchDog.cancel(): canceling Tue May 29 01:18:28 UTC 2018
auto.tcl: Setting watchdog for 200 seconds at Tue May 29 01:18:28 UTC 2018
9 ms. Memory: 209920K Free: 186369K (89%)
ptolemy.util.test.WatchDog.cancel(): canceling Tue May 29 01:18:28 UTC 2018
------------------ testing $PTII/ptolemy/domains/de/test/auto/ModalModel.xml
auto.tcl: Setting watchdog for 200 seconds at Tue May 29 01:18:28 UTC 2018
201 ms. Memory: 209920K Free: 129435K (62%)
ptolemy.util.test.WatchDog.cancel(): canceling Tue May 29 01:18:28 UTC 2018
auto.tcl: Setting watchdog for 200 seconds at Tue May 29 01:18:28 UTC 2018
191 ms. Memory: 209920K Free: 197567K (94%)
ptolemy.util.test.WatchDog.cancel(): canceling Tue May 29 01:18:28 UTC 2018
------------------ testing $PTII/ptolemy/domains/de/test/auto/ModalSource.xml
auto.tcl: Setting watchdog for 200 seconds at Tue May 29 01:18:28 UTC 2018
6 ms. Memory: 209920K Free: 195332K (93%)
ptolemy.util.test.WatchDog.cancel(): canceling Tue May 29 01:18:29 UTC 2018
auto.tcl: Setting watchdog for 200 seconds at Tue May 29 01:18:29 UTC 2018
5 ms. Memory: 209920K Free: 193583K (92%)
ptolemy.util.test.WatchDog.cancel(): canceling Tue May 29 01:18:29 UTC 2018
------------------ testing $PTII/ptolemy/domains/de/test/auto/NonInterruptibleTimerZeroDelay.xml
auto.tcl: Setting watchdog for 200 seconds at Tue May 29 01:18:29 UTC 2018
3 ms. Memory: 336896K Free: 326510K (97%)
ptolemy.util.test.WatchDog.cancel(): canceling Tue May 29 01:18:29 UTC 2018
auto.tcl: Setting watchdog for 200 seconds at Tue May 29 01:18:29 UTC 2018
2 ms. Memory: 336896K Free: 323029K (96%)
ptolemy.util.test.WatchDog.cancel(): canceling Tue May 29 01:18:29 UTC 2018
------------------ testing $PTII/ptolemy/domains/de/test/auto/OpenQueueingNetwork.xml
auto.tcl: Setting watchdog for 200 seconds at Tue May 29 01:18:29 UTC 2018
2599 ms. Memory: 336384K Free: 210232K (62%)
ptolemy.util.test.WatchDog.cancel(): canceling Tue May 29 01:18:31 UTC 2018
auto.tcl: Setting watchdog for 200 seconds at Tue May 29 01:18:31 UTC 2018
1882 ms. Memory: 314880K Free: 144567K (46%)
ptolemy.util.test.WatchDog.cancel(): canceling Tue May 29 01:18:33 UTC 2018
------------------ testing $PTII/ptolemy/domains/de/test/auto/OpenQueuingNetwork.xml
auto.tcl: Setting watchdog for 200 seconds at Tue May 29 01:18:33 UTC 2018
211 ms. Memory: 313344K Free: 217720K (69%)
ptolemy.util.test.WatchDog.cancel(): canceling Tue May 29 01:18:34 UTC 2018
auto.tcl: Setting watchdog for 200 seconds at Tue May 29 01:18:34 UTC 2018
202 ms. Memory: 313344K Free: 159451K (51%)
ptolemy.util.test.WatchDog.cancel(): canceling Tue May 29 01:18:34 UTC 2018
------------------ testing $PTII/ptolemy/domains/de/test/auto/PeriodicSampler.xml
auto.tcl: Setting watchdog for 200 seconds at Tue May 29 01:18:34 UTC 2018
3 ms. Memory: 314880K Free: 301952K (96%)
ptolemy.util.test.WatchDog.cancel(): canceling Tue May 29 01:18:34 UTC 2018
auto.tcl: Setting watchdog for 200 seconds at Tue May 29 01:18:34 UTC 2018
2 ms. Memory: 314880K Free: 298648K (95%)
ptolemy.util.test.WatchDog.cancel(): canceling Tue May 29 01:18:34 UTC 2018
------------------ testing $PTII/ptolemy/domains/de/test/auto/PersistentIO.xml
auto.tcl: Setting watchdog for 200 seconds at Tue May 29 01:18:34 UTC 2018
8 ms. Memory: 313344K Free: 294440K (94%)
ptolemy.util.test.WatchDog.cancel(): canceling Tue May 29 01:18:34 UTC 2018
auto.tcl: Setting watchdog for 200 seconds at Tue May 29 01:18:34 UTC 2018
4 ms. Memory: 313344K Free: 291144K (93%)
ptolemy.util.test.WatchDog.cancel(): canceling Tue May 29 01:18:34 UTC 2018
------------------ testing $PTII/ptolemy/domains/de/test/auto/PortParameterResetOnInitialize.xml
auto.tcl: Setting watchdog for 200 seconds at Tue May 29 01:18:34 UTC 2018
2 ms. Memory: 314880K Free: 299117K (95%)
ptolemy.util.test.WatchDog.cancel(): canceling Tue May 29 01:18:34 UTC 2018
auto.tcl: Setting watchdog for 200 seconds at Tue May 29 01:18:34 UTC 2018
1 ms. Memory: 314880K Free: 299117K (95%)
ptolemy.util.test.WatchDog.cancel(): canceling Tue May 29 01:18:34 UTC 2018
------------------ testing $PTII/ptolemy/domains/de/test/auto/PortParameterUpdates.xml
auto.tcl: Setting watchdog for 200 seconds at Tue May 29 01:18:34 UTC 2018
3 ms. Memory: 313344K Free: 297675K (95%)
ptolemy.util.test.WatchDog.cancel(): canceling Tue May 29 01:18:34 UTC 2018
auto.tcl: Setting watchdog for 200 seconds at Tue May 29 01:18:34 UTC 2018
3 ms. Memory: 313344K Free: 294372K (94%)
ptolemy.util.test.WatchDog.cancel(): canceling Tue May 29 01:18:34 UTC 2018
------------------ testing $PTII/ptolemy/domains/de/test/auto/QueueAndServer.xml
auto.tcl: Setting watchdog for 200 seconds at Tue May 29 01:18:34 UTC 2018
10 ms. Memory: 314368K Free: 298679K (95%)
ptolemy.util.test.WatchDog.cancel(): canceling Tue May 29 01:18:34 UTC 2018
auto.tcl: Setting watchdog for 200 seconds at Tue May 29 01:18:34 UTC 2018
5 ms. Memory: 314368K Free: 295375K (94%)
ptolemy.util.test.WatchDog.cancel(): canceling Tue May 29 01:18:34 UTC 2018
------------------ testing $PTII/ptolemy/domains/de/test/auto/Records.xml
auto.tcl: Setting watchdog for 200 seconds at Tue May 29 01:18:34 UTC 2018
7 ms. Memory: 313344K Free: 299899K (96%)
ptolemy.util.test.WatchDog.cancel(): canceling Tue May 29 01:18:34 UTC 2018
auto.tcl: Setting watchdog for 200 seconds at Tue May 29 01:18:34 UTC 2018
1 ms. Memory: 313344K Free: 299899K (96%)
ptolemy.util.test.WatchDog.cancel(): canceling Tue May 29 01:18:34 UTC 2018
------------------ testing $PTII/ptolemy/domains/de/test/auto/ResetTransitionWithStartTime1.xml
auto.tcl: Setting watchdog for 200 seconds at Tue May 29 01:18:34 UTC 2018
10 ms. Memory: 314368K Free: 297646K (95%)
ptolemy.util.test.WatchDog.cancel(): canceling Tue May 29 01:18:34 UTC 2018
auto.tcl: Setting watchdog for 200 seconds at Tue May 29 01:18:34 UTC 2018
7 ms. Memory: 314368K Free: 297646K (95%)
ptolemy.util.test.WatchDog.cancel(): canceling Tue May 29 01:18:34 UTC 2018
------------------ testing $PTII/ptolemy/domains/de/test/auto/ResetTransitionWithStartTime2.xml
auto.tcl: Setting watchdog for 200 seconds at Tue May 29 01:18:34 UTC 2018
5 ms. Memory: 313344K Free: 292005K (93%)
ptolemy.util.test.WatchDog.cancel(): canceling Tue May 29 01:18:34 UTC 2018
auto.tcl: Setting watchdog for 200 seconds at Tue May 29 01:18:34 UTC 2018
5 ms. Memory: 313344K Free: 292005K (93%)
ptolemy.util.test.WatchDog.cancel(): canceling Tue May 29 01:18:34 UTC 2018
------------------ testing $PTII/ptolemy/domains/de/test/auto/ResetTransitionWithStartTime3.xml
auto.tcl: Setting watchdog for 200 seconds at Tue May 29 01:18:34 UTC 2018
5 ms. Memory: 314368K Free: 297635K (95%)
ptolemy.util.test.WatchDog.cancel(): canceling Tue May 29 01:18:34 UTC 2018
auto.tcl: Setting watchdog for 200 seconds at Tue May 29 01:18:34 UTC 2018
5 ms. Memory: 314368K Free: 297635K (95%)
ptolemy.util.test.WatchDog.cancel(): canceling Tue May 29 01:18:34 UTC 2018
------------------ testing $PTII/ptolemy/domains/de/test/auto/ResetTransitionWithStartTime4.xml
auto.tcl: Setting watchdog for 200 seconds at Tue May 29 01:18:34 UTC 2018
4 ms. Memory: 313344K Free: 296641K (95%)
ptolemy.util.test.WatchDog.cancel(): canceling Tue May 29 01:18:35 UTC 2018
auto.tcl: Setting watchdog for 200 seconds at Tue May 29 01:18:35 UTC 2018
7 ms. Memory: 313344K Free: 296641K (95%)
ptolemy.util.test.WatchDog.cancel(): canceling Tue May 29 01:18:35 UTC 2018
------------------ testing $PTII/ptolemy/domains/de/test/auto/ResettableTimer1.xml
auto.tcl: Setting watchdog for 200 seconds at Tue May 29 01:18:35 UTC 2018
5 ms. Memory: 313856K Free: 300421K (96%)
ptolemy.util.test.WatchDog.cancel(): canceling Tue May 29 01:18:35 UTC 2018
auto.tcl: Setting watchdog for 200 seconds at Tue May 29 01:18:35 UTC 2018
2 ms. Memory: 313856K Free: 300421K (96%)
ptolemy.util.test.WatchDog.cancel(): canceling Tue May 29 01:18:35 UTC 2018
------------------ testing $PTII/ptolemy/domains/de/test/auto/ResettableTimer2.xml
auto.tcl: Setting watchdog for 200 seconds at Tue May 29 01:18:35 UTC 2018
3 ms. Memory: 313344K Free: 300006K (96%)
ptolemy.util.test.WatchDog.cancel(): canceling Tue May 29 01:18:35 UTC 2018
auto.tcl: Setting watchdog for 200 seconds at Tue May 29 01:18:35 UTC 2018
3 ms. Memory: 313344K Free: 300006K (96%)
ptolemy.util.test.WatchDog.cancel(): canceling Tue May 29 01:18:35 UTC 2018
------------------ testing $PTII/ptolemy/domains/de/test/auto/ResettableTimer3.xml
auto.tcl: Setting watchdog for 200 seconds at Tue May 29 01:18:35 UTC 2018
1 ms. Memory: 313856K Free: 298175K (95%)
ptolemy.util.test.WatchDog.cancel(): canceling Tue May 29 01:18:35 UTC 2018
auto.tcl: Setting watchdog for 200 seconds at Tue May 29 01:18:35 UTC 2018
1 ms. Memory: 313856K Free: 298175K (95%)
ptolemy.util.test.WatchDog.cancel(): canceling Tue May 29 01:18:35 UTC 2018
------------------ testing $PTII/ptolemy/domains/de/test/auto/ResettableTimer4.xml
auto.tcl: Setting watchdog for 200 seconds at Tue May 29 01:18:35 UTC 2018
1 ms. Memory: 313344K Free: 300026K (96%)
ptolemy.util.test.WatchDog.cancel(): canceling Tue May 29 01:18:35 UTC 2018
auto.tcl: Setting watchdog for 200 seconds at Tue May 29 01:18:35 UTC 2018
1 ms. Memory: 313344K Free: 300026K (96%)
ptolemy.util.test.WatchDog.cancel(): canceling Tue May 29 01:18:35 UTC 2018
------------------ testing $PTII/ptolemy/domains/de/test/auto/ResettableTimer5.xml
auto.tcl: Setting watchdog for 200 seconds at Tue May 29 01:18:35 UTC 2018
2 ms. Memory: 313856K Free: 298171K (95%)
ptolemy.util.test.WatchDog.cancel(): canceling Tue May 29 01:18:35 UTC 2018
auto.tcl: Setting watchdog for 200 seconds at Tue May 29 01:18:35 UTC 2018
1 ms. Memory: 313856K Free: 298171K (95%)
ptolemy.util.test.WatchDog.cancel(): canceling Tue May 29 01:18:35 UTC 2018
------------------ testing $PTII/ptolemy/domains/de/test/auto/ResettableTimer6.xml
auto.tcl: Setting watchdog for 200 seconds at Tue May 29 01:18:35 UTC 2018
2 ms. Memory: 313344K Free: 299935K (96%)
ptolemy.util.test.WatchDog.cancel(): canceling Tue May 29 01:18:35 UTC 2018
auto.tcl: Setting watchdog for 200 seconds at Tue May 29 01:18:35 UTC 2018
1 ms. Memory: 313344K Free: 299935K (96%)
ptolemy.util.test.WatchDog.cancel(): canceling Tue May 29 01:18:35 UTC 2018
------------------ testing $PTII/ptolemy/domains/de/test/auto/ServerZeroDelay.xml
auto.tcl: Setting watchdog for 200 seconds at Tue May 29 01:18:35 UTC 2018
2 ms. Memory: 313856K Free: 303765K (97%)
ptolemy.util.test.WatchDog.cancel(): canceling Tue May 29 01:18:35 UTC 2018
auto.tcl: Setting watchdog for 200 seconds at Tue May 29 01:18:35 UTC 2018
2 ms. Memory: 313856K Free: 300469K (96%)
ptolemy.util.test.WatchDog.cancel(): canceling Tue May 29 01:18:35 UTC 2018
------------------ testing $PTII/ptolemy/domains/de/test/auto/SmartSender.xml
auto.tcl: Setting watchdog for 200 seconds at Tue May 29 01:18:35 UTC 2018
3002 ms. Memory: 313344K Free: 297625K (95%)
ptolemy.util.test.WatchDog.cancel(): canceling Tue May 29 01:18:38 UTC 2018
auto.tcl: Setting watchdog for 200 seconds at Tue May 29 01:18:38 UTC 2018
3002 ms. Memory: 313344K Free: 297625K (95%)
ptolemy.util.test.WatchDog.cancel(): canceling Tue May 29 01:18:41 UTC 2018
------------------ testing $PTII/ptolemy/domains/de/test/auto/ThreadedComposite.xml
auto.tcl: Setting watchdog for 200 seconds at Tue May 29 01:18:41 UTC 2018
155 ms. Memory: 313856K Free: 277628K (88%)
ptolemy.util.test.WatchDog.cancel(): canceling Tue May 29 01:18:41 UTC 2018
auto.tcl: Setting watchdog for 200 seconds at Tue May 29 01:18:41 UTC 2018
120 ms. Memory: 313856K Free: 261759K (83%)
ptolemy.util.test.WatchDog.cancel(): canceling Tue May 29 01:18:41 UTC 2018
------------------ testing $PTII/ptolemy/domains/de/test/auto/Time.xml
auto.tcl: Setting watchdog for 200 seconds at Tue May 29 01:18:41 UTC 2018
452 ms. Memory: 313344K Free: 250931K (80%)
ptolemy.util.test.WatchDog.cancel(): canceling Tue May 29 01:18:42 UTC 2018
auto.tcl: Setting watchdog for 200 seconds at Tue May 29 01:18:42 UTC 2018
420 ms. Memory: 313344K Free: 201618K (64%)
ptolemy.util.test.WatchDog.cancel(): canceling Tue May 29 01:18:42 UTC 2018
------------------ testing $PTII/ptolemy/domains/de/test/auto/TimeDelayZeroDelay.xml
auto.tcl: Setting watchdog for 200 seconds at Tue May 29 01:18:42 UTC 2018
3 ms. Memory: 313856K Free: 303651K (97%)
ptolemy.util.test.WatchDog.cancel(): canceling Tue May 29 01:18:42 UTC 2018
auto.tcl: Setting watchdog for 200 seconds at Tue May 29 01:18:42 UTC 2018
2 ms. Memory: 313856K Free: 300363K (96%)
ptolemy.util.test.WatchDog.cancel(): canceling Tue May 29 01:18:42 UTC 2018
------------------ testing $PTII/ptolemy/domains/de/test/auto/TimerZeroDelay.xml
auto.tcl: Setting watchdog for 200 seconds at Tue May 29 01:18:42 UTC 2018
3 ms. Memory: 313344K Free: 303214K (97%)
ptolemy.util.test.WatchDog.cancel(): canceling Tue May 29 01:18:42 UTC 2018
auto.tcl: Setting watchdog for 200 seconds at Tue May 29 01:18:42 UTC 2018
2 ms. Memory: 313344K Free: 299926K (96%)
ptolemy.util.test.WatchDog.cancel(): canceling Tue May 29 01:18:42 UTC 2018
------------------ testing $PTII/ptolemy/domains/de/test/auto/TimingParadox.xml
auto.tcl: Setting watchdog for 200 seconds at Tue May 29 01:18:42 UTC 2018
328 ms. Memory: 313856K Free: 235988K (75%)
ptolemy.util.test.WatchDog.cancel(): canceling Tue May 29 01:18:43 UTC 2018
auto.tcl: Setting watchdog for 200 seconds at Tue May 29 01:18:43 UTC 2018
309 ms. Memory: 313856K Free: 199825K (64%)
ptolemy.util.test.WatchDog.cancel(): canceling Tue May 29 01:18:43 UTC 2018
------------------ testing $PTII/ptolemy/domains/de/test/auto/TransferInputs.xml
auto.tcl: Setting watchdog for 200 seconds at Tue May 29 01:18:43 UTC 2018
2 ms. Memory: 313856K Free: 299327K (95%)
ptolemy.util.test.WatchDog.cancel(): canceling Tue May 29 01:18:43 UTC 2018
auto.tcl: Setting watchdog for 200 seconds at Tue May 29 01:18:43 UTC 2018
1 ms. Memory: 313856K Free: 299327K (95%)
ptolemy.util.test.WatchDog.cancel(): canceling Tue May 29 01:18:43 UTC 2018
------------------ testing $PTII/ptolemy/domains/de/test/auto/TransferOutputs2.xml
auto.tcl: Setting watchdog for 200 seconds at Tue May 29 01:18:43 UTC 2018
9 ms. Memory: 313344K Free: 294309K (94%)
ptolemy.util.test.WatchDog.cancel(): canceling Tue May 29 01:18:43 UTC 2018
auto.tcl: Setting watchdog for 200 seconds at Tue May 29 01:18:43 UTC 2018
3 ms. Memory: 313344K Free: 294309K (94%)
ptolemy.util.test.WatchDog.cancel(): canceling Tue May 29 01:18:43 UTC 2018
------------------ testing $PTII/ptolemy/domains/de/test/auto/Trilateration.xml
auto.tcl: Setting watchdog for 200 seconds at Tue May 29 01:18:43 UTC 2018
12688 ms. Memory: 391680K Free: 212670K (54%)
ptolemy.util.test.WatchDog.cancel(): canceling Tue May 29 01:18:57 UTC 2018
auto.tcl: Setting watchdog for 200 seconds at Tue May 29 01:18:57 UTC 2018
10502 ms. Memory: 274432K Free: 249124K (91%)
ptolemy.util.test.WatchDog.cancel(): canceling Tue May 29 01:19:08 UTC 2018
------------------ testing $PTII/ptolemy/domains/de/test/auto/TwoSigmaDelta.xml
auto.tcl: Setting watchdog for 200 seconds at Tue May 29 01:19:08 UTC 2018
2510 ms. Memory: 265728K Free: 159169K (60%)
ptolemy.util.test.WatchDog.cancel(): canceling Tue May 29 01:19:10 UTC 2018
auto.tcl: Setting watchdog for 200 seconds at Tue May 29 01:19:10 UTC 2018
1881 ms. Memory: 256512K Free: 101310K (39%)
ptolemy.util.test.WatchDog.cancel(): canceling Tue May 29 01:19:12 UTC 2018
------------------ testing $PTII/ptolemy/domains/de/test/auto/VariableDelay.xml
auto.tcl: Setting watchdog for 200 seconds at Tue May 29 01:19:12 UTC 2018
4 ms. Memory: 258048K Free: 244221K (95%)
ptolemy.util.test.WatchDog.cancel(): canceling Tue May 29 01:19:12 UTC 2018
auto.tcl: Setting watchdog for 200 seconds at Tue May 29 01:19:12 UTC 2018
1 ms. Memory: 258048K Free: 244221K (95%)
ptolemy.util.test.WatchDog.cancel(): canceling Tue May 29 01:19:12 UTC 2018
------------------ testing $PTII/ptolemy/domains/de/test/auto/VariableDelay2.xml
auto.tcl: Setting watchdog for 200 seconds at Tue May 29 01:19:12 UTC 2018
4 ms. Memory: 256512K Free: 244836K (95%)
ptolemy.util.test.WatchDog.cancel(): canceling Tue May 29 01:19:12 UTC 2018
auto.tcl: Setting watchdog for 200 seconds at Tue May 29 01:19:12 UTC 2018
2 ms. Memory: 256512K Free: 244836K (95%)
ptolemy.util.test.WatchDog.cancel(): canceling Tue May 29 01:19:12 UTC 2018
------------------ testing $PTII/ptolemy/domains/de/test/auto/VariableDelayZeroDelay.xml
auto.tcl: Setting watchdog for 200 seconds at Tue May 29 01:19:12 UTC 2018
2 ms. Memory: 258048K Free: 244613K (95%)
ptolemy.util.test.WatchDog.cancel(): canceling Tue May 29 01:19:12 UTC 2018
auto.tcl: Setting watchdog for 200 seconds at Tue May 29 01:19:12 UTC 2018
1 ms. Memory: 258048K Free: 244613K (95%)
ptolemy.util.test.WatchDog.cancel(): canceling Tue May 29 01:19:12 UTC 2018
------------------ testing $PTII/ptolemy/domains/de/test/auto/VariableDelayZeroDelay2.xml
auto.tcl: Setting watchdog for 200 seconds at Tue May 29 01:19:12 UTC 2018
1 ms. Memory: 256512K Free: 243091K (95%)
ptolemy.util.test.WatchDog.cancel(): canceling Tue May 29 01:19:12 UTC 2018
auto.tcl: Setting watchdog for 200 seconds at Tue May 29 01:19:12 UTC 2018
2 ms. Memory: 256512K Free: 243091K (95%)
ptolemy.util.test.WatchDog.cancel(): canceling Tue May 29 01:19:12 UTC 2018
------------------ testing $PTII/ptolemy/domains/de/test/auto/deInCt.xml
auto.tcl: Setting watchdog for 200 seconds at Tue May 29 01:19:12 UTC 2018
0
1
1
1
1
0
0
0
0
0
0
1
1
1
0
0
0
1
1
1
1
1
0
0
1
1
1
0
0
0
1
1
1
0
0
0
0
18 ms. Memory: 257536K Free: 240600K (93%)
ptolemy.util.test.WatchDog.cancel(): canceling Tue May 29 01:19:13 UTC 2018
auto.tcl: Setting watchdog for 200 seconds at Tue May 29 01:19:13 UTC 2018
0
1
1
1
0
0
0
1
1
1
0
0
0
1
1
1
1
0
0
1
1
1
0
0
1
1
1
0
0
0
1
1
1
0
0
0
1
1
0
0
0
1
1
1
0
0
0
1
1
1
0
0
0
1
1
0
0
0
1
1
1
1
9 ms. Memory: 257536K Free: 237970K (92%)
ptolemy.util.test.WatchDog.cancel(): canceling Tue May 29 01:19:13 UTC 2018
------------------ testing $PTII/ptolemy/domains/de/test/auto/deInCt2.xml
auto.tcl: Setting watchdog for 200 seconds at Tue May 29 01:19:13 UTC 2018
0
1
1
1
0
0
1
1
1
0
0
1
1
1
0
0
1
1
1
0
0
1
1
1
0
0
1
1
1
0
0
1
1
1
0
0
1
1
1
0
0
0
6 ms. Memory: 256512K Free: 244821K (95%)
ptolemy.util.test.WatchDog.cancel(): canceling Tue May 29 01:19:13 UTC 2018
auto.tcl: Setting watchdog for 200 seconds at Tue May 29 01:19:13 UTC 2018
0
1
1
1
0
0
1
1
1
0
0
1
1
1
0
0
1
1
1
0
0
1
1
1
0
0
1
1
1
0
0
1
1
1
0
0
1
1
1
0
0
0
4 ms. Memory: 256512K Free: 242174K (94%)
ptolemy.util.test.WatchDog.cancel(): canceling Tue May 29 01:19:13 UTC 2018
------------------ testing $PTII/ptolemy/domains/de/test/auto/dynamicCausalityInterface1.xml
auto.tcl: Setting watchdog for 200 seconds at Tue May 29 01:19:13 UTC 2018
1 ms. Memory: 257536K Free: 240581K (93%)
ptolemy.util.test.WatchDog.cancel(): canceling Tue May 29 01:19:13 UTC 2018
auto.tcl: Setting watchdog for 200 seconds at Tue May 29 01:19:13 UTC 2018
1 ms. Memory: 257536K Free: 240581K (93%)
ptolemy.util.test.WatchDog.cancel(): canceling Tue May 29 01:19:13 UTC 2018
------------------ testing $PTII/ptolemy/domains/de/test/auto/fsm_de_test.xml
auto.tcl: Setting watchdog for 200 seconds at Tue May 29 01:19:13 UTC 2018
9 ms. Memory: 256512K Free: 237710K (93%)
ptolemy.util.test.WatchDog.cancel(): canceling Tue May 29 01:19:13 UTC 2018
auto.tcl: Setting watchdog for 200 seconds at Tue May 29 01:19:13 UTC 2018
6 ms. Memory: 256512K Free: 237710K (93%)
ptolemy.util.test.WatchDog.cancel(): canceling Tue May 29 01:19:13 UTC 2018
------------------ testing $PTII/ptolemy/domains/de/test/auto/functionDependencyReconstruction.xml
auto.tcl: Setting watchdog for 200 seconds at Tue May 29 01:19:13 UTC 2018
2 ms. Memory: 257024K Free: 232917K (91%)
ptolemy.util.test.WatchDog.cancel(): canceling Tue May 29 01:19:13 UTC 2018
auto.tcl: Setting watchdog for 200 seconds at Tue May 29 01:19:13 UTC 2018
3 ms. Memory: 257024K Free: 230287K (90%)
ptolemy.util.test.WatchDog.cancel(): canceling Tue May 29 01:19:13 UTC 2018
------------------ testing $PTII/ptolemy/domains/de/test/auto/multirate.xml
auto.tcl: Setting watchdog for 200 seconds at Tue May 29 01:19:13 UTC 2018
3 ms. Memory: 256512K Free: 241942K (94%)
ptolemy.util.test.WatchDog.cancel(): canceling Tue May 29 01:19:13 UTC 2018
auto.tcl: Setting watchdog for 200 seconds at Tue May 29 01:19:13 UTC 2018
3 ms. Memory: 256512K Free: 241942K (94%)
ptolemy.util.test.WatchDog.cancel(): canceling Tue May 29 01:19:13 UTC 2018
------------------ testing $PTII/ptolemy/domains/de/test/auto/multirate2.xml
auto.tcl: Setting watchdog for 200 seconds at Tue May 29 01:19:13 UTC 2018
5 ms. Memory: 257024K Free: 242640K (94%)
ptolemy.util.test.WatchDog.cancel(): canceling Tue May 29 01:19:13 UTC 2018
auto.tcl: Setting watchdog for 200 seconds at Tue May 29 01:19:13 UTC 2018
2 ms. Memory: 257024K Free: 242640K (94%)
ptolemy.util.test.WatchDog.cancel(): canceling Tue May 29 01:19:13 UTC 2018
------------------ testing $PTII/ptolemy/domains/de/test/auto/realtime.xml
auto.tcl: Setting watchdog for 200 seconds at Tue May 29 01:19:13 UTC 2018
10002 ms. Memory: 256512K Free: 244781K (95%)
ptolemy.util.test.WatchDog.cancel(): canceling Tue May 29 01:19:23 UTC 2018
auto.tcl: Setting watchdog for 200 seconds at Tue May 29 01:19:23 UTC 2018
10002 ms. Memory: 256512K Free: 244781K (95%)
ptolemy.util.test.WatchDog.cancel(): canceling Tue May 29 01:19:33 UTC 2018
------------------ testing $PTII/ptolemy/domains/de/test/auto/relationGroup.xml
auto.tcl: Setting watchdog for 200 seconds at Tue May 29 01:19:33 UTC 2018
1 ms. Memory: 257024K Free: 247952K (96%)
ptolemy.util.test.WatchDog.cancel(): canceling Tue May 29 01:19:33 UTC 2018
auto.tcl: Setting watchdog for 200 seconds at Tue May 29 01:19:33 UTC 2018
1 ms. Memory: 257024K Free: 245305K (95%)
ptolemy.util.test.WatchDog.cancel(): canceling Tue May 29 01:19:33 UTC 2018
------------------ testing $PTII/ptolemy/domains/de/test/auto/relationGroup2.xml
auto.tcl: Setting watchdog for 200 seconds at Tue May 29 01:19:33 UTC 2018
2 ms. Memory: 256512K Free: 247466K (96%)
ptolemy.util.test.WatchDog.cancel(): canceling Tue May 29 01:19:33 UTC 2018
auto.tcl: Setting watchdog for 200 seconds at Tue May 29 01:19:33 UTC 2018
1 ms. Memory: 256512K Free: 244836K (95%)
ptolemy.util.test.WatchDog.cancel(): canceling Tue May 29 01:19:33 UTC 2018
------------------ testing $PTII/ptolemy/domains/de/test/auto/sortWithOpaquePorts.xml
auto.tcl: Setting watchdog for 200 seconds at Tue May 29 01:19:33 UTC 2018
1 ms. Memory: 257024K Free: 243598K (95%)
ptolemy.util.test.WatchDog.cancel(): canceling Tue May 29 01:19:33 UTC 2018
auto.tcl: Setting watchdog for 200 seconds at Tue May 29 01:19:33 UTC 2018
1 ms. Memory: 257024K Free: 243598K (95%)
ptolemy.util.test.WatchDog.cancel(): canceling Tue May 29 01:19:33 UTC 2018
------------------ testing $PTII/ptolemy/domains/de/test/auto/transferInputsandOutputs.xml
auto.tcl: Setting watchdog for 200 seconds at Tue May 29 01:19:33 UTC 2018
1 ms. Memory: 256512K Free: 240427K (94%)
ptolemy.util.test.WatchDog.cancel(): canceling Tue May 29 01:19:33 UTC 2018
auto.tcl: Setting watchdog for 200 seconds at Tue May 29 01:19:33 UTC 2018
1 ms. Memory: 256512K Free: 240427K (94%)
ptolemy.util.test.WatchDog.cancel(): canceling Tue May 29 01:19:33 UTC 2018
------------------ testing $PTII/ptolemy/domains/de/test/auto/triggerType.xml
auto.tcl: Setting watchdog for 200 seconds at Tue May 29 01:19:33 UTC 2018
1 ms. Memory: 257024K Free: 243528K (95%)
ptolemy.util.test.WatchDog.cancel(): canceling Tue May 29 01:19:33 UTC 2018
auto.tcl: Setting watchdog for 200 seconds at Tue May 29 01:19:33 UTC 2018
1 ms. Memory: 257024K Free: 243528K (95%)
ptolemy.util.test.WatchDog.cancel(): canceling Tue May 29 01:19:33 UTC 2018
05/29/18 01:19:33
Failed: 0  Total Tests: 192  ((Passed: 187, Newly Passed: 1)  Known Failed: 5) /home/travis/build/icyphy/ptII/ptolemy/domains/de/test
05/29/18 01:19:33
Failed: 0  Total Tests: 192  ((Passed: 187, Newly Passed: 1)  Known Failed: 5) /home/travis/build/icyphy/ptII/ptolemy/domains/de/test
----------------- testing (KnownFailure) /home/travis/build/icyphy/ptII/ptolemy/domains/de/test/auto/knownFailedTests/DESDFClockTest.xml
2009 ms. Memory: 256512K Free: 235184K (92%)
Known Failure: java.lang.reflect.InvocationTargetException
----------------- testing (KnownFailure) /home/travis/build/icyphy/ptII/ptolemy/domains/de/test/auto/knownFailedTests/DirectFeedback.xml
1 ms. Memory: 256512K Free: 221173K (86%)
Known Failure: java.lang.reflect.InvocationTargetException
----------------- testing (KnownFailure) /home/travis/build/icyphy/ptII/ptolemy/domains/de/test/auto/knownFailedTests/FSMSource.xml
4 ms. Memory: 256512K Free: 203647K (79%)
----------------- testing (KnownFailure) /home/travis/build/icyphy/ptII/ptolemy/domains/de/test/auto/knownFailedTests/HierarchicalModel.xml
1 ms. Memory: 256512K Free: 182617K (71%)
Known Failure: java.lang.reflect.InvocationTargetException
----------------- testing (KnownFailure) /home/travis/build/icyphy/ptII/ptolemy/domains/de/test/auto/knownFailedTests/dependencyLoop.xml
1 ms. Memory: 256512K Free: 154583K (60%)
Known Failure: java.lang.reflect.InvocationTargetException
----------------- testing (KnownFailure) /home/travis/build/icyphy/ptII/ptolemy/domains/de/test/auto/knownFailedTests/dependencyLoop2.xml
3 ms. Memory: 256512K Free: 126550K (49%)
Known Failure: java.lang.reflect.InvocationTargetException
No auto/*.xml tests in /home/travis/build/icyphy/ptII/ptolemy/domains/de/test
AutoTests.java: About to close Vertx.
AutoTests.java: Vertx closed.
----------------- testing Tue May 29 01:19:35 UTC 2018 /home/travis/build/icyphy/ptII/ptolemy/domains/de/test/auto/ActorDepthCalculation_actorWithoutPorts.xml
----------------- Instantiating /home/travis/build/icyphy/ptII/ptolemy/domains/de/test/auto/ActorDepthCalculation_actorWithoutPorts.xml
2 ms. Memory: 256512K Free: 105522K (41%)
----------------- Invoking toplevel() on ptolemy.moml.MoMLSimpleApplication@47aa9684
----------------- Done invoking toplevel() on ptolemy.moml.MoMLSimpleApplication@47aa9684
reloadAllAccessors: .ActorDepthCalculation_actorWithoutPorts
----------------- testing Tue May 29 01:19:36 UTC 2018 /home/travis/build/icyphy/ptII/ptolemy/domains/de/test/auto/AssemblyLine.xml
----------------- Instantiating /home/travis/build/icyphy/ptII/ptolemy/domains/de/test/auto/AssemblyLine.xml
1 ms. Memory: 256512K Free: 95007K (37%)
----------------- Invoking toplevel() on ptolemy.moml.MoMLSimpleApplication@42dc4d71
----------------- Done invoking toplevel() on ptolemy.moml.MoMLSimpleApplication@42dc4d71
reloadAllAccessors: .AssemblyLine
----------------- testing Tue May 29 01:19:36 UTC 2018 /home/travis/build/icyphy/ptII/ptolemy/domains/de/test/auto/CQBug1.xml
----------------- Instantiating /home/travis/build/icyphy/ptII/ptolemy/domains/de/test/auto/CQBug1.xml
0 ms. Memory: 256512K Free: 88003K (34%)
----------------- Invoking toplevel() on ptolemy.moml.MoMLSimpleApplication@14c0fb1b
----------------- Done invoking toplevel() on ptolemy.moml.MoMLSimpleApplication@14c0fb1b
reloadAllAccessors: .CQBug1
----------------- testing Tue May 29 01:19:36 UTC 2018 /home/travis/build/icyphy/ptII/ptolemy/domains/de/test/auto/CancelFireAt.xml
----------------- Instantiating /home/travis/build/icyphy/ptII/ptolemy/domains/de/test/auto/CancelFireAt.xml
1 ms. Memory: 256512K Free: 78368K (31%)
----------------- Invoking toplevel() on ptolemy.moml.MoMLSimpleApplication@2cace9d9
----------------- Done invoking toplevel() on ptolemy.moml.MoMLSimpleApplication@2cace9d9
reloadAllAccessors: .CancelFireAt
----------------- testing Tue May 29 01:19:36 UTC 2018 /home/travis/build/icyphy/ptII/ptolemy/domains/de/test/auto/CausalityAndComposabilityAnalysis.xml
----------------- Instantiating /home/travis/build/icyphy/ptII/ptolemy/domains/de/test/auto/CausalityAndComposabilityAnalysis.xml
2 ms. Memory: 249856K Free: 239619K (96%)
----------------- Invoking toplevel() on ptolemy.moml.MoMLSimpleApplication@33e3717
----------------- Done invoking toplevel() on ptolemy.moml.MoMLSimpleApplication@33e3717
reloadAllAccessors: .CausalityAndComposabilityAnalysis
----------------- testing Tue May 29 01:19:36 UTC 2018 /home/travis/build/icyphy/ptII/ptolemy/domains/de/test/auto/CausalityInterface1.xml
----------------- Instantiating /home/travis/build/icyphy/ptII/ptolemy/domains/de/test/auto/CausalityInterface1.xml
4 ms. Memory: 249856K Free: 231220K (93%)
----------------- Invoking toplevel() on ptolemy.moml.MoMLSimpleApplication@16021bfc
----------------- Done invoking toplevel() on ptolemy.moml.MoMLSimpleApplication@16021bfc
reloadAllAccessors: .CausalityInterface1
----------------- testing Tue May 29 01:19:36 UTC 2018 /home/travis/build/icyphy/ptII/ptolemy/domains/de/test/auto/CausalityInterface15.xml
----------------- Instantiating /home/travis/build/icyphy/ptII/ptolemy/domains/de/test/auto/CausalityInterface15.xml
2 ms. Memory: 249856K Free: 224487K (90%)
----------------- Invoking toplevel() on ptolemy.moml.MoMLSimpleApplication@1ee99f90
----------------- Done invoking toplevel() on ptolemy.moml.MoMLSimpleApplication@1ee99f90
reloadAllAccessors: .CausalityInterface15
----------------- testing Tue May 29 01:19:36 UTC 2018 /home/travis/build/icyphy/ptII/ptolemy/domains/de/test/auto/CausalityInterface2.xml
----------------- Instantiating /home/travis/build/icyphy/ptII/ptolemy/domains/de/test/auto/CausalityInterface2.xml
1 ms. Memory: 249856K Free: 217761K (87%)
----------------- Invoking toplevel() on ptolemy.moml.MoMLSimpleApplication@7ff9802a
----------------- Done invoking toplevel() on ptolemy.moml.MoMLSimpleApplication@7ff9802a
reloadAllAccessors: .CausalityInterface2
----------------- testing Tue May 29 01:19:36 UTC 2018 /home/travis/build/icyphy/ptII/ptolemy/domains/de/test/auto/CausalityInterface3.xml
----------------- Instantiating /home/travis/build/icyphy/ptII/ptolemy/domains/de/test/auto/CausalityInterface3.xml
1 ms. Memory: 249856K Free: 209368K (84%)
----------------- Invoking toplevel() on ptolemy.moml.MoMLSimpleApplication@4d35d34b
----------------- Done invoking toplevel() on ptolemy.moml.MoMLSimpleApplication@4d35d34b
reloadAllAccessors: .CausalityInterface3
----------------- testing Tue May 29 01:19:36 UTC 2018 /home/travis/build/icyphy/ptII/ptolemy/domains/de/test/auto/ClockDrift.xml
----------------- Instantiating /home/travis/build/icyphy/ptII/ptolemy/domains/de/test/auto/ClockDrift.xml
9 ms. Memory: 249856K Free: 194213K (78%)
----------------- Invoking toplevel() on ptolemy.moml.MoMLSimpleApplication@eef8245
----------------- Done invoking toplevel() on ptolemy.moml.MoMLSimpleApplication@eef8245
reloadAllAccessors: .ClockDrift
----------------- testing Tue May 29 01:19:36 UTC 2018 /home/travis/build/icyphy/ptII/ptolemy/domains/de/test/auto/ClockDriftAndValueChange.xml
----------------- Instantiating /home/travis/build/icyphy/ptII/ptolemy/domains/de/test/auto/ClockDriftAndValueChange.xml
7 ms. Memory: 249856K Free: 179049K (72%)
----------------- Invoking toplevel() on ptolemy.moml.MoMLSimpleApplication@f1e4745
----------------- Done invoking toplevel() on ptolemy.moml.MoMLSimpleApplication@f1e4745
reloadAllAccessors: .ClockDriftAndValueChange
----------------- testing Tue May 29 01:19:36 UTC 2018 /home/travis/build/icyphy/ptII/ptolemy/domains/de/test/auto/ClockDriftChange.xml
----------------- Instantiating /home/travis/build/icyphy/ptII/ptolemy/domains/de/test/auto/ClockDriftChange.xml
7 ms. Memory: 249856K Free: 165582K (66%)
----------------- Invoking toplevel() on ptolemy.moml.MoMLSimpleApplication@1f01f68d
----------------- Done invoking toplevel() on ptolemy.moml.MoMLSimpleApplication@1f01f68d
reloadAllAccessors: .ClockDriftChange
----------------- testing Tue May 29 01:19:36 UTC 2018 /home/travis/build/icyphy/ptII/ptolemy/domains/de/test/auto/ComposableCausalityAnalysis.xml
----------------- Instantiating /home/travis/build/icyphy/ptII/ptolemy/domains/de/test/auto/ComposableCausalityAnalysis.xml
0 ms. Memory: 249856K Free: 155512K (62%)
----------------- Invoking toplevel() on ptolemy.moml.MoMLSimpleApplication@48e4d5f
----------------- Done invoking toplevel() on ptolemy.moml.MoMLSimpleApplication@48e4d5f
reloadAllAccessors: .ComposableCausalityAnalysis
----------------- testing Tue May 29 01:19:36 UTC 2018 /home/travis/build/icyphy/ptII/ptolemy/domains/de/test/auto/DEFixedPointLimitation.xml
----------------- Instantiating /home/travis/build/icyphy/ptII/ptolemy/domains/de/test/auto/DEFixedPointLimitation.xml
1 ms. Memory: 249856K Free: 148778K (60%)
----------------- Invoking toplevel() on ptolemy.moml.MoMLSimpleApplication@356c3783
----------------- Done invoking toplevel() on ptolemy.moml.MoMLSimpleApplication@356c3783
reloadAllAccessors: .DEFixedPointLimitation
----------------- testing Tue May 29 01:19:36 UTC 2018 /home/travis/build/icyphy/ptII/ptolemy/domains/de/test/auto/DEScheduleTest.xml
----------------- Instantiating /home/travis/build/icyphy/ptII/ptolemy/domains/de/test/auto/DEScheduleTest.xml
1 ms. Memory: 249856K Free: 142044K (57%)
----------------- Invoking toplevel() on ptolemy.moml.MoMLSimpleApplication@1fc43ee3
----------------- Done invoking toplevel() on ptolemy.moml.MoMLSimpleApplication@1fc43ee3
reloadAllAccessors: .DEScheduleTest
----------------- testing Tue May 29 01:19:36 UTC 2018 /home/travis/build/icyphy/ptII/ptolemy/domains/de/test/auto/DEinDEwithStartTimes.xml
----------------- Instantiating /home/travis/build/icyphy/ptII/ptolemy/domains/de/test/auto/DEinDEwithStartTimes.xml
1 ms. Memory: 249856K Free: 133669K (53%)
----------------- Invoking toplevel() on ptolemy.moml.MoMLSimpleApplication@6245357
----------------- Done invoking toplevel() on ptolemy.moml.MoMLSimpleApplication@6245357
reloadAllAccessors: .DEinDEwithStartTimes
----------------- testing Tue May 29 01:19:36 UTC 2018 /home/travis/build/icyphy/ptII/ptolemy/domains/de/test/auto/DEinDEwithStartTimes2.xml
----------------- Instantiating /home/travis/build/icyphy/ptII/ptolemy/domains/de/test/auto/DEinDEwithStartTimes2.xml
2 ms. Memory: 249856K Free: 125248K (50%)
----------------- Invoking toplevel() on ptolemy.moml.MoMLSimpleApplication@605e1b59
----------------- Done invoking toplevel() on ptolemy.moml.MoMLSimpleApplication@605e1b59
reloadAllAccessors: .DEinDEwithStartTimes2
----------------- testing Tue May 29 01:19:36 UTC 2018 /home/travis/build/icyphy/ptII/ptolemy/domains/de/test/auto/DateDemo.xml
----------------- Instantiating /home/travis/build/icyphy/ptII/ptolemy/domains/de/test/auto/DateDemo.xml
3 ms. Memory: 249856K Free: 111749K (45%)
----------------- Invoking toplevel() on ptolemy.moml.MoMLSimpleApplication@ecc0233
----------------- Done invoking toplevel() on ptolemy.moml.MoMLSimpleApplication@ecc0233
reloadAllAccessors: .DateDemo
----------------- testing Tue May 29 01:19:36 UTC 2018 /home/travis/build/icyphy/ptII/ptolemy/domains/de/test/auto/DateToEvent.xml
----------------- Instantiating /home/travis/build/icyphy/ptII/ptolemy/domains/de/test/auto/DateToEvent.xml
2003 ms. Memory: 249856K Free: 91532K (37%)
----------------- Invoking toplevel() on ptolemy.moml.MoMLSimpleApplication@2b8653f7
----------------- Done invoking toplevel() on ptolemy.moml.MoMLSimpleApplication@2b8653f7
reloadAllAccessors: .DateToEvent
----------------- testing Tue May 29 01:19:38 UTC 2018 /home/travis/build/icyphy/ptII/ptolemy/domains/de/test/auto/DepthTest1.xml
----------------- Instantiating /home/travis/build/icyphy/ptII/ptolemy/domains/de/test/auto/DepthTest1.xml
1 ms. Memory: 249856K Free: 84820K (34%)
----------------- Invoking toplevel() on ptolemy.moml.MoMLSimpleApplication@9318781
----------------- Done invoking toplevel() on ptolemy.moml.MoMLSimpleApplication@9318781
reloadAllAccessors: .DepthTest1
----------------- testing Tue May 29 01:19:38 UTC 2018 /home/travis/build/icyphy/ptII/ptolemy/domains/de/test/auto/DepthTest2.xml
----------------- Instantiating /home/travis/build/icyphy/ptII/ptolemy/domains/de/test/auto/DepthTest2.xml
2 ms. Memory: 249856K Free: 76816K (31%)
----------------- Invoking toplevel() on ptolemy.moml.MoMLSimpleApplication@70b2165d
----------------- Done invoking toplevel() on ptolemy.moml.MoMLSimpleApplication@70b2165d
reloadAllAccessors: .DepthTest2
----------------- testing Tue May 29 01:19:38 UTC 2018 /home/travis/build/icyphy/ptII/ptolemy/domains/de/test/auto/DepthTest3.xml
----------------- Instantiating /home/travis/build/icyphy/ptII/ptolemy/domains/de/test/auto/DepthTest3.xml
1 ms. Memory: 242688K Free: 232713K (96%)
----------------- Invoking toplevel() on ptolemy.moml.MoMLSimpleApplication@21597eab
----------------- Done invoking toplevel() on ptolemy.moml.MoMLSimpleApplication@21597eab
reloadAllAccessors: .DepthTest3
----------------- testing Tue May 29 01:19:38 UTC 2018 /home/travis/build/icyphy/ptII/ptolemy/domains/de/test/auto/DepthTest4.xml
----------------- Instantiating /home/travis/build/icyphy/ptII/ptolemy/domains/de/test/auto/DepthTest4.xml
1 ms. Memory: 242688K Free: 225163K (93%)
----------------- Invoking toplevel() on ptolemy.moml.MoMLSimpleApplication@298f611c
----------------- Done invoking toplevel() on ptolemy.moml.MoMLSimpleApplication@298f611c
reloadAllAccessors: .DepthTest4
----------------- testing Tue May 29 01:19:38 UTC 2018 /home/travis/build/icyphy/ptII/ptolemy/domains/de/test/auto/DepthTest5.xml
----------------- Instantiating /home/travis/build/icyphy/ptII/ptolemy/domains/de/test/auto/DepthTest5.xml
2 ms. Memory: 242688K Free: 217075K (89%)
----------------- Invoking toplevel() on ptolemy.moml.MoMLSimpleApplication@25e50a41
----------------- Done invoking toplevel() on ptolemy.moml.MoMLSimpleApplication@25e50a41
reloadAllAccessors: .DepthTest5
----------------- testing Tue May 29 01:19:38 UTC 2018 /home/travis/build/icyphy/ptII/ptolemy/domains/de/test/auto/DepthTest6.xml
----------------- Instantiating /home/travis/build/icyphy/ptII/ptolemy/domains/de/test/auto/DepthTest6.xml
2 ms. Memory: 242688K Free: 207911K (86%)
----------------- Invoking toplevel() on ptolemy.moml.MoMLSimpleApplication@689e4650
----------------- Done invoking toplevel() on ptolemy.moml.MoMLSimpleApplication@689e4650
reloadAllAccessors: .DepthTest6
----------------- testing Tue May 29 01:19:38 UTC 2018 /home/travis/build/icyphy/ptII/ptolemy/domains/de/test/auto/DepthTest7.xml
----------------- Instantiating /home/travis/build/icyphy/ptII/ptolemy/domains/de/test/auto/DepthTest7.xml
1 ms. Memory: 242688K Free: 201444K (83%)
----------------- Invoking toplevel() on ptolemy.moml.MoMLSimpleApplication@10dfd74e
----------------- Done invoking toplevel() on ptolemy.moml.MoMLSimpleApplication@10dfd74e
reloadAllAccessors: .DepthTest7
----------------- testing Tue May 29 01:19:38 UTC 2018 /home/travis/build/icyphy/ptII/ptolemy/domains/de/test/auto/EventToDate.xml
----------------- Instantiating /home/travis/build/icyphy/ptII/ptolemy/domains/de/test/auto/EventToDate.xml
3003 ms. Memory: 242688K Free: 184184K (76%)
----------------- Invoking toplevel() on ptolemy.moml.MoMLSimpleApplication@2635c030
----------------- Done invoking toplevel() on ptolemy.moml.MoMLSimpleApplication@2635c030
reloadAllAccessors: .EventToDate
----------------- testing Tue May 29 01:19:41 UTC 2018 /home/travis/build/icyphy/ptII/ptolemy/domains/de/test/auto/FSM1.xml
----------------- Instantiating /home/travis/build/icyphy/ptII/ptolemy/domains/de/test/auto/FSM1.xml
14 ms. Memory: 242688K Free: 169603K (70%)
----------------- Invoking toplevel() on ptolemy.moml.MoMLSimpleApplication@6285c87c
----------------- Done invoking toplevel() on ptolemy.moml.MoMLSimpleApplication@6285c87c
reloadAllAccessors: .FSM1
----------------- testing Tue May 29 01:19:41 UTC 2018 /home/travis/build/icyphy/ptII/ptolemy/domains/de/test/auto/FSM7.xml
----------------- Instantiating /home/travis/build/icyphy/ptII/ptolemy/domains/de/test/auto/FSM7.xml
18 ms. Memory: 242688K Free: 153956K (63%)
----------------- Invoking toplevel() on ptolemy.moml.MoMLSimpleApplication@881d225
----------------- Done invoking toplevel() on ptolemy.moml.MoMLSimpleApplication@881d225
reloadAllAccessors: .FSM7
----------------- testing Tue May 29 01:19:41 UTC 2018 /home/travis/build/icyphy/ptII/ptolemy/domains/de/test/auto/Inspection.xml
----------------- Instantiating /home/travis/build/icyphy/ptII/ptolemy/domains/de/test/auto/Inspection.xml
11 ms. Memory: 242688K Free: 137779K (57%)
----------------- Invoking toplevel() on ptolemy.moml.MoMLSimpleApplication@16424dde
----------------- Done invoking toplevel() on ptolemy.moml.MoMLSimpleApplication@16424dde
reloadAllAccessors: .Inspection
----------------- testing Tue May 29 01:19:41 UTC 2018 /home/travis/build/icyphy/ptII/ptolemy/domains/de/test/auto/Iteration.xml
----------------- Instantiating /home/travis/build/icyphy/ptII/ptolemy/domains/de/test/auto/Iteration.xml
4 ms. Memory: 242688K Free: 129683K (53%)
----------------- Invoking toplevel() on ptolemy.moml.MoMLSimpleApplication@2090cb64
----------------- Done invoking toplevel() on ptolemy.moml.MoMLSimpleApplication@2090cb64
reloadAllAccessors: .Iteration
----------------- testing Tue May 29 01:19:41 UTC 2018 /home/travis/build/icyphy/ptII/ptolemy/domains/de/test/auto/LineFault.xml
----------------- Instantiating /home/travis/build/icyphy/ptII/ptolemy/domains/de/test/auto/LineFault.xml
431 ms. Memory: 236544K Free: 161766K (68%)
----------------- Invoking toplevel() on ptolemy.moml.MoMLSimpleApplication@6d0c65de
----------------- Done invoking toplevel() on ptolemy.moml.MoMLSimpleApplication@6d0c65de
reloadAllAccessors: .LineFault
----------------- testing Tue May 29 01:19:42 UTC 2018 /home/travis/build/icyphy/ptII/ptolemy/domains/de/test/auto/MergeModel1Add.xml
----------------- Instantiating /home/travis/build/icyphy/ptII/ptolemy/domains/de/test/auto/MergeModel1Add.xml
5 ms. Memory: 236544K Free: 139302K (59%)
----------------- Invoking toplevel() on ptolemy.moml.MoMLSimpleApplication@15c9e474
----------------- Done invoking toplevel() on ptolemy.moml.MoMLSimpleApplication@15c9e474
reloadAllAccessors: .MergeModel1Add
----------------- testing Tue May 29 01:19:42 UTC 2018 /home/travis/build/icyphy/ptII/ptolemy/domains/de/test/auto/MergeModel2Add.xml
----------------- Instantiating /home/travis/build/icyphy/ptII/ptolemy/domains/de/test/auto/MergeModel2Add.xml
5 ms. Memory: 236544K Free: 116878K (49%)
----------------- Invoking toplevel() on ptolemy.moml.MoMLSimpleApplication@6cab3e93
----------------- Done invoking toplevel() on ptolemy.moml.MoMLSimpleApplication@6cab3e93
reloadAllAccessors: .MergeModel2Add
----------------- testing Tue May 29 01:19:42 UTC 2018 /home/travis/build/icyphy/ptII/ptolemy/domains/de/test/auto/MergeModel3Add.xml
----------------- Instantiating /home/travis/build/icyphy/ptII/ptolemy/domains/de/test/auto/MergeModel3Add.xml
4 ms. Memory: 236544K Free: 94446K (40%)
----------------- Invoking toplevel() on ptolemy.moml.MoMLSimpleApplication@2cc5d3c2
----------------- Done invoking toplevel() on ptolemy.moml.MoMLSimpleApplication@2cc5d3c2
reloadAllAccessors: .MergeModel3Add
----------------- testing Tue May 29 01:19:42 UTC 2018 /home/travis/build/icyphy/ptII/ptolemy/domains/de/test/auto/MergeWithoutDiscard.xml
----------------- Instantiating /home/travis/build/icyphy/ptII/ptolemy/domains/de/test/auto/MergeWithoutDiscard.xml
1 ms. Memory: 236544K Free: 88253K (37%)
----------------- Invoking toplevel() on ptolemy.moml.MoMLSimpleApplication@58ccfa62
----------------- Done invoking toplevel() on ptolemy.moml.MoMLSimpleApplication@58ccfa62
reloadAllAccessors: .MergeWithoutDiscard
----------------- testing Tue May 29 01:19:42 UTC 2018 /home/travis/build/icyphy/ptII/ptolemy/domains/de/test/auto/Modal1.xml
----------------- Instantiating /home/travis/build/icyphy/ptII/ptolemy/domains/de/test/auto/Modal1.xml
20 ms. Memory: 230400K Free: 220748K (96%)
----------------- Invoking toplevel() on ptolemy.moml.MoMLSimpleApplication@3ad4a28e
----------------- Done invoking toplevel() on ptolemy.moml.MoMLSimpleApplication@3ad4a28e
reloadAllAccessors: .Modal1
----------------- testing Tue May 29 01:19:42 UTC 2018 /home/travis/build/icyphy/ptII/ptolemy/domains/de/test/auto/Modal2.xml
----------------- Instantiating /home/travis/build/icyphy/ptII/ptolemy/domains/de/test/auto/Modal2.xml
7 ms. Memory: 230400K Free: 205031K (89%)
----------------- Invoking toplevel() on ptolemy.moml.MoMLSimpleApplication@2f4c6334
----------------- Done invoking toplevel() on ptolemy.moml.MoMLSimpleApplication@2f4c6334
reloadAllAccessors: .Modal2
----------------- testing Tue May 29 01:19:42 UTC 2018 /home/travis/build/icyphy/ptII/ptolemy/domains/de/test/auto/Modal3.xml
----------------- Instantiating /home/travis/build/icyphy/ptII/ptolemy/domains/de/test/auto/Modal3.xml
8 ms. Memory: 230400K Free: 189609K (82%)
----------------- Invoking toplevel() on ptolemy.moml.MoMLSimpleApplication@5d02ec4
----------------- Done invoking toplevel() on ptolemy.moml.MoMLSimpleApplication@5d02ec4
reloadAllAccessors: .Modal3
----------------- testing Tue May 29 01:19:42 UTC 2018 /home/travis/build/icyphy/ptII/ptolemy/domains/de/test/auto/Modal4.xml
----------------- Instantiating /home/travis/build/icyphy/ptII/ptolemy/domains/de/test/auto/Modal4.xml
9 ms. Memory: 230400K Free: 174187K (76%)
----------------- Invoking toplevel() on ptolemy.moml.MoMLSimpleApplication@cffe3b4
----------------- Done invoking toplevel() on ptolemy.moml.MoMLSimpleApplication@cffe3b4
reloadAllAccessors: .Modal4
----------------- testing Tue May 29 01:19:42 UTC 2018 /home/travis/build/icyphy/ptII/ptolemy/domains/de/test/auto/Modal5.xml
----------------- Instantiating /home/travis/build/icyphy/ptII/ptolemy/domains/de/test/auto/Modal5.xml
7 ms. Memory: 230400K Free: 158725K (69%)
----------------- Invoking toplevel() on ptolemy.moml.MoMLSimpleApplication@427d8abe
----------------- Done invoking toplevel() on ptolemy.moml.MoMLSimpleApplication@427d8abe
reloadAllAccessors: .Modal5
----------------- testing Tue May 29 01:19:42 UTC 2018 /home/travis/build/icyphy/ptII/ptolemy/domains/de/test/auto/Modal6.xml
----------------- Instantiating /home/travis/build/icyphy/ptII/ptolemy/domains/de/test/auto/Modal6.xml
8 ms. Memory: 230400K Free: 144316K (63%)
----------------- Invoking toplevel() on ptolemy.moml.MoMLSimpleApplication@18521faa
----------------- Done invoking toplevel() on ptolemy.moml.MoMLSimpleApplication@18521faa
reloadAllAccessors: .Modal6
----------------- testing Tue May 29 01:19:42 UTC 2018 /home/travis/build/icyphy/ptII/ptolemy/domains/de/test/auto/Modal7.xml
----------------- Instantiating /home/travis/build/icyphy/ptII/ptolemy/domains/de/test/auto/Modal7.xml
6 ms. Memory: 230400K Free: 128878K (56%)
----------------- Invoking toplevel() on ptolemy.moml.MoMLSimpleApplication@c892129
----------------- Done invoking toplevel() on ptolemy.moml.MoMLSimpleApplication@c892129
reloadAllAccessors: .Modal7
----------------- testing Tue May 29 01:19:42 UTC 2018 /home/travis/build/icyphy/ptII/ptolemy/domains/de/test/auto/ModalModel.xml
----------------- Instantiating /home/travis/build/icyphy/ptII/ptolemy/domains/de/test/auto/ModalModel.xml
118 ms. Memory: 267776K Free: 242807K (91%)
----------------- Invoking toplevel() on ptolemy.moml.MoMLSimpleApplication@49ac4990
----------------- Done invoking toplevel() on ptolemy.moml.MoMLSimpleApplication@49ac4990
reloadAllAccessors: .ModalModel
----------------- testing Tue May 29 01:19:42 UTC 2018 /home/travis/build/icyphy/ptII/ptolemy/domains/de/test/auto/ModalSource.xml
----------------- Instantiating /home/travis/build/icyphy/ptII/ptolemy/domains/de/test/auto/ModalSource.xml
3 ms. Memory: 267776K Free: 232426K (87%)
----------------- Invoking toplevel() on ptolemy.moml.MoMLSimpleApplication@46b7d267
----------------- Done invoking toplevel() on ptolemy.moml.MoMLSimpleApplication@46b7d267
reloadAllAccessors: .ModalSource
----------------- testing Tue May 29 01:19:42 UTC 2018 /home/travis/build/icyphy/ptII/ptolemy/domains/de/test/auto/NonInterruptibleTimerZeroDelay.xml
----------------- Instantiating /home/travis/build/icyphy/ptII/ptolemy/domains/de/test/auto/NonInterruptibleTimerZeroDelay.xml
2 ms. Memory: 267776K Free: 227045K (85%)
----------------- Invoking toplevel() on ptolemy.moml.MoMLSimpleApplication@18e70a5
----------------- Done invoking toplevel() on ptolemy.moml.MoMLSimpleApplication@18e70a5
reloadAllAccessors: .NonInterruptibleTimerZeroDelay
----------------- testing Tue May 29 01:19:42 UTC 2018 /home/travis/build/icyphy/ptII/ptolemy/domains/de/test/auto/OpenQueueingNetwork.xml
----------------- Instantiating /home/travis/build/icyphy/ptII/ptolemy/domains/de/test/auto/OpenQueueingNetwork.xml
1713 ms. Memory: 303616K Free: 104144K (34%)
----------------- Invoking toplevel() on ptolemy.moml.MoMLSimpleApplication@69b1fec1
----------------- Done invoking toplevel() on ptolemy.moml.MoMLSimpleApplication@69b1fec1
reloadAllAccessors: .OpenQueueingNetwork
----------------- testing Tue May 29 01:19:44 UTC 2018 /home/travis/build/icyphy/ptII/ptolemy/domains/de/test/auto/OpenQueuingNetwork.xml
----------------- Instantiating /home/travis/build/icyphy/ptII/ptolemy/domains/de/test/auto/OpenQueuingNetwork.xml
164 ms. Memory: 294400K Free: 227276K (77%)
----------------- Invoking toplevel() on ptolemy.moml.MoMLSimpleApplication@6bb347b0
----------------- Done invoking toplevel() on ptolemy.moml.MoMLSimpleApplication@6bb347b0
reloadAllAccessors: .OpenQueuingNetwork
----------------- testing Tue May 29 01:19:44 UTC 2018 /home/travis/build/icyphy/ptII/ptolemy/domains/de/test/auto/PeriodicSampler.xml
----------------- Instantiating /home/travis/build/icyphy/ptII/ptolemy/domains/de/test/auto/PeriodicSampler.xml
1 ms. Memory: 294400K Free: 221074K (75%)
----------------- Invoking toplevel() on ptolemy.moml.MoMLSimpleApplication@310052cf
----------------- Done invoking toplevel() on ptolemy.moml.MoMLSimpleApplication@310052cf
reloadAllAccessors: .PeriodicSampler
----------------- testing Tue May 29 01:19:44 UTC 2018 /home/travis/build/icyphy/ptII/ptolemy/domains/de/test/auto/PersistentIO.xml
----------------- Instantiating /home/travis/build/icyphy/ptII/ptolemy/domains/de/test/auto/PersistentIO.xml
3 ms. Memory: 294400K Free: 210731K (72%)
----------------- Invoking toplevel() on ptolemy.moml.MoMLSimpleApplication@2f280890
----------------- Done invoking toplevel() on ptolemy.moml.MoMLSimpleApplication@2f280890
reloadAllAccessors: .PersistentIO
----------------- testing Tue May 29 01:19:44 UTC 2018 /home/travis/build/icyphy/ptII/ptolemy/domains/de/test/auto/PortParameterResetOnInitialize.xml
----------------- Instantiating /home/travis/build/icyphy/ptII/ptolemy/domains/de/test/auto/PortParameterResetOnInitialize.xml
1 ms. Memory: 294400K Free: 204415K (69%)
----------------- Invoking toplevel() on ptolemy.moml.MoMLSimpleApplication@5922001f
----------------- Done invoking toplevel() on ptolemy.moml.MoMLSimpleApplication@5922001f
reloadAllAccessors: .PortParameterResetOnInitialize
----------------- testing Tue May 29 01:19:44 UTC 2018 /home/travis/build/icyphy/ptII/ptolemy/domains/de/test/auto/PortParameterUpdates.xml
----------------- Instantiating /home/travis/build/icyphy/ptII/ptolemy/domains/de/test/auto/PortParameterUpdates.xml
2 ms. Memory: 294400K Free: 196886K (67%)
----------------- Invoking toplevel() on ptolemy.moml.MoMLSimpleApplication@5b872433
----------------- Done invoking toplevel() on ptolemy.moml.MoMLSimpleApplication@5b872433
reloadAllAccessors: .PortParameterUpdates
----------------- testing Tue May 29 01:19:44 UTC 2018 /home/travis/build/icyphy/ptII/ptolemy/domains/de/test/auto/QueueAndServer.xml
----------------- Instantiating /home/travis/build/icyphy/ptII/ptolemy/domains/de/test/auto/QueueAndServer.xml
5 ms. Memory: 294400K Free: 187737K (64%)
----------------- Invoking toplevel() on ptolemy.moml.MoMLSimpleApplication@5da1e81c
----------------- Done invoking toplevel() on ptolemy.moml.MoMLSimpleApplication@5da1e81c
reloadAllAccessors: .QueueAndServer
----------------- testing Tue May 29 01:19:44 UTC 2018 /home/travis/build/icyphy/ptII/ptolemy/domains/de/test/auto/Records.xml
----------------- Instantiating /home/travis/build/icyphy/ptII/ptolemy/domains/de/test/auto/Records.xml
2 ms. Memory: 294400K Free: 180218K (61%)
----------------- Invoking toplevel() on ptolemy.moml.MoMLSimpleApplication@6ad5e93a
----------------- Done invoking toplevel() on ptolemy.moml.MoMLSimpleApplication@6ad5e93a
reloadAllAccessors: .Records
----------------- testing Tue May 29 01:19:44 UTC 2018 /home/travis/build/icyphy/ptII/ptolemy/domains/de/test/auto/ResetTransitionWithStartTime1.xml
----------------- Instantiating /home/travis/build/icyphy/ptII/ptolemy/domains/de/test/auto/ResetTransitionWithStartTime1.xml
4 ms. Memory: 294400K Free: 169636K (58%)
----------------- Invoking toplevel() on ptolemy.moml.MoMLSimpleApplication@76233316
----------------- Done invoking toplevel() on ptolemy.moml.MoMLSimpleApplication@76233316
reloadAllAccessors: .ResetTransitionWithStartTime1
----------------- testing Tue May 29 01:19:44 UTC 2018 /home/travis/build/icyphy/ptII/ptolemy/domains/de/test/auto/ResetTransitionWithStartTime2.xml
----------------- Instantiating /home/travis/build/icyphy/ptII/ptolemy/domains/de/test/auto/ResetTransitionWithStartTime2.xml
3 ms. Memory: 294400K Free: 159275K (54%)
----------------- Invoking toplevel() on ptolemy.moml.MoMLSimpleApplication@161c4b6b
----------------- Done invoking toplevel() on ptolemy.moml.MoMLSimpleApplication@161c4b6b
reloadAllAccessors: .ResetTransitionWithStartTime2
----------------- testing Tue May 29 01:19:44 UTC 2018 /home/travis/build/icyphy/ptII/ptolemy/domains/de/test/auto/ResetTransitionWithStartTime3.xml
----------------- Instantiating /home/travis/build/icyphy/ptII/ptolemy/domains/de/test/auto/ResetTransitionWithStartTime3.xml
3 ms. Memory: 294400K Free: 148693K (51%)
----------------- Invoking toplevel() on ptolemy.moml.MoMLSimpleApplication@307cca9
----------------- Done invoking toplevel() on ptolemy.moml.MoMLSimpleApplication@307cca9
reloadAllAccessors: .ResetTransitionWithStartTime3
----------------- testing Tue May 29 01:19:44 UTC 2018 /home/travis/build/icyphy/ptII/ptolemy/domains/de/test/auto/ResetTransitionWithStartTime4.xml
----------------- Instantiating /home/travis/build/icyphy/ptII/ptolemy/domains/de/test/auto/ResetTransitionWithStartTime4.xml
3 ms. Memory: 294400K Free: 139734K (47%)
----------------- Invoking toplevel() on ptolemy.moml.MoMLSimpleApplication@23a09cc
----------------- Done invoking toplevel() on ptolemy.moml.MoMLSimpleApplication@23a09cc
reloadAllAccessors: .ResetTransitionWithStartTime4
----------------- testing Tue May 29 01:19:44 UTC 2018 /home/travis/build/icyphy/ptII/ptolemy/domains/de/test/auto/ResettableTimer1.xml
----------------- Instantiating /home/travis/build/icyphy/ptII/ptolemy/domains/de/test/auto/ResettableTimer1.xml
2 ms. Memory: 294400K Free: 133434K (45%)
----------------- Invoking toplevel() on ptolemy.moml.MoMLSimpleApplication@11177281
----------------- Done invoking toplevel() on ptolemy.moml.MoMLSimpleApplication@11177281
reloadAllAccessors: .ResettableTimer1
----------------- testing Tue May 29 01:19:44 UTC 2018 /home/travis/build/icyphy/ptII/ptolemy/domains/de/test/auto/ResettableTimer2.xml
----------------- Instantiating /home/travis/build/icyphy/ptII/ptolemy/domains/de/test/auto/ResettableTimer2.xml
2 ms. Memory: 294400K Free: 127356K (43%)
----------------- Invoking toplevel() on ptolemy.moml.MoMLSimpleApplication@2c58ee4
----------------- Done invoking toplevel() on ptolemy.moml.MoMLSimpleApplication@2c58ee4
reloadAllAccessors: .ResettableTimer2
----------------- testing Tue May 29 01:19:44 UTC 2018 /home/travis/build/icyphy/ptII/ptolemy/domains/de/test/auto/ResettableTimer3.xml
----------------- Instantiating /home/travis/build/icyphy/ptII/ptolemy/domains/de/test/auto/ResettableTimer3.xml
1 ms. Memory: 294400K Free: 121063K (41%)
----------------- Invoking toplevel() on ptolemy.moml.MoMLSimpleApplication@23617dd7
----------------- Done invoking toplevel() on ptolemy.moml.MoMLSimpleApplication@23617dd7
reloadAllAccessors: .ResettableTimer3
----------------- testing Tue May 29 01:19:44 UTC 2018 /home/travis/build/icyphy/ptII/ptolemy/domains/de/test/auto/ResettableTimer4.xml
----------------- Instantiating /home/travis/build/icyphy/ptII/ptolemy/domains/de/test/auto/ResettableTimer4.xml
1 ms. Memory: 294400K Free: 114985K (39%)
----------------- Invoking toplevel() on ptolemy.moml.MoMLSimpleApplication@2d938f36
----------------- Done invoking toplevel() on ptolemy.moml.MoMLSimpleApplication@2d938f36
reloadAllAccessors: .ResettableTimer4
----------------- testing Tue May 29 01:19:44 UTC 2018 /home/travis/build/icyphy/ptII/ptolemy/domains/de/test/auto/ResettableTimer5.xml
----------------- Instantiating /home/travis/build/icyphy/ptII/ptolemy/domains/de/test/auto/ResettableTimer5.xml
1 ms. Memory: 294400K Free: 108685K (37%)
----------------- Invoking toplevel() on ptolemy.moml.MoMLSimpleApplication@4f267836
----------------- Done invoking toplevel() on ptolemy.moml.MoMLSimpleApplication@4f267836
reloadAllAccessors: .ResettableTimer5
----------------- testing Tue May 29 01:19:44 UTC 2018 /home/travis/build/icyphy/ptII/ptolemy/domains/de/test/auto/ResettableTimer6.xml
----------------- Instantiating /home/travis/build/icyphy/ptII/ptolemy/domains/de/test/auto/ResettableTimer6.xml
1 ms. Memory: 294400K Free: 102591K (35%)
----------------- Invoking toplevel() on ptolemy.moml.MoMLSimpleApplication@4460232e
----------------- Done invoking toplevel() on ptolemy.moml.MoMLSimpleApplication@4460232e
reloadAllAccessors: .ResettableTimer6
----------------- testing Tue May 29 01:19:44 UTC 2018 /home/travis/build/icyphy/ptII/ptolemy/domains/de/test/auto/ServerZeroDelay.xml
----------------- Instantiating /home/travis/build/icyphy/ptII/ptolemy/domains/de/test/auto/ServerZeroDelay.xml
2 ms. Memory: 294400K Free: 96291K (33%)
----------------- Invoking toplevel() on ptolemy.moml.MoMLSimpleApplication@2f8eacca
----------------- Done invoking toplevel() on ptolemy.moml.MoMLSimpleApplication@2f8eacca
reloadAllAccessors: .ServerZeroDelay
----------------- testing Tue May 29 01:19:44 UTC 2018 /home/travis/build/icyphy/ptII/ptolemy/domains/de/test/auto/SmartSender.xml
----------------- Instantiating /home/travis/build/icyphy/ptII/ptolemy/domains/de/test/auto/SmartSender.xml
3001 ms. Memory: 294400K Free: 90197K (31%)
----------------- Invoking toplevel() on ptolemy.moml.MoMLSimpleApplication@7b2dd5
----------------- Done invoking toplevel() on ptolemy.moml.MoMLSimpleApplication@7b2dd5
reloadAllAccessors: .SmartSender
----------------- testing Tue May 29 01:19:47 UTC 2018 /home/travis/build/icyphy/ptII/ptolemy/domains/de/test/auto/ThreadedComposite.xml
----------------- Instantiating /home/travis/build/icyphy/ptII/ptolemy/domains/de/test/auto/ThreadedComposite.xml
385 ms. Memory: 285184K Free: 239075K (84%)
----------------- Invoking toplevel() on ptolemy.moml.MoMLSimpleApplication@3e284f10
----------------- Done invoking toplevel() on ptolemy.moml.MoMLSimpleApplication@3e284f10
reloadAllAccessors: .ThreadedComposite
----------------- testing Tue May 29 01:19:48 UTC 2018 /home/travis/build/icyphy/ptII/ptolemy/domains/de/test/auto/Time.xml
----------------- Instantiating /home/travis/build/icyphy/ptII/ptolemy/domains/de/test/auto/Time.xml
390 ms. Memory: 285184K Free: 182136K (64%)
----------------- Invoking toplevel() on ptolemy.moml.MoMLSimpleApplication@1f7edf13
----------------- Done invoking toplevel() on ptolemy.moml.MoMLSimpleApplication@1f7edf13
reloadAllAccessors: .Time
----------------- testing Tue May 29 01:19:48 UTC 2018 /home/travis/build/icyphy/ptII/ptolemy/domains/de/test/auto/TimeDelayZeroDelay.xml
----------------- Instantiating /home/travis/build/icyphy/ptII/ptolemy/domains/de/test/auto/TimeDelayZeroDelay.xml
2 ms. Memory: 285184K Free: 176117K (62%)
----------------- Invoking toplevel() on ptolemy.moml.MoMLSimpleApplication@722dd45f
----------------- Done invoking toplevel() on ptolemy.moml.MoMLSimpleApplication@722dd45f
reloadAllAccessors: .TimeDelayZeroDelay
----------------- testing Tue May 29 01:19:48 UTC 2018 /home/travis/build/icyphy/ptII/ptolemy/domains/de/test/auto/TimerZeroDelay.xml
----------------- Instantiating /home/travis/build/icyphy/ptII/ptolemy/domains/de/test/auto/TimerZeroDelay.xml
1 ms. Memory: 285184K Free: 170075K (60%)
----------------- Invoking toplevel() on ptolemy.moml.MoMLSimpleApplication@76363a40
----------------- Done invoking toplevel() on ptolemy.moml.MoMLSimpleApplication@76363a40
reloadAllAccessors: .TimerZeroDelay
----------------- testing Tue May 29 01:19:48 UTC 2018 /home/travis/build/icyphy/ptII/ptolemy/domains/de/test/auto/TimingParadox.xml
----------------- Instantiating /home/travis/build/icyphy/ptII/ptolemy/domains/de/test/auto/TimingParadox.xml
281 ms. Memory: 285184K Free: 100392K (35%)
----------------- Invoking toplevel() on ptolemy.moml.MoMLSimpleApplication@575bbeaa
----------------- Done invoking toplevel() on ptolemy.moml.MoMLSimpleApplication@575bbeaa
reloadAllAccessors: .TimingParadox
----------------- testing Tue May 29 01:19:49 UTC 2018 /home/travis/build/icyphy/ptII/ptolemy/domains/de/test/auto/TransferInputs.xml
----------------- Instantiating /home/travis/build/icyphy/ptII/ptolemy/domains/de/test/auto/TransferInputs.xml
1 ms. Memory: 285184K Free: 94358K (33%)
----------------- Invoking toplevel() on ptolemy.moml.MoMLSimpleApplication@2e95f2af
----------------- Done invoking toplevel() on ptolemy.moml.MoMLSimpleApplication@2e95f2af
reloadAllAccessors: .TransferInputs
----------------- testing Tue May 29 01:19:49 UTC 2018 /home/travis/build/icyphy/ptII/ptolemy/domains/de/test/auto/TransferOutputs2.xml
----------------- Instantiating /home/travis/build/icyphy/ptII/ptolemy/domains/de/test/auto/TransferOutputs2.xml
2 ms. Memory: 285184K Free: 85629K (30%)
----------------- Invoking toplevel() on ptolemy.moml.MoMLSimpleApplication@191d34f6
----------------- Done invoking toplevel() on ptolemy.moml.MoMLSimpleApplication@191d34f6
reloadAllAccessors: .TransferOutputs2
----------------- testing Tue May 29 01:19:49 UTC 2018 /home/travis/build/icyphy/ptII/ptolemy/domains/de/test/auto/Trilateration.xml
----------------- Instantiating /home/travis/build/icyphy/ptII/ptolemy/domains/de/test/auto/Trilateration.xml
10630 ms. Memory: 566784K Free: 212558K (38%)
----------------- Invoking toplevel() on ptolemy.moml.MoMLSimpleApplication@f30d230
----------------- Done invoking toplevel() on ptolemy.moml.MoMLSimpleApplication@f30d230
reloadAllAccessors: .Trilateration
----------------- testing Tue May 29 01:20:00 UTC 2018 /home/travis/build/icyphy/ptII/ptolemy/domains/de/test/auto/TwoSigmaDelta.xml
----------------- Instantiating /home/travis/build/icyphy/ptII/ptolemy/domains/de/test/auto/TwoSigmaDelta.xml
1813 ms. Memory: 539136K Free: 367176K (68%)
----------------- Invoking toplevel() on ptolemy.moml.MoMLSimpleApplication@97baf5
----------------- Done invoking toplevel() on ptolemy.moml.MoMLSimpleApplication@97baf5
reloadAllAccessors: .TwoSigmaDelta
----------------- testing Tue May 29 01:20:02 UTC 2018 /home/travis/build/icyphy/ptII/ptolemy/domains/de/test/auto/VariableDelay.xml
----------------- Instantiating /home/travis/build/icyphy/ptII/ptolemy/domains/de/test/auto/VariableDelay.xml
2 ms. Memory: 539136K Free: 352600K (65%)
----------------- Invoking toplevel() on ptolemy.moml.MoMLSimpleApplication@2053daab
----------------- Done invoking toplevel() on ptolemy.moml.MoMLSimpleApplication@2053daab
reloadAllAccessors: .VariableDelay
----------------- testing Tue May 29 01:20:02 UTC 2018 /home/travis/build/icyphy/ptII/ptolemy/domains/de/test/auto/VariableDelay2.xml
----------------- Instantiating /home/travis/build/icyphy/ptII/ptolemy/domains/de/test/auto/VariableDelay2.xml
2 ms. Memory: 539136K Free: 343004K (64%)
----------------- Invoking toplevel() on ptolemy.moml.MoMLSimpleApplication@29c0e2c7
----------------- Done invoking toplevel() on ptolemy.moml.MoMLSimpleApplication@29c0e2c7
reloadAllAccessors: .VariableDelay2
----------------- testing Tue May 29 01:20:02 UTC 2018 /home/travis/build/icyphy/ptII/ptolemy/domains/de/test/auto/VariableDelayZeroDelay.xml
----------------- Instantiating /home/travis/build/icyphy/ptII/ptolemy/domains/de/test/auto/VariableDelayZeroDelay.xml
1 ms. Memory: 539136K Free: 333183K (62%)
----------------- Invoking toplevel() on ptolemy.moml.MoMLSimpleApplication@14a62c95
----------------- Done invoking toplevel() on ptolemy.moml.MoMLSimpleApplication@14a62c95
reloadAllAccessors: .VariableDelayZeroDelay
----------------- testing Tue May 29 01:20:02 UTC 2018 /home/travis/build/icyphy/ptII/ptolemy/domains/de/test/auto/VariableDelayZeroDelay2.xml
----------------- Instantiating /home/travis/build/icyphy/ptII/ptolemy/domains/de/test/auto/VariableDelayZeroDelay2.xml
2 ms. Memory: 539136K Free: 323587K (60%)
----------------- Invoking toplevel() on ptolemy.moml.MoMLSimpleApplication@7818150b
----------------- Done invoking toplevel() on ptolemy.moml.MoMLSimpleApplication@7818150b
reloadAllAccessors: .VariableDelayZeroDelay2
----------------- testing Tue May 29 01:20:02 UTC 2018 /home/travis/build/icyphy/ptII/ptolemy/domains/de/test/auto/deInCt.xml
----------------- Instantiating /home/travis/build/icyphy/ptII/ptolemy/domains/de/test/auto/deInCt.xml
0
1
1
0
0
1
1
1
1
1
0
0
0
1
1
1
0
0
0
1
1
1
1
1
1
0
0
0
1
1
1
1
1
3 ms. Memory: 539136K Free: 313764K (58%)
----------------- Invoking toplevel() on ptolemy.moml.MoMLSimpleApplication@63453a68
----------------- Done invoking toplevel() on ptolemy.moml.MoMLSimpleApplication@63453a68
reloadAllAccessors: .deInCt
----------------- testing Tue May 29 01:20:02 UTC 2018 /home/travis/build/icyphy/ptII/ptolemy/domains/de/test/auto/deInCt2.xml
----------------- Instantiating /home/travis/build/icyphy/ptII/ptolemy/domains/de/test/auto/deInCt2.xml
0
1
1
1
0
0
1
1
1
0
0
1
1
1
0
0
1
1
1
0
0
1
1
1
0
0
1
1
1
0
0
1
1
1
0
0
1
1
1
0
0
0
4 ms. Memory: 539136K Free: 304168K (56%)
----------------- Invoking toplevel() on ptolemy.moml.MoMLSimpleApplication@275aa322
----------------- Done invoking toplevel() on ptolemy.moml.MoMLSimpleApplication@275aa322
reloadAllAccessors: .deInCt2
----------------- testing Tue May 29 01:20:02 UTC 2018 /home/travis/build/icyphy/ptII/ptolemy/domains/de/test/auto/dynamicCausalityInterface1.xml
----------------- Instantiating /home/travis/build/icyphy/ptII/ptolemy/domains/de/test/auto/dynamicCausalityInterface1.xml
0 ms. Memory: 539136K Free: 289992K (54%)
----------------- Invoking toplevel() on ptolemy.moml.MoMLSimpleApplication@2a8fbc12
----------------- Done invoking toplevel() on ptolemy.moml.MoMLSimpleApplication@2a8fbc12
reloadAllAccessors: .dynamicCausalityInterface1
----------------- testing Tue May 29 01:20:02 UTC 2018 /home/travis/build/icyphy/ptII/ptolemy/domains/de/test/auto/fsm_de_test.xml
----------------- Instantiating /home/travis/build/icyphy/ptII/ptolemy/domains/de/test/auto/fsm_de_test.xml
4 ms. Memory: 539136K Free: 275582K (51%)
----------------- Invoking toplevel() on ptolemy.moml.MoMLSimpleApplication@5b7edd0a
----------------- Done invoking toplevel() on ptolemy.moml.MoMLSimpleApplication@5b7edd0a
reloadAllAccessors: .fsm_de_test
----------------- testing Tue May 29 01:20:02 UTC 2018 /home/travis/build/icyphy/ptII/ptolemy/domains/de/test/auto/functionDependencyReconstruction.xml
----------------- Instantiating /home/travis/build/icyphy/ptII/ptolemy/domains/de/test/auto/functionDependencyReconstruction.xml
1 ms. Memory: 539136K Free: 252238K (47%)
----------------- Invoking toplevel() on ptolemy.moml.MoMLSimpleApplication@4ec04094
----------------- Done invoking toplevel() on ptolemy.moml.MoMLSimpleApplication@4ec04094
reloadAllAccessors: .functionDependencyReconstruction
----------------- testing Tue May 29 01:20:02 UTC 2018 /home/travis/build/icyphy/ptII/ptolemy/domains/de/test/auto/multirate.xml
----------------- Instantiating /home/travis/build/icyphy/ptII/ptolemy/domains/de/test/auto/multirate.xml
2 ms. Memory: 539136K Free: 237836K (44%)
----------------- Invoking toplevel() on ptolemy.moml.MoMLSimpleApplication@29a69c7e
----------------- Done invoking toplevel() on ptolemy.moml.MoMLSimpleApplication@29a69c7e
reloadAllAccessors: .multirate
----------------- testing Tue May 29 01:20:02 UTC 2018 /home/travis/build/icyphy/ptII/ptolemy/domains/de/test/auto/multirate2.xml
----------------- Instantiating /home/travis/build/icyphy/ptII/ptolemy/domains/de/test/auto/multirate2.xml
2 ms. Memory: 539136K Free: 223652K (41%)
----------------- Invoking toplevel() on ptolemy.moml.MoMLSimpleApplication@70a79d06
----------------- Done invoking toplevel() on ptolemy.moml.MoMLSimpleApplication@70a79d06
reloadAllAccessors: .multirate2
----------------- testing Tue May 29 01:20:02 UTC 2018 /home/travis/build/icyphy/ptII/ptolemy/domains/de/test/auto/realtime.xml
----------------- Instantiating /home/travis/build/icyphy/ptII/ptolemy/domains/de/test/auto/realtime.xml
10001 ms. Memory: 539136K Free: 213831K (40%)
----------------- Invoking toplevel() on ptolemy.moml.MoMLSimpleApplication@303c07b2
----------------- Done invoking toplevel() on ptolemy.moml.MoMLSimpleApplication@303c07b2
reloadAllAccessors: .realtime
----------------- testing Tue May 29 01:20:12 UTC 2018 /home/travis/build/icyphy/ptII/ptolemy/domains/de/test/auto/relationGroup.xml
----------------- Instantiating /home/travis/build/icyphy/ptII/ptolemy/domains/de/test/auto/relationGroup.xml
1 ms. Memory: 539136K Free: 204235K (38%)
----------------- Invoking toplevel() on ptolemy.moml.MoMLSimpleApplication@46642010
----------------- Done invoking toplevel() on ptolemy.moml.MoMLSimpleApplication@46642010
reloadAllAccessors: .relationGroup
----------------- testing Tue May 29 01:20:12 UTC 2018 /home/travis/build/icyphy/ptII/ptolemy/domains/de/test/auto/relationGroup2.xml
----------------- Instantiating /home/travis/build/icyphy/ptII/ptolemy/domains/de/test/auto/relationGroup2.xml
1 ms. Memory: 539136K Free: 194639K (36%)
----------------- Invoking toplevel() on ptolemy.moml.MoMLSimpleApplication@7cd3133d
----------------- Done invoking toplevel() on ptolemy.moml.MoMLSimpleApplication@7cd3133d
reloadAllAccessors: .relationGroup2
----------------- testing Tue May 29 01:20:12 UTC 2018 /home/travis/build/icyphy/ptII/ptolemy/domains/de/test/auto/sortWithOpaquePorts.xml
----------------- Instantiating /home/travis/build/icyphy/ptII/ptolemy/domains/de/test/auto/sortWithOpaquePorts.xml
1 ms. Memory: 539136K Free: 184818K (34%)
----------------- Invoking toplevel() on ptolemy.moml.MoMLSimpleApplication@b9571fd
----------------- Done invoking toplevel() on ptolemy.moml.MoMLSimpleApplication@b9571fd
reloadAllAccessors: .sortWithOpaquePorts
----------------- testing Tue May 29 01:20:12 UTC 2018 /home/travis/build/icyphy/ptII/ptolemy/domains/de/test/auto/transferInputsandOutputs.xml
----------------- Instantiating /home/travis/build/icyphy/ptII/ptolemy/domains/de/test/auto/transferInputsandOutputs.xml
2 ms. Memory: 539136K Free: 170634K (32%)
----------------- Invoking toplevel() on ptolemy.moml.MoMLSimpleApplication@1d42aa18
----------------- Done invoking toplevel() on ptolemy.moml.MoMLSimpleApplication@1d42aa18
reloadAllAccessors: .transferInputsandOutputs
----------------- testing Tue May 29 01:20:12 UTC 2018 /home/travis/build/icyphy/ptII/ptolemy/domains/de/test/auto/triggerType.xml
----------------- Instantiating /home/travis/build/icyphy/ptII/ptolemy/domains/de/test/auto/triggerType.xml
1 ms. Memory: 539136K Free: 160812K (30%)
----------------- Invoking toplevel() on ptolemy.moml.MoMLSimpleApplication@24f802a0
----------------- Done invoking toplevel() on ptolemy.moml.MoMLSimpleApplication@24f802a0
reloadAllAccessors: .triggerType
AutoTests.java: About to close Vertx.
AutoTests.java: Vertx closed.
]]></system-out>
  <system-err><![CDATA[java.lang.RuntimeException: Execution failed
	at ptolemy.moml.MoMLSimpleApplication$UnloadThread.run(MoMLSimpleApplication.java:402)
Caused by: ptolemy.kernel.util.IllegalActionException: Found a zero delay loop containing .dependencyLoop.original
  in .dependencyLoop and .dependencyLoop.original
	at ptolemy.actor.util.CausalityInterfaceForComposites._computeOutputPortDepth(CausalityInterfaceForComposites.java:759)
	at ptolemy.actor.util.CausalityInterfaceForComposites._computeInputDepth(CausalityInterfaceForComposites.java:696)
	at ptolemy.actor.util.CausalityInterfaceForComposites._computeOutputPortDepth(CausalityInterfaceForComposites.java:765)
	at ptolemy.actor.util.CausalityInterfaceForComposites._computeInputDepth(CausalityInterfaceForComposites.java:696)
	at ptolemy.actor.util.CausalityInterfaceForComposites._computeOutputPortDepth(CausalityInterfaceForComposites.java:765)
	at ptolemy.actor.util.CausalityInterfaceForComposites._computeInputDepth(CausalityInterfaceForComposites.java:696)
	at ptolemy.actor.util.CausalityInterfaceForComposites._computeActorDepth(CausalityInterfaceForComposites.java:532)
	at ptolemy.actor.util.CausalityInterfaceForComposites.checkForCycles(CausalityInterfaceForComposites.java:96)
	at ptolemy.domains.de.kernel.DEDirector.preinitialize(DEDirector.java:1337)
	at ptolemy.actor.CompositeActor.preinitialize(CompositeActor.java:1828)
	at ptolemy.actor.Manager.preinitializeAndResolveTypes(Manager.java:1040)
	at ptolemy.actor.Manager.initialize(Manager.java:710)
	at ptolemy.actor.Manager.execute(Manager.java:356)
	at ptolemy.actor.Manager.run(Manager.java:1263)
	at ptolemy.actor.Manager$PtolemyRunThread.run(Manager.java:1915)
java.lang.RuntimeException: Execution failed
	at ptolemy.moml.MoMLSimpleApplication$UnloadThread.run(MoMLSimpleApplication.java:402)
Caused by: ptolemy.kernel.util.IllegalActionException: Found a zero delay loop containing .dependencyLoop2.original
  in .dependencyLoop2 and .dependencyLoop2.original
	at ptolemy.actor.util.CausalityInterfaceForComposites._computeOutputPortDepth(CausalityInterfaceForComposites.java:759)
	at ptolemy.actor.util.CausalityInterfaceForComposites._computeInputDepth(CausalityInterfaceForComposites.java:696)
	at ptolemy.actor.util.CausalityInterfaceForComposites._computeOutputPortDepth(CausalityInterfaceForComposites.java:765)
	at ptolemy.actor.util.CausalityInterfaceForComposites._computeInputDepth(CausalityInterfaceForComposites.java:696)
	at ptolemy.actor.util.CausalityInterfaceForComposites._computeOutputPortDepth(CausalityInterfaceForComposites.java:765)
	at ptolemy.actor.util.CausalityInterfaceForComposites._computeInputDepth(CausalityInterfaceForComposites.java:696)
	at ptolemy.actor.util.CausalityInterfaceForComposites._computeActorDepth(CausalityInterfaceForComposites.java:532)
	at ptolemy.actor.util.CausalityInterfaceForComposites.checkForCycles(CausalityInterfaceForComposites.java:96)
	at ptolemy.domains.de.kernel.DEDirector.preinitialize(DEDirector.java:1337)
	at ptolemy.actor.CompositeActor.preinitialize(CompositeActor.java:1828)
	at ptolemy.actor.Manager.preinitializeAndResolveTypes(Manager.java:1040)
	at ptolemy.actor.Manager.initialize(Manager.java:710)
	at ptolemy.actor.Manager.execute(Manager.java:356)
	at ptolemy.actor.Manager.run(Manager.java:1263)
	at ptolemy.actor.Manager$PtolemyRunThread.run(Manager.java:1915)
java.lang.RuntimeException: Execution failed
	at ptolemy.moml.MoMLSimpleApplication$UnloadThread.run(MoMLSimpleApplication.java:402)
Caused by: ptolemy.kernel.util.IllegalActionException: Found a zero delay loop containing .dependencyLoop.original
  in .dependencyLoop and .dependencyLoop.original
	at ptolemy.actor.util.CausalityInterfaceForComposites._computeOutputPortDepth(CausalityInterfaceForComposites.java:759)
	at ptolemy.actor.util.CausalityInterfaceForComposites._computeInputDepth(CausalityInterfaceForComposites.java:696)
	at ptolemy.actor.util.CausalityInterfaceForComposites._computeOutputPortDepth(CausalityInterfaceForComposites.java:765)
	at ptolemy.actor.util.CausalityInterfaceForComposites._computeInputDepth(CausalityInterfaceForComposites.java:696)
	at ptolemy.actor.util.CausalityInterfaceForComposites._computeOutputPortDepth(CausalityInterfaceForComposites.java:765)
	at ptolemy.actor.util.CausalityInterfaceForComposites._computeInputDepth(CausalityInterfaceForComposites.java:696)
	at ptolemy.actor.util.CausalityInterfaceForComposites._computeActorDepth(CausalityInterfaceForComposites.java:532)
	at ptolemy.actor.util.CausalityInterfaceForComposites.checkForCycles(CausalityInterfaceForComposites.java:96)
	at ptolemy.domains.de.kernel.DEDirector.preinitialize(DEDirector.java:1337)
	at ptolemy.actor.CompositeActor.preinitialize(CompositeActor.java:1828)
	at ptolemy.actor.Manager.preinitializeAndResolveTypes(Manager.java:1040)
	at ptolemy.actor.Manager.initialize(Manager.java:710)
	at ptolemy.actor.Manager.execute(Manager.java:356)
	at ptolemy.actor.Manager.run(Manager.java:1263)
	at ptolemy.actor.Manager$PtolemyRunThread.run(Manager.java:1915)
java.lang.RuntimeException: Execution failed
	at ptolemy.moml.MoMLSimpleApplication$UnloadThread.run(MoMLSimpleApplication.java:402)
Caused by: ptolemy.kernel.util.IllegalActionException: Actor is not ready to fire.  Perhaps UpSample.prefire() returned false? Try debugging the actor by selecting "Listen to Actor".  Also, for SDF check moml for tokenConsumptionRate on input.
  in .DESDFClockTest.Play Bell.Copy1:SDF Director and .DESDFClockTest.Play Bell.UpSample
	at ptolemy.actor.sched.StaticSchedulingDirector.fire(StaticSchedulingDirector.java:227)
	at ptolemy.domains.sdf.kernel.SDFDirector.fire(SDFDirector.java:500)
	at ptolemy.actor.CompositeActor.fire(CompositeActor.java:455)
	at ptolemy.domains.de.kernel.DEDirector._fire(DEDirector.java:1948)
	at ptolemy.domains.de.kernel.DEDirector.fire(DEDirector.java:502)
	at ptolemy.actor.CompositeActor.fire(CompositeActor.java:455)
	at ptolemy.actor.Manager.iterate(Manager.java:851)
	at ptolemy.actor.Manager.execute(Manager.java:369)
	at ptolemy.actor.Manager.run(Manager.java:1263)
	at ptolemy.actor.Manager$PtolemyRunThread.run(Manager.java:1915)
java.lang.RuntimeException: Execution failed
	at ptolemy.moml.MoMLSimpleApplication$UnloadThread.run(MoMLSimpleApplication.java:402)
Caused by: ptolemy.kernel.util.IllegalActionException: Found a zero delay loop containing .dependencyLoop2.original
  in .dependencyLoop2 and .dependencyLoop2.original
	at ptolemy.actor.util.CausalityInterfaceForComposites._computeOutputPortDepth(CausalityInterfaceForComposites.java:759)
	at ptolemy.actor.util.CausalityInterfaceForComposites._computeInputDepth(CausalityInterfaceForComposites.java:696)
	at ptolemy.actor.util.CausalityInterfaceForComposites._computeOutputPortDepth(CausalityInterfaceForComposites.java:765)
	at ptolemy.actor.util.CausalityInterfaceForComposites._computeInputDepth(CausalityInterfaceForComposites.java:696)
	at ptolemy.actor.util.CausalityInterfaceForComposites._computeOutputPortDepth(CausalityInterfaceForComposites.java:765)
	at ptolemy.actor.util.CausalityInterfaceForComposites._computeInputDepth(CausalityInterfaceForComposites.java:696)
	at ptolemy.actor.util.CausalityInterfaceForComposites._computeActorDepth(CausalityInterfaceForComposites.java:532)
	at ptolemy.actor.util.CausalityInterfaceForComposites.checkForCycles(CausalityInterfaceForComposites.java:96)
	at ptolemy.domains.de.kernel.DEDirector.preinitialize(DEDirector.java:1337)
	at ptolemy.actor.CompositeActor.preinitialize(CompositeActor.java:1828)
	at ptolemy.actor.Manager.preinitializeAndResolveTypes(Manager.java:1040)
	at ptolemy.actor.Manager.initialize(Manager.java:710)
	at ptolemy.actor.Manager.execute(Manager.java:356)
	at ptolemy.actor.Manager.run(Manager.java:1263)
	at ptolemy.actor.Manager$PtolemyRunThread.run(Manager.java:1915)
java.lang.RuntimeException: Execution failed
	at ptolemy.moml.MoMLSimpleApplication$UnloadThread.run(MoMLSimpleApplication.java:402)
Caused by: ptolemy.kernel.util.IllegalActionException: Found a zero delay loop containing .HierarchicalModel.A
  in .HierarchicalModel and .HierarchicalModel.A
	at ptolemy.actor.util.CausalityInterfaceForComposites._computeOutputPortDepth(CausalityInterfaceForComposites.java:759)
	at ptolemy.actor.util.CausalityInterfaceForComposites._computeInputDepth(CausalityInterfaceForComposites.java:696)
	at ptolemy.actor.util.CausalityInterfaceForComposites._computeOutputPortDepth(CausalityInterfaceForComposites.java:765)
	at ptolemy.actor.util.CausalityInterfaceForComposites._computeInputDepth(CausalityInterfaceForComposites.java:696)
	at ptolemy.actor.util.CausalityInterfaceForComposites._computeOutputPortDepth(CausalityInterfaceForComposites.java:765)
	at ptolemy.actor.util.CausalityInterfaceForComposites._computeInputDepth(CausalityInterfaceForComposites.java:696)
	at ptolemy.actor.util.CausalityInterfaceForComposites._computeActorDepth(CausalityInterfaceForComposites.java:532)
	at ptolemy.actor.util.CausalityInterfaceForComposites.checkForCycles(CausalityInterfaceForComposites.java:96)
	at ptolemy.domains.de.kernel.DEDirector.preinitialize(DEDirector.java:1337)
	at ptolemy.actor.CompositeActor.preinitialize(CompositeActor.java:1828)
	at ptolemy.actor.Manager.preinitializeAndResolveTypes(Manager.java:1040)
	at ptolemy.actor.Manager.initialize(Manager.java:710)
	at ptolemy.actor.Manager.execute(Manager.java:356)
	at ptolemy.actor.Manager.run(Manager.java:1263)
	at ptolemy.actor.Manager$PtolemyRunThread.run(Manager.java:1915)
java.lang.RuntimeException: Execution failed
	at ptolemy.moml.MoMLSimpleApplication$UnloadThread.run(MoMLSimpleApplication.java:402)
Caused by: ptolemy.kernel.util.IllegalActionException: Test fails in iteration 1.
Value was: 1.0. Should have been: 2.0
  in .DirectFeedback.Test
	at ptolemy.actor.lib.Test.fire(Test.java:268)
	at ptolemy.domains.de.kernel.DEDirector._fire(DEDirector.java:1948)
	at ptolemy.domains.de.kernel.DEDirector.fire(DEDirector.java:502)
	at ptolemy.actor.CompositeActor.fire(CompositeActor.java:455)
	at ptolemy.actor.Manager.iterate(Manager.java:851)
	at ptolemy.actor.Manager.execute(Manager.java:369)
	at ptolemy.actor.Manager.run(Manager.java:1263)
	at ptolemy.actor.Manager$PtolemyRunThread.run(Manager.java:1915)
java.lang.RuntimeException: Execution failed
	at ptolemy.moml.MoMLSimpleApplication$UnloadThread.run(MoMLSimpleApplication.java:402)
Caused by: ptolemy.kernel.util.IllegalActionException: Actor is not ready to fire.  Perhaps UpSample.prefire() returned false? Try debugging the actor by selecting "Listen to Actor".  Also, for SDF check moml for tokenConsumptionRate on input.
  in .DESDFClockTest.Play Bell.Copy1:SDF Director and .DESDFClockTest.Play Bell.UpSample
	at ptolemy.actor.sched.StaticSchedulingDirector.fire(StaticSchedulingDirector.java:227)
	at ptolemy.domains.sdf.kernel.SDFDirector.fire(SDFDirector.java:500)
	at ptolemy.actor.CompositeActor.fire(CompositeActor.java:455)
	at ptolemy.domains.de.kernel.DEDirector._fire(DEDirector.java:1948)
	at ptolemy.domains.de.kernel.DEDirector.fire(DEDirector.java:502)
	at ptolemy.actor.CompositeActor.fire(CompositeActor.java:455)
	at ptolemy.actor.Manager.iterate(Manager.java:851)
	at ptolemy.actor.Manager.execute(Manager.java:369)
	at ptolemy.actor.Manager.run(Manager.java:1263)
	at ptolemy.actor.Manager$PtolemyRunThread.run(Manager.java:1915)
java.lang.reflect.InvocationTargetException
	at sun.reflect.NativeConstructorAccessorImpl.newInstance0(Native Method)
	at sun.reflect.NativeConstructorAccessorImpl.newInstance(NativeConstructorAccessorImpl.java:62)
	at sun.reflect.DelegatingConstructorAccessorImpl.newInstance(DelegatingConstructorAccessorImpl.java:45)
	at java.lang.reflect.Constructor.newInstance(Constructor.java:423)
	at ptolemy.util.test.junit.AutoKnownFailedTests.RunModel(AutoKnownFailedTests.java:107)
	at sun.reflect.NativeMethodAccessorImpl.invoke0(Native Method)
	at sun.reflect.NativeMethodAccessorImpl.invoke(NativeMethodAccessorImpl.java:62)
	at sun.reflect.DelegatingMethodAccessorImpl.invoke(DelegatingMethodAccessorImpl.java:43)
	at java.lang.reflect.Method.invoke(Method.java:498)
	at org.junit.runners.model.FrameworkMethod$1.runReflectiveCall(FrameworkMethod.java:44)
	at org.junit.internal.runners.model.ReflectiveCallable.run(ReflectiveCallable.java:15)
	at org.junit.runners.model.FrameworkMethod.invokeExplosively(FrameworkMethod.java:41)
	at junitparams.internal.InvokeParameterisedMethod.evaluate(InvokeParameterisedMethod.java:102)
	at org.junit.internal.runners.statements.FailOnTimeout$1.run(FailOnTimeout.java:28)
Caused by: ptolemy.kernel.util.IllegalActionException: Actor is not ready to fire.  Perhaps UpSample.prefire() returned false? Try debugging the actor by selecting "Listen to Actor".  Also, for SDF check moml for tokenConsumptionRate on input.
  in .DESDFClockTest.Play Bell.Copy1:SDF Director and .DESDFClockTest.Play Bell.UpSample
	at ptolemy.actor.sched.StaticSchedulingDirector.fire(StaticSchedulingDirector.java:227)
	at ptolemy.domains.sdf.kernel.SDFDirector.fire(SDFDirector.java:500)
	at ptolemy.actor.CompositeActor.fire(CompositeActor.java:455)
	at ptolemy.domains.de.kernel.DEDirector._fire(DEDirector.java:1948)
	at ptolemy.domains.de.kernel.DEDirector.fire(DEDirector.java:502)
	at ptolemy.actor.CompositeActor.fire(CompositeActor.java:455)
	at ptolemy.actor.Manager.iterate(Manager.java:851)
	at ptolemy.actor.Manager.execute(Manager.java:369)
	at ptolemy.actor.Manager.run(Manager.java:1263)
	at ptolemy.actor.Manager$PtolemyRunThread.run(Manager.java:1915)
java.lang.RuntimeException: Execution failed
	at ptolemy.moml.MoMLSimpleApplication$UnloadThread.run(MoMLSimpleApplication.java:402)
Caused by: ptolemy.kernel.util.IllegalActionException: Test fails in iteration 1.
Value was: 1.0. Should have been: 2.0
  in .DirectFeedback.Test
	at ptolemy.actor.lib.Test.fire(Test.java:268)
	at ptolemy.domains.de.kernel.DEDirector._fire(DEDirector.java:1948)
	at ptolemy.domains.de.kernel.DEDirector.fire(DEDirector.java:502)
	at ptolemy.actor.CompositeActor.fire(CompositeActor.java:455)
	at ptolemy.actor.Manager.iterate(Manager.java:851)
	at ptolemy.actor.Manager.execute(Manager.java:369)
	at ptolemy.actor.Manager.run(Manager.java:1263)
	at ptolemy.actor.Manager$PtolemyRunThread.run(Manager.java:1915)
java.lang.reflect.InvocationTargetException
	at sun.reflect.NativeConstructorAccessorImpl.newInstance0(Native Method)
	at sun.reflect.NativeConstructorAccessorImpl.newInstance(NativeConstructorAccessorImpl.java:62)
	at sun.reflect.DelegatingConstructorAccessorImpl.newInstance(DelegatingConstructorAccessorImpl.java:45)
	at java.lang.reflect.Constructor.newInstance(Constructor.java:423)
	at ptolemy.util.test.junit.AutoKnownFailedTests.RunModel(AutoKnownFailedTests.java:107)
	at sun.reflect.NativeMethodAccessorImpl.invoke0(Native Method)
	at sun.reflect.NativeMethodAccessorImpl.invoke(NativeMethodAccessorImpl.java:62)
	at sun.reflect.DelegatingMethodAccessorImpl.invoke(DelegatingMethodAccessorImpl.java:43)
	at java.lang.reflect.Method.invoke(Method.java:498)
	at org.junit.runners.model.FrameworkMethod$1.runReflectiveCall(FrameworkMethod.java:44)
	at org.junit.internal.runners.model.ReflectiveCallable.run(ReflectiveCallable.java:15)
	at org.junit.runners.model.FrameworkMethod.invokeExplosively(FrameworkMethod.java:41)
	at junitparams.internal.InvokeParameterisedMethod.evaluate(InvokeParameterisedMethod.java:102)
	at org.junit.internal.runners.statements.FailOnTimeout$1.run(FailOnTimeout.java:28)
Caused by: ptolemy.kernel.util.IllegalActionException: Test fails in iteration 1.
Value was: 1.0. Should have been: 2.0
  in .DirectFeedback.Test
	at ptolemy.actor.lib.Test.fire(Test.java:268)
	at ptolemy.domains.de.kernel.DEDirector._fire(DEDirector.java:1948)
	at ptolemy.domains.de.kernel.DEDirector.fire(DEDirector.java:502)
	at ptolemy.actor.CompositeActor.fire(CompositeActor.java:455)
	at ptolemy.actor.Manager.iterate(Manager.java:851)
	at ptolemy.actor.Manager.execute(Manager.java:369)
	at ptolemy.actor.Manager.run(Manager.java:1263)
	at ptolemy.actor.Manager$PtolemyRunThread.run(Manager.java:1915)
java.lang.RuntimeException: Execution failed
	at ptolemy.moml.MoMLSimpleApplication$UnloadThread.run(MoMLSimpleApplication.java:402)
Caused by: ptolemy.kernel.util.IllegalActionException: Found a zero delay loop containing .HierarchicalModel.A
  in .HierarchicalModel and .HierarchicalModel.A
	at ptolemy.actor.util.CausalityInterfaceForComposites._computeOutputPortDepth(CausalityInterfaceForComposites.java:759)
	at ptolemy.actor.util.CausalityInterfaceForComposites._computeInputDepth(CausalityInterfaceForComposites.java:696)
	at ptolemy.actor.util.CausalityInterfaceForComposites._computeOutputPortDepth(CausalityInterfaceForComposites.java:765)
	at ptolemy.actor.util.CausalityInterfaceForComposites._computeInputDepth(CausalityInterfaceForComposites.java:696)
	at ptolemy.actor.util.CausalityInterfaceForComposites._computeOutputPortDepth(CausalityInterfaceForComposites.java:765)
	at ptolemy.actor.util.CausalityInterfaceForComposites._computeInputDepth(CausalityInterfaceForComposites.java:696)
	at ptolemy.actor.util.CausalityInterfaceForComposites._computeActorDepth(CausalityInterfaceForComposites.java:532)
	at ptolemy.actor.util.CausalityInterfaceForComposites.checkForCycles(CausalityInterfaceForComposites.java:96)
	at ptolemy.domains.de.kernel.DEDirector.preinitialize(DEDirector.java:1337)
	at ptolemy.actor.CompositeActor.preinitialize(CompositeActor.java:1828)
	at ptolemy.actor.Manager.preinitializeAndResolveTypes(Manager.java:1040)
	at ptolemy.actor.Manager.initialize(Manager.java:710)
	at ptolemy.actor.Manager.execute(Manager.java:356)
	at ptolemy.actor.Manager.run(Manager.java:1263)
	at ptolemy.actor.Manager$PtolemyRunThread.run(Manager.java:1915)
java.lang.reflect.InvocationTargetException
	at sun.reflect.NativeConstructorAccessorImpl.newInstance0(Native Method)
	at sun.reflect.NativeConstructorAccessorImpl.newInstance(NativeConstructorAccessorImpl.java:62)
	at sun.reflect.DelegatingConstructorAccessorImpl.newInstance(DelegatingConstructorAccessorImpl.java:45)
	at java.lang.reflect.Constructor.newInstance(Constructor.java:423)
	at ptolemy.util.test.junit.AutoKnownFailedTests.RunModel(AutoKnownFailedTests.java:107)
	at sun.reflect.NativeMethodAccessorImpl.invoke0(Native Method)
	at sun.reflect.NativeMethodAccessorImpl.invoke(NativeMethodAccessorImpl.java:62)
	at sun.reflect.DelegatingMethodAccessorImpl.invoke(DelegatingMethodAccessorImpl.java:43)
	at java.lang.reflect.Method.invoke(Method.java:498)
	at org.junit.runners.model.FrameworkMethod$1.runReflectiveCall(FrameworkMethod.java:44)
	at org.junit.internal.runners.model.ReflectiveCallable.run(ReflectiveCallable.java:15)
	at org.junit.runners.model.FrameworkMethod.invokeExplosively(FrameworkMethod.java:41)
	at junitparams.internal.InvokeParameterisedMethod.evaluate(InvokeParameterisedMethod.java:102)
	at org.junit.internal.runners.statements.FailOnTimeout$1.run(FailOnTimeout.java:28)
Caused by: ptolemy.kernel.util.IllegalActionException: Found a zero delay loop containing .HierarchicalModel.A
  in .HierarchicalModel and .HierarchicalModel.A
	at ptolemy.actor.util.CausalityInterfaceForComposites._computeOutputPortDepth(CausalityInterfaceForComposites.java:759)
	at ptolemy.actor.util.CausalityInterfaceForComposites._computeInputDepth(CausalityInterfaceForComposites.java:696)
	at ptolemy.actor.util.CausalityInterfaceForComposites._computeOutputPortDepth(CausalityInterfaceForComposites.java:765)
	at ptolemy.actor.util.CausalityInterfaceForComposites._computeInputDepth(CausalityInterfaceForComposites.java:696)
	at ptolemy.actor.util.CausalityInterfaceForComposites._computeOutputPortDepth(CausalityInterfaceForComposites.java:765)
	at ptolemy.actor.util.CausalityInterfaceForComposites._computeInputDepth(CausalityInterfaceForComposites.java:696)
	at ptolemy.actor.util.CausalityInterfaceForComposites._computeActorDepth(CausalityInterfaceForComposites.java:532)
	at ptolemy.actor.util.CausalityInterfaceForComposites.checkForCycles(CausalityInterfaceForComposites.java:96)
	at ptolemy.domains.de.kernel.DEDirector.preinitialize(DEDirector.java:1337)
	at ptolemy.actor.CompositeActor.preinitialize(CompositeActor.java:1828)
	at ptolemy.actor.Manager.preinitializeAndResolveTypes(Manager.java:1040)
	at ptolemy.actor.Manager.initialize(Manager.java:710)
	at ptolemy.actor.Manager.execute(Manager.java:356)
	at ptolemy.actor.Manager.run(Manager.java:1263)
	at ptolemy.actor.Manager$PtolemyRunThread.run(Manager.java:1915)
java.lang.RuntimeException: Execution failed
	at ptolemy.moml.MoMLSimpleApplication$UnloadThread.run(MoMLSimpleApplication.java:402)
Caused by: ptolemy.kernel.util.IllegalActionException: Found a zero delay loop containing .dependencyLoop.original
  in .dependencyLoop and .dependencyLoop.original
	at ptolemy.actor.util.CausalityInterfaceForComposites._computeOutputPortDepth(CausalityInterfaceForComposites.java:759)
	at ptolemy.actor.util.CausalityInterfaceForComposites._computeInputDepth(CausalityInterfaceForComposites.java:696)
	at ptolemy.actor.util.CausalityInterfaceForComposites._computeOutputPortDepth(CausalityInterfaceForComposites.java:765)
	at ptolemy.actor.util.CausalityInterfaceForComposites._computeInputDepth(CausalityInterfaceForComposites.java:696)
	at ptolemy.actor.util.CausalityInterfaceForComposites._computeOutputPortDepth(CausalityInterfaceForComposites.java:765)
	at ptolemy.actor.util.CausalityInterfaceForComposites._computeInputDepth(CausalityInterfaceForComposites.java:696)
	at ptolemy.actor.util.CausalityInterfaceForComposites._computeActorDepth(CausalityInterfaceForComposites.java:532)
	at ptolemy.actor.util.CausalityInterfaceForComposites.checkForCycles(CausalityInterfaceForComposites.java:96)
	at ptolemy.domains.de.kernel.DEDirector.preinitialize(DEDirector.java:1337)
	at ptolemy.actor.CompositeActor.preinitialize(CompositeActor.java:1828)
	at ptolemy.actor.Manager.preinitializeAndResolveTypes(Manager.java:1040)
	at ptolemy.actor.Manager.initialize(Manager.java:710)
	at ptolemy.actor.Manager.execute(Manager.java:356)
	at ptolemy.actor.Manager.run(Manager.java:1263)
	at ptolemy.actor.Manager$PtolemyRunThread.run(Manager.java:1915)
java.lang.reflect.InvocationTargetException
	at sun.reflect.NativeConstructorAccessorImpl.newInstance0(Native Method)
	at sun.reflect.NativeConstructorAccessorImpl.newInstance(NativeConstructorAccessorImpl.java:62)
	at sun.reflect.DelegatingConstructorAccessorImpl.newInstance(DelegatingConstructorAccessorImpl.java:45)
	at java.lang.reflect.Constructor.newInstance(Constructor.java:423)
	at ptolemy.util.test.junit.AutoKnownFailedTests.RunModel(AutoKnownFailedTests.java:107)
	at sun.reflect.NativeMethodAccessorImpl.invoke0(Native Method)
	at sun.reflect.NativeMethodAccessorImpl.invoke(NativeMethodAccessorImpl.java:62)
	at sun.reflect.DelegatingMethodAccessorImpl.invoke(DelegatingMethodAccessorImpl.java:43)
	at java.lang.reflect.Method.invoke(Method.java:498)
	at org.junit.runners.model.FrameworkMethod$1.runReflectiveCall(FrameworkMethod.java:44)
	at org.junit.internal.runners.model.ReflectiveCallable.run(ReflectiveCallable.java:15)
	at org.junit.runners.model.FrameworkMethod.invokeExplosively(FrameworkMethod.java:41)
	at junitparams.internal.InvokeParameterisedMethod.evaluate(InvokeParameterisedMethod.java:102)
	at org.junit.internal.runners.statements.FailOnTimeout$1.run(FailOnTimeout.java:28)
Caused by: ptolemy.kernel.util.IllegalActionException: Found a zero delay loop containing .dependencyLoop.original
  in .dependencyLoop and .dependencyLoop.original
	at ptolemy.actor.util.CausalityInterfaceForComposites._computeOutputPortDepth(CausalityInterfaceForComposites.java:759)
	at ptolemy.actor.util.CausalityInterfaceForComposites._computeInputDepth(CausalityInterfaceForComposites.java:696)
	at ptolemy.actor.util.CausalityInterfaceForComposites._computeOutputPortDepth(CausalityInterfaceForComposites.java:765)
	at ptolemy.actor.util.CausalityInterfaceForComposites._computeInputDepth(CausalityInterfaceForComposites.java:696)
	at ptolemy.actor.util.CausalityInterfaceForComposites._computeOutputPortDepth(CausalityInterfaceForComposites.java:765)
	at ptolemy.actor.util.CausalityInterfaceForComposites._computeInputDepth(CausalityInterfaceForComposites.java:696)
	at ptolemy.actor.util.CausalityInterfaceForComposites._computeActorDepth(CausalityInterfaceForComposites.java:532)
	at ptolemy.actor.util.CausalityInterfaceForComposites.checkForCycles(CausalityInterfaceForComposites.java:96)
	at ptolemy.domains.de.kernel.DEDirector.preinitialize(DEDirector.java:1337)
	at ptolemy.actor.CompositeActor.preinitialize(CompositeActor.java:1828)
	at ptolemy.actor.Manager.preinitializeAndResolveTypes(Manager.java:1040)
	at ptolemy.actor.Manager.initialize(Manager.java:710)
	at ptolemy.actor.Manager.execute(Manager.java:356)
	at ptolemy.actor.Manager.run(Manager.java:1263)
	at ptolemy.actor.Manager$PtolemyRunThread.run(Manager.java:1915)
java.lang.RuntimeException: Execution failed
	at ptolemy.moml.MoMLSimpleApplication$UnloadThread.run(MoMLSimpleApplication.java:402)
Caused by: ptolemy.kernel.util.IllegalActionException: Found a zero delay loop containing .dependencyLoop2.original
  in .dependencyLoop2 and .dependencyLoop2.original
	at ptolemy.actor.util.CausalityInterfaceForComposites._computeOutputPortDepth(CausalityInterfaceForComposites.java:759)
	at ptolemy.actor.util.CausalityInterfaceForComposites._computeInputDepth(CausalityInterfaceForComposites.java:696)
	at ptolemy.actor.util.CausalityInterfaceForComposites._computeOutputPortDepth(CausalityInterfaceForComposites.java:765)
	at ptolemy.actor.util.CausalityInterfaceForComposites._computeInputDepth(CausalityInterfaceForComposites.java:696)
	at ptolemy.actor.util.CausalityInterfaceForComposites._computeOutputPortDepth(CausalityInterfaceForComposites.java:765)
	at ptolemy.actor.util.CausalityInterfaceForComposites._computeInputDepth(CausalityInterfaceForComposites.java:696)
	at ptolemy.actor.util.CausalityInterfaceForComposites._computeActorDepth(CausalityInterfaceForComposites.java:532)
	at ptolemy.actor.util.CausalityInterfaceForComposites.checkForCycles(CausalityInterfaceForComposites.java:96)
	at ptolemy.domains.de.kernel.DEDirector.preinitialize(DEDirector.java:1337)
	at ptolemy.actor.CompositeActor.preinitialize(CompositeActor.java:1828)
	at ptolemy.actor.Manager.preinitializeAndResolveTypes(Manager.java:1040)
	at ptolemy.actor.Manager.initialize(Manager.java:710)
	at ptolemy.actor.Manager.execute(Manager.java:356)
	at ptolemy.actor.Manager.run(Manager.java:1263)
	at ptolemy.actor.Manager$PtolemyRunThread.run(Manager.java:1915)
java.lang.reflect.InvocationTargetException
	at sun.reflect.NativeConstructorAccessorImpl.newInstance0(Native Method)
	at sun.reflect.NativeConstructorAccessorImpl.newInstance(NativeConstructorAccessorImpl.java:62)
	at sun.reflect.DelegatingConstructorAccessorImpl.newInstance(DelegatingConstructorAccessorImpl.java:45)
	at java.lang.reflect.Constructor.newInstance(Constructor.java:423)
	at ptolemy.util.test.junit.AutoKnownFailedTests.RunModel(AutoKnownFailedTests.java:107)
	at sun.reflect.NativeMethodAccessorImpl.invoke0(Native Method)
	at sun.reflect.NativeMethodAccessorImpl.invoke(NativeMethodAccessorImpl.java:62)
	at sun.reflect.DelegatingMethodAccessorImpl.invoke(DelegatingMethodAccessorImpl.java:43)
	at java.lang.reflect.Method.invoke(Method.java:498)
	at org.junit.runners.model.FrameworkMethod$1.runReflectiveCall(FrameworkMethod.java:44)
	at org.junit.internal.runners.model.ReflectiveCallable.run(ReflectiveCallable.java:15)
	at org.junit.runners.model.FrameworkMethod.invokeExplosively(FrameworkMethod.java:41)
	at junitparams.internal.InvokeParameterisedMethod.evaluate(InvokeParameterisedMethod.java:102)
	at org.junit.internal.runners.statements.FailOnTimeout$1.run(FailOnTimeout.java:28)
Caused by: ptolemy.kernel.util.IllegalActionException: Found a zero delay loop containing .dependencyLoop2.original
  in .dependencyLoop2 and .dependencyLoop2.original
	at ptolemy.actor.util.CausalityInterfaceForComposites._computeOutputPortDepth(CausalityInterfaceForComposites.java:759)
	at ptolemy.actor.util.CausalityInterfaceForComposites._computeInputDepth(CausalityInterfaceForComposites.java:696)
	at ptolemy.actor.util.CausalityInterfaceForComposites._computeOutputPortDepth(CausalityInterfaceForComposites.java:765)
	at ptolemy.actor.util.CausalityInterfaceForComposites._computeInputDepth(CausalityInterfaceForComposites.java:696)
	at ptolemy.actor.util.CausalityInterfaceForComposites._computeOutputPortDepth(CausalityInterfaceForComposites.java:765)
	at ptolemy.actor.util.CausalityInterfaceForComposites._computeInputDepth(CausalityInterfaceForComposites.java:696)
	at ptolemy.actor.util.CausalityInterfaceForComposites._computeActorDepth(CausalityInterfaceForComposites.java:532)
	at ptolemy.actor.util.CausalityInterfaceForComposites.checkForCycles(CausalityInterfaceForComposites.java:96)
	at ptolemy.domains.de.kernel.DEDirector.preinitialize(DEDirector.java:1337)
	at ptolemy.actor.CompositeActor.preinitialize(CompositeActor.java:1828)
	at ptolemy.actor.Manager.preinitializeAndResolveTypes(Manager.java:1040)
	at ptolemy.actor.Manager.initialize(Manager.java:710)
	at ptolemy.actor.Manager.execute(Manager.java:356)
	at ptolemy.actor.Manager.run(Manager.java:1263)
	at ptolemy.actor.Manager$PtolemyRunThread.run(Manager.java:1915)
]]></system-err>
</testsuite>
