<?xml version="1.0" encoding="UTF-8" ?>
<testsuite errors="0" failures="0" hostname="travis-job-1104752d-af90-45a3-a67d-ea1523f7ab59" name="ptolemy.actor.lib.test.junit.JUnitTclTest" skipped="0" tests="518" time="62.292" timestamp="2018-05-22T23:23:12">
  <properties>
    <property name="npm.executable" value="npm" />
    <property name="file.encoding.pkg" value="sun.io" />
    <property name="ptII.mk.exists" value="true" />
    <property name="env.rvm_bin_path" value="/home/travis/.rvm/bin" />
    <property name="java.home" value="/usr/lib/jvm/java-8-oracle/jre" />
    <property name="env.TRAVIS_JOB_NUMBER" value="465.7" />
    <property name="env.DISPLAY" value=":99.0" />
    <property name="java.net.preferIPv4Stack" value="true" />
    <property name="env.SSH_TTY" value="/dev/pts/0" />
    <property name="env.RUN_TESTS" value="true" />
    <property name="timeout.short" value="1000000" />
    <property name="env.TRAVIS_STACK_NODE_ATTRIBUTES" value="/.node-attributes.yml" />
    <property name="junit.formatter" value="xml" />
    <property name="java.endorsed.dirs" value="/usr/lib/jvm/java-8-oracle/jre/lib/endorsed" />
    <property name="env.TRAVIS_SUDO" value="true" />
    <property name="env.LOGNAME" value="travis" />
    <property name="env.PT_TRAVIS_TEST_CORE1_XML" value="true" />
    <property name="jsdoc.home" value="node_modules/@terraswarm/jsdoc" />
    <property name="debuglevel" value="source,lines,vars" />
    <property name="checkstyle.formatter" value="xml" />
    <property name="bin.vergil.makeable" value="true" />
    <property name="env._system_version" value="14.04" />
    <property name="sun.os.patch.level" value="unknown" />
    <property name="java.vendor.url" value="http://java.oracle.com/" />
    <property name="java.version" value="1.8.0_151" />
    <property name="env.TZ" value="UTC" />
    <property name="env.PT_NO_NET" value="true" />
    <property name="env.TRAVIS_PULL_REQUEST_SHA" value="" />
    <property name="env.TRAVIS_SECURE_ENV_VARS" value="true" />
    <property name="env._system_type" value="Linux" />
    <property name="java.vendor.url.bug" value="http://bugreport.sun.com/bugreport/" />
    <property name="env.SSH_CLIENT" value="10.10.4.8 44488 22" />
    <property name="npmjs-org-is-up" value="true" />
    <property name="env.GEM_HOME" value="/home/travis/.rvm/gems/ruby-2.4.1" />
    <property name="env.HAS_ANTARES_THREE_LITTLE_FRONZIES_BADGE" value="true" />
    <property name="env.PS4" value="+" />
    <property name="ant.project.invoked-targets" value="build,test.core1.xml" />
    <property name="env.TRAVIS_PULL_REQUEST_BRANCH" value="" />
    <property name="env.TRAVIS_REPO_SLUG" value="icyphy/ptII" />
    <property name="node.in.path" value="true" />
    <property name="java.maxmemory" value="1400m" />
    <property name="env.RUBY_VERSION" value="ruby-2.4.1" />
    <property name="user.name" value="travis" />
    <property name="env.LANG" value="en_US.UTF-8" />
    <property name="sun.io.unicode.encoding" value="UnicodeLittle" />
    <property name="sun.jnu.encoding" value="UTF-8" />
    <property name="java.runtime.name" value="Java(TM) SE Runtime Environment" />
    <property name="usefile" value="false" />
    <property name="return.code" value="0" />
    <property name="junit.single.formatter" value="plain" />
    <property name="env.DYLD_LIBRARY_PATH" value="/home/travis/pthla/certi-tools/lib:" />
    <property name="env.DEBIAN_FRONTEND" value="noninteractive" />
    <property name="env.SSH_CONNECTION" value="10.10.4.8 44488 10.20.0.244 22" />
    <property name="env.MYSQL_UNIX_PORT" value="/var/run/mysqld/mysqld.sock" />
    <property name="env.TRAVIS_ALLOW_FAILURE" value="false" />
    <property name="env.LC_ALL" value="en_US.UTF-8" />
    <property name="java.specification.name" value="Java Platform API Specification" />
    <property name="node.works" value="true" />
    <property name="user.timezone" value="" />
    <property name="path.separator" value=":" />
    <property name="env.PYTHON_CFLAGS" value="-g -fstack-protector --param=ssp-buffer-size=4 -Wformat -Werror=format-security" />
    <property name="timeout.long" value="4000000" />
    <property name="env.CERTI_HOME" value="/home/travis/pthla/certi-tools" />
    <property name="file.encoding" value="UTF-8" />
    <property name="ant.file.ptII" value="/home/travis/build/icyphy/ptII/build.xml" />
    <property name="javadoc.packagenames" value="com.*,diva.*,lbnl.*,org.hlacerti.*,org.json.*,org.ptolemy.*,org.terraswarm.*,ptolemy.*,ptserver.*" />
    <property name="env.TRAVIS_PULL_REQUEST_SLUG" value="" />
    <property name="ant.project.default-target" value="build" />
    <property name="env.GIT_ASKPASS" value="echo" />
    <property name="env.HOME" value="/home/travis" />
    <property name="sun.java.command" value="org.apache.tools.ant.taskdefs.optional.junit.JUnitTestRunner ptolemy.actor.lib.test.junit.JUnitTclTest skipNonTests=false filtertrace=true haltOnError=false haltOnFailure=false formatter=org.apache.tools.ant.taskdefs.optional.junit.OutErrSummaryJUnitResultFormatter showoutput=true outputtoformatters=true logfailedtests=true threadid=0 logtestlistenerevents=false formatter=org.apache.tools.ant.taskdefs.optional.junit.XMLJUnitResultFormatter,/home/travis/build/icyphy/ptII/reports/junit/TEST-ptolemy.actor.lib.test.junit.JUnitTclTest.xml crashfile=/home/travis/build/icyphy/ptII/junitvmwatcher7222689534029761538.properties propsfile=/home/travis/build/icyphy/ptII/junit7348625310355110570.properties" />
    <property name="env.MANPATH" value="/home/travis/.nvm/versions/node/v7.10.1/share/man:/home/travis/.kiex/elixirs/elixir-1.4.5/man:/home/travis/.rvm/rubies/ruby-2.4.1/share/man:/usr/local/man:/usr/local/cmake-3.9.2/man:/usr/local/clang-5.0.0/share/man:/usr/local/share/man:/usr/share/man:/home/travis/.rvm/man" />
    <property name="env.COMPOSER_NO_INTERACTION" value="1" />
    <property name="env.JDK_SWITCHER_DEFAULT" value="oraclejdk8" />
    <property name="ant.file" value="/home/travis/build/icyphy/ptII/build.xml" />
    <property name="env.TRAVIS_COMMIT_RANGE" value="9f99ea0e3c74...ff646375f773" />
    <property name="env._system_name" value="Ubuntu" />
    <property name="timeout" value="2400000" />
    <property name="ptII.classpath.optional.property" value="/home/travis/build/icyphy/ptII/lib/bsh-2.0b4.jar:/home/travis/build/icyphy/ptII/lib/ptCal.jar:/home/travis/build/icyphy/ptII/lib/java_cup.jar:/home/travis/build/icyphy/ptII/lib/saxon8.jar:/home/travis/build/icyphy/ptII/lib/saxon8-dom.jar:/home/travis/build/icyphy/ptII/lib/chic.jar:/home/travis/build/icyphy/ptII/lib/ptcolt.jar:/usr/lib/jvm/java-8-oracle/lib/tools.jar:/usr/lib/eclipse/plugins/org.eclipse.jdt.core_3.8.2.dist.jar:/usr/lib/eclipse/plugins/org.eclipse.core.runtime_3.8.0.dist.jar:/usr/lib/eclipse/plugins/org.eclipse.osgi_3.8.1.dist.jar:/usr/lib/eclipse/plugins/org.eclipse.core.resources_3.8.1.dist.jar:/usr/lib/eclipse/plugins/org.eclipse.equinox.common_3.6.100.dist.jar:/usr/lib/eclipse/plugins/org.eclipse.core.jobs_3.5.200.dist.jar:/usr/lib/eclipse/plugins/org.eclipse.core.contenttype_3.4.200.dist.jar:/usr/lib/eclipse/plugins/org.eclipse.equinox.preferences_3.5.0.dist.jar:/usr/lib/eclipse/plugins/org.eclipse.text_3.5.200.dist.jar:/usr/lib/eclipse/plugins/org.eclipse.ui.workbench_3.8.1.dist.jar:/usr/lib/eclipse/plugins/org.eclipse.jface_3.8.0.dist.jar:/usr/lib/eclipse/plugins/org.eclipse.swt_3.8.2.jar:/usr/lib/eclipse/plugins/org.eclipse.jface.text_3.8.1.dist.jar:/usr/lib/eclipse/plugins/org.eclipse.ui.workbench.texteditor_3.8.0.dist.jar:/usr/lib/eclipse/plugins/org.eclipse.ui.editors_3.8.0.dist.jar:/usr/lib/eclipse/plugins/org.eclipse.core.commands_3.6.1.dist.jar:/usr/lib/eclipse/plugins/org.eclipse.equinox.registry_3.5.200.dist.jar:/usr/lib/eclipse/plugins/org.eclipse.ui.console_3.5.100.dist.jar:/usr/lib/eclipse/plugins/org.eclipse.ui.forms_3.5.200.dist.jar:/usr/lib/eclipse/plugins/org.eclipse.ui.ide_3.8.1.dist.jar:/home/travis/build/icyphy/ptII/vendors/oracle/dbxml.jar:/home/travis/build/icyphy/ptII/vendors/oracle/db.jar:/home/travis/build/icyphy/ptII/vendors/misc/itext/iText.jar:/home/travis/build/icyphy/ptII/lib/g4ltl.jar:/home/travis/build/icyphy/ptII/lib/StructuralCoder.jar:/home/travis/build/icyphy/ptII/lib/org-openide-util.jar:/home/travis/build/icyphy/ptII/lib/org-openide-util-lookup.jar:/home/travis/build/icyphy/ptII/lib/org-netbeans-api-visual.jar:/home/travis/build/icyphy/ptII/vendors/jai-1_1_2_01/lib/jai_core.jar:/home/travis/build/icyphy/ptII/vendors/jai-1_1_2_01/lib/jai_codec.jar:/home/travis/build/icyphy/ptII/lib/jcerti.jar:/home/travis/build/icyphy/ptII/lib/smack.jar:/home/travis/build/icyphy/ptII/lib/smackx.jar:/home/travis/build/icyphy/ptII/lib/jetty-all-8.1.5-v20120716.jar:/home/travis/build/icyphy/ptII/lib/javax.servlet-api-3.0.1.jar:/home/travis/build/icyphy/ptII/lib/javax.mail.jar:/home/travis/build/icyphy/ptII/vendors/JMF-2.1.1e/lib/jmf.jar:/home/travis/build/icyphy/ptII/lib/jna-4.0.0-variadic.jar:/home/travis/build/icyphy/ptII/vendors/misc/joystick/Joystick.jar:/home/travis/build/icyphy/ptII/lib/ptjacl.jar:/home/travis/build/icyphy/ptII/lib/jsoup-1.8.2.jar:/home/travis/build/icyphy/ptII/lib/junit-4.8.2.jar:/home/travis/build/icyphy/ptII/lib/JUnitParams-0.4.0.jar:/home/travis/build/icyphy/ptII/ptolemy/actor/lib/excel/jxl.jar:/home/travis/build/icyphy/ptII/lib/jython.jar:/home/travis/build/icyphy/ptII/lib/kieler.jar:/home/travis/build/icyphy/ptII/vendors/opencv/share/OpenCV/java/opencv-341.jar:/home/travis/build/icyphy/ptII/lib/oscP5.jar:/home/travis/build/icyphy/ptII/lib/nrjavaserial-3.11.0.devel.jar:/usr/share/java/j3dcore.jar:/usr/share/java/j3dutils.jar:/usr/share/java/vecmath.jar:/home/travis/build/icyphy/ptII/ptolemy/distributed/jini/jar/jini-core.jar:/home/travis/build/icyphy/ptII/ptolemy/distributed/jini/jar/jini-ext.jar:/home/travis/build/icyphy/ptII/ptolemy/distributed/jini/jar/sun-util.jar:/home/travis/build/icyphy/ptII/lib/protobuf-java-2.4.1.jar:/home/travis/build/icyphy/ptII/lib/org.eclipse.paho.client.mqttv3.jar:/home/travis/build/icyphy/ptII/ptserver/lib/hessian-4.0.7.jar:/home/travis/build/icyphy/ptII/ptserver/lib/wmqtt.jar:/home/travis/build/icyphy/ptII/lib/mapss.jar:/home/travis/build/icyphy/ptII/ptolemy/actor/ptalon/antlr/antlr.jar:/home/travis/build/icyphy/ptII/lib/JRI.jar:/home/travis/build/icyphy/ptII/lib/commons-lang-2.6.jar:/home/travis/build/icyphy/ptII/lib/commons-logging-1.1.1.jar:/home/travis/build/icyphy/ptII/lib/sootclasses.jar:/home/travis/build/icyphy/ptII/ptolemy/actor/lib/database/mysql-connector-java-5.1.6-bin.jar:/home/travis/build/icyphy/ptII/vendors/misc/sphinx4/sphinx4-data-5prealpha.jar:/home/travis/build/icyphy/ptII/vendors/misc/sphinx4/sphinx4-core-5prealpha.jar:/home/travis/build/icyphy/ptII/lib/PDFRenderer.jar:/home/travis/build/icyphy/ptII/lib/svgSalamander.jar:/home/travis/build/icyphy/ptII/lib/rsyntaxtextarea-2.6.0-SNAPSHOT.jar:/home/travis/build/icyphy/ptII/lib/hazelcast-3.8.2.jar:/home/travis/build/icyphy/ptII/lib/jackson-annotations-2.9.0.jar:/home/travis/build/icyphy/ptII/lib/jackson-core-2.9.3.jar:/home/travis/build/icyphy/ptII/lib/jackson-databind-2.9.3.jar:/home/travis/build/icyphy/ptII/lib/netty-buffer-4.1.19.Final.jar:/home/travis/build/icyphy/ptII/lib/netty-codec-4.1.19.Final.jar:/home/travis/build/icyphy/ptII/lib/netty-codec-dns-4.1.19.Final.jar:/home/travis/build/icyphy/ptII/lib/netty-codec-http-4.1.19.Final.jar:/home/travis/build/icyphy/ptII/lib/netty-codec-http2-4.1.19.Final.jar:/home/travis/build/icyphy/ptII/lib/netty-common-4.1.19.Final.jar:/home/travis/build/icyphy/ptII/lib/netty-handler-4.1.19.Final.jar:/home/travis/build/icyphy/ptII/lib/netty-resolver-4.1.19.Final.jar:/home/travis/build/icyphy/ptII/lib/netty-resolver-dns-4.1.19.Final.jar:/home/travis/build/icyphy/ptII/lib/netty-transport-4.1.19.Final.jar:/home/travis/build/icyphy/ptII/lib/vertx-codegen-3.5.1.jar:/home/travis/build/icyphy/ptII/lib/vertx-core-3.5.2-SNAPSHOT.jar:/home/travis/build/icyphy/ptII/lib/vertx-hazelcast-3.5.1.jar:/home/travis/build/icyphy/ptII/lib/vertx-lang-js-3.5.1.jar:/home/travis/build/icyphy/ptII/lib/vertx-service-proxy-3.5.1.jar:/home/travis/build/icyphy/ptII/lib/vertx-web-3.5.1.jar:/home/travis/build/icyphy/ptII/lib/slf4j-api-1.7.13.jar:/home/travis/build/icyphy/ptII/lib/slf4j-simple-1.7.13.jar:/home/travis/build/icyphy/ptII/lib/webcam-capture-0.3.12.jar:/home/travis/build/icyphy/ptII/lib/bridj-0.7.0.jar:/home/travis/build/icyphy/ptII/lib/xbjlib-1.1.0.nrjavaserial.jar" />
    <property name="test.batch" value="**/junit/*.java" />
    <property name="env._" value="/usr/bin/timeout" />
    <property name="java.io.tmpdir" value="/tmp" />
    <property name="user.language" value="en" />
    <property name="env.HISTCONTROL" value="ignoredups:ignorespace" />
    <property name="env.GOROOT" value="/home/travis/.gimme/versions/go1.7.4.linux.amd64" />
    <property name="line.separator" value="&#xa;" />
    <property name="target" value="1.8" />
    <property name="env.TRAVIS_BUILD_DIR" value="/home/travis/build/icyphy/ptII" />
    <property name="env.ANT_OPTS" value="-Xmx2048m" />
    <property name="ant.file.type" value="file" />
    <property name="ptolemy.ptII.batchMode" value="true" />
    <property name="env.HISTSIZE" value="1000" />
    <property name="env.MERB_ENV" value="test" />
    <property name="java.vm.info" value="mixed mode" />
    <property name="source" value="1.8" />
    <property name="java.vm.specification.name" value="Java Virtual Machine Specification" />
    <property name="env.TRAVIS_TEST_RESULT" value="0" />
    <property name="jsdoc.command" value="node_modules/@terraswarm/jsdoc/jsdoc.js" />
    <property name="npm.works" value="true" />
    <property name="cobertura.dir" value="/home/travis/build/icyphy/ptII/vendors/cobertura-2.0.3" />
    <property name="env.rvm_path" value="/home/travis/.rvm" />
    <property name="env.GEM_PATH" value="/home/travis/.rvm/gems/ruby-2.4.1:/home/travis/.rvm/gems/ruby-2.4.1@global" />
    <property name="env.LC_CTYPE" value="en_US.UTF-8" />
    <property name="java.awt.printerjob" value="sun.print.PSPrinterJob" />
    <property name="env.TRAVIS_STACK_NAME" value="garnet" />
    <property name="ant.version" value="Apache Ant(TM) version 1.10.1 compiled on February 2 2017" />
    <property name="ptII.reports" value="/home/travis/build/icyphy/ptII/reports" />
    <property name="env.TRAVIS_STACK_TIMESTAMP" value="2017-12-05 19:33:09 UTC" />
    <property name="ant.file.type.ptII" value="file" />
    <property name="env.RBENV_SHELL" value="bash" />
    <property name="os.name" value="Linux" />
    <property name="java.specification.vendor" value="Oracle Corporation" />
    <property name="env.rvm_version" value="1.29.3 (latest)" />
    <property name="env.TERM" value="xterm" />
    <property name="java.vm.name" value="Java HotSpot(TM) 64-Bit Server VM" />
    <property name="env.TRAVIS_BUILD_NUMBER" value="465" />
    <property name="env.CI" value="true" />
    <property name="java.library.path" value="/home/travis/pthla/certi-tools/lib:/usr/lib/jni:/usr/local/share/OpenCV/java/:/usr/share/OpenCV/java::/usr/java/packages/lib/amd64:/usr/lib64:/lib64:/lib:/usr/lib" />
    <property name="env.rvm_prefix" value="/home/travis" />
    <property name="env.PATH" value="/home/travis/pthla/certi-tools/share/scripts:/home/travis/.rvm/gems/ruby-2.4.1/bin:/home/travis/.rvm/gems/ruby-2.4.1@global/bin:/home/travis/.rvm/rubies/ruby-2.4.1/bin:/home/travis/.rvm/bin:/home/travis/.nvm/versions/node/v7.10.1/bin:./node_modules/.bin:/home/travis/build/icyphy/ptII/bin:/home/travis/pthla/certi-tools/bin:/home/travis/bin:/home/travis/.local/bin:/opt/pyenv/shims:/home/travis/.phpenv/shims:/home/travis/perl5/perlbrew/bin:/home/travis/.kiex/elixirs/elixir-1.4.5/bin:/home/travis/.kiex/bin:/home/travis/gopath/bin:/home/travis/.gimme/versions/go1.7.4.linux.amd64/bin:/usr/local/phantomjs/bin:/usr/local/phantomjs:/usr/local/neo4j-3.2.7/bin:/usr/local/maven-3.5.2/bin:/usr/local/cmake-3.9.2/bin:/usr/local/clang-5.0.0/bin:/usr/local/sbin:/usr/local/bin:/usr/sbin:/usr/bin:/sbin:/bin:/home/travis/.phpenv/bin:/opt/pyenv/bin:/home/travis/.yarn/bin" />
    <property name="env.TRAVIS_OS_NAME" value="linux" />
    <property name="ant.java.version" value="1.8" />
    <property name="basedir" value="/home/travis/build/icyphy/ptII" />
    <property name="java.class.version" value="52.0" />
    <property name="env.SHLVL" value="3" />
    <property name="env.LD_LIBRARY_PATH" value="/home/travis/pthla/certi-tools/lib:/usr/lib/jni:/usr/local/share/OpenCV/java/:/usr/share/OpenCV/java:" />
    <property name="env.RACK_ENV" value="test" />
    <property name="ant.home" value="/home/travis/build/icyphy/ptII/ant" />
    <property name="env.NVM_DIR" value="/home/travis/.nvm" />
    <property name="env.PERLBREW_BASHRC_VERSION" value="0.80" />
    <property name="env.CERTI_FOM_PATH" value="/home/travis/pthla/certi-tools/share/federations" />
    <property name="env.TRAVIS_BUILD_ID" value="382374636" />
    <property name="env.PYENV_ROOT" value="/opt/pyenv" />
    <property name="env.TRAVIS_UID" value="2000" />
    <property name="env.rvm_pretty_print_flag" value="auto" />
    <property name="env.NVM_BIN" value="/home/travis/.nvm/versions/node/v7.10.1/bin" />
    <property name="env.TRAVIS_COMMIT" value="ff646375f7735ddf057aa402acd9d1a726118e79" />
    <property name="env._system_arch" value="x86_64" />
    <property name="node.executable" value="node" />
    <property name="sun.boot.library.path" value="/usr/lib/jvm/java-8-oracle/jre/lib/amd64" />
    <property name="sun.management.compiler" value="HotSpot 64-Bit Tiered Compilers" />
    <property name="env.GOPATH" value="/home/travis/gopath" />
    <property name="java.awt.graphicsenv" value="sun.awt.X11GraphicsEnvironment" />
    <property name="ptolemy.ptII.dir" value="/home/travis/build/icyphy/ptII" />
    <property name="env.USER" value="travis" />
    <property name="env.HISTFILESIZE" value="2000" />
    <property name="timeout.longest" value="19000000" />
    <property name="env.TRAVIS_STACK_FEATURES" value="basic cassandra chromium couchdb disabled-ipv6 docker docker-compose elasticsearch firefox go-toolchain google-chrome jdk memcached mongodb mysql neo4j nodejs_interpreter perl_interpreter perlbrew phantomjs postgresql python_interpreter rabbitmq redis riak ruby_interpreter sqlite xserver" />
    <property name="env.TRAVIS_PULL_REQUEST" value="false" />
    <property name="env.PYENV_SHELL" value="bash" />
    <property name="ant.project.name" value="ptII" />
    <property name="java.vm.specification.version" value="1.8" />
    <property name="env.CERTI_VERSION" value="4.0.0" />
    <property name="env.NLSPATH" value="/usr/dt/lib/nls/msg/%L/%N.cat" />
    <property name="awt.toolkit" value="sun.awt.X11.XToolkit" />
    <property name="env.CERTI_HOST" value="localhost" />
    <property name="env.MY_RUBY_HOME" value="/home/travis/.rvm/rubies/ruby-2.4.1" />
    <property name="sun.cpu.isalist" value="" />
    <property name="java.ext.dirs" value="/usr/lib/jvm/java-8-oracle/jre/lib/ext:/usr/java/packages/lib/ext" />
    <property name="os.version" value="4.4.0-101-generic" />
    <property name="user.home" value="/home/travis" />
    <property name="env.MIX_ARCHIVES" value="/home/travis/.kiex/mix/elixir-1.4.5" />
    <property name="java.vm.vendor" value="Oracle Corporation" />
    <property name="env.TRAVIS_TAG" value="nightly" />
    <property name="env.TRAVIS_FILTERED" value="redirect_io" />
    <property name="javadoc.excludepackagenames" value="adm.cvs2svn.*,build.*,config.*,doc.coding.templates.*,jni.test.jni.meaningOfLife.*,jni.test.jni.testDeux.*,jni.test.jni.testTrois.*,org.terraswarm.accessor.accessors.web.node_modules.*,org.terraswarm.accessor.accessors.web.hosts.cordova.demo.*,org.terraswarm.accessor.accessors.web.hosts.cordova.plugins.*,org.terraswarm.accessor.accessors-svn.*,pt-modules.*,ptolemy.apps.agilent.*,ptolemy.apps.anytimecontrol.*,ptolemy.apps.apes.*,ptolemy.apps.charon.*,ptolemy.apps.crazyboard.*,ptolemy.apps.eclipse.*,ptolemy.apps.etherealSting.*,ptolemy.apps.fullscreen.*,ptolemy.apps.giotto.*,ptolemy.apps.ia.*,ptolemy.apps.interfaces.*,ptolemy.apps.jmf.*,ptolemy.apps.kurt.*,ptolemy.apps.kvm.*,ptolemy.apps.lego.*,ptolemy.apps.lejos.*,ptolemy.apps.midp.*,ptolemy.apps.mobileCoding.*,ptolemy.apps.pendulum.*,ptolemy.apps.rijndael.*,ptolemy.apps.robot.*,ptolemy.apps.security.*,ptolemy.apps.sobel.*,ptolemy.apps.soot.*,ptolemy.apps.throttle.*,ptolemy.apps.tini.*,ptolemy.apps.transmission.*,ptolemy.apps.vergil.*,ptolemy.apps.waba.*,ptolemy.apps.websensor.*,ptolemy.apps.webstart.*,ptolemy.apps.xsl.*,ptolemy.apps.zaurus.*,ptolemy.backtrack.eclipse.plugin.*,ptolemy.backtrack.test.*,ptolemy.codegen.c.actor.lib.oldJavaFiles.*,ptolemy.codegen.dsp.lib.*,ptolemy.codegen.kernel.newInterfaces.*,ptolemy.codegen.lib.*,ptolemy.copernicus.kernel.fragment.*,ptolemy.copernicus.shallow.cg.*,ptolemy.domains.giotto.demo.Hierarchy.Hierarchy.*,ptolemy.domains.giotto.demo.Multimode.Multimode.*,ptolemy.domains.giotto.demo.Simple.Simple.*,ptolemy.domains.gr.lib.experimental.*,ptolemy.domains.gro.*,ptolemy.domains.pdf.*,ptolemy.domains.ptinyos.demo.Surge.output.*,ptolemy.moml.test.NoPackageActor.java*,ptolemy.plot.adm.*,ptolemy.plot.servlet.*,reports.*,signed.*,src.*,target.*,vendors.*,ptolemy.cg.adapter.generic.program.procedural.c.mbed*,ptolemy.actor.lib.fmi.fmus.omc*,ptolemy.domains.openmodelica*,ptdb.kernel.bl.save.test.*,ptdb.kernel.bl.load.test.*,ptdb.kernel.bl.search.test.*,ptdb.kernel.bl.migration.test.*,ptdb.kernel.database.test.*,ptdb.test.*,ptdb.gui.test.*,org.ptolemy.scala.*,diva.util.java2d.svg.*,ptolemy.domains.ptinyos.*,ptolemy.actor.lib.fmi.fmipp.*,,org.terraswarm.accessor.accessors.web.node_modules.*,org.terraswarm.accessor.accessors-svn,ptolemy.actor.ptalon.demo.ptinyos.SendAndReceiveCnt.output,ptolemy.actor.ptalon.demo.ptinyos.SenseToLeds.output,ptolemy.domains.ptinyos.demo.CntToLedsAndRfm.output,ptolemy.domains.ptinyos.demo.RfmToLeds.output,ptolemy.domains.ptinyos.demo.SendAndReceiveCnt.output,ptolemy.domains.ptinyos.demo.SenseToLeds.output" />
    <property name="env.JAVA_HOME" value="/usr/lib/jvm/java-8-oracle" />
    <property name="env.PTII" value="/home/travis/build/icyphy/ptII" />
    <property name="env.TRAVIS_COMMIT_MESSAGE" value="Fixed links.  Markdown links are backwards from html." />
    <property name="keystore" value="ptKeystore" />
    <property name="env.XDG_SESSION_ID" value="2" />
    <property name="junit.output.dir" value="/home/travis/build/icyphy/ptII/reports/junit" />
    <property name="npm.return.code" value="0" />
    <property name="user.dir" value="/home/travis/build/icyphy/ptII/ptolemy/actor/lib/test" />
    <property name="env.TRAVIS_NODE_VERSION" value="7" />
    <property name="env.XFILESEARCHPATH" value="/usr/dt/app-defaults/%L/Dt" />
    <property name="env.TRAVIS_EVENT_TYPE" value="push" />
    <property name="env.MAIL" value="/var/mail/travis" />
    <property name="env.PWD" value="/home/travis/build/icyphy/ptII" />
    <property name="env.PERLBREW_ROOT" value="/home/travis/perl5/perlbrew" />
    <property name="timeout.npm" value="45000" />
    <property name="env.PAGER" value="cat" />
    <property name="sun.cpu.endian" value="little" />
    <property name="env.TRAVIS_BUILD_STAGE_NAME" value="Test" />
    <property name="env.PERLBREW_HOME" value="/home/travis/.perlbrew" />
    <property name="env.RAILS_ENV" value="test" />
    <property name="java.vm.version" value="25.151-b12" />
    <property name="java.class.path" value="/home/travis/.ptolemyII:/home/travis/.ptolemyII/*:/home/travis/build/icyphy/ptII:/home/travis/build/icyphy/ptII/lib/bsh-2.0b4.jar:/home/travis/build/icyphy/ptII/lib/ptCal.jar:/home/travis/build/icyphy/ptII/lib/java_cup.jar:/home/travis/build/icyphy/ptII/lib/saxon8.jar:/home/travis/build/icyphy/ptII/lib/saxon8-dom.jar:/home/travis/build/icyphy/ptII/lib/chic.jar:/home/travis/build/icyphy/ptII/lib/ptcolt.jar:/usr/lib/jvm/java-8-oracle/lib/tools.jar:/usr/lib/eclipse/plugins/org.eclipse.jdt.core_3.8.2.dist.jar:/usr/lib/eclipse/plugins/org.eclipse.core.runtime_3.8.0.dist.jar:/usr/lib/eclipse/plugins/org.eclipse.osgi_3.8.1.dist.jar:/usr/lib/eclipse/plugins/org.eclipse.core.resources_3.8.1.dist.jar:/usr/lib/eclipse/plugins/org.eclipse.equinox.common_3.6.100.dist.jar:/usr/lib/eclipse/plugins/org.eclipse.core.jobs_3.5.200.dist.jar:/usr/lib/eclipse/plugins/org.eclipse.core.contenttype_3.4.200.dist.jar:/usr/lib/eclipse/plugins/org.eclipse.equinox.preferences_3.5.0.dist.jar:/usr/lib/eclipse/plugins/org.eclipse.text_3.5.200.dist.jar:/usr/lib/eclipse/plugins/org.eclipse.ui.workbench_3.8.1.dist.jar:/usr/lib/eclipse/plugins/org.eclipse.jface_3.8.0.dist.jar:/usr/lib/eclipse/plugins/org.eclipse.swt_3.8.2.jar:/usr/lib/eclipse/plugins/org.eclipse.jface.text_3.8.1.dist.jar:/usr/lib/eclipse/plugins/org.eclipse.ui.workbench.texteditor_3.8.0.dist.jar:/usr/lib/eclipse/plugins/org.eclipse.ui.editors_3.8.0.dist.jar:/usr/lib/eclipse/plugins/org.eclipse.core.commands_3.6.1.dist.jar:/usr/lib/eclipse/plugins/org.eclipse.equinox.registry_3.5.200.dist.jar:/usr/lib/eclipse/plugins/org.eclipse.ui.console_3.5.100.dist.jar:/usr/lib/eclipse/plugins/org.eclipse.ui.forms_3.5.200.dist.jar:/usr/lib/eclipse/plugins/org.eclipse.ui.ide_3.8.1.dist.jar:/home/travis/build/icyphy/ptII/vendors/oracle/dbxml.jar:/home/travis/build/icyphy/ptII/vendors/oracle/db.jar:/home/travis/build/icyphy/ptII/vendors/misc/itext/iText.jar:/home/travis/build/icyphy/ptII/lib/g4ltl.jar:/home/travis/build/icyphy/ptII/lib/StructuralCoder.jar:/home/travis/build/icyphy/ptII/lib/org-openide-util.jar:/home/travis/build/icyphy/ptII/lib/org-openide-util-lookup.jar:/home/travis/build/icyphy/ptII/lib/org-netbeans-api-visual.jar:/home/travis/build/icyphy/ptII/vendors/jai-1_1_2_01/lib/jai_core.jar:/home/travis/build/icyphy/ptII/vendors/jai-1_1_2_01/lib/jai_codec.jar:/home/travis/build/icyphy/ptII/lib/jcerti.jar:/home/travis/build/icyphy/ptII/lib/smack.jar:/home/travis/build/icyphy/ptII/lib/smackx.jar:/home/travis/build/icyphy/ptII/lib/jetty-all-8.1.5-v20120716.jar:/home/travis/build/icyphy/ptII/lib/javax.servlet-api-3.0.1.jar:/home/travis/build/icyphy/ptII/lib/javax.mail.jar:/home/travis/build/icyphy/ptII/vendors/JMF-2.1.1e/lib/jmf.jar:/home/travis/build/icyphy/ptII/lib/jna-4.0.0-variadic.jar:/home/travis/build/icyphy/ptII/vendors/misc/joystick/Joystick.jar:/home/travis/build/icyphy/ptII/lib/ptjacl.jar:/home/travis/build/icyphy/ptII/lib/jsoup-1.8.2.jar:/home/travis/build/icyphy/ptII/lib/junit-4.8.2.jar:/home/travis/build/icyphy/ptII/lib/JUnitParams-0.4.0.jar:/home/travis/build/icyphy/ptII/ptolemy/actor/lib/excel/jxl.jar:/home/travis/build/icyphy/ptII/lib/jython.jar:/home/travis/build/icyphy/ptII/lib/kieler.jar:/home/travis/build/icyphy/ptII/vendors/opencv/share/OpenCV/java/opencv-341.jar:/home/travis/build/icyphy/ptII/lib/oscP5.jar:/home/travis/build/icyphy/ptII/lib/nrjavaserial-3.11.0.devel.jar:/usr/share/java/j3dcore.jar:/usr/share/java/j3dutils.jar:/usr/share/java/vecmath.jar:/home/travis/build/icyphy/ptII/ptolemy/distributed/jini/jar/jini-core.jar:/home/travis/build/icyphy/ptII/ptolemy/distributed/jini/jar/jini-ext.jar:/home/travis/build/icyphy/ptII/ptolemy/distributed/jini/jar/sun-util.jar:/home/travis/build/icyphy/ptII/lib/protobuf-java-2.4.1.jar:/home/travis/build/icyphy/ptII/lib/org.eclipse.paho.client.mqttv3.jar:/home/travis/build/icyphy/ptII/ptserver/lib/hessian-4.0.7.jar:/home/travis/build/icyphy/ptII/ptserver/lib/wmqtt.jar:/home/travis/build/icyphy/ptII/lib/mapss.jar:/home/travis/build/icyphy/ptII/ptolemy/actor/ptalon/antlr/antlr.jar:/home/travis/build/icyphy/ptII/lib/JRI.jar:/home/travis/build/icyphy/ptII/lib/commons-lang-2.6.jar:/home/travis/build/icyphy/ptII/lib/commons-logging-1.1.1.jar:/home/travis/build/icyphy/ptII/lib/sootclasses.jar:/home/travis/build/icyphy/ptII/ptolemy/actor/lib/database/mysql-connector-java-5.1.6-bin.jar:/home/travis/build/icyphy/ptII/vendors/misc/sphinx4/sphinx4-data-5prealpha.jar:/home/travis/build/icyphy/ptII/vendors/misc/sphinx4/sphinx4-core-5prealpha.jar:/home/travis/build/icyphy/ptII/lib/PDFRenderer.jar:/home/travis/build/icyphy/ptII/lib/svgSalamander.jar:/home/travis/build/icyphy/ptII/lib/rsyntaxtextarea-2.6.0-SNAPSHOT.jar:/home/travis/build/icyphy/ptII/lib/hazelcast-3.8.2.jar:/home/travis/build/icyphy/ptII/lib/jackson-annotations-2.9.0.jar:/home/travis/build/icyphy/ptII/lib/jackson-core-2.9.3.jar:/home/travis/build/icyphy/ptII/lib/jackson-databind-2.9.3.jar:/home/travis/build/icyphy/ptII/lib/netty-buffer-4.1.19.Final.jar:/home/travis/build/icyphy/ptII/lib/netty-codec-4.1.19.Final.jar:/home/travis/build/icyphy/ptII/lib/netty-codec-dns-4.1.19.Final.jar:/home/travis/build/icyphy/ptII/lib/netty-codec-http-4.1.19.Final.jar:/home/travis/build/icyphy/ptII/lib/netty-codec-http2-4.1.19.Final.jar:/home/travis/build/icyphy/ptII/lib/netty-common-4.1.19.Final.jar:/home/travis/build/icyphy/ptII/lib/netty-handler-4.1.19.Final.jar:/home/travis/build/icyphy/ptII/lib/netty-resolver-4.1.19.Final.jar:/home/travis/build/icyphy/ptII/lib/netty-resolver-dns-4.1.19.Final.jar:/home/travis/build/icyphy/ptII/lib/netty-transport-4.1.19.Final.jar:/home/travis/build/icyphy/ptII/lib/vertx-codegen-3.5.1.jar:/home/travis/build/icyphy/ptII/lib/vertx-core-3.5.2-SNAPSHOT.jar:/home/travis/build/icyphy/ptII/lib/vertx-hazelcast-3.5.1.jar:/home/travis/build/icyphy/ptII/lib/vertx-lang-js-3.5.1.jar:/home/travis/build/icyphy/ptII/lib/vertx-service-proxy-3.5.1.jar:/home/travis/build/icyphy/ptII/lib/vertx-web-3.5.1.jar:/home/travis/build/icyphy/ptII/lib/slf4j-api-1.7.13.jar:/home/travis/build/icyphy/ptII/lib/slf4j-simple-1.7.13.jar:/home/travis/build/icyphy/ptII/lib/webcam-capture-0.3.12.jar:/home/travis/build/icyphy/ptII/lib/bridj-0.7.0.jar:/home/travis/build/icyphy/ptII/lib/xbjlib-1.1.0.nrjavaserial.jar:/home/travis/build/icyphy/ptII/ptolemy/moml/test:/home/travis/build/icyphy/ptII/ant/lib/ant-launcher.jar:/home/travis/build/icyphy/ptII/ant/lib/ant.jar:/home/travis/build/icyphy/ptII/ant/lib/ant-junit.jar:/home/travis/build/icyphy/ptII/ant/lib/ant-junit4.jar" />
    <property name="ant.library.dir" value="/home/travis/build/icyphy/ptII/ant/lib" />
    <property name="os.arch" value="amd64" />
    <property name="env.TRAVIS_LANGUAGE" value="node_js" />
    <property name="env.CONTINUOUS_INTEGRATION" value="true" />
    <property name="env.TRAVIS_STACK_LANGUAGES" value="__garnet__ c c++ clojure cplusplus cpp default go groovy java node_js php pure_java python ruby scala" />
    <property name="test.name" value="ptolemy.actor.lib.test.junit.JUnitTclTest" />
    <property name="sun.java.launcher" value="SUN_STANDARD" />
    <property name="env.PYTHON_CONFIGURE_OPTS" value="--enable-unicode=ucs4 --with-wide-unicode --enable-shared --enable-ipv6 --enable-loadable-sqlite-extensions --with-computed-gotos" />
    <property name="ant.core.lib" value="/home/travis/build/icyphy/ptII/ant/lib/ant.jar" />
    <property name="java.vm.specification.vendor" value="Oracle Corporation" />
    <property name="env.BCVTB_HOME" value="/home/travis/build/icyphy/ptII/lbnl" />
    <property name="file.separator" value="/" />
    <property name="java.runtime.version" value="1.8.0_151-b12" />
    <property name="spotbugs.home" value="/home/travis/build/icyphy/ptII/vendors/spotbugs-3.1.1" />
    <property name="sun.boot.class.path" value="/usr/lib/jvm/java-8-oracle/jre/lib/resources.jar:/usr/lib/jvm/java-8-oracle/jre/lib/rt.jar:/usr/lib/jvm/java-8-oracle/jre/lib/sunrsasign.jar:/usr/lib/jvm/java-8-oracle/jre/lib/jsse.jar:/usr/lib/jvm/java-8-oracle/jre/lib/jce.jar:/usr/lib/jvm/java-8-oracle/jre/lib/charsets.jar:/usr/lib/jvm/java-8-oracle/jre/lib/jfr.jar:/usr/lib/jvm/java-8-oracle/jre/classes" />
    <property name="env.HAS_JOSH_K_SEAL_OF_APPROVAL" value="true" />
    <property name="env.TRAVIS_OSX_IMAGE" value="" />
    <property name="env.XDG_RUNTIME_DIR" value="/run/user/2000" />
    <property name="env.TRAVIS_BRANCH" value="master" />
    <property name="env.TRAVIS_JOB_ID" value="382374643" />
    <property name="env.CERTI_HOME_TRAVIS" value="/home/travis/pthla/certi-tools" />
    <property name="user.country" value="US" />
    <property name="env.SHELL" value="/bin/bash" />
    <property name="java.maxmemory.large" value="5000m" />
    <property name="model" value="" />
    <property name="env.CASHER_DIR" value="/home/travis/.casher" />
    <property name="env.NVM_CD_FLAGS" value="" />
    <property name="jshint.executable" value="/home/travis/node_modules/jshint/bin/jshint" />
    <property name="java.vendor" value="Oracle Corporation" />
    <property name="env.JRUBY_OPTS" value=" --client -J-XX:+TieredCompilation -J-XX:TieredStopAtLevel=1 -J-Xss2m -Xcompile.invokedynamic=false" />
    <property name="env.TRAVIS_PRE_CHEF_BOOTSTRAP_TIME" value="2017-12-05T19:32:55" />
    <property name="env.TRAVIS_STACK_JOB_BOARD_REGISTER" value="/.job-board-register.yml" />
    <property name="env.ELIXIR_VERSION" value="1.4.5" />
    <property name="java.specification.version" value="1.8" />
    <property name="env.IRBRC" value="/home/travis/.rvm/rubies/ruby-2.4.1/.irbrc" />
    <property name="env.TRAVIS" value="true" />
    <property name="sun.arch.data.model" value="64" />
  </properties>
  <testcase classname="ptolemy.util.test.junit.TclTests" name="[0] /home/travis/build/icyphy/ptII/ptolemy/actor/lib/test/AbsoluteValue.tcl (RunTclFile)" time="0.551" />
  <testcase classname="ptolemy.util.test.junit.TclTests" name="[1] /home/travis/build/icyphy/ptII/ptolemy/actor/lib/test/AddSubtract.tcl (RunTclFile)" time="0.083" />
  <testcase classname="ptolemy.util.test.junit.TclTests" name="[2] /home/travis/build/icyphy/ptII/ptolemy/actor/lib/test/Average.tcl (RunTclFile)" time="0.044" />
  <testcase classname="ptolemy.util.test.junit.TclTests" name="[3] /home/travis/build/icyphy/ptII/ptolemy/actor/lib/test/Bernoulli.tcl (RunTclFile)" time="0.028" />
  <testcase classname="ptolemy.util.test.junit.TclTests" name="[4] /home/travis/build/icyphy/ptII/ptolemy/actor/lib/test/Clock.tcl (RunTclFile)" time="0.084" />
  <testcase classname="ptolemy.util.test.junit.TclTests" name="[5] /home/travis/build/icyphy/ptII/ptolemy/actor/lib/test/Commutator.tcl (RunTclFile)" time="0.105" />
  <testcase classname="ptolemy.util.test.junit.TclTests" name="[6] /home/travis/build/icyphy/ptII/ptolemy/actor/lib/test/Const.tcl (RunTclFile)" time="0.123" />
  <testcase classname="ptolemy.util.test.junit.TclTests" name="[7] /home/travis/build/icyphy/ptII/ptolemy/actor/lib/test/CurrentTime.tcl (RunTclFile)" time="0.023" />
  <testcase classname="ptolemy.util.test.junit.TclTests" name="[8] /home/travis/build/icyphy/ptII/ptolemy/actor/lib/test/DB.tcl (RunTclFile)" time="0.035" />
  <testcase classname="ptolemy.util.test.junit.TclTests" name="[9] /home/travis/build/icyphy/ptII/ptolemy/actor/lib/test/DiscreteRandomSource.tcl (RunTclFile)" time="0.029" />
  <testcase classname="ptolemy.util.test.junit.TclTests" name="[10] /home/travis/build/icyphy/ptII/ptolemy/actor/lib/test/Distributor.tcl (RunTclFile)" time="0.056" />
  <testcase classname="ptolemy.util.test.junit.TclTests" name="[11] /home/travis/build/icyphy/ptII/ptolemy/actor/lib/test/Exit.tcl (RunTclFile)" time="0.059" />
  <testcase classname="ptolemy.util.test.junit.TclTests" name="[12] /home/travis/build/icyphy/ptII/ptolemy/actor/lib/test/Expression.tcl (RunTclFile)" time="0.082" />
  <testcase classname="ptolemy.util.test.junit.TclTests" name="[13] /home/travis/build/icyphy/ptII/ptolemy/actor/lib/test/Gaussian.tcl (RunTclFile)" time="0.331" />
  <testcase classname="ptolemy.util.test.junit.TclTests" name="[14] /home/travis/build/icyphy/ptII/ptolemy/actor/lib/test/IIR.tcl (RunTclFile)" time="0.024" />
  <testcase classname="ptolemy.util.test.junit.TclTests" name="[15] /home/travis/build/icyphy/ptII/ptolemy/actor/lib/test/Interpolator.tcl (RunTclFile)" time="0.107" />
  <testcase classname="ptolemy.util.test.junit.TclTests" name="[16] /home/travis/build/icyphy/ptII/ptolemy/actor/lib/test/MathFunction.tcl (RunTclFile)" time="0.097" />
  <testcase classname="ptolemy.util.test.junit.TclTests" name="[17] /home/travis/build/icyphy/ptII/ptolemy/actor/lib/test/Maximum.tcl (RunTclFile)" time="0.044" />
  <testcase classname="ptolemy.util.test.junit.TclTests" name="[18] /home/travis/build/icyphy/ptII/ptolemy/actor/lib/test/Minimum.tcl (RunTclFile)" time="0.023" />
  <testcase classname="ptolemy.util.test.junit.TclTests" name="[19] /home/travis/build/icyphy/ptII/ptolemy/actor/lib/test/MultiplyDivide.tcl (RunTclFile)" time="0.027" />
  <testcase classname="ptolemy.util.test.junit.TclTests" name="[20] /home/travis/build/icyphy/ptII/ptolemy/actor/lib/test/OrderedMerge.tcl (RunTclFile)" time="0.081" />
  <testcase classname="ptolemy.util.test.junit.TclTests" name="[21] /home/travis/build/icyphy/ptII/ptolemy/actor/lib/test/Publisher.tcl (RunTclFile)" time="0.677" />
  <testcase classname="ptolemy.util.test.junit.TclTests" name="[22] /home/travis/build/icyphy/ptII/ptolemy/actor/lib/test/Pulse.tcl (RunTclFile)" time="0.036" />
  <testcase classname="ptolemy.util.test.junit.TclTests" name="[23] /home/travis/build/icyphy/ptII/ptolemy/actor/lib/test/Ramp.tcl (RunTclFile)" time="2.201" />
  <testcase classname="ptolemy.util.test.junit.TclTests" name="[24] /home/travis/build/icyphy/ptII/ptolemy/actor/lib/test/RampContinuous.tcl (RunTclFile)" time="0.024" />
  <testcase classname="ptolemy.util.test.junit.TclTests" name="[25] /home/travis/build/icyphy/ptII/ptolemy/actor/lib/test/RecordAssembler.tcl (RunTclFile)" time="0.02" />
  <testcase classname="ptolemy.util.test.junit.TclTests" name="[26] /home/travis/build/icyphy/ptII/ptolemy/actor/lib/test/RecordDisassembler.tcl (RunTclFile)" time="0.031" />
  <testcase classname="ptolemy.util.test.junit.TclTests" name="[27] /home/travis/build/icyphy/ptII/ptolemy/actor/lib/test/Scale.tcl (RunTclFile)" time="0.034" />
  <testcase classname="ptolemy.util.test.junit.TclTests" name="[28] /home/travis/build/icyphy/ptII/ptolemy/actor/lib/test/SequentialClock.tcl (RunTclFile)" time="0.025" />
  <testcase classname="ptolemy.util.test.junit.TclTests" name="[29] /home/travis/build/icyphy/ptII/ptolemy/actor/lib/test/SetVariable.tcl (RunTclFile)" time="0.02" />
  <testcase classname="ptolemy.util.test.junit.TclTests" name="[30] /home/travis/build/icyphy/ptII/ptolemy/actor/lib/test/Sinewave.tcl (RunTclFile)" time="0.065" />
  <testcase classname="ptolemy.util.test.junit.TclTests" name="[31] /home/travis/build/icyphy/ptII/ptolemy/actor/lib/test/SubscriptionAggregator.tcl (RunTclFile)" time="2.17" />
  <testcase classname="ptolemy.util.test.junit.TclTests" name="[32] /home/travis/build/icyphy/ptII/ptolemy/actor/lib/test/Test.tcl (RunTclFile)" time="0.117" />
  <testcase classname="ptolemy.util.test.junit.TclTests" name="[33] /home/travis/build/icyphy/ptII/ptolemy/actor/lib/test/TestExceptionHandler.tcl (RunTclFile)" time="0.011" />
  <testcase classname="ptolemy.util.test.junit.TclTests" name="[34] /home/travis/build/icyphy/ptII/ptolemy/actor/lib/test/UnionDisassembler.tcl (RunTclFile)" time="0.05" />
  <testcase classname="ptolemy.util.test.junit.TclTests" name="[35] /home/travis/build/icyphy/ptII/ptolemy/actor/lib/test/VariableClock.tcl (RunTclFile)" time="0.023" />
  <testcase classname="ptolemy.util.test.junit.AutoKnownFailedTests" name="[0] /home/travis/build/icyphy/ptII/ptolemy/actor/lib/test/auto/knownFailedTests/PublisherPortToplevelSubscriber.xml (RunModel)" time="0.02" />
  <testcase classname="ptolemy.util.test.junit.AutoKnownFailedTests" name="[1] /home/travis/build/icyphy/ptII/ptolemy/actor/lib/test/auto/knownFailedTests/PublisherSubscriberPortToplevel.xml (RunModel)" time="0.021" />
  <testcase classname="ptolemy.util.test.junit.AutoKnownFailedTests" name="[2] /home/travis/build/icyphy/ptII/ptolemy/actor/lib/test/auto/knownFailedTests/PublisherSubscriptionAggregatorPort.xml (RunModel)" time="0.023" />
  <testcase classname="ptolemy.util.test.junit.AutoKnownFailedTests" name="[3] /home/travis/build/icyphy/ptII/ptolemy/actor/lib/test/auto/knownFailedTests/sizedarray3.xml (RunModel)" time="0.028" />
  <testcase classname="ptolemy.util.test.junit.AutoNameArchTests" name="[0] ThereAreNoAutoTests (RunModel)" time="0.005" />
  <testcase classname="ptolemy.util.test.junit.AutoTests" name="[0] /home/travis/build/icyphy/ptII/ptolemy/actor/lib/test/auto/AbsoluteValue.xml (RunModel)" time="0.087" />
  <testcase classname="ptolemy.util.test.junit.AutoTests" name="[1] /home/travis/build/icyphy/ptII/ptolemy/actor/lib/test/auto/AbsoluteValue2.xml (RunModel)" time="0.075" />
  <testcase classname="ptolemy.util.test.junit.AutoTests" name="[2] /home/travis/build/icyphy/ptII/ptolemy/actor/lib/test/auto/Accumulator.xml (RunModel)" time="0.078" />
  <testcase classname="ptolemy.util.test.junit.AutoTests" name="[3] /home/travis/build/icyphy/ptII/ptolemy/actor/lib/test/auto/Accumulator2.xml (RunModel)" time="0.028" />
  <testcase classname="ptolemy.util.test.junit.AutoTests" name="[4] /home/travis/build/icyphy/ptII/ptolemy/actor/lib/test/auto/Accumulator3.xml (RunModel)" time="0.054" />
  <testcase classname="ptolemy.util.test.junit.AutoTests" name="[5] /home/travis/build/icyphy/ptII/ptolemy/actor/lib/test/auto/ArrayAppend.xml (RunModel)" time="0.051" />
  <testcase classname="ptolemy.util.test.junit.AutoTests" name="[6] /home/travis/build/icyphy/ptII/ptolemy/actor/lib/test/auto/ArrayAppend2.xml (RunModel)" time="0.301" />
  <testcase classname="ptolemy.util.test.junit.AutoTests" name="[7] /home/travis/build/icyphy/ptII/ptolemy/actor/lib/test/auto/ArrayAppend3.xml (RunModel)" time="0.038" />
  <testcase classname="ptolemy.util.test.junit.AutoTests" name="[8] /home/travis/build/icyphy/ptII/ptolemy/actor/lib/test/auto/ArrayAppend4.xml (RunModel)" time="0.095" />
  <testcase classname="ptolemy.util.test.junit.AutoTests" name="[9] /home/travis/build/icyphy/ptII/ptolemy/actor/lib/test/auto/ArrayAppend5.xml (RunModel)" time="0.028" />
  <testcase classname="ptolemy.util.test.junit.AutoTests" name="[10] /home/travis/build/icyphy/ptII/ptolemy/actor/lib/test/auto/ArrayAppend6.xml (RunModel)" time="0.03" />
  <testcase classname="ptolemy.util.test.junit.AutoTests" name="[11] /home/travis/build/icyphy/ptII/ptolemy/actor/lib/test/auto/ArrayAppendPerformanceTest.xml (RunModel)" time="0.051" />
  <testcase classname="ptolemy.util.test.junit.AutoTests" name="[12] /home/travis/build/icyphy/ptII/ptolemy/actor/lib/test/auto/ArrayAppendWithEmptyInput.xml (RunModel)" time="0.077" />
  <testcase classname="ptolemy.util.test.junit.AutoTests" name="[13] /home/travis/build/icyphy/ptII/ptolemy/actor/lib/test/auto/ArrayAverage.xml (RunModel)" time="0.064" />
  <testcase classname="ptolemy.util.test.junit.AutoTests" name="[14] /home/travis/build/icyphy/ptII/ptolemy/actor/lib/test/auto/ArrayContains.xml (RunModel)" time="0.038" />
  <testcase classname="ptolemy.util.test.junit.AutoTests" name="[15] /home/travis/build/icyphy/ptII/ptolemy/actor/lib/test/auto/ArrayElement.xml (RunModel)" time="0.033" />
  <testcase classname="ptolemy.util.test.junit.AutoTests" name="[16] /home/travis/build/icyphy/ptII/ptolemy/actor/lib/test/auto/ArrayElementAsMatrix.xml (RunModel)" time="0.066" />
  <testcase classname="ptolemy.util.test.junit.AutoTests" name="[17] /home/travis/build/icyphy/ptII/ptolemy/actor/lib/test/auto/ArrayElementI.xml (RunModel)" time="0.019" />
  <testcase classname="ptolemy.util.test.junit.AutoTests" name="[18] /home/travis/build/icyphy/ptII/ptolemy/actor/lib/test/auto/ArrayExtract.xml (RunModel)" time="0.027" />
  <testcase classname="ptolemy.util.test.junit.AutoTests" name="[19] /home/travis/build/icyphy/ptII/ptolemy/actor/lib/test/auto/ArrayExtract2.xml (RunModel)" time="0.017" />
  <testcase classname="ptolemy.util.test.junit.AutoTests" name="[20] /home/travis/build/icyphy/ptII/ptolemy/actor/lib/test/auto/ArrayLength.xml (RunModel)" time="0.016" />
  <testcase classname="ptolemy.util.test.junit.AutoTests" name="[21] /home/travis/build/icyphy/ptII/ptolemy/actor/lib/test/auto/ArrayLevelCrossing.xml (RunModel)" time="0.025" />
  <testcase classname="ptolemy.util.test.junit.AutoTests" name="[22] /home/travis/build/icyphy/ptII/ptolemy/actor/lib/test/auto/ArrayLevelCrossing2.xml (RunModel)" time="0.025" />
  <testcase classname="ptolemy.util.test.junit.AutoTests" name="[23] /home/travis/build/icyphy/ptII/ptolemy/actor/lib/test/auto/ArrayPeakSearch.xml (RunModel)" time="0.037" />
  <testcase classname="ptolemy.util.test.junit.AutoTests" name="[24] /home/travis/build/icyphy/ptII/ptolemy/actor/lib/test/auto/ArrayPeakSearch2.xml (RunModel)" time="0.04" />
  <testcase classname="ptolemy.util.test.junit.AutoTests" name="[25] /home/travis/build/icyphy/ptII/ptolemy/actor/lib/test/auto/ArrayPeakSearch3.xml (RunModel)" time="0.032" />
  <testcase classname="ptolemy.util.test.junit.AutoTests" name="[26] /home/travis/build/icyphy/ptII/ptolemy/actor/lib/test/auto/ArrayRemoveElement.xml (RunModel)" time="0.038" />
  <testcase classname="ptolemy.util.test.junit.AutoTests" name="[27] /home/travis/build/icyphy/ptII/ptolemy/actor/lib/test/auto/ArraySort.xml (RunModel)" time="0.043" />
  <testcase classname="ptolemy.util.test.junit.AutoTests" name="[28] /home/travis/build/icyphy/ptII/ptolemy/actor/lib/test/auto/ArraySum.xml (RunModel)" time="0.017" />
  <testcase classname="ptolemy.util.test.junit.AutoTests" name="[29] /home/travis/build/icyphy/ptII/ptolemy/actor/lib/test/auto/ArrayToElements.xml (RunModel)" time="0.016" />
  <testcase classname="ptolemy.util.test.junit.AutoTests" name="[30] /home/travis/build/icyphy/ptII/ptolemy/actor/lib/test/auto/ArrayToMatrix.xml (RunModel)" time="0.052" />
  <testcase classname="ptolemy.util.test.junit.AutoTests" name="[31] /home/travis/build/icyphy/ptII/ptolemy/actor/lib/test/auto/ArrayUpdate1.xml (RunModel)" time="0.015" />
  <testcase classname="ptolemy.util.test.junit.AutoTests" name="[32] /home/travis/build/icyphy/ptII/ptolemy/actor/lib/test/auto/ArrayUpdate2.xml (RunModel)" time="0.021" />
  <testcase classname="ptolemy.util.test.junit.AutoTests" name="[33] /home/travis/build/icyphy/ptII/ptolemy/actor/lib/test/auto/ArrayUpdate3.xml (RunModel)" time="0.021" />
  <testcase classname="ptolemy.util.test.junit.AutoTests" name="[34] /home/travis/build/icyphy/ptII/ptolemy/actor/lib/test/auto/Assert1.xml (RunModel)" time="0.022" />
  <testcase classname="ptolemy.util.test.junit.AutoTests" name="[35] /home/travis/build/icyphy/ptII/ptolemy/actor/lib/test/auto/Assert2.xml (RunModel)" time="0.024" />
  <testcase classname="ptolemy.util.test.junit.AutoTests" name="[36] /home/travis/build/icyphy/ptII/ptolemy/actor/lib/test/auto/BooleanMultiplexor.xml (RunModel)" time="0.019" />
  <testcase classname="ptolemy.util.test.junit.AutoTests" name="[37] /home/travis/build/icyphy/ptII/ptolemy/actor/lib/test/auto/BooleanMultiplexor2.xml (RunModel)" time="0.026" />
  <testcase classname="ptolemy.util.test.junit.AutoTests" name="[38] /home/travis/build/icyphy/ptII/ptolemy/actor/lib/test/auto/BooleanMultiplexor3.xml (RunModel)" time="0.044" />
  <testcase classname="ptolemy.util.test.junit.AutoTests" name="[39] /home/travis/build/icyphy/ptII/ptolemy/actor/lib/test/auto/BooleanSelect.xml (RunModel)" time="0.024" />
  <testcase classname="ptolemy.util.test.junit.AutoTests" name="[40] /home/travis/build/icyphy/ptII/ptolemy/actor/lib/test/auto/BooleanSelect2.xml (RunModel)" time="0.014" />
  <testcase classname="ptolemy.util.test.junit.AutoTests" name="[41] /home/travis/build/icyphy/ptII/ptolemy/actor/lib/test/auto/BooleanSwitch.xml (RunModel)" time="0.02" />
  <testcase classname="ptolemy.util.test.junit.AutoTests" name="[42] /home/travis/build/icyphy/ptII/ptolemy/actor/lib/test/auto/BooleanSwitch2.xml (RunModel)" time="0.014" />
  <testcase classname="ptolemy.util.test.junit.AutoTests" name="[43] /home/travis/build/icyphy/ptII/ptolemy/actor/lib/test/auto/BooleanSwitchCloningBugWithClassRelationGroup.xml (RunModel)" time="0.041" />
  <testcase classname="ptolemy.util.test.junit.AutoTests" name="[44] /home/travis/build/icyphy/ptII/ptolemy/actor/lib/test/auto/BusActors.xml (RunModel)" time="0.039" />
  <testcase classname="ptolemy.util.test.junit.AutoTests" name="[45] /home/travis/build/icyphy/ptII/ptolemy/actor/lib/test/auto/ClassWrapper.xml (RunModel)" time="0.011" />
  <testcase classname="ptolemy.util.test.junit.AutoTests" name="[46] /home/travis/build/icyphy/ptII/ptolemy/actor/lib/test/auto/Clock.xml (RunModel)" time="0.01" />
  <testcase classname="ptolemy.util.test.junit.AutoTests" name="[47] /home/travis/build/icyphy/ptII/ptolemy/actor/lib/test/auto/Clock10.xml (RunModel)" time="0.02" />
  <testcase classname="ptolemy.util.test.junit.AutoTests" name="[48] /home/travis/build/icyphy/ptII/ptolemy/actor/lib/test/auto/Clock11.xml (RunModel)" time="0.022" />
  <testcase classname="ptolemy.util.test.junit.AutoTests" name="[49] /home/travis/build/icyphy/ptII/ptolemy/actor/lib/test/auto/Clock12.xml (RunModel)" time="0.016" />
  <testcase classname="ptolemy.util.test.junit.AutoTests" name="[50] /home/travis/build/icyphy/ptII/ptolemy/actor/lib/test/auto/Clock13.xml (RunModel)" time="0.014" />
  <testcase classname="ptolemy.util.test.junit.AutoTests" name="[51] /home/travis/build/icyphy/ptII/ptolemy/actor/lib/test/auto/Clock14.xml (RunModel)" time="0.02" />
  <testcase classname="ptolemy.util.test.junit.AutoTests" name="[52] /home/travis/build/icyphy/ptII/ptolemy/actor/lib/test/auto/Clock15.xml (RunModel)" time="0.02" />
  <testcase classname="ptolemy.util.test.junit.AutoTests" name="[53] /home/travis/build/icyphy/ptII/ptolemy/actor/lib/test/auto/Clock16.xml (RunModel)" time="0.08" />
  <testcase classname="ptolemy.util.test.junit.AutoTests" name="[54] /home/travis/build/icyphy/ptII/ptolemy/actor/lib/test/auto/Clock17.xml (RunModel)" time="0.056" />
  <testcase classname="ptolemy.util.test.junit.AutoTests" name="[55] /home/travis/build/icyphy/ptII/ptolemy/actor/lib/test/auto/Clock18.xml (RunModel)" time="0.057" />
  <testcase classname="ptolemy.util.test.junit.AutoTests" name="[56] /home/travis/build/icyphy/ptII/ptolemy/actor/lib/test/auto/Clock19.xml (RunModel)" time="0.045" />
  <testcase classname="ptolemy.util.test.junit.AutoTests" name="[57] /home/travis/build/icyphy/ptII/ptolemy/actor/lib/test/auto/Clock2.xml (RunModel)" time="0.014" />
  <testcase classname="ptolemy.util.test.junit.AutoTests" name="[58] /home/travis/build/icyphy/ptII/ptolemy/actor/lib/test/auto/Clock20.xml (RunModel)" time="0.019" />
  <testcase classname="ptolemy.util.test.junit.AutoTests" name="[59] /home/travis/build/icyphy/ptII/ptolemy/actor/lib/test/auto/Clock21.xml (RunModel)" time="0.016" />
  <testcase classname="ptolemy.util.test.junit.AutoTests" name="[60] /home/travis/build/icyphy/ptII/ptolemy/actor/lib/test/auto/Clock22.xml (RunModel)" time="0.012" />
  <testcase classname="ptolemy.util.test.junit.AutoTests" name="[61] /home/travis/build/icyphy/ptII/ptolemy/actor/lib/test/auto/Clock23.xml (RunModel)" time="0.013" />
  <testcase classname="ptolemy.util.test.junit.AutoTests" name="[62] /home/travis/build/icyphy/ptII/ptolemy/actor/lib/test/auto/Clock24.xml (RunModel)" time="0.012" />
  <testcase classname="ptolemy.util.test.junit.AutoTests" name="[63] /home/travis/build/icyphy/ptII/ptolemy/actor/lib/test/auto/Clock4.xml (RunModel)" time="0.015" />
  <testcase classname="ptolemy.util.test.junit.AutoTests" name="[64] /home/travis/build/icyphy/ptII/ptolemy/actor/lib/test/auto/Clock5.xml (RunModel)" time="0.018" />
  <testcase classname="ptolemy.util.test.junit.AutoTests" name="[65] /home/travis/build/icyphy/ptII/ptolemy/actor/lib/test/auto/Clock6.xml (RunModel)" time="0.009" />
  <testcase classname="ptolemy.util.test.junit.AutoTests" name="[66] /home/travis/build/icyphy/ptII/ptolemy/actor/lib/test/auto/Clock7.xml (RunModel)" time="0.011" />
  <testcase classname="ptolemy.util.test.junit.AutoTests" name="[67] /home/travis/build/icyphy/ptII/ptolemy/actor/lib/test/auto/Clock8.xml (RunModel)" time="0.013" />
  <testcase classname="ptolemy.util.test.junit.AutoTests" name="[68] /home/travis/build/icyphy/ptII/ptolemy/actor/lib/test/auto/Clock9.xml (RunModel)" time="0.012" />
  <testcase classname="ptolemy.util.test.junit.AutoTests" name="[69] /home/travis/build/icyphy/ptII/ptolemy/actor/lib/test/auto/CommDistDiscard.xml (RunModel)" time="0.027" />
  <testcase classname="ptolemy.util.test.junit.AutoTests" name="[70] /home/travis/build/icyphy/ptII/ptolemy/actor/lib/test/auto/Commutator.xml (RunModel)" time="0.015" />
  <testcase classname="ptolemy.util.test.junit.AutoTests" name="[71] /home/travis/build/icyphy/ptII/ptolemy/actor/lib/test/auto/Commutator2.xml (RunModel)" time="0.011" />
  <testcase classname="ptolemy.util.test.junit.AutoTests" name="[72] /home/travis/build/icyphy/ptII/ptolemy/actor/lib/test/auto/Commutator3.xml (RunModel)" time="0.011" />
  <testcase classname="ptolemy.util.test.junit.AutoTests" name="[73] /home/travis/build/icyphy/ptII/ptolemy/actor/lib/test/auto/Compare.xml (RunModel)" time="0.017" />
  <testcase classname="ptolemy.util.test.junit.AutoTests" name="[74] /home/travis/build/icyphy/ptII/ptolemy/actor/lib/test/auto/CompareDE.xml (RunModel)" time="0.017" />
  <testcase classname="ptolemy.util.test.junit.AutoTests" name="[75] /home/travis/build/icyphy/ptII/ptolemy/actor/lib/test/auto/ComplexDivide.xml (RunModel)" time="0.008" />
  <testcase classname="ptolemy.util.test.junit.AutoTests" name="[76] /home/travis/build/icyphy/ptII/ptolemy/actor/lib/test/auto/ComputeHistogram.xml (RunModel)" time="0.056" />
  <testcase classname="ptolemy.util.test.junit.AutoTests" name="[77] /home/travis/build/icyphy/ptII/ptolemy/actor/lib/test/auto/ConfigurationSelect.xml (RunModel)" time="0.013" />
  <testcase classname="ptolemy.util.test.junit.AutoTests" name="[78] /home/travis/build/icyphy/ptII/ptolemy/actor/lib/test/auto/ConfigurationSelect2.xml (RunModel)" time="0.011" />
  <testcase classname="ptolemy.util.test.junit.AutoTests" name="[79] /home/travis/build/icyphy/ptII/ptolemy/actor/lib/test/auto/ConfigurationSwitch.xml (RunModel)" time="0.013" />
  <testcase classname="ptolemy.util.test.junit.AutoTests" name="[80] /home/travis/build/icyphy/ptII/ptolemy/actor/lib/test/auto/ConfigurationSwitch2.xml (RunModel)" time="0.011" />
  <testcase classname="ptolemy.util.test.junit.AutoTests" name="[81] /home/travis/build/icyphy/ptII/ptolemy/actor/lib/test/auto/ConfigurationSwitchCloningBugWithClassRelationGroup.xml (RunModel)" time="0.017" />
  <testcase classname="ptolemy.util.test.junit.AutoTests" name="[82] /home/travis/build/icyphy/ptII/ptolemy/actor/lib/test/auto/ConfigurationSwitchSelectSDF.xml (RunModel)" time="0.013" />
  <testcase classname="ptolemy.util.test.junit.AutoTests" name="[83] /home/travis/build/icyphy/ptII/ptolemy/actor/lib/test/auto/ConfigurationSwitchSelectSDF2.xml (RunModel)" time="0.015" />
  <testcase classname="ptolemy.util.test.junit.AutoTests" name="[84] /home/travis/build/icyphy/ptII/ptolemy/actor/lib/test/auto/Const.xml (RunModel)" time="0.007" />
  <testcase classname="ptolemy.util.test.junit.AutoTests" name="[85] /home/travis/build/icyphy/ptII/ptolemy/actor/lib/test/auto/Const2.xml (RunModel)" time="0.008" />
  <testcase classname="ptolemy.util.test.junit.AutoTests" name="[86] /home/travis/build/icyphy/ptII/ptolemy/actor/lib/test/auto/Const3.xml (RunModel)" time="0.005" />
  <testcase classname="ptolemy.util.test.junit.AutoTests" name="[87] /home/travis/build/icyphy/ptII/ptolemy/actor/lib/test/auto/ConstantPublisherPort1.xml (RunModel)" time="0.019" />
  <testcase classname="ptolemy.util.test.junit.AutoTests" name="[88] /home/travis/build/icyphy/ptII/ptolemy/actor/lib/test/auto/ConstantPublisherPort2.xml (RunModel)" time="0.018" />
  <testcase classname="ptolemy.util.test.junit.AutoTests" name="[89] /home/travis/build/icyphy/ptII/ptolemy/actor/lib/test/auto/ConstantPublisherPort3.xml (RunModel)" time="0.019" />
  <testcase classname="ptolemy.util.test.junit.AutoTests" name="[90] /home/travis/build/icyphy/ptII/ptolemy/actor/lib/test/auto/ConstantPublisherPort4.xml (RunModel)" time="0.019" />
  <testcase classname="ptolemy.util.test.junit.AutoTests" name="[91] /home/travis/build/icyphy/ptII/ptolemy/actor/lib/test/auto/ConstantPublisherPort5.xml (RunModel)" time="0.035" />
  <testcase classname="ptolemy.util.test.junit.AutoTests" name="[92] /home/travis/build/icyphy/ptII/ptolemy/actor/lib/test/auto/ConstantPublisherPort6.xml (RunModel)" time="0.035" />
  <testcase classname="ptolemy.util.test.junit.AutoTests" name="[93] /home/travis/build/icyphy/ptII/ptolemy/actor/lib/test/auto/ConstantPublisherPort7.xml (RunModel)" time="0.047" />
  <testcase classname="ptolemy.util.test.junit.AutoTests" name="[94] /home/travis/build/icyphy/ptII/ptolemy/actor/lib/test/auto/ConstraintMonitor1.xml (RunModel)" time="0.039" />
  <testcase classname="ptolemy.util.test.junit.AutoTests" name="[95] /home/travis/build/icyphy/ptII/ptolemy/actor/lib/test/auto/ConstraintMonitor2.xml (RunModel)" time="0.014" />
  <testcase classname="ptolemy.util.test.junit.AutoTests" name="[96] /home/travis/build/icyphy/ptII/ptolemy/actor/lib/test/auto/ConstraintMonitor3.xml (RunModel)" time="0.015" />
  <testcase classname="ptolemy.util.test.junit.AutoTests" name="[97] /home/travis/build/icyphy/ptII/ptolemy/actor/lib/test/auto/ConstraintMonitor4.xml (RunModel)" time="0.015" />
  <testcase classname="ptolemy.util.test.junit.AutoTests" name="[98] /home/travis/build/icyphy/ptII/ptolemy/actor/lib/test/auto/ConstraintMonitor5.xml (RunModel)" time="0.011" />
  <testcase classname="ptolemy.util.test.junit.AutoTests" name="[99] /home/travis/build/icyphy/ptII/ptolemy/actor/lib/test/auto/ConstraintMonitor6.xml (RunModel)" time="0.023" />
  <testcase classname="ptolemy.util.test.junit.AutoTests" name="[100] /home/travis/build/icyphy/ptII/ptolemy/actor/lib/test/auto/ConstraintMonitor7.xml (RunModel)" time="0.02" />
  <testcase classname="ptolemy.util.test.junit.AutoTests" name="[101] /home/travis/build/icyphy/ptII/ptolemy/actor/lib/test/auto/ConstraintMonitor8.xml (RunModel)" time="0.022" />
  <testcase classname="ptolemy.util.test.junit.AutoTests" name="[102] /home/travis/build/icyphy/ptII/ptolemy/actor/lib/test/auto/Counter.xml (RunModel)" time="0.014" />
  <testcase classname="ptolemy.util.test.junit.AutoTests" name="[103] /home/travis/build/icyphy/ptII/ptolemy/actor/lib/test/auto/CurrentTimeSDF.xml (RunModel)" time="0.011" />
  <testcase classname="ptolemy.util.test.junit.AutoTests" name="[104] /home/travis/build/icyphy/ptII/ptolemy/actor/lib/test/auto/DB.xml (RunModel)" time="0.017" />
  <testcase classname="ptolemy.util.test.junit.AutoTests" name="[105] /home/travis/build/icyphy/ptII/ptolemy/actor/lib/test/auto/DBDE.xml (RunModel)" time="0.05" />
  <testcase classname="ptolemy.util.test.junit.AutoTests" name="[106] /home/travis/build/icyphy/ptII/ptolemy/actor/lib/test/auto/DateConstructor.xml (RunModel)" time="0.061" />
  <testcase classname="ptolemy.util.test.junit.AutoTests" name="[107] /home/travis/build/icyphy/ptII/ptolemy/actor/lib/test/auto/DelayTime.xml (RunModel)" time="0.021" />
  <testcase classname="ptolemy.util.test.junit.AutoTests" name="[108] /home/travis/build/icyphy/ptII/ptolemy/actor/lib/test/auto/Dictionary1.xml (RunModel)" time="0.018" />
  <testcase classname="ptolemy.util.test.junit.AutoTests" name="[109] /home/travis/build/icyphy/ptII/ptolemy/actor/lib/test/auto/Dictionary2.xml (RunModel)" time="0.017" />
  <testcase classname="ptolemy.util.test.junit.AutoTests" name="[110] /home/travis/build/icyphy/ptII/ptolemy/actor/lib/test/auto/Dictionary3.xml (RunModel)" time="0.018" />
  <testcase classname="ptolemy.util.test.junit.AutoTests" name="[111] /home/travis/build/icyphy/ptII/ptolemy/actor/lib/test/auto/Dictionary4.xml (RunModel)" time="0.024" />
  <testcase classname="ptolemy.util.test.junit.AutoTests" name="[112] /home/travis/build/icyphy/ptII/ptolemy/actor/lib/test/auto/Differential.xml (RunModel)" time="0.012" />
  <testcase classname="ptolemy.util.test.junit.AutoTests" name="[113] /home/travis/build/icyphy/ptII/ptolemy/actor/lib/test/auto/Director.xml (RunModel)" time="0.009" />
  <testcase classname="ptolemy.util.test.junit.AutoTests" name="[114] /home/travis/build/icyphy/ptII/ptolemy/actor/lib/test/auto/DiscreteClock.xml (RunModel)" time="0.008" />
  <testcase classname="ptolemy.util.test.junit.AutoTests" name="[115] /home/travis/build/icyphy/ptII/ptolemy/actor/lib/test/auto/DiscreteClock10.xml (RunModel)" time="0.017" />
  <testcase classname="ptolemy.util.test.junit.AutoTests" name="[116] /home/travis/build/icyphy/ptII/ptolemy/actor/lib/test/auto/DiscreteClock11.xml (RunModel)" time="0.012" />
  <testcase classname="ptolemy.util.test.junit.AutoTests" name="[117] /home/travis/build/icyphy/ptII/ptolemy/actor/lib/test/auto/DiscreteClock12.xml (RunModel)" time="0.013" />
  <testcase classname="ptolemy.util.test.junit.AutoTests" name="[118] /home/travis/build/icyphy/ptII/ptolemy/actor/lib/test/auto/DiscreteClock13.xml (RunModel)" time="0.013" />
  <testcase classname="ptolemy.util.test.junit.AutoTests" name="[119] /home/travis/build/icyphy/ptII/ptolemy/actor/lib/test/auto/DiscreteClock14.xml (RunModel)" time="0.012" />
  <testcase classname="ptolemy.util.test.junit.AutoTests" name="[120] /home/travis/build/icyphy/ptII/ptolemy/actor/lib/test/auto/DiscreteClock15.xml (RunModel)" time="0.012" />
  <testcase classname="ptolemy.util.test.junit.AutoTests" name="[121] /home/travis/build/icyphy/ptII/ptolemy/actor/lib/test/auto/DiscreteClock16.xml (RunModel)" time="0.048" />
  <testcase classname="ptolemy.util.test.junit.AutoTests" name="[122] /home/travis/build/icyphy/ptII/ptolemy/actor/lib/test/auto/DiscreteClock17.xml (RunModel)" time="0.045" />
  <testcase classname="ptolemy.util.test.junit.AutoTests" name="[123] /home/travis/build/icyphy/ptII/ptolemy/actor/lib/test/auto/DiscreteClock18.xml (RunModel)" time="0.037" />
  <testcase classname="ptolemy.util.test.junit.AutoTests" name="[124] /home/travis/build/icyphy/ptII/ptolemy/actor/lib/test/auto/DiscreteClock19.xml (RunModel)" time="0.048" />
  <testcase classname="ptolemy.util.test.junit.AutoTests" name="[125] /home/travis/build/icyphy/ptII/ptolemy/actor/lib/test/auto/DiscreteClock2.xml (RunModel)" time="0.013" />
  <testcase classname="ptolemy.util.test.junit.AutoTests" name="[126] /home/travis/build/icyphy/ptII/ptolemy/actor/lib/test/auto/DiscreteClock20.xml (RunModel)" time="0.018" />
  <testcase classname="ptolemy.util.test.junit.AutoTests" name="[127] /home/travis/build/icyphy/ptII/ptolemy/actor/lib/test/auto/DiscreteClock21.xml (RunModel)" time="0.019" />
  <testcase classname="ptolemy.util.test.junit.AutoTests" name="[128] /home/travis/build/icyphy/ptII/ptolemy/actor/lib/test/auto/DiscreteClock22.xml (RunModel)" time="0.017" />
  <testcase classname="ptolemy.util.test.junit.AutoTests" name="[129] /home/travis/build/icyphy/ptII/ptolemy/actor/lib/test/auto/DiscreteClock23.xml (RunModel)" time="0.022" />
  <testcase classname="ptolemy.util.test.junit.AutoTests" name="[130] /home/travis/build/icyphy/ptII/ptolemy/actor/lib/test/auto/DiscreteClock24.xml (RunModel)" time="0.478" />
  <testcase classname="ptolemy.util.test.junit.AutoTests" name="[131] /home/travis/build/icyphy/ptII/ptolemy/actor/lib/test/auto/DiscreteClock4.xml (RunModel)" time="0.013" />
  <testcase classname="ptolemy.util.test.junit.AutoTests" name="[132] /home/travis/build/icyphy/ptII/ptolemy/actor/lib/test/auto/DiscreteClock5.xml (RunModel)" time="0.01" />
  <testcase classname="ptolemy.util.test.junit.AutoTests" name="[133] /home/travis/build/icyphy/ptII/ptolemy/actor/lib/test/auto/DiscreteClock6.xml (RunModel)" time="0.011" />
  <testcase classname="ptolemy.util.test.junit.AutoTests" name="[134] /home/travis/build/icyphy/ptII/ptolemy/actor/lib/test/auto/DiscreteClock7.xml (RunModel)" time="0.012" />
  <testcase classname="ptolemy.util.test.junit.AutoTests" name="[135] /home/travis/build/icyphy/ptII/ptolemy/actor/lib/test/auto/DiscreteClock8.xml (RunModel)" time="0.015" />
  <testcase classname="ptolemy.util.test.junit.AutoTests" name="[136] /home/travis/build/icyphy/ptII/ptolemy/actor/lib/test/auto/DiscreteClock9.xml (RunModel)" time="0.015" />
  <testcase classname="ptolemy.util.test.junit.AutoTests" name="[137] /home/travis/build/icyphy/ptII/ptolemy/actor/lib/test/auto/DisplayArray.xml (RunModel)" time="0.02" />
  <testcase classname="ptolemy.util.test.junit.AutoTests" name="[138] /home/travis/build/icyphy/ptII/ptolemy/actor/lib/test/auto/Distributor.xml (RunModel)" time="0.009" />
  <testcase classname="ptolemy.util.test.junit.AutoTests" name="[139] /home/travis/build/icyphy/ptII/ptolemy/actor/lib/test/auto/Distributor2.xml (RunModel)" time="0.009" />
  <testcase classname="ptolemy.util.test.junit.AutoTests" name="[140] /home/travis/build/icyphy/ptII/ptolemy/actor/lib/test/auto/DownSample.xml (RunModel)" time="0.014" />
  <testcase classname="ptolemy.util.test.junit.AutoTests" name="[141] /home/travis/build/icyphy/ptII/ptolemy/actor/lib/test/auto/ElectronicUnitBase1.xml (RunModel)" time="0.09" />
  <testcase classname="ptolemy.util.test.junit.AutoTests" name="[142] /home/travis/build/icyphy/ptII/ptolemy/actor/lib/test/auto/ElementsToArray.xml (RunModel)" time="0.013" />
  <testcase classname="ptolemy.util.test.junit.AutoTests" name="[143] /home/travis/build/icyphy/ptII/ptolemy/actor/lib/test/auto/Equals.xml (RunModel)" time="0.014" />
  <testcase classname="ptolemy.util.test.junit.AutoTests" name="[144] /home/travis/build/icyphy/ptII/ptolemy/actor/lib/test/auto/Exec.xml (RunModel)" time="0.027" />
  <testcase classname="ptolemy.util.test.junit.AutoTests" name="[145] /home/travis/build/icyphy/ptII/ptolemy/actor/lib/test/auto/ExecEnvironment.xml (RunModel)" time="0.037" />
  <testcase classname="ptolemy.util.test.junit.AutoTests" name="[146] /home/travis/build/icyphy/ptII/ptolemy/actor/lib/test/auto/ExecNonZeroReturnOutput.xml (RunModel)" time="0.141" />
  <testcase classname="ptolemy.util.test.junit.AutoTests" name="[147] /home/travis/build/icyphy/ptII/ptolemy/actor/lib/test/auto/ExecRunDemos.xml (RunModel)" time="9.199" />
  <testcase classname="ptolemy.util.test.junit.AutoTests" name="[148] /home/travis/build/icyphy/ptII/ptolemy/actor/lib/test/auto/ExecStop.xml (RunModel)" time="5.03" />
  <testcase classname="ptolemy.util.test.junit.AutoTests" name="[149] /home/travis/build/icyphy/ptII/ptolemy/actor/lib/test/auto/ExecutionTimePN.xml (RunModel)" time="2.029" />
  <testcase classname="ptolemy.util.test.junit.AutoTests" name="[150] /home/travis/build/icyphy/ptII/ptolemy/actor/lib/test/auto/ExecutionTimeSDF.xml (RunModel)" time="6.023" />
  <testcase classname="ptolemy.util.test.junit.AutoTests" name="[151] /home/travis/build/icyphy/ptII/ptolemy/actor/lib/test/auto/Expression1.xml (RunModel)" time="0.008" />
  <testcase classname="ptolemy.util.test.junit.AutoTests" name="[152] /home/travis/build/icyphy/ptII/ptolemy/actor/lib/test/auto/Expression10.xml (RunModel)" time="0.013" />
  <testcase classname="ptolemy.util.test.junit.AutoTests" name="[153] /home/travis/build/icyphy/ptII/ptolemy/actor/lib/test/auto/Expression11.xml (RunModel)" time="0.012" />
  <testcase classname="ptolemy.util.test.junit.AutoTests" name="[154] /home/travis/build/icyphy/ptII/ptolemy/actor/lib/test/auto/Expression12.xml (RunModel)" time="0.016" />
  <testcase classname="ptolemy.util.test.junit.AutoTests" name="[155] /home/travis/build/icyphy/ptII/ptolemy/actor/lib/test/auto/Expression13.xml (RunModel)" time="0.019" />
  <testcase classname="ptolemy.util.test.junit.AutoTests" name="[156] /home/travis/build/icyphy/ptII/ptolemy/actor/lib/test/auto/Expression14.xml (RunModel)" time="0.023" />
  <testcase classname="ptolemy.util.test.junit.AutoTests" name="[157] /home/travis/build/icyphy/ptII/ptolemy/actor/lib/test/auto/Expression15.xml (RunModel)" time="0.009" />
  <testcase classname="ptolemy.util.test.junit.AutoTests" name="[158] /home/travis/build/icyphy/ptII/ptolemy/actor/lib/test/auto/Expression16.xml (RunModel)" time="0.016" />
  <testcase classname="ptolemy.util.test.junit.AutoTests" name="[159] /home/travis/build/icyphy/ptII/ptolemy/actor/lib/test/auto/Expression17.xml (RunModel)" time="0.014" />
  <testcase classname="ptolemy.util.test.junit.AutoTests" name="[160] /home/travis/build/icyphy/ptII/ptolemy/actor/lib/test/auto/Expression18.xml (RunModel)" time="0.017" />
  <testcase classname="ptolemy.util.test.junit.AutoTests" name="[161] /home/travis/build/icyphy/ptII/ptolemy/actor/lib/test/auto/Expression2.xml (RunModel)" time="0.018" />
  <testcase classname="ptolemy.util.test.junit.AutoTests" name="[162] /home/travis/build/icyphy/ptII/ptolemy/actor/lib/test/auto/Expression3.xml (RunModel)" time="0.018" />
  <testcase classname="ptolemy.util.test.junit.AutoTests" name="[163] /home/travis/build/icyphy/ptII/ptolemy/actor/lib/test/auto/Expression4.xml (RunModel)" time="0.024" />
  <testcase classname="ptolemy.util.test.junit.AutoTests" name="[164] /home/travis/build/icyphy/ptII/ptolemy/actor/lib/test/auto/Expression5.xml (RunModel)" time="0.015" />
  <testcase classname="ptolemy.util.test.junit.AutoTests" name="[165] /home/travis/build/icyphy/ptII/ptolemy/actor/lib/test/auto/Expression6.xml (RunModel)" time="0.013" />
  <testcase classname="ptolemy.util.test.junit.AutoTests" name="[166] /home/travis/build/icyphy/ptII/ptolemy/actor/lib/test/auto/Expression7.xml (RunModel)" time="0.014" />
  <testcase classname="ptolemy.util.test.junit.AutoTests" name="[167] /home/travis/build/icyphy/ptII/ptolemy/actor/lib/test/auto/Expression8.xml (RunModel)" time="0.013" />
  <testcase classname="ptolemy.util.test.junit.AutoTests" name="[168] /home/travis/build/icyphy/ptII/ptolemy/actor/lib/test/auto/Expression9.xml (RunModel)" time="0.01" />
  <testcase classname="ptolemy.util.test.junit.AutoTests" name="[169] /home/travis/build/icyphy/ptII/ptolemy/actor/lib/test/auto/ExpressionConcatenateArrayType.xml (RunModel)" time="0.035" />
  <testcase classname="ptolemy.util.test.junit.AutoTests" name="[170] /home/travis/build/icyphy/ptII/ptolemy/actor/lib/test/auto/ExpressionConcatenateArrayType2.xml (RunModel)" time="0.027" />
  <testcase classname="ptolemy.util.test.junit.AutoTests" name="[171] /home/travis/build/icyphy/ptII/ptolemy/actor/lib/test/auto/ExpressionFix.xml (RunModel)" time="0.04" />
  <testcase classname="ptolemy.util.test.junit.AutoTests" name="[172] /home/travis/build/icyphy/ptII/ptolemy/actor/lib/test/auto/ExpressionFix2.xml (RunModel)" time="0.019" />
  <testcase classname="ptolemy.util.test.junit.AutoTests" name="[173] /home/travis/build/icyphy/ptII/ptolemy/actor/lib/test/auto/ExpressionFix3.xml (RunModel)" time="0.012" />
  <testcase classname="ptolemy.util.test.junit.AutoTests" name="[174] /home/travis/build/icyphy/ptII/ptolemy/actor/lib/test/auto/FileWriter1.xml (RunModel)" time="0.011" />
  <testcase classname="ptolemy.util.test.junit.AutoTests" name="[175] /home/travis/build/icyphy/ptII/ptolemy/actor/lib/test/auto/FileWriter2.xml (RunModel)" time="0.013" />
  <testcase classname="ptolemy.util.test.junit.AutoTests" name="[176] /home/travis/build/icyphy/ptII/ptolemy/actor/lib/test/auto/FileWriter3.xml (RunModel)" time="0.018" />
  <testcase classname="ptolemy.util.test.junit.AutoTests" name="[177] /home/travis/build/icyphy/ptII/ptolemy/actor/lib/test/auto/Gaussian.xml (RunModel)" time="0.014" />
  <testcase classname="ptolemy.util.test.junit.AutoTests" name="[178] /home/travis/build/icyphy/ptII/ptolemy/actor/lib/test/auto/Gaussian1.xml (RunModel)" time="0.026" />
  <testcase classname="ptolemy.util.test.junit.AutoTests" name="[179] /home/travis/build/icyphy/ptII/ptolemy/actor/lib/test/auto/Gaussian2.xml (RunModel)" time="0.019" />
  <testcase classname="ptolemy.util.test.junit.AutoTests" name="[180] /home/travis/build/icyphy/ptII/ptolemy/actor/lib/test/auto/GradientAdaptiveLattice.xml (RunModel)" time="0.018" />
  <testcase classname="ptolemy.util.test.junit.AutoTests" name="[181] /home/travis/build/icyphy/ptII/ptolemy/actor/lib/test/auto/IIR.xml (RunModel)" time="0.012" />
  <testcase classname="ptolemy.util.test.junit.AutoTests" name="[182] /home/travis/build/icyphy/ptII/ptolemy/actor/lib/test/auto/InputOutputTransparentPorts.xml (RunModel)" time="0.026" />
  <testcase classname="ptolemy.util.test.junit.AutoTests" name="[183] /home/travis/build/icyphy/ptII/ptolemy/actor/lib/test/auto/Interpolator.xml (RunModel)" time="0.015" />
  <testcase classname="ptolemy.util.test.junit.AutoTests" name="[184] /home/travis/build/icyphy/ptII/ptolemy/actor/lib/test/auto/InterpolatorFiringLimitDE.xml (RunModel)" time="0.023" />
  <testcase classname="ptolemy.util.test.junit.AutoTests" name="[185] /home/travis/build/icyphy/ptII/ptolemy/actor/lib/test/auto/Lattice.xml (RunModel)" time="0.013" />
  <testcase classname="ptolemy.util.test.junit.AutoTests" name="[186] /home/travis/build/icyphy/ptII/ptolemy/actor/lib/test/auto/LazyAOCTestLazy.xml (RunModel)" time="0.055" />
  <testcase classname="ptolemy.util.test.junit.AutoTests" name="[187] /home/travis/build/icyphy/ptII/ptolemy/actor/lib/test/auto/LazyAOCTestNonLazy.xml (RunModel)" time="0.046" />
  <testcase classname="ptolemy.util.test.junit.AutoTests" name="[188] /home/travis/build/icyphy/ptII/ptolemy/actor/lib/test/auto/LazyInnerClass.xml (RunModel)" time="0.058" />
  <testcase classname="ptolemy.util.test.junit.AutoTests" name="[189] /home/travis/build/icyphy/ptII/ptolemy/actor/lib/test/auto/LazyPubSub.xml (RunModel)" time="0.075" />
  <testcase classname="ptolemy.util.test.junit.AutoTests" name="[190] /home/travis/build/icyphy/ptII/ptolemy/actor/lib/test/auto/LazyPubSub2.xml (RunModel)" time="0.027" />
  <testcase classname="ptolemy.util.test.junit.AutoTests" name="[191] /home/travis/build/icyphy/ptII/ptolemy/actor/lib/test/auto/LazyPubSub3.xml (RunModel)" time="0.028" />
  <testcase classname="ptolemy.util.test.junit.AutoTests" name="[192] /home/travis/build/icyphy/ptII/ptolemy/actor/lib/test/auto/LazySubClassModel.xml (RunModel)" time="0.021" />
  <testcase classname="ptolemy.util.test.junit.AutoTests" name="[193] /home/travis/build/icyphy/ptII/ptolemy/actor/lib/test/auto/LevelCrossTest1.xml (RunModel)" time="0.011" />
  <testcase classname="ptolemy.util.test.junit.AutoTests" name="[194] /home/travis/build/icyphy/ptII/ptolemy/actor/lib/test/auto/LevelCrossTest10.xml (RunModel)" time="0.016" />
  <testcase classname="ptolemy.util.test.junit.AutoTests" name="[195] /home/travis/build/icyphy/ptII/ptolemy/actor/lib/test/auto/LevelCrossTest11.xml (RunModel)" time="0.013" />
  <testcase classname="ptolemy.util.test.junit.AutoTests" name="[196] /home/travis/build/icyphy/ptII/ptolemy/actor/lib/test/auto/LevelCrossTest12.xml (RunModel)" time="0.014" />
  <testcase classname="ptolemy.util.test.junit.AutoTests" name="[197] /home/travis/build/icyphy/ptII/ptolemy/actor/lib/test/auto/LevelCrossTest13.xml (RunModel)" time="0.014" />
  <testcase classname="ptolemy.util.test.junit.AutoTests" name="[198] /home/travis/build/icyphy/ptII/ptolemy/actor/lib/test/auto/LevelCrossTest2.xml (RunModel)" time="0.011" />
  <testcase classname="ptolemy.util.test.junit.AutoTests" name="[199] /home/travis/build/icyphy/ptII/ptolemy/actor/lib/test/auto/LevelCrossTest3.xml (RunModel)" time="0.013" />
  <testcase classname="ptolemy.util.test.junit.AutoTests" name="[200] /home/travis/build/icyphy/ptII/ptolemy/actor/lib/test/auto/LevelCrossTest4.xml (RunModel)" time="0.012" />
  <testcase classname="ptolemy.util.test.junit.AutoTests" name="[201] /home/travis/build/icyphy/ptII/ptolemy/actor/lib/test/auto/LevelCrossTest5.xml (RunModel)" time="0.014" />
  <testcase classname="ptolemy.util.test.junit.AutoTests" name="[202] /home/travis/build/icyphy/ptII/ptolemy/actor/lib/test/auto/LevelCrossTest6.xml (RunModel)" time="0.014" />
  <testcase classname="ptolemy.util.test.junit.AutoTests" name="[203] /home/travis/build/icyphy/ptII/ptolemy/actor/lib/test/auto/LevelCrossTest7.xml (RunModel)" time="0.015" />
  <testcase classname="ptolemy.util.test.junit.AutoTests" name="[204] /home/travis/build/icyphy/ptII/ptolemy/actor/lib/test/auto/LevelCrossTest8.xml (RunModel)" time="0.013" />
  <testcase classname="ptolemy.util.test.junit.AutoTests" name="[205] /home/travis/build/icyphy/ptII/ptolemy/actor/lib/test/auto/LevelCrossTest9.xml (RunModel)" time="0.015" />
  <testcase classname="ptolemy.util.test.junit.AutoTests" name="[206] /home/travis/build/icyphy/ptII/ptolemy/actor/lib/test/auto/LevinsonDurbin.xml (RunModel)" time="0.008" />
  <testcase classname="ptolemy.util.test.junit.AutoTests" name="[207] /home/travis/build/icyphy/ptII/ptolemy/actor/lib/test/auto/LevinsonDurbin2.xml (RunModel)" time="0.008" />
  <testcase classname="ptolemy.util.test.junit.AutoTests" name="[208] /home/travis/build/icyphy/ptII/ptolemy/actor/lib/test/auto/LevinsonDurbin3.xml (RunModel)" time="0.008" />
  <testcase classname="ptolemy.util.test.junit.AutoTests" name="[209] /home/travis/build/icyphy/ptII/ptolemy/actor/lib/test/auto/Limiter.xml (RunModel)" time="0.023" />
  <testcase classname="ptolemy.util.test.junit.AutoTests" name="[210] /home/travis/build/icyphy/ptII/ptolemy/actor/lib/test/auto/LinearDifferenceEquationSystem.xml (RunModel)" time="0.021" />
  <testcase classname="ptolemy.util.test.junit.AutoTests" name="[211] /home/travis/build/icyphy/ptII/ptolemy/actor/lib/test/auto/LookupTable.xml (RunModel)" time="0.01" />
  <testcase classname="ptolemy.util.test.junit.AutoTests" name="[212] /home/travis/build/icyphy/ptII/ptolemy/actor/lib/test/auto/MathFunction.xml (RunModel)" time="0.02" />
  <testcase classname="ptolemy.util.test.junit.AutoTests" name="[213] /home/travis/build/icyphy/ptII/ptolemy/actor/lib/test/auto/MathFunction2.xml (RunModel)" time="0.01" />
  <testcase classname="ptolemy.util.test.junit.AutoTests" name="[214] /home/travis/build/icyphy/ptII/ptolemy/actor/lib/test/auto/MathFunction3.xml (RunModel)" time="0.017" />
  <testcase classname="ptolemy.util.test.junit.AutoTests" name="[215] /home/travis/build/icyphy/ptII/ptolemy/actor/lib/test/auto/MatrixCropBoolean.xml (RunModel)" time="0.01" />
  <testcase classname="ptolemy.util.test.junit.AutoTests" name="[216] /home/travis/build/icyphy/ptII/ptolemy/actor/lib/test/auto/MatrixCropComplex.xml (RunModel)" time="0.009" />
  <testcase classname="ptolemy.util.test.junit.AutoTests" name="[217] /home/travis/build/icyphy/ptII/ptolemy/actor/lib/test/auto/MatrixCropDouble.xml (RunModel)" time="0.009" />
  <testcase classname="ptolemy.util.test.junit.AutoTests" name="[218] /home/travis/build/icyphy/ptII/ptolemy/actor/lib/test/auto/MatrixCropFix.xml (RunModel)" time="0.01" />
  <testcase classname="ptolemy.util.test.junit.AutoTests" name="[219] /home/travis/build/icyphy/ptII/ptolemy/actor/lib/test/auto/MatrixCropInt.xml (RunModel)" time="0.011" />
  <testcase classname="ptolemy.util.test.junit.AutoTests" name="[220] /home/travis/build/icyphy/ptII/ptolemy/actor/lib/test/auto/MatrixCropLong.xml (RunModel)" time="0.009" />
  <testcase classname="ptolemy.util.test.junit.AutoTests" name="[221] /home/travis/build/icyphy/ptII/ptolemy/actor/lib/test/auto/MatrixToArray.xml (RunModel)" time="0.043" />
  <testcase classname="ptolemy.util.test.junit.AutoTests" name="[222] /home/travis/build/icyphy/ptII/ptolemy/actor/lib/test/auto/MaxIndex.xml (RunModel)" time="0.011" />
  <testcase classname="ptolemy.util.test.junit.AutoTests" name="[223] /home/travis/build/icyphy/ptII/ptolemy/actor/lib/test/auto/Maximum.xml (RunModel)" time="0.015" />
  <testcase classname="ptolemy.util.test.junit.AutoTests" name="[224] /home/travis/build/icyphy/ptII/ptolemy/actor/lib/test/auto/MaximumComplex.xml (RunModel)" time="0.014" />
  <testcase classname="ptolemy.util.test.junit.AutoTests" name="[225] /home/travis/build/icyphy/ptII/ptolemy/actor/lib/test/auto/MethodCallTest.xml (RunModel)" time="0.022" />
  <testcase classname="ptolemy.util.test.junit.AutoTests" name="[226] /home/travis/build/icyphy/ptII/ptolemy/actor/lib/test/auto/Minimum.xml (RunModel)" time="0.012" />
  <testcase classname="ptolemy.util.test.junit.AutoTests" name="[227] /home/travis/build/icyphy/ptII/ptolemy/actor/lib/test/auto/MinimumComplex.xml (RunModel)" time="0.013" />
  <testcase classname="ptolemy.util.test.junit.AutoTests" name="[228] /home/travis/build/icyphy/ptII/ptolemy/actor/lib/test/auto/MinimumMultiports.xml (RunModel)" time="0.019" />
  <testcase classname="ptolemy.util.test.junit.AutoTests" name="[229] /home/travis/build/icyphy/ptII/ptolemy/actor/lib/test/auto/ModifyDate.xml (RunModel)" time="0.04" />
  <testcase classname="ptolemy.util.test.junit.AutoTests" name="[230] /home/travis/build/icyphy/ptII/ptolemy/actor/lib/test/auto/ModifyDate2.xml (RunModel)" time="0.029" />
  <testcase classname="ptolemy.util.test.junit.AutoTests" name="[231] /home/travis/build/icyphy/ptII/ptolemy/actor/lib/test/auto/MovingAverage.xml (RunModel)" time="0.015" />
  <testcase classname="ptolemy.util.test.junit.AutoTests" name="[232] /home/travis/build/icyphy/ptII/ptolemy/actor/lib/test/auto/MovingMaximum.xml (RunModel)" time="0.011" />
  <testcase classname="ptolemy.util.test.junit.AutoTests" name="[233] /home/travis/build/icyphy/ptII/ptolemy/actor/lib/test/auto/MultipleLinksToSameRelation.xml (RunModel)" time="0.007" />
  <testcase classname="ptolemy.util.test.junit.AutoTests" name="[234] /home/travis/build/icyphy/ptII/ptolemy/actor/lib/test/auto/MultipleLinksToSameRelationDE.xml (RunModel)" time="0.009" />
  <testcase classname="ptolemy.util.test.junit.AutoTests" name="[235] /home/travis/build/icyphy/ptII/ptolemy/actor/lib/test/auto/Multiplexor.xml (RunModel)" time="0.013" />
  <testcase classname="ptolemy.util.test.junit.AutoTests" name="[236] /home/travis/build/icyphy/ptII/ptolemy/actor/lib/test/auto/Multiplexor1.xml (RunModel)" time="0.012" />
  <testcase classname="ptolemy.util.test.junit.AutoTests" name="[237] /home/travis/build/icyphy/ptII/ptolemy/actor/lib/test/auto/Multiplexor2.xml (RunModel)" time="0.014" />
  <testcase classname="ptolemy.util.test.junit.AutoTests" name="[238] /home/travis/build/icyphy/ptII/ptolemy/actor/lib/test/auto/Multiplexor3.xml (RunModel)" time="0.009" />
  <testcase classname="ptolemy.util.test.junit.AutoTests" name="[239] /home/travis/build/icyphy/ptII/ptolemy/actor/lib/test/auto/MultiplexorDE.xml (RunModel)" time="0.019" />
  <testcase classname="ptolemy.util.test.junit.AutoTests" name="[240] /home/travis/build/icyphy/ptII/ptolemy/actor/lib/test/auto/MultiportBroadcastTest.xml (RunModel)" time="0.087" />
  <testcase classname="ptolemy.util.test.junit.AutoTests" name="[241] /home/travis/build/icyphy/ptII/ptolemy/actor/lib/test/auto/MultiportOutHangDuringGetWidth.xml (RunModel)" time="0.033" />
  <testcase classname="ptolemy.util.test.junit.AutoTests" name="[242] /home/travis/build/icyphy/ptII/ptolemy/actor/lib/test/auto/NilToken.xml (RunModel)" time="0.008" />
  <testcase classname="ptolemy.util.test.junit.AutoTests" name="[243] /home/travis/build/icyphy/ptII/ptolemy/actor/lib/test/auto/NilTokenNonStrictTest.xml (RunModel)" time="0.012" />
  <testcase classname="ptolemy.util.test.junit.AutoTests" name="[244] /home/travis/build/icyphy/ptII/ptolemy/actor/lib/test/auto/NilTokenRecord.xml (RunModel)" time="0.018" />
  <testcase classname="ptolemy.util.test.junit.AutoTests" name="[245] /home/travis/build/icyphy/ptII/ptolemy/actor/lib/test/auto/NilTokenTypeTest.xml (RunModel)" time="0.027" />
  <testcase classname="ptolemy.util.test.junit.AutoTests" name="[246] /home/travis/build/icyphy/ptII/ptolemy/actor/lib/test/auto/ObjectToken1.xml (RunModel)" time="0.008" />
  <testcase classname="ptolemy.util.test.junit.AutoTests" name="[247] /home/travis/build/icyphy/ptII/ptolemy/actor/lib/test/auto/OrderedMerge.xml (RunModel)" time="0.013" />
  <testcase classname="ptolemy.util.test.junit.AutoTests" name="[248] /home/travis/build/icyphy/ptII/ptolemy/actor/lib/test/auto/OrderedRecordDisassembler.xml (RunModel)" time="0.018" />
  <testcase classname="ptolemy.util.test.junit.AutoTests" name="[249] /home/travis/build/icyphy/ptII/ptolemy/actor/lib/test/auto/OrderedRecordDisassembler2.xml (RunModel)" time="0.039" />
  <testcase classname="ptolemy.util.test.junit.AutoTests" name="[250] /home/travis/build/icyphy/ptII/ptolemy/actor/lib/test/auto/OrderedRecordUpdater.xml (RunModel)" time="0.012" />
  <testcase classname="ptolemy.util.test.junit.AutoTests" name="[251] /home/travis/build/icyphy/ptII/ptolemy/actor/lib/test/auto/OrderedRecordUpdater2.xml (RunModel)" time="0.011" />
  <testcase classname="ptolemy.util.test.junit.AutoTests" name="[252] /home/travis/build/icyphy/ptII/ptolemy/actor/lib/test/auto/PhaseUnwrap.xml (RunModel)" time="0.013" />
  <testcase classname="ptolemy.util.test.junit.AutoTests" name="[253] /home/travis/build/icyphy/ptII/ptolemy/actor/lib/test/auto/PoissonClock.xml (RunModel)" time="0.01" />
  <testcase classname="ptolemy.util.test.junit.AutoTests" name="[254] /home/travis/build/icyphy/ptII/ptolemy/actor/lib/test/auto/PoissonClock2.xml (RunModel)" time="0.008" />
  <testcase classname="ptolemy.util.test.junit.AutoTests" name="[255] /home/travis/build/icyphy/ptII/ptolemy/actor/lib/test/auto/PoissonClock3.xml (RunModel)" time="0.01" />
  <testcase classname="ptolemy.util.test.junit.AutoTests" name="[256] /home/travis/build/icyphy/ptII/ptolemy/actor/lib/test/auto/PubSubWithInitialTokens.xml (RunModel)" time="0.012" />
  <testcase classname="ptolemy.util.test.junit.AutoTests" name="[257] /home/travis/build/icyphy/ptII/ptolemy/actor/lib/test/auto/PubSubWithInitialTokens2.xml (RunModel)" time="0.014" />
  <testcase classname="ptolemy.util.test.junit.AutoTests" name="[258] /home/travis/build/icyphy/ptII/ptolemy/actor/lib/test/auto/PublisherClassNoParameter.xml (RunModel)" time="0.023" />
  <testcase classname="ptolemy.util.test.junit.AutoTests" name="[259] /home/travis/build/icyphy/ptII/ptolemy/actor/lib/test/auto/PublisherClassParameter.xml (RunModel)" time="0.023" />
  <testcase classname="ptolemy.util.test.junit.AutoTests" name="[260] /home/travis/build/icyphy/ptII/ptolemy/actor/lib/test/auto/PublisherNonStrictTest.xml (RunModel)" time="0.017" />
  <testcase classname="ptolemy.util.test.junit.AutoTests" name="[261] /home/travis/build/icyphy/ptII/ptolemy/actor/lib/test/auto/PublisherPort1.xml (RunModel)" time="0.012" />
  <testcase classname="ptolemy.util.test.junit.AutoTests" name="[262] /home/travis/build/icyphy/ptII/ptolemy/actor/lib/test/auto/PublisherPort2.xml (RunModel)" time="0.01" />
  <testcase classname="ptolemy.util.test.junit.AutoTests" name="[263] /home/travis/build/icyphy/ptII/ptolemy/actor/lib/test/auto/PublisherPort3.xml (RunModel)" time="0.015" />
  <testcase classname="ptolemy.util.test.junit.AutoTests" name="[264] /home/travis/build/icyphy/ptII/ptolemy/actor/lib/test/auto/PublisherPort4.xml (RunModel)" time="0.012" />
  <testcase classname="ptolemy.util.test.junit.AutoTests" name="[265] /home/travis/build/icyphy/ptII/ptolemy/actor/lib/test/auto/PublisherPort5.xml (RunModel)" time="0.017" />
  <testcase classname="ptolemy.util.test.junit.AutoTests" name="[266] /home/travis/build/icyphy/ptII/ptolemy/actor/lib/test/auto/PublisherPort5LookAlike.xml (RunModel)" time="0.017" />
  <testcase classname="ptolemy.util.test.junit.AutoTests" name="[267] /home/travis/build/icyphy/ptII/ptolemy/actor/lib/test/auto/PublisherPort6.xml (RunModel)" time="0.014" />
  <testcase classname="ptolemy.util.test.junit.AutoTests" name="[268] /home/travis/build/icyphy/ptII/ptolemy/actor/lib/test/auto/PublisherPort7.xml (RunModel)" time="0.017" />
  <testcase classname="ptolemy.util.test.junit.AutoTests" name="[269] /home/travis/build/icyphy/ptII/ptolemy/actor/lib/test/auto/PublisherPort8.xml (RunModel)" time="0.019" />
  <testcase classname="ptolemy.util.test.junit.AutoTests" name="[270] /home/travis/build/icyphy/ptII/ptolemy/actor/lib/test/auto/PublisherPortSubscriberChannelVariablesAOC2.xml (RunModel)" time="0.052" />
  <testcase classname="ptolemy.util.test.junit.AutoTests" name="[271] /home/travis/build/icyphy/ptII/ptolemy/actor/lib/test/auto/PublisherPortSubscriberOpaqueWidthInference.xml (RunModel)" time="0.018" />
  <testcase classname="ptolemy.util.test.junit.AutoTests" name="[272] /home/travis/build/icyphy/ptII/ptolemy/actor/lib/test/auto/PublisherPortSubscriberPortAdjacent.xml (RunModel)" time="0.033" />
  <testcase classname="ptolemy.util.test.junit.AutoTests" name="[273] /home/travis/build/icyphy/ptII/ptolemy/actor/lib/test/auto/PublisherPortSubscriberPortExpression.xml (RunModel)" time="0.021" />
  <testcase classname="ptolemy.util.test.junit.AutoTests" name="[274] /home/travis/build/icyphy/ptII/ptolemy/actor/lib/test/auto/PublisherPortSubscriberPortOpaqueD3Reverse.xml (RunModel)" time="0.043" />
  <testcase classname="ptolemy.util.test.junit.AutoTests" name="[275] /home/travis/build/icyphy/ptII/ptolemy/actor/lib/test/auto/PublisherPortSubscriberPortOpaqueWidthInference.xml (RunModel)" time="0.017" />
  <testcase classname="ptolemy.util.test.junit.AutoTests" name="[276] /home/travis/build/icyphy/ptII/ptolemy/actor/lib/test/auto/PublisherPortToplevelSubscriberPortAOC.xml (RunModel)" time="0.01" />
  <testcase classname="ptolemy.util.test.junit.AutoTests" name="[277] /home/travis/build/icyphy/ptII/ptolemy/actor/lib/test/auto/PublisherSubscriber.xml (RunModel)" time="0.016" />
  <testcase classname="ptolemy.util.test.junit.AutoTests" name="[278] /home/travis/build/icyphy/ptII/ptolemy/actor/lib/test/auto/PublisherSubscriber10.xml (RunModel)" time="0.022" />
  <testcase classname="ptolemy.util.test.junit.AutoTests" name="[279] /home/travis/build/icyphy/ptII/ptolemy/actor/lib/test/auto/PublisherSubscriber10InitialOutputs.xml (RunModel)" time="0.02" />
  <testcase classname="ptolemy.util.test.junit.AutoTests" name="[280] /home/travis/build/icyphy/ptII/ptolemy/actor/lib/test/auto/PublisherSubscriber11.xml (RunModel)" time="0.012" />
  <testcase classname="ptolemy.util.test.junit.AutoTests" name="[281] /home/travis/build/icyphy/ptII/ptolemy/actor/lib/test/auto/PublisherSubscriber12.xml (RunModel)" time="0.013" />
  <testcase classname="ptolemy.util.test.junit.AutoTests" name="[282] /home/travis/build/icyphy/ptII/ptolemy/actor/lib/test/auto/PublisherSubscriber13.xml (RunModel)" time="0.01" />
  <testcase classname="ptolemy.util.test.junit.AutoTests" name="[283] /home/travis/build/icyphy/ptII/ptolemy/actor/lib/test/auto/PublisherSubscriber14.xml (RunModel)" time="0.018" />
  <testcase classname="ptolemy.util.test.junit.AutoTests" name="[284] /home/travis/build/icyphy/ptII/ptolemy/actor/lib/test/auto/PublisherSubscriber2.xml (RunModel)" time="0.009" />
  <testcase classname="ptolemy.util.test.junit.AutoTests" name="[285] /home/travis/build/icyphy/ptII/ptolemy/actor/lib/test/auto/PublisherSubscriber3.xml (RunModel)" time="0.01" />
  <testcase classname="ptolemy.util.test.junit.AutoTests" name="[286] /home/travis/build/icyphy/ptII/ptolemy/actor/lib/test/auto/PublisherSubscriber4.xml (RunModel)" time="0.009" />
  <testcase classname="ptolemy.util.test.junit.AutoTests" name="[287] /home/travis/build/icyphy/ptII/ptolemy/actor/lib/test/auto/PublisherSubscriber5.xml (RunModel)" time="0.012" />
  <testcase classname="ptolemy.util.test.junit.AutoTests" name="[288] /home/travis/build/icyphy/ptII/ptolemy/actor/lib/test/auto/PublisherSubscriber6.xml (RunModel)" time="0.013" />
  <testcase classname="ptolemy.util.test.junit.AutoTests" name="[289] /home/travis/build/icyphy/ptII/ptolemy/actor/lib/test/auto/PublisherSubscriber7.xml (RunModel)" time="0.014" />
  <testcase classname="ptolemy.util.test.junit.AutoTests" name="[290] /home/travis/build/icyphy/ptII/ptolemy/actor/lib/test/auto/PublisherSubscriber8.xml (RunModel)" time="0.023" />
  <testcase classname="ptolemy.util.test.junit.AutoTests" name="[291] /home/travis/build/icyphy/ptII/ptolemy/actor/lib/test/auto/PublisherSubscriber9.xml (RunModel)" time="0.016" />
  <testcase classname="ptolemy.util.test.junit.AutoTests" name="[292] /home/travis/build/icyphy/ptII/ptolemy/actor/lib/test/auto/PublisherSubscriberAdjacent.xml (RunModel)" time="0.018" />
  <testcase classname="ptolemy.util.test.junit.AutoTests" name="[293] /home/travis/build/icyphy/ptII/ptolemy/actor/lib/test/auto/PublisherSubscriberChannelVariablesAOC2.xml (RunModel)" time="0.028" />
  <testcase classname="ptolemy.util.test.junit.AutoTests" name="[294] /home/travis/build/icyphy/ptII/ptolemy/actor/lib/test/auto/PublisherSubscriberD3.xml (RunModel)" time="0.015" />
  <testcase classname="ptolemy.util.test.junit.AutoTests" name="[295] /home/travis/build/icyphy/ptII/ptolemy/actor/lib/test/auto/PublisherSubscriberD3Reverse.xml (RunModel)" time="0.013" />
  <testcase classname="ptolemy.util.test.junit.AutoTests" name="[296] /home/travis/build/icyphy/ptII/ptolemy/actor/lib/test/auto/PublisherSubscriberExpression.xml (RunModel)" time="0.02" />
  <testcase classname="ptolemy.util.test.junit.AutoTests" name="[297] /home/travis/build/icyphy/ptII/ptolemy/actor/lib/test/auto/PublisherSubscriberOpaque.xml (RunModel)" time="0.017" />
  <testcase classname="ptolemy.util.test.junit.AutoTests" name="[298] /home/travis/build/icyphy/ptII/ptolemy/actor/lib/test/auto/PublisherSubscriberOpaqueD3.xml (RunModel)" time="0.024" />
  <testcase classname="ptolemy.util.test.junit.AutoTests" name="[299] /home/travis/build/icyphy/ptII/ptolemy/actor/lib/test/auto/PublisherSubscriberOpaqueD3Reverse.xml (RunModel)" time="0.021" />
  <testcase classname="ptolemy.util.test.junit.AutoTests" name="[300] /home/travis/build/icyphy/ptII/ptolemy/actor/lib/test/auto/PublisherSubscriberOpaqueWidthInference.xml (RunModel)" time="0.018" />
  <testcase classname="ptolemy.util.test.junit.AutoTests" name="[301] /home/travis/build/icyphy/ptII/ptolemy/actor/lib/test/auto/PublisherTestSubscriber.xml (RunModel)" time="0.015" />
  <testcase classname="ptolemy.util.test.junit.AutoTests" name="[302] /home/travis/build/icyphy/ptII/ptolemy/actor/lib/test/auto/PublisherToplevelSubscriberPortAOC.xml (RunModel)" time="0.011" />
  <testcase classname="ptolemy.util.test.junit.AutoTests" name="[303] /home/travis/build/icyphy/ptII/ptolemy/actor/lib/test/auto/PulseFiringLimitDE.xml (RunModel)" time="0.013" />
  <testcase classname="ptolemy.util.test.junit.AutoTests" name="[304] /home/travis/build/icyphy/ptII/ptolemy/actor/lib/test/auto/Ramp1.xml (RunModel)" time="0.007" />
  <testcase classname="ptolemy.util.test.junit.AutoTests" name="[305] /home/travis/build/icyphy/ptII/ptolemy/actor/lib/test/auto/RampFiringLimitDE.xml (RunModel)" time="0.011" />
  <testcase classname="ptolemy.util.test.junit.AutoTests" name="[306] /home/travis/build/icyphy/ptII/ptolemy/actor/lib/test/auto/RampFiringLimitSDF.xml (RunModel)" time="0.011" />
  <testcase classname="ptolemy.util.test.junit.AutoTests" name="[307] /home/travis/build/icyphy/ptII/ptolemy/actor/lib/test/auto/RandomInteger.xml (RunModel)" time="0.008" />
  <testcase classname="ptolemy.util.test.junit.AutoTests" name="[308] /home/travis/build/icyphy/ptII/ptolemy/actor/lib/test/auto/ReadFile1.xml (RunModel)" time="0.008" />
  <testcase classname="ptolemy.util.test.junit.AutoTests" name="[309] /home/travis/build/icyphy/ptII/ptolemy/actor/lib/test/auto/ReadFile2.xml (RunModel)" time="0.009" />
  <testcase classname="ptolemy.util.test.junit.AutoTests" name="[310] /home/travis/build/icyphy/ptII/ptolemy/actor/lib/test/auto/Reader.xml (RunModel)" time="0.017" />
  <testcase classname="ptolemy.util.test.junit.AutoTests" name="[311] /home/travis/build/icyphy/ptII/ptolemy/actor/lib/test/auto/RecordAssemblerDisplayNameTest.xml (RunModel)" time="3.968" />
  <testcase classname="ptolemy.util.test.junit.AutoTests" name="[312] /home/travis/build/icyphy/ptII/ptolemy/actor/lib/test/auto/RecordAssemblerTypeError.xml (RunModel)" time="0.034" />
  <testcase classname="ptolemy.util.test.junit.AutoTests" name="[313] /home/travis/build/icyphy/ptII/ptolemy/actor/lib/test/auto/RecordDisassember.xml (RunModel)" time="0.01" />
  <testcase classname="ptolemy.util.test.junit.AutoTests" name="[314] /home/travis/build/icyphy/ptII/ptolemy/actor/lib/test/auto/RecordDisassemberDisplayNameTest.xml (RunModel)" time="0.019" />
  <testcase classname="ptolemy.util.test.junit.AutoTests" name="[315] /home/travis/build/icyphy/ptII/ptolemy/actor/lib/test/auto/RecordDisassembler.xml (RunModel)" time="0.016" />
  <testcase classname="ptolemy.util.test.junit.AutoTests" name="[316] /home/travis/build/icyphy/ptII/ptolemy/actor/lib/test/auto/RecordDisassembler2.xml (RunModel)" time="0.012" />
  <testcase classname="ptolemy.util.test.junit.AutoTests" name="[317] /home/travis/build/icyphy/ptII/ptolemy/actor/lib/test/auto/RecordUpdater.xml (RunModel)" time="0.009" />
  <testcase classname="ptolemy.util.test.junit.AutoTests" name="[318] /home/travis/build/icyphy/ptII/ptolemy/actor/lib/test/auto/RecordUpdater2.xml (RunModel)" time="0.01" />
  <testcase classname="ptolemy.util.test.junit.AutoTests" name="[319] /home/travis/build/icyphy/ptII/ptolemy/actor/lib/test/auto/RecursiveLattice.xml (RunModel)" time="0.01" />
  <testcase classname="ptolemy.util.test.junit.AutoTests" name="[320] /home/travis/build/icyphy/ptII/ptolemy/actor/lib/test/auto/Router.xml (RunModel)" time="3.029" />
  <testcase classname="ptolemy.util.test.junit.AutoTests" name="[321] /home/travis/build/icyphy/ptII/ptolemy/actor/lib/test/auto/Router2.xml (RunModel)" time="3.02" />
  <testcase classname="ptolemy.util.test.junit.AutoTests" name="[322] /home/travis/build/icyphy/ptII/ptolemy/actor/lib/test/auto/RunningMaximum.xml (RunModel)" time="0.013" />
  <testcase classname="ptolemy.util.test.junit.AutoTests" name="[323] /home/travis/build/icyphy/ptII/ptolemy/actor/lib/test/auto/RunningMinimum.xml (RunModel)" time="0.01" />
  <testcase classname="ptolemy.util.test.junit.AutoTests" name="[324] /home/travis/build/icyphy/ptII/ptolemy/actor/lib/test/auto/Scale.xml (RunModel)" time="0.008" />
  <testcase classname="ptolemy.util.test.junit.AutoTests" name="[325] /home/travis/build/icyphy/ptII/ptolemy/actor/lib/test/auto/Scale2.xml (RunModel)" time="0.009" />
  <testcase classname="ptolemy.util.test.junit.AutoTests" name="[326] /home/travis/build/icyphy/ptII/ptolemy/actor/lib/test/auto/Scale3.xml (RunModel)" time="0.014" />
  <testcase classname="ptolemy.util.test.junit.AutoTests" name="[327] /home/travis/build/icyphy/ptII/ptolemy/actor/lib/test/auto/ScaleArray.xml (RunModel)" time="0.008" />
  <testcase classname="ptolemy.util.test.junit.AutoTests" name="[328] /home/travis/build/icyphy/ptII/ptolemy/actor/lib/test/auto/ScaleArray2.xml (RunModel)" time="0.009" />
  <testcase classname="ptolemy.util.test.junit.AutoTests" name="[329] /home/travis/build/icyphy/ptII/ptolemy/actor/lib/test/auto/ScaleMatrix.xml (RunModel)" time="0.146" />
  <testcase classname="ptolemy.util.test.junit.AutoTests" name="[330] /home/travis/build/icyphy/ptII/ptolemy/actor/lib/test/auto/Select.xml (RunModel)" time="0.021" />
  <testcase classname="ptolemy.util.test.junit.AutoTests" name="[331] /home/travis/build/icyphy/ptII/ptolemy/actor/lib/test/auto/Select2.xml (RunModel)" time="0.009" />
  <testcase classname="ptolemy.util.test.junit.AutoTests" name="[332] /home/travis/build/icyphy/ptII/ptolemy/actor/lib/test/auto/SequenceToArray2.xml (RunModel)" time="0.108" />
  <testcase classname="ptolemy.util.test.junit.AutoTests" name="[333] /home/travis/build/icyphy/ptII/ptolemy/actor/lib/test/auto/SequentialClock.xml (RunModel)" time="0.014" />
  <testcase classname="ptolemy.util.test.junit.AutoTests" name="[334] /home/travis/build/icyphy/ptII/ptolemy/actor/lib/test/auto/SetVariable.xml (RunModel)" time="0.01" />
  <testcase classname="ptolemy.util.test.junit.AutoTests" name="[335] /home/travis/build/icyphy/ptII/ptolemy/actor/lib/test/auto/SetVariable2.xml (RunModel)" time="0.012" />
  <testcase classname="ptolemy.util.test.junit.AutoTests" name="[336] /home/travis/build/icyphy/ptII/ptolemy/actor/lib/test/auto/SetVariable3.xml (RunModel)" time="0.018" />
  <testcase classname="ptolemy.util.test.junit.AutoTests" name="[337] /home/travis/build/icyphy/ptII/ptolemy/actor/lib/test/auto/SetVariable4.xml (RunModel)" time="0.027" />
  <testcase classname="ptolemy.util.test.junit.AutoTests" name="[338] /home/travis/build/icyphy/ptII/ptolemy/actor/lib/test/auto/SetVariable5.xml (RunModel)" time="0.03" />
  <testcase classname="ptolemy.util.test.junit.AutoTests" name="[339] /home/travis/build/icyphy/ptII/ptolemy/actor/lib/test/auto/Sinewave.xml (RunModel)" time="0.03" />
  <testcase classname="ptolemy.util.test.junit.AutoTests" name="[340] /home/travis/build/icyphy/ptII/ptolemy/actor/lib/test/auto/Sinewave2.xml (RunModel)" time="0.018" />
  <testcase classname="ptolemy.util.test.junit.AutoTests" name="[341] /home/travis/build/icyphy/ptII/ptolemy/actor/lib/test/auto/Sinewave3.xml (RunModel)" time="0.02" />
  <testcase classname="ptolemy.util.test.junit.AutoTests" name="[342] /home/travis/build/icyphy/ptII/ptolemy/actor/lib/test/auto/SingleEvent.xml (RunModel)" time="0.007" />
  <testcase classname="ptolemy.util.test.junit.AutoTests" name="[343] /home/travis/build/icyphy/ptII/ptolemy/actor/lib/test/auto/Sleep.xml (RunModel)" time="6.013" />
  <testcase classname="ptolemy.util.test.junit.AutoTests" name="[344] /home/travis/build/icyphy/ptII/ptolemy/actor/lib/test/auto/SleepMultipleFire.xml (RunModel)" time="1.021" />
  <testcase classname="ptolemy.util.test.junit.AutoTests" name="[345] /home/travis/build/icyphy/ptII/ptolemy/actor/lib/test/auto/StopDE.xml (RunModel)" time="0.009" />
  <testcase classname="ptolemy.util.test.junit.AutoTests" name="[346] /home/travis/build/icyphy/ptII/ptolemy/actor/lib/test/auto/StopSDF.xml (RunModel)" time="0.008" />
  <testcase classname="ptolemy.util.test.junit.AutoTests" name="[347] /home/travis/build/icyphy/ptII/ptolemy/actor/lib/test/auto/StringConstant.xml (RunModel)" time="0.006" />
  <testcase classname="ptolemy.util.test.junit.AutoTests" name="[348] /home/travis/build/icyphy/ptII/ptolemy/actor/lib/test/auto/SubscriberPortInitialValues1.xml (RunModel)" time="0.012" />
  <testcase classname="ptolemy.util.test.junit.AutoTests" name="[349] /home/travis/build/icyphy/ptII/ptolemy/actor/lib/test/auto/SubscriberPortInitialValues13.xml (RunModel)" time="0.016" />
  <testcase classname="ptolemy.util.test.junit.AutoTests" name="[350] /home/travis/build/icyphy/ptII/ptolemy/actor/lib/test/auto/SubscriberPortInitialValues14.xml (RunModel)" time="0.01" />
  <testcase classname="ptolemy.util.test.junit.AutoTests" name="[351] /home/travis/build/icyphy/ptII/ptolemy/actor/lib/test/auto/SubscriberPortInitialValues2.xml (RunModel)" time="0.011" />
  <testcase classname="ptolemy.util.test.junit.AutoTests" name="[352] /home/travis/build/icyphy/ptII/ptolemy/actor/lib/test/auto/SubscriberPortInitialValues3.xml (RunModel)" time="0.015" />
  <testcase classname="ptolemy.util.test.junit.AutoTests" name="[353] /home/travis/build/icyphy/ptII/ptolemy/actor/lib/test/auto/SubscriptionAggregator.xml (RunModel)" time="0.016" />
  <testcase classname="ptolemy.util.test.junit.AutoTests" name="[354] /home/travis/build/icyphy/ptII/ptolemy/actor/lib/test/auto/SubscriptionAggregator2.xml (RunModel)" time="0.008" />
  <testcase classname="ptolemy.util.test.junit.AutoTests" name="[355] /home/travis/build/icyphy/ptII/ptolemy/actor/lib/test/auto/SubscriptionAggregator3.xml (RunModel)" time="0.011" />
  <testcase classname="ptolemy.util.test.junit.AutoTests" name="[356] /home/travis/build/icyphy/ptII/ptolemy/actor/lib/test/auto/SubscriptionAggregatorMultiply.xml (RunModel)" time="0.01" />
  <testcase classname="ptolemy.util.test.junit.AutoTests" name="[357] /home/travis/build/icyphy/ptII/ptolemy/actor/lib/test/auto/SubscriptionAggregatorPortMultiply1.xml (RunModel)" time="0.009" />
  <testcase classname="ptolemy.util.test.junit.AutoTests" name="[358] /home/travis/build/icyphy/ptII/ptolemy/actor/lib/test/auto/Switch.xml (RunModel)" time="0.009" />
  <testcase classname="ptolemy.util.test.junit.AutoTests" name="[359] /home/travis/build/icyphy/ptII/ptolemy/actor/lib/test/auto/Switch2.xml (RunModel)" time="0.011" />
  <testcase classname="ptolemy.util.test.junit.AutoTests" name="[360] /home/travis/build/icyphy/ptII/ptolemy/actor/lib/test/auto/SwitchDE.xml (RunModel)" time="0.009" />
  <testcase classname="ptolemy.util.test.junit.AutoTests" name="[361] /home/travis/build/icyphy/ptII/ptolemy/actor/lib/test/auto/SynchronizerDE.xml (RunModel)" time="0.013" />
  <testcase classname="ptolemy.util.test.junit.AutoTests" name="[362] /home/travis/build/icyphy/ptII/ptolemy/actor/lib/test/auto/Test.xml (RunModel)" time="0.007" />
  <testcase classname="ptolemy.util.test.junit.AutoTests" name="[363] /home/travis/build/icyphy/ptII/ptolemy/actor/lib/test/auto/TestExceptionAttribute1.xml (RunModel)" time="0.004" />
  <testcase classname="ptolemy.util.test.junit.AutoTests" name="[364] /home/travis/build/icyphy/ptII/ptolemy/actor/lib/test/auto/TestExceptionAttribute2.xml (RunModel)" time="0.004" />
  <testcase classname="ptolemy.util.test.junit.AutoTests" name="[365] /home/travis/build/icyphy/ptII/ptolemy/actor/lib/test/auto/TestExceptionAttribute3.xml (RunModel)" time="0.005" />
  <testcase classname="ptolemy.util.test.junit.AutoTests" name="[366] /home/travis/build/icyphy/ptII/ptolemy/actor/lib/test/auto/TestExceptionAttribute4.xml (RunModel)" time="0.004" />
  <testcase classname="ptolemy.util.test.junit.AutoTests" name="[367] /home/travis/build/icyphy/ptII/ptolemy/actor/lib/test/auto/TestExceptionHandler1.xml (RunModel)" time="0.005" />
  <testcase classname="ptolemy.util.test.junit.AutoTests" name="[368] /home/travis/build/icyphy/ptII/ptolemy/actor/lib/test/auto/TestExceptionHandler2.xml (RunModel)" time="0.004" />
  <testcase classname="ptolemy.util.test.junit.AutoTests" name="[369] /home/travis/build/icyphy/ptII/ptolemy/actor/lib/test/auto/TestExceptionHandler3.xml (RunModel)" time="0.003" />
  <testcase classname="ptolemy.util.test.junit.AutoTests" name="[370] /home/travis/build/icyphy/ptII/ptolemy/actor/lib/test/auto/TestExceptionHandler4.xml (RunModel)" time="0.004" />
  <testcase classname="ptolemy.util.test.junit.AutoTests" name="[371] /home/travis/build/icyphy/ptII/ptolemy/actor/lib/test/auto/TestRequireCorrectOrder.xml (RunModel)" time="0.006" />
  <testcase classname="ptolemy.util.test.junit.AutoTests" name="[372] /home/travis/build/icyphy/ptII/ptolemy/actor/lib/test/auto/TestSimple.xml (RunModel)" time="0.005" />
  <testcase classname="ptolemy.util.test.junit.AutoTests" name="[373] /home/travis/build/icyphy/ptII/ptolemy/actor/lib/test/auto/ThrowModelError.xml (RunModel)" time="0.006" />
  <testcase classname="ptolemy.util.test.junit.AutoTests" name="[374] /home/travis/build/icyphy/ptII/ptolemy/actor/lib/test/auto/TimeDelayMicrosteps.xml (RunModel)" time="0.008" />
  <testcase classname="ptolemy.util.test.junit.AutoTests" name="[375] /home/travis/build/icyphy/ptII/ptolemy/actor/lib/test/auto/TimeDelayMicrosteps2.xml (RunModel)" time="0.01" />
  <testcase classname="ptolemy.util.test.junit.AutoTests" name="[376] /home/travis/build/icyphy/ptII/ptolemy/actor/lib/test/auto/TimeDelayMicrosteps3.xml (RunModel)" time="0.008" />
  <testcase classname="ptolemy.util.test.junit.AutoTests" name="[377] /home/travis/build/icyphy/ptII/ptolemy/actor/lib/test/auto/TimeDelayVariableMicrosteps.xml (RunModel)" time="0.008" />
  <testcase classname="ptolemy.util.test.junit.AutoTests" name="[378] /home/travis/build/icyphy/ptII/ptolemy/actor/lib/test/auto/TimeGap.xml (RunModel)" time="0.008" />
  <testcase classname="ptolemy.util.test.junit.AutoTests" name="[379] /home/travis/build/icyphy/ptII/ptolemy/actor/lib/test/auto/TimeGap2.xml (RunModel)" time="0.007" />
  <testcase classname="ptolemy.util.test.junit.AutoTests" name="[380] /home/travis/build/icyphy/ptII/ptolemy/actor/lib/test/auto/TimedSinewave.xml (RunModel)" time="0.027" />
  <testcase classname="ptolemy.util.test.junit.AutoTests" name="[381] /home/travis/build/icyphy/ptII/ptolemy/actor/lib/test/auto/TimedSinewavePhase.xml (RunModel)" time="0.015" />
  <testcase classname="ptolemy.util.test.junit.AutoTests" name="[382] /home/travis/build/icyphy/ptII/ptolemy/actor/lib/test/auto/Timer.xml (RunModel)" time="0.008" />
  <testcase classname="ptolemy.util.test.junit.AutoTests" name="[383] /home/travis/build/icyphy/ptII/ptolemy/actor/lib/test/auto/TriangularDistTestModel.xml (RunModel)" time="0.009" />
  <testcase classname="ptolemy.util.test.junit.AutoTests" name="[384] /home/travis/build/icyphy/ptII/ptolemy/actor/lib/test/auto/TrigFunction.xml (RunModel)" time="0.006" />
  <testcase classname="ptolemy.util.test.junit.AutoTests" name="[385] /home/travis/build/icyphy/ptII/ptolemy/actor/lib/test/auto/TrigFunctionDE.xml (RunModel)" time="0.011" />
  <testcase classname="ptolemy.util.test.junit.AutoTests" name="[386] /home/travis/build/icyphy/ptII/ptolemy/actor/lib/test/auto/TrigFunctionInverse.xml (RunModel)" time="0.007" />
  <testcase classname="ptolemy.util.test.junit.AutoTests" name="[387] /home/travis/build/icyphy/ptII/ptolemy/actor/lib/test/auto/TrigFunctionTan.xml (RunModel)" time="0.005" />
  <testcase classname="ptolemy.util.test.junit.AutoTests" name="[388] /home/travis/build/icyphy/ptII/ptolemy/actor/lib/test/auto/TriggeredClock.xml (RunModel)" time="0.005" />
  <testcase classname="ptolemy.util.test.junit.AutoTests" name="[389] /home/travis/build/icyphy/ptII/ptolemy/actor/lib/test/auto/URLDirectoryReader.xml (RunModel)" time="0.063" />
  <testcase classname="ptolemy.util.test.junit.AutoTests" name="[390] /home/travis/build/icyphy/ptII/ptolemy/actor/lib/test/auto/URLDirectoryReader3.xml (RunModel)" time="1.189" />
  <testcase classname="ptolemy.util.test.junit.AutoTests" name="[391] /home/travis/build/icyphy/ptII/ptolemy/actor/lib/test/auto/UnaryMathFunction.xml (RunModel)" time="0.038" />
  <testcase classname="ptolemy.util.test.junit.AutoTests" name="[392] /home/travis/build/icyphy/ptII/ptolemy/actor/lib/test/auto/Uniform.xml (RunModel)" time="0.013" />
  <testcase classname="ptolemy.util.test.junit.AutoTests" name="[393] /home/travis/build/icyphy/ptII/ptolemy/actor/lib/test/auto/UnionDisassemblerTest.xml (RunModel)" time="0.008" />
  <testcase classname="ptolemy.util.test.junit.AutoTests" name="[394] /home/travis/build/icyphy/ptII/ptolemy/actor/lib/test/auto/UtilityFunctions.xml (RunModel)" time="0.007" />
  <testcase classname="ptolemy.util.test.junit.AutoTests" name="[395] /home/travis/build/icyphy/ptII/ptolemy/actor/lib/test/auto/VariableSleep.xml (RunModel)" time="0.516" />
  <testcase classname="ptolemy.util.test.junit.AutoTests" name="[396] /home/travis/build/icyphy/ptII/ptolemy/actor/lib/test/auto/VectorAssemblerDisassemblerCT.xml (RunModel)" time="0.128" />
  <testcase classname="ptolemy.util.test.junit.AutoTests" name="[397] /home/travis/build/icyphy/ptII/ptolemy/actor/lib/test/auto/VectorAssemblerDisassemblerDE.xml (RunModel)" time="0.018" />
  <testcase classname="ptolemy.util.test.junit.AutoTests" name="[398] /home/travis/build/icyphy/ptII/ptolemy/actor/lib/test/auto/VectorAssemblerDisassemblerSDF.xml (RunModel)" time="0.016" />
  <testcase classname="ptolemy.util.test.junit.AutoTests" name="[399] /home/travis/build/icyphy/ptII/ptolemy/actor/lib/test/auto/WallClockTime.xml (RunModel)" time="1.015" />
  <testcase classname="ptolemy.util.test.junit.AutoTests" name="[400] /home/travis/build/icyphy/ptII/ptolemy/actor/lib/test/auto/WidthTestWithSubscriberPublisher.xml (RunModel)" time="0.081" />
  <testcase classname="ptolemy.util.test.junit.AutoTests" name="[401] /home/travis/build/icyphy/ptII/ptolemy/actor/lib/test/auto/WidthTestWithSubscriberPublisher2.xml (RunModel)" time="0.014" />
  <testcase classname="ptolemy.util.test.junit.AutoTests" name="[402] /home/travis/build/icyphy/ptII/ptolemy/actor/lib/test/auto/WidthTestWithSubscriberPublisher3.xml (RunModel)" time="0.012" />
  <testcase classname="ptolemy.util.test.junit.AutoTests" name="[403] /home/travis/build/icyphy/ptII/ptolemy/actor/lib/test/auto/Writer.xml (RunModel)" time="0.008" />
  <testcase classname="ptolemy.util.test.junit.AutoTests" name="[404] /home/travis/build/icyphy/ptII/ptolemy/actor/lib/test/auto/array.xml (RunModel)" time="0.01" />
  <testcase classname="ptolemy.util.test.junit.AutoTests" name="[405] /home/travis/build/icyphy/ptII/ptolemy/actor/lib/test/auto/array2.xml (RunModel)" time="0.016" />
  <testcase classname="ptolemy.util.test.junit.AutoTests" name="[406] /home/travis/build/icyphy/ptII/ptolemy/actor/lib/test/auto/arrayType.xml (RunModel)" time="0.012" />
  <testcase classname="ptolemy.util.test.junit.AutoTests" name="[407] /home/travis/build/icyphy/ptII/ptolemy/actor/lib/test/auto/arrayType10.xml (RunModel)" time="0.009" />
  <testcase classname="ptolemy.util.test.junit.AutoTests" name="[408] /home/travis/build/icyphy/ptII/ptolemy/actor/lib/test/auto/arrayType11.xml (RunModel)" time="0.009" />
  <testcase classname="ptolemy.util.test.junit.AutoTests" name="[409] /home/travis/build/icyphy/ptII/ptolemy/actor/lib/test/auto/arrayType12.xml (RunModel)" time="0.011" />
  <testcase classname="ptolemy.util.test.junit.AutoTests" name="[410] /home/travis/build/icyphy/ptII/ptolemy/actor/lib/test/auto/arrayType13.xml (RunModel)" time="0.011" />
  <testcase classname="ptolemy.util.test.junit.AutoTests" name="[411] /home/travis/build/icyphy/ptII/ptolemy/actor/lib/test/auto/arrayType14.xml (RunModel)" time="0.011" />
  <testcase classname="ptolemy.util.test.junit.AutoTests" name="[412] /home/travis/build/icyphy/ptII/ptolemy/actor/lib/test/auto/arrayType15.xml (RunModel)" time="0.01" />
  <testcase classname="ptolemy.util.test.junit.AutoTests" name="[413] /home/travis/build/icyphy/ptII/ptolemy/actor/lib/test/auto/arrayType16.xml (RunModel)" time="0.01" />
  <testcase classname="ptolemy.util.test.junit.AutoTests" name="[414] /home/travis/build/icyphy/ptII/ptolemy/actor/lib/test/auto/arrayType17.xml (RunModel)" time="0.01" />
  <testcase classname="ptolemy.util.test.junit.AutoTests" name="[415] /home/travis/build/icyphy/ptII/ptolemy/actor/lib/test/auto/arrayType18.xml (RunModel)" time="0.009" />
  <testcase classname="ptolemy.util.test.junit.AutoTests" name="[416] /home/travis/build/icyphy/ptII/ptolemy/actor/lib/test/auto/arrayType19.xml (RunModel)" time="0.01" />
  <testcase classname="ptolemy.util.test.junit.AutoTests" name="[417] /home/travis/build/icyphy/ptII/ptolemy/actor/lib/test/auto/arrayType2.xml (RunModel)" time="0.01" />
  <testcase classname="ptolemy.util.test.junit.AutoTests" name="[418] /home/travis/build/icyphy/ptII/ptolemy/actor/lib/test/auto/arrayType20.xml (RunModel)" time="0.01" />
  <testcase classname="ptolemy.util.test.junit.AutoTests" name="[419] /home/travis/build/icyphy/ptII/ptolemy/actor/lib/test/auto/arrayType21.xml (RunModel)" time="0.009" />
  <testcase classname="ptolemy.util.test.junit.AutoTests" name="[420] /home/travis/build/icyphy/ptII/ptolemy/actor/lib/test/auto/arrayType22.xml (RunModel)" time="0.009" />
  <testcase classname="ptolemy.util.test.junit.AutoTests" name="[421] /home/travis/build/icyphy/ptII/ptolemy/actor/lib/test/auto/arrayType23.xml (RunModel)" time="0.009" />
  <testcase classname="ptolemy.util.test.junit.AutoTests" name="[422] /home/travis/build/icyphy/ptII/ptolemy/actor/lib/test/auto/arrayType24.xml (RunModel)" time="0.01" />
  <testcase classname="ptolemy.util.test.junit.AutoTests" name="[423] /home/travis/build/icyphy/ptII/ptolemy/actor/lib/test/auto/arrayType25.xml (RunModel)" time="0.01" />
  <testcase classname="ptolemy.util.test.junit.AutoTests" name="[424] /home/travis/build/icyphy/ptII/ptolemy/actor/lib/test/auto/arrayType26.xml (RunModel)" time="0.011" />
  <testcase classname="ptolemy.util.test.junit.AutoTests" name="[425] /home/travis/build/icyphy/ptII/ptolemy/actor/lib/test/auto/arrayType27.xml (RunModel)" time="0.013" />
  <testcase classname="ptolemy.util.test.junit.AutoTests" name="[426] /home/travis/build/icyphy/ptII/ptolemy/actor/lib/test/auto/arrayType28.xml (RunModel)" time="0.012" />
  <testcase classname="ptolemy.util.test.junit.AutoTests" name="[427] /home/travis/build/icyphy/ptII/ptolemy/actor/lib/test/auto/arrayType3.xml (RunModel)" time="0.011" />
  <testcase classname="ptolemy.util.test.junit.AutoTests" name="[428] /home/travis/build/icyphy/ptII/ptolemy/actor/lib/test/auto/arrayType4.xml (RunModel)" time="0.012" />
  <testcase classname="ptolemy.util.test.junit.AutoTests" name="[429] /home/travis/build/icyphy/ptII/ptolemy/actor/lib/test/auto/arrayType5.xml (RunModel)" time="0.012" />
  <testcase classname="ptolemy.util.test.junit.AutoTests" name="[430] /home/travis/build/icyphy/ptII/ptolemy/actor/lib/test/auto/arrayType6.xml (RunModel)" time="0.014" />
  <testcase classname="ptolemy.util.test.junit.AutoTests" name="[431] /home/travis/build/icyphy/ptII/ptolemy/actor/lib/test/auto/arrayType7.xml (RunModel)" time="0.012" />
  <testcase classname="ptolemy.util.test.junit.AutoTests" name="[432] /home/travis/build/icyphy/ptII/ptolemy/actor/lib/test/auto/arrayType8.xml (RunModel)" time="0.011" />
  <testcase classname="ptolemy.util.test.junit.AutoTests" name="[433] /home/travis/build/icyphy/ptII/ptolemy/actor/lib/test/auto/arrayType9.xml (RunModel)" time="0.016" />
  <testcase classname="ptolemy.util.test.junit.AutoTests" name="[434] /home/travis/build/icyphy/ptII/ptolemy/actor/lib/test/auto/cast.xml (RunModel)" time="0.018" />
  <testcase classname="ptolemy.util.test.junit.AutoTests" name="[435] /home/travis/build/icyphy/ptII/ptolemy/actor/lib/test/auto/compositeMultiPort.xml (RunModel)" time="0.02" />
  <testcase classname="ptolemy.util.test.junit.AutoTests" name="[436] /home/travis/build/icyphy/ptII/ptolemy/actor/lib/test/auto/expressionCastInference.xml (RunModel)" time="0.009" />
  <testcase classname="ptolemy.util.test.junit.AutoTests" name="[437] /home/travis/build/icyphy/ptII/ptolemy/actor/lib/test/auto/expressionCastInference2.xml (RunModel)" time="0.009" />
  <testcase classname="ptolemy.util.test.junit.AutoTests" name="[438] /home/travis/build/icyphy/ptII/ptolemy/actor/lib/test/auto/expressionInference.xml (RunModel)" time="0.008" />
  <testcase classname="ptolemy.util.test.junit.AutoTests" name="[439] /home/travis/build/icyphy/ptII/ptolemy/actor/lib/test/auto/expression_bug.xml (RunModel)" time="0.008" />
  <testcase classname="ptolemy.util.test.junit.AutoTests" name="[440] /home/travis/build/icyphy/ptII/ptolemy/actor/lib/test/auto/factorial.xml (RunModel)" time="0.067" />
  <testcase classname="ptolemy.util.test.junit.AutoTests" name="[441] /home/travis/build/icyphy/ptII/ptolemy/actor/lib/test/auto/filterTest1.xml (RunModel)" time="0.014" />
  <testcase classname="ptolemy.util.test.junit.AutoTests" name="[442] /home/travis/build/icyphy/ptII/ptolemy/actor/lib/test/auto/funcApplyInConst.xml (RunModel)" time="0.006" />
  <testcase classname="ptolemy.util.test.junit.AutoTests" name="[443] /home/travis/build/icyphy/ptII/ptolemy/actor/lib/test/auto/funcApplyInExpr.xml (RunModel)" time="0.006" />
  <testcase classname="ptolemy.util.test.junit.AutoTests" name="[444] /home/travis/build/icyphy/ptII/ptolemy/actor/lib/test/auto/function.xml (RunModel)" time="0.013" />
  <testcase classname="ptolemy.util.test.junit.AutoTests" name="[445] /home/travis/build/icyphy/ptII/ptolemy/actor/lib/test/auto/function2.xml (RunModel)" time="0.009" />
  <testcase classname="ptolemy.util.test.junit.AutoTests" name="[446] /home/travis/build/icyphy/ptII/ptolemy/actor/lib/test/auto/function3.xml (RunModel)" time="0.007" />
  <testcase classname="ptolemy.util.test.junit.AutoTests" name="[447] /home/travis/build/icyphy/ptII/ptolemy/actor/lib/test/auto/functionClosureTest1.xml (RunModel)" time="0.011" />
  <testcase classname="ptolemy.util.test.junit.AutoTests" name="[448] /home/travis/build/icyphy/ptII/ptolemy/actor/lib/test/auto/functionClosureTest2.xml (RunModel)" time="0.007" />
  <testcase classname="ptolemy.util.test.junit.AutoTests" name="[449] /home/travis/build/icyphy/ptII/ptolemy/actor/lib/test/auto/functionClosureTest3.xml (RunModel)" time="0.011" />
  <testcase classname="ptolemy.util.test.junit.AutoTests" name="[450] /home/travis/build/icyphy/ptII/ptolemy/actor/lib/test/auto/functionClosureTest4.xml (RunModel)" time="0.019" />
  <testcase classname="ptolemy.util.test.junit.AutoTests" name="[451] /home/travis/build/icyphy/ptII/ptolemy/actor/lib/test/auto/functionClosureTest5.xml (RunModel)" time="0.012" />
  <testcase classname="ptolemy.util.test.junit.AutoTests" name="[452] /home/travis/build/icyphy/ptII/ptolemy/actor/lib/test/auto/functionClosureTest6.xml (RunModel)" time="0.008" />
  <testcase classname="ptolemy.util.test.junit.AutoTests" name="[453] /home/travis/build/icyphy/ptII/ptolemy/actor/lib/test/auto/functionsOnArcs.xml (RunModel)" time="0.011" />
  <testcase classname="ptolemy.util.test.junit.AutoTests" name="[454] /home/travis/build/icyphy/ptII/ptolemy/actor/lib/test/auto/functionsOnArcsHOF.xml (RunModel)" time="0.013" />
  <testcase classname="ptolemy.util.test.junit.AutoTests" name="[455] /home/travis/build/icyphy/ptII/ptolemy/actor/lib/test/auto/logic.xml (RunModel)" time="0.019" />
  <testcase classname="ptolemy.util.test.junit.AutoTests" name="[456] /home/travis/build/icyphy/ptII/ptolemy/actor/lib/test/auto/matrixType.xml (RunModel)" time="0.009" />
  <testcase classname="ptolemy.util.test.junit.AutoTests" name="[457] /home/travis/build/icyphy/ptII/ptolemy/actor/lib/test/auto/matrixType10.xml (RunModel)" time="0.009" />
  <testcase classname="ptolemy.util.test.junit.AutoTests" name="[458] /home/travis/build/icyphy/ptII/ptolemy/actor/lib/test/auto/matrixType11.xml (RunModel)" time="0.008" />
  <testcase classname="ptolemy.util.test.junit.AutoTests" name="[459] /home/travis/build/icyphy/ptII/ptolemy/actor/lib/test/auto/matrixType12.xml (RunModel)" time="0.011" />
  <testcase classname="ptolemy.util.test.junit.AutoTests" name="[460] /home/travis/build/icyphy/ptII/ptolemy/actor/lib/test/auto/matrixType13.xml (RunModel)" time="0.009" />
  <testcase classname="ptolemy.util.test.junit.AutoTests" name="[461] /home/travis/build/icyphy/ptII/ptolemy/actor/lib/test/auto/matrixType14.xml (RunModel)" time="0.01" />
  <testcase classname="ptolemy.util.test.junit.AutoTests" name="[462] /home/travis/build/icyphy/ptII/ptolemy/actor/lib/test/auto/matrixType2.xml (RunModel)" time="0.009" />
  <testcase classname="ptolemy.util.test.junit.AutoTests" name="[463] /home/travis/build/icyphy/ptII/ptolemy/actor/lib/test/auto/matrixType3.xml (RunModel)" time="0.011" />
  <testcase classname="ptolemy.util.test.junit.AutoTests" name="[464] /home/travis/build/icyphy/ptII/ptolemy/actor/lib/test/auto/matrixType4.xml (RunModel)" time="0.008" />
  <testcase classname="ptolemy.util.test.junit.AutoTests" name="[465] /home/travis/build/icyphy/ptII/ptolemy/actor/lib/test/auto/matrixType5.xml (RunModel)" time="0.008" />
  <testcase classname="ptolemy.util.test.junit.AutoTests" name="[466] /home/travis/build/icyphy/ptII/ptolemy/actor/lib/test/auto/matrixType6.xml (RunModel)" time="0.009" />
  <testcase classname="ptolemy.util.test.junit.AutoTests" name="[467] /home/travis/build/icyphy/ptII/ptolemy/actor/lib/test/auto/matrixType7.xml (RunModel)" time="0.009" />
  <testcase classname="ptolemy.util.test.junit.AutoTests" name="[468] /home/travis/build/icyphy/ptII/ptolemy/actor/lib/test/auto/matrixType8.xml (RunModel)" time="0.009" />
  <testcase classname="ptolemy.util.test.junit.AutoTests" name="[469] /home/travis/build/icyphy/ptII/ptolemy/actor/lib/test/auto/matrixType9.xml (RunModel)" time="0.008" />
  <testcase classname="ptolemy.util.test.junit.AutoTests" name="[470] /home/travis/build/icyphy/ptII/ptolemy/actor/lib/test/auto/paraFunctest.xml (RunModel)" time="0.009" />
  <testcase classname="ptolemy.util.test.junit.AutoTests" name="[471] /home/travis/build/icyphy/ptII/ptolemy/actor/lib/test/auto/paraFunctest2.xml (RunModel)" time="0.014" />
  <testcase classname="ptolemy.util.test.junit.AutoTests" name="[472] /home/travis/build/icyphy/ptII/ptolemy/actor/lib/test/auto/parameterPassing.xml (RunModel)" time="0.008" />
  <testcase classname="ptolemy.util.test.junit.AutoTests" name="[473] /home/travis/build/icyphy/ptII/ptolemy/actor/lib/test/auto/record.xml (RunModel)" time="0.01" />
  <testcase classname="ptolemy.util.test.junit.AutoTests" name="[474] /home/travis/build/icyphy/ptII/ptolemy/actor/lib/test/auto/sizedarray1.xml (RunModel)" time="0.01" />
  <testcase classname="ptolemy.util.test.junit.AutoTests" name="[475] /home/travis/build/icyphy/ptII/ptolemy/actor/lib/test/auto/sizedarray2.xml (RunModel)" time="0.011" />
  <testcase classname="ptolemy.util.test.junit.AutoTests" name="[476] /home/travis/build/icyphy/ptII/ptolemy/actor/lib/test/auto/twoPublishers.xml (RunModel)" time="0.023" />
  <system-out><![CDATA[/home/travis/build/icyphy/ptII/ptolemy/actor/lib/test/AbsoluteValue.tcl
testDefs.tcl: setting time out to 9000 seconds at Tue May 22 23:23:12 UTC 2018
91 ms. Memory: 116224K Free: 107860K (93%)
10 ms. Memory: 116224K Free: 106627K (92%)
12 ms. Memory: 116224K Free: 106014K (91%)
10 ms. Memory: 116224K Free: 105418K (91%)
/home/travis/build/icyphy/ptII/ptolemy/actor/lib/test/AddSubtract.tcl
9 ms. Memory: 116224K Free: 102951K (89%)
5 ms. Memory: 116224K Free: 102354K (88%)
5 ms. Memory: 116224K Free: 101717K (88%)
6 ms. Memory: 116224K Free: 100468K (86%)
5 ms. Memory: 116224K Free: 99871K (86%)
4 ms. Memory: 116224K Free: 99259K (85%)
/home/travis/build/icyphy/ptII/ptolemy/actor/lib/test/Average.tcl
7 ms. Memory: 116224K Free: 97468K (84%)
10 ms. Memory: 116224K Free: 96243K (83%)
/home/travis/build/icyphy/ptII/ptolemy/actor/lib/test/Bernoulli.tcl
7 ms. Memory: 116224K Free: 94445K (81%)
2 ms. Memory: 116224K Free: 94445K (81%)
/home/travis/build/icyphy/ptII/ptolemy/actor/lib/test/Clock.tcl
preinitializing
resolving types
initializing
executing number 1
wrapping up
idle
11 ms. Memory: 116224K Free: 92018K (79%)
Completed execution with 5 iterations
preinitializing
resolving types
initializing
executing number 1
wrapping up
idle
4 ms. Memory: 116224K Free: 90824K (78%)
Completed execution with 5 iterations
preinitializing
resolving types
initializing
executing number 1
wrapping up
idle
3 ms. Memory: 116224K Free: 90227K (78%)
Completed execution with 5 iterations
/home/travis/build/icyphy/ptII/ptolemy/actor/lib/test/Commutator.tcl
6 ms. Memory: 116224K Free: 88389K (76%)
7 ms. Memory: 116224K Free: 87156K (75%)
16 ms. Memory: 116224K Free: 82800K (71%)
/home/travis/build/icyphy/ptII/ptolemy/actor/lib/test/Const.tcl
13 ms. Memory: 116224K Free: 81089K (70%)
21 ms. Memory: 146944K Free: 140360K (96%)
2 ms. Memory: 146944K Free: 140360K (96%)
2 ms. Memory: 146944K Free: 139144K (95%)
2 ms. Memory: 146944K Free: 139144K (95%)
12 ms. Memory: 146944K Free: 136728K (93%)
4 ms. Memory: 146944K Free: 136728K (93%)
3 ms. Memory: 146944K Free: 135129K (92%)
/home/travis/build/icyphy/ptII/ptolemy/actor/lib/test/CurrentTime.tcl
preinitializing
resolving types
initializing
executing number 1
wrapping up
idle
8 ms. Memory: 146944K Free: 132713K (90%)
Completed execution with 11 iterations
/home/travis/build/icyphy/ptII/ptolemy/actor/lib/test/DB.tcl
4 ms. Memory: 146944K Free: 131513K (89%)
8 ms. Memory: 146944K Free: 130305K (89%)
2 ms. Memory: 146944K Free: 130305K (89%)
/home/travis/build/icyphy/ptII/ptolemy/actor/lib/test/DiscreteRandomSource.tcl
preinitializing
resolving types
initializing
executing number 1
wrapping up
idle
4 ms. Memory: 146944K Free: 127860K (87%)
Completed execution with 4 iterations
preinitializing
resolving types
initializing
executing number 1
wrapping up
idle
3 ms. Memory: 146944K Free: 126644K (86%)
Completed execution with 4 iterations
preinitializing
resolving types
initializing
executing number 1
wrapping up
idle
3 ms. Memory: 146944K Free: 126644K (86%)
Completed execution with 4 iterations
preinitializing
resolving types
initializing
executing number 1
wrapping up
idle
4 ms. Memory: 146944K Free: 126644K (86%)
Completed execution with 4 iterations
preinitializing
resolving types
initializing
executing number 1
wrapping up
idle
4 ms. Memory: 146944K Free: 125445K (85%)
Completed execution with 4 iterations
/home/travis/build/icyphy/ptII/ptolemy/actor/lib/test/Distributor.tcl
5 ms. Memory: 146944K Free: 124245K (85%)
4 ms. Memory: 146944K Free: 123045K (84%)
StreamChangeRequest.changeExecuted(): <deleteEntity name="rec2"/> succeeded
StreamChangeRequest.changeExecuted(): <deleteRelation name="r2"/> succeeded
StreamChangeRequest.changeExecuted(): Record firings per iteration succeeded
13 ms. Memory: 146944K Free: 120629K (82%)
/home/travis/build/icyphy/ptII/ptolemy/actor/lib/test/Exit.tcl
Exit.tcl: this will print a message about Manager.exitAfterWrapup, which can be ignored.
3 ms. Memory: 146944K Free: 117614K (80%)
/home/travis/build/icyphy/ptII/ptolemy/actor/lib/test/Expression.tcl
7 ms. Memory: 146944K Free: 113986K (78%)
4 ms. Memory: 146944K Free: 113986K (78%)
3 ms. Memory: 146944K Free: 112786K (77%)
preinitializing
resolving types
initializing
executing number 1
wrapping up
idle
6 ms. Memory: 146944K Free: 111586K (76%)
Completed execution with 6 iterations
4 ms. Memory: 146944K Free: 110386K (75%)
3 ms. Memory: 146944K Free: 110386K (75%)
6 ms. Memory: 146944K Free: 109186K (74%)
4 ms. Memory: 146944K Free: 106786K (73%)
4 ms. Memory: 146944K Free: 105586K (72%)
/home/travis/build/icyphy/ptII/ptolemy/actor/lib/test/Gaussian.tcl
17 ms. Memory: 146944K Free: 104386K (71%)
sleeping 1 seconds: ......................................................................................................................................................................................................................................................................................................................................................................................................................................................................................................................................................................................................................................................................................................................................................................................................................................................................................................................................................................................................................................................................................................................................................................................................................................................................................................................................................................................................................................................................................................................................................................................................................................................................................................................................................................................................................................................................................................................................................................................................................................................................................................................................................................................................................................................................................................................................................................................................................................................................................................................................................................................................................................................................................................................................................................................................................................................................................................................................................................................................................................................................................................................................................................................................................................................................................................................................................................................................................................................................................................................................................................................................................................................................................................................................................................................................................................................................................................................................................................................................................................................................................................................................................................................................................................................................................................................................................................................................................................................................................................................................................................................................................................................................................................................................................................................................................................................................................................................................................................................................................................................................................................................................................................................................................................................................................................................................................................................................................................................................................................................................................................................................................................................................................................................................................................................................................................................................................................................................................................................................................................................................................................................................................................................................................................................................................................................................................................................................................................................................................................................................................................................................................................................................................................................................................................................................................................................................................................................................................................................................................................................................................................................................................................................................................................................................................................................................................................................................................................................................................................................................................................................................................................................................................................................................................................................................................................................................................................................................................................................................................................................................................................................................................................................................................................................................................................................................................................................................................................................................................................................................................................................................................................................................................................................................................................................................................................................................................................................................................................................................................................................................................................................................................................................................................................................................................................................................................................................................................................................................................................................................................................................................................................................................................................................................................................................................................................................................................................................................................................................................................................................................................................................................................................................................................................................................................................................................................................................................................................................................................................................2 ms. Memory: 146944K Free: 121660K (83%)
2 ms. Memory: 146944K Free: 120484K (82%)
2 ms. Memory: 146944K Free: 119307K (81%)
2 ms. Memory: 146944K Free: 119307K (81%)
2 ms. Memory: 146944K Free: 118131K (80%)
/home/travis/build/icyphy/ptII/ptolemy/actor/lib/test/IIR.tcl
/home/travis/build/icyphy/ptII/ptolemy/actor/lib/test/Interpolator.tcl
3 ms. Memory: 146944K Free: 114600K (78%)
1 ms. Memory: 146944K Free: 113423K (77%)
5 ms. Memory: 146944K Free: 113423K (77%)
2 ms. Memory: 146944K Free: 112247K (76%)
12 ms. Memory: 146944K Free: 112247K (76%)
3 ms. Memory: 146944K Free: 111070K (76%)
10 ms. Memory: 146944K Free: 109894K (75%)
3 ms. Memory: 146944K Free: 108718K (74%)
7 ms. Memory: 146944K Free: 108718K (74%)
2 ms. Memory: 146944K Free: 107541K (73%)
/home/travis/build/icyphy/ptII/ptolemy/actor/lib/test/MathFunction.tcl
12 ms. Memory: 146944K Free: 105189K (72%)
8 ms. Memory: 146944K Free: 104012K (71%)
2 ms. Memory: 146944K Free: 102836K (70%)
10 ms. Memory: 146944K Free: 102836K (70%)
4 ms. Memory: 146944K Free: 100483K (68%)
9 ms. Memory: 146944K Free: 99307K (68%)
/home/travis/build/icyphy/ptII/ptolemy/actor/lib/test/Maximum.tcl
6 ms. Memory: 146944K Free: 96954K (66%)
6 ms. Memory: 146944K Free: 96954K (66%)
6 ms. Memory: 146944K Free: 95777K (65%)
6 ms. Memory: 146944K Free: 94601K (64%)
/home/travis/build/icyphy/ptII/ptolemy/actor/lib/test/Minimum.tcl
3 ms. Memory: 146944K Free: 93425K (64%)
2 ms. Memory: 146944K Free: 92248K (63%)
2 ms. Memory: 146944K Free: 92248K (63%)
2 ms. Memory: 146944K Free: 91072K (62%)
/home/travis/build/icyphy/ptII/ptolemy/actor/lib/test/MultiplyDivide.tcl
5 ms. Memory: 146944K Free: 88719K (60%)
2 ms. Memory: 146944K Free: 88719K (60%)
3 ms. Memory: 146944K Free: 87543K (60%)
6 ms. Memory: 146944K Free: 87543K (60%)
3 ms. Memory: 146944K Free: 86367K (59%)
/home/travis/build/icyphy/ptII/ptolemy/actor/lib/test/OrderedMerge.tcl
Connections changed on port: inputA
Connections changed on port: inputB
Connections changed on port: output
Connections changed on port: output
Connections changed on port: output
Connections changed on port: input
.top. Preinitializing ...
Invoking preinitialize():  .top.OrderedMerge
Called preinitialize()
Invoking preinitialize():  .top.Ramp
Called preinitialize()
Invoking preinitialize():  .top.Ramp2
Called preinitialize()
Invoking preinitialize():  .top.Test
Called preinitialize()
Connections changed on port: inputA
Connections changed on port: output
Connections changed on port: inputB
Connections changed on port: output
Connections changed on port: output
Connections changed on port: input
.top. Finished preinitialize().
Called initialize().
Invoking initialize():  .top.OrderedMerge
Initializing actor: .top.OrderedMerge
Adding a thread: .top.OrderedMerge
Invoking initialize():  .top.Ramp
Initializing actor: .top.Ramp
Adding a thread: .top.Ramp
Invoking initialize():  .top.Ramp2
Initializing actor: .top.Ramp2
Adding a thread: .top.Ramp2
Invoking initialize():  .top.Test
Initializing actor: .top.Test
Adding a thread: .top.Test
-- Starting thread.
Called initialize()
Called prefire()
Called fire()
-- Starting thread.
Called initialize()
Called prefire()
Called fire()
Called postfire()
Called prefire()
Called fire()
-- Starting thread.
Called initialize()
Called prefire()
Called fire()
Called postfire()
Called prefire()
Called fire()
Called fire().
Checking for deadlock:
There are 3 Blocked actors, 0 Stopped actors, and 4 active threads.
Waiting for actors to stop.
-- Starting thread.
Called initialize()
Called prefire()
Called fire()
Checking for deadlock:
There are 2 Blocked actors, 0 Stopped actors, and 4 active threads.
Waiting for actors to stop.
Called postfire()
Called prefire()
Called fire()
Checking for deadlock:
There are 3 Blocked actors, 0 Stopped actors, and 4 active threads.
Waiting for actors to stop.
Read input token from inputA with value 0.0
Next port to read input from is inputB
Called postfire()
Called prefire()
Called fire()
Checking for deadlock:
There are 2 Blocked actors, 0 Stopped actors, and 4 active threads.
Waiting for actors to stop.
Called postfire()
Called prefire()
Called fire()
Checking for deadlock:
There are 3 Blocked actors, 0 Stopped actors, and 4 active threads.
Waiting for actors to stop.
Read input token from inputB with value 0.0
Checking for deadlock:
There are 2 Blocked actors, 0 Stopped actors, and 4 active threads.
Waiting for actors to stop.
-- Read input: 0.0, which is expected to match: 0.0
Called prefire()
Called fire()
Checking for deadlock:
There are 3 Blocked actors, 0 Stopped actors, and 4 active threads.
Waiting for actors to stop.
Sent output token with value 0.0
Next port to read input from is inputA
Called postfire()
Called prefire()
Called fire()
Checking for deadlock:
There are 2 Blocked actors, 0 Stopped actors, and 4 active threads.
Waiting for actors to stop.
Called postfire()
Called prefire()
Called fire()
Checking for deadlock:
There are 3 Blocked actors, 0 Stopped actors, and 4 active threads.
Waiting for actors to stop.
Read input token from inputA with value 1.0
Checking for deadlock:
There are 2 Blocked actors, 0 Stopped actors, and 4 active threads.
Waiting for actors to stop.
-- Read input: 0.0, which is expected to match: 0.0
Called prefire()
Called fire()
Checking for deadlock:
There are 3 Blocked actors, 0 Stopped actors, and 4 active threads.
Waiting for actors to stop.
Sent output token with value 0.0
Next port to read input from is inputB
Called postfire()
Called prefire()
Called fire()
Checking for deadlock:
There are 2 Blocked actors, 0 Stopped actors, and 4 active threads.
Waiting for actors to stop.
Called postfire()
Called prefire()
Called fire()
Checking for deadlock:
There are 3 Blocked actors, 0 Stopped actors, and 4 active threads.
Waiting for actors to stop.
Read input token from inputB with value 1.5
Checking for deadlock:
There are 2 Blocked actors, 0 Stopped actors, and 4 active threads.
Waiting for actors to stop.
-- Read input: 1.0, which is expected to match: 1.0
Called prefire()
Called fire()
Checking for deadlock:
There are 3 Blocked actors, 0 Stopped actors, and 4 active threads.
Waiting for actors to stop.
Sent output token with value 1.0
Next port to read input from is inputA
Called postfire()
Called prefire()
Called fire()
Checking for deadlock:
There are 2 Blocked actors, 0 Stopped actors, and 4 active threads.
Waiting for actors to stop.
Called postfire()
Called prefire()
Called fire()
Checking for deadlock:
There are 3 Blocked actors, 0 Stopped actors, and 4 active threads.
Waiting for actors to stop.
Read input token from inputA with value 2.0
Checking for deadlock:
There are 2 Blocked actors, 0 Stopped actors, and 4 active threads.
Waiting for actors to stop.
-- Read input: 1.5, which is expected to match: 1.5
Called prefire()
Called fire()
Checking for deadlock:
There are 3 Blocked actors, 0 Stopped actors, and 4 active threads.
Waiting for actors to stop.
Sent output token with value 1.5
Next port to read input from is inputB
Called postfire()
Called prefire()
Called fire()
Checking for deadlock:
There are 2 Blocked actors, 0 Stopped actors, and 4 active threads.
Waiting for actors to stop.
Called postfire()
Called prefire()
Called fire()
Checking for deadlock:
There are 3 Blocked actors, 0 Stopped actors, and 4 active threads.
Waiting for actors to stop.
Read input token from inputB with value 3.0
Checking for deadlock:
There are 2 Blocked actors, 0 Stopped actors, and 4 active threads.
Waiting for actors to stop.
-- Read input: 2.0, which is expected to match: 2.0
Called prefire()
Called fire()
Checking for deadlock:
There are 3 Blocked actors, 0 Stopped actors, and 4 active threads.
Waiting for actors to stop.
Sent output token with value 2.0
Next port to read input from is inputA
Called postfire()
Called prefire()
Called fire()
Checking for deadlock:
There are 2 Blocked actors, 0 Stopped actors, and 4 active threads.
Waiting for actors to stop.
Called postfire()
Called prefire()
Called fire()
Checking for deadlock:
There are 3 Blocked actors, 0 Stopped actors, and 4 active threads.
Waiting for actors to stop.
Read input token from inputA with value 3.0
Checking for deadlock:
There are 2 Blocked actors, 0 Stopped actors, and 4 active threads.
Waiting for actors to stop.
-- Read input: 3.0, which is expected to match: 3.0
Called prefire()
Called fire()
Checking for deadlock:
There are 3 Blocked actors, 0 Stopped actors, and 4 active threads.
Waiting for actors to stop.
Sent output token with value 3.0
Next port to read input from is inputB
Called postfire()
Called prefire()
Called fire()
Checking for deadlock:
There are 2 Blocked actors, 0 Stopped actors, and 4 active threads.
Waiting for actors to stop.
Called postfire()
Called prefire()
Called fire()
Checking for deadlock:
There are 3 Blocked actors, 0 Stopped actors, and 4 active threads.
Waiting for actors to stop.
Read input token from inputB with value 4.5
Checking for deadlock:
There are 2 Blocked actors, 0 Stopped actors, and 4 active threads.
Waiting for actors to stop.
-- Read input: 3.0, which is expected to match: 3.0
Called prefire()
Called fire()
Checking for deadlock:
There are 3 Blocked actors, 0 Stopped actors, and 4 active threads.
Waiting for actors to stop.
Sent output token with value 3.0
Next port to read input from is inputA
Called postfire()
Called prefire()
Called fire()
Checking for deadlock:
There are 2 Blocked actors, 0 Stopped actors, and 4 active threads.
Waiting for actors to stop.
Called postfire()
Called prefire()
Called fire()
Checking for deadlock:
There are 3 Blocked actors, 0 Stopped actors, and 4 active threads.
Waiting for actors to stop.
Read input token from inputA with value 4.0
Checking for deadlock:
There are 2 Blocked actors, 0 Stopped actors, and 4 active threads.
Waiting for actors to stop.
-- Read input: 4.0, which is expected to match: 4.0
Called prefire()
Called fire()
Past the end of training data. Read and discard all inputs.
Checking for deadlock:
There are 3 Blocked actors, 0 Stopped actors, and 4 active threads.
Waiting for actors to stop.
Sent output token with value 4.0
Next port to read input from is inputA
Called postfire()
Called prefire()
Called fire()
Checking for deadlock:
There are 2 Blocked actors, 0 Stopped actors, and 4 active threads.
Waiting for actors to stop.
Called postfire()
Called prefire()
Called fire()
Checking for deadlock:
There are 3 Blocked actors, 0 Stopped actors, and 4 active threads.
Waiting for actors to stop.
Read input token from inputA with value 5.0
Checking for deadlock:
There are 2 Blocked actors, 0 Stopped actors, and 4 active threads.
Waiting for actors to stop.
Called prefire()
Called fire()
Past the end of training data. Read and discard all inputs.
Checking for deadlock:
There are 3 Blocked actors, 0 Stopped actors, and 4 active threads.
Waiting for actors to stop.
Sent output token with value 4.5
Next port to read input from is inputB
Called postfire()
Called prefire()
Called fire()
Checking for deadlock:
There are 2 Blocked actors, 0 Stopped actors, and 4 active threads.
Waiting for actors to stop.
Called postfire()
Called prefire()
Called fire()
Checking for deadlock:
There are 3 Blocked actors, 0 Stopped actors, and 4 active threads.
Waiting for actors to stop.
Read input token from inputB with value 6.0
Checking for deadlock:
There are 2 Blocked actors, 0 Stopped actors, and 4 active threads.
Waiting for actors to stop.
Called prefire()
Called fire()
Past the end of training data. Read and discard all inputs.
Checking for deadlock:
There are 3 Blocked actors, 0 Stopped actors, and 4 active threads.
Waiting for actors to stop.
Sent output token with value 5.0
Next port to read input from is inputA
Called postfire()
Called prefire()
Called fire()
Checking for deadlock:
There are 2 Blocked actors, 0 Stopped actors, and 4 active threads.
Waiting for actors to stop.
Called postfire()
Called prefire()
Called fire()
Checking for deadlock:
There are 3 Blocked actors, 0 Stopped actors, and 4 active threads.
Waiting for actors to stop.
Read input token from inputA with value 6.0
Checking for deadlock:
There are 2 Blocked actors, 0 Stopped actors, and 4 active threads.
Waiting for actors to stop.
Called prefire()
Called fire()
Past the end of training data. Read and discard all inputs.
Checking for deadlock:
There are 3 Blocked actors, 0 Stopped actors, and 4 active threads.
Waiting for actors to stop.
Sent output token with value 6.0
Next port to read input from is inputB
Called postfire()
Called prefire()
Called fire()
Checking for deadlock:
There are 2 Blocked actors, 0 Stopped actors, and 4 active threads.
Waiting for actors to stop.
Called postfire()
Called prefire()
Called fire()
Checking for deadlock:
There are 3 Blocked actors, 0 Stopped actors, and 4 active threads.
Waiting for actors to stop.
Read input token from inputB with value 7.5
Checking for deadlock:
There are 2 Blocked actors, 0 Stopped actors, and 4 active threads.
Waiting for actors to stop.
Called prefire()
Called fire()
Past the end of training data. Read and discard all inputs.
Checking for deadlock:
There are 3 Blocked actors, 0 Stopped actors, and 4 active threads.
Waiting for actors to stop.
Sent output token with value 6.0
Next port to read input from is inputA
Called postfire()
Called prefire()
Called fire()
Checking for deadlock:
There are 2 Blocked actors, 0 Stopped actors, and 4 active threads.
Waiting for actors to stop.
Called postfire()
Called prefire()
Called fire()
Checking for deadlock:
There are 3 Blocked actors, 0 Stopped actors, and 4 active threads.
Waiting for actors to stop.
Read input token from inputA with value 7.0
Checking for deadlock:
There are 2 Blocked actors, 0 Stopped actors, and 4 active threads.
Waiting for actors to stop.
Called prefire()
Called fire()
Past the end of training data. Read and discard all inputs.
Checking for deadlock:
There are 3 Blocked actors, 0 Stopped actors, and 4 active threads.
Waiting for actors to stop.
Sent output token with value 7.0
Next port to read input from is inputA
Called postfire()
Called prefire()
Called fire()
Checking for deadlock:
There are 2 Blocked actors, 0 Stopped actors, and 4 active threads.
Waiting for actors to stop.
-- Thread wrapup() called.
Called wrapup()
Thread .top.Ramp is exiting.
-- Thread stopped.
Checking for deadlock:
There are 2 Blocked actors, 0 Stopped actors, and 3 active threads.
Waiting for actors to stop.
Read input token from inputA with value 8.0
Checking for deadlock:
There are 1 Blocked actors, 0 Stopped actors, and 3 active threads.
Waiting for actors to stop.
Called prefire()
Called fire()
Past the end of training data. Read and discard all inputs.
Checking for deadlock:
There are 2 Blocked actors, 0 Stopped actors, and 3 active threads.
Waiting for actors to stop.
Sent output token with value 7.5
Next port to read input from is inputB
Called postfire()
Called prefire()
Called fire()
Checking for deadlock:
There are 1 Blocked actors, 0 Stopped actors, and 3 active threads.
Waiting for actors to stop.
Called postfire()
Called prefire()
Called fire()
Checking for deadlock:
There are 2 Blocked actors, 0 Stopped actors, and 3 active threads.
Waiting for actors to stop.
Read input token from inputB with value 9.0
Checking for deadlock:
There are 1 Blocked actors, 0 Stopped actors, and 3 active threads.
Waiting for actors to stop.
Called prefire()
Called fire()
Past the end of training data. Read and discard all inputs.
Checking for deadlock:
There are 2 Blocked actors, 0 Stopped actors, and 3 active threads.
Waiting for actors to stop.
Sent output token with value 8.0
Next port to read input from is inputA
Called postfire()
Called prefire()
Called fire()
Read input token from inputA with value 9.0
Checking for deadlock:
There are 1 Blocked actors, 0 Stopped actors, and 3 active threads.
Waiting for actors to stop.
Called prefire()
Called fire()
Past the end of training data. Read and discard all inputs.
Checking for deadlock:
There are 2 Blocked actors, 0 Stopped actors, and 3 active threads.
Waiting for actors to stop.
Sent output token with value 9.0
Next port to read input from is inputB
Called postfire()
Called prefire()
Called fire()
Checking for deadlock:
There are 1 Blocked actors, 0 Stopped actors, and 3 active threads.
Waiting for actors to stop.
Called postfire()
Called prefire()
Called fire()
Checking for deadlock:
There are 2 Blocked actors, 0 Stopped actors, and 3 active threads.
Waiting for actors to stop.
Read input token from inputB with value 10.5
Checking for deadlock:
There are 1 Blocked actors, 0 Stopped actors, and 3 active threads.
Waiting for actors to stop.
Called prefire()
Called fire()
Past the end of training data. Read and discard all inputs.
Checking for deadlock:
There are 2 Blocked actors, 0 Stopped actors, and 3 active threads.
Waiting for actors to stop.
Sent output token with value 9.0
Next port to read input from is inputA
Called postfire()
Called prefire()
Called fire()
Checking for deadlock:
There are 3 Blocked actors, 0 Stopped actors, and 3 active threads.
Actors have stopped.
Checking for deadlock:
There are 3 Blocked actors, 0 Stopped actors, and 3 active threads.
Deadlock detected.
Resolving Deadlock
Checking for deadlock:
There are 3 Blocked actors, 0 Stopped actors, and 3 active threads.
Artificial Deadlock - increasing queue capacity.
increasing the capacity of receiver ptolemy.actor.TypedIOPort {.top.OrderedMerge.inputB} to 2
Director: Called postfire().
Called postfire().
_stopRequested = false
_stopFireRequested = false
Returning from postfire(): true
Called fire().
Checking for deadlock:
There are 2 Blocked actors, 0 Stopped actors, and 3 active threads.
Waiting for actors to stop.
-- Thread wrapup() called.
Called wrapup()
Thread .top.Ramp2 is exiting.
-- Thread stopped.
Checking for deadlock:
There are 2 Blocked actors, 0 Stopped actors, and 2 active threads.
Actors have stopped.
Checking for deadlock:
There are 2 Blocked actors, 0 Stopped actors, and 2 active threads.
Deadlock detected.
Resolving Deadlock
Checking for deadlock:
There are 2 Blocked actors, 0 Stopped actors, and 2 active threads.
Deadlock detected: no processes blocked on write, but some are blocked on read.
Called postfire().
_stopRequested = false
_stopFireRequested = false
Returning from postfire(): false
Finished deactivating branches.
Called wrapup().
-- Thread wrapup() called.
Called wrapup()
Thread .top.Test is exiting.
-- Thread stopped.
-- Blocked Receiver call threw TerminateProcessException.
-- Thread wrapup() called.
Called wrapup()
Thread .top.OrderedMerge is exiting.
27 ms. Memory: 146944K Free: 82375K (56%)
.top. Preinitializing ...
Invoking preinitialize():  .top.OrderedMerge
Called preinitialize()
Invoking preinitialize():  .top.Ramp
Called preinitialize()
Invoking preinitialize():  .top.Ramp2
Called preinitialize()
Invoking preinitialize():  .top.Test
Called preinitialize()
.top. Finished preinitialize().
Called initialize().
Invoking initialize():  .top.OrderedMerge
Initializing actor: .top.OrderedMerge
Adding a thread: .top.OrderedMerge
Invoking initialize():  .top.Ramp
Initializing actor: .top.Ramp
Adding a thread: .top.Ramp
Invoking initialize():  .top.Ramp2
Initializing actor: .top.Ramp2
Adding a thread: .top.Ramp2
Invoking initialize():  .top.Test
Initializing actor: .top.Test
Adding a thread: .top.Test
-- Thread stopped.
-- Blocked Receiver call threw TerminateProcessException.
-- Starting thread.
Called initialize()
Called prefire()
Called fire()
-- Starting thread.
Called initialize()
Called prefire()
Called fire()
Called postfire()
Called prefire()
Called fire()
-- Starting thread.
Called initialize()
Called prefire()
Called fire()
Called postfire()
Called prefire()
Called fire()
Called fire().
Checking for deadlock:
There are 3 Blocked actors, 0 Stopped actors, and 4 active threads.
Waiting for actors to stop.
-- Starting thread.
Called initialize()
Called prefire()
Called fire()
Checking for deadlock:
There are 2 Blocked actors, 0 Stopped actors, and 4 active threads.
Waiting for actors to stop.
Called postfire()
Called prefire()
Called fire()
Checking for deadlock:
There are 3 Blocked actors, 0 Stopped actors, and 4 active threads.
Waiting for actors to stop.
Read input token from inputA with value 0.0
Next port to read input from is inputB
Called postfire()
Called prefire()
Called fire()
Checking for deadlock:
There are 2 Blocked actors, 0 Stopped actors, and 4 active threads.
Waiting for actors to stop.
Called postfire()
Called prefire()
Called fire()
Checking for deadlock:
There are 3 Blocked actors, 0 Stopped actors, and 4 active threads.
Waiting for actors to stop.
Read input token from inputB with value 0.0
Checking for deadlock:
There are 2 Blocked actors, 0 Stopped actors, and 4 active threads.
Waiting for actors to stop.
-- Read input: 0.0, which is expected to match: 0.0
Called prefire()
Called fire()
Checking for deadlock:
There are 3 Blocked actors, 0 Stopped actors, and 4 active threads.
Waiting for actors to stop.
Sent output token with value 0.0
Next port to read input from is inputA
Called postfire()
Called prefire()
Called fire()
Checking for deadlock:
There are 2 Blocked actors, 0 Stopped actors, and 4 active threads.
Waiting for actors to stop.
Called postfire()
Called prefire()
Called fire()
Checking for deadlock:
There are 3 Blocked actors, 0 Stopped actors, and 4 active threads.
Waiting for actors to stop.
Read input token from inputA with value 1.0
Checking for deadlock:
There are 2 Blocked actors, 0 Stopped actors, and 4 active threads.
Waiting for actors to stop.
-- Read input: 0.0, which is expected to match: 0.0
Called prefire()
Called fire()
Checking for deadlock:
There are 3 Blocked actors, 0 Stopped actors, and 4 active threads.
Waiting for actors to stop.
Sent output token with value 0.0
Next port to read input from is inputB
Called postfire()
Called prefire()
Called fire()
Checking for deadlock:
There are 2 Blocked actors, 0 Stopped actors, and 4 active threads.
Waiting for actors to stop.
Called postfire()
Called prefire()
Called fire()
Checking for deadlock:
There are 3 Blocked actors, 0 Stopped actors, and 4 active threads.
Waiting for actors to stop.
Read input token from inputB with value 1.5
Checking for deadlock:
There are 2 Blocked actors, 0 Stopped actors, and 4 active threads.
Waiting for actors to stop.
-- Read input: 1.0, which is expected to match: 1.0
Called prefire()
Called fire()
Checking for deadlock:
There are 3 Blocked actors, 0 Stopped actors, and 4 active threads.
Waiting for actors to stop.
Sent output token with value 1.0
Next port to read input from is inputA
Called postfire()
Called prefire()
Called fire()
Checking for deadlock:
There are 2 Blocked actors, 0 Stopped actors, and 4 active threads.
Waiting for actors to stop.
Called postfire()
Called prefire()
Called fire()
Checking for deadlock:
There are 3 Blocked actors, 0 Stopped actors, and 4 active threads.
Waiting for actors to stop.
Read input token from inputA with value 2.0
Checking for deadlock:
There are 2 Blocked actors, 0 Stopped actors, and 4 active threads.
Waiting for actors to stop.
-- Read input: 1.5, which is expected to match: 1.5
Called prefire()
Called fire()
Checking for deadlock:
There are 3 Blocked actors, 0 Stopped actors, and 4 active threads.
Waiting for actors to stop.
Sent output token with value 1.5
Next port to read input from is inputB
Called postfire()
Called prefire()
Called fire()
Checking for deadlock:
There are 2 Blocked actors, 0 Stopped actors, and 4 active threads.
Waiting for actors to stop.
Called postfire()
Called prefire()
Called fire()
Checking for deadlock:
There are 3 Blocked actors, 0 Stopped actors, and 4 active threads.
Waiting for actors to stop.
Read input token from inputB with value 3.0
Checking for deadlock:
There are 2 Blocked actors, 0 Stopped actors, and 4 active threads.
Waiting for actors to stop.
-- Read input: 2.0, which is expected to match: 2.0
Called prefire()
Called fire()
Checking for deadlock:
There are 3 Blocked actors, 0 Stopped actors, and 4 active threads.
Waiting for actors to stop.
Sent output token with value 2.0
Next port to read input from is inputA
Called postfire()
Called prefire()
Called fire()
Checking for deadlock:
There are 2 Blocked actors, 0 Stopped actors, and 4 active threads.
Waiting for actors to stop.
Called postfire()
Called prefire()
Called fire()
Checking for deadlock:
There are 3 Blocked actors, 0 Stopped actors, and 4 active threads.
Waiting for actors to stop.
Read input token from inputA with value 3.0
Checking for deadlock:
There are 2 Blocked actors, 0 Stopped actors, and 4 active threads.
Waiting for actors to stop.
-- Read input: 3.0, which is expected to match: 3.0
Called prefire()
Called fire()
Checking for deadlock:
There are 3 Blocked actors, 0 Stopped actors, and 4 active threads.
Waiting for actors to stop.
Sent output token with value 3.0
Next port to read input from is inputB
Called postfire()
Called prefire()
Called fire()
Checking for deadlock:
There are 2 Blocked actors, 0 Stopped actors, and 4 active threads.
Waiting for actors to stop.
Called postfire()
Called prefire()
Called fire()
Checking for deadlock:
There are 3 Blocked actors, 0 Stopped actors, and 4 active threads.
Waiting for actors to stop.
Read input token from inputB with value 4.5
Checking for deadlock:
There are 2 Blocked actors, 0 Stopped actors, and 4 active threads.
Waiting for actors to stop.
-- Read input: 3.0, which is expected to match: 3.0
Called prefire()
Called fire()
Checking for deadlock:
There are 3 Blocked actors, 0 Stopped actors, and 4 active threads.
Waiting for actors to stop.
Sent output token with value 3.0
Next port to read input from is inputA
Called postfire()
Called prefire()
Called fire()
Checking for deadlock:
There are 2 Blocked actors, 0 Stopped actors, and 4 active threads.
Waiting for actors to stop.
Called postfire()
Called prefire()
Called fire()
Checking for deadlock:
There are 3 Blocked actors, 0 Stopped actors, and 4 active threads.
Waiting for actors to stop.
Read input token from inputA with value 4.0
Checking for deadlock:
There are 2 Blocked actors, 0 Stopped actors, and 4 active threads.
Waiting for actors to stop.
-- Read input: 4.0, which is expected to match: 4.0
Called prefire()
Called fire()
Past the end of training data. Read and discard all inputs.
Checking for deadlock:
There are 3 Blocked actors, 0 Stopped actors, and 4 active threads.
Waiting for actors to stop.
Sent output token with value 4.0
Next port to read input from is inputA
Called postfire()
Called prefire()
Called fire()
Checking for deadlock:
There are 2 Blocked actors, 0 Stopped actors, and 4 active threads.
Waiting for actors to stop.
Called postfire()
Called prefire()
Called fire()
Checking for deadlock:
There are 3 Blocked actors, 0 Stopped actors, and 4 active threads.
Waiting for actors to stop.
Read input token from inputA with value 5.0
Checking for deadlock:
There are 2 Blocked actors, 0 Stopped actors, and 4 active threads.
Waiting for actors to stop.
Called prefire()
Called fire()
Past the end of training data. Read and discard all inputs.
Checking for deadlock:
There are 3 Blocked actors, 0 Stopped actors, and 4 active threads.
Waiting for actors to stop.
Sent output token with value 4.5
Next port to read input from is inputB
Called postfire()
Called prefire()
Called fire()
Checking for deadlock:
There are 2 Blocked actors, 0 Stopped actors, and 4 active threads.
Waiting for actors to stop.
Called postfire()
Called prefire()
Called fire()
Checking for deadlock:
There are 3 Blocked actors, 0 Stopped actors, and 4 active threads.
Waiting for actors to stop.
Read input token from inputB with value 6.0
Checking for deadlock:
There are 2 Blocked actors, 0 Stopped actors, and 4 active threads.
Waiting for actors to stop.
Called prefire()
Called fire()
Past the end of training data. Read and discard all inputs.
Checking for deadlock:
There are 3 Blocked actors, 0 Stopped actors, and 4 active threads.
Waiting for actors to stop.
Sent output token with value 5.0
Next port to read input from is inputA
Called postfire()
Called prefire()
Called fire()
Called postfire()
Called prefire()
Called fire()
Checking for deadlock:
There are 3 Blocked actors, 0 Stopped actors, and 4 active threads.
Waiting for actors to stop.
Read input token from inputA with value 6.0
Called prefire()
Called fire()
Past the end of training data. Read and discard all inputs.
Checking for deadlock:
There are 3 Blocked actors, 0 Stopped actors, and 4 active threads.
Waiting for actors to stop.
Sent output token with value 6.0
Next port to read input from is inputB
Called postfire()
Called prefire()
Called fire()
Checking for deadlock:
There are 2 Blocked actors, 0 Stopped actors, and 4 active threads.
Waiting for actors to stop.
Called postfire()
Called prefire()
Called fire()
Checking for deadlock:
There are 3 Blocked actors, 0 Stopped actors, and 4 active threads.
Waiting for actors to stop.
Read input token from inputB with value 7.5
Checking for deadlock:
There are 2 Blocked actors, 0 Stopped actors, and 4 active threads.
Waiting for actors to stop.
Called prefire()
Called fire()
Past the end of training data. Read and discard all inputs.
Checking for deadlock:
There are 3 Blocked actors, 0 Stopped actors, and 4 active threads.
Waiting for actors to stop.
Sent output token with value 6.0
Next port to read input from is inputA
Called postfire()
Called prefire()
Called fire()
Called postfire()
Called prefire()
Called fire()
Checking for deadlock:
There are 3 Blocked actors, 0 Stopped actors, and 4 active threads.
Waiting for actors to stop.
Read input token from inputA with value 7.0
Called prefire()
Called fire()
Past the end of training data. Read and discard all inputs.
Checking for deadlock:
There are 3 Blocked actors, 0 Stopped actors, and 4 active threads.
Waiting for actors to stop.
Sent output token with value 7.0
Next port to read input from is inputA
Called postfire()
Called prefire()
Called fire()
-- Thread wrapup() called.
Called wrapup()
Thread .top.Ramp is exiting.
-- Thread stopped.
Checking for deadlock:
There are 2 Blocked actors, 0 Stopped actors, and 3 active threads.
Waiting for actors to stop.
Read input token from inputA with value 8.0
Called prefire()
Called fire()
Past the end of training data. Read and discard all inputs.
Checking for deadlock:
There are 2 Blocked actors, 0 Stopped actors, and 3 active threads.
Waiting for actors to stop.
Sent output token with value 7.5
Next port to read input from is inputB
Called postfire()
Called prefire()
Called fire()
Checking for deadlock:
There are 1 Blocked actors, 0 Stopped actors, and 3 active threads.
Waiting for actors to stop.
Called postfire()
Called prefire()
Called fire()
Checking for deadlock:
There are 2 Blocked actors, 0 Stopped actors, and 3 active threads.
Waiting for actors to stop.
Read input token from inputB with value 9.0
Checking for deadlock:
There are 1 Blocked actors, 0 Stopped actors, and 3 active threads.
Waiting for actors to stop.
Called prefire()
Called fire()
Past the end of training data. Read and discard all inputs.
Checking for deadlock:
There are 2 Blocked actors, 0 Stopped actors, and 3 active threads.
Waiting for actors to stop.
Sent output token with value 8.0
Next port to read input from is inputA
Called postfire()
Called prefire()
Called fire()
Read input token from inputA with value 9.0
Checking for deadlock:
There are 1 Blocked actors, 0 Stopped actors, and 3 active threads.
Waiting for actors to stop.
Called prefire()
Called fire()
Past the end of training data. Read and discard all inputs.
Checking for deadlock:
There are 2 Blocked actors, 0 Stopped actors, and 3 active threads.
Waiting for actors to stop.
Sent output token with value 9.0
Next port to read input from is inputB
Called postfire()
Called prefire()
Called fire()
Checking for deadlock:
There are 1 Blocked actors, 0 Stopped actors, and 3 active threads.
Waiting for actors to stop.
Called postfire()
Called prefire()
Called fire()
Checking for deadlock:
There are 2 Blocked actors, 0 Stopped actors, and 3 active threads.
Waiting for actors to stop.
Read input token from inputB with value 10.5
Checking for deadlock:
There are 1 Blocked actors, 0 Stopped actors, and 3 active threads.
Waiting for actors to stop.
Called prefire()
Called fire()
Past the end of training data. Read and discard all inputs.
Checking for deadlock:
There are 2 Blocked actors, 0 Stopped actors, and 3 active threads.
Waiting for actors to stop.
Sent output token with value 9.0
Next port to read input from is inputA
Called postfire()
Called prefire()
Called fire()
Checking for deadlock:
There are 3 Blocked actors, 0 Stopped actors, and 3 active threads.
Actors have stopped.
Checking for deadlock:
There are 3 Blocked actors, 0 Stopped actors, and 3 active threads.
Deadlock detected.
Resolving Deadlock
Checking for deadlock:
There are 3 Blocked actors, 0 Stopped actors, and 3 active threads.
Artificial Deadlock - increasing queue capacity.
increasing the capacity of receiver ptolemy.actor.TypedIOPort {.top.OrderedMerge.inputB} to 2
Director: Called postfire().
Called postfire().
_stopRequested = false
_stopFireRequested = false
Returning from postfire(): true
Called fire().
Checking for deadlock:
There are 2 Blocked actors, 0 Stopped actors, and 3 active threads.
Waiting for actors to stop.
-- Thread wrapup() called.
Called wrapup()
Thread .top.Ramp2 is exiting.
-- Thread stopped.
Checking for deadlock:
There are 2 Blocked actors, 0 Stopped actors, and 2 active threads.
Actors have stopped.
Checking for deadlock:
There are 2 Blocked actors, 0 Stopped actors, and 2 active threads.
Deadlock detected.
Resolving Deadlock
Checking for deadlock:
There are 2 Blocked actors, 0 Stopped actors, and 2 active threads.
Deadlock detected: no processes blocked on write, but some are blocked on read.
Called postfire().
_stopRequested = false
_stopFireRequested = false
Returning from postfire(): false
Finished deactivating branches.
Called wrapup().
-- Thread wrapup() called.
-- Thread wrapup() called.
Called wrapup()
Thread .top.Test is exiting.
-- Thread stopped.
-- Blocked Receiver call threw TerminateProcessException.
Called wrapup()
Thread .top.OrderedMerge is exiting.
24 ms. Memory: 146944K Free: 80737K (55%)
/home/travis/build/icyphy/ptII/ptolemy/actor/lib/test/Publisher.tcl
-- Thread stopped.
-- Blocked Receiver call threw TerminateProcessException.
6 ms. Memory: 208384K Free: 194591K (93%)
11 ms. Memory: 208384K Free: 187527K (90%)
3 ms. Memory: 208384K Free: 185173K (89%)
4 ms. Memory: 208384K Free: 182818K (88%)
3 ms. Memory: 208384K Free: 182818K (88%)
3 ms. Memory: 208384K Free: 182818K (88%)
3 ms. Memory: 208384K Free: 180464K (87%)
3 ms. Memory: 208384K Free: 180464K (87%)
1 ms. Memory: 208384K Free: 171046K (82%)
4 ms. Memory: 208384K Free: 166337K (80%)
2 ms. Memory: 208384K Free: 166337K (80%)
1 ms. Memory: 208384K Free: 163982K (79%)
9 ms. Memory: 208384K Free: 156918K (75%)
6 ms. Memory: 208384K Free: 145146K (70%)
6 ms. Memory: 208384K Free: 133373K (64%)
/home/travis/build/icyphy/ptII/ptolemy/actor/lib/test/Pulse.tcl
2 ms. Memory: 208384K Free: 90960K (44%)
1 ms. Memory: 208384K Free: 90960K (44%)
2 ms. Memory: 208384K Free: 90960K (44%)
1 ms. Memory: 208384K Free: 88606K (43%)
1 ms. Memory: 208384K Free: 88606K (43%)
1 ms. Memory: 208384K Free: 88606K (43%)
2 ms. Memory: 208384K Free: 86251K (41%)
1 ms. Memory: 208384K Free: 86251K (41%)
2 ms. Memory: 208384K Free: 86251K (41%)
/home/travis/build/icyphy/ptII/ptolemy/actor/lib/test/Ramp.tcl
4 ms. Memory: 208384K Free: 83893K (40%)
5 ms. Memory: 208384K Free: 83893K (40%)
2 ms. Memory: 208384K Free: 81539K (39%)
1 ms. Memory: 208384K Free: 81539K (39%)
2 ms. Memory: 208384K Free: 81539K (39%)
4 ms. Memory: 208384K Free: 79522K (38%)
5 ms. Memory: 208384K Free: 79522K (38%)
5 actors
25000 microseconds per iteration to create
6 ms. Memory: 208384K Free: 198542K (95%)
5 ms. Memory: 208384K Free: 195932K (94%)
4 ms. Memory: 208384K Free: 195932K (94%)
12 ms. Memory: 208384K Free: 195932K (94%)
50 actors
56000 microseconds per iteration to create
63 ms. Memory: 208384K Free: 179198K (86%)
6 ms. Memory: 208384K Free: 179198K (86%)
11 ms. Memory: 208384K Free: 176807K (85%)
5 ms. Memory: 208384K Free: 176807K (85%)
500 actors
1557000 microseconds per iteration to create
275 ms. Memory: 331776K Free: 248506K (75%)
42 ms. Memory: 331776K Free: 243713K (73%)
43 ms. Memory: 331776K Free: 238921K (72%)
45 ms. Memory: 331776K Free: 229311K (69%)
/home/travis/build/icyphy/ptII/ptolemy/actor/lib/test/RampContinuous.tcl
10 ms. Memory: 331776K Free: 229311K (69%)
/home/travis/build/icyphy/ptII/ptolemy/actor/lib/test/RecordAssembler.tcl
6 ms. Memory: 331776K Free: 229311K (69%)
6 ms. Memory: 331776K Free: 229311K (69%)
/home/travis/build/icyphy/ptII/ptolemy/actor/lib/test/RecordDisassembler.tcl
7 ms. Memory: 331776K Free: 224507K (68%)
6 ms. Memory: 331776K Free: 224507K (68%)
5 ms. Memory: 331776K Free: 224507K (68%)
/home/travis/build/icyphy/ptII/ptolemy/actor/lib/test/Scale.tcl
3 ms. Memory: 331776K Free: 219699K (66%)
6 ms. Memory: 331776K Free: 219699K (66%)
1 ms. Memory: 331776K Free: 219699K (66%)
4 ms. Memory: 331776K Free: 219699K (66%)
3 ms. Memory: 331776K Free: 219699K (66%)
/home/travis/build/icyphy/ptII/ptolemy/actor/lib/test/SequentialClock.tcl
preinitializing
resolving types
initializing
executing number 1
wrapping up
idle
2 ms. Memory: 331776K Free: 214890K (65%)
Completed execution with 5 iterations
preinitializing
resolving types
initializing
executing number 1
wrapping up
idle
5 ms. Memory: 331776K Free: 214890K (65%)
Completed execution with 5 iterations
preinitializing
resolving types
initializing
executing number 1
wrapping up
idle
1 ms. Memory: 331776K Free: 214890K (65%)
Completed execution with 5 iterations
/home/travis/build/icyphy/ptII/ptolemy/actor/lib/test/SetVariable.tcl
5 ms. Memory: 331776K Free: 214890K (65%)
/home/travis/build/icyphy/ptII/ptolemy/actor/lib/test/Sinewave.tcl
/home/travis/build/icyphy/ptII/ptolemy/actor/lib/test/SubscriptionAggregator.tcl
6 ms. Memory: 331776K Free: 200495K (60%)
6 ms. Memory: 331776K Free: 200495K (60%)
2 ms. Memory: 331776K Free: 200495K (60%)
1 ms. Memory: 331776K Free: 200495K (60%)
1 ms. Memory: 331776K Free: 195702K (59%)
4 ms. Memory: 331776K Free: 190893K (58%)
...............................................................893 ms. Memory: 580608K Free: 403458K (69%)
/home/travis/build/icyphy/ptII/ptolemy/actor/lib/test/Test.tcl
 The next command will produce a warning about training mode,
   which may be ignored.
4 ms. Memory: 580608K Free: 393797K (68%)
2 ms. Memory: 580608K Free: 393797K (68%)
2 ms. Memory: 580608K Free: 393797K (68%)
1 ms. Memory: 580608K Free: 393797K (68%)
2 ms. Memory: 580608K Free: 393797K (68%)
3 ms. Memory: 580608K Free: 393797K (68%)
4 ms. Memory: 580608K Free: 393797K (68%)
 The next command will produce a warning about training mode,
   which may be ignored.
13 ms. Memory: 580608K Free: 393797K (68%)
 The next command will produce a warning about training mode,
   which may be ignored.
11 ms. Memory: 580608K Free: 384135K (66%)
1 ms. Memory: 580608K Free: 384135K (66%)
1 ms. Memory: 580608K Free: 384135K (66%)
1 ms. Memory: 580608K Free: 384135K (66%)
8 ms. Memory: 580608K Free: 384135K (66%)
6 ms. Memory: 580608K Free: 384135K (66%)
/home/travis/build/icyphy/ptII/ptolemy/actor/lib/test/TestExceptionHandler.tcl
 The next command will produce a warning about training mode,
   which may be ignored.
2 ms. Memory: 580608K Free: 384135K (66%)
1 ms. Memory: 580608K Free: 384135K (66%)
1 ms. Memory: 580608K Free: 384135K (66%)
/home/travis/build/icyphy/ptII/ptolemy/actor/lib/test/UnionDisassembler.tcl
14 ms. Memory: 580608K Free: 374466K (64%)
/home/travis/build/icyphy/ptII/ptolemy/actor/lib/test/VariableClock.tcl
preinitializing
resolving types
initializing
executing number 1
wrapping up
idle
8 ms. Memory: 580608K Free: 374466K (64%)
Completed execution with 11 iterations
preinitializing
resolving types
initializing
executing number 1
wrapping up
idle
6 ms. Memory: 580608K Free: 364804K (63%)
Completed execution with 10 iterations
05/22/18 11:23:19
Failed: 0  Total Tests: 234  ((Passed: 234, Newly Passed: 0)  Known Failed: 0) /home/travis/build/icyphy/ptII/ptolemy/actor/lib/test
----------------- testing (KnownFailure) /home/travis/build/icyphy/ptII/ptolemy/actor/lib/test/auto/knownFailedTests/PublisherPortToplevelSubscriber.xml
1 ms. Memory: 580608K Free: 355056K (61%)
Known Failure: java.lang.reflect.InvocationTargetException
----------------- testing (KnownFailure) /home/travis/build/icyphy/ptII/ptolemy/actor/lib/test/auto/knownFailedTests/PublisherSubscriberPortToplevel.xml
0 ms. Memory: 580608K Free: 335559K (58%)
Known Failure: java.lang.reflect.InvocationTargetException
----------------- testing (KnownFailure) /home/travis/build/icyphy/ptII/ptolemy/actor/lib/test/auto/knownFailedTests/PublisherSubscriptionAggregatorPort.xml
1 ms. Memory: 580608K Free: 316061K (54%)
Known Failure: java.lang.reflect.InvocationTargetException
----------------- testing (KnownFailure) /home/travis/build/icyphy/ptII/ptolemy/actor/lib/test/auto/knownFailedTests/sizedarray3.xml
6 ms. Memory: 580608K Free: 296564K (51%)
Known Failure: java.lang.reflect.InvocationTargetException
No auto/*.xml tests in /home/travis/build/icyphy/ptII/ptolemy/actor/lib/test
AutoTests.java: About to close Vertx.
AutoTests.java: Vertx closed.
----------------- testing Tue May 22 23:23:20 UTC 2018 /home/travis/build/icyphy/ptII/ptolemy/actor/lib/test/auto/AbsoluteValue.xml
----------------- Instantiating /home/travis/build/icyphy/ptII/ptolemy/actor/lib/test/auto/AbsoluteValue.xml
12 ms. Memory: 580608K Free: 218750K (38%)
----------------- Invoking toplevel() on ptolemy.moml.MoMLSimpleApplication@248df8c2
----------------- Done invoking toplevel() on ptolemy.moml.MoMLSimpleApplication@248df8c2
reloadAllAccessors: .AbsoluteValue
----------------- testing Tue May 22 23:23:20 UTC 2018 /home/travis/build/icyphy/ptII/ptolemy/actor/lib/test/auto/AbsoluteValue2.xml
----------------- Instantiating /home/travis/build/icyphy/ptII/ptolemy/actor/lib/test/auto/AbsoluteValue2.xml
9 ms. Memory: 580608K Free: 194449K (33%)
----------------- Invoking toplevel() on ptolemy.moml.MoMLSimpleApplication@2aeeab6e
----------------- Done invoking toplevel() on ptolemy.moml.MoMLSimpleApplication@2aeeab6e
reloadAllAccessors: .AbsoluteValue2
----------------- testing Tue May 22 23:23:20 UTC 2018 /home/travis/build/icyphy/ptII/ptolemy/actor/lib/test/auto/Accumulator.xml
----------------- Instantiating /home/travis/build/icyphy/ptII/ptolemy/actor/lib/test/auto/Accumulator.xml
19 ms. Memory: 580608K Free: 184701K (32%)
----------------- Invoking toplevel() on ptolemy.moml.MoMLSimpleApplication@40bf89e7
----------------- Done invoking toplevel() on ptolemy.moml.MoMLSimpleApplication@40bf89e7
reloadAllAccessors: .Accumulator
----------------- testing Tue May 22 23:23:20 UTC 2018 /home/travis/build/icyphy/ptII/ptolemy/actor/lib/test/auto/Accumulator2.xml
----------------- Instantiating /home/travis/build/icyphy/ptII/ptolemy/actor/lib/test/auto/Accumulator2.xml
4 ms. Memory: 580608K Free: 174952K (30%)
----------------- Invoking toplevel() on ptolemy.moml.MoMLSimpleApplication@20558ba4
----------------- Done invoking toplevel() on ptolemy.moml.MoMLSimpleApplication@20558ba4
reloadAllAccessors: .Accumulator2
----------------- testing Tue May 22 23:23:20 UTC 2018 /home/travis/build/icyphy/ptII/ptolemy/actor/lib/test/auto/Accumulator3.xml
----------------- Instantiating /home/travis/build/icyphy/ptII/ptolemy/actor/lib/test/auto/Accumulator3.xml
3 ms. Memory: 580608K Free: 165204K (28%)
----------------- Invoking toplevel() on ptolemy.moml.MoMLSimpleApplication@56966904
----------------- Done invoking toplevel() on ptolemy.moml.MoMLSimpleApplication@56966904
reloadAllAccessors: .Accumulator3
----------------- testing Tue May 22 23:23:20 UTC 2018 /home/travis/build/icyphy/ptII/ptolemy/actor/lib/test/auto/ArrayAppend.xml
----------------- Instantiating /home/travis/build/icyphy/ptII/ptolemy/actor/lib/test/auto/ArrayAppend.xml
5 ms. Memory: 580608K Free: 145794K (25%)
----------------- Invoking toplevel() on ptolemy.moml.MoMLSimpleApplication@2866e56d
----------------- Done invoking toplevel() on ptolemy.moml.MoMLSimpleApplication@2866e56d
reloadAllAccessors: .ArrayAppend
----------------- testing Tue May 22 23:23:20 UTC 2018 /home/travis/build/icyphy/ptII/ptolemy/actor/lib/test/auto/ArrayAppend2.xml
----------------- Instantiating /home/travis/build/icyphy/ptII/ptolemy/actor/lib/test/auto/ArrayAppend2.xml
277 ms. Memory: 580608K Free: 82427K (14%)
----------------- Invoking toplevel() on ptolemy.moml.MoMLSimpleApplication@e639f9e
----------------- Done invoking toplevel() on ptolemy.moml.MoMLSimpleApplication@e639f9e
reloadAllAccessors: .ArrayAppend2
----------------- testing Tue May 22 23:23:21 UTC 2018 /home/travis/build/icyphy/ptII/ptolemy/actor/lib/test/auto/ArrayAppend3.xml
----------------- Instantiating /home/travis/build/icyphy/ptII/ptolemy/actor/lib/test/auto/ArrayAppend3.xml
6 ms. Memory: 580608K Free: 72679K (13%)
----------------- Invoking toplevel() on ptolemy.moml.MoMLSimpleApplication@5e96d0a2
----------------- Done invoking toplevel() on ptolemy.moml.MoMLSimpleApplication@5e96d0a2
reloadAllAccessors: .ArrayAppend3
----------------- testing Tue May 22 23:23:21 UTC 2018 /home/travis/build/icyphy/ptII/ptolemy/actor/lib/test/auto/ArrayAppend4.xml
----------------- Instantiating /home/travis/build/icyphy/ptII/ptolemy/actor/lib/test/auto/ArrayAppend4.xml
6 ms. Memory: 581632K Free: 535741K (92%)
----------------- Invoking toplevel() on ptolemy.moml.MoMLSimpleApplication@2be734a1
----------------- Done invoking toplevel() on ptolemy.moml.MoMLSimpleApplication@2be734a1
reloadAllAccessors: .ArrayAppend4
----------------- testing Tue May 22 23:23:21 UTC 2018 /home/travis/build/icyphy/ptII/ptolemy/actor/lib/test/auto/ArrayAppend5.xml
----------------- Instantiating /home/travis/build/icyphy/ptII/ptolemy/actor/lib/test/auto/ArrayAppend5.xml
5 ms. Memory: 581632K Free: 516532K (89%)
----------------- Invoking toplevel() on ptolemy.moml.MoMLSimpleApplication@115d0cb
----------------- Done invoking toplevel() on ptolemy.moml.MoMLSimpleApplication@115d0cb
reloadAllAccessors: .ArrayAppend5
----------------- testing Tue May 22 23:23:21 UTC 2018 /home/travis/build/icyphy/ptII/ptolemy/actor/lib/test/auto/ArrayAppend6.xml
----------------- Instantiating /home/travis/build/icyphy/ptII/ptolemy/actor/lib/test/auto/ArrayAppend6.xml
10 ms. Memory: 581632K Free: 510033K (88%)
----------------- Invoking toplevel() on ptolemy.moml.MoMLSimpleApplication@557c0f98
----------------- Done invoking toplevel() on ptolemy.moml.MoMLSimpleApplication@557c0f98
reloadAllAccessors: .ArrayAppend6
----------------- testing Tue May 22 23:23:21 UTC 2018 /home/travis/build/icyphy/ptII/ptolemy/actor/lib/test/auto/ArrayAppendPerformanceTest.xml
----------------- Instantiating /home/travis/build/icyphy/ptII/ptolemy/actor/lib/test/auto/ArrayAppendPerformanceTest.xml
28 ms. Memory: 581632K Free: 497002K (85%)
----------------- Invoking toplevel() on ptolemy.moml.MoMLSimpleApplication@29e05d67
----------------- Done invoking toplevel() on ptolemy.moml.MoMLSimpleApplication@29e05d67
reloadAllAccessors: .ArrayAppendPerformanceTest
----------------- testing Tue May 22 23:23:21 UTC 2018 /home/travis/build/icyphy/ptII/ptolemy/actor/lib/test/auto/ArrayAppendWithEmptyInput.xml
----------------- Instantiating /home/travis/build/icyphy/ptII/ptolemy/actor/lib/test/auto/ArrayAppendWithEmptyInput.xml
23 ms. Memory: 581632K Free: 479418K (82%)
----------------- Invoking toplevel() on ptolemy.moml.MoMLSimpleApplication@6e9435fa
----------------- Done invoking toplevel() on ptolemy.moml.MoMLSimpleApplication@6e9435fa
reloadAllAccessors: .ArrayAppendWithEmptyInput
----------------- testing Tue May 22 23:23:21 UTC 2018 /home/travis/build/icyphy/ptII/ptolemy/actor/lib/test/auto/ArrayAverage.xml
----------------- Instantiating /home/travis/build/icyphy/ptII/ptolemy/actor/lib/test/auto/ArrayAverage.xml
5 ms. Memory: 581632K Free: 469653K (81%)
----------------- Invoking toplevel() on ptolemy.moml.MoMLSimpleApplication@761d8106
----------------- Done invoking toplevel() on ptolemy.moml.MoMLSimpleApplication@761d8106
reloadAllAccessors: .ArrayAverage
----------------- testing Tue May 22 23:23:21 UTC 2018 /home/travis/build/icyphy/ptII/ptolemy/actor/lib/test/auto/ArrayContains.xml
----------------- Instantiating /home/travis/build/icyphy/ptII/ptolemy/actor/lib/test/auto/ArrayContains.xml
10 ms. Memory: 581632K Free: 459889K (79%)
----------------- Invoking toplevel() on ptolemy.moml.MoMLSimpleApplication@e00d6d3
----------------- Done invoking toplevel() on ptolemy.moml.MoMLSimpleApplication@e00d6d3
reloadAllAccessors: .ArrayContains
----------------- testing Tue May 22 23:23:21 UTC 2018 /home/travis/build/icyphy/ptII/ptolemy/actor/lib/test/auto/ArrayElement.xml
----------------- Instantiating /home/travis/build/icyphy/ptII/ptolemy/actor/lib/test/auto/ArrayElement.xml
9 ms. Memory: 581632K Free: 453390K (78%)
----------------- Invoking toplevel() on ptolemy.moml.MoMLSimpleApplication@6a1dff6e
----------------- Done invoking toplevel() on ptolemy.moml.MoMLSimpleApplication@6a1dff6e
reloadAllAccessors: .ArrayElement
----------------- testing Tue May 22 23:23:21 UTC 2018 /home/travis/build/icyphy/ptII/ptolemy/actor/lib/test/auto/ArrayElementAsMatrix.xml
----------------- Instantiating /home/travis/build/icyphy/ptII/ptolemy/actor/lib/test/auto/ArrayElementAsMatrix.xml
22 ms. Memory: 581632K Free: 435789K (75%)
----------------- Invoking toplevel() on ptolemy.moml.MoMLSimpleApplication@6a2e39f8
----------------- Done invoking toplevel() on ptolemy.moml.MoMLSimpleApplication@6a2e39f8
reloadAllAccessors: .ArrayElementAsMatrix
----------------- testing Tue May 22 23:23:21 UTC 2018 /home/travis/build/icyphy/ptII/ptolemy/actor/lib/test/auto/ArrayElementI.xml
----------------- Instantiating /home/travis/build/icyphy/ptII/ptolemy/actor/lib/test/auto/ArrayElementI.xml
4 ms. Memory: 581632K Free: 429290K (74%)
----------------- Invoking toplevel() on ptolemy.moml.MoMLSimpleApplication@7e4c65f9
----------------- Done invoking toplevel() on ptolemy.moml.MoMLSimpleApplication@7e4c65f9
reloadAllAccessors: .ArrayElementI
----------------- testing Tue May 22 23:23:21 UTC 2018 /home/travis/build/icyphy/ptII/ptolemy/actor/lib/test/auto/ArrayExtract.xml
----------------- Instantiating /home/travis/build/icyphy/ptII/ptolemy/actor/lib/test/auto/ArrayExtract.xml
5 ms. Memory: 581632K Free: 419525K (72%)
----------------- Invoking toplevel() on ptolemy.moml.MoMLSimpleApplication@75ba90d0
----------------- Done invoking toplevel() on ptolemy.moml.MoMLSimpleApplication@75ba90d0
reloadAllAccessors: .ArrayExtract
----------------- testing Tue May 22 23:23:21 UTC 2018 /home/travis/build/icyphy/ptII/ptolemy/actor/lib/test/auto/ArrayExtract2.xml
----------------- Instantiating /home/travis/build/icyphy/ptII/ptolemy/actor/lib/test/auto/ArrayExtract2.xml
3 ms. Memory: 581632K Free: 405190K (70%)
----------------- Invoking toplevel() on ptolemy.moml.MoMLSimpleApplication@271e61e9
----------------- Done invoking toplevel() on ptolemy.moml.MoMLSimpleApplication@271e61e9
reloadAllAccessors: .ArrayExtract2
----------------- testing Tue May 22 23:23:21 UTC 2018 /home/travis/build/icyphy/ptII/ptolemy/actor/lib/test/auto/ArrayLength.xml
----------------- Instantiating /home/travis/build/icyphy/ptII/ptolemy/actor/lib/test/auto/ArrayLength.xml
2 ms. Memory: 581632K Free: 398691K (69%)
----------------- Invoking toplevel() on ptolemy.moml.MoMLSimpleApplication@10bd5d8c
----------------- Done invoking toplevel() on ptolemy.moml.MoMLSimpleApplication@10bd5d8c
reloadAllAccessors: .ArrayLength
----------------- testing Tue May 22 23:23:21 UTC 2018 /home/travis/build/icyphy/ptII/ptolemy/actor/lib/test/auto/ArrayLevelCrossing.xml
----------------- Instantiating /home/travis/build/icyphy/ptII/ptolemy/actor/lib/test/auto/ArrayLevelCrossing.xml
4 ms. Memory: 581632K Free: 388942K (67%)
----------------- Invoking toplevel() on ptolemy.moml.MoMLSimpleApplication@397e38d2
----------------- Done invoking toplevel() on ptolemy.moml.MoMLSimpleApplication@397e38d2
reloadAllAccessors: .ArrayLevelCrossing
----------------- testing Tue May 22 23:23:21 UTC 2018 /home/travis/build/icyphy/ptII/ptolemy/actor/lib/test/auto/ArrayLevelCrossing2.xml
----------------- Instantiating /home/travis/build/icyphy/ptII/ptolemy/actor/lib/test/auto/ArrayLevelCrossing2.xml
3 ms. Memory: 581632K Free: 379178K (65%)
----------------- Invoking toplevel() on ptolemy.moml.MoMLSimpleApplication@17f3c23
----------------- Done invoking toplevel() on ptolemy.moml.MoMLSimpleApplication@17f3c23
reloadAllAccessors: .ArrayLevelCrossing2
----------------- testing Tue May 22 23:23:21 UTC 2018 /home/travis/build/icyphy/ptII/ptolemy/actor/lib/test/auto/ArrayPeakSearch.xml
----------------- Instantiating /home/travis/build/icyphy/ptII/ptolemy/actor/lib/test/auto/ArrayPeakSearch.xml
6 ms. Memory: 581632K Free: 358328K (62%)
----------------- Invoking toplevel() on ptolemy.moml.MoMLSimpleApplication@1203ebbb
----------------- Done invoking toplevel() on ptolemy.moml.MoMLSimpleApplication@1203ebbb
reloadAllAccessors: .ArrayPeakSearch
----------------- testing Tue May 22 23:23:21 UTC 2018 /home/travis/build/icyphy/ptII/ptolemy/actor/lib/test/auto/ArrayPeakSearch2.xml
----------------- Instantiating /home/travis/build/icyphy/ptII/ptolemy/actor/lib/test/auto/ArrayPeakSearch2.xml
6 ms. Memory: 581632K Free: 345314K (59%)
----------------- Invoking toplevel() on ptolemy.moml.MoMLSimpleApplication@2d3563b2
----------------- Done invoking toplevel() on ptolemy.moml.MoMLSimpleApplication@2d3563b2
reloadAllAccessors: .ArrayPeakSearch2
----------------- testing Tue May 22 23:23:22 UTC 2018 /home/travis/build/icyphy/ptII/ptolemy/actor/lib/test/auto/ArrayPeakSearch3.xml
----------------- Instantiating /home/travis/build/icyphy/ptII/ptolemy/actor/lib/test/auto/ArrayPeakSearch3.xml
5 ms. Memory: 581632K Free: 332299K (57%)
----------------- Invoking toplevel() on ptolemy.moml.MoMLSimpleApplication@5bb5c767
----------------- Done invoking toplevel() on ptolemy.moml.MoMLSimpleApplication@5bb5c767
reloadAllAccessors: .ArrayPeakSearch3
----------------- testing Tue May 22 23:23:22 UTC 2018 /home/travis/build/icyphy/ptII/ptolemy/actor/lib/test/auto/ArrayRemoveElement.xml
----------------- Instantiating /home/travis/build/icyphy/ptII/ptolemy/actor/lib/test/auto/ArrayRemoveElement.xml
7 ms. Memory: 581632K Free: 314699K (54%)
----------------- Invoking toplevel() on ptolemy.moml.MoMLSimpleApplication@5ba10403
----------------- Done invoking toplevel() on ptolemy.moml.MoMLSimpleApplication@5ba10403
reloadAllAccessors: .ArrayRemoveElement
----------------- testing Tue May 22 23:23:22 UTC 2018 /home/travis/build/icyphy/ptII/ptolemy/actor/lib/test/auto/ArraySort.xml
----------------- Instantiating /home/travis/build/icyphy/ptII/ptolemy/actor/lib/test/auto/ArraySort.xml
3 ms. Memory: 581632K Free: 301701K (52%)
----------------- Invoking toplevel() on ptolemy.moml.MoMLSimpleApplication@338fbaa1
----------------- Done invoking toplevel() on ptolemy.moml.MoMLSimpleApplication@338fbaa1
reloadAllAccessors: .ArraySort
----------------- testing Tue May 22 23:23:22 UTC 2018 /home/travis/build/icyphy/ptII/ptolemy/actor/lib/test/auto/ArraySum.xml
----------------- Instantiating /home/travis/build/icyphy/ptII/ptolemy/actor/lib/test/auto/ArraySum.xml
5 ms. Memory: 581632K Free: 295202K (51%)
----------------- Invoking toplevel() on ptolemy.moml.MoMLSimpleApplication@646df493
----------------- Done invoking toplevel() on ptolemy.moml.MoMLSimpleApplication@646df493
reloadAllAccessors: .ArraySum
----------------- testing Tue May 22 23:23:22 UTC 2018 /home/travis/build/icyphy/ptII/ptolemy/actor/lib/test/auto/ArrayToElements.xml
----------------- Instantiating /home/travis/build/icyphy/ptII/ptolemy/actor/lib/test/auto/ArrayToElements.xml
4 ms. Memory: 581632K Free: 285437K (49%)
----------------- Invoking toplevel() on ptolemy.moml.MoMLSimpleApplication@5d1203e5
----------------- Done invoking toplevel() on ptolemy.moml.MoMLSimpleApplication@5d1203e5
reloadAllAccessors: .ArrayToElements
----------------- testing Tue May 22 23:23:22 UTC 2018 /home/travis/build/icyphy/ptII/ptolemy/actor/lib/test/auto/ArrayToMatrix.xml
----------------- Instantiating /home/travis/build/icyphy/ptII/ptolemy/actor/lib/test/auto/ArrayToMatrix.xml
5 ms. Memory: 581632K Free: 258071K (44%)
----------------- Invoking toplevel() on ptolemy.moml.MoMLSimpleApplication@613e4aba
----------------- Done invoking toplevel() on ptolemy.moml.MoMLSimpleApplication@613e4aba
reloadAllAccessors: .ArrayToMatrix
----------------- testing Tue May 22 23:23:22 UTC 2018 /home/travis/build/icyphy/ptII/ptolemy/actor/lib/test/auto/ArrayUpdate1.xml
----------------- Instantiating /home/travis/build/icyphy/ptII/ptolemy/actor/lib/test/auto/ArrayUpdate1.xml
5 ms. Memory: 581632K Free: 251572K (43%)
----------------- Invoking toplevel() on ptolemy.moml.MoMLSimpleApplication@16bb5d38
----------------- Done invoking toplevel() on ptolemy.moml.MoMLSimpleApplication@16bb5d38
reloadAllAccessors: .ArrayUpdate1
----------------- testing Tue May 22 23:23:22 UTC 2018 /home/travis/build/icyphy/ptII/ptolemy/actor/lib/test/auto/ArrayUpdate2.xml
----------------- Instantiating /home/travis/build/icyphy/ptII/ptolemy/actor/lib/test/auto/ArrayUpdate2.xml
4 ms. Memory: 581632K Free: 241824K (42%)
----------------- Invoking toplevel() on ptolemy.moml.MoMLSimpleApplication@3e56188a
----------------- Done invoking toplevel() on ptolemy.moml.MoMLSimpleApplication@3e56188a
reloadAllAccessors: .ArrayUpdate2
----------------- testing Tue May 22 23:23:22 UTC 2018 /home/travis/build/icyphy/ptII/ptolemy/actor/lib/test/auto/ArrayUpdate3.xml
----------------- Instantiating /home/travis/build/icyphy/ptII/ptolemy/actor/lib/test/auto/ArrayUpdate3.xml
1 ms. Memory: 581632K Free: 227488K (39%)
----------------- Invoking toplevel() on ptolemy.moml.MoMLSimpleApplication@57a768b3
----------------- Done invoking toplevel() on ptolemy.moml.MoMLSimpleApplication@57a768b3
reloadAllAccessors: .ArrayUpdate3
----------------- testing Tue May 22 23:23:22 UTC 2018 /home/travis/build/icyphy/ptII/ptolemy/actor/lib/test/auto/Assert1.xml
----------------- Instantiating /home/travis/build/icyphy/ptII/ptolemy/actor/lib/test/auto/Assert1.xml
4 ms. Memory: 581632K Free: 220989K (38%)
----------------- Invoking toplevel() on ptolemy.moml.MoMLSimpleApplication@71911659
----------------- Done invoking toplevel() on ptolemy.moml.MoMLSimpleApplication@71911659
reloadAllAccessors: .Assert1
----------------- testing Tue May 22 23:23:22 UTC 2018 /home/travis/build/icyphy/ptII/ptolemy/actor/lib/test/auto/Assert2.xml
----------------- Instantiating /home/travis/build/icyphy/ptII/ptolemy/actor/lib/test/auto/Assert2.xml
6 ms. Memory: 581632K Free: 214490K (37%)
----------------- Invoking toplevel() on ptolemy.moml.MoMLSimpleApplication@5f9d901e
----------------- Done invoking toplevel() on ptolemy.moml.MoMLSimpleApplication@5f9d901e
reloadAllAccessors: .Assert2
----------------- testing Tue May 22 23:23:22 UTC 2018 /home/travis/build/icyphy/ptII/ptolemy/actor/lib/test/auto/BooleanMultiplexor.xml
----------------- Instantiating /home/travis/build/icyphy/ptII/ptolemy/actor/lib/test/auto/BooleanMultiplexor.xml
5 ms. Memory: 581632K Free: 204734K (35%)
----------------- Invoking toplevel() on ptolemy.moml.MoMLSimpleApplication@74ed2772
----------------- Done invoking toplevel() on ptolemy.moml.MoMLSimpleApplication@74ed2772
reloadAllAccessors: .BooleanMultiplexor
----------------- testing Tue May 22 23:23:22 UTC 2018 /home/travis/build/icyphy/ptII/ptolemy/actor/lib/test/auto/BooleanMultiplexor2.xml
----------------- Instantiating /home/travis/build/icyphy/ptII/ptolemy/actor/lib/test/auto/BooleanMultiplexor2.xml
7 ms. Memory: 581632K Free: 187133K (32%)
----------------- Invoking toplevel() on ptolemy.moml.MoMLSimpleApplication@127bf25c
----------------- Done invoking toplevel() on ptolemy.moml.MoMLSimpleApplication@127bf25c
reloadAllAccessors: .BooleanMultiplexor2
----------------- testing Tue May 22 23:23:22 UTC 2018 /home/travis/build/icyphy/ptII/ptolemy/actor/lib/test/auto/BooleanMultiplexor3.xml
----------------- Instantiating /home/travis/build/icyphy/ptII/ptolemy/actor/lib/test/auto/BooleanMultiplexor3.xml
13 ms. Memory: 581632K Free: 180634K (31%)
----------------- Invoking toplevel() on ptolemy.moml.MoMLSimpleApplication@73c07145
----------------- Done invoking toplevel() on ptolemy.moml.MoMLSimpleApplication@73c07145
reloadAllAccessors: .BooleanMultiplexor3
----------------- testing Tue May 22 23:23:22 UTC 2018 /home/travis/build/icyphy/ptII/ptolemy/actor/lib/test/auto/BooleanSelect.xml
----------------- Instantiating /home/travis/build/icyphy/ptII/ptolemy/actor/lib/test/auto/BooleanSelect.xml
9 ms. Memory: 581632K Free: 170869K (29%)
----------------- Invoking toplevel() on ptolemy.moml.MoMLSimpleApplication@49d34427
----------------- Done invoking toplevel() on ptolemy.moml.MoMLSimpleApplication@49d34427
reloadAllAccessors: .BooleanSelect
----------------- testing Tue May 22 23:23:22 UTC 2018 /home/travis/build/icyphy/ptII/ptolemy/actor/lib/test/auto/BooleanSelect2.xml
----------------- Instantiating /home/travis/build/icyphy/ptII/ptolemy/actor/lib/test/auto/BooleanSelect2.xml
1 ms. Memory: 581632K Free: 156534K (27%)
----------------- Invoking toplevel() on ptolemy.moml.MoMLSimpleApplication@602483c
----------------- Done invoking toplevel() on ptolemy.moml.MoMLSimpleApplication@602483c
reloadAllAccessors: .BooleanSelect2
----------------- testing Tue May 22 23:23:22 UTC 2018 /home/travis/build/icyphy/ptII/ptolemy/actor/lib/test/auto/BooleanSwitch.xml
----------------- Instantiating /home/travis/build/icyphy/ptII/ptolemy/actor/lib/test/auto/BooleanSwitch.xml
6 ms. Memory: 581632K Free: 146785K (25%)
----------------- Invoking toplevel() on ptolemy.moml.MoMLSimpleApplication@2e4e9a29
----------------- Done invoking toplevel() on ptolemy.moml.MoMLSimpleApplication@2e4e9a29
reloadAllAccessors: .BooleanSwitch
----------------- testing Tue May 22 23:23:22 UTC 2018 /home/travis/build/icyphy/ptII/ptolemy/actor/lib/test/auto/BooleanSwitch2.xml
----------------- Instantiating /home/travis/build/icyphy/ptII/ptolemy/actor/lib/test/auto/BooleanSwitch2.xml
2 ms. Memory: 581632K Free: 140286K (24%)
----------------- Invoking toplevel() on ptolemy.moml.MoMLSimpleApplication@2373dcad
----------------- Done invoking toplevel() on ptolemy.moml.MoMLSimpleApplication@2373dcad
reloadAllAccessors: .BooleanSwitch2
----------------- testing Tue May 22 23:23:22 UTC 2018 /home/travis/build/icyphy/ptII/ptolemy/actor/lib/test/auto/BooleanSwitchCloningBugWithClassRelationGroup.xml
----------------- Instantiating /home/travis/build/icyphy/ptII/ptolemy/actor/lib/test/auto/BooleanSwitchCloningBugWithClassRelationGroup.xml
3 ms. Memory: 581632K Free: 130521K (22%)
----------------- Invoking toplevel() on ptolemy.moml.MoMLSimpleApplication@6a94d95e
----------------- Done invoking toplevel() on ptolemy.moml.MoMLSimpleApplication@6a94d95e
reloadAllAccessors: .BooleanSwitchCloningBugWithClassRelationGroup
----------------- testing Tue May 22 23:23:22 UTC 2018 /home/travis/build/icyphy/ptII/ptolemy/actor/lib/test/auto/BusActors.xml
----------------- Instantiating /home/travis/build/icyphy/ptII/ptolemy/actor/lib/test/auto/BusActors.xml
6 ms. Memory: 581632K Free: 112937K (19%)
----------------- Invoking toplevel() on ptolemy.moml.MoMLSimpleApplication@de41c83
----------------- Done invoking toplevel() on ptolemy.moml.MoMLSimpleApplication@de41c83
reloadAllAccessors: .BusActors
----------------- testing Tue May 22 23:23:22 UTC 2018 /home/travis/build/icyphy/ptII/ptolemy/actor/lib/test/auto/ClassWrapper.xml
----------------- Instantiating /home/travis/build/icyphy/ptII/ptolemy/actor/lib/test/auto/ClassWrapper.xml
2 ms. Memory: 581632K Free: 106438K (18%)
----------------- Invoking toplevel() on ptolemy.moml.MoMLSimpleApplication@5b100dd0
----------------- Done invoking toplevel() on ptolemy.moml.MoMLSimpleApplication@5b100dd0
reloadAllAccessors: .ClassWrapper
----------------- testing Tue May 22 23:23:22 UTC 2018 /home/travis/build/icyphy/ptII/ptolemy/actor/lib/test/auto/Clock.xml
----------------- Instantiating /home/travis/build/icyphy/ptII/ptolemy/actor/lib/test/auto/Clock.xml
1 ms. Memory: 581632K Free: 99939K (17%)
----------------- Invoking toplevel() on ptolemy.moml.MoMLSimpleApplication@24ca4184
----------------- Done invoking toplevel() on ptolemy.moml.MoMLSimpleApplication@24ca4184
reloadAllAccessors: .Clock
----------------- testing Tue May 22 23:23:22 UTC 2018 /home/travis/build/icyphy/ptII/ptolemy/actor/lib/test/auto/Clock10.xml
----------------- Instantiating /home/travis/build/icyphy/ptII/ptolemy/actor/lib/test/auto/Clock10.xml
4 ms. Memory: 581632K Free: 82338K (14%)
----------------- Invoking toplevel() on ptolemy.moml.MoMLSimpleApplication@69874eae
----------------- Done invoking toplevel() on ptolemy.moml.MoMLSimpleApplication@69874eae
reloadAllAccessors: .Clock10
----------------- testing Tue May 22 23:23:22 UTC 2018 /home/travis/build/icyphy/ptII/ptolemy/actor/lib/test/auto/Clock11.xml
----------------- Instantiating /home/travis/build/icyphy/ptII/ptolemy/actor/lib/test/auto/Clock11.xml
4 ms. Memory: 581632K Free: 72590K (12%)
----------------- Invoking toplevel() on ptolemy.moml.MoMLSimpleApplication@2c974051
----------------- Done invoking toplevel() on ptolemy.moml.MoMLSimpleApplication@2c974051
reloadAllAccessors: .Clock11
----------------- testing Tue May 22 23:23:22 UTC 2018 /home/travis/build/icyphy/ptII/ptolemy/actor/lib/test/auto/Clock12.xml
----------------- Instantiating /home/travis/build/icyphy/ptII/ptolemy/actor/lib/test/auto/Clock12.xml
3 ms. Memory: 581632K Free: 62841K (11%)
----------------- Invoking toplevel() on ptolemy.moml.MoMLSimpleApplication@2dcc886c
----------------- Done invoking toplevel() on ptolemy.moml.MoMLSimpleApplication@2dcc886c
reloadAllAccessors: .Clock12
----------------- testing Tue May 22 23:23:22 UTC 2018 /home/travis/build/icyphy/ptII/ptolemy/actor/lib/test/auto/Clock13.xml
----------------- Instantiating /home/travis/build/icyphy/ptII/ptolemy/actor/lib/test/auto/Clock13.xml
4 ms. Memory: 581632K Free: 54201K (9%)
----------------- Invoking toplevel() on ptolemy.moml.MoMLSimpleApplication@517b9aa0
----------------- Done invoking toplevel() on ptolemy.moml.MoMLSimpleApplication@517b9aa0
reloadAllAccessors: .Clock13
----------------- testing Tue May 22 23:23:22 UTC 2018 /home/travis/build/icyphy/ptII/ptolemy/actor/lib/test/auto/Clock14.xml
----------------- Instantiating /home/travis/build/icyphy/ptII/ptolemy/actor/lib/test/auto/Clock14.xml
4 ms. Memory: 880128K Free: 819767K (93%)
----------------- Invoking toplevel() on ptolemy.moml.MoMLSimpleApplication@7212f782
----------------- Done invoking toplevel() on ptolemy.moml.MoMLSimpleApplication@7212f782
reloadAllAccessors: .Clock14
----------------- testing Tue May 22 23:23:22 UTC 2018 /home/travis/build/icyphy/ptII/ptolemy/actor/lib/test/auto/Clock15.xml
----------------- Instantiating /home/travis/build/icyphy/ptII/ptolemy/actor/lib/test/auto/Clock15.xml
5 ms. Memory: 880128K Free: 809363K (92%)
----------------- Invoking toplevel() on ptolemy.moml.MoMLSimpleApplication@242ef0fd
----------------- Done invoking toplevel() on ptolemy.moml.MoMLSimpleApplication@242ef0fd
reloadAllAccessors: .Clock15
----------------- testing Tue May 22 23:23:22 UTC 2018 /home/travis/build/icyphy/ptII/ptolemy/actor/lib/test/auto/Clock16.xml
----------------- Instantiating /home/travis/build/icyphy/ptII/ptolemy/actor/lib/test/auto/Clock16.xml
16 ms. Memory: 880128K Free: 788361K (90%)
----------------- Invoking toplevel() on ptolemy.moml.MoMLSimpleApplication@13028f5c
----------------- Done invoking toplevel() on ptolemy.moml.MoMLSimpleApplication@13028f5c
reloadAllAccessors: .Clock16
----------------- testing Tue May 22 23:23:22 UTC 2018 /home/travis/build/icyphy/ptII/ptolemy/actor/lib/test/auto/Clock17.xml
----------------- Instantiating /home/travis/build/icyphy/ptII/ptolemy/actor/lib/test/auto/Clock17.xml
27 ms. Memory: 880128K Free: 772739K (88%)
----------------- Invoking toplevel() on ptolemy.moml.MoMLSimpleApplication@3401383d
----------------- Done invoking toplevel() on ptolemy.moml.MoMLSimpleApplication@3401383d
reloadAllAccessors: .Clock17
----------------- testing Tue May 22 23:23:23 UTC 2018 /home/travis/build/icyphy/ptII/ptolemy/actor/lib/test/auto/Clock18.xml
----------------- Instantiating /home/travis/build/icyphy/ptII/ptolemy/actor/lib/test/auto/Clock18.xml
18 ms. Memory: 880128K Free: 747833K (85%)
----------------- Invoking toplevel() on ptolemy.moml.MoMLSimpleApplication@317af3b0
----------------- Done invoking toplevel() on ptolemy.moml.MoMLSimpleApplication@317af3b0
reloadAllAccessors: .Clock18
----------------- testing Tue May 22 23:23:23 UTC 2018 /home/travis/build/icyphy/ptII/ptolemy/actor/lib/test/auto/Clock19.xml
----------------- Instantiating /home/travis/build/icyphy/ptII/ptolemy/actor/lib/test/auto/Clock19.xml
13 ms. Memory: 880128K Free: 732211K (83%)
----------------- Invoking toplevel() on ptolemy.moml.MoMLSimpleApplication@4abc8843
----------------- Done invoking toplevel() on ptolemy.moml.MoMLSimpleApplication@4abc8843
reloadAllAccessors: .Clock19
----------------- testing Tue May 22 23:23:23 UTC 2018 /home/travis/build/icyphy/ptII/ptolemy/actor/lib/test/auto/Clock2.xml
----------------- Instantiating /home/travis/build/icyphy/ptII/ptolemy/actor/lib/test/auto/Clock2.xml
6 ms. Memory: 880128K Free: 721807K (82%)
----------------- Invoking toplevel() on ptolemy.moml.MoMLSimpleApplication@70948b89
----------------- Done invoking toplevel() on ptolemy.moml.MoMLSimpleApplication@70948b89
reloadAllAccessors: .Clock2
----------------- testing Tue May 22 23:23:23 UTC 2018 /home/travis/build/icyphy/ptII/ptolemy/actor/lib/test/auto/Clock20.xml
----------------- Instantiating /home/travis/build/icyphy/ptII/ptolemy/actor/lib/test/auto/Clock20.xml
8 ms. Memory: 880128K Free: 711403K (81%)
----------------- Invoking toplevel() on ptolemy.moml.MoMLSimpleApplication@6dc63d30
----------------- Done invoking toplevel() on ptolemy.moml.MoMLSimpleApplication@6dc63d30
reloadAllAccessors: .Clock20
----------------- testing Tue May 22 23:23:23 UTC 2018 /home/travis/build/icyphy/ptII/ptolemy/actor/lib/test/auto/Clock21.xml
----------------- Instantiating /home/travis/build/icyphy/ptII/ptolemy/actor/lib/test/auto/Clock21.xml
2 ms. Memory: 880128K Free: 691716K (79%)
----------------- Invoking toplevel() on ptolemy.moml.MoMLSimpleApplication@71a33673
----------------- Done invoking toplevel() on ptolemy.moml.MoMLSimpleApplication@71a33673
reloadAllAccessors: .Clock21
----------------- testing Tue May 22 23:23:23 UTC 2018 /home/travis/build/icyphy/ptII/ptolemy/actor/lib/test/auto/Clock22.xml
----------------- Instantiating /home/travis/build/icyphy/ptII/ptolemy/actor/lib/test/auto/Clock22.xml
3 ms. Memory: 880128K Free: 681312K (77%)
----------------- Invoking toplevel() on ptolemy.moml.MoMLSimpleApplication@3c3d43d6
----------------- Done invoking toplevel() on ptolemy.moml.MoMLSimpleApplication@3c3d43d6
reloadAllAccessors: .Clock22
----------------- testing Tue May 22 23:23:23 UTC 2018 /home/travis/build/icyphy/ptII/ptolemy/actor/lib/test/auto/Clock23.xml
----------------- Instantiating /home/travis/build/icyphy/ptII/ptolemy/actor/lib/test/auto/Clock23.xml
2 ms. Memory: 880128K Free: 670908K (76%)
----------------- Invoking toplevel() on ptolemy.moml.MoMLSimpleApplication@625fb0eb
----------------- Done invoking toplevel() on ptolemy.moml.MoMLSimpleApplication@625fb0eb
reloadAllAccessors: .Clock23
----------------- testing Tue May 22 23:23:23 UTC 2018 /home/travis/build/icyphy/ptII/ptolemy/actor/lib/test/auto/Clock24.xml
----------------- Instantiating /home/travis/build/icyphy/ptII/ptolemy/actor/lib/test/auto/Clock24.xml
2 ms. Memory: 880128K Free: 660504K (75%)
----------------- Invoking toplevel() on ptolemy.moml.MoMLSimpleApplication@7fb61f53
----------------- Done invoking toplevel() on ptolemy.moml.MoMLSimpleApplication@7fb61f53
reloadAllAccessors: .Clock24
----------------- testing Tue May 22 23:23:23 UTC 2018 /home/travis/build/icyphy/ptII/ptolemy/actor/lib/test/auto/Clock4.xml
----------------- Instantiating /home/travis/build/icyphy/ptII/ptolemy/actor/lib/test/auto/Clock4.xml
1 ms. Memory: 880128K Free: 633013K (72%)
----------------- Invoking toplevel() on ptolemy.moml.MoMLSimpleApplication@62910ab1
----------------- Done invoking toplevel() on ptolemy.moml.MoMLSimpleApplication@62910ab1
reloadAllAccessors: .Clock4
----------------- testing Tue May 22 23:23:23 UTC 2018 /home/travis/build/icyphy/ptII/ptolemy/actor/lib/test/auto/Clock5.xml
----------------- Instantiating /home/travis/build/icyphy/ptII/ptolemy/actor/lib/test/auto/Clock5.xml
3 ms. Memory: 880128K Free: 622609K (71%)
----------------- Invoking toplevel() on ptolemy.moml.MoMLSimpleApplication@5e61091e
----------------- Done invoking toplevel() on ptolemy.moml.MoMLSimpleApplication@5e61091e
reloadAllAccessors: .Clock5
----------------- testing Tue May 22 23:23:23 UTC 2018 /home/travis/build/icyphy/ptII/ptolemy/actor/lib/test/auto/Clock6.xml
----------------- Instantiating /home/travis/build/icyphy/ptII/ptolemy/actor/lib/test/auto/Clock6.xml
1 ms. Memory: 880128K Free: 612205K (70%)
----------------- Invoking toplevel() on ptolemy.moml.MoMLSimpleApplication@739c400f
----------------- Done invoking toplevel() on ptolemy.moml.MoMLSimpleApplication@739c400f
reloadAllAccessors: .Clock6
----------------- testing Tue May 22 23:23:23 UTC 2018 /home/travis/build/icyphy/ptII/ptolemy/actor/lib/test/auto/Clock7.xml
----------------- Instantiating /home/travis/build/icyphy/ptII/ptolemy/actor/lib/test/auto/Clock7.xml
3 ms. Memory: 880128K Free: 601801K (68%)
----------------- Invoking toplevel() on ptolemy.moml.MoMLSimpleApplication@17d4fa22
----------------- Done invoking toplevel() on ptolemy.moml.MoMLSimpleApplication@17d4fa22
reloadAllAccessors: .Clock7
----------------- testing Tue May 22 23:23:23 UTC 2018 /home/travis/build/icyphy/ptII/ptolemy/actor/lib/test/auto/Clock8.xml
----------------- Instantiating /home/travis/build/icyphy/ptII/ptolemy/actor/lib/test/auto/Clock8.xml
3 ms. Memory: 880128K Free: 582113K (66%)
----------------- Invoking toplevel() on ptolemy.moml.MoMLSimpleApplication@2cec2da1
----------------- Done invoking toplevel() on ptolemy.moml.MoMLSimpleApplication@2cec2da1
reloadAllAccessors: .Clock8
----------------- testing Tue May 22 23:23:23 UTC 2018 /home/travis/build/icyphy/ptII/ptolemy/actor/lib/test/auto/Clock9.xml
----------------- Instantiating /home/travis/build/icyphy/ptII/ptolemy/actor/lib/test/auto/Clock9.xml
3 ms. Memory: 880128K Free: 571709K (65%)
----------------- Invoking toplevel() on ptolemy.moml.MoMLSimpleApplication@65a05414
----------------- Done invoking toplevel() on ptolemy.moml.MoMLSimpleApplication@65a05414
reloadAllAccessors: .Clock9
----------------- testing Tue May 22 23:23:23 UTC 2018 /home/travis/build/icyphy/ptII/ptolemy/actor/lib/test/auto/CommDistDiscard.xml
----------------- Instantiating /home/travis/build/icyphy/ptII/ptolemy/actor/lib/test/auto/CommDistDiscard.xml
5 ms. Memory: 880128K Free: 561305K (64%)
----------------- Invoking toplevel() on ptolemy.moml.MoMLSimpleApplication@66a1564
----------------- Done invoking toplevel() on ptolemy.moml.MoMLSimpleApplication@66a1564
reloadAllAccessors: .CommDistDiscard
----------------- testing Tue May 22 23:23:23 UTC 2018 /home/travis/build/icyphy/ptII/ptolemy/actor/lib/test/auto/Commutator.xml
----------------- Instantiating /home/travis/build/icyphy/ptII/ptolemy/actor/lib/test/auto/Commutator.xml
1 ms. Memory: 880128K Free: 550901K (63%)
----------------- Invoking toplevel() on ptolemy.moml.MoMLSimpleApplication@339cc847
----------------- Done invoking toplevel() on ptolemy.moml.MoMLSimpleApplication@339cc847
reloadAllAccessors: .Commutator
----------------- testing Tue May 22 23:23:23 UTC 2018 /home/travis/build/icyphy/ptII/ptolemy/actor/lib/test/auto/Commutator2.xml
----------------- Instantiating /home/travis/build/icyphy/ptII/ptolemy/actor/lib/test/auto/Commutator2.xml
2 ms. Memory: 880128K Free: 540497K (61%)
----------------- Invoking toplevel() on ptolemy.moml.MoMLSimpleApplication@46240e60
----------------- Done invoking toplevel() on ptolemy.moml.MoMLSimpleApplication@46240e60
reloadAllAccessors: .Commutator2
----------------- testing Tue May 22 23:23:23 UTC 2018 /home/travis/build/icyphy/ptII/ptolemy/actor/lib/test/auto/Commutator3.xml
----------------- Instantiating /home/travis/build/icyphy/ptII/ptolemy/actor/lib/test/auto/Commutator3.xml
2 ms. Memory: 880128K Free: 520809K (59%)
----------------- Invoking toplevel() on ptolemy.moml.MoMLSimpleApplication@2a9d0b0e
----------------- Done invoking toplevel() on ptolemy.moml.MoMLSimpleApplication@2a9d0b0e
reloadAllAccessors: .Commutator3
----------------- testing Tue May 22 23:23:23 UTC 2018 /home/travis/build/icyphy/ptII/ptolemy/actor/lib/test/auto/Compare.xml
----------------- Instantiating /home/travis/build/icyphy/ptII/ptolemy/actor/lib/test/auto/Compare.xml
2 ms. Memory: 880128K Free: 510405K (58%)
----------------- Invoking toplevel() on ptolemy.moml.MoMLSimpleApplication@15768a1c
----------------- Done invoking toplevel() on ptolemy.moml.MoMLSimpleApplication@15768a1c
reloadAllAccessors: .Compare
----------------- testing Tue May 22 23:23:23 UTC 2018 /home/travis/build/icyphy/ptII/ptolemy/actor/lib/test/auto/CompareDE.xml
----------------- Instantiating /home/travis/build/icyphy/ptII/ptolemy/actor/lib/test/auto/CompareDE.xml
3 ms. Memory: 880128K Free: 500001K (57%)
----------------- Invoking toplevel() on ptolemy.moml.MoMLSimpleApplication@1c86ca89
----------------- Done invoking toplevel() on ptolemy.moml.MoMLSimpleApplication@1c86ca89
reloadAllAccessors: .CompareDE
----------------- testing Tue May 22 23:23:23 UTC 2018 /home/travis/build/icyphy/ptII/ptolemy/actor/lib/test/auto/ComplexDivide.xml
----------------- Instantiating /home/travis/build/icyphy/ptII/ptolemy/actor/lib/test/auto/ComplexDivide.xml
2 ms. Memory: 880128K Free: 489597K (56%)
----------------- Invoking toplevel() on ptolemy.moml.MoMLSimpleApplication@333ad786
----------------- Done invoking toplevel() on ptolemy.moml.MoMLSimpleApplication@333ad786
reloadAllAccessors: .ComplexDivide
----------------- testing Tue May 22 23:23:23 UTC 2018 /home/travis/build/icyphy/ptII/ptolemy/actor/lib/test/auto/ComputeHistogram.xml
----------------- Instantiating /home/travis/build/icyphy/ptII/ptolemy/actor/lib/test/auto/ComputeHistogram.xml
28 ms. Memory: 880128K Free: 464707K (53%)
----------------- Invoking toplevel() on ptolemy.moml.MoMLSimpleApplication@76c555c1
----------------- Done invoking toplevel() on ptolemy.moml.MoMLSimpleApplication@76c555c1
reloadAllAccessors: .ComputeHistogram
----------------- testing Tue May 22 23:23:23 UTC 2018 /home/travis/build/icyphy/ptII/ptolemy/actor/lib/test/auto/ConfigurationSelect.xml
----------------- Instantiating /home/travis/build/icyphy/ptII/ptolemy/actor/lib/test/auto/ConfigurationSelect.xml
2 ms. Memory: 880128K Free: 454303K (52%)
----------------- Invoking toplevel() on ptolemy.moml.MoMLSimpleApplication@64a74615
----------------- Done invoking toplevel() on ptolemy.moml.MoMLSimpleApplication@64a74615
reloadAllAccessors: .ConfigurationSelect
----------------- testing Tue May 22 23:23:23 UTC 2018 /home/travis/build/icyphy/ptII/ptolemy/actor/lib/test/auto/ConfigurationSelect2.xml
----------------- Instantiating /home/travis/build/icyphy/ptII/ptolemy/actor/lib/test/auto/ConfigurationSelect2.xml
1 ms. Memory: 880128K Free: 443899K (50%)
----------------- Invoking toplevel() on ptolemy.moml.MoMLSimpleApplication@3ee404ab
----------------- Done invoking toplevel() on ptolemy.moml.MoMLSimpleApplication@3ee404ab
reloadAllAccessors: .ConfigurationSelect2
----------------- testing Tue May 22 23:23:23 UTC 2018 /home/travis/build/icyphy/ptII/ptolemy/actor/lib/test/auto/ConfigurationSwitch.xml
----------------- Instantiating /home/travis/build/icyphy/ptII/ptolemy/actor/lib/test/auto/ConfigurationSwitch.xml
2 ms. Memory: 880128K Free: 433496K (49%)
----------------- Invoking toplevel() on ptolemy.moml.MoMLSimpleApplication@6902d25f
----------------- Done invoking toplevel() on ptolemy.moml.MoMLSimpleApplication@6902d25f
reloadAllAccessors: .ConfigurationSwitch
----------------- testing Tue May 22 23:23:23 UTC 2018 /home/travis/build/icyphy/ptII/ptolemy/actor/lib/test/auto/ConfigurationSwitch2.xml
----------------- Instantiating /home/travis/build/icyphy/ptII/ptolemy/actor/lib/test/auto/ConfigurationSwitch2.xml
2 ms. Memory: 880128K Free: 413808K (47%)
----------------- Invoking toplevel() on ptolemy.moml.MoMLSimpleApplication@13bf372f
----------------- Done invoking toplevel() on ptolemy.moml.MoMLSimpleApplication@13bf372f
reloadAllAccessors: .ConfigurationSwitch2
----------------- testing Tue May 22 23:23:23 UTC 2018 /home/travis/build/icyphy/ptII/ptolemy/actor/lib/test/auto/ConfigurationSwitchCloningBugWithClassRelationGroup.xml
----------------- Instantiating /home/travis/build/icyphy/ptII/ptolemy/actor/lib/test/auto/ConfigurationSwitchCloningBugWithClassRelationGroup.xml
1 ms. Memory: 880128K Free: 403404K (46%)
----------------- Invoking toplevel() on ptolemy.moml.MoMLSimpleApplication@3fb2686c
----------------- Done invoking toplevel() on ptolemy.moml.MoMLSimpleApplication@3fb2686c
reloadAllAccessors: .ConfigurationSwitchCloningBugWithClassRelationGroup
----------------- testing Tue May 22 23:23:23 UTC 2018 /home/travis/build/icyphy/ptII/ptolemy/actor/lib/test/auto/ConfigurationSwitchSelectSDF.xml
----------------- Instantiating /home/travis/build/icyphy/ptII/ptolemy/actor/lib/test/auto/ConfigurationSwitchSelectSDF.xml
2 ms. Memory: 880128K Free: 393000K (45%)
----------------- Invoking toplevel() on ptolemy.moml.MoMLSimpleApplication@13d7a13c
----------------- Done invoking toplevel() on ptolemy.moml.MoMLSimpleApplication@13d7a13c
reloadAllAccessors: .ConfigurationSwitchSelectSDF
----------------- testing Tue May 22 23:23:23 UTC 2018 /home/travis/build/icyphy/ptII/ptolemy/actor/lib/test/auto/ConfigurationSwitchSelectSDF2.xml
----------------- Instantiating /home/travis/build/icyphy/ptII/ptolemy/actor/lib/test/auto/ConfigurationSwitchSelectSDF2.xml
3 ms. Memory: 880128K Free: 382596K (43%)
----------------- Invoking toplevel() on ptolemy.moml.MoMLSimpleApplication@5f259134
----------------- Done invoking toplevel() on ptolemy.moml.MoMLSimpleApplication@5f259134
reloadAllAccessors: .ConfigurationSwitchSelectSDF2
----------------- testing Tue May 22 23:23:23 UTC 2018 /home/travis/build/icyphy/ptII/ptolemy/actor/lib/test/auto/Const.xml
----------------- Instantiating /home/travis/build/icyphy/ptII/ptolemy/actor/lib/test/auto/Const.xml
1 ms. Memory: 880128K Free: 362908K (41%)
----------------- Invoking toplevel() on ptolemy.moml.MoMLSimpleApplication@25883924
----------------- Done invoking toplevel() on ptolemy.moml.MoMLSimpleApplication@25883924
reloadAllAccessors: .Const
----------------- testing Tue May 22 23:23:23 UTC 2018 /home/travis/build/icyphy/ptII/ptolemy/actor/lib/test/auto/Const2.xml
----------------- Instantiating /home/travis/build/icyphy/ptII/ptolemy/actor/lib/test/auto/Const2.xml
1 ms. Memory: 880128K Free: 352504K (40%)
----------------- Invoking toplevel() on ptolemy.moml.MoMLSimpleApplication@35e5b4a2
----------------- Done invoking toplevel() on ptolemy.moml.MoMLSimpleApplication@35e5b4a2
reloadAllAccessors: .Const2
----------------- testing Tue May 22 23:23:23 UTC 2018 /home/travis/build/icyphy/ptII/ptolemy/actor/lib/test/auto/Const3.xml
----------------- Instantiating /home/travis/build/icyphy/ptII/ptolemy/actor/lib/test/auto/Const3.xml
1 ms. Memory: 880128K Free: 342100K (39%)
----------------- Invoking toplevel() on ptolemy.moml.MoMLSimpleApplication@3c68e5c1
----------------- Done invoking toplevel() on ptolemy.moml.MoMLSimpleApplication@3c68e5c1
reloadAllAccessors: .Const3
----------------- testing Tue May 22 23:23:23 UTC 2018 /home/travis/build/icyphy/ptII/ptolemy/actor/lib/test/auto/ConstantPublisherPort1.xml
----------------- Instantiating /home/travis/build/icyphy/ptII/ptolemy/actor/lib/test/auto/ConstantPublisherPort1.xml
5 ms. Memory: 880128K Free: 326486K (37%)
----------------- Invoking toplevel() on ptolemy.moml.MoMLSimpleApplication@50ebde11
----------------- Done invoking toplevel() on ptolemy.moml.MoMLSimpleApplication@50ebde11
reloadAllAccessors: .ConstantPublisherPort1
----------------- testing Tue May 22 23:23:23 UTC 2018 /home/travis/build/icyphy/ptII/ptolemy/actor/lib/test/auto/ConstantPublisherPort2.xml
----------------- Instantiating /home/travis/build/icyphy/ptII/ptolemy/actor/lib/test/auto/ConstantPublisherPort2.xml
4 ms. Memory: 880128K Free: 316082K (36%)
----------------- Invoking toplevel() on ptolemy.moml.MoMLSimpleApplication@289d125c
----------------- Done invoking toplevel() on ptolemy.moml.MoMLSimpleApplication@289d125c
reloadAllAccessors: .ConstantPublisherPort2
----------------- testing Tue May 22 23:23:23 UTC 2018 /home/travis/build/icyphy/ptII/ptolemy/actor/lib/test/auto/ConstantPublisherPort3.xml
----------------- Instantiating /home/travis/build/icyphy/ptII/ptolemy/actor/lib/test/auto/ConstantPublisherPort3.xml
5 ms. Memory: 880128K Free: 291176K (33%)
----------------- Invoking toplevel() on ptolemy.moml.MoMLSimpleApplication@7b68b2e3
----------------- Done invoking toplevel() on ptolemy.moml.MoMLSimpleApplication@7b68b2e3
reloadAllAccessors: .ConstantPublisherPort3
----------------- testing Tue May 22 23:23:23 UTC 2018 /home/travis/build/icyphy/ptII/ptolemy/actor/lib/test/auto/ConstantPublisherPort4.xml
----------------- Instantiating /home/travis/build/icyphy/ptII/ptolemy/actor/lib/test/auto/ConstantPublisherPort4.xml
5 ms. Memory: 880128K Free: 280772K (32%)
----------------- Invoking toplevel() on ptolemy.moml.MoMLSimpleApplication@68ab415b
----------------- Done invoking toplevel() on ptolemy.moml.MoMLSimpleApplication@68ab415b
reloadAllAccessors: .ConstantPublisherPort4
----------------- testing Tue May 22 23:23:23 UTC 2018 /home/travis/build/icyphy/ptII/ptolemy/actor/lib/test/auto/ConstantPublisherPort5.xml
----------------- Instantiating /home/travis/build/icyphy/ptII/ptolemy/actor/lib/test/auto/ConstantPublisherPort5.xml
19 ms. Memory: 880128K Free: 254747K (29%)
----------------- Invoking toplevel() on ptolemy.moml.MoMLSimpleApplication@446eec26
----------------- Done invoking toplevel() on ptolemy.moml.MoMLSimpleApplication@446eec26
reloadAllAccessors: .ConstantPublisherPort5
----------------- testing Tue May 22 23:23:23 UTC 2018 /home/travis/build/icyphy/ptII/ptolemy/actor/lib/test/auto/ConstantPublisherPort6.xml
----------------- Instantiating /home/travis/build/icyphy/ptII/ptolemy/actor/lib/test/auto/ConstantPublisherPort6.xml
18 ms. Memory: 880128K Free: 228737K (26%)
----------------- Invoking toplevel() on ptolemy.moml.MoMLSimpleApplication@7575b513
----------------- Done invoking toplevel() on ptolemy.moml.MoMLSimpleApplication@7575b513
reloadAllAccessors: .ConstantPublisherPort6
----------------- testing Tue May 22 23:23:23 UTC 2018 /home/travis/build/icyphy/ptII/ptolemy/actor/lib/test/auto/ConstantPublisherPort7.xml
----------------- Instantiating /home/travis/build/icyphy/ptII/ptolemy/actor/lib/test/auto/ConstantPublisherPort7.xml
21 ms. Memory: 880128K Free: 193443K (22%)
----------------- Invoking toplevel() on ptolemy.moml.MoMLSimpleApplication@6dc26282
----------------- Done invoking toplevel() on ptolemy.moml.MoMLSimpleApplication@6dc26282
reloadAllAccessors: .ConstantPublisherPort7
----------------- testing Tue May 22 23:23:23 UTC 2018 /home/travis/build/icyphy/ptII/ptolemy/actor/lib/test/auto/ConstraintMonitor1.xml
----------------- Instantiating /home/travis/build/icyphy/ptII/ptolemy/actor/lib/test/auto/ConstraintMonitor1.xml
4 ms. Memory: 880128K Free: 183039K (21%)
----------------- Invoking toplevel() on ptolemy.moml.MoMLSimpleApplication@26c528b2
----------------- Done invoking toplevel() on ptolemy.moml.MoMLSimpleApplication@26c528b2
reloadAllAccessors: .ConstraintMonitor1
----------------- testing Tue May 22 23:23:23 UTC 2018 /home/travis/build/icyphy/ptII/ptolemy/actor/lib/test/auto/ConstraintMonitor2.xml
----------------- Instantiating /home/travis/build/icyphy/ptII/ptolemy/actor/lib/test/auto/ConstraintMonitor2.xml
2 ms. Memory: 880128K Free: 172635K (20%)
----------------- Invoking toplevel() on ptolemy.moml.MoMLSimpleApplication@5753df1d
----------------- Done invoking toplevel() on ptolemy.moml.MoMLSimpleApplication@5753df1d
reloadAllAccessors: .ConstraintMonitor2
----------------- testing Tue May 22 23:23:24 UTC 2018 /home/travis/build/icyphy/ptII/ptolemy/actor/lib/test/auto/ConstraintMonitor3.xml
----------------- Instantiating /home/travis/build/icyphy/ptII/ptolemy/actor/lib/test/auto/ConstraintMonitor3.xml
3 ms. Memory: 880128K Free: 162231K (18%)
----------------- Invoking toplevel() on ptolemy.moml.MoMLSimpleApplication@5810f2fb
----------------- Done invoking toplevel() on ptolemy.moml.MoMLSimpleApplication@5810f2fb
reloadAllAccessors: .ConstraintMonitor3
----------------- testing Tue May 22 23:23:24 UTC 2018 /home/travis/build/icyphy/ptII/ptolemy/actor/lib/test/auto/ConstraintMonitor4.xml
----------------- Instantiating /home/travis/build/icyphy/ptII/ptolemy/actor/lib/test/auto/ConstraintMonitor4.xml
2 ms. Memory: 880128K Free: 142543K (16%)
----------------- Invoking toplevel() on ptolemy.moml.MoMLSimpleApplication@12257f9f
----------------- Done invoking toplevel() on ptolemy.moml.MoMLSimpleApplication@12257f9f
reloadAllAccessors: .ConstraintMonitor4
----------------- testing Tue May 22 23:23:24 UTC 2018 /home/travis/build/icyphy/ptII/ptolemy/actor/lib/test/auto/ConstraintMonitor5.xml
----------------- Instantiating /home/travis/build/icyphy/ptII/ptolemy/actor/lib/test/auto/ConstraintMonitor5.xml
2 ms. Memory: 880128K Free: 132139K (15%)
----------------- Invoking toplevel() on ptolemy.moml.MoMLSimpleApplication@7984d7d9
----------------- Done invoking toplevel() on ptolemy.moml.MoMLSimpleApplication@7984d7d9
reloadAllAccessors: .ConstraintMonitor5
----------------- testing Tue May 22 23:23:24 UTC 2018 /home/travis/build/icyphy/ptII/ptolemy/actor/lib/test/auto/ConstraintMonitor6.xml
----------------- Instantiating /home/travis/build/icyphy/ptII/ptolemy/actor/lib/test/auto/ConstraintMonitor6.xml
10 ms. Memory: 880128K Free: 121735K (14%)
----------------- Invoking toplevel() on ptolemy.moml.MoMLSimpleApplication@712a67dd
----------------- Done invoking toplevel() on ptolemy.moml.MoMLSimpleApplication@712a67dd
reloadAllAccessors: .ConstraintMonitor6
----------------- testing Tue May 22 23:23:24 UTC 2018 /home/travis/build/icyphy/ptII/ptolemy/actor/lib/test/auto/ConstraintMonitor7.xml
----------------- Instantiating /home/travis/build/icyphy/ptII/ptolemy/actor/lib/test/auto/ConstraintMonitor7.xml
7 ms. Memory: 880128K Free: 111331K (13%)
----------------- Invoking toplevel() on ptolemy.moml.MoMLSimpleApplication@2869beed
----------------- Done invoking toplevel() on ptolemy.moml.MoMLSimpleApplication@2869beed
reloadAllAccessors: .ConstraintMonitor7
----------------- testing Tue May 22 23:23:24 UTC 2018 /home/travis/build/icyphy/ptII/ptolemy/actor/lib/test/auto/ConstraintMonitor8.xml
----------------- Instantiating /home/travis/build/icyphy/ptII/ptolemy/actor/lib/test/auto/ConstraintMonitor8.xml
8 ms. Memory: 880128K Free: 91643K (10%)
----------------- Invoking toplevel() on ptolemy.moml.MoMLSimpleApplication@45d33444
----------------- Done invoking toplevel() on ptolemy.moml.MoMLSimpleApplication@45d33444
reloadAllAccessors: .ConstraintMonitor8
----------------- testing Tue May 22 23:23:24 UTC 2018 /home/travis/build/icyphy/ptII/ptolemy/actor/lib/test/auto/Counter.xml
----------------- Instantiating /home/travis/build/icyphy/ptII/ptolemy/actor/lib/test/auto/Counter.xml
4 ms. Memory: 880128K Free: 81239K (9%)
----------------- Invoking toplevel() on ptolemy.moml.MoMLSimpleApplication@5b92dc84
----------------- Done invoking toplevel() on ptolemy.moml.MoMLSimpleApplication@5b92dc84
reloadAllAccessors: .Counter
----------------- testing Tue May 22 23:23:24 UTC 2018 /home/travis/build/icyphy/ptII/ptolemy/actor/lib/test/auto/CurrentTimeSDF.xml
----------------- Instantiating /home/travis/build/icyphy/ptII/ptolemy/actor/lib/test/auto/CurrentTimeSDF.xml
3 ms. Memory: 880128K Free: 70836K (8%)
----------------- Invoking toplevel() on ptolemy.moml.MoMLSimpleApplication@97b5b51
----------------- Done invoking toplevel() on ptolemy.moml.MoMLSimpleApplication@97b5b51
reloadAllAccessors: .CurrentTimeSDF
----------------- testing Tue May 22 23:23:24 UTC 2018 /home/travis/build/icyphy/ptII/ptolemy/actor/lib/test/auto/DB.xml
----------------- Instantiating /home/travis/build/icyphy/ptII/ptolemy/actor/lib/test/auto/DB.xml
3 ms. Memory: 880128K Free: 60432K (7%)
----------------- Invoking toplevel() on ptolemy.moml.MoMLSimpleApplication@212cb792
----------------- Done invoking toplevel() on ptolemy.moml.MoMLSimpleApplication@212cb792
reloadAllAccessors: .DB
----------------- testing Tue May 22 23:23:24 UTC 2018 /home/travis/build/icyphy/ptII/ptolemy/actor/lib/test/auto/DBDE.xml
----------------- Instantiating /home/travis/build/icyphy/ptII/ptolemy/actor/lib/test/auto/DBDE.xml
2 ms. Memory: 881152K Free: 824179K (94%)
----------------- Invoking toplevel() on ptolemy.moml.MoMLSimpleApplication@af1110c
----------------- Done invoking toplevel() on ptolemy.moml.MoMLSimpleApplication@af1110c
reloadAllAccessors: .DBDE
----------------- testing Tue May 22 23:23:24 UTC 2018 /home/travis/build/icyphy/ptII/ptolemy/actor/lib/test/auto/DateConstructor.xml
----------------- Instantiating /home/travis/build/icyphy/ptII/ptolemy/actor/lib/test/auto/DateConstructor.xml
16 ms. Memory: 881152K Free: 796435K (90%)
----------------- Invoking toplevel() on ptolemy.moml.MoMLSimpleApplication@3b0a43a5
----------------- Done invoking toplevel() on ptolemy.moml.MoMLSimpleApplication@3b0a43a5
reloadAllAccessors: .DateConstructor
----------------- testing Tue May 22 23:23:24 UTC 2018 /home/travis/build/icyphy/ptII/ptolemy/actor/lib/test/auto/DelayTime.xml
----------------- Instantiating /home/travis/build/icyphy/ptII/ptolemy/actor/lib/test/auto/DelayTime.xml
3 ms. Memory: 881152K Free: 786032K (89%)
----------------- Invoking toplevel() on ptolemy.moml.MoMLSimpleApplication@25ccf44f
----------------- Done invoking toplevel() on ptolemy.moml.MoMLSimpleApplication@25ccf44f
reloadAllAccessors: .DelayTime
----------------- testing Tue May 22 23:23:24 UTC 2018 /home/travis/build/icyphy/ptII/ptolemy/actor/lib/test/auto/Dictionary1.xml
----------------- Instantiating /home/travis/build/icyphy/ptII/ptolemy/actor/lib/test/auto/Dictionary1.xml
2 ms. Memory: 881152K Free: 775628K (88%)
----------------- Invoking toplevel() on ptolemy.moml.MoMLSimpleApplication@1809b998
----------------- Done invoking toplevel() on ptolemy.moml.MoMLSimpleApplication@1809b998
reloadAllAccessors: .Dictionary1
----------------- testing Tue May 22 23:23:24 UTC 2018 /home/travis/build/icyphy/ptII/ptolemy/actor/lib/test/auto/Dictionary2.xml
----------------- Instantiating /home/travis/build/icyphy/ptII/ptolemy/actor/lib/test/auto/Dictionary2.xml
4 ms. Memory: 881152K Free: 758409K (86%)
----------------- Invoking toplevel() on ptolemy.moml.MoMLSimpleApplication@764e6a71
----------------- Done invoking toplevel() on ptolemy.moml.MoMLSimpleApplication@764e6a71
reloadAllAccessors: .Dictionary2
----------------- testing Tue May 22 23:23:24 UTC 2018 /home/travis/build/icyphy/ptII/ptolemy/actor/lib/test/auto/Dictionary3.xml
----------------- Instantiating /home/travis/build/icyphy/ptII/ptolemy/actor/lib/test/auto/Dictionary3.xml
2 ms. Memory: 881152K Free: 748005K (85%)
----------------- Invoking toplevel() on ptolemy.moml.MoMLSimpleApplication@4f4922d1
----------------- Done invoking toplevel() on ptolemy.moml.MoMLSimpleApplication@4f4922d1
reloadAllAccessors: .Dictionary3
----------------- testing Tue May 22 23:23:24 UTC 2018 /home/travis/build/icyphy/ptII/ptolemy/actor/lib/test/auto/Dictionary4.xml
----------------- Instantiating /home/travis/build/icyphy/ptII/ptolemy/actor/lib/test/auto/Dictionary4.xml
3 ms. Memory: 881152K Free: 737601K (84%)
----------------- Invoking toplevel() on ptolemy.moml.MoMLSimpleApplication@4951e42d
----------------- Done invoking toplevel() on ptolemy.moml.MoMLSimpleApplication@4951e42d
reloadAllAccessors: .Dictionary4
----------------- testing Tue May 22 23:23:24 UTC 2018 /home/travis/build/icyphy/ptII/ptolemy/actor/lib/test/auto/Differential.xml
----------------- Instantiating /home/travis/build/icyphy/ptII/ptolemy/actor/lib/test/auto/Differential.xml
3 ms. Memory: 881152K Free: 720383K (82%)
----------------- Invoking toplevel() on ptolemy.moml.MoMLSimpleApplication@4561fd32
----------------- Done invoking toplevel() on ptolemy.moml.MoMLSimpleApplication@4561fd32
reloadAllAccessors: .Differential
----------------- testing Tue May 22 23:23:24 UTC 2018 /home/travis/build/icyphy/ptII/ptolemy/actor/lib/test/auto/Director.xml
----------------- Instantiating /home/travis/build/icyphy/ptII/ptolemy/actor/lib/test/auto/Director.xml
1 ms. Memory: 881152K Free: 709979K (81%)
----------------- Invoking toplevel() on ptolemy.moml.MoMLSimpleApplication@55800109
----------------- Done invoking toplevel() on ptolemy.moml.MoMLSimpleApplication@55800109
reloadAllAccessors: .Director
----------------- testing Tue May 22 23:23:24 UTC 2018 /home/travis/build/icyphy/ptII/ptolemy/actor/lib/test/auto/DiscreteClock.xml
----------------- Instantiating /home/travis/build/icyphy/ptII/ptolemy/actor/lib/test/auto/DiscreteClock.xml
1 ms. Memory: 881152K Free: 699575K (79%)
----------------- Invoking toplevel() on ptolemy.moml.MoMLSimpleApplication@4c49d515
----------------- Done invoking toplevel() on ptolemy.moml.MoMLSimpleApplication@4c49d515
reloadAllAccessors: .DiscreteClock
----------------- testing Tue May 22 23:23:24 UTC 2018 /home/travis/build/icyphy/ptII/ptolemy/actor/lib/test/auto/DiscreteClock10.xml
----------------- Instantiating /home/travis/build/icyphy/ptII/ptolemy/actor/lib/test/auto/DiscreteClock10.xml
4 ms. Memory: 881152K Free: 682356K (77%)
----------------- Invoking toplevel() on ptolemy.moml.MoMLSimpleApplication@6f104459
----------------- Done invoking toplevel() on ptolemy.moml.MoMLSimpleApplication@6f104459
reloadAllAccessors: .DiscreteClock10
----------------- testing Tue May 22 23:23:24 UTC 2018 /home/travis/build/icyphy/ptII/ptolemy/actor/lib/test/auto/DiscreteClock11.xml
----------------- Instantiating /home/travis/build/icyphy/ptII/ptolemy/actor/lib/test/auto/DiscreteClock11.xml
2 ms. Memory: 881152K Free: 671953K (76%)
----------------- Invoking toplevel() on ptolemy.moml.MoMLSimpleApplication@723256ef
----------------- Done invoking toplevel() on ptolemy.moml.MoMLSimpleApplication@723256ef
reloadAllAccessors: .DiscreteClock11
----------------- testing Tue May 22 23:23:24 UTC 2018 /home/travis/build/icyphy/ptII/ptolemy/actor/lib/test/auto/DiscreteClock12.xml
----------------- Instantiating /home/travis/build/icyphy/ptII/ptolemy/actor/lib/test/auto/DiscreteClock12.xml
3 ms. Memory: 881152K Free: 661549K (75%)
----------------- Invoking toplevel() on ptolemy.moml.MoMLSimpleApplication@4413e4e0
----------------- Done invoking toplevel() on ptolemy.moml.MoMLSimpleApplication@4413e4e0
reloadAllAccessors: .DiscreteClock12
----------------- testing Tue May 22 23:23:24 UTC 2018 /home/travis/build/icyphy/ptII/ptolemy/actor/lib/test/auto/DiscreteClock13.xml
----------------- Instantiating /home/travis/build/icyphy/ptII/ptolemy/actor/lib/test/auto/DiscreteClock13.xml
1 ms. Memory: 881152K Free: 644330K (73%)
----------------- Invoking toplevel() on ptolemy.moml.MoMLSimpleApplication@3c88f132
----------------- Done invoking toplevel() on ptolemy.moml.MoMLSimpleApplication@3c88f132
reloadAllAccessors: .DiscreteClock13
----------------- testing Tue May 22 23:23:24 UTC 2018 /home/travis/build/icyphy/ptII/ptolemy/actor/lib/test/auto/DiscreteClock14.xml
----------------- Instantiating /home/travis/build/icyphy/ptII/ptolemy/actor/lib/test/auto/DiscreteClock14.xml
1 ms. Memory: 881152K Free: 633926K (72%)
----------------- Invoking toplevel() on ptolemy.moml.MoMLSimpleApplication@5eb2c3
----------------- Done invoking toplevel() on ptolemy.moml.MoMLSimpleApplication@5eb2c3
reloadAllAccessors: .DiscreteClock14
----------------- testing Tue May 22 23:23:24 UTC 2018 /home/travis/build/icyphy/ptII/ptolemy/actor/lib/test/auto/DiscreteClock15.xml
----------------- Instantiating /home/travis/build/icyphy/ptII/ptolemy/actor/lib/test/auto/DiscreteClock15.xml
1 ms. Memory: 881152K Free: 623522K (71%)
----------------- Invoking toplevel() on ptolemy.moml.MoMLSimpleApplication@7ff43953
----------------- Done invoking toplevel() on ptolemy.moml.MoMLSimpleApplication@7ff43953
reloadAllAccessors: .DiscreteClock15
----------------- testing Tue May 22 23:23:24 UTC 2018 /home/travis/build/icyphy/ptII/ptolemy/actor/lib/test/auto/DiscreteClock16.xml
----------------- Instantiating /home/travis/build/icyphy/ptII/ptolemy/actor/lib/test/auto/DiscreteClock16.xml
9 ms. Memory: 881152K Free: 601086K (68%)
----------------- Invoking toplevel() on ptolemy.moml.MoMLSimpleApplication@19ae0513
----------------- Done invoking toplevel() on ptolemy.moml.MoMLSimpleApplication@19ae0513
reloadAllAccessors: .DiscreteClock16
----------------- testing Tue May 22 23:23:24 UTC 2018 /home/travis/build/icyphy/ptII/ptolemy/actor/lib/test/auto/DiscreteClock17.xml
----------------- Instantiating /home/travis/build/icyphy/ptII/ptolemy/actor/lib/test/auto/DiscreteClock17.xml
16 ms. Memory: 881152K Free: 585464K (66%)
----------------- Invoking toplevel() on ptolemy.moml.MoMLSimpleApplication@147b3f01
----------------- Done invoking toplevel() on ptolemy.moml.MoMLSimpleApplication@147b3f01
reloadAllAccessors: .DiscreteClock17
----------------- testing Tue May 22 23:23:24 UTC 2018 /home/travis/build/icyphy/ptII/ptolemy/actor/lib/test/auto/DiscreteClock18.xml
----------------- Instantiating /home/travis/build/icyphy/ptII/ptolemy/actor/lib/test/auto/DiscreteClock18.xml
12 ms. Memory: 881152K Free: 569850K (65%)
----------------- Invoking toplevel() on ptolemy.moml.MoMLSimpleApplication@64e5eb52
----------------- Done invoking toplevel() on ptolemy.moml.MoMLSimpleApplication@64e5eb52
reloadAllAccessors: .DiscreteClock18
----------------- testing Tue May 22 23:23:24 UTC 2018 /home/travis/build/icyphy/ptII/ptolemy/actor/lib/test/auto/DiscreteClock19.xml
----------------- Instantiating /home/travis/build/icyphy/ptII/ptolemy/actor/lib/test/auto/DiscreteClock19.xml
21 ms. Memory: 881152K Free: 547414K (62%)
----------------- Invoking toplevel() on ptolemy.moml.MoMLSimpleApplication@35c10570
----------------- Done invoking toplevel() on ptolemy.moml.MoMLSimpleApplication@35c10570
reloadAllAccessors: .DiscreteClock19
----------------- testing Tue May 22 23:23:24 UTC 2018 /home/travis/build/icyphy/ptII/ptolemy/actor/lib/test/auto/DiscreteClock2.xml
----------------- Instantiating /home/travis/build/icyphy/ptII/ptolemy/actor/lib/test/auto/DiscreteClock2.xml
5 ms. Memory: 881152K Free: 537010K (61%)
----------------- Invoking toplevel() on ptolemy.moml.MoMLSimpleApplication@2dd72958
----------------- Done invoking toplevel() on ptolemy.moml.MoMLSimpleApplication@2dd72958
reloadAllAccessors: .DiscreteClock2
----------------- testing Tue May 22 23:23:24 UTC 2018 /home/travis/build/icyphy/ptII/ptolemy/actor/lib/test/auto/DiscreteClock20.xml
----------------- Instantiating /home/travis/build/icyphy/ptII/ptolemy/actor/lib/test/auto/DiscreteClock20.xml
5 ms. Memory: 881152K Free: 526606K (60%)
----------------- Invoking toplevel() on ptolemy.moml.MoMLSimpleApplication@346151a6
----------------- Done invoking toplevel() on ptolemy.moml.MoMLSimpleApplication@346151a6
reloadAllAccessors: .DiscreteClock20
----------------- testing Tue May 22 23:23:24 UTC 2018 /home/travis/build/icyphy/ptII/ptolemy/actor/lib/test/auto/DiscreteClock21.xml
----------------- Instantiating /home/travis/build/icyphy/ptII/ptolemy/actor/lib/test/auto/DiscreteClock21.xml
8 ms. Memory: 881152K Free: 509387K (58%)
----------------- Invoking toplevel() on ptolemy.moml.MoMLSimpleApplication@5a94da71
----------------- Done invoking toplevel() on ptolemy.moml.MoMLSimpleApplication@5a94da71
reloadAllAccessors: .DiscreteClock21
----------------- testing Tue May 22 23:23:24 UTC 2018 /home/travis/build/icyphy/ptII/ptolemy/actor/lib/test/auto/DiscreteClock22.xml
----------------- Instantiating /home/travis/build/icyphy/ptII/ptolemy/actor/lib/test/auto/DiscreteClock22.xml
8 ms. Memory: 881152K Free: 498984K (57%)
----------------- Invoking toplevel() on ptolemy.moml.MoMLSimpleApplication@d679ede
----------------- Done invoking toplevel() on ptolemy.moml.MoMLSimpleApplication@d679ede
reloadAllAccessors: .DiscreteClock22
----------------- testing Tue May 22 23:23:24 UTC 2018 /home/travis/build/icyphy/ptII/ptolemy/actor/lib/test/auto/DiscreteClock23.xml
----------------- Instantiating /home/travis/build/icyphy/ptII/ptolemy/actor/lib/test/auto/DiscreteClock23.xml
11 ms. Memory: 881152K Free: 488580K (55%)
----------------- Invoking toplevel() on ptolemy.moml.MoMLSimpleApplication@77e291e
----------------- Done invoking toplevel() on ptolemy.moml.MoMLSimpleApplication@77e291e
reloadAllAccessors: .DiscreteClock23
----------------- testing Tue May 22 23:23:24 UTC 2018 /home/travis/build/icyphy/ptII/ptolemy/actor/lib/test/auto/DiscreteClock24.xml
----------------- Instantiating /home/travis/build/icyphy/ptII/ptolemy/actor/lib/test/auto/DiscreteClock24.xml
9 ms. Memory: 1367040K Free: 1306831K (96%)
----------------- Invoking toplevel() on ptolemy.moml.MoMLSimpleApplication@7376ce1b
----------------- Done invoking toplevel() on ptolemy.moml.MoMLSimpleApplication@7376ce1b
reloadAllAccessors: .DiscreteClock24
----------------- testing Tue May 22 23:23:25 UTC 2018 /home/travis/build/icyphy/ptII/ptolemy/actor/lib/test/auto/DiscreteClock4.xml
----------------- Instantiating /home/travis/build/icyphy/ptII/ptolemy/actor/lib/test/auto/DiscreteClock4.xml
4 ms. Memory: 1367040K Free: 1283437K (94%)
----------------- Invoking toplevel() on ptolemy.moml.MoMLSimpleApplication@2d36da91
----------------- Done invoking toplevel() on ptolemy.moml.MoMLSimpleApplication@2d36da91
reloadAllAccessors: .DiscreteClock4
----------------- testing Tue May 22 23:23:25 UTC 2018 /home/travis/build/icyphy/ptII/ptolemy/actor/lib/test/auto/DiscreteClock5.xml
----------------- Instantiating /home/travis/build/icyphy/ptII/ptolemy/actor/lib/test/auto/DiscreteClock5.xml
2 ms. Memory: 1367040K Free: 1270949K (93%)
----------------- Invoking toplevel() on ptolemy.moml.MoMLSimpleApplication@10d2e805
----------------- Done invoking toplevel() on ptolemy.moml.MoMLSimpleApplication@10d2e805
reloadAllAccessors: .DiscreteClock5
----------------- testing Tue May 22 23:23:25 UTC 2018 /home/travis/build/icyphy/ptII/ptolemy/actor/lib/test/auto/DiscreteClock6.xml
----------------- Instantiating /home/travis/build/icyphy/ptII/ptolemy/actor/lib/test/auto/DiscreteClock6.xml
2 ms. Memory: 1367040K Free: 1258461K (92%)
----------------- Invoking toplevel() on ptolemy.moml.MoMLSimpleApplication@567258ec
----------------- Done invoking toplevel() on ptolemy.moml.MoMLSimpleApplication@567258ec
reloadAllAccessors: .DiscreteClock6
----------------- testing Tue May 22 23:23:25 UTC 2018 /home/travis/build/icyphy/ptII/ptolemy/actor/lib/test/auto/DiscreteClock7.xml
----------------- Instantiating /home/travis/build/icyphy/ptII/ptolemy/actor/lib/test/auto/DiscreteClock7.xml
1 ms. Memory: 1367040K Free: 1245974K (91%)
----------------- Invoking toplevel() on ptolemy.moml.MoMLSimpleApplication@43635087
----------------- Done invoking toplevel() on ptolemy.moml.MoMLSimpleApplication@43635087
reloadAllAccessors: .DiscreteClock7
----------------- testing Tue May 22 23:23:25 UTC 2018 /home/travis/build/icyphy/ptII/ptolemy/actor/lib/test/auto/DiscreteClock8.xml
----------------- Instantiating /home/travis/build/icyphy/ptII/ptolemy/actor/lib/test/auto/DiscreteClock8.xml
7 ms. Memory: 1367040K Free: 1222580K (89%)
----------------- Invoking toplevel() on ptolemy.moml.MoMLSimpleApplication@13e6725b
----------------- Done invoking toplevel() on ptolemy.moml.MoMLSimpleApplication@13e6725b
reloadAllAccessors: .DiscreteClock8
----------------- testing Tue May 22 23:23:25 UTC 2018 /home/travis/build/icyphy/ptII/ptolemy/actor/lib/test/auto/DiscreteClock9.xml
----------------- Instantiating /home/travis/build/icyphy/ptII/ptolemy/actor/lib/test/auto/DiscreteClock9.xml
6 ms. Memory: 1367040K Free: 1210092K (89%)
----------------- Invoking toplevel() on ptolemy.moml.MoMLSimpleApplication@2e1eb6e3
----------------- Done invoking toplevel() on ptolemy.moml.MoMLSimpleApplication@2e1eb6e3
reloadAllAccessors: .DiscreteClock9
----------------- testing Tue May 22 23:23:25 UTC 2018 /home/travis/build/icyphy/ptII/ptolemy/actor/lib/test/auto/DisplayArray.xml
----------------- Instantiating /home/travis/build/icyphy/ptII/ptolemy/actor/lib/test/auto/DisplayArray.xml
3 ms. Memory: 1367040K Free: 1197605K (88%)
----------------- Invoking toplevel() on ptolemy.moml.MoMLSimpleApplication@696f3eb2
----------------- Done invoking toplevel() on ptolemy.moml.MoMLSimpleApplication@696f3eb2
reloadAllAccessors: .DisplayArray
----------------- testing Tue May 22 23:23:25 UTC 2018 /home/travis/build/icyphy/ptII/ptolemy/actor/lib/test/auto/Distributor.xml
----------------- Instantiating /home/travis/build/icyphy/ptII/ptolemy/actor/lib/test/auto/Distributor.xml
1 ms. Memory: 1367040K Free: 1185117K (87%)
----------------- Invoking toplevel() on ptolemy.moml.MoMLSimpleApplication@4baf64ec
----------------- Done invoking toplevel() on ptolemy.moml.MoMLSimpleApplication@4baf64ec
reloadAllAccessors: .Distributor
----------------- testing Tue May 22 23:23:25 UTC 2018 /home/travis/build/icyphy/ptII/ptolemy/actor/lib/test/auto/Distributor2.xml
----------------- Instantiating /home/travis/build/icyphy/ptII/ptolemy/actor/lib/test/auto/Distributor2.xml
1 ms. Memory: 1367040K Free: 1172629K (86%)
----------------- Invoking toplevel() on ptolemy.moml.MoMLSimpleApplication@7b8f9138
----------------- Done invoking toplevel() on ptolemy.moml.MoMLSimpleApplication@7b8f9138
reloadAllAccessors: .Distributor2
----------------- testing Tue May 22 23:23:25 UTC 2018 /home/travis/build/icyphy/ptII/ptolemy/actor/lib/test/auto/DownSample.xml
----------------- Instantiating /home/travis/build/icyphy/ptII/ptolemy/actor/lib/test/auto/DownSample.xml
1 ms. Memory: 1367040K Free: 1149235K (84%)
----------------- Invoking toplevel() on ptolemy.moml.MoMLSimpleApplication@1fa60d42
----------------- Done invoking toplevel() on ptolemy.moml.MoMLSimpleApplication@1fa60d42
reloadAllAccessors: .DownSample
----------------- testing Tue May 22 23:23:25 UTC 2018 /home/travis/build/icyphy/ptII/ptolemy/actor/lib/test/auto/ElectronicUnitBase1.xml
----------------- Instantiating /home/travis/build/icyphy/ptII/ptolemy/actor/lib/test/auto/ElectronicUnitBase1.xml
20 ms. Memory: 1367040K Free: 1124243K (82%)
----------------- Invoking toplevel() on ptolemy.moml.MoMLSimpleApplication@53a0a284
----------------- Done invoking toplevel() on ptolemy.moml.MoMLSimpleApplication@53a0a284
reloadAllAccessors: .ElectronicUnitBase1
----------------- testing Tue May 22 23:23:25 UTC 2018 /home/travis/build/icyphy/ptII/ptolemy/actor/lib/test/auto/ElementsToArray.xml
----------------- Instantiating /home/travis/build/icyphy/ptII/ptolemy/actor/lib/test/auto/ElementsToArray.xml
4 ms. Memory: 1367040K Free: 1111755K (81%)
----------------- Invoking toplevel() on ptolemy.moml.MoMLSimpleApplication@596c224e
----------------- Done invoking toplevel() on ptolemy.moml.MoMLSimpleApplication@596c224e
reloadAllAccessors: .ElementsToArray
----------------- testing Tue May 22 23:23:25 UTC 2018 /home/travis/build/icyphy/ptII/ptolemy/actor/lib/test/auto/Equals.xml
----------------- Instantiating /home/travis/build/icyphy/ptII/ptolemy/actor/lib/test/auto/Equals.xml
4 ms. Memory: 1367040K Free: 1099268K (80%)
----------------- Invoking toplevel() on ptolemy.moml.MoMLSimpleApplication@1b988b0b
----------------- Done invoking toplevel() on ptolemy.moml.MoMLSimpleApplication@1b988b0b
reloadAllAccessors: .Equals
----------------- testing Tue May 22 23:23:25 UTC 2018 /home/travis/build/icyphy/ptII/ptolemy/actor/lib/test/auto/Exec.xml
----------------- Instantiating /home/travis/build/icyphy/ptII/ptolemy/actor/lib/test/auto/Exec.xml
11 ms. Memory: 1367040K Free: 1068048K (78%)
----------------- Invoking toplevel() on ptolemy.moml.MoMLSimpleApplication@4f7c0d35
----------------- Done invoking toplevel() on ptolemy.moml.MoMLSimpleApplication@4f7c0d35
reloadAllAccessors: .Exec
----------------- testing Tue May 22 23:23:25 UTC 2018 /home/travis/build/icyphy/ptII/ptolemy/actor/lib/test/auto/ExecEnvironment.xml
----------------- Instantiating /home/travis/build/icyphy/ptII/ptolemy/actor/lib/test/auto/ExecEnvironment.xml
21 ms. Memory: 1367040K Free: 1038410K (76%)
----------------- Invoking toplevel() on ptolemy.moml.MoMLSimpleApplication@52f1da82
----------------- Done invoking toplevel() on ptolemy.moml.MoMLSimpleApplication@52f1da82
reloadAllAccessors: .ExecEnvironment
----------------- testing Tue May 22 23:23:25 UTC 2018 /home/travis/build/icyphy/ptII/ptolemy/actor/lib/test/auto/ExecNonZeroReturnOutput.xml
----------------- Instantiating /home/travis/build/icyphy/ptII/ptolemy/actor/lib/test/auto/ExecNonZeroReturnOutput.xml
126 ms. Memory: 1367040K Free: 944752K (69%)
----------------- Invoking toplevel() on ptolemy.moml.MoMLSimpleApplication@5c7bee68
----------------- Done invoking toplevel() on ptolemy.moml.MoMLSimpleApplication@5c7bee68
reloadAllAccessors: .ExecNonZeroReturnOutput
----------------- testing Tue May 22 23:23:25 UTC 2018 /home/travis/build/icyphy/ptII/ptolemy/actor/lib/test/auto/ExecRunDemos.xml
----------------- Instantiating /home/travis/build/icyphy/ptII/ptolemy/actor/lib/test/auto/ExecRunDemos.xml
Finished: 40 ms. Memory: 116224K Free: 100789K (87%)

Finished: 32 ms. Memory: 116224K Free: 98294K (85%)

Finished: 52 ms. Memory: 116224K Free: 98342K (85%)

Finished: 40 ms. Memory: 116224K Free: 99536K (86%)

Finished: 38 ms. Memory: 116224K Free: 100780K (87%)

9149 ms. Memory: 1367040K Free: 857308K (63%)
----------------- Invoking toplevel() on ptolemy.moml.MoMLSimpleApplication@3c7ff72
----------------- Done invoking toplevel() on ptolemy.moml.MoMLSimpleApplication@3c7ff72
reloadAllAccessors: .ExecRunDemos
----------------- testing Tue May 22 23:23:35 UTC 2018 /home/travis/build/icyphy/ptII/ptolemy/actor/lib/test/auto/ExecStop.xml
----------------- Instantiating /home/travis/build/icyphy/ptII/ptolemy/actor/lib/test/auto/ExecStop.xml
5013 ms. Memory: 1367040K Free: 676235K (49%)
----------------- Invoking toplevel() on ptolemy.moml.MoMLSimpleApplication@47c8a5db
----------------- Done invoking toplevel() on ptolemy.moml.MoMLSimpleApplication@47c8a5db
reloadAllAccessors: .ExecStop
----------------- testing Tue May 22 23:23:40 UTC 2018 /home/travis/build/icyphy/ptII/ptolemy/actor/lib/test/auto/ExecutionTimePN.xml
----------------- Instantiating /home/travis/build/icyphy/ptII/ptolemy/actor/lib/test/auto/ExecutionTimePN.xml
2007 ms. Memory: 1367040K Free: 613780K (45%)
----------------- Invoking toplevel() on ptolemy.moml.MoMLSimpleApplication@19fb48cf
----------------- Done invoking toplevel() on ptolemy.moml.MoMLSimpleApplication@19fb48cf
reloadAllAccessors: .ExecutionTimePN
----------------- testing Tue May 22 23:23:42 UTC 2018 /home/travis/build/icyphy/ptII/ptolemy/actor/lib/test/auto/ExecutionTimeSDF.xml
----------------- Instantiating /home/travis/build/icyphy/ptII/ptolemy/actor/lib/test/auto/ExecutionTimeSDF.xml
6003 ms. Memory: 1367040K Free: 584127K (43%)
----------------- Invoking toplevel() on ptolemy.moml.MoMLSimpleApplication@2b5be3b5
----------------- Done invoking toplevel() on ptolemy.moml.MoMLSimpleApplication@2b5be3b5
reloadAllAccessors: .ExecutionTimeSDF
----------------- testing Tue May 22 23:23:48 UTC 2018 /home/travis/build/icyphy/ptII/ptolemy/actor/lib/test/auto/Expression1.xml
----------------- Instantiating /home/travis/build/icyphy/ptII/ptolemy/actor/lib/test/auto/Expression1.xml
2 ms. Memory: 1367040K Free: 571639K (42%)
----------------- Invoking toplevel() on ptolemy.moml.MoMLSimpleApplication@2ded1275
----------------- Done invoking toplevel() on ptolemy.moml.MoMLSimpleApplication@2ded1275
reloadAllAccessors: .Expression1
----------------- testing Tue May 22 23:23:48 UTC 2018 /home/travis/build/icyphy/ptII/ptolemy/actor/lib/test/auto/Expression10.xml
----------------- Instantiating /home/travis/build/icyphy/ptII/ptolemy/actor/lib/test/auto/Expression10.xml
5 ms. Memory: 1367040K Free: 559151K (41%)
----------------- Invoking toplevel() on ptolemy.moml.MoMLSimpleApplication@6f410048
----------------- Done invoking toplevel() on ptolemy.moml.MoMLSimpleApplication@6f410048
reloadAllAccessors: .Expression10
----------------- testing Tue May 22 23:23:48 UTC 2018 /home/travis/build/icyphy/ptII/ptolemy/actor/lib/test/auto/Expression11.xml
----------------- Instantiating /home/travis/build/icyphy/ptII/ptolemy/actor/lib/test/auto/Expression11.xml
2 ms. Memory: 1367040K Free: 546663K (40%)
----------------- Invoking toplevel() on ptolemy.moml.MoMLSimpleApplication@27780799
----------------- Done invoking toplevel() on ptolemy.moml.MoMLSimpleApplication@27780799
reloadAllAccessors: .Expression11
----------------- testing Tue May 22 23:23:48 UTC 2018 /home/travis/build/icyphy/ptII/ptolemy/actor/lib/test/auto/Expression12.xml
----------------- Instantiating /home/travis/build/icyphy/ptII/ptolemy/actor/lib/test/auto/Expression12.xml
3 ms. Memory: 1367040K Free: 534176K (39%)
----------------- Invoking toplevel() on ptolemy.moml.MoMLSimpleApplication@2a82c570
----------------- Done invoking toplevel() on ptolemy.moml.MoMLSimpleApplication@2a82c570
reloadAllAccessors: .Expression12
----------------- testing Tue May 22 23:23:48 UTC 2018 /home/travis/build/icyphy/ptII/ptolemy/actor/lib/test/auto/Expression13.xml
----------------- Instantiating /home/travis/build/icyphy/ptII/ptolemy/actor/lib/test/auto/Expression13.xml
4 ms. Memory: 1367040K Free: 510782K (37%)
----------------- Invoking toplevel() on ptolemy.moml.MoMLSimpleApplication@472bc0b4
----------------- Done invoking toplevel() on ptolemy.moml.MoMLSimpleApplication@472bc0b4
reloadAllAccessors: .Expression13
----------------- testing Tue May 22 23:23:48 UTC 2018 /home/travis/build/icyphy/ptII/ptolemy/actor/lib/test/auto/Expression14.xml
----------------- Instantiating /home/travis/build/icyphy/ptII/ptolemy/actor/lib/test/auto/Expression14.xml
5 ms. Memory: 1367040K Free: 498294K (36%)
----------------- Invoking toplevel() on ptolemy.moml.MoMLSimpleApplication@59860e41
----------------- Done invoking toplevel() on ptolemy.moml.MoMLSimpleApplication@59860e41
reloadAllAccessors: .Expression14
----------------- testing Tue May 22 23:23:48 UTC 2018 /home/travis/build/icyphy/ptII/ptolemy/actor/lib/test/auto/Expression15.xml
----------------- Instantiating /home/travis/build/icyphy/ptII/ptolemy/actor/lib/test/auto/Expression15.xml
2 ms. Memory: 1367040K Free: 485807K (36%)
----------------- Invoking toplevel() on ptolemy.moml.MoMLSimpleApplication@a697063
----------------- Done invoking toplevel() on ptolemy.moml.MoMLSimpleApplication@a697063
reloadAllAccessors: .Expression15
----------------- testing Tue May 22 23:23:48 UTC 2018 /home/travis/build/icyphy/ptII/ptolemy/actor/lib/test/auto/Expression16.xml
----------------- Instantiating /home/travis/build/icyphy/ptII/ptolemy/actor/lib/test/auto/Expression16.xml
5 ms. Memory: 1367040K Free: 473319K (35%)
----------------- Invoking toplevel() on ptolemy.moml.MoMLSimpleApplication@5207deb2
----------------- Done invoking toplevel() on ptolemy.moml.MoMLSimpleApplication@5207deb2
reloadAllAccessors: .Expression16
----------------- testing Tue May 22 23:23:48 UTC 2018 /home/travis/build/icyphy/ptII/ptolemy/actor/lib/test/auto/Expression17.xml
----------------- Instantiating /home/travis/build/icyphy/ptII/ptolemy/actor/lib/test/auto/Expression17.xml
3 ms. Memory: 1367040K Free: 460831K (34%)
----------------- Invoking toplevel() on ptolemy.moml.MoMLSimpleApplication@2eb3e2c7
----------------- Done invoking toplevel() on ptolemy.moml.MoMLSimpleApplication@2eb3e2c7
reloadAllAccessors: .Expression17
----------------- testing Tue May 22 23:23:48 UTC 2018 /home/travis/build/icyphy/ptII/ptolemy/actor/lib/test/auto/Expression18.xml
----------------- Instantiating /home/travis/build/icyphy/ptII/ptolemy/actor/lib/test/auto/Expression18.xml
3 ms. Memory: 1367040K Free: 429320K (31%)
----------------- Invoking toplevel() on ptolemy.moml.MoMLSimpleApplication@6872521b
----------------- Done invoking toplevel() on ptolemy.moml.MoMLSimpleApplication@6872521b
reloadAllAccessors: .Expression18
----------------- testing Tue May 22 23:23:48 UTC 2018 /home/travis/build/icyphy/ptII/ptolemy/actor/lib/test/auto/Expression2.xml
----------------- Instantiating /home/travis/build/icyphy/ptII/ptolemy/actor/lib/test/auto/Expression2.xml
5 ms. Memory: 1367040K Free: 416832K (30%)
----------------- Invoking toplevel() on ptolemy.moml.MoMLSimpleApplication@23685a31
----------------- Done invoking toplevel() on ptolemy.moml.MoMLSimpleApplication@23685a31
reloadAllAccessors: .Expression2
----------------- testing Tue May 22 23:23:48 UTC 2018 /home/travis/build/icyphy/ptII/ptolemy/actor/lib/test/auto/Expression3.xml
----------------- Instantiating /home/travis/build/icyphy/ptII/ptolemy/actor/lib/test/auto/Expression3.xml
6 ms. Memory: 1367040K Free: 404345K (30%)
----------------- Invoking toplevel() on ptolemy.moml.MoMLSimpleApplication@55100901
----------------- Done invoking toplevel() on ptolemy.moml.MoMLSimpleApplication@55100901
reloadAllAccessors: .Expression3
----------------- testing Tue May 22 23:23:48 UTC 2018 /home/travis/build/icyphy/ptII/ptolemy/actor/lib/test/auto/Expression4.xml
----------------- Instantiating /home/travis/build/icyphy/ptII/ptolemy/actor/lib/test/auto/Expression4.xml
7 ms. Memory: 1367040K Free: 391857K (29%)
----------------- Invoking toplevel() on ptolemy.moml.MoMLSimpleApplication@23cd8b9b
----------------- Done invoking toplevel() on ptolemy.moml.MoMLSimpleApplication@23cd8b9b
reloadAllAccessors: .Expression4
----------------- testing Tue May 22 23:23:48 UTC 2018 /home/travis/build/icyphy/ptII/ptolemy/actor/lib/test/auto/Expression5.xml
----------------- Instantiating /home/travis/build/icyphy/ptII/ptolemy/actor/lib/test/auto/Expression5.xml
5 ms. Memory: 1367040K Free: 368463K (27%)
----------------- Invoking toplevel() on ptolemy.moml.MoMLSimpleApplication@3e7338f5
----------------- Done invoking toplevel() on ptolemy.moml.MoMLSimpleApplication@3e7338f5
reloadAllAccessors: .Expression5
----------------- testing Tue May 22 23:23:48 UTC 2018 /home/travis/build/icyphy/ptII/ptolemy/actor/lib/test/auto/Expression6.xml
----------------- Instantiating /home/travis/build/icyphy/ptII/ptolemy/actor/lib/test/auto/Expression6.xml
2 ms. Memory: 1367040K Free: 355975K (26%)
----------------- Invoking toplevel() on ptolemy.moml.MoMLSimpleApplication@6edf52f6
----------------- Done invoking toplevel() on ptolemy.moml.MoMLSimpleApplication@6edf52f6
reloadAllAccessors: .Expression6
----------------- testing Tue May 22 23:23:48 UTC 2018 /home/travis/build/icyphy/ptII/ptolemy/actor/lib/test/auto/Expression7.xml
----------------- Instantiating /home/travis/build/icyphy/ptII/ptolemy/actor/lib/test/auto/Expression7.xml
3 ms. Memory: 1367040K Free: 343488K (25%)
----------------- Invoking toplevel() on ptolemy.moml.MoMLSimpleApplication@2a31f5bf
----------------- Done invoking toplevel() on ptolemy.moml.MoMLSimpleApplication@2a31f5bf
reloadAllAccessors: .Expression7
----------------- testing Tue May 22 23:23:48 UTC 2018 /home/travis/build/icyphy/ptII/ptolemy/actor/lib/test/auto/Expression8.xml
----------------- Instantiating /home/travis/build/icyphy/ptII/ptolemy/actor/lib/test/auto/Expression8.xml
4 ms. Memory: 1367040K Free: 331000K (24%)
----------------- Invoking toplevel() on ptolemy.moml.MoMLSimpleApplication@4b0895aa
----------------- Done invoking toplevel() on ptolemy.moml.MoMLSimpleApplication@4b0895aa
reloadAllAccessors: .Expression8
----------------- testing Tue May 22 23:23:48 UTC 2018 /home/travis/build/icyphy/ptII/ptolemy/actor/lib/test/auto/Expression9.xml
----------------- Instantiating /home/travis/build/icyphy/ptII/ptolemy/actor/lib/test/auto/Expression9.xml
1 ms. Memory: 1367040K Free: 318512K (23%)
----------------- Invoking toplevel() on ptolemy.moml.MoMLSimpleApplication@37edb010
----------------- Done invoking toplevel() on ptolemy.moml.MoMLSimpleApplication@37edb010
reloadAllAccessors: .Expression9
----------------- testing Tue May 22 23:23:48 UTC 2018 /home/travis/build/icyphy/ptII/ptolemy/actor/lib/test/auto/ExpressionConcatenateArrayType.xml
----------------- Instantiating /home/travis/build/icyphy/ptII/ptolemy/actor/lib/test/auto/ExpressionConcatenateArrayType.xml
3 ms. Memory: 1367040K Free: 295119K (22%)
----------------- Invoking toplevel() on ptolemy.moml.MoMLSimpleApplication@a7d9c55
----------------- Done invoking toplevel() on ptolemy.moml.MoMLSimpleApplication@a7d9c55
reloadAllAccessors: .ExpressionConcatenateArrayType
----------------- testing Tue May 22 23:23:48 UTC 2018 /home/travis/build/icyphy/ptII/ptolemy/actor/lib/test/auto/ExpressionConcatenateArrayType2.xml
----------------- Instantiating /home/travis/build/icyphy/ptII/ptolemy/actor/lib/test/auto/ExpressionConcatenateArrayType2.xml
2 ms. Memory: 1367040K Free: 282631K (21%)
----------------- Invoking toplevel() on ptolemy.moml.MoMLSimpleApplication@6ff07dd2
----------------- Done invoking toplevel() on ptolemy.moml.MoMLSimpleApplication@6ff07dd2
reloadAllAccessors: .ExpressionConcatenateArrayType2
----------------- testing Tue May 22 23:23:48 UTC 2018 /home/travis/build/icyphy/ptII/ptolemy/actor/lib/test/auto/ExpressionFix.xml
----------------- Instantiating /home/travis/build/icyphy/ptII/ptolemy/actor/lib/test/auto/ExpressionFix.xml
14 ms. Memory: 1367040K Free: 270143K (20%)
----------------- Invoking toplevel() on ptolemy.moml.MoMLSimpleApplication@758c3586
----------------- Done invoking toplevel() on ptolemy.moml.MoMLSimpleApplication@758c3586
reloadAllAccessors: .ExpressionFix
----------------- testing Tue May 22 23:23:48 UTC 2018 /home/travis/build/icyphy/ptII/ptolemy/actor/lib/test/auto/ExpressionFix2.xml
----------------- Instantiating /home/travis/build/icyphy/ptII/ptolemy/actor/lib/test/auto/ExpressionFix2.xml
6 ms. Memory: 1367040K Free: 257655K (19%)
----------------- Invoking toplevel() on ptolemy.moml.MoMLSimpleApplication@7155e860
----------------- Done invoking toplevel() on ptolemy.moml.MoMLSimpleApplication@7155e860
reloadAllAccessors: .ExpressionFix2
----------------- testing Tue May 22 23:23:48 UTC 2018 /home/travis/build/icyphy/ptII/ptolemy/actor/lib/test/auto/ExpressionFix3.xml
----------------- Instantiating /home/travis/build/icyphy/ptII/ptolemy/actor/lib/test/auto/ExpressionFix3.xml
3 ms. Memory: 1367040K Free: 245168K (18%)
----------------- Invoking toplevel() on ptolemy.moml.MoMLSimpleApplication@7dac4c08
----------------- Done invoking toplevel() on ptolemy.moml.MoMLSimpleApplication@7dac4c08
reloadAllAccessors: .ExpressionFix3
----------------- testing Tue May 22 23:23:48 UTC 2018 /home/travis/build/icyphy/ptII/ptolemy/actor/lib/test/auto/FileWriter1.xml
----------------- Instantiating /home/travis/build/icyphy/ptII/ptolemy/actor/lib/test/auto/FileWriter1.xml
2 ms. Memory: 1367040K Free: 221774K (16%)
----------------- Invoking toplevel() on ptolemy.moml.MoMLSimpleApplication@326f126f
----------------- Done invoking toplevel() on ptolemy.moml.MoMLSimpleApplication@326f126f
reloadAllAccessors: .FileWriter1
----------------- testing Tue May 22 23:23:48 UTC 2018 /home/travis/build/icyphy/ptII/ptolemy/actor/lib/test/auto/FileWriter2.xml
----------------- Instantiating /home/travis/build/icyphy/ptII/ptolemy/actor/lib/test/auto/FileWriter2.xml
3 ms. Memory: 1367040K Free: 209286K (15%)
----------------- Invoking toplevel() on ptolemy.moml.MoMLSimpleApplication@53e88d14
----------------- Done invoking toplevel() on ptolemy.moml.MoMLSimpleApplication@53e88d14
reloadAllAccessors: .FileWriter2
----------------- testing Tue May 22 23:23:48 UTC 2018 /home/travis/build/icyphy/ptII/ptolemy/actor/lib/test/auto/FileWriter3.xml
----------------- Instantiating /home/travis/build/icyphy/ptII/ptolemy/actor/lib/test/auto/FileWriter3.xml
3 ms. Memory: 1367040K Free: 196798K (14%)
----------------- Invoking toplevel() on ptolemy.moml.MoMLSimpleApplication@50868a5d
----------------- Done invoking toplevel() on ptolemy.moml.MoMLSimpleApplication@50868a5d
reloadAllAccessors: .FileWriter3
----------------- testing Tue May 22 23:23:48 UTC 2018 /home/travis/build/icyphy/ptII/ptolemy/actor/lib/test/auto/Gaussian.xml
----------------- Instantiating /home/travis/build/icyphy/ptII/ptolemy/actor/lib/test/auto/Gaussian.xml
3 ms. Memory: 1367040K Free: 184311K (13%)
----------------- Invoking toplevel() on ptolemy.moml.MoMLSimpleApplication@fdeccbd
----------------- Done invoking toplevel() on ptolemy.moml.MoMLSimpleApplication@fdeccbd
reloadAllAccessors: .Gaussian
----------------- testing Tue May 22 23:23:48 UTC 2018 /home/travis/build/icyphy/ptII/ptolemy/actor/lib/test/auto/Gaussian1.xml
----------------- Instantiating /home/travis/build/icyphy/ptII/ptolemy/actor/lib/test/auto/Gaussian1.xml
7 ms. Memory: 1367040K Free: 171823K (13%)
----------------- Invoking toplevel() on ptolemy.moml.MoMLSimpleApplication@78a32261
----------------- Done invoking toplevel() on ptolemy.moml.MoMLSimpleApplication@78a32261
reloadAllAccessors: .Gaussian1
----------------- testing Tue May 22 23:23:48 UTC 2018 /home/travis/build/icyphy/ptII/ptolemy/actor/lib/test/auto/Gaussian2.xml
----------------- Instantiating /home/travis/build/icyphy/ptII/ptolemy/actor/lib/test/auto/Gaussian2.xml
3 ms. Memory: 1367040K Free: 148429K (11%)
----------------- Invoking toplevel() on ptolemy.moml.MoMLSimpleApplication@7636f635
----------------- Done invoking toplevel() on ptolemy.moml.MoMLSimpleApplication@7636f635
reloadAllAccessors: .Gaussian2
----------------- testing Tue May 22 23:23:48 UTC 2018 /home/travis/build/icyphy/ptII/ptolemy/actor/lib/test/auto/GradientAdaptiveLattice.xml
----------------- Instantiating /home/travis/build/icyphy/ptII/ptolemy/actor/lib/test/auto/GradientAdaptiveLattice.xml
3 ms. Memory: 1367040K Free: 135941K (10%)
----------------- Invoking toplevel() on ptolemy.moml.MoMLSimpleApplication@60600162
----------------- Done invoking toplevel() on ptolemy.moml.MoMLSimpleApplication@60600162
reloadAllAccessors: .GradientAdaptiveLattice
----------------- testing Tue May 22 23:23:48 UTC 2018 /home/travis/build/icyphy/ptII/ptolemy/actor/lib/test/auto/IIR.xml
----------------- Instantiating /home/travis/build/icyphy/ptII/ptolemy/actor/lib/test/auto/IIR.xml
2 ms. Memory: 1367040K Free: 123453K (9%)
----------------- Invoking toplevel() on ptolemy.moml.MoMLSimpleApplication@181c955f
----------------- Done invoking toplevel() on ptolemy.moml.MoMLSimpleApplication@181c955f
reloadAllAccessors: .IIR
----------------- testing Tue May 22 23:23:48 UTC 2018 /home/travis/build/icyphy/ptII/ptolemy/actor/lib/test/auto/InputOutputTransparentPorts.xml
----------------- Instantiating /home/travis/build/icyphy/ptII/ptolemy/actor/lib/test/auto/InputOutputTransparentPorts.xml
4 ms. Memory: 1367040K Free: 110965K (8%)
----------------- Invoking toplevel() on ptolemy.moml.MoMLSimpleApplication@12f291e0
----------------- Done invoking toplevel() on ptolemy.moml.MoMLSimpleApplication@12f291e0
reloadAllAccessors: .InputOutputTransparentPorts
----------------- testing Tue May 22 23:23:48 UTC 2018 /home/travis/build/icyphy/ptII/ptolemy/actor/lib/test/auto/Interpolator.xml
----------------- Instantiating /home/travis/build/icyphy/ptII/ptolemy/actor/lib/test/auto/Interpolator.xml
5 ms. Memory: 1367040K Free: 98478K (7%)
----------------- Invoking toplevel() on ptolemy.moml.MoMLSimpleApplication@11a96655
----------------- Done invoking toplevel() on ptolemy.moml.MoMLSimpleApplication@11a96655
reloadAllAccessors: .Interpolator
----------------- testing Tue May 22 23:23:48 UTC 2018 /home/travis/build/icyphy/ptII/ptolemy/actor/lib/test/auto/InterpolatorFiringLimitDE.xml
----------------- Instantiating /home/travis/build/icyphy/ptII/ptolemy/actor/lib/test/auto/InterpolatorFiringLimitDE.xml
7 ms. Memory: 1367040K Free: 1325323K (97%)
----------------- Invoking toplevel() on ptolemy.moml.MoMLSimpleApplication@3b2f36eb
----------------- Done invoking toplevel() on ptolemy.moml.MoMLSimpleApplication@3b2f36eb
reloadAllAccessors: .InterpolatorFiringLimitDE
----------------- testing Tue May 22 23:23:48 UTC 2018 /home/travis/build/icyphy/ptII/ptolemy/actor/lib/test/auto/Lattice.xml
----------------- Instantiating /home/travis/build/icyphy/ptII/ptolemy/actor/lib/test/auto/Lattice.xml
1 ms. Memory: 1367040K Free: 1304283K (95%)
----------------- Invoking toplevel() on ptolemy.moml.MoMLSimpleApplication@349b4eae
----------------- Done invoking toplevel() on ptolemy.moml.MoMLSimpleApplication@349b4eae
reloadAllAccessors: .Lattice
----------------- testing Tue May 22 23:23:48 UTC 2018 /home/travis/build/icyphy/ptII/ptolemy/actor/lib/test/auto/LazyAOCTestLazy.xml
----------------- Instantiating /home/travis/build/icyphy/ptII/ptolemy/actor/lib/test/auto/LazyAOCTestLazy.xml
16 ms. Memory: 1367040K Free: 1294292K (95%)
----------------- Invoking toplevel() on ptolemy.moml.MoMLSimpleApplication@4e31c60f
----------------- Done invoking toplevel() on ptolemy.moml.MoMLSimpleApplication@4e31c60f
reloadAllAccessors: .LazyAOCTestLazy
----------------- testing Tue May 22 23:23:49 UTC 2018 /home/travis/build/icyphy/ptII/ptolemy/actor/lib/test/auto/LazyAOCTestNonLazy.xml
----------------- Instantiating /home/travis/build/icyphy/ptII/ptolemy/actor/lib/test/auto/LazyAOCTestNonLazy.xml
10 ms. Memory: 1367040K Free: 1284302K (94%)
----------------- Invoking toplevel() on ptolemy.moml.MoMLSimpleApplication@3c8df211
----------------- Done invoking toplevel() on ptolemy.moml.MoMLSimpleApplication@3c8df211
reloadAllAccessors: .LazyAOCTestNonLazy
----------------- testing Tue May 22 23:23:49 UTC 2018 /home/travis/build/icyphy/ptII/ptolemy/actor/lib/test/auto/LazyInnerClass.xml
----------------- Instantiating /home/travis/build/icyphy/ptII/ptolemy/actor/lib/test/auto/LazyInnerClass.xml
28 ms. Memory: 1367040K Free: 1266383K (93%)
----------------- Invoking toplevel() on ptolemy.moml.MoMLSimpleApplication@21f26f15
----------------- Done invoking toplevel() on ptolemy.moml.MoMLSimpleApplication@21f26f15
reloadAllAccessors: .LazyInnerClass
----------------- testing Tue May 22 23:23:49 UTC 2018 /home/travis/build/icyphy/ptII/ptolemy/actor/lib/test/auto/LazyPubSub.xml
----------------- Instantiating /home/travis/build/icyphy/ptII/ptolemy/actor/lib/test/auto/LazyPubSub.xml
26 ms. Memory: 1367040K Free: 1251382K (92%)
----------------- Invoking toplevel() on ptolemy.moml.MoMLSimpleApplication@64d70318
----------------- Done invoking toplevel() on ptolemy.moml.MoMLSimpleApplication@64d70318
reloadAllAccessors: .LazyPubSub
----------------- testing Tue May 22 23:23:49 UTC 2018 /home/travis/build/icyphy/ptII/ptolemy/actor/lib/test/auto/LazyPubSub2.xml
----------------- Instantiating /home/travis/build/icyphy/ptII/ptolemy/actor/lib/test/auto/LazyPubSub2.xml
12 ms. Memory: 1367040K Free: 1236271K (90%)
----------------- Invoking toplevel() on ptolemy.moml.MoMLSimpleApplication@21b53316
----------------- Done invoking toplevel() on ptolemy.moml.MoMLSimpleApplication@21b53316
reloadAllAccessors: .LazyPubSub2
----------------- testing Tue May 22 23:23:49 UTC 2018 /home/travis/build/icyphy/ptII/ptolemy/actor/lib/test/auto/LazyPubSub3.xml
----------------- Instantiating /home/travis/build/icyphy/ptII/ptolemy/actor/lib/test/auto/LazyPubSub3.xml
15 ms. Memory: 1367040K Free: 1213357K (89%)
----------------- Invoking toplevel() on ptolemy.moml.MoMLSimpleApplication@3e61f945
----------------- Done invoking toplevel() on ptolemy.moml.MoMLSimpleApplication@3e61f945
reloadAllAccessors: .LazyPubSub3
----------------- testing Tue May 22 23:23:49 UTC 2018 /home/travis/build/icyphy/ptII/ptolemy/actor/lib/test/auto/LazySubClassModel.xml
----------------- Instantiating /home/travis/build/icyphy/ptII/ptolemy/actor/lib/test/auto/LazySubClassModel.xml
1 ms. Memory: 1367040K Free: 1198355K (88%)
----------------- Invoking toplevel() on ptolemy.moml.MoMLSimpleApplication@1503d041
----------------- Done invoking toplevel() on ptolemy.moml.MoMLSimpleApplication@1503d041
reloadAllAccessors: .LazySubClassModel
----------------- testing Tue May 22 23:23:49 UTC 2018 /home/travis/build/icyphy/ptII/ptolemy/actor/lib/test/auto/LevelCrossTest1.xml
----------------- Instantiating /home/travis/build/icyphy/ptII/ptolemy/actor/lib/test/auto/LevelCrossTest1.xml
1 ms. Memory: 1367040K Free: 1188365K (87%)
----------------- Invoking toplevel() on ptolemy.moml.MoMLSimpleApplication@2c5f560b
----------------- Done invoking toplevel() on ptolemy.moml.MoMLSimpleApplication@2c5f560b
reloadAllAccessors: .broken
----------------- testing Tue May 22 23:23:49 UTC 2018 /home/travis/build/icyphy/ptII/ptolemy/actor/lib/test/auto/LevelCrossTest10.xml
----------------- Instantiating /home/travis/build/icyphy/ptII/ptolemy/actor/lib/test/auto/LevelCrossTest10.xml
1 ms. Memory: 1367040K Free: 1173379K (86%)
----------------- Invoking toplevel() on ptolemy.moml.MoMLSimpleApplication@7a857b04
----------------- Done invoking toplevel() on ptolemy.moml.MoMLSimpleApplication@7a857b04
reloadAllAccessors: .LevelCrossTest10
----------------- testing Tue May 22 23:23:49 UTC 2018 /home/travis/build/icyphy/ptII/ptolemy/actor/lib/test/auto/LevelCrossTest11.xml
----------------- Instantiating /home/travis/build/icyphy/ptII/ptolemy/actor/lib/test/auto/LevelCrossTest11.xml
1 ms. Memory: 1367040K Free: 1150465K (84%)
----------------- Invoking toplevel() on ptolemy.moml.MoMLSimpleApplication@7291ca6f
----------------- Done invoking toplevel() on ptolemy.moml.MoMLSimpleApplication@7291ca6f
reloadAllAccessors: .LevelCrossTest11
----------------- testing Tue May 22 23:23:49 UTC 2018 /home/travis/build/icyphy/ptII/ptolemy/actor/lib/test/auto/LevelCrossTest12.xml
----------------- Instantiating /home/travis/build/icyphy/ptII/ptolemy/actor/lib/test/auto/LevelCrossTest12.xml
1 ms. Memory: 1367040K Free: 1140475K (83%)
----------------- Invoking toplevel() on ptolemy.moml.MoMLSimpleApplication@6c67f1c9
----------------- Done invoking toplevel() on ptolemy.moml.MoMLSimpleApplication@6c67f1c9
reloadAllAccessors: .LevelCrossTest12
----------------- testing Tue May 22 23:23:49 UTC 2018 /home/travis/build/icyphy/ptII/ptolemy/actor/lib/test/auto/LevelCrossTest13.xml
----------------- Instantiating /home/travis/build/icyphy/ptII/ptolemy/actor/lib/test/auto/LevelCrossTest13.xml
2 ms. Memory: 1367040K Free: 1125473K (82%)
----------------- Invoking toplevel() on ptolemy.moml.MoMLSimpleApplication@657e1c31
----------------- Done invoking toplevel() on ptolemy.moml.MoMLSimpleApplication@657e1c31
reloadAllAccessors: .LevelCrossTest13
----------------- testing Tue May 22 23:23:49 UTC 2018 /home/travis/build/icyphy/ptII/ptolemy/actor/lib/test/auto/LevelCrossTest2.xml
----------------- Instantiating /home/travis/build/icyphy/ptII/ptolemy/actor/lib/test/auto/LevelCrossTest2.xml
1 ms. Memory: 1367040K Free: 1107554K (81%)
----------------- Invoking toplevel() on ptolemy.moml.MoMLSimpleApplication@316663a
----------------- Done invoking toplevel() on ptolemy.moml.MoMLSimpleApplication@316663a
reloadAllAccessors: .broken
----------------- testing Tue May 22 23:23:49 UTC 2018 /home/travis/build/icyphy/ptII/ptolemy/actor/lib/test/auto/LevelCrossTest3.xml
----------------- Instantiating /home/travis/build/icyphy/ptII/ptolemy/actor/lib/test/auto/LevelCrossTest3.xml
1 ms. Memory: 1367040K Free: 1097564K (80%)
----------------- Invoking toplevel() on ptolemy.moml.MoMLSimpleApplication@753264fe
----------------- Done invoking toplevel() on ptolemy.moml.MoMLSimpleApplication@753264fe
reloadAllAccessors: .LevelCrossTest3
----------------- testing Tue May 22 23:23:49 UTC 2018 /home/travis/build/icyphy/ptII/ptolemy/actor/lib/test/auto/LevelCrossTest4.xml
----------------- Instantiating /home/travis/build/icyphy/ptII/ptolemy/actor/lib/test/auto/LevelCrossTest4.xml
2 ms. Memory: 1367040K Free: 1087574K (80%)
----------------- Invoking toplevel() on ptolemy.moml.MoMLSimpleApplication@7d56eceb
----------------- Done invoking toplevel() on ptolemy.moml.MoMLSimpleApplication@7d56eceb
reloadAllAccessors: .broken
----------------- testing Tue May 22 23:23:49 UTC 2018 /home/travis/build/icyphy/ptII/ptolemy/actor/lib/test/auto/LevelCrossTest5.xml
----------------- Instantiating /home/travis/build/icyphy/ptII/ptolemy/actor/lib/test/auto/LevelCrossTest5.xml
2 ms. Memory: 1367040K Free: 1072573K (78%)
----------------- Invoking toplevel() on ptolemy.moml.MoMLSimpleApplication@317e0851
----------------- Done invoking toplevel() on ptolemy.moml.MoMLSimpleApplication@317e0851
reloadAllAccessors: .LevelCrossTest5
----------------- testing Tue May 22 23:23:49 UTC 2018 /home/travis/build/icyphy/ptII/ptolemy/actor/lib/test/auto/LevelCrossTest6.xml
----------------- Instantiating /home/travis/build/icyphy/ptII/ptolemy/actor/lib/test/auto/LevelCrossTest6.xml
2 ms. Memory: 1367040K Free: 1054654K (77%)
----------------- Invoking toplevel() on ptolemy.moml.MoMLSimpleApplication@41bb400b
----------------- Done invoking toplevel() on ptolemy.moml.MoMLSimpleApplication@41bb400b
reloadAllAccessors: .LevelCrossTest6
----------------- testing Tue May 22 23:23:49 UTC 2018 /home/travis/build/icyphy/ptII/ptolemy/actor/lib/test/auto/LevelCrossTest7.xml
----------------- Instantiating /home/travis/build/icyphy/ptII/ptolemy/actor/lib/test/auto/LevelCrossTest7.xml
2 ms. Memory: 1367040K Free: 1039661K (76%)
----------------- Invoking toplevel() on ptolemy.moml.MoMLSimpleApplication@5ea3e978
----------------- Done invoking toplevel() on ptolemy.moml.MoMLSimpleApplication@5ea3e978
reloadAllAccessors: .LevelCrossTest7
----------------- testing Tue May 22 23:23:49 UTC 2018 /home/travis/build/icyphy/ptII/ptolemy/actor/lib/test/auto/LevelCrossTest8.xml
----------------- Instantiating /home/travis/build/icyphy/ptII/ptolemy/actor/lib/test/auto/LevelCrossTest8.xml
1 ms. Memory: 1367040K Free: 1029670K (75%)
----------------- Invoking toplevel() on ptolemy.moml.MoMLSimpleApplication@33a02405
----------------- Done invoking toplevel() on ptolemy.moml.MoMLSimpleApplication@33a02405
reloadAllAccessors: .LevelCrossTest8
----------------- testing Tue May 22 23:23:49 UTC 2018 /home/travis/build/icyphy/ptII/ptolemy/actor/lib/test/auto/LevelCrossTest9.xml
----------------- Instantiating /home/travis/build/icyphy/ptII/ptolemy/actor/lib/test/auto/LevelCrossTest9.xml
1 ms. Memory: 1367040K Free: 1006749K (74%)
----------------- Invoking toplevel() on ptolemy.moml.MoMLSimpleApplication@256bd44e
----------------- Done invoking toplevel() on ptolemy.moml.MoMLSimpleApplication@256bd44e
reloadAllAccessors: .LevelCrossTest9
----------------- testing Tue May 22 23:23:49 UTC 2018 /home/travis/build/icyphy/ptII/ptolemy/actor/lib/test/auto/LevinsonDurbin.xml
----------------- Instantiating /home/travis/build/icyphy/ptII/ptolemy/actor/lib/test/auto/LevinsonDurbin.xml
2 ms. Memory: 1367040K Free: 996758K (73%)
----------------- Invoking toplevel() on ptolemy.moml.MoMLSimpleApplication@5f894912
----------------- Done invoking toplevel() on ptolemy.moml.MoMLSimpleApplication@5f894912
reloadAllAccessors: .LevinsonDurbin
----------------- testing Tue May 22 23:23:49 UTC 2018 /home/travis/build/icyphy/ptII/ptolemy/actor/lib/test/auto/LevinsonDurbin2.xml
----------------- Instantiating /home/travis/build/icyphy/ptII/ptolemy/actor/lib/test/auto/LevinsonDurbin2.xml
1 ms. Memory: 1367040K Free: 986768K (72%)
----------------- Invoking toplevel() on ptolemy.moml.MoMLSimpleApplication@160864c0
----------------- Done invoking toplevel() on ptolemy.moml.MoMLSimpleApplication@160864c0
reloadAllAccessors: .LevinsonDurbin2
----------------- testing Tue May 22 23:23:49 UTC 2018 /home/travis/build/icyphy/ptII/ptolemy/actor/lib/test/auto/LevinsonDurbin3.xml
----------------- Instantiating /home/travis/build/icyphy/ptII/ptolemy/actor/lib/test/auto/LevinsonDurbin3.xml
2 ms. Memory: 1367040K Free: 976778K (71%)
----------------- Invoking toplevel() on ptolemy.moml.MoMLSimpleApplication@21ae0aa3
----------------- Done invoking toplevel() on ptolemy.moml.MoMLSimpleApplication@21ae0aa3
reloadAllAccessors: .LevinsonDurbin3
----------------- testing Tue May 22 23:23:49 UTC 2018 /home/travis/build/icyphy/ptII/ptolemy/actor/lib/test/auto/Limiter.xml
----------------- Instantiating /home/travis/build/icyphy/ptII/ptolemy/actor/lib/test/auto/Limiter.xml
3 ms. Memory: 1367040K Free: 953848K (70%)
----------------- Invoking toplevel() on ptolemy.moml.MoMLSimpleApplication@298da7fb
----------------- Done invoking toplevel() on ptolemy.moml.MoMLSimpleApplication@298da7fb
reloadAllAccessors: .Limiter
----------------- testing Tue May 22 23:23:49 UTC 2018 /home/travis/build/icyphy/ptII/ptolemy/actor/lib/test/auto/LinearDifferenceEquationSystem.xml
----------------- Instantiating /home/travis/build/icyphy/ptII/ptolemy/actor/lib/test/auto/LinearDifferenceEquationSystem.xml
3 ms. Memory: 1367040K Free: 938863K (69%)
----------------- Invoking toplevel() on ptolemy.moml.MoMLSimpleApplication@a0db1e0
----------------- Done invoking toplevel() on ptolemy.moml.MoMLSimpleApplication@a0db1e0
reloadAllAccessors: .LinearDifferenceEquationSystem
----------------- testing Tue May 22 23:23:49 UTC 2018 /home/travis/build/icyphy/ptII/ptolemy/actor/lib/test/auto/LookupTable.xml
----------------- Instantiating /home/travis/build/icyphy/ptII/ptolemy/actor/lib/test/auto/LookupTable.xml
2 ms. Memory: 1367040K Free: 928872K (68%)
----------------- Invoking toplevel() on ptolemy.moml.MoMLSimpleApplication@53ae3b34
----------------- Done invoking toplevel() on ptolemy.moml.MoMLSimpleApplication@53ae3b34
reloadAllAccessors: .LookupTable
----------------- testing Tue May 22 23:23:49 UTC 2018 /home/travis/build/icyphy/ptII/ptolemy/actor/lib/test/auto/MathFunction.xml
----------------- Instantiating /home/travis/build/icyphy/ptII/ptolemy/actor/lib/test/auto/MathFunction.xml
2 ms. Memory: 1367040K Free: 905942K (66%)
----------------- Invoking toplevel() on ptolemy.moml.MoMLSimpleApplication@62a43b4e
----------------- Done invoking toplevel() on ptolemy.moml.MoMLSimpleApplication@62a43b4e
reloadAllAccessors: .MathFunction
----------------- testing Tue May 22 23:23:49 UTC 2018 /home/travis/build/icyphy/ptII/ptolemy/actor/lib/test/auto/MathFunction2.xml
----------------- Instantiating /home/travis/build/icyphy/ptII/ptolemy/actor/lib/test/auto/MathFunction2.xml
2 ms. Memory: 1367040K Free: 895952K (66%)
----------------- Invoking toplevel() on ptolemy.moml.MoMLSimpleApplication@5428bd21
----------------- Done invoking toplevel() on ptolemy.moml.MoMLSimpleApplication@5428bd21
reloadAllAccessors: .MathFunction2
----------------- testing Tue May 22 23:23:49 UTC 2018 /home/travis/build/icyphy/ptII/ptolemy/actor/lib/test/auto/MathFunction3.xml
----------------- Instantiating /home/travis/build/icyphy/ptII/ptolemy/actor/lib/test/auto/MathFunction3.xml
2 ms. Memory: 1367040K Free: 880951K (64%)
----------------- Invoking toplevel() on ptolemy.moml.MoMLSimpleApplication@51d39852
----------------- Done invoking toplevel() on ptolemy.moml.MoMLSimpleApplication@51d39852
reloadAllAccessors: .MathFunction3
----------------- testing Tue May 22 23:23:49 UTC 2018 /home/travis/build/icyphy/ptII/ptolemy/actor/lib/test/auto/MatrixCropBoolean.xml
----------------- Instantiating /home/travis/build/icyphy/ptII/ptolemy/actor/lib/test/auto/MatrixCropBoolean.xml
2 ms. Memory: 1367040K Free: 863032K (63%)
----------------- Invoking toplevel() on ptolemy.moml.MoMLSimpleApplication@19de1828
----------------- Done invoking toplevel() on ptolemy.moml.MoMLSimpleApplication@19de1828
reloadAllAccessors: .MatrixCropBoolean
----------------- testing Tue May 22 23:23:49 UTC 2018 /home/travis/build/icyphy/ptII/ptolemy/actor/lib/test/auto/MatrixCropComplex.xml
----------------- Instantiating /home/travis/build/icyphy/ptII/ptolemy/actor/lib/test/auto/MatrixCropComplex.xml
2 ms. Memory: 1367040K Free: 853042K (62%)
----------------- Invoking toplevel() on ptolemy.moml.MoMLSimpleApplication@6d696e86
----------------- Done invoking toplevel() on ptolemy.moml.MoMLSimpleApplication@6d696e86
reloadAllAccessors: .MatrixCropComplex
----------------- testing Tue May 22 23:23:49 UTC 2018 /home/travis/build/icyphy/ptII/ptolemy/actor/lib/test/auto/MatrixCropDouble.xml
----------------- Instantiating /home/travis/build/icyphy/ptII/ptolemy/actor/lib/test/auto/MatrixCropDouble.xml
2 ms. Memory: 1367040K Free: 843052K (62%)
----------------- Invoking toplevel() on ptolemy.moml.MoMLSimpleApplication@31543eaa
----------------- Done invoking toplevel() on ptolemy.moml.MoMLSimpleApplication@31543eaa
reloadAllAccessors: .MatrixCropDouble
----------------- testing Tue May 22 23:23:49 UTC 2018 /home/travis/build/icyphy/ptII/ptolemy/actor/lib/test/auto/MatrixCropFix.xml
----------------- Instantiating /home/travis/build/icyphy/ptII/ptolemy/actor/lib/test/auto/MatrixCropFix.xml
1 ms. Memory: 1367040K Free: 833061K (61%)
----------------- Invoking toplevel() on ptolemy.moml.MoMLSimpleApplication@2ebc9e72
----------------- Done invoking toplevel() on ptolemy.moml.MoMLSimpleApplication@2ebc9e72
reloadAllAccessors: .MatrixCropFix
----------------- testing Tue May 22 23:23:49 UTC 2018 /home/travis/build/icyphy/ptII/ptolemy/actor/lib/test/auto/MatrixCropInt.xml
----------------- Instantiating /home/travis/build/icyphy/ptII/ptolemy/actor/lib/test/auto/MatrixCropInt.xml
1 ms. Memory: 1367040K Free: 815143K (60%)
----------------- Invoking toplevel() on ptolemy.moml.MoMLSimpleApplication@15bdd746
----------------- Done invoking toplevel() on ptolemy.moml.MoMLSimpleApplication@15bdd746
reloadAllAccessors: .MatrixCropInt
----------------- testing Tue May 22 23:23:49 UTC 2018 /home/travis/build/icyphy/ptII/ptolemy/actor/lib/test/auto/MatrixCropLong.xml
----------------- Instantiating /home/travis/build/icyphy/ptII/ptolemy/actor/lib/test/auto/MatrixCropLong.xml
2 ms. Memory: 1367040K Free: 805152K (59%)
----------------- Invoking toplevel() on ptolemy.moml.MoMLSimpleApplication@6193eb6f
----------------- Done invoking toplevel() on ptolemy.moml.MoMLSimpleApplication@6193eb6f
reloadAllAccessors: .MatrixCropLong
----------------- testing Tue May 22 23:23:49 UTC 2018 /home/travis/build/icyphy/ptII/ptolemy/actor/lib/test/auto/MatrixToArray.xml
----------------- Instantiating /home/travis/build/icyphy/ptII/ptolemy/actor/lib/test/auto/MatrixToArray.xml
4 ms. Memory: 1367040K Free: 785156K (57%)
----------------- Invoking toplevel() on ptolemy.moml.MoMLSimpleApplication@768d21d7
----------------- Done invoking toplevel() on ptolemy.moml.MoMLSimpleApplication@768d21d7
reloadAllAccessors: .MatrixToArray
----------------- testing Tue May 22 23:23:49 UTC 2018 /home/travis/build/icyphy/ptII/ptolemy/actor/lib/test/auto/MaxIndex.xml
----------------- Instantiating /home/travis/build/icyphy/ptII/ptolemy/actor/lib/test/auto/MaxIndex.xml
2 ms. Memory: 1367040K Free: 767238K (56%)
----------------- Invoking toplevel() on ptolemy.moml.MoMLSimpleApplication@2d594a2a
----------------- Done invoking toplevel() on ptolemy.moml.MoMLSimpleApplication@2d594a2a
reloadAllAccessors: .MaxIndex
----------------- testing Tue May 22 23:23:49 UTC 2018 /home/travis/build/icyphy/ptII/ptolemy/actor/lib/test/auto/Maximum.xml
----------------- Instantiating /home/travis/build/icyphy/ptII/ptolemy/actor/lib/test/auto/Maximum.xml
2 ms. Memory: 1367040K Free: 757247K (55%)
----------------- Invoking toplevel() on ptolemy.moml.MoMLSimpleApplication@19082da2
----------------- Done invoking toplevel() on ptolemy.moml.MoMLSimpleApplication@19082da2
reloadAllAccessors: .Maximum
----------------- testing Tue May 22 23:23:49 UTC 2018 /home/travis/build/icyphy/ptII/ptolemy/actor/lib/test/auto/MaximumComplex.xml
----------------- Instantiating /home/travis/build/icyphy/ptII/ptolemy/actor/lib/test/auto/MaximumComplex.xml
3 ms. Memory: 1367040K Free: 747257K (55%)
----------------- Invoking toplevel() on ptolemy.moml.MoMLSimpleApplication@68e774f4
----------------- Done invoking toplevel() on ptolemy.moml.MoMLSimpleApplication@68e774f4
reloadAllAccessors: .MaximumComplex
----------------- testing Tue May 22 23:23:49 UTC 2018 /home/travis/build/icyphy/ptII/ptolemy/actor/lib/test/auto/MethodCallTest.xml
----------------- Instantiating /home/travis/build/icyphy/ptII/ptolemy/actor/lib/test/auto/MethodCallTest.xml
2 ms. Memory: 1367040K Free: 724327K (53%)
----------------- Invoking toplevel() on ptolemy.moml.MoMLSimpleApplication@35de55ee
----------------- Done invoking toplevel() on ptolemy.moml.MoMLSimpleApplication@35de55ee
reloadAllAccessors: .MethodCallTest
----------------- testing Tue May 22 23:23:49 UTC 2018 /home/travis/build/icyphy/ptII/ptolemy/actor/lib/test/auto/Minimum.xml
----------------- Instantiating /home/travis/build/icyphy/ptII/ptolemy/actor/lib/test/auto/Minimum.xml
2 ms. Memory: 1367040K Free: 714337K (52%)
----------------- Invoking toplevel() on ptolemy.moml.MoMLSimpleApplication@63f05b12
----------------- Done invoking toplevel() on ptolemy.moml.MoMLSimpleApplication@63f05b12
reloadAllAccessors: .Minimum
----------------- testing Tue May 22 23:23:49 UTC 2018 /home/travis/build/icyphy/ptII/ptolemy/actor/lib/test/auto/MinimumComplex.xml
----------------- Instantiating /home/travis/build/icyphy/ptII/ptolemy/actor/lib/test/auto/MinimumComplex.xml
2 ms. Memory: 1367040K Free: 704347K (52%)
----------------- Invoking toplevel() on ptolemy.moml.MoMLSimpleApplication@5bfb09d1
----------------- Done invoking toplevel() on ptolemy.moml.MoMLSimpleApplication@5bfb09d1
reloadAllAccessors: .MinimumComplex
----------------- testing Tue May 22 23:23:49 UTC 2018 /home/travis/build/icyphy/ptII/ptolemy/actor/lib/test/auto/MinimumMultiports.xml
----------------- Instantiating /home/travis/build/icyphy/ptII/ptolemy/actor/lib/test/auto/MinimumMultiports.xml
4 ms. Memory: 1367040K Free: 689362K (50%)
----------------- Invoking toplevel() on ptolemy.moml.MoMLSimpleApplication@24b1f888
----------------- Done invoking toplevel() on ptolemy.moml.MoMLSimpleApplication@24b1f888
reloadAllAccessors: .MinimumMultiports
----------------- testing Tue May 22 23:23:49 UTC 2018 /home/travis/build/icyphy/ptII/ptolemy/actor/lib/test/auto/ModifyDate.xml
----------------- Instantiating /home/travis/build/icyphy/ptII/ptolemy/actor/lib/test/auto/ModifyDate.xml
4 ms. Memory: 1367040K Free: 661437K (48%)
----------------- Invoking toplevel() on ptolemy.moml.MoMLSimpleApplication@5c90ed04
----------------- Done invoking toplevel() on ptolemy.moml.MoMLSimpleApplication@5c90ed04
reloadAllAccessors: .ModifyDate
----------------- testing Tue May 22 23:23:50 UTC 2018 /home/travis/build/icyphy/ptII/ptolemy/actor/lib/test/auto/ModifyDate2.xml
----------------- Instantiating /home/travis/build/icyphy/ptII/ptolemy/actor/lib/test/auto/ModifyDate2.xml
2 ms. Memory: 1367040K Free: 646452K (47%)
----------------- Invoking toplevel() on ptolemy.moml.MoMLSimpleApplication@5cf13149
----------------- Done invoking toplevel() on ptolemy.moml.MoMLSimpleApplication@5cf13149
reloadAllAccessors: .ModifyDate2
----------------- testing Tue May 22 23:23:50 UTC 2018 /home/travis/build/icyphy/ptII/ptolemy/actor/lib/test/auto/MovingAverage.xml
----------------- Instantiating /home/travis/build/icyphy/ptII/ptolemy/actor/lib/test/auto/MovingAverage.xml
2 ms. Memory: 1367040K Free: 636461K (47%)
----------------- Invoking toplevel() on ptolemy.moml.MoMLSimpleApplication@65dd3bc3
----------------- Done invoking toplevel() on ptolemy.moml.MoMLSimpleApplication@65dd3bc3
reloadAllAccessors: .MovingAverage
----------------- testing Tue May 22 23:23:50 UTC 2018 /home/travis/build/icyphy/ptII/ptolemy/actor/lib/test/auto/MovingMaximum.xml
----------------- Instantiating /home/travis/build/icyphy/ptII/ptolemy/actor/lib/test/auto/MovingMaximum.xml
2 ms. Memory: 1367040K Free: 618543K (45%)
----------------- Invoking toplevel() on ptolemy.moml.MoMLSimpleApplication@5f066754
----------------- Done invoking toplevel() on ptolemy.moml.MoMLSimpleApplication@5f066754
reloadAllAccessors: .MovingMaximum
----------------- testing Tue May 22 23:23:50 UTC 2018 /home/travis/build/icyphy/ptII/ptolemy/actor/lib/test/auto/MultipleLinksToSameRelation.xml
----------------- Instantiating /home/travis/build/icyphy/ptII/ptolemy/actor/lib/test/auto/MultipleLinksToSameRelation.xml
2 ms. Memory: 1367040K Free: 608553K (45%)
----------------- Invoking toplevel() on ptolemy.moml.MoMLSimpleApplication@d72ac09
----------------- Done invoking toplevel() on ptolemy.moml.MoMLSimpleApplication@d72ac09
reloadAllAccessors: .MultipleLinksToSameRelation
----------------- testing Tue May 22 23:23:50 UTC 2018 /home/travis/build/icyphy/ptII/ptolemy/actor/lib/test/auto/MultipleLinksToSameRelationDE.xml
----------------- Instantiating /home/travis/build/icyphy/ptII/ptolemy/actor/lib/test/auto/MultipleLinksToSameRelationDE.xml
1 ms. Memory: 1367040K Free: 598562K (44%)
----------------- Invoking toplevel() on ptolemy.moml.MoMLSimpleApplication@22322bc4
----------------- Done invoking toplevel() on ptolemy.moml.MoMLSimpleApplication@22322bc4
reloadAllAccessors: .MultipleLinksToSameRelationDE
----------------- testing Tue May 22 23:23:50 UTC 2018 /home/travis/build/icyphy/ptII/ptolemy/actor/lib/test/auto/Multiplexor.xml
----------------- Instantiating /home/travis/build/icyphy/ptII/ptolemy/actor/lib/test/auto/Multiplexor.xml
2 ms. Memory: 1367040K Free: 588572K (43%)
----------------- Invoking toplevel() on ptolemy.moml.MoMLSimpleApplication@4b7ee192
----------------- Done invoking toplevel() on ptolemy.moml.MoMLSimpleApplication@4b7ee192
reloadAllAccessors: .Multiplexor
----------------- testing Tue May 22 23:23:50 UTC 2018 /home/travis/build/icyphy/ptII/ptolemy/actor/lib/test/auto/Multiplexor1.xml
----------------- Instantiating /home/travis/build/icyphy/ptII/ptolemy/actor/lib/test/auto/Multiplexor1.xml
2 ms. Memory: 1367040K Free: 570653K (42%)
----------------- Invoking toplevel() on ptolemy.moml.MoMLSimpleApplication@541c2c7a
----------------- Done invoking toplevel() on ptolemy.moml.MoMLSimpleApplication@541c2c7a
reloadAllAccessors: .Multiplexor1
----------------- testing Tue May 22 23:23:50 UTC 2018 /home/travis/build/icyphy/ptII/ptolemy/actor/lib/test/auto/Multiplexor2.xml
----------------- Instantiating /home/travis/build/icyphy/ptII/ptolemy/actor/lib/test/auto/Multiplexor2.xml
3 ms. Memory: 1367040K Free: 560663K (41%)
----------------- Invoking toplevel() on ptolemy.moml.MoMLSimpleApplication@257617d5
----------------- Done invoking toplevel() on ptolemy.moml.MoMLSimpleApplication@257617d5
reloadAllAccessors: .Multiplexor2
----------------- testing Tue May 22 23:23:50 UTC 2018 /home/travis/build/icyphy/ptII/ptolemy/actor/lib/test/auto/Multiplexor3.xml
----------------- Instantiating /home/travis/build/icyphy/ptII/ptolemy/actor/lib/test/auto/Multiplexor3.xml
2 ms. Memory: 1367040K Free: 550673K (40%)
----------------- Invoking toplevel() on ptolemy.moml.MoMLSimpleApplication@17d56c60
----------------- Done invoking toplevel() on ptolemy.moml.MoMLSimpleApplication@17d56c60
reloadAllAccessors: .Multiplexor3
----------------- testing Tue May 22 23:23:50 UTC 2018 /home/travis/build/icyphy/ptII/ptolemy/actor/lib/test/auto/MultiplexorDE.xml
----------------- Instantiating /home/travis/build/icyphy/ptII/ptolemy/actor/lib/test/auto/MultiplexorDE.xml
2 ms. Memory: 1367040K Free: 527743K (39%)
----------------- Invoking toplevel() on ptolemy.moml.MoMLSimpleApplication@65e8d530
----------------- Done invoking toplevel() on ptolemy.moml.MoMLSimpleApplication@65e8d530
reloadAllAccessors: .MultiplexorDE
----------------- testing Tue May 22 23:23:50 UTC 2018 /home/travis/build/icyphy/ptII/ptolemy/actor/lib/test/auto/MultiportBroadcastTest.xml
----------------- Instantiating /home/travis/build/icyphy/ptII/ptolemy/actor/lib/test/auto/MultiportBroadcastTest.xml
73 ms. Memory: 1367040K Free: 517753K (38%)
----------------- Invoking toplevel() on ptolemy.moml.MoMLSimpleApplication@600f24b0
----------------- Done invoking toplevel() on ptolemy.moml.MoMLSimpleApplication@600f24b0
reloadAllAccessors: .MultiportBroadcastTest
----------------- testing Tue May 22 23:23:50 UTC 2018 /home/travis/build/icyphy/ptII/ptolemy/actor/lib/test/auto/MultiportOutHangDuringGetWidth.xml
----------------- Instantiating /home/travis/build/icyphy/ptII/ptolemy/actor/lib/test/auto/MultiportOutHangDuringGetWidth.xml
5 ms. Memory: 1367040K Free: 497765K (36%)
----------------- Invoking toplevel() on ptolemy.moml.MoMLSimpleApplication@320f9b06
----------------- Done invoking toplevel() on ptolemy.moml.MoMLSimpleApplication@320f9b06
reloadAllAccessors: .MultiportOutHangDuringGetWidth
----------------- testing Tue May 22 23:23:50 UTC 2018 /home/travis/build/icyphy/ptII/ptolemy/actor/lib/test/auto/NilToken.xml
----------------- Instantiating /home/travis/build/icyphy/ptII/ptolemy/actor/lib/test/auto/NilToken.xml
1 ms. Memory: 1367040K Free: 479846K (35%)
----------------- Invoking toplevel() on ptolemy.moml.MoMLSimpleApplication@2027b72d
----------------- Done invoking toplevel() on ptolemy.moml.MoMLSimpleApplication@2027b72d
reloadAllAccessors: .NilToken
----------------- testing Tue May 22 23:23:50 UTC 2018 /home/travis/build/icyphy/ptII/ptolemy/actor/lib/test/auto/NilTokenNonStrictTest.xml
----------------- Instantiating /home/travis/build/icyphy/ptII/ptolemy/actor/lib/test/auto/NilTokenNonStrictTest.xml
1 ms. Memory: 1367040K Free: 469856K (34%)
----------------- Invoking toplevel() on ptolemy.moml.MoMLSimpleApplication@4a062d83
----------------- Done invoking toplevel() on ptolemy.moml.MoMLSimpleApplication@4a062d83
reloadAllAccessors: .NilTokenNonStrictTest
----------------- testing Tue May 22 23:23:50 UTC 2018 /home/travis/build/icyphy/ptII/ptolemy/actor/lib/test/auto/NilTokenRecord.xml
----------------- Instantiating /home/travis/build/icyphy/ptII/ptolemy/actor/lib/test/auto/NilTokenRecord.xml
4 ms. Memory: 1367040K Free: 459866K (34%)
----------------- Invoking toplevel() on ptolemy.moml.MoMLSimpleApplication@7c8381b0
----------------- Done invoking toplevel() on ptolemy.moml.MoMLSimpleApplication@7c8381b0
reloadAllAccessors: .NilTokenRecord
----------------- testing Tue May 22 23:23:50 UTC 2018 /home/travis/build/icyphy/ptII/ptolemy/actor/lib/test/auto/NilTokenTypeTest.xml
----------------- Instantiating /home/travis/build/icyphy/ptII/ptolemy/actor/lib/test/auto/NilTokenTypeTest.xml
3 ms. Memory: 1367040K Free: 444880K (33%)
----------------- Invoking toplevel() on ptolemy.moml.MoMLSimpleApplication@2725f9cd
----------------- Done invoking toplevel() on ptolemy.moml.MoMLSimpleApplication@2725f9cd
reloadAllAccessors: .NilTokenTypeTest
----------------- testing Tue May 22 23:23:50 UTC 2018 /home/travis/build/icyphy/ptII/ptolemy/actor/lib/test/auto/ObjectToken1.xml
----------------- Instantiating /home/travis/build/icyphy/ptII/ptolemy/actor/lib/test/auto/ObjectToken1.xml
2 ms. Memory: 1367040K Free: 426962K (31%)
----------------- Invoking toplevel() on ptolemy.moml.MoMLSimpleApplication@26ba1430
----------------- Done invoking toplevel() on ptolemy.moml.MoMLSimpleApplication@26ba1430
reloadAllAccessors: .ObjectToken1
----------------- testing Tue May 22 23:23:50 UTC 2018 /home/travis/build/icyphy/ptII/ptolemy/actor/lib/test/auto/OrderedMerge.xml
----------------- Instantiating /home/travis/build/icyphy/ptII/ptolemy/actor/lib/test/auto/OrderedMerge.xml
6 ms. Memory: 1367040K Free: 396991K (29%)
----------------- Invoking toplevel() on ptolemy.moml.MoMLSimpleApplication@4136f86f
----------------- Done invoking toplevel() on ptolemy.moml.MoMLSimpleApplication@4136f86f
reloadAllAccessors: .OrderedMerge
----------------- testing Tue May 22 23:23:50 UTC 2018 /home/travis/build/icyphy/ptII/ptolemy/actor/lib/test/auto/OrderedRecordDisassembler.xml
----------------- Instantiating /home/travis/build/icyphy/ptII/ptolemy/actor/lib/test/auto/OrderedRecordDisassembler.xml
3 ms. Memory: 1367040K Free: 387001K (28%)
----------------- Invoking toplevel() on ptolemy.moml.MoMLSimpleApplication@4cd093ff
----------------- Done invoking toplevel() on ptolemy.moml.MoMLSimpleApplication@4cd093ff
reloadAllAccessors: .OrderedRecordDisassembler
----------------- testing Tue May 22 23:23:50 UTC 2018 /home/travis/build/icyphy/ptII/ptolemy/actor/lib/test/auto/OrderedRecordDisassembler2.xml
----------------- Instantiating /home/travis/build/icyphy/ptII/ptolemy/actor/lib/test/auto/OrderedRecordDisassembler2.xml
5 ms. Memory: 1367040K Free: 364071K (27%)
----------------- Invoking toplevel() on ptolemy.moml.MoMLSimpleApplication@19b296a0
----------------- Done invoking toplevel() on ptolemy.moml.MoMLSimpleApplication@19b296a0
reloadAllAccessors: .OrderedRecordDisassembler2
----------------- testing Tue May 22 23:23:50 UTC 2018 /home/travis/build/icyphy/ptII/ptolemy/actor/lib/test/auto/OrderedRecordUpdater.xml
----------------- Instantiating /home/travis/build/icyphy/ptII/ptolemy/actor/lib/test/auto/OrderedRecordUpdater.xml
2 ms. Memory: 1367040K Free: 354081K (26%)
----------------- Invoking toplevel() on ptolemy.moml.MoMLSimpleApplication@28fa525b
----------------- Done invoking toplevel() on ptolemy.moml.MoMLSimpleApplication@28fa525b
reloadAllAccessors: .RecordUpdater
----------------- testing Tue May 22 23:23:50 UTC 2018 /home/travis/build/icyphy/ptII/ptolemy/actor/lib/test/auto/OrderedRecordUpdater2.xml
----------------- Instantiating /home/travis/build/icyphy/ptII/ptolemy/actor/lib/test/auto/OrderedRecordUpdater2.xml
2 ms. Memory: 1367040K Free: 344091K (25%)
----------------- Invoking toplevel() on ptolemy.moml.MoMLSimpleApplication@6d057e40
----------------- Done invoking toplevel() on ptolemy.moml.MoMLSimpleApplication@6d057e40
reloadAllAccessors: .RecordUpdater2
----------------- testing Tue May 22 23:23:50 UTC 2018 /home/travis/build/icyphy/ptII/ptolemy/actor/lib/test/auto/PhaseUnwrap.xml
----------------- Instantiating /home/travis/build/icyphy/ptII/ptolemy/actor/lib/test/auto/PhaseUnwrap.xml
2 ms. Memory: 1367040K Free: 326172K (24%)
----------------- Invoking toplevel() on ptolemy.moml.MoMLSimpleApplication@5f3a7756
----------------- Done invoking toplevel() on ptolemy.moml.MoMLSimpleApplication@5f3a7756
reloadAllAccessors: .PhaseUnwrap
----------------- testing Tue May 22 23:23:50 UTC 2018 /home/travis/build/icyphy/ptII/ptolemy/actor/lib/test/auto/PoissonClock.xml
----------------- Instantiating /home/travis/build/icyphy/ptII/ptolemy/actor/lib/test/auto/PoissonClock.xml
2 ms. Memory: 1367040K Free: 316182K (23%)
----------------- Invoking toplevel() on ptolemy.moml.MoMLSimpleApplication@629c0e4
----------------- Done invoking toplevel() on ptolemy.moml.MoMLSimpleApplication@629c0e4
reloadAllAccessors: .PoissonClock
----------------- testing Tue May 22 23:23:50 UTC 2018 /home/travis/build/icyphy/ptII/ptolemy/actor/lib/test/auto/PoissonClock2.xml
----------------- Instantiating /home/travis/build/icyphy/ptII/ptolemy/actor/lib/test/auto/PoissonClock2.xml
2 ms. Memory: 1367040K Free: 306192K (22%)
----------------- Invoking toplevel() on ptolemy.moml.MoMLSimpleApplication@6b665651
----------------- Done invoking toplevel() on ptolemy.moml.MoMLSimpleApplication@6b665651
reloadAllAccessors: .PoissonClock2
----------------- testing Tue May 22 23:23:50 UTC 2018 /home/travis/build/icyphy/ptII/ptolemy/actor/lib/test/auto/PoissonClock3.xml
----------------- Instantiating /home/travis/build/icyphy/ptII/ptolemy/actor/lib/test/auto/PoissonClock3.xml
1 ms. Memory: 1367040K Free: 296202K (22%)
----------------- Invoking toplevel() on ptolemy.moml.MoMLSimpleApplication@70065ba2
----------------- Done invoking toplevel() on ptolemy.moml.MoMLSimpleApplication@70065ba2
reloadAllAccessors: .PoissonClock3
----------------- testing Tue May 22 23:23:50 UTC 2018 /home/travis/build/icyphy/ptII/ptolemy/actor/lib/test/auto/PubSubWithInitialTokens.xml
----------------- Instantiating /home/travis/build/icyphy/ptII/ptolemy/actor/lib/test/auto/PubSubWithInitialTokens.xml
2 ms. Memory: 1367040K Free: 278283K (20%)
----------------- Invoking toplevel() on ptolemy.moml.MoMLSimpleApplication@76a2b688
----------------- Done invoking toplevel() on ptolemy.moml.MoMLSimpleApplication@76a2b688
reloadAllAccessors: .PubSubWithInitialTokens
----------------- testing Tue May 22 23:23:50 UTC 2018 /home/travis/build/icyphy/ptII/ptolemy/actor/lib/test/auto/PubSubWithInitialTokens2.xml
----------------- Instantiating /home/travis/build/icyphy/ptII/ptolemy/actor/lib/test/auto/PubSubWithInitialTokens2.xml
3 ms. Memory: 1367040K Free: 268293K (20%)
----------------- Invoking toplevel() on ptolemy.moml.MoMLSimpleApplication@5f56ea07
----------------- Done invoking toplevel() on ptolemy.moml.MoMLSimpleApplication@5f56ea07
reloadAllAccessors: .PubSubWithInitialTokens2
----------------- testing Tue May 22 23:23:50 UTC 2018 /home/travis/build/icyphy/ptII/ptolemy/actor/lib/test/auto/PublisherClassNoParameter.xml
----------------- Instantiating /home/travis/build/icyphy/ptII/ptolemy/actor/lib/test/auto/PublisherClassNoParameter.xml
3 ms. Memory: 1367040K Free: 253300K (19%)
----------------- Invoking toplevel() on ptolemy.moml.MoMLSimpleApplication@6205e168
----------------- Done invoking toplevel() on ptolemy.moml.MoMLSimpleApplication@6205e168
reloadAllAccessors: .PublisherClassNoParameter
----------------- testing Tue May 22 23:23:50 UTC 2018 /home/travis/build/icyphy/ptII/ptolemy/actor/lib/test/auto/PublisherClassParameter.xml
----------------- Instantiating /home/travis/build/icyphy/ptII/ptolemy/actor/lib/test/auto/PublisherClassParameter.xml
2 ms. Memory: 1367040K Free: 230378K (17%)
----------------- Invoking toplevel() on ptolemy.moml.MoMLSimpleApplication@1a4b66b2
----------------- Done invoking toplevel() on ptolemy.moml.MoMLSimpleApplication@1a4b66b2
reloadAllAccessors: .PublisherClassParameter
----------------- testing Tue May 22 23:23:50 UTC 2018 /home/travis/build/icyphy/ptII/ptolemy/actor/lib/test/auto/PublisherNonStrictTest.xml
----------------- Instantiating /home/travis/build/icyphy/ptII/ptolemy/actor/lib/test/auto/PublisherNonStrictTest.xml
3 ms. Memory: 1367040K Free: 220388K (16%)
----------------- Invoking toplevel() on ptolemy.moml.MoMLSimpleApplication@697c6d1c
----------------- Done invoking toplevel() on ptolemy.moml.MoMLSimpleApplication@697c6d1c
reloadAllAccessors: .PublisherNonStrictTest
----------------- testing Tue May 22 23:23:50 UTC 2018 /home/travis/build/icyphy/ptII/ptolemy/actor/lib/test/auto/PublisherPort1.xml
----------------- Instantiating /home/travis/build/icyphy/ptII/ptolemy/actor/lib/test/auto/PublisherPort1.xml
3 ms. Memory: 1367040K Free: 210397K (15%)
----------------- Invoking toplevel() on ptolemy.moml.MoMLSimpleApplication@3d693e23
----------------- Done invoking toplevel() on ptolemy.moml.MoMLSimpleApplication@3d693e23
reloadAllAccessors: .PublisherPort1
----------------- testing Tue May 22 23:23:50 UTC 2018 /home/travis/build/icyphy/ptII/ptolemy/actor/lib/test/auto/PublisherPort2.xml
----------------- Instantiating /home/travis/build/icyphy/ptII/ptolemy/actor/lib/test/auto/PublisherPort2.xml
2 ms. Memory: 1367040K Free: 192479K (14%)
----------------- Invoking toplevel() on ptolemy.moml.MoMLSimpleApplication@e8c9bda
----------------- Done invoking toplevel() on ptolemy.moml.MoMLSimpleApplication@e8c9bda
reloadAllAccessors: .PublisherPort2
----------------- testing Tue May 22 23:23:50 UTC 2018 /home/travis/build/icyphy/ptII/ptolemy/actor/lib/test/auto/PublisherPort3.xml
----------------- Instantiating /home/travis/build/icyphy/ptII/ptolemy/actor/lib/test/auto/PublisherPort3.xml
4 ms. Memory: 1367040K Free: 182488K (13%)
----------------- Invoking toplevel() on ptolemy.moml.MoMLSimpleApplication@67c7a991
----------------- Done invoking toplevel() on ptolemy.moml.MoMLSimpleApplication@67c7a991
reloadAllAccessors: .PublisherPort3
----------------- testing Tue May 22 23:23:50 UTC 2018 /home/travis/build/icyphy/ptII/ptolemy/actor/lib/test/auto/PublisherPort4.xml
----------------- Instantiating /home/travis/build/icyphy/ptII/ptolemy/actor/lib/test/auto/PublisherPort4.xml
2 ms. Memory: 1367040K Free: 172498K (13%)
----------------- Invoking toplevel() on ptolemy.moml.MoMLSimpleApplication@7cb2c221
----------------- Done invoking toplevel() on ptolemy.moml.MoMLSimpleApplication@7cb2c221
reloadAllAccessors: .PublisherPort4
----------------- testing Tue May 22 23:23:50 UTC 2018 /home/travis/build/icyphy/ptII/ptolemy/actor/lib/test/auto/PublisherPort5.xml
----------------- Instantiating /home/travis/build/icyphy/ptII/ptolemy/actor/lib/test/auto/PublisherPort5.xml
4 ms. Memory: 1367040K Free: 149569K (11%)
----------------- Invoking toplevel() on ptolemy.moml.MoMLSimpleApplication@43c01d86
----------------- Done invoking toplevel() on ptolemy.moml.MoMLSimpleApplication@43c01d86
reloadAllAccessors: .PublisherPort5
----------------- testing Tue May 22 23:23:50 UTC 2018 /home/travis/build/icyphy/ptII/ptolemy/actor/lib/test/auto/PublisherPort5LookAlike.xml
----------------- Instantiating /home/travis/build/icyphy/ptII/ptolemy/actor/lib/test/auto/PublisherPort5LookAlike.xml
4 ms. Memory: 1367040K Free: 134567K (10%)
----------------- Invoking toplevel() on ptolemy.moml.MoMLSimpleApplication@1cd7eb0f
----------------- Done invoking toplevel() on ptolemy.moml.MoMLSimpleApplication@1cd7eb0f
reloadAllAccessors: .PublisherPort5LookAlike
----------------- testing Tue May 22 23:23:50 UTC 2018 /home/travis/build/icyphy/ptII/ptolemy/actor/lib/test/auto/PublisherPort6.xml
----------------- Instantiating /home/travis/build/icyphy/ptII/ptolemy/actor/lib/test/auto/PublisherPort6.xml
2 ms. Memory: 1367040K Free: 124577K (9%)
----------------- Invoking toplevel() on ptolemy.moml.MoMLSimpleApplication@189df217
----------------- Done invoking toplevel() on ptolemy.moml.MoMLSimpleApplication@189df217
reloadAllAccessors: .PublisherPort6
----------------- testing Tue May 22 23:23:50 UTC 2018 /home/travis/build/icyphy/ptII/ptolemy/actor/lib/test/auto/PublisherPort7.xml
----------------- Instantiating /home/travis/build/icyphy/ptII/ptolemy/actor/lib/test/auto/PublisherPort7.xml
4 ms. Memory: 1367040K Free: 109576K (8%)
----------------- Invoking toplevel() on ptolemy.moml.MoMLSimpleApplication@6e892952
----------------- Done invoking toplevel() on ptolemy.moml.MoMLSimpleApplication@6e892952
reloadAllAccessors: .PublisherPort7
----------------- testing Tue May 22 23:23:50 UTC 2018 /home/travis/build/icyphy/ptII/ptolemy/actor/lib/test/auto/PublisherPort8.xml
----------------- Instantiating /home/travis/build/icyphy/ptII/ptolemy/actor/lib/test/auto/PublisherPort8.xml
5 ms. Memory: 1367040K Free: 86646K (6%)
----------------- Invoking toplevel() on ptolemy.moml.MoMLSimpleApplication@77d22149
----------------- Done invoking toplevel() on ptolemy.moml.MoMLSimpleApplication@77d22149
reloadAllAccessors: .PublisherPort8
----------------- testing Tue May 22 23:23:50 UTC 2018 /home/travis/build/icyphy/ptII/ptolemy/actor/lib/test/auto/PublisherPortSubscriberChannelVariablesAOC2.xml
----------------- Instantiating /home/travis/build/icyphy/ptII/ptolemy/actor/lib/test/auto/PublisherPortSubscriberChannelVariablesAOC2.xml
2 ms. Memory: 1552384K Free: 1496733K (96%)
----------------- Invoking toplevel() on ptolemy.moml.MoMLSimpleApplication@554e7249
----------------- Done invoking toplevel() on ptolemy.moml.MoMLSimpleApplication@554e7249
reloadAllAccessors: .PublisherPortSubscriberChannelVariablesAOC2
----------------- testing Tue May 22 23:23:50 UTC 2018 /home/travis/build/icyphy/ptII/ptolemy/actor/lib/test/auto/PublisherPortSubscriberOpaqueWidthInference.xml
----------------- Instantiating /home/travis/build/icyphy/ptII/ptolemy/actor/lib/test/auto/PublisherPortSubscriberOpaqueWidthInference.xml
3 ms. Memory: 1552384K Free: 1474581K (95%)
----------------- Invoking toplevel() on ptolemy.moml.MoMLSimpleApplication@66b94bdf
----------------- Done invoking toplevel() on ptolemy.moml.MoMLSimpleApplication@66b94bdf
reloadAllAccessors: .PublisherPortSubscriberOpaqueWidthInference
----------------- testing Tue May 22 23:23:50 UTC 2018 /home/travis/build/icyphy/ptII/ptolemy/actor/lib/test/auto/PublisherPortSubscriberPortAdjacent.xml
----------------- Instantiating /home/travis/build/icyphy/ptII/ptolemy/actor/lib/test/auto/PublisherPortSubscriberPortAdjacent.xml
1 ms. Memory: 1552384K Free: 1460056K (94%)
----------------- Invoking toplevel() on ptolemy.moml.MoMLSimpleApplication@3edb2bd2
----------------- Done invoking toplevel() on ptolemy.moml.MoMLSimpleApplication@3edb2bd2
reloadAllAccessors: .PublisherPortSubscriberPortAdjacent
----------------- testing Tue May 22 23:23:51 UTC 2018 /home/travis/build/icyphy/ptII/ptolemy/actor/lib/test/auto/PublisherPortSubscriberPortExpression.xml
----------------- Instantiating /home/travis/build/icyphy/ptII/ptolemy/actor/lib/test/auto/PublisherPortSubscriberPortExpression.xml
5 ms. Memory: 1552384K Free: 1445530K (93%)
----------------- Invoking toplevel() on ptolemy.moml.MoMLSimpleApplication@77b1674f
----------------- Done invoking toplevel() on ptolemy.moml.MoMLSimpleApplication@77b1674f
reloadAllAccessors: .PublisherPortSubscriberPortExpression
----------------- testing Tue May 22 23:23:51 UTC 2018 /home/travis/build/icyphy/ptII/ptolemy/actor/lib/test/auto/PublisherPortSubscriberPortOpaqueD3Reverse.xml
----------------- Instantiating /home/travis/build/icyphy/ptII/ptolemy/actor/lib/test/auto/PublisherPortSubscriberPortOpaqueD3Reverse.xml
7 ms. Memory: 1552384K Free: 1423378K (92%)
----------------- Invoking toplevel() on ptolemy.moml.MoMLSimpleApplication@689ce642
----------------- Done invoking toplevel() on ptolemy.moml.MoMLSimpleApplication@689ce642
reloadAllAccessors: .PublisherPortSubscriberPortOpaqueD3Reverse
----------------- testing Tue May 22 23:23:51 UTC 2018 /home/travis/build/icyphy/ptII/ptolemy/actor/lib/test/auto/PublisherPortSubscriberPortOpaqueWidthInference.xml
----------------- Instantiating /home/travis/build/icyphy/ptII/ptolemy/actor/lib/test/auto/PublisherPortSubscriberPortOpaqueWidthInference.xml
4 ms. Memory: 1552384K Free: 1408852K (91%)
----------------- Invoking toplevel() on ptolemy.moml.MoMLSimpleApplication@6a4a529
----------------- Done invoking toplevel() on ptolemy.moml.MoMLSimpleApplication@6a4a529
reloadAllAccessors: .PublisherPortSubscriberPortOpaqueWidthInference
----------------- testing Tue May 22 23:23:51 UTC 2018 /home/travis/build/icyphy/ptII/ptolemy/actor/lib/test/auto/PublisherPortToplevelSubscriberPortAOC.xml
----------------- Instantiating /home/travis/build/icyphy/ptII/ptolemy/actor/lib/test/auto/PublisherPortToplevelSubscriberPortAOC.xml
.PublisherPortToplevelSubscriberPortAOC.TestExceptionAttribute: initialize() was not invoked, but wrapup() was.  This is unusual, but not always a problem.  For example, exporting JNLP will do this.
0 ms. Memory: 1552384K Free: 1394327K (90%)
----------------- Invoking toplevel() on ptolemy.moml.MoMLSimpleApplication@40e9eb6
----------------- Done invoking toplevel() on ptolemy.moml.MoMLSimpleApplication@40e9eb6
reloadAllAccessors: .PublisherPortToplevelSubscriberPortAOC
----------------- testing Tue May 22 23:23:51 UTC 2018 /home/travis/build/icyphy/ptII/ptolemy/actor/lib/test/auto/PublisherSubscriber.xml
----------------- Instantiating /home/travis/build/icyphy/ptII/ptolemy/actor/lib/test/auto/PublisherSubscriber.xml
3 ms. Memory: 1552384K Free: 1372175K (88%)
----------------- Invoking toplevel() on ptolemy.moml.MoMLSimpleApplication@534842a1
----------------- Done invoking toplevel() on ptolemy.moml.MoMLSimpleApplication@534842a1
reloadAllAccessors: .PublisherSubscriber
----------------- testing Tue May 22 23:23:51 UTC 2018 /home/travis/build/icyphy/ptII/ptolemy/actor/lib/test/auto/PublisherSubscriber10.xml
----------------- Instantiating /home/travis/build/icyphy/ptII/ptolemy/actor/lib/test/auto/PublisherSubscriber10.xml
4 ms. Memory: 1552384K Free: 1357649K (87%)
----------------- Invoking toplevel() on ptolemy.moml.MoMLSimpleApplication@4b9eb13c
----------------- Done invoking toplevel() on ptolemy.moml.MoMLSimpleApplication@4b9eb13c
reloadAllAccessors: .PublisherSubscriber10
----------------- testing Tue May 22 23:23:51 UTC 2018 /home/travis/build/icyphy/ptII/ptolemy/actor/lib/test/auto/PublisherSubscriber10InitialOutputs.xml
----------------- Instantiating /home/travis/build/icyphy/ptII/ptolemy/actor/lib/test/auto/PublisherSubscriber10InitialOutputs.xml
5 ms. Memory: 1552384K Free: 1343124K (87%)
----------------- Invoking toplevel() on ptolemy.moml.MoMLSimpleApplication@19c2ab88
----------------- Done invoking toplevel() on ptolemy.moml.MoMLSimpleApplication@19c2ab88
reloadAllAccessors: .PublisherSubscriber10InitialOutputs
----------------- testing Tue May 22 23:23:51 UTC 2018 /home/travis/build/icyphy/ptII/ptolemy/actor/lib/test/auto/PublisherSubscriber11.xml
----------------- Instantiating /home/travis/build/icyphy/ptII/ptolemy/actor/lib/test/auto/PublisherSubscriber11.xml
2 ms. Memory: 1552384K Free: 1320971K (85%)
----------------- Invoking toplevel() on ptolemy.moml.MoMLSimpleApplication@6228ecc6
----------------- Done invoking toplevel() on ptolemy.moml.MoMLSimpleApplication@6228ecc6
reloadAllAccessors: .PublisherSubscriber11
----------------- testing Tue May 22 23:23:51 UTC 2018 /home/travis/build/icyphy/ptII/ptolemy/actor/lib/test/auto/PublisherSubscriber12.xml
----------------- Instantiating /home/travis/build/icyphy/ptII/ptolemy/actor/lib/test/auto/PublisherSubscriber12.xml
2 ms. Memory: 1552384K Free: 1306446K (84%)
----------------- Invoking toplevel() on ptolemy.moml.MoMLSimpleApplication@20365c9b
----------------- Done invoking toplevel() on ptolemy.moml.MoMLSimpleApplication@20365c9b
reloadAllAccessors: .PublisherSubscriber12
----------------- testing Tue May 22 23:23:51 UTC 2018 /home/travis/build/icyphy/ptII/ptolemy/actor/lib/test/auto/PublisherSubscriber13.xml
----------------- Instantiating /home/travis/build/icyphy/ptII/ptolemy/actor/lib/test/auto/PublisherSubscriber13.xml
2 ms. Memory: 1552384K Free: 1291921K (83%)
----------------- Invoking toplevel() on ptolemy.moml.MoMLSimpleApplication@3d8b032a
----------------- Done invoking toplevel() on ptolemy.moml.MoMLSimpleApplication@3d8b032a
reloadAllAccessors: .PublisherSubscriber13
----------------- testing Tue May 22 23:23:51 UTC 2018 /home/travis/build/icyphy/ptII/ptolemy/actor/lib/test/auto/PublisherSubscriber14.xml
----------------- Instantiating /home/travis/build/icyphy/ptII/ptolemy/actor/lib/test/auto/PublisherSubscriber14.xml
2 ms. Memory: 1552384K Free: 1269685K (82%)
----------------- Invoking toplevel() on ptolemy.moml.MoMLSimpleApplication@7aa7d50b
----------------- Done invoking toplevel() on ptolemy.moml.MoMLSimpleApplication@7aa7d50b
reloadAllAccessors: .PublisherSubscriber14
----------------- testing Tue May 22 23:23:51 UTC 2018 /home/travis/build/icyphy/ptII/ptolemy/actor/lib/test/auto/PublisherSubscriber2.xml
----------------- Instantiating /home/travis/build/icyphy/ptII/ptolemy/actor/lib/test/auto/PublisherSubscriber2.xml
2 ms. Memory: 1552384K Free: 1255160K (81%)
----------------- Invoking toplevel() on ptolemy.moml.MoMLSimpleApplication@2fba13fd
----------------- Done invoking toplevel() on ptolemy.moml.MoMLSimpleApplication@2fba13fd
reloadAllAccessors: .PublisherSubscriber2
----------------- testing Tue May 22 23:23:51 UTC 2018 /home/travis/build/icyphy/ptII/ptolemy/actor/lib/test/auto/PublisherSubscriber3.xml
----------------- Instantiating /home/travis/build/icyphy/ptII/ptolemy/actor/lib/test/auto/PublisherSubscriber3.xml
2 ms. Memory: 1552384K Free: 1240634K (80%)
----------------- Invoking toplevel() on ptolemy.moml.MoMLSimpleApplication@4ab2b0e6
----------------- Done invoking toplevel() on ptolemy.moml.MoMLSimpleApplication@4ab2b0e6
reloadAllAccessors: .PublisherSubscriber3
----------------- testing Tue May 22 23:23:51 UTC 2018 /home/travis/build/icyphy/ptII/ptolemy/actor/lib/test/auto/PublisherSubscriber4.xml
----------------- Instantiating /home/travis/build/icyphy/ptII/ptolemy/actor/lib/test/auto/PublisherSubscriber4.xml
2 ms. Memory: 1552384K Free: 1218482K (78%)
----------------- Invoking toplevel() on ptolemy.moml.MoMLSimpleApplication@d9a4ba0
----------------- Done invoking toplevel() on ptolemy.moml.MoMLSimpleApplication@d9a4ba0
reloadAllAccessors: .PublisherSubscriber4
----------------- testing Tue May 22 23:23:51 UTC 2018 /home/travis/build/icyphy/ptII/ptolemy/actor/lib/test/auto/PublisherSubscriber5.xml
----------------- Instantiating /home/travis/build/icyphy/ptII/ptolemy/actor/lib/test/auto/PublisherSubscriber5.xml
2 ms. Memory: 1552384K Free: 1203957K (78%)
----------------- Invoking toplevel() on ptolemy.moml.MoMLSimpleApplication@21460fac
----------------- Done invoking toplevel() on ptolemy.moml.MoMLSimpleApplication@21460fac
reloadAllAccessors: .PublisherSubscriber5
----------------- testing Tue May 22 23:23:51 UTC 2018 /home/travis/build/icyphy/ptII/ptolemy/actor/lib/test/auto/PublisherSubscriber6.xml
----------------- Instantiating /home/travis/build/icyphy/ptII/ptolemy/actor/lib/test/auto/PublisherSubscriber6.xml
2 ms. Memory: 1552384K Free: 1189431K (77%)
----------------- Invoking toplevel() on ptolemy.moml.MoMLSimpleApplication@1908b14e
----------------- Done invoking toplevel() on ptolemy.moml.MoMLSimpleApplication@1908b14e
reloadAllAccessors: .PublisherSubscriber6
----------------- testing Tue May 22 23:23:51 UTC 2018 /home/travis/build/icyphy/ptII/ptolemy/actor/lib/test/auto/PublisherSubscriber7.xml
----------------- Instantiating /home/travis/build/icyphy/ptII/ptolemy/actor/lib/test/auto/PublisherSubscriber7.xml
2 ms. Memory: 1552384K Free: 1167279K (75%)
----------------- Invoking toplevel() on ptolemy.moml.MoMLSimpleApplication@62137de1
----------------- Done invoking toplevel() on ptolemy.moml.MoMLSimpleApplication@62137de1
reloadAllAccessors: .PublisherSubscriber7
----------------- testing Tue May 22 23:23:51 UTC 2018 /home/travis/build/icyphy/ptII/ptolemy/actor/lib/test/auto/PublisherSubscriber8.xml
----------------- Instantiating /home/travis/build/icyphy/ptII/ptolemy/actor/lib/test/auto/PublisherSubscriber8.xml
9 ms. Memory: 1552384K Free: 1080126K (70%)
----------------- Invoking toplevel() on ptolemy.moml.MoMLSimpleApplication@469c98f
----------------- Done invoking toplevel() on ptolemy.moml.MoMLSimpleApplication@469c98f
reloadAllAccessors: .PublisherSubscriber8
----------------- testing Tue May 22 23:23:51 UTC 2018 /home/travis/build/icyphy/ptII/ptolemy/actor/lib/test/auto/PublisherSubscriber9.xml
----------------- Instantiating /home/travis/build/icyphy/ptII/ptolemy/actor/lib/test/auto/PublisherSubscriber9.xml
3 ms. Memory: 1552384K Free: 1065601K (69%)
----------------- Invoking toplevel() on ptolemy.moml.MoMLSimpleApplication@6ae0dbc0
----------------- Done invoking toplevel() on ptolemy.moml.MoMLSimpleApplication@6ae0dbc0
reloadAllAccessors: .PublisherSubscriber9
----------------- testing Tue May 22 23:23:51 UTC 2018 /home/travis/build/icyphy/ptII/ptolemy/actor/lib/test/auto/PublisherSubscriberAdjacent.xml
----------------- Instantiating /home/travis/build/icyphy/ptII/ptolemy/actor/lib/test/auto/PublisherSubscriberAdjacent.xml
1 ms. Memory: 1552384K Free: 1051075K (68%)
----------------- Invoking toplevel() on ptolemy.moml.MoMLSimpleApplication@5115a7bd
----------------- Done invoking toplevel() on ptolemy.moml.MoMLSimpleApplication@5115a7bd
reloadAllAccessors: .PublisherSubscriberAdjacent
----------------- testing Tue May 22 23:23:51 UTC 2018 /home/travis/build/icyphy/ptII/ptolemy/actor/lib/test/auto/PublisherSubscriberChannelVariablesAOC2.xml
----------------- Instantiating /home/travis/build/icyphy/ptII/ptolemy/actor/lib/test/auto/PublisherSubscriberChannelVariablesAOC2.xml
2 ms. Memory: 1552384K Free: 1021644K (66%)
----------------- Invoking toplevel() on ptolemy.moml.MoMLSimpleApplication@244bedf3
----------------- Done invoking toplevel() on ptolemy.moml.MoMLSimpleApplication@244bedf3
reloadAllAccessors: .PublisherSubscriberChannelVariablesAOC2
----------------- testing Tue May 22 23:23:51 UTC 2018 /home/travis/build/icyphy/ptII/ptolemy/actor/lib/test/auto/PublisherSubscriberD3.xml
----------------- Instantiating /home/travis/build/icyphy/ptII/ptolemy/actor/lib/test/auto/PublisherSubscriberD3.xml
1 ms. Memory: 1552384K Free: 1007119K (65%)
----------------- Invoking toplevel() on ptolemy.moml.MoMLSimpleApplication@764b279a
----------------- Done invoking toplevel() on ptolemy.moml.MoMLSimpleApplication@764b279a
reloadAllAccessors: .PublisherSubscriberD3
----------------- testing Tue May 22 23:23:51 UTC 2018 /home/travis/build/icyphy/ptII/ptolemy/actor/lib/test/auto/PublisherSubscriberD3Reverse.xml
----------------- Instantiating /home/travis/build/icyphy/ptII/ptolemy/actor/lib/test/auto/PublisherSubscriberD3Reverse.xml
2 ms. Memory: 1552384K Free: 992594K (64%)
----------------- Invoking toplevel() on ptolemy.moml.MoMLSimpleApplication@5590f052
----------------- Done invoking toplevel() on ptolemy.moml.MoMLSimpleApplication@5590f052
reloadAllAccessors: .PublisherSubscriberD3Reverse
----------------- testing Tue May 22 23:23:51 UTC 2018 /home/travis/build/icyphy/ptII/ptolemy/actor/lib/test/auto/PublisherSubscriberExpression.xml
----------------- Instantiating /home/travis/build/icyphy/ptII/ptolemy/actor/lib/test/auto/PublisherSubscriberExpression.xml
3 ms. Memory: 1552384K Free: 970441K (63%)
----------------- Invoking toplevel() on ptolemy.moml.MoMLSimpleApplication@731d1728
----------------- Done invoking toplevel() on ptolemy.moml.MoMLSimpleApplication@731d1728
reloadAllAccessors: .PublisherSubscriberExpression
----------------- testing Tue May 22 23:23:51 UTC 2018 /home/travis/build/icyphy/ptII/ptolemy/actor/lib/test/auto/PublisherSubscriberOpaque.xml
----------------- Instantiating /home/travis/build/icyphy/ptII/ptolemy/actor/lib/test/auto/PublisherSubscriberOpaque.xml
3 ms. Memory: 1552384K Free: 955916K (62%)
----------------- Invoking toplevel() on ptolemy.moml.MoMLSimpleApplication@2541d5af
----------------- Done invoking toplevel() on ptolemy.moml.MoMLSimpleApplication@2541d5af
reloadAllAccessors: .PublisherSubscriberOpaque
----------------- testing Tue May 22 23:23:51 UTC 2018 /home/travis/build/icyphy/ptII/ptolemy/actor/lib/test/auto/PublisherSubscriberOpaqueD3.xml
----------------- Instantiating /home/travis/build/icyphy/ptII/ptolemy/actor/lib/test/auto/PublisherSubscriberOpaqueD3.xml
5 ms. Memory: 1552384K Free: 934112K (60%)
----------------- Invoking toplevel() on ptolemy.moml.MoMLSimpleApplication@355b0bc6
----------------- Done invoking toplevel() on ptolemy.moml.MoMLSimpleApplication@355b0bc6
reloadAllAccessors: .PublisherSubscriberOpaqueD3
----------------- testing Tue May 22 23:23:51 UTC 2018 /home/travis/build/icyphy/ptII/ptolemy/actor/lib/test/auto/PublisherSubscriberOpaqueD3Reverse.xml
----------------- Instantiating /home/travis/build/icyphy/ptII/ptolemy/actor/lib/test/auto/PublisherSubscriberOpaqueD3Reverse.xml
6 ms. Memory: 1552384K Free: 911959K (59%)
----------------- Invoking toplevel() on ptolemy.moml.MoMLSimpleApplication@77db1539
----------------- Done invoking toplevel() on ptolemy.moml.MoMLSimpleApplication@77db1539
reloadAllAccessors: .PublisherSubscriberOpaqueD3Reverse
----------------- testing Tue May 22 23:23:51 UTC 2018 /home/travis/build/icyphy/ptII/ptolemy/actor/lib/test/auto/PublisherSubscriberOpaqueWidthInference.xml
----------------- Instantiating /home/travis/build/icyphy/ptII/ptolemy/actor/lib/test/auto/PublisherSubscriberOpaqueWidthInference.xml
3 ms. Memory: 1552384K Free: 897434K (58%)
----------------- Invoking toplevel() on ptolemy.moml.MoMLSimpleApplication@2a64a71
----------------- Done invoking toplevel() on ptolemy.moml.MoMLSimpleApplication@2a64a71
reloadAllAccessors: .PublisherSubscriberOpaqueWidthInference
----------------- testing Tue May 22 23:23:51 UTC 2018 /home/travis/build/icyphy/ptII/ptolemy/actor/lib/test/auto/PublisherTestSubscriber.xml
----------------- Instantiating /home/travis/build/icyphy/ptII/ptolemy/actor/lib/test/auto/PublisherTestSubscriber.xml
2 ms. Memory: 1552384K Free: 882909K (57%)
----------------- Invoking toplevel() on ptolemy.moml.MoMLSimpleApplication@5b65e492
----------------- Done invoking toplevel() on ptolemy.moml.MoMLSimpleApplication@5b65e492
reloadAllAccessors: .PublisherTestSubscriber
----------------- testing Tue May 22 23:23:51 UTC 2018 /home/travis/build/icyphy/ptII/ptolemy/actor/lib/test/auto/PublisherToplevelSubscriberPortAOC.xml
----------------- Instantiating /home/travis/build/icyphy/ptII/ptolemy/actor/lib/test/auto/PublisherToplevelSubscriberPortAOC.xml
2 ms. Memory: 1552384K Free: 860756K (55%)
----------------- Invoking toplevel() on ptolemy.moml.MoMLSimpleApplication@4970bf55
----------------- Done invoking toplevel() on ptolemy.moml.MoMLSimpleApplication@4970bf55
reloadAllAccessors: .PublisherToplevelSubscriberPortAOC
----------------- testing Tue May 22 23:23:51 UTC 2018 /home/travis/build/icyphy/ptII/ptolemy/actor/lib/test/auto/PulseFiringLimitDE.xml
----------------- Instantiating /home/travis/build/icyphy/ptII/ptolemy/actor/lib/test/auto/PulseFiringLimitDE.xml
2 ms. Memory: 1552384K Free: 846231K (55%)
----------------- Invoking toplevel() on ptolemy.moml.MoMLSimpleApplication@6f5cc814
----------------- Done invoking toplevel() on ptolemy.moml.MoMLSimpleApplication@6f5cc814
reloadAllAccessors: .PulseFiringLimitDE
----------------- testing Tue May 22 23:23:51 UTC 2018 /home/travis/build/icyphy/ptII/ptolemy/actor/lib/test/auto/Ramp1.xml
----------------- Instantiating /home/travis/build/icyphy/ptII/ptolemy/actor/lib/test/auto/Ramp1.xml
1 ms. Memory: 1552384K Free: 831705K (54%)
----------------- Invoking toplevel() on ptolemy.moml.MoMLSimpleApplication@29dd37a5
----------------- Done invoking toplevel() on ptolemy.moml.MoMLSimpleApplication@29dd37a5
reloadAllAccessors: .Ramp1
----------------- testing Tue May 22 23:23:51 UTC 2018 /home/travis/build/icyphy/ptII/ptolemy/actor/lib/test/auto/RampFiringLimitDE.xml
----------------- Instantiating /home/travis/build/icyphy/ptII/ptolemy/actor/lib/test/auto/RampFiringLimitDE.xml
2 ms. Memory: 1552384K Free: 809553K (52%)
----------------- Invoking toplevel() on ptolemy.moml.MoMLSimpleApplication@7f1dc7f1
----------------- Done invoking toplevel() on ptolemy.moml.MoMLSimpleApplication@7f1dc7f1
reloadAllAccessors: .RampFiringLimitDE
----------------- testing Tue May 22 23:23:51 UTC 2018 /home/travis/build/icyphy/ptII/ptolemy/actor/lib/test/auto/RampFiringLimitSDF.xml
----------------- Instantiating /home/travis/build/icyphy/ptII/ptolemy/actor/lib/test/auto/RampFiringLimitSDF.xml
2 ms. Memory: 1552384K Free: 795028K (51%)
----------------- Invoking toplevel() on ptolemy.moml.MoMLSimpleApplication@3154c0f8
----------------- Done invoking toplevel() on ptolemy.moml.MoMLSimpleApplication@3154c0f8
reloadAllAccessors: .RampFiringLimitSDF
----------------- testing Tue May 22 23:23:51 UTC 2018 /home/travis/build/icyphy/ptII/ptolemy/actor/lib/test/auto/RandomInteger.xml
----------------- Instantiating /home/travis/build/icyphy/ptII/ptolemy/actor/lib/test/auto/RandomInteger.xml
1 ms. Memory: 1552384K Free: 780502K (50%)
----------------- Invoking toplevel() on ptolemy.moml.MoMLSimpleApplication@77592381
----------------- Done invoking toplevel() on ptolemy.moml.MoMLSimpleApplication@77592381
reloadAllAccessors: .RandomInteger
----------------- testing Tue May 22 23:23:51 UTC 2018 /home/travis/build/icyphy/ptII/ptolemy/actor/lib/test/auto/ReadFile1.xml
----------------- Instantiating /home/travis/build/icyphy/ptII/ptolemy/actor/lib/test/auto/ReadFile1.xml
2 ms. Memory: 1552384K Free: 758350K (49%)
----------------- Invoking toplevel() on ptolemy.moml.MoMLSimpleApplication@39627828
----------------- Done invoking toplevel() on ptolemy.moml.MoMLSimpleApplication@39627828
reloadAllAccessors: .ReadFile1
----------------- testing Tue May 22 23:23:51 UTC 2018 /home/travis/build/icyphy/ptII/ptolemy/actor/lib/test/auto/ReadFile2.xml
----------------- Instantiating /home/travis/build/icyphy/ptII/ptolemy/actor/lib/test/auto/ReadFile2.xml
1 ms. Memory: 1552384K Free: 743825K (48%)
----------------- Invoking toplevel() on ptolemy.moml.MoMLSimpleApplication@6b4d3105
----------------- Done invoking toplevel() on ptolemy.moml.MoMLSimpleApplication@6b4d3105
reloadAllAccessors: .ReadFile2
----------------- testing Tue May 22 23:23:51 UTC 2018 /home/travis/build/icyphy/ptII/ptolemy/actor/lib/test/auto/Reader.xml
----------------- Instantiating /home/travis/build/icyphy/ptII/ptolemy/actor/lib/test/auto/Reader.xml
actor.lib.Reader is obsolete, use actor.lib.io.ExpressionReader instead
2 ms. Memory: 1552384K Free: 729299K (47%)
----------------- Invoking toplevel() on ptolemy.moml.MoMLSimpleApplication@453c19e9
----------------- Done invoking toplevel() on ptolemy.moml.MoMLSimpleApplication@453c19e9
reloadAllAccessors: .Reader
----------------- testing Tue May 22 23:23:51 UTC 2018 /home/travis/build/icyphy/ptII/ptolemy/actor/lib/test/auto/RecordAssemblerDisplayNameTest.xml
----------------- Instantiating /home/travis/build/icyphy/ptII/ptolemy/actor/lib/test/auto/RecordAssemblerDisplayNameTest.xml
3956 ms. Memory: 1589248K Free: 952505K (60%)
----------------- Invoking toplevel() on ptolemy.moml.MoMLSimpleApplication@614e527b
----------------- Done invoking toplevel() on ptolemy.moml.MoMLSimpleApplication@614e527b
reloadAllAccessors: .RecordAssemblerDisplayNameTest
----------------- testing Tue May 22 23:23:55 UTC 2018 /home/travis/build/icyphy/ptII/ptolemy/actor/lib/test/auto/RecordAssemblerTypeError.xml
----------------- Instantiating /home/travis/build/icyphy/ptII/ptolemy/actor/lib/test/auto/RecordAssemblerTypeError.xml
4 ms. Memory: 1589248K Free: 921000K (58%)
----------------- Invoking toplevel() on ptolemy.moml.MoMLSimpleApplication@ce3ccc9
----------------- Done invoking toplevel() on ptolemy.moml.MoMLSimpleApplication@ce3ccc9
reloadAllAccessors: .RecordAssemblerTypeError
----------------- testing Tue May 22 23:23:55 UTC 2018 /home/travis/build/icyphy/ptII/ptolemy/actor/lib/test/auto/RecordDisassember.xml
----------------- Instantiating /home/travis/build/icyphy/ptII/ptolemy/actor/lib/test/auto/RecordDisassember.xml
3 ms. Memory: 1589248K Free: 906285K (57%)
----------------- Invoking toplevel() on ptolemy.moml.MoMLSimpleApplication@70bb7660
----------------- Done invoking toplevel() on ptolemy.moml.MoMLSimpleApplication@70bb7660
reloadAllAccessors: .RecordDisassember
----------------- testing Tue May 22 23:23:55 UTC 2018 /home/travis/build/icyphy/ptII/ptolemy/actor/lib/test/auto/RecordDisassemberDisplayNameTest.xml
----------------- Instantiating /home/travis/build/icyphy/ptII/ptolemy/actor/lib/test/auto/RecordDisassemberDisplayNameTest.xml
5 ms. Memory: 1589248K Free: 885816K (56%)
----------------- Invoking toplevel() on ptolemy.moml.MoMLSimpleApplication@5ba6c211
----------------- Done invoking toplevel() on ptolemy.moml.MoMLSimpleApplication@5ba6c211
reloadAllAccessors: .RecordDisassemberDisplayNameTest
----------------- testing Tue May 22 23:23:55 UTC 2018 /home/travis/build/icyphy/ptII/ptolemy/actor/lib/test/auto/RecordDisassembler.xml
----------------- Instantiating /home/travis/build/icyphy/ptII/ptolemy/actor/lib/test/auto/RecordDisassembler.xml
2 ms. Memory: 1589248K Free: 871101K (55%)
----------------- Invoking toplevel() on ptolemy.moml.MoMLSimpleApplication@5544c454
----------------- Done invoking toplevel() on ptolemy.moml.MoMLSimpleApplication@5544c454
reloadAllAccessors: .RecordDisassembler
----------------- testing Tue May 22 23:23:55 UTC 2018 /home/travis/build/icyphy/ptII/ptolemy/actor/lib/test/auto/RecordDisassembler2.xml
----------------- Instantiating /home/travis/build/icyphy/ptII/ptolemy/actor/lib/test/auto/RecordDisassembler2.xml
2 ms. Memory: 1589248K Free: 850631K (54%)
----------------- Invoking toplevel() on ptolemy.moml.MoMLSimpleApplication@40dd3f4f
----------------- Done invoking toplevel() on ptolemy.moml.MoMLSimpleApplication@40dd3f4f
reloadAllAccessors: .RecordDisassembler2
----------------- testing Tue May 22 23:23:55 UTC 2018 /home/travis/build/icyphy/ptII/ptolemy/actor/lib/test/auto/RecordUpdater.xml
----------------- Instantiating /home/travis/build/icyphy/ptII/ptolemy/actor/lib/test/auto/RecordUpdater.xml
1 ms. Memory: 1589248K Free: 835916K (53%)
----------------- Invoking toplevel() on ptolemy.moml.MoMLSimpleApplication@6e6c3b16
----------------- Done invoking toplevel() on ptolemy.moml.MoMLSimpleApplication@6e6c3b16
reloadAllAccessors: .RecordUpdater
----------------- testing Tue May 22 23:23:55 UTC 2018 /home/travis/build/icyphy/ptII/ptolemy/actor/lib/test/auto/RecordUpdater2.xml
----------------- Instantiating /home/travis/build/icyphy/ptII/ptolemy/actor/lib/test/auto/RecordUpdater2.xml
2 ms. Memory: 1589248K Free: 815447K (51%)
----------------- Invoking toplevel() on ptolemy.moml.MoMLSimpleApplication@2acb69e2
----------------- Done invoking toplevel() on ptolemy.moml.MoMLSimpleApplication@2acb69e2
reloadAllAccessors: .RecordUpdater2
----------------- testing Tue May 22 23:23:55 UTC 2018 /home/travis/build/icyphy/ptII/ptolemy/actor/lib/test/auto/RecursiveLattice.xml
----------------- Instantiating /home/travis/build/icyphy/ptII/ptolemy/actor/lib/test/auto/RecursiveLattice.xml
1 ms. Memory: 1589248K Free: 800732K (50%)
----------------- Invoking toplevel() on ptolemy.moml.MoMLSimpleApplication@7e2b2ca4
----------------- Done invoking toplevel() on ptolemy.moml.MoMLSimpleApplication@7e2b2ca4
reloadAllAccessors: .RecursiveLattice
----------------- testing Tue May 22 23:23:55 UTC 2018 /home/travis/build/icyphy/ptII/ptolemy/actor/lib/test/auto/Router.xml
----------------- Instantiating /home/travis/build/icyphy/ptII/ptolemy/actor/lib/test/auto/Router.xml
3004 ms. Memory: 1589248K Free: 786017K (49%)
----------------- Invoking toplevel() on ptolemy.moml.MoMLSimpleApplication@59d071c6
----------------- Done invoking toplevel() on ptolemy.moml.MoMLSimpleApplication@59d071c6
reloadAllAccessors: .Router
----------------- testing Tue May 22 23:23:58 UTC 2018 /home/travis/build/icyphy/ptII/ptolemy/actor/lib/test/auto/Router2.xml
----------------- Instantiating /home/travis/build/icyphy/ptII/ptolemy/actor/lib/test/auto/Router2.xml
3003 ms. Memory: 1589248K Free: 765548K (48%)
----------------- Invoking toplevel() on ptolemy.moml.MoMLSimpleApplication@68edffef
----------------- Done invoking toplevel() on ptolemy.moml.MoMLSimpleApplication@68edffef
reloadAllAccessors: .Router2
----------------- testing Tue May 22 23:24:01 UTC 2018 /home/travis/build/icyphy/ptII/ptolemy/actor/lib/test/auto/RunningMaximum.xml
----------------- Instantiating /home/travis/build/icyphy/ptII/ptolemy/actor/lib/test/auto/RunningMaximum.xml
1 ms. Memory: 1589248K Free: 750833K (47%)
----------------- Invoking toplevel() on ptolemy.moml.MoMLSimpleApplication@54661a65
----------------- Done invoking toplevel() on ptolemy.moml.MoMLSimpleApplication@54661a65
reloadAllAccessors: .RunningMaximum
----------------- testing Tue May 22 23:24:01 UTC 2018 /home/travis/build/icyphy/ptII/ptolemy/actor/lib/test/auto/RunningMinimum.xml
----------------- Instantiating /home/travis/build/icyphy/ptII/ptolemy/actor/lib/test/auto/RunningMinimum.xml
2 ms. Memory: 1589248K Free: 730363K (46%)
----------------- Invoking toplevel() on ptolemy.moml.MoMLSimpleApplication@40aaf74c
----------------- Done invoking toplevel() on ptolemy.moml.MoMLSimpleApplication@40aaf74c
reloadAllAccessors: .RunningMinimum
----------------- testing Tue May 22 23:24:01 UTC 2018 /home/travis/build/icyphy/ptII/ptolemy/actor/lib/test/auto/Scale.xml
----------------- Instantiating /home/travis/build/icyphy/ptII/ptolemy/actor/lib/test/auto/Scale.xml
1 ms. Memory: 1589248K Free: 715649K (45%)
----------------- Invoking toplevel() on ptolemy.moml.MoMLSimpleApplication@1711c611
----------------- Done invoking toplevel() on ptolemy.moml.MoMLSimpleApplication@1711c611
reloadAllAccessors: .Scale
----------------- testing Tue May 22 23:24:01 UTC 2018 /home/travis/build/icyphy/ptII/ptolemy/actor/lib/test/auto/Scale2.xml
----------------- Instantiating /home/travis/build/icyphy/ptII/ptolemy/actor/lib/test/auto/Scale2.xml
1 ms. Memory: 1589248K Free: 700934K (44%)
----------------- Invoking toplevel() on ptolemy.moml.MoMLSimpleApplication@43d08a02
----------------- Done invoking toplevel() on ptolemy.moml.MoMLSimpleApplication@43d08a02
reloadAllAccessors: .Scale2
----------------- testing Tue May 22 23:24:01 UTC 2018 /home/travis/build/icyphy/ptII/ptolemy/actor/lib/test/auto/Scale3.xml
----------------- Instantiating /home/travis/build/icyphy/ptII/ptolemy/actor/lib/test/auto/Scale3.xml
3 ms. Memory: 1589248K Free: 680464K (43%)
----------------- Invoking toplevel() on ptolemy.moml.MoMLSimpleApplication@4e1dd4
----------------- Done invoking toplevel() on ptolemy.moml.MoMLSimpleApplication@4e1dd4
reloadAllAccessors: .Scale3
----------------- testing Tue May 22 23:24:02 UTC 2018 /home/travis/build/icyphy/ptII/ptolemy/actor/lib/test/auto/ScaleArray.xml
----------------- Instantiating /home/travis/build/icyphy/ptII/ptolemy/actor/lib/test/auto/ScaleArray.xml
2 ms. Memory: 1589248K Free: 665750K (42%)
----------------- Invoking toplevel() on ptolemy.moml.MoMLSimpleApplication@113ee5d6
----------------- Done invoking toplevel() on ptolemy.moml.MoMLSimpleApplication@113ee5d6
reloadAllAccessors: .ScaleArray
----------------- testing Tue May 22 23:24:02 UTC 2018 /home/travis/build/icyphy/ptII/ptolemy/actor/lib/test/auto/ScaleArray2.xml
----------------- Instantiating /home/travis/build/icyphy/ptII/ptolemy/actor/lib/test/auto/ScaleArray2.xml
1 ms. Memory: 1589248K Free: 645280K (41%)
----------------- Invoking toplevel() on ptolemy.moml.MoMLSimpleApplication@14da859
----------------- Done invoking toplevel() on ptolemy.moml.MoMLSimpleApplication@14da859
reloadAllAccessors: .ScaleArray2
----------------- testing Tue May 22 23:24:02 UTC 2018 /home/travis/build/icyphy/ptII/ptolemy/actor/lib/test/auto/ScaleMatrix.xml
----------------- Instantiating /home/travis/build/icyphy/ptII/ptolemy/actor/lib/test/auto/ScaleMatrix.xml
139 ms. Memory: 1589248K Free: 623153K (39%)
----------------- Invoking toplevel() on ptolemy.moml.MoMLSimpleApplication@4562df83
----------------- Done invoking toplevel() on ptolemy.moml.MoMLSimpleApplication@4562df83
reloadAllAccessors: .ScaleMatrix
----------------- testing Tue May 22 23:24:02 UTC 2018 /home/travis/build/icyphy/ptII/ptolemy/actor/lib/test/auto/Select.xml
----------------- Instantiating /home/travis/build/icyphy/ptII/ptolemy/actor/lib/test/auto/Select.xml
10 ms. Memory: 1589248K Free: 602684K (38%)
----------------- Invoking toplevel() on ptolemy.moml.MoMLSimpleApplication@1efa4781
----------------- Done invoking toplevel() on ptolemy.moml.MoMLSimpleApplication@1efa4781
reloadAllAccessors: .Select
----------------- testing Tue May 22 23:24:02 UTC 2018 /home/travis/build/icyphy/ptII/ptolemy/actor/lib/test/auto/Select2.xml
----------------- Instantiating /home/travis/build/icyphy/ptII/ptolemy/actor/lib/test/auto/Select2.xml
1 ms. Memory: 1589248K Free: 587969K (37%)
----------------- Invoking toplevel() on ptolemy.moml.MoMLSimpleApplication@1d86dfb4
----------------- Done invoking toplevel() on ptolemy.moml.MoMLSimpleApplication@1d86dfb4
reloadAllAccessors: .Select2
----------------- testing Tue May 22 23:24:02 UTC 2018 /home/travis/build/icyphy/ptII/ptolemy/actor/lib/test/auto/SequenceToArray2.xml
----------------- Instantiating /home/travis/build/icyphy/ptII/ptolemy/actor/lib/test/auto/SequenceToArray2.xml
68 ms. Memory: 1589248K Free: 499679K (31%)
----------------- Invoking toplevel() on ptolemy.moml.MoMLSimpleApplication@2bcbb4d4
----------------- Done invoking toplevel() on ptolemy.moml.MoMLSimpleApplication@2bcbb4d4
reloadAllAccessors: .SequenceToArray2
----------------- testing Tue May 22 23:24:02 UTC 2018 /home/travis/build/icyphy/ptII/ptolemy/actor/lib/test/auto/SequentialClock.xml
----------------- Instantiating /home/travis/build/icyphy/ptII/ptolemy/actor/lib/test/auto/SequentialClock.xml
1 ms. Memory: 1589248K Free: 479210K (30%)
----------------- Invoking toplevel() on ptolemy.moml.MoMLSimpleApplication@39f72c50
----------------- Done invoking toplevel() on ptolemy.moml.MoMLSimpleApplication@39f72c50
reloadAllAccessors: .SequentialClock
----------------- testing Tue May 22 23:24:02 UTC 2018 /home/travis/build/icyphy/ptII/ptolemy/actor/lib/test/auto/SetVariable.xml
----------------- Instantiating /home/travis/build/icyphy/ptII/ptolemy/actor/lib/test/auto/SetVariable.xml
2 ms. Memory: 1589248K Free: 464495K (29%)
----------------- Invoking toplevel() on ptolemy.moml.MoMLSimpleApplication@4a00c1d
----------------- Done invoking toplevel() on ptolemy.moml.MoMLSimpleApplication@4a00c1d
reloadAllAccessors: .SetVariable
----------------- testing Tue May 22 23:24:02 UTC 2018 /home/travis/build/icyphy/ptII/ptolemy/actor/lib/test/auto/SetVariable2.xml
----------------- Instantiating /home/travis/build/icyphy/ptII/ptolemy/actor/lib/test/auto/SetVariable2.xml
5 ms. Memory: 1589248K Free: 444025K (28%)
----------------- Invoking toplevel() on ptolemy.moml.MoMLSimpleApplication@14b0e71c
----------------- Done invoking toplevel() on ptolemy.moml.MoMLSimpleApplication@14b0e71c
reloadAllAccessors: .SetVariable2
----------------- testing Tue May 22 23:24:02 UTC 2018 /home/travis/build/icyphy/ptII/ptolemy/actor/lib/test/auto/SetVariable3.xml
----------------- Instantiating /home/travis/build/icyphy/ptII/ptolemy/actor/lib/test/auto/SetVariable3.xml
8 ms. Memory: 1589248K Free: 429310K (27%)
----------------- Invoking toplevel() on ptolemy.moml.MoMLSimpleApplication@41b95f3
----------------- Done invoking toplevel() on ptolemy.moml.MoMLSimpleApplication@41b95f3
reloadAllAccessors: .SetVariable3
----------------- testing Tue May 22 23:24:02 UTC 2018 /home/travis/build/icyphy/ptII/ptolemy/actor/lib/test/auto/SetVariable4.xml
----------------- Instantiating /home/travis/build/icyphy/ptII/ptolemy/actor/lib/test/auto/SetVariable4.xml
14 ms. Memory: 1589248K Free: 357339K (22%)
----------------- Invoking toplevel() on ptolemy.moml.MoMLSimpleApplication@42963af9
----------------- Done invoking toplevel() on ptolemy.moml.MoMLSimpleApplication@42963af9
reloadAllAccessors: .SetVariable4
----------------- testing Tue May 22 23:24:02 UTC 2018 /home/travis/build/icyphy/ptII/ptolemy/actor/lib/test/auto/SetVariable5.xml
----------------- Instantiating /home/travis/build/icyphy/ptII/ptolemy/actor/lib/test/auto/SetVariable5.xml
9 ms. Memory: 1589248K Free: 342624K (22%)
----------------- Invoking toplevel() on ptolemy.moml.MoMLSimpleApplication@379b2b16
----------------- Done invoking toplevel() on ptolemy.moml.MoMLSimpleApplication@379b2b16
reloadAllAccessors: .SetVariable5
----------------- testing Tue May 22 23:24:02 UTC 2018 /home/travis/build/icyphy/ptII/ptolemy/actor/lib/test/auto/Sinewave.xml
----------------- Instantiating /home/travis/build/icyphy/ptII/ptolemy/actor/lib/test/auto/Sinewave.xml
4 ms. Memory: 1589248K Free: 320544K (20%)
----------------- Invoking toplevel() on ptolemy.moml.MoMLSimpleApplication@daad367
----------------- Done invoking toplevel() on ptolemy.moml.MoMLSimpleApplication@daad367
reloadAllAccessors: .Sinewave
----------------- testing Tue May 22 23:24:02 UTC 2018 /home/travis/build/icyphy/ptII/ptolemy/actor/lib/test/auto/Sinewave2.xml
----------------- Instantiating /home/travis/build/icyphy/ptII/ptolemy/actor/lib/test/auto/Sinewave2.xml
5 ms. Memory: 1589248K Free: 300074K (19%)
----------------- Invoking toplevel() on ptolemy.moml.MoMLSimpleApplication@49aface6
----------------- Done invoking toplevel() on ptolemy.moml.MoMLSimpleApplication@49aface6
reloadAllAccessors: .Sinewave2
----------------- testing Tue May 22 23:24:02 UTC 2018 /home/travis/build/icyphy/ptII/ptolemy/actor/lib/test/auto/Sinewave3.xml
----------------- Instantiating /home/travis/build/icyphy/ptII/ptolemy/actor/lib/test/auto/Sinewave3.xml
6 ms. Memory: 1589248K Free: 285360K (18%)
----------------- Invoking toplevel() on ptolemy.moml.MoMLSimpleApplication@1750ef75
----------------- Done invoking toplevel() on ptolemy.moml.MoMLSimpleApplication@1750ef75
reloadAllAccessors: .Sinewave3
----------------- testing Tue May 22 23:24:02 UTC 2018 /home/travis/build/icyphy/ptII/ptolemy/actor/lib/test/auto/SingleEvent.xml
----------------- Instantiating /home/travis/build/icyphy/ptII/ptolemy/actor/lib/test/auto/SingleEvent.xml
1 ms. Memory: 1589248K Free: 264890K (17%)
----------------- Invoking toplevel() on ptolemy.moml.MoMLSimpleApplication@2bfb06a2
----------------- Done invoking toplevel() on ptolemy.moml.MoMLSimpleApplication@2bfb06a2
reloadAllAccessors: .SingleEvent
----------------- testing Tue May 22 23:24:02 UTC 2018 /home/travis/build/icyphy/ptII/ptolemy/actor/lib/test/auto/Sleep.xml
----------------- Instantiating /home/travis/build/icyphy/ptII/ptolemy/actor/lib/test/auto/Sleep.xml
6003 ms. Memory: 1589248K Free: 250175K (16%)
----------------- Invoking toplevel() on ptolemy.moml.MoMLSimpleApplication@468e2dfd
----------------- Done invoking toplevel() on ptolemy.moml.MoMLSimpleApplication@468e2dfd
reloadAllAccessors: .Sleep
----------------- testing Tue May 22 23:24:08 UTC 2018 /home/travis/build/icyphy/ptII/ptolemy/actor/lib/test/auto/SleepMultipleFire.xml
----------------- Instantiating /home/travis/build/icyphy/ptII/ptolemy/actor/lib/test/auto/SleepMultipleFire.xml
1005 ms. Memory: 1589248K Free: 229706K (14%)
----------------- Invoking toplevel() on ptolemy.moml.MoMLSimpleApplication@50c741fe
----------------- Done invoking toplevel() on ptolemy.moml.MoMLSimpleApplication@50c741fe
reloadAllAccessors: .SleepMultipleFire
----------------- testing Tue May 22 23:24:09 UTC 2018 /home/travis/build/icyphy/ptII/ptolemy/actor/lib/test/auto/StopDE.xml
----------------- Instantiating /home/travis/build/icyphy/ptII/ptolemy/actor/lib/test/auto/StopDE.xml
2 ms. Memory: 1589248K Free: 214991K (14%)
----------------- Invoking toplevel() on ptolemy.moml.MoMLSimpleApplication@367a50a7
----------------- Done invoking toplevel() on ptolemy.moml.MoMLSimpleApplication@367a50a7
reloadAllAccessors: .StopDE
----------------- testing Tue May 22 23:24:09 UTC 2018 /home/travis/build/icyphy/ptII/ptolemy/actor/lib/test/auto/StopSDF.xml
----------------- Instantiating /home/travis/build/icyphy/ptII/ptolemy/actor/lib/test/auto/StopSDF.xml
1 ms. Memory: 1589248K Free: 200276K (13%)
----------------- Invoking toplevel() on ptolemy.moml.MoMLSimpleApplication@3106cd66
----------------- Done invoking toplevel() on ptolemy.moml.MoMLSimpleApplication@3106cd66
reloadAllAccessors: .StopSDF
----------------- testing Tue May 22 23:24:09 UTC 2018 /home/travis/build/icyphy/ptII/ptolemy/actor/lib/test/auto/StringConstant.xml
----------------- Instantiating /home/travis/build/icyphy/ptII/ptolemy/actor/lib/test/auto/StringConstant.xml
1 ms. Memory: 1589248K Free: 179807K (11%)
----------------- Invoking toplevel() on ptolemy.moml.MoMLSimpleApplication@7b98b4a8
----------------- Done invoking toplevel() on ptolemy.moml.MoMLSimpleApplication@7b98b4a8
reloadAllAccessors: .StringConstant
----------------- testing Tue May 22 23:24:09 UTC 2018 /home/travis/build/icyphy/ptII/ptolemy/actor/lib/test/auto/SubscriberPortInitialValues1.xml
----------------- Instantiating /home/travis/build/icyphy/ptII/ptolemy/actor/lib/test/auto/SubscriberPortInitialValues1.xml
3 ms. Memory: 1589248K Free: 165092K (10%)
----------------- Invoking toplevel() on ptolemy.moml.MoMLSimpleApplication@7470d702
----------------- Done invoking toplevel() on ptolemy.moml.MoMLSimpleApplication@7470d702
reloadAllAccessors: .SubscriberPortInitialValues1
----------------- testing Tue May 22 23:24:09 UTC 2018 /home/travis/build/icyphy/ptII/ptolemy/actor/lib/test/auto/SubscriberPortInitialValues13.xml
----------------- Instantiating /home/travis/build/icyphy/ptII/ptolemy/actor/lib/test/auto/SubscriberPortInitialValues13.xml
3 ms. Memory: 1589248K Free: 137265K (9%)
----------------- Invoking toplevel() on ptolemy.moml.MoMLSimpleApplication@54ba987f
----------------- Done invoking toplevel() on ptolemy.moml.MoMLSimpleApplication@54ba987f
reloadAllAccessors: .SubscriberPortInitialValues13
----------------- testing Tue May 22 23:24:09 UTC 2018 /home/travis/build/icyphy/ptII/ptolemy/actor/lib/test/auto/SubscriberPortInitialValues14.xml
----------------- Instantiating /home/travis/build/icyphy/ptII/ptolemy/actor/lib/test/auto/SubscriberPortInitialValues14.xml
3 ms. Memory: 1589248K Free: 122550K (8%)
----------------- Invoking toplevel() on ptolemy.moml.MoMLSimpleApplication@788c702
----------------- Done invoking toplevel() on ptolemy.moml.MoMLSimpleApplication@788c702
reloadAllAccessors: .SubscriberPortInitialValues14
----------------- testing Tue May 22 23:24:09 UTC 2018 /home/travis/build/icyphy/ptII/ptolemy/actor/lib/test/auto/SubscriberPortInitialValues2.xml
----------------- Instantiating /home/travis/build/icyphy/ptII/ptolemy/actor/lib/test/auto/SubscriberPortInitialValues2.xml
3 ms. Memory: 1589248K Free: 102081K (6%)
----------------- Invoking toplevel() on ptolemy.moml.MoMLSimpleApplication@7dbfb683
----------------- Done invoking toplevel() on ptolemy.moml.MoMLSimpleApplication@7dbfb683
reloadAllAccessors: .SubscriberPortInitialValues2
----------------- testing Tue May 22 23:24:09 UTC 2018 /home/travis/build/icyphy/ptII/ptolemy/actor/lib/test/auto/SubscriberPortInitialValues3.xml
----------------- Instantiating /home/travis/build/icyphy/ptII/ptolemy/actor/lib/test/auto/SubscriberPortInitialValues3.xml
4 ms. Memory: 1589248K Free: 79992K (5%)
----------------- Invoking toplevel() on ptolemy.moml.MoMLSimpleApplication@193cc3aa
----------------- Done invoking toplevel() on ptolemy.moml.MoMLSimpleApplication@193cc3aa
reloadAllAccessors: .SubscriberPortInitialValues3
----------------- testing Tue May 22 23:24:09 UTC 2018 /home/travis/build/icyphy/ptII/ptolemy/actor/lib/test/auto/SubscriptionAggregator.xml
----------------- Instantiating /home/travis/build/icyphy/ptII/ptolemy/actor/lib/test/auto/SubscriptionAggregator.xml
2 ms. Memory: 1732096K Free: 1680254K (97%)
----------------- Invoking toplevel() on ptolemy.moml.MoMLSimpleApplication@db7bbb2
----------------- Done invoking toplevel() on ptolemy.moml.MoMLSimpleApplication@db7bbb2
reloadAllAccessors: .SubscriptionAggregator
----------------- testing Tue May 22 23:24:09 UTC 2018 /home/travis/build/icyphy/ptII/ptolemy/actor/lib/test/auto/SubscriptionAggregator2.xml
----------------- Instantiating /home/travis/build/icyphy/ptII/ptolemy/actor/lib/test/auto/SubscriptionAggregator2.xml
2 ms. Memory: 1732096K Free: 1659023K (96%)
----------------- Invoking toplevel() on ptolemy.moml.MoMLSimpleApplication@15239fce
----------------- Done invoking toplevel() on ptolemy.moml.MoMLSimpleApplication@15239fce
reloadAllAccessors: .SubscriptionAggregator2
----------------- testing Tue May 22 23:24:09 UTC 2018 /home/travis/build/icyphy/ptII/ptolemy/actor/lib/test/auto/SubscriptionAggregator3.xml
----------------- Instantiating /home/travis/build/icyphy/ptII/ptolemy/actor/lib/test/auto/SubscriptionAggregator3.xml
2 ms. Memory: 1732096K Free: 1637792K (95%)
----------------- Invoking toplevel() on ptolemy.moml.MoMLSimpleApplication@558d1164
----------------- Done invoking toplevel() on ptolemy.moml.MoMLSimpleApplication@558d1164
reloadAllAccessors: .SubscriptionAggregator3
----------------- testing Tue May 22 23:24:09 UTC 2018 /home/travis/build/icyphy/ptII/ptolemy/actor/lib/test/auto/SubscriptionAggregatorMultiply.xml
----------------- Instantiating /home/travis/build/icyphy/ptII/ptolemy/actor/lib/test/auto/SubscriptionAggregatorMultiply.xml
2 ms. Memory: 1732096K Free: 1621474K (94%)
----------------- Invoking toplevel() on ptolemy.moml.MoMLSimpleApplication@1f551a1f
----------------- Done invoking toplevel() on ptolemy.moml.MoMLSimpleApplication@1f551a1f
reloadAllAccessors: .SubscriptionAggregatorMultiply
----------------- testing Tue May 22 23:24:09 UTC 2018 /home/travis/build/icyphy/ptII/ptolemy/actor/lib/test/auto/SubscriptionAggregatorPortMultiply1.xml
----------------- Instantiating /home/travis/build/icyphy/ptII/ptolemy/actor/lib/test/auto/SubscriptionAggregatorPortMultiply1.xml
2 ms. Memory: 1732096K Free: 1600243K (92%)
----------------- Invoking toplevel() on ptolemy.moml.MoMLSimpleApplication@2d1ea125
----------------- Done invoking toplevel() on ptolemy.moml.MoMLSimpleApplication@2d1ea125
reloadAllAccessors: .SubscriptionAggregatorPortMultiply1
----------------- testing Tue May 22 23:24:09 UTC 2018 /home/travis/build/icyphy/ptII/ptolemy/actor/lib/test/auto/Switch.xml
----------------- Instantiating /home/travis/build/icyphy/ptII/ptolemy/actor/lib/test/auto/Switch.xml
3 ms. Memory: 1732096K Free: 1534934K (89%)
----------------- Invoking toplevel() on ptolemy.moml.MoMLSimpleApplication@3ab26815
----------------- Done invoking toplevel() on ptolemy.moml.MoMLSimpleApplication@3ab26815
reloadAllAccessors: .Switch
----------------- testing Tue May 22 23:24:09 UTC 2018 /home/travis/build/icyphy/ptII/ptolemy/actor/lib/test/auto/Switch2.xml
----------------- Instantiating /home/travis/build/icyphy/ptII/ptolemy/actor/lib/test/auto/Switch2.xml
1 ms. Memory: 1732096K Free: 1513703K (87%)
----------------- Invoking toplevel() on ptolemy.moml.MoMLSimpleApplication@decf084
----------------- Done invoking toplevel() on ptolemy.moml.MoMLSimpleApplication@decf084
reloadAllAccessors: .Switch2
----------------- testing Tue May 22 23:24:09 UTC 2018 /home/travis/build/icyphy/ptII/ptolemy/actor/lib/test/auto/SwitchDE.xml
----------------- Instantiating /home/travis/build/icyphy/ptII/ptolemy/actor/lib/test/auto/SwitchDE.xml
1 ms. Memory: 1732096K Free: 1497385K (86%)
----------------- Invoking toplevel() on ptolemy.moml.MoMLSimpleApplication@43f6178a
----------------- Done invoking toplevel() on ptolemy.moml.MoMLSimpleApplication@43f6178a
reloadAllAccessors: .SwitchDE
----------------- testing Tue May 22 23:24:09 UTC 2018 /home/travis/build/icyphy/ptII/ptolemy/actor/lib/test/auto/SynchronizerDE.xml
----------------- Instantiating /home/travis/build/icyphy/ptII/ptolemy/actor/lib/test/auto/SynchronizerDE.xml
2 ms. Memory: 1732096K Free: 1476154K (85%)
----------------- Invoking toplevel() on ptolemy.moml.MoMLSimpleApplication@a3e9ae7
----------------- Done invoking toplevel() on ptolemy.moml.MoMLSimpleApplication@a3e9ae7
reloadAllAccessors: .SynchronizerDE
----------------- testing Tue May 22 23:24:09 UTC 2018 /home/travis/build/icyphy/ptII/ptolemy/actor/lib/test/auto/Test.xml
----------------- Instantiating /home/travis/build/icyphy/ptII/ptolemy/actor/lib/test/auto/Test.xml
1 ms. Memory: 1732096K Free: 1459836K (84%)
----------------- Invoking toplevel() on ptolemy.moml.MoMLSimpleApplication@33604fea
----------------- Done invoking toplevel() on ptolemy.moml.MoMLSimpleApplication@33604fea
reloadAllAccessors: .Test
----------------- testing Tue May 22 23:24:09 UTC 2018 /home/travis/build/icyphy/ptII/ptolemy/actor/lib/test/auto/TestExceptionAttribute1.xml
----------------- Instantiating /home/travis/build/icyphy/ptII/ptolemy/actor/lib/test/auto/TestExceptionAttribute1.xml
0 ms. Memory: 1732096K Free: 1438605K (83%)
----------------- Invoking toplevel() on ptolemy.moml.MoMLSimpleApplication@9b885f7
----------------- Done invoking toplevel() on ptolemy.moml.MoMLSimpleApplication@9b885f7
reloadAllAccessors: .TestExceptionAttribute1
----------------- testing Tue May 22 23:24:09 UTC 2018 /home/travis/build/icyphy/ptII/ptolemy/actor/lib/test/auto/TestExceptionAttribute2.xml
----------------- Instantiating /home/travis/build/icyphy/ptII/ptolemy/actor/lib/test/auto/TestExceptionAttribute2.xml
0 ms. Memory: 1732096K Free: 1422288K (82%)
----------------- Invoking toplevel() on ptolemy.moml.MoMLSimpleApplication@cb905fd
----------------- Done invoking toplevel() on ptolemy.moml.MoMLSimpleApplication@cb905fd
reloadAllAccessors: .TestExceptionAttribute2
----------------- testing Tue May 22 23:24:09 UTC 2018 /home/travis/build/icyphy/ptII/ptolemy/actor/lib/test/auto/TestExceptionAttribute3.xml
----------------- Instantiating /home/travis/build/icyphy/ptII/ptolemy/actor/lib/test/auto/TestExceptionAttribute3.xml
.TestExceptionAttribute3.TestExceptionAttribute: initialize() was not invoked, but wrapup() was.  This is unusual, but not always a problem.  For example, exporting JNLP will do this.
0 ms. Memory: 1732096K Free: 1401056K (81%)
----------------- Invoking toplevel() on ptolemy.moml.MoMLSimpleApplication@351ca1b5
----------------- Done invoking toplevel() on ptolemy.moml.MoMLSimpleApplication@351ca1b5
reloadAllAccessors: .TestExceptionAttribute3
----------------- testing Tue May 22 23:24:09 UTC 2018 /home/travis/build/icyphy/ptII/ptolemy/actor/lib/test/auto/TestExceptionAttribute4.xml
----------------- Instantiating /home/travis/build/icyphy/ptII/ptolemy/actor/lib/test/auto/TestExceptionAttribute4.xml
.TestExceptionAttribute4.TestExceptionAttribute: initialize() was not invoked, but wrapup() was.  This is unusual, but not always a problem.  For example, exporting JNLP will do this.
.TestExceptionAttribute4.TestExceptionAttribute2: initialize() was not invoked, but wrapup() was.  This is unusual, but not always a problem.  For example, exporting JNLP will do this.
0 ms. Memory: 1732096K Free: 1384739K (80%)
----------------- Invoking toplevel() on ptolemy.moml.MoMLSimpleApplication@1af8e5e7
----------------- Done invoking toplevel() on ptolemy.moml.MoMLSimpleApplication@1af8e5e7
reloadAllAccessors: .TestExceptionAttribute4
----------------- testing Tue May 22 23:24:09 UTC 2018 /home/travis/build/icyphy/ptII/ptolemy/actor/lib/test/auto/TestExceptionHandler1.xml
----------------- Instantiating /home/travis/build/icyphy/ptII/ptolemy/actor/lib/test/auto/TestExceptionHandler1.xml
0 ms. Memory: 1732096K Free: 1363508K (79%)
----------------- Invoking toplevel() on ptolemy.moml.MoMLSimpleApplication@7f09f4b6
----------------- Done invoking toplevel() on ptolemy.moml.MoMLSimpleApplication@7f09f4b6
reloadAllAccessors: .TestExceptionHandler1
----------------- testing Tue May 22 23:24:09 UTC 2018 /home/travis/build/icyphy/ptII/ptolemy/actor/lib/test/auto/TestExceptionHandler2.xml
----------------- Instantiating /home/travis/build/icyphy/ptII/ptolemy/actor/lib/test/auto/TestExceptionHandler2.xml
1 ms. Memory: 1732096K Free: 1347190K (78%)
----------------- Invoking toplevel() on ptolemy.moml.MoMLSimpleApplication@6d96b0a5
----------------- Done invoking toplevel() on ptolemy.moml.MoMLSimpleApplication@6d96b0a5
reloadAllAccessors: .TestExceptionHandler2
----------------- testing Tue May 22 23:24:09 UTC 2018 /home/travis/build/icyphy/ptII/ptolemy/actor/lib/test/auto/TestExceptionHandler3.xml
----------------- Instantiating /home/travis/build/icyphy/ptII/ptolemy/actor/lib/test/auto/TestExceptionHandler3.xml
0 ms. Memory: 1732096K Free: 1325959K (77%)
----------------- Invoking toplevel() on ptolemy.moml.MoMLSimpleApplication@7c26b786
----------------- Done invoking toplevel() on ptolemy.moml.MoMLSimpleApplication@7c26b786
reloadAllAccessors: .TestExceptionHandler3
----------------- testing Tue May 22 23:24:09 UTC 2018 /home/travis/build/icyphy/ptII/ptolemy/actor/lib/test/auto/TestExceptionHandler4.xml
----------------- Instantiating /home/travis/build/icyphy/ptII/ptolemy/actor/lib/test/auto/TestExceptionHandler4.xml
0 ms. Memory: 1732096K Free: 1309642K (76%)
----------------- Invoking toplevel() on ptolemy.moml.MoMLSimpleApplication@3e594558
----------------- Done invoking toplevel() on ptolemy.moml.MoMLSimpleApplication@3e594558
reloadAllAccessors: .TestExceptionHandler4
----------------- testing Tue May 22 23:24:09 UTC 2018 /home/travis/build/icyphy/ptII/ptolemy/actor/lib/test/auto/TestRequireCorrectOrder.xml
----------------- Instantiating /home/travis/build/icyphy/ptII/ptolemy/actor/lib/test/auto/TestRequireCorrectOrder.xml
2 ms. Memory: 1732096K Free: 1288410K (74%)
----------------- Invoking toplevel() on ptolemy.moml.MoMLSimpleApplication@70a71844
----------------- Done invoking toplevel() on ptolemy.moml.MoMLSimpleApplication@70a71844
reloadAllAccessors: .TestRequireCorrectOrder
----------------- testing Tue May 22 23:24:09 UTC 2018 /home/travis/build/icyphy/ptII/ptolemy/actor/lib/test/auto/TestSimple.xml
----------------- Instantiating /home/travis/build/icyphy/ptII/ptolemy/actor/lib/test/auto/TestSimple.xml
0 ms. Memory: 1732096K Free: 1272093K (73%)
----------------- Invoking toplevel() on ptolemy.moml.MoMLSimpleApplication@138dac2f
----------------- Done invoking toplevel() on ptolemy.moml.MoMLSimpleApplication@138dac2f
reloadAllAccessors: .TestSimple
----------------- testing Tue May 22 23:24:09 UTC 2018 /home/travis/build/icyphy/ptII/ptolemy/actor/lib/test/auto/ThrowModelError.xml
----------------- Instantiating /home/travis/build/icyphy/ptII/ptolemy/actor/lib/test/auto/ThrowModelError.xml
1 ms. Memory: 1732096K Free: 1250862K (72%)
----------------- Invoking toplevel() on ptolemy.moml.MoMLSimpleApplication@ff46886
----------------- Done invoking toplevel() on ptolemy.moml.MoMLSimpleApplication@ff46886
reloadAllAccessors: .ThrowModelError
----------------- testing Tue May 22 23:24:09 UTC 2018 /home/travis/build/icyphy/ptII/ptolemy/actor/lib/test/auto/TimeDelayMicrosteps.xml
----------------- Instantiating /home/travis/build/icyphy/ptII/ptolemy/actor/lib/test/auto/TimeDelayMicrosteps.xml
2 ms. Memory: 1732096K Free: 1234544K (71%)
----------------- Invoking toplevel() on ptolemy.moml.MoMLSimpleApplication@9ce83d1
----------------- Done invoking toplevel() on ptolemy.moml.MoMLSimpleApplication@9ce83d1
reloadAllAccessors: .TimeDelayMicrosteps
----------------- testing Tue May 22 23:24:09 UTC 2018 /home/travis/build/icyphy/ptII/ptolemy/actor/lib/test/auto/TimeDelayMicrosteps2.xml
----------------- Instantiating /home/travis/build/icyphy/ptII/ptolemy/actor/lib/test/auto/TimeDelayMicrosteps2.xml
3 ms. Memory: 1732096K Free: 1213313K (70%)
----------------- Invoking toplevel() on ptolemy.moml.MoMLSimpleApplication@69dcbee
----------------- Done invoking toplevel() on ptolemy.moml.MoMLSimpleApplication@69dcbee
reloadAllAccessors: .TimeDelayMicrosteps2
----------------- testing Tue May 22 23:24:09 UTC 2018 /home/travis/build/icyphy/ptII/ptolemy/actor/lib/test/auto/TimeDelayMicrosteps3.xml
----------------- Instantiating /home/travis/build/icyphy/ptII/ptolemy/actor/lib/test/auto/TimeDelayMicrosteps3.xml
2 ms. Memory: 1732096K Free: 1196995K (69%)
----------------- Invoking toplevel() on ptolemy.moml.MoMLSimpleApplication@3e00cbce
----------------- Done invoking toplevel() on ptolemy.moml.MoMLSimpleApplication@3e00cbce
reloadAllAccessors: .TimeDelayMicrosteps3
----------------- testing Tue May 22 23:24:09 UTC 2018 /home/travis/build/icyphy/ptII/ptolemy/actor/lib/test/auto/TimeDelayVariableMicrosteps.xml
----------------- Instantiating /home/travis/build/icyphy/ptII/ptolemy/actor/lib/test/auto/TimeDelayVariableMicrosteps.xml
2 ms. Memory: 1732096K Free: 1175764K (68%)
----------------- Invoking toplevel() on ptolemy.moml.MoMLSimpleApplication@107f5a6
----------------- Done invoking toplevel() on ptolemy.moml.MoMLSimpleApplication@107f5a6
reloadAllAccessors: .TimeDelayVariableMicrosteps
----------------- testing Tue May 22 23:24:09 UTC 2018 /home/travis/build/icyphy/ptII/ptolemy/actor/lib/test/auto/TimeGap.xml
----------------- Instantiating /home/travis/build/icyphy/ptII/ptolemy/actor/lib/test/auto/TimeGap.xml
2 ms. Memory: 1732096K Free: 1159446K (67%)
----------------- Invoking toplevel() on ptolemy.moml.MoMLSimpleApplication@3aca1963
----------------- Done invoking toplevel() on ptolemy.moml.MoMLSimpleApplication@3aca1963
reloadAllAccessors: .TimeGap
----------------- testing Tue May 22 23:24:09 UTC 2018 /home/travis/build/icyphy/ptII/ptolemy/actor/lib/test/auto/TimeGap2.xml
----------------- Instantiating /home/travis/build/icyphy/ptII/ptolemy/actor/lib/test/auto/TimeGap2.xml
1 ms. Memory: 1732096K Free: 1138215K (66%)
----------------- Invoking toplevel() on ptolemy.moml.MoMLSimpleApplication@f050a0e
----------------- Done invoking toplevel() on ptolemy.moml.MoMLSimpleApplication@f050a0e
reloadAllAccessors: .TimeGap2
----------------- testing Tue May 22 23:24:09 UTC 2018 /home/travis/build/icyphy/ptII/ptolemy/actor/lib/test/auto/TimedSinewave.xml
----------------- Instantiating /home/travis/build/icyphy/ptII/ptolemy/actor/lib/test/auto/TimedSinewave.xml
9 ms. Memory: 1732096K Free: 1113731K (64%)
----------------- Invoking toplevel() on ptolemy.moml.MoMLSimpleApplication@1a720444
----------------- Done invoking toplevel() on ptolemy.moml.MoMLSimpleApplication@1a720444
reloadAllAccessors: .TimedSinewave
----------------- testing Tue May 22 23:24:10 UTC 2018 /home/travis/build/icyphy/ptII/ptolemy/actor/lib/test/auto/TimedSinewavePhase.xml
----------------- Instantiating /home/travis/build/icyphy/ptII/ptolemy/actor/lib/test/auto/TimedSinewavePhase.xml
5 ms. Memory: 1732096K Free: 1092500K (63%)
----------------- Invoking toplevel() on ptolemy.moml.MoMLSimpleApplication@b69816d
----------------- Done invoking toplevel() on ptolemy.moml.MoMLSimpleApplication@b69816d
reloadAllAccessors: .TimedSinewavePhase
----------------- testing Tue May 22 23:24:10 UTC 2018 /home/travis/build/icyphy/ptII/ptolemy/actor/lib/test/auto/Timer.xml
----------------- Instantiating /home/travis/build/icyphy/ptII/ptolemy/actor/lib/test/auto/Timer.xml
1 ms. Memory: 1732096K Free: 1076182K (62%)
----------------- Invoking toplevel() on ptolemy.moml.MoMLSimpleApplication@5b64a583
----------------- Done invoking toplevel() on ptolemy.moml.MoMLSimpleApplication@5b64a583
reloadAllAccessors: .Timer
----------------- testing Tue May 22 23:24:10 UTC 2018 /home/travis/build/icyphy/ptII/ptolemy/actor/lib/test/auto/TriangularDistTestModel.xml
----------------- Instantiating /home/travis/build/icyphy/ptII/ptolemy/actor/lib/test/auto/TriangularDistTestModel.xml
1 ms. Memory: 1732096K Free: 1054951K (61%)
----------------- Invoking toplevel() on ptolemy.moml.MoMLSimpleApplication@2ea91664
----------------- Done invoking toplevel() on ptolemy.moml.MoMLSimpleApplication@2ea91664
reloadAllAccessors: .TriangularDistTestModel
----------------- testing Tue May 22 23:24:10 UTC 2018 /home/travis/build/icyphy/ptII/ptolemy/actor/lib/test/auto/TrigFunction.xml
----------------- Instantiating /home/travis/build/icyphy/ptII/ptolemy/actor/lib/test/auto/TrigFunction.xml
1 ms. Memory: 1732096K Free: 1038634K (60%)
----------------- Invoking toplevel() on ptolemy.moml.MoMLSimpleApplication@5fbd0cfb
----------------- Done invoking toplevel() on ptolemy.moml.MoMLSimpleApplication@5fbd0cfb
reloadAllAccessors: .TrigFunction
----------------- testing Tue May 22 23:24:10 UTC 2018 /home/travis/build/icyphy/ptII/ptolemy/actor/lib/test/auto/TrigFunctionDE.xml
----------------- Instantiating /home/travis/build/icyphy/ptII/ptolemy/actor/lib/test/auto/TrigFunctionDE.xml
1 ms. Memory: 1732096K Free: 1017402K (59%)
----------------- Invoking toplevel() on ptolemy.moml.MoMLSimpleApplication@2d3c66df
----------------- Done invoking toplevel() on ptolemy.moml.MoMLSimpleApplication@2d3c66df
reloadAllAccessors: .TrigFunctionDE
----------------- testing Tue May 22 23:24:10 UTC 2018 /home/travis/build/icyphy/ptII/ptolemy/actor/lib/test/auto/TrigFunctionInverse.xml
----------------- Instantiating /home/travis/build/icyphy/ptII/ptolemy/actor/lib/test/auto/TrigFunctionInverse.xml
1 ms. Memory: 1732096K Free: 1001085K (58%)
----------------- Invoking toplevel() on ptolemy.moml.MoMLSimpleApplication@3b40a3cb
----------------- Done invoking toplevel() on ptolemy.moml.MoMLSimpleApplication@3b40a3cb
reloadAllAccessors: .TrigFunctionInverse
----------------- testing Tue May 22 23:24:10 UTC 2018 /home/travis/build/icyphy/ptII/ptolemy/actor/lib/test/auto/TrigFunctionTan.xml
----------------- Instantiating /home/travis/build/icyphy/ptII/ptolemy/actor/lib/test/auto/TrigFunctionTan.xml
1 ms. Memory: 1732096K Free: 979854K (57%)
----------------- Invoking toplevel() on ptolemy.moml.MoMLSimpleApplication@2b303bbd
----------------- Done invoking toplevel() on ptolemy.moml.MoMLSimpleApplication@2b303bbd
reloadAllAccessors: .TrigFunctionTan
----------------- testing Tue May 22 23:24:10 UTC 2018 /home/travis/build/icyphy/ptII/ptolemy/actor/lib/test/auto/TriggeredClock.xml
----------------- Instantiating /home/travis/build/icyphy/ptII/ptolemy/actor/lib/test/auto/TriggeredClock.xml
1 ms. Memory: 1732096K Free: 963536K (56%)
----------------- Invoking toplevel() on ptolemy.moml.MoMLSimpleApplication@32ea69c2
----------------- Done invoking toplevel() on ptolemy.moml.MoMLSimpleApplication@32ea69c2
reloadAllAccessors: .TriggeredClock
----------------- testing Tue May 22 23:24:10 UTC 2018 /home/travis/build/icyphy/ptII/ptolemy/actor/lib/test/auto/URLDirectoryReader.xml
----------------- Instantiating /home/travis/build/icyphy/ptII/ptolemy/actor/lib/test/auto/URLDirectoryReader.xml
16 ms. Memory: 1732096K Free: 942305K (54%)
----------------- Invoking toplevel() on ptolemy.moml.MoMLSimpleApplication@5910644d
----------------- Done invoking toplevel() on ptolemy.moml.MoMLSimpleApplication@5910644d
reloadAllAccessors: .URLDirectoryReader
----------------- testing Tue May 22 23:24:10 UTC 2018 /home/travis/build/icyphy/ptII/ptolemy/actor/lib/test/auto/URLDirectoryReader3.xml
----------------- Instantiating /home/travis/build/icyphy/ptII/ptolemy/actor/lib/test/auto/URLDirectoryReader3.xml
975 ms. Memory: 1732096K Free: 885193K (51%)
----------------- Invoking toplevel() on ptolemy.moml.MoMLSimpleApplication@1dc82d1
----------------- Done invoking toplevel() on ptolemy.moml.MoMLSimpleApplication@1dc82d1
reloadAllAccessors: .URLDirectoryReader3
----------------- testing Tue May 22 23:24:11 UTC 2018 /home/travis/build/icyphy/ptII/ptolemy/actor/lib/test/auto/UnaryMathFunction.xml
----------------- Instantiating /home/travis/build/icyphy/ptII/ptolemy/actor/lib/test/auto/UnaryMathFunction.xml
3 ms. Memory: 1732096K Free: 863962K (50%)
----------------- Invoking toplevel() on ptolemy.moml.MoMLSimpleApplication@25f2310e
----------------- Done invoking toplevel() on ptolemy.moml.MoMLSimpleApplication@25f2310e
reloadAllAccessors: .UnaryMathFunction
----------------- testing Tue May 22 23:24:11 UTC 2018 /home/travis/build/icyphy/ptII/ptolemy/actor/lib/test/auto/Uniform.xml
----------------- Instantiating /home/travis/build/icyphy/ptII/ptolemy/actor/lib/test/auto/Uniform.xml
1 ms. Memory: 1732096K Free: 847644K (49%)
----------------- Invoking toplevel() on ptolemy.moml.MoMLSimpleApplication@239687f3
----------------- Done invoking toplevel() on ptolemy.moml.MoMLSimpleApplication@239687f3
reloadAllAccessors: .Uniform
----------------- testing Tue May 22 23:24:11 UTC 2018 /home/travis/build/icyphy/ptII/ptolemy/actor/lib/test/auto/UnionDisassemblerTest.xml
----------------- Instantiating /home/travis/build/icyphy/ptII/ptolemy/actor/lib/test/auto/UnionDisassemblerTest.xml
7 ms. Memory: 1732096K Free: 826413K (48%)
----------------- Invoking toplevel() on ptolemy.moml.MoMLSimpleApplication@31942025
----------------- Done invoking toplevel() on ptolemy.moml.MoMLSimpleApplication@31942025
reloadAllAccessors: .UnionDisassemblerTest
----------------- testing Tue May 22 23:24:11 UTC 2018 /home/travis/build/icyphy/ptII/ptolemy/actor/lib/test/auto/UtilityFunctions.xml
----------------- Instantiating /home/travis/build/icyphy/ptII/ptolemy/actor/lib/test/auto/UtilityFunctions.xml
1 ms. Memory: 1732096K Free: 810096K (47%)
----------------- Invoking toplevel() on ptolemy.moml.MoMLSimpleApplication@7999ce88
----------------- Done invoking toplevel() on ptolemy.moml.MoMLSimpleApplication@7999ce88
reloadAllAccessors: .UtilityFunctions
----------------- testing Tue May 22 23:24:11 UTC 2018 /home/travis/build/icyphy/ptII/ptolemy/actor/lib/test/auto/VariableSleep.xml
----------------- Instantiating /home/travis/build/icyphy/ptII/ptolemy/actor/lib/test/auto/VariableSleep.xml
504 ms. Memory: 1732096K Free: 788864K (46%)
----------------- Invoking toplevel() on ptolemy.moml.MoMLSimpleApplication@738839b2
----------------- Done invoking toplevel() on ptolemy.moml.MoMLSimpleApplication@738839b2
reloadAllAccessors: .VariableSleep
----------------- testing Tue May 22 23:24:11 UTC 2018 /home/travis/build/icyphy/ptII/ptolemy/actor/lib/test/auto/VectorAssemblerDisassemblerCT.xml
----------------- Instantiating /home/travis/build/icyphy/ptII/ptolemy/actor/lib/test/auto/VectorAssemblerDisassemblerCT.xml
71 ms. Memory: 1732096K Free: 756213K (44%)
----------------- Invoking toplevel() on ptolemy.moml.MoMLSimpleApplication@52979e6f
----------------- Done invoking toplevel() on ptolemy.moml.MoMLSimpleApplication@52979e6f
reloadAllAccessors: .VectorAssemblerDisassemblerCT
----------------- testing Tue May 22 23:24:12 UTC 2018 /home/travis/build/icyphy/ptII/ptolemy/actor/lib/test/auto/VectorAssemblerDisassemblerDE.xml
----------------- Instantiating /home/travis/build/icyphy/ptII/ptolemy/actor/lib/test/auto/VectorAssemblerDisassemblerDE.xml
2 ms. Memory: 1732096K Free: 734982K (42%)
----------------- Invoking toplevel() on ptolemy.moml.MoMLSimpleApplication@5439c0c7
----------------- Done invoking toplevel() on ptolemy.moml.MoMLSimpleApplication@5439c0c7
reloadAllAccessors: .VectorAssemblerDisassemblerDE
----------------- testing Tue May 22 23:24:12 UTC 2018 /home/travis/build/icyphy/ptII/ptolemy/actor/lib/test/auto/VectorAssemblerDisassemblerSDF.xml
----------------- Instantiating /home/travis/build/icyphy/ptII/ptolemy/actor/lib/test/auto/VectorAssemblerDisassemblerSDF.xml
2 ms. Memory: 1732096K Free: 718664K (41%)
----------------- Invoking toplevel() on ptolemy.moml.MoMLSimpleApplication@6c7b2b54
----------------- Done invoking toplevel() on ptolemy.moml.MoMLSimpleApplication@6c7b2b54
reloadAllAccessors: .VectorAssemblerDisassemblerSDF
----------------- testing Tue May 22 23:24:12 UTC 2018 /home/travis/build/icyphy/ptII/ptolemy/actor/lib/test/auto/WallClockTime.xml
----------------- Instantiating /home/travis/build/icyphy/ptII/ptolemy/actor/lib/test/auto/WallClockTime.xml
1004 ms. Memory: 1732096K Free: 697433K (40%)
----------------- Invoking toplevel() on ptolemy.moml.MoMLSimpleApplication@7d1a2bd3
----------------- Done invoking toplevel() on ptolemy.moml.MoMLSimpleApplication@7d1a2bd3
reloadAllAccessors: .WallClockTime
----------------- testing Tue May 22 23:24:13 UTC 2018 /home/travis/build/icyphy/ptII/ptolemy/actor/lib/test/auto/WidthTestWithSubscriberPublisher.xml
----------------- Instantiating /home/travis/build/icyphy/ptII/ptolemy/actor/lib/test/auto/WidthTestWithSubscriberPublisher.xml
11 ms. Memory: 1732096K Free: 664774K (38%)
----------------- Invoking toplevel() on ptolemy.moml.MoMLSimpleApplication@7cdbddbd
----------------- Done invoking toplevel() on ptolemy.moml.MoMLSimpleApplication@7cdbddbd
reloadAllAccessors: .WidthTestWithSubscriberPublisher
----------------- testing Tue May 22 23:24:13 UTC 2018 /home/travis/build/icyphy/ptII/ptolemy/actor/lib/test/auto/WidthTestWithSubscriberPublisher2.xml
----------------- Instantiating /home/travis/build/icyphy/ptII/ptolemy/actor/lib/test/auto/WidthTestWithSubscriberPublisher2.xml
2 ms. Memory: 1732096K Free: 643543K (37%)
----------------- Invoking toplevel() on ptolemy.moml.MoMLSimpleApplication@27afd9f1
----------------- Done invoking toplevel() on ptolemy.moml.MoMLSimpleApplication@27afd9f1
reloadAllAccessors: .WidthTestWithSubscriberPublisher2
----------------- testing Tue May 22 23:24:13 UTC 2018 /home/travis/build/icyphy/ptII/ptolemy/actor/lib/test/auto/WidthTestWithSubscriberPublisher3.xml
----------------- Instantiating /home/travis/build/icyphy/ptII/ptolemy/actor/lib/test/auto/WidthTestWithSubscriberPublisher3.xml
1 ms. Memory: 1732096K Free: 627225K (36%)
----------------- Invoking toplevel() on ptolemy.moml.MoMLSimpleApplication@5cbb1513
----------------- Done invoking toplevel() on ptolemy.moml.MoMLSimpleApplication@5cbb1513
reloadAllAccessors: .WidthTestWithSubscriberPublisher3
----------------- testing Tue May 22 23:24:13 UTC 2018 /home/travis/build/icyphy/ptII/ptolemy/actor/lib/test/auto/Writer.xml
----------------- Instantiating /home/travis/build/icyphy/ptII/ptolemy/actor/lib/test/auto/Writer.xml
0
1
2
3
4
2 ms. Memory: 1732096K Free: 605994K (35%)
----------------- Invoking toplevel() on ptolemy.moml.MoMLSimpleApplication@43c5728a
----------------- Done invoking toplevel() on ptolemy.moml.MoMLSimpleApplication@43c5728a
reloadAllAccessors: .Writer
----------------- testing Tue May 22 23:24:13 UTC 2018 /home/travis/build/icyphy/ptII/ptolemy/actor/lib/test/auto/array.xml
----------------- Instantiating /home/travis/build/icyphy/ptII/ptolemy/actor/lib/test/auto/array.xml
1 ms. Memory: 1732096K Free: 589677K (34%)
----------------- Invoking toplevel() on ptolemy.moml.MoMLSimpleApplication@a3cb8fa
----------------- Done invoking toplevel() on ptolemy.moml.MoMLSimpleApplication@a3cb8fa
reloadAllAccessors: .array
----------------- testing Tue May 22 23:24:13 UTC 2018 /home/travis/build/icyphy/ptII/ptolemy/actor/lib/test/auto/array2.xml
----------------- Instantiating /home/travis/build/icyphy/ptII/ptolemy/actor/lib/test/auto/array2.xml
6 ms. Memory: 1732096K Free: 568445K (33%)
----------------- Invoking toplevel() on ptolemy.moml.MoMLSimpleApplication@57fbb762
----------------- Done invoking toplevel() on ptolemy.moml.MoMLSimpleApplication@57fbb762
reloadAllAccessors: .array2
----------------- testing Tue May 22 23:24:13 UTC 2018 /home/travis/build/icyphy/ptII/ptolemy/actor/lib/test/auto/arrayType.xml
----------------- Instantiating /home/travis/build/icyphy/ptII/ptolemy/actor/lib/test/auto/arrayType.xml
1 ms. Memory: 1732096K Free: 552128K (32%)
----------------- Invoking toplevel() on ptolemy.moml.MoMLSimpleApplication@2ce26ed9
----------------- Done invoking toplevel() on ptolemy.moml.MoMLSimpleApplication@2ce26ed9
reloadAllAccessors: .arrayType
----------------- testing Tue May 22 23:24:13 UTC 2018 /home/travis/build/icyphy/ptII/ptolemy/actor/lib/test/auto/arrayType10.xml
----------------- Instantiating /home/travis/build/icyphy/ptII/ptolemy/actor/lib/test/auto/arrayType10.xml
1 ms. Memory: 1732096K Free: 530897K (31%)
----------------- Invoking toplevel() on ptolemy.moml.MoMLSimpleApplication@4cf9831e
----------------- Done invoking toplevel() on ptolemy.moml.MoMLSimpleApplication@4cf9831e
reloadAllAccessors: .arrayType10
----------------- testing Tue May 22 23:24:13 UTC 2018 /home/travis/build/icyphy/ptII/ptolemy/actor/lib/test/auto/arrayType11.xml
----------------- Instantiating /home/travis/build/icyphy/ptII/ptolemy/actor/lib/test/auto/arrayType11.xml
1 ms. Memory: 1732096K Free: 509665K (29%)
----------------- Invoking toplevel() on ptolemy.moml.MoMLSimpleApplication@28e157cb
----------------- Done invoking toplevel() on ptolemy.moml.MoMLSimpleApplication@28e157cb
reloadAllAccessors: .arrayType11
----------------- testing Tue May 22 23:24:13 UTC 2018 /home/travis/build/icyphy/ptII/ptolemy/actor/lib/test/auto/arrayType12.xml
----------------- Instantiating /home/travis/build/icyphy/ptII/ptolemy/actor/lib/test/auto/arrayType12.xml
2 ms. Memory: 1732096K Free: 493348K (28%)
----------------- Invoking toplevel() on ptolemy.moml.MoMLSimpleApplication@378b0d2
----------------- Done invoking toplevel() on ptolemy.moml.MoMLSimpleApplication@378b0d2
reloadAllAccessors: .arrayType12
----------------- testing Tue May 22 23:24:13 UTC 2018 /home/travis/build/icyphy/ptII/ptolemy/actor/lib/test/auto/arrayType13.xml
----------------- Instantiating /home/travis/build/icyphy/ptII/ptolemy/actor/lib/test/auto/arrayType13.xml
2 ms. Memory: 1732096K Free: 472117K (27%)
----------------- Invoking toplevel() on ptolemy.moml.MoMLSimpleApplication@62185b8d
----------------- Done invoking toplevel() on ptolemy.moml.MoMLSimpleApplication@62185b8d
reloadAllAccessors: .arrayType13
----------------- testing Tue May 22 23:24:13 UTC 2018 /home/travis/build/icyphy/ptII/ptolemy/actor/lib/test/auto/arrayType14.xml
----------------- Instantiating /home/travis/build/icyphy/ptII/ptolemy/actor/lib/test/auto/arrayType14.xml
1 ms. Memory: 1732096K Free: 455799K (26%)
----------------- Invoking toplevel() on ptolemy.moml.MoMLSimpleApplication@4c5cce53
----------------- Done invoking toplevel() on ptolemy.moml.MoMLSimpleApplication@4c5cce53
reloadAllAccessors: .arrayType14
----------------- testing Tue May 22 23:24:13 UTC 2018 /home/travis/build/icyphy/ptII/ptolemy/actor/lib/test/auto/arrayType15.xml
----------------- Instantiating /home/travis/build/icyphy/ptII/ptolemy/actor/lib/test/auto/arrayType15.xml
1 ms. Memory: 1732096K Free: 434568K (25%)
----------------- Invoking toplevel() on ptolemy.moml.MoMLSimpleApplication@63f0edb5
----------------- Done invoking toplevel() on ptolemy.moml.MoMLSimpleApplication@63f0edb5
reloadAllAccessors: .arrayType15
----------------- testing Tue May 22 23:24:13 UTC 2018 /home/travis/build/icyphy/ptII/ptolemy/actor/lib/test/auto/arrayType16.xml
----------------- Instantiating /home/travis/build/icyphy/ptII/ptolemy/actor/lib/test/auto/arrayType16.xml
1 ms. Memory: 1732096K Free: 418250K (24%)
----------------- Invoking toplevel() on ptolemy.moml.MoMLSimpleApplication@2e13dcf4
----------------- Done invoking toplevel() on ptolemy.moml.MoMLSimpleApplication@2e13dcf4
reloadAllAccessors: .arrayType16
----------------- testing Tue May 22 23:24:13 UTC 2018 /home/travis/build/icyphy/ptII/ptolemy/actor/lib/test/auto/arrayType17.xml
----------------- Instantiating /home/travis/build/icyphy/ptII/ptolemy/actor/lib/test/auto/arrayType17.xml
1 ms. Memory: 1732096K Free: 397019K (23%)
----------------- Invoking toplevel() on ptolemy.moml.MoMLSimpleApplication@6bedf7e9
----------------- Done invoking toplevel() on ptolemy.moml.MoMLSimpleApplication@6bedf7e9
reloadAllAccessors: .arrayType17
----------------- testing Tue May 22 23:24:13 UTC 2018 /home/travis/build/icyphy/ptII/ptolemy/actor/lib/test/auto/arrayType18.xml
----------------- Instantiating /home/travis/build/icyphy/ptII/ptolemy/actor/lib/test/auto/arrayType18.xml
2 ms. Memory: 1732096K Free: 380701K (22%)
----------------- Invoking toplevel() on ptolemy.moml.MoMLSimpleApplication@5275a2ed
----------------- Done invoking toplevel() on ptolemy.moml.MoMLSimpleApplication@5275a2ed
reloadAllAccessors: .arrayType18
----------------- testing Tue May 22 23:24:13 UTC 2018 /home/travis/build/icyphy/ptII/ptolemy/actor/lib/test/auto/arrayType19.xml
----------------- Instantiating /home/travis/build/icyphy/ptII/ptolemy/actor/lib/test/auto/arrayType19.xml
1 ms. Memory: 1732096K Free: 359470K (21%)
----------------- Invoking toplevel() on ptolemy.moml.MoMLSimpleApplication@50d3342a
----------------- Done invoking toplevel() on ptolemy.moml.MoMLSimpleApplication@50d3342a
reloadAllAccessors: .arrayType19
----------------- testing Tue May 22 23:24:13 UTC 2018 /home/travis/build/icyphy/ptII/ptolemy/actor/lib/test/auto/arrayType2.xml
----------------- Instantiating /home/travis/build/icyphy/ptII/ptolemy/actor/lib/test/auto/arrayType2.xml
2 ms. Memory: 1732096K Free: 343153K (20%)
----------------- Invoking toplevel() on ptolemy.moml.MoMLSimpleApplication@1d5d9dd2
----------------- Done invoking toplevel() on ptolemy.moml.MoMLSimpleApplication@1d5d9dd2
reloadAllAccessors: .arrayType2
----------------- testing Tue May 22 23:24:13 UTC 2018 /home/travis/build/icyphy/ptII/ptolemy/actor/lib/test/auto/arrayType20.xml
----------------- Instantiating /home/travis/build/icyphy/ptII/ptolemy/actor/lib/test/auto/arrayType20.xml
1 ms. Memory: 1732096K Free: 321921K (19%)
----------------- Invoking toplevel() on ptolemy.moml.MoMLSimpleApplication@50d0c136
----------------- Done invoking toplevel() on ptolemy.moml.MoMLSimpleApplication@50d0c136
reloadAllAccessors: .arrayType20
----------------- testing Tue May 22 23:24:13 UTC 2018 /home/travis/build/icyphy/ptII/ptolemy/actor/lib/test/auto/arrayType21.xml
----------------- Instantiating /home/travis/build/icyphy/ptII/ptolemy/actor/lib/test/auto/arrayType21.xml
1 ms. Memory: 1732096K Free: 305604K (18%)
----------------- Invoking toplevel() on ptolemy.moml.MoMLSimpleApplication@37ba3bd6
----------------- Done invoking toplevel() on ptolemy.moml.MoMLSimpleApplication@37ba3bd6
reloadAllAccessors: .arrayType21
----------------- testing Tue May 22 23:24:13 UTC 2018 /home/travis/build/icyphy/ptII/ptolemy/actor/lib/test/auto/arrayType22.xml
----------------- Instantiating /home/travis/build/icyphy/ptII/ptolemy/actor/lib/test/auto/arrayType22.xml
2 ms. Memory: 1732096K Free: 284372K (16%)
----------------- Invoking toplevel() on ptolemy.moml.MoMLSimpleApplication@47556f4
----------------- Done invoking toplevel() on ptolemy.moml.MoMLSimpleApplication@47556f4
reloadAllAccessors: .arrayType22
----------------- testing Tue May 22 23:24:13 UTC 2018 /home/travis/build/icyphy/ptII/ptolemy/actor/lib/test/auto/arrayType23.xml
----------------- Instantiating /home/travis/build/icyphy/ptII/ptolemy/actor/lib/test/auto/arrayType23.xml
1 ms. Memory: 1732096K Free: 268055K (15%)
----------------- Invoking toplevel() on ptolemy.moml.MoMLSimpleApplication@43887b23
----------------- Done invoking toplevel() on ptolemy.moml.MoMLSimpleApplication@43887b23
reloadAllAccessors: .arrayType23
----------------- testing Tue May 22 23:24:13 UTC 2018 /home/travis/build/icyphy/ptII/ptolemy/actor/lib/test/auto/arrayType24.xml
----------------- Instantiating /home/travis/build/icyphy/ptII/ptolemy/actor/lib/test/auto/arrayType24.xml
1 ms. Memory: 1732096K Free: 246824K (14%)
----------------- Invoking toplevel() on ptolemy.moml.MoMLSimpleApplication@853cf22
----------------- Done invoking toplevel() on ptolemy.moml.MoMLSimpleApplication@853cf22
reloadAllAccessors: .arrayType24
----------------- testing Tue May 22 23:24:13 UTC 2018 /home/travis/build/icyphy/ptII/ptolemy/actor/lib/test/auto/arrayType25.xml
----------------- Instantiating /home/travis/build/icyphy/ptII/ptolemy/actor/lib/test/auto/arrayType25.xml
2 ms. Memory: 1732096K Free: 230506K (13%)
----------------- Invoking toplevel() on ptolemy.moml.MoMLSimpleApplication@378b3f3e
----------------- Done invoking toplevel() on ptolemy.moml.MoMLSimpleApplication@378b3f3e
reloadAllAccessors: .arrayType25
----------------- testing Tue May 22 23:24:13 UTC 2018 /home/travis/build/icyphy/ptII/ptolemy/actor/lib/test/auto/arrayType26.xml
----------------- Instantiating /home/travis/build/icyphy/ptII/ptolemy/actor/lib/test/auto/arrayType26.xml
2 ms. Memory: 1732096K Free: 209275K (12%)
----------------- Invoking toplevel() on ptolemy.moml.MoMLSimpleApplication@3bfc6312
----------------- Done invoking toplevel() on ptolemy.moml.MoMLSimpleApplication@3bfc6312
reloadAllAccessors: .arrayType26
----------------- testing Tue May 22 23:24:13 UTC 2018 /home/travis/build/icyphy/ptII/ptolemy/actor/lib/test/auto/arrayType27.xml
----------------- Instantiating /home/travis/build/icyphy/ptII/ptolemy/actor/lib/test/auto/arrayType27.xml
2 ms. Memory: 1732096K Free: 192957K (11%)
----------------- Invoking toplevel() on ptolemy.moml.MoMLSimpleApplication@30fe57a5
----------------- Done invoking toplevel() on ptolemy.moml.MoMLSimpleApplication@30fe57a5
reloadAllAccessors: .arrayType27
----------------- testing Tue May 22 23:24:13 UTC 2018 /home/travis/build/icyphy/ptII/ptolemy/actor/lib/test/auto/arrayType28.xml
----------------- Instantiating /home/travis/build/icyphy/ptII/ptolemy/actor/lib/test/auto/arrayType28.xml
2 ms. Memory: 1732096K Free: 171726K (10%)
----------------- Invoking toplevel() on ptolemy.moml.MoMLSimpleApplication@46a00e51
----------------- Done invoking toplevel() on ptolemy.moml.MoMLSimpleApplication@46a00e51
reloadAllAccessors: .arrayType28
----------------- testing Tue May 22 23:24:13 UTC 2018 /home/travis/build/icyphy/ptII/ptolemy/actor/lib/test/auto/arrayType3.xml
----------------- Instantiating /home/travis/build/icyphy/ptII/ptolemy/actor/lib/test/auto/arrayType3.xml
2 ms. Memory: 1732096K Free: 155408K (9%)
----------------- Invoking toplevel() on ptolemy.moml.MoMLSimpleApplication@2be6681b
----------------- Done invoking toplevel() on ptolemy.moml.MoMLSimpleApplication@2be6681b
reloadAllAccessors: .arrayType3
----------------- testing Tue May 22 23:24:13 UTC 2018 /home/travis/build/icyphy/ptII/ptolemy/actor/lib/test/auto/arrayType4.xml
----------------- Instantiating /home/travis/build/icyphy/ptII/ptolemy/actor/lib/test/auto/arrayType4.xml
2 ms. Memory: 1732096K Free: 134177K (8%)
----------------- Invoking toplevel() on ptolemy.moml.MoMLSimpleApplication@7d4134a6
----------------- Done invoking toplevel() on ptolemy.moml.MoMLSimpleApplication@7d4134a6
reloadAllAccessors: .arrayType4
----------------- testing Tue May 22 23:24:13 UTC 2018 /home/travis/build/icyphy/ptII/ptolemy/actor/lib/test/auto/arrayType5.xml
----------------- Instantiating /home/travis/build/icyphy/ptII/ptolemy/actor/lib/test/auto/arrayType5.xml
2 ms. Memory: 1732096K Free: 117860K (7%)
----------------- Invoking toplevel() on ptolemy.moml.MoMLSimpleApplication@45ef75b3
----------------- Done invoking toplevel() on ptolemy.moml.MoMLSimpleApplication@45ef75b3
reloadAllAccessors: .arrayType5
----------------- testing Tue May 22 23:24:13 UTC 2018 /home/travis/build/icyphy/ptII/ptolemy/actor/lib/test/auto/arrayType6.xml
----------------- Instantiating /home/travis/build/icyphy/ptII/ptolemy/actor/lib/test/auto/arrayType6.xml
2 ms. Memory: 1732096K Free: 96628K (6%)
----------------- Invoking toplevel() on ptolemy.moml.MoMLSimpleApplication@23a248a6
----------------- Done invoking toplevel() on ptolemy.moml.MoMLSimpleApplication@23a248a6
reloadAllAccessors: .arrayType6
----------------- testing Tue May 22 23:24:13 UTC 2018 /home/travis/build/icyphy/ptII/ptolemy/actor/lib/test/auto/arrayType7.xml
----------------- Instantiating /home/travis/build/icyphy/ptII/ptolemy/actor/lib/test/auto/arrayType7.xml
2 ms. Memory: 1732096K Free: 80311K (5%)
----------------- Invoking toplevel() on ptolemy.moml.MoMLSimpleApplication@14db5d1d
----------------- Done invoking toplevel() on ptolemy.moml.MoMLSimpleApplication@14db5d1d
reloadAllAccessors: .arrayType7
----------------- testing Tue May 22 23:24:13 UTC 2018 /home/travis/build/icyphy/ptII/ptolemy/actor/lib/test/auto/arrayType8.xml
----------------- Instantiating /home/travis/build/icyphy/ptII/ptolemy/actor/lib/test/auto/arrayType8.xml
2 ms. Memory: 1732096K Free: 60795K (4%)
----------------- Invoking toplevel() on ptolemy.moml.MoMLSimpleApplication@5d7d7cc4
----------------- Done invoking toplevel() on ptolemy.moml.MoMLSimpleApplication@5d7d7cc4
reloadAllAccessors: .arrayType8
----------------- testing Tue May 22 23:24:13 UTC 2018 /home/travis/build/icyphy/ptII/ptolemy/actor/lib/test/auto/arrayType9.xml
----------------- Instantiating /home/travis/build/icyphy/ptII/ptolemy/actor/lib/test/auto/arrayType9.xml
1 ms. Memory: 1750528K Free: 1673473K (96%)
----------------- Invoking toplevel() on ptolemy.moml.MoMLSimpleApplication@7d0eea21
----------------- Done invoking toplevel() on ptolemy.moml.MoMLSimpleApplication@7d0eea21
reloadAllAccessors: .arrayType9
----------------- testing Tue May 22 23:24:13 UTC 2018 /home/travis/build/icyphy/ptII/ptolemy/actor/lib/test/auto/cast.xml
----------------- Instantiating /home/travis/build/icyphy/ptII/ptolemy/actor/lib/test/auto/cast.xml
2 ms. Memory: 1750528K Free: 1651689K (94%)
----------------- Invoking toplevel() on ptolemy.moml.MoMLSimpleApplication@72c18561
----------------- Done invoking toplevel() on ptolemy.moml.MoMLSimpleApplication@72c18561
reloadAllAccessors: .cast
----------------- testing Tue May 22 23:24:13 UTC 2018 /home/travis/build/icyphy/ptII/ptolemy/actor/lib/test/auto/compositeMultiPort.xml
----------------- Instantiating /home/travis/build/icyphy/ptII/ptolemy/actor/lib/test/auto/compositeMultiPort.xml
4 ms. Memory: 1750528K Free: 1625260K (93%)
----------------- Invoking toplevel() on ptolemy.moml.MoMLSimpleApplication@3e7cd475
----------------- Done invoking toplevel() on ptolemy.moml.MoMLSimpleApplication@3e7cd475
reloadAllAccessors: .compositeMultiPort
----------------- testing Tue May 22 23:24:13 UTC 2018 /home/travis/build/icyphy/ptII/ptolemy/actor/lib/test/auto/expressionCastInference.xml
----------------- Instantiating /home/travis/build/icyphy/ptII/ptolemy/actor/lib/test/auto/expressionCastInference.xml
1 ms. Memory: 1750528K Free: 1603476K (92%)
----------------- Invoking toplevel() on ptolemy.moml.MoMLSimpleApplication@12f473b5
----------------- Done invoking toplevel() on ptolemy.moml.MoMLSimpleApplication@12f473b5
reloadAllAccessors: .expressionCastInference
----------------- testing Tue May 22 23:24:13 UTC 2018 /home/travis/build/icyphy/ptII/ptolemy/actor/lib/test/auto/expressionCastInference2.xml
----------------- Instantiating /home/travis/build/icyphy/ptII/ptolemy/actor/lib/test/auto/expressionCastInference2.xml
2 ms. Memory: 1750528K Free: 1577046K (90%)
----------------- Invoking toplevel() on ptolemy.moml.MoMLSimpleApplication@3dbd0e61
----------------- Done invoking toplevel() on ptolemy.moml.MoMLSimpleApplication@3dbd0e61
reloadAllAccessors: .expressionCastInference2
----------------- testing Tue May 22 23:24:13 UTC 2018 /home/travis/build/icyphy/ptII/ptolemy/actor/lib/test/auto/expressionInference.xml
----------------- Instantiating /home/travis/build/icyphy/ptII/ptolemy/actor/lib/test/auto/expressionInference.xml
1 ms. Memory: 1750528K Free: 1555262K (89%)
----------------- Invoking toplevel() on ptolemy.moml.MoMLSimpleApplication@461028cb
----------------- Done invoking toplevel() on ptolemy.moml.MoMLSimpleApplication@461028cb
reloadAllAccessors: .expressionInference
----------------- testing Tue May 22 23:24:13 UTC 2018 /home/travis/build/icyphy/ptII/ptolemy/actor/lib/test/auto/expression_bug.xml
----------------- Instantiating /home/travis/build/icyphy/ptII/ptolemy/actor/lib/test/auto/expression_bug.xml
1 ms. Memory: 1750528K Free: 1528833K (87%)
----------------- Invoking toplevel() on ptolemy.moml.MoMLSimpleApplication@601e50c2
----------------- Done invoking toplevel() on ptolemy.moml.MoMLSimpleApplication@601e50c2
reloadAllAccessors: .expression_bug
----------------- testing Tue May 22 23:24:13 UTC 2018 /home/travis/build/icyphy/ptII/ptolemy/actor/lib/test/auto/factorial.xml
----------------- Instantiating /home/travis/build/icyphy/ptII/ptolemy/actor/lib/test/auto/factorial.xml
52 ms. Memory: 1750528K Free: 1507049K (86%)
----------------- Invoking toplevel() on ptolemy.moml.MoMLSimpleApplication@565f007f
----------------- Done invoking toplevel() on ptolemy.moml.MoMLSimpleApplication@565f007f
reloadAllAccessors: .factorial
----------------- testing Tue May 22 23:24:13 UTC 2018 /home/travis/build/icyphy/ptII/ptolemy/actor/lib/test/auto/filterTest1.xml
----------------- Instantiating /home/travis/build/icyphy/ptII/ptolemy/actor/lib/test/auto/filterTest1.xml
3 ms. Memory: 1750528K Free: 1480619K (85%)
----------------- Invoking toplevel() on ptolemy.moml.MoMLSimpleApplication@5c5a2690
----------------- Done invoking toplevel() on ptolemy.moml.MoMLSimpleApplication@5c5a2690
reloadAllAccessors: .filterTest1
----------------- testing Tue May 22 23:24:13 UTC 2018 /home/travis/build/icyphy/ptII/ptolemy/actor/lib/test/auto/funcApplyInConst.xml
----------------- Instantiating /home/travis/build/icyphy/ptII/ptolemy/actor/lib/test/auto/funcApplyInConst.xml
1 ms. Memory: 1750528K Free: 1454190K (83%)
----------------- Invoking toplevel() on ptolemy.moml.MoMLSimpleApplication@4e4aae9b
----------------- Done invoking toplevel() on ptolemy.moml.MoMLSimpleApplication@4e4aae9b
reloadAllAccessors: .funcApplyInConst
----------------- testing Tue May 22 23:24:13 UTC 2018 /home/travis/build/icyphy/ptII/ptolemy/actor/lib/test/auto/funcApplyInExpr.xml
----------------- Instantiating /home/travis/build/icyphy/ptII/ptolemy/actor/lib/test/auto/funcApplyInExpr.xml
2 ms. Memory: 1750528K Free: 1432406K (82%)
----------------- Invoking toplevel() on ptolemy.moml.MoMLSimpleApplication@68f85a47
----------------- Done invoking toplevel() on ptolemy.moml.MoMLSimpleApplication@68f85a47
reloadAllAccessors: .funcApplyInExpr
----------------- testing Tue May 22 23:24:14 UTC 2018 /home/travis/build/icyphy/ptII/ptolemy/actor/lib/test/auto/function.xml
----------------- Instantiating /home/travis/build/icyphy/ptII/ptolemy/actor/lib/test/auto/function.xml
2 ms. Memory: 1750528K Free: 1405976K (80%)
----------------- Invoking toplevel() on ptolemy.moml.MoMLSimpleApplication@547b3a8a
----------------- Done invoking toplevel() on ptolemy.moml.MoMLSimpleApplication@547b3a8a
reloadAllAccessors: .function
----------------- testing Tue May 22 23:24:14 UTC 2018 /home/travis/build/icyphy/ptII/ptolemy/actor/lib/test/auto/function2.xml
----------------- Instantiating /home/travis/build/icyphy/ptII/ptolemy/actor/lib/test/auto/function2.xml
2 ms. Memory: 1750528K Free: 1384192K (79%)
----------------- Invoking toplevel() on ptolemy.moml.MoMLSimpleApplication@519dc603
----------------- Done invoking toplevel() on ptolemy.moml.MoMLSimpleApplication@519dc603
reloadAllAccessors: .function2
----------------- testing Tue May 22 23:24:14 UTC 2018 /home/travis/build/icyphy/ptII/ptolemy/actor/lib/test/auto/function3.xml
----------------- Instantiating /home/travis/build/icyphy/ptII/ptolemy/actor/lib/test/auto/function3.xml
2 ms. Memory: 1750528K Free: 1357763K (78%)
----------------- Invoking toplevel() on ptolemy.moml.MoMLSimpleApplication@4ef99ec7
----------------- Done invoking toplevel() on ptolemy.moml.MoMLSimpleApplication@4ef99ec7
reloadAllAccessors: .function3
----------------- testing Tue May 22 23:24:14 UTC 2018 /home/travis/build/icyphy/ptII/ptolemy/actor/lib/test/auto/functionClosureTest1.xml
----------------- Instantiating /home/travis/build/icyphy/ptII/ptolemy/actor/lib/test/auto/functionClosureTest1.xml
1 ms. Memory: 1750528K Free: 1335979K (76%)
----------------- Invoking toplevel() on ptolemy.moml.MoMLSimpleApplication@2565923f
----------------- Done invoking toplevel() on ptolemy.moml.MoMLSimpleApplication@2565923f
reloadAllAccessors: .functionClosureTest1
----------------- testing Tue May 22 23:24:14 UTC 2018 /home/travis/build/icyphy/ptII/ptolemy/actor/lib/test/auto/functionClosureTest2.xml
----------------- Instantiating /home/travis/build/icyphy/ptII/ptolemy/actor/lib/test/auto/functionClosureTest2.xml
1 ms. Memory: 1750528K Free: 1309549K (75%)
----------------- Invoking toplevel() on ptolemy.moml.MoMLSimpleApplication@6d1ce5e8
----------------- Done invoking toplevel() on ptolemy.moml.MoMLSimpleApplication@6d1ce5e8
reloadAllAccessors: .functionClosureTest2
----------------- testing Tue May 22 23:24:14 UTC 2018 /home/travis/build/icyphy/ptII/ptolemy/actor/lib/test/auto/functionClosureTest3.xml
----------------- Instantiating /home/travis/build/icyphy/ptII/ptolemy/actor/lib/test/auto/functionClosureTest3.xml
2 ms. Memory: 1750528K Free: 1287765K (74%)
----------------- Invoking toplevel() on ptolemy.moml.MoMLSimpleApplication@79d073f0
----------------- Done invoking toplevel() on ptolemy.moml.MoMLSimpleApplication@79d073f0
reloadAllAccessors: .functionClosureTest3
----------------- testing Tue May 22 23:24:14 UTC 2018 /home/travis/build/icyphy/ptII/ptolemy/actor/lib/test/auto/functionClosureTest4.xml
----------------- Instantiating /home/travis/build/icyphy/ptII/ptolemy/actor/lib/test/auto/functionClosureTest4.xml
6 ms. Memory: 1750528K Free: 1261336K (72%)
----------------- Invoking toplevel() on ptolemy.moml.MoMLSimpleApplication@7fcc25ff
----------------- Done invoking toplevel() on ptolemy.moml.MoMLSimpleApplication@7fcc25ff
reloadAllAccessors: .functionClosureTest4
----------------- testing Tue May 22 23:24:14 UTC 2018 /home/travis/build/icyphy/ptII/ptolemy/actor/lib/test/auto/functionClosureTest5.xml
----------------- Instantiating /home/travis/build/icyphy/ptII/ptolemy/actor/lib/test/auto/functionClosureTest5.xml
4 ms. Memory: 1750528K Free: 1234906K (71%)
----------------- Invoking toplevel() on ptolemy.moml.MoMLSimpleApplication@3ba5f903
----------------- Done invoking toplevel() on ptolemy.moml.MoMLSimpleApplication@3ba5f903
reloadAllAccessors: .functionClosureTest5
----------------- testing Tue May 22 23:24:14 UTC 2018 /home/travis/build/icyphy/ptII/ptolemy/actor/lib/test/auto/functionClosureTest6.xml
----------------- Instantiating /home/travis/build/icyphy/ptII/ptolemy/actor/lib/test/auto/functionClosureTest6.xml
2 ms. Memory: 1750528K Free: 1213122K (69%)
----------------- Invoking toplevel() on ptolemy.moml.MoMLSimpleApplication@2dc96c19
----------------- Done invoking toplevel() on ptolemy.moml.MoMLSimpleApplication@2dc96c19
reloadAllAccessors: .functionClosureTest6
----------------- testing Tue May 22 23:24:14 UTC 2018 /home/travis/build/icyphy/ptII/ptolemy/actor/lib/test/auto/functionsOnArcs.xml
----------------- Instantiating /home/travis/build/icyphy/ptII/ptolemy/actor/lib/test/auto/functionsOnArcs.xml
1 ms. Memory: 1750528K Free: 1186693K (68%)
----------------- Invoking toplevel() on ptolemy.moml.MoMLSimpleApplication@6bb822e5
----------------- Done invoking toplevel() on ptolemy.moml.MoMLSimpleApplication@6bb822e5
reloadAllAccessors: .functionsOnArcs
----------------- testing Tue May 22 23:24:14 UTC 2018 /home/travis/build/icyphy/ptII/ptolemy/actor/lib/test/auto/functionsOnArcsHOF.xml
----------------- Instantiating /home/travis/build/icyphy/ptII/ptolemy/actor/lib/test/auto/functionsOnArcsHOF.xml
4 ms. Memory: 1750528K Free: 1164909K (67%)
----------------- Invoking toplevel() on ptolemy.moml.MoMLSimpleApplication@451cfba
----------------- Done invoking toplevel() on ptolemy.moml.MoMLSimpleApplication@451cfba
reloadAllAccessors: .functionsOnArcsHOF
----------------- testing Tue May 22 23:24:14 UTC 2018 /home/travis/build/icyphy/ptII/ptolemy/actor/lib/test/auto/logic.xml
----------------- Instantiating /home/travis/build/icyphy/ptII/ptolemy/actor/lib/test/auto/logic.xml
2 ms. Memory: 1750528K Free: 1138479K (65%)
----------------- Invoking toplevel() on ptolemy.moml.MoMLSimpleApplication@3d97016f
----------------- Done invoking toplevel() on ptolemy.moml.MoMLSimpleApplication@3d97016f
reloadAllAccessors: .logic
----------------- testing Tue May 22 23:24:14 UTC 2018 /home/travis/build/icyphy/ptII/ptolemy/actor/lib/test/auto/matrixType.xml
----------------- Instantiating /home/travis/build/icyphy/ptII/ptolemy/actor/lib/test/auto/matrixType.xml
2 ms. Memory: 1750528K Free: 1116695K (64%)
----------------- Invoking toplevel() on ptolemy.moml.MoMLSimpleApplication@57fbbe90
----------------- Done invoking toplevel() on ptolemy.moml.MoMLSimpleApplication@57fbbe90
reloadAllAccessors: .matrixType
----------------- testing Tue May 22 23:24:14 UTC 2018 /home/travis/build/icyphy/ptII/ptolemy/actor/lib/test/auto/matrixType10.xml
----------------- Instantiating /home/travis/build/icyphy/ptII/ptolemy/actor/lib/test/auto/matrixType10.xml
2 ms. Memory: 1750528K Free: 1090266K (62%)
----------------- Invoking toplevel() on ptolemy.moml.MoMLSimpleApplication@3419d3bd
----------------- Done invoking toplevel() on ptolemy.moml.MoMLSimpleApplication@3419d3bd
reloadAllAccessors: .matrixType10
----------------- testing Tue May 22 23:24:14 UTC 2018 /home/travis/build/icyphy/ptII/ptolemy/actor/lib/test/auto/matrixType11.xml
----------------- Instantiating /home/travis/build/icyphy/ptII/ptolemy/actor/lib/test/auto/matrixType11.xml
2 ms. Memory: 1750528K Free: 1068482K (61%)
----------------- Invoking toplevel() on ptolemy.moml.MoMLSimpleApplication@3b6aa777
----------------- Done invoking toplevel() on ptolemy.moml.MoMLSimpleApplication@3b6aa777
reloadAllAccessors: .matrixType11
----------------- testing Tue May 22 23:24:14 UTC 2018 /home/travis/build/icyphy/ptII/ptolemy/actor/lib/test/auto/matrixType12.xml
----------------- Instantiating /home/travis/build/icyphy/ptII/ptolemy/actor/lib/test/auto/matrixType12.xml
2 ms. Memory: 1750528K Free: 1042052K (60%)
----------------- Invoking toplevel() on ptolemy.moml.MoMLSimpleApplication@a17995a
----------------- Done invoking toplevel() on ptolemy.moml.MoMLSimpleApplication@a17995a
reloadAllAccessors: .matrixType12
----------------- testing Tue May 22 23:24:14 UTC 2018 /home/travis/build/icyphy/ptII/ptolemy/actor/lib/test/auto/matrixType13.xml
----------------- Instantiating /home/travis/build/icyphy/ptII/ptolemy/actor/lib/test/auto/matrixType13.xml
1 ms. Memory: 1750528K Free: 1015623K (58%)
----------------- Invoking toplevel() on ptolemy.moml.MoMLSimpleApplication@7020ad0b
----------------- Done invoking toplevel() on ptolemy.moml.MoMLSimpleApplication@7020ad0b
reloadAllAccessors: .matrixType13
----------------- testing Tue May 22 23:24:14 UTC 2018 /home/travis/build/icyphy/ptII/ptolemy/actor/lib/test/auto/matrixType14.xml
----------------- Instantiating /home/travis/build/icyphy/ptII/ptolemy/actor/lib/test/auto/matrixType14.xml
2 ms. Memory: 1750528K Free: 993839K (57%)
----------------- Invoking toplevel() on ptolemy.moml.MoMLSimpleApplication@29ebce45
----------------- Done invoking toplevel() on ptolemy.moml.MoMLSimpleApplication@29ebce45
reloadAllAccessors: .matrixType14
----------------- testing Tue May 22 23:24:14 UTC 2018 /home/travis/build/icyphy/ptII/ptolemy/actor/lib/test/auto/matrixType2.xml
----------------- Instantiating /home/travis/build/icyphy/ptII/ptolemy/actor/lib/test/auto/matrixType2.xml
1 ms. Memory: 1750528K Free: 967409K (55%)
----------------- Invoking toplevel() on ptolemy.moml.MoMLSimpleApplication@7e34cb83
----------------- Done invoking toplevel() on ptolemy.moml.MoMLSimpleApplication@7e34cb83
reloadAllAccessors: .matrixType2
----------------- testing Tue May 22 23:24:14 UTC 2018 /home/travis/build/icyphy/ptII/ptolemy/actor/lib/test/auto/matrixType3.xml
----------------- Instantiating /home/travis/build/icyphy/ptII/ptolemy/actor/lib/test/auto/matrixType3.xml
4 ms. Memory: 1750528K Free: 945625K (54%)
----------------- Invoking toplevel() on ptolemy.moml.MoMLSimpleApplication@1b06dbb2
----------------- Done invoking toplevel() on ptolemy.moml.MoMLSimpleApplication@1b06dbb2
reloadAllAccessors: .matrixType3
----------------- testing Tue May 22 23:24:14 UTC 2018 /home/travis/build/icyphy/ptII/ptolemy/actor/lib/test/auto/matrixType4.xml
----------------- Instantiating /home/travis/build/icyphy/ptII/ptolemy/actor/lib/test/auto/matrixType4.xml
1 ms. Memory: 1750528K Free: 919196K (53%)
----------------- Invoking toplevel() on ptolemy.moml.MoMLSimpleApplication@32385f32
----------------- Done invoking toplevel() on ptolemy.moml.MoMLSimpleApplication@32385f32
reloadAllAccessors: .matrixType4
----------------- testing Tue May 22 23:24:14 UTC 2018 /home/travis/build/icyphy/ptII/ptolemy/actor/lib/test/auto/matrixType5.xml
----------------- Instantiating /home/travis/build/icyphy/ptII/ptolemy/actor/lib/test/auto/matrixType5.xml
1 ms. Memory: 1750528K Free: 897412K (51%)
----------------- Invoking toplevel() on ptolemy.moml.MoMLSimpleApplication@2c45e108
----------------- Done invoking toplevel() on ptolemy.moml.MoMLSimpleApplication@2c45e108
reloadAllAccessors: .matrixType5
----------------- testing Tue May 22 23:24:14 UTC 2018 /home/travis/build/icyphy/ptII/ptolemy/actor/lib/test/auto/matrixType6.xml
----------------- Instantiating /home/travis/build/icyphy/ptII/ptolemy/actor/lib/test/auto/matrixType6.xml
1 ms. Memory: 1750528K Free: 870982K (50%)
----------------- Invoking toplevel() on ptolemy.moml.MoMLSimpleApplication@6273fac6
----------------- Done invoking toplevel() on ptolemy.moml.MoMLSimpleApplication@6273fac6
reloadAllAccessors: .matrixType6
----------------- testing Tue May 22 23:24:14 UTC 2018 /home/travis/build/icyphy/ptII/ptolemy/actor/lib/test/auto/matrixType7.xml
----------------- Instantiating /home/travis/build/icyphy/ptII/ptolemy/actor/lib/test/auto/matrixType7.xml
2 ms. Memory: 1750528K Free: 844553K (48%)
----------------- Invoking toplevel() on ptolemy.moml.MoMLSimpleApplication@188b0de9
----------------- Done invoking toplevel() on ptolemy.moml.MoMLSimpleApplication@188b0de9
reloadAllAccessors: .matrixType7
----------------- testing Tue May 22 23:24:14 UTC 2018 /home/travis/build/icyphy/ptII/ptolemy/actor/lib/test/auto/matrixType8.xml
----------------- Instantiating /home/travis/build/icyphy/ptII/ptolemy/actor/lib/test/auto/matrixType8.xml
2 ms. Memory: 1750528K Free: 822769K (47%)
----------------- Invoking toplevel() on ptolemy.moml.MoMLSimpleApplication@19ca49e5
----------------- Done invoking toplevel() on ptolemy.moml.MoMLSimpleApplication@19ca49e5
reloadAllAccessors: .matrixType8
----------------- testing Tue May 22 23:24:14 UTC 2018 /home/travis/build/icyphy/ptII/ptolemy/actor/lib/test/auto/matrixType9.xml
----------------- Instantiating /home/travis/build/icyphy/ptII/ptolemy/actor/lib/test/auto/matrixType9.xml
1 ms. Memory: 1750528K Free: 796339K (45%)
----------------- Invoking toplevel() on ptolemy.moml.MoMLSimpleApplication@1e74adaf
----------------- Done invoking toplevel() on ptolemy.moml.MoMLSimpleApplication@1e74adaf
reloadAllAccessors: .matrixType9
----------------- testing Tue May 22 23:24:14 UTC 2018 /home/travis/build/icyphy/ptII/ptolemy/actor/lib/test/auto/paraFunctest.xml
----------------- Instantiating /home/travis/build/icyphy/ptII/ptolemy/actor/lib/test/auto/paraFunctest.xml
1 ms. Memory: 1750528K Free: 774555K (44%)
----------------- Invoking toplevel() on ptolemy.moml.MoMLSimpleApplication@1b0570b5
----------------- Done invoking toplevel() on ptolemy.moml.MoMLSimpleApplication@1b0570b5
reloadAllAccessors: .paraFunctest
----------------- testing Tue May 22 23:24:14 UTC 2018 /home/travis/build/icyphy/ptII/ptolemy/actor/lib/test/auto/paraFunctest2.xml
----------------- Instantiating /home/travis/build/icyphy/ptII/ptolemy/actor/lib/test/auto/paraFunctest2.xml
1 ms. Memory: 1750528K Free: 748126K (43%)
----------------- Invoking toplevel() on ptolemy.moml.MoMLSimpleApplication@47fe03fc
----------------- Done invoking toplevel() on ptolemy.moml.MoMLSimpleApplication@47fe03fc
reloadAllAccessors: .paraFunctest2
----------------- testing Tue May 22 23:24:14 UTC 2018 /home/travis/build/icyphy/ptII/ptolemy/actor/lib/test/auto/parameterPassing.xml
----------------- Instantiating /home/travis/build/icyphy/ptII/ptolemy/actor/lib/test/auto/parameterPassing.xml
0 ms. Memory: 1750528K Free: 726342K (41%)
----------------- Invoking toplevel() on ptolemy.moml.MoMLSimpleApplication@63e46dc3
----------------- Done invoking toplevel() on ptolemy.moml.MoMLSimpleApplication@63e46dc3
reloadAllAccessors: .parameterPassing
----------------- testing Tue May 22 23:24:14 UTC 2018 /home/travis/build/icyphy/ptII/ptolemy/actor/lib/test/auto/record.xml
----------------- Instantiating /home/travis/build/icyphy/ptII/ptolemy/actor/lib/test/auto/record.xml
2 ms. Memory: 1750528K Free: 699912K (40%)
----------------- Invoking toplevel() on ptolemy.moml.MoMLSimpleApplication@307c2409
----------------- Done invoking toplevel() on ptolemy.moml.MoMLSimpleApplication@307c2409
reloadAllAccessors: .record
----------------- testing Tue May 22 23:24:14 UTC 2018 /home/travis/build/icyphy/ptII/ptolemy/actor/lib/test/auto/sizedarray1.xml
----------------- Instantiating /home/travis/build/icyphy/ptII/ptolemy/actor/lib/test/auto/sizedarray1.xml
1 ms. Memory: 1750528K Free: 678128K (39%)
----------------- Invoking toplevel() on ptolemy.moml.MoMLSimpleApplication@eb30ebd
----------------- Done invoking toplevel() on ptolemy.moml.MoMLSimpleApplication@eb30ebd
reloadAllAccessors: .sizedarray1
----------------- testing Tue May 22 23:24:14 UTC 2018 /home/travis/build/icyphy/ptII/ptolemy/actor/lib/test/auto/sizedarray2.xml
----------------- Instantiating /home/travis/build/icyphy/ptII/ptolemy/actor/lib/test/auto/sizedarray2.xml
2 ms. Memory: 1750528K Free: 651699K (37%)
----------------- Invoking toplevel() on ptolemy.moml.MoMLSimpleApplication@3839aa76
----------------- Done invoking toplevel() on ptolemy.moml.MoMLSimpleApplication@3839aa76
reloadAllAccessors: .sizedarray2
----------------- testing Tue May 22 23:24:14 UTC 2018 /home/travis/build/icyphy/ptII/ptolemy/actor/lib/test/auto/twoPublishers.xml
----------------- Instantiating /home/travis/build/icyphy/ptII/ptolemy/actor/lib/test/auto/twoPublishers.xml
5 ms. Memory: 1750528K Free: 625269K (36%)
----------------- Invoking toplevel() on ptolemy.moml.MoMLSimpleApplication@1f7399cb
----------------- Done invoking toplevel() on ptolemy.moml.MoMLSimpleApplication@1f7399cb
reloadAllAccessors: .twoPublishers
AutoTests.java: About to close Vertx.
AutoTests.java: Vertx closed.
]]></system-out>
  <system-err><![CDATA[java.lang.RuntimeException: Execution failed
	at ptolemy.moml.MoMLSimpleApplication$UnloadThread.run(MoMLSimpleApplication.java:402)
Caused by: java.lang.RuntimeException: Normally, we would exit here because Manager.exitAfterWrapup() was called.  However, because the ptolemy.ptII.exitAfterWrapup property is set, we throw this exception instead.
	at ptolemy.util.StringUtilities.exit(StringUtilities.java:365)
	at ptolemy.actor.Manager.wrapup(Manager.java:1531)
	at ptolemy.actor.Manager.execute(Manager.java:407)
	at ptolemy.actor.Manager.run(Manager.java:1263)
	at ptolemy.actor.Manager$PtolemyRunThread.run(Manager.java:1915)
Warning: '.top.test' is in training mode, set the trainingMode parameter to false before checking in
Warning: '.top.test' is in training mode, set the trainingMode parameter to false before checking in
Warning: '.top.test' is in training mode, set the trainingMode parameter to false before checking in
Warning: '.BooleanSwitch_RegressionTest_WrongTrainingValues.Test' is in training mode, set the trainingMode parameter to false before checking in
Warning: '.BooleanSwitch_RegressionTest_WrongTrainingValues.Test2' is in training mode, set the trainingMode parameter to false before checking in
Warning: '.BooleanSwitch_RegressionTest_WrongTrainingValues.Test2' The test produced 0 tokens.
Warning: '.top.testExceptionHandler' is in training mode, set the trainingMode parameter to false before checking in
java.lang.RuntimeException: Execution failed
	at ptolemy.moml.MoMLSimpleApplication$UnloadThread.run(MoMLSimpleApplication.java:402)
Caused by: ptolemy.kernel.util.IllegalActionException: PublisherPorts cannot be used at the top level, use a Publisher actor instead.
  in .PublisherPortToplevelSubscriber.PublisherPort
	at ptolemy.actor.PublisherPort.preinitialize(PublisherPort.java:403)
	at ptolemy.actor.CompositeActor.preinitialize(CompositeActor.java:1769)
	at ptolemy.actor.Manager.preinitializeAndResolveTypes(Manager.java:1040)
	at ptolemy.actor.Manager.initialize(Manager.java:710)
	at ptolemy.actor.Manager.execute(Manager.java:356)
	at ptolemy.actor.Manager.run(Manager.java:1263)
	at ptolemy.actor.Manager$PtolemyRunThread.run(Manager.java:1915)
java.lang.reflect.InvocationTargetException
	at sun.reflect.NativeConstructorAccessorImpl.newInstance0(Native Method)
	at sun.reflect.NativeConstructorAccessorImpl.newInstance(NativeConstructorAccessorImpl.java:62)
	at sun.reflect.DelegatingConstructorAccessorImpl.newInstance(DelegatingConstructorAccessorImpl.java:45)
	at java.lang.reflect.Constructor.newInstance(Constructor.java:423)
	at ptolemy.util.test.junit.AutoKnownFailedTests.RunModel(AutoKnownFailedTests.java:107)
	at sun.reflect.NativeMethodAccessorImpl.invoke0(Native Method)
	at sun.reflect.NativeMethodAccessorImpl.invoke(NativeMethodAccessorImpl.java:62)
	at sun.reflect.DelegatingMethodAccessorImpl.invoke(DelegatingMethodAccessorImpl.java:43)
	at java.lang.reflect.Method.invoke(Method.java:498)
	at org.junit.runners.model.FrameworkMethod$1.runReflectiveCall(FrameworkMethod.java:44)
	at org.junit.internal.runners.model.ReflectiveCallable.run(ReflectiveCallable.java:15)
	at org.junit.runners.model.FrameworkMethod.invokeExplosively(FrameworkMethod.java:41)
	at junitparams.internal.InvokeParameterisedMethod.evaluate(InvokeParameterisedMethod.java:102)
	at org.junit.internal.runners.statements.FailOnTimeout$1.run(FailOnTimeout.java:28)
Caused by: ptolemy.kernel.util.IllegalActionException: PublisherPorts cannot be used at the top level, use a Publisher actor instead.
  in .PublisherPortToplevelSubscriber.PublisherPort
	at ptolemy.actor.PublisherPort.preinitialize(PublisherPort.java:403)
	at ptolemy.actor.CompositeActor.preinitialize(CompositeActor.java:1769)
	at ptolemy.actor.Manager.preinitializeAndResolveTypes(Manager.java:1040)
	at ptolemy.actor.Manager.initialize(Manager.java:710)
	at ptolemy.actor.Manager.execute(Manager.java:356)
	at ptolemy.actor.Manager.run(Manager.java:1263)
	at ptolemy.actor.Manager$PtolemyRunThread.run(Manager.java:1915)
java.lang.RuntimeException: Execution failed
	at ptolemy.moml.MoMLSimpleApplication$UnloadThread.run(MoMLSimpleApplication.java:402)
Caused by: ptolemy.kernel.util.IllegalActionException: SubscriberPorts cannot be used at the top level, use a Subscriber actor instead.
  in .PublisherSubscriberPortToplevel.SubscriberPort
	at ptolemy.actor.SubscriberPort.preinitialize(SubscriberPort.java:328)
	at ptolemy.actor.CompositeActor.preinitialize(CompositeActor.java:1769)
	at ptolemy.actor.Manager.preinitializeAndResolveTypes(Manager.java:1040)
	at ptolemy.actor.Manager.initialize(Manager.java:710)
	at ptolemy.actor.Manager.execute(Manager.java:356)
	at ptolemy.actor.Manager.run(Manager.java:1263)
	at ptolemy.actor.Manager$PtolemyRunThread.run(Manager.java:1915)
java.lang.reflect.InvocationTargetException
	at sun.reflect.NativeConstructorAccessorImpl.newInstance0(Native Method)
	at sun.reflect.NativeConstructorAccessorImpl.newInstance(NativeConstructorAccessorImpl.java:62)
	at sun.reflect.DelegatingConstructorAccessorImpl.newInstance(DelegatingConstructorAccessorImpl.java:45)
	at java.lang.reflect.Constructor.newInstance(Constructor.java:423)
	at ptolemy.util.test.junit.AutoKnownFailedTests.RunModel(AutoKnownFailedTests.java:107)
	at sun.reflect.NativeMethodAccessorImpl.invoke0(Native Method)
	at sun.reflect.NativeMethodAccessorImpl.invoke(NativeMethodAccessorImpl.java:62)
	at sun.reflect.DelegatingMethodAccessorImpl.invoke(DelegatingMethodAccessorImpl.java:43)
	at java.lang.reflect.Method.invoke(Method.java:498)
	at org.junit.runners.model.FrameworkMethod$1.runReflectiveCall(FrameworkMethod.java:44)
	at org.junit.internal.runners.model.ReflectiveCallable.run(ReflectiveCallable.java:15)
	at org.junit.runners.model.FrameworkMethod.invokeExplosively(FrameworkMethod.java:41)
	at junitparams.internal.InvokeParameterisedMethod.evaluate(InvokeParameterisedMethod.java:102)
	at org.junit.internal.runners.statements.FailOnTimeout$1.run(FailOnTimeout.java:28)
Caused by: ptolemy.kernel.util.IllegalActionException: SubscriberPorts cannot be used at the top level, use a Subscriber actor instead.
  in .PublisherSubscriberPortToplevel.SubscriberPort
	at ptolemy.actor.SubscriberPort.preinitialize(SubscriberPort.java:328)
	at ptolemy.actor.CompositeActor.preinitialize(CompositeActor.java:1769)
	at ptolemy.actor.Manager.preinitializeAndResolveTypes(Manager.java:1040)
	at ptolemy.actor.Manager.initialize(Manager.java:710)
	at ptolemy.actor.Manager.execute(Manager.java:356)
	at ptolemy.actor.Manager.run(Manager.java:1263)
	at ptolemy.actor.Manager$PtolemyRunThread.run(Manager.java:1915)
java.lang.RuntimeException: Execution failed
	at ptolemy.moml.MoMLSimpleApplication$UnloadThread.run(MoMLSimpleApplication.java:402)
Caused by: ptolemy.kernel.util.IllegalActionException: SubscriptionAggregatorPorts cannot be used at the top level, use a SubscriptionAggregator actor instead.
  in .PublisherSubscriptionAggregatorPort.SubscriptionAggregatorPort
	at ptolemy.actor.SubscriptionAggregatorPort.preinitialize(SubscriptionAggregatorPort.java:353)
	at ptolemy.actor.CompositeActor.preinitialize(CompositeActor.java:1769)
	at ptolemy.actor.Manager.preinitializeAndResolveTypes(Manager.java:1040)
	at ptolemy.actor.Manager.initialize(Manager.java:710)
	at ptolemy.actor.Manager.execute(Manager.java:356)
	at ptolemy.actor.Manager.run(Manager.java:1263)
	at ptolemy.actor.Manager$PtolemyRunThread.run(Manager.java:1915)
java.lang.reflect.InvocationTargetException
	at sun.reflect.NativeConstructorAccessorImpl.newInstance0(Native Method)
	at sun.reflect.NativeConstructorAccessorImpl.newInstance(NativeConstructorAccessorImpl.java:62)
	at sun.reflect.DelegatingConstructorAccessorImpl.newInstance(DelegatingConstructorAccessorImpl.java:45)
	at java.lang.reflect.Constructor.newInstance(Constructor.java:423)
	at ptolemy.util.test.junit.AutoKnownFailedTests.RunModel(AutoKnownFailedTests.java:107)
	at sun.reflect.NativeMethodAccessorImpl.invoke0(Native Method)
	at sun.reflect.NativeMethodAccessorImpl.invoke(NativeMethodAccessorImpl.java:62)
	at sun.reflect.DelegatingMethodAccessorImpl.invoke(DelegatingMethodAccessorImpl.java:43)
	at java.lang.reflect.Method.invoke(Method.java:498)
	at org.junit.runners.model.FrameworkMethod$1.runReflectiveCall(FrameworkMethod.java:44)
	at org.junit.internal.runners.model.ReflectiveCallable.run(ReflectiveCallable.java:15)
	at org.junit.runners.model.FrameworkMethod.invokeExplosively(FrameworkMethod.java:41)
	at junitparams.internal.InvokeParameterisedMethod.evaluate(InvokeParameterisedMethod.java:102)
	at org.junit.internal.runners.statements.FailOnTimeout$1.run(FailOnTimeout.java:28)
Caused by: ptolemy.kernel.util.IllegalActionException: SubscriptionAggregatorPorts cannot be used at the top level, use a SubscriptionAggregator actor instead.
  in .PublisherSubscriptionAggregatorPort.SubscriptionAggregatorPort
	at ptolemy.actor.SubscriptionAggregatorPort.preinitialize(SubscriptionAggregatorPort.java:353)
	at ptolemy.actor.CompositeActor.preinitialize(CompositeActor.java:1769)
	at ptolemy.actor.Manager.preinitializeAndResolveTypes(Manager.java:1040)
	at ptolemy.actor.Manager.initialize(Manager.java:710)
	at ptolemy.actor.Manager.execute(Manager.java:356)
	at ptolemy.actor.Manager.run(Manager.java:1263)
	at ptolemy.actor.Manager$PtolemyRunThread.run(Manager.java:1915)
java.lang.RuntimeException: Execution failed
	at ptolemy.moml.MoMLSimpleApplication$UnloadThread.run(MoMLSimpleApplication.java:402)
Caused by: ptolemy.kernel.util.IllegalActionException: TypeTest actor has no training data.
  in .sizedarray3.TypeTest
	at ptolemy.actor.lib.TypeTest.initialize(TypeTest.java:250)
	at ptolemy.actor.Director.initialize(Director.java:938)
	at ptolemy.actor.Director.initialize(Director.java:907)
	at ptolemy.actor.sched.StaticSchedulingDirector.initialize(StaticSchedulingDirector.java:159)
	at ptolemy.domains.sdf.kernel.SDFDirector.initialize(SDFDirector.java:544)
	at ptolemy.actor.CompositeActor.initialize(CompositeActor.java:935)
	at ptolemy.actor.Manager.initialize(Manager.java:724)
	at ptolemy.actor.Manager.execute(Manager.java:356)
	at ptolemy.actor.Manager.run(Manager.java:1263)
	at ptolemy.actor.Manager$PtolemyRunThread.run(Manager.java:1915)
java.lang.reflect.InvocationTargetException
	at sun.reflect.NativeConstructorAccessorImpl.newInstance0(Native Method)
	at sun.reflect.NativeConstructorAccessorImpl.newInstance(NativeConstructorAccessorImpl.java:62)
	at sun.reflect.DelegatingConstructorAccessorImpl.newInstance(DelegatingConstructorAccessorImpl.java:45)
	at java.lang.reflect.Constructor.newInstance(Constructor.java:423)
	at ptolemy.util.test.junit.AutoKnownFailedTests.RunModel(AutoKnownFailedTests.java:107)
	at sun.reflect.NativeMethodAccessorImpl.invoke0(Native Method)
	at sun.reflect.NativeMethodAccessorImpl.invoke(NativeMethodAccessorImpl.java:62)
	at sun.reflect.DelegatingMethodAccessorImpl.invoke(DelegatingMethodAccessorImpl.java:43)
	at java.lang.reflect.Method.invoke(Method.java:498)
	at org.junit.runners.model.FrameworkMethod$1.runReflectiveCall(FrameworkMethod.java:44)
	at org.junit.internal.runners.model.ReflectiveCallable.run(ReflectiveCallable.java:15)
	at org.junit.runners.model.FrameworkMethod.invokeExplosively(FrameworkMethod.java:41)
	at junitparams.internal.InvokeParameterisedMethod.evaluate(InvokeParameterisedMethod.java:102)
	at org.junit.internal.runners.statements.FailOnTimeout$1.run(FailOnTimeout.java:28)
Caused by: ptolemy.kernel.util.IllegalActionException: TypeTest actor has no training data.
  in .sizedarray3.TypeTest
	at ptolemy.actor.lib.TypeTest.initialize(TypeTest.java:250)
	at ptolemy.actor.Director.initialize(Director.java:938)
	at ptolemy.actor.Director.initialize(Director.java:907)
	at ptolemy.actor.sched.StaticSchedulingDirector.initialize(StaticSchedulingDirector.java:159)
	at ptolemy.domains.sdf.kernel.SDFDirector.initialize(SDFDirector.java:544)
	at ptolemy.actor.CompositeActor.initialize(CompositeActor.java:935)
	at ptolemy.actor.Manager.initialize(Manager.java:724)
	at ptolemy.actor.Manager.execute(Manager.java:356)
	at ptolemy.actor.Manager.run(Manager.java:1263)
	at ptolemy.actor.Manager$PtolemyRunThread.run(Manager.java:1915)
]]></system-err>
</testsuite>
