<?xml version="1.0" encoding="UTF-8" ?>
<testsuite errors="0" failures="0" hostname="travis-job-73c45507-952f-4420-836a-d4bb511c1798" name="ptolemy.domains.ptides.test.junit.JUnitTclTest" skipped="0" tests="70" time="95.728" timestamp="2018-05-30T16:15:32">
  <properties>
    <property name="npm.executable" value="npm" />
    <property name="file.encoding.pkg" value="sun.io" />
    <property name="ptII.mk.exists" value="true" />
    <property name="env.rvm_bin_path" value="/home/travis/.rvm/bin" />
    <property name="java.home" value="/usr/lib/jvm/java-8-oracle/jre" />
    <property name="env.TRAVIS_JOB_NUMBER" value="489.8" />
    <property name="env.DISPLAY" value=":99.0" />
    <property name="java.net.preferIPv4Stack" value="true" />
    <property name="env.SSH_TTY" value="/dev/pts/0" />
    <property name="env.RUN_TESTS" value="true" />
    <property name="timeout.short" value="1000000" />
    <property name="env.TRAVIS_STACK_NODE_ATTRIBUTES" value="/.node-attributes.yml" />
    <property name="junit.formatter" value="xml" />
    <property name="java.endorsed.dirs" value="/usr/lib/jvm/java-8-oracle/jre/lib/endorsed" />
    <property name="env.TRAVIS_SUDO" value="true" />
    <property name="env.LOGNAME" value="travis" />
    <property name="jsdoc.home" value="node_modules/@terraswarm/jsdoc" />
    <property name="debuglevel" value="source,lines,vars" />
    <property name="checkstyle.formatter" value="xml" />
    <property name="bin.vergil.makeable" value="true" />
    <property name="env._system_version" value="14.04" />
    <property name="sun.os.patch.level" value="unknown" />
    <property name="java.vendor.url" value="http://java.oracle.com/" />
    <property name="java.version" value="1.8.0_151" />
    <property name="env.TZ" value="UTC" />
    <property name="env.PT_NO_NET" value="true" />
    <property name="env.TRAVIS_PULL_REQUEST_SHA" value="" />
    <property name="env.TRAVIS_SECURE_ENV_VARS" value="true" />
    <property name="env._system_type" value="Linux" />
    <property name="java.vendor.url.bug" value="http://bugreport.sun.com/bugreport/" />
    <property name="env.SSH_CLIENT" value="10.10.16.6 42470 22" />
    <property name="npmjs-org-is-up" value="true" />
    <property name="env.GEM_HOME" value="/home/travis/.rvm/gems/ruby-2.4.1" />
    <property name="env.HAS_ANTARES_THREE_LITTLE_FRONZIES_BADGE" value="true" />
    <property name="env.PS4" value="+" />
    <property name="ant.project.invoked-targets" value="build,test.core2.xml" />
    <property name="env.TRAVIS_PULL_REQUEST_BRANCH" value="" />
    <property name="env.TRAVIS_REPO_SLUG" value="icyphy/ptII" />
    <property name="node.in.path" value="true" />
    <property name="java.maxmemory" value="1400m" />
    <property name="env.RUBY_VERSION" value="ruby-2.4.1" />
    <property name="user.name" value="travis" />
    <property name="env.LANG" value="en_US.UTF-8" />
    <property name="sun.io.unicode.encoding" value="UnicodeLittle" />
    <property name="sun.jnu.encoding" value="UTF-8" />
    <property name="java.runtime.name" value="Java(TM) SE Runtime Environment" />
    <property name="usefile" value="false" />
    <property name="return.code" value="0" />
    <property name="junit.single.formatter" value="plain" />
    <property name="env.DYLD_LIBRARY_PATH" value="/home/travis/pthla/certi-tools/lib:" />
    <property name="env.DEBIAN_FRONTEND" value="noninteractive" />
    <property name="env.SSH_CONNECTION" value="10.10.16.6 42470 10.20.0.185 22" />
    <property name="env.MYSQL_UNIX_PORT" value="/var/run/mysqld/mysqld.sock" />
    <property name="env.TRAVIS_ALLOW_FAILURE" value="false" />
    <property name="env.LC_ALL" value="en_US.UTF-8" />
    <property name="java.specification.name" value="Java Platform API Specification" />
    <property name="node.works" value="true" />
    <property name="user.timezone" value="" />
    <property name="path.separator" value=":" />
    <property name="env.PYTHON_CFLAGS" value="-g -fstack-protector --param=ssp-buffer-size=4 -Wformat -Werror=format-security" />
    <property name="timeout.long" value="4000000" />
    <property name="env.CERTI_HOME" value="/home/travis/pthla/certi-tools" />
    <property name="file.encoding" value="UTF-8" />
    <property name="ant.file.ptII" value="/home/travis/build/icyphy/ptII/build.xml" />
    <property name="javadoc.packagenames" value="com.*,diva.*,lbnl.*,org.hlacerti.*,org.json.*,org.ptolemy.*,org.terraswarm.*,ptolemy.*,ptserver.*" />
    <property name="env.TRAVIS_PULL_REQUEST_SLUG" value="" />
    <property name="ant.project.default-target" value="build" />
    <property name="env.GIT_ASKPASS" value="echo" />
    <property name="env.HOME" value="/home/travis" />
    <property name="sun.java.command" value="org.apache.tools.ant.taskdefs.optional.junit.JUnitTestRunner ptolemy.domains.ptides.test.junit.JUnitTclTest skipNonTests=false filtertrace=true haltOnError=false haltOnFailure=false formatter=org.apache.tools.ant.taskdefs.optional.junit.OutErrSummaryJUnitResultFormatter showoutput=true outputtoformatters=true logfailedtests=true threadid=0 logtestlistenerevents=false formatter=org.apache.tools.ant.taskdefs.optional.junit.XMLJUnitResultFormatter,/home/travis/build/icyphy/ptII/reports/junit/TEST-ptolemy.domains.ptides.test.junit.JUnitTclTest.xml crashfile=/home/travis/build/icyphy/ptII/junitvmwatcher1612857501842291061.properties propsfile=/home/travis/build/icyphy/ptII/junit2994726365630968640.properties" />
    <property name="env.MANPATH" value="/home/travis/.nvm/versions/node/v7.10.1/share/man:/home/travis/.kiex/elixirs/elixir-1.4.5/man:/home/travis/.rvm/rubies/ruby-2.4.1/share/man:/usr/local/man:/usr/local/cmake-3.9.2/man:/usr/local/clang-5.0.0/share/man:/usr/local/share/man:/usr/share/man:/home/travis/.rvm/man" />
    <property name="env.COMPOSER_NO_INTERACTION" value="1" />
    <property name="env.JDK_SWITCHER_DEFAULT" value="oraclejdk8" />
    <property name="ant.file" value="/home/travis/build/icyphy/ptII/build.xml" />
    <property name="env.TRAVIS_COMMIT_RANGE" value="582d6b3aa45f...b4ddb65c7b46" />
    <property name="env._system_name" value="Ubuntu" />
    <property name="timeout" value="2400000" />
    <property name="ptII.classpath.optional.property" value="/home/travis/build/icyphy/ptII/lib/bsh-2.0b4.jar:/home/travis/build/icyphy/ptII/lib/ptCal.jar:/home/travis/build/icyphy/ptII/lib/java_cup.jar:/home/travis/build/icyphy/ptII/lib/saxon8.jar:/home/travis/build/icyphy/ptII/lib/saxon8-dom.jar:/home/travis/build/icyphy/ptII/lib/chic.jar:/home/travis/build/icyphy/ptII/lib/ptcolt.jar:/usr/lib/jvm/java-8-oracle/lib/tools.jar:/usr/lib/eclipse/plugins/org.eclipse.jdt.core_3.8.2.dist.jar:/usr/lib/eclipse/plugins/org.eclipse.core.runtime_3.8.0.dist.jar:/usr/lib/eclipse/plugins/org.eclipse.osgi_3.8.1.dist.jar:/usr/lib/eclipse/plugins/org.eclipse.core.resources_3.8.1.dist.jar:/usr/lib/eclipse/plugins/org.eclipse.equinox.common_3.6.100.dist.jar:/usr/lib/eclipse/plugins/org.eclipse.core.jobs_3.5.200.dist.jar:/usr/lib/eclipse/plugins/org.eclipse.core.contenttype_3.4.200.dist.jar:/usr/lib/eclipse/plugins/org.eclipse.equinox.preferences_3.5.0.dist.jar:/usr/lib/eclipse/plugins/org.eclipse.text_3.5.200.dist.jar:/usr/lib/eclipse/plugins/org.eclipse.ui.workbench_3.8.1.dist.jar:/usr/lib/eclipse/plugins/org.eclipse.jface_3.8.0.dist.jar:/usr/lib/eclipse/plugins/org.eclipse.swt_3.8.2.jar:/usr/lib/eclipse/plugins/org.eclipse.jface.text_3.8.1.dist.jar:/usr/lib/eclipse/plugins/org.eclipse.ui.workbench.texteditor_3.8.0.dist.jar:/usr/lib/eclipse/plugins/org.eclipse.ui.editors_3.8.0.dist.jar:/usr/lib/eclipse/plugins/org.eclipse.core.commands_3.6.1.dist.jar:/usr/lib/eclipse/plugins/org.eclipse.equinox.registry_3.5.200.dist.jar:/usr/lib/eclipse/plugins/org.eclipse.ui.console_3.5.100.dist.jar:/usr/lib/eclipse/plugins/org.eclipse.ui.forms_3.5.200.dist.jar:/usr/lib/eclipse/plugins/org.eclipse.ui.ide_3.8.1.dist.jar:/home/travis/build/icyphy/ptII/vendors/oracle/dbxml.jar:/home/travis/build/icyphy/ptII/vendors/oracle/db.jar:/home/travis/build/icyphy/ptII/vendors/misc/itext/iText.jar:/home/travis/build/icyphy/ptII/lib/g4ltl.jar:/home/travis/build/icyphy/ptII/lib/StructuralCoder.jar:/home/travis/build/icyphy/ptII/lib/org-openide-util.jar:/home/travis/build/icyphy/ptII/lib/org-openide-util-lookup.jar:/home/travis/build/icyphy/ptII/lib/org-netbeans-api-visual.jar:/home/travis/build/icyphy/ptII/vendors/jai-1_1_2_01/lib/jai_core.jar:/home/travis/build/icyphy/ptII/vendors/jai-1_1_2_01/lib/jai_codec.jar:/home/travis/build/icyphy/ptII/lib/jcerti.jar:/home/travis/build/icyphy/ptII/lib/smack.jar:/home/travis/build/icyphy/ptII/lib/smackx.jar:/home/travis/build/icyphy/ptII/lib/jetty-all-8.1.5-v20120716.jar:/home/travis/build/icyphy/ptII/lib/javax.servlet-api-3.0.1.jar:/home/travis/build/icyphy/ptII/lib/javax.mail.jar:/home/travis/build/icyphy/ptII/vendors/JMF-2.1.1e/lib/jmf.jar:/home/travis/build/icyphy/ptII/lib/jna-4.0.0-variadic.jar:/home/travis/build/icyphy/ptII/vendors/misc/joystick/Joystick.jar:/home/travis/build/icyphy/ptII/lib/ptjacl.jar:/home/travis/build/icyphy/ptII/lib/jsoup-1.8.2.jar:/home/travis/build/icyphy/ptII/lib/junit-4.8.2.jar:/home/travis/build/icyphy/ptII/lib/JUnitParams-0.4.0.jar:/home/travis/build/icyphy/ptII/ptolemy/actor/lib/excel/jxl.jar:/home/travis/build/icyphy/ptII/lib/jython.jar:/home/travis/build/icyphy/ptII/lib/kieler.jar:/home/travis/build/icyphy/ptII/vendors/opencv/share/OpenCV/java/opencv-341.jar:/home/travis/build/icyphy/ptII/lib/oscP5.jar:/home/travis/build/icyphy/ptII/lib/nrjavaserial-3.11.0.devel.jar:/usr/share/java/j3dcore.jar:/usr/share/java/j3dutils.jar:/usr/share/java/vecmath.jar:/home/travis/build/icyphy/ptII/ptolemy/distributed/jini/jar/jini-core.jar:/home/travis/build/icyphy/ptII/ptolemy/distributed/jini/jar/jini-ext.jar:/home/travis/build/icyphy/ptII/ptolemy/distributed/jini/jar/sun-util.jar:/home/travis/build/icyphy/ptII/lib/protobuf-java-2.4.1.jar:/home/travis/build/icyphy/ptII/lib/org.eclipse.paho.client.mqttv3.jar:/home/travis/build/icyphy/ptII/ptserver/lib/hessian-4.0.7.jar:/home/travis/build/icyphy/ptII/ptserver/lib/wmqtt.jar:/home/travis/build/icyphy/ptII/lib/mapss.jar:/home/travis/build/icyphy/ptII/ptolemy/actor/ptalon/antlr/antlr.jar:/home/travis/build/icyphy/ptII/lib/JRI.jar:/home/travis/build/icyphy/ptII/lib/commons-lang-2.6.jar:/home/travis/build/icyphy/ptII/lib/commons-logging-1.1.1.jar:/home/travis/build/icyphy/ptII/lib/sootclasses.jar:/home/travis/build/icyphy/ptII/ptolemy/actor/lib/database/mysql-connector-java-5.1.6-bin.jar:/home/travis/build/icyphy/ptII/vendors/misc/sphinx4/sphinx4-data-5prealpha.jar:/home/travis/build/icyphy/ptII/vendors/misc/sphinx4/sphinx4-core-5prealpha.jar:/home/travis/build/icyphy/ptII/lib/PDFRenderer.jar:/home/travis/build/icyphy/ptII/lib/svgSalamander.jar:/home/travis/build/icyphy/ptII/lib/rsyntaxtextarea-2.6.0-SNAPSHOT.jar:/home/travis/build/icyphy/ptII/lib/hazelcast-3.8.2.jar:/home/travis/build/icyphy/ptII/lib/jackson-annotations-2.9.0.jar:/home/travis/build/icyphy/ptII/lib/jackson-core-2.9.3.jar:/home/travis/build/icyphy/ptII/lib/jackson-databind-2.9.3.jar:/home/travis/build/icyphy/ptII/lib/netty-buffer-4.1.19.Final.jar:/home/travis/build/icyphy/ptII/lib/netty-codec-4.1.19.Final.jar:/home/travis/build/icyphy/ptII/lib/netty-codec-dns-4.1.19.Final.jar:/home/travis/build/icyphy/ptII/lib/netty-codec-http-4.1.19.Final.jar:/home/travis/build/icyphy/ptII/lib/netty-codec-http2-4.1.19.Final.jar:/home/travis/build/icyphy/ptII/lib/netty-common-4.1.19.Final.jar:/home/travis/build/icyphy/ptII/lib/netty-handler-4.1.19.Final.jar:/home/travis/build/icyphy/ptII/lib/netty-resolver-4.1.19.Final.jar:/home/travis/build/icyphy/ptII/lib/netty-resolver-dns-4.1.19.Final.jar:/home/travis/build/icyphy/ptII/lib/netty-transport-4.1.19.Final.jar:/home/travis/build/icyphy/ptII/lib/vertx-codegen-3.5.1.jar:/home/travis/build/icyphy/ptII/lib/vertx-core-3.5.2-SNAPSHOT.jar:/home/travis/build/icyphy/ptII/lib/vertx-hazelcast-3.5.1.jar:/home/travis/build/icyphy/ptII/lib/vertx-lang-js-3.5.1.jar:/home/travis/build/icyphy/ptII/lib/vertx-service-proxy-3.5.1.jar:/home/travis/build/icyphy/ptII/lib/vertx-web-3.5.1.jar:/home/travis/build/icyphy/ptII/lib/slf4j-api-1.7.13.jar:/home/travis/build/icyphy/ptII/lib/slf4j-simple-1.7.13.jar:/home/travis/build/icyphy/ptII/lib/webcam-capture-0.3.12.jar:/home/travis/build/icyphy/ptII/lib/bridj-0.7.0.jar:/home/travis/build/icyphy/ptII/lib/xbjlib-1.1.0.nrjavaserial.jar" />
    <property name="test.batch" value="**/junit/*.java" />
    <property name="env._" value="/usr/bin/timeout" />
    <property name="java.io.tmpdir" value="/tmp" />
    <property name="user.language" value="en" />
    <property name="env.HISTCONTROL" value="ignoredups:ignorespace" />
    <property name="env.GOROOT" value="/home/travis/.gimme/versions/go1.7.4.linux.amd64" />
    <property name="line.separator" value="&#xa;" />
    <property name="target" value="1.8" />
    <property name="env.TRAVIS_BUILD_DIR" value="/home/travis/build/icyphy/ptII" />
    <property name="env.ANT_OPTS" value="-Xmx2048m" />
    <property name="ant.file.type" value="file" />
    <property name="ptolemy.ptII.batchMode" value="true" />
    <property name="env.HISTSIZE" value="1000" />
    <property name="env.MERB_ENV" value="test" />
    <property name="java.vm.info" value="mixed mode" />
    <property name="source" value="1.8" />
    <property name="java.vm.specification.name" value="Java Virtual Machine Specification" />
    <property name="env.TRAVIS_TEST_RESULT" value="0" />
    <property name="jsdoc.command" value="node_modules/@terraswarm/jsdoc/jsdoc.js" />
    <property name="npm.works" value="true" />
    <property name="cobertura.dir" value="/home/travis/build/icyphy/ptII/vendors/cobertura-2.0.3" />
    <property name="env.rvm_path" value="/home/travis/.rvm" />
    <property name="env.GEM_PATH" value="/home/travis/.rvm/gems/ruby-2.4.1:/home/travis/.rvm/gems/ruby-2.4.1@global" />
    <property name="env.LC_CTYPE" value="en_US.UTF-8" />
    <property name="java.awt.printerjob" value="sun.print.PSPrinterJob" />
    <property name="env.TRAVIS_STACK_NAME" value="garnet" />
    <property name="ant.version" value="Apache Ant(TM) version 1.10.1 compiled on February 2 2017" />
    <property name="ptII.reports" value="/home/travis/build/icyphy/ptII/reports" />
    <property name="env.TRAVIS_STACK_TIMESTAMP" value="2017-12-05 19:33:09 UTC" />
    <property name="ant.file.type.ptII" value="file" />
    <property name="env.RBENV_SHELL" value="bash" />
    <property name="os.name" value="Linux" />
    <property name="java.specification.vendor" value="Oracle Corporation" />
    <property name="env.rvm_version" value="1.29.3 (latest)" />
    <property name="env.TERM" value="xterm" />
    <property name="java.vm.name" value="Java HotSpot(TM) 64-Bit Server VM" />
    <property name="env.TRAVIS_BUILD_NUMBER" value="489" />
    <property name="env.CI" value="true" />
    <property name="java.library.path" value="/home/travis/pthla/certi-tools/lib:/usr/lib/jni:/usr/local/share/OpenCV/java/:/usr/share/OpenCV/java::/usr/java/packages/lib/amd64:/usr/lib64:/lib64:/lib:/usr/lib" />
    <property name="env.rvm_prefix" value="/home/travis" />
    <property name="env.PATH" value="/home/travis/pthla/certi-tools/share/scripts:/home/travis/.rvm/gems/ruby-2.4.1/bin:/home/travis/.rvm/gems/ruby-2.4.1@global/bin:/home/travis/.rvm/rubies/ruby-2.4.1/bin:/home/travis/.rvm/bin:/home/travis/.nvm/versions/node/v7.10.1/bin:./node_modules/.bin:/home/travis/build/icyphy/ptII/bin:/home/travis/pthla/certi-tools/bin:/home/travis/bin:/home/travis/.local/bin:/opt/pyenv/shims:/home/travis/.phpenv/shims:/home/travis/perl5/perlbrew/bin:/home/travis/.kiex/elixirs/elixir-1.4.5/bin:/home/travis/.kiex/bin:/home/travis/gopath/bin:/home/travis/.gimme/versions/go1.7.4.linux.amd64/bin:/usr/local/phantomjs/bin:/usr/local/phantomjs:/usr/local/neo4j-3.2.7/bin:/usr/local/maven-3.5.2/bin:/usr/local/cmake-3.9.2/bin:/usr/local/clang-5.0.0/bin:/usr/local/sbin:/usr/local/bin:/usr/sbin:/usr/bin:/sbin:/bin:/home/travis/.phpenv/bin:/opt/pyenv/bin:/home/travis/.yarn/bin" />
    <property name="env.TRAVIS_OS_NAME" value="linux" />
    <property name="ant.java.version" value="1.8" />
    <property name="basedir" value="/home/travis/build/icyphy/ptII" />
    <property name="java.class.version" value="52.0" />
    <property name="env.SHLVL" value="3" />
    <property name="env.LD_LIBRARY_PATH" value="/home/travis/pthla/certi-tools/lib:/usr/lib/jni:/usr/local/share/OpenCV/java/:/usr/share/OpenCV/java:" />
    <property name="env.RACK_ENV" value="test" />
    <property name="ant.home" value="/home/travis/build/icyphy/ptII/ant" />
    <property name="env.NVM_DIR" value="/home/travis/.nvm" />
    <property name="env.PERLBREW_BASHRC_VERSION" value="0.80" />
    <property name="env.CERTI_FOM_PATH" value="/home/travis/pthla/certi-tools/share/federations" />
    <property name="env.TRAVIS_BUILD_ID" value="385744780" />
    <property name="env.PYENV_ROOT" value="/opt/pyenv" />
    <property name="env.TRAVIS_UID" value="2000" />
    <property name="env.rvm_pretty_print_flag" value="auto" />
    <property name="env.NVM_BIN" value="/home/travis/.nvm/versions/node/v7.10.1/bin" />
    <property name="env.TRAVIS_COMMIT" value="b4ddb65c7b46cd5cd637393e094a152caa497d7b" />
    <property name="env._system_arch" value="x86_64" />
    <property name="node.executable" value="node" />
    <property name="sun.boot.library.path" value="/usr/lib/jvm/java-8-oracle/jre/lib/amd64" />
    <property name="sun.management.compiler" value="HotSpot 64-Bit Tiered Compilers" />
    <property name="env.GOPATH" value="/home/travis/gopath" />
    <property name="java.awt.graphicsenv" value="sun.awt.X11GraphicsEnvironment" />
    <property name="ptolemy.ptII.dir" value="/home/travis/build/icyphy/ptII" />
    <property name="env.USER" value="travis" />
    <property name="env.HISTFILESIZE" value="2000" />
    <property name="timeout.longest" value="19000000" />
    <property name="env.TRAVIS_STACK_FEATURES" value="basic cassandra chromium couchdb disabled-ipv6 docker docker-compose elasticsearch firefox go-toolchain google-chrome jdk memcached mongodb mysql neo4j nodejs_interpreter perl_interpreter perlbrew phantomjs postgresql python_interpreter rabbitmq redis riak ruby_interpreter sqlite xserver" />
    <property name="env.TRAVIS_PULL_REQUEST" value="false" />
    <property name="env.PYENV_SHELL" value="bash" />
    <property name="ant.project.name" value="ptII" />
    <property name="java.vm.specification.version" value="1.8" />
    <property name="env.CERTI_VERSION" value="4.0.0" />
    <property name="env.NLSPATH" value="/usr/dt/lib/nls/msg/%L/%N.cat" />
    <property name="awt.toolkit" value="sun.awt.X11.XToolkit" />
    <property name="env.CERTI_HOST" value="localhost" />
    <property name="env.MY_RUBY_HOME" value="/home/travis/.rvm/rubies/ruby-2.4.1" />
    <property name="sun.cpu.isalist" value="" />
    <property name="java.ext.dirs" value="/usr/lib/jvm/java-8-oracle/jre/lib/ext:/usr/java/packages/lib/ext" />
    <property name="os.version" value="4.4.0-101-generic" />
    <property name="user.home" value="/home/travis" />
    <property name="env.MIX_ARCHIVES" value="/home/travis/.kiex/mix/elixir-1.4.5" />
    <property name="java.vm.vendor" value="Oracle Corporation" />
    <property name="env.TRAVIS_TAG" value="nightly" />
    <property name="env.TRAVIS_FILTERED" value="redirect_io" />
    <property name="javadoc.excludepackagenames" value="adm.cvs2svn.*,build.*,config.*,doc.coding.templates.*,jni.test.jni.meaningOfLife.*,jni.test.jni.testDeux.*,jni.test.jni.testTrois.*,org.terraswarm.accessor.accessors.web.node_modules.*,org.terraswarm.accessor.accessors.web.hosts.cordova.demo.*,org.terraswarm.accessor.accessors.web.hosts.cordova.plugins.*,org.terraswarm.accessor.accessors-svn.*,pt-modules.*,ptolemy.apps.agilent.*,ptolemy.apps.anytimecontrol.*,ptolemy.apps.apes.*,ptolemy.apps.charon.*,ptolemy.apps.crazyboard.*,ptolemy.apps.eclipse.*,ptolemy.apps.etherealSting.*,ptolemy.apps.fullscreen.*,ptolemy.apps.giotto.*,ptolemy.apps.ia.*,ptolemy.apps.interfaces.*,ptolemy.apps.jmf.*,ptolemy.apps.kurt.*,ptolemy.apps.kvm.*,ptolemy.apps.lego.*,ptolemy.apps.lejos.*,ptolemy.apps.midp.*,ptolemy.apps.mobileCoding.*,ptolemy.apps.pendulum.*,ptolemy.apps.rijndael.*,ptolemy.apps.robot.*,ptolemy.apps.security.*,ptolemy.apps.sobel.*,ptolemy.apps.soot.*,ptolemy.apps.throttle.*,ptolemy.apps.tini.*,ptolemy.apps.transmission.*,ptolemy.apps.vergil.*,ptolemy.apps.waba.*,ptolemy.apps.websensor.*,ptolemy.apps.webstart.*,ptolemy.apps.xsl.*,ptolemy.apps.zaurus.*,ptolemy.backtrack.eclipse.plugin.*,ptolemy.backtrack.test.*,ptolemy.codegen.c.actor.lib.oldJavaFiles.*,ptolemy.codegen.dsp.lib.*,ptolemy.codegen.kernel.newInterfaces.*,ptolemy.codegen.lib.*,ptolemy.copernicus.kernel.fragment.*,ptolemy.copernicus.shallow.cg.*,ptolemy.domains.giotto.demo.Hierarchy.Hierarchy.*,ptolemy.domains.giotto.demo.Multimode.Multimode.*,ptolemy.domains.giotto.demo.Simple.Simple.*,ptolemy.domains.gr.lib.experimental.*,ptolemy.domains.gro.*,ptolemy.domains.pdf.*,ptolemy.domains.ptinyos.demo.Surge.output.*,ptolemy.moml.test.NoPackageActor.java*,ptolemy.plot.adm.*,ptolemy.plot.servlet.*,reports.*,signed.*,src.*,target.*,vendors.*,ptolemy.cg.adapter.generic.program.procedural.c.mbed*,ptolemy.actor.lib.fmi.fmus.omc*,ptolemy.domains.openmodelica*,ptdb.kernel.bl.save.test.*,ptdb.kernel.bl.load.test.*,ptdb.kernel.bl.search.test.*,ptdb.kernel.bl.migration.test.*,ptdb.kernel.database.test.*,ptdb.test.*,ptdb.gui.test.*,org.ptolemy.scala.*,diva.util.java2d.svg.*,ptolemy.domains.ptinyos.*,ptolemy.actor.lib.fmi.fmipp.*,,org.terraswarm.accessor.accessors.web.node_modules.*,org.terraswarm.accessor.accessors-svn,ptolemy.actor.ptalon.demo.ptinyos.SendAndReceiveCnt.output,ptolemy.actor.ptalon.demo.ptinyos.SenseToLeds.output,ptolemy.domains.ptinyos.demo.CntToLedsAndRfm.output,ptolemy.domains.ptinyos.demo.RfmToLeds.output,ptolemy.domains.ptinyos.demo.SendAndReceiveCnt.output,ptolemy.domains.ptinyos.demo.SenseToLeds.output" />
    <property name="env.JAVA_HOME" value="/usr/lib/jvm/java-8-oracle" />
    <property name="env.PTII" value="/home/travis/build/icyphy/ptII" />
    <property name="env.TRAVIS_COMMIT_MESSAGE" value="Master files changed" />
    <property name="keystore" value="ptKeystore" />
    <property name="env.XDG_SESSION_ID" value="2" />
    <property name="junit.output.dir" value="/home/travis/build/icyphy/ptII/reports/junit" />
    <property name="npm.return.code" value="0" />
    <property name="user.dir" value="/home/travis/build/icyphy/ptII/ptolemy/domains/ptides/test" />
    <property name="env.TRAVIS_NODE_VERSION" value="7" />
    <property name="env.XFILESEARCHPATH" value="/usr/dt/app-defaults/%L/Dt" />
    <property name="env.TRAVIS_EVENT_TYPE" value="push" />
    <property name="env.MAIL" value="/var/mail/travis" />
    <property name="env.PWD" value="/home/travis/build/icyphy/ptII" />
    <property name="env.PERLBREW_ROOT" value="/home/travis/perl5/perlbrew" />
    <property name="timeout.npm" value="45000" />
    <property name="env.PT_TRAVIS_TEST_CORE2_XML" value="true" />
    <property name="env.PAGER" value="cat" />
    <property name="sun.cpu.endian" value="little" />
    <property name="env.TRAVIS_BUILD_STAGE_NAME" value="Test" />
    <property name="env.PERLBREW_HOME" value="/home/travis/.perlbrew" />
    <property name="env.RAILS_ENV" value="test" />
    <property name="java.vm.version" value="25.151-b12" />
    <property name="java.class.path" value="/home/travis/build/icyphy/ptII:/home/travis/build/icyphy/ptII/lib/bsh-2.0b4.jar:/home/travis/build/icyphy/ptII/lib/ptCal.jar:/home/travis/build/icyphy/ptII/lib/java_cup.jar:/home/travis/build/icyphy/ptII/lib/saxon8.jar:/home/travis/build/icyphy/ptII/lib/saxon8-dom.jar:/home/travis/build/icyphy/ptII/lib/chic.jar:/home/travis/build/icyphy/ptII/lib/ptcolt.jar:/usr/lib/jvm/java-8-oracle/lib/tools.jar:/usr/lib/eclipse/plugins/org.eclipse.jdt.core_3.8.2.dist.jar:/usr/lib/eclipse/plugins/org.eclipse.core.runtime_3.8.0.dist.jar:/usr/lib/eclipse/plugins/org.eclipse.osgi_3.8.1.dist.jar:/usr/lib/eclipse/plugins/org.eclipse.core.resources_3.8.1.dist.jar:/usr/lib/eclipse/plugins/org.eclipse.equinox.common_3.6.100.dist.jar:/usr/lib/eclipse/plugins/org.eclipse.core.jobs_3.5.200.dist.jar:/usr/lib/eclipse/plugins/org.eclipse.core.contenttype_3.4.200.dist.jar:/usr/lib/eclipse/plugins/org.eclipse.equinox.preferences_3.5.0.dist.jar:/usr/lib/eclipse/plugins/org.eclipse.text_3.5.200.dist.jar:/usr/lib/eclipse/plugins/org.eclipse.ui.workbench_3.8.1.dist.jar:/usr/lib/eclipse/plugins/org.eclipse.jface_3.8.0.dist.jar:/usr/lib/eclipse/plugins/org.eclipse.swt_3.8.2.jar:/usr/lib/eclipse/plugins/org.eclipse.jface.text_3.8.1.dist.jar:/usr/lib/eclipse/plugins/org.eclipse.ui.workbench.texteditor_3.8.0.dist.jar:/usr/lib/eclipse/plugins/org.eclipse.ui.editors_3.8.0.dist.jar:/usr/lib/eclipse/plugins/org.eclipse.core.commands_3.6.1.dist.jar:/usr/lib/eclipse/plugins/org.eclipse.equinox.registry_3.5.200.dist.jar:/usr/lib/eclipse/plugins/org.eclipse.ui.console_3.5.100.dist.jar:/usr/lib/eclipse/plugins/org.eclipse.ui.forms_3.5.200.dist.jar:/usr/lib/eclipse/plugins/org.eclipse.ui.ide_3.8.1.dist.jar:/home/travis/build/icyphy/ptII/vendors/oracle/dbxml.jar:/home/travis/build/icyphy/ptII/vendors/oracle/db.jar:/home/travis/build/icyphy/ptII/vendors/misc/itext/iText.jar:/home/travis/build/icyphy/ptII/lib/g4ltl.jar:/home/travis/build/icyphy/ptII/lib/StructuralCoder.jar:/home/travis/build/icyphy/ptII/lib/org-openide-util.jar:/home/travis/build/icyphy/ptII/lib/org-openide-util-lookup.jar:/home/travis/build/icyphy/ptII/lib/org-netbeans-api-visual.jar:/home/travis/build/icyphy/ptII/vendors/jai-1_1_2_01/lib/jai_core.jar:/home/travis/build/icyphy/ptII/vendors/jai-1_1_2_01/lib/jai_codec.jar:/home/travis/build/icyphy/ptII/lib/jcerti.jar:/home/travis/build/icyphy/ptII/lib/smack.jar:/home/travis/build/icyphy/ptII/lib/smackx.jar:/home/travis/build/icyphy/ptII/lib/jetty-all-8.1.5-v20120716.jar:/home/travis/build/icyphy/ptII/lib/javax.servlet-api-3.0.1.jar:/home/travis/build/icyphy/ptII/lib/javax.mail.jar:/home/travis/build/icyphy/ptII/vendors/JMF-2.1.1e/lib/jmf.jar:/home/travis/build/icyphy/ptII/lib/jna-4.0.0-variadic.jar:/home/travis/build/icyphy/ptII/vendors/misc/joystick/Joystick.jar:/home/travis/build/icyphy/ptII/lib/ptjacl.jar:/home/travis/build/icyphy/ptII/lib/jsoup-1.8.2.jar:/home/travis/build/icyphy/ptII/lib/junit-4.8.2.jar:/home/travis/build/icyphy/ptII/lib/JUnitParams-0.4.0.jar:/home/travis/build/icyphy/ptII/ptolemy/actor/lib/excel/jxl.jar:/home/travis/build/icyphy/ptII/lib/jython.jar:/home/travis/build/icyphy/ptII/lib/kieler.jar:/home/travis/build/icyphy/ptII/vendors/opencv/share/OpenCV/java/opencv-341.jar:/home/travis/build/icyphy/ptII/lib/oscP5.jar:/home/travis/build/icyphy/ptII/lib/nrjavaserial-3.11.0.devel.jar:/usr/share/java/j3dcore.jar:/usr/share/java/j3dutils.jar:/usr/share/java/vecmath.jar:/home/travis/build/icyphy/ptII/ptolemy/distributed/jini/jar/jini-core.jar:/home/travis/build/icyphy/ptII/ptolemy/distributed/jini/jar/jini-ext.jar:/home/travis/build/icyphy/ptII/ptolemy/distributed/jini/jar/sun-util.jar:/home/travis/build/icyphy/ptII/lib/protobuf-java-2.4.1.jar:/home/travis/build/icyphy/ptII/lib/org.eclipse.paho.client.mqttv3.jar:/home/travis/build/icyphy/ptII/ptserver/lib/hessian-4.0.7.jar:/home/travis/build/icyphy/ptII/ptserver/lib/wmqtt.jar:/home/travis/build/icyphy/ptII/lib/mapss.jar:/home/travis/build/icyphy/ptII/ptolemy/actor/ptalon/antlr/antlr.jar:/home/travis/build/icyphy/ptII/lib/JRI.jar:/home/travis/build/icyphy/ptII/lib/commons-lang-2.6.jar:/home/travis/build/icyphy/ptII/lib/commons-logging-1.1.1.jar:/home/travis/build/icyphy/ptII/lib/sootclasses.jar:/home/travis/build/icyphy/ptII/ptolemy/actor/lib/database/mysql-connector-java-5.1.6-bin.jar:/home/travis/build/icyphy/ptII/vendors/misc/sphinx4/sphinx4-data-5prealpha.jar:/home/travis/build/icyphy/ptII/vendors/misc/sphinx4/sphinx4-core-5prealpha.jar:/home/travis/build/icyphy/ptII/lib/PDFRenderer.jar:/home/travis/build/icyphy/ptII/lib/svgSalamander.jar:/home/travis/build/icyphy/ptII/lib/rsyntaxtextarea-2.6.0-SNAPSHOT.jar:/home/travis/build/icyphy/ptII/lib/hazelcast-3.8.2.jar:/home/travis/build/icyphy/ptII/lib/jackson-annotations-2.9.0.jar:/home/travis/build/icyphy/ptII/lib/jackson-core-2.9.3.jar:/home/travis/build/icyphy/ptII/lib/jackson-databind-2.9.3.jar:/home/travis/build/icyphy/ptII/lib/netty-buffer-4.1.19.Final.jar:/home/travis/build/icyphy/ptII/lib/netty-codec-4.1.19.Final.jar:/home/travis/build/icyphy/ptII/lib/netty-codec-dns-4.1.19.Final.jar:/home/travis/build/icyphy/ptII/lib/netty-codec-http-4.1.19.Final.jar:/home/travis/build/icyphy/ptII/lib/netty-codec-http2-4.1.19.Final.jar:/home/travis/build/icyphy/ptII/lib/netty-common-4.1.19.Final.jar:/home/travis/build/icyphy/ptII/lib/netty-handler-4.1.19.Final.jar:/home/travis/build/icyphy/ptII/lib/netty-resolver-4.1.19.Final.jar:/home/travis/build/icyphy/ptII/lib/netty-resolver-dns-4.1.19.Final.jar:/home/travis/build/icyphy/ptII/lib/netty-transport-4.1.19.Final.jar:/home/travis/build/icyphy/ptII/lib/vertx-codegen-3.5.1.jar:/home/travis/build/icyphy/ptII/lib/vertx-core-3.5.2-SNAPSHOT.jar:/home/travis/build/icyphy/ptII/lib/vertx-hazelcast-3.5.1.jar:/home/travis/build/icyphy/ptII/lib/vertx-lang-js-3.5.1.jar:/home/travis/build/icyphy/ptII/lib/vertx-service-proxy-3.5.1.jar:/home/travis/build/icyphy/ptII/lib/vertx-web-3.5.1.jar:/home/travis/build/icyphy/ptII/lib/slf4j-api-1.7.13.jar:/home/travis/build/icyphy/ptII/lib/slf4j-simple-1.7.13.jar:/home/travis/build/icyphy/ptII/lib/webcam-capture-0.3.12.jar:/home/travis/build/icyphy/ptII/lib/bridj-0.7.0.jar:/home/travis/build/icyphy/ptII/lib/xbjlib-1.1.0.nrjavaserial.jar:/home/travis/build/icyphy/ptII/ptolemy/moml/test:/home/travis/build/icyphy/ptII/ant/lib/ant-launcher.jar:/home/travis/build/icyphy/ptII/ant/lib/ant.jar:/home/travis/build/icyphy/ptII/ant/lib/ant-junit.jar:/home/travis/build/icyphy/ptII/ant/lib/ant-junit4.jar" />
    <property name="ant.library.dir" value="/home/travis/build/icyphy/ptII/ant/lib" />
    <property name="os.arch" value="amd64" />
    <property name="env.TRAVIS_LANGUAGE" value="node_js" />
    <property name="env.CONTINUOUS_INTEGRATION" value="true" />
    <property name="env.TRAVIS_STACK_LANGUAGES" value="__garnet__ c c++ clojure cplusplus cpp default go groovy java node_js php pure_java python ruby scala" />
    <property name="test.name" value="ptolemy.actor.lib.test.junit.JUnitTclTest" />
    <property name="sun.java.launcher" value="SUN_STANDARD" />
    <property name="env.PYTHON_CONFIGURE_OPTS" value="--enable-unicode=ucs4 --with-wide-unicode --enable-shared --enable-ipv6 --enable-loadable-sqlite-extensions --with-computed-gotos" />
    <property name="ant.core.lib" value="/home/travis/build/icyphy/ptII/ant/lib/ant.jar" />
    <property name="java.vm.specification.vendor" value="Oracle Corporation" />
    <property name="env.BCVTB_HOME" value="/home/travis/build/icyphy/ptII/lbnl" />
    <property name="file.separator" value="/" />
    <property name="java.runtime.version" value="1.8.0_151-b12" />
    <property name="spotbugs.home" value="/home/travis/build/icyphy/ptII/vendors/spotbugs-3.1.1" />
    <property name="sun.boot.class.path" value="/usr/lib/jvm/java-8-oracle/jre/lib/resources.jar:/usr/lib/jvm/java-8-oracle/jre/lib/rt.jar:/usr/lib/jvm/java-8-oracle/jre/lib/sunrsasign.jar:/usr/lib/jvm/java-8-oracle/jre/lib/jsse.jar:/usr/lib/jvm/java-8-oracle/jre/lib/jce.jar:/usr/lib/jvm/java-8-oracle/jre/lib/charsets.jar:/usr/lib/jvm/java-8-oracle/jre/lib/jfr.jar:/usr/lib/jvm/java-8-oracle/jre/classes" />
    <property name="env.HAS_JOSH_K_SEAL_OF_APPROVAL" value="true" />
    <property name="env.TRAVIS_OSX_IMAGE" value="" />
    <property name="env.XDG_RUNTIME_DIR" value="/run/user/2000" />
    <property name="env.TRAVIS_BRANCH" value="master" />
    <property name="env.TRAVIS_JOB_ID" value="385744788" />
    <property name="env.CERTI_HOME_TRAVIS" value="/home/travis/pthla/certi-tools" />
    <property name="user.country" value="US" />
    <property name="env.SHELL" value="/bin/bash" />
    <property name="java.maxmemory.large" value="5000m" />
    <property name="model" value="" />
    <property name="env.CASHER_DIR" value="/home/travis/.casher" />
    <property name="env.NVM_CD_FLAGS" value="" />
    <property name="jshint.executable" value="/home/travis/node_modules/jshint/bin/jshint" />
    <property name="java.vendor" value="Oracle Corporation" />
    <property name="env.JRUBY_OPTS" value=" --client -J-XX:+TieredCompilation -J-XX:TieredStopAtLevel=1 -J-Xss2m -Xcompile.invokedynamic=false" />
    <property name="env.TRAVIS_PRE_CHEF_BOOTSTRAP_TIME" value="2017-12-05T19:32:55" />
    <property name="env.TRAVIS_STACK_JOB_BOARD_REGISTER" value="/.job-board-register.yml" />
    <property name="env.ELIXIR_VERSION" value="1.4.5" />
    <property name="java.specification.version" value="1.8" />
    <property name="env.IRBRC" value="/home/travis/.rvm/rubies/ruby-2.4.1/.irbrc" />
    <property name="env.TRAVIS" value="true" />
    <property name="sun.arch.data.model" value="64" />
  </properties>
  <testcase classname="ptolemy.util.test.junit.TclTests" name="[0] ThereAreNoTclTests (RunTclFile)" time="0.002" />
  <testcase classname="ptolemy.util.test.junit.AutoKnownFailedTests" name="[0] ThereAreNoKnowFailedTests (RunModel)" time="0.001" />
  <testcase classname="ptolemy.util.test.junit.AutoNameArchTests" name="[0] ThereAreNoAutoArchTests (RunModel)" time="0.001" />
  <testcase classname="ptolemy.util.test.junit.AutoTests" name="[0] /home/travis/build/icyphy/ptII/ptolemy/domains/ptides/test/auto/2FPSchedulers.xml (RunModel)" time="0.798" />
  <testcase classname="ptolemy.util.test.junit.AutoTests" name="[1] /home/travis/build/icyphy/ptII/ptolemy/domains/ptides/test/auto/AddEDFDelayOffset.xml (RunModel)" time="0.227" />
  <testcase classname="ptolemy.util.test.junit.AutoTests" name="[2] /home/travis/build/icyphy/ptII/ptolemy/domains/ptides/test/auto/AutoThrottling.xml (RunModel)" time="0.125" />
  <testcase classname="ptolemy.util.test.junit.AutoTests" name="[3] /home/travis/build/icyphy/ptII/ptolemy/domains/ptides/test/auto/ClockDrift.xml (RunModel)" time="0.183" />
  <testcase classname="ptolemy.util.test.junit.AutoTests" name="[4] /home/travis/build/icyphy/ptII/ptolemy/domains/ptides/test/auto/ClockDrift1.xml (RunModel)" time="0.141" />
  <testcase classname="ptolemy.util.test.junit.AutoTests" name="[5] /home/travis/build/icyphy/ptII/ptolemy/domains/ptides/test/auto/CoSimulation.xml (RunModel)" time="4.013" />
  <testcase classname="ptolemy.util.test.junit.AutoTests" name="[6] /home/travis/build/icyphy/ptII/ptolemy/domains/ptides/test/auto/Continuous.xml (RunModel)" time="0.21" />
  <testcase classname="ptolemy.util.test.junit.AutoTests" name="[7] /home/travis/build/icyphy/ptII/ptolemy/domains/ptides/test/auto/Controller.xml (RunModel)" time="3.083" />
  <testcase classname="ptolemy.util.test.junit.AutoTests" name="[8] /home/travis/build/icyphy/ptII/ptolemy/domains/ptides/test/auto/DCASwith1FCFSScheduler.xml (RunModel)" time="0.19" />
  <testcase classname="ptolemy.util.test.junit.AutoTests" name="[9] /home/travis/build/icyphy/ptII/ptolemy/domains/ptides/test/auto/DCASwith2FCFSSchedulers.xml (RunModel)" time="0.161" />
  <testcase classname="ptolemy.util.test.junit.AutoTests" name="[10] /home/travis/build/icyphy/ptII/ptolemy/domains/ptides/test/auto/DistributedPowerPlant.xml (RunModel)" time="1.237" />
  <testcase classname="ptolemy.util.test.junit.AutoTests" name="[11] /home/travis/build/icyphy/ptII/ptolemy/domains/ptides/test/auto/EDFPreempt.xml (RunModel)" time="0.108" />
  <testcase classname="ptolemy.util.test.junit.AutoTests" name="[12] /home/travis/build/icyphy/ptII/ptolemy/domains/ptides/test/auto/EDFPreempt1.xml (RunModel)" time="0.165" />
  <testcase classname="ptolemy.util.test.junit.AutoTests" name="[13] /home/travis/build/icyphy/ptII/ptolemy/domains/ptides/test/auto/EDFScheduler.xml (RunModel)" time="0.089" />
  <testcase classname="ptolemy.util.test.junit.AutoTests" name="[14] /home/travis/build/icyphy/ptII/ptolemy/domains/ptides/test/auto/EDFScheduler1.xml (RunModel)" time="0.126" />
  <testcase classname="ptolemy.util.test.junit.AutoTests" name="[15] /home/travis/build/icyphy/ptII/ptolemy/domains/ptides/test/auto/EDFTwoAddSub.xml (RunModel)" time="0.273" />
  <testcase classname="ptolemy.util.test.junit.AutoTests" name="[16] /home/travis/build/icyphy/ptII/ptolemy/domains/ptides/test/auto/FCFSScheduler.xml (RunModel)" time="0.111" />
  <testcase classname="ptolemy.util.test.junit.AutoTests" name="[17] /home/travis/build/icyphy/ptII/ptolemy/domains/ptides/test/auto/FPScheduler1.xml (RunModel)" time="0.125" />
  <testcase classname="ptolemy.util.test.junit.AutoTests" name="[18] /home/travis/build/icyphy/ptII/ptolemy/domains/ptides/test/auto/Feedback.xml (RunModel)" time="0.1" />
  <testcase classname="ptolemy.util.test.junit.AutoTests" name="[19] /home/travis/build/icyphy/ptII/ptolemy/domains/ptides/test/auto/Feedback2.xml (RunModel)" time="0.089" />
  <testcase classname="ptolemy.util.test.junit.AutoTests" name="[20] /home/travis/build/icyphy/ptII/ptolemy/domains/ptides/test/auto/LocalSource.xml (RunModel)" time="0.112" />
  <testcase classname="ptolemy.util.test.junit.AutoTests" name="[21] /home/travis/build/icyphy/ptII/ptolemy/domains/ptides/test/auto/LocalSource3.xml (RunModel)" time="0.138" />
  <testcase classname="ptolemy.util.test.junit.AutoTests" name="[22] /home/travis/build/icyphy/ptII/ptolemy/domains/ptides/test/auto/LocalSourceActuator.xml (RunModel)" time="0.06" />
  <testcase classname="ptolemy.util.test.junit.AutoTests" name="[23] /home/travis/build/icyphy/ptII/ptolemy/domains/ptides/test/auto/Microstep.xml (RunModel)" time="0.064" />
  <testcase classname="ptolemy.util.test.junit.AutoTests" name="[24] /home/travis/build/icyphy/ptII/ptolemy/domains/ptides/test/auto/MixedSimulator.xml (RunModel)" time="0.134" />
  <testcase classname="ptolemy.util.test.junit.AutoTests" name="[25] /home/travis/build/icyphy/ptII/ptolemy/domains/ptides/test/auto/ModelDelay.xml (RunModel)" time="0.146" />
  <testcase classname="ptolemy.util.test.junit.AutoTests" name="[26] /home/travis/build/icyphy/ptII/ptolemy/domains/ptides/test/auto/MultiPlatformTDMA.xml (RunModel)" time="0.551" />
  <testcase classname="ptolemy.util.test.junit.AutoTests" name="[27] /home/travis/build/icyphy/ptII/ptolemy/domains/ptides/test/auto/MultiPlatformTDMA2.xml (RunModel)" time="0.337" />
  <testcase classname="ptolemy.util.test.junit.AutoTests" name="[28] /home/travis/build/icyphy/ptII/ptolemy/domains/ptides/test/auto/Network.xml (RunModel)" time="0.127" />
  <testcase classname="ptolemy.util.test.junit.AutoTests" name="[29] /home/travis/build/icyphy/ptII/ptolemy/domains/ptides/test/auto/Network1.xml (RunModel)" time="0.122" />
  <testcase classname="ptolemy.util.test.junit.AutoTests" name="[30] /home/travis/build/icyphy/ptII/ptolemy/domains/ptides/test/auto/Network2.xml (RunModel)" time="0.146" />
  <testcase classname="ptolemy.util.test.junit.AutoTests" name="[31] /home/travis/build/icyphy/ptII/ptolemy/domains/ptides/test/auto/Network3.xml (RunModel)" time="0.216" />
  <testcase classname="ptolemy.util.test.junit.AutoTests" name="[32] /home/travis/build/icyphy/ptII/ptolemy/domains/ptides/test/auto/Network4.xml (RunModel)" time="0.11" />
  <testcase classname="ptolemy.util.test.junit.AutoTests" name="[33] /home/travis/build/icyphy/ptII/ptolemy/domains/ptides/test/auto/NetworkMicrostepTest.xml (RunModel)" time="0.141" />
  <testcase classname="ptolemy.util.test.junit.AutoTests" name="[34] /home/travis/build/icyphy/ptII/ptolemy/domains/ptides/test/auto/NetworkPorts.xml (RunModel)" time="0.127" />
  <testcase classname="ptolemy.util.test.junit.AutoTests" name="[35] /home/travis/build/icyphy/ptII/ptolemy/domains/ptides/test/auto/OneMerger.xml (RunModel)" time="0.095" />
  <testcase classname="ptolemy.util.test.junit.AutoTests" name="[36] /home/travis/build/icyphy/ptII/ptolemy/domains/ptides/test/auto/OnePlatform.xml (RunModel)" time="0.127" />
  <testcase classname="ptolemy.util.test.junit.AutoTests" name="[37] /home/travis/build/icyphy/ptII/ptolemy/domains/ptides/test/auto/OnePlatform1.xml (RunModel)" time="0.128" />
  <testcase classname="ptolemy.util.test.junit.AutoTests" name="[38] /home/travis/build/icyphy/ptII/ptolemy/domains/ptides/test/auto/OnePlatform2.xml (RunModel)" time="0.12" />
  <testcase classname="ptolemy.util.test.junit.AutoTests" name="[39] /home/travis/build/icyphy/ptII/ptolemy/domains/ptides/test/auto/OnePlatform3.xml (RunModel)" time="0.112" />
  <testcase classname="ptolemy.util.test.junit.AutoTests" name="[40] /home/travis/build/icyphy/ptII/ptolemy/domains/ptides/test/auto/OnePlatform4.xml (RunModel)" time="0.114" />
  <testcase classname="ptolemy.util.test.junit.AutoTests" name="[41] /home/travis/build/icyphy/ptII/ptolemy/domains/ptides/test/auto/OnePlatform5.xml (RunModel)" time="0.103" />
  <testcase classname="ptolemy.util.test.junit.AutoTests" name="[42] /home/travis/build/icyphy/ptII/ptolemy/domains/ptides/test/auto/OnePlatformCausalLoop.xml (RunModel)" time="0.094" />
  <testcase classname="ptolemy.util.test.junit.AutoTests" name="[43] /home/travis/build/icyphy/ptII/ptolemy/domains/ptides/test/auto/OnePlatformRealTime.xml (RunModel)" time="0.08" />
  <testcase classname="ptolemy.util.test.junit.AutoTests" name="[44] /home/travis/build/icyphy/ptII/ptolemy/domains/ptides/test/auto/OnePlatformThreePathsRealDelay.xml (RunModel)" time="0.137" />
  <testcase classname="ptolemy.util.test.junit.AutoTests" name="[45] /home/travis/build/icyphy/ptII/ptolemy/domains/ptides/test/auto/OnePlatformminDelay.xml (RunModel)" time="0.092" />
  <testcase classname="ptolemy.util.test.junit.AutoTests" name="[46] /home/travis/build/icyphy/ptII/ptolemy/domains/ptides/test/auto/PowerManagementUnitSamplingWithCurrentLocalTime.xml (RunModel)" time="0.53" />
  <testcase classname="ptolemy.util.test.junit.AutoTests" name="[47] /home/travis/build/icyphy/ptII/ptolemy/domains/ptides/test/auto/PowerPlant.xml (RunModel)" time="0.712" />
  <testcase classname="ptolemy.util.test.junit.AutoTests" name="[48] /home/travis/build/icyphy/ptII/ptolemy/domains/ptides/test/auto/PreemptDeadline.xml (RunModel)" time="0.073" />
  <testcase classname="ptolemy.util.test.junit.AutoTests" name="[49] /home/travis/build/icyphy/ptII/ptolemy/domains/ptides/test/auto/PreemptEDFOnePlatformTwoPaths.xml (RunModel)" time="0.078" />
  <testcase classname="ptolemy.util.test.junit.AutoTests" name="[50] /home/travis/build/icyphy/ptII/ptolemy/domains/ptides/test/auto/PreemptOnePlatform.xml (RunModel)" time="0.072" />
  <testcase classname="ptolemy.util.test.junit.AutoTests" name="[51] /home/travis/build/icyphy/ptII/ptolemy/domains/ptides/test/auto/PrintingPress.xml (RunModel)" time="71.141" />
  <testcase classname="ptolemy.util.test.junit.AutoTests" name="[52] /home/travis/build/icyphy/ptII/ptolemy/domains/ptides/test/auto/PtidesMulticoreDirector.xml (RunModel)" time="0.15" />
  <testcase classname="ptolemy.util.test.junit.AutoTests" name="[53] /home/travis/build/icyphy/ptII/ptolemy/domains/ptides/test/auto/PtidesSynchrophasor.xml (RunModel)" time="3.176" />
  <testcase classname="ptolemy.util.test.junit.AutoTests" name="[54] /home/travis/build/icyphy/ptII/ptolemy/domains/ptides/test/auto/SafeToProcessInsideTransparent.xml (RunModel)" time="0.074" />
  <testcase classname="ptolemy.util.test.junit.AutoTests" name="[55] /home/travis/build/icyphy/ptII/ptolemy/domains/ptides/test/auto/SafeToProcessTwoPaths.xml (RunModel)" time="0.078" />
  <testcase classname="ptolemy.util.test.junit.AutoTests" name="[56] /home/travis/build/icyphy/ptII/ptolemy/domains/ptides/test/auto/Sensor.xml (RunModel)" time="0.061" />
  <testcase classname="ptolemy.util.test.junit.AutoTests" name="[57] /home/travis/build/icyphy/ptII/ptolemy/domains/ptides/test/auto/SensorActuatorModelDelayOnly.xml (RunModel)" time="0.047" />
  <testcase classname="ptolemy.util.test.junit.AutoTests" name="[58] /home/travis/build/icyphy/ptII/ptolemy/domains/ptides/test/auto/SensorActuatorNoDelay.xml (RunModel)" time="0.036" />
  <testcase classname="ptolemy.util.test.junit.AutoTests" name="[59] /home/travis/build/icyphy/ptII/ptolemy/domains/ptides/test/auto/TIIModalExample.xml (RunModel)" time="0.099" />
  <testcase classname="ptolemy.util.test.junit.AutoTests" name="[60] /home/travis/build/icyphy/ptII/ptolemy/domains/ptides/test/auto/TIIMultiPlatformPowerSupply.xml (RunModel)" time="1.912" />
  <testcase classname="ptolemy.util.test.junit.AutoTests" name="[61] /home/travis/build/icyphy/ptII/ptolemy/domains/ptides/test/auto/TIIPowerPlant.xml (RunModel)" time="0.616" />
  <testcase classname="ptolemy.util.test.junit.AutoTests" name="[62] /home/travis/build/icyphy/ptII/ptolemy/domains/ptides/test/auto/TIIPowerPlantHeartbeat.xml (RunModel)" time="0.204" />
  <testcase classname="ptolemy.util.test.junit.AutoTests" name="[63] /home/travis/build/icyphy/ptII/ptolemy/domains/ptides/test/auto/TwoMergers.xml (RunModel)" time="0.067" />
  <testcase classname="ptolemy.util.test.junit.AutoTests" name="[64] /home/travis/build/icyphy/ptII/ptolemy/domains/ptides/test/auto/TwoTasks.xml (RunModel)" time="0.082" />
  <testcase classname="ptolemy.util.test.junit.AutoTests" name="[65] /home/travis/build/icyphy/ptII/ptolemy/domains/ptides/test/auto/TwoTasksInSequence.xml (RunModel)" time="0.099" />
  <testcase classname="ptolemy.util.test.junit.AutoTests" name="[66] /home/travis/build/icyphy/ptII/ptolemy/domains/ptides/test/auto/VariableDelay.xml (RunModel)" time="0.056" />
  <system-out><![CDATA[No tcl tests in /home/travis/build/icyphy/ptII/ptolemy/domains/ptides/test
No auto/knownFailedTests/*.xml tests in /home/travis/build/icyphy/ptII/ptolemy/domains/ptides/test
No auto/linux-amd64/*.xml tests in /home/travis/build/icyphy/ptII/ptolemy/domains/ptides/test
AutoTests.java: About to close Vertx.
AutoTests.java: Vertx closed.
----------------- testing Wed May 30 16:15:33 UTC 2018 /home/travis/build/icyphy/ptII/ptolemy/domains/ptides/test/auto/2FPSchedulers.xml
----------------- Instantiating /home/travis/build/icyphy/ptII/ptolemy/domains/ptides/test/auto/2FPSchedulers.xml
89 ms. Memory: 146944K Free: 127945K (87%)
----------------- Invoking toplevel() on ptolemy.moml.MoMLSimpleApplication@67f227a0
----------------- Done invoking toplevel() on ptolemy.moml.MoMLSimpleApplication@67f227a0
reloadAllAccessors: .2FPSchedulers
----------------- testing Wed May 30 16:15:33 UTC 2018 /home/travis/build/icyphy/ptII/ptolemy/domains/ptides/test/auto/AddEDFDelayOffset.xml
----------------- Instantiating /home/travis/build/icyphy/ptII/ptolemy/domains/ptides/test/auto/AddEDFDelayOffset.xml
83 ms. Memory: 146944K Free: 111979K (76%)
----------------- Invoking toplevel() on ptolemy.moml.MoMLSimpleApplication@6c6d6662
----------------- Done invoking toplevel() on ptolemy.moml.MoMLSimpleApplication@6c6d6662
reloadAllAccessors: .AddEDFDelayOffset
----------------- testing Wed May 30 16:15:34 UTC 2018 /home/travis/build/icyphy/ptII/ptolemy/domains/ptides/test/auto/AutoThrottling.xml
----------------- Instantiating /home/travis/build/icyphy/ptII/ptolemy/domains/ptides/test/auto/AutoThrottling.xml
30 ms. Memory: 146944K Free: 103918K (71%)
----------------- Invoking toplevel() on ptolemy.moml.MoMLSimpleApplication@47761280
----------------- Done invoking toplevel() on ptolemy.moml.MoMLSimpleApplication@47761280
reloadAllAccessors: .AutoThrottling
----------------- testing Wed May 30 16:15:34 UTC 2018 /home/travis/build/icyphy/ptII/ptolemy/domains/ptides/test/auto/ClockDrift.xml
----------------- Instantiating /home/travis/build/icyphy/ptII/ptolemy/domains/ptides/test/auto/ClockDrift.xml
45 ms. Memory: 146944K Free: 94288K (64%)
----------------- Invoking toplevel() on ptolemy.moml.MoMLSimpleApplication@761e551f
----------------- Done invoking toplevel() on ptolemy.moml.MoMLSimpleApplication@761e551f
reloadAllAccessors: .ClockDrift
----------------- testing Wed May 30 16:15:34 UTC 2018 /home/travis/build/icyphy/ptII/ptolemy/domains/ptides/test/auto/ClockDrift1.xml
----------------- Instantiating /home/travis/build/icyphy/ptII/ptolemy/domains/ptides/test/auto/ClockDrift1.xml
39 ms. Memory: 146944K Free: 84919K (58%)
----------------- Invoking toplevel() on ptolemy.moml.MoMLSimpleApplication@40fe8733
----------------- Done invoking toplevel() on ptolemy.moml.MoMLSimpleApplication@40fe8733
reloadAllAccessors: .ClockDrift1
----------------- testing Wed May 30 16:15:34 UTC 2018 /home/travis/build/icyphy/ptII/ptolemy/domains/ptides/test/auto/CoSimulation.xml
----------------- Instantiating /home/travis/build/icyphy/ptII/ptolemy/domains/ptides/test/auto/CoSimulation.xml
2493 ms. Memory: 208384K Free: 98476K (47%)
----------------- Invoking toplevel() on ptolemy.moml.MoMLSimpleApplication@76947e50
----------------- Done invoking toplevel() on ptolemy.moml.MoMLSimpleApplication@76947e50
reloadAllAccessors: .CoSimulation
----------------- testing Wed May 30 16:15:38 UTC 2018 /home/travis/build/icyphy/ptII/ptolemy/domains/ptides/test/auto/Continuous.xml
----------------- Instantiating /home/travis/build/icyphy/ptII/ptolemy/domains/ptides/test/auto/Continuous.xml
62 ms. Memory: 208384K Free: 82734K (40%)
----------------- Invoking toplevel() on ptolemy.moml.MoMLSimpleApplication@311500a1
----------------- Done invoking toplevel() on ptolemy.moml.MoMLSimpleApplication@311500a1
reloadAllAccessors: .Continuous
----------------- testing Wed May 30 16:15:38 UTC 2018 /home/travis/build/icyphy/ptII/ptolemy/domains/ptides/test/auto/Controller.xml
----------------- Instantiating /home/travis/build/icyphy/ptII/ptolemy/domains/ptides/test/auto/Controller.xml
2764 ms. Memory: 333312K Free: 147575K (44%)
----------------- Invoking toplevel() on ptolemy.moml.MoMLSimpleApplication@d5258a0
----------------- Done invoking toplevel() on ptolemy.moml.MoMLSimpleApplication@d5258a0
reloadAllAccessors: .Controller
----------------- testing Wed May 30 16:15:41 UTC 2018 /home/travis/build/icyphy/ptII/ptolemy/domains/ptides/test/auto/DCASwith1FCFSScheduler.xml
----------------- Instantiating /home/travis/build/icyphy/ptII/ptolemy/domains/ptides/test/auto/DCASwith1FCFSScheduler.xml
25 ms. Memory: 333312K Free: 126324K (38%)
----------------- Invoking toplevel() on ptolemy.moml.MoMLSimpleApplication@df91f33
----------------- Done invoking toplevel() on ptolemy.moml.MoMLSimpleApplication@df91f33
reloadAllAccessors: .DCASwith1FCFSScheduler
----------------- testing Wed May 30 16:15:41 UTC 2018 /home/travis/build/icyphy/ptII/ptolemy/domains/ptides/test/auto/DCASwith2FCFSSchedulers.xml
----------------- Instantiating /home/travis/build/icyphy/ptII/ptolemy/domains/ptides/test/auto/DCASwith2FCFSSchedulers.xml
28 ms. Memory: 333312K Free: 101643K (30%)
----------------- Invoking toplevel() on ptolemy.moml.MoMLSimpleApplication@feac81f
----------------- Done invoking toplevel() on ptolemy.moml.MoMLSimpleApplication@feac81f
reloadAllAccessors: .DCASwith2FCFSSchedulers
----------------- testing Wed May 30 16:15:42 UTC 2018 /home/travis/build/icyphy/ptII/ptolemy/domains/ptides/test/auto/DistributedPowerPlant.xml
----------------- Instantiating /home/travis/build/icyphy/ptII/ptolemy/domains/ptides/test/auto/DistributedPowerPlant.xml
650 ms. Memory: 333312K Free: 221125K (66%)
----------------- Invoking toplevel() on ptolemy.moml.MoMLSimpleApplication@300bd8c1
----------------- Done invoking toplevel() on ptolemy.moml.MoMLSimpleApplication@300bd8c1
reloadAllAccessors: .DistributedPowerPlant
----------------- testing Wed May 30 16:15:43 UTC 2018 /home/travis/build/icyphy/ptII/ptolemy/domains/ptides/test/auto/EDFPreempt.xml
----------------- Instantiating /home/travis/build/icyphy/ptII/ptolemy/domains/ptides/test/auto/EDFPreempt.xml
38 ms. Memory: 333312K Free: 205341K (62%)
----------------- Invoking toplevel() on ptolemy.moml.MoMLSimpleApplication@7682a74f
----------------- Done invoking toplevel() on ptolemy.moml.MoMLSimpleApplication@7682a74f
reloadAllAccessors: .EDFPreempt
----------------- testing Wed May 30 16:15:43 UTC 2018 /home/travis/build/icyphy/ptII/ptolemy/domains/ptides/test/auto/EDFPreempt1.xml
----------------- Instantiating /home/travis/build/icyphy/ptII/ptolemy/domains/ptides/test/auto/EDFPreempt1.xml
54 ms. Memory: 333312K Free: 182322K (55%)
----------------- Invoking toplevel() on ptolemy.moml.MoMLSimpleApplication@ad41881
----------------- Done invoking toplevel() on ptolemy.moml.MoMLSimpleApplication@ad41881
reloadAllAccessors: .EDFPreempt1
----------------- testing Wed May 30 16:15:43 UTC 2018 /home/travis/build/icyphy/ptII/ptolemy/domains/ptides/test/auto/EDFScheduler.xml
----------------- Instantiating /home/travis/build/icyphy/ptII/ptolemy/domains/ptides/test/auto/EDFScheduler.xml
18 ms. Memory: 333312K Free: 161559K (48%)
----------------- Invoking toplevel() on ptolemy.moml.MoMLSimpleApplication@6d2958e0
----------------- Done invoking toplevel() on ptolemy.moml.MoMLSimpleApplication@6d2958e0
reloadAllAccessors: .EDFScheduler
----------------- testing Wed May 30 16:15:43 UTC 2018 /home/travis/build/icyphy/ptII/ptolemy/domains/ptides/test/auto/EDFScheduler1.xml
----------------- Instantiating /home/travis/build/icyphy/ptII/ptolemy/domains/ptides/test/auto/EDFScheduler1.xml
33 ms. Memory: 333312K Free: 140203K (42%)
----------------- Invoking toplevel() on ptolemy.moml.MoMLSimpleApplication@1b4e6fad
----------------- Done invoking toplevel() on ptolemy.moml.MoMLSimpleApplication@1b4e6fad
reloadAllAccessors: .EDFScheduler1
----------------- testing Wed May 30 16:15:43 UTC 2018 /home/travis/build/icyphy/ptII/ptolemy/domains/ptides/test/auto/EDFTwoAddSub.xml
----------------- Instantiating /home/travis/build/icyphy/ptII/ptolemy/domains/ptides/test/auto/EDFTwoAddSub.xml
128 ms. Memory: 333312K Free: 105684K (32%)
----------------- Invoking toplevel() on ptolemy.moml.MoMLSimpleApplication@584cd6e7
----------------- Done invoking toplevel() on ptolemy.moml.MoMLSimpleApplication@584cd6e7
reloadAllAccessors: .EDFTwoAddSub
----------------- testing Wed May 30 16:15:44 UTC 2018 /home/travis/build/icyphy/ptII/ptolemy/domains/ptides/test/auto/FCFSScheduler.xml
----------------- Instantiating /home/travis/build/icyphy/ptII/ptolemy/domains/ptides/test/auto/FCFSScheduler.xml
21 ms. Memory: 333312K Free: 86615K (26%)
----------------- Invoking toplevel() on ptolemy.moml.MoMLSimpleApplication@75b1325c
----------------- Done invoking toplevel() on ptolemy.moml.MoMLSimpleApplication@75b1325c
reloadAllAccessors: .FCFSScheduler
----------------- testing Wed May 30 16:15:44 UTC 2018 /home/travis/build/icyphy/ptII/ptolemy/domains/ptides/test/auto/FPScheduler1.xml
----------------- Instantiating /home/travis/build/icyphy/ptII/ptolemy/domains/ptides/test/auto/FPScheduler1.xml
24 ms. Memory: 579072K Free: 562813K (97%)
----------------- Invoking toplevel() on ptolemy.moml.MoMLSimpleApplication@2cfb238c
----------------- Done invoking toplevel() on ptolemy.moml.MoMLSimpleApplication@2cfb238c
reloadAllAccessors: .FPScheduler1
----------------- testing Wed May 30 16:15:44 UTC 2018 /home/travis/build/icyphy/ptII/ptolemy/domains/ptides/test/auto/Feedback.xml
----------------- Instantiating /home/travis/build/icyphy/ptII/ptolemy/domains/ptides/test/auto/Feedback.xml
36 ms. Memory: 579072K Free: 548089K (95%)
----------------- Invoking toplevel() on ptolemy.moml.MoMLSimpleApplication@1e66ec65
----------------- Done invoking toplevel() on ptolemy.moml.MoMLSimpleApplication@1e66ec65
reloadAllAccessors: .Feedback
----------------- testing Wed May 30 16:15:44 UTC 2018 /home/travis/build/icyphy/ptII/ptolemy/domains/ptides/test/auto/Feedback2.xml
----------------- Instantiating /home/travis/build/icyphy/ptII/ptolemy/domains/ptides/test/auto/Feedback2.xml
32 ms. Memory: 579072K Free: 534966K (92%)
----------------- Invoking toplevel() on ptolemy.moml.MoMLSimpleApplication@685198a9
----------------- Done invoking toplevel() on ptolemy.moml.MoMLSimpleApplication@685198a9
reloadAllAccessors: .Feedback2
----------------- testing Wed May 30 16:15:44 UTC 2018 /home/travis/build/icyphy/ptII/ptolemy/domains/ptides/test/auto/LocalSource.xml
----------------- Instantiating /home/travis/build/icyphy/ptII/ptolemy/domains/ptides/test/auto/LocalSource.xml
35 ms. Memory: 579072K Free: 515289K (89%)
----------------- Invoking toplevel() on ptolemy.moml.MoMLSimpleApplication@32d3f141
----------------- Done invoking toplevel() on ptolemy.moml.MoMLSimpleApplication@32d3f141
reloadAllAccessors: .LocalSource
----------------- testing Wed May 30 16:15:44 UTC 2018 /home/travis/build/icyphy/ptII/ptolemy/domains/ptides/test/auto/LocalSource3.xml
----------------- Instantiating /home/travis/build/icyphy/ptII/ptolemy/domains/ptides/test/auto/LocalSource3.xml
38 ms. Memory: 579072K Free: 497522K (86%)
----------------- Invoking toplevel() on ptolemy.moml.MoMLSimpleApplication@7ee50969
----------------- Done invoking toplevel() on ptolemy.moml.MoMLSimpleApplication@7ee50969
reloadAllAccessors: .LocalSource3
----------------- testing Wed May 30 16:15:44 UTC 2018 /home/travis/build/icyphy/ptII/ptolemy/domains/ptides/test/auto/LocalSourceActuator.xml
----------------- Instantiating /home/travis/build/icyphy/ptII/ptolemy/domains/ptides/test/auto/LocalSourceActuator.xml
7 ms. Memory: 579072K Free: 484398K (84%)
----------------- Invoking toplevel() on ptolemy.moml.MoMLSimpleApplication@39e5a338
----------------- Done invoking toplevel() on ptolemy.moml.MoMLSimpleApplication@39e5a338
reloadAllAccessors: .LocalSourceActuator
----------------- testing Wed May 30 16:15:44 UTC 2018 /home/travis/build/icyphy/ptII/ptolemy/domains/ptides/test/auto/Microstep.xml
----------------- Instantiating /home/travis/build/icyphy/ptII/ptolemy/domains/ptides/test/auto/Microstep.xml
14 ms. Memory: 579072K Free: 471275K (81%)
----------------- Invoking toplevel() on ptolemy.moml.MoMLSimpleApplication@696223aa
----------------- Done invoking toplevel() on ptolemy.moml.MoMLSimpleApplication@696223aa
reloadAllAccessors: .Microstep
----------------- testing Wed May 30 16:15:44 UTC 2018 /home/travis/build/icyphy/ptII/ptolemy/domains/ptides/test/auto/MixedSimulator.xml
----------------- Instantiating /home/travis/build/icyphy/ptII/ptolemy/domains/ptides/test/auto/MixedSimulator.xml
51 ms. Memory: 579072K Free: 451582K (78%)
----------------- Invoking toplevel() on ptolemy.moml.MoMLSimpleApplication@1459dc8
----------------- Done invoking toplevel() on ptolemy.moml.MoMLSimpleApplication@1459dc8
reloadAllAccessors: .MixedSimulator
----------------- testing Wed May 30 16:15:45 UTC 2018 /home/travis/build/icyphy/ptII/ptolemy/domains/ptides/test/auto/ModelDelay.xml
----------------- Instantiating /home/travis/build/icyphy/ptII/ptolemy/domains/ptides/test/auto/ModelDelay.xml
35 ms. Memory: 579072K Free: 437107K (75%)
----------------- Invoking toplevel() on ptolemy.moml.MoMLSimpleApplication@76eabd89
----------------- Done invoking toplevel() on ptolemy.moml.MoMLSimpleApplication@76eabd89
reloadAllAccessors: .ModelDelay
----------------- testing Wed May 30 16:15:45 UTC 2018 /home/travis/build/icyphy/ptII/ptolemy/domains/ptides/test/auto/MultiPlatformTDMA.xml
----------------- Instantiating /home/travis/build/icyphy/ptII/ptolemy/domains/ptides/test/auto/MultiPlatformTDMA.xml
236 ms. Memory: 579072K Free: 384558K (66%)
----------------- Invoking toplevel() on ptolemy.moml.MoMLSimpleApplication@cf27811
----------------- Done invoking toplevel() on ptolemy.moml.MoMLSimpleApplication@cf27811
reloadAllAccessors: .MultiPlatformTDMA
----------------- testing Wed May 30 16:15:45 UTC 2018 /home/travis/build/icyphy/ptII/ptolemy/domains/ptides/test/auto/MultiPlatformTDMA2.xml
----------------- Instantiating /home/travis/build/icyphy/ptII/ptolemy/domains/ptides/test/auto/MultiPlatformTDMA2.xml
126 ms. Memory: 579072K Free: 332040K (57%)
----------------- Invoking toplevel() on ptolemy.moml.MoMLSimpleApplication@64d4adc8
----------------- Done invoking toplevel() on ptolemy.moml.MoMLSimpleApplication@64d4adc8
reloadAllAccessors: .MultiPlatformTDMA2
----------------- testing Wed May 30 16:15:46 UTC 2018 /home/travis/build/icyphy/ptII/ptolemy/domains/ptides/test/auto/Network.xml
----------------- Instantiating /home/travis/build/icyphy/ptII/ptolemy/domains/ptides/test/auto/Network.xml
30 ms. Memory: 579072K Free: 312339K (54%)
----------------- Invoking toplevel() on ptolemy.moml.MoMLSimpleApplication@56d87c77
----------------- Done invoking toplevel() on ptolemy.moml.MoMLSimpleApplication@56d87c77
reloadAllAccessors: .Network
----------------- testing Wed May 30 16:15:46 UTC 2018 /home/travis/build/icyphy/ptII/ptolemy/domains/ptides/test/auto/Network1.xml
----------------- Instantiating /home/travis/build/icyphy/ptII/ptolemy/domains/ptides/test/auto/Network1.xml
30 ms. Memory: 579072K Free: 291303K (50%)
----------------- Invoking toplevel() on ptolemy.moml.MoMLSimpleApplication@60aadc94
----------------- Done invoking toplevel() on ptolemy.moml.MoMLSimpleApplication@60aadc94
reloadAllAccessors: .Network1
----------------- testing Wed May 30 16:15:46 UTC 2018 /home/travis/build/icyphy/ptII/ptolemy/domains/ptides/test/auto/Network2.xml
----------------- Instantiating /home/travis/build/icyphy/ptII/ptolemy/domains/ptides/test/auto/Network2.xml
27 ms. Memory: 579072K Free: 274887K (47%)
----------------- Invoking toplevel() on ptolemy.moml.MoMLSimpleApplication@68fa41f5
----------------- Done invoking toplevel() on ptolemy.moml.MoMLSimpleApplication@68fa41f5
reloadAllAccessors: .Network2
----------------- testing Wed May 30 16:15:46 UTC 2018 /home/travis/build/icyphy/ptII/ptolemy/domains/ptides/test/auto/Network3.xml
----------------- Instantiating /home/travis/build/icyphy/ptII/ptolemy/domains/ptides/test/auto/Network3.xml
39 ms. Memory: 579072K Free: 245323K (42%)
----------------- Invoking toplevel() on ptolemy.moml.MoMLSimpleApplication@2b4eec67
----------------- Done invoking toplevel() on ptolemy.moml.MoMLSimpleApplication@2b4eec67
reloadAllAccessors: .Network3
----------------- testing Wed May 30 16:15:46 UTC 2018 /home/travis/build/icyphy/ptII/ptolemy/domains/ptides/test/auto/Network4.xml
----------------- Instantiating /home/travis/build/icyphy/ptII/ptolemy/domains/ptides/test/auto/Network4.xml
16 ms. Memory: 579072K Free: 224287K (39%)
----------------- Invoking toplevel() on ptolemy.moml.MoMLSimpleApplication@37c59dc7
----------------- Done invoking toplevel() on ptolemy.moml.MoMLSimpleApplication@37c59dc7
reloadAllAccessors: .Network4
----------------- testing Wed May 30 16:15:46 UTC 2018 /home/travis/build/icyphy/ptII/ptolemy/domains/ptides/test/auto/NetworkMicrostepTest.xml
----------------- Instantiating /home/travis/build/icyphy/ptII/ptolemy/domains/ptides/test/auto/NetworkMicrostepTest.xml
26 ms. Memory: 579072K Free: 204602K (35%)
----------------- Invoking toplevel() on ptolemy.moml.MoMLSimpleApplication@47919a61
----------------- Done invoking toplevel() on ptolemy.moml.MoMLSimpleApplication@47919a61
reloadAllAccessors: .NetworkMicrostepTest
----------------- testing Wed May 30 16:15:47 UTC 2018 /home/travis/build/icyphy/ptII/ptolemy/domains/ptides/test/auto/NetworkPorts.xml
----------------- Instantiating /home/travis/build/icyphy/ptII/ptolemy/domains/ptides/test/auto/NetworkPorts.xml
22 ms. Memory: 579072K Free: 181625K (31%)
----------------- Invoking toplevel() on ptolemy.moml.MoMLSimpleApplication@70499d12
----------------- Done invoking toplevel() on ptolemy.moml.MoMLSimpleApplication@70499d12
reloadAllAccessors: .NetworkPorts
----------------- testing Wed May 30 16:15:47 UTC 2018 /home/travis/build/icyphy/ptII/ptolemy/domains/ptides/test/auto/OneMerger.xml
----------------- Instantiating /home/travis/build/icyphy/ptII/ptolemy/domains/ptides/test/auto/OneMerger.xml
12 ms. Memory: 579072K Free: 161932K (28%)
----------------- Invoking toplevel() on ptolemy.moml.MoMLSimpleApplication@6aa41379
----------------- Done invoking toplevel() on ptolemy.moml.MoMLSimpleApplication@6aa41379
reloadAllAccessors: .OneMerger
----------------- testing Wed May 30 16:15:47 UTC 2018 /home/travis/build/icyphy/ptII/ptolemy/domains/ptides/test/auto/OnePlatform.xml
----------------- Instantiating /home/travis/build/icyphy/ptII/ptolemy/domains/ptides/test/auto/OnePlatform.xml
28 ms. Memory: 579072K Free: 134302K (23%)
----------------- Invoking toplevel() on ptolemy.moml.MoMLSimpleApplication@22eb890b
----------------- Done invoking toplevel() on ptolemy.moml.MoMLSimpleApplication@22eb890b
reloadAllAccessors: .OnePlatform
----------------- testing Wed May 30 16:15:47 UTC 2018 /home/travis/build/icyphy/ptII/ptolemy/domains/ptides/test/auto/OnePlatform1.xml
----------------- Instantiating /home/travis/build/icyphy/ptII/ptolemy/domains/ptides/test/auto/OnePlatform1.xml
24 ms. Memory: 579072K Free: 114624K (20%)
----------------- Invoking toplevel() on ptolemy.moml.MoMLSimpleApplication@5472af74
----------------- Done invoking toplevel() on ptolemy.moml.MoMLSimpleApplication@5472af74
reloadAllAccessors: .OnePlatform1
----------------- testing Wed May 30 16:15:47 UTC 2018 /home/travis/build/icyphy/ptII/ptolemy/domains/ptides/test/auto/OnePlatform2.xml
----------------- Instantiating /home/travis/build/icyphy/ptII/ptolemy/domains/ptides/test/auto/OnePlatform2.xml
27 ms. Memory: 579072K Free: 94915K (16%)
----------------- Invoking toplevel() on ptolemy.moml.MoMLSimpleApplication@568d2923
----------------- Done invoking toplevel() on ptolemy.moml.MoMLSimpleApplication@568d2923
reloadAllAccessors: .OnePlatform2
----------------- testing Wed May 30 16:15:47 UTC 2018 /home/travis/build/icyphy/ptII/ptolemy/domains/ptides/test/auto/OnePlatform3.xml
----------------- Instantiating /home/travis/build/icyphy/ptII/ptolemy/domains/ptides/test/auto/OnePlatform3.xml
40 ms. Memory: 579072K Free: 565643K (98%)
----------------- Invoking toplevel() on ptolemy.moml.MoMLSimpleApplication@571aabc6
----------------- Done invoking toplevel() on ptolemy.moml.MoMLSimpleApplication@571aabc6
reloadAllAccessors: .OnePlatform3
----------------- testing Wed May 30 16:15:47 UTC 2018 /home/travis/build/icyphy/ptII/ptolemy/domains/ptides/test/auto/OnePlatform4.xml
----------------- Instantiating /home/travis/build/icyphy/ptII/ptolemy/domains/ptides/test/auto/OnePlatform4.xml
20 ms. Memory: 579072K Free: 539808K (93%)
----------------- Invoking toplevel() on ptolemy.moml.MoMLSimpleApplication@62aa7662
----------------- Done invoking toplevel() on ptolemy.moml.MoMLSimpleApplication@62aa7662
reloadAllAccessors: .OnePlatform4
----------------- testing Wed May 30 16:15:47 UTC 2018 /home/travis/build/icyphy/ptII/ptolemy/domains/ptides/test/auto/OnePlatform5.xml
----------------- Instantiating /home/travis/build/icyphy/ptII/ptolemy/domains/ptides/test/auto/OnePlatform5.xml
25 ms. Memory: 579072K Free: 520115K (90%)
----------------- Invoking toplevel() on ptolemy.moml.MoMLSimpleApplication@78a78f56
----------------- Done invoking toplevel() on ptolemy.moml.MoMLSimpleApplication@78a78f56
reloadAllAccessors: .OnePlatform5
----------------- testing Wed May 30 16:15:48 UTC 2018 /home/travis/build/icyphy/ptII/ptolemy/domains/ptides/test/auto/OnePlatformCausalLoop.xml
----------------- Instantiating /home/travis/build/icyphy/ptII/ptolemy/domains/ptides/test/auto/OnePlatformCausalLoop.xml
19 ms. Memory: 579072K Free: 499500K (86%)
----------------- Invoking toplevel() on ptolemy.moml.MoMLSimpleApplication@2b099262
----------------- Done invoking toplevel() on ptolemy.moml.MoMLSimpleApplication@2b099262
reloadAllAccessors: .OnePlatformCausalLoop
----------------- testing Wed May 30 16:15:48 UTC 2018 /home/travis/build/icyphy/ptII/ptolemy/domains/ptides/test/auto/OnePlatformRealTime.xml
----------------- Instantiating /home/travis/build/icyphy/ptII/ptolemy/domains/ptides/test/auto/OnePlatformRealTime.xml
13 ms. Memory: 579072K Free: 483099K (83%)
----------------- Invoking toplevel() on ptolemy.moml.MoMLSimpleApplication@17a7e34a
----------------- Done invoking toplevel() on ptolemy.moml.MoMLSimpleApplication@17a7e34a
reloadAllAccessors: .OnePlatformRealTime
----------------- testing Wed May 30 16:15:48 UTC 2018 /home/travis/build/icyphy/ptII/ptolemy/domains/ptides/test/auto/OnePlatformThreePathsRealDelay.xml
----------------- Instantiating /home/travis/build/icyphy/ptII/ptolemy/domains/ptides/test/auto/OnePlatformThreePathsRealDelay.xml
51 ms. Memory: 579072K Free: 455922K (79%)
----------------- Invoking toplevel() on ptolemy.moml.MoMLSimpleApplication@516bbd9f
----------------- Done invoking toplevel() on ptolemy.moml.MoMLSimpleApplication@516bbd9f
reloadAllAccessors: .OnePlatformThreePathsRealDelay
----------------- testing Wed May 30 16:15:48 UTC 2018 /home/travis/build/icyphy/ptII/ptolemy/domains/ptides/test/auto/OnePlatformminDelay.xml
----------------- Instantiating /home/travis/build/icyphy/ptII/ptolemy/domains/ptides/test/auto/OnePlatformminDelay.xml
24 ms. Memory: 579072K Free: 436213K (75%)
----------------- Invoking toplevel() on ptolemy.moml.MoMLSimpleApplication@56b250ec
----------------- Done invoking toplevel() on ptolemy.moml.MoMLSimpleApplication@56b250ec
reloadAllAccessors: .OnePlatformminDelay
----------------- testing Wed May 30 16:15:48 UTC 2018 /home/travis/build/icyphy/ptII/ptolemy/domains/ptides/test/auto/PowerManagementUnitSamplingWithCurrentLocalTime.xml
----------------- Instantiating /home/travis/build/icyphy/ptII/ptolemy/domains/ptides/test/auto/PowerManagementUnitSamplingWithCurrentLocalTime.xml
270 ms. Memory: 579072K Free: 327836K (57%)
----------------- Invoking toplevel() on ptolemy.moml.MoMLSimpleApplication@16af6bb7
----------------- Done invoking toplevel() on ptolemy.moml.MoMLSimpleApplication@16af6bb7
reloadAllAccessors: .PowerManagementUnitSamplingWithCurrentLocalTime
----------------- testing Wed May 30 16:15:48 UTC 2018 /home/travis/build/icyphy/ptII/ptolemy/domains/ptides/test/auto/PowerPlant.xml
----------------- Instantiating /home/travis/build/icyphy/ptII/ptolemy/domains/ptides/test/auto/PowerPlant.xml
426 ms. Memory: 579072K Free: 208660K (36%)
----------------- Invoking toplevel() on ptolemy.moml.MoMLSimpleApplication@34a5740a
----------------- Done invoking toplevel() on ptolemy.moml.MoMLSimpleApplication@34a5740a
reloadAllAccessors: .PowerPlant
----------------- testing Wed May 30 16:15:49 UTC 2018 /home/travis/build/icyphy/ptII/ptolemy/domains/ptides/test/auto/PreemptDeadline.xml
----------------- Instantiating /home/travis/build/icyphy/ptII/ptolemy/domains/ptides/test/auto/PreemptDeadline.xml
16 ms. Memory: 579072K Free: 188935K (33%)
----------------- Invoking toplevel() on ptolemy.moml.MoMLSimpleApplication@4005f848
----------------- Done invoking toplevel() on ptolemy.moml.MoMLSimpleApplication@4005f848
reloadAllAccessors: .PtidesBasicPreemptDeadline
----------------- testing Wed May 30 16:15:49 UTC 2018 /home/travis/build/icyphy/ptII/ptolemy/domains/ptides/test/auto/PreemptEDFOnePlatformTwoPaths.xml
----------------- Instantiating /home/travis/build/icyphy/ptII/ptolemy/domains/ptides/test/auto/PreemptEDFOnePlatformTwoPaths.xml
13 ms. Memory: 579072K Free: 168312K (29%)
----------------- Invoking toplevel() on ptolemy.moml.MoMLSimpleApplication@6d6e39ee
----------------- Done invoking toplevel() on ptolemy.moml.MoMLSimpleApplication@6d6e39ee
reloadAllAccessors: .PreemptEDFOnePlatformTwoPaths
----------------- testing Wed May 30 16:15:49 UTC 2018 /home/travis/build/icyphy/ptII/ptolemy/domains/ptides/test/auto/PreemptOnePlatform.xml
----------------- Instantiating /home/travis/build/icyphy/ptII/ptolemy/domains/ptides/test/auto/PreemptOnePlatform.xml
12 ms. Memory: 579072K Free: 151880K (26%)
----------------- Invoking toplevel() on ptolemy.moml.MoMLSimpleApplication@43e1496
----------------- Done invoking toplevel() on ptolemy.moml.MoMLSimpleApplication@43e1496
reloadAllAccessors: .PreemptOnePlatform
----------------- testing Wed May 30 16:15:49 UTC 2018 /home/travis/build/icyphy/ptII/ptolemy/domains/ptides/test/auto/PrintingPress.xml
----------------- Instantiating /home/travis/build/icyphy/ptII/ptolemy/domains/ptides/test/auto/PrintingPress.xml
69578 ms. Memory: 1113600K Free: 294354K (26%)
----------------- Invoking toplevel() on ptolemy.moml.MoMLSimpleApplication@76704db5
----------------- Done invoking toplevel() on ptolemy.moml.MoMLSimpleApplication@76704db5
reloadAllAccessors: .PrintingPress
----------------- testing Wed May 30 16:17:01 UTC 2018 /home/travis/build/icyphy/ptII/ptolemy/domains/ptides/test/auto/PtidesMulticoreDirector.xml
----------------- Instantiating /home/travis/build/icyphy/ptII/ptolemy/domains/ptides/test/auto/PtidesMulticoreDirector.xml
28 ms. Memory: 1113600K Free: 225456K (20%)
----------------- Invoking toplevel() on ptolemy.moml.MoMLSimpleApplication@e27aee0
----------------- Done invoking toplevel() on ptolemy.moml.MoMLSimpleApplication@e27aee0
reloadAllAccessors: .PtidesMulticoreDirector
----------------- testing Wed May 30 16:17:01 UTC 2018 /home/travis/build/icyphy/ptII/ptolemy/domains/ptides/test/auto/PtidesSynchrophasor.xml
----------------- Instantiating /home/travis/build/icyphy/ptII/ptolemy/domains/ptides/test/auto/PtidesSynchrophasor.xml
2853 ms. Memory: 1065472K Free: 909491K (85%)
----------------- Invoking toplevel() on ptolemy.moml.MoMLSimpleApplication@5589d4b5
----------------- Done invoking toplevel() on ptolemy.moml.MoMLSimpleApplication@5589d4b5
reloadAllAccessors: .PtidesSynchrophasor
----------------- testing Wed May 30 16:17:04 UTC 2018 /home/travis/build/icyphy/ptII/ptolemy/domains/ptides/test/auto/SafeToProcessInsideTransparent.xml
----------------- Instantiating /home/travis/build/icyphy/ptII/ptolemy/domains/ptides/test/auto/SafeToProcessInsideTransparent.xml
27 ms. Memory: 1065472K Free: 878623K (82%)
----------------- Invoking toplevel() on ptolemy.moml.MoMLSimpleApplication@4a3c1801
----------------- Done invoking toplevel() on ptolemy.moml.MoMLSimpleApplication@4a3c1801
reloadAllAccessors: .SafeToProcessInsideTransparent
----------------- testing Wed May 30 16:17:04 UTC 2018 /home/travis/build/icyphy/ptII/ptolemy/domains/ptides/test/auto/SafeToProcessTwoPaths.xml
----------------- Instantiating /home/travis/build/icyphy/ptII/ptolemy/domains/ptides/test/auto/SafeToProcessTwoPaths.xml
17 ms. Memory: 1065472K Free: 849092K (80%)
----------------- Invoking toplevel() on ptolemy.moml.MoMLSimpleApplication@23c80fc7
----------------- Done invoking toplevel() on ptolemy.moml.MoMLSimpleApplication@23c80fc7
reloadAllAccessors: .SafeToProcessTwoPaths
----------------- testing Wed May 30 16:17:04 UTC 2018 /home/travis/build/icyphy/ptII/ptolemy/domains/ptides/test/auto/Sensor.xml
----------------- Instantiating /home/travis/build/icyphy/ptII/ptolemy/domains/ptides/test/auto/Sensor.xml
17 ms. Memory: 1065472K Free: 828627K (78%)
----------------- Invoking toplevel() on ptolemy.moml.MoMLSimpleApplication@7a99a109
----------------- Done invoking toplevel() on ptolemy.moml.MoMLSimpleApplication@7a99a109
reloadAllAccessors: .Sensor
----------------- testing Wed May 30 16:17:04 UTC 2018 /home/travis/build/icyphy/ptII/ptolemy/domains/ptides/test/auto/SensorActuatorModelDelayOnly.xml
----------------- Instantiating /home/travis/build/icyphy/ptII/ptolemy/domains/ptides/test/auto/SensorActuatorModelDelayOnly.xml
15 ms. Memory: 1065472K Free: 808997K (76%)
----------------- Invoking toplevel() on ptolemy.moml.MoMLSimpleApplication@37844a53
----------------- Done invoking toplevel() on ptolemy.moml.MoMLSimpleApplication@37844a53
reloadAllAccessors: .SensorActuatorModelDelayOnly
----------------- testing Wed May 30 16:17:04 UTC 2018 /home/travis/build/icyphy/ptII/ptolemy/domains/ptides/test/auto/SensorActuatorNoDelay.xml
----------------- Instantiating /home/travis/build/icyphy/ptII/ptolemy/domains/ptides/test/auto/SensorActuatorNoDelay.xml
5 ms. Memory: 1065472K Free: 788532K (74%)
----------------- Invoking toplevel() on ptolemy.moml.MoMLSimpleApplication@44b7ab3b
----------------- Done invoking toplevel() on ptolemy.moml.MoMLSimpleApplication@44b7ab3b
reloadAllAccessors: .SensorActuatorNoDelay
----------------- testing Wed May 30 16:17:04 UTC 2018 /home/travis/build/icyphy/ptII/ptolemy/domains/ptides/test/auto/TIIModalExample.xml
----------------- Instantiating /home/travis/build/icyphy/ptII/ptolemy/domains/ptides/test/auto/TIIModalExample.xml
22 ms. Memory: 1065472K Free: 749264K (70%)
----------------- Invoking toplevel() on ptolemy.moml.MoMLSimpleApplication@6afe0557
----------------- Done invoking toplevel() on ptolemy.moml.MoMLSimpleApplication@6afe0557
reloadAllAccessors: .TIIModalExample
----------------- testing Wed May 30 16:17:04 UTC 2018 /home/travis/build/icyphy/ptII/ptolemy/domains/ptides/test/auto/TIIMultiPlatformPowerSupply.xml
----------------- Instantiating /home/travis/build/icyphy/ptII/ptolemy/domains/ptides/test/auto/TIIMultiPlatformPowerSupply.xml
1229 ms. Memory: 1065472K Free: 375184K (35%)
----------------- Invoking toplevel() on ptolemy.moml.MoMLSimpleApplication@373ed624
----------------- Done invoking toplevel() on ptolemy.moml.MoMLSimpleApplication@373ed624
reloadAllAccessors: .TIIMultiPlatformPowerSupply
----------------- testing Wed May 30 16:17:06 UTC 2018 /home/travis/build/icyphy/ptII/ptolemy/domains/ptides/test/auto/TIIPowerPlant.xml
----------------- Instantiating /home/travis/build/icyphy/ptII/ptolemy/domains/ptides/test/auto/TIIPowerPlant.xml
348 ms. Memory: 1065472K Free: 247539K (23%)
----------------- Invoking toplevel() on ptolemy.moml.MoMLSimpleApplication@21852795
----------------- Done invoking toplevel() on ptolemy.moml.MoMLSimpleApplication@21852795
reloadAllAccessors: .PP_TIIPtidesBasicPowerPlant
----------------- testing Wed May 30 16:17:07 UTC 2018 /home/travis/build/icyphy/ptII/ptolemy/domains/ptides/test/auto/TIIPowerPlantHeartbeat.xml
----------------- Instantiating /home/travis/build/icyphy/ptII/ptolemy/domains/ptides/test/auto/TIIPowerPlantHeartbeat.xml
100 ms. Memory: 1065472K Free: 177951K (17%)
----------------- Invoking toplevel() on ptolemy.moml.MoMLSimpleApplication@54eee04b
----------------- Done invoking toplevel() on ptolemy.moml.MoMLSimpleApplication@54eee04b
reloadAllAccessors: .PP_TIIPtidesBasicPowerPlantHeartbeat
----------------- testing Wed May 30 16:17:07 UTC 2018 /home/travis/build/icyphy/ptII/ptolemy/domains/ptides/test/auto/TwoMergers.xml
----------------- Instantiating /home/travis/build/icyphy/ptII/ptolemy/domains/ptides/test/auto/TwoMergers.xml
7 ms. Memory: 1065472K Free: 148490K (14%)
----------------- Invoking toplevel() on ptolemy.moml.MoMLSimpleApplication@13c679fd
----------------- Done invoking toplevel() on ptolemy.moml.MoMLSimpleApplication@13c679fd
reloadAllAccessors: .TwoMergers
----------------- testing Wed May 30 16:17:07 UTC 2018 /home/travis/build/icyphy/ptII/ptolemy/domains/ptides/test/auto/TwoTasks.xml
----------------- Instantiating /home/travis/build/icyphy/ptII/ptolemy/domains/ptides/test/auto/TwoTasks.xml
15 ms. Memory: 1065472K Free: 108379K (10%)
----------------- Invoking toplevel() on ptolemy.moml.MoMLSimpleApplication@67a8005
----------------- Done invoking toplevel() on ptolemy.moml.MoMLSimpleApplication@67a8005
reloadAllAccessors: .TwoTasks
----------------- testing Wed May 30 16:17:07 UTC 2018 /home/travis/build/icyphy/ptII/ptolemy/domains/ptides/test/auto/TwoTasksInSequence.xml
----------------- Instantiating /home/travis/build/icyphy/ptII/ptolemy/domains/ptides/test/auto/TwoTasksInSequence.xml
36 ms. Memory: 1065472K Free: 78918K (7%)
----------------- Invoking toplevel() on ptolemy.moml.MoMLSimpleApplication@4a05850b
----------------- Done invoking toplevel() on ptolemy.moml.MoMLSimpleApplication@4a05850b
reloadAllAccessors: .TwoTasksInSequence
----------------- testing Wed May 30 16:17:07 UTC 2018 /home/travis/build/icyphy/ptII/ptolemy/domains/ptides/test/auto/VariableDelay.xml
----------------- Instantiating /home/travis/build/icyphy/ptII/ptolemy/domains/ptides/test/auto/VariableDelay.xml
15 ms. Memory: 1065472K Free: 58453K (5%)
----------------- Invoking toplevel() on ptolemy.moml.MoMLSimpleApplication@801ffc8
----------------- Done invoking toplevel() on ptolemy.moml.MoMLSimpleApplication@801ffc8
reloadAllAccessors: .VariableDelay
AutoTests.java: About to close Vertx.
AutoTests.java: Vertx closed.
]]></system-out>
  <system-err><![CDATA[]]></system-err>
</testsuite>
