<?xml version="1.0" encoding="UTF-8" ?>
<testsuite errors="0" failures="0" hostname="travis-job-3b68e53a-050c-4cb8-a313-35aee3b572ef" name="ptolemy.cg.lib.test.junit.JUnitTclTest" skipped="0" tests="37" time="117.109" timestamp="2018-06-01T21:06:03">
  <properties>
    <property name="npm.executable" value="npm" />
    <property name="file.encoding.pkg" value="sun.io" />
    <property name="ptII.mk.exists" value="true" />
    <property name="env.rvm_bin_path" value="/home/travis/.rvm/bin" />
    <property name="java.home" value="/usr/lib/jvm/java-8-oracle/jre" />
    <property name="env.TRAVIS_JOB_NUMBER" value="508.9" />
    <property name="env.DISPLAY" value=":99.0" />
    <property name="java.net.preferIPv4Stack" value="true" />
    <property name="env.SSH_TTY" value="/dev/pts/0" />
    <property name="env.RUN_TESTS" value="true" />
    <property name="timeout.short" value="1000000" />
    <property name="env.TRAVIS_STACK_NODE_ATTRIBUTES" value="/.node-attributes.yml" />
    <property name="junit.formatter" value="xml" />
    <property name="java.endorsed.dirs" value="/usr/lib/jvm/java-8-oracle/jre/lib/endorsed" />
    <property name="env.TRAVIS_SUDO" value="true" />
    <property name="env.LOGNAME" value="travis" />
    <property name="jsdoc.home" value="node_modules/@terraswarm/jsdoc" />
    <property name="debuglevel" value="source,lines,vars" />
    <property name="checkstyle.formatter" value="xml" />
    <property name="bin.vergil.makeable" value="true" />
    <property name="env._system_version" value="14.04" />
    <property name="sun.os.patch.level" value="unknown" />
    <property name="java.vendor.url" value="http://java.oracle.com/" />
    <property name="java.version" value="1.8.0_151" />
    <property name="env.TZ" value="UTC" />
    <property name="env.PT_NO_NET" value="true" />
    <property name="env.TRAVIS_PULL_REQUEST_SHA" value="" />
    <property name="env.TRAVIS_SECURE_ENV_VARS" value="true" />
    <property name="env._system_type" value="Linux" />
    <property name="java.vendor.url.bug" value="http://bugreport.sun.com/bugreport/" />
    <property name="env.SSH_CLIENT" value="10.10.16.4 45708 22" />
    <property name="npmjs-org-is-up" value="true" />
    <property name="env.GEM_HOME" value="/home/travis/.rvm/gems/ruby-2.4.1" />
    <property name="env.HAS_ANTARES_THREE_LITTLE_FRONZIES_BADGE" value="true" />
    <property name="env.PS4" value="+" />
    <property name="ant.project.invoked-targets" value="build,test.core3.xml" />
    <property name="env.TRAVIS_PULL_REQUEST_BRANCH" value="" />
    <property name="env.TRAVIS_REPO_SLUG" value="icyphy/ptII" />
    <property name="node.in.path" value="true" />
    <property name="java.maxmemory" value="1400m" />
    <property name="env.RUBY_VERSION" value="ruby-2.4.1" />
    <property name="user.name" value="travis" />
    <property name="env.LANG" value="en_US.UTF-8" />
    <property name="sun.io.unicode.encoding" value="UnicodeLittle" />
    <property name="sun.jnu.encoding" value="UTF-8" />
    <property name="java.runtime.name" value="Java(TM) SE Runtime Environment" />
    <property name="usefile" value="false" />
    <property name="return.code" value="0" />
    <property name="junit.single.formatter" value="plain" />
    <property name="env.DYLD_LIBRARY_PATH" value="/home/travis/pthla/certi-tools/lib:" />
    <property name="env.DEBIAN_FRONTEND" value="noninteractive" />
    <property name="env.SSH_CONNECTION" value="10.10.16.4 45708 10.20.0.176 22" />
    <property name="env.MYSQL_UNIX_PORT" value="/var/run/mysqld/mysqld.sock" />
    <property name="env.TRAVIS_ALLOW_FAILURE" value="false" />
    <property name="env.LC_ALL" value="en_US.UTF-8" />
    <property name="java.specification.name" value="Java Platform API Specification" />
    <property name="node.works" value="true" />
    <property name="user.timezone" value="" />
    <property name="path.separator" value=":" />
    <property name="env.PYTHON_CFLAGS" value="-g -fstack-protector --param=ssp-buffer-size=4 -Wformat -Werror=format-security" />
    <property name="timeout.long" value="4000000" />
    <property name="env.CERTI_HOME" value="/home/travis/pthla/certi-tools" />
    <property name="file.encoding" value="UTF-8" />
    <property name="ant.file.ptII" value="/home/travis/build/icyphy/ptII/build.xml" />
    <property name="javadoc.packagenames" value="com.*,diva.*,lbnl.*,org.hlacerti.*,org.json.*,org.ptolemy.*,org.terraswarm.*,ptolemy.*,ptserver.*" />
    <property name="env.TRAVIS_PULL_REQUEST_SLUG" value="" />
    <property name="ant.project.default-target" value="build" />
    <property name="env.GIT_ASKPASS" value="echo" />
    <property name="env.HOME" value="/home/travis" />
    <property name="sun.java.command" value="org.apache.tools.ant.taskdefs.optional.junit.JUnitTestRunner ptolemy.cg.lib.test.junit.JUnitTclTest skipNonTests=false filtertrace=true haltOnError=false haltOnFailure=false formatter=org.apache.tools.ant.taskdefs.optional.junit.OutErrSummaryJUnitResultFormatter showoutput=true outputtoformatters=true logfailedtests=true threadid=0 logtestlistenerevents=false formatter=org.apache.tools.ant.taskdefs.optional.junit.XMLJUnitResultFormatter,/home/travis/build/icyphy/ptII/reports/junit/TEST-ptolemy.cg.lib.test.junit.JUnitTclTest.xml crashfile=/home/travis/build/icyphy/ptII/junitvmwatcher4420857999271746711.properties propsfile=/home/travis/build/icyphy/ptII/junit7002911756878119859.properties" />
    <property name="env.MANPATH" value="/home/travis/.nvm/versions/node/v7.10.1/share/man:/home/travis/.kiex/elixirs/elixir-1.4.5/man:/home/travis/.rvm/rubies/ruby-2.4.1/share/man:/usr/local/man:/usr/local/cmake-3.9.2/man:/usr/local/clang-5.0.0/share/man:/usr/local/share/man:/usr/share/man:/home/travis/.rvm/man" />
    <property name="env.COMPOSER_NO_INTERACTION" value="1" />
    <property name="env.JDK_SWITCHER_DEFAULT" value="oraclejdk8" />
    <property name="ant.file" value="/home/travis/build/icyphy/ptII/build.xml" />
    <property name="env.TRAVIS_COMMIT_RANGE" value="ed6c0b1c2cf3...d1fabf555814" />
    <property name="env._system_name" value="Ubuntu" />
    <property name="timeout" value="2400000" />
    <property name="ptII.classpath.optional.property" value="/home/travis/build/icyphy/ptII/lib/bsh-2.0b4.jar:/home/travis/build/icyphy/ptII/lib/ptCal.jar:/home/travis/build/icyphy/ptII/lib/java_cup.jar:/home/travis/build/icyphy/ptII/lib/saxon8.jar:/home/travis/build/icyphy/ptII/lib/saxon8-dom.jar:/home/travis/build/icyphy/ptII/lib/chic.jar:/home/travis/build/icyphy/ptII/lib/ptcolt.jar:/usr/lib/jvm/java-8-oracle/lib/tools.jar:/usr/lib/eclipse/plugins/org.eclipse.jdt.core_3.8.2.dist.jar:/usr/lib/eclipse/plugins/org.eclipse.core.runtime_3.8.0.dist.jar:/usr/lib/eclipse/plugins/org.eclipse.osgi_3.8.1.dist.jar:/usr/lib/eclipse/plugins/org.eclipse.core.resources_3.8.1.dist.jar:/usr/lib/eclipse/plugins/org.eclipse.equinox.common_3.6.100.dist.jar:/usr/lib/eclipse/plugins/org.eclipse.core.jobs_3.5.200.dist.jar:/usr/lib/eclipse/plugins/org.eclipse.core.contenttype_3.4.200.dist.jar:/usr/lib/eclipse/plugins/org.eclipse.equinox.preferences_3.5.0.dist.jar:/usr/lib/eclipse/plugins/org.eclipse.text_3.5.200.dist.jar:/usr/lib/eclipse/plugins/org.eclipse.ui.workbench_3.8.1.dist.jar:/usr/lib/eclipse/plugins/org.eclipse.jface_3.8.0.dist.jar:/usr/lib/eclipse/plugins/org.eclipse.swt_3.8.2.jar:/usr/lib/eclipse/plugins/org.eclipse.jface.text_3.8.1.dist.jar:/usr/lib/eclipse/plugins/org.eclipse.ui.workbench.texteditor_3.8.0.dist.jar:/usr/lib/eclipse/plugins/org.eclipse.ui.editors_3.8.0.dist.jar:/usr/lib/eclipse/plugins/org.eclipse.core.commands_3.6.1.dist.jar:/usr/lib/eclipse/plugins/org.eclipse.equinox.registry_3.5.200.dist.jar:/usr/lib/eclipse/plugins/org.eclipse.ui.console_3.5.100.dist.jar:/usr/lib/eclipse/plugins/org.eclipse.ui.forms_3.5.200.dist.jar:/usr/lib/eclipse/plugins/org.eclipse.ui.ide_3.8.1.dist.jar:/home/travis/build/icyphy/ptII/vendors/oracle/dbxml.jar:/home/travis/build/icyphy/ptII/vendors/oracle/db.jar:/home/travis/build/icyphy/ptII/vendors/misc/itext/iText.jar:/home/travis/build/icyphy/ptII/lib/g4ltl.jar:/home/travis/build/icyphy/ptII/lib/StructuralCoder.jar:/home/travis/build/icyphy/ptII/lib/org-openide-util.jar:/home/travis/build/icyphy/ptII/lib/org-openide-util-lookup.jar:/home/travis/build/icyphy/ptII/lib/org-netbeans-api-visual.jar:/home/travis/build/icyphy/ptII/vendors/jai-1_1_2_01/lib/jai_core.jar:/home/travis/build/icyphy/ptII/vendors/jai-1_1_2_01/lib/jai_codec.jar:/home/travis/build/icyphy/ptII/lib/jcerti.jar:/home/travis/build/icyphy/ptII/lib/smack.jar:/home/travis/build/icyphy/ptII/lib/smackx.jar:/home/travis/build/icyphy/ptII/lib/jetty-all-8.1.5-v20120716.jar:/home/travis/build/icyphy/ptII/lib/javax.servlet-api-3.0.1.jar:/home/travis/build/icyphy/ptII/lib/javax.mail.jar:/home/travis/build/icyphy/ptII/vendors/JMF-2.1.1e/lib/jmf.jar:/home/travis/build/icyphy/ptII/lib/jna-4.0.0-variadic.jar:/home/travis/build/icyphy/ptII/vendors/misc/joystick/Joystick.jar:/home/travis/build/icyphy/ptII/lib/ptjacl.jar:/home/travis/build/icyphy/ptII/lib/jsoup-1.8.2.jar:/home/travis/build/icyphy/ptII/lib/junit-4.8.2.jar:/home/travis/build/icyphy/ptII/lib/JUnitParams-0.4.0.jar:/home/travis/build/icyphy/ptII/ptolemy/actor/lib/excel/jxl.jar:/home/travis/build/icyphy/ptII/lib/jython.jar:/home/travis/build/icyphy/ptII/lib/kieler.jar:/home/travis/build/icyphy/ptII/vendors/opencv/share/OpenCV/java/opencv-341.jar:/home/travis/build/icyphy/ptII/lib/oscP5.jar:/home/travis/build/icyphy/ptII/lib/nrjavaserial-3.11.0.devel.jar:/usr/share/java/j3dcore.jar:/usr/share/java/j3dutils.jar:/usr/share/java/vecmath.jar:/home/travis/build/icyphy/ptII/ptolemy/distributed/jini/jar/jini-core.jar:/home/travis/build/icyphy/ptII/ptolemy/distributed/jini/jar/jini-ext.jar:/home/travis/build/icyphy/ptII/ptolemy/distributed/jini/jar/sun-util.jar:/home/travis/build/icyphy/ptII/lib/protobuf-java-2.4.1.jar:/home/travis/build/icyphy/ptII/lib/org.eclipse.paho.client.mqttv3.jar:/home/travis/build/icyphy/ptII/ptserver/lib/hessian-4.0.7.jar:/home/travis/build/icyphy/ptII/ptserver/lib/wmqtt.jar:/home/travis/build/icyphy/ptII/lib/mapss.jar:/home/travis/build/icyphy/ptII/ptolemy/actor/ptalon/antlr/antlr.jar:/home/travis/build/icyphy/ptII/lib/JRI.jar:/home/travis/build/icyphy/ptII/lib/commons-lang-2.6.jar:/home/travis/build/icyphy/ptII/lib/commons-logging-1.1.1.jar:/home/travis/build/icyphy/ptII/lib/sootclasses.jar:/home/travis/build/icyphy/ptII/ptolemy/actor/lib/database/mysql-connector-java-5.1.6-bin.jar:/home/travis/build/icyphy/ptII/vendors/misc/sphinx4/sphinx4-data-5prealpha.jar:/home/travis/build/icyphy/ptII/vendors/misc/sphinx4/sphinx4-core-5prealpha.jar:/home/travis/build/icyphy/ptII/lib/PDFRenderer.jar:/home/travis/build/icyphy/ptII/lib/svgSalamander.jar:/home/travis/build/icyphy/ptII/lib/rsyntaxtextarea-2.6.0-SNAPSHOT.jar:/home/travis/build/icyphy/ptII/lib/hazelcast-3.8.2.jar:/home/travis/build/icyphy/ptII/lib/jackson-annotations-2.9.0.jar:/home/travis/build/icyphy/ptII/lib/jackson-core-2.9.3.jar:/home/travis/build/icyphy/ptII/lib/jackson-databind-2.9.3.jar:/home/travis/build/icyphy/ptII/lib/netty-buffer-4.1.19.Final.jar:/home/travis/build/icyphy/ptII/lib/netty-codec-4.1.19.Final.jar:/home/travis/build/icyphy/ptII/lib/netty-codec-dns-4.1.19.Final.jar:/home/travis/build/icyphy/ptII/lib/netty-codec-http-4.1.19.Final.jar:/home/travis/build/icyphy/ptII/lib/netty-codec-http2-4.1.19.Final.jar:/home/travis/build/icyphy/ptII/lib/netty-common-4.1.19.Final.jar:/home/travis/build/icyphy/ptII/lib/netty-handler-4.1.19.Final.jar:/home/travis/build/icyphy/ptII/lib/netty-resolver-4.1.19.Final.jar:/home/travis/build/icyphy/ptII/lib/netty-resolver-dns-4.1.19.Final.jar:/home/travis/build/icyphy/ptII/lib/netty-transport-4.1.19.Final.jar:/home/travis/build/icyphy/ptII/lib/vertx-codegen-3.5.1.jar:/home/travis/build/icyphy/ptII/lib/vertx-core-3.5.2-SNAPSHOT.jar:/home/travis/build/icyphy/ptII/lib/vertx-hazelcast-3.5.1.jar:/home/travis/build/icyphy/ptII/lib/vertx-lang-js-3.5.1.jar:/home/travis/build/icyphy/ptII/lib/vertx-service-proxy-3.5.1.jar:/home/travis/build/icyphy/ptII/lib/vertx-web-3.5.1.jar:/home/travis/build/icyphy/ptII/lib/slf4j-api-1.7.13.jar:/home/travis/build/icyphy/ptII/lib/slf4j-simple-1.7.13.jar:/home/travis/build/icyphy/ptII/lib/webcam-capture-0.3.12.jar:/home/travis/build/icyphy/ptII/lib/bridj-0.7.0.jar:/home/travis/build/icyphy/ptII/lib/xbjlib-1.1.0.nrjavaserial.jar" />
    <property name="test.batch" value="**/junit/*.java" />
    <property name="env._" value="/usr/bin/timeout" />
    <property name="java.io.tmpdir" value="/tmp" />
    <property name="user.language" value="en" />
    <property name="env.HISTCONTROL" value="ignoredups:ignorespace" />
    <property name="env.GOROOT" value="/home/travis/.gimme/versions/go1.7.4.linux.amd64" />
    <property name="line.separator" value="&#xa;" />
    <property name="target" value="1.8" />
    <property name="env.TRAVIS_BUILD_DIR" value="/home/travis/build/icyphy/ptII" />
    <property name="env.ANT_OPTS" value="-Xmx2048m" />
    <property name="ant.file.type" value="file" />
    <property name="ptolemy.ptII.batchMode" value="true" />
    <property name="env.HISTSIZE" value="1000" />
    <property name="env.MERB_ENV" value="test" />
    <property name="java.vm.info" value="mixed mode" />
    <property name="source" value="1.8" />
    <property name="java.vm.specification.name" value="Java Virtual Machine Specification" />
    <property name="env.TRAVIS_TEST_RESULT" value="0" />
    <property name="jsdoc.command" value="node_modules/@terraswarm/jsdoc/jsdoc.js" />
    <property name="npm.works" value="true" />
    <property name="cobertura.dir" value="/home/travis/build/icyphy/ptII/vendors/cobertura-2.0.3" />
    <property name="env.rvm_path" value="/home/travis/.rvm" />
    <property name="env.GEM_PATH" value="/home/travis/.rvm/gems/ruby-2.4.1:/home/travis/.rvm/gems/ruby-2.4.1@global" />
    <property name="env.LC_CTYPE" value="en_US.UTF-8" />
    <property name="java.awt.printerjob" value="sun.print.PSPrinterJob" />
    <property name="env.TRAVIS_STACK_NAME" value="garnet" />
    <property name="ant.version" value="Apache Ant(TM) version 1.10.1 compiled on February 2 2017" />
    <property name="ptII.reports" value="/home/travis/build/icyphy/ptII/reports" />
    <property name="env.TRAVIS_STACK_TIMESTAMP" value="2017-12-05 19:33:09 UTC" />
    <property name="ant.file.type.ptII" value="file" />
    <property name="env.PT_TRAVIS_TEST_CORE3_XML" value="true" />
    <property name="env.RBENV_SHELL" value="bash" />
    <property name="os.name" value="Linux" />
    <property name="java.specification.vendor" value="Oracle Corporation" />
    <property name="env.rvm_version" value="1.29.3 (latest)" />
    <property name="env.TERM" value="xterm" />
    <property name="java.vm.name" value="Java HotSpot(TM) 64-Bit Server VM" />
    <property name="env.TRAVIS_BUILD_NUMBER" value="508" />
    <property name="env.CI" value="true" />
    <property name="java.library.path" value="/home/travis/pthla/certi-tools/lib:/usr/lib/jni:/usr/local/share/OpenCV/java/:/usr/share/OpenCV/java::/usr/java/packages/lib/amd64:/usr/lib64:/lib64:/lib:/usr/lib" />
    <property name="env.rvm_prefix" value="/home/travis" />
    <property name="env.PATH" value="/home/travis/pthla/certi-tools/share/scripts:/home/travis/.rvm/gems/ruby-2.4.1/bin:/home/travis/.rvm/gems/ruby-2.4.1@global/bin:/home/travis/.rvm/rubies/ruby-2.4.1/bin:/home/travis/.rvm/bin:/home/travis/.nvm/versions/node/v7.10.1/bin:./node_modules/.bin:/home/travis/build/icyphy/ptII/bin:/home/travis/pthla/certi-tools/bin:/home/travis/bin:/home/travis/.local/bin:/opt/pyenv/shims:/home/travis/.phpenv/shims:/home/travis/perl5/perlbrew/bin:/home/travis/.kiex/elixirs/elixir-1.4.5/bin:/home/travis/.kiex/bin:/home/travis/gopath/bin:/home/travis/.gimme/versions/go1.7.4.linux.amd64/bin:/usr/local/phantomjs/bin:/usr/local/phantomjs:/usr/local/neo4j-3.2.7/bin:/usr/local/maven-3.5.2/bin:/usr/local/cmake-3.9.2/bin:/usr/local/clang-5.0.0/bin:/usr/local/sbin:/usr/local/bin:/usr/sbin:/usr/bin:/sbin:/bin:/home/travis/.phpenv/bin:/opt/pyenv/bin:/home/travis/.yarn/bin" />
    <property name="env.TRAVIS_OS_NAME" value="linux" />
    <property name="ant.java.version" value="1.8" />
    <property name="basedir" value="/home/travis/build/icyphy/ptII" />
    <property name="java.class.version" value="52.0" />
    <property name="env.SHLVL" value="3" />
    <property name="env.LD_LIBRARY_PATH" value="/home/travis/pthla/certi-tools/lib:/usr/lib/jni:/usr/local/share/OpenCV/java/:/usr/share/OpenCV/java:" />
    <property name="env.RACK_ENV" value="test" />
    <property name="ant.home" value="/home/travis/build/icyphy/ptII/ant" />
    <property name="env.NVM_DIR" value="/home/travis/.nvm" />
    <property name="env.PERLBREW_BASHRC_VERSION" value="0.80" />
    <property name="env.CERTI_FOM_PATH" value="/home/travis/pthla/certi-tools/share/federations" />
    <property name="env.TRAVIS_BUILD_ID" value="386853202" />
    <property name="env.PYENV_ROOT" value="/opt/pyenv" />
    <property name="env.TRAVIS_UID" value="2000" />
    <property name="env.rvm_pretty_print_flag" value="auto" />
    <property name="env.NVM_BIN" value="/home/travis/.nvm/versions/node/v7.10.1/bin" />
    <property name="env.TRAVIS_COMMIT" value="d1fabf5558142f7196ad6fbc8764a49893126d02" />
    <property name="env._system_arch" value="x86_64" />
    <property name="node.executable" value="node" />
    <property name="sun.boot.library.path" value="/usr/lib/jvm/java-8-oracle/jre/lib/amd64" />
    <property name="sun.management.compiler" value="HotSpot 64-Bit Tiered Compilers" />
    <property name="env.GOPATH" value="/home/travis/gopath" />
    <property name="java.awt.graphicsenv" value="sun.awt.X11GraphicsEnvironment" />
    <property name="ptolemy.ptII.dir" value="/home/travis/build/icyphy/ptII" />
    <property name="env.USER" value="travis" />
    <property name="env.HISTFILESIZE" value="2000" />
    <property name="timeout.longest" value="19000000" />
    <property name="env.TRAVIS_STACK_FEATURES" value="basic cassandra chromium couchdb disabled-ipv6 docker docker-compose elasticsearch firefox go-toolchain google-chrome jdk memcached mongodb mysql neo4j nodejs_interpreter perl_interpreter perlbrew phantomjs postgresql python_interpreter rabbitmq redis riak ruby_interpreter sqlite xserver" />
    <property name="env.TRAVIS_PULL_REQUEST" value="false" />
    <property name="env.PYENV_SHELL" value="bash" />
    <property name="ant.project.name" value="ptII" />
    <property name="java.vm.specification.version" value="1.8" />
    <property name="env.CERTI_VERSION" value="4.0.0" />
    <property name="env.NLSPATH" value="/usr/dt/lib/nls/msg/%L/%N.cat" />
    <property name="awt.toolkit" value="sun.awt.X11.XToolkit" />
    <property name="env.CERTI_HOST" value="localhost" />
    <property name="env.MY_RUBY_HOME" value="/home/travis/.rvm/rubies/ruby-2.4.1" />
    <property name="sun.cpu.isalist" value="" />
    <property name="java.ext.dirs" value="/usr/lib/jvm/java-8-oracle/jre/lib/ext:/usr/java/packages/lib/ext" />
    <property name="os.version" value="4.4.0-101-generic" />
    <property name="user.home" value="/home/travis" />
    <property name="env.MIX_ARCHIVES" value="/home/travis/.kiex/mix/elixir-1.4.5" />
    <property name="java.vm.vendor" value="Oracle Corporation" />
    <property name="env.TRAVIS_TAG" value="nightly" />
    <property name="env.TRAVIS_FILTERED" value="redirect_io" />
    <property name="javadoc.excludepackagenames" value="adm.cvs2svn.*,build.*,config.*,doc.coding.templates.*,jni.test.jni.meaningOfLife.*,jni.test.jni.testDeux.*,jni.test.jni.testTrois.*,org.terraswarm.accessor.accessors.web.node_modules.*,org.terraswarm.accessor.accessors.web.hosts.cordova.demo.*,org.terraswarm.accessor.accessors.web.hosts.cordova.plugins.*,org.terraswarm.accessor.accessors-svn.*,pt-modules.*,ptolemy.apps.agilent.*,ptolemy.apps.anytimecontrol.*,ptolemy.apps.apes.*,ptolemy.apps.charon.*,ptolemy.apps.crazyboard.*,ptolemy.apps.eclipse.*,ptolemy.apps.etherealSting.*,ptolemy.apps.fullscreen.*,ptolemy.apps.giotto.*,ptolemy.apps.ia.*,ptolemy.apps.interfaces.*,ptolemy.apps.jmf.*,ptolemy.apps.kurt.*,ptolemy.apps.kvm.*,ptolemy.apps.lego.*,ptolemy.apps.lejos.*,ptolemy.apps.midp.*,ptolemy.apps.mobileCoding.*,ptolemy.apps.pendulum.*,ptolemy.apps.rijndael.*,ptolemy.apps.robot.*,ptolemy.apps.security.*,ptolemy.apps.sobel.*,ptolemy.apps.soot.*,ptolemy.apps.throttle.*,ptolemy.apps.tini.*,ptolemy.apps.transmission.*,ptolemy.apps.vergil.*,ptolemy.apps.waba.*,ptolemy.apps.websensor.*,ptolemy.apps.webstart.*,ptolemy.apps.xsl.*,ptolemy.apps.zaurus.*,ptolemy.backtrack.eclipse.plugin.*,ptolemy.backtrack.test.*,ptolemy.codegen.c.actor.lib.oldJavaFiles.*,ptolemy.codegen.dsp.lib.*,ptolemy.codegen.kernel.newInterfaces.*,ptolemy.codegen.lib.*,ptolemy.copernicus.kernel.fragment.*,ptolemy.copernicus.shallow.cg.*,ptolemy.domains.giotto.demo.Hierarchy.Hierarchy.*,ptolemy.domains.giotto.demo.Multimode.Multimode.*,ptolemy.domains.giotto.demo.Simple.Simple.*,ptolemy.domains.gr.lib.experimental.*,ptolemy.domains.gro.*,ptolemy.domains.pdf.*,ptolemy.domains.ptinyos.demo.Surge.output.*,ptolemy.moml.test.NoPackageActor.java*,ptolemy.plot.adm.*,ptolemy.plot.servlet.*,reports.*,signed.*,src.*,target.*,vendors.*,ptolemy.cg.adapter.generic.program.procedural.c.mbed*,ptolemy.actor.lib.fmi.fmus.omc*,ptolemy.domains.openmodelica*,ptdb.kernel.bl.save.test.*,ptdb.kernel.bl.load.test.*,ptdb.kernel.bl.search.test.*,ptdb.kernel.bl.migration.test.*,ptdb.kernel.database.test.*,ptdb.test.*,ptdb.gui.test.*,org.ptolemy.scala.*,diva.util.java2d.svg.*,ptolemy.domains.ptinyos.*,ptolemy.actor.lib.fmi.fmipp.*,,org.terraswarm.accessor.accessors.web.node_modules.*,org.terraswarm.accessor.accessors-svn,ptolemy.actor.ptalon.demo.ptinyos.SendAndReceiveCnt.output,ptolemy.actor.ptalon.demo.ptinyos.SenseToLeds.output,ptolemy.domains.ptinyos.demo.CntToLedsAndRfm.output,ptolemy.domains.ptinyos.demo.RfmToLeds.output,ptolemy.domains.ptinyos.demo.SendAndReceiveCnt.output,ptolemy.domains.ptinyos.demo.SenseToLeds.output" />
    <property name="env.JAVA_HOME" value="/usr/lib/jvm/java-8-oracle" />
    <property name="env.PTII" value="/home/travis/build/icyphy/ptII" />
    <property name="env.TRAVIS_COMMIT_MESSAGE" value="Exclude more Accessor tests that fail under Travis." />
    <property name="keystore" value="ptKeystore" />
    <property name="env.XDG_SESSION_ID" value="2" />
    <property name="junit.output.dir" value="/home/travis/build/icyphy/ptII/reports/junit" />
    <property name="npm.return.code" value="0" />
    <property name="user.dir" value="/home/travis/build/icyphy/ptII/ptolemy/cg/lib/test" />
    <property name="env.TRAVIS_NODE_VERSION" value="7" />
    <property name="env.XFILESEARCHPATH" value="/usr/dt/app-defaults/%L/Dt" />
    <property name="env.TRAVIS_EVENT_TYPE" value="push" />
    <property name="env.MAIL" value="/var/mail/travis" />
    <property name="env.PWD" value="/home/travis/build/icyphy/ptII" />
    <property name="env.PERLBREW_ROOT" value="/home/travis/perl5/perlbrew" />
    <property name="timeout.npm" value="45000" />
    <property name="env.PAGER" value="cat" />
    <property name="sun.cpu.endian" value="little" />
    <property name="env.TRAVIS_BUILD_STAGE_NAME" value="Test" />
    <property name="env.PERLBREW_HOME" value="/home/travis/.perlbrew" />
    <property name="env.RAILS_ENV" value="test" />
    <property name="java.vm.version" value="25.151-b12" />
    <property name="java.class.path" value="/home/travis/build/icyphy/ptII:/home/travis/build/icyphy/ptII/lib/bsh-2.0b4.jar:/home/travis/build/icyphy/ptII/lib/ptCal.jar:/home/travis/build/icyphy/ptII/lib/java_cup.jar:/home/travis/build/icyphy/ptII/lib/saxon8.jar:/home/travis/build/icyphy/ptII/lib/saxon8-dom.jar:/home/travis/build/icyphy/ptII/lib/chic.jar:/home/travis/build/icyphy/ptII/lib/ptcolt.jar:/usr/lib/jvm/java-8-oracle/lib/tools.jar:/usr/lib/eclipse/plugins/org.eclipse.jdt.core_3.8.2.dist.jar:/usr/lib/eclipse/plugins/org.eclipse.core.runtime_3.8.0.dist.jar:/usr/lib/eclipse/plugins/org.eclipse.osgi_3.8.1.dist.jar:/usr/lib/eclipse/plugins/org.eclipse.core.resources_3.8.1.dist.jar:/usr/lib/eclipse/plugins/org.eclipse.equinox.common_3.6.100.dist.jar:/usr/lib/eclipse/plugins/org.eclipse.core.jobs_3.5.200.dist.jar:/usr/lib/eclipse/plugins/org.eclipse.core.contenttype_3.4.200.dist.jar:/usr/lib/eclipse/plugins/org.eclipse.equinox.preferences_3.5.0.dist.jar:/usr/lib/eclipse/plugins/org.eclipse.text_3.5.200.dist.jar:/usr/lib/eclipse/plugins/org.eclipse.ui.workbench_3.8.1.dist.jar:/usr/lib/eclipse/plugins/org.eclipse.jface_3.8.0.dist.jar:/usr/lib/eclipse/plugins/org.eclipse.swt_3.8.2.jar:/usr/lib/eclipse/plugins/org.eclipse.jface.text_3.8.1.dist.jar:/usr/lib/eclipse/plugins/org.eclipse.ui.workbench.texteditor_3.8.0.dist.jar:/usr/lib/eclipse/plugins/org.eclipse.ui.editors_3.8.0.dist.jar:/usr/lib/eclipse/plugins/org.eclipse.core.commands_3.6.1.dist.jar:/usr/lib/eclipse/plugins/org.eclipse.equinox.registry_3.5.200.dist.jar:/usr/lib/eclipse/plugins/org.eclipse.ui.console_3.5.100.dist.jar:/usr/lib/eclipse/plugins/org.eclipse.ui.forms_3.5.200.dist.jar:/usr/lib/eclipse/plugins/org.eclipse.ui.ide_3.8.1.dist.jar:/home/travis/build/icyphy/ptII/vendors/oracle/dbxml.jar:/home/travis/build/icyphy/ptII/vendors/oracle/db.jar:/home/travis/build/icyphy/ptII/vendors/misc/itext/iText.jar:/home/travis/build/icyphy/ptII/lib/g4ltl.jar:/home/travis/build/icyphy/ptII/lib/StructuralCoder.jar:/home/travis/build/icyphy/ptII/lib/org-openide-util.jar:/home/travis/build/icyphy/ptII/lib/org-openide-util-lookup.jar:/home/travis/build/icyphy/ptII/lib/org-netbeans-api-visual.jar:/home/travis/build/icyphy/ptII/vendors/jai-1_1_2_01/lib/jai_core.jar:/home/travis/build/icyphy/ptII/vendors/jai-1_1_2_01/lib/jai_codec.jar:/home/travis/build/icyphy/ptII/lib/jcerti.jar:/home/travis/build/icyphy/ptII/lib/smack.jar:/home/travis/build/icyphy/ptII/lib/smackx.jar:/home/travis/build/icyphy/ptII/lib/jetty-all-8.1.5-v20120716.jar:/home/travis/build/icyphy/ptII/lib/javax.servlet-api-3.0.1.jar:/home/travis/build/icyphy/ptII/lib/javax.mail.jar:/home/travis/build/icyphy/ptII/vendors/JMF-2.1.1e/lib/jmf.jar:/home/travis/build/icyphy/ptII/lib/jna-4.0.0-variadic.jar:/home/travis/build/icyphy/ptII/vendors/misc/joystick/Joystick.jar:/home/travis/build/icyphy/ptII/lib/ptjacl.jar:/home/travis/build/icyphy/ptII/lib/jsoup-1.8.2.jar:/home/travis/build/icyphy/ptII/lib/junit-4.8.2.jar:/home/travis/build/icyphy/ptII/lib/JUnitParams-0.4.0.jar:/home/travis/build/icyphy/ptII/ptolemy/actor/lib/excel/jxl.jar:/home/travis/build/icyphy/ptII/lib/jython.jar:/home/travis/build/icyphy/ptII/lib/kieler.jar:/home/travis/build/icyphy/ptII/vendors/opencv/share/OpenCV/java/opencv-341.jar:/home/travis/build/icyphy/ptII/lib/oscP5.jar:/home/travis/build/icyphy/ptII/lib/nrjavaserial-3.11.0.devel.jar:/usr/share/java/j3dcore.jar:/usr/share/java/j3dutils.jar:/usr/share/java/vecmath.jar:/home/travis/build/icyphy/ptII/ptolemy/distributed/jini/jar/jini-core.jar:/home/travis/build/icyphy/ptII/ptolemy/distributed/jini/jar/jini-ext.jar:/home/travis/build/icyphy/ptII/ptolemy/distributed/jini/jar/sun-util.jar:/home/travis/build/icyphy/ptII/lib/protobuf-java-2.4.1.jar:/home/travis/build/icyphy/ptII/lib/org.eclipse.paho.client.mqttv3.jar:/home/travis/build/icyphy/ptII/ptserver/lib/hessian-4.0.7.jar:/home/travis/build/icyphy/ptII/ptserver/lib/wmqtt.jar:/home/travis/build/icyphy/ptII/lib/mapss.jar:/home/travis/build/icyphy/ptII/ptolemy/actor/ptalon/antlr/antlr.jar:/home/travis/build/icyphy/ptII/lib/JRI.jar:/home/travis/build/icyphy/ptII/lib/commons-lang-2.6.jar:/home/travis/build/icyphy/ptII/lib/commons-logging-1.1.1.jar:/home/travis/build/icyphy/ptII/lib/sootclasses.jar:/home/travis/build/icyphy/ptII/ptolemy/actor/lib/database/mysql-connector-java-5.1.6-bin.jar:/home/travis/build/icyphy/ptII/vendors/misc/sphinx4/sphinx4-data-5prealpha.jar:/home/travis/build/icyphy/ptII/vendors/misc/sphinx4/sphinx4-core-5prealpha.jar:/home/travis/build/icyphy/ptII/lib/PDFRenderer.jar:/home/travis/build/icyphy/ptII/lib/svgSalamander.jar:/home/travis/build/icyphy/ptII/lib/rsyntaxtextarea-2.6.0-SNAPSHOT.jar:/home/travis/build/icyphy/ptII/lib/hazelcast-3.8.2.jar:/home/travis/build/icyphy/ptII/lib/jackson-annotations-2.9.0.jar:/home/travis/build/icyphy/ptII/lib/jackson-core-2.9.3.jar:/home/travis/build/icyphy/ptII/lib/jackson-databind-2.9.3.jar:/home/travis/build/icyphy/ptII/lib/netty-buffer-4.1.19.Final.jar:/home/travis/build/icyphy/ptII/lib/netty-codec-4.1.19.Final.jar:/home/travis/build/icyphy/ptII/lib/netty-codec-dns-4.1.19.Final.jar:/home/travis/build/icyphy/ptII/lib/netty-codec-http-4.1.19.Final.jar:/home/travis/build/icyphy/ptII/lib/netty-codec-http2-4.1.19.Final.jar:/home/travis/build/icyphy/ptII/lib/netty-common-4.1.19.Final.jar:/home/travis/build/icyphy/ptII/lib/netty-handler-4.1.19.Final.jar:/home/travis/build/icyphy/ptII/lib/netty-resolver-4.1.19.Final.jar:/home/travis/build/icyphy/ptII/lib/netty-resolver-dns-4.1.19.Final.jar:/home/travis/build/icyphy/ptII/lib/netty-transport-4.1.19.Final.jar:/home/travis/build/icyphy/ptII/lib/vertx-codegen-3.5.1.jar:/home/travis/build/icyphy/ptII/lib/vertx-core-3.5.2-SNAPSHOT.jar:/home/travis/build/icyphy/ptII/lib/vertx-hazelcast-3.5.1.jar:/home/travis/build/icyphy/ptII/lib/vertx-lang-js-3.5.1.jar:/home/travis/build/icyphy/ptII/lib/vertx-service-proxy-3.5.1.jar:/home/travis/build/icyphy/ptII/lib/vertx-web-3.5.1.jar:/home/travis/build/icyphy/ptII/lib/slf4j-api-1.7.13.jar:/home/travis/build/icyphy/ptII/lib/slf4j-simple-1.7.13.jar:/home/travis/build/icyphy/ptII/lib/webcam-capture-0.3.12.jar:/home/travis/build/icyphy/ptII/lib/bridj-0.7.0.jar:/home/travis/build/icyphy/ptII/lib/xbjlib-1.1.0.nrjavaserial.jar:/home/travis/build/icyphy/ptII/ptolemy/moml/test:/home/travis/build/icyphy/ptII/ant/lib/ant-launcher.jar:/home/travis/build/icyphy/ptII/ant/lib/ant.jar:/home/travis/build/icyphy/ptII/ant/lib/ant-junit.jar:/home/travis/build/icyphy/ptII/ant/lib/ant-junit4.jar" />
    <property name="ant.library.dir" value="/home/travis/build/icyphy/ptII/ant/lib" />
    <property name="os.arch" value="amd64" />
    <property name="env.TRAVIS_LANGUAGE" value="node_js" />
    <property name="env.CONTINUOUS_INTEGRATION" value="true" />
    <property name="env.TRAVIS_STACK_LANGUAGES" value="__garnet__ c c++ clojure cplusplus cpp default go groovy java node_js php pure_java python ruby scala" />
    <property name="test.name" value="ptolemy.actor.lib.test.junit.JUnitTclTest" />
    <property name="sun.java.launcher" value="SUN_STANDARD" />
    <property name="env.PYTHON_CONFIGURE_OPTS" value="--enable-unicode=ucs4 --with-wide-unicode --enable-shared --enable-ipv6 --enable-loadable-sqlite-extensions --with-computed-gotos" />
    <property name="ant.core.lib" value="/home/travis/build/icyphy/ptII/ant/lib/ant.jar" />
    <property name="java.vm.specification.vendor" value="Oracle Corporation" />
    <property name="env.BCVTB_HOME" value="/home/travis/build/icyphy/ptII/lbnl" />
    <property name="file.separator" value="/" />
    <property name="java.runtime.version" value="1.8.0_151-b12" />
    <property name="spotbugs.home" value="/home/travis/build/icyphy/ptII/vendors/spotbugs-3.1.1" />
    <property name="sun.boot.class.path" value="/usr/lib/jvm/java-8-oracle/jre/lib/resources.jar:/usr/lib/jvm/java-8-oracle/jre/lib/rt.jar:/usr/lib/jvm/java-8-oracle/jre/lib/sunrsasign.jar:/usr/lib/jvm/java-8-oracle/jre/lib/jsse.jar:/usr/lib/jvm/java-8-oracle/jre/lib/jce.jar:/usr/lib/jvm/java-8-oracle/jre/lib/charsets.jar:/usr/lib/jvm/java-8-oracle/jre/lib/jfr.jar:/usr/lib/jvm/java-8-oracle/jre/classes" />
    <property name="env.HAS_JOSH_K_SEAL_OF_APPROVAL" value="true" />
    <property name="env.TRAVIS_OSX_IMAGE" value="" />
    <property name="env.XDG_RUNTIME_DIR" value="/run/user/2000" />
    <property name="env.TRAVIS_BRANCH" value="master" />
    <property name="env.TRAVIS_JOB_ID" value="386853211" />
    <property name="env.CERTI_HOME_TRAVIS" value="/home/travis/pthla/certi-tools" />
    <property name="user.country" value="US" />
    <property name="env.SHELL" value="/bin/bash" />
    <property name="java.maxmemory.large" value="5000m" />
    <property name="model" value="" />
    <property name="env.CASHER_DIR" value="/home/travis/.casher" />
    <property name="env.NVM_CD_FLAGS" value="" />
    <property name="jshint.executable" value="/home/travis/node_modules/jshint/bin/jshint" />
    <property name="java.vendor" value="Oracle Corporation" />
    <property name="env.JRUBY_OPTS" value=" --client -J-XX:+TieredCompilation -J-XX:TieredStopAtLevel=1 -J-Xss2m -Xcompile.invokedynamic=false" />
    <property name="env.TRAVIS_PRE_CHEF_BOOTSTRAP_TIME" value="2017-12-05T19:32:55" />
    <property name="env.TRAVIS_STACK_JOB_BOARD_REGISTER" value="/.job-board-register.yml" />
    <property name="env.ELIXIR_VERSION" value="1.4.5" />
    <property name="java.specification.version" value="1.8" />
    <property name="env.IRBRC" value="/home/travis/.rvm/rubies/ruby-2.4.1/.irbrc" />
    <property name="env.TRAVIS" value="true" />
    <property name="sun.arch.data.model" value="64" />
  </properties>
  <testcase classname="ptolemy.util.test.junit.TclTests" name="[0] /home/travis/build/icyphy/ptII/ptolemy/cg/lib/test/ModularCodeGenTypedCompositeActor.tcl (RunTclFile)" time="13.69" />
  <testcase classname="ptolemy.util.test.junit.AutoKnownFailedTests" name="[0] ThereAreNoKnowFailedTests (RunModel)" time="0.001" />
  <testcase classname="ptolemy.util.test.junit.AutoNameArchTests" name="[0] ThereAreNoAutoArchTests (RunModel)" time="0.001" />
  <testcase classname="ptolemy.util.test.junit.AutoTests" name="[0] /home/travis/build/icyphy/ptII/ptolemy/cg/lib/test/auto/CompiledCompositeActor.xml (RunModel)" time="1.482" />
  <testcase classname="ptolemy.util.test.junit.AutoTests" name="[1] /home/travis/build/icyphy/ptII/ptolemy/cg/lib/test/auto/DECGClockRamp.xml (RunModel)" time="0.095" />
  <testcase classname="ptolemy.util.test.junit.AutoTests" name="[2] /home/travis/build/icyphy/ptII/ptolemy/cg/lib/test/auto/DECGDelay.xml (RunModel)" time="0.129" />
  <testcase classname="ptolemy.util.test.junit.AutoTests" name="[3] /home/travis/build/icyphy/ptII/ptolemy/cg/lib/test/auto/DECGHelloWorld.xml (RunModel)" time="0.066" />
  <testcase classname="ptolemy.util.test.junit.AutoTests" name="[4] /home/travis/build/icyphy/ptII/ptolemy/cg/lib/test/auto/DECGHeterogeneous.xml (RunModel)" time="0.133" />
  <testcase classname="ptolemy.util.test.junit.AutoTests" name="[5] /home/travis/build/icyphy/ptII/ptolemy/cg/lib/test/auto/DECGHeterogeneousMk2.xml (RunModel)" time="0.133" />
  <testcase classname="ptolemy.util.test.junit.AutoTests" name="[6] /home/travis/build/icyphy/ptII/ptolemy/cg/lib/test/auto/DECGMath.xml (RunModel)" time="0.08" />
  <testcase classname="ptolemy.util.test.junit.AutoTests" name="[7] /home/travis/build/icyphy/ptII/ptolemy/cg/lib/test/auto/DECGPi.xml (RunModel)" time="0.164" />
  <testcase classname="ptolemy.util.test.junit.AutoTests" name="[8] /home/travis/build/icyphy/ptII/ptolemy/cg/lib/test/auto/DECGPiSquare.xml (RunModel)" time="0.227" />
  <testcase classname="ptolemy.util.test.junit.AutoTests" name="[9] /home/travis/build/icyphy/ptII/ptolemy/cg/lib/test/auto/DECGPoisson.xml (RunModel)" time="0.024" />
  <testcase classname="ptolemy.util.test.junit.AutoTests" name="[10] /home/travis/build/icyphy/ptII/ptolemy/cg/lib/test/auto/JavaCompiledCompositeActor5.xml (RunModel)" time="1.037" />
  <testcase classname="ptolemy.util.test.junit.AutoTests" name="[11] /home/travis/build/icyphy/ptII/ptolemy/cg/lib/test/auto/JavaCompiledCompositeTest1.xml (RunModel)" time="1.028" />
  <testcase classname="ptolemy.util.test.junit.AutoTests" name="[12] /home/travis/build/icyphy/ptII/ptolemy/cg/lib/test/auto/JavaCompiledCompositeTest2.xml (RunModel)" time="1.002" />
  <testcase classname="ptolemy.util.test.junit.AutoTests" name="[13] /home/travis/build/icyphy/ptII/ptolemy/cg/lib/test/auto/JavaCompiledCompositeTest3.xml (RunModel)" time="0.998" />
  <testcase classname="ptolemy.util.test.junit.AutoTests" name="[14] /home/travis/build/icyphy/ptII/ptolemy/cg/lib/test/auto/JavaCompiledCompositeTest4.xml (RunModel)" time="1.365" />
  <testcase classname="ptolemy.util.test.junit.AutoTests" name="[15] /home/travis/build/icyphy/ptII/ptolemy/cg/lib/test/auto/ModularCG.xml (RunModel)" time="15.398" />
  <testcase classname="ptolemy.util.test.junit.AutoTests" name="[16] /home/travis/build/icyphy/ptII/ptolemy/cg/lib/test/auto/ModularCGPubSub.xml (RunModel)" time="4.736" />
  <testcase classname="ptolemy.util.test.junit.AutoTests" name="[17] /home/travis/build/icyphy/ptII/ptolemy/cg/lib/test/auto/ModularCodeGen.xml (RunModel)" time="2.363" />
  <testcase classname="ptolemy.util.test.junit.AutoTests" name="[18] /home/travis/build/icyphy/ptII/ptolemy/cg/lib/test/auto/ModularCodeGen2.xml (RunModel)" time="4.798" />
  <testcase classname="ptolemy.util.test.junit.AutoTests" name="[19] /home/travis/build/icyphy/ptII/ptolemy/cg/lib/test/auto/ModularCodeGen3.xml (RunModel)" time="14.501" />
  <testcase classname="ptolemy.util.test.junit.AutoTests" name="[20] /home/travis/build/icyphy/ptII/ptolemy/cg/lib/test/auto/ModularCodeGen4.xml (RunModel)" time="14.486" />
  <testcase classname="ptolemy.util.test.junit.AutoTests" name="[21] /home/travis/build/icyphy/ptII/ptolemy/cg/lib/test/auto/ModularCodeGen5.xml (RunModel)" time="5.389" />
  <testcase classname="ptolemy.util.test.junit.AutoTests" name="[22] /home/travis/build/icyphy/ptII/ptolemy/cg/lib/test/auto/ModularCodeGen6.xml (RunModel)" time="7.227" />
  <testcase classname="ptolemy.util.test.junit.AutoTests" name="[23] /home/travis/build/icyphy/ptII/ptolemy/cg/lib/test/auto/ModularCodeGenLazyPubSub.xml (RunModel)" time="2.922" />
  <testcase classname="ptolemy.util.test.junit.AutoTests" name="[24] /home/travis/build/icyphy/ptII/ptolemy/cg/lib/test/auto/ModularCodeGenLazyPubSubGlobal.xml (RunModel)" time="2.561" />
  <testcase classname="ptolemy.util.test.junit.AutoTests" name="[25] /home/travis/build/icyphy/ptII/ptolemy/cg/lib/test/auto/ModularCodeGenPubSub1.xml (RunModel)" time="2.194" />
  <testcase classname="ptolemy.util.test.junit.AutoTests" name="[26] /home/travis/build/icyphy/ptII/ptolemy/cg/lib/test/auto/ModularCodeGenPubSub2.xml (RunModel)" time="4.934" />
  <testcase classname="ptolemy.util.test.junit.AutoTests" name="[27] /home/travis/build/icyphy/ptII/ptolemy/cg/lib/test/auto/ModularCodeGenPubSub3.xml (RunModel)" time="5.003" />
  <testcase classname="ptolemy.util.test.junit.AutoTests" name="[28] /home/travis/build/icyphy/ptII/ptolemy/cg/lib/test/auto/ModularCodeGenPubSub4.xml (RunModel)" time="4.954" />
  <testcase classname="ptolemy.util.test.junit.AutoTests" name="[29] /home/travis/build/icyphy/ptII/ptolemy/cg/lib/test/auto/PubSubAggLazy.xml (RunModel)" time="0.024" />
  <testcase classname="ptolemy.util.test.junit.AutoTests" name="[30] /home/travis/build/icyphy/ptII/ptolemy/cg/lib/test/auto/PubSubAggModularCodeGen.xml (RunModel)" time="2.599" />
  <testcase classname="ptolemy.util.test.junit.AutoTests" name="[31] /home/travis/build/icyphy/ptII/ptolemy/cg/lib/test/auto/PubSubAggTypedComposite.xml (RunModel)" time="0.028" />
  <testcase classname="ptolemy.util.test.junit.AutoTests" name="[32] /home/travis/build/icyphy/ptII/ptolemy/cg/lib/test/auto/PubSubAggTypedCompositeWidth2.xml (RunModel)" time="0.022" />
  <testcase classname="ptolemy.util.test.junit.AutoTests" name="[33] /home/travis/build/icyphy/ptII/ptolemy/cg/lib/test/auto/ScaleJava.xml (RunModel)" time="0.916" />
  <system-out><![CDATA[/home/travis/build/icyphy/ptII/ptolemy/cg/lib/test/ModularCodeGenTypedCompositeActor.tcl
testDefs.tcl: setting time out to 9000 seconds at Fri Jun 01 21:06:03 UTC 2018
In "/home/travis/cg", about to execute:
    pwd
In "/home/travis/cg", about to execute:
    ls -l
/home/travis/cg
total 4
-rw-rw-r-- 1 travis travis 1228 Jun  1 21:06 ModularCodeGenTest_A1_A2_profile.java
In "/home/travis/cg", about to execute:
    javac -classpath
.:/home/travis/build/icyphy/ptII:/home/travis/build/icyphy/ptII/lib/bsh-2.0b4.j
ar:/home/travis/build/icyphy/ptII/lib/ptCal.jar:/home/travis/build/icyphy/ptII/
lib/java_cup.jar:/home/travis/build/icyphy/ptII/lib/saxon8.jar:/home/travis/bui
ld/icyphy/ptII/lib/saxon8-dom.jar:/home/travis/build/icyphy/ptII/lib/chic.jar:/
home/travis/build/icyphy/ptII/lib/ptcolt.jar:/usr/lib/jvm/java-8-oracle/lib/too
ls.jar:/usr/lib/eclipse/plugins/org.eclipse.jdt.core_3.8.2.dist.jar:/usr/lib/ec
lipse/plugins/org.eclipse.core.runtime_3.8.0.dist.jar:/usr/lib/eclipse/plugins/
org.eclipse.osgi_3.8.1.dist.jar:/usr/lib/eclipse/plugins/org.eclipse.core.resou
rces_3.8.1.dist.jar:/usr/lib/eclipse/plugins/org.eclipse.equinox.common_3.6.100
.dist.jar:/usr/lib/eclipse/plugins/org.eclipse.core.jobs_3.5.200.dist.jar:/usr/
lib/eclipse/plugins/org.eclipse.core.contenttype_3.4.200.dist.jar:/usr/lib/ecli
pse/plugins/org.eclipse.equinox.preferences_3.5.0.dist.jar:/usr/lib/eclipse/plu
gins/org.eclipse.text_3.5.200.dist.jar:/usr/lib/eclipse/plugins/org.eclipse.ui.
workbench_3.8.1.dist.jar:/usr/lib/eclipse/plugins/org.eclipse.jface_3.8.0.dist.
jar:/usr/lib/eclipse/plugins/org.eclipse.swt_3.8.2.jar:/usr/lib/eclipse/plugins
/org.eclipse.jface.text_3.8.1.dist.jar:/usr/lib/eclipse/plugins/org.eclipse.ui.
workbench.texteditor_3.8.0.dist.jar:/usr/lib/eclipse/plugins/org.eclipse.ui.edi
tors_3.8.0.dist.jar:/usr/lib/eclipse/plugins/org.eclipse.core.commands_3.6.1.di
st.jar:/usr/lib/eclipse/plugins/org.eclipse.equinox.registry_3.5.200.dist.jar:/
usr/lib/eclipse/plugins/org.eclipse.ui.console_3.5.100.dist.jar:/usr/lib/eclips
e/plugins/org.eclipse.ui.forms_3.5.200.dist.jar:/usr/lib/eclipse/plugins/org.ec
lipse.ui.ide_3.8.1.dist.jar:/home/travis/build/icyphy/ptII/vendors/oracle/dbxml
.jar:/home/travis/build/icyphy/ptII/vendors/oracle/db.jar:/home/travis/build/ic
yphy/ptII/vendors/misc/itext/iText.jar:/home/travis/build/icyphy/ptII/lib/g4ltl
.jar:/home/travis/build/icyphy/ptII/lib/StructuralCoder.jar:/home/travis/build/
icyphy/ptII/lib/org-openide-util.jar:/home/travis/build/icyphy/ptII/lib/org-ope
nide-util-lookup.jar:/home/travis/build/icyphy/ptII/lib/org-netbeans-api-visual
.jar:/home/travis/build/icyphy/ptII/vendors/jai-1_1_2_01/lib/jai_core.jar:/home
/travis/build/icyphy/ptII/vendors/jai-1_1_2_01/lib/jai_codec.jar:/home/travis/b
uild/icyphy/ptII/lib/jcerti.jar:/home/travis/build/icyphy/ptII/lib/smack.jar:/h
ome/travis/build/icyphy/ptII/lib/smackx.jar:/home/travis/build/icyphy/ptII/lib/
jetty-all-8.1.5-v20120716.jar:/home/travis/build/icyphy/ptII/lib/javax.servlet-
api-3.0.1.jar:/home/travis/build/icyphy/ptII/lib/javax.mail.jar:/home/travis/bu
ild/icyphy/ptII/vendors/JMF-2.1.1e/lib/jmf.jar:/home/travis/build/icyphy/ptII/l
ib/jna-4.0.0-variadic.jar:/home/travis/build/icyphy/ptII/vendors/misc/joystick/
Joystick.jar:/home/travis/build/icyphy/ptII/lib/ptjacl.jar:/home/travis/build/i
cyphy/ptII/lib/jsoup-1.8.2.jar:/home/travis/build/icyphy/ptII/lib/junit-4.8.2.j
ar:/home/travis/build/icyphy/ptII/lib/JUnitParams-0.4.0.jar:/home/travis/build/
icyphy/ptII/ptolemy/actor/lib/excel/jxl.jar:/home/travis/build/icyphy/ptII/lib/
jython.jar:/home/travis/build/icyphy/ptII/lib/kieler.jar:/home/travis/build/icy
phy/ptII/vendors/opencv/share/OpenCV/java/opencv-341.jar:/home/travis/build/icy
phy/ptII/lib/oscP5.jar:/home/travis/build/icyphy/ptII/lib/nrjavaserial-3.11.0.d
evel.jar:/usr/share/java/j3dcore.jar:/usr/share/java/j3dutils.jar:/usr/share/ja
va/vecmath.jar:/home/travis/build/icyphy/ptII/ptolemy/distributed/jini/jar/jini
-core.jar:/home/travis/build/icyphy/ptII/ptolemy/distributed/jini/jar/jini-ext.
jar:/home/travis/build/icyphy/ptII/ptolemy/distributed/jini/jar/sun-util.jar:/h
ome/travis/build/icyphy/ptII/lib/protobuf-java-2.4.1.jar:/home/travis/build/icy
phy/ptII/lib/org.eclipse.paho.client.mqttv3.jar:/home/travis/build/icyphy/ptII/
ptserver/lib/hessian-4.0.7.jar:/home/travis/build/icyphy/ptII/ptserver/lib/wmqt
t.jar:/home/travis/build/icyphy/ptII/lib/mapss.jar:/home/travis/build/icyphy/pt
II/ptolemy/actor/ptalon/antlr/antlr.jar:/home/travis/build/icyphy/ptII/lib/JRI.
jar:/home/travis/build/icyphy/ptII/lib/commons-lang-2.6.jar:/home/travis/build/
icyphy/ptII/lib/commons-logging-1.1.1.jar:/home/travis/build/icyphy/ptII/lib/so
otclasses.jar:/home/travis/build/icyphy/ptII/ptolemy/actor/lib/database/mysql-c
onnector-java-5.1.6-bin.jar:/home/travis/build/icyphy/ptII/vendors/misc/sphinx4
/sphinx4-data-5prealpha.jar:/home/travis/build/icyphy/ptII/vendors/misc/sphinx4
/sphinx4-core-5prealpha.jar:/home/travis/build/icyphy/ptII/lib/PDFRenderer.jar:
/home/travis/build/icyphy/ptII/lib/svgSalamander.jar:/home/travis/build/icyphy/
ptII/lib/rsyntaxtextarea-2.6.0-SNAPSHOT.jar:/home/travis/build/icyphy/ptII/lib/
hazelcast-3.8.2.jar:/home/travis/build/icyphy/ptII/lib/jackson-annotations-2.9.
0.jar:/home/travis/build/icyphy/ptII/lib/jackson-core-2.9.3.jar:/home/travis/bu
ild/icyphy/ptII/lib/jackson-databind-2.9.3.jar:/home/travis/build/icyphy/ptII/l
ib/netty-buffer-4.1.19.Final.jar:/home/travis/build/icyphy/ptII/lib/netty-codec
-4.1.19.Final.jar:/home/travis/build/icyphy/ptII/lib/netty-codec-dns-4.1.19.Fin
al.jar:/home/travis/build/icyphy/ptII/lib/netty-codec-http-4.1.19.Final.jar:/ho
me/travis/build/icyphy/ptII/lib/netty-codec-http2-4.1.19.Final.jar:/home/travis
/build/icyphy/ptII/lib/netty-common-4.1.19.Final.jar:/home/travis/build/icyphy/
ptII/lib/netty-handler-4.1.19.Final.jar:/home/travis/build/icyphy/ptII/lib/nett
y-resolver-4.1.19.Final.jar:/home/travis/build/icyphy/ptII/lib/netty-resolver-d
ns-4.1.19.Final.jar:/home/travis/build/icyphy/ptII/lib/netty-transport-4.1.19.F
inal.jar:/home/travis/build/icyphy/ptII/lib/vertx-codegen-3.5.1.jar:/home/travi
s/build/icyphy/ptII/lib/vertx-core-3.5.2-SNAPSHOT.jar:/home/travis/build/icyphy
/ptII/lib/vertx-hazelcast-3.5.1.jar:/home/travis/build/icyphy/ptII/lib/vertx-la
ng-js-3.5.1.jar:/home/travis/build/icyphy/ptII/lib/vertx-service-proxy-3.5.1.ja
r:/home/travis/build/icyphy/ptII/lib/vertx-web-3.5.1.jar:/home/travis/build/icy
phy/ptII/lib/slf4j-api-1.7.13.jar:/home/travis/build/icyphy/ptII/lib/slf4j-simp
le-1.7.13.jar:/home/travis/build/icyphy/ptII/lib/webcam-capture-0.3.12.jar:/hom
e/travis/build/icyphy/ptII/lib/bridj-0.7.0.jar:/home/travis/build/icyphy/ptII/l
ib/xbjlib-1.1.0.nrjavaserial.jar:/home/travis/build/icyphy/ptII/ptolemy/moml/te
st:/home/travis/build/icyphy/ptII/ant/lib/ant-launcher.jar:/home/travis/build/i
cyphy/ptII/ant/lib/ant.jar:/home/travis/build/icyphy/ptII/ant/lib/ant-junit.jar
:/home/travis/build/icyphy/ptII/ant/lib/ant-junit4.jar:/home/travis/build/icyph
y/ptII ModularCodeGenTest_A1_A2_profile.java
warning: Supported source version 'RELEASE_6' from annotation processor 'org.netbeans.modules.openide.util.NbBundleProcessor' less than -source '1.8'
warning: Supported source version 'RELEASE_6' from annotation processor 'org.netbeans.modules.openide.util.URLStreamHandlerRegistrationProcessor' less than -source '1.8'
warning: Supported source version 'RELEASE_6' from annotation processor 'org.netbeans.modules.openide.util.ServiceProviderProcessor' less than -source '1.8'
3 warnings
All Done
Writing ModularCodeGenTest_A1_A2.java in file:/home/travis/cg/ (9163 characters)
Reading "ptolemy/cg/kernel/generic/program/procedural/java/modular/makefile.in",
    writing "/home/travis/cg/ModularCodeGenTest_A1_A2.mk"
Using ptolemy/cg/kernel/generic/program/procedural/java/modular/makefile.in
In "/home/travis/cg", about to execute:
    make -f ModularCodeGenTest_A1_A2.mk
javac -classpath ".:.."    ModularCodeGenTest_A1_A2.java
All Done
In "/home/travis/cg", about to execute:
    pwd
In "/home/travis/cg", about to execute:
    ls -l
/home/travis/cg
total 40
-rw-rw-r-- 1 travis travis 3491 Jun  1 21:06 ModularCodeGenTest_A1_A2.class
-rw-rw-r-- 1 travis travis 9163 Jun  1 21:06 ModularCodeGenTest_A1_A2.java
-rw-rw-r-- 1 travis travis  904 Jun  1 21:06 ModularCodeGenTest_A1_A2.mk
-rw-rw-r-- 1 travis travis 1306 Jun  1 21:06 ModularCodeGenTest_A1_A2_profile.class
-rw-rw-r-- 1 travis travis 1228 Jun  1 21:06 ModularCodeGenTest_A1_A2_profile.java
-rw-rw-r-- 1 travis travis 1394 Jun  1 21:06 ModularCodeGenTest_A1_profile.java
-rw-rw-r-- 1 travis travis  432 Jun  1 21:06 Token.class
-rw-rw-r-- 1 travis travis  251 Jun  1 21:06 Token.java
In "/home/travis/cg", about to execute:
    javac -classpath
.:/home/travis/build/icyphy/ptII:/home/travis/build/icyphy/ptII/lib/bsh-2.0b4.j
ar:/home/travis/build/icyphy/ptII/lib/ptCal.jar:/home/travis/build/icyphy/ptII/
lib/java_cup.jar:/home/travis/build/icyphy/ptII/lib/saxon8.jar:/home/travis/bui
ld/icyphy/ptII/lib/saxon8-dom.jar:/home/travis/build/icyphy/ptII/lib/chic.jar:/
home/travis/build/icyphy/ptII/lib/ptcolt.jar:/usr/lib/jvm/java-8-oracle/lib/too
ls.jar:/usr/lib/eclipse/plugins/org.eclipse.jdt.core_3.8.2.dist.jar:/usr/lib/ec
lipse/plugins/org.eclipse.core.runtime_3.8.0.dist.jar:/usr/lib/eclipse/plugins/
org.eclipse.osgi_3.8.1.dist.jar:/usr/lib/eclipse/plugins/org.eclipse.core.resou
rces_3.8.1.dist.jar:/usr/lib/eclipse/plugins/org.eclipse.equinox.common_3.6.100
.dist.jar:/usr/lib/eclipse/plugins/org.eclipse.core.jobs_3.5.200.dist.jar:/usr/
lib/eclipse/plugins/org.eclipse.core.contenttype_3.4.200.dist.jar:/usr/lib/ecli
pse/plugins/org.eclipse.equinox.preferences_3.5.0.dist.jar:/usr/lib/eclipse/plu
gins/org.eclipse.text_3.5.200.dist.jar:/usr/lib/eclipse/plugins/org.eclipse.ui.
workbench_3.8.1.dist.jar:/usr/lib/eclipse/plugins/org.eclipse.jface_3.8.0.dist.
jar:/usr/lib/eclipse/plugins/org.eclipse.swt_3.8.2.jar:/usr/lib/eclipse/plugins
/org.eclipse.jface.text_3.8.1.dist.jar:/usr/lib/eclipse/plugins/org.eclipse.ui.
workbench.texteditor_3.8.0.dist.jar:/usr/lib/eclipse/plugins/org.eclipse.ui.edi
tors_3.8.0.dist.jar:/usr/lib/eclipse/plugins/org.eclipse.core.commands_3.6.1.di
st.jar:/usr/lib/eclipse/plugins/org.eclipse.equinox.registry_3.5.200.dist.jar:/
usr/lib/eclipse/plugins/org.eclipse.ui.console_3.5.100.dist.jar:/usr/lib/eclips
e/plugins/org.eclipse.ui.forms_3.5.200.dist.jar:/usr/lib/eclipse/plugins/org.ec
lipse.ui.ide_3.8.1.dist.jar:/home/travis/build/icyphy/ptII/vendors/oracle/dbxml
.jar:/home/travis/build/icyphy/ptII/vendors/oracle/db.jar:/home/travis/build/ic
yphy/ptII/vendors/misc/itext/iText.jar:/home/travis/build/icyphy/ptII/lib/g4ltl
.jar:/home/travis/build/icyphy/ptII/lib/StructuralCoder.jar:/home/travis/build/
icyphy/ptII/lib/org-openide-util.jar:/home/travis/build/icyphy/ptII/lib/org-ope
nide-util-lookup.jar:/home/travis/build/icyphy/ptII/lib/org-netbeans-api-visual
.jar:/home/travis/build/icyphy/ptII/vendors/jai-1_1_2_01/lib/jai_core.jar:/home
/travis/build/icyphy/ptII/vendors/jai-1_1_2_01/lib/jai_codec.jar:/home/travis/b
uild/icyphy/ptII/lib/jcerti.jar:/home/travis/build/icyphy/ptII/lib/smack.jar:/h
ome/travis/build/icyphy/ptII/lib/smackx.jar:/home/travis/build/icyphy/ptII/lib/
jetty-all-8.1.5-v20120716.jar:/home/travis/build/icyphy/ptII/lib/javax.servlet-
api-3.0.1.jar:/home/travis/build/icyphy/ptII/lib/javax.mail.jar:/home/travis/bu
ild/icyphy/ptII/vendors/JMF-2.1.1e/lib/jmf.jar:/home/travis/build/icyphy/ptII/l
ib/jna-4.0.0-variadic.jar:/home/travis/build/icyphy/ptII/vendors/misc/joystick/
Joystick.jar:/home/travis/build/icyphy/ptII/lib/ptjacl.jar:/home/travis/build/i
cyphy/ptII/lib/jsoup-1.8.2.jar:/home/travis/build/icyphy/ptII/lib/junit-4.8.2.j
ar:/home/travis/build/icyphy/ptII/lib/JUnitParams-0.4.0.jar:/home/travis/build/
icyphy/ptII/ptolemy/actor/lib/excel/jxl.jar:/home/travis/build/icyphy/ptII/lib/
jython.jar:/home/travis/build/icyphy/ptII/lib/kieler.jar:/home/travis/build/icy
phy/ptII/vendors/opencv/share/OpenCV/java/opencv-341.jar:/home/travis/build/icy
phy/ptII/lib/oscP5.jar:/home/travis/build/icyphy/ptII/lib/nrjavaserial-3.11.0.d
evel.jar:/usr/share/java/j3dcore.jar:/usr/share/java/j3dutils.jar:/usr/share/ja
va/vecmath.jar:/home/travis/build/icyphy/ptII/ptolemy/distributed/jini/jar/jini
-core.jar:/home/travis/build/icyphy/ptII/ptolemy/distributed/jini/jar/jini-ext.
jar:/home/travis/build/icyphy/ptII/ptolemy/distributed/jini/jar/sun-util.jar:/h
ome/travis/build/icyphy/ptII/lib/protobuf-java-2.4.1.jar:/home/travis/build/icy
phy/ptII/lib/org.eclipse.paho.client.mqttv3.jar:/home/travis/build/icyphy/ptII/
ptserver/lib/hessian-4.0.7.jar:/home/travis/build/icyphy/ptII/ptserver/lib/wmqt
t.jar:/home/travis/build/icyphy/ptII/lib/mapss.jar:/home/travis/build/icyphy/pt
II/ptolemy/actor/ptalon/antlr/antlr.jar:/home/travis/build/icyphy/ptII/lib/JRI.
jar:/home/travis/build/icyphy/ptII/lib/commons-lang-2.6.jar:/home/travis/build/
icyphy/ptII/lib/commons-logging-1.1.1.jar:/home/travis/build/icyphy/ptII/lib/so
otclasses.jar:/home/travis/build/icyphy/ptII/ptolemy/actor/lib/database/mysql-c
onnector-java-5.1.6-bin.jar:/home/travis/build/icyphy/ptII/vendors/misc/sphinx4
/sphinx4-data-5prealpha.jar:/home/travis/build/icyphy/ptII/vendors/misc/sphinx4
/sphinx4-core-5prealpha.jar:/home/travis/build/icyphy/ptII/lib/PDFRenderer.jar:
/home/travis/build/icyphy/ptII/lib/svgSalamander.jar:/home/travis/build/icyphy/
ptII/lib/rsyntaxtextarea-2.6.0-SNAPSHOT.jar:/home/travis/build/icyphy/ptII/lib/
hazelcast-3.8.2.jar:/home/travis/build/icyphy/ptII/lib/jackson-annotations-2.9.
0.jar:/home/travis/build/icyphy/ptII/lib/jackson-core-2.9.3.jar:/home/travis/bu
ild/icyphy/ptII/lib/jackson-databind-2.9.3.jar:/home/travis/build/icyphy/ptII/l
ib/netty-buffer-4.1.19.Final.jar:/home/travis/build/icyphy/ptII/lib/netty-codec
-4.1.19.Final.jar:/home/travis/build/icyphy/ptII/lib/netty-codec-dns-4.1.19.Fin
al.jar:/home/travis/build/icyphy/ptII/lib/netty-codec-http-4.1.19.Final.jar:/ho
me/travis/build/icyphy/ptII/lib/netty-codec-http2-4.1.19.Final.jar:/home/travis
/build/icyphy/ptII/lib/netty-common-4.1.19.Final.jar:/home/travis/build/icyphy/
ptII/lib/netty-handler-4.1.19.Final.jar:/home/travis/build/icyphy/ptII/lib/nett
y-resolver-4.1.19.Final.jar:/home/travis/build/icyphy/ptII/lib/netty-resolver-d
ns-4.1.19.Final.jar:/home/travis/build/icyphy/ptII/lib/netty-transport-4.1.19.F
inal.jar:/home/travis/build/icyphy/ptII/lib/vertx-codegen-3.5.1.jar:/home/travi
s/build/icyphy/ptII/lib/vertx-core-3.5.2-SNAPSHOT.jar:/home/travis/build/icyphy
/ptII/lib/vertx-hazelcast-3.5.1.jar:/home/travis/build/icyphy/ptII/lib/vertx-la
ng-js-3.5.1.jar:/home/travis/build/icyphy/ptII/lib/vertx-service-proxy-3.5.1.ja
r:/home/travis/build/icyphy/ptII/lib/vertx-web-3.5.1.jar:/home/travis/build/icy
phy/ptII/lib/slf4j-api-1.7.13.jar:/home/travis/build/icyphy/ptII/lib/slf4j-simp
le-1.7.13.jar:/home/travis/build/icyphy/ptII/lib/webcam-capture-0.3.12.jar:/hom
e/travis/build/icyphy/ptII/lib/bridj-0.7.0.jar:/home/travis/build/icyphy/ptII/l
ib/xbjlib-1.1.0.nrjavaserial.jar:/home/travis/build/icyphy/ptII/ptolemy/moml/te
st:/home/travis/build/icyphy/ptII/ant/lib/ant-launcher.jar:/home/travis/build/i
cyphy/ptII/ant/lib/ant.jar:/home/travis/build/icyphy/ptII/ant/lib/ant-junit.jar
:/home/travis/build/icyphy/ptII/ant/lib/ant-junit4.jar:/home/travis/build/icyph
y/ptII ModularCodeGenTest_A1_profile.java
warning: Supported source version 'RELEASE_6' from annotation processor 'org.netbeans.modules.openide.util.NbBundleProcessor' less than -source '1.8'
warning: Supported source version 'RELEASE_6' from annotation processor 'org.netbeans.modules.openide.util.URLStreamHandlerRegistrationProcessor' less than -source '1.8'
warning: Supported source version 'RELEASE_6' from annotation processor 'org.netbeans.modules.openide.util.ServiceProviderProcessor' less than -source '1.8'
3 warnings
All Done
Writing ModularCodeGenTest_A1.java in file:/home/travis/cg/ (9968 characters)
Reading "ptolemy/cg/kernel/generic/program/procedural/java/modular/makefile.in",
    writing "/home/travis/cg/ModularCodeGenTest_A1.mk"
Using ptolemy/cg/kernel/generic/program/procedural/java/modular/makefile.in
In "/home/travis/cg", about to execute:
    make -f ModularCodeGenTest_A1.mk
javac -classpath ".:.."    ModularCodeGenTest_A1.java
All Done
5270 ms. Memory: 146944K Free: 127481K (87%)
8 ms. Memory: 146944K Free: 123945K (84%)
In "/home/travis/cg", about to execute:
    pwd
In "/home/travis/cg", about to execute:
    ls -l
/home/travis/cg
In "/home/travis/cg", about to execute:
    javac -classpath
.:/home/travis/build/icyphy/ptII:/home/travis/build/icyphy/ptII/lib/bsh-2.0b4.j
ar:/home/travis/build/icyphy/ptII/lib/ptCal.jar:/home/travis/build/icyphy/ptII/
lib/java_cup.jar:/home/travis/build/icyphy/ptII/lib/saxon8.jar:/home/travis/bui
ld/icyphy/ptII/lib/saxon8-dom.jar:/home/travis/build/icyphy/ptII/lib/chic.jar:/
home/travis/build/icyphy/ptII/lib/ptcolt.jar:/usr/lib/jvm/java-8-oracle/lib/too
ls.jar:/usr/lib/eclipse/plugins/org.eclipse.jdt.core_3.8.2.dist.jar:/usr/lib/ec
lipse/plugins/org.eclipse.core.runtime_3.8.0.dist.jar:/usr/lib/eclipse/plugins/
org.eclipse.osgi_3.8.1.dist.jar:/usr/lib/eclipse/plugins/org.eclipse.core.resou
rces_3.8.1.dist.jar:/usr/lib/eclipse/plugins/org.eclipse.equinox.common_3.6.100
.dist.jar:/usr/lib/eclipse/plugins/org.eclipse.core.jobs_3.5.200.dist.jar:/usr/
lib/eclipse/plugins/org.eclipse.core.contenttype_3.4.200.dist.jar:/usr/lib/ecli
pse/plugins/org.eclipse.equinox.preferences_3.5.0.dist.jar:/usr/lib/eclipse/plu
gins/org.eclipse.text_3.5.200.dist.jar:/usr/lib/eclipse/plugins/org.eclipse.ui.
workbench_3.8.1.dist.jar:/usr/lib/eclipse/plugins/org.eclipse.jface_3.8.0.dist.
jar:/usr/lib/eclipse/plugins/org.eclipse.swt_3.8.2.jar:/usr/lib/eclipse/plugins
/org.eclipse.jface.text_3.8.1.dist.jar:/usr/lib/eclipse/plugins/org.eclipse.ui.
workbench.texteditor_3.8.0.dist.jar:/usr/lib/eclipse/plugins/org.eclipse.ui.edi
tors_3.8.0.dist.jar:/usr/lib/eclipse/plugins/org.eclipse.core.commands_3.6.1.di
st.jar:/usr/lib/eclipse/plugins/org.eclipse.equinox.registry_3.5.200.dist.jar:/
usr/lib/eclipse/plugins/org.eclipse.ui.console_3.5.100.dist.jar:/usr/lib/eclips
e/plugins/org.eclipse.ui.forms_3.5.200.dist.jar:/usr/lib/eclipse/plugins/org.ec
lipse.ui.ide_3.8.1.dist.jar:/home/travis/build/icyphy/ptII/vendors/oracle/dbxml
.jar:/home/travis/build/icyphy/ptII/vendors/oracle/db.jar:/home/travis/build/ic
yphy/ptII/vendors/misc/itext/iText.jar:/home/travis/build/icyphy/ptII/lib/g4ltl
.jar:/home/travis/build/icyphy/ptII/lib/StructuralCoder.jar:/home/travis/build/
icyphy/ptII/lib/org-openide-util.jar:/home/travis/build/icyphy/ptII/lib/org-ope
nide-util-lookup.jar:/home/travis/build/icyphy/ptII/lib/org-netbeans-api-visual
.jar:/home/travis/build/icyphy/ptII/vendors/jai-1_1_2_01/lib/jai_core.jar:/home
/travis/build/icyphy/ptII/vendors/jai-1_1_2_01/lib/jai_codec.jar:/home/travis/b
uild/icyphy/ptII/lib/jcerti.jar:/home/travis/build/icyphy/ptII/lib/smack.jar:/h
ome/travis/build/icyphy/ptII/lib/smackx.jar:/home/travis/build/icyphy/ptII/lib/
jetty-all-8.1.5-v20120716.jar:/home/travis/build/icyphy/ptII/lib/javax.servlet-
api-3.0.1.jar:/home/travis/build/icyphy/ptII/lib/javax.mail.jar:/home/travis/bu
ild/icyphy/ptII/vendors/JMF-2.1.1e/lib/jmf.jar:/home/travis/build/icyphy/ptII/l
ib/jna-4.0.0-variadic.jar:/home/travis/build/icyphy/ptII/vendors/misc/joystick/
Joystick.jar:/home/travis/build/icyphy/ptII/lib/ptjacl.jar:/home/travis/build/i
cyphy/ptII/lib/jsoup-1.8.2.jar:/home/travis/build/icyphy/ptII/lib/junit-4.8.2.j
ar:/home/travis/build/icyphy/ptII/lib/JUnitParams-0.4.0.jar:/home/travis/build/
icyphy/ptII/ptolemy/actor/lib/excel/jxl.jar:/home/travis/build/icyphy/ptII/lib/
jython.jar:/home/travis/build/icyphy/ptII/lib/kieler.jar:/home/travis/build/icy
phy/ptII/vendors/opencv/share/OpenCV/java/opencv-341.jar:/home/travis/build/icy
phy/ptII/lib/oscP5.jar:/home/travis/build/icyphy/ptII/lib/nrjavaserial-3.11.0.d
evel.jar:/usr/share/java/j3dcore.jar:/usr/share/java/j3dutils.jar:/usr/share/ja
va/vecmath.jar:/home/travis/build/icyphy/ptII/ptolemy/distributed/jini/jar/jini
-core.jar:/home/travis/build/icyphy/ptII/ptolemy/distributed/jini/jar/jini-ext.
jar:/home/travis/build/icyphy/ptII/ptolemy/distributed/jini/jar/sun-util.jar:/h
ome/travis/build/icyphy/ptII/lib/protobuf-java-2.4.1.jar:/home/travis/build/icy
phy/ptII/lib/org.eclipse.paho.client.mqttv3.jar:/home/travis/build/icyphy/ptII/
ptserver/lib/hessian-4.0.7.jar:/home/travis/build/icyphy/ptII/ptserver/lib/wmqt
t.jar:/home/travis/build/icyphy/ptII/lib/mapss.jar:/home/travis/build/icyphy/pt
II/ptolemy/actor/ptalon/antlr/antlr.jar:/home/travis/build/icyphy/ptII/lib/JRI.
jar:/home/travis/build/icyphy/ptII/lib/commons-lang-2.6.jar:/home/travis/build/
icyphy/ptII/lib/commons-logging-1.1.1.jar:/home/travis/build/icyphy/ptII/lib/so
otclasses.jar:/home/travis/build/icyphy/ptII/ptolemy/actor/lib/database/mysql-c
onnector-java-5.1.6-bin.jar:/home/travis/build/icyphy/ptII/vendors/misc/sphinx4
/sphinx4-data-5prealpha.jar:/home/travis/build/icyphy/ptII/vendors/misc/sphinx4
/sphinx4-core-5prealpha.jar:/home/travis/build/icyphy/ptII/lib/PDFRenderer.jar:
/home/travis/build/icyphy/ptII/lib/svgSalamander.jar:/home/travis/build/icyphy/
ptII/lib/rsyntaxtextarea-2.6.0-SNAPSHOT.jar:/home/travis/build/icyphy/ptII/lib/
hazelcast-3.8.2.jar:/home/travis/build/icyphy/ptII/lib/jackson-annotations-2.9.
0.jar:/home/travis/build/icyphy/ptII/lib/jackson-core-2.9.3.jar:/home/travis/bu
ild/icyphy/ptII/lib/jackson-databind-2.9.3.jar:/home/travis/build/icyphy/ptII/l
ib/netty-buffer-4.1.19.Final.jar:/home/travis/build/icyphy/ptII/lib/netty-codec
-4.1.19.Final.jar:/home/travis/build/icyphy/ptII/lib/netty-codec-dns-4.1.19.Fin
al.jar:/home/travis/build/icyphy/ptII/lib/netty-codec-http-4.1.19.Final.jar:/ho
me/travis/build/icyphy/ptII/lib/netty-codec-http2-4.1.19.Final.jar:/home/travis
/build/icyphy/ptII/lib/netty-common-4.1.19.Final.jar:/home/travis/build/icyphy/
ptII/lib/netty-handler-4.1.19.Final.jar:/home/travis/build/icyphy/ptII/lib/nett
y-resolver-4.1.19.Final.jar:/home/travis/build/icyphy/ptII/lib/netty-resolver-d
ns-4.1.19.Final.jar:/home/travis/build/icyphy/ptII/lib/netty-transport-4.1.19.F
inal.jar:/home/travis/build/icyphy/ptII/lib/vertx-codegen-3.5.1.jar:/home/travi
s/build/icyphy/ptII/lib/vertx-core-3.5.2-SNAPSHOT.jar:/home/travis/build/icyphy
/ptII/lib/vertx-hazelcast-3.5.1.jar:/home/travis/build/icyphy/ptII/lib/vertx-la
ng-js-3.5.1.jar:/home/travis/build/icyphy/ptII/lib/vertx-service-proxy-3.5.1.ja
r:/home/travis/build/icyphy/ptII/lib/vertx-web-3.5.1.jar:/home/travis/build/icy
phy/ptII/lib/slf4j-api-1.7.13.jar:/home/travis/build/icyphy/ptII/lib/slf4j-simp
le-1.7.13.jar:/home/travis/build/icyphy/ptII/lib/webcam-capture-0.3.12.jar:/hom
e/travis/build/icyphy/ptII/lib/bridj-0.7.0.jar:/home/travis/build/icyphy/ptII/l
ib/xbjlib-1.1.0.nrjavaserial.jar:/home/travis/build/icyphy/ptII/ptolemy/moml/te
st:/home/travis/build/icyphy/ptII/ant/lib/ant-launcher.jar:/home/travis/build/i
cyphy/ptII/ant/lib/ant.jar:/home/travis/build/icyphy/ptII/ant/lib/ant-junit.jar
:/home/travis/build/icyphy/ptII/ant/lib/ant-junit4.jar:/home/travis/build/icyph
y/ptII ModularCodeGenTest_A1_A2_profile.java
total 64
-rw-rw-r-- 1 travis travis 3491 Jun  1 21:06 ModularCodeGenTest_A1_A2.class
-rw-rw-r-- 1 travis travis 9163 Jun  1 21:06 ModularCodeGenTest_A1_A2.java
-rw-rw-r-- 1 travis travis  904 Jun  1 21:06 ModularCodeGenTest_A1_A2.mk
-rw-rw-r-- 1 travis travis 1306 Jun  1 21:06 ModularCodeGenTest_A1_A2_profile.class
-rw-rw-r-- 1 travis travis 1228 Jun  1 21:06 ModularCodeGenTest_A1_A2_profile.java
-rw-rw-r-- 1 travis travis 3823 Jun  1 21:06 ModularCodeGenTest_A1.class
-rw-rw-r-- 1 travis travis 9968 Jun  1 21:06 ModularCodeGenTest_A1.java
-rw-rw-r-- 1 travis travis  880 Jun  1 21:06 ModularCodeGenTest_A1.mk
-rw-rw-r-- 1 travis travis 1352 Jun  1 21:06 ModularCodeGenTest_A1_profile.class
-rw-rw-r-- 1 travis travis 1394 Jun  1 21:06 ModularCodeGenTest_A1_profile.java
-rw-rw-r-- 1 travis travis  432 Jun  1 21:06 Token.class
-rw-rw-r-- 1 travis travis  251 Jun  1 21:06 Token.java
warning: Supported source version 'RELEASE_6' from annotation processor 'org.netbeans.modules.openide.util.NbBundleProcessor' less than -source '1.8'
warning: Supported source version 'RELEASE_6' from annotation processor 'org.netbeans.modules.openide.util.URLStreamHandlerRegistrationProcessor' less than -source '1.8'
warning: Supported source version 'RELEASE_6' from annotation processor 'org.netbeans.modules.openide.util.ServiceProviderProcessor' less than -source '1.8'
3 warnings
All Done
Writing ModularCodeGenTest_A1_A2.java in file:/home/travis/cg/ (9164 characters)
Reading "ptolemy/cg/kernel/generic/program/procedural/java/modular/makefile.in",
    writing "/home/travis/cg/ModularCodeGenTest_A1_A2.mk"
Using ptolemy/cg/kernel/generic/program/procedural/java/modular/makefile.in
In "/home/travis/cg", about to execute:
    make -f ModularCodeGenTest_A1_A2.mk
javac -classpath ".:.."    ModularCodeGenTest_A1_A2.java
All Done
2393 ms. Memory: 208384K Free: 169241K (81%)
In "/home/travis/cg", about to execute:
    pwd
In "/home/travis/cg", about to execute:
    ls -l
/home/travis/cg
total 4
In "/home/travis/cg", about to execute:
    javac -classpath
.:/home/travis/build/icyphy/ptII:/home/travis/build/icyphy/ptII/lib/bsh-2.0b4.j
ar:/home/travis/build/icyphy/ptII/lib/ptCal.jar:/home/travis/build/icyphy/ptII/
lib/java_cup.jar:/home/travis/build/icyphy/ptII/lib/saxon8.jar:/home/travis/bui
ld/icyphy/ptII/lib/saxon8-dom.jar:/home/travis/build/icyphy/ptII/lib/chic.jar:/
home/travis/build/icyphy/ptII/lib/ptcolt.jar:/usr/lib/jvm/java-8-oracle/lib/too
ls.jar:/usr/lib/eclipse/plugins/org.eclipse.jdt.core_3.8.2.dist.jar:/usr/lib/ec
lipse/plugins/org.eclipse.core.runtime_3.8.0.dist.jar:/usr/lib/eclipse/plugins/
org.eclipse.osgi_3.8.1.dist.jar:/usr/lib/eclipse/plugins/org.eclipse.core.resou
rces_3.8.1.dist.jar:/usr/lib/eclipse/plugins/org.eclipse.equinox.common_3.6.100
.dist.jar:/usr/lib/eclipse/plugins/org.eclipse.core.jobs_3.5.200.dist.jar:/usr/
lib/eclipse/plugins/org.eclipse.core.contenttype_3.4.200.dist.jar:/usr/lib/ecli
pse/plugins/org.eclipse.equinox.preferences_3.5.0.dist.jar:/usr/lib/eclipse/plu
gins/org.eclipse.text_3.5.200.dist.jar:/usr/lib/eclipse/plugins/org.eclipse.ui.
workbench_3.8.1.dist.jar:/usr/lib/eclipse/plugins/org.eclipse.jface_3.8.0.dist.
jar:/usr/lib/eclipse/plugins/org.eclipse.swt_3.8.2.jar:/usr/lib/eclipse/plugins
/org.eclipse.jface.text_3.8.1.dist.jar:/usr/lib/eclipse/plugins/org.eclipse.ui.
workbench.texteditor_3.8.0.dist.jar:/usr/lib/eclipse/plugins/org.eclipse.ui.edi
tors_3.8.0.dist.jar:/usr/lib/eclipse/plugins/org.eclipse.core.commands_3.6.1.di
st.jar:/usr/lib/eclipse/plugins/org.eclipse.equinox.registry_3.5.200.dist.jar:/
usr/lib/eclipse/plugins/org.eclipse.ui.console_3.5.100.dist.jar:/usr/lib/eclips
e/plugins/org.eclipse.ui.forms_3.5.200.dist.jar:/usr/lib/eclipse/plugins/org.ec
lipse.ui.ide_3.8.1.dist.jar:/home/travis/build/icyphy/ptII/vendors/oracle/dbxml
.jar:/home/travis/build/icyphy/ptII/vendors/oracle/db.jar:/home/travis/build/ic
yphy/ptII/vendors/misc/itext/iText.jar:/home/travis/build/icyphy/ptII/lib/g4ltl
.jar:/home/travis/build/icyphy/ptII/lib/StructuralCoder.jar:/home/travis/build/
icyphy/ptII/lib/org-openide-util.jar:/home/travis/build/icyphy/ptII/lib/org-ope
nide-util-lookup.jar:/home/travis/build/icyphy/ptII/lib/org-netbeans-api-visual
.jar:/home/travis/build/icyphy/ptII/vendors/jai-1_1_2_01/lib/jai_core.jar:/home
/travis/build/icyphy/ptII/vendors/jai-1_1_2_01/lib/jai_codec.jar:/home/travis/b
uild/icyphy/ptII/lib/jcerti.jar:/home/travis/build/icyphy/ptII/lib/smack.jar:/h
ome/travis/build/icyphy/ptII/lib/smackx.jar:/home/travis/build/icyphy/ptII/lib/
jetty-all-8.1.5-v20120716.jar:/home/travis/build/icyphy/ptII/lib/javax.servlet-
api-3.0.1.jar:/home/travis/build/icyphy/ptII/lib/javax.mail.jar:/home/travis/bu
ild/icyphy/ptII/vendors/JMF-2.1.1e/lib/jmf.jar:/home/travis/build/icyphy/ptII/l
ib/jna-4.0.0-variadic.jar:/home/travis/build/icyphy/ptII/vendors/misc/joystick/
Joystick.jar:/home/travis/build/icyphy/ptII/lib/ptjacl.jar:/home/travis/build/i
cyphy/ptII/lib/jsoup-1.8.2.jar:/home/travis/build/icyphy/ptII/lib/junit-4.8.2.j
ar:/home/travis/build/icyphy/ptII/lib/JUnitParams-0.4.0.jar:/home/travis/build/
icyphy/ptII/ptolemy/actor/lib/excel/jxl.jar:/home/travis/build/icyphy/ptII/lib/
jython.jar:/home/travis/build/icyphy/ptII/lib/kieler.jar:/home/travis/build/icy
phy/ptII/vendors/opencv/share/OpenCV/java/opencv-341.jar:/home/travis/build/icy
phy/ptII/lib/oscP5.jar:/home/travis/build/icyphy/ptII/lib/nrjavaserial-3.11.0.d
evel.jar:/usr/share/java/j3dcore.jar:/usr/share/java/j3dutils.jar:/usr/share/ja
va/vecmath.jar:/home/travis/build/icyphy/ptII/ptolemy/distributed/jini/jar/jini
-core.jar:/home/travis/build/icyphy/ptII/ptolemy/distributed/jini/jar/jini-ext.
jar:/home/travis/build/icyphy/ptII/ptolemy/distributed/jini/jar/sun-util.jar:/h
ome/travis/build/icyphy/ptII/lib/protobuf-java-2.4.1.jar:/home/travis/build/icy
phy/ptII/lib/org.eclipse.paho.client.mqttv3.jar:/home/travis/build/icyphy/ptII/
ptserver/lib/hessian-4.0.7.jar:/home/travis/build/icyphy/ptII/ptserver/lib/wmqt
t.jar:/home/travis/build/icyphy/ptII/lib/mapss.jar:/home/travis/build/icyphy/pt
II/ptolemy/actor/ptalon/antlr/antlr.jar:/home/travis/build/icyphy/ptII/lib/JRI.
jar:/home/travis/build/icyphy/ptII/lib/commons-lang-2.6.jar:/home/travis/build/
icyphy/ptII/lib/commons-logging-1.1.1.jar:/home/travis/build/icyphy/ptII/lib/so
otclasses.jar:/home/travis/build/icyphy/ptII/ptolemy/actor/lib/database/mysql-c
onnector-java-5.1.6-bin.jar:/home/travis/build/icyphy/ptII/vendors/misc/sphinx4
/sphinx4-data-5prealpha.jar:/home/travis/build/icyphy/ptII/vendors/misc/sphinx4
/sphinx4-core-5prealpha.jar:/home/travis/build/icyphy/ptII/lib/PDFRenderer.jar:
/home/travis/build/icyphy/ptII/lib/svgSalamander.jar:/home/travis/build/icyphy/
ptII/lib/rsyntaxtextarea-2.6.0-SNAPSHOT.jar:/home/travis/build/icyphy/ptII/lib/
hazelcast-3.8.2.jar:/home/travis/build/icyphy/ptII/lib/jackson-annotations-2.9.
0.jar:/home/travis/build/icyphy/ptII/lib/jackson-core-2.9.3.jar:/home/travis/bu
ild/icyphy/ptII/lib/jackson-databind-2.9.3.jar:/home/travis/build/icyphy/ptII/l
ib/netty-buffer-4.1.19.Final.jar:/home/travis/build/icyphy/ptII/lib/netty-codec
-4.1.19.Final.jar:/home/travis/build/icyphy/ptII/lib/netty-codec-dns-4.1.19.Fin
al.jar:/home/travis/build/icyphy/ptII/lib/netty-codec-http-4.1.19.Final.jar:/ho
me/travis/build/icyphy/ptII/lib/netty-codec-http2-4.1.19.Final.jar:/home/travis
/build/icyphy/ptII/lib/netty-common-4.1.19.Final.jar:/home/travis/build/icyphy/
ptII/lib/netty-handler-4.1.19.Final.jar:/home/travis/build/icyphy/ptII/lib/nett
y-resolver-4.1.19.Final.jar:/home/travis/build/icyphy/ptII/lib/netty-resolver-d
ns-4.1.19.Final.jar:/home/travis/build/icyphy/ptII/lib/netty-transport-4.1.19.F
inal.jar:/home/travis/build/icyphy/ptII/lib/vertx-codegen-3.5.1.jar:/home/travi
s/build/icyphy/ptII/lib/vertx-core-3.5.2-SNAPSHOT.jar:/home/travis/build/icyphy
/ptII/lib/vertx-hazelcast-3.5.1.jar:/home/travis/build/icyphy/ptII/lib/vertx-la
ng-js-3.5.1.jar:/home/travis/build/icyphy/ptII/lib/vertx-service-proxy-3.5.1.ja
r:/home/travis/build/icyphy/ptII/lib/vertx-web-3.5.1.jar:/home/travis/build/icy
phy/ptII/lib/slf4j-api-1.7.13.jar:/home/travis/build/icyphy/ptII/lib/slf4j-simp
le-1.7.13.jar:/home/travis/build/icyphy/ptII/lib/webcam-capture-0.3.12.jar:/hom
e/travis/build/icyphy/ptII/lib/bridj-0.7.0.jar:/home/travis/build/icyphy/ptII/l
ib/xbjlib-1.1.0.nrjavaserial.jar:/home/travis/build/icyphy/ptII/ptolemy/moml/te
st:/home/travis/build/icyphy/ptII/ant/lib/ant-launcher.jar:/home/travis/build/i
cyphy/ptII/ant/lib/ant.jar:/home/travis/build/icyphy/ptII/ant/lib/ant-junit.jar
:/home/travis/build/icyphy/ptII/ant/lib/ant-junit4.jar:/home/travis/build/icyph
y/ptII ModularCodeGenTest_A1_A2_profile.java
-rw-rw-r-- 1 travis travis 1228 Jun  1 21:06 ModularCodeGenTest_A1_A2_profile.java
warning: Supported source version 'RELEASE_6' from annotation processor 'org.netbeans.modules.openide.util.NbBundleProcessor' less than -source '1.8'
warning: Supported source version 'RELEASE_6' from annotation processor 'org.netbeans.modules.openide.util.URLStreamHandlerRegistrationProcessor' less than -source '1.8'
warning: Supported source version 'RELEASE_6' from annotation processor 'org.netbeans.modules.openide.util.ServiceProviderProcessor' less than -source '1.8'
3 warnings
All Done
Writing ModularCodeGenTest_A1_A2.java in file:/home/travis/cg/ (9164 characters)
Reading "ptolemy/cg/kernel/generic/program/procedural/java/modular/makefile.in",
    writing "/home/travis/cg/ModularCodeGenTest_A1_A2.mk"
Using ptolemy/cg/kernel/generic/program/procedural/java/modular/makefile.in
In "/home/travis/cg", about to execute:
    make -f ModularCodeGenTest_A1_A2.mk
javac -classpath ".:.."    ModularCodeGenTest_A1_A2.java
All Done
In "/home/travis/cg", about to execute:
    pwd
In "/home/travis/cg", about to execute:
    ls -l
/home/travis/cg
total 40
-rw-rw-r-- 1 travis travis 3492 Jun  1 21:06 ModularCodeGenTest_A1_A2.class
-rw-rw-r-- 1 travis travis 9164 Jun  1 21:06 ModularCodeGenTest_A1_A2.java
-rw-rw-r-- 1 travis travis  904 Jun  1 21:06 ModularCodeGenTest_A1_A2.mk
-rw-rw-r-- 1 travis travis 1306 Jun  1 21:06 ModularCodeGenTest_A1_A2_profile.class
-rw-rw-r-- 1 travis travis 1228 Jun  1 21:06 ModularCodeGenTest_A1_A2_profile.java
-rw-rw-r-- 1 travis travis 1394 Jun  1 21:06 ModularCodeGenTest_A1_profile.java
-rw-rw-r-- 1 travis travis  432 Jun  1 21:06 Token.class
-rw-rw-r-- 1 travis travis  251 Jun  1 21:06 Token.java
In "/home/travis/cg", about to execute:
    javac -classpath
.:/home/travis/build/icyphy/ptII:/home/travis/build/icyphy/ptII/lib/bsh-2.0b4.j
ar:/home/travis/build/icyphy/ptII/lib/ptCal.jar:/home/travis/build/icyphy/ptII/
lib/java_cup.jar:/home/travis/build/icyphy/ptII/lib/saxon8.jar:/home/travis/bui
ld/icyphy/ptII/lib/saxon8-dom.jar:/home/travis/build/icyphy/ptII/lib/chic.jar:/
home/travis/build/icyphy/ptII/lib/ptcolt.jar:/usr/lib/jvm/java-8-oracle/lib/too
ls.jar:/usr/lib/eclipse/plugins/org.eclipse.jdt.core_3.8.2.dist.jar:/usr/lib/ec
lipse/plugins/org.eclipse.core.runtime_3.8.0.dist.jar:/usr/lib/eclipse/plugins/
org.eclipse.osgi_3.8.1.dist.jar:/usr/lib/eclipse/plugins/org.eclipse.core.resou
rces_3.8.1.dist.jar:/usr/lib/eclipse/plugins/org.eclipse.equinox.common_3.6.100
.dist.jar:/usr/lib/eclipse/plugins/org.eclipse.core.jobs_3.5.200.dist.jar:/usr/
lib/eclipse/plugins/org.eclipse.core.contenttype_3.4.200.dist.jar:/usr/lib/ecli
pse/plugins/org.eclipse.equinox.preferences_3.5.0.dist.jar:/usr/lib/eclipse/plu
gins/org.eclipse.text_3.5.200.dist.jar:/usr/lib/eclipse/plugins/org.eclipse.ui.
workbench_3.8.1.dist.jar:/usr/lib/eclipse/plugins/org.eclipse.jface_3.8.0.dist.
jar:/usr/lib/eclipse/plugins/org.eclipse.swt_3.8.2.jar:/usr/lib/eclipse/plugins
/org.eclipse.jface.text_3.8.1.dist.jar:/usr/lib/eclipse/plugins/org.eclipse.ui.
workbench.texteditor_3.8.0.dist.jar:/usr/lib/eclipse/plugins/org.eclipse.ui.edi
tors_3.8.0.dist.jar:/usr/lib/eclipse/plugins/org.eclipse.core.commands_3.6.1.di
st.jar:/usr/lib/eclipse/plugins/org.eclipse.equinox.registry_3.5.200.dist.jar:/
usr/lib/eclipse/plugins/org.eclipse.ui.console_3.5.100.dist.jar:/usr/lib/eclips
e/plugins/org.eclipse.ui.forms_3.5.200.dist.jar:/usr/lib/eclipse/plugins/org.ec
lipse.ui.ide_3.8.1.dist.jar:/home/travis/build/icyphy/ptII/vendors/oracle/dbxml
.jar:/home/travis/build/icyphy/ptII/vendors/oracle/db.jar:/home/travis/build/ic
yphy/ptII/vendors/misc/itext/iText.jar:/home/travis/build/icyphy/ptII/lib/g4ltl
.jar:/home/travis/build/icyphy/ptII/lib/StructuralCoder.jar:/home/travis/build/
icyphy/ptII/lib/org-openide-util.jar:/home/travis/build/icyphy/ptII/lib/org-ope
nide-util-lookup.jar:/home/travis/build/icyphy/ptII/lib/org-netbeans-api-visual
.jar:/home/travis/build/icyphy/ptII/vendors/jai-1_1_2_01/lib/jai_core.jar:/home
/travis/build/icyphy/ptII/vendors/jai-1_1_2_01/lib/jai_codec.jar:/home/travis/b
uild/icyphy/ptII/lib/jcerti.jar:/home/travis/build/icyphy/ptII/lib/smack.jar:/h
ome/travis/build/icyphy/ptII/lib/smackx.jar:/home/travis/build/icyphy/ptII/lib/
jetty-all-8.1.5-v20120716.jar:/home/travis/build/icyphy/ptII/lib/javax.servlet-
api-3.0.1.jar:/home/travis/build/icyphy/ptII/lib/javax.mail.jar:/home/travis/bu
ild/icyphy/ptII/vendors/JMF-2.1.1e/lib/jmf.jar:/home/travis/build/icyphy/ptII/l
ib/jna-4.0.0-variadic.jar:/home/travis/build/icyphy/ptII/vendors/misc/joystick/
Joystick.jar:/home/travis/build/icyphy/ptII/lib/ptjacl.jar:/home/travis/build/i
cyphy/ptII/lib/jsoup-1.8.2.jar:/home/travis/build/icyphy/ptII/lib/junit-4.8.2.j
ar:/home/travis/build/icyphy/ptII/lib/JUnitParams-0.4.0.jar:/home/travis/build/
icyphy/ptII/ptolemy/actor/lib/excel/jxl.jar:/home/travis/build/icyphy/ptII/lib/
jython.jar:/home/travis/build/icyphy/ptII/lib/kieler.jar:/home/travis/build/icy
phy/ptII/vendors/opencv/share/OpenCV/java/opencv-341.jar:/home/travis/build/icy
phy/ptII/lib/oscP5.jar:/home/travis/build/icyphy/ptII/lib/nrjavaserial-3.11.0.d
evel.jar:/usr/share/java/j3dcore.jar:/usr/share/java/j3dutils.jar:/usr/share/ja
va/vecmath.jar:/home/travis/build/icyphy/ptII/ptolemy/distributed/jini/jar/jini
-core.jar:/home/travis/build/icyphy/ptII/ptolemy/distributed/jini/jar/jini-ext.
jar:/home/travis/build/icyphy/ptII/ptolemy/distributed/jini/jar/sun-util.jar:/h
ome/travis/build/icyphy/ptII/lib/protobuf-java-2.4.1.jar:/home/travis/build/icy
phy/ptII/lib/org.eclipse.paho.client.mqttv3.jar:/home/travis/build/icyphy/ptII/
ptserver/lib/hessian-4.0.7.jar:/home/travis/build/icyphy/ptII/ptserver/lib/wmqt
t.jar:/home/travis/build/icyphy/ptII/lib/mapss.jar:/home/travis/build/icyphy/pt
II/ptolemy/actor/ptalon/antlr/antlr.jar:/home/travis/build/icyphy/ptII/lib/JRI.
jar:/home/travis/build/icyphy/ptII/lib/commons-lang-2.6.jar:/home/travis/build/
icyphy/ptII/lib/commons-logging-1.1.1.jar:/home/travis/build/icyphy/ptII/lib/so
otclasses.jar:/home/travis/build/icyphy/ptII/ptolemy/actor/lib/database/mysql-c
onnector-java-5.1.6-bin.jar:/home/travis/build/icyphy/ptII/vendors/misc/sphinx4
/sphinx4-data-5prealpha.jar:/home/travis/build/icyphy/ptII/vendors/misc/sphinx4
/sphinx4-core-5prealpha.jar:/home/travis/build/icyphy/ptII/lib/PDFRenderer.jar:
/home/travis/build/icyphy/ptII/lib/svgSalamander.jar:/home/travis/build/icyphy/
ptII/lib/rsyntaxtextarea-2.6.0-SNAPSHOT.jar:/home/travis/build/icyphy/ptII/lib/
hazelcast-3.8.2.jar:/home/travis/build/icyphy/ptII/lib/jackson-annotations-2.9.
0.jar:/home/travis/build/icyphy/ptII/lib/jackson-core-2.9.3.jar:/home/travis/bu
ild/icyphy/ptII/lib/jackson-databind-2.9.3.jar:/home/travis/build/icyphy/ptII/l
ib/netty-buffer-4.1.19.Final.jar:/home/travis/build/icyphy/ptII/lib/netty-codec
-4.1.19.Final.jar:/home/travis/build/icyphy/ptII/lib/netty-codec-dns-4.1.19.Fin
al.jar:/home/travis/build/icyphy/ptII/lib/netty-codec-http-4.1.19.Final.jar:/ho
me/travis/build/icyphy/ptII/lib/netty-codec-http2-4.1.19.Final.jar:/home/travis
/build/icyphy/ptII/lib/netty-common-4.1.19.Final.jar:/home/travis/build/icyphy/
ptII/lib/netty-handler-4.1.19.Final.jar:/home/travis/build/icyphy/ptII/lib/nett
y-resolver-4.1.19.Final.jar:/home/travis/build/icyphy/ptII/lib/netty-resolver-d
ns-4.1.19.Final.jar:/home/travis/build/icyphy/ptII/lib/netty-transport-4.1.19.F
inal.jar:/home/travis/build/icyphy/ptII/lib/vertx-codegen-3.5.1.jar:/home/travi
s/build/icyphy/ptII/lib/vertx-core-3.5.2-SNAPSHOT.jar:/home/travis/build/icyphy
/ptII/lib/vertx-hazelcast-3.5.1.jar:/home/travis/build/icyphy/ptII/lib/vertx-la
ng-js-3.5.1.jar:/home/travis/build/icyphy/ptII/lib/vertx-service-proxy-3.5.1.ja
r:/home/travis/build/icyphy/ptII/lib/vertx-web-3.5.1.jar:/home/travis/build/icy
phy/ptII/lib/slf4j-api-1.7.13.jar:/home/travis/build/icyphy/ptII/lib/slf4j-simp
le-1.7.13.jar:/home/travis/build/icyphy/ptII/lib/webcam-capture-0.3.12.jar:/hom
e/travis/build/icyphy/ptII/lib/bridj-0.7.0.jar:/home/travis/build/icyphy/ptII/l
ib/xbjlib-1.1.0.nrjavaserial.jar:/home/travis/build/icyphy/ptII/ptolemy/moml/te
st:/home/travis/build/icyphy/ptII/ant/lib/ant-launcher.jar:/home/travis/build/i
cyphy/ptII/ant/lib/ant.jar:/home/travis/build/icyphy/ptII/ant/lib/ant-junit.jar
:/home/travis/build/icyphy/ptII/ant/lib/ant-junit4.jar:/home/travis/build/icyph
y/ptII ModularCodeGenTest_A1_profile.java
warning: Supported source version 'RELEASE_6' from annotation processor 'org.netbeans.modules.openide.util.NbBundleProcessor' less than -source '1.8'
warning: Supported source version 'RELEASE_6' from annotation processor 'org.netbeans.modules.openide.util.URLStreamHandlerRegistrationProcessor' less than -source '1.8'
warning: Supported source version 'RELEASE_6' from annotation processor 'org.netbeans.modules.openide.util.ServiceProviderProcessor' less than -source '1.8'
3 warnings
All Done
Writing ModularCodeGenTest_A1.java in file:/home/travis/cg/ (9968 characters)
Reading "ptolemy/cg/kernel/generic/program/procedural/java/modular/makefile.in",
    writing "/home/travis/cg/ModularCodeGenTest_A1.mk"
Using ptolemy/cg/kernel/generic/program/procedural/java/modular/makefile.in
In "/home/travis/cg", about to execute:
    make -f ModularCodeGenTest_A1.mk
javac -classpath ".:.."    ModularCodeGenTest_A1.java
All Done
4795 ms. Memory: 208896K Free: 153431K (73%)
06/01/18 09:06:17
Failed: 0  Total Tests: 3  ((Passed: 3, Newly Passed: 0)  Known Failed: 0) /home/travis/build/icyphy/ptII/ptolemy/cg/lib/test
No auto/knownFailedTests/*.xml tests in /home/travis/build/icyphy/ptII/ptolemy/cg/lib/test
No auto/linux-amd64/*.xml tests in /home/travis/build/icyphy/ptII/ptolemy/cg/lib/test
AutoTests.java: About to close Vertx.
AutoTests.java: Vertx closed.

===========================================================================================
----------------- testing Fri Jun 01 21:06:17 UTC 2018 /home/travis/build/icyphy/ptII/ptolemy/cg/lib/test/auto/CompiledCompositeActor.xml
----------------- Instantiating /home/travis/build/icyphy/ptII/ptolemy/cg/lib/test/auto/CompiledCompositeActor.xml
CompiledCompositeActor: Building shared object: The sharedObjectFile has a modification time that is earlier than the modelFile modification time.
Writing CompiledCompositeActor_CompiledCompositeActor.java in file:/home/travis/cg/ (13466 characters)
Reading "ptolemy/cg/kernel/generic/program/procedural/java/makefile.in",
    writing "/home/travis/cg/CompiledCompositeActor_CompiledCompositeActor.mk"
Using ptolemy/cg/kernel/generic/program/procedural/java/makefile.in
In "/home/travis/cg", about to execute:
    make -f CompiledCompositeActor_CompiledCompositeActor.mk
javac -classpath ".:."    CompiledCompositeActor_CompiledCompositeActor.java
All Done
1342 ms. Memory: 208896K Free: 84271K (40%)
----------------- Invoking toplevel() on ptolemy.moml.MoMLSimpleApplication@2fdacb21
----------------- Done invoking toplevel() on ptolemy.moml.MoMLSimpleApplication@2fdacb21
reloadAllAccessors: .CompiledCompositeActor

===========================================================================================
----------------- testing Fri Jun 01 21:06:18 UTC 2018 /home/travis/build/icyphy/ptII/ptolemy/cg/lib/test/auto/DECGClockRamp.xml
----------------- Instantiating /home/travis/build/icyphy/ptII/ptolemy/cg/lib/test/auto/DECGClockRamp.xml
16 ms. Memory: 203776K Free: 192285K (94%)
----------------- Invoking toplevel() on ptolemy.moml.MoMLSimpleApplication@79efaa27
----------------- Done invoking toplevel() on ptolemy.moml.MoMLSimpleApplication@79efaa27
reloadAllAccessors: .DECGClockRamp

===========================================================================================
----------------- testing Fri Jun 01 21:06:19 UTC 2018 /home/travis/build/icyphy/ptII/ptolemy/cg/lib/test/auto/DECGDelay.xml
----------------- Instantiating /home/travis/build/icyphy/ptII/ptolemy/cg/lib/test/auto/DECGDelay.xml
19 ms. Memory: 203776K Free: 183124K (90%)
----------------- Invoking toplevel() on ptolemy.moml.MoMLSimpleApplication@599417c
----------------- Done invoking toplevel() on ptolemy.moml.MoMLSimpleApplication@599417c
reloadAllAccessors: .DECGDelay

===========================================================================================
----------------- testing Fri Jun 01 21:06:19 UTC 2018 /home/travis/build/icyphy/ptII/ptolemy/cg/lib/test/auto/DECGHelloWorld.xml
----------------- Instantiating /home/travis/build/icyphy/ptII/ptolemy/cg/lib/test/auto/DECGHelloWorld.xml
3 ms. Memory: 203776K Free: 178765K (88%)
----------------- Invoking toplevel() on ptolemy.moml.MoMLSimpleApplication@11f34389
----------------- Done invoking toplevel() on ptolemy.moml.MoMLSimpleApplication@11f34389
reloadAllAccessors: .DECGHelloWorld

===========================================================================================
----------------- testing Fri Jun 01 21:06:19 UTC 2018 /home/travis/build/icyphy/ptII/ptolemy/cg/lib/test/auto/DECGHeterogeneous.xml
----------------- Instantiating /home/travis/build/icyphy/ptII/ptolemy/cg/lib/test/auto/DECGHeterogeneous.xml
33 ms. Memory: 203776K Free: 163417K (80%)
----------------- Invoking toplevel() on ptolemy.moml.MoMLSimpleApplication@41fededf
----------------- Done invoking toplevel() on ptolemy.moml.MoMLSimpleApplication@41fededf
reloadAllAccessors: .DECGHeterogeneous

===========================================================================================
----------------- testing Fri Jun 01 21:06:19 UTC 2018 /home/travis/build/icyphy/ptII/ptolemy/cg/lib/test/auto/DECGHeterogeneousMk2.xml
----------------- Instantiating /home/travis/build/icyphy/ptII/ptolemy/cg/lib/test/auto/DECGHeterogeneousMk2.xml
31 ms. Memory: 203776K Free: 147695K (72%)
----------------- Invoking toplevel() on ptolemy.moml.MoMLSimpleApplication@3a21eeb0
----------------- Done invoking toplevel() on ptolemy.moml.MoMLSimpleApplication@3a21eeb0
reloadAllAccessors: .DECGHeterogeneousMk2

===========================================================================================
----------------- testing Fri Jun 01 21:06:19 UTC 2018 /home/travis/build/icyphy/ptII/ptolemy/cg/lib/test/auto/DECGMath.xml
----------------- Instantiating /home/travis/build/icyphy/ptII/ptolemy/cg/lib/test/auto/DECGMath.xml
10 ms. Memory: 203776K Free: 140597K (69%)
----------------- Invoking toplevel() on ptolemy.moml.MoMLSimpleApplication@1b941841
----------------- Done invoking toplevel() on ptolemy.moml.MoMLSimpleApplication@1b941841
reloadAllAccessors: .DECGMath

===========================================================================================
----------------- testing Fri Jun 01 21:06:19 UTC 2018 /home/travis/build/icyphy/ptII/ptolemy/cg/lib/test/auto/DECGPi.xml
----------------- Instantiating /home/travis/build/icyphy/ptII/ptolemy/cg/lib/test/auto/DECGPi.xml
95 ms. Memory: 203776K Free: 126736K (62%)
----------------- Invoking toplevel() on ptolemy.moml.MoMLSimpleApplication@2adce586
----------------- Done invoking toplevel() on ptolemy.moml.MoMLSimpleApplication@2adce586
reloadAllAccessors: .DECGPi

===========================================================================================
----------------- testing Fri Jun 01 21:06:19 UTC 2018 /home/travis/build/icyphy/ptII/ptolemy/cg/lib/test/auto/DECGPiSquare.xml
----------------- Instantiating /home/travis/build/icyphy/ptII/ptolemy/cg/lib/test/auto/DECGPiSquare.xml
169 ms. Memory: 203776K Free: 112963K (55%)
----------------- Invoking toplevel() on ptolemy.moml.MoMLSimpleApplication@58072322
----------------- Done invoking toplevel() on ptolemy.moml.MoMLSimpleApplication@58072322
reloadAllAccessors: .DECGPiSquare

===========================================================================================
----------------- testing Fri Jun 01 21:06:19 UTC 2018 /home/travis/build/icyphy/ptII/ptolemy/cg/lib/test/auto/DECGPoisson.xml
----------------- Instantiating /home/travis/build/icyphy/ptII/ptolemy/cg/lib/test/auto/DECGPoisson.xml
3 ms. Memory: 203776K Free: 108603K (53%)
----------------- Invoking toplevel() on ptolemy.moml.MoMLSimpleApplication@31e6b5ef
----------------- Done invoking toplevel() on ptolemy.moml.MoMLSimpleApplication@31e6b5ef
reloadAllAccessors: .DECGPoisson

===========================================================================================
----------------- testing Fri Jun 01 21:06:20 UTC 2018 /home/travis/build/icyphy/ptII/ptolemy/cg/lib/test/auto/JavaCompiledCompositeActor5.xml
----------------- Instantiating /home/travis/build/icyphy/ptII/ptolemy/cg/lib/test/auto/JavaCompiledCompositeActor5.xml
CompiledCompositeActor: Building shared object: No effigy.  This can happen when CodeGenerator.generateCode() is called from within the test suite.  The code will be recompiled.
Writing CompiledCompositeActor_CompiledCompositeActor.java in file:/home/travis/cg/ (13466 characters)
Reading "ptolemy/cg/kernel/generic/program/procedural/java/makefile.in",
    writing "/home/travis/cg/CompiledCompositeActor_CompiledCompositeActor.mk"
Using ptolemy/cg/kernel/generic/program/procedural/java/makefile.in
In "/home/travis/cg", about to execute:
    make -f CompiledCompositeActor_CompiledCompositeActor.mk
javac -classpath ".:."    CompiledCompositeActor_CompiledCompositeActor.java
All Done
1007 ms. Memory: 272896K Free: 257963K (95%)
----------------- Invoking toplevel() on ptolemy.moml.MoMLSimpleApplication@730f316c
----------------- Done invoking toplevel() on ptolemy.moml.MoMLSimpleApplication@730f316c
reloadAllAccessors: .CompiledCompositeActor

===========================================================================================
----------------- testing Fri Jun 01 21:06:21 UTC 2018 /home/travis/build/icyphy/ptII/ptolemy/cg/lib/test/auto/JavaCompiledCompositeTest1.xml
----------------- Instantiating /home/travis/build/icyphy/ptII/ptolemy/cg/lib/test/auto/JavaCompiledCompositeTest1.xml
CompiledCompositeActor: Building shared object: The sharedObjectFile has a modification time that is earlier than the modelFile modification time.
Writing JavaCompiledCompositeTest1_CompiledCompositeActor.java in file:/home/travis/cg/ (11637 characters)
Reading "ptolemy/cg/kernel/generic/program/procedural/java/makefile.in",
    writing "/home/travis/cg/JavaCompiledCompositeTest1_CompiledCompositeActor.mk"
Using ptolemy/cg/kernel/generic/program/procedural/java/makefile.in
In "/home/travis/cg", about to execute:
    make -f JavaCompiledCompositeTest1_CompiledCompositeActor.mk
javac -classpath ".:."    JavaCompiledCompositeTest1_CompiledCompositeActor.java
All Done
993 ms. Memory: 272896K Free: 226189K (83%)
----------------- Invoking toplevel() on ptolemy.moml.MoMLSimpleApplication@2afd148f
----------------- Done invoking toplevel() on ptolemy.moml.MoMLSimpleApplication@2afd148f
reloadAllAccessors: .JavaCompiledCompositeTest1

===========================================================================================
----------------- testing Fri Jun 01 21:06:22 UTC 2018 /home/travis/build/icyphy/ptII/ptolemy/cg/lib/test/auto/JavaCompiledCompositeTest2.xml
----------------- Instantiating /home/travis/build/icyphy/ptII/ptolemy/cg/lib/test/auto/JavaCompiledCompositeTest2.xml
CompiledCompositeActor: Building shared object: The sharedObjectFile has a modification time that is earlier than the modelFile modification time.
Writing JavaCompiledCompositeTest2_CompiledCompositeActor.java in file:/home/travis/cg/ (14919 characters)
Reading "ptolemy/cg/kernel/generic/program/procedural/java/makefile.in",
    writing "/home/travis/cg/JavaCompiledCompositeTest2_CompiledCompositeActor.mk"
Using ptolemy/cg/kernel/generic/program/procedural/java/makefile.in
In "/home/travis/cg", about to execute:
    make -f JavaCompiledCompositeTest2_CompiledCompositeActor.mk
javac -classpath ".:."    JavaCompiledCompositeTest2_CompiledCompositeActor.java
All Done
953 ms. Memory: 272896K Free: 181576K (67%)
----------------- Invoking toplevel() on ptolemy.moml.MoMLSimpleApplication@3c3b3b39
----------------- Done invoking toplevel() on ptolemy.moml.MoMLSimpleApplication@3c3b3b39
reloadAllAccessors: .JavaCompiledCompositeTest2

===========================================================================================
----------------- testing Fri Jun 01 21:06:23 UTC 2018 /home/travis/build/icyphy/ptII/ptolemy/cg/lib/test/auto/JavaCompiledCompositeTest3.xml
----------------- Instantiating /home/travis/build/icyphy/ptII/ptolemy/cg/lib/test/auto/JavaCompiledCompositeTest3.xml
CompiledCompositeActor: Building shared object: The sharedObjectFile has a modification time that is earlier than the modelFile modification time.
Writing JavaCompiledCompositeTest3_CompiledCompositeActor.java in file:/home/travis/cg/ (13080 characters)
Reading "ptolemy/cg/kernel/generic/program/procedural/java/makefile.in",
    writing "/home/travis/cg/JavaCompiledCompositeTest3_CompiledCompositeActor.mk"
Using ptolemy/cg/kernel/generic/program/procedural/java/makefile.in
In "/home/travis/cg", about to execute:
    make -f JavaCompiledCompositeTest3_CompiledCompositeActor.mk
javac -classpath ".:."    JavaCompiledCompositeTest3_CompiledCompositeActor.java
All Done
969 ms. Memory: 272896K Free: 147292K (54%)
----------------- Invoking toplevel() on ptolemy.moml.MoMLSimpleApplication@2a6e93f8
----------------- Done invoking toplevel() on ptolemy.moml.MoMLSimpleApplication@2a6e93f8
reloadAllAccessors: .JavaCompiledCompositeTest3

===========================================================================================
----------------- testing Fri Jun 01 21:06:24 UTC 2018 /home/travis/build/icyphy/ptII/ptolemy/cg/lib/test/auto/JavaCompiledCompositeTest4.xml
----------------- Instantiating /home/travis/build/icyphy/ptII/ptolemy/cg/lib/test/auto/JavaCompiledCompositeTest4.xml
CompiledCompositeActor: Building shared object: The sharedObjectFile has a modification time that is earlier than the modelFile modification time.
Writing JavaCompiledCompositeTest4_CompiledCompositeActor.java in file:/home/travis/cg/ (9687 characters)
Reading "ptolemy/cg/kernel/generic/program/procedural/java/makefile.in",
    writing "/home/travis/cg/JavaCompiledCompositeTest4_CompiledCompositeActor.mk"
Using ptolemy/cg/kernel/generic/program/procedural/java/makefile.in
In "/home/travis/cg", about to execute:
    make -f JavaCompiledCompositeTest4_CompiledCompositeActor.mk
javac -classpath ".:."    JavaCompiledCompositeTest4_CompiledCompositeActor.java
All Done
1321 ms. Memory: 272896K Free: 122225K (45%)
----------------- Invoking toplevel() on ptolemy.moml.MoMLSimpleApplication@340341a3
----------------- Done invoking toplevel() on ptolemy.moml.MoMLSimpleApplication@340341a3
reloadAllAccessors: .JavaCompiledCompositeTest4

===========================================================================================
----------------- testing Fri Jun 01 21:06:25 UTC 2018 /home/travis/build/icyphy/ptII/ptolemy/cg/lib/test/auto/ModularCG.xml
----------------- Instantiating /home/travis/build/icyphy/ptII/ptolemy/cg/lib/test/auto/ModularCG.xml
In "/home/travis/cg", about to execute:
    pwd
In "/home/travis/cg", about to execute:
    ls -l
/home/travis/cg
In "/home/travis/cg", about to execute:
    javac -classpath
.:/home/travis/build/icyphy/ptII:/home/travis/build/icyphy/ptII/lib/bsh-2.0b4.j
ar:/home/travis/build/icyphy/ptII/lib/ptCal.jar:/home/travis/build/icyphy/ptII/
lib/java_cup.jar:/home/travis/build/icyphy/ptII/lib/saxon8.jar:/home/travis/bui
ld/icyphy/ptII/lib/saxon8-dom.jar:/home/travis/build/icyphy/ptII/lib/chic.jar:/
home/travis/build/icyphy/ptII/lib/ptcolt.jar:/usr/lib/jvm/java-8-oracle/lib/too
ls.jar:/usr/lib/eclipse/plugins/org.eclipse.jdt.core_3.8.2.dist.jar:/usr/lib/ec
lipse/plugins/org.eclipse.core.runtime_3.8.0.dist.jar:/usr/lib/eclipse/plugins/
org.eclipse.osgi_3.8.1.dist.jar:/usr/lib/eclipse/plugins/org.eclipse.core.resou
rces_3.8.1.dist.jar:/usr/lib/eclipse/plugins/org.eclipse.equinox.common_3.6.100
.dist.jar:/usr/lib/eclipse/plugins/org.eclipse.core.jobs_3.5.200.dist.jar:/usr/
lib/eclipse/plugins/org.eclipse.core.contenttype_3.4.200.dist.jar:/usr/lib/ecli
pse/plugins/org.eclipse.equinox.preferences_3.5.0.dist.jar:/usr/lib/eclipse/plu
gins/org.eclipse.text_3.5.200.dist.jar:/usr/lib/eclipse/plugins/org.eclipse.ui.
workbench_3.8.1.dist.jar:/usr/lib/eclipse/plugins/org.eclipse.jface_3.8.0.dist.
jar:/usr/lib/eclipse/plugins/org.eclipse.swt_3.8.2.jar:/usr/lib/eclipse/plugins
/org.eclipse.jface.text_3.8.1.dist.jar:/usr/lib/eclipse/plugins/org.eclipse.ui.
workbench.texteditor_3.8.0.dist.jar:/usr/lib/eclipse/plugins/org.eclipse.ui.edi
tors_3.8.0.dist.jar:/usr/lib/eclipse/plugins/org.eclipse.core.commands_3.6.1.di
st.jar:/usr/lib/eclipse/plugins/org.eclipse.equinox.registry_3.5.200.dist.jar:/
usr/lib/eclipse/plugins/org.eclipse.ui.console_3.5.100.dist.jar:/usr/lib/eclips
e/plugins/org.eclipse.ui.forms_3.5.200.dist.jar:/usr/lib/eclipse/plugins/org.ec
lipse.ui.ide_3.8.1.dist.jar:/home/travis/build/icyphy/ptII/vendors/oracle/dbxml
.jar:/home/travis/build/icyphy/ptII/vendors/oracle/db.jar:/home/travis/build/ic
yphy/ptII/vendors/misc/itext/iText.jar:/home/travis/build/icyphy/ptII/lib/g4ltl
.jar:/home/travis/build/icyphy/ptII/lib/StructuralCoder.jar:/home/travis/build/
icyphy/ptII/lib/org-openide-util.jar:/home/travis/build/icyphy/ptII/lib/org-ope
nide-util-lookup.jar:/home/travis/build/icyphy/ptII/lib/org-netbeans-api-visual
.jar:/home/travis/build/icyphy/ptII/vendors/jai-1_1_2_01/lib/jai_core.jar:/home
/travis/build/icyphy/ptII/vendors/jai-1_1_2_01/lib/jai_codec.jar:/home/travis/b
uild/icyphy/ptII/lib/jcerti.jar:/home/travis/build/icyphy/ptII/lib/smack.jar:/h
ome/travis/build/icyphy/ptII/lib/smackx.jar:/home/travis/build/icyphy/ptII/lib/
jetty-all-8.1.5-v20120716.jar:/home/travis/build/icyphy/ptII/lib/javax.servlet-
api-3.0.1.jar:/home/travis/build/icyphy/ptII/lib/javax.mail.jar:/home/travis/bu
ild/icyphy/ptII/vendors/JMF-2.1.1e/lib/jmf.jar:/home/travis/build/icyphy/ptII/l
ib/jna-4.0.0-variadic.jar:/home/travis/build/icyphy/ptII/vendors/misc/joystick/
Joystick.jar:/home/travis/build/icyphy/ptII/lib/ptjacl.jar:/home/travis/build/i
cyphy/ptII/lib/jsoup-1.8.2.jar:/home/travis/build/icyphy/ptII/lib/junit-4.8.2.j
ar:/home/travis/build/icyphy/ptII/lib/JUnitParams-0.4.0.jar:/home/travis/build/
icyphy/ptII/ptolemy/actor/lib/excel/jxl.jar:/home/travis/build/icyphy/ptII/lib/
jython.jar:/home/travis/build/icyphy/ptII/lib/kieler.jar:/home/travis/build/icy
phy/ptII/vendors/opencv/share/OpenCV/java/opencv-341.jar:/home/travis/build/icy
phy/ptII/lib/oscP5.jar:/home/travis/build/icyphy/ptII/lib/nrjavaserial-3.11.0.d
evel.jar:/usr/share/java/j3dcore.jar:/usr/share/java/j3dutils.jar:/usr/share/ja
va/vecmath.jar:/home/travis/build/icyphy/ptII/ptolemy/distributed/jini/jar/jini
-core.jar:/home/travis/build/icyphy/ptII/ptolemy/distributed/jini/jar/jini-ext.
jar:/home/travis/build/icyphy/ptII/ptolemy/distributed/jini/jar/sun-util.jar:/h
ome/travis/build/icyphy/ptII/lib/protobuf-java-2.4.1.jar:/home/travis/build/icy
phy/ptII/lib/org.eclipse.paho.client.mqttv3.jar:/home/travis/build/icyphy/ptII/
ptserver/lib/hessian-4.0.7.jar:/home/travis/build/icyphy/ptII/ptserver/lib/wmqt
t.jar:/home/travis/build/icyphy/ptII/lib/mapss.jar:/home/travis/build/icyphy/pt
II/ptolemy/actor/ptalon/antlr/antlr.jar:/home/travis/build/icyphy/ptII/lib/JRI.
jar:/home/travis/build/icyphy/ptII/lib/commons-lang-2.6.jar:/home/travis/build/
icyphy/ptII/lib/commons-logging-1.1.1.jar:/home/travis/build/icyphy/ptII/lib/so
otclasses.jar:/home/travis/build/icyphy/ptII/ptolemy/actor/lib/database/mysql-c
onnector-java-5.1.6-bin.jar:/home/travis/build/icyphy/ptII/vendors/misc/sphinx4
/sphinx4-data-5prealpha.jar:/home/travis/build/icyphy/ptII/vendors/misc/sphinx4
/sphinx4-core-5prealpha.jar:/home/travis/build/icyphy/ptII/lib/PDFRenderer.jar:
/home/travis/build/icyphy/ptII/lib/svgSalamander.jar:/home/travis/build/icyphy/
ptII/lib/rsyntaxtextarea-2.6.0-SNAPSHOT.jar:/home/travis/build/icyphy/ptII/lib/
hazelcast-3.8.2.jar:/home/travis/build/icyphy/ptII/lib/jackson-annotations-2.9.
0.jar:/home/travis/build/icyphy/ptII/lib/jackson-core-2.9.3.jar:/home/travis/bu
ild/icyphy/ptII/lib/jackson-databind-2.9.3.jar:/home/travis/build/icyphy/ptII/l
ib/netty-buffer-4.1.19.Final.jar:/home/travis/build/icyphy/ptII/lib/netty-codec
-4.1.19.Final.jar:/home/travis/build/icyphy/ptII/lib/netty-codec-dns-4.1.19.Fin
al.jar:/home/travis/build/icyphy/ptII/lib/netty-codec-http-4.1.19.Final.jar:/ho
me/travis/build/icyphy/ptII/lib/netty-codec-http2-4.1.19.Final.jar:/home/travis
/build/icyphy/ptII/lib/netty-common-4.1.19.Final.jar:/home/travis/build/icyphy/
ptII/lib/netty-handler-4.1.19.Final.jar:/home/travis/build/icyphy/ptII/lib/nett
y-resolver-4.1.19.Final.jar:/home/travis/build/icyphy/ptII/lib/netty-resolver-d
ns-4.1.19.Final.jar:/home/travis/build/icyphy/ptII/lib/netty-transport-4.1.19.F
inal.jar:/home/travis/build/icyphy/ptII/lib/vertx-codegen-3.5.1.jar:/home/travi
s/build/icyphy/ptII/lib/vertx-core-3.5.2-SNAPSHOT.jar:/home/travis/build/icyphy
/ptII/lib/vertx-hazelcast-3.5.1.jar:/home/travis/build/icyphy/ptII/lib/vertx-la
ng-js-3.5.1.jar:/home/travis/build/icyphy/ptII/lib/vertx-service-proxy-3.5.1.ja
r:/home/travis/build/icyphy/ptII/lib/vertx-web-3.5.1.jar:/home/travis/build/icy
phy/ptII/lib/slf4j-api-1.7.13.jar:/home/travis/build/icyphy/ptII/lib/slf4j-simp
le-1.7.13.jar:/home/travis/build/icyphy/ptII/lib/webcam-capture-0.3.12.jar:/hom
e/travis/build/icyphy/ptII/lib/bridj-0.7.0.jar:/home/travis/build/icyphy/ptII/l
ib/xbjlib-1.1.0.nrjavaserial.jar:/home/travis/build/icyphy/ptII/ptolemy/moml/te
st:/home/travis/build/icyphy/ptII/ant/lib/ant-launcher.jar:/home/travis/build/i
cyphy/ptII/ant/lib/ant.jar:/home/travis/build/icyphy/ptII/ant/lib/ant-junit.jar
:/home/travis/build/icyphy/ptII/ant/lib/ant-junit4.jar:/home/travis/build/icyph
y/ptII ModularCG_A1_B1_profile.java
total 216
-rw-rw-r-- 1 travis travis  4895 Jun  1 21:06 CompiledCompositeActor_CompiledCompositeActor.class
-rw-rw-r-- 1 travis travis  1592 Jun  1 21:06 CompiledCompositeActor_CompiledCompositeActor$_CompiledCompositeActor_CompiledCompositeActor.class
-rw-rw-r-- 1 travis travis 13466 Jun  1 21:06 CompiledCompositeActor_CompiledCompositeActor.java
-rw-rw-r-- 1 travis travis  1593 Jun  1 21:06 CompiledCompositeActor_CompiledCompositeActor.mk
-rw-rw-r-- 1 travis travis  4457 Jun  1 21:06 JavaCompiledCompositeTest1_CompiledCompositeActor.class
-rw-rw-r-- 1 travis travis 11637 Jun  1 21:06 JavaCompiledCompositeTest1_CompiledCompositeActor.java
-rw-rw-r-- 1 travis travis  1198 Jun  1 21:06 JavaCompiledCompositeTest1_CompiledCompositeActor$_JavaCompiledCompositeTest1_CompiledCompositeActor.class
-rw-rw-r-- 1 travis travis  1625 Jun  1 21:06 JavaCompiledCompositeTest1_CompiledCompositeActor.mk
-rw-rw-r-- 1 travis travis  4888 Jun  1 21:06 JavaCompiledCompositeTest2_CompiledCompositeActor.class
-rw-rw-r-- 1 travis travis 14919 Jun  1 21:06 JavaCompiledCompositeTest2_CompiledCompositeActor.java
-rw-rw-r-- 1 travis travis  1793 Jun  1 21:06 JavaCompiledCompositeTest2_CompiledCompositeActor$_JavaCompiledCompositeTest2_CompiledCompositeActor.class
-rw-rw-r-- 1 travis travis  1625 Jun  1 21:06 JavaCompiledCompositeTest2_CompiledCompositeActor.mk
-rw-rw-r-- 1 travis travis  4505 Jun  1 21:06 JavaCompiledCompositeTest3_CompiledCompositeActor.class
-rw-rw-r-- 1 travis travis 13080 Jun  1 21:06 JavaCompiledCompositeTest3_CompiledCompositeActor.java
-rw-rw-r-- 1 travis travis  1378 Jun  1 21:06 JavaCompiledCompositeTest3_CompiledCompositeActor$_JavaCompiledCompositeTest3_CompiledCompositeActor.class
-rw-rw-r-- 1 travis travis  1625 Jun  1 21:06 JavaCompiledCompositeTest3_CompiledCompositeActor.mk
-rw-rw-r-- 1 travis travis  3953 Jun  1 21:06 JavaCompiledCompositeTest4_CompiledCompositeActor.class
-rw-rw-r-- 1 travis travis  9687 Jun  1 21:06 JavaCompiledCompositeTest4_CompiledCompositeActor.java
-rw-rw-r-- 1 travis travis   857 Jun  1 21:06 JavaCompiledCompositeTest4_CompiledCompositeActor$_JavaCompiledCompositeTest4_CompiledCompositeActor.class
-rw-rw-r-- 1 travis travis  1625 Jun  1 21:06 JavaCompiledCompositeTest4_CompiledCompositeActor.mk
-rw-rw-r-- 1 travis travis  1262 Jun  1 21:06 ModularCG_A1_B1_profile.java
-rw-rw-r-- 1 travis travis  3492 Jun  1 21:06 ModularCodeGenTest_A1_A2.class
-rw-rw-r-- 1 travis travis  9164 Jun  1 21:06 ModularCodeGenTest_A1_A2.java
-rw-rw-r-- 1 travis travis   904 Jun  1 21:06 ModularCodeGenTest_A1_A2.mk
-rw-rw-r-- 1 travis travis  1306 Jun  1 21:06 ModularCodeGenTest_A1_A2_profile.class
-rw-rw-r-- 1 travis travis  1228 Jun  1 21:06 ModularCodeGenTest_A1_A2_profile.java
-rw-rw-r-- 1 travis travis  3823 Jun  1 21:06 ModularCodeGenTest_A1.class
-rw-rw-r-- 1 travis travis  9968 Jun  1 21:06 ModularCodeGenTest_A1.java
-rw-rw-r-- 1 travis travis   880 Jun  1 21:06 ModularCodeGenTest_A1.mk
-rw-rw-r-- 1 travis travis  1352 Jun  1 21:06 ModularCodeGenTest_A1_profile.class
-rw-rw-r-- 1 travis travis  1394 Jun  1 21:06 ModularCodeGenTest_A1_profile.java
-rw-rw-r-- 1 travis travis   432 Jun  1 21:06 Token.class
-rw-rw-r-- 1 travis travis   251 Jun  1 21:06 Token.java
warning: Supported source version 'RELEASE_6' from annotation processor 'org.netbeans.modules.openide.util.NbBundleProcessor' less than -source '1.8'
warning: Supported source version 'RELEASE_6' from annotation processor 'org.netbeans.modules.openide.util.URLStreamHandlerRegistrationProcessor' less than -source '1.8'
warning: Supported source version 'RELEASE_6' from annotation processor 'org.netbeans.modules.openide.util.ServiceProviderProcessor' less than -source '1.8'
3 warnings
All Done
Writing ModularCG_A1_B1.java in file:/home/travis/cg/ (9730 characters)
Reading "ptolemy/cg/kernel/generic/program/procedural/java/modular/makefile.in",
    writing "/home/travis/cg/ModularCG_A1_B1.mk"
Using ptolemy/cg/kernel/generic/program/procedural/java/modular/makefile.in
In "/home/travis/cg", about to execute:
    make -f ModularCG_A1_B1.mk
javac -classpath ".:.."    ModularCG_A1_B1.java
All Done
In "/home/travis/cg", about to execute:
    pwd
In "/home/travis/cg", about to execute:
    ls -l
/home/travis/cg
In "/home/travis/cg", about to execute:
    javac -classpath
.:/home/travis/build/icyphy/ptII:/home/travis/build/icyphy/ptII/lib/bsh-2.0b4.j
ar:/home/travis/build/icyphy/ptII/lib/ptCal.jar:/home/travis/build/icyphy/ptII/
lib/java_cup.jar:/home/travis/build/icyphy/ptII/lib/saxon8.jar:/home/travis/bui
ld/icyphy/ptII/lib/saxon8-dom.jar:/home/travis/build/icyphy/ptII/lib/chic.jar:/
home/travis/build/icyphy/ptII/lib/ptcolt.jar:/usr/lib/jvm/java-8-oracle/lib/too
ls.jar:/usr/lib/eclipse/plugins/org.eclipse.jdt.core_3.8.2.dist.jar:/usr/lib/ec
lipse/plugins/org.eclipse.core.runtime_3.8.0.dist.jar:/usr/lib/eclipse/plugins/
org.eclipse.osgi_3.8.1.dist.jar:/usr/lib/eclipse/plugins/org.eclipse.core.resou
rces_3.8.1.dist.jar:/usr/lib/eclipse/plugins/org.eclipse.equinox.common_3.6.100
.dist.jar:/usr/lib/eclipse/plugins/org.eclipse.core.jobs_3.5.200.dist.jar:/usr/
lib/eclipse/plugins/org.eclipse.core.contenttype_3.4.200.dist.jar:/usr/lib/ecli
pse/plugins/org.eclipse.equinox.preferences_3.5.0.dist.jar:/usr/lib/eclipse/plu
gins/org.eclipse.text_3.5.200.dist.jar:/usr/lib/eclipse/plugins/org.eclipse.ui.
workbench_3.8.1.dist.jar:/usr/lib/eclipse/plugins/org.eclipse.jface_3.8.0.dist.
jar:/usr/lib/eclipse/plugins/org.eclipse.swt_3.8.2.jar:/usr/lib/eclipse/plugins
/org.eclipse.jface.text_3.8.1.dist.jar:/usr/lib/eclipse/plugins/org.eclipse.ui.
workbench.texteditor_3.8.0.dist.jar:/usr/lib/eclipse/plugins/org.eclipse.ui.edi
tors_3.8.0.dist.jar:/usr/lib/eclipse/plugins/org.eclipse.core.commands_3.6.1.di
st.jar:/usr/lib/eclipse/plugins/org.eclipse.equinox.registry_3.5.200.dist.jar:/
usr/lib/eclipse/plugins/org.eclipse.ui.console_3.5.100.dist.jar:/usr/lib/eclips
e/plugins/org.eclipse.ui.forms_3.5.200.dist.jar:/usr/lib/eclipse/plugins/org.ec
lipse.ui.ide_3.8.1.dist.jar:/home/travis/build/icyphy/ptII/vendors/oracle/dbxml
.jar:/home/travis/build/icyphy/ptII/vendors/oracle/db.jar:/home/travis/build/ic
yphy/ptII/vendors/misc/itext/iText.jar:/home/travis/build/icyphy/ptII/lib/g4ltl
.jar:/home/travis/build/icyphy/ptII/lib/StructuralCoder.jar:/home/travis/build/
icyphy/ptII/lib/org-openide-util.jar:/home/travis/build/icyphy/ptII/lib/org-ope
nide-util-lookup.jar:/home/travis/build/icyphy/ptII/lib/org-netbeans-api-visual
.jar:/home/travis/build/icyphy/ptII/vendors/jai-1_1_2_01/lib/jai_core.jar:/home
/travis/build/icyphy/ptII/vendors/jai-1_1_2_01/lib/jai_codec.jar:/home/travis/b
uild/icyphy/ptII/lib/jcerti.jar:/home/travis/build/icyphy/ptII/lib/smack.jar:/h
ome/travis/build/icyphy/ptII/lib/smackx.jar:/home/travis/build/icyphy/ptII/lib/
jetty-all-8.1.5-v20120716.jar:/home/travis/build/icyphy/ptII/lib/javax.servlet-
api-3.0.1.jar:/home/travis/build/icyphy/ptII/lib/javax.mail.jar:/home/travis/bu
ild/icyphy/ptII/vendors/JMF-2.1.1e/lib/jmf.jar:/home/travis/build/icyphy/ptII/l
ib/jna-4.0.0-variadic.jar:/home/travis/build/icyphy/ptII/vendors/misc/joystick/
Joystick.jar:/home/travis/build/icyphy/ptII/lib/ptjacl.jar:/home/travis/build/i
cyphy/ptII/lib/jsoup-1.8.2.jar:/home/travis/build/icyphy/ptII/lib/junit-4.8.2.j
ar:/home/travis/build/icyphy/ptII/lib/JUnitParams-0.4.0.jar:/home/travis/build/
icyphy/ptII/ptolemy/actor/lib/excel/jxl.jar:/home/travis/build/icyphy/ptII/lib/
jython.jar:/home/travis/build/icyphy/ptII/lib/kieler.jar:/home/travis/build/icy
phy/ptII/vendors/opencv/share/OpenCV/java/opencv-341.jar:/home/travis/build/icy
phy/ptII/lib/oscP5.jar:/home/travis/build/icyphy/ptII/lib/nrjavaserial-3.11.0.d
evel.jar:/usr/share/java/j3dcore.jar:/usr/share/java/j3dutils.jar:/usr/share/ja
va/vecmath.jar:/home/travis/build/icyphy/ptII/ptolemy/distributed/jini/jar/jini
-core.jar:/home/travis/build/icyphy/ptII/ptolemy/distributed/jini/jar/jini-ext.
jar:/home/travis/build/icyphy/ptII/ptolemy/distributed/jini/jar/sun-util.jar:/h
ome/travis/build/icyphy/ptII/lib/protobuf-java-2.4.1.jar:/home/travis/build/icy
phy/ptII/lib/org.eclipse.paho.client.mqttv3.jar:/home/travis/build/icyphy/ptII/
ptserver/lib/hessian-4.0.7.jar:/home/travis/build/icyphy/ptII/ptserver/lib/wmqt
t.jar:/home/travis/build/icyphy/ptII/lib/mapss.jar:/home/travis/build/icyphy/pt
II/ptolemy/actor/ptalon/antlr/antlr.jar:/home/travis/build/icyphy/ptII/lib/JRI.
jar:/home/travis/build/icyphy/ptII/lib/commons-lang-2.6.jar:/home/travis/build/
icyphy/ptII/lib/commons-logging-1.1.1.jar:/home/travis/build/icyphy/ptII/lib/so
otclasses.jar:/home/travis/build/icyphy/ptII/ptolemy/actor/lib/database/mysql-c
onnector-java-5.1.6-bin.jar:/home/travis/build/icyphy/ptII/vendors/misc/sphinx4
/sphinx4-data-5prealpha.jar:/home/travis/build/icyphy/ptII/vendors/misc/sphinx4
/sphinx4-core-5prealpha.jar:/home/travis/build/icyphy/ptII/lib/PDFRenderer.jar:
/home/travis/build/icyphy/ptII/lib/svgSalamander.jar:/home/travis/build/icyphy/
ptII/lib/rsyntaxtextarea-2.6.0-SNAPSHOT.jar:/home/travis/build/icyphy/ptII/lib/
hazelcast-3.8.2.jar:/home/travis/build/icyphy/ptII/lib/jackson-annotations-2.9.
0.jar:/home/travis/build/icyphy/ptII/lib/jackson-core-2.9.3.jar:/home/travis/bu
ild/icyphy/ptII/lib/jackson-databind-2.9.3.jar:/home/travis/build/icyphy/ptII/l
ib/netty-buffer-4.1.19.Final.jar:/home/travis/build/icyphy/ptII/lib/netty-codec
-4.1.19.Final.jar:/home/travis/build/icyphy/ptII/lib/netty-codec-dns-4.1.19.Fin
al.jar:/home/travis/build/icyphy/ptII/lib/netty-codec-http-4.1.19.Final.jar:/ho
me/travis/build/icyphy/ptII/lib/netty-codec-http2-4.1.19.Final.jar:/home/travis
/build/icyphy/ptII/lib/netty-common-4.1.19.Final.jar:/home/travis/build/icyphy/
ptII/lib/netty-handler-4.1.19.Final.jar:/home/travis/build/icyphy/ptII/lib/nett
y-resolver-4.1.19.Final.jar:/home/travis/build/icyphy/ptII/lib/netty-resolver-d
ns-4.1.19.Final.jar:/home/travis/build/icyphy/ptII/lib/netty-transport-4.1.19.F
inal.jar:/home/travis/build/icyphy/ptII/lib/vertx-codegen-3.5.1.jar:/home/travi
s/build/icyphy/ptII/lib/vertx-core-3.5.2-SNAPSHOT.jar:/home/travis/build/icyphy
/ptII/lib/vertx-hazelcast-3.5.1.jar:/home/travis/build/icyphy/ptII/lib/vertx-la
ng-js-3.5.1.jar:/home/travis/build/icyphy/ptII/lib/vertx-service-proxy-3.5.1.ja
r:/home/travis/build/icyphy/ptII/lib/vertx-web-3.5.1.jar:/home/travis/build/icy
phy/ptII/lib/slf4j-api-1.7.13.jar:/home/travis/build/icyphy/ptII/lib/slf4j-simp
le-1.7.13.jar:/home/travis/build/icyphy/ptII/lib/webcam-capture-0.3.12.jar:/hom
e/travis/build/icyphy/ptII/lib/bridj-0.7.0.jar:/home/travis/build/icyphy/ptII/l
ib/xbjlib-1.1.0.nrjavaserial.jar:/home/travis/build/icyphy/ptII/ptolemy/moml/te
st:/home/travis/build/icyphy/ptII/ant/lib/ant-launcher.jar:/home/travis/build/i
cyphy/ptII/ant/lib/ant.jar:/home/travis/build/icyphy/ptII/ant/lib/ant-junit.jar
:/home/travis/build/icyphy/ptII/ant/lib/ant-junit4.jar:/home/travis/build/icyph
y/ptII ModularCG_A1_B2_profile.java
total 244
-rw-rw-r-- 1 travis travis  4895 Jun  1 21:06 CompiledCompositeActor_CompiledCompositeActor.class
-rw-rw-r-- 1 travis travis  1592 Jun  1 21:06 CompiledCompositeActor_CompiledCompositeActor$_CompiledCompositeActor_CompiledCompositeActor.class
-rw-rw-r-- 1 travis travis 13466 Jun  1 21:06 CompiledCompositeActor_CompiledCompositeActor.java
-rw-rw-r-- 1 travis travis  1593 Jun  1 21:06 CompiledCompositeActor_CompiledCompositeActor.mk
-rw-rw-r-- 1 travis travis  4457 Jun  1 21:06 JavaCompiledCompositeTest1_CompiledCompositeActor.class
-rw-rw-r-- 1 travis travis 11637 Jun  1 21:06 JavaCompiledCompositeTest1_CompiledCompositeActor.java
-rw-rw-r-- 1 travis travis  1198 Jun  1 21:06 JavaCompiledCompositeTest1_CompiledCompositeActor$_JavaCompiledCompositeTest1_CompiledCompositeActor.class
-rw-rw-r-- 1 travis travis  1625 Jun  1 21:06 JavaCompiledCompositeTest1_CompiledCompositeActor.mk
-rw-rw-r-- 1 travis travis  4888 Jun  1 21:06 JavaCompiledCompositeTest2_CompiledCompositeActor.class
-rw-rw-r-- 1 travis travis 14919 Jun  1 21:06 JavaCompiledCompositeTest2_CompiledCompositeActor.java
-rw-rw-r-- 1 travis travis  1793 Jun  1 21:06 JavaCompiledCompositeTest2_CompiledCompositeActor$_JavaCompiledCompositeTest2_CompiledCompositeActor.class
-rw-rw-r-- 1 travis travis  1625 Jun  1 21:06 JavaCompiledCompositeTest2_CompiledCompositeActor.mk
-rw-rw-r-- 1 travis travis  4505 Jun  1 21:06 JavaCompiledCompositeTest3_CompiledCompositeActor.class
-rw-rw-r-- 1 travis travis 13080 Jun  1 21:06 JavaCompiledCompositeTest3_CompiledCompositeActor.java
-rw-rw-r-- 1 travis travis  1378 Jun  1 21:06 JavaCompiledCompositeTest3_CompiledCompositeActor$_JavaCompiledCompositeTest3_CompiledCompositeActor.class
-rw-rw-r-- 1 travis travis  1625 Jun  1 21:06 JavaCompiledCompositeTest3_CompiledCompositeActor.mk
-rw-rw-r-- 1 travis travis  3953 Jun  1 21:06 JavaCompiledCompositeTest4_CompiledCompositeActor.class
-rw-rw-r-- 1 travis travis  9687 Jun  1 21:06 JavaCompiledCompositeTest4_CompiledCompositeActor.java
-rw-rw-r-- 1 travis travis   857 Jun  1 21:06 JavaCompiledCompositeTest4_CompiledCompositeActor$_JavaCompiledCompositeTest4_CompiledCompositeActor.class
-rw-rw-r-- 1 travis travis  1625 Jun  1 21:06 JavaCompiledCompositeTest4_CompiledCompositeActor.mk
-rw-rw-r-- 1 travis travis  3693 Jun  1 21:06 ModularCG_A1_B1.class
-rw-rw-r-- 1 travis travis  9730 Jun  1 21:06 ModularCG_A1_B1.java
-rw-rw-r-- 1 travis travis   832 Jun  1 21:06 ModularCG_A1_B1.mk
-rw-rw-r-- 1 travis travis  1318 Jun  1 21:06 ModularCG_A1_B1_profile.class
-rw-rw-r-- 1 travis travis  1262 Jun  1 21:06 ModularCG_A1_B1_profile.java
-rw-rw-r-- 1 travis travis  1262 Jun  1 21:06 ModularCG_A1_B2_profile.java
-rw-rw-r-- 1 travis travis  3492 Jun  1 21:06 ModularCodeGenTest_A1_A2.class
-rw-rw-r-- 1 travis travis  9164 Jun  1 21:06 ModularCodeGenTest_A1_A2.java
-rw-rw-r-- 1 travis travis   904 Jun  1 21:06 ModularCodeGenTest_A1_A2.mk
-rw-rw-r-- 1 travis travis  1306 Jun  1 21:06 ModularCodeGenTest_A1_A2_profile.class
-rw-rw-r-- 1 travis travis  1228 Jun  1 21:06 ModularCodeGenTest_A1_A2_profile.java
-rw-rw-r-- 1 travis travis  3823 Jun  1 21:06 ModularCodeGenTest_A1.class
-rw-rw-r-- 1 travis travis  9968 Jun  1 21:06 ModularCodeGenTest_A1.java
-rw-rw-r-- 1 travis travis   880 Jun  1 21:06 ModularCodeGenTest_A1.mk
-rw-rw-r-- 1 travis travis  1352 Jun  1 21:06 ModularCodeGenTest_A1_profile.class
-rw-rw-r-- 1 travis travis  1394 Jun  1 21:06 ModularCodeGenTest_A1_profile.java
-rw-rw-r-- 1 travis travis   432 Jun  1 21:06 Token.class
-rw-rw-r-- 1 travis travis   251 Jun  1 21:06 Token.java
warning: Supported source version 'RELEASE_6' from annotation processor 'org.netbeans.modules.openide.util.NbBundleProcessor' less than -source '1.8'
warning: Supported source version 'RELEASE_6' from annotation processor 'org.netbeans.modules.openide.util.URLStreamHandlerRegistrationProcessor' less than -source '1.8'
warning: Supported source version 'RELEASE_6' from annotation processor 'org.netbeans.modules.openide.util.ServiceProviderProcessor' less than -source '1.8'
3 warnings
All Done
Writing ModularCG_A1_B2.java in file:/home/travis/cg/ (9730 characters)
Reading "ptolemy/cg/kernel/generic/program/procedural/java/modular/makefile.in",
    writing "/home/travis/cg/ModularCG_A1_B2.mk"
Using ptolemy/cg/kernel/generic/program/procedural/java/modular/makefile.in
In "/home/travis/cg", about to execute:
    make -f ModularCG_A1_B2.mk
javac -classpath ".:.."    ModularCG_A1_B2.java
All Done
In "/home/travis/cg", about to execute:
    pwd
In "/home/travis/cg", about to execute:
    ls -l
/home/travis/cg
total 272
-rw-rw-r-- 1 travis travis  4895 Jun  1 21:06 CompiledCompositeActor_CompiledCompositeActor.class
-rw-rw-r-- 1 travis travis  1592 Jun  1 21:06 CompiledCompositeActor_CompiledCompositeActor$_CompiledCompositeActor_CompiledCompositeActor.class
-rw-rw-r-- 1 travis travis 13466 Jun  1 21:06 CompiledCompositeActor_CompiledCompositeActor.java
-rw-rw-r-- 1 travis travis  1593 Jun  1 21:06 CompiledCompositeActor_CompiledCompositeActor.mk
-rw-rw-r-- 1 travis travis  4457 Jun  1 21:06 JavaCompiledCompositeTest1_CompiledCompositeActor.class
-rw-rw-r-- 1 travis travis 11637 Jun  1 21:06 JavaCompiledCompositeTest1_CompiledCompositeActor.java
-rw-rw-r-- 1 travis travis  1198 Jun  1 21:06 JavaCompiledCompositeTest1_CompiledCompositeActor$_JavaCompiledCompositeTest1_CompiledCompositeActor.class
-rw-rw-r-- 1 travis travis  1625 Jun  1 21:06 JavaCompiledCompositeTest1_CompiledCompositeActor.mk
-rw-rw-r-- 1 travis travis  4888 Jun  1 21:06 JavaCompiledCompositeTest2_CompiledCompositeActor.class
-rw-rw-r-- 1 travis travis 14919 Jun  1 21:06 JavaCompiledCompositeTest2_CompiledCompositeActor.java
-rw-rw-r-- 1 travis travis  1793 Jun  1 21:06 JavaCompiledCompositeTest2_CompiledCompositeActor$_JavaCompiledCompositeTest2_CompiledCompositeActor.class
-rw-rw-r-- 1 travis travis  1625 Jun  1 21:06 JavaCompiledCompositeTest2_CompiledCompositeActor.mk
-rw-rw-r-- 1 travis travis  4505 Jun  1 21:06 JavaCompiledCompositeTest3_CompiledCompositeActor.class
-rw-rw-r-- 1 travis travis 13080 Jun  1 21:06 JavaCompiledCompositeTest3_CompiledCompositeActor.java
-rw-rw-r-- 1 travis travis  1378 Jun  1 21:06 JavaCompiledCompositeTest3_CompiledCompositeActor$_JavaCompiledCompositeTest3_CompiledCompositeActor.class
-rw-rw-r-- 1 travis travis  1625 Jun  1 21:06 JavaCompiledCompositeTest3_CompiledCompositeActor.mk
-rw-rw-r-- 1 travis travis  3953 Jun  1 21:06 JavaCompiledCompositeTest4_CompiledCompositeActor.class
-rw-rw-r-- 1 travis travis  9687 Jun  1 21:06 JavaCompiledCompositeTest4_CompiledCompositeActor.java
-rw-rw-r-- 1 travis travis   857 Jun  1 21:06 JavaCompiledCompositeTest4_CompiledCompositeActor$_JavaCompiledCompositeTest4_CompiledCompositeActor.class
-rw-rw-r-- 1 travis travis  1625 Jun  1 21:06 JavaCompiledCompositeTest4_CompiledCompositeActor.mk
-rw-rw-r-- 1 travis travis  3693 Jun  1 21:06 ModularCG_A1_B1.class
-rw-rw-r-- 1 travis travis  9730 Jun  1 21:06 ModularCG_A1_B1.java
-rw-rw-r-- 1 travis travis   832 Jun  1 21:06 ModularCG_A1_B1.mk
-rw-rw-r-- 1 travis travis  1318 Jun  1 21:06 ModularCG_A1_B1_profile.class
-rw-rw-r-- 1 travis travis  1262 Jun  1 21:06 ModularCG_A1_B1_profile.java
-rw-rw-r-- 1 travis travis  3693 Jun  1 21:06 ModularCG_A1_B2.class
-rw-rw-r-- 1 travis travis  9730 Jun  1 21:06 ModularCG_A1_B2.java
-rw-rw-r-- 1 travis travis   832 Jun  1 21:06 ModularCG_A1_B2.mk
-rw-rw-r-- 1 travis travis  1318 Jun  1 21:06 ModularCG_A1_B2_profile.class
-rw-rw-r-- 1 travis travis  1262 Jun  1 21:06 ModularCG_A1_B2_profile.java
-rw-rw-r-- 1 travis travis  1704 Jun  1 21:06 ModularCG_A1_profile.java
-rw-rw-r-- 1 travis travis  3492 Jun  1 21:06 ModularCodeGenTest_A1_A2.class
-rw-rw-r-- 1 travis travis  9164 Jun  1 21:06 ModularCodeGenTest_A1_A2.java
-rw-rw-r-- 1 travis travis   904 Jun  1 21:06 ModularCodeGenTest_A1_A2.mk
-rw-rw-r-- 1 travis travis  1306 Jun  1 21:06 ModularCodeGenTest_A1_A2_profile.class
-rw-rw-r-- 1 travis travis  1228 Jun  1 21:06 ModularCodeGenTest_A1_A2_profile.java
-rw-rw-r-- 1 travis travis  3823 Jun  1 21:06 ModularCodeGenTest_A1.class
-rw-rw-r-- 1 travis travis  9968 Jun  1 21:06 ModularCodeGenTest_A1.java
-rw-rw-r-- 1 travis travis   880 Jun  1 21:06 ModularCodeGenTest_A1.mk
-rw-rw-r-- 1 travis travis  1352 Jun  1 21:06 ModularCodeGenTest_A1_profile.class
-rw-rw-r-- 1 travis travis  1394 Jun  1 21:06 ModularCodeGenTest_A1_profile.java
-rw-rw-r-- 1 travis travis   432 Jun  1 21:06 Token.class
-rw-rw-r-- 1 travis travis   251 Jun  1 21:06 Token.java
In "/home/travis/cg", about to execute:
    javac -classpath
.:/home/travis/build/icyphy/ptII:/home/travis/build/icyphy/ptII/lib/bsh-2.0b4.j
ar:/home/travis/build/icyphy/ptII/lib/ptCal.jar:/home/travis/build/icyphy/ptII/
lib/java_cup.jar:/home/travis/build/icyphy/ptII/lib/saxon8.jar:/home/travis/bui
ld/icyphy/ptII/lib/saxon8-dom.jar:/home/travis/build/icyphy/ptII/lib/chic.jar:/
home/travis/build/icyphy/ptII/lib/ptcolt.jar:/usr/lib/jvm/java-8-oracle/lib/too
ls.jar:/usr/lib/eclipse/plugins/org.eclipse.jdt.core_3.8.2.dist.jar:/usr/lib/ec
lipse/plugins/org.eclipse.core.runtime_3.8.0.dist.jar:/usr/lib/eclipse/plugins/
org.eclipse.osgi_3.8.1.dist.jar:/usr/lib/eclipse/plugins/org.eclipse.core.resou
rces_3.8.1.dist.jar:/usr/lib/eclipse/plugins/org.eclipse.equinox.common_3.6.100
.dist.jar:/usr/lib/eclipse/plugins/org.eclipse.core.jobs_3.5.200.dist.jar:/usr/
lib/eclipse/plugins/org.eclipse.core.contenttype_3.4.200.dist.jar:/usr/lib/ecli
pse/plugins/org.eclipse.equinox.preferences_3.5.0.dist.jar:/usr/lib/eclipse/plu
gins/org.eclipse.text_3.5.200.dist.jar:/usr/lib/eclipse/plugins/org.eclipse.ui.
workbench_3.8.1.dist.jar:/usr/lib/eclipse/plugins/org.eclipse.jface_3.8.0.dist.
jar:/usr/lib/eclipse/plugins/org.eclipse.swt_3.8.2.jar:/usr/lib/eclipse/plugins
/org.eclipse.jface.text_3.8.1.dist.jar:/usr/lib/eclipse/plugins/org.eclipse.ui.
workbench.texteditor_3.8.0.dist.jar:/usr/lib/eclipse/plugins/org.eclipse.ui.edi
tors_3.8.0.dist.jar:/usr/lib/eclipse/plugins/org.eclipse.core.commands_3.6.1.di
st.jar:/usr/lib/eclipse/plugins/org.eclipse.equinox.registry_3.5.200.dist.jar:/
usr/lib/eclipse/plugins/org.eclipse.ui.console_3.5.100.dist.jar:/usr/lib/eclips
e/plugins/org.eclipse.ui.forms_3.5.200.dist.jar:/usr/lib/eclipse/plugins/org.ec
lipse.ui.ide_3.8.1.dist.jar:/home/travis/build/icyphy/ptII/vendors/oracle/dbxml
.jar:/home/travis/build/icyphy/ptII/vendors/oracle/db.jar:/home/travis/build/ic
yphy/ptII/vendors/misc/itext/iText.jar:/home/travis/build/icyphy/ptII/lib/g4ltl
.jar:/home/travis/build/icyphy/ptII/lib/StructuralCoder.jar:/home/travis/build/
icyphy/ptII/lib/org-openide-util.jar:/home/travis/build/icyphy/ptII/lib/org-ope
nide-util-lookup.jar:/home/travis/build/icyphy/ptII/lib/org-netbeans-api-visual
.jar:/home/travis/build/icyphy/ptII/vendors/jai-1_1_2_01/lib/jai_core.jar:/home
/travis/build/icyphy/ptII/vendors/jai-1_1_2_01/lib/jai_codec.jar:/home/travis/b
uild/icyphy/ptII/lib/jcerti.jar:/home/travis/build/icyphy/ptII/lib/smack.jar:/h
ome/travis/build/icyphy/ptII/lib/smackx.jar:/home/travis/build/icyphy/ptII/lib/
jetty-all-8.1.5-v20120716.jar:/home/travis/build/icyphy/ptII/lib/javax.servlet-
api-3.0.1.jar:/home/travis/build/icyphy/ptII/lib/javax.mail.jar:/home/travis/bu
ild/icyphy/ptII/vendors/JMF-2.1.1e/lib/jmf.jar:/home/travis/build/icyphy/ptII/l
ib/jna-4.0.0-variadic.jar:/home/travis/build/icyphy/ptII/vendors/misc/joystick/
Joystick.jar:/home/travis/build/icyphy/ptII/lib/ptjacl.jar:/home/travis/build/i
cyphy/ptII/lib/jsoup-1.8.2.jar:/home/travis/build/icyphy/ptII/lib/junit-4.8.2.j
ar:/home/travis/build/icyphy/ptII/lib/JUnitParams-0.4.0.jar:/home/travis/build/
icyphy/ptII/ptolemy/actor/lib/excel/jxl.jar:/home/travis/build/icyphy/ptII/lib/
jython.jar:/home/travis/build/icyphy/ptII/lib/kieler.jar:/home/travis/build/icy
phy/ptII/vendors/opencv/share/OpenCV/java/opencv-341.jar:/home/travis/build/icy
phy/ptII/lib/oscP5.jar:/home/travis/build/icyphy/ptII/lib/nrjavaserial-3.11.0.d
evel.jar:/usr/share/java/j3dcore.jar:/usr/share/java/j3dutils.jar:/usr/share/ja
va/vecmath.jar:/home/travis/build/icyphy/ptII/ptolemy/distributed/jini/jar/jini
-core.jar:/home/travis/build/icyphy/ptII/ptolemy/distributed/jini/jar/jini-ext.
jar:/home/travis/build/icyphy/ptII/ptolemy/distributed/jini/jar/sun-util.jar:/h
ome/travis/build/icyphy/ptII/lib/protobuf-java-2.4.1.jar:/home/travis/build/icy
phy/ptII/lib/org.eclipse.paho.client.mqttv3.jar:/home/travis/build/icyphy/ptII/
ptserver/lib/hessian-4.0.7.jar:/home/travis/build/icyphy/ptII/ptserver/lib/wmqt
t.jar:/home/travis/build/icyphy/ptII/lib/mapss.jar:/home/travis/build/icyphy/pt
II/ptolemy/actor/ptalon/antlr/antlr.jar:/home/travis/build/icyphy/ptII/lib/JRI.
jar:/home/travis/build/icyphy/ptII/lib/commons-lang-2.6.jar:/home/travis/build/
icyphy/ptII/lib/commons-logging-1.1.1.jar:/home/travis/build/icyphy/ptII/lib/so
otclasses.jar:/home/travis/build/icyphy/ptII/ptolemy/actor/lib/database/mysql-c
onnector-java-5.1.6-bin.jar:/home/travis/build/icyphy/ptII/vendors/misc/sphinx4
/sphinx4-data-5prealpha.jar:/home/travis/build/icyphy/ptII/vendors/misc/sphinx4
/sphinx4-core-5prealpha.jar:/home/travis/build/icyphy/ptII/lib/PDFRenderer.jar:
/home/travis/build/icyphy/ptII/lib/svgSalamander.jar:/home/travis/build/icyphy/
ptII/lib/rsyntaxtextarea-2.6.0-SNAPSHOT.jar:/home/travis/build/icyphy/ptII/lib/
hazelcast-3.8.2.jar:/home/travis/build/icyphy/ptII/lib/jackson-annotations-2.9.
0.jar:/home/travis/build/icyphy/ptII/lib/jackson-core-2.9.3.jar:/home/travis/bu
ild/icyphy/ptII/lib/jackson-databind-2.9.3.jar:/home/travis/build/icyphy/ptII/l
ib/netty-buffer-4.1.19.Final.jar:/home/travis/build/icyphy/ptII/lib/netty-codec
-4.1.19.Final.jar:/home/travis/build/icyphy/ptII/lib/netty-codec-dns-4.1.19.Fin
al.jar:/home/travis/build/icyphy/ptII/lib/netty-codec-http-4.1.19.Final.jar:/ho
me/travis/build/icyphy/ptII/lib/netty-codec-http2-4.1.19.Final.jar:/home/travis
/build/icyphy/ptII/lib/netty-common-4.1.19.Final.jar:/home/travis/build/icyphy/
ptII/lib/netty-handler-4.1.19.Final.jar:/home/travis/build/icyphy/ptII/lib/nett
y-resolver-4.1.19.Final.jar:/home/travis/build/icyphy/ptII/lib/netty-resolver-d
ns-4.1.19.Final.jar:/home/travis/build/icyphy/ptII/lib/netty-transport-4.1.19.F
inal.jar:/home/travis/build/icyphy/ptII/lib/vertx-codegen-3.5.1.jar:/home/travi
s/build/icyphy/ptII/lib/vertx-core-3.5.2-SNAPSHOT.jar:/home/travis/build/icyphy
/ptII/lib/vertx-hazelcast-3.5.1.jar:/home/travis/build/icyphy/ptII/lib/vertx-la
ng-js-3.5.1.jar:/home/travis/build/icyphy/ptII/lib/vertx-service-proxy-3.5.1.ja
r:/home/travis/build/icyphy/ptII/lib/vertx-web-3.5.1.jar:/home/travis/build/icy
phy/ptII/lib/slf4j-api-1.7.13.jar:/home/travis/build/icyphy/ptII/lib/slf4j-simp
le-1.7.13.jar:/home/travis/build/icyphy/ptII/lib/webcam-capture-0.3.12.jar:/hom
e/travis/build/icyphy/ptII/lib/bridj-0.7.0.jar:/home/travis/build/icyphy/ptII/l
ib/xbjlib-1.1.0.nrjavaserial.jar:/home/travis/build/icyphy/ptII/ptolemy/moml/te
st:/home/travis/build/icyphy/ptII/ant/lib/ant-launcher.jar:/home/travis/build/i
cyphy/ptII/ant/lib/ant.jar:/home/travis/build/icyphy/ptII/ant/lib/ant-junit.jar
:/home/travis/build/icyphy/ptII/ant/lib/ant-junit4.jar:/home/travis/build/icyph
y/ptII ModularCG_A1_profile.java
warning: Supported source version 'RELEASE_6' from annotation processor 'org.netbeans.modules.openide.util.NbBundleProcessor' less than -source '1.8'
warning: Supported source version 'RELEASE_6' from annotation processor 'org.netbeans.modules.openide.util.URLStreamHandlerRegistrationProcessor' less than -source '1.8'
warning: Supported source version 'RELEASE_6' from annotation processor 'org.netbeans.modules.openide.util.ServiceProviderProcessor' less than -source '1.8'
3 warnings
All Done
Writing ModularCG_A1.java in file:/home/travis/cg/ (14742 characters)
Reading "ptolemy/cg/kernel/generic/program/procedural/java/modular/makefile.in",
    writing "/home/travis/cg/ModularCG_A1.mk"
Using ptolemy/cg/kernel/generic/program/procedural/java/modular/makefile.in
In "/home/travis/cg", about to execute:
    make -f ModularCG_A1.mk
javac -classpath ".:.."    ModularCG_A1.java
All Done
In "/home/travis/cg", about to execute:
    pwd
In "/home/travis/cg", about to execute:
    ls -l
/home/travis/cg
total 308
-rw-rw-r-- 1 travis travis  4895 Jun  1 21:06 CompiledCompositeActor_CompiledCompositeActor.class
-rw-rw-r-- 1 travis travis  1592 Jun  1 21:06 CompiledCompositeActor_CompiledCompositeActor$_CompiledCompositeActor_CompiledCompositeActor.class
-rw-rw-r-- 1 travis travis 13466 Jun  1 21:06 CompiledCompositeActor_CompiledCompositeActor.java
-rw-rw-r-- 1 travis travis  1593 Jun  1 21:06 CompiledCompositeActor_CompiledCompositeActor.mk
-rw-rw-r-- 1 travis travis  4457 Jun  1 21:06 JavaCompiledCompositeTest1_CompiledCompositeActor.class
-rw-rw-r-- 1 travis travis 11637 Jun  1 21:06 JavaCompiledCompositeTest1_CompiledCompositeActor.java
-rw-rw-r-- 1 travis travis  1198 Jun  1 21:06 JavaCompiledCompositeTest1_CompiledCompositeActor$_JavaCompiledCompositeTest1_CompiledCompositeActor.class
-rw-rw-r-- 1 travis travis  1625 Jun  1 21:06 JavaCompiledCompositeTest1_CompiledCompositeActor.mk
-rw-rw-r-- 1 travis travis  4888 Jun  1 21:06 JavaCompiledCompositeTest2_CompiledCompositeActor.class
-rw-rw-r-- 1 travis travis 14919 Jun  1 21:06 JavaCompiledCompositeTest2_CompiledCompositeActor.java
-rw-rw-r-- 1 travis travis  1793 Jun  1 21:06 JavaCompiledCompositeTest2_CompiledCompositeActor$_JavaCompiledCompositeTest2_CompiledCompositeActor.class
-rw-rw-r-- 1 travis travis  1625 Jun  1 21:06 JavaCompiledCompositeTest2_CompiledCompositeActor.mk
-rw-rw-r-- 1 travis travis  4505 Jun  1 21:06 JavaCompiledCompositeTest3_CompiledCompositeActor.class
-rw-rw-r-- 1 travis travis 13080 Jun  1 21:06 JavaCompiledCompositeTest3_CompiledCompositeActor.java
-rw-rw-r-- 1 travis travis  1378 Jun  1 21:06 JavaCompiledCompositeTest3_CompiledCompositeActor$_JavaCompiledCompositeTest3_CompiledCompositeActor.class
-rw-rw-r-- 1 travis travis  1625 Jun  1 21:06 JavaCompiledCompositeTest3_CompiledCompositeActor.mk
-rw-rw-r-- 1 travis travis  3953 Jun  1 21:06 JavaCompiledCompositeTest4_CompiledCompositeActor.class
-rw-rw-r-- 1 travis travis  9687 Jun  1 21:06 JavaCompiledCompositeTest4_CompiledCompositeActor.java
-rw-rw-r-- 1 travis travis   857 Jun  1 21:06 JavaCompiledCompositeTest4_CompiledCompositeActor$_JavaCompiledCompositeTest4_CompiledCompositeActor.class
-rw-rw-r-- 1 travis travis  1625 Jun  1 21:06 JavaCompiledCompositeTest4_CompiledCompositeActor.mk
-rw-rw-r-- 1 travis travis  3693 Jun  1 21:06 ModularCG_A1_B1.class
-rw-rw-r-- 1 travis travis  9730 Jun  1 21:06 ModularCG_A1_B1.java
-rw-rw-r-- 1 travis travis   832 Jun  1 21:06 ModularCG_A1_B1.mk
-rw-rw-r-- 1 travis travis  1318 Jun  1 21:06 ModularCG_A1_B1_profile.class
-rw-rw-r-- 1 travis travis  1262 Jun  1 21:06 ModularCG_A1_B1_profile.java
-rw-rw-r-- 1 travis travis  3693 Jun  1 21:06 ModularCG_A1_B2.class
-rw-rw-r-- 1 travis travis  9730 Jun  1 21:06 ModularCG_A1_B2.java
-rw-rw-r-- 1 travis travis   832 Jun  1 21:06 ModularCG_A1_B2.mk
-rw-rw-r-- 1 travis travis  1318 Jun  1 21:06 ModularCG_A1_B2_profile.class
-rw-rw-r-- 1 travis travis  1262 Jun  1 21:06 ModularCG_A1_B2_profile.java
-rw-rw-r-- 1 travis travis  4799 Jun  1 21:06 ModularCG_A1.class
-rw-rw-r-- 1 travis travis 14742 Jun  1 21:06 ModularCG_A1.java
-rw-rw-r-- 1 travis travis   808 Jun  1 21:06 ModularCG_A1.mk
-rw-rw-r-- 1 travis travis  1433 Jun  1 21:06 ModularCG_A1_profile.class
-rw-rw-r-- 1 travis travis  1704 Jun  1 21:06 ModularCG_A1_profile.java
-rw-rw-r-- 1 travis travis  1446 Jun  1 21:06 ModularCG_A2_B1_profile.java
-rw-rw-r-- 1 travis travis  3492 Jun  1 21:06 ModularCodeGenTest_A1_A2.class
-rw-rw-r-- 1 travis travis  9164 Jun  1 21:06 ModularCodeGenTest_A1_A2.java
-rw-rw-r-- 1 travis travis   904 Jun  1 21:06 ModularCodeGenTest_A1_A2.mk
-rw-rw-r-- 1 travis travis  1306 Jun  1 21:06 ModularCodeGenTest_A1_A2_profile.class
-rw-rw-r-- 1 travis travis  1228 Jun  1 21:06 ModularCodeGenTest_A1_A2_profile.java
-rw-rw-r-- 1 travis travis  3823 Jun  1 21:06 ModularCodeGenTest_A1.class
-rw-rw-r-- 1 travis travis  9968 Jun  1 21:06 ModularCodeGenTest_A1.java
-rw-rw-r-- 1 travis travis   880 Jun  1 21:06 ModularCodeGenTest_A1.mk
-rw-rw-r-- 1 travis travis  1352 Jun  1 21:06 ModularCodeGenTest_A1_profile.class
-rw-rw-r-- 1 travis travis  1394 Jun  1 21:06 ModularCodeGenTest_A1_profile.java
-rw-rw-r-- 1 travis travis   432 Jun  1 21:06 Token.class
-rw-rw-r-- 1 travis travis   251 Jun  1 21:06 Token.java
In "/home/travis/cg", about to execute:
    javac -classpath
.:/home/travis/build/icyphy/ptII:/home/travis/build/icyphy/ptII/lib/bsh-2.0b4.j
ar:/home/travis/build/icyphy/ptII/lib/ptCal.jar:/home/travis/build/icyphy/ptII/
lib/java_cup.jar:/home/travis/build/icyphy/ptII/lib/saxon8.jar:/home/travis/bui
ld/icyphy/ptII/lib/saxon8-dom.jar:/home/travis/build/icyphy/ptII/lib/chic.jar:/
home/travis/build/icyphy/ptII/lib/ptcolt.jar:/usr/lib/jvm/java-8-oracle/lib/too
ls.jar:/usr/lib/eclipse/plugins/org.eclipse.jdt.core_3.8.2.dist.jar:/usr/lib/ec
lipse/plugins/org.eclipse.core.runtime_3.8.0.dist.jar:/usr/lib/eclipse/plugins/
org.eclipse.osgi_3.8.1.dist.jar:/usr/lib/eclipse/plugins/org.eclipse.core.resou
rces_3.8.1.dist.jar:/usr/lib/eclipse/plugins/org.eclipse.equinox.common_3.6.100
.dist.jar:/usr/lib/eclipse/plugins/org.eclipse.core.jobs_3.5.200.dist.jar:/usr/
lib/eclipse/plugins/org.eclipse.core.contenttype_3.4.200.dist.jar:/usr/lib/ecli
pse/plugins/org.eclipse.equinox.preferences_3.5.0.dist.jar:/usr/lib/eclipse/plu
gins/org.eclipse.text_3.5.200.dist.jar:/usr/lib/eclipse/plugins/org.eclipse.ui.
workbench_3.8.1.dist.jar:/usr/lib/eclipse/plugins/org.eclipse.jface_3.8.0.dist.
jar:/usr/lib/eclipse/plugins/org.eclipse.swt_3.8.2.jar:/usr/lib/eclipse/plugins
/org.eclipse.jface.text_3.8.1.dist.jar:/usr/lib/eclipse/plugins/org.eclipse.ui.
workbench.texteditor_3.8.0.dist.jar:/usr/lib/eclipse/plugins/org.eclipse.ui.edi
tors_3.8.0.dist.jar:/usr/lib/eclipse/plugins/org.eclipse.core.commands_3.6.1.di
st.jar:/usr/lib/eclipse/plugins/org.eclipse.equinox.registry_3.5.200.dist.jar:/
usr/lib/eclipse/plugins/org.eclipse.ui.console_3.5.100.dist.jar:/usr/lib/eclips
e/plugins/org.eclipse.ui.forms_3.5.200.dist.jar:/usr/lib/eclipse/plugins/org.ec
lipse.ui.ide_3.8.1.dist.jar:/home/travis/build/icyphy/ptII/vendors/oracle/dbxml
.jar:/home/travis/build/icyphy/ptII/vendors/oracle/db.jar:/home/travis/build/ic
yphy/ptII/vendors/misc/itext/iText.jar:/home/travis/build/icyphy/ptII/lib/g4ltl
.jar:/home/travis/build/icyphy/ptII/lib/StructuralCoder.jar:/home/travis/build/
icyphy/ptII/lib/org-openide-util.jar:/home/travis/build/icyphy/ptII/lib/org-ope
nide-util-lookup.jar:/home/travis/build/icyphy/ptII/lib/org-netbeans-api-visual
.jar:/home/travis/build/icyphy/ptII/vendors/jai-1_1_2_01/lib/jai_core.jar:/home
/travis/build/icyphy/ptII/vendors/jai-1_1_2_01/lib/jai_codec.jar:/home/travis/b
uild/icyphy/ptII/lib/jcerti.jar:/home/travis/build/icyphy/ptII/lib/smack.jar:/h
ome/travis/build/icyphy/ptII/lib/smackx.jar:/home/travis/build/icyphy/ptII/lib/
jetty-all-8.1.5-v20120716.jar:/home/travis/build/icyphy/ptII/lib/javax.servlet-
api-3.0.1.jar:/home/travis/build/icyphy/ptII/lib/javax.mail.jar:/home/travis/bu
ild/icyphy/ptII/vendors/JMF-2.1.1e/lib/jmf.jar:/home/travis/build/icyphy/ptII/l
ib/jna-4.0.0-variadic.jar:/home/travis/build/icyphy/ptII/vendors/misc/joystick/
Joystick.jar:/home/travis/build/icyphy/ptII/lib/ptjacl.jar:/home/travis/build/i
cyphy/ptII/lib/jsoup-1.8.2.jar:/home/travis/build/icyphy/ptII/lib/junit-4.8.2.j
ar:/home/travis/build/icyphy/ptII/lib/JUnitParams-0.4.0.jar:/home/travis/build/
icyphy/ptII/ptolemy/actor/lib/excel/jxl.jar:/home/travis/build/icyphy/ptII/lib/
jython.jar:/home/travis/build/icyphy/ptII/lib/kieler.jar:/home/travis/build/icy
phy/ptII/vendors/opencv/share/OpenCV/java/opencv-341.jar:/home/travis/build/icy
phy/ptII/lib/oscP5.jar:/home/travis/build/icyphy/ptII/lib/nrjavaserial-3.11.0.d
evel.jar:/usr/share/java/j3dcore.jar:/usr/share/java/j3dutils.jar:/usr/share/ja
va/vecmath.jar:/home/travis/build/icyphy/ptII/ptolemy/distributed/jini/jar/jini
-core.jar:/home/travis/build/icyphy/ptII/ptolemy/distributed/jini/jar/jini-ext.
jar:/home/travis/build/icyphy/ptII/ptolemy/distributed/jini/jar/sun-util.jar:/h
ome/travis/build/icyphy/ptII/lib/protobuf-java-2.4.1.jar:/home/travis/build/icy
phy/ptII/lib/org.eclipse.paho.client.mqttv3.jar:/home/travis/build/icyphy/ptII/
ptserver/lib/hessian-4.0.7.jar:/home/travis/build/icyphy/ptII/ptserver/lib/wmqt
t.jar:/home/travis/build/icyphy/ptII/lib/mapss.jar:/home/travis/build/icyphy/pt
II/ptolemy/actor/ptalon/antlr/antlr.jar:/home/travis/build/icyphy/ptII/lib/JRI.
jar:/home/travis/build/icyphy/ptII/lib/commons-lang-2.6.jar:/home/travis/build/
icyphy/ptII/lib/commons-logging-1.1.1.jar:/home/travis/build/icyphy/ptII/lib/so
otclasses.jar:/home/travis/build/icyphy/ptII/ptolemy/actor/lib/database/mysql-c
onnector-java-5.1.6-bin.jar:/home/travis/build/icyphy/ptII/vendors/misc/sphinx4
/sphinx4-data-5prealpha.jar:/home/travis/build/icyphy/ptII/vendors/misc/sphinx4
/sphinx4-core-5prealpha.jar:/home/travis/build/icyphy/ptII/lib/PDFRenderer.jar:
/home/travis/build/icyphy/ptII/lib/svgSalamander.jar:/home/travis/build/icyphy/
ptII/lib/rsyntaxtextarea-2.6.0-SNAPSHOT.jar:/home/travis/build/icyphy/ptII/lib/
hazelcast-3.8.2.jar:/home/travis/build/icyphy/ptII/lib/jackson-annotations-2.9.
0.jar:/home/travis/build/icyphy/ptII/lib/jackson-core-2.9.3.jar:/home/travis/bu
ild/icyphy/ptII/lib/jackson-databind-2.9.3.jar:/home/travis/build/icyphy/ptII/l
ib/netty-buffer-4.1.19.Final.jar:/home/travis/build/icyphy/ptII/lib/netty-codec
-4.1.19.Final.jar:/home/travis/build/icyphy/ptII/lib/netty-codec-dns-4.1.19.Fin
al.jar:/home/travis/build/icyphy/ptII/lib/netty-codec-http-4.1.19.Final.jar:/ho
me/travis/build/icyphy/ptII/lib/netty-codec-http2-4.1.19.Final.jar:/home/travis
/build/icyphy/ptII/lib/netty-common-4.1.19.Final.jar:/home/travis/build/icyphy/
ptII/lib/netty-handler-4.1.19.Final.jar:/home/travis/build/icyphy/ptII/lib/nett
y-resolver-4.1.19.Final.jar:/home/travis/build/icyphy/ptII/lib/netty-resolver-d
ns-4.1.19.Final.jar:/home/travis/build/icyphy/ptII/lib/netty-transport-4.1.19.F
inal.jar:/home/travis/build/icyphy/ptII/lib/vertx-codegen-3.5.1.jar:/home/travi
s/build/icyphy/ptII/lib/vertx-core-3.5.2-SNAPSHOT.jar:/home/travis/build/icyphy
/ptII/lib/vertx-hazelcast-3.5.1.jar:/home/travis/build/icyphy/ptII/lib/vertx-la
ng-js-3.5.1.jar:/home/travis/build/icyphy/ptII/lib/vertx-service-proxy-3.5.1.ja
r:/home/travis/build/icyphy/ptII/lib/vertx-web-3.5.1.jar:/home/travis/build/icy
phy/ptII/lib/slf4j-api-1.7.13.jar:/home/travis/build/icyphy/ptII/lib/slf4j-simp
le-1.7.13.jar:/home/travis/build/icyphy/ptII/lib/webcam-capture-0.3.12.jar:/hom
e/travis/build/icyphy/ptII/lib/bridj-0.7.0.jar:/home/travis/build/icyphy/ptII/l
ib/xbjlib-1.1.0.nrjavaserial.jar:/home/travis/build/icyphy/ptII/ptolemy/moml/te
st:/home/travis/build/icyphy/ptII/ant/lib/ant-launcher.jar:/home/travis/build/i
cyphy/ptII/ant/lib/ant.jar:/home/travis/build/icyphy/ptII/ant/lib/ant-junit.jar
:/home/travis/build/icyphy/ptII/ant/lib/ant-junit4.jar:/home/travis/build/icyph
y/ptII ModularCG_A2_B1_profile.java
warning: Supported source version 'RELEASE_6' from annotation processor 'org.netbeans.modules.openide.util.NbBundleProcessor' less than -source '1.8'
warning: Supported source version 'RELEASE_6' from annotation processor 'org.netbeans.modules.openide.util.URLStreamHandlerRegistrationProcessor' less than -source '1.8'
warning: Supported source version 'RELEASE_6' from annotation processor 'org.netbeans.modules.openide.util.ServiceProviderProcessor' less than -source '1.8'
3 warnings
All Done
Writing ModularCG_A2_B1.java in file:/home/travis/cg/ (10667 characters)
Reading "ptolemy/cg/kernel/generic/program/procedural/java/modular/makefile.in",
    writing "/home/travis/cg/ModularCG_A2_B1.mk"
Using ptolemy/cg/kernel/generic/program/procedural/java/modular/makefile.in
In "/home/travis/cg", about to execute:
    make -f ModularCG_A2_B1.mk
javac -classpath ".:.."    ModularCG_A2_B1.java
All Done
In "/home/travis/cg", about to execute:
    pwd
/home/travis/cg
In "/home/travis/cg", about to execute:
    ls -l
In "/home/travis/cg", about to execute:
total 336
-rw-rw-r-- 1 travis travis  4895 Jun  1 21:06 CompiledCompositeActor_CompiledCompositeActor.class
-rw-rw-r-- 1 travis travis  1592 Jun  1 21:06 CompiledCompositeActor_CompiledCompositeActor$_CompiledCompositeActor_CompiledCompositeActor.class
-rw-rw-r-- 1 travis travis 13466 Jun  1 21:06 CompiledCompositeActor_CompiledCompositeActor.java
-rw-rw-r-- 1 travis travis  1593 Jun  1 21:06 CompiledCompositeActor_CompiledCompositeActor.mk
-rw-rw-r-- 1 travis travis  4457 Jun  1 21:06 JavaCompiledCompositeTest1_CompiledCompositeActor.class
-rw-rw-r-- 1 travis travis 11637 Jun  1 21:06 JavaCompiledCompositeTest1_CompiledCompositeActor.java
-rw-rw-r-- 1 travis travis  1198 Jun  1 21:06 JavaCompiledCompositeTest1_CompiledCompositeActor$_JavaCompiledCompositeTest1_CompiledCompositeActor.class
-rw-rw-r-- 1 travis travis  1625 Jun  1 21:06 JavaCompiledCompositeTest1_CompiledCompositeActor.mk
-rw-rw-r-- 1 travis travis  4888 Jun  1 21:06 JavaCompiledCompositeTest2_CompiledCompositeActor.class
-rw-rw-r-- 1 travis travis 14919 Jun  1 21:06 JavaCompiledCompositeTest2_CompiledCompositeActor.java
-rw-rw-r-- 1 travis travis  1793 Jun  1 21:06 JavaCompiledCompositeTest2_CompiledCompositeActor$_JavaCompiledCompositeTest2_CompiledCompositeActor.class
-rw-rw-r-- 1 travis travis  1625 Jun  1 21:06 JavaCompiledCompositeTest2_CompiledCompositeActor.mk
-rw-rw-r-- 1 travis travis  4505 Jun  1 21:06 JavaCompiledCompositeTest3_CompiledCompositeActor.class
-rw-rw-r-- 1 travis travis 13080 Jun  1 21:06 JavaCompiledCompositeTest3_CompiledCompositeActor.java
-rw-rw-r-- 1 travis travis  1378 Jun  1 21:06 JavaCompiledCompositeTest3_CompiledCompositeActor$_JavaCompiledCompositeTest3_CompiledCompositeActor.class
-rw-rw-r-- 1 travis travis  1625 Jun  1 21:06 JavaCompiledCompositeTest3_CompiledCompositeActor.mk
-rw-rw-r-- 1 travis travis  3953 Jun  1 21:06 JavaCompiledCompositeTest4_CompiledCompositeActor.class
-rw-rw-r-- 1 travis travis  9687 Jun  1 21:06 JavaCompiledCompositeTest4_CompiledCompositeActor.java
-rw-rw-r-- 1 travis travis   857 Jun  1 21:06 JavaCompiledCompositeTest4_CompiledCompositeActor$_JavaCompiledCompositeTest4_CompiledCompositeActor.class
-rw-rw-r-- 1 travis travis  1625 Jun  1 21:06 JavaCompiledCompositeTest4_CompiledCompositeActor.mk
-rw-rw-r-- 1 travis travis  3693 Jun  1 21:06 ModularCG_A1_B1.class
-rw-rw-r-- 1 travis travis  9730 Jun  1 21:06 ModularCG_A1_B1.java
-rw-rw-r-- 1 travis travis   832 Jun  1 21:06 ModularCG_A1_B1.mk
-rw-rw-r-- 1 travis travis  1318 Jun  1 21:06 ModularCG_A1_B1_profile.class
-rw-rw-r-- 1 travis travis  1262 Jun  1 21:06 ModularCG_A1_B1_profile.java
-rw-rw-r-- 1 travis travis  3693 Jun  1 21:06 ModularCG_A1_B2.class
-rw-rw-r-- 1 travis travis  9730 Jun  1 21:06 ModularCG_A1_B2.java
-rw-rw-r-- 1 travis travis   832 Jun  1 21:06 ModularCG_A1_B2.mk
-rw-rw-r-- 1 travis travis  1318 Jun  1 21:06 ModularCG_A1_B2_profile.class
-rw-rw-r-- 1 travis travis  1262 Jun  1 21:06 ModularCG_A1_B2_profile.java
-rw-rw-r-- 1 travis travis  4799 Jun  1 21:06 ModularCG_A1.class
-rw-rw-r-- 1 travis travis 14742 Jun  1 21:06 ModularCG_A1.java
-rw-rw-r-- 1 travis travis   808 Jun  1 21:06 ModularCG_A1.mk
-rw-rw-r-- 1 travis travis  1433 Jun  1 21:06 ModularCG_A1_profile.class
-rw-rw-r-- 1 travis travis  1704 Jun  1 21:06 ModularCG_A1_profile.java
-rw-rw-r-- 1 travis travis  3827 Jun  1 21:06 ModularCG_A2_B1.class
-rw-rw-r-- 1 travis travis 10667 Jun  1 21:06 ModularCG_A2_B1.java
-rw-rw-r-- 1 travis travis   832 Jun  1 21:06 ModularCG_A2_B1.mk
-rw-rw-r-- 1 travis travis  1381 Jun  1 21:06 ModularCG_A2_B1_profile.class
-rw-rw-r-- 1 travis travis  1446 Jun  1 21:06 ModularCG_A2_B1_profile.java
-rw-rw-r-- 1 travis travis  1262 Jun  1 21:06 ModularCG_A2_B2_profile.java
-rw-rw-r-- 1 travis travis  3492 Jun  1 21:06 ModularCodeGenTest_A1_A2.class
-rw-rw-r-- 1 travis travis  9164 Jun  1 21:06 ModularCodeGenTest_A1_A2.java
-rw-rw-r-- 1 travis travis   904 Jun  1 21:06 ModularCodeGenTest_A1_A2.mk
-rw-rw-r-- 1 travis travis  1306 Jun  1 21:06 ModularCodeGenTest_A1_A2_profile.class
-rw-rw-r-- 1 travis travis  1228 Jun  1 21:06 ModularCodeGenTest_A1_A2_profile.java
-rw-rw-r-- 1 travis travis  3823 Jun  1 21:06 ModularCodeGenTest_A1.class
-rw-rw-r-- 1 travis travis  9968 Jun  1 21:06 ModularCodeGenTest_A1.java
-rw-rw-r-- 1 travis travis   880 Jun  1 21:06 ModularCodeGenTest_A1.mk
-rw-rw-r-- 1 travis travis  1352 Jun  1 21:06 ModularCodeGenTest_A1_profile.class
-rw-rw-r-- 1 travis travis  1394 Jun  1 21:06 ModularCodeGenTest_A1_profile.java
-rw-rw-r-- 1 travis travis   432 Jun  1 21:06 Token.class
-rw-rw-r-- 1 travis travis   251 Jun  1 21:06 Token.java
    javac -classpath
.:/home/travis/build/icyphy/ptII:/home/travis/build/icyphy/ptII/lib/bsh-2.0b4.j
ar:/home/travis/build/icyphy/ptII/lib/ptCal.jar:/home/travis/build/icyphy/ptII/
lib/java_cup.jar:/home/travis/build/icyphy/ptII/lib/saxon8.jar:/home/travis/bui
ld/icyphy/ptII/lib/saxon8-dom.jar:/home/travis/build/icyphy/ptII/lib/chic.jar:/
home/travis/build/icyphy/ptII/lib/ptcolt.jar:/usr/lib/jvm/java-8-oracle/lib/too
ls.jar:/usr/lib/eclipse/plugins/org.eclipse.jdt.core_3.8.2.dist.jar:/usr/lib/ec
lipse/plugins/org.eclipse.core.runtime_3.8.0.dist.jar:/usr/lib/eclipse/plugins/
org.eclipse.osgi_3.8.1.dist.jar:/usr/lib/eclipse/plugins/org.eclipse.core.resou
rces_3.8.1.dist.jar:/usr/lib/eclipse/plugins/org.eclipse.equinox.common_3.6.100
.dist.jar:/usr/lib/eclipse/plugins/org.eclipse.core.jobs_3.5.200.dist.jar:/usr/
lib/eclipse/plugins/org.eclipse.core.contenttype_3.4.200.dist.jar:/usr/lib/ecli
pse/plugins/org.eclipse.equinox.preferences_3.5.0.dist.jar:/usr/lib/eclipse/plu
gins/org.eclipse.text_3.5.200.dist.jar:/usr/lib/eclipse/plugins/org.eclipse.ui.
workbench_3.8.1.dist.jar:/usr/lib/eclipse/plugins/org.eclipse.jface_3.8.0.dist.
jar:/usr/lib/eclipse/plugins/org.eclipse.swt_3.8.2.jar:/usr/lib/eclipse/plugins
/org.eclipse.jface.text_3.8.1.dist.jar:/usr/lib/eclipse/plugins/org.eclipse.ui.
workbench.texteditor_3.8.0.dist.jar:/usr/lib/eclipse/plugins/org.eclipse.ui.edi
tors_3.8.0.dist.jar:/usr/lib/eclipse/plugins/org.eclipse.core.commands_3.6.1.di
st.jar:/usr/lib/eclipse/plugins/org.eclipse.equinox.registry_3.5.200.dist.jar:/
usr/lib/eclipse/plugins/org.eclipse.ui.console_3.5.100.dist.jar:/usr/lib/eclips
e/plugins/org.eclipse.ui.forms_3.5.200.dist.jar:/usr/lib/eclipse/plugins/org.ec
lipse.ui.ide_3.8.1.dist.jar:/home/travis/build/icyphy/ptII/vendors/oracle/dbxml
.jar:/home/travis/build/icyphy/ptII/vendors/oracle/db.jar:/home/travis/build/ic
yphy/ptII/vendors/misc/itext/iText.jar:/home/travis/build/icyphy/ptII/lib/g4ltl
.jar:/home/travis/build/icyphy/ptII/lib/StructuralCoder.jar:/home/travis/build/
icyphy/ptII/lib/org-openide-util.jar:/home/travis/build/icyphy/ptII/lib/org-ope
nide-util-lookup.jar:/home/travis/build/icyphy/ptII/lib/org-netbeans-api-visual
.jar:/home/travis/build/icyphy/ptII/vendors/jai-1_1_2_01/lib/jai_core.jar:/home
/travis/build/icyphy/ptII/vendors/jai-1_1_2_01/lib/jai_codec.jar:/home/travis/b
uild/icyphy/ptII/lib/jcerti.jar:/home/travis/build/icyphy/ptII/lib/smack.jar:/h
ome/travis/build/icyphy/ptII/lib/smackx.jar:/home/travis/build/icyphy/ptII/lib/
jetty-all-8.1.5-v20120716.jar:/home/travis/build/icyphy/ptII/lib/javax.servlet-
api-3.0.1.jar:/home/travis/build/icyphy/ptII/lib/javax.mail.jar:/home/travis/bu
ild/icyphy/ptII/vendors/JMF-2.1.1e/lib/jmf.jar:/home/travis/build/icyphy/ptII/l
ib/jna-4.0.0-variadic.jar:/home/travis/build/icyphy/ptII/vendors/misc/joystick/
Joystick.jar:/home/travis/build/icyphy/ptII/lib/ptjacl.jar:/home/travis/build/i
cyphy/ptII/lib/jsoup-1.8.2.jar:/home/travis/build/icyphy/ptII/lib/junit-4.8.2.j
ar:/home/travis/build/icyphy/ptII/lib/JUnitParams-0.4.0.jar:/home/travis/build/
icyphy/ptII/ptolemy/actor/lib/excel/jxl.jar:/home/travis/build/icyphy/ptII/lib/
jython.jar:/home/travis/build/icyphy/ptII/lib/kieler.jar:/home/travis/build/icy
phy/ptII/vendors/opencv/share/OpenCV/java/opencv-341.jar:/home/travis/build/icy
phy/ptII/lib/oscP5.jar:/home/travis/build/icyphy/ptII/lib/nrjavaserial-3.11.0.d
evel.jar:/usr/share/java/j3dcore.jar:/usr/share/java/j3dutils.jar:/usr/share/ja
va/vecmath.jar:/home/travis/build/icyphy/ptII/ptolemy/distributed/jini/jar/jini
-core.jar:/home/travis/build/icyphy/ptII/ptolemy/distributed/jini/jar/jini-ext.
jar:/home/travis/build/icyphy/ptII/ptolemy/distributed/jini/jar/sun-util.jar:/h
ome/travis/build/icyphy/ptII/lib/protobuf-java-2.4.1.jar:/home/travis/build/icy
phy/ptII/lib/org.eclipse.paho.client.mqttv3.jar:/home/travis/build/icyphy/ptII/
ptserver/lib/hessian-4.0.7.jar:/home/travis/build/icyphy/ptII/ptserver/lib/wmqt
t.jar:/home/travis/build/icyphy/ptII/lib/mapss.jar:/home/travis/build/icyphy/pt
II/ptolemy/actor/ptalon/antlr/antlr.jar:/home/travis/build/icyphy/ptII/lib/JRI.
jar:/home/travis/build/icyphy/ptII/lib/commons-lang-2.6.jar:/home/travis/build/
icyphy/ptII/lib/commons-logging-1.1.1.jar:/home/travis/build/icyphy/ptII/lib/so
otclasses.jar:/home/travis/build/icyphy/ptII/ptolemy/actor/lib/database/mysql-c
onnector-java-5.1.6-bin.jar:/home/travis/build/icyphy/ptII/vendors/misc/sphinx4
/sphinx4-data-5prealpha.jar:/home/travis/build/icyphy/ptII/vendors/misc/sphinx4
/sphinx4-core-5prealpha.jar:/home/travis/build/icyphy/ptII/lib/PDFRenderer.jar:
/home/travis/build/icyphy/ptII/lib/svgSalamander.jar:/home/travis/build/icyphy/
ptII/lib/rsyntaxtextarea-2.6.0-SNAPSHOT.jar:/home/travis/build/icyphy/ptII/lib/
hazelcast-3.8.2.jar:/home/travis/build/icyphy/ptII/lib/jackson-annotations-2.9.
0.jar:/home/travis/build/icyphy/ptII/lib/jackson-core-2.9.3.jar:/home/travis/bu
ild/icyphy/ptII/lib/jackson-databind-2.9.3.jar:/home/travis/build/icyphy/ptII/l
ib/netty-buffer-4.1.19.Final.jar:/home/travis/build/icyphy/ptII/lib/netty-codec
-4.1.19.Final.jar:/home/travis/build/icyphy/ptII/lib/netty-codec-dns-4.1.19.Fin
al.jar:/home/travis/build/icyphy/ptII/lib/netty-codec-http-4.1.19.Final.jar:/ho
me/travis/build/icyphy/ptII/lib/netty-codec-http2-4.1.19.Final.jar:/home/travis
/build/icyphy/ptII/lib/netty-common-4.1.19.Final.jar:/home/travis/build/icyphy/
ptII/lib/netty-handler-4.1.19.Final.jar:/home/travis/build/icyphy/ptII/lib/nett
y-resolver-4.1.19.Final.jar:/home/travis/build/icyphy/ptII/lib/netty-resolver-d
ns-4.1.19.Final.jar:/home/travis/build/icyphy/ptII/lib/netty-transport-4.1.19.F
inal.jar:/home/travis/build/icyphy/ptII/lib/vertx-codegen-3.5.1.jar:/home/travi
s/build/icyphy/ptII/lib/vertx-core-3.5.2-SNAPSHOT.jar:/home/travis/build/icyphy
/ptII/lib/vertx-hazelcast-3.5.1.jar:/home/travis/build/icyphy/ptII/lib/vertx-la
ng-js-3.5.1.jar:/home/travis/build/icyphy/ptII/lib/vertx-service-proxy-3.5.1.ja
r:/home/travis/build/icyphy/ptII/lib/vertx-web-3.5.1.jar:/home/travis/build/icy
phy/ptII/lib/slf4j-api-1.7.13.jar:/home/travis/build/icyphy/ptII/lib/slf4j-simp
le-1.7.13.jar:/home/travis/build/icyphy/ptII/lib/webcam-capture-0.3.12.jar:/hom
e/travis/build/icyphy/ptII/lib/bridj-0.7.0.jar:/home/travis/build/icyphy/ptII/l
ib/xbjlib-1.1.0.nrjavaserial.jar:/home/travis/build/icyphy/ptII/ptolemy/moml/te
st:/home/travis/build/icyphy/ptII/ant/lib/ant-launcher.jar:/home/travis/build/i
cyphy/ptII/ant/lib/ant.jar:/home/travis/build/icyphy/ptII/ant/lib/ant-junit.jar
:/home/travis/build/icyphy/ptII/ant/lib/ant-junit4.jar:/home/travis/build/icyph
y/ptII ModularCG_A2_B2_profile.java
warning: Supported source version 'RELEASE_6' from annotation processor 'org.netbeans.modules.openide.util.NbBundleProcessor' less than -source '1.8'
warning: Supported source version 'RELEASE_6' from annotation processor 'org.netbeans.modules.openide.util.URLStreamHandlerRegistrationProcessor' less than -source '1.8'
warning: Supported source version 'RELEASE_6' from annotation processor 'org.netbeans.modules.openide.util.ServiceProviderProcessor' less than -source '1.8'
3 warnings
All Done
Writing ModularCG_A2_B2.java in file:/home/travis/cg/ (9730 characters)
Reading "ptolemy/cg/kernel/generic/program/procedural/java/modular/makefile.in",
    writing "/home/travis/cg/ModularCG_A2_B2.mk"
Using ptolemy/cg/kernel/generic/program/procedural/java/modular/makefile.in
In "/home/travis/cg", about to execute:
    make -f ModularCG_A2_B2.mk
javac -classpath ".:.."    ModularCG_A2_B2.java
All Done
In "/home/travis/cg", about to execute:
    pwd
In "/home/travis/cg", about to execute:
    ls -l
/home/travis/cg
In "/home/travis/cg", about to execute:
    javac -classpath
.:/home/travis/build/icyphy/ptII:/home/travis/build/icyphy/ptII/lib/bsh-2.0b4.j
ar:/home/travis/build/icyphy/ptII/lib/ptCal.jar:/home/travis/build/icyphy/ptII/
lib/java_cup.jar:/home/travis/build/icyphy/ptII/lib/saxon8.jar:/home/travis/bui
ld/icyphy/ptII/lib/saxon8-dom.jar:/home/travis/build/icyphy/ptII/lib/chic.jar:/
home/travis/build/icyphy/ptII/lib/ptcolt.jar:/usr/lib/jvm/java-8-oracle/lib/too
ls.jar:/usr/lib/eclipse/plugins/org.eclipse.jdt.core_3.8.2.dist.jar:/usr/lib/ec
lipse/plugins/org.eclipse.core.runtime_3.8.0.dist.jar:/usr/lib/eclipse/plugins/
org.eclipse.osgi_3.8.1.dist.jar:/usr/lib/eclipse/plugins/org.eclipse.core.resou
rces_3.8.1.dist.jar:/usr/lib/eclipse/plugins/org.eclipse.equinox.common_3.6.100
.dist.jar:/usr/lib/eclipse/plugins/org.eclipse.core.jobs_3.5.200.dist.jar:/usr/
lib/eclipse/plugins/org.eclipse.core.contenttype_3.4.200.dist.jar:/usr/lib/ecli
pse/plugins/org.eclipse.equinox.preferences_3.5.0.dist.jar:/usr/lib/eclipse/plu
gins/org.eclipse.text_3.5.200.dist.jar:/usr/lib/eclipse/plugins/org.eclipse.ui.
workbench_3.8.1.dist.jar:/usr/lib/eclipse/plugins/org.eclipse.jface_3.8.0.dist.
jar:/usr/lib/eclipse/plugins/org.eclipse.swt_3.8.2.jar:/usr/lib/eclipse/plugins
/org.eclipse.jface.text_3.8.1.dist.jar:/usr/lib/eclipse/plugins/org.eclipse.ui.
workbench.texteditor_3.8.0.dist.jar:/usr/lib/eclipse/plugins/org.eclipse.ui.edi
tors_3.8.0.dist.jar:/usr/lib/eclipse/plugins/org.eclipse.core.commands_3.6.1.di
st.jar:/usr/lib/eclipse/plugins/org.eclipse.equinox.registry_3.5.200.dist.jar:/
usr/lib/eclipse/plugins/org.eclipse.ui.console_3.5.100.dist.jar:/usr/lib/eclips
e/plugins/org.eclipse.ui.forms_3.5.200.dist.jar:/usr/lib/eclipse/plugins/org.ec
lipse.ui.ide_3.8.1.dist.jar:/home/travis/build/icyphy/ptII/vendors/oracle/dbxml
.jar:/home/travis/build/icyphy/ptII/vendors/oracle/db.jar:/home/travis/build/ic
yphy/ptII/vendors/misc/itext/iText.jar:/home/travis/build/icyphy/ptII/lib/g4ltl
.jar:/home/travis/build/icyphy/ptII/lib/StructuralCoder.jar:/home/travis/build/
icyphy/ptII/lib/org-openide-util.jar:/home/travis/build/icyphy/ptII/lib/org-ope
nide-util-lookup.jar:/home/travis/build/icyphy/ptII/lib/org-netbeans-api-visual
.jar:/home/travis/build/icyphy/ptII/vendors/jai-1_1_2_01/lib/jai_core.jar:/home
/travis/build/icyphy/ptII/vendors/jai-1_1_2_01/lib/jai_codec.jar:/home/travis/b
uild/icyphy/ptII/lib/jcerti.jar:/home/travis/build/icyphy/ptII/lib/smack.jar:/h
ome/travis/build/icyphy/ptII/lib/smackx.jar:/home/travis/build/icyphy/ptII/lib/
jetty-all-8.1.5-v20120716.jar:/home/travis/build/icyphy/ptII/lib/javax.servlet-
api-3.0.1.jar:/home/travis/build/icyphy/ptII/lib/javax.mail.jar:/home/travis/bu
ild/icyphy/ptII/vendors/JMF-2.1.1e/lib/jmf.jar:/home/travis/build/icyphy/ptII/l
ib/jna-4.0.0-variadic.jar:/home/travis/build/icyphy/ptII/vendors/misc/joystick/
Joystick.jar:/home/travis/build/icyphy/ptII/lib/ptjacl.jar:/home/travis/build/i
cyphy/ptII/lib/jsoup-1.8.2.jar:/home/travis/build/icyphy/ptII/lib/junit-4.8.2.j
ar:/home/travis/build/icyphy/ptII/lib/JUnitParams-0.4.0.jar:/home/travis/build/
icyphy/ptII/ptolemy/actor/lib/excel/jxl.jar:/home/travis/build/icyphy/ptII/lib/
jython.jar:/home/travis/build/icyphy/ptII/lib/kieler.jar:/home/travis/build/icy
phy/ptII/vendors/opencv/share/OpenCV/java/opencv-341.jar:/home/travis/build/icy
phy/ptII/lib/oscP5.jar:/home/travis/build/icyphy/ptII/lib/nrjavaserial-3.11.0.d
evel.jar:/usr/share/java/j3dcore.jar:/usr/share/java/j3dutils.jar:/usr/share/ja
va/vecmath.jar:/home/travis/build/icyphy/ptII/ptolemy/distributed/jini/jar/jini
-core.jar:/home/travis/build/icyphy/ptII/ptolemy/distributed/jini/jar/jini-ext.
jar:/home/travis/build/icyphy/ptII/ptolemy/distributed/jini/jar/sun-util.jar:/h
ome/travis/build/icyphy/ptII/lib/protobuf-java-2.4.1.jar:/home/travis/build/icy
phy/ptII/lib/org.eclipse.paho.client.mqttv3.jar:/home/travis/build/icyphy/ptII/
ptserver/lib/hessian-4.0.7.jar:/home/travis/build/icyphy/ptII/ptserver/lib/wmqt
t.jar:/home/travis/build/icyphy/ptII/lib/mapss.jar:/home/travis/build/icyphy/pt
II/ptolemy/actor/ptalon/antlr/antlr.jar:/home/travis/build/icyphy/ptII/lib/JRI.
jar:/home/travis/build/icyphy/ptII/lib/commons-lang-2.6.jar:/home/travis/build/
icyphy/ptII/lib/commons-logging-1.1.1.jar:/home/travis/build/icyphy/ptII/lib/so
otclasses.jar:/home/travis/build/icyphy/ptII/ptolemy/actor/lib/database/mysql-c
onnector-java-5.1.6-bin.jar:/home/travis/build/icyphy/ptII/vendors/misc/sphinx4
/sphinx4-data-5prealpha.jar:/home/travis/build/icyphy/ptII/vendors/misc/sphinx4
/sphinx4-core-5prealpha.jar:/home/travis/build/icyphy/ptII/lib/PDFRenderer.jar:
/home/travis/build/icyphy/ptII/lib/svgSalamander.jar:/home/travis/build/icyphy/
ptII/lib/rsyntaxtextarea-2.6.0-SNAPSHOT.jar:/home/travis/build/icyphy/ptII/lib/
hazelcast-3.8.2.jar:/home/travis/build/icyphy/ptII/lib/jackson-annotations-2.9.
0.jar:/home/travis/build/icyphy/ptII/lib/jackson-core-2.9.3.jar:/home/travis/bu
ild/icyphy/ptII/lib/jackson-databind-2.9.3.jar:/home/travis/build/icyphy/ptII/l
ib/netty-buffer-4.1.19.Final.jar:/home/travis/build/icyphy/ptII/lib/netty-codec
-4.1.19.Final.jar:/home/travis/build/icyphy/ptII/lib/netty-codec-dns-4.1.19.Fin
al.jar:/home/travis/build/icyphy/ptII/lib/netty-codec-http-4.1.19.Final.jar:/ho
me/travis/build/icyphy/ptII/lib/netty-codec-http2-4.1.19.Final.jar:/home/travis
/build/icyphy/ptII/lib/netty-common-4.1.19.Final.jar:/home/travis/build/icyphy/
ptII/lib/netty-handler-4.1.19.Final.jar:/home/travis/build/icyphy/ptII/lib/nett
y-resolver-4.1.19.Final.jar:/home/travis/build/icyphy/ptII/lib/netty-resolver-d
ns-4.1.19.Final.jar:/home/travis/build/icyphy/ptII/lib/netty-transport-4.1.19.F
inal.jar:/home/travis/build/icyphy/ptII/lib/vertx-codegen-3.5.1.jar:/home/travi
s/build/icyphy/ptII/lib/vertx-core-3.5.2-SNAPSHOT.jar:/home/travis/build/icyphy
/ptII/lib/vertx-hazelcast-3.5.1.jar:/home/travis/build/icyphy/ptII/lib/vertx-la
ng-js-3.5.1.jar:/home/travis/build/icyphy/ptII/lib/vertx-service-proxy-3.5.1.ja
r:/home/travis/build/icyphy/ptII/lib/vertx-web-3.5.1.jar:/home/travis/build/icy
phy/ptII/lib/slf4j-api-1.7.13.jar:/home/travis/build/icyphy/ptII/lib/slf4j-simp
le-1.7.13.jar:/home/travis/build/icyphy/ptII/lib/webcam-capture-0.3.12.jar:/hom
e/travis/build/icyphy/ptII/lib/bridj-0.7.0.jar:/home/travis/build/icyphy/ptII/l
ib/xbjlib-1.1.0.nrjavaserial.jar:/home/travis/build/icyphy/ptII/ptolemy/moml/te
st:/home/travis/build/icyphy/ptII/ant/lib/ant-launcher.jar:/home/travis/build/i
cyphy/ptII/ant/lib/ant.jar:/home/travis/build/icyphy/ptII/ant/lib/ant-junit.jar
:/home/travis/build/icyphy/ptII/ant/lib/ant-junit4.jar:/home/travis/build/icyph
y/ptII ModularCG_A2_profile.java
total 364
-rw-rw-r-- 1 travis travis  4895 Jun  1 21:06 CompiledCompositeActor_CompiledCompositeActor.class
-rw-rw-r-- 1 travis travis  1592 Jun  1 21:06 CompiledCompositeActor_CompiledCompositeActor$_CompiledCompositeActor_CompiledCompositeActor.class
-rw-rw-r-- 1 travis travis 13466 Jun  1 21:06 CompiledCompositeActor_CompiledCompositeActor.java
-rw-rw-r-- 1 travis travis  1593 Jun  1 21:06 CompiledCompositeActor_CompiledCompositeActor.mk
-rw-rw-r-- 1 travis travis  4457 Jun  1 21:06 JavaCompiledCompositeTest1_CompiledCompositeActor.class
-rw-rw-r-- 1 travis travis 11637 Jun  1 21:06 JavaCompiledCompositeTest1_CompiledCompositeActor.java
-rw-rw-r-- 1 travis travis  1198 Jun  1 21:06 JavaCompiledCompositeTest1_CompiledCompositeActor$_JavaCompiledCompositeTest1_CompiledCompositeActor.class
-rw-rw-r-- 1 travis travis  1625 Jun  1 21:06 JavaCompiledCompositeTest1_CompiledCompositeActor.mk
-rw-rw-r-- 1 travis travis  4888 Jun  1 21:06 JavaCompiledCompositeTest2_CompiledCompositeActor.class
-rw-rw-r-- 1 travis travis 14919 Jun  1 21:06 JavaCompiledCompositeTest2_CompiledCompositeActor.java
-rw-rw-r-- 1 travis travis  1793 Jun  1 21:06 JavaCompiledCompositeTest2_CompiledCompositeActor$_JavaCompiledCompositeTest2_CompiledCompositeActor.class
-rw-rw-r-- 1 travis travis  1625 Jun  1 21:06 JavaCompiledCompositeTest2_CompiledCompositeActor.mk
-rw-rw-r-- 1 travis travis  4505 Jun  1 21:06 JavaCompiledCompositeTest3_CompiledCompositeActor.class
-rw-rw-r-- 1 travis travis 13080 Jun  1 21:06 JavaCompiledCompositeTest3_CompiledCompositeActor.java
-rw-rw-r-- 1 travis travis  1378 Jun  1 21:06 JavaCompiledCompositeTest3_CompiledCompositeActor$_JavaCompiledCompositeTest3_CompiledCompositeActor.class
-rw-rw-r-- 1 travis travis  1625 Jun  1 21:06 JavaCompiledCompositeTest3_CompiledCompositeActor.mk
-rw-rw-r-- 1 travis travis  3953 Jun  1 21:06 JavaCompiledCompositeTest4_CompiledCompositeActor.class
-rw-rw-r-- 1 travis travis  9687 Jun  1 21:06 JavaCompiledCompositeTest4_CompiledCompositeActor.java
-rw-rw-r-- 1 travis travis   857 Jun  1 21:06 JavaCompiledCompositeTest4_CompiledCompositeActor$_JavaCompiledCompositeTest4_CompiledCompositeActor.class
-rw-rw-r-- 1 travis travis  1625 Jun  1 21:06 JavaCompiledCompositeTest4_CompiledCompositeActor.mk
-rw-rw-r-- 1 travis travis  3693 Jun  1 21:06 ModularCG_A1_B1.class
-rw-rw-r-- 1 travis travis  9730 Jun  1 21:06 ModularCG_A1_B1.java
-rw-rw-r-- 1 travis travis   832 Jun  1 21:06 ModularCG_A1_B1.mk
-rw-rw-r-- 1 travis travis  1318 Jun  1 21:06 ModularCG_A1_B1_profile.class
-rw-rw-r-- 1 travis travis  1262 Jun  1 21:06 ModularCG_A1_B1_profile.java
-rw-rw-r-- 1 travis travis  3693 Jun  1 21:06 ModularCG_A1_B2.class
-rw-rw-r-- 1 travis travis  9730 Jun  1 21:06 ModularCG_A1_B2.java
-rw-rw-r-- 1 travis travis   832 Jun  1 21:06 ModularCG_A1_B2.mk
-rw-rw-r-- 1 travis travis  1318 Jun  1 21:06 ModularCG_A1_B2_profile.class
-rw-rw-r-- 1 travis travis  1262 Jun  1 21:06 ModularCG_A1_B2_profile.java
-rw-rw-r-- 1 travis travis  4799 Jun  1 21:06 ModularCG_A1.class
-rw-rw-r-- 1 travis travis 14742 Jun  1 21:06 ModularCG_A1.java
-rw-rw-r-- 1 travis travis   808 Jun  1 21:06 ModularCG_A1.mk
-rw-rw-r-- 1 travis travis  1433 Jun  1 21:06 ModularCG_A1_profile.class
-rw-rw-r-- 1 travis travis  1704 Jun  1 21:06 ModularCG_A1_profile.java
-rw-rw-r-- 1 travis travis  3827 Jun  1 21:06 ModularCG_A2_B1.class
-rw-rw-r-- 1 travis travis 10667 Jun  1 21:06 ModularCG_A2_B1.java
-rw-rw-r-- 1 travis travis   832 Jun  1 21:06 ModularCG_A2_B1.mk
-rw-rw-r-- 1 travis travis  1381 Jun  1 21:06 ModularCG_A2_B1_profile.class
-rw-rw-r-- 1 travis travis  1446 Jun  1 21:06 ModularCG_A2_B1_profile.java
-rw-rw-r-- 1 travis travis  3693 Jun  1 21:06 ModularCG_A2_B2.class
-rw-rw-r-- 1 travis travis  9730 Jun  1 21:06 ModularCG_A2_B2.java
-rw-rw-r-- 1 travis travis   832 Jun  1 21:06 ModularCG_A2_B2.mk
-rw-rw-r-- 1 travis travis  1318 Jun  1 21:06 ModularCG_A2_B2_profile.class
-rw-rw-r-- 1 travis travis  1262 Jun  1 21:06 ModularCG_A2_B2_profile.java
-rw-rw-r-- 1 travis travis  1704 Jun  1 21:06 ModularCG_A2_profile.java
-rw-rw-r-- 1 travis travis  3492 Jun  1 21:06 ModularCodeGenTest_A1_A2.class
-rw-rw-r-- 1 travis travis  9164 Jun  1 21:06 ModularCodeGenTest_A1_A2.java
-rw-rw-r-- 1 travis travis   904 Jun  1 21:06 ModularCodeGenTest_A1_A2.mk
-rw-rw-r-- 1 travis travis  1306 Jun  1 21:06 ModularCodeGenTest_A1_A2_profile.class
-rw-rw-r-- 1 travis travis  1228 Jun  1 21:06 ModularCodeGenTest_A1_A2_profile.java
-rw-rw-r-- 1 travis travis  3823 Jun  1 21:06 ModularCodeGenTest_A1.class
-rw-rw-r-- 1 travis travis  9968 Jun  1 21:06 ModularCodeGenTest_A1.java
-rw-rw-r-- 1 travis travis   880 Jun  1 21:06 ModularCodeGenTest_A1.mk
-rw-rw-r-- 1 travis travis  1352 Jun  1 21:06 ModularCodeGenTest_A1_profile.class
-rw-rw-r-- 1 travis travis  1394 Jun  1 21:06 ModularCodeGenTest_A1_profile.java
-rw-rw-r-- 1 travis travis   432 Jun  1 21:06 Token.class
-rw-rw-r-- 1 travis travis   251 Jun  1 21:06 Token.java
warning: Supported source version 'RELEASE_6' from annotation processor 'org.netbeans.modules.openide.util.NbBundleProcessor' less than -source '1.8'
warning: Supported source version 'RELEASE_6' from annotation processor 'org.netbeans.modules.openide.util.URLStreamHandlerRegistrationProcessor' less than -source '1.8'
warning: Supported source version 'RELEASE_6' from annotation processor 'org.netbeans.modules.openide.util.ServiceProviderProcessor' less than -source '1.8'
3 warnings
All Done
Writing ModularCG_A2.java in file:/home/travis/cg/ (15129 characters)
Reading "ptolemy/cg/kernel/generic/program/procedural/java/modular/makefile.in",
    writing "/home/travis/cg/ModularCG_A2.mk"
Using ptolemy/cg/kernel/generic/program/procedural/java/modular/makefile.in
In "/home/travis/cg", about to execute:
    make -f ModularCG_A2.mk
javac -classpath ".:.."    ModularCG_A2.java
All Done
Manager.initialize() finished: 15342 ms. Memory: 256000K Free: 84409K (33%)
15345 ms. Memory: 256000K Free: 84409K (33%)
----------------- Invoking toplevel() on ptolemy.moml.MoMLSimpleApplication@1e64b519
----------------- Done invoking toplevel() on ptolemy.moml.MoMLSimpleApplication@1e64b519
reloadAllAccessors: .ModularCG

===========================================================================================
----------------- testing Fri Jun 01 21:06:40 UTC 2018 /home/travis/build/icyphy/ptII/ptolemy/cg/lib/test/auto/ModularCGPubSub.xml
----------------- Instantiating /home/travis/build/icyphy/ptII/ptolemy/cg/lib/test/auto/ModularCGPubSub.xml
In "/home/travis/cg", about to execute:
    pwd
In "/home/travis/cg", about to execute:
    ls -l
/home/travis/cg
In "/home/travis/cg", about to execute:
    javac -classpath
.:/home/travis/build/icyphy/ptII:/home/travis/build/icyphy/ptII/lib/bsh-2.0b4.j
ar:/home/travis/build/icyphy/ptII/lib/ptCal.jar:/home/travis/build/icyphy/ptII/
lib/java_cup.jar:/home/travis/build/icyphy/ptII/lib/saxon8.jar:/home/travis/bui
ld/icyphy/ptII/lib/saxon8-dom.jar:/home/travis/build/icyphy/ptII/lib/chic.jar:/
home/travis/build/icyphy/ptII/lib/ptcolt.jar:/usr/lib/jvm/java-8-oracle/lib/too
ls.jar:/usr/lib/eclipse/plugins/org.eclipse.jdt.core_3.8.2.dist.jar:/usr/lib/ec
lipse/plugins/org.eclipse.core.runtime_3.8.0.dist.jar:/usr/lib/eclipse/plugins/
org.eclipse.osgi_3.8.1.dist.jar:/usr/lib/eclipse/plugins/org.eclipse.core.resou
rces_3.8.1.dist.jar:/usr/lib/eclipse/plugins/org.eclipse.equinox.common_3.6.100
.dist.jar:/usr/lib/eclipse/plugins/org.eclipse.core.jobs_3.5.200.dist.jar:/usr/
lib/eclipse/plugins/org.eclipse.core.contenttype_3.4.200.dist.jar:/usr/lib/ecli
pse/plugins/org.eclipse.equinox.preferences_3.5.0.dist.jar:/usr/lib/eclipse/plu
gins/org.eclipse.text_3.5.200.dist.jar:/usr/lib/eclipse/plugins/org.eclipse.ui.
workbench_3.8.1.dist.jar:/usr/lib/eclipse/plugins/org.eclipse.jface_3.8.0.dist.
jar:/usr/lib/eclipse/plugins/org.eclipse.swt_3.8.2.jar:/usr/lib/eclipse/plugins
/org.eclipse.jface.text_3.8.1.dist.jar:/usr/lib/eclipse/plugins/org.eclipse.ui.
workbench.texteditor_3.8.0.dist.jar:/usr/lib/eclipse/plugins/org.eclipse.ui.edi
tors_3.8.0.dist.jar:/usr/lib/eclipse/plugins/org.eclipse.core.commands_3.6.1.di
st.jar:/usr/lib/eclipse/plugins/org.eclipse.equinox.registry_3.5.200.dist.jar:/
usr/lib/eclipse/plugins/org.eclipse.ui.console_3.5.100.dist.jar:/usr/lib/eclips
e/plugins/org.eclipse.ui.forms_3.5.200.dist.jar:/usr/lib/eclipse/plugins/org.ec
lipse.ui.ide_3.8.1.dist.jar:/home/travis/build/icyphy/ptII/vendors/oracle/dbxml
.jar:/home/travis/build/icyphy/ptII/vendors/oracle/db.jar:/home/travis/build/ic
yphy/ptII/vendors/misc/itext/iText.jar:/home/travis/build/icyphy/ptII/lib/g4ltl
.jar:/home/travis/build/icyphy/ptII/lib/StructuralCoder.jar:/home/travis/build/
icyphy/ptII/lib/org-openide-util.jar:/home/travis/build/icyphy/ptII/lib/org-ope
nide-util-lookup.jar:/home/travis/build/icyphy/ptII/lib/org-netbeans-api-visual
.jar:/home/travis/build/icyphy/ptII/vendors/jai-1_1_2_01/lib/jai_core.jar:/home
/travis/build/icyphy/ptII/vendors/jai-1_1_2_01/lib/jai_codec.jar:/home/travis/b
uild/icyphy/ptII/lib/jcerti.jar:/home/travis/build/icyphy/ptII/lib/smack.jar:/h
ome/travis/build/icyphy/ptII/lib/smackx.jar:/home/travis/build/icyphy/ptII/lib/
jetty-all-8.1.5-v20120716.jar:/home/travis/build/icyphy/ptII/lib/javax.servlet-
api-3.0.1.jar:/home/travis/build/icyphy/ptII/lib/javax.mail.jar:/home/travis/bu
ild/icyphy/ptII/vendors/JMF-2.1.1e/lib/jmf.jar:/home/travis/build/icyphy/ptII/l
ib/jna-4.0.0-variadic.jar:/home/travis/build/icyphy/ptII/vendors/misc/joystick/
Joystick.jar:/home/travis/build/icyphy/ptII/lib/ptjacl.jar:/home/travis/build/i
cyphy/ptII/lib/jsoup-1.8.2.jar:/home/travis/build/icyphy/ptII/lib/junit-4.8.2.j
ar:/home/travis/build/icyphy/ptII/lib/JUnitParams-0.4.0.jar:/home/travis/build/
icyphy/ptII/ptolemy/actor/lib/excel/jxl.jar:/home/travis/build/icyphy/ptII/lib/
jython.jar:/home/travis/build/icyphy/ptII/lib/kieler.jar:/home/travis/build/icy
phy/ptII/vendors/opencv/share/OpenCV/java/opencv-341.jar:/home/travis/build/icy
phy/ptII/lib/oscP5.jar:/home/travis/build/icyphy/ptII/lib/nrjavaserial-3.11.0.d
evel.jar:/usr/share/java/j3dcore.jar:/usr/share/java/j3dutils.jar:/usr/share/ja
va/vecmath.jar:/home/travis/build/icyphy/ptII/ptolemy/distributed/jini/jar/jini
-core.jar:/home/travis/build/icyphy/ptII/ptolemy/distributed/jini/jar/jini-ext.
jar:/home/travis/build/icyphy/ptII/ptolemy/distributed/jini/jar/sun-util.jar:/h
ome/travis/build/icyphy/ptII/lib/protobuf-java-2.4.1.jar:/home/travis/build/icy
phy/ptII/lib/org.eclipse.paho.client.mqttv3.jar:/home/travis/build/icyphy/ptII/
ptserver/lib/hessian-4.0.7.jar:/home/travis/build/icyphy/ptII/ptserver/lib/wmqt
t.jar:/home/travis/build/icyphy/ptII/lib/mapss.jar:/home/travis/build/icyphy/pt
II/ptolemy/actor/ptalon/antlr/antlr.jar:/home/travis/build/icyphy/ptII/lib/JRI.
jar:/home/travis/build/icyphy/ptII/lib/commons-lang-2.6.jar:/home/travis/build/
icyphy/ptII/lib/commons-logging-1.1.1.jar:/home/travis/build/icyphy/ptII/lib/so
otclasses.jar:/home/travis/build/icyphy/ptII/ptolemy/actor/lib/database/mysql-c
onnector-java-5.1.6-bin.jar:/home/travis/build/icyphy/ptII/vendors/misc/sphinx4
/sphinx4-data-5prealpha.jar:/home/travis/build/icyphy/ptII/vendors/misc/sphinx4
/sphinx4-core-5prealpha.jar:/home/travis/build/icyphy/ptII/lib/PDFRenderer.jar:
/home/travis/build/icyphy/ptII/lib/svgSalamander.jar:/home/travis/build/icyphy/
ptII/lib/rsyntaxtextarea-2.6.0-SNAPSHOT.jar:/home/travis/build/icyphy/ptII/lib/
hazelcast-3.8.2.jar:/home/travis/build/icyphy/ptII/lib/jackson-annotations-2.9.
0.jar:/home/travis/build/icyphy/ptII/lib/jackson-core-2.9.3.jar:/home/travis/bu
ild/icyphy/ptII/lib/jackson-databind-2.9.3.jar:/home/travis/build/icyphy/ptII/l
ib/netty-buffer-4.1.19.Final.jar:/home/travis/build/icyphy/ptII/lib/netty-codec
-4.1.19.Final.jar:/home/travis/build/icyphy/ptII/lib/netty-codec-dns-4.1.19.Fin
al.jar:/home/travis/build/icyphy/ptII/lib/netty-codec-http-4.1.19.Final.jar:/ho
me/travis/build/icyphy/ptII/lib/netty-codec-http2-4.1.19.Final.jar:/home/travis
/build/icyphy/ptII/lib/netty-common-4.1.19.Final.jar:/home/travis/build/icyphy/
ptII/lib/netty-handler-4.1.19.Final.jar:/home/travis/build/icyphy/ptII/lib/nett
y-resolver-4.1.19.Final.jar:/home/travis/build/icyphy/ptII/lib/netty-resolver-d
ns-4.1.19.Final.jar:/home/travis/build/icyphy/ptII/lib/netty-transport-4.1.19.F
inal.jar:/home/travis/build/icyphy/ptII/lib/vertx-codegen-3.5.1.jar:/home/travi
s/build/icyphy/ptII/lib/vertx-core-3.5.2-SNAPSHOT.jar:/home/travis/build/icyphy
/ptII/lib/vertx-hazelcast-3.5.1.jar:/home/travis/build/icyphy/ptII/lib/vertx-la
ng-js-3.5.1.jar:/home/travis/build/icyphy/ptII/lib/vertx-service-proxy-3.5.1.ja
r:/home/travis/build/icyphy/ptII/lib/vertx-web-3.5.1.jar:/home/travis/build/icy
phy/ptII/lib/slf4j-api-1.7.13.jar:/home/travis/build/icyphy/ptII/lib/slf4j-simp
le-1.7.13.jar:/home/travis/build/icyphy/ptII/lib/webcam-capture-0.3.12.jar:/hom
e/travis/build/icyphy/ptII/lib/bridj-0.7.0.jar:/home/travis/build/icyphy/ptII/l
ib/xbjlib-1.1.0.nrjavaserial.jar:/home/travis/build/icyphy/ptII/ptolemy/moml/te
st:/home/travis/build/icyphy/ptII/ant/lib/ant-launcher.jar:/home/travis/build/i
cyphy/ptII/ant/lib/ant.jar:/home/travis/build/icyphy/ptII/ant/lib/ant-junit.jar
:/home/travis/build/icyphy/ptII/ant/lib/ant-junit4.jar:/home/travis/build/icyph
y/ptII ModularCGPubSub_A1_A2_profile.java
total 400
-rw-rw-r-- 1 travis travis  4895 Jun  1 21:06 CompiledCompositeActor_CompiledCompositeActor.class
-rw-rw-r-- 1 travis travis  1592 Jun  1 21:06 CompiledCompositeActor_CompiledCompositeActor$_CompiledCompositeActor_CompiledCompositeActor.class
-rw-rw-r-- 1 travis travis 13466 Jun  1 21:06 CompiledCompositeActor_CompiledCompositeActor.java
-rw-rw-r-- 1 travis travis  1593 Jun  1 21:06 CompiledCompositeActor_CompiledCompositeActor.mk
-rw-rw-r-- 1 travis travis  4457 Jun  1 21:06 JavaCompiledCompositeTest1_CompiledCompositeActor.class
-rw-rw-r-- 1 travis travis 11637 Jun  1 21:06 JavaCompiledCompositeTest1_CompiledCompositeActor.java
-rw-rw-r-- 1 travis travis  1198 Jun  1 21:06 JavaCompiledCompositeTest1_CompiledCompositeActor$_JavaCompiledCompositeTest1_CompiledCompositeActor.class
-rw-rw-r-- 1 travis travis  1625 Jun  1 21:06 JavaCompiledCompositeTest1_CompiledCompositeActor.mk
-rw-rw-r-- 1 travis travis  4888 Jun  1 21:06 JavaCompiledCompositeTest2_CompiledCompositeActor.class
-rw-rw-r-- 1 travis travis 14919 Jun  1 21:06 JavaCompiledCompositeTest2_CompiledCompositeActor.java
-rw-rw-r-- 1 travis travis  1793 Jun  1 21:06 JavaCompiledCompositeTest2_CompiledCompositeActor$_JavaCompiledCompositeTest2_CompiledCompositeActor.class
-rw-rw-r-- 1 travis travis  1625 Jun  1 21:06 JavaCompiledCompositeTest2_CompiledCompositeActor.mk
-rw-rw-r-- 1 travis travis  4505 Jun  1 21:06 JavaCompiledCompositeTest3_CompiledCompositeActor.class
-rw-rw-r-- 1 travis travis 13080 Jun  1 21:06 JavaCompiledCompositeTest3_CompiledCompositeActor.java
-rw-rw-r-- 1 travis travis  1378 Jun  1 21:06 JavaCompiledCompositeTest3_CompiledCompositeActor$_JavaCompiledCompositeTest3_CompiledCompositeActor.class
-rw-rw-r-- 1 travis travis  1625 Jun  1 21:06 JavaCompiledCompositeTest3_CompiledCompositeActor.mk
-rw-rw-r-- 1 travis travis  3953 Jun  1 21:06 JavaCompiledCompositeTest4_CompiledCompositeActor.class
-rw-rw-r-- 1 travis travis  9687 Jun  1 21:06 JavaCompiledCompositeTest4_CompiledCompositeActor.java
-rw-rw-r-- 1 travis travis   857 Jun  1 21:06 JavaCompiledCompositeTest4_CompiledCompositeActor$_JavaCompiledCompositeTest4_CompiledCompositeActor.class
-rw-rw-r-- 1 travis travis  1625 Jun  1 21:06 JavaCompiledCompositeTest4_CompiledCompositeActor.mk
-rw-rw-r-- 1 travis travis  3693 Jun  1 21:06 ModularCG_A1_B1.class
-rw-rw-r-- 1 travis travis  9730 Jun  1 21:06 ModularCG_A1_B1.java
-rw-rw-r-- 1 travis travis   832 Jun  1 21:06 ModularCG_A1_B1.mk
-rw-rw-r-- 1 travis travis  1318 Jun  1 21:06 ModularCG_A1_B1_profile.class
-rw-rw-r-- 1 travis travis  1262 Jun  1 21:06 ModularCG_A1_B1_profile.java
-rw-rw-r-- 1 travis travis  3693 Jun  1 21:06 ModularCG_A1_B2.class
-rw-rw-r-- 1 travis travis  9730 Jun  1 21:06 ModularCG_A1_B2.java
-rw-rw-r-- 1 travis travis   832 Jun  1 21:06 ModularCG_A1_B2.mk
-rw-rw-r-- 1 travis travis  1318 Jun  1 21:06 ModularCG_A1_B2_profile.class
-rw-rw-r-- 1 travis travis  1262 Jun  1 21:06 ModularCG_A1_B2_profile.java
-rw-rw-r-- 1 travis travis  4799 Jun  1 21:06 ModularCG_A1.class
-rw-rw-r-- 1 travis travis 14742 Jun  1 21:06 ModularCG_A1.java
-rw-rw-r-- 1 travis travis   808 Jun  1 21:06 ModularCG_A1.mk
-rw-rw-r-- 1 travis travis  1433 Jun  1 21:06 ModularCG_A1_profile.class
-rw-rw-r-- 1 travis travis  1704 Jun  1 21:06 ModularCG_A1_profile.java
-rw-rw-r-- 1 travis travis  3827 Jun  1 21:06 ModularCG_A2_B1.class
-rw-rw-r-- 1 travis travis 10667 Jun  1 21:06 ModularCG_A2_B1.java
-rw-rw-r-- 1 travis travis   832 Jun  1 21:06 ModularCG_A2_B1.mk
-rw-rw-r-- 1 travis travis  1381 Jun  1 21:06 ModularCG_A2_B1_profile.class
-rw-rw-r-- 1 travis travis  1446 Jun  1 21:06 ModularCG_A2_B1_profile.java
-rw-rw-r-- 1 travis travis  3693 Jun  1 21:06 ModularCG_A2_B2.class
-rw-rw-r-- 1 travis travis  9730 Jun  1 21:06 ModularCG_A2_B2.java
-rw-rw-r-- 1 travis travis   832 Jun  1 21:06 ModularCG_A2_B2.mk
-rw-rw-r-- 1 travis travis  1318 Jun  1 21:06 ModularCG_A2_B2_profile.class
-rw-rw-r-- 1 travis travis  1262 Jun  1 21:06 ModularCG_A2_B2_profile.java
-rw-rw-r-- 1 travis travis  4870 Jun  1 21:06 ModularCG_A2.class
-rw-rw-r-- 1 travis travis 15129 Jun  1 21:06 ModularCG_A2.java
-rw-rw-r-- 1 travis travis   808 Jun  1 21:06 ModularCG_A2.mk
-rw-rw-r-- 1 travis travis  1433 Jun  1 21:06 ModularCG_A2_profile.class
-rw-rw-r-- 1 travis travis  1704 Jun  1 21:06 ModularCG_A2_profile.java
-rw-rw-r-- 1 travis travis  1222 Jun  1 21:06 ModularCGPubSub_A1_A2_profile.java
-rw-rw-r-- 1 travis travis  3492 Jun  1 21:06 ModularCodeGenTest_A1_A2.class
-rw-rw-r-- 1 travis travis  9164 Jun  1 21:06 ModularCodeGenTest_A1_A2.java
-rw-rw-r-- 1 travis travis   904 Jun  1 21:06 ModularCodeGenTest_A1_A2.mk
-rw-rw-r-- 1 travis travis  1306 Jun  1 21:06 ModularCodeGenTest_A1_A2_profile.class
-rw-rw-r-- 1 travis travis  1228 Jun  1 21:06 ModularCodeGenTest_A1_A2_profile.java
-rw-rw-r-- 1 travis travis  3823 Jun  1 21:06 ModularCodeGenTest_A1.class
-rw-rw-r-- 1 travis travis  9968 Jun  1 21:06 ModularCodeGenTest_A1.java
-rw-rw-r-- 1 travis travis   880 Jun  1 21:06 ModularCodeGenTest_A1.mk
-rw-rw-r-- 1 travis travis  1352 Jun  1 21:06 ModularCodeGenTest_A1_profile.class
-rw-rw-r-- 1 travis travis  1394 Jun  1 21:06 ModularCodeGenTest_A1_profile.java
-rw-rw-r-- 1 travis travis   432 Jun  1 21:06 Token.class
-rw-rw-r-- 1 travis travis   251 Jun  1 21:06 Token.java
warning: Supported source version 'RELEASE_6' from annotation processor 'org.netbeans.modules.openide.util.NbBundleProcessor' less than -source '1.8'
warning: Supported source version 'RELEASE_6' from annotation processor 'org.netbeans.modules.openide.util.URLStreamHandlerRegistrationProcessor' less than -source '1.8'
warning: Supported source version 'RELEASE_6' from annotation processor 'org.netbeans.modules.openide.util.ServiceProviderProcessor' less than -source '1.8'
3 warnings
All Done
Writing ModularCGPubSub_A1_A2.java in file:/home/travis/cg/ (9076 characters)
Reading "ptolemy/cg/kernel/generic/program/procedural/java/modular/makefile.in",
    writing "/home/travis/cg/ModularCGPubSub_A1_A2.mk"
Using ptolemy/cg/kernel/generic/program/procedural/java/modular/makefile.in
In "/home/travis/cg", about to execute:
    make -f ModularCGPubSub_A1_A2.mk
javac -classpath ".:.."    ModularCGPubSub_A1_A2.java
All Done
In "/home/travis/cg", about to execute:
    pwd
/home/travis/cg
In "/home/travis/cg", about to execute:
    ls -l
total 428
-rw-rw-r-- 1 travis travis  4895 Jun  1 21:06 CompiledCompositeActor_CompiledCompositeActor.class
-rw-rw-r-- 1 travis travis  1592 Jun  1 21:06 CompiledCompositeActor_CompiledCompositeActor$_CompiledCompositeActor_CompiledCompositeActor.class
-rw-rw-r-- 1 travis travis 13466 Jun  1 21:06 CompiledCompositeActor_CompiledCompositeActor.java
-rw-rw-r-- 1 travis travis  1593 Jun  1 21:06 CompiledCompositeActor_CompiledCompositeActor.mk
-rw-rw-r-- 1 travis travis  4457 Jun  1 21:06 JavaCompiledCompositeTest1_CompiledCompositeActor.class
-rw-rw-r-- 1 travis travis 11637 Jun  1 21:06 JavaCompiledCompositeTest1_CompiledCompositeActor.java
-rw-rw-r-- 1 travis travis  1198 Jun  1 21:06 JavaCompiledCompositeTest1_CompiledCompositeActor$_JavaCompiledCompositeTest1_CompiledCompositeActor.class
-rw-rw-r-- 1 travis travis  1625 Jun  1 21:06 JavaCompiledCompositeTest1_CompiledCompositeActor.mk
-rw-rw-r-- 1 travis travis  4888 Jun  1 21:06 JavaCompiledCompositeTest2_CompiledCompositeActor.class
-rw-rw-r-- 1 travis travis 14919 Jun  1 21:06 JavaCompiledCompositeTest2_CompiledCompositeActor.java
-rw-rw-r-- 1 travis travis  1793 Jun  1 21:06 JavaCompiledCompositeTest2_CompiledCompositeActor$_JavaCompiledCompositeTest2_CompiledCompositeActor.class
-rw-rw-r-- 1 travis travis  1625 Jun  1 21:06 JavaCompiledCompositeTest2_CompiledCompositeActor.mk
-rw-rw-r-- 1 travis travis  4505 Jun  1 21:06 JavaCompiledCompositeTest3_CompiledCompositeActor.class
-rw-rw-r-- 1 travis travis 13080 Jun  1 21:06 JavaCompiledCompositeTest3_CompiledCompositeActor.java
-rw-rw-r-- 1 travis travis  1378 Jun  1 21:06 JavaCompiledCompositeTest3_CompiledCompositeActor$_JavaCompiledCompositeTest3_CompiledCompositeActor.class
-rw-rw-r-- 1 travis travis  1625 Jun  1 21:06 JavaCompiledCompositeTest3_CompiledCompositeActor.mk
-rw-rw-r-- 1 travis travis  3953 Jun  1 21:06 JavaCompiledCompositeTest4_CompiledCompositeActor.class
-rw-rw-r-- 1 travis travis  9687 Jun  1 21:06 JavaCompiledCompositeTest4_CompiledCompositeActor.java
-rw-rw-r-- 1 travis travis   857 Jun  1 21:06 JavaCompiledCompositeTest4_CompiledCompositeActor$_JavaCompiledCompositeTest4_CompiledCompositeActor.class
-rw-rw-r-- 1 travis travis  1625 Jun  1 21:06 JavaCompiledCompositeTest4_CompiledCompositeActor.mk
-rw-rw-r-- 1 travis travis  3693 Jun  1 21:06 ModularCG_A1_B1.class
-rw-rw-r-- 1 travis travis  9730 Jun  1 21:06 ModularCG_A1_B1.java
-rw-rw-r-- 1 travis travis   832 Jun  1 21:06 ModularCG_A1_B1.mk
-rw-rw-r-- 1 travis travis  1318 Jun  1 21:06 ModularCG_A1_B1_profile.class
-rw-rw-r-- 1 travis travis  1262 Jun  1 21:06 ModularCG_A1_B1_profile.java
-rw-rw-r-- 1 travis travis  3693 Jun  1 21:06 ModularCG_A1_B2.class
-rw-rw-r-- 1 travis travis  9730 Jun  1 21:06 ModularCG_A1_B2.java
-rw-rw-r-- 1 travis travis   832 Jun  1 21:06 ModularCG_A1_B2.mk
-rw-rw-r-- 1 travis travis  1318 Jun  1 21:06 ModularCG_A1_B2_profile.class
-rw-rw-r-- 1 travis travis  1262 Jun  1 21:06 ModularCG_A1_B2_profile.java
-rw-rw-r-- 1 travis travis  4799 Jun  1 21:06 ModularCG_A1.class
-rw-rw-r-- 1 travis travis 14742 Jun  1 21:06 ModularCG_A1.java
-rw-rw-r-- 1 travis travis   808 Jun  1 21:06 ModularCG_A1.mk
-rw-rw-r-- 1 travis travis  1433 Jun  1 21:06 ModularCG_A1_profile.class
-rw-rw-r-- 1 travis travis  1704 Jun  1 21:06 ModularCG_A1_profile.java
-rw-rw-r-- 1 travis travis  3827 Jun  1 21:06 ModularCG_A2_B1.class
-rw-rw-r-- 1 travis travis 10667 Jun  1 21:06 ModularCG_A2_B1.java
-rw-rw-r-- 1 travis travis   832 Jun  1 21:06 ModularCG_A2_B1.mk
-rw-rw-r-- 1 travis travis  1381 Jun  1 21:06 ModularCG_A2_B1_profile.class
-rw-rw-r-- 1 travis travis  1446 Jun  1 21:06 ModularCG_A2_B1_profile.java
In "/home/travis/cg", about to execute:
    javac -classpath
.:/home/travis/build/icyphy/ptII:/home/travis/build/icyphy/ptII/lib/bsh-2.0b4.j
ar:/home/travis/build/icyphy/ptII/lib/ptCal.jar:/home/travis/build/icyphy/ptII/
lib/java_cup.jar:/home/travis/build/icyphy/ptII/lib/saxon8.jar:/home/travis/bui
ld/icyphy/ptII/lib/saxon8-dom.jar:/home/travis/build/icyphy/ptII/lib/chic.jar:/
home/travis/build/icyphy/ptII/lib/ptcolt.jar:/usr/lib/jvm/java-8-oracle/lib/too
ls.jar:/usr/lib/eclipse/plugins/org.eclipse.jdt.core_3.8.2.dist.jar:/usr/lib/ec
lipse/plugins/org.eclipse.core.runtime_3.8.0.dist.jar:/usr/lib/eclipse/plugins/
org.eclipse.osgi_3.8.1.dist.jar:/usr/lib/eclipse/plugins/org.eclipse.core.resou
rces_3.8.1.dist.jar:/usr/lib/eclipse/plugins/org.eclipse.equinox.common_3.6.100
.dist.jar:/usr/lib/eclipse/plugins/org.eclipse.core.jobs_3.5.200.dist.jar:/usr/
lib/eclipse/plugins/org.eclipse.core.contenttype_3.4.200.dist.jar:/usr/lib/ecli
pse/plugins/org.eclipse.equinox.preferences_3.5.0.dist.jar:/usr/lib/eclipse/plu
gins/org.eclipse.text_3.5.200.dist.jar:/usr/lib/eclipse/plugins/org.eclipse.ui.
workbench_3.8.1.dist.jar:/usr/lib/eclipse/plugins/org.eclipse.jface_3.8.0.dist.
jar:/usr/lib/eclipse/plugins/org.eclipse.swt_3.8.2.jar:/usr/lib/eclipse/plugins
/org.eclipse.jface.text_3.8.1.dist.jar:/usr/lib/eclipse/plugins/org.eclipse.ui.
workbench.texteditor_3.8.0.dist.jar:/usr/lib/eclipse/plugins/org.eclipse.ui.edi
tors_3.8.0.dist.jar:/usr/lib/eclipse/plugins/org.eclipse.core.commands_3.6.1.di
st.jar:/usr/lib/eclipse/plugins/org.eclipse.equinox.registry_3.5.200.dist.jar:/
usr/lib/eclipse/plugins/org.eclipse.ui.console_3.5.100.dist.jar:/usr/lib/eclips
e/plugins/org.eclipse.ui.forms_3.5.200.dist.jar:/usr/lib/eclipse/plugins/org.ec
lipse.ui.ide_3.8.1.dist.jar:/home/travis/build/icyphy/ptII/vendors/oracle/dbxml
.jar:/home/travis/build/icyphy/ptII/vendors/oracle/db.jar:/home/travis/build/ic
yphy/ptII/vendors/misc/itext/iText.jar:/home/travis/build/icyphy/ptII/lib/g4ltl
.jar:/home/travis/build/icyphy/ptII/lib/StructuralCoder.jar:/home/travis/build/
icyphy/ptII/lib/org-openide-util.jar:/home/travis/build/icyphy/ptII/lib/org-ope
nide-util-lookup.jar:/home/travis/build/icyphy/ptII/lib/org-netbeans-api-visual
.jar:/home/travis/build/icyphy/ptII/vendors/jai-1_1_2_01/lib/jai_core.jar:/home
/travis/build/icyphy/ptII/vendors/jai-1_1_2_01/lib/jai_codec.jar:/home/travis/b
uild/icyphy/ptII/lib/jcerti.jar:/home/travis/build/icyphy/ptII/lib/smack.jar:/h
ome/travis/build/icyphy/ptII/lib/smackx.jar:/home/travis/build/icyphy/ptII/lib/
jetty-all-8.1.5-v20120716.jar:/home/travis/build/icyphy/ptII/lib/javax.servlet-
api-3.0.1.jar:/home/travis/build/icyphy/ptII/lib/javax.mail.jar:/home/travis/bu
ild/icyphy/ptII/vendors/JMF-2.1.1e/lib/jmf.jar:/home/travis/build/icyphy/ptII/l
ib/jna-4.0.0-variadic.jar:/home/travis/build/icyphy/ptII/vendors/misc/joystick/
Joystick.jar:/home/travis/build/icyphy/ptII/lib/ptjacl.jar:/home/travis/build/i
cyphy/ptII/lib/jsoup-1.8.2.jar:/home/travis/build/icyphy/ptII/lib/junit-4.8.2.j
ar:/home/travis/build/icyphy/ptII/lib/JUnitParams-0.4.0.jar:/home/travis/build/
icyphy/ptII/ptolemy/actor/lib/excel/jxl.jar:/home/travis/build/icyphy/ptII/lib/
jython.jar:/home/travis/build/icyphy/ptII/lib/kieler.jar:/home/travis/build/icy
phy/ptII/vendors/opencv/share/OpenCV/java/opencv-341.jar:/home/travis/build/icy
phy/ptII/lib/oscP5.jar:/home/travis/build/icyphy/ptII/lib/nrjavaserial-3.11.0.d
evel.jar:/usr/share/java/j3dcore.jar:/usr/share/java/j3dutils.jar:/usr/share/ja
va/vecmath.jar:/home/travis/build/icyphy/ptII/ptolemy/distributed/jini/jar/jini
-core.jar:/home/travis/build/icyphy/ptII/ptolemy/distributed/jini/jar/jini-ext.
jar:/home/travis/build/icyphy/ptII/ptolemy/distributed/jini/jar/sun-util.jar:/h
ome/travis/build/icyphy/ptII/lib/protobuf-java-2.4.1.jar:/home/travis/build/icy
phy/ptII/lib/org.eclipse.paho.client.mqttv3.jar:/home/travis/build/icyphy/ptII/
ptserver/lib/hessian-4.0.7.jar:/home/travis/build/icyphy/ptII/ptserver/lib/wmqt
t.jar:/home/travis/build/icyphy/ptII/lib/mapss.jar:/home/travis/build/icyphy/pt
II/ptolemy/actor/ptalon/antlr/antlr.jar:/home/travis/build/icyphy/ptII/lib/JRI.
jar:/home/travis/build/icyphy/ptII/lib/commons-lang-2.6.jar:/home/travis/build/
icyphy/ptII/lib/commons-logging-1.1.1.jar:/home/travis/build/icyphy/ptII/lib/so
otclasses.jar:/home/travis/build/icyphy/ptII/ptolemy/actor/lib/database/mysql-c
onnector-java-5.1.6-bin.jar:/home/travis/build/icyphy/ptII/vendors/misc/sphinx4
/sphinx4-data-5prealpha.jar:/home/travis/build/icyphy/ptII/vendors/misc/sphinx4
/sphinx4-core-5prealpha.jar:/home/travis/build/icyphy/ptII/lib/PDFRenderer.jar:
/home/travis/build/icyphy/ptII/lib/svgSalamander.jar:/home/travis/build/icyphy/
ptII/lib/rsyntaxtextarea-2.6.0-SNAPSHOT.jar:/home/travis/build/icyphy/ptII/lib/
hazelcast-3.8.2.jar:/home/travis/build/icyphy/ptII/lib/jackson-annotations-2.9.
0.jar:/home/travis/build/icyphy/ptII/lib/jackson-core-2.9.3.jar:/home/travis/bu
ild/icyphy/ptII/lib/jackson-databind-2.9.3.jar:/home/travis/build/icyphy/ptII/l
ib/netty-buffer-4.1.19.Final.jar:/home/travis/build/icyphy/ptII/lib/netty-codec
-4.1.19.Final.jar:/home/travis/build/icyphy/ptII/lib/netty-codec-dns-4.1.19.Fin
al.jar:/home/travis/build/icyphy/ptII/lib/netty-codec-http-4.1.19.Final.jar:/ho
me/travis/build/icyphy/ptII/lib/netty-codec-http2-4.1.19.Final.jar:/home/travis
/build/icyphy/ptII/lib/netty-common-4.1.19.Final.jar:/home/travis/build/icyphy/
ptII/lib/netty-handler-4.1.19.Final.jar:/home/travis/build/icyphy/ptII/lib/nett
y-resolver-4.1.19.Final.jar:/home/travis/build/icyphy/ptII/lib/netty-resolver-d
ns-4.1.19.Final.jar:/home/travis/build/icyphy/ptII/lib/netty-transport-4.1.19.F
inal.jar:/home/travis/build/icyphy/ptII/lib/vertx-codegen-3.5.1.jar:/home/travi
s/build/icyphy/ptII/lib/vertx-core-3.5.2-SNAPSHOT.jar:/home/travis/build/icyphy
/ptII/lib/vertx-hazelcast-3.5.1.jar:/home/travis/build/icyphy/ptII/lib/vertx-la
ng-js-3.5.1.jar:/home/travis/build/icyphy/ptII/lib/vertx-service-proxy-3.5.1.ja
r:/home/travis/build/icyphy/ptII/lib/vertx-web-3.5.1.jar:/home/travis/build/icy
phy/ptII/lib/slf4j-api-1.7.13.jar:/home/travis/build/icyphy/ptII/lib/slf4j-simp
le-1.7.13.jar:/home/travis/build/icyphy/ptII/lib/webcam-capture-0.3.12.jar:/hom
e/travis/build/icyphy/ptII/lib/bridj-0.7.0.jar:/home/travis/build/icyphy/ptII/l
ib/xbjlib-1.1.0.nrjavaserial.jar:/home/travis/build/icyphy/ptII/ptolemy/moml/te
st:/home/travis/build/icyphy/ptII/ant/lib/ant-launcher.jar:/home/travis/build/i
cyphy/ptII/ant/lib/ant.jar:/home/travis/build/icyphy/ptII/ant/lib/ant-junit.jar
:/home/travis/build/icyphy/ptII/ant/lib/ant-junit4.jar:/home/travis/build/icyph
y/ptII ModularCGPubSub_A1_profile.java
-rw-rw-r-- 1 travis travis  3693 Jun  1 21:06 ModularCG_A2_B2.class
-rw-rw-r-- 1 travis travis  9730 Jun  1 21:06 ModularCG_A2_B2.java
-rw-rw-r-- 1 travis travis   832 Jun  1 21:06 ModularCG_A2_B2.mk
-rw-rw-r-- 1 travis travis  1318 Jun  1 21:06 ModularCG_A2_B2_profile.class
-rw-rw-r-- 1 travis travis  1262 Jun  1 21:06 ModularCG_A2_B2_profile.java
-rw-rw-r-- 1 travis travis  4870 Jun  1 21:06 ModularCG_A2.class
-rw-rw-r-- 1 travis travis 15129 Jun  1 21:06 ModularCG_A2.java
-rw-rw-r-- 1 travis travis   808 Jun  1 21:06 ModularCG_A2.mk
-rw-rw-r-- 1 travis travis  1433 Jun  1 21:06 ModularCG_A2_profile.class
-rw-rw-r-- 1 travis travis  1704 Jun  1 21:06 ModularCG_A2_profile.java
-rw-rw-r-- 1 travis travis  3473 Jun  1 21:06 ModularCGPubSub_A1_A2.class
-rw-rw-r-- 1 travis travis  9076 Jun  1 21:06 ModularCGPubSub_A1_A2.java
-rw-rw-r-- 1 travis travis   880 Jun  1 21:06 ModularCGPubSub_A1_A2.mk
-rw-rw-r-- 1 travis travis  1300 Jun  1 21:06 ModularCGPubSub_A1_A2_profile.class
-rw-rw-r-- 1 travis travis  1222 Jun  1 21:06 ModularCGPubSub_A1_A2_profile.java
-rw-rw-r-- 1 travis travis  1388 Jun  1 21:06 ModularCGPubSub_A1_profile.java
-rw-rw-r-- 1 travis travis  3492 Jun  1 21:06 ModularCodeGenTest_A1_A2.class
-rw-rw-r-- 1 travis travis  9164 Jun  1 21:06 ModularCodeGenTest_A1_A2.java
-rw-rw-r-- 1 travis travis   904 Jun  1 21:06 ModularCodeGenTest_A1_A2.mk
-rw-rw-r-- 1 travis travis  1306 Jun  1 21:06 ModularCodeGenTest_A1_A2_profile.class
-rw-rw-r-- 1 travis travis  1228 Jun  1 21:06 ModularCodeGenTest_A1_A2_profile.java
-rw-rw-r-- 1 travis travis  3823 Jun  1 21:06 ModularCodeGenTest_A1.class
-rw-rw-r-- 1 travis travis  9968 Jun  1 21:06 ModularCodeGenTest_A1.java
-rw-rw-r-- 1 travis travis   880 Jun  1 21:06 ModularCodeGenTest_A1.mk
-rw-rw-r-- 1 travis travis  1352 Jun  1 21:06 ModularCodeGenTest_A1_profile.class
-rw-rw-r-- 1 travis travis  1394 Jun  1 21:06 ModularCodeGenTest_A1_profile.java
-rw-rw-r-- 1 travis travis   432 Jun  1 21:06 Token.class
-rw-rw-r-- 1 travis travis   251 Jun  1 21:06 Token.java
warning: Supported source version 'RELEASE_6' from annotation processor 'org.netbeans.modules.openide.util.NbBundleProcessor' less than -source '1.8'
warning: Supported source version 'RELEASE_6' from annotation processor 'org.netbeans.modules.openide.util.URLStreamHandlerRegistrationProcessor' less than -source '1.8'
warning: Supported source version 'RELEASE_6' from annotation processor 'org.netbeans.modules.openide.util.ServiceProviderProcessor' less than -source '1.8'
3 warnings
All Done
Writing ModularCGPubSub_A1.java in file:/home/travis/cg/ (9836 characters)
Reading "ptolemy/cg/kernel/generic/program/procedural/java/modular/makefile.in",
    writing "/home/travis/cg/ModularCGPubSub_A1.mk"
Using ptolemy/cg/kernel/generic/program/procedural/java/modular/makefile.in
In "/home/travis/cg", about to execute:
    make -f ModularCGPubSub_A1.mk
javac -classpath ".:.."    ModularCGPubSub_A1.java
All Done
4719 ms. Memory: 248832K Free: 135685K (55%)
----------------- Invoking toplevel() on ptolemy.moml.MoMLSimpleApplication@441b016d
----------------- Done invoking toplevel() on ptolemy.moml.MoMLSimpleApplication@441b016d
reloadAllAccessors: .ModularCGPubSub

===========================================================================================
----------------- testing Fri Jun 01 21:06:45 UTC 2018 /home/travis/build/icyphy/ptII/ptolemy/cg/lib/test/auto/ModularCodeGen.xml
----------------- Instantiating /home/travis/build/icyphy/ptII/ptolemy/cg/lib/test/auto/ModularCodeGen.xml
In "/home/travis/cg", about to execute:
    pwd
In "/home/travis/cg", about to execute:
    ls -l
/home/travis/cg
In "/home/travis/cg", about to execute:
    javac -classpath
.:/home/travis/build/icyphy/ptII:/home/travis/build/icyphy/ptII/lib/bsh-2.0b4.j
ar:/home/travis/build/icyphy/ptII/lib/ptCal.jar:/home/travis/build/icyphy/ptII/
lib/java_cup.jar:/home/travis/build/icyphy/ptII/lib/saxon8.jar:/home/travis/bui
ld/icyphy/ptII/lib/saxon8-dom.jar:/home/travis/build/icyphy/ptII/lib/chic.jar:/
home/travis/build/icyphy/ptII/lib/ptcolt.jar:/usr/lib/jvm/java-8-oracle/lib/too
ls.jar:/usr/lib/eclipse/plugins/org.eclipse.jdt.core_3.8.2.dist.jar:/usr/lib/ec
lipse/plugins/org.eclipse.core.runtime_3.8.0.dist.jar:/usr/lib/eclipse/plugins/
org.eclipse.osgi_3.8.1.dist.jar:/usr/lib/eclipse/plugins/org.eclipse.core.resou
rces_3.8.1.dist.jar:/usr/lib/eclipse/plugins/org.eclipse.equinox.common_3.6.100
.dist.jar:/usr/lib/eclipse/plugins/org.eclipse.core.jobs_3.5.200.dist.jar:/usr/
lib/eclipse/plugins/org.eclipse.core.contenttype_3.4.200.dist.jar:/usr/lib/ecli
pse/plugins/org.eclipse.equinox.preferences_3.5.0.dist.jar:/usr/lib/eclipse/plu
gins/org.eclipse.text_3.5.200.dist.jar:/usr/lib/eclipse/plugins/org.eclipse.ui.
workbench_3.8.1.dist.jar:/usr/lib/eclipse/plugins/org.eclipse.jface_3.8.0.dist.
jar:/usr/lib/eclipse/plugins/org.eclipse.swt_3.8.2.jar:/usr/lib/eclipse/plugins
/org.eclipse.jface.text_3.8.1.dist.jar:/usr/lib/eclipse/plugins/org.eclipse.ui.
workbench.texteditor_3.8.0.dist.jar:/usr/lib/eclipse/plugins/org.eclipse.ui.edi
tors_3.8.0.dist.jar:/usr/lib/eclipse/plugins/org.eclipse.core.commands_3.6.1.di
st.jar:/usr/lib/eclipse/plugins/org.eclipse.equinox.registry_3.5.200.dist.jar:/
usr/lib/eclipse/plugins/org.eclipse.ui.console_3.5.100.dist.jar:/usr/lib/eclips
e/plugins/org.eclipse.ui.forms_3.5.200.dist.jar:/usr/lib/eclipse/plugins/org.ec
lipse.ui.ide_3.8.1.dist.jar:/home/travis/build/icyphy/ptII/vendors/oracle/dbxml
.jar:/home/travis/build/icyphy/ptII/vendors/oracle/db.jar:/home/travis/build/ic
yphy/ptII/vendors/misc/itext/iText.jar:/home/travis/build/icyphy/ptII/lib/g4ltl
.jar:/home/travis/build/icyphy/ptII/lib/StructuralCoder.jar:/home/travis/build/
icyphy/ptII/lib/org-openide-util.jar:/home/travis/build/icyphy/ptII/lib/org-ope
nide-util-lookup.jar:/home/travis/build/icyphy/ptII/lib/org-netbeans-api-visual
.jar:/home/travis/build/icyphy/ptII/vendors/jai-1_1_2_01/lib/jai_core.jar:/home
/travis/build/icyphy/ptII/vendors/jai-1_1_2_01/lib/jai_codec.jar:/home/travis/b
uild/icyphy/ptII/lib/jcerti.jar:/home/travis/build/icyphy/ptII/lib/smack.jar:/h
ome/travis/build/icyphy/ptII/lib/smackx.jar:/home/travis/build/icyphy/ptII/lib/
jetty-all-8.1.5-v20120716.jar:/home/travis/build/icyphy/ptII/lib/javax.servlet-
api-3.0.1.jar:/home/travis/build/icyphy/ptII/lib/javax.mail.jar:/home/travis/bu
ild/icyphy/ptII/vendors/JMF-2.1.1e/lib/jmf.jar:/home/travis/build/icyphy/ptII/l
ib/jna-4.0.0-variadic.jar:/home/travis/build/icyphy/ptII/vendors/misc/joystick/
Joystick.jar:/home/travis/build/icyphy/ptII/lib/ptjacl.jar:/home/travis/build/i
cyphy/ptII/lib/jsoup-1.8.2.jar:/home/travis/build/icyphy/ptII/lib/junit-4.8.2.j
ar:/home/travis/build/icyphy/ptII/lib/JUnitParams-0.4.0.jar:/home/travis/build/
icyphy/ptII/ptolemy/actor/lib/excel/jxl.jar:/home/travis/build/icyphy/ptII/lib/
jython.jar:/home/travis/build/icyphy/ptII/lib/kieler.jar:/home/travis/build/icy
phy/ptII/vendors/opencv/share/OpenCV/java/opencv-341.jar:/home/travis/build/icy
phy/ptII/lib/oscP5.jar:/home/travis/build/icyphy/ptII/lib/nrjavaserial-3.11.0.d
evel.jar:/usr/share/java/j3dcore.jar:/usr/share/java/j3dutils.jar:/usr/share/ja
va/vecmath.jar:/home/travis/build/icyphy/ptII/ptolemy/distributed/jini/jar/jini
-core.jar:/home/travis/build/icyphy/ptII/ptolemy/distributed/jini/jar/jini-ext.
jar:/home/travis/build/icyphy/ptII/ptolemy/distributed/jini/jar/sun-util.jar:/h
ome/travis/build/icyphy/ptII/lib/protobuf-java-2.4.1.jar:/home/travis/build/icy
phy/ptII/lib/org.eclipse.paho.client.mqttv3.jar:/home/travis/build/icyphy/ptII/
ptserver/lib/hessian-4.0.7.jar:/home/travis/build/icyphy/ptII/ptserver/lib/wmqt
t.jar:/home/travis/build/icyphy/ptII/lib/mapss.jar:/home/travis/build/icyphy/pt
II/ptolemy/actor/ptalon/antlr/antlr.jar:/home/travis/build/icyphy/ptII/lib/JRI.
jar:/home/travis/build/icyphy/ptII/lib/commons-lang-2.6.jar:/home/travis/build/
icyphy/ptII/lib/commons-logging-1.1.1.jar:/home/travis/build/icyphy/ptII/lib/so
otclasses.jar:/home/travis/build/icyphy/ptII/ptolemy/actor/lib/database/mysql-c
onnector-java-5.1.6-bin.jar:/home/travis/build/icyphy/ptII/vendors/misc/sphinx4
/sphinx4-data-5prealpha.jar:/home/travis/build/icyphy/ptII/vendors/misc/sphinx4
/sphinx4-core-5prealpha.jar:/home/travis/build/icyphy/ptII/lib/PDFRenderer.jar:
/home/travis/build/icyphy/ptII/lib/svgSalamander.jar:/home/travis/build/icyphy/
ptII/lib/rsyntaxtextarea-2.6.0-SNAPSHOT.jar:/home/travis/build/icyphy/ptII/lib/
hazelcast-3.8.2.jar:/home/travis/build/icyphy/ptII/lib/jackson-annotations-2.9.
0.jar:/home/travis/build/icyphy/ptII/lib/jackson-core-2.9.3.jar:/home/travis/bu
ild/icyphy/ptII/lib/jackson-databind-2.9.3.jar:/home/travis/build/icyphy/ptII/l
ib/netty-buffer-4.1.19.Final.jar:/home/travis/build/icyphy/ptII/lib/netty-codec
-4.1.19.Final.jar:/home/travis/build/icyphy/ptII/lib/netty-codec-dns-4.1.19.Fin
al.jar:/home/travis/build/icyphy/ptII/lib/netty-codec-http-4.1.19.Final.jar:/ho
me/travis/build/icyphy/ptII/lib/netty-codec-http2-4.1.19.Final.jar:/home/travis
/build/icyphy/ptII/lib/netty-common-4.1.19.Final.jar:/home/travis/build/icyphy/
ptII/lib/netty-handler-4.1.19.Final.jar:/home/travis/build/icyphy/ptII/lib/nett
y-resolver-4.1.19.Final.jar:/home/travis/build/icyphy/ptII/lib/netty-resolver-d
ns-4.1.19.Final.jar:/home/travis/build/icyphy/ptII/lib/netty-transport-4.1.19.F
inal.jar:/home/travis/build/icyphy/ptII/lib/vertx-codegen-3.5.1.jar:/home/travi
s/build/icyphy/ptII/lib/vertx-core-3.5.2-SNAPSHOT.jar:/home/travis/build/icyphy
/ptII/lib/vertx-hazelcast-3.5.1.jar:/home/travis/build/icyphy/ptII/lib/vertx-la
ng-js-3.5.1.jar:/home/travis/build/icyphy/ptII/lib/vertx-service-proxy-3.5.1.ja
r:/home/travis/build/icyphy/ptII/lib/vertx-web-3.5.1.jar:/home/travis/build/icy
phy/ptII/lib/slf4j-api-1.7.13.jar:/home/travis/build/icyphy/ptII/lib/slf4j-simp
le-1.7.13.jar:/home/travis/build/icyphy/ptII/lib/webcam-capture-0.3.12.jar:/hom
e/travis/build/icyphy/ptII/lib/bridj-0.7.0.jar:/home/travis/build/icyphy/ptII/l
ib/xbjlib-1.1.0.nrjavaserial.jar:/home/travis/build/icyphy/ptII/ptolemy/moml/te
st:/home/travis/build/icyphy/ptII/ant/lib/ant-launcher.jar:/home/travis/build/i
cyphy/ptII/ant/lib/ant.jar:/home/travis/build/icyphy/ptII/ant/lib/ant-junit.jar
:/home/travis/build/icyphy/ptII/ant/lib/ant-junit4.jar:/home/travis/build/icyph
y/ptII ModularCodeGen_ModularCodeGenTypedCompositeActor_profile.java
total 456
-rw-rw-r-- 1 travis travis  4895 Jun  1 21:06 CompiledCompositeActor_CompiledCompositeActor.class
-rw-rw-r-- 1 travis travis  1592 Jun  1 21:06 CompiledCompositeActor_CompiledCompositeActor$_CompiledCompositeActor_CompiledCompositeActor.class
-rw-rw-r-- 1 travis travis 13466 Jun  1 21:06 CompiledCompositeActor_CompiledCompositeActor.java
-rw-rw-r-- 1 travis travis  1593 Jun  1 21:06 CompiledCompositeActor_CompiledCompositeActor.mk
-rw-rw-r-- 1 travis travis  4457 Jun  1 21:06 JavaCompiledCompositeTest1_CompiledCompositeActor.class
-rw-rw-r-- 1 travis travis 11637 Jun  1 21:06 JavaCompiledCompositeTest1_CompiledCompositeActor.java
-rw-rw-r-- 1 travis travis  1198 Jun  1 21:06 JavaCompiledCompositeTest1_CompiledCompositeActor$_JavaCompiledCompositeTest1_CompiledCompositeActor.class
-rw-rw-r-- 1 travis travis  1625 Jun  1 21:06 JavaCompiledCompositeTest1_CompiledCompositeActor.mk
-rw-rw-r-- 1 travis travis  4888 Jun  1 21:06 JavaCompiledCompositeTest2_CompiledCompositeActor.class
-rw-rw-r-- 1 travis travis 14919 Jun  1 21:06 JavaCompiledCompositeTest2_CompiledCompositeActor.java
-rw-rw-r-- 1 travis travis  1793 Jun  1 21:06 JavaCompiledCompositeTest2_CompiledCompositeActor$_JavaCompiledCompositeTest2_CompiledCompositeActor.class
-rw-rw-r-- 1 travis travis  1625 Jun  1 21:06 JavaCompiledCompositeTest2_CompiledCompositeActor.mk
-rw-rw-r-- 1 travis travis  4505 Jun  1 21:06 JavaCompiledCompositeTest3_CompiledCompositeActor.class
-rw-rw-r-- 1 travis travis 13080 Jun  1 21:06 JavaCompiledCompositeTest3_CompiledCompositeActor.java
-rw-rw-r-- 1 travis travis  1378 Jun  1 21:06 JavaCompiledCompositeTest3_CompiledCompositeActor$_JavaCompiledCompositeTest3_CompiledCompositeActor.class
-rw-rw-r-- 1 travis travis  1625 Jun  1 21:06 JavaCompiledCompositeTest3_CompiledCompositeActor.mk
-rw-rw-r-- 1 travis travis  3953 Jun  1 21:06 JavaCompiledCompositeTest4_CompiledCompositeActor.class
-rw-rw-r-- 1 travis travis  9687 Jun  1 21:06 JavaCompiledCompositeTest4_CompiledCompositeActor.java
-rw-rw-r-- 1 travis travis   857 Jun  1 21:06 JavaCompiledCompositeTest4_CompiledCompositeActor$_JavaCompiledCompositeTest4_CompiledCompositeActor.class
-rw-rw-r-- 1 travis travis  1625 Jun  1 21:06 JavaCompiledCompositeTest4_CompiledCompositeActor.mk
-rw-rw-r-- 1 travis travis  3693 Jun  1 21:06 ModularCG_A1_B1.class
-rw-rw-r-- 1 travis travis  9730 Jun  1 21:06 ModularCG_A1_B1.java
-rw-rw-r-- 1 travis travis   832 Jun  1 21:06 ModularCG_A1_B1.mk
-rw-rw-r-- 1 travis travis  1318 Jun  1 21:06 ModularCG_A1_B1_profile.class
-rw-rw-r-- 1 travis travis  1262 Jun  1 21:06 ModularCG_A1_B1_profile.java
-rw-rw-r-- 1 travis travis  3693 Jun  1 21:06 ModularCG_A1_B2.class
-rw-rw-r-- 1 travis travis  9730 Jun  1 21:06 ModularCG_A1_B2.java
-rw-rw-r-- 1 travis travis   832 Jun  1 21:06 ModularCG_A1_B2.mk
-rw-rw-r-- 1 travis travis  1318 Jun  1 21:06 ModularCG_A1_B2_profile.class
-rw-rw-r-- 1 travis travis  1262 Jun  1 21:06 ModularCG_A1_B2_profile.java
-rw-rw-r-- 1 travis travis  4799 Jun  1 21:06 ModularCG_A1.class
-rw-rw-r-- 1 travis travis 14742 Jun  1 21:06 ModularCG_A1.java
-rw-rw-r-- 1 travis travis   808 Jun  1 21:06 ModularCG_A1.mk
-rw-rw-r-- 1 travis travis  1433 Jun  1 21:06 ModularCG_A1_profile.class
-rw-rw-r-- 1 travis travis  1704 Jun  1 21:06 ModularCG_A1_profile.java
-rw-rw-r-- 1 travis travis  3827 Jun  1 21:06 ModularCG_A2_B1.class
-rw-rw-r-- 1 travis travis 10667 Jun  1 21:06 ModularCG_A2_B1.java
-rw-rw-r-- 1 travis travis   832 Jun  1 21:06 ModularCG_A2_B1.mk
-rw-rw-r-- 1 travis travis  1381 Jun  1 21:06 ModularCG_A2_B1_profile.class
-rw-rw-r-- 1 travis travis  1446 Jun  1 21:06 ModularCG_A2_B1_profile.java
-rw-rw-r-- 1 travis travis  3693 Jun  1 21:06 ModularCG_A2_B2.class
-rw-rw-r-- 1 travis travis  9730 Jun  1 21:06 ModularCG_A2_B2.java
-rw-rw-r-- 1 travis travis   832 Jun  1 21:06 ModularCG_A2_B2.mk
-rw-rw-r-- 1 travis travis  1318 Jun  1 21:06 ModularCG_A2_B2_profile.class
-rw-rw-r-- 1 travis travis  1262 Jun  1 21:06 ModularCG_A2_B2_profile.java
-rw-rw-r-- 1 travis travis  4870 Jun  1 21:06 ModularCG_A2.class
-rw-rw-r-- 1 travis travis 15129 Jun  1 21:06 ModularCG_A2.java
-rw-rw-r-- 1 travis travis   808 Jun  1 21:06 ModularCG_A2.mk
-rw-rw-r-- 1 travis travis  1433 Jun  1 21:06 ModularCG_A2_profile.class
-rw-rw-r-- 1 travis travis  1704 Jun  1 21:06 ModularCG_A2_profile.java
-rw-rw-r-- 1 travis travis  3473 Jun  1 21:06 ModularCGPubSub_A1_A2.class
-rw-rw-r-- 1 travis travis  9076 Jun  1 21:06 ModularCGPubSub_A1_A2.java
-rw-rw-r-- 1 travis travis   880 Jun  1 21:06 ModularCGPubSub_A1_A2.mk
-rw-rw-r-- 1 travis travis  1300 Jun  1 21:06 ModularCGPubSub_A1_A2_profile.class
-rw-rw-r-- 1 travis travis  1222 Jun  1 21:06 ModularCGPubSub_A1_A2_profile.java
-rw-rw-r-- 1 travis travis  3790 Jun  1 21:06 ModularCGPubSub_A1.class
-rw-rw-r-- 1 travis travis  9836 Jun  1 21:06 ModularCGPubSub_A1.java
-rw-rw-r-- 1 travis travis   856 Jun  1 21:06 ModularCGPubSub_A1.mk
-rw-rw-r-- 1 travis travis  1346 Jun  1 21:06 ModularCGPubSub_A1_profile.class
-rw-rw-r-- 1 travis travis  1388 Jun  1 21:06 ModularCGPubSub_A1_profile.java
-rw-rw-r-- 1 travis travis  1328 Jun  1 21:06 ModularCodeGen_ModularCodeGenTypedCompositeActor_profile.java
-rw-rw-r-- 1 travis travis  3492 Jun  1 21:06 ModularCodeGenTest_A1_A2.class
-rw-rw-r-- 1 travis travis  9164 Jun  1 21:06 ModularCodeGenTest_A1_A2.java
-rw-rw-r-- 1 travis travis   904 Jun  1 21:06 ModularCodeGenTest_A1_A2.mk
-rw-rw-r-- 1 travis travis  1306 Jun  1 21:06 ModularCodeGenTest_A1_A2_profile.class
-rw-rw-r-- 1 travis travis  1228 Jun  1 21:06 ModularCodeGenTest_A1_A2_profile.java
-rw-rw-r-- 1 travis travis  3823 Jun  1 21:06 ModularCodeGenTest_A1.class
-rw-rw-r-- 1 travis travis  9968 Jun  1 21:06 ModularCodeGenTest_A1.java
-rw-rw-r-- 1 travis travis   880 Jun  1 21:06 ModularCodeGenTest_A1.mk
-rw-rw-r-- 1 travis travis  1352 Jun  1 21:06 ModularCodeGenTest_A1_profile.class
-rw-rw-r-- 1 travis travis  1394 Jun  1 21:06 ModularCodeGenTest_A1_profile.java
-rw-rw-r-- 1 travis travis   432 Jun  1 21:06 Token.class
-rw-rw-r-- 1 travis travis   251 Jun  1 21:06 Token.java
warning: Supported source version 'RELEASE_6' from annotation processor 'org.netbeans.modules.openide.util.NbBundleProcessor' less than -source '1.8'
warning: Supported source version 'RELEASE_6' from annotation processor 'org.netbeans.modules.openide.util.URLStreamHandlerRegistrationProcessor' less than -source '1.8'
warning: Supported source version 'RELEASE_6' from annotation processor 'org.netbeans.modules.openide.util.ServiceProviderProcessor' less than -source '1.8'
3 warnings
All Done
Writing ModularCodeGen_ModularCodeGenTypedCompositeActor.java in file:/home/travis/cg/ (10970 characters)
Reading "ptolemy/cg/kernel/generic/program/procedural/java/modular/makefile.in",
    writing "/home/travis/cg/ModularCodeGen_ModularCodeGenTypedCompositeActor.mk"
Using ptolemy/cg/kernel/generic/program/procedural/java/modular/makefile.in
In "/home/travis/cg", about to execute:
    make -f ModularCodeGen_ModularCodeGenTypedCompositeActor.mk
javac -classpath ".:.."    ModularCodeGen_ModularCodeGenTypedCompositeActor.java
All Done
2349 ms. Memory: 248832K Free: 90795K (36%)
----------------- Invoking toplevel() on ptolemy.moml.MoMLSimpleApplication@5ecf091c
----------------- Done invoking toplevel() on ptolemy.moml.MoMLSimpleApplication@5ecf091c
reloadAllAccessors: .ModularCodeGen

===========================================================================================
----------------- testing Fri Jun 01 21:06:47 UTC 2018 /home/travis/build/icyphy/ptII/ptolemy/cg/lib/test/auto/ModularCodeGen2.xml
----------------- Instantiating /home/travis/build/icyphy/ptII/ptolemy/cg/lib/test/auto/ModularCodeGen2.xml
In "/home/travis/cg", about to execute:
    pwd
In "/home/travis/cg", about to execute:
    ls -l
/home/travis/cg
In "/home/travis/cg", about to execute:
total 484
-rw-rw-r-- 1 travis travis  4895 Jun  1 21:06 CompiledCompositeActor_CompiledCompositeActor.class
-rw-rw-r-- 1 travis travis  1592 Jun  1 21:06 CompiledCompositeActor_CompiledCompositeActor$_CompiledCompositeActor_CompiledCompositeActor.class
-rw-rw-r-- 1 travis travis 13466 Jun  1 21:06 CompiledCompositeActor_CompiledCompositeActor.java
-rw-rw-r-- 1 travis travis  1593 Jun  1 21:06 CompiledCompositeActor_CompiledCompositeActor.mk
-rw-rw-r-- 1 travis travis  4457 Jun  1 21:06 JavaCompiledCompositeTest1_CompiledCompositeActor.class
    javac -classpath
.:/home/travis/build/icyphy/ptII:/home/travis/build/icyphy/ptII/lib/bsh-2.0b4.j
ar:/home/travis/build/icyphy/ptII/lib/ptCal.jar:/home/travis/build/icyphy/ptII/
lib/java_cup.jar:/home/travis/build/icyphy/ptII/lib/saxon8.jar:/home/travis/bui
ld/icyphy/ptII/lib/saxon8-dom.jar:/home/travis/build/icyphy/ptII/lib/chic.jar:/
home/travis/build/icyphy/ptII/lib/ptcolt.jar:/usr/lib/jvm/java-8-oracle/lib/too
ls.jar:/usr/lib/eclipse/plugins/org.eclipse.jdt.core_3.8.2.dist.jar:/usr/lib/ec
lipse/plugins/org.eclipse.core.runtime_3.8.0.dist.jar:/usr/lib/eclipse/plugins/
org.eclipse.osgi_3.8.1.dist.jar:/usr/lib/eclipse/plugins/org.eclipse.core.resou
rces_3.8.1.dist.jar:/usr/lib/eclipse/plugins/org.eclipse.equinox.common_3.6.100
.dist.jar:/usr/lib/eclipse/plugins/org.eclipse.core.jobs_3.5.200.dist.jar:/usr/
lib/eclipse/plugins/org.eclipse.core.contenttype_3.4.200.dist.jar:/usr/lib/ecli
pse/plugins/org.eclipse.equinox.preferences_3.5.0.dist.jar:/usr/lib/eclipse/plu
gins/org.eclipse.text_3.5.200.dist.jar:/usr/lib/eclipse/plugins/org.eclipse.ui.
workbench_3.8.1.dist.jar:/usr/lib/eclipse/plugins/org.eclipse.jface_3.8.0.dist.
jar:/usr/lib/eclipse/plugins/org.eclipse.swt_3.8.2.jar:/usr/lib/eclipse/plugins
/org.eclipse.jface.text_3.8.1.dist.jar:/usr/lib/eclipse/plugins/org.eclipse.ui.
workbench.texteditor_3.8.0.dist.jar:/usr/lib/eclipse/plugins/org.eclipse.ui.edi
tors_3.8.0.dist.jar:/usr/lib/eclipse/plugins/org.eclipse.core.commands_3.6.1.di
st.jar:/usr/lib/eclipse/plugins/org.eclipse.equinox.registry_3.5.200.dist.jar:/
usr/lib/eclipse/plugins/org.eclipse.ui.console_3.5.100.dist.jar:/usr/lib/eclips
e/plugins/org.eclipse.ui.forms_3.5.200.dist.jar:/usr/lib/eclipse/plugins/org.ec
lipse.ui.ide_3.8.1.dist.jar:/home/travis/build/icyphy/ptII/vendors/oracle/dbxml
.jar:/home/travis/build/icyphy/ptII/vendors/oracle/db.jar:/home/travis/build/ic
yphy/ptII/vendors/misc/itext/iText.jar:/home/travis/build/icyphy/ptII/lib/g4ltl
.jar:/home/travis/build/icyphy/ptII/lib/StructuralCoder.jar:/home/travis/build/
icyphy/ptII/lib/org-openide-util.jar:/home/travis/build/icyphy/ptII/lib/org-ope
nide-util-lookup.jar:/home/travis/build/icyphy/ptII/lib/org-netbeans-api-visual
.jar:/home/travis/build/icyphy/ptII/vendors/jai-1_1_2_01/lib/jai_core.jar:/home
/travis/build/icyphy/ptII/vendors/jai-1_1_2_01/lib/jai_codec.jar:/home/travis/b
uild/icyphy/ptII/lib/jcerti.jar:/home/travis/build/icyphy/ptII/lib/smack.jar:/h
ome/travis/build/icyphy/ptII/lib/smackx.jar:/home/travis/build/icyphy/ptII/lib/
jetty-all-8.1.5-v20120716.jar:/home/travis/build/icyphy/ptII/lib/javax.servlet-
api-3.0.1.jar:/home/travis/build/icyphy/ptII/lib/javax.mail.jar:/home/travis/bu
ild/icyphy/ptII/vendors/JMF-2.1.1e/lib/jmf.jar:/home/travis/build/icyphy/ptII/l
ib/jna-4.0.0-variadic.jar:/home/travis/build/icyphy/ptII/vendors/misc/joystick/
Joystick.jar:/home/travis/build/icyphy/ptII/lib/ptjacl.jar:/home/travis/build/i
cyphy/ptII/lib/jsoup-1.8.2.jar:/home/travis/build/icyphy/ptII/lib/junit-4.8.2.j
ar:/home/travis/build/icyphy/ptII/lib/JUnitParams-0.4.0.jar:/home/travis/build/
icyphy/ptII/ptolemy/actor/lib/excel/jxl.jar:/home/travis/build/icyphy/ptII/lib/
jython.jar:/home/travis/build/icyphy/ptII/lib/kieler.jar:/home/travis/build/icy
phy/ptII/vendors/opencv/share/OpenCV/java/opencv-341.jar:/home/travis/build/icy
phy/ptII/lib/oscP5.jar:/home/travis/build/icyphy/ptII/lib/nrjavaserial-3.11.0.d
evel.jar:/usr/share/java/j3dcore.jar:/usr/share/java/j3dutils.jar:/usr/share/ja
va/vecmath.jar:/home/travis/build/icyphy/ptII/ptolemy/distributed/jini/jar/jini
-core.jar:/home/travis/build/icyphy/ptII/ptolemy/distributed/jini/jar/jini-ext.
jar:/home/travis/build/icyphy/ptII/ptolemy/distributed/jini/jar/sun-util.jar:/h
ome/travis/build/icyphy/ptII/lib/protobuf-java-2.4.1.jar:/home/travis/build/icy
phy/ptII/lib/org.eclipse.paho.client.mqttv3.jar:/home/travis/build/icyphy/ptII/
ptserver/lib/hessian-4.0.7.jar:/home/travis/build/icyphy/ptII/ptserver/lib/wmqt
t.jar:/home/travis/build/icyphy/ptII/lib/mapss.jar:/home/travis/build/icyphy/pt
II/ptolemy/actor/ptalon/antlr/antlr.jar:/home/travis/build/icyphy/ptII/lib/JRI.
jar:/home/travis/build/icyphy/ptII/lib/commons-lang-2.6.jar:/home/travis/build/
icyphy/ptII/lib/commons-logging-1.1.1.jar:/home/travis/build/icyphy/ptII/lib/so
otclasses.jar:/home/travis/build/icyphy/ptII/ptolemy/actor/lib/database/mysql-c
onnector-java-5.1.6-bin.jar:/home/travis/build/icyphy/ptII/vendors/misc/sphinx4
/sphinx4-data-5prealpha.jar:/home/travis/build/icyphy/ptII/vendors/misc/sphinx4
/sphinx4-core-5prealpha.jar:/home/travis/build/icyphy/ptII/lib/PDFRenderer.jar:
/home/travis/build/icyphy/ptII/lib/svgSalamander.jar:/home/travis/build/icyphy/
ptII/lib/rsyntaxtextarea-2.6.0-SNAPSHOT.jar:/home/travis/build/icyphy/ptII/lib/
hazelcast-3.8.2.jar:/home/travis/build/icyphy/ptII/lib/jackson-annotations-2.9.
0.jar:/home/travis/build/icyphy/ptII/lib/jackson-core-2.9.3.jar:/home/travis/bu
ild/icyphy/ptII/lib/jackson-databind-2.9.3.jar:/home/travis/build/icyphy/ptII/l
ib/netty-buffer-4.1.19.Final.jar:/home/travis/build/icyphy/ptII/lib/netty-codec
-4.1.19.Final.jar:/home/travis/build/icyphy/ptII/lib/netty-codec-dns-4.1.19.Fin
al.jar:/home/travis/build/icyphy/ptII/lib/netty-codec-http-4.1.19.Final.jar:/ho
me/travis/build/icyphy/ptII/lib/netty-codec-http2-4.1.19.Final.jar:/home/travis
/build/icyphy/ptII/lib/netty-common-4.1.19.Final.jar:/home/travis/build/icyphy/
ptII/lib/netty-handler-4.1.19.Final.jar:/home/travis/build/icyphy/ptII/lib/nett
y-resolver-4.1.19.Final.jar:/home/travis/build/icyphy/ptII/lib/netty-resolver-d
ns-4.1.19.Final.jar:/home/travis/build/icyphy/ptII/lib/netty-transport-4.1.19.F
inal.jar:/home/travis/build/icyphy/ptII/lib/vertx-codegen-3.5.1.jar:/home/travi
s/build/icyphy/ptII/lib/vertx-core-3.5.2-SNAPSHOT.jar:/home/travis/build/icyphy
/ptII/lib/vertx-hazelcast-3.5.1.jar:/home/travis/build/icyphy/ptII/lib/vertx-la
ng-js-3.5.1.jar:/home/travis/build/icyphy/ptII/lib/vertx-service-proxy-3.5.1.ja
r:/home/travis/build/icyphy/ptII/lib/vertx-web-3.5.1.jar:/home/travis/build/icy
phy/ptII/lib/slf4j-api-1.7.13.jar:/home/travis/build/icyphy/ptII/lib/slf4j-simp
le-1.7.13.jar:/home/travis/build/icyphy/ptII/lib/webcam-capture-0.3.12.jar:/hom
e/travis/build/icyphy/ptII/lib/bridj-0.7.0.jar:/home/travis/build/icyphy/ptII/l
ib/xbjlib-1.1.0.nrjavaserial.jar:/home/travis/build/icyphy/ptII/ptolemy/moml/te
st:/home/travis/build/icyphy/ptII/ant/lib/ant-launcher.jar:/home/travis/build/i
cyphy/ptII/ant/lib/ant.jar:/home/travis/build/icyphy/ptII/ant/lib/ant-junit.jar
:/home/travis/build/icyphy/ptII/ant/lib/ant-junit4.jar:/home/travis/build/icyph
y/ptII
ModularCodeGen2_ModularCodeGenTypedCompositeActor_ModularCodeGenTypedCompositeA
ctor_profile.java
-rw-rw-r-- 1 travis travis 11637 Jun  1 21:06 JavaCompiledCompositeTest1_CompiledCompositeActor.java
-rw-rw-r-- 1 travis travis  1198 Jun  1 21:06 JavaCompiledCompositeTest1_CompiledCompositeActor$_JavaCompiledCompositeTest1_CompiledCompositeActor.class
-rw-rw-r-- 1 travis travis  1625 Jun  1 21:06 JavaCompiledCompositeTest1_CompiledCompositeActor.mk
-rw-rw-r-- 1 travis travis  4888 Jun  1 21:06 JavaCompiledCompositeTest2_CompiledCompositeActor.class
-rw-rw-r-- 1 travis travis 14919 Jun  1 21:06 JavaCompiledCompositeTest2_CompiledCompositeActor.java
-rw-rw-r-- 1 travis travis  1793 Jun  1 21:06 JavaCompiledCompositeTest2_CompiledCompositeActor$_JavaCompiledCompositeTest2_CompiledCompositeActor.class
-rw-rw-r-- 1 travis travis  1625 Jun  1 21:06 JavaCompiledCompositeTest2_CompiledCompositeActor.mk
-rw-rw-r-- 1 travis travis  4505 Jun  1 21:06 JavaCompiledCompositeTest3_CompiledCompositeActor.class
-rw-rw-r-- 1 travis travis 13080 Jun  1 21:06 JavaCompiledCompositeTest3_CompiledCompositeActor.java
-rw-rw-r-- 1 travis travis  1378 Jun  1 21:06 JavaCompiledCompositeTest3_CompiledCompositeActor$_JavaCompiledCompositeTest3_CompiledCompositeActor.class
-rw-rw-r-- 1 travis travis  1625 Jun  1 21:06 JavaCompiledCompositeTest3_CompiledCompositeActor.mk
-rw-rw-r-- 1 travis travis  3953 Jun  1 21:06 JavaCompiledCompositeTest4_CompiledCompositeActor.class
-rw-rw-r-- 1 travis travis  9687 Jun  1 21:06 JavaCompiledCompositeTest4_CompiledCompositeActor.java
-rw-rw-r-- 1 travis travis   857 Jun  1 21:06 JavaCompiledCompositeTest4_CompiledCompositeActor$_JavaCompiledCompositeTest4_CompiledCompositeActor.class
-rw-rw-r-- 1 travis travis  1625 Jun  1 21:06 JavaCompiledCompositeTest4_CompiledCompositeActor.mk
-rw-rw-r-- 1 travis travis  3693 Jun  1 21:06 ModularCG_A1_B1.class
-rw-rw-r-- 1 travis travis  9730 Jun  1 21:06 ModularCG_A1_B1.java
-rw-rw-r-- 1 travis travis   832 Jun  1 21:06 ModularCG_A1_B1.mk
-rw-rw-r-- 1 travis travis  1318 Jun  1 21:06 ModularCG_A1_B1_profile.class
-rw-rw-r-- 1 travis travis  1262 Jun  1 21:06 ModularCG_A1_B1_profile.java
-rw-rw-r-- 1 travis travis  3693 Jun  1 21:06 ModularCG_A1_B2.class
-rw-rw-r-- 1 travis travis  9730 Jun  1 21:06 ModularCG_A1_B2.java
-rw-rw-r-- 1 travis travis   832 Jun  1 21:06 ModularCG_A1_B2.mk
-rw-rw-r-- 1 travis travis  1318 Jun  1 21:06 ModularCG_A1_B2_profile.class
-rw-rw-r-- 1 travis travis  1262 Jun  1 21:06 ModularCG_A1_B2_profile.java
-rw-rw-r-- 1 travis travis  4799 Jun  1 21:06 ModularCG_A1.class
-rw-rw-r-- 1 travis travis 14742 Jun  1 21:06 ModularCG_A1.java
-rw-rw-r-- 1 travis travis   808 Jun  1 21:06 ModularCG_A1.mk
-rw-rw-r-- 1 travis travis  1433 Jun  1 21:06 ModularCG_A1_profile.class
-rw-rw-r-- 1 travis travis  1704 Jun  1 21:06 ModularCG_A1_profile.java
-rw-rw-r-- 1 travis travis  3827 Jun  1 21:06 ModularCG_A2_B1.class
-rw-rw-r-- 1 travis travis 10667 Jun  1 21:06 ModularCG_A2_B1.java
-rw-rw-r-- 1 travis travis   832 Jun  1 21:06 ModularCG_A2_B1.mk
-rw-rw-r-- 1 travis travis  1381 Jun  1 21:06 ModularCG_A2_B1_profile.class
-rw-rw-r-- 1 travis travis  1446 Jun  1 21:06 ModularCG_A2_B1_profile.java
-rw-rw-r-- 1 travis travis  3693 Jun  1 21:06 ModularCG_A2_B2.class
-rw-rw-r-- 1 travis travis  9730 Jun  1 21:06 ModularCG_A2_B2.java
-rw-rw-r-- 1 travis travis   832 Jun  1 21:06 ModularCG_A2_B2.mk
-rw-rw-r-- 1 travis travis  1318 Jun  1 21:06 ModularCG_A2_B2_profile.class
-rw-rw-r-- 1 travis travis  1262 Jun  1 21:06 ModularCG_A2_B2_profile.java
-rw-rw-r-- 1 travis travis  4870 Jun  1 21:06 ModularCG_A2.class
-rw-rw-r-- 1 travis travis 15129 Jun  1 21:06 ModularCG_A2.java
-rw-rw-r-- 1 travis travis   808 Jun  1 21:06 ModularCG_A2.mk
-rw-rw-r-- 1 travis travis  1433 Jun  1 21:06 ModularCG_A2_profile.class
-rw-rw-r-- 1 travis travis  1704 Jun  1 21:06 ModularCG_A2_profile.java
-rw-rw-r-- 1 travis travis  3473 Jun  1 21:06 ModularCGPubSub_A1_A2.class
-rw-rw-r-- 1 travis travis  9076 Jun  1 21:06 ModularCGPubSub_A1_A2.java
-rw-rw-r-- 1 travis travis   880 Jun  1 21:06 ModularCGPubSub_A1_A2.mk
-rw-rw-r-- 1 travis travis  1300 Jun  1 21:06 ModularCGPubSub_A1_A2_profile.class
-rw-rw-r-- 1 travis travis  1222 Jun  1 21:06 ModularCGPubSub_A1_A2_profile.java
-rw-rw-r-- 1 travis travis  3790 Jun  1 21:06 ModularCGPubSub_A1.class
-rw-rw-r-- 1 travis travis  9836 Jun  1 21:06 ModularCGPubSub_A1.java
-rw-rw-r-- 1 travis travis   856 Jun  1 21:06 ModularCGPubSub_A1.mk
-rw-rw-r-- 1 travis travis  1346 Jun  1 21:06 ModularCGPubSub_A1_profile.class
-rw-rw-r-- 1 travis travis  1388 Jun  1 21:06 ModularCGPubSub_A1_profile.java
-rw-rw-r-- 1 travis travis  1294 Jun  1 21:06 ModularCodeGen2_ModularCodeGenTypedCompositeActor_ModularCodeGenTypedCompositeActor_profile.java
-rw-rw-r-- 1 travis travis  3954 Jun  1 21:06 ModularCodeGen_ModularCodeGenTypedCompositeActor.class
-rw-rw-r-- 1 travis travis 10970 Jun  1 21:06 ModularCodeGen_ModularCodeGenTypedCompositeActor.java
-rw-rw-r-- 1 travis travis  1096 Jun  1 21:06 ModularCodeGen_ModularCodeGenTypedCompositeActor.mk
-rw-rw-r-- 1 travis travis  1384 Jun  1 21:06 ModularCodeGen_ModularCodeGenTypedCompositeActor_profile.class
-rw-rw-r-- 1 travis travis  1328 Jun  1 21:06 ModularCodeGen_ModularCodeGenTypedCompositeActor_profile.java
-rw-rw-r-- 1 travis travis  3492 Jun  1 21:06 ModularCodeGenTest_A1_A2.class
-rw-rw-r-- 1 travis travis  9164 Jun  1 21:06 ModularCodeGenTest_A1_A2.java
-rw-rw-r-- 1 travis travis   904 Jun  1 21:06 ModularCodeGenTest_A1_A2.mk
-rw-rw-r-- 1 travis travis  1306 Jun  1 21:06 ModularCodeGenTest_A1_A2_profile.class
-rw-rw-r-- 1 travis travis  1228 Jun  1 21:06 ModularCodeGenTest_A1_A2_profile.java
-rw-rw-r-- 1 travis travis  3823 Jun  1 21:06 ModularCodeGenTest_A1.class
-rw-rw-r-- 1 travis travis  9968 Jun  1 21:06 ModularCodeGenTest_A1.java
-rw-rw-r-- 1 travis travis   880 Jun  1 21:06 ModularCodeGenTest_A1.mk
-rw-rw-r-- 1 travis travis  1352 Jun  1 21:06 ModularCodeGenTest_A1_profile.class
-rw-rw-r-- 1 travis travis  1394 Jun  1 21:06 ModularCodeGenTest_A1_profile.java
-rw-rw-r-- 1 travis travis   432 Jun  1 21:06 Token.class
-rw-rw-r-- 1 travis travis   251 Jun  1 21:06 Token.java
warning: Supported source version 'RELEASE_6' from annotation processor 'org.netbeans.modules.openide.util.NbBundleProcessor' less than -source '1.8'
warning: Supported source version 'RELEASE_6' from annotation processor 'org.netbeans.modules.openide.util.URLStreamHandlerRegistrationProcessor' less than -source '1.8'
warning: Supported source version 'RELEASE_6' from annotation processor 'org.netbeans.modules.openide.util.ServiceProviderProcessor' less than -source '1.8'
3 warnings
All Done
Writing ModularCodeGen2_ModularCodeGenTypedCompositeActor_ModularCodeGenTypedCompositeActor.java in file:/home/travis/cg/ (11790 characters)
Reading "ptolemy/cg/kernel/generic/program/procedural/java/modular/makefile.in",
    writing "/home/travis/cg/ModularCodeGen2_ModularCodeGenTypedCompositeActor_ModularCodeGenTypedCompositeActor.mk"
Using ptolemy/cg/kernel/generic/program/procedural/java/modular/makefile.in
In "/home/travis/cg", about to execute:
    make -f
ModularCodeGen2_ModularCodeGenTypedCompositeActor_ModularCodeGenTypedCompositeA
ctor.mk
javac -classpath ".:.."    ModularCodeGen2_ModularCodeGenTypedCompositeActor_ModularCodeGenTypedCompositeActor.java
All Done
In "/home/travis/cg", about to execute:
    pwd
/home/travis/cg
In "/home/travis/cg", about to execute:
    ls -l
total 516
-rw-rw-r-- 1 travis travis  4895 Jun  1 21:06 CompiledCompositeActor_CompiledCompositeActor.class
-rw-rw-r-- 1 travis travis  1592 Jun  1 21:06 CompiledCompositeActor_CompiledCompositeActor$_CompiledCompositeActor_CompiledCompositeActor.class
-rw-rw-r-- 1 travis travis 13466 Jun  1 21:06 CompiledCompositeActor_CompiledCompositeActor.java
-rw-rw-r-- 1 travis travis  1593 Jun  1 21:06 CompiledCompositeActor_CompiledCompositeActor.mk
-rw-rw-r-- 1 travis travis  4457 Jun  1 21:06 JavaCompiledCompositeTest1_CompiledCompositeActor.class
-rw-rw-r-- 1 travis travis 11637 Jun  1 21:06 JavaCompiledCompositeTest1_CompiledCompositeActor.java
-rw-rw-r-- 1 travis travis  1198 Jun  1 21:06 JavaCompiledCompositeTest1_CompiledCompositeActor$_JavaCompiledCompositeTest1_CompiledCompositeActor.class
-rw-rw-r-- 1 travis travis  1625 Jun  1 21:06 JavaCompiledCompositeTest1_CompiledCompositeActor.mk
-rw-rw-r-- 1 travis travis  4888 Jun  1 21:06 JavaCompiledCompositeTest2_CompiledCompositeActor.class
-rw-rw-r-- 1 travis travis 14919 Jun  1 21:06 JavaCompiledCompositeTest2_CompiledCompositeActor.java
-rw-rw-r-- 1 travis travis  1793 Jun  1 21:06 JavaCompiledCompositeTest2_CompiledCompositeActor$_JavaCompiledCompositeTest2_CompiledCompositeActor.class
-rw-rw-r-- 1 travis travis  1625 Jun  1 21:06 JavaCompiledCompositeTest2_CompiledCompositeActor.mk
-rw-rw-r-- 1 travis travis  4505 Jun  1 21:06 JavaCompiledCompositeTest3_CompiledCompositeActor.class
-rw-rw-r-- 1 travis travis 13080 Jun  1 21:06 JavaCompiledCompositeTest3_CompiledCompositeActor.java
-rw-rw-r-- 1 travis travis  1378 Jun  1 21:06 JavaCompiledCompositeTest3_CompiledCompositeActor$_JavaCompiledCompositeTest3_CompiledCompositeActor.class
-rw-rw-r-- 1 travis travis  1625 Jun  1 21:06 JavaCompiledCompositeTest3_CompiledCompositeActor.mk
-rw-rw-r-- 1 travis travis  3953 Jun  1 21:06 JavaCompiledCompositeTest4_CompiledCompositeActor.class
-rw-rw-r-- 1 travis travis  9687 Jun  1 21:06 JavaCompiledCompositeTest4_CompiledCompositeActor.java
-rw-rw-r-- 1 travis travis   857 Jun  1 21:06 JavaCompiledCompositeTest4_CompiledCompositeActor$_JavaCompiledCompositeTest4_CompiledCompositeActor.class
-rw-rw-r-- 1 travis travis  1625 Jun  1 21:06 JavaCompiledCompositeTest4_CompiledCompositeActor.mk
-rw-rw-r-- 1 travis travis  3693 Jun  1 21:06 ModularCG_A1_B1.class
-rw-rw-r-- 1 travis travis  9730 Jun  1 21:06 ModularCG_A1_B1.java
-rw-rw-r-- 1 travis travis   832 Jun  1 21:06 ModularCG_A1_B1.mk
-rw-rw-r-- 1 travis travis  1318 Jun  1 21:06 ModularCG_A1_B1_profile.class
-rw-rw-r-- 1 travis travis  1262 Jun  1 21:06 ModularCG_A1_B1_profile.java
-rw-rw-r-- 1 travis travis  3693 Jun  1 21:06 ModularCG_A1_B2.class
-rw-rw-r-- 1 travis travis  9730 Jun  1 21:06 ModularCG_A1_B2.java
-rw-rw-r-- 1 travis travis   832 Jun  1 21:06 ModularCG_A1_B2.mk
-rw-rw-r-- 1 travis travis  1318 Jun  1 21:06 ModularCG_A1_B2_profile.class
-rw-rw-r-- 1 travis travis  1262 Jun  1 21:06 ModularCG_A1_B2_profile.java
-rw-rw-r-- 1 travis travis  4799 Jun  1 21:06 ModularCG_A1.class
-rw-rw-r-- 1 travis travis 14742 Jun  1 21:06 ModularCG_A1.java
-rw-rw-r-- 1 travis travis   808 Jun  1 21:06 ModularCG_A1.mk
-rw-rw-r-- 1 travis travis  1433 Jun  1 21:06 ModularCG_A1_profile.class
-rw-rw-r-- 1 travis travis  1704 Jun  1 21:06 ModularCG_A1_profile.java
-rw-rw-r-- 1 travis travis  3827 Jun  1 21:06 ModularCG_A2_B1.class
-rw-rw-r-- 1 travis travis 10667 Jun  1 21:06 ModularCG_A2_B1.java
-rw-rw-r-- 1 travis travis   832 Jun  1 21:06 ModularCG_A2_B1.mk
-rw-rw-r-- 1 travis travis  1381 Jun  1 21:06 ModularCG_A2_B1_profile.class
-rw-rw-r-- 1 travis travis  1446 Jun  1 21:06 ModularCG_A2_B1_profile.java
-rw-rw-r-- 1 travis travis  3693 Jun  1 21:06 ModularCG_A2_B2.class
-rw-rw-r-- 1 travis travis  9730 Jun  1 21:06 ModularCG_A2_B2.java
-rw-rw-r-- 1 travis travis   832 Jun  1 21:06 ModularCG_A2_B2.mk
-rw-rw-r-- 1 travis travis  1318 Jun  1 21:06 ModularCG_A2_B2_profile.class
-rw-rw-r-- 1 travis travis  1262 Jun  1 21:06 ModularCG_A2_B2_profile.java
-rw-rw-r-- 1 travis travis  4870 Jun  1 21:06 ModularCG_A2.class
-rw-rw-r-- 1 travis travis 15129 Jun  1 21:06 ModularCG_A2.java
-rw-rw-r-- 1 travis travis   808 Jun  1 21:06 ModularCG_A2.mk
-rw-rw-r-- 1 travis travis  1433 Jun  1 21:06 ModularCG_A2_profile.class
-rw-rw-r-- 1 travis travis  1704 Jun  1 21:06 ModularCG_A2_profile.java
-rw-rw-r-- 1 travis travis  3473 Jun  1 21:06 ModularCGPubSub_A1_A2.class
-rw-rw-r-- 1 travis travis  9076 Jun  1 21:06 ModularCGPubSub_A1_A2.java
-rw-rw-r-- 1 travis travis   880 Jun  1 21:06 ModularCGPubSub_A1_A2.mk
-rw-rw-r-- 1 travis travis  1300 Jun  1 21:06 ModularCGPubSub_A1_A2_profile.class
-rw-rw-r-- 1 travis travis  1222 Jun  1 21:06 ModularCGPubSub_A1_A2_profile.java
-rw-rw-r-- 1 travis travis  3790 Jun  1 21:06 ModularCGPubSub_A1.class
-rw-rw-r-- 1 travis travis  9836 Jun  1 21:06 ModularCGPubSub_A1.java
-rw-rw-r-- 1 travis travis   856 Jun  1 21:06 ModularCGPubSub_A1.mk
-rw-rw-r-- 1 travis travis  1346 Jun  1 21:06 ModularCGPubSub_A1_profile.class
-rw-rw-r-- 1 travis travis  1388 Jun  1 21:06 ModularCGPubSub_A1_profile.java
-rw-rw-r-- 1 travis travis  4272 Jun  1 21:06 ModularCodeGen2_ModularCodeGenTypedCompositeActor_ModularCodeGenTypedCompositeActor.class
-rw-rw-r-- 1 travis travis 11790 Jun  1 21:06 ModularCodeGen2_ModularCodeGenTypedCompositeActor_ModularCodeGenTypedCompositeActor.java
-rw-rw-r-- 1 travis travis  1376 Jun  1 21:06 ModularCodeGen2_ModularCodeGenTypedCompositeActor_ModularCodeGenTypedCompositeActor.mk
-rw-rw-r-- 1 travis travis  1421 Jun  1 21:06 ModularCodeGen2_ModularCodeGenTypedCompositeActor_ModularCodeGenTypedCompositeActor_profile.class
-rw-rw-r-- 1 travis travis  1294 Jun  1 21:06 ModularCodeGen2_ModularCodeGenTypedCompositeActor_ModularCodeGenTypedCompositeActor_profile.java
-rw-rw-r-- 1 travis travis   693 Jun  1 21:06 ModularCodeGen2_ModularCodeGenTypedCompositeActor_profile.java
-rw-rw-r-- 1 travis travis  3954 Jun  1 21:06 ModularCodeGen_ModularCodeGenTypedCompositeActor.class
-rw-rw-r-- 1 travis travis 10970 Jun  1 21:06 ModularCodeGen_ModularCodeGenTypedCompositeActor.java
-rw-rw-r-- 1 travis travis  1096 Jun  1 21:06 ModularCodeGen_ModularCodeGenTypedCompositeActor.mk
-rw-rw-r-- 1 travis travis  1384 Jun  1 21:06 ModularCodeGen_ModularCodeGenTypedCompositeActor_profile.class
-rw-rw-r-- 1 travis travis  1328 Jun  1 21:06 ModularCodeGen_ModularCodeGenTypedCompositeActor_profile.java
-rw-rw-r-- 1 travis travis  3492 Jun  1 21:06 ModularCodeGenTest_A1_A2.class
In "/home/travis/cg", about to execute:
    javac -classpath
.:/home/travis/build/icyphy/ptII:/home/travis/build/icyphy/ptII/lib/bsh-2.0b4.j
ar:/home/travis/build/icyphy/ptII/lib/ptCal.jar:/home/travis/build/icyphy/ptII/
lib/java_cup.jar:/home/travis/build/icyphy/ptII/lib/saxon8.jar:/home/travis/bui
ld/icyphy/ptII/lib/saxon8-dom.jar:/home/travis/build/icyphy/ptII/lib/chic.jar:/
home/travis/build/icyphy/ptII/lib/ptcolt.jar:/usr/lib/jvm/java-8-oracle/lib/too
ls.jar:/usr/lib/eclipse/plugins/org.eclipse.jdt.core_3.8.2.dist.jar:/usr/lib/ec
lipse/plugins/org.eclipse.core.runtime_3.8.0.dist.jar:/usr/lib/eclipse/plugins/
org.eclipse.osgi_3.8.1.dist.jar:/usr/lib/eclipse/plugins/org.eclipse.core.resou
rces_3.8.1.dist.jar:/usr/lib/eclipse/plugins/org.eclipse.equinox.common_3.6.100
.dist.jar:/usr/lib/eclipse/plugins/org.eclipse.core.jobs_3.5.200.dist.jar:/usr/
lib/eclipse/plugins/org.eclipse.core.contenttype_3.4.200.dist.jar:/usr/lib/ecli
pse/plugins/org.eclipse.equinox.preferences_3.5.0.dist.jar:/usr/lib/eclipse/plu
gins/org.eclipse.text_3.5.200.dist.jar:/usr/lib/eclipse/plugins/org.eclipse.ui.
workbench_3.8.1.dist.jar:/usr/lib/eclipse/plugins/org.eclipse.jface_3.8.0.dist.
jar:/usr/lib/eclipse/plugins/org.eclipse.swt_3.8.2.jar:/usr/lib/eclipse/plugins
/org.eclipse.jface.text_3.8.1.dist.jar:/usr/lib/eclipse/plugins/org.eclipse.ui.
workbench.texteditor_3.8.0.dist.jar:/usr/lib/eclipse/plugins/org.eclipse.ui.edi
tors_3.8.0.dist.jar:/usr/lib/eclipse/plugins/org.eclipse.core.commands_3.6.1.di
st.jar:/usr/lib/eclipse/plugins/org.eclipse.equinox.registry_3.5.200.dist.jar:/
usr/lib/eclipse/plugins/org.eclipse.ui.console_3.5.100.dist.jar:/usr/lib/eclips
e/plugins/org.eclipse.ui.forms_3.5.200.dist.jar:/usr/lib/eclipse/plugins/org.ec
lipse.ui.ide_3.8.1.dist.jar:/home/travis/build/icyphy/ptII/vendors/oracle/dbxml
.jar:/home/travis/build/icyphy/ptII/vendors/oracle/db.jar:/home/travis/build/ic
yphy/ptII/vendors/misc/itext/iText.jar:/home/travis/build/icyphy/ptII/lib/g4ltl
.jar:/home/travis/build/icyphy/ptII/lib/StructuralCoder.jar:/home/travis/build/
icyphy/ptII/lib/org-openide-util.jar:/home/travis/build/icyphy/ptII/lib/org-ope
nide-util-lookup.jar:/home/travis/build/icyphy/ptII/lib/org-netbeans-api-visual
.jar:/home/travis/build/icyphy/ptII/vendors/jai-1_1_2_01/lib/jai_core.jar:/home
/travis/build/icyphy/ptII/vendors/jai-1_1_2_01/lib/jai_codec.jar:/home/travis/b
uild/icyphy/ptII/lib/jcerti.jar:/home/travis/build/icyphy/ptII/lib/smack.jar:/h
ome/travis/build/icyphy/ptII/lib/smackx.jar:/home/travis/build/icyphy/ptII/lib/
jetty-all-8.1.5-v20120716.jar:/home/travis/build/icyphy/ptII/lib/javax.servlet-
api-3.0.1.jar:/home/travis/build/icyphy/ptII/lib/javax.mail.jar:/home/travis/bu
ild/icyphy/ptII/vendors/JMF-2.1.1e/lib/jmf.jar:/home/travis/build/icyphy/ptII/l
ib/jna-4.0.0-variadic.jar:/home/travis/build/icyphy/ptII/vendors/misc/joystick/
Joystick.jar:/home/travis/build/icyphy/ptII/lib/ptjacl.jar:/home/travis/build/i
cyphy/ptII/lib/jsoup-1.8.2.jar:/home/travis/build/icyphy/ptII/lib/junit-4.8.2.j
ar:/home/travis/build/icyphy/ptII/lib/JUnitParams-0.4.0.jar:/home/travis/build/
icyphy/ptII/ptolemy/actor/lib/excel/jxl.jar:/home/travis/build/icyphy/ptII/lib/
jython.jar:/home/travis/build/icyphy/ptII/lib/kieler.jar:/home/travis/build/icy
phy/ptII/vendors/opencv/share/OpenCV/java/opencv-341.jar:/home/travis/build/icy
phy/ptII/lib/oscP5.jar:/home/travis/build/icyphy/ptII/lib/nrjavaserial-3.11.0.d
evel.jar:/usr/share/java/j3dcore.jar:/usr/share/java/j3dutils.jar:/usr/share/ja
va/vecmath.jar:/home/travis/build/icyphy/ptII/ptolemy/distributed/jini/jar/jini
-core.jar:/home/travis/build/icyphy/ptII/ptolemy/distributed/jini/jar/jini-ext.
jar:/home/travis/build/icyphy/ptII/ptolemy/distributed/jini/jar/sun-util.jar:/h
ome/travis/build/icyphy/ptII/lib/protobuf-java-2.4.1.jar:/home/travis/build/icy
phy/ptII/lib/org.eclipse.paho.client.mqttv3.jar:/home/travis/build/icyphy/ptII/
ptserver/lib/hessian-4.0.7.jar:/home/travis/build/icyphy/ptII/ptserver/lib/wmqt
t.jar:/home/travis/build/icyphy/ptII/lib/mapss.jar:/home/travis/build/icyphy/pt
II/ptolemy/actor/ptalon/antlr/antlr.jar:/home/travis/build/icyphy/ptII/lib/JRI.
jar:/home/travis/build/icyphy/ptII/lib/commons-lang-2.6.jar:/home/travis/build/
icyphy/ptII/lib/commons-logging-1.1.1.jar:/home/travis/build/icyphy/ptII/lib/so
otclasses.jar:/home/travis/build/icyphy/ptII/ptolemy/actor/lib/database/mysql-c
onnector-java-5.1.6-bin.jar:/home/travis/build/icyphy/ptII/vendors/misc/sphinx4
/sphinx4-data-5prealpha.jar:/home/travis/build/icyphy/ptII/vendors/misc/sphinx4
/sphinx4-core-5prealpha.jar:/home/travis/build/icyphy/ptII/lib/PDFRenderer.jar:
/home/travis/build/icyphy/ptII/lib/svgSalamander.jar:/home/travis/build/icyphy/
ptII/lib/rsyntaxtextarea-2.6.0-SNAPSHOT.jar:/home/travis/build/icyphy/ptII/lib/
hazelcast-3.8.2.jar:/home/travis/build/icyphy/ptII/lib/jackson-annotations-2.9.
0.jar:/home/travis/build/icyphy/ptII/lib/jackson-core-2.9.3.jar:/home/travis/bu
ild/icyphy/ptII/lib/jackson-databind-2.9.3.jar:/home/travis/build/icyphy/ptII/l
ib/netty-buffer-4.1.19.Final.jar:/home/travis/build/icyphy/ptII/lib/netty-codec
-4.1.19.Final.jar:/home/travis/build/icyphy/ptII/lib/netty-codec-dns-4.1.19.Fin
al.jar:/home/travis/build/icyphy/ptII/lib/netty-codec-http-4.1.19.Final.jar:/ho
me/travis/build/icyphy/ptII/lib/netty-codec-http2-4.1.19.Final.jar:/home/travis
/build/icyphy/ptII/lib/netty-common-4.1.19.Final.jar:/home/travis/build/icyphy/
ptII/lib/netty-handler-4.1.19.Final.jar:/home/travis/build/icyphy/ptII/lib/nett
y-resolver-4.1.19.Final.jar:/home/travis/build/icyphy/ptII/lib/netty-resolver-d
ns-4.1.19.Final.jar:/home/travis/build/icyphy/ptII/lib/netty-transport-4.1.19.F
inal.jar:/home/travis/build/icyphy/ptII/lib/vertx-codegen-3.5.1.jar:/home/travi
s/build/icyphy/ptII/lib/vertx-core-3.5.2-SNAPSHOT.jar:/home/travis/build/icyphy
/ptII/lib/vertx-hazelcast-3.5.1.jar:/home/travis/build/icyphy/ptII/lib/vertx-la
ng-js-3.5.1.jar:/home/travis/build/icyphy/ptII/lib/vertx-service-proxy-3.5.1.ja
r:/home/travis/build/icyphy/ptII/lib/vertx-web-3.5.1.jar:/home/travis/build/icy
phy/ptII/lib/slf4j-api-1.7.13.jar:/home/travis/build/icyphy/ptII/lib/slf4j-simp
le-1.7.13.jar:/home/travis/build/icyphy/ptII/lib/webcam-capture-0.3.12.jar:/hom
e/travis/build/icyphy/ptII/lib/bridj-0.7.0.jar:/home/travis/build/icyphy/ptII/l
ib/xbjlib-1.1.0.nrjavaserial.jar:/home/travis/build/icyphy/ptII/ptolemy/moml/te
st:/home/travis/build/icyphy/ptII/ant/lib/ant-launcher.jar:/home/travis/build/i
cyphy/ptII/ant/lib/ant.jar:/home/travis/build/icyphy/ptII/ant/lib/ant-junit.jar
:/home/travis/build/icyphy/ptII/ant/lib/ant-junit4.jar:/home/travis/build/icyph
y/ptII ModularCodeGen2_ModularCodeGenTypedCompositeActor_profile.java
-rw-rw-r-- 1 travis travis  9164 Jun  1 21:06 ModularCodeGenTest_A1_A2.java
-rw-rw-r-- 1 travis travis   904 Jun  1 21:06 ModularCodeGenTest_A1_A2.mk
-rw-rw-r-- 1 travis travis  1306 Jun  1 21:06 ModularCodeGenTest_A1_A2_profile.class
-rw-rw-r-- 1 travis travis  1228 Jun  1 21:06 ModularCodeGenTest_A1_A2_profile.java
-rw-rw-r-- 1 travis travis  3823 Jun  1 21:06 ModularCodeGenTest_A1.class
-rw-rw-r-- 1 travis travis  9968 Jun  1 21:06 ModularCodeGenTest_A1.java
-rw-rw-r-- 1 travis travis   880 Jun  1 21:06 ModularCodeGenTest_A1.mk
-rw-rw-r-- 1 travis travis  1352 Jun  1 21:06 ModularCodeGenTest_A1_profile.class
-rw-rw-r-- 1 travis travis  1394 Jun  1 21:06 ModularCodeGenTest_A1_profile.java
-rw-rw-r-- 1 travis travis   432 Jun  1 21:06 Token.class
-rw-rw-r-- 1 travis travis   251 Jun  1 21:06 Token.java
warning: Supported source version 'RELEASE_6' from annotation processor 'org.netbeans.modules.openide.util.NbBundleProcessor' less than -source '1.8'
warning: Supported source version 'RELEASE_6' from annotation processor 'org.netbeans.modules.openide.util.URLStreamHandlerRegistrationProcessor' less than -source '1.8'
warning: Supported source version 'RELEASE_6' from annotation processor 'org.netbeans.modules.openide.util.ServiceProviderProcessor' less than -source '1.8'
3 warnings
All Done
Writing ModularCodeGen2_ModularCodeGenTypedCompositeActor.java in file:/home/travis/cg/ (11690 characters)
Reading "ptolemy/cg/kernel/generic/program/procedural/java/modular/makefile.in",
    writing "/home/travis/cg/ModularCodeGen2_ModularCodeGenTypedCompositeActor.mk"
Using ptolemy/cg/kernel/generic/program/procedural/java/modular/makefile.in
In "/home/travis/cg", about to execute:
    make -f ModularCodeGen2_ModularCodeGenTypedCompositeActor.mk
javac -classpath ".:.."    ModularCodeGen2_ModularCodeGenTypedCompositeActor.java
All Done
4761 ms. Memory: 242688K Free: 166085K (68%)
----------------- Invoking toplevel() on ptolemy.moml.MoMLSimpleApplication@43940fe7
----------------- Done invoking toplevel() on ptolemy.moml.MoMLSimpleApplication@43940fe7
reloadAllAccessors: .ModularCodeGen2

===========================================================================================
----------------- testing Fri Jun 01 21:06:52 UTC 2018 /home/travis/build/icyphy/ptII/ptolemy/cg/lib/test/auto/ModularCodeGen3.xml
----------------- Instantiating /home/travis/build/icyphy/ptII/ptolemy/cg/lib/test/auto/ModularCodeGen3.xml
In "/home/travis/cg", about to execute:
    pwd
In "/home/travis/cg", about to execute:
    ls -l
/home/travis/cg
In "/home/travis/cg", about to execute:
    javac -classpath
.:/home/travis/build/icyphy/ptII:/home/travis/build/icyphy/ptII/lib/bsh-2.0b4.j
ar:/home/travis/build/icyphy/ptII/lib/ptCal.jar:/home/travis/build/icyphy/ptII/
lib/java_cup.jar:/home/travis/build/icyphy/ptII/lib/saxon8.jar:/home/travis/bui
ld/icyphy/ptII/lib/saxon8-dom.jar:/home/travis/build/icyphy/ptII/lib/chic.jar:/
home/travis/build/icyphy/ptII/lib/ptcolt.jar:/usr/lib/jvm/java-8-oracle/lib/too
ls.jar:/usr/lib/eclipse/plugins/org.eclipse.jdt.core_3.8.2.dist.jar:/usr/lib/ec
lipse/plugins/org.eclipse.core.runtime_3.8.0.dist.jar:/usr/lib/eclipse/plugins/
org.eclipse.osgi_3.8.1.dist.jar:/usr/lib/eclipse/plugins/org.eclipse.core.resou
rces_3.8.1.dist.jar:/usr/lib/eclipse/plugins/org.eclipse.equinox.common_3.6.100
.dist.jar:/usr/lib/eclipse/plugins/org.eclipse.core.jobs_3.5.200.dist.jar:/usr/
lib/eclipse/plugins/org.eclipse.core.contenttype_3.4.200.dist.jar:/usr/lib/ecli
pse/plugins/org.eclipse.equinox.preferences_3.5.0.dist.jar:/usr/lib/eclipse/plu
gins/org.eclipse.text_3.5.200.dist.jar:/usr/lib/eclipse/plugins/org.eclipse.ui.
workbench_3.8.1.dist.jar:/usr/lib/eclipse/plugins/org.eclipse.jface_3.8.0.dist.
jar:/usr/lib/eclipse/plugins/org.eclipse.swt_3.8.2.jar:/usr/lib/eclipse/plugins
/org.eclipse.jface.text_3.8.1.dist.jar:/usr/lib/eclipse/plugins/org.eclipse.ui.
workbench.texteditor_3.8.0.dist.jar:/usr/lib/eclipse/plugins/org.eclipse.ui.edi
tors_3.8.0.dist.jar:/usr/lib/eclipse/plugins/org.eclipse.core.commands_3.6.1.di
st.jar:/usr/lib/eclipse/plugins/org.eclipse.equinox.registry_3.5.200.dist.jar:/
usr/lib/eclipse/plugins/org.eclipse.ui.console_3.5.100.dist.jar:/usr/lib/eclips
e/plugins/org.eclipse.ui.forms_3.5.200.dist.jar:/usr/lib/eclipse/plugins/org.ec
lipse.ui.ide_3.8.1.dist.jar:/home/travis/build/icyphy/ptII/vendors/oracle/dbxml
.jar:/home/travis/build/icyphy/ptII/vendors/oracle/db.jar:/home/travis/build/ic
yphy/ptII/vendors/misc/itext/iText.jar:/home/travis/build/icyphy/ptII/lib/g4ltl
.jar:/home/travis/build/icyphy/ptII/lib/StructuralCoder.jar:/home/travis/build/
icyphy/ptII/lib/org-openide-util.jar:/home/travis/build/icyphy/ptII/lib/org-ope
nide-util-lookup.jar:/home/travis/build/icyphy/ptII/lib/org-netbeans-api-visual
.jar:/home/travis/build/icyphy/ptII/vendors/jai-1_1_2_01/lib/jai_core.jar:/home
/travis/build/icyphy/ptII/vendors/jai-1_1_2_01/lib/jai_codec.jar:/home/travis/b
uild/icyphy/ptII/lib/jcerti.jar:/home/travis/build/icyphy/ptII/lib/smack.jar:/h
ome/travis/build/icyphy/ptII/lib/smackx.jar:/home/travis/build/icyphy/ptII/lib/
jetty-all-8.1.5-v20120716.jar:/home/travis/build/icyphy/ptII/lib/javax.servlet-
api-3.0.1.jar:/home/travis/build/icyphy/ptII/lib/javax.mail.jar:/home/travis/bu
ild/icyphy/ptII/vendors/JMF-2.1.1e/lib/jmf.jar:/home/travis/build/icyphy/ptII/l
ib/jna-4.0.0-variadic.jar:/home/travis/build/icyphy/ptII/vendors/misc/joystick/
Joystick.jar:/home/travis/build/icyphy/ptII/lib/ptjacl.jar:/home/travis/build/i
cyphy/ptII/lib/jsoup-1.8.2.jar:/home/travis/build/icyphy/ptII/lib/junit-4.8.2.j
ar:/home/travis/build/icyphy/ptII/lib/JUnitParams-0.4.0.jar:/home/travis/build/
icyphy/ptII/ptolemy/actor/lib/excel/jxl.jar:/home/travis/build/icyphy/ptII/lib/
jython.jar:/home/travis/build/icyphy/ptII/lib/kieler.jar:/home/travis/build/icy
phy/ptII/vendors/opencv/share/OpenCV/java/opencv-341.jar:/home/travis/build/icy
phy/ptII/lib/oscP5.jar:/home/travis/build/icyphy/ptII/lib/nrjavaserial-3.11.0.d
evel.jar:/usr/share/java/j3dcore.jar:/usr/share/java/j3dutils.jar:/usr/share/ja
va/vecmath.jar:/home/travis/build/icyphy/ptII/ptolemy/distributed/jini/jar/jini
-core.jar:/home/travis/build/icyphy/ptII/ptolemy/distributed/jini/jar/jini-ext.
jar:/home/travis/build/icyphy/ptII/ptolemy/distributed/jini/jar/sun-util.jar:/h
ome/travis/build/icyphy/ptII/lib/protobuf-java-2.4.1.jar:/home/travis/build/icy
phy/ptII/lib/org.eclipse.paho.client.mqttv3.jar:/home/travis/build/icyphy/ptII/
ptserver/lib/hessian-4.0.7.jar:/home/travis/build/icyphy/ptII/ptserver/lib/wmqt
t.jar:/home/travis/build/icyphy/ptII/lib/mapss.jar:/home/travis/build/icyphy/pt
II/ptolemy/actor/ptalon/antlr/antlr.jar:/home/travis/build/icyphy/ptII/lib/JRI.
jar:/home/travis/build/icyphy/ptII/lib/commons-lang-2.6.jar:/home/travis/build/
icyphy/ptII/lib/commons-logging-1.1.1.jar:/home/travis/build/icyphy/ptII/lib/so
otclasses.jar:/home/travis/build/icyphy/ptII/ptolemy/actor/lib/database/mysql-c
onnector-java-5.1.6-bin.jar:/home/travis/build/icyphy/ptII/vendors/misc/sphinx4
/sphinx4-data-5prealpha.jar:/home/travis/build/icyphy/ptII/vendors/misc/sphinx4
/sphinx4-core-5prealpha.jar:/home/travis/build/icyphy/ptII/lib/PDFRenderer.jar:
/home/travis/build/icyphy/ptII/lib/svgSalamander.jar:/home/travis/build/icyphy/
ptII/lib/rsyntaxtextarea-2.6.0-SNAPSHOT.jar:/home/travis/build/icyphy/ptII/lib/
hazelcast-3.8.2.jar:/home/travis/build/icyphy/ptII/lib/jackson-annotations-2.9.
0.jar:/home/travis/build/icyphy/ptII/lib/jackson-core-2.9.3.jar:/home/travis/bu
ild/icyphy/ptII/lib/jackson-databind-2.9.3.jar:/home/travis/build/icyphy/ptII/l
ib/netty-buffer-4.1.19.Final.jar:/home/travis/build/icyphy/ptII/lib/netty-codec
-4.1.19.Final.jar:/home/travis/build/icyphy/ptII/lib/netty-codec-dns-4.1.19.Fin
al.jar:/home/travis/build/icyphy/ptII/lib/netty-codec-http-4.1.19.Final.jar:/ho
me/travis/build/icyphy/ptII/lib/netty-codec-http2-4.1.19.Final.jar:/home/travis
/build/icyphy/ptII/lib/netty-common-4.1.19.Final.jar:/home/travis/build/icyphy/
ptII/lib/netty-handler-4.1.19.Final.jar:/home/travis/build/icyphy/ptII/lib/nett
y-resolver-4.1.19.Final.jar:/home/travis/build/icyphy/ptII/lib/netty-resolver-d
ns-4.1.19.Final.jar:/home/travis/build/icyphy/ptII/lib/netty-transport-4.1.19.F
inal.jar:/home/travis/build/icyphy/ptII/lib/vertx-codegen-3.5.1.jar:/home/travi
s/build/icyphy/ptII/lib/vertx-core-3.5.2-SNAPSHOT.jar:/home/travis/build/icyphy
/ptII/lib/vertx-hazelcast-3.5.1.jar:/home/travis/build/icyphy/ptII/lib/vertx-la
ng-js-3.5.1.jar:/home/travis/build/icyphy/ptII/lib/vertx-service-proxy-3.5.1.ja
r:/home/travis/build/icyphy/ptII/lib/vertx-web-3.5.1.jar:/home/travis/build/icy
phy/ptII/lib/slf4j-api-1.7.13.jar:/home/travis/build/icyphy/ptII/lib/slf4j-simp
le-1.7.13.jar:/home/travis/build/icyphy/ptII/lib/webcam-capture-0.3.12.jar:/hom
e/travis/build/icyphy/ptII/lib/bridj-0.7.0.jar:/home/travis/build/icyphy/ptII/l
ib/xbjlib-1.1.0.nrjavaserial.jar:/home/travis/build/icyphy/ptII/ptolemy/moml/te
st:/home/travis/build/icyphy/ptII/ant/lib/ant-launcher.jar:/home/travis/build/i
cyphy/ptII/ant/lib/ant.jar:/home/travis/build/icyphy/ptII/ant/lib/ant-junit.jar
:/home/travis/build/icyphy/ptII/ant/lib/ant-junit4.jar:/home/travis/build/icyph
y/ptII ModularCodeGen3_A1_B1_profile.java
total 544
-rw-rw-r-- 1 travis travis  4895 Jun  1 21:06 CompiledCompositeActor_CompiledCompositeActor.class
-rw-rw-r-- 1 travis travis  1592 Jun  1 21:06 CompiledCompositeActor_CompiledCompositeActor$_CompiledCompositeActor_CompiledCompositeActor.class
-rw-rw-r-- 1 travis travis 13466 Jun  1 21:06 CompiledCompositeActor_CompiledCompositeActor.java
-rw-rw-r-- 1 travis travis  1593 Jun  1 21:06 CompiledCompositeActor_CompiledCompositeActor.mk
-rw-rw-r-- 1 travis travis  4457 Jun  1 21:06 JavaCompiledCompositeTest1_CompiledCompositeActor.class
-rw-rw-r-- 1 travis travis 11637 Jun  1 21:06 JavaCompiledCompositeTest1_CompiledCompositeActor.java
-rw-rw-r-- 1 travis travis  1198 Jun  1 21:06 JavaCompiledCompositeTest1_CompiledCompositeActor$_JavaCompiledCompositeTest1_CompiledCompositeActor.class
-rw-rw-r-- 1 travis travis  1625 Jun  1 21:06 JavaCompiledCompositeTest1_CompiledCompositeActor.mk
-rw-rw-r-- 1 travis travis  4888 Jun  1 21:06 JavaCompiledCompositeTest2_CompiledCompositeActor.class
-rw-rw-r-- 1 travis travis 14919 Jun  1 21:06 JavaCompiledCompositeTest2_CompiledCompositeActor.java
-rw-rw-r-- 1 travis travis  1793 Jun  1 21:06 JavaCompiledCompositeTest2_CompiledCompositeActor$_JavaCompiledCompositeTest2_CompiledCompositeActor.class
-rw-rw-r-- 1 travis travis  1625 Jun  1 21:06 JavaCompiledCompositeTest2_CompiledCompositeActor.mk
-rw-rw-r-- 1 travis travis  4505 Jun  1 21:06 JavaCompiledCompositeTest3_CompiledCompositeActor.class
-rw-rw-r-- 1 travis travis 13080 Jun  1 21:06 JavaCompiledCompositeTest3_CompiledCompositeActor.java
-rw-rw-r-- 1 travis travis  1378 Jun  1 21:06 JavaCompiledCompositeTest3_CompiledCompositeActor$_JavaCompiledCompositeTest3_CompiledCompositeActor.class
-rw-rw-r-- 1 travis travis  1625 Jun  1 21:06 JavaCompiledCompositeTest3_CompiledCompositeActor.mk
-rw-rw-r-- 1 travis travis  3953 Jun  1 21:06 JavaCompiledCompositeTest4_CompiledCompositeActor.class
-rw-rw-r-- 1 travis travis  9687 Jun  1 21:06 JavaCompiledCompositeTest4_CompiledCompositeActor.java
-rw-rw-r-- 1 travis travis   857 Jun  1 21:06 JavaCompiledCompositeTest4_CompiledCompositeActor$_JavaCompiledCompositeTest4_CompiledCompositeActor.class
-rw-rw-r-- 1 travis travis  1625 Jun  1 21:06 JavaCompiledCompositeTest4_CompiledCompositeActor.mk
-rw-rw-r-- 1 travis travis  3693 Jun  1 21:06 ModularCG_A1_B1.class
-rw-rw-r-- 1 travis travis  9730 Jun  1 21:06 ModularCG_A1_B1.java
-rw-rw-r-- 1 travis travis   832 Jun  1 21:06 ModularCG_A1_B1.mk
-rw-rw-r-- 1 travis travis  1318 Jun  1 21:06 ModularCG_A1_B1_profile.class
-rw-rw-r-- 1 travis travis  1262 Jun  1 21:06 ModularCG_A1_B1_profile.java
-rw-rw-r-- 1 travis travis  3693 Jun  1 21:06 ModularCG_A1_B2.class
-rw-rw-r-- 1 travis travis  9730 Jun  1 21:06 ModularCG_A1_B2.java
-rw-rw-r-- 1 travis travis   832 Jun  1 21:06 ModularCG_A1_B2.mk
-rw-rw-r-- 1 travis travis  1318 Jun  1 21:06 ModularCG_A1_B2_profile.class
-rw-rw-r-- 1 travis travis  1262 Jun  1 21:06 ModularCG_A1_B2_profile.java
-rw-rw-r-- 1 travis travis  4799 Jun  1 21:06 ModularCG_A1.class
-rw-rw-r-- 1 travis travis 14742 Jun  1 21:06 ModularCG_A1.java
-rw-rw-r-- 1 travis travis   808 Jun  1 21:06 ModularCG_A1.mk
-rw-rw-r-- 1 travis travis  1433 Jun  1 21:06 ModularCG_A1_profile.class
-rw-rw-r-- 1 travis travis  1704 Jun  1 21:06 ModularCG_A1_profile.java
-rw-rw-r-- 1 travis travis  3827 Jun  1 21:06 ModularCG_A2_B1.class
-rw-rw-r-- 1 travis travis 10667 Jun  1 21:06 ModularCG_A2_B1.java
-rw-rw-r-- 1 travis travis   832 Jun  1 21:06 ModularCG_A2_B1.mk
-rw-rw-r-- 1 travis travis  1381 Jun  1 21:06 ModularCG_A2_B1_profile.class
-rw-rw-r-- 1 travis travis  1446 Jun  1 21:06 ModularCG_A2_B1_profile.java
-rw-rw-r-- 1 travis travis  3693 Jun  1 21:06 ModularCG_A2_B2.class
-rw-rw-r-- 1 travis travis  9730 Jun  1 21:06 ModularCG_A2_B2.java
-rw-rw-r-- 1 travis travis   832 Jun  1 21:06 ModularCG_A2_B2.mk
-rw-rw-r-- 1 travis travis  1318 Jun  1 21:06 ModularCG_A2_B2_profile.class
-rw-rw-r-- 1 travis travis  1262 Jun  1 21:06 ModularCG_A2_B2_profile.java
-rw-rw-r-- 1 travis travis  4870 Jun  1 21:06 ModularCG_A2.class
-rw-rw-r-- 1 travis travis 15129 Jun  1 21:06 ModularCG_A2.java
-rw-rw-r-- 1 travis travis   808 Jun  1 21:06 ModularCG_A2.mk
-rw-rw-r-- 1 travis travis  1433 Jun  1 21:06 ModularCG_A2_profile.class
-rw-rw-r-- 1 travis travis  1704 Jun  1 21:06 ModularCG_A2_profile.java
-rw-rw-r-- 1 travis travis  3473 Jun  1 21:06 ModularCGPubSub_A1_A2.class
-rw-rw-r-- 1 travis travis  9076 Jun  1 21:06 ModularCGPubSub_A1_A2.java
-rw-rw-r-- 1 travis travis   880 Jun  1 21:06 ModularCGPubSub_A1_A2.mk
-rw-rw-r-- 1 travis travis  1300 Jun  1 21:06 ModularCGPubSub_A1_A2_profile.class
-rw-rw-r-- 1 travis travis  1222 Jun  1 21:06 ModularCGPubSub_A1_A2_profile.java
-rw-rw-r-- 1 travis travis  3790 Jun  1 21:06 ModularCGPubSub_A1.class
-rw-rw-r-- 1 travis travis  9836 Jun  1 21:06 ModularCGPubSub_A1.java
-rw-rw-r-- 1 travis travis   856 Jun  1 21:06 ModularCGPubSub_A1.mk
-rw-rw-r-- 1 travis travis  1346 Jun  1 21:06 ModularCGPubSub_A1_profile.class
-rw-rw-r-- 1 travis travis  1388 Jun  1 21:06 ModularCGPubSub_A1_profile.java
-rw-rw-r-- 1 travis travis  3988 Jun  1 21:06 ModularCodeGen2_ModularCodeGenTypedCompositeActor.class
-rw-rw-r-- 1 travis travis 11690 Jun  1 21:06 ModularCodeGen2_ModularCodeGenTypedCompositeActor.java
-rw-rw-r-- 1 travis travis  1104 Jun  1 21:06 ModularCodeGen2_ModularCodeGenTypedCompositeActor.mk
-rw-rw-r-- 1 travis travis  4272 Jun  1 21:06 ModularCodeGen2_ModularCodeGenTypedCompositeActor_ModularCodeGenTypedCompositeActor.class
-rw-rw-r-- 1 travis travis 11790 Jun  1 21:06 ModularCodeGen2_ModularCodeGenTypedCompositeActor_ModularCodeGenTypedCompositeActor.java
-rw-rw-r-- 1 travis travis  1376 Jun  1 21:06 ModularCodeGen2_ModularCodeGenTypedCompositeActor_ModularCodeGenTypedCompositeActor.mk
-rw-rw-r-- 1 travis travis  1421 Jun  1 21:06 ModularCodeGen2_ModularCodeGenTypedCompositeActor_ModularCodeGenTypedCompositeActor_profile.class
-rw-rw-r-- 1 travis travis  1294 Jun  1 21:06 ModularCodeGen2_ModularCodeGenTypedCompositeActor_ModularCodeGenTypedCompositeActor_profile.java
-rw-rw-r-- 1 travis travis   820 Jun  1 21:06 ModularCodeGen2_ModularCodeGenTypedCompositeActor_profile.class
-rw-rw-r-- 1 travis travis   693 Jun  1 21:06 ModularCodeGen2_ModularCodeGenTypedCompositeActor_profile.java
-rw-rw-r-- 1 travis travis  1274 Jun  1 21:06 ModularCodeGen3_A1_B1_profile.java
-rw-rw-r-- 1 travis travis  3954 Jun  1 21:06 ModularCodeGen_ModularCodeGenTypedCompositeActor.class
-rw-rw-r-- 1 travis travis 10970 Jun  1 21:06 ModularCodeGen_ModularCodeGenTypedCompositeActor.java
-rw-rw-r-- 1 travis travis  1096 Jun  1 21:06 ModularCodeGen_ModularCodeGenTypedCompositeActor.mk
-rw-rw-r-- 1 travis travis  1384 Jun  1 21:06 ModularCodeGen_ModularCodeGenTypedCompositeActor_profile.class
-rw-rw-r-- 1 travis travis  1328 Jun  1 21:06 ModularCodeGen_ModularCodeGenTypedCompositeActor_profile.java
-rw-rw-r-- 1 travis travis  3492 Jun  1 21:06 ModularCodeGenTest_A1_A2.class
-rw-rw-r-- 1 travis travis  9164 Jun  1 21:06 ModularCodeGenTest_A1_A2.java
-rw-rw-r-- 1 travis travis   904 Jun  1 21:06 ModularCodeGenTest_A1_A2.mk
-rw-rw-r-- 1 travis travis  1306 Jun  1 21:06 ModularCodeGenTest_A1_A2_profile.class
-rw-rw-r-- 1 travis travis  1228 Jun  1 21:06 ModularCodeGenTest_A1_A2_profile.java
-rw-rw-r-- 1 travis travis  3823 Jun  1 21:06 ModularCodeGenTest_A1.class
-rw-rw-r-- 1 travis travis  9968 Jun  1 21:06 ModularCodeGenTest_A1.java
-rw-rw-r-- 1 travis travis   880 Jun  1 21:06 ModularCodeGenTest_A1.mk
-rw-rw-r-- 1 travis travis  1352 Jun  1 21:06 ModularCodeGenTest_A1_profile.class
-rw-rw-r-- 1 travis travis  1394 Jun  1 21:06 ModularCodeGenTest_A1_profile.java
-rw-rw-r-- 1 travis travis   432 Jun  1 21:06 Token.class
-rw-rw-r-- 1 travis travis   251 Jun  1 21:06 Token.java
warning: Supported source version 'RELEASE_6' from annotation processor 'org.netbeans.modules.openide.util.NbBundleProcessor' less than -source '1.8'
warning: Supported source version 'RELEASE_6' from annotation processor 'org.netbeans.modules.openide.util.URLStreamHandlerRegistrationProcessor' less than -source '1.8'
warning: Supported source version 'RELEASE_6' from annotation processor 'org.netbeans.modules.openide.util.ServiceProviderProcessor' less than -source '1.8'
3 warnings
All Done
Writing ModularCodeGen3_A1_B1.java in file:/home/travis/cg/ (9958 characters)
Reading "ptolemy/cg/kernel/generic/program/procedural/java/modular/makefile.in",
    writing "/home/travis/cg/ModularCodeGen3_A1_B1.mk"
Using ptolemy/cg/kernel/generic/program/procedural/java/modular/makefile.in
In "/home/travis/cg", about to execute:
    make -f ModularCodeGen3_A1_B1.mk
javac -classpath ".:.."    ModularCodeGen3_A1_B1.java
All Done
In "/home/travis/cg", about to execute:
    pwd
/home/travis/cg
In "/home/travis/cg", about to execute:
    ls -l
In "/home/travis/cg", about to execute:
    javac -classpath
.:/home/travis/build/icyphy/ptII:/home/travis/build/icyphy/ptII/lib/bsh-2.0b4.j
ar:/home/travis/build/icyphy/ptII/lib/ptCal.jar:/home/travis/build/icyphy/ptII/
lib/java_cup.jar:/home/travis/build/icyphy/ptII/lib/saxon8.jar:/home/travis/bui
ld/icyphy/ptII/lib/saxon8-dom.jar:/home/travis/build/icyphy/ptII/lib/chic.jar:/
home/travis/build/icyphy/ptII/lib/ptcolt.jar:/usr/lib/jvm/java-8-oracle/lib/too
ls.jar:/usr/lib/eclipse/plugins/org.eclipse.jdt.core_3.8.2.dist.jar:/usr/lib/ec
lipse/plugins/org.eclipse.core.runtime_3.8.0.dist.jar:/usr/lib/eclipse/plugins/
org.eclipse.osgi_3.8.1.dist.jar:/usr/lib/eclipse/plugins/org.eclipse.core.resou
rces_3.8.1.dist.jar:/usr/lib/eclipse/plugins/org.eclipse.equinox.common_3.6.100
.dist.jar:/usr/lib/eclipse/plugins/org.eclipse.core.jobs_3.5.200.dist.jar:/usr/
lib/eclipse/plugins/org.eclipse.core.contenttype_3.4.200.dist.jar:/usr/lib/ecli
pse/plugins/org.eclipse.equinox.preferences_3.5.0.dist.jar:/usr/lib/eclipse/plu
gins/org.eclipse.text_3.5.200.dist.jar:/usr/lib/eclipse/plugins/org.eclipse.ui.
workbench_3.8.1.dist.jar:/usr/lib/eclipse/plugins/org.eclipse.jface_3.8.0.dist.
jar:/usr/lib/eclipse/plugins/org.eclipse.swt_3.8.2.jar:/usr/lib/eclipse/plugins
/org.eclipse.jface.text_3.8.1.dist.jar:/usr/lib/eclipse/plugins/org.eclipse.ui.
workbench.texteditor_3.8.0.dist.jar:/usr/lib/eclipse/plugins/org.eclipse.ui.edi
tors_3.8.0.dist.jar:/usr/lib/eclipse/plugins/org.eclipse.core.commands_3.6.1.di
st.jar:/usr/lib/eclipse/plugins/org.eclipse.equinox.registry_3.5.200.dist.jar:/
usr/lib/eclipse/plugins/org.eclipse.ui.console_3.5.100.dist.jar:/usr/lib/eclips
e/plugins/org.eclipse.ui.forms_3.5.200.dist.jar:/usr/lib/eclipse/plugins/org.ec
lipse.ui.ide_3.8.1.dist.jar:/home/travis/build/icyphy/ptII/vendors/oracle/dbxml
.jar:/home/travis/build/icyphy/ptII/vendors/oracle/db.jar:/home/travis/build/ic
yphy/ptII/vendors/misc/itext/iText.jar:/home/travis/build/icyphy/ptII/lib/g4ltl
.jar:/home/travis/build/icyphy/ptII/lib/StructuralCoder.jar:/home/travis/build/
icyphy/ptII/lib/org-openide-util.jar:/home/travis/build/icyphy/ptII/lib/org-ope
nide-util-lookup.jar:/home/travis/build/icyphy/ptII/lib/org-netbeans-api-visual
.jar:/home/travis/build/icyphy/ptII/vendors/jai-1_1_2_01/lib/jai_core.jar:/home
/travis/build/icyphy/ptII/vendors/jai-1_1_2_01/lib/jai_codec.jar:/home/travis/b
uild/icyphy/ptII/lib/jcerti.jar:/home/travis/build/icyphy/ptII/lib/smack.jar:/h
ome/travis/build/icyphy/ptII/lib/smackx.jar:/home/travis/build/icyphy/ptII/lib/
jetty-all-8.1.5-v20120716.jar:/home/travis/build/icyphy/ptII/lib/javax.servlet-
api-3.0.1.jar:/home/travis/build/icyphy/ptII/lib/javax.mail.jar:/home/travis/bu
ild/icyphy/ptII/vendors/JMF-2.1.1e/lib/jmf.jar:/home/travis/build/icyphy/ptII/l
ib/jna-4.0.0-variadic.jar:/home/travis/build/icyphy/ptII/vendors/misc/joystick/
Joystick.jar:/home/travis/build/icyphy/ptII/lib/ptjacl.jar:/home/travis/build/i
cyphy/ptII/lib/jsoup-1.8.2.jar:/home/travis/build/icyphy/ptII/lib/junit-4.8.2.j
ar:/home/travis/build/icyphy/ptII/lib/JUnitParams-0.4.0.jar:/home/travis/build/
icyphy/ptII/ptolemy/actor/lib/excel/jxl.jar:/home/travis/build/icyphy/ptII/lib/
jython.jar:/home/travis/build/icyphy/ptII/lib/kieler.jar:/home/travis/build/icy
phy/ptII/vendors/opencv/share/OpenCV/java/opencv-341.jar:/home/travis/build/icy
phy/ptII/lib/oscP5.jar:/home/travis/build/icyphy/ptII/lib/nrjavaserial-3.11.0.d
evel.jar:/usr/share/java/j3dcore.jar:/usr/share/java/j3dutils.jar:/usr/share/ja
va/vecmath.jar:/home/travis/build/icyphy/ptII/ptolemy/distributed/jini/jar/jini
-core.jar:/home/travis/build/icyphy/ptII/ptolemy/distributed/jini/jar/jini-ext.
jar:/home/travis/build/icyphy/ptII/ptolemy/distributed/jini/jar/sun-util.jar:/h
ome/travis/build/icyphy/ptII/lib/protobuf-java-2.4.1.jar:/home/travis/build/icy
phy/ptII/lib/org.eclipse.paho.client.mqttv3.jar:/home/travis/build/icyphy/ptII/
ptserver/lib/hessian-4.0.7.jar:/home/travis/build/icyphy/ptII/ptserver/lib/wmqt
t.jar:/home/travis/build/icyphy/ptII/lib/mapss.jar:/home/travis/build/icyphy/pt
II/ptolemy/actor/ptalon/antlr/antlr.jar:/home/travis/build/icyphy/ptII/lib/JRI.
jar:/home/travis/build/icyphy/ptII/lib/commons-lang-2.6.jar:/home/travis/build/
icyphy/ptII/lib/commons-logging-1.1.1.jar:/home/travis/build/icyphy/ptII/lib/so
otclasses.jar:/home/travis/build/icyphy/ptII/ptolemy/actor/lib/database/mysql-c
onnector-java-5.1.6-bin.jar:/home/travis/build/icyphy/ptII/vendors/misc/sphinx4
/sphinx4-data-5prealpha.jar:/home/travis/build/icyphy/ptII/vendors/misc/sphinx4
/sphinx4-core-5prealpha.jar:/home/travis/build/icyphy/ptII/lib/PDFRenderer.jar:
/home/travis/build/icyphy/ptII/lib/svgSalamander.jar:/home/travis/build/icyphy/
ptII/lib/rsyntaxtextarea-2.6.0-SNAPSHOT.jar:/home/travis/build/icyphy/ptII/lib/
hazelcast-3.8.2.jar:/home/travis/build/icyphy/ptII/lib/jackson-annotations-2.9.
0.jar:/home/travis/build/icyphy/ptII/lib/jackson-core-2.9.3.jar:/home/travis/bu
ild/icyphy/ptII/lib/jackson-databind-2.9.3.jar:/home/travis/build/icyphy/ptII/l
ib/netty-buffer-4.1.19.Final.jar:/home/travis/build/icyphy/ptII/lib/netty-codec
-4.1.19.Final.jar:/home/travis/build/icyphy/ptII/lib/netty-codec-dns-4.1.19.Fin
al.jar:/home/travis/build/icyphy/ptII/lib/netty-codec-http-4.1.19.Final.jar:/ho
me/travis/build/icyphy/ptII/lib/netty-codec-http2-4.1.19.Final.jar:/home/travis
/build/icyphy/ptII/lib/netty-common-4.1.19.Final.jar:/home/travis/build/icyphy/
ptII/lib/netty-handler-4.1.19.Final.jar:/home/travis/build/icyphy/ptII/lib/nett
y-resolver-4.1.19.Final.jar:/home/travis/build/icyphy/ptII/lib/netty-resolver-d
ns-4.1.19.Final.jar:/home/travis/build/icyphy/ptII/lib/netty-transport-4.1.19.F
inal.jar:/home/travis/build/icyphy/ptII/lib/vertx-codegen-3.5.1.jar:/home/travi
s/build/icyphy/ptII/lib/vertx-core-3.5.2-SNAPSHOT.jar:/home/travis/build/icyphy
/ptII/lib/vertx-hazelcast-3.5.1.jar:/home/travis/build/icyphy/ptII/lib/vertx-la
ng-js-3.5.1.jar:/home/travis/build/icyphy/ptII/lib/vertx-service-proxy-3.5.1.ja
r:/home/travis/build/icyphy/ptII/lib/vertx-web-3.5.1.jar:/home/travis/build/icy
phy/ptII/lib/slf4j-api-1.7.13.jar:/home/travis/build/icyphy/ptII/lib/slf4j-simp
le-1.7.13.jar:/home/travis/build/icyphy/ptII/lib/webcam-capture-0.3.12.jar:/hom
e/travis/build/icyphy/ptII/lib/bridj-0.7.0.jar:/home/travis/build/icyphy/ptII/l
ib/xbjlib-1.1.0.nrjavaserial.jar:/home/travis/build/icyphy/ptII/ptolemy/moml/te
st:/home/travis/build/icyphy/ptII/ant/lib/ant-launcher.jar:/home/travis/build/i
cyphy/ptII/ant/lib/ant.jar:/home/travis/build/icyphy/ptII/ant/lib/ant-junit.jar
:/home/travis/build/icyphy/ptII/ant/lib/ant-junit4.jar:/home/travis/build/icyph
y/ptII ModularCodeGen3_A1_B2_profile.java
total 572
-rw-rw-r-- 1 travis travis  4895 Jun  1 21:06 CompiledCompositeActor_CompiledCompositeActor.class
-rw-rw-r-- 1 travis travis  1592 Jun  1 21:06 CompiledCompositeActor_CompiledCompositeActor$_CompiledCompositeActor_CompiledCompositeActor.class
-rw-rw-r-- 1 travis travis 13466 Jun  1 21:06 CompiledCompositeActor_CompiledCompositeActor.java
-rw-rw-r-- 1 travis travis  1593 Jun  1 21:06 CompiledCompositeActor_CompiledCompositeActor.mk
-rw-rw-r-- 1 travis travis  4457 Jun  1 21:06 JavaCompiledCompositeTest1_CompiledCompositeActor.class
-rw-rw-r-- 1 travis travis 11637 Jun  1 21:06 JavaCompiledCompositeTest1_CompiledCompositeActor.java
-rw-rw-r-- 1 travis travis  1198 Jun  1 21:06 JavaCompiledCompositeTest1_CompiledCompositeActor$_JavaCompiledCompositeTest1_CompiledCompositeActor.class
-rw-rw-r-- 1 travis travis  1625 Jun  1 21:06 JavaCompiledCompositeTest1_CompiledCompositeActor.mk
-rw-rw-r-- 1 travis travis  4888 Jun  1 21:06 JavaCompiledCompositeTest2_CompiledCompositeActor.class
-rw-rw-r-- 1 travis travis 14919 Jun  1 21:06 JavaCompiledCompositeTest2_CompiledCompositeActor.java
-rw-rw-r-- 1 travis travis  1793 Jun  1 21:06 JavaCompiledCompositeTest2_CompiledCompositeActor$_JavaCompiledCompositeTest2_CompiledCompositeActor.class
-rw-rw-r-- 1 travis travis  1625 Jun  1 21:06 JavaCompiledCompositeTest2_CompiledCompositeActor.mk
-rw-rw-r-- 1 travis travis  4505 Jun  1 21:06 JavaCompiledCompositeTest3_CompiledCompositeActor.class
-rw-rw-r-- 1 travis travis 13080 Jun  1 21:06 JavaCompiledCompositeTest3_CompiledCompositeActor.java
-rw-rw-r-- 1 travis travis  1378 Jun  1 21:06 JavaCompiledCompositeTest3_CompiledCompositeActor$_JavaCompiledCompositeTest3_CompiledCompositeActor.class
-rw-rw-r-- 1 travis travis  1625 Jun  1 21:06 JavaCompiledCompositeTest3_CompiledCompositeActor.mk
-rw-rw-r-- 1 travis travis  3953 Jun  1 21:06 JavaCompiledCompositeTest4_CompiledCompositeActor.class
-rw-rw-r-- 1 travis travis  9687 Jun  1 21:06 JavaCompiledCompositeTest4_CompiledCompositeActor.java
-rw-rw-r-- 1 travis travis   857 Jun  1 21:06 JavaCompiledCompositeTest4_CompiledCompositeActor$_JavaCompiledCompositeTest4_CompiledCompositeActor.class
-rw-rw-r-- 1 travis travis  1625 Jun  1 21:06 JavaCompiledCompositeTest4_CompiledCompositeActor.mk
-rw-rw-r-- 1 travis travis  3693 Jun  1 21:06 ModularCG_A1_B1.class
-rw-rw-r-- 1 travis travis  9730 Jun  1 21:06 ModularCG_A1_B1.java
-rw-rw-r-- 1 travis travis   832 Jun  1 21:06 ModularCG_A1_B1.mk
-rw-rw-r-- 1 travis travis  1318 Jun  1 21:06 ModularCG_A1_B1_profile.class
-rw-rw-r-- 1 travis travis  1262 Jun  1 21:06 ModularCG_A1_B1_profile.java
-rw-rw-r-- 1 travis travis  3693 Jun  1 21:06 ModularCG_A1_B2.class
-rw-rw-r-- 1 travis travis  9730 Jun  1 21:06 ModularCG_A1_B2.java
-rw-rw-r-- 1 travis travis   832 Jun  1 21:06 ModularCG_A1_B2.mk
-rw-rw-r-- 1 travis travis  1318 Jun  1 21:06 ModularCG_A1_B2_profile.class
-rw-rw-r-- 1 travis travis  1262 Jun  1 21:06 ModularCG_A1_B2_profile.java
-rw-rw-r-- 1 travis travis  4799 Jun  1 21:06 ModularCG_A1.class
-rw-rw-r-- 1 travis travis 14742 Jun  1 21:06 ModularCG_A1.java
-rw-rw-r-- 1 travis travis   808 Jun  1 21:06 ModularCG_A1.mk
-rw-rw-r-- 1 travis travis  1433 Jun  1 21:06 ModularCG_A1_profile.class
-rw-rw-r-- 1 travis travis  1704 Jun  1 21:06 ModularCG_A1_profile.java
-rw-rw-r-- 1 travis travis  3827 Jun  1 21:06 ModularCG_A2_B1.class
-rw-rw-r-- 1 travis travis 10667 Jun  1 21:06 ModularCG_A2_B1.java
-rw-rw-r-- 1 travis travis   832 Jun  1 21:06 ModularCG_A2_B1.mk
-rw-rw-r-- 1 travis travis  1381 Jun  1 21:06 ModularCG_A2_B1_profile.class
-rw-rw-r-- 1 travis travis  1446 Jun  1 21:06 ModularCG_A2_B1_profile.java
-rw-rw-r-- 1 travis travis  3693 Jun  1 21:06 ModularCG_A2_B2.class
-rw-rw-r-- 1 travis travis  9730 Jun  1 21:06 ModularCG_A2_B2.java
-rw-rw-r-- 1 travis travis   832 Jun  1 21:06 ModularCG_A2_B2.mk
-rw-rw-r-- 1 travis travis  1318 Jun  1 21:06 ModularCG_A2_B2_profile.class
-rw-rw-r-- 1 travis travis  1262 Jun  1 21:06 ModularCG_A2_B2_profile.java
-rw-rw-r-- 1 travis travis  4870 Jun  1 21:06 ModularCG_A2.class
-rw-rw-r-- 1 travis travis 15129 Jun  1 21:06 ModularCG_A2.java
-rw-rw-r-- 1 travis travis   808 Jun  1 21:06 ModularCG_A2.mk
-rw-rw-r-- 1 travis travis  1433 Jun  1 21:06 ModularCG_A2_profile.class
-rw-rw-r-- 1 travis travis  1704 Jun  1 21:06 ModularCG_A2_profile.java
-rw-rw-r-- 1 travis travis  3473 Jun  1 21:06 ModularCGPubSub_A1_A2.class
-rw-rw-r-- 1 travis travis  9076 Jun  1 21:06 ModularCGPubSub_A1_A2.java
-rw-rw-r-- 1 travis travis   880 Jun  1 21:06 ModularCGPubSub_A1_A2.mk
-rw-rw-r-- 1 travis travis  1300 Jun  1 21:06 ModularCGPubSub_A1_A2_profile.class
-rw-rw-r-- 1 travis travis  1222 Jun  1 21:06 ModularCGPubSub_A1_A2_profile.java
-rw-rw-r-- 1 travis travis  3790 Jun  1 21:06 ModularCGPubSub_A1.class
-rw-rw-r-- 1 travis travis  9836 Jun  1 21:06 ModularCGPubSub_A1.java
-rw-rw-r-- 1 travis travis   856 Jun  1 21:06 ModularCGPubSub_A1.mk
-rw-rw-r-- 1 travis travis  1346 Jun  1 21:06 ModularCGPubSub_A1_profile.class
-rw-rw-r-- 1 travis travis  1388 Jun  1 21:06 ModularCGPubSub_A1_profile.java
-rw-rw-r-- 1 travis travis  3988 Jun  1 21:06 ModularCodeGen2_ModularCodeGenTypedCompositeActor.class
-rw-rw-r-- 1 travis travis 11690 Jun  1 21:06 ModularCodeGen2_ModularCodeGenTypedCompositeActor.java
-rw-rw-r-- 1 travis travis  1104 Jun  1 21:06 ModularCodeGen2_ModularCodeGenTypedCompositeActor.mk
-rw-rw-r-- 1 travis travis  4272 Jun  1 21:06 ModularCodeGen2_ModularCodeGenTypedCompositeActor_ModularCodeGenTypedCompositeActor.class
-rw-rw-r-- 1 travis travis 11790 Jun  1 21:06 ModularCodeGen2_ModularCodeGenTypedCompositeActor_ModularCodeGenTypedCompositeActor.java
-rw-rw-r-- 1 travis travis  1376 Jun  1 21:06 ModularCodeGen2_ModularCodeGenTypedCompositeActor_ModularCodeGenTypedCompositeActor.mk
-rw-rw-r-- 1 travis travis  1421 Jun  1 21:06 ModularCodeGen2_ModularCodeGenTypedCompositeActor_ModularCodeGenTypedCompositeActor_profile.class
-rw-rw-r-- 1 travis travis  1294 Jun  1 21:06 ModularCodeGen2_ModularCodeGenTypedCompositeActor_ModularCodeGenTypedCompositeActor_profile.java
-rw-rw-r-- 1 travis travis   820 Jun  1 21:06 ModularCodeGen2_ModularCodeGenTypedCompositeActor_profile.class
-rw-rw-r-- 1 travis travis   693 Jun  1 21:06 ModularCodeGen2_ModularCodeGenTypedCompositeActor_profile.java
-rw-rw-r-- 1 travis travis  3741 Jun  1 21:06 ModularCodeGen3_A1_B1.class
-rw-rw-r-- 1 travis travis  9958 Jun  1 21:06 ModularCodeGen3_A1_B1.java
-rw-rw-r-- 1 travis travis   880 Jun  1 21:06 ModularCodeGen3_A1_B1.mk
-rw-rw-r-- 1 travis travis  1330 Jun  1 21:06 ModularCodeGen3_A1_B1_profile.class
-rw-rw-r-- 1 travis travis  1274 Jun  1 21:06 ModularCodeGen3_A1_B1_profile.java
-rw-rw-r-- 1 travis travis  1274 Jun  1 21:06 ModularCodeGen3_A1_B2_profile.java
-rw-rw-r-- 1 travis travis  3954 Jun  1 21:06 ModularCodeGen_ModularCodeGenTypedCompositeActor.class
-rw-rw-r-- 1 travis travis 10970 Jun  1 21:06 ModularCodeGen_ModularCodeGenTypedCompositeActor.java
-rw-rw-r-- 1 travis travis  1096 Jun  1 21:06 ModularCodeGen_ModularCodeGenTypedCompositeActor.mk
-rw-rw-r-- 1 travis travis  1384 Jun  1 21:06 ModularCodeGen_ModularCodeGenTypedCompositeActor_profile.class
-rw-rw-r-- 1 travis travis  1328 Jun  1 21:06 ModularCodeGen_ModularCodeGenTypedCompositeActor_profile.java
-rw-rw-r-- 1 travis travis  3492 Jun  1 21:06 ModularCodeGenTest_A1_A2.class
-rw-rw-r-- 1 travis travis  9164 Jun  1 21:06 ModularCodeGenTest_A1_A2.java
-rw-rw-r-- 1 travis travis   904 Jun  1 21:06 ModularCodeGenTest_A1_A2.mk
-rw-rw-r-- 1 travis travis  1306 Jun  1 21:06 ModularCodeGenTest_A1_A2_profile.class
-rw-rw-r-- 1 travis travis  1228 Jun  1 21:06 ModularCodeGenTest_A1_A2_profile.java
-rw-rw-r-- 1 travis travis  3823 Jun  1 21:06 ModularCodeGenTest_A1.class
-rw-rw-r-- 1 travis travis  9968 Jun  1 21:06 ModularCodeGenTest_A1.java
-rw-rw-r-- 1 travis travis   880 Jun  1 21:06 ModularCodeGenTest_A1.mk
-rw-rw-r-- 1 travis travis  1352 Jun  1 21:06 ModularCodeGenTest_A1_profile.class
-rw-rw-r-- 1 travis travis  1394 Jun  1 21:06 ModularCodeGenTest_A1_profile.java
-rw-rw-r-- 1 travis travis   432 Jun  1 21:06 Token.class
-rw-rw-r-- 1 travis travis   251 Jun  1 21:06 Token.java
warning: Supported source version 'RELEASE_6' from annotation processor 'org.netbeans.modules.openide.util.NbBundleProcessor' less than -source '1.8'
warning: Supported source version 'RELEASE_6' from annotation processor 'org.netbeans.modules.openide.util.URLStreamHandlerRegistrationProcessor' less than -source '1.8'
warning: Supported source version 'RELEASE_6' from annotation processor 'org.netbeans.modules.openide.util.ServiceProviderProcessor' less than -source '1.8'
3 warnings
All Done
Writing ModularCodeGen3_A1_B2.java in file:/home/travis/cg/ (9958 characters)
Reading "ptolemy/cg/kernel/generic/program/procedural/java/modular/makefile.in",
    writing "/home/travis/cg/ModularCodeGen3_A1_B2.mk"
Using ptolemy/cg/kernel/generic/program/procedural/java/modular/makefile.in
In "/home/travis/cg", about to execute:
    make -f ModularCodeGen3_A1_B2.mk
javac -classpath ".:.."    ModularCodeGen3_A1_B2.java
All Done
In "/home/travis/cg", about to execute:
    pwd
In "/home/travis/cg", about to execute:
    ls -l
/home/travis/cg
In "/home/travis/cg", about to execute:
    javac -classpath
.:/home/travis/build/icyphy/ptII:/home/travis/build/icyphy/ptII/lib/bsh-2.0b4.j
ar:/home/travis/build/icyphy/ptII/lib/ptCal.jar:/home/travis/build/icyphy/ptII/
lib/java_cup.jar:/home/travis/build/icyphy/ptII/lib/saxon8.jar:/home/travis/bui
ld/icyphy/ptII/lib/saxon8-dom.jar:/home/travis/build/icyphy/ptII/lib/chic.jar:/
home/travis/build/icyphy/ptII/lib/ptcolt.jar:/usr/lib/jvm/java-8-oracle/lib/too
ls.jar:/usr/lib/eclipse/plugins/org.eclipse.jdt.core_3.8.2.dist.jar:/usr/lib/ec
lipse/plugins/org.eclipse.core.runtime_3.8.0.dist.jar:/usr/lib/eclipse/plugins/
org.eclipse.osgi_3.8.1.dist.jar:/usr/lib/eclipse/plugins/org.eclipse.core.resou
rces_3.8.1.dist.jar:/usr/lib/eclipse/plugins/org.eclipse.equinox.common_3.6.100
.dist.jar:/usr/lib/eclipse/plugins/org.eclipse.core.jobs_3.5.200.dist.jar:/usr/
lib/eclipse/plugins/org.eclipse.core.contenttype_3.4.200.dist.jar:/usr/lib/ecli
pse/plugins/org.eclipse.equinox.preferences_3.5.0.dist.jar:/usr/lib/eclipse/plu
gins/org.eclipse.text_3.5.200.dist.jar:/usr/lib/eclipse/plugins/org.eclipse.ui.
workbench_3.8.1.dist.jar:/usr/lib/eclipse/plugins/org.eclipse.jface_3.8.0.dist.
jar:/usr/lib/eclipse/plugins/org.eclipse.swt_3.8.2.jar:/usr/lib/eclipse/plugins
/org.eclipse.jface.text_3.8.1.dist.jar:/usr/lib/eclipse/plugins/org.eclipse.ui.
workbench.texteditor_3.8.0.dist.jar:/usr/lib/eclipse/plugins/org.eclipse.ui.edi
tors_3.8.0.dist.jar:/usr/lib/eclipse/plugins/org.eclipse.core.commands_3.6.1.di
st.jar:/usr/lib/eclipse/plugins/org.eclipse.equinox.registry_3.5.200.dist.jar:/
usr/lib/eclipse/plugins/org.eclipse.ui.console_3.5.100.dist.jar:/usr/lib/eclips
e/plugins/org.eclipse.ui.forms_3.5.200.dist.jar:/usr/lib/eclipse/plugins/org.ec
lipse.ui.ide_3.8.1.dist.jar:/home/travis/build/icyphy/ptII/vendors/oracle/dbxml
.jar:/home/travis/build/icyphy/ptII/vendors/oracle/db.jar:/home/travis/build/ic
yphy/ptII/vendors/misc/itext/iText.jar:/home/travis/build/icyphy/ptII/lib/g4ltl
.jar:/home/travis/build/icyphy/ptII/lib/StructuralCoder.jar:/home/travis/build/
icyphy/ptII/lib/org-openide-util.jar:/home/travis/build/icyphy/ptII/lib/org-ope
nide-util-lookup.jar:/home/travis/build/icyphy/ptII/lib/org-netbeans-api-visual
.jar:/home/travis/build/icyphy/ptII/vendors/jai-1_1_2_01/lib/jai_core.jar:/home
/travis/build/icyphy/ptII/vendors/jai-1_1_2_01/lib/jai_codec.jar:/home/travis/b
uild/icyphy/ptII/lib/jcerti.jar:/home/travis/build/icyphy/ptII/lib/smack.jar:/h
ome/travis/build/icyphy/ptII/lib/smackx.jar:/home/travis/build/icyphy/ptII/lib/
jetty-all-8.1.5-v20120716.jar:/home/travis/build/icyphy/ptII/lib/javax.servlet-
api-3.0.1.jar:/home/travis/build/icyphy/ptII/lib/javax.mail.jar:/home/travis/bu
ild/icyphy/ptII/vendors/JMF-2.1.1e/lib/jmf.jar:/home/travis/build/icyphy/ptII/l
ib/jna-4.0.0-variadic.jar:/home/travis/build/icyphy/ptII/vendors/misc/joystick/
Joystick.jar:/home/travis/build/icyphy/ptII/lib/ptjacl.jar:/home/travis/build/i
cyphy/ptII/lib/jsoup-1.8.2.jar:/home/travis/build/icyphy/ptII/lib/junit-4.8.2.j
ar:/home/travis/build/icyphy/ptII/lib/JUnitParams-0.4.0.jar:/home/travis/build/
icyphy/ptII/ptolemy/actor/lib/excel/jxl.jar:/home/travis/build/icyphy/ptII/lib/
jython.jar:/home/travis/build/icyphy/ptII/lib/kieler.jar:/home/travis/build/icy
phy/ptII/vendors/opencv/share/OpenCV/java/opencv-341.jar:/home/travis/build/icy
phy/ptII/lib/oscP5.jar:/home/travis/build/icyphy/ptII/lib/nrjavaserial-3.11.0.d
evel.jar:/usr/share/java/j3dcore.jar:/usr/share/java/j3dutils.jar:/usr/share/ja
va/vecmath.jar:/home/travis/build/icyphy/ptII/ptolemy/distributed/jini/jar/jini
-core.jar:/home/travis/build/icyphy/ptII/ptolemy/distributed/jini/jar/jini-ext.
jar:/home/travis/build/icyphy/ptII/ptolemy/distributed/jini/jar/sun-util.jar:/h
ome/travis/build/icyphy/ptII/lib/protobuf-java-2.4.1.jar:/home/travis/build/icy
phy/ptII/lib/org.eclipse.paho.client.mqttv3.jar:/home/travis/build/icyphy/ptII/
ptserver/lib/hessian-4.0.7.jar:/home/travis/build/icyphy/ptII/ptserver/lib/wmqt
t.jar:/home/travis/build/icyphy/ptII/lib/mapss.jar:/home/travis/build/icyphy/pt
II/ptolemy/actor/ptalon/antlr/antlr.jar:/home/travis/build/icyphy/ptII/lib/JRI.
jar:/home/travis/build/icyphy/ptII/lib/commons-lang-2.6.jar:/home/travis/build/
icyphy/ptII/lib/commons-logging-1.1.1.jar:/home/travis/build/icyphy/ptII/lib/so
otclasses.jar:/home/travis/build/icyphy/ptII/ptolemy/actor/lib/database/mysql-c
onnector-java-5.1.6-bin.jar:/home/travis/build/icyphy/ptII/vendors/misc/sphinx4
/sphinx4-data-5prealpha.jar:/home/travis/build/icyphy/ptII/vendors/misc/sphinx4
/sphinx4-core-5prealpha.jar:/home/travis/build/icyphy/ptII/lib/PDFRenderer.jar:
/home/travis/build/icyphy/ptII/lib/svgSalamander.jar:/home/travis/build/icyphy/
ptII/lib/rsyntaxtextarea-2.6.0-SNAPSHOT.jar:/home/travis/build/icyphy/ptII/lib/
hazelcast-3.8.2.jar:/home/travis/build/icyphy/ptII/lib/jackson-annotations-2.9.
0.jar:/home/travis/build/icyphy/ptII/lib/jackson-core-2.9.3.jar:/home/travis/bu
ild/icyphy/ptII/lib/jackson-databind-2.9.3.jar:/home/travis/build/icyphy/ptII/l
ib/netty-buffer-4.1.19.Final.jar:/home/travis/build/icyphy/ptII/lib/netty-codec
-4.1.19.Final.jar:/home/travis/build/icyphy/ptII/lib/netty-codec-dns-4.1.19.Fin
al.jar:/home/travis/build/icyphy/ptII/lib/netty-codec-http-4.1.19.Final.jar:/ho
me/travis/build/icyphy/ptII/lib/netty-codec-http2-4.1.19.Final.jar:/home/travis
/build/icyphy/ptII/lib/netty-common-4.1.19.Final.jar:/home/travis/build/icyphy/
ptII/lib/netty-handler-4.1.19.Final.jar:/home/travis/build/icyphy/ptII/lib/nett
y-resolver-4.1.19.Final.jar:/home/travis/build/icyphy/ptII/lib/netty-resolver-d
ns-4.1.19.Final.jar:/home/travis/build/icyphy/ptII/lib/netty-transport-4.1.19.F
inal.jar:/home/travis/build/icyphy/ptII/lib/vertx-codegen-3.5.1.jar:/home/travi
s/build/icyphy/ptII/lib/vertx-core-3.5.2-SNAPSHOT.jar:/home/travis/build/icyphy
/ptII/lib/vertx-hazelcast-3.5.1.jar:/home/travis/build/icyphy/ptII/lib/vertx-la
ng-js-3.5.1.jar:/home/travis/build/icyphy/ptII/lib/vertx-service-proxy-3.5.1.ja
r:/home/travis/build/icyphy/ptII/lib/vertx-web-3.5.1.jar:/home/travis/build/icy
phy/ptII/lib/slf4j-api-1.7.13.jar:/home/travis/build/icyphy/ptII/lib/slf4j-simp
le-1.7.13.jar:/home/travis/build/icyphy/ptII/lib/webcam-capture-0.3.12.jar:/hom
e/travis/build/icyphy/ptII/lib/bridj-0.7.0.jar:/home/travis/build/icyphy/ptII/l
ib/xbjlib-1.1.0.nrjavaserial.jar:/home/travis/build/icyphy/ptII/ptolemy/moml/te
st:/home/travis/build/icyphy/ptII/ant/lib/ant-launcher.jar:/home/travis/build/i
cyphy/ptII/ant/lib/ant.jar:/home/travis/build/icyphy/ptII/ant/lib/ant-junit.jar
:/home/travis/build/icyphy/ptII/ant/lib/ant-junit4.jar:/home/travis/build/icyph
y/ptII ModularCodeGen3_A1_profile.java
total 600
-rw-rw-r-- 1 travis travis  4895 Jun  1 21:06 CompiledCompositeActor_CompiledCompositeActor.class
-rw-rw-r-- 1 travis travis  1592 Jun  1 21:06 CompiledCompositeActor_CompiledCompositeActor$_CompiledCompositeActor_CompiledCompositeActor.class
-rw-rw-r-- 1 travis travis 13466 Jun  1 21:06 CompiledCompositeActor_CompiledCompositeActor.java
-rw-rw-r-- 1 travis travis  1593 Jun  1 21:06 CompiledCompositeActor_CompiledCompositeActor.mk
-rw-rw-r-- 1 travis travis  4457 Jun  1 21:06 JavaCompiledCompositeTest1_CompiledCompositeActor.class
-rw-rw-r-- 1 travis travis 11637 Jun  1 21:06 JavaCompiledCompositeTest1_CompiledCompositeActor.java
-rw-rw-r-- 1 travis travis  1198 Jun  1 21:06 JavaCompiledCompositeTest1_CompiledCompositeActor$_JavaCompiledCompositeTest1_CompiledCompositeActor.class
-rw-rw-r-- 1 travis travis  1625 Jun  1 21:06 JavaCompiledCompositeTest1_CompiledCompositeActor.mk
-rw-rw-r-- 1 travis travis  4888 Jun  1 21:06 JavaCompiledCompositeTest2_CompiledCompositeActor.class
-rw-rw-r-- 1 travis travis 14919 Jun  1 21:06 JavaCompiledCompositeTest2_CompiledCompositeActor.java
-rw-rw-r-- 1 travis travis  1793 Jun  1 21:06 JavaCompiledCompositeTest2_CompiledCompositeActor$_JavaCompiledCompositeTest2_CompiledCompositeActor.class
-rw-rw-r-- 1 travis travis  1625 Jun  1 21:06 JavaCompiledCompositeTest2_CompiledCompositeActor.mk
-rw-rw-r-- 1 travis travis  4505 Jun  1 21:06 JavaCompiledCompositeTest3_CompiledCompositeActor.class
-rw-rw-r-- 1 travis travis 13080 Jun  1 21:06 JavaCompiledCompositeTest3_CompiledCompositeActor.java
-rw-rw-r-- 1 travis travis  1378 Jun  1 21:06 JavaCompiledCompositeTest3_CompiledCompositeActor$_JavaCompiledCompositeTest3_CompiledCompositeActor.class
-rw-rw-r-- 1 travis travis  1625 Jun  1 21:06 JavaCompiledCompositeTest3_CompiledCompositeActor.mk
-rw-rw-r-- 1 travis travis  3953 Jun  1 21:06 JavaCompiledCompositeTest4_CompiledCompositeActor.class
-rw-rw-r-- 1 travis travis  9687 Jun  1 21:06 JavaCompiledCompositeTest4_CompiledCompositeActor.java
-rw-rw-r-- 1 travis travis   857 Jun  1 21:06 JavaCompiledCompositeTest4_CompiledCompositeActor$_JavaCompiledCompositeTest4_CompiledCompositeActor.class
-rw-rw-r-- 1 travis travis  1625 Jun  1 21:06 JavaCompiledCompositeTest4_CompiledCompositeActor.mk
-rw-rw-r-- 1 travis travis  3693 Jun  1 21:06 ModularCG_A1_B1.class
-rw-rw-r-- 1 travis travis  9730 Jun  1 21:06 ModularCG_A1_B1.java
-rw-rw-r-- 1 travis travis   832 Jun  1 21:06 ModularCG_A1_B1.mk
-rw-rw-r-- 1 travis travis  1318 Jun  1 21:06 ModularCG_A1_B1_profile.class
-rw-rw-r-- 1 travis travis  1262 Jun  1 21:06 ModularCG_A1_B1_profile.java
-rw-rw-r-- 1 travis travis  3693 Jun  1 21:06 ModularCG_A1_B2.class
-rw-rw-r-- 1 travis travis  9730 Jun  1 21:06 ModularCG_A1_B2.java
-rw-rw-r-- 1 travis travis   832 Jun  1 21:06 ModularCG_A1_B2.mk
-rw-rw-r-- 1 travis travis  1318 Jun  1 21:06 ModularCG_A1_B2_profile.class
-rw-rw-r-- 1 travis travis  1262 Jun  1 21:06 ModularCG_A1_B2_profile.java
-rw-rw-r-- 1 travis travis  4799 Jun  1 21:06 ModularCG_A1.class
-rw-rw-r-- 1 travis travis 14742 Jun  1 21:06 ModularCG_A1.java
-rw-rw-r-- 1 travis travis   808 Jun  1 21:06 ModularCG_A1.mk
-rw-rw-r-- 1 travis travis  1433 Jun  1 21:06 ModularCG_A1_profile.class
-rw-rw-r-- 1 travis travis  1704 Jun  1 21:06 ModularCG_A1_profile.java
-rw-rw-r-- 1 travis travis  3827 Jun  1 21:06 ModularCG_A2_B1.class
-rw-rw-r-- 1 travis travis 10667 Jun  1 21:06 ModularCG_A2_B1.java
-rw-rw-r-- 1 travis travis   832 Jun  1 21:06 ModularCG_A2_B1.mk
-rw-rw-r-- 1 travis travis  1381 Jun  1 21:06 ModularCG_A2_B1_profile.class
-rw-rw-r-- 1 travis travis  1446 Jun  1 21:06 ModularCG_A2_B1_profile.java
-rw-rw-r-- 1 travis travis  3693 Jun  1 21:06 ModularCG_A2_B2.class
-rw-rw-r-- 1 travis travis  9730 Jun  1 21:06 ModularCG_A2_B2.java
-rw-rw-r-- 1 travis travis   832 Jun  1 21:06 ModularCG_A2_B2.mk
-rw-rw-r-- 1 travis travis  1318 Jun  1 21:06 ModularCG_A2_B2_profile.class
-rw-rw-r-- 1 travis travis  1262 Jun  1 21:06 ModularCG_A2_B2_profile.java
-rw-rw-r-- 1 travis travis  4870 Jun  1 21:06 ModularCG_A2.class
-rw-rw-r-- 1 travis travis 15129 Jun  1 21:06 ModularCG_A2.java
-rw-rw-r-- 1 travis travis   808 Jun  1 21:06 ModularCG_A2.mk
-rw-rw-r-- 1 travis travis  1433 Jun  1 21:06 ModularCG_A2_profile.class
-rw-rw-r-- 1 travis travis  1704 Jun  1 21:06 ModularCG_A2_profile.java
-rw-rw-r-- 1 travis travis  3473 Jun  1 21:06 ModularCGPubSub_A1_A2.class
-rw-rw-r-- 1 travis travis  9076 Jun  1 21:06 ModularCGPubSub_A1_A2.java
-rw-rw-r-- 1 travis travis   880 Jun  1 21:06 ModularCGPubSub_A1_A2.mk
-rw-rw-r-- 1 travis travis  1300 Jun  1 21:06 ModularCGPubSub_A1_A2_profile.class
-rw-rw-r-- 1 travis travis  1222 Jun  1 21:06 ModularCGPubSub_A1_A2_profile.java
-rw-rw-r-- 1 travis travis  3790 Jun  1 21:06 ModularCGPubSub_A1.class
-rw-rw-r-- 1 travis travis  9836 Jun  1 21:06 ModularCGPubSub_A1.java
-rw-rw-r-- 1 travis travis   856 Jun  1 21:06 ModularCGPubSub_A1.mk
-rw-rw-r-- 1 travis travis  1346 Jun  1 21:06 ModularCGPubSub_A1_profile.class
-rw-rw-r-- 1 travis travis  1388 Jun  1 21:06 ModularCGPubSub_A1_profile.java
-rw-rw-r-- 1 travis travis  3988 Jun  1 21:06 ModularCodeGen2_ModularCodeGenTypedCompositeActor.class
-rw-rw-r-- 1 travis travis 11690 Jun  1 21:06 ModularCodeGen2_ModularCodeGenTypedCompositeActor.java
-rw-rw-r-- 1 travis travis  1104 Jun  1 21:06 ModularCodeGen2_ModularCodeGenTypedCompositeActor.mk
-rw-rw-r-- 1 travis travis  4272 Jun  1 21:06 ModularCodeGen2_ModularCodeGenTypedCompositeActor_ModularCodeGenTypedCompositeActor.class
-rw-rw-r-- 1 travis travis 11790 Jun  1 21:06 ModularCodeGen2_ModularCodeGenTypedCompositeActor_ModularCodeGenTypedCompositeActor.java
-rw-rw-r-- 1 travis travis  1376 Jun  1 21:06 ModularCodeGen2_ModularCodeGenTypedCompositeActor_ModularCodeGenTypedCompositeActor.mk
-rw-rw-r-- 1 travis travis  1421 Jun  1 21:06 ModularCodeGen2_ModularCodeGenTypedCompositeActor_ModularCodeGenTypedCompositeActor_profile.class
-rw-rw-r-- 1 travis travis  1294 Jun  1 21:06 ModularCodeGen2_ModularCodeGenTypedCompositeActor_ModularCodeGenTypedCompositeActor_profile.java
-rw-rw-r-- 1 travis travis   820 Jun  1 21:06 ModularCodeGen2_ModularCodeGenTypedCompositeActor_profile.class
-rw-rw-r-- 1 travis travis   693 Jun  1 21:06 ModularCodeGen2_ModularCodeGenTypedCompositeActor_profile.java
-rw-rw-r-- 1 travis travis  3741 Jun  1 21:06 ModularCodeGen3_A1_B1.class
-rw-rw-r-- 1 travis travis  9958 Jun  1 21:06 ModularCodeGen3_A1_B1.java
-rw-rw-r-- 1 travis travis   880 Jun  1 21:06 ModularCodeGen3_A1_B1.mk
-rw-rw-r-- 1 travis travis  1330 Jun  1 21:06 ModularCodeGen3_A1_B1_profile.class
-rw-rw-r-- 1 travis travis  1274 Jun  1 21:06 ModularCodeGen3_A1_B1_profile.java
-rw-rw-r-- 1 travis travis  3741 Jun  1 21:06 ModularCodeGen3_A1_B2.class
-rw-rw-r-- 1 travis travis  9958 Jun  1 21:06 ModularCodeGen3_A1_B2.java
-rw-rw-r-- 1 travis travis   880 Jun  1 21:06 ModularCodeGen3_A1_B2.mk
-rw-rw-r-- 1 travis travis  1330 Jun  1 21:06 ModularCodeGen3_A1_B2_profile.class
-rw-rw-r-- 1 travis travis  1274 Jun  1 21:06 ModularCodeGen3_A1_B2_profile.java
-rw-rw-r-- 1 travis travis  1716 Jun  1 21:06 ModularCodeGen3_A1_profile.java
-rw-rw-r-- 1 travis travis  3954 Jun  1 21:06 ModularCodeGen_ModularCodeGenTypedCompositeActor.class
-rw-rw-r-- 1 travis travis 10970 Jun  1 21:06 ModularCodeGen_ModularCodeGenTypedCompositeActor.java
-rw-rw-r-- 1 travis travis  1096 Jun  1 21:06 ModularCodeGen_ModularCodeGenTypedCompositeActor.mk
-rw-rw-r-- 1 travis travis  1384 Jun  1 21:06 ModularCodeGen_ModularCodeGenTypedCompositeActor_profile.class
-rw-rw-r-- 1 travis travis  1328 Jun  1 21:06 ModularCodeGen_ModularCodeGenTypedCompositeActor_profile.java
-rw-rw-r-- 1 travis travis  3492 Jun  1 21:06 ModularCodeGenTest_A1_A2.class
-rw-rw-r-- 1 travis travis  9164 Jun  1 21:06 ModularCodeGenTest_A1_A2.java
-rw-rw-r-- 1 travis travis   904 Jun  1 21:06 ModularCodeGenTest_A1_A2.mk
-rw-rw-r-- 1 travis travis  1306 Jun  1 21:06 ModularCodeGenTest_A1_A2_profile.class
-rw-rw-r-- 1 travis travis  1228 Jun  1 21:06 ModularCodeGenTest_A1_A2_profile.java
-rw-rw-r-- 1 travis travis  3823 Jun  1 21:06 ModularCodeGenTest_A1.class
-rw-rw-r-- 1 travis travis  9968 Jun  1 21:06 ModularCodeGenTest_A1.java
-rw-rw-r-- 1 travis travis   880 Jun  1 21:06 ModularCodeGenTest_A1.mk
-rw-rw-r-- 1 travis travis  1352 Jun  1 21:06 ModularCodeGenTest_A1_profile.class
-rw-rw-r-- 1 travis travis  1394 Jun  1 21:06 ModularCodeGenTest_A1_profile.java
-rw-rw-r-- 1 travis travis   432 Jun  1 21:06 Token.class
-rw-rw-r-- 1 travis travis   251 Jun  1 21:06 Token.java
warning: Supported source version 'RELEASE_6' from annotation processor 'org.netbeans.modules.openide.util.NbBundleProcessor' less than -source '1.8'
warning: Supported source version 'RELEASE_6' from annotation processor 'org.netbeans.modules.openide.util.URLStreamHandlerRegistrationProcessor' less than -source '1.8'
warning: Supported source version 'RELEASE_6' from annotation processor 'org.netbeans.modules.openide.util.ServiceProviderProcessor' less than -source '1.8'
3 warnings
All Done
Writing ModularCodeGen3_A1.java in file:/home/travis/cg/ (15564 characters)
Reading "ptolemy/cg/kernel/generic/program/procedural/java/modular/makefile.in",
    writing "/home/travis/cg/ModularCodeGen3_A1.mk"
Using ptolemy/cg/kernel/generic/program/procedural/java/modular/makefile.in
In "/home/travis/cg", about to execute:
    make -f ModularCodeGen3_A1.mk
javac -classpath ".:.."    ModularCodeGen3_A1.java
All Done
In "/home/travis/cg", about to execute:
    pwd
/home/travis/cg
In "/home/travis/cg", about to execute:
    ls -l
total 636
-rw-rw-r-- 1 travis travis  4895 Jun  1 21:06 CompiledCompositeActor_CompiledCompositeActor.class
-rw-rw-r-- 1 travis travis  1592 Jun  1 21:06 CompiledCompositeActor_CompiledCompositeActor$_CompiledCompositeActor_CompiledCompositeActor.class
-rw-rw-r-- 1 travis travis 13466 Jun  1 21:06 CompiledCompositeActor_CompiledCompositeActor.java
-rw-rw-r-- 1 travis travis  1593 Jun  1 21:06 CompiledCompositeActor_CompiledCompositeActor.mk
-rw-rw-r-- 1 travis travis  4457 Jun  1 21:06 JavaCompiledCompositeTest1_CompiledCompositeActor.class
-rw-rw-r-- 1 travis travis 11637 Jun  1 21:06 JavaCompiledCompositeTest1_CompiledCompositeActor.java
-rw-rw-r-- 1 travis travis  1198 Jun  1 21:06 JavaCompiledCompositeTest1_CompiledCompositeActor$_JavaCompiledCompositeTest1_CompiledCompositeActor.class
-rw-rw-r-- 1 travis travis  1625 Jun  1 21:06 JavaCompiledCompositeTest1_CompiledCompositeActor.mk
-rw-rw-r-- 1 travis travis  4888 Jun  1 21:06 JavaCompiledCompositeTest2_CompiledCompositeActor.class
-rw-rw-r-- 1 travis travis 14919 Jun  1 21:06 JavaCompiledCompositeTest2_CompiledCompositeActor.java
-rw-rw-r-- 1 travis travis  1793 Jun  1 21:06 JavaCompiledCompositeTest2_CompiledCompositeActor$_JavaCompiledCompositeTest2_CompiledCompositeActor.class
-rw-rw-r-- 1 travis travis  1625 Jun  1 21:06 JavaCompiledCompositeTest2_CompiledCompositeActor.mk
-rw-rw-r-- 1 travis travis  4505 Jun  1 21:06 JavaCompiledCompositeTest3_CompiledCompositeActor.class
-rw-rw-r-- 1 travis travis 13080 Jun  1 21:06 JavaCompiledCompositeTest3_CompiledCompositeActor.java
-rw-rw-r-- 1 travis travis  1378 Jun  1 21:06 JavaCompiledCompositeTest3_CompiledCompositeActor$_JavaCompiledCompositeTest3_CompiledCompositeActor.class
-rw-rw-r-- 1 travis travis  1625 Jun  1 21:06 JavaCompiledCompositeTest3_CompiledCompositeActor.mk
-rw-rw-r-- 1 travis travis  3953 Jun  1 21:06 JavaCompiledCompositeTest4_CompiledCompositeActor.class
-rw-rw-r-- 1 travis travis  9687 Jun  1 21:06 JavaCompiledCompositeTest4_CompiledCompositeActor.java
-rw-rw-r-- 1 travis travis   857 Jun  1 21:06 JavaCompiledCompositeTest4_CompiledCompositeActor$_JavaCompiledCompositeTest4_CompiledCompositeActor.class
-rw-rw-r-- 1 travis travis  1625 Jun  1 21:06 JavaCompiledCompositeTest4_CompiledCompositeActor.mk
-rw-rw-r-- 1 travis travis  3693 Jun  1 21:06 ModularCG_A1_B1.class
-rw-rw-r-- 1 travis travis  9730 Jun  1 21:06 ModularCG_A1_B1.java
-rw-rw-r-- 1 travis travis   832 Jun  1 21:06 ModularCG_A1_B1.mk
-rw-rw-r-- 1 travis travis  1318 Jun  1 21:06 ModularCG_A1_B1_profile.class
-rw-rw-r-- 1 travis travis  1262 Jun  1 21:06 ModularCG_A1_B1_profile.java
-rw-rw-r-- 1 travis travis  3693 Jun  1 21:06 ModularCG_A1_B2.class
-rw-rw-r-- 1 travis travis  9730 Jun  1 21:06 ModularCG_A1_B2.java
-rw-rw-r-- 1 travis travis   832 Jun  1 21:06 ModularCG_A1_B2.mk
-rw-rw-r-- 1 travis travis  1318 Jun  1 21:06 ModularCG_A1_B2_profile.class
-rw-rw-r-- 1 travis travis  1262 Jun  1 21:06 ModularCG_A1_B2_profile.java
-rw-rw-r-- 1 travis travis  4799 Jun  1 21:06 ModularCG_A1.class
-rw-rw-r-- 1 travis travis 14742 Jun  1 21:06 ModularCG_A1.java
-rw-rw-r-- 1 travis travis   808 Jun  1 21:06 ModularCG_A1.mk
-rw-rw-r-- 1 travis travis  1433 Jun  1 21:06 ModularCG_A1_profile.class
-rw-rw-r-- 1 travis travis  1704 Jun  1 21:06 ModularCG_A1_profile.java
-rw-rw-r-- 1 travis travis  3827 Jun  1 21:06 ModularCG_A2_B1.class
-rw-rw-r-- 1 travis travis 10667 Jun  1 21:06 ModularCG_A2_B1.java
-rw-rw-r-- 1 travis travis   832 Jun  1 21:06 ModularCG_A2_B1.mk
-rw-rw-r-- 1 travis travis  1381 Jun  1 21:06 ModularCG_A2_B1_profile.class
-rw-rw-r-- 1 travis travis  1446 Jun  1 21:06 ModularCG_A2_B1_profile.java
-rw-rw-r-- 1 travis travis  3693 Jun  1 21:06 ModularCG_A2_B2.class
-rw-rw-r-- 1 travis travis  9730 Jun  1 21:06 ModularCG_A2_B2.java
-rw-rw-r-- 1 travis travis   832 Jun  1 21:06 ModularCG_A2_B2.mk
-rw-rw-r-- 1 travis travis  1318 Jun  1 21:06 ModularCG_A2_B2_profile.class
-rw-rw-r-- 1 travis travis  1262 Jun  1 21:06 ModularCG_A2_B2_profile.java
-rw-rw-r-- 1 travis travis  4870 Jun  1 21:06 ModularCG_A2.class
-rw-rw-r-- 1 travis travis 15129 Jun  1 21:06 ModularCG_A2.java
-rw-rw-r-- 1 travis travis   808 Jun  1 21:06 ModularCG_A2.mk
-rw-rw-r-- 1 travis travis  1433 Jun  1 21:06 ModularCG_A2_profile.class
-rw-rw-r-- 1 travis travis  1704 Jun  1 21:06 ModularCG_A2_profile.java
-rw-rw-r-- 1 travis travis  3473 Jun  1 21:06 ModularCGPubSub_A1_A2.class
-rw-rw-r-- 1 travis travis  9076 Jun  1 21:06 ModularCGPubSub_A1_A2.java
-rw-rw-r-- 1 travis travis   880 Jun  1 21:06 ModularCGPubSub_A1_A2.mk
-rw-rw-r-- 1 travis travis  1300 Jun  1 21:06 ModularCGPubSub_A1_A2_profile.class
-rw-rw-r-- 1 travis travis  1222 Jun  1 21:06 ModularCGPubSub_A1_A2_profile.java
-rw-rw-r-- 1 travis travis  3790 Jun  1 21:06 ModularCGPubSub_A1.class
-rw-rw-r-- 1 travis travis  9836 Jun  1 21:06 ModularCGPubSub_A1.java
-rw-rw-r-- 1 travis travis   856 Jun  1 21:06 ModularCGPubSub_A1.mk
-rw-rw-r-- 1 travis travis  1346 Jun  1 21:06 ModularCGPubSub_A1_profile.class
-rw-rw-r-- 1 travis travis  1388 Jun  1 21:06 ModularCGPubSub_A1_profile.java
-rw-rw-r-- 1 travis travis  3988 Jun  1 21:06 ModularCodeGen2_ModularCodeGenTypedCompositeActor.class
-rw-rw-r-- 1 travis travis 11690 Jun  1 21:06 ModularCodeGen2_ModularCodeGenTypedCompositeActor.java
-rw-rw-r-- 1 travis travis  1104 Jun  1 21:06 ModularCodeGen2_ModularCodeGenTypedCompositeActor.mk
-rw-rw-r-- 1 travis travis  4272 Jun  1 21:06 ModularCodeGen2_ModularCodeGenTypedCompositeActor_ModularCodeGenTypedCompositeActor.class
-rw-rw-r-- 1 travis travis 11790 Jun  1 21:06 ModularCodeGen2_ModularCodeGenTypedCompositeActor_ModularCodeGenTypedCompositeActor.java
-rw-rw-r-- 1 travis travis  1376 Jun  1 21:06 ModularCodeGen2_ModularCodeGenTypedCompositeActor_ModularCodeGenTypedCompositeActor.mk
-rw-rw-r-- 1 travis travis  1421 Jun  1 21:06 ModularCodeGen2_ModularCodeGenTypedCompositeActor_ModularCodeGenTypedCompositeActor_profile.class
-rw-rw-r-- 1 travis travis  1294 Jun  1 21:06 ModularCodeGen2_ModularCodeGenTypedCompositeActor_ModularCodeGenTypedCompositeActor_profile.java
-rw-rw-r-- 1 travis travis   820 Jun  1 21:06 ModularCodeGen2_ModularCodeGenTypedCompositeActor_profile.class
-rw-rw-r-- 1 travis travis   693 Jun  1 21:06 ModularCodeGen2_ModularCodeGenTypedCompositeActor_profile.java
-rw-rw-r-- 1 travis travis  3741 Jun  1 21:06 ModularCodeGen3_A1_B1.class
-rw-rw-r-- 1 travis travis  9958 Jun  1 21:06 ModularCodeGen3_A1_B1.java
-rw-rw-r-- 1 travis travis   880 Jun  1 21:06 ModularCodeGen3_A1_B1.mk
-rw-rw-r-- 1 travis travis  1330 Jun  1 21:06 ModularCodeGen3_A1_B1_profile.class
-rw-rw-r-- 1 travis travis  1274 Jun  1 21:06 ModularCodeGen3_A1_B1_profile.java
-rw-rw-r-- 1 travis travis  3741 Jun  1 21:06 ModularCodeGen3_A1_B2.class
In "/home/travis/cg", about to execute:
-rw-rw-r-- 1 travis travis  9958 Jun  1 21:06 ModularCodeGen3_A1_B2.java
-rw-rw-r-- 1 travis travis   880 Jun  1 21:06 ModularCodeGen3_A1_B2.mk
-rw-rw-r-- 1 travis travis  1330 Jun  1 21:06 ModularCodeGen3_A1_B2_profile.class
-rw-rw-r-- 1 travis travis  1274 Jun  1 21:06 ModularCodeGen3_A1_B2_profile.java
-rw-rw-r-- 1 travis travis  4961 Jun  1 21:07 ModularCodeGen3_A1.class
-rw-rw-r-- 1 travis travis 15564 Jun  1 21:06 ModularCodeGen3_A1.java
-rw-rw-r-- 1 travis travis   856 Jun  1 21:06 ModularCodeGen3_A1.mk
-rw-rw-r-- 1 travis travis  1445 Jun  1 21:06 ModularCodeGen3_A1_profile.class
-rw-rw-r-- 1 travis travis  1716 Jun  1 21:06 ModularCodeGen3_A1_profile.java
-rw-rw-r-- 1 travis travis  1458 Jun  1 21:07 ModularCodeGen3_A2_B1_profile.java
-rw-rw-r-- 1 travis travis  3954 Jun  1 21:06 ModularCodeGen_ModularCodeGenTypedCompositeActor.class
-rw-rw-r-- 1 travis travis 10970 Jun  1 21:06 ModularCodeGen_ModularCodeGenTypedCompositeActor.java
-rw-rw-r-- 1 travis travis  1096 Jun  1 21:06 ModularCodeGen_ModularCodeGenTypedCompositeActor.mk
-rw-rw-r-- 1 travis travis  1384 Jun  1 21:06 ModularCodeGen_ModularCodeGenTypedCompositeActor_profile.class
-rw-rw-r-- 1 travis travis  1328 Jun  1 21:06 ModularCodeGen_ModularCodeGenTypedCompositeActor_profile.java
-rw-rw-r-- 1 travis travis  3492 Jun  1 21:06 ModularCodeGenTest_A1_A2.class
-rw-rw-r-- 1 travis travis  9164 Jun  1 21:06 ModularCodeGenTest_A1_A2.java
    javac -classpath
.:/home/travis/build/icyphy/ptII:/home/travis/build/icyphy/ptII/lib/bsh-2.0b4.j
ar:/home/travis/build/icyphy/ptII/lib/ptCal.jar:/home/travis/build/icyphy/ptII/
lib/java_cup.jar:/home/travis/build/icyphy/ptII/lib/saxon8.jar:/home/travis/bui
ld/icyphy/ptII/lib/saxon8-dom.jar:/home/travis/build/icyphy/ptII/lib/chic.jar:/
home/travis/build/icyphy/ptII/lib/ptcolt.jar:/usr/lib/jvm/java-8-oracle/lib/too
ls.jar:/usr/lib/eclipse/plugins/org.eclipse.jdt.core_3.8.2.dist.jar:/usr/lib/ec
lipse/plugins/org.eclipse.core.runtime_3.8.0.dist.jar:/usr/lib/eclipse/plugins/
org.eclipse.osgi_3.8.1.dist.jar:/usr/lib/eclipse/plugins/org.eclipse.core.resou
rces_3.8.1.dist.jar:/usr/lib/eclipse/plugins/org.eclipse.equinox.common_3.6.100
.dist.jar:/usr/lib/eclipse/plugins/org.eclipse.core.jobs_3.5.200.dist.jar:/usr/
lib/eclipse/plugins/org.eclipse.core.contenttype_3.4.200.dist.jar:/usr/lib/ecli
pse/plugins/org.eclipse.equinox.preferences_3.5.0.dist.jar:/usr/lib/eclipse/plu
gins/org.eclipse.text_3.5.200.dist.jar:/usr/lib/eclipse/plugins/org.eclipse.ui.
workbench_3.8.1.dist.jar:/usr/lib/eclipse/plugins/org.eclipse.jface_3.8.0.dist.
jar:/usr/lib/eclipse/plugins/org.eclipse.swt_3.8.2.jar:/usr/lib/eclipse/plugins
/org.eclipse.jface.text_3.8.1.dist.jar:/usr/lib/eclipse/plugins/org.eclipse.ui.
workbench.texteditor_3.8.0.dist.jar:/usr/lib/eclipse/plugins/org.eclipse.ui.edi
tors_3.8.0.dist.jar:/usr/lib/eclipse/plugins/org.eclipse.core.commands_3.6.1.di
st.jar:/usr/lib/eclipse/plugins/org.eclipse.equinox.registry_3.5.200.dist.jar:/
usr/lib/eclipse/plugins/org.eclipse.ui.console_3.5.100.dist.jar:/usr/lib/eclips
e/plugins/org.eclipse.ui.forms_3.5.200.dist.jar:/usr/lib/eclipse/plugins/org.ec
lipse.ui.ide_3.8.1.dist.jar:/home/travis/build/icyphy/ptII/vendors/oracle/dbxml
.jar:/home/travis/build/icyphy/ptII/vendors/oracle/db.jar:/home/travis/build/ic
yphy/ptII/vendors/misc/itext/iText.jar:/home/travis/build/icyphy/ptII/lib/g4ltl
.jar:/home/travis/build/icyphy/ptII/lib/StructuralCoder.jar:/home/travis/build/
icyphy/ptII/lib/org-openide-util.jar:/home/travis/build/icyphy/ptII/lib/org-ope
nide-util-lookup.jar:/home/travis/build/icyphy/ptII/lib/org-netbeans-api-visual
.jar:/home/travis/build/icyphy/ptII/vendors/jai-1_1_2_01/lib/jai_core.jar:/home
/travis/build/icyphy/ptII/vendors/jai-1_1_2_01/lib/jai_codec.jar:/home/travis/b
uild/icyphy/ptII/lib/jcerti.jar:/home/travis/build/icyphy/ptII/lib/smack.jar:/h
ome/travis/build/icyphy/ptII/lib/smackx.jar:/home/travis/build/icyphy/ptII/lib/
jetty-all-8.1.5-v20120716.jar:/home/travis/build/icyphy/ptII/lib/javax.servlet-
api-3.0.1.jar:/home/travis/build/icyphy/ptII/lib/javax.mail.jar:/home/travis/bu
ild/icyphy/ptII/vendors/JMF-2.1.1e/lib/jmf.jar:/home/travis/build/icyphy/ptII/l
ib/jna-4.0.0-variadic.jar:/home/travis/build/icyphy/ptII/vendors/misc/joystick/
Joystick.jar:/home/travis/build/icyphy/ptII/lib/ptjacl.jar:/home/travis/build/i
cyphy/ptII/lib/jsoup-1.8.2.jar:/home/travis/build/icyphy/ptII/lib/junit-4.8.2.j
ar:/home/travis/build/icyphy/ptII/lib/JUnitParams-0.4.0.jar:/home/travis/build/
icyphy/ptII/ptolemy/actor/lib/excel/jxl.jar:/home/travis/build/icyphy/ptII/lib/
jython.jar:/home/travis/build/icyphy/ptII/lib/kieler.jar:/home/travis/build/icy
phy/ptII/vendors/opencv/share/OpenCV/java/opencv-341.jar:/home/travis/build/icy
phy/ptII/lib/oscP5.jar:/home/travis/build/icyphy/ptII/lib/nrjavaserial-3.11.0.d
evel.jar:/usr/share/java/j3dcore.jar:/usr/share/java/j3dutils.jar:/usr/share/ja
va/vecmath.jar:/home/travis/build/icyphy/ptII/ptolemy/distributed/jini/jar/jini
-core.jar:/home/travis/build/icyphy/ptII/ptolemy/distributed/jini/jar/jini-ext.
jar:/home/travis/build/icyphy/ptII/ptolemy/distributed/jini/jar/sun-util.jar:/h
ome/travis/build/icyphy/ptII/lib/protobuf-java-2.4.1.jar:/home/travis/build/icy
phy/ptII/lib/org.eclipse.paho.client.mqttv3.jar:/home/travis/build/icyphy/ptII/
ptserver/lib/hessian-4.0.7.jar:/home/travis/build/icyphy/ptII/ptserver/lib/wmqt
t.jar:/home/travis/build/icyphy/ptII/lib/mapss.jar:/home/travis/build/icyphy/pt
II/ptolemy/actor/ptalon/antlr/antlr.jar:/home/travis/build/icyphy/ptII/lib/JRI.
jar:/home/travis/build/icyphy/ptII/lib/commons-lang-2.6.jar:/home/travis/build/
icyphy/ptII/lib/commons-logging-1.1.1.jar:/home/travis/build/icyphy/ptII/lib/so
otclasses.jar:/home/travis/build/icyphy/ptII/ptolemy/actor/lib/database/mysql-c
onnector-java-5.1.6-bin.jar:/home/travis/build/icyphy/ptII/vendors/misc/sphinx4
/sphinx4-data-5prealpha.jar:/home/travis/build/icyphy/ptII/vendors/misc/sphinx4
/sphinx4-core-5prealpha.jar:/home/travis/build/icyphy/ptII/lib/PDFRenderer.jar:
/home/travis/build/icyphy/ptII/lib/svgSalamander.jar:/home/travis/build/icyphy/
ptII/lib/rsyntaxtextarea-2.6.0-SNAPSHOT.jar:/home/travis/build/icyphy/ptII/lib/
hazelcast-3.8.2.jar:/home/travis/build/icyphy/ptII/lib/jackson-annotations-2.9.
0.jar:/home/travis/build/icyphy/ptII/lib/jackson-core-2.9.3.jar:/home/travis/bu
ild/icyphy/ptII/lib/jackson-databind-2.9.3.jar:/home/travis/build/icyphy/ptII/l
ib/netty-buffer-4.1.19.Final.jar:/home/travis/build/icyphy/ptII/lib/netty-codec
-4.1.19.Final.jar:/home/travis/build/icyphy/ptII/lib/netty-codec-dns-4.1.19.Fin
al.jar:/home/travis/build/icyphy/ptII/lib/netty-codec-http-4.1.19.Final.jar:/ho
me/travis/build/icyphy/ptII/lib/netty-codec-http2-4.1.19.Final.jar:/home/travis
/build/icyphy/ptII/lib/netty-common-4.1.19.Final.jar:/home/travis/build/icyphy/
ptII/lib/netty-handler-4.1.19.Final.jar:/home/travis/build/icyphy/ptII/lib/nett
y-resolver-4.1.19.Final.jar:/home/travis/build/icyphy/ptII/lib/netty-resolver-d
ns-4.1.19.Final.jar:/home/travis/build/icyphy/ptII/lib/netty-transport-4.1.19.F
inal.jar:/home/travis/build/icyphy/ptII/lib/vertx-codegen-3.5.1.jar:/home/travi
s/build/icyphy/ptII/lib/vertx-core-3.5.2-SNAPSHOT.jar:/home/travis/build/icyphy
/ptII/lib/vertx-hazelcast-3.5.1.jar:/home/travis/build/icyphy/ptII/lib/vertx-la
ng-js-3.5.1.jar:/home/travis/build/icyphy/ptII/lib/vertx-service-proxy-3.5.1.ja
r:/home/travis/build/icyphy/ptII/lib/vertx-web-3.5.1.jar:/home/travis/build/icy
phy/ptII/lib/slf4j-api-1.7.13.jar:/home/travis/build/icyphy/ptII/lib/slf4j-simp
le-1.7.13.jar:/home/travis/build/icyphy/ptII/lib/webcam-capture-0.3.12.jar:/hom
e/travis/build/icyphy/ptII/lib/bridj-0.7.0.jar:/home/travis/build/icyphy/ptII/l
ib/xbjlib-1.1.0.nrjavaserial.jar:/home/travis/build/icyphy/ptII/ptolemy/moml/te
st:/home/travis/build/icyphy/ptII/ant/lib/ant-launcher.jar:/home/travis/build/i
cyphy/ptII/ant/lib/ant.jar:/home/travis/build/icyphy/ptII/ant/lib/ant-junit.jar
:/home/travis/build/icyphy/ptII/ant/lib/ant-junit4.jar:/home/travis/build/icyph
y/ptII ModularCodeGen3_A2_B1_profile.java
-rw-rw-r-- 1 travis travis   904 Jun  1 21:06 ModularCodeGenTest_A1_A2.mk
-rw-rw-r-- 1 travis travis  1306 Jun  1 21:06 ModularCodeGenTest_A1_A2_profile.class
-rw-rw-r-- 1 travis travis  1228 Jun  1 21:06 ModularCodeGenTest_A1_A2_profile.java
-rw-rw-r-- 1 travis travis  3823 Jun  1 21:06 ModularCodeGenTest_A1.class
-rw-rw-r-- 1 travis travis  9968 Jun  1 21:06 ModularCodeGenTest_A1.java
-rw-rw-r-- 1 travis travis   880 Jun  1 21:06 ModularCodeGenTest_A1.mk
-rw-rw-r-- 1 travis travis  1352 Jun  1 21:06 ModularCodeGenTest_A1_profile.class
-rw-rw-r-- 1 travis travis  1394 Jun  1 21:06 ModularCodeGenTest_A1_profile.java
-rw-rw-r-- 1 travis travis   432 Jun  1 21:07 Token.class
-rw-rw-r-- 1 travis travis   251 Jun  1 21:06 Token.java
warning: Supported source version 'RELEASE_6' from annotation processor 'org.netbeans.modules.openide.util.NbBundleProcessor' less than -source '1.8'
warning: Supported source version 'RELEASE_6' from annotation processor 'org.netbeans.modules.openide.util.URLStreamHandlerRegistrationProcessor' less than -source '1.8'
warning: Supported source version 'RELEASE_6' from annotation processor 'org.netbeans.modules.openide.util.ServiceProviderProcessor' less than -source '1.8'
3 warnings
All Done
Writing ModularCodeGen3_A2_B1.java in file:/home/travis/cg/ (10955 characters)
Reading "ptolemy/cg/kernel/generic/program/procedural/java/modular/makefile.in",
    writing "/home/travis/cg/ModularCodeGen3_A2_B1.mk"
Using ptolemy/cg/kernel/generic/program/procedural/java/modular/makefile.in
In "/home/travis/cg", about to execute:
    make -f ModularCodeGen3_A2_B1.mk
javac -classpath ".:.."    ModularCodeGen3_A2_B1.java
All Done
In "/home/travis/cg", about to execute:
    pwd
In "/home/travis/cg", about to execute:
    ls -l
/home/travis/cg
In "/home/travis/cg", about to execute:
    javac -classpath
.:/home/travis/build/icyphy/ptII:/home/travis/build/icyphy/ptII/lib/bsh-2.0b4.j
ar:/home/travis/build/icyphy/ptII/lib/ptCal.jar:/home/travis/build/icyphy/ptII/
lib/java_cup.jar:/home/travis/build/icyphy/ptII/lib/saxon8.jar:/home/travis/bui
ld/icyphy/ptII/lib/saxon8-dom.jar:/home/travis/build/icyphy/ptII/lib/chic.jar:/
home/travis/build/icyphy/ptII/lib/ptcolt.jar:/usr/lib/jvm/java-8-oracle/lib/too
ls.jar:/usr/lib/eclipse/plugins/org.eclipse.jdt.core_3.8.2.dist.jar:/usr/lib/ec
lipse/plugins/org.eclipse.core.runtime_3.8.0.dist.jar:/usr/lib/eclipse/plugins/
org.eclipse.osgi_3.8.1.dist.jar:/usr/lib/eclipse/plugins/org.eclipse.core.resou
rces_3.8.1.dist.jar:/usr/lib/eclipse/plugins/org.eclipse.equinox.common_3.6.100
.dist.jar:/usr/lib/eclipse/plugins/org.eclipse.core.jobs_3.5.200.dist.jar:/usr/
lib/eclipse/plugins/org.eclipse.core.contenttype_3.4.200.dist.jar:/usr/lib/ecli
pse/plugins/org.eclipse.equinox.preferences_3.5.0.dist.jar:/usr/lib/eclipse/plu
gins/org.eclipse.text_3.5.200.dist.jar:/usr/lib/eclipse/plugins/org.eclipse.ui.
workbench_3.8.1.dist.jar:/usr/lib/eclipse/plugins/org.eclipse.jface_3.8.0.dist.
jar:/usr/lib/eclipse/plugins/org.eclipse.swt_3.8.2.jar:/usr/lib/eclipse/plugins
/org.eclipse.jface.text_3.8.1.dist.jar:/usr/lib/eclipse/plugins/org.eclipse.ui.
workbench.texteditor_3.8.0.dist.jar:/usr/lib/eclipse/plugins/org.eclipse.ui.edi
tors_3.8.0.dist.jar:/usr/lib/eclipse/plugins/org.eclipse.core.commands_3.6.1.di
st.jar:/usr/lib/eclipse/plugins/org.eclipse.equinox.registry_3.5.200.dist.jar:/
usr/lib/eclipse/plugins/org.eclipse.ui.console_3.5.100.dist.jar:/usr/lib/eclips
e/plugins/org.eclipse.ui.forms_3.5.200.dist.jar:/usr/lib/eclipse/plugins/org.ec
lipse.ui.ide_3.8.1.dist.jar:/home/travis/build/icyphy/ptII/vendors/oracle/dbxml
.jar:/home/travis/build/icyphy/ptII/vendors/oracle/db.jar:/home/travis/build/ic
yphy/ptII/vendors/misc/itext/iText.jar:/home/travis/build/icyphy/ptII/lib/g4ltl
.jar:/home/travis/build/icyphy/ptII/lib/StructuralCoder.jar:/home/travis/build/
icyphy/ptII/lib/org-openide-util.jar:/home/travis/build/icyphy/ptII/lib/org-ope
nide-util-lookup.jar:/home/travis/build/icyphy/ptII/lib/org-netbeans-api-visual
.jar:/home/travis/build/icyphy/ptII/vendors/jai-1_1_2_01/lib/jai_core.jar:/home
/travis/build/icyphy/ptII/vendors/jai-1_1_2_01/lib/jai_codec.jar:/home/travis/b
uild/icyphy/ptII/lib/jcerti.jar:/home/travis/build/icyphy/ptII/lib/smack.jar:/h
ome/travis/build/icyphy/ptII/lib/smackx.jar:/home/travis/build/icyphy/ptII/lib/
jetty-all-8.1.5-v20120716.jar:/home/travis/build/icyphy/ptII/lib/javax.servlet-
api-3.0.1.jar:/home/travis/build/icyphy/ptII/lib/javax.mail.jar:/home/travis/bu
ild/icyphy/ptII/vendors/JMF-2.1.1e/lib/jmf.jar:/home/travis/build/icyphy/ptII/l
ib/jna-4.0.0-variadic.jar:/home/travis/build/icyphy/ptII/vendors/misc/joystick/
Joystick.jar:/home/travis/build/icyphy/ptII/lib/ptjacl.jar:/home/travis/build/i
cyphy/ptII/lib/jsoup-1.8.2.jar:/home/travis/build/icyphy/ptII/lib/junit-4.8.2.j
ar:/home/travis/build/icyphy/ptII/lib/JUnitParams-0.4.0.jar:/home/travis/build/
icyphy/ptII/ptolemy/actor/lib/excel/jxl.jar:/home/travis/build/icyphy/ptII/lib/
jython.jar:/home/travis/build/icyphy/ptII/lib/kieler.jar:/home/travis/build/icy
phy/ptII/vendors/opencv/share/OpenCV/java/opencv-341.jar:/home/travis/build/icy
phy/ptII/lib/oscP5.jar:/home/travis/build/icyphy/ptII/lib/nrjavaserial-3.11.0.d
evel.jar:/usr/share/java/j3dcore.jar:/usr/share/java/j3dutils.jar:/usr/share/ja
va/vecmath.jar:/home/travis/build/icyphy/ptII/ptolemy/distributed/jini/jar/jini
-core.jar:/home/travis/build/icyphy/ptII/ptolemy/distributed/jini/jar/jini-ext.
jar:/home/travis/build/icyphy/ptII/ptolemy/distributed/jini/jar/sun-util.jar:/h
ome/travis/build/icyphy/ptII/lib/protobuf-java-2.4.1.jar:/home/travis/build/icy
phy/ptII/lib/org.eclipse.paho.client.mqttv3.jar:/home/travis/build/icyphy/ptII/
ptserver/lib/hessian-4.0.7.jar:/home/travis/build/icyphy/ptII/ptserver/lib/wmqt
t.jar:/home/travis/build/icyphy/ptII/lib/mapss.jar:/home/travis/build/icyphy/pt
II/ptolemy/actor/ptalon/antlr/antlr.jar:/home/travis/build/icyphy/ptII/lib/JRI.
jar:/home/travis/build/icyphy/ptII/lib/commons-lang-2.6.jar:/home/travis/build/
icyphy/ptII/lib/commons-logging-1.1.1.jar:/home/travis/build/icyphy/ptII/lib/so
otclasses.jar:/home/travis/build/icyphy/ptII/ptolemy/actor/lib/database/mysql-c
onnector-java-5.1.6-bin.jar:/home/travis/build/icyphy/ptII/vendors/misc/sphinx4
/sphinx4-data-5prealpha.jar:/home/travis/build/icyphy/ptII/vendors/misc/sphinx4
/sphinx4-core-5prealpha.jar:/home/travis/build/icyphy/ptII/lib/PDFRenderer.jar:
/home/travis/build/icyphy/ptII/lib/svgSalamander.jar:/home/travis/build/icyphy/
ptII/lib/rsyntaxtextarea-2.6.0-SNAPSHOT.jar:/home/travis/build/icyphy/ptII/lib/
hazelcast-3.8.2.jar:/home/travis/build/icyphy/ptII/lib/jackson-annotations-2.9.
0.jar:/home/travis/build/icyphy/ptII/lib/jackson-core-2.9.3.jar:/home/travis/bu
ild/icyphy/ptII/lib/jackson-databind-2.9.3.jar:/home/travis/build/icyphy/ptII/l
ib/netty-buffer-4.1.19.Final.jar:/home/travis/build/icyphy/ptII/lib/netty-codec
-4.1.19.Final.jar:/home/travis/build/icyphy/ptII/lib/netty-codec-dns-4.1.19.Fin
al.jar:/home/travis/build/icyphy/ptII/lib/netty-codec-http-4.1.19.Final.jar:/ho
me/travis/build/icyphy/ptII/lib/netty-codec-http2-4.1.19.Final.jar:/home/travis
/build/icyphy/ptII/lib/netty-common-4.1.19.Final.jar:/home/travis/build/icyphy/
ptII/lib/netty-handler-4.1.19.Final.jar:/home/travis/build/icyphy/ptII/lib/nett
y-resolver-4.1.19.Final.jar:/home/travis/build/icyphy/ptII/lib/netty-resolver-d
ns-4.1.19.Final.jar:/home/travis/build/icyphy/ptII/lib/netty-transport-4.1.19.F
inal.jar:/home/travis/build/icyphy/ptII/lib/vertx-codegen-3.5.1.jar:/home/travi
s/build/icyphy/ptII/lib/vertx-core-3.5.2-SNAPSHOT.jar:/home/travis/build/icyphy
/ptII/lib/vertx-hazelcast-3.5.1.jar:/home/travis/build/icyphy/ptII/lib/vertx-la
ng-js-3.5.1.jar:/home/travis/build/icyphy/ptII/lib/vertx-service-proxy-3.5.1.ja
r:/home/travis/build/icyphy/ptII/lib/vertx-web-3.5.1.jar:/home/travis/build/icy
phy/ptII/lib/slf4j-api-1.7.13.jar:/home/travis/build/icyphy/ptII/lib/slf4j-simp
le-1.7.13.jar:/home/travis/build/icyphy/ptII/lib/webcam-capture-0.3.12.jar:/hom
e/travis/build/icyphy/ptII/lib/bridj-0.7.0.jar:/home/travis/build/icyphy/ptII/l
ib/xbjlib-1.1.0.nrjavaserial.jar:/home/travis/build/icyphy/ptII/ptolemy/moml/te
st:/home/travis/build/icyphy/ptII/ant/lib/ant-launcher.jar:/home/travis/build/i
cyphy/ptII/ant/lib/ant.jar:/home/travis/build/icyphy/ptII/ant/lib/ant-junit.jar
:/home/travis/build/icyphy/ptII/ant/lib/ant-junit4.jar:/home/travis/build/icyph
y/ptII ModularCodeGen3_A2_B2_profile.java
total 664
-rw-rw-r-- 1 travis travis  4895 Jun  1 21:06 CompiledCompositeActor_CompiledCompositeActor.class
-rw-rw-r-- 1 travis travis  1592 Jun  1 21:06 CompiledCompositeActor_CompiledCompositeActor$_CompiledCompositeActor_CompiledCompositeActor.class
-rw-rw-r-- 1 travis travis 13466 Jun  1 21:06 CompiledCompositeActor_CompiledCompositeActor.java
-rw-rw-r-- 1 travis travis  1593 Jun  1 21:06 CompiledCompositeActor_CompiledCompositeActor.mk
-rw-rw-r-- 1 travis travis  4457 Jun  1 21:06 JavaCompiledCompositeTest1_CompiledCompositeActor.class
-rw-rw-r-- 1 travis travis 11637 Jun  1 21:06 JavaCompiledCompositeTest1_CompiledCompositeActor.java
-rw-rw-r-- 1 travis travis  1198 Jun  1 21:06 JavaCompiledCompositeTest1_CompiledCompositeActor$_JavaCompiledCompositeTest1_CompiledCompositeActor.class
-rw-rw-r-- 1 travis travis  1625 Jun  1 21:06 JavaCompiledCompositeTest1_CompiledCompositeActor.mk
-rw-rw-r-- 1 travis travis  4888 Jun  1 21:06 JavaCompiledCompositeTest2_CompiledCompositeActor.class
-rw-rw-r-- 1 travis travis 14919 Jun  1 21:06 JavaCompiledCompositeTest2_CompiledCompositeActor.java
-rw-rw-r-- 1 travis travis  1793 Jun  1 21:06 JavaCompiledCompositeTest2_CompiledCompositeActor$_JavaCompiledCompositeTest2_CompiledCompositeActor.class
-rw-rw-r-- 1 travis travis  1625 Jun  1 21:06 JavaCompiledCompositeTest2_CompiledCompositeActor.mk
-rw-rw-r-- 1 travis travis  4505 Jun  1 21:06 JavaCompiledCompositeTest3_CompiledCompositeActor.class
-rw-rw-r-- 1 travis travis 13080 Jun  1 21:06 JavaCompiledCompositeTest3_CompiledCompositeActor.java
-rw-rw-r-- 1 travis travis  1378 Jun  1 21:06 JavaCompiledCompositeTest3_CompiledCompositeActor$_JavaCompiledCompositeTest3_CompiledCompositeActor.class
-rw-rw-r-- 1 travis travis  1625 Jun  1 21:06 JavaCompiledCompositeTest3_CompiledCompositeActor.mk
-rw-rw-r-- 1 travis travis  3953 Jun  1 21:06 JavaCompiledCompositeTest4_CompiledCompositeActor.class
-rw-rw-r-- 1 travis travis  9687 Jun  1 21:06 JavaCompiledCompositeTest4_CompiledCompositeActor.java
-rw-rw-r-- 1 travis travis   857 Jun  1 21:06 JavaCompiledCompositeTest4_CompiledCompositeActor$_JavaCompiledCompositeTest4_CompiledCompositeActor.class
-rw-rw-r-- 1 travis travis  1625 Jun  1 21:06 JavaCompiledCompositeTest4_CompiledCompositeActor.mk
-rw-rw-r-- 1 travis travis  3693 Jun  1 21:06 ModularCG_A1_B1.class
-rw-rw-r-- 1 travis travis  9730 Jun  1 21:06 ModularCG_A1_B1.java
-rw-rw-r-- 1 travis travis   832 Jun  1 21:06 ModularCG_A1_B1.mk
-rw-rw-r-- 1 travis travis  1318 Jun  1 21:06 ModularCG_A1_B1_profile.class
-rw-rw-r-- 1 travis travis  1262 Jun  1 21:06 ModularCG_A1_B1_profile.java
-rw-rw-r-- 1 travis travis  3693 Jun  1 21:06 ModularCG_A1_B2.class
-rw-rw-r-- 1 travis travis  9730 Jun  1 21:06 ModularCG_A1_B2.java
-rw-rw-r-- 1 travis travis   832 Jun  1 21:06 ModularCG_A1_B2.mk
-rw-rw-r-- 1 travis travis  1318 Jun  1 21:06 ModularCG_A1_B2_profile.class
-rw-rw-r-- 1 travis travis  1262 Jun  1 21:06 ModularCG_A1_B2_profile.java
-rw-rw-r-- 1 travis travis  4799 Jun  1 21:06 ModularCG_A1.class
-rw-rw-r-- 1 travis travis 14742 Jun  1 21:06 ModularCG_A1.java
-rw-rw-r-- 1 travis travis   808 Jun  1 21:06 ModularCG_A1.mk
-rw-rw-r-- 1 travis travis  1433 Jun  1 21:06 ModularCG_A1_profile.class
-rw-rw-r-- 1 travis travis  1704 Jun  1 21:06 ModularCG_A1_profile.java
-rw-rw-r-- 1 travis travis  3827 Jun  1 21:06 ModularCG_A2_B1.class
-rw-rw-r-- 1 travis travis 10667 Jun  1 21:06 ModularCG_A2_B1.java
-rw-rw-r-- 1 travis travis   832 Jun  1 21:06 ModularCG_A2_B1.mk
-rw-rw-r-- 1 travis travis  1381 Jun  1 21:06 ModularCG_A2_B1_profile.class
-rw-rw-r-- 1 travis travis  1446 Jun  1 21:06 ModularCG_A2_B1_profile.java
-rw-rw-r-- 1 travis travis  3693 Jun  1 21:06 ModularCG_A2_B2.class
-rw-rw-r-- 1 travis travis  9730 Jun  1 21:06 ModularCG_A2_B2.java
-rw-rw-r-- 1 travis travis   832 Jun  1 21:06 ModularCG_A2_B2.mk
-rw-rw-r-- 1 travis travis  1318 Jun  1 21:06 ModularCG_A2_B2_profile.class
-rw-rw-r-- 1 travis travis  1262 Jun  1 21:06 ModularCG_A2_B2_profile.java
-rw-rw-r-- 1 travis travis  4870 Jun  1 21:06 ModularCG_A2.class
-rw-rw-r-- 1 travis travis 15129 Jun  1 21:06 ModularCG_A2.java
-rw-rw-r-- 1 travis travis   808 Jun  1 21:06 ModularCG_A2.mk
-rw-rw-r-- 1 travis travis  1433 Jun  1 21:06 ModularCG_A2_profile.class
-rw-rw-r-- 1 travis travis  1704 Jun  1 21:06 ModularCG_A2_profile.java
-rw-rw-r-- 1 travis travis  3473 Jun  1 21:06 ModularCGPubSub_A1_A2.class
-rw-rw-r-- 1 travis travis  9076 Jun  1 21:06 ModularCGPubSub_A1_A2.java
-rw-rw-r-- 1 travis travis   880 Jun  1 21:06 ModularCGPubSub_A1_A2.mk
-rw-rw-r-- 1 travis travis  1300 Jun  1 21:06 ModularCGPubSub_A1_A2_profile.class
-rw-rw-r-- 1 travis travis  1222 Jun  1 21:06 ModularCGPubSub_A1_A2_profile.java
-rw-rw-r-- 1 travis travis  3790 Jun  1 21:06 ModularCGPubSub_A1.class
-rw-rw-r-- 1 travis travis  9836 Jun  1 21:06 ModularCGPubSub_A1.java
-rw-rw-r-- 1 travis travis   856 Jun  1 21:06 ModularCGPubSub_A1.mk
-rw-rw-r-- 1 travis travis  1346 Jun  1 21:06 ModularCGPubSub_A1_profile.class
-rw-rw-r-- 1 travis travis  1388 Jun  1 21:06 ModularCGPubSub_A1_profile.java
-rw-rw-r-- 1 travis travis  3988 Jun  1 21:06 ModularCodeGen2_ModularCodeGenTypedCompositeActor.class
-rw-rw-r-- 1 travis travis 11690 Jun  1 21:06 ModularCodeGen2_ModularCodeGenTypedCompositeActor.java
-rw-rw-r-- 1 travis travis  1104 Jun  1 21:06 ModularCodeGen2_ModularCodeGenTypedCompositeActor.mk
-rw-rw-r-- 1 travis travis  4272 Jun  1 21:06 ModularCodeGen2_ModularCodeGenTypedCompositeActor_ModularCodeGenTypedCompositeActor.class
-rw-rw-r-- 1 travis travis 11790 Jun  1 21:06 ModularCodeGen2_ModularCodeGenTypedCompositeActor_ModularCodeGenTypedCompositeActor.java
-rw-rw-r-- 1 travis travis  1376 Jun  1 21:06 ModularCodeGen2_ModularCodeGenTypedCompositeActor_ModularCodeGenTypedCompositeActor.mk
-rw-rw-r-- 1 travis travis  1421 Jun  1 21:06 ModularCodeGen2_ModularCodeGenTypedCompositeActor_ModularCodeGenTypedCompositeActor_profile.class
-rw-rw-r-- 1 travis travis  1294 Jun  1 21:06 ModularCodeGen2_ModularCodeGenTypedCompositeActor_ModularCodeGenTypedCompositeActor_profile.java
-rw-rw-r-- 1 travis travis   820 Jun  1 21:06 ModularCodeGen2_ModularCodeGenTypedCompositeActor_profile.class
-rw-rw-r-- 1 travis travis   693 Jun  1 21:06 ModularCodeGen2_ModularCodeGenTypedCompositeActor_profile.java
-rw-rw-r-- 1 travis travis  3741 Jun  1 21:06 ModularCodeGen3_A1_B1.class
-rw-rw-r-- 1 travis travis  9958 Jun  1 21:06 ModularCodeGen3_A1_B1.java
-rw-rw-r-- 1 travis travis   880 Jun  1 21:06 ModularCodeGen3_A1_B1.mk
-rw-rw-r-- 1 travis travis  1330 Jun  1 21:06 ModularCodeGen3_A1_B1_profile.class
-rw-rw-r-- 1 travis travis  1274 Jun  1 21:06 ModularCodeGen3_A1_B1_profile.java
-rw-rw-r-- 1 travis travis  3741 Jun  1 21:06 ModularCodeGen3_A1_B2.class
-rw-rw-r-- 1 travis travis  9958 Jun  1 21:06 ModularCodeGen3_A1_B2.java
-rw-rw-r-- 1 travis travis   880 Jun  1 21:06 ModularCodeGen3_A1_B2.mk
-rw-rw-r-- 1 travis travis  1330 Jun  1 21:06 ModularCodeGen3_A1_B2_profile.class
-rw-rw-r-- 1 travis travis  1274 Jun  1 21:06 ModularCodeGen3_A1_B2_profile.java
-rw-rw-r-- 1 travis travis  4961 Jun  1 21:07 ModularCodeGen3_A1.class
-rw-rw-r-- 1 travis travis 15564 Jun  1 21:06 ModularCodeGen3_A1.java
-rw-rw-r-- 1 travis travis   856 Jun  1 21:06 ModularCodeGen3_A1.mk
-rw-rw-r-- 1 travis travis  1445 Jun  1 21:06 ModularCodeGen3_A1_profile.class
-rw-rw-r-- 1 travis travis  1716 Jun  1 21:06 ModularCodeGen3_A1_profile.java
-rw-rw-r-- 1 travis travis  3887 Jun  1 21:07 ModularCodeGen3_A2_B1.class
-rw-rw-r-- 1 travis travis 10955 Jun  1 21:07 ModularCodeGen3_A2_B1.java
-rw-rw-r-- 1 travis travis   880 Jun  1 21:07 ModularCodeGen3_A2_B1.mk
-rw-rw-r-- 1 travis travis  1393 Jun  1 21:07 ModularCodeGen3_A2_B1_profile.class
-rw-rw-r-- 1 travis travis  1458 Jun  1 21:07 ModularCodeGen3_A2_B1_profile.java
-rw-rw-r-- 1 travis travis  1274 Jun  1 21:07 ModularCodeGen3_A2_B2_profile.java
-rw-rw-r-- 1 travis travis  3954 Jun  1 21:06 ModularCodeGen_ModularCodeGenTypedCompositeActor.class
-rw-rw-r-- 1 travis travis 10970 Jun  1 21:06 ModularCodeGen_ModularCodeGenTypedCompositeActor.java
-rw-rw-r-- 1 travis travis  1096 Jun  1 21:06 ModularCodeGen_ModularCodeGenTypedCompositeActor.mk
-rw-rw-r-- 1 travis travis  1384 Jun  1 21:06 ModularCodeGen_ModularCodeGenTypedCompositeActor_profile.class
-rw-rw-r-- 1 travis travis  1328 Jun  1 21:06 ModularCodeGen_ModularCodeGenTypedCompositeActor_profile.java
-rw-rw-r-- 1 travis travis  3492 Jun  1 21:06 ModularCodeGenTest_A1_A2.class
-rw-rw-r-- 1 travis travis  9164 Jun  1 21:06 ModularCodeGenTest_A1_A2.java
-rw-rw-r-- 1 travis travis   904 Jun  1 21:06 ModularCodeGenTest_A1_A2.mk
-rw-rw-r-- 1 travis travis  1306 Jun  1 21:06 ModularCodeGenTest_A1_A2_profile.class
-rw-rw-r-- 1 travis travis  1228 Jun  1 21:06 ModularCodeGenTest_A1_A2_profile.java
-rw-rw-r-- 1 travis travis  3823 Jun  1 21:06 ModularCodeGenTest_A1.class
-rw-rw-r-- 1 travis travis  9968 Jun  1 21:06 ModularCodeGenTest_A1.java
-rw-rw-r-- 1 travis travis   880 Jun  1 21:06 ModularCodeGenTest_A1.mk
-rw-rw-r-- 1 travis travis  1352 Jun  1 21:06 ModularCodeGenTest_A1_profile.class
-rw-rw-r-- 1 travis travis  1394 Jun  1 21:06 ModularCodeGenTest_A1_profile.java
-rw-rw-r-- 1 travis travis   432 Jun  1 21:07 Token.class
-rw-rw-r-- 1 travis travis   251 Jun  1 21:07 Token.java
warning: Supported source version 'RELEASE_6' from annotation processor 'org.netbeans.modules.openide.util.NbBundleProcessor' less than -source '1.8'
warning: Supported source version 'RELEASE_6' from annotation processor 'org.netbeans.modules.openide.util.URLStreamHandlerRegistrationProcessor' less than -source '1.8'
warning: Supported source version 'RELEASE_6' from annotation processor 'org.netbeans.modules.openide.util.ServiceProviderProcessor' less than -source '1.8'
3 warnings
All Done
Writing ModularCodeGen3_A2_B2.java in file:/home/travis/cg/ (9958 characters)
Reading "ptolemy/cg/kernel/generic/program/procedural/java/modular/makefile.in",
    writing "/home/travis/cg/ModularCodeGen3_A2_B2.mk"
Using ptolemy/cg/kernel/generic/program/procedural/java/modular/makefile.in
In "/home/travis/cg", about to execute:
    make -f ModularCodeGen3_A2_B2.mk
javac -classpath ".:.."    ModularCodeGen3_A2_B2.java
All Done
In "/home/travis/cg", about to execute:
    pwd
/home/travis/cg
In "/home/travis/cg", about to execute:
    ls -l
total 692
-rw-rw-r-- 1 travis travis  4895 Jun  1 21:06 CompiledCompositeActor_CompiledCompositeActor.class
-rw-rw-r-- 1 travis travis  1592 Jun  1 21:06 CompiledCompositeActor_CompiledCompositeActor$_CompiledCompositeActor_CompiledCompositeActor.class
-rw-rw-r-- 1 travis travis 13466 Jun  1 21:06 CompiledCompositeActor_CompiledCompositeActor.java
-rw-rw-r-- 1 travis travis  1593 Jun  1 21:06 CompiledCompositeActor_CompiledCompositeActor.mk
-rw-rw-r-- 1 travis travis  4457 Jun  1 21:06 JavaCompiledCompositeTest1_CompiledCompositeActor.class
-rw-rw-r-- 1 travis travis 11637 Jun  1 21:06 JavaCompiledCompositeTest1_CompiledCompositeActor.java
-rw-rw-r-- 1 travis travis  1198 Jun  1 21:06 JavaCompiledCompositeTest1_CompiledCompositeActor$_JavaCompiledCompositeTest1_CompiledCompositeActor.class
-rw-rw-r-- 1 travis travis  1625 Jun  1 21:06 JavaCompiledCompositeTest1_CompiledCompositeActor.mk
-rw-rw-r-- 1 travis travis  4888 Jun  1 21:06 JavaCompiledCompositeTest2_CompiledCompositeActor.class
-rw-rw-r-- 1 travis travis 14919 Jun  1 21:06 JavaCompiledCompositeTest2_CompiledCompositeActor.java
-rw-rw-r-- 1 travis travis  1793 Jun  1 21:06 JavaCompiledCompositeTest2_CompiledCompositeActor$_JavaCompiledCompositeTest2_CompiledCompositeActor.class
-rw-rw-r-- 1 travis travis  1625 Jun  1 21:06 JavaCompiledCompositeTest2_CompiledCompositeActor.mk
-rw-rw-r-- 1 travis travis  4505 Jun  1 21:06 JavaCompiledCompositeTest3_CompiledCompositeActor.class
-rw-rw-r-- 1 travis travis 13080 Jun  1 21:06 JavaCompiledCompositeTest3_CompiledCompositeActor.java
-rw-rw-r-- 1 travis travis  1378 Jun  1 21:06 JavaCompiledCompositeTest3_CompiledCompositeActor$_JavaCompiledCompositeTest3_CompiledCompositeActor.class
-rw-rw-r-- 1 travis travis  1625 Jun  1 21:06 JavaCompiledCompositeTest3_CompiledCompositeActor.mk
-rw-rw-r-- 1 travis travis  3953 Jun  1 21:06 JavaCompiledCompositeTest4_CompiledCompositeActor.class
-rw-rw-r-- 1 travis travis  9687 Jun  1 21:06 JavaCompiledCompositeTest4_CompiledCompositeActor.java
-rw-rw-r-- 1 travis travis   857 Jun  1 21:06 JavaCompiledCompositeTest4_CompiledCompositeActor$_JavaCompiledCompositeTest4_CompiledCompositeActor.class
-rw-rw-r-- 1 travis travis  1625 Jun  1 21:06 JavaCompiledCompositeTest4_CompiledCompositeActor.mk
-rw-rw-r-- 1 travis travis  3693 Jun  1 21:06 ModularCG_A1_B1.class
In "/home/travis/cg", about to execute:
-rw-rw-r-- 1 travis travis  9730 Jun  1 21:06 ModularCG_A1_B1.java
-rw-rw-r-- 1 travis travis   832 Jun  1 21:06 ModularCG_A1_B1.mk
-rw-rw-r-- 1 travis travis  1318 Jun  1 21:06 ModularCG_A1_B1_profile.class
-rw-rw-r-- 1 travis travis  1262 Jun  1 21:06 ModularCG_A1_B1_profile.java
-rw-rw-r-- 1 travis travis  3693 Jun  1 21:06 ModularCG_A1_B2.class
-rw-rw-r-- 1 travis travis  9730 Jun  1 21:06 ModularCG_A1_B2.java
-rw-rw-r-- 1 travis travis   832 Jun  1 21:06 ModularCG_A1_B2.mk
-rw-rw-r-- 1 travis travis  1318 Jun  1 21:06 ModularCG_A1_B2_profile.class
-rw-rw-r-- 1 travis travis  1262 Jun  1 21:06 ModularCG_A1_B2_profile.java
-rw-rw-r-- 1 travis travis  4799 Jun  1 21:06 ModularCG_A1.class
-rw-rw-r-- 1 travis travis 14742 Jun  1 21:06 ModularCG_A1.java
-rw-rw-r-- 1 travis travis   808 Jun  1 21:06 ModularCG_A1.mk
-rw-rw-r-- 1 travis travis  1433 Jun  1 21:06 ModularCG_A1_profile.class
-rw-rw-r-- 1 travis travis  1704 Jun  1 21:06 ModularCG_A1_profile.java
-rw-rw-r-- 1 travis travis  3827 Jun  1 21:06 ModularCG_A2_B1.class
-rw-rw-r-- 1 travis travis 10667 Jun  1 21:06 ModularCG_A2_B1.java
-rw-rw-r-- 1 travis travis   832 Jun  1 21:06 ModularCG_A2_B1.mk
-rw-rw-r-- 1 travis travis  1381 Jun  1 21:06 ModularCG_A2_B1_profile.class
-rw-rw-r-- 1 travis travis  1446 Jun  1 21:06 ModularCG_A2_B1_profile.java
-rw-rw-r-- 1 travis travis  3693 Jun  1 21:06 ModularCG_A2_B2.class
-rw-rw-r-- 1 travis travis  9730 Jun  1 21:06 ModularCG_A2_B2.java
-rw-rw-r-- 1 travis travis   832 Jun  1 21:06 ModularCG_A2_B2.mk
-rw-rw-r-- 1 travis travis  1318 Jun  1 21:06 ModularCG_A2_B2_profile.class
    javac -classpath
.:/home/travis/build/icyphy/ptII:/home/travis/build/icyphy/ptII/lib/bsh-2.0b4.j
ar:/home/travis/build/icyphy/ptII/lib/ptCal.jar:/home/travis/build/icyphy/ptII/
lib/java_cup.jar:/home/travis/build/icyphy/ptII/lib/saxon8.jar:/home/travis/bui
ld/icyphy/ptII/lib/saxon8-dom.jar:/home/travis/build/icyphy/ptII/lib/chic.jar:/
home/travis/build/icyphy/ptII/lib/ptcolt.jar:/usr/lib/jvm/java-8-oracle/lib/too
ls.jar:/usr/lib/eclipse/plugins/org.eclipse.jdt.core_3.8.2.dist.jar:/usr/lib/ec
lipse/plugins/org.eclipse.core.runtime_3.8.0.dist.jar:/usr/lib/eclipse/plugins/
org.eclipse.osgi_3.8.1.dist.jar:/usr/lib/eclipse/plugins/org.eclipse.core.resou
rces_3.8.1.dist.jar:/usr/lib/eclipse/plugins/org.eclipse.equinox.common_3.6.100
.dist.jar:/usr/lib/eclipse/plugins/org.eclipse.core.jobs_3.5.200.dist.jar:/usr/
lib/eclipse/plugins/org.eclipse.core.contenttype_3.4.200.dist.jar:/usr/lib/ecli
pse/plugins/org.eclipse.equinox.preferences_3.5.0.dist.jar:/usr/lib/eclipse/plu
gins/org.eclipse.text_3.5.200.dist.jar:/usr/lib/eclipse/plugins/org.eclipse.ui.
workbench_3.8.1.dist.jar:/usr/lib/eclipse/plugins/org.eclipse.jface_3.8.0.dist.
jar:/usr/lib/eclipse/plugins/org.eclipse.swt_3.8.2.jar:/usr/lib/eclipse/plugins
/org.eclipse.jface.text_3.8.1.dist.jar:/usr/lib/eclipse/plugins/org.eclipse.ui.
workbench.texteditor_3.8.0.dist.jar:/usr/lib/eclipse/plugins/org.eclipse.ui.edi
tors_3.8.0.dist.jar:/usr/lib/eclipse/plugins/org.eclipse.core.commands_3.6.1.di
st.jar:/usr/lib/eclipse/plugins/org.eclipse.equinox.registry_3.5.200.dist.jar:/
usr/lib/eclipse/plugins/org.eclipse.ui.console_3.5.100.dist.jar:/usr/lib/eclips
e/plugins/org.eclipse.ui.forms_3.5.200.dist.jar:/usr/lib/eclipse/plugins/org.ec
lipse.ui.ide_3.8.1.dist.jar:/home/travis/build/icyphy/ptII/vendors/oracle/dbxml
.jar:/home/travis/build/icyphy/ptII/vendors/oracle/db.jar:/home/travis/build/ic
yphy/ptII/vendors/misc/itext/iText.jar:/home/travis/build/icyphy/ptII/lib/g4ltl
.jar:/home/travis/build/icyphy/ptII/lib/StructuralCoder.jar:/home/travis/build/
icyphy/ptII/lib/org-openide-util.jar:/home/travis/build/icyphy/ptII/lib/org-ope
nide-util-lookup.jar:/home/travis/build/icyphy/ptII/lib/org-netbeans-api-visual
.jar:/home/travis/build/icyphy/ptII/vendors/jai-1_1_2_01/lib/jai_core.jar:/home
/travis/build/icyphy/ptII/vendors/jai-1_1_2_01/lib/jai_codec.jar:/home/travis/b
uild/icyphy/ptII/lib/jcerti.jar:/home/travis/build/icyphy/ptII/lib/smack.jar:/h
ome/travis/build/icyphy/ptII/lib/smackx.jar:/home/travis/build/icyphy/ptII/lib/
jetty-all-8.1.5-v20120716.jar:/home/travis/build/icyphy/ptII/lib/javax.servlet-
api-3.0.1.jar:/home/travis/build/icyphy/ptII/lib/javax.mail.jar:/home/travis/bu
ild/icyphy/ptII/vendors/JMF-2.1.1e/lib/jmf.jar:/home/travis/build/icyphy/ptII/l
ib/jna-4.0.0-variadic.jar:/home/travis/build/icyphy/ptII/vendors/misc/joystick/
Joystick.jar:/home/travis/build/icyphy/ptII/lib/ptjacl.jar:/home/travis/build/i
cyphy/ptII/lib/jsoup-1.8.2.jar:/home/travis/build/icyphy/ptII/lib/junit-4.8.2.j
ar:/home/travis/build/icyphy/ptII/lib/JUnitParams-0.4.0.jar:/home/travis/build/
icyphy/ptII/ptolemy/actor/lib/excel/jxl.jar:/home/travis/build/icyphy/ptII/lib/
jython.jar:/home/travis/build/icyphy/ptII/lib/kieler.jar:/home/travis/build/icy
phy/ptII/vendors/opencv/share/OpenCV/java/opencv-341.jar:/home/travis/build/icy
phy/ptII/lib/oscP5.jar:/home/travis/build/icyphy/ptII/lib/nrjavaserial-3.11.0.d
evel.jar:/usr/share/java/j3dcore.jar:/usr/share/java/j3dutils.jar:/usr/share/ja
va/vecmath.jar:/home/travis/build/icyphy/ptII/ptolemy/distributed/jini/jar/jini
-core.jar:/home/travis/build/icyphy/ptII/ptolemy/distributed/jini/jar/jini-ext.
jar:/home/travis/build/icyphy/ptII/ptolemy/distributed/jini/jar/sun-util.jar:/h
ome/travis/build/icyphy/ptII/lib/protobuf-java-2.4.1.jar:/home/travis/build/icy
phy/ptII/lib/org.eclipse.paho.client.mqttv3.jar:/home/travis/build/icyphy/ptII/
ptserver/lib/hessian-4.0.7.jar:/home/travis/build/icyphy/ptII/ptserver/lib/wmqt
t.jar:/home/travis/build/icyphy/ptII/lib/mapss.jar:/home/travis/build/icyphy/pt
II/ptolemy/actor/ptalon/antlr/antlr.jar:/home/travis/build/icyphy/ptII/lib/JRI.
jar:/home/travis/build/icyphy/ptII/lib/commons-lang-2.6.jar:/home/travis/build/
icyphy/ptII/lib/commons-logging-1.1.1.jar:/home/travis/build/icyphy/ptII/lib/so
otclasses.jar:/home/travis/build/icyphy/ptII/ptolemy/actor/lib/database/mysql-c
onnector-java-5.1.6-bin.jar:/home/travis/build/icyphy/ptII/vendors/misc/sphinx4
/sphinx4-data-5prealpha.jar:/home/travis/build/icyphy/ptII/vendors/misc/sphinx4
/sphinx4-core-5prealpha.jar:/home/travis/build/icyphy/ptII/lib/PDFRenderer.jar:
/home/travis/build/icyphy/ptII/lib/svgSalamander.jar:/home/travis/build/icyphy/
ptII/lib/rsyntaxtextarea-2.6.0-SNAPSHOT.jar:/home/travis/build/icyphy/ptII/lib/
hazelcast-3.8.2.jar:/home/travis/build/icyphy/ptII/lib/jackson-annotations-2.9.
0.jar:/home/travis/build/icyphy/ptII/lib/jackson-core-2.9.3.jar:/home/travis/bu
ild/icyphy/ptII/lib/jackson-databind-2.9.3.jar:/home/travis/build/icyphy/ptII/l
ib/netty-buffer-4.1.19.Final.jar:/home/travis/build/icyphy/ptII/lib/netty-codec
-4.1.19.Final.jar:/home/travis/build/icyphy/ptII/lib/netty-codec-dns-4.1.19.Fin
al.jar:/home/travis/build/icyphy/ptII/lib/netty-codec-http-4.1.19.Final.jar:/ho
me/travis/build/icyphy/ptII/lib/netty-codec-http2-4.1.19.Final.jar:/home/travis
/build/icyphy/ptII/lib/netty-common-4.1.19.Final.jar:/home/travis/build/icyphy/
ptII/lib/netty-handler-4.1.19.Final.jar:/home/travis/build/icyphy/ptII/lib/nett
y-resolver-4.1.19.Final.jar:/home/travis/build/icyphy/ptII/lib/netty-resolver-d
ns-4.1.19.Final.jar:/home/travis/build/icyphy/ptII/lib/netty-transport-4.1.19.F
inal.jar:/home/travis/build/icyphy/ptII/lib/vertx-codegen-3.5.1.jar:/home/travi
s/build/icyphy/ptII/lib/vertx-core-3.5.2-SNAPSHOT.jar:/home/travis/build/icyphy
/ptII/lib/vertx-hazelcast-3.5.1.jar:/home/travis/build/icyphy/ptII/lib/vertx-la
ng-js-3.5.1.jar:/home/travis/build/icyphy/ptII/lib/vertx-service-proxy-3.5.1.ja
r:/home/travis/build/icyphy/ptII/lib/vertx-web-3.5.1.jar:/home/travis/build/icy
phy/ptII/lib/slf4j-api-1.7.13.jar:/home/travis/build/icyphy/ptII/lib/slf4j-simp
le-1.7.13.jar:/home/travis/build/icyphy/ptII/lib/webcam-capture-0.3.12.jar:/hom
e/travis/build/icyphy/ptII/lib/bridj-0.7.0.jar:/home/travis/build/icyphy/ptII/l
ib/xbjlib-1.1.0.nrjavaserial.jar:/home/travis/build/icyphy/ptII/ptolemy/moml/te
st:/home/travis/build/icyphy/ptII/ant/lib/ant-launcher.jar:/home/travis/build/i
cyphy/ptII/ant/lib/ant.jar:/home/travis/build/icyphy/ptII/ant/lib/ant-junit.jar
:/home/travis/build/icyphy/ptII/ant/lib/ant-junit4.jar:/home/travis/build/icyph
y/ptII ModularCodeGen3_A2_profile.java
-rw-rw-r-- 1 travis travis  1262 Jun  1 21:06 ModularCG_A2_B2_profile.java
-rw-rw-r-- 1 travis travis  4870 Jun  1 21:06 ModularCG_A2.class
-rw-rw-r-- 1 travis travis 15129 Jun  1 21:06 ModularCG_A2.java
-rw-rw-r-- 1 travis travis   808 Jun  1 21:06 ModularCG_A2.mk
-rw-rw-r-- 1 travis travis  1433 Jun  1 21:06 ModularCG_A2_profile.class
-rw-rw-r-- 1 travis travis  1704 Jun  1 21:06 ModularCG_A2_profile.java
-rw-rw-r-- 1 travis travis  3473 Jun  1 21:06 ModularCGPubSub_A1_A2.class
-rw-rw-r-- 1 travis travis  9076 Jun  1 21:06 ModularCGPubSub_A1_A2.java
-rw-rw-r-- 1 travis travis   880 Jun  1 21:06 ModularCGPubSub_A1_A2.mk
-rw-rw-r-- 1 travis travis  1300 Jun  1 21:06 ModularCGPubSub_A1_A2_profile.class
-rw-rw-r-- 1 travis travis  1222 Jun  1 21:06 ModularCGPubSub_A1_A2_profile.java
-rw-rw-r-- 1 travis travis  3790 Jun  1 21:06 ModularCGPubSub_A1.class
-rw-rw-r-- 1 travis travis  9836 Jun  1 21:06 ModularCGPubSub_A1.java
-rw-rw-r-- 1 travis travis   856 Jun  1 21:06 ModularCGPubSub_A1.mk
-rw-rw-r-- 1 travis travis  1346 Jun  1 21:06 ModularCGPubSub_A1_profile.class
-rw-rw-r-- 1 travis travis  1388 Jun  1 21:06 ModularCGPubSub_A1_profile.java
-rw-rw-r-- 1 travis travis  3988 Jun  1 21:06 ModularCodeGen2_ModularCodeGenTypedCompositeActor.class
-rw-rw-r-- 1 travis travis 11690 Jun  1 21:06 ModularCodeGen2_ModularCodeGenTypedCompositeActor.java
-rw-rw-r-- 1 travis travis  1104 Jun  1 21:06 ModularCodeGen2_ModularCodeGenTypedCompositeActor.mk
-rw-rw-r-- 1 travis travis  4272 Jun  1 21:06 ModularCodeGen2_ModularCodeGenTypedCompositeActor_ModularCodeGenTypedCompositeActor.class
-rw-rw-r-- 1 travis travis 11790 Jun  1 21:06 ModularCodeGen2_ModularCodeGenTypedCompositeActor_ModularCodeGenTypedCompositeActor.java
-rw-rw-r-- 1 travis travis  1376 Jun  1 21:06 ModularCodeGen2_ModularCodeGenTypedCompositeActor_ModularCodeGenTypedCompositeActor.mk
-rw-rw-r-- 1 travis travis  1421 Jun  1 21:06 ModularCodeGen2_ModularCodeGenTypedCompositeActor_ModularCodeGenTypedCompositeActor_profile.class
-rw-rw-r-- 1 travis travis  1294 Jun  1 21:06 ModularCodeGen2_ModularCodeGenTypedCompositeActor_ModularCodeGenTypedCompositeActor_profile.java
-rw-rw-r-- 1 travis travis   820 Jun  1 21:06 ModularCodeGen2_ModularCodeGenTypedCompositeActor_profile.class
-rw-rw-r-- 1 travis travis   693 Jun  1 21:06 ModularCodeGen2_ModularCodeGenTypedCompositeActor_profile.java
-rw-rw-r-- 1 travis travis  3741 Jun  1 21:06 ModularCodeGen3_A1_B1.class
-rw-rw-r-- 1 travis travis  9958 Jun  1 21:06 ModularCodeGen3_A1_B1.java
-rw-rw-r-- 1 travis travis   880 Jun  1 21:06 ModularCodeGen3_A1_B1.mk
-rw-rw-r-- 1 travis travis  1330 Jun  1 21:06 ModularCodeGen3_A1_B1_profile.class
-rw-rw-r-- 1 travis travis  1274 Jun  1 21:06 ModularCodeGen3_A1_B1_profile.java
-rw-rw-r-- 1 travis travis  3741 Jun  1 21:06 ModularCodeGen3_A1_B2.class
-rw-rw-r-- 1 travis travis  9958 Jun  1 21:06 ModularCodeGen3_A1_B2.java
-rw-rw-r-- 1 travis travis   880 Jun  1 21:06 ModularCodeGen3_A1_B2.mk
-rw-rw-r-- 1 travis travis  1330 Jun  1 21:06 ModularCodeGen3_A1_B2_profile.class
-rw-rw-r-- 1 travis travis  1274 Jun  1 21:06 ModularCodeGen3_A1_B2_profile.java
-rw-rw-r-- 1 travis travis  4961 Jun  1 21:07 ModularCodeGen3_A1.class
-rw-rw-r-- 1 travis travis 15564 Jun  1 21:06 ModularCodeGen3_A1.java
-rw-rw-r-- 1 travis travis   856 Jun  1 21:06 ModularCodeGen3_A1.mk
-rw-rw-r-- 1 travis travis  1445 Jun  1 21:06 ModularCodeGen3_A1_profile.class
-rw-rw-r-- 1 travis travis  1716 Jun  1 21:06 ModularCodeGen3_A1_profile.java
-rw-rw-r-- 1 travis travis  3887 Jun  1 21:07 ModularCodeGen3_A2_B1.class
-rw-rw-r-- 1 travis travis 10955 Jun  1 21:07 ModularCodeGen3_A2_B1.java
-rw-rw-r-- 1 travis travis   880 Jun  1 21:07 ModularCodeGen3_A2_B1.mk
-rw-rw-r-- 1 travis travis  1393 Jun  1 21:07 ModularCodeGen3_A2_B1_profile.class
-rw-rw-r-- 1 travis travis  1458 Jun  1 21:07 ModularCodeGen3_A2_B1_profile.java
-rw-rw-r-- 1 travis travis  3741 Jun  1 21:07 ModularCodeGen3_A2_B2.class
-rw-rw-r-- 1 travis travis  9958 Jun  1 21:07 ModularCodeGen3_A2_B2.java
-rw-rw-r-- 1 travis travis   880 Jun  1 21:07 ModularCodeGen3_A2_B2.mk
-rw-rw-r-- 1 travis travis  1330 Jun  1 21:07 ModularCodeGen3_A2_B2_profile.class
-rw-rw-r-- 1 travis travis  1274 Jun  1 21:07 ModularCodeGen3_A2_B2_profile.java
-rw-rw-r-- 1 travis travis  1716 Jun  1 21:07 ModularCodeGen3_A2_profile.java
-rw-rw-r-- 1 travis travis  3954 Jun  1 21:06 ModularCodeGen_ModularCodeGenTypedCompositeActor.class
-rw-rw-r-- 1 travis travis 10970 Jun  1 21:06 ModularCodeGen_ModularCodeGenTypedCompositeActor.java
-rw-rw-r-- 1 travis travis  1096 Jun  1 21:06 ModularCodeGen_ModularCodeGenTypedCompositeActor.mk
-rw-rw-r-- 1 travis travis  1384 Jun  1 21:06 ModularCodeGen_ModularCodeGenTypedCompositeActor_profile.class
-rw-rw-r-- 1 travis travis  1328 Jun  1 21:06 ModularCodeGen_ModularCodeGenTypedCompositeActor_profile.java
-rw-rw-r-- 1 travis travis  3492 Jun  1 21:06 ModularCodeGenTest_A1_A2.class
-rw-rw-r-- 1 travis travis  9164 Jun  1 21:06 ModularCodeGenTest_A1_A2.java
-rw-rw-r-- 1 travis travis   904 Jun  1 21:06 ModularCodeGenTest_A1_A2.mk
-rw-rw-r-- 1 travis travis  1306 Jun  1 21:06 ModularCodeGenTest_A1_A2_profile.class
-rw-rw-r-- 1 travis travis  1228 Jun  1 21:06 ModularCodeGenTest_A1_A2_profile.java
-rw-rw-r-- 1 travis travis  3823 Jun  1 21:06 ModularCodeGenTest_A1.class
-rw-rw-r-- 1 travis travis  9968 Jun  1 21:06 ModularCodeGenTest_A1.java
-rw-rw-r-- 1 travis travis   880 Jun  1 21:06 ModularCodeGenTest_A1.mk
-rw-rw-r-- 1 travis travis  1352 Jun  1 21:06 ModularCodeGenTest_A1_profile.class
-rw-rw-r-- 1 travis travis  1394 Jun  1 21:06 ModularCodeGenTest_A1_profile.java
-rw-rw-r-- 1 travis travis   432 Jun  1 21:07 Token.class
-rw-rw-r-- 1 travis travis   251 Jun  1 21:07 Token.java
warning: Supported source version 'RELEASE_6' from annotation processor 'org.netbeans.modules.openide.util.NbBundleProcessor' less than -source '1.8'
warning: Supported source version 'RELEASE_6' from annotation processor 'org.netbeans.modules.openide.util.URLStreamHandlerRegistrationProcessor' less than -source '1.8'
warning: Supported source version 'RELEASE_6' from annotation processor 'org.netbeans.modules.openide.util.ServiceProviderProcessor' less than -source '1.8'
3 warnings
All Done
Writing ModularCodeGen3_A2.java in file:/home/travis/cg/ (15957 characters)
Reading "ptolemy/cg/kernel/generic/program/procedural/java/modular/makefile.in",
    writing "/home/travis/cg/ModularCodeGen3_A2.mk"
Using ptolemy/cg/kernel/generic/program/procedural/java/modular/makefile.in
In "/home/travis/cg", about to execute:
    make -f ModularCodeGen3_A2.mk
javac -classpath ".:.."    ModularCodeGen3_A2.java
All Done
Manager.initialize() finished: 14472 ms. Memory: 229376K Free: 83160K (36%)
14475 ms. Memory: 229376K Free: 83160K (36%)
----------------- Invoking toplevel() on ptolemy.moml.MoMLSimpleApplication@6e7c1fdf
----------------- Done invoking toplevel() on ptolemy.moml.MoMLSimpleApplication@6e7c1fdf
reloadAllAccessors: .ModularCodeGen3

===========================================================================================
----------------- testing Fri Jun 01 21:07:07 UTC 2018 /home/travis/build/icyphy/ptII/ptolemy/cg/lib/test/auto/ModularCodeGen4.xml
----------------- Instantiating /home/travis/build/icyphy/ptII/ptolemy/cg/lib/test/auto/ModularCodeGen4.xml
In "/home/travis/cg", about to execute:
    pwd
/home/travis/cg
In "/home/travis/cg", about to execute:
    ls -l
In "/home/travis/cg", about to execute:
    javac -classpath
.:/home/travis/build/icyphy/ptII:/home/travis/build/icyphy/ptII/lib/bsh-2.0b4.j
ar:/home/travis/build/icyphy/ptII/lib/ptCal.jar:/home/travis/build/icyphy/ptII/
lib/java_cup.jar:/home/travis/build/icyphy/ptII/lib/saxon8.jar:/home/travis/bui
ld/icyphy/ptII/lib/saxon8-dom.jar:/home/travis/build/icyphy/ptII/lib/chic.jar:/
home/travis/build/icyphy/ptII/lib/ptcolt.jar:/usr/lib/jvm/java-8-oracle/lib/too
ls.jar:/usr/lib/eclipse/plugins/org.eclipse.jdt.core_3.8.2.dist.jar:/usr/lib/ec
lipse/plugins/org.eclipse.core.runtime_3.8.0.dist.jar:/usr/lib/eclipse/plugins/
org.eclipse.osgi_3.8.1.dist.jar:/usr/lib/eclipse/plugins/org.eclipse.core.resou
rces_3.8.1.dist.jar:/usr/lib/eclipse/plugins/org.eclipse.equinox.common_3.6.100
.dist.jar:/usr/lib/eclipse/plugins/org.eclipse.core.jobs_3.5.200.dist.jar:/usr/
lib/eclipse/plugins/org.eclipse.core.contenttype_3.4.200.dist.jar:/usr/lib/ecli
pse/plugins/org.eclipse.equinox.preferences_3.5.0.dist.jar:/usr/lib/eclipse/plu
gins/org.eclipse.text_3.5.200.dist.jar:/usr/lib/eclipse/plugins/org.eclipse.ui.
workbench_3.8.1.dist.jar:/usr/lib/eclipse/plugins/org.eclipse.jface_3.8.0.dist.
jar:/usr/lib/eclipse/plugins/org.eclipse.swt_3.8.2.jar:/usr/lib/eclipse/plugins
/org.eclipse.jface.text_3.8.1.dist.jar:/usr/lib/eclipse/plugins/org.eclipse.ui.
workbench.texteditor_3.8.0.dist.jar:/usr/lib/eclipse/plugins/org.eclipse.ui.edi
tors_3.8.0.dist.jar:/usr/lib/eclipse/plugins/org.eclipse.core.commands_3.6.1.di
st.jar:/usr/lib/eclipse/plugins/org.eclipse.equinox.registry_3.5.200.dist.jar:/
usr/lib/eclipse/plugins/org.eclipse.ui.console_3.5.100.dist.jar:/usr/lib/eclips
e/plugins/org.eclipse.ui.forms_3.5.200.dist.jar:/usr/lib/eclipse/plugins/org.ec
lipse.ui.ide_3.8.1.dist.jar:/home/travis/build/icyphy/ptII/vendors/oracle/dbxml
.jar:/home/travis/build/icyphy/ptII/vendors/oracle/db.jar:/home/travis/build/ic
yphy/ptII/vendors/misc/itext/iText.jar:/home/travis/build/icyphy/ptII/lib/g4ltl
.jar:/home/travis/build/icyphy/ptII/lib/StructuralCoder.jar:/home/travis/build/
icyphy/ptII/lib/org-openide-util.jar:/home/travis/build/icyphy/ptII/lib/org-ope
nide-util-lookup.jar:/home/travis/build/icyphy/ptII/lib/org-netbeans-api-visual
.jar:/home/travis/build/icyphy/ptII/vendors/jai-1_1_2_01/lib/jai_core.jar:/home
/travis/build/icyphy/ptII/vendors/jai-1_1_2_01/lib/jai_codec.jar:/home/travis/b
uild/icyphy/ptII/lib/jcerti.jar:/home/travis/build/icyphy/ptII/lib/smack.jar:/h
ome/travis/build/icyphy/ptII/lib/smackx.jar:/home/travis/build/icyphy/ptII/lib/
jetty-all-8.1.5-v20120716.jar:/home/travis/build/icyphy/ptII/lib/javax.servlet-
api-3.0.1.jar:/home/travis/build/icyphy/ptII/lib/javax.mail.jar:/home/travis/bu
ild/icyphy/ptII/vendors/JMF-2.1.1e/lib/jmf.jar:/home/travis/build/icyphy/ptII/l
ib/jna-4.0.0-variadic.jar:/home/travis/build/icyphy/ptII/vendors/misc/joystick/
Joystick.jar:/home/travis/build/icyphy/ptII/lib/ptjacl.jar:/home/travis/build/i
cyphy/ptII/lib/jsoup-1.8.2.jar:/home/travis/build/icyphy/ptII/lib/junit-4.8.2.j
ar:/home/travis/build/icyphy/ptII/lib/JUnitParams-0.4.0.jar:/home/travis/build/
icyphy/ptII/ptolemy/actor/lib/excel/jxl.jar:/home/travis/build/icyphy/ptII/lib/
jython.jar:/home/travis/build/icyphy/ptII/lib/kieler.jar:/home/travis/build/icy
phy/ptII/vendors/opencv/share/OpenCV/java/opencv-341.jar:/home/travis/build/icy
phy/ptII/lib/oscP5.jar:/home/travis/build/icyphy/ptII/lib/nrjavaserial-3.11.0.d
evel.jar:/usr/share/java/j3dcore.jar:/usr/share/java/j3dutils.jar:/usr/share/ja
va/vecmath.jar:/home/travis/build/icyphy/ptII/ptolemy/distributed/jini/jar/jini
-core.jar:/home/travis/build/icyphy/ptII/ptolemy/distributed/jini/jar/jini-ext.
jar:/home/travis/build/icyphy/ptII/ptolemy/distributed/jini/jar/sun-util.jar:/h
ome/travis/build/icyphy/ptII/lib/protobuf-java-2.4.1.jar:/home/travis/build/icy
phy/ptII/lib/org.eclipse.paho.client.mqttv3.jar:/home/travis/build/icyphy/ptII/
ptserver/lib/hessian-4.0.7.jar:/home/travis/build/icyphy/ptII/ptserver/lib/wmqt
t.jar:/home/travis/build/icyphy/ptII/lib/mapss.jar:/home/travis/build/icyphy/pt
II/ptolemy/actor/ptalon/antlr/antlr.jar:/home/travis/build/icyphy/ptII/lib/JRI.
jar:/home/travis/build/icyphy/ptII/lib/commons-lang-2.6.jar:/home/travis/build/
icyphy/ptII/lib/commons-logging-1.1.1.jar:/home/travis/build/icyphy/ptII/lib/so
otclasses.jar:/home/travis/build/icyphy/ptII/ptolemy/actor/lib/database/mysql-c
onnector-java-5.1.6-bin.jar:/home/travis/build/icyphy/ptII/vendors/misc/sphinx4
/sphinx4-data-5prealpha.jar:/home/travis/build/icyphy/ptII/vendors/misc/sphinx4
/sphinx4-core-5prealpha.jar:/home/travis/build/icyphy/ptII/lib/PDFRenderer.jar:
/home/travis/build/icyphy/ptII/lib/svgSalamander.jar:/home/travis/build/icyphy/
ptII/lib/rsyntaxtextarea-2.6.0-SNAPSHOT.jar:/home/travis/build/icyphy/ptII/lib/
hazelcast-3.8.2.jar:/home/travis/build/icyphy/ptII/lib/jackson-annotations-2.9.
0.jar:/home/travis/build/icyphy/ptII/lib/jackson-core-2.9.3.jar:/home/travis/bu
ild/icyphy/ptII/lib/jackson-databind-2.9.3.jar:/home/travis/build/icyphy/ptII/l
ib/netty-buffer-4.1.19.Final.jar:/home/travis/build/icyphy/ptII/lib/netty-codec
-4.1.19.Final.jar:/home/travis/build/icyphy/ptII/lib/netty-codec-dns-4.1.19.Fin
al.jar:/home/travis/build/icyphy/ptII/lib/netty-codec-http-4.1.19.Final.jar:/ho
me/travis/build/icyphy/ptII/lib/netty-codec-http2-4.1.19.Final.jar:/home/travis
/build/icyphy/ptII/lib/netty-common-4.1.19.Final.jar:/home/travis/build/icyphy/
ptII/lib/netty-handler-4.1.19.Final.jar:/home/travis/build/icyphy/ptII/lib/nett
y-resolver-4.1.19.Final.jar:/home/travis/build/icyphy/ptII/lib/netty-resolver-d
ns-4.1.19.Final.jar:/home/travis/build/icyphy/ptII/lib/netty-transport-4.1.19.F
inal.jar:/home/travis/build/icyphy/ptII/lib/vertx-codegen-3.5.1.jar:/home/travi
s/build/icyphy/ptII/lib/vertx-core-3.5.2-SNAPSHOT.jar:/home/travis/build/icyphy
/ptII/lib/vertx-hazelcast-3.5.1.jar:/home/travis/build/icyphy/ptII/lib/vertx-la
ng-js-3.5.1.jar:/home/travis/build/icyphy/ptII/lib/vertx-service-proxy-3.5.1.ja
r:/home/travis/build/icyphy/ptII/lib/vertx-web-3.5.1.jar:/home/travis/build/icy
phy/ptII/lib/slf4j-api-1.7.13.jar:/home/travis/build/icyphy/ptII/lib/slf4j-simp
le-1.7.13.jar:/home/travis/build/icyphy/ptII/lib/webcam-capture-0.3.12.jar:/hom
e/travis/build/icyphy/ptII/lib/bridj-0.7.0.jar:/home/travis/build/icyphy/ptII/l
ib/xbjlib-1.1.0.nrjavaserial.jar:/home/travis/build/icyphy/ptII/ptolemy/moml/te
st:/home/travis/build/icyphy/ptII/ant/lib/ant-launcher.jar:/home/travis/build/i
cyphy/ptII/ant/lib/ant.jar:/home/travis/build/icyphy/ptII/ant/lib/ant-junit.jar
:/home/travis/build/icyphy/ptII/ant/lib/ant-junit4.jar:/home/travis/build/icyph
y/ptII ModularCodeGen4_A1_B1_profile.java
total 728
-rw-rw-r-- 1 travis travis  4895 Jun  1 21:06 CompiledCompositeActor_CompiledCompositeActor.class
-rw-rw-r-- 1 travis travis  1592 Jun  1 21:06 CompiledCompositeActor_CompiledCompositeActor$_CompiledCompositeActor_CompiledCompositeActor.class
-rw-rw-r-- 1 travis travis 13466 Jun  1 21:06 CompiledCompositeActor_CompiledCompositeActor.java
-rw-rw-r-- 1 travis travis  1593 Jun  1 21:06 CompiledCompositeActor_CompiledCompositeActor.mk
-rw-rw-r-- 1 travis travis  4457 Jun  1 21:06 JavaCompiledCompositeTest1_CompiledCompositeActor.class
-rw-rw-r-- 1 travis travis 11637 Jun  1 21:06 JavaCompiledCompositeTest1_CompiledCompositeActor.java
-rw-rw-r-- 1 travis travis  1198 Jun  1 21:06 JavaCompiledCompositeTest1_CompiledCompositeActor$_JavaCompiledCompositeTest1_CompiledCompositeActor.class
-rw-rw-r-- 1 travis travis  1625 Jun  1 21:06 JavaCompiledCompositeTest1_CompiledCompositeActor.mk
-rw-rw-r-- 1 travis travis  4888 Jun  1 21:06 JavaCompiledCompositeTest2_CompiledCompositeActor.class
-rw-rw-r-- 1 travis travis 14919 Jun  1 21:06 JavaCompiledCompositeTest2_CompiledCompositeActor.java
-rw-rw-r-- 1 travis travis  1793 Jun  1 21:06 JavaCompiledCompositeTest2_CompiledCompositeActor$_JavaCompiledCompositeTest2_CompiledCompositeActor.class
-rw-rw-r-- 1 travis travis  1625 Jun  1 21:06 JavaCompiledCompositeTest2_CompiledCompositeActor.mk
-rw-rw-r-- 1 travis travis  4505 Jun  1 21:06 JavaCompiledCompositeTest3_CompiledCompositeActor.class
-rw-rw-r-- 1 travis travis 13080 Jun  1 21:06 JavaCompiledCompositeTest3_CompiledCompositeActor.java
-rw-rw-r-- 1 travis travis  1378 Jun  1 21:06 JavaCompiledCompositeTest3_CompiledCompositeActor$_JavaCompiledCompositeTest3_CompiledCompositeActor.class
-rw-rw-r-- 1 travis travis  1625 Jun  1 21:06 JavaCompiledCompositeTest3_CompiledCompositeActor.mk
-rw-rw-r-- 1 travis travis  3953 Jun  1 21:06 JavaCompiledCompositeTest4_CompiledCompositeActor.class
-rw-rw-r-- 1 travis travis  9687 Jun  1 21:06 JavaCompiledCompositeTest4_CompiledCompositeActor.java
-rw-rw-r-- 1 travis travis   857 Jun  1 21:06 JavaCompiledCompositeTest4_CompiledCompositeActor$_JavaCompiledCompositeTest4_CompiledCompositeActor.class
-rw-rw-r-- 1 travis travis  1625 Jun  1 21:06 JavaCompiledCompositeTest4_CompiledCompositeActor.mk
-rw-rw-r-- 1 travis travis  3693 Jun  1 21:06 ModularCG_A1_B1.class
-rw-rw-r-- 1 travis travis  9730 Jun  1 21:06 ModularCG_A1_B1.java
-rw-rw-r-- 1 travis travis   832 Jun  1 21:06 ModularCG_A1_B1.mk
-rw-rw-r-- 1 travis travis  1318 Jun  1 21:06 ModularCG_A1_B1_profile.class
-rw-rw-r-- 1 travis travis  1262 Jun  1 21:06 ModularCG_A1_B1_profile.java
-rw-rw-r-- 1 travis travis  3693 Jun  1 21:06 ModularCG_A1_B2.class
-rw-rw-r-- 1 travis travis  9730 Jun  1 21:06 ModularCG_A1_B2.java
-rw-rw-r-- 1 travis travis   832 Jun  1 21:06 ModularCG_A1_B2.mk
-rw-rw-r-- 1 travis travis  1318 Jun  1 21:06 ModularCG_A1_B2_profile.class
-rw-rw-r-- 1 travis travis  1262 Jun  1 21:06 ModularCG_A1_B2_profile.java
-rw-rw-r-- 1 travis travis  4799 Jun  1 21:06 ModularCG_A1.class
-rw-rw-r-- 1 travis travis 14742 Jun  1 21:06 ModularCG_A1.java
-rw-rw-r-- 1 travis travis   808 Jun  1 21:06 ModularCG_A1.mk
-rw-rw-r-- 1 travis travis  1433 Jun  1 21:06 ModularCG_A1_profile.class
-rw-rw-r-- 1 travis travis  1704 Jun  1 21:06 ModularCG_A1_profile.java
-rw-rw-r-- 1 travis travis  3827 Jun  1 21:06 ModularCG_A2_B1.class
-rw-rw-r-- 1 travis travis 10667 Jun  1 21:06 ModularCG_A2_B1.java
-rw-rw-r-- 1 travis travis   832 Jun  1 21:06 ModularCG_A2_B1.mk
-rw-rw-r-- 1 travis travis  1381 Jun  1 21:06 ModularCG_A2_B1_profile.class
-rw-rw-r-- 1 travis travis  1446 Jun  1 21:06 ModularCG_A2_B1_profile.java
-rw-rw-r-- 1 travis travis  3693 Jun  1 21:06 ModularCG_A2_B2.class
-rw-rw-r-- 1 travis travis  9730 Jun  1 21:06 ModularCG_A2_B2.java
-rw-rw-r-- 1 travis travis   832 Jun  1 21:06 ModularCG_A2_B2.mk
-rw-rw-r-- 1 travis travis  1318 Jun  1 21:06 ModularCG_A2_B2_profile.class
-rw-rw-r-- 1 travis travis  1262 Jun  1 21:06 ModularCG_A2_B2_profile.java
-rw-rw-r-- 1 travis travis  4870 Jun  1 21:06 ModularCG_A2.class
-rw-rw-r-- 1 travis travis 15129 Jun  1 21:06 ModularCG_A2.java
-rw-rw-r-- 1 travis travis   808 Jun  1 21:06 ModularCG_A2.mk
-rw-rw-r-- 1 travis travis  1433 Jun  1 21:06 ModularCG_A2_profile.class
-rw-rw-r-- 1 travis travis  1704 Jun  1 21:06 ModularCG_A2_profile.java
-rw-rw-r-- 1 travis travis  3473 Jun  1 21:06 ModularCGPubSub_A1_A2.class
-rw-rw-r-- 1 travis travis  9076 Jun  1 21:06 ModularCGPubSub_A1_A2.java
-rw-rw-r-- 1 travis travis   880 Jun  1 21:06 ModularCGPubSub_A1_A2.mk
-rw-rw-r-- 1 travis travis  1300 Jun  1 21:06 ModularCGPubSub_A1_A2_profile.class
-rw-rw-r-- 1 travis travis  1222 Jun  1 21:06 ModularCGPubSub_A1_A2_profile.java
-rw-rw-r-- 1 travis travis  3790 Jun  1 21:06 ModularCGPubSub_A1.class
-rw-rw-r-- 1 travis travis  9836 Jun  1 21:06 ModularCGPubSub_A1.java
-rw-rw-r-- 1 travis travis   856 Jun  1 21:06 ModularCGPubSub_A1.mk
-rw-rw-r-- 1 travis travis  1346 Jun  1 21:06 ModularCGPubSub_A1_profile.class
-rw-rw-r-- 1 travis travis  1388 Jun  1 21:06 ModularCGPubSub_A1_profile.java
-rw-rw-r-- 1 travis travis  3988 Jun  1 21:06 ModularCodeGen2_ModularCodeGenTypedCompositeActor.class
-rw-rw-r-- 1 travis travis 11690 Jun  1 21:06 ModularCodeGen2_ModularCodeGenTypedCompositeActor.java
-rw-rw-r-- 1 travis travis  1104 Jun  1 21:06 ModularCodeGen2_ModularCodeGenTypedCompositeActor.mk
-rw-rw-r-- 1 travis travis  4272 Jun  1 21:06 ModularCodeGen2_ModularCodeGenTypedCompositeActor_ModularCodeGenTypedCompositeActor.class
-rw-rw-r-- 1 travis travis 11790 Jun  1 21:06 ModularCodeGen2_ModularCodeGenTypedCompositeActor_ModularCodeGenTypedCompositeActor.java
-rw-rw-r-- 1 travis travis  1376 Jun  1 21:06 ModularCodeGen2_ModularCodeGenTypedCompositeActor_ModularCodeGenTypedCompositeActor.mk
-rw-rw-r-- 1 travis travis  1421 Jun  1 21:06 ModularCodeGen2_ModularCodeGenTypedCompositeActor_ModularCodeGenTypedCompositeActor_profile.class
-rw-rw-r-- 1 travis travis  1294 Jun  1 21:06 ModularCodeGen2_ModularCodeGenTypedCompositeActor_ModularCodeGenTypedCompositeActor_profile.java
-rw-rw-r-- 1 travis travis   820 Jun  1 21:06 ModularCodeGen2_ModularCodeGenTypedCompositeActor_profile.class
-rw-rw-r-- 1 travis travis   693 Jun  1 21:06 ModularCodeGen2_ModularCodeGenTypedCompositeActor_profile.java
-rw-rw-r-- 1 travis travis  3741 Jun  1 21:06 ModularCodeGen3_A1_B1.class
-rw-rw-r-- 1 travis travis  9958 Jun  1 21:06 ModularCodeGen3_A1_B1.java
-rw-rw-r-- 1 travis travis   880 Jun  1 21:06 ModularCodeGen3_A1_B1.mk
-rw-rw-r-- 1 travis travis  1330 Jun  1 21:06 ModularCodeGen3_A1_B1_profile.class
-rw-rw-r-- 1 travis travis  1274 Jun  1 21:06 ModularCodeGen3_A1_B1_profile.java
-rw-rw-r-- 1 travis travis  3741 Jun  1 21:06 ModularCodeGen3_A1_B2.class
-rw-rw-r-- 1 travis travis  9958 Jun  1 21:06 ModularCodeGen3_A1_B2.java
-rw-rw-r-- 1 travis travis   880 Jun  1 21:06 ModularCodeGen3_A1_B2.mk
-rw-rw-r-- 1 travis travis  1330 Jun  1 21:06 ModularCodeGen3_A1_B2_profile.class
-rw-rw-r-- 1 travis travis  1274 Jun  1 21:06 ModularCodeGen3_A1_B2_profile.java
-rw-rw-r-- 1 travis travis  4961 Jun  1 21:07 ModularCodeGen3_A1.class
-rw-rw-r-- 1 travis travis 15564 Jun  1 21:06 ModularCodeGen3_A1.java
-rw-rw-r-- 1 travis travis   856 Jun  1 21:06 ModularCodeGen3_A1.mk
-rw-rw-r-- 1 travis travis  1445 Jun  1 21:06 ModularCodeGen3_A1_profile.class
-rw-rw-r-- 1 travis travis  1716 Jun  1 21:06 ModularCodeGen3_A1_profile.java
-rw-rw-r-- 1 travis travis  3887 Jun  1 21:07 ModularCodeGen3_A2_B1.class
-rw-rw-r-- 1 travis travis 10955 Jun  1 21:07 ModularCodeGen3_A2_B1.java
-rw-rw-r-- 1 travis travis   880 Jun  1 21:07 ModularCodeGen3_A2_B1.mk
-rw-rw-r-- 1 travis travis  1393 Jun  1 21:07 ModularCodeGen3_A2_B1_profile.class
-rw-rw-r-- 1 travis travis  1458 Jun  1 21:07 ModularCodeGen3_A2_B1_profile.java
-rw-rw-r-- 1 travis travis  3741 Jun  1 21:07 ModularCodeGen3_A2_B2.class
-rw-rw-r-- 1 travis travis  9958 Jun  1 21:07 ModularCodeGen3_A2_B2.java
-rw-rw-r-- 1 travis travis   880 Jun  1 21:07 ModularCodeGen3_A2_B2.mk
-rw-rw-r-- 1 travis travis  1330 Jun  1 21:07 ModularCodeGen3_A2_B2_profile.class
-rw-rw-r-- 1 travis travis  1274 Jun  1 21:07 ModularCodeGen3_A2_B2_profile.java
-rw-rw-r-- 1 travis travis  5038 Jun  1 21:07 ModularCodeGen3_A2.class
-rw-rw-r-- 1 travis travis 15957 Jun  1 21:07 ModularCodeGen3_A2.java
-rw-rw-r-- 1 travis travis   856 Jun  1 21:07 ModularCodeGen3_A2.mk
-rw-rw-r-- 1 travis travis  1445 Jun  1 21:07 ModularCodeGen3_A2_profile.class
-rw-rw-r-- 1 travis travis  1716 Jun  1 21:07 ModularCodeGen3_A2_profile.java
-rw-rw-r-- 1 travis travis  1273 Jun  1 21:07 ModularCodeGen4_A1_B1_profile.java
-rw-rw-r-- 1 travis travis  3954 Jun  1 21:06 ModularCodeGen_ModularCodeGenTypedCompositeActor.class
-rw-rw-r-- 1 travis travis 10970 Jun  1 21:06 ModularCodeGen_ModularCodeGenTypedCompositeActor.java
-rw-rw-r-- 1 travis travis  1096 Jun  1 21:06 ModularCodeGen_ModularCodeGenTypedCompositeActor.mk
-rw-rw-r-- 1 travis travis  1384 Jun  1 21:06 ModularCodeGen_ModularCodeGenTypedCompositeActor_profile.class
-rw-rw-r-- 1 travis travis  1328 Jun  1 21:06 ModularCodeGen_ModularCodeGenTypedCompositeActor_profile.java
-rw-rw-r-- 1 travis travis  3492 Jun  1 21:06 ModularCodeGenTest_A1_A2.class
-rw-rw-r-- 1 travis travis  9164 Jun  1 21:06 ModularCodeGenTest_A1_A2.java
-rw-rw-r-- 1 travis travis   904 Jun  1 21:06 ModularCodeGenTest_A1_A2.mk
-rw-rw-r-- 1 travis travis  1306 Jun  1 21:06 ModularCodeGenTest_A1_A2_profile.class
-rw-rw-r-- 1 travis travis  1228 Jun  1 21:06 ModularCodeGenTest_A1_A2_profile.java
-rw-rw-r-- 1 travis travis  3823 Jun  1 21:06 ModularCodeGenTest_A1.class
-rw-rw-r-- 1 travis travis  9968 Jun  1 21:06 ModularCodeGenTest_A1.java
-rw-rw-r-- 1 travis travis   880 Jun  1 21:06 ModularCodeGenTest_A1.mk
-rw-rw-r-- 1 travis travis  1352 Jun  1 21:06 ModularCodeGenTest_A1_profile.class
-rw-rw-r-- 1 travis travis  1394 Jun  1 21:06 ModularCodeGenTest_A1_profile.java
-rw-rw-r-- 1 travis travis   432 Jun  1 21:07 Token.class
-rw-rw-r-- 1 travis travis   251 Jun  1 21:07 Token.java
warning: Supported source version 'RELEASE_6' from annotation processor 'org.netbeans.modules.openide.util.NbBundleProcessor' less than -source '1.8'
warning: Supported source version 'RELEASE_6' from annotation processor 'org.netbeans.modules.openide.util.URLStreamHandlerRegistrationProcessor' less than -source '1.8'
warning: Supported source version 'RELEASE_6' from annotation processor 'org.netbeans.modules.openide.util.ServiceProviderProcessor' less than -source '1.8'
3 warnings
All Done
Writing ModularCodeGen4_A1_B1.java in file:/home/travis/cg/ (10312 characters)
Reading "ptolemy/cg/kernel/generic/program/procedural/java/modular/makefile.in",
    writing "/home/travis/cg/ModularCodeGen4_A1_B1.mk"
Using ptolemy/cg/kernel/generic/program/procedural/java/modular/makefile.in
In "/home/travis/cg", about to execute:
    make -f ModularCodeGen4_A1_B1.mk
javac -classpath ".:.."    ModularCodeGen4_A1_B1.java
All Done
In "/home/travis/cg", about to execute:
    pwd
/home/travis/cg
In "/home/travis/cg", about to execute:
    ls -l
total 756
-rw-rw-r-- 1 travis travis  4895 Jun  1 21:06 CompiledCompositeActor_CompiledCompositeActor.class
-rw-rw-r-- 1 travis travis  1592 Jun  1 21:06 CompiledCompositeActor_CompiledCompositeActor$_CompiledCompositeActor_CompiledCompositeActor.class
-rw-rw-r-- 1 travis travis 13466 Jun  1 21:06 CompiledCompositeActor_CompiledCompositeActor.java
-rw-rw-r-- 1 travis travis  1593 Jun  1 21:06 CompiledCompositeActor_CompiledCompositeActor.mk
-rw-rw-r-- 1 travis travis  4457 Jun  1 21:06 JavaCompiledCompositeTest1_CompiledCompositeActor.class
-rw-rw-r-- 1 travis travis 11637 Jun  1 21:06 JavaCompiledCompositeTest1_CompiledCompositeActor.java
-rw-rw-r-- 1 travis travis  1198 Jun  1 21:06 JavaCompiledCompositeTest1_CompiledCompositeActor$_JavaCompiledCompositeTest1_CompiledCompositeActor.class
-rw-rw-r-- 1 travis travis  1625 Jun  1 21:06 JavaCompiledCompositeTest1_CompiledCompositeActor.mk
-rw-rw-r-- 1 travis travis  4888 Jun  1 21:06 JavaCompiledCompositeTest2_CompiledCompositeActor.class
-rw-rw-r-- 1 travis travis 14919 Jun  1 21:06 JavaCompiledCompositeTest2_CompiledCompositeActor.java
-rw-rw-r-- 1 travis travis  1793 Jun  1 21:06 JavaCompiledCompositeTest2_CompiledCompositeActor$_JavaCompiledCompositeTest2_CompiledCompositeActor.class
-rw-rw-r-- 1 travis travis  1625 Jun  1 21:06 JavaCompiledCompositeTest2_CompiledCompositeActor.mk
-rw-rw-r-- 1 travis travis  4505 Jun  1 21:06 JavaCompiledCompositeTest3_CompiledCompositeActor.class
-rw-rw-r-- 1 travis travis 13080 Jun  1 21:06 JavaCompiledCompositeTest3_CompiledCompositeActor.java
-rw-rw-r-- 1 travis travis  1378 Jun  1 21:06 JavaCompiledCompositeTest3_CompiledCompositeActor$_JavaCompiledCompositeTest3_CompiledCompositeActor.class
-rw-rw-r-- 1 travis travis  1625 Jun  1 21:06 JavaCompiledCompositeTest3_CompiledCompositeActor.mk
-rw-rw-r-- 1 travis travis  3953 Jun  1 21:06 JavaCompiledCompositeTest4_CompiledCompositeActor.class
-rw-rw-r-- 1 travis travis  9687 Jun  1 21:06 JavaCompiledCompositeTest4_CompiledCompositeActor.java
-rw-rw-r-- 1 travis travis   857 Jun  1 21:06 JavaCompiledCompositeTest4_CompiledCompositeActor$_JavaCompiledCompositeTest4_CompiledCompositeActor.class
-rw-rw-r-- 1 travis travis  1625 Jun  1 21:06 JavaCompiledCompositeTest4_CompiledCompositeActor.mk
-rw-rw-r-- 1 travis travis  3693 Jun  1 21:06 ModularCG_A1_B1.class
-rw-rw-r-- 1 travis travis  9730 Jun  1 21:06 ModularCG_A1_B1.java
-rw-rw-r-- 1 travis travis   832 Jun  1 21:06 ModularCG_A1_B1.mk
-rw-rw-r-- 1 travis travis  1318 Jun  1 21:06 ModularCG_A1_B1_profile.class
-rw-rw-r-- 1 travis travis  1262 Jun  1 21:06 ModularCG_A1_B1_profile.java
-rw-rw-r-- 1 travis travis  3693 Jun  1 21:06 ModularCG_A1_B2.class
-rw-rw-r-- 1 travis travis  9730 Jun  1 21:06 ModularCG_A1_B2.java
-rw-rw-r-- 1 travis travis   832 Jun  1 21:06 ModularCG_A1_B2.mk
-rw-rw-r-- 1 travis travis  1318 Jun  1 21:06 ModularCG_A1_B2_profile.class
-rw-rw-r-- 1 travis travis  1262 Jun  1 21:06 ModularCG_A1_B2_profile.java
-rw-rw-r-- 1 travis travis  4799 Jun  1 21:06 ModularCG_A1.class
-rw-rw-r-- 1 travis travis 14742 Jun  1 21:06 ModularCG_A1.java
-rw-rw-r-- 1 travis travis   808 Jun  1 21:06 ModularCG_A1.mk
-rw-rw-r-- 1 travis travis  1433 Jun  1 21:06 ModularCG_A1_profile.class
-rw-rw-r-- 1 travis travis  1704 Jun  1 21:06 ModularCG_A1_profile.java
-rw-rw-r-- 1 travis travis  3827 Jun  1 21:06 ModularCG_A2_B1.class
-rw-rw-r-- 1 travis travis 10667 Jun  1 21:06 ModularCG_A2_B1.java
-rw-rw-r-- 1 travis travis   832 Jun  1 21:06 ModularCG_A2_B1.mk
-rw-rw-r-- 1 travis travis  1381 Jun  1 21:06 ModularCG_A2_B1_profile.class
-rw-rw-r-- 1 travis travis  1446 Jun  1 21:06 ModularCG_A2_B1_profile.java
-rw-rw-r-- 1 travis travis  3693 Jun  1 21:06 ModularCG_A2_B2.class
-rw-rw-r-- 1 travis travis  9730 Jun  1 21:06 ModularCG_A2_B2.java
-rw-rw-r-- 1 travis travis   832 Jun  1 21:06 ModularCG_A2_B2.mk
-rw-rw-r-- 1 travis travis  1318 Jun  1 21:06 ModularCG_A2_B2_profile.class
-rw-rw-r-- 1 travis travis  1262 Jun  1 21:06 ModularCG_A2_B2_profile.java
-rw-rw-r-- 1 travis travis  4870 Jun  1 21:06 ModularCG_A2.class
-rw-rw-r-- 1 travis travis 15129 Jun  1 21:06 ModularCG_A2.java
-rw-rw-r-- 1 travis travis   808 Jun  1 21:06 ModularCG_A2.mk
-rw-rw-r-- 1 travis travis  1433 Jun  1 21:06 ModularCG_A2_profile.class
-rw-rw-r-- 1 travis travis  1704 Jun  1 21:06 ModularCG_A2_profile.java
-rw-rw-r-- 1 travis travis  3473 Jun  1 21:06 ModularCGPubSub_A1_A2.class
-rw-rw-r-- 1 travis travis  9076 Jun  1 21:06 ModularCGPubSub_A1_A2.java
-rw-rw-r-- 1 travis travis   880 Jun  1 21:06 ModularCGPubSub_A1_A2.mk
-rw-rw-r-- 1 travis travis  1300 Jun  1 21:06 ModularCGPubSub_A1_A2_profile.class
-rw-rw-r-- 1 travis travis  1222 Jun  1 21:06 ModularCGPubSub_A1_A2_profile.java
-rw-rw-r-- 1 travis travis  3790 Jun  1 21:06 ModularCGPubSub_A1.class
-rw-rw-r-- 1 travis travis  9836 Jun  1 21:06 ModularCGPubSub_A1.java
-rw-rw-r-- 1 travis travis   856 Jun  1 21:06 ModularCGPubSub_A1.mk
-rw-rw-r-- 1 travis travis  1346 Jun  1 21:06 ModularCGPubSub_A1_profile.class
-rw-rw-r-- 1 travis travis  1388 Jun  1 21:06 ModularCGPubSub_A1_profile.java
-rw-rw-r-- 1 travis travis  3988 Jun  1 21:06 ModularCodeGen2_ModularCodeGenTypedCompositeActor.class
-rw-rw-r-- 1 travis travis 11690 Jun  1 21:06 ModularCodeGen2_ModularCodeGenTypedCompositeActor.java
In "/home/travis/cg", about to execute:
-rw-rw-r-- 1 travis travis  1104 Jun  1 21:06 ModularCodeGen2_ModularCodeGenTypedCompositeActor.mk
-rw-rw-r-- 1 travis travis  4272 Jun  1 21:06 ModularCodeGen2_ModularCodeGenTypedCompositeActor_ModularCodeGenTypedCompositeActor.class
-rw-rw-r-- 1 travis travis 11790 Jun  1 21:06 ModularCodeGen2_ModularCodeGenTypedCompositeActor_ModularCodeGenTypedCompositeActor.java
-rw-rw-r-- 1 travis travis  1376 Jun  1 21:06 ModularCodeGen2_ModularCodeGenTypedCompositeActor_ModularCodeGenTypedCompositeActor.mk
-rw-rw-r-- 1 travis travis  1421 Jun  1 21:06 ModularCodeGen2_ModularCodeGenTypedCompositeActor_ModularCodeGenTypedCompositeActor_profile.class
-rw-rw-r-- 1 travis travis  1294 Jun  1 21:06 ModularCodeGen2_ModularCodeGenTypedCompositeActor_ModularCodeGenTypedCompositeActor_profile.java
-rw-rw-r-- 1 travis travis   820 Jun  1 21:06 ModularCodeGen2_ModularCodeGenTypedCompositeActor_profile.class
-rw-rw-r-- 1 travis travis   693 Jun  1 21:06 ModularCodeGen2_ModularCodeGenTypedCompositeActor_profile.java
-rw-rw-r-- 1 travis travis  3741 Jun  1 21:06 ModularCodeGen3_A1_B1.class
-rw-rw-r-- 1 travis travis  9958 Jun  1 21:06 ModularCodeGen3_A1_B1.java
-rw-rw-r-- 1 travis travis   880 Jun  1 21:06 ModularCodeGen3_A1_B1.mk
-rw-rw-r-- 1 travis travis  1330 Jun  1 21:06 ModularCodeGen3_A1_B1_profile.class
-rw-rw-r-- 1 travis travis  1274 Jun  1 21:06 ModularCodeGen3_A1_B1_profile.java
-rw-rw-r-- 1 travis travis  3741 Jun  1 21:06 ModularCodeGen3_A1_B2.class
-rw-rw-r-- 1 travis travis  9958 Jun  1 21:06 ModularCodeGen3_A1_B2.java
-rw-rw-r-- 1 travis travis   880 Jun  1 21:06 ModularCodeGen3_A1_B2.mk
-rw-rw-r-- 1 travis travis  1330 Jun  1 21:06 ModularCodeGen3_A1_B2_profile.class
-rw-rw-r-- 1 travis travis  1274 Jun  1 21:06 ModularCodeGen3_A1_B2_profile.java
-rw-rw-r-- 1 travis travis  4961 Jun  1 21:07 ModularCodeGen3_A1.class
-rw-rw-r-- 1 travis travis 15564 Jun  1 21:06 ModularCodeGen3_A1.java
-rw-rw-r-- 1 travis travis   856 Jun  1 21:06 ModularCodeGen3_A1.mk
-rw-rw-r-- 1 travis travis  1445 Jun  1 21:06 ModularCodeGen3_A1_profile.class
-rw-rw-r-- 1 travis travis  1716 Jun  1 21:06 ModularCodeGen3_A1_profile.java
    javac -classpath
.:/home/travis/build/icyphy/ptII:/home/travis/build/icyphy/ptII/lib/bsh-2.0b4.j
ar:/home/travis/build/icyphy/ptII/lib/ptCal.jar:/home/travis/build/icyphy/ptII/
lib/java_cup.jar:/home/travis/build/icyphy/ptII/lib/saxon8.jar:/home/travis/bui
ld/icyphy/ptII/lib/saxon8-dom.jar:/home/travis/build/icyphy/ptII/lib/chic.jar:/
home/travis/build/icyphy/ptII/lib/ptcolt.jar:/usr/lib/jvm/java-8-oracle/lib/too
ls.jar:/usr/lib/eclipse/plugins/org.eclipse.jdt.core_3.8.2.dist.jar:/usr/lib/ec
lipse/plugins/org.eclipse.core.runtime_3.8.0.dist.jar:/usr/lib/eclipse/plugins/
org.eclipse.osgi_3.8.1.dist.jar:/usr/lib/eclipse/plugins/org.eclipse.core.resou
rces_3.8.1.dist.jar:/usr/lib/eclipse/plugins/org.eclipse.equinox.common_3.6.100
.dist.jar:/usr/lib/eclipse/plugins/org.eclipse.core.jobs_3.5.200.dist.jar:/usr/
lib/eclipse/plugins/org.eclipse.core.contenttype_3.4.200.dist.jar:/usr/lib/ecli
pse/plugins/org.eclipse.equinox.preferences_3.5.0.dist.jar:/usr/lib/eclipse/plu
gins/org.eclipse.text_3.5.200.dist.jar:/usr/lib/eclipse/plugins/org.eclipse.ui.
workbench_3.8.1.dist.jar:/usr/lib/eclipse/plugins/org.eclipse.jface_3.8.0.dist.
jar:/usr/lib/eclipse/plugins/org.eclipse.swt_3.8.2.jar:/usr/lib/eclipse/plugins
/org.eclipse.jface.text_3.8.1.dist.jar:/usr/lib/eclipse/plugins/org.eclipse.ui.
workbench.texteditor_3.8.0.dist.jar:/usr/lib/eclipse/plugins/org.eclipse.ui.edi
tors_3.8.0.dist.jar:/usr/lib/eclipse/plugins/org.eclipse.core.commands_3.6.1.di
st.jar:/usr/lib/eclipse/plugins/org.eclipse.equinox.registry_3.5.200.dist.jar:/
usr/lib/eclipse/plugins/org.eclipse.ui.console_3.5.100.dist.jar:/usr/lib/eclips
e/plugins/org.eclipse.ui.forms_3.5.200.dist.jar:/usr/lib/eclipse/plugins/org.ec
lipse.ui.ide_3.8.1.dist.jar:/home/travis/build/icyphy/ptII/vendors/oracle/dbxml
.jar:/home/travis/build/icyphy/ptII/vendors/oracle/db.jar:/home/travis/build/ic
yphy/ptII/vendors/misc/itext/iText.jar:/home/travis/build/icyphy/ptII/lib/g4ltl
.jar:/home/travis/build/icyphy/ptII/lib/StructuralCoder.jar:/home/travis/build/
icyphy/ptII/lib/org-openide-util.jar:/home/travis/build/icyphy/ptII/lib/org-ope
nide-util-lookup.jar:/home/travis/build/icyphy/ptII/lib/org-netbeans-api-visual
.jar:/home/travis/build/icyphy/ptII/vendors/jai-1_1_2_01/lib/jai_core.jar:/home
/travis/build/icyphy/ptII/vendors/jai-1_1_2_01/lib/jai_codec.jar:/home/travis/b
uild/icyphy/ptII/lib/jcerti.jar:/home/travis/build/icyphy/ptII/lib/smack.jar:/h
ome/travis/build/icyphy/ptII/lib/smackx.jar:/home/travis/build/icyphy/ptII/lib/
jetty-all-8.1.5-v20120716.jar:/home/travis/build/icyphy/ptII/lib/javax.servlet-
api-3.0.1.jar:/home/travis/build/icyphy/ptII/lib/javax.mail.jar:/home/travis/bu
ild/icyphy/ptII/vendors/JMF-2.1.1e/lib/jmf.jar:/home/travis/build/icyphy/ptII/l
ib/jna-4.0.0-variadic.jar:/home/travis/build/icyphy/ptII/vendors/misc/joystick/
Joystick.jar:/home/travis/build/icyphy/ptII/lib/ptjacl.jar:/home/travis/build/i
cyphy/ptII/lib/jsoup-1.8.2.jar:/home/travis/build/icyphy/ptII/lib/junit-4.8.2.j
ar:/home/travis/build/icyphy/ptII/lib/JUnitParams-0.4.0.jar:/home/travis/build/
icyphy/ptII/ptolemy/actor/lib/excel/jxl.jar:/home/travis/build/icyphy/ptII/lib/
jython.jar:/home/travis/build/icyphy/ptII/lib/kieler.jar:/home/travis/build/icy
phy/ptII/vendors/opencv/share/OpenCV/java/opencv-341.jar:/home/travis/build/icy
phy/ptII/lib/oscP5.jar:/home/travis/build/icyphy/ptII/lib/nrjavaserial-3.11.0.d
evel.jar:/usr/share/java/j3dcore.jar:/usr/share/java/j3dutils.jar:/usr/share/ja
va/vecmath.jar:/home/travis/build/icyphy/ptII/ptolemy/distributed/jini/jar/jini
-core.jar:/home/travis/build/icyphy/ptII/ptolemy/distributed/jini/jar/jini-ext.
jar:/home/travis/build/icyphy/ptII/ptolemy/distributed/jini/jar/sun-util.jar:/h
ome/travis/build/icyphy/ptII/lib/protobuf-java-2.4.1.jar:/home/travis/build/icy
phy/ptII/lib/org.eclipse.paho.client.mqttv3.jar:/home/travis/build/icyphy/ptII/
ptserver/lib/hessian-4.0.7.jar:/home/travis/build/icyphy/ptII/ptserver/lib/wmqt
t.jar:/home/travis/build/icyphy/ptII/lib/mapss.jar:/home/travis/build/icyphy/pt
II/ptolemy/actor/ptalon/antlr/antlr.jar:/home/travis/build/icyphy/ptII/lib/JRI.
jar:/home/travis/build/icyphy/ptII/lib/commons-lang-2.6.jar:/home/travis/build/
icyphy/ptII/lib/commons-logging-1.1.1.jar:/home/travis/build/icyphy/ptII/lib/so
otclasses.jar:/home/travis/build/icyphy/ptII/ptolemy/actor/lib/database/mysql-c
onnector-java-5.1.6-bin.jar:/home/travis/build/icyphy/ptII/vendors/misc/sphinx4
/sphinx4-data-5prealpha.jar:/home/travis/build/icyphy/ptII/vendors/misc/sphinx4
/sphinx4-core-5prealpha.jar:/home/travis/build/icyphy/ptII/lib/PDFRenderer.jar:
/home/travis/build/icyphy/ptII/lib/svgSalamander.jar:/home/travis/build/icyphy/
ptII/lib/rsyntaxtextarea-2.6.0-SNAPSHOT.jar:/home/travis/build/icyphy/ptII/lib/
hazelcast-3.8.2.jar:/home/travis/build/icyphy/ptII/lib/jackson-annotations-2.9.
0.jar:/home/travis/build/icyphy/ptII/lib/jackson-core-2.9.3.jar:/home/travis/bu
ild/icyphy/ptII/lib/jackson-databind-2.9.3.jar:/home/travis/build/icyphy/ptII/l
ib/netty-buffer-4.1.19.Final.jar:/home/travis/build/icyphy/ptII/lib/netty-codec
-4.1.19.Final.jar:/home/travis/build/icyphy/ptII/lib/netty-codec-dns-4.1.19.Fin
al.jar:/home/travis/build/icyphy/ptII/lib/netty-codec-http-4.1.19.Final.jar:/ho
me/travis/build/icyphy/ptII/lib/netty-codec-http2-4.1.19.Final.jar:/home/travis
/build/icyphy/ptII/lib/netty-common-4.1.19.Final.jar:/home/travis/build/icyphy/
ptII/lib/netty-handler-4.1.19.Final.jar:/home/travis/build/icyphy/ptII/lib/nett
y-resolver-4.1.19.Final.jar:/home/travis/build/icyphy/ptII/lib/netty-resolver-d
ns-4.1.19.Final.jar:/home/travis/build/icyphy/ptII/lib/netty-transport-4.1.19.F
inal.jar:/home/travis/build/icyphy/ptII/lib/vertx-codegen-3.5.1.jar:/home/travi
s/build/icyphy/ptII/lib/vertx-core-3.5.2-SNAPSHOT.jar:/home/travis/build/icyphy
/ptII/lib/vertx-hazelcast-3.5.1.jar:/home/travis/build/icyphy/ptII/lib/vertx-la
ng-js-3.5.1.jar:/home/travis/build/icyphy/ptII/lib/vertx-service-proxy-3.5.1.ja
r:/home/travis/build/icyphy/ptII/lib/vertx-web-3.5.1.jar:/home/travis/build/icy
phy/ptII/lib/slf4j-api-1.7.13.jar:/home/travis/build/icyphy/ptII/lib/slf4j-simp
le-1.7.13.jar:/home/travis/build/icyphy/ptII/lib/webcam-capture-0.3.12.jar:/hom
e/travis/build/icyphy/ptII/lib/bridj-0.7.0.jar:/home/travis/build/icyphy/ptII/l
ib/xbjlib-1.1.0.nrjavaserial.jar:/home/travis/build/icyphy/ptII/ptolemy/moml/te
st:/home/travis/build/icyphy/ptII/ant/lib/ant-launcher.jar:/home/travis/build/i
cyphy/ptII/ant/lib/ant.jar:/home/travis/build/icyphy/ptII/ant/lib/ant-junit.jar
:/home/travis/build/icyphy/ptII/ant/lib/ant-junit4.jar:/home/travis/build/icyph
y/ptII ModularCodeGen4_A1_B2_profile.java
-rw-rw-r-- 1 travis travis  3887 Jun  1 21:07 ModularCodeGen3_A2_B1.class
-rw-rw-r-- 1 travis travis 10955 Jun  1 21:07 ModularCodeGen3_A2_B1.java
-rw-rw-r-- 1 travis travis   880 Jun  1 21:07 ModularCodeGen3_A2_B1.mk
-rw-rw-r-- 1 travis travis  1393 Jun  1 21:07 ModularCodeGen3_A2_B1_profile.class
-rw-rw-r-- 1 travis travis  1458 Jun  1 21:07 ModularCodeGen3_A2_B1_profile.java
-rw-rw-r-- 1 travis travis  3741 Jun  1 21:07 ModularCodeGen3_A2_B2.class
-rw-rw-r-- 1 travis travis  9958 Jun  1 21:07 ModularCodeGen3_A2_B2.java
-rw-rw-r-- 1 travis travis   880 Jun  1 21:07 ModularCodeGen3_A2_B2.mk
-rw-rw-r-- 1 travis travis  1330 Jun  1 21:07 ModularCodeGen3_A2_B2_profile.class
-rw-rw-r-- 1 travis travis  1274 Jun  1 21:07 ModularCodeGen3_A2_B2_profile.java
-rw-rw-r-- 1 travis travis  5038 Jun  1 21:07 ModularCodeGen3_A2.class
-rw-rw-r-- 1 travis travis 15957 Jun  1 21:07 ModularCodeGen3_A2.java
-rw-rw-r-- 1 travis travis   856 Jun  1 21:07 ModularCodeGen3_A2.mk
-rw-rw-r-- 1 travis travis  1445 Jun  1 21:07 ModularCodeGen3_A2_profile.class
-rw-rw-r-- 1 travis travis  1716 Jun  1 21:07 ModularCodeGen3_A2_profile.java
-rw-rw-r-- 1 travis travis  3794 Jun  1 21:07 ModularCodeGen4_A1_B1.class
-rw-rw-r-- 1 travis travis 10312 Jun  1 21:07 ModularCodeGen4_A1_B1.java
-rw-rw-r-- 1 travis travis   880 Jun  1 21:07 ModularCodeGen4_A1_B1.mk
-rw-rw-r-- 1 travis travis  1330 Jun  1 21:07 ModularCodeGen4_A1_B1_profile.class
-rw-rw-r-- 1 travis travis  1273 Jun  1 21:07 ModularCodeGen4_A1_B1_profile.java
-rw-rw-r-- 1 travis travis  1273 Jun  1 21:07 ModularCodeGen4_A1_B2_profile.java
-rw-rw-r-- 1 travis travis  3954 Jun  1 21:06 ModularCodeGen_ModularCodeGenTypedCompositeActor.class
-rw-rw-r-- 1 travis travis 10970 Jun  1 21:06 ModularCodeGen_ModularCodeGenTypedCompositeActor.java
-rw-rw-r-- 1 travis travis  1096 Jun  1 21:06 ModularCodeGen_ModularCodeGenTypedCompositeActor.mk
-rw-rw-r-- 1 travis travis  1384 Jun  1 21:06 ModularCodeGen_ModularCodeGenTypedCompositeActor_profile.class
-rw-rw-r-- 1 travis travis  1328 Jun  1 21:06 ModularCodeGen_ModularCodeGenTypedCompositeActor_profile.java
-rw-rw-r-- 1 travis travis  3492 Jun  1 21:06 ModularCodeGenTest_A1_A2.class
-rw-rw-r-- 1 travis travis  9164 Jun  1 21:06 ModularCodeGenTest_A1_A2.java
-rw-rw-r-- 1 travis travis   904 Jun  1 21:06 ModularCodeGenTest_A1_A2.mk
-rw-rw-r-- 1 travis travis  1306 Jun  1 21:06 ModularCodeGenTest_A1_A2_profile.class
-rw-rw-r-- 1 travis travis  1228 Jun  1 21:06 ModularCodeGenTest_A1_A2_profile.java
-rw-rw-r-- 1 travis travis  3823 Jun  1 21:06 ModularCodeGenTest_A1.class
-rw-rw-r-- 1 travis travis  9968 Jun  1 21:06 ModularCodeGenTest_A1.java
-rw-rw-r-- 1 travis travis   880 Jun  1 21:06 ModularCodeGenTest_A1.mk
-rw-rw-r-- 1 travis travis  1352 Jun  1 21:06 ModularCodeGenTest_A1_profile.class
-rw-rw-r-- 1 travis travis  1394 Jun  1 21:06 ModularCodeGenTest_A1_profile.java
-rw-rw-r-- 1 travis travis   432 Jun  1 21:07 Token.class
-rw-rw-r-- 1 travis travis   251 Jun  1 21:07 Token.java
warning: Supported source version 'RELEASE_6' from annotation processor 'org.netbeans.modules.openide.util.NbBundleProcessor' less than -source '1.8'
warning: Supported source version 'RELEASE_6' from annotation processor 'org.netbeans.modules.openide.util.URLStreamHandlerRegistrationProcessor' less than -source '1.8'
warning: Supported source version 'RELEASE_6' from annotation processor 'org.netbeans.modules.openide.util.ServiceProviderProcessor' less than -source '1.8'
3 warnings
All Done
Writing ModularCodeGen4_A1_B2.java in file:/home/travis/cg/ (10312 characters)
Reading "ptolemy/cg/kernel/generic/program/procedural/java/modular/makefile.in",
    writing "/home/travis/cg/ModularCodeGen4_A1_B2.mk"
Using ptolemy/cg/kernel/generic/program/procedural/java/modular/makefile.in
In "/home/travis/cg", about to execute:
    make -f ModularCodeGen4_A1_B2.mk
javac -classpath ".:.."    ModularCodeGen4_A1_B2.java
All Done
In "/home/travis/cg", about to execute:
    pwd
In "/home/travis/cg", about to execute:
    ls -l
/home/travis/cg
In "/home/travis/cg", about to execute:
    javac -classpath
.:/home/travis/build/icyphy/ptII:/home/travis/build/icyphy/ptII/lib/bsh-2.0b4.j
ar:/home/travis/build/icyphy/ptII/lib/ptCal.jar:/home/travis/build/icyphy/ptII/
lib/java_cup.jar:/home/travis/build/icyphy/ptII/lib/saxon8.jar:/home/travis/bui
ld/icyphy/ptII/lib/saxon8-dom.jar:/home/travis/build/icyphy/ptII/lib/chic.jar:/
home/travis/build/icyphy/ptII/lib/ptcolt.jar:/usr/lib/jvm/java-8-oracle/lib/too
ls.jar:/usr/lib/eclipse/plugins/org.eclipse.jdt.core_3.8.2.dist.jar:/usr/lib/ec
lipse/plugins/org.eclipse.core.runtime_3.8.0.dist.jar:/usr/lib/eclipse/plugins/
org.eclipse.osgi_3.8.1.dist.jar:/usr/lib/eclipse/plugins/org.eclipse.core.resou
rces_3.8.1.dist.jar:/usr/lib/eclipse/plugins/org.eclipse.equinox.common_3.6.100
.dist.jar:/usr/lib/eclipse/plugins/org.eclipse.core.jobs_3.5.200.dist.jar:/usr/
lib/eclipse/plugins/org.eclipse.core.contenttype_3.4.200.dist.jar:/usr/lib/ecli
pse/plugins/org.eclipse.equinox.preferences_3.5.0.dist.jar:/usr/lib/eclipse/plu
gins/org.eclipse.text_3.5.200.dist.jar:/usr/lib/eclipse/plugins/org.eclipse.ui.
workbench_3.8.1.dist.jar:/usr/lib/eclipse/plugins/org.eclipse.jface_3.8.0.dist.
jar:/usr/lib/eclipse/plugins/org.eclipse.swt_3.8.2.jar:/usr/lib/eclipse/plugins
/org.eclipse.jface.text_3.8.1.dist.jar:/usr/lib/eclipse/plugins/org.eclipse.ui.
workbench.texteditor_3.8.0.dist.jar:/usr/lib/eclipse/plugins/org.eclipse.ui.edi
tors_3.8.0.dist.jar:/usr/lib/eclipse/plugins/org.eclipse.core.commands_3.6.1.di
st.jar:/usr/lib/eclipse/plugins/org.eclipse.equinox.registry_3.5.200.dist.jar:/
usr/lib/eclipse/plugins/org.eclipse.ui.console_3.5.100.dist.jar:/usr/lib/eclips
e/plugins/org.eclipse.ui.forms_3.5.200.dist.jar:/usr/lib/eclipse/plugins/org.ec
lipse.ui.ide_3.8.1.dist.jar:/home/travis/build/icyphy/ptII/vendors/oracle/dbxml
.jar:/home/travis/build/icyphy/ptII/vendors/oracle/db.jar:/home/travis/build/ic
yphy/ptII/vendors/misc/itext/iText.jar:/home/travis/build/icyphy/ptII/lib/g4ltl
.jar:/home/travis/build/icyphy/ptII/lib/StructuralCoder.jar:/home/travis/build/
icyphy/ptII/lib/org-openide-util.jar:/home/travis/build/icyphy/ptII/lib/org-ope
nide-util-lookup.jar:/home/travis/build/icyphy/ptII/lib/org-netbeans-api-visual
.jar:/home/travis/build/icyphy/ptII/vendors/jai-1_1_2_01/lib/jai_core.jar:/home
/travis/build/icyphy/ptII/vendors/jai-1_1_2_01/lib/jai_codec.jar:/home/travis/b
uild/icyphy/ptII/lib/jcerti.jar:/home/travis/build/icyphy/ptII/lib/smack.jar:/h
ome/travis/build/icyphy/ptII/lib/smackx.jar:/home/travis/build/icyphy/ptII/lib/
jetty-all-8.1.5-v20120716.jar:/home/travis/build/icyphy/ptII/lib/javax.servlet-
api-3.0.1.jar:/home/travis/build/icyphy/ptII/lib/javax.mail.jar:/home/travis/bu
ild/icyphy/ptII/vendors/JMF-2.1.1e/lib/jmf.jar:/home/travis/build/icyphy/ptII/l
ib/jna-4.0.0-variadic.jar:/home/travis/build/icyphy/ptII/vendors/misc/joystick/
Joystick.jar:/home/travis/build/icyphy/ptII/lib/ptjacl.jar:/home/travis/build/i
cyphy/ptII/lib/jsoup-1.8.2.jar:/home/travis/build/icyphy/ptII/lib/junit-4.8.2.j
ar:/home/travis/build/icyphy/ptII/lib/JUnitParams-0.4.0.jar:/home/travis/build/
icyphy/ptII/ptolemy/actor/lib/excel/jxl.jar:/home/travis/build/icyphy/ptII/lib/
jython.jar:/home/travis/build/icyphy/ptII/lib/kieler.jar:/home/travis/build/icy
phy/ptII/vendors/opencv/share/OpenCV/java/opencv-341.jar:/home/travis/build/icy
phy/ptII/lib/oscP5.jar:/home/travis/build/icyphy/ptII/lib/nrjavaserial-3.11.0.d
evel.jar:/usr/share/java/j3dcore.jar:/usr/share/java/j3dutils.jar:/usr/share/ja
va/vecmath.jar:/home/travis/build/icyphy/ptII/ptolemy/distributed/jini/jar/jini
-core.jar:/home/travis/build/icyphy/ptII/ptolemy/distributed/jini/jar/jini-ext.
jar:/home/travis/build/icyphy/ptII/ptolemy/distributed/jini/jar/sun-util.jar:/h
ome/travis/build/icyphy/ptII/lib/protobuf-java-2.4.1.jar:/home/travis/build/icy
phy/ptII/lib/org.eclipse.paho.client.mqttv3.jar:/home/travis/build/icyphy/ptII/
ptserver/lib/hessian-4.0.7.jar:/home/travis/build/icyphy/ptII/ptserver/lib/wmqt
t.jar:/home/travis/build/icyphy/ptII/lib/mapss.jar:/home/travis/build/icyphy/pt
II/ptolemy/actor/ptalon/antlr/antlr.jar:/home/travis/build/icyphy/ptII/lib/JRI.
jar:/home/travis/build/icyphy/ptII/lib/commons-lang-2.6.jar:/home/travis/build/
icyphy/ptII/lib/commons-logging-1.1.1.jar:/home/travis/build/icyphy/ptII/lib/so
otclasses.jar:/home/travis/build/icyphy/ptII/ptolemy/actor/lib/database/mysql-c
onnector-java-5.1.6-bin.jar:/home/travis/build/icyphy/ptII/vendors/misc/sphinx4
/sphinx4-data-5prealpha.jar:/home/travis/build/icyphy/ptII/vendors/misc/sphinx4
/sphinx4-core-5prealpha.jar:/home/travis/build/icyphy/ptII/lib/PDFRenderer.jar:
/home/travis/build/icyphy/ptII/lib/svgSalamander.jar:/home/travis/build/icyphy/
ptII/lib/rsyntaxtextarea-2.6.0-SNAPSHOT.jar:/home/travis/build/icyphy/ptII/lib/
hazelcast-3.8.2.jar:/home/travis/build/icyphy/ptII/lib/jackson-annotations-2.9.
0.jar:/home/travis/build/icyphy/ptII/lib/jackson-core-2.9.3.jar:/home/travis/bu
ild/icyphy/ptII/lib/jackson-databind-2.9.3.jar:/home/travis/build/icyphy/ptII/l
ib/netty-buffer-4.1.19.Final.jar:/home/travis/build/icyphy/ptII/lib/netty-codec
-4.1.19.Final.jar:/home/travis/build/icyphy/ptII/lib/netty-codec-dns-4.1.19.Fin
al.jar:/home/travis/build/icyphy/ptII/lib/netty-codec-http-4.1.19.Final.jar:/ho
me/travis/build/icyphy/ptII/lib/netty-codec-http2-4.1.19.Final.jar:/home/travis
/build/icyphy/ptII/lib/netty-common-4.1.19.Final.jar:/home/travis/build/icyphy/
ptII/lib/netty-handler-4.1.19.Final.jar:/home/travis/build/icyphy/ptII/lib/nett
y-resolver-4.1.19.Final.jar:/home/travis/build/icyphy/ptII/lib/netty-resolver-d
ns-4.1.19.Final.jar:/home/travis/build/icyphy/ptII/lib/netty-transport-4.1.19.F
inal.jar:/home/travis/build/icyphy/ptII/lib/vertx-codegen-3.5.1.jar:/home/travi
s/build/icyphy/ptII/lib/vertx-core-3.5.2-SNAPSHOT.jar:/home/travis/build/icyphy
/ptII/lib/vertx-hazelcast-3.5.1.jar:/home/travis/build/icyphy/ptII/lib/vertx-la
ng-js-3.5.1.jar:/home/travis/build/icyphy/ptII/lib/vertx-service-proxy-3.5.1.ja
r:/home/travis/build/icyphy/ptII/lib/vertx-web-3.5.1.jar:/home/travis/build/icy
phy/ptII/lib/slf4j-api-1.7.13.jar:/home/travis/build/icyphy/ptII/lib/slf4j-simp
le-1.7.13.jar:/home/travis/build/icyphy/ptII/lib/webcam-capture-0.3.12.jar:/hom
e/travis/build/icyphy/ptII/lib/bridj-0.7.0.jar:/home/travis/build/icyphy/ptII/l
ib/xbjlib-1.1.0.nrjavaserial.jar:/home/travis/build/icyphy/ptII/ptolemy/moml/te
st:/home/travis/build/icyphy/ptII/ant/lib/ant-launcher.jar:/home/travis/build/i
cyphy/ptII/ant/lib/ant.jar:/home/travis/build/icyphy/ptII/ant/lib/ant-junit.jar
:/home/travis/build/icyphy/ptII/ant/lib/ant-junit4.jar:/home/travis/build/icyph
y/ptII ModularCodeGen4_A1_profile.java
total 784
-rw-rw-r-- 1 travis travis  4895 Jun  1 21:06 CompiledCompositeActor_CompiledCompositeActor.class
-rw-rw-r-- 1 travis travis  1592 Jun  1 21:06 CompiledCompositeActor_CompiledCompositeActor$_CompiledCompositeActor_CompiledCompositeActor.class
-rw-rw-r-- 1 travis travis 13466 Jun  1 21:06 CompiledCompositeActor_CompiledCompositeActor.java
-rw-rw-r-- 1 travis travis  1593 Jun  1 21:06 CompiledCompositeActor_CompiledCompositeActor.mk
-rw-rw-r-- 1 travis travis  4457 Jun  1 21:06 JavaCompiledCompositeTest1_CompiledCompositeActor.class
-rw-rw-r-- 1 travis travis 11637 Jun  1 21:06 JavaCompiledCompositeTest1_CompiledCompositeActor.java
-rw-rw-r-- 1 travis travis  1198 Jun  1 21:06 JavaCompiledCompositeTest1_CompiledCompositeActor$_JavaCompiledCompositeTest1_CompiledCompositeActor.class
-rw-rw-r-- 1 travis travis  1625 Jun  1 21:06 JavaCompiledCompositeTest1_CompiledCompositeActor.mk
-rw-rw-r-- 1 travis travis  4888 Jun  1 21:06 JavaCompiledCompositeTest2_CompiledCompositeActor.class
-rw-rw-r-- 1 travis travis 14919 Jun  1 21:06 JavaCompiledCompositeTest2_CompiledCompositeActor.java
-rw-rw-r-- 1 travis travis  1793 Jun  1 21:06 JavaCompiledCompositeTest2_CompiledCompositeActor$_JavaCompiledCompositeTest2_CompiledCompositeActor.class
-rw-rw-r-- 1 travis travis  1625 Jun  1 21:06 JavaCompiledCompositeTest2_CompiledCompositeActor.mk
-rw-rw-r-- 1 travis travis  4505 Jun  1 21:06 JavaCompiledCompositeTest3_CompiledCompositeActor.class
-rw-rw-r-- 1 travis travis 13080 Jun  1 21:06 JavaCompiledCompositeTest3_CompiledCompositeActor.java
-rw-rw-r-- 1 travis travis  1378 Jun  1 21:06 JavaCompiledCompositeTest3_CompiledCompositeActor$_JavaCompiledCompositeTest3_CompiledCompositeActor.class
-rw-rw-r-- 1 travis travis  1625 Jun  1 21:06 JavaCompiledCompositeTest3_CompiledCompositeActor.mk
-rw-rw-r-- 1 travis travis  3953 Jun  1 21:06 JavaCompiledCompositeTest4_CompiledCompositeActor.class
-rw-rw-r-- 1 travis travis  9687 Jun  1 21:06 JavaCompiledCompositeTest4_CompiledCompositeActor.java
-rw-rw-r-- 1 travis travis   857 Jun  1 21:06 JavaCompiledCompositeTest4_CompiledCompositeActor$_JavaCompiledCompositeTest4_CompiledCompositeActor.class
-rw-rw-r-- 1 travis travis  1625 Jun  1 21:06 JavaCompiledCompositeTest4_CompiledCompositeActor.mk
-rw-rw-r-- 1 travis travis  3693 Jun  1 21:06 ModularCG_A1_B1.class
-rw-rw-r-- 1 travis travis  9730 Jun  1 21:06 ModularCG_A1_B1.java
-rw-rw-r-- 1 travis travis   832 Jun  1 21:06 ModularCG_A1_B1.mk
-rw-rw-r-- 1 travis travis  1318 Jun  1 21:06 ModularCG_A1_B1_profile.class
-rw-rw-r-- 1 travis travis  1262 Jun  1 21:06 ModularCG_A1_B1_profile.java
-rw-rw-r-- 1 travis travis  3693 Jun  1 21:06 ModularCG_A1_B2.class
-rw-rw-r-- 1 travis travis  9730 Jun  1 21:06 ModularCG_A1_B2.java
-rw-rw-r-- 1 travis travis   832 Jun  1 21:06 ModularCG_A1_B2.mk
-rw-rw-r-- 1 travis travis  1318 Jun  1 21:06 ModularCG_A1_B2_profile.class
-rw-rw-r-- 1 travis travis  1262 Jun  1 21:06 ModularCG_A1_B2_profile.java
-rw-rw-r-- 1 travis travis  4799 Jun  1 21:06 ModularCG_A1.class
-rw-rw-r-- 1 travis travis 14742 Jun  1 21:06 ModularCG_A1.java
-rw-rw-r-- 1 travis travis   808 Jun  1 21:06 ModularCG_A1.mk
-rw-rw-r-- 1 travis travis  1433 Jun  1 21:06 ModularCG_A1_profile.class
-rw-rw-r-- 1 travis travis  1704 Jun  1 21:06 ModularCG_A1_profile.java
-rw-rw-r-- 1 travis travis  3827 Jun  1 21:06 ModularCG_A2_B1.class
-rw-rw-r-- 1 travis travis 10667 Jun  1 21:06 ModularCG_A2_B1.java
-rw-rw-r-- 1 travis travis   832 Jun  1 21:06 ModularCG_A2_B1.mk
-rw-rw-r-- 1 travis travis  1381 Jun  1 21:06 ModularCG_A2_B1_profile.class
-rw-rw-r-- 1 travis travis  1446 Jun  1 21:06 ModularCG_A2_B1_profile.java
-rw-rw-r-- 1 travis travis  3693 Jun  1 21:06 ModularCG_A2_B2.class
-rw-rw-r-- 1 travis travis  9730 Jun  1 21:06 ModularCG_A2_B2.java
-rw-rw-r-- 1 travis travis   832 Jun  1 21:06 ModularCG_A2_B2.mk
-rw-rw-r-- 1 travis travis  1318 Jun  1 21:06 ModularCG_A2_B2_profile.class
-rw-rw-r-- 1 travis travis  1262 Jun  1 21:06 ModularCG_A2_B2_profile.java
-rw-rw-r-- 1 travis travis  4870 Jun  1 21:06 ModularCG_A2.class
-rw-rw-r-- 1 travis travis 15129 Jun  1 21:06 ModularCG_A2.java
-rw-rw-r-- 1 travis travis   808 Jun  1 21:06 ModularCG_A2.mk
-rw-rw-r-- 1 travis travis  1433 Jun  1 21:06 ModularCG_A2_profile.class
-rw-rw-r-- 1 travis travis  1704 Jun  1 21:06 ModularCG_A2_profile.java
-rw-rw-r-- 1 travis travis  3473 Jun  1 21:06 ModularCGPubSub_A1_A2.class
-rw-rw-r-- 1 travis travis  9076 Jun  1 21:06 ModularCGPubSub_A1_A2.java
-rw-rw-r-- 1 travis travis   880 Jun  1 21:06 ModularCGPubSub_A1_A2.mk
-rw-rw-r-- 1 travis travis  1300 Jun  1 21:06 ModularCGPubSub_A1_A2_profile.class
-rw-rw-r-- 1 travis travis  1222 Jun  1 21:06 ModularCGPubSub_A1_A2_profile.java
-rw-rw-r-- 1 travis travis  3790 Jun  1 21:06 ModularCGPubSub_A1.class
-rw-rw-r-- 1 travis travis  9836 Jun  1 21:06 ModularCGPubSub_A1.java
-rw-rw-r-- 1 travis travis   856 Jun  1 21:06 ModularCGPubSub_A1.mk
-rw-rw-r-- 1 travis travis  1346 Jun  1 21:06 ModularCGPubSub_A1_profile.class
-rw-rw-r-- 1 travis travis  1388 Jun  1 21:06 ModularCGPubSub_A1_profile.java
-rw-rw-r-- 1 travis travis  3988 Jun  1 21:06 ModularCodeGen2_ModularCodeGenTypedCompositeActor.class
-rw-rw-r-- 1 travis travis 11690 Jun  1 21:06 ModularCodeGen2_ModularCodeGenTypedCompositeActor.java
-rw-rw-r-- 1 travis travis  1104 Jun  1 21:06 ModularCodeGen2_ModularCodeGenTypedCompositeActor.mk
-rw-rw-r-- 1 travis travis  4272 Jun  1 21:06 ModularCodeGen2_ModularCodeGenTypedCompositeActor_ModularCodeGenTypedCompositeActor.class
-rw-rw-r-- 1 travis travis 11790 Jun  1 21:06 ModularCodeGen2_ModularCodeGenTypedCompositeActor_ModularCodeGenTypedCompositeActor.java
-rw-rw-r-- 1 travis travis  1376 Jun  1 21:06 ModularCodeGen2_ModularCodeGenTypedCompositeActor_ModularCodeGenTypedCompositeActor.mk
-rw-rw-r-- 1 travis travis  1421 Jun  1 21:06 ModularCodeGen2_ModularCodeGenTypedCompositeActor_ModularCodeGenTypedCompositeActor_profile.class
-rw-rw-r-- 1 travis travis  1294 Jun  1 21:06 ModularCodeGen2_ModularCodeGenTypedCompositeActor_ModularCodeGenTypedCompositeActor_profile.java
-rw-rw-r-- 1 travis travis   820 Jun  1 21:06 ModularCodeGen2_ModularCodeGenTypedCompositeActor_profile.class
-rw-rw-r-- 1 travis travis   693 Jun  1 21:06 ModularCodeGen2_ModularCodeGenTypedCompositeActor_profile.java
-rw-rw-r-- 1 travis travis  3741 Jun  1 21:06 ModularCodeGen3_A1_B1.class
-rw-rw-r-- 1 travis travis  9958 Jun  1 21:06 ModularCodeGen3_A1_B1.java
-rw-rw-r-- 1 travis travis   880 Jun  1 21:06 ModularCodeGen3_A1_B1.mk
-rw-rw-r-- 1 travis travis  1330 Jun  1 21:06 ModularCodeGen3_A1_B1_profile.class
-rw-rw-r-- 1 travis travis  1274 Jun  1 21:06 ModularCodeGen3_A1_B1_profile.java
-rw-rw-r-- 1 travis travis  3741 Jun  1 21:06 ModularCodeGen3_A1_B2.class
-rw-rw-r-- 1 travis travis  9958 Jun  1 21:06 ModularCodeGen3_A1_B2.java
-rw-rw-r-- 1 travis travis   880 Jun  1 21:06 ModularCodeGen3_A1_B2.mk
-rw-rw-r-- 1 travis travis  1330 Jun  1 21:06 ModularCodeGen3_A1_B2_profile.class
-rw-rw-r-- 1 travis travis  1274 Jun  1 21:06 ModularCodeGen3_A1_B2_profile.java
-rw-rw-r-- 1 travis travis  4961 Jun  1 21:07 ModularCodeGen3_A1.class
-rw-rw-r-- 1 travis travis 15564 Jun  1 21:06 ModularCodeGen3_A1.java
-rw-rw-r-- 1 travis travis   856 Jun  1 21:06 ModularCodeGen3_A1.mk
-rw-rw-r-- 1 travis travis  1445 Jun  1 21:06 ModularCodeGen3_A1_profile.class
-rw-rw-r-- 1 travis travis  1716 Jun  1 21:06 ModularCodeGen3_A1_profile.java
-rw-rw-r-- 1 travis travis  3887 Jun  1 21:07 ModularCodeGen3_A2_B1.class
-rw-rw-r-- 1 travis travis 10955 Jun  1 21:07 ModularCodeGen3_A2_B1.java
-rw-rw-r-- 1 travis travis   880 Jun  1 21:07 ModularCodeGen3_A2_B1.mk
-rw-rw-r-- 1 travis travis  1393 Jun  1 21:07 ModularCodeGen3_A2_B1_profile.class
-rw-rw-r-- 1 travis travis  1458 Jun  1 21:07 ModularCodeGen3_A2_B1_profile.java
-rw-rw-r-- 1 travis travis  3741 Jun  1 21:07 ModularCodeGen3_A2_B2.class
-rw-rw-r-- 1 travis travis  9958 Jun  1 21:07 ModularCodeGen3_A2_B2.java
-rw-rw-r-- 1 travis travis   880 Jun  1 21:07 ModularCodeGen3_A2_B2.mk
-rw-rw-r-- 1 travis travis  1330 Jun  1 21:07 ModularCodeGen3_A2_B2_profile.class
-rw-rw-r-- 1 travis travis  1274 Jun  1 21:07 ModularCodeGen3_A2_B2_profile.java
-rw-rw-r-- 1 travis travis  5038 Jun  1 21:07 ModularCodeGen3_A2.class
-rw-rw-r-- 1 travis travis 15957 Jun  1 21:07 ModularCodeGen3_A2.java
-rw-rw-r-- 1 travis travis   856 Jun  1 21:07 ModularCodeGen3_A2.mk
-rw-rw-r-- 1 travis travis  1445 Jun  1 21:07 ModularCodeGen3_A2_profile.class
-rw-rw-r-- 1 travis travis  1716 Jun  1 21:07 ModularCodeGen3_A2_profile.java
-rw-rw-r-- 1 travis travis  3794 Jun  1 21:07 ModularCodeGen4_A1_B1.class
-rw-rw-r-- 1 travis travis 10312 Jun  1 21:07 ModularCodeGen4_A1_B1.java
-rw-rw-r-- 1 travis travis   880 Jun  1 21:07 ModularCodeGen4_A1_B1.mk
-rw-rw-r-- 1 travis travis  1330 Jun  1 21:07 ModularCodeGen4_A1_B1_profile.class
-rw-rw-r-- 1 travis travis  1273 Jun  1 21:07 ModularCodeGen4_A1_B1_profile.java
-rw-rw-r-- 1 travis travis  3794 Jun  1 21:07 ModularCodeGen4_A1_B2.class
-rw-rw-r-- 1 travis travis 10312 Jun  1 21:07 ModularCodeGen4_A1_B2.java
-rw-rw-r-- 1 travis travis   880 Jun  1 21:07 ModularCodeGen4_A1_B2.mk
-rw-rw-r-- 1 travis travis  1330 Jun  1 21:07 ModularCodeGen4_A1_B2_profile.class
-rw-rw-r-- 1 travis travis  1273 Jun  1 21:07 ModularCodeGen4_A1_B2_profile.java
-rw-rw-r-- 1 travis travis  1712 Jun  1 21:07 ModularCodeGen4_A1_profile.java
-rw-rw-r-- 1 travis travis  3954 Jun  1 21:06 ModularCodeGen_ModularCodeGenTypedCompositeActor.class
-rw-rw-r-- 1 travis travis 10970 Jun  1 21:06 ModularCodeGen_ModularCodeGenTypedCompositeActor.java
-rw-rw-r-- 1 travis travis  1096 Jun  1 21:06 ModularCodeGen_ModularCodeGenTypedCompositeActor.mk
-rw-rw-r-- 1 travis travis  1384 Jun  1 21:06 ModularCodeGen_ModularCodeGenTypedCompositeActor_profile.class
-rw-rw-r-- 1 travis travis  1328 Jun  1 21:06 ModularCodeGen_ModularCodeGenTypedCompositeActor_profile.java
-rw-rw-r-- 1 travis travis  3492 Jun  1 21:06 ModularCodeGenTest_A1_A2.class
-rw-rw-r-- 1 travis travis  9164 Jun  1 21:06 ModularCodeGenTest_A1_A2.java
-rw-rw-r-- 1 travis travis   904 Jun  1 21:06 ModularCodeGenTest_A1_A2.mk
-rw-rw-r-- 1 travis travis  1306 Jun  1 21:06 ModularCodeGenTest_A1_A2_profile.class
-rw-rw-r-- 1 travis travis  1228 Jun  1 21:06 ModularCodeGenTest_A1_A2_profile.java
-rw-rw-r-- 1 travis travis  3823 Jun  1 21:06 ModularCodeGenTest_A1.class
-rw-rw-r-- 1 travis travis  9968 Jun  1 21:06 ModularCodeGenTest_A1.java
-rw-rw-r-- 1 travis travis   880 Jun  1 21:06 ModularCodeGenTest_A1.mk
-rw-rw-r-- 1 travis travis  1352 Jun  1 21:06 ModularCodeGenTest_A1_profile.class
-rw-rw-r-- 1 travis travis  1394 Jun  1 21:06 ModularCodeGenTest_A1_profile.java
-rw-rw-r-- 1 travis travis   432 Jun  1 21:07 Token.class
-rw-rw-r-- 1 travis travis   251 Jun  1 21:07 Token.java
warning: Supported source version 'RELEASE_6' from annotation processor 'org.netbeans.modules.openide.util.NbBundleProcessor' less than -source '1.8'
warning: Supported source version 'RELEASE_6' from annotation processor 'org.netbeans.modules.openide.util.URLStreamHandlerRegistrationProcessor' less than -source '1.8'
warning: Supported source version 'RELEASE_6' from annotation processor 'org.netbeans.modules.openide.util.ServiceProviderProcessor' less than -source '1.8'
3 warnings
All Done
Writing ModularCodeGen4_A1.java in file:/home/travis/cg/ (16245 characters)
Reading "ptolemy/cg/kernel/generic/program/procedural/java/modular/makefile.in",
    writing "/home/travis/cg/ModularCodeGen4_A1.mk"
Using ptolemy/cg/kernel/generic/program/procedural/java/modular/makefile.in
In "/home/travis/cg", about to execute:
    make -f ModularCodeGen4_A1.mk
javac -classpath ".:.."    ModularCodeGen4_A1.java
All Done
In "/home/travis/cg", about to execute:
    pwd
/home/travis/cg
In "/home/travis/cg", about to execute:
    ls -l
total 820
-rw-rw-r-- 1 travis travis  4895 Jun  1 21:06 CompiledCompositeActor_CompiledCompositeActor.class
-rw-rw-r-- 1 travis travis  1592 Jun  1 21:06 CompiledCompositeActor_CompiledCompositeActor$_CompiledCompositeActor_CompiledCompositeActor.class
-rw-rw-r-- 1 travis travis 13466 Jun  1 21:06 CompiledCompositeActor_CompiledCompositeActor.java
-rw-rw-r-- 1 travis travis  1593 Jun  1 21:06 CompiledCompositeActor_CompiledCompositeActor.mk
-rw-rw-r-- 1 travis travis  4457 Jun  1 21:06 JavaCompiledCompositeTest1_CompiledCompositeActor.class
-rw-rw-r-- 1 travis travis 11637 Jun  1 21:06 JavaCompiledCompositeTest1_CompiledCompositeActor.java
-rw-rw-r-- 1 travis travis  1198 Jun  1 21:06 JavaCompiledCompositeTest1_CompiledCompositeActor$_JavaCompiledCompositeTest1_CompiledCompositeActor.class
-rw-rw-r-- 1 travis travis  1625 Jun  1 21:06 JavaCompiledCompositeTest1_CompiledCompositeActor.mk
-rw-rw-r-- 1 travis travis  4888 Jun  1 21:06 JavaCompiledCompositeTest2_CompiledCompositeActor.class
-rw-rw-r-- 1 travis travis 14919 Jun  1 21:06 JavaCompiledCompositeTest2_CompiledCompositeActor.java
-rw-rw-r-- 1 travis travis  1793 Jun  1 21:06 JavaCompiledCompositeTest2_CompiledCompositeActor$_JavaCompiledCompositeTest2_CompiledCompositeActor.class
-rw-rw-r-- 1 travis travis  1625 Jun  1 21:06 JavaCompiledCompositeTest2_CompiledCompositeActor.mk
-rw-rw-r-- 1 travis travis  4505 Jun  1 21:06 JavaCompiledCompositeTest3_CompiledCompositeActor.class
-rw-rw-r-- 1 travis travis 13080 Jun  1 21:06 JavaCompiledCompositeTest3_CompiledCompositeActor.java
-rw-rw-r-- 1 travis travis  1378 Jun  1 21:06 JavaCompiledCompositeTest3_CompiledCompositeActor$_JavaCompiledCompositeTest3_CompiledCompositeActor.class
-rw-rw-r-- 1 travis travis  1625 Jun  1 21:06 JavaCompiledCompositeTest3_CompiledCompositeActor.mk
-rw-rw-r-- 1 travis travis  3953 Jun  1 21:06 JavaCompiledCompositeTest4_CompiledCompositeActor.class
-rw-rw-r-- 1 travis travis  9687 Jun  1 21:06 JavaCompiledCompositeTest4_CompiledCompositeActor.java
-rw-rw-r-- 1 travis travis   857 Jun  1 21:06 JavaCompiledCompositeTest4_CompiledCompositeActor$_JavaCompiledCompositeTest4_CompiledCompositeActor.class
-rw-rw-r-- 1 travis travis  1625 Jun  1 21:06 JavaCompiledCompositeTest4_CompiledCompositeActor.mk
-rw-rw-r-- 1 travis travis  3693 Jun  1 21:06 ModularCG_A1_B1.class
-rw-rw-r-- 1 travis travis  9730 Jun  1 21:06 ModularCG_A1_B1.java
-rw-rw-r-- 1 travis travis   832 Jun  1 21:06 ModularCG_A1_B1.mk
-rw-rw-r-- 1 travis travis  1318 Jun  1 21:06 ModularCG_A1_B1_profile.class
-rw-rw-r-- 1 travis travis  1262 Jun  1 21:06 ModularCG_A1_B1_profile.java
-rw-rw-r-- 1 travis travis  3693 Jun  1 21:06 ModularCG_A1_B2.class
-rw-rw-r-- 1 travis travis  9730 Jun  1 21:06 ModularCG_A1_B2.java
-rw-rw-r-- 1 travis travis   832 Jun  1 21:06 ModularCG_A1_B2.mk
-rw-rw-r-- 1 travis travis  1318 Jun  1 21:06 ModularCG_A1_B2_profile.class
-rw-rw-r-- 1 travis travis  1262 Jun  1 21:06 ModularCG_A1_B2_profile.java
-rw-rw-r-- 1 travis travis  4799 Jun  1 21:06 ModularCG_A1.class
-rw-rw-r-- 1 travis travis 14742 Jun  1 21:06 ModularCG_A1.java
-rw-rw-r-- 1 travis travis   808 Jun  1 21:06 ModularCG_A1.mk
-rw-rw-r-- 1 travis travis  1433 Jun  1 21:06 ModularCG_A1_profile.class
In "/home/travis/cg", about to execute:
    javac -classpath
.:/home/travis/build/icyphy/ptII:/home/travis/build/icyphy/ptII/lib/bsh-2.0b4.j
ar:/home/travis/build/icyphy/ptII/lib/ptCal.jar:/home/travis/build/icyphy/ptII/
lib/java_cup.jar:/home/travis/build/icyphy/ptII/lib/saxon8.jar:/home/travis/bui
ld/icyphy/ptII/lib/saxon8-dom.jar:/home/travis/build/icyphy/ptII/lib/chic.jar:/
home/travis/build/icyphy/ptII/lib/ptcolt.jar:/usr/lib/jvm/java-8-oracle/lib/too
ls.jar:/usr/lib/eclipse/plugins/org.eclipse.jdt.core_3.8.2.dist.jar:/usr/lib/ec
lipse/plugins/org.eclipse.core.runtime_3.8.0.dist.jar:/usr/lib/eclipse/plugins/
org.eclipse.osgi_3.8.1.dist.jar:/usr/lib/eclipse/plugins/org.eclipse.core.resou
rces_3.8.1.dist.jar:/usr/lib/eclipse/plugins/org.eclipse.equinox.common_3.6.100
.dist.jar:/usr/lib/eclipse/plugins/org.eclipse.core.jobs_3.5.200.dist.jar:/usr/
lib/eclipse/plugins/org.eclipse.core.contenttype_3.4.200.dist.jar:/usr/lib/ecli
pse/plugins/org.eclipse.equinox.preferences_3.5.0.dist.jar:/usr/lib/eclipse/plu
gins/org.eclipse.text_3.5.200.dist.jar:/usr/lib/eclipse/plugins/org.eclipse.ui.
workbench_3.8.1.dist.jar:/usr/lib/eclipse/plugins/org.eclipse.jface_3.8.0.dist.
jar:/usr/lib/eclipse/plugins/org.eclipse.swt_3.8.2.jar:/usr/lib/eclipse/plugins
/org.eclipse.jface.text_3.8.1.dist.jar:/usr/lib/eclipse/plugins/org.eclipse.ui.
workbench.texteditor_3.8.0.dist.jar:/usr/lib/eclipse/plugins/org.eclipse.ui.edi
tors_3.8.0.dist.jar:/usr/lib/eclipse/plugins/org.eclipse.core.commands_3.6.1.di
st.jar:/usr/lib/eclipse/plugins/org.eclipse.equinox.registry_3.5.200.dist.jar:/
usr/lib/eclipse/plugins/org.eclipse.ui.console_3.5.100.dist.jar:/usr/lib/eclips
e/plugins/org.eclipse.ui.forms_3.5.200.dist.jar:/usr/lib/eclipse/plugins/org.ec
lipse.ui.ide_3.8.1.dist.jar:/home/travis/build/icyphy/ptII/vendors/oracle/dbxml
.jar:/home/travis/build/icyphy/ptII/vendors/oracle/db.jar:/home/travis/build/ic
yphy/ptII/vendors/misc/itext/iText.jar:/home/travis/build/icyphy/ptII/lib/g4ltl
.jar:/home/travis/build/icyphy/ptII/lib/StructuralCoder.jar:/home/travis/build/
icyphy/ptII/lib/org-openide-util.jar:/home/travis/build/icyphy/ptII/lib/org-ope
nide-util-lookup.jar:/home/travis/build/icyphy/ptII/lib/org-netbeans-api-visual
.jar:/home/travis/build/icyphy/ptII/vendors/jai-1_1_2_01/lib/jai_core.jar:/home
/travis/build/icyphy/ptII/vendors/jai-1_1_2_01/lib/jai_codec.jar:/home/travis/b
uild/icyphy/ptII/lib/jcerti.jar:/home/travis/build/icyphy/ptII/lib/smack.jar:/h
ome/travis/build/icyphy/ptII/lib/smackx.jar:/home/travis/build/icyphy/ptII/lib/
jetty-all-8.1.5-v20120716.jar:/home/travis/build/icyphy/ptII/lib/javax.servlet-
api-3.0.1.jar:/home/travis/build/icyphy/ptII/lib/javax.mail.jar:/home/travis/bu
ild/icyphy/ptII/vendors/JMF-2.1.1e/lib/jmf.jar:/home/travis/build/icyphy/ptII/l
ib/jna-4.0.0-variadic.jar:/home/travis/build/icyphy/ptII/vendors/misc/joystick/
Joystick.jar:/home/travis/build/icyphy/ptII/lib/ptjacl.jar:/home/travis/build/i
cyphy/ptII/lib/jsoup-1.8.2.jar:/home/travis/build/icyphy/ptII/lib/junit-4.8.2.j
ar:/home/travis/build/icyphy/ptII/lib/JUnitParams-0.4.0.jar:/home/travis/build/
icyphy/ptII/ptolemy/actor/lib/excel/jxl.jar:/home/travis/build/icyphy/ptII/lib/
jython.jar:/home/travis/build/icyphy/ptII/lib/kieler.jar:/home/travis/build/icy
phy/ptII/vendors/opencv/share/OpenCV/java/opencv-341.jar:/home/travis/build/icy
phy/ptII/lib/oscP5.jar:/home/travis/build/icyphy/ptII/lib/nrjavaserial-3.11.0.d
evel.jar:/usr/share/java/j3dcore.jar:/usr/share/java/j3dutils.jar:/usr/share/ja
va/vecmath.jar:/home/travis/build/icyphy/ptII/ptolemy/distributed/jini/jar/jini
-core.jar:/home/travis/build/icyphy/ptII/ptolemy/distributed/jini/jar/jini-ext.
jar:/home/travis/build/icyphy/ptII/ptolemy/distributed/jini/jar/sun-util.jar:/h
ome/travis/build/icyphy/ptII/lib/protobuf-java-2.4.1.jar:/home/travis/build/icy
phy/ptII/lib/org.eclipse.paho.client.mqttv3.jar:/home/travis/build/icyphy/ptII/
ptserver/lib/hessian-4.0.7.jar:/home/travis/build/icyphy/ptII/ptserver/lib/wmqt
t.jar:/home/travis/build/icyphy/ptII/lib/mapss.jar:/home/travis/build/icyphy/pt
II/ptolemy/actor/ptalon/antlr/antlr.jar:/home/travis/build/icyphy/ptII/lib/JRI.
jar:/home/travis/build/icyphy/ptII/lib/commons-lang-2.6.jar:/home/travis/build/
icyphy/ptII/lib/commons-logging-1.1.1.jar:/home/travis/build/icyphy/ptII/lib/so
otclasses.jar:/home/travis/build/icyphy/ptII/ptolemy/actor/lib/database/mysql-c
onnector-java-5.1.6-bin.jar:/home/travis/build/icyphy/ptII/vendors/misc/sphinx4
/sphinx4-data-5prealpha.jar:/home/travis/build/icyphy/ptII/vendors/misc/sphinx4
/sphinx4-core-5prealpha.jar:/home/travis/build/icyphy/ptII/lib/PDFRenderer.jar:
/home/travis/build/icyphy/ptII/lib/svgSalamander.jar:/home/travis/build/icyphy/
ptII/lib/rsyntaxtextarea-2.6.0-SNAPSHOT.jar:/home/travis/build/icyphy/ptII/lib/
hazelcast-3.8.2.jar:/home/travis/build/icyphy/ptII/lib/jackson-annotations-2.9.
0.jar:/home/travis/build/icyphy/ptII/lib/jackson-core-2.9.3.jar:/home/travis/bu
ild/icyphy/ptII/lib/jackson-databind-2.9.3.jar:/home/travis/build/icyphy/ptII/l
ib/netty-buffer-4.1.19.Final.jar:/home/travis/build/icyphy/ptII/lib/netty-codec
-4.1.19.Final.jar:/home/travis/build/icyphy/ptII/lib/netty-codec-dns-4.1.19.Fin
al.jar:/home/travis/build/icyphy/ptII/lib/netty-codec-http-4.1.19.Final.jar:/ho
me/travis/build/icyphy/ptII/lib/netty-codec-http2-4.1.19.Final.jar:/home/travis
/build/icyphy/ptII/lib/netty-common-4.1.19.Final.jar:/home/travis/build/icyphy/
ptII/lib/netty-handler-4.1.19.Final.jar:/home/travis/build/icyphy/ptII/lib/nett
y-resolver-4.1.19.Final.jar:/home/travis/build/icyphy/ptII/lib/netty-resolver-d
ns-4.1.19.Final.jar:/home/travis/build/icyphy/ptII/lib/netty-transport-4.1.19.F
inal.jar:/home/travis/build/icyphy/ptII/lib/vertx-codegen-3.5.1.jar:/home/travi
s/build/icyphy/ptII/lib/vertx-core-3.5.2-SNAPSHOT.jar:/home/travis/build/icyphy
/ptII/lib/vertx-hazelcast-3.5.1.jar:/home/travis/build/icyphy/ptII/lib/vertx-la
ng-js-3.5.1.jar:/home/travis/build/icyphy/ptII/lib/vertx-service-proxy-3.5.1.ja
r:/home/travis/build/icyphy/ptII/lib/vertx-web-3.5.1.jar:/home/travis/build/icy
phy/ptII/lib/slf4j-api-1.7.13.jar:/home/travis/build/icyphy/ptII/lib/slf4j-simp
le-1.7.13.jar:/home/travis/build/icyphy/ptII/lib/webcam-capture-0.3.12.jar:/hom
e/travis/build/icyphy/ptII/lib/bridj-0.7.0.jar:/home/travis/build/icyphy/ptII/l
ib/xbjlib-1.1.0.nrjavaserial.jar:/home/travis/build/icyphy/ptII/ptolemy/moml/te
st:/home/travis/build/icyphy/ptII/ant/lib/ant-launcher.jar:/home/travis/build/i
cyphy/ptII/ant/lib/ant.jar:/home/travis/build/icyphy/ptII/ant/lib/ant-junit.jar
:/home/travis/build/icyphy/ptII/ant/lib/ant-junit4.jar:/home/travis/build/icyph
y/ptII ModularCodeGen4_A2_B1_profile.java
-rw-rw-r-- 1 travis travis  1704 Jun  1 21:06 ModularCG_A1_profile.java
-rw-rw-r-- 1 travis travis  3827 Jun  1 21:06 ModularCG_A2_B1.class
-rw-rw-r-- 1 travis travis 10667 Jun  1 21:06 ModularCG_A2_B1.java
-rw-rw-r-- 1 travis travis   832 Jun  1 21:06 ModularCG_A2_B1.mk
-rw-rw-r-- 1 travis travis  1381 Jun  1 21:06 ModularCG_A2_B1_profile.class
-rw-rw-r-- 1 travis travis  1446 Jun  1 21:06 ModularCG_A2_B1_profile.java
-rw-rw-r-- 1 travis travis  3693 Jun  1 21:06 ModularCG_A2_B2.class
-rw-rw-r-- 1 travis travis  9730 Jun  1 21:06 ModularCG_A2_B2.java
-rw-rw-r-- 1 travis travis   832 Jun  1 21:06 ModularCG_A2_B2.mk
-rw-rw-r-- 1 travis travis  1318 Jun  1 21:06 ModularCG_A2_B2_profile.class
-rw-rw-r-- 1 travis travis  1262 Jun  1 21:06 ModularCG_A2_B2_profile.java
-rw-rw-r-- 1 travis travis  4870 Jun  1 21:06 ModularCG_A2.class
-rw-rw-r-- 1 travis travis 15129 Jun  1 21:06 ModularCG_A2.java
-rw-rw-r-- 1 travis travis   808 Jun  1 21:06 ModularCG_A2.mk
-rw-rw-r-- 1 travis travis  1433 Jun  1 21:06 ModularCG_A2_profile.class
-rw-rw-r-- 1 travis travis  1704 Jun  1 21:06 ModularCG_A2_profile.java
-rw-rw-r-- 1 travis travis  3473 Jun  1 21:06 ModularCGPubSub_A1_A2.class
-rw-rw-r-- 1 travis travis  9076 Jun  1 21:06 ModularCGPubSub_A1_A2.java
-rw-rw-r-- 1 travis travis   880 Jun  1 21:06 ModularCGPubSub_A1_A2.mk
-rw-rw-r-- 1 travis travis  1300 Jun  1 21:06 ModularCGPubSub_A1_A2_profile.class
-rw-rw-r-- 1 travis travis  1222 Jun  1 21:06 ModularCGPubSub_A1_A2_profile.java
-rw-rw-r-- 1 travis travis  3790 Jun  1 21:06 ModularCGPubSub_A1.class
-rw-rw-r-- 1 travis travis  9836 Jun  1 21:06 ModularCGPubSub_A1.java
-rw-rw-r-- 1 travis travis   856 Jun  1 21:06 ModularCGPubSub_A1.mk
-rw-rw-r-- 1 travis travis  1346 Jun  1 21:06 ModularCGPubSub_A1_profile.class
-rw-rw-r-- 1 travis travis  1388 Jun  1 21:06 ModularCGPubSub_A1_profile.java
-rw-rw-r-- 1 travis travis  3988 Jun  1 21:06 ModularCodeGen2_ModularCodeGenTypedCompositeActor.class
-rw-rw-r-- 1 travis travis 11690 Jun  1 21:06 ModularCodeGen2_ModularCodeGenTypedCompositeActor.java
-rw-rw-r-- 1 travis travis  1104 Jun  1 21:06 ModularCodeGen2_ModularCodeGenTypedCompositeActor.mk
-rw-rw-r-- 1 travis travis  4272 Jun  1 21:06 ModularCodeGen2_ModularCodeGenTypedCompositeActor_ModularCodeGenTypedCompositeActor.class
-rw-rw-r-- 1 travis travis 11790 Jun  1 21:06 ModularCodeGen2_ModularCodeGenTypedCompositeActor_ModularCodeGenTypedCompositeActor.java
-rw-rw-r-- 1 travis travis  1376 Jun  1 21:06 ModularCodeGen2_ModularCodeGenTypedCompositeActor_ModularCodeGenTypedCompositeActor.mk
-rw-rw-r-- 1 travis travis  1421 Jun  1 21:06 ModularCodeGen2_ModularCodeGenTypedCompositeActor_ModularCodeGenTypedCompositeActor_profile.class
-rw-rw-r-- 1 travis travis  1294 Jun  1 21:06 ModularCodeGen2_ModularCodeGenTypedCompositeActor_ModularCodeGenTypedCompositeActor_profile.java
-rw-rw-r-- 1 travis travis   820 Jun  1 21:06 ModularCodeGen2_ModularCodeGenTypedCompositeActor_profile.class
-rw-rw-r-- 1 travis travis   693 Jun  1 21:06 ModularCodeGen2_ModularCodeGenTypedCompositeActor_profile.java
-rw-rw-r-- 1 travis travis  3741 Jun  1 21:06 ModularCodeGen3_A1_B1.class
-rw-rw-r-- 1 travis travis  9958 Jun  1 21:06 ModularCodeGen3_A1_B1.java
-rw-rw-r-- 1 travis travis   880 Jun  1 21:06 ModularCodeGen3_A1_B1.mk
-rw-rw-r-- 1 travis travis  1330 Jun  1 21:06 ModularCodeGen3_A1_B1_profile.class
-rw-rw-r-- 1 travis travis  1274 Jun  1 21:06 ModularCodeGen3_A1_B1_profile.java
-rw-rw-r-- 1 travis travis  3741 Jun  1 21:06 ModularCodeGen3_A1_B2.class
-rw-rw-r-- 1 travis travis  9958 Jun  1 21:06 ModularCodeGen3_A1_B2.java
-rw-rw-r-- 1 travis travis   880 Jun  1 21:06 ModularCodeGen3_A1_B2.mk
-rw-rw-r-- 1 travis travis  1330 Jun  1 21:06 ModularCodeGen3_A1_B2_profile.class
-rw-rw-r-- 1 travis travis  1274 Jun  1 21:06 ModularCodeGen3_A1_B2_profile.java
-rw-rw-r-- 1 travis travis  4961 Jun  1 21:07 ModularCodeGen3_A1.class
-rw-rw-r-- 1 travis travis 15564 Jun  1 21:06 ModularCodeGen3_A1.java
-rw-rw-r-- 1 travis travis   856 Jun  1 21:06 ModularCodeGen3_A1.mk
-rw-rw-r-- 1 travis travis  1445 Jun  1 21:06 ModularCodeGen3_A1_profile.class
-rw-rw-r-- 1 travis travis  1716 Jun  1 21:06 ModularCodeGen3_A1_profile.java
-rw-rw-r-- 1 travis travis  3887 Jun  1 21:07 ModularCodeGen3_A2_B1.class
-rw-rw-r-- 1 travis travis 10955 Jun  1 21:07 ModularCodeGen3_A2_B1.java
-rw-rw-r-- 1 travis travis   880 Jun  1 21:07 ModularCodeGen3_A2_B1.mk
-rw-rw-r-- 1 travis travis  1393 Jun  1 21:07 ModularCodeGen3_A2_B1_profile.class
-rw-rw-r-- 1 travis travis  1458 Jun  1 21:07 ModularCodeGen3_A2_B1_profile.java
-rw-rw-r-- 1 travis travis  3741 Jun  1 21:07 ModularCodeGen3_A2_B2.class
-rw-rw-r-- 1 travis travis  9958 Jun  1 21:07 ModularCodeGen3_A2_B2.java
-rw-rw-r-- 1 travis travis   880 Jun  1 21:07 ModularCodeGen3_A2_B2.mk
-rw-rw-r-- 1 travis travis  1330 Jun  1 21:07 ModularCodeGen3_A2_B2_profile.class
-rw-rw-r-- 1 travis travis  1274 Jun  1 21:07 ModularCodeGen3_A2_B2_profile.java
-rw-rw-r-- 1 travis travis  5038 Jun  1 21:07 ModularCodeGen3_A2.class
-rw-rw-r-- 1 travis travis 15957 Jun  1 21:07 ModularCodeGen3_A2.java
-rw-rw-r-- 1 travis travis   856 Jun  1 21:07 ModularCodeGen3_A2.mk
-rw-rw-r-- 1 travis travis  1445 Jun  1 21:07 ModularCodeGen3_A2_profile.class
-rw-rw-r-- 1 travis travis  1716 Jun  1 21:07 ModularCodeGen3_A2_profile.java
-rw-rw-r-- 1 travis travis  3794 Jun  1 21:07 ModularCodeGen4_A1_B1.class
-rw-rw-r-- 1 travis travis 10312 Jun  1 21:07 ModularCodeGen4_A1_B1.java
-rw-rw-r-- 1 travis travis   880 Jun  1 21:07 ModularCodeGen4_A1_B1.mk
-rw-rw-r-- 1 travis travis  1330 Jun  1 21:07 ModularCodeGen4_A1_B1_profile.class
-rw-rw-r-- 1 travis travis  1273 Jun  1 21:07 ModularCodeGen4_A1_B1_profile.java
-rw-rw-r-- 1 travis travis  3794 Jun  1 21:07 ModularCodeGen4_A1_B2.class
-rw-rw-r-- 1 travis travis 10312 Jun  1 21:07 ModularCodeGen4_A1_B2.java
-rw-rw-r-- 1 travis travis   880 Jun  1 21:07 ModularCodeGen4_A1_B2.mk
-rw-rw-r-- 1 travis travis  1330 Jun  1 21:07 ModularCodeGen4_A1_B2_profile.class
-rw-rw-r-- 1 travis travis  1273 Jun  1 21:07 ModularCodeGen4_A1_B2_profile.java
-rw-rw-r-- 1 travis travis  5101 Jun  1 21:07 ModularCodeGen4_A1.class
-rw-rw-r-- 1 travis travis 16245 Jun  1 21:07 ModularCodeGen4_A1.java
-rw-rw-r-- 1 travis travis   856 Jun  1 21:07 ModularCodeGen4_A1.mk
-rw-rw-r-- 1 travis travis  1445 Jun  1 21:07 ModularCodeGen4_A1_profile.class
-rw-rw-r-- 1 travis travis  1712 Jun  1 21:07 ModularCodeGen4_A1_profile.java
-rw-rw-r-- 1 travis travis  1454 Jun  1 21:07 ModularCodeGen4_A2_B1_profile.java
-rw-rw-r-- 1 travis travis  3954 Jun  1 21:06 ModularCodeGen_ModularCodeGenTypedCompositeActor.class
-rw-rw-r-- 1 travis travis 10970 Jun  1 21:06 ModularCodeGen_ModularCodeGenTypedCompositeActor.java
-rw-rw-r-- 1 travis travis  1096 Jun  1 21:06 ModularCodeGen_ModularCodeGenTypedCompositeActor.mk
-rw-rw-r-- 1 travis travis  1384 Jun  1 21:06 ModularCodeGen_ModularCodeGenTypedCompositeActor_profile.class
-rw-rw-r-- 1 travis travis  1328 Jun  1 21:06 ModularCodeGen_ModularCodeGenTypedCompositeActor_profile.java
-rw-rw-r-- 1 travis travis  3492 Jun  1 21:06 ModularCodeGenTest_A1_A2.class
-rw-rw-r-- 1 travis travis  9164 Jun  1 21:06 ModularCodeGenTest_A1_A2.java
-rw-rw-r-- 1 travis travis   904 Jun  1 21:06 ModularCodeGenTest_A1_A2.mk
-rw-rw-r-- 1 travis travis  1306 Jun  1 21:06 ModularCodeGenTest_A1_A2_profile.class
-rw-rw-r-- 1 travis travis  1228 Jun  1 21:06 ModularCodeGenTest_A1_A2_profile.java
-rw-rw-r-- 1 travis travis  3823 Jun  1 21:06 ModularCodeGenTest_A1.class
-rw-rw-r-- 1 travis travis  9968 Jun  1 21:06 ModularCodeGenTest_A1.java
-rw-rw-r-- 1 travis travis   880 Jun  1 21:06 ModularCodeGenTest_A1.mk
-rw-rw-r-- 1 travis travis  1352 Jun  1 21:06 ModularCodeGenTest_A1_profile.class
-rw-rw-r-- 1 travis travis  1394 Jun  1 21:06 ModularCodeGenTest_A1_profile.java
-rw-rw-r-- 1 travis travis   432 Jun  1 21:07 Token.class
-rw-rw-r-- 1 travis travis   251 Jun  1 21:07 Token.java
warning: Supported source version 'RELEASE_6' from annotation processor 'org.netbeans.modules.openide.util.NbBundleProcessor' less than -source '1.8'
warning: Supported source version 'RELEASE_6' from annotation processor 'org.netbeans.modules.openide.util.URLStreamHandlerRegistrationProcessor' less than -source '1.8'
warning: Supported source version 'RELEASE_6' from annotation processor 'org.netbeans.modules.openide.util.ServiceProviderProcessor' less than -source '1.8'
3 warnings
All Done
Writing ModularCodeGen4_A2_B1.java in file:/home/travis/cg/ (11375 characters)
Reading "ptolemy/cg/kernel/generic/program/procedural/java/modular/makefile.in",
    writing "/home/travis/cg/ModularCodeGen4_A2_B1.mk"
Using ptolemy/cg/kernel/generic/program/procedural/java/modular/makefile.in
In "/home/travis/cg", about to execute:
    make -f ModularCodeGen4_A2_B1.mk
javac -classpath ".:.."    ModularCodeGen4_A2_B1.java
All Done
In "/home/travis/cg", about to execute:
    pwd
/home/travis/cg
In "/home/travis/cg", about to execute:
    ls -l
total 848
-rw-rw-r-- 1 travis travis  4895 Jun  1 21:06 CompiledCompositeActor_CompiledCompositeActor.class
-rw-rw-r-- 1 travis travis  1592 Jun  1 21:06 CompiledCompositeActor_CompiledCompositeActor$_CompiledCompositeActor_CompiledCompositeActor.class
-rw-rw-r-- 1 travis travis 13466 Jun  1 21:06 CompiledCompositeActor_CompiledCompositeActor.java
-rw-rw-r-- 1 travis travis  1593 Jun  1 21:06 CompiledCompositeActor_CompiledCompositeActor.mk
-rw-rw-r-- 1 travis travis  4457 Jun  1 21:06 JavaCompiledCompositeTest1_CompiledCompositeActor.class
-rw-rw-r-- 1 travis travis 11637 Jun  1 21:06 JavaCompiledCompositeTest1_CompiledCompositeActor.java
-rw-rw-r-- 1 travis travis  1198 Jun  1 21:06 JavaCompiledCompositeTest1_CompiledCompositeActor$_JavaCompiledCompositeTest1_CompiledCompositeActor.class
-rw-rw-r-- 1 travis travis  1625 Jun  1 21:06 JavaCompiledCompositeTest1_CompiledCompositeActor.mk
-rw-rw-r-- 1 travis travis  4888 Jun  1 21:06 JavaCompiledCompositeTest2_CompiledCompositeActor.class
-rw-rw-r-- 1 travis travis 14919 Jun  1 21:06 JavaCompiledCompositeTest2_CompiledCompositeActor.java
-rw-rw-r-- 1 travis travis  1793 Jun  1 21:06 JavaCompiledCompositeTest2_CompiledCompositeActor$_JavaCompiledCompositeTest2_CompiledCompositeActor.class
-rw-rw-r-- 1 travis travis  1625 Jun  1 21:06 JavaCompiledCompositeTest2_CompiledCompositeActor.mk
-rw-rw-r-- 1 travis travis  4505 Jun  1 21:06 JavaCompiledCompositeTest3_CompiledCompositeActor.class
-rw-rw-r-- 1 travis travis 13080 Jun  1 21:06 JavaCompiledCompositeTest3_CompiledCompositeActor.java
-rw-rw-r-- 1 travis travis  1378 Jun  1 21:06 JavaCompiledCompositeTest3_CompiledCompositeActor$_JavaCompiledCompositeTest3_CompiledCompositeActor.class
-rw-rw-r-- 1 travis travis  1625 Jun  1 21:06 JavaCompiledCompositeTest3_CompiledCompositeActor.mk
-rw-rw-r-- 1 travis travis  3953 Jun  1 21:06 JavaCompiledCompositeTest4_CompiledCompositeActor.class
-rw-rw-r-- 1 travis travis  9687 Jun  1 21:06 JavaCompiledCompositeTest4_CompiledCompositeActor.java
-rw-rw-r-- 1 travis travis   857 Jun  1 21:06 JavaCompiledCompositeTest4_CompiledCompositeActor$_JavaCompiledCompositeTest4_CompiledCompositeActor.class
-rw-rw-r-- 1 travis travis  1625 Jun  1 21:06 JavaCompiledCompositeTest4_CompiledCompositeActor.mk
-rw-rw-r-- 1 travis travis  3693 Jun  1 21:06 ModularCG_A1_B1.class
-rw-rw-r-- 1 travis travis  9730 Jun  1 21:06 ModularCG_A1_B1.java
-rw-rw-r-- 1 travis travis   832 Jun  1 21:06 ModularCG_A1_B1.mk
-rw-rw-r-- 1 travis travis  1318 Jun  1 21:06 ModularCG_A1_B1_profile.class
-rw-rw-r-- 1 travis travis  1262 Jun  1 21:06 ModularCG_A1_B1_profile.java
-rw-rw-r-- 1 travis travis  3693 Jun  1 21:06 ModularCG_A1_B2.class
-rw-rw-r-- 1 travis travis  9730 Jun  1 21:06 ModularCG_A1_B2.java
-rw-rw-r-- 1 travis travis   832 Jun  1 21:06 ModularCG_A1_B2.mk
-rw-rw-r-- 1 travis travis  1318 Jun  1 21:06 ModularCG_A1_B2_profile.class
-rw-rw-r-- 1 travis travis  1262 Jun  1 21:06 ModularCG_A1_B2_profile.java
-rw-rw-r-- 1 travis travis  4799 Jun  1 21:06 ModularCG_A1.class
-rw-rw-r-- 1 travis travis 14742 Jun  1 21:06 ModularCG_A1.java
-rw-rw-r-- 1 travis travis   808 Jun  1 21:06 ModularCG_A1.mk
-rw-rw-r-- 1 travis travis  1433 Jun  1 21:06 ModularCG_A1_profile.class
-rw-rw-r-- 1 travis travis  1704 Jun  1 21:06 ModularCG_A1_profile.java
-rw-rw-r-- 1 travis travis  3827 Jun  1 21:06 ModularCG_A2_B1.class
-rw-rw-r-- 1 travis travis 10667 Jun  1 21:06 ModularCG_A2_B1.java
-rw-rw-r-- 1 travis travis   832 Jun  1 21:06 ModularCG_A2_B1.mk
-rw-rw-r-- 1 travis travis  1381 Jun  1 21:06 ModularCG_A2_B1_profile.class
-rw-rw-r-- 1 travis travis  1446 Jun  1 21:06 ModularCG_A2_B1_profile.java
-rw-rw-r-- 1 travis travis  3693 Jun  1 21:06 ModularCG_A2_B2.class
-rw-rw-r-- 1 travis travis  9730 Jun  1 21:06 ModularCG_A2_B2.java
-rw-rw-r-- 1 travis travis   832 Jun  1 21:06 ModularCG_A2_B2.mk
-rw-rw-r-- 1 travis travis  1318 Jun  1 21:06 ModularCG_A2_B2_profile.class
-rw-rw-r-- 1 travis travis  1262 Jun  1 21:06 ModularCG_A2_B2_profile.java
-rw-rw-r-- 1 travis travis  4870 Jun  1 21:06 ModularCG_A2.class
-rw-rw-r-- 1 travis travis 15129 Jun  1 21:06 ModularCG_A2.java
-rw-rw-r-- 1 travis travis   808 Jun  1 21:06 ModularCG_A2.mk
-rw-rw-r-- 1 travis travis  1433 Jun  1 21:06 ModularCG_A2_profile.class
-rw-rw-r-- 1 travis travis  1704 Jun  1 21:06 ModularCG_A2_profile.java
-rw-rw-r-- 1 travis travis  3473 Jun  1 21:06 ModularCGPubSub_A1_A2.class
-rw-rw-r-- 1 travis travis  9076 Jun  1 21:06 ModularCGPubSub_A1_A2.java
-rw-rw-r-- 1 travis travis   880 Jun  1 21:06 ModularCGPubSub_A1_A2.mk
-rw-rw-r-- 1 travis travis  1300 Jun  1 21:06 ModularCGPubSub_A1_A2_profile.class
-rw-rw-r-- 1 travis travis  1222 Jun  1 21:06 ModularCGPubSub_A1_A2_profile.java
-rw-rw-r-- 1 travis travis  3790 Jun  1 21:06 ModularCGPubSub_A1.class
-rw-rw-r-- 1 travis travis  9836 Jun  1 21:06 ModularCGPubSub_A1.java
-rw-rw-r-- 1 travis travis   856 Jun  1 21:06 ModularCGPubSub_A1.mk
-rw-rw-r-- 1 travis travis  1346 Jun  1 21:06 ModularCGPubSub_A1_profile.class
-rw-rw-r-- 1 travis travis  1388 Jun  1 21:06 ModularCGPubSub_A1_profile.java
-rw-rw-r-- 1 travis travis  3988 Jun  1 21:06 ModularCodeGen2_ModularCodeGenTypedCompositeActor.class
-rw-rw-r-- 1 travis travis 11690 Jun  1 21:06 ModularCodeGen2_ModularCodeGenTypedCompositeActor.java
-rw-rw-r-- 1 travis travis  1104 Jun  1 21:06 ModularCodeGen2_ModularCodeGenTypedCompositeActor.mk
-rw-rw-r-- 1 travis travis  4272 Jun  1 21:06 ModularCodeGen2_ModularCodeGenTypedCompositeActor_ModularCodeGenTypedCompositeActor.class
-rw-rw-r-- 1 travis travis 11790 Jun  1 21:06 ModularCodeGen2_ModularCodeGenTypedCompositeActor_ModularCodeGenTypedCompositeActor.java
-rw-rw-r-- 1 travis travis  1376 Jun  1 21:06 ModularCodeGen2_ModularCodeGenTypedCompositeActor_ModularCodeGenTypedCompositeActor.mk
-rw-rw-r-- 1 travis travis  1421 Jun  1 21:06 ModularCodeGen2_ModularCodeGenTypedCompositeActor_ModularCodeGenTypedCompositeActor_profile.class
-rw-rw-r-- 1 travis travis  1294 Jun  1 21:06 ModularCodeGen2_ModularCodeGenTypedCompositeActor_ModularCodeGenTypedCompositeActor_profile.java
-rw-rw-r-- 1 travis travis   820 Jun  1 21:06 ModularCodeGen2_ModularCodeGenTypedCompositeActor_profile.class
-rw-rw-r-- 1 travis travis   693 Jun  1 21:06 ModularCodeGen2_ModularCodeGenTypedCompositeActor_profile.java
-rw-rw-r-- 1 travis travis  3741 Jun  1 21:06 ModularCodeGen3_A1_B1.class
-rw-rw-r-- 1 travis travis  9958 Jun  1 21:06 ModularCodeGen3_A1_B1.java
-rw-rw-r-- 1 travis travis   880 Jun  1 21:06 ModularCodeGen3_A1_B1.mk
-rw-rw-r-- 1 travis travis  1330 Jun  1 21:06 ModularCodeGen3_A1_B1_profile.class
-rw-rw-r-- 1 travis travis  1274 Jun  1 21:06 ModularCodeGen3_A1_B1_profile.java
-rw-rw-r-- 1 travis travis  3741 Jun  1 21:06 ModularCodeGen3_A1_B2.class
-rw-rw-r-- 1 travis travis  9958 Jun  1 21:06 ModularCodeGen3_A1_B2.java
-rw-rw-r-- 1 travis travis   880 Jun  1 21:06 ModularCodeGen3_A1_B2.mk
-rw-rw-r-- 1 travis travis  1330 Jun  1 21:06 ModularCodeGen3_A1_B2_profile.class
-rw-rw-r-- 1 travis travis  1274 Jun  1 21:06 ModularCodeGen3_A1_B2_profile.java
-rw-rw-r-- 1 travis travis  4961 Jun  1 21:07 ModularCodeGen3_A1.class
-rw-rw-r-- 1 travis travis 15564 Jun  1 21:06 ModularCodeGen3_A1.java
-rw-rw-r-- 1 travis travis   856 Jun  1 21:06 ModularCodeGen3_A1.mk
-rw-rw-r-- 1 travis travis  1445 Jun  1 21:06 ModularCodeGen3_A1_profile.class
-rw-rw-r-- 1 travis travis  1716 Jun  1 21:06 ModularCodeGen3_A1_profile.java
-rw-rw-r-- 1 travis travis  3887 Jun  1 21:07 ModularCodeGen3_A2_B1.class
-rw-rw-r-- 1 travis travis 10955 Jun  1 21:07 ModularCodeGen3_A2_B1.java
-rw-rw-r-- 1 travis travis   880 Jun  1 21:07 ModularCodeGen3_A2_B1.mk
-rw-rw-r-- 1 travis travis  1393 Jun  1 21:07 ModularCodeGen3_A2_B1_profile.class
-rw-rw-r-- 1 travis travis  1458 Jun  1 21:07 ModularCodeGen3_A2_B1_profile.java
-rw-rw-r-- 1 travis travis  3741 Jun  1 21:07 ModularCodeGen3_A2_B2.class
-rw-rw-r-- 1 travis travis  9958 Jun  1 21:07 ModularCodeGen3_A2_B2.java
-rw-rw-r-- 1 travis travis   880 Jun  1 21:07 ModularCodeGen3_A2_B2.mk
-rw-rw-r-- 1 travis travis  1330 Jun  1 21:07 ModularCodeGen3_A2_B2_profile.class
-rw-rw-r-- 1 travis travis  1274 Jun  1 21:07 ModularCodeGen3_A2_B2_profile.java
-rw-rw-r-- 1 travis travis  5038 Jun  1 21:07 ModularCodeGen3_A2.class
-rw-rw-r-- 1 travis travis 15957 Jun  1 21:07 ModularCodeGen3_A2.java
-rw-rw-r-- 1 travis travis   856 Jun  1 21:07 ModularCodeGen3_A2.mk
-rw-rw-r-- 1 travis travis  1445 Jun  1 21:07 ModularCodeGen3_A2_profile.class
-rw-rw-r-- 1 travis travis  1716 Jun  1 21:07 ModularCodeGen3_A2_profile.java
-rw-rw-r-- 1 travis travis  3794 Jun  1 21:07 ModularCodeGen4_A1_B1.class
-rw-rw-r-- 1 travis travis 10312 Jun  1 21:07 ModularCodeGen4_A1_B1.java
-rw-rw-r-- 1 travis travis   880 Jun  1 21:07 ModularCodeGen4_A1_B1.mk
-rw-rw-r-- 1 travis travis  1330 Jun  1 21:07 ModularCodeGen4_A1_B1_profile.class
-rw-rw-r-- 1 travis travis  1273 Jun  1 21:07 ModularCodeGen4_A1_B1_profile.java
-rw-rw-r-- 1 travis travis  3794 Jun  1 21:07 ModularCodeGen4_A1_B2.class
-rw-rw-r-- 1 travis travis 10312 Jun  1 21:07 ModularCodeGen4_A1_B2.java
-rw-rw-r-- 1 travis travis   880 Jun  1 21:07 ModularCodeGen4_A1_B2.mk
-rw-rw-r-- 1 travis travis  1330 Jun  1 21:07 ModularCodeGen4_A1_B2_profile.class
-rw-rw-r-- 1 travis travis  1273 Jun  1 21:07 ModularCodeGen4_A1_B2_profile.java
-rw-rw-r-- 1 travis travis  5101 Jun  1 21:07 ModularCodeGen4_A1.class
-rw-rw-r-- 1 travis travis 16245 Jun  1 21:07 ModularCodeGen4_A1.java
-rw-rw-r-- 1 travis travis   856 Jun  1 21:07 ModularCodeGen4_A1.mk
-rw-rw-r-- 1 travis travis  1445 Jun  1 21:07 ModularCodeGen4_A1_profile.class
-rw-rw-r-- 1 travis travis  1712 Jun  1 21:07 ModularCodeGen4_A1_profile.java
-rw-rw-r-- 1 travis travis  3988 Jun  1 21:07 ModularCodeGen4_A2_B1.class
-rw-rw-r-- 1 travis travis 11375 Jun  1 21:07 ModularCodeGen4_A2_B1.java
-rw-rw-r-- 1 travis travis   880 Jun  1 21:07 ModularCodeGen4_A2_B1.mk
-rw-rw-r-- 1 travis travis  1393 Jun  1 21:07 ModularCodeGen4_A2_B1_profile.class
-rw-rw-r-- 1 travis travis  1454 Jun  1 21:07 ModularCodeGen4_A2_B1_profile.java
-rw-rw-r-- 1 travis travis  1270 Jun  1 21:07 ModularCodeGen4_A2_B2_profile.java
-rw-rw-r-- 1 travis travis  3954 Jun  1 21:06 ModularCodeGen_ModularCodeGenTypedCompositeActor.class
-rw-rw-r-- 1 travis travis 10970 Jun  1 21:06 ModularCodeGen_ModularCodeGenTypedCompositeActor.java
-rw-rw-r-- 1 travis travis  1096 Jun  1 21:06 ModularCodeGen_ModularCodeGenTypedCompositeActor.mk
-rw-rw-r-- 1 travis travis  1384 Jun  1 21:06 ModularCodeGen_ModularCodeGenTypedCompositeActor_profile.class
-rw-rw-r-- 1 travis travis  1328 Jun  1 21:06 ModularCodeGen_ModularCodeGenTypedCompositeActor_profile.java
-rw-rw-r-- 1 travis travis  3492 Jun  1 21:06 ModularCodeGenTest_A1_A2.class
-rw-rw-r-- 1 travis travis  9164 Jun  1 21:06 ModularCodeGenTest_A1_A2.java
-rw-rw-r-- 1 travis travis   904 Jun  1 21:06 ModularCodeGenTest_A1_A2.mk
-rw-rw-r-- 1 travis travis  1306 Jun  1 21:06 ModularCodeGenTest_A1_A2_profile.class
-rw-rw-r-- 1 travis travis  1228 Jun  1 21:06 ModularCodeGenTest_A1_A2_profile.java
-rw-rw-r-- 1 travis travis  3823 Jun  1 21:06 ModularCodeGenTest_A1.class
-rw-rw-r-- 1 travis travis  9968 Jun  1 21:06 ModularCodeGenTest_A1.java
-rw-rw-r-- 1 travis travis   880 Jun  1 21:06 ModularCodeGenTest_A1.mk
-rw-rw-r-- 1 travis travis  1352 Jun  1 21:06 ModularCodeGenTest_A1_profile.class
-rw-rw-r-- 1 travis travis  1394 Jun  1 21:06 ModularCodeGenTest_A1_profile.java
-rw-rw-r-- 1 travis travis   432 Jun  1 21:07 Token.class
-rw-rw-r-- 1 travis travis   251 Jun  1 21:07 Token.java
In "/home/travis/cg", about to execute:
    javac -classpath
.:/home/travis/build/icyphy/ptII:/home/travis/build/icyphy/ptII/lib/bsh-2.0b4.j
ar:/home/travis/build/icyphy/ptII/lib/ptCal.jar:/home/travis/build/icyphy/ptII/
lib/java_cup.jar:/home/travis/build/icyphy/ptII/lib/saxon8.jar:/home/travis/bui
ld/icyphy/ptII/lib/saxon8-dom.jar:/home/travis/build/icyphy/ptII/lib/chic.jar:/
home/travis/build/icyphy/ptII/lib/ptcolt.jar:/usr/lib/jvm/java-8-oracle/lib/too
ls.jar:/usr/lib/eclipse/plugins/org.eclipse.jdt.core_3.8.2.dist.jar:/usr/lib/ec
lipse/plugins/org.eclipse.core.runtime_3.8.0.dist.jar:/usr/lib/eclipse/plugins/
org.eclipse.osgi_3.8.1.dist.jar:/usr/lib/eclipse/plugins/org.eclipse.core.resou
rces_3.8.1.dist.jar:/usr/lib/eclipse/plugins/org.eclipse.equinox.common_3.6.100
.dist.jar:/usr/lib/eclipse/plugins/org.eclipse.core.jobs_3.5.200.dist.jar:/usr/
lib/eclipse/plugins/org.eclipse.core.contenttype_3.4.200.dist.jar:/usr/lib/ecli
pse/plugins/org.eclipse.equinox.preferences_3.5.0.dist.jar:/usr/lib/eclipse/plu
gins/org.eclipse.text_3.5.200.dist.jar:/usr/lib/eclipse/plugins/org.eclipse.ui.
workbench_3.8.1.dist.jar:/usr/lib/eclipse/plugins/org.eclipse.jface_3.8.0.dist.
jar:/usr/lib/eclipse/plugins/org.eclipse.swt_3.8.2.jar:/usr/lib/eclipse/plugins
/org.eclipse.jface.text_3.8.1.dist.jar:/usr/lib/eclipse/plugins/org.eclipse.ui.
workbench.texteditor_3.8.0.dist.jar:/usr/lib/eclipse/plugins/org.eclipse.ui.edi
tors_3.8.0.dist.jar:/usr/lib/eclipse/plugins/org.eclipse.core.commands_3.6.1.di
st.jar:/usr/lib/eclipse/plugins/org.eclipse.equinox.registry_3.5.200.dist.jar:/
usr/lib/eclipse/plugins/org.eclipse.ui.console_3.5.100.dist.jar:/usr/lib/eclips
e/plugins/org.eclipse.ui.forms_3.5.200.dist.jar:/usr/lib/eclipse/plugins/org.ec
lipse.ui.ide_3.8.1.dist.jar:/home/travis/build/icyphy/ptII/vendors/oracle/dbxml
.jar:/home/travis/build/icyphy/ptII/vendors/oracle/db.jar:/home/travis/build/ic
yphy/ptII/vendors/misc/itext/iText.jar:/home/travis/build/icyphy/ptII/lib/g4ltl
.jar:/home/travis/build/icyphy/ptII/lib/StructuralCoder.jar:/home/travis/build/
icyphy/ptII/lib/org-openide-util.jar:/home/travis/build/icyphy/ptII/lib/org-ope
nide-util-lookup.jar:/home/travis/build/icyphy/ptII/lib/org-netbeans-api-visual
.jar:/home/travis/build/icyphy/ptII/vendors/jai-1_1_2_01/lib/jai_core.jar:/home
/travis/build/icyphy/ptII/vendors/jai-1_1_2_01/lib/jai_codec.jar:/home/travis/b
uild/icyphy/ptII/lib/jcerti.jar:/home/travis/build/icyphy/ptII/lib/smack.jar:/h
ome/travis/build/icyphy/ptII/lib/smackx.jar:/home/travis/build/icyphy/ptII/lib/
jetty-all-8.1.5-v20120716.jar:/home/travis/build/icyphy/ptII/lib/javax.servlet-
api-3.0.1.jar:/home/travis/build/icyphy/ptII/lib/javax.mail.jar:/home/travis/bu
ild/icyphy/ptII/vendors/JMF-2.1.1e/lib/jmf.jar:/home/travis/build/icyphy/ptII/l
ib/jna-4.0.0-variadic.jar:/home/travis/build/icyphy/ptII/vendors/misc/joystick/
Joystick.jar:/home/travis/build/icyphy/ptII/lib/ptjacl.jar:/home/travis/build/i
cyphy/ptII/lib/jsoup-1.8.2.jar:/home/travis/build/icyphy/ptII/lib/junit-4.8.2.j
ar:/home/travis/build/icyphy/ptII/lib/JUnitParams-0.4.0.jar:/home/travis/build/
icyphy/ptII/ptolemy/actor/lib/excel/jxl.jar:/home/travis/build/icyphy/ptII/lib/
jython.jar:/home/travis/build/icyphy/ptII/lib/kieler.jar:/home/travis/build/icy
phy/ptII/vendors/opencv/share/OpenCV/java/opencv-341.jar:/home/travis/build/icy
phy/ptII/lib/oscP5.jar:/home/travis/build/icyphy/ptII/lib/nrjavaserial-3.11.0.d
evel.jar:/usr/share/java/j3dcore.jar:/usr/share/java/j3dutils.jar:/usr/share/ja
va/vecmath.jar:/home/travis/build/icyphy/ptII/ptolemy/distributed/jini/jar/jini
-core.jar:/home/travis/build/icyphy/ptII/ptolemy/distributed/jini/jar/jini-ext.
jar:/home/travis/build/icyphy/ptII/ptolemy/distributed/jini/jar/sun-util.jar:/h
ome/travis/build/icyphy/ptII/lib/protobuf-java-2.4.1.jar:/home/travis/build/icy
phy/ptII/lib/org.eclipse.paho.client.mqttv3.jar:/home/travis/build/icyphy/ptII/
ptserver/lib/hessian-4.0.7.jar:/home/travis/build/icyphy/ptII/ptserver/lib/wmqt
t.jar:/home/travis/build/icyphy/ptII/lib/mapss.jar:/home/travis/build/icyphy/pt
II/ptolemy/actor/ptalon/antlr/antlr.jar:/home/travis/build/icyphy/ptII/lib/JRI.
jar:/home/travis/build/icyphy/ptII/lib/commons-lang-2.6.jar:/home/travis/build/
icyphy/ptII/lib/commons-logging-1.1.1.jar:/home/travis/build/icyphy/ptII/lib/so
otclasses.jar:/home/travis/build/icyphy/ptII/ptolemy/actor/lib/database/mysql-c
onnector-java-5.1.6-bin.jar:/home/travis/build/icyphy/ptII/vendors/misc/sphinx4
/sphinx4-data-5prealpha.jar:/home/travis/build/icyphy/ptII/vendors/misc/sphinx4
/sphinx4-core-5prealpha.jar:/home/travis/build/icyphy/ptII/lib/PDFRenderer.jar:
/home/travis/build/icyphy/ptII/lib/svgSalamander.jar:/home/travis/build/icyphy/
ptII/lib/rsyntaxtextarea-2.6.0-SNAPSHOT.jar:/home/travis/build/icyphy/ptII/lib/
hazelcast-3.8.2.jar:/home/travis/build/icyphy/ptII/lib/jackson-annotations-2.9.
0.jar:/home/travis/build/icyphy/ptII/lib/jackson-core-2.9.3.jar:/home/travis/bu
ild/icyphy/ptII/lib/jackson-databind-2.9.3.jar:/home/travis/build/icyphy/ptII/l
ib/netty-buffer-4.1.19.Final.jar:/home/travis/build/icyphy/ptII/lib/netty-codec
-4.1.19.Final.jar:/home/travis/build/icyphy/ptII/lib/netty-codec-dns-4.1.19.Fin
al.jar:/home/travis/build/icyphy/ptII/lib/netty-codec-http-4.1.19.Final.jar:/ho
me/travis/build/icyphy/ptII/lib/netty-codec-http2-4.1.19.Final.jar:/home/travis
/build/icyphy/ptII/lib/netty-common-4.1.19.Final.jar:/home/travis/build/icyphy/
ptII/lib/netty-handler-4.1.19.Final.jar:/home/travis/build/icyphy/ptII/lib/nett
y-resolver-4.1.19.Final.jar:/home/travis/build/icyphy/ptII/lib/netty-resolver-d
ns-4.1.19.Final.jar:/home/travis/build/icyphy/ptII/lib/netty-transport-4.1.19.F
inal.jar:/home/travis/build/icyphy/ptII/lib/vertx-codegen-3.5.1.jar:/home/travi
s/build/icyphy/ptII/lib/vertx-core-3.5.2-SNAPSHOT.jar:/home/travis/build/icyphy
/ptII/lib/vertx-hazelcast-3.5.1.jar:/home/travis/build/icyphy/ptII/lib/vertx-la
ng-js-3.5.1.jar:/home/travis/build/icyphy/ptII/lib/vertx-service-proxy-3.5.1.ja
r:/home/travis/build/icyphy/ptII/lib/vertx-web-3.5.1.jar:/home/travis/build/icy
phy/ptII/lib/slf4j-api-1.7.13.jar:/home/travis/build/icyphy/ptII/lib/slf4j-simp
le-1.7.13.jar:/home/travis/build/icyphy/ptII/lib/webcam-capture-0.3.12.jar:/hom
e/travis/build/icyphy/ptII/lib/bridj-0.7.0.jar:/home/travis/build/icyphy/ptII/l
ib/xbjlib-1.1.0.nrjavaserial.jar:/home/travis/build/icyphy/ptII/ptolemy/moml/te
st:/home/travis/build/icyphy/ptII/ant/lib/ant-launcher.jar:/home/travis/build/i
cyphy/ptII/ant/lib/ant.jar:/home/travis/build/icyphy/ptII/ant/lib/ant-junit.jar
:/home/travis/build/icyphy/ptII/ant/lib/ant-junit4.jar:/home/travis/build/icyph
y/ptII ModularCodeGen4_A2_B2_profile.java
warning: Supported source version 'RELEASE_6' from annotation processor 'org.netbeans.modules.openide.util.NbBundleProcessor' less than -source '1.8'
warning: Supported source version 'RELEASE_6' from annotation processor 'org.netbeans.modules.openide.util.URLStreamHandlerRegistrationProcessor' less than -source '1.8'
warning: Supported source version 'RELEASE_6' from annotation processor 'org.netbeans.modules.openide.util.ServiceProviderProcessor' less than -source '1.8'
3 warnings
All Done
Writing ModularCodeGen4_A2_B2.java in file:/home/travis/cg/ (10378 characters)
Reading "ptolemy/cg/kernel/generic/program/procedural/java/modular/makefile.in",
    writing "/home/travis/cg/ModularCodeGen4_A2_B2.mk"
Using ptolemy/cg/kernel/generic/program/procedural/java/modular/makefile.in
In "/home/travis/cg", about to execute:
    make -f ModularCodeGen4_A2_B2.mk
javac -classpath ".:.."    ModularCodeGen4_A2_B2.java
All Done
In "/home/travis/cg", about to execute:
    pwd
/home/travis/cg
In "/home/travis/cg", about to execute:
    ls -l
In "/home/travis/cg", about to execute:
    javac -classpath
.:/home/travis/build/icyphy/ptII:/home/travis/build/icyphy/ptII/lib/bsh-2.0b4.j
ar:/home/travis/build/icyphy/ptII/lib/ptCal.jar:/home/travis/build/icyphy/ptII/
lib/java_cup.jar:/home/travis/build/icyphy/ptII/lib/saxon8.jar:/home/travis/bui
ld/icyphy/ptII/lib/saxon8-dom.jar:/home/travis/build/icyphy/ptII/lib/chic.jar:/
home/travis/build/icyphy/ptII/lib/ptcolt.jar:/usr/lib/jvm/java-8-oracle/lib/too
ls.jar:/usr/lib/eclipse/plugins/org.eclipse.jdt.core_3.8.2.dist.jar:/usr/lib/ec
lipse/plugins/org.eclipse.core.runtime_3.8.0.dist.jar:/usr/lib/eclipse/plugins/
org.eclipse.osgi_3.8.1.dist.jar:/usr/lib/eclipse/plugins/org.eclipse.core.resou
rces_3.8.1.dist.jar:/usr/lib/eclipse/plugins/org.eclipse.equinox.common_3.6.100
.dist.jar:/usr/lib/eclipse/plugins/org.eclipse.core.jobs_3.5.200.dist.jar:/usr/
lib/eclipse/plugins/org.eclipse.core.contenttype_3.4.200.dist.jar:/usr/lib/ecli
pse/plugins/org.eclipse.equinox.preferences_3.5.0.dist.jar:/usr/lib/eclipse/plu
gins/org.eclipse.text_3.5.200.dist.jar:/usr/lib/eclipse/plugins/org.eclipse.ui.
workbench_3.8.1.dist.jar:/usr/lib/eclipse/plugins/org.eclipse.jface_3.8.0.dist.
jar:/usr/lib/eclipse/plugins/org.eclipse.swt_3.8.2.jar:/usr/lib/eclipse/plugins
/org.eclipse.jface.text_3.8.1.dist.jar:/usr/lib/eclipse/plugins/org.eclipse.ui.
workbench.texteditor_3.8.0.dist.jar:/usr/lib/eclipse/plugins/org.eclipse.ui.edi
tors_3.8.0.dist.jar:/usr/lib/eclipse/plugins/org.eclipse.core.commands_3.6.1.di
st.jar:/usr/lib/eclipse/plugins/org.eclipse.equinox.registry_3.5.200.dist.jar:/
usr/lib/eclipse/plugins/org.eclipse.ui.console_3.5.100.dist.jar:/usr/lib/eclips
e/plugins/org.eclipse.ui.forms_3.5.200.dist.jar:/usr/lib/eclipse/plugins/org.ec
lipse.ui.ide_3.8.1.dist.jar:/home/travis/build/icyphy/ptII/vendors/oracle/dbxml
.jar:/home/travis/build/icyphy/ptII/vendors/oracle/db.jar:/home/travis/build/ic
yphy/ptII/vendors/misc/itext/iText.jar:/home/travis/build/icyphy/ptII/lib/g4ltl
.jar:/home/travis/build/icyphy/ptII/lib/StructuralCoder.jar:/home/travis/build/
icyphy/ptII/lib/org-openide-util.jar:/home/travis/build/icyphy/ptII/lib/org-ope
nide-util-lookup.jar:/home/travis/build/icyphy/ptII/lib/org-netbeans-api-visual
.jar:/home/travis/build/icyphy/ptII/vendors/jai-1_1_2_01/lib/jai_core.jar:/home
/travis/build/icyphy/ptII/vendors/jai-1_1_2_01/lib/jai_codec.jar:/home/travis/b
uild/icyphy/ptII/lib/jcerti.jar:/home/travis/build/icyphy/ptII/lib/smack.jar:/h
ome/travis/build/icyphy/ptII/lib/smackx.jar:/home/travis/build/icyphy/ptII/lib/
jetty-all-8.1.5-v20120716.jar:/home/travis/build/icyphy/ptII/lib/javax.servlet-
api-3.0.1.jar:/home/travis/build/icyphy/ptII/lib/javax.mail.jar:/home/travis/bu
ild/icyphy/ptII/vendors/JMF-2.1.1e/lib/jmf.jar:/home/travis/build/icyphy/ptII/l
ib/jna-4.0.0-variadic.jar:/home/travis/build/icyphy/ptII/vendors/misc/joystick/
Joystick.jar:/home/travis/build/icyphy/ptII/lib/ptjacl.jar:/home/travis/build/i
cyphy/ptII/lib/jsoup-1.8.2.jar:/home/travis/build/icyphy/ptII/lib/junit-4.8.2.j
ar:/home/travis/build/icyphy/ptII/lib/JUnitParams-0.4.0.jar:/home/travis/build/
icyphy/ptII/ptolemy/actor/lib/excel/jxl.jar:/home/travis/build/icyphy/ptII/lib/
jython.jar:/home/travis/build/icyphy/ptII/lib/kieler.jar:/home/travis/build/icy
phy/ptII/vendors/opencv/share/OpenCV/java/opencv-341.jar:/home/travis/build/icy
phy/ptII/lib/oscP5.jar:/home/travis/build/icyphy/ptII/lib/nrjavaserial-3.11.0.d
evel.jar:/usr/share/java/j3dcore.jar:/usr/share/java/j3dutils.jar:/usr/share/ja
va/vecmath.jar:/home/travis/build/icyphy/ptII/ptolemy/distributed/jini/jar/jini
-core.jar:/home/travis/build/icyphy/ptII/ptolemy/distributed/jini/jar/jini-ext.
jar:/home/travis/build/icyphy/ptII/ptolemy/distributed/jini/jar/sun-util.jar:/h
ome/travis/build/icyphy/ptII/lib/protobuf-java-2.4.1.jar:/home/travis/build/icy
phy/ptII/lib/org.eclipse.paho.client.mqttv3.jar:/home/travis/build/icyphy/ptII/
ptserver/lib/hessian-4.0.7.jar:/home/travis/build/icyphy/ptII/ptserver/lib/wmqt
t.jar:/home/travis/build/icyphy/ptII/lib/mapss.jar:/home/travis/build/icyphy/pt
II/ptolemy/actor/ptalon/antlr/antlr.jar:/home/travis/build/icyphy/ptII/lib/JRI.
jar:/home/travis/build/icyphy/ptII/lib/commons-lang-2.6.jar:/home/travis/build/
icyphy/ptII/lib/commons-logging-1.1.1.jar:/home/travis/build/icyphy/ptII/lib/so
otclasses.jar:/home/travis/build/icyphy/ptII/ptolemy/actor/lib/database/mysql-c
onnector-java-5.1.6-bin.jar:/home/travis/build/icyphy/ptII/vendors/misc/sphinx4
/sphinx4-data-5prealpha.jar:/home/travis/build/icyphy/ptII/vendors/misc/sphinx4
/sphinx4-core-5prealpha.jar:/home/travis/build/icyphy/ptII/lib/PDFRenderer.jar:
/home/travis/build/icyphy/ptII/lib/svgSalamander.jar:/home/travis/build/icyphy/
ptII/lib/rsyntaxtextarea-2.6.0-SNAPSHOT.jar:/home/travis/build/icyphy/ptII/lib/
hazelcast-3.8.2.jar:/home/travis/build/icyphy/ptII/lib/jackson-annotations-2.9.
0.jar:/home/travis/build/icyphy/ptII/lib/jackson-core-2.9.3.jar:/home/travis/bu
ild/icyphy/ptII/lib/jackson-databind-2.9.3.jar:/home/travis/build/icyphy/ptII/l
ib/netty-buffer-4.1.19.Final.jar:/home/travis/build/icyphy/ptII/lib/netty-codec
-4.1.19.Final.jar:/home/travis/build/icyphy/ptII/lib/netty-codec-dns-4.1.19.Fin
al.jar:/home/travis/build/icyphy/ptII/lib/netty-codec-http-4.1.19.Final.jar:/ho
me/travis/build/icyphy/ptII/lib/netty-codec-http2-4.1.19.Final.jar:/home/travis
/build/icyphy/ptII/lib/netty-common-4.1.19.Final.jar:/home/travis/build/icyphy/
ptII/lib/netty-handler-4.1.19.Final.jar:/home/travis/build/icyphy/ptII/lib/nett
y-resolver-4.1.19.Final.jar:/home/travis/build/icyphy/ptII/lib/netty-resolver-d
ns-4.1.19.Final.jar:/home/travis/build/icyphy/ptII/lib/netty-transport-4.1.19.F
inal.jar:/home/travis/build/icyphy/ptII/lib/vertx-codegen-3.5.1.jar:/home/travi
s/build/icyphy/ptII/lib/vertx-core-3.5.2-SNAPSHOT.jar:/home/travis/build/icyphy
/ptII/lib/vertx-hazelcast-3.5.1.jar:/home/travis/build/icyphy/ptII/lib/vertx-la
ng-js-3.5.1.jar:/home/travis/build/icyphy/ptII/lib/vertx-service-proxy-3.5.1.ja
r:/home/travis/build/icyphy/ptII/lib/vertx-web-3.5.1.jar:/home/travis/build/icy
phy/ptII/lib/slf4j-api-1.7.13.jar:/home/travis/build/icyphy/ptII/lib/slf4j-simp
le-1.7.13.jar:/home/travis/build/icyphy/ptII/lib/webcam-capture-0.3.12.jar:/hom
e/travis/build/icyphy/ptII/lib/bridj-0.7.0.jar:/home/travis/build/icyphy/ptII/l
ib/xbjlib-1.1.0.nrjavaserial.jar:/home/travis/build/icyphy/ptII/ptolemy/moml/te
st:/home/travis/build/icyphy/ptII/ant/lib/ant-launcher.jar:/home/travis/build/i
cyphy/ptII/ant/lib/ant.jar:/home/travis/build/icyphy/ptII/ant/lib/ant-junit.jar
:/home/travis/build/icyphy/ptII/ant/lib/ant-junit4.jar:/home/travis/build/icyph
y/ptII ModularCodeGen4_A2_profile.java
total 876
-rw-rw-r-- 1 travis travis  4895 Jun  1 21:06 CompiledCompositeActor_CompiledCompositeActor.class
-rw-rw-r-- 1 travis travis  1592 Jun  1 21:06 CompiledCompositeActor_CompiledCompositeActor$_CompiledCompositeActor_CompiledCompositeActor.class
-rw-rw-r-- 1 travis travis 13466 Jun  1 21:06 CompiledCompositeActor_CompiledCompositeActor.java
-rw-rw-r-- 1 travis travis  1593 Jun  1 21:06 CompiledCompositeActor_CompiledCompositeActor.mk
-rw-rw-r-- 1 travis travis  4457 Jun  1 21:06 JavaCompiledCompositeTest1_CompiledCompositeActor.class
-rw-rw-r-- 1 travis travis 11637 Jun  1 21:06 JavaCompiledCompositeTest1_CompiledCompositeActor.java
-rw-rw-r-- 1 travis travis  1198 Jun  1 21:06 JavaCompiledCompositeTest1_CompiledCompositeActor$_JavaCompiledCompositeTest1_CompiledCompositeActor.class
-rw-rw-r-- 1 travis travis  1625 Jun  1 21:06 JavaCompiledCompositeTest1_CompiledCompositeActor.mk
-rw-rw-r-- 1 travis travis  4888 Jun  1 21:06 JavaCompiledCompositeTest2_CompiledCompositeActor.class
-rw-rw-r-- 1 travis travis 14919 Jun  1 21:06 JavaCompiledCompositeTest2_CompiledCompositeActor.java
-rw-rw-r-- 1 travis travis  1793 Jun  1 21:06 JavaCompiledCompositeTest2_CompiledCompositeActor$_JavaCompiledCompositeTest2_CompiledCompositeActor.class
-rw-rw-r-- 1 travis travis  1625 Jun  1 21:06 JavaCompiledCompositeTest2_CompiledCompositeActor.mk
-rw-rw-r-- 1 travis travis  4505 Jun  1 21:06 JavaCompiledCompositeTest3_CompiledCompositeActor.class
-rw-rw-r-- 1 travis travis 13080 Jun  1 21:06 JavaCompiledCompositeTest3_CompiledCompositeActor.java
-rw-rw-r-- 1 travis travis  1378 Jun  1 21:06 JavaCompiledCompositeTest3_CompiledCompositeActor$_JavaCompiledCompositeTest3_CompiledCompositeActor.class
-rw-rw-r-- 1 travis travis  1625 Jun  1 21:06 JavaCompiledCompositeTest3_CompiledCompositeActor.mk
-rw-rw-r-- 1 travis travis  3953 Jun  1 21:06 JavaCompiledCompositeTest4_CompiledCompositeActor.class
-rw-rw-r-- 1 travis travis  9687 Jun  1 21:06 JavaCompiledCompositeTest4_CompiledCompositeActor.java
-rw-rw-r-- 1 travis travis   857 Jun  1 21:06 JavaCompiledCompositeTest4_CompiledCompositeActor$_JavaCompiledCompositeTest4_CompiledCompositeActor.class
-rw-rw-r-- 1 travis travis  1625 Jun  1 21:06 JavaCompiledCompositeTest4_CompiledCompositeActor.mk
-rw-rw-r-- 1 travis travis  3693 Jun  1 21:06 ModularCG_A1_B1.class
-rw-rw-r-- 1 travis travis  9730 Jun  1 21:06 ModularCG_A1_B1.java
-rw-rw-r-- 1 travis travis   832 Jun  1 21:06 ModularCG_A1_B1.mk
-rw-rw-r-- 1 travis travis  1318 Jun  1 21:06 ModularCG_A1_B1_profile.class
-rw-rw-r-- 1 travis travis  1262 Jun  1 21:06 ModularCG_A1_B1_profile.java
-rw-rw-r-- 1 travis travis  3693 Jun  1 21:06 ModularCG_A1_B2.class
-rw-rw-r-- 1 travis travis  9730 Jun  1 21:06 ModularCG_A1_B2.java
-rw-rw-r-- 1 travis travis   832 Jun  1 21:06 ModularCG_A1_B2.mk
-rw-rw-r-- 1 travis travis  1318 Jun  1 21:06 ModularCG_A1_B2_profile.class
-rw-rw-r-- 1 travis travis  1262 Jun  1 21:06 ModularCG_A1_B2_profile.java
-rw-rw-r-- 1 travis travis  4799 Jun  1 21:06 ModularCG_A1.class
-rw-rw-r-- 1 travis travis 14742 Jun  1 21:06 ModularCG_A1.java
-rw-rw-r-- 1 travis travis   808 Jun  1 21:06 ModularCG_A1.mk
-rw-rw-r-- 1 travis travis  1433 Jun  1 21:06 ModularCG_A1_profile.class
-rw-rw-r-- 1 travis travis  1704 Jun  1 21:06 ModularCG_A1_profile.java
-rw-rw-r-- 1 travis travis  3827 Jun  1 21:06 ModularCG_A2_B1.class
-rw-rw-r-- 1 travis travis 10667 Jun  1 21:06 ModularCG_A2_B1.java
-rw-rw-r-- 1 travis travis   832 Jun  1 21:06 ModularCG_A2_B1.mk
-rw-rw-r-- 1 travis travis  1381 Jun  1 21:06 ModularCG_A2_B1_profile.class
-rw-rw-r-- 1 travis travis  1446 Jun  1 21:06 ModularCG_A2_B1_profile.java
-rw-rw-r-- 1 travis travis  3693 Jun  1 21:06 ModularCG_A2_B2.class
-rw-rw-r-- 1 travis travis  9730 Jun  1 21:06 ModularCG_A2_B2.java
-rw-rw-r-- 1 travis travis   832 Jun  1 21:06 ModularCG_A2_B2.mk
-rw-rw-r-- 1 travis travis  1318 Jun  1 21:06 ModularCG_A2_B2_profile.class
-rw-rw-r-- 1 travis travis  1262 Jun  1 21:06 ModularCG_A2_B2_profile.java
-rw-rw-r-- 1 travis travis  4870 Jun  1 21:06 ModularCG_A2.class
-rw-rw-r-- 1 travis travis 15129 Jun  1 21:06 ModularCG_A2.java
-rw-rw-r-- 1 travis travis   808 Jun  1 21:06 ModularCG_A2.mk
-rw-rw-r-- 1 travis travis  1433 Jun  1 21:06 ModularCG_A2_profile.class
-rw-rw-r-- 1 travis travis  1704 Jun  1 21:06 ModularCG_A2_profile.java
-rw-rw-r-- 1 travis travis  3473 Jun  1 21:06 ModularCGPubSub_A1_A2.class
-rw-rw-r-- 1 travis travis  9076 Jun  1 21:06 ModularCGPubSub_A1_A2.java
-rw-rw-r-- 1 travis travis   880 Jun  1 21:06 ModularCGPubSub_A1_A2.mk
-rw-rw-r-- 1 travis travis  1300 Jun  1 21:06 ModularCGPubSub_A1_A2_profile.class
-rw-rw-r-- 1 travis travis  1222 Jun  1 21:06 ModularCGPubSub_A1_A2_profile.java
-rw-rw-r-- 1 travis travis  3790 Jun  1 21:06 ModularCGPubSub_A1.class
-rw-rw-r-- 1 travis travis  9836 Jun  1 21:06 ModularCGPubSub_A1.java
-rw-rw-r-- 1 travis travis   856 Jun  1 21:06 ModularCGPubSub_A1.mk
-rw-rw-r-- 1 travis travis  1346 Jun  1 21:06 ModularCGPubSub_A1_profile.class
-rw-rw-r-- 1 travis travis  1388 Jun  1 21:06 ModularCGPubSub_A1_profile.java
-rw-rw-r-- 1 travis travis  3988 Jun  1 21:06 ModularCodeGen2_ModularCodeGenTypedCompositeActor.class
-rw-rw-r-- 1 travis travis 11690 Jun  1 21:06 ModularCodeGen2_ModularCodeGenTypedCompositeActor.java
-rw-rw-r-- 1 travis travis  1104 Jun  1 21:06 ModularCodeGen2_ModularCodeGenTypedCompositeActor.mk
-rw-rw-r-- 1 travis travis  4272 Jun  1 21:06 ModularCodeGen2_ModularCodeGenTypedCompositeActor_ModularCodeGenTypedCompositeActor.class
-rw-rw-r-- 1 travis travis 11790 Jun  1 21:06 ModularCodeGen2_ModularCodeGenTypedCompositeActor_ModularCodeGenTypedCompositeActor.java
-rw-rw-r-- 1 travis travis  1376 Jun  1 21:06 ModularCodeGen2_ModularCodeGenTypedCompositeActor_ModularCodeGenTypedCompositeActor.mk
-rw-rw-r-- 1 travis travis  1421 Jun  1 21:06 ModularCodeGen2_ModularCodeGenTypedCompositeActor_ModularCodeGenTypedCompositeActor_profile.class
-rw-rw-r-- 1 travis travis  1294 Jun  1 21:06 ModularCodeGen2_ModularCodeGenTypedCompositeActor_ModularCodeGenTypedCompositeActor_profile.java
-rw-rw-r-- 1 travis travis   820 Jun  1 21:06 ModularCodeGen2_ModularCodeGenTypedCompositeActor_profile.class
-rw-rw-r-- 1 travis travis   693 Jun  1 21:06 ModularCodeGen2_ModularCodeGenTypedCompositeActor_profile.java
-rw-rw-r-- 1 travis travis  3741 Jun  1 21:06 ModularCodeGen3_A1_B1.class
-rw-rw-r-- 1 travis travis  9958 Jun  1 21:06 ModularCodeGen3_A1_B1.java
-rw-rw-r-- 1 travis travis   880 Jun  1 21:06 ModularCodeGen3_A1_B1.mk
-rw-rw-r-- 1 travis travis  1330 Jun  1 21:06 ModularCodeGen3_A1_B1_profile.class
-rw-rw-r-- 1 travis travis  1274 Jun  1 21:06 ModularCodeGen3_A1_B1_profile.java
-rw-rw-r-- 1 travis travis  3741 Jun  1 21:06 ModularCodeGen3_A1_B2.class
-rw-rw-r-- 1 travis travis  9958 Jun  1 21:06 ModularCodeGen3_A1_B2.java
-rw-rw-r-- 1 travis travis   880 Jun  1 21:06 ModularCodeGen3_A1_B2.mk
-rw-rw-r-- 1 travis travis  1330 Jun  1 21:06 ModularCodeGen3_A1_B2_profile.class
-rw-rw-r-- 1 travis travis  1274 Jun  1 21:06 ModularCodeGen3_A1_B2_profile.java
-rw-rw-r-- 1 travis travis  4961 Jun  1 21:07 ModularCodeGen3_A1.class
-rw-rw-r-- 1 travis travis 15564 Jun  1 21:06 ModularCodeGen3_A1.java
-rw-rw-r-- 1 travis travis   856 Jun  1 21:06 ModularCodeGen3_A1.mk
-rw-rw-r-- 1 travis travis  1445 Jun  1 21:06 ModularCodeGen3_A1_profile.class
-rw-rw-r-- 1 travis travis  1716 Jun  1 21:06 ModularCodeGen3_A1_profile.java
-rw-rw-r-- 1 travis travis  3887 Jun  1 21:07 ModularCodeGen3_A2_B1.class
-rw-rw-r-- 1 travis travis 10955 Jun  1 21:07 ModularCodeGen3_A2_B1.java
-rw-rw-r-- 1 travis travis   880 Jun  1 21:07 ModularCodeGen3_A2_B1.mk
-rw-rw-r-- 1 travis travis  1393 Jun  1 21:07 ModularCodeGen3_A2_B1_profile.class
-rw-rw-r-- 1 travis travis  1458 Jun  1 21:07 ModularCodeGen3_A2_B1_profile.java
-rw-rw-r-- 1 travis travis  3741 Jun  1 21:07 ModularCodeGen3_A2_B2.class
-rw-rw-r-- 1 travis travis  9958 Jun  1 21:07 ModularCodeGen3_A2_B2.java
-rw-rw-r-- 1 travis travis   880 Jun  1 21:07 ModularCodeGen3_A2_B2.mk
-rw-rw-r-- 1 travis travis  1330 Jun  1 21:07 ModularCodeGen3_A2_B2_profile.class
-rw-rw-r-- 1 travis travis  1274 Jun  1 21:07 ModularCodeGen3_A2_B2_profile.java
-rw-rw-r-- 1 travis travis  5038 Jun  1 21:07 ModularCodeGen3_A2.class
-rw-rw-r-- 1 travis travis 15957 Jun  1 21:07 ModularCodeGen3_A2.java
-rw-rw-r-- 1 travis travis   856 Jun  1 21:07 ModularCodeGen3_A2.mk
-rw-rw-r-- 1 travis travis  1445 Jun  1 21:07 ModularCodeGen3_A2_profile.class
-rw-rw-r-- 1 travis travis  1716 Jun  1 21:07 ModularCodeGen3_A2_profile.java
-rw-rw-r-- 1 travis travis  3794 Jun  1 21:07 ModularCodeGen4_A1_B1.class
-rw-rw-r-- 1 travis travis 10312 Jun  1 21:07 ModularCodeGen4_A1_B1.java
-rw-rw-r-- 1 travis travis   880 Jun  1 21:07 ModularCodeGen4_A1_B1.mk
-rw-rw-r-- 1 travis travis  1330 Jun  1 21:07 ModularCodeGen4_A1_B1_profile.class
-rw-rw-r-- 1 travis travis  1273 Jun  1 21:07 ModularCodeGen4_A1_B1_profile.java
-rw-rw-r-- 1 travis travis  3794 Jun  1 21:07 ModularCodeGen4_A1_B2.class
-rw-rw-r-- 1 travis travis 10312 Jun  1 21:07 ModularCodeGen4_A1_B2.java
-rw-rw-r-- 1 travis travis   880 Jun  1 21:07 ModularCodeGen4_A1_B2.mk
-rw-rw-r-- 1 travis travis  1330 Jun  1 21:07 ModularCodeGen4_A1_B2_profile.class
-rw-rw-r-- 1 travis travis  1273 Jun  1 21:07 ModularCodeGen4_A1_B2_profile.java
-rw-rw-r-- 1 travis travis  5101 Jun  1 21:07 ModularCodeGen4_A1.class
-rw-rw-r-- 1 travis travis 16245 Jun  1 21:07 ModularCodeGen4_A1.java
-rw-rw-r-- 1 travis travis   856 Jun  1 21:07 ModularCodeGen4_A1.mk
-rw-rw-r-- 1 travis travis  1445 Jun  1 21:07 ModularCodeGen4_A1_profile.class
-rw-rw-r-- 1 travis travis  1712 Jun  1 21:07 ModularCodeGen4_A1_profile.java
-rw-rw-r-- 1 travis travis  3988 Jun  1 21:07 ModularCodeGen4_A2_B1.class
-rw-rw-r-- 1 travis travis 11375 Jun  1 21:07 ModularCodeGen4_A2_B1.java
-rw-rw-r-- 1 travis travis   880 Jun  1 21:07 ModularCodeGen4_A2_B1.mk
-rw-rw-r-- 1 travis travis  1393 Jun  1 21:07 ModularCodeGen4_A2_B1_profile.class
-rw-rw-r-- 1 travis travis  1454 Jun  1 21:07 ModularCodeGen4_A2_B1_profile.java
-rw-rw-r-- 1 travis travis  3842 Jun  1 21:07 ModularCodeGen4_A2_B2.class
-rw-rw-r-- 1 travis travis 10378 Jun  1 21:07 ModularCodeGen4_A2_B2.java
-rw-rw-r-- 1 travis travis   880 Jun  1 21:07 ModularCodeGen4_A2_B2.mk
-rw-rw-r-- 1 travis travis  1330 Jun  1 21:07 ModularCodeGen4_A2_B2_profile.class
-rw-rw-r-- 1 travis travis  1270 Jun  1 21:07 ModularCodeGen4_A2_B2_profile.java
-rw-rw-r-- 1 travis travis  1712 Jun  1 21:07 ModularCodeGen4_A2_profile.java
-rw-rw-r-- 1 travis travis  3954 Jun  1 21:06 ModularCodeGen_ModularCodeGenTypedCompositeActor.class
-rw-rw-r-- 1 travis travis 10970 Jun  1 21:06 ModularCodeGen_ModularCodeGenTypedCompositeActor.java
-rw-rw-r-- 1 travis travis  1096 Jun  1 21:06 ModularCodeGen_ModularCodeGenTypedCompositeActor.mk
-rw-rw-r-- 1 travis travis  1384 Jun  1 21:06 ModularCodeGen_ModularCodeGenTypedCompositeActor_profile.class
-rw-rw-r-- 1 travis travis  1328 Jun  1 21:06 ModularCodeGen_ModularCodeGenTypedCompositeActor_profile.java
-rw-rw-r-- 1 travis travis  3492 Jun  1 21:06 ModularCodeGenTest_A1_A2.class
-rw-rw-r-- 1 travis travis  9164 Jun  1 21:06 ModularCodeGenTest_A1_A2.java
-rw-rw-r-- 1 travis travis   904 Jun  1 21:06 ModularCodeGenTest_A1_A2.mk
-rw-rw-r-- 1 travis travis  1306 Jun  1 21:06 ModularCodeGenTest_A1_A2_profile.class
-rw-rw-r-- 1 travis travis  1228 Jun  1 21:06 ModularCodeGenTest_A1_A2_profile.java
-rw-rw-r-- 1 travis travis  3823 Jun  1 21:06 ModularCodeGenTest_A1.class
-rw-rw-r-- 1 travis travis  9968 Jun  1 21:06 ModularCodeGenTest_A1.java
-rw-rw-r-- 1 travis travis   880 Jun  1 21:06 ModularCodeGenTest_A1.mk
-rw-rw-r-- 1 travis travis  1352 Jun  1 21:06 ModularCodeGenTest_A1_profile.class
-rw-rw-r-- 1 travis travis  1394 Jun  1 21:06 ModularCodeGenTest_A1_profile.java
-rw-rw-r-- 1 travis travis   432 Jun  1 21:07 Token.class
-rw-rw-r-- 1 travis travis   251 Jun  1 21:07 Token.java
warning: Supported source version 'RELEASE_6' from annotation processor 'org.netbeans.modules.openide.util.NbBundleProcessor' less than -source '1.8'
warning: Supported source version 'RELEASE_6' from annotation processor 'org.netbeans.modules.openide.util.URLStreamHandlerRegistrationProcessor' less than -source '1.8'
warning: Supported source version 'RELEASE_6' from annotation processor 'org.netbeans.modules.openide.util.ServiceProviderProcessor' less than -source '1.8'
3 warnings
All Done
Writing ModularCodeGen4_A2.java in file:/home/travis/cg/ (16770 characters)
Reading "ptolemy/cg/kernel/generic/program/procedural/java/modular/makefile.in",
    writing "/home/travis/cg/ModularCodeGen4_A2.mk"
Using ptolemy/cg/kernel/generic/program/procedural/java/modular/makefile.in
In "/home/travis/cg", about to execute:
    make -f ModularCodeGen4_A2.mk
javac -classpath ".:.."    ModularCodeGen4_A2.java
All Done
Manager.initialize() finished: 14449 ms. Memory: 211968K Free: 104014K (49%)
14451 ms. Memory: 211968K Free: 104014K (49%)
----------------- Invoking toplevel() on ptolemy.moml.MoMLSimpleApplication@17cfa1a8
----------------- Done invoking toplevel() on ptolemy.moml.MoMLSimpleApplication@17cfa1a8
reloadAllAccessors: .ModularCodeGen4

===========================================================================================
----------------- testing Fri Jun 01 21:07:21 UTC 2018 /home/travis/build/icyphy/ptII/ptolemy/cg/lib/test/auto/ModularCodeGen5.xml
----------------- Instantiating /home/travis/build/icyphy/ptII/ptolemy/cg/lib/test/auto/ModularCodeGen5.xml
In "/home/travis/cg", about to execute:
    pwd
In "/home/travis/cg", about to execute:
    ls -l
/home/travis/cg
In "/home/travis/cg", about to execute:
    javac -classpath
.:/home/travis/build/icyphy/ptII:/home/travis/build/icyphy/ptII/lib/bsh-2.0b4.j
ar:/home/travis/build/icyphy/ptII/lib/ptCal.jar:/home/travis/build/icyphy/ptII/
lib/java_cup.jar:/home/travis/build/icyphy/ptII/lib/saxon8.jar:/home/travis/bui
ld/icyphy/ptII/lib/saxon8-dom.jar:/home/travis/build/icyphy/ptII/lib/chic.jar:/
home/travis/build/icyphy/ptII/lib/ptcolt.jar:/usr/lib/jvm/java-8-oracle/lib/too
ls.jar:/usr/lib/eclipse/plugins/org.eclipse.jdt.core_3.8.2.dist.jar:/usr/lib/ec
lipse/plugins/org.eclipse.core.runtime_3.8.0.dist.jar:/usr/lib/eclipse/plugins/
org.eclipse.osgi_3.8.1.dist.jar:/usr/lib/eclipse/plugins/org.eclipse.core.resou
rces_3.8.1.dist.jar:/usr/lib/eclipse/plugins/org.eclipse.equinox.common_3.6.100
.dist.jar:/usr/lib/eclipse/plugins/org.eclipse.core.jobs_3.5.200.dist.jar:/usr/
lib/eclipse/plugins/org.eclipse.core.contenttype_3.4.200.dist.jar:/usr/lib/ecli
pse/plugins/org.eclipse.equinox.preferences_3.5.0.dist.jar:/usr/lib/eclipse/plu
gins/org.eclipse.text_3.5.200.dist.jar:/usr/lib/eclipse/plugins/org.eclipse.ui.
workbench_3.8.1.dist.jar:/usr/lib/eclipse/plugins/org.eclipse.jface_3.8.0.dist.
jar:/usr/lib/eclipse/plugins/org.eclipse.swt_3.8.2.jar:/usr/lib/eclipse/plugins
/org.eclipse.jface.text_3.8.1.dist.jar:/usr/lib/eclipse/plugins/org.eclipse.ui.
workbench.texteditor_3.8.0.dist.jar:/usr/lib/eclipse/plugins/org.eclipse.ui.edi
tors_3.8.0.dist.jar:/usr/lib/eclipse/plugins/org.eclipse.core.commands_3.6.1.di
st.jar:/usr/lib/eclipse/plugins/org.eclipse.equinox.registry_3.5.200.dist.jar:/
usr/lib/eclipse/plugins/org.eclipse.ui.console_3.5.100.dist.jar:/usr/lib/eclips
e/plugins/org.eclipse.ui.forms_3.5.200.dist.jar:/usr/lib/eclipse/plugins/org.ec
lipse.ui.ide_3.8.1.dist.jar:/home/travis/build/icyphy/ptII/vendors/oracle/dbxml
.jar:/home/travis/build/icyphy/ptII/vendors/oracle/db.jar:/home/travis/build/ic
yphy/ptII/vendors/misc/itext/iText.jar:/home/travis/build/icyphy/ptII/lib/g4ltl
.jar:/home/travis/build/icyphy/ptII/lib/StructuralCoder.jar:/home/travis/build/
icyphy/ptII/lib/org-openide-util.jar:/home/travis/build/icyphy/ptII/lib/org-ope
nide-util-lookup.jar:/home/travis/build/icyphy/ptII/lib/org-netbeans-api-visual
.jar:/home/travis/build/icyphy/ptII/vendors/jai-1_1_2_01/lib/jai_core.jar:/home
/travis/build/icyphy/ptII/vendors/jai-1_1_2_01/lib/jai_codec.jar:/home/travis/b
uild/icyphy/ptII/lib/jcerti.jar:/home/travis/build/icyphy/ptII/lib/smack.jar:/h
ome/travis/build/icyphy/ptII/lib/smackx.jar:/home/travis/build/icyphy/ptII/lib/
jetty-all-8.1.5-v20120716.jar:/home/travis/build/icyphy/ptII/lib/javax.servlet-
api-3.0.1.jar:/home/travis/build/icyphy/ptII/lib/javax.mail.jar:/home/travis/bu
ild/icyphy/ptII/vendors/JMF-2.1.1e/lib/jmf.jar:/home/travis/build/icyphy/ptII/l
ib/jna-4.0.0-variadic.jar:/home/travis/build/icyphy/ptII/vendors/misc/joystick/
Joystick.jar:/home/travis/build/icyphy/ptII/lib/ptjacl.jar:/home/travis/build/i
cyphy/ptII/lib/jsoup-1.8.2.jar:/home/travis/build/icyphy/ptII/lib/junit-4.8.2.j
ar:/home/travis/build/icyphy/ptII/lib/JUnitParams-0.4.0.jar:/home/travis/build/
icyphy/ptII/ptolemy/actor/lib/excel/jxl.jar:/home/travis/build/icyphy/ptII/lib/
jython.jar:/home/travis/build/icyphy/ptII/lib/kieler.jar:/home/travis/build/icy
phy/ptII/vendors/opencv/share/OpenCV/java/opencv-341.jar:/home/travis/build/icy
phy/ptII/lib/oscP5.jar:/home/travis/build/icyphy/ptII/lib/nrjavaserial-3.11.0.d
evel.jar:/usr/share/java/j3dcore.jar:/usr/share/java/j3dutils.jar:/usr/share/ja
va/vecmath.jar:/home/travis/build/icyphy/ptII/ptolemy/distributed/jini/jar/jini
-core.jar:/home/travis/build/icyphy/ptII/ptolemy/distributed/jini/jar/jini-ext.
jar:/home/travis/build/icyphy/ptII/ptolemy/distributed/jini/jar/sun-util.jar:/h
ome/travis/build/icyphy/ptII/lib/protobuf-java-2.4.1.jar:/home/travis/build/icy
phy/ptII/lib/org.eclipse.paho.client.mqttv3.jar:/home/travis/build/icyphy/ptII/
ptserver/lib/hessian-4.0.7.jar:/home/travis/build/icyphy/ptII/ptserver/lib/wmqt
t.jar:/home/travis/build/icyphy/ptII/lib/mapss.jar:/home/travis/build/icyphy/pt
II/ptolemy/actor/ptalon/antlr/antlr.jar:/home/travis/build/icyphy/ptII/lib/JRI.
jar:/home/travis/build/icyphy/ptII/lib/commons-lang-2.6.jar:/home/travis/build/
icyphy/ptII/lib/commons-logging-1.1.1.jar:/home/travis/build/icyphy/ptII/lib/so
otclasses.jar:/home/travis/build/icyphy/ptII/ptolemy/actor/lib/database/mysql-c
onnector-java-5.1.6-bin.jar:/home/travis/build/icyphy/ptII/vendors/misc/sphinx4
/sphinx4-data-5prealpha.jar:/home/travis/build/icyphy/ptII/vendors/misc/sphinx4
/sphinx4-core-5prealpha.jar:/home/travis/build/icyphy/ptII/lib/PDFRenderer.jar:
/home/travis/build/icyphy/ptII/lib/svgSalamander.jar:/home/travis/build/icyphy/
ptII/lib/rsyntaxtextarea-2.6.0-SNAPSHOT.jar:/home/travis/build/icyphy/ptII/lib/
hazelcast-3.8.2.jar:/home/travis/build/icyphy/ptII/lib/jackson-annotations-2.9.
0.jar:/home/travis/build/icyphy/ptII/lib/jackson-core-2.9.3.jar:/home/travis/bu
ild/icyphy/ptII/lib/jackson-databind-2.9.3.jar:/home/travis/build/icyphy/ptII/l
ib/netty-buffer-4.1.19.Final.jar:/home/travis/build/icyphy/ptII/lib/netty-codec
-4.1.19.Final.jar:/home/travis/build/icyphy/ptII/lib/netty-codec-dns-4.1.19.Fin
al.jar:/home/travis/build/icyphy/ptII/lib/netty-codec-http-4.1.19.Final.jar:/ho
me/travis/build/icyphy/ptII/lib/netty-codec-http2-4.1.19.Final.jar:/home/travis
/build/icyphy/ptII/lib/netty-common-4.1.19.Final.jar:/home/travis/build/icyphy/
ptII/lib/netty-handler-4.1.19.Final.jar:/home/travis/build/icyphy/ptII/lib/nett
y-resolver-4.1.19.Final.jar:/home/travis/build/icyphy/ptII/lib/netty-resolver-d
ns-4.1.19.Final.jar:/home/travis/build/icyphy/ptII/lib/netty-transport-4.1.19.F
inal.jar:/home/travis/build/icyphy/ptII/lib/vertx-codegen-3.5.1.jar:/home/travi
s/build/icyphy/ptII/lib/vertx-core-3.5.2-SNAPSHOT.jar:/home/travis/build/icyphy
/ptII/lib/vertx-hazelcast-3.5.1.jar:/home/travis/build/icyphy/ptII/lib/vertx-la
ng-js-3.5.1.jar:/home/travis/build/icyphy/ptII/lib/vertx-service-proxy-3.5.1.ja
r:/home/travis/build/icyphy/ptII/lib/vertx-web-3.5.1.jar:/home/travis/build/icy
phy/ptII/lib/slf4j-api-1.7.13.jar:/home/travis/build/icyphy/ptII/lib/slf4j-simp
le-1.7.13.jar:/home/travis/build/icyphy/ptII/lib/webcam-capture-0.3.12.jar:/hom
e/travis/build/icyphy/ptII/lib/bridj-0.7.0.jar:/home/travis/build/icyphy/ptII/l
ib/xbjlib-1.1.0.nrjavaserial.jar:/home/travis/build/icyphy/ptII/ptolemy/moml/te
st:/home/travis/build/icyphy/ptII/ant/lib/ant-launcher.jar:/home/travis/build/i
cyphy/ptII/ant/lib/ant.jar:/home/travis/build/icyphy/ptII/ant/lib/ant-junit.jar
:/home/travis/build/icyphy/ptII/ant/lib/ant-junit4.jar:/home/travis/build/icyph
y/ptII ModularCodeGen5_A_A_profile.java
total 916
-rw-rw-r-- 1 travis travis  4895 Jun  1 21:06 CompiledCompositeActor_CompiledCompositeActor.class
-rw-rw-r-- 1 travis travis  1592 Jun  1 21:06 CompiledCompositeActor_CompiledCompositeActor$_CompiledCompositeActor_CompiledCompositeActor.class
-rw-rw-r-- 1 travis travis 13466 Jun  1 21:06 CompiledCompositeActor_CompiledCompositeActor.java
-rw-rw-r-- 1 travis travis  1593 Jun  1 21:06 CompiledCompositeActor_CompiledCompositeActor.mk
-rw-rw-r-- 1 travis travis  4457 Jun  1 21:06 JavaCompiledCompositeTest1_CompiledCompositeActor.class
-rw-rw-r-- 1 travis travis 11637 Jun  1 21:06 JavaCompiledCompositeTest1_CompiledCompositeActor.java
-rw-rw-r-- 1 travis travis  1198 Jun  1 21:06 JavaCompiledCompositeTest1_CompiledCompositeActor$_JavaCompiledCompositeTest1_CompiledCompositeActor.class
-rw-rw-r-- 1 travis travis  1625 Jun  1 21:06 JavaCompiledCompositeTest1_CompiledCompositeActor.mk
-rw-rw-r-- 1 travis travis  4888 Jun  1 21:06 JavaCompiledCompositeTest2_CompiledCompositeActor.class
-rw-rw-r-- 1 travis travis 14919 Jun  1 21:06 JavaCompiledCompositeTest2_CompiledCompositeActor.java
-rw-rw-r-- 1 travis travis  1793 Jun  1 21:06 JavaCompiledCompositeTest2_CompiledCompositeActor$_JavaCompiledCompositeTest2_CompiledCompositeActor.class
-rw-rw-r-- 1 travis travis  1625 Jun  1 21:06 JavaCompiledCompositeTest2_CompiledCompositeActor.mk
-rw-rw-r-- 1 travis travis  4505 Jun  1 21:06 JavaCompiledCompositeTest3_CompiledCompositeActor.class
-rw-rw-r-- 1 travis travis 13080 Jun  1 21:06 JavaCompiledCompositeTest3_CompiledCompositeActor.java
-rw-rw-r-- 1 travis travis  1378 Jun  1 21:06 JavaCompiledCompositeTest3_CompiledCompositeActor$_JavaCompiledCompositeTest3_CompiledCompositeActor.class
-rw-rw-r-- 1 travis travis  1625 Jun  1 21:06 JavaCompiledCompositeTest3_CompiledCompositeActor.mk
-rw-rw-r-- 1 travis travis  3953 Jun  1 21:06 JavaCompiledCompositeTest4_CompiledCompositeActor.class
-rw-rw-r-- 1 travis travis  9687 Jun  1 21:06 JavaCompiledCompositeTest4_CompiledCompositeActor.java
-rw-rw-r-- 1 travis travis   857 Jun  1 21:06 JavaCompiledCompositeTest4_CompiledCompositeActor$_JavaCompiledCompositeTest4_CompiledCompositeActor.class
-rw-rw-r-- 1 travis travis  1625 Jun  1 21:06 JavaCompiledCompositeTest4_CompiledCompositeActor.mk
-rw-rw-r-- 1 travis travis  3693 Jun  1 21:06 ModularCG_A1_B1.class
-rw-rw-r-- 1 travis travis  9730 Jun  1 21:06 ModularCG_A1_B1.java
-rw-rw-r-- 1 travis travis   832 Jun  1 21:06 ModularCG_A1_B1.mk
-rw-rw-r-- 1 travis travis  1318 Jun  1 21:06 ModularCG_A1_B1_profile.class
-rw-rw-r-- 1 travis travis  1262 Jun  1 21:06 ModularCG_A1_B1_profile.java
-rw-rw-r-- 1 travis travis  3693 Jun  1 21:06 ModularCG_A1_B2.class
-rw-rw-r-- 1 travis travis  9730 Jun  1 21:06 ModularCG_A1_B2.java
-rw-rw-r-- 1 travis travis   832 Jun  1 21:06 ModularCG_A1_B2.mk
-rw-rw-r-- 1 travis travis  1318 Jun  1 21:06 ModularCG_A1_B2_profile.class
-rw-rw-r-- 1 travis travis  1262 Jun  1 21:06 ModularCG_A1_B2_profile.java
-rw-rw-r-- 1 travis travis  4799 Jun  1 21:06 ModularCG_A1.class
-rw-rw-r-- 1 travis travis 14742 Jun  1 21:06 ModularCG_A1.java
-rw-rw-r-- 1 travis travis   808 Jun  1 21:06 ModularCG_A1.mk
-rw-rw-r-- 1 travis travis  1433 Jun  1 21:06 ModularCG_A1_profile.class
-rw-rw-r-- 1 travis travis  1704 Jun  1 21:06 ModularCG_A1_profile.java
-rw-rw-r-- 1 travis travis  3827 Jun  1 21:06 ModularCG_A2_B1.class
-rw-rw-r-- 1 travis travis 10667 Jun  1 21:06 ModularCG_A2_B1.java
-rw-rw-r-- 1 travis travis   832 Jun  1 21:06 ModularCG_A2_B1.mk
-rw-rw-r-- 1 travis travis  1381 Jun  1 21:06 ModularCG_A2_B1_profile.class
-rw-rw-r-- 1 travis travis  1446 Jun  1 21:06 ModularCG_A2_B1_profile.java
-rw-rw-r-- 1 travis travis  3693 Jun  1 21:06 ModularCG_A2_B2.class
-rw-rw-r-- 1 travis travis  9730 Jun  1 21:06 ModularCG_A2_B2.java
-rw-rw-r-- 1 travis travis   832 Jun  1 21:06 ModularCG_A2_B2.mk
-rw-rw-r-- 1 travis travis  1318 Jun  1 21:06 ModularCG_A2_B2_profile.class
-rw-rw-r-- 1 travis travis  1262 Jun  1 21:06 ModularCG_A2_B2_profile.java
-rw-rw-r-- 1 travis travis  4870 Jun  1 21:06 ModularCG_A2.class
-rw-rw-r-- 1 travis travis 15129 Jun  1 21:06 ModularCG_A2.java
-rw-rw-r-- 1 travis travis   808 Jun  1 21:06 ModularCG_A2.mk
-rw-rw-r-- 1 travis travis  1433 Jun  1 21:06 ModularCG_A2_profile.class
-rw-rw-r-- 1 travis travis  1704 Jun  1 21:06 ModularCG_A2_profile.java
-rw-rw-r-- 1 travis travis  3473 Jun  1 21:06 ModularCGPubSub_A1_A2.class
-rw-rw-r-- 1 travis travis  9076 Jun  1 21:06 ModularCGPubSub_A1_A2.java
-rw-rw-r-- 1 travis travis   880 Jun  1 21:06 ModularCGPubSub_A1_A2.mk
-rw-rw-r-- 1 travis travis  1300 Jun  1 21:06 ModularCGPubSub_A1_A2_profile.class
-rw-rw-r-- 1 travis travis  1222 Jun  1 21:06 ModularCGPubSub_A1_A2_profile.java
-rw-rw-r-- 1 travis travis  3790 Jun  1 21:06 ModularCGPubSub_A1.class
-rw-rw-r-- 1 travis travis  9836 Jun  1 21:06 ModularCGPubSub_A1.java
-rw-rw-r-- 1 travis travis   856 Jun  1 21:06 ModularCGPubSub_A1.mk
-rw-rw-r-- 1 travis travis  1346 Jun  1 21:06 ModularCGPubSub_A1_profile.class
-rw-rw-r-- 1 travis travis  1388 Jun  1 21:06 ModularCGPubSub_A1_profile.java
-rw-rw-r-- 1 travis travis  3988 Jun  1 21:06 ModularCodeGen2_ModularCodeGenTypedCompositeActor.class
-rw-rw-r-- 1 travis travis 11690 Jun  1 21:06 ModularCodeGen2_ModularCodeGenTypedCompositeActor.java
-rw-rw-r-- 1 travis travis  1104 Jun  1 21:06 ModularCodeGen2_ModularCodeGenTypedCompositeActor.mk
-rw-rw-r-- 1 travis travis  4272 Jun  1 21:06 ModularCodeGen2_ModularCodeGenTypedCompositeActor_ModularCodeGenTypedCompositeActor.class
-rw-rw-r-- 1 travis travis 11790 Jun  1 21:06 ModularCodeGen2_ModularCodeGenTypedCompositeActor_ModularCodeGenTypedCompositeActor.java
-rw-rw-r-- 1 travis travis  1376 Jun  1 21:06 ModularCodeGen2_ModularCodeGenTypedCompositeActor_ModularCodeGenTypedCompositeActor.mk
-rw-rw-r-- 1 travis travis  1421 Jun  1 21:06 ModularCodeGen2_ModularCodeGenTypedCompositeActor_ModularCodeGenTypedCompositeActor_profile.class
-rw-rw-r-- 1 travis travis  1294 Jun  1 21:06 ModularCodeGen2_ModularCodeGenTypedCompositeActor_ModularCodeGenTypedCompositeActor_profile.java
-rw-rw-r-- 1 travis travis   820 Jun  1 21:06 ModularCodeGen2_ModularCodeGenTypedCompositeActor_profile.class
-rw-rw-r-- 1 travis travis   693 Jun  1 21:06 ModularCodeGen2_ModularCodeGenTypedCompositeActor_profile.java
-rw-rw-r-- 1 travis travis  3741 Jun  1 21:06 ModularCodeGen3_A1_B1.class
-rw-rw-r-- 1 travis travis  9958 Jun  1 21:06 ModularCodeGen3_A1_B1.java
-rw-rw-r-- 1 travis travis   880 Jun  1 21:06 ModularCodeGen3_A1_B1.mk
-rw-rw-r-- 1 travis travis  1330 Jun  1 21:06 ModularCodeGen3_A1_B1_profile.class
-rw-rw-r-- 1 travis travis  1274 Jun  1 21:06 ModularCodeGen3_A1_B1_profile.java
-rw-rw-r-- 1 travis travis  3741 Jun  1 21:06 ModularCodeGen3_A1_B2.class
-rw-rw-r-- 1 travis travis  9958 Jun  1 21:06 ModularCodeGen3_A1_B2.java
-rw-rw-r-- 1 travis travis   880 Jun  1 21:06 ModularCodeGen3_A1_B2.mk
-rw-rw-r-- 1 travis travis  1330 Jun  1 21:06 ModularCodeGen3_A1_B2_profile.class
-rw-rw-r-- 1 travis travis  1274 Jun  1 21:06 ModularCodeGen3_A1_B2_profile.java
-rw-rw-r-- 1 travis travis  4961 Jun  1 21:07 ModularCodeGen3_A1.class
-rw-rw-r-- 1 travis travis 15564 Jun  1 21:06 ModularCodeGen3_A1.java
-rw-rw-r-- 1 travis travis   856 Jun  1 21:06 ModularCodeGen3_A1.mk
-rw-rw-r-- 1 travis travis  1445 Jun  1 21:06 ModularCodeGen3_A1_profile.class
-rw-rw-r-- 1 travis travis  1716 Jun  1 21:06 ModularCodeGen3_A1_profile.java
-rw-rw-r-- 1 travis travis  3887 Jun  1 21:07 ModularCodeGen3_A2_B1.class
-rw-rw-r-- 1 travis travis 10955 Jun  1 21:07 ModularCodeGen3_A2_B1.java
-rw-rw-r-- 1 travis travis   880 Jun  1 21:07 ModularCodeGen3_A2_B1.mk
-rw-rw-r-- 1 travis travis  1393 Jun  1 21:07 ModularCodeGen3_A2_B1_profile.class
-rw-rw-r-- 1 travis travis  1458 Jun  1 21:07 ModularCodeGen3_A2_B1_profile.java
-rw-rw-r-- 1 travis travis  3741 Jun  1 21:07 ModularCodeGen3_A2_B2.class
-rw-rw-r-- 1 travis travis  9958 Jun  1 21:07 ModularCodeGen3_A2_B2.java
-rw-rw-r-- 1 travis travis   880 Jun  1 21:07 ModularCodeGen3_A2_B2.mk
-rw-rw-r-- 1 travis travis  1330 Jun  1 21:07 ModularCodeGen3_A2_B2_profile.class
-rw-rw-r-- 1 travis travis  1274 Jun  1 21:07 ModularCodeGen3_A2_B2_profile.java
-rw-rw-r-- 1 travis travis  5038 Jun  1 21:07 ModularCodeGen3_A2.class
-rw-rw-r-- 1 travis travis 15957 Jun  1 21:07 ModularCodeGen3_A2.java
-rw-rw-r-- 1 travis travis   856 Jun  1 21:07 ModularCodeGen3_A2.mk
-rw-rw-r-- 1 travis travis  1445 Jun  1 21:07 ModularCodeGen3_A2_profile.class
-rw-rw-r-- 1 travis travis  1716 Jun  1 21:07 ModularCodeGen3_A2_profile.java
-rw-rw-r-- 1 travis travis  3794 Jun  1 21:07 ModularCodeGen4_A1_B1.class
-rw-rw-r-- 1 travis travis 10312 Jun  1 21:07 ModularCodeGen4_A1_B1.java
-rw-rw-r-- 1 travis travis   880 Jun  1 21:07 ModularCodeGen4_A1_B1.mk
-rw-rw-r-- 1 travis travis  1330 Jun  1 21:07 ModularCodeGen4_A1_B1_profile.class
-rw-rw-r-- 1 travis travis  1273 Jun  1 21:07 ModularCodeGen4_A1_B1_profile.java
-rw-rw-r-- 1 travis travis  3794 Jun  1 21:07 ModularCodeGen4_A1_B2.class
-rw-rw-r-- 1 travis travis 10312 Jun  1 21:07 ModularCodeGen4_A1_B2.java
-rw-rw-r-- 1 travis travis   880 Jun  1 21:07 ModularCodeGen4_A1_B2.mk
-rw-rw-r-- 1 travis travis  1330 Jun  1 21:07 ModularCodeGen4_A1_B2_profile.class
-rw-rw-r-- 1 travis travis  1273 Jun  1 21:07 ModularCodeGen4_A1_B2_profile.java
-rw-rw-r-- 1 travis travis  5101 Jun  1 21:07 ModularCodeGen4_A1.class
-rw-rw-r-- 1 travis travis 16245 Jun  1 21:07 ModularCodeGen4_A1.java
-rw-rw-r-- 1 travis travis   856 Jun  1 21:07 ModularCodeGen4_A1.mk
-rw-rw-r-- 1 travis travis  1445 Jun  1 21:07 ModularCodeGen4_A1_profile.class
-rw-rw-r-- 1 travis travis  1712 Jun  1 21:07 ModularCodeGen4_A1_profile.java
-rw-rw-r-- 1 travis travis  3988 Jun  1 21:07 ModularCodeGen4_A2_B1.class
-rw-rw-r-- 1 travis travis 11375 Jun  1 21:07 ModularCodeGen4_A2_B1.java
-rw-rw-r-- 1 travis travis   880 Jun  1 21:07 ModularCodeGen4_A2_B1.mk
-rw-rw-r-- 1 travis travis  1393 Jun  1 21:07 ModularCodeGen4_A2_B1_profile.class
-rw-rw-r-- 1 travis travis  1454 Jun  1 21:07 ModularCodeGen4_A2_B1_profile.java
-rw-rw-r-- 1 travis travis  3842 Jun  1 21:07 ModularCodeGen4_A2_B2.class
-rw-rw-r-- 1 travis travis 10378 Jun  1 21:07 ModularCodeGen4_A2_B2.java
-rw-rw-r-- 1 travis travis   880 Jun  1 21:07 ModularCodeGen4_A2_B2.mk
-rw-rw-r-- 1 travis travis  1330 Jun  1 21:07 ModularCodeGen4_A2_B2_profile.class
-rw-rw-r-- 1 travis travis  1270 Jun  1 21:07 ModularCodeGen4_A2_B2_profile.java
-rw-rw-r-- 1 travis travis  5274 Jun  1 21:07 ModularCodeGen4_A2.class
-rw-rw-r-- 1 travis travis 16770 Jun  1 21:07 ModularCodeGen4_A2.java
-rw-rw-r-- 1 travis travis   856 Jun  1 21:07 ModularCodeGen4_A2.mk
-rw-rw-r-- 1 travis travis  1445 Jun  1 21:07 ModularCodeGen4_A2_profile.class
-rw-rw-r-- 1 travis travis  1712 Jun  1 21:07 ModularCodeGen4_A2_profile.java
-rw-rw-r-- 1 travis travis  1815 Jun  1 21:07 ModularCodeGen5_A_A_profile.java
-rw-rw-r-- 1 travis travis  3954 Jun  1 21:06 ModularCodeGen_ModularCodeGenTypedCompositeActor.class
-rw-rw-r-- 1 travis travis 10970 Jun  1 21:06 ModularCodeGen_ModularCodeGenTypedCompositeActor.java
-rw-rw-r-- 1 travis travis  1096 Jun  1 21:06 ModularCodeGen_ModularCodeGenTypedCompositeActor.mk
-rw-rw-r-- 1 travis travis  1384 Jun  1 21:06 ModularCodeGen_ModularCodeGenTypedCompositeActor_profile.class
-rw-rw-r-- 1 travis travis  1328 Jun  1 21:06 ModularCodeGen_ModularCodeGenTypedCompositeActor_profile.java
-rw-rw-r-- 1 travis travis  3492 Jun  1 21:06 ModularCodeGenTest_A1_A2.class
-rw-rw-r-- 1 travis travis  9164 Jun  1 21:06 ModularCodeGenTest_A1_A2.java
-rw-rw-r-- 1 travis travis   904 Jun  1 21:06 ModularCodeGenTest_A1_A2.mk
-rw-rw-r-- 1 travis travis  1306 Jun  1 21:06 ModularCodeGenTest_A1_A2_profile.class
-rw-rw-r-- 1 travis travis  1228 Jun  1 21:06 ModularCodeGenTest_A1_A2_profile.java
-rw-rw-r-- 1 travis travis  3823 Jun  1 21:06 ModularCodeGenTest_A1.class
-rw-rw-r-- 1 travis travis  9968 Jun  1 21:06 ModularCodeGenTest_A1.java
-rw-rw-r-- 1 travis travis   880 Jun  1 21:06 ModularCodeGenTest_A1.mk
-rw-rw-r-- 1 travis travis  1352 Jun  1 21:06 ModularCodeGenTest_A1_profile.class
-rw-rw-r-- 1 travis travis  1394 Jun  1 21:06 ModularCodeGenTest_A1_profile.java
-rw-rw-r-- 1 travis travis   432 Jun  1 21:07 Token.class
-rw-rw-r-- 1 travis travis   251 Jun  1 21:07 Token.java
warning: Supported source version 'RELEASE_6' from annotation processor 'org.netbeans.modules.openide.util.NbBundleProcessor' less than -source '1.8'
warning: Supported source version 'RELEASE_6' from annotation processor 'org.netbeans.modules.openide.util.URLStreamHandlerRegistrationProcessor' less than -source '1.8'
warning: Supported source version 'RELEASE_6' from annotation processor 'org.netbeans.modules.openide.util.ServiceProviderProcessor' less than -source '1.8'
3 warnings
All Done
Writing ModularCodeGen5_A_A.java in file:/home/travis/cg/ (28721 characters)
Reading "ptolemy/cg/kernel/generic/program/procedural/java/modular/makefile.in",
    writing "/home/travis/cg/ModularCodeGen5_A_A.mk"
Using ptolemy/cg/kernel/generic/program/procedural/java/modular/makefile.in
In "/home/travis/cg", about to execute:
    make -f ModularCodeGen5_A_A.mk
javac -classpath ".:.."    ModularCodeGen5_A_A.java
All Done
In "/home/travis/cg", about to execute:
    pwd
/home/travis/cg
In "/home/travis/cg", about to execute:
    ls -l
total 968
-rw-rw-r-- 1 travis travis  4895 Jun  1 21:06 CompiledCompositeActor_CompiledCompositeActor.class
-rw-rw-r-- 1 travis travis  1592 Jun  1 21:06 CompiledCompositeActor_CompiledCompositeActor$_CompiledCompositeActor_CompiledCompositeActor.class
-rw-rw-r-- 1 travis travis 13466 Jun  1 21:06 CompiledCompositeActor_CompiledCompositeActor.java
-rw-rw-r-- 1 travis travis  1593 Jun  1 21:06 CompiledCompositeActor_CompiledCompositeActor.mk
-rw-rw-r-- 1 travis travis  4457 Jun  1 21:06 JavaCompiledCompositeTest1_CompiledCompositeActor.class
-rw-rw-r-- 1 travis travis 11637 Jun  1 21:06 JavaCompiledCompositeTest1_CompiledCompositeActor.java
-rw-rw-r-- 1 travis travis  1198 Jun  1 21:06 JavaCompiledCompositeTest1_CompiledCompositeActor$_JavaCompiledCompositeTest1_CompiledCompositeActor.class
-rw-rw-r-- 1 travis travis  1625 Jun  1 21:06 JavaCompiledCompositeTest1_CompiledCompositeActor.mk
-rw-rw-r-- 1 travis travis  4888 Jun  1 21:06 JavaCompiledCompositeTest2_CompiledCompositeActor.class
-rw-rw-r-- 1 travis travis 14919 Jun  1 21:06 JavaCompiledCompositeTest2_CompiledCompositeActor.java
-rw-rw-r-- 1 travis travis  1793 Jun  1 21:06 JavaCompiledCompositeTest2_CompiledCompositeActor$_JavaCompiledCompositeTest2_CompiledCompositeActor.class
-rw-rw-r-- 1 travis travis  1625 Jun  1 21:06 JavaCompiledCompositeTest2_CompiledCompositeActor.mk
-rw-rw-r-- 1 travis travis  4505 Jun  1 21:06 JavaCompiledCompositeTest3_CompiledCompositeActor.class
-rw-rw-r-- 1 travis travis 13080 Jun  1 21:06 JavaCompiledCompositeTest3_CompiledCompositeActor.java
-rw-rw-r-- 1 travis travis  1378 Jun  1 21:06 JavaCompiledCompositeTest3_CompiledCompositeActor$_JavaCompiledCompositeTest3_CompiledCompositeActor.class
-rw-rw-r-- 1 travis travis  1625 Jun  1 21:06 JavaCompiledCompositeTest3_CompiledCompositeActor.mk
-rw-rw-r-- 1 travis travis  3953 Jun  1 21:06 JavaCompiledCompositeTest4_CompiledCompositeActor.class
-rw-rw-r-- 1 travis travis  9687 Jun  1 21:06 JavaCompiledCompositeTest4_CompiledCompositeActor.java
-rw-rw-r-- 1 travis travis   857 Jun  1 21:06 JavaCompiledCompositeTest4_CompiledCompositeActor$_JavaCompiledCompositeTest4_CompiledCompositeActor.class
-rw-rw-r-- 1 travis travis  1625 Jun  1 21:06 JavaCompiledCompositeTest4_CompiledCompositeActor.mk
-rw-rw-r-- 1 travis travis  3693 Jun  1 21:06 ModularCG_A1_B1.class
-rw-rw-r-- 1 travis travis  9730 Jun  1 21:06 ModularCG_A1_B1.java
-rw-rw-r-- 1 travis travis   832 Jun  1 21:06 ModularCG_A1_B1.mk
-rw-rw-r-- 1 travis travis  1318 Jun  1 21:06 ModularCG_A1_B1_profile.class
-rw-rw-r-- 1 travis travis  1262 Jun  1 21:06 ModularCG_A1_B1_profile.java
-rw-rw-r-- 1 travis travis  3693 Jun  1 21:06 ModularCG_A1_B2.class
-rw-rw-r-- 1 travis travis  9730 Jun  1 21:06 ModularCG_A1_B2.java
-rw-rw-r-- 1 travis travis   832 Jun  1 21:06 ModularCG_A1_B2.mk
-rw-rw-r-- 1 travis travis  1318 Jun  1 21:06 ModularCG_A1_B2_profile.class
-rw-rw-r-- 1 travis travis  1262 Jun  1 21:06 ModularCG_A1_B2_profile.java
-rw-rw-r-- 1 travis travis  4799 Jun  1 21:06 ModularCG_A1.class
-rw-rw-r-- 1 travis travis 14742 Jun  1 21:06 ModularCG_A1.java
-rw-rw-r-- 1 travis travis   808 Jun  1 21:06 ModularCG_A1.mk
-rw-rw-r-- 1 travis travis  1433 Jun  1 21:06 ModularCG_A1_profile.class
-rw-rw-r-- 1 travis travis  1704 Jun  1 21:06 ModularCG_A1_profile.java
-rw-rw-r-- 1 travis travis  3827 Jun  1 21:06 ModularCG_A2_B1.class
-rw-rw-r-- 1 travis travis 10667 Jun  1 21:06 ModularCG_A2_B1.java
-rw-rw-r-- 1 travis travis   832 Jun  1 21:06 ModularCG_A2_B1.mk
-rw-rw-r-- 1 travis travis  1381 Jun  1 21:06 ModularCG_A2_B1_profile.class
-rw-rw-r-- 1 travis travis  1446 Jun  1 21:06 ModularCG_A2_B1_profile.java
-rw-rw-r-- 1 travis travis  3693 Jun  1 21:06 ModularCG_A2_B2.class
-rw-rw-r-- 1 travis travis  9730 Jun  1 21:06 ModularCG_A2_B2.java
-rw-rw-r-- 1 travis travis   832 Jun  1 21:06 ModularCG_A2_B2.mk
-rw-rw-r-- 1 travis travis  1318 Jun  1 21:06 ModularCG_A2_B2_profile.class
-rw-rw-r-- 1 travis travis  1262 Jun  1 21:06 ModularCG_A2_B2_profile.java
-rw-rw-r-- 1 travis travis  4870 Jun  1 21:06 ModularCG_A2.class
-rw-rw-r-- 1 travis travis 15129 Jun  1 21:06 ModularCG_A2.java
-rw-rw-r-- 1 travis travis   808 Jun  1 21:06 ModularCG_A2.mk
-rw-rw-r-- 1 travis travis  1433 Jun  1 21:06 ModularCG_A2_profile.class
-rw-rw-r-- 1 travis travis  1704 Jun  1 21:06 ModularCG_A2_profile.java
-rw-rw-r-- 1 travis travis  3473 Jun  1 21:06 ModularCGPubSub_A1_A2.class
-rw-rw-r-- 1 travis travis  9076 Jun  1 21:06 ModularCGPubSub_A1_A2.java
-rw-rw-r-- 1 travis travis   880 Jun  1 21:06 ModularCGPubSub_A1_A2.mk
-rw-rw-r-- 1 travis travis  1300 Jun  1 21:06 ModularCGPubSub_A1_A2_profile.class
-rw-rw-r-- 1 travis travis  1222 Jun  1 21:06 ModularCGPubSub_A1_A2_profile.java
-rw-rw-r-- 1 travis travis  3790 Jun  1 21:06 ModularCGPubSub_A1.class
-rw-rw-r-- 1 travis travis  9836 Jun  1 21:06 ModularCGPubSub_A1.java
-rw-rw-r-- 1 travis travis   856 Jun  1 21:06 ModularCGPubSub_A1.mk
-rw-rw-r-- 1 travis travis  1346 Jun  1 21:06 ModularCGPubSub_A1_profile.class
-rw-rw-r-- 1 travis travis  1388 Jun  1 21:06 ModularCGPubSub_A1_profile.java
-rw-rw-r-- 1 travis travis  3988 Jun  1 21:06 ModularCodeGen2_ModularCodeGenTypedCompositeActor.class
-rw-rw-r-- 1 travis travis 11690 Jun  1 21:06 ModularCodeGen2_ModularCodeGenTypedCompositeActor.java
-rw-rw-r-- 1 travis travis  1104 Jun  1 21:06 ModularCodeGen2_ModularCodeGenTypedCompositeActor.mk
-rw-rw-r-- 1 travis travis  4272 Jun  1 21:06 ModularCodeGen2_ModularCodeGenTypedCompositeActor_ModularCodeGenTypedCompositeActor.class
-rw-rw-r-- 1 travis travis 11790 Jun  1 21:06 ModularCodeGen2_ModularCodeGenTypedCompositeActor_ModularCodeGenTypedCompositeActor.java
-rw-rw-r-- 1 travis travis  1376 Jun  1 21:06 ModularCodeGen2_ModularCodeGenTypedCompositeActor_ModularCodeGenTypedCompositeActor.mk
-rw-rw-r-- 1 travis travis  1421 Jun  1 21:06 ModularCodeGen2_ModularCodeGenTypedCompositeActor_ModularCodeGenTypedCompositeActor_profile.class
-rw-rw-r-- 1 travis travis  1294 Jun  1 21:06 ModularCodeGen2_ModularCodeGenTypedCompositeActor_ModularCodeGenTypedCompositeActor_profile.java
-rw-rw-r-- 1 travis travis   820 Jun  1 21:06 ModularCodeGen2_ModularCodeGenTypedCompositeActor_profile.class
-rw-rw-r-- 1 travis travis   693 Jun  1 21:06 ModularCodeGen2_ModularCodeGenTypedCompositeActor_profile.java
-rw-rw-r-- 1 travis travis  3741 Jun  1 21:06 ModularCodeGen3_A1_B1.class
-rw-rw-r-- 1 travis travis  9958 Jun  1 21:06 ModularCodeGen3_A1_B1.java
-rw-rw-r-- 1 travis travis   880 Jun  1 21:06 ModularCodeGen3_A1_B1.mk
-rw-rw-r-- 1 travis travis  1330 Jun  1 21:06 ModularCodeGen3_A1_B1_profile.class
-rw-rw-r-- 1 travis travis  1274 Jun  1 21:06 ModularCodeGen3_A1_B1_profile.java
-rw-rw-r-- 1 travis travis  3741 Jun  1 21:06 ModularCodeGen3_A1_B2.class
-rw-rw-r-- 1 travis travis  9958 Jun  1 21:06 ModularCodeGen3_A1_B2.java
-rw-rw-r-- 1 travis travis   880 Jun  1 21:06 ModularCodeGen3_A1_B2.mk
-rw-rw-r-- 1 travis travis  1330 Jun  1 21:06 ModularCodeGen3_A1_B2_profile.class
-rw-rw-r-- 1 travis travis  1274 Jun  1 21:06 ModularCodeGen3_A1_B2_profile.java
-rw-rw-r-- 1 travis travis  4961 Jun  1 21:07 ModularCodeGen3_A1.class
-rw-rw-r-- 1 travis travis 15564 Jun  1 21:06 ModularCodeGen3_A1.java
-rw-rw-r-- 1 travis travis   856 Jun  1 21:06 ModularCodeGen3_A1.mk
-rw-rw-r-- 1 travis travis  1445 Jun  1 21:06 ModularCodeGen3_A1_profile.class
-rw-rw-r-- 1 travis travis  1716 Jun  1 21:06 ModularCodeGen3_A1_profile.java
-rw-rw-r-- 1 travis travis  3887 Jun  1 21:07 ModularCodeGen3_A2_B1.class
-rw-rw-r-- 1 travis travis 10955 Jun  1 21:07 ModularCodeGen3_A2_B1.java
-rw-rw-r-- 1 travis travis   880 Jun  1 21:07 ModularCodeGen3_A2_B1.mk
-rw-rw-r-- 1 travis travis  1393 Jun  1 21:07 ModularCodeGen3_A2_B1_profile.class
-rw-rw-r-- 1 travis travis  1458 Jun  1 21:07 ModularCodeGen3_A2_B1_profile.java
-rw-rw-r-- 1 travis travis  3741 Jun  1 21:07 ModularCodeGen3_A2_B2.class
-rw-rw-r-- 1 travis travis  9958 Jun  1 21:07 ModularCodeGen3_A2_B2.java
-rw-rw-r-- 1 travis travis   880 Jun  1 21:07 ModularCodeGen3_A2_B2.mk
-rw-rw-r-- 1 travis travis  1330 Jun  1 21:07 ModularCodeGen3_A2_B2_profile.class
-rw-rw-r-- 1 travis travis  1274 Jun  1 21:07 ModularCodeGen3_A2_B2_profile.java
-rw-rw-r-- 1 travis travis  5038 Jun  1 21:07 ModularCodeGen3_A2.class
-rw-rw-r-- 1 travis travis 15957 Jun  1 21:07 ModularCodeGen3_A2.java
-rw-rw-r-- 1 travis travis   856 Jun  1 21:07 ModularCodeGen3_A2.mk
-rw-rw-r-- 1 travis travis  1445 Jun  1 21:07 ModularCodeGen3_A2_profile.class
-rw-rw-r-- 1 travis travis  1716 Jun  1 21:07 ModularCodeGen3_A2_profile.java
-rw-rw-r-- 1 travis travis  3794 Jun  1 21:07 ModularCodeGen4_A1_B1.class
-rw-rw-r-- 1 travis travis 10312 Jun  1 21:07 ModularCodeGen4_A1_B1.java
-rw-rw-r-- 1 travis travis   880 Jun  1 21:07 ModularCodeGen4_A1_B1.mk
-rw-rw-r-- 1 travis travis  1330 Jun  1 21:07 ModularCodeGen4_A1_B1_profile.class
-rw-rw-r-- 1 travis travis  1273 Jun  1 21:07 ModularCodeGen4_A1_B1_profile.java
-rw-rw-r-- 1 travis travis  3794 Jun  1 21:07 ModularCodeGen4_A1_B2.class
-rw-rw-r-- 1 travis travis 10312 Jun  1 21:07 ModularCodeGen4_A1_B2.java
-rw-rw-r-- 1 travis travis   880 Jun  1 21:07 ModularCodeGen4_A1_B2.mk
-rw-rw-r-- 1 travis travis  1330 Jun  1 21:07 ModularCodeGen4_A1_B2_profile.class
-rw-rw-r-- 1 travis travis  1273 Jun  1 21:07 ModularCodeGen4_A1_B2_profile.java
-rw-rw-r-- 1 travis travis  5101 Jun  1 21:07 ModularCodeGen4_A1.class
-rw-rw-r-- 1 travis travis 16245 Jun  1 21:07 ModularCodeGen4_A1.java
-rw-rw-r-- 1 travis travis   856 Jun  1 21:07 ModularCodeGen4_A1.mk
-rw-rw-r-- 1 travis travis  1445 Jun  1 21:07 ModularCodeGen4_A1_profile.class
-rw-rw-r-- 1 travis travis  1712 Jun  1 21:07 ModularCodeGen4_A1_profile.java
-rw-rw-r-- 1 travis travis  3988 Jun  1 21:07 ModularCodeGen4_A2_B1.class
-rw-rw-r-- 1 travis travis 11375 Jun  1 21:07 ModularCodeGen4_A2_B1.java
-rw-rw-r-- 1 travis travis   880 Jun  1 21:07 ModularCodeGen4_A2_B1.mk
-rw-rw-r-- 1 travis travis  1393 Jun  1 21:07 ModularCodeGen4_A2_B1_profile.class
-rw-rw-r-- 1 travis travis  1454 Jun  1 21:07 ModularCodeGen4_A2_B1_profile.java
-rw-rw-r-- 1 travis travis  3842 Jun  1 21:07 ModularCodeGen4_A2_B2.class
-rw-rw-r-- 1 travis travis 10378 Jun  1 21:07 ModularCodeGen4_A2_B2.java
In "/home/travis/cg", about to execute:
    javac -classpath
.:/home/travis/build/icyphy/ptII:/home/travis/build/icyphy/ptII/lib/bsh-2.0b4.j
ar:/home/travis/build/icyphy/ptII/lib/ptCal.jar:/home/travis/build/icyphy/ptII/
lib/java_cup.jar:/home/travis/build/icyphy/ptII/lib/saxon8.jar:/home/travis/bui
ld/icyphy/ptII/lib/saxon8-dom.jar:/home/travis/build/icyphy/ptII/lib/chic.jar:/
home/travis/build/icyphy/ptII/lib/ptcolt.jar:/usr/lib/jvm/java-8-oracle/lib/too
ls.jar:/usr/lib/eclipse/plugins/org.eclipse.jdt.core_3.8.2.dist.jar:/usr/lib/ec
lipse/plugins/org.eclipse.core.runtime_3.8.0.dist.jar:/usr/lib/eclipse/plugins/
org.eclipse.osgi_3.8.1.dist.jar:/usr/lib/eclipse/plugins/org.eclipse.core.resou
rces_3.8.1.dist.jar:/usr/lib/eclipse/plugins/org.eclipse.equinox.common_3.6.100
.dist.jar:/usr/lib/eclipse/plugins/org.eclipse.core.jobs_3.5.200.dist.jar:/usr/
lib/eclipse/plugins/org.eclipse.core.contenttype_3.4.200.dist.jar:/usr/lib/ecli
pse/plugins/org.eclipse.equinox.preferences_3.5.0.dist.jar:/usr/lib/eclipse/plu
gins/org.eclipse.text_3.5.200.dist.jar:/usr/lib/eclipse/plugins/org.eclipse.ui.
workbench_3.8.1.dist.jar:/usr/lib/eclipse/plugins/org.eclipse.jface_3.8.0.dist.
jar:/usr/lib/eclipse/plugins/org.eclipse.swt_3.8.2.jar:/usr/lib/eclipse/plugins
/org.eclipse.jface.text_3.8.1.dist.jar:/usr/lib/eclipse/plugins/org.eclipse.ui.
workbench.texteditor_3.8.0.dist.jar:/usr/lib/eclipse/plugins/org.eclipse.ui.edi
tors_3.8.0.dist.jar:/usr/lib/eclipse/plugins/org.eclipse.core.commands_3.6.1.di
st.jar:/usr/lib/eclipse/plugins/org.eclipse.equinox.registry_3.5.200.dist.jar:/
usr/lib/eclipse/plugins/org.eclipse.ui.console_3.5.100.dist.jar:/usr/lib/eclips
e/plugins/org.eclipse.ui.forms_3.5.200.dist.jar:/usr/lib/eclipse/plugins/org.ec
lipse.ui.ide_3.8.1.dist.jar:/home/travis/build/icyphy/ptII/vendors/oracle/dbxml
.jar:/home/travis/build/icyphy/ptII/vendors/oracle/db.jar:/home/travis/build/ic
yphy/ptII/vendors/misc/itext/iText.jar:/home/travis/build/icyphy/ptII/lib/g4ltl
.jar:/home/travis/build/icyphy/ptII/lib/StructuralCoder.jar:/home/travis/build/
icyphy/ptII/lib/org-openide-util.jar:/home/travis/build/icyphy/ptII/lib/org-ope
nide-util-lookup.jar:/home/travis/build/icyphy/ptII/lib/org-netbeans-api-visual
.jar:/home/travis/build/icyphy/ptII/vendors/jai-1_1_2_01/lib/jai_core.jar:/home
/travis/build/icyphy/ptII/vendors/jai-1_1_2_01/lib/jai_codec.jar:/home/travis/b
uild/icyphy/ptII/lib/jcerti.jar:/home/travis/build/icyphy/ptII/lib/smack.jar:/h
ome/travis/build/icyphy/ptII/lib/smackx.jar:/home/travis/build/icyphy/ptII/lib/
jetty-all-8.1.5-v20120716.jar:/home/travis/build/icyphy/ptII/lib/javax.servlet-
api-3.0.1.jar:/home/travis/build/icyphy/ptII/lib/javax.mail.jar:/home/travis/bu
ild/icyphy/ptII/vendors/JMF-2.1.1e/lib/jmf.jar:/home/travis/build/icyphy/ptII/l
ib/jna-4.0.0-variadic.jar:/home/travis/build/icyphy/ptII/vendors/misc/joystick/
Joystick.jar:/home/travis/build/icyphy/ptII/lib/ptjacl.jar:/home/travis/build/i
cyphy/ptII/lib/jsoup-1.8.2.jar:/home/travis/build/icyphy/ptII/lib/junit-4.8.2.j
ar:/home/travis/build/icyphy/ptII/lib/JUnitParams-0.4.0.jar:/home/travis/build/
icyphy/ptII/ptolemy/actor/lib/excel/jxl.jar:/home/travis/build/icyphy/ptII/lib/
jython.jar:/home/travis/build/icyphy/ptII/lib/kieler.jar:/home/travis/build/icy
phy/ptII/vendors/opencv/share/OpenCV/java/opencv-341.jar:/home/travis/build/icy
phy/ptII/lib/oscP5.jar:/home/travis/build/icyphy/ptII/lib/nrjavaserial-3.11.0.d
evel.jar:/usr/share/java/j3dcore.jar:/usr/share/java/j3dutils.jar:/usr/share/ja
va/vecmath.jar:/home/travis/build/icyphy/ptII/ptolemy/distributed/jini/jar/jini
-core.jar:/home/travis/build/icyphy/ptII/ptolemy/distributed/jini/jar/jini-ext.
jar:/home/travis/build/icyphy/ptII/ptolemy/distributed/jini/jar/sun-util.jar:/h
ome/travis/build/icyphy/ptII/lib/protobuf-java-2.4.1.jar:/home/travis/build/icy
phy/ptII/lib/org.eclipse.paho.client.mqttv3.jar:/home/travis/build/icyphy/ptII/
ptserver/lib/hessian-4.0.7.jar:/home/travis/build/icyphy/ptII/ptserver/lib/wmqt
t.jar:/home/travis/build/icyphy/ptII/lib/mapss.jar:/home/travis/build/icyphy/pt
II/ptolemy/actor/ptalon/antlr/antlr.jar:/home/travis/build/icyphy/ptII/lib/JRI.
jar:/home/travis/build/icyphy/ptII/lib/commons-lang-2.6.jar:/home/travis/build/
icyphy/ptII/lib/commons-logging-1.1.1.jar:/home/travis/build/icyphy/ptII/lib/so
otclasses.jar:/home/travis/build/icyphy/ptII/ptolemy/actor/lib/database/mysql-c
onnector-java-5.1.6-bin.jar:/home/travis/build/icyphy/ptII/vendors/misc/sphinx4
/sphinx4-data-5prealpha.jar:/home/travis/build/icyphy/ptII/vendors/misc/sphinx4
/sphinx4-core-5prealpha.jar:/home/travis/build/icyphy/ptII/lib/PDFRenderer.jar:
/home/travis/build/icyphy/ptII/lib/svgSalamander.jar:/home/travis/build/icyphy/
ptII/lib/rsyntaxtextarea-2.6.0-SNAPSHOT.jar:/home/travis/build/icyphy/ptII/lib/
hazelcast-3.8.2.jar:/home/travis/build/icyphy/ptII/lib/jackson-annotations-2.9.
0.jar:/home/travis/build/icyphy/ptII/lib/jackson-core-2.9.3.jar:/home/travis/bu
ild/icyphy/ptII/lib/jackson-databind-2.9.3.jar:/home/travis/build/icyphy/ptII/l
ib/netty-buffer-4.1.19.Final.jar:/home/travis/build/icyphy/ptII/lib/netty-codec
-4.1.19.Final.jar:/home/travis/build/icyphy/ptII/lib/netty-codec-dns-4.1.19.Fin
al.jar:/home/travis/build/icyphy/ptII/lib/netty-codec-http-4.1.19.Final.jar:/ho
me/travis/build/icyphy/ptII/lib/netty-codec-http2-4.1.19.Final.jar:/home/travis
/build/icyphy/ptII/lib/netty-common-4.1.19.Final.jar:/home/travis/build/icyphy/
ptII/lib/netty-handler-4.1.19.Final.jar:/home/travis/build/icyphy/ptII/lib/nett
y-resolver-4.1.19.Final.jar:/home/travis/build/icyphy/ptII/lib/netty-resolver-d
ns-4.1.19.Final.jar:/home/travis/build/icyphy/ptII/lib/netty-transport-4.1.19.F
inal.jar:/home/travis/build/icyphy/ptII/lib/vertx-codegen-3.5.1.jar:/home/travi
s/build/icyphy/ptII/lib/vertx-core-3.5.2-SNAPSHOT.jar:/home/travis/build/icyphy
/ptII/lib/vertx-hazelcast-3.5.1.jar:/home/travis/build/icyphy/ptII/lib/vertx-la
ng-js-3.5.1.jar:/home/travis/build/icyphy/ptII/lib/vertx-service-proxy-3.5.1.ja
r:/home/travis/build/icyphy/ptII/lib/vertx-web-3.5.1.jar:/home/travis/build/icy
phy/ptII/lib/slf4j-api-1.7.13.jar:/home/travis/build/icyphy/ptII/lib/slf4j-simp
le-1.7.13.jar:/home/travis/build/icyphy/ptII/lib/webcam-capture-0.3.12.jar:/hom
e/travis/build/icyphy/ptII/lib/bridj-0.7.0.jar:/home/travis/build/icyphy/ptII/l
ib/xbjlib-1.1.0.nrjavaserial.jar:/home/travis/build/icyphy/ptII/ptolemy/moml/te
st:/home/travis/build/icyphy/ptII/ant/lib/ant-launcher.jar:/home/travis/build/i
cyphy/ptII/ant/lib/ant.jar:/home/travis/build/icyphy/ptII/ant/lib/ant-junit.jar
:/home/travis/build/icyphy/ptII/ant/lib/ant-junit4.jar:/home/travis/build/icyph
y/ptII ModularCodeGen5_A_profile.java
-rw-rw-r-- 1 travis travis   880 Jun  1 21:07 ModularCodeGen4_A2_B2.mk
-rw-rw-r-- 1 travis travis  1330 Jun  1 21:07 ModularCodeGen4_A2_B2_profile.class
-rw-rw-r-- 1 travis travis  1270 Jun  1 21:07 ModularCodeGen4_A2_B2_profile.java
-rw-rw-r-- 1 travis travis  5274 Jun  1 21:07 ModularCodeGen4_A2.class
-rw-rw-r-- 1 travis travis 16770 Jun  1 21:07 ModularCodeGen4_A2.java
-rw-rw-r-- 1 travis travis   856 Jun  1 21:07 ModularCodeGen4_A2.mk
-rw-rw-r-- 1 travis travis  1445 Jun  1 21:07 ModularCodeGen4_A2_profile.class
-rw-rw-r-- 1 travis travis  1712 Jun  1 21:07 ModularCodeGen4_A2_profile.java
-rw-rw-r-- 1 travis travis  6838 Jun  1 21:07 ModularCodeGen5_A_A.class
-rw-rw-r-- 1 travis travis 28721 Jun  1 21:07 ModularCodeGen5_A_A.java
-rw-rw-r-- 1 travis travis   864 Jun  1 21:07 ModularCodeGen5_A_A.mk
-rw-rw-r-- 1 travis travis  1520 Jun  1 21:07 ModularCodeGen5_A_A_profile.class
-rw-rw-r-- 1 travis travis  1815 Jun  1 21:07 ModularCodeGen5_A_A_profile.java
-rw-rw-r-- 1 travis travis  1605 Jun  1 21:07 ModularCodeGen5_A_profile.java
-rw-rw-r-- 1 travis travis  3954 Jun  1 21:06 ModularCodeGen_ModularCodeGenTypedCompositeActor.class
-rw-rw-r-- 1 travis travis 10970 Jun  1 21:06 ModularCodeGen_ModularCodeGenTypedCompositeActor.java
-rw-rw-r-- 1 travis travis  1096 Jun  1 21:06 ModularCodeGen_ModularCodeGenTypedCompositeActor.mk
-rw-rw-r-- 1 travis travis  1384 Jun  1 21:06 ModularCodeGen_ModularCodeGenTypedCompositeActor_profile.class
-rw-rw-r-- 1 travis travis  1328 Jun  1 21:06 ModularCodeGen_ModularCodeGenTypedCompositeActor_profile.java
-rw-rw-r-- 1 travis travis  3492 Jun  1 21:06 ModularCodeGenTest_A1_A2.class
-rw-rw-r-- 1 travis travis  9164 Jun  1 21:06 ModularCodeGenTest_A1_A2.java
-rw-rw-r-- 1 travis travis   904 Jun  1 21:06 ModularCodeGenTest_A1_A2.mk
-rw-rw-r-- 1 travis travis  1306 Jun  1 21:06 ModularCodeGenTest_A1_A2_profile.class
-rw-rw-r-- 1 travis travis  1228 Jun  1 21:06 ModularCodeGenTest_A1_A2_profile.java
-rw-rw-r-- 1 travis travis  3823 Jun  1 21:06 ModularCodeGenTest_A1.class
-rw-rw-r-- 1 travis travis  9968 Jun  1 21:06 ModularCodeGenTest_A1.java
-rw-rw-r-- 1 travis travis   880 Jun  1 21:06 ModularCodeGenTest_A1.mk
-rw-rw-r-- 1 travis travis  1352 Jun  1 21:06 ModularCodeGenTest_A1_profile.class
-rw-rw-r-- 1 travis travis  1394 Jun  1 21:06 ModularCodeGenTest_A1_profile.java
-rw-rw-r-- 1 travis travis   432 Jun  1 21:07 Token.class
-rw-rw-r-- 1 travis travis   251 Jun  1 21:07 Token.java
warning: Supported source version 'RELEASE_6' from annotation processor 'org.netbeans.modules.openide.util.NbBundleProcessor' less than -source '1.8'
warning: Supported source version 'RELEASE_6' from annotation processor 'org.netbeans.modules.openide.util.URLStreamHandlerRegistrationProcessor' less than -source '1.8'
warning: Supported source version 'RELEASE_6' from annotation processor 'org.netbeans.modules.openide.util.ServiceProviderProcessor' less than -source '1.8'
3 warnings
All Done
Writing ModularCodeGen5_A.java in file:/home/travis/cg/ (13769 characters)
Reading "ptolemy/cg/kernel/generic/program/procedural/java/modular/makefile.in",
    writing "/home/travis/cg/ModularCodeGen5_A.mk"
Using ptolemy/cg/kernel/generic/program/procedural/java/modular/makefile.in
In "/home/travis/cg", about to execute:
    make -f ModularCodeGen5_A.mk
javac -classpath ".:.."    ModularCodeGen5_A.java
All Done
5369 ms. Memory: 202240K Free: 170633K (84%)
----------------- Invoking toplevel() on ptolemy.moml.MoMLSimpleApplication@19051743
----------------- Done invoking toplevel() on ptolemy.moml.MoMLSimpleApplication@19051743
reloadAllAccessors: .ModularCodeGen5

===========================================================================================
----------------- testing Fri Jun 01 21:07:27 UTC 2018 /home/travis/build/icyphy/ptII/ptolemy/cg/lib/test/auto/ModularCodeGen6.xml
----------------- Instantiating /home/travis/build/icyphy/ptII/ptolemy/cg/lib/test/auto/ModularCodeGen6.xml
In "/home/travis/cg", about to execute:
    pwd
In "/home/travis/cg", about to execute:
    ls -l
/home/travis/cg
In "/home/travis/cg", about to execute:
    javac -classpath
.:/home/travis/build/icyphy/ptII:/home/travis/build/icyphy/ptII/lib/bsh-2.0b4.j
ar:/home/travis/build/icyphy/ptII/lib/ptCal.jar:/home/travis/build/icyphy/ptII/
lib/java_cup.jar:/home/travis/build/icyphy/ptII/lib/saxon8.jar:/home/travis/bui
ld/icyphy/ptII/lib/saxon8-dom.jar:/home/travis/build/icyphy/ptII/lib/chic.jar:/
home/travis/build/icyphy/ptII/lib/ptcolt.jar:/usr/lib/jvm/java-8-oracle/lib/too
ls.jar:/usr/lib/eclipse/plugins/org.eclipse.jdt.core_3.8.2.dist.jar:/usr/lib/ec
lipse/plugins/org.eclipse.core.runtime_3.8.0.dist.jar:/usr/lib/eclipse/plugins/
org.eclipse.osgi_3.8.1.dist.jar:/usr/lib/eclipse/plugins/org.eclipse.core.resou
rces_3.8.1.dist.jar:/usr/lib/eclipse/plugins/org.eclipse.equinox.common_3.6.100
.dist.jar:/usr/lib/eclipse/plugins/org.eclipse.core.jobs_3.5.200.dist.jar:/usr/
lib/eclipse/plugins/org.eclipse.core.contenttype_3.4.200.dist.jar:/usr/lib/ecli
pse/plugins/org.eclipse.equinox.preferences_3.5.0.dist.jar:/usr/lib/eclipse/plu
gins/org.eclipse.text_3.5.200.dist.jar:/usr/lib/eclipse/plugins/org.eclipse.ui.
workbench_3.8.1.dist.jar:/usr/lib/eclipse/plugins/org.eclipse.jface_3.8.0.dist.
jar:/usr/lib/eclipse/plugins/org.eclipse.swt_3.8.2.jar:/usr/lib/eclipse/plugins
/org.eclipse.jface.text_3.8.1.dist.jar:/usr/lib/eclipse/plugins/org.eclipse.ui.
workbench.texteditor_3.8.0.dist.jar:/usr/lib/eclipse/plugins/org.eclipse.ui.edi
tors_3.8.0.dist.jar:/usr/lib/eclipse/plugins/org.eclipse.core.commands_3.6.1.di
st.jar:/usr/lib/eclipse/plugins/org.eclipse.equinox.registry_3.5.200.dist.jar:/
usr/lib/eclipse/plugins/org.eclipse.ui.console_3.5.100.dist.jar:/usr/lib/eclips
e/plugins/org.eclipse.ui.forms_3.5.200.dist.jar:/usr/lib/eclipse/plugins/org.ec
lipse.ui.ide_3.8.1.dist.jar:/home/travis/build/icyphy/ptII/vendors/oracle/dbxml
.jar:/home/travis/build/icyphy/ptII/vendors/oracle/db.jar:/home/travis/build/ic
yphy/ptII/vendors/misc/itext/iText.jar:/home/travis/build/icyphy/ptII/lib/g4ltl
.jar:/home/travis/build/icyphy/ptII/lib/StructuralCoder.jar:/home/travis/build/
icyphy/ptII/lib/org-openide-util.jar:/home/travis/build/icyphy/ptII/lib/org-ope
nide-util-lookup.jar:/home/travis/build/icyphy/ptII/lib/org-netbeans-api-visual
.jar:/home/travis/build/icyphy/ptII/vendors/jai-1_1_2_01/lib/jai_core.jar:/home
/travis/build/icyphy/ptII/vendors/jai-1_1_2_01/lib/jai_codec.jar:/home/travis/b
uild/icyphy/ptII/lib/jcerti.jar:/home/travis/build/icyphy/ptII/lib/smack.jar:/h
ome/travis/build/icyphy/ptII/lib/smackx.jar:/home/travis/build/icyphy/ptII/lib/
jetty-all-8.1.5-v20120716.jar:/home/travis/build/icyphy/ptII/lib/javax.servlet-
api-3.0.1.jar:/home/travis/build/icyphy/ptII/lib/javax.mail.jar:/home/travis/bu
ild/icyphy/ptII/vendors/JMF-2.1.1e/lib/jmf.jar:/home/travis/build/icyphy/ptII/l
ib/jna-4.0.0-variadic.jar:/home/travis/build/icyphy/ptII/vendors/misc/joystick/
Joystick.jar:/home/travis/build/icyphy/ptII/lib/ptjacl.jar:/home/travis/build/i
cyphy/ptII/lib/jsoup-1.8.2.jar:/home/travis/build/icyphy/ptII/lib/junit-4.8.2.j
ar:/home/travis/build/icyphy/ptII/lib/JUnitParams-0.4.0.jar:/home/travis/build/
icyphy/ptII/ptolemy/actor/lib/excel/jxl.jar:/home/travis/build/icyphy/ptII/lib/
jython.jar:/home/travis/build/icyphy/ptII/lib/kieler.jar:/home/travis/build/icy
phy/ptII/vendors/opencv/share/OpenCV/java/opencv-341.jar:/home/travis/build/icy
phy/ptII/lib/oscP5.jar:/home/travis/build/icyphy/ptII/lib/nrjavaserial-3.11.0.d
evel.jar:/usr/share/java/j3dcore.jar:/usr/share/java/j3dutils.jar:/usr/share/ja
va/vecmath.jar:/home/travis/build/icyphy/ptII/ptolemy/distributed/jini/jar/jini
-core.jar:/home/travis/build/icyphy/ptII/ptolemy/distributed/jini/jar/jini-ext.
jar:/home/travis/build/icyphy/ptII/ptolemy/distributed/jini/jar/sun-util.jar:/h
ome/travis/build/icyphy/ptII/lib/protobuf-java-2.4.1.jar:/home/travis/build/icy
phy/ptII/lib/org.eclipse.paho.client.mqttv3.jar:/home/travis/build/icyphy/ptII/
ptserver/lib/hessian-4.0.7.jar:/home/travis/build/icyphy/ptII/ptserver/lib/wmqt
t.jar:/home/travis/build/icyphy/ptII/lib/mapss.jar:/home/travis/build/icyphy/pt
II/ptolemy/actor/ptalon/antlr/antlr.jar:/home/travis/build/icyphy/ptII/lib/JRI.
jar:/home/travis/build/icyphy/ptII/lib/commons-lang-2.6.jar:/home/travis/build/
icyphy/ptII/lib/commons-logging-1.1.1.jar:/home/travis/build/icyphy/ptII/lib/so
otclasses.jar:/home/travis/build/icyphy/ptII/ptolemy/actor/lib/database/mysql-c
onnector-java-5.1.6-bin.jar:/home/travis/build/icyphy/ptII/vendors/misc/sphinx4
/sphinx4-data-5prealpha.jar:/home/travis/build/icyphy/ptII/vendors/misc/sphinx4
/sphinx4-core-5prealpha.jar:/home/travis/build/icyphy/ptII/lib/PDFRenderer.jar:
/home/travis/build/icyphy/ptII/lib/svgSalamander.jar:/home/travis/build/icyphy/
ptII/lib/rsyntaxtextarea-2.6.0-SNAPSHOT.jar:/home/travis/build/icyphy/ptII/lib/
hazelcast-3.8.2.jar:/home/travis/build/icyphy/ptII/lib/jackson-annotations-2.9.
0.jar:/home/travis/build/icyphy/ptII/lib/jackson-core-2.9.3.jar:/home/travis/bu
ild/icyphy/ptII/lib/jackson-databind-2.9.3.jar:/home/travis/build/icyphy/ptII/l
ib/netty-buffer-4.1.19.Final.jar:/home/travis/build/icyphy/ptII/lib/netty-codec
-4.1.19.Final.jar:/home/travis/build/icyphy/ptII/lib/netty-codec-dns-4.1.19.Fin
al.jar:/home/travis/build/icyphy/ptII/lib/netty-codec-http-4.1.19.Final.jar:/ho
me/travis/build/icyphy/ptII/lib/netty-codec-http2-4.1.19.Final.jar:/home/travis
/build/icyphy/ptII/lib/netty-common-4.1.19.Final.jar:/home/travis/build/icyphy/
ptII/lib/netty-handler-4.1.19.Final.jar:/home/travis/build/icyphy/ptII/lib/nett
y-resolver-4.1.19.Final.jar:/home/travis/build/icyphy/ptII/lib/netty-resolver-d
ns-4.1.19.Final.jar:/home/travis/build/icyphy/ptII/lib/netty-transport-4.1.19.F
inal.jar:/home/travis/build/icyphy/ptII/lib/vertx-codegen-3.5.1.jar:/home/travi
s/build/icyphy/ptII/lib/vertx-core-3.5.2-SNAPSHOT.jar:/home/travis/build/icyphy
/ptII/lib/vertx-hazelcast-3.5.1.jar:/home/travis/build/icyphy/ptII/lib/vertx-la
ng-js-3.5.1.jar:/home/travis/build/icyphy/ptII/lib/vertx-service-proxy-3.5.1.ja
r:/home/travis/build/icyphy/ptII/lib/vertx-web-3.5.1.jar:/home/travis/build/icy
phy/ptII/lib/slf4j-api-1.7.13.jar:/home/travis/build/icyphy/ptII/lib/slf4j-simp
le-1.7.13.jar:/home/travis/build/icyphy/ptII/lib/webcam-capture-0.3.12.jar:/hom
e/travis/build/icyphy/ptII/lib/bridj-0.7.0.jar:/home/travis/build/icyphy/ptII/l
ib/xbjlib-1.1.0.nrjavaserial.jar:/home/travis/build/icyphy/ptII/ptolemy/moml/te
st:/home/travis/build/icyphy/ptII/ant/lib/ant-launcher.jar:/home/travis/build/i
cyphy/ptII/ant/lib/ant.jar:/home/travis/build/icyphy/ptII/ant/lib/ant-junit.jar
:/home/travis/build/icyphy/ptII/ant/lib/ant-junit4.jar:/home/travis/build/icyph
y/ptII ModularCodeGen6_A_A_profile.java
total 1004
-rw-rw-r-- 1 travis travis  4895 Jun  1 21:06 CompiledCompositeActor_CompiledCompositeActor.class
-rw-rw-r-- 1 travis travis  1592 Jun  1 21:06 CompiledCompositeActor_CompiledCompositeActor$_CompiledCompositeActor_CompiledCompositeActor.class
-rw-rw-r-- 1 travis travis 13466 Jun  1 21:06 CompiledCompositeActor_CompiledCompositeActor.java
-rw-rw-r-- 1 travis travis  1593 Jun  1 21:06 CompiledCompositeActor_CompiledCompositeActor.mk
-rw-rw-r-- 1 travis travis  4457 Jun  1 21:06 JavaCompiledCompositeTest1_CompiledCompositeActor.class
-rw-rw-r-- 1 travis travis 11637 Jun  1 21:06 JavaCompiledCompositeTest1_CompiledCompositeActor.java
-rw-rw-r-- 1 travis travis  1198 Jun  1 21:06 JavaCompiledCompositeTest1_CompiledCompositeActor$_JavaCompiledCompositeTest1_CompiledCompositeActor.class
-rw-rw-r-- 1 travis travis  1625 Jun  1 21:06 JavaCompiledCompositeTest1_CompiledCompositeActor.mk
-rw-rw-r-- 1 travis travis  4888 Jun  1 21:06 JavaCompiledCompositeTest2_CompiledCompositeActor.class
-rw-rw-r-- 1 travis travis 14919 Jun  1 21:06 JavaCompiledCompositeTest2_CompiledCompositeActor.java
-rw-rw-r-- 1 travis travis  1793 Jun  1 21:06 JavaCompiledCompositeTest2_CompiledCompositeActor$_JavaCompiledCompositeTest2_CompiledCompositeActor.class
-rw-rw-r-- 1 travis travis  1625 Jun  1 21:06 JavaCompiledCompositeTest2_CompiledCompositeActor.mk
-rw-rw-r-- 1 travis travis  4505 Jun  1 21:06 JavaCompiledCompositeTest3_CompiledCompositeActor.class
-rw-rw-r-- 1 travis travis 13080 Jun  1 21:06 JavaCompiledCompositeTest3_CompiledCompositeActor.java
-rw-rw-r-- 1 travis travis  1378 Jun  1 21:06 JavaCompiledCompositeTest3_CompiledCompositeActor$_JavaCompiledCompositeTest3_CompiledCompositeActor.class
-rw-rw-r-- 1 travis travis  1625 Jun  1 21:06 JavaCompiledCompositeTest3_CompiledCompositeActor.mk
-rw-rw-r-- 1 travis travis  3953 Jun  1 21:06 JavaCompiledCompositeTest4_CompiledCompositeActor.class
-rw-rw-r-- 1 travis travis  9687 Jun  1 21:06 JavaCompiledCompositeTest4_CompiledCompositeActor.java
-rw-rw-r-- 1 travis travis   857 Jun  1 21:06 JavaCompiledCompositeTest4_CompiledCompositeActor$_JavaCompiledCompositeTest4_CompiledCompositeActor.class
-rw-rw-r-- 1 travis travis  1625 Jun  1 21:06 JavaCompiledCompositeTest4_CompiledCompositeActor.mk
-rw-rw-r-- 1 travis travis  3693 Jun  1 21:06 ModularCG_A1_B1.class
-rw-rw-r-- 1 travis travis  9730 Jun  1 21:06 ModularCG_A1_B1.java
-rw-rw-r-- 1 travis travis   832 Jun  1 21:06 ModularCG_A1_B1.mk
-rw-rw-r-- 1 travis travis  1318 Jun  1 21:06 ModularCG_A1_B1_profile.class
-rw-rw-r-- 1 travis travis  1262 Jun  1 21:06 ModularCG_A1_B1_profile.java
-rw-rw-r-- 1 travis travis  3693 Jun  1 21:06 ModularCG_A1_B2.class
-rw-rw-r-- 1 travis travis  9730 Jun  1 21:06 ModularCG_A1_B2.java
-rw-rw-r-- 1 travis travis   832 Jun  1 21:06 ModularCG_A1_B2.mk
-rw-rw-r-- 1 travis travis  1318 Jun  1 21:06 ModularCG_A1_B2_profile.class
-rw-rw-r-- 1 travis travis  1262 Jun  1 21:06 ModularCG_A1_B2_profile.java
-rw-rw-r-- 1 travis travis  4799 Jun  1 21:06 ModularCG_A1.class
-rw-rw-r-- 1 travis travis 14742 Jun  1 21:06 ModularCG_A1.java
-rw-rw-r-- 1 travis travis   808 Jun  1 21:06 ModularCG_A1.mk
-rw-rw-r-- 1 travis travis  1433 Jun  1 21:06 ModularCG_A1_profile.class
-rw-rw-r-- 1 travis travis  1704 Jun  1 21:06 ModularCG_A1_profile.java
-rw-rw-r-- 1 travis travis  3827 Jun  1 21:06 ModularCG_A2_B1.class
-rw-rw-r-- 1 travis travis 10667 Jun  1 21:06 ModularCG_A2_B1.java
-rw-rw-r-- 1 travis travis   832 Jun  1 21:06 ModularCG_A2_B1.mk
-rw-rw-r-- 1 travis travis  1381 Jun  1 21:06 ModularCG_A2_B1_profile.class
-rw-rw-r-- 1 travis travis  1446 Jun  1 21:06 ModularCG_A2_B1_profile.java
-rw-rw-r-- 1 travis travis  3693 Jun  1 21:06 ModularCG_A2_B2.class
-rw-rw-r-- 1 travis travis  9730 Jun  1 21:06 ModularCG_A2_B2.java
-rw-rw-r-- 1 travis travis   832 Jun  1 21:06 ModularCG_A2_B2.mk
-rw-rw-r-- 1 travis travis  1318 Jun  1 21:06 ModularCG_A2_B2_profile.class
-rw-rw-r-- 1 travis travis  1262 Jun  1 21:06 ModularCG_A2_B2_profile.java
-rw-rw-r-- 1 travis travis  4870 Jun  1 21:06 ModularCG_A2.class
-rw-rw-r-- 1 travis travis 15129 Jun  1 21:06 ModularCG_A2.java
-rw-rw-r-- 1 travis travis   808 Jun  1 21:06 ModularCG_A2.mk
-rw-rw-r-- 1 travis travis  1433 Jun  1 21:06 ModularCG_A2_profile.class
-rw-rw-r-- 1 travis travis  1704 Jun  1 21:06 ModularCG_A2_profile.java
-rw-rw-r-- 1 travis travis  3473 Jun  1 21:06 ModularCGPubSub_A1_A2.class
-rw-rw-r-- 1 travis travis  9076 Jun  1 21:06 ModularCGPubSub_A1_A2.java
-rw-rw-r-- 1 travis travis   880 Jun  1 21:06 ModularCGPubSub_A1_A2.mk
-rw-rw-r-- 1 travis travis  1300 Jun  1 21:06 ModularCGPubSub_A1_A2_profile.class
-rw-rw-r-- 1 travis travis  1222 Jun  1 21:06 ModularCGPubSub_A1_A2_profile.java
-rw-rw-r-- 1 travis travis  3790 Jun  1 21:06 ModularCGPubSub_A1.class
-rw-rw-r-- 1 travis travis  9836 Jun  1 21:06 ModularCGPubSub_A1.java
-rw-rw-r-- 1 travis travis   856 Jun  1 21:06 ModularCGPubSub_A1.mk
-rw-rw-r-- 1 travis travis  1346 Jun  1 21:06 ModularCGPubSub_A1_profile.class
-rw-rw-r-- 1 travis travis  1388 Jun  1 21:06 ModularCGPubSub_A1_profile.java
-rw-rw-r-- 1 travis travis  3988 Jun  1 21:06 ModularCodeGen2_ModularCodeGenTypedCompositeActor.class
-rw-rw-r-- 1 travis travis 11690 Jun  1 21:06 ModularCodeGen2_ModularCodeGenTypedCompositeActor.java
-rw-rw-r-- 1 travis travis  1104 Jun  1 21:06 ModularCodeGen2_ModularCodeGenTypedCompositeActor.mk
-rw-rw-r-- 1 travis travis  4272 Jun  1 21:06 ModularCodeGen2_ModularCodeGenTypedCompositeActor_ModularCodeGenTypedCompositeActor.class
-rw-rw-r-- 1 travis travis 11790 Jun  1 21:06 ModularCodeGen2_ModularCodeGenTypedCompositeActor_ModularCodeGenTypedCompositeActor.java
-rw-rw-r-- 1 travis travis  1376 Jun  1 21:06 ModularCodeGen2_ModularCodeGenTypedCompositeActor_ModularCodeGenTypedCompositeActor.mk
-rw-rw-r-- 1 travis travis  1421 Jun  1 21:06 ModularCodeGen2_ModularCodeGenTypedCompositeActor_ModularCodeGenTypedCompositeActor_profile.class
-rw-rw-r-- 1 travis travis  1294 Jun  1 21:06 ModularCodeGen2_ModularCodeGenTypedCompositeActor_ModularCodeGenTypedCompositeActor_profile.java
-rw-rw-r-- 1 travis travis   820 Jun  1 21:06 ModularCodeGen2_ModularCodeGenTypedCompositeActor_profile.class
-rw-rw-r-- 1 travis travis   693 Jun  1 21:06 ModularCodeGen2_ModularCodeGenTypedCompositeActor_profile.java
-rw-rw-r-- 1 travis travis  3741 Jun  1 21:06 ModularCodeGen3_A1_B1.class
-rw-rw-r-- 1 travis travis  9958 Jun  1 21:06 ModularCodeGen3_A1_B1.java
-rw-rw-r-- 1 travis travis   880 Jun  1 21:06 ModularCodeGen3_A1_B1.mk
-rw-rw-r-- 1 travis travis  1330 Jun  1 21:06 ModularCodeGen3_A1_B1_profile.class
-rw-rw-r-- 1 travis travis  1274 Jun  1 21:06 ModularCodeGen3_A1_B1_profile.java
-rw-rw-r-- 1 travis travis  3741 Jun  1 21:06 ModularCodeGen3_A1_B2.class
-rw-rw-r-- 1 travis travis  9958 Jun  1 21:06 ModularCodeGen3_A1_B2.java
-rw-rw-r-- 1 travis travis   880 Jun  1 21:06 ModularCodeGen3_A1_B2.mk
-rw-rw-r-- 1 travis travis  1330 Jun  1 21:06 ModularCodeGen3_A1_B2_profile.class
-rw-rw-r-- 1 travis travis  1274 Jun  1 21:06 ModularCodeGen3_A1_B2_profile.java
-rw-rw-r-- 1 travis travis  4961 Jun  1 21:07 ModularCodeGen3_A1.class
-rw-rw-r-- 1 travis travis 15564 Jun  1 21:06 ModularCodeGen3_A1.java
-rw-rw-r-- 1 travis travis   856 Jun  1 21:06 ModularCodeGen3_A1.mk
-rw-rw-r-- 1 travis travis  1445 Jun  1 21:06 ModularCodeGen3_A1_profile.class
-rw-rw-r-- 1 travis travis  1716 Jun  1 21:06 ModularCodeGen3_A1_profile.java
-rw-rw-r-- 1 travis travis  3887 Jun  1 21:07 ModularCodeGen3_A2_B1.class
-rw-rw-r-- 1 travis travis 10955 Jun  1 21:07 ModularCodeGen3_A2_B1.java
-rw-rw-r-- 1 travis travis   880 Jun  1 21:07 ModularCodeGen3_A2_B1.mk
-rw-rw-r-- 1 travis travis  1393 Jun  1 21:07 ModularCodeGen3_A2_B1_profile.class
-rw-rw-r-- 1 travis travis  1458 Jun  1 21:07 ModularCodeGen3_A2_B1_profile.java
-rw-rw-r-- 1 travis travis  3741 Jun  1 21:07 ModularCodeGen3_A2_B2.class
-rw-rw-r-- 1 travis travis  9958 Jun  1 21:07 ModularCodeGen3_A2_B2.java
-rw-rw-r-- 1 travis travis   880 Jun  1 21:07 ModularCodeGen3_A2_B2.mk
-rw-rw-r-- 1 travis travis  1330 Jun  1 21:07 ModularCodeGen3_A2_B2_profile.class
-rw-rw-r-- 1 travis travis  1274 Jun  1 21:07 ModularCodeGen3_A2_B2_profile.java
-rw-rw-r-- 1 travis travis  5038 Jun  1 21:07 ModularCodeGen3_A2.class
-rw-rw-r-- 1 travis travis 15957 Jun  1 21:07 ModularCodeGen3_A2.java
-rw-rw-r-- 1 travis travis   856 Jun  1 21:07 ModularCodeGen3_A2.mk
-rw-rw-r-- 1 travis travis  1445 Jun  1 21:07 ModularCodeGen3_A2_profile.class
-rw-rw-r-- 1 travis travis  1716 Jun  1 21:07 ModularCodeGen3_A2_profile.java
-rw-rw-r-- 1 travis travis  3794 Jun  1 21:07 ModularCodeGen4_A1_B1.class
-rw-rw-r-- 1 travis travis 10312 Jun  1 21:07 ModularCodeGen4_A1_B1.java
-rw-rw-r-- 1 travis travis   880 Jun  1 21:07 ModularCodeGen4_A1_B1.mk
-rw-rw-r-- 1 travis travis  1330 Jun  1 21:07 ModularCodeGen4_A1_B1_profile.class
-rw-rw-r-- 1 travis travis  1273 Jun  1 21:07 ModularCodeGen4_A1_B1_profile.java
-rw-rw-r-- 1 travis travis  3794 Jun  1 21:07 ModularCodeGen4_A1_B2.class
-rw-rw-r-- 1 travis travis 10312 Jun  1 21:07 ModularCodeGen4_A1_B2.java
-rw-rw-r-- 1 travis travis   880 Jun  1 21:07 ModularCodeGen4_A1_B2.mk
-rw-rw-r-- 1 travis travis  1330 Jun  1 21:07 ModularCodeGen4_A1_B2_profile.class
-rw-rw-r-- 1 travis travis  1273 Jun  1 21:07 ModularCodeGen4_A1_B2_profile.java
-rw-rw-r-- 1 travis travis  5101 Jun  1 21:07 ModularCodeGen4_A1.class
-rw-rw-r-- 1 travis travis 16245 Jun  1 21:07 ModularCodeGen4_A1.java
-rw-rw-r-- 1 travis travis   856 Jun  1 21:07 ModularCodeGen4_A1.mk
-rw-rw-r-- 1 travis travis  1445 Jun  1 21:07 ModularCodeGen4_A1_profile.class
-rw-rw-r-- 1 travis travis  1712 Jun  1 21:07 ModularCodeGen4_A1_profile.java
-rw-rw-r-- 1 travis travis  3988 Jun  1 21:07 ModularCodeGen4_A2_B1.class
-rw-rw-r-- 1 travis travis 11375 Jun  1 21:07 ModularCodeGen4_A2_B1.java
-rw-rw-r-- 1 travis travis   880 Jun  1 21:07 ModularCodeGen4_A2_B1.mk
-rw-rw-r-- 1 travis travis  1393 Jun  1 21:07 ModularCodeGen4_A2_B1_profile.class
-rw-rw-r-- 1 travis travis  1454 Jun  1 21:07 ModularCodeGen4_A2_B1_profile.java
-rw-rw-r-- 1 travis travis  3842 Jun  1 21:07 ModularCodeGen4_A2_B2.class
-rw-rw-r-- 1 travis travis 10378 Jun  1 21:07 ModularCodeGen4_A2_B2.java
-rw-rw-r-- 1 travis travis   880 Jun  1 21:07 ModularCodeGen4_A2_B2.mk
-rw-rw-r-- 1 travis travis  1330 Jun  1 21:07 ModularCodeGen4_A2_B2_profile.class
-rw-rw-r-- 1 travis travis  1270 Jun  1 21:07 ModularCodeGen4_A2_B2_profile.java
-rw-rw-r-- 1 travis travis  5274 Jun  1 21:07 ModularCodeGen4_A2.class
-rw-rw-r-- 1 travis travis 16770 Jun  1 21:07 ModularCodeGen4_A2.java
-rw-rw-r-- 1 travis travis   856 Jun  1 21:07 ModularCodeGen4_A2.mk
-rw-rw-r-- 1 travis travis  1445 Jun  1 21:07 ModularCodeGen4_A2_profile.class
-rw-rw-r-- 1 travis travis  1712 Jun  1 21:07 ModularCodeGen4_A2_profile.java
-rw-rw-r-- 1 travis travis  6838 Jun  1 21:07 ModularCodeGen5_A_A.class
-rw-rw-r-- 1 travis travis 28721 Jun  1 21:07 ModularCodeGen5_A_A.java
-rw-rw-r-- 1 travis travis   864 Jun  1 21:07 ModularCodeGen5_A_A.mk
-rw-rw-r-- 1 travis travis  1520 Jun  1 21:07 ModularCodeGen5_A_A_profile.class
-rw-rw-r-- 1 travis travis  1815 Jun  1 21:07 ModularCodeGen5_A_A_profile.java
-rw-rw-r-- 1 travis travis  5115 Jun  1 21:07 ModularCodeGen5_A.class
-rw-rw-r-- 1 travis travis 13769 Jun  1 21:07 ModularCodeGen5_A.java
-rw-rw-r-- 1 travis travis   848 Jun  1 21:07 ModularCodeGen5_A.mk
-rw-rw-r-- 1 travis travis  1422 Jun  1 21:07 ModularCodeGen5_A_profile.class
-rw-rw-r-- 1 travis travis  1605 Jun  1 21:07 ModularCodeGen5_A_profile.java
-rw-rw-r-- 1 travis travis  1361 Jun  1 21:07 ModularCodeGen6_A_A_profile.java
-rw-rw-r-- 1 travis travis  3954 Jun  1 21:06 ModularCodeGen_ModularCodeGenTypedCompositeActor.class
-rw-rw-r-- 1 travis travis 10970 Jun  1 21:06 ModularCodeGen_ModularCodeGenTypedCompositeActor.java
-rw-rw-r-- 1 travis travis  1096 Jun  1 21:06 ModularCodeGen_ModularCodeGenTypedCompositeActor.mk
-rw-rw-r-- 1 travis travis  1384 Jun  1 21:06 ModularCodeGen_ModularCodeGenTypedCompositeActor_profile.class
-rw-rw-r-- 1 travis travis  1328 Jun  1 21:06 ModularCodeGen_ModularCodeGenTypedCompositeActor_profile.java
-rw-rw-r-- 1 travis travis  3492 Jun  1 21:06 ModularCodeGenTest_A1_A2.class
-rw-rw-r-- 1 travis travis  9164 Jun  1 21:06 ModularCodeGenTest_A1_A2.java
-rw-rw-r-- 1 travis travis   904 Jun  1 21:06 ModularCodeGenTest_A1_A2.mk
-rw-rw-r-- 1 travis travis  1306 Jun  1 21:06 ModularCodeGenTest_A1_A2_profile.class
-rw-rw-r-- 1 travis travis  1228 Jun  1 21:06 ModularCodeGenTest_A1_A2_profile.java
-rw-rw-r-- 1 travis travis  3823 Jun  1 21:06 ModularCodeGenTest_A1.class
-rw-rw-r-- 1 travis travis  9968 Jun  1 21:06 ModularCodeGenTest_A1.java
-rw-rw-r-- 1 travis travis   880 Jun  1 21:06 ModularCodeGenTest_A1.mk
-rw-rw-r-- 1 travis travis  1352 Jun  1 21:06 ModularCodeGenTest_A1_profile.class
-rw-rw-r-- 1 travis travis  1394 Jun  1 21:06 ModularCodeGenTest_A1_profile.java
-rw-rw-r-- 1 travis travis   432 Jun  1 21:07 Token.class
-rw-rw-r-- 1 travis travis   251 Jun  1 21:07 Token.java
warning: Supported source version 'RELEASE_6' from annotation processor 'org.netbeans.modules.openide.util.NbBundleProcessor' less than -source '1.8'
warning: Supported source version 'RELEASE_6' from annotation processor 'org.netbeans.modules.openide.util.URLStreamHandlerRegistrationProcessor' less than -source '1.8'
warning: Supported source version 'RELEASE_6' from annotation processor 'org.netbeans.modules.openide.util.ServiceProviderProcessor' less than -source '1.8'
3 warnings
All Done
Writing ModularCodeGen6_A_A.java in file:/home/travis/cg/ (11221 characters)
Reading "ptolemy/cg/kernel/generic/program/procedural/java/modular/makefile.in",
    writing "/home/travis/cg/ModularCodeGen6_A_A.mk"
Using ptolemy/cg/kernel/generic/program/procedural/java/modular/makefile.in
In "/home/travis/cg", about to execute:
    make -f ModularCodeGen6_A_A.mk
javac -classpath ".:.."    ModularCodeGen6_A_A.java
All Done
In "/home/travis/cg", about to execute:
    pwd
/home/travis/cg
In "/home/travis/cg", about to execute:
    ls -l
total 1036
-rw-rw-r-- 1 travis travis  4895 Jun  1 21:06 CompiledCompositeActor_CompiledCompositeActor.class
-rw-rw-r-- 1 travis travis  1592 Jun  1 21:06 CompiledCompositeActor_CompiledCompositeActor$_CompiledCompositeActor_CompiledCompositeActor.class
-rw-rw-r-- 1 travis travis 13466 Jun  1 21:06 CompiledCompositeActor_CompiledCompositeActor.java
-rw-rw-r-- 1 travis travis  1593 Jun  1 21:06 CompiledCompositeActor_CompiledCompositeActor.mk
-rw-rw-r-- 1 travis travis  4457 Jun  1 21:06 JavaCompiledCompositeTest1_CompiledCompositeActor.class
-rw-rw-r-- 1 travis travis 11637 Jun  1 21:06 JavaCompiledCompositeTest1_CompiledCompositeActor.java
-rw-rw-r-- 1 travis travis  1198 Jun  1 21:06 JavaCompiledCompositeTest1_CompiledCompositeActor$_JavaCompiledCompositeTest1_CompiledCompositeActor.class
-rw-rw-r-- 1 travis travis  1625 Jun  1 21:06 JavaCompiledCompositeTest1_CompiledCompositeActor.mk
-rw-rw-r-- 1 travis travis  4888 Jun  1 21:06 JavaCompiledCompositeTest2_CompiledCompositeActor.class
-rw-rw-r-- 1 travis travis 14919 Jun  1 21:06 JavaCompiledCompositeTest2_CompiledCompositeActor.java
-rw-rw-r-- 1 travis travis  1793 Jun  1 21:06 JavaCompiledCompositeTest2_CompiledCompositeActor$_JavaCompiledCompositeTest2_CompiledCompositeActor.class
-rw-rw-r-- 1 travis travis  1625 Jun  1 21:06 JavaCompiledCompositeTest2_CompiledCompositeActor.mk
-rw-rw-r-- 1 travis travis  4505 Jun  1 21:06 JavaCompiledCompositeTest3_CompiledCompositeActor.class
-rw-rw-r-- 1 travis travis 13080 Jun  1 21:06 JavaCompiledCompositeTest3_CompiledCompositeActor.java
-rw-rw-r-- 1 travis travis  1378 Jun  1 21:06 JavaCompiledCompositeTest3_CompiledCompositeActor$_JavaCompiledCompositeTest3_CompiledCompositeActor.class
-rw-rw-r-- 1 travis travis  1625 Jun  1 21:06 JavaCompiledCompositeTest3_CompiledCompositeActor.mk
-rw-rw-r-- 1 travis travis  3953 Jun  1 21:06 JavaCompiledCompositeTest4_CompiledCompositeActor.class
-rw-rw-r-- 1 travis travis  9687 Jun  1 21:06 JavaCompiledCompositeTest4_CompiledCompositeActor.java
-rw-rw-r-- 1 travis travis   857 Jun  1 21:06 JavaCompiledCompositeTest4_CompiledCompositeActor$_JavaCompiledCompositeTest4_CompiledCompositeActor.class
-rw-rw-r-- 1 travis travis  1625 Jun  1 21:06 JavaCompiledCompositeTest4_CompiledCompositeActor.mk
-rw-rw-r-- 1 travis travis  3693 Jun  1 21:06 ModularCG_A1_B1.class
-rw-rw-r-- 1 travis travis  9730 Jun  1 21:06 ModularCG_A1_B1.java
-rw-rw-r-- 1 travis travis   832 Jun  1 21:06 ModularCG_A1_B1.mk
-rw-rw-r-- 1 travis travis  1318 Jun  1 21:06 ModularCG_A1_B1_profile.class
-rw-rw-r-- 1 travis travis  1262 Jun  1 21:06 ModularCG_A1_B1_profile.java
-rw-rw-r-- 1 travis travis  3693 Jun  1 21:06 ModularCG_A1_B2.class
-rw-rw-r-- 1 travis travis  9730 Jun  1 21:06 ModularCG_A1_B2.java
-rw-rw-r-- 1 travis travis   832 Jun  1 21:06 ModularCG_A1_B2.mk
-rw-rw-r-- 1 travis travis  1318 Jun  1 21:06 ModularCG_A1_B2_profile.class
-rw-rw-r-- 1 travis travis  1262 Jun  1 21:06 ModularCG_A1_B2_profile.java
-rw-rw-r-- 1 travis travis  4799 Jun  1 21:06 ModularCG_A1.class
-rw-rw-r-- 1 travis travis 14742 Jun  1 21:06 ModularCG_A1.java
-rw-rw-r-- 1 travis travis   808 Jun  1 21:06 ModularCG_A1.mk
-rw-rw-r-- 1 travis travis  1433 Jun  1 21:06 ModularCG_A1_profile.class
-rw-rw-r-- 1 travis travis  1704 Jun  1 21:06 ModularCG_A1_profile.java
-rw-rw-r-- 1 travis travis  3827 Jun  1 21:06 ModularCG_A2_B1.class
-rw-rw-r-- 1 travis travis 10667 Jun  1 21:06 ModularCG_A2_B1.java
-rw-rw-r-- 1 travis travis   832 Jun  1 21:06 ModularCG_A2_B1.mk
-rw-rw-r-- 1 travis travis  1381 Jun  1 21:06 ModularCG_A2_B1_profile.class
-rw-rw-r-- 1 travis travis  1446 Jun  1 21:06 ModularCG_A2_B1_profile.java
-rw-rw-r-- 1 travis travis  3693 Jun  1 21:06 ModularCG_A2_B2.class
-rw-rw-r-- 1 travis travis  9730 Jun  1 21:06 ModularCG_A2_B2.java
-rw-rw-r-- 1 travis travis   832 Jun  1 21:06 ModularCG_A2_B2.mk
-rw-rw-r-- 1 travis travis  1318 Jun  1 21:06 ModularCG_A2_B2_profile.class
-rw-rw-r-- 1 travis travis  1262 Jun  1 21:06 ModularCG_A2_B2_profile.java
-rw-rw-r-- 1 travis travis  4870 Jun  1 21:06 ModularCG_A2.class
-rw-rw-r-- 1 travis travis 15129 Jun  1 21:06 ModularCG_A2.java
-rw-rw-r-- 1 travis travis   808 Jun  1 21:06 ModularCG_A2.mk
-rw-rw-r-- 1 travis travis  1433 Jun  1 21:06 ModularCG_A2_profile.class
-rw-rw-r-- 1 travis travis  1704 Jun  1 21:06 ModularCG_A2_profile.java
-rw-rw-r-- 1 travis travis  3473 Jun  1 21:06 ModularCGPubSub_A1_A2.class
-rw-rw-r-- 1 travis travis  9076 Jun  1 21:06 ModularCGPubSub_A1_A2.java
-rw-rw-r-- 1 travis travis   880 Jun  1 21:06 ModularCGPubSub_A1_A2.mk
-rw-rw-r-- 1 travis travis  1300 Jun  1 21:06 ModularCGPubSub_A1_A2_profile.class
-rw-rw-r-- 1 travis travis  1222 Jun  1 21:06 ModularCGPubSub_A1_A2_profile.java
-rw-rw-r-- 1 travis travis  3790 Jun  1 21:06 ModularCGPubSub_A1.class
-rw-rw-r-- 1 travis travis  9836 Jun  1 21:06 ModularCGPubSub_A1.java
-rw-rw-r-- 1 travis travis   856 Jun  1 21:06 ModularCGPubSub_A1.mk
-rw-rw-r-- 1 travis travis  1346 Jun  1 21:06 ModularCGPubSub_A1_profile.class
-rw-rw-r-- 1 travis travis  1388 Jun  1 21:06 ModularCGPubSub_A1_profile.java
-rw-rw-r-- 1 travis travis  3988 Jun  1 21:06 ModularCodeGen2_ModularCodeGenTypedCompositeActor.class
-rw-rw-r-- 1 travis travis 11690 Jun  1 21:06 ModularCodeGen2_ModularCodeGenTypedCompositeActor.java
-rw-rw-r-- 1 travis travis  1104 Jun  1 21:06 ModularCodeGen2_ModularCodeGenTypedCompositeActor.mk
-rw-rw-r-- 1 travis travis  4272 Jun  1 21:06 ModularCodeGen2_ModularCodeGenTypedCompositeActor_ModularCodeGenTypedCompositeActor.class
-rw-rw-r-- 1 travis travis 11790 Jun  1 21:06 ModularCodeGen2_ModularCodeGenTypedCompositeActor_ModularCodeGenTypedCompositeActor.java
-rw-rw-r-- 1 travis travis  1376 Jun  1 21:06 ModularCodeGen2_ModularCodeGenTypedCompositeActor_ModularCodeGenTypedCompositeActor.mk
-rw-rw-r-- 1 travis travis  1421 Jun  1 21:06 ModularCodeGen2_ModularCodeGenTypedCompositeActor_ModularCodeGenTypedCompositeActor_profile.class
-rw-rw-r-- 1 travis travis  1294 Jun  1 21:06 ModularCodeGen2_ModularCodeGenTypedCompositeActor_ModularCodeGenTypedCompositeActor_profile.java
-rw-rw-r-- 1 travis travis   820 Jun  1 21:06 ModularCodeGen2_ModularCodeGenTypedCompositeActor_profile.class
-rw-rw-r-- 1 travis travis   693 Jun  1 21:06 ModularCodeGen2_ModularCodeGenTypedCompositeActor_profile.java
-rw-rw-r-- 1 travis travis  3741 Jun  1 21:06 ModularCodeGen3_A1_B1.class
-rw-rw-r-- 1 travis travis  9958 Jun  1 21:06 ModularCodeGen3_A1_B1.java
-rw-rw-r-- 1 travis travis   880 Jun  1 21:06 ModularCodeGen3_A1_B1.mk
-rw-rw-r-- 1 travis travis  1330 Jun  1 21:06 ModularCodeGen3_A1_B1_profile.class
-rw-rw-r-- 1 travis travis  1274 Jun  1 21:06 ModularCodeGen3_A1_B1_profile.java
-rw-rw-r-- 1 travis travis  3741 Jun  1 21:06 ModularCodeGen3_A1_B2.class
-rw-rw-r-- 1 travis travis  9958 Jun  1 21:06 ModularCodeGen3_A1_B2.java
-rw-rw-r-- 1 travis travis   880 Jun  1 21:06 ModularCodeGen3_A1_B2.mk
-rw-rw-r-- 1 travis travis  1330 Jun  1 21:06 ModularCodeGen3_A1_B2_profile.class
-rw-rw-r-- 1 travis travis  1274 Jun  1 21:06 ModularCodeGen3_A1_B2_profile.java
-rw-rw-r-- 1 travis travis  4961 Jun  1 21:07 ModularCodeGen3_A1.class
-rw-rw-r-- 1 travis travis 15564 Jun  1 21:06 ModularCodeGen3_A1.java
-rw-rw-r-- 1 travis travis   856 Jun  1 21:06 ModularCodeGen3_A1.mk
-rw-rw-r-- 1 travis travis  1445 Jun  1 21:06 ModularCodeGen3_A1_profile.class
-rw-rw-r-- 1 travis travis  1716 Jun  1 21:06 ModularCodeGen3_A1_profile.java
-rw-rw-r-- 1 travis travis  3887 Jun  1 21:07 ModularCodeGen3_A2_B1.class
-rw-rw-r-- 1 travis travis 10955 Jun  1 21:07 ModularCodeGen3_A2_B1.java
-rw-rw-r-- 1 travis travis   880 Jun  1 21:07 ModularCodeGen3_A2_B1.mk
-rw-rw-r-- 1 travis travis  1393 Jun  1 21:07 ModularCodeGen3_A2_B1_profile.class
-rw-rw-r-- 1 travis travis  1458 Jun  1 21:07 ModularCodeGen3_A2_B1_profile.java
-rw-rw-r-- 1 travis travis  3741 Jun  1 21:07 ModularCodeGen3_A2_B2.class
-rw-rw-r-- 1 travis travis  9958 Jun  1 21:07 ModularCodeGen3_A2_B2.java
-rw-rw-r-- 1 travis travis   880 Jun  1 21:07 ModularCodeGen3_A2_B2.mk
-rw-rw-r-- 1 travis travis  1330 Jun  1 21:07 ModularCodeGen3_A2_B2_profile.class
-rw-rw-r-- 1 travis travis  1274 Jun  1 21:07 ModularCodeGen3_A2_B2_profile.java
-rw-rw-r-- 1 travis travis  5038 Jun  1 21:07 ModularCodeGen3_A2.class
-rw-rw-r-- 1 travis travis 15957 Jun  1 21:07 ModularCodeGen3_A2.java
-rw-rw-r-- 1 travis travis   856 Jun  1 21:07 ModularCodeGen3_A2.mk
-rw-rw-r-- 1 travis travis  1445 Jun  1 21:07 ModularCodeGen3_A2_profile.class
-rw-rw-r-- 1 travis travis  1716 Jun  1 21:07 ModularCodeGen3_A2_profile.java
-rw-rw-r-- 1 travis travis  3794 Jun  1 21:07 ModularCodeGen4_A1_B1.class
-rw-rw-r-- 1 travis travis 10312 Jun  1 21:07 ModularCodeGen4_A1_B1.java
-rw-rw-r-- 1 travis travis   880 Jun  1 21:07 ModularCodeGen4_A1_B1.mk
-rw-rw-r-- 1 travis travis  1330 Jun  1 21:07 ModularCodeGen4_A1_B1_profile.class
-rw-rw-r-- 1 travis travis  1273 Jun  1 21:07 ModularCodeGen4_A1_B1_profile.java
-rw-rw-r-- 1 travis travis  3794 Jun  1 21:07 ModularCodeGen4_A1_B2.class
-rw-rw-r-- 1 travis travis 10312 Jun  1 21:07 ModularCodeGen4_A1_B2.java
-rw-rw-r-- 1 travis travis   880 Jun  1 21:07 ModularCodeGen4_A1_B2.mk
-rw-rw-r-- 1 travis travis  1330 Jun  1 21:07 ModularCodeGen4_A1_B2_profile.class
-rw-rw-r-- 1 travis travis  1273 Jun  1 21:07 ModularCodeGen4_A1_B2_profile.java
-rw-rw-r-- 1 travis travis  5101 Jun  1 21:07 ModularCodeGen4_A1.class
-rw-rw-r-- 1 travis travis 16245 Jun  1 21:07 ModularCodeGen4_A1.java
-rw-rw-r-- 1 travis travis   856 Jun  1 21:07 ModularCodeGen4_A1.mk
-rw-rw-r-- 1 travis travis  1445 Jun  1 21:07 ModularCodeGen4_A1_profile.class
-rw-rw-r-- 1 travis travis  1712 Jun  1 21:07 ModularCodeGen4_A1_profile.java
-rw-rw-r-- 1 travis travis  3988 Jun  1 21:07 ModularCodeGen4_A2_B1.class
-rw-rw-r-- 1 travis travis 11375 Jun  1 21:07 ModularCodeGen4_A2_B1.java
-rw-rw-r-- 1 travis travis   880 Jun  1 21:07 ModularCodeGen4_A2_B1.mk
-rw-rw-r-- 1 travis travis  1393 Jun  1 21:07 ModularCodeGen4_A2_B1_profile.class
-rw-rw-r-- 1 travis travis  1454 Jun  1 21:07 ModularCodeGen4_A2_B1_profile.java
-rw-rw-r-- 1 travis travis  3842 Jun  1 21:07 ModularCodeGen4_A2_B2.class
-rw-rw-r-- 1 travis travis 10378 Jun  1 21:07 ModularCodeGen4_A2_B2.java
-rw-rw-r-- 1 travis travis   880 Jun  1 21:07 ModularCodeGen4_A2_B2.mk
-rw-rw-r-- 1 travis travis  1330 Jun  1 21:07 ModularCodeGen4_A2_B2_profile.class
-rw-rw-r-- 1 travis travis  1270 Jun  1 21:07 ModularCodeGen4_A2_B2_profile.java
-rw-rw-r-- 1 travis travis  5274 Jun  1 21:07 ModularCodeGen4_A2.class
-rw-rw-r-- 1 travis travis 16770 Jun  1 21:07 ModularCodeGen4_A2.java
-rw-rw-r-- 1 travis travis   856 Jun  1 21:07 ModularCodeGen4_A2.mk
-rw-rw-r-- 1 travis travis  1445 Jun  1 21:07 ModularCodeGen4_A2_profile.class
-rw-rw-r-- 1 travis travis  1712 Jun  1 21:07 ModularCodeGen4_A2_profile.java
-rw-rw-r-- 1 travis travis  6838 Jun  1 21:07 ModularCodeGen5_A_A.class
-rw-rw-r-- 1 travis travis 28721 Jun  1 21:07 ModularCodeGen5_A_A.java
-rw-rw-r-- 1 travis travis   864 Jun  1 21:07 ModularCodeGen5_A_A.mk
-rw-rw-r-- 1 travis travis  1520 Jun  1 21:07 ModularCodeGen5_A_A_profile.class
-rw-rw-r-- 1 travis travis  1815 Jun  1 21:07 ModularCodeGen5_A_A_profile.java
-rw-rw-r-- 1 travis travis  5115 Jun  1 21:07 ModularCodeGen5_A.class
-rw-rw-r-- 1 travis travis 13769 Jun  1 21:07 ModularCodeGen5_A.java
-rw-rw-r-- 1 travis travis   848 Jun  1 21:07 ModularCodeGen5_A.mk
-rw-rw-r-- 1 travis travis  1422 Jun  1 21:07 ModularCodeGen5_A_profile.class
-rw-rw-r-- 1 travis travis  1605 Jun  1 21:07 ModularCodeGen5_A_profile.java
-rw-rw-r-- 1 travis travis  1364 Jun  1 21:07 ModularCodeGen6_A_A2_profile.java
-rw-rw-r-- 1 travis travis  4108 Jun  1 21:07 ModularCodeGen6_A_A.class
-rw-rw-r-- 1 travis travis 11221 Jun  1 21:07 ModularCodeGen6_A_A.java
-rw-rw-r-- 1 travis travis   864 Jun  1 21:07 ModularCodeGen6_A_A.mk
-rw-rw-r-- 1 travis travis  1348 Jun  1 21:07 ModularCodeGen6_A_A_profile.class
-rw-rw-r-- 1 travis travis  1361 Jun  1 21:07 ModularCodeGen6_A_A_profile.java
-rw-rw-r-- 1 travis travis  3954 Jun  1 21:06 ModularCodeGen_ModularCodeGenTypedCompositeActor.class
-rw-rw-r-- 1 travis travis 10970 Jun  1 21:06 ModularCodeGen_ModularCodeGenTypedCompositeActor.java
-rw-rw-r-- 1 travis travis  1096 Jun  1 21:06 ModularCodeGen_ModularCodeGenTypedCompositeActor.mk
-rw-rw-r-- 1 travis travis  1384 Jun  1 21:06 ModularCodeGen_ModularCodeGenTypedCompositeActor_profile.class
-rw-rw-r-- 1 travis travis  1328 Jun  1 21:06 ModularCodeGen_ModularCodeGenTypedCompositeActor_profile.java
-rw-rw-r-- 1 travis travis  3492 Jun  1 21:06 ModularCodeGenTest_A1_A2.class
-rw-rw-r-- 1 travis travis  9164 Jun  1 21:06 ModularCodeGenTest_A1_A2.java
-rw-rw-r-- 1 travis travis   904 Jun  1 21:06 ModularCodeGenTest_A1_A2.mk
-rw-rw-r-- 1 travis travis  1306 Jun  1 21:06 ModularCodeGenTest_A1_A2_profile.class
-rw-rw-r-- 1 travis travis  1228 Jun  1 21:06 ModularCodeGenTest_A1_A2_profile.java
-rw-rw-r-- 1 travis travis  3823 Jun  1 21:06 ModularCodeGenTest_A1.class
-rw-rw-r-- 1 travis travis  9968 Jun  1 21:06 ModularCodeGenTest_A1.java
-rw-rw-r-- 1 travis travis   880 Jun  1 21:06 ModularCodeGenTest_A1.mk
-rw-rw-r-- 1 travis travis  1352 Jun  1 21:06 ModularCodeGenTest_A1_profile.class
-rw-rw-r-- 1 travis travis  1394 Jun  1 21:06 ModularCodeGenTest_A1_profile.java
-rw-rw-r-- 1 travis travis   432 Jun  1 21:07 Token.class
-rw-rw-r-- 1 travis travis   251 Jun  1 21:07 Token.java
In "/home/travis/cg", about to execute:
    javac -classpath
.:/home/travis/build/icyphy/ptII:/home/travis/build/icyphy/ptII/lib/bsh-2.0b4.j
ar:/home/travis/build/icyphy/ptII/lib/ptCal.jar:/home/travis/build/icyphy/ptII/
lib/java_cup.jar:/home/travis/build/icyphy/ptII/lib/saxon8.jar:/home/travis/bui
ld/icyphy/ptII/lib/saxon8-dom.jar:/home/travis/build/icyphy/ptII/lib/chic.jar:/
home/travis/build/icyphy/ptII/lib/ptcolt.jar:/usr/lib/jvm/java-8-oracle/lib/too
ls.jar:/usr/lib/eclipse/plugins/org.eclipse.jdt.core_3.8.2.dist.jar:/usr/lib/ec
lipse/plugins/org.eclipse.core.runtime_3.8.0.dist.jar:/usr/lib/eclipse/plugins/
org.eclipse.osgi_3.8.1.dist.jar:/usr/lib/eclipse/plugins/org.eclipse.core.resou
rces_3.8.1.dist.jar:/usr/lib/eclipse/plugins/org.eclipse.equinox.common_3.6.100
.dist.jar:/usr/lib/eclipse/plugins/org.eclipse.core.jobs_3.5.200.dist.jar:/usr/
lib/eclipse/plugins/org.eclipse.core.contenttype_3.4.200.dist.jar:/usr/lib/ecli
pse/plugins/org.eclipse.equinox.preferences_3.5.0.dist.jar:/usr/lib/eclipse/plu
gins/org.eclipse.text_3.5.200.dist.jar:/usr/lib/eclipse/plugins/org.eclipse.ui.
workbench_3.8.1.dist.jar:/usr/lib/eclipse/plugins/org.eclipse.jface_3.8.0.dist.
jar:/usr/lib/eclipse/plugins/org.eclipse.swt_3.8.2.jar:/usr/lib/eclipse/plugins
/org.eclipse.jface.text_3.8.1.dist.jar:/usr/lib/eclipse/plugins/org.eclipse.ui.
workbench.texteditor_3.8.0.dist.jar:/usr/lib/eclipse/plugins/org.eclipse.ui.edi
tors_3.8.0.dist.jar:/usr/lib/eclipse/plugins/org.eclipse.core.commands_3.6.1.di
st.jar:/usr/lib/eclipse/plugins/org.eclipse.equinox.registry_3.5.200.dist.jar:/
usr/lib/eclipse/plugins/org.eclipse.ui.console_3.5.100.dist.jar:/usr/lib/eclips
e/plugins/org.eclipse.ui.forms_3.5.200.dist.jar:/usr/lib/eclipse/plugins/org.ec
lipse.ui.ide_3.8.1.dist.jar:/home/travis/build/icyphy/ptII/vendors/oracle/dbxml
.jar:/home/travis/build/icyphy/ptII/vendors/oracle/db.jar:/home/travis/build/ic
yphy/ptII/vendors/misc/itext/iText.jar:/home/travis/build/icyphy/ptII/lib/g4ltl
.jar:/home/travis/build/icyphy/ptII/lib/StructuralCoder.jar:/home/travis/build/
icyphy/ptII/lib/org-openide-util.jar:/home/travis/build/icyphy/ptII/lib/org-ope
nide-util-lookup.jar:/home/travis/build/icyphy/ptII/lib/org-netbeans-api-visual
.jar:/home/travis/build/icyphy/ptII/vendors/jai-1_1_2_01/lib/jai_core.jar:/home
/travis/build/icyphy/ptII/vendors/jai-1_1_2_01/lib/jai_codec.jar:/home/travis/b
uild/icyphy/ptII/lib/jcerti.jar:/home/travis/build/icyphy/ptII/lib/smack.jar:/h
ome/travis/build/icyphy/ptII/lib/smackx.jar:/home/travis/build/icyphy/ptII/lib/
jetty-all-8.1.5-v20120716.jar:/home/travis/build/icyphy/ptII/lib/javax.servlet-
api-3.0.1.jar:/home/travis/build/icyphy/ptII/lib/javax.mail.jar:/home/travis/bu
ild/icyphy/ptII/vendors/JMF-2.1.1e/lib/jmf.jar:/home/travis/build/icyphy/ptII/l
ib/jna-4.0.0-variadic.jar:/home/travis/build/icyphy/ptII/vendors/misc/joystick/
Joystick.jar:/home/travis/build/icyphy/ptII/lib/ptjacl.jar:/home/travis/build/i
cyphy/ptII/lib/jsoup-1.8.2.jar:/home/travis/build/icyphy/ptII/lib/junit-4.8.2.j
ar:/home/travis/build/icyphy/ptII/lib/JUnitParams-0.4.0.jar:/home/travis/build/
icyphy/ptII/ptolemy/actor/lib/excel/jxl.jar:/home/travis/build/icyphy/ptII/lib/
jython.jar:/home/travis/build/icyphy/ptII/lib/kieler.jar:/home/travis/build/icy
phy/ptII/vendors/opencv/share/OpenCV/java/opencv-341.jar:/home/travis/build/icy
phy/ptII/lib/oscP5.jar:/home/travis/build/icyphy/ptII/lib/nrjavaserial-3.11.0.d
evel.jar:/usr/share/java/j3dcore.jar:/usr/share/java/j3dutils.jar:/usr/share/ja
va/vecmath.jar:/home/travis/build/icyphy/ptII/ptolemy/distributed/jini/jar/jini
-core.jar:/home/travis/build/icyphy/ptII/ptolemy/distributed/jini/jar/jini-ext.
jar:/home/travis/build/icyphy/ptII/ptolemy/distributed/jini/jar/sun-util.jar:/h
ome/travis/build/icyphy/ptII/lib/protobuf-java-2.4.1.jar:/home/travis/build/icy
phy/ptII/lib/org.eclipse.paho.client.mqttv3.jar:/home/travis/build/icyphy/ptII/
ptserver/lib/hessian-4.0.7.jar:/home/travis/build/icyphy/ptII/ptserver/lib/wmqt
t.jar:/home/travis/build/icyphy/ptII/lib/mapss.jar:/home/travis/build/icyphy/pt
II/ptolemy/actor/ptalon/antlr/antlr.jar:/home/travis/build/icyphy/ptII/lib/JRI.
jar:/home/travis/build/icyphy/ptII/lib/commons-lang-2.6.jar:/home/travis/build/
icyphy/ptII/lib/commons-logging-1.1.1.jar:/home/travis/build/icyphy/ptII/lib/so
otclasses.jar:/home/travis/build/icyphy/ptII/ptolemy/actor/lib/database/mysql-c
onnector-java-5.1.6-bin.jar:/home/travis/build/icyphy/ptII/vendors/misc/sphinx4
/sphinx4-data-5prealpha.jar:/home/travis/build/icyphy/ptII/vendors/misc/sphinx4
/sphinx4-core-5prealpha.jar:/home/travis/build/icyphy/ptII/lib/PDFRenderer.jar:
/home/travis/build/icyphy/ptII/lib/svgSalamander.jar:/home/travis/build/icyphy/
ptII/lib/rsyntaxtextarea-2.6.0-SNAPSHOT.jar:/home/travis/build/icyphy/ptII/lib/
hazelcast-3.8.2.jar:/home/travis/build/icyphy/ptII/lib/jackson-annotations-2.9.
0.jar:/home/travis/build/icyphy/ptII/lib/jackson-core-2.9.3.jar:/home/travis/bu
ild/icyphy/ptII/lib/jackson-databind-2.9.3.jar:/home/travis/build/icyphy/ptII/l
ib/netty-buffer-4.1.19.Final.jar:/home/travis/build/icyphy/ptII/lib/netty-codec
-4.1.19.Final.jar:/home/travis/build/icyphy/ptII/lib/netty-codec-dns-4.1.19.Fin
al.jar:/home/travis/build/icyphy/ptII/lib/netty-codec-http-4.1.19.Final.jar:/ho
me/travis/build/icyphy/ptII/lib/netty-codec-http2-4.1.19.Final.jar:/home/travis
/build/icyphy/ptII/lib/netty-common-4.1.19.Final.jar:/home/travis/build/icyphy/
ptII/lib/netty-handler-4.1.19.Final.jar:/home/travis/build/icyphy/ptII/lib/nett
y-resolver-4.1.19.Final.jar:/home/travis/build/icyphy/ptII/lib/netty-resolver-d
ns-4.1.19.Final.jar:/home/travis/build/icyphy/ptII/lib/netty-transport-4.1.19.F
inal.jar:/home/travis/build/icyphy/ptII/lib/vertx-codegen-3.5.1.jar:/home/travi
s/build/icyphy/ptII/lib/vertx-core-3.5.2-SNAPSHOT.jar:/home/travis/build/icyphy
/ptII/lib/vertx-hazelcast-3.5.1.jar:/home/travis/build/icyphy/ptII/lib/vertx-la
ng-js-3.5.1.jar:/home/travis/build/icyphy/ptII/lib/vertx-service-proxy-3.5.1.ja
r:/home/travis/build/icyphy/ptII/lib/vertx-web-3.5.1.jar:/home/travis/build/icy
phy/ptII/lib/slf4j-api-1.7.13.jar:/home/travis/build/icyphy/ptII/lib/slf4j-simp
le-1.7.13.jar:/home/travis/build/icyphy/ptII/lib/webcam-capture-0.3.12.jar:/hom
e/travis/build/icyphy/ptII/lib/bridj-0.7.0.jar:/home/travis/build/icyphy/ptII/l
ib/xbjlib-1.1.0.nrjavaserial.jar:/home/travis/build/icyphy/ptII/ptolemy/moml/te
st:/home/travis/build/icyphy/ptII/ant/lib/ant-launcher.jar:/home/travis/build/i
cyphy/ptII/ant/lib/ant.jar:/home/travis/build/icyphy/ptII/ant/lib/ant-junit.jar
:/home/travis/build/icyphy/ptII/ant/lib/ant-junit4.jar:/home/travis/build/icyph
y/ptII ModularCodeGen6_A_A2_profile.java
warning: Supported source version 'RELEASE_6' from annotation processor 'org.netbeans.modules.openide.util.NbBundleProcessor' less than -source '1.8'
warning: Supported source version 'RELEASE_6' from annotation processor 'org.netbeans.modules.openide.util.URLStreamHandlerRegistrationProcessor' less than -source '1.8'
warning: Supported source version 'RELEASE_6' from annotation processor 'org.netbeans.modules.openide.util.ServiceProviderProcessor' less than -source '1.8'
3 warnings
All Done
Writing ModularCodeGen6_A_A2.java in file:/home/travis/cg/ (11329 characters)
Reading "ptolemy/cg/kernel/generic/program/procedural/java/modular/makefile.in",
    writing "/home/travis/cg/ModularCodeGen6_A_A2.mk"
Using ptolemy/cg/kernel/generic/program/procedural/java/modular/makefile.in
In "/home/travis/cg", about to execute:
    make -f ModularCodeGen6_A_A2.mk
javac -classpath ".:.."    ModularCodeGen6_A_A2.java
All Done
In "/home/travis/cg", about to execute:
    pwd
/home/travis/cg
In "/home/travis/cg", about to execute:
    ls -l
total 1068
-rw-rw-r-- 1 travis travis  4895 Jun  1 21:06 CompiledCompositeActor_CompiledCompositeActor.class
-rw-rw-r-- 1 travis travis  1592 Jun  1 21:06 CompiledCompositeActor_CompiledCompositeActor$_CompiledCompositeActor_CompiledCompositeActor.class
-rw-rw-r-- 1 travis travis 13466 Jun  1 21:06 CompiledCompositeActor_CompiledCompositeActor.java
-rw-rw-r-- 1 travis travis  1593 Jun  1 21:06 CompiledCompositeActor_CompiledCompositeActor.mk
-rw-rw-r-- 1 travis travis  4457 Jun  1 21:06 JavaCompiledCompositeTest1_CompiledCompositeActor.class
-rw-rw-r-- 1 travis travis 11637 Jun  1 21:06 JavaCompiledCompositeTest1_CompiledCompositeActor.java
-rw-rw-r-- 1 travis travis  1198 Jun  1 21:06 JavaCompiledCompositeTest1_CompiledCompositeActor$_JavaCompiledCompositeTest1_CompiledCompositeActor.class
-rw-rw-r-- 1 travis travis  1625 Jun  1 21:06 JavaCompiledCompositeTest1_CompiledCompositeActor.mk
-rw-rw-r-- 1 travis travis  4888 Jun  1 21:06 JavaCompiledCompositeTest2_CompiledCompositeActor.class
-rw-rw-r-- 1 travis travis 14919 Jun  1 21:06 JavaCompiledCompositeTest2_CompiledCompositeActor.java
-rw-rw-r-- 1 travis travis  1793 Jun  1 21:06 JavaCompiledCompositeTest2_CompiledCompositeActor$_JavaCompiledCompositeTest2_CompiledCompositeActor.class
-rw-rw-r-- 1 travis travis  1625 Jun  1 21:06 JavaCompiledCompositeTest2_CompiledCompositeActor.mk
-rw-rw-r-- 1 travis travis  4505 Jun  1 21:06 JavaCompiledCompositeTest3_CompiledCompositeActor.class
-rw-rw-r-- 1 travis travis 13080 Jun  1 21:06 JavaCompiledCompositeTest3_CompiledCompositeActor.java
-rw-rw-r-- 1 travis travis  1378 Jun  1 21:06 JavaCompiledCompositeTest3_CompiledCompositeActor$_JavaCompiledCompositeTest3_CompiledCompositeActor.class
-rw-rw-r-- 1 travis travis  1625 Jun  1 21:06 JavaCompiledCompositeTest3_CompiledCompositeActor.mk
-rw-rw-r-- 1 travis travis  3953 Jun  1 21:06 JavaCompiledCompositeTest4_CompiledCompositeActor.class
-rw-rw-r-- 1 travis travis  9687 Jun  1 21:06 JavaCompiledCompositeTest4_CompiledCompositeActor.java
-rw-rw-r-- 1 travis travis   857 Jun  1 21:06 JavaCompiledCompositeTest4_CompiledCompositeActor$_JavaCompiledCompositeTest4_CompiledCompositeActor.class
-rw-rw-r-- 1 travis travis  1625 Jun  1 21:06 JavaCompiledCompositeTest4_CompiledCompositeActor.mk
-rw-rw-r-- 1 travis travis  3693 Jun  1 21:06 ModularCG_A1_B1.class
-rw-rw-r-- 1 travis travis  9730 Jun  1 21:06 ModularCG_A1_B1.java
-rw-rw-r-- 1 travis travis   832 Jun  1 21:06 ModularCG_A1_B1.mk
-rw-rw-r-- 1 travis travis  1318 Jun  1 21:06 ModularCG_A1_B1_profile.class
-rw-rw-r-- 1 travis travis  1262 Jun  1 21:06 ModularCG_A1_B1_profile.java
-rw-rw-r-- 1 travis travis  3693 Jun  1 21:06 ModularCG_A1_B2.class
-rw-rw-r-- 1 travis travis  9730 Jun  1 21:06 ModularCG_A1_B2.java
-rw-rw-r-- 1 travis travis   832 Jun  1 21:06 ModularCG_A1_B2.mk
-rw-rw-r-- 1 travis travis  1318 Jun  1 21:06 ModularCG_A1_B2_profile.class
-rw-rw-r-- 1 travis travis  1262 Jun  1 21:06 ModularCG_A1_B2_profile.java
-rw-rw-r-- 1 travis travis  4799 Jun  1 21:06 ModularCG_A1.class
-rw-rw-r-- 1 travis travis 14742 Jun  1 21:06 ModularCG_A1.java
-rw-rw-r-- 1 travis travis   808 Jun  1 21:06 ModularCG_A1.mk
-rw-rw-r-- 1 travis travis  1433 Jun  1 21:06 ModularCG_A1_profile.class
-rw-rw-r-- 1 travis travis  1704 Jun  1 21:06 ModularCG_A1_profile.java
-rw-rw-r-- 1 travis travis  3827 Jun  1 21:06 ModularCG_A2_B1.class
-rw-rw-r-- 1 travis travis 10667 Jun  1 21:06 ModularCG_A2_B1.java
-rw-rw-r-- 1 travis travis   832 Jun  1 21:06 ModularCG_A2_B1.mk
-rw-rw-r-- 1 travis travis  1381 Jun  1 21:06 ModularCG_A2_B1_profile.class
-rw-rw-r-- 1 travis travis  1446 Jun  1 21:06 ModularCG_A2_B1_profile.java
-rw-rw-r-- 1 travis travis  3693 Jun  1 21:06 ModularCG_A2_B2.class
-rw-rw-r-- 1 travis travis  9730 Jun  1 21:06 ModularCG_A2_B2.java
-rw-rw-r-- 1 travis travis   832 Jun  1 21:06 ModularCG_A2_B2.mk
-rw-rw-r-- 1 travis travis  1318 Jun  1 21:06 ModularCG_A2_B2_profile.class
-rw-rw-r-- 1 travis travis  1262 Jun  1 21:06 ModularCG_A2_B2_profile.java
-rw-rw-r-- 1 travis travis  4870 Jun  1 21:06 ModularCG_A2.class
-rw-rw-r-- 1 travis travis 15129 Jun  1 21:06 ModularCG_A2.java
-rw-rw-r-- 1 travis travis   808 Jun  1 21:06 ModularCG_A2.mk
-rw-rw-r-- 1 travis travis  1433 Jun  1 21:06 ModularCG_A2_profile.class
-rw-rw-r-- 1 travis travis  1704 Jun  1 21:06 ModularCG_A2_profile.java
-rw-rw-r-- 1 travis travis  3473 Jun  1 21:06 ModularCGPubSub_A1_A2.class
-rw-rw-r-- 1 travis travis  9076 Jun  1 21:06 ModularCGPubSub_A1_A2.java
-rw-rw-r-- 1 travis travis   880 Jun  1 21:06 ModularCGPubSub_A1_A2.mk
-rw-rw-r-- 1 travis travis  1300 Jun  1 21:06 ModularCGPubSub_A1_A2_profile.class
-rw-rw-r-- 1 travis travis  1222 Jun  1 21:06 ModularCGPubSub_A1_A2_profile.java
-rw-rw-r-- 1 travis travis  3790 Jun  1 21:06 ModularCGPubSub_A1.class
-rw-rw-r-- 1 travis travis  9836 Jun  1 21:06 ModularCGPubSub_A1.java
-rw-rw-r-- 1 travis travis   856 Jun  1 21:06 ModularCGPubSub_A1.mk
-rw-rw-r-- 1 travis travis  1346 Jun  1 21:06 ModularCGPubSub_A1_profile.class
-rw-rw-r-- 1 travis travis  1388 Jun  1 21:06 ModularCGPubSub_A1_profile.java
-rw-rw-r-- 1 travis travis  3988 Jun  1 21:06 ModularCodeGen2_ModularCodeGenTypedCompositeActor.class
-rw-rw-r-- 1 travis travis 11690 Jun  1 21:06 ModularCodeGen2_ModularCodeGenTypedCompositeActor.java
-rw-rw-r-- 1 travis travis  1104 Jun  1 21:06 ModularCodeGen2_ModularCodeGenTypedCompositeActor.mk
-rw-rw-r-- 1 travis travis  4272 Jun  1 21:06 ModularCodeGen2_ModularCodeGenTypedCompositeActor_ModularCodeGenTypedCompositeActor.class
-rw-rw-r-- 1 travis travis 11790 Jun  1 21:06 ModularCodeGen2_ModularCodeGenTypedCompositeActor_ModularCodeGenTypedCompositeActor.java
-rw-rw-r-- 1 travis travis  1376 Jun  1 21:06 ModularCodeGen2_ModularCodeGenTypedCompositeActor_ModularCodeGenTypedCompositeActor.mk
-rw-rw-r-- 1 travis travis  1421 Jun  1 21:06 ModularCodeGen2_ModularCodeGenTypedCompositeActor_ModularCodeGenTypedCompositeActor_profile.class
-rw-rw-r-- 1 travis travis  1294 Jun  1 21:06 ModularCodeGen2_ModularCodeGenTypedCompositeActor_ModularCodeGenTypedCompositeActor_profile.java
-rw-rw-r-- 1 travis travis   820 Jun  1 21:06 ModularCodeGen2_ModularCodeGenTypedCompositeActor_profile.class
-rw-rw-r-- 1 travis travis   693 Jun  1 21:06 ModularCodeGen2_ModularCodeGenTypedCompositeActor_profile.java
-rw-rw-r-- 1 travis travis  3741 Jun  1 21:06 ModularCodeGen3_A1_B1.class
-rw-rw-r-- 1 travis travis  9958 Jun  1 21:06 ModularCodeGen3_A1_B1.java
-rw-rw-r-- 1 travis travis   880 Jun  1 21:06 ModularCodeGen3_A1_B1.mk
-rw-rw-r-- 1 travis travis  1330 Jun  1 21:06 ModularCodeGen3_A1_B1_profile.class
-rw-rw-r-- 1 travis travis  1274 Jun  1 21:06 ModularCodeGen3_A1_B1_profile.java
-rw-rw-r-- 1 travis travis  3741 Jun  1 21:06 ModularCodeGen3_A1_B2.class
-rw-rw-r-- 1 travis travis  9958 Jun  1 21:06 ModularCodeGen3_A1_B2.java
-rw-rw-r-- 1 travis travis   880 Jun  1 21:06 ModularCodeGen3_A1_B2.mk
-rw-rw-r-- 1 travis travis  1330 Jun  1 21:06 ModularCodeGen3_A1_B2_profile.class
-rw-rw-r-- 1 travis travis  1274 Jun  1 21:06 ModularCodeGen3_A1_B2_profile.java
-rw-rw-r-- 1 travis travis  4961 Jun  1 21:07 ModularCodeGen3_A1.class
-rw-rw-r-- 1 travis travis 15564 Jun  1 21:06 ModularCodeGen3_A1.java
-rw-rw-r-- 1 travis travis   856 Jun  1 21:06 ModularCodeGen3_A1.mk
-rw-rw-r-- 1 travis travis  1445 Jun  1 21:06 ModularCodeGen3_A1_profile.class
-rw-rw-r-- 1 travis travis  1716 Jun  1 21:06 ModularCodeGen3_A1_profile.java
-rw-rw-r-- 1 travis travis  3887 Jun  1 21:07 ModularCodeGen3_A2_B1.class
-rw-rw-r-- 1 travis travis 10955 Jun  1 21:07 ModularCodeGen3_A2_B1.java
-rw-rw-r-- 1 travis travis   880 Jun  1 21:07 ModularCodeGen3_A2_B1.mk
-rw-rw-r-- 1 travis travis  1393 Jun  1 21:07 ModularCodeGen3_A2_B1_profile.class
-rw-rw-r-- 1 travis travis  1458 Jun  1 21:07 ModularCodeGen3_A2_B1_profile.java
-rw-rw-r-- 1 travis travis  3741 Jun  1 21:07 ModularCodeGen3_A2_B2.class
-rw-rw-r-- 1 travis travis  9958 Jun  1 21:07 ModularCodeGen3_A2_B2.java
-rw-rw-r-- 1 travis travis   880 Jun  1 21:07 ModularCodeGen3_A2_B2.mk
-rw-rw-r-- 1 travis travis  1330 Jun  1 21:07 ModularCodeGen3_A2_B2_profile.class
-rw-rw-r-- 1 travis travis  1274 Jun  1 21:07 ModularCodeGen3_A2_B2_profile.java
-rw-rw-r-- 1 travis travis  5038 Jun  1 21:07 ModularCodeGen3_A2.class
-rw-rw-r-- 1 travis travis 15957 Jun  1 21:07 ModularCodeGen3_A2.java
-rw-rw-r-- 1 travis travis   856 Jun  1 21:07 ModularCodeGen3_A2.mk
-rw-rw-r-- 1 travis travis  1445 Jun  1 21:07 ModularCodeGen3_A2_profile.class
-rw-rw-r-- 1 travis travis  1716 Jun  1 21:07 ModularCodeGen3_A2_profile.java
-rw-rw-r-- 1 travis travis  3794 Jun  1 21:07 ModularCodeGen4_A1_B1.class
-rw-rw-r-- 1 travis travis 10312 Jun  1 21:07 ModularCodeGen4_A1_B1.java
-rw-rw-r-- 1 travis travis   880 Jun  1 21:07 ModularCodeGen4_A1_B1.mk
-rw-rw-r-- 1 travis travis  1330 Jun  1 21:07 ModularCodeGen4_A1_B1_profile.class
-rw-rw-r-- 1 travis travis  1273 Jun  1 21:07 ModularCodeGen4_A1_B1_profile.java
-rw-rw-r-- 1 travis travis  3794 Jun  1 21:07 ModularCodeGen4_A1_B2.class
-rw-rw-r-- 1 travis travis 10312 Jun  1 21:07 ModularCodeGen4_A1_B2.java
-rw-rw-r-- 1 travis travis   880 Jun  1 21:07 ModularCodeGen4_A1_B2.mk
-rw-rw-r-- 1 travis travis  1330 Jun  1 21:07 ModularCodeGen4_A1_B2_profile.class
-rw-rw-r-- 1 travis travis  1273 Jun  1 21:07 ModularCodeGen4_A1_B2_profile.java
-rw-rw-r-- 1 travis travis  5101 Jun  1 21:07 ModularCodeGen4_A1.class
-rw-rw-r-- 1 travis travis 16245 Jun  1 21:07 ModularCodeGen4_A1.java
-rw-rw-r-- 1 travis travis   856 Jun  1 21:07 ModularCodeGen4_A1.mk
-rw-rw-r-- 1 travis travis  1445 Jun  1 21:07 ModularCodeGen4_A1_profile.class
-rw-rw-r-- 1 travis travis  1712 Jun  1 21:07 ModularCodeGen4_A1_profile.java
-rw-rw-r-- 1 travis travis  3988 Jun  1 21:07 ModularCodeGen4_A2_B1.class
-rw-rw-r-- 1 travis travis 11375 Jun  1 21:07 ModularCodeGen4_A2_B1.java
-rw-rw-r-- 1 travis travis   880 Jun  1 21:07 ModularCodeGen4_A2_B1.mk
-rw-rw-r-- 1 travis travis  1393 Jun  1 21:07 ModularCodeGen4_A2_B1_profile.class
-rw-rw-r-- 1 travis travis  1454 Jun  1 21:07 ModularCodeGen4_A2_B1_profile.java
-rw-rw-r-- 1 travis travis  3842 Jun  1 21:07 ModularCodeGen4_A2_B2.class
-rw-rw-r-- 1 travis travis 10378 Jun  1 21:07 ModularCodeGen4_A2_B2.java
-rw-rw-r-- 1 travis travis   880 Jun  1 21:07 ModularCodeGen4_A2_B2.mk
-rw-rw-r-- 1 travis travis  1330 Jun  1 21:07 ModularCodeGen4_A2_B2_profile.class
-rw-rw-r-- 1 travis travis  1270 Jun  1 21:07 ModularCodeGen4_A2_B2_profile.java
-rw-rw-r-- 1 travis travis  5274 Jun  1 21:07 ModularCodeGen4_A2.class
-rw-rw-r-- 1 travis travis 16770 Jun  1 21:07 ModularCodeGen4_A2.java
-rw-rw-r-- 1 travis travis   856 Jun  1 21:07 ModularCodeGen4_A2.mk
-rw-rw-r-- 1 travis travis  1445 Jun  1 21:07 ModularCodeGen4_A2_profile.class
-rw-rw-r-- 1 travis travis  1712 Jun  1 21:07 ModularCodeGen4_A2_profile.java
-rw-rw-r-- 1 travis travis  6838 Jun  1 21:07 ModularCodeGen5_A_A.class
-rw-rw-r-- 1 travis travis 28721 Jun  1 21:07 ModularCodeGen5_A_A.java
-rw-rw-r-- 1 travis travis   864 Jun  1 21:07 ModularCodeGen5_A_A.mk
-rw-rw-r-- 1 travis travis  1520 Jun  1 21:07 ModularCodeGen5_A_A_profile.class
-rw-rw-r-- 1 travis travis  1815 Jun  1 21:07 ModularCodeGen5_A_A_profile.java
-rw-rw-r-- 1 travis travis  5115 Jun  1 21:07 ModularCodeGen5_A.class
-rw-rw-r-- 1 travis travis 13769 Jun  1 21:07 ModularCodeGen5_A.java
-rw-rw-r-- 1 travis travis   848 Jun  1 21:07 ModularCodeGen5_A.mk
-rw-rw-r-- 1 travis travis  1422 Jun  1 21:07 ModularCodeGen5_A_profile.class
-rw-rw-r-- 1 travis travis  1605 Jun  1 21:07 ModularCodeGen5_A_profile.java
-rw-rw-r-- 1 travis travis  4125 Jun  1 21:07 ModularCodeGen6_A_A2.class
-rw-rw-r-- 1 travis travis 11329 Jun  1 21:07 ModularCodeGen6_A_A2.java
-rw-rw-r-- 1 travis travis   872 Jun  1 21:07 ModularCodeGen6_A_A2.mk
-rw-rw-r-- 1 travis travis  1351 Jun  1 21:07 ModularCodeGen6_A_A2_profile.class
-rw-rw-r-- 1 travis travis  1364 Jun  1 21:07 ModularCodeGen6_A_A2_profile.java
-rw-rw-r-- 1 travis travis  4108 Jun  1 21:07 ModularCodeGen6_A_A.class
-rw-rw-r-- 1 travis travis 11221 Jun  1 21:07 ModularCodeGen6_A_A.java
-rw-rw-r-- 1 travis travis   864 Jun  1 21:07 ModularCodeGen6_A_A.mk
-rw-rw-r-- 1 travis travis  1348 Jun  1 21:07 ModularCodeGen6_A_A_profile.class
-rw-rw-r-- 1 travis travis  1361 Jun  1 21:07 ModularCodeGen6_A_A_profile.java
-rw-rw-r-- 1 travis travis  1810 Jun  1 21:07 ModularCodeGen6_A_profile.java
-rw-rw-r-- 1 travis travis  3954 Jun  1 21:06 ModularCodeGen_ModularCodeGenTypedCompositeActor.class
-rw-rw-r-- 1 travis travis 10970 Jun  1 21:06 ModularCodeGen_ModularCodeGenTypedCompositeActor.java
-rw-rw-r-- 1 travis travis  1096 Jun  1 21:06 ModularCodeGen_ModularCodeGenTypedCompositeActor.mk
-rw-rw-r-- 1 travis travis  1384 Jun  1 21:06 ModularCodeGen_ModularCodeGenTypedCompositeActor_profile.class
-rw-rw-r-- 1 travis travis  1328 Jun  1 21:06 ModularCodeGen_ModularCodeGenTypedCompositeActor_profile.java
-rw-rw-r-- 1 travis travis  3492 Jun  1 21:06 ModularCodeGenTest_A1_A2.class
-rw-rw-r-- 1 travis travis  9164 Jun  1 21:06 ModularCodeGenTest_A1_A2.java
-rw-rw-r-- 1 travis travis   904 Jun  1 21:06 ModularCodeGenTest_A1_A2.mk
-rw-rw-r-- 1 travis travis  1306 Jun  1 21:06 ModularCodeGenTest_A1_A2_profile.class
-rw-rw-r-- 1 travis travis  1228 Jun  1 21:06 ModularCodeGenTest_A1_A2_profile.java
-rw-rw-r-- 1 travis travis  3823 Jun  1 21:06 ModularCodeGenTest_A1.class
-rw-rw-r-- 1 travis travis  9968 Jun  1 21:06 ModularCodeGenTest_A1.java
-rw-rw-r-- 1 travis travis   880 Jun  1 21:06 ModularCodeGenTest_A1.mk
-rw-rw-r-- 1 travis travis  1352 Jun  1 21:06 ModularCodeGenTest_A1_profile.class
-rw-rw-r-- 1 travis travis  1394 Jun  1 21:06 ModularCodeGenTest_A1_profile.java
-rw-rw-r-- 1 travis travis   432 Jun  1 21:07 Token.class
-rw-rw-r-- 1 travis travis   251 Jun  1 21:07 Token.java
In "/home/travis/cg", about to execute:
    javac -classpath
.:/home/travis/build/icyphy/ptII:/home/travis/build/icyphy/ptII/lib/bsh-2.0b4.j
ar:/home/travis/build/icyphy/ptII/lib/ptCal.jar:/home/travis/build/icyphy/ptII/
lib/java_cup.jar:/home/travis/build/icyphy/ptII/lib/saxon8.jar:/home/travis/bui
ld/icyphy/ptII/lib/saxon8-dom.jar:/home/travis/build/icyphy/ptII/lib/chic.jar:/
home/travis/build/icyphy/ptII/lib/ptcolt.jar:/usr/lib/jvm/java-8-oracle/lib/too
ls.jar:/usr/lib/eclipse/plugins/org.eclipse.jdt.core_3.8.2.dist.jar:/usr/lib/ec
lipse/plugins/org.eclipse.core.runtime_3.8.0.dist.jar:/usr/lib/eclipse/plugins/
org.eclipse.osgi_3.8.1.dist.jar:/usr/lib/eclipse/plugins/org.eclipse.core.resou
rces_3.8.1.dist.jar:/usr/lib/eclipse/plugins/org.eclipse.equinox.common_3.6.100
.dist.jar:/usr/lib/eclipse/plugins/org.eclipse.core.jobs_3.5.200.dist.jar:/usr/
lib/eclipse/plugins/org.eclipse.core.contenttype_3.4.200.dist.jar:/usr/lib/ecli
pse/plugins/org.eclipse.equinox.preferences_3.5.0.dist.jar:/usr/lib/eclipse/plu
gins/org.eclipse.text_3.5.200.dist.jar:/usr/lib/eclipse/plugins/org.eclipse.ui.
workbench_3.8.1.dist.jar:/usr/lib/eclipse/plugins/org.eclipse.jface_3.8.0.dist.
jar:/usr/lib/eclipse/plugins/org.eclipse.swt_3.8.2.jar:/usr/lib/eclipse/plugins
/org.eclipse.jface.text_3.8.1.dist.jar:/usr/lib/eclipse/plugins/org.eclipse.ui.
workbench.texteditor_3.8.0.dist.jar:/usr/lib/eclipse/plugins/org.eclipse.ui.edi
tors_3.8.0.dist.jar:/usr/lib/eclipse/plugins/org.eclipse.core.commands_3.6.1.di
st.jar:/usr/lib/eclipse/plugins/org.eclipse.equinox.registry_3.5.200.dist.jar:/
usr/lib/eclipse/plugins/org.eclipse.ui.console_3.5.100.dist.jar:/usr/lib/eclips
e/plugins/org.eclipse.ui.forms_3.5.200.dist.jar:/usr/lib/eclipse/plugins/org.ec
lipse.ui.ide_3.8.1.dist.jar:/home/travis/build/icyphy/ptII/vendors/oracle/dbxml
.jar:/home/travis/build/icyphy/ptII/vendors/oracle/db.jar:/home/travis/build/ic
yphy/ptII/vendors/misc/itext/iText.jar:/home/travis/build/icyphy/ptII/lib/g4ltl
.jar:/home/travis/build/icyphy/ptII/lib/StructuralCoder.jar:/home/travis/build/
icyphy/ptII/lib/org-openide-util.jar:/home/travis/build/icyphy/ptII/lib/org-ope
nide-util-lookup.jar:/home/travis/build/icyphy/ptII/lib/org-netbeans-api-visual
.jar:/home/travis/build/icyphy/ptII/vendors/jai-1_1_2_01/lib/jai_core.jar:/home
/travis/build/icyphy/ptII/vendors/jai-1_1_2_01/lib/jai_codec.jar:/home/travis/b
uild/icyphy/ptII/lib/jcerti.jar:/home/travis/build/icyphy/ptII/lib/smack.jar:/h
ome/travis/build/icyphy/ptII/lib/smackx.jar:/home/travis/build/icyphy/ptII/lib/
jetty-all-8.1.5-v20120716.jar:/home/travis/build/icyphy/ptII/lib/javax.servlet-
api-3.0.1.jar:/home/travis/build/icyphy/ptII/lib/javax.mail.jar:/home/travis/bu
ild/icyphy/ptII/vendors/JMF-2.1.1e/lib/jmf.jar:/home/travis/build/icyphy/ptII/l
ib/jna-4.0.0-variadic.jar:/home/travis/build/icyphy/ptII/vendors/misc/joystick/
Joystick.jar:/home/travis/build/icyphy/ptII/lib/ptjacl.jar:/home/travis/build/i
cyphy/ptII/lib/jsoup-1.8.2.jar:/home/travis/build/icyphy/ptII/lib/junit-4.8.2.j
ar:/home/travis/build/icyphy/ptII/lib/JUnitParams-0.4.0.jar:/home/travis/build/
icyphy/ptII/ptolemy/actor/lib/excel/jxl.jar:/home/travis/build/icyphy/ptII/lib/
jython.jar:/home/travis/build/icyphy/ptII/lib/kieler.jar:/home/travis/build/icy
phy/ptII/vendors/opencv/share/OpenCV/java/opencv-341.jar:/home/travis/build/icy
phy/ptII/lib/oscP5.jar:/home/travis/build/icyphy/ptII/lib/nrjavaserial-3.11.0.d
evel.jar:/usr/share/java/j3dcore.jar:/usr/share/java/j3dutils.jar:/usr/share/ja
va/vecmath.jar:/home/travis/build/icyphy/ptII/ptolemy/distributed/jini/jar/jini
-core.jar:/home/travis/build/icyphy/ptII/ptolemy/distributed/jini/jar/jini-ext.
jar:/home/travis/build/icyphy/ptII/ptolemy/distributed/jini/jar/sun-util.jar:/h
ome/travis/build/icyphy/ptII/lib/protobuf-java-2.4.1.jar:/home/travis/build/icy
phy/ptII/lib/org.eclipse.paho.client.mqttv3.jar:/home/travis/build/icyphy/ptII/
ptserver/lib/hessian-4.0.7.jar:/home/travis/build/icyphy/ptII/ptserver/lib/wmqt
t.jar:/home/travis/build/icyphy/ptII/lib/mapss.jar:/home/travis/build/icyphy/pt
II/ptolemy/actor/ptalon/antlr/antlr.jar:/home/travis/build/icyphy/ptII/lib/JRI.
jar:/home/travis/build/icyphy/ptII/lib/commons-lang-2.6.jar:/home/travis/build/
icyphy/ptII/lib/commons-logging-1.1.1.jar:/home/travis/build/icyphy/ptII/lib/so
otclasses.jar:/home/travis/build/icyphy/ptII/ptolemy/actor/lib/database/mysql-c
onnector-java-5.1.6-bin.jar:/home/travis/build/icyphy/ptII/vendors/misc/sphinx4
/sphinx4-data-5prealpha.jar:/home/travis/build/icyphy/ptII/vendors/misc/sphinx4
/sphinx4-core-5prealpha.jar:/home/travis/build/icyphy/ptII/lib/PDFRenderer.jar:
/home/travis/build/icyphy/ptII/lib/svgSalamander.jar:/home/travis/build/icyphy/
ptII/lib/rsyntaxtextarea-2.6.0-SNAPSHOT.jar:/home/travis/build/icyphy/ptII/lib/
hazelcast-3.8.2.jar:/home/travis/build/icyphy/ptII/lib/jackson-annotations-2.9.
0.jar:/home/travis/build/icyphy/ptII/lib/jackson-core-2.9.3.jar:/home/travis/bu
ild/icyphy/ptII/lib/jackson-databind-2.9.3.jar:/home/travis/build/icyphy/ptII/l
ib/netty-buffer-4.1.19.Final.jar:/home/travis/build/icyphy/ptII/lib/netty-codec
-4.1.19.Final.jar:/home/travis/build/icyphy/ptII/lib/netty-codec-dns-4.1.19.Fin
al.jar:/home/travis/build/icyphy/ptII/lib/netty-codec-http-4.1.19.Final.jar:/ho
me/travis/build/icyphy/ptII/lib/netty-codec-http2-4.1.19.Final.jar:/home/travis
/build/icyphy/ptII/lib/netty-common-4.1.19.Final.jar:/home/travis/build/icyphy/
ptII/lib/netty-handler-4.1.19.Final.jar:/home/travis/build/icyphy/ptII/lib/nett
y-resolver-4.1.19.Final.jar:/home/travis/build/icyphy/ptII/lib/netty-resolver-d
ns-4.1.19.Final.jar:/home/travis/build/icyphy/ptII/lib/netty-transport-4.1.19.F
inal.jar:/home/travis/build/icyphy/ptII/lib/vertx-codegen-3.5.1.jar:/home/travi
s/build/icyphy/ptII/lib/vertx-core-3.5.2-SNAPSHOT.jar:/home/travis/build/icyphy
/ptII/lib/vertx-hazelcast-3.5.1.jar:/home/travis/build/icyphy/ptII/lib/vertx-la
ng-js-3.5.1.jar:/home/travis/build/icyphy/ptII/lib/vertx-service-proxy-3.5.1.ja
r:/home/travis/build/icyphy/ptII/lib/vertx-web-3.5.1.jar:/home/travis/build/icy
phy/ptII/lib/slf4j-api-1.7.13.jar:/home/travis/build/icyphy/ptII/lib/slf4j-simp
le-1.7.13.jar:/home/travis/build/icyphy/ptII/lib/webcam-capture-0.3.12.jar:/hom
e/travis/build/icyphy/ptII/lib/bridj-0.7.0.jar:/home/travis/build/icyphy/ptII/l
ib/xbjlib-1.1.0.nrjavaserial.jar:/home/travis/build/icyphy/ptII/ptolemy/moml/te
st:/home/travis/build/icyphy/ptII/ant/lib/ant-launcher.jar:/home/travis/build/i
cyphy/ptII/ant/lib/ant.jar:/home/travis/build/icyphy/ptII/ant/lib/ant-junit.jar
:/home/travis/build/icyphy/ptII/ant/lib/ant-junit4.jar:/home/travis/build/icyph
y/ptII ModularCodeGen6_A_profile.java
warning: Supported source version 'RELEASE_6' from annotation processor 'org.netbeans.modules.openide.util.NbBundleProcessor' less than -source '1.8'
warning: Supported source version 'RELEASE_6' from annotation processor 'org.netbeans.modules.openide.util.URLStreamHandlerRegistrationProcessor' less than -source '1.8'
warning: Supported source version 'RELEASE_6' from annotation processor 'org.netbeans.modules.openide.util.ServiceProviderProcessor' less than -source '1.8'
3 warnings
All Done
Writing ModularCodeGen6_A.java in file:/home/travis/cg/ (26535 characters)
Reading "ptolemy/cg/kernel/generic/program/procedural/java/modular/makefile.in",
    writing "/home/travis/cg/ModularCodeGen6_A.mk"
Using ptolemy/cg/kernel/generic/program/procedural/java/modular/makefile.in
In "/home/travis/cg", about to execute:
    make -f ModularCodeGen6_A.mk
javac -classpath ".:.."    ModularCodeGen6_A.java
All Done
7193 ms. Memory: 202240K Free: 94818K (47%)
----------------- Invoking toplevel() on ptolemy.moml.MoMLSimpleApplication@65521bb1
----------------- Done invoking toplevel() on ptolemy.moml.MoMLSimpleApplication@65521bb1
reloadAllAccessors: .ModularCodeGen6

===========================================================================================
----------------- testing Fri Jun 01 21:07:34 UTC 2018 /home/travis/build/icyphy/ptII/ptolemy/cg/lib/test/auto/ModularCodeGenLazyPubSub.xml
----------------- Instantiating /home/travis/build/icyphy/ptII/ptolemy/cg/lib/test/auto/ModularCodeGenLazyPubSub.xml
In "/home/travis/cg", about to execute:
    pwd
In "/home/travis/cg", about to execute:
    ls -l
/home/travis/cg
In "/home/travis/cg", about to execute:
    javac -classpath
.:/home/travis/build/icyphy/ptII:/home/travis/build/icyphy/ptII/lib/bsh-2.0b4.j
ar:/home/travis/build/icyphy/ptII/lib/ptCal.jar:/home/travis/build/icyphy/ptII/
lib/java_cup.jar:/home/travis/build/icyphy/ptII/lib/saxon8.jar:/home/travis/bui
ld/icyphy/ptII/lib/saxon8-dom.jar:/home/travis/build/icyphy/ptII/lib/chic.jar:/
home/travis/build/icyphy/ptII/lib/ptcolt.jar:/usr/lib/jvm/java-8-oracle/lib/too
ls.jar:/usr/lib/eclipse/plugins/org.eclipse.jdt.core_3.8.2.dist.jar:/usr/lib/ec
lipse/plugins/org.eclipse.core.runtime_3.8.0.dist.jar:/usr/lib/eclipse/plugins/
org.eclipse.osgi_3.8.1.dist.jar:/usr/lib/eclipse/plugins/org.eclipse.core.resou
rces_3.8.1.dist.jar:/usr/lib/eclipse/plugins/org.eclipse.equinox.common_3.6.100
.dist.jar:/usr/lib/eclipse/plugins/org.eclipse.core.jobs_3.5.200.dist.jar:/usr/
lib/eclipse/plugins/org.eclipse.core.contenttype_3.4.200.dist.jar:/usr/lib/ecli
pse/plugins/org.eclipse.equinox.preferences_3.5.0.dist.jar:/usr/lib/eclipse/plu
gins/org.eclipse.text_3.5.200.dist.jar:/usr/lib/eclipse/plugins/org.eclipse.ui.
workbench_3.8.1.dist.jar:/usr/lib/eclipse/plugins/org.eclipse.jface_3.8.0.dist.
jar:/usr/lib/eclipse/plugins/org.eclipse.swt_3.8.2.jar:/usr/lib/eclipse/plugins
/org.eclipse.jface.text_3.8.1.dist.jar:/usr/lib/eclipse/plugins/org.eclipse.ui.
workbench.texteditor_3.8.0.dist.jar:/usr/lib/eclipse/plugins/org.eclipse.ui.edi
tors_3.8.0.dist.jar:/usr/lib/eclipse/plugins/org.eclipse.core.commands_3.6.1.di
st.jar:/usr/lib/eclipse/plugins/org.eclipse.equinox.registry_3.5.200.dist.jar:/
usr/lib/eclipse/plugins/org.eclipse.ui.console_3.5.100.dist.jar:/usr/lib/eclips
e/plugins/org.eclipse.ui.forms_3.5.200.dist.jar:/usr/lib/eclipse/plugins/org.ec
lipse.ui.ide_3.8.1.dist.jar:/home/travis/build/icyphy/ptII/vendors/oracle/dbxml
.jar:/home/travis/build/icyphy/ptII/vendors/oracle/db.jar:/home/travis/build/ic
yphy/ptII/vendors/misc/itext/iText.jar:/home/travis/build/icyphy/ptII/lib/g4ltl
.jar:/home/travis/build/icyphy/ptII/lib/StructuralCoder.jar:/home/travis/build/
icyphy/ptII/lib/org-openide-util.jar:/home/travis/build/icyphy/ptII/lib/org-ope
nide-util-lookup.jar:/home/travis/build/icyphy/ptII/lib/org-netbeans-api-visual
.jar:/home/travis/build/icyphy/ptII/vendors/jai-1_1_2_01/lib/jai_core.jar:/home
/travis/build/icyphy/ptII/vendors/jai-1_1_2_01/lib/jai_codec.jar:/home/travis/b
uild/icyphy/ptII/lib/jcerti.jar:/home/travis/build/icyphy/ptII/lib/smack.jar:/h
ome/travis/build/icyphy/ptII/lib/smackx.jar:/home/travis/build/icyphy/ptII/lib/
jetty-all-8.1.5-v20120716.jar:/home/travis/build/icyphy/ptII/lib/javax.servlet-
api-3.0.1.jar:/home/travis/build/icyphy/ptII/lib/javax.mail.jar:/home/travis/bu
ild/icyphy/ptII/vendors/JMF-2.1.1e/lib/jmf.jar:/home/travis/build/icyphy/ptII/l
ib/jna-4.0.0-variadic.jar:/home/travis/build/icyphy/ptII/vendors/misc/joystick/
Joystick.jar:/home/travis/build/icyphy/ptII/lib/ptjacl.jar:/home/travis/build/i
cyphy/ptII/lib/jsoup-1.8.2.jar:/home/travis/build/icyphy/ptII/lib/junit-4.8.2.j
ar:/home/travis/build/icyphy/ptII/lib/JUnitParams-0.4.0.jar:/home/travis/build/
icyphy/ptII/ptolemy/actor/lib/excel/jxl.jar:/home/travis/build/icyphy/ptII/lib/
jython.jar:/home/travis/build/icyphy/ptII/lib/kieler.jar:/home/travis/build/icy
phy/ptII/vendors/opencv/share/OpenCV/java/opencv-341.jar:/home/travis/build/icy
phy/ptII/lib/oscP5.jar:/home/travis/build/icyphy/ptII/lib/nrjavaserial-3.11.0.d
evel.jar:/usr/share/java/j3dcore.jar:/usr/share/java/j3dutils.jar:/usr/share/ja
va/vecmath.jar:/home/travis/build/icyphy/ptII/ptolemy/distributed/jini/jar/jini
-core.jar:/home/travis/build/icyphy/ptII/ptolemy/distributed/jini/jar/jini-ext.
jar:/home/travis/build/icyphy/ptII/ptolemy/distributed/jini/jar/sun-util.jar:/h
ome/travis/build/icyphy/ptII/lib/protobuf-java-2.4.1.jar:/home/travis/build/icy
phy/ptII/lib/org.eclipse.paho.client.mqttv3.jar:/home/travis/build/icyphy/ptII/
ptserver/lib/hessian-4.0.7.jar:/home/travis/build/icyphy/ptII/ptserver/lib/wmqt
t.jar:/home/travis/build/icyphy/ptII/lib/mapss.jar:/home/travis/build/icyphy/pt
II/ptolemy/actor/ptalon/antlr/antlr.jar:/home/travis/build/icyphy/ptII/lib/JRI.
jar:/home/travis/build/icyphy/ptII/lib/commons-lang-2.6.jar:/home/travis/build/
icyphy/ptII/lib/commons-logging-1.1.1.jar:/home/travis/build/icyphy/ptII/lib/so
otclasses.jar:/home/travis/build/icyphy/ptII/ptolemy/actor/lib/database/mysql-c
onnector-java-5.1.6-bin.jar:/home/travis/build/icyphy/ptII/vendors/misc/sphinx4
/sphinx4-data-5prealpha.jar:/home/travis/build/icyphy/ptII/vendors/misc/sphinx4
/sphinx4-core-5prealpha.jar:/home/travis/build/icyphy/ptII/lib/PDFRenderer.jar:
/home/travis/build/icyphy/ptII/lib/svgSalamander.jar:/home/travis/build/icyphy/
ptII/lib/rsyntaxtextarea-2.6.0-SNAPSHOT.jar:/home/travis/build/icyphy/ptII/lib/
hazelcast-3.8.2.jar:/home/travis/build/icyphy/ptII/lib/jackson-annotations-2.9.
0.jar:/home/travis/build/icyphy/ptII/lib/jackson-core-2.9.3.jar:/home/travis/bu
ild/icyphy/ptII/lib/jackson-databind-2.9.3.jar:/home/travis/build/icyphy/ptII/l
ib/netty-buffer-4.1.19.Final.jar:/home/travis/build/icyphy/ptII/lib/netty-codec
-4.1.19.Final.jar:/home/travis/build/icyphy/ptII/lib/netty-codec-dns-4.1.19.Fin
al.jar:/home/travis/build/icyphy/ptII/lib/netty-codec-http-4.1.19.Final.jar:/ho
me/travis/build/icyphy/ptII/lib/netty-codec-http2-4.1.19.Final.jar:/home/travis
/build/icyphy/ptII/lib/netty-common-4.1.19.Final.jar:/home/travis/build/icyphy/
ptII/lib/netty-handler-4.1.19.Final.jar:/home/travis/build/icyphy/ptII/lib/nett
y-resolver-4.1.19.Final.jar:/home/travis/build/icyphy/ptII/lib/netty-resolver-d
ns-4.1.19.Final.jar:/home/travis/build/icyphy/ptII/lib/netty-transport-4.1.19.F
inal.jar:/home/travis/build/icyphy/ptII/lib/vertx-codegen-3.5.1.jar:/home/travi
s/build/icyphy/ptII/lib/vertx-core-3.5.2-SNAPSHOT.jar:/home/travis/build/icyphy
/ptII/lib/vertx-hazelcast-3.5.1.jar:/home/travis/build/icyphy/ptII/lib/vertx-la
ng-js-3.5.1.jar:/home/travis/build/icyphy/ptII/lib/vertx-service-proxy-3.5.1.ja
r:/home/travis/build/icyphy/ptII/lib/vertx-web-3.5.1.jar:/home/travis/build/icy
phy/ptII/lib/slf4j-api-1.7.13.jar:/home/travis/build/icyphy/ptII/lib/slf4j-simp
le-1.7.13.jar:/home/travis/build/icyphy/ptII/lib/webcam-capture-0.3.12.jar:/hom
e/travis/build/icyphy/ptII/lib/bridj-0.7.0.jar:/home/travis/build/icyphy/ptII/l
ib/xbjlib-1.1.0.nrjavaserial.jar:/home/travis/build/icyphy/ptII/ptolemy/moml/te
st:/home/travis/build/icyphy/ptII/ant/lib/ant-launcher.jar:/home/travis/build/i
cyphy/ptII/ant/lib/ant.jar:/home/travis/build/icyphy/ptII/ant/lib/ant-junit.jar
:/home/travis/build/icyphy/ptII/ant/lib/ant-junit4.jar:/home/travis/build/icyph
y/ptII ModularCodeGenLazyPubSub_LazyCompositeActor_profile.java
total 1116
-rw-rw-r-- 1 travis travis  4895 Jun  1 21:06 CompiledCompositeActor_CompiledCompositeActor.class
-rw-rw-r-- 1 travis travis  1592 Jun  1 21:06 CompiledCompositeActor_CompiledCompositeActor$_CompiledCompositeActor_CompiledCompositeActor.class
-rw-rw-r-- 1 travis travis 13466 Jun  1 21:06 CompiledCompositeActor_CompiledCompositeActor.java
-rw-rw-r-- 1 travis travis  1593 Jun  1 21:06 CompiledCompositeActor_CompiledCompositeActor.mk
-rw-rw-r-- 1 travis travis  4457 Jun  1 21:06 JavaCompiledCompositeTest1_CompiledCompositeActor.class
-rw-rw-r-- 1 travis travis 11637 Jun  1 21:06 JavaCompiledCompositeTest1_CompiledCompositeActor.java
-rw-rw-r-- 1 travis travis  1198 Jun  1 21:06 JavaCompiledCompositeTest1_CompiledCompositeActor$_JavaCompiledCompositeTest1_CompiledCompositeActor.class
-rw-rw-r-- 1 travis travis  1625 Jun  1 21:06 JavaCompiledCompositeTest1_CompiledCompositeActor.mk
-rw-rw-r-- 1 travis travis  4888 Jun  1 21:06 JavaCompiledCompositeTest2_CompiledCompositeActor.class
-rw-rw-r-- 1 travis travis 14919 Jun  1 21:06 JavaCompiledCompositeTest2_CompiledCompositeActor.java
-rw-rw-r-- 1 travis travis  1793 Jun  1 21:06 JavaCompiledCompositeTest2_CompiledCompositeActor$_JavaCompiledCompositeTest2_CompiledCompositeActor.class
-rw-rw-r-- 1 travis travis  1625 Jun  1 21:06 JavaCompiledCompositeTest2_CompiledCompositeActor.mk
-rw-rw-r-- 1 travis travis  4505 Jun  1 21:06 JavaCompiledCompositeTest3_CompiledCompositeActor.class
-rw-rw-r-- 1 travis travis 13080 Jun  1 21:06 JavaCompiledCompositeTest3_CompiledCompositeActor.java
-rw-rw-r-- 1 travis travis  1378 Jun  1 21:06 JavaCompiledCompositeTest3_CompiledCompositeActor$_JavaCompiledCompositeTest3_CompiledCompositeActor.class
-rw-rw-r-- 1 travis travis  1625 Jun  1 21:06 JavaCompiledCompositeTest3_CompiledCompositeActor.mk
-rw-rw-r-- 1 travis travis  3953 Jun  1 21:06 JavaCompiledCompositeTest4_CompiledCompositeActor.class
-rw-rw-r-- 1 travis travis  9687 Jun  1 21:06 JavaCompiledCompositeTest4_CompiledCompositeActor.java
-rw-rw-r-- 1 travis travis   857 Jun  1 21:06 JavaCompiledCompositeTest4_CompiledCompositeActor$_JavaCompiledCompositeTest4_CompiledCompositeActor.class
-rw-rw-r-- 1 travis travis  1625 Jun  1 21:06 JavaCompiledCompositeTest4_CompiledCompositeActor.mk
-rw-rw-r-- 1 travis travis  3693 Jun  1 21:06 ModularCG_A1_B1.class
-rw-rw-r-- 1 travis travis  9730 Jun  1 21:06 ModularCG_A1_B1.java
-rw-rw-r-- 1 travis travis   832 Jun  1 21:06 ModularCG_A1_B1.mk
-rw-rw-r-- 1 travis travis  1318 Jun  1 21:06 ModularCG_A1_B1_profile.class
-rw-rw-r-- 1 travis travis  1262 Jun  1 21:06 ModularCG_A1_B1_profile.java
-rw-rw-r-- 1 travis travis  3693 Jun  1 21:06 ModularCG_A1_B2.class
-rw-rw-r-- 1 travis travis  9730 Jun  1 21:06 ModularCG_A1_B2.java
-rw-rw-r-- 1 travis travis   832 Jun  1 21:06 ModularCG_A1_B2.mk
-rw-rw-r-- 1 travis travis  1318 Jun  1 21:06 ModularCG_A1_B2_profile.class
-rw-rw-r-- 1 travis travis  1262 Jun  1 21:06 ModularCG_A1_B2_profile.java
-rw-rw-r-- 1 travis travis  4799 Jun  1 21:06 ModularCG_A1.class
-rw-rw-r-- 1 travis travis 14742 Jun  1 21:06 ModularCG_A1.java
-rw-rw-r-- 1 travis travis   808 Jun  1 21:06 ModularCG_A1.mk
-rw-rw-r-- 1 travis travis  1433 Jun  1 21:06 ModularCG_A1_profile.class
-rw-rw-r-- 1 travis travis  1704 Jun  1 21:06 ModularCG_A1_profile.java
-rw-rw-r-- 1 travis travis  3827 Jun  1 21:06 ModularCG_A2_B1.class
-rw-rw-r-- 1 travis travis 10667 Jun  1 21:06 ModularCG_A2_B1.java
-rw-rw-r-- 1 travis travis   832 Jun  1 21:06 ModularCG_A2_B1.mk
-rw-rw-r-- 1 travis travis  1381 Jun  1 21:06 ModularCG_A2_B1_profile.class
-rw-rw-r-- 1 travis travis  1446 Jun  1 21:06 ModularCG_A2_B1_profile.java
-rw-rw-r-- 1 travis travis  3693 Jun  1 21:06 ModularCG_A2_B2.class
-rw-rw-r-- 1 travis travis  9730 Jun  1 21:06 ModularCG_A2_B2.java
-rw-rw-r-- 1 travis travis   832 Jun  1 21:06 ModularCG_A2_B2.mk
-rw-rw-r-- 1 travis travis  1318 Jun  1 21:06 ModularCG_A2_B2_profile.class
-rw-rw-r-- 1 travis travis  1262 Jun  1 21:06 ModularCG_A2_B2_profile.java
-rw-rw-r-- 1 travis travis  4870 Jun  1 21:06 ModularCG_A2.class
-rw-rw-r-- 1 travis travis 15129 Jun  1 21:06 ModularCG_A2.java
-rw-rw-r-- 1 travis travis   808 Jun  1 21:06 ModularCG_A2.mk
-rw-rw-r-- 1 travis travis  1433 Jun  1 21:06 ModularCG_A2_profile.class
-rw-rw-r-- 1 travis travis  1704 Jun  1 21:06 ModularCG_A2_profile.java
-rw-rw-r-- 1 travis travis  3473 Jun  1 21:06 ModularCGPubSub_A1_A2.class
-rw-rw-r-- 1 travis travis  9076 Jun  1 21:06 ModularCGPubSub_A1_A2.java
-rw-rw-r-- 1 travis travis   880 Jun  1 21:06 ModularCGPubSub_A1_A2.mk
-rw-rw-r-- 1 travis travis  1300 Jun  1 21:06 ModularCGPubSub_A1_A2_profile.class
-rw-rw-r-- 1 travis travis  1222 Jun  1 21:06 ModularCGPubSub_A1_A2_profile.java
-rw-rw-r-- 1 travis travis  3790 Jun  1 21:06 ModularCGPubSub_A1.class
-rw-rw-r-- 1 travis travis  9836 Jun  1 21:06 ModularCGPubSub_A1.java
-rw-rw-r-- 1 travis travis   856 Jun  1 21:06 ModularCGPubSub_A1.mk
-rw-rw-r-- 1 travis travis  1346 Jun  1 21:06 ModularCGPubSub_A1_profile.class
-rw-rw-r-- 1 travis travis  1388 Jun  1 21:06 ModularCGPubSub_A1_profile.java
-rw-rw-r-- 1 travis travis  3988 Jun  1 21:06 ModularCodeGen2_ModularCodeGenTypedCompositeActor.class
-rw-rw-r-- 1 travis travis 11690 Jun  1 21:06 ModularCodeGen2_ModularCodeGenTypedCompositeActor.java
-rw-rw-r-- 1 travis travis  1104 Jun  1 21:06 ModularCodeGen2_ModularCodeGenTypedCompositeActor.mk
-rw-rw-r-- 1 travis travis  4272 Jun  1 21:06 ModularCodeGen2_ModularCodeGenTypedCompositeActor_ModularCodeGenTypedCompositeActor.class
-rw-rw-r-- 1 travis travis 11790 Jun  1 21:06 ModularCodeGen2_ModularCodeGenTypedCompositeActor_ModularCodeGenTypedCompositeActor.java
-rw-rw-r-- 1 travis travis  1376 Jun  1 21:06 ModularCodeGen2_ModularCodeGenTypedCompositeActor_ModularCodeGenTypedCompositeActor.mk
-rw-rw-r-- 1 travis travis  1421 Jun  1 21:06 ModularCodeGen2_ModularCodeGenTypedCompositeActor_ModularCodeGenTypedCompositeActor_profile.class
-rw-rw-r-- 1 travis travis  1294 Jun  1 21:06 ModularCodeGen2_ModularCodeGenTypedCompositeActor_ModularCodeGenTypedCompositeActor_profile.java
-rw-rw-r-- 1 travis travis   820 Jun  1 21:06 ModularCodeGen2_ModularCodeGenTypedCompositeActor_profile.class
-rw-rw-r-- 1 travis travis   693 Jun  1 21:06 ModularCodeGen2_ModularCodeGenTypedCompositeActor_profile.java
-rw-rw-r-- 1 travis travis  3741 Jun  1 21:06 ModularCodeGen3_A1_B1.class
-rw-rw-r-- 1 travis travis  9958 Jun  1 21:06 ModularCodeGen3_A1_B1.java
-rw-rw-r-- 1 travis travis   880 Jun  1 21:06 ModularCodeGen3_A1_B1.mk
-rw-rw-r-- 1 travis travis  1330 Jun  1 21:06 ModularCodeGen3_A1_B1_profile.class
-rw-rw-r-- 1 travis travis  1274 Jun  1 21:06 ModularCodeGen3_A1_B1_profile.java
-rw-rw-r-- 1 travis travis  3741 Jun  1 21:06 ModularCodeGen3_A1_B2.class
-rw-rw-r-- 1 travis travis  9958 Jun  1 21:06 ModularCodeGen3_A1_B2.java
-rw-rw-r-- 1 travis travis   880 Jun  1 21:06 ModularCodeGen3_A1_B2.mk
-rw-rw-r-- 1 travis travis  1330 Jun  1 21:06 ModularCodeGen3_A1_B2_profile.class
-rw-rw-r-- 1 travis travis  1274 Jun  1 21:06 ModularCodeGen3_A1_B2_profile.java
-rw-rw-r-- 1 travis travis  4961 Jun  1 21:07 ModularCodeGen3_A1.class
-rw-rw-r-- 1 travis travis 15564 Jun  1 21:06 ModularCodeGen3_A1.java
-rw-rw-r-- 1 travis travis   856 Jun  1 21:06 ModularCodeGen3_A1.mk
-rw-rw-r-- 1 travis travis  1445 Jun  1 21:06 ModularCodeGen3_A1_profile.class
-rw-rw-r-- 1 travis travis  1716 Jun  1 21:06 ModularCodeGen3_A1_profile.java
-rw-rw-r-- 1 travis travis  3887 Jun  1 21:07 ModularCodeGen3_A2_B1.class
-rw-rw-r-- 1 travis travis 10955 Jun  1 21:07 ModularCodeGen3_A2_B1.java
-rw-rw-r-- 1 travis travis   880 Jun  1 21:07 ModularCodeGen3_A2_B1.mk
-rw-rw-r-- 1 travis travis  1393 Jun  1 21:07 ModularCodeGen3_A2_B1_profile.class
-rw-rw-r-- 1 travis travis  1458 Jun  1 21:07 ModularCodeGen3_A2_B1_profile.java
-rw-rw-r-- 1 travis travis  3741 Jun  1 21:07 ModularCodeGen3_A2_B2.class
-rw-rw-r-- 1 travis travis  9958 Jun  1 21:07 ModularCodeGen3_A2_B2.java
-rw-rw-r-- 1 travis travis   880 Jun  1 21:07 ModularCodeGen3_A2_B2.mk
-rw-rw-r-- 1 travis travis  1330 Jun  1 21:07 ModularCodeGen3_A2_B2_profile.class
-rw-rw-r-- 1 travis travis  1274 Jun  1 21:07 ModularCodeGen3_A2_B2_profile.java
-rw-rw-r-- 1 travis travis  5038 Jun  1 21:07 ModularCodeGen3_A2.class
-rw-rw-r-- 1 travis travis 15957 Jun  1 21:07 ModularCodeGen3_A2.java
-rw-rw-r-- 1 travis travis   856 Jun  1 21:07 ModularCodeGen3_A2.mk
-rw-rw-r-- 1 travis travis  1445 Jun  1 21:07 ModularCodeGen3_A2_profile.class
-rw-rw-r-- 1 travis travis  1716 Jun  1 21:07 ModularCodeGen3_A2_profile.java
-rw-rw-r-- 1 travis travis  3794 Jun  1 21:07 ModularCodeGen4_A1_B1.class
-rw-rw-r-- 1 travis travis 10312 Jun  1 21:07 ModularCodeGen4_A1_B1.java
-rw-rw-r-- 1 travis travis   880 Jun  1 21:07 ModularCodeGen4_A1_B1.mk
-rw-rw-r-- 1 travis travis  1330 Jun  1 21:07 ModularCodeGen4_A1_B1_profile.class
-rw-rw-r-- 1 travis travis  1273 Jun  1 21:07 ModularCodeGen4_A1_B1_profile.java
-rw-rw-r-- 1 travis travis  3794 Jun  1 21:07 ModularCodeGen4_A1_B2.class
-rw-rw-r-- 1 travis travis 10312 Jun  1 21:07 ModularCodeGen4_A1_B2.java
-rw-rw-r-- 1 travis travis   880 Jun  1 21:07 ModularCodeGen4_A1_B2.mk
-rw-rw-r-- 1 travis travis  1330 Jun  1 21:07 ModularCodeGen4_A1_B2_profile.class
-rw-rw-r-- 1 travis travis  1273 Jun  1 21:07 ModularCodeGen4_A1_B2_profile.java
-rw-rw-r-- 1 travis travis  5101 Jun  1 21:07 ModularCodeGen4_A1.class
-rw-rw-r-- 1 travis travis 16245 Jun  1 21:07 ModularCodeGen4_A1.java
-rw-rw-r-- 1 travis travis   856 Jun  1 21:07 ModularCodeGen4_A1.mk
-rw-rw-r-- 1 travis travis  1445 Jun  1 21:07 ModularCodeGen4_A1_profile.class
-rw-rw-r-- 1 travis travis  1712 Jun  1 21:07 ModularCodeGen4_A1_profile.java
-rw-rw-r-- 1 travis travis  3988 Jun  1 21:07 ModularCodeGen4_A2_B1.class
-rw-rw-r-- 1 travis travis 11375 Jun  1 21:07 ModularCodeGen4_A2_B1.java
-rw-rw-r-- 1 travis travis   880 Jun  1 21:07 ModularCodeGen4_A2_B1.mk
-rw-rw-r-- 1 travis travis  1393 Jun  1 21:07 ModularCodeGen4_A2_B1_profile.class
-rw-rw-r-- 1 travis travis  1454 Jun  1 21:07 ModularCodeGen4_A2_B1_profile.java
-rw-rw-r-- 1 travis travis  3842 Jun  1 21:07 ModularCodeGen4_A2_B2.class
-rw-rw-r-- 1 travis travis 10378 Jun  1 21:07 ModularCodeGen4_A2_B2.java
-rw-rw-r-- 1 travis travis   880 Jun  1 21:07 ModularCodeGen4_A2_B2.mk
-rw-rw-r-- 1 travis travis  1330 Jun  1 21:07 ModularCodeGen4_A2_B2_profile.class
-rw-rw-r-- 1 travis travis  1270 Jun  1 21:07 ModularCodeGen4_A2_B2_profile.java
-rw-rw-r-- 1 travis travis  5274 Jun  1 21:07 ModularCodeGen4_A2.class
-rw-rw-r-- 1 travis travis 16770 Jun  1 21:07 ModularCodeGen4_A2.java
-rw-rw-r-- 1 travis travis   856 Jun  1 21:07 ModularCodeGen4_A2.mk
-rw-rw-r-- 1 travis travis  1445 Jun  1 21:07 ModularCodeGen4_A2_profile.class
-rw-rw-r-- 1 travis travis  1712 Jun  1 21:07 ModularCodeGen4_A2_profile.java
-rw-rw-r-- 1 travis travis  6838 Jun  1 21:07 ModularCodeGen5_A_A.class
-rw-rw-r-- 1 travis travis 28721 Jun  1 21:07 ModularCodeGen5_A_A.java
-rw-rw-r-- 1 travis travis   864 Jun  1 21:07 ModularCodeGen5_A_A.mk
-rw-rw-r-- 1 travis travis  1520 Jun  1 21:07 ModularCodeGen5_A_A_profile.class
-rw-rw-r-- 1 travis travis  1815 Jun  1 21:07 ModularCodeGen5_A_A_profile.java
-rw-rw-r-- 1 travis travis  5115 Jun  1 21:07 ModularCodeGen5_A.class
-rw-rw-r-- 1 travis travis 13769 Jun  1 21:07 ModularCodeGen5_A.java
-rw-rw-r-- 1 travis travis   848 Jun  1 21:07 ModularCodeGen5_A.mk
-rw-rw-r-- 1 travis travis  1422 Jun  1 21:07 ModularCodeGen5_A_profile.class
-rw-rw-r-- 1 travis travis  1605 Jun  1 21:07 ModularCodeGen5_A_profile.java
-rw-rw-r-- 1 travis travis  4125 Jun  1 21:07 ModularCodeGen6_A_A2.class
-rw-rw-r-- 1 travis travis 11329 Jun  1 21:07 ModularCodeGen6_A_A2.java
-rw-rw-r-- 1 travis travis   872 Jun  1 21:07 ModularCodeGen6_A_A2.mk
-rw-rw-r-- 1 travis travis  1351 Jun  1 21:07 ModularCodeGen6_A_A2_profile.class
-rw-rw-r-- 1 travis travis  1364 Jun  1 21:07 ModularCodeGen6_A_A2_profile.java
-rw-rw-r-- 1 travis travis  4108 Jun  1 21:07 ModularCodeGen6_A_A.class
-rw-rw-r-- 1 travis travis 11221 Jun  1 21:07 ModularCodeGen6_A_A.java
-rw-rw-r-- 1 travis travis   864 Jun  1 21:07 ModularCodeGen6_A_A.mk
-rw-rw-r-- 1 travis travis  1348 Jun  1 21:07 ModularCodeGen6_A_A_profile.class
-rw-rw-r-- 1 travis travis  1361 Jun  1 21:07 ModularCodeGen6_A_A_profile.java
-rw-rw-r-- 1 travis travis  7237 Jun  1 21:07 ModularCodeGen6_A.class
-rw-rw-r-- 1 travis travis 26535 Jun  1 21:07 ModularCodeGen6_A.java
-rw-rw-r-- 1 travis travis   848 Jun  1 21:07 ModularCodeGen6_A.mk
-rw-rw-r-- 1 travis travis  1483 Jun  1 21:07 ModularCodeGen6_A_profile.class
-rw-rw-r-- 1 travis travis  1810 Jun  1 21:07 ModularCodeGen6_A_profile.java
-rw-rw-r-- 1 travis travis  1091 Jun  1 21:07 ModularCodeGenLazyPubSub_LazyCompositeActor_profile.java
-rw-rw-r-- 1 travis travis  3954 Jun  1 21:06 ModularCodeGen_ModularCodeGenTypedCompositeActor.class
-rw-rw-r-- 1 travis travis 10970 Jun  1 21:06 ModularCodeGen_ModularCodeGenTypedCompositeActor.java
-rw-rw-r-- 1 travis travis  1096 Jun  1 21:06 ModularCodeGen_ModularCodeGenTypedCompositeActor.mk
-rw-rw-r-- 1 travis travis  1384 Jun  1 21:06 ModularCodeGen_ModularCodeGenTypedCompositeActor_profile.class
-rw-rw-r-- 1 travis travis  1328 Jun  1 21:06 ModularCodeGen_ModularCodeGenTypedCompositeActor_profile.java
-rw-rw-r-- 1 travis travis  3492 Jun  1 21:06 ModularCodeGenTest_A1_A2.class
-rw-rw-r-- 1 travis travis  9164 Jun  1 21:06 ModularCodeGenTest_A1_A2.java
-rw-rw-r-- 1 travis travis   904 Jun  1 21:06 ModularCodeGenTest_A1_A2.mk
-rw-rw-r-- 1 travis travis  1306 Jun  1 21:06 ModularCodeGenTest_A1_A2_profile.class
-rw-rw-r-- 1 travis travis  1228 Jun  1 21:06 ModularCodeGenTest_A1_A2_profile.java
-rw-rw-r-- 1 travis travis  3823 Jun  1 21:06 ModularCodeGenTest_A1.class
-rw-rw-r-- 1 travis travis  9968 Jun  1 21:06 ModularCodeGenTest_A1.java
-rw-rw-r-- 1 travis travis   880 Jun  1 21:06 ModularCodeGenTest_A1.mk
-rw-rw-r-- 1 travis travis  1352 Jun  1 21:06 ModularCodeGenTest_A1_profile.class
-rw-rw-r-- 1 travis travis  1394 Jun  1 21:06 ModularCodeGenTest_A1_profile.java
-rw-rw-r-- 1 travis travis   432 Jun  1 21:07 Token.class
-rw-rw-r-- 1 travis travis   251 Jun  1 21:07 Token.java
warning: Supported source version 'RELEASE_6' from annotation processor 'org.netbeans.modules.openide.util.NbBundleProcessor' less than -source '1.8'
warning: Supported source version 'RELEASE_6' from annotation processor 'org.netbeans.modules.openide.util.URLStreamHandlerRegistrationProcessor' less than -source '1.8'
warning: Supported source version 'RELEASE_6' from annotation processor 'org.netbeans.modules.openide.util.ServiceProviderProcessor' less than -source '1.8'
3 warnings
All Done
Writing ModularCodeGenLazyPubSub_LazyCompositeActor.java in file:/home/travis/cg/ (11122 characters)
Reading "ptolemy/cg/kernel/generic/program/procedural/java/modular/makefile.in",
    writing "/home/travis/cg/ModularCodeGenLazyPubSub_LazyCompositeActor.mk"
Using ptolemy/cg/kernel/generic/program/procedural/java/modular/makefile.in
In "/home/travis/cg", about to execute:
    make -f ModularCodeGenLazyPubSub_LazyCompositeActor.mk
javac -classpath ".:.."    ModularCodeGenLazyPubSub_LazyCompositeActor.java
All Done
2895 ms. Memory: 194560K Free: 143150K (74%)
----------------- Invoking toplevel() on ptolemy.moml.MoMLSimpleApplication@3928ff53
----------------- Done invoking toplevel() on ptolemy.moml.MoMLSimpleApplication@3928ff53
reloadAllAccessors: .ModularCodeGenLazyPubSub

===========================================================================================
----------------- testing Fri Jun 01 21:07:37 UTC 2018 /home/travis/build/icyphy/ptII/ptolemy/cg/lib/test/auto/ModularCodeGenLazyPubSubGlobal.xml
----------------- Instantiating /home/travis/build/icyphy/ptII/ptolemy/cg/lib/test/auto/ModularCodeGenLazyPubSubGlobal.xml
In "/home/travis/cg", about to execute:
    pwd
In "/home/travis/cg", about to execute:
    ls -l
/home/travis/cg
In "/home/travis/cg", about to execute:
    javac -classpath
.:/home/travis/build/icyphy/ptII:/home/travis/build/icyphy/ptII/lib/bsh-2.0b4.j
ar:/home/travis/build/icyphy/ptII/lib/ptCal.jar:/home/travis/build/icyphy/ptII/
lib/java_cup.jar:/home/travis/build/icyphy/ptII/lib/saxon8.jar:/home/travis/bui
ld/icyphy/ptII/lib/saxon8-dom.jar:/home/travis/build/icyphy/ptII/lib/chic.jar:/
home/travis/build/icyphy/ptII/lib/ptcolt.jar:/usr/lib/jvm/java-8-oracle/lib/too
ls.jar:/usr/lib/eclipse/plugins/org.eclipse.jdt.core_3.8.2.dist.jar:/usr/lib/ec
lipse/plugins/org.eclipse.core.runtime_3.8.0.dist.jar:/usr/lib/eclipse/plugins/
org.eclipse.osgi_3.8.1.dist.jar:/usr/lib/eclipse/plugins/org.eclipse.core.resou
rces_3.8.1.dist.jar:/usr/lib/eclipse/plugins/org.eclipse.equinox.common_3.6.100
.dist.jar:/usr/lib/eclipse/plugins/org.eclipse.core.jobs_3.5.200.dist.jar:/usr/
lib/eclipse/plugins/org.eclipse.core.contenttype_3.4.200.dist.jar:/usr/lib/ecli
pse/plugins/org.eclipse.equinox.preferences_3.5.0.dist.jar:/usr/lib/eclipse/plu
gins/org.eclipse.text_3.5.200.dist.jar:/usr/lib/eclipse/plugins/org.eclipse.ui.
workbench_3.8.1.dist.jar:/usr/lib/eclipse/plugins/org.eclipse.jface_3.8.0.dist.
jar:/usr/lib/eclipse/plugins/org.eclipse.swt_3.8.2.jar:/usr/lib/eclipse/plugins
/org.eclipse.jface.text_3.8.1.dist.jar:/usr/lib/eclipse/plugins/org.eclipse.ui.
workbench.texteditor_3.8.0.dist.jar:/usr/lib/eclipse/plugins/org.eclipse.ui.edi
tors_3.8.0.dist.jar:/usr/lib/eclipse/plugins/org.eclipse.core.commands_3.6.1.di
st.jar:/usr/lib/eclipse/plugins/org.eclipse.equinox.registry_3.5.200.dist.jar:/
usr/lib/eclipse/plugins/org.eclipse.ui.console_3.5.100.dist.jar:/usr/lib/eclips
e/plugins/org.eclipse.ui.forms_3.5.200.dist.jar:/usr/lib/eclipse/plugins/org.ec
lipse.ui.ide_3.8.1.dist.jar:/home/travis/build/icyphy/ptII/vendors/oracle/dbxml
.jar:/home/travis/build/icyphy/ptII/vendors/oracle/db.jar:/home/travis/build/ic
yphy/ptII/vendors/misc/itext/iText.jar:/home/travis/build/icyphy/ptII/lib/g4ltl
.jar:/home/travis/build/icyphy/ptII/lib/StructuralCoder.jar:/home/travis/build/
icyphy/ptII/lib/org-openide-util.jar:/home/travis/build/icyphy/ptII/lib/org-ope
nide-util-lookup.jar:/home/travis/build/icyphy/ptII/lib/org-netbeans-api-visual
.jar:/home/travis/build/icyphy/ptII/vendors/jai-1_1_2_01/lib/jai_core.jar:/home
/travis/build/icyphy/ptII/vendors/jai-1_1_2_01/lib/jai_codec.jar:/home/travis/b
uild/icyphy/ptII/lib/jcerti.jar:/home/travis/build/icyphy/ptII/lib/smack.jar:/h
ome/travis/build/icyphy/ptII/lib/smackx.jar:/home/travis/build/icyphy/ptII/lib/
jetty-all-8.1.5-v20120716.jar:/home/travis/build/icyphy/ptII/lib/javax.servlet-
api-3.0.1.jar:/home/travis/build/icyphy/ptII/lib/javax.mail.jar:/home/travis/bu
ild/icyphy/ptII/vendors/JMF-2.1.1e/lib/jmf.jar:/home/travis/build/icyphy/ptII/l
ib/jna-4.0.0-variadic.jar:/home/travis/build/icyphy/ptII/vendors/misc/joystick/
Joystick.jar:/home/travis/build/icyphy/ptII/lib/ptjacl.jar:/home/travis/build/i
cyphy/ptII/lib/jsoup-1.8.2.jar:/home/travis/build/icyphy/ptII/lib/junit-4.8.2.j
ar:/home/travis/build/icyphy/ptII/lib/JUnitParams-0.4.0.jar:/home/travis/build/
icyphy/ptII/ptolemy/actor/lib/excel/jxl.jar:/home/travis/build/icyphy/ptII/lib/
jython.jar:/home/travis/build/icyphy/ptII/lib/kieler.jar:/home/travis/build/icy
phy/ptII/vendors/opencv/share/OpenCV/java/opencv-341.jar:/home/travis/build/icy
phy/ptII/lib/oscP5.jar:/home/travis/build/icyphy/ptII/lib/nrjavaserial-3.11.0.d
evel.jar:/usr/share/java/j3dcore.jar:/usr/share/java/j3dutils.jar:/usr/share/ja
va/vecmath.jar:/home/travis/build/icyphy/ptII/ptolemy/distributed/jini/jar/jini
-core.jar:/home/travis/build/icyphy/ptII/ptolemy/distributed/jini/jar/jini-ext.
jar:/home/travis/build/icyphy/ptII/ptolemy/distributed/jini/jar/sun-util.jar:/h
ome/travis/build/icyphy/ptII/lib/protobuf-java-2.4.1.jar:/home/travis/build/icy
phy/ptII/lib/org.eclipse.paho.client.mqttv3.jar:/home/travis/build/icyphy/ptII/
ptserver/lib/hessian-4.0.7.jar:/home/travis/build/icyphy/ptII/ptserver/lib/wmqt
t.jar:/home/travis/build/icyphy/ptII/lib/mapss.jar:/home/travis/build/icyphy/pt
II/ptolemy/actor/ptalon/antlr/antlr.jar:/home/travis/build/icyphy/ptII/lib/JRI.
jar:/home/travis/build/icyphy/ptII/lib/commons-lang-2.6.jar:/home/travis/build/
icyphy/ptII/lib/commons-logging-1.1.1.jar:/home/travis/build/icyphy/ptII/lib/so
otclasses.jar:/home/travis/build/icyphy/ptII/ptolemy/actor/lib/database/mysql-c
onnector-java-5.1.6-bin.jar:/home/travis/build/icyphy/ptII/vendors/misc/sphinx4
/sphinx4-data-5prealpha.jar:/home/travis/build/icyphy/ptII/vendors/misc/sphinx4
/sphinx4-core-5prealpha.jar:/home/travis/build/icyphy/ptII/lib/PDFRenderer.jar:
/home/travis/build/icyphy/ptII/lib/svgSalamander.jar:/home/travis/build/icyphy/
ptII/lib/rsyntaxtextarea-2.6.0-SNAPSHOT.jar:/home/travis/build/icyphy/ptII/lib/
hazelcast-3.8.2.jar:/home/travis/build/icyphy/ptII/lib/jackson-annotations-2.9.
0.jar:/home/travis/build/icyphy/ptII/lib/jackson-core-2.9.3.jar:/home/travis/bu
ild/icyphy/ptII/lib/jackson-databind-2.9.3.jar:/home/travis/build/icyphy/ptII/l
ib/netty-buffer-4.1.19.Final.jar:/home/travis/build/icyphy/ptII/lib/netty-codec
-4.1.19.Final.jar:/home/travis/build/icyphy/ptII/lib/netty-codec-dns-4.1.19.Fin
al.jar:/home/travis/build/icyphy/ptII/lib/netty-codec-http-4.1.19.Final.jar:/ho
me/travis/build/icyphy/ptII/lib/netty-codec-http2-4.1.19.Final.jar:/home/travis
/build/icyphy/ptII/lib/netty-common-4.1.19.Final.jar:/home/travis/build/icyphy/
ptII/lib/netty-handler-4.1.19.Final.jar:/home/travis/build/icyphy/ptII/lib/nett
y-resolver-4.1.19.Final.jar:/home/travis/build/icyphy/ptII/lib/netty-resolver-d
ns-4.1.19.Final.jar:/home/travis/build/icyphy/ptII/lib/netty-transport-4.1.19.F
inal.jar:/home/travis/build/icyphy/ptII/lib/vertx-codegen-3.5.1.jar:/home/travi
s/build/icyphy/ptII/lib/vertx-core-3.5.2-SNAPSHOT.jar:/home/travis/build/icyphy
/ptII/lib/vertx-hazelcast-3.5.1.jar:/home/travis/build/icyphy/ptII/lib/vertx-la
ng-js-3.5.1.jar:/home/travis/build/icyphy/ptII/lib/vertx-service-proxy-3.5.1.ja
r:/home/travis/build/icyphy/ptII/lib/vertx-web-3.5.1.jar:/home/travis/build/icy
phy/ptII/lib/slf4j-api-1.7.13.jar:/home/travis/build/icyphy/ptII/lib/slf4j-simp
le-1.7.13.jar:/home/travis/build/icyphy/ptII/lib/webcam-capture-0.3.12.jar:/hom
e/travis/build/icyphy/ptII/lib/bridj-0.7.0.jar:/home/travis/build/icyphy/ptII/l
ib/xbjlib-1.1.0.nrjavaserial.jar:/home/travis/build/icyphy/ptII/ptolemy/moml/te
st:/home/travis/build/icyphy/ptII/ant/lib/ant-launcher.jar:/home/travis/build/i
cyphy/ptII/ant/lib/ant.jar:/home/travis/build/icyphy/ptII/ant/lib/ant-junit.jar
:/home/travis/build/icyphy/ptII/ant/lib/ant-junit4.jar:/home/travis/build/icyph
y/ptII
ModularCodeGenLazyPubSubGlobal_CompositeActor_ModularCodeGenTypedComposite_prof
ile.java
total 1144
-rw-rw-r-- 1 travis travis  4895 Jun  1 21:06 CompiledCompositeActor_CompiledCompositeActor.class
-rw-rw-r-- 1 travis travis  1592 Jun  1 21:06 CompiledCompositeActor_CompiledCompositeActor$_CompiledCompositeActor_CompiledCompositeActor.class
-rw-rw-r-- 1 travis travis 13466 Jun  1 21:06 CompiledCompositeActor_CompiledCompositeActor.java
-rw-rw-r-- 1 travis travis  1593 Jun  1 21:06 CompiledCompositeActor_CompiledCompositeActor.mk
-rw-rw-r-- 1 travis travis  4457 Jun  1 21:06 JavaCompiledCompositeTest1_CompiledCompositeActor.class
-rw-rw-r-- 1 travis travis 11637 Jun  1 21:06 JavaCompiledCompositeTest1_CompiledCompositeActor.java
-rw-rw-r-- 1 travis travis  1198 Jun  1 21:06 JavaCompiledCompositeTest1_CompiledCompositeActor$_JavaCompiledCompositeTest1_CompiledCompositeActor.class
-rw-rw-r-- 1 travis travis  1625 Jun  1 21:06 JavaCompiledCompositeTest1_CompiledCompositeActor.mk
-rw-rw-r-- 1 travis travis  4888 Jun  1 21:06 JavaCompiledCompositeTest2_CompiledCompositeActor.class
-rw-rw-r-- 1 travis travis 14919 Jun  1 21:06 JavaCompiledCompositeTest2_CompiledCompositeActor.java
-rw-rw-r-- 1 travis travis  1793 Jun  1 21:06 JavaCompiledCompositeTest2_CompiledCompositeActor$_JavaCompiledCompositeTest2_CompiledCompositeActor.class
-rw-rw-r-- 1 travis travis  1625 Jun  1 21:06 JavaCompiledCompositeTest2_CompiledCompositeActor.mk
-rw-rw-r-- 1 travis travis  4505 Jun  1 21:06 JavaCompiledCompositeTest3_CompiledCompositeActor.class
-rw-rw-r-- 1 travis travis 13080 Jun  1 21:06 JavaCompiledCompositeTest3_CompiledCompositeActor.java
-rw-rw-r-- 1 travis travis  1378 Jun  1 21:06 JavaCompiledCompositeTest3_CompiledCompositeActor$_JavaCompiledCompositeTest3_CompiledCompositeActor.class
-rw-rw-r-- 1 travis travis  1625 Jun  1 21:06 JavaCompiledCompositeTest3_CompiledCompositeActor.mk
-rw-rw-r-- 1 travis travis  3953 Jun  1 21:06 JavaCompiledCompositeTest4_CompiledCompositeActor.class
-rw-rw-r-- 1 travis travis  9687 Jun  1 21:06 JavaCompiledCompositeTest4_CompiledCompositeActor.java
-rw-rw-r-- 1 travis travis   857 Jun  1 21:06 JavaCompiledCompositeTest4_CompiledCompositeActor$_JavaCompiledCompositeTest4_CompiledCompositeActor.class
-rw-rw-r-- 1 travis travis  1625 Jun  1 21:06 JavaCompiledCompositeTest4_CompiledCompositeActor.mk
-rw-rw-r-- 1 travis travis  3693 Jun  1 21:06 ModularCG_A1_B1.class
-rw-rw-r-- 1 travis travis  9730 Jun  1 21:06 ModularCG_A1_B1.java
-rw-rw-r-- 1 travis travis   832 Jun  1 21:06 ModularCG_A1_B1.mk
-rw-rw-r-- 1 travis travis  1318 Jun  1 21:06 ModularCG_A1_B1_profile.class
-rw-rw-r-- 1 travis travis  1262 Jun  1 21:06 ModularCG_A1_B1_profile.java
-rw-rw-r-- 1 travis travis  3693 Jun  1 21:06 ModularCG_A1_B2.class
-rw-rw-r-- 1 travis travis  9730 Jun  1 21:06 ModularCG_A1_B2.java
-rw-rw-r-- 1 travis travis   832 Jun  1 21:06 ModularCG_A1_B2.mk
-rw-rw-r-- 1 travis travis  1318 Jun  1 21:06 ModularCG_A1_B2_profile.class
-rw-rw-r-- 1 travis travis  1262 Jun  1 21:06 ModularCG_A1_B2_profile.java
-rw-rw-r-- 1 travis travis  4799 Jun  1 21:06 ModularCG_A1.class
-rw-rw-r-- 1 travis travis 14742 Jun  1 21:06 ModularCG_A1.java
-rw-rw-r-- 1 travis travis   808 Jun  1 21:06 ModularCG_A1.mk
-rw-rw-r-- 1 travis travis  1433 Jun  1 21:06 ModularCG_A1_profile.class
-rw-rw-r-- 1 travis travis  1704 Jun  1 21:06 ModularCG_A1_profile.java
-rw-rw-r-- 1 travis travis  3827 Jun  1 21:06 ModularCG_A2_B1.class
-rw-rw-r-- 1 travis travis 10667 Jun  1 21:06 ModularCG_A2_B1.java
-rw-rw-r-- 1 travis travis   832 Jun  1 21:06 ModularCG_A2_B1.mk
-rw-rw-r-- 1 travis travis  1381 Jun  1 21:06 ModularCG_A2_B1_profile.class
-rw-rw-r-- 1 travis travis  1446 Jun  1 21:06 ModularCG_A2_B1_profile.java
-rw-rw-r-- 1 travis travis  3693 Jun  1 21:06 ModularCG_A2_B2.class
-rw-rw-r-- 1 travis travis  9730 Jun  1 21:06 ModularCG_A2_B2.java
-rw-rw-r-- 1 travis travis   832 Jun  1 21:06 ModularCG_A2_B2.mk
-rw-rw-r-- 1 travis travis  1318 Jun  1 21:06 ModularCG_A2_B2_profile.class
-rw-rw-r-- 1 travis travis  1262 Jun  1 21:06 ModularCG_A2_B2_profile.java
-rw-rw-r-- 1 travis travis  4870 Jun  1 21:06 ModularCG_A2.class
-rw-rw-r-- 1 travis travis 15129 Jun  1 21:06 ModularCG_A2.java
-rw-rw-r-- 1 travis travis   808 Jun  1 21:06 ModularCG_A2.mk
-rw-rw-r-- 1 travis travis  1433 Jun  1 21:06 ModularCG_A2_profile.class
-rw-rw-r-- 1 travis travis  1704 Jun  1 21:06 ModularCG_A2_profile.java
-rw-rw-r-- 1 travis travis  3473 Jun  1 21:06 ModularCGPubSub_A1_A2.class
-rw-rw-r-- 1 travis travis  9076 Jun  1 21:06 ModularCGPubSub_A1_A2.java
-rw-rw-r-- 1 travis travis   880 Jun  1 21:06 ModularCGPubSub_A1_A2.mk
-rw-rw-r-- 1 travis travis  1300 Jun  1 21:06 ModularCGPubSub_A1_A2_profile.class
-rw-rw-r-- 1 travis travis  1222 Jun  1 21:06 ModularCGPubSub_A1_A2_profile.java
-rw-rw-r-- 1 travis travis  3790 Jun  1 21:06 ModularCGPubSub_A1.class
-rw-rw-r-- 1 travis travis  9836 Jun  1 21:06 ModularCGPubSub_A1.java
-rw-rw-r-- 1 travis travis   856 Jun  1 21:06 ModularCGPubSub_A1.mk
-rw-rw-r-- 1 travis travis  1346 Jun  1 21:06 ModularCGPubSub_A1_profile.class
-rw-rw-r-- 1 travis travis  1388 Jun  1 21:06 ModularCGPubSub_A1_profile.java
-rw-rw-r-- 1 travis travis  3988 Jun  1 21:06 ModularCodeGen2_ModularCodeGenTypedCompositeActor.class
-rw-rw-r-- 1 travis travis 11690 Jun  1 21:06 ModularCodeGen2_ModularCodeGenTypedCompositeActor.java
-rw-rw-r-- 1 travis travis  1104 Jun  1 21:06 ModularCodeGen2_ModularCodeGenTypedCompositeActor.mk
-rw-rw-r-- 1 travis travis  4272 Jun  1 21:06 ModularCodeGen2_ModularCodeGenTypedCompositeActor_ModularCodeGenTypedCompositeActor.class
-rw-rw-r-- 1 travis travis 11790 Jun  1 21:06 ModularCodeGen2_ModularCodeGenTypedCompositeActor_ModularCodeGenTypedCompositeActor.java
-rw-rw-r-- 1 travis travis  1376 Jun  1 21:06 ModularCodeGen2_ModularCodeGenTypedCompositeActor_ModularCodeGenTypedCompositeActor.mk
-rw-rw-r-- 1 travis travis  1421 Jun  1 21:06 ModularCodeGen2_ModularCodeGenTypedCompositeActor_ModularCodeGenTypedCompositeActor_profile.class
-rw-rw-r-- 1 travis travis  1294 Jun  1 21:06 ModularCodeGen2_ModularCodeGenTypedCompositeActor_ModularCodeGenTypedCompositeActor_profile.java
-rw-rw-r-- 1 travis travis   820 Jun  1 21:06 ModularCodeGen2_ModularCodeGenTypedCompositeActor_profile.class
-rw-rw-r-- 1 travis travis   693 Jun  1 21:06 ModularCodeGen2_ModularCodeGenTypedCompositeActor_profile.java
-rw-rw-r-- 1 travis travis  3741 Jun  1 21:06 ModularCodeGen3_A1_B1.class
-rw-rw-r-- 1 travis travis  9958 Jun  1 21:06 ModularCodeGen3_A1_B1.java
-rw-rw-r-- 1 travis travis   880 Jun  1 21:06 ModularCodeGen3_A1_B1.mk
-rw-rw-r-- 1 travis travis  1330 Jun  1 21:06 ModularCodeGen3_A1_B1_profile.class
-rw-rw-r-- 1 travis travis  1274 Jun  1 21:06 ModularCodeGen3_A1_B1_profile.java
-rw-rw-r-- 1 travis travis  3741 Jun  1 21:06 ModularCodeGen3_A1_B2.class
-rw-rw-r-- 1 travis travis  9958 Jun  1 21:06 ModularCodeGen3_A1_B2.java
-rw-rw-r-- 1 travis travis   880 Jun  1 21:06 ModularCodeGen3_A1_B2.mk
-rw-rw-r-- 1 travis travis  1330 Jun  1 21:06 ModularCodeGen3_A1_B2_profile.class
-rw-rw-r-- 1 travis travis  1274 Jun  1 21:06 ModularCodeGen3_A1_B2_profile.java
-rw-rw-r-- 1 travis travis  4961 Jun  1 21:07 ModularCodeGen3_A1.class
-rw-rw-r-- 1 travis travis 15564 Jun  1 21:06 ModularCodeGen3_A1.java
-rw-rw-r-- 1 travis travis   856 Jun  1 21:06 ModularCodeGen3_A1.mk
-rw-rw-r-- 1 travis travis  1445 Jun  1 21:06 ModularCodeGen3_A1_profile.class
-rw-rw-r-- 1 travis travis  1716 Jun  1 21:06 ModularCodeGen3_A1_profile.java
-rw-rw-r-- 1 travis travis  3887 Jun  1 21:07 ModularCodeGen3_A2_B1.class
-rw-rw-r-- 1 travis travis 10955 Jun  1 21:07 ModularCodeGen3_A2_B1.java
-rw-rw-r-- 1 travis travis   880 Jun  1 21:07 ModularCodeGen3_A2_B1.mk
-rw-rw-r-- 1 travis travis  1393 Jun  1 21:07 ModularCodeGen3_A2_B1_profile.class
-rw-rw-r-- 1 travis travis  1458 Jun  1 21:07 ModularCodeGen3_A2_B1_profile.java
-rw-rw-r-- 1 travis travis  3741 Jun  1 21:07 ModularCodeGen3_A2_B2.class
-rw-rw-r-- 1 travis travis  9958 Jun  1 21:07 ModularCodeGen3_A2_B2.java
-rw-rw-r-- 1 travis travis   880 Jun  1 21:07 ModularCodeGen3_A2_B2.mk
-rw-rw-r-- 1 travis travis  1330 Jun  1 21:07 ModularCodeGen3_A2_B2_profile.class
-rw-rw-r-- 1 travis travis  1274 Jun  1 21:07 ModularCodeGen3_A2_B2_profile.java
-rw-rw-r-- 1 travis travis  5038 Jun  1 21:07 ModularCodeGen3_A2.class
-rw-rw-r-- 1 travis travis 15957 Jun  1 21:07 ModularCodeGen3_A2.java
-rw-rw-r-- 1 travis travis   856 Jun  1 21:07 ModularCodeGen3_A2.mk
-rw-rw-r-- 1 travis travis  1445 Jun  1 21:07 ModularCodeGen3_A2_profile.class
-rw-rw-r-- 1 travis travis  1716 Jun  1 21:07 ModularCodeGen3_A2_profile.java
-rw-rw-r-- 1 travis travis  3794 Jun  1 21:07 ModularCodeGen4_A1_B1.class
-rw-rw-r-- 1 travis travis 10312 Jun  1 21:07 ModularCodeGen4_A1_B1.java
-rw-rw-r-- 1 travis travis   880 Jun  1 21:07 ModularCodeGen4_A1_B1.mk
-rw-rw-r-- 1 travis travis  1330 Jun  1 21:07 ModularCodeGen4_A1_B1_profile.class
-rw-rw-r-- 1 travis travis  1273 Jun  1 21:07 ModularCodeGen4_A1_B1_profile.java
-rw-rw-r-- 1 travis travis  3794 Jun  1 21:07 ModularCodeGen4_A1_B2.class
-rw-rw-r-- 1 travis travis 10312 Jun  1 21:07 ModularCodeGen4_A1_B2.java
-rw-rw-r-- 1 travis travis   880 Jun  1 21:07 ModularCodeGen4_A1_B2.mk
-rw-rw-r-- 1 travis travis  1330 Jun  1 21:07 ModularCodeGen4_A1_B2_profile.class
-rw-rw-r-- 1 travis travis  1273 Jun  1 21:07 ModularCodeGen4_A1_B2_profile.java
-rw-rw-r-- 1 travis travis  5101 Jun  1 21:07 ModularCodeGen4_A1.class
-rw-rw-r-- 1 travis travis 16245 Jun  1 21:07 ModularCodeGen4_A1.java
-rw-rw-r-- 1 travis travis   856 Jun  1 21:07 ModularCodeGen4_A1.mk
-rw-rw-r-- 1 travis travis  1445 Jun  1 21:07 ModularCodeGen4_A1_profile.class
-rw-rw-r-- 1 travis travis  1712 Jun  1 21:07 ModularCodeGen4_A1_profile.java
-rw-rw-r-- 1 travis travis  3988 Jun  1 21:07 ModularCodeGen4_A2_B1.class
-rw-rw-r-- 1 travis travis 11375 Jun  1 21:07 ModularCodeGen4_A2_B1.java
-rw-rw-r-- 1 travis travis   880 Jun  1 21:07 ModularCodeGen4_A2_B1.mk
-rw-rw-r-- 1 travis travis  1393 Jun  1 21:07 ModularCodeGen4_A2_B1_profile.class
-rw-rw-r-- 1 travis travis  1454 Jun  1 21:07 ModularCodeGen4_A2_B1_profile.java
-rw-rw-r-- 1 travis travis  3842 Jun  1 21:07 ModularCodeGen4_A2_B2.class
-rw-rw-r-- 1 travis travis 10378 Jun  1 21:07 ModularCodeGen4_A2_B2.java
-rw-rw-r-- 1 travis travis   880 Jun  1 21:07 ModularCodeGen4_A2_B2.mk
-rw-rw-r-- 1 travis travis  1330 Jun  1 21:07 ModularCodeGen4_A2_B2_profile.class
-rw-rw-r-- 1 travis travis  1270 Jun  1 21:07 ModularCodeGen4_A2_B2_profile.java
-rw-rw-r-- 1 travis travis  5274 Jun  1 21:07 ModularCodeGen4_A2.class
-rw-rw-r-- 1 travis travis 16770 Jun  1 21:07 ModularCodeGen4_A2.java
-rw-rw-r-- 1 travis travis   856 Jun  1 21:07 ModularCodeGen4_A2.mk
-rw-rw-r-- 1 travis travis  1445 Jun  1 21:07 ModularCodeGen4_A2_profile.class
-rw-rw-r-- 1 travis travis  1712 Jun  1 21:07 ModularCodeGen4_A2_profile.java
-rw-rw-r-- 1 travis travis  6838 Jun  1 21:07 ModularCodeGen5_A_A.class
-rw-rw-r-- 1 travis travis 28721 Jun  1 21:07 ModularCodeGen5_A_A.java
-rw-rw-r-- 1 travis travis   864 Jun  1 21:07 ModularCodeGen5_A_A.mk
-rw-rw-r-- 1 travis travis  1520 Jun  1 21:07 ModularCodeGen5_A_A_profile.class
-rw-rw-r-- 1 travis travis  1815 Jun  1 21:07 ModularCodeGen5_A_A_profile.java
-rw-rw-r-- 1 travis travis  5115 Jun  1 21:07 ModularCodeGen5_A.class
-rw-rw-r-- 1 travis travis 13769 Jun  1 21:07 ModularCodeGen5_A.java
-rw-rw-r-- 1 travis travis   848 Jun  1 21:07 ModularCodeGen5_A.mk
-rw-rw-r-- 1 travis travis  1422 Jun  1 21:07 ModularCodeGen5_A_profile.class
-rw-rw-r-- 1 travis travis  1605 Jun  1 21:07 ModularCodeGen5_A_profile.java
-rw-rw-r-- 1 travis travis  4125 Jun  1 21:07 ModularCodeGen6_A_A2.class
-rw-rw-r-- 1 travis travis 11329 Jun  1 21:07 ModularCodeGen6_A_A2.java
-rw-rw-r-- 1 travis travis   872 Jun  1 21:07 ModularCodeGen6_A_A2.mk
-rw-rw-r-- 1 travis travis  1351 Jun  1 21:07 ModularCodeGen6_A_A2_profile.class
-rw-rw-r-- 1 travis travis  1364 Jun  1 21:07 ModularCodeGen6_A_A2_profile.java
-rw-rw-r-- 1 travis travis  4108 Jun  1 21:07 ModularCodeGen6_A_A.class
-rw-rw-r-- 1 travis travis 11221 Jun  1 21:07 ModularCodeGen6_A_A.java
-rw-rw-r-- 1 travis travis   864 Jun  1 21:07 ModularCodeGen6_A_A.mk
-rw-rw-r-- 1 travis travis  1348 Jun  1 21:07 ModularCodeGen6_A_A_profile.class
-rw-rw-r-- 1 travis travis  1361 Jun  1 21:07 ModularCodeGen6_A_A_profile.java
-rw-rw-r-- 1 travis travis  7237 Jun  1 21:07 ModularCodeGen6_A.class
-rw-rw-r-- 1 travis travis 26535 Jun  1 21:07 ModularCodeGen6_A.java
-rw-rw-r-- 1 travis travis   848 Jun  1 21:07 ModularCodeGen6_A.mk
-rw-rw-r-- 1 travis travis  1483 Jun  1 21:07 ModularCodeGen6_A_profile.class
-rw-rw-r-- 1 travis travis  1810 Jun  1 21:07 ModularCodeGen6_A_profile.java
-rw-rw-r-- 1 travis travis  1384 Jun  1 21:07 ModularCodeGenLazyPubSubGlobal_CompositeActor_ModularCodeGenTypedComposite_profile.java
-rw-rw-r-- 1 travis travis  3952 Jun  1 21:07 ModularCodeGenLazyPubSub_LazyCompositeActor.class
-rw-rw-r-- 1 travis travis 11122 Jun  1 21:07 ModularCodeGenLazyPubSub_LazyCompositeActor.java
-rw-rw-r-- 1 travis travis  1056 Jun  1 21:07 ModularCodeGenLazyPubSub_LazyCompositeActor.mk
-rw-rw-r-- 1 travis travis  1286 Jun  1 21:07 ModularCodeGenLazyPubSub_LazyCompositeActor_profile.class
-rw-rw-r-- 1 travis travis  1091 Jun  1 21:07 ModularCodeGenLazyPubSub_LazyCompositeActor_profile.java
-rw-rw-r-- 1 travis travis  3954 Jun  1 21:06 ModularCodeGen_ModularCodeGenTypedCompositeActor.class
-rw-rw-r-- 1 travis travis 10970 Jun  1 21:06 ModularCodeGen_ModularCodeGenTypedCompositeActor.java
-rw-rw-r-- 1 travis travis  1096 Jun  1 21:06 ModularCodeGen_ModularCodeGenTypedCompositeActor.mk
-rw-rw-r-- 1 travis travis  1384 Jun  1 21:06 ModularCodeGen_ModularCodeGenTypedCompositeActor_profile.class
-rw-rw-r-- 1 travis travis  1328 Jun  1 21:06 ModularCodeGen_ModularCodeGenTypedCompositeActor_profile.java
-rw-rw-r-- 1 travis travis  3492 Jun  1 21:06 ModularCodeGenTest_A1_A2.class
-rw-rw-r-- 1 travis travis  9164 Jun  1 21:06 ModularCodeGenTest_A1_A2.java
-rw-rw-r-- 1 travis travis   904 Jun  1 21:06 ModularCodeGenTest_A1_A2.mk
-rw-rw-r-- 1 travis travis  1306 Jun  1 21:06 ModularCodeGenTest_A1_A2_profile.class
-rw-rw-r-- 1 travis travis  1228 Jun  1 21:06 ModularCodeGenTest_A1_A2_profile.java
-rw-rw-r-- 1 travis travis  3823 Jun  1 21:06 ModularCodeGenTest_A1.class
-rw-rw-r-- 1 travis travis  9968 Jun  1 21:06 ModularCodeGenTest_A1.java
-rw-rw-r-- 1 travis travis   880 Jun  1 21:06 ModularCodeGenTest_A1.mk
-rw-rw-r-- 1 travis travis  1352 Jun  1 21:06 ModularCodeGenTest_A1_profile.class
-rw-rw-r-- 1 travis travis  1394 Jun  1 21:06 ModularCodeGenTest_A1_profile.java
-rw-rw-r-- 1 travis travis   432 Jun  1 21:07 Token.class
-rw-rw-r-- 1 travis travis   251 Jun  1 21:07 Token.java
warning: Supported source version 'RELEASE_6' from annotation processor 'org.netbeans.modules.openide.util.NbBundleProcessor' less than -source '1.8'
warning: Supported source version 'RELEASE_6' from annotation processor 'org.netbeans.modules.openide.util.URLStreamHandlerRegistrationProcessor' less than -source '1.8'
warning: Supported source version 'RELEASE_6' from annotation processor 'org.netbeans.modules.openide.util.ServiceProviderProcessor' less than -source '1.8'
3 warnings
All Done
Writing ModularCodeGenLazyPubSubGlobal_CompositeActor_ModularCodeGenTypedComposite.java in file:/home/travis/cg/ (30161 characters)
Reading "ptolemy/cg/kernel/generic/program/procedural/java/modular/makefile.in",
    writing "/home/travis/cg/ModularCodeGenLazyPubSubGlobal_CompositeActor_ModularCodeGenTypedComposite.mk"
Using ptolemy/cg/kernel/generic/program/procedural/java/modular/makefile.in
In "/home/travis/cg", about to execute:
    make -f
ModularCodeGenLazyPubSubGlobal_CompositeActor_ModularCodeGenTypedComposite.mk
javac -classpath ".:.."    ModularCodeGenLazyPubSubGlobal_CompositeActor_ModularCodeGenTypedComposite.java
All Done
2535 ms. Memory: 189952K Free: 161143K (85%)
----------------- Invoking toplevel() on ptolemy.moml.MoMLSimpleApplication@2a98a9a9
----------------- Done invoking toplevel() on ptolemy.moml.MoMLSimpleApplication@2a98a9a9
reloadAllAccessors: .ModularCodeGenLazyPubSubGlobal

===========================================================================================
----------------- testing Fri Jun 01 21:07:39 UTC 2018 /home/travis/build/icyphy/ptII/ptolemy/cg/lib/test/auto/ModularCodeGenPubSub1.xml
----------------- Instantiating /home/travis/build/icyphy/ptII/ptolemy/cg/lib/test/auto/ModularCodeGenPubSub1.xml
In "/home/travis/cg", about to execute:
    pwd
In "/home/travis/cg", about to execute:
    ls -l
/home/travis/cg
In "/home/travis/cg", about to execute:
    javac -classpath
.:/home/travis/build/icyphy/ptII:/home/travis/build/icyphy/ptII/lib/bsh-2.0b4.j
ar:/home/travis/build/icyphy/ptII/lib/ptCal.jar:/home/travis/build/icyphy/ptII/
lib/java_cup.jar:/home/travis/build/icyphy/ptII/lib/saxon8.jar:/home/travis/bui
ld/icyphy/ptII/lib/saxon8-dom.jar:/home/travis/build/icyphy/ptII/lib/chic.jar:/
home/travis/build/icyphy/ptII/lib/ptcolt.jar:/usr/lib/jvm/java-8-oracle/lib/too
ls.jar:/usr/lib/eclipse/plugins/org.eclipse.jdt.core_3.8.2.dist.jar:/usr/lib/ec
lipse/plugins/org.eclipse.core.runtime_3.8.0.dist.jar:/usr/lib/eclipse/plugins/
org.eclipse.osgi_3.8.1.dist.jar:/usr/lib/eclipse/plugins/org.eclipse.core.resou
rces_3.8.1.dist.jar:/usr/lib/eclipse/plugins/org.eclipse.equinox.common_3.6.100
.dist.jar:/usr/lib/eclipse/plugins/org.eclipse.core.jobs_3.5.200.dist.jar:/usr/
lib/eclipse/plugins/org.eclipse.core.contenttype_3.4.200.dist.jar:/usr/lib/ecli
pse/plugins/org.eclipse.equinox.preferences_3.5.0.dist.jar:/usr/lib/eclipse/plu
gins/org.eclipse.text_3.5.200.dist.jar:/usr/lib/eclipse/plugins/org.eclipse.ui.
workbench_3.8.1.dist.jar:/usr/lib/eclipse/plugins/org.eclipse.jface_3.8.0.dist.
jar:/usr/lib/eclipse/plugins/org.eclipse.swt_3.8.2.jar:/usr/lib/eclipse/plugins
/org.eclipse.jface.text_3.8.1.dist.jar:/usr/lib/eclipse/plugins/org.eclipse.ui.
workbench.texteditor_3.8.0.dist.jar:/usr/lib/eclipse/plugins/org.eclipse.ui.edi
tors_3.8.0.dist.jar:/usr/lib/eclipse/plugins/org.eclipse.core.commands_3.6.1.di
st.jar:/usr/lib/eclipse/plugins/org.eclipse.equinox.registry_3.5.200.dist.jar:/
usr/lib/eclipse/plugins/org.eclipse.ui.console_3.5.100.dist.jar:/usr/lib/eclips
e/plugins/org.eclipse.ui.forms_3.5.200.dist.jar:/usr/lib/eclipse/plugins/org.ec
lipse.ui.ide_3.8.1.dist.jar:/home/travis/build/icyphy/ptII/vendors/oracle/dbxml
.jar:/home/travis/build/icyphy/ptII/vendors/oracle/db.jar:/home/travis/build/ic
yphy/ptII/vendors/misc/itext/iText.jar:/home/travis/build/icyphy/ptII/lib/g4ltl
.jar:/home/travis/build/icyphy/ptII/lib/StructuralCoder.jar:/home/travis/build/
icyphy/ptII/lib/org-openide-util.jar:/home/travis/build/icyphy/ptII/lib/org-ope
nide-util-lookup.jar:/home/travis/build/icyphy/ptII/lib/org-netbeans-api-visual
.jar:/home/travis/build/icyphy/ptII/vendors/jai-1_1_2_01/lib/jai_core.jar:/home
/travis/build/icyphy/ptII/vendors/jai-1_1_2_01/lib/jai_codec.jar:/home/travis/b
uild/icyphy/ptII/lib/jcerti.jar:/home/travis/build/icyphy/ptII/lib/smack.jar:/h
ome/travis/build/icyphy/ptII/lib/smackx.jar:/home/travis/build/icyphy/ptII/lib/
jetty-all-8.1.5-v20120716.jar:/home/travis/build/icyphy/ptII/lib/javax.servlet-
api-3.0.1.jar:/home/travis/build/icyphy/ptII/lib/javax.mail.jar:/home/travis/bu
ild/icyphy/ptII/vendors/JMF-2.1.1e/lib/jmf.jar:/home/travis/build/icyphy/ptII/l
ib/jna-4.0.0-variadic.jar:/home/travis/build/icyphy/ptII/vendors/misc/joystick/
Joystick.jar:/home/travis/build/icyphy/ptII/lib/ptjacl.jar:/home/travis/build/i
cyphy/ptII/lib/jsoup-1.8.2.jar:/home/travis/build/icyphy/ptII/lib/junit-4.8.2.j
ar:/home/travis/build/icyphy/ptII/lib/JUnitParams-0.4.0.jar:/home/travis/build/
icyphy/ptII/ptolemy/actor/lib/excel/jxl.jar:/home/travis/build/icyphy/ptII/lib/
jython.jar:/home/travis/build/icyphy/ptII/lib/kieler.jar:/home/travis/build/icy
phy/ptII/vendors/opencv/share/OpenCV/java/opencv-341.jar:/home/travis/build/icy
phy/ptII/lib/oscP5.jar:/home/travis/build/icyphy/ptII/lib/nrjavaserial-3.11.0.d
evel.jar:/usr/share/java/j3dcore.jar:/usr/share/java/j3dutils.jar:/usr/share/ja
va/vecmath.jar:/home/travis/build/icyphy/ptII/ptolemy/distributed/jini/jar/jini
-core.jar:/home/travis/build/icyphy/ptII/ptolemy/distributed/jini/jar/jini-ext.
jar:/home/travis/build/icyphy/ptII/ptolemy/distributed/jini/jar/sun-util.jar:/h
ome/travis/build/icyphy/ptII/lib/protobuf-java-2.4.1.jar:/home/travis/build/icy
phy/ptII/lib/org.eclipse.paho.client.mqttv3.jar:/home/travis/build/icyphy/ptII/
ptserver/lib/hessian-4.0.7.jar:/home/travis/build/icyphy/ptII/ptserver/lib/wmqt
t.jar:/home/travis/build/icyphy/ptII/lib/mapss.jar:/home/travis/build/icyphy/pt
II/ptolemy/actor/ptalon/antlr/antlr.jar:/home/travis/build/icyphy/ptII/lib/JRI.
jar:/home/travis/build/icyphy/ptII/lib/commons-lang-2.6.jar:/home/travis/build/
icyphy/ptII/lib/commons-logging-1.1.1.jar:/home/travis/build/icyphy/ptII/lib/so
otclasses.jar:/home/travis/build/icyphy/ptII/ptolemy/actor/lib/database/mysql-c
onnector-java-5.1.6-bin.jar:/home/travis/build/icyphy/ptII/vendors/misc/sphinx4
/sphinx4-data-5prealpha.jar:/home/travis/build/icyphy/ptII/vendors/misc/sphinx4
/sphinx4-core-5prealpha.jar:/home/travis/build/icyphy/ptII/lib/PDFRenderer.jar:
/home/travis/build/icyphy/ptII/lib/svgSalamander.jar:/home/travis/build/icyphy/
ptII/lib/rsyntaxtextarea-2.6.0-SNAPSHOT.jar:/home/travis/build/icyphy/ptII/lib/
hazelcast-3.8.2.jar:/home/travis/build/icyphy/ptII/lib/jackson-annotations-2.9.
0.jar:/home/travis/build/icyphy/ptII/lib/jackson-core-2.9.3.jar:/home/travis/bu
ild/icyphy/ptII/lib/jackson-databind-2.9.3.jar:/home/travis/build/icyphy/ptII/l
ib/netty-buffer-4.1.19.Final.jar:/home/travis/build/icyphy/ptII/lib/netty-codec
-4.1.19.Final.jar:/home/travis/build/icyphy/ptII/lib/netty-codec-dns-4.1.19.Fin
al.jar:/home/travis/build/icyphy/ptII/lib/netty-codec-http-4.1.19.Final.jar:/ho
me/travis/build/icyphy/ptII/lib/netty-codec-http2-4.1.19.Final.jar:/home/travis
/build/icyphy/ptII/lib/netty-common-4.1.19.Final.jar:/home/travis/build/icyphy/
ptII/lib/netty-handler-4.1.19.Final.jar:/home/travis/build/icyphy/ptII/lib/nett
y-resolver-4.1.19.Final.jar:/home/travis/build/icyphy/ptII/lib/netty-resolver-d
ns-4.1.19.Final.jar:/home/travis/build/icyphy/ptII/lib/netty-transport-4.1.19.F
inal.jar:/home/travis/build/icyphy/ptII/lib/vertx-codegen-3.5.1.jar:/home/travi
s/build/icyphy/ptII/lib/vertx-core-3.5.2-SNAPSHOT.jar:/home/travis/build/icyphy
/ptII/lib/vertx-hazelcast-3.5.1.jar:/home/travis/build/icyphy/ptII/lib/vertx-la
ng-js-3.5.1.jar:/home/travis/build/icyphy/ptII/lib/vertx-service-proxy-3.5.1.ja
r:/home/travis/build/icyphy/ptII/lib/vertx-web-3.5.1.jar:/home/travis/build/icy
phy/ptII/lib/slf4j-api-1.7.13.jar:/home/travis/build/icyphy/ptII/lib/slf4j-simp
le-1.7.13.jar:/home/travis/build/icyphy/ptII/lib/webcam-capture-0.3.12.jar:/hom
e/travis/build/icyphy/ptII/lib/bridj-0.7.0.jar:/home/travis/build/icyphy/ptII/l
ib/xbjlib-1.1.0.nrjavaserial.jar:/home/travis/build/icyphy/ptII/ptolemy/moml/te
st:/home/travis/build/icyphy/ptII/ant/lib/ant-launcher.jar:/home/travis/build/i
cyphy/ptII/ant/lib/ant.jar:/home/travis/build/icyphy/ptII/ant/lib/ant-junit.jar
:/home/travis/build/icyphy/ptII/ant/lib/ant-junit4.jar:/home/travis/build/icyph
y/ptII ModularCodeGenPubSub_A1_profile.java
total 1208
-rw-rw-r-- 1 travis travis   233 Jun  1 21:07 Array.class
-rw-rw-r-- 1 travis travis   459 Jun  1 21:07 Array.java
-rw-rw-r-- 1 travis travis  4895 Jun  1 21:06 CompiledCompositeActor_CompiledCompositeActor.class
-rw-rw-r-- 1 travis travis  1592 Jun  1 21:06 CompiledCompositeActor_CompiledCompositeActor$_CompiledCompositeActor_CompiledCompositeActor.class
-rw-rw-r-- 1 travis travis 13466 Jun  1 21:06 CompiledCompositeActor_CompiledCompositeActor.java
-rw-rw-r-- 1 travis travis  1593 Jun  1 21:06 CompiledCompositeActor_CompiledCompositeActor.mk
-rw-rw-r-- 1 travis travis  4457 Jun  1 21:06 JavaCompiledCompositeTest1_CompiledCompositeActor.class
-rw-rw-r-- 1 travis travis 11637 Jun  1 21:06 JavaCompiledCompositeTest1_CompiledCompositeActor.java
-rw-rw-r-- 1 travis travis  1198 Jun  1 21:06 JavaCompiledCompositeTest1_CompiledCompositeActor$_JavaCompiledCompositeTest1_CompiledCompositeActor.class
-rw-rw-r-- 1 travis travis  1625 Jun  1 21:06 JavaCompiledCompositeTest1_CompiledCompositeActor.mk
-rw-rw-r-- 1 travis travis  4888 Jun  1 21:06 JavaCompiledCompositeTest2_CompiledCompositeActor.class
-rw-rw-r-- 1 travis travis 14919 Jun  1 21:06 JavaCompiledCompositeTest2_CompiledCompositeActor.java
-rw-rw-r-- 1 travis travis  1793 Jun  1 21:06 JavaCompiledCompositeTest2_CompiledCompositeActor$_JavaCompiledCompositeTest2_CompiledCompositeActor.class
-rw-rw-r-- 1 travis travis  1625 Jun  1 21:06 JavaCompiledCompositeTest2_CompiledCompositeActor.mk
-rw-rw-r-- 1 travis travis  4505 Jun  1 21:06 JavaCompiledCompositeTest3_CompiledCompositeActor.class
-rw-rw-r-- 1 travis travis 13080 Jun  1 21:06 JavaCompiledCompositeTest3_CompiledCompositeActor.java
-rw-rw-r-- 1 travis travis  1378 Jun  1 21:06 JavaCompiledCompositeTest3_CompiledCompositeActor$_JavaCompiledCompositeTest3_CompiledCompositeActor.class
-rw-rw-r-- 1 travis travis  1625 Jun  1 21:06 JavaCompiledCompositeTest3_CompiledCompositeActor.mk
-rw-rw-r-- 1 travis travis  3953 Jun  1 21:06 JavaCompiledCompositeTest4_CompiledCompositeActor.class
-rw-rw-r-- 1 travis travis  9687 Jun  1 21:06 JavaCompiledCompositeTest4_CompiledCompositeActor.java
-rw-rw-r-- 1 travis travis   857 Jun  1 21:06 JavaCompiledCompositeTest4_CompiledCompositeActor$_JavaCompiledCompositeTest4_CompiledCompositeActor.class
-rw-rw-r-- 1 travis travis  1625 Jun  1 21:06 JavaCompiledCompositeTest4_CompiledCompositeActor.mk
-rw-rw-r-- 1 travis travis  3693 Jun  1 21:06 ModularCG_A1_B1.class
-rw-rw-r-- 1 travis travis  9730 Jun  1 21:06 ModularCG_A1_B1.java
-rw-rw-r-- 1 travis travis   832 Jun  1 21:06 ModularCG_A1_B1.mk
-rw-rw-r-- 1 travis travis  1318 Jun  1 21:06 ModularCG_A1_B1_profile.class
-rw-rw-r-- 1 travis travis  1262 Jun  1 21:06 ModularCG_A1_B1_profile.java
-rw-rw-r-- 1 travis travis  3693 Jun  1 21:06 ModularCG_A1_B2.class
-rw-rw-r-- 1 travis travis  9730 Jun  1 21:06 ModularCG_A1_B2.java
-rw-rw-r-- 1 travis travis   832 Jun  1 21:06 ModularCG_A1_B2.mk
-rw-rw-r-- 1 travis travis  1318 Jun  1 21:06 ModularCG_A1_B2_profile.class
-rw-rw-r-- 1 travis travis  1262 Jun  1 21:06 ModularCG_A1_B2_profile.java
-rw-rw-r-- 1 travis travis  4799 Jun  1 21:06 ModularCG_A1.class
-rw-rw-r-- 1 travis travis 14742 Jun  1 21:06 ModularCG_A1.java
-rw-rw-r-- 1 travis travis   808 Jun  1 21:06 ModularCG_A1.mk
-rw-rw-r-- 1 travis travis  1433 Jun  1 21:06 ModularCG_A1_profile.class
-rw-rw-r-- 1 travis travis  1704 Jun  1 21:06 ModularCG_A1_profile.java
-rw-rw-r-- 1 travis travis  3827 Jun  1 21:06 ModularCG_A2_B1.class
-rw-rw-r-- 1 travis travis 10667 Jun  1 21:06 ModularCG_A2_B1.java
-rw-rw-r-- 1 travis travis   832 Jun  1 21:06 ModularCG_A2_B1.mk
-rw-rw-r-- 1 travis travis  1381 Jun  1 21:06 ModularCG_A2_B1_profile.class
-rw-rw-r-- 1 travis travis  1446 Jun  1 21:06 ModularCG_A2_B1_profile.java
-rw-rw-r-- 1 travis travis  3693 Jun  1 21:06 ModularCG_A2_B2.class
-rw-rw-r-- 1 travis travis  9730 Jun  1 21:06 ModularCG_A2_B2.java
-rw-rw-r-- 1 travis travis   832 Jun  1 21:06 ModularCG_A2_B2.mk
-rw-rw-r-- 1 travis travis  1318 Jun  1 21:06 ModularCG_A2_B2_profile.class
-rw-rw-r-- 1 travis travis  1262 Jun  1 21:06 ModularCG_A2_B2_profile.java
-rw-rw-r-- 1 travis travis  4870 Jun  1 21:06 ModularCG_A2.class
-rw-rw-r-- 1 travis travis 15129 Jun  1 21:06 ModularCG_A2.java
-rw-rw-r-- 1 travis travis   808 Jun  1 21:06 ModularCG_A2.mk
-rw-rw-r-- 1 travis travis  1433 Jun  1 21:06 ModularCG_A2_profile.class
-rw-rw-r-- 1 travis travis  1704 Jun  1 21:06 ModularCG_A2_profile.java
-rw-rw-r-- 1 travis travis  3473 Jun  1 21:06 ModularCGPubSub_A1_A2.class
-rw-rw-r-- 1 travis travis  9076 Jun  1 21:06 ModularCGPubSub_A1_A2.java
-rw-rw-r-- 1 travis travis   880 Jun  1 21:06 ModularCGPubSub_A1_A2.mk
-rw-rw-r-- 1 travis travis  1300 Jun  1 21:06 ModularCGPubSub_A1_A2_profile.class
-rw-rw-r-- 1 travis travis  1222 Jun  1 21:06 ModularCGPubSub_A1_A2_profile.java
-rw-rw-r-- 1 travis travis  3790 Jun  1 21:06 ModularCGPubSub_A1.class
-rw-rw-r-- 1 travis travis  9836 Jun  1 21:06 ModularCGPubSub_A1.java
-rw-rw-r-- 1 travis travis   856 Jun  1 21:06 ModularCGPubSub_A1.mk
-rw-rw-r-- 1 travis travis  1346 Jun  1 21:06 ModularCGPubSub_A1_profile.class
-rw-rw-r-- 1 travis travis  1388 Jun  1 21:06 ModularCGPubSub_A1_profile.java
-rw-rw-r-- 1 travis travis  3988 Jun  1 21:06 ModularCodeGen2_ModularCodeGenTypedCompositeActor.class
-rw-rw-r-- 1 travis travis 11690 Jun  1 21:06 ModularCodeGen2_ModularCodeGenTypedCompositeActor.java
-rw-rw-r-- 1 travis travis  1104 Jun  1 21:06 ModularCodeGen2_ModularCodeGenTypedCompositeActor.mk
-rw-rw-r-- 1 travis travis  4272 Jun  1 21:06 ModularCodeGen2_ModularCodeGenTypedCompositeActor_ModularCodeGenTypedCompositeActor.class
-rw-rw-r-- 1 travis travis 11790 Jun  1 21:06 ModularCodeGen2_ModularCodeGenTypedCompositeActor_ModularCodeGenTypedCompositeActor.java
-rw-rw-r-- 1 travis travis  1376 Jun  1 21:06 ModularCodeGen2_ModularCodeGenTypedCompositeActor_ModularCodeGenTypedCompositeActor.mk
-rw-rw-r-- 1 travis travis  1421 Jun  1 21:06 ModularCodeGen2_ModularCodeGenTypedCompositeActor_ModularCodeGenTypedCompositeActor_profile.class
-rw-rw-r-- 1 travis travis  1294 Jun  1 21:06 ModularCodeGen2_ModularCodeGenTypedCompositeActor_ModularCodeGenTypedCompositeActor_profile.java
-rw-rw-r-- 1 travis travis   820 Jun  1 21:06 ModularCodeGen2_ModularCodeGenTypedCompositeActor_profile.class
-rw-rw-r-- 1 travis travis   693 Jun  1 21:06 ModularCodeGen2_ModularCodeGenTypedCompositeActor_profile.java
-rw-rw-r-- 1 travis travis  3741 Jun  1 21:06 ModularCodeGen3_A1_B1.class
-rw-rw-r-- 1 travis travis  9958 Jun  1 21:06 ModularCodeGen3_A1_B1.java
-rw-rw-r-- 1 travis travis   880 Jun  1 21:06 ModularCodeGen3_A1_B1.mk
-rw-rw-r-- 1 travis travis  1330 Jun  1 21:06 ModularCodeGen3_A1_B1_profile.class
-rw-rw-r-- 1 travis travis  1274 Jun  1 21:06 ModularCodeGen3_A1_B1_profile.java
-rw-rw-r-- 1 travis travis  3741 Jun  1 21:06 ModularCodeGen3_A1_B2.class
-rw-rw-r-- 1 travis travis  9958 Jun  1 21:06 ModularCodeGen3_A1_B2.java
-rw-rw-r-- 1 travis travis   880 Jun  1 21:06 ModularCodeGen3_A1_B2.mk
-rw-rw-r-- 1 travis travis  1330 Jun  1 21:06 ModularCodeGen3_A1_B2_profile.class
-rw-rw-r-- 1 travis travis  1274 Jun  1 21:06 ModularCodeGen3_A1_B2_profile.java
-rw-rw-r-- 1 travis travis  4961 Jun  1 21:07 ModularCodeGen3_A1.class
-rw-rw-r-- 1 travis travis 15564 Jun  1 21:06 ModularCodeGen3_A1.java
-rw-rw-r-- 1 travis travis   856 Jun  1 21:06 ModularCodeGen3_A1.mk
-rw-rw-r-- 1 travis travis  1445 Jun  1 21:06 ModularCodeGen3_A1_profile.class
-rw-rw-r-- 1 travis travis  1716 Jun  1 21:06 ModularCodeGen3_A1_profile.java
-rw-rw-r-- 1 travis travis  3887 Jun  1 21:07 ModularCodeGen3_A2_B1.class
-rw-rw-r-- 1 travis travis 10955 Jun  1 21:07 ModularCodeGen3_A2_B1.java
-rw-rw-r-- 1 travis travis   880 Jun  1 21:07 ModularCodeGen3_A2_B1.mk
-rw-rw-r-- 1 travis travis  1393 Jun  1 21:07 ModularCodeGen3_A2_B1_profile.class
-rw-rw-r-- 1 travis travis  1458 Jun  1 21:07 ModularCodeGen3_A2_B1_profile.java
-rw-rw-r-- 1 travis travis  3741 Jun  1 21:07 ModularCodeGen3_A2_B2.class
-rw-rw-r-- 1 travis travis  9958 Jun  1 21:07 ModularCodeGen3_A2_B2.java
-rw-rw-r-- 1 travis travis   880 Jun  1 21:07 ModularCodeGen3_A2_B2.mk
-rw-rw-r-- 1 travis travis  1330 Jun  1 21:07 ModularCodeGen3_A2_B2_profile.class
-rw-rw-r-- 1 travis travis  1274 Jun  1 21:07 ModularCodeGen3_A2_B2_profile.java
-rw-rw-r-- 1 travis travis  5038 Jun  1 21:07 ModularCodeGen3_A2.class
-rw-rw-r-- 1 travis travis 15957 Jun  1 21:07 ModularCodeGen3_A2.java
-rw-rw-r-- 1 travis travis   856 Jun  1 21:07 ModularCodeGen3_A2.mk
-rw-rw-r-- 1 travis travis  1445 Jun  1 21:07 ModularCodeGen3_A2_profile.class
-rw-rw-r-- 1 travis travis  1716 Jun  1 21:07 ModularCodeGen3_A2_profile.java
-rw-rw-r-- 1 travis travis  3794 Jun  1 21:07 ModularCodeGen4_A1_B1.class
-rw-rw-r-- 1 travis travis 10312 Jun  1 21:07 ModularCodeGen4_A1_B1.java
-rw-rw-r-- 1 travis travis   880 Jun  1 21:07 ModularCodeGen4_A1_B1.mk
-rw-rw-r-- 1 travis travis  1330 Jun  1 21:07 ModularCodeGen4_A1_B1_profile.class
-rw-rw-r-- 1 travis travis  1273 Jun  1 21:07 ModularCodeGen4_A1_B1_profile.java
-rw-rw-r-- 1 travis travis  3794 Jun  1 21:07 ModularCodeGen4_A1_B2.class
-rw-rw-r-- 1 travis travis 10312 Jun  1 21:07 ModularCodeGen4_A1_B2.java
-rw-rw-r-- 1 travis travis   880 Jun  1 21:07 ModularCodeGen4_A1_B2.mk
-rw-rw-r-- 1 travis travis  1330 Jun  1 21:07 ModularCodeGen4_A1_B2_profile.class
-rw-rw-r-- 1 travis travis  1273 Jun  1 21:07 ModularCodeGen4_A1_B2_profile.java
-rw-rw-r-- 1 travis travis  5101 Jun  1 21:07 ModularCodeGen4_A1.class
-rw-rw-r-- 1 travis travis 16245 Jun  1 21:07 ModularCodeGen4_A1.java
-rw-rw-r-- 1 travis travis   856 Jun  1 21:07 ModularCodeGen4_A1.mk
-rw-rw-r-- 1 travis travis  1445 Jun  1 21:07 ModularCodeGen4_A1_profile.class
-rw-rw-r-- 1 travis travis  1712 Jun  1 21:07 ModularCodeGen4_A1_profile.java
-rw-rw-r-- 1 travis travis  3988 Jun  1 21:07 ModularCodeGen4_A2_B1.class
-rw-rw-r-- 1 travis travis 11375 Jun  1 21:07 ModularCodeGen4_A2_B1.java
-rw-rw-r-- 1 travis travis   880 Jun  1 21:07 ModularCodeGen4_A2_B1.mk
-rw-rw-r-- 1 travis travis  1393 Jun  1 21:07 ModularCodeGen4_A2_B1_profile.class
-rw-rw-r-- 1 travis travis  1454 Jun  1 21:07 ModularCodeGen4_A2_B1_profile.java
-rw-rw-r-- 1 travis travis  3842 Jun  1 21:07 ModularCodeGen4_A2_B2.class
-rw-rw-r-- 1 travis travis 10378 Jun  1 21:07 ModularCodeGen4_A2_B2.java
-rw-rw-r-- 1 travis travis   880 Jun  1 21:07 ModularCodeGen4_A2_B2.mk
-rw-rw-r-- 1 travis travis  1330 Jun  1 21:07 ModularCodeGen4_A2_B2_profile.class
-rw-rw-r-- 1 travis travis  1270 Jun  1 21:07 ModularCodeGen4_A2_B2_profile.java
-rw-rw-r-- 1 travis travis  5274 Jun  1 21:07 ModularCodeGen4_A2.class
-rw-rw-r-- 1 travis travis 16770 Jun  1 21:07 ModularCodeGen4_A2.java
-rw-rw-r-- 1 travis travis   856 Jun  1 21:07 ModularCodeGen4_A2.mk
-rw-rw-r-- 1 travis travis  1445 Jun  1 21:07 ModularCodeGen4_A2_profile.class
-rw-rw-r-- 1 travis travis  1712 Jun  1 21:07 ModularCodeGen4_A2_profile.java
-rw-rw-r-- 1 travis travis  6838 Jun  1 21:07 ModularCodeGen5_A_A.class
-rw-rw-r-- 1 travis travis 28721 Jun  1 21:07 ModularCodeGen5_A_A.java
-rw-rw-r-- 1 travis travis   864 Jun  1 21:07 ModularCodeGen5_A_A.mk
-rw-rw-r-- 1 travis travis  1520 Jun  1 21:07 ModularCodeGen5_A_A_profile.class
-rw-rw-r-- 1 travis travis  1815 Jun  1 21:07 ModularCodeGen5_A_A_profile.java
-rw-rw-r-- 1 travis travis  5115 Jun  1 21:07 ModularCodeGen5_A.class
-rw-rw-r-- 1 travis travis 13769 Jun  1 21:07 ModularCodeGen5_A.java
-rw-rw-r-- 1 travis travis   848 Jun  1 21:07 ModularCodeGen5_A.mk
-rw-rw-r-- 1 travis travis  1422 Jun  1 21:07 ModularCodeGen5_A_profile.class
-rw-rw-r-- 1 travis travis  1605 Jun  1 21:07 ModularCodeGen5_A_profile.java
-rw-rw-r-- 1 travis travis  4125 Jun  1 21:07 ModularCodeGen6_A_A2.class
-rw-rw-r-- 1 travis travis 11329 Jun  1 21:07 ModularCodeGen6_A_A2.java
-rw-rw-r-- 1 travis travis   872 Jun  1 21:07 ModularCodeGen6_A_A2.mk
-rw-rw-r-- 1 travis travis  1351 Jun  1 21:07 ModularCodeGen6_A_A2_profile.class
-rw-rw-r-- 1 travis travis  1364 Jun  1 21:07 ModularCodeGen6_A_A2_profile.java
-rw-rw-r-- 1 travis travis  4108 Jun  1 21:07 ModularCodeGen6_A_A.class
-rw-rw-r-- 1 travis travis 11221 Jun  1 21:07 ModularCodeGen6_A_A.java
-rw-rw-r-- 1 travis travis   864 Jun  1 21:07 ModularCodeGen6_A_A.mk
-rw-rw-r-- 1 travis travis  1348 Jun  1 21:07 ModularCodeGen6_A_A_profile.class
-rw-rw-r-- 1 travis travis  1361 Jun  1 21:07 ModularCodeGen6_A_A_profile.java
-rw-rw-r-- 1 travis travis  7237 Jun  1 21:07 ModularCodeGen6_A.class
-rw-rw-r-- 1 travis travis 26535 Jun  1 21:07 ModularCodeGen6_A.java
-rw-rw-r-- 1 travis travis   848 Jun  1 21:07 ModularCodeGen6_A.mk
-rw-rw-r-- 1 travis travis  1483 Jun  1 21:07 ModularCodeGen6_A_profile.class
-rw-rw-r-- 1 travis travis  1810 Jun  1 21:07 ModularCodeGen6_A_profile.java
-rw-rw-r-- 1 travis travis  9439 Jun  1 21:07 ModularCodeGenLazyPubSubGlobal_CompositeActor_ModularCodeGenTypedComposite.class
-rw-rw-r-- 1 travis travis 30161 Jun  1 21:07 ModularCodeGenLazyPubSubGlobal_CompositeActor_ModularCodeGenTypedComposite.java
-rw-rw-r-- 1 travis travis  1304 Jun  1 21:07 ModularCodeGenLazyPubSubGlobal_CompositeActor_ModularCodeGenTypedComposite.mk
-rw-rw-r-- 1 travis travis  1438 Jun  1 21:07 ModularCodeGenLazyPubSubGlobal_CompositeActor_ModularCodeGenTypedComposite_profile.class
-rw-rw-r-- 1 travis travis  1384 Jun  1 21:07 ModularCodeGenLazyPubSubGlobal_CompositeActor_ModularCodeGenTypedComposite_profile.java
-rw-rw-r-- 1 travis travis  3952 Jun  1 21:07 ModularCodeGenLazyPubSub_LazyCompositeActor.class
-rw-rw-r-- 1 travis travis 11122 Jun  1 21:07 ModularCodeGenLazyPubSub_LazyCompositeActor.java
-rw-rw-r-- 1 travis travis  1056 Jun  1 21:07 ModularCodeGenLazyPubSub_LazyCompositeActor.mk
-rw-rw-r-- 1 travis travis  1286 Jun  1 21:07 ModularCodeGenLazyPubSub_LazyCompositeActor_profile.class
-rw-rw-r-- 1 travis travis  1091 Jun  1 21:07 ModularCodeGenLazyPubSub_LazyCompositeActor_profile.java
-rw-rw-r-- 1 travis travis  3954 Jun  1 21:06 ModularCodeGen_ModularCodeGenTypedCompositeActor.class
-rw-rw-r-- 1 travis travis 10970 Jun  1 21:06 ModularCodeGen_ModularCodeGenTypedCompositeActor.java
-rw-rw-r-- 1 travis travis  1096 Jun  1 21:06 ModularCodeGen_ModularCodeGenTypedCompositeActor.mk
-rw-rw-r-- 1 travis travis  1384 Jun  1 21:06 ModularCodeGen_ModularCodeGenTypedCompositeActor_profile.class
-rw-rw-r-- 1 travis travis  1328 Jun  1 21:06 ModularCodeGen_ModularCodeGenTypedCompositeActor_profile.java
-rw-rw-r-- 1 travis travis  1195 Jun  1 21:07 ModularCodeGenPubSub_A1_profile.java
-rw-rw-r-- 1 travis travis  3492 Jun  1 21:06 ModularCodeGenTest_A1_A2.class
-rw-rw-r-- 1 travis travis  9164 Jun  1 21:06 ModularCodeGenTest_A1_A2.java
-rw-rw-r-- 1 travis travis   904 Jun  1 21:06 ModularCodeGenTest_A1_A2.mk
-rw-rw-r-- 1 travis travis  1306 Jun  1 21:06 ModularCodeGenTest_A1_A2_profile.class
-rw-rw-r-- 1 travis travis  1228 Jun  1 21:06 ModularCodeGenTest_A1_A2_profile.java
-rw-rw-r-- 1 travis travis  3823 Jun  1 21:06 ModularCodeGenTest_A1.class
-rw-rw-r-- 1 travis travis  9968 Jun  1 21:06 ModularCodeGenTest_A1.java
-rw-rw-r-- 1 travis travis   880 Jun  1 21:06 ModularCodeGenTest_A1.mk
-rw-rw-r-- 1 travis travis  1352 Jun  1 21:06 ModularCodeGenTest_A1_profile.class
-rw-rw-r-- 1 travis travis  1394 Jun  1 21:06 ModularCodeGenTest_A1_profile.java
-rw-rw-r-- 1 travis travis   432 Jun  1 21:07 Token.class
-rw-rw-r-- 1 travis travis   251 Jun  1 21:07 Token.java
warning: Supported source version 'RELEASE_6' from annotation processor 'org.netbeans.modules.openide.util.NbBundleProcessor' less than -source '1.8'
warning: Supported source version 'RELEASE_6' from annotation processor 'org.netbeans.modules.openide.util.URLStreamHandlerRegistrationProcessor' less than -source '1.8'
warning: Supported source version 'RELEASE_6' from annotation processor 'org.netbeans.modules.openide.util.ServiceProviderProcessor' less than -source '1.8'
3 warnings
All Done
Writing ModularCodeGenPubSub_A1.java in file:/home/travis/cg/ (9060 characters)
Reading "ptolemy/cg/kernel/generic/program/procedural/java/modular/makefile.in",
    writing "/home/travis/cg/ModularCodeGenPubSub_A1.mk"
Using ptolemy/cg/kernel/generic/program/procedural/java/modular/makefile.in
In "/home/travis/cg", about to execute:
    make -f ModularCodeGenPubSub_A1.mk
javac -classpath ".:.."    ModularCodeGenPubSub_A1.java
All Done
2182 ms. Memory: 189952K Free: 107540K (57%)
----------------- Invoking toplevel() on ptolemy.moml.MoMLSimpleApplication@6527df28
----------------- Done invoking toplevel() on ptolemy.moml.MoMLSimpleApplication@6527df28
reloadAllAccessors: .ModularCodeGenPubSub

===========================================================================================
----------------- testing Fri Jun 01 21:07:42 UTC 2018 /home/travis/build/icyphy/ptII/ptolemy/cg/lib/test/auto/ModularCodeGenPubSub2.xml
----------------- Instantiating /home/travis/build/icyphy/ptII/ptolemy/cg/lib/test/auto/ModularCodeGenPubSub2.xml
In "/home/travis/cg", about to execute:
    pwd
In "/home/travis/cg", about to execute:
    ls -l
/home/travis/cg
total 1236
In "/home/travis/cg", about to execute:
    javac -classpath
.:/home/travis/build/icyphy/ptII:/home/travis/build/icyphy/ptII/lib/bsh-2.0b4.j
ar:/home/travis/build/icyphy/ptII/lib/ptCal.jar:/home/travis/build/icyphy/ptII/
lib/java_cup.jar:/home/travis/build/icyphy/ptII/lib/saxon8.jar:/home/travis/bui
ld/icyphy/ptII/lib/saxon8-dom.jar:/home/travis/build/icyphy/ptII/lib/chic.jar:/
home/travis/build/icyphy/ptII/lib/ptcolt.jar:/usr/lib/jvm/java-8-oracle/lib/too
ls.jar:/usr/lib/eclipse/plugins/org.eclipse.jdt.core_3.8.2.dist.jar:/usr/lib/ec
lipse/plugins/org.eclipse.core.runtime_3.8.0.dist.jar:/usr/lib/eclipse/plugins/
org.eclipse.osgi_3.8.1.dist.jar:/usr/lib/eclipse/plugins/org.eclipse.core.resou
rces_3.8.1.dist.jar:/usr/lib/eclipse/plugins/org.eclipse.equinox.common_3.6.100
.dist.jar:/usr/lib/eclipse/plugins/org.eclipse.core.jobs_3.5.200.dist.jar:/usr/
lib/eclipse/plugins/org.eclipse.core.contenttype_3.4.200.dist.jar:/usr/lib/ecli
pse/plugins/org.eclipse.equinox.preferences_3.5.0.dist.jar:/usr/lib/eclipse/plu
gins/org.eclipse.text_3.5.200.dist.jar:/usr/lib/eclipse/plugins/org.eclipse.ui.
workbench_3.8.1.dist.jar:/usr/lib/eclipse/plugins/org.eclipse.jface_3.8.0.dist.
jar:/usr/lib/eclipse/plugins/org.eclipse.swt_3.8.2.jar:/usr/lib/eclipse/plugins
/org.eclipse.jface.text_3.8.1.dist.jar:/usr/lib/eclipse/plugins/org.eclipse.ui.
workbench.texteditor_3.8.0.dist.jar:/usr/lib/eclipse/plugins/org.eclipse.ui.edi
tors_3.8.0.dist.jar:/usr/lib/eclipse/plugins/org.eclipse.core.commands_3.6.1.di
st.jar:/usr/lib/eclipse/plugins/org.eclipse.equinox.registry_3.5.200.dist.jar:/
usr/lib/eclipse/plugins/org.eclipse.ui.console_3.5.100.dist.jar:/usr/lib/eclips
e/plugins/org.eclipse.ui.forms_3.5.200.dist.jar:/usr/lib/eclipse/plugins/org.ec
lipse.ui.ide_3.8.1.dist.jar:/home/travis/build/icyphy/ptII/vendors/oracle/dbxml
.jar:/home/travis/build/icyphy/ptII/vendors/oracle/db.jar:/home/travis/build/ic
yphy/ptII/vendors/misc/itext/iText.jar:/home/travis/build/icyphy/ptII/lib/g4ltl
.jar:/home/travis/build/icyphy/ptII/lib/StructuralCoder.jar:/home/travis/build/
icyphy/ptII/lib/org-openide-util.jar:/home/travis/build/icyphy/ptII/lib/org-ope
nide-util-lookup.jar:/home/travis/build/icyphy/ptII/lib/org-netbeans-api-visual
.jar:/home/travis/build/icyphy/ptII/vendors/jai-1_1_2_01/lib/jai_core.jar:/home
/travis/build/icyphy/ptII/vendors/jai-1_1_2_01/lib/jai_codec.jar:/home/travis/b
uild/icyphy/ptII/lib/jcerti.jar:/home/travis/build/icyphy/ptII/lib/smack.jar:/h
ome/travis/build/icyphy/ptII/lib/smackx.jar:/home/travis/build/icyphy/ptII/lib/
jetty-all-8.1.5-v20120716.jar:/home/travis/build/icyphy/ptII/lib/javax.servlet-
api-3.0.1.jar:/home/travis/build/icyphy/ptII/lib/javax.mail.jar:/home/travis/bu
ild/icyphy/ptII/vendors/JMF-2.1.1e/lib/jmf.jar:/home/travis/build/icyphy/ptII/l
ib/jna-4.0.0-variadic.jar:/home/travis/build/icyphy/ptII/vendors/misc/joystick/
Joystick.jar:/home/travis/build/icyphy/ptII/lib/ptjacl.jar:/home/travis/build/i
cyphy/ptII/lib/jsoup-1.8.2.jar:/home/travis/build/icyphy/ptII/lib/junit-4.8.2.j
ar:/home/travis/build/icyphy/ptII/lib/JUnitParams-0.4.0.jar:/home/travis/build/
icyphy/ptII/ptolemy/actor/lib/excel/jxl.jar:/home/travis/build/icyphy/ptII/lib/
jython.jar:/home/travis/build/icyphy/ptII/lib/kieler.jar:/home/travis/build/icy
phy/ptII/vendors/opencv/share/OpenCV/java/opencv-341.jar:/home/travis/build/icy
phy/ptII/lib/oscP5.jar:/home/travis/build/icyphy/ptII/lib/nrjavaserial-3.11.0.d
evel.jar:/usr/share/java/j3dcore.jar:/usr/share/java/j3dutils.jar:/usr/share/ja
va/vecmath.jar:/home/travis/build/icyphy/ptII/ptolemy/distributed/jini/jar/jini
-core.jar:/home/travis/build/icyphy/ptII/ptolemy/distributed/jini/jar/jini-ext.
jar:/home/travis/build/icyphy/ptII/ptolemy/distributed/jini/jar/sun-util.jar:/h
ome/travis/build/icyphy/ptII/lib/protobuf-java-2.4.1.jar:/home/travis/build/icy
phy/ptII/lib/org.eclipse.paho.client.mqttv3.jar:/home/travis/build/icyphy/ptII/
ptserver/lib/hessian-4.0.7.jar:/home/travis/build/icyphy/ptII/ptserver/lib/wmqt
t.jar:/home/travis/build/icyphy/ptII/lib/mapss.jar:/home/travis/build/icyphy/pt
II/ptolemy/actor/ptalon/antlr/antlr.jar:/home/travis/build/icyphy/ptII/lib/JRI.
jar:/home/travis/build/icyphy/ptII/lib/commons-lang-2.6.jar:/home/travis/build/
icyphy/ptII/lib/commons-logging-1.1.1.jar:/home/travis/build/icyphy/ptII/lib/so
otclasses.jar:/home/travis/build/icyphy/ptII/ptolemy/actor/lib/database/mysql-c
onnector-java-5.1.6-bin.jar:/home/travis/build/icyphy/ptII/vendors/misc/sphinx4
/sphinx4-data-5prealpha.jar:/home/travis/build/icyphy/ptII/vendors/misc/sphinx4
/sphinx4-core-5prealpha.jar:/home/travis/build/icyphy/ptII/lib/PDFRenderer.jar:
/home/travis/build/icyphy/ptII/lib/svgSalamander.jar:/home/travis/build/icyphy/
ptII/lib/rsyntaxtextarea-2.6.0-SNAPSHOT.jar:/home/travis/build/icyphy/ptII/lib/
hazelcast-3.8.2.jar:/home/travis/build/icyphy/ptII/lib/jackson-annotations-2.9.
0.jar:/home/travis/build/icyphy/ptII/lib/jackson-core-2.9.3.jar:/home/travis/bu
ild/icyphy/ptII/lib/jackson-databind-2.9.3.jar:/home/travis/build/icyphy/ptII/l
ib/netty-buffer-4.1.19.Final.jar:/home/travis/build/icyphy/ptII/lib/netty-codec
-4.1.19.Final.jar:/home/travis/build/icyphy/ptII/lib/netty-codec-dns-4.1.19.Fin
al.jar:/home/travis/build/icyphy/ptII/lib/netty-codec-http-4.1.19.Final.jar:/ho
me/travis/build/icyphy/ptII/lib/netty-codec-http2-4.1.19.Final.jar:/home/travis
/build/icyphy/ptII/lib/netty-common-4.1.19.Final.jar:/home/travis/build/icyphy/
ptII/lib/netty-handler-4.1.19.Final.jar:/home/travis/build/icyphy/ptII/lib/nett
y-resolver-4.1.19.Final.jar:/home/travis/build/icyphy/ptII/lib/netty-resolver-d
ns-4.1.19.Final.jar:/home/travis/build/icyphy/ptII/lib/netty-transport-4.1.19.F
inal.jar:/home/travis/build/icyphy/ptII/lib/vertx-codegen-3.5.1.jar:/home/travi
s/build/icyphy/ptII/lib/vertx-core-3.5.2-SNAPSHOT.jar:/home/travis/build/icyphy
/ptII/lib/vertx-hazelcast-3.5.1.jar:/home/travis/build/icyphy/ptII/lib/vertx-la
ng-js-3.5.1.jar:/home/travis/build/icyphy/ptII/lib/vertx-service-proxy-3.5.1.ja
r:/home/travis/build/icyphy/ptII/lib/vertx-web-3.5.1.jar:/home/travis/build/icy
phy/ptII/lib/slf4j-api-1.7.13.jar:/home/travis/build/icyphy/ptII/lib/slf4j-simp
le-1.7.13.jar:/home/travis/build/icyphy/ptII/lib/webcam-capture-0.3.12.jar:/hom
e/travis/build/icyphy/ptII/lib/bridj-0.7.0.jar:/home/travis/build/icyphy/ptII/l
ib/xbjlib-1.1.0.nrjavaserial.jar:/home/travis/build/icyphy/ptII/ptolemy/moml/te
st:/home/travis/build/icyphy/ptII/ant/lib/ant-launcher.jar:/home/travis/build/i
cyphy/ptII/ant/lib/ant.jar:/home/travis/build/icyphy/ptII/ant/lib/ant-junit.jar
:/home/travis/build/icyphy/ptII/ant/lib/ant-junit4.jar:/home/travis/build/icyph
y/ptII ModularCodeGenPubSub2_A1_A_profile.java
-rw-rw-r-- 1 travis travis   233 Jun  1 21:07 Array.class
-rw-rw-r-- 1 travis travis   459 Jun  1 21:07 Array.java
-rw-rw-r-- 1 travis travis  4895 Jun  1 21:06 CompiledCompositeActor_CompiledCompositeActor.class
-rw-rw-r-- 1 travis travis  1592 Jun  1 21:06 CompiledCompositeActor_CompiledCompositeActor$_CompiledCompositeActor_CompiledCompositeActor.class
-rw-rw-r-- 1 travis travis 13466 Jun  1 21:06 CompiledCompositeActor_CompiledCompositeActor.java
-rw-rw-r-- 1 travis travis  1593 Jun  1 21:06 CompiledCompositeActor_CompiledCompositeActor.mk
-rw-rw-r-- 1 travis travis  4457 Jun  1 21:06 JavaCompiledCompositeTest1_CompiledCompositeActor.class
-rw-rw-r-- 1 travis travis 11637 Jun  1 21:06 JavaCompiledCompositeTest1_CompiledCompositeActor.java
-rw-rw-r-- 1 travis travis  1198 Jun  1 21:06 JavaCompiledCompositeTest1_CompiledCompositeActor$_JavaCompiledCompositeTest1_CompiledCompositeActor.class
-rw-rw-r-- 1 travis travis  1625 Jun  1 21:06 JavaCompiledCompositeTest1_CompiledCompositeActor.mk
-rw-rw-r-- 1 travis travis  4888 Jun  1 21:06 JavaCompiledCompositeTest2_CompiledCompositeActor.class
-rw-rw-r-- 1 travis travis 14919 Jun  1 21:06 JavaCompiledCompositeTest2_CompiledCompositeActor.java
-rw-rw-r-- 1 travis travis  1793 Jun  1 21:06 JavaCompiledCompositeTest2_CompiledCompositeActor$_JavaCompiledCompositeTest2_CompiledCompositeActor.class
-rw-rw-r-- 1 travis travis  1625 Jun  1 21:06 JavaCompiledCompositeTest2_CompiledCompositeActor.mk
-rw-rw-r-- 1 travis travis  4505 Jun  1 21:06 JavaCompiledCompositeTest3_CompiledCompositeActor.class
-rw-rw-r-- 1 travis travis 13080 Jun  1 21:06 JavaCompiledCompositeTest3_CompiledCompositeActor.java
-rw-rw-r-- 1 travis travis  1378 Jun  1 21:06 JavaCompiledCompositeTest3_CompiledCompositeActor$_JavaCompiledCompositeTest3_CompiledCompositeActor.class
-rw-rw-r-- 1 travis travis  1625 Jun  1 21:06 JavaCompiledCompositeTest3_CompiledCompositeActor.mk
-rw-rw-r-- 1 travis travis  3953 Jun  1 21:06 JavaCompiledCompositeTest4_CompiledCompositeActor.class
-rw-rw-r-- 1 travis travis  9687 Jun  1 21:06 JavaCompiledCompositeTest4_CompiledCompositeActor.java
-rw-rw-r-- 1 travis travis   857 Jun  1 21:06 JavaCompiledCompositeTest4_CompiledCompositeActor$_JavaCompiledCompositeTest4_CompiledCompositeActor.class
-rw-rw-r-- 1 travis travis  1625 Jun  1 21:06 JavaCompiledCompositeTest4_CompiledCompositeActor.mk
-rw-rw-r-- 1 travis travis  3693 Jun  1 21:06 ModularCG_A1_B1.class
-rw-rw-r-- 1 travis travis  9730 Jun  1 21:06 ModularCG_A1_B1.java
-rw-rw-r-- 1 travis travis   832 Jun  1 21:06 ModularCG_A1_B1.mk
-rw-rw-r-- 1 travis travis  1318 Jun  1 21:06 ModularCG_A1_B1_profile.class
-rw-rw-r-- 1 travis travis  1262 Jun  1 21:06 ModularCG_A1_B1_profile.java
-rw-rw-r-- 1 travis travis  3693 Jun  1 21:06 ModularCG_A1_B2.class
-rw-rw-r-- 1 travis travis  9730 Jun  1 21:06 ModularCG_A1_B2.java
-rw-rw-r-- 1 travis travis   832 Jun  1 21:06 ModularCG_A1_B2.mk
-rw-rw-r-- 1 travis travis  1318 Jun  1 21:06 ModularCG_A1_B2_profile.class
-rw-rw-r-- 1 travis travis  1262 Jun  1 21:06 ModularCG_A1_B2_profile.java
-rw-rw-r-- 1 travis travis  4799 Jun  1 21:06 ModularCG_A1.class
-rw-rw-r-- 1 travis travis 14742 Jun  1 21:06 ModularCG_A1.java
-rw-rw-r-- 1 travis travis   808 Jun  1 21:06 ModularCG_A1.mk
-rw-rw-r-- 1 travis travis  1433 Jun  1 21:06 ModularCG_A1_profile.class
-rw-rw-r-- 1 travis travis  1704 Jun  1 21:06 ModularCG_A1_profile.java
-rw-rw-r-- 1 travis travis  3827 Jun  1 21:06 ModularCG_A2_B1.class
-rw-rw-r-- 1 travis travis 10667 Jun  1 21:06 ModularCG_A2_B1.java
-rw-rw-r-- 1 travis travis   832 Jun  1 21:06 ModularCG_A2_B1.mk
-rw-rw-r-- 1 travis travis  1381 Jun  1 21:06 ModularCG_A2_B1_profile.class
-rw-rw-r-- 1 travis travis  1446 Jun  1 21:06 ModularCG_A2_B1_profile.java
-rw-rw-r-- 1 travis travis  3693 Jun  1 21:06 ModularCG_A2_B2.class
-rw-rw-r-- 1 travis travis  9730 Jun  1 21:06 ModularCG_A2_B2.java
-rw-rw-r-- 1 travis travis   832 Jun  1 21:06 ModularCG_A2_B2.mk
-rw-rw-r-- 1 travis travis  1318 Jun  1 21:06 ModularCG_A2_B2_profile.class
-rw-rw-r-- 1 travis travis  1262 Jun  1 21:06 ModularCG_A2_B2_profile.java
-rw-rw-r-- 1 travis travis  4870 Jun  1 21:06 ModularCG_A2.class
-rw-rw-r-- 1 travis travis 15129 Jun  1 21:06 ModularCG_A2.java
-rw-rw-r-- 1 travis travis   808 Jun  1 21:06 ModularCG_A2.mk
-rw-rw-r-- 1 travis travis  1433 Jun  1 21:06 ModularCG_A2_profile.class
-rw-rw-r-- 1 travis travis  1704 Jun  1 21:06 ModularCG_A2_profile.java
-rw-rw-r-- 1 travis travis  3473 Jun  1 21:06 ModularCGPubSub_A1_A2.class
-rw-rw-r-- 1 travis travis  9076 Jun  1 21:06 ModularCGPubSub_A1_A2.java
-rw-rw-r-- 1 travis travis   880 Jun  1 21:06 ModularCGPubSub_A1_A2.mk
-rw-rw-r-- 1 travis travis  1300 Jun  1 21:06 ModularCGPubSub_A1_A2_profile.class
-rw-rw-r-- 1 travis travis  1222 Jun  1 21:06 ModularCGPubSub_A1_A2_profile.java
-rw-rw-r-- 1 travis travis  3790 Jun  1 21:06 ModularCGPubSub_A1.class
-rw-rw-r-- 1 travis travis  9836 Jun  1 21:06 ModularCGPubSub_A1.java
-rw-rw-r-- 1 travis travis   856 Jun  1 21:06 ModularCGPubSub_A1.mk
-rw-rw-r-- 1 travis travis  1346 Jun  1 21:06 ModularCGPubSub_A1_profile.class
-rw-rw-r-- 1 travis travis  1388 Jun  1 21:06 ModularCGPubSub_A1_profile.java
-rw-rw-r-- 1 travis travis  3988 Jun  1 21:06 ModularCodeGen2_ModularCodeGenTypedCompositeActor.class
-rw-rw-r-- 1 travis travis 11690 Jun  1 21:06 ModularCodeGen2_ModularCodeGenTypedCompositeActor.java
-rw-rw-r-- 1 travis travis  1104 Jun  1 21:06 ModularCodeGen2_ModularCodeGenTypedCompositeActor.mk
-rw-rw-r-- 1 travis travis  4272 Jun  1 21:06 ModularCodeGen2_ModularCodeGenTypedCompositeActor_ModularCodeGenTypedCompositeActor.class
-rw-rw-r-- 1 travis travis 11790 Jun  1 21:06 ModularCodeGen2_ModularCodeGenTypedCompositeActor_ModularCodeGenTypedCompositeActor.java
-rw-rw-r-- 1 travis travis  1376 Jun  1 21:06 ModularCodeGen2_ModularCodeGenTypedCompositeActor_ModularCodeGenTypedCompositeActor.mk
-rw-rw-r-- 1 travis travis  1421 Jun  1 21:06 ModularCodeGen2_ModularCodeGenTypedCompositeActor_ModularCodeGenTypedCompositeActor_profile.class
-rw-rw-r-- 1 travis travis  1294 Jun  1 21:06 ModularCodeGen2_ModularCodeGenTypedCompositeActor_ModularCodeGenTypedCompositeActor_profile.java
-rw-rw-r-- 1 travis travis   820 Jun  1 21:06 ModularCodeGen2_ModularCodeGenTypedCompositeActor_profile.class
-rw-rw-r-- 1 travis travis   693 Jun  1 21:06 ModularCodeGen2_ModularCodeGenTypedCompositeActor_profile.java
-rw-rw-r-- 1 travis travis  3741 Jun  1 21:06 ModularCodeGen3_A1_B1.class
-rw-rw-r-- 1 travis travis  9958 Jun  1 21:06 ModularCodeGen3_A1_B1.java
-rw-rw-r-- 1 travis travis   880 Jun  1 21:06 ModularCodeGen3_A1_B1.mk
-rw-rw-r-- 1 travis travis  1330 Jun  1 21:06 ModularCodeGen3_A1_B1_profile.class
-rw-rw-r-- 1 travis travis  1274 Jun  1 21:06 ModularCodeGen3_A1_B1_profile.java
-rw-rw-r-- 1 travis travis  3741 Jun  1 21:06 ModularCodeGen3_A1_B2.class
-rw-rw-r-- 1 travis travis  9958 Jun  1 21:06 ModularCodeGen3_A1_B2.java
-rw-rw-r-- 1 travis travis   880 Jun  1 21:06 ModularCodeGen3_A1_B2.mk
-rw-rw-r-- 1 travis travis  1330 Jun  1 21:06 ModularCodeGen3_A1_B2_profile.class
-rw-rw-r-- 1 travis travis  1274 Jun  1 21:06 ModularCodeGen3_A1_B2_profile.java
-rw-rw-r-- 1 travis travis  4961 Jun  1 21:07 ModularCodeGen3_A1.class
-rw-rw-r-- 1 travis travis 15564 Jun  1 21:06 ModularCodeGen3_A1.java
-rw-rw-r-- 1 travis travis   856 Jun  1 21:06 ModularCodeGen3_A1.mk
-rw-rw-r-- 1 travis travis  1445 Jun  1 21:06 ModularCodeGen3_A1_profile.class
-rw-rw-r-- 1 travis travis  1716 Jun  1 21:06 ModularCodeGen3_A1_profile.java
-rw-rw-r-- 1 travis travis  3887 Jun  1 21:07 ModularCodeGen3_A2_B1.class
-rw-rw-r-- 1 travis travis 10955 Jun  1 21:07 ModularCodeGen3_A2_B1.java
-rw-rw-r-- 1 travis travis   880 Jun  1 21:07 ModularCodeGen3_A2_B1.mk
-rw-rw-r-- 1 travis travis  1393 Jun  1 21:07 ModularCodeGen3_A2_B1_profile.class
-rw-rw-r-- 1 travis travis  1458 Jun  1 21:07 ModularCodeGen3_A2_B1_profile.java
-rw-rw-r-- 1 travis travis  3741 Jun  1 21:07 ModularCodeGen3_A2_B2.class
-rw-rw-r-- 1 travis travis  9958 Jun  1 21:07 ModularCodeGen3_A2_B2.java
-rw-rw-r-- 1 travis travis   880 Jun  1 21:07 ModularCodeGen3_A2_B2.mk
-rw-rw-r-- 1 travis travis  1330 Jun  1 21:07 ModularCodeGen3_A2_B2_profile.class
-rw-rw-r-- 1 travis travis  1274 Jun  1 21:07 ModularCodeGen3_A2_B2_profile.java
-rw-rw-r-- 1 travis travis  5038 Jun  1 21:07 ModularCodeGen3_A2.class
-rw-rw-r-- 1 travis travis 15957 Jun  1 21:07 ModularCodeGen3_A2.java
-rw-rw-r-- 1 travis travis   856 Jun  1 21:07 ModularCodeGen3_A2.mk
-rw-rw-r-- 1 travis travis  1445 Jun  1 21:07 ModularCodeGen3_A2_profile.class
-rw-rw-r-- 1 travis travis  1716 Jun  1 21:07 ModularCodeGen3_A2_profile.java
-rw-rw-r-- 1 travis travis  3794 Jun  1 21:07 ModularCodeGen4_A1_B1.class
-rw-rw-r-- 1 travis travis 10312 Jun  1 21:07 ModularCodeGen4_A1_B1.java
-rw-rw-r-- 1 travis travis   880 Jun  1 21:07 ModularCodeGen4_A1_B1.mk
-rw-rw-r-- 1 travis travis  1330 Jun  1 21:07 ModularCodeGen4_A1_B1_profile.class
-rw-rw-r-- 1 travis travis  1273 Jun  1 21:07 ModularCodeGen4_A1_B1_profile.java
-rw-rw-r-- 1 travis travis  3794 Jun  1 21:07 ModularCodeGen4_A1_B2.class
-rw-rw-r-- 1 travis travis 10312 Jun  1 21:07 ModularCodeGen4_A1_B2.java
-rw-rw-r-- 1 travis travis   880 Jun  1 21:07 ModularCodeGen4_A1_B2.mk
-rw-rw-r-- 1 travis travis  1330 Jun  1 21:07 ModularCodeGen4_A1_B2_profile.class
-rw-rw-r-- 1 travis travis  1273 Jun  1 21:07 ModularCodeGen4_A1_B2_profile.java
-rw-rw-r-- 1 travis travis  5101 Jun  1 21:07 ModularCodeGen4_A1.class
-rw-rw-r-- 1 travis travis 16245 Jun  1 21:07 ModularCodeGen4_A1.java
-rw-rw-r-- 1 travis travis   856 Jun  1 21:07 ModularCodeGen4_A1.mk
-rw-rw-r-- 1 travis travis  1445 Jun  1 21:07 ModularCodeGen4_A1_profile.class
-rw-rw-r-- 1 travis travis  1712 Jun  1 21:07 ModularCodeGen4_A1_profile.java
-rw-rw-r-- 1 travis travis  3988 Jun  1 21:07 ModularCodeGen4_A2_B1.class
-rw-rw-r-- 1 travis travis 11375 Jun  1 21:07 ModularCodeGen4_A2_B1.java
-rw-rw-r-- 1 travis travis   880 Jun  1 21:07 ModularCodeGen4_A2_B1.mk
-rw-rw-r-- 1 travis travis  1393 Jun  1 21:07 ModularCodeGen4_A2_B1_profile.class
-rw-rw-r-- 1 travis travis  1454 Jun  1 21:07 ModularCodeGen4_A2_B1_profile.java
-rw-rw-r-- 1 travis travis  3842 Jun  1 21:07 ModularCodeGen4_A2_B2.class
-rw-rw-r-- 1 travis travis 10378 Jun  1 21:07 ModularCodeGen4_A2_B2.java
-rw-rw-r-- 1 travis travis   880 Jun  1 21:07 ModularCodeGen4_A2_B2.mk
-rw-rw-r-- 1 travis travis  1330 Jun  1 21:07 ModularCodeGen4_A2_B2_profile.class
-rw-rw-r-- 1 travis travis  1270 Jun  1 21:07 ModularCodeGen4_A2_B2_profile.java
-rw-rw-r-- 1 travis travis  5274 Jun  1 21:07 ModularCodeGen4_A2.class
-rw-rw-r-- 1 travis travis 16770 Jun  1 21:07 ModularCodeGen4_A2.java
-rw-rw-r-- 1 travis travis   856 Jun  1 21:07 ModularCodeGen4_A2.mk
-rw-rw-r-- 1 travis travis  1445 Jun  1 21:07 ModularCodeGen4_A2_profile.class
-rw-rw-r-- 1 travis travis  1712 Jun  1 21:07 ModularCodeGen4_A2_profile.java
-rw-rw-r-- 1 travis travis  6838 Jun  1 21:07 ModularCodeGen5_A_A.class
-rw-rw-r-- 1 travis travis 28721 Jun  1 21:07 ModularCodeGen5_A_A.java
-rw-rw-r-- 1 travis travis   864 Jun  1 21:07 ModularCodeGen5_A_A.mk
-rw-rw-r-- 1 travis travis  1520 Jun  1 21:07 ModularCodeGen5_A_A_profile.class
-rw-rw-r-- 1 travis travis  1815 Jun  1 21:07 ModularCodeGen5_A_A_profile.java
-rw-rw-r-- 1 travis travis  5115 Jun  1 21:07 ModularCodeGen5_A.class
-rw-rw-r-- 1 travis travis 13769 Jun  1 21:07 ModularCodeGen5_A.java
-rw-rw-r-- 1 travis travis   848 Jun  1 21:07 ModularCodeGen5_A.mk
-rw-rw-r-- 1 travis travis  1422 Jun  1 21:07 ModularCodeGen5_A_profile.class
-rw-rw-r-- 1 travis travis  1605 Jun  1 21:07 ModularCodeGen5_A_profile.java
-rw-rw-r-- 1 travis travis  4125 Jun  1 21:07 ModularCodeGen6_A_A2.class
-rw-rw-r-- 1 travis travis 11329 Jun  1 21:07 ModularCodeGen6_A_A2.java
-rw-rw-r-- 1 travis travis   872 Jun  1 21:07 ModularCodeGen6_A_A2.mk
-rw-rw-r-- 1 travis travis  1351 Jun  1 21:07 ModularCodeGen6_A_A2_profile.class
-rw-rw-r-- 1 travis travis  1364 Jun  1 21:07 ModularCodeGen6_A_A2_profile.java
-rw-rw-r-- 1 travis travis  4108 Jun  1 21:07 ModularCodeGen6_A_A.class
-rw-rw-r-- 1 travis travis 11221 Jun  1 21:07 ModularCodeGen6_A_A.java
-rw-rw-r-- 1 travis travis   864 Jun  1 21:07 ModularCodeGen6_A_A.mk
-rw-rw-r-- 1 travis travis  1348 Jun  1 21:07 ModularCodeGen6_A_A_profile.class
-rw-rw-r-- 1 travis travis  1361 Jun  1 21:07 ModularCodeGen6_A_A_profile.java
-rw-rw-r-- 1 travis travis  7237 Jun  1 21:07 ModularCodeGen6_A.class
-rw-rw-r-- 1 travis travis 26535 Jun  1 21:07 ModularCodeGen6_A.java
-rw-rw-r-- 1 travis travis   848 Jun  1 21:07 ModularCodeGen6_A.mk
-rw-rw-r-- 1 travis travis  1483 Jun  1 21:07 ModularCodeGen6_A_profile.class
-rw-rw-r-- 1 travis travis  1810 Jun  1 21:07 ModularCodeGen6_A_profile.java
-rw-rw-r-- 1 travis travis  9439 Jun  1 21:07 ModularCodeGenLazyPubSubGlobal_CompositeActor_ModularCodeGenTypedComposite.class
-rw-rw-r-- 1 travis travis 30161 Jun  1 21:07 ModularCodeGenLazyPubSubGlobal_CompositeActor_ModularCodeGenTypedComposite.java
-rw-rw-r-- 1 travis travis  1304 Jun  1 21:07 ModularCodeGenLazyPubSubGlobal_CompositeActor_ModularCodeGenTypedComposite.mk
-rw-rw-r-- 1 travis travis  1438 Jun  1 21:07 ModularCodeGenLazyPubSubGlobal_CompositeActor_ModularCodeGenTypedComposite_profile.class
-rw-rw-r-- 1 travis travis  1384 Jun  1 21:07 ModularCodeGenLazyPubSubGlobal_CompositeActor_ModularCodeGenTypedComposite_profile.java
-rw-rw-r-- 1 travis travis  3952 Jun  1 21:07 ModularCodeGenLazyPubSub_LazyCompositeActor.class
-rw-rw-r-- 1 travis travis 11122 Jun  1 21:07 ModularCodeGenLazyPubSub_LazyCompositeActor.java
-rw-rw-r-- 1 travis travis  1056 Jun  1 21:07 ModularCodeGenLazyPubSub_LazyCompositeActor.mk
-rw-rw-r-- 1 travis travis  1286 Jun  1 21:07 ModularCodeGenLazyPubSub_LazyCompositeActor_profile.class
-rw-rw-r-- 1 travis travis  1091 Jun  1 21:07 ModularCodeGenLazyPubSub_LazyCompositeActor_profile.java
-rw-rw-r-- 1 travis travis  3954 Jun  1 21:06 ModularCodeGen_ModularCodeGenTypedCompositeActor.class
-rw-rw-r-- 1 travis travis 10970 Jun  1 21:06 ModularCodeGen_ModularCodeGenTypedCompositeActor.java
-rw-rw-r-- 1 travis travis  1096 Jun  1 21:06 ModularCodeGen_ModularCodeGenTypedCompositeActor.mk
-rw-rw-r-- 1 travis travis  1384 Jun  1 21:06 ModularCodeGen_ModularCodeGenTypedCompositeActor_profile.class
-rw-rw-r-- 1 travis travis  1328 Jun  1 21:06 ModularCodeGen_ModularCodeGenTypedCompositeActor_profile.java
-rw-rw-r-- 1 travis travis  1128 Jun  1 21:07 ModularCodeGenPubSub2_A1_A_profile.java
-rw-rw-r-- 1 travis travis  3475 Jun  1 21:07 ModularCodeGenPubSub_A1.class
-rw-rw-r-- 1 travis travis  9060 Jun  1 21:07 ModularCodeGenPubSub_A1.java
-rw-rw-r-- 1 travis travis   896 Jun  1 21:07 ModularCodeGenPubSub_A1.mk
-rw-rw-r-- 1 travis travis  1278 Jun  1 21:07 ModularCodeGenPubSub_A1_profile.class
-rw-rw-r-- 1 travis travis  1195 Jun  1 21:07 ModularCodeGenPubSub_A1_profile.java
-rw-rw-r-- 1 travis travis  3492 Jun  1 21:06 ModularCodeGenTest_A1_A2.class
-rw-rw-r-- 1 travis travis  9164 Jun  1 21:06 ModularCodeGenTest_A1_A2.java
-rw-rw-r-- 1 travis travis   904 Jun  1 21:06 ModularCodeGenTest_A1_A2.mk
-rw-rw-r-- 1 travis travis  1306 Jun  1 21:06 ModularCodeGenTest_A1_A2_profile.class
-rw-rw-r-- 1 travis travis  1228 Jun  1 21:06 ModularCodeGenTest_A1_A2_profile.java
-rw-rw-r-- 1 travis travis  3823 Jun  1 21:06 ModularCodeGenTest_A1.class
-rw-rw-r-- 1 travis travis  9968 Jun  1 21:06 ModularCodeGenTest_A1.java
-rw-rw-r-- 1 travis travis   880 Jun  1 21:06 ModularCodeGenTest_A1.mk
-rw-rw-r-- 1 travis travis  1352 Jun  1 21:06 ModularCodeGenTest_A1_profile.class
-rw-rw-r-- 1 travis travis  1394 Jun  1 21:06 ModularCodeGenTest_A1_profile.java
-rw-rw-r-- 1 travis travis   432 Jun  1 21:07 Token.class
-rw-rw-r-- 1 travis travis   251 Jun  1 21:07 Token.java
warning: Supported source version 'RELEASE_6' from annotation processor 'org.netbeans.modules.openide.util.NbBundleProcessor' less than -source '1.8'
warning: Supported source version 'RELEASE_6' from annotation processor 'org.netbeans.modules.openide.util.URLStreamHandlerRegistrationProcessor' less than -source '1.8'
warning: Supported source version 'RELEASE_6' from annotation processor 'org.netbeans.modules.openide.util.ServiceProviderProcessor' less than -source '1.8'
3 warnings
All Done
Writing ModularCodeGenPubSub2_A1_A.java in file:/home/travis/cg/ (8578 characters)
Reading "ptolemy/cg/kernel/generic/program/procedural/java/modular/makefile.in",
    writing "/home/travis/cg/ModularCodeGenPubSub2_A1_A.mk"
Using ptolemy/cg/kernel/generic/program/procedural/java/modular/makefile.in
In "/home/travis/cg", about to execute:
    make -f ModularCodeGenPubSub2_A1_A.mk
javac -classpath ".:.."    ModularCodeGenPubSub2_A1_A.java
All Done
In "/home/travis/cg", about to execute:
    pwd
/home/travis/cg
In "/home/travis/cg", about to execute:
    ls -l
total 1264
-rw-rw-r-- 1 travis travis   233 Jun  1 21:07 Array.class
-rw-rw-r-- 1 travis travis   459 Jun  1 21:07 Array.java
-rw-rw-r-- 1 travis travis  4895 Jun  1 21:06 CompiledCompositeActor_CompiledCompositeActor.class
-rw-rw-r-- 1 travis travis  1592 Jun  1 21:06 CompiledCompositeActor_CompiledCompositeActor$_CompiledCompositeActor_CompiledCompositeActor.class
-rw-rw-r-- 1 travis travis 13466 Jun  1 21:06 CompiledCompositeActor_CompiledCompositeActor.java
-rw-rw-r-- 1 travis travis  1593 Jun  1 21:06 CompiledCompositeActor_CompiledCompositeActor.mk
-rw-rw-r-- 1 travis travis  4457 Jun  1 21:06 JavaCompiledCompositeTest1_CompiledCompositeActor.class
-rw-rw-r-- 1 travis travis 11637 Jun  1 21:06 JavaCompiledCompositeTest1_CompiledCompositeActor.java
-rw-rw-r-- 1 travis travis  1198 Jun  1 21:06 JavaCompiledCompositeTest1_CompiledCompositeActor$_JavaCompiledCompositeTest1_CompiledCompositeActor.class
-rw-rw-r-- 1 travis travis  1625 Jun  1 21:06 JavaCompiledCompositeTest1_CompiledCompositeActor.mk
-rw-rw-r-- 1 travis travis  4888 Jun  1 21:06 JavaCompiledCompositeTest2_CompiledCompositeActor.class
-rw-rw-r-- 1 travis travis 14919 Jun  1 21:06 JavaCompiledCompositeTest2_CompiledCompositeActor.java
-rw-rw-r-- 1 travis travis  1793 Jun  1 21:06 JavaCompiledCompositeTest2_CompiledCompositeActor$_JavaCompiledCompositeTest2_CompiledCompositeActor.class
-rw-rw-r-- 1 travis travis  1625 Jun  1 21:06 JavaCompiledCompositeTest2_CompiledCompositeActor.mk
-rw-rw-r-- 1 travis travis  4505 Jun  1 21:06 JavaCompiledCompositeTest3_CompiledCompositeActor.class
-rw-rw-r-- 1 travis travis 13080 Jun  1 21:06 JavaCompiledCompositeTest3_CompiledCompositeActor.java
-rw-rw-r-- 1 travis travis  1378 Jun  1 21:06 JavaCompiledCompositeTest3_CompiledCompositeActor$_JavaCompiledCompositeTest3_CompiledCompositeActor.class
-rw-rw-r-- 1 travis travis  1625 Jun  1 21:06 JavaCompiledCompositeTest3_CompiledCompositeActor.mk
-rw-rw-r-- 1 travis travis  3953 Jun  1 21:06 JavaCompiledCompositeTest4_CompiledCompositeActor.class
-rw-rw-r-- 1 travis travis  9687 Jun  1 21:06 JavaCompiledCompositeTest4_CompiledCompositeActor.java
-rw-rw-r-- 1 travis travis   857 Jun  1 21:06 JavaCompiledCompositeTest4_CompiledCompositeActor$_JavaCompiledCompositeTest4_CompiledCompositeActor.class
-rw-rw-r-- 1 travis travis  1625 Jun  1 21:06 JavaCompiledCompositeTest4_CompiledCompositeActor.mk
-rw-rw-r-- 1 travis travis  3693 Jun  1 21:06 ModularCG_A1_B1.class
-rw-rw-r-- 1 travis travis  9730 Jun  1 21:06 ModularCG_A1_B1.java
-rw-rw-r-- 1 travis travis   832 Jun  1 21:06 ModularCG_A1_B1.mk
-rw-rw-r-- 1 travis travis  1318 Jun  1 21:06 ModularCG_A1_B1_profile.class
-rw-rw-r-- 1 travis travis  1262 Jun  1 21:06 ModularCG_A1_B1_profile.java
-rw-rw-r-- 1 travis travis  3693 Jun  1 21:06 ModularCG_A1_B2.class
-rw-rw-r-- 1 travis travis  9730 Jun  1 21:06 ModularCG_A1_B2.java
-rw-rw-r-- 1 travis travis   832 Jun  1 21:06 ModularCG_A1_B2.mk
-rw-rw-r-- 1 travis travis  1318 Jun  1 21:06 ModularCG_A1_B2_profile.class
-rw-rw-r-- 1 travis travis  1262 Jun  1 21:06 ModularCG_A1_B2_profile.java
-rw-rw-r-- 1 travis travis  4799 Jun  1 21:06 ModularCG_A1.class
-rw-rw-r-- 1 travis travis 14742 Jun  1 21:06 ModularCG_A1.java
-rw-rw-r-- 1 travis travis   808 Jun  1 21:06 ModularCG_A1.mk
-rw-rw-r-- 1 travis travis  1433 Jun  1 21:06 ModularCG_A1_profile.class
-rw-rw-r-- 1 travis travis  1704 Jun  1 21:06 ModularCG_A1_profile.java
-rw-rw-r-- 1 travis travis  3827 Jun  1 21:06 ModularCG_A2_B1.class
-rw-rw-r-- 1 travis travis 10667 Jun  1 21:06 ModularCG_A2_B1.java
-rw-rw-r-- 1 travis travis   832 Jun  1 21:06 ModularCG_A2_B1.mk
-rw-rw-r-- 1 travis travis  1381 Jun  1 21:06 ModularCG_A2_B1_profile.class
-rw-rw-r-- 1 travis travis  1446 Jun  1 21:06 ModularCG_A2_B1_profile.java
-rw-rw-r-- 1 travis travis  3693 Jun  1 21:06 ModularCG_A2_B2.class
-rw-rw-r-- 1 travis travis  9730 Jun  1 21:06 ModularCG_A2_B2.java
-rw-rw-r-- 1 travis travis   832 Jun  1 21:06 ModularCG_A2_B2.mk
-rw-rw-r-- 1 travis travis  1318 Jun  1 21:06 ModularCG_A2_B2_profile.class
-rw-rw-r-- 1 travis travis  1262 Jun  1 21:06 ModularCG_A2_B2_profile.java
-rw-rw-r-- 1 travis travis  4870 Jun  1 21:06 ModularCG_A2.class
-rw-rw-r-- 1 travis travis 15129 Jun  1 21:06 ModularCG_A2.java
-rw-rw-r-- 1 travis travis   808 Jun  1 21:06 ModularCG_A2.mk
-rw-rw-r-- 1 travis travis  1433 Jun  1 21:06 ModularCG_A2_profile.class
-rw-rw-r-- 1 travis travis  1704 Jun  1 21:06 ModularCG_A2_profile.java
-rw-rw-r-- 1 travis travis  3473 Jun  1 21:06 ModularCGPubSub_A1_A2.class
-rw-rw-r-- 1 travis travis  9076 Jun  1 21:06 ModularCGPubSub_A1_A2.java
-rw-rw-r-- 1 travis travis   880 Jun  1 21:06 ModularCGPubSub_A1_A2.mk
-rw-rw-r-- 1 travis travis  1300 Jun  1 21:06 ModularCGPubSub_A1_A2_profile.class
-rw-rw-r-- 1 travis travis  1222 Jun  1 21:06 ModularCGPubSub_A1_A2_profile.java
-rw-rw-r-- 1 travis travis  3790 Jun  1 21:06 ModularCGPubSub_A1.class
-rw-rw-r-- 1 travis travis  9836 Jun  1 21:06 ModularCGPubSub_A1.java
-rw-rw-r-- 1 travis travis   856 Jun  1 21:06 ModularCGPubSub_A1.mk
-rw-rw-r-- 1 travis travis  1346 Jun  1 21:06 ModularCGPubSub_A1_profile.class
-rw-rw-r-- 1 travis travis  1388 Jun  1 21:06 ModularCGPubSub_A1_profile.java
-rw-rw-r-- 1 travis travis  3988 Jun  1 21:06 ModularCodeGen2_ModularCodeGenTypedCompositeActor.class
-rw-rw-r-- 1 travis travis 11690 Jun  1 21:06 ModularCodeGen2_ModularCodeGenTypedCompositeActor.java
-rw-rw-r-- 1 travis travis  1104 Jun  1 21:06 ModularCodeGen2_ModularCodeGenTypedCompositeActor.mk
-rw-rw-r-- 1 travis travis  4272 Jun  1 21:06 ModularCodeGen2_ModularCodeGenTypedCompositeActor_ModularCodeGenTypedCompositeActor.class
-rw-rw-r-- 1 travis travis 11790 Jun  1 21:06 ModularCodeGen2_ModularCodeGenTypedCompositeActor_ModularCodeGenTypedCompositeActor.java
-rw-rw-r-- 1 travis travis  1376 Jun  1 21:06 ModularCodeGen2_ModularCodeGenTypedCompositeActor_ModularCodeGenTypedCompositeActor.mk
-rw-rw-r-- 1 travis travis  1421 Jun  1 21:06 ModularCodeGen2_ModularCodeGenTypedCompositeActor_ModularCodeGenTypedCompositeActor_profile.class
-rw-rw-r-- 1 travis travis  1294 Jun  1 21:06 ModularCodeGen2_ModularCodeGenTypedCompositeActor_ModularCodeGenTypedCompositeActor_profile.java
-rw-rw-r-- 1 travis travis   820 Jun  1 21:06 ModularCodeGen2_ModularCodeGenTypedCompositeActor_profile.class
-rw-rw-r-- 1 travis travis   693 Jun  1 21:06 ModularCodeGen2_ModularCodeGenTypedCompositeActor_profile.java
-rw-rw-r-- 1 travis travis  3741 Jun  1 21:06 ModularCodeGen3_A1_B1.class
-rw-rw-r-- 1 travis travis  9958 Jun  1 21:06 ModularCodeGen3_A1_B1.java
-rw-rw-r-- 1 travis travis   880 Jun  1 21:06 ModularCodeGen3_A1_B1.mk
-rw-rw-r-- 1 travis travis  1330 Jun  1 21:06 ModularCodeGen3_A1_B1_profile.class
-rw-rw-r-- 1 travis travis  1274 Jun  1 21:06 ModularCodeGen3_A1_B1_profile.java
-rw-rw-r-- 1 travis travis  3741 Jun  1 21:06 ModularCodeGen3_A1_B2.class
-rw-rw-r-- 1 travis travis  9958 Jun  1 21:06 ModularCodeGen3_A1_B2.java
-rw-rw-r-- 1 travis travis   880 Jun  1 21:06 ModularCodeGen3_A1_B2.mk
-rw-rw-r-- 1 travis travis  1330 Jun  1 21:06 ModularCodeGen3_A1_B2_profile.class
-rw-rw-r-- 1 travis travis  1274 Jun  1 21:06 ModularCodeGen3_A1_B2_profile.java
-rw-rw-r-- 1 travis travis  4961 Jun  1 21:07 ModularCodeGen3_A1.class
-rw-rw-r-- 1 travis travis 15564 Jun  1 21:06 ModularCodeGen3_A1.java
-rw-rw-r-- 1 travis travis   856 Jun  1 21:06 ModularCodeGen3_A1.mk
-rw-rw-r-- 1 travis travis  1445 Jun  1 21:06 ModularCodeGen3_A1_profile.class
-rw-rw-r-- 1 travis travis  1716 Jun  1 21:06 ModularCodeGen3_A1_profile.java
-rw-rw-r-- 1 travis travis  3887 Jun  1 21:07 ModularCodeGen3_A2_B1.class
-rw-rw-r-- 1 travis travis 10955 Jun  1 21:07 ModularCodeGen3_A2_B1.java
-rw-rw-r-- 1 travis travis   880 Jun  1 21:07 ModularCodeGen3_A2_B1.mk
-rw-rw-r-- 1 travis travis  1393 Jun  1 21:07 ModularCodeGen3_A2_B1_profile.class
-rw-rw-r-- 1 travis travis  1458 Jun  1 21:07 ModularCodeGen3_A2_B1_profile.java
-rw-rw-r-- 1 travis travis  3741 Jun  1 21:07 ModularCodeGen3_A2_B2.class
-rw-rw-r-- 1 travis travis  9958 Jun  1 21:07 ModularCodeGen3_A2_B2.java
-rw-rw-r-- 1 travis travis   880 Jun  1 21:07 ModularCodeGen3_A2_B2.mk
-rw-rw-r-- 1 travis travis  1330 Jun  1 21:07 ModularCodeGen3_A2_B2_profile.class
-rw-rw-r-- 1 travis travis  1274 Jun  1 21:07 ModularCodeGen3_A2_B2_profile.java
-rw-rw-r-- 1 travis travis  5038 Jun  1 21:07 ModularCodeGen3_A2.class
-rw-rw-r-- 1 travis travis 15957 Jun  1 21:07 ModularCodeGen3_A2.java
-rw-rw-r-- 1 travis travis   856 Jun  1 21:07 ModularCodeGen3_A2.mk
-rw-rw-r-- 1 travis travis  1445 Jun  1 21:07 ModularCodeGen3_A2_profile.class
-rw-rw-r-- 1 travis travis  1716 Jun  1 21:07 ModularCodeGen3_A2_profile.java
-rw-rw-r-- 1 travis travis  3794 Jun  1 21:07 ModularCodeGen4_A1_B1.class
-rw-rw-r-- 1 travis travis 10312 Jun  1 21:07 ModularCodeGen4_A1_B1.java
-rw-rw-r-- 1 travis travis   880 Jun  1 21:07 ModularCodeGen4_A1_B1.mk
-rw-rw-r-- 1 travis travis  1330 Jun  1 21:07 ModularCodeGen4_A1_B1_profile.class
-rw-rw-r-- 1 travis travis  1273 Jun  1 21:07 ModularCodeGen4_A1_B1_profile.java
-rw-rw-r-- 1 travis travis  3794 Jun  1 21:07 ModularCodeGen4_A1_B2.class
-rw-rw-r-- 1 travis travis 10312 Jun  1 21:07 ModularCodeGen4_A1_B2.java
-rw-rw-r-- 1 travis travis   880 Jun  1 21:07 ModularCodeGen4_A1_B2.mk
-rw-rw-r-- 1 travis travis  1330 Jun  1 21:07 ModularCodeGen4_A1_B2_profile.class
-rw-rw-r-- 1 travis travis  1273 Jun  1 21:07 ModularCodeGen4_A1_B2_profile.java
-rw-rw-r-- 1 travis travis  5101 Jun  1 21:07 ModularCodeGen4_A1.class
-rw-rw-r-- 1 travis travis 16245 Jun  1 21:07 ModularCodeGen4_A1.java
-rw-rw-r-- 1 travis travis   856 Jun  1 21:07 ModularCodeGen4_A1.mk
-rw-rw-r-- 1 travis travis  1445 Jun  1 21:07 ModularCodeGen4_A1_profile.class
-rw-rw-r-- 1 travis travis  1712 Jun  1 21:07 ModularCodeGen4_A1_profile.java
-rw-rw-r-- 1 travis travis  3988 Jun  1 21:07 ModularCodeGen4_A2_B1.class
-rw-rw-r-- 1 travis travis 11375 Jun  1 21:07 ModularCodeGen4_A2_B1.java
-rw-rw-r-- 1 travis travis   880 Jun  1 21:07 ModularCodeGen4_A2_B1.mk
-rw-rw-r-- 1 travis travis  1393 Jun  1 21:07 ModularCodeGen4_A2_B1_profile.class
-rw-rw-r-- 1 travis travis  1454 Jun  1 21:07 ModularCodeGen4_A2_B1_profile.java
-rw-rw-r-- 1 travis travis  3842 Jun  1 21:07 ModularCodeGen4_A2_B2.class
-rw-rw-r-- 1 travis travis 10378 Jun  1 21:07 ModularCodeGen4_A2_B2.java
-rw-rw-r-- 1 travis travis   880 Jun  1 21:07 ModularCodeGen4_A2_B2.mk
-rw-rw-r-- 1 travis travis  1330 Jun  1 21:07 ModularCodeGen4_A2_B2_profile.class
-rw-rw-r-- 1 travis travis  1270 Jun  1 21:07 ModularCodeGen4_A2_B2_profile.java
-rw-rw-r-- 1 travis travis  5274 Jun  1 21:07 ModularCodeGen4_A2.class
-rw-rw-r-- 1 travis travis 16770 Jun  1 21:07 ModularCodeGen4_A2.java
-rw-rw-r-- 1 travis travis   856 Jun  1 21:07 ModularCodeGen4_A2.mk
-rw-rw-r-- 1 travis travis  1445 Jun  1 21:07 ModularCodeGen4_A2_profile.class
-rw-rw-r-- 1 travis travis  1712 Jun  1 21:07 ModularCodeGen4_A2_profile.java
-rw-rw-r-- 1 travis travis  6838 Jun  1 21:07 ModularCodeGen5_A_A.class
-rw-rw-r-- 1 travis travis 28721 Jun  1 21:07 ModularCodeGen5_A_A.java
-rw-rw-r-- 1 travis travis   864 Jun  1 21:07 ModularCodeGen5_A_A.mk
-rw-rw-r-- 1 travis travis  1520 Jun  1 21:07 ModularCodeGen5_A_A_profile.class
-rw-rw-r-- 1 travis travis  1815 Jun  1 21:07 ModularCodeGen5_A_A_profile.java
-rw-rw-r-- 1 travis travis  5115 Jun  1 21:07 ModularCodeGen5_A.class
-rw-rw-r-- 1 travis travis 13769 Jun  1 21:07 ModularCodeGen5_A.java
-rw-rw-r-- 1 travis travis   848 Jun  1 21:07 ModularCodeGen5_A.mk
-rw-rw-r-- 1 travis travis  1422 Jun  1 21:07 ModularCodeGen5_A_profile.class
-rw-rw-r-- 1 travis travis  1605 Jun  1 21:07 ModularCodeGen5_A_profile.java
-rw-rw-r-- 1 travis travis  4125 Jun  1 21:07 ModularCodeGen6_A_A2.class
-rw-rw-r-- 1 travis travis 11329 Jun  1 21:07 ModularCodeGen6_A_A2.java
-rw-rw-r-- 1 travis travis   872 Jun  1 21:07 ModularCodeGen6_A_A2.mk
-rw-rw-r-- 1 travis travis  1351 Jun  1 21:07 ModularCodeGen6_A_A2_profile.class
-rw-rw-r-- 1 travis travis  1364 Jun  1 21:07 ModularCodeGen6_A_A2_profile.java
-rw-rw-r-- 1 travis travis  4108 Jun  1 21:07 ModularCodeGen6_A_A.class
-rw-rw-r-- 1 travis travis 11221 Jun  1 21:07 ModularCodeGen6_A_A.java
-rw-rw-r-- 1 travis travis   864 Jun  1 21:07 ModularCodeGen6_A_A.mk
-rw-rw-r-- 1 travis travis  1348 Jun  1 21:07 ModularCodeGen6_A_A_profile.class
-rw-rw-r-- 1 travis travis  1361 Jun  1 21:07 ModularCodeGen6_A_A_profile.java
-rw-rw-r-- 1 travis travis  7237 Jun  1 21:07 ModularCodeGen6_A.class
-rw-rw-r-- 1 travis travis 26535 Jun  1 21:07 ModularCodeGen6_A.java
-rw-rw-r-- 1 travis travis   848 Jun  1 21:07 ModularCodeGen6_A.mk
-rw-rw-r-- 1 travis travis  1483 Jun  1 21:07 ModularCodeGen6_A_profile.class
-rw-rw-r-- 1 travis travis  1810 Jun  1 21:07 ModularCodeGen6_A_profile.java
-rw-rw-r-- 1 travis travis  9439 Jun  1 21:07 ModularCodeGenLazyPubSubGlobal_CompositeActor_ModularCodeGenTypedComposite.class
-rw-rw-r-- 1 travis travis 30161 Jun  1 21:07 ModularCodeGenLazyPubSubGlobal_CompositeActor_ModularCodeGenTypedComposite.java
-rw-rw-r-- 1 travis travis  1304 Jun  1 21:07 ModularCodeGenLazyPubSubGlobal_CompositeActor_ModularCodeGenTypedComposite.mk
-rw-rw-r-- 1 travis travis  1438 Jun  1 21:07 ModularCodeGenLazyPubSubGlobal_CompositeActor_ModularCodeGenTypedComposite_profile.class
-rw-rw-r-- 1 travis travis  1384 Jun  1 21:07 ModularCodeGenLazyPubSubGlobal_CompositeActor_ModularCodeGenTypedComposite_profile.java
-rw-rw-r-- 1 travis travis  3952 Jun  1 21:07 ModularCodeGenLazyPubSub_LazyCompositeActor.class
In "/home/travis/cg", about to execute:
-rw-rw-r-- 1 travis travis 11122 Jun  1 21:07 ModularCodeGenLazyPubSub_LazyCompositeActor.java
-rw-rw-r-- 1 travis travis  1056 Jun  1 21:07 ModularCodeGenLazyPubSub_LazyCompositeActor.mk
-rw-rw-r-- 1 travis travis  1286 Jun  1 21:07 ModularCodeGenLazyPubSub_LazyCompositeActor_profile.class
-rw-rw-r-- 1 travis travis  1091 Jun  1 21:07 ModularCodeGenLazyPubSub_LazyCompositeActor_profile.java
-rw-rw-r-- 1 travis travis  3954 Jun  1 21:06 ModularCodeGen_ModularCodeGenTypedCompositeActor.class
-rw-rw-r-- 1 travis travis 10970 Jun  1 21:06 ModularCodeGen_ModularCodeGenTypedCompositeActor.java
-rw-rw-r-- 1 travis travis  1096 Jun  1 21:06 ModularCodeGen_ModularCodeGenTypedCompositeActor.mk
-rw-rw-r-- 1 travis travis  1384 Jun  1 21:06 ModularCodeGen_ModularCodeGenTypedCompositeActor_profile.class
-rw-rw-r-- 1 travis travis  1328 Jun  1 21:06 ModularCodeGen_ModularCodeGenTypedCompositeActor_profile.java
-rw-rw-r-- 1 travis travis  3441 Jun  1 21:07 ModularCodeGenPubSub2_A1_A.class
-rw-rw-r-- 1 travis travis  8578 Jun  1 21:07 ModularCodeGenPubSub2_A1_A.java
-rw-rw-r-- 1 travis travis   920 Jun  1 21:07 ModularCodeGenPubSub2_A1_A.mk
-rw-rw-r-- 1 travis travis  1274 Jun  1 21:07 ModularCodeGenPubSub2_A1_A_profile.class
-rw-rw-r-- 1 travis travis  1128 Jun  1 21:07 ModularCodeGenPubSub2_A1_A_profile.java
-rw-rw-r-- 1 travis travis  1196 Jun  1 21:07 ModularCodeGenPubSub2_A1_profile.java
    javac -classpath
.:/home/travis/build/icyphy/ptII:/home/travis/build/icyphy/ptII/lib/bsh-2.0b4.j
ar:/home/travis/build/icyphy/ptII/lib/ptCal.jar:/home/travis/build/icyphy/ptII/
lib/java_cup.jar:/home/travis/build/icyphy/ptII/lib/saxon8.jar:/home/travis/bui
ld/icyphy/ptII/lib/saxon8-dom.jar:/home/travis/build/icyphy/ptII/lib/chic.jar:/
home/travis/build/icyphy/ptII/lib/ptcolt.jar:/usr/lib/jvm/java-8-oracle/lib/too
ls.jar:/usr/lib/eclipse/plugins/org.eclipse.jdt.core_3.8.2.dist.jar:/usr/lib/ec
lipse/plugins/org.eclipse.core.runtime_3.8.0.dist.jar:/usr/lib/eclipse/plugins/
org.eclipse.osgi_3.8.1.dist.jar:/usr/lib/eclipse/plugins/org.eclipse.core.resou
rces_3.8.1.dist.jar:/usr/lib/eclipse/plugins/org.eclipse.equinox.common_3.6.100
.dist.jar:/usr/lib/eclipse/plugins/org.eclipse.core.jobs_3.5.200.dist.jar:/usr/
lib/eclipse/plugins/org.eclipse.core.contenttype_3.4.200.dist.jar:/usr/lib/ecli
pse/plugins/org.eclipse.equinox.preferences_3.5.0.dist.jar:/usr/lib/eclipse/plu
gins/org.eclipse.text_3.5.200.dist.jar:/usr/lib/eclipse/plugins/org.eclipse.ui.
workbench_3.8.1.dist.jar:/usr/lib/eclipse/plugins/org.eclipse.jface_3.8.0.dist.
jar:/usr/lib/eclipse/plugins/org.eclipse.swt_3.8.2.jar:/usr/lib/eclipse/plugins
/org.eclipse.jface.text_3.8.1.dist.jar:/usr/lib/eclipse/plugins/org.eclipse.ui.
workbench.texteditor_3.8.0.dist.jar:/usr/lib/eclipse/plugins/org.eclipse.ui.edi
tors_3.8.0.dist.jar:/usr/lib/eclipse/plugins/org.eclipse.core.commands_3.6.1.di
st.jar:/usr/lib/eclipse/plugins/org.eclipse.equinox.registry_3.5.200.dist.jar:/
usr/lib/eclipse/plugins/org.eclipse.ui.console_3.5.100.dist.jar:/usr/lib/eclips
e/plugins/org.eclipse.ui.forms_3.5.200.dist.jar:/usr/lib/eclipse/plugins/org.ec
lipse.ui.ide_3.8.1.dist.jar:/home/travis/build/icyphy/ptII/vendors/oracle/dbxml
.jar:/home/travis/build/icyphy/ptII/vendors/oracle/db.jar:/home/travis/build/ic
yphy/ptII/vendors/misc/itext/iText.jar:/home/travis/build/icyphy/ptII/lib/g4ltl
.jar:/home/travis/build/icyphy/ptII/lib/StructuralCoder.jar:/home/travis/build/
icyphy/ptII/lib/org-openide-util.jar:/home/travis/build/icyphy/ptII/lib/org-ope
nide-util-lookup.jar:/home/travis/build/icyphy/ptII/lib/org-netbeans-api-visual
.jar:/home/travis/build/icyphy/ptII/vendors/jai-1_1_2_01/lib/jai_core.jar:/home
/travis/build/icyphy/ptII/vendors/jai-1_1_2_01/lib/jai_codec.jar:/home/travis/b
uild/icyphy/ptII/lib/jcerti.jar:/home/travis/build/icyphy/ptII/lib/smack.jar:/h
ome/travis/build/icyphy/ptII/lib/smackx.jar:/home/travis/build/icyphy/ptII/lib/
jetty-all-8.1.5-v20120716.jar:/home/travis/build/icyphy/ptII/lib/javax.servlet-
api-3.0.1.jar:/home/travis/build/icyphy/ptII/lib/javax.mail.jar:/home/travis/bu
ild/icyphy/ptII/vendors/JMF-2.1.1e/lib/jmf.jar:/home/travis/build/icyphy/ptII/l
ib/jna-4.0.0-variadic.jar:/home/travis/build/icyphy/ptII/vendors/misc/joystick/
Joystick.jar:/home/travis/build/icyphy/ptII/lib/ptjacl.jar:/home/travis/build/i
cyphy/ptII/lib/jsoup-1.8.2.jar:/home/travis/build/icyphy/ptII/lib/junit-4.8.2.j
ar:/home/travis/build/icyphy/ptII/lib/JUnitParams-0.4.0.jar:/home/travis/build/
icyphy/ptII/ptolemy/actor/lib/excel/jxl.jar:/home/travis/build/icyphy/ptII/lib/
jython.jar:/home/travis/build/icyphy/ptII/lib/kieler.jar:/home/travis/build/icy
phy/ptII/vendors/opencv/share/OpenCV/java/opencv-341.jar:/home/travis/build/icy
phy/ptII/lib/oscP5.jar:/home/travis/build/icyphy/ptII/lib/nrjavaserial-3.11.0.d
evel.jar:/usr/share/java/j3dcore.jar:/usr/share/java/j3dutils.jar:/usr/share/ja
va/vecmath.jar:/home/travis/build/icyphy/ptII/ptolemy/distributed/jini/jar/jini
-core.jar:/home/travis/build/icyphy/ptII/ptolemy/distributed/jini/jar/jini-ext.
jar:/home/travis/build/icyphy/ptII/ptolemy/distributed/jini/jar/sun-util.jar:/h
ome/travis/build/icyphy/ptII/lib/protobuf-java-2.4.1.jar:/home/travis/build/icy
phy/ptII/lib/org.eclipse.paho.client.mqttv3.jar:/home/travis/build/icyphy/ptII/
ptserver/lib/hessian-4.0.7.jar:/home/travis/build/icyphy/ptII/ptserver/lib/wmqt
t.jar:/home/travis/build/icyphy/ptII/lib/mapss.jar:/home/travis/build/icyphy/pt
II/ptolemy/actor/ptalon/antlr/antlr.jar:/home/travis/build/icyphy/ptII/lib/JRI.
jar:/home/travis/build/icyphy/ptII/lib/commons-lang-2.6.jar:/home/travis/build/
icyphy/ptII/lib/commons-logging-1.1.1.jar:/home/travis/build/icyphy/ptII/lib/so
otclasses.jar:/home/travis/build/icyphy/ptII/ptolemy/actor/lib/database/mysql-c
onnector-java-5.1.6-bin.jar:/home/travis/build/icyphy/ptII/vendors/misc/sphinx4
/sphinx4-data-5prealpha.jar:/home/travis/build/icyphy/ptII/vendors/misc/sphinx4
/sphinx4-core-5prealpha.jar:/home/travis/build/icyphy/ptII/lib/PDFRenderer.jar:
/home/travis/build/icyphy/ptII/lib/svgSalamander.jar:/home/travis/build/icyphy/
ptII/lib/rsyntaxtextarea-2.6.0-SNAPSHOT.jar:/home/travis/build/icyphy/ptII/lib/
hazelcast-3.8.2.jar:/home/travis/build/icyphy/ptII/lib/jackson-annotations-2.9.
0.jar:/home/travis/build/icyphy/ptII/lib/jackson-core-2.9.3.jar:/home/travis/bu
ild/icyphy/ptII/lib/jackson-databind-2.9.3.jar:/home/travis/build/icyphy/ptII/l
ib/netty-buffer-4.1.19.Final.jar:/home/travis/build/icyphy/ptII/lib/netty-codec
-4.1.19.Final.jar:/home/travis/build/icyphy/ptII/lib/netty-codec-dns-4.1.19.Fin
al.jar:/home/travis/build/icyphy/ptII/lib/netty-codec-http-4.1.19.Final.jar:/ho
me/travis/build/icyphy/ptII/lib/netty-codec-http2-4.1.19.Final.jar:/home/travis
/build/icyphy/ptII/lib/netty-common-4.1.19.Final.jar:/home/travis/build/icyphy/
ptII/lib/netty-handler-4.1.19.Final.jar:/home/travis/build/icyphy/ptII/lib/nett
y-resolver-4.1.19.Final.jar:/home/travis/build/icyphy/ptII/lib/netty-resolver-d
ns-4.1.19.Final.jar:/home/travis/build/icyphy/ptII/lib/netty-transport-4.1.19.F
inal.jar:/home/travis/build/icyphy/ptII/lib/vertx-codegen-3.5.1.jar:/home/travi
s/build/icyphy/ptII/lib/vertx-core-3.5.2-SNAPSHOT.jar:/home/travis/build/icyphy
/ptII/lib/vertx-hazelcast-3.5.1.jar:/home/travis/build/icyphy/ptII/lib/vertx-la
ng-js-3.5.1.jar:/home/travis/build/icyphy/ptII/lib/vertx-service-proxy-3.5.1.ja
r:/home/travis/build/icyphy/ptII/lib/vertx-web-3.5.1.jar:/home/travis/build/icy
phy/ptII/lib/slf4j-api-1.7.13.jar:/home/travis/build/icyphy/ptII/lib/slf4j-simp
le-1.7.13.jar:/home/travis/build/icyphy/ptII/lib/webcam-capture-0.3.12.jar:/hom
e/travis/build/icyphy/ptII/lib/bridj-0.7.0.jar:/home/travis/build/icyphy/ptII/l
ib/xbjlib-1.1.0.nrjavaserial.jar:/home/travis/build/icyphy/ptII/ptolemy/moml/te
st:/home/travis/build/icyphy/ptII/ant/lib/ant-launcher.jar:/home/travis/build/i
cyphy/ptII/ant/lib/ant.jar:/home/travis/build/icyphy/ptII/ant/lib/ant-junit.jar
:/home/travis/build/icyphy/ptII/ant/lib/ant-junit4.jar:/home/travis/build/icyph
y/ptII ModularCodeGenPubSub2_A1_profile.java
-rw-rw-r-- 1 travis travis  3475 Jun  1 21:07 ModularCodeGenPubSub_A1.class
-rw-rw-r-- 1 travis travis  9060 Jun  1 21:07 ModularCodeGenPubSub_A1.java
-rw-rw-r-- 1 travis travis   896 Jun  1 21:07 ModularCodeGenPubSub_A1.mk
-rw-rw-r-- 1 travis travis  1278 Jun  1 21:07 ModularCodeGenPubSub_A1_profile.class
-rw-rw-r-- 1 travis travis  1195 Jun  1 21:07 ModularCodeGenPubSub_A1_profile.java
-rw-rw-r-- 1 travis travis  3492 Jun  1 21:06 ModularCodeGenTest_A1_A2.class
-rw-rw-r-- 1 travis travis  9164 Jun  1 21:06 ModularCodeGenTest_A1_A2.java
-rw-rw-r-- 1 travis travis   904 Jun  1 21:06 ModularCodeGenTest_A1_A2.mk
-rw-rw-r-- 1 travis travis  1306 Jun  1 21:06 ModularCodeGenTest_A1_A2_profile.class
-rw-rw-r-- 1 travis travis  1228 Jun  1 21:06 ModularCodeGenTest_A1_A2_profile.java
-rw-rw-r-- 1 travis travis  3823 Jun  1 21:06 ModularCodeGenTest_A1.class
-rw-rw-r-- 1 travis travis  9968 Jun  1 21:06 ModularCodeGenTest_A1.java
-rw-rw-r-- 1 travis travis   880 Jun  1 21:06 ModularCodeGenTest_A1.mk
-rw-rw-r-- 1 travis travis  1352 Jun  1 21:06 ModularCodeGenTest_A1_profile.class
-rw-rw-r-- 1 travis travis  1394 Jun  1 21:06 ModularCodeGenTest_A1_profile.java
-rw-rw-r-- 1 travis travis   432 Jun  1 21:07 Token.class
-rw-rw-r-- 1 travis travis   251 Jun  1 21:07 Token.java
warning: Supported source version 'RELEASE_6' from annotation processor 'org.netbeans.modules.openide.util.NbBundleProcessor' less than -source '1.8'
warning: Supported source version 'RELEASE_6' from annotation processor 'org.netbeans.modules.openide.util.URLStreamHandlerRegistrationProcessor' less than -source '1.8'
warning: Supported source version 'RELEASE_6' from annotation processor 'org.netbeans.modules.openide.util.ServiceProviderProcessor' less than -source '1.8'
3 warnings
All Done
Writing ModularCodeGenPubSub2_A1.java in file:/home/travis/cg/ (9781 characters)
Reading "ptolemy/cg/kernel/generic/program/procedural/java/modular/makefile.in",
    writing "/home/travis/cg/ModularCodeGenPubSub2_A1.mk"
Using ptolemy/cg/kernel/generic/program/procedural/java/modular/makefile.in
In "/home/travis/cg", about to execute:
    make -f ModularCodeGenPubSub2_A1.mk
javac -classpath ".:.."    ModularCodeGenPubSub2_A1.java
All Done
4918 ms. Memory: 160768K Free: 133166K (83%)
----------------- Invoking toplevel() on ptolemy.moml.MoMLSimpleApplication@614c89e7
----------------- Done invoking toplevel() on ptolemy.moml.MoMLSimpleApplication@614c89e7
reloadAllAccessors: .ModularCodeGenPubSub2

===========================================================================================
----------------- testing Fri Jun 01 21:07:46 UTC 2018 /home/travis/build/icyphy/ptII/ptolemy/cg/lib/test/auto/ModularCodeGenPubSub3.xml
----------------- Instantiating /home/travis/build/icyphy/ptII/ptolemy/cg/lib/test/auto/ModularCodeGenPubSub3.xml
In "/home/travis/cg", about to execute:
    pwd
In "/home/travis/cg", about to execute:
    ls -l
/home/travis/cg
total 1292
-rw-rw-r-- 1 travis travis   233 Jun  1 21:07 Array.class
-rw-rw-r-- 1 travis travis   459 Jun  1 21:07 Array.java
In "/home/travis/cg", about to execute:
-rw-rw-r-- 1 travis travis  4895 Jun  1 21:06 CompiledCompositeActor_CompiledCompositeActor.class
-rw-rw-r-- 1 travis travis  1592 Jun  1 21:06 CompiledCompositeActor_CompiledCompositeActor$_CompiledCompositeActor_CompiledCompositeActor.class
-rw-rw-r-- 1 travis travis 13466 Jun  1 21:06 CompiledCompositeActor_CompiledCompositeActor.java
-rw-rw-r-- 1 travis travis  1593 Jun  1 21:06 CompiledCompositeActor_CompiledCompositeActor.mk
-rw-rw-r-- 1 travis travis  4457 Jun  1 21:06 JavaCompiledCompositeTest1_CompiledCompositeActor.class
-rw-rw-r-- 1 travis travis 11637 Jun  1 21:06 JavaCompiledCompositeTest1_CompiledCompositeActor.java
-rw-rw-r-- 1 travis travis  1198 Jun  1 21:06 JavaCompiledCompositeTest1_CompiledCompositeActor$_JavaCompiledCompositeTest1_CompiledCompositeActor.class
-rw-rw-r-- 1 travis travis  1625 Jun  1 21:06 JavaCompiledCompositeTest1_CompiledCompositeActor.mk
-rw-rw-r-- 1 travis travis  4888 Jun  1 21:06 JavaCompiledCompositeTest2_CompiledCompositeActor.class
-rw-rw-r-- 1 travis travis 14919 Jun  1 21:06 JavaCompiledCompositeTest2_CompiledCompositeActor.java
-rw-rw-r-- 1 travis travis  1793 Jun  1 21:06 JavaCompiledCompositeTest2_CompiledCompositeActor$_JavaCompiledCompositeTest2_CompiledCompositeActor.class
-rw-rw-r-- 1 travis travis  1625 Jun  1 21:06 JavaCompiledCompositeTest2_CompiledCompositeActor.mk
-rw-rw-r-- 1 travis travis  4505 Jun  1 21:06 JavaCompiledCompositeTest3_CompiledCompositeActor.class
-rw-rw-r-- 1 travis travis 13080 Jun  1 21:06 JavaCompiledCompositeTest3_CompiledCompositeActor.java
-rw-rw-r-- 1 travis travis  1378 Jun  1 21:06 JavaCompiledCompositeTest3_CompiledCompositeActor$_JavaCompiledCompositeTest3_CompiledCompositeActor.class
-rw-rw-r-- 1 travis travis  1625 Jun  1 21:06 JavaCompiledCompositeTest3_CompiledCompositeActor.mk
-rw-rw-r-- 1 travis travis  3953 Jun  1 21:06 JavaCompiledCompositeTest4_CompiledCompositeActor.class
-rw-rw-r-- 1 travis travis  9687 Jun  1 21:06 JavaCompiledCompositeTest4_CompiledCompositeActor.java
-rw-rw-r-- 1 travis travis   857 Jun  1 21:06 JavaCompiledCompositeTest4_CompiledCompositeActor$_JavaCompiledCompositeTest4_CompiledCompositeActor.class
-rw-rw-r-- 1 travis travis  1625 Jun  1 21:06 JavaCompiledCompositeTest4_CompiledCompositeActor.mk
-rw-rw-r-- 1 travis travis  3693 Jun  1 21:06 ModularCG_A1_B1.class
-rw-rw-r-- 1 travis travis  9730 Jun  1 21:06 ModularCG_A1_B1.java
-rw-rw-r-- 1 travis travis   832 Jun  1 21:06 ModularCG_A1_B1.mk
-rw-rw-r-- 1 travis travis  1318 Jun  1 21:06 ModularCG_A1_B1_profile.class
-rw-rw-r-- 1 travis travis  1262 Jun  1 21:06 ModularCG_A1_B1_profile.java
    javac -classpath
.:/home/travis/build/icyphy/ptII:/home/travis/build/icyphy/ptII/lib/bsh-2.0b4.j
ar:/home/travis/build/icyphy/ptII/lib/ptCal.jar:/home/travis/build/icyphy/ptII/
lib/java_cup.jar:/home/travis/build/icyphy/ptII/lib/saxon8.jar:/home/travis/bui
ld/icyphy/ptII/lib/saxon8-dom.jar:/home/travis/build/icyphy/ptII/lib/chic.jar:/
home/travis/build/icyphy/ptII/lib/ptcolt.jar:/usr/lib/jvm/java-8-oracle/lib/too
ls.jar:/usr/lib/eclipse/plugins/org.eclipse.jdt.core_3.8.2.dist.jar:/usr/lib/ec
lipse/plugins/org.eclipse.core.runtime_3.8.0.dist.jar:/usr/lib/eclipse/plugins/
org.eclipse.osgi_3.8.1.dist.jar:/usr/lib/eclipse/plugins/org.eclipse.core.resou
rces_3.8.1.dist.jar:/usr/lib/eclipse/plugins/org.eclipse.equinox.common_3.6.100
.dist.jar:/usr/lib/eclipse/plugins/org.eclipse.core.jobs_3.5.200.dist.jar:/usr/
lib/eclipse/plugins/org.eclipse.core.contenttype_3.4.200.dist.jar:/usr/lib/ecli
pse/plugins/org.eclipse.equinox.preferences_3.5.0.dist.jar:/usr/lib/eclipse/plu
gins/org.eclipse.text_3.5.200.dist.jar:/usr/lib/eclipse/plugins/org.eclipse.ui.
workbench_3.8.1.dist.jar:/usr/lib/eclipse/plugins/org.eclipse.jface_3.8.0.dist.
jar:/usr/lib/eclipse/plugins/org.eclipse.swt_3.8.2.jar:/usr/lib/eclipse/plugins
/org.eclipse.jface.text_3.8.1.dist.jar:/usr/lib/eclipse/plugins/org.eclipse.ui.
workbench.texteditor_3.8.0.dist.jar:/usr/lib/eclipse/plugins/org.eclipse.ui.edi
tors_3.8.0.dist.jar:/usr/lib/eclipse/plugins/org.eclipse.core.commands_3.6.1.di
st.jar:/usr/lib/eclipse/plugins/org.eclipse.equinox.registry_3.5.200.dist.jar:/
usr/lib/eclipse/plugins/org.eclipse.ui.console_3.5.100.dist.jar:/usr/lib/eclips
e/plugins/org.eclipse.ui.forms_3.5.200.dist.jar:/usr/lib/eclipse/plugins/org.ec
lipse.ui.ide_3.8.1.dist.jar:/home/travis/build/icyphy/ptII/vendors/oracle/dbxml
.jar:/home/travis/build/icyphy/ptII/vendors/oracle/db.jar:/home/travis/build/ic
yphy/ptII/vendors/misc/itext/iText.jar:/home/travis/build/icyphy/ptII/lib/g4ltl
.jar:/home/travis/build/icyphy/ptII/lib/StructuralCoder.jar:/home/travis/build/
icyphy/ptII/lib/org-openide-util.jar:/home/travis/build/icyphy/ptII/lib/org-ope
nide-util-lookup.jar:/home/travis/build/icyphy/ptII/lib/org-netbeans-api-visual
.jar:/home/travis/build/icyphy/ptII/vendors/jai-1_1_2_01/lib/jai_core.jar:/home
/travis/build/icyphy/ptII/vendors/jai-1_1_2_01/lib/jai_codec.jar:/home/travis/b
uild/icyphy/ptII/lib/jcerti.jar:/home/travis/build/icyphy/ptII/lib/smack.jar:/h
ome/travis/build/icyphy/ptII/lib/smackx.jar:/home/travis/build/icyphy/ptII/lib/
jetty-all-8.1.5-v20120716.jar:/home/travis/build/icyphy/ptII/lib/javax.servlet-
api-3.0.1.jar:/home/travis/build/icyphy/ptII/lib/javax.mail.jar:/home/travis/bu
ild/icyphy/ptII/vendors/JMF-2.1.1e/lib/jmf.jar:/home/travis/build/icyphy/ptII/l
ib/jna-4.0.0-variadic.jar:/home/travis/build/icyphy/ptII/vendors/misc/joystick/
Joystick.jar:/home/travis/build/icyphy/ptII/lib/ptjacl.jar:/home/travis/build/i
cyphy/ptII/lib/jsoup-1.8.2.jar:/home/travis/build/icyphy/ptII/lib/junit-4.8.2.j
ar:/home/travis/build/icyphy/ptII/lib/JUnitParams-0.4.0.jar:/home/travis/build/
icyphy/ptII/ptolemy/actor/lib/excel/jxl.jar:/home/travis/build/icyphy/ptII/lib/
jython.jar:/home/travis/build/icyphy/ptII/lib/kieler.jar:/home/travis/build/icy
phy/ptII/vendors/opencv/share/OpenCV/java/opencv-341.jar:/home/travis/build/icy
phy/ptII/lib/oscP5.jar:/home/travis/build/icyphy/ptII/lib/nrjavaserial-3.11.0.d
evel.jar:/usr/share/java/j3dcore.jar:/usr/share/java/j3dutils.jar:/usr/share/ja
va/vecmath.jar:/home/travis/build/icyphy/ptII/ptolemy/distributed/jini/jar/jini
-core.jar:/home/travis/build/icyphy/ptII/ptolemy/distributed/jini/jar/jini-ext.
jar:/home/travis/build/icyphy/ptII/ptolemy/distributed/jini/jar/sun-util.jar:/h
ome/travis/build/icyphy/ptII/lib/protobuf-java-2.4.1.jar:/home/travis/build/icy
phy/ptII/lib/org.eclipse.paho.client.mqttv3.jar:/home/travis/build/icyphy/ptII/
ptserver/lib/hessian-4.0.7.jar:/home/travis/build/icyphy/ptII/ptserver/lib/wmqt
t.jar:/home/travis/build/icyphy/ptII/lib/mapss.jar:/home/travis/build/icyphy/pt
II/ptolemy/actor/ptalon/antlr/antlr.jar:/home/travis/build/icyphy/ptII/lib/JRI.
jar:/home/travis/build/icyphy/ptII/lib/commons-lang-2.6.jar:/home/travis/build/
icyphy/ptII/lib/commons-logging-1.1.1.jar:/home/travis/build/icyphy/ptII/lib/so
otclasses.jar:/home/travis/build/icyphy/ptII/ptolemy/actor/lib/database/mysql-c
onnector-java-5.1.6-bin.jar:/home/travis/build/icyphy/ptII/vendors/misc/sphinx4
/sphinx4-data-5prealpha.jar:/home/travis/build/icyphy/ptII/vendors/misc/sphinx4
/sphinx4-core-5prealpha.jar:/home/travis/build/icyphy/ptII/lib/PDFRenderer.jar:
/home/travis/build/icyphy/ptII/lib/svgSalamander.jar:/home/travis/build/icyphy/
ptII/lib/rsyntaxtextarea-2.6.0-SNAPSHOT.jar:/home/travis/build/icyphy/ptII/lib/
hazelcast-3.8.2.jar:/home/travis/build/icyphy/ptII/lib/jackson-annotations-2.9.
0.jar:/home/travis/build/icyphy/ptII/lib/jackson-core-2.9.3.jar:/home/travis/bu
ild/icyphy/ptII/lib/jackson-databind-2.9.3.jar:/home/travis/build/icyphy/ptII/l
ib/netty-buffer-4.1.19.Final.jar:/home/travis/build/icyphy/ptII/lib/netty-codec
-4.1.19.Final.jar:/home/travis/build/icyphy/ptII/lib/netty-codec-dns-4.1.19.Fin
al.jar:/home/travis/build/icyphy/ptII/lib/netty-codec-http-4.1.19.Final.jar:/ho
me/travis/build/icyphy/ptII/lib/netty-codec-http2-4.1.19.Final.jar:/home/travis
/build/icyphy/ptII/lib/netty-common-4.1.19.Final.jar:/home/travis/build/icyphy/
ptII/lib/netty-handler-4.1.19.Final.jar:/home/travis/build/icyphy/ptII/lib/nett
y-resolver-4.1.19.Final.jar:/home/travis/build/icyphy/ptII/lib/netty-resolver-d
ns-4.1.19.Final.jar:/home/travis/build/icyphy/ptII/lib/netty-transport-4.1.19.F
inal.jar:/home/travis/build/icyphy/ptII/lib/vertx-codegen-3.5.1.jar:/home/travi
s/build/icyphy/ptII/lib/vertx-core-3.5.2-SNAPSHOT.jar:/home/travis/build/icyphy
/ptII/lib/vertx-hazelcast-3.5.1.jar:/home/travis/build/icyphy/ptII/lib/vertx-la
ng-js-3.5.1.jar:/home/travis/build/icyphy/ptII/lib/vertx-service-proxy-3.5.1.ja
r:/home/travis/build/icyphy/ptII/lib/vertx-web-3.5.1.jar:/home/travis/build/icy
phy/ptII/lib/slf4j-api-1.7.13.jar:/home/travis/build/icyphy/ptII/lib/slf4j-simp
le-1.7.13.jar:/home/travis/build/icyphy/ptII/lib/webcam-capture-0.3.12.jar:/hom
e/travis/build/icyphy/ptII/lib/bridj-0.7.0.jar:/home/travis/build/icyphy/ptII/l
ib/xbjlib-1.1.0.nrjavaserial.jar:/home/travis/build/icyphy/ptII/ptolemy/moml/te
st:/home/travis/build/icyphy/ptII/ant/lib/ant-launcher.jar:/home/travis/build/i
cyphy/ptII/ant/lib/ant.jar:/home/travis/build/icyphy/ptII/ant/lib/ant-junit.jar
:/home/travis/build/icyphy/ptII/ant/lib/ant-junit4.jar:/home/travis/build/icyph
y/ptII ModularCodeGenPubSub3_A1_A2_profile.java
-rw-rw-r-- 1 travis travis  3693 Jun  1 21:06 ModularCG_A1_B2.class
-rw-rw-r-- 1 travis travis  9730 Jun  1 21:06 ModularCG_A1_B2.java
-rw-rw-r-- 1 travis travis   832 Jun  1 21:06 ModularCG_A1_B2.mk
-rw-rw-r-- 1 travis travis  1318 Jun  1 21:06 ModularCG_A1_B2_profile.class
-rw-rw-r-- 1 travis travis  1262 Jun  1 21:06 ModularCG_A1_B2_profile.java
-rw-rw-r-- 1 travis travis  4799 Jun  1 21:06 ModularCG_A1.class
-rw-rw-r-- 1 travis travis 14742 Jun  1 21:06 ModularCG_A1.java
-rw-rw-r-- 1 travis travis   808 Jun  1 21:06 ModularCG_A1.mk
-rw-rw-r-- 1 travis travis  1433 Jun  1 21:06 ModularCG_A1_profile.class
-rw-rw-r-- 1 travis travis  1704 Jun  1 21:06 ModularCG_A1_profile.java
-rw-rw-r-- 1 travis travis  3827 Jun  1 21:06 ModularCG_A2_B1.class
-rw-rw-r-- 1 travis travis 10667 Jun  1 21:06 ModularCG_A2_B1.java
-rw-rw-r-- 1 travis travis   832 Jun  1 21:06 ModularCG_A2_B1.mk
-rw-rw-r-- 1 travis travis  1381 Jun  1 21:06 ModularCG_A2_B1_profile.class
-rw-rw-r-- 1 travis travis  1446 Jun  1 21:06 ModularCG_A2_B1_profile.java
-rw-rw-r-- 1 travis travis  3693 Jun  1 21:06 ModularCG_A2_B2.class
-rw-rw-r-- 1 travis travis  9730 Jun  1 21:06 ModularCG_A2_B2.java
-rw-rw-r-- 1 travis travis   832 Jun  1 21:06 ModularCG_A2_B2.mk
-rw-rw-r-- 1 travis travis  1318 Jun  1 21:06 ModularCG_A2_B2_profile.class
-rw-rw-r-- 1 travis travis  1262 Jun  1 21:06 ModularCG_A2_B2_profile.java
-rw-rw-r-- 1 travis travis  4870 Jun  1 21:06 ModularCG_A2.class
-rw-rw-r-- 1 travis travis 15129 Jun  1 21:06 ModularCG_A2.java
-rw-rw-r-- 1 travis travis   808 Jun  1 21:06 ModularCG_A2.mk
-rw-rw-r-- 1 travis travis  1433 Jun  1 21:06 ModularCG_A2_profile.class
-rw-rw-r-- 1 travis travis  1704 Jun  1 21:06 ModularCG_A2_profile.java
-rw-rw-r-- 1 travis travis  3473 Jun  1 21:06 ModularCGPubSub_A1_A2.class
-rw-rw-r-- 1 travis travis  9076 Jun  1 21:06 ModularCGPubSub_A1_A2.java
-rw-rw-r-- 1 travis travis   880 Jun  1 21:06 ModularCGPubSub_A1_A2.mk
-rw-rw-r-- 1 travis travis  1300 Jun  1 21:06 ModularCGPubSub_A1_A2_profile.class
-rw-rw-r-- 1 travis travis  1222 Jun  1 21:06 ModularCGPubSub_A1_A2_profile.java
-rw-rw-r-- 1 travis travis  3790 Jun  1 21:06 ModularCGPubSub_A1.class
-rw-rw-r-- 1 travis travis  9836 Jun  1 21:06 ModularCGPubSub_A1.java
-rw-rw-r-- 1 travis travis   856 Jun  1 21:06 ModularCGPubSub_A1.mk
-rw-rw-r-- 1 travis travis  1346 Jun  1 21:06 ModularCGPubSub_A1_profile.class
-rw-rw-r-- 1 travis travis  1388 Jun  1 21:06 ModularCGPubSub_A1_profile.java
-rw-rw-r-- 1 travis travis  3988 Jun  1 21:06 ModularCodeGen2_ModularCodeGenTypedCompositeActor.class
-rw-rw-r-- 1 travis travis 11690 Jun  1 21:06 ModularCodeGen2_ModularCodeGenTypedCompositeActor.java
-rw-rw-r-- 1 travis travis  1104 Jun  1 21:06 ModularCodeGen2_ModularCodeGenTypedCompositeActor.mk
-rw-rw-r-- 1 travis travis  4272 Jun  1 21:06 ModularCodeGen2_ModularCodeGenTypedCompositeActor_ModularCodeGenTypedCompositeActor.class
-rw-rw-r-- 1 travis travis 11790 Jun  1 21:06 ModularCodeGen2_ModularCodeGenTypedCompositeActor_ModularCodeGenTypedCompositeActor.java
-rw-rw-r-- 1 travis travis  1376 Jun  1 21:06 ModularCodeGen2_ModularCodeGenTypedCompositeActor_ModularCodeGenTypedCompositeActor.mk
-rw-rw-r-- 1 travis travis  1421 Jun  1 21:06 ModularCodeGen2_ModularCodeGenTypedCompositeActor_ModularCodeGenTypedCompositeActor_profile.class
-rw-rw-r-- 1 travis travis  1294 Jun  1 21:06 ModularCodeGen2_ModularCodeGenTypedCompositeActor_ModularCodeGenTypedCompositeActor_profile.java
-rw-rw-r-- 1 travis travis   820 Jun  1 21:06 ModularCodeGen2_ModularCodeGenTypedCompositeActor_profile.class
-rw-rw-r-- 1 travis travis   693 Jun  1 21:06 ModularCodeGen2_ModularCodeGenTypedCompositeActor_profile.java
-rw-rw-r-- 1 travis travis  3741 Jun  1 21:06 ModularCodeGen3_A1_B1.class
-rw-rw-r-- 1 travis travis  9958 Jun  1 21:06 ModularCodeGen3_A1_B1.java
-rw-rw-r-- 1 travis travis   880 Jun  1 21:06 ModularCodeGen3_A1_B1.mk
-rw-rw-r-- 1 travis travis  1330 Jun  1 21:06 ModularCodeGen3_A1_B1_profile.class
-rw-rw-r-- 1 travis travis  1274 Jun  1 21:06 ModularCodeGen3_A1_B1_profile.java
-rw-rw-r-- 1 travis travis  3741 Jun  1 21:06 ModularCodeGen3_A1_B2.class
-rw-rw-r-- 1 travis travis  9958 Jun  1 21:06 ModularCodeGen3_A1_B2.java
-rw-rw-r-- 1 travis travis   880 Jun  1 21:06 ModularCodeGen3_A1_B2.mk
-rw-rw-r-- 1 travis travis  1330 Jun  1 21:06 ModularCodeGen3_A1_B2_profile.class
-rw-rw-r-- 1 travis travis  1274 Jun  1 21:06 ModularCodeGen3_A1_B2_profile.java
-rw-rw-r-- 1 travis travis  4961 Jun  1 21:07 ModularCodeGen3_A1.class
-rw-rw-r-- 1 travis travis 15564 Jun  1 21:06 ModularCodeGen3_A1.java
-rw-rw-r-- 1 travis travis   856 Jun  1 21:06 ModularCodeGen3_A1.mk
-rw-rw-r-- 1 travis travis  1445 Jun  1 21:06 ModularCodeGen3_A1_profile.class
-rw-rw-r-- 1 travis travis  1716 Jun  1 21:06 ModularCodeGen3_A1_profile.java
-rw-rw-r-- 1 travis travis  3887 Jun  1 21:07 ModularCodeGen3_A2_B1.class
-rw-rw-r-- 1 travis travis 10955 Jun  1 21:07 ModularCodeGen3_A2_B1.java
-rw-rw-r-- 1 travis travis   880 Jun  1 21:07 ModularCodeGen3_A2_B1.mk
-rw-rw-r-- 1 travis travis  1393 Jun  1 21:07 ModularCodeGen3_A2_B1_profile.class
-rw-rw-r-- 1 travis travis  1458 Jun  1 21:07 ModularCodeGen3_A2_B1_profile.java
-rw-rw-r-- 1 travis travis  3741 Jun  1 21:07 ModularCodeGen3_A2_B2.class
-rw-rw-r-- 1 travis travis  9958 Jun  1 21:07 ModularCodeGen3_A2_B2.java
-rw-rw-r-- 1 travis travis   880 Jun  1 21:07 ModularCodeGen3_A2_B2.mk
-rw-rw-r-- 1 travis travis  1330 Jun  1 21:07 ModularCodeGen3_A2_B2_profile.class
-rw-rw-r-- 1 travis travis  1274 Jun  1 21:07 ModularCodeGen3_A2_B2_profile.java
-rw-rw-r-- 1 travis travis  5038 Jun  1 21:07 ModularCodeGen3_A2.class
-rw-rw-r-- 1 travis travis 15957 Jun  1 21:07 ModularCodeGen3_A2.java
-rw-rw-r-- 1 travis travis   856 Jun  1 21:07 ModularCodeGen3_A2.mk
-rw-rw-r-- 1 travis travis  1445 Jun  1 21:07 ModularCodeGen3_A2_profile.class
-rw-rw-r-- 1 travis travis  1716 Jun  1 21:07 ModularCodeGen3_A2_profile.java
-rw-rw-r-- 1 travis travis  3794 Jun  1 21:07 ModularCodeGen4_A1_B1.class
-rw-rw-r-- 1 travis travis 10312 Jun  1 21:07 ModularCodeGen4_A1_B1.java
-rw-rw-r-- 1 travis travis   880 Jun  1 21:07 ModularCodeGen4_A1_B1.mk
-rw-rw-r-- 1 travis travis  1330 Jun  1 21:07 ModularCodeGen4_A1_B1_profile.class
-rw-rw-r-- 1 travis travis  1273 Jun  1 21:07 ModularCodeGen4_A1_B1_profile.java
-rw-rw-r-- 1 travis travis  3794 Jun  1 21:07 ModularCodeGen4_A1_B2.class
-rw-rw-r-- 1 travis travis 10312 Jun  1 21:07 ModularCodeGen4_A1_B2.java
-rw-rw-r-- 1 travis travis   880 Jun  1 21:07 ModularCodeGen4_A1_B2.mk
-rw-rw-r-- 1 travis travis  1330 Jun  1 21:07 ModularCodeGen4_A1_B2_profile.class
-rw-rw-r-- 1 travis travis  1273 Jun  1 21:07 ModularCodeGen4_A1_B2_profile.java
-rw-rw-r-- 1 travis travis  5101 Jun  1 21:07 ModularCodeGen4_A1.class
-rw-rw-r-- 1 travis travis 16245 Jun  1 21:07 ModularCodeGen4_A1.java
-rw-rw-r-- 1 travis travis   856 Jun  1 21:07 ModularCodeGen4_A1.mk
-rw-rw-r-- 1 travis travis  1445 Jun  1 21:07 ModularCodeGen4_A1_profile.class
-rw-rw-r-- 1 travis travis  1712 Jun  1 21:07 ModularCodeGen4_A1_profile.java
-rw-rw-r-- 1 travis travis  3988 Jun  1 21:07 ModularCodeGen4_A2_B1.class
-rw-rw-r-- 1 travis travis 11375 Jun  1 21:07 ModularCodeGen4_A2_B1.java
-rw-rw-r-- 1 travis travis   880 Jun  1 21:07 ModularCodeGen4_A2_B1.mk
-rw-rw-r-- 1 travis travis  1393 Jun  1 21:07 ModularCodeGen4_A2_B1_profile.class
-rw-rw-r-- 1 travis travis  1454 Jun  1 21:07 ModularCodeGen4_A2_B1_profile.java
-rw-rw-r-- 1 travis travis  3842 Jun  1 21:07 ModularCodeGen4_A2_B2.class
-rw-rw-r-- 1 travis travis 10378 Jun  1 21:07 ModularCodeGen4_A2_B2.java
-rw-rw-r-- 1 travis travis   880 Jun  1 21:07 ModularCodeGen4_A2_B2.mk
-rw-rw-r-- 1 travis travis  1330 Jun  1 21:07 ModularCodeGen4_A2_B2_profile.class
-rw-rw-r-- 1 travis travis  1270 Jun  1 21:07 ModularCodeGen4_A2_B2_profile.java
-rw-rw-r-- 1 travis travis  5274 Jun  1 21:07 ModularCodeGen4_A2.class
-rw-rw-r-- 1 travis travis 16770 Jun  1 21:07 ModularCodeGen4_A2.java
-rw-rw-r-- 1 travis travis   856 Jun  1 21:07 ModularCodeGen4_A2.mk
-rw-rw-r-- 1 travis travis  1445 Jun  1 21:07 ModularCodeGen4_A2_profile.class
-rw-rw-r-- 1 travis travis  1712 Jun  1 21:07 ModularCodeGen4_A2_profile.java
-rw-rw-r-- 1 travis travis  6838 Jun  1 21:07 ModularCodeGen5_A_A.class
-rw-rw-r-- 1 travis travis 28721 Jun  1 21:07 ModularCodeGen5_A_A.java
-rw-rw-r-- 1 travis travis   864 Jun  1 21:07 ModularCodeGen5_A_A.mk
-rw-rw-r-- 1 travis travis  1520 Jun  1 21:07 ModularCodeGen5_A_A_profile.class
-rw-rw-r-- 1 travis travis  1815 Jun  1 21:07 ModularCodeGen5_A_A_profile.java
-rw-rw-r-- 1 travis travis  5115 Jun  1 21:07 ModularCodeGen5_A.class
-rw-rw-r-- 1 travis travis 13769 Jun  1 21:07 ModularCodeGen5_A.java
-rw-rw-r-- 1 travis travis   848 Jun  1 21:07 ModularCodeGen5_A.mk
-rw-rw-r-- 1 travis travis  1422 Jun  1 21:07 ModularCodeGen5_A_profile.class
-rw-rw-r-- 1 travis travis  1605 Jun  1 21:07 ModularCodeGen5_A_profile.java
-rw-rw-r-- 1 travis travis  4125 Jun  1 21:07 ModularCodeGen6_A_A2.class
-rw-rw-r-- 1 travis travis 11329 Jun  1 21:07 ModularCodeGen6_A_A2.java
-rw-rw-r-- 1 travis travis   872 Jun  1 21:07 ModularCodeGen6_A_A2.mk
-rw-rw-r-- 1 travis travis  1351 Jun  1 21:07 ModularCodeGen6_A_A2_profile.class
-rw-rw-r-- 1 travis travis  1364 Jun  1 21:07 ModularCodeGen6_A_A2_profile.java
-rw-rw-r-- 1 travis travis  4108 Jun  1 21:07 ModularCodeGen6_A_A.class
-rw-rw-r-- 1 travis travis 11221 Jun  1 21:07 ModularCodeGen6_A_A.java
-rw-rw-r-- 1 travis travis   864 Jun  1 21:07 ModularCodeGen6_A_A.mk
-rw-rw-r-- 1 travis travis  1348 Jun  1 21:07 ModularCodeGen6_A_A_profile.class
-rw-rw-r-- 1 travis travis  1361 Jun  1 21:07 ModularCodeGen6_A_A_profile.java
-rw-rw-r-- 1 travis travis  7237 Jun  1 21:07 ModularCodeGen6_A.class
-rw-rw-r-- 1 travis travis 26535 Jun  1 21:07 ModularCodeGen6_A.java
-rw-rw-r-- 1 travis travis   848 Jun  1 21:07 ModularCodeGen6_A.mk
-rw-rw-r-- 1 travis travis  1483 Jun  1 21:07 ModularCodeGen6_A_profile.class
-rw-rw-r-- 1 travis travis  1810 Jun  1 21:07 ModularCodeGen6_A_profile.java
-rw-rw-r-- 1 travis travis  9439 Jun  1 21:07 ModularCodeGenLazyPubSubGlobal_CompositeActor_ModularCodeGenTypedComposite.class
-rw-rw-r-- 1 travis travis 30161 Jun  1 21:07 ModularCodeGenLazyPubSubGlobal_CompositeActor_ModularCodeGenTypedComposite.java
-rw-rw-r-- 1 travis travis  1304 Jun  1 21:07 ModularCodeGenLazyPubSubGlobal_CompositeActor_ModularCodeGenTypedComposite.mk
-rw-rw-r-- 1 travis travis  1438 Jun  1 21:07 ModularCodeGenLazyPubSubGlobal_CompositeActor_ModularCodeGenTypedComposite_profile.class
-rw-rw-r-- 1 travis travis  1384 Jun  1 21:07 ModularCodeGenLazyPubSubGlobal_CompositeActor_ModularCodeGenTypedComposite_profile.java
-rw-rw-r-- 1 travis travis  3952 Jun  1 21:07 ModularCodeGenLazyPubSub_LazyCompositeActor.class
-rw-rw-r-- 1 travis travis 11122 Jun  1 21:07 ModularCodeGenLazyPubSub_LazyCompositeActor.java
-rw-rw-r-- 1 travis travis  1056 Jun  1 21:07 ModularCodeGenLazyPubSub_LazyCompositeActor.mk
-rw-rw-r-- 1 travis travis  1286 Jun  1 21:07 ModularCodeGenLazyPubSub_LazyCompositeActor_profile.class
-rw-rw-r-- 1 travis travis  1091 Jun  1 21:07 ModularCodeGenLazyPubSub_LazyCompositeActor_profile.java
-rw-rw-r-- 1 travis travis  3954 Jun  1 21:06 ModularCodeGen_ModularCodeGenTypedCompositeActor.class
-rw-rw-r-- 1 travis travis 10970 Jun  1 21:06 ModularCodeGen_ModularCodeGenTypedCompositeActor.java
-rw-rw-r-- 1 travis travis  1096 Jun  1 21:06 ModularCodeGen_ModularCodeGenTypedCompositeActor.mk
-rw-rw-r-- 1 travis travis  1384 Jun  1 21:06 ModularCodeGen_ModularCodeGenTypedCompositeActor_profile.class
-rw-rw-r-- 1 travis travis  1328 Jun  1 21:06 ModularCodeGen_ModularCodeGenTypedCompositeActor_profile.java
-rw-rw-r-- 1 travis travis  3441 Jun  1 21:07 ModularCodeGenPubSub2_A1_A.class
-rw-rw-r-- 1 travis travis  8578 Jun  1 21:07 ModularCodeGenPubSub2_A1_A.java
-rw-rw-r-- 1 travis travis   920 Jun  1 21:07 ModularCodeGenPubSub2_A1_A.mk
-rw-rw-r-- 1 travis travis  1274 Jun  1 21:07 ModularCodeGenPubSub2_A1_A_profile.class
-rw-rw-r-- 1 travis travis  1128 Jun  1 21:07 ModularCodeGenPubSub2_A1_A_profile.java
-rw-rw-r-- 1 travis travis  3733 Jun  1 21:07 ModularCodeGenPubSub2_A1.class
-rw-rw-r-- 1 travis travis  9781 Jun  1 21:07 ModularCodeGenPubSub2_A1.java
-rw-rw-r-- 1 travis travis   904 Jun  1 21:07 ModularCodeGenPubSub2_A1.mk
-rw-rw-r-- 1 travis travis  1268 Jun  1 21:07 ModularCodeGenPubSub2_A1_profile.class
-rw-rw-r-- 1 travis travis  1196 Jun  1 21:07 ModularCodeGenPubSub2_A1_profile.java
-rw-rw-r-- 1 travis travis  1132 Jun  1 21:07 ModularCodeGenPubSub3_A1_A2_profile.java
-rw-rw-r-- 1 travis travis  3475 Jun  1 21:07 ModularCodeGenPubSub_A1.class
-rw-rw-r-- 1 travis travis  9060 Jun  1 21:07 ModularCodeGenPubSub_A1.java
-rw-rw-r-- 1 travis travis   896 Jun  1 21:07 ModularCodeGenPubSub_A1.mk
-rw-rw-r-- 1 travis travis  1278 Jun  1 21:07 ModularCodeGenPubSub_A1_profile.class
-rw-rw-r-- 1 travis travis  1195 Jun  1 21:07 ModularCodeGenPubSub_A1_profile.java
-rw-rw-r-- 1 travis travis  3492 Jun  1 21:06 ModularCodeGenTest_A1_A2.class
-rw-rw-r-- 1 travis travis  9164 Jun  1 21:06 ModularCodeGenTest_A1_A2.java
-rw-rw-r-- 1 travis travis   904 Jun  1 21:06 ModularCodeGenTest_A1_A2.mk
-rw-rw-r-- 1 travis travis  1306 Jun  1 21:06 ModularCodeGenTest_A1_A2_profile.class
-rw-rw-r-- 1 travis travis  1228 Jun  1 21:06 ModularCodeGenTest_A1_A2_profile.java
-rw-rw-r-- 1 travis travis  3823 Jun  1 21:06 ModularCodeGenTest_A1.class
-rw-rw-r-- 1 travis travis  9968 Jun  1 21:06 ModularCodeGenTest_A1.java
-rw-rw-r-- 1 travis travis   880 Jun  1 21:06 ModularCodeGenTest_A1.mk
-rw-rw-r-- 1 travis travis  1352 Jun  1 21:06 ModularCodeGenTest_A1_profile.class
-rw-rw-r-- 1 travis travis  1394 Jun  1 21:06 ModularCodeGenTest_A1_profile.java
-rw-rw-r-- 1 travis travis   432 Jun  1 21:07 Token.class
-rw-rw-r-- 1 travis travis   251 Jun  1 21:07 Token.java
warning: Supported source version 'RELEASE_6' from annotation processor 'org.netbeans.modules.openide.util.NbBundleProcessor' less than -source '1.8'
warning: Supported source version 'RELEASE_6' from annotation processor 'org.netbeans.modules.openide.util.URLStreamHandlerRegistrationProcessor' less than -source '1.8'
warning: Supported source version 'RELEASE_6' from annotation processor 'org.netbeans.modules.openide.util.ServiceProviderProcessor' less than -source '1.8'
3 warnings
All Done
Writing ModularCodeGenPubSub3_A1_A2.java in file:/home/travis/cg/ (8599 characters)
Reading "ptolemy/cg/kernel/generic/program/procedural/java/modular/makefile.in",
    writing "/home/travis/cg/ModularCodeGenPubSub3_A1_A2.mk"
Using ptolemy/cg/kernel/generic/program/procedural/java/modular/makefile.in
In "/home/travis/cg", about to execute:
    make -f ModularCodeGenPubSub3_A1_A2.mk
javac -classpath ".:.."    ModularCodeGenPubSub3_A1_A2.java
All Done
In "/home/travis/cg", about to execute:
    pwd
In "/home/travis/cg", about to execute:
    ls -l
/home/travis/cg
In "/home/travis/cg", about to execute:
    javac -classpath
.:/home/travis/build/icyphy/ptII:/home/travis/build/icyphy/ptII/lib/bsh-2.0b4.j
ar:/home/travis/build/icyphy/ptII/lib/ptCal.jar:/home/travis/build/icyphy/ptII/
lib/java_cup.jar:/home/travis/build/icyphy/ptII/lib/saxon8.jar:/home/travis/bui
ld/icyphy/ptII/lib/saxon8-dom.jar:/home/travis/build/icyphy/ptII/lib/chic.jar:/
home/travis/build/icyphy/ptII/lib/ptcolt.jar:/usr/lib/jvm/java-8-oracle/lib/too
ls.jar:/usr/lib/eclipse/plugins/org.eclipse.jdt.core_3.8.2.dist.jar:/usr/lib/ec
lipse/plugins/org.eclipse.core.runtime_3.8.0.dist.jar:/usr/lib/eclipse/plugins/
org.eclipse.osgi_3.8.1.dist.jar:/usr/lib/eclipse/plugins/org.eclipse.core.resou
rces_3.8.1.dist.jar:/usr/lib/eclipse/plugins/org.eclipse.equinox.common_3.6.100
.dist.jar:/usr/lib/eclipse/plugins/org.eclipse.core.jobs_3.5.200.dist.jar:/usr/
lib/eclipse/plugins/org.eclipse.core.contenttype_3.4.200.dist.jar:/usr/lib/ecli
pse/plugins/org.eclipse.equinox.preferences_3.5.0.dist.jar:/usr/lib/eclipse/plu
gins/org.eclipse.text_3.5.200.dist.jar:/usr/lib/eclipse/plugins/org.eclipse.ui.
workbench_3.8.1.dist.jar:/usr/lib/eclipse/plugins/org.eclipse.jface_3.8.0.dist.
jar:/usr/lib/eclipse/plugins/org.eclipse.swt_3.8.2.jar:/usr/lib/eclipse/plugins
/org.eclipse.jface.text_3.8.1.dist.jar:/usr/lib/eclipse/plugins/org.eclipse.ui.
workbench.texteditor_3.8.0.dist.jar:/usr/lib/eclipse/plugins/org.eclipse.ui.edi
tors_3.8.0.dist.jar:/usr/lib/eclipse/plugins/org.eclipse.core.commands_3.6.1.di
st.jar:/usr/lib/eclipse/plugins/org.eclipse.equinox.registry_3.5.200.dist.jar:/
usr/lib/eclipse/plugins/org.eclipse.ui.console_3.5.100.dist.jar:/usr/lib/eclips
e/plugins/org.eclipse.ui.forms_3.5.200.dist.jar:/usr/lib/eclipse/plugins/org.ec
lipse.ui.ide_3.8.1.dist.jar:/home/travis/build/icyphy/ptII/vendors/oracle/dbxml
.jar:/home/travis/build/icyphy/ptII/vendors/oracle/db.jar:/home/travis/build/ic
yphy/ptII/vendors/misc/itext/iText.jar:/home/travis/build/icyphy/ptII/lib/g4ltl
.jar:/home/travis/build/icyphy/ptII/lib/StructuralCoder.jar:/home/travis/build/
icyphy/ptII/lib/org-openide-util.jar:/home/travis/build/icyphy/ptII/lib/org-ope
nide-util-lookup.jar:/home/travis/build/icyphy/ptII/lib/org-netbeans-api-visual
.jar:/home/travis/build/icyphy/ptII/vendors/jai-1_1_2_01/lib/jai_core.jar:/home
/travis/build/icyphy/ptII/vendors/jai-1_1_2_01/lib/jai_codec.jar:/home/travis/b
uild/icyphy/ptII/lib/jcerti.jar:/home/travis/build/icyphy/ptII/lib/smack.jar:/h
ome/travis/build/icyphy/ptII/lib/smackx.jar:/home/travis/build/icyphy/ptII/lib/
jetty-all-8.1.5-v20120716.jar:/home/travis/build/icyphy/ptII/lib/javax.servlet-
api-3.0.1.jar:/home/travis/build/icyphy/ptII/lib/javax.mail.jar:/home/travis/bu
ild/icyphy/ptII/vendors/JMF-2.1.1e/lib/jmf.jar:/home/travis/build/icyphy/ptII/l
ib/jna-4.0.0-variadic.jar:/home/travis/build/icyphy/ptII/vendors/misc/joystick/
Joystick.jar:/home/travis/build/icyphy/ptII/lib/ptjacl.jar:/home/travis/build/i
cyphy/ptII/lib/jsoup-1.8.2.jar:/home/travis/build/icyphy/ptII/lib/junit-4.8.2.j
ar:/home/travis/build/icyphy/ptII/lib/JUnitParams-0.4.0.jar:/home/travis/build/
icyphy/ptII/ptolemy/actor/lib/excel/jxl.jar:/home/travis/build/icyphy/ptII/lib/
jython.jar:/home/travis/build/icyphy/ptII/lib/kieler.jar:/home/travis/build/icy
phy/ptII/vendors/opencv/share/OpenCV/java/opencv-341.jar:/home/travis/build/icy
phy/ptII/lib/oscP5.jar:/home/travis/build/icyphy/ptII/lib/nrjavaserial-3.11.0.d
evel.jar:/usr/share/java/j3dcore.jar:/usr/share/java/j3dutils.jar:/usr/share/ja
va/vecmath.jar:/home/travis/build/icyphy/ptII/ptolemy/distributed/jini/jar/jini
-core.jar:/home/travis/build/icyphy/ptII/ptolemy/distributed/jini/jar/jini-ext.
jar:/home/travis/build/icyphy/ptII/ptolemy/distributed/jini/jar/sun-util.jar:/h
ome/travis/build/icyphy/ptII/lib/protobuf-java-2.4.1.jar:/home/travis/build/icy
phy/ptII/lib/org.eclipse.paho.client.mqttv3.jar:/home/travis/build/icyphy/ptII/
ptserver/lib/hessian-4.0.7.jar:/home/travis/build/icyphy/ptII/ptserver/lib/wmqt
t.jar:/home/travis/build/icyphy/ptII/lib/mapss.jar:/home/travis/build/icyphy/pt
II/ptolemy/actor/ptalon/antlr/antlr.jar:/home/travis/build/icyphy/ptII/lib/JRI.
jar:/home/travis/build/icyphy/ptII/lib/commons-lang-2.6.jar:/home/travis/build/
icyphy/ptII/lib/commons-logging-1.1.1.jar:/home/travis/build/icyphy/ptII/lib/so
otclasses.jar:/home/travis/build/icyphy/ptII/ptolemy/actor/lib/database/mysql-c
onnector-java-5.1.6-bin.jar:/home/travis/build/icyphy/ptII/vendors/misc/sphinx4
/sphinx4-data-5prealpha.jar:/home/travis/build/icyphy/ptII/vendors/misc/sphinx4
/sphinx4-core-5prealpha.jar:/home/travis/build/icyphy/ptII/lib/PDFRenderer.jar:
/home/travis/build/icyphy/ptII/lib/svgSalamander.jar:/home/travis/build/icyphy/
ptII/lib/rsyntaxtextarea-2.6.0-SNAPSHOT.jar:/home/travis/build/icyphy/ptII/lib/
hazelcast-3.8.2.jar:/home/travis/build/icyphy/ptII/lib/jackson-annotations-2.9.
0.jar:/home/travis/build/icyphy/ptII/lib/jackson-core-2.9.3.jar:/home/travis/bu
ild/icyphy/ptII/lib/jackson-databind-2.9.3.jar:/home/travis/build/icyphy/ptII/l
ib/netty-buffer-4.1.19.Final.jar:/home/travis/build/icyphy/ptII/lib/netty-codec
-4.1.19.Final.jar:/home/travis/build/icyphy/ptII/lib/netty-codec-dns-4.1.19.Fin
al.jar:/home/travis/build/icyphy/ptII/lib/netty-codec-http-4.1.19.Final.jar:/ho
me/travis/build/icyphy/ptII/lib/netty-codec-http2-4.1.19.Final.jar:/home/travis
/build/icyphy/ptII/lib/netty-common-4.1.19.Final.jar:/home/travis/build/icyphy/
ptII/lib/netty-handler-4.1.19.Final.jar:/home/travis/build/icyphy/ptII/lib/nett
y-resolver-4.1.19.Final.jar:/home/travis/build/icyphy/ptII/lib/netty-resolver-d
ns-4.1.19.Final.jar:/home/travis/build/icyphy/ptII/lib/netty-transport-4.1.19.F
inal.jar:/home/travis/build/icyphy/ptII/lib/vertx-codegen-3.5.1.jar:/home/travi
s/build/icyphy/ptII/lib/vertx-core-3.5.2-SNAPSHOT.jar:/home/travis/build/icyphy
/ptII/lib/vertx-hazelcast-3.5.1.jar:/home/travis/build/icyphy/ptII/lib/vertx-la
ng-js-3.5.1.jar:/home/travis/build/icyphy/ptII/lib/vertx-service-proxy-3.5.1.ja
r:/home/travis/build/icyphy/ptII/lib/vertx-web-3.5.1.jar:/home/travis/build/icy
phy/ptII/lib/slf4j-api-1.7.13.jar:/home/travis/build/icyphy/ptII/lib/slf4j-simp
le-1.7.13.jar:/home/travis/build/icyphy/ptII/lib/webcam-capture-0.3.12.jar:/hom
e/travis/build/icyphy/ptII/lib/bridj-0.7.0.jar:/home/travis/build/icyphy/ptII/l
ib/xbjlib-1.1.0.nrjavaserial.jar:/home/travis/build/icyphy/ptII/ptolemy/moml/te
st:/home/travis/build/icyphy/ptII/ant/lib/ant-launcher.jar:/home/travis/build/i
cyphy/ptII/ant/lib/ant.jar:/home/travis/build/icyphy/ptII/ant/lib/ant-junit.jar
:/home/travis/build/icyphy/ptII/ant/lib/ant-junit4.jar:/home/travis/build/icyph
y/ptII ModularCodeGenPubSub3_A1_profile.java
total 1320
-rw-rw-r-- 1 travis travis   233 Jun  1 21:07 Array.class
-rw-rw-r-- 1 travis travis   459 Jun  1 21:07 Array.java
-rw-rw-r-- 1 travis travis  4895 Jun  1 21:06 CompiledCompositeActor_CompiledCompositeActor.class
-rw-rw-r-- 1 travis travis  1592 Jun  1 21:06 CompiledCompositeActor_CompiledCompositeActor$_CompiledCompositeActor_CompiledCompositeActor.class
-rw-rw-r-- 1 travis travis 13466 Jun  1 21:06 CompiledCompositeActor_CompiledCompositeActor.java
-rw-rw-r-- 1 travis travis  1593 Jun  1 21:06 CompiledCompositeActor_CompiledCompositeActor.mk
-rw-rw-r-- 1 travis travis  4457 Jun  1 21:06 JavaCompiledCompositeTest1_CompiledCompositeActor.class
-rw-rw-r-- 1 travis travis 11637 Jun  1 21:06 JavaCompiledCompositeTest1_CompiledCompositeActor.java
-rw-rw-r-- 1 travis travis  1198 Jun  1 21:06 JavaCompiledCompositeTest1_CompiledCompositeActor$_JavaCompiledCompositeTest1_CompiledCompositeActor.class
-rw-rw-r-- 1 travis travis  1625 Jun  1 21:06 JavaCompiledCompositeTest1_CompiledCompositeActor.mk
-rw-rw-r-- 1 travis travis  4888 Jun  1 21:06 JavaCompiledCompositeTest2_CompiledCompositeActor.class
-rw-rw-r-- 1 travis travis 14919 Jun  1 21:06 JavaCompiledCompositeTest2_CompiledCompositeActor.java
-rw-rw-r-- 1 travis travis  1793 Jun  1 21:06 JavaCompiledCompositeTest2_CompiledCompositeActor$_JavaCompiledCompositeTest2_CompiledCompositeActor.class
-rw-rw-r-- 1 travis travis  1625 Jun  1 21:06 JavaCompiledCompositeTest2_CompiledCompositeActor.mk
-rw-rw-r-- 1 travis travis  4505 Jun  1 21:06 JavaCompiledCompositeTest3_CompiledCompositeActor.class
-rw-rw-r-- 1 travis travis 13080 Jun  1 21:06 JavaCompiledCompositeTest3_CompiledCompositeActor.java
-rw-rw-r-- 1 travis travis  1378 Jun  1 21:06 JavaCompiledCompositeTest3_CompiledCompositeActor$_JavaCompiledCompositeTest3_CompiledCompositeActor.class
-rw-rw-r-- 1 travis travis  1625 Jun  1 21:06 JavaCompiledCompositeTest3_CompiledCompositeActor.mk
-rw-rw-r-- 1 travis travis  3953 Jun  1 21:06 JavaCompiledCompositeTest4_CompiledCompositeActor.class
-rw-rw-r-- 1 travis travis  9687 Jun  1 21:06 JavaCompiledCompositeTest4_CompiledCompositeActor.java
-rw-rw-r-- 1 travis travis   857 Jun  1 21:06 JavaCompiledCompositeTest4_CompiledCompositeActor$_JavaCompiledCompositeTest4_CompiledCompositeActor.class
-rw-rw-r-- 1 travis travis  1625 Jun  1 21:06 JavaCompiledCompositeTest4_CompiledCompositeActor.mk
-rw-rw-r-- 1 travis travis  3693 Jun  1 21:06 ModularCG_A1_B1.class
-rw-rw-r-- 1 travis travis  9730 Jun  1 21:06 ModularCG_A1_B1.java
-rw-rw-r-- 1 travis travis   832 Jun  1 21:06 ModularCG_A1_B1.mk
-rw-rw-r-- 1 travis travis  1318 Jun  1 21:06 ModularCG_A1_B1_profile.class
-rw-rw-r-- 1 travis travis  1262 Jun  1 21:06 ModularCG_A1_B1_profile.java
-rw-rw-r-- 1 travis travis  3693 Jun  1 21:06 ModularCG_A1_B2.class
-rw-rw-r-- 1 travis travis  9730 Jun  1 21:06 ModularCG_A1_B2.java
-rw-rw-r-- 1 travis travis   832 Jun  1 21:06 ModularCG_A1_B2.mk
-rw-rw-r-- 1 travis travis  1318 Jun  1 21:06 ModularCG_A1_B2_profile.class
-rw-rw-r-- 1 travis travis  1262 Jun  1 21:06 ModularCG_A1_B2_profile.java
-rw-rw-r-- 1 travis travis  4799 Jun  1 21:06 ModularCG_A1.class
-rw-rw-r-- 1 travis travis 14742 Jun  1 21:06 ModularCG_A1.java
-rw-rw-r-- 1 travis travis   808 Jun  1 21:06 ModularCG_A1.mk
-rw-rw-r-- 1 travis travis  1433 Jun  1 21:06 ModularCG_A1_profile.class
-rw-rw-r-- 1 travis travis  1704 Jun  1 21:06 ModularCG_A1_profile.java
-rw-rw-r-- 1 travis travis  3827 Jun  1 21:06 ModularCG_A2_B1.class
-rw-rw-r-- 1 travis travis 10667 Jun  1 21:06 ModularCG_A2_B1.java
-rw-rw-r-- 1 travis travis   832 Jun  1 21:06 ModularCG_A2_B1.mk
-rw-rw-r-- 1 travis travis  1381 Jun  1 21:06 ModularCG_A2_B1_profile.class
-rw-rw-r-- 1 travis travis  1446 Jun  1 21:06 ModularCG_A2_B1_profile.java
-rw-rw-r-- 1 travis travis  3693 Jun  1 21:06 ModularCG_A2_B2.class
-rw-rw-r-- 1 travis travis  9730 Jun  1 21:06 ModularCG_A2_B2.java
-rw-rw-r-- 1 travis travis   832 Jun  1 21:06 ModularCG_A2_B2.mk
-rw-rw-r-- 1 travis travis  1318 Jun  1 21:06 ModularCG_A2_B2_profile.class
-rw-rw-r-- 1 travis travis  1262 Jun  1 21:06 ModularCG_A2_B2_profile.java
-rw-rw-r-- 1 travis travis  4870 Jun  1 21:06 ModularCG_A2.class
-rw-rw-r-- 1 travis travis 15129 Jun  1 21:06 ModularCG_A2.java
-rw-rw-r-- 1 travis travis   808 Jun  1 21:06 ModularCG_A2.mk
-rw-rw-r-- 1 travis travis  1433 Jun  1 21:06 ModularCG_A2_profile.class
-rw-rw-r-- 1 travis travis  1704 Jun  1 21:06 ModularCG_A2_profile.java
-rw-rw-r-- 1 travis travis  3473 Jun  1 21:06 ModularCGPubSub_A1_A2.class
-rw-rw-r-- 1 travis travis  9076 Jun  1 21:06 ModularCGPubSub_A1_A2.java
-rw-rw-r-- 1 travis travis   880 Jun  1 21:06 ModularCGPubSub_A1_A2.mk
-rw-rw-r-- 1 travis travis  1300 Jun  1 21:06 ModularCGPubSub_A1_A2_profile.class
-rw-rw-r-- 1 travis travis  1222 Jun  1 21:06 ModularCGPubSub_A1_A2_profile.java
-rw-rw-r-- 1 travis travis  3790 Jun  1 21:06 ModularCGPubSub_A1.class
-rw-rw-r-- 1 travis travis  9836 Jun  1 21:06 ModularCGPubSub_A1.java
-rw-rw-r-- 1 travis travis   856 Jun  1 21:06 ModularCGPubSub_A1.mk
-rw-rw-r-- 1 travis travis  1346 Jun  1 21:06 ModularCGPubSub_A1_profile.class
-rw-rw-r-- 1 travis travis  1388 Jun  1 21:06 ModularCGPubSub_A1_profile.java
-rw-rw-r-- 1 travis travis  3988 Jun  1 21:06 ModularCodeGen2_ModularCodeGenTypedCompositeActor.class
-rw-rw-r-- 1 travis travis 11690 Jun  1 21:06 ModularCodeGen2_ModularCodeGenTypedCompositeActor.java
-rw-rw-r-- 1 travis travis  1104 Jun  1 21:06 ModularCodeGen2_ModularCodeGenTypedCompositeActor.mk
-rw-rw-r-- 1 travis travis  4272 Jun  1 21:06 ModularCodeGen2_ModularCodeGenTypedCompositeActor_ModularCodeGenTypedCompositeActor.class
-rw-rw-r-- 1 travis travis 11790 Jun  1 21:06 ModularCodeGen2_ModularCodeGenTypedCompositeActor_ModularCodeGenTypedCompositeActor.java
-rw-rw-r-- 1 travis travis  1376 Jun  1 21:06 ModularCodeGen2_ModularCodeGenTypedCompositeActor_ModularCodeGenTypedCompositeActor.mk
-rw-rw-r-- 1 travis travis  1421 Jun  1 21:06 ModularCodeGen2_ModularCodeGenTypedCompositeActor_ModularCodeGenTypedCompositeActor_profile.class
-rw-rw-r-- 1 travis travis  1294 Jun  1 21:06 ModularCodeGen2_ModularCodeGenTypedCompositeActor_ModularCodeGenTypedCompositeActor_profile.java
-rw-rw-r-- 1 travis travis   820 Jun  1 21:06 ModularCodeGen2_ModularCodeGenTypedCompositeActor_profile.class
-rw-rw-r-- 1 travis travis   693 Jun  1 21:06 ModularCodeGen2_ModularCodeGenTypedCompositeActor_profile.java
-rw-rw-r-- 1 travis travis  3741 Jun  1 21:06 ModularCodeGen3_A1_B1.class
-rw-rw-r-- 1 travis travis  9958 Jun  1 21:06 ModularCodeGen3_A1_B1.java
-rw-rw-r-- 1 travis travis   880 Jun  1 21:06 ModularCodeGen3_A1_B1.mk
-rw-rw-r-- 1 travis travis  1330 Jun  1 21:06 ModularCodeGen3_A1_B1_profile.class
-rw-rw-r-- 1 travis travis  1274 Jun  1 21:06 ModularCodeGen3_A1_B1_profile.java
-rw-rw-r-- 1 travis travis  3741 Jun  1 21:06 ModularCodeGen3_A1_B2.class
-rw-rw-r-- 1 travis travis  9958 Jun  1 21:06 ModularCodeGen3_A1_B2.java
-rw-rw-r-- 1 travis travis   880 Jun  1 21:06 ModularCodeGen3_A1_B2.mk
-rw-rw-r-- 1 travis travis  1330 Jun  1 21:06 ModularCodeGen3_A1_B2_profile.class
-rw-rw-r-- 1 travis travis  1274 Jun  1 21:06 ModularCodeGen3_A1_B2_profile.java
-rw-rw-r-- 1 travis travis  4961 Jun  1 21:07 ModularCodeGen3_A1.class
-rw-rw-r-- 1 travis travis 15564 Jun  1 21:06 ModularCodeGen3_A1.java
-rw-rw-r-- 1 travis travis   856 Jun  1 21:06 ModularCodeGen3_A1.mk
-rw-rw-r-- 1 travis travis  1445 Jun  1 21:06 ModularCodeGen3_A1_profile.class
-rw-rw-r-- 1 travis travis  1716 Jun  1 21:06 ModularCodeGen3_A1_profile.java
-rw-rw-r-- 1 travis travis  3887 Jun  1 21:07 ModularCodeGen3_A2_B1.class
-rw-rw-r-- 1 travis travis 10955 Jun  1 21:07 ModularCodeGen3_A2_B1.java
-rw-rw-r-- 1 travis travis   880 Jun  1 21:07 ModularCodeGen3_A2_B1.mk
-rw-rw-r-- 1 travis travis  1393 Jun  1 21:07 ModularCodeGen3_A2_B1_profile.class
-rw-rw-r-- 1 travis travis  1458 Jun  1 21:07 ModularCodeGen3_A2_B1_profile.java
-rw-rw-r-- 1 travis travis  3741 Jun  1 21:07 ModularCodeGen3_A2_B2.class
-rw-rw-r-- 1 travis travis  9958 Jun  1 21:07 ModularCodeGen3_A2_B2.java
-rw-rw-r-- 1 travis travis   880 Jun  1 21:07 ModularCodeGen3_A2_B2.mk
-rw-rw-r-- 1 travis travis  1330 Jun  1 21:07 ModularCodeGen3_A2_B2_profile.class
-rw-rw-r-- 1 travis travis  1274 Jun  1 21:07 ModularCodeGen3_A2_B2_profile.java
-rw-rw-r-- 1 travis travis  5038 Jun  1 21:07 ModularCodeGen3_A2.class
-rw-rw-r-- 1 travis travis 15957 Jun  1 21:07 ModularCodeGen3_A2.java
-rw-rw-r-- 1 travis travis   856 Jun  1 21:07 ModularCodeGen3_A2.mk
-rw-rw-r-- 1 travis travis  1445 Jun  1 21:07 ModularCodeGen3_A2_profile.class
-rw-rw-r-- 1 travis travis  1716 Jun  1 21:07 ModularCodeGen3_A2_profile.java
-rw-rw-r-- 1 travis travis  3794 Jun  1 21:07 ModularCodeGen4_A1_B1.class
-rw-rw-r-- 1 travis travis 10312 Jun  1 21:07 ModularCodeGen4_A1_B1.java
-rw-rw-r-- 1 travis travis   880 Jun  1 21:07 ModularCodeGen4_A1_B1.mk
-rw-rw-r-- 1 travis travis  1330 Jun  1 21:07 ModularCodeGen4_A1_B1_profile.class
-rw-rw-r-- 1 travis travis  1273 Jun  1 21:07 ModularCodeGen4_A1_B1_profile.java
-rw-rw-r-- 1 travis travis  3794 Jun  1 21:07 ModularCodeGen4_A1_B2.class
-rw-rw-r-- 1 travis travis 10312 Jun  1 21:07 ModularCodeGen4_A1_B2.java
-rw-rw-r-- 1 travis travis   880 Jun  1 21:07 ModularCodeGen4_A1_B2.mk
-rw-rw-r-- 1 travis travis  1330 Jun  1 21:07 ModularCodeGen4_A1_B2_profile.class
-rw-rw-r-- 1 travis travis  1273 Jun  1 21:07 ModularCodeGen4_A1_B2_profile.java
-rw-rw-r-- 1 travis travis  5101 Jun  1 21:07 ModularCodeGen4_A1.class
-rw-rw-r-- 1 travis travis 16245 Jun  1 21:07 ModularCodeGen4_A1.java
-rw-rw-r-- 1 travis travis   856 Jun  1 21:07 ModularCodeGen4_A1.mk
-rw-rw-r-- 1 travis travis  1445 Jun  1 21:07 ModularCodeGen4_A1_profile.class
-rw-rw-r-- 1 travis travis  1712 Jun  1 21:07 ModularCodeGen4_A1_profile.java
-rw-rw-r-- 1 travis travis  3988 Jun  1 21:07 ModularCodeGen4_A2_B1.class
-rw-rw-r-- 1 travis travis 11375 Jun  1 21:07 ModularCodeGen4_A2_B1.java
-rw-rw-r-- 1 travis travis   880 Jun  1 21:07 ModularCodeGen4_A2_B1.mk
-rw-rw-r-- 1 travis travis  1393 Jun  1 21:07 ModularCodeGen4_A2_B1_profile.class
-rw-rw-r-- 1 travis travis  1454 Jun  1 21:07 ModularCodeGen4_A2_B1_profile.java
-rw-rw-r-- 1 travis travis  3842 Jun  1 21:07 ModularCodeGen4_A2_B2.class
-rw-rw-r-- 1 travis travis 10378 Jun  1 21:07 ModularCodeGen4_A2_B2.java
-rw-rw-r-- 1 travis travis   880 Jun  1 21:07 ModularCodeGen4_A2_B2.mk
-rw-rw-r-- 1 travis travis  1330 Jun  1 21:07 ModularCodeGen4_A2_B2_profile.class
-rw-rw-r-- 1 travis travis  1270 Jun  1 21:07 ModularCodeGen4_A2_B2_profile.java
-rw-rw-r-- 1 travis travis  5274 Jun  1 21:07 ModularCodeGen4_A2.class
-rw-rw-r-- 1 travis travis 16770 Jun  1 21:07 ModularCodeGen4_A2.java
-rw-rw-r-- 1 travis travis   856 Jun  1 21:07 ModularCodeGen4_A2.mk
-rw-rw-r-- 1 travis travis  1445 Jun  1 21:07 ModularCodeGen4_A2_profile.class
-rw-rw-r-- 1 travis travis  1712 Jun  1 21:07 ModularCodeGen4_A2_profile.java
-rw-rw-r-- 1 travis travis  6838 Jun  1 21:07 ModularCodeGen5_A_A.class
-rw-rw-r-- 1 travis travis 28721 Jun  1 21:07 ModularCodeGen5_A_A.java
-rw-rw-r-- 1 travis travis   864 Jun  1 21:07 ModularCodeGen5_A_A.mk
-rw-rw-r-- 1 travis travis  1520 Jun  1 21:07 ModularCodeGen5_A_A_profile.class
-rw-rw-r-- 1 travis travis  1815 Jun  1 21:07 ModularCodeGen5_A_A_profile.java
-rw-rw-r-- 1 travis travis  5115 Jun  1 21:07 ModularCodeGen5_A.class
-rw-rw-r-- 1 travis travis 13769 Jun  1 21:07 ModularCodeGen5_A.java
-rw-rw-r-- 1 travis travis   848 Jun  1 21:07 ModularCodeGen5_A.mk
-rw-rw-r-- 1 travis travis  1422 Jun  1 21:07 ModularCodeGen5_A_profile.class
-rw-rw-r-- 1 travis travis  1605 Jun  1 21:07 ModularCodeGen5_A_profile.java
-rw-rw-r-- 1 travis travis  4125 Jun  1 21:07 ModularCodeGen6_A_A2.class
-rw-rw-r-- 1 travis travis 11329 Jun  1 21:07 ModularCodeGen6_A_A2.java
-rw-rw-r-- 1 travis travis   872 Jun  1 21:07 ModularCodeGen6_A_A2.mk
-rw-rw-r-- 1 travis travis  1351 Jun  1 21:07 ModularCodeGen6_A_A2_profile.class
-rw-rw-r-- 1 travis travis  1364 Jun  1 21:07 ModularCodeGen6_A_A2_profile.java
-rw-rw-r-- 1 travis travis  4108 Jun  1 21:07 ModularCodeGen6_A_A.class
-rw-rw-r-- 1 travis travis 11221 Jun  1 21:07 ModularCodeGen6_A_A.java
-rw-rw-r-- 1 travis travis   864 Jun  1 21:07 ModularCodeGen6_A_A.mk
-rw-rw-r-- 1 travis travis  1348 Jun  1 21:07 ModularCodeGen6_A_A_profile.class
-rw-rw-r-- 1 travis travis  1361 Jun  1 21:07 ModularCodeGen6_A_A_profile.java
-rw-rw-r-- 1 travis travis  7237 Jun  1 21:07 ModularCodeGen6_A.class
-rw-rw-r-- 1 travis travis 26535 Jun  1 21:07 ModularCodeGen6_A.java
-rw-rw-r-- 1 travis travis   848 Jun  1 21:07 ModularCodeGen6_A.mk
-rw-rw-r-- 1 travis travis  1483 Jun  1 21:07 ModularCodeGen6_A_profile.class
-rw-rw-r-- 1 travis travis  1810 Jun  1 21:07 ModularCodeGen6_A_profile.java
-rw-rw-r-- 1 travis travis  9439 Jun  1 21:07 ModularCodeGenLazyPubSubGlobal_CompositeActor_ModularCodeGenTypedComposite.class
-rw-rw-r-- 1 travis travis 30161 Jun  1 21:07 ModularCodeGenLazyPubSubGlobal_CompositeActor_ModularCodeGenTypedComposite.java
-rw-rw-r-- 1 travis travis  1304 Jun  1 21:07 ModularCodeGenLazyPubSubGlobal_CompositeActor_ModularCodeGenTypedComposite.mk
-rw-rw-r-- 1 travis travis  1438 Jun  1 21:07 ModularCodeGenLazyPubSubGlobal_CompositeActor_ModularCodeGenTypedComposite_profile.class
-rw-rw-r-- 1 travis travis  1384 Jun  1 21:07 ModularCodeGenLazyPubSubGlobal_CompositeActor_ModularCodeGenTypedComposite_profile.java
-rw-rw-r-- 1 travis travis  3952 Jun  1 21:07 ModularCodeGenLazyPubSub_LazyCompositeActor.class
-rw-rw-r-- 1 travis travis 11122 Jun  1 21:07 ModularCodeGenLazyPubSub_LazyCompositeActor.java
-rw-rw-r-- 1 travis travis  1056 Jun  1 21:07 ModularCodeGenLazyPubSub_LazyCompositeActor.mk
-rw-rw-r-- 1 travis travis  1286 Jun  1 21:07 ModularCodeGenLazyPubSub_LazyCompositeActor_profile.class
-rw-rw-r-- 1 travis travis  1091 Jun  1 21:07 ModularCodeGenLazyPubSub_LazyCompositeActor_profile.java
-rw-rw-r-- 1 travis travis  3954 Jun  1 21:06 ModularCodeGen_ModularCodeGenTypedCompositeActor.class
-rw-rw-r-- 1 travis travis 10970 Jun  1 21:06 ModularCodeGen_ModularCodeGenTypedCompositeActor.java
-rw-rw-r-- 1 travis travis  1096 Jun  1 21:06 ModularCodeGen_ModularCodeGenTypedCompositeActor.mk
-rw-rw-r-- 1 travis travis  1384 Jun  1 21:06 ModularCodeGen_ModularCodeGenTypedCompositeActor_profile.class
-rw-rw-r-- 1 travis travis  1328 Jun  1 21:06 ModularCodeGen_ModularCodeGenTypedCompositeActor_profile.java
-rw-rw-r-- 1 travis travis  3441 Jun  1 21:07 ModularCodeGenPubSub2_A1_A.class
-rw-rw-r-- 1 travis travis  8578 Jun  1 21:07 ModularCodeGenPubSub2_A1_A.java
-rw-rw-r-- 1 travis travis   920 Jun  1 21:07 ModularCodeGenPubSub2_A1_A.mk
-rw-rw-r-- 1 travis travis  1274 Jun  1 21:07 ModularCodeGenPubSub2_A1_A_profile.class
-rw-rw-r-- 1 travis travis  1128 Jun  1 21:07 ModularCodeGenPubSub2_A1_A_profile.java
-rw-rw-r-- 1 travis travis  3733 Jun  1 21:07 ModularCodeGenPubSub2_A1.class
-rw-rw-r-- 1 travis travis  9781 Jun  1 21:07 ModularCodeGenPubSub2_A1.java
-rw-rw-r-- 1 travis travis   904 Jun  1 21:07 ModularCodeGenPubSub2_A1.mk
-rw-rw-r-- 1 travis travis  1268 Jun  1 21:07 ModularCodeGenPubSub2_A1_profile.class
-rw-rw-r-- 1 travis travis  1196 Jun  1 21:07 ModularCodeGenPubSub2_A1_profile.java
-rw-rw-r-- 1 travis travis  3437 Jun  1 21:07 ModularCodeGenPubSub3_A1_A2.class
-rw-rw-r-- 1 travis travis  8599 Jun  1 21:07 ModularCodeGenPubSub3_A1_A2.java
-rw-rw-r-- 1 travis travis   928 Jun  1 21:07 ModularCodeGenPubSub3_A1_A2.mk
-rw-rw-r-- 1 travis travis  1287 Jun  1 21:07 ModularCodeGenPubSub3_A1_A2_profile.class
-rw-rw-r-- 1 travis travis  1132 Jun  1 21:07 ModularCodeGenPubSub3_A1_A2_profile.java
-rw-rw-r-- 1 travis travis  1400 Jun  1 21:07 ModularCodeGenPubSub3_A1_profile.java
-rw-rw-r-- 1 travis travis  3475 Jun  1 21:07 ModularCodeGenPubSub_A1.class
-rw-rw-r-- 1 travis travis  9060 Jun  1 21:07 ModularCodeGenPubSub_A1.java
-rw-rw-r-- 1 travis travis   896 Jun  1 21:07 ModularCodeGenPubSub_A1.mk
-rw-rw-r-- 1 travis travis  1278 Jun  1 21:07 ModularCodeGenPubSub_A1_profile.class
-rw-rw-r-- 1 travis travis  1195 Jun  1 21:07 ModularCodeGenPubSub_A1_profile.java
-rw-rw-r-- 1 travis travis  3492 Jun  1 21:06 ModularCodeGenTest_A1_A2.class
-rw-rw-r-- 1 travis travis  9164 Jun  1 21:06 ModularCodeGenTest_A1_A2.java
-rw-rw-r-- 1 travis travis   904 Jun  1 21:06 ModularCodeGenTest_A1_A2.mk
-rw-rw-r-- 1 travis travis  1306 Jun  1 21:06 ModularCodeGenTest_A1_A2_profile.class
-rw-rw-r-- 1 travis travis  1228 Jun  1 21:06 ModularCodeGenTest_A1_A2_profile.java
-rw-rw-r-- 1 travis travis  3823 Jun  1 21:06 ModularCodeGenTest_A1.class
-rw-rw-r-- 1 travis travis  9968 Jun  1 21:06 ModularCodeGenTest_A1.java
-rw-rw-r-- 1 travis travis   880 Jun  1 21:06 ModularCodeGenTest_A1.mk
-rw-rw-r-- 1 travis travis  1352 Jun  1 21:06 ModularCodeGenTest_A1_profile.class
-rw-rw-r-- 1 travis travis  1394 Jun  1 21:06 ModularCodeGenTest_A1_profile.java
-rw-rw-r-- 1 travis travis   432 Jun  1 21:07 Token.class
-rw-rw-r-- 1 travis travis   251 Jun  1 21:07 Token.java
warning: Supported source version 'RELEASE_6' from annotation processor 'org.netbeans.modules.openide.util.NbBundleProcessor' less than -source '1.8'
warning: Supported source version 'RELEASE_6' from annotation processor 'org.netbeans.modules.openide.util.URLStreamHandlerRegistrationProcessor' less than -source '1.8'
warning: Supported source version 'RELEASE_6' from annotation processor 'org.netbeans.modules.openide.util.ServiceProviderProcessor' less than -source '1.8'
3 warnings
All Done
Writing ModularCodeGenPubSub3_A1.java in file:/home/travis/cg/ (10100 characters)
Reading "ptolemy/cg/kernel/generic/program/procedural/java/modular/makefile.in",
    writing "/home/travis/cg/ModularCodeGenPubSub3_A1.mk"
Using ptolemy/cg/kernel/generic/program/procedural/java/modular/makefile.in
In "/home/travis/cg", about to execute:
    make -f ModularCodeGenPubSub3_A1.mk
javac -classpath ".:.."    ModularCodeGenPubSub3_A1.java
All Done
4986 ms. Memory: 160768K Free: 54546K (34%)
----------------- Invoking toplevel() on ptolemy.moml.MoMLSimpleApplication@1cda9280
----------------- Done invoking toplevel() on ptolemy.moml.MoMLSimpleApplication@1cda9280
reloadAllAccessors: .ModularCodeGenPubSub3

===========================================================================================
----------------- testing Fri Jun 01 21:07:52 UTC 2018 /home/travis/build/icyphy/ptII/ptolemy/cg/lib/test/auto/ModularCodeGenPubSub4.xml
----------------- Instantiating /home/travis/build/icyphy/ptII/ptolemy/cg/lib/test/auto/ModularCodeGenPubSub4.xml
In "/home/travis/cg", about to execute:
    pwd
/home/travis/cg
In "/home/travis/cg", about to execute:
    ls -l
In "/home/travis/cg", about to execute:
    javac -classpath
.:/home/travis/build/icyphy/ptII:/home/travis/build/icyphy/ptII/lib/bsh-2.0b4.j
ar:/home/travis/build/icyphy/ptII/lib/ptCal.jar:/home/travis/build/icyphy/ptII/
lib/java_cup.jar:/home/travis/build/icyphy/ptII/lib/saxon8.jar:/home/travis/bui
ld/icyphy/ptII/lib/saxon8-dom.jar:/home/travis/build/icyphy/ptII/lib/chic.jar:/
home/travis/build/icyphy/ptII/lib/ptcolt.jar:/usr/lib/jvm/java-8-oracle/lib/too
ls.jar:/usr/lib/eclipse/plugins/org.eclipse.jdt.core_3.8.2.dist.jar:/usr/lib/ec
lipse/plugins/org.eclipse.core.runtime_3.8.0.dist.jar:/usr/lib/eclipse/plugins/
org.eclipse.osgi_3.8.1.dist.jar:/usr/lib/eclipse/plugins/org.eclipse.core.resou
rces_3.8.1.dist.jar:/usr/lib/eclipse/plugins/org.eclipse.equinox.common_3.6.100
.dist.jar:/usr/lib/eclipse/plugins/org.eclipse.core.jobs_3.5.200.dist.jar:/usr/
lib/eclipse/plugins/org.eclipse.core.contenttype_3.4.200.dist.jar:/usr/lib/ecli
pse/plugins/org.eclipse.equinox.preferences_3.5.0.dist.jar:/usr/lib/eclipse/plu
gins/org.eclipse.text_3.5.200.dist.jar:/usr/lib/eclipse/plugins/org.eclipse.ui.
workbench_3.8.1.dist.jar:/usr/lib/eclipse/plugins/org.eclipse.jface_3.8.0.dist.
jar:/usr/lib/eclipse/plugins/org.eclipse.swt_3.8.2.jar:/usr/lib/eclipse/plugins
/org.eclipse.jface.text_3.8.1.dist.jar:/usr/lib/eclipse/plugins/org.eclipse.ui.
workbench.texteditor_3.8.0.dist.jar:/usr/lib/eclipse/plugins/org.eclipse.ui.edi
tors_3.8.0.dist.jar:/usr/lib/eclipse/plugins/org.eclipse.core.commands_3.6.1.di
st.jar:/usr/lib/eclipse/plugins/org.eclipse.equinox.registry_3.5.200.dist.jar:/
usr/lib/eclipse/plugins/org.eclipse.ui.console_3.5.100.dist.jar:/usr/lib/eclips
e/plugins/org.eclipse.ui.forms_3.5.200.dist.jar:/usr/lib/eclipse/plugins/org.ec
lipse.ui.ide_3.8.1.dist.jar:/home/travis/build/icyphy/ptII/vendors/oracle/dbxml
.jar:/home/travis/build/icyphy/ptII/vendors/oracle/db.jar:/home/travis/build/ic
yphy/ptII/vendors/misc/itext/iText.jar:/home/travis/build/icyphy/ptII/lib/g4ltl
.jar:/home/travis/build/icyphy/ptII/lib/StructuralCoder.jar:/home/travis/build/
icyphy/ptII/lib/org-openide-util.jar:/home/travis/build/icyphy/ptII/lib/org-ope
nide-util-lookup.jar:/home/travis/build/icyphy/ptII/lib/org-netbeans-api-visual
.jar:/home/travis/build/icyphy/ptII/vendors/jai-1_1_2_01/lib/jai_core.jar:/home
/travis/build/icyphy/ptII/vendors/jai-1_1_2_01/lib/jai_codec.jar:/home/travis/b
uild/icyphy/ptII/lib/jcerti.jar:/home/travis/build/icyphy/ptII/lib/smack.jar:/h
ome/travis/build/icyphy/ptII/lib/smackx.jar:/home/travis/build/icyphy/ptII/lib/
jetty-all-8.1.5-v20120716.jar:/home/travis/build/icyphy/ptII/lib/javax.servlet-
api-3.0.1.jar:/home/travis/build/icyphy/ptII/lib/javax.mail.jar:/home/travis/bu
ild/icyphy/ptII/vendors/JMF-2.1.1e/lib/jmf.jar:/home/travis/build/icyphy/ptII/l
ib/jna-4.0.0-variadic.jar:/home/travis/build/icyphy/ptII/vendors/misc/joystick/
Joystick.jar:/home/travis/build/icyphy/ptII/lib/ptjacl.jar:/home/travis/build/i
cyphy/ptII/lib/jsoup-1.8.2.jar:/home/travis/build/icyphy/ptII/lib/junit-4.8.2.j
ar:/home/travis/build/icyphy/ptII/lib/JUnitParams-0.4.0.jar:/home/travis/build/
icyphy/ptII/ptolemy/actor/lib/excel/jxl.jar:/home/travis/build/icyphy/ptII/lib/
jython.jar:/home/travis/build/icyphy/ptII/lib/kieler.jar:/home/travis/build/icy
phy/ptII/vendors/opencv/share/OpenCV/java/opencv-341.jar:/home/travis/build/icy
phy/ptII/lib/oscP5.jar:/home/travis/build/icyphy/ptII/lib/nrjavaserial-3.11.0.d
evel.jar:/usr/share/java/j3dcore.jar:/usr/share/java/j3dutils.jar:/usr/share/ja
va/vecmath.jar:/home/travis/build/icyphy/ptII/ptolemy/distributed/jini/jar/jini
-core.jar:/home/travis/build/icyphy/ptII/ptolemy/distributed/jini/jar/jini-ext.
jar:/home/travis/build/icyphy/ptII/ptolemy/distributed/jini/jar/sun-util.jar:/h
ome/travis/build/icyphy/ptII/lib/protobuf-java-2.4.1.jar:/home/travis/build/icy
phy/ptII/lib/org.eclipse.paho.client.mqttv3.jar:/home/travis/build/icyphy/ptII/
ptserver/lib/hessian-4.0.7.jar:/home/travis/build/icyphy/ptII/ptserver/lib/wmqt
t.jar:/home/travis/build/icyphy/ptII/lib/mapss.jar:/home/travis/build/icyphy/pt
II/ptolemy/actor/ptalon/antlr/antlr.jar:/home/travis/build/icyphy/ptII/lib/JRI.
jar:/home/travis/build/icyphy/ptII/lib/commons-lang-2.6.jar:/home/travis/build/
icyphy/ptII/lib/commons-logging-1.1.1.jar:/home/travis/build/icyphy/ptII/lib/so
otclasses.jar:/home/travis/build/icyphy/ptII/ptolemy/actor/lib/database/mysql-c
onnector-java-5.1.6-bin.jar:/home/travis/build/icyphy/ptII/vendors/misc/sphinx4
/sphinx4-data-5prealpha.jar:/home/travis/build/icyphy/ptII/vendors/misc/sphinx4
/sphinx4-core-5prealpha.jar:/home/travis/build/icyphy/ptII/lib/PDFRenderer.jar:
/home/travis/build/icyphy/ptII/lib/svgSalamander.jar:/home/travis/build/icyphy/
ptII/lib/rsyntaxtextarea-2.6.0-SNAPSHOT.jar:/home/travis/build/icyphy/ptII/lib/
hazelcast-3.8.2.jar:/home/travis/build/icyphy/ptII/lib/jackson-annotations-2.9.
0.jar:/home/travis/build/icyphy/ptII/lib/jackson-core-2.9.3.jar:/home/travis/bu
ild/icyphy/ptII/lib/jackson-databind-2.9.3.jar:/home/travis/build/icyphy/ptII/l
ib/netty-buffer-4.1.19.Final.jar:/home/travis/build/icyphy/ptII/lib/netty-codec
-4.1.19.Final.jar:/home/travis/build/icyphy/ptII/lib/netty-codec-dns-4.1.19.Fin
al.jar:/home/travis/build/icyphy/ptII/lib/netty-codec-http-4.1.19.Final.jar:/ho
me/travis/build/icyphy/ptII/lib/netty-codec-http2-4.1.19.Final.jar:/home/travis
/build/icyphy/ptII/lib/netty-common-4.1.19.Final.jar:/home/travis/build/icyphy/
ptII/lib/netty-handler-4.1.19.Final.jar:/home/travis/build/icyphy/ptII/lib/nett
y-resolver-4.1.19.Final.jar:/home/travis/build/icyphy/ptII/lib/netty-resolver-d
ns-4.1.19.Final.jar:/home/travis/build/icyphy/ptII/lib/netty-transport-4.1.19.F
inal.jar:/home/travis/build/icyphy/ptII/lib/vertx-codegen-3.5.1.jar:/home/travi
s/build/icyphy/ptII/lib/vertx-core-3.5.2-SNAPSHOT.jar:/home/travis/build/icyphy
/ptII/lib/vertx-hazelcast-3.5.1.jar:/home/travis/build/icyphy/ptII/lib/vertx-la
ng-js-3.5.1.jar:/home/travis/build/icyphy/ptII/lib/vertx-service-proxy-3.5.1.ja
r:/home/travis/build/icyphy/ptII/lib/vertx-web-3.5.1.jar:/home/travis/build/icy
phy/ptII/lib/slf4j-api-1.7.13.jar:/home/travis/build/icyphy/ptII/lib/slf4j-simp
le-1.7.13.jar:/home/travis/build/icyphy/ptII/lib/webcam-capture-0.3.12.jar:/hom
e/travis/build/icyphy/ptII/lib/bridj-0.7.0.jar:/home/travis/build/icyphy/ptII/l
ib/xbjlib-1.1.0.nrjavaserial.jar:/home/travis/build/icyphy/ptII/ptolemy/moml/te
st:/home/travis/build/icyphy/ptII/ant/lib/ant-launcher.jar:/home/travis/build/i
cyphy/ptII/ant/lib/ant.jar:/home/travis/build/icyphy/ptII/ant/lib/ant-junit.jar
:/home/travis/build/icyphy/ptII/ant/lib/ant-junit4.jar:/home/travis/build/icyph
y/ptII ModularCodeGenPubSub4_A1_A_profile.java
total 1348
-rw-rw-r-- 1 travis travis   233 Jun  1 21:07 Array.class
-rw-rw-r-- 1 travis travis   459 Jun  1 21:07 Array.java
-rw-rw-r-- 1 travis travis  4895 Jun  1 21:06 CompiledCompositeActor_CompiledCompositeActor.class
-rw-rw-r-- 1 travis travis  1592 Jun  1 21:06 CompiledCompositeActor_CompiledCompositeActor$_CompiledCompositeActor_CompiledCompositeActor.class
-rw-rw-r-- 1 travis travis 13466 Jun  1 21:06 CompiledCompositeActor_CompiledCompositeActor.java
-rw-rw-r-- 1 travis travis  1593 Jun  1 21:06 CompiledCompositeActor_CompiledCompositeActor.mk
-rw-rw-r-- 1 travis travis  4457 Jun  1 21:06 JavaCompiledCompositeTest1_CompiledCompositeActor.class
-rw-rw-r-- 1 travis travis 11637 Jun  1 21:06 JavaCompiledCompositeTest1_CompiledCompositeActor.java
-rw-rw-r-- 1 travis travis  1198 Jun  1 21:06 JavaCompiledCompositeTest1_CompiledCompositeActor$_JavaCompiledCompositeTest1_CompiledCompositeActor.class
-rw-rw-r-- 1 travis travis  1625 Jun  1 21:06 JavaCompiledCompositeTest1_CompiledCompositeActor.mk
-rw-rw-r-- 1 travis travis  4888 Jun  1 21:06 JavaCompiledCompositeTest2_CompiledCompositeActor.class
-rw-rw-r-- 1 travis travis 14919 Jun  1 21:06 JavaCompiledCompositeTest2_CompiledCompositeActor.java
-rw-rw-r-- 1 travis travis  1793 Jun  1 21:06 JavaCompiledCompositeTest2_CompiledCompositeActor$_JavaCompiledCompositeTest2_CompiledCompositeActor.class
-rw-rw-r-- 1 travis travis  1625 Jun  1 21:06 JavaCompiledCompositeTest2_CompiledCompositeActor.mk
-rw-rw-r-- 1 travis travis  4505 Jun  1 21:06 JavaCompiledCompositeTest3_CompiledCompositeActor.class
-rw-rw-r-- 1 travis travis 13080 Jun  1 21:06 JavaCompiledCompositeTest3_CompiledCompositeActor.java
-rw-rw-r-- 1 travis travis  1378 Jun  1 21:06 JavaCompiledCompositeTest3_CompiledCompositeActor$_JavaCompiledCompositeTest3_CompiledCompositeActor.class
-rw-rw-r-- 1 travis travis  1625 Jun  1 21:06 JavaCompiledCompositeTest3_CompiledCompositeActor.mk
-rw-rw-r-- 1 travis travis  3953 Jun  1 21:06 JavaCompiledCompositeTest4_CompiledCompositeActor.class
-rw-rw-r-- 1 travis travis  9687 Jun  1 21:06 JavaCompiledCompositeTest4_CompiledCompositeActor.java
-rw-rw-r-- 1 travis travis   857 Jun  1 21:06 JavaCompiledCompositeTest4_CompiledCompositeActor$_JavaCompiledCompositeTest4_CompiledCompositeActor.class
-rw-rw-r-- 1 travis travis  1625 Jun  1 21:06 JavaCompiledCompositeTest4_CompiledCompositeActor.mk
-rw-rw-r-- 1 travis travis  3693 Jun  1 21:06 ModularCG_A1_B1.class
-rw-rw-r-- 1 travis travis  9730 Jun  1 21:06 ModularCG_A1_B1.java
-rw-rw-r-- 1 travis travis   832 Jun  1 21:06 ModularCG_A1_B1.mk
-rw-rw-r-- 1 travis travis  1318 Jun  1 21:06 ModularCG_A1_B1_profile.class
-rw-rw-r-- 1 travis travis  1262 Jun  1 21:06 ModularCG_A1_B1_profile.java
-rw-rw-r-- 1 travis travis  3693 Jun  1 21:06 ModularCG_A1_B2.class
-rw-rw-r-- 1 travis travis  9730 Jun  1 21:06 ModularCG_A1_B2.java
-rw-rw-r-- 1 travis travis   832 Jun  1 21:06 ModularCG_A1_B2.mk
-rw-rw-r-- 1 travis travis  1318 Jun  1 21:06 ModularCG_A1_B2_profile.class
-rw-rw-r-- 1 travis travis  1262 Jun  1 21:06 ModularCG_A1_B2_profile.java
-rw-rw-r-- 1 travis travis  4799 Jun  1 21:06 ModularCG_A1.class
-rw-rw-r-- 1 travis travis 14742 Jun  1 21:06 ModularCG_A1.java
-rw-rw-r-- 1 travis travis   808 Jun  1 21:06 ModularCG_A1.mk
-rw-rw-r-- 1 travis travis  1433 Jun  1 21:06 ModularCG_A1_profile.class
-rw-rw-r-- 1 travis travis  1704 Jun  1 21:06 ModularCG_A1_profile.java
-rw-rw-r-- 1 travis travis  3827 Jun  1 21:06 ModularCG_A2_B1.class
-rw-rw-r-- 1 travis travis 10667 Jun  1 21:06 ModularCG_A2_B1.java
-rw-rw-r-- 1 travis travis   832 Jun  1 21:06 ModularCG_A2_B1.mk
-rw-rw-r-- 1 travis travis  1381 Jun  1 21:06 ModularCG_A2_B1_profile.class
-rw-rw-r-- 1 travis travis  1446 Jun  1 21:06 ModularCG_A2_B1_profile.java
-rw-rw-r-- 1 travis travis  3693 Jun  1 21:06 ModularCG_A2_B2.class
-rw-rw-r-- 1 travis travis  9730 Jun  1 21:06 ModularCG_A2_B2.java
-rw-rw-r-- 1 travis travis   832 Jun  1 21:06 ModularCG_A2_B2.mk
-rw-rw-r-- 1 travis travis  1318 Jun  1 21:06 ModularCG_A2_B2_profile.class
-rw-rw-r-- 1 travis travis  1262 Jun  1 21:06 ModularCG_A2_B2_profile.java
-rw-rw-r-- 1 travis travis  4870 Jun  1 21:06 ModularCG_A2.class
-rw-rw-r-- 1 travis travis 15129 Jun  1 21:06 ModularCG_A2.java
-rw-rw-r-- 1 travis travis   808 Jun  1 21:06 ModularCG_A2.mk
-rw-rw-r-- 1 travis travis  1433 Jun  1 21:06 ModularCG_A2_profile.class
-rw-rw-r-- 1 travis travis  1704 Jun  1 21:06 ModularCG_A2_profile.java
-rw-rw-r-- 1 travis travis  3473 Jun  1 21:06 ModularCGPubSub_A1_A2.class
-rw-rw-r-- 1 travis travis  9076 Jun  1 21:06 ModularCGPubSub_A1_A2.java
-rw-rw-r-- 1 travis travis   880 Jun  1 21:06 ModularCGPubSub_A1_A2.mk
-rw-rw-r-- 1 travis travis  1300 Jun  1 21:06 ModularCGPubSub_A1_A2_profile.class
-rw-rw-r-- 1 travis travis  1222 Jun  1 21:06 ModularCGPubSub_A1_A2_profile.java
-rw-rw-r-- 1 travis travis  3790 Jun  1 21:06 ModularCGPubSub_A1.class
-rw-rw-r-- 1 travis travis  9836 Jun  1 21:06 ModularCGPubSub_A1.java
-rw-rw-r-- 1 travis travis   856 Jun  1 21:06 ModularCGPubSub_A1.mk
-rw-rw-r-- 1 travis travis  1346 Jun  1 21:06 ModularCGPubSub_A1_profile.class
-rw-rw-r-- 1 travis travis  1388 Jun  1 21:06 ModularCGPubSub_A1_profile.java
-rw-rw-r-- 1 travis travis  3988 Jun  1 21:06 ModularCodeGen2_ModularCodeGenTypedCompositeActor.class
-rw-rw-r-- 1 travis travis 11690 Jun  1 21:06 ModularCodeGen2_ModularCodeGenTypedCompositeActor.java
-rw-rw-r-- 1 travis travis  1104 Jun  1 21:06 ModularCodeGen2_ModularCodeGenTypedCompositeActor.mk
-rw-rw-r-- 1 travis travis  4272 Jun  1 21:06 ModularCodeGen2_ModularCodeGenTypedCompositeActor_ModularCodeGenTypedCompositeActor.class
-rw-rw-r-- 1 travis travis 11790 Jun  1 21:06 ModularCodeGen2_ModularCodeGenTypedCompositeActor_ModularCodeGenTypedCompositeActor.java
-rw-rw-r-- 1 travis travis  1376 Jun  1 21:06 ModularCodeGen2_ModularCodeGenTypedCompositeActor_ModularCodeGenTypedCompositeActor.mk
-rw-rw-r-- 1 travis travis  1421 Jun  1 21:06 ModularCodeGen2_ModularCodeGenTypedCompositeActor_ModularCodeGenTypedCompositeActor_profile.class
-rw-rw-r-- 1 travis travis  1294 Jun  1 21:06 ModularCodeGen2_ModularCodeGenTypedCompositeActor_ModularCodeGenTypedCompositeActor_profile.java
-rw-rw-r-- 1 travis travis   820 Jun  1 21:06 ModularCodeGen2_ModularCodeGenTypedCompositeActor_profile.class
-rw-rw-r-- 1 travis travis   693 Jun  1 21:06 ModularCodeGen2_ModularCodeGenTypedCompositeActor_profile.java
-rw-rw-r-- 1 travis travis  3741 Jun  1 21:06 ModularCodeGen3_A1_B1.class
-rw-rw-r-- 1 travis travis  9958 Jun  1 21:06 ModularCodeGen3_A1_B1.java
-rw-rw-r-- 1 travis travis   880 Jun  1 21:06 ModularCodeGen3_A1_B1.mk
-rw-rw-r-- 1 travis travis  1330 Jun  1 21:06 ModularCodeGen3_A1_B1_profile.class
-rw-rw-r-- 1 travis travis  1274 Jun  1 21:06 ModularCodeGen3_A1_B1_profile.java
-rw-rw-r-- 1 travis travis  3741 Jun  1 21:06 ModularCodeGen3_A1_B2.class
-rw-rw-r-- 1 travis travis  9958 Jun  1 21:06 ModularCodeGen3_A1_B2.java
-rw-rw-r-- 1 travis travis   880 Jun  1 21:06 ModularCodeGen3_A1_B2.mk
-rw-rw-r-- 1 travis travis  1330 Jun  1 21:06 ModularCodeGen3_A1_B2_profile.class
-rw-rw-r-- 1 travis travis  1274 Jun  1 21:06 ModularCodeGen3_A1_B2_profile.java
-rw-rw-r-- 1 travis travis  4961 Jun  1 21:07 ModularCodeGen3_A1.class
-rw-rw-r-- 1 travis travis 15564 Jun  1 21:06 ModularCodeGen3_A1.java
-rw-rw-r-- 1 travis travis   856 Jun  1 21:06 ModularCodeGen3_A1.mk
-rw-rw-r-- 1 travis travis  1445 Jun  1 21:06 ModularCodeGen3_A1_profile.class
-rw-rw-r-- 1 travis travis  1716 Jun  1 21:06 ModularCodeGen3_A1_profile.java
-rw-rw-r-- 1 travis travis  3887 Jun  1 21:07 ModularCodeGen3_A2_B1.class
-rw-rw-r-- 1 travis travis 10955 Jun  1 21:07 ModularCodeGen3_A2_B1.java
-rw-rw-r-- 1 travis travis   880 Jun  1 21:07 ModularCodeGen3_A2_B1.mk
-rw-rw-r-- 1 travis travis  1393 Jun  1 21:07 ModularCodeGen3_A2_B1_profile.class
-rw-rw-r-- 1 travis travis  1458 Jun  1 21:07 ModularCodeGen3_A2_B1_profile.java
-rw-rw-r-- 1 travis travis  3741 Jun  1 21:07 ModularCodeGen3_A2_B2.class
-rw-rw-r-- 1 travis travis  9958 Jun  1 21:07 ModularCodeGen3_A2_B2.java
-rw-rw-r-- 1 travis travis   880 Jun  1 21:07 ModularCodeGen3_A2_B2.mk
-rw-rw-r-- 1 travis travis  1330 Jun  1 21:07 ModularCodeGen3_A2_B2_profile.class
-rw-rw-r-- 1 travis travis  1274 Jun  1 21:07 ModularCodeGen3_A2_B2_profile.java
-rw-rw-r-- 1 travis travis  5038 Jun  1 21:07 ModularCodeGen3_A2.class
-rw-rw-r-- 1 travis travis 15957 Jun  1 21:07 ModularCodeGen3_A2.java
-rw-rw-r-- 1 travis travis   856 Jun  1 21:07 ModularCodeGen3_A2.mk
-rw-rw-r-- 1 travis travis  1445 Jun  1 21:07 ModularCodeGen3_A2_profile.class
-rw-rw-r-- 1 travis travis  1716 Jun  1 21:07 ModularCodeGen3_A2_profile.java
-rw-rw-r-- 1 travis travis  3794 Jun  1 21:07 ModularCodeGen4_A1_B1.class
-rw-rw-r-- 1 travis travis 10312 Jun  1 21:07 ModularCodeGen4_A1_B1.java
-rw-rw-r-- 1 travis travis   880 Jun  1 21:07 ModularCodeGen4_A1_B1.mk
-rw-rw-r-- 1 travis travis  1330 Jun  1 21:07 ModularCodeGen4_A1_B1_profile.class
-rw-rw-r-- 1 travis travis  1273 Jun  1 21:07 ModularCodeGen4_A1_B1_profile.java
-rw-rw-r-- 1 travis travis  3794 Jun  1 21:07 ModularCodeGen4_A1_B2.class
-rw-rw-r-- 1 travis travis 10312 Jun  1 21:07 ModularCodeGen4_A1_B2.java
-rw-rw-r-- 1 travis travis   880 Jun  1 21:07 ModularCodeGen4_A1_B2.mk
-rw-rw-r-- 1 travis travis  1330 Jun  1 21:07 ModularCodeGen4_A1_B2_profile.class
-rw-rw-r-- 1 travis travis  1273 Jun  1 21:07 ModularCodeGen4_A1_B2_profile.java
-rw-rw-r-- 1 travis travis  5101 Jun  1 21:07 ModularCodeGen4_A1.class
-rw-rw-r-- 1 travis travis 16245 Jun  1 21:07 ModularCodeGen4_A1.java
-rw-rw-r-- 1 travis travis   856 Jun  1 21:07 ModularCodeGen4_A1.mk
-rw-rw-r-- 1 travis travis  1445 Jun  1 21:07 ModularCodeGen4_A1_profile.class
-rw-rw-r-- 1 travis travis  1712 Jun  1 21:07 ModularCodeGen4_A1_profile.java
-rw-rw-r-- 1 travis travis  3988 Jun  1 21:07 ModularCodeGen4_A2_B1.class
-rw-rw-r-- 1 travis travis 11375 Jun  1 21:07 ModularCodeGen4_A2_B1.java
-rw-rw-r-- 1 travis travis   880 Jun  1 21:07 ModularCodeGen4_A2_B1.mk
-rw-rw-r-- 1 travis travis  1393 Jun  1 21:07 ModularCodeGen4_A2_B1_profile.class
-rw-rw-r-- 1 travis travis  1454 Jun  1 21:07 ModularCodeGen4_A2_B1_profile.java
-rw-rw-r-- 1 travis travis  3842 Jun  1 21:07 ModularCodeGen4_A2_B2.class
-rw-rw-r-- 1 travis travis 10378 Jun  1 21:07 ModularCodeGen4_A2_B2.java
-rw-rw-r-- 1 travis travis   880 Jun  1 21:07 ModularCodeGen4_A2_B2.mk
-rw-rw-r-- 1 travis travis  1330 Jun  1 21:07 ModularCodeGen4_A2_B2_profile.class
-rw-rw-r-- 1 travis travis  1270 Jun  1 21:07 ModularCodeGen4_A2_B2_profile.java
-rw-rw-r-- 1 travis travis  5274 Jun  1 21:07 ModularCodeGen4_A2.class
-rw-rw-r-- 1 travis travis 16770 Jun  1 21:07 ModularCodeGen4_A2.java
-rw-rw-r-- 1 travis travis   856 Jun  1 21:07 ModularCodeGen4_A2.mk
-rw-rw-r-- 1 travis travis  1445 Jun  1 21:07 ModularCodeGen4_A2_profile.class
-rw-rw-r-- 1 travis travis  1712 Jun  1 21:07 ModularCodeGen4_A2_profile.java
-rw-rw-r-- 1 travis travis  6838 Jun  1 21:07 ModularCodeGen5_A_A.class
-rw-rw-r-- 1 travis travis 28721 Jun  1 21:07 ModularCodeGen5_A_A.java
-rw-rw-r-- 1 travis travis   864 Jun  1 21:07 ModularCodeGen5_A_A.mk
-rw-rw-r-- 1 travis travis  1520 Jun  1 21:07 ModularCodeGen5_A_A_profile.class
-rw-rw-r-- 1 travis travis  1815 Jun  1 21:07 ModularCodeGen5_A_A_profile.java
-rw-rw-r-- 1 travis travis  5115 Jun  1 21:07 ModularCodeGen5_A.class
-rw-rw-r-- 1 travis travis 13769 Jun  1 21:07 ModularCodeGen5_A.java
-rw-rw-r-- 1 travis travis   848 Jun  1 21:07 ModularCodeGen5_A.mk
-rw-rw-r-- 1 travis travis  1422 Jun  1 21:07 ModularCodeGen5_A_profile.class
-rw-rw-r-- 1 travis travis  1605 Jun  1 21:07 ModularCodeGen5_A_profile.java
-rw-rw-r-- 1 travis travis  4125 Jun  1 21:07 ModularCodeGen6_A_A2.class
-rw-rw-r-- 1 travis travis 11329 Jun  1 21:07 ModularCodeGen6_A_A2.java
-rw-rw-r-- 1 travis travis   872 Jun  1 21:07 ModularCodeGen6_A_A2.mk
-rw-rw-r-- 1 travis travis  1351 Jun  1 21:07 ModularCodeGen6_A_A2_profile.class
-rw-rw-r-- 1 travis travis  1364 Jun  1 21:07 ModularCodeGen6_A_A2_profile.java
-rw-rw-r-- 1 travis travis  4108 Jun  1 21:07 ModularCodeGen6_A_A.class
-rw-rw-r-- 1 travis travis 11221 Jun  1 21:07 ModularCodeGen6_A_A.java
-rw-rw-r-- 1 travis travis   864 Jun  1 21:07 ModularCodeGen6_A_A.mk
-rw-rw-r-- 1 travis travis  1348 Jun  1 21:07 ModularCodeGen6_A_A_profile.class
-rw-rw-r-- 1 travis travis  1361 Jun  1 21:07 ModularCodeGen6_A_A_profile.java
-rw-rw-r-- 1 travis travis  7237 Jun  1 21:07 ModularCodeGen6_A.class
-rw-rw-r-- 1 travis travis 26535 Jun  1 21:07 ModularCodeGen6_A.java
-rw-rw-r-- 1 travis travis   848 Jun  1 21:07 ModularCodeGen6_A.mk
-rw-rw-r-- 1 travis travis  1483 Jun  1 21:07 ModularCodeGen6_A_profile.class
-rw-rw-r-- 1 travis travis  1810 Jun  1 21:07 ModularCodeGen6_A_profile.java
-rw-rw-r-- 1 travis travis  9439 Jun  1 21:07 ModularCodeGenLazyPubSubGlobal_CompositeActor_ModularCodeGenTypedComposite.class
-rw-rw-r-- 1 travis travis 30161 Jun  1 21:07 ModularCodeGenLazyPubSubGlobal_CompositeActor_ModularCodeGenTypedComposite.java
-rw-rw-r-- 1 travis travis  1304 Jun  1 21:07 ModularCodeGenLazyPubSubGlobal_CompositeActor_ModularCodeGenTypedComposite.mk
-rw-rw-r-- 1 travis travis  1438 Jun  1 21:07 ModularCodeGenLazyPubSubGlobal_CompositeActor_ModularCodeGenTypedComposite_profile.class
-rw-rw-r-- 1 travis travis  1384 Jun  1 21:07 ModularCodeGenLazyPubSubGlobal_CompositeActor_ModularCodeGenTypedComposite_profile.java
-rw-rw-r-- 1 travis travis  3952 Jun  1 21:07 ModularCodeGenLazyPubSub_LazyCompositeActor.class
-rw-rw-r-- 1 travis travis 11122 Jun  1 21:07 ModularCodeGenLazyPubSub_LazyCompositeActor.java
-rw-rw-r-- 1 travis travis  1056 Jun  1 21:07 ModularCodeGenLazyPubSub_LazyCompositeActor.mk
-rw-rw-r-- 1 travis travis  1286 Jun  1 21:07 ModularCodeGenLazyPubSub_LazyCompositeActor_profile.class
-rw-rw-r-- 1 travis travis  1091 Jun  1 21:07 ModularCodeGenLazyPubSub_LazyCompositeActor_profile.java
-rw-rw-r-- 1 travis travis  3954 Jun  1 21:06 ModularCodeGen_ModularCodeGenTypedCompositeActor.class
-rw-rw-r-- 1 travis travis 10970 Jun  1 21:06 ModularCodeGen_ModularCodeGenTypedCompositeActor.java
-rw-rw-r-- 1 travis travis  1096 Jun  1 21:06 ModularCodeGen_ModularCodeGenTypedCompositeActor.mk
-rw-rw-r-- 1 travis travis  1384 Jun  1 21:06 ModularCodeGen_ModularCodeGenTypedCompositeActor_profile.class
-rw-rw-r-- 1 travis travis  1328 Jun  1 21:06 ModularCodeGen_ModularCodeGenTypedCompositeActor_profile.java
-rw-rw-r-- 1 travis travis  3441 Jun  1 21:07 ModularCodeGenPubSub2_A1_A.class
-rw-rw-r-- 1 travis travis  8578 Jun  1 21:07 ModularCodeGenPubSub2_A1_A.java
-rw-rw-r-- 1 travis travis   920 Jun  1 21:07 ModularCodeGenPubSub2_A1_A.mk
-rw-rw-r-- 1 travis travis  1274 Jun  1 21:07 ModularCodeGenPubSub2_A1_A_profile.class
-rw-rw-r-- 1 travis travis  1128 Jun  1 21:07 ModularCodeGenPubSub2_A1_A_profile.java
-rw-rw-r-- 1 travis travis  3733 Jun  1 21:07 ModularCodeGenPubSub2_A1.class
-rw-rw-r-- 1 travis travis  9781 Jun  1 21:07 ModularCodeGenPubSub2_A1.java
-rw-rw-r-- 1 travis travis   904 Jun  1 21:07 ModularCodeGenPubSub2_A1.mk
-rw-rw-r-- 1 travis travis  1268 Jun  1 21:07 ModularCodeGenPubSub2_A1_profile.class
-rw-rw-r-- 1 travis travis  1196 Jun  1 21:07 ModularCodeGenPubSub2_A1_profile.java
-rw-rw-r-- 1 travis travis  3437 Jun  1 21:07 ModularCodeGenPubSub3_A1_A2.class
-rw-rw-r-- 1 travis travis  8599 Jun  1 21:07 ModularCodeGenPubSub3_A1_A2.java
-rw-rw-r-- 1 travis travis   928 Jun  1 21:07 ModularCodeGenPubSub3_A1_A2.mk
-rw-rw-r-- 1 travis travis  1287 Jun  1 21:07 ModularCodeGenPubSub3_A1_A2_profile.class
-rw-rw-r-- 1 travis travis  1132 Jun  1 21:07 ModularCodeGenPubSub3_A1_A2_profile.java
-rw-rw-r-- 1 travis travis  3856 Jun  1 21:07 ModularCodeGenPubSub3_A1.class
-rw-rw-r-- 1 travis travis 10100 Jun  1 21:07 ModularCodeGenPubSub3_A1.java
-rw-rw-r-- 1 travis travis   904 Jun  1 21:07 ModularCodeGenPubSub3_A1.mk
-rw-rw-r-- 1 travis travis  1358 Jun  1 21:07 ModularCodeGenPubSub3_A1_profile.class
-rw-rw-r-- 1 travis travis  1400 Jun  1 21:07 ModularCodeGenPubSub3_A1_profile.java
-rw-rw-r-- 1 travis travis  1128 Jun  1 21:07 ModularCodeGenPubSub4_A1_A_profile.java
-rw-rw-r-- 1 travis travis  3475 Jun  1 21:07 ModularCodeGenPubSub_A1.class
-rw-rw-r-- 1 travis travis  9060 Jun  1 21:07 ModularCodeGenPubSub_A1.java
-rw-rw-r-- 1 travis travis   896 Jun  1 21:07 ModularCodeGenPubSub_A1.mk
-rw-rw-r-- 1 travis travis  1278 Jun  1 21:07 ModularCodeGenPubSub_A1_profile.class
-rw-rw-r-- 1 travis travis  1195 Jun  1 21:07 ModularCodeGenPubSub_A1_profile.java
-rw-rw-r-- 1 travis travis  3492 Jun  1 21:06 ModularCodeGenTest_A1_A2.class
-rw-rw-r-- 1 travis travis  9164 Jun  1 21:06 ModularCodeGenTest_A1_A2.java
-rw-rw-r-- 1 travis travis   904 Jun  1 21:06 ModularCodeGenTest_A1_A2.mk
-rw-rw-r-- 1 travis travis  1306 Jun  1 21:06 ModularCodeGenTest_A1_A2_profile.class
-rw-rw-r-- 1 travis travis  1228 Jun  1 21:06 ModularCodeGenTest_A1_A2_profile.java
-rw-rw-r-- 1 travis travis  3823 Jun  1 21:06 ModularCodeGenTest_A1.class
-rw-rw-r-- 1 travis travis  9968 Jun  1 21:06 ModularCodeGenTest_A1.java
-rw-rw-r-- 1 travis travis   880 Jun  1 21:06 ModularCodeGenTest_A1.mk
-rw-rw-r-- 1 travis travis  1352 Jun  1 21:06 ModularCodeGenTest_A1_profile.class
-rw-rw-r-- 1 travis travis  1394 Jun  1 21:06 ModularCodeGenTest_A1_profile.java
-rw-rw-r-- 1 travis travis   432 Jun  1 21:07 Token.class
-rw-rw-r-- 1 travis travis   251 Jun  1 21:07 Token.java
warning: Supported source version 'RELEASE_6' from annotation processor 'org.netbeans.modules.openide.util.NbBundleProcessor' less than -source '1.8'
warning: Supported source version 'RELEASE_6' from annotation processor 'org.netbeans.modules.openide.util.URLStreamHandlerRegistrationProcessor' less than -source '1.8'
warning: Supported source version 'RELEASE_6' from annotation processor 'org.netbeans.modules.openide.util.ServiceProviderProcessor' less than -source '1.8'
3 warnings
All Done
Writing ModularCodeGenPubSub4_A1_A.java in file:/home/travis/cg/ (8578 characters)
Reading "ptolemy/cg/kernel/generic/program/procedural/java/modular/makefile.in",
    writing "/home/travis/cg/ModularCodeGenPubSub4_A1_A.mk"
Using ptolemy/cg/kernel/generic/program/procedural/java/modular/makefile.in
In "/home/travis/cg", about to execute:
    make -f ModularCodeGenPubSub4_A1_A.mk
javac -classpath ".:.."    ModularCodeGenPubSub4_A1_A.java
All Done
In "/home/travis/cg", about to execute:
    pwd
In "/home/travis/cg", about to execute:
    ls -l
/home/travis/cg
In "/home/travis/cg", about to execute:
    javac -classpath
.:/home/travis/build/icyphy/ptII:/home/travis/build/icyphy/ptII/lib/bsh-2.0b4.j
ar:/home/travis/build/icyphy/ptII/lib/ptCal.jar:/home/travis/build/icyphy/ptII/
lib/java_cup.jar:/home/travis/build/icyphy/ptII/lib/saxon8.jar:/home/travis/bui
ld/icyphy/ptII/lib/saxon8-dom.jar:/home/travis/build/icyphy/ptII/lib/chic.jar:/
home/travis/build/icyphy/ptII/lib/ptcolt.jar:/usr/lib/jvm/java-8-oracle/lib/too
ls.jar:/usr/lib/eclipse/plugins/org.eclipse.jdt.core_3.8.2.dist.jar:/usr/lib/ec
lipse/plugins/org.eclipse.core.runtime_3.8.0.dist.jar:/usr/lib/eclipse/plugins/
org.eclipse.osgi_3.8.1.dist.jar:/usr/lib/eclipse/plugins/org.eclipse.core.resou
rces_3.8.1.dist.jar:/usr/lib/eclipse/plugins/org.eclipse.equinox.common_3.6.100
.dist.jar:/usr/lib/eclipse/plugins/org.eclipse.core.jobs_3.5.200.dist.jar:/usr/
lib/eclipse/plugins/org.eclipse.core.contenttype_3.4.200.dist.jar:/usr/lib/ecli
pse/plugins/org.eclipse.equinox.preferences_3.5.0.dist.jar:/usr/lib/eclipse/plu
gins/org.eclipse.text_3.5.200.dist.jar:/usr/lib/eclipse/plugins/org.eclipse.ui.
workbench_3.8.1.dist.jar:/usr/lib/eclipse/plugins/org.eclipse.jface_3.8.0.dist.
jar:/usr/lib/eclipse/plugins/org.eclipse.swt_3.8.2.jar:/usr/lib/eclipse/plugins
/org.eclipse.jface.text_3.8.1.dist.jar:/usr/lib/eclipse/plugins/org.eclipse.ui.
workbench.texteditor_3.8.0.dist.jar:/usr/lib/eclipse/plugins/org.eclipse.ui.edi
tors_3.8.0.dist.jar:/usr/lib/eclipse/plugins/org.eclipse.core.commands_3.6.1.di
st.jar:/usr/lib/eclipse/plugins/org.eclipse.equinox.registry_3.5.200.dist.jar:/
usr/lib/eclipse/plugins/org.eclipse.ui.console_3.5.100.dist.jar:/usr/lib/eclips
e/plugins/org.eclipse.ui.forms_3.5.200.dist.jar:/usr/lib/eclipse/plugins/org.ec
lipse.ui.ide_3.8.1.dist.jar:/home/travis/build/icyphy/ptII/vendors/oracle/dbxml
.jar:/home/travis/build/icyphy/ptII/vendors/oracle/db.jar:/home/travis/build/ic
yphy/ptII/vendors/misc/itext/iText.jar:/home/travis/build/icyphy/ptII/lib/g4ltl
.jar:/home/travis/build/icyphy/ptII/lib/StructuralCoder.jar:/home/travis/build/
icyphy/ptII/lib/org-openide-util.jar:/home/travis/build/icyphy/ptII/lib/org-ope
nide-util-lookup.jar:/home/travis/build/icyphy/ptII/lib/org-netbeans-api-visual
.jar:/home/travis/build/icyphy/ptII/vendors/jai-1_1_2_01/lib/jai_core.jar:/home
/travis/build/icyphy/ptII/vendors/jai-1_1_2_01/lib/jai_codec.jar:/home/travis/b
uild/icyphy/ptII/lib/jcerti.jar:/home/travis/build/icyphy/ptII/lib/smack.jar:/h
ome/travis/build/icyphy/ptII/lib/smackx.jar:/home/travis/build/icyphy/ptII/lib/
jetty-all-8.1.5-v20120716.jar:/home/travis/build/icyphy/ptII/lib/javax.servlet-
api-3.0.1.jar:/home/travis/build/icyphy/ptII/lib/javax.mail.jar:/home/travis/bu
ild/icyphy/ptII/vendors/JMF-2.1.1e/lib/jmf.jar:/home/travis/build/icyphy/ptII/l
ib/jna-4.0.0-variadic.jar:/home/travis/build/icyphy/ptII/vendors/misc/joystick/
Joystick.jar:/home/travis/build/icyphy/ptII/lib/ptjacl.jar:/home/travis/build/i
cyphy/ptII/lib/jsoup-1.8.2.jar:/home/travis/build/icyphy/ptII/lib/junit-4.8.2.j
ar:/home/travis/build/icyphy/ptII/lib/JUnitParams-0.4.0.jar:/home/travis/build/
icyphy/ptII/ptolemy/actor/lib/excel/jxl.jar:/home/travis/build/icyphy/ptII/lib/
jython.jar:/home/travis/build/icyphy/ptII/lib/kieler.jar:/home/travis/build/icy
phy/ptII/vendors/opencv/share/OpenCV/java/opencv-341.jar:/home/travis/build/icy
phy/ptII/lib/oscP5.jar:/home/travis/build/icyphy/ptII/lib/nrjavaserial-3.11.0.d
evel.jar:/usr/share/java/j3dcore.jar:/usr/share/java/j3dutils.jar:/usr/share/ja
va/vecmath.jar:/home/travis/build/icyphy/ptII/ptolemy/distributed/jini/jar/jini
-core.jar:/home/travis/build/icyphy/ptII/ptolemy/distributed/jini/jar/jini-ext.
jar:/home/travis/build/icyphy/ptII/ptolemy/distributed/jini/jar/sun-util.jar:/h
ome/travis/build/icyphy/ptII/lib/protobuf-java-2.4.1.jar:/home/travis/build/icy
phy/ptII/lib/org.eclipse.paho.client.mqttv3.jar:/home/travis/build/icyphy/ptII/
ptserver/lib/hessian-4.0.7.jar:/home/travis/build/icyphy/ptII/ptserver/lib/wmqt
t.jar:/home/travis/build/icyphy/ptII/lib/mapss.jar:/home/travis/build/icyphy/pt
II/ptolemy/actor/ptalon/antlr/antlr.jar:/home/travis/build/icyphy/ptII/lib/JRI.
jar:/home/travis/build/icyphy/ptII/lib/commons-lang-2.6.jar:/home/travis/build/
icyphy/ptII/lib/commons-logging-1.1.1.jar:/home/travis/build/icyphy/ptII/lib/so
otclasses.jar:/home/travis/build/icyphy/ptII/ptolemy/actor/lib/database/mysql-c
onnector-java-5.1.6-bin.jar:/home/travis/build/icyphy/ptII/vendors/misc/sphinx4
/sphinx4-data-5prealpha.jar:/home/travis/build/icyphy/ptII/vendors/misc/sphinx4
/sphinx4-core-5prealpha.jar:/home/travis/build/icyphy/ptII/lib/PDFRenderer.jar:
/home/travis/build/icyphy/ptII/lib/svgSalamander.jar:/home/travis/build/icyphy/
ptII/lib/rsyntaxtextarea-2.6.0-SNAPSHOT.jar:/home/travis/build/icyphy/ptII/lib/
hazelcast-3.8.2.jar:/home/travis/build/icyphy/ptII/lib/jackson-annotations-2.9.
0.jar:/home/travis/build/icyphy/ptII/lib/jackson-core-2.9.3.jar:/home/travis/bu
ild/icyphy/ptII/lib/jackson-databind-2.9.3.jar:/home/travis/build/icyphy/ptII/l
ib/netty-buffer-4.1.19.Final.jar:/home/travis/build/icyphy/ptII/lib/netty-codec
-4.1.19.Final.jar:/home/travis/build/icyphy/ptII/lib/netty-codec-dns-4.1.19.Fin
al.jar:/home/travis/build/icyphy/ptII/lib/netty-codec-http-4.1.19.Final.jar:/ho
me/travis/build/icyphy/ptII/lib/netty-codec-http2-4.1.19.Final.jar:/home/travis
/build/icyphy/ptII/lib/netty-common-4.1.19.Final.jar:/home/travis/build/icyphy/
ptII/lib/netty-handler-4.1.19.Final.jar:/home/travis/build/icyphy/ptII/lib/nett
y-resolver-4.1.19.Final.jar:/home/travis/build/icyphy/ptII/lib/netty-resolver-d
ns-4.1.19.Final.jar:/home/travis/build/icyphy/ptII/lib/netty-transport-4.1.19.F
inal.jar:/home/travis/build/icyphy/ptII/lib/vertx-codegen-3.5.1.jar:/home/travi
s/build/icyphy/ptII/lib/vertx-core-3.5.2-SNAPSHOT.jar:/home/travis/build/icyphy
/ptII/lib/vertx-hazelcast-3.5.1.jar:/home/travis/build/icyphy/ptII/lib/vertx-la
ng-js-3.5.1.jar:/home/travis/build/icyphy/ptII/lib/vertx-service-proxy-3.5.1.ja
r:/home/travis/build/icyphy/ptII/lib/vertx-web-3.5.1.jar:/home/travis/build/icy
phy/ptII/lib/slf4j-api-1.7.13.jar:/home/travis/build/icyphy/ptII/lib/slf4j-simp
le-1.7.13.jar:/home/travis/build/icyphy/ptII/lib/webcam-capture-0.3.12.jar:/hom
e/travis/build/icyphy/ptII/lib/bridj-0.7.0.jar:/home/travis/build/icyphy/ptII/l
ib/xbjlib-1.1.0.nrjavaserial.jar:/home/travis/build/icyphy/ptII/ptolemy/moml/te
st:/home/travis/build/icyphy/ptII/ant/lib/ant-launcher.jar:/home/travis/build/i
cyphy/ptII/ant/lib/ant.jar:/home/travis/build/icyphy/ptII/ant/lib/ant-junit.jar
:/home/travis/build/icyphy/ptII/ant/lib/ant-junit4.jar:/home/travis/build/icyph
y/ptII ModularCodeGenPubSub4_A1_profile.java
total 1376
-rw-rw-r-- 1 travis travis   233 Jun  1 21:07 Array.class
-rw-rw-r-- 1 travis travis   459 Jun  1 21:07 Array.java
-rw-rw-r-- 1 travis travis  4895 Jun  1 21:06 CompiledCompositeActor_CompiledCompositeActor.class
-rw-rw-r-- 1 travis travis  1592 Jun  1 21:06 CompiledCompositeActor_CompiledCompositeActor$_CompiledCompositeActor_CompiledCompositeActor.class
-rw-rw-r-- 1 travis travis 13466 Jun  1 21:06 CompiledCompositeActor_CompiledCompositeActor.java
-rw-rw-r-- 1 travis travis  1593 Jun  1 21:06 CompiledCompositeActor_CompiledCompositeActor.mk
-rw-rw-r-- 1 travis travis  4457 Jun  1 21:06 JavaCompiledCompositeTest1_CompiledCompositeActor.class
-rw-rw-r-- 1 travis travis 11637 Jun  1 21:06 JavaCompiledCompositeTest1_CompiledCompositeActor.java
-rw-rw-r-- 1 travis travis  1198 Jun  1 21:06 JavaCompiledCompositeTest1_CompiledCompositeActor$_JavaCompiledCompositeTest1_CompiledCompositeActor.class
-rw-rw-r-- 1 travis travis  1625 Jun  1 21:06 JavaCompiledCompositeTest1_CompiledCompositeActor.mk
-rw-rw-r-- 1 travis travis  4888 Jun  1 21:06 JavaCompiledCompositeTest2_CompiledCompositeActor.class
-rw-rw-r-- 1 travis travis 14919 Jun  1 21:06 JavaCompiledCompositeTest2_CompiledCompositeActor.java
-rw-rw-r-- 1 travis travis  1793 Jun  1 21:06 JavaCompiledCompositeTest2_CompiledCompositeActor$_JavaCompiledCompositeTest2_CompiledCompositeActor.class
-rw-rw-r-- 1 travis travis  1625 Jun  1 21:06 JavaCompiledCompositeTest2_CompiledCompositeActor.mk
-rw-rw-r-- 1 travis travis  4505 Jun  1 21:06 JavaCompiledCompositeTest3_CompiledCompositeActor.class
-rw-rw-r-- 1 travis travis 13080 Jun  1 21:06 JavaCompiledCompositeTest3_CompiledCompositeActor.java
-rw-rw-r-- 1 travis travis  1378 Jun  1 21:06 JavaCompiledCompositeTest3_CompiledCompositeActor$_JavaCompiledCompositeTest3_CompiledCompositeActor.class
-rw-rw-r-- 1 travis travis  1625 Jun  1 21:06 JavaCompiledCompositeTest3_CompiledCompositeActor.mk
-rw-rw-r-- 1 travis travis  3953 Jun  1 21:06 JavaCompiledCompositeTest4_CompiledCompositeActor.class
-rw-rw-r-- 1 travis travis  9687 Jun  1 21:06 JavaCompiledCompositeTest4_CompiledCompositeActor.java
-rw-rw-r-- 1 travis travis   857 Jun  1 21:06 JavaCompiledCompositeTest4_CompiledCompositeActor$_JavaCompiledCompositeTest4_CompiledCompositeActor.class
-rw-rw-r-- 1 travis travis  1625 Jun  1 21:06 JavaCompiledCompositeTest4_CompiledCompositeActor.mk
-rw-rw-r-- 1 travis travis  3693 Jun  1 21:06 ModularCG_A1_B1.class
-rw-rw-r-- 1 travis travis  9730 Jun  1 21:06 ModularCG_A1_B1.java
-rw-rw-r-- 1 travis travis   832 Jun  1 21:06 ModularCG_A1_B1.mk
-rw-rw-r-- 1 travis travis  1318 Jun  1 21:06 ModularCG_A1_B1_profile.class
-rw-rw-r-- 1 travis travis  1262 Jun  1 21:06 ModularCG_A1_B1_profile.java
-rw-rw-r-- 1 travis travis  3693 Jun  1 21:06 ModularCG_A1_B2.class
-rw-rw-r-- 1 travis travis  9730 Jun  1 21:06 ModularCG_A1_B2.java
-rw-rw-r-- 1 travis travis   832 Jun  1 21:06 ModularCG_A1_B2.mk
-rw-rw-r-- 1 travis travis  1318 Jun  1 21:06 ModularCG_A1_B2_profile.class
-rw-rw-r-- 1 travis travis  1262 Jun  1 21:06 ModularCG_A1_B2_profile.java
-rw-rw-r-- 1 travis travis  4799 Jun  1 21:06 ModularCG_A1.class
-rw-rw-r-- 1 travis travis 14742 Jun  1 21:06 ModularCG_A1.java
-rw-rw-r-- 1 travis travis   808 Jun  1 21:06 ModularCG_A1.mk
-rw-rw-r-- 1 travis travis  1433 Jun  1 21:06 ModularCG_A1_profile.class
-rw-rw-r-- 1 travis travis  1704 Jun  1 21:06 ModularCG_A1_profile.java
-rw-rw-r-- 1 travis travis  3827 Jun  1 21:06 ModularCG_A2_B1.class
-rw-rw-r-- 1 travis travis 10667 Jun  1 21:06 ModularCG_A2_B1.java
-rw-rw-r-- 1 travis travis   832 Jun  1 21:06 ModularCG_A2_B1.mk
-rw-rw-r-- 1 travis travis  1381 Jun  1 21:06 ModularCG_A2_B1_profile.class
-rw-rw-r-- 1 travis travis  1446 Jun  1 21:06 ModularCG_A2_B1_profile.java
-rw-rw-r-- 1 travis travis  3693 Jun  1 21:06 ModularCG_A2_B2.class
-rw-rw-r-- 1 travis travis  9730 Jun  1 21:06 ModularCG_A2_B2.java
-rw-rw-r-- 1 travis travis   832 Jun  1 21:06 ModularCG_A2_B2.mk
-rw-rw-r-- 1 travis travis  1318 Jun  1 21:06 ModularCG_A2_B2_profile.class
-rw-rw-r-- 1 travis travis  1262 Jun  1 21:06 ModularCG_A2_B2_profile.java
-rw-rw-r-- 1 travis travis  4870 Jun  1 21:06 ModularCG_A2.class
-rw-rw-r-- 1 travis travis 15129 Jun  1 21:06 ModularCG_A2.java
-rw-rw-r-- 1 travis travis   808 Jun  1 21:06 ModularCG_A2.mk
-rw-rw-r-- 1 travis travis  1433 Jun  1 21:06 ModularCG_A2_profile.class
-rw-rw-r-- 1 travis travis  1704 Jun  1 21:06 ModularCG_A2_profile.java
-rw-rw-r-- 1 travis travis  3473 Jun  1 21:06 ModularCGPubSub_A1_A2.class
-rw-rw-r-- 1 travis travis  9076 Jun  1 21:06 ModularCGPubSub_A1_A2.java
-rw-rw-r-- 1 travis travis   880 Jun  1 21:06 ModularCGPubSub_A1_A2.mk
-rw-rw-r-- 1 travis travis  1300 Jun  1 21:06 ModularCGPubSub_A1_A2_profile.class
-rw-rw-r-- 1 travis travis  1222 Jun  1 21:06 ModularCGPubSub_A1_A2_profile.java
-rw-rw-r-- 1 travis travis  3790 Jun  1 21:06 ModularCGPubSub_A1.class
-rw-rw-r-- 1 travis travis  9836 Jun  1 21:06 ModularCGPubSub_A1.java
-rw-rw-r-- 1 travis travis   856 Jun  1 21:06 ModularCGPubSub_A1.mk
-rw-rw-r-- 1 travis travis  1346 Jun  1 21:06 ModularCGPubSub_A1_profile.class
-rw-rw-r-- 1 travis travis  1388 Jun  1 21:06 ModularCGPubSub_A1_profile.java
-rw-rw-r-- 1 travis travis  3988 Jun  1 21:06 ModularCodeGen2_ModularCodeGenTypedCompositeActor.class
-rw-rw-r-- 1 travis travis 11690 Jun  1 21:06 ModularCodeGen2_ModularCodeGenTypedCompositeActor.java
-rw-rw-r-- 1 travis travis  1104 Jun  1 21:06 ModularCodeGen2_ModularCodeGenTypedCompositeActor.mk
-rw-rw-r-- 1 travis travis  4272 Jun  1 21:06 ModularCodeGen2_ModularCodeGenTypedCompositeActor_ModularCodeGenTypedCompositeActor.class
-rw-rw-r-- 1 travis travis 11790 Jun  1 21:06 ModularCodeGen2_ModularCodeGenTypedCompositeActor_ModularCodeGenTypedCompositeActor.java
-rw-rw-r-- 1 travis travis  1376 Jun  1 21:06 ModularCodeGen2_ModularCodeGenTypedCompositeActor_ModularCodeGenTypedCompositeActor.mk
-rw-rw-r-- 1 travis travis  1421 Jun  1 21:06 ModularCodeGen2_ModularCodeGenTypedCompositeActor_ModularCodeGenTypedCompositeActor_profile.class
-rw-rw-r-- 1 travis travis  1294 Jun  1 21:06 ModularCodeGen2_ModularCodeGenTypedCompositeActor_ModularCodeGenTypedCompositeActor_profile.java
-rw-rw-r-- 1 travis travis   820 Jun  1 21:06 ModularCodeGen2_ModularCodeGenTypedCompositeActor_profile.class
-rw-rw-r-- 1 travis travis   693 Jun  1 21:06 ModularCodeGen2_ModularCodeGenTypedCompositeActor_profile.java
-rw-rw-r-- 1 travis travis  3741 Jun  1 21:06 ModularCodeGen3_A1_B1.class
-rw-rw-r-- 1 travis travis  9958 Jun  1 21:06 ModularCodeGen3_A1_B1.java
-rw-rw-r-- 1 travis travis   880 Jun  1 21:06 ModularCodeGen3_A1_B1.mk
-rw-rw-r-- 1 travis travis  1330 Jun  1 21:06 ModularCodeGen3_A1_B1_profile.class
-rw-rw-r-- 1 travis travis  1274 Jun  1 21:06 ModularCodeGen3_A1_B1_profile.java
-rw-rw-r-- 1 travis travis  3741 Jun  1 21:06 ModularCodeGen3_A1_B2.class
-rw-rw-r-- 1 travis travis  9958 Jun  1 21:06 ModularCodeGen3_A1_B2.java
-rw-rw-r-- 1 travis travis   880 Jun  1 21:06 ModularCodeGen3_A1_B2.mk
-rw-rw-r-- 1 travis travis  1330 Jun  1 21:06 ModularCodeGen3_A1_B2_profile.class
-rw-rw-r-- 1 travis travis  1274 Jun  1 21:06 ModularCodeGen3_A1_B2_profile.java
-rw-rw-r-- 1 travis travis  4961 Jun  1 21:07 ModularCodeGen3_A1.class
-rw-rw-r-- 1 travis travis 15564 Jun  1 21:06 ModularCodeGen3_A1.java
-rw-rw-r-- 1 travis travis   856 Jun  1 21:06 ModularCodeGen3_A1.mk
-rw-rw-r-- 1 travis travis  1445 Jun  1 21:06 ModularCodeGen3_A1_profile.class
-rw-rw-r-- 1 travis travis  1716 Jun  1 21:06 ModularCodeGen3_A1_profile.java
-rw-rw-r-- 1 travis travis  3887 Jun  1 21:07 ModularCodeGen3_A2_B1.class
-rw-rw-r-- 1 travis travis 10955 Jun  1 21:07 ModularCodeGen3_A2_B1.java
-rw-rw-r-- 1 travis travis   880 Jun  1 21:07 ModularCodeGen3_A2_B1.mk
-rw-rw-r-- 1 travis travis  1393 Jun  1 21:07 ModularCodeGen3_A2_B1_profile.class
-rw-rw-r-- 1 travis travis  1458 Jun  1 21:07 ModularCodeGen3_A2_B1_profile.java
-rw-rw-r-- 1 travis travis  3741 Jun  1 21:07 ModularCodeGen3_A2_B2.class
-rw-rw-r-- 1 travis travis  9958 Jun  1 21:07 ModularCodeGen3_A2_B2.java
-rw-rw-r-- 1 travis travis   880 Jun  1 21:07 ModularCodeGen3_A2_B2.mk
-rw-rw-r-- 1 travis travis  1330 Jun  1 21:07 ModularCodeGen3_A2_B2_profile.class
-rw-rw-r-- 1 travis travis  1274 Jun  1 21:07 ModularCodeGen3_A2_B2_profile.java
-rw-rw-r-- 1 travis travis  5038 Jun  1 21:07 ModularCodeGen3_A2.class
-rw-rw-r-- 1 travis travis 15957 Jun  1 21:07 ModularCodeGen3_A2.java
-rw-rw-r-- 1 travis travis   856 Jun  1 21:07 ModularCodeGen3_A2.mk
-rw-rw-r-- 1 travis travis  1445 Jun  1 21:07 ModularCodeGen3_A2_profile.class
-rw-rw-r-- 1 travis travis  1716 Jun  1 21:07 ModularCodeGen3_A2_profile.java
-rw-rw-r-- 1 travis travis  3794 Jun  1 21:07 ModularCodeGen4_A1_B1.class
-rw-rw-r-- 1 travis travis 10312 Jun  1 21:07 ModularCodeGen4_A1_B1.java
-rw-rw-r-- 1 travis travis   880 Jun  1 21:07 ModularCodeGen4_A1_B1.mk
-rw-rw-r-- 1 travis travis  1330 Jun  1 21:07 ModularCodeGen4_A1_B1_profile.class
-rw-rw-r-- 1 travis travis  1273 Jun  1 21:07 ModularCodeGen4_A1_B1_profile.java
-rw-rw-r-- 1 travis travis  3794 Jun  1 21:07 ModularCodeGen4_A1_B2.class
-rw-rw-r-- 1 travis travis 10312 Jun  1 21:07 ModularCodeGen4_A1_B2.java
-rw-rw-r-- 1 travis travis   880 Jun  1 21:07 ModularCodeGen4_A1_B2.mk
-rw-rw-r-- 1 travis travis  1330 Jun  1 21:07 ModularCodeGen4_A1_B2_profile.class
-rw-rw-r-- 1 travis travis  1273 Jun  1 21:07 ModularCodeGen4_A1_B2_profile.java
-rw-rw-r-- 1 travis travis  5101 Jun  1 21:07 ModularCodeGen4_A1.class
-rw-rw-r-- 1 travis travis 16245 Jun  1 21:07 ModularCodeGen4_A1.java
-rw-rw-r-- 1 travis travis   856 Jun  1 21:07 ModularCodeGen4_A1.mk
-rw-rw-r-- 1 travis travis  1445 Jun  1 21:07 ModularCodeGen4_A1_profile.class
-rw-rw-r-- 1 travis travis  1712 Jun  1 21:07 ModularCodeGen4_A1_profile.java
-rw-rw-r-- 1 travis travis  3988 Jun  1 21:07 ModularCodeGen4_A2_B1.class
-rw-rw-r-- 1 travis travis 11375 Jun  1 21:07 ModularCodeGen4_A2_B1.java
-rw-rw-r-- 1 travis travis   880 Jun  1 21:07 ModularCodeGen4_A2_B1.mk
-rw-rw-r-- 1 travis travis  1393 Jun  1 21:07 ModularCodeGen4_A2_B1_profile.class
-rw-rw-r-- 1 travis travis  1454 Jun  1 21:07 ModularCodeGen4_A2_B1_profile.java
-rw-rw-r-- 1 travis travis  3842 Jun  1 21:07 ModularCodeGen4_A2_B2.class
-rw-rw-r-- 1 travis travis 10378 Jun  1 21:07 ModularCodeGen4_A2_B2.java
-rw-rw-r-- 1 travis travis   880 Jun  1 21:07 ModularCodeGen4_A2_B2.mk
-rw-rw-r-- 1 travis travis  1330 Jun  1 21:07 ModularCodeGen4_A2_B2_profile.class
-rw-rw-r-- 1 travis travis  1270 Jun  1 21:07 ModularCodeGen4_A2_B2_profile.java
-rw-rw-r-- 1 travis travis  5274 Jun  1 21:07 ModularCodeGen4_A2.class
-rw-rw-r-- 1 travis travis 16770 Jun  1 21:07 ModularCodeGen4_A2.java
-rw-rw-r-- 1 travis travis   856 Jun  1 21:07 ModularCodeGen4_A2.mk
-rw-rw-r-- 1 travis travis  1445 Jun  1 21:07 ModularCodeGen4_A2_profile.class
-rw-rw-r-- 1 travis travis  1712 Jun  1 21:07 ModularCodeGen4_A2_profile.java
-rw-rw-r-- 1 travis travis  6838 Jun  1 21:07 ModularCodeGen5_A_A.class
-rw-rw-r-- 1 travis travis 28721 Jun  1 21:07 ModularCodeGen5_A_A.java
-rw-rw-r-- 1 travis travis   864 Jun  1 21:07 ModularCodeGen5_A_A.mk
-rw-rw-r-- 1 travis travis  1520 Jun  1 21:07 ModularCodeGen5_A_A_profile.class
-rw-rw-r-- 1 travis travis  1815 Jun  1 21:07 ModularCodeGen5_A_A_profile.java
-rw-rw-r-- 1 travis travis  5115 Jun  1 21:07 ModularCodeGen5_A.class
-rw-rw-r-- 1 travis travis 13769 Jun  1 21:07 ModularCodeGen5_A.java
-rw-rw-r-- 1 travis travis   848 Jun  1 21:07 ModularCodeGen5_A.mk
-rw-rw-r-- 1 travis travis  1422 Jun  1 21:07 ModularCodeGen5_A_profile.class
-rw-rw-r-- 1 travis travis  1605 Jun  1 21:07 ModularCodeGen5_A_profile.java
-rw-rw-r-- 1 travis travis  4125 Jun  1 21:07 ModularCodeGen6_A_A2.class
-rw-rw-r-- 1 travis travis 11329 Jun  1 21:07 ModularCodeGen6_A_A2.java
-rw-rw-r-- 1 travis travis   872 Jun  1 21:07 ModularCodeGen6_A_A2.mk
-rw-rw-r-- 1 travis travis  1351 Jun  1 21:07 ModularCodeGen6_A_A2_profile.class
-rw-rw-r-- 1 travis travis  1364 Jun  1 21:07 ModularCodeGen6_A_A2_profile.java
-rw-rw-r-- 1 travis travis  4108 Jun  1 21:07 ModularCodeGen6_A_A.class
-rw-rw-r-- 1 travis travis 11221 Jun  1 21:07 ModularCodeGen6_A_A.java
-rw-rw-r-- 1 travis travis   864 Jun  1 21:07 ModularCodeGen6_A_A.mk
-rw-rw-r-- 1 travis travis  1348 Jun  1 21:07 ModularCodeGen6_A_A_profile.class
-rw-rw-r-- 1 travis travis  1361 Jun  1 21:07 ModularCodeGen6_A_A_profile.java
-rw-rw-r-- 1 travis travis  7237 Jun  1 21:07 ModularCodeGen6_A.class
-rw-rw-r-- 1 travis travis 26535 Jun  1 21:07 ModularCodeGen6_A.java
-rw-rw-r-- 1 travis travis   848 Jun  1 21:07 ModularCodeGen6_A.mk
-rw-rw-r-- 1 travis travis  1483 Jun  1 21:07 ModularCodeGen6_A_profile.class
-rw-rw-r-- 1 travis travis  1810 Jun  1 21:07 ModularCodeGen6_A_profile.java
-rw-rw-r-- 1 travis travis  9439 Jun  1 21:07 ModularCodeGenLazyPubSubGlobal_CompositeActor_ModularCodeGenTypedComposite.class
-rw-rw-r-- 1 travis travis 30161 Jun  1 21:07 ModularCodeGenLazyPubSubGlobal_CompositeActor_ModularCodeGenTypedComposite.java
-rw-rw-r-- 1 travis travis  1304 Jun  1 21:07 ModularCodeGenLazyPubSubGlobal_CompositeActor_ModularCodeGenTypedComposite.mk
-rw-rw-r-- 1 travis travis  1438 Jun  1 21:07 ModularCodeGenLazyPubSubGlobal_CompositeActor_ModularCodeGenTypedComposite_profile.class
-rw-rw-r-- 1 travis travis  1384 Jun  1 21:07 ModularCodeGenLazyPubSubGlobal_CompositeActor_ModularCodeGenTypedComposite_profile.java
-rw-rw-r-- 1 travis travis  3952 Jun  1 21:07 ModularCodeGenLazyPubSub_LazyCompositeActor.class
-rw-rw-r-- 1 travis travis 11122 Jun  1 21:07 ModularCodeGenLazyPubSub_LazyCompositeActor.java
-rw-rw-r-- 1 travis travis  1056 Jun  1 21:07 ModularCodeGenLazyPubSub_LazyCompositeActor.mk
-rw-rw-r-- 1 travis travis  1286 Jun  1 21:07 ModularCodeGenLazyPubSub_LazyCompositeActor_profile.class
-rw-rw-r-- 1 travis travis  1091 Jun  1 21:07 ModularCodeGenLazyPubSub_LazyCompositeActor_profile.java
-rw-rw-r-- 1 travis travis  3954 Jun  1 21:06 ModularCodeGen_ModularCodeGenTypedCompositeActor.class
-rw-rw-r-- 1 travis travis 10970 Jun  1 21:06 ModularCodeGen_ModularCodeGenTypedCompositeActor.java
-rw-rw-r-- 1 travis travis  1096 Jun  1 21:06 ModularCodeGen_ModularCodeGenTypedCompositeActor.mk
-rw-rw-r-- 1 travis travis  1384 Jun  1 21:06 ModularCodeGen_ModularCodeGenTypedCompositeActor_profile.class
-rw-rw-r-- 1 travis travis  1328 Jun  1 21:06 ModularCodeGen_ModularCodeGenTypedCompositeActor_profile.java
-rw-rw-r-- 1 travis travis  3441 Jun  1 21:07 ModularCodeGenPubSub2_A1_A.class
-rw-rw-r-- 1 travis travis  8578 Jun  1 21:07 ModularCodeGenPubSub2_A1_A.java
-rw-rw-r-- 1 travis travis   920 Jun  1 21:07 ModularCodeGenPubSub2_A1_A.mk
-rw-rw-r-- 1 travis travis  1274 Jun  1 21:07 ModularCodeGenPubSub2_A1_A_profile.class
-rw-rw-r-- 1 travis travis  1128 Jun  1 21:07 ModularCodeGenPubSub2_A1_A_profile.java
-rw-rw-r-- 1 travis travis  3733 Jun  1 21:07 ModularCodeGenPubSub2_A1.class
-rw-rw-r-- 1 travis travis  9781 Jun  1 21:07 ModularCodeGenPubSub2_A1.java
-rw-rw-r-- 1 travis travis   904 Jun  1 21:07 ModularCodeGenPubSub2_A1.mk
-rw-rw-r-- 1 travis travis  1268 Jun  1 21:07 ModularCodeGenPubSub2_A1_profile.class
-rw-rw-r-- 1 travis travis  1196 Jun  1 21:07 ModularCodeGenPubSub2_A1_profile.java
-rw-rw-r-- 1 travis travis  3437 Jun  1 21:07 ModularCodeGenPubSub3_A1_A2.class
-rw-rw-r-- 1 travis travis  8599 Jun  1 21:07 ModularCodeGenPubSub3_A1_A2.java
-rw-rw-r-- 1 travis travis   928 Jun  1 21:07 ModularCodeGenPubSub3_A1_A2.mk
-rw-rw-r-- 1 travis travis  1287 Jun  1 21:07 ModularCodeGenPubSub3_A1_A2_profile.class
-rw-rw-r-- 1 travis travis  1132 Jun  1 21:07 ModularCodeGenPubSub3_A1_A2_profile.java
-rw-rw-r-- 1 travis travis  3856 Jun  1 21:07 ModularCodeGenPubSub3_A1.class
-rw-rw-r-- 1 travis travis 10100 Jun  1 21:07 ModularCodeGenPubSub3_A1.java
-rw-rw-r-- 1 travis travis   904 Jun  1 21:07 ModularCodeGenPubSub3_A1.mk
-rw-rw-r-- 1 travis travis  1358 Jun  1 21:07 ModularCodeGenPubSub3_A1_profile.class
-rw-rw-r-- 1 travis travis  1400 Jun  1 21:07 ModularCodeGenPubSub3_A1_profile.java
-rw-rw-r-- 1 travis travis  3441 Jun  1 21:07 ModularCodeGenPubSub4_A1_A.class
-rw-rw-r-- 1 travis travis  8578 Jun  1 21:07 ModularCodeGenPubSub4_A1_A.java
-rw-rw-r-- 1 travis travis   920 Jun  1 21:07 ModularCodeGenPubSub4_A1_A.mk
-rw-rw-r-- 1 travis travis  1274 Jun  1 21:07 ModularCodeGenPubSub4_A1_A_profile.class
-rw-rw-r-- 1 travis travis  1128 Jun  1 21:07 ModularCodeGenPubSub4_A1_A_profile.java
-rw-rw-r-- 1 travis travis  1137 Jun  1 21:07 ModularCodeGenPubSub4_A1_profile.java
-rw-rw-r-- 1 travis travis  3475 Jun  1 21:07 ModularCodeGenPubSub_A1.class
-rw-rw-r-- 1 travis travis  9060 Jun  1 21:07 ModularCodeGenPubSub_A1.java
-rw-rw-r-- 1 travis travis   896 Jun  1 21:07 ModularCodeGenPubSub_A1.mk
-rw-rw-r-- 1 travis travis  1278 Jun  1 21:07 ModularCodeGenPubSub_A1_profile.class
-rw-rw-r-- 1 travis travis  1195 Jun  1 21:07 ModularCodeGenPubSub_A1_profile.java
-rw-rw-r-- 1 travis travis  3492 Jun  1 21:06 ModularCodeGenTest_A1_A2.class
-rw-rw-r-- 1 travis travis  9164 Jun  1 21:06 ModularCodeGenTest_A1_A2.java
-rw-rw-r-- 1 travis travis   904 Jun  1 21:06 ModularCodeGenTest_A1_A2.mk
-rw-rw-r-- 1 travis travis  1306 Jun  1 21:06 ModularCodeGenTest_A1_A2_profile.class
-rw-rw-r-- 1 travis travis  1228 Jun  1 21:06 ModularCodeGenTest_A1_A2_profile.java
-rw-rw-r-- 1 travis travis  3823 Jun  1 21:06 ModularCodeGenTest_A1.class
-rw-rw-r-- 1 travis travis  9968 Jun  1 21:06 ModularCodeGenTest_A1.java
-rw-rw-r-- 1 travis travis   880 Jun  1 21:06 ModularCodeGenTest_A1.mk
-rw-rw-r-- 1 travis travis  1352 Jun  1 21:06 ModularCodeGenTest_A1_profile.class
-rw-rw-r-- 1 travis travis  1394 Jun  1 21:06 ModularCodeGenTest_A1_profile.java
-rw-rw-r-- 1 travis travis   432 Jun  1 21:07 Token.class
-rw-rw-r-- 1 travis travis   251 Jun  1 21:07 Token.java
warning: Supported source version 'RELEASE_6' from annotation processor 'org.netbeans.modules.openide.util.NbBundleProcessor' less than -source '1.8'
warning: Supported source version 'RELEASE_6' from annotation processor 'org.netbeans.modules.openide.util.URLStreamHandlerRegistrationProcessor' less than -source '1.8'
warning: Supported source version 'RELEASE_6' from annotation processor 'org.netbeans.modules.openide.util.ServiceProviderProcessor' less than -source '1.8'
3 warnings
All Done
Writing ModularCodeGenPubSub4_A1.java in file:/home/travis/cg/ (9231 characters)
Reading "ptolemy/cg/kernel/generic/program/procedural/java/modular/makefile.in",
    writing "/home/travis/cg/ModularCodeGenPubSub4_A1.mk"
Using ptolemy/cg/kernel/generic/program/procedural/java/modular/makefile.in
In "/home/travis/cg", about to execute:
    make -f ModularCodeGenPubSub4_A1.mk
javac -classpath ".:.."    ModularCodeGenPubSub4_A1.java
All Done
4937 ms. Memory: 158720K Free: 90033K (57%)
----------------- Invoking toplevel() on ptolemy.moml.MoMLSimpleApplication@71b5aa17
----------------- Done invoking toplevel() on ptolemy.moml.MoMLSimpleApplication@71b5aa17
reloadAllAccessors: .ModularCodeGenPubSub4

===========================================================================================
----------------- testing Fri Jun 01 21:07:56 UTC 2018 /home/travis/build/icyphy/ptII/ptolemy/cg/lib/test/auto/PubSubAggLazy.xml
----------------- Instantiating /home/travis/build/icyphy/ptII/ptolemy/cg/lib/test/auto/PubSubAggLazy.xml
14 ms. Memory: 158720K Free: 83650K (53%)
----------------- Invoking toplevel() on ptolemy.moml.MoMLSimpleApplication@170c8d94
----------------- Done invoking toplevel() on ptolemy.moml.MoMLSimpleApplication@170c8d94
reloadAllAccessors: .PubSubAggLazy

===========================================================================================
----------------- testing Fri Jun 01 21:07:56 UTC 2018 /home/travis/build/icyphy/ptII/ptolemy/cg/lib/test/auto/PubSubAggModularCodeGen.xml
----------------- Instantiating /home/travis/build/icyphy/ptII/ptolemy/cg/lib/test/auto/PubSubAggModularCodeGen.xml
In "/home/travis/cg", about to execute:
    pwd
In "/home/travis/cg", about to execute:
    ls -l
/home/travis/cg
In "/home/travis/cg", about to execute:
    javac -classpath
.:/home/travis/build/icyphy/ptII:/home/travis/build/icyphy/ptII/lib/bsh-2.0b4.j
ar:/home/travis/build/icyphy/ptII/lib/ptCal.jar:/home/travis/build/icyphy/ptII/
lib/java_cup.jar:/home/travis/build/icyphy/ptII/lib/saxon8.jar:/home/travis/bui
ld/icyphy/ptII/lib/saxon8-dom.jar:/home/travis/build/icyphy/ptII/lib/chic.jar:/
home/travis/build/icyphy/ptII/lib/ptcolt.jar:/usr/lib/jvm/java-8-oracle/lib/too
ls.jar:/usr/lib/eclipse/plugins/org.eclipse.jdt.core_3.8.2.dist.jar:/usr/lib/ec
lipse/plugins/org.eclipse.core.runtime_3.8.0.dist.jar:/usr/lib/eclipse/plugins/
org.eclipse.osgi_3.8.1.dist.jar:/usr/lib/eclipse/plugins/org.eclipse.core.resou
rces_3.8.1.dist.jar:/usr/lib/eclipse/plugins/org.eclipse.equinox.common_3.6.100
.dist.jar:/usr/lib/eclipse/plugins/org.eclipse.core.jobs_3.5.200.dist.jar:/usr/
lib/eclipse/plugins/org.eclipse.core.contenttype_3.4.200.dist.jar:/usr/lib/ecli
pse/plugins/org.eclipse.equinox.preferences_3.5.0.dist.jar:/usr/lib/eclipse/plu
gins/org.eclipse.text_3.5.200.dist.jar:/usr/lib/eclipse/plugins/org.eclipse.ui.
workbench_3.8.1.dist.jar:/usr/lib/eclipse/plugins/org.eclipse.jface_3.8.0.dist.
jar:/usr/lib/eclipse/plugins/org.eclipse.swt_3.8.2.jar:/usr/lib/eclipse/plugins
/org.eclipse.jface.text_3.8.1.dist.jar:/usr/lib/eclipse/plugins/org.eclipse.ui.
workbench.texteditor_3.8.0.dist.jar:/usr/lib/eclipse/plugins/org.eclipse.ui.edi
tors_3.8.0.dist.jar:/usr/lib/eclipse/plugins/org.eclipse.core.commands_3.6.1.di
st.jar:/usr/lib/eclipse/plugins/org.eclipse.equinox.registry_3.5.200.dist.jar:/
usr/lib/eclipse/plugins/org.eclipse.ui.console_3.5.100.dist.jar:/usr/lib/eclips
e/plugins/org.eclipse.ui.forms_3.5.200.dist.jar:/usr/lib/eclipse/plugins/org.ec
lipse.ui.ide_3.8.1.dist.jar:/home/travis/build/icyphy/ptII/vendors/oracle/dbxml
.jar:/home/travis/build/icyphy/ptII/vendors/oracle/db.jar:/home/travis/build/ic
yphy/ptII/vendors/misc/itext/iText.jar:/home/travis/build/icyphy/ptII/lib/g4ltl
.jar:/home/travis/build/icyphy/ptII/lib/StructuralCoder.jar:/home/travis/build/
icyphy/ptII/lib/org-openide-util.jar:/home/travis/build/icyphy/ptII/lib/org-ope
nide-util-lookup.jar:/home/travis/build/icyphy/ptII/lib/org-netbeans-api-visual
.jar:/home/travis/build/icyphy/ptII/vendors/jai-1_1_2_01/lib/jai_core.jar:/home
/travis/build/icyphy/ptII/vendors/jai-1_1_2_01/lib/jai_codec.jar:/home/travis/b
uild/icyphy/ptII/lib/jcerti.jar:/home/travis/build/icyphy/ptII/lib/smack.jar:/h
ome/travis/build/icyphy/ptII/lib/smackx.jar:/home/travis/build/icyphy/ptII/lib/
jetty-all-8.1.5-v20120716.jar:/home/travis/build/icyphy/ptII/lib/javax.servlet-
api-3.0.1.jar:/home/travis/build/icyphy/ptII/lib/javax.mail.jar:/home/travis/bu
ild/icyphy/ptII/vendors/JMF-2.1.1e/lib/jmf.jar:/home/travis/build/icyphy/ptII/l
ib/jna-4.0.0-variadic.jar:/home/travis/build/icyphy/ptII/vendors/misc/joystick/
Joystick.jar:/home/travis/build/icyphy/ptII/lib/ptjacl.jar:/home/travis/build/i
cyphy/ptII/lib/jsoup-1.8.2.jar:/home/travis/build/icyphy/ptII/lib/junit-4.8.2.j
ar:/home/travis/build/icyphy/ptII/lib/JUnitParams-0.4.0.jar:/home/travis/build/
icyphy/ptII/ptolemy/actor/lib/excel/jxl.jar:/home/travis/build/icyphy/ptII/lib/
jython.jar:/home/travis/build/icyphy/ptII/lib/kieler.jar:/home/travis/build/icy
phy/ptII/vendors/opencv/share/OpenCV/java/opencv-341.jar:/home/travis/build/icy
phy/ptII/lib/oscP5.jar:/home/travis/build/icyphy/ptII/lib/nrjavaserial-3.11.0.d
evel.jar:/usr/share/java/j3dcore.jar:/usr/share/java/j3dutils.jar:/usr/share/ja
va/vecmath.jar:/home/travis/build/icyphy/ptII/ptolemy/distributed/jini/jar/jini
-core.jar:/home/travis/build/icyphy/ptII/ptolemy/distributed/jini/jar/jini-ext.
jar:/home/travis/build/icyphy/ptII/ptolemy/distributed/jini/jar/sun-util.jar:/h
ome/travis/build/icyphy/ptII/lib/protobuf-java-2.4.1.jar:/home/travis/build/icy
phy/ptII/lib/org.eclipse.paho.client.mqttv3.jar:/home/travis/build/icyphy/ptII/
ptserver/lib/hessian-4.0.7.jar:/home/travis/build/icyphy/ptII/ptserver/lib/wmqt
t.jar:/home/travis/build/icyphy/ptII/lib/mapss.jar:/home/travis/build/icyphy/pt
II/ptolemy/actor/ptalon/antlr/antlr.jar:/home/travis/build/icyphy/ptII/lib/JRI.
jar:/home/travis/build/icyphy/ptII/lib/commons-lang-2.6.jar:/home/travis/build/
icyphy/ptII/lib/commons-logging-1.1.1.jar:/home/travis/build/icyphy/ptII/lib/so
otclasses.jar:/home/travis/build/icyphy/ptII/ptolemy/actor/lib/database/mysql-c
onnector-java-5.1.6-bin.jar:/home/travis/build/icyphy/ptII/vendors/misc/sphinx4
/sphinx4-data-5prealpha.jar:/home/travis/build/icyphy/ptII/vendors/misc/sphinx4
/sphinx4-core-5prealpha.jar:/home/travis/build/icyphy/ptII/lib/PDFRenderer.jar:
/home/travis/build/icyphy/ptII/lib/svgSalamander.jar:/home/travis/build/icyphy/
ptII/lib/rsyntaxtextarea-2.6.0-SNAPSHOT.jar:/home/travis/build/icyphy/ptII/lib/
hazelcast-3.8.2.jar:/home/travis/build/icyphy/ptII/lib/jackson-annotations-2.9.
0.jar:/home/travis/build/icyphy/ptII/lib/jackson-core-2.9.3.jar:/home/travis/bu
ild/icyphy/ptII/lib/jackson-databind-2.9.3.jar:/home/travis/build/icyphy/ptII/l
ib/netty-buffer-4.1.19.Final.jar:/home/travis/build/icyphy/ptII/lib/netty-codec
-4.1.19.Final.jar:/home/travis/build/icyphy/ptII/lib/netty-codec-dns-4.1.19.Fin
al.jar:/home/travis/build/icyphy/ptII/lib/netty-codec-http-4.1.19.Final.jar:/ho
me/travis/build/icyphy/ptII/lib/netty-codec-http2-4.1.19.Final.jar:/home/travis
/build/icyphy/ptII/lib/netty-common-4.1.19.Final.jar:/home/travis/build/icyphy/
ptII/lib/netty-handler-4.1.19.Final.jar:/home/travis/build/icyphy/ptII/lib/nett
y-resolver-4.1.19.Final.jar:/home/travis/build/icyphy/ptII/lib/netty-resolver-d
ns-4.1.19.Final.jar:/home/travis/build/icyphy/ptII/lib/netty-transport-4.1.19.F
inal.jar:/home/travis/build/icyphy/ptII/lib/vertx-codegen-3.5.1.jar:/home/travi
s/build/icyphy/ptII/lib/vertx-core-3.5.2-SNAPSHOT.jar:/home/travis/build/icyphy
/ptII/lib/vertx-hazelcast-3.5.1.jar:/home/travis/build/icyphy/ptII/lib/vertx-la
ng-js-3.5.1.jar:/home/travis/build/icyphy/ptII/lib/vertx-service-proxy-3.5.1.ja
r:/home/travis/build/icyphy/ptII/lib/vertx-web-3.5.1.jar:/home/travis/build/icy
phy/ptII/lib/slf4j-api-1.7.13.jar:/home/travis/build/icyphy/ptII/lib/slf4j-simp
le-1.7.13.jar:/home/travis/build/icyphy/ptII/lib/webcam-capture-0.3.12.jar:/hom
e/travis/build/icyphy/ptII/lib/bridj-0.7.0.jar:/home/travis/build/icyphy/ptII/l
ib/xbjlib-1.1.0.nrjavaserial.jar:/home/travis/build/icyphy/ptII/ptolemy/moml/te
st:/home/travis/build/icyphy/ptII/ant/lib/ant-launcher.jar:/home/travis/build/i
cyphy/ptII/ant/lib/ant.jar:/home/travis/build/icyphy/ptII/ant/lib/ant-junit.jar
:/home/travis/build/icyphy/ptII/ant/lib/ant-junit4.jar:/home/travis/build/icyph
y/ptII PubSubAggModularCodeGen_ModularCodeGenTypedComposite_profile.java
total 1404
-rw-rw-r-- 1 travis travis   233 Jun  1 21:07 Array.class
-rw-rw-r-- 1 travis travis   459 Jun  1 21:07 Array.java
-rw-rw-r-- 1 travis travis  4895 Jun  1 21:06 CompiledCompositeActor_CompiledCompositeActor.class
-rw-rw-r-- 1 travis travis  1592 Jun  1 21:06 CompiledCompositeActor_CompiledCompositeActor$_CompiledCompositeActor_CompiledCompositeActor.class
-rw-rw-r-- 1 travis travis 13466 Jun  1 21:06 CompiledCompositeActor_CompiledCompositeActor.java
-rw-rw-r-- 1 travis travis  1593 Jun  1 21:06 CompiledCompositeActor_CompiledCompositeActor.mk
-rw-rw-r-- 1 travis travis  4457 Jun  1 21:06 JavaCompiledCompositeTest1_CompiledCompositeActor.class
-rw-rw-r-- 1 travis travis 11637 Jun  1 21:06 JavaCompiledCompositeTest1_CompiledCompositeActor.java
-rw-rw-r-- 1 travis travis  1198 Jun  1 21:06 JavaCompiledCompositeTest1_CompiledCompositeActor$_JavaCompiledCompositeTest1_CompiledCompositeActor.class
-rw-rw-r-- 1 travis travis  1625 Jun  1 21:06 JavaCompiledCompositeTest1_CompiledCompositeActor.mk
-rw-rw-r-- 1 travis travis  4888 Jun  1 21:06 JavaCompiledCompositeTest2_CompiledCompositeActor.class
-rw-rw-r-- 1 travis travis 14919 Jun  1 21:06 JavaCompiledCompositeTest2_CompiledCompositeActor.java
-rw-rw-r-- 1 travis travis  1793 Jun  1 21:06 JavaCompiledCompositeTest2_CompiledCompositeActor$_JavaCompiledCompositeTest2_CompiledCompositeActor.class
-rw-rw-r-- 1 travis travis  1625 Jun  1 21:06 JavaCompiledCompositeTest2_CompiledCompositeActor.mk
-rw-rw-r-- 1 travis travis  4505 Jun  1 21:06 JavaCompiledCompositeTest3_CompiledCompositeActor.class
-rw-rw-r-- 1 travis travis 13080 Jun  1 21:06 JavaCompiledCompositeTest3_CompiledCompositeActor.java
-rw-rw-r-- 1 travis travis  1378 Jun  1 21:06 JavaCompiledCompositeTest3_CompiledCompositeActor$_JavaCompiledCompositeTest3_CompiledCompositeActor.class
-rw-rw-r-- 1 travis travis  1625 Jun  1 21:06 JavaCompiledCompositeTest3_CompiledCompositeActor.mk
-rw-rw-r-- 1 travis travis  3953 Jun  1 21:06 JavaCompiledCompositeTest4_CompiledCompositeActor.class
-rw-rw-r-- 1 travis travis  9687 Jun  1 21:06 JavaCompiledCompositeTest4_CompiledCompositeActor.java
-rw-rw-r-- 1 travis travis   857 Jun  1 21:06 JavaCompiledCompositeTest4_CompiledCompositeActor$_JavaCompiledCompositeTest4_CompiledCompositeActor.class
-rw-rw-r-- 1 travis travis  1625 Jun  1 21:06 JavaCompiledCompositeTest4_CompiledCompositeActor.mk
-rw-rw-r-- 1 travis travis  3693 Jun  1 21:06 ModularCG_A1_B1.class
-rw-rw-r-- 1 travis travis  9730 Jun  1 21:06 ModularCG_A1_B1.java
-rw-rw-r-- 1 travis travis   832 Jun  1 21:06 ModularCG_A1_B1.mk
-rw-rw-r-- 1 travis travis  1318 Jun  1 21:06 ModularCG_A1_B1_profile.class
-rw-rw-r-- 1 travis travis  1262 Jun  1 21:06 ModularCG_A1_B1_profile.java
-rw-rw-r-- 1 travis travis  3693 Jun  1 21:06 ModularCG_A1_B2.class
-rw-rw-r-- 1 travis travis  9730 Jun  1 21:06 ModularCG_A1_B2.java
-rw-rw-r-- 1 travis travis   832 Jun  1 21:06 ModularCG_A1_B2.mk
-rw-rw-r-- 1 travis travis  1318 Jun  1 21:06 ModularCG_A1_B2_profile.class
-rw-rw-r-- 1 travis travis  1262 Jun  1 21:06 ModularCG_A1_B2_profile.java
-rw-rw-r-- 1 travis travis  4799 Jun  1 21:06 ModularCG_A1.class
-rw-rw-r-- 1 travis travis 14742 Jun  1 21:06 ModularCG_A1.java
-rw-rw-r-- 1 travis travis   808 Jun  1 21:06 ModularCG_A1.mk
-rw-rw-r-- 1 travis travis  1433 Jun  1 21:06 ModularCG_A1_profile.class
-rw-rw-r-- 1 travis travis  1704 Jun  1 21:06 ModularCG_A1_profile.java
-rw-rw-r-- 1 travis travis  3827 Jun  1 21:06 ModularCG_A2_B1.class
-rw-rw-r-- 1 travis travis 10667 Jun  1 21:06 ModularCG_A2_B1.java
-rw-rw-r-- 1 travis travis   832 Jun  1 21:06 ModularCG_A2_B1.mk
-rw-rw-r-- 1 travis travis  1381 Jun  1 21:06 ModularCG_A2_B1_profile.class
-rw-rw-r-- 1 travis travis  1446 Jun  1 21:06 ModularCG_A2_B1_profile.java
-rw-rw-r-- 1 travis travis  3693 Jun  1 21:06 ModularCG_A2_B2.class
-rw-rw-r-- 1 travis travis  9730 Jun  1 21:06 ModularCG_A2_B2.java
-rw-rw-r-- 1 travis travis   832 Jun  1 21:06 ModularCG_A2_B2.mk
-rw-rw-r-- 1 travis travis  1318 Jun  1 21:06 ModularCG_A2_B2_profile.class
-rw-rw-r-- 1 travis travis  1262 Jun  1 21:06 ModularCG_A2_B2_profile.java
-rw-rw-r-- 1 travis travis  4870 Jun  1 21:06 ModularCG_A2.class
-rw-rw-r-- 1 travis travis 15129 Jun  1 21:06 ModularCG_A2.java
-rw-rw-r-- 1 travis travis   808 Jun  1 21:06 ModularCG_A2.mk
-rw-rw-r-- 1 travis travis  1433 Jun  1 21:06 ModularCG_A2_profile.class
-rw-rw-r-- 1 travis travis  1704 Jun  1 21:06 ModularCG_A2_profile.java
-rw-rw-r-- 1 travis travis  3473 Jun  1 21:06 ModularCGPubSub_A1_A2.class
-rw-rw-r-- 1 travis travis  9076 Jun  1 21:06 ModularCGPubSub_A1_A2.java
-rw-rw-r-- 1 travis travis   880 Jun  1 21:06 ModularCGPubSub_A1_A2.mk
-rw-rw-r-- 1 travis travis  1300 Jun  1 21:06 ModularCGPubSub_A1_A2_profile.class
-rw-rw-r-- 1 travis travis  1222 Jun  1 21:06 ModularCGPubSub_A1_A2_profile.java
-rw-rw-r-- 1 travis travis  3790 Jun  1 21:06 ModularCGPubSub_A1.class
-rw-rw-r-- 1 travis travis  9836 Jun  1 21:06 ModularCGPubSub_A1.java
-rw-rw-r-- 1 travis travis   856 Jun  1 21:06 ModularCGPubSub_A1.mk
-rw-rw-r-- 1 travis travis  1346 Jun  1 21:06 ModularCGPubSub_A1_profile.class
-rw-rw-r-- 1 travis travis  1388 Jun  1 21:06 ModularCGPubSub_A1_profile.java
-rw-rw-r-- 1 travis travis  3988 Jun  1 21:06 ModularCodeGen2_ModularCodeGenTypedCompositeActor.class
-rw-rw-r-- 1 travis travis 11690 Jun  1 21:06 ModularCodeGen2_ModularCodeGenTypedCompositeActor.java
-rw-rw-r-- 1 travis travis  1104 Jun  1 21:06 ModularCodeGen2_ModularCodeGenTypedCompositeActor.mk
-rw-rw-r-- 1 travis travis  4272 Jun  1 21:06 ModularCodeGen2_ModularCodeGenTypedCompositeActor_ModularCodeGenTypedCompositeActor.class
-rw-rw-r-- 1 travis travis 11790 Jun  1 21:06 ModularCodeGen2_ModularCodeGenTypedCompositeActor_ModularCodeGenTypedCompositeActor.java
-rw-rw-r-- 1 travis travis  1376 Jun  1 21:06 ModularCodeGen2_ModularCodeGenTypedCompositeActor_ModularCodeGenTypedCompositeActor.mk
-rw-rw-r-- 1 travis travis  1421 Jun  1 21:06 ModularCodeGen2_ModularCodeGenTypedCompositeActor_ModularCodeGenTypedCompositeActor_profile.class
-rw-rw-r-- 1 travis travis  1294 Jun  1 21:06 ModularCodeGen2_ModularCodeGenTypedCompositeActor_ModularCodeGenTypedCompositeActor_profile.java
-rw-rw-r-- 1 travis travis   820 Jun  1 21:06 ModularCodeGen2_ModularCodeGenTypedCompositeActor_profile.class
-rw-rw-r-- 1 travis travis   693 Jun  1 21:06 ModularCodeGen2_ModularCodeGenTypedCompositeActor_profile.java
-rw-rw-r-- 1 travis travis  3741 Jun  1 21:06 ModularCodeGen3_A1_B1.class
-rw-rw-r-- 1 travis travis  9958 Jun  1 21:06 ModularCodeGen3_A1_B1.java
-rw-rw-r-- 1 travis travis   880 Jun  1 21:06 ModularCodeGen3_A1_B1.mk
-rw-rw-r-- 1 travis travis  1330 Jun  1 21:06 ModularCodeGen3_A1_B1_profile.class
-rw-rw-r-- 1 travis travis  1274 Jun  1 21:06 ModularCodeGen3_A1_B1_profile.java
-rw-rw-r-- 1 travis travis  3741 Jun  1 21:06 ModularCodeGen3_A1_B2.class
-rw-rw-r-- 1 travis travis  9958 Jun  1 21:06 ModularCodeGen3_A1_B2.java
-rw-rw-r-- 1 travis travis   880 Jun  1 21:06 ModularCodeGen3_A1_B2.mk
-rw-rw-r-- 1 travis travis  1330 Jun  1 21:06 ModularCodeGen3_A1_B2_profile.class
-rw-rw-r-- 1 travis travis  1274 Jun  1 21:06 ModularCodeGen3_A1_B2_profile.java
-rw-rw-r-- 1 travis travis  4961 Jun  1 21:07 ModularCodeGen3_A1.class
-rw-rw-r-- 1 travis travis 15564 Jun  1 21:06 ModularCodeGen3_A1.java
-rw-rw-r-- 1 travis travis   856 Jun  1 21:06 ModularCodeGen3_A1.mk
-rw-rw-r-- 1 travis travis  1445 Jun  1 21:06 ModularCodeGen3_A1_profile.class
-rw-rw-r-- 1 travis travis  1716 Jun  1 21:06 ModularCodeGen3_A1_profile.java
-rw-rw-r-- 1 travis travis  3887 Jun  1 21:07 ModularCodeGen3_A2_B1.class
-rw-rw-r-- 1 travis travis 10955 Jun  1 21:07 ModularCodeGen3_A2_B1.java
-rw-rw-r-- 1 travis travis   880 Jun  1 21:07 ModularCodeGen3_A2_B1.mk
-rw-rw-r-- 1 travis travis  1393 Jun  1 21:07 ModularCodeGen3_A2_B1_profile.class
-rw-rw-r-- 1 travis travis  1458 Jun  1 21:07 ModularCodeGen3_A2_B1_profile.java
-rw-rw-r-- 1 travis travis  3741 Jun  1 21:07 ModularCodeGen3_A2_B2.class
-rw-rw-r-- 1 travis travis  9958 Jun  1 21:07 ModularCodeGen3_A2_B2.java
-rw-rw-r-- 1 travis travis   880 Jun  1 21:07 ModularCodeGen3_A2_B2.mk
-rw-rw-r-- 1 travis travis  1330 Jun  1 21:07 ModularCodeGen3_A2_B2_profile.class
-rw-rw-r-- 1 travis travis  1274 Jun  1 21:07 ModularCodeGen3_A2_B2_profile.java
-rw-rw-r-- 1 travis travis  5038 Jun  1 21:07 ModularCodeGen3_A2.class
-rw-rw-r-- 1 travis travis 15957 Jun  1 21:07 ModularCodeGen3_A2.java
-rw-rw-r-- 1 travis travis   856 Jun  1 21:07 ModularCodeGen3_A2.mk
-rw-rw-r-- 1 travis travis  1445 Jun  1 21:07 ModularCodeGen3_A2_profile.class
-rw-rw-r-- 1 travis travis  1716 Jun  1 21:07 ModularCodeGen3_A2_profile.java
-rw-rw-r-- 1 travis travis  3794 Jun  1 21:07 ModularCodeGen4_A1_B1.class
-rw-rw-r-- 1 travis travis 10312 Jun  1 21:07 ModularCodeGen4_A1_B1.java
-rw-rw-r-- 1 travis travis   880 Jun  1 21:07 ModularCodeGen4_A1_B1.mk
-rw-rw-r-- 1 travis travis  1330 Jun  1 21:07 ModularCodeGen4_A1_B1_profile.class
-rw-rw-r-- 1 travis travis  1273 Jun  1 21:07 ModularCodeGen4_A1_B1_profile.java
-rw-rw-r-- 1 travis travis  3794 Jun  1 21:07 ModularCodeGen4_A1_B2.class
-rw-rw-r-- 1 travis travis 10312 Jun  1 21:07 ModularCodeGen4_A1_B2.java
-rw-rw-r-- 1 travis travis   880 Jun  1 21:07 ModularCodeGen4_A1_B2.mk
-rw-rw-r-- 1 travis travis  1330 Jun  1 21:07 ModularCodeGen4_A1_B2_profile.class
-rw-rw-r-- 1 travis travis  1273 Jun  1 21:07 ModularCodeGen4_A1_B2_profile.java
-rw-rw-r-- 1 travis travis  5101 Jun  1 21:07 ModularCodeGen4_A1.class
-rw-rw-r-- 1 travis travis 16245 Jun  1 21:07 ModularCodeGen4_A1.java
-rw-rw-r-- 1 travis travis   856 Jun  1 21:07 ModularCodeGen4_A1.mk
-rw-rw-r-- 1 travis travis  1445 Jun  1 21:07 ModularCodeGen4_A1_profile.class
-rw-rw-r-- 1 travis travis  1712 Jun  1 21:07 ModularCodeGen4_A1_profile.java
-rw-rw-r-- 1 travis travis  3988 Jun  1 21:07 ModularCodeGen4_A2_B1.class
-rw-rw-r-- 1 travis travis 11375 Jun  1 21:07 ModularCodeGen4_A2_B1.java
-rw-rw-r-- 1 travis travis   880 Jun  1 21:07 ModularCodeGen4_A2_B1.mk
-rw-rw-r-- 1 travis travis  1393 Jun  1 21:07 ModularCodeGen4_A2_B1_profile.class
-rw-rw-r-- 1 travis travis  1454 Jun  1 21:07 ModularCodeGen4_A2_B1_profile.java
-rw-rw-r-- 1 travis travis  3842 Jun  1 21:07 ModularCodeGen4_A2_B2.class
-rw-rw-r-- 1 travis travis 10378 Jun  1 21:07 ModularCodeGen4_A2_B2.java
-rw-rw-r-- 1 travis travis   880 Jun  1 21:07 ModularCodeGen4_A2_B2.mk
-rw-rw-r-- 1 travis travis  1330 Jun  1 21:07 ModularCodeGen4_A2_B2_profile.class
-rw-rw-r-- 1 travis travis  1270 Jun  1 21:07 ModularCodeGen4_A2_B2_profile.java
-rw-rw-r-- 1 travis travis  5274 Jun  1 21:07 ModularCodeGen4_A2.class
-rw-rw-r-- 1 travis travis 16770 Jun  1 21:07 ModularCodeGen4_A2.java
-rw-rw-r-- 1 travis travis   856 Jun  1 21:07 ModularCodeGen4_A2.mk
-rw-rw-r-- 1 travis travis  1445 Jun  1 21:07 ModularCodeGen4_A2_profile.class
-rw-rw-r-- 1 travis travis  1712 Jun  1 21:07 ModularCodeGen4_A2_profile.java
-rw-rw-r-- 1 travis travis  6838 Jun  1 21:07 ModularCodeGen5_A_A.class
-rw-rw-r-- 1 travis travis 28721 Jun  1 21:07 ModularCodeGen5_A_A.java
-rw-rw-r-- 1 travis travis   864 Jun  1 21:07 ModularCodeGen5_A_A.mk
-rw-rw-r-- 1 travis travis  1520 Jun  1 21:07 ModularCodeGen5_A_A_profile.class
-rw-rw-r-- 1 travis travis  1815 Jun  1 21:07 ModularCodeGen5_A_A_profile.java
-rw-rw-r-- 1 travis travis  5115 Jun  1 21:07 ModularCodeGen5_A.class
-rw-rw-r-- 1 travis travis 13769 Jun  1 21:07 ModularCodeGen5_A.java
-rw-rw-r-- 1 travis travis   848 Jun  1 21:07 ModularCodeGen5_A.mk
-rw-rw-r-- 1 travis travis  1422 Jun  1 21:07 ModularCodeGen5_A_profile.class
-rw-rw-r-- 1 travis travis  1605 Jun  1 21:07 ModularCodeGen5_A_profile.java
-rw-rw-r-- 1 travis travis  4125 Jun  1 21:07 ModularCodeGen6_A_A2.class
-rw-rw-r-- 1 travis travis 11329 Jun  1 21:07 ModularCodeGen6_A_A2.java
-rw-rw-r-- 1 travis travis   872 Jun  1 21:07 ModularCodeGen6_A_A2.mk
-rw-rw-r-- 1 travis travis  1351 Jun  1 21:07 ModularCodeGen6_A_A2_profile.class
-rw-rw-r-- 1 travis travis  1364 Jun  1 21:07 ModularCodeGen6_A_A2_profile.java
-rw-rw-r-- 1 travis travis  4108 Jun  1 21:07 ModularCodeGen6_A_A.class
-rw-rw-r-- 1 travis travis 11221 Jun  1 21:07 ModularCodeGen6_A_A.java
-rw-rw-r-- 1 travis travis   864 Jun  1 21:07 ModularCodeGen6_A_A.mk
-rw-rw-r-- 1 travis travis  1348 Jun  1 21:07 ModularCodeGen6_A_A_profile.class
-rw-rw-r-- 1 travis travis  1361 Jun  1 21:07 ModularCodeGen6_A_A_profile.java
-rw-rw-r-- 1 travis travis  7237 Jun  1 21:07 ModularCodeGen6_A.class
-rw-rw-r-- 1 travis travis 26535 Jun  1 21:07 ModularCodeGen6_A.java
-rw-rw-r-- 1 travis travis   848 Jun  1 21:07 ModularCodeGen6_A.mk
-rw-rw-r-- 1 travis travis  1483 Jun  1 21:07 ModularCodeGen6_A_profile.class
-rw-rw-r-- 1 travis travis  1810 Jun  1 21:07 ModularCodeGen6_A_profile.java
-rw-rw-r-- 1 travis travis  9439 Jun  1 21:07 ModularCodeGenLazyPubSubGlobal_CompositeActor_ModularCodeGenTypedComposite.class
-rw-rw-r-- 1 travis travis 30161 Jun  1 21:07 ModularCodeGenLazyPubSubGlobal_CompositeActor_ModularCodeGenTypedComposite.java
-rw-rw-r-- 1 travis travis  1304 Jun  1 21:07 ModularCodeGenLazyPubSubGlobal_CompositeActor_ModularCodeGenTypedComposite.mk
-rw-rw-r-- 1 travis travis  1438 Jun  1 21:07 ModularCodeGenLazyPubSubGlobal_CompositeActor_ModularCodeGenTypedComposite_profile.class
-rw-rw-r-- 1 travis travis  1384 Jun  1 21:07 ModularCodeGenLazyPubSubGlobal_CompositeActor_ModularCodeGenTypedComposite_profile.java
-rw-rw-r-- 1 travis travis  3952 Jun  1 21:07 ModularCodeGenLazyPubSub_LazyCompositeActor.class
-rw-rw-r-- 1 travis travis 11122 Jun  1 21:07 ModularCodeGenLazyPubSub_LazyCompositeActor.java
-rw-rw-r-- 1 travis travis  1056 Jun  1 21:07 ModularCodeGenLazyPubSub_LazyCompositeActor.mk
-rw-rw-r-- 1 travis travis  1286 Jun  1 21:07 ModularCodeGenLazyPubSub_LazyCompositeActor_profile.class
-rw-rw-r-- 1 travis travis  1091 Jun  1 21:07 ModularCodeGenLazyPubSub_LazyCompositeActor_profile.java
-rw-rw-r-- 1 travis travis  3954 Jun  1 21:06 ModularCodeGen_ModularCodeGenTypedCompositeActor.class
-rw-rw-r-- 1 travis travis 10970 Jun  1 21:06 ModularCodeGen_ModularCodeGenTypedCompositeActor.java
-rw-rw-r-- 1 travis travis  1096 Jun  1 21:06 ModularCodeGen_ModularCodeGenTypedCompositeActor.mk
-rw-rw-r-- 1 travis travis  1384 Jun  1 21:06 ModularCodeGen_ModularCodeGenTypedCompositeActor_profile.class
-rw-rw-r-- 1 travis travis  1328 Jun  1 21:06 ModularCodeGen_ModularCodeGenTypedCompositeActor_profile.java
-rw-rw-r-- 1 travis travis  3441 Jun  1 21:07 ModularCodeGenPubSub2_A1_A.class
-rw-rw-r-- 1 travis travis  8578 Jun  1 21:07 ModularCodeGenPubSub2_A1_A.java
-rw-rw-r-- 1 travis travis   920 Jun  1 21:07 ModularCodeGenPubSub2_A1_A.mk
-rw-rw-r-- 1 travis travis  1274 Jun  1 21:07 ModularCodeGenPubSub2_A1_A_profile.class
-rw-rw-r-- 1 travis travis  1128 Jun  1 21:07 ModularCodeGenPubSub2_A1_A_profile.java
-rw-rw-r-- 1 travis travis  3733 Jun  1 21:07 ModularCodeGenPubSub2_A1.class
-rw-rw-r-- 1 travis travis  9781 Jun  1 21:07 ModularCodeGenPubSub2_A1.java
-rw-rw-r-- 1 travis travis   904 Jun  1 21:07 ModularCodeGenPubSub2_A1.mk
-rw-rw-r-- 1 travis travis  1268 Jun  1 21:07 ModularCodeGenPubSub2_A1_profile.class
-rw-rw-r-- 1 travis travis  1196 Jun  1 21:07 ModularCodeGenPubSub2_A1_profile.java
-rw-rw-r-- 1 travis travis  3437 Jun  1 21:07 ModularCodeGenPubSub3_A1_A2.class
-rw-rw-r-- 1 travis travis  8599 Jun  1 21:07 ModularCodeGenPubSub3_A1_A2.java
-rw-rw-r-- 1 travis travis   928 Jun  1 21:07 ModularCodeGenPubSub3_A1_A2.mk
-rw-rw-r-- 1 travis travis  1287 Jun  1 21:07 ModularCodeGenPubSub3_A1_A2_profile.class
-rw-rw-r-- 1 travis travis  1132 Jun  1 21:07 ModularCodeGenPubSub3_A1_A2_profile.java
-rw-rw-r-- 1 travis travis  3856 Jun  1 21:07 ModularCodeGenPubSub3_A1.class
-rw-rw-r-- 1 travis travis 10100 Jun  1 21:07 ModularCodeGenPubSub3_A1.java
-rw-rw-r-- 1 travis travis   904 Jun  1 21:07 ModularCodeGenPubSub3_A1.mk
-rw-rw-r-- 1 travis travis  1358 Jun  1 21:07 ModularCodeGenPubSub3_A1_profile.class
-rw-rw-r-- 1 travis travis  1400 Jun  1 21:07 ModularCodeGenPubSub3_A1_profile.java
-rw-rw-r-- 1 travis travis  3441 Jun  1 21:07 ModularCodeGenPubSub4_A1_A.class
-rw-rw-r-- 1 travis travis  8578 Jun  1 21:07 ModularCodeGenPubSub4_A1_A.java
-rw-rw-r-- 1 travis travis   920 Jun  1 21:07 ModularCodeGenPubSub4_A1_A.mk
-rw-rw-r-- 1 travis travis  1274 Jun  1 21:07 ModularCodeGenPubSub4_A1_A_profile.class
-rw-rw-r-- 1 travis travis  1128 Jun  1 21:07 ModularCodeGenPubSub4_A1_A_profile.java
-rw-rw-r-- 1 travis travis  3683 Jun  1 21:07 ModularCodeGenPubSub4_A1.class
-rw-rw-r-- 1 travis travis  9231 Jun  1 21:07 ModularCodeGenPubSub4_A1.java
-rw-rw-r-- 1 travis travis   904 Jun  1 21:07 ModularCodeGenPubSub4_A1.mk
-rw-rw-r-- 1 travis travis  1247 Jun  1 21:07 ModularCodeGenPubSub4_A1_profile.class
-rw-rw-r-- 1 travis travis  1137 Jun  1 21:07 ModularCodeGenPubSub4_A1_profile.java
-rw-rw-r-- 1 travis travis  3475 Jun  1 21:07 ModularCodeGenPubSub_A1.class
-rw-rw-r-- 1 travis travis  9060 Jun  1 21:07 ModularCodeGenPubSub_A1.java
-rw-rw-r-- 1 travis travis   896 Jun  1 21:07 ModularCodeGenPubSub_A1.mk
-rw-rw-r-- 1 travis travis  1278 Jun  1 21:07 ModularCodeGenPubSub_A1_profile.class
-rw-rw-r-- 1 travis travis  1195 Jun  1 21:07 ModularCodeGenPubSub_A1_profile.java
-rw-rw-r-- 1 travis travis  3492 Jun  1 21:06 ModularCodeGenTest_A1_A2.class
-rw-rw-r-- 1 travis travis  9164 Jun  1 21:06 ModularCodeGenTest_A1_A2.java
-rw-rw-r-- 1 travis travis   904 Jun  1 21:06 ModularCodeGenTest_A1_A2.mk
-rw-rw-r-- 1 travis travis  1306 Jun  1 21:06 ModularCodeGenTest_A1_A2_profile.class
-rw-rw-r-- 1 travis travis  1228 Jun  1 21:06 ModularCodeGenTest_A1_A2_profile.java
-rw-rw-r-- 1 travis travis  3823 Jun  1 21:06 ModularCodeGenTest_A1.class
-rw-rw-r-- 1 travis travis  9968 Jun  1 21:06 ModularCodeGenTest_A1.java
-rw-rw-r-- 1 travis travis   880 Jun  1 21:06 ModularCodeGenTest_A1.mk
-rw-rw-r-- 1 travis travis  1352 Jun  1 21:06 ModularCodeGenTest_A1_profile.class
-rw-rw-r-- 1 travis travis  1394 Jun  1 21:06 ModularCodeGenTest_A1_profile.java
-rw-rw-r-- 1 travis travis  1007 Jun  1 21:07 PubSubAggModularCodeGen_ModularCodeGenTypedComposite_profile.java
-rw-rw-r-- 1 travis travis   432 Jun  1 21:07 Token.class
-rw-rw-r-- 1 travis travis   251 Jun  1 21:07 Token.java
warning: Supported source version 'RELEASE_6' from annotation processor 'org.netbeans.modules.openide.util.NbBundleProcessor' less than -source '1.8'
warning: Supported source version 'RELEASE_6' from annotation processor 'org.netbeans.modules.openide.util.URLStreamHandlerRegistrationProcessor' less than -source '1.8'
warning: Supported source version 'RELEASE_6' from annotation processor 'org.netbeans.modules.openide.util.ServiceProviderProcessor' less than -source '1.8'
3 warnings
All Done
Writing PubSubAggModularCodeGen_ModularCodeGenTypedComposite.java in file:/home/travis/cg/ (27850 characters)
Reading "ptolemy/cg/kernel/generic/program/procedural/java/modular/makefile.in",
    writing "/home/travis/cg/PubSubAggModularCodeGen_ModularCodeGenTypedComposite.mk"
Using ptolemy/cg/kernel/generic/program/procedural/java/modular/makefile.in
In "/home/travis/cg", about to execute:
    make -f PubSubAggModularCodeGen_ModularCodeGenTypedComposite.mk
javac -classpath ".:.."    PubSubAggModularCodeGen_ModularCodeGenTypedComposite.java
All Done
2574 ms. Memory: 156160K Free: 103086K (66%)
----------------- Invoking toplevel() on ptolemy.moml.MoMLSimpleApplication@43ecfd78
----------------- Done invoking toplevel() on ptolemy.moml.MoMLSimpleApplication@43ecfd78
reloadAllAccessors: .PubSubAggModularCodeGen

===========================================================================================
----------------- testing Fri Jun 01 21:07:59 UTC 2018 /home/travis/build/icyphy/ptII/ptolemy/cg/lib/test/auto/PubSubAggTypedComposite.xml
----------------- Instantiating /home/travis/build/icyphy/ptII/ptolemy/cg/lib/test/auto/PubSubAggTypedComposite.xml
8 ms. Memory: 156160K Free: 95203K (61%)
----------------- Invoking toplevel() on ptolemy.moml.MoMLSimpleApplication@42b877ae
----------------- Done invoking toplevel() on ptolemy.moml.MoMLSimpleApplication@42b877ae
reloadAllAccessors: .PubSubAggTypedComposite

===========================================================================================
----------------- testing Fri Jun 01 21:07:59 UTC 2018 /home/travis/build/icyphy/ptII/ptolemy/cg/lib/test/auto/PubSubAggTypedCompositeWidth2.xml
----------------- Instantiating /home/travis/build/icyphy/ptII/ptolemy/cg/lib/test/auto/PubSubAggTypedCompositeWidth2.xml
5 ms. Memory: 156160K Free: 86337K (55%)
----------------- Invoking toplevel() on ptolemy.moml.MoMLSimpleApplication@333d8fc8
----------------- Done invoking toplevel() on ptolemy.moml.MoMLSimpleApplication@333d8fc8
reloadAllAccessors: .PubSubAggTypedCompositeWidth2

===========================================================================================
----------------- testing Fri Jun 01 21:07:59 UTC 2018 /home/travis/build/icyphy/ptII/ptolemy/cg/lib/test/auto/ScaleJava.xml
----------------- Instantiating /home/travis/build/icyphy/ptII/ptolemy/cg/lib/test/auto/ScaleJava.xml
CompiledCompositeActor: Building shared object: The sharedObjectFile has a modification time that is earlier than the modelFile modification time.
Writing ScaleJava_EmbeddedActor.java in file:/home/travis/cg/ (9202 characters)
Reading "ptolemy/cg/kernel/generic/program/procedural/java/makefile.in",
    writing "/home/travis/cg/ScaleJava_EmbeddedActor.mk"
Using ptolemy/cg/kernel/generic/program/procedural/java/makefile.in
In "/home/travis/cg", about to execute:
    make -f ScaleJava_EmbeddedActor.mk
javac -classpath ".:."    ScaleJava_EmbeddedActor.java
All Done
897 ms. Memory: 156160K Free: 63561K (41%)
----------------- Invoking toplevel() on ptolemy.moml.MoMLSimpleApplication@368fe0d7
----------------- Done invoking toplevel() on ptolemy.moml.MoMLSimpleApplication@368fe0d7
reloadAllAccessors: .ScaleJava
AutoTests.java: About to close Vertx.
AutoTests.java: Vertx closed.
]]></system-out>
  <system-err><![CDATA[]]></system-err>
</testsuite>
