<?xml version="1.0" encoding="UTF-8" ?>
<testsuite errors="1" failures="2" hostname="travis-job-76d1a65b-85f6-4c88-bbcf-fe69e66ed77a" name="ptolemy.configs.test.junit.JUnitTclTest" skipped="0" tests="9" time="258.098" timestamp="2018-04-19T06:08:08">
  <properties>
    <property name="npm.executable" value="npm" />
    <property name="file.encoding.pkg" value="sun.io" />
    <property name="ptII.mk.exists" value="true" />
    <property name="env.rvm_bin_path" value="/home/travis/.rvm/bin" />
    <property name="java.home" value="/usr/lib/jvm/java-8-oracle/jre" />
    <property name="env.TRAVIS_JOB_NUMBER" value="272.5" />
    <property name="env.DISPLAY" value=":99.0" />
    <property name="java.net.preferIPv4Stack" value="true" />
    <property name="env.SSH_TTY" value="/dev/pts/0" />
    <property name="timeout.short" value="1000000" />
    <property name="env.TRAVIS_STACK_NODE_ATTRIBUTES" value="/.node-attributes.yml" />
    <property name="junit.formatter" value="xml" />
    <property name="java.endorsed.dirs" value="/usr/lib/jvm/java-8-oracle/jre/lib/endorsed" />
    <property name="env.TRAVIS_SUDO" value="true" />
    <property name="env.LOGNAME" value="travis" />
    <property name="env.PT_TRAVIS_TEST_CORE1_XML" value="true" />
    <property name="jsdoc.home" value="node_modules/@terraswarm/jsdoc" />
    <property name="debuglevel" value="source,lines,vars" />
    <property name="checkstyle.formatter" value="xml" />
    <property name="bin.vergil.makeable" value="true" />
    <property name="env._system_version" value="14.04" />
    <property name="sun.os.patch.level" value="unknown" />
    <property name="java.vendor.url" value="http://java.oracle.com/" />
    <property name="java.version" value="1.8.0_151" />
    <property name="env.TZ" value="UTC" />
    <property name="env.PT_NO_NET" value="true" />
    <property name="env.TRAVIS_PULL_REQUEST_SHA" value="" />
    <property name="env.TRAVIS_SECURE_ENV_VARS" value="true" />
    <property name="env._system_type" value="Linux" />
    <property name="java.vendor.url.bug" value="http://bugreport.sun.com/bugreport/" />
    <property name="env.SSH_CLIENT" value="10.10.16.2 36252 22" />
    <property name="npmjs-org-is-up" value="true" />
    <property name="env.GEM_HOME" value="/home/travis/.rvm/gems/ruby-2.4.1" />
    <property name="env.HAS_ANTARES_THREE_LITTLE_FRONZIES_BADGE" value="true" />
    <property name="env.PS4" value="+" />
    <property name="ant.project.invoked-targets" value="build,test.core1.xml" />
    <property name="env.TRAVIS_PULL_REQUEST_BRANCH" value="" />
    <property name="env.TRAVIS_REPO_SLUG" value="icyphy/ptII" />
    <property name="node.in.path" value="true" />
    <property name="java.maxmemory" value="1400m" />
    <property name="env.RUBY_VERSION" value="ruby-2.4.1" />
    <property name="user.name" value="travis" />
    <property name="env.LANG" value="en_US.UTF-8" />
    <property name="sun.io.unicode.encoding" value="UnicodeLittle" />
    <property name="sun.jnu.encoding" value="UTF-8" />
    <property name="java.runtime.name" value="Java(TM) SE Runtime Environment" />
    <property name="usefile" value="false" />
    <property name="return.code" value="0" />
    <property name="junit.single.formatter" value="plain" />
    <property name="env.DYLD_LIBRARY_PATH" value="/home/travis/pthla/certi-tools/lib:" />
    <property name="env.DEBIAN_FRONTEND" value="noninteractive" />
    <property name="env.SSH_CONNECTION" value="10.10.16.2 36252 10.20.0.10 22" />
    <property name="env.MYSQL_UNIX_PORT" value="/var/run/mysqld/mysqld.sock" />
    <property name="env.TRAVIS_ALLOW_FAILURE" value="false" />
    <property name="env.LC_ALL" value="en_US.UTF-8" />
    <property name="java.specification.name" value="Java Platform API Specification" />
    <property name="node.works" value="true" />
    <property name="user.timezone" value="" />
    <property name="path.separator" value=":" />
    <property name="env.PYTHON_CFLAGS" value="-g -fstack-protector --param=ssp-buffer-size=4 -Wformat -Werror=format-security" />
    <property name="timeout.long" value="4000000" />
    <property name="env.CERTI_HOME" value="/home/travis/pthla/certi-tools" />
    <property name="file.encoding" value="UTF-8" />
    <property name="ant.file.ptII" value="/home/travis/build/icyphy/ptII/build.xml" />
    <property name="javadoc.packagenames" value="com.*,diva.*,lbnl.*,org.hlacerti.*,org.json.*,org.ptolemy.*,org.terraswarm.*,ptolemy.*,ptserver.*" />
    <property name="env.TRAVIS_PULL_REQUEST_SLUG" value="" />
    <property name="ant.project.default-target" value="build" />
    <property name="env.GIT_ASKPASS" value="echo" />
    <property name="env.HOME" value="/home/travis" />
    <property name="sun.java.command" value="org.apache.tools.ant.taskdefs.optional.junit.JUnitTestRunner ptolemy.configs.test.junit.JUnitTclTest skipNonTests=false filtertrace=true haltOnError=false haltOnFailure=false formatter=org.apache.tools.ant.taskdefs.optional.junit.OutErrSummaryJUnitResultFormatter showoutput=true outputtoformatters=true logfailedtests=true threadid=0 logtestlistenerevents=false formatter=org.apache.tools.ant.taskdefs.optional.junit.XMLJUnitResultFormatter,/home/travis/build/icyphy/ptII/reports/junit/TEST-ptolemy.configs.test.junit.JUnitTclTest.xml crashfile=/home/travis/build/icyphy/ptII/junitvmwatcher1550101268736098315.properties propsfile=/home/travis/build/icyphy/ptII/junit4657205701447322189.properties" />
    <property name="env.MANPATH" value="/home/travis/.nvm/versions/node/v7.10.1/share/man:/home/travis/.kiex/elixirs/elixir-1.4.5/man:/home/travis/.rvm/rubies/ruby-2.4.1/share/man:/usr/local/man:/usr/local/cmake-3.9.2/man:/usr/local/clang-5.0.0/share/man:/usr/local/share/man:/usr/share/man:/home/travis/.rvm/man" />
    <property name="env.COMPOSER_NO_INTERACTION" value="1" />
    <property name="env.JDK_SWITCHER_DEFAULT" value="oraclejdk8" />
    <property name="ant.file" value="/home/travis/build/icyphy/ptII/build.xml" />
    <property name="env.TRAVIS_COMMIT_RANGE" value="74dbabc53265...3c8c214f4c61" />
    <property name="env._system_name" value="Ubuntu" />
    <property name="timeout" value="2400000" />
    <property name="ptII.classpath.optional.property" value="/home/travis/build/icyphy/ptII/lib/bsh-2.0b4.jar:/home/travis/build/icyphy/ptII/lib/ptCal.jar:/home/travis/build/icyphy/ptII/lib/java_cup.jar:/home/travis/build/icyphy/ptII/lib/saxon8.jar:/home/travis/build/icyphy/ptII/lib/saxon8-dom.jar:/home/travis/build/icyphy/ptII/lib/chic.jar:/home/travis/build/icyphy/ptII/lib/ptcolt.jar:/usr/lib/jvm/java-8-oracle/lib/tools.jar:/usr/lib/eclipse/plugins/org.eclipse.jdt.core_3.8.2.dist.jar:/usr/lib/eclipse/plugins/org.eclipse.core.runtime_3.8.0.dist.jar:/usr/lib/eclipse/plugins/org.eclipse.osgi_3.8.1.dist.jar:/usr/lib/eclipse/plugins/org.eclipse.core.resources_3.8.1.dist.jar:/usr/lib/eclipse/plugins/org.eclipse.equinox.common_3.6.100.dist.jar:/usr/lib/eclipse/plugins/org.eclipse.core.jobs_3.5.200.dist.jar:/usr/lib/eclipse/plugins/org.eclipse.core.contenttype_3.4.200.dist.jar:/usr/lib/eclipse/plugins/org.eclipse.equinox.preferences_3.5.0.dist.jar:/usr/lib/eclipse/plugins/org.eclipse.text_3.5.200.dist.jar:/usr/lib/eclipse/plugins/org.eclipse.ui.workbench_3.8.1.dist.jar:/usr/lib/eclipse/plugins/org.eclipse.jface_3.8.0.dist.jar:/usr/lib/eclipse/plugins/org.eclipse.swt_3.8.2.jar:/usr/lib/eclipse/plugins/org.eclipse.jface.text_3.8.1.dist.jar:/usr/lib/eclipse/plugins/org.eclipse.ui.workbench.texteditor_3.8.0.dist.jar:/usr/lib/eclipse/plugins/org.eclipse.ui.editors_3.8.0.dist.jar:/usr/lib/eclipse/plugins/org.eclipse.core.commands_3.6.1.dist.jar:/usr/lib/eclipse/plugins/org.eclipse.equinox.registry_3.5.200.dist.jar:/usr/lib/eclipse/plugins/org.eclipse.ui.console_3.5.100.dist.jar:/usr/lib/eclipse/plugins/org.eclipse.ui.forms_3.5.200.dist.jar:/usr/lib/eclipse/plugins/org.eclipse.ui.ide_3.8.1.dist.jar:/home/travis/build/icyphy/ptII/vendors/oracle/dbxml.jar:/home/travis/build/icyphy/ptII/vendors/oracle/db.jar:/home/travis/build/icyphy/ptII/vendors/misc/itext/iText.jar:/home/travis/build/icyphy/ptII/lib/g4ltl.jar:/home/travis/build/icyphy/ptII/lib/StructuralCoder.jar:/home/travis/build/icyphy/ptII/lib/org-openide-util.jar:/home/travis/build/icyphy/ptII/lib/org-openide-util-lookup.jar:/home/travis/build/icyphy/ptII/lib/org-netbeans-api-visual.jar:/home/travis/build/icyphy/ptII/vendors/jai-1_1_2_01/lib/jai_core.jar:/home/travis/build/icyphy/ptII/vendors/jai-1_1_2_01/lib/jai_codec.jar:/home/travis/build/icyphy/ptII/lib/jcerti.jar:/home/travis/build/icyphy/ptII/lib/smack.jar:/home/travis/build/icyphy/ptII/lib/smackx.jar:/home/travis/build/icyphy/ptII/lib/jetty-all-8.1.5-v20120716.jar:/home/travis/build/icyphy/ptII/lib/javax.servlet-api-3.0.1.jar:/home/travis/build/icyphy/ptII/lib/javax.mail.jar:/home/travis/build/icyphy/ptII/vendors/JMF-2.1.1e/lib/jmf.jar:/home/travis/build/icyphy/ptII/lib/jna-4.0.0-variadic.jar:/home/travis/build/icyphy/ptII/vendors/misc/joystick/Joystick.jar:/home/travis/build/icyphy/ptII/lib/ptjacl.jar:/home/travis/build/icyphy/ptII/lib/jsoup-1.8.2.jar:/home/travis/build/icyphy/ptII/lib/junit-4.8.2.jar:/home/travis/build/icyphy/ptII/lib/JUnitParams-0.4.0.jar:/home/travis/build/icyphy/ptII/ptolemy/actor/lib/excel/jxl.jar:/home/travis/build/icyphy/ptII/lib/jython.jar:/home/travis/build/icyphy/ptII/lib/kieler.jar:/home/travis/build/icyphy/ptII/vendors/opencv/share/OpenCV/java/opencv-341.jar:/home/travis/build/icyphy/ptII/lib/oscP5.jar:/home/travis/build/icyphy/ptII/lib/nrjavaserial-3.11.0.devel.jar:/usr/share/java/j3dcore.jar:/usr/share/java/j3dutils.jar:/usr/share/java/vecmath.jar:/home/travis/build/icyphy/ptII/ptolemy/distributed/jini/jar/jini-core.jar:/home/travis/build/icyphy/ptII/ptolemy/distributed/jini/jar/jini-ext.jar:/home/travis/build/icyphy/ptII/ptolemy/distributed/jini/jar/sun-util.jar:/home/travis/build/icyphy/ptII/lib/protobuf-java-2.4.1.jar:/home/travis/build/icyphy/ptII/lib/org.eclipse.paho.client.mqttv3.jar:/home/travis/build/icyphy/ptII/ptserver/lib/hessian-4.0.7.jar:/home/travis/build/icyphy/ptII/ptserver/lib/wmqtt.jar:/home/travis/build/icyphy/ptII/lib/mapss.jar:/home/travis/build/icyphy/ptII/ptolemy/actor/ptalon/antlr/antlr.jar:/home/travis/build/icyphy/ptII/lib/JRI.jar:/home/travis/build/icyphy/ptII/lib/commons-lang-2.6.jar:/home/travis/build/icyphy/ptII/lib/commons-logging-1.1.1.jar:/home/travis/build/icyphy/ptII/lib/sootclasses.jar:/home/travis/build/icyphy/ptII/ptolemy/actor/lib/database/mysql-connector-java-5.1.6-bin.jar:/home/travis/build/icyphy/ptII/vendors/misc/sphinx4/sphinx4-data-5prealpha.jar:/home/travis/build/icyphy/ptII/vendors/misc/sphinx4/sphinx4-core-5prealpha.jar:/home/travis/build/icyphy/ptII/lib/PDFRenderer.jar:/home/travis/build/icyphy/ptII/lib/svgSalamander.jar:/home/travis/build/icyphy/ptII/lib/rsyntaxtextarea-2.6.0-SNAPSHOT.jar:/home/travis/build/icyphy/ptII/lib/hazelcast-3.8.2.jar:/home/travis/build/icyphy/ptII/lib/jackson-annotations-2.9.0.jar:/home/travis/build/icyphy/ptII/lib/jackson-core-2.9.3.jar:/home/travis/build/icyphy/ptII/lib/jackson-databind-2.9.3.jar:/home/travis/build/icyphy/ptII/lib/netty-buffer-4.1.19.Final.jar:/home/travis/build/icyphy/ptII/lib/netty-codec-4.1.19.Final.jar:/home/travis/build/icyphy/ptII/lib/netty-codec-dns-4.1.19.Final.jar:/home/travis/build/icyphy/ptII/lib/netty-codec-http-4.1.19.Final.jar:/home/travis/build/icyphy/ptII/lib/netty-codec-http2-4.1.19.Final.jar:/home/travis/build/icyphy/ptII/lib/netty-common-4.1.19.Final.jar:/home/travis/build/icyphy/ptII/lib/netty-handler-4.1.19.Final.jar:/home/travis/build/icyphy/ptII/lib/netty-resolver-4.1.19.Final.jar:/home/travis/build/icyphy/ptII/lib/netty-resolver-dns-4.1.19.Final.jar:/home/travis/build/icyphy/ptII/lib/netty-transport-4.1.19.Final.jar:/home/travis/build/icyphy/ptII/lib/vertx-codegen-3.5.1.jar:/home/travis/build/icyphy/ptII/lib/vertx-core-3.5.1.jar:/home/travis/build/icyphy/ptII/lib/vertx-hazelcast-3.5.1.jar:/home/travis/build/icyphy/ptII/lib/vertx-lang-js-3.5.1.jar:/home/travis/build/icyphy/ptII/lib/vertx-service-proxy-3.5.1.jar:/home/travis/build/icyphy/ptII/lib/vertx-web-3.5.1.jar:/home/travis/build/icyphy/ptII/lib/slf4j-api-1.7.13.jar:/home/travis/build/icyphy/ptII/lib/slf4j-simple-1.7.13.jar:/home/travis/build/icyphy/ptII/lib/webcam-capture-0.3.12.jar:/home/travis/build/icyphy/ptII/lib/bridj-0.7.0.jar:/home/travis/build/icyphy/ptII/lib/xbjlib-1.1.0.nrjavaserial.jar" />
    <property name="test.batch" value="**/junit/*.java" />
    <property name="env._" value="/usr/bin/perl" />
    <property name="java.io.tmpdir" value="/tmp" />
    <property name="user.language" value="en" />
    <property name="env.HISTCONTROL" value="ignoredups:ignorespace" />
    <property name="env.GOROOT" value="/home/travis/.gimme/versions/go1.7.4.linux.amd64" />
    <property name="line.separator" value="&#xa;" />
    <property name="target" value="1.8" />
    <property name="env.TRAVIS_BUILD_DIR" value="/home/travis/build/icyphy/ptII" />
    <property name="env.ANT_OPTS" value="-Xmx1024m" />
    <property name="ant.file.type" value="file" />
    <property name="ptolemy.ptII.batchMode" value="true" />
    <property name="env.HISTSIZE" value="1000" />
    <property name="env.MERB_ENV" value="test" />
    <property name="java.vm.info" value="mixed mode" />
    <property name="source" value="1.8" />
    <property name="java.vm.specification.name" value="Java Virtual Machine Specification" />
    <property name="env.TRAVIS_TEST_RESULT" value="0" />
    <property name="jsdoc.command" value="node_modules/@terraswarm/jsdoc/jsdoc.js" />
    <property name="npm.works" value="true" />
    <property name="cobertura.dir" value="/home/travis/build/icyphy/ptII/vendors/cobertura-2.0.3" />
    <property name="env.rvm_path" value="/home/travis/.rvm" />
    <property name="env.GEM_PATH" value="/home/travis/.rvm/gems/ruby-2.4.1:/home/travis/.rvm/gems/ruby-2.4.1@global" />
    <property name="env.LC_CTYPE" value="en_US.UTF-8" />
    <property name="java.awt.printerjob" value="sun.print.PSPrinterJob" />
    <property name="env.TRAVIS_STACK_NAME" value="garnet" />
    <property name="ant.version" value="Apache Ant(TM) version 1.10.1 compiled on February 2 2017" />
    <property name="ptII.reports" value="/home/travis/build/icyphy/ptII/reports" />
    <property name="env.TRAVIS_STACK_TIMESTAMP" value="2017-12-05 19:33:09 UTC" />
    <property name="ant.file.type.ptII" value="file" />
    <property name="env.RBENV_SHELL" value="bash" />
    <property name="os.name" value="Linux" />
    <property name="java.specification.vendor" value="Oracle Corporation" />
    <property name="env.rvm_version" value="1.29.3 (latest)" />
    <property name="env.TERM" value="xterm" />
    <property name="java.vm.name" value="Java HotSpot(TM) 64-Bit Server VM" />
    <property name="env.TRAVIS_BUILD_NUMBER" value="272" />
    <property name="env.CI" value="true" />
    <property name="java.library.path" value="/home/travis/pthla/certi-tools/lib:/usr/lib/jni:/usr/local/share/OpenCV/java/:/usr/share/OpenCV/java::/usr/java/packages/lib/amd64:/usr/lib64:/lib64:/lib:/usr/lib" />
    <property name="env.rvm_prefix" value="/home/travis" />
    <property name="env.PATH" value="/home/travis/pthla/certi-tools/share/scripts:/home/travis/.rvm/gems/ruby-2.4.1/bin:/home/travis/.rvm/gems/ruby-2.4.1@global/bin:/home/travis/.rvm/rubies/ruby-2.4.1/bin:/home/travis/.rvm/bin:/home/travis/.nvm/versions/node/v7.10.1/bin:./node_modules/.bin:/home/travis/build/icyphy/ptII/bin:/home/travis/pthla/certi-tools/bin:/home/travis/bin:/home/travis/.local/bin:/opt/pyenv/shims:/home/travis/.phpenv/shims:/home/travis/perl5/perlbrew/bin:/home/travis/.kiex/elixirs/elixir-1.4.5/bin:/home/travis/.kiex/bin:/home/travis/gopath/bin:/home/travis/.gimme/versions/go1.7.4.linux.amd64/bin:/usr/local/phantomjs/bin:/usr/local/phantomjs:/usr/local/neo4j-3.2.7/bin:/usr/local/maven-3.5.2/bin:/usr/local/cmake-3.9.2/bin:/usr/local/clang-5.0.0/bin:/usr/local/sbin:/usr/local/bin:/usr/sbin:/usr/bin:/sbin:/bin:/home/travis/.phpenv/bin:/opt/pyenv/bin:/home/travis/.yarn/bin" />
    <property name="env.TRAVIS_OS_NAME" value="linux" />
    <property name="ant.java.version" value="1.8" />
    <property name="basedir" value="/home/travis/build/icyphy/ptII" />
    <property name="java.class.version" value="52.0" />
    <property name="env.SHLVL" value="3" />
    <property name="env.LD_LIBRARY_PATH" value="/home/travis/pthla/certi-tools/lib:/usr/lib/jni:/usr/local/share/OpenCV/java/:/usr/share/OpenCV/java:" />
    <property name="env.RACK_ENV" value="test" />
    <property name="ant.home" value="/home/travis/build/icyphy/ptII/ant" />
    <property name="env.NVM_DIR" value="/home/travis/.nvm" />
    <property name="env.PERLBREW_BASHRC_VERSION" value="0.80" />
    <property name="env.CERTI_FOM_PATH" value="/home/travis/pthla/certi-tools/share/federations" />
    <property name="env.TRAVIS_BUILD_ID" value="368486984" />
    <property name="env.PYENV_ROOT" value="/opt/pyenv" />
    <property name="env.TRAVIS_UID" value="2000" />
    <property name="env.rvm_pretty_print_flag" value="auto" />
    <property name="env.NVM_BIN" value="/home/travis/.nvm/versions/node/v7.10.1/bin" />
    <property name="env.TRAVIS_COMMIT" value="3c8c214f4c615de4c4f30b5e5da698c8a223a516" />
    <property name="env._system_arch" value="x86_64" />
    <property name="node.executable" value="node" />
    <property name="sun.boot.library.path" value="/usr/lib/jvm/java-8-oracle/jre/lib/amd64" />
    <property name="sun.management.compiler" value="HotSpot 64-Bit Tiered Compilers" />
    <property name="java.awt.graphicsenv" value="sun.awt.X11GraphicsEnvironment" />
    <property name="env.GOPATH" value="/home/travis/gopath" />
    <property name="ptolemy.ptII.dir" value="/home/travis/build/icyphy/ptII" />
    <property name="env.USER" value="travis" />
    <property name="env.HISTFILESIZE" value="2000" />
    <property name="timeout.longest" value="19000000" />
    <property name="env.TRAVIS_STACK_FEATURES" value="basic cassandra chromium couchdb disabled-ipv6 docker docker-compose elasticsearch firefox go-toolchain google-chrome jdk memcached mongodb mysql neo4j nodejs_interpreter perl_interpreter perlbrew phantomjs postgresql python_interpreter rabbitmq redis riak ruby_interpreter sqlite xserver" />
    <property name="env.TRAVIS_PULL_REQUEST" value="false" />
    <property name="env.PYENV_SHELL" value="bash" />
    <property name="ant.project.name" value="ptII" />
    <property name="java.vm.specification.version" value="1.8" />
    <property name="env.CERTI_VERSION" value="4.0.0" />
    <property name="env.NLSPATH" value="/usr/dt/lib/nls/msg/%L/%N.cat" />
    <property name="env.CERTI_HOST" value="localhost" />
    <property name="awt.toolkit" value="sun.awt.X11.XToolkit" />
    <property name="env.MY_RUBY_HOME" value="/home/travis/.rvm/rubies/ruby-2.4.1" />
    <property name="sun.cpu.isalist" value="" />
    <property name="java.ext.dirs" value="/usr/lib/jvm/java-8-oracle/jre/lib/ext:/usr/java/packages/lib/ext" />
    <property name="os.version" value="4.4.0-101-generic" />
    <property name="user.home" value="/home/travis" />
    <property name="env.MIX_ARCHIVES" value="/home/travis/.kiex/mix/elixir-1.4.5" />
    <property name="java.vm.vendor" value="Oracle Corporation" />
    <property name="env.TRAVIS_TAG" value="nightly" />
    <property name="env.TRAVIS_FILTERED" value="redirect_io" />
    <property name="env.JAVA_HOME" value="/usr/lib/jvm/java-8-oracle" />
    <property name="javadoc.excludepackagenames" value="adm.cvs2svn.*,build.*,config.*,doc.coding.templates.*,jni.test.jni.meaningOfLife.*,jni.test.jni.testDeux.*,jni.test.jni.testTrois.*,org.terraswarm.accessor.accessors.web.node_modules.*,org.terraswarm.accessor.accessors.web.hosts.cordova.demo.*,org.terraswarm.accessor.accessors.web.hosts.cordova.plugins.*,org.terraswarm.accessor.accessors-svn.*,pt-modules.*,ptolemy.apps.agilent.*,ptolemy.apps.anytimecontrol.*,ptolemy.apps.apes.*,ptolemy.apps.charon.*,ptolemy.apps.crazyboard.*,ptolemy.apps.eclipse.*,ptolemy.apps.etherealSting.*,ptolemy.apps.fullscreen.*,ptolemy.apps.giotto.*,ptolemy.apps.ia.*,ptolemy.apps.interfaces.*,ptolemy.apps.jmf.*,ptolemy.apps.kurt.*,ptolemy.apps.kvm.*,ptolemy.apps.lego.*,ptolemy.apps.lejos.*,ptolemy.apps.midp.*,ptolemy.apps.mobileCoding.*,ptolemy.apps.pendulum.*,ptolemy.apps.rijndael.*,ptolemy.apps.robot.*,ptolemy.apps.security.*,ptolemy.apps.sobel.*,ptolemy.apps.soot.*,ptolemy.apps.throttle.*,ptolemy.apps.tini.*,ptolemy.apps.transmission.*,ptolemy.apps.vergil.*,ptolemy.apps.waba.*,ptolemy.apps.websensor.*,ptolemy.apps.webstart.*,ptolemy.apps.xsl.*,ptolemy.apps.zaurus.*,ptolemy.backtrack.eclipse.plugin.*,ptolemy.backtrack.test.*,ptolemy.codegen.c.actor.lib.oldJavaFiles.*,ptolemy.codegen.dsp.lib.*,ptolemy.codegen.kernel.newInterfaces.*,ptolemy.codegen.lib.*,ptolemy.copernicus.kernel.fragment.*,ptolemy.copernicus.shallow.cg.*,ptolemy.domains.giotto.demo.Hierarchy.Hierarchy.*,ptolemy.domains.giotto.demo.Multimode.Multimode.*,ptolemy.domains.giotto.demo.Simple.Simple.*,ptolemy.domains.gr.lib.experimental.*,ptolemy.domains.gro.*,ptolemy.domains.pdf.*,ptolemy.domains.ptinyos.demo.Surge.output.*,ptolemy.moml.test.NoPackageActor.java*,ptolemy.plot.adm.*,ptolemy.plot.servlet.*,reports.*,signed.*,src.*,target.*,vendors.*,ptolemy.copernicus.applet.*,ptolemy.media.viewer.*,ptolemy.cg.adapter.generic.program.procedural.c.mbed*,ptolemy.matlab.*,ptolemy.actor.lib.fmi.fmus.omc*,ptolemy.domains.openmodelica*,ptdb.kernel.bl.save.test.*,ptdb.kernel.bl.load.test.*,ptdb.kernel.bl.search.test.*,ptdb.kernel.bl.migration.test.*,ptdb.kernel.database.test.*,ptdb.test.*,ptdb.gui.test.*,org.ptolemy.scala.*,diva.util.java2d.svg.*,ptolemy.domains.ptinyos.*,ptolemy.actor.lib.fmi.fmipp.*,,org.terraswarm.accessor.accessors.web.node_modules.*,org.terraswarm.accessor.accessors-svn,ptolemy.actor.ptalon.demo.ptinyos.SendAndReceiveCnt.output,ptolemy.actor.ptalon.demo.ptinyos.SenseToLeds.output,ptolemy.domains.ptinyos.demo.CntToLedsAndRfm.output,ptolemy.domains.ptinyos.demo.RfmToLeds.output,ptolemy.domains.ptinyos.demo.SendAndReceiveCnt.output,ptolemy.domains.ptinyos.demo.SenseToLeds.output" />
    <property name="env.PTII" value="/home/travis/build/icyphy/ptII" />
    <property name="env.TRAVIS_COMMIT_MESSAGE" value="Added test.core3.xml." />
    <property name="keystore" value="ptKeystore" />
    <property name="env.XDG_SESSION_ID" value="2" />
    <property name="junit.output.dir" value="/home/travis/build/icyphy/ptII/reports/junit" />
    <property name="npm.return.code" value="0" />
    <property name="user.dir" value="/home/travis/build/icyphy/ptII/ptolemy/configs/test" />
    <property name="env.XFILESEARCHPATH" value="/usr/dt/app-defaults/%L/Dt" />
    <property name="env.TRAVIS_NODE_VERSION" value="7" />
    <property name="env.TRAVIS_EVENT_TYPE" value="push" />
    <property name="env.MAIL" value="/var/mail/travis" />
    <property name="env.PWD" value="/home/travis/build/icyphy/ptII" />
    <property name="env.PERLBREW_ROOT" value="/home/travis/perl5/perlbrew" />
    <property name="timeout.npm" value="45000" />
    <property name="sun.cpu.endian" value="little" />
    <property name="env.PAGER" value="cat" />
    <property name="env.TRAVIS_BUILD_STAGE_NAME" value="" />
    <property name="env.PERLBREW_HOME" value="/home/travis/.perlbrew" />
    <property name="java.vm.version" value="25.151-b12" />
    <property name="env.RAILS_ENV" value="test" />
    <property name="java.class.path" value="/home/travis/.ptolemyII:/home/travis/.ptolemyII/*:/home/travis/build/icyphy/ptII:/home/travis/build/icyphy/ptII/lib/bsh-2.0b4.jar:/home/travis/build/icyphy/ptII/lib/ptCal.jar:/home/travis/build/icyphy/ptII/lib/java_cup.jar:/home/travis/build/icyphy/ptII/lib/saxon8.jar:/home/travis/build/icyphy/ptII/lib/saxon8-dom.jar:/home/travis/build/icyphy/ptII/lib/chic.jar:/home/travis/build/icyphy/ptII/lib/ptcolt.jar:/usr/lib/jvm/java-8-oracle/lib/tools.jar:/usr/lib/eclipse/plugins/org.eclipse.jdt.core_3.8.2.dist.jar:/usr/lib/eclipse/plugins/org.eclipse.core.runtime_3.8.0.dist.jar:/usr/lib/eclipse/plugins/org.eclipse.osgi_3.8.1.dist.jar:/usr/lib/eclipse/plugins/org.eclipse.core.resources_3.8.1.dist.jar:/usr/lib/eclipse/plugins/org.eclipse.equinox.common_3.6.100.dist.jar:/usr/lib/eclipse/plugins/org.eclipse.core.jobs_3.5.200.dist.jar:/usr/lib/eclipse/plugins/org.eclipse.core.contenttype_3.4.200.dist.jar:/usr/lib/eclipse/plugins/org.eclipse.equinox.preferences_3.5.0.dist.jar:/usr/lib/eclipse/plugins/org.eclipse.text_3.5.200.dist.jar:/usr/lib/eclipse/plugins/org.eclipse.ui.workbench_3.8.1.dist.jar:/usr/lib/eclipse/plugins/org.eclipse.jface_3.8.0.dist.jar:/usr/lib/eclipse/plugins/org.eclipse.swt_3.8.2.jar:/usr/lib/eclipse/plugins/org.eclipse.jface.text_3.8.1.dist.jar:/usr/lib/eclipse/plugins/org.eclipse.ui.workbench.texteditor_3.8.0.dist.jar:/usr/lib/eclipse/plugins/org.eclipse.ui.editors_3.8.0.dist.jar:/usr/lib/eclipse/plugins/org.eclipse.core.commands_3.6.1.dist.jar:/usr/lib/eclipse/plugins/org.eclipse.equinox.registry_3.5.200.dist.jar:/usr/lib/eclipse/plugins/org.eclipse.ui.console_3.5.100.dist.jar:/usr/lib/eclipse/plugins/org.eclipse.ui.forms_3.5.200.dist.jar:/usr/lib/eclipse/plugins/org.eclipse.ui.ide_3.8.1.dist.jar:/home/travis/build/icyphy/ptII/vendors/oracle/dbxml.jar:/home/travis/build/icyphy/ptII/vendors/oracle/db.jar:/home/travis/build/icyphy/ptII/vendors/misc/itext/iText.jar:/home/travis/build/icyphy/ptII/lib/g4ltl.jar:/home/travis/build/icyphy/ptII/lib/StructuralCoder.jar:/home/travis/build/icyphy/ptII/lib/org-openide-util.jar:/home/travis/build/icyphy/ptII/lib/org-openide-util-lookup.jar:/home/travis/build/icyphy/ptII/lib/org-netbeans-api-visual.jar:/home/travis/build/icyphy/ptII/vendors/jai-1_1_2_01/lib/jai_core.jar:/home/travis/build/icyphy/ptII/vendors/jai-1_1_2_01/lib/jai_codec.jar:/home/travis/build/icyphy/ptII/lib/jcerti.jar:/home/travis/build/icyphy/ptII/lib/smack.jar:/home/travis/build/icyphy/ptII/lib/smackx.jar:/home/travis/build/icyphy/ptII/lib/jetty-all-8.1.5-v20120716.jar:/home/travis/build/icyphy/ptII/lib/javax.servlet-api-3.0.1.jar:/home/travis/build/icyphy/ptII/lib/javax.mail.jar:/home/travis/build/icyphy/ptII/vendors/JMF-2.1.1e/lib/jmf.jar:/home/travis/build/icyphy/ptII/lib/jna-4.0.0-variadic.jar:/home/travis/build/icyphy/ptII/vendors/misc/joystick/Joystick.jar:/home/travis/build/icyphy/ptII/lib/ptjacl.jar:/home/travis/build/icyphy/ptII/lib/jsoup-1.8.2.jar:/home/travis/build/icyphy/ptII/lib/junit-4.8.2.jar:/home/travis/build/icyphy/ptII/lib/JUnitParams-0.4.0.jar:/home/travis/build/icyphy/ptII/ptolemy/actor/lib/excel/jxl.jar:/home/travis/build/icyphy/ptII/lib/jython.jar:/home/travis/build/icyphy/ptII/lib/kieler.jar:/home/travis/build/icyphy/ptII/vendors/opencv/share/OpenCV/java/opencv-341.jar:/home/travis/build/icyphy/ptII/lib/oscP5.jar:/home/travis/build/icyphy/ptII/lib/nrjavaserial-3.11.0.devel.jar:/usr/share/java/j3dcore.jar:/usr/share/java/j3dutils.jar:/usr/share/java/vecmath.jar:/home/travis/build/icyphy/ptII/ptolemy/distributed/jini/jar/jini-core.jar:/home/travis/build/icyphy/ptII/ptolemy/distributed/jini/jar/jini-ext.jar:/home/travis/build/icyphy/ptII/ptolemy/distributed/jini/jar/sun-util.jar:/home/travis/build/icyphy/ptII/lib/protobuf-java-2.4.1.jar:/home/travis/build/icyphy/ptII/lib/org.eclipse.paho.client.mqttv3.jar:/home/travis/build/icyphy/ptII/ptserver/lib/hessian-4.0.7.jar:/home/travis/build/icyphy/ptII/ptserver/lib/wmqtt.jar:/home/travis/build/icyphy/ptII/lib/mapss.jar:/home/travis/build/icyphy/ptII/ptolemy/actor/ptalon/antlr/antlr.jar:/home/travis/build/icyphy/ptII/lib/JRI.jar:/home/travis/build/icyphy/ptII/lib/commons-lang-2.6.jar:/home/travis/build/icyphy/ptII/lib/commons-logging-1.1.1.jar:/home/travis/build/icyphy/ptII/lib/sootclasses.jar:/home/travis/build/icyphy/ptII/ptolemy/actor/lib/database/mysql-connector-java-5.1.6-bin.jar:/home/travis/build/icyphy/ptII/vendors/misc/sphinx4/sphinx4-data-5prealpha.jar:/home/travis/build/icyphy/ptII/vendors/misc/sphinx4/sphinx4-core-5prealpha.jar:/home/travis/build/icyphy/ptII/lib/PDFRenderer.jar:/home/travis/build/icyphy/ptII/lib/svgSalamander.jar:/home/travis/build/icyphy/ptII/lib/rsyntaxtextarea-2.6.0-SNAPSHOT.jar:/home/travis/build/icyphy/ptII/lib/hazelcast-3.8.2.jar:/home/travis/build/icyphy/ptII/lib/jackson-annotations-2.9.0.jar:/home/travis/build/icyphy/ptII/lib/jackson-core-2.9.3.jar:/home/travis/build/icyphy/ptII/lib/jackson-databind-2.9.3.jar:/home/travis/build/icyphy/ptII/lib/netty-buffer-4.1.19.Final.jar:/home/travis/build/icyphy/ptII/lib/netty-codec-4.1.19.Final.jar:/home/travis/build/icyphy/ptII/lib/netty-codec-dns-4.1.19.Final.jar:/home/travis/build/icyphy/ptII/lib/netty-codec-http-4.1.19.Final.jar:/home/travis/build/icyphy/ptII/lib/netty-codec-http2-4.1.19.Final.jar:/home/travis/build/icyphy/ptII/lib/netty-common-4.1.19.Final.jar:/home/travis/build/icyphy/ptII/lib/netty-handler-4.1.19.Final.jar:/home/travis/build/icyphy/ptII/lib/netty-resolver-4.1.19.Final.jar:/home/travis/build/icyphy/ptII/lib/netty-resolver-dns-4.1.19.Final.jar:/home/travis/build/icyphy/ptII/lib/netty-transport-4.1.19.Final.jar:/home/travis/build/icyphy/ptII/lib/vertx-codegen-3.5.1.jar:/home/travis/build/icyphy/ptII/lib/vertx-core-3.5.1.jar:/home/travis/build/icyphy/ptII/lib/vertx-hazelcast-3.5.1.jar:/home/travis/build/icyphy/ptII/lib/vertx-lang-js-3.5.1.jar:/home/travis/build/icyphy/ptII/lib/vertx-service-proxy-3.5.1.jar:/home/travis/build/icyphy/ptII/lib/vertx-web-3.5.1.jar:/home/travis/build/icyphy/ptII/lib/slf4j-api-1.7.13.jar:/home/travis/build/icyphy/ptII/lib/slf4j-simple-1.7.13.jar:/home/travis/build/icyphy/ptII/lib/webcam-capture-0.3.12.jar:/home/travis/build/icyphy/ptII/lib/bridj-0.7.0.jar:/home/travis/build/icyphy/ptII/lib/xbjlib-1.1.0.nrjavaserial.jar:/home/travis/build/icyphy/ptII/ptolemy/moml/test:/home/travis/build/icyphy/ptII/ant/lib/ant-launcher.jar:/home/travis/build/icyphy/ptII/ant/lib/ant.jar:/home/travis/build/icyphy/ptII/ant/lib/ant-junit.jar:/home/travis/build/icyphy/ptII/ant/lib/ant-junit4.jar" />
    <property name="ant.library.dir" value="/home/travis/build/icyphy/ptII/ant/lib" />
    <property name="os.arch" value="amd64" />
    <property name="env.TRAVIS_LANGUAGE" value="node_js" />
    <property name="env.CONTINUOUS_INTEGRATION" value="true" />
    <property name="env.TRAVIS_STACK_LANGUAGES" value="__garnet__ c c++ clojure cplusplus cpp default go groovy java node_js php pure_java python ruby scala" />
    <property name="test.name" value="ptolemy.actor.lib.test.junit.JUnitTclTest" />
    <property name="sun.java.launcher" value="SUN_STANDARD" />
    <property name="env.PYTHON_CONFIGURE_OPTS" value="--enable-unicode=ucs4 --with-wide-unicode --enable-shared --enable-ipv6 --enable-loadable-sqlite-extensions --with-computed-gotos" />
    <property name="ant.core.lib" value="/home/travis/build/icyphy/ptII/ant/lib/ant.jar" />
    <property name="java.vm.specification.vendor" value="Oracle Corporation" />
    <property name="env.BCVTB_HOME" value="/home/travis/build/icyphy/ptII/lbnl" />
    <property name="file.separator" value="/" />
    <property name="java.runtime.version" value="1.8.0_151-b12" />
    <property name="spotbugs.home" value="/home/travis/build/icyphy/ptII/vendors/spotbugs-3.1.1" />
    <property name="sun.boot.class.path" value="/usr/lib/jvm/java-8-oracle/jre/lib/resources.jar:/usr/lib/jvm/java-8-oracle/jre/lib/rt.jar:/usr/lib/jvm/java-8-oracle/jre/lib/sunrsasign.jar:/usr/lib/jvm/java-8-oracle/jre/lib/jsse.jar:/usr/lib/jvm/java-8-oracle/jre/lib/jce.jar:/usr/lib/jvm/java-8-oracle/jre/lib/charsets.jar:/usr/lib/jvm/java-8-oracle/jre/lib/jfr.jar:/usr/lib/jvm/java-8-oracle/jre/classes" />
    <property name="env.HAS_JOSH_K_SEAL_OF_APPROVAL" value="true" />
    <property name="env.TRAVIS_OSX_IMAGE" value="" />
    <property name="env.XDG_RUNTIME_DIR" value="/run/user/2000" />
    <property name="env.TRAVIS_BRANCH" value="master" />
    <property name="env.TRAVIS_JOB_ID" value="368486989" />
    <property name="user.country" value="US" />
    <property name="env.CERTI_HOME_TRAVIS" value="/home/travis/pthla/certi-tools" />
    <property name="env.SHELL" value="/bin/bash" />
    <property name="java.maxmemory.large" value="8000m" />
    <property name="model" value="" />
    <property name="env.CASHER_DIR" value="/home/travis/.casher" />
    <property name="env.NVM_CD_FLAGS" value="" />
    <property name="jshint.executable" value="/home/travis/node_modules/jshint/bin/jshint" />
    <property name="java.vendor" value="Oracle Corporation" />
    <property name="env.JRUBY_OPTS" value=" --client -J-XX:+TieredCompilation -J-XX:TieredStopAtLevel=1 -J-Xss2m -Xcompile.invokedynamic=false" />
    <property name="env.TRAVIS_PRE_CHEF_BOOTSTRAP_TIME" value="2017-12-05T19:32:55" />
    <property name="env.ELIXIR_VERSION" value="1.4.5" />
    <property name="env.TRAVIS_STACK_JOB_BOARD_REGISTER" value="/.job-board-register.yml" />
    <property name="java.specification.version" value="1.8" />
    <property name="env.TRAVIS" value="true" />
    <property name="env.IRBRC" value="/home/travis/.rvm/rubies/ruby-2.4.1/.irbrc" />
    <property name="sun.arch.data.model" value="64" />
  </properties>
  <testcase classname="ptolemy.util.test.junit.TclTests" name="[0] /home/travis/build/icyphy/ptII/ptolemy/configs/test/allConfigs.tcl (RunTclFile)" time="45.992">
    <error message="Evaluating the Tcl file &quot;/home/travis/build/icyphy/ptII/ptolemy/configs/test/allConfigs.tcl&quot;resulted in a TclException being thrown.&#xa;The Tcl errorInfo variable could not be obtained.&#xa;java.lang.Exception: Evaluating the Tcl file &quot;/home/travis/build/icyphy/ptII/ptolemy/configs/test/allConfigs.tcl&quot;resulted in a TclException being thrown.&#xa;The Tcl errorInfo global variable has the value:&#xa;com.microstar.xml.XmlException: XML element &quot;entity&quot; triggers exception. in file:/home/travis/build/icyphy/ptII/ptolemy/configs/viptos/configuration.xml at line 62 and column 73&#xa;Caused by:&#xa; ptolemy.kernel.util.IllegalActionException: Cannot find class: ptolemy.domains.ptinyos.kernel.NCCompositeActor. In Ptolemy, classes are typically Java .class files. Entities like actors may instead be defined within a .xml file.  In any case, the class was not found. If the class uses a third party package, then the class would be present only if the third party package was found at compile time.  It may be necessary to upgrade Java or install the third party package, reconfigure and recompile.&#xa;Because:&#xa;-- /home/travis/build/icyphy/ptII/ptolemy/configs/viptos/ptolemy/domains/ptinyos/kernel/NCCompositeActor.xml (No such file or directory)&#xa;-- XML file not found relative to classpath.&#xa;-- /home/travis/build/icyphy/ptII/ptolemy/configs/test/ptolemy/domains/ptinyos/kernel/NCCompositeActor.xml&#xa;/home/travis/build/icyphy/ptII/ptolemy/configs/test/ptolemy/domains/ptinyos/kernel/NCCompositeActor.xml (No such file or directory)&#xa; in file:/home/travis/build/icyphy/ptII/ptolemy/configs/viptos/configuration.xml at line 62 and column 73&#xa;    while executing&#xa;&quot;$parser {parse java.net.URL java.net.URL} $URL $URL&quot;&#xa;    invoked from within&#xa;&quot;set object [$parser {parse java.net.URL java.net.URL} $URL $URL]&quot;&#xa;    (&quot;foreach&quot; body line 68)&#xa;    invoked from within&#xa;&quot;foreach i $configs {&#xa;&#xa;    &#xa;    if {[regexp &quot;jxta/&quot; $i] == 1} {&#xa;&#x9;puts &quot;Skipping $i, running vergil -jxta brings up a window&quot;&#xa;&#x9;continue&#xa;    }&#xa;&#xa;    puts ...&quot;&#xa;    (file &quot;/home/travis/build/icyphy/ptII/ptolemy/configs/test/allConfigs.tcl&quot; line 157)" type="java.lang.Exception">java.lang.Exception: Evaluating the Tcl file &quot;/home/travis/build/icyphy/ptII/ptolemy/configs/test/allConfigs.tcl&quot;resulted in a TclException being thrown.
The Tcl errorInfo variable could not be obtained.
java.lang.Exception: Evaluating the Tcl file &quot;/home/travis/build/icyphy/ptII/ptolemy/configs/test/allConfigs.tcl&quot;resulted in a TclException being thrown.
The Tcl errorInfo global variable has the value:
com.microstar.xml.XmlException: XML element &quot;entity&quot; triggers exception. in file:/home/travis/build/icyphy/ptII/ptolemy/configs/viptos/configuration.xml at line 62 and column 73
Caused by:
 ptolemy.kernel.util.IllegalActionException: Cannot find class: ptolemy.domains.ptinyos.kernel.NCCompositeActor. In Ptolemy, classes are typically Java .class files. Entities like actors may instead be defined within a .xml file.  In any case, the class was not found. If the class uses a third party package, then the class would be present only if the third party package was found at compile time.  It may be necessary to upgrade Java or install the third party package, reconfigure and recompile.
Because:
-- /home/travis/build/icyphy/ptII/ptolemy/configs/viptos/ptolemy/domains/ptinyos/kernel/NCCompositeActor.xml (No such file or directory)
-- XML file not found relative to classpath.
-- /home/travis/build/icyphy/ptII/ptolemy/configs/test/ptolemy/domains/ptinyos/kernel/NCCompositeActor.xml
/home/travis/build/icyphy/ptII/ptolemy/configs/test/ptolemy/domains/ptinyos/kernel/NCCompositeActor.xml (No such file or directory)
 in file:/home/travis/build/icyphy/ptII/ptolemy/configs/viptos/configuration.xml at line 62 and column 73
    while executing
&quot;$parser {parse java.net.URL java.net.URL} $URL $URL&quot;
    invoked from within
&quot;set object [$parser {parse java.net.URL java.net.URL} $URL $URL]&quot;
    (&quot;foreach&quot; body line 68)
    invoked from within
&quot;foreach i $configs {

    
    if {[regexp &quot;jxta/&quot; $i] == 1} {
	puts &quot;Skipping $i, running vergil -jxta brings up a window&quot;
	continue
    }

    puts ...&quot;
    (file &quot;/home/travis/build/icyphy/ptII/ptolemy/configs/test/allConfigs.tcl&quot; line 157)
	at ptolemy.util.test.junit.TclTests.RunTclFile(TclTests.java:260)
	at junitparams.internal.InvokeParameterisedMethod.evaluate(InvokeParameterisedMethod.java:102)
	at junitparams.internal.ParameterisedTestMethodRunner.runMethodInvoker(ParameterisedTestMethodRunner.java:47)
	at junitparams.internal.ParameterisedTestMethodRunner.runTestMethod(ParameterisedTestMethodRunner.java:41)
	at junitparams.internal.ParameterisedTestClassRunner.runParameterisedTest(ParameterisedTestClassRunner.java:143)
	at junitparams.JUnitParamsRunner.runChild(JUnitParamsRunner.java:237)
	at junitparams.JUnitParamsRunner.runChild(JUnitParamsRunner.java:215)
Caused by: java.lang.reflect.InvocationTargetException
	at ptolemy.util.test.junit.TclTests.RunTclFile(TclTests.java:233)
Caused by: tcl.lang.ReflectException
	at tcl.lang.JavaInvoke.call(JavaInvoke.java:257)
	at tcl.lang.JavaInvoke.callMethod(JavaInvoke.java:116)
	at tcl.lang.ReflectObject.cmdProc(ReflectObject.java:727)
	at tcl.lang.Parser.evalObjv(Parser.java:740)
	at tcl.lang.Parser.eval2(Parser.java:1138)
	at tcl.lang.Parser.evalTokens(Parser.java:930)
	at tcl.lang.Parser.eval2(Parser.java:1125)
	at tcl.lang.Interp.eval(Interp.java:1782)
	at tcl.lang.Interp.eval(Interp.java:1841)
	at tcl.lang.ForeachCmd.cmdProc(ForeachCmd.java:116)
	at tcl.lang.AutoloadStub.cmdProc(Extension.java:144)
	at tcl.lang.Parser.evalObjv(Parser.java:740)
	at tcl.lang.Parser.eval2(Parser.java:1138)
	at tcl.lang.Interp.eval(Interp.java:1782)
	at tcl.lang.Interp.evalFile(Interp.java:1880)
</error>
  </testcase>
  <testcase classname="ptolemy.util.test.junit.TclTests" name="[1] /home/travis/build/icyphy/ptII/ptolemy/configs/test/allDemos.tcl (RunTclFile)" time="0.001" />
  <testcase classname="ptolemy.util.test.junit.TclTests" name="[2] /home/travis/build/icyphy/ptII/ptolemy/configs/test/cloneTest.tcl (RunTclFile)" time="0.016" />
  <testcase classname="ptolemy.util.test.junit.TclTests" name="[3] /home/travis/build/icyphy/ptII/ptolemy/configs/test/configTest.tcl (RunTclFile)" time="14.483" />
  <testcase classname="ptolemy.util.test.junit.TclTests" name="[4] /home/travis/build/icyphy/ptII/ptolemy/configs/test/missingDemos.tcl (RunTclFile)" time="170.82">
    <failure message="Number of failed tests is has increased. expected:&lt;0&gt; but was:&lt;2&gt;" type="junit.framework.AssertionFailedError">junit.framework.AssertionFailedError: Number of failed tests is has increased. expected:&lt;0&gt; but was:&lt;2&gt;
	at ptolemy.util.test.junit.TclTests.RunTclFile(TclTests.java:286)
	at junitparams.internal.InvokeParameterisedMethod.evaluate(InvokeParameterisedMethod.java:102)
	at junitparams.internal.ParameterisedTestMethodRunner.runMethodInvoker(ParameterisedTestMethodRunner.java:47)
	at junitparams.internal.ParameterisedTestMethodRunner.runTestMethod(ParameterisedTestMethodRunner.java:41)
	at junitparams.internal.ParameterisedTestClassRunner.runParameterisedTest(ParameterisedTestClassRunner.java:143)
	at junitparams.JUnitParamsRunner.runChild(JUnitParamsRunner.java:237)
	at junitparams.JUnitParamsRunner.runChild(JUnitParamsRunner.java:215)
</failure>
  </testcase>
  <testcase classname="ptolemy.util.test.junit.TclTests" name="[5] /home/travis/build/icyphy/ptII/ptolemy/configs/test/validDemos.tcl (RunTclFile)" time="26.444">
    <failure message="Number of failed tests is has increased. expected:&lt;2&gt; but was:&lt;39&gt;" type="junit.framework.AssertionFailedError">junit.framework.AssertionFailedError: Number of failed tests is has increased. expected:&lt;2&gt; but was:&lt;39&gt;
	at ptolemy.util.test.junit.TclTests.RunTclFile(TclTests.java:286)
	at junitparams.internal.InvokeParameterisedMethod.evaluate(InvokeParameterisedMethod.java:102)
	at junitparams.internal.ParameterisedTestMethodRunner.runMethodInvoker(ParameterisedTestMethodRunner.java:47)
	at junitparams.internal.ParameterisedTestMethodRunner.runTestMethod(ParameterisedTestMethodRunner.java:41)
	at junitparams.internal.ParameterisedTestClassRunner.runParameterisedTest(ParameterisedTestClassRunner.java:143)
	at junitparams.JUnitParamsRunner.runChild(JUnitParamsRunner.java:237)
	at junitparams.JUnitParamsRunner.runChild(JUnitParamsRunner.java:215)
</failure>
  </testcase>
  <testcase classname="ptolemy.util.test.junit.AutoKnownFailedTests" name="[0] ThereAreNoKnowFailedTests (RunModel)" time="0.003" />
  <testcase classname="ptolemy.util.test.junit.AutoNameArchTests" name="[0] ThereAreNoAutoTests (RunModel)" time="0.006" />
  <testcase classname="ptolemy.util.test.junit.AutoTests" name="[0] ThereAreNoAutoTests (RunModel)" time="0.015" />
  <system-out><![CDATA[/home/travis/build/icyphy/ptII/ptolemy/configs/test/allConfigs.tcl
testDefs.tcl: setting time out to 9000 seconds at Thu Apr 19 06:08:08 UTC 2018
 Force everything to get expanded ptolemy/configs/bcvtb/configuration.xml
    (Skipping certain optional packages)
-------> Before clone
-------> after clone

Warning: In 'ptolemy.actor.lib.io.FileReader'
  The getName() method returns
   'fileOrURL' but the  field is named
   'fileOrURLPort'
   This is technically a violation  of the coding standard,
   but permissible because the name  ends in 'Port'
---- Second call to Configuration.check
-------> Before clone
-------> after clone
 Force everything to get expanded ptolemy/configs/ptiny/configuration.xml
    (Skipping certain optional packages)
-------> Before clone
-------> after clone

Warning: In 'ptolemy.actor.lib.io.FileReader'
  The getName() method returns
   'fileOrURL' but the  field is named
   'fileOrURLPort'
   This is technically a violation  of the coding standard,
   but permissible because the name  ends in 'Port'
---- Second call to Configuration.check
-------> Before clone
-------> after clone
 Force everything to get expanded ptolemy/configs/space/configuration.xml
    (Skipping certain optional packages)
-------> Before clone
-------> after clone
---- Second call to Configuration.check
Warning: space/configuration.xml has no 'actor library.Directors'? (this is ok for dsp, viptos)
-------> Before clone
-------> after clone
 Force everything to get expanded ptolemy/configs/dsp/configuration.xml
    (Skipping certain optional packages)
-------> Before clone
-------> after clone

Warning: In 'ptolemy.actor.lib.io.FileReader'
  The getName() method returns
   'fileOrURL' but the  field is named
   'fileOrURLPort'
   This is technically a violation  of the coding standard,
   but permissible because the name  ends in 'Port'
---- Second call to Configuration.check
Warning: dsp/configuration.xml has no 'actor library.Directors'? (this is ok for dsp, viptos)
-------> Before clone
-------> after clone
 Force everything to get expanded ptolemy/configs/viptos/configuration.xml
    (Skipping certain optional packages)
/home/travis/build/icyphy/ptII/ptolemy/configs/test/allDemos.tcl
Skipping allDemos-1.0, use cd /home/travis/build/icyphy/ptII/ptolemy/configs/test/../../..; ant test.single -Dtest.name=ptolemy.vergil.basic.export.test.junit.ExportModelJUnitTest
/home/travis/build/icyphy/ptII/ptolemy/configs/test/cloneTest.tcl
Simple standalone clone test
The constraints of the master:
  1. (TypeConstant, arrayType(double,2)) <= (variable .Top.Map.origin: arrayType(double))
  2. (TypeConstant, double) <= (variable .Top.Map.resolution: double)
  3. (TypeConstant, {grid = arrayType(int,2), height = int, width = int}) <= (variable .Top.Map.map: {grid = arrayType(int), height = int, width = int})
  4. (port .Top.Map.map: unknown) <= (variable .Top.Map.map: {grid = arrayType(int), height = int, width = int})
  5. (variable .Top.Map.map: {grid = arrayType(int), height = int, width = int}) <= (port .Top.Map.map: unknown)
The constraints of the clone:
  1. (TypeConstant, arrayType(double,2)) <= (variable .Top.Map.origin: arrayType(double))
  2. (TypeConstant, double) <= (variable .Top.Map.resolution: double)
  3. (TypeConstant, {grid = arrayType(int,2), height = int, width = int}) <= (variable .Top.Map.map: {grid = arrayType(int), height = int, width = int})
  4. (port .Top.Map.map: unknown) <= (variable .Top.Map.map: {grid = arrayType(int), height = int, width = int})
  5. (variable .Top.Map.map: {grid = arrayType(int), height = int, width = int}) <= (port .Top.Map.map: unknown)
Congrats, the constraints are the same.
/home/travis/build/icyphy/ptII/ptolemy/configs/test/configTest.tcl
Checking file:/home/travis/build/icyphy/ptII/ptolemy/configs/ptdb/configuration.xml
Expanding the configuration
Done expanding

<?xml version="1.0" standalone="no"?>
<!DOCTYPE entity PUBLIC "-//UC Berkeley//DTD MoML 1//EN"
    "http://ptolemy.eecs.berkeley.edu/xml/dtd/MoML_1.dtd">
<entity name="configuration" class="ptolemy.actor.gui.Configuration">
    <property name="_createdBy" class="ptolemy.kernel.attributes.VersionAttribute" value="11.0.devel">
    </property>
    <property name="_classesToRemove" class="ptolemy.data.expr.Parameter" value="{&quot;ptolemy.codegen.kernel.StaticSchedulingCodeGenerator&quot;,&quot;ptolemy.codegen.c.kernel.CCodeGenerator&quot;}">
        <doc>An array of Strings, where each element names a class&#10;      to removed by the MoMLFilter.</doc>
    </property>
    <doc>Configuration for ptdb.</doc>
    <property name="_actorInteractionAddon" class="ptolemy.data.expr.StringParameter" value="ptdb.gui.DBReferenceActorInteractionAddon">
    </property>
    <property name="_about" class="ptolemy.data.expr.FileParameter" value="$CLASSPATH/ptolemy/configs/ptiny/intro.htm">
    </property>
    <property name="_help" class="ptolemy.data.expr.FileParameter" value="$CLASSPATH/ptolemy/configs/doc/docsPtiny.htm">
    </property>
    <property name="tableauFactory" class="ptolemy.actor.gui.TableauFactory">
        <property name="factoryModal" class="ptolemy.actor.gui.PtolemyTableauFactory">
            <property name="FSM Editor" class="ptolemy.vergil.modal.FSMGraphTableau$Factory">
                <property name="_library" class="ptolemy.moml.LibraryAttribute">
                    <configure>
    <entity name="StateLibrary" class="ptolemy.kernel.CompositeEntity"><input source="ptolemy/configs/basicUtilities.xml"></input><entity name="State" class="ptolemy.domains.modal.kernel.State"><property name="_centerName" class="ptolemy.kernel.util.Attribute"></property></entity></entity>
  </configure>
                </property>
            </property>
            <property name="Run Window" class="ptolemy.actor.gui.RunTableau$TopFactory">
            </property>
            <property name="Tree View" class="ptolemy.vergil.tree.TreeTableau$Factory">
            </property>
            <property name="XML view" class="ptolemy.actor.gui.TextEditorTableau$Factory">
                <property name="syntaxStyle" class="ptolemy.kernel.util.StringAttribute" value="text/xml">
                </property>
            </property>
        </property>
        <property name="factory2" class="ptolemy.actor.gui.PtolemyTableauFactory">
            <property name="Graph Editor" class="ptdb.gui.ActorGraphDBTableau$Factory">
                <property name="gtlibrary" class="ptolemy.moml.LibraryAttribute">
                    <configure>
		        <entity name="gtLibrary" class="ptolemy.kernel.CompositeEntity"><input source="ptolemy/configs/ptdb/searchFrameLibrary.xml"></input></entity>
		      </configure>
                </property>
            </property>
            <property name="Run Window" class="ptolemy.actor.gui.RunTableau$Factory">
            </property>
            <property name="JVM Properties" class="ptolemy.actor.gui.JVMTableau$Factory">
            </property>
        </property>
        <property name="Doc Viewer" class="ptolemy.vergil.actor.DocTableau$Factory">
            <property name="DocML view" class="ptolemy.actor.gui.TextEditorTableau$Factory">
                <property name="syntaxStyle" class="ptolemy.kernel.util.StringAttribute" value="text/xml">
                </property>
            </property>
        </property>
        <property name="Image viewer" class="ptolemy.actor.lib.image.ImageTableau$Factory">
        </property>
        <property name="HTML Viewer" class="ptolemy.actor.gui.HTMLViewerTableau$Factory">
            <property name="Source" class="ptolemy.actor.gui.TextEditorTableau$Factory">
                <property name="syntaxStyle" class="ptolemy.kernel.util.StringAttribute" value="text/html">
                </property>
            </property>
        </property>
        <property name="Web Browser" class="ptolemy.actor.gui.BrowserTableau$Factory">
        </property>
        <property name="Plotter" class="ptolemy.actor.gui.PlotTableau$Factory">
            <property name="PlotML view" class="ptolemy.actor.gui.TextEditorTableau$Factory">
                <property name="syntaxStyle" class="ptolemy.kernel.util.StringAttribute" value="text/xml">
                </property>
            </property>
        </property>
        <property name="Matrix viewer" class="ptolemy.actor.gui.MatrixTokenTableau$Factory">
        </property>
        <property name="Token viewer" class="ptolemy.actor.gui.TokenTableau$Factory">
        </property>
        <property name="Expression Evaluator" class="ptolemy.actor.gui.ExpressionShellTableau$Factory">
        </property>
        <property name="Text Editor" class="ptolemy.actor.gui.TextEditorTableau$Factory">
        </property>
    </property>
    <entity name="directory" class="ptolemy.actor.gui.ModelDirectory">
    </entity>
    <entity name="_stateRefinements" class="ptolemy.kernel.CompositeEntity">
        <entity name="Default Refinement" class="ptolemy.domains.modal.modal.Refinement">
            <property name="SDF Director" class="ptolemy.domains.sdf.kernel.SDFDirector">
                <property name="iterations" class="ptolemy.data.expr.Parameter" value="0">
                </property>
                <property name="_location" class="ptolemy.kernel.util.Location" value="65.0, 35.0">
                </property>
            </property>
        </entity>
        <entity name="State Machine Refinement" class="ptolemy.domains.modal.modal.ModalRefinement">
            <property name="_tableauFactory" class="ptolemy.vergil.modal.modal.ModalTableauFactory">
            </property>
            <entity name="_Controller" class="ptolemy.domains.modal.modal.ModalController">
                <property name="_library" class="ptolemy.moml.LibraryAttribute">
                    <configure>
            <entity name="state library" class="ptolemy.kernel.CompositeEntity">
              <input source="ptolemy/configs/basicUtilities.xml"></input>
              <entity name="state" class="ptolemy.domains.modal.kernel.State">
                <property name="_controllerFactory" class="ptolemy.vergil.modal.modal.HierarchicalStateControllerFactory"></property>
              </entity>
            </entity>
          </configure>
                </property>
            </entity>
        </entity>
    </entity>
    <entity name="_transitionRefinements" class="ptolemy.kernel.CompositeEntity">
        <entity name="Default Refinement" class="ptolemy.domains.modal.modal.Refinement">
            <property name="SDF Director" class="ptolemy.domains.sdf.kernel.SDFDirector">
                <property name="iterations" class="ptolemy.data.expr.Parameter" value="0">
                </property>
                <property name="_location" class="ptolemy.kernel.util.Location" value="65.0, 35.0">
                </property>
            </property>
        </entity>
    </entity>
    <entity name="effigyFactory" class="ptolemy.actor.gui.EffigyFactory">
        <entity name="Graph Editor" class="ptolemy.actor.gui.PtolemyEffigy$Factory">
            <entity name="blank" class="ptolemy.actor.TypedCompositeActor">
            </entity>
        </entity>
        <entity name="Icon Editor" class="ptolemy.actor.gui.PtolemyEffigy$Factory">
            <property name="blank" class="ptolemy.vergil.icon.EditorIcon">
            </property>
        </entity>
        <entity name="FSM Editor" class="ptolemy.actor.gui.PtolemyEffigy$Factory">
            <entity name="blank" class="ptolemy.domains.modal.kernel.FSMActor">
                <property name="_library" class="ptolemy.moml.LibraryAttribute">
                    <configure>
    <entity name="StateLibrary" class="ptolemy.kernel.CompositeEntity"><input source="ptolemy/configs/basicUtilities.xml"></input><entity name="State" class="ptolemy.domains.modal.kernel.State"><property name="_centerName" class="ptolemy.kernel.util.Attribute"></property></entity></entity>
  </configure>
                </property>
                <property name="annotation" class="ptolemy.kernel.util.Attribute">
                    <property name="_hideName" class="ptolemy.kernel.util.SingletonAttribute">
                    </property>
                    <property name="_iconDescription" class="ptolemy.kernel.util.SingletonConfigurableAttribute">
                        <configure><svg><text x="20" y="20" style="font-size:14; font-family:SansSerif; fill:blue">Create a state machine here.  Create transitions by holding 
by holding the (Mac: command key, Windows: control key)
and dragging from  one state to another.
Right click to configure the properties
of this model, including setting the final state(s).
Then delete this annotation.</text>
    </svg></configure>
                    </property>
                    <property name="_location" class="ptolemy.kernel.util.Location" value="120.0, 5.0">
                    </property>
                    <property name="_controllerFactory" class="ptolemy.vergil.basic.NodeControllerFactory">
                    </property>
                    <property name="_editorFactory" class="ptolemy.vergil.toolbox.AnnotationEditorFactory">
                    </property>
                </property>
            </entity>
        </entity>
        <entity name="Modal Model" class="ptolemy.actor.gui.PtolemyEffigy$Factory">
            <entity name="blank" class="ptolemy.domains.modal.modal.ModalModel">
                <property name="_tableauFactory" class="ptolemy.vergil.modal.modal.ModalTableauFactory">
                </property>
                <entity name="_Controller" class="ptolemy.domains.modal.modal.ModalController">
                    <property name="annotation" class="ptolemy.kernel.util.Attribute">
                        <property name="_hideName" class="ptolemy.kernel.util.SingletonAttribute">
                        </property>
                        <property name="_iconDescription" class="ptolemy.kernel.util.SingletonConfigurableAttribute">
                            <configure><svg><text x="20" y="20" style="font-size:14; font-family:SansSerif; fill:blue">Create a state machine here (and ports, if needed) and
create refinements for the states.  Create transitions
by holding the (Mac: command key, Windows: control key)
and dragging from one state to another.  
Right click to configure the properties 
of this model, including setting the final state(s).
Then delete this annotation.</text>
    </svg></configure>
                        </property>
                        <property name="_location" class="ptolemy.kernel.util.Location" value="120.0, 5.0">
                        </property>
                        <property name="_controllerFactory" class="ptolemy.vergil.basic.NodeControllerFactory">
                        </property>
                        <property name="_editorFactory" class="ptolemy.vergil.toolbox.AnnotationEditorFactory">
                        </property>
                    </property>
                    <property name="_library" class="ptolemy.moml.LibraryAttribute">
                        <configure>
      <entity name="state library" class="ptolemy.kernel.CompositeEntity"><input source="ptolemy/configs/basicUtilities.xml"></input><entity name="state" class="ptolemy.domains.modal.kernel.State"><property name="_centerName" class="ptolemy.kernel.util.Attribute"></property><property name="_controllerFactory" class="ptolemy.vergil.modal.modal.HierarchicalStateControllerFactory"></property></entity></entity>
    </configure>
                    </property>
                </entity>
            </entity>
        </entity>
        <entity name="Image viewer" class="ptolemy.actor.gui.ImageTokenEffigy$Factory">
        </entity>
        <entity name="HTML Viewer" class="ptolemy.actor.gui.HTMLEffigyFactory">
        </entity>
        <entity name="Web Browser" class="ptolemy.actor.gui.BrowserEffigy$Factory">
        </entity>
        <entity name="DocViewer" class="ptolemy.vergil.actor.DocEffigy$Factory">
        </entity>
        <entity name="Plotter" class="ptolemy.actor.gui.PlotEffigy$Factory">
        </entity>
        <entity name="Token viewer" class="ptolemy.actor.gui.TokenEffigy$Factory">
        </entity>
        <entity name="Text Editor" class="ptolemy.actor.gui.TextEffigy$Factory">
        </entity>
        <entity name="Expression Evaluator" class="ptolemy.actor.gui.ExpressionShellEffigy$ShellFactory">
        </entity>
    </entity>
    <entity name="actor library" class="ptolemy.kernel.CompositeEntity">
        <property name="_libraryMarker" class="ptolemy.kernel.util.SingletonAttribute">
        </property>
        <entity name="Utilities" class="ptolemy.moml.EntityLibrary">
            <configure>
                <group>
                    <property name="DocViewerAttribute" class="ptolemy.kernel.util.SingletonAttribute">
                        <property name="DocAttribute" class="ptolemy.vergil.basic.DocAttribute">
                            <property name="description" class="ptolemy.kernel.util.StringAttribute" value="To edit the documentation that appears&#10;when the user double clicks on this icon,&#10;right click on the _background_ of the model and select&#10;Documentation-&gt;Customize Documentation.&#10;The description you are currently editing&#10;will not appear when the user double clicks on the Documentation icon.">
                            </property>
                        </property>
                        <property name="viewer" class="ptolemy.vergil.basic.DocViewerFactory">
                        </property>
                        <property name="_hideName" class="ptolemy.kernel.util.SingletonAttribute">
                        </property>
                        <property name="_iconDescription" class="ptolemy.kernel.util.SingletonConfigurableAttribute">
                            <configure>
      <svg>
        <rect x="-50" y="-20" width="100" height="20" style="fill:yellow"></rect>
        <text x="-40" y="-5" style="font-size:12; font-family:SansSerif; fill:black">Documentation</text>
      </svg>
    </configure>
                        </property>
                    </property>
                    <property name="LocalPreferences" class="ptolemy.actor.gui.PtolemyPreferences">
                    </property>
                    <property name="RepaintController" class="ptolemy.actor.gui.ModelRepaintController">
                    </property>
                    <class name="CompositeClassDefinition" extends="ptolemy.actor.TypedCompositeActor">
                    </class>
                    <entity name="CompositeActor" class="ptolemy.actor.TypedCompositeActor">
                    </entity>
                    <entity name="ModalModel" class="ptolemy.domains.modal.modal.ModalModel">
                        <property name="_tableauFactory" class="ptolemy.vergil.modal.modal.ModalTableauFactory">
                        </property>
                        <entity name="_Controller" class="ptolemy.domains.modal.modal.ModalController">
                            <property name="annotation" class="ptolemy.kernel.util.Attribute">
                                <property name="_hideName" class="ptolemy.kernel.util.SingletonAttribute">
                                </property>
                                <property name="_iconDescription" class="ptolemy.kernel.util.SingletonConfigurableAttribute">
                                    <configure><svg><text x="20" y="20" style="font-size:14; font-family:SansSerif; fill:blue">Create a state machine here (and ports, if needed) and
create refinements for the states.  Create transitions
by holding the (Mac: command key, Windows: control key)
and dragging from one state to another.  
Right click to configure the properties 
of this model, including setting the final state(s).
Then delete this annotation.</text>
    </svg></configure>
                                </property>
                                <property name="_location" class="ptolemy.kernel.util.Location" value="120.0, 5.0">
                                </property>
                                <property name="_controllerFactory" class="ptolemy.vergil.basic.NodeControllerFactory">
                                </property>
                                <property name="_editorFactory" class="ptolemy.vergil.toolbox.AnnotationEditorFactory">
                                </property>
                            </property>
                            <property name="_library" class="ptolemy.moml.LibraryAttribute">
                                <configure>
      <entity name="state library" class="ptolemy.kernel.CompositeEntity"><input source="ptolemy/configs/basicUtilities.xml"></input><entity name="state" class="ptolemy.domains.modal.kernel.State"><property name="_centerName" class="ptolemy.kernel.util.Attribute"></property><property name="_controllerFactory" class="ptolemy.vergil.modal.modal.HierarchicalStateControllerFactory"></property></entity></entity>
    </configure>
                            </property>
                        </entity>
                    </entity>
                    <entity name="Decorative" class="ptolemy.moml.EntityLibrary">
                        <configure>
                            <group>
                                <doc>Decortative attributes</doc>
                                <property name="ModelID" class="ptolemy.vergil.kernel.attributes.IDAttribute">
                                    <property name="created" class="ptolemy.kernel.util.StringAttribute" value="Apr 19, 2018 6:08:54 AM">
                                    </property>
                                    <property name="lastUpdated" class="ptolemy.kernel.util.StringAttribute" value="Apr 19, 2018 6:08:54 AM">
                                    </property>
                                    <property name="author" class="ptolemy.kernel.util.StringAttribute" value="travis">
                                    </property>
                                </property>
                                <property name="Annotation" class="ptolemy.vergil.kernel.attributes.TextAttribute">
                                    <property name="textColor" class="ptolemy.actor.gui.ColorAttribute" value="{0.0, 0.0, 0.0, 1.0}">
                                    </property>
                                </property>
                                <property name="Line" class="ptolemy.vergil.kernel.attributes.LineAttribute">
                                </property>
                                <property name="Arrow" class="ptolemy.vergil.kernel.attributes.ArrowAttribute">
                                </property>
                                <property name="Rectangle" class="ptolemy.vergil.kernel.attributes.RectangleAttribute">
                                    <property name="centered" class="ptolemy.data.expr.Parameter" value="true">
                                    </property>
                                </property>
                                <property name="Polygon" class="ptolemy.vergil.kernel.attributes.ResizablePolygonAttribute">
                                    <property name="centered" class="ptolemy.data.expr.Parameter" value="true">
                                    </property>
                                </property>
                                <property name="Ellipse" class="ptolemy.vergil.kernel.attributes.EllipseAttribute">
                                </property>
                                <property name="Arc" class="ptolemy.vergil.kernel.attributes.ArcAttribute">
                                </property>
                                <property name="Image" class="ptolemy.vergil.kernel.attributes.ImageAttribute">
                                </property>
                                <property name="_shadowColor" class="ptolemy.actor.gui.ColorAttribute">
                                    <display name="ShadowColor"/>
                                    <property name="_hideName" class="ptolemy.kernel.util.SingletonAttribute">
                                    </property>
                                    <property name="_icon" class="ptolemy.vergil.icon.ValueIcon">
                                        <property name="_color" class="ptolemy.actor.gui.ColorAttribute" value="{1.0, 0.0, 1.0, 1.0}">
                                        </property>
                                    </property>
                                    <property name="_smallIconDescription" class="ptolemy.kernel.util.SingletonConfigurableAttribute">
                                        <configure>
      <svg>
        <rect x="0" y="0" width="10" height="10" style="fill:#111111"></rect>
        <rect x="-4" y="-4" width="10" height="10" style="fill:#FFFFFF"></rect>
      </svg>
    </configure>
                                    </property>
                                    <property name="_editorFactory" class="ptolemy.vergil.toolbox.VisibleParameterEditorFactory">
                                    </property>
                                </property>
                                <property name="NameIcon" class="ptolemy.vergil.icon.NameIcon">
                                </property>
                                <property name="_hideName" class="ptolemy.data.expr.SingletonParameter" value="true">
                                </property>
                            </group>
                        </configure>
                    </entity>
                    <entity name="Parameters" class="ptolemy.moml.EntityLibrary">
                        <configure>
                            <group>
                                <doc>Parameters</doc>
                                <property name="Parameter" class="ptolemy.data.expr.Parameter">
                                    <property name="_hideName" class="ptolemy.kernel.util.SingletonAttribute">
                                    </property>
                                    <property name="_icon" class="ptolemy.vergil.icon.ValueIcon">
                                        <property name="_color" class="ptolemy.actor.gui.ColorAttribute" value="{0.0, 0.0, 1.0, 1.0}">
                                        </property>
                                    </property>
                                    <property name="_smallIconDescription" class="ptolemy.kernel.util.SingletonConfigurableAttribute">
                                        <configure>
      <svg>
        <text x="20" style="font-size:14; font-family:SansSerif; fill:blue" y="20">-P-</text>
      </svg>
    </configure>
                                    </property>
                                    <property name="_editorFactory" class="ptolemy.vergil.toolbox.VisibleParameterEditorFactory">
                                    </property>
                                </property>
                                <property name="StringParameter" class="ptolemy.data.expr.StringParameter" value="">
                                    <property name="_hideName" class="ptolemy.kernel.util.SingletonAttribute">
                                    </property>
                                    <property name="_icon" class="ptolemy.vergil.icon.ValueIcon">
                                        <property name="_color" class="ptolemy.actor.gui.ColorAttribute" value="{1.0, 0.0, 0.0, 1.0}">
                                        </property>
                                    </property>
                                    <property name="_smallIconDescription" class="ptolemy.kernel.util.SingletonConfigurableAttribute">
                                        <configure>
      <svg>
        <text x="20" style="font-size:14; font-family:SansSerif; fill:red" y="20">-S-</text>
      </svg>
    </configure>
                                    </property>
                                    <property name="_editorFactory" class="ptolemy.vergil.toolbox.VisibleParameterEditorFactory">
                                    </property>
                                </property>
                                <property name="ChoiceStringParameter" class="ptolemy.data.expr.ChoiceStringParameter" value="">
                                    <property name="_hideName" class="ptolemy.kernel.util.SingletonAttribute">
                                    </property>
                                    <property name="_icon" class="ptolemy.vergil.icon.ValueIcon">
                                        <property name="_color" class="ptolemy.actor.gui.ColorAttribute" value="{1.0, 0.0, 0.0, 1.0}">
                                        </property>
                                    </property>
                                    <property name="_smallIconDescription" class="ptolemy.kernel.util.SingletonConfigurableAttribute">
                                        <configure>
      <svg>
        <text x="20" style="font-size:14; font-family:SansSerif; fill:red" y="20">-S-</text>
      </svg>
    </configure>
                                    </property>
                                    <property name="_editorFactory" class="ptolemy.vergil.toolbox.VisibleParameterEditorFactory">
                                    </property>
                                </property>
                                <property name="FileParameter" class="ptolemy.data.expr.FileParameter" value="">
                                    <property name="_hideName" class="ptolemy.kernel.util.SingletonAttribute">
                                    </property>
                                    <property name="_icon" class="ptolemy.vergil.icon.ValueIcon">
                                        <property name="_color" class="ptolemy.actor.gui.ColorAttribute" value="{0.0, 1.0, 0.0, 1.0}">
                                        </property>
                                    </property>
                                    <property name="_smallIconDescription" class="ptolemy.kernel.util.SingletonConfigurableAttribute">
                                        <configure>
      <svg>
        <text x="20" style="font-size:14; font-family:SansSerif; fill:#00BB00" y="20">-F-</text>
      </svg>
    </configure>
                                    </property>
                                    <property name="_editorFactory" class="ptolemy.vergil.toolbox.VisibleParameterEditorFactory">
                                    </property>
                                </property>
                                <property name="ColorAttribute" class="ptolemy.actor.gui.ColorAttribute">
                                    <property name="_hideName" class="ptolemy.kernel.util.SingletonAttribute">
                                    </property>
                                    <property name="_icon" class="ptolemy.vergil.icon.ValueIcon">
                                        <property name="_color" class="ptolemy.actor.gui.ColorAttribute" value="{1.0, 0.0, 1.0, 1.0}">
                                        </property>
                                    </property>
                                    <property name="_smallIconDescription" class="ptolemy.kernel.util.SingletonConfigurableAttribute">
                                        <configure>
      <svg>
        <text x="20" style="font-size:14; font-family:SansSerif; fill:#BB00BB" y="20">-C-</text>
      </svg>
    </configure>
                                    </property>
                                    <property name="_editorFactory" class="ptolemy.vergil.toolbox.VisibleParameterEditorFactory">
                                    </property>
                                </property>
                                <property name="IntRangeParameter" class="ptolemy.actor.parameters.IntRangeParameter" value="50">
                                </property>
                                <property name="SharedParameter" class="ptolemy.actor.parameters.SharedParameter">
                                    <property name="_hideName" class="ptolemy.kernel.util.SingletonAttribute">
                                    </property>
                                    <property name="_icon" class="ptolemy.vergil.icon.ValueIcon">
                                        <property name="_color" class="ptolemy.actor.gui.ColorAttribute" value="{1.0, 0.0, 0.0, 1.0}">
                                        </property>
                                    </property>
                                    <property name="_smallIconDescription" class="ptolemy.kernel.util.SingletonConfigurableAttribute">
                                        <configure>
      <svg>
        <text x="22" style="font-size:14; font-family:SansSerif; fill:grey" y="22">-S-</text>
        <text x="20" style="font-size:14; font-family:SansSerif; fill:red" y="20">-S-</text>
      </svg>
    </configure>
                                    </property>
                                    <property name="_editorFactory" class="ptolemy.vergil.toolbox.VisibleParameterEditorFactory">
                                    </property>
                                </property>
                                <property name="PortParameter" class="ptolemy.actor.parameters.PortParameter">
                                    <property name="_hideName" class="ptolemy.kernel.util.SingletonAttribute">
                                    </property>
                                    <property name="_icon" class="ptolemy.vergil.icon.ValueIcon">
                                    </property>
                                    <property name="_iconDescription" class="ptolemy.kernel.util.SingletonConfigurableAttribute">
                                        <configure>
      <svg>
	<polyline points="-15,-15, -3,-5, -16,5" style="stroke:black"></polyline>
	<polygon points="-22,-1, -22,4, -10,-5, -22,-14, -22,-9, -30,-9, -30, -1" style="fill:lightGray"></polygon>
      </svg>
    </configure>
                                    </property>
                                    <property name="_smallIconDescription" class="ptolemy.kernel.util.SingletonConfigurableAttribute">
                                        <configure>
      <svg>
        <text x="20" style="font-size:14; font-family:SansSerif; fill:black" y="20">-P-</text>
      </svg>
    </configure>
                                    </property>
                                    <property name="_editorFactory" class="ptolemy.vergil.toolbox.VisibleParameterEditorFactory">
                                    </property>
                                </property>
                                <property name="FilePortParameter" class="ptolemy.actor.parameters.FilePortParameter" value="">
                                    <property name="_hideName" class="ptolemy.kernel.util.SingletonAttribute">
                                    </property>
                                    <property name="_icon" class="ptolemy.vergil.icon.ValueIcon">
                                    </property>
                                    <property name="_iconDescription" class="ptolemy.kernel.util.SingletonConfigurableAttribute">
                                        <configure>
      <svg>
	<polyline points="-15,-15, -3,-5, -16,5" style="stroke:black"></polyline>
	<polygon points="-22,-1, -22,4, -10,-5, -22,-14, -22,-9, -30,-9, -30, -1" style="fill:green"></polygon>
      </svg>
    </configure>
                                    </property>
                                    <property name="_smallIconDescription" class="ptolemy.kernel.util.SingletonConfigurableAttribute">
                                        <configure>
      <svg>
        <text x="20" style="font-size:14; font-family:SansSerif; fill:#00BB00" y="20">-P-</text>
      </svg>
    </configure>
                                    </property>
                                    <property name="_editorFactory" class="ptolemy.vergil.toolbox.VisibleParameterEditorFactory">
                                    </property>
                                </property>
                                <property name="LiveLink" class="ptolemy.actor.gui.LiveLink" value="http://ptolemy.org#in_browser">
                                    <property name="_hideName" class="ptolemy.kernel.util.SingletonAttribute">
                                    </property>
                                    <property name="_icon" class="ptolemy.vergil.icon.ValueIcon">
                                        <property name="_color" class="ptolemy.actor.gui.ColorAttribute" value="{0.0, 0.0, 1.0, 1.0}">
                                        </property>
                                    </property>
                                    <property name="_smallIconDescription" class="ptolemy.kernel.util.SingletonConfigurableAttribute">
                                        <configure>
      <svg>
        <text x="20" style="font-size:14; font-family:SansSerif; fill:blue" y="20">LL</text>
      </svg>
    </configure>
                                    </property>
                                    <property name="_editorFactory" class="ptolemy.vergil.toolbox.VisibleParameterEditorFactory">
                                    </property>
                                </property>
                                <property name="NameParameter" class="ptolemy.data.expr.NameParameter" value="">
                                    <property name="_hideName" class="ptolemy.kernel.util.SingletonAttribute">
                                    </property>
                                    <property name="_icon" class="ptolemy.vergil.icon.ValueIcon">
                                        <property name="_color" class="ptolemy.actor.gui.ColorAttribute" value="{0.9,0.5,0.1,1.0}">
                                        </property>
                                    </property>
                                    <property name="_smallIconDescription" class="ptolemy.kernel.util.SingletonConfigurableAttribute">
                                        <configure>
      <svg>
        <text x="20" style="font-size:14; font-family:SansSerif; fill:#FF6600" y="20">-N-</text>
      </svg>
    </configure>
                                    </property>
                                    <property name="_editorFactory" class="ptolemy.vergil.toolbox.VisibleParameterEditorFactory">
                                    </property>
                                </property>
                                <property name="RequireVersion" class="ptolemy.kernel.attributes.RequireVersion" value="11.0.devel">
                                    <property name="_hideName" class="ptolemy.kernel.util.SingletonAttribute">
                                    </property>
                                    <property name="_icon" class="ptolemy.vergil.icon.ValueIcon">
                                    </property>
                                    <property name="_smallIconDescription" class="ptolemy.kernel.util.SingletonConfigurableAttribute">
                                        <configure>
      <svg>
        <text x="20" style="font-size:14; font-family:SansSerif; fill:blue" y="20">-V-</text>
      </svg>
    </configure>
                                    </property>
                                </property>
                                <property name="ScopeExtendingAttribute" class="ptolemy.data.expr.ScopeExtendingAttribute">
                                    <property name="_iconDescription" class="ptolemy.kernel.util.SingletonConfigurableAttribute">
                                        <configure>
      <svg>
           <rect x="-30" y="-15" width="60" height="30" style="fill:grey"></rect>
      </svg>
    </configure>
                                    </property>
                                </property>
                                <property name="ParameterSet" class="ptolemy.actor.parameters.ParameterSet">
                                    <property name="_editorFactory" class="ptolemy.actor.gui.FileOrURLEditorFactory">
                                    </property>
                                    <property name="_iconDescription" class="ptolemy.kernel.util.SingletonConfigurableAttribute">
                                        <configure>
      <svg>
        <rect x="-30" y="-15" width="60" height="30" style="fill:#C0C0C0"></rect>
        <text x="-30" style="font-size:30; font-family:SansSerif; fill:#00BB00" y="10">-PS-</text>
      </svg>
    </configure>
                                    </property>
                                </property>
                                <property name="Priority" class="ptolemy.actor.parameters.Priority" value="0">
                                    <property name="_hideName" class="ptolemy.kernel.util.SingletonAttribute">
                                    </property>
                                    <property name="_icon" class="ptolemy.vergil.icon.ValueIcon">
                                        <property name="_color" class="ptolemy.actor.gui.ColorAttribute" value="{0.0, 0.0, 1.0, 1.0}">
                                        </property>
                                    </property>
                                    <property name="_smallIconDescription" class="ptolemy.kernel.util.SingletonConfigurableAttribute">
                                        <configure>
            <svg>
                <text x="20" style="font-size:14; font-family:SansSerif; fill:blue" y="20">-p-</text>
            </svg>
        </configure>
                                    </property>
                                    <property name="_editorFactory" class="ptolemy.vergil.toolbox.VisibleParameterEditorFactory">
                                    </property>
                                </property>
                                <port name="PortParameter" class="ptolemy.actor.parameters.ParameterPort">
                                    <property name="input"/>
                                    <property name="defaultValue" class="ptolemy.data.expr.Parameter">
                                    </property>
                                </port>
                                <port name="FilePortParameter" class="ptolemy.actor.parameters.ParameterPort">
                                    <property name="input"/>
                                    <property name="defaultValue" class="ptolemy.data.expr.Parameter">
                                    </property>
                                </port>
                            </group>
                        </configure>
                    </entity>
                    <entity name="Ports" class="ptolemy.moml.EntityLibrary">
                        <configure>
                            <group>
                                <doc>Parameters</doc>
                                <property name="PortParameter" class="ptolemy.actor.parameters.PortParameter">
                                    <property name="_hideName" class="ptolemy.kernel.util.SingletonAttribute">
                                    </property>
                                    <property name="_icon" class="ptolemy.vergil.icon.ValueIcon">
                                    </property>
                                    <property name="_iconDescription" class="ptolemy.kernel.util.SingletonConfigurableAttribute">
                                        <configure>
      <svg>
	<polyline points="-15,-15, -3,-5, -16,5" style="stroke:black"></polyline>
	<polygon points="-22,-1, -22,4, -10,-5, -22,-14, -22,-9, -30,-9, -30, -1" style="fill:lightGray"></polygon>
      </svg>
    </configure>
                                    </property>
                                    <property name="_smallIconDescription" class="ptolemy.kernel.util.SingletonConfigurableAttribute">
                                        <configure>
      <svg>
        <text x="20" style="font-size:14; font-family:SansSerif; fill:black" y="20">-P-</text>
      </svg>
    </configure>
                                    </property>
                                    <property name="_editorFactory" class="ptolemy.vergil.toolbox.VisibleParameterEditorFactory">
                                    </property>
                                </property>
                                <property name="FilePortParameter" class="ptolemy.actor.parameters.FilePortParameter" value="">
                                    <property name="_hideName" class="ptolemy.kernel.util.SingletonAttribute">
                                    </property>
                                    <property name="_icon" class="ptolemy.vergil.icon.ValueIcon">
                                    </property>
                                    <property name="_iconDescription" class="ptolemy.kernel.util.SingletonConfigurableAttribute">
                                        <configure>
      <svg>
	<polyline points="-15,-15, -3,-5, -16,5" style="stroke:black"></polyline>
	<polygon points="-22,-1, -22,4, -10,-5, -22,-14, -22,-9, -30,-9, -30, -1" style="fill:green"></polygon>
      </svg>
    </configure>
                                    </property>
                                    <property name="_smallIconDescription" class="ptolemy.kernel.util.SingletonConfigurableAttribute">
                                        <configure>
      <svg>
        <text x="20" style="font-size:14; font-family:SansSerif; fill:#00BB00" y="20">-P-</text>
      </svg>
    </configure>
                                    </property>
                                    <property name="_editorFactory" class="ptolemy.vergil.toolbox.VisibleParameterEditorFactory">
                                    </property>
                                </property>
                                <port name="PortParameter" class="ptolemy.actor.parameters.ParameterPort">
                                    <property name="input"/>
                                    <property name="defaultValue" class="ptolemy.data.expr.Parameter">
                                    </property>
                                </port>
                                <port name="FilePortParameter" class="ptolemy.actor.parameters.ParameterPort">
                                    <property name="input"/>
                                    <property name="defaultValue" class="ptolemy.data.expr.Parameter">
                                    </property>
                                </port>
                                <port name="PublisherPort" class="ptolemy.actor.PublisherPort">
                                    <property name="output"/>
                                </port>
                                <port name="ConstantPublisherPort" class="ptolemy.actor.ConstantPublisherPort">
                                    <property name="output"/>
                                </port>
                                <port name="SubscriberPort" class="ptolemy.actor.SubscriberPort">
                                    <property name="input"/>
                                </port>
                                <port name="SubscriptionAggregatorPort" class="ptolemy.actor.SubscriptionAggregatorPort">
                                    <property name="input"/>
                                    <property name="multiport"/>
                                </port>
                            </group>
                        </configure>
                    </entity>
                    <entity name="JavaScript" class="ptolemy.moml.EntityLibrary">
                        <configure>
                            <group>
                                <entity name="JavaScript" class="ptolemy.actor.lib.jjs.JavaScript">
                                    <property name="_windowProperties" class="ptolemy.actor.gui.WindowPropertiesAttribute">
                                    </property>
                                    <property name="_paneSize" class="ptolemy.actor.gui.SizeAttribute">
                                    </property>
                                    <property name="script" class="ptolemy.actor.parameters.PortParameter" value="// Put your JavaScript program here.&#10;// Refer to parameters in scope using dollar-sign{parameterName}.&#10;// See: https://wiki.eecs.berkeley.edu/accessors/Version1/AccessorSpecification&#10;">
                                        <property name="style" class="ptolemy.actor.gui.style.NoteStyle">
                                            <property name="note" class="ptolemy.kernel.util.StringAttribute" value="NOTE: To see the script, invoke Open Actor">
                                            </property>
                                        </property>
                                    </property>
                                    <property name="_tableauFactory" class="ptolemy.vergil.toolbox.TextEditorTableauFactory">
                                        <property name="attributeName" class="ptolemy.kernel.util.StringAttribute" value="script">
                                        </property>
                                        <property name="syntaxStyle" class="ptolemy.kernel.util.StringAttribute" value="text/javascript">
                                        </property>
                                    </property>
                                </entity>
                            </group>
                        </configure>
                    </entity>
                    <entity name="Analysis" class="ptolemy.moml.EntityLibrary">
                        <configure>
                            <group>
                                <doc>Attributes for Analysis</doc>
                                <property name="ConstraintMonitor" class="ptolemy.data.expr.ConstraintMonitor" value="0.0">
                                    <property name="_icon" class="ptolemy.vergil.icon.ConstraintMonitorIcon">
                                        <property name="displayWidth" class="ptolemy.data.expr.Parameter" value="30">
                                        </property>
                                    </property>
                                </property>
                                <property name="DependencyHighlighter" class="ptolemy.vergil.basic.DependencyHighlighter">
                                </property>
                                <property name="MonitorReceiverContents" class="ptolemy.vergil.actor.lib.MonitorReceiverContents">
                                </property>
                                <property name="ShowTypes" class="ptolemy.vergil.actor.lib.ShowTypes">
                                </property>
                                <entity name="Assert" class="ptolemy.actor.lib.Assert">
                                    <property name="_icon" class="ptolemy.vergil.icon.BoxedValueIcon">
                                        <property name="attributeName" class="ptolemy.kernel.util.StringAttribute" value="expression">
                                        </property>
                                        <property name="displayWidth" class="ptolemy.data.expr.Parameter" value="60">
                                        </property>
                                        <property name="displayHeight" class="ptolemy.data.expr.Parameter" value="10">
                                        </property>
                                    </property>
                                </entity>
                            </group>
                        </configure>
                    </entity>
                    <entity name="UnitSystems" class="ptolemy.moml.EntityLibrary">
                        <configure>
                            <group>
                                <property name="BasicUnits" class="ptolemy.data.unit.UnitSystem">
                                    <property name="meters" class="ptolemy.data.unit.BaseUnit" value="1.0">
                                        <property name="Length" class="ptolemy.data.unit.UnitCategory">
                                        </property>
                                    </property>
                                    <property name="meter" class="ptolemy.data.expr.Parameter" value="meters">
                                    </property>
                                    <property name="m" class="ptolemy.data.expr.Parameter" value="meters">
                                    </property>
                                    <property name="cm" class="ptolemy.data.expr.Parameter" value="0.01*meters">
                                    </property>
                                    <property name="centimeters" class="ptolemy.data.expr.Parameter" value="cm">
                                    </property>
                                    <property name="centimeter" class="ptolemy.data.expr.Parameter" value="cm">
                                    </property>
                                    <property name="mm" class="ptolemy.data.expr.Parameter" value="0.001*meters">
                                    </property>
                                    <property name="millimeter" class="ptolemy.data.expr.Parameter" value="mm">
                                    </property>
                                    <property name="millimeters" class="ptolemy.data.expr.Parameter" value="mm">
                                    </property>
                                    <property name="in" class="ptolemy.data.expr.Parameter" value="2.54*cm">
                                    </property>
                                    <property name="inch" class="ptolemy.data.expr.Parameter" value="in">
                                    </property>
                                    <property name="inches" class="ptolemy.data.expr.Parameter" value="in">
                                    </property>
                                    <property name="seconds" class="ptolemy.data.unit.BaseUnit" value="1.0">
                                        <property name="Time" class="ptolemy.data.unit.UnitCategory">
                                        </property>
                                    </property>
                                    <property name="sec" class="ptolemy.data.expr.Parameter" value="seconds">
                                    </property>
                                    <property name="second" class="ptolemy.data.expr.Parameter" value="seconds">
                                    </property>
                                    <property name="ms" class="ptolemy.data.expr.Parameter" value="0.001*seconds">
                                    </property>
                                    <property name="millisecond" class="ptolemy.data.expr.Parameter" value="ms">
                                    </property>
                                    <property name="milliseconds" class="ptolemy.data.expr.Parameter" value="ms">
                                    </property>
                                    <property name="_iconDescription" class="ptolemy.kernel.util.SingletonConfigurableAttribute">
                                        <configure>
      <svg>
        <rect x="-30" y="-15" width="60" height="30" style="fill:grey"></rect>
      </svg>
    </configure>
                                    </property>
                                </property>
                                <property name="CGSUnitBase" class="ptolemy.data.unit.UnitSystem">
                                    <property name="cm" class="ptolemy.data.unit.BaseUnit" value="1.0">
                                        <property name="Length" class="ptolemy.data.unit.UnitCategory">
                                        </property>
                                    </property>
                                    <property name="gram" class="ptolemy.data.unit.BaseUnit" value="1.0">
                                        <property name="Mass" class="ptolemy.data.unit.UnitCategory">
                                        </property>
                                    </property>
                                    <property name="second" class="ptolemy.data.unit.BaseUnit" value="1.0">
                                        <property name="Time" class="ptolemy.data.unit.UnitCategory">
                                        </property>
                                    </property>
                                    <property name="meter" class="ptolemy.data.expr.Parameter" value="100*cm">
                                    </property>
                                    <property name="kilogram" class="ptolemy.data.expr.Parameter" value="1000*gram">
                                    </property>
                                    <property name="ampere" class="ptolemy.data.unit.BaseUnit" value="1.0">
                                        <property name="electricCurrent" class="ptolemy.data.unit.UnitCategory">
                                        </property>
                                    </property>
                                    <property name="squareAmpere" class="ptolemy.data.expr.Parameter" value="0.01*(lightSpeed^2)*cm*gram/(second^2)">
                                    </property>
                                    <property name="kelvin" class="ptolemy.data.expr.Parameter" value="1.38065E-23*kilogram*(meter^2)/(second^2)">
                                    </property>
                                    <property name="mole" class="ptolemy.data.expr.Parameter" value="6.022142E+23">
                                    </property>
                                    <property name="candela" class="ptolemy.data.expr.Parameter" value="kilogram*(meter^2)/(second^3)/683">
                                    </property>
                                    <property name="volt" class="ptolemy.data.expr.Parameter" value="kilogram*(meter^2)/(second^3)/ampere">
                                    </property>
                                    <property name="ohm" class="ptolemy.data.expr.Parameter" value="volt/ampere">
                                    </property>
                                    <property name="mho" class="ptolemy.data.expr.Parameter" value="ampere/volt">
                                    </property>
                                    <property name="coulomb" class="ptolemy.data.expr.Parameter" value="ampere*second">
                                    </property>
                                    <property name="esu" class="ptolemy.data.expr.Parameter" value="coulomb/(299792458.0*10)">
                                    </property>
                                    <property name="statvolt" class="ptolemy.data.expr.Parameter" value="299.792458*volt">
                                    </property>
                                    <property name="gauss" class="ptolemy.data.expr.Parameter" value="statvolt/(meter/100)">
                                    </property>
                                    <property name="electronCharge" class="ptolemy.data.expr.Parameter" value="1.6021765E-19*coulomb">
                                    </property>
                                    <property name="farad" class="ptolemy.data.expr.Parameter" value="ampere*second/volt">
                                    </property>
                                    <property name="henry" class="ptolemy.data.expr.Parameter" value="volt*second/ampere">
                                    </property>
                                    <property name="planckConstant" class="ptolemy.data.expr.Parameter" value="hBar*2*pi">
                                    </property>
                                    <property name="planckConstantReduced" class="ptolemy.data.expr.Parameter" value="1.0545716E-34*joule*second">
                                    </property>
                                    <property name="hBar" class="ptolemy.data.expr.Parameter" value="planckConstantReduced">
                                    </property>
                                    <property name="lightSpeed" class="ptolemy.data.expr.Parameter" value="299792458.0*meter/second">
                                    </property>
                                    <property name="dyne" class="ptolemy.data.expr.Parameter" value="gram*cm/second^2">
                                    </property>
                                    <property name="newton" class="ptolemy.data.expr.Parameter" value="kilogram*meter/second^2">
                                    </property>
                                    <property name="joule" class="ptolemy.data.expr.Parameter" value="newton*meter">
                                    </property>
                                    <property name="erg" class="ptolemy.data.expr.Parameter" value="dyne*cm">
                                    </property>
                                    <property name="kg" class="ptolemy.data.expr.Parameter" value="kilogram">
                                    </property>
                                    <property name="amp" class="ptolemy.data.expr.Parameter" value="ampere">
                                    </property>
                                    <property name="minute" class="ptolemy.data.expr.Parameter" value="60*second">
                                    </property>
                                    <property name="hour" class="ptolemy.data.expr.Parameter" value="3600*second">
                                    </property>
                                    <property name="day" class="ptolemy.data.expr.Parameter" value="24*hour">
                                    </property>
                                    <property name="yearCalendar" class="ptolemy.data.expr.Parameter" value="365.2425*day">
                                    </property>
                                    <property name="yearSidereal" class="ptolemy.data.expr.Parameter" value="31558150*second">
                                    </property>
                                    <property name="yearTropical" class="ptolemy.data.expr.Parameter" value="31556930*second">
                                    </property>
                                    <property name="curie" class="ptolemy.data.expr.Parameter" value="3.7E+10/second">
                                    </property>
                                    <property name="angstrom" class="ptolemy.data.expr.Parameter" value="1E-10*meter">
                                    </property>
                                    <property name="gallonCanadian" class="ptolemy.data.expr.Parameter" value="4546.09*cm^3">
                                    </property>
                                    <property name="gallonUS" class="ptolemy.data.expr.Parameter" value="3785.412*cm^3">
                                    </property>
                                    <property name="gallon" class="ptolemy.data.expr.Parameter" value="gallonUS">
                                    </property>
                                    <property name="barrel" class="ptolemy.data.expr.Parameter" value="42*gallonUS">
                                    </property>
                                    <property name="ozFluidUS" class="ptolemy.data.expr.Parameter" value="gallonUS/128">
                                    </property>
                                    <property name="tablespoon" class="ptolemy.data.expr.Parameter" value="ozFluidUS/2">
                                    </property>
                                    <property name="teaspoon" class="ptolemy.data.expr.Parameter" value="ozFluidUS/6">
                                    </property>
                                    <property name="cup" class="ptolemy.data.expr.Parameter" value="8*ozFluidUS">
                                    </property>
                                    <property name="pint" class="ptolemy.data.expr.Parameter" value="2*cup">
                                    </property>
                                    <property name="quart" class="ptolemy.data.expr.Parameter" value="2*pint">
                                    </property>
                                    <property name="astronomicalUnit" class="ptolemy.data.expr.Parameter" value="1.495979E+11*meter">
                                    </property>
                                    <property name="inch" class="ptolemy.data.expr.Parameter" value="0.0254*meter">
                                    </property>
                                    <property name="foot" class="ptolemy.data.expr.Parameter" value="0.3048*meter">
                                    </property>
                                    <property name="yard" class="ptolemy.data.expr.Parameter" value="3*foot">
                                    </property>
                                    <property name="cord" class="ptolemy.data.expr.Parameter" value="128*foot^3">
                                    </property>
                                    <property name="footUSSurvey" class="ptolemy.data.expr.Parameter" value="0.3048006*meter">
                                    </property>
                                    <property name="fathom" class="ptolemy.data.expr.Parameter" value="6*footUSSurvey">
                                    </property>
                                    <property name="acre" class="ptolemy.data.expr.Parameter" value="43560*footUSSurvey^2">
                                    </property>
                                    <property name="acreFoot" class="ptolemy.data.expr.Parameter" value="acre*footUSSurvey">
                                    </property>
                                    <property name="mileNautical" class="ptolemy.data.expr.Parameter" value="1852*meter">
                                    </property>
                                    <property name="mile" class="ptolemy.data.expr.Parameter" value="5280*foot">
                                    </property>
                                    <property name="barn" class="ptolemy.data.expr.Parameter" value="1E-28*meter^2">
                                    </property>
                                    <property name="hectare" class="ptolemy.data.expr.Parameter" value="1E+4*meter^2">
                                    </property>
                                    <property name="knot" class="ptolemy.data.expr.Parameter" value="mileNautical/hour">
                                    </property>
                                    <property name="mph" class="ptolemy.data.expr.Parameter" value="mile/hour">
                                    </property>
                                    <property name="tonMetric" class="ptolemy.data.expr.Parameter" value="1000*kg">
                                    </property>
                                    <property name="pound" class="ptolemy.data.expr.Parameter" value="453.5924*gram">
                                    </property>
                                    <property name="ton" class="ptolemy.data.expr.Parameter" value="2000*pound">
                                    </property>
                                    <property name="tonLong" class="ptolemy.data.expr.Parameter" value="2240*pound">
                                    </property>
                                    <property name="oz" class="ptolemy.data.expr.Parameter" value="pound/16">
                                    </property>
                                    <property name="poundTroy" class="ptolemy.data.expr.Parameter" value="373.2417">
                                    </property>
                                    <property name="ounceTroy" class="ptolemy.data.expr.Parameter" value="poundTroy/12">
                                    </property>
                                    <property name="earthGravity" class="ptolemy.data.expr.Parameter" value="9.80665*meter/second^2">
                                    </property>
                                    <property name="ounceForce" class="ptolemy.data.expr.Parameter" value="oz*earthGravity">
                                    </property>
                                    <property name="poundForce" class="ptolemy.data.expr.Parameter" value="pound*earthGravity">
                                    </property>
                                    <property name="psi" class="ptolemy.data.expr.Parameter" value="pound/inch^2">
                                    </property>
                                    <property name="pascal" class="ptolemy.data.expr.Parameter" value="10*dyne/cm^2">
                                    </property>
                                    <property name="atm" class="ptolemy.data.expr.Parameter" value="101325*pascal">
                                    </property>
                                    <property name="bar" class="ptolemy.data.expr.Parameter" value="100000*pascal">
                                    </property>
                                    <property name="millibar" class="ptolemy.data.expr.Parameter" value="100*pascal">
                                    </property>
                                    <property name="inchOfWater" class="ptolemy.data.expr.Parameter" value="249.0889*pascal">
                                    </property>
                                    <property name="mmOfWater" class="ptolemy.data.expr.Parameter" value="inchOfWater/25.4">
                                    </property>
                                    <property name="inchOfMercury" class="ptolemy.data.expr.Parameter" value="3386.389*pascal">
                                    </property>
                                    <property name="mmOfMercury" class="ptolemy.data.expr.Parameter" value="inchOfMercury/25.4">
                                    </property>
                                    <property name="torr" class="ptolemy.data.expr.Parameter" value="mmOfMercury">
                                    </property>
                                    <property name="rankine" class="ptolemy.data.expr.Parameter" value="5*kelvin/9">
                                    </property>
                                    <property name="thermUS" class="ptolemy.data.expr.Parameter" value="1.054804E+8*joule">
                                    </property>
                                    <property name="btuIT" class="ptolemy.data.expr.Parameter" value="1055.056*joule">
                                    </property>
                                    <property name="tonTNT" class="ptolemy.data.expr.Parameter" value="4.184E+9*joule">
                                    </property>
                                    <property name="calorie" class="ptolemy.data.expr.Parameter" value="4.1868*joule">
                                    </property>
                                    <property name="tonOfRefrigeration" class="ptolemy.data.expr.Parameter" value="12000*btuIT/hour">
                                    </property>
                                    <property name="watt" class="ptolemy.data.expr.Parameter" value="joule/second">
                                    </property>
                                    <property name="hp" class="ptolemy.data.expr.Parameter" value="550*foot*poundForce/second">
                                    </property>
                                    <property name="centipoise" class="ptolemy.data.expr.Parameter" value="1E-3*pascal*second">
                                    </property>
                                    <property name="poise" class="ptolemy.data.expr.Parameter" value="1E-1*pascal*second">
                                    </property>
                                    <property name="centistoke" class="ptolemy.data.expr.Parameter" value="1E-6*meter^2/second">
                                    </property>
                                    <property name="stoke" class="ptolemy.data.expr.Parameter" value="1E-4*meter^2/second">
                                    </property>
                                    <property name="_iconDescription" class="ptolemy.kernel.util.SingletonConfigurableAttribute">
                                        <configure>
      <svg>
        <rect x="-30" y="-15" width="60" height="30" style="fill:grey"></rect>
      </svg>
    </configure>
                                    </property>
                                </property>
                                <property name="ElectronicUnitBase" class="ptolemy.data.unit.UnitSystem">
                                    <property name="volt" class="ptolemy.data.unit.BaseUnit" value="1.0">
                                        <property name="electricPotential" class="ptolemy.data.unit.UnitCategory">
                                        </property>
                                    </property>
                                    <property name="ampere" class="ptolemy.data.unit.BaseUnit" value="1.0">
                                        <property name="electricCurrent" class="ptolemy.data.unit.UnitCategory">
                                        </property>
                                    </property>
                                    <property name="second" class="ptolemy.data.unit.BaseUnit" value="1.0">
                                        <property name="Time" class="ptolemy.data.unit.UnitCategory">
                                        </property>
                                    </property>
                                    <property name="meter" class="ptolemy.data.expr.Parameter" value="1E+7*ampere*second/volt/(299792458.0^2)">
                                    </property>
                                    <property name="kilogram" class="ptolemy.data.expr.Parameter" value="ampere*volt*(second^3)/(meter^2)">
                                    </property>
                                    <property name="kelvin" class="ptolemy.data.expr.Parameter" value="1.38065E-23*kilogram*(meter^2)/(second^2)">
                                    </property>
                                    <property name="mole" class="ptolemy.data.expr.Parameter" value="6.022142E+23">
                                    </property>
                                    <property name="candela" class="ptolemy.data.expr.Parameter" value="kilogram*(meter^2)/(second^3)/683">
                                    </property>
                                    <property name="ohm" class="ptolemy.data.expr.Parameter" value="volt/ampere">
                                    </property>
                                    <property name="mho" class="ptolemy.data.expr.Parameter" value="ampere/volt">
                                    </property>
                                    <property name="coulomb" class="ptolemy.data.expr.Parameter" value="ampere*second">
                                    </property>
                                    <property name="esu" class="ptolemy.data.expr.Parameter" value="coulomb/(299792458.0*10)">
                                    </property>
                                    <property name="statvolt" class="ptolemy.data.expr.Parameter" value="299.792458*volt">
                                    </property>
                                    <property name="gauss" class="ptolemy.data.expr.Parameter" value="statvolt/(meter/100)">
                                    </property>
                                    <property name="electronCharge" class="ptolemy.data.expr.Parameter" value="1.6021765E-19*coulomb">
                                    </property>
                                    <property name="farad" class="ptolemy.data.expr.Parameter" value="ampere*second/volt">
                                    </property>
                                    <property name="henry" class="ptolemy.data.expr.Parameter" value="volt*second/ampere">
                                    </property>
                                    <property name="kg" class="ptolemy.data.expr.Parameter" value="kilogram">
                                    </property>
                                    <property name="gram" class="ptolemy.data.expr.Parameter" value="kilogram/1000">
                                    </property>
                                    <property name="cm" class="ptolemy.data.expr.Parameter" value="meter/100">
                                    </property>
                                    <property name="amp" class="ptolemy.data.expr.Parameter" value="ampere">
                                    </property>
                                    <property name="planckConstant" class="ptolemy.data.expr.Parameter" value="hBar*2*pi">
                                    </property>
                                    <property name="planckConstantReduced" class="ptolemy.data.expr.Parameter" value="1.0545716E-34*joule*second">
                                    </property>
                                    <property name="hBar" class="ptolemy.data.expr.Parameter" value="planckConstantReduced">
                                    </property>
                                    <property name="lightSpeed" class="ptolemy.data.expr.Parameter" value="299792458.0*meter/second">
                                    </property>
                                    <property name="dyne" class="ptolemy.data.expr.Parameter" value="gram*cm/second^2">
                                    </property>
                                    <property name="newton" class="ptolemy.data.expr.Parameter" value="kilogram*meter/second^2">
                                    </property>
                                    <property name="joule" class="ptolemy.data.expr.Parameter" value="newton*meter">
                                    </property>
                                    <property name="erg" class="ptolemy.data.expr.Parameter" value="dyne*cm">
                                    </property>
                                    <property name="_iconDescription" class="ptolemy.kernel.util.SingletonConfigurableAttribute">
                                        <configure>
      <svg>
        <rect x="-30" y="-15" width="60" height="30" style="fill:grey"></rect>
      </svg>
    </configure>
                                    </property>
                                </property>
                                <property name="SI" class="ptolemy.data.unit.UnitSystem">
                                    <property name="cm" class="ptolemy.data.unit.BaseUnit" value="1.0">
                                        <property name="Length" class="ptolemy.data.unit.UnitCategory">
                                        </property>
                                    </property>
                                    <property name="gram" class="ptolemy.data.unit.BaseUnit" value="1.0">
                                        <property name="Mass" class="ptolemy.data.unit.UnitCategory">
                                        </property>
                                    </property>
                                    <property name="second" class="ptolemy.data.unit.BaseUnit" value="1.0">
                                        <property name="Time" class="ptolemy.data.unit.UnitCategory">
                                        </property>
                                    </property>
                                    <property name="ampere" class="ptolemy.data.unit.BaseUnit" value="1.0">
                                        <property name="electricCurrent" class="ptolemy.data.unit.UnitCategory">
                                        </property>
                                    </property>
                                    <property name="population" class="ptolemy.data.unit.BaseUnit" value="1.0">
                                        <property name="Count" class="ptolemy.data.unit.UnitCategory">
                                        </property>
                                    </property>
                                    <property name="pi" class="ptolemy.data.expr.Parameter" value="3.1415926535898">
                                    </property>
                                    <property name="meter" class="ptolemy.data.expr.Parameter" value="100*cm">
                                    </property>
                                    <property name="kilogram" class="ptolemy.data.expr.Parameter" value="1000*gram">
                                    </property>
                                    <property name="squareAmpere" class="ptolemy.data.expr.Parameter" value="0.01*(lightSpeed^2)*cm*gram/(second^2)">
                                    </property>
                                    <property name="kelvin" class="ptolemy.data.expr.Parameter" value="1.38065E-23*kilogram*(meter^2)/(second^2)">
                                    </property>
                                    <property name="mole" class="ptolemy.data.expr.Parameter" value="6.022142E+23">
                                    </property>
                                    <property name="candela" class="ptolemy.data.expr.Parameter" value="kilogram*(meter^2)/(second^3)/683">
                                    </property>
                                    <property name="volt" class="ptolemy.data.expr.Parameter" value="kilogram*(meter^2)/(second^3)/ampere">
                                    </property>
                                    <property name="ohm" class="ptolemy.data.expr.Parameter" value="volt/ampere">
                                    </property>
                                    <property name="mho" class="ptolemy.data.expr.Parameter" value="ampere/volt">
                                    </property>
                                    <property name="coulomb" class="ptolemy.data.expr.Parameter" value="ampere*second">
                                    </property>
                                    <property name="esu" class="ptolemy.data.expr.Parameter" value="coulomb/(299792458.0*10)">
                                    </property>
                                    <property name="statvolt" class="ptolemy.data.expr.Parameter" value="299.792458*volt">
                                    </property>
                                    <property name="gauss" class="ptolemy.data.expr.Parameter" value="statvolt/(meter/100)">
                                    </property>
                                    <property name="electronCharge" class="ptolemy.data.expr.Parameter" value="1.6021765E-19*coulomb">
                                    </property>
                                    <property name="farad" class="ptolemy.data.expr.Parameter" value="ampere*second/volt">
                                    </property>
                                    <property name="henry" class="ptolemy.data.expr.Parameter" value="volt*second/ampere">
                                    </property>
                                    <property name="watt" class="ptolemy.data.expr.Parameter" value="joule/second">
                                    </property>
                                    <property name="planckConstant" class="ptolemy.data.expr.Parameter" value="hBar*2*pi">
                                    </property>
                                    <property name="planckConstantReduced" class="ptolemy.data.expr.Parameter" value="1.0545716E-34*joule*second">
                                    </property>
                                    <property name="hBar" class="ptolemy.data.expr.Parameter" value="planckConstantReduced">
                                    </property>
                                    <property name="lightSpeed" class="ptolemy.data.expr.Parameter" value="299792458.0*meter/second">
                                    </property>
                                    <property name="dyne" class="ptolemy.data.expr.Parameter" value="gram*cm/second^2">
                                    </property>
                                    <property name="newton" class="ptolemy.data.expr.Parameter" value="kilogram*meter/second^2">
                                    </property>
                                    <property name="joule" class="ptolemy.data.expr.Parameter" value="newton*meter">
                                    </property>
                                    <property name="erg" class="ptolemy.data.expr.Parameter" value="dyne*cm">
                                    </property>
                                    <property name="degree" class="ptolemy.data.expr.Parameter" value="calorie/cm^3">
                                    </property>
                                    <property name="minute" class="ptolemy.data.expr.Parameter" value="60*second">
                                    </property>
                                    <property name="hour" class="ptolemy.data.expr.Parameter" value="3600*second">
                                    </property>
                                    <property name="day" class="ptolemy.data.expr.Parameter" value="24*hour">
                                    </property>
                                    <property name="yearCalendar" class="ptolemy.data.expr.Parameter" value="365.2425*day">
                                    </property>
                                    <property name="yearSidereal" class="ptolemy.data.expr.Parameter" value="31558150*second">
                                    </property>
                                    <property name="yearTropical" class="ptolemy.data.expr.Parameter" value="31556930*second">
                                    </property>
                                    <property name="curie" class="ptolemy.data.expr.Parameter" value="3.7E+10/second">
                                    </property>
                                    <property name="angstrom" class="ptolemy.data.expr.Parameter" value="1E-10*meter">
                                    </property>
                                    <property name="gallonCanadian" class="ptolemy.data.expr.Parameter" value="4546.09*cm^3">
                                    </property>
                                    <property name="gallonUS" class="ptolemy.data.expr.Parameter" value="3785.412*cm^3">
                                    </property>
                                    <property name="gallon" class="ptolemy.data.expr.Parameter" value="gallonUS">
                                    </property>
                                    <property name="barrel" class="ptolemy.data.expr.Parameter" value="42*gallonUS">
                                    </property>
                                    <property name="ozFluidUS" class="ptolemy.data.expr.Parameter" value="gallonUS/128">
                                    </property>
                                    <property name="tablespoon" class="ptolemy.data.expr.Parameter" value="ozFluidUS/2">
                                    </property>
                                    <property name="teaspoon" class="ptolemy.data.expr.Parameter" value="ozFluidUS/6">
                                    </property>
                                    <property name="cup" class="ptolemy.data.expr.Parameter" value="8*ozFluidUS">
                                    </property>
                                    <property name="pint" class="ptolemy.data.expr.Parameter" value="2*cup">
                                    </property>
                                    <property name="quart" class="ptolemy.data.expr.Parameter" value="2*pint">
                                    </property>
                                    <property name="astronomicalUnit" class="ptolemy.data.expr.Parameter" value="1.495979E+11*meter">
                                    </property>
                                    <property name="inch" class="ptolemy.data.expr.Parameter" value="0.0254*meter">
                                    </property>
                                    <property name="foot" class="ptolemy.data.expr.Parameter" value="0.3048*meter">
                                    </property>
                                    <property name="yard" class="ptolemy.data.expr.Parameter" value="3*foot">
                                    </property>
                                    <property name="cord" class="ptolemy.data.expr.Parameter" value="128*foot^3">
                                    </property>
                                    <property name="footUSSurvey" class="ptolemy.data.expr.Parameter" value="0.3048006*meter">
                                    </property>
                                    <property name="fathom" class="ptolemy.data.expr.Parameter" value="6*footUSSurvey">
                                    </property>
                                    <property name="acre" class="ptolemy.data.expr.Parameter" value="43560*footUSSurvey^2">
                                    </property>
                                    <property name="acreFoot" class="ptolemy.data.expr.Parameter" value="acre*footUSSurvey">
                                    </property>
                                    <property name="mileNautical" class="ptolemy.data.expr.Parameter" value="1852*meter">
                                    </property>
                                    <property name="mile" class="ptolemy.data.expr.Parameter" value="5280*foot">
                                    </property>
                                    <property name="barn" class="ptolemy.data.expr.Parameter" value="1E-28*meter^2">
                                    </property>
                                    <property name="hectare" class="ptolemy.data.expr.Parameter" value="1E+4*meter^2">
                                    </property>
                                    <property name="knot" class="ptolemy.data.expr.Parameter" value="mileNautical/hour">
                                    </property>
                                    <property name="mph" class="ptolemy.data.expr.Parameter" value="mile/hour">
                                    </property>
                                    <property name="tonMetric" class="ptolemy.data.expr.Parameter" value="1000*kg">
                                    </property>
                                    <property name="pound" class="ptolemy.data.expr.Parameter" value="453.5924*gram">
                                    </property>
                                    <property name="ton" class="ptolemy.data.expr.Parameter" value="2000*pound">
                                    </property>
                                    <property name="tonLong" class="ptolemy.data.expr.Parameter" value="2240*pound">
                                    </property>
                                    <property name="oz" class="ptolemy.data.expr.Parameter" value="pound/16">
                                    </property>
                                    <property name="poundTroy" class="ptolemy.data.expr.Parameter" value="373.2417">
                                    </property>
                                    <property name="ounceTroy" class="ptolemy.data.expr.Parameter" value="poundTroy/12">
                                    </property>
                                    <property name="earthGravity" class="ptolemy.data.expr.Parameter" value="9.80665*meter/second^2">
                                    </property>
                                    <property name="ounceForce" class="ptolemy.data.expr.Parameter" value="oz*earthGravity">
                                    </property>
                                    <property name="poundForce" class="ptolemy.data.expr.Parameter" value="pound*earthGravity">
                                    </property>
                                    <property name="psi" class="ptolemy.data.expr.Parameter" value="pound/inch^2">
                                    </property>
                                    <property name="pascal" class="ptolemy.data.expr.Parameter" value="10*dyne/cm^2">
                                    </property>
                                    <property name="atm" class="ptolemy.data.expr.Parameter" value="101325*pascal">
                                    </property>
                                    <property name="bar" class="ptolemy.data.expr.Parameter" value="100000*pascal">
                                    </property>
                                    <property name="millibar" class="ptolemy.data.expr.Parameter" value="100*pascal">
                                    </property>
                                    <property name="inchOfWater" class="ptolemy.data.expr.Parameter" value="249.0889*pascal">
                                    </property>
                                    <property name="mmOfWater" class="ptolemy.data.expr.Parameter" value="inchOfWater/25.4">
                                    </property>
                                    <property name="inchOfMercury" class="ptolemy.data.expr.Parameter" value="3386.389*pascal">
                                    </property>
                                    <property name="mmOfMercury" class="ptolemy.data.expr.Parameter" value="inchOfMercury/25.4">
                                    </property>
                                    <property name="torr" class="ptolemy.data.expr.Parameter" value="mmOfMercury">
                                    </property>
                                    <property name="rankine" class="ptolemy.data.expr.Parameter" value="5*kelvin/9">
                                    </property>
                                    <property name="thermUS" class="ptolemy.data.expr.Parameter" value="1.054804E+8*joule">
                                    </property>
                                    <property name="btuIT" class="ptolemy.data.expr.Parameter" value="1055.056*joule">
                                    </property>
                                    <property name="tonTNT" class="ptolemy.data.expr.Parameter" value="4.184E+9*joule">
                                    </property>
                                    <property name="calorie" class="ptolemy.data.expr.Parameter" value="4.1868*joule">
                                    </property>
                                    <property name="tonOfRefrigeration" class="ptolemy.data.expr.Parameter" value="12000*btuIT/hour">
                                    </property>
                                    <property name="hp" class="ptolemy.data.expr.Parameter" value="550*foot*poundForce/second">
                                    </property>
                                    <property name="centipoise" class="ptolemy.data.expr.Parameter" value="1E-3*pascal*second">
                                    </property>
                                    <property name="poise" class="ptolemy.data.expr.Parameter" value="1E-1*pascal*second">
                                    </property>
                                    <property name="centistoke" class="ptolemy.data.expr.Parameter" value="1E-6*meter^2/second">
                                    </property>
                                    <property name="stoke" class="ptolemy.data.expr.Parameter" value="1E-4*meter^2/second">
                                    </property>
                                    <property name="kg" class="ptolemy.data.expr.Parameter" value="kilogram">
                                    </property>
                                    <property name="amp" class="ptolemy.data.expr.Parameter" value="ampere">
                                    </property>
                                    <property name="sec" class="ptolemy.data.expr.Parameter" value="second">
                                    </property>
                                    <property name="gallons" class="ptolemy.data.expr.Parameter" value="gallon">
                                    </property>
                                    <property name="watts" class="ptolemy.data.expr.Parameter" value="watt">
                                    </property>
                                    <property name="calories" class="ptolemy.data.expr.Parameter" value="calorie">
                                    </property>
                                    <property name="seconds" class="ptolemy.data.expr.Parameter" value="second">
                                    </property>
                                    <property name="secs" class="ptolemy.data.expr.Parameter" value="second">
                                    </property>
                                    <property name="time" class="ptolemy.data.expr.Parameter" value="second">
                                    </property>
                                    <property name="degrees" class="ptolemy.data.expr.Parameter" value="degree">
                                    </property>
                                    <property name="_iconDescription" class="ptolemy.kernel.util.SingletonConfigurableAttribute">
                                        <configure>
      <svg>
        <rect x="-30" y="-15" width="60" height="30" style="fill:grey"></rect>
      </svg>
    </configure>
                                    </property>
                                </property>
                                <property name="minute" class="ptolemy.data.expr.Parameter" value="60*second">
                                </property>
                                <property name="hour" class="ptolemy.data.expr.Parameter" value="3600*second">
                                </property>
                                <property name="day" class="ptolemy.data.expr.Parameter" value="24*hour">
                                </property>
                                <property name="yearCalendar" class="ptolemy.data.expr.Parameter" value="365.2425*day">
                                </property>
                                <property name="yearSidereal" class="ptolemy.data.expr.Parameter" value="31558150*second">
                                </property>
                                <property name="yearTropical" class="ptolemy.data.expr.Parameter" value="31556930*second">
                                </property>
                                <property name="curie" class="ptolemy.data.expr.Parameter" value="3.7E+10/second">
                                </property>
                                <property name="angstrom" class="ptolemy.data.expr.Parameter" value="1E-10*meter">
                                </property>
                                <property name="gallonCanadian" class="ptolemy.data.expr.Parameter" value="4546.09*cm^3">
                                </property>
                                <property name="gallonUS" class="ptolemy.data.expr.Parameter" value="3785.412*cm^3">
                                </property>
                                <property name="gallon" class="ptolemy.data.expr.Parameter" value="gallonUS">
                                </property>
                                <property name="barrel" class="ptolemy.data.expr.Parameter" value="42*gallonUS">
                                </property>
                                <property name="ozFluidUS" class="ptolemy.data.expr.Parameter" value="gallonUS/128">
                                </property>
                                <property name="tablespoon" class="ptolemy.data.expr.Parameter" value="ozFluidUS/2">
                                </property>
                                <property name="teaspoon" class="ptolemy.data.expr.Parameter" value="ozFluidUS/6">
                                </property>
                                <property name="cup" class="ptolemy.data.expr.Parameter" value="8*ozFluidUS">
                                </property>
                                <property name="pint" class="ptolemy.data.expr.Parameter" value="2*cup">
                                </property>
                                <property name="quart" class="ptolemy.data.expr.Parameter" value="2*pint">
                                </property>
                                <property name="astronomicalUnit" class="ptolemy.data.expr.Parameter" value="1.495979E+11*meter">
                                </property>
                                <property name="inch" class="ptolemy.data.expr.Parameter" value="0.0254*meter">
                                </property>
                                <property name="foot" class="ptolemy.data.expr.Parameter" value="0.3048*meter">
                                </property>
                                <property name="yard" class="ptolemy.data.expr.Parameter" value="3*foot">
                                </property>
                                <property name="cord" class="ptolemy.data.expr.Parameter" value="128*foot^3">
                                </property>
                                <property name="footUSSurvey" class="ptolemy.data.expr.Parameter" value="0.3048006*meter">
                                </property>
                                <property name="fathom" class="ptolemy.data.expr.Parameter" value="6*footUSSurvey">
                                </property>
                                <property name="acre" class="ptolemy.data.expr.Parameter" value="43560*footUSSurvey^2">
                                </property>
                                <property name="acreFoot" class="ptolemy.data.expr.Parameter" value="acre*footUSSurvey">
                                </property>
                                <property name="mileNautical" class="ptolemy.data.expr.Parameter" value="1852*meter">
                                </property>
                                <property name="mile" class="ptolemy.data.expr.Parameter" value="5280*foot">
                                </property>
                                <property name="barn" class="ptolemy.data.expr.Parameter" value="1E-28*meter^2">
                                </property>
                                <property name="hectare" class="ptolemy.data.expr.Parameter" value="1E+4*meter^2">
                                </property>
                                <property name="knot" class="ptolemy.data.expr.Parameter" value="mileNautical/hour">
                                </property>
                                <property name="mph" class="ptolemy.data.expr.Parameter" value="mile/hour">
                                </property>
                                <property name="tonMetric" class="ptolemy.data.expr.Parameter" value="1000*kg">
                                </property>
                                <property name="pound" class="ptolemy.data.expr.Parameter" value="453.5924*gram">
                                </property>
                                <property name="ton" class="ptolemy.data.expr.Parameter" value="2000*pound">
                                </property>
                                <property name="tonLong" class="ptolemy.data.expr.Parameter" value="2240*pound">
                                </property>
                                <property name="oz" class="ptolemy.data.expr.Parameter" value="pound/16">
                                </property>
                                <property name="poundTroy" class="ptolemy.data.expr.Parameter" value="373.2417">
                                </property>
                                <property name="ounceTroy" class="ptolemy.data.expr.Parameter" value="poundTroy/12">
                                </property>
                                <property name="earthGravity" class="ptolemy.data.expr.Parameter" value="9.80665*meter/second^2">
                                </property>
                                <property name="ounceForce" class="ptolemy.data.expr.Parameter" value="oz*earthGravity">
                                </property>
                                <property name="poundForce" class="ptolemy.data.expr.Parameter" value="pound*earthGravity">
                                </property>
                                <property name="psi" class="ptolemy.data.expr.Parameter" value="pound/inch^2">
                                </property>
                                <property name="pascal" class="ptolemy.data.expr.Parameter" value="10*dyne/cm^2">
                                </property>
                                <property name="atm" class="ptolemy.data.expr.Parameter" value="101325*pascal">
                                </property>
                                <property name="bar" class="ptolemy.data.expr.Parameter" value="100000*pascal">
                                </property>
                                <property name="millibar" class="ptolemy.data.expr.Parameter" value="100*pascal">
                                </property>
                                <property name="inchOfWater" class="ptolemy.data.expr.Parameter" value="249.0889*pascal">
                                </property>
                                <property name="mmOfWater" class="ptolemy.data.expr.Parameter" value="inchOfWater/25.4">
                                </property>
                                <property name="inchOfMercury" class="ptolemy.data.expr.Parameter" value="3386.389*pascal">
                                </property>
                                <property name="mmOfMercury" class="ptolemy.data.expr.Parameter" value="inchOfMercury/25.4">
                                </property>
                                <property name="torr" class="ptolemy.data.expr.Parameter" value="mmOfMercury">
                                </property>
                                <property name="rankine" class="ptolemy.data.expr.Parameter" value="5*kelvin/9">
                                </property>
                                <property name="thermUS" class="ptolemy.data.expr.Parameter" value="1.054804E+8*joule">
                                </property>
                                <property name="btuIT" class="ptolemy.data.expr.Parameter" value="1055.056*joule">
                                </property>
                                <property name="tonTNT" class="ptolemy.data.expr.Parameter" value="4.184E+9*joule">
                                </property>
                                <property name="calorie" class="ptolemy.data.expr.Parameter" value="4.1868*joule">
                                </property>
                                <property name="tonOfRefrigeration" class="ptolemy.data.expr.Parameter" value="12000*btuIT/hour">
                                </property>
                                <property name="watt" class="ptolemy.data.expr.Parameter" value="joule/second">
                                </property>
                                <property name="hp" class="ptolemy.data.expr.Parameter" value="550*foot*poundForce/second">
                                </property>
                                <property name="centipoise" class="ptolemy.data.expr.Parameter" value="1E-3*pascal*second">
                                </property>
                                <property name="poise" class="ptolemy.data.expr.Parameter" value="1E-1*pascal*second">
                                </property>
                                <property name="centistoke" class="ptolemy.data.expr.Parameter" value="1E-6*meter^2/second">
                                </property>
                                <property name="stoke" class="ptolemy.data.expr.Parameter" value="1E-4*meter^2/second">
                                </property>
                            </group>
                        </configure>
                    </entity>
                    <entity name="PteraModalModel" class="ptolemy.domains.ptera.kernel.PteraModalModel">
                    </entity>
                </group>
            </configure>
        </entity>
        <entity name="Directors" class="ptolemy.moml.EntityLibrary">
            <configure>
                <group>
                    <doc>default director library</doc>
                    <property name="SDF Director" class="ptolemy.domains.sdf.kernel.SDFDirector">
                        <property name="iterations" class="ptolemy.data.expr.Parameter" value="AUTO">
                        </property>
                    </property>
                    <property name="DDF Director" class="ptolemy.domains.ddf.kernel.DDFDirector">
                    </property>
                    <property name="HDF Director" class="ptolemy.domains.hdf.kernel.HDFDirector">
                    </property>
                    <property name="PN Director" class="ptolemy.domains.pn.kernel.PNDirector">
                    </property>
                    <property name="DE Director" class="ptolemy.domains.de.kernel.DEDirector">
                    </property>
                    <property name="SR Director" class="ptolemy.domains.sr.kernel.SRDirector">
                    </property>
                    <property name="Rendezvous Director" class="ptolemy.domains.rendezvous.kernel.RendezvousDirector">
                    </property>
                    <property name="FSM Director" class="ptolemy.domains.modal.kernel.FSMDirector">
                    </property>
                    <property name="Continuous Director" class="ptolemy.domains.continuous.kernel.ContinuousDirector">
                    </property>
                    <property name="Director" class="ptolemy.actor.Director">
                        <doc>Simple director that executes actors in the order in which they were created.</doc>
                        <property name="iterations" class="ptolemy.data.expr.Parameter" value="0">
                        </property>
                    </property>
                    <entity name="ExperimentalDirectors" class="ptolemy.moml.EntityLibrary">
                        <configure>
                            <group>
                                <doc>experimental director library</doc>
                                <property name="CA Director" class="ptolemy.domains.ca.kernel.CADirector">
                                </property>
                                <property name="CI Director" class="ptolemy.domains.ci.kernel.CIDirector">
                                </property>
                                <property name="Do Nothing Director" class="ptolemy.actor.DoNothingDirector">
                                </property>
                                <property name="DT Director" class="ptolemy.domains.dt.kernel.DTDirector">
                                </property>
                                <property name="Giotto Director" class="ptolemy.domains.giotto.kernel.GiottoDirector">
                                </property>
                                <property name="OpenModelica Director" class="ptolemy.domains.openmodelica.kernel.OpenModelicaDirector">
                                </property>
                                <property name="Timed PN Director" class="ptolemy.domains.pn.kernel.TimedPNDirector">
                                </property>
                                <property name="TM Director" class="ptolemy.domains.tm.kernel.TMDirector">
                                </property>
                                <property name="PSDF_Director" class="ptolemy.domains.psdf.kernel.PSDFDirector">
                                </property>
                                <property name="PetriNet Director" class="ptolemy.domains.petrinet.kernel.PetriNetDirector">
                                </property>
                                <property name="DDE Director" class="ptolemy.domains.dde.kernel.DDEDirector">
                                </property>
                                <property name="Pthales Director" class="ptolemy.domains.pthales.kernel.PthalesDirector">
                                </property>
                                <property name="QSSDirector" class="ptolemy.domains.qss.kernel.QSSDirector">
                                </property>
                            </group>
                        </configure>
                    </entity>
                </group>
            </configure>
        </entity>
        <entity name="Actors" class="ptolemy.moml.EntityLibrary">
            <configure>
                <group>
                    <entity name="Sources" class="ptolemy.moml.EntityLibrary">
                        <configure>
                            <group>
                                <entity name="GenericSources" class="ptolemy.moml.EntityLibrary">
                                    <configure>
                                        <group>
                                            <doc>Sources of sequences of values. </doc>
                                            <entity name="Const" class="ptolemy.actor.lib.Const">
                                                <doc>Create a constant sequence.</doc>
                                                <property name="_icon" class="ptolemy.vergil.icon.BoxedValueIcon">
                                                    <property name="attributeName" class="ptolemy.kernel.util.StringAttribute" value="value">
                                                    </property>
                                                    <property name="displayWidth" class="ptolemy.data.expr.Parameter" value="60">
                                                    </property>
                                                </property>
                                            </entity>
                                            <entity name="StringConst" class="ptolemy.actor.lib.StringConst">
                                                <doc>Create a constant sequence with a string value.</doc>
                                                <property name="_icon" class="ptolemy.vergil.icon.BoxedValueIcon">
                                                    <property name="attributeName" class="ptolemy.kernel.util.StringAttribute" value="value">
                                                    </property>
                                                    <property name="displayWidth" class="ptolemy.data.expr.Parameter" value="80">
                                                    </property>
                                                    <property name="displayHeight" class="ptolemy.data.expr.Parameter" value="10">
                                                    </property>
                                                </property>
                                            </entity>
                                            <entity name="Subscriber" class="ptolemy.actor.lib.Subscriber">
                                                <doc>Produce a sequence generated by a matching Publisher.</doc>
                                                <property name="_icon" class="ptolemy.vergil.icon.BoxedValueIcon">
                                                    <property name="attributeName" class="ptolemy.kernel.util.StringAttribute" value="channel">
                                                    </property>
                                                    <property name="displayWidth" class="ptolemy.data.expr.Parameter" value="60">
                                                    </property>
                                                    <property name="boxColor" class="ptolemy.actor.gui.ColorAttribute" value="{0.76, 0.84, 0.6, 1.0}">
                                                    </property>
                                                </property>
                                            </entity>
                                            <entity name="SubscriptionAggregator" class="ptolemy.actor.lib.SubscriptionAggregator">
                                                <doc>Aggregate sequences generated by matching Publishers.</doc>
                                                <property name="_icon" class="ptolemy.vergil.icon.BoxedValueIcon">
                                                    <property name="attributeName" class="ptolemy.kernel.util.StringAttribute" value="channel">
                                                    </property>
                                                    <property name="displayWidth" class="ptolemy.data.expr.Parameter" value="60">
                                                    </property>
                                                    <property name="boxColor" class="ptolemy.actor.gui.ColorAttribute" value="{1.0, 0.8, 0.0, 1.0}">
                                                    </property>
                                                </property>
                                            </entity>
                                        </group>
                                    </configure>
                                </entity>
                                <entity name="TimedSources" class="ptolemy.moml.EntityLibrary">
                                    <configure>
                                        <group>
                                            <doc>Sources that depend on time.</doc>
                                            <entity name="CurrentDate" class="ptolemy.actor.lib.CurrentDate">
                                                <doc>Output the current date.</doc>
                                            </entity>
                                            <entity name="CurrentTime" class="ptolemy.actor.lib.CurrentTime">
                                                <doc>Output the current time.</doc>
                                            </entity>
                                            <entity name="CurrentMicrostep" class="ptolemy.actor.lib.CurrentMicrostep">
                                                <doc>Output the current microstep.</doc>
                                            </entity>
                                            <entity name="DiscreteClock" class="ptolemy.actor.lib.DiscreteClock">
                                                <doc>Create periodic timed events.</doc>
                                            </entity>
                                            <entity name="PoissonClock" class="ptolemy.actor.lib.PoissonClock">
                                            </entity>
                                            <entity name="TriggeredSinewave" class="ptolemy.actor.lib.TriggeredSinewave">
                                            </entity>
                                        </group>
                                    </configure>
                                </entity>
                                <entity name="SequenceSources" class="ptolemy.moml.EntityLibrary">
                                    <configure>
                                        <group>
                                            <doc>Sources of sequences of values. </doc>
                                            <entity name="InteractiveDialog" class="ptolemy.actor.lib.gui.InteractiveDialog">
                                                <property name="_windowProperties" class="ptolemy.actor.gui.WindowPropertiesAttribute">
                                                </property>
                                                <doc>Produce strings from an interactive dialog on the screen</doc>
                                            </entity>
                                            <entity name="InteractiveShell" class="ptolemy.actor.lib.gui.InteractiveShell">
                                                <property name="_windowProperties" class="ptolemy.actor.gui.WindowPropertiesAttribute">
                                                </property>
                                                <doc>Produce strings from an interactive shell on the screen</doc>
                                            </entity>
                                            <entity name="Interpolator" class="ptolemy.actor.lib.Interpolator">
                                            </entity>
                                            <entity name="Pulse" class="ptolemy.actor.lib.Pulse">
                                            </entity>
                                            <entity name="Ramp" class="ptolemy.actor.lib.Ramp">
                                                <doc>Create a sequence of tokens with increasing value</doc>
                                            </entity>
                                            <entity name="Sequence" class="ptolemy.actor.lib.Sequence">
                                            </entity>
                                            <entity name="Sinewave" class="ptolemy.actor.lib.Sinewave">
                                            </entity>
                                            <entity name="SketchedSource" class="ptolemy.actor.lib.gui.SketchedSource">
                                                <property name="_windowProperties" class="ptolemy.actor.gui.WindowPropertiesAttribute">
                                                </property>
                                                <property name="_plotSize" class="ptolemy.actor.gui.SizeAttribute">
                                                </property>
                                                <doc>Create values from a sketch on the screen</doc>
                                            </entity>
                                        </group>
                                    </configure>
                                </entity>
                            </group>
                        </configure>
                    </entity>
                    <entity name="Sinks" class="ptolemy.moml.EntityLibrary">
                        <configure>
                            <group>
                                <doc>Domain-polymorphic sinks</doc>
                                <entity name="GenericSinks" class="ptolemy.moml.EntityLibrary">
                                    <configure>
                                        <group>
                                            <doc>Sinks that work with any style of input (timed or not). </doc>
                                            <entity name="ArrayPlotterXY" class="ptolemy.actor.lib.gui.ArrayPlotterXY">
                                                <property name="_windowProperties" class="ptolemy.actor.gui.WindowPropertiesAttribute">
                                                </property>
                                                <property name="_plotSize" class="ptolemy.actor.gui.SizeAttribute">
                                                </property>
                                            </entity>
                                            <entity name="Discard" class="ptolemy.actor.lib.Discard">
                                                <property name="_hideName" class="ptolemy.data.expr.SingletonParameter" value="true">
                                                </property>
                                                <port name="input" class="ptolemy.actor.TypedIOPort">
                                                    <property name="input"/>
                                                    <property name="multiport"/>
                                                    <property name="_cardinal" class="ptolemy.kernel.util.StringAttribute" value="NORTH">
                                                    </property>
                                                </port>
                                            </entity>
                                            <entity name="Display" class="ptolemy.actor.lib.gui.Display">
                                                <property name="_windowProperties" class="ptolemy.actor.gui.WindowPropertiesAttribute">
                                                </property>
                                                <property name="_paneSize" class="ptolemy.actor.gui.SizeAttribute">
                                                </property>
                                            </entity>
                                            <entity name="MonitorValue" class="ptolemy.actor.lib.gui.MonitorValue">
                                                <doc>Monitor and display values</doc>
                                                <property name="displayWidth" class="ptolemy.data.expr.Parameter" value="20">
                                                </property>
                                                <property name="_icon" class="ptolemy.vergil.icon.UpdatedValueIcon">
                                                    <property name="attributeName" class="ptolemy.kernel.util.StringAttribute" value="value">
                                                    </property>
                                                    <property name="displayWidth" class="ptolemy.data.expr.Parameter" value="displayWidth">
                                                    </property>
                                                </property>
                                            </entity>
                                            <entity name="Publisher" class="ptolemy.actor.lib.Publisher">
                                                <doc>Publish the input values to all matching Subscribers.</doc>
                                                <property name="_icon" class="ptolemy.vergil.icon.BoxedValueIcon">
                                                    <property name="attributeName" class="ptolemy.kernel.util.StringAttribute" value="channel">
                                                    </property>
                                                    <property name="displayWidth" class="ptolemy.data.expr.Parameter" value="60">
                                                    </property>
                                                    <property name="boxColor" class="ptolemy.actor.gui.ColorAttribute" value="{0.85, 0.6, 0.58, 1.0}">
                                                    </property>
                                                </property>
                                            </entity>
                                            <entity name="Recorder" class="ptolemy.actor.lib.Recorder">
                                            </entity>
                                            <entity name="SetVariable" class="ptolemy.actor.lib.SetVariable">
                                                <property name="_icon" class="ptolemy.vergil.icon.BoxedValueIcon">
                                                    <property name="attributeName" class="ptolemy.kernel.util.StringAttribute" value="variableName">
                                                    </property>
                                                    <property name="displayWidth" class="ptolemy.data.expr.Parameter" value="40">
                                                    </property>
                                                </property>
                                            </entity>
                                            <entity name="XYPlotter" class="ptolemy.actor.lib.gui.XYPlotter">
                                                <property name="_windowProperties" class="ptolemy.actor.gui.WindowPropertiesAttribute">
                                                </property>
                                                <property name="_plotSize" class="ptolemy.actor.gui.SizeAttribute">
                                                </property>
                                            </entity>
                                            <entity name="XYScope" class="ptolemy.actor.lib.gui.XYScope">
                                                <property name="_windowProperties" class="ptolemy.actor.gui.WindowPropertiesAttribute">
                                                </property>
                                                <property name="_plotSize" class="ptolemy.actor.gui.SizeAttribute">
                                                </property>
                                            </entity>
                                        </group>
                                    </configure>
                                </entity>
                                <entity name="TimedSinks" class="ptolemy.moml.EntityLibrary">
                                    <configure>
                                        <group>
                                            <doc>Sinks that are time based. </doc>
                                            <entity name="TimedDisplay" class="ptolemy.actor.lib.gui.TimedDisplay">
                                                <property name="_windowProperties" class="ptolemy.actor.gui.WindowPropertiesAttribute">
                                                </property>
                                                <property name="_paneSize" class="ptolemy.actor.gui.SizeAttribute">
                                                </property>
                                            </entity>
                                            <entity name="TimedMonitorValue" class="ptolemy.actor.lib.gui.TimedMonitorValue">
                                                <doc>Monitor and display values</doc>
                                                <property name="displayWidth" class="ptolemy.data.expr.Parameter" value="20">
                                                </property>
                                                <property name="_icon" class="ptolemy.vergil.icon.UpdatedValueIcon">
                                                    <property name="attributeName" class="ptolemy.kernel.util.StringAttribute" value="value">
                                                    </property>
                                                    <property name="displayWidth" class="ptolemy.data.expr.Parameter" value="displayWidth">
                                                    </property>
                                                </property>
                                            </entity>
                                            <entity name="TimedPlotter" class="ptolemy.actor.lib.gui.TimedPlotter">
                                                <property name="_windowProperties" class="ptolemy.actor.gui.WindowPropertiesAttribute">
                                                </property>
                                                <property name="_plotSize" class="ptolemy.actor.gui.SizeAttribute">
                                                </property>
                                            </entity>
                                            <entity name="TimedScope" class="ptolemy.actor.lib.gui.TimedScope">
                                                <property name="_windowProperties" class="ptolemy.actor.gui.WindowPropertiesAttribute">
                                                </property>
                                                <property name="_plotSize" class="ptolemy.actor.gui.SizeAttribute">
                                                </property>
                                            </entity>
                                        </group>
                                    </configure>
                                </entity>
                                <entity name="SequenceSinks" class="ptolemy.moml.EntityLibrary">
                                    <configure>
                                        <group>
                                            <doc>Sinks for inputs that are sequences of tokens. </doc>
                                            <entity name="ArrayPlotter" class="ptolemy.actor.lib.gui.ArrayPlotter">
                                                <property name="_windowProperties" class="ptolemy.actor.gui.WindowPropertiesAttribute">
                                                </property>
                                                <property name="_plotSize" class="ptolemy.actor.gui.SizeAttribute">
                                                </property>
                                            </entity>
                                            <entity name="BarGraph" class="ptolemy.actor.lib.gui.BarGraph">
                                                <property name="_windowProperties" class="ptolemy.actor.gui.WindowPropertiesAttribute">
                                                </property>
                                                <property name="_plotSize" class="ptolemy.actor.gui.SizeAttribute">
                                                </property>
                                            </entity>
                                            <entity name="HistogramPlotter" class="ptolemy.actor.lib.gui.HistogramPlotter">
                                                <property name="_windowProperties" class="ptolemy.actor.gui.WindowPropertiesAttribute">
                                                </property>
                                                <property name="_plotSize" class="ptolemy.actor.gui.SizeAttribute">
                                                </property>
                                            </entity>
                                            <entity name="SequencePlotter" class="ptolemy.actor.lib.gui.SequencePlotter">
                                                <property name="_windowProperties" class="ptolemy.actor.gui.WindowPropertiesAttribute">
                                                </property>
                                                <property name="_plotSize" class="ptolemy.actor.gui.SizeAttribute">
                                                </property>
                                            </entity>
                                            <entity name="SequenceScope" class="ptolemy.actor.lib.gui.SequenceScope">
                                                <property name="_windowProperties" class="ptolemy.actor.gui.WindowPropertiesAttribute">
                                                </property>
                                                <property name="_plotSize" class="ptolemy.actor.gui.SizeAttribute">
                                                </property>
                                            </entity>
                                        </group>
                                    </configure>
                                </entity>
                            </group>
                        </configure>
                    </entity>
                    <entity name="Array" class="ptolemy.moml.EntityLibrary">
                        <configure>
                            <group>
                                <doc>Array manipulation actors</doc>
                                <entity name="ArrayAccumulate" class="ptolemy.actor.lib.ArrayAccumulate">
                                </entity>
                                <entity name="ArrayAppend" class="ptolemy.actor.lib.ArrayAppend">
                                </entity>
                                <entity name="ArrayAverage" class="ptolemy.actor.lib.ArrayAverage">
                                </entity>
                                <entity name="ArrayContains" class="ptolemy.actor.lib.ArrayContains">
                                </entity>
                                <entity name="ArrayElement" class="ptolemy.actor.lib.ArrayElement">
                                </entity>
                                <entity name="ArrayElementAsMatrix" class="ptolemy.actor.lib.ArrayElementAsMatrix">
                                </entity>
                                <entity name="ArrayExtract" class="ptolemy.actor.lib.ArrayExtract">
                                </entity>
                                <entity name="ArrayLength" class="ptolemy.actor.lib.ArrayLength">
                                </entity>
                                <entity name="ArrayLevelCrossing" class="ptolemy.actor.lib.ArrayLevelCrossing">
                                </entity>
                                <entity name="ArrayMaximum" class="ptolemy.actor.lib.ArrayMaximum">
                                </entity>
                                <entity name="ArrayMinimum" class="ptolemy.actor.lib.ArrayMinimum">
                                </entity>
                                <entity name="ArrayPeakSearch" class="ptolemy.actor.lib.ArrayPeakSearch">
                                </entity>
                                <entity name="ArrayRemoveElement" class="ptolemy.actor.lib.ArrayRemoveElement">
                                </entity>
                                <entity name="ArraySort" class="ptolemy.actor.lib.ArraySort">
                                </entity>
                                <entity name="ArraySum" class="ptolemy.actor.lib.ArraySum">
                                </entity>
                                <entity name="ArrayToElements" class="ptolemy.actor.lib.ArrayToElements">
                                </entity>
                                <entity name="ArrayToSequence" class="ptolemy.domains.sdf.lib.ArrayToSequence">
                                </entity>
                                <entity name="ArrayUpdate" class="ptolemy.actor.lib.ArrayUpdate">
                                </entity>
                                <entity name="ElementsToArray" class="ptolemy.actor.lib.ElementsToArray">
                                </entity>
                                <entity name="SequenceToArray" class="ptolemy.domains.sdf.lib.SequenceToArray">
                                </entity>
                            </group>
                        </configure>
                    </entity>
                    <entity name="Conversions" class="ptolemy.moml.EntityLibrary">
                        <configure>
                            <group>
                                <doc>Conversion actors</doc>
                                <entity name="AnythingToDouble" class="ptolemy.actor.lib.conversions.AnythingToDouble">
                                </entity>
                                <entity name="BooleanToAnything" class="ptolemy.actor.lib.conversions.BooleanToAnything">
                                </entity>
                                <entity name="BitsToInt" class="ptolemy.domains.sdf.lib.BitsToInt">
                                </entity>
                                <entity name="CartesianToComplex" class="ptolemy.actor.lib.conversions.CartesianToComplex">
                                </entity>
                                <entity name="CartesianToPolar" class="ptolemy.actor.lib.conversions.CartesianToPolar">
                                </entity>
                                <entity name="ComplexToCartesian" class="ptolemy.actor.lib.conversions.ComplexToCartesian">
                                </entity>
                                <entity name="ComplexToPolar" class="ptolemy.actor.lib.conversions.ComplexToPolar">
                                </entity>
                                <entity name="DateToString" class="ptolemy.actor.lib.conversions.DateToString">
                                </entity>
                                <entity name="DoubleToFix" class="ptolemy.actor.lib.conversions.DoubleToFix">
                                    <property name="quantization" class="ptolemy.kernel.util.Attribute">
                                        <property name="style" class="ptolemy.actor.gui.style.ChoiceStyle">
                                            <property name="round" class="ptolemy.kernel.util.StringAttribute" value="round">
                                            </property>
                                            <property name="truncate" class="ptolemy.kernel.util.StringAttribute" value="truncate">
                                            </property>
                                        </property>
                                    </property>
                                </entity>
                                <entity name="ExpressionToToken" class="ptolemy.actor.lib.conversions.ExpressionToToken">
                                </entity>
                                <entity name="FixToDouble" class="ptolemy.actor.lib.conversions.FixToDouble">
                                </entity>
                                <entity name="FixToFix" class="ptolemy.actor.lib.conversions.FixToFix">
                                    <property name="overflow" class="ptolemy.kernel.util.StringAttribute" value="saturate">
                                        <property name="style" class="ptolemy.actor.gui.style.ChoiceStyle">
                                            <property name="saturate" class="ptolemy.kernel.util.StringAttribute" value="saturate">
                                            </property>
                                            <property name="overflow_to_zero" class="ptolemy.kernel.util.StringAttribute" value="overflow_to_zero">
                                            </property>
                                        </property>
                                    </property>
                                    <property name="quantization" class="ptolemy.kernel.util.Attribute">
                                        <property name="style" class="ptolemy.actor.gui.style.ChoiceStyle">
                                            <property name="round" class="ptolemy.kernel.util.StringAttribute" value="round">
                                            </property>
                                            <property name="truncate" class="ptolemy.kernel.util.StringAttribute" value="truncate">
                                            </property>
                                        </property>
                                    </property>
                                </entity>
                                <entity name="ImageToString" class="ptolemy.actor.lib.conversions.ImageToString">
                                    <property name="compression" class="ptolemy.data.expr.StringParameter" value="png">
                                        <property name="style" class="ptolemy.actor.gui.style.ChoiceStyle">
                                            <property name="gif" class="ptolemy.kernel.util.StringAttribute" value="gif">
                                            </property>
                                            <property name="png" class="ptolemy.kernel.util.StringAttribute" value="png">
                                            </property>
                                            <property name="jpg" class="ptolemy.kernel.util.StringAttribute" value="jpg">
                                            </property>
                                        </property>
                                    </property>
                                </entity>
                                <entity name="IntArrayToString" class="ptolemy.actor.lib.conversions.IntArrayToString">
                                </entity>
                                <entity name="IntToBits" class="ptolemy.domains.sdf.lib.IntToBits">
                                </entity>
                                <entity name="InUnitsOf" class="ptolemy.actor.lib.conversions.InUnitsOf">
                                    <property name="_icon" class="ptolemy.vergil.icon.BoxedValueIcon">
                                        <property name="attributeName" class="ptolemy.kernel.util.StringAttribute" value="units">
                                        </property>
                                        <property name="displayWidth" class="ptolemy.data.expr.Parameter" value="40">
                                        </property>
                                    </property>
                                </entity>
                                <entity name="JSON" class="ptolemy.moml.EntityLibrary">
                                    <configure>
                                        <group>
                                            <doc>JSON Conversion actors</doc>
                                            <entity name="JSONToToken" class="ptolemy.actor.lib.conversions.json.JSONToToken">
                                            </entity>
                                            <entity name="TokenToJSON" class="ptolemy.actor.lib.conversions.json.TokenToJSON">
                                            </entity>
                                        </group>
                                    </configure>
                                </entity>
                                <entity name="LongToDouble" class="ptolemy.actor.lib.conversions.LongToDouble">
                                </entity>
                                <entity name="PolarToCartesian" class="ptolemy.actor.lib.conversions.PolarToCartesian">
                                </entity>
                                <entity name="PolarToComplex" class="ptolemy.actor.lib.conversions.PolarToComplex">
                                </entity>
                                <entity name="Round" class="ptolemy.actor.lib.conversions.Round">
                                    <property name="function" class="ptolemy.kernel.util.StringAttribute" value="round">
                                        <property name="style" class="ptolemy.actor.gui.style.ChoiceStyle">
                                            <property name="ceil" class="ptolemy.kernel.util.StringAttribute" value="ceil">
                                            </property>
                                            <property name="floor" class="ptolemy.kernel.util.StringAttribute" value="floor">
                                            </property>
                                            <property name="round" class="ptolemy.kernel.util.StringAttribute" value="round">
                                            </property>
                                            <property name="truncate" class="ptolemy.kernel.util.StringAttribute" value="truncate">
                                            </property>
                                        </property>
                                    </property>
                                </entity>
                                <entity name="SmoothToDouble" class="ptolemy.actor.lib.conversions.SmoothToDouble">
                                </entity>
                                <entity name="StringToBoolean" class="ptolemy.actor.lib.conversions.StringToBoolean">
                                </entity>
                                <entity name="StringToDouble" class="ptolemy.actor.lib.conversions.StringToDouble">
                                </entity>
                                <entity name="StringToInt" class="ptolemy.actor.lib.conversions.StringToInt">
                                </entity>
                                <entity name="StringToIntArray" class="ptolemy.actor.lib.conversions.StringToIntArray">
                                </entity>
                                <entity name="StringToUnsignedByteArray" class="ptolemy.actor.lib.conversions.StringToUnsignedByteArray">
                                </entity>
                                <entity name="StringToXML" class="ptolemy.actor.lib.conversions.StringToXML">
                                </entity>
                                <entity name="TokenToExpression" class="ptolemy.actor.lib.conversions.TokenToExpression">
                                </entity>
                                <entity name="UnsignedByteArrayToString" class="ptolemy.actor.lib.conversions.UnsignedByteArrayToString">
                                </entity>
                            </group>
                        </configure>
                    </entity>
                    <entity name="FlowControl" class="ptolemy.moml.EntityLibrary">
                        <configure>
                            <group>
                                <doc>Actors that route tokens or otherwise affect the flow of control.</doc>
                                <entity name="Aggregators" class="ptolemy.moml.EntityLibrary">
                                    <configure>
                                        <group>
                                            <doc>Actors that aggregate or disaggregate signals.</doc>
                                            <entity name="BusAssembler" class="ptolemy.actor.lib.BusAssembler">
                                            </entity>
                                            <entity name="BusDisassembler" class="ptolemy.actor.lib.BusDisassembler">
                                            </entity>
                                            <entity name="Commutator" class="ptolemy.actor.lib.Commutator">
                                            </entity>
                                            <entity name="Distributor" class="ptolemy.actor.lib.Distributor">
                                            </entity>
                                            <entity name="Multiplexor" class="ptolemy.actor.lib.Multiplexor">
                                            </entity>
                                            <entity name="OrderedRecordAssembler" class="ptolemy.actor.lib.OrderedRecordAssembler">
                                            </entity>
                                            <entity name="RecordAssembler" class="ptolemy.actor.lib.RecordAssembler">
                                            </entity>
                                            <entity name="RecordDisassembler" class="ptolemy.actor.lib.RecordDisassembler">
                                            </entity>
                                            <entity name="RecordUpdater" class="ptolemy.actor.lib.RecordUpdater">
                                            </entity>
                                            <entity name="Sampler" class="ptolemy.actor.lib.Sampler">
                                            </entity>
                                            <entity name="Select" class="ptolemy.actor.lib.Select">
                                            </entity>
                                            <entity name="SingleTokenCommutator" class="ptolemy.actor.lib.SingleTokenCommutator">
                                            </entity>
                                            <entity name="Switch" class="ptolemy.actor.lib.Switch">
                                            </entity>
                                            <entity name="Synchronizer" class="ptolemy.actor.lib.Synchronizer">
                                            </entity>
                                            <entity name="UnionDisassembler" class="ptolemy.actor.lib.UnionDisassembler">
                                            </entity>
                                            <entity name="UnionMerge" class="ptolemy.actor.lib.UnionMerge">
                                            </entity>
                                            <entity name="VectorAssembler" class="ptolemy.actor.lib.VectorAssembler">
                                            </entity>
                                            <entity name="VectorDisassembler" class="ptolemy.actor.lib.VectorDisassembler">
                                            </entity>
                                        </group>
                                    </configure>
                                </entity>
                                <entity name="BooleanFlowControl" class="ptolemy.moml.EntityLibrary">
                                    <configure>
                                        <group>
                                            <doc>Boolean Flow Control Actors</doc>
                                            <entity name="BooleanMultiplexor" class="ptolemy.actor.lib.BooleanMultiplexor">
                                            </entity>
                                            <entity name="BooleanSelect" class="ptolemy.actor.lib.BooleanSelect">
                                            </entity>
                                            <entity name="BooleanSwitch" class="ptolemy.actor.lib.BooleanSwitch">
                                            </entity>
                                            <entity name="ConfigurationSelect" class="ptolemy.actor.lib.ConfigurationSelect">
                                            </entity>
                                            <entity name="ConfigurationSwitch" class="ptolemy.actor.lib.ConfigurationSwitch">
                                            </entity>
                                            <entity name="CountTrues" class="ptolemy.domains.sdf.lib.CountTrues">
                                            </entity>
                                        </group>
                                    </configure>
                                </entity>
                                <entity name="SequenceControl" class="ptolemy.moml.EntityLibrary">
                                    <configure>
                                        <group>
                                            <doc>Actors that alter sequences.</doc>
                                            <entity name="Chop" class="ptolemy.domains.sdf.lib.Chop">
                                            </entity>
                                            <entity name="Default" class="ptolemy.actor.lib.Default">
                                            </entity>
                                            <entity name="Repeat" class="ptolemy.domains.sdf.lib.Repeat">
                                            </entity>
                                            <entity name="SampleDelay" class="ptolemy.domains.sdf.lib.SampleDelay">
                                                <property name="displayWidth" class="ptolemy.data.expr.Parameter" value="20">
                                                </property>
                                                <property name="_icon" class="ptolemy.vergil.icon.BoxedValueIcon">
                                                    <property name="attributeName" class="ptolemy.kernel.util.StringAttribute" value="initialOutputs">
                                                    </property>
                                                    <property name="displayWidth" class="ptolemy.data.expr.Parameter" value="displayWidth">
                                                    </property>
                                                </property>
                                            </entity>
                                            <entity name="Sequencer" class="ptolemy.actor.lib.Sequencer">
                                            </entity>
                                        </group>
                                    </configure>
                                </entity>
                                <entity name="ExecutionControl" class="ptolemy.moml.EntityLibrary">
                                    <configure>
                                        <group>
                                            <doc>Actors that stop execution of the model.</doc>
                                            <property name="CatchExceptionAttribute" class="ptolemy.actor.lib.CatchExceptionAttribute">
                                                <property name="_icon" class="ptolemy.vergil.icon.BoxedValueIcon">
                                                    <property name="attributeName" class="ptolemy.kernel.util.StringAttribute" value="statusMessage">
                                                    </property>
                                                    <property name="displayWidth" class="ptolemy.data.expr.Parameter" value="60">
                                                    </property>
                                                    <property name="displayHeight" class="ptolemy.data.expr.Parameter" value="10">
                                                    </property>
                                                </property>
                                            </property>
                                            <entity name="Exit" class="ptolemy.actor.lib.Exit">
                                            </entity>
                                            <entity name="Stop" class="ptolemy.actor.lib.Stop">
                                            </entity>
                                            <entity name="Pause" class="ptolemy.actor.lib.Pause">
                                            </entity>
                                            <entity name="ThrowException" class="ptolemy.actor.lib.ThrowException">
                                            </entity>
                                            <entity name="ThrowModelError" class="ptolemy.actor.lib.ThrowModelError">
                                            </entity>
                                        </group>
                                    </configure>
                                </entity>
                            </group>
                        </configure>
                    </entity>
                    <entity name="DataStores" class="ptolemy.moml.EntityLibrary">
                        <configure>
                            <group>
                                <doc>Actors that store data.</doc>
                                <entity name="Dictionary" class="ptolemy.actor.lib.Dictionary">
                                </entity>
                            </group>
                        </configure>
                    </entity>
                    <entity name="HigherOrderActors" class="ptolemy.moml.EntityLibrary">
                        <configure>
                            <group>
                                <doc>Higher-Order Computation Infrastructure.</doc>
                                <entity name="ApplyFunction" class="ptolemy.actor.lib.hoc.ApplyFunction">
                                    <doc>The function is applied to its input data.</doc>
                                </entity>
                                <entity name="CatchUpComposite" class="ptolemy.actor.lib.hoc.CatchUpComposite">
                                    <doc>Composite actor where inside can catch up with the outside</doc>
                                    <property name="_configurer" class="ptolemy.actor.gui.InsideEntityEditorPaneFactory">
                                    </property>
                                    <property name="_tableauFactory" class="ptolemy.actor.gui.LevelSkippingTableauFactory">
                                    </property>
                                    <entity name="Contents" class="ptolemy.actor.TypedCompositeActor">
                                        <property name="annotation" class="ptolemy.kernel.util.Attribute">
                                            <property name="_hideName" class="ptolemy.kernel.util.SingletonAttribute">
                                            </property>
                                            <property name="_iconDescription" class="ptolemy.kernel.util.SingletonConfigurableAttribute">
                                                <configure><svg><text x="20" y="20" style="font-size:14; font-family:SansSerif; fill:blue">Make sure there is a director here!</text></svg></configure>
                                            </property>
                                            <property name="_controllerFactory" class="ptolemy.vergil.basic.NodeControllerFactory">
                                            </property>
                                            <property name="_editorFactory" class="ptolemy.vergil.toolbox.AnnotationEditorFactory">
                                            </property>
                                            <property name="_location" class="ptolemy.kernel.util.Location" value="-5.0, 5.0">
                                            </property>
                                        </property>
                                    </entity>
                                </entity>
                                <entity name="Case" class="ptolemy.actor.lib.hoc.Case">
                                </entity>
                                <entity name="ExecuteActor" class="ptolemy.actor.lib.hoc.ExecuteActor">
                                </entity>
                                <entity name="IterateOverArray" class="ptolemy.actor.lib.hoc.IterateOverArray">
                                    <doc>Iterate a contained actor over input arrays</doc>
                                    <property name="_icon" class="ptolemy.vergil.icon.CopyCatIcon">
                                    </property>
                                    <property name="_configurer" class="ptolemy.actor.gui.InsideEntityEditorPaneFactory">
                                    </property>
                                    <property name="_tableauFactory" class="ptolemy.actor.gui.LevelSkippingTableauFactory">
                                    </property>
                                    <entity name="IterateComposite" class="ptolemy.actor.lib.hoc.IterateOverArray$IterateComposite">
                                        <property name="annotation" class="ptolemy.kernel.util.Attribute">
                                            <property name="_hideName" class="ptolemy.kernel.util.SingletonAttribute">
                                            </property>
                                            <property name="_iconDescription" class="ptolemy.kernel.util.SingletonConfigurableAttribute">
                                                <configure><svg><text x="20" y="20" style="font-size:14; font-family:SansSerif; fill:blue">Make sure there is a director here!</text></svg></configure>
                                            </property>
                                            <property name="_smallIconDescription" class="ptolemy.kernel.util.SingletonConfigurableAttribute">
                                                <configure>
                <svg> 
                    <text x="20" style="font-size:14; font-family:SansSerif; fill:blue" y="20">-A-</text>
                </svg>
              </configure>
                                            </property>
                                            <property name="_controllerFactory" class="ptolemy.vergil.basic.NodeControllerFactory">
                                            </property>
                                            <property name="_editorFactory" class="ptolemy.vergil.toolbox.AnnotationEditorFactory">
                                            </property>
                                            <property name="_location" class="ptolemy.kernel.util.Location" value="-5.0, 5.0">
                                            </property>
                                        </property>
                                    </entity>
                                </entity>
                                <entity name="MobileModel" class="ptolemy.actor.lib.hoc.MobileModel">
                                    <doc>The inside model of this composite actor can be dynamically defined.</doc>
                                </entity>
                                <entity name="ModalModel" class="ptolemy.domains.modal.modal.ModalModel">
                                    <property name="_tableauFactory" class="ptolemy.vergil.modal.modal.ModalTableauFactory">
                                    </property>
                                    <entity name="_Controller" class="ptolemy.domains.modal.modal.ModalController">
                                        <property name="annotation" class="ptolemy.kernel.util.Attribute">
                                            <property name="_hideName" class="ptolemy.kernel.util.SingletonAttribute">
                                            </property>
                                            <property name="_iconDescription" class="ptolemy.kernel.util.SingletonConfigurableAttribute">
                                                <configure><svg><text x="20" y="20" style="font-size:14; font-family:SansSerif; fill:blue">Create a state machine here (and ports, if needed) and
create refinements for the states.  Create transitions
by holding the (Mac: command key, Windows: control key)
and dragging from one state to another.  
Right click to configure the properties 
of this model, including setting the final state(s).
Then delete this annotation.</text>
    </svg></configure>
                                            </property>
                                            <property name="_location" class="ptolemy.kernel.util.Location" value="120.0, 5.0">
                                            </property>
                                            <property name="_controllerFactory" class="ptolemy.vergil.basic.NodeControllerFactory">
                                            </property>
                                            <property name="_editorFactory" class="ptolemy.vergil.toolbox.AnnotationEditorFactory">
                                            </property>
                                        </property>
                                        <property name="_library" class="ptolemy.moml.LibraryAttribute">
                                            <configure>
      <entity name="state library" class="ptolemy.kernel.CompositeEntity"><input source="ptolemy/configs/basicUtilities.xml"></input><entity name="state" class="ptolemy.domains.modal.kernel.State"><property name="_centerName" class="ptolemy.kernel.util.Attribute"></property><property name="_controllerFactory" class="ptolemy.vergil.modal.modal.HierarchicalStateControllerFactory"></property></entity></entity>
    </configure>
                                        </property>
                                    </entity>
                                </entity>
                                <entity name="ModelDisplay" class="ptolemy.vergil.actor.lib.ModelDisplay">
                                    <property name="_windowProperties" class="ptolemy.actor.gui.WindowPropertiesAttribute">
                                    </property>
                                    <property name="_paneSize" class="ptolemy.actor.gui.SizeAttribute">
                                    </property>
                                </entity>
                                <entity name="ModelReference" class="ptolemy.actor.lib.hoc.ModelReference">
                                    <property name="spawnSeparateModels" class="ptolemy.data.expr.Parameter" value="false">
                                    </property>
                                </entity>
                                <entity name="MultiInstanceComposite" class="ptolemy.actor.lib.hoc.MultiInstanceComposite">
                                    <doc>Creates multiple instances of itself</doc>
                                    <property name="annotation" class="ptolemy.kernel.util.Attribute">
                                        <property name="_hideName" class="ptolemy.kernel.util.SingletonAttribute">
                                        </property>
                                        <property name="_iconDescription" class="ptolemy.kernel.util.SingletonConfigurableAttribute">
                                            <configure><svg><text x="20" y="20" style="font-size:14; font-family:SansSerif; fill:blue">Make sure there is a director here!</text></svg></configure>
                                        </property>
                                        <property name="_smallIconDescription" class="ptolemy.kernel.util.SingletonConfigurableAttribute">
                                            <configure>
                <svg> 
                    <text x="20" style="font-size:14; font-family:SansSerif; fill:blue" y="20">-A-</text>
                </svg>
              </configure>
                                        </property>
                                        <property name="_controllerFactory" class="ptolemy.vergil.basic.NodeControllerFactory">
                                        </property>
                                        <property name="_editorFactory" class="ptolemy.vergil.toolbox.AnnotationEditorFactory">
                                        </property>
                                        <property name="_location" class="ptolemy.kernel.util.Location" value="-5.0, 5.0">
                                        </property>
                                    </property>
                                </entity>
                                <entity name="RunCompositeActor" class="ptolemy.actor.lib.hoc.RunCompositeActor">
                                </entity>
                                <entity name="ThreadedComposite" class="ptolemy.actor.lib.hoc.ThreadedComposite">
                                    <doc>Execute the contained model in a separate thread with optional real-time properties.</doc>
                                    <property name="_icon" class="ptolemy.vergil.icon.CopyCatIcon">
                                        <property name="echos" class="ptolemy.data.expr.Parameter" value="1">
                                        </property>
                                        <property name="echoBoxColor" class="ptolemy.actor.gui.ColorAttribute" value="{0.0, 1.0, 0.0, 1.0}">
                                        </property>
                                    </property>
                                    <property name="_configurer" class="ptolemy.actor.gui.EditorPaneFactory">
                                    </property>
                                    <property name="_configurer2" class="ptolemy.actor.gui.InsideEntityEditorPaneFactory">
                                    </property>
                                    <property name="_tableauFactory" class="ptolemy.actor.gui.LevelSkippingTableauFactory">
                                    </property>
                                    <entity name="ThreadedCompositeInside" class="ptolemy.actor.lib.hoc.MirrorComposite$MirrorCompositeContents">
                                        <property name="annotation" class="ptolemy.kernel.util.Attribute">
                                            <property name="_hideName" class="ptolemy.kernel.util.SingletonAttribute">
                                            </property>
                                            <property name="_iconDescription" class="ptolemy.kernel.util.SingletonConfigurableAttribute">
                                                <configure><svg><text x="20" y="20" style="font-size:14; font-family:SansSerif; fill:blue">Make sure there is a director here!</text></svg></configure>
                                            </property>
                                            <property name="_smallIconDescription" class="ptolemy.kernel.util.SingletonConfigurableAttribute">
                                                <configure>
                <svg> 
                    <text x="20" style="font-size:14; font-family:SansSerif; fill:blue" y="20">-A-</text>
                </svg>
              </configure>
                                            </property>
                                            <property name="_controllerFactory" class="ptolemy.vergil.basic.NodeControllerFactory">
                                            </property>
                                            <property name="_editorFactory" class="ptolemy.vergil.toolbox.AnnotationEditorFactory">
                                            </property>
                                            <property name="_location" class="ptolemy.kernel.util.Location" value="-5.0, 5.0">
                                            </property>
                                        </property>
                                    </entity>
                                </entity>
                                <entity name="VisualModelReference" class="ptolemy.vergil.actor.lib.VisualModelReference">
                                    <property name="spawnSeparateModels" class="ptolemy.data.expr.Parameter" value="false">
                                    </property>
                                </entity>
                                <entity name="PtalonActor" class="ptolemy.actor.ptalon.PtalonActor">
                                </entity>
                            </group>
                        </configure>
                    </entity>
                    <entity name="IO" class="ptolemy.moml.EntityLibrary">
                        <configure>
                            <group>
                                <doc>Actors that read and write to the file system or network.</doc>
                                <entity name="ArrowKeySensor" class="ptolemy.actor.lib.gui.ArrowKeySensor">
                                    <doc>Create a JFrame for sensing up, left, right, and down arrow key presses and releases</doc>
                                </entity>
                                <entity name="CSVReader" class="ptolemy.actor.lib.io.CSVReader">
                                </entity>
                                <entity name="CSVWriter" class="ptolemy.actor.lib.io.CSVWriter">
                                </entity>
                                <entity name="DatagramReader" class="ptolemy.actor.lib.net.DatagramReader">
                                </entity>
                                <entity name="DatagramWriter" class="ptolemy.actor.lib.net.DatagramWriter">
                                </entity>
                                <entity name="DirectoryListing" class="ptolemy.actor.lib.io.DirectoryListing">
                                </entity>
                                <entity name="FileReader" class="ptolemy.actor.lib.io.FileReader">
                                    <doc>Read an entire file and output as a string</doc>
                                </entity>
                                <entity name="IPAddress" class="ptolemy.actor.lib.net.IPAddress">
                                    <doc>Send the IP address of the host to the output port.</doc>
                                </entity>
                                <entity name="FileWriter" class="ptolemy.actor.lib.FileWriter">
                                    <doc>Write an entire file from a string</doc>
                                </entity>
                                <entity name="LineReader" class="ptolemy.actor.lib.io.LineReader">
                                    <doc>Read one line at a time from a text file and output as a string</doc>
                                </entity>
                                <entity name="LineWriter" class="ptolemy.actor.lib.io.LineWriter">
                                    <doc>Write the value of a string token, one per line, to a text file.</doc>
                                </entity>
                            </group>
                        </configure>
                    </entity>
                    <entity name="Logic" class="ptolemy.moml.EntityLibrary">
                        <configure>
                            <group>
                                <doc>Logic functions</doc>
                                <entity name="Comparator" class="ptolemy.actor.lib.logic.Comparator">
                                    <property name="comparison" class="ptolemy.kernel.util.StringAttribute" value="&gt;">
                                        <property name="style" class="ptolemy.actor.gui.style.ChoiceStyle">
                                            <property name="gt" class="ptolemy.kernel.util.StringAttribute" value="&gt;">
                                            </property>
                                            <property name="ge" class="ptolemy.kernel.util.StringAttribute" value="&gt;=">
                                            </property>
                                            <property name="lt" class="ptolemy.kernel.util.StringAttribute" value="&lt;">
                                            </property>
                                            <property name="le" class="ptolemy.kernel.util.StringAttribute" value="&lt;=">
                                            </property>
                                            <property name="eq" class="ptolemy.kernel.util.StringAttribute" value="==">
                                            </property>
                                        </property>
                                    </property>
                                    <property name="_icon" class="ptolemy.vergil.icon.AttributeValueIcon">
                                        <property name="attributeName" class="ptolemy.kernel.util.StringAttribute" value="comparison">
                                        </property>
                                    </property>
                                </entity>
                                <entity name="Equals" class="ptolemy.actor.lib.logic.Equals">
                                </entity>
                                <entity name="IsPresent" class="ptolemy.actor.lib.logic.IsPresent">
                                </entity>
                                <entity name="LogicalNot" class="ptolemy.actor.lib.logic.LogicalNot">
                                </entity>
                                <entity name="LogicGate" class="ptolemy.actor.lib.logic.LogicGate">
                                    <property name="LogicGate_Icon" class="ptolemy.vergil.icon.EditorIcon">
                                        <property name="polygon" class="ptolemy.vergil.kernel.attributes.ResizablePolygonAttribute">
                                            <property name="_location" class="ptolemy.kernel.util.Location" value="[9.0, 0.0]">
                                            </property>
                                            <property name="lineColor" class="ptolemy.actor.gui.ColorAttribute" value="{0.0, 0.0, 0.0, 0.0}">
                                            </property>
                                            <property name="width" class="ptolemy.data.expr.Parameter" value="(logic == &quot;and&quot; || logic == &quot;nand&quot;) ? 0 : 35">
                                            </property>
                                            <property name="height" class="ptolemy.data.expr.Parameter" value="(logic == &quot;and&quot; || logic == &quot;nand&quot;) ? 0 : 41">
                                            </property>
                                            <property name="centered" class="ptolemy.data.expr.Parameter" value="true">
                                            </property>
                                            <property name="fillColor" class="ptolemy.actor.gui.ColorAttribute" value="{1.0, 1.0, 1.0, 1.0}">
                                            </property>
                                            <property name="vertices" class="ptolemy.data.expr.Parameter" value="{0.0, 0.0, 35.0, 20.0, 0.0, 40.0}">
                                            </property>
                                            <property name="_renderFirst" class="ptolemy.kernel.util.SingletonAttribute">
                                            </property>
                                        </property>
                                        <property name="rectangle" class="ptolemy.vergil.kernel.attributes.RectangleAttribute">
                                            <property name="_location" class="ptolemy.kernel.util.Location" value="[-24.0, -20.0]">
                                            </property>
                                            <property name="lineColor" class="ptolemy.actor.gui.ColorAttribute" value="{0.0, 0.0, 0.0, 0.0}">
                                            </property>
                                            <property name="width" class="ptolemy.data.expr.Parameter" value="(logic == &quot;and&quot; || logic == &quot;nand&quot;) ? 30 : 16">
                                            </property>
                                            <property name="height" class="ptolemy.data.expr.Parameter" value="40">
                                            </property>
                                            <property name="centered" class="ptolemy.data.expr.Parameter" value="false">
                                            </property>
                                            <property name="fillColor" class="ptolemy.actor.gui.ColorAttribute" value="{1.0, 1.0, 1.0, 1.0}">
                                            </property>
                                        </property>
                                        <property name="arc" class="ptolemy.vergil.kernel.attributes.ArcAttribute">
                                            <property name="_location" class="ptolemy.kernel.util.Location" value="[-14.0, -20.0]">
                                            </property>
                                            <property name="lineColor" class="ptolemy.actor.gui.ColorAttribute" value="(logic == &quot;and&quot; || logic == &quot;nand&quot;) ? {0.0, 0.0, 0.0, 1.0} : {0.0, 0.0, 0.0, 0.0}">
                                            </property>
                                            <property name="width" class="ptolemy.data.expr.Parameter" value="(logic == &quot;and&quot; || logic == &quot;nand&quot;) ? 40 : 0">
                                            </property>
                                            <property name="height" class="ptolemy.data.expr.Parameter" value="(logic == &quot;and&quot; || logic == &quot;nand&quot;) ? 40 : 0">
                                            </property>
                                            <property name="centered" class="ptolemy.data.expr.Parameter" value="false">
                                                <property name="style" class="ptolemy.actor.gui.style.TextStyle">
                                                    <property name="height" class="ptolemy.data.expr.Parameter" value="10">
                                                    </property>
                                                    <property name="width" class="ptolemy.data.expr.Parameter" value="30">
                                                    </property>
                                                </property>
                                            </property>
                                            <property name="fillColor" class="ptolemy.actor.gui.ColorAttribute" value="{1.0, 1.0, 1.0, 1.0}">
                                            </property>
                                            <property name="type" class="ptolemy.data.expr.StringParameter" value="open">
                                            </property>
                                            <property name="start" class="ptolemy.data.expr.Parameter" value="90.0">
                                            </property>
                                            <property name="extent" class="ptolemy.data.expr.Parameter" value="(logic == &quot;and&quot; || logic == &quot;nand&quot;) ? -180.0 : -60.0">
                                            </property>
                                        </property>
                                        <property name="arc2" class="ptolemy.vergil.kernel.attributes.ArcAttribute">
                                            <property name="_location" class="ptolemy.kernel.util.Location" value="{9.0, -10.0}">
                                            </property>
                                            <property name="lineColor" class="ptolemy.actor.gui.ColorAttribute" value="(logic == &quot;and&quot; || logic == &quot;nand&quot;) ? {0.0, 0.0, 0.0, 0.0} : {0.0, 0.0, 0.0, 1.0}">
                                            </property>
                                            <property name="width" class="ptolemy.data.expr.Parameter" value="(logic == &quot;and&quot; || logic == &quot;nand&quot;) ? 0 : 80">
                                            </property>
                                            <property name="height" class="ptolemy.data.expr.Parameter" value="(logic == &quot;and&quot; || logic == &quot;nand&quot;) ? 0 : 80">
                                            </property>
                                            <property name="centered" class="ptolemy.data.expr.Parameter" value="true">
                                                <property name="style" class="ptolemy.actor.gui.style.TextStyle">
                                                    <property name="height" class="ptolemy.data.expr.Parameter" value="10">
                                                    </property>
                                                    <property name="width" class="ptolemy.data.expr.Parameter" value="30">
                                                    </property>
                                                </property>
                                            </property>
                                            <property name="fillColor" class="ptolemy.actor.gui.ColorAttribute" value="{1.0, 1.0, 1.0, 1.0}">
                                            </property>
                                            <property name="type" class="ptolemy.data.expr.StringParameter" value="open">
                                            </property>
                                            <property name="start" class="ptolemy.data.expr.Parameter" value="90.0">
                                            </property>
                                            <property name="extent" class="ptolemy.data.expr.Parameter" value="-60.0">
                                            </property>
                                        </property>
                                        <property name="arc3" class="ptolemy.vergil.kernel.attributes.ArcAttribute">
                                            <property name="_location" class="ptolemy.kernel.util.Location" value="[9.0, 10.0]">
                                            </property>
                                            <property name="lineColor" class="ptolemy.actor.gui.ColorAttribute" value="(logic == &quot;and&quot; || logic == &quot;nand&quot;) ? {0.0, 0.0, 0.0, 0.0} : {0.0, 0.0, 0.0, 1.0}">
                                            </property>
                                            <property name="width" class="ptolemy.data.expr.Parameter" value="(logic == &quot;and&quot; || logic == &quot;nand&quot;) ? 0 : 80">
                                            </property>
                                            <property name="height" class="ptolemy.data.expr.Parameter" value="(logic == &quot;and&quot; || logic == &quot;nand&quot;) ? 0 : 80">
                                            </property>
                                            <property name="centered" class="ptolemy.data.expr.Parameter" value="true">
                                                <property name="style" class="ptolemy.actor.gui.style.TextStyle">
                                                    <property name="height" class="ptolemy.data.expr.Parameter" value="10">
                                                    </property>
                                                    <property name="width" class="ptolemy.data.expr.Parameter" value="30">
                                                    </property>
                                                </property>
                                            </property>
                                            <property name="fillColor" class="ptolemy.actor.gui.ColorAttribute" value="{1.0, 1.0, 1.0, 1.0}">
                                            </property>
                                            <property name="type" class="ptolemy.data.expr.StringParameter" value="open">
                                            </property>
                                            <property name="start" class="ptolemy.data.expr.Parameter" value="-90.0">
                                            </property>
                                            <property name="extent" class="ptolemy.data.expr.Parameter" value="60.0">
                                            </property>
                                        </property>
                                        <property name="arc6" class="ptolemy.vergil.kernel.attributes.ArcAttribute">
                                            <property name="_location" class="ptolemy.kernel.util.Location" value="[33.0, 0.0]">
                                            </property>
                                            <property name="width" class="ptolemy.data.expr.Parameter" value="14">
                                            </property>
                                            <property name="height" class="ptolemy.data.expr.Parameter" value="14">
                                            </property>
                                            <property name="centered" class="ptolemy.data.expr.Parameter" value="true">
                                            </property>
                                            <property name="fillColor" class="ptolemy.actor.gui.ColorAttribute" value="{1.0, 1.0, 1.0, 1.0}">
                                            </property>
                                            <property name="type" class="ptolemy.data.expr.StringParameter" value="chord">
                                            </property>
                                            <property name="start" class="ptolemy.data.expr.Parameter" value="-180.0">
                                            </property>
                                            <property name="extent" class="ptolemy.data.expr.Parameter" value="(logic == &quot;nor&quot; || logic == &quot;nand&quot; || logic == &quot;xnor&quot;) ? 360.0 : 0.0">
                                            </property>
                                        </property>
                                        <property name="line" class="ptolemy.vergil.kernel.attributes.LineAttribute">
                                            <property name="_location" class="ptolemy.kernel.util.Location" value="[-24.0, -20.0]">
                                            </property>
                                            <property name="x" class="ptolemy.data.expr.Parameter" value="(logic == &quot;and&quot; || logic == &quot;nand&quot;) ? 30 : 16">
                                            </property>
                                            <property name="y" class="ptolemy.data.expr.Parameter" value="0.0">
                                            </property>
                                        </property>
                                        <property name="line2" class="ptolemy.vergil.kernel.attributes.LineAttribute">
                                            <property name="_location" class="ptolemy.kernel.util.Location" value="[-24.0, 20.0]">
                                            </property>
                                            <property name="x" class="ptolemy.data.expr.Parameter" value="(logic == &quot;and&quot; || logic == &quot;nand&quot;) ? 30 : 16">
                                            </property>
                                            <property name="y" class="ptolemy.data.expr.Parameter" value="0.0">
                                            </property>
                                        </property>
                                        <property name="line3" class="ptolemy.vergil.kernel.attributes.LineAttribute">
                                            <property name="_location" class="ptolemy.kernel.util.Location" value="[-24.0, -20.0]">
                                            </property>
                                            <property name="x" class="ptolemy.data.expr.Parameter" value="0.0">
                                            </property>
                                            <property name="y" class="ptolemy.data.expr.Parameter" value="(logic == &quot;and&quot; || logic == &quot;nand&quot;) ? 40 : 0">
                                            </property>
                                        </property>
                                        <property name="arc4" class="ptolemy.vergil.kernel.attributes.ArcAttribute">
                                            <property name="_location" class="ptolemy.kernel.util.Location" value="[-20.0, 0.0]">
                                            </property>
                                            <property name="width" class="ptolemy.data.expr.Parameter" value="30">
                                            </property>
                                            <property name="height" class="ptolemy.data.expr.Parameter" value="45">
                                            </property>
                                            <property name="centered" class="ptolemy.data.expr.Parameter" value="true">
                                            </property>
                                            <property name="fillColor" class="ptolemy.actor.gui.ColorAttribute" value="{1.0, 1.0, 1.0, 1.0}">
                                            </property>
                                            <property name="type" class="ptolemy.data.expr.StringParameter" value="open">
                                            </property>
                                            <property name="start" class="ptolemy.data.expr.Parameter" value="-60.0">
                                            </property>
                                            <property name="extent" class="ptolemy.data.expr.Parameter" value="(logic == &quot;and&quot; || logic == &quot;nand&quot;) ? 0 : 120.0">
                                            </property>
                                        </property>
                                        <property name="_windowProperties" class="ptolemy.actor.gui.WindowPropertiesAttribute" value="{bounds={130, 353, 934, 634}, maximized=false}">
                                        </property>
                                        <property name="_vergilSize" class="ptolemy.actor.gui.SizeAttribute" value="[700, 524]">
                                        </property>
                                        <property name="_vergilZoomFactor" class="ptolemy.data.expr.ExpertParameter" value="4.0">
                                        </property>
                                        <property name="_vergilCenter" class="ptolemy.data.expr.ExpertParameter" value="{12.5, 9.25}">
                                        </property>
                                        <property name="arc5" class="ptolemy.vergil.kernel.attributes.ArcAttribute">
                                            <property name="_location" class="ptolemy.kernel.util.Location" value="[-25.0, 0.0]">
                                            </property>
                                            <property name="lineColor" class="ptolemy.actor.gui.ColorAttribute" value="(logic == &quot;xnor&quot; || logic == &quot;xor&quot;) ? {0.0, 0.0, 0.0, 1.0} : {0.0, 0.0, 0.0, 0.0}">
                                            </property>
                                            <property name="width" class="ptolemy.data.expr.Parameter" value="30">
                                            </property>
                                            <property name="height" class="ptolemy.data.expr.Parameter" value="45">
                                            </property>
                                            <property name="centered" class="ptolemy.data.expr.Parameter" value="true">
                                            </property>
                                            <property name="fillColor" class="ptolemy.actor.gui.ColorAttribute" value="{1.0, 1.0, 1.0, 0.0}">
                                            </property>
                                            <property name="type" class="ptolemy.data.expr.StringParameter" value="open">
                                            </property>
                                            <property name="start" class="ptolemy.data.expr.Parameter" value="-60.0">
                                            </property>
                                            <property name="extent" class="ptolemy.data.expr.Parameter" value="(logic == &quot;xnor&quot; || logic == &quot;xor&quot;) ? 120.0 : 0">
                                            </property>
                                        </property>
                                        <property name="ParameterValue" class="ptolemy.vergil.kernel.attributes.AttributeExpressionAttribute">
                                            <property name="attributeName" class="ptolemy.kernel.util.StringAttribute" value="logic">
                                            </property>
                                            <property name="displayWidth" class="ptolemy.data.expr.Parameter" value="6">
                                            </property>
                                            <property name="_location" class="ptolemy.kernel.util.Location" value="[-18.0, -9.0]">
                                            </property>
                                            <property name="_renderLast" class="ptolemy.kernel.util.SingletonAttribute">
                                            </property>
                                        </property>
                                    </property>
                                </entity>
                                <entity name="TrueGate" class="ptolemy.actor.lib.logic.TrueGate">
                                </entity>
                            </group>
                        </configure>
                    </entity>
                    <entity name="Math" class="ptolemy.moml.EntityLibrary">
                        <configure>
                            <group>
                                <doc>Arithmetic and mathematical functions</doc>
                                <entity name="AbsoluteValue" class="ptolemy.actor.lib.AbsoluteValue">
                                </entity>
                                <entity name="AddSubtract" class="ptolemy.actor.lib.AddSubtract">
                                </entity>
                                <entity name="Accumulator" class="ptolemy.actor.lib.Accumulator">
                                </entity>
                                <entity name="Average" class="ptolemy.actor.lib.Average">
                                </entity>
                                <entity name="Counter" class="ptolemy.actor.lib.Counter">
                                </entity>
                                <entity name="Differential" class="ptolemy.actor.lib.Differential">
                                </entity>
                                <entity name="DotProduct" class="ptolemy.domains.sdf.lib.DotProduct">
                                </entity>
                                <entity name="Expression" class="ptolemy.actor.lib.Expression">
                                    <property name="_icon" class="ptolemy.vergil.icon.BoxedValueIcon">
                                        <property name="attributeName" class="ptolemy.kernel.util.StringAttribute" value="expression">
                                        </property>
                                        <property name="displayWidth" class="ptolemy.data.expr.Parameter" value="60">
                                        </property>
                                        <property name="displayHeight" class="ptolemy.data.expr.Parameter" value="10">
                                        </property>
                                    </property>
                                </entity>
                                <entity name="Limiter" class="ptolemy.actor.lib.Limiter">
                                </entity>
                                <entity name="LookupTable" class="ptolemy.actor.lib.LookupTable">
                                </entity>
                                <entity name="Maximum" class="ptolemy.actor.lib.Maximum">
                                </entity>
                                <entity name="Minimum" class="ptolemy.actor.lib.Minimum">
                                </entity>
                                <entity name="MovingAverage" class="ptolemy.actor.lib.MovingAverage">
                                </entity>
                                <entity name="MultiplyDivide" class="ptolemy.actor.lib.MultiplyDivide">
                                </entity>
                                <entity name="Quantizer" class="ptolemy.actor.lib.Quantizer">
                                </entity>
                                <entity name="Remainder" class="ptolemy.actor.lib.Remainder">
                                </entity>
                                <entity name="RunningMaximum" class="ptolemy.actor.lib.RunningMaximum">
                                </entity>
                                <entity name="RunningMinimum" class="ptolemy.actor.lib.RunningMinimum">
                                </entity>
                                <entity name="Scale" class="ptolemy.actor.lib.Scale">
                                    <property name="_icon" class="ptolemy.vergil.icon.AttributeValueIcon">
                                        <property name="attributeName" class="ptolemy.kernel.util.StringAttribute" value="factor">
                                        </property>
                                    </property>
                                </entity>
                                <entity name="TrigFunction" class="ptolemy.actor.lib.TrigFunction">
                                    <property name="_icon" class="ptolemy.vergil.icon.AttributeValueIcon">
                                        <property name="attributeName" class="ptolemy.kernel.util.StringAttribute" value="function">
                                        </property>
                                    </property>
                                </entity>
                                <entity name="UnaryMathFunction" class="ptolemy.actor.lib.UnaryMathFunction">
                                    <property name="_icon" class="ptolemy.vergil.icon.AttributeValueIcon">
                                        <property name="attributeName" class="ptolemy.kernel.util.StringAttribute" value="function">
                                        </property>
                                    </property>
                                </entity>
                            </group>
                        </configure>
                    </entity>
                    <entity name="Matrix" class="ptolemy.moml.EntityLibrary">
                        <configure>
                            <group>
                                <doc>matrix actors</doc>
                                <entity name="ArrayToMatrix" class="ptolemy.actor.lib.ArrayToMatrix">
                                </entity>
                                <entity name="MatrixJoin" class="ptolemy.domains.sdf.lib.MatrixJoin">
                                </entity>
                                <entity name="MatrixSplit" class="ptolemy.domains.sdf.lib.MatrixSplit">
                                </entity>
                                <entity name="MatrixToArray" class="ptolemy.actor.lib.MatrixToArray">
                                </entity>
                                <entity name="MatrixToSequence" class="ptolemy.domains.sdf.lib.MatrixToSequence">
                                </entity>
                                <entity name="MatrixViewer" class="ptolemy.actor.lib.gui.MatrixViewer">
                                    <property name="_windowProperties" class="ptolemy.actor.gui.WindowPropertiesAttribute">
                                    </property>
                                    <property name="_paneSize" class="ptolemy.actor.gui.SizeAttribute">
                                    </property>
                                </entity>
                                <entity name="SequenceToMatrix" class="ptolemy.domains.sdf.lib.SequenceToMatrix">
                                </entity>
                                <entity name="SubMatrix" class="ptolemy.actor.lib.SubMatrix">
                                </entity>
                            </group>
                        </configure>
                    </entity>
                    <entity name="Random" class="ptolemy.moml.EntityLibrary">
                        <configure>
                            <group>
                                <doc>Actors that generate random data.</doc>
                                <entity name="Bernoulli" class="ptolemy.actor.lib.Bernoulli">
                                    <doc>Create a sequence of bernoulli random variables</doc>
                                </entity>
                                <entity name="DiscreteRandomSource" class="ptolemy.actor.lib.DiscreteRandomSource">
                                </entity>
                                <entity name="Gaussian" class="ptolemy.actor.lib.Gaussian">
                                    <doc>Create a sequence of gaussian random variables</doc>
                                </entity>
                                <entity name="RandomInteger" class="ptolemy.actor.lib.RandomInteger">
                                    <doc>Create a sequence of integers that are uniformly sampled from the range 32-bit integers</doc>
                                </entity>
                                <entity name="Rician" class="ptolemy.actor.lib.Rician">
                                    <doc>Create an array of rician random variables</doc>
                                </entity>
                                <entity name="Triangular" class="ptolemy.actor.lib.Triangular">
                                    <doc>Create a sequence of random numbers with a triangular distribution</doc>
                                </entity>
                                <entity name="Uniform" class="ptolemy.actor.lib.Uniform">
                                    <doc>Create a sequence of uniformly distributed random numbers</doc>
                                </entity>
                                <entity name="Colt" class="ptolemy.moml.EntityLibrary">
                                    <configure>
                                        <group>
                                            <doc>Actors that generate random data.</doc>
                                            <entity name="ColtBeta" class="ptolemy.actor.lib.colt.ColtBeta">
                                                <doc>Create a sequence of Beta random variables</doc>
                                            </entity>
                                            <entity name="ColtBinomial" class="ptolemy.actor.lib.colt.ColtBinomial">
                                                <doc>Create a sequence of Binomial random variables</doc>
                                            </entity>
                                            <entity name="ColtBinomialSelector" class="ptolemy.actor.lib.colt.ColtBinomialSelector">
                                                <doc> Assign trials from several populations using a&#10;	conditional Binomial selection process.</doc>
                                            </entity>
                                            <entity name="ColtBreitWigner" class="ptolemy.actor.lib.colt.ColtBreitWigner">
                                                <doc>Create a sequence of BreitWigner random variables</doc>
                                            </entity>
                                            <entity name="ColtChiSquare" class="ptolemy.actor.lib.colt.ColtChiSquare">
                                                <doc>Create a sequence of ChiSquare random variables</doc>
                                            </entity>
                                            <entity name="ColtExponential" class="ptolemy.actor.lib.colt.ColtExponential">
                                                <doc>Create a sequence of Exponential random variables</doc>
                                            </entity>
                                            <entity name="ColtExponentialPower" class="ptolemy.actor.lib.colt.ColtExponentialPower">
                                                <doc>Create a sequence of Exponential Power random variables</doc>
                                            </entity>
                                            <entity name="ColtGamma" class="ptolemy.actor.lib.colt.ColtGamma">
                                                <doc>Create a sequence of Gamma random variables</doc>
                                            </entity>
                                            <entity name="ColtHyperGeometric" class="ptolemy.actor.lib.colt.ColtHyperGeometric">
                                                <doc>Create a sequence of HyperGeometric random variables</doc>
                                            </entity>
                                            <entity name="ColtLogarithmic" class="ptolemy.actor.lib.colt.ColtLogarithmic">
                                                <doc>Create a sequence of Logarithmic random variables</doc>
                                            </entity>
                                            <entity name="ColtNegativeBinomial" class="ptolemy.actor.lib.colt.ColtNegativeBinomial">
                                                <doc>Create a sequence of Negative Binomial random variables</doc>
                                            </entity>
                                            <entity name="ColtNormal" class="ptolemy.actor.lib.colt.ColtNormal">
                                                <doc>Create a sequence of Normal random variables</doc>
                                            </entity>
                                            <entity name="ColtPoisson" class="ptolemy.actor.lib.colt.ColtPoisson">
                                                <doc>Create a sequence of Poisson random variables</doc>
                                            </entity>
                                            <entity name="ColtPoissonSlow" class="ptolemy.actor.lib.colt.ColtPoissonSlow">
                                                <doc>Create a sequence of PoissonSlow random variables</doc>
                                            </entity>
                                            <entity name="ColtStudentT" class="ptolemy.actor.lib.colt.ColtStudentT">
                                                <doc>Create a sequence of StudentT random variables</doc>
                                            </entity>
                                            <entity name="ColtVonMises" class="ptolemy.actor.lib.colt.ColtVonMises">
                                                <doc>Create a sequence of VonMises random variables</doc>
                                            </entity>
                                            <entity name="ColtZeta" class="ptolemy.actor.lib.colt.ColtZeta">
                                                <doc>Create a sequence of Zeta random variables</doc>
                                            </entity>
                                        </group>
                                    </configure>
                                </entity>
                            </group>
                        </configure>
                    </entity>
                    <entity name="RealTime" class="ptolemy.moml.EntityLibrary">
                        <configure>
                            <group>
                                <doc>Real Time Actors</doc>
                                <property name="SynchronizeToRealTime" class="ptolemy.actor.lib.SynchronizeToRealTime">
                                </property>
                                <entity name="DelayStart" class="ptolemy.actor.lib.DelayStart">
                                    <property name="_icon" class="ptolemy.vergil.icon.BoxedValueIcon">
                                        <property name="attributeName" class="ptolemy.kernel.util.StringAttribute" value="startTime">
                                        </property>
                                        <property name="displayWidth" class="ptolemy.data.expr.Parameter" value="40">
                                        </property>
                                    </property>
                                </entity>
                                <entity name="ExecutionTime" class="ptolemy.actor.lib.ExecutionTime">
                                </entity>
                                <entity name="RealTimePlotter" class="ptolemy.actor.lib.gui.RealTimePlotter">
                                    <property name="_windowProperties" class="ptolemy.actor.gui.WindowPropertiesAttribute">
                                    </property>
                                    <property name="_plotSize" class="ptolemy.actor.gui.SizeAttribute">
                                    </property>
                                </entity>
                                <entity name="Sleep" class="ptolemy.actor.lib.Sleep">
                                    <property name="_icon" class="ptolemy.vergil.icon.BoxedValueIcon">
                                        <property name="attributeName" class="ptolemy.kernel.util.StringAttribute" value="sleepTime">
                                        </property>
                                        <property name="displayWidth" class="ptolemy.data.expr.Parameter" value="40">
                                        </property>
                                    </property>
                                </entity>
                                <entity name="VariableSleep" class="ptolemy.actor.lib.VariableSleep">
                                </entity>
                                <entity name="WallClockTime" class="ptolemy.actor.lib.WallClockTime">
                                </entity>
                            </group>
                        </configure>
                    </entity>
                    <entity name="SignalProcessing" class="ptolemy.moml.EntityLibrary">
                        <configure>
                            <group>
                                <doc>Signal processing actors</doc>
                                <entity name="Audio" class="ptolemy.moml.EntityLibrary">
                                    <configure>
                                        <group>
                                            <doc>Audio actors</doc>
                                            <entity name="AudioCapture" class="ptolemy.actor.lib.javasound.AudioCapture">
                                                <property name="sampleRate" class="ptolemy.actor.parameters.SharedParameter" value="8000">
                                                    <property name="style" class="ptolemy.actor.gui.style.ChoiceStyle">
                                                        <property name="8000" class="ptolemy.kernel.util.StringAttribute" value="8000">
                                                        </property>
                                                        <property name="11025" class="ptolemy.kernel.util.StringAttribute" value="11025">
                                                        </property>
                                                        <property name="22050" class="ptolemy.kernel.util.StringAttribute" value="22050">
                                                        </property>
                                                        <property name="44100" class="ptolemy.kernel.util.StringAttribute" value="44100">
                                                        </property>
                                                        <property name="48000" class="ptolemy.kernel.util.StringAttribute" value="48000">
                                                        </property>
                                                    </property>
                                                </property>
                                                <property name="bitsPerSample" class="ptolemy.actor.parameters.SharedParameter" value="16">
                                                    <property name="style" class="ptolemy.actor.gui.style.ChoiceStyle">
                                                        <property name="8" class="ptolemy.kernel.util.StringAttribute" value="8">
                                                        </property>
                                                        <property name="16" class="ptolemy.kernel.util.StringAttribute" value="16">
                                                        </property>
                                                    </property>
                                                </property>
                                                <property name="channels" class="ptolemy.actor.parameters.SharedParameter" value="1">
                                                    <property name="style" class="ptolemy.actor.gui.style.ChoiceStyle">
                                                        <property name="1" class="ptolemy.kernel.util.StringAttribute" value="1">
                                                        </property>
                                                        <property name="2" class="ptolemy.kernel.util.StringAttribute" value="2">
                                                        </property>
                                                    </property>
                                                </property>
                                            </entity>
                                            <entity name="AudioReader" class="ptolemy.actor.lib.javasound.AudioReader">
                                            </entity>
                                            <entity name="AudioPlayer" class="ptolemy.actor.lib.javasound.AudioPlayer">
                                                <property name="sampleRate" class="ptolemy.actor.parameters.SharedParameter" value="8000">
                                                    <property name="style" class="ptolemy.actor.gui.style.ChoiceStyle">
                                                        <property name="8000" class="ptolemy.kernel.util.StringAttribute" value="8000">
                                                        </property>
                                                        <property name="11025" class="ptolemy.kernel.util.StringAttribute" value="11025">
                                                        </property>
                                                        <property name="22050" class="ptolemy.kernel.util.StringAttribute" value="22050">
                                                        </property>
                                                        <property name="44100" class="ptolemy.kernel.util.StringAttribute" value="44100">
                                                        </property>
                                                        <property name="48000" class="ptolemy.kernel.util.StringAttribute" value="48000">
                                                        </property>
                                                    </property>
                                                </property>
                                                <property name="bitsPerSample" class="ptolemy.actor.parameters.SharedParameter" value="16">
                                                    <property name="style" class="ptolemy.actor.gui.style.ChoiceStyle">
                                                        <property name="8" class="ptolemy.kernel.util.StringAttribute" value="8">
                                                        </property>
                                                        <property name="16" class="ptolemy.kernel.util.StringAttribute" value="16">
                                                        </property>
                                                    </property>
                                                </property>
                                                <property name="channels" class="ptolemy.actor.parameters.SharedParameter" value="1">
                                                    <property name="style" class="ptolemy.actor.gui.style.ChoiceStyle">
                                                        <property name="1" class="ptolemy.kernel.util.StringAttribute" value="1">
                                                        </property>
                                                        <property name="2" class="ptolemy.kernel.util.StringAttribute" value="2">
                                                        </property>
                                                    </property>
                                                </property>
                                            </entity>
                                            <entity name="AudioWriter" class="ptolemy.actor.lib.javasound.AudioWriter">
                                                <property name="sampleRate" class="ptolemy.data.expr.Parameter" value="8000">
                                                    <property name="style" class="ptolemy.actor.gui.style.ChoiceStyle">
                                                        <property name="8000" class="ptolemy.kernel.util.StringAttribute" value="8000">
                                                        </property>
                                                        <property name="11025" class="ptolemy.kernel.util.StringAttribute" value="11025">
                                                        </property>
                                                        <property name="22050" class="ptolemy.kernel.util.StringAttribute" value="22050">
                                                        </property>
                                                        <property name="44100" class="ptolemy.kernel.util.StringAttribute" value="44100">
                                                        </property>
                                                        <property name="48000" class="ptolemy.kernel.util.StringAttribute" value="48000">
                                                        </property>
                                                    </property>
                                                </property>
                                                <property name="bitsPerSample" class="ptolemy.data.expr.Parameter" value="16">
                                                    <property name="style" class="ptolemy.actor.gui.style.ChoiceStyle">
                                                        <property name="8" class="ptolemy.kernel.util.StringAttribute" value="8">
                                                        </property>
                                                        <property name="16" class="ptolemy.kernel.util.StringAttribute" value="16">
                                                        </property>
                                                    </property>
                                                </property>
                                                <property name="channels" class="ptolemy.data.expr.Parameter" value="1">
                                                    <property name="style" class="ptolemy.actor.gui.style.ChoiceStyle">
                                                        <property name="1" class="ptolemy.kernel.util.StringAttribute" value="1">
                                                        </property>
                                                        <property name="2" class="ptolemy.kernel.util.StringAttribute" value="2">
                                                        </property>
                                                    </property>
                                                </property>
                                            </entity>
                                            <entity name="ClipPlayer" class="ptolemy.actor.lib.javasound.ClipPlayer">
                                            </entity>
                                        </group>
                                    </configure>
                                </entity>
                                <entity name="communications" class="ptolemy.moml.EntityLibrary">
                                    <configure>
                                        <group>
                                            <entity name="ConvolutionalCoder" class="ptolemy.actor.lib.comm.ConvolutionalCoder">
                                                <port name="input" class="ptolemy.actor.TypedIOPort">
                                                    <property name="input"/>
                                                    <property name="tokenConsumptionRate" class="ptolemy.data.expr.Parameter" value="1">
                                                    </property>
                                                </port>
                                                <port name="output" class="ptolemy.actor.TypedIOPort">
                                                    <property name="output"/>
                                                    <property name="tokenProductionRate" class="ptolemy.data.expr.Parameter" value="2">
                                                    </property>
                                                </port>
                                            </entity>
                                            <entity name="DeScrambler" class="ptolemy.actor.lib.comm.DeScrambler">
                                            </entity>
                                            <entity name="HadamardCode" class="ptolemy.actor.lib.comm.HadamardCode">
                                            </entity>
                                            <entity name="HammingCoder" class="ptolemy.actor.lib.comm.HammingCoder">
                                                <port name="input" class="ptolemy.actor.TypedIOPort">
                                                    <property name="input"/>
                                                    <property name="tokenConsumptionRate" class="ptolemy.data.expr.Parameter" value="4">
                                                    </property>
                                                </port>
                                                <port name="output" class="ptolemy.actor.TypedIOPort">
                                                    <property name="output"/>
                                                    <property name="tokenProductionRate" class="ptolemy.data.expr.Parameter" value="7">
                                                    </property>
                                                </port>
                                            </entity>
                                            <entity name="HammingDecoder" class="ptolemy.actor.lib.comm.HammingDecoder">
                                                <port name="input" class="ptolemy.actor.TypedIOPort">
                                                    <property name="input"/>
                                                    <property name="tokenConsumptionRate" class="ptolemy.data.expr.Parameter" value="7">
                                                    </property>
                                                </port>
                                                <port name="output" class="ptolemy.actor.TypedIOPort">
                                                    <property name="output"/>
                                                    <property name="tokenProductionRate" class="ptolemy.data.expr.Parameter" value="4">
                                                    </property>
                                                </port>
                                            </entity>
                                            <entity name="HuffmanCoder" class="ptolemy.actor.lib.comm.HuffmanCoder">
                                            </entity>
                                            <entity name="HuffmanDecoder" class="ptolemy.actor.lib.comm.HuffmanDecoder">
                                            </entity>
                                            <entity name="LempelZivCoder" class="ptolemy.actor.lib.comm.LempelZivCoder">
                                            </entity>
                                            <entity name="LempelZIvDecoder" class="ptolemy.actor.lib.comm.LempelZivDecoder">
                                            </entity>
                                            <entity name="LineCoder" class="ptolemy.domains.sdf.lib.LineCoder">
                                            </entity>
                                            <entity name="LMSAdaptive" class="ptolemy.domains.sdf.lib.LMSAdaptive">
                                                <property name="taps" class="ptolemy.data.expr.Parameter" value="{1.0, 0.0, 0.0, 0.0}">
                                                </property>
                                            </entity>
                                            <entity name="RaisedCosine" class="ptolemy.domains.sdf.lib.RaisedCosine">
                                            </entity>
                                            <entity name="Scrambler" class="ptolemy.actor.lib.comm.Scrambler">
                                            </entity>
                                            <entity name="Slicer" class="ptolemy.actor.lib.comm.Slicer">
                                            </entity>
                                            <entity name="TrellisDecoder" class="ptolemy.actor.lib.comm.TrellisDecoder">
                                                <port name="input" class="ptolemy.actor.TypedIOPort">
                                                    <property name="input"/>
                                                    <property name="tokenConsumptionRate" class="ptolemy.data.expr.Parameter" value="1">
                                                    </property>
                                                </port>
                                            </entity>
                                            <entity name="ViterbiDecoder" class="ptolemy.actor.lib.comm.ViterbiDecoder">
                                                <port name="input" class="ptolemy.actor.TypedIOPort">
                                                    <property name="input"/>
                                                    <property name="tokenConsumptionRate" class="ptolemy.data.expr.Parameter" value="2">
                                                    </property>
                                                </port>
                                                <port name="output" class="ptolemy.actor.TypedIOPort">
                                                    <property name="output"/>
                                                    <property name="tokenProductionRate" class="ptolemy.data.expr.Parameter" value="1">
                                                    </property>
                                                </port>
                                            </entity>
                                        </group>
                                    </configure>
                                </entity>
                                <entity name="Filtering" class="ptolemy.moml.EntityLibrary">
                                    <configure>
                                        <group>
                                            <entity name="DelayLine" class="ptolemy.domains.sdf.lib.DelayLine">
                                            </entity>
                                            <entity name="DownSample" class="ptolemy.domains.sdf.lib.DownSample">
                                            </entity>
                                            <entity name="FIR" class="ptolemy.domains.sdf.lib.FIR">
                                            </entity>
                                            <entity name="GradientAdaptiveLattice" class="ptolemy.actor.lib.GradientAdaptiveLattice">
                                            </entity>
                                            <entity name="IIR" class="ptolemy.actor.lib.IIR">
                                            </entity>
                                            <entity name="Lattice" class="ptolemy.actor.lib.Lattice">
                                            </entity>
                                            <entity name="LinearDifferenceEquationSystem" class="ptolemy.actor.lib.LinearDifferenceEquationSystem">
                                            </entity>
                                            <entity name="LMSAdaptive" class="ptolemy.domains.sdf.lib.LMSAdaptive">
                                                <property name="taps" class="ptolemy.data.expr.Parameter" value="{1.0, 0.0, 0.0, 0.0}">
                                                </property>
                                            </entity>
                                            <entity name="RecursiveLattice" class="ptolemy.actor.lib.RecursiveLattice">
                                            </entity>
                                            <entity name="UpSample" class="ptolemy.domains.sdf.lib.UpSample">
                                            </entity>
                                            <entity name="VariableFIR" class="ptolemy.domains.sdf.lib.VariableFIR">
                                            </entity>
                                            <entity name="VariableLattice" class="ptolemy.domains.sdf.lib.VariableLattice">
                                            </entity>
                                            <entity name="VariableRecursiveLattice" class="ptolemy.domains.sdf.lib.VariableRecursiveLattice">
                                            </entity>
                                        </group>
                                    </configure>
                                </entity>
                                <entity name="Spectrum" class="ptolemy.moml.EntityLibrary">
                                    <configure>
                                        <group>
                                            <entity name="DB" class="ptolemy.actor.lib.DB">
                                            </entity>
                                            <entity name="FFT" class="ptolemy.domains.sdf.lib.FFT">
                                            </entity>
                                            <entity name="IFFT" class="ptolemy.domains.sdf.lib.IFFT">
                                            </entity>
                                            <entity name="LevinsonDurbin" class="ptolemy.actor.lib.LevinsonDurbin">
                                            </entity>
                                            <entity name="MaximumEntropySpectrum" class="ptolemy.domains.sdf.lib.MaximumEntropySpectrum">
                                            </entity>
                                            <entity name="PhaseUnwrap" class="ptolemy.actor.lib.PhaseUnwrap">
                                            </entity>
                                            <entity name="SmoothedPeriodogram" class="ptolemy.domains.sdf.lib.SmoothedPeriodogram">
                                            </entity>
                                            <entity name="Spectrum" class="ptolemy.domains.sdf.lib.Spectrum">
                                            </entity>
                                        </group>
                                    </configure>
                                </entity>
                                <entity name="Statistical" class="ptolemy.moml.EntityLibrary">
                                    <configure>
                                        <group>
                                            <entity name="Autocorrelation" class="ptolemy.domains.sdf.lib.Autocorrelation">
                                            </entity>
                                            <entity name="ComputeHistogram" class="ptolemy.actor.lib.ComputeHistogram">
                                            </entity>
                                            <entity name="PowerEstimate" class="ptolemy.actor.lib.PowerEstimate">
                                            </entity>
                                        </group>
                                    </configure>
                                </entity>
                            </group>
                        </configure>
                    </entity>
                    <entity name="String" class="ptolemy.moml.EntityLibrary">
                        <configure>
                            <group>
                                <entity name="StringCompare" class="ptolemy.actor.lib.string.StringCompare">
                                    <doc>Output a comparison function of two strings</doc>
                                    <property name="_icon" class="ptolemy.vergil.icon.AttributeValueIcon">
                                        <property name="attributeName" class="ptolemy.kernel.util.StringAttribute" value="function">
                                        </property>
                                        <property name="displayWidth" class="ptolemy.data.expr.Parameter" value="10">
                                        </property>
                                    </property>
                                </entity>
                                <entity name="StringFunction" class="ptolemy.actor.lib.string.StringFunction">
                                    <doc>Trim a string, convert a string to uppercase, or convert a string to&#10;            lowercase depending on the user's selection.</doc>
                                    <property name="_icon" class="ptolemy.vergil.icon.AttributeValueIcon">
                                        <property name="attributeName" class="ptolemy.kernel.util.StringAttribute" value="function">
                                        </property>
                                        <property name="displayWidth" class="ptolemy.data.expr.Parameter" value="11">
                                        </property>
                                    </property>
                                </entity>
                                <entity name="StringIndexOf" class="ptolemy.actor.lib.string.StringIndexOf">
                                    <doc>Output the length of an input string</doc>
                                </entity>
                                <entity name="StringLength" class="ptolemy.actor.lib.string.StringLength">
                                    <doc>Output the length of an input string</doc>
                                </entity>
                                <entity name="StringMatches" class="ptolemy.actor.lib.string.StringMatches">
                                    <doc>Determine if a string matches a regular expression</doc>
                                </entity>
                                <entity name="StringReplace" class="ptolemy.actor.lib.string.StringReplace">
                                    <doc>Replace the patterns that match a regular expression</doc>
                                </entity>
                                <entity name="StringSplit" class="ptolemy.actor.lib.string.StringSplit">
                                    <doc>Split a string into an array of strings</doc>
                                </entity>
                                <entity name="StringSubstring" class="ptolemy.actor.lib.string.StringSubstring">
                                    <doc>Output a substring of an input string</doc>
                                </entity>
                            </group>
                        </configure>
                    </entity>
                    <entity name="DomainSpecific" class="ptolemy.moml.EntityLibrary">
                        <configure>
                            <group>
                                <doc>Common Domain Specific Actors</doc>
                                <entity name="Continuous" class="ptolemy.moml.EntityLibrary">
                                    <configure>
                                        <group>
                                            <doc>Continuous actors</doc>
                                            <entity name="Signal Generators" class="ptolemy.moml.EntityLibrary">
                                                <configure>
                                                    <group>
                                                        <entity name="ContinuousClock" class="ptolemy.domains.continuous.lib.ContinuousClock">
                                                        </entity>
                                                        <entity name="ContinuousSinewave" class="ptolemy.domains.continuous.lib.ContinuousSinewave">
                                                        </entity>
                                                        <entity name="DiscreteClock" class="ptolemy.actor.lib.DiscreteClock">
                                                        </entity>
                                                        <entity name="PWM" class="ptolemy.domains.continuous.lib.PWM">
                                                        </entity>
                                                        <entity name="SingleEvent" class="ptolemy.actor.lib.SingleEvent">
                                                        </entity>
                                                        <entity name="Waveform" class="ptolemy.domains.continuous.lib.Waveform">
                                                        </entity>
                                                    </group>
                                                </configure>
                                            </entity>
                                            <entity name="Continuous to Discrete" class="ptolemy.moml.EntityLibrary">
                                                <configure>
                                                    <group>
                                                        <entity name="LevelCrossingDetector" class="ptolemy.domains.continuous.lib.LevelCrossingDetector">
                                                        </entity>
                                                        <entity name="PeriodicSampler" class="ptolemy.domains.continuous.lib.PeriodicSampler">
                                                        </entity>
                                                        <entity name="Sampler" class="ptolemy.actor.lib.Sampler">
                                                        </entity>
                                                    </group>
                                                </configure>
                                            </entity>
                                            <entity name="Discrete to Continuous" class="ptolemy.moml.EntityLibrary">
                                                <configure>
                                                    <group>
                                                        <entity name="ZeroOrderHold" class="ptolemy.domains.continuous.lib.ZeroOrderHold">
                                                        </entity>
                                                    </group>
                                                </configure>
                                            </entity>
                                            <entity name="Dynamics" class="ptolemy.moml.EntityLibrary">
                                                <configure>
                                                    <group>
                                                        <entity name="ContinuousTransferFunction" class="ptolemy.domains.continuous.lib.ContinuousTransferFunction">
                                                        </entity>
                                                        <entity name="DCMotor" class="ptolemy.domains.continuous.lib.DCMotor">
                                                        </entity>
                                                        <entity name="Derivative" class="ptolemy.domains.continuous.lib.Derivative">
                                                        </entity>
                                                        <entity name="DifferentialSystem" class="ptolemy.domains.continuous.lib.DifferentialSystem">
                                                        </entity>
                                                        <entity name="Integrator" class="ptolemy.domains.continuous.lib.Integrator">
                                                        </entity>
                                                        <entity name="LinearStateSpace" class="ptolemy.domains.continuous.lib.LinearStateSpace">
                                                        </entity>
                                                    </group>
                                                </configure>
                                            </entity>
                                            <entity name="Random" class="ptolemy.moml.EntityLibrary">
                                                <configure>
                                                    <group>
                                                        <entity name="BandlimitedNoise" class="ptolemy.domains.continuous.lib.BandlimitedNoise">
                                                        </entity>
                                                        <entity name="ContinuousSpectrum" class="ptolemy.domains.continuous.lib.ContinuousSpectrum">
                                                            <entity name="Frequency Domain Display" class="ptolemy.actor.lib.gui.SequencePlotter">
                                                                <configure>
<?plotml <!DOCTYPE plot PUBLIC "-//UC Berkeley//DTD PlotML 1//EN"
"http://ptolemy.eecs.berkeley.edu/xml/dtd/PlotML_1.dtd">
<plot>
<title>Spectrum</title>
<xLabel>frequency</xLabel>
<yLabel>dB</yLabel>
<xRange min="-50.0" max="49.9755859375"/>
<yRange min="-100.0" max="30.163494159740733"/>
<noGrid/>
</plot>?>
                                                                </configure>
                                                            </entity>
                                                        </entity>
                                                        <entity name="Noise" class="ptolemy.domains.continuous.lib.Noise">
                                                        </entity>
                                                    </group>
                                                </configure>
                                            </entity>
                                            <entity name="Miscellaneous" class="ptolemy.moml.EntityLibrary">
                                                <configure>
                                                    <group>
                                                        <entity name="MicrostepDelay" class="ptolemy.actor.lib.MicrostepDelay">
                                                        </entity>
                                                        <entity name="ResettableTimer" class="ptolemy.actor.lib.ResettableTimer">
                                                        </entity>
                                                        <entity name="ContinuousMerge" class="ptolemy.domains.continuous.lib.ContinuousMerge">
                                                        </entity>
                                                    </group>
                                                </configure>
                                            </entity>
                                        </group>
                                    </configure>
                                </entity>
                                <entity name="DynamicDataFlow" class="ptolemy.moml.EntityLibrary">
                                    <configure>
                                        <group>
                                            <doc>Dynamic dataflow actors</doc>
                                            <entity name="ActorRecursion" class="ptolemy.domains.ddf.lib.ActorRecursion">
                                            </entity>
                                            <entity name="DDFSingleTokenCommutator" class="ptolemy.domains.ddf.lib.DDFSingleTokenCommutator">
                                            </entity>
                                        </group>
                                    </configure>
                                </entity>
                                <entity name="DiscreteEvent" class="ptolemy.moml.EntityLibrary">
                                    <configure>
                                        <group>
                                            <doc>Discrete-event actors</doc>
                                            <entity name="Date" class="ptolemy.moml.EntityLibrary">
                                                <configure>
                                                    <group>
                                                        <doc>Date actors</doc>
                                                        <entity name="CurrentDate" class="ptolemy.actor.lib.CurrentDate">
                                                        </entity>
                                                        <entity name="DateElements" class="ptolemy.actor.lib.DateElements">
                                                        </entity>
                                                        <entity name="DateConstructor" class="ptolemy.actor.lib.DateConstructor">
                                                        </entity>
                                                        <entity name="DateToEvent" class="ptolemy.domains.de.lib.DateToEvent">
                                                        </entity>
                                                        <entity name="DateToModelTime" class="ptolemy.domains.de.lib.DateToModelTime">
                                                        </entity>
                                                        <entity name="EventToDate" class="ptolemy.domains.de.lib.EventToDate">
                                                        </entity>
                                                        <entity name="ModifyDate" class="ptolemy.actor.lib.ModifyDate">
                                                        </entity>
                                                        <entity name="StringToDate" class="ptolemy.actor.lib.conversions.StringToDate">
                                                        </entity>
                                                    </group>
                                                </configure>
                                            </entity>
                                            <entity name="AverageOverTime" class="ptolemy.domains.de.lib.AverageOverTime">
                                            </entity>
                                            <entity name="Derivative" class="ptolemy.domains.de.lib.Derivative">
                                                <doc>Discrete derivative.</doc>
                                            </entity>
                                            <entity name="EventButton" class="ptolemy.actor.lib.gui.EventButton">
                                            </entity>
                                            <entity name="EventFilter" class="ptolemy.domains.de.lib.EventFilter">
                                            </entity>
                                            <entity name="Inhibit" class="ptolemy.domains.de.lib.Inhibit">
                                            </entity>
                                            <entity name="Integrator" class="ptolemy.domains.de.lib.Integrator">
                                                <doc>Discrete integrator.</doc>
                                            </entity>
                                            <entity name="Merge" class="ptolemy.domains.de.lib.Merge">
                                            </entity>
                                            <entity name="MicrostepDelay" class="ptolemy.actor.lib.MicrostepDelay">
                                            </entity>
                                            <entity name="MostRecent" class="ptolemy.domains.de.lib.MostRecent">
                                            </entity>
                                            <entity name="PID" class="ptolemy.domains.de.lib.PID">
                                                <doc>Discrete proportional, integral, and derivative controller.</doc>
                                            </entity>
                                            <entity name="Previous" class="ptolemy.domains.de.lib.Previous">
                                            </entity>
                                            <entity name="Queue" class="ptolemy.domains.de.lib.Queue">
                                            </entity>
                                            <entity name="Register" class="ptolemy.domains.de.lib.Register">
                                            </entity>
                                            <entity name="ResettableTimer" class="ptolemy.actor.lib.ResettableTimer">
                                            </entity>
                                            <entity name="Server" class="ptolemy.domains.de.lib.Server">
                                            </entity>
                                            <entity name="SharedQueue" class="ptolemy.domains.de.lib.SharedQueue">
                                            </entity>
                                            <entity name="SingleEvent" class="ptolemy.actor.lib.SingleEvent">
                                            </entity>
                                            <entity name="TimeCompare" class="ptolemy.domains.de.lib.TimeCompare">
                                            </entity>
                                            <entity name="TimeDelay" class="ptolemy.actor.lib.TimeDelay">
                                            </entity>
                                            <entity name="TimeGap" class="ptolemy.domains.de.lib.TimeGap">
                                            </entity>
                                            <entity name="WaitingTime" class="ptolemy.domains.de.lib.WaitingTime">
                                            </entity>
                                        </group>
                                    </configure>
                                </entity>
                                <entity name="ProcessNetworks" class="ptolemy.moml.EntityLibrary">
                                    <configure>
                                        <group>
                                            <doc>Process Network actors</doc>
                                            <entity name="NondeterministicMerge" class="ptolemy.domains.pn.kernel.NondeterministicMerge">
                                            </entity>
                                            <entity name="OrderedMerge" class="ptolemy.actor.lib.OrderedMerge">
                                            </entity>
                                            <entity name="Sequencer" class="ptolemy.actor.lib.Sequencer">
                                            </entity>
                                            <entity name="Starver" class="ptolemy.domains.pn.lib.Starver">
                                            </entity>
                                            <entity name="Stop" class="ptolemy.actor.lib.Stop">
                                            </entity>
                                            <entity name="Synchronizer" class="ptolemy.actor.lib.Synchronizer">
                                            </entity>
                                        </group>
                                    </configure>
                                </entity>
                                <entity name="Rendezvous" class="ptolemy.moml.EntityLibrary">
                                    <configure>
                                        <group>
                                            <doc>Rendezvous actors</doc>
                                            <property name="SuppressDeadlockReporting" class="ptolemy.data.expr.Parameter" value="true">
                                                <property name="_hideName" class="ptolemy.kernel.util.SingletonAttribute">
                                                </property>
                                                <property name="_icon" class="ptolemy.vergil.icon.ValueIcon">
                                                    <property name="_color" class="ptolemy.actor.gui.ColorAttribute" value="{0.0, 0.0, 1.0, 1.0}">
                                                    </property>
                                                </property>
                                                <property name="_smallIconDescription" class="ptolemy.kernel.util.SingletonConfigurableAttribute">
                                                    <configure>
              <svg>
                <text x="20" style="font-size:14; font-family:SansSerif; fill:blue" y="20">-D-</text>
              </svg>
            </configure>
                                                </property>
                                                <property name="_editorFactory" class="ptolemy.vergil.toolbox.VisibleParameterEditorFactory">
                                                </property>
                                            </property>
                                            <entity name="Barrier" class="ptolemy.domains.rendezvous.lib.Barrier">
                                            </entity>
                                            <entity name="Buffer" class="ptolemy.domains.rendezvous.lib.Buffer">
                                            </entity>
                                            <entity name="Merge" class="ptolemy.domains.rendezvous.lib.Merge">
                                            </entity>
                                            <entity name="ResourcePool" class="ptolemy.domains.rendezvous.lib.ResourcePool">
                                            </entity>
                                        </group>
                                    </configure>
                                </entity>
                                <entity name="SynchronousReactive" class="ptolemy.moml.EntityLibrary">
                                    <configure>
                                        <group>
                                            <doc>Synchronous-reactive actors</doc>
                                            <entity name="Absent" class="ptolemy.domains.sr.lib.Absent">
                                                <property name="outputType" class="ptolemy.kernel.util.StringAttribute" value="int">
                                                    <property name="style" class="ptolemy.actor.gui.style.ChoiceStyle">
                                                        <property name="boolean" class="ptolemy.kernel.util.StringAttribute" value="boolean">
                                                        </property>
                                                        <property name="complex" class="ptolemy.kernel.util.StringAttribute" value="complex">
                                                        </property>
                                                        <property name="double" class="ptolemy.kernel.util.StringAttribute" value="double">
                                                        </property>
                                                        <property name="fix" class="ptolemy.kernel.util.StringAttribute" value="fix">
                                                        </property>
                                                        <property name="int" class="ptolemy.kernel.util.StringAttribute" value="int">
                                                        </property>
                                                        <property name="long" class="ptolemy.kernel.util.StringAttribute" value="long">
                                                        </property>
                                                        <property name="string" class="ptolemy.kernel.util.StringAttribute" value="string">
                                                        </property>
                                                    </property>
                                                </property>
                                            </entity>
                                            <entity name="Current" class="ptolemy.domains.sr.lib.Current">
                                            </entity>
                                            <entity name="Default" class="ptolemy.actor.lib.Default">
                                            </entity>
                                            <entity name="EnabledComposite" class="ptolemy.domains.sr.lib.EnabledComposite">
                                            </entity>
                                            <entity name="InstantaneousDialogGenerator" class="ptolemy.domains.sr.lib.InstantaneousDialogGenerator">
                                            </entity>
                                            <entity name="IsPresent" class="ptolemy.actor.lib.logic.IsPresent">
                                            </entity>
                                            <entity name="NonStrictDelay" class="ptolemy.domains.sr.lib.NonStrictDelay">
                                                <property name="_icon" class="ptolemy.vergil.icon.BoxedValueIcon">
                                                    <property name="attributeName" class="ptolemy.kernel.util.StringAttribute" value="initialValue">
                                                    </property>
                                                    <property name="displayWidth" class="ptolemy.data.expr.Parameter" value="20">
                                                    </property>
                                                </property>
                                            </entity>
                                            <entity name="NonStrictDisplay" class="ptolemy.domains.sr.lib.gui.NonStrictDisplay">
                                                <property name="_windowProperties" class="ptolemy.actor.gui.WindowPropertiesAttribute">
                                                </property>
                                                <property name="_paneSize" class="ptolemy.actor.gui.SizeAttribute">
                                                </property>
                                            </entity>
                                            <entity name="BinaryNonStrictLogicGate" class="ptolemy.domains.sr.lib.BinaryNonStrictLogicGate">
                                                <property name="LogicGate_Icon" class="ptolemy.vergil.icon.EditorIcon">
                                                    <property name="polygon" class="ptolemy.vergil.kernel.attributes.ResizablePolygonAttribute">
                                                        <property name="_location" class="ptolemy.kernel.util.Location" value="[9.0, 0.0]">
                                                        </property>
                                                        <property name="lineColor" class="ptolemy.actor.gui.ColorAttribute" value="{0.0, 0.0, 0.0, 0.0}">
                                                        </property>
                                                        <property name="width" class="ptolemy.data.expr.Parameter" value="(logic == &quot;and&quot; || logic == &quot;nand&quot;) ? 0 : 35">
                                                        </property>
                                                        <property name="height" class="ptolemy.data.expr.Parameter" value="(logic == &quot;and&quot; || logic == &quot;nand&quot;) ? 0 : 41">
                                                        </property>
                                                        <property name="centered" class="ptolemy.data.expr.Parameter" value="true">
                                                        </property>
                                                        <property name="fillColor" class="ptolemy.actor.gui.ColorAttribute" value="{1.0, 1.0, 1.0, 1.0}">
                                                        </property>
                                                        <property name="vertices" class="ptolemy.data.expr.Parameter" value="{0.0, 0.0, 35.0, 20.0, 0.0, 40.0}">
                                                        </property>
                                                        <property name="_renderFirst" class="ptolemy.kernel.util.SingletonAttribute">
                                                        </property>
                                                    </property>
                                                    <property name="rectangle" class="ptolemy.vergil.kernel.attributes.RectangleAttribute">
                                                        <property name="_location" class="ptolemy.kernel.util.Location" value="[-24.0, -20.0]">
                                                        </property>
                                                        <property name="lineColor" class="ptolemy.actor.gui.ColorAttribute" value="{0.0, 0.0, 0.0, 0.0}">
                                                        </property>
                                                        <property name="width" class="ptolemy.data.expr.Parameter" value="(logic == &quot;and&quot; || logic == &quot;nand&quot;) ? 30 : 16">
                                                        </property>
                                                        <property name="height" class="ptolemy.data.expr.Parameter" value="40">
                                                        </property>
                                                        <property name="centered" class="ptolemy.data.expr.Parameter" value="false">
                                                        </property>
                                                        <property name="fillColor" class="ptolemy.actor.gui.ColorAttribute" value="{1.0, 1.0, 1.0, 1.0}">
                                                        </property>
                                                    </property>
                                                    <property name="arc" class="ptolemy.vergil.kernel.attributes.ArcAttribute">
                                                        <property name="_location" class="ptolemy.kernel.util.Location" value="[-14.0, -20.0]">
                                                        </property>
                                                        <property name="lineColor" class="ptolemy.actor.gui.ColorAttribute" value="(logic == &quot;and&quot; || logic == &quot;nand&quot;) ? {0.0, 0.0, 0.0, 1.0} : {0.0, 0.0, 0.0, 0.0}">
                                                        </property>
                                                        <property name="width" class="ptolemy.data.expr.Parameter" value="(logic == &quot;and&quot; || logic == &quot;nand&quot;) ? 40 : 0">
                                                        </property>
                                                        <property name="height" class="ptolemy.data.expr.Parameter" value="(logic == &quot;and&quot; || logic == &quot;nand&quot;) ? 40 : 0">
                                                        </property>
                                                        <property name="centered" class="ptolemy.data.expr.Parameter" value="false">
                                                            <property name="style" class="ptolemy.actor.gui.style.TextStyle">
                                                                <property name="height" class="ptolemy.data.expr.Parameter" value="10">
                                                                </property>
                                                                <property name="width" class="ptolemy.data.expr.Parameter" value="30">
                                                                </property>
                                                            </property>
                                                        </property>
                                                        <property name="fillColor" class="ptolemy.actor.gui.ColorAttribute" value="{1.0, 1.0, 1.0, 1.0}">
                                                        </property>
                                                        <property name="type" class="ptolemy.data.expr.StringParameter" value="open">
                                                        </property>
                                                        <property name="start" class="ptolemy.data.expr.Parameter" value="90.0">
                                                        </property>
                                                        <property name="extent" class="ptolemy.data.expr.Parameter" value="(logic == &quot;and&quot; || logic == &quot;nand&quot;) ? -180.0 : -60.0">
                                                        </property>
                                                    </property>
                                                    <property name="arc2" class="ptolemy.vergil.kernel.attributes.ArcAttribute">
                                                        <property name="_location" class="ptolemy.kernel.util.Location" value="{9.0, -10.0}">
                                                        </property>
                                                        <property name="lineColor" class="ptolemy.actor.gui.ColorAttribute" value="(logic == &quot;and&quot; || logic == &quot;nand&quot;) ? {0.0, 0.0, 0.0, 0.0} : {0.0, 0.0, 0.0, 1.0}">
                                                        </property>
                                                        <property name="width" class="ptolemy.data.expr.Parameter" value="(logic == &quot;and&quot; || logic == &quot;nand&quot;) ? 0 : 80">
                                                        </property>
                                                        <property name="height" class="ptolemy.data.expr.Parameter" value="(logic == &quot;and&quot; || logic == &quot;nand&quot;) ? 0 : 80">
                                                        </property>
                                                        <property name="centered" class="ptolemy.data.expr.Parameter" value="true">
                                                            <property name="style" class="ptolemy.actor.gui.style.TextStyle">
                                                                <property name="height" class="ptolemy.data.expr.Parameter" value="10">
                                                                </property>
                                                                <property name="width" class="ptolemy.data.expr.Parameter" value="30">
                                                                </property>
                                                            </property>
                                                        </property>
                                                        <property name="fillColor" class="ptolemy.actor.gui.ColorAttribute" value="{1.0, 1.0, 1.0, 1.0}">
                                                        </property>
                                                        <property name="type" class="ptolemy.data.expr.StringParameter" value="open">
                                                        </property>
                                                        <property name="start" class="ptolemy.data.expr.Parameter" value="90.0">
                                                        </property>
                                                        <property name="extent" class="ptolemy.data.expr.Parameter" value="-60.0">
                                                        </property>
                                                    </property>
                                                    <property name="arc3" class="ptolemy.vergil.kernel.attributes.ArcAttribute">
                                                        <property name="_location" class="ptolemy.kernel.util.Location" value="[9.0, 10.0]">
                                                        </property>
                                                        <property name="lineColor" class="ptolemy.actor.gui.ColorAttribute" value="(logic == &quot;and&quot; || logic == &quot;nand&quot;) ? {0.0, 0.0, 0.0, 0.0} : {0.0, 0.0, 0.0, 1.0}">
                                                        </property>
                                                        <property name="width" class="ptolemy.data.expr.Parameter" value="(logic == &quot;and&quot; || logic == &quot;nand&quot;) ? 0 : 80">
                                                        </property>
                                                        <property name="height" class="ptolemy.data.expr.Parameter" value="(logic == &quot;and&quot; || logic == &quot;nand&quot;) ? 0 : 80">
                                                        </property>
                                                        <property name="centered" class="ptolemy.data.expr.Parameter" value="true">
                                                            <property name="style" class="ptolemy.actor.gui.style.TextStyle">
                                                                <property name="height" class="ptolemy.data.expr.Parameter" value="10">
                                                                </property>
                                                                <property name="width" class="ptolemy.data.expr.Parameter" value="30">
                                                                </property>
                                                            </property>
                                                        </property>
                                                        <property name="fillColor" class="ptolemy.actor.gui.ColorAttribute" value="{1.0, 1.0, 1.0, 1.0}">
                                                        </property>
                                                        <property name="type" class="ptolemy.data.expr.StringParameter" value="open">
                                                        </property>
                                                        <property name="start" class="ptolemy.data.expr.Parameter" value="-90.0">
                                                        </property>
                                                        <property name="extent" class="ptolemy.data.expr.Parameter" value="60.0">
                                                        </property>
                                                    </property>
                                                    <property name="arc6" class="ptolemy.vergil.kernel.attributes.ArcAttribute">
                                                        <property name="_location" class="ptolemy.kernel.util.Location" value="[33.0, 0.0]">
                                                        </property>
                                                        <property name="width" class="ptolemy.data.expr.Parameter" value="14">
                                                        </property>
                                                        <property name="height" class="ptolemy.data.expr.Parameter" value="14">
                                                        </property>
                                                        <property name="centered" class="ptolemy.data.expr.Parameter" value="true">
                                                        </property>
                                                        <property name="fillColor" class="ptolemy.actor.gui.ColorAttribute" value="{1.0, 1.0, 1.0, 1.0}">
                                                        </property>
                                                        <property name="type" class="ptolemy.data.expr.StringParameter" value="chord">
                                                        </property>
                                                        <property name="start" class="ptolemy.data.expr.Parameter" value="-180.0">
                                                        </property>
                                                        <property name="extent" class="ptolemy.data.expr.Parameter" value="(logic == &quot;nor&quot; || logic == &quot;nand&quot; || logic == &quot;xnor&quot;) ? 360.0 : 0.0">
                                                        </property>
                                                    </property>
                                                    <property name="line" class="ptolemy.vergil.kernel.attributes.LineAttribute">
                                                        <property name="_location" class="ptolemy.kernel.util.Location" value="[-24.0, -20.0]">
                                                        </property>
                                                        <property name="x" class="ptolemy.data.expr.Parameter" value="(logic == &quot;and&quot; || logic == &quot;nand&quot;) ? 30 : 16">
                                                        </property>
                                                        <property name="y" class="ptolemy.data.expr.Parameter" value="0.0">
                                                        </property>
                                                    </property>
                                                    <property name="line2" class="ptolemy.vergil.kernel.attributes.LineAttribute">
                                                        <property name="_location" class="ptolemy.kernel.util.Location" value="[-24.0, 20.0]">
                                                        </property>
                                                        <property name="x" class="ptolemy.data.expr.Parameter" value="(logic == &quot;and&quot; || logic == &quot;nand&quot;) ? 30 : 16">
                                                        </property>
                                                        <property name="y" class="ptolemy.data.expr.Parameter" value="0.0">
                                                        </property>
                                                    </property>
                                                    <property name="line3" class="ptolemy.vergil.kernel.attributes.LineAttribute">
                                                        <property name="_location" class="ptolemy.kernel.util.Location" value="[-24.0, -20.0]">
                                                        </property>
                                                        <property name="x" class="ptolemy.data.expr.Parameter" value="0.0">
                                                        </property>
                                                        <property name="y" class="ptolemy.data.expr.Parameter" value="(logic == &quot;and&quot; || logic == &quot;nand&quot;) ? 40 : 0">
                                                        </property>
                                                    </property>
                                                    <property name="arc4" class="ptolemy.vergil.kernel.attributes.ArcAttribute">
                                                        <property name="_location" class="ptolemy.kernel.util.Location" value="[-20.0, 0.0]">
                                                        </property>
                                                        <property name="width" class="ptolemy.data.expr.Parameter" value="30">
                                                        </property>
                                                        <property name="height" class="ptolemy.data.expr.Parameter" value="45">
                                                        </property>
                                                        <property name="centered" class="ptolemy.data.expr.Parameter" value="true">
                                                        </property>
                                                        <property name="fillColor" class="ptolemy.actor.gui.ColorAttribute" value="{1.0, 1.0, 1.0, 1.0}">
                                                        </property>
                                                        <property name="type" class="ptolemy.data.expr.StringParameter" value="open">
                                                        </property>
                                                        <property name="start" class="ptolemy.data.expr.Parameter" value="-60.0">
                                                        </property>
                                                        <property name="extent" class="ptolemy.data.expr.Parameter" value="(logic == &quot;and&quot; || logic == &quot;nand&quot;) ? 0 : 120.0">
                                                        </property>
                                                    </property>
                                                    <property name="_windowProperties" class="ptolemy.actor.gui.WindowPropertiesAttribute" value="{bounds={130, 353, 934, 634}, maximized=false}">
                                                    </property>
                                                    <property name="_vergilSize" class="ptolemy.actor.gui.SizeAttribute" value="[700, 524]">
                                                    </property>
                                                    <property name="_vergilZoomFactor" class="ptolemy.data.expr.ExpertParameter" value="4.0">
                                                    </property>
                                                    <property name="_vergilCenter" class="ptolemy.data.expr.ExpertParameter" value="{12.5, 9.25}">
                                                    </property>
                                                    <property name="arc5" class="ptolemy.vergil.kernel.attributes.ArcAttribute">
                                                        <property name="_location" class="ptolemy.kernel.util.Location" value="[-25.0, 0.0]">
                                                        </property>
                                                        <property name="lineColor" class="ptolemy.actor.gui.ColorAttribute" value="(logic == &quot;xnor&quot; || logic == &quot;xor&quot;) ? {0.0, 0.0, 0.0, 1.0} : {0.0, 0.0, 0.0, 0.0}">
                                                        </property>
                                                        <property name="width" class="ptolemy.data.expr.Parameter" value="30">
                                                        </property>
                                                        <property name="height" class="ptolemy.data.expr.Parameter" value="45">
                                                        </property>
                                                        <property name="centered" class="ptolemy.data.expr.Parameter" value="true">
                                                        </property>
                                                        <property name="fillColor" class="ptolemy.actor.gui.ColorAttribute" value="{1.0, 1.0, 1.0, 0.0}">
                                                        </property>
                                                        <property name="type" class="ptolemy.data.expr.StringParameter" value="open">
                                                        </property>
                                                        <property name="start" class="ptolemy.data.expr.Parameter" value="-60.0">
                                                        </property>
                                                        <property name="extent" class="ptolemy.data.expr.Parameter" value="(logic == &quot;xnor&quot; || logic == &quot;xor&quot;) ? 120.0 : 0">
                                                        </property>
                                                    </property>
                                                    <property name="ParameterValue" class="ptolemy.vergil.kernel.attributes.AttributeExpressionAttribute">
                                                        <property name="attributeName" class="ptolemy.kernel.util.StringAttribute" value="logic">
                                                        </property>
                                                        <property name="displayWidth" class="ptolemy.data.expr.Parameter" value="6">
                                                        </property>
                                                        <property name="_location" class="ptolemy.kernel.util.Location" value="[-18.0, -9.0]">
                                                        </property>
                                                        <property name="_renderLast" class="ptolemy.kernel.util.SingletonAttribute">
                                                        </property>
                                                    </property>
                                                </property>
                                            </entity>
                                            <entity name="NonStrictLogicGate" class="ptolemy.domains.sr.lib.NonStrictLogicGate">
                                                <property name="LogicGate_Icon" class="ptolemy.vergil.icon.EditorIcon">
                                                    <property name="polygon" class="ptolemy.vergil.kernel.attributes.ResizablePolygonAttribute">
                                                        <property name="_location" class="ptolemy.kernel.util.Location" value="[9.0, 0.0]">
                                                        </property>
                                                        <property name="lineColor" class="ptolemy.actor.gui.ColorAttribute" value="{0.0, 0.0, 0.0, 0.0}">
                                                        </property>
                                                        <property name="width" class="ptolemy.data.expr.Parameter" value="(logic == &quot;and&quot; || logic == &quot;nand&quot;) ? 0 : 35">
                                                        </property>
                                                        <property name="height" class="ptolemy.data.expr.Parameter" value="(logic == &quot;and&quot; || logic == &quot;nand&quot;) ? 0 : 41">
                                                        </property>
                                                        <property name="centered" class="ptolemy.data.expr.Parameter" value="true">
                                                        </property>
                                                        <property name="fillColor" class="ptolemy.actor.gui.ColorAttribute" value="{1.0, 1.0, 1.0, 1.0}">
                                                        </property>
                                                        <property name="vertices" class="ptolemy.data.expr.Parameter" value="{0.0, 0.0, 35.0, 20.0, 0.0, 40.0}">
                                                        </property>
                                                        <property name="_renderFirst" class="ptolemy.kernel.util.SingletonAttribute">
                                                        </property>
                                                    </property>
                                                    <property name="rectangle" class="ptolemy.vergil.kernel.attributes.RectangleAttribute">
                                                        <property name="_location" class="ptolemy.kernel.util.Location" value="[-24.0, -20.0]">
                                                        </property>
                                                        <property name="lineColor" class="ptolemy.actor.gui.ColorAttribute" value="{0.0, 0.0, 0.0, 0.0}">
                                                        </property>
                                                        <property name="width" class="ptolemy.data.expr.Parameter" value="(logic == &quot;and&quot; || logic == &quot;nand&quot;) ? 30 : 16">
                                                        </property>
                                                        <property name="height" class="ptolemy.data.expr.Parameter" value="40">
                                                        </property>
                                                        <property name="centered" class="ptolemy.data.expr.Parameter" value="false">
                                                        </property>
                                                        <property name="fillColor" class="ptolemy.actor.gui.ColorAttribute" value="{1.0, 1.0, 1.0, 1.0}">
                                                        </property>
                                                    </property>
                                                    <property name="arc" class="ptolemy.vergil.kernel.attributes.ArcAttribute">
                                                        <property name="_location" class="ptolemy.kernel.util.Location" value="[-14.0, -20.0]">
                                                        </property>
                                                        <property name="lineColor" class="ptolemy.actor.gui.ColorAttribute" value="(logic == &quot;and&quot; || logic == &quot;nand&quot;) ? {0.0, 0.0, 0.0, 1.0} : {0.0, 0.0, 0.0, 0.0}">
                                                        </property>
                                                        <property name="width" class="ptolemy.data.expr.Parameter" value="(logic == &quot;and&quot; || logic == &quot;nand&quot;) ? 40 : 0">
                                                        </property>
                                                        <property name="height" class="ptolemy.data.expr.Parameter" value="(logic == &quot;and&quot; || logic == &quot;nand&quot;) ? 40 : 0">
                                                        </property>
                                                        <property name="centered" class="ptolemy.data.expr.Parameter" value="false">
                                                            <property name="style" class="ptolemy.actor.gui.style.TextStyle">
                                                                <property name="height" class="ptolemy.data.expr.Parameter" value="10">
                                                                </property>
                                                                <property name="width" class="ptolemy.data.expr.Parameter" value="30">
                                                                </property>
                                                            </property>
                                                        </property>
                                                        <property name="fillColor" class="ptolemy.actor.gui.ColorAttribute" value="{1.0, 1.0, 1.0, 1.0}">
                                                        </property>
                                                        <property name="type" class="ptolemy.data.expr.StringParameter" value="open">
                                                        </property>
                                                        <property name="start" class="ptolemy.data.expr.Parameter" value="90.0">
                                                        </property>
                                                        <property name="extent" class="ptolemy.data.expr.Parameter" value="(logic == &quot;and&quot; || logic == &quot;nand&quot;) ? -180.0 : -60.0">
                                                        </property>
                                                    </property>
                                                    <property name="arc2" class="ptolemy.vergil.kernel.attributes.ArcAttribute">
                                                        <property name="_location" class="ptolemy.kernel.util.Location" value="{9.0, -10.0}">
                                                        </property>
                                                        <property name="lineColor" class="ptolemy.actor.gui.ColorAttribute" value="(logic == &quot;and&quot; || logic == &quot;nand&quot;) ? {0.0, 0.0, 0.0, 0.0} : {0.0, 0.0, 0.0, 1.0}">
                                                        </property>
                                                        <property name="width" class="ptolemy.data.expr.Parameter" value="(logic == &quot;and&quot; || logic == &quot;nand&quot;) ? 0 : 80">
                                                        </property>
                                                        <property name="height" class="ptolemy.data.expr.Parameter" value="(logic == &quot;and&quot; || logic == &quot;nand&quot;) ? 0 : 80">
                                                        </property>
                                                        <property name="centered" class="ptolemy.data.expr.Parameter" value="true">
                                                            <property name="style" class="ptolemy.actor.gui.style.TextStyle">
                                                                <property name="height" class="ptolemy.data.expr.Parameter" value="10">
                                                                </property>
                                                                <property name="width" class="ptolemy.data.expr.Parameter" value="30">
                                                                </property>
                                                            </property>
                                                        </property>
                                                        <property name="fillColor" class="ptolemy.actor.gui.ColorAttribute" value="{1.0, 1.0, 1.0, 1.0}">
                                                        </property>
                                                        <property name="type" class="ptolemy.data.expr.StringParameter" value="open">
                                                        </property>
                                                        <property name="start" class="ptolemy.data.expr.Parameter" value="90.0">
                                                        </property>
                                                        <property name="extent" class="ptolemy.data.expr.Parameter" value="-60.0">
                                                        </property>
                                                    </property>
                                                    <property name="arc3" class="ptolemy.vergil.kernel.attributes.ArcAttribute">
                                                        <property name="_location" class="ptolemy.kernel.util.Location" value="[9.0, 10.0]">
                                                        </property>
                                                        <property name="lineColor" class="ptolemy.actor.gui.ColorAttribute" value="(logic == &quot;and&quot; || logic == &quot;nand&quot;) ? {0.0, 0.0, 0.0, 0.0} : {0.0, 0.0, 0.0, 1.0}">
                                                        </property>
                                                        <property name="width" class="ptolemy.data.expr.Parameter" value="(logic == &quot;and&quot; || logic == &quot;nand&quot;) ? 0 : 80">
                                                        </property>
                                                        <property name="height" class="ptolemy.data.expr.Parameter" value="(logic == &quot;and&quot; || logic == &quot;nand&quot;) ? 0 : 80">
                                                        </property>
                                                        <property name="centered" class="ptolemy.data.expr.Parameter" value="true">
                                                            <property name="style" class="ptolemy.actor.gui.style.TextStyle">
                                                                <property name="height" class="ptolemy.data.expr.Parameter" value="10">
                                                                </property>
                                                                <property name="width" class="ptolemy.data.expr.Parameter" value="30">
                                                                </property>
                                                            </property>
                                                        </property>
                                                        <property name="fillColor" class="ptolemy.actor.gui.ColorAttribute" value="{1.0, 1.0, 1.0, 1.0}">
                                                        </property>
                                                        <property name="type" class="ptolemy.data.expr.StringParameter" value="open">
                                                        </property>
                                                        <property name="start" class="ptolemy.data.expr.Parameter" value="-90.0">
                                                        </property>
                                                        <property name="extent" class="ptolemy.data.expr.Parameter" value="60.0">
                                                        </property>
                                                    </property>
                                                    <property name="arc6" class="ptolemy.vergil.kernel.attributes.ArcAttribute">
                                                        <property name="_location" class="ptolemy.kernel.util.Location" value="[33.0, 0.0]">
                                                        </property>
                                                        <property name="width" class="ptolemy.data.expr.Parameter" value="14">
                                                        </property>
                                                        <property name="height" class="ptolemy.data.expr.Parameter" value="14">
                                                        </property>
                                                        <property name="centered" class="ptolemy.data.expr.Parameter" value="true">
                                                        </property>
                                                        <property name="fillColor" class="ptolemy.actor.gui.ColorAttribute" value="{1.0, 1.0, 1.0, 1.0}">
                                                        </property>
                                                        <property name="type" class="ptolemy.data.expr.StringParameter" value="chord">
                                                        </property>
                                                        <property name="start" class="ptolemy.data.expr.Parameter" value="-180.0">
                                                        </property>
                                                        <property name="extent" class="ptolemy.data.expr.Parameter" value="(logic == &quot;nor&quot; || logic == &quot;nand&quot; || logic == &quot;xnor&quot;) ? 360.0 : 0.0">
                                                        </property>
                                                    </property>
                                                    <property name="line" class="ptolemy.vergil.kernel.attributes.LineAttribute">
                                                        <property name="_location" class="ptolemy.kernel.util.Location" value="[-24.0, -20.0]">
                                                        </property>
                                                        <property name="x" class="ptolemy.data.expr.Parameter" value="(logic == &quot;and&quot; || logic == &quot;nand&quot;) ? 30 : 16">
                                                        </property>
                                                        <property name="y" class="ptolemy.data.expr.Parameter" value="0.0">
                                                        </property>
                                                    </property>
                                                    <property name="line2" class="ptolemy.vergil.kernel.attributes.LineAttribute">
                                                        <property name="_location" class="ptolemy.kernel.util.Location" value="[-24.0, 20.0]">
                                                        </property>
                                                        <property name="x" class="ptolemy.data.expr.Parameter" value="(logic == &quot;and&quot; || logic == &quot;nand&quot;) ? 30 : 16">
                                                        </property>
                                                        <property name="y" class="ptolemy.data.expr.Parameter" value="0.0">
                                                        </property>
                                                    </property>
                                                    <property name="line3" class="ptolemy.vergil.kernel.attributes.LineAttribute">
                                                        <property name="_location" class="ptolemy.kernel.util.Location" value="[-24.0, -20.0]">
                                                        </property>
                                                        <property name="x" class="ptolemy.data.expr.Parameter" value="0.0">
                                                        </property>
                                                        <property name="y" class="ptolemy.data.expr.Parameter" value="(logic == &quot;and&quot; || logic == &quot;nand&quot;) ? 40 : 0">
                                                        </property>
                                                    </property>
                                                    <property name="arc4" class="ptolemy.vergil.kernel.attributes.ArcAttribute">
                                                        <property name="_location" class="ptolemy.kernel.util.Location" value="[-20.0, 0.0]">
                                                        </property>
                                                        <property name="width" class="ptolemy.data.expr.Parameter" value="30">
                                                        </property>
                                                        <property name="height" class="ptolemy.data.expr.Parameter" value="45">
                                                        </property>
                                                        <property name="centered" class="ptolemy.data.expr.Parameter" value="true">
                                                        </property>
                                                        <property name="fillColor" class="ptolemy.actor.gui.ColorAttribute" value="{1.0, 1.0, 1.0, 1.0}">
                                                        </property>
                                                        <property name="type" class="ptolemy.data.expr.StringParameter" value="open">
                                                        </property>
                                                        <property name="start" class="ptolemy.data.expr.Parameter" value="-60.0">
                                                        </property>
                                                        <property name="extent" class="ptolemy.data.expr.Parameter" value="(logic == &quot;and&quot; || logic == &quot;nand&quot;) ? 0 : 120.0">
                                                        </property>
                                                    </property>
                                                    <property name="_windowProperties" class="ptolemy.actor.gui.WindowPropertiesAttribute" value="{bounds={130, 353, 934, 634}, maximized=false}">
                                                    </property>
                                                    <property name="_vergilSize" class="ptolemy.actor.gui.SizeAttribute" value="[700, 524]">
                                                    </property>
                                                    <property name="_vergilZoomFactor" class="ptolemy.data.expr.ExpertParameter" value="4.0">
                                                    </property>
                                                    <property name="_vergilCenter" class="ptolemy.data.expr.ExpertParameter" value="{12.5, 9.25}">
                                                    </property>
                                                    <property name="arc5" class="ptolemy.vergil.kernel.attributes.ArcAttribute">
                                                        <property name="_location" class="ptolemy.kernel.util.Location" value="[-25.0, 0.0]">
                                                        </property>
                                                        <property name="lineColor" class="ptolemy.actor.gui.ColorAttribute" value="(logic == &quot;xnor&quot; || logic == &quot;xor&quot;) ? {0.0, 0.0, 0.0, 1.0} : {0.0, 0.0, 0.0, 0.0}">
                                                        </property>
                                                        <property name="width" class="ptolemy.data.expr.Parameter" value="30">
                                                        </property>
                                                        <property name="height" class="ptolemy.data.expr.Parameter" value="45">
                                                        </property>
                                                        <property name="centered" class="ptolemy.data.expr.Parameter" value="true">
                                                        </property>
                                                        <property name="fillColor" class="ptolemy.actor.gui.ColorAttribute" value="{1.0, 1.0, 1.0, 0.0}">
                                                        </property>
                                                        <property name="type" class="ptolemy.data.expr.StringParameter" value="open">
                                                        </property>
                                                        <property name="start" class="ptolemy.data.expr.Parameter" value="-60.0">
                                                        </property>
                                                        <property name="extent" class="ptolemy.data.expr.Parameter" value="(logic == &quot;xnor&quot; || logic == &quot;xor&quot;) ? 120.0 : 0">
                                                        </property>
                                                    </property>
                                                    <property name="ParameterValue" class="ptolemy.vergil.kernel.attributes.AttributeExpressionAttribute">
                                                        <property name="attributeName" class="ptolemy.kernel.util.StringAttribute" value="logic">
                                                        </property>
                                                        <property name="displayWidth" class="ptolemy.data.expr.Parameter" value="6">
                                                        </property>
                                                        <property name="_location" class="ptolemy.kernel.util.Location" value="[-18.0, -9.0]">
                                                        </property>
                                                        <property name="_renderLast" class="ptolemy.kernel.util.SingletonAttribute">
                                                        </property>
                                                    </property>
                                                </property>
                                            </entity>
                                            <entity name="NonStrictAndGate" class="ptolemy.domains.sr.lib.NonStrictAndGate">
                                                <property name="logic" class="ptolemy.data.expr.StringParameter" value="and">
                                                </property>
                                                <property name="LogicGate_Icon" class="ptolemy.vergil.icon.EditorIcon">
                                                    <property name="polygon" class="ptolemy.vergil.kernel.attributes.ResizablePolygonAttribute">
                                                        <property name="_location" class="ptolemy.kernel.util.Location" value="[9.0, 0.0]">
                                                        </property>
                                                        <property name="lineColor" class="ptolemy.actor.gui.ColorAttribute" value="{0.0, 0.0, 0.0, 0.0}">
                                                        </property>
                                                        <property name="width" class="ptolemy.data.expr.Parameter" value="(logic == &quot;and&quot; || logic == &quot;nand&quot;) ? 0 : 35">
                                                        </property>
                                                        <property name="height" class="ptolemy.data.expr.Parameter" value="(logic == &quot;and&quot; || logic == &quot;nand&quot;) ? 0 : 41">
                                                        </property>
                                                        <property name="centered" class="ptolemy.data.expr.Parameter" value="true">
                                                        </property>
                                                        <property name="fillColor" class="ptolemy.actor.gui.ColorAttribute" value="{1.0, 1.0, 1.0, 1.0}">
                                                        </property>
                                                        <property name="vertices" class="ptolemy.data.expr.Parameter" value="{0.0, 0.0, 35.0, 20.0, 0.0, 40.0}">
                                                        </property>
                                                        <property name="_renderFirst" class="ptolemy.kernel.util.SingletonAttribute">
                                                        </property>
                                                    </property>
                                                    <property name="rectangle" class="ptolemy.vergil.kernel.attributes.RectangleAttribute">
                                                        <property name="_location" class="ptolemy.kernel.util.Location" value="[-24.0, -20.0]">
                                                        </property>
                                                        <property name="lineColor" class="ptolemy.actor.gui.ColorAttribute" value="{0.0, 0.0, 0.0, 0.0}">
                                                        </property>
                                                        <property name="width" class="ptolemy.data.expr.Parameter" value="(logic == &quot;and&quot; || logic == &quot;nand&quot;) ? 30 : 16">
                                                        </property>
                                                        <property name="height" class="ptolemy.data.expr.Parameter" value="40">
                                                        </property>
                                                        <property name="centered" class="ptolemy.data.expr.Parameter" value="false">
                                                        </property>
                                                        <property name="fillColor" class="ptolemy.actor.gui.ColorAttribute" value="{1.0, 1.0, 1.0, 1.0}">
                                                        </property>
                                                    </property>
                                                    <property name="arc" class="ptolemy.vergil.kernel.attributes.ArcAttribute">
                                                        <property name="_location" class="ptolemy.kernel.util.Location" value="[-14.0, -20.0]">
                                                        </property>
                                                        <property name="lineColor" class="ptolemy.actor.gui.ColorAttribute" value="(logic == &quot;and&quot; || logic == &quot;nand&quot;) ? {0.0, 0.0, 0.0, 1.0} : {0.0, 0.0, 0.0, 0.0}">
                                                        </property>
                                                        <property name="width" class="ptolemy.data.expr.Parameter" value="(logic == &quot;and&quot; || logic == &quot;nand&quot;) ? 40 : 0">
                                                        </property>
                                                        <property name="height" class="ptolemy.data.expr.Parameter" value="(logic == &quot;and&quot; || logic == &quot;nand&quot;) ? 40 : 0">
                                                        </property>
                                                        <property name="centered" class="ptolemy.data.expr.Parameter" value="false">
                                                            <property name="style" class="ptolemy.actor.gui.style.TextStyle">
                                                                <property name="height" class="ptolemy.data.expr.Parameter" value="10">
                                                                </property>
                                                                <property name="width" class="ptolemy.data.expr.Parameter" value="30">
                                                                </property>
                                                            </property>
                                                        </property>
                                                        <property name="fillColor" class="ptolemy.actor.gui.ColorAttribute" value="{1.0, 1.0, 1.0, 1.0}">
                                                        </property>
                                                        <property name="type" class="ptolemy.data.expr.StringParameter" value="open">
                                                        </property>
                                                        <property name="start" class="ptolemy.data.expr.Parameter" value="90.0">
                                                        </property>
                                                        <property name="extent" class="ptolemy.data.expr.Parameter" value="(logic == &quot;and&quot; || logic == &quot;nand&quot;) ? -180.0 : -60.0">
                                                        </property>
                                                    </property>
                                                    <property name="arc2" class="ptolemy.vergil.kernel.attributes.ArcAttribute">
                                                        <property name="_location" class="ptolemy.kernel.util.Location" value="{9.0, -10.0}">
                                                        </property>
                                                        <property name="lineColor" class="ptolemy.actor.gui.ColorAttribute" value="(logic == &quot;and&quot; || logic == &quot;nand&quot;) ? {0.0, 0.0, 0.0, 0.0} : {0.0, 0.0, 0.0, 1.0}">
                                                        </property>
                                                        <property name="width" class="ptolemy.data.expr.Parameter" value="(logic == &quot;and&quot; || logic == &quot;nand&quot;) ? 0 : 80">
                                                        </property>
                                                        <property name="height" class="ptolemy.data.expr.Parameter" value="(logic == &quot;and&quot; || logic == &quot;nand&quot;) ? 0 : 80">
                                                        </property>
                                                        <property name="centered" class="ptolemy.data.expr.Parameter" value="true">
                                                            <property name="style" class="ptolemy.actor.gui.style.TextStyle">
                                                                <property name="height" class="ptolemy.data.expr.Parameter" value="10">
                                                                </property>
                                                                <property name="width" class="ptolemy.data.expr.Parameter" value="30">
                                                                </property>
                                                            </property>
                                                        </property>
                                                        <property name="fillColor" class="ptolemy.actor.gui.ColorAttribute" value="{1.0, 1.0, 1.0, 1.0}">
                                                        </property>
                                                        <property name="type" class="ptolemy.data.expr.StringParameter" value="open">
                                                        </property>
                                                        <property name="start" class="ptolemy.data.expr.Parameter" value="90.0">
                                                        </property>
                                                        <property name="extent" class="ptolemy.data.expr.Parameter" value="-60.0">
                                                        </property>
                                                    </property>
                                                    <property name="arc3" class="ptolemy.vergil.kernel.attributes.ArcAttribute">
                                                        <property name="_location" class="ptolemy.kernel.util.Location" value="[9.0, 10.0]">
                                                        </property>
                                                        <property name="lineColor" class="ptolemy.actor.gui.ColorAttribute" value="(logic == &quot;and&quot; || logic == &quot;nand&quot;) ? {0.0, 0.0, 0.0, 0.0} : {0.0, 0.0, 0.0, 1.0}">
                                                        </property>
                                                        <property name="width" class="ptolemy.data.expr.Parameter" value="(logic == &quot;and&quot; || logic == &quot;nand&quot;) ? 0 : 80">
                                                        </property>
                                                        <property name="height" class="ptolemy.data.expr.Parameter" value="(logic == &quot;and&quot; || logic == &quot;nand&quot;) ? 0 : 80">
                                                        </property>
                                                        <property name="centered" class="ptolemy.data.expr.Parameter" value="true">
                                                            <property name="style" class="ptolemy.actor.gui.style.TextStyle">
                                                                <property name="height" class="ptolemy.data.expr.Parameter" value="10">
                                                                </property>
                                                                <property name="width" class="ptolemy.data.expr.Parameter" value="30">
                                                                </property>
                                                            </property>
                                                        </property>
                                                        <property name="fillColor" class="ptolemy.actor.gui.ColorAttribute" value="{1.0, 1.0, 1.0, 1.0}">
                                                        </property>
                                                        <property name="type" class="ptolemy.data.expr.StringParameter" value="open">
                                                        </property>
                                                        <property name="start" class="ptolemy.data.expr.Parameter" value="-90.0">
                                                        </property>
                                                        <property name="extent" class="ptolemy.data.expr.Parameter" value="60.0">
                                                        </property>
                                                    </property>
                                                    <property name="arc6" class="ptolemy.vergil.kernel.attributes.ArcAttribute">
                                                        <property name="_location" class="ptolemy.kernel.util.Location" value="[33.0, 0.0]">
                                                        </property>
                                                        <property name="width" class="ptolemy.data.expr.Parameter" value="14">
                                                        </property>
                                                        <property name="height" class="ptolemy.data.expr.Parameter" value="14">
                                                        </property>
                                                        <property name="centered" class="ptolemy.data.expr.Parameter" value="true">
                                                        </property>
                                                        <property name="fillColor" class="ptolemy.actor.gui.ColorAttribute" value="{1.0, 1.0, 1.0, 1.0}">
                                                        </property>
                                                        <property name="type" class="ptolemy.data.expr.StringParameter" value="chord">
                                                        </property>
                                                        <property name="start" class="ptolemy.data.expr.Parameter" value="-180.0">
                                                        </property>
                                                        <property name="extent" class="ptolemy.data.expr.Parameter" value="(logic == &quot;nor&quot; || logic == &quot;nand&quot; || logic == &quot;xnor&quot;) ? 360.0 : 0.0">
                                                        </property>
                                                    </property>
                                                    <property name="line" class="ptolemy.vergil.kernel.attributes.LineAttribute">
                                                        <property name="_location" class="ptolemy.kernel.util.Location" value="[-24.0, -20.0]">
                                                        </property>
                                                        <property name="x" class="ptolemy.data.expr.Parameter" value="(logic == &quot;and&quot; || logic == &quot;nand&quot;) ? 30 : 16">
                                                        </property>
                                                        <property name="y" class="ptolemy.data.expr.Parameter" value="0.0">
                                                        </property>
                                                    </property>
                                                    <property name="line2" class="ptolemy.vergil.kernel.attributes.LineAttribute">
                                                        <property name="_location" class="ptolemy.kernel.util.Location" value="[-24.0, 20.0]">
                                                        </property>
                                                        <property name="x" class="ptolemy.data.expr.Parameter" value="(logic == &quot;and&quot; || logic == &quot;nand&quot;) ? 30 : 16">
                                                        </property>
                                                        <property name="y" class="ptolemy.data.expr.Parameter" value="0.0">
                                                        </property>
                                                    </property>
                                                    <property name="line3" class="ptolemy.vergil.kernel.attributes.LineAttribute">
                                                        <property name="_location" class="ptolemy.kernel.util.Location" value="[-24.0, -20.0]">
                                                        </property>
                                                        <property name="x" class="ptolemy.data.expr.Parameter" value="0.0">
                                                        </property>
                                                        <property name="y" class="ptolemy.data.expr.Parameter" value="(logic == &quot;and&quot; || logic == &quot;nand&quot;) ? 40 : 0">
                                                        </property>
                                                    </property>
                                                    <property name="arc4" class="ptolemy.vergil.kernel.attributes.ArcAttribute">
                                                        <property name="_location" class="ptolemy.kernel.util.Location" value="[-20.0, 0.0]">
                                                        </property>
                                                        <property name="width" class="ptolemy.data.expr.Parameter" value="30">
                                                        </property>
                                                        <property name="height" class="ptolemy.data.expr.Parameter" value="45">
                                                        </property>
                                                        <property name="centered" class="ptolemy.data.expr.Parameter" value="true">
                                                        </property>
                                                        <property name="fillColor" class="ptolemy.actor.gui.ColorAttribute" value="{1.0, 1.0, 1.0, 1.0}">
                                                        </property>
                                                        <property name="type" class="ptolemy.data.expr.StringParameter" value="open">
                                                        </property>
                                                        <property name="start" class="ptolemy.data.expr.Parameter" value="-60.0">
                                                        </property>
                                                        <property name="extent" class="ptolemy.data.expr.Parameter" value="(logic == &quot;and&quot; || logic == &quot;nand&quot;) ? 0 : 120.0">
                                                        </property>
                                                    </property>
                                                    <property name="_windowProperties" class="ptolemy.actor.gui.WindowPropertiesAttribute" value="{bounds={130, 353, 934, 634}, maximized=false}">
                                                    </property>
                                                    <property name="_vergilSize" class="ptolemy.actor.gui.SizeAttribute" value="[700, 524]">
                                                    </property>
                                                    <property name="_vergilZoomFactor" class="ptolemy.data.expr.ExpertParameter" value="4.0">
                                                    </property>
                                                    <property name="_vergilCenter" class="ptolemy.data.expr.ExpertParameter" value="{12.5, 9.25}">
                                                    </property>
                                                    <property name="arc5" class="ptolemy.vergil.kernel.attributes.ArcAttribute">
                                                        <property name="_location" class="ptolemy.kernel.util.Location" value="[-25.0, 0.0]">
                                                        </property>
                                                        <property name="lineColor" class="ptolemy.actor.gui.ColorAttribute" value="(logic == &quot;xnor&quot; || logic == &quot;xor&quot;) ? {0.0, 0.0, 0.0, 1.0} : {0.0, 0.0, 0.0, 0.0}">
                                                        </property>
                                                        <property name="width" class="ptolemy.data.expr.Parameter" value="30">
                                                        </property>
                                                        <property name="height" class="ptolemy.data.expr.Parameter" value="45">
                                                        </property>
                                                        <property name="centered" class="ptolemy.data.expr.Parameter" value="true">
                                                        </property>
                                                        <property name="fillColor" class="ptolemy.actor.gui.ColorAttribute" value="{1.0, 1.0, 1.0, 0.0}">
                                                        </property>
                                                        <property name="type" class="ptolemy.data.expr.StringParameter" value="open">
                                                        </property>
                                                        <property name="start" class="ptolemy.data.expr.Parameter" value="-60.0">
                                                        </property>
                                                        <property name="extent" class="ptolemy.data.expr.Parameter" value="(logic == &quot;xnor&quot; || logic == &quot;xor&quot;) ? 120.0 : 0">
                                                        </property>
                                                    </property>
                                                    <property name="ParameterValue" class="ptolemy.vergil.kernel.attributes.AttributeExpressionAttribute">
                                                        <property name="attributeName" class="ptolemy.kernel.util.StringAttribute" value="logic">
                                                        </property>
                                                        <property name="displayWidth" class="ptolemy.data.expr.Parameter" value="6">
                                                        </property>
                                                        <property name="_location" class="ptolemy.kernel.util.Location" value="[-18.0, -9.0]">
                                                        </property>
                                                        <property name="_renderLast" class="ptolemy.kernel.util.SingletonAttribute">
                                                        </property>
                                                    </property>
                                                </property>
                                            </entity>
                                            <entity name="NonStrictOrGate" class="ptolemy.domains.sr.lib.NonStrictOrGate">
                                                <property name="logic" class="ptolemy.data.expr.StringParameter" value="or">
                                                </property>
                                                <property name="LogicGate_Icon" class="ptolemy.vergil.icon.EditorIcon">
                                                    <property name="polygon" class="ptolemy.vergil.kernel.attributes.ResizablePolygonAttribute">
                                                        <property name="_location" class="ptolemy.kernel.util.Location" value="[9.0, 0.0]">
                                                        </property>
                                                        <property name="lineColor" class="ptolemy.actor.gui.ColorAttribute" value="{0.0, 0.0, 0.0, 0.0}">
                                                        </property>
                                                        <property name="width" class="ptolemy.data.expr.Parameter" value="(logic == &quot;and&quot; || logic == &quot;nand&quot;) ? 0 : 35">
                                                        </property>
                                                        <property name="height" class="ptolemy.data.expr.Parameter" value="(logic == &quot;and&quot; || logic == &quot;nand&quot;) ? 0 : 41">
                                                        </property>
                                                        <property name="centered" class="ptolemy.data.expr.Parameter" value="true">
                                                        </property>
                                                        <property name="fillColor" class="ptolemy.actor.gui.ColorAttribute" value="{1.0, 1.0, 1.0, 1.0}">
                                                        </property>
                                                        <property name="vertices" class="ptolemy.data.expr.Parameter" value="{0.0, 0.0, 35.0, 20.0, 0.0, 40.0}">
                                                        </property>
                                                        <property name="_renderFirst" class="ptolemy.kernel.util.SingletonAttribute">
                                                        </property>
                                                    </property>
                                                    <property name="rectangle" class="ptolemy.vergil.kernel.attributes.RectangleAttribute">
                                                        <property name="_location" class="ptolemy.kernel.util.Location" value="[-24.0, -20.0]">
                                                        </property>
                                                        <property name="lineColor" class="ptolemy.actor.gui.ColorAttribute" value="{0.0, 0.0, 0.0, 0.0}">
                                                        </property>
                                                        <property name="width" class="ptolemy.data.expr.Parameter" value="(logic == &quot;and&quot; || logic == &quot;nand&quot;) ? 30 : 16">
                                                        </property>
                                                        <property name="height" class="ptolemy.data.expr.Parameter" value="40">
                                                        </property>
                                                        <property name="centered" class="ptolemy.data.expr.Parameter" value="false">
                                                        </property>
                                                        <property name="fillColor" class="ptolemy.actor.gui.ColorAttribute" value="{1.0, 1.0, 1.0, 1.0}">
                                                        </property>
                                                    </property>
                                                    <property name="arc" class="ptolemy.vergil.kernel.attributes.ArcAttribute">
                                                        <property name="_location" class="ptolemy.kernel.util.Location" value="[-14.0, -20.0]">
                                                        </property>
                                                        <property name="lineColor" class="ptolemy.actor.gui.ColorAttribute" value="(logic == &quot;and&quot; || logic == &quot;nand&quot;) ? {0.0, 0.0, 0.0, 1.0} : {0.0, 0.0, 0.0, 0.0}">
                                                        </property>
                                                        <property name="width" class="ptolemy.data.expr.Parameter" value="(logic == &quot;and&quot; || logic == &quot;nand&quot;) ? 40 : 0">
                                                        </property>
                                                        <property name="height" class="ptolemy.data.expr.Parameter" value="(logic == &quot;and&quot; || logic == &quot;nand&quot;) ? 40 : 0">
                                                        </property>
                                                        <property name="centered" class="ptolemy.data.expr.Parameter" value="false">
                                                            <property name="style" class="ptolemy.actor.gui.style.TextStyle">
                                                                <property name="height" class="ptolemy.data.expr.Parameter" value="10">
                                                                </property>
                                                                <property name="width" class="ptolemy.data.expr.Parameter" value="30">
                                                                </property>
                                                            </property>
                                                        </property>
                                                        <property name="fillColor" class="ptolemy.actor.gui.ColorAttribute" value="{1.0, 1.0, 1.0, 1.0}">
                                                        </property>
                                                        <property name="type" class="ptolemy.data.expr.StringParameter" value="open">
                                                        </property>
                                                        <property name="start" class="ptolemy.data.expr.Parameter" value="90.0">
                                                        </property>
                                                        <property name="extent" class="ptolemy.data.expr.Parameter" value="(logic == &quot;and&quot; || logic == &quot;nand&quot;) ? -180.0 : -60.0">
                                                        </property>
                                                    </property>
                                                    <property name="arc2" class="ptolemy.vergil.kernel.attributes.ArcAttribute">
                                                        <property name="_location" class="ptolemy.kernel.util.Location" value="{9.0, -10.0}">
                                                        </property>
                                                        <property name="lineColor" class="ptolemy.actor.gui.ColorAttribute" value="(logic == &quot;and&quot; || logic == &quot;nand&quot;) ? {0.0, 0.0, 0.0, 0.0} : {0.0, 0.0, 0.0, 1.0}">
                                                        </property>
                                                        <property name="width" class="ptolemy.data.expr.Parameter" value="(logic == &quot;and&quot; || logic == &quot;nand&quot;) ? 0 : 80">
                                                        </property>
                                                        <property name="height" class="ptolemy.data.expr.Parameter" value="(logic == &quot;and&quot; || logic == &quot;nand&quot;) ? 0 : 80">
                                                        </property>
                                                        <property name="centered" class="ptolemy.data.expr.Parameter" value="true">
                                                            <property name="style" class="ptolemy.actor.gui.style.TextStyle">
                                                                <property name="height" class="ptolemy.data.expr.Parameter" value="10">
                                                                </property>
                                                                <property name="width" class="ptolemy.data.expr.Parameter" value="30">
                                                                </property>
                                                            </property>
                                                        </property>
                                                        <property name="fillColor" class="ptolemy.actor.gui.ColorAttribute" value="{1.0, 1.0, 1.0, 1.0}">
                                                        </property>
                                                        <property name="type" class="ptolemy.data.expr.StringParameter" value="open">
                                                        </property>
                                                        <property name="start" class="ptolemy.data.expr.Parameter" value="90.0">
                                                        </property>
                                                        <property name="extent" class="ptolemy.data.expr.Parameter" value="-60.0">
                                                        </property>
                                                    </property>
                                                    <property name="arc3" class="ptolemy.vergil.kernel.attributes.ArcAttribute">
                                                        <property name="_location" class="ptolemy.kernel.util.Location" value="[9.0, 10.0]">
                                                        </property>
                                                        <property name="lineColor" class="ptolemy.actor.gui.ColorAttribute" value="(logic == &quot;and&quot; || logic == &quot;nand&quot;) ? {0.0, 0.0, 0.0, 0.0} : {0.0, 0.0, 0.0, 1.0}">
                                                        </property>
                                                        <property name="width" class="ptolemy.data.expr.Parameter" value="(logic == &quot;and&quot; || logic == &quot;nand&quot;) ? 0 : 80">
                                                        </property>
                                                        <property name="height" class="ptolemy.data.expr.Parameter" value="(logic == &quot;and&quot; || logic == &quot;nand&quot;) ? 0 : 80">
                                                        </property>
                                                        <property name="centered" class="ptolemy.data.expr.Parameter" value="true">
                                                            <property name="style" class="ptolemy.actor.gui.style.TextStyle">
                                                                <property name="height" class="ptolemy.data.expr.Parameter" value="10">
                                                                </property>
                                                                <property name="width" class="ptolemy.data.expr.Parameter" value="30">
                                                                </property>
                                                            </property>
                                                        </property>
                                                        <property name="fillColor" class="ptolemy.actor.gui.ColorAttribute" value="{1.0, 1.0, 1.0, 1.0}">
                                                        </property>
                                                        <property name="type" class="ptolemy.data.expr.StringParameter" value="open">
                                                        </property>
                                                        <property name="start" class="ptolemy.data.expr.Parameter" value="-90.0">
                                                        </property>
                                                        <property name="extent" class="ptolemy.data.expr.Parameter" value="60.0">
                                                        </property>
                                                    </property>
                                                    <property name="arc6" class="ptolemy.vergil.kernel.attributes.ArcAttribute">
                                                        <property name="_location" class="ptolemy.kernel.util.Location" value="[33.0, 0.0]">
                                                        </property>
                                                        <property name="width" class="ptolemy.data.expr.Parameter" value="14">
                                                        </property>
                                                        <property name="height" class="ptolemy.data.expr.Parameter" value="14">
                                                        </property>
                                                        <property name="centered" class="ptolemy.data.expr.Parameter" value="true">
                                                        </property>
                                                        <property name="fillColor" class="ptolemy.actor.gui.ColorAttribute" value="{1.0, 1.0, 1.0, 1.0}">
                                                        </property>
                                                        <property name="type" class="ptolemy.data.expr.StringParameter" value="chord">
                                                        </property>
                                                        <property name="start" class="ptolemy.data.expr.Parameter" value="-180.0">
                                                        </property>
                                                        <property name="extent" class="ptolemy.data.expr.Parameter" value="(logic == &quot;nor&quot; || logic == &quot;nand&quot; || logic == &quot;xnor&quot;) ? 360.0 : 0.0">
                                                        </property>
                                                    </property>
                                                    <property name="line" class="ptolemy.vergil.kernel.attributes.LineAttribute">
                                                        <property name="_location" class="ptolemy.kernel.util.Location" value="[-24.0, -20.0]">
                                                        </property>
                                                        <property name="x" class="ptolemy.data.expr.Parameter" value="(logic == &quot;and&quot; || logic == &quot;nand&quot;) ? 30 : 16">
                                                        </property>
                                                        <property name="y" class="ptolemy.data.expr.Parameter" value="0.0">
                                                        </property>
                                                    </property>
                                                    <property name="line2" class="ptolemy.vergil.kernel.attributes.LineAttribute">
                                                        <property name="_location" class="ptolemy.kernel.util.Location" value="[-24.0, 20.0]">
                                                        </property>
                                                        <property name="x" class="ptolemy.data.expr.Parameter" value="(logic == &quot;and&quot; || logic == &quot;nand&quot;) ? 30 : 16">
                                                        </property>
                                                        <property name="y" class="ptolemy.data.expr.Parameter" value="0.0">
                                                        </property>
                                                    </property>
                                                    <property name="line3" class="ptolemy.vergil.kernel.attributes.LineAttribute">
                                                        <property name="_location" class="ptolemy.kernel.util.Location" value="[-24.0, -20.0]">
                                                        </property>
                                                        <property name="x" class="ptolemy.data.expr.Parameter" value="0.0">
                                                        </property>
                                                        <property name="y" class="ptolemy.data.expr.Parameter" value="(logic == &quot;and&quot; || logic == &quot;nand&quot;) ? 40 : 0">
                                                        </property>
                                                    </property>
                                                    <property name="arc4" class="ptolemy.vergil.kernel.attributes.ArcAttribute">
                                                        <property name="_location" class="ptolemy.kernel.util.Location" value="[-20.0, 0.0]">
                                                        </property>
                                                        <property name="width" class="ptolemy.data.expr.Parameter" value="30">
                                                        </property>
                                                        <property name="height" class="ptolemy.data.expr.Parameter" value="45">
                                                        </property>
                                                        <property name="centered" class="ptolemy.data.expr.Parameter" value="true">
                                                        </property>
                                                        <property name="fillColor" class="ptolemy.actor.gui.ColorAttribute" value="{1.0, 1.0, 1.0, 1.0}">
                                                        </property>
                                                        <property name="type" class="ptolemy.data.expr.StringParameter" value="open">
                                                        </property>
                                                        <property name="start" class="ptolemy.data.expr.Parameter" value="-60.0">
                                                        </property>
                                                        <property name="extent" class="ptolemy.data.expr.Parameter" value="(logic == &quot;and&quot; || logic == &quot;nand&quot;) ? 0 : 120.0">
                                                        </property>
                                                    </property>
                                                    <property name="_windowProperties" class="ptolemy.actor.gui.WindowPropertiesAttribute" value="{bounds={130, 353, 934, 634}, maximized=false}">
                                                    </property>
                                                    <property name="_vergilSize" class="ptolemy.actor.gui.SizeAttribute" value="[700, 524]">
                                                    </property>
                                                    <property name="_vergilZoomFactor" class="ptolemy.data.expr.ExpertParameter" value="4.0">
                                                    </property>
                                                    <property name="_vergilCenter" class="ptolemy.data.expr.ExpertParameter" value="{12.5, 9.25}">
                                                    </property>
                                                    <property name="arc5" class="ptolemy.vergil.kernel.attributes.ArcAttribute">
                                                        <property name="_location" class="ptolemy.kernel.util.Location" value="[-25.0, 0.0]">
                                                        </property>
                                                        <property name="lineColor" class="ptolemy.actor.gui.ColorAttribute" value="(logic == &quot;xnor&quot; || logic == &quot;xor&quot;) ? {0.0, 0.0, 0.0, 1.0} : {0.0, 0.0, 0.0, 0.0}">
                                                        </property>
                                                        <property name="width" class="ptolemy.data.expr.Parameter" value="30">
                                                        </property>
                                                        <property name="height" class="ptolemy.data.expr.Parameter" value="45">
                                                        </property>
                                                        <property name="centered" class="ptolemy.data.expr.Parameter" value="true">
                                                        </property>
                                                        <property name="fillColor" class="ptolemy.actor.gui.ColorAttribute" value="{1.0, 1.0, 1.0, 0.0}">
                                                        </property>
                                                        <property name="type" class="ptolemy.data.expr.StringParameter" value="open">
                                                        </property>
                                                        <property name="start" class="ptolemy.data.expr.Parameter" value="-60.0">
                                                        </property>
                                                        <property name="extent" class="ptolemy.data.expr.Parameter" value="(logic == &quot;xnor&quot; || logic == &quot;xor&quot;) ? 120.0 : 0">
                                                        </property>
                                                    </property>
                                                    <property name="ParameterValue" class="ptolemy.vergil.kernel.attributes.AttributeExpressionAttribute">
                                                        <property name="attributeName" class="ptolemy.kernel.util.StringAttribute" value="logic">
                                                        </property>
                                                        <property name="displayWidth" class="ptolemy.data.expr.Parameter" value="6">
                                                        </property>
                                                        <property name="_location" class="ptolemy.kernel.util.Location" value="[-18.0, -9.0]">
                                                        </property>
                                                        <property name="_renderLast" class="ptolemy.kernel.util.SingletonAttribute">
                                                        </property>
                                                    </property>
                                                </property>
                                            </entity>
                                            <entity name="NonStrictXorGate" class="ptolemy.domains.sr.lib.NonStrictXorGate">
                                                <property name="logic" class="ptolemy.data.expr.StringParameter" value="xor">
                                                </property>
                                                <property name="LogicGate_Icon" class="ptolemy.vergil.icon.EditorIcon">
                                                    <property name="polygon" class="ptolemy.vergil.kernel.attributes.ResizablePolygonAttribute">
                                                        <property name="_location" class="ptolemy.kernel.util.Location" value="[9.0, 0.0]">
                                                        </property>
                                                        <property name="lineColor" class="ptolemy.actor.gui.ColorAttribute" value="{0.0, 0.0, 0.0, 0.0}">
                                                        </property>
                                                        <property name="width" class="ptolemy.data.expr.Parameter" value="(logic == &quot;and&quot; || logic == &quot;nand&quot;) ? 0 : 35">
                                                        </property>
                                                        <property name="height" class="ptolemy.data.expr.Parameter" value="(logic == &quot;and&quot; || logic == &quot;nand&quot;) ? 0 : 41">
                                                        </property>
                                                        <property name="centered" class="ptolemy.data.expr.Parameter" value="true">
                                                        </property>
                                                        <property name="fillColor" class="ptolemy.actor.gui.ColorAttribute" value="{1.0, 1.0, 1.0, 1.0}">
                                                        </property>
                                                        <property name="vertices" class="ptolemy.data.expr.Parameter" value="{0.0, 0.0, 35.0, 20.0, 0.0, 40.0}">
                                                        </property>
                                                        <property name="_renderFirst" class="ptolemy.kernel.util.SingletonAttribute">
                                                        </property>
                                                    </property>
                                                    <property name="rectangle" class="ptolemy.vergil.kernel.attributes.RectangleAttribute">
                                                        <property name="_location" class="ptolemy.kernel.util.Location" value="[-24.0, -20.0]">
                                                        </property>
                                                        <property name="lineColor" class="ptolemy.actor.gui.ColorAttribute" value="{0.0, 0.0, 0.0, 0.0}">
                                                        </property>
                                                        <property name="width" class="ptolemy.data.expr.Parameter" value="(logic == &quot;and&quot; || logic == &quot;nand&quot;) ? 30 : 16">
                                                        </property>
                                                        <property name="height" class="ptolemy.data.expr.Parameter" value="40">
                                                        </property>
                                                        <property name="centered" class="ptolemy.data.expr.Parameter" value="false">
                                                        </property>
                                                        <property name="fillColor" class="ptolemy.actor.gui.ColorAttribute" value="{1.0, 1.0, 1.0, 1.0}">
                                                        </property>
                                                    </property>
                                                    <property name="arc" class="ptolemy.vergil.kernel.attributes.ArcAttribute">
                                                        <property name="_location" class="ptolemy.kernel.util.Location" value="[-14.0, -20.0]">
                                                        </property>
                                                        <property name="lineColor" class="ptolemy.actor.gui.ColorAttribute" value="(logic == &quot;and&quot; || logic == &quot;nand&quot;) ? {0.0, 0.0, 0.0, 1.0} : {0.0, 0.0, 0.0, 0.0}">
                                                        </property>
                                                        <property name="width" class="ptolemy.data.expr.Parameter" value="(logic == &quot;and&quot; || logic == &quot;nand&quot;) ? 40 : 0">
                                                        </property>
                                                        <property name="height" class="ptolemy.data.expr.Parameter" value="(logic == &quot;and&quot; || logic == &quot;nand&quot;) ? 40 : 0">
                                                        </property>
                                                        <property name="centered" class="ptolemy.data.expr.Parameter" value="false">
                                                            <property name="style" class="ptolemy.actor.gui.style.TextStyle">
                                                                <property name="height" class="ptolemy.data.expr.Parameter" value="10">
                                                                </property>
                                                                <property name="width" class="ptolemy.data.expr.Parameter" value="30">
                                                                </property>
                                                            </property>
                                                        </property>
                                                        <property name="fillColor" class="ptolemy.actor.gui.ColorAttribute" value="{1.0, 1.0, 1.0, 1.0}">
                                                        </property>
                                                        <property name="type" class="ptolemy.data.expr.StringParameter" value="open">
                                                        </property>
                                                        <property name="start" class="ptolemy.data.expr.Parameter" value="90.0">
                                                        </property>
                                                        <property name="extent" class="ptolemy.data.expr.Parameter" value="(logic == &quot;and&quot; || logic == &quot;nand&quot;) ? -180.0 : -60.0">
                                                        </property>
                                                    </property>
                                                    <property name="arc2" class="ptolemy.vergil.kernel.attributes.ArcAttribute">
                                                        <property name="_location" class="ptolemy.kernel.util.Location" value="{9.0, -10.0}">
                                                        </property>
                                                        <property name="lineColor" class="ptolemy.actor.gui.ColorAttribute" value="(logic == &quot;and&quot; || logic == &quot;nand&quot;) ? {0.0, 0.0, 0.0, 0.0} : {0.0, 0.0, 0.0, 1.0}">
                                                        </property>
                                                        <property name="width" class="ptolemy.data.expr.Parameter" value="(logic == &quot;and&quot; || logic == &quot;nand&quot;) ? 0 : 80">
                                                        </property>
                                                        <property name="height" class="ptolemy.data.expr.Parameter" value="(logic == &quot;and&quot; || logic == &quot;nand&quot;) ? 0 : 80">
                                                        </property>
                                                        <property name="centered" class="ptolemy.data.expr.Parameter" value="true">
                                                            <property name="style" class="ptolemy.actor.gui.style.TextStyle">
                                                                <property name="height" class="ptolemy.data.expr.Parameter" value="10">
                                                                </property>
                                                                <property name="width" class="ptolemy.data.expr.Parameter" value="30">
                                                                </property>
                                                            </property>
                                                        </property>
                                                        <property name="fillColor" class="ptolemy.actor.gui.ColorAttribute" value="{1.0, 1.0, 1.0, 1.0}">
                                                        </property>
                                                        <property name="type" class="ptolemy.data.expr.StringParameter" value="open">
                                                        </property>
                                                        <property name="start" class="ptolemy.data.expr.Parameter" value="90.0">
                                                        </property>
                                                        <property name="extent" class="ptolemy.data.expr.Parameter" value="-60.0">
                                                        </property>
                                                    </property>
                                                    <property name="arc3" class="ptolemy.vergil.kernel.attributes.ArcAttribute">
                                                        <property name="_location" class="ptolemy.kernel.util.Location" value="[9.0, 10.0]">
                                                        </property>
                                                        <property name="lineColor" class="ptolemy.actor.gui.ColorAttribute" value="(logic == &quot;and&quot; || logic == &quot;nand&quot;) ? {0.0, 0.0, 0.0, 0.0} : {0.0, 0.0, 0.0, 1.0}">
                                                        </property>
                                                        <property name="width" class="ptolemy.data.expr.Parameter" value="(logic == &quot;and&quot; || logic == &quot;nand&quot;) ? 0 : 80">
                                                        </property>
                                                        <property name="height" class="ptolemy.data.expr.Parameter" value="(logic == &quot;and&quot; || logic == &quot;nand&quot;) ? 0 : 80">
                                                        </property>
                                                        <property name="centered" class="ptolemy.data.expr.Parameter" value="true">
                                                            <property name="style" class="ptolemy.actor.gui.style.TextStyle">
                                                                <property name="height" class="ptolemy.data.expr.Parameter" value="10">
                                                                </property>
                                                                <property name="width" class="ptolemy.data.expr.Parameter" value="30">
                                                                </property>
                                                            </property>
                                                        </property>
                                                        <property name="fillColor" class="ptolemy.actor.gui.ColorAttribute" value="{1.0, 1.0, 1.0, 1.0}">
                                                        </property>
                                                        <property name="type" class="ptolemy.data.expr.StringParameter" value="open">
                                                        </property>
                                                        <property name="start" class="ptolemy.data.expr.Parameter" value="-90.0">
                                                        </property>
                                                        <property name="extent" class="ptolemy.data.expr.Parameter" value="60.0">
                                                        </property>
                                                    </property>
                                                    <property name="arc6" class="ptolemy.vergil.kernel.attributes.ArcAttribute">
                                                        <property name="_location" class="ptolemy.kernel.util.Location" value="[33.0, 0.0]">
                                                        </property>
                                                        <property name="width" class="ptolemy.data.expr.Parameter" value="14">
                                                        </property>
                                                        <property name="height" class="ptolemy.data.expr.Parameter" value="14">
                                                        </property>
                                                        <property name="centered" class="ptolemy.data.expr.Parameter" value="true">
                                                        </property>
                                                        <property name="fillColor" class="ptolemy.actor.gui.ColorAttribute" value="{1.0, 1.0, 1.0, 1.0}">
                                                        </property>
                                                        <property name="type" class="ptolemy.data.expr.StringParameter" value="chord">
                                                        </property>
                                                        <property name="start" class="ptolemy.data.expr.Parameter" value="-180.0">
                                                        </property>
                                                        <property name="extent" class="ptolemy.data.expr.Parameter" value="(logic == &quot;nor&quot; || logic == &quot;nand&quot; || logic == &quot;xnor&quot;) ? 360.0 : 0.0">
                                                        </property>
                                                    </property>
                                                    <property name="line" class="ptolemy.vergil.kernel.attributes.LineAttribute">
                                                        <property name="_location" class="ptolemy.kernel.util.Location" value="[-24.0, -20.0]">
                                                        </property>
                                                        <property name="x" class="ptolemy.data.expr.Parameter" value="(logic == &quot;and&quot; || logic == &quot;nand&quot;) ? 30 : 16">
                                                        </property>
                                                        <property name="y" class="ptolemy.data.expr.Parameter" value="0.0">
                                                        </property>
                                                    </property>
                                                    <property name="line2" class="ptolemy.vergil.kernel.attributes.LineAttribute">
                                                        <property name="_location" class="ptolemy.kernel.util.Location" value="[-24.0, 20.0]">
                                                        </property>
                                                        <property name="x" class="ptolemy.data.expr.Parameter" value="(logic == &quot;and&quot; || logic == &quot;nand&quot;) ? 30 : 16">
                                                        </property>
                                                        <property name="y" class="ptolemy.data.expr.Parameter" value="0.0">
                                                        </property>
                                                    </property>
                                                    <property name="line3" class="ptolemy.vergil.kernel.attributes.LineAttribute">
                                                        <property name="_location" class="ptolemy.kernel.util.Location" value="[-24.0, -20.0]">
                                                        </property>
                                                        <property name="x" class="ptolemy.data.expr.Parameter" value="0.0">
                                                        </property>
                                                        <property name="y" class="ptolemy.data.expr.Parameter" value="(logic == &quot;and&quot; || logic == &quot;nand&quot;) ? 40 : 0">
                                                        </property>
                                                    </property>
                                                    <property name="arc4" class="ptolemy.vergil.kernel.attributes.ArcAttribute">
                                                        <property name="_location" class="ptolemy.kernel.util.Location" value="[-20.0, 0.0]">
                                                        </property>
                                                        <property name="width" class="ptolemy.data.expr.Parameter" value="30">
                                                        </property>
                                                        <property name="height" class="ptolemy.data.expr.Parameter" value="45">
                                                        </property>
                                                        <property name="centered" class="ptolemy.data.expr.Parameter" value="true">
                                                        </property>
                                                        <property name="fillColor" class="ptolemy.actor.gui.ColorAttribute" value="{1.0, 1.0, 1.0, 1.0}">
                                                        </property>
                                                        <property name="type" class="ptolemy.data.expr.StringParameter" value="open">
                                                        </property>
                                                        <property name="start" class="ptolemy.data.expr.Parameter" value="-60.0">
                                                        </property>
                                                        <property name="extent" class="ptolemy.data.expr.Parameter" value="(logic == &quot;and&quot; || logic == &quot;nand&quot;) ? 0 : 120.0">
                                                        </property>
                                                    </property>
                                                    <property name="_windowProperties" class="ptolemy.actor.gui.WindowPropertiesAttribute" value="{bounds={130, 353, 934, 634}, maximized=false}">
                                                    </property>
                                                    <property name="_vergilSize" class="ptolemy.actor.gui.SizeAttribute" value="[700, 524]">
                                                    </property>
                                                    <property name="_vergilZoomFactor" class="ptolemy.data.expr.ExpertParameter" value="4.0">
                                                    </property>
                                                    <property name="_vergilCenter" class="ptolemy.data.expr.ExpertParameter" value="{12.5, 9.25}">
                                                    </property>
                                                    <property name="arc5" class="ptolemy.vergil.kernel.attributes.ArcAttribute">
                                                        <property name="_location" class="ptolemy.kernel.util.Location" value="[-25.0, 0.0]">
                                                        </property>
                                                        <property name="lineColor" class="ptolemy.actor.gui.ColorAttribute" value="(logic == &quot;xnor&quot; || logic == &quot;xor&quot;) ? {0.0, 0.0, 0.0, 1.0} : {0.0, 0.0, 0.0, 0.0}">
                                                        </property>
                                                        <property name="width" class="ptolemy.data.expr.Parameter" value="30">
                                                        </property>
                                                        <property name="height" class="ptolemy.data.expr.Parameter" value="45">
                                                        </property>
                                                        <property name="centered" class="ptolemy.data.expr.Parameter" value="true">
                                                        </property>
                                                        <property name="fillColor" class="ptolemy.actor.gui.ColorAttribute" value="{1.0, 1.0, 1.0, 0.0}">
                                                        </property>
                                                        <property name="type" class="ptolemy.data.expr.StringParameter" value="open">
                                                        </property>
                                                        <property name="start" class="ptolemy.data.expr.Parameter" value="-60.0">
                                                        </property>
                                                        <property name="extent" class="ptolemy.data.expr.Parameter" value="(logic == &quot;xnor&quot; || logic == &quot;xor&quot;) ? 120.0 : 0">
                                                        </property>
                                                    </property>
                                                    <property name="ParameterValue" class="ptolemy.vergil.kernel.attributes.AttributeExpressionAttribute">
                                                        <property name="attributeName" class="ptolemy.kernel.util.StringAttribute" value="logic">
                                                        </property>
                                                        <property name="displayWidth" class="ptolemy.data.expr.Parameter" value="6">
                                                        </property>
                                                        <property name="_location" class="ptolemy.kernel.util.Location" value="[-18.0, -9.0]">
                                                        </property>
                                                        <property name="_renderLast" class="ptolemy.kernel.util.SingletonAttribute">
                                                        </property>
                                                    </property>
                                                </property>
                                            </entity>
                                            <entity name="NonStrictThreeBitAdder" class="ptolemy.domains.sr.lib.NonStrictThreeBitAdder">
                                            </entity>
                                            <entity name="Pre" class="ptolemy.domains.sr.lib.Pre">
                                            </entity>
                                            <entity name="SingleTokenDistributor" class="ptolemy.domains.sr.lib.SingleTokenDistributor">
                                            </entity>
                                            <entity name="When" class="ptolemy.domains.sr.lib.When">
                                            </entity>
                                            <entity name="TrueGate" class="ptolemy.actor.lib.logic.TrueGate">
                                            </entity>
                                        </group>
                                    </configure>
                                </entity>
                            </group>
                        </configure>
                    </entity>
                </group>
            </configure>
        </entity>
        <entity name="MoreLibraries" class="ptolemy.moml.EntityLibrary">
            <configure>
                <group>
                    <entity name="Automata" class="ptolemy.moml.EntityLibrary">
                        <configure>
                            <group>
                                <entity name="FSMActor" class="ptolemy.domains.modal.kernel.FSMActor">
                                    <property name="_library" class="ptolemy.moml.LibraryAttribute">
                                        <configure>
    <entity name="StateLibrary" class="ptolemy.kernel.CompositeEntity"><input source="ptolemy/configs/basicUtilities.xml"></input><entity name="State" class="ptolemy.domains.modal.kernel.State"><property name="_centerName" class="ptolemy.kernel.util.Attribute"></property></entity></entity>
  </configure>
                                    </property>
                                </entity>
                                <entity name="InterfaceAutomaton" class="ptolemy.domains.modal.kernel.ia.InterfaceAutomaton">
                                </entity>
                            </group>
                        </configure>
                    </entity>
                    <entity name="Backtracking" class="ptolemy.moml.EntityLibrary">
                        <configure>
                            <group>
                                <doc>Backtracking Actors</doc>
                                <entity name="Actors" class="ptolemy.moml.EntityLibrary">
                                    <configure>
                                        <group>
                                            <entity name="Sources" class="ptolemy.moml.EntityLibrary">
                                                <configure>
                                                    <group>
                                                        <entity name="TimedSources" class="ptolemy.moml.EntityLibrary">
                                                            <configure>
                                                                <group>
                                                                    <entity name="PoissonClock" class="ptolemy.backtrack.automatic.ptolemy.actor.lib.PoissonClock">
                                                                    </entity>
                                                                </group>
                                                            </configure>
                                                        </entity>
                                                        <entity name="SequenceSources" class="ptolemy.moml.EntityLibrary">
                                                            <configure>
                                                                <group>
                                                                    <entity name="Interpolator" class="ptolemy.backtrack.automatic.ptolemy.actor.lib.Interpolator">
                                                                    </entity>
                                                                    <entity name="Pulse" class="ptolemy.backtrack.automatic.ptolemy.actor.lib.Pulse">
                                                                    </entity>
                                                                    <entity name="Ramp" class="ptolemy.backtrack.automatic.ptolemy.actor.lib.Ramp">
                                                                    </entity>
                                                                    <entity name="Sequence" class="ptolemy.backtrack.automatic.ptolemy.actor.lib.Sequence">
                                                                    </entity>
                                                                </group>
                                                            </configure>
                                                        </entity>
                                                    </group>
                                                </configure>
                                            </entity>
                                            <entity name="Sinks" class="ptolemy.moml.EntityLibrary">
                                                <configure>
                                                    <group>
                                                        <entity name="GenericSinks" class="ptolemy.moml.EntityLibrary">
                                                            <configure>
                                                                <group>
                                                                    <entity name="Recorder" class="ptolemy.backtrack.automatic.ptolemy.actor.lib.Recorder">
                                                                    </entity>
                                                                </group>
                                                            </configure>
                                                        </entity>
                                                    </group>
                                                </configure>
                                            </entity>
                                            <entity name="Array" class="ptolemy.moml.EntityLibrary">
                                                <configure>
                                                    <group>
                                                        <entity name="ArrayPeakSearch" class="ptolemy.backtrack.automatic.ptolemy.actor.lib.ArrayPeakSearch">
                                                        </entity>
                                                    </group>
                                                </configure>
                                            </entity>
                                            <entity name="FlowControl" class="ptolemy.moml.EntityLibrary">
                                                <configure>
                                                    <group>
                                                        <entity name="Aggregators" class="ptolemy.moml.EntityLibrary">
                                                            <configure>
                                                                <group>
                                                                    <entity name="Commutator" class="ptolemy.backtrack.automatic.ptolemy.actor.lib.Commutator">
                                                                    </entity>
                                                                    <entity name="Distributor" class="ptolemy.backtrack.automatic.ptolemy.actor.lib.Distributor">
                                                                    </entity>
                                                                    <entity name="Multiplexor" class="ptolemy.backtrack.automatic.ptolemy.actor.lib.Multiplexor">
                                                                    </entity>
                                                                    <entity name="Select" class="ptolemy.backtrack.automatic.ptolemy.actor.lib.Select">
                                                                    </entity>
                                                                    <entity name="Switch" class="ptolemy.backtrack.automatic.ptolemy.actor.lib.Switch">
                                                                    </entity>
                                                                </group>
                                                            </configure>
                                                        </entity>
                                                        <entity name="BooleanFlowControl" class="ptolemy.moml.EntityLibrary">
                                                            <configure>
                                                                <group>
                                                                    <entity name="BooleanSelect" class="ptolemy.backtrack.automatic.ptolemy.actor.lib.BooleanSelect">
                                                                    </entity>
                                                                    <entity name="BooleanSwitch" class="ptolemy.backtrack.automatic.ptolemy.actor.lib.BooleanSwitch">
                                                                    </entity>
                                                                </group>
                                                            </configure>
                                                        </entity>
                                                        <entity name="SequenceControl" class="ptolemy.moml.EntityLibrary">
                                                            <configure>
                                                                <group>
                                                                    <entity name="Chop" class="ptolemy.backtrack.automatic.ptolemy.domains.sdf.lib.Chop">
                                                                    </entity>
                                                                    <entity name="Sequencer" class="ptolemy.backtrack.automatic.ptolemy.actor.lib.Sequencer">
                                                                    </entity>
                                                                </group>
                                                            </configure>
                                                        </entity>
                                                    </group>
                                                </configure>
                                            </entity>
                                            <entity name="Math" class="ptolemy.moml.EntityLibrary">
                                                <configure>
                                                    <group>
                                                        <entity name="Accumulator" class="ptolemy.backtrack.automatic.ptolemy.actor.lib.Accumulator">
                                                        </entity>
                                                        <entity name="Average" class="ptolemy.backtrack.automatic.ptolemy.actor.lib.Average">
                                                        </entity>
                                                        <entity name="Counter" class="ptolemy.backtrack.automatic.ptolemy.actor.lib.Counter">
                                                        </entity>
                                                        <entity name="Differential" class="ptolemy.backtrack.automatic.ptolemy.actor.lib.Differential">
                                                        </entity>
                                                    </group>
                                                </configure>
                                            </entity>
                                            <entity name="Random" class="ptolemy.moml.EntityLibrary">
                                                <configure>
                                                    <group>
                                                        <entity name="Gaussian" class="ptolemy.backtrack.automatic.ptolemy.actor.lib.Gaussian">
                                                        </entity>
                                                    </group>
                                                </configure>
                                            </entity>
                                            <entity name="SignalProcessing" class="ptolemy.moml.EntityLibrary">
                                                <configure>
                                                    <group>
                                                        <entity name="Filtering" class="ptolemy.moml.EntityLibrary">
                                                            <configure>
                                                                <group>
                                                                    <entity name="DelayLine" class="ptolemy.backtrack.automatic.ptolemy.domains.sdf.lib.DelayLine">
                                                                    </entity>
                                                                    <entity name="GradientAdaptiveLattice" class="ptolemy.backtrack.automatic.ptolemy.actor.lib.GradientAdaptiveLattice">
                                                                    </entity>
                                                                    <entity name="IIR" class="ptolemy.backtrack.automatic.ptolemy.actor.lib.IIR">
                                                                    </entity>
                                                                    <entity name="LinearDifferenceEquationSystem" class="ptolemy.backtrack.automatic.ptolemy.actor.lib.LinearDifferenceEquationSystem">
                                                                    </entity>
                                                                    <entity name="RecursiveLattice" class="ptolemy.backtrack.automatic.ptolemy.actor.lib.RecursiveLattice">
                                                                    </entity>
                                                                </group>
                                                            </configure>
                                                        </entity>
                                                        <entity name="Spectrum" class="ptolemy.moml.EntityLibrary">
                                                            <configure>
                                                                <group>
                                                                    <entity name="DB" class="ptolemy.backtrack.automatic.ptolemy.actor.lib.DB">
                                                                    </entity>
                                                                    <entity name="FFT" class="ptolemy.backtrack.automatic.ptolemy.domains.sdf.lib.FFT">
                                                                    </entity>
                                                                    <entity name="IFFT" class="ptolemy.backtrack.automatic.ptolemy.domains.sdf.lib.IFFT">
                                                                    </entity>
                                                                    <entity name="PhaseUnwrap" class="ptolemy.backtrack.automatic.ptolemy.actor.lib.PhaseUnwrap">
                                                                    </entity>
                                                                </group>
                                                            </configure>
                                                        </entity>
                                                        <entity name="Statistical" class="ptolemy.moml.EntityLibrary">
                                                            <configure>
                                                                <group>
                                                                    <entity name="Autocorrelation" class="ptolemy.backtrack.automatic.ptolemy.domains.sdf.lib.Autocorrelation">
                                                                    </entity>
                                                                    <entity name="ComputeHistogram" class="ptolemy.backtrack.automatic.ptolemy.actor.lib.ComputeHistogram">
                                                                    </entity>
                                                                </group>
                                                            </configure>
                                                        </entity>
                                                    </group>
                                                </configure>
                                            </entity>
                                            <entity name="DomainSpecific" class="ptolemy.moml.EntityLibrary">
                                                <configure>
                                                    <group>
                                                        <entity name="ProcessNetworks" class="ptolemy.moml.EntityLibrary">
                                                            <configure>
                                                                <group>
                                                                    <entity name="OrderedMerge" class="ptolemy.backtrack.automatic.ptolemy.actor.lib.OrderedMerge">
                                                                    </entity>
                                                                    <entity name="Sequencer" class="ptolemy.backtrack.automatic.ptolemy.actor.lib.Sequencer">
                                                                    </entity>
                                                                </group>
                                                            </configure>
                                                        </entity>
                                                    </group>
                                                </configure>
                                            </entity>
                                            <entity name="Domain Specific" class="ptolemy.moml.EntityLibrary">
                                                <configure>
                                                    <group>
                                                    </group>
                                                </configure>
                                            </entity>
                                            <entity name="Backtrack" class="ptolemy.backtrack.manual.ptolemy.actor.lib.Backtrack">
                                            </entity>
                                        </group>
                                    </configure>
                                </entity>
                                <entity name="MoreLibraries" class="ptolemy.moml.EntityLibrary">
                                    <configure>
                                        <group>
                                            <entity name="DesignPatterns" class="ptolemy.moml.EntityLibrary">
                                                <configure>
                                                    <group>
                                                        <entity name="DiscreteEvent" class="ptolemy.moml.EntityLibrary">
                                                            <configure>
                                                                <group>
                                                                    <entity name="DESourceSink" class="ptolemy.actor.TypedCompositeActor">
                                                                        <entity name="PoissonClock" class="ptolemy.backtrack.automatic.ptolemy.actor.lib.PoissonClock">
                                                                        </entity>
                                                                        <entity name="Ramp" class="ptolemy.backtrack.automatic.ptolemy.actor.lib.Ramp">
                                                                        </entity>
                                                                    </entity>
                                                                </group>
                                                            </configure>
                                                        </entity>
                                                        <entity name="DynamicDataFlow" class="ptolemy.moml.EntityLibrary">
                                                            <configure>
                                                                <group>
                                                                    <entity name="DDFRepeatForCount" class="ptolemy.actor.TypedCompositeActor">
                                                                        <entity name="Ramp" class="ptolemy.backtrack.automatic.ptolemy.actor.lib.Ramp">
                                                                        </entity>
                                                                        <entity name="Switch" class="ptolemy.backtrack.automatic.ptolemy.actor.lib.BooleanSwitch">
                                                                        </entity>
                                                                        <entity name="RepeatedAction" class="ptolemy.actor.TypedCompositeActor">
                                                                            <entity name="Counter" class="ptolemy.backtrack.automatic.ptolemy.actor.lib.Counter">
                                                                            </entity>
                                                                        </entity>
                                                                    </entity>
                                                                </group>
                                                            </configure>
                                                        </entity>
                                                    </group>
                                                </configure>
                                            </entity>
                                            <entity name="Esoteric" class="ptolemy.moml.EntityLibrary">
                                                <configure>
                                                    <group>
                                                        <entity name="OrderedMerge" class="ptolemy.backtrack.automatic.ptolemy.actor.lib.OrderedMerge">
                                                        </entity>
                                                    </group>
                                                </configure>
                                            </entity>
                                        </group>
                                    </configure>
                                </entity>
                            </group>
                        </configure>
                    </entity>
                    <entity name="DatabaseActors" class="ptolemy.moml.EntityLibrary">
                        <configure>
                            <group>
                                <doc>Database Actors</doc>
                                <entity name="DatabaseManager" class="ptolemy.actor.lib.database.DatabaseManager">
                                </entity>
                                <entity name="DatabaseQuery" class="ptolemy.actor.lib.database.DatabaseQuery">
                                </entity>
                                <entity name="DatabaseSelect" class="ptolemy.actor.lib.database.DatabaseSelect">
                                </entity>
                                <entity name="DatabaseInsert" class="ptolemy.actor.lib.database.DatabaseInsert">
                                </entity>
                                <entity name="SQLStatement" class="ptolemy.actor.lib.database.SQLStatement">
                                </entity>
                                <entity name="ArrayOfRecordsRecorder" class="ptolemy.actor.lib.database.ArrayOfRecordsRecorder">
                                    <property name="_configurer" class="ptolemy.vergil.toolbox.ArrayOfRecordsConfigureFactory">
                                        <property name="parameterName" class="ptolemy.data.expr.StringParameter" value="records">
                                        </property>
                                        <property name="columns" class="ptolemy.data.expr.Parameter" value="columns">
                                        </property>
                                    </property>
                                </entity>
                            </group>
                        </configure>
                    </entity>
                    <entity name="DesignPatterns" class="ptolemy.moml.EntityLibrary">
                        <configure>
                            <group>
                                <property name="DesignPatternImporter" class="ptolemy.actor.gt.controller.DesignPatternImporter">
                                    <property name="_icon" class="ptolemy.vergil.icon.ValueIcon">
                                        <property name="_color" class="ptolemy.actor.gui.ColorAttribute" value="{0.0, 0.0, 1.0, 1.0}">
                                        </property>
                                    </property>
                                    <property name="_smallIconDescription" class="ptolemy.kernel.util.SingletonConfigurableAttribute">
                                        <configure>
        <svg>
          <text style="font-size:14; font-family:SansSerif; fill:blue">-D-</text>
        </svg>
      </configure>
                                    </property>
                                </property>
                                <entity name="InputOutputPorts" class="ptolemy.actor.TypedCompositeActor">
                                    <property name="_createdBy" class="ptolemy.kernel.attributes.VersionAttribute" value="7.1.devel">
                                    </property>
                                    <property name="_alternateGetMomlAction" class="ptolemy.kernel.util.StringAttribute" value="ptolemy.actor.DesignPatternGetMoMLAction">
                                    </property>
                                    <property name="_designPatternIcon" class="ptolemy.vergil.icon.DesignPatternIcon">
                                        <property name="_hideName" class="ptolemy.data.expr.SingletonParameter" value="true">
                                        </property>
                                        <property name="rounding" class="ptolemy.data.expr.Parameter" value="0.0">
                                        </property>
                                        <property name="spacing" class="ptolemy.data.expr.Parameter" value="0.0">
                                        </property>
                                    </property>
                                    <property name="_hideName" class="ptolemy.data.expr.SingletonParameter" value="true">
                                    </property>
                                    <property name="_windowProperties" class="ptolemy.actor.gui.WindowPropertiesAttribute" value="{bounds={288, 268, 823, 514}, maximized=false}">
                                    </property>
                                    <property name="_vergilSize" class="ptolemy.actor.gui.SizeAttribute" value="[600, 400]">
                                    </property>
                                    <property name="_vergilZoomFactor" class="ptolemy.data.expr.ExpertParameter" value="1.0">
                                    </property>
                                    <property name="_vergilCenter" class="ptolemy.data.expr.ExpertParameter" value="{300.0, 200.0}">
                                    </property>
                                    <port name="input" class="ptolemy.actor.TypedIOPort">
                                        <property name="input"/>
                                        <property name="_location" class="ptolemy.kernel.util.Location" value="{20.0, 200.0}">
                                        </property>
                                    </port>
                                    <port name="output" class="ptolemy.actor.TypedIOPort">
                                        <property name="output"/>
                                        <property name="_location" class="ptolemy.kernel.util.Location" value="[570.0, 200.0]">
                                        </property>
                                    </port>
                                </entity>
                                <entity name="DiscreteEvent" class="ptolemy.moml.EntityLibrary">
                                    <configure>
                                        <group>
                                            <entity name="DESourceSink" class="ptolemy.actor.TypedCompositeActor">
                                                <property name="_createdBy" class="ptolemy.kernel.attributes.VersionAttribute" value="7.1.devel">
                                                </property>
                                                <property name="_alternateGetMomlAction" class="ptolemy.kernel.util.StringAttribute" value="ptolemy.actor.DesignPatternGetMoMLAction">
                                                </property>
                                                <property name="_designPatternIcon" class="ptolemy.vergil.icon.DesignPatternIcon">
                                                    <property name="_hideName" class="ptolemy.data.expr.SingletonParameter" value="true">
                                                    </property>
                                                    <property name="rounding" class="ptolemy.data.expr.Parameter" value="0.0">
                                                    </property>
                                                    <property name="spacing" class="ptolemy.data.expr.Parameter" value="0.0">
                                                    </property>
                                                </property>
                                                <property name="_hideName" class="ptolemy.data.expr.SingletonParameter" value="true">
                                                </property>
                                                <property name="_windowProperties" class="ptolemy.actor.gui.WindowPropertiesAttribute" value="{bounds={288, 268, 823, 514}, maximized=false}">
                                                </property>
                                                <property name="_vergilSize" class="ptolemy.actor.gui.SizeAttribute" value="[600, 400]">
                                                </property>
                                                <property name="_vergilZoomFactor" class="ptolemy.data.expr.ExpertParameter" value="1.0">
                                                </property>
                                                <property name="_vergilCenter" class="ptolemy.data.expr.ExpertParameter" value="{300.0, 200.0}">
                                                </property>
                                                <entity name="PoissonClock" class="ptolemy.actor.lib.PoissonClock">
                                                    <property name="_location" class="ptolemy.kernel.util.Location" value="[50.0, 155.0]">
                                                    </property>
                                                </entity>
                                                <entity name="Ramp" class="ptolemy.actor.lib.Ramp">
                                                    <doc>Create a sequence of tokens with increasing value</doc>
                                                    <property name="_location" class="ptolemy.kernel.util.Location" value="[170.0, 165.0]">
                                                    </property>
                                                </entity>
                                                <entity name="TimedPlotter" class="ptolemy.actor.lib.gui.TimedPlotter">
                                                    <property name="_windowProperties" class="ptolemy.actor.gui.WindowPropertiesAttribute">
                                                    </property>
                                                    <property name="_plotSize" class="ptolemy.actor.gui.SizeAttribute">
                                                    </property>
                                                    <property name="_location" class="ptolemy.kernel.util.Location" value="[525.0, 165.0]">
                                                    </property>
                                                </entity>
                                                <relation name="relation" class="ptolemy.actor.TypedIORelation">
                                                    <property name="width" class="ptolemy.data.expr.Parameter" value="1">
                                                    </property>
                                                </relation>
                                                <link port="PoissonClock.output" relation="relation"/>
                                                <link port="Ramp.trigger" relation="relation"/>
                                            </entity>
                                        </group>
                                    </configure>
                                </entity>
                                <entity name="DynamicDataFlow" class="ptolemy.moml.EntityLibrary">
                                    <configure>
                                        <group>
                                            <entity name="DDFRepeatForCount" class="ptolemy.actor.TypedCompositeActor">
                                                <property name="_createdBy" class="ptolemy.kernel.attributes.VersionAttribute" value="7.2.devel">
                                                </property>
                                                <property name="count" class="ptolemy.data.expr.Parameter" value="3">
                                                    <property name="_hideName" class="ptolemy.kernel.util.SingletonAttribute">
                                                    </property>
                                                    <property name="_icon" class="ptolemy.vergil.icon.ValueIcon">
                                                        <property name="_color" class="ptolemy.actor.gui.ColorAttribute" value="{0.0, 0.0, 1.0, 1.0}">
                                                        </property>
                                                    </property>
                                                    <property name="_smallIconDescription" class="ptolemy.kernel.util.SingletonConfigurableAttribute">
                                                        <configure>
      <svg>
        <text x="20" style="font-size:14; font-family:SansSerif; fill:blue" y="20">-P-</text>
      </svg>
    </configure>
                                                    </property>
                                                    <property name="_editorFactory" class="ptolemy.vergil.toolbox.VisibleParameterEditorFactory">
                                                    </property>
                                                    <property name="_location" class="ptolemy.kernel.util.Location" value="[500.0, 45.0]">
                                                    </property>
                                                </property>
                                                <property name="Annotation" class="ptolemy.vergil.kernel.attributes.TextAttribute">
                                                    <property name="text" class="ptolemy.kernel.util.StringAttribute" value="Fire RepeatedAction for &quot;count&quot; times with Source&#10;as initial input, and send the result to Sink.">
                                                    </property>
                                                    <property name="_location" class="ptolemy.kernel.util.Location" value="[150.0, 25.0]">
                                                    </property>
                                                </property>
                                                <property name="_alternateGetMomlAction" class="ptolemy.kernel.util.StringAttribute" value="ptolemy.actor.DesignPatternGetMoMLAction">
                                                </property>
                                                <property name="_designPatternIcon" class="ptolemy.vergil.icon.DesignPatternIcon">
                                                    <property name="_hideName" class="ptolemy.data.expr.SingletonParameter" value="true">
                                                    </property>
                                                    <property name="rounding" class="ptolemy.data.expr.Parameter" value="0.0">
                                                    </property>
                                                    <property name="spacing" class="ptolemy.data.expr.Parameter" value="0.0">
                                                    </property>
                                                </property>
                                                <property name="_hideName" class="ptolemy.data.expr.SingletonParameter" value="true">
                                                </property>
                                                <property name="_windowProperties" class="ptolemy.actor.gui.WindowPropertiesAttribute" value="{bounds={288, 268, 815, 517}, maximized=false}">
                                                </property>
                                                <property name="_vergilSize" class="ptolemy.actor.gui.SizeAttribute" value="[600, 400]">
                                                </property>
                                                <property name="_vergilZoomFactor" class="ptolemy.data.expr.ExpertParameter" value="1.0">
                                                </property>
                                                <property name="_vergilCenter" class="ptolemy.data.expr.ExpertParameter" value="{300.0, 200.0}">
                                                </property>
                                                <property name="Before" class="ptolemy.actor.gt.controller.TransformationAttribute">
                                                    <property name="_location" class="ptolemy.kernel.util.Location" value="[70.0, 250.0]">
                                                    </property>
                                                    <configure>
                                                        <entity name="ModelUpdater" class="ptolemy.actor.gt.controller.ModelUpdater">
                                                            <entity name="_Controller" class="ptolemy.domains.ptera.kernel.PteraController">
                                                                <entity name="Match" class="ptolemy.actor.gt.controller.Match">
                                                                    <property name="_hideName" class="ptolemy.data.expr.SingletonParameter" value="true">
                                                                    </property>
                                                                    <property name="_location" class="ptolemy.kernel.util.Location" value="{105.0, 145.0}">
                                                                    </property>
                                                                    <configure>
                                                                        <entity name="Transformation" class="ptolemy.actor.gt.TransformationRule">
                                                                            <property name="mode" class="ptolemy.actor.gt.TransformationMode" value="match only">
                                                                            </property>
                                                                            <property name="repeatUntilFixpoint" class="ptolemy.data.expr.Parameter" value="false">
                                                                            </property>
                                                                            <property name="repeatCount" class="ptolemy.data.expr.Parameter" value="1">
                                                                            </property>
                                                                            <property name="GTDirector" class="ptolemy.actor.gt.TransformationRule$TransformationDirector">
                                                                                <property name="timeResolution" class="ptolemy.actor.parameters.SharedParameter" value="1E-10">
                                                                                </property>
                                                                            </property>
                                                                            <entity name="Pattern" class="ptolemy.actor.gt.Pattern">
                                                                                <property name="criteria" class="ptolemy.actor.gt.GTIngredientsAttribute" value="(ptolemy.actor.gt.ingredients.criteria.AttributeCriterion/false/&quot;count&quot;/false//false/)">
                                                                                </property>
                                                                            </entity>
                                                                        </entity>
                                                                    </configure>
                                                                </entity>
                                                                <entity name="Report" class="ptolemy.domains.ptera.lib.Report">
                                                                    <property name="message" class="ptolemy.data.expr.StringParameter" value="There is a &quot;count&quot; parameter in your model. If you apply this pattern, that parameter will be overwritten. Continue?">
                                                                    </property>
                                                                    <property name="mode" class="ptolemy.data.expr.ChoiceParameter" value="yes or no">
                                                                    </property>
                                                                    <property name="_hideName" class="ptolemy.data.expr.SingletonParameter" value="true">
                                                                    </property>
                                                                    <property name="_location" class="ptolemy.kernel.util.Location" value="{245.0, 145.0}">
                                                                    </property>
                                                                </entity>
                                                                <entity name="Exception" class="ptolemy.domains.ptera.lib.Report">
                                                                    <property name="message" class="ptolemy.data.expr.StringParameter" value="User operation cancelled.">
                                                                    </property>
                                                                    <property name="mode" class="ptolemy.data.expr.ChoiceParameter" value="runtime exception">
                                                                    </property>
                                                                    <property name="_hideName" class="ptolemy.data.expr.SingletonParameter" value="true">
                                                                    </property>
                                                                    <property name="_location" class="ptolemy.kernel.util.Location" value="{390.0, 145.0}">
                                                                    </property>
                                                                </entity>
                                                                <relation name="relation" class="ptolemy.domains.ptera.kernel.SchedulingRelation">
                                                                    <property name="annotation" class="ptolemy.data.expr.StringParameter" value="">
                                                                    </property>
                                                                    <property name="guardExpression" class="ptolemy.kernel.util.StringAttribute" value="matched">
                                                                        <display name="condition"/>
                                                                    </property>
                                                                    <property name="exitAngle" class="ptolemy.data.expr.Parameter" value="0.6283185307179586">
                                                                    </property>
                                                                    <property name="gamma" class="ptolemy.data.expr.Parameter" value="1.422126641418444">
                                                                    </property>
                                                                    <property name="defaultTransition" class="ptolemy.data.expr.Parameter" value="false">
                                                                        <display name="default"/>
                                                                    </property>
                                                                    <property name="nondeterministic" class="ptolemy.data.expr.Parameter" value="false">
                                                                    </property>
                                                                    <property name="preemptive" class="ptolemy.data.expr.Parameter" value="false">
                                                                    </property>
                                                                    <property name="delay" class="ptolemy.domains.ptera.kernel.SchedulingRelation$1" value="0.0">
                                                                    </property>
                                                                    <property name="arguments" class="ptolemy.kernel.util.StringAttribute" value="{}">
                                                                    </property>
                                                                    <property name="canceling" class="ptolemy.data.expr.Parameter" value="false">
                                                                    </property>
                                                                    <property name="priority" class="ptolemy.actor.parameters.Priority" value="0">
                                                                    </property>
                                                                    <property name="triggers" class="ptolemy.data.expr.StringParameter" value="">
                                                                    </property>
                                                                    <property name="reset" class="ptolemy.data.expr.Parameter" value="false">
                                                                        <display name="initialize"/>
                                                                    </property>
                                                                </relation>
                                                                <relation name="relation_1_" class="ptolemy.domains.ptera.kernel.SchedulingRelation">
                                                                    <property name="annotation" class="ptolemy.data.expr.StringParameter" value="">
                                                                    </property>
                                                                    <property name="guardExpression" class="ptolemy.kernel.util.StringAttribute" value="!response">
                                                                        <display name="condition"/>
                                                                    </property>
                                                                    <property name="exitAngle" class="ptolemy.data.expr.Parameter" value="0.6283185307179586">
                                                                    </property>
                                                                    <property name="gamma" class="ptolemy.data.expr.Parameter" value="0.057391971584200424">
                                                                    </property>
                                                                    <property name="defaultTransition" class="ptolemy.data.expr.Parameter" value="false">
                                                                        <display name="default"/>
                                                                    </property>
                                                                    <property name="nondeterministic" class="ptolemy.data.expr.Parameter" value="false">
                                                                    </property>
                                                                    <property name="preemptive" class="ptolemy.data.expr.Parameter" value="false">
                                                                    </property>
                                                                    <property name="delay" class="ptolemy.domains.ptera.kernel.SchedulingRelation$1" value="0.0">
                                                                    </property>
                                                                    <property name="arguments" class="ptolemy.kernel.util.StringAttribute" value="{}">
                                                                    </property>
                                                                    <property name="canceling" class="ptolemy.data.expr.Parameter" value="false">
                                                                    </property>
                                                                    <property name="priority" class="ptolemy.actor.parameters.Priority" value="0">
                                                                    </property>
                                                                    <property name="triggers" class="ptolemy.data.expr.StringParameter" value="">
                                                                    </property>
                                                                    <property name="reset" class="ptolemy.data.expr.Parameter" value="false">
                                                                        <display name="initialize"/>
                                                                    </property>
                                                                </relation>
                                                                <relation name="relation_1_2" class="ptolemy.domains.ptera.kernel.SchedulingRelation">
                                                                    <property name="annotation" class="ptolemy.data.expr.StringParameter" value="">
                                                                    </property>
                                                                    <property name="exitAngle" class="ptolemy.data.expr.Parameter" value="0.6283185307179586">
                                                                    </property>
                                                                    <property name="gamma" class="ptolemy.data.expr.Parameter" value="1.5770300327865816">
                                                                    </property>
                                                                    <property name="defaultTransition" class="ptolemy.data.expr.Parameter" value="false">
                                                                        <display name="default"/>
                                                                    </property>
                                                                    <property name="nondeterministic" class="ptolemy.data.expr.Parameter" value="false">
                                                                    </property>
                                                                    <property name="preemptive" class="ptolemy.data.expr.Parameter" value="false">
                                                                    </property>
                                                                    <property name="delay" class="ptolemy.domains.ptera.kernel.SchedulingRelation$1" value="0.0">
                                                                    </property>
                                                                    <property name="arguments" class="ptolemy.kernel.util.StringAttribute" value="{}">
                                                                    </property>
                                                                    <property name="canceling" class="ptolemy.data.expr.Parameter" value="false">
                                                                    </property>
                                                                    <property name="priority" class="ptolemy.actor.parameters.Priority" value="0">
                                                                    </property>
                                                                    <property name="triggers" class="ptolemy.data.expr.StringParameter" value="">
                                                                    </property>
                                                                    <property name="reset" class="ptolemy.data.expr.Parameter" value="false">
                                                                        <display name="initialize"/>
                                                                    </property>
                                                                </relation>
                                                                <link port="InitModelWithContainer.outgoingPort" relation="relation_1_2"/>
                                                                <link port="Match.incomingPort" relation="relation_1_2"/>
                                                                <link port="Match.outgoingPort" relation="relation"/>
                                                                <link port="Report.incomingPort" relation="relation"/>
                                                                <link port="Report.outgoingPort" relation="relation_1_"/>
                                                                <link port="Exception.incomingPort" relation="relation_1_"/>
                                                            </entity>
                                                        </entity>
                                                    </configure>
                                                </property>
                                                <property name="After" class="ptolemy.actor.gt.controller.TransformationAttribute">
                                                    <property name="_location" class="ptolemy.kernel.util.Location" value="[135.0, 250.0]">
                                                    </property>
                                                    <configure>
                                                        <entity name="ModelUpdater" class="ptolemy.actor.gt.controller.ModelUpdater">
                                                            <entity name="_Controller" class="ptolemy.domains.ptera.kernel.PteraController">
                                                                <entity name="Transform" class="ptolemy.actor.gt.controller.Transform">
                                                                    <property name="parameters" class="ptolemy.domains.ptera.kernel.ParametersAttribute" value="(c : int)">
                                                                    </property>
                                                                    <property name="_hideName" class="ptolemy.data.expr.SingletonParameter" value="true">
                                                                    </property>
                                                                    <property name="_location" class="ptolemy.kernel.util.Location" value="{150.0, 230.0}">
                                                                    </property>
                                                                    <configure>
                                                                        <entity name="Transformation" class="ptolemy.actor.gt.TransformationRule">
                                                                            <property name="mode" class="ptolemy.actor.gt.TransformationMode" value="replace first">
                                                                            </property>
                                                                            <property name="repeatUntilFixpoint" class="ptolemy.data.expr.Parameter" value="false">
                                                                            </property>
                                                                            <property name="repeatCount" class="ptolemy.data.expr.Parameter" value="1">
                                                                            </property>
                                                                            <property name="GTDirector" class="ptolemy.actor.gt.TransformationRule$TransformationDirector">
                                                                                <property name="timeResolution" class="ptolemy.actor.parameters.SharedParameter" value="1.0E-10">
                                                                                </property>
                                                                            </property>
                                                                            <property name="_windowProperties" class="ptolemy.actor.gui.WindowPropertiesAttribute" value="{bounds={286, 254, 828, 542}, maximized=false}">
                                                                            </property>
                                                                            <property name="_vergilSize" class="ptolemy.actor.gui.SizeAttribute" value="[600, 400]">
                                                                            </property>
                                                                            <property name="_vergilZoomFactor" class="ptolemy.data.expr.ExpertParameter" value="1.0">
                                                                            </property>
                                                                            <property name="_vergilCenter" class="ptolemy.data.expr.ExpertParameter" value="{300.0, 200.0}">
                                                                            </property>
                                                                            <entity name="Pattern" class="ptolemy.actor.gt.Pattern">
                                                                                <property name="criteria" class="ptolemy.actor.gt.GTIngredientsAttribute" value="(ptolemy.actor.gt.ingredients.criteria.AttributeCriterion/false/&quot;count&quot;/false//false/)">
                                                                                </property>
                                                                            </entity>
                                                                            <entity name="Replacement" class="ptolemy.actor.gt.Replacement">
                                                                                <property name="operations" class="ptolemy.actor.gt.GTIngredientsAttribute" value="(ptolemy.actor.gt.ingredients.operations.AttributeOperation/false/&quot;count&quot;/false//false/&quot;$(c)&quot;)">
                                                                                </property>
                                                                                <property name="RelationHiding" class="ptolemy.actor.gt.RelationHidingAttribute" value="false">
                                                                                    <property name="_iconDescription" class="ptolemy.kernel.util.SingletonConfigurableAttribute">
                                                                                        <configure><svg><rect x="0" y="0" width="94" height="32" style="fill:#00FFFF"></rect><line x1="8" y1="7" x2="20" y2="7" style="stroke:#000000"></line><line x1="20" y1="7" x2="20" y2="25" style="stroke:#000000"></line><line x1="20" y1="25" x2="32" y2="25" style="stroke:#000000"></line><polygon points="20,10 14,16 20,22 26,16" style="fill:#000000"></polygon><line x1="39" y1="14" x2="52" y2="14" style="stroke:#303030; stroke-width:2"></line><line x1="39" y1="18" x2="52" y2="18" style="stroke:#303030; stroke-width:2"></line><line x1="50" y1="11" x2="55" y2="16" style="stroke:#303030; stroke-width:2"></line><line x1="50" y1="21" x2="55" y2="16" style="stroke:#303030; stroke-width:2"></line><line x1="62" y1="7" x2="74" y2="7" style="stroke:#000000"></line><line x1="74" y1="7" x2="74" y2="25" style="stroke:#000000"></line><line x1="74" y1="25" x2="86" y2="25" style="stroke:#000000"></line><line x1="41" y1="9" x2="49" y2="23" style="stroke:#C00000; stroke-width:3"></line></svg></configure>
                                                                                    </property>
                                                                                    <property name="_smallIconDescription" class="ptolemy.kernel.util.SingletonConfigurableAttribute">
                                                                                        <configure>
          <svg>
            <rect x="0" y="0" width="26" height="18" style="fill:#00FFFF"></rect>
            <text x="2" y="15" style="font-size:16; font-family:SansSerif; fill:blue">RH</text>
          </svg>
        </configure>
                                                                                    </property>
                                                                                    <property name="_location" class="ptolemy.kernel.util.Location" value="[235.0, 110.0]">
                                                                                    </property>
                                                                                </property>
                                                                            </entity>
                                                                        </entity>
                                                                    </configure>
                                                                </entity>
                                                                <entity name="Configure" class="ptolemy.domains.ptera.lib.Configure">
                                                                    <property name="_hideName" class="ptolemy.data.expr.SingletonParameter" value="true">
                                                                    </property>
                                                                    <property name="_location" class="ptolemy.kernel.util.Location" value="{150.0, 125.0}">
                                                                    </property>
                                                                    <property name="count" class="ptolemy.data.expr.Parameter" value="3">
                                                                    </property>
                                                                </entity>
                                                                <relation name="relation_1_" class="ptolemy.domains.ptera.kernel.SchedulingRelation">
                                                                    <property name="annotation" class="ptolemy.data.expr.StringParameter" value="">
                                                                    </property>
                                                                    <property name="exitAngle" class="ptolemy.data.expr.Parameter" value="0.3158753078196075">
                                                                    </property>
                                                                    <property name="gamma" class="ptolemy.data.expr.Parameter" value="1.7805222510865935">
                                                                    </property>
                                                                    <property name="defaultTransition" class="ptolemy.data.expr.Parameter" value="false">
                                                                        <display name="default"/>
                                                                    </property>
                                                                    <property name="nondeterministic" class="ptolemy.data.expr.Parameter" value="false">
                                                                    </property>
                                                                    <property name="preemptive" class="ptolemy.data.expr.Parameter" value="false">
                                                                    </property>
                                                                    <property name="delay" class="ptolemy.domains.ptera.kernel.SchedulingRelation$1" value="0.0">
                                                                    </property>
                                                                    <property name="arguments" class="ptolemy.kernel.util.StringAttribute" value="{count}">
                                                                    </property>
                                                                    <property name="canceling" class="ptolemy.data.expr.Parameter" value="false">
                                                                    </property>
                                                                    <property name="priority" class="ptolemy.actor.parameters.Priority" value="0">
                                                                    </property>
                                                                    <property name="triggers" class="ptolemy.data.expr.StringParameter" value="">
                                                                    </property>
                                                                    <property name="reset" class="ptolemy.data.expr.Parameter" value="false">
                                                                        <display name="initialize"/>
                                                                    </property>
                                                                </relation>
                                                                <relation name="relation" class="ptolemy.domains.ptera.kernel.SchedulingRelation">
                                                                    <property name="annotation" class="ptolemy.data.expr.StringParameter" value="">
                                                                    </property>
                                                                    <property name="exitAngle" class="ptolemy.data.expr.Parameter" value="0.32918504506055624">
                                                                    </property>
                                                                    <property name="gamma" class="ptolemy.data.expr.Parameter" value="1.1198809981128832">
                                                                    </property>
                                                                    <property name="defaultTransition" class="ptolemy.data.expr.Parameter" value="false">
                                                                        <display name="default"/>
                                                                    </property>
                                                                    <property name="nondeterministic" class="ptolemy.data.expr.Parameter" value="false">
                                                                    </property>
                                                                    <property name="preemptive" class="ptolemy.data.expr.Parameter" value="false">
                                                                    </property>
                                                                    <property name="delay" class="ptolemy.domains.ptera.kernel.SchedulingRelation$1" value="0.0">
                                                                    </property>
                                                                    <property name="arguments" class="ptolemy.kernel.util.StringAttribute" value="{}">
                                                                    </property>
                                                                    <property name="canceling" class="ptolemy.data.expr.Parameter" value="false">
                                                                    </property>
                                                                    <property name="priority" class="ptolemy.actor.parameters.Priority" value="0">
                                                                    </property>
                                                                    <property name="triggers" class="ptolemy.data.expr.StringParameter" value="">
                                                                    </property>
                                                                    <property name="reset" class="ptolemy.data.expr.Parameter" value="false">
                                                                        <display name="initialize"/>
                                                                    </property>
                                                                </relation>
                                                                <link port="InitModelWithContainer.outgoingPort" relation="relation"/>
                                                                <link port="Transform.incomingPort" relation="relation_1_"/>
                                                                <link port="Configure.incomingPort" relation="relation"/>
                                                                <link port="Configure.outgoingPort" relation="relation_1_"/>
                                                            </entity>
                                                        </entity>
                                                    </configure>
                                                </property>
                                                <entity name="SampleDelay" class="ptolemy.domains.sdf.lib.SampleDelay">
                                                    <property name="initialOutputs" class="ptolemy.data.expr.Parameter" value="{true}">
                                                    </property>
                                                    <property name="_icon" class="ptolemy.vergil.icon.BoxedValueIcon">
                                                        <property name="attributeName" class="ptolemy.kernel.util.StringAttribute" value="initialOutputs">
                                                        </property>
                                                        <property name="displayWidth" class="ptolemy.data.expr.Parameter" value="20">
                                                        </property>
                                                    </property>
                                                    <property name="_location" class="ptolemy.kernel.util.Location" value="[140.0, 180.0]">
                                                    </property>
                                                </entity>
                                                <entity name="Const" class="ptolemy.actor.lib.Const">
                                                    <property name="value" class="ptolemy.data.expr.Parameter" value="false">
                                                    </property>
                                                    <property name="firingCountLimit" class="ptolemy.data.expr.Parameter" value="count">
                                                    </property>
                                                    <doc>Create a constant sequence</doc>
                                                    <property name="_icon" class="ptolemy.vergil.icon.BoxedValueIcon">
                                                        <property name="attributeName" class="ptolemy.kernel.util.StringAttribute" value="value">
                                                        </property>
                                                        <property name="displayWidth" class="ptolemy.data.expr.Parameter" value="60">
                                                        </property>
                                                    </property>
                                                    <property name="_location" class="ptolemy.kernel.util.Location" value="[70.0, 180.0]">
                                                    </property>
                                                </entity>
                                                <entity name="Ramp" class="ptolemy.actor.lib.Ramp">
                                                    <property name="firingCountLimit" class="ptolemy.data.expr.Parameter" value="count">
                                                    </property>
                                                    <doc>Create a sequence of tokens with increasing value</doc>
                                                    <property name="_location" class="ptolemy.kernel.util.Location" value="[290.0, 205.0]">
                                                    </property>
                                                </entity>
                                                <entity name="Expression" class="ptolemy.actor.lib.Expression">
                                                    <property name="expression" class="ptolemy.kernel.util.StringAttribute" value="in+1&gt;=count">
                                                    </property>
                                                    <property name="_icon" class="ptolemy.vergil.icon.BoxedValueIcon">
                                                        <property name="attributeName" class="ptolemy.kernel.util.StringAttribute" value="expression">
                                                        </property>
                                                        <property name="displayWidth" class="ptolemy.data.expr.Parameter" value="60">
                                                        </property>
                                                    </property>
                                                    <property name="_location" class="ptolemy.kernel.util.Location" value="[390.0, 205.0]">
                                                    </property>
                                                    <port name="in" class="ptolemy.actor.TypedIOPort">
                                                        <property name="input"/>
                                                    </port>
                                                </entity>
                                                <entity name="Switch" class="ptolemy.actor.lib.BooleanSwitch">
                                                    <property name="BooleanSwitchIcon" class="ptolemy.vergil.icon.EditorIcon">
                                                        <property name="_windowProperties" class="ptolemy.actor.gui.WindowPropertiesAttribute" value="{bounds = {5, 136, 815, 516}, maximized = false}">
                                                        </property>
                                                        <property name="_vergilSize" class="ptolemy.actor.gui.SizeAttribute" value="[600, 400]">
                                                        </property>
                                                    </property>
                                                    <property name="_location" class="ptolemy.kernel.util.Location" value="[450.0, 120.0]">
                                                    </property>
                                                    <port name="control" class="ptolemy.actor.TypedIOPort">
                                                        <property name="input"/>
                                                        <property name="_cardinal" class="ptolemy.kernel.util.StringAttribute" value="SOUTH">
                                                        </property>
                                                    </port>
                                                </entity>
                                                <entity name="Select" class="ptolemy.domains.ddf.lib.DDFBooleanSelect">
                                                    <property name="DDFBooleanSelectIcon" class="ptolemy.vergil.icon.EditorIcon">
                                                        <property name="_windowProperties" class="ptolemy.actor.gui.WindowPropertiesAttribute" value="{bounds = {17, -12, 815, 516}, maximized = false}">
                                                        </property>
                                                        <property name="_vergilSize" class="ptolemy.actor.gui.SizeAttribute" value="[600, 400]">
                                                        </property>
                                                    </property>
                                                    <property name="_location" class="ptolemy.kernel.util.Location" value="[240.0, 120.0]">
                                                    </property>
                                                </entity>
                                                <entity name="Source" class="ptolemy.actor.lib.Const">
                                                    <property name="firingCountLimit" class="ptolemy.data.expr.Parameter" value="1">
                                                    </property>
                                                    <doc>Create a constant sequence.</doc>
                                                    <property name="_icon" class="ptolemy.vergil.icon.BoxedValueIcon">
                                                        <property name="attributeName" class="ptolemy.kernel.util.StringAttribute" value="value">
                                                        </property>
                                                        <property name="displayWidth" class="ptolemy.data.expr.Parameter" value="60">
                                                        </property>
                                                    </property>
                                                    <property name="_location" class="ptolemy.kernel.util.Location" value="[65.0, 110.0]">
                                                    </property>
                                                </entity>
                                                <entity name="Sink" class="ptolemy.actor.lib.gui.Display">
                                                    <property name="_windowProperties" class="ptolemy.actor.gui.WindowPropertiesAttribute" value="{bounds={529, 403, 342, 243}, maximized=false}">
                                                    </property>
                                                    <property name="_paneSize" class="ptolemy.actor.gui.SizeAttribute" value="[326, 186]">
                                                    </property>
                                                    <property name="_location" class="ptolemy.kernel.util.Location" value="[535.0, 110.0]">
                                                    </property>
                                                </entity>
                                                <entity name="RepeatedAction" class="ptolemy.actor.TypedCompositeActor">
                                                    <property name="_location" class="ptolemy.kernel.util.Location" value="[350.0, 120.0]">
                                                    </property>
                                                    <property name="Annotation" class="ptolemy.vergil.kernel.attributes.TextAttribute">
                                                        <property name="text" class="ptolemy.kernel.util.StringAttribute" value="Remove Counter and add the action to be repeated.">
                                                        </property>
                                                        <property name="_location" class="ptolemy.kernel.util.Location" value="[120.0, 100.0]">
                                                        </property>
                                                    </property>
                                                    <port name="input" class="ptolemy.actor.TypedIOPort">
                                                        <property name="input"/>
                                                        <property name="_location" class="ptolemy.kernel.util.Location" value="{20.0, 200.0}">
                                                        </property>
                                                    </port>
                                                    <port name="output" class="ptolemy.actor.TypedIOPort">
                                                        <property name="output"/>
                                                        <property name="_location" class="ptolemy.kernel.util.Location" value="[570.0, 200.0]">
                                                        </property>
                                                    </port>
                                                    <entity name="Counter" class="ptolemy.actor.lib.Counter">
                                                        <property name="_location" class="ptolemy.kernel.util.Location" value="{295.0, 210.0}">
                                                        </property>
                                                    </entity>
                                                    <relation name="relation" class="ptolemy.actor.TypedIORelation">
                                                        <property name="width" class="ptolemy.data.expr.Parameter" value="1">
                                                        </property>
                                                    </relation>
                                                    <relation name="relation2" class="ptolemy.actor.TypedIORelation">
                                                        <property name="width" class="ptolemy.data.expr.Parameter" value="1">
                                                        </property>
                                                    </relation>
                                                    <link port="input" relation="relation"/>
                                                    <link port="output" relation="relation2"/>
                                                    <link port="Counter.increment" relation="relation"/>
                                                    <link port="Counter.output" relation="relation2"/>
                                                </entity>
                                                <relation name="relation" class="ptolemy.actor.TypedIORelation">
                                                    <property name="width" class="ptolemy.data.expr.Parameter" value="1">
                                                    </property>
                                                </relation>
                                                <relation name="relation2" class="ptolemy.actor.TypedIORelation">
                                                    <property name="width" class="ptolemy.data.expr.Parameter" value="1">
                                                    </property>
                                                </relation>
                                                <relation name="relation3" class="ptolemy.actor.TypedIORelation">
                                                    <property name="width" class="ptolemy.data.expr.Parameter" value="1">
                                                    </property>
                                                </relation>
                                                <relation name="relation4" class="ptolemy.actor.TypedIORelation">
                                                    <property name="width" class="ptolemy.data.expr.Parameter" value="1">
                                                    </property>
                                                    <vertex name="vertex1" value="[485.0, 245.0]">
                                                    </vertex>
                                                </relation>
                                                <relation name="relation5" class="ptolemy.actor.TypedIORelation">
                                                    <property name="width" class="ptolemy.data.expr.Parameter" value="1">
                                                    </property>
                                                </relation>
                                                <relation name="relation6" class="ptolemy.actor.TypedIORelation">
                                                    <property name="width" class="ptolemy.data.expr.Parameter" value="1">
                                                    </property>
                                                    <vertex name="vertex1" value="[200.0, 245.0]">
                                                    </vertex>
                                                </relation>
                                                <relation name="relation7" class="ptolemy.actor.TypedIORelation">
                                                    <property name="width" class="ptolemy.data.expr.Parameter" value="1">
                                                    </property>
                                                </relation>
                                                <relation name="relation8" class="ptolemy.actor.TypedIORelation">
                                                    <property name="width" class="ptolemy.data.expr.Parameter" value="1">
                                                    </property>
                                                </relation>
                                                <relation name="relation9" class="ptolemy.actor.TypedIORelation">
                                                    <property name="width" class="ptolemy.data.expr.Parameter" value="1">
                                                    </property>
                                                </relation>
                                                <relation name="relation10" class="ptolemy.actor.TypedIORelation">
                                                    <property name="width" class="ptolemy.data.expr.Parameter" value="1">
                                                    </property>
                                                </relation>
                                                <link port="SampleDelay.input" relation="relation"/>
                                                <link port="SampleDelay.output" relation="relation5"/>
                                                <link port="Const.output" relation="relation"/>
                                                <link port="Ramp.output" relation="relation2"/>
                                                <link port="Expression.output" relation="relation3"/>
                                                <link port="Expression.in" relation="relation2"/>
                                                <link port="Switch.input" relation="relation10"/>
                                                <link port="Switch.control" relation="relation3"/>
                                                <link port="Switch.trueOutput" relation="relation8"/>
                                                <link port="Switch.falseOutput" relation="relation4"/>
                                                <link port="Select.trueInput" relation="relation7"/>
                                                <link port="Select.falseInput" relation="relation6"/>
                                                <link port="Select.control" relation="relation5"/>
                                                <link port="Select.output" relation="relation9"/>
                                                <link port="Source.output" relation="relation7"/>
                                                <link port="Sink.input" relation="relation8"/>
                                                <link port="RepeatedAction.input" relation="relation9"/>
                                                <link port="RepeatedAction.output" relation="relation10"/>
                                                <link relation1="relation4" relation2="relation6"/>
                                            </entity>
                                        </group>
                                    </configure>
                                </entity>
                                <entity name="Rendezvous" class="ptolemy.moml.EntityLibrary">
                                    <configure>
                                        <group>
                                            <entity name="RendezvousSynchrony" class="ptolemy.actor.TypedCompositeActor">
                                                <property name="_createdBy" class="ptolemy.kernel.attributes.VersionAttribute" value="7.2.devel">
                                                </property>
                                                <property name="_windowProperties" class="ptolemy.actor.gui.WindowPropertiesAttribute" value="{bounds={288, 268, 823, 514}, maximized=false}">
                                                </property>
                                                <property name="_vergilSize" class="ptolemy.actor.gui.SizeAttribute" value="[600, 400]">
                                                </property>
                                                <property name="_vergilZoomFactor" class="ptolemy.data.expr.ExpertParameter" value="1.0">
                                                </property>
                                                <property name="_vergilCenter" class="ptolemy.data.expr.ExpertParameter" value="{300.0, 200.0}">
                                                </property>
                                                <property name="After" class="ptolemy.actor.gt.controller.TransformationAttribute">
                                                    <property name="_location" class="ptolemy.kernel.util.Location" value="[495.0, 125.0]">
                                                    </property>
                                                    <configure>
                                                        <entity name="ModelUpdater" class="ptolemy.actor.gt.controller.ModelUpdater">
                                                            <entity name="_Controller" class="ptolemy.domains.ptera.kernel.PteraController">
                                                                <property name="xOffset" class="ptolemy.data.expr.Parameter" value="5">
                                                                    <property name="_hideName" class="ptolemy.kernel.util.SingletonAttribute">
                                                                    </property>
                                                                    <property name="_icon" class="ptolemy.vergil.icon.ValueIcon">
                                                                        <property name="_color" class="ptolemy.actor.gui.ColorAttribute" value="{0.0, 0.0, 1.0, 1.0}">
                                                                        </property>
                                                                    </property>
                                                                    <property name="_smallIconDescription" class="ptolemy.kernel.util.SingletonConfigurableAttribute">
                                                                        <configure>
      <svg>
        <text x="20" style="font-size:14; font-family:SansSerif; fill:blue" y="20">-P-</text>
      </svg>
    </configure>
                                                                    </property>
                                                                    <property name="_editorFactory" class="ptolemy.vergil.toolbox.VisibleParameterEditorFactory">
                                                                    </property>
                                                                    <property name="_location" class="ptolemy.kernel.util.Location" value="{280.0, 65.0}">
                                                                    </property>
                                                                </property>
                                                                <property name="yOffset" class="ptolemy.data.expr.Parameter" value="30">
                                                                    <property name="_hideName" class="ptolemy.kernel.util.SingletonAttribute">
                                                                    </property>
                                                                    <property name="_icon" class="ptolemy.vergil.icon.ValueIcon">
                                                                        <property name="_color" class="ptolemy.actor.gui.ColorAttribute" value="{0.0, 0.0, 1.0, 1.0}">
                                                                        </property>
                                                                    </property>
                                                                    <property name="_smallIconDescription" class="ptolemy.kernel.util.SingletonConfigurableAttribute">
                                                                        <configure>
      <svg>
        <text x="20" style="font-size:14; font-family:SansSerif; fill:blue" y="20">-P-</text>
      </svg>
    </configure>
                                                                    </property>
                                                                    <property name="_editorFactory" class="ptolemy.vergil.toolbox.VisibleParameterEditorFactory">
                                                                    </property>
                                                                    <property name="_location" class="ptolemy.kernel.util.Location" value="[280.0, 85.0]">
                                                                    </property>
                                                                </property>
                                                                <entity name="Transform" class="ptolemy.actor.gt.controller.Transform">
                                                                    <property name="parameters" class="ptolemy.domains.ptera.kernel.ParametersAttribute" value="(i : int, count : int)">
                                                                    </property>
                                                                    <property name="_hideName" class="ptolemy.data.expr.SingletonParameter" value="true">
                                                                    </property>
                                                                    <property name="_location" class="ptolemy.kernel.util.Location" value="[320.0, 145.0]">
                                                                    </property>
                                                                    <configure>
                                                                        <entity name="Transformation" class="ptolemy.actor.gt.TransformationRule">
                                                                            <property name="mode" class="ptolemy.actor.gt.TransformationMode" value="replace first">
                                                                            </property>
                                                                            <property name="repeatUntilFixpoint" class="ptolemy.data.expr.Parameter" value="false">
                                                                            </property>
                                                                            <property name="repeatCount" class="ptolemy.data.expr.Parameter" value="1">
                                                                            </property>
                                                                            <property name="GTDirector" class="ptolemy.actor.gt.TransformationRule$TransformationDirector">
                                                                                <property name="timeResolution" class="ptolemy.actor.parameters.SharedParameter" value="1.0E-10">
                                                                                </property>
                                                                            </property>
                                                                            <entity name="Pattern" class="ptolemy.actor.gt.Pattern">
                                                                                <property name="Constraint" class="ptolemy.actor.gt.Constraint" value="&#10;A.getName().equals(&quot;_A&quot; + i + &quot;_&quot;) &amp;&amp;&#10;B.getName().equals(&quot;_B&quot; + i + &quot;_&quot;)">
                                                                                    <property name="_icon" class="ptolemy.vergil.icon.ValueIcon">
                                                                                        <property name="_color" class="ptolemy.actor.gui.ColorAttribute" value="{0.0, 0.0, 1.0, 1.0}">
                                                                                        </property>
                                                                                    </property>
                                                                                    <property name="_smallIconDescription" class="ptolemy.kernel.util.SingletonConfigurableAttribute">
                                                                                        <configure>
          <svg>
            <text style="font-size:14; font-family:SansSerif; fill:blue">-C-</text>
          </svg>
        </configure>
                                                                                    </property>
                                                                                    <property name="_location" class="ptolemy.kernel.util.Location" value="[90.0, 180.0]">
                                                                                    </property>
                                                                                </property>
                                                                                <entity name="Barrier" class="ptolemy.domains.rendezvous.lib.Barrier">
                                                                                    <property name="_location" class="ptolemy.kernel.util.Location" value="[230.0, 65.0]">
                                                                                    </property>
                                                                                </entity>
                                                                                <entity name="A" class="ptolemy.actor.TypedCompositeActor">
                                                                                    <property name="_location" class="ptolemy.kernel.util.Location" value="[95.0, 130.0]">
                                                                                    </property>
                                                                                    <property name="_icon" class="ptolemy.vergil.icon.EditorIcon">
                                                                                        <property name="ellipse" class="ptolemy.vergil.kernel.attributes.EllipseAttribute">
                                                                                            <property name="_location" class="ptolemy.kernel.util.Location" value="[0.0, 0.0]">
                                                                                            </property>
                                                                                            <property name="width" class="ptolemy.data.expr.Parameter" value="20">
                                                                                            </property>
                                                                                            <property name="height" class="ptolemy.data.expr.Parameter" value="20">
                                                                                            </property>
                                                                                            <property name="centered" class="ptolemy.data.expr.Parameter" value="true">
                                                                                            </property>
                                                                                            <property name="fillColor" class="ptolemy.actor.gui.ColorAttribute" value="{1.0, 1.0, 1.0, 1.0}">
                                                                                            </property>
                                                                                        </property>
                                                                                    </property>
                                                                                    <property name="_hideName" class="ptolemy.data.expr.SingletonParameter" value="true">
                                                                                    </property>
                                                                                    <port name="input" class="ptolemy.actor.TypedIOPort">
                                                                                        <property name="input"/>
                                                                                        <property name="_location" class="ptolemy.kernel.util.Location" value="{20.0, 200.0}">
                                                                                        </property>
                                                                                    </port>
                                                                                    <port name="output" class="ptolemy.actor.TypedIOPort">
                                                                                        <property name="output"/>
                                                                                        <property name="_location" class="ptolemy.kernel.util.Location" value="[570.0, 200.0]">
                                                                                        </property>
                                                                                    </port>
                                                                                    <relation name="relation" class="ptolemy.actor.TypedIORelation">
                                                                                        <property name="width" class="ptolemy.data.expr.Parameter" value="1">
                                                                                        </property>
                                                                                    </relation>
                                                                                    <link port="input" relation="relation"/>
                                                                                    <link port="output" relation="relation"/>
                                                                                </entity>
                                                                                <entity name="B" class="ptolemy.actor.TypedCompositeActor">
                                                                                    <property name="_location" class="ptolemy.kernel.util.Location" value="[300.0, 130.0]">
                                                                                    </property>
                                                                                    <property name="_icon" class="ptolemy.vergil.icon.EditorIcon">
                                                                                        <property name="ellipse" class="ptolemy.vergil.kernel.attributes.EllipseAttribute">
                                                                                            <property name="_location" class="ptolemy.kernel.util.Location" value="[0.0, 0.0]">
                                                                                            </property>
                                                                                            <property name="width" class="ptolemy.data.expr.Parameter" value="20">
                                                                                            </property>
                                                                                            <property name="height" class="ptolemy.data.expr.Parameter" value="20">
                                                                                            </property>
                                                                                            <property name="centered" class="ptolemy.data.expr.Parameter" value="true">
                                                                                            </property>
                                                                                            <property name="fillColor" class="ptolemy.actor.gui.ColorAttribute" value="{1.0, 1.0, 1.0, 1.0}">
                                                                                            </property>
                                                                                        </property>
                                                                                    </property>
                                                                                    <property name="_hideName" class="ptolemy.data.expr.SingletonParameter" value="true">
                                                                                    </property>
                                                                                    <port name="input" class="ptolemy.actor.TypedIOPort">
                                                                                        <property name="input"/>
                                                                                        <property name="_location" class="ptolemy.kernel.util.Location" value="{20.0, 200.0}">
                                                                                        </property>
                                                                                    </port>
                                                                                    <port name="output" class="ptolemy.actor.TypedIOPort">
                                                                                        <property name="output"/>
                                                                                        <property name="_location" class="ptolemy.kernel.util.Location" value="[570.0, 200.0]">
                                                                                        </property>
                                                                                    </port>
                                                                                    <relation name="relation" class="ptolemy.actor.TypedIORelation">
                                                                                        <property name="width" class="ptolemy.data.expr.Parameter" value="1">
                                                                                        </property>
                                                                                    </relation>
                                                                                    <link port="input" relation="relation"/>
                                                                                    <link port="output" relation="relation"/>
                                                                                </entity>
                                                                                <relation name="relation" class="ptolemy.actor.TypedIORelation">
                                                                                    <property name="width" class="ptolemy.data.expr.Parameter" value="1">
                                                                                    </property>
                                                                                    <vertex name="vertex1" value="[165.0, 130.0]">
                                                                                    </vertex>
                                                                                </relation>
                                                                                <link port="Barrier.input" relation="relation"/>
                                                                                <link port="A.output" relation="relation"/>
                                                                                <link port="B.input" relation="relation"/>
                                                                            </entity>
                                                                            <entity name="Replacement" class="ptolemy.actor.gt.Replacement">
                                                                                <entity name="C" class="ptolemy.actor.TypedCompositeActor">
                                                                                    <property name="_location" class="ptolemy.kernel.util.Location" value="[95.0, 170.0]">
                                                                                    </property>
                                                                                    <property name="_icon" class="ptolemy.vergil.icon.EditorIcon">
                                                                                        <property name="ellipse" class="ptolemy.vergil.kernel.attributes.EllipseAttribute">
                                                                                            <property name="_location" class="ptolemy.kernel.util.Location" value="[0.0, 0.0]">
                                                                                            </property>
                                                                                            <property name="width" class="ptolemy.data.expr.Parameter" value="20">
                                                                                            </property>
                                                                                            <property name="height" class="ptolemy.data.expr.Parameter" value="20">
                                                                                            </property>
                                                                                            <property name="centered" class="ptolemy.data.expr.Parameter" value="true">
                                                                                            </property>
                                                                                            <property name="fillColor" class="ptolemy.actor.gui.ColorAttribute" value="{1.0, 1.0, 1.0, 1.0}">
                                                                                            </property>
                                                                                        </property>
                                                                                    </property>
                                                                                    <property name="_hideName" class="ptolemy.data.expr.SingletonParameter" value="true">
                                                                                    </property>
                                                                                    <property name="patternObject" class="ptolemy.actor.gt.PatternObjectAttribute">
                                                                                    </property>
                                                                                    <property name="operations" class="ptolemy.actor.gt.GTIngredientsAttribute" value="(ptolemy.actor.gt.ingredients.operations.AttributeOperation/false/&quot;_location&quot;/false//false/&quot;{$(A._location.getLocation()(0)), $(A._location.getLocation()(1) + yOffset)}&quot;)(ptolemy.actor.gt.ingredients.operations.RenameOperation/false/&quot;_A$(i+1)_&quot;)">
                                                                                    </property>
                                                                                    <port name="input" class="ptolemy.actor.TypedIOPort">
                                                                                        <property name="input"/>
                                                                                        <property name="_location" class="ptolemy.kernel.util.Location" value="{20.0, 200.0}">
                                                                                        </property>
                                                                                    </port>
                                                                                    <port name="output" class="ptolemy.actor.TypedIOPort">
                                                                                        <property name="output"/>
                                                                                        <property name="_location" class="ptolemy.kernel.util.Location" value="[570.0, 200.0]">
                                                                                        </property>
                                                                                    </port>
                                                                                    <relation name="relation" class="ptolemy.actor.TypedIORelation">
                                                                                        <property name="width" class="ptolemy.data.expr.Parameter" value="1">
                                                                                        </property>
                                                                                    </relation>
                                                                                    <link port="input" relation="relation"/>
                                                                                    <link port="output" relation="relation"/>
                                                                                </entity>
                                                                                <entity name="D" class="ptolemy.actor.TypedCompositeActor">
                                                                                    <property name="_location" class="ptolemy.kernel.util.Location" value="[300.0, 170.0]">
                                                                                    </property>
                                                                                    <property name="_icon" class="ptolemy.vergil.icon.EditorIcon">
                                                                                        <property name="ellipse" class="ptolemy.vergil.kernel.attributes.EllipseAttribute">
                                                                                            <property name="_location" class="ptolemy.kernel.util.Location" value="[0.0, 0.0]">
                                                                                            </property>
                                                                                            <property name="width" class="ptolemy.data.expr.Parameter" value="20">
                                                                                            </property>
                                                                                            <property name="height" class="ptolemy.data.expr.Parameter" value="20">
                                                                                            </property>
                                                                                            <property name="centered" class="ptolemy.data.expr.Parameter" value="true">
                                                                                            </property>
                                                                                            <property name="fillColor" class="ptolemy.actor.gui.ColorAttribute" value="{1.0, 1.0, 1.0, 1.0}">
                                                                                            </property>
                                                                                        </property>
                                                                                    </property>
                                                                                    <property name="_hideName" class="ptolemy.data.expr.SingletonParameter" value="true">
                                                                                    </property>
                                                                                    <property name="patternObject" class="ptolemy.actor.gt.PatternObjectAttribute">
                                                                                    </property>
                                                                                    <property name="operations" class="ptolemy.actor.gt.GTIngredientsAttribute" value="(ptolemy.actor.gt.ingredients.operations.AttributeOperation/false/&quot;_location&quot;/false//false/&quot;{$(B._location.getLocation()(0)), $(B._location.getLocation()(1) + yOffset)}&quot;)(ptolemy.actor.gt.ingredients.operations.RenameOperation/false/&quot;_B$(i+1)_&quot;)">
                                                                                    </property>
                                                                                    <port name="input" class="ptolemy.actor.TypedIOPort">
                                                                                        <property name="input"/>
                                                                                        <property name="_location" class="ptolemy.kernel.util.Location" value="{20.0, 200.0}">
                                                                                        </property>
                                                                                    </port>
                                                                                    <port name="output" class="ptolemy.actor.TypedIOPort">
                                                                                        <property name="output"/>
                                                                                        <property name="_location" class="ptolemy.kernel.util.Location" value="[570.0, 200.0]">
                                                                                        </property>
                                                                                    </port>
                                                                                    <relation name="relation" class="ptolemy.actor.TypedIORelation">
                                                                                        <property name="width" class="ptolemy.data.expr.Parameter" value="1">
                                                                                        </property>
                                                                                    </relation>
                                                                                    <link port="input" relation="relation"/>
                                                                                    <link port="output" relation="relation"/>
                                                                                </entity>
                                                                                <entity name="Barrier" class="ptolemy.domains.rendezvous.lib.Barrier">
                                                                                    <property name="_location" class="ptolemy.kernel.util.Location" value="[230.0, 65.0]">
                                                                                    </property>
                                                                                    <property name="patternObject" class="ptolemy.actor.gt.PatternObjectAttribute" value="Barrier">
                                                                                    </property>
                                                                                </entity>
                                                                                <entity name="A" class="ptolemy.actor.TypedCompositeActor">
                                                                                    <property name="_location" class="ptolemy.kernel.util.Location" value="[95.0, 130.0]">
                                                                                    </property>
                                                                                    <property name="_icon" class="ptolemy.vergil.icon.EditorIcon">
                                                                                        <property name="ellipse" class="ptolemy.vergil.kernel.attributes.EllipseAttribute">
                                                                                            <property name="_location" class="ptolemy.kernel.util.Location" value="[0.0, 0.0]">
                                                                                            </property>
                                                                                            <property name="width" class="ptolemy.data.expr.Parameter" value="20">
                                                                                            </property>
                                                                                            <property name="height" class="ptolemy.data.expr.Parameter" value="20">
                                                                                            </property>
                                                                                            <property name="centered" class="ptolemy.data.expr.Parameter" value="true">
                                                                                            </property>
                                                                                            <property name="fillColor" class="ptolemy.actor.gui.ColorAttribute" value="{1.0, 1.0, 1.0, 1.0}">
                                                                                            </property>
                                                                                        </property>
                                                                                    </property>
                                                                                    <property name="_hideName" class="ptolemy.data.expr.SingletonParameter" value="true">
                                                                                    </property>
                                                                                    <property name="patternObject" class="ptolemy.actor.gt.PatternObjectAttribute" value="A">
                                                                                    </property>
                                                                                    <port name="input" class="ptolemy.actor.TypedIOPort">
                                                                                        <property name="input"/>
                                                                                        <property name="_location" class="ptolemy.kernel.util.Location" value="{20.0, 200.0}">
                                                                                        </property>
                                                                                        <property name="patternObject" class="ptolemy.actor.gt.PatternObjectAttribute" value="A.input">
                                                                                        </property>
                                                                                    </port>
                                                                                    <port name="output" class="ptolemy.actor.TypedIOPort">
                                                                                        <property name="output"/>
                                                                                        <property name="_location" class="ptolemy.kernel.util.Location" value="[570.0, 200.0]">
                                                                                        </property>
                                                                                        <property name="patternObject" class="ptolemy.actor.gt.PatternObjectAttribute" value="A.output">
                                                                                        </property>
                                                                                    </port>
                                                                                    <relation name="relation" class="ptolemy.actor.TypedIORelation">
                                                                                        <property name="width" class="ptolemy.data.expr.Parameter" value="1">
                                                                                        </property>
                                                                                        <property name="patternObject" class="ptolemy.actor.gt.PatternObjectAttribute" value="A.relation">
                                                                                        </property>
                                                                                    </relation>
                                                                                    <link port="input" relation="relation"/>
                                                                                    <link port="output" relation="relation"/>
                                                                                </entity>
                                                                                <entity name="B" class="ptolemy.actor.TypedCompositeActor">
                                                                                    <property name="_location" class="ptolemy.kernel.util.Location" value="[300.0, 130.0]">
                                                                                    </property>
                                                                                    <property name="_icon" class="ptolemy.vergil.icon.EditorIcon">
                                                                                        <property name="ellipse" class="ptolemy.vergil.kernel.attributes.EllipseAttribute">
                                                                                            <property name="_location" class="ptolemy.kernel.util.Location" value="[0.0, 0.0]">
                                                                                            </property>
                                                                                            <property name="width" class="ptolemy.data.expr.Parameter" value="20">
                                                                                            </property>
                                                                                            <property name="height" class="ptolemy.data.expr.Parameter" value="20">
                                                                                            </property>
                                                                                            <property name="centered" class="ptolemy.data.expr.Parameter" value="true">
                                                                                            </property>
                                                                                            <property name="fillColor" class="ptolemy.actor.gui.ColorAttribute" value="{1.0, 1.0, 1.0, 1.0}">
                                                                                            </property>
                                                                                        </property>
                                                                                    </property>
                                                                                    <property name="_hideName" class="ptolemy.data.expr.SingletonParameter" value="true">
                                                                                    </property>
                                                                                    <property name="patternObject" class="ptolemy.actor.gt.PatternObjectAttribute" value="B">
                                                                                    </property>
                                                                                    <port name="input" class="ptolemy.actor.TypedIOPort">
                                                                                        <property name="input"/>
                                                                                        <property name="_location" class="ptolemy.kernel.util.Location" value="{20.0, 200.0}">
                                                                                        </property>
                                                                                        <property name="patternObject" class="ptolemy.actor.gt.PatternObjectAttribute" value="B.input">
                                                                                        </property>
                                                                                    </port>
                                                                                    <port name="output" class="ptolemy.actor.TypedIOPort">
                                                                                        <property name="output"/>
                                                                                        <property name="_location" class="ptolemy.kernel.util.Location" value="[570.0, 200.0]">
                                                                                        </property>
                                                                                        <property name="patternObject" class="ptolemy.actor.gt.PatternObjectAttribute" value="B.output">
                                                                                        </property>
                                                                                    </port>
                                                                                    <relation name="relation" class="ptolemy.actor.TypedIORelation">
                                                                                        <property name="width" class="ptolemy.data.expr.Parameter" value="1">
                                                                                        </property>
                                                                                        <property name="patternObject" class="ptolemy.actor.gt.PatternObjectAttribute" value="B.relation">
                                                                                        </property>
                                                                                    </relation>
                                                                                    <link port="input" relation="relation"/>
                                                                                    <link port="output" relation="relation"/>
                                                                                </entity>
                                                                                <relation name="relation" class="ptolemy.actor.TypedIORelation">
                                                                                    <property name="width" class="ptolemy.data.expr.Parameter" value="1">
                                                                                    </property>
                                                                                    <vertex name="vertex1" value="[165.0, 130.0]">
                                                                                    </vertex>
                                                                                    <property name="patternObject" class="ptolemy.actor.gt.PatternObjectAttribute" value="relation">
                                                                                    </property>
                                                                                </relation>
                                                                                <relation name="relation2" class="ptolemy.actor.TypedIORelation">
                                                                                    <property name="width" class="ptolemy.data.expr.Parameter" value="1">
                                                                                    </property>
                                                                                    <vertex name="vertex1" value="[165.0, 170.0]">
                                                                                    </vertex>
                                                                                    <property name="operations" class="ptolemy.actor.gt.GTIngredientsAttribute" value="(ptolemy.actor.gt.ingredients.operations.AttributeOperation/false/&quot;vertex1&quot;/false//false/&quot;{$(relation.vertex1.getLocation()(0) + xOffset), $(relation.vertex1.getLocation()(1) + yOffset)}&quot;)">
                                                                                    </property>
                                                                                </relation>
                                                                                <link port="C.output" relation="relation2"/>
                                                                                <link port="D.input" relation="relation2"/>
                                                                                <link port="Barrier.input" relation="relation"/>
                                                                                <link port="Barrier.input" relation="relation2"/>
                                                                                <link port="A.output" relation="relation"/>
                                                                                <link port="B.input" relation="relation"/>
                                                                            </entity>
                                                                        </entity>
                                                                    </configure>
                                                                </entity>
                                                                <entity name="Configure" class="ptolemy.domains.ptera.lib.Configure">
                                                                    <property name="_hideName" class="ptolemy.data.expr.SingletonParameter" value="true">
                                                                    </property>
                                                                    <property name="_location" class="ptolemy.kernel.util.Location" value="[100.0, 150.0]">
                                                                    </property>
                                                                    <property name="count" class="ptolemy.data.expr.Parameter" value="2">
                                                                    </property>
                                                                </entity>
                                                                <relation name="relation" class="ptolemy.domains.ptera.kernel.SchedulingRelation">
                                                                    <property name="annotation" class="ptolemy.data.expr.StringParameter" value="">
                                                                    </property>
                                                                    <property name="guardExpression" class="ptolemy.kernel.util.StringAttribute" value="1 &lt; count">
                                                                        <display name="condition"/>
                                                                    </property>
                                                                    <property name="exitAngle" class="ptolemy.data.expr.Parameter" value="0.46513192374471185">
                                                                    </property>
                                                                    <property name="gamma" class="ptolemy.data.expr.Parameter" value="0.053646183862353675">
                                                                    </property>
                                                                    <property name="defaultTransition" class="ptolemy.data.expr.Parameter" value="false">
                                                                        <display name="default"/>
                                                                    </property>
                                                                    <property name="nondeterministic" class="ptolemy.data.expr.Parameter" value="false">
                                                                    </property>
                                                                    <property name="preemptive" class="ptolemy.data.expr.Parameter" value="false">
                                                                    </property>
                                                                    <property name="delay" class="ptolemy.domains.ptera.kernel.SchedulingRelation$1" value="0.0">
                                                                    </property>
                                                                    <property name="arguments" class="ptolemy.kernel.util.StringAttribute" value="{1, count}">
                                                                    </property>
                                                                    <property name="canceling" class="ptolemy.data.expr.Parameter" value="false">
                                                                    </property>
                                                                    <property name="priority" class="ptolemy.actor.parameters.Priority" value="0">
                                                                    </property>
                                                                    <property name="triggers" class="ptolemy.data.expr.StringParameter" value="">
                                                                    </property>
                                                                    <property name="reset" class="ptolemy.data.expr.Parameter" value="false">
                                                                        <display name="initialize"/>
                                                                    </property>
                                                                </relation>
                                                                <relation name="relation_1_3" class="ptolemy.domains.ptera.kernel.SchedulingRelation">
                                                                    <property name="annotation" class="ptolemy.data.expr.StringParameter" value="">
                                                                    </property>
                                                                    <property name="guardExpression" class="ptolemy.kernel.util.StringAttribute" value="i + 1 &lt; count">
                                                                        <display name="condition"/>
                                                                    </property>
                                                                    <property name="exitAngle" class="ptolemy.data.expr.Parameter" value="2.3360429733254624">
                                                                    </property>
                                                                    <property name="gamma" class="ptolemy.data.expr.Parameter" value="-0.126268677155754">
                                                                    </property>
                                                                    <property name="defaultTransition" class="ptolemy.data.expr.Parameter" value="false">
                                                                        <display name="default"/>
                                                                    </property>
                                                                    <property name="nondeterministic" class="ptolemy.data.expr.Parameter" value="false">
                                                                    </property>
                                                                    <property name="preemptive" class="ptolemy.data.expr.Parameter" value="false">
                                                                    </property>
                                                                    <property name="delay" class="ptolemy.domains.ptera.kernel.SchedulingRelation$1" value="0.0">
                                                                    </property>
                                                                    <property name="arguments" class="ptolemy.kernel.util.StringAttribute" value="{i + 1, count}">
                                                                    </property>
                                                                    <property name="canceling" class="ptolemy.data.expr.Parameter" value="false">
                                                                    </property>
                                                                    <property name="priority" class="ptolemy.actor.parameters.Priority" value="0">
                                                                    </property>
                                                                    <property name="triggers" class="ptolemy.data.expr.StringParameter" value="">
                                                                    </property>
                                                                    <property name="reset" class="ptolemy.data.expr.Parameter" value="false">
                                                                        <display name="initialize"/>
                                                                    </property>
                                                                </relation>
                                                                <relation name="relation_1_4" class="ptolemy.domains.ptera.kernel.SchedulingRelation">
                                                                    <property name="annotation" class="ptolemy.data.expr.StringParameter" value="">
                                                                    </property>
                                                                    <property name="exitAngle" class="ptolemy.data.expr.Parameter" value="0.2870977775771039">
                                                                    </property>
                                                                    <property name="gamma" class="ptolemy.data.expr.Parameter" value="1.2373971171868319">
                                                                    </property>
                                                                    <property name="defaultTransition" class="ptolemy.data.expr.Parameter" value="false">
                                                                        <display name="default"/>
                                                                    </property>
                                                                    <property name="nondeterministic" class="ptolemy.data.expr.Parameter" value="false">
                                                                    </property>
                                                                    <property name="preemptive" class="ptolemy.data.expr.Parameter" value="false">
                                                                    </property>
                                                                    <property name="delay" class="ptolemy.domains.ptera.kernel.SchedulingRelation$1" value="0.0">
                                                                    </property>
                                                                    <property name="arguments" class="ptolemy.kernel.util.StringAttribute" value="{}">
                                                                    </property>
                                                                    <property name="canceling" class="ptolemy.data.expr.Parameter" value="false">
                                                                    </property>
                                                                    <property name="priority" class="ptolemy.actor.parameters.Priority" value="0">
                                                                    </property>
                                                                    <property name="triggers" class="ptolemy.data.expr.StringParameter" value="">
                                                                    </property>
                                                                    <property name="reset" class="ptolemy.data.expr.Parameter" value="false">
                                                                        <display name="initialize"/>
                                                                    </property>
                                                                </relation>
                                                                <link port="InitModelWithContainer.outgoingPort" relation="relation_1_4"/>
                                                                <link port="Transform.incomingPort" relation="relation"/>
                                                                <link port="Transform.incomingPort" relation="relation_1_3"/>
                                                                <link port="Transform.outgoingPort" relation="relation_1_3"/>
                                                                <link port="Configure.incomingPort" relation="relation_1_4"/>
                                                                <link port="Configure.outgoingPort" relation="relation"/>
                                                            </entity>
                                                        </entity>
                                                    </configure>
                                                </property>
                                                <property name="_alternateGetMomlAction" class="ptolemy.kernel.util.StringAttribute" value="ptolemy.actor.DesignPatternGetMoMLAction">
                                                </property>
                                                <property name="_designPatternIcon" class="ptolemy.vergil.icon.DesignPatternIcon">
                                                    <property name="_hideName" class="ptolemy.data.expr.SingletonParameter" value="true">
                                                    </property>
                                                    <property name="rounding" class="ptolemy.data.expr.Parameter" value="0.0">
                                                    </property>
                                                    <property name="spacing" class="ptolemy.data.expr.Parameter" value="0.0">
                                                    </property>
                                                </property>
                                                <property name="_hideName" class="ptolemy.data.expr.SingletonParameter" value="true">
                                                </property>
                                                <property name="Before" class="ptolemy.actor.gt.controller.TransformationAttribute">
                                                    <property name="_location" class="ptolemy.kernel.util.Location" value="[430.0, 125.0]">
                                                    </property>
                                                    <configure>
                                                        <entity name="ModelUpdater" class="ptolemy.actor.gt.controller.ModelUpdater">
                                                            <entity name="_Controller" class="ptolemy.domains.ptera.kernel.PteraController">
                                                                <entity name="Match" class="ptolemy.actor.gt.controller.Match">
                                                                    <property name="_hideName" class="ptolemy.data.expr.SingletonParameter" value="true">
                                                                    </property>
                                                                    <property name="_location" class="ptolemy.kernel.util.Location" value="[120.0, 120.0]">
                                                                    </property>
                                                                    <configure>
                                                                        <entity name="Transformation" class="ptolemy.actor.gt.TransformationRule">
                                                                            <property name="mode" class="ptolemy.actor.gt.TransformationMode" value="match only">
                                                                            </property>
                                                                            <property name="repeatUntilFixpoint" class="ptolemy.data.expr.Parameter" value="false">
                                                                            </property>
                                                                            <property name="repeatCount" class="ptolemy.data.expr.Parameter" value="1">
                                                                            </property>
                                                                            <property name="GTDirector" class="ptolemy.actor.gt.TransformationRule$TransformationDirector">
                                                                                <property name="timeResolution" class="ptolemy.actor.parameters.SharedParameter" value="1E-10">
                                                                                </property>
                                                                            </property>
                                                                            <entity name="Pattern" class="ptolemy.actor.gt.Pattern">
                                                                                <entity name="A" class="ptolemy.actor.gt.AtomicActorMatcher">
                                                                                    <property name="criteria" class="ptolemy.actor.gt.GTIngredientsAttribute" value="(ptolemy.actor.gt.ingredients.criteria.NameCriterion/false/&quot;_(A|B)[0-9]+_&quot;)">
                                                                                    </property>
                                                                                    <property name="_location" class="ptolemy.kernel.util.Location" value="{195, 80}">
                                                                                    </property>
                                                                                    <property name="_iconDescription" class="ptolemy.kernel.util.SingletonConfigurableAttribute">
                                                                                        <configure><svg><rect x="0" y="0" width="60" height="40"  style="fill:#C0C0C0"/><rect x="5" y="17" width="16" height="10"  style="fill:#FFFFFF; stroke:#B00000"/><rect x="39" y="25" width="16" height="10"  style="fill:#FFFFFF; stroke:#B00000"/><line x1="25" y1="22" x2="30" y2="22"  style="stroke:#404040"/><line x1="30" y1="22" x2="30" y2="30"  style="stroke:#404040"/><line x1="30" y1="30" x2="35" y2="30"  style="stroke:#404040"/><text x="17" y="13"  style="font-size:12; fill:#E00000; font-family:SansSerif">  match</text></svg></configure>
                                                                                    </property>
                                                                                </entity>
                                                                            </entity>
                                                                        </entity>
                                                                    </configure>
                                                                </entity>
                                                                <entity name="Report" class="ptolemy.domains.ptera.lib.Report">
                                                                    <property name="message" class="ptolemy.data.expr.StringParameter" value="Your model contains entities with name collisions. Automatic renaming can be performed. Continue?">
                                                                    </property>
                                                                    <property name="mode" class="ptolemy.data.expr.ChoiceParameter" value="yes or no">
                                                                    </property>
                                                                    <property name="_hideName" class="ptolemy.data.expr.SingletonParameter" value="true">
                                                                    </property>
                                                                    <property name="_location" class="ptolemy.kernel.util.Location" value="[120.0, 195.0]">
                                                                    </property>
                                                                </entity>
                                                                <entity name="Transform" class="ptolemy.actor.gt.controller.Transform">
                                                                    <property name="_hideName" class="ptolemy.data.expr.SingletonParameter" value="true">
                                                                    </property>
                                                                    <property name="_location" class="ptolemy.kernel.util.Location" value="[120.0, 290.0]">
                                                                    </property>
                                                                    <configure>
                                                                        <entity name="Transformation" class="ptolemy.actor.gt.TransformationRule">
                                                                            <property name="mode" class="ptolemy.actor.gt.TransformationMode" value="replace first">
                                                                            </property>
                                                                            <property name="repeatUntilFixpoint" class="ptolemy.data.expr.Parameter" value="false">
                                                                            </property>
                                                                            <property name="repeatCount" class="ptolemy.data.expr.Parameter" value="1">
                                                                            </property>
                                                                            <property name="GTDirector" class="ptolemy.actor.gt.TransformationRule$TransformationDirector">
                                                                                <property name="timeResolution" class="ptolemy.actor.parameters.SharedParameter" value="1.0E-10">
                                                                                </property>
                                                                            </property>
                                                                            <entity name="Pattern" class="ptolemy.actor.gt.Pattern">
                                                                                <entity name="A" class="ptolemy.actor.gt.AtomicActorMatcher">
                                                                                    <property name="criteria" class="ptolemy.actor.gt.GTIngredientsAttribute" value="(ptolemy.actor.gt.ingredients.criteria.NameCriterion/false/&quot;_(A|B)[0-9]+_&quot;)">
                                                                                    </property>
                                                                                    <property name="_location" class="ptolemy.kernel.util.Location" value="{210, 140}">
                                                                                    </property>
                                                                                    <property name="_iconDescription" class="ptolemy.kernel.util.SingletonConfigurableAttribute">
                                                                                        <configure><svg><rect x="0" y="0" width="60" height="40"  style="fill:#C0C0C0"/><rect x="5" y="17" width="16" height="10"  style="fill:#FFFFFF; stroke:#B00000"/><rect x="39" y="25" width="16" height="10"  style="fill:#FFFFFF; stroke:#B00000"/><line x1="25" y1="22" x2="30" y2="22"  style="stroke:#404040"/><line x1="30" y1="22" x2="30" y2="30"  style="stroke:#404040"/><line x1="30" y1="30" x2="35" y2="30"  style="stroke:#404040"/><text x="17" y="13"  style="font-size:12; fill:#E00000; font-family:SansSerif">  match</text></svg></configure>
                                                                                    </property>
                                                                                </entity>
                                                                            </entity>
                                                                            <entity name="Replacement" class="ptolemy.actor.gt.Replacement">
                                                                                <entity name="A" class="ptolemy.actor.gt.AtomicActorMatcher">
                                                                                    <property name="operations" class="ptolemy.actor.gt.GTIngredientsAttribute" value="(ptolemy.actor.gt.ingredients.operations.RenameOperation/false/&quot;_$(A.getName())_&quot;)">
                                                                                    </property>
                                                                                    <property name="patternObject" class="ptolemy.actor.gt.PatternObjectAttribute" value="A">
                                                                                    </property>
                                                                                    <property name="_location" class="ptolemy.kernel.util.Location" value="{210, 140}">
                                                                                    </property>
                                                                                    <property name="_iconDescription" class="ptolemy.kernel.util.SingletonConfigurableAttribute">
                                                                                        <configure><svg><rect x="0" y="0" width="60" height="40"  style="fill:#C0C0C0"/><rect x="5" y="17" width="16" height="10"  style="fill:#FFFFFF; stroke:#B00000"/><rect x="39" y="25" width="16" height="10"  style="fill:#FFFFFF; stroke:#B00000"/><line x1="25" y1="22" x2="30" y2="22"  style="stroke:#404040"/><line x1="30" y1="22" x2="30" y2="30"  style="stroke:#404040"/><line x1="30" y1="30" x2="35" y2="30"  style="stroke:#404040"/><text x="17" y="13"  style="font-size:12; fill:#E00000; font-family:SansSerif">  match</text></svg></configure>
                                                                                    </property>
                                                                                </entity>
                                                                            </entity>
                                                                        </entity>
                                                                    </configure>
                                                                </entity>
                                                                <entity name="Exception" class="ptolemy.domains.ptera.lib.Report">
                                                                    <property name="message" class="ptolemy.data.expr.StringParameter" value="User operation cancelled.">
                                                                    </property>
                                                                    <property name="mode" class="ptolemy.data.expr.ChoiceParameter" value="runtime exception">
                                                                    </property>
                                                                    <property name="_hideName" class="ptolemy.data.expr.SingletonParameter" value="true">
                                                                    </property>
                                                                    <property name="_location" class="ptolemy.kernel.util.Location" value="[240.0, 195.0]">
                                                                    </property>
                                                                </entity>
                                                                <relation name="relation" class="ptolemy.domains.ptera.kernel.SchedulingRelation">
                                                                    <property name="annotation" class="ptolemy.data.expr.StringParameter" value="">
                                                                    </property>
                                                                    <property name="exitAngle" class="ptolemy.data.expr.Parameter" value="0.6283185307179586">
                                                                    </property>
                                                                    <property name="gamma" class="ptolemy.data.expr.Parameter" value="1.6976782830365942">
                                                                    </property>
                                                                    <property name="defaultTransition" class="ptolemy.data.expr.Parameter" value="false">
                                                                        <display name="default"/>
                                                                    </property>
                                                                    <property name="nondeterministic" class="ptolemy.data.expr.Parameter" value="false">
                                                                    </property>
                                                                    <property name="preemptive" class="ptolemy.data.expr.Parameter" value="false">
                                                                    </property>
                                                                    <property name="delay" class="ptolemy.domains.ptera.kernel.SchedulingRelation$1" value="0.0">
                                                                    </property>
                                                                    <property name="arguments" class="ptolemy.kernel.util.StringAttribute" value="{}">
                                                                    </property>
                                                                    <property name="canceling" class="ptolemy.data.expr.Parameter" value="false">
                                                                    </property>
                                                                    <property name="priority" class="ptolemy.actor.parameters.Priority" value="0">
                                                                    </property>
                                                                    <property name="triggers" class="ptolemy.data.expr.StringParameter" value="">
                                                                    </property>
                                                                    <property name="reset" class="ptolemy.data.expr.Parameter" value="false">
                                                                        <display name="initialize"/>
                                                                    </property>
                                                                </relation>
                                                                <relation name="relation_1_2" class="ptolemy.domains.ptera.kernel.SchedulingRelation">
                                                                    <property name="annotation" class="ptolemy.data.expr.StringParameter" value="">
                                                                    </property>
                                                                    <property name="guardExpression" class="ptolemy.kernel.util.StringAttribute" value="matched">
                                                                        <display name="condition"/>
                                                                    </property>
                                                                    <property name="exitAngle" class="ptolemy.data.expr.Parameter" value="0.6283185307179586">
                                                                    </property>
                                                                    <property name="gamma" class="ptolemy.data.expr.Parameter" value="1.7252882586172558">
                                                                    </property>
                                                                    <property name="defaultTransition" class="ptolemy.data.expr.Parameter" value="false">
                                                                        <display name="default"/>
                                                                    </property>
                                                                    <property name="nondeterministic" class="ptolemy.data.expr.Parameter" value="false">
                                                                    </property>
                                                                    <property name="preemptive" class="ptolemy.data.expr.Parameter" value="false">
                                                                    </property>
                                                                    <property name="delay" class="ptolemy.domains.ptera.kernel.SchedulingRelation$1" value="0.0">
                                                                    </property>
                                                                    <property name="arguments" class="ptolemy.kernel.util.StringAttribute" value="{}">
                                                                    </property>
                                                                    <property name="canceling" class="ptolemy.data.expr.Parameter" value="false">
                                                                    </property>
                                                                    <property name="priority" class="ptolemy.actor.parameters.Priority" value="0">
                                                                    </property>
                                                                    <property name="triggers" class="ptolemy.data.expr.StringParameter" value="">
                                                                    </property>
                                                                    <property name="reset" class="ptolemy.data.expr.Parameter" value="false">
                                                                        <display name="initialize"/>
                                                                    </property>
                                                                </relation>
                                                                <relation name="relation_1_3" class="ptolemy.domains.ptera.kernel.SchedulingRelation">
                                                                    <property name="annotation" class="ptolemy.data.expr.StringParameter" value="">
                                                                    </property>
                                                                    <property name="guardExpression" class="ptolemy.kernel.util.StringAttribute" value="response">
                                                                        <display name="condition"/>
                                                                    </property>
                                                                    <property name="exitAngle" class="ptolemy.data.expr.Parameter" value="0.6096594365021583">
                                                                    </property>
                                                                    <property name="gamma" class="ptolemy.data.expr.Parameter" value="1.6758540925766647">
                                                                    </property>
                                                                    <property name="defaultTransition" class="ptolemy.data.expr.Parameter" value="false">
                                                                        <display name="default"/>
                                                                    </property>
                                                                    <property name="nondeterministic" class="ptolemy.data.expr.Parameter" value="false">
                                                                    </property>
                                                                    <property name="preemptive" class="ptolemy.data.expr.Parameter" value="false">
                                                                    </property>
                                                                    <property name="delay" class="ptolemy.domains.ptera.kernel.SchedulingRelation$1" value="0.0">
                                                                    </property>
                                                                    <property name="arguments" class="ptolemy.kernel.util.StringAttribute" value="{}">
                                                                    </property>
                                                                    <property name="canceling" class="ptolemy.data.expr.Parameter" value="false">
                                                                    </property>
                                                                    <property name="priority" class="ptolemy.actor.parameters.Priority" value="0">
                                                                    </property>
                                                                    <property name="triggers" class="ptolemy.data.expr.StringParameter" value="">
                                                                    </property>
                                                                    <property name="reset" class="ptolemy.data.expr.Parameter" value="false">
                                                                        <display name="initialize"/>
                                                                    </property>
                                                                </relation>
                                                                <relation name="relation_1_4" class="ptolemy.domains.ptera.kernel.SchedulingRelation">
                                                                    <property name="annotation" class="ptolemy.data.expr.StringParameter" value="">
                                                                    </property>
                                                                    <property name="guardExpression" class="ptolemy.kernel.util.StringAttribute" value="matched">
                                                                        <display name="condition"/>
                                                                    </property>
                                                                    <property name="exitAngle" class="ptolemy.data.expr.Parameter" value="2.4360514983322235">
                                                                    </property>
                                                                    <property name="gamma" class="ptolemy.data.expr.Parameter" value="0.07284049670960514">
                                                                    </property>
                                                                    <property name="defaultTransition" class="ptolemy.data.expr.Parameter" value="false">
                                                                        <display name="default"/>
                                                                    </property>
                                                                    <property name="nondeterministic" class="ptolemy.data.expr.Parameter" value="false">
                                                                    </property>
                                                                    <property name="preemptive" class="ptolemy.data.expr.Parameter" value="false">
                                                                    </property>
                                                                    <property name="delay" class="ptolemy.domains.ptera.kernel.SchedulingRelation$1" value="0.0">
                                                                    </property>
                                                                    <property name="arguments" class="ptolemy.kernel.util.StringAttribute" value="{}">
                                                                    </property>
                                                                    <property name="canceling" class="ptolemy.data.expr.Parameter" value="false">
                                                                    </property>
                                                                    <property name="priority" class="ptolemy.actor.parameters.Priority" value="0">
                                                                    </property>
                                                                    <property name="triggers" class="ptolemy.data.expr.StringParameter" value="">
                                                                    </property>
                                                                    <property name="reset" class="ptolemy.data.expr.Parameter" value="false">
                                                                        <display name="initialize"/>
                                                                    </property>
                                                                </relation>
                                                                <relation name="relation_1_5" class="ptolemy.domains.ptera.kernel.SchedulingRelation">
                                                                    <property name="annotation" class="ptolemy.data.expr.StringParameter" value="">
                                                                    </property>
                                                                    <property name="guardExpression" class="ptolemy.kernel.util.StringAttribute" value="!response">
                                                                        <display name="condition"/>
                                                                    </property>
                                                                    <property name="exitAngle" class="ptolemy.data.expr.Parameter" value="0.6283185307179586">
                                                                    </property>
                                                                    <property name="gamma" class="ptolemy.data.expr.Parameter" value="0.08501772930757115">
                                                                    </property>
                                                                    <property name="defaultTransition" class="ptolemy.data.expr.Parameter" value="false">
                                                                        <display name="default"/>
                                                                    </property>
                                                                    <property name="nondeterministic" class="ptolemy.data.expr.Parameter" value="false">
                                                                    </property>
                                                                    <property name="preemptive" class="ptolemy.data.expr.Parameter" value="false">
                                                                    </property>
                                                                    <property name="delay" class="ptolemy.domains.ptera.kernel.SchedulingRelation$1" value="0.0">
                                                                    </property>
                                                                    <property name="arguments" class="ptolemy.kernel.util.StringAttribute" value="{}">
                                                                    </property>
                                                                    <property name="canceling" class="ptolemy.data.expr.Parameter" value="false">
                                                                    </property>
                                                                    <property name="priority" class="ptolemy.actor.parameters.Priority" value="0">
                                                                    </property>
                                                                    <property name="triggers" class="ptolemy.data.expr.StringParameter" value="">
                                                                    </property>
                                                                    <property name="reset" class="ptolemy.data.expr.Parameter" value="false">
                                                                        <display name="initialize"/>
                                                                    </property>
                                                                </relation>
                                                                <link port="InitModelWithContainer.outgoingPort" relation="relation"/>
                                                                <link port="Match.incomingPort" relation="relation"/>
                                                                <link port="Match.outgoingPort" relation="relation_1_2"/>
                                                                <link port="Report.incomingPort" relation="relation_1_2"/>
                                                                <link port="Report.outgoingPort" relation="relation_1_3"/>
                                                                <link port="Report.outgoingPort" relation="relation_1_5"/>
                                                                <link port="Transform.incomingPort" relation="relation_1_3"/>
                                                                <link port="Transform.incomingPort" relation="relation_1_4"/>
                                                                <link port="Transform.outgoingPort" relation="relation_1_4"/>
                                                                <link port="Exception.incomingPort" relation="relation_1_5"/>
                                                            </entity>
                                                        </entity>
                                                    </configure>
                                                </property>
                                                <property name="Annotation" class="ptolemy.vergil.kernel.attributes.TextAttribute">
                                                    <property name="text" class="ptolemy.kernel.util.StringAttribute" value="Synchronize the communication between&#10;left-hand-side actors and right-hand-side&#10;actors in the Rendezvous (CSP) model of&#10;computation.">
                                                    </property>
                                                    <property name="_location" class="ptolemy.kernel.util.Location" value="[285.0, 25.0]">
                                                    </property>
                                                </property>
                                                <entity name="Barrier" class="ptolemy.domains.rendezvous.lib.Barrier">
                                                    <property name="_location" class="ptolemy.kernel.util.Location" value="[215.0, 65.0]">
                                                    </property>
                                                </entity>
                                                <entity name="_A1_" class="ptolemy.actor.TypedCompositeActor">
                                                    <property name="_location" class="ptolemy.kernel.util.Location" value="[80.0, 125.0]">
                                                    </property>
                                                    <property name="_icon" class="ptolemy.vergil.icon.EditorIcon">
                                                        <property name="ellipse" class="ptolemy.vergil.kernel.attributes.EllipseAttribute">
                                                            <property name="_location" class="ptolemy.kernel.util.Location" value="[0.0, 0.0]">
                                                            </property>
                                                            <property name="width" class="ptolemy.data.expr.Parameter" value="20">
                                                            </property>
                                                            <property name="height" class="ptolemy.data.expr.Parameter" value="20">
                                                            </property>
                                                            <property name="centered" class="ptolemy.data.expr.Parameter" value="true">
                                                            </property>
                                                            <property name="fillColor" class="ptolemy.actor.gui.ColorAttribute" value="{1.0, 1.0, 1.0, 1.0}">
                                                            </property>
                                                        </property>
                                                    </property>
                                                    <property name="_hideName" class="ptolemy.data.expr.SingletonParameter" value="true">
                                                    </property>
                                                    <property name="patternObject" class="ptolemy.actor.gt.PatternObjectAttribute" value="A">
                                                    </property>
                                                    <port name="input" class="ptolemy.actor.TypedIOPort">
                                                        <property name="input"/>
                                                        <property name="_location" class="ptolemy.kernel.util.Location" value="{20.0, 200.0}">
                                                        </property>
                                                        <property name="patternObject" class="ptolemy.actor.gt.PatternObjectAttribute" value="A.input">
                                                        </property>
                                                    </port>
                                                    <port name="output" class="ptolemy.actor.TypedIOPort">
                                                        <property name="output"/>
                                                        <property name="_location" class="ptolemy.kernel.util.Location" value="[570.0, 200.0]">
                                                        </property>
                                                        <property name="patternObject" class="ptolemy.actor.gt.PatternObjectAttribute" value="A.output">
                                                        </property>
                                                    </port>
                                                    <relation name="relation" class="ptolemy.actor.TypedIORelation">
                                                        <property name="width" class="ptolemy.data.expr.Parameter" value="1">
                                                        </property>
                                                    </relation>
                                                    <link port="input" relation="relation"/>
                                                    <link port="output" relation="relation"/>
                                                </entity>
                                                <entity name="_B1_" class="ptolemy.actor.TypedCompositeActor">
                                                    <property name="_location" class="ptolemy.kernel.util.Location" value="[285.0, 125.0]">
                                                    </property>
                                                    <property name="_icon" class="ptolemy.vergil.icon.EditorIcon">
                                                        <property name="ellipse" class="ptolemy.vergil.kernel.attributes.EllipseAttribute">
                                                            <property name="_location" class="ptolemy.kernel.util.Location" value="[0.0, 0.0]">
                                                            </property>
                                                            <property name="width" class="ptolemy.data.expr.Parameter" value="20">
                                                            </property>
                                                            <property name="height" class="ptolemy.data.expr.Parameter" value="20">
                                                            </property>
                                                            <property name="centered" class="ptolemy.data.expr.Parameter" value="true">
                                                            </property>
                                                            <property name="fillColor" class="ptolemy.actor.gui.ColorAttribute" value="{1.0, 1.0, 1.0, 1.0}">
                                                            </property>
                                                        </property>
                                                    </property>
                                                    <property name="_hideName" class="ptolemy.data.expr.SingletonParameter" value="true">
                                                    </property>
                                                    <property name="patternObject" class="ptolemy.actor.gt.PatternObjectAttribute" value="B">
                                                    </property>
                                                    <port name="input" class="ptolemy.actor.TypedIOPort">
                                                        <property name="input"/>
                                                        <property name="_location" class="ptolemy.kernel.util.Location" value="{20.0, 200.0}">
                                                        </property>
                                                        <property name="patternObject" class="ptolemy.actor.gt.PatternObjectAttribute" value="B.input">
                                                        </property>
                                                    </port>
                                                    <port name="output" class="ptolemy.actor.TypedIOPort">
                                                        <property name="output"/>
                                                        <property name="_location" class="ptolemy.kernel.util.Location" value="[570.0, 200.0]">
                                                        </property>
                                                        <property name="patternObject" class="ptolemy.actor.gt.PatternObjectAttribute" value="B.output">
                                                        </property>
                                                    </port>
                                                    <relation name="relation" class="ptolemy.actor.TypedIORelation">
                                                        <property name="width" class="ptolemy.data.expr.Parameter" value="1">
                                                        </property>
                                                    </relation>
                                                    <link port="input" relation="relation"/>
                                                    <link port="output" relation="relation"/>
                                                </entity>
                                                <relation name="relation2" class="ptolemy.actor.TypedIORelation">
                                                    <property name="width" class="ptolemy.data.expr.Parameter" value="1">
                                                    </property>
                                                    <vertex name="vertex1" value="[140.0, 125.0]">
                                                    </vertex>
                                                    <property name="patternObject" class="ptolemy.actor.gt.PatternObjectAttribute" value="relation">
                                                    </property>
                                                </relation>
                                                <link port="Barrier.input" relation="relation2"/>
                                                <link port="_A1_.output" relation="relation2"/>
                                                <link port="_B1_.input" relation="relation2"/>
                                            </entity>
                                        </group>
                                    </configure>
                                </entity>
                            </group>
                        </configure>
                    </entity>
                    <entity name="Esoteric" class="ptolemy.moml.EntityLibrary">
                        <configure>
                            <group>
                                <entity name="Exec" class="ptolemy.actor.lib.Exec">
                                </entity>
                                <entity name="CalInterpreter" class="ptolemy.caltrop.actors.CalInterpreter">
                                    <property name="_editorFactory" class="ptolemy.vergil.toolbox.TextEditorTableauFactory">
                                        <property name="attributeName" class="ptolemy.kernel.util.StringAttribute" value="calCode">
                                        </property>
                                    </property>
                                </entity>
                                <entity name="OrderedMerge" class="ptolemy.actor.lib.OrderedMerge">
                                </entity>
                                <entity name="RemoveNilTokens" class="ptolemy.actor.lib.RemoveNilTokens">
                                </entity>
                            </group>
                        </configure>
                    </entity>
                    <entity name="ExperimentalDomains" class="ptolemy.moml.EntityLibrary">
                        <configure>
                            <group>
                                <doc>Experimental Domains</doc>
                                <entity name="CellularAutomata" class="ptolemy.moml.EntityLibrary">
                                    <configure>
                                        <group>
                                            <doc>cellular automata actors</doc>
                                            <property name="CA Director" class="ptolemy.domains.ca.kernel.CADirector">
                                            </property>
                                            <entity name="2D Convolution" class="ptolemy.domains.ca.lib.CA2DConvolution">
                                            </entity>
                                            <entity name="CA Viewer" class="ptolemy.domains.ca.lib.gui.CAViewer">
                                                <property name="_windowProperties" class="ptolemy.actor.gui.WindowPropertiesAttribute">
                                                </property>
                                                <property name="_paneSize" class="ptolemy.actor.gui.SizeAttribute">
                                                </property>
                                            </entity>
                                        </group>
                                    </configure>
                                </entity>
                                <entity name="DDE" class="ptolemy.moml.EntityLibrary">
                                    <configure>
                                        <group>
                                            <doc>Distributed Discrete Event Domain</doc>
                                            <property name="DDE Director" class="ptolemy.domains.dde.kernel.DDEDirector">
                                            </property>
                                            <entity name="dde" class="ptolemy.moml.EntityLibrary">
                                                <configure>
                                                    <group>
                                                        <doc>Distributed Discrete Event actors</doc>
                                                        <entity name="DDESink" class="ptolemy.domains.dde.lib.DDESink">
                                                        </entity>
                                                        <entity name="DoubleFork" class="ptolemy.domains.dde.lib.DoubleFork">
                                                        </entity>
                                                        <entity name="Wire" class="ptolemy.domains.dde.lib.Wire">
                                                        </entity>
                                                    </group>
                                                </configure>
                                            </entity>
                                        </group>
                                    </configure>
                                </entity>
                                <entity name="Giotto" class="ptolemy.moml.EntityLibrary">
                                    <configure>
                                        <group>
                                            <doc>Giotto Domain</doc>
                                            <property name="CodeGenerator" class="ptolemy.domains.giotto.kernel.GiottoCodeGenerator">
                                            </property>
                                        </group>
                                    </configure>
                                </entity>
                                <entity name="PetriNet" class="ptolemy.moml.EntityLibrary">
                                    <configure>
                                        <group>
                                            <doc>Petri net actors</doc>
                                            <entity name="Place" class="ptolemy.domains.petrinet.kernel.Place">
                                            </entity>
                                            <entity name="PetriNetActor" class="ptolemy.domains.petrinet.kernel.PetriNetActor">
                                            </entity>
                                        </group>
                                    </configure>
                                </entity>
                                <entity name="PSDF" class="ptolemy.moml.EntityLibrary">
                                    <configure>
                                        <group>
                                            <doc>PSDF Domain</doc>
                                            <property name="PSDF Director" class="ptolemy.domains.psdf.kernel.PSDFDirector">
                                            </property>
                                        </group>
                                    </configure>
                                </entity>
                                <entity name="Pthales" class="ptolemy.moml.EntityLibrary">
                                    <configure>
                                        <group>
                                            <doc>PThales actors</doc>
                                            <entity name="PthalesGenericActor" class="ptolemy.domains.pthales.lib.PthalesGenericActor">
                                            </entity>
                                            <entity name="PthalesCompositeActor" class="ptolemy.domains.pthales.lib.PthalesCompositeActor">
                                            </entity>
                                            <entity name="PthalesAddHeaderActor" class="ptolemy.domains.pthales.lib.PthalesAddHeaderActor">
                                            </entity>
                                            <entity name="PthalesRemoveHeaderActor" class="ptolemy.domains.pthales.lib.PthalesRemoveHeaderActor">
                                            </entity>
                                        </group>
                                    </configure>
                                </entity>
                                <entity name="Ptides" class="ptolemy.moml.EntityLibrary">
                                    <configure>
                                        <group>
                                            <doc>Ptides actors</doc>
                                            <entity name="PtidesPlatform" class="ptolemy.domains.ptides.kernel.PtidesPlatform">
                                                <property name="_configurer" class="ptolemy.actor.gui.InsideEntityEditorPaneFactory">
                                                </property>
                                                <property name="_tableauFactory" class="ptolemy.actor.gui.LevelSkippingTableauFactory">
                                                </property>
                                                <property name="_location" class="ptolemy.kernel.util.Location" value="[230.0, 365.0]">
                                                </property>
                                                <property name="_icon" class="ptolemy.vergil.icon.EditorIcon">
                                                    <property name="_windowProperties" class="ptolemy.actor.gui.WindowPropertiesAttribute" value="{bounds={195, 129, 934, 634}, maximized=false}">
                                                    </property>
                                                    <property name="_vergilSize" class="ptolemy.actor.gui.SizeAttribute" value="[700, 524]">
                                                    </property>
                                                    <property name="_vergilZoomFactor" class="ptolemy.data.expr.ExpertParameter" value="4.0">
                                                    </property>
                                                    <property name="_vergilCenter" class="ptolemy.data.expr.ExpertParameter" value="{0.0, 0.0}">
                                                    </property>
                                                    <property name="rectangle" class="ptolemy.vergil.kernel.attributes.RectangleAttribute">
                                                        <property name="_location" class="ptolemy.kernel.util.Location" value="{10.0, 6.0}">
                                                        </property>
                                                        <property name="width" class="ptolemy.data.expr.Parameter" value="60">
                                                        </property>
                                                        <property name="height" class="ptolemy.data.expr.Parameter" value="40">
                                                        </property>
                                                        <property name="centered" class="ptolemy.data.expr.Parameter" value="true">
                                                        </property>
                                                        <property name="fillColor" class="ptolemy.actor.gui.ColorAttribute" value="{1.0,0.0,0.0,1.0}">
                                                        </property>
                                                        <property name="_renderFirst" class="ptolemy.kernel.util.SingletonAttribute">
                                                        </property>
                                                    </property>
                                                    <property name="rectangle2" class="ptolemy.vergil.kernel.attributes.RectangleAttribute">
                                                        <property name="_location" class="ptolemy.kernel.util.Location" value="{10.0, 6.0}">
                                                        </property>
                                                        <property name="width" class="ptolemy.data.expr.Parameter" value="56.0">
                                                        </property>
                                                        <property name="height" class="ptolemy.data.expr.Parameter" value="36.0">
                                                        </property>
                                                        <property name="centered" class="ptolemy.data.expr.Parameter" value="true">
                                                        </property>
                                                        <property name="fillColor" class="ptolemy.actor.gui.ColorAttribute" value="{0.8,0.8,0.8,1.0}">
                                                        </property>
                                                    </property>
                                                    <property name="rectangle3" class="ptolemy.vergil.kernel.attributes.RectangleAttribute">
                                                        <property name="_location" class="ptolemy.kernel.util.Location" value="{1.0, 4.0}">
                                                        </property>
                                                        <property name="width" class="ptolemy.data.expr.Parameter" value="10.0">
                                                        </property>
                                                        <property name="height" class="ptolemy.data.expr.Parameter" value="8.0">
                                                        </property>
                                                        <property name="centered" class="ptolemy.data.expr.Parameter" value="true">
                                                        </property>
                                                        <property name="fillColor" class="ptolemy.actor.gui.ColorAttribute" value="{1.0, 1.0, 1.0, 1.0}">
                                                        </property>
                                                        <property name="_renderLast" class="ptolemy.kernel.util.SingletonAttribute">
                                                        </property>
                                                    </property>
                                                    <property name="rectangle4" class="ptolemy.vergil.kernel.attributes.RectangleAttribute">
                                                        <property name="_location" class="ptolemy.kernel.util.Location" value="{1.0, 17.0}">
                                                        </property>
                                                        <property name="width" class="ptolemy.data.expr.Parameter" value="10.0">
                                                        </property>
                                                        <property name="height" class="ptolemy.data.expr.Parameter" value="8.0">
                                                        </property>
                                                        <property name="centered" class="ptolemy.data.expr.Parameter" value="true">
                                                        </property>
                                                        <property name="fillColor" class="ptolemy.actor.gui.ColorAttribute" value="{1.0, 1.0, 1.0, 1.0}">
                                                        </property>
                                                        <property name="_renderLast" class="ptolemy.kernel.util.SingletonAttribute">
                                                        </property>
                                                    </property>
                                                    <property name="rectangle5" class="ptolemy.vergil.kernel.attributes.RectangleAttribute">
                                                        <property name="_location" class="ptolemy.kernel.util.Location" value="{24.0, 12.0}">
                                                        </property>
                                                        <property name="width" class="ptolemy.data.expr.Parameter" value="10.0">
                                                        </property>
                                                        <property name="height" class="ptolemy.data.expr.Parameter" value="8.0">
                                                        </property>
                                                        <property name="centered" class="ptolemy.data.expr.Parameter" value="true">
                                                        </property>
                                                        <property name="fillColor" class="ptolemy.actor.gui.ColorAttribute" value="{1.0, 1.0, 1.0, 1.0}">
                                                        </property>
                                                        <property name="_renderLast" class="ptolemy.kernel.util.SingletonAttribute">
                                                        </property>
                                                    </property>
                                                    <property name="line" class="ptolemy.vergil.kernel.attributes.LineAttribute">
                                                        <property name="_location" class="ptolemy.kernel.util.Location" value="{13.0, 11.0}">
                                                        </property>
                                                        <property name="x" class="ptolemy.data.expr.Parameter" value="5.0">
                                                        </property>
                                                        <property name="y" class="ptolemy.data.expr.Parameter" value="0.0">
                                                        </property>
                                                    </property>
                                                    <property name="line2" class="ptolemy.vergil.kernel.attributes.LineAttribute">
                                                        <property name="_location" class="ptolemy.kernel.util.Location" value="{7.0, 4.0}">
                                                        </property>
                                                        <property name="x" class="ptolemy.data.expr.Parameter" value="5.0">
                                                        </property>
                                                        <property name="y" class="ptolemy.data.expr.Parameter" value="0.0">
                                                        </property>
                                                    </property>
                                                    <property name="line3" class="ptolemy.vergil.kernel.attributes.LineAttribute">
                                                        <property name="_location" class="ptolemy.kernel.util.Location" value="{7.0, 17.0}">
                                                        </property>
                                                        <property name="x" class="ptolemy.data.expr.Parameter" value="5.0">
                                                        </property>
                                                        <property name="y" class="ptolemy.data.expr.Parameter" value="0.0">
                                                        </property>
                                                    </property>
                                                    <property name="line4" class="ptolemy.vergil.kernel.attributes.LineAttribute">
                                                        <property name="_location" class="ptolemy.kernel.util.Location" value="{13.0, 4.0}">
                                                        </property>
                                                        <property name="x" class="ptolemy.data.expr.Parameter" value="0.0">
                                                        </property>
                                                        <property name="y" class="ptolemy.data.expr.Parameter" value="13.0">
                                                        </property>
                                                    </property>
                                                    <property name="line5" class="ptolemy.vergil.kernel.attributes.LineAttribute">
                                                        <property name="_location" class="ptolemy.kernel.util.Location" value="{30.0, 11.0}">
                                                        </property>
                                                        <property name="x" class="ptolemy.data.expr.Parameter" value="5.0">
                                                        </property>
                                                        <property name="y" class="ptolemy.data.expr.Parameter" value="0.0">
                                                        </property>
                                                    </property>
                                                    <property name="rectangle6" class="ptolemy.vergil.kernel.attributes.RectangleAttribute">
                                                        <property name="_location" class="ptolemy.kernel.util.Location" value="{-16.0, 4.0}">
                                                        </property>
                                                        <property name="width" class="ptolemy.data.expr.Parameter" value="4.0">
                                                        </property>
                                                        <property name="height" class="ptolemy.data.expr.Parameter" value="4.0">
                                                        </property>
                                                        <property name="centered" class="ptolemy.data.expr.Parameter" value="true">
                                                        </property>
                                                        <property name="fillColor" class="ptolemy.actor.gui.ColorAttribute" value="{0.0,0.0,0.0,1.0}">
                                                        </property>
                                                        <property name="_renderLast" class="ptolemy.kernel.util.SingletonAttribute">
                                                        </property>
                                                    </property>
                                                    <property name="line6" class="ptolemy.vergil.kernel.attributes.LineAttribute">
                                                        <property name="_location" class="ptolemy.kernel.util.Location" value="{-14.0, 4.0}">
                                                        </property>
                                                        <property name="x" class="ptolemy.data.expr.Parameter" value="10.0">
                                                        </property>
                                                        <property name="y" class="ptolemy.data.expr.Parameter" value="0.0">
                                                        </property>
                                                    </property>
                                                    <property name="rectangle7" class="ptolemy.vergil.kernel.attributes.RectangleAttribute">
                                                        <property name="_location" class="ptolemy.kernel.util.Location" value="{36.0, 11.0}">
                                                        </property>
                                                        <property name="width" class="ptolemy.data.expr.Parameter" value="4.0">
                                                        </property>
                                                        <property name="height" class="ptolemy.data.expr.Parameter" value="4.0">
                                                        </property>
                                                        <property name="centered" class="ptolemy.data.expr.Parameter" value="true">
                                                        </property>
                                                        <property name="fillColor" class="ptolemy.actor.gui.ColorAttribute" value="{0.0,0.0,0.0,1.0}">
                                                        </property>
                                                        <property name="_renderLast" class="ptolemy.kernel.util.SingletonAttribute">
                                                        </property>
                                                    </property>
                                                    <property name="ellipse" class="ptolemy.vergil.kernel.attributes.EllipseAttribute">
                                                        <property name="_location" class="ptolemy.kernel.util.Location" value="{29.0, -3.0}">
                                                        </property>
                                                        <property name="lineColor" class="ptolemy.actor.gui.ColorAttribute" value="{0.0,0.0,0.0,1.0}">
                                                        </property>
                                                        <property name="width" class="ptolemy.data.expr.Parameter" value="13.0">
                                                        </property>
                                                        <property name="height" class="ptolemy.data.expr.Parameter" value="13.0">
                                                        </property>
                                                        <property name="centered" class="ptolemy.data.expr.Parameter" value="true">
                                                        </property>
                                                        <property name="fillColor" class="ptolemy.actor.gui.ColorAttribute" value="{1.0,1.0,0.0,1.0}">
                                                        </property>
                                                    </property>
                                                    <property name="line7" class="ptolemy.vergil.kernel.attributes.LineAttribute">
                                                        <property name="_location" class="ptolemy.kernel.util.Location" value="{26.0, -5.0}">
                                                        </property>
                                                        <property name="x" class="ptolemy.data.expr.Parameter" value="3.0">
                                                        </property>
                                                        <property name="y" class="ptolemy.data.expr.Parameter" value="2.0">
                                                        </property>
                                                    </property>
                                                    <property name="line8" class="ptolemy.vergil.kernel.attributes.LineAttribute">
                                                        <property name="_location" class="ptolemy.kernel.util.Location" value="{29.0, -3.0}">
                                                        </property>
                                                        <property name="x" class="ptolemy.data.expr.Parameter" value="2.0">
                                                        </property>
                                                        <property name="y" class="ptolemy.data.expr.Parameter" value="-2.0">
                                                        </property>
                                                    </property>
                                                </property>
                                                <entity name="PtidesPlatformContents" class="ptolemy.domains.ptides.kernel.PtidesPlatform$PtidesPlatformContents">
                                                    <property name="PtidesDirector" class="ptolemy.domains.ptides.kernel.PtidesDirector">
                                                        <property name="_location" class="ptolemy.kernel.util.Location" value="[95.0, 65.0]">
                                                        </property>
                                                    </property>
                                                    <property name="_windowProperties" class="ptolemy.actor.gui.WindowPropertiesAttribute" value="{bounds={23, 47, 934, 634}, maximized=false}">
                                                    </property>
                                                    <property name="_vergilSize" class="ptolemy.actor.gui.SizeAttribute" value="[700, 524]">
                                                    </property>
                                                    <property name="_vergilZoomFactor" class="ptolemy.data.expr.ExpertParameter" value="1.0">
                                                    </property>
                                                    <property name="_vergilCenter" class="ptolemy.data.expr.ExpertParameter" value="{350.0, 262.0}">
                                                    </property>
                                                </entity>
                                            </entity>
                                        </group>
                                    </configure>
                                </entity>
                                <entity name="TimedMultitasking" class="ptolemy.moml.EntityLibrary">
                                    <configure>
                                        <group>
                                            <doc>TM actors</doc>
                                            <property name="SchedulePlotter" class="ptolemy.domains.tm.kernel.SchedulePlotter">
                                            </property>
                                            <entity name="TMCompositeFacade" class="ptolemy.domains.tm.lib.TMCompositeFacade">
                                            </entity>
                                        </group>
                                    </configure>
                                </entity>
                            </group>
                        </configure>
                    </entity>
                    <entity name="GraphTransformation" class="ptolemy.moml.EntityLibrary">
                        <configure>
                            <group>
                                <property name="TransformationAttribute" class="ptolemy.actor.gt.controller.TransformationAttribute">
                                    <configure>
                                        <entity name="ModelUpdater" class="ptolemy.actor.gt.controller.ModelUpdater">
                                        </entity>
                                    </configure>
                                </property>
                                <entity name="ModelCombine" class="ptolemy.actor.gt.ModelCombine">
                                </entity>
                                <entity name="ModelExecutor" class="ptolemy.actor.gt.ModelExecutor">
                                </entity>
                                <entity name="ModelGenerator" class="ptolemy.actor.gt.ModelGenerator">
                                </entity>
                                <entity name="ModelView" class="ptolemy.actor.gt.ModelView">
                                </entity>
                                <entity name="ModelUpdater" class="ptolemy.actor.gt.controller.ModelUpdater">
                                </entity>
                                <entity name="MoMLGenerator" class="ptolemy.actor.gt.MoMLGenerator">
                                </entity>
                                <entity name="TransformationController" class="ptolemy.actor.gt.controller.TransformationController">
                                </entity>
                                <entity name="TransformationRule" class="ptolemy.actor.gt.TransformationRule">
                                </entity>
                            </group>
                        </configure>
                    </entity>
                    <entity name="Python" class="ptolemy.moml.EntityLibrary">
                        <configure>
                            <group>
                                <doc>Python actors</doc>
                                <entity name="PythonActor" class="ptolemy.actor.lib.python.PythonScript">
                                    <property name="script" class="ptolemy.kernel.util.StringAttribute" value="class Main :&#10;  &quot;scale&quot;&#10;  def fire(self) :&#10;    if not self.input.hasToken(0) :&#10;      return&#10;    s = self.scale.getToken()&#10;    t = self.input.get(0)&#10;    self.output.broadcast(s.multiply(t))&#10;&#10;">
                                        <property name="style" class="ptolemy.actor.gui.style.NoteStyle">
                                            <property name="note" class="ptolemy.kernel.util.StringAttribute" value="NOTE: To see the script, invoke Open Actor">
                                            </property>
                                        </property>
                                    </property>
                                    <property name="_tableauFactory" class="ptolemy.vergil.toolbox.TextEditorTableauFactory">
                                        <property name="attributeName" class="ptolemy.kernel.util.StringAttribute" value="script">
                                        </property>
                                        <property name="syntaxStyle" class="ptolemy.kernel.util.StringAttribute" value="text/python">
                                        </property>
                                    </property>
                                    <port name="input" class="ptolemy.actor.TypedIOPort">
                                        <property name="input"/>
                                    </port>
                                    <port name="output" class="ptolemy.actor.TypedIOPort">
                                        <property name="output"/>
                                    </port>
                                </entity>
                                <entity name="PythonScript" class="ptolemy.actor.lib.python.PythonScript">
                                    <property name="_editorFactory" class="ptolemy.vergil.toolbox.TextEditorConfigureFactory">
                                        <property name="attributeName" class="ptolemy.kernel.util.StringAttribute" value="script">
                                        </property>
                                    </property>
                                </entity>
                            </group>
                        </configure>
                    </entity>
                    <entity name="RegressionTest" class="ptolemy.moml.EntityLibrary">
                        <configure>
                            <group>
                                <property name="TesterDirector" class="ptolemy.domains.tester.kernel.TesterDirector">
                                </property>
                                <property name="TestExceptionAttribute" class="ptolemy.actor.lib.TestExceptionAttribute">
                                </property>
                                <entity name="GetCausalityInterface" class="ptolemy.actor.lib.GetCausalityInterface">
                                </entity>
                                <entity name="CurrentMicrostep" class="ptolemy.actor.lib.CurrentMicrostep">
                                </entity>
                                <entity name="NonStrictTest" class="ptolemy.actor.lib.NonStrictTest">
                                </entity>
                                <entity name="Test" class="ptolemy.actor.lib.Test">
                                </entity>
                                <entity name="TestActorPortDepth" class="ptolemy.domains.de.lib.TestActorPortDepth">
                                </entity>
                                <entity name="TypeTest" class="ptolemy.actor.lib.TypeTest">
                                </entity>
                            </group>
                        </configure>
                    </entity>
                    <entity name="Security" class="ptolemy.moml.EntityLibrary">
                        <configure>
                            <group>
                                <entity name="KeyWriter" class="ptolemy.actor.lib.security.KeyWriter">
                                    <doc>Read a secret key or public key and write it to a key store.&#10;	   </doc>
                                </entity>
                                <entity name="PublicKeyReader" class="ptolemy.actor.lib.security.PublicKeyReader">
                                    <doc>Read a public key from a key store and output it.</doc>
                                </entity>
                                <entity name="PrivateKeyReader" class="ptolemy.actor.lib.security.PrivateKeyReader">
                                    <doc>Read a private key from a key store and output it.</doc>
                                </entity>
                                <entity name="SecretKey" class="ptolemy.actor.lib.security.SecretKey">
                                    <doc>Create a secret key and output it.</doc>
                                </entity>
                                <entity name="SecretKeyReader" class="ptolemy.actor.lib.security.SecretKeyReader">
                                    <doc>Read a secret key from a key store and output it.</doc>
                                </entity>
                                <entity name="SignatureSigner" class="ptolemy.actor.lib.security.SignatureSigner">
                                    <doc>Creates a signature for the given piece of data and&#10;	  creates the key to be sent to the signature verifier.</doc>
                                </entity>
                                <entity name="SignatureVerifier" class="ptolemy.actor.lib.security.SignatureVerifier">
                                    <doc>Receives a key from an AsymmetricDecryption actor and&#10;          uses it to encrypt a data input based on a given asymmetric&#10;          algorithm.</doc>
                                </entity>
                                <entity name="SymmetricDecryption" class="ptolemy.actor.lib.security.SymmetricDecryption">
                                    <doc>Receives a key from a SymmetricEncryption actor and&#10;          uses it to decrypt a data input based on a given symmetric&#10;          algorithm.</doc>
                                </entity>
                                <entity name="SymmetricEncryption" class="ptolemy.actor.lib.security.SymmetricEncryption">
                                    <doc>Creates and sends a key to a SymmetricDecryption and&#10;	  encrypts incoming data based on a given symmetric&#10;	  algorithm.</doc>
                                </entity>
                                <entity name="SymmetricCrypto" class="ptolemy.actor.lib.security.SymmetricCrypto">
                                    <doc>Perform symmetric encryption or decryption using a given key.</doc>
                                </entity>
                            </group>
                        </configure>
                    </entity>
                    <entity name="Wireless" class="ptolemy.moml.EntityLibrary">
                        <configure>
                            <group>
                                <doc>Wireless/Sensor network library</doc>
                                <property name="WirelessDirector" class="ptolemy.domains.wireless.kernel.WirelessDirector">
                                </property>
                                <entity name="WirelessActors" class="ptolemy.moml.EntityLibrary">
                                    <configure>
                                        <group>
                                            <doc>Wireless domain actors</doc>
                                            <entity name="CollisionDetector" class="ptolemy.domains.wireless.lib.CollisionDetector">
                                            </entity>
                                            <entity name="GetProperties" class="ptolemy.domains.wireless.lib.GetProperties">
                                            </entity>
                                            <entity name="GraphicalLocator" class="ptolemy.domains.wireless.lib.GraphicalLocator">
                                            </entity>
                                            <entity name="Locator" class="ptolemy.domains.wireless.lib.Locator">
                                            </entity>
                                            <entity name="NodeRandomizer" class="ptolemy.domains.wireless.lib.NodeRandomizer">
                                            </entity>
                                            <entity name="TerrainProperty" class="ptolemy.domains.wireless.lib.TerrainProperty">
                                                <property name="_icon" class="ptolemy.vergil.icon.EditorIcon">
                                                    <property name="terrain" class="ptolemy.domains.wireless.lib.TerrainProperty$1">
                                                        <property name="width" class="ptolemy.data.expr.Parameter" value="3.0">
                                                        </property>
                                                    </property>
                                                </property>
                                            </entity>
                                            <entity name="LinkVisualizer" class="ptolemy.domains.wireless.lib.LinkVisualizer">
                                            </entity>
                                            <entity name="TransmitPropertyTransformer" class="ptolemy.domains.wireless.lib.TransmitPropertyTransformer">
                                            </entity>
                                            <entity name="Triangulator" class="ptolemy.domains.wireless.lib.Triangulator">
                                            </entity>
                                            <entity name="WirelessComposite" class="ptolemy.domains.wireless.kernel.WirelessComposite">
                                                <property name="DEDirector" class="ptolemy.domains.de.kernel.DEDirector">
                                                    <property name="_location" class="ptolemy.kernel.util.Location" value="[70.0, 35.0]">
                                                    </property>
                                                </property>
                                            </entity>
                                            <entity name="WiredToWireless" class="ptolemy.domains.wireless.lib.WiredToWireless">
                                            </entity>
                                            <entity name="WirelessToWired" class="ptolemy.domains.wireless.lib.WirelessToWired">
                                            </entity>
                                        </group>
                                    </configure>
                                </entity>
                                <entity name="WirelessChannels" class="ptolemy.moml.EntityLibrary">
                                    <configure>
                                        <group>
                                            <doc>Wireless domain channels</doc>
                                            <entity name="AtomicWirelessChannel" class="ptolemy.domains.wireless.kernel.AtomicWirelessChannel">
                                            </entity>
                                            <entity name="DelayChannel" class="ptolemy.domains.wireless.lib.DelayChannel">
                                            </entity>
                                            <entity name="LimitedRangeChannel" class="ptolemy.domains.wireless.lib.LimitedRangeChannel">
                                            </entity>
                                            <entity name="ErasureChannel" class="ptolemy.domains.wireless.lib.ErasureChannel">
                                            </entity>
                                            <entity name="PowerLossChannel" class="ptolemy.domains.wireless.lib.PowerLossChannel">
                                            </entity>
                                        </group>
                                    </configure>
                                </entity>
                            </group>
                        </configure>
                    </entity>
                    <entity name="XML" class="ptolemy.moml.EntityLibrary">
                        <configure>
                            <group>
                                <entity name="StringToXML" class="ptolemy.actor.lib.conversions.StringToXML">
                                </entity>
                                <entity name="XSLTransformer" class="ptolemy.actor.lib.xslt.XSLTransformer">
                                </entity>
                                <entity name="XMLInclusion" class="ptolemy.actor.lib.xslt.XMLInclusion">
                                </entity>
                            </group>
                        </configure>
                    </entity>
                </group>
            </configure>
        </entity>
    </entity>
    <entity name="icon editor library" class="ptolemy.kernel.CompositeEntity">
        <property name="_libraryMarker" class="ptolemy.kernel.util.SingletonAttribute">
        </property>
        <property name="Annotation" class="ptolemy.vergil.kernel.attributes.TextAttribute">
            <property name="textColor" class="ptolemy.actor.gui.ColorAttribute" value="{0.0, 0.0, 0.0, 1.0}">
            </property>
        </property>
        <property name="ellipse" class="ptolemy.vergil.kernel.attributes.EllipseAttribute">
            <property name="width" class="ptolemy.data.expr.Parameter" value="30">
            </property>
            <property name="height" class="ptolemy.data.expr.Parameter" value="30">
            </property>
            <property name="centered" class="ptolemy.data.expr.Parameter" value="true">
            </property>
            <property name="fillColor" class="ptolemy.actor.gui.ColorAttribute" value="{1.0, 1.0, 1.0, 1.0}">
            </property>
        </property>
        <property name="arc" class="ptolemy.vergil.kernel.attributes.ArcAttribute">
            <property name="width" class="ptolemy.data.expr.Parameter" value="30">
            </property>
            <property name="height" class="ptolemy.data.expr.Parameter" value="30">
            </property>
            <property name="centered" class="ptolemy.data.expr.Parameter" value="true">
            </property>
            <property name="fillColor" class="ptolemy.actor.gui.ColorAttribute" value="{1.0, 1.0, 1.0, 1.0}">
            </property>
        </property>
        <property name="image" class="ptolemy.vergil.kernel.attributes.ImageAttribute">
        </property>
        <property name="line" class="ptolemy.vergil.kernel.attributes.LineAttribute">
            <property name="x" class="ptolemy.data.expr.Parameter" value="40.0">
            </property>
            <property name="y" class="ptolemy.data.expr.Parameter" value="0.0">
            </property>
        </property>
        <property name="Arrow" class="ptolemy.vergil.kernel.attributes.ArrowAttribute">
            <property name="x" class="ptolemy.data.expr.Parameter" value="40.0">
            </property>
            <property name="y" class="ptolemy.data.expr.Parameter" value="0.0">
            </property>
        </property>
        <property name="polygon" class="ptolemy.vergil.kernel.attributes.ResizablePolygonAttribute">
            <property name="width" class="ptolemy.data.expr.Parameter" value="35">
            </property>
            <property name="height" class="ptolemy.data.expr.Parameter" value="20">
            </property>
            <property name="centered" class="ptolemy.data.expr.Parameter" value="true">
            </property>
            <property name="fillColor" class="ptolemy.actor.gui.ColorAttribute" value="{1.0, 1.0, 1.0, 1.0}">
            </property>
            <property name="vertices" class="ptolemy.data.expr.Parameter" value="{0.0, 0.0, 20.0, 0.0, 5.0, 20.0, -15.0, 20.0}">
            </property>
        </property>
        <property name="rectangle" class="ptolemy.vergil.kernel.attributes.RectangleAttribute">
            <property name="width" class="ptolemy.data.expr.Parameter" value="60">
            </property>
            <property name="height" class="ptolemy.data.expr.Parameter" value="40">
            </property>
            <property name="centered" class="ptolemy.data.expr.Parameter" value="true">
            </property>
            <property name="fillColor" class="ptolemy.actor.gui.ColorAttribute" value="{1.0, 1.0, 1.0, 1.0}">
            </property>
        </property>
        <property name="ParameterValue" class="ptolemy.vergil.kernel.attributes.AttributeValueAttribute">
            <property name="attributeName" class="ptolemy.kernel.util.StringAttribute">
            </property>
            <property name="displayWidth" class="ptolemy.data.expr.Parameter" value="6">
            </property>
        </property>
        <property name="ParameterExpression" class="ptolemy.vergil.kernel.attributes.AttributeExpressionAttribute">
            <property name="attributeName" class="ptolemy.kernel.util.StringAttribute">
            </property>
            <property name="displayWidth" class="ptolemy.data.expr.Parameter" value="6">
            </property>
        </property>
    </entity>
</entity>

/home/travis/build/icyphy/ptII/ptolemy/configs/test/missingDemos.tcl
Updating /home/travis/build/icyphy/ptII/ptolemy/configs/test/../../../ptolemy/configs/doc/models.txt.  This could take a minute.


==== $PTII/ptolemy/configs/test/missingDemos.tcl: missingDemos-0.5 Update ptolemy/configs/doc/models.txt
==== Contents of test case:

    puts "Updating $PTII/ptolemy/configs/doc/models.txt.  This could take a minute."
    exec -stderrok make -C ../doc update
    puts "Done updating $PTII/ptolemy/configs/doc/models.txt"
    file exists ../doc/models.txt

==== Test generated error:
make: Entering directory `/home/travis/build/icyphy/ptII/ptolemy/configs/doc'
(cd ../../../ptolemy/configs/capecode; make capecodeModels.txt)
make[1]: Entering directory `/home/travis/build/icyphy/ptII/ptolemy/configs/capecode'
DISPLAY="" "/usr/lib/jvm/java-8-oracle/bin/java" "-Dptolemy.ptII.dir=/home/travis/build/icyphy/ptII" \
		-classpath "../../..::/home/travis/build/icyphy/ptII/ptolemy/actor/ptalon/antlr/antlr.jar::/home/travis/build/icyphy/ptII/lib/jetty-all-8.1.5-v20120716.jar:/home/travis/build/icyphy/ptII/lib/javax.servlet-api-3.0.1.jar:/home/travis/build/icyphy/ptII/lib/smack.jar:/home/travis/build/icyphy/ptII/lib/smackx.jar::/usr/lib/eclipse/plugins/org.eclipse.jdt.core_3.8.2.dist.jar:/usr/lib/eclipse/plugins/org.eclipse.core.runtime_3.8.0.dist.jar:/usr/lib/eclipse/plugins/org.eclipse.osgi_3.8.1.dist.jar:/usr/lib/eclipse/plugins/org.eclipse.core.resources_3.8.1.dist.jar:/usr/lib/eclipse/plugins/org.eclipse.equinox.common_3.6.100.dist.jar:/usr/lib/eclipse/plugins/org.eclipse.core.jobs_3.5.200.dist.jar:/usr/lib/eclipse/plugins/org.eclipse.core.contenttype_3.4.200.dist.jar:/usr/lib/eclipse/plugins/org.eclipse.equinox.preferences_3.5.0.dist.jar:/usr/lib/eclipse/plugins/org.eclipse.text_3.5.200.dist.jar:/usr/lib/eclipse/plugins/org.eclipse.ui.workbench_3.8.1.dist.jar:/usr/lib/eclipse/plugins/org.eclipse.jface_3.8.0.dist.jar:/usr/lib/eclipse/plugins/org.eclipse.swt_3.8.2.jar:/usr/lib/eclipse/plugins/org.eclipse.jface.text_3.8.1.dist.jar:/usr/lib/eclipse/plugins/org.eclipse.ui.workbench.texteditor_3.8.0.dist.jar:/usr/lib/eclipse/plugins/org.eclipse.ui.editors_3.8.0.dist.jar:/usr/lib/eclipse/plugins/org.eclipse.core.commands_3.6.1.dist.jar:/usr/lib/eclipse/plugins/org.eclipse.equinox.registry_3.5.200.dist.jar:/usr/lib/eclipse/plugins/org.eclipse.ui.console_3.5.100.dist.jar:/usr/lib/eclipse/plugins/org.eclipse.ui.forms_3.5.200.dist.jar:/usr/lib/eclipse/plugins/org.eclipse.ui.ide_3.8.1.dist.jar::/usr/lib/eclipse/plugins/org.eclipse.core.commands_3.6.1.dist.jar:/usr/lib/eclipse/plugins/org.eclipse.equinox.registry_3.5.200.dist.jar:/usr/lib/eclipse/plugins/org.eclipse.jface_3.8.0.dist.jar:/usr/lib/eclipse/plugins/org.eclipse.jface.text_3.8.1.dist.jar:/usr/lib/eclipse/plugins/org.eclipse.ui.workbench_3.8.1.dist.jar:/usr/lib/eclipse/plugins/org.eclipse.ui.workbench.texteditor_3.8.0.dist.jar:/usr/lib/eclipse/plugins/org.eclipse.ui.console_3.5.100.dist.jar:/usr/lib/eclipse/plugins/org.eclipse.ui.editors_3.8.0.dist.jar:/usr/lib/eclipse/plugins/org.eclipse.text_3.5.200.dist.jar:/usr/lib/eclipse/plugins/org.eclipse.ui.forms_3.5.200.dist.jar:/usr/lib/eclipse/plugins/org.eclipse.ui.ide_3.8.1.dist.jar:/usr/lib/eclipse/plugins/org.eclipse.swt_3.8.2.jar:/home/travis/build/icyphy/ptII/lib/bsh-2.0b4.jar:/home/travis/build/icyphy/ptII/lib/ptcolt.jar::/home/travis/build/icyphy/ptII/vendors/oracle/dbxml.jar:/home/travis/build/icyphy/ptII/vendors/oracle/db.jar:/home/travis/build/icyphy/ptII/lib/nrjavaserial-3.11.0.devel.jar:/home/travis/build/icyphy/ptII/lib/diva.jar:/home/travis/build/icyphy/ptII/lib/ptCal.jar:/home/travis/build/icyphy/ptII/lib/saxon8.jar:/home/travis/build/icyphy/ptII/lib/saxon8-dom.jar:/home/travis/build/icyphy/ptII/lib/java_cup.jar:/home/travis/build/icyphy/ptII/vendors/jai-1_1_2_01/lib/jai_core.jar:/home/travis/build/icyphy/ptII/vendors/jai-1_1_2_01/lib/jai_codec.jar:/usr/share/java/j3dcore.jar:/usr/share/java/j3dutils.jar:/usr/share/java/vecmath.jar::/home/travis/build/icyphy/ptII/lib/javax.mail.jar::/home/travis/build/icyphy/ptII/lib/jcerti.jar:/home/travis/build/icyphy/ptII/ptolemy/distributed/jini/jar/jini-core.jar:/home/travis/build/icyphy/ptII/ptolemy/distributed/jini/jar/jini-ext.jar:/home/travis/build/icyphy/ptII/vendors/JMF-2.1.1e/lib/jmf.jar:/home/travis/build/icyphy/ptII/lib/jna-4.0.0-variadic.jar::/home/travis/build/icyphy/ptII/vendors/misc/joystick/Joystick.jar:/home/travis/build/icyphy/ptII/lib/jsoup-1.8.2.jar:/home/travis/build/icyphy/ptII/ptolemy/actor/lib/excel/jxl.jar:/home/travis/build/icyphy/ptII/lib/junit-4.8.2.jar:/home/travis/build/icyphy/ptII/lib/JUnitParams-0.4.0.jar:/home/travis/build/icyphy/ptII/lib/jython.jar:/home/travis/build/icyphy/ptII/lib/kieler.jar:/home/travis/build/icyphy/ptII/vendors/opencv/share/OpenCV/java/opencv-341.jar:::/home/travis/build/icyphy/ptII/lib/oscP5.jar:/usr/lib/jvm/java-8-oracle/jre/../lib/tools.jar:/home/travis/build/icyphy/ptII/lib/mapss.jar:/home/travis/build/icyphy/ptII/ptolemy/domains/ptinyos/lib/jdom.jar:/home/travis/build/icyphy/ptII/ptolemy/domains/ptinyos/lib/nesc.jar:/home/travis/build/icyphy/ptII/lib/g4ltl.jar::/home/travis/build/icyphy/ptII/lib/org-openide-util.jar:/home/travis/build/icyphy/ptII/lib/org-openide-util-lookup.jar:/home/travis/build/icyphy/ptII/lib/org-netbeans-api-visual.jar:/home/travis/build/icyphy/ptII/vendors/misc/itext/iText.jar:/home/travis/build/icyphy/ptII/lib/ptjacl.jar:/home/travis/build/icyphy/ptII/lib/jetty-all-8.1.5-v20120716.jar::/home/travis/build/icyphy/ptII/lib/org.eclipse.paho.client.mqttv3.jar::/home/travis/build/icyphy/ptII/lib/JRI.jar:/home/travis/build/icyphy/ptII/lib/commons-lang-2.6.jar:/home/travis/build/icyphy/ptII/lib/commons-logging-1.1.1.jar:/home/travis/build/icyphy/ptII/lib/PDFRenderer.jar:/home/travis/build/icyphy/ptII/lib/protobuf-java-2.4.1.jar:/home/travis/build/icyphy/ptII/lib/slf4j-api-1.7.13.jar:/home/travis/build/icyphy/ptII/lib/slf4j-simple-1.7.13.jar::/home/travis/build/icyphy/ptII/ptserver/lib/hessian-4.0.7.jar:/home/travis/build/icyphy/ptII/lib/jetty-all-8.1.5-v20120716.jar:/home/travis/build/icyphy/ptII/lib/javax.servlet-api-3.0.1.jar:/home/travis/build/icyphy/ptII/ptserver/lib/wmqtt.jar:/home/travis/build/icyphy/ptII/lib/javax.servlet-api-3.0.1.jar::/home/travis/build/icyphy/ptII/vendors/misc/sphinx4/sphinx4-data-5prealpha.jar:/home/travis/build/icyphy/ptII/vendors/misc/sphinx4/sphinx4-core-5prealpha.jar:space/space.jar:/home/travis/build/icyphy/ptII/lib/StructuralCoder.jar:/home/travis/build/icyphy/ptII/lib/svgSalamander.jar:/home/travis/build/icyphy/ptII/lib/rsyntaxtextarea-2.6.0-SNAPSHOT.jar:/home/travis/build/icyphy/ptII/ptolemy/domains/ptinyos/lib/jdom.jar:/home/travis/build/icyphy/ptII/ptolemy/domains/ptinyos/lib/nesc.jar::/home/travis/build/icyphy/ptII/lib/hazelcast-3.8.2.jar:/home/travis/build/icyphy/ptII/lib/jackson-annotations-2.9.0.jar:/home/travis/build/icyphy/ptII/lib/jackson-core-2.9.3.jar:/home/travis/build/icyphy/ptII/lib/jackson-databind-2.9.3.jar:/home/travis/build/icyphy/ptII/lib/netty-buffer-4.1.19.Final.jar:/home/travis/build/icyphy/ptII/lib/netty-codec-4.1.19.Final.jar:/home/travis/build/icyphy/ptII/lib/netty-codec-dns-4.1.19.Final.jar:/home/travis/build/icyphy/ptII/lib/netty-codec-http-4.1.19.Final.jar:/home/travis/build/icyphy/ptII/lib/netty-codec-http2-4.1.19.Final.jar:/home/travis/build/icyphy/ptII/lib/netty-common-4.1.19.Final.jar:/home/travis/build/icyphy/ptII/lib/netty-handler-4.1.19.Final.jar:/home/travis/build/icyphy/ptII/lib/netty-resolver-4.1.19.Final.jar:/home/travis/build/icyphy/ptII/lib/netty-resolver-dns-4.1.19.Final.jar:/home/travis/build/icyphy/ptII/lib/netty-transport-4.1.19.Final.jar:/home/travis/build/icyphy/ptII/lib/vertx-codegen-3.5.1.jar:/home/travis/build/icyphy/ptII/lib/vertx-core-3.5.1.jar:/home/travis/build/icyphy/ptII/lib/vertx-hazelcast-3.5.1.jar:/home/travis/build/icyphy/ptII/lib/vertx-lang-js-3.5.1.jar:/home/travis/build/icyphy/ptII/lib/vertx-service-proxy-3.5.1.jar:/home/travis/build/icyphy/ptII/lib/vertx-web-3.5.1.jar:/home/travis/build/icyphy/ptII/lib/webcam-capture-0.3.12.jar:/home/travis/build/icyphy/ptII/lib/bridj-0.7.0.jar:/home/travis/build/icyphy/ptII/lib/xbjlib-1.1.0.nrjavaserial.jar:/home/travis/build/icyphy/ptII/lib/sootclasses.jar::/usr/lib/jvm/java-8-oracle/jre/lib/rt.jar:/usr/lib/jvm/java-8-oracle/jre/lib/jce.jar" \
		ptolemy.actor.gui.HTMLAbout demonstrations.htm capecodeModels.txt
Printing '.' for regular models, 'P' for models with LiveLinks.
..PJSAccessor: PT_NO_NET environment variable is set, so git pull and ptdoc are not being run.
No physical cameras found, using WebcamDummyDriver.
.P.P.P.P.P...PClipPlayerHelper: failed to instantiate a JFXPanel, which can happen if a graphical display is not present: java.lang.UnsupportedOperationException: Unable to open DISPLAY
.P..P.P...P.....P..P..P.P.P..P..P...P...P.P..P..P...P.P.P.P..P.P..LC_ALL=C sort -f capecodeModels.txt  > capecodeModels.txt.sorted
mv capecodeModels.txt.sorted capecodeModels.txt
make[1]: Leaving directory `/home/travis/build/icyphy/ptII/ptolemy/configs/capecode'
#
# Starting to build models.txt: Thu Apr 19 06:10:02 UTC 2018
#
# See https://chess.eecs.berkeley.edu/ptexternal/wiki/Main/Finalizers for why we set DISPLAY
DISPLAY="" "/usr/lib/jvm/java-8-oracle/bin/java"  -Xmx1500m "-Dptolemy.ptII.dir=/home/travis/build/icyphy/ptII" \
		-classpath "../../..::/home/travis/build/icyphy/ptII/ptolemy/actor/ptalon/antlr/antlr.jar::/home/travis/build/icyphy/ptII/lib/jetty-all-8.1.5-v20120716.jar:/home/travis/build/icyphy/ptII/lib/javax.servlet-api-3.0.1.jar:/home/travis/build/icyphy/ptII/lib/smack.jar:/home/travis/build/icyphy/ptII/lib/smackx.jar::/usr/lib/eclipse/plugins/org.eclipse.jdt.core_3.8.2.dist.jar:/usr/lib/eclipse/plugins/org.eclipse.core.runtime_3.8.0.dist.jar:/usr/lib/eclipse/plugins/org.eclipse.osgi_3.8.1.dist.jar:/usr/lib/eclipse/plugins/org.eclipse.core.resources_3.8.1.dist.jar:/usr/lib/eclipse/plugins/org.eclipse.equinox.common_3.6.100.dist.jar:/usr/lib/eclipse/plugins/org.eclipse.core.jobs_3.5.200.dist.jar:/usr/lib/eclipse/plugins/org.eclipse.core.contenttype_3.4.200.dist.jar:/usr/lib/eclipse/plugins/org.eclipse.equinox.preferences_3.5.0.dist.jar:/usr/lib/eclipse/plugins/org.eclipse.text_3.5.200.dist.jar:/usr/lib/eclipse/plugins/org.eclipse.ui.workbench_3.8.1.dist.jar:/usr/lib/eclipse/plugins/org.eclipse.jface_3.8.0.dist.jar:/usr/lib/eclipse/plugins/org.eclipse.swt_3.8.2.jar:/usr/lib/eclipse/plugins/org.eclipse.jface.text_3.8.1.dist.jar:/usr/lib/eclipse/plugins/org.eclipse.ui.workbench.texteditor_3.8.0.dist.jar:/usr/lib/eclipse/plugins/org.eclipse.ui.editors_3.8.0.dist.jar:/usr/lib/eclipse/plugins/org.eclipse.core.commands_3.6.1.dist.jar:/usr/lib/eclipse/plugins/org.eclipse.equinox.registry_3.5.200.dist.jar:/usr/lib/eclipse/plugins/org.eclipse.ui.console_3.5.100.dist.jar:/usr/lib/eclipse/plugins/org.eclipse.ui.forms_3.5.200.dist.jar:/usr/lib/eclipse/plugins/org.eclipse.ui.ide_3.8.1.dist.jar::/usr/lib/eclipse/plugins/org.eclipse.core.commands_3.6.1.dist.jar:/usr/lib/eclipse/plugins/org.eclipse.equinox.registry_3.5.200.dist.jar:/usr/lib/eclipse/plugins/org.eclipse.jface_3.8.0.dist.jar:/usr/lib/eclipse/plugins/org.eclipse.jface.text_3.8.1.dist.jar:/usr/lib/eclipse/plugins/org.eclipse.ui.workbench_3.8.1.dist.jar:/usr/lib/eclipse/plugins/org.eclipse.ui.workbench.texteditor_3.8.0.dist.jar:/usr/lib/eclipse/plugins/org.eclipse.ui.console_3.5.100.dist.jar:/usr/lib/eclipse/plugins/org.eclipse.ui.editors_3.8.0.dist.jar:/usr/lib/eclipse/plugins/org.eclipse.text_3.5.200.dist.jar:/usr/lib/eclipse/plugins/org.eclipse.ui.forms_3.5.200.dist.jar:/usr/lib/eclipse/plugins/org.eclipse.ui.ide_3.8.1.dist.jar:/usr/lib/eclipse/plugins/org.eclipse.swt_3.8.2.jar:/home/travis/build/icyphy/ptII/lib/bsh-2.0b4.jar:/home/travis/build/icyphy/ptII/lib/ptcolt.jar::/home/travis/build/icyphy/ptII/vendors/oracle/dbxml.jar:/home/travis/build/icyphy/ptII/vendors/oracle/db.jar:/home/travis/build/icyphy/ptII/lib/nrjavaserial-3.11.0.devel.jar:/home/travis/build/icyphy/ptII/lib/diva.jar:/home/travis/build/icyphy/ptII/lib/ptCal.jar:/home/travis/build/icyphy/ptII/lib/saxon8.jar:/home/travis/build/icyphy/ptII/lib/saxon8-dom.jar:/home/travis/build/icyphy/ptII/lib/java_cup.jar:/home/travis/build/icyphy/ptII/vendors/jai-1_1_2_01/lib/jai_core.jar:/home/travis/build/icyphy/ptII/vendors/jai-1_1_2_01/lib/jai_codec.jar:/usr/share/java/j3dcore.jar:/usr/share/java/j3dutils.jar:/usr/share/java/vecmath.jar::/home/travis/build/icyphy/ptII/lib/javax.mail.jar::/home/travis/build/icyphy/ptII/lib/jcerti.jar:/home/travis/build/icyphy/ptII/ptolemy/distributed/jini/jar/jini-core.jar:/home/travis/build/icyphy/ptII/ptolemy/distributed/jini/jar/jini-ext.jar:/home/travis/build/icyphy/ptII/vendors/JMF-2.1.1e/lib/jmf.jar:/home/travis/build/icyphy/ptII/lib/jna-4.0.0-variadic.jar::/home/travis/build/icyphy/ptII/vendors/misc/joystick/Joystick.jar:/home/travis/build/icyphy/ptII/lib/jsoup-1.8.2.jar:/home/travis/build/icyphy/ptII/ptolemy/actor/lib/excel/jxl.jar:/home/travis/build/icyphy/ptII/lib/junit-4.8.2.jar:/home/travis/build/icyphy/ptII/lib/JUnitParams-0.4.0.jar:/home/travis/build/icyphy/ptII/lib/jython.jar:/home/travis/build/icyphy/ptII/lib/kieler.jar:/home/travis/build/icyphy/ptII/vendors/opencv/share/OpenCV/java/opencv-341.jar:::/home/travis/build/icyphy/ptII/lib/oscP5.jar:/usr/lib/jvm/java-8-oracle/jre/../lib/tools.jar:/home/travis/build/icyphy/ptII/lib/mapss.jar:/home/travis/build/icyphy/ptII/ptolemy/domains/ptinyos/lib/jdom.jar:/home/travis/build/icyphy/ptII/ptolemy/domains/ptinyos/lib/nesc.jar:/home/travis/build/icyphy/ptII/lib/g4ltl.jar::/home/travis/build/icyphy/ptII/lib/org-openide-util.jar:/home/travis/build/icyphy/ptII/lib/org-openide-util-lookup.jar:/home/travis/build/icyphy/ptII/lib/org-netbeans-api-visual.jar:/home/travis/build/icyphy/ptII/vendors/misc/itext/iText.jar:/home/travis/build/icyphy/ptII/lib/ptjacl.jar:/home/travis/build/icyphy/ptII/lib/jetty-all-8.1.5-v20120716.jar::/home/travis/build/icyphy/ptII/lib/org.eclipse.paho.client.mqttv3.jar::/home/travis/build/icyphy/ptII/lib/JRI.jar:/home/travis/build/icyphy/ptII/lib/commons-lang-2.6.jar:/home/travis/build/icyphy/ptII/lib/commons-logging-1.1.1.jar:/home/travis/build/icyphy/ptII/lib/PDFRenderer.jar:/home/travis/build/icyphy/ptII/lib/protobuf-java-2.4.1.jar:/home/travis/build/icyphy/ptII/lib/slf4j-api-1.7.13.jar:/home/travis/build/icyphy/ptII/lib/slf4j-simple-1.7.13.jar::/home/travis/build/icyphy/ptII/ptserver/lib/hessian-4.0.7.jar:/home/travis/build/icyphy/ptII/lib/jetty-all-8.1.5-v20120716.jar:/home/travis/build/icyphy/ptII/lib/javax.servlet-api-3.0.1.jar:/home/travis/build/icyphy/ptII/ptserver/lib/wmqtt.jar:/home/travis/build/icyphy/ptII/lib/javax.servlet-api-3.0.1.jar::/home/travis/build/icyphy/ptII/vendors/misc/sphinx4/sphinx4-data-5prealpha.jar:/home/travis/build/icyphy/ptII/vendors/misc/sphinx4/sphinx4-core-5prealpha.jar:space/space.jar:/home/travis/build/icyphy/ptII/lib/StructuralCoder.jar:/home/travis/build/icyphy/ptII/lib/svgSalamander.jar:/home/travis/build/icyphy/ptII/lib/rsyntaxtextarea-2.6.0-SNAPSHOT.jar:/home/travis/build/icyphy/ptII/ptolemy/domains/ptinyos/lib/jdom.jar:/home/travis/build/icyphy/ptII/ptolemy/domains/ptinyos/lib/nesc.jar::/home/travis/build/icyphy/ptII/lib/hazelcast-3.8.2.jar:/home/travis/build/icyphy/ptII/lib/jackson-annotations-2.9.0.jar:/home/travis/build/icyphy/ptII/lib/jackson-core-2.9.3.jar:/home/travis/build/icyphy/ptII/lib/jackson-databind-2.9.3.jar:/home/travis/build/icyphy/ptII/lib/netty-buffer-4.1.19.Final.jar:/home/travis/build/icyphy/ptII/lib/netty-codec-4.1.19.Final.jar:/home/travis/build/icyphy/ptII/lib/netty-codec-dns-4.1.19.Final.jar:/home/travis/build/icyphy/ptII/lib/netty-codec-http-4.1.19.Final.jar:/home/travis/build/icyphy/ptII/lib/netty-codec-http2-4.1.19.Final.jar:/home/travis/build/icyphy/ptII/lib/netty-common-4.1.19.Final.jar:/home/travis/build/icyphy/ptII/lib/netty-handler-4.1.19.Final.jar:/home/travis/build/icyphy/ptII/lib/netty-resolver-4.1.19.Final.jar:/home/travis/build/icyphy/ptII/lib/netty-resolver-dns-4.1.19.Final.jar:/home/travis/build/icyphy/ptII/lib/netty-transport-4.1.19.Final.jar:/home/travis/build/icyphy/ptII/lib/vertx-codegen-3.5.1.jar:/home/travis/build/icyphy/ptII/lib/vertx-core-3.5.1.jar:/home/travis/build/icyphy/ptII/lib/vertx-hazelcast-3.5.1.jar:/home/travis/build/icyphy/ptII/lib/vertx-lang-js-3.5.1.jar:/home/travis/build/icyphy/ptII/lib/vertx-service-proxy-3.5.1.jar:/home/travis/build/icyphy/ptII/lib/vertx-web-3.5.1.jar:/home/travis/build/icyphy/ptII/lib/webcam-capture-0.3.12.jar:/home/travis/build/icyphy/ptII/lib/bridj-0.7.0.jar:/home/travis/build/icyphy/ptII/lib/xbjlib-1.1.0.nrjavaserial.jar:/home/travis/build/icyphy/ptII/lib/sootclasses.jar::/usr/lib/jvm/java-8-oracle/jre/lib/rt.jar:/usr/lib/jvm/java-8-oracle/jre/lib/jce.jar" \
		ptolemy.actor.gui.HTMLAbout 
Printing '.' for regular models, 'P' for models with LiveLinks.
...P...P.......P.......P....P..P............PJSAccessor: PT_NO_NET environment variable is set, so git pull and ptdoc are not being run.
...P...P..P....PNo physical cameras found, using WebcamDummyDriver.
.P.P.........P.P....P....................P..P..PClipPlayerHelper: failed to instantiate a JFXPanel, which can happen if a graphical display is not present: java.lang.UnsupportedOperationException: Unable to open DISPLAY
...P.....P......P......P.........P.....P...P..................P......................P....P.P........P.....P..P.....P..P...P....P........P......P..P......P.......P.P....P......P....P.P.....P....P......P.P.P..............P.P....P...........P..P...P..P......P.....P.P...................P........P.P..........P.P............P....P..........P.....P.P.P.P............P...P............P...P............P..P....P...............P.........P.....P......P.....P.P..........P.........P.....P.P...P..P....P..P..P....P....P.............P.........P...P..P..........P....P......P......P............................P..........# Include the models in the ExecDemos directory.
ls -1 /home/travis/build/icyphy/ptII/ptolemy/demo/ExecDemos/Demos/*.xml | sed "s@/home/travis/build/icyphy/ptII@\$CLASSPATH@" >> models.txt
LC_ALL=C sort -f models.txt | uniq > /tmp/models.txt
mv /tmp/models.txt models.txt
#
# Done building models.txt: Thu Apr 19 06:11:45 UTC 2018
#
git commit -m "Master files changed" completeDemosBcvtb.htm completeDemosPtiny.htm completeDemosPtinyKepler.htm demosPtiny.htm demosBcvtb.htm demosPtinyKepler.htm docsBcvtb.htm docsPtdb.htm docsPtiny.htm docsPtinyKepler.htm models.txt
[detached HEAD 209f8046] Master files changed
 1 file changed, 2 insertions(+)
rm -f doc.jar
make doc.jar
make[1]: Entering directory `/home/travis/build/icyphy/ptII/ptolemy/configs/doc'
rm -rf ptjar_tmpdir doc.jar
mkdir ptjar_tmpdir
# Copy any class files from this directory
mkdir -p ptjar_tmpdir/ptolemy/configs/doc
cp *.class completeDemosBcvtb.htm completeDemosPtiny.htm completeDemosPtinyKepler.htm demosPtiny.htm demosBcvtb.htm demosPtinyKepler.htm docsBcvtb.htm docsPtdb.htm docsPtiny.htm docsPtinyKepler.htm models.txt basicHelp.htm book.htm ClassesIllustrated.png ClassesIllustrated.xml completeDemos.htm copyright.htm demos.htm docs.htm pt_cover_online.png vergilFsmEditorHelp.htm vergilGraphEditorHelp.htm whatsNew.htm whatsNew3.0.2.htm whatsNew4.0.htm whatsNew5.0.htm whatsNew5.1.htm whatsNew6.0.htm whatsNew7.0.htm whatsNew8.0.htm whatsNew10.0.htm whatsNew11.0.htm ptjar_tmpdir/ptolemy/configs/doc
Creating doc.jar
(cd ptjar_tmpdir; "/usr/lib/jvm/java-8-oracle/bin/jar"  -cvf tmp.jar .)
added manifest
adding: ptolemy/(in = 0) (out= 0)(stored 0%)
adding: ptolemy/configs/(in = 0) (out= 0)(stored 0%)
adding: ptolemy/configs/doc/(in = 0) (out= 0)(stored 0%)
adding: ptolemy/configs/doc/completeDemos.htm(in = 114231) (out= 20000)(deflated 82%)
adding: ptolemy/configs/doc/basicHelp.htm(in = 2016) (out= 890)(deflated 55%)
adding: ptolemy/configs/doc/ClassesIllustrated.png(in = 68676) (out= 67144)(deflated 2%)
adding: ptolemy/configs/doc/copyright.htm(in = 872094) (out= 205308)(deflated 76%)
adding: ptolemy/configs/doc/completeDemosPtiny.htm(in = 27435) (out= 5853)(deflated 78%)
adding: ptolemy/configs/doc/demosBcvtb.htm(in = 10834) (out= 3829)(deflated 64%)
adding: ptolemy/configs/doc/docs.htm(in = 2442) (out= 959)(deflated 60%)
adding: ptolemy/configs/doc/whatsNew11.0.htm(in = 5055) (out= 1763)(deflated 65%)
adding: ptolemy/configs/doc/whatsNew5.0.htm(in = 23108) (out= 6211)(deflated 73%)
adding: ptolemy/configs/doc/docsBcvtb.htm(in = 2819) (out= 1084)(deflated 61%)
adding: ptolemy/configs/doc/docsPtdb.htm(in = 2658) (out= 1077)(deflated 59%)
adding: ptolemy/configs/doc/whatsNew7.0.htm(in = 24218) (out= 7892)(deflated 67%)
adding: ptolemy/configs/doc/models.txt(in = 55526) (out= 7600)(deflated 86%)
adding: ptolemy/configs/doc/completeDemosBcvtb.htm(in = 13678) (out= 3481)(deflated 74%)
adding: ptolemy/configs/doc/vergilFsmEditorHelp.htm(in = 621) (out= 361)(deflated 41%)
adding: ptolemy/configs/doc/pt_cover_online.png(in = 138106) (out= 138151)(deflated 0%)
adding: ptolemy/configs/doc/docsPtiny.htm(in = 2658) (out= 1077)(deflated 59%)
adding: ptolemy/configs/doc/demosPtiny.htm(in = 21242) (out= 6808)(deflated 67%)
adding: ptolemy/configs/doc/demosPtinyKepler.htm(in = 15279) (out= 5172)(deflated 66%)
adding: ptolemy/configs/doc/whatsNew5.1.htm(in = 3412) (out= 1339)(deflated 60%)
adding: ptolemy/configs/doc/docsPtinyKepler.htm(in = 2507) (out= 963)(deflated 61%)
adding: ptolemy/configs/doc/book.htm(in = 2553) (out= 1017)(deflated 60%)
adding: ptolemy/configs/doc/whatsNew8.0.htm(in = 53219) (out= 13709)(deflated 74%)
adding: ptolemy/configs/doc/whatsNew.htm(in = 712) (out= 298)(deflated 58%)
adding: ptolemy/configs/doc/vergilGraphEditorHelp.htm(in = 3278) (out= 1204)(deflated 63%)
adding: ptolemy/configs/doc/whatsNew6.0.htm(in = 20237) (out= 6560)(deflated 67%)
adding: ptolemy/configs/doc/whatsNew4.0.htm(in = 25979) (out= 6381)(deflated 75%)
adding: ptolemy/configs/doc/demos.htm(in = 38256) (out= 11334)(deflated 70%)
adding: ptolemy/configs/doc/whatsNew3.0.2.htm(in = 3199) (out= 1135)(deflated 64%)
adding: ptolemy/configs/doc/ClassesIllustrated.xml(in = 16565) (out= 2158)(deflated 86%)
adding: ptolemy/configs/doc/whatsNew10.0.htm(in = 55082) (out= 12449)(deflated 77%)
adding: ptolemy/configs/doc/completeDemosPtinyKepler.htm(in = 22350) (out= 4906)(deflated 78%)
mv ptjar_tmpdir/tmp.jar doc.jar
"/usr/lib/jvm/java-8-oracle/bin/jar"  -i doc.jar
rm -rf ptjar_tmpdir
make[1]: Leaving directory `/home/travis/build/icyphy/ptII/ptolemy/configs/doc'
# The first commit will change completeDemosPtiny.htm, which will cause completeDemosBcvtb.htm to be updated
if [ -d /home/travis/build/icyphy/ptII/.git ]; then \
		echo "Committing changes to completeDemosBcvtb.htm completeDemosPtiny.htm completeDemosPtinyKepler.htm demosPtiny.htm demosBcvtb.htm demosPtinyKepler.htm docsBcvtb.htm docsPtdb.htm docsPtiny.htm docsPtinyKepler.htm models.txt"; \
		git commit -m "Master files changed" completeDemosBcvtb.htm completeDemosPtiny.htm completeDemosPtinyKepler.htm demosPtiny.htm demosBcvtb.htm demosPtinyKepler.htm docsBcvtb.htm docsPtdb.htm docsPtiny.htm docsPtinyKepler.htm models.txt; \
		git push; \
        else \
		echo "No /home/travis/build/icyphy/ptII/.git/ directory, so completeDemosBcvtb.htm completeDemosPtiny.htm completeDemosPtinyKepler.htm demosPtiny.htm demosBcvtb.htm demosPtinyKepler.htm docsBcvtb.htm docsPtdb.htm docsPtiny.htm docsPtinyKepler.htm models.txt are not being committed."; \
		echo "This only a problem if the ptII tree is supposed to be under Subversion."; \
        fi
Committing changes to completeDemosBcvtb.htm completeDemosPtiny.htm completeDemosPtinyKepler.htm demosPtiny.htm demosBcvtb.htm demosPtinyKepler.htm docsBcvtb.htm docsPtdb.htm docsPtiny.htm docsPtinyKepler.htm models.txt
HEAD detached from 3c8c214f
Untracked files:
	../../../junit4657205701447322189.properties
	../../../junitvmwatcher1550101268736098315.properties
	../../actor/lib/jai/test/auto/PtolemyII.bmp
	../../actor/lib/jai/test/auto/PtolemyII.jpg
	../../actor/lib/jai/test/auto/PtolemyII.pgm
	../../actor/lib/jai/test/auto/PtolemyII.tif
	../../actor/lib/jai/test/auto/file.png

nothing added to commit but untracked files present
make: Leaving directory `/home/travis/build/icyphy/ptII/ptolemy/configs/doc'
[main] INFO com.github.sarxos.webcam.Webcam - WebcamDefaultDriver capture driver will be used
libdc1394 error: Failed to initialize libdc1394
libdc1394 error: Failed to initialize libdc1394
[main] INFO com.github.sarxos.webcam.Webcam - WebcamDefaultDriver capture driver will be used
cp: cannot stat ‘*.class’: No such file or directory
make[1]: [doc.jar] Error 1 (ignored)
fatal: You are not currently on a branch.
To push the history leading to the current (detached HEAD)
state now, use

    git push origin HEAD:<name-of-remote-branch>

make: *** [update] Error 128
    while executing
"exec -stderrok make -C ../doc update"
    ("uplevel" body line 3)
    invoked from within
"uplevel $contents_of_test"
Stderr for 'make -C ../doc missingDemos' was
--start--

--end--
Stderr for '/home/travis/build/icyphy/ptII/ptolemy/configs/test/../../../ptolemy/configs/test/missingDemos' was
--start--
/home/travis/build/icyphy/ptII/ptolemy/configs/test/../../../ptolemy/configs/test/missingDemos: 45: /home/travis/build/icyphy/ptII/ptolemy/configs/test/../../../ptolemy/configs/test/missingDemos: Syntax error: Bad fd number
--end--


==== $PTII/ptolemy/configs/test/missingDemos.tcl: missingDemos-2.0 Run the missingDemos script.
==== Contents of test case:

    jdkCaptureOutAndErr {
	# In the installer, missingDemos might not be executable.
	exec chmod a+x $PTII/ptolemy/configs/test/missingDemos
        exec $PTII/ptolemy/configs/test/missingDemos
    } out err
    puts "Stderr for '$PTII/ptolemy/configs/test/missingDemos' was\n--start--\n$err\n--end--"
    regsub -all {make: [^']*'} $err {} err2
    list $out $err2

==== Result was:
{} {/home/travis/build/icyphy/ptII/ptolemy/configs/test/../../../ptolemy/configs/test/missingDemos: 45: /home/travis/build/icyphy/ptII/ptolemy/configs/test/../../../ptolemy/configs/test/missingDemos: Syntax error: Bad fd number}
---- Result should have been:
{} {}
---- missingDemos-2.0 FAILED
/home/travis/build/icyphy/ptII/ptolemy/configs/test/validDemos.tcl
Validating the xml in /auto/ xml files after removing the configure blocks
...........................................................................................................................................................................................................................................................................................................................................................................................................................................................................................................................................................................................................................................................................................................................................................................................................................................................................................................................................................................................................................................................................................................................................................................................................................................................................................................................................................................................................................................................................................................................................................................................................................................................................................................................................................................................................................................................................................................................................................................................................................................................................................................................................................................................................................................................................................................................................................................................................................................................................................................................................................................................................................................................................................................................................................................................................................................................................................................................................Could not parse /home/travis/build/icyphy/ptII/ptolemy/configs/test/../../../org/hlacerti/test/auto/1Value2Instances.xml, file /tmp/validDemos3326167223441030440.xml was
<?xml version="1.0" standalone="no"?>
<!DOCTYPE entity PUBLIC "-//UC Berkeley//DTD MoML 1//EN"
    "http://ptolemy.eecs.berkeley.edu/xml/dtd/MoML_1.dtd">
<entity name="1Value2Instances" class="ptolemy.actor.TypedCompositeActor">
    <property name="_createdBy" class="ptolemy.kernel.attributes.VersionAttribute" value="11.0.devel">
    </property>
    <property name="_windowProperties" class="ptolemy.actor.gui.WindowPropertiesAttribute" value="{bounds={557, 115, 670, 632}, maximized=false}">
    </property>
    <property name="_vergilSize" class="ptolemy.actor.gui.SizeAttribute" value="[436, 522]">
    </property>
    <property name="_vergilZoomFactor" class="ptolemy.data.expr.ExpertParameter" value="0.667070952092177">
    </property>
    <property name="_vergilCenter" class="ptolemy.data.expr.ExpertParameter" value="{328.3063636363641, 437.76727272727334}">
    </property>
    <property name="Annotation5" class="ptolemy.vergil.kernel.attributes.TextAttribute">
        <property name="text" class="ptolemy.kernel.util.StringAttribute" value="- StaticMultiInstance/1Value2Instances/DistributedReceiver1 model: first federate to be launched.">
        </property>
        <property name="_location" class="ptolemy.kernel.util.Location" value="[15.0, 535.0]">
        </property>
        <property name="LiveLink" class="ptolemy.actor.gui.LiveLink" value="$CLASSPATH/org/hlacerti/test/auto/StaticMultiInstance/1Value2Instances/DistributedReceiver1.xml">
            <property name="_hideName" class="ptolemy.kernel.util.SingletonAttribute">
            </property>
            <property name="_icon" class="ptolemy.vergil.icon.ValueIcon">
                <property name="_color" class="ptolemy.actor.gui.ColorAttribute" value="{0.0, 0.0, 1.0, 1.0}">
                </property>
            </property>
            <property name="_smallIconDescription" class="ptolemy.kernel.util.SingletonConfigurableAttribute">
            </property>
            <property name="_editorFactory" class="ptolemy.vergil.toolbox.VisibleParameterEditorFactory">
            </property>
            <property name="_location" class="ptolemy.kernel.util.Location" value="{395, 280}">
            </property>
        </property>
        <property name="IconLink" class="ptolemy.vergil.basic.export.web.IconLink" value="http://ptolemy.eecs.berkeley.edu/ptolemyII/ptII11.0/ptII/org/hlacerti/test/auto/StaticMultiInstance/1Value2Instances/DistributedReceiver1/index.html">
            <property name="linkTarget" class="ptolemy.vergil.basic.export.web.LinkTarget" value="_self">
            </property>
            <property name="_location" class="ptolemy.kernel.util.Location" value="{450, 180}">
            </property>
        </property>
    </property>
    <property name="enableBackwardTypeInference" class="ptolemy.data.expr.Parameter" value="false">
    </property>
    <property name="Annotation2" class="ptolemy.vergil.kernel.attributes.TextAttribute">
        <property name="text" class="ptolemy.kernel.util.StringAttribute" value="- StaticMultiInstance/1Value2Instances/DistributedSender1 model: last federate to be launched.">
        </property>
        <property name="_location" class="ptolemy.kernel.util.Location" value="[15.0, 560.0]">
        </property>
        <property name="LiveLink" class="ptolemy.actor.gui.LiveLink" value="$CLASSPATH/org/hlacerti/test/auto/StaticMultiInstance/1Value2Instances/DistributedSender1.xml">
            <property name="_hideName" class="ptolemy.kernel.util.SingletonAttribute">
            </property>
            <property name="_icon" class="ptolemy.vergil.icon.ValueIcon">
                <property name="_color" class="ptolemy.actor.gui.ColorAttribute" value="{0.0, 0.0, 1.0, 1.0}">
                </property>
            </property>
            <property name="_smallIconDescription" class="ptolemy.kernel.util.SingletonConfigurableAttribute">
            </property>
            <property name="_editorFactory" class="ptolemy.vergil.toolbox.VisibleParameterEditorFactory">
            </property>
            <property name="_location" class="ptolemy.kernel.util.Location" value="{395, 280}">
            </property>
        </property>
        <property name="IconLink" class="ptolemy.vergil.basic.export.web.IconLink" value="http://ptolemy.eecs.berkeley.edu/ptolemyII/ptII11.0/ptII/org/hlacerti/test/auto/StaticMultiInstance/1Value2Instances/DistributedSender1/index.html">
            <property name="linkTarget" class="ptolemy.vergil.basic.export.web.LinkTarget" value="_self">
            </property>
            <property name="_location" class="ptolemy.kernel.util.Location" value="{450, 180}">
            </property>
        </property>
    </property>
    <property name="Annotation3" class="ptolemy.vergil.kernel.attributes.TextAttribute">
        <property name="textColor" class="ptolemy.actor.gui.ColorAttribute" value="{0.0, 0.0, 1.0, 1.0}">
        </property>
        <property name="text" class="ptolemy.kernel.util.StringAttribute" value="Models:&#10;">
        </property>
        <property name="_location" class="ptolemy.kernel.util.Location" value="[10.0, 505.0]">
        </property>
    </property>
    <property name="Annotation" class="ptolemy.vergil.kernel.attributes.TextAttribute">
        <property name="textSize" class="ptolemy.data.expr.Parameter" value="18">
        </property>
        <property name="textColor" class="ptolemy.actor.gui.ColorAttribute" value="{1.0,0.0,0.0,1.0}">
        </property>
        <property name="text" class="ptolemy.kernel.util.StringAttribute" value="PtolemyII - HLA/CERTI framework&#10;&#10;--------------------------------------------------------------&#10;Model type: &#10;             Test&#10;&#10;Feature:&#10;             Static HLA multi instance&#10;&#10;Expected result:&#10;             This test must succeed&#10;----------------------------------------------------------------&#10;&#10;">
        </property>
        <property name="_location" class="ptolemy.kernel.util.Location" value="[5.0, 55.0]">
        </property>
    </property>
    <property name="Annotation4" class="ptolemy.vergil.kernel.attributes.TextAttribute">
        <property name="textColor" class="ptolemy.actor.gui.ColorAttribute" value="{0.2,0.2,0.2,1.0}">
        </property>
        <property name="text" class="ptolemy.kernel.util.StringAttribute" value="Description:&#10;&#10;Simple test of the HLA static multi instance. &#10;&#10;The test shows:&#10;&#10;- a sender which publishes updates of the attribute values 'val1'&#10;using  two instance class names 'instance1' and 'instance2'.&#10;&#10;- a receiver which deploys two HLA subscribers to receive updates&#10;of the attribute value 'val1' with 'instance1' and 'instance2'.">
        </property>
        <property name="_location" class="ptolemy.kernel.util.Location" value="[10.0, 310.0]">
        </property>
    </property>
    <property name="Annotation6" class="ptolemy.vergil.kernel.attributes.TextAttribute">
        <property name="textSize" class="ptolemy.data.expr.Parameter" value="14">
        </property>
        <property name="textColor" class="ptolemy.actor.gui.ColorAttribute" value="{0.003921569,0.003921569,0.003921569,1.0}">
        </property>
        <property name="text" class="ptolemy.kernel.util.StringAttribute" value="Author: CIELE Ing�nierie (http://www.ciele.fr)">
        </property>
        <property name="_location" class="ptolemy.kernel.util.Location" value="[30.0, 770.0]">
        </property>
    </property>
    <property name="Director" class="ptolemy.actor.Director">
        <doc>Simple director that executes actors in the order in which they were created.</doc>
        <property name="iterations" class="ptolemy.data.expr.Parameter" value="0">
        </property>
        <property name="_location" class="ptolemy.kernel.util.Location" value="[70.0, 665.0]">
        </property>
    </property>
    <property name="Annotation7" class="ptolemy.vergil.kernel.attributes.TextAttribute">
        <property name="textColor" class="ptolemy.actor.gui.ColorAttribute" value="{0.0, 0.0, 1.0, 1.0}">
        </property>
        <property name="text" class="ptolemy.kernel.util.StringAttribute" value="Automated execution:&#10;">
        </property>
        <property name="_location" class="ptolemy.kernel.util.Location" value="[10.0, 600.0]">
        </property>
    </property>
    <entity name="DistributedReceiver1" class="ptolemy.vergil.actor.lib.VisualModelReference">
        <property name="modelFileOrURL" class="ptolemy.actor.parameters.FilePortParameter" value="StaticMultiInstance/1Value2Instances/DistributedReceiver1.xml">
        </property>
        <property name="executionOnFiring" class="ptolemy.data.expr.StringParameter" value="run in a new thread">
        </property>
        <property name="lingerTime" class="ptolemy.data.expr.Parameter" value="100L">
        </property>
        <property name="spawnSeparateModels" class="ptolemy.data.expr.Parameter" value="false">
        </property>
        <property name="openOnFiring" class="ptolemy.data.expr.StringParameter" value="open in Vergil">
        </property>
        <property name="_location" class="ptolemy.kernel.util.Location" value="[230.0, 720.0]">
        </property>
    </entity>
    <entity name="DistributedSender1" class="ptolemy.vergil.actor.lib.VisualModelReference">
        <property name="modelFileOrURL" class="ptolemy.actor.parameters.FilePortParameter" value="StaticMultiInstance/1Value2Instances/DistributedSender1.xml">
        </property>
        <property name="executionOnFiring" class="ptolemy.data.expr.StringParameter" value="run in a new thread">
        </property>
        <property name="lingerTime" class="ptolemy.data.expr.Parameter" value="0L">
        </property>
        <property name="spawnSeparateModels" class="ptolemy.data.expr.Parameter" value="false">
        </property>
        <property name="openOnFiring" class="ptolemy.data.expr.StringParameter" value="open in Vergil">
        </property>
        <property name="_location" class="ptolemy.kernel.util.Location" value="[230.0, 665.0]">
        </property>
    </entity>
    <entity name="Stop" class="ptolemy.actor.lib.Stop">
        <property name="_location" class="ptolemy.kernel.util.Location" value="[70.0, 725.0]">
        </property>
    </entity>
</entity>




==== $PTII/ptolemy/configs/test/validDemos.tcl: validDemos-2827 Validating parse of /home/travis/build/icyphy/ptII/ptolemy/configs/test/../../../org/hlacerti/test/auto/1Value2Instances.xml after removing configure
==== Contents of test case:

	    set errMsg {}
	    if [catch {java::call ptolemy.configs.test.ValidatingXMLParser parse $filename} errMsg] {
		puts "Could not parse $modelPath, file $filename was"
		# Print out the contents of the failed file.
		# A common failure is a version control system conflict.
		set fp [open $filename r]
		puts [read $fp]
		close $fp
	    }

	    list $errMsg
	
==== Result was:
{com.sun.org.apache.xerces.internal.impl.io.MalformedByteSequenceException: Invalid byte 2 of 3-byte UTF-8 sequence.}
---- Result should have been:
{}
---- validDemos-2827 FAILED
.Could not parse /home/travis/build/icyphy/ptII/ptolemy/configs/test/../../../org/hlacerti/test/auto/MultiDataTypes/MultiDataTypesProducer.xml, file /tmp/validDemos3326167223441030440.xml was
<?xml version="1.0" standalone="no"?>
<!DOCTYPE entity PUBLIC "-//UC Berkeley//DTD MoML 1//EN"
    "http://ptolemy.eecs.berkeley.edu/xml/dtd/MoML_1.dtd">
<entity name="MultiDataTypesProducer" class="ptolemy.actor.TypedCompositeActor">
    <property name="_createdBy" class="ptolemy.kernel.attributes.VersionAttribute" value="11.0.devel">
    </property>
    <property name="DE Director" class="ptolemy.domains.de.kernel.DEDirector">
        <property name="stopTime" class="ptolemy.data.expr.Parameter" value="stopTime">
        </property>
        <property name="_location" class="ptolemy.kernel.util.Location" value="[160.0, 50.0]">
        </property>
    </property>
    <property name="producer" class="org.hlacerti.lib.HlaManager">
        <property name="federateName" class="ptolemy.data.expr.Parameter" value="&quot;producer&quot;">
            <display name="Federate's name"/>
        </property>
        <property name="federationName" class="ptolemy.data.expr.Parameter" value="&quot;MultiDataTypes&quot;">
            <display name="Federation's name"/>
        </property>
        <property name="fedFile" class="ptolemy.data.expr.FileParameter" value="MultiDataTypes.fed">
            <display name="Path for .fed file"/>
        </property>
        <property name="isCreator" class="ptolemy.data.expr.Parameter" value="true">
            <display name="Is synchronization point creator ?"/>
        </property>
        <property name="_location" class="ptolemy.kernel.util.Location" value="{300.0, 60.0}">
        </property>
    </property>
    <property name="_windowProperties" class="ptolemy.actor.gui.WindowPropertiesAttribute" value="{bounds={728, 300, 1070, 632}, maximized=false}">
    </property>
    <property name="_vergilSize" class="ptolemy.actor.gui.SizeAttribute" value="[836, 522]">
    </property>
    <property name="_vergilZoomFactor" class="ptolemy.data.expr.ExpertParameter" value="1.2214329351828275">
    </property>
    <property name="_vergilCenter" class="ptolemy.data.expr.ExpertParameter" value="{437.12744695490056, 231.77153510551952}">
    </property>
    <property name="stopTime" class="ptolemy.data.expr.Parameter" value="10">
        <property name="_hideName" class="ptolemy.kernel.util.SingletonAttribute">
        </property>
        <property name="_icon" class="ptolemy.vergil.icon.ValueIcon">
            <property name="_color" class="ptolemy.actor.gui.ColorAttribute" value="{0.0, 0.0, 1.0, 1.0}">
            </property>
        </property>
        <property name="_smallIconDescription" class="ptolemy.kernel.util.SingletonConfigurableAttribute">
        </property>
        <property name="_editorFactory" class="ptolemy.vergil.toolbox.VisibleParameterEditorFactory">
        </property>
        <property name="_location" class="ptolemy.kernel.util.Location" value="[115.0, 80.0]">
        </property>
    </property>
    <property name="enableBackwardTypeInference" class="ptolemy.data.expr.Parameter" value="false">
    </property>
    <property name="Annotation2" class="ptolemy.vergil.kernel.attributes.TextAttribute">
        <property name="textSize" class="ptolemy.data.expr.Parameter" value="10">
        </property>
        <property name="text" class="ptolemy.kernel.util.StringAttribute" value="This demo illustrates data types handled by&#10;the HlaManager for the Ptolemy II - HLA/CERTI &#10;cooperation. Float, Short, Long, Unsigned_Byte &#10;data types are also supported but not have not &#10;been tested yet.&#10;&#10;The CERTI Message Buffer test shows how a basic &#10;types such as Double or Integer can be encapsulate &#10;in a specific structure according to the HLA standard.&#10;This structure facilitates data representation and their&#10;exhanges between heterogeneous execution platform.&#10;&#10;To encapsulate a basic type in a CERTI Message Buffer&#10;double-click on the HLA actors (publisher or susbcriber)&#10;and enable the corresponding option.&#10;&#10;The consumer.xml model of this demo has to be&#10;launched in first.&#10;&#10;&#10;">
        </property>
        <property name="_location" class="ptolemy.vergil.basic.RelativeLocation" value="[-25.0, 105.0]">
            <property name="relativeTo" class="ptolemy.kernel.util.StringAttribute" value="CompositeActor">
            </property>
            <property name="relativeToElementName" class="ptolemy.kernel.util.StringAttribute" value="entity">
            </property>
        </property>
    </property>
    <property name="Annotation" class="ptolemy.vergil.kernel.attributes.TextAttribute">
        <property name="textSize" class="ptolemy.data.expr.Parameter" value="8">
        </property>
        <property name="textColor" class="ptolemy.actor.gui.ColorAttribute" value="{0.4,0.4,0.4,1.0}">
        </property>
        <property name="text" class="ptolemy.kernel.util.StringAttribute" value="Author: Gilles Lasnier (SUPAERO - ISAE).&#10;Update: CIELE Ing�nierie - www.ciele.fr">
        </property>
        <property name="_location" class="ptolemy.kernel.util.Location" value="[380.0, 45.0]">
        </property>
    </property>
    <entity name="val" class="org.hlacerti.lib.HlaPublisher">
        <property name="attributeName" class="ptolemy.data.expr.Parameter" value="&quot;val&quot;">
            <display name="Name of the attribute to receive"/>
        </property>
        <property name="_location" class="ptolemy.kernel.util.Location" value="[375.0, 110.0]">
        </property>
    </entity>
    <entity name="val1" class="org.hlacerti.lib.HlaPublisher">
        <property name="attributeName" class="ptolemy.data.expr.Parameter" value="&quot;val1&quot;">
            <display name="Name of the attribute to receive"/>
        </property>
        <property name="_location" class="ptolemy.kernel.util.Location" value="[385.0, 150.0]">
        </property>
    </entity>
    <entity name="val2" class="org.hlacerti.lib.HlaPublisher">
        <property name="attributeName" class="ptolemy.data.expr.Parameter" value="&quot;val2&quot;">
            <display name="Name of the attribute to receive"/>
        </property>
        <property name="_location" class="ptolemy.kernel.util.Location" value="[380.0, 190.0]">
        </property>
    </entity>
    <entity name="val3" class="org.hlacerti.lib.HlaPublisher">
        <property name="attributeName" class="ptolemy.data.expr.Parameter" value="&quot;val3&quot;">
            <display name="Name of the attribute to receive"/>
        </property>
        <property name="_location" class="ptolemy.kernel.util.Location" value="[385.0, 230.0]">
        </property>
        <port name="input" class="ptolemy.actor.TypedIOPort">
            <property name="input"/>
            <property name="_type" class="ptolemy.actor.TypeAttribute" value="boolean">
            </property>
        </port>
    </entity>
    <entity name="val4" class="org.hlacerti.lib.HlaPublisher">
        <property name="attributeName" class="ptolemy.data.expr.Parameter" value="&quot;val4&quot;">
            <display name="Name of the attribute to receive"/>
        </property>
        <property name="useCertiMessageBuffer" class="ptolemy.data.expr.Parameter" value="true">
            <display name="use CERTI message buffer"/>
        </property>
        <property name="_location" class="ptolemy.kernel.util.Location" value="[375.0, 265.0]">
        </property>
        <port name="input" class="ptolemy.actor.TypedIOPort">
            <property name="input"/>
            <property name="_type" class="ptolemy.actor.TypeAttribute" value="double">
            </property>
        </port>
    </entity>
    <entity name="CompositeActor" class="ptolemy.actor.TypedCompositeActor">
        <property name="_location" class="ptolemy.kernel.util.Location" value="[150.0, 190.0]">
        </property>
        <property name="DE Director" class="ptolemy.domains.de.kernel.DEDirector">
            <property name="stopTime" class="ptolemy.data.expr.Parameter" value="stopTime">
            </property>
            <property name="_location" class="ptolemy.kernel.util.Location" value="{55.0, 20.0}">
            </property>
        </property>
        <property name="stopTime" class="ptolemy.data.expr.Parameter" value="10">
            <property name="_hideName" class="ptolemy.kernel.util.SingletonAttribute">
            </property>
            <property name="_icon" class="ptolemy.vergil.icon.ValueIcon">
                <property name="_color" class="ptolemy.actor.gui.ColorAttribute" value="{0.0, 0.0, 1.0, 1.0}">
                </property>
            </property>
            <property name="_smallIconDescription" class="ptolemy.kernel.util.SingletonConfigurableAttribute">
            </property>
            <property name="_editorFactory" class="ptolemy.vergil.toolbox.VisibleParameterEditorFactory">
            </property>
            <property name="_location" class="ptolemy.kernel.util.Location" value="{140.0, 0.0}">
            </property>
        </property>
        <property name="Annotation" class="ptolemy.vergil.kernel.attributes.TextAttribute">
            <property name="textSize" class="ptolemy.data.expr.Parameter" value="10">
            </property>
            <property name="text" class="ptolemy.kernel.util.StringAttribute" value="This demo illustrates data types handled by the&#10;HlaManager for the Ptolemy II - HLA/CERTI &#10;cooperation. Float, Short, Long, Unsigned_Byte &#10;data types are also supported but not have not been&#10;tested yet.&#10;&#10;The CERTI Message Buffer test shows how a basic &#10;types such as Double or Integer can be encapsulate &#10;in a specific structure according to the HLA standard.&#10;This structure facilitates data representation and their&#10;exhanges between heterogeneous execution platform.&#10;&#10;To encapsulate a basic type in a CERTI Message Buffer&#10;double-click on the HLA actors (publisher or susbcriber)&#10;and enable the corresponding option.&#10;&#10;The consumer.xml model of this demo has to be&#10;launched in first.&#10;&#10;&#10;">
            </property>
            <property name="_location" class="ptolemy.kernel.util.Location" value="{-5.0, 210.0}">
            </property>
        </property>
        <property name="Annotation2" class="ptolemy.vergil.kernel.attributes.TextAttribute">
            <property name="textSize" class="ptolemy.data.expr.Parameter" value="8">
            </property>
            <property name="textColor" class="ptolemy.actor.gui.ColorAttribute" value="{0.4,0.4,0.4,1.0}">
            </property>
            <property name="text" class="ptolemy.kernel.util.StringAttribute" value="Author: Gilles Lasnier (SUPAERO - ISAE).">
            </property>
            <property name="_location" class="ptolemy.kernel.util.Location" value="{255.0, -10.0}">
            </property>
        </property>
        <property name="_windowProperties" class="ptolemy.actor.gui.WindowPropertiesAttribute" value="{bounds={376, 439, 925, 621}, maximized=false}">
        </property>
        <property name="_vergilSize" class="ptolemy.actor.gui.SizeAttribute" value="[700, 500]">
        </property>
        <property name="_vergilZoomFactor" class="ptolemy.data.expr.ExpertParameter" value="0.8000000000000007">
        </property>
        <property name="_vergilCenter" class="ptolemy.data.expr.ExpertParameter" value="{339.99999999999983, 240.00000000000006}">
        </property>
        <port name="val" class="ptolemy.actor.TypedIOPort">
            <property name="output"/>
            <property name="_location" class="ptolemy.kernel.util.Location" value="{490.0, 170.0}">
            </property>
        </port>
        <port name="val2" class="ptolemy.actor.TypedIOPort">
            <property name="output"/>
            <property name="_location" class="ptolemy.kernel.util.Location" value="{110.0, 95.0}">
            </property>
        </port>
        <port name="val3" class="ptolemy.actor.TypedIOPort">
            <property name="output"/>
            <property name="_location" class="ptolemy.kernel.util.Location" value="{500.0, 95.0}">
            </property>
        </port>
        <port name="val4" class="ptolemy.actor.TypedIOPort">
            <property name="output"/>
            <property name="_location" class="ptolemy.kernel.util.Location" value="{200.0, 170.0}">
            </property>
        </port>
        <port name="val5" class="ptolemy.actor.TypedIOPort">
            <property name="output"/>
            <property name="_location" class="ptolemy.kernel.util.Location" value="{260.0, 95.0}">
            </property>
        </port>
        <entity name="SingleEvent" class="ptolemy.actor.lib.SingleEvent">
            <property name="time" class="ptolemy.data.expr.Parameter" value="1.0">
            </property>
            <property name="_location" class="ptolemy.kernel.util.Location" value="{275.0, 170.0}">
            </property>
        </entity>
        <entity name="StringConst" class="ptolemy.actor.lib.StringConst">
            <property name="value" class="ptolemy.data.expr.Parameter" value="! dlroW olleH">
            </property>
            <doc>Create a constant sequence with a string value.</doc>
            <property name="_icon" class="ptolemy.vergil.icon.BoxedValueIcon">
                <property name="attributeName" class="ptolemy.kernel.util.StringAttribute" value="value">
                </property>
                <property name="displayWidth" class="ptolemy.data.expr.Parameter" value="80">
                </property>
                <property name="displayHeight" class="ptolemy.data.expr.Parameter" value="10">
                </property>
            </property>
            <property name="_location" class="ptolemy.kernel.util.Location" value="{410.0, 170.0}">
            </property>
        </entity>
        <entity name="SingleEvent2" class="ptolemy.actor.lib.SingleEvent">
            <property name="time" class="ptolemy.data.expr.Parameter" value="2.0">
            </property>
            <property name="value" class="ptolemy.data.expr.Parameter" value="1.0">
            </property>
            <property name="_location" class="ptolemy.kernel.util.Location" value="{35.0, 95.0}">
            </property>
        </entity>
        <entity name="SingleEvent3" class="ptolemy.actor.lib.SingleEvent">
            <property name="time" class="ptolemy.data.expr.Parameter" value="3.0">
            </property>
            <property name="value" class="ptolemy.data.expr.Parameter" value="3">
            </property>
            <property name="_location" class="ptolemy.kernel.util.Location" value="{335.0, 95.0}">
            </property>
        </entity>
        <entity name="Const" class="ptolemy.actor.lib.Const">
            <doc>Create a constant sequence.</doc>
            <property name="_icon" class="ptolemy.vergil.icon.BoxedValueIcon">
                <property name="attributeName" class="ptolemy.kernel.util.StringAttribute" value="value">
                </property>
                <property name="displayWidth" class="ptolemy.data.expr.Parameter" value="60">
                </property>
            </property>
            <property name="_location" class="ptolemy.kernel.util.Location" value="{450.0, 95.0}">
            </property>
        </entity>
        <entity name="SingleEvent4" class="ptolemy.actor.lib.SingleEvent">
            <property name="time" class="ptolemy.data.expr.Parameter" value="4.0">
            </property>
            <property name="value" class="ptolemy.data.expr.Parameter" value="4">
            </property>
            <property name="_location" class="ptolemy.kernel.util.Location" value="{35.0, 170.0}">
            </property>
        </entity>
        <entity name="Const2" class="ptolemy.actor.lib.Const">
            <property name="value" class="ptolemy.data.expr.Parameter" value="true">
            </property>
            <doc>Create a constant sequence.</doc>
            <property name="_icon" class="ptolemy.vergil.icon.BoxedValueIcon">
                <property name="attributeName" class="ptolemy.kernel.util.StringAttribute" value="value">
                </property>
                <property name="displayWidth" class="ptolemy.data.expr.Parameter" value="60">
                </property>
            </property>
            <property name="_location" class="ptolemy.kernel.util.Location" value="{150.0, 170.0}">
            </property>
        </entity>
        <entity name="SingleEvent5" class="ptolemy.actor.lib.SingleEvent">
            <property name="time" class="ptolemy.data.expr.Parameter" value="5.0">
            </property>
            <property name="value" class="ptolemy.data.expr.Parameter" value="6.0">
            </property>
            <property name="_location" class="ptolemy.kernel.util.Location" value="{185.0, 95.0}">
            </property>
        </entity>
        <relation name="relation" class="ptolemy.actor.TypedIORelation">
            <property name="color" class="ptolemy.actor.gui.ColorAttribute">
            </property>
            <property name="_layoutHint" class="ptolemy.vergil.actor.LayoutHint" value="{ { head={id=&quot;SingleEvent.output&quot;,x=275.0,y=170.0}, tail={id=&quot;StringConst.trigger&quot;,x=410.0,y=170.0}, points={} } }">
            </property>
        </relation>
        <relation name="relation2" class="ptolemy.actor.TypedIORelation">
            <property name="color" class="ptolemy.actor.gui.ColorAttribute">
            </property>
            <property name="_layoutHint" class="ptolemy.vergil.actor.LayoutHint" value="{ { head={id=&quot;SingleEvent3.output&quot;,x=335.0,y=95.0}, tail={id=&quot;Const.trigger&quot;,x=450.0,y=95.0}, points={} } }">
            </property>
        </relation>
        <relation name="relation3" class="ptolemy.actor.TypedIORelation">
            <property name="color" class="ptolemy.actor.gui.ColorAttribute">
            </property>
            <property name="_layoutHint" class="ptolemy.vergil.actor.LayoutHint" value="{ { head={id=&quot;SingleEvent4.output&quot;,x=35.0,y=170.0}, tail={id=&quot;Const2.trigger&quot;,x=150.0,y=170.0}, points={} } }">
            </property>
        </relation>
        <relation name="relation4" class="ptolemy.actor.TypedIORelation">
            <property name="_layoutHint" class="ptolemy.vergil.actor.LayoutHint" value="{ { head={id=&quot;val5._location&quot;,x=260.0,y=95.0}, tail={id=&quot;SingleEvent5.output&quot;,x=185.0,y=95.0}, points={} } }">
            </property>
        </relation>
        <relation name="relation5" class="ptolemy.actor.TypedIORelation">
            <property name="_layoutHint" class="ptolemy.vergil.actor.LayoutHint" value="{ { head={id=&quot;val3._location&quot;,x=500.0,y=95.0}, tail={id=&quot;Const.output&quot;,x=450.0,y=95.0}, points={} } }">
            </property>
        </relation>
        <relation name="relation6" class="ptolemy.actor.TypedIORelation">
            <property name="_layoutHint" class="ptolemy.vergil.actor.LayoutHint" value="{ { head={id=&quot;val2._location&quot;,x=110.0,y=95.0}, tail={id=&quot;SingleEvent2.output&quot;,x=35.0,y=95.0}, points={} } }">
            </property>
        </relation>
        <relation name="relation7" class="ptolemy.actor.TypedIORelation">
            <property name="_layoutHint" class="ptolemy.vergil.actor.LayoutHint" value="{ { head={id=&quot;val._location&quot;,x=490.0,y=170.0}, tail={id=&quot;StringConst.output&quot;,x=410.0,y=170.0}, points={} } }">
            </property>
        </relation>
        <relation name="relation8" class="ptolemy.actor.TypedIORelation">
            <property name="_layoutHint" class="ptolemy.vergil.actor.LayoutHint" value="{ { head={id=&quot;val4._location&quot;,x=200.0,y=170.0}, tail={id=&quot;Const2.output&quot;,x=150.0,y=170.0}, points={} } }">
            </property>
        </relation>
        <link port="val" relation="relation7"/>
        <link port="val2" relation="relation6"/>
        <link port="val3" relation="relation5"/>
        <link port="val4" relation="relation8"/>
        <link port="val5" relation="relation4"/>
        <link port="SingleEvent.output" relation="relation"/>
        <link port="StringConst.output" relation="relation7"/>
        <link port="StringConst.trigger" relation="relation"/>
        <link port="SingleEvent2.output" relation="relation6"/>
        <link port="SingleEvent3.output" relation="relation2"/>
        <link port="Const.output" relation="relation5"/>
        <link port="Const.trigger" relation="relation2"/>
        <link port="SingleEvent4.output" relation="relation3"/>
        <link port="Const2.output" relation="relation8"/>
        <link port="Const2.trigger" relation="relation3"/>
        <link port="SingleEvent5.output" relation="relation4"/>
    </entity>
    <relation name="relation" class="ptolemy.actor.TypedIORelation">
    </relation>
    <relation name="relation2" class="ptolemy.actor.TypedIORelation">
    </relation>
    <relation name="relation3" class="ptolemy.actor.TypedIORelation">
    </relation>
    <relation name="relation7" class="ptolemy.actor.TypedIORelation">
    </relation>
    <relation name="relation8" class="ptolemy.actor.TypedIORelation">
    </relation>
    <link port="val.input" relation="relation"/>
    <link port="val1.input" relation="relation2"/>
    <link port="val2.input" relation="relation3"/>
    <link port="val3.input" relation="relation7"/>
    <link port="val4.input" relation="relation8"/>
    <link port="CompositeActor.val" relation="relation"/>
    <link port="CompositeActor.val2" relation="relation2"/>
    <link port="CompositeActor.val3" relation="relation3"/>
    <link port="CompositeActor.val4" relation="relation7"/>
    <link port="CompositeActor.val5" relation="relation8"/>
</entity>




==== $PTII/ptolemy/configs/test/validDemos.tcl: validDemos-2828 Validating parse of /home/travis/build/icyphy/ptII/ptolemy/configs/test/../../../org/hlacerti/test/auto/MultiDataTypes/MultiDataTypesProducer.xml after removing configure
==== Contents of test case:

	    set errMsg {}
	    if [catch {java::call ptolemy.configs.test.ValidatingXMLParser parse $filename} errMsg] {
		puts "Could not parse $modelPath, file $filename was"
		# Print out the contents of the failed file.
		# A common failure is a version control system conflict.
		set fp [open $filename r]
		puts [read $fp]
		close $fp
	    }

	    list $errMsg
	
==== Result was:
{com.sun.org.apache.xerces.internal.impl.io.MalformedByteSequenceException: Invalid byte 2 of 3-byte UTF-8 sequence.}
---- Result should have been:
{}
---- validDemos-2828 FAILED
..Could not parse /home/travis/build/icyphy/ptII/ptolemy/configs/test/../../../org/hlacerti/test/auto/MultiDataTypes/MultiDataTypes.xml, file /tmp/validDemos3326167223441030440.xml was
<?xml version="1.0" standalone="no"?>
<!DOCTYPE entity PUBLIC "-//UC Berkeley//DTD MoML 1//EN"
    "http://ptolemy.eecs.berkeley.edu/xml/dtd/MoML_1.dtd">
<entity name="MultiDataTypes" class="ptolemy.actor.TypedCompositeActor">
    <property name="_createdBy" class="ptolemy.kernel.attributes.VersionAttribute" value="11.0.devel">
    </property>
    <property name="enableBackwardTypeInference" class="ptolemy.data.expr.Parameter" value="false">
    </property>
    <property name="_windowProperties" class="ptolemy.actor.gui.WindowPropertiesAttribute" value="{bounds={25, 24, 857, 640}, maximized=false}">
    </property>
    <property name="_vergilSize" class="ptolemy.actor.gui.SizeAttribute" value="[641, 522]">
    </property>
    <property name="_vergilZoomFactor" class="ptolemy.data.expr.ExpertParameter" value="1.4712241044306396">
    </property>
    <property name="_vergilCenter" class="ptolemy.data.expr.ExpertParameter" value="{-125.55272507440475, 6.186402529761892}">
    </property>
    <property name="Director" class="ptolemy.actor.Director">
        <doc>Simple director that executes actors in the order in which they were created.</doc>
        <property name="iterations" class="ptolemy.data.expr.Parameter" value="0">
        </property>
        <property name="_location" class="ptolemy.kernel.util.Location" value="[-285.0, -140.0]">
        </property>
    </property>
    <property name="Annotation" class="ptolemy.vergil.kernel.attributes.TextAttribute">
        <property name="text" class="ptolemy.kernel.util.StringAttribute" value="Run this model to see a simple/producer&#10;(both Ptolemy models) exchanging data with&#10;several types in a distributed manner with HLA.">
        </property>
        <property name="_location" class="ptolemy.kernel.util.Location" value="[-235.0, -95.0]">
        </property>
    </property>
    <property name="Annotation2" class="ptolemy.vergil.kernel.attributes.TextAttribute">
        <property name="textColor" class="ptolemy.actor.gui.ColorAttribute" value="{0.6,0.6,0.6,1.0}">
        </property>
        <property name="text" class="ptolemy.kernel.util.StringAttribute" value="Author : David Come&#10;Update: CIELE Ing�nierie - www.ciele.fr">
        </property>
        <property name="_location" class="ptolemy.kernel.util.Location" value="[-230.0, -20.0]">
        </property>
    </property>
    <entity name="Consumer" class="ptolemy.vergil.actor.lib.VisualModelReference">
        <property name="modelFileOrURL" class="ptolemy.actor.parameters.FilePortParameter" value="MultiDataTypesConsumer.xml">
        </property>
        <property name="executionOnFiring" class="ptolemy.data.expr.StringParameter" value="run in a new thread">
        </property>
        <property name="lingerTime" class="ptolemy.data.expr.Parameter" value="100L">
        </property>
        <property name="spawnSeparateModels" class="ptolemy.data.expr.Parameter" value="false">
        </property>
        <property name="openOnFiring" class="ptolemy.data.expr.StringParameter" value="open in Vergil">
        </property>
        <property name="_location" class="ptolemy.kernel.util.Location" value="{-300.0, -75.0}">
        </property>
    </entity>
    <entity name="Producer" class="ptolemy.vergil.actor.lib.VisualModelReference">
        <property name="modelFileOrURL" class="ptolemy.actor.parameters.FilePortParameter" value="MultiDataTypesProducer.xml">
        </property>
        <property name="spawnSeparateModels" class="ptolemy.data.expr.Parameter" value="false">
        </property>
        <property name="openOnFiring" class="ptolemy.data.expr.StringParameter" value="open in Vergil">
        </property>
        <property name="_location" class="ptolemy.kernel.util.Location" value="[-300.0, -5.0]">
        </property>
    </entity>
    <entity name="Stop" class="ptolemy.actor.lib.Stop">
        <property name="_location" class="ptolemy.kernel.util.Location" value="[-305.0, 60.0]">
        </property>
    </entity>
</entity>




==== $PTII/ptolemy/configs/test/validDemos.tcl: validDemos-2830 Validating parse of /home/travis/build/icyphy/ptII/ptolemy/configs/test/../../../org/hlacerti/test/auto/MultiDataTypes/MultiDataTypes.xml after removing configure
==== Contents of test case:

	    set errMsg {}
	    if [catch {java::call ptolemy.configs.test.ValidatingXMLParser parse $filename} errMsg] {
		puts "Could not parse $modelPath, file $filename was"
		# Print out the contents of the failed file.
		# A common failure is a version control system conflict.
		set fp [open $filename r]
		puts [read $fp]
		close $fp
	    }

	    list $errMsg
	
==== Result was:
{com.sun.org.apache.xerces.internal.impl.io.MalformedByteSequenceException: Invalid byte 2 of 3-byte UTF-8 sequence.}
---- Result should have been:
{}
---- validDemos-2830 FAILED
..........Could not parse /home/travis/build/icyphy/ptII/ptolemy/configs/test/../../../org/hlacerti/test/auto/2Values2Instances.xml, file /tmp/validDemos3326167223441030440.xml was
<?xml version="1.0" standalone="no"?>
<!DOCTYPE entity PUBLIC "-//UC Berkeley//DTD MoML 1//EN"
    "http://ptolemy.eecs.berkeley.edu/xml/dtd/MoML_1.dtd">
<entity name="2Values2Instances" class="ptolemy.actor.TypedCompositeActor">
    <property name="_createdBy" class="ptolemy.kernel.attributes.VersionAttribute" value="11.0.devel">
    </property>
    <property name="_windowProperties" class="ptolemy.actor.gui.WindowPropertiesAttribute" value="{bounds={906, 63, 955, 886}, maximized=false}">
    </property>
    <property name="_vergilSize" class="ptolemy.actor.gui.SizeAttribute" value="[721, 776]">
    </property>
    <property name="_vergilZoomFactor" class="ptolemy.data.expr.ExpertParameter" value="1.0802282793116365">
    </property>
    <property name="_vergilCenter" class="ptolemy.data.expr.ExpertParameter" value="{393.09710549934726, 713.5546875000002}">
    </property>
    <property name="Annotation999" class="ptolemy.vergil.kernel.attributes.TextAttribute">
        <property name="textSize" class="ptolemy.data.expr.Parameter" value="14">
        </property>
        <property name="textColor" class="ptolemy.actor.gui.ColorAttribute" value="{0.003921569,0.003921569,0.003921569,1.0}">
        </property>
        <property name="text" class="ptolemy.kernel.util.StringAttribute" value="Author: CIELE Ing�nierie - http://www.ciele.fr">
        </property>
        <property name="_location" class="ptolemy.kernel.util.Location" value="[170.0, 1045.0]">
        </property>
    </property>
    <property name="Annotation4" class="ptolemy.vergil.kernel.attributes.TextAttribute">
        <property name="textColor" class="ptolemy.actor.gui.ColorAttribute" value="{0.2,0.2,0.2,1.0}">
        </property>
        <property name="text" class="ptolemy.kernel.util.StringAttribute" value="Description:&#10;&#10;Simple test of the HLA static multi instance . &#10;&#10;The test shows:&#10;&#10;- a sender which publishes updates of the attribute values 'val1'&#10;adn 'val2' using  two distinct instance names 'instance1' and 'instance2'.&#10;&#10;- a receiver which deploys two HLA subscribers to receive updates&#10;of attribute values 'val1' and 'val2 ' with the two distinct instance names&#10;'instance1' and 'instance2'.">
        </property>
        <property name="_location" class="ptolemy.kernel.util.Location" value="[60.0, 605.0]">
        </property>
    </property>
    <property name="Annotation5" class="ptolemy.vergil.kernel.attributes.TextAttribute">
        <property name="text" class="ptolemy.kernel.util.StringAttribute" value="- DistributedReceiver1 model: first federate to be launched.">
        </property>
        <property name="_location" class="ptolemy.kernel.util.Location" value="[65.0, 835.0]">
        </property>
        <property name="LiveLink" class="ptolemy.actor.gui.LiveLink" value="$CLASSPATH/org/hlacerti/test/auto/StaticMultiInstance/2Values2Instances/DistributedReceiver1.xml">
            <property name="_hideName" class="ptolemy.kernel.util.SingletonAttribute">
            </property>
            <property name="_icon" class="ptolemy.vergil.icon.ValueIcon">
                <property name="_color" class="ptolemy.actor.gui.ColorAttribute" value="{0.0, 0.0, 1.0, 1.0}">
                </property>
            </property>
            <property name="_smallIconDescription" class="ptolemy.kernel.util.SingletonConfigurableAttribute">
            </property>
            <property name="_editorFactory" class="ptolemy.vergil.toolbox.VisibleParameterEditorFactory">
            </property>
            <property name="_location" class="ptolemy.kernel.util.Location" value="{395, 280}">
            </property>
        </property>
        <property name="IconLink" class="ptolemy.vergil.basic.export.web.IconLink" value="http://ptolemy.eecs.berkeley.edu/ptolemyII/ptII11.0/ptII/org/hlacerti/test/auto/StaticMultiInstance/2Values2Instances/DistributedReceiver1/index.html">
            <property name="linkTarget" class="ptolemy.vergil.basic.export.web.LinkTarget" value="_self">
            </property>
            <property name="_location" class="ptolemy.kernel.util.Location" value="{450, 180}">
            </property>
        </property>
    </property>
    <property name="enableBackwardTypeInference" class="ptolemy.data.expr.Parameter" value="false">
    </property>
    <property name="Annotation2" class="ptolemy.vergil.kernel.attributes.TextAttribute">
        <property name="text" class="ptolemy.kernel.util.StringAttribute" value="- DistributedSender1 model: last federate to be launched.">
        </property>
        <property name="_location" class="ptolemy.kernel.util.Location" value="[65.0, 855.0]">
        </property>
        <property name="LiveLink" class="ptolemy.actor.gui.LiveLink" value="$CLASSPATH/org/hlacerti/test/auto/StaticMultiInstance/2Values2Instances/DistributedSender1.xml">
            <property name="_hideName" class="ptolemy.kernel.util.SingletonAttribute">
            </property>
            <property name="_icon" class="ptolemy.vergil.icon.ValueIcon">
                <property name="_color" class="ptolemy.actor.gui.ColorAttribute" value="{0.0, 0.0, 1.0, 1.0}">
                </property>
            </property>
            <property name="_smallIconDescription" class="ptolemy.kernel.util.SingletonConfigurableAttribute">
            </property>
            <property name="_editorFactory" class="ptolemy.vergil.toolbox.VisibleParameterEditorFactory">
            </property>
            <property name="_location" class="ptolemy.kernel.util.Location" value="{395, 280}">
            </property>
        </property>
        <property name="IconLink" class="ptolemy.vergil.basic.export.web.IconLink" value="http://ptolemy.eecs.berkeley.edu/ptolemyII/ptII11.0/ptII/org/hlacerti/test/auto/StaticMultiInstance/2Values2Instances/DistributedSender1/index.html">
            <property name="linkTarget" class="ptolemy.vergil.basic.export.web.LinkTarget" value="_self">
            </property>
            <property name="_location" class="ptolemy.kernel.util.Location" value="{450, 180}">
            </property>
        </property>
    </property>
    <property name="Annotation3" class="ptolemy.vergil.kernel.attributes.TextAttribute">
        <property name="textColor" class="ptolemy.actor.gui.ColorAttribute" value="{0.0, 0.0, 1.0, 1.0}">
        </property>
        <property name="text" class="ptolemy.kernel.util.StringAttribute" value="Models:&#10;">
        </property>
        <property name="_location" class="ptolemy.kernel.util.Location" value="[60.0, 810.0]">
        </property>
    </property>
    <property name="Annotation6" class="ptolemy.vergil.kernel.attributes.TextAttribute">
        <property name="textSize" class="ptolemy.data.expr.Parameter" value="18">
        </property>
        <property name="textColor" class="ptolemy.actor.gui.ColorAttribute" value="{1.0,0.0,0.0,1.0}">
        </property>
        <property name="text" class="ptolemy.kernel.util.StringAttribute" value="PtolemyII - HLA/CERTI framework&#10;&#10;--------------------------------------------------------------&#10;Model type: &#10;             Test&#10;&#10;Feature:&#10;             Static HLA multi instance&#10;&#10;Expected result:&#10;             This test must succeed&#10;----------------------------------------------------------------&#10;&#10;">
        </property>
        <property name="_location" class="ptolemy.kernel.util.Location" value="[60.0, 355.0]">
        </property>
    </property>
    <property name="Director" class="ptolemy.actor.Director">
        <doc>Simple director that executes actors in the order in which they were created.</doc>
        <property name="iterations" class="ptolemy.data.expr.Parameter" value="0">
        </property>
        <property name="_location" class="ptolemy.kernel.util.Location" value="[130.0, 950.0]">
        </property>
    </property>
    <property name="Annotation" class="ptolemy.vergil.kernel.attributes.TextAttribute">
        <property name="textColor" class="ptolemy.actor.gui.ColorAttribute" value="{0.0, 0.0, 1.0, 1.0}">
        </property>
        <property name="text" class="ptolemy.kernel.util.StringAttribute" value="Automated execution:&#10;">
        </property>
        <property name="_location" class="ptolemy.kernel.util.Location" value="[60.0, 900.0]">
        </property>
    </property>
    <entity name="DistributedReceiver1" class="ptolemy.vergil.actor.lib.VisualModelReference">
        <property name="modelFileOrURL" class="ptolemy.actor.parameters.FilePortParameter" value="StaticMultiInstance/2Values2Instances/DistributedReceiver1.xml">
        </property>
        <property name="executionOnFiring" class="ptolemy.data.expr.StringParameter" value="run in a new thread">
        </property>
        <property name="lingerTime" class="ptolemy.data.expr.Parameter" value="100L">
        </property>
        <property name="spawnSeparateModels" class="ptolemy.data.expr.Parameter" value="false">
        </property>
        <property name="openOnFiring" class="ptolemy.data.expr.StringParameter" value="open in Vergil">
        </property>
        <property name="_location" class="ptolemy.kernel.util.Location" value="[270.0, 1010.0]">
        </property>
    </entity>
    <entity name="DistributedSender1" class="ptolemy.vergil.actor.lib.VisualModelReference">
        <property name="modelFileOrURL" class="ptolemy.actor.parameters.FilePortParameter" value="StaticMultiInstance/2Values2Instances/DistributedSender1.xml">
        </property>
        <property name="executionOnFiring" class="ptolemy.data.expr.StringParameter" value="run in a new thread">
        </property>
        <property name="lingerTime" class="ptolemy.data.expr.Parameter" value="0L">
        </property>
        <property name="spawnSeparateModels" class="ptolemy.data.expr.Parameter" value="false">
        </property>
        <property name="openOnFiring" class="ptolemy.data.expr.StringParameter" value="open in Vergil">
        </property>
        <property name="_location" class="ptolemy.kernel.util.Location" value="[270.0, 955.0]">
        </property>
    </entity>
    <entity name="Stop" class="ptolemy.actor.lib.Stop">
        <property name="_location" class="ptolemy.kernel.util.Location" value="[135.0, 1000.0]">
        </property>
    </entity>
</entity>




==== $PTII/ptolemy/configs/test/validDemos.tcl: validDemos-2840 Validating parse of /home/travis/build/icyphy/ptII/ptolemy/configs/test/../../../org/hlacerti/test/auto/2Values2Instances.xml after removing configure
==== Contents of test case:

	    set errMsg {}
	    if [catch {java::call ptolemy.configs.test.ValidatingXMLParser parse $filename} errMsg] {
		puts "Could not parse $modelPath, file $filename was"
		# Print out the contents of the failed file.
		# A common failure is a version control system conflict.
		set fp [open $filename r]
		puts [read $fp]
		close $fp
	    }

	    list $errMsg
	
==== Result was:
{com.sun.org.apache.xerces.internal.impl.io.MalformedByteSequenceException: Invalid byte 2 of 3-byte UTF-8 sequence.}
---- Result should have been:
{}
---- validDemos-2840 FAILED
.Could not parse /home/travis/build/icyphy/ptII/ptolemy/configs/test/../../../org/hlacerti/test/auto/StaticMultiInstanceJoker/1Value2Instances2Jokers/DistributedReceiver1.xml, file /tmp/validDemos3326167223441030440.xml was
<?xml version="1.0" standalone="no"?>
<!DOCTYPE entity PUBLIC "-//UC Berkeley//DTD MoML 1//EN"
    "http://ptolemy.eecs.berkeley.edu/xml/dtd/MoML_1.dtd">
<entity name="DistributedReceiver1" class="ptolemy.actor.TypedCompositeActor">
    <property name="_createdBy" class="ptolemy.kernel.attributes.VersionAttribute" value="11.0.devel">
    </property>
    <property name="DE Director" class="ptolemy.domains.de.kernel.DEDirector">
        <property name="stopTime" class="ptolemy.data.expr.Parameter" value="stopTime">
        </property>
        <property name="_location" class="ptolemy.kernel.util.Location" value="[-35.0, 25.0]">
        </property>
    </property>
    <property name="_windowProperties" class="ptolemy.actor.gui.WindowPropertiesAttribute" value="{bounds={59, 101, 916, 737}, maximized=false}">
    </property>
    <property name="_vergilSize" class="ptolemy.actor.gui.SizeAttribute" value="[682, 627]">
    </property>
    <property name="_vergilZoomFactor" class="ptolemy.data.expr.ExpertParameter" value="0.8809269724485009">
    </property>
    <property name="_vergilCenter" class="ptolemy.data.expr.ExpertParameter" value="{293.41640624999997, 339.6758521670387}">
    </property>
    <property name="HlaManager" class="org.hlacerti.lib.HlaManager">
        <property name="federateName" class="ptolemy.data.expr.Parameter" value="&quot;Receiver1&quot;">
            <display name="Federate's name"/>
        </property>
        <property name="federationName" class="ptolemy.data.expr.Parameter" value="&quot;StaticMultiInstanceJoker&quot;">
            <display name="Federation's name"/>
        </property>
        <property name="fedFile" class="ptolemy.data.expr.FileParameter" value="StaticMultiInstanceJoker.fed">
            <display name="Federate Object Model (.fed) file path"/>
        </property>
        <property name="timeManagementService" class="ptolemy.data.expr.ChoiceParameter" value="Time Advancement Request (TAR)">
            <display name="Time Management Service"/>
        </property>
        <property name="hlaTimeStep" class="ptolemy.data.expr.Parameter" value="TARTimeStep">
            <display name="*** If TAR is used, time step (s)"/>
        </property>
        <property name="hlaLookAHead" class="ptolemy.data.expr.Parameter" value="0.1">
            <display name="lookahead (s)"/>
        </property>
        <property name="enableHlaReporter" class="ptolemy.data.expr.Parameter" value="false">
            <display name="Generate HLA reports ?"/>
        </property>
        <property name="hlaReportPath" class="ptolemy.data.expr.FileParameter" value="testsResults">
            <display name="HLA report folder path"/>
        </property>
        <property name="_location" class="ptolemy.kernel.util.Location" value="[140.0, 25.0]">
        </property>
    </property>
    <property name="TARTimeStep" class="ptolemy.data.expr.Parameter" value="1">
        <property name="_hideName" class="ptolemy.kernel.util.SingletonAttribute">
        </property>
        <property name="_icon" class="ptolemy.vergil.icon.ValueIcon">
            <property name="_color" class="ptolemy.actor.gui.ColorAttribute" value="{0.0, 0.0, 1.0, 1.0}">
            </property>
        </property>
        <property name="_smallIconDescription" class="ptolemy.kernel.util.SingletonConfigurableAttribute">
        </property>
        <property name="_editorFactory" class="ptolemy.vergil.toolbox.VisibleParameterEditorFactory">
        </property>
        <property name="_location" class="ptolemy.kernel.util.Location" value="[250.0, 35.0]">
        </property>
    </property>
    <property name="stopTime" class="ptolemy.data.expr.Parameter" value="3">
        <property name="_hideName" class="ptolemy.kernel.util.SingletonAttribute">
        </property>
        <property name="_icon" class="ptolemy.vergil.icon.ValueIcon">
            <property name="_color" class="ptolemy.actor.gui.ColorAttribute" value="{0.0, 0.0, 1.0, 1.0}">
            </property>
        </property>
        <property name="_smallIconDescription" class="ptolemy.kernel.util.SingletonConfigurableAttribute">
        </property>
        <property name="_editorFactory" class="ptolemy.vergil.toolbox.VisibleParameterEditorFactory">
        </property>
        <property name="_location" class="ptolemy.kernel.util.Location" value="[250.0, 10.0]">
        </property>
    </property>
    <property name="Annotation3" class="ptolemy.vergil.kernel.attributes.TextAttribute">
        <property name="textSize" class="ptolemy.data.expr.Parameter" value="12">
        </property>
        <property name="textColor" class="ptolemy.actor.gui.ColorAttribute" value="{1.0,0.0,0.0,1.0}">
        </property>
        <property name="text" class="ptolemy.kernel.util.StringAttribute" value="First federate to be launched.&#10;">
        </property>
        <property name="_location" class="ptolemy.kernel.util.Location" value="[395.0, 25.0]">
        </property>
    </property>
    <property name="enableBackwardTypeInference" class="ptolemy.data.expr.Parameter" value="false">
    </property>
    <property name="Annotation2" class="ptolemy.vergil.kernel.attributes.TextAttribute">
        <property name="textSize" class="ptolemy.data.expr.Parameter" value="10">
        </property>
        <property name="textColor" class="ptolemy.actor.gui.ColorAttribute" value="{0.4,0.4,0.4,1.0}">
        </property>
        <property name="text" class="ptolemy.kernel.util.StringAttribute" value="Author: CIELE Ing�nierie (http://www.ciele.fr), Janette Cardoso&#10;">
        </property>
        <property name="_location" class="ptolemy.kernel.util.Location" value="[395.0, 0.0]">
        </property>
    </property>
    <entity name="HlaSub" class="org.hlacerti.lib.HlaSubscriber">
        <property name="attributeName" class="ptolemy.data.expr.Parameter" value="&quot;val1&quot;">
            <display name="Name of the attribute to receive"/>
        </property>
        <property name="classObjectName" class="ptolemy.data.expr.Parameter" value="&quot;ValueTransfer&quot;">
            <display name="Object class in FOM"/>
        </property>
        <property name="classInstanceName" class="ptolemy.data.expr.Parameter" value="&quot;joker_1&quot;">
            <display name="Name of the HLA class instance"/>
        </property>
        <property name="typeSelector" class="ptolemy.data.expr.StringParameter" value="int">
            <display name="type of the parameter"/>
        </property>
        <property name="_location" class="ptolemy.kernel.util.Location" value="{-17.96406249999997, 147.37608695652173}">
        </property>
    </entity>
    <entity name="HlaSub2" class="org.hlacerti.lib.HlaSubscriber">
        <property name="attributeName" class="ptolemy.data.expr.Parameter" value="&quot;val1&quot;">
            <display name="Name of the attribute to receive"/>
        </property>
        <property name="classObjectName" class="ptolemy.data.expr.Parameter" value="&quot;ValueTransfer&quot;">
            <display name="Object class in FOM"/>
        </property>
        <property name="classInstanceName" class="ptolemy.data.expr.Parameter" value="&quot;joker_2&quot;">
            <display name="Name of the HLA class instance"/>
        </property>
        <property name="typeSelector" class="ptolemy.data.expr.StringParameter" value="int">
            <display name="type of the parameter"/>
        </property>
        <property name="_location" class="ptolemy.kernel.util.Location" value="{-22.96406249999997, 442.3760869565217}">
        </property>
    </entity>
    <entity name="HlaSub2 - val" class="ptolemy.actor.lib.gui.Display">
        <property name="_windowProperties" class="ptolemy.actor.gui.WindowPropertiesAttribute" value="{bounds={1031, 507, 407, 387}, maximized=false}">
        </property>
        <property name="_paneSize" class="ptolemy.actor.gui.SizeAttribute" value="[407, 343]">
        </property>
        <property name="_location" class="ptolemy.kernel.util.Location" value="{542.0359375, 467.3760869565217}">
        </property>
    </entity>
    <entity name="HlaSub1 - val" class="ptolemy.actor.lib.gui.Display">
        <property name="_windowProperties" class="ptolemy.actor.gui.WindowPropertiesAttribute" value="{bounds={633, 507, 407, 387}, maximized=false}">
        </property>
        <property name="_paneSize" class="ptolemy.actor.gui.SizeAttribute" value="[407, 343]">
        </property>
        <property name="_location" class="ptolemy.kernel.util.Location" value="{532.0359375, 187.3760869565217}">
        </property>
    </entity>
    <entity name="HlaSub1 - test - Value" class="ptolemy.actor.lib.Test">
        <property name="correctValues" class="ptolemy.data.expr.Parameter" value="{20, 22}">
        </property>
        <property name="trainingMode" class="ptolemy.actor.parameters.SharedParameter" value="false">
        </property>
        <property name="_location" class="ptolemy.kernel.util.Location" value="{542.0359375, 122.37608695652173}">
        </property>
    </entity>
    <entity name="HlaSub1 - test - Time" class="ptolemy.actor.lib.Test">
        <property name="correctValues" class="ptolemy.data.expr.Parameter" value="{1.0, 3.0}">
        </property>
        <property name="_location" class="ptolemy.kernel.util.Location" value="{537.0359375, 247.37608695652173}">
        </property>
    </entity>
    <entity name="HlaSub1 - test - Microstep" class="ptolemy.actor.lib.Test">
        <property name="correctValues" class="ptolemy.data.expr.Parameter" value="{1, 1}">
        </property>
        <property name="trainingMode" class="ptolemy.actor.parameters.SharedParameter" value="false">
        </property>
        <property name="_location" class="ptolemy.kernel.util.Location" value="{537.0359375, 317.3760869565217}">
        </property>
    </entity>
    <entity name="CurrentTime" class="ptolemy.actor.lib.CurrentTime">
        <doc>Output the current time.</doc>
        <property name="_location" class="ptolemy.kernel.util.Location" value="{207.03593750000005, 222.37608695652173}">
        </property>
    </entity>
    <entity name="CurrentMicrostep" class="ptolemy.actor.lib.CurrentMicrostep">
        <doc>Output the current microstep.</doc>
        <property name="_location" class="ptolemy.kernel.util.Location" value="{212.03593750000005, 292.3760869565217}">
        </property>
    </entity>
    <entity name="RecordAssembler" class="ptolemy.actor.lib.RecordAssembler">
        <property name="_location" class="ptolemy.kernel.util.Location" value="{372.03593750000005, 167.37608695652173}">
        </property>
        <port name="value" class="ptolemy.actor.TypedIOPort">
            <property name="input"/>
            <property name="_showName" class="ptolemy.data.expr.SingletonParameter" value="true">
            </property>
        </port>
        <port name="time" class="ptolemy.actor.TypedIOPort">
            <property name="input"/>
            <property name="_showName" class="ptolemy.data.expr.SingletonParameter" value="true">
            </property>
        </port>
        <port name="microstep" class="ptolemy.actor.TypedIOPort">
            <property name="input"/>
            <property name="_showName" class="ptolemy.data.expr.SingletonParameter" value="true">
            </property>
        </port>
    </entity>
    <entity name="CurrentTime2" class="ptolemy.actor.lib.CurrentTime">
        <doc>Output the current time.</doc>
        <property name="_location" class="ptolemy.kernel.util.Location" value="{212.03593750000005, 502.3760869565217}">
        </property>
    </entity>
    <entity name="CurrentMicrostep2" class="ptolemy.actor.lib.CurrentMicrostep">
        <doc>Output the current microstep.</doc>
        <property name="_location" class="ptolemy.kernel.util.Location" value="{217.03593750000005, 572.3760869565217}">
        </property>
    </entity>
    <entity name="RecordAssembler2" class="ptolemy.actor.lib.RecordAssembler">
        <property name="_location" class="ptolemy.kernel.util.Location" value="{377.03593750000005, 447.3760869565217}">
        </property>
        <port name="value" class="ptolemy.actor.TypedIOPort">
            <property name="input"/>
            <property name="_showName" class="ptolemy.data.expr.SingletonParameter" value="true">
            </property>
        </port>
        <port name="time" class="ptolemy.actor.TypedIOPort">
            <property name="input"/>
            <property name="_showName" class="ptolemy.data.expr.SingletonParameter" value="true">
            </property>
        </port>
        <port name="microstep" class="ptolemy.actor.TypedIOPort">
            <property name="input"/>
            <property name="_showName" class="ptolemy.data.expr.SingletonParameter" value="true">
            </property>
        </port>
    </entity>
    <entity name="HlaSub2 - test - Microstep" class="ptolemy.actor.lib.Test">
        <property name="correctValues" class="ptolemy.data.expr.Parameter" value="{1, 2, 1, 2}">
        </property>
        <property name="trainingMode" class="ptolemy.actor.parameters.SharedParameter" value="false">
        </property>
        <property name="_location" class="ptolemy.kernel.util.Location" value="{542.0359375, 597.3760869565217}">
        </property>
    </entity>
    <entity name="HlaSub2 - test - Time" class="ptolemy.actor.lib.Test">
        <property name="correctValues" class="ptolemy.data.expr.Parameter" value="{1.0, 1.0, 3.0, 3.0}">
        </property>
        <property name="_location" class="ptolemy.kernel.util.Location" value="{542.0359375, 527.3760869565217}">
        </property>
    </entity>
    <entity name="HlaSub2 - test - Value" class="ptolemy.actor.lib.Test">
        <property name="correctValues" class="ptolemy.data.expr.Parameter" value="{10, 11, 12, 13}">
        </property>
        <property name="trainingMode" class="ptolemy.actor.parameters.SharedParameter" value="false">
        </property>
        <property name="_location" class="ptolemy.kernel.util.Location" value="{542.0359375, 402.3760869565217}">
        </property>
    </entity>
    <relation name="relation" class="ptolemy.actor.TypedIORelation">
        <property name="width" class="ptolemy.data.expr.Parameter" value="-1">
        </property>
        <vertex name="vertex1" value="{102.03593750000003, 147.37608695652173}">
        </vertex>
    </relation>
    <relation name="relation2" class="ptolemy.actor.TypedIORelation">
    </relation>
    <relation name="relation3" class="ptolemy.actor.TypedIORelation">
        <property name="width" class="ptolemy.data.expr.Parameter" value="-1">
        </property>
        <vertex name="vertex1" value="{102.03593750000003, 442.3760869565217}">
        </vertex>
    </relation>
    <relation name="relation4" class="ptolemy.actor.TypedIORelation">
    </relation>
    <relation name="relation5" class="ptolemy.actor.TypedIORelation">
        <property name="width" class="ptolemy.data.expr.Parameter" value="-1">
        </property>
        <vertex name="vertex1" value="{277.03593750000005, 212.37608695652173}">
        </vertex>
    </relation>
    <relation name="relation6" class="ptolemy.actor.TypedIORelation">
        <property name="width" class="ptolemy.data.expr.Parameter" value="-1">
        </property>
        <vertex name="vertex1" value="{337.03593750000005, 292.3760869565217}">
        </vertex>
    </relation>
    <relation name="relation7" class="ptolemy.actor.TypedIORelation">
        <property name="width" class="ptolemy.data.expr.Parameter" value="-1">
        </property>
        <vertex name="vertex1" value="{352.03593750000005, 572.3760869565217}">
        </vertex>
    </relation>
    <relation name="relation8" class="ptolemy.actor.TypedIORelation">
        <property name="width" class="ptolemy.data.expr.Parameter" value="-1">
        </property>
        <vertex name="vertex1" value="{307.03593750000005, 502.3760869565217}">
        </vertex>
    </relation>
    <link port="HlaSub.output" relation="relation"/>
    <link port="HlaSub2.output" relation="relation3"/>
    <link port="HlaSub2 - val.input" relation="relation4"/>
    <link port="HlaSub1 - val.input" relation="relation2"/>
    <link port="HlaSub1 - test - Value.input" relation="relation"/>
    <link port="HlaSub1 - test - Time.input" relation="relation5"/>
    <link port="HlaSub1 - test - Microstep.input" relation="relation6"/>
    <link port="CurrentTime.output" relation="relation5"/>
    <link port="CurrentTime.trigger" relation="relation"/>
    <link port="CurrentMicrostep.output" relation="relation6"/>
    <link port="CurrentMicrostep.trigger" relation="relation"/>
    <link port="RecordAssembler.output" relation="relation2"/>
    <link port="RecordAssembler.value" relation="relation"/>
    <link port="RecordAssembler.time" relation="relation5"/>
    <link port="RecordAssembler.microstep" relation="relation6"/>
    <link port="CurrentTime2.output" relation="relation8"/>
    <link port="CurrentTime2.trigger" relation="relation3"/>
    <link port="CurrentMicrostep2.output" relation="relation7"/>
    <link port="CurrentMicrostep2.trigger" relation="relation3"/>
    <link port="RecordAssembler2.output" relation="relation4"/>
    <link port="RecordAssembler2.value" relation="relation3"/>
    <link port="RecordAssembler2.time" relation="relation8"/>
    <link port="RecordAssembler2.microstep" relation="relation7"/>
    <link port="HlaSub2 - test - Microstep.input" relation="relation7"/>
    <link port="HlaSub2 - test - Time.input" relation="relation8"/>
    <link port="HlaSub2 - test - Value.input" relation="relation3"/>
</entity>




==== $PTII/ptolemy/configs/test/validDemos.tcl: validDemos-2841 Validating parse of /home/travis/build/icyphy/ptII/ptolemy/configs/test/../../../org/hlacerti/test/auto/StaticMultiInstanceJoker/1Value2Instances2Jokers/DistributedReceiver1.xml after removing configure
==== Contents of test case:

	    set errMsg {}
	    if [catch {java::call ptolemy.configs.test.ValidatingXMLParser parse $filename} errMsg] {
		puts "Could not parse $modelPath, file $filename was"
		# Print out the contents of the failed file.
		# A common failure is a version control system conflict.
		set fp [open $filename r]
		puts [read $fp]
		close $fp
	    }

	    list $errMsg
	
==== Result was:
{com.sun.org.apache.xerces.internal.impl.io.MalformedByteSequenceException: Invalid byte 2 of 3-byte UTF-8 sequence.}
---- Result should have been:
{}
---- validDemos-2841 FAILED
.Could not parse /home/travis/build/icyphy/ptII/ptolemy/configs/test/../../../org/hlacerti/test/auto/StaticMultiInstanceJoker/1Value2Instances2Jokers/StaticMultiInstanceJoker.xml, file /tmp/validDemos3326167223441030440.xml was
<?xml version="1.0" standalone="no"?>
<!DOCTYPE entity PUBLIC "-//UC Berkeley//DTD MoML 1//EN"
    "http://ptolemy.eecs.berkeley.edu/xml/dtd/MoML_1.dtd">
<entity name="StaticMultiInstanceJoker" class="ptolemy.actor.TypedCompositeActor">
    <property name="_createdBy" class="ptolemy.kernel.attributes.VersionAttribute" value="11.0.devel">
    </property>
    <property name="_windowProperties" class="ptolemy.actor.gui.WindowPropertiesAttribute" value="{bounds={308, 22, 719, 878}, maximized=false}">
    </property>
    <property name="_vergilSize" class="ptolemy.actor.gui.SizeAttribute" value="[485, 768]">
    </property>
    <property name="_vergilZoomFactor" class="ptolemy.data.expr.ExpertParameter" value="1.0022749002670535">
    </property>
    <property name="_vergilCenter" class="ptolemy.data.expr.ExpertParameter" value="{300.9609374999999, 737.139769736842}">
    </property>
    <property name="Annotation999" class="ptolemy.vergil.kernel.attributes.TextAttribute">
        <property name="textSize" class="ptolemy.data.expr.Parameter" value="14">
        </property>
        <property name="textColor" class="ptolemy.actor.gui.ColorAttribute" value="{0.003921569,0.003921569,0.003921569,1.0}">
        </property>
        <property name="text" class="ptolemy.kernel.util.StringAttribute" value="Author: CIELE Ing�nierie (http://www.ciele.fr)">
        </property>
        <property name="_location" class="ptolemy.kernel.util.Location" value="[65.0, 1055.0]">
        </property>
    </property>
    <property name="Annotation4" class="ptolemy.vergil.kernel.attributes.TextAttribute">
        <property name="textColor" class="ptolemy.actor.gui.ColorAttribute" value="{0.2,0.2,0.2,1.0}">
        </property>
        <property name="text" class="ptolemy.kernel.util.StringAttribute" value="Description:&#10;&#10;Simple test of the HLA static multi instance with joker usage. &#10;&#10;The test shows:&#10;&#10;- a sender which publishes updates of the attribute value 'val1'&#10;using  two distinct instance names 'instance1' and 'instance2'.&#10;&#10;- a receiver which deploys two HLA subscribers to receive updates&#10;of attribute value 'val1' using 'joker_1' and 'joker_2' as wildcard.">
        </property>
        <property name="_location" class="ptolemy.kernel.util.Location" value="[60.0, 605.0]">
        </property>
    </property>
    <property name="Annotation5" class="ptolemy.vergil.kernel.attributes.TextAttribute">
        <property name="text" class="ptolemy.kernel.util.StringAttribute" value="- DistributedReceiver1 model: first federate to be launched.">
        </property>
        <property name="_location" class="ptolemy.kernel.util.Location" value="[70.0, 815.0]">
        </property>
        <property name="LiveLink" class="ptolemy.actor.gui.LiveLink" value="$CLASSPATH/org/hlacerti/test/auto/StaticMultiInstanceJoker/1Value2Instances2Jokers/DistributedReceiver1.xml">
            <property name="_hideName" class="ptolemy.kernel.util.SingletonAttribute">
            </property>
            <property name="_icon" class="ptolemy.vergil.icon.ValueIcon">
                <property name="_color" class="ptolemy.actor.gui.ColorAttribute" value="{0.0, 0.0, 1.0, 1.0}">
                </property>
            </property>
            <property name="_smallIconDescription" class="ptolemy.kernel.util.SingletonConfigurableAttribute">
            </property>
            <property name="_editorFactory" class="ptolemy.vergil.toolbox.VisibleParameterEditorFactory">
            </property>
            <property name="_location" class="ptolemy.kernel.util.Location" value="{395, 280}">
            </property>
        </property>
        <property name="IconLink" class="ptolemy.vergil.basic.export.web.IconLink" value="http://ptolemy.eecs.berkeley.edu/ptolemyII/ptII11.0/ptII/org/hlacerti/test/auto/StaticMultiInstanceJoker/1Value2Instances2Jokers/DistributedReceiver1/index.html">
            <property name="linkTarget" class="ptolemy.vergil.basic.export.web.LinkTarget" value="_self">
            </property>
            <property name="_location" class="ptolemy.kernel.util.Location" value="{450, 180}">
            </property>
        </property>
    </property>
    <property name="enableBackwardTypeInference" class="ptolemy.data.expr.Parameter" value="false">
    </property>
    <property name="Annotation2" class="ptolemy.vergil.kernel.attributes.TextAttribute">
        <property name="text" class="ptolemy.kernel.util.StringAttribute" value="- DistributedSender1 model: last federate to be launched.">
        </property>
        <property name="_location" class="ptolemy.kernel.util.Location" value="[70.0, 835.0]">
        </property>
        <property name="LiveLink" class="ptolemy.actor.gui.LiveLink" value="$CLASSPATH/org/hlacerti/test/auto/StaticMultiInstanceJoker/1Value2Instances2Jokers/DistributedSender1.xml">
            <property name="_hideName" class="ptolemy.kernel.util.SingletonAttribute">
            </property>
            <property name="_icon" class="ptolemy.vergil.icon.ValueIcon">
                <property name="_color" class="ptolemy.actor.gui.ColorAttribute" value="{0.0, 0.0, 1.0, 1.0}">
                </property>
            </property>
            <property name="_smallIconDescription" class="ptolemy.kernel.util.SingletonConfigurableAttribute">
            </property>
            <property name="_editorFactory" class="ptolemy.vergil.toolbox.VisibleParameterEditorFactory">
            </property>
            <property name="_location" class="ptolemy.kernel.util.Location" value="{395, 280}">
            </property>
        </property>
        <property name="IconLink" class="ptolemy.vergil.basic.export.web.IconLink" value="http://ptolemy.eecs.berkeley.edu/ptolemyII/ptII11.0/ptII/org/hlacerti/test/auto/StaticMultiInstanceJoker/1Value2Instances2Jokers/DistributedSender1/index.html">
            <property name="linkTarget" class="ptolemy.vergil.basic.export.web.LinkTarget" value="_self">
            </property>
            <property name="_location" class="ptolemy.kernel.util.Location" value="{450, 180}">
            </property>
        </property>
    </property>
    <property name="Annotation3" class="ptolemy.vergil.kernel.attributes.TextAttribute">
        <property name="textColor" class="ptolemy.actor.gui.ColorAttribute" value="{0.0, 0.0, 1.0, 1.0}">
        </property>
        <property name="text" class="ptolemy.kernel.util.StringAttribute" value="Models:&#10;">
        </property>
        <property name="_location" class="ptolemy.kernel.util.Location" value="[60.0, 795.0]">
        </property>
    </property>
    <property name="Annotation6" class="ptolemy.vergil.kernel.attributes.TextAttribute">
        <property name="textSize" class="ptolemy.data.expr.Parameter" value="18">
        </property>
        <property name="textColor" class="ptolemy.actor.gui.ColorAttribute" value="{1.0,0.0,0.0,1.0}">
        </property>
        <property name="text" class="ptolemy.kernel.util.StringAttribute" value="PtolemyII - HLA/CERTI framework&#10;&#10;--------------------------------------------------------------&#10;Model type: &#10;             Test - 1Value2Instances2Jokers&#10;&#10;Feature:&#10;             Static HLA multi instance with Joker wildcard&#10;&#10;Expected result:&#10;             This test must succeed&#10;----------------------------------------------------------------&#10;&#10;">
        </property>
        <property name="_location" class="ptolemy.kernel.util.Location" value="[60.0, 355.0]">
        </property>
    </property>
    <property name="Director" class="ptolemy.actor.Director">
        <doc>Simple director that executes actors in the order in which they were created.</doc>
        <property name="iterations" class="ptolemy.data.expr.Parameter" value="0">
        </property>
        <property name="_location" class="ptolemy.kernel.util.Location" value="[135.0, 955.0]">
        </property>
    </property>
    <property name="Annotation" class="ptolemy.vergil.kernel.attributes.TextAttribute">
        <property name="textColor" class="ptolemy.actor.gui.ColorAttribute" value="{0.0, 0.0, 1.0, 1.0}">
        </property>
        <property name="text" class="ptolemy.kernel.util.StringAttribute" value="Automated execution:&#10;">
        </property>
        <property name="_location" class="ptolemy.kernel.util.Location" value="[60.0, 895.0]">
        </property>
    </property>
    <entity name="DistributedReceiver" class="ptolemy.vergil.actor.lib.VisualModelReference">
        <property name="modelFileOrURL" class="ptolemy.actor.parameters.FilePortParameter" value="DistributedReceiver1.xml">
        </property>
        <property name="executionOnFiring" class="ptolemy.data.expr.StringParameter" value="run in a new thread">
        </property>
        <property name="lingerTime" class="ptolemy.data.expr.Parameter" value="100L">
        </property>
        <property name="spawnSeparateModels" class="ptolemy.data.expr.Parameter" value="false">
        </property>
        <property name="openOnFiring" class="ptolemy.data.expr.StringParameter" value="open in Vergil">
        </property>
        <property name="_location" class="ptolemy.kernel.util.Location" value="[290.0, 1010.0]">
        </property>
    </entity>
    <entity name="DistributedSender" class="ptolemy.vergil.actor.lib.VisualModelReference">
        <property name="modelFileOrURL" class="ptolemy.actor.parameters.FilePortParameter" value="DistributedSender1.xml">
        </property>
        <property name="executionOnFiring" class="ptolemy.data.expr.StringParameter" value="run in a new thread">
        </property>
        <property name="lingerTime" class="ptolemy.data.expr.Parameter" value="0L">
        </property>
        <property name="spawnSeparateModels" class="ptolemy.data.expr.Parameter" value="false">
        </property>
        <property name="openOnFiring" class="ptolemy.data.expr.StringParameter" value="open in Vergil">
        </property>
        <property name="_location" class="ptolemy.kernel.util.Location" value="[290.0, 955.0]">
        </property>
    </entity>
    <entity name="Stop" class="ptolemy.actor.lib.Stop">
        <property name="_location" class="ptolemy.kernel.util.Location" value="[130.0, 1015.0]">
        </property>
    </entity>
</entity>




==== $PTII/ptolemy/configs/test/validDemos.tcl: validDemos-2842 Validating parse of /home/travis/build/icyphy/ptII/ptolemy/configs/test/../../../org/hlacerti/test/auto/StaticMultiInstanceJoker/1Value2Instances2Jokers/StaticMultiInstanceJoker.xml after removing configure
==== Contents of test case:

	    set errMsg {}
	    if [catch {java::call ptolemy.configs.test.ValidatingXMLParser parse $filename} errMsg] {
		puts "Could not parse $modelPath, file $filename was"
		# Print out the contents of the failed file.
		# A common failure is a version control system conflict.
		set fp [open $filename r]
		puts [read $fp]
		close $fp
	    }

	    list $errMsg
	
==== Result was:
{com.sun.org.apache.xerces.internal.impl.io.MalformedByteSequenceException: Invalid byte 2 of 3-byte UTF-8 sequence.}
---- Result should have been:
{}
---- validDemos-2842 FAILED
.Could not parse /home/travis/build/icyphy/ptII/ptolemy/configs/test/../../../org/hlacerti/test/auto/StaticMultiInstanceJoker/1Value2Instances2Jokers/DistributedSender1.xml, file /tmp/validDemos3326167223441030440.xml was
<?xml version="1.0" standalone="no"?>
<!DOCTYPE entity PUBLIC "-//UC Berkeley//DTD MoML 1//EN"
    "http://ptolemy.eecs.berkeley.edu/xml/dtd/MoML_1.dtd">
<entity name="DistributedSender1" class="ptolemy.actor.TypedCompositeActor">
    <property name="_createdBy" class="ptolemy.kernel.attributes.VersionAttribute" value="11.0.devel">
    </property>
    <property name="DE Director" class="ptolemy.domains.de.kernel.DEDirector">
        <property name="stopTime" class="ptolemy.data.expr.Parameter" value="stopTime">
        </property>
        <property name="_location" class="ptolemy.kernel.util.Location" value="[10.0, 10.0]">
        </property>
    </property>
    <property name="TARTimeStep" class="ptolemy.data.expr.Parameter" value="2">
        <property name="_hideName" class="ptolemy.kernel.util.SingletonAttribute">
        </property>
        <property name="_icon" class="ptolemy.vergil.icon.ValueIcon">
            <property name="_color" class="ptolemy.actor.gui.ColorAttribute" value="{0.0, 0.0, 1.0, 1.0}">
            </property>
        </property>
        <property name="_smallIconDescription" class="ptolemy.kernel.util.SingletonConfigurableAttribute">
        </property>
        <property name="_editorFactory" class="ptolemy.vergil.toolbox.VisibleParameterEditorFactory">
        </property>
        <property name="_location" class="ptolemy.kernel.util.Location" value="[160.0, 15.0]">
        </property>
    </property>
    <property name="stopTime" class="ptolemy.data.expr.Parameter" value="3">
        <property name="_hideName" class="ptolemy.kernel.util.SingletonAttribute">
        </property>
        <property name="_icon" class="ptolemy.vergil.icon.ValueIcon">
            <property name="_color" class="ptolemy.actor.gui.ColorAttribute" value="{0.0, 0.0, 1.0, 1.0}">
            </property>
        </property>
        <property name="_smallIconDescription" class="ptolemy.kernel.util.SingletonConfigurableAttribute">
        </property>
        <property name="_editorFactory" class="ptolemy.vergil.toolbox.VisibleParameterEditorFactory">
        </property>
        <property name="_location" class="ptolemy.kernel.util.Location" value="[160.0, -9.999999999999972]">
        </property>
    </property>
    <property name="lah" class="ptolemy.data.expr.Parameter" value="0.01">
        <display name="Lookahead"/>
        <property name="_hideName" class="ptolemy.kernel.util.SingletonAttribute">
        </property>
        <property name="_icon" class="ptolemy.vergil.icon.ValueIcon">
            <property name="_color" class="ptolemy.actor.gui.ColorAttribute" value="{0.0, 0.0, 1.0, 1.0}">
            </property>
        </property>
        <property name="_smallIconDescription" class="ptolemy.kernel.util.SingletonConfigurableAttribute">
        </property>
        <property name="_editorFactory" class="ptolemy.vergil.toolbox.VisibleParameterEditorFactory">
        </property>
        <property name="_location" class="ptolemy.kernel.util.Location" value="[160.0, 40.0]">
        </property>
    </property>
    <property name="HlaManager" class="org.hlacerti.lib.HlaManager">
        <property name="federateName" class="ptolemy.data.expr.Parameter" value="&quot;Sender1&quot;">
            <display name="Federate's name"/>
        </property>
        <property name="federationName" class="ptolemy.data.expr.Parameter" value="&quot;StaticMultiInstanceJoker&quot;">
            <display name="Federation's name"/>
        </property>
        <property name="fedFile" class="ptolemy.data.expr.FileParameter" value="StaticMultiInstanceJoker.fed">
            <display name="Federate Object Model (.fed) file path"/>
        </property>
        <property name="timeManagementService" class="ptolemy.data.expr.ChoiceParameter" value="Time Advancement Request (TAR)">
            <display name="Time Management Service"/>
        </property>
        <property name="hlaTimeStep" class="ptolemy.data.expr.Parameter" value="TARTimeStep">
            <display name="*** If TAR is used, time step (s)"/>
        </property>
        <property name="hlaLookAHead" class="ptolemy.data.expr.Parameter" value="lah">
            <display name="lookahead (s)"/>
        </property>
        <property name="requireSynchronization" class="ptolemy.data.expr.Parameter" value="true">
            <display name="Require synchronization ?"/>
        </property>
        <property name="isCreator" class="ptolemy.data.expr.Parameter" value="true">
            <display name="Is synchronization point register ?"/>
        </property>
        <property name="enableHlaReporter" class="ptolemy.data.expr.Parameter" value="false">
            <display name="Generate HLA reports ?"/>
        </property>
        <property name="_location" class="ptolemy.kernel.util.Location" value="[100.0, 15.0]">
        </property>
    </property>
    <property name="_windowProperties" class="ptolemy.actor.gui.WindowPropertiesAttribute" value="{bounds={663, 217, 707, 632}, maximized=false}">
    </property>
    <property name="_vergilSize" class="ptolemy.actor.gui.SizeAttribute" value="[473, 522]">
    </property>
    <property name="_vergilZoomFactor" class="ptolemy.data.expr.ExpertParameter" value="1.269099246081511">
    </property>
    <property name="_vergilCenter" class="ptolemy.data.expr.ExpertParameter" value="{139.412841796875, 181.0264663201944}">
    </property>
    <property name="Annotation2" class="ptolemy.vergil.kernel.attributes.TextAttribute">
        <property name="textSize" class="ptolemy.data.expr.Parameter" value="10">
        </property>
        <property name="textColor" class="ptolemy.actor.gui.ColorAttribute" value="{0.4,0.4,0.4,1.0}">
        </property>
        <property name="text" class="ptolemy.kernel.util.StringAttribute" value="Author: CIELE Ing�nierie (http://www.ciele.fr), Janette Cardoso&#10;">
        </property>
        <property name="_location" class="ptolemy.kernel.util.Location" value="[-35.0, 300.0]">
        </property>
    </property>
    <property name="period_dc1" class="ptolemy.data.expr.Parameter" value="1">
        <property name="_hideName" class="ptolemy.kernel.util.SingletonAttribute">
        </property>
        <property name="_icon" class="ptolemy.vergil.icon.ValueIcon">
            <property name="_color" class="ptolemy.actor.gui.ColorAttribute" value="{0.0, 0.0, 1.0, 1.0}">
            </property>
        </property>
        <property name="_smallIconDescription" class="ptolemy.kernel.util.SingletonConfigurableAttribute">
        </property>
        <property name="_editorFactory" class="ptolemy.vergil.toolbox.VisibleParameterEditorFactory">
        </property>
        <property name="_location" class="ptolemy.kernel.util.Location" value="[-30.0, 45.0]">
        </property>
    </property>
    <property name="Annotation" class="ptolemy.vergil.kernel.attributes.TextAttribute">
        <property name="textSize" class="ptolemy.data.expr.Parameter" value="10">
        </property>
        <property name="textColor" class="ptolemy.actor.gui.ColorAttribute" value="{1.0,0.0,0.0,1.0}">
        </property>
        <property name="text" class="ptolemy.kernel.util.StringAttribute" value="Last federate to be launched.&#10;">
        </property>
        <property name="_location" class="ptolemy.kernel.util.Location" value="[165.0, 70.0]">
        </property>
    </property>
    <property name="period_dc2" class="ptolemy.data.expr.Parameter" value="2">
        <property name="_hideName" class="ptolemy.kernel.util.SingletonAttribute">
        </property>
        <property name="_icon" class="ptolemy.vergil.icon.ValueIcon">
            <property name="_color" class="ptolemy.actor.gui.ColorAttribute" value="{0.0, 0.0, 1.0, 1.0}">
            </property>
        </property>
        <property name="_smallIconDescription" class="ptolemy.kernel.util.SingletonConfigurableAttribute">
        </property>
        <property name="_editorFactory" class="ptolemy.vergil.toolbox.VisibleParameterEditorFactory">
        </property>
        <property name="_location" class="ptolemy.kernel.util.Location" value="[-30.0, 65.0]">
        </property>
    </property>
    <property name="hla_value_dc1" class="ptolemy.data.expr.Parameter" value="10">
        <property name="_hideName" class="ptolemy.kernel.util.SingletonAttribute">
        </property>
        <property name="_icon" class="ptolemy.vergil.icon.ValueIcon">
            <property name="_color" class="ptolemy.actor.gui.ColorAttribute" value="{0.0, 0.0, 1.0, 1.0}">
            </property>
        </property>
        <property name="_smallIconDescription" class="ptolemy.kernel.util.SingletonConfigurableAttribute">
        </property>
        <property name="_editorFactory" class="ptolemy.vergil.toolbox.VisibleParameterEditorFactory">
        </property>
        <property name="_location" class="ptolemy.kernel.util.Location" value="[85.0, 175.0]">
        </property>
    </property>
    <property name="hla_value_dc2" class="ptolemy.data.expr.Parameter" value="20">
        <property name="_hideName" class="ptolemy.kernel.util.SingletonAttribute">
        </property>
        <property name="_icon" class="ptolemy.vergil.icon.ValueIcon">
            <property name="_color" class="ptolemy.actor.gui.ColorAttribute" value="{0.0, 0.0, 1.0, 1.0}">
            </property>
        </property>
        <property name="_smallIconDescription" class="ptolemy.kernel.util.SingletonConfigurableAttribute">
        </property>
        <property name="_editorFactory" class="ptolemy.vergil.toolbox.VisibleParameterEditorFactory">
        </property>
        <property name="_location" class="ptolemy.kernel.util.Location" value="[85.0, 280.0]">
        </property>
    </property>
    <entity name="DiscreteClock1" class="ptolemy.actor.lib.DiscreteClock">
        <property name="period" class="ptolemy.actor.parameters.PortParameter" value="period_dc1">
        </property>
        <property name="values" class="ptolemy.data.expr.Parameter" value="{hla_value_dc1}">
        </property>
        <doc>Create periodic timed events.</doc>
        <property name="_location" class="ptolemy.kernel.util.Location" value="[15.0, 125.0]">
        </property>
    </entity>
    <entity name="DiscreteClock2" class="ptolemy.actor.lib.DiscreteClock">
        <property name="period" class="ptolemy.actor.parameters.PortParameter" value="period_dc2">
        </property>
        <property name="values" class="ptolemy.data.expr.Parameter" value="{hla_value_dc2}">
        </property>
        <doc>Create periodic timed events.</doc>
        <property name="_location" class="ptolemy.kernel.util.Location" value="[15.0, 230.0]">
        </property>
    </entity>
    <entity name="HlaPublisher" class="org.hlacerti.lib.HlaPublisher">
        <property name="attributeName" class="ptolemy.data.expr.Parameter" value="&quot;val1&quot;">
            <display name="Name of the attribute to receive"/>
        </property>
        <property name="classObjectName" class="ptolemy.data.expr.Parameter" value="&quot;ValueTransfer&quot;">
            <display name="Object class in FOM"/>
        </property>
        <property name="classInstanceName" class="ptolemy.data.expr.Parameter" value="&quot;instance1&quot;">
            <display name="Name of the HLA class instance"/>
        </property>
        <property name="_location" class="ptolemy.kernel.util.Location" value="[255.0, 125.0]">
        </property>
    </entity>
    <entity name="HlaPublisher2" class="org.hlacerti.lib.HlaPublisher">
        <property name="attributeName" class="ptolemy.data.expr.Parameter" value="&quot;val1&quot;">
            <display name="Name of the attribute to receive"/>
        </property>
        <property name="classObjectName" class="ptolemy.data.expr.Parameter" value="&quot;ValueTransfer&quot;">
            <display name="Object class in FOM"/>
        </property>
        <property name="classInstanceName" class="ptolemy.data.expr.Parameter" value="&quot;instance2&quot;">
            <display name="Name of the HLA class instance"/>
        </property>
        <property name="_location" class="ptolemy.kernel.util.Location" value="[255.0, 230.0]">
        </property>
    </entity>
    <entity name="Ramp" class="ptolemy.actor.lib.Ramp">
        <property name="init" class="ptolemy.actor.parameters.PortParameter" value="hla_value_dc1">
        </property>
        <property name="step" class="ptolemy.actor.parameters.PortParameter" value="period_dc1">
        </property>
        <doc>Create a sequence of tokens with increasing value</doc>
        <property name="_location" class="ptolemy.kernel.util.Location" value="[110.0, 140.0]">
        </property>
    </entity>
    <entity name="Ramp2" class="ptolemy.actor.lib.Ramp">
        <property name="init" class="ptolemy.actor.parameters.PortParameter" value="hla_value_dc2">
        </property>
        <property name="step" class="ptolemy.actor.parameters.PortParameter" value="period_dc2">
        </property>
        <doc>Create a sequence of tokens with increasing value</doc>
        <property name="_location" class="ptolemy.kernel.util.Location" value="[115.0, 245.0]">
        </property>
    </entity>
    <relation name="relation3" class="ptolemy.actor.TypedIORelation">
    </relation>
    <relation name="relation2" class="ptolemy.actor.TypedIORelation">
    </relation>
    <relation name="relation4" class="ptolemy.actor.TypedIORelation">
    </relation>
    <relation name="relation" class="ptolemy.actor.TypedIORelation">
    </relation>
    <link port="DiscreteClock1.output" relation="relation3"/>
    <link port="DiscreteClock2.output" relation="relation4"/>
    <link port="HlaPublisher.input" relation="relation2"/>
    <link port="HlaPublisher2.input" relation="relation"/>
    <link port="Ramp.output" relation="relation2"/>
    <link port="Ramp.trigger" relation="relation3"/>
    <link port="Ramp2.output" relation="relation"/>
    <link port="Ramp2.trigger" relation="relation4"/>
</entity>




==== $PTII/ptolemy/configs/test/validDemos.tcl: validDemos-2843 Validating parse of /home/travis/build/icyphy/ptII/ptolemy/configs/test/../../../org/hlacerti/test/auto/StaticMultiInstanceJoker/1Value2Instances2Jokers/DistributedSender1.xml after removing configure
==== Contents of test case:

	    set errMsg {}
	    if [catch {java::call ptolemy.configs.test.ValidatingXMLParser parse $filename} errMsg] {
		puts "Could not parse $modelPath, file $filename was"
		# Print out the contents of the failed file.
		# A common failure is a version control system conflict.
		set fp [open $filename r]
		puts [read $fp]
		close $fp
	    }

	    list $errMsg
	
==== Result was:
{com.sun.org.apache.xerces.internal.impl.io.MalformedByteSequenceException: Invalid byte 2 of 3-byte UTF-8 sequence.}
---- Result should have been:
{}
---- validDemos-2843 FAILED
.Could not parse /home/travis/build/icyphy/ptII/ptolemy/configs/test/../../../org/hlacerti/test/auto/StaticMultiInstanceJoker/StaticMultiInstanceJoker.xml, file /tmp/validDemos3326167223441030440.xml was
<?xml version="1.0" standalone="no"?>
<!DOCTYPE entity PUBLIC "-//UC Berkeley//DTD MoML 1//EN"
    "http://ptolemy.eecs.berkeley.edu/xml/dtd/MoML_1.dtd">
<entity name="StaticMultiInstanceJoker" class="ptolemy.actor.TypedCompositeActor">
    <property name="_createdBy" class="ptolemy.kernel.attributes.VersionAttribute" value="11.0.devel">
    </property>
    <property name="_windowProperties" class="ptolemy.actor.gui.WindowPropertiesAttribute" value="{bounds={594, 193, 823, 632}, maximized=false}">
    </property>
    <property name="_vergilSize" class="ptolemy.actor.gui.SizeAttribute" value="[589, 522]">
    </property>
    <property name="_vergilZoomFactor" class="ptolemy.data.expr.ExpertParameter" value="0.6116311815826176">
    </property>
    <property name="_vergilCenter" class="ptolemy.data.expr.ExpertParameter" value="{-738.6755379428034, -160.44710781816156}">
    </property>
    <property name="Annotation4" class="ptolemy.vergil.kernel.attributes.TextAttribute">
        <property name="textSize" class="ptolemy.data.expr.Parameter" value="18">
        </property>
        <property name="textColor" class="ptolemy.actor.gui.ColorAttribute" value="{1.0,0.0,0.0,1.0}">
        </property>
        <property name="text" class="ptolemy.kernel.util.StringAttribute" value="PtolemyII - HLA/CERTI framework&#10;&#10;--------------------------------------------------------------&#10;Model type: &#10;             Test&#10;&#10;Configuration: &#10;             1Value2Instances2Jokers: UAV(val1,instance1), UAV(val1,instance2), RAV(val1,joker_1), RAV(val1, joker_2), success&#10;             2Values2Instances2Jokers: UAV(val1,instance1), UAV(val2,instance2), RAV(val1,joker_1), RAV(val2, joker_2), success&#10;             2Values2Instances1Joker: UAV(val1,instance1), UAV(val2,instance1), RAV(val1,joker_1), RAV(val2, joker_1), success&#10;             3Federates4Values2Instances2Jokers: Sender1 UAV(val1,instance1), UAV(val2,instance1),&#10;                          Sender2 UAV(val1,instance2), UAV(val2,instance2),&#10;                          Receiver1 RAV(val1,joker1), UAV(val2,joker2),&#10;                          success&#10;&#10;Expected results:&#10;             Each test must be successfull&#10;----------------------------------------------------------------&#10;&#10;">
        </property>
        <property name="_location" class="ptolemy.kernel.util.Location" value="{-1216.0, -583.0}">
        </property>
    </property>
    <property name="Annotation5" class="ptolemy.vergil.kernel.attributes.TextAttribute">
        <property name="textSize" class="ptolemy.data.expr.Parameter" value="14">
        </property>
        <property name="textColor" class="ptolemy.actor.gui.ColorAttribute" value="{0.003921569,0.003921569,0.003921569,1.0}">
        </property>
        <property name="text" class="ptolemy.kernel.util.StringAttribute" value="Author: CIELE Ing�nierie (http://www.ciele.fr)">
        </property>
        <property name="_location" class="ptolemy.kernel.util.Location" value="[-1210.0, 15.0]">
        </property>
    </property>
    <property name="Annotation6" class="ptolemy.vergil.kernel.attributes.TextAttribute">
        <property name="textColor" class="ptolemy.actor.gui.ColorAttribute" value="{0.2,0.2,0.2,1.0}">
        </property>
        <property name="text" class="ptolemy.kernel.util.StringAttribute" value="Description:&#10;&#10;Testsuite for the static HLA multi instance feature.&#10;">
        </property>
        <property name="_location" class="ptolemy.kernel.util.Location" value="[-1215.0, -200.0]">
        </property>
    </property>
    <property name="Annotation7" class="ptolemy.vergil.kernel.attributes.TextAttribute">
        <property name="text" class="ptolemy.kernel.util.StringAttribute" value="- StaticMultiInstanceJoker/1Value2Instances2Jokers/StaticMultiInstanceJoker.xml">
        </property>
        <property name="_location" class="ptolemy.kernel.util.Location" value="[-1210.0, -105.0]">
        </property>
        <property name="LiveLink" class="ptolemy.actor.gui.LiveLink" value="StaticMultiInstanceJoker/1Value2Instances2Jokers/StaticMultiInstanceJoker.xml">
            <property name="_hideName" class="ptolemy.kernel.util.SingletonAttribute">
            </property>
            <property name="_icon" class="ptolemy.vergil.icon.ValueIcon">
                <property name="_color" class="ptolemy.actor.gui.ColorAttribute" value="{0.0, 0.0, 1.0, 1.0}">
                </property>
            </property>
            <property name="_smallIconDescription" class="ptolemy.kernel.util.SingletonConfigurableAttribute">
            </property>
            <property name="_editorFactory" class="ptolemy.vergil.toolbox.VisibleParameterEditorFactory">
            </property>
            <property name="_location" class="ptolemy.kernel.util.Location" value="{395, 280}">
            </property>
        </property>
        <property name="IconLink" class="ptolemy.vergil.basic.export.web.IconLink" value="http://ptolemy.eecs.berkeley.edu/ptolemyII/ptII11.0/ptII/org/hlacerti/test/auto/StaticMultiInstanceJoker/1Value2Instances2Jokers/StaticMultiInstanceJoker.xml">
            <property name="linkTarget" class="ptolemy.vergil.basic.export.web.LinkTarget" value="_self">
            </property>
            <property name="_location" class="ptolemy.kernel.util.Location" value="{450, 180}">
            </property>
        </property>
    </property>
    <property name="Annotation9" class="ptolemy.vergil.kernel.attributes.TextAttribute">
        <property name="textColor" class="ptolemy.actor.gui.ColorAttribute" value="{0.0, 0.0, 1.0, 1.0}">
        </property>
        <property name="text" class="ptolemy.kernel.util.StringAttribute" value="Models:&#10;">
        </property>
        <property name="_location" class="ptolemy.kernel.util.Location" value="[-1213.0, -133.0]">
        </property>
    </property>
    <property name="Annotation3" class="ptolemy.vergil.kernel.attributes.TextAttribute">
        <property name="text" class="ptolemy.kernel.util.StringAttribute" value="- StaticMultiInstanceJoker/2Values2Instances1Joker/StaticMultiInstanceJoker.xml">
        </property>
        <property name="_location" class="ptolemy.kernel.util.Location" value="[-1210.0, -55.0]">
        </property>
        <property name="LiveLink" class="ptolemy.actor.gui.LiveLink" value="StaticMultiInstanceJoker/2Values2Instances1Joker/StaticMultiInstanceJoker.xml">
            <property name="_hideName" class="ptolemy.kernel.util.SingletonAttribute">
            </property>
            <property name="_icon" class="ptolemy.vergil.icon.ValueIcon">
                <property name="_color" class="ptolemy.actor.gui.ColorAttribute" value="{0.0, 0.0, 1.0, 1.0}">
                </property>
            </property>
            <property name="_smallIconDescription" class="ptolemy.kernel.util.SingletonConfigurableAttribute">
            </property>
            <property name="_editorFactory" class="ptolemy.vergil.toolbox.VisibleParameterEditorFactory">
            </property>
            <property name="_location" class="ptolemy.kernel.util.Location" value="{395, 280}">
            </property>
        </property>
        <property name="IconLink" class="ptolemy.vergil.basic.export.web.IconLink" value="http://ptolemy.eecs.berkeley.edu/ptolemyII/ptII11.0/ptII/org/hlacerti/test/auto/StaticMultiInstanceJoker/2Values2Instances1Joker/StaticMultiInstanceJoker.xml">
            <property name="linkTarget" class="ptolemy.vergil.basic.export.web.LinkTarget" value="_self">
            </property>
            <property name="_location" class="ptolemy.kernel.util.Location" value="{450, 180}">
            </property>
        </property>
    </property>
    <property name="enableBackwardTypeInference" class="ptolemy.data.expr.Parameter" value="false">
    </property>
    <property name="Annotation" class="ptolemy.vergil.kernel.attributes.TextAttribute">
        <property name="textColor" class="ptolemy.actor.gui.ColorAttribute" value="{0.0, 0.0, 0.0, 1.0}">
        </property>
        <property name="text" class="ptolemy.kernel.util.StringAttribute" value="Model StaticMultiInstanceJoker/2Values2Instances2Jokers/StaticMultiInstanceJoker.xml&#10;was removed on April, 10, 2018. Error msg &quot;starvation&quot;.">
        </property>
        <property name="_location" class="ptolemy.kernel.util.Location" value="[-1205.0, -25.0]">
        </property>
    </property>
</entity>




==== $PTII/ptolemy/configs/test/validDemos.tcl: validDemos-2844 Validating parse of /home/travis/build/icyphy/ptII/ptolemy/configs/test/../../../org/hlacerti/test/auto/StaticMultiInstanceJoker/StaticMultiInstanceJoker.xml after removing configure
==== Contents of test case:

	    set errMsg {}
	    if [catch {java::call ptolemy.configs.test.ValidatingXMLParser parse $filename} errMsg] {
		puts "Could not parse $modelPath, file $filename was"
		# Print out the contents of the failed file.
		# A common failure is a version control system conflict.
		set fp [open $filename r]
		puts [read $fp]
		close $fp
	    }

	    list $errMsg
	
==== Result was:
{com.sun.org.apache.xerces.internal.impl.io.MalformedByteSequenceException: Invalid byte 2 of 3-byte UTF-8 sequence.}
---- Result should have been:
{}
---- validDemos-2844 FAILED
.Could not parse /home/travis/build/icyphy/ptII/ptolemy/configs/test/../../../org/hlacerti/test/auto/StaticMultiInstanceJoker/2Values2Instances2Jokers/DistributedReceiver1.xml, file /tmp/validDemos3326167223441030440.xml was
<?xml version="1.0" standalone="no"?>
<!DOCTYPE entity PUBLIC "-//UC Berkeley//DTD MoML 1//EN"
    "http://ptolemy.eecs.berkeley.edu/xml/dtd/MoML_1.dtd">
<entity name="DistributedReceiver1" class="ptolemy.actor.TypedCompositeActor">
    <property name="_createdBy" class="ptolemy.kernel.attributes.VersionAttribute" value="11.0.devel">
    </property>
    <property name="_windowProperties" class="ptolemy.actor.gui.WindowPropertiesAttribute" value="{bounds={221, 251, 785, 652}, maximized=false}">
    </property>
    <property name="_vergilSize" class="ptolemy.actor.gui.SizeAttribute" value="[569, 534]">
    </property>
    <property name="_vergilZoomFactor" class="ptolemy.data.expr.ExpertParameter" value="0.7252234903002169">
    </property>
    <property name="_vergilCenter" class="ptolemy.data.expr.ExpertParameter" value="{332.39843750000006, 370.74450749105546}">
    </property>
    <property name="enableBackwardTypeInference" class="ptolemy.data.expr.Parameter" value="false">
    </property>
    <property name="DE Director" class="ptolemy.domains.de.kernel.DEDirector">
        <property name="stopTime" class="ptolemy.data.expr.Parameter" value="stopTime">
        </property>
        <property name="_location" class="ptolemy.kernel.util.Location" value="[0.0, 40.0]">
        </property>
    </property>
    <property name="HlaManager" class="org.hlacerti.lib.HlaManager">
        <property name="federateName" class="ptolemy.data.expr.Parameter" value="&quot;Receiver1&quot;">
            <display name="Federate's name"/>
        </property>
        <property name="federationName" class="ptolemy.data.expr.Parameter" value="&quot;StaticMultiInstanceJoker&quot;">
            <display name="Federation's name"/>
        </property>
        <property name="fedFile" class="ptolemy.data.expr.FileParameter" value="StaticMultiInstanceJoker.fed">
            <display name="Federate Object Model (.fed) file path"/>
        </property>
        <property name="timeManagementService" class="ptolemy.data.expr.ChoiceParameter" value="Time Advancement Request (TAR)">
            <display name="Time Management Service"/>
        </property>
        <property name="hlaTimeStep" class="ptolemy.data.expr.Parameter" value="TARTimeStep">
            <display name="*** If TAR is used, time step (s)"/>
        </property>
        <property name="hlaLookAHead" class="ptolemy.data.expr.Parameter" value="lah">
            <display name="lookahead (s)"/>
        </property>
        <property name="enableHlaReporter" class="ptolemy.data.expr.Parameter" value="false">
            <display name="Generate HLA reports ?"/>
        </property>
        <property name="hlaReportPath" class="ptolemy.data.expr.FileParameter" value="testsResults">
            <display name="HLA report folder path"/>
        </property>
        <property name="_location" class="ptolemy.kernel.util.Location" value="[140.0, 45.0]">
        </property>
    </property>
    <property name="TARTimeStep" class="ptolemy.data.expr.Parameter" value="1">
        <property name="_hideName" class="ptolemy.kernel.util.SingletonAttribute">
        </property>
        <property name="_icon" class="ptolemy.vergil.icon.ValueIcon">
            <property name="_color" class="ptolemy.actor.gui.ColorAttribute" value="{0.0, 0.0, 1.0, 1.0}">
            </property>
        </property>
        <property name="_smallIconDescription" class="ptolemy.kernel.util.SingletonConfigurableAttribute">
        </property>
        <property name="_editorFactory" class="ptolemy.vergil.toolbox.VisibleParameterEditorFactory">
        </property>
        <property name="_location" class="ptolemy.kernel.util.Location" value="[215.0, 40.0]">
        </property>
    </property>
    <property name="stopTime" class="ptolemy.data.expr.Parameter" value="3">
        <property name="_hideName" class="ptolemy.kernel.util.SingletonAttribute">
        </property>
        <property name="_icon" class="ptolemy.vergil.icon.ValueIcon">
            <property name="_color" class="ptolemy.actor.gui.ColorAttribute" value="{0.0, 0.0, 1.0, 1.0}">
            </property>
        </property>
        <property name="_smallIconDescription" class="ptolemy.kernel.util.SingletonConfigurableAttribute">
        </property>
        <property name="_editorFactory" class="ptolemy.vergil.toolbox.VisibleParameterEditorFactory">
        </property>
        <property name="_location" class="ptolemy.kernel.util.Location" value="[215.0, 20.0]">
        </property>
    </property>
    <property name="lah" class="ptolemy.data.expr.Parameter" value="0.5">
        <display name="Lookahead"/>
        <property name="_hideName" class="ptolemy.kernel.util.SingletonAttribute">
        </property>
        <property name="_icon" class="ptolemy.vergil.icon.ValueIcon">
            <property name="_color" class="ptolemy.actor.gui.ColorAttribute" value="{0.0, 0.0, 1.0, 1.0}">
            </property>
        </property>
        <property name="_smallIconDescription" class="ptolemy.kernel.util.SingletonConfigurableAttribute">
        </property>
        <property name="_editorFactory" class="ptolemy.vergil.toolbox.VisibleParameterEditorFactory">
        </property>
        <property name="_location" class="ptolemy.kernel.util.Location" value="[215.0, 60.0]">
        </property>
    </property>
    <property name="Annotation" class="ptolemy.vergil.kernel.attributes.TextAttribute">
        <property name="textSize" class="ptolemy.data.expr.Parameter" value="12">
        </property>
        <property name="textColor" class="ptolemy.actor.gui.ColorAttribute" value="{1.0,0.0,0.0,1.0}">
        </property>
        <property name="text" class="ptolemy.kernel.util.StringAttribute" value="First federate to be launched.&#10;">
        </property>
        <property name="_location" class="ptolemy.kernel.util.Location" value="[350.0, 50.0]">
        </property>
    </property>
    <property name="period" class="ptolemy.data.expr.Parameter" value="1">
        <property name="_hideName" class="ptolemy.kernel.util.SingletonAttribute">
        </property>
        <property name="_icon" class="ptolemy.vergil.icon.ValueIcon">
            <property name="_color" class="ptolemy.actor.gui.ColorAttribute" value="{0.0, 0.0, 1.0, 1.0}">
            </property>
        </property>
        <property name="_smallIconDescription" class="ptolemy.kernel.util.SingletonConfigurableAttribute">
        </property>
        <property name="_editorFactory" class="ptolemy.vergil.toolbox.VisibleParameterEditorFactory">
        </property>
        <property name="_location" class="ptolemy.kernel.util.Location" value="[121.55601999712718, 146.66409043675026]">
        </property>
    </property>
    <property name="Annotation2" class="ptolemy.vergil.kernel.attributes.TextAttribute">
        <property name="textSize" class="ptolemy.data.expr.Parameter" value="10">
        </property>
        <property name="textColor" class="ptolemy.actor.gui.ColorAttribute" value="{0.4,0.4,0.4,1.0}">
        </property>
        <property name="text" class="ptolemy.kernel.util.StringAttribute" value="Author: CIELE Ing�nierie (http://www.ciele.fr)&#10;">
        </property>
        <property name="_location" class="ptolemy.kernel.util.Location" value="[350.0, 15.0]">
        </property>
    </property>
    <entity name="HlaSub" class="org.hlacerti.lib.HlaSubscriber">
        <property name="attributeName" class="ptolemy.data.expr.Parameter" value="&quot;val1&quot;">
            <display name="Name of the attribute to receive"/>
        </property>
        <property name="classObjectName" class="ptolemy.data.expr.Parameter" value="&quot;ValueTransfer&quot;">
            <display name="Object class in FOM"/>
        </property>
        <property name="classInstanceName" class="ptolemy.data.expr.Parameter" value="&quot;joker_1&quot;">
            <display name="Name of the HLA class instance"/>
        </property>
        <property name="typeSelector" class="ptolemy.data.expr.StringParameter" value="int">
            <display name="type of the parameter"/>
        </property>
        <property name="_location" class="ptolemy.kernel.util.Location" value="[25.0, 130.0]">
        </property>
    </entity>
    <entity name="HlaSub2" class="org.hlacerti.lib.HlaSubscriber">
        <property name="attributeName" class="ptolemy.data.expr.Parameter" value="&quot;val2&quot;">
            <display name="Name of the attribute to receive"/>
        </property>
        <property name="classObjectName" class="ptolemy.data.expr.Parameter" value="&quot;ValueTransfer&quot;">
            <display name="Object class in FOM"/>
        </property>
        <property name="classInstanceName" class="ptolemy.data.expr.Parameter" value="&quot;joker_2&quot;">
            <display name="Name of the HLA class instance"/>
        </property>
        <property name="typeSelector" class="ptolemy.data.expr.StringParameter" value="int">
            <display name="type of the parameter"/>
        </property>
        <property name="_location" class="ptolemy.kernel.util.Location" value="[20.0, 425.0]">
        </property>
    </entity>
    <entity name="HlaSub2 - val" class="ptolemy.actor.lib.gui.Display">
        <property name="_windowProperties" class="ptolemy.actor.gui.WindowPropertiesAttribute" value="{bounds={1033, 513, 409, 393}, maximized=false}">
        </property>
        <property name="_paneSize" class="ptolemy.actor.gui.SizeAttribute" value="[407, 343]">
        </property>
        <property name="_location" class="ptolemy.kernel.util.Location" value="[585.0, 450.0]">
        </property>
    </entity>
    <entity name="HlaSub1 - val" class="ptolemy.actor.lib.gui.Display">
        <property name="_windowProperties" class="ptolemy.actor.gui.WindowPropertiesAttribute" value="{bounds={633, 513, 409, 393}, maximized=false}">
        </property>
        <property name="_paneSize" class="ptolemy.actor.gui.SizeAttribute" value="[407, 343]">
        </property>
        <property name="_location" class="ptolemy.kernel.util.Location" value="[575.0, 169.99999999999994]">
        </property>
    </entity>
    <entity name="HlaSub1 - test - Value" class="ptolemy.actor.lib.Test">
        <property name="correctValues" class="ptolemy.data.expr.Parameter" value="{}">
        </property>
        <property name="trainingMode" class="ptolemy.actor.parameters.SharedParameter" value="false">
        </property>
        <property name="_location" class="ptolemy.kernel.util.Location" value="[585.0, 105.0]">
        </property>
    </entity>
    <entity name="HlaSub1 - test - Time" class="ptolemy.actor.lib.Test">
        <property name="correctValues" class="ptolemy.data.expr.Parameter" value="{}">
        </property>
        <property name="_location" class="ptolemy.kernel.util.Location" value="[580.0, 230.0]">
        </property>
    </entity>
    <entity name="HlaSub1 - test - Microstep" class="ptolemy.actor.lib.Test">
        <property name="correctValues" class="ptolemy.data.expr.Parameter" value="{}">
        </property>
        <property name="trainingMode" class="ptolemy.actor.parameters.SharedParameter" value="false">
        </property>
        <property name="_location" class="ptolemy.kernel.util.Location" value="[580.0, 299.99999999999994]">
        </property>
    </entity>
    <entity name="CurrentTime" class="ptolemy.actor.lib.CurrentTime">
        <doc>Output the current time.</doc>
        <property name="_location" class="ptolemy.kernel.util.Location" value="[250.0, 205.0]">
        </property>
    </entity>
    <entity name="CurrentMicrostep" class="ptolemy.actor.lib.CurrentMicrostep">
        <doc>Output the current microstep.</doc>
        <property name="_location" class="ptolemy.kernel.util.Location" value="[255.0, 274.99999999999994]">
        </property>
    </entity>
    <entity name="RecordAssembler" class="ptolemy.actor.lib.RecordAssembler">
        <property name="_location" class="ptolemy.kernel.util.Location" value="[415.0, 150.0]">
        </property>
        <port name="value" class="ptolemy.actor.TypedIOPort">
            <property name="input"/>
            <property name="_showName" class="ptolemy.data.expr.SingletonParameter" value="true">
            </property>
        </port>
        <port name="time" class="ptolemy.actor.TypedIOPort">
            <property name="input"/>
            <property name="_showName" class="ptolemy.data.expr.SingletonParameter" value="true">
            </property>
        </port>
        <port name="microstep" class="ptolemy.actor.TypedIOPort">
            <property name="input"/>
            <property name="_showName" class="ptolemy.data.expr.SingletonParameter" value="true">
            </property>
        </port>
    </entity>
    <entity name="CurrentTime2" class="ptolemy.actor.lib.CurrentTime">
        <doc>Output the current time.</doc>
        <property name="_location" class="ptolemy.kernel.util.Location" value="[255.0, 485.0]">
        </property>
    </entity>
    <entity name="CurrentMicrostep2" class="ptolemy.actor.lib.CurrentMicrostep">
        <doc>Output the current microstep.</doc>
        <property name="_location" class="ptolemy.kernel.util.Location" value="[260.0, 555.0]">
        </property>
    </entity>
    <entity name="RecordAssembler2" class="ptolemy.actor.lib.RecordAssembler">
        <property name="_location" class="ptolemy.kernel.util.Location" value="[420.0, 430.0]">
        </property>
        <port name="value" class="ptolemy.actor.TypedIOPort">
            <property name="input"/>
            <property name="_showName" class="ptolemy.data.expr.SingletonParameter" value="true">
            </property>
        </port>
        <port name="time" class="ptolemy.actor.TypedIOPort">
            <property name="input"/>
            <property name="_showName" class="ptolemy.data.expr.SingletonParameter" value="true">
            </property>
        </port>
        <port name="microstep" class="ptolemy.actor.TypedIOPort">
            <property name="input"/>
            <property name="_showName" class="ptolemy.data.expr.SingletonParameter" value="true">
            </property>
        </port>
    </entity>
    <entity name="HlaSub2 - test - Microstep" class="ptolemy.actor.lib.Test">
        <property name="correctValues" class="ptolemy.data.expr.Parameter" value="{}">
        </property>
        <property name="trainingMode" class="ptolemy.actor.parameters.SharedParameter" value="false">
        </property>
        <property name="_location" class="ptolemy.kernel.util.Location" value="[585.0, 580.0]">
        </property>
    </entity>
    <entity name="HlaSub2 - test - Time" class="ptolemy.actor.lib.Test">
        <property name="correctValues" class="ptolemy.data.expr.Parameter" value="{}">
        </property>
        <property name="_location" class="ptolemy.kernel.util.Location" value="[585.0, 510.0]">
        </property>
    </entity>
    <entity name="HlaSub2 - test - Value" class="ptolemy.actor.lib.Test">
        <property name="correctValues" class="ptolemy.data.expr.Parameter" value="{}">
        </property>
        <property name="trainingMode" class="ptolemy.actor.parameters.SharedParameter" value="false">
        </property>
        <property name="_location" class="ptolemy.kernel.util.Location" value="[585.0, 384.99999999999994]">
        </property>
    </entity>
    <relation name="relation" class="ptolemy.actor.TypedIORelation">
        <property name="width" class="ptolemy.data.expr.Parameter" value="-1">
        </property>
        <vertex name="vertex1" value="[145.0, 130.0]">
        </vertex>
    </relation>
    <relation name="relation2" class="ptolemy.actor.TypedIORelation">
    </relation>
    <relation name="relation3" class="ptolemy.actor.TypedIORelation">
        <property name="width" class="ptolemy.data.expr.Parameter" value="-1">
        </property>
        <vertex name="vertex1" value="[145.0, 425.0]">
        </vertex>
    </relation>
    <relation name="relation4" class="ptolemy.actor.TypedIORelation">
    </relation>
    <relation name="relation5" class="ptolemy.actor.TypedIORelation">
        <property name="width" class="ptolemy.data.expr.Parameter" value="-1">
        </property>
        <vertex name="vertex1" value="[320.0, 195.0]">
        </vertex>
    </relation>
    <relation name="relation6" class="ptolemy.actor.TypedIORelation">
        <property name="width" class="ptolemy.data.expr.Parameter" value="-1">
        </property>
        <vertex name="vertex1" value="[380.0, 274.99999999999994]">
        </vertex>
    </relation>
    <relation name="relation7" class="ptolemy.actor.TypedIORelation">
        <property name="width" class="ptolemy.data.expr.Parameter" value="-1">
        </property>
        <vertex name="vertex1" value="[395.0, 555.0]">
        </vertex>
    </relation>
    <relation name="relation8" class="ptolemy.actor.TypedIORelation">
        <property name="width" class="ptolemy.data.expr.Parameter" value="-1">
        </property>
        <vertex name="vertex1" value="[350.0, 485.0]">
        </vertex>
    </relation>
    <link port="HlaSub.output" relation="relation"/>
    <link port="HlaSub2.output" relation="relation3"/>
    <link port="HlaSub2 - val.input" relation="relation4"/>
    <link port="HlaSub1 - val.input" relation="relation2"/>
    <link port="HlaSub1 - test - Value.input" relation="relation"/>
    <link port="HlaSub1 - test - Time.input" relation="relation5"/>
    <link port="HlaSub1 - test - Microstep.input" relation="relation6"/>
    <link port="CurrentTime.output" relation="relation5"/>
    <link port="CurrentTime.trigger" relation="relation"/>
    <link port="CurrentMicrostep.output" relation="relation6"/>
    <link port="CurrentMicrostep.trigger" relation="relation"/>
    <link port="RecordAssembler.output" relation="relation2"/>
    <link port="RecordAssembler.value" relation="relation"/>
    <link port="RecordAssembler.time" relation="relation5"/>
    <link port="RecordAssembler.microstep" relation="relation6"/>
    <link port="CurrentTime2.output" relation="relation8"/>
    <link port="CurrentTime2.trigger" relation="relation3"/>
    <link port="CurrentMicrostep2.output" relation="relation7"/>
    <link port="CurrentMicrostep2.trigger" relation="relation3"/>
    <link port="RecordAssembler2.output" relation="relation4"/>
    <link port="RecordAssembler2.value" relation="relation3"/>
    <link port="RecordAssembler2.time" relation="relation8"/>
    <link port="RecordAssembler2.microstep" relation="relation7"/>
    <link port="HlaSub2 - test - Microstep.input" relation="relation7"/>
    <link port="HlaSub2 - test - Time.input" relation="relation8"/>
    <link port="HlaSub2 - test - Value.input" relation="relation3"/>
</entity>




==== $PTII/ptolemy/configs/test/validDemos.tcl: validDemos-2845 Validating parse of /home/travis/build/icyphy/ptII/ptolemy/configs/test/../../../org/hlacerti/test/auto/StaticMultiInstanceJoker/2Values2Instances2Jokers/DistributedReceiver1.xml after removing configure
==== Contents of test case:

	    set errMsg {}
	    if [catch {java::call ptolemy.configs.test.ValidatingXMLParser parse $filename} errMsg] {
		puts "Could not parse $modelPath, file $filename was"
		# Print out the contents of the failed file.
		# A common failure is a version control system conflict.
		set fp [open $filename r]
		puts [read $fp]
		close $fp
	    }

	    list $errMsg
	
==== Result was:
{com.sun.org.apache.xerces.internal.impl.io.MalformedByteSequenceException: Invalid byte 2 of 3-byte UTF-8 sequence.}
---- Result should have been:
{}
---- validDemos-2845 FAILED
.Could not parse /home/travis/build/icyphy/ptII/ptolemy/configs/test/../../../org/hlacerti/test/auto/StaticMultiInstanceJoker/2Values2Instances2Jokers/StaticMultiInstanceJoker.xml, file /tmp/validDemos3326167223441030440.xml was
<?xml version="1.0" standalone="no"?>
<!DOCTYPE entity PUBLIC "-//UC Berkeley//DTD MoML 1//EN"
    "http://ptolemy.eecs.berkeley.edu/xml/dtd/MoML_1.dtd">
<entity name="StaticMultiInstanceJoker" class="ptolemy.actor.TypedCompositeActor">
    <property name="_createdBy" class="ptolemy.kernel.attributes.VersionAttribute" value="11.0.devel">
    </property>
    <property name="_windowProperties" class="ptolemy.actor.gui.WindowPropertiesAttribute" value="{bounds={877, 74, 652, 896}, maximized=false}">
    </property>
    <property name="_vergilSize" class="ptolemy.actor.gui.SizeAttribute" value="[436, 778]">
    </property>
    <property name="_vergilZoomFactor" class="ptolemy.data.expr.ExpertParameter" value="0.9014336416734203">
    </property>
    <property name="_vergilCenter" class="ptolemy.data.expr.ExpertParameter" value="{255.2902715773809, 484.98809523809535}">
    </property>
    <property name="Annotation999" class="ptolemy.vergil.kernel.attributes.TextAttribute">
        <property name="textSize" class="ptolemy.data.expr.Parameter" value="14">
        </property>
        <property name="textColor" class="ptolemy.actor.gui.ColorAttribute" value="{0.003921569,0.003921569,0.003921569,1.0}">
        </property>
        <property name="text" class="ptolemy.kernel.util.StringAttribute" value="Author: CIELE Ing�nierie (http://www.ciele.fr)">
        </property>
        <property name="_location" class="ptolemy.kernel.util.Location" value="[25.0, 850.0]">
        </property>
    </property>
    <property name="Annotation5" class="ptolemy.vergil.kernel.attributes.TextAttribute">
        <property name="text" class="ptolemy.kernel.util.StringAttribute" value="- DistributedReceiver1 model: first federate to be launched.">
        </property>
        <property name="_location" class="ptolemy.kernel.util.Location" value="[25.0, 570.0]">
        </property>
        <property name="LiveLink" class="ptolemy.actor.gui.LiveLink" value="$CLASSPATH/org/hlacerti/test/auto/StaticMultiInstanceJoker/2Values2Instances2Jokers/DistributedReceiver1.xml">
            <property name="_hideName" class="ptolemy.kernel.util.SingletonAttribute">
            </property>
            <property name="_icon" class="ptolemy.vergil.icon.ValueIcon">
                <property name="_color" class="ptolemy.actor.gui.ColorAttribute" value="{0.0, 0.0, 1.0, 1.0}">
                </property>
            </property>
            <property name="_smallIconDescription" class="ptolemy.kernel.util.SingletonConfigurableAttribute">
            </property>
            <property name="_editorFactory" class="ptolemy.vergil.toolbox.VisibleParameterEditorFactory">
            </property>
            <property name="_location" class="ptolemy.kernel.util.Location" value="{395, 280}">
            </property>
        </property>
        <property name="IconLink" class="ptolemy.vergil.basic.export.web.IconLink" value="http://ptolemy.eecs.berkeley.edu/ptolemyII/ptII11.0/ptII/org/hlacerti/test/auto/StaticMultiInstanceJoker/2Values2Instances2Jokers/DistributedReceiver1/index.html">
            <property name="linkTarget" class="ptolemy.vergil.basic.export.web.LinkTarget" value="_self">
            </property>
            <property name="_location" class="ptolemy.kernel.util.Location" value="{450, 180}">
            </property>
        </property>
    </property>
    <property name="enableBackwardTypeInference" class="ptolemy.data.expr.Parameter" value="false">
    </property>
    <property name="Annotation2" class="ptolemy.vergil.kernel.attributes.TextAttribute">
        <property name="text" class="ptolemy.kernel.util.StringAttribute" value="- DistributedSender1 model: last federate to be launched.">
        </property>
        <property name="_location" class="ptolemy.kernel.util.Location" value="[25.0, 595.0]">
        </property>
        <property name="LiveLink" class="ptolemy.actor.gui.LiveLink" value="$CLASSPATH/org/hlacerti/test/auto/StaticMultiInstanceJoker/2Values2Instances2Jokers/DistributedSender1.xml">
            <property name="_hideName" class="ptolemy.kernel.util.SingletonAttribute">
            </property>
            <property name="_icon" class="ptolemy.vergil.icon.ValueIcon">
                <property name="_color" class="ptolemy.actor.gui.ColorAttribute" value="{0.0, 0.0, 1.0, 1.0}">
                </property>
            </property>
            <property name="_smallIconDescription" class="ptolemy.kernel.util.SingletonConfigurableAttribute">
            </property>
            <property name="_editorFactory" class="ptolemy.vergil.toolbox.VisibleParameterEditorFactory">
            </property>
            <property name="_location" class="ptolemy.kernel.util.Location" value="{395, 280}">
            </property>
        </property>
        <property name="IconLink" class="ptolemy.vergil.basic.export.web.IconLink" value="http://ptolemy.eecs.berkeley.edu/ptolemyII/ptII11.0/ptII/org/hlacerti/test/auto/StaticMultiInstanceJoker/2Values2Instances2Jokers/DistributedSender1/index.html">
            <property name="linkTarget" class="ptolemy.vergil.basic.export.web.LinkTarget" value="_self">
            </property>
            <property name="_location" class="ptolemy.kernel.util.Location" value="{450, 180}">
            </property>
        </property>
    </property>
    <property name="Annotation3" class="ptolemy.vergil.kernel.attributes.TextAttribute">
        <property name="textColor" class="ptolemy.actor.gui.ColorAttribute" value="{0.0, 0.0, 1.0, 1.0}">
        </property>
        <property name="text" class="ptolemy.kernel.util.StringAttribute" value="Models:&#10;">
        </property>
        <property name="_location" class="ptolemy.kernel.util.Location" value="[25.0, 545.0]">
        </property>
    </property>
    <property name="Annotation" class="ptolemy.vergil.kernel.attributes.TextAttribute">
        <property name="textSize" class="ptolemy.data.expr.Parameter" value="18">
        </property>
        <property name="textColor" class="ptolemy.actor.gui.ColorAttribute" value="{1.0,0.0,0.0,1.0}">
        </property>
        <property name="text" class="ptolemy.kernel.util.StringAttribute" value="PtolemyII - HLA/CERTI framework&#10;&#10;--------------------------------------------------------------&#10;Model type: &#10;             Test - 2Values2Instances2Jokers&#10;&#10;Feature:&#10;             Static HLA multi instance with Joker wildcard&#10;&#10;Expected result:&#10;             This test must succeed&#10;----------------------------------------------------------------&#10;&#10;">
        </property>
        <property name="_location" class="ptolemy.kernel.util.Location" value="[15.0, 55.0]">
        </property>
    </property>
    <property name="Annotation4" class="ptolemy.vergil.kernel.attributes.TextAttribute">
        <property name="textColor" class="ptolemy.actor.gui.ColorAttribute" value="{0.2,0.2,0.2,1.0}">
        </property>
        <property name="text" class="ptolemy.kernel.util.StringAttribute" value="Description:&#10;&#10;Simple test of the HLA static multi instance with joker usage. &#10;&#10;The test shows:&#10;&#10;- a sender which publishes updates of the attribute values 'val1'&#10;and 'val2' using  two distinct instance class names 'instance1' and&#10; 'instance2'.&#10;&#10;- a receiver which deploys two HLA subscribers bind to attribute&#10; values 'val1' and 'val2'.  'joker_1' and 'joker_2' are used as wildcard&#10;to bind any discovered instance class name (the order is not fixed). ">
        </property>
        <property name="_location" class="ptolemy.kernel.util.Location" value="[20.0, 305.0]">
        </property>
    </property>
    <property name="Director" class="ptolemy.actor.Director">
        <doc>Simple director that executes actors in the order in which they were created.</doc>
        <property name="iterations" class="ptolemy.data.expr.Parameter" value="0">
        </property>
        <property name="_location" class="ptolemy.kernel.util.Location" value="[105.0, 705.0]">
        </property>
    </property>
    <property name="Annotation6" class="ptolemy.vergil.kernel.attributes.TextAttribute">
        <property name="textColor" class="ptolemy.actor.gui.ColorAttribute" value="{0.0, 0.0, 1.0, 1.0}">
        </property>
        <property name="text" class="ptolemy.kernel.util.StringAttribute" value="Automated execution:&#10;">
        </property>
        <property name="_location" class="ptolemy.kernel.util.Location" value="[20.0, 640.0]">
        </property>
    </property>
    <entity name="DistributedReceiver" class="ptolemy.vergil.actor.lib.VisualModelReference">
        <property name="modelFileOrURL" class="ptolemy.actor.parameters.FilePortParameter" value="DistributedReceiver1.xml">
        </property>
        <property name="executionOnFiring" class="ptolemy.data.expr.StringParameter" value="run in a new thread">
        </property>
        <property name="lingerTime" class="ptolemy.data.expr.Parameter" value="100L">
        </property>
        <property name="spawnSeparateModels" class="ptolemy.data.expr.Parameter" value="false">
        </property>
        <property name="openOnFiring" class="ptolemy.data.expr.StringParameter" value="open in Vergil">
        </property>
        <property name="_location" class="ptolemy.kernel.util.Location" value="[245.0, 775.0]">
        </property>
    </entity>
    <entity name="DistributedSender" class="ptolemy.vergil.actor.lib.VisualModelReference">
        <property name="modelFileOrURL" class="ptolemy.actor.parameters.FilePortParameter" value="DistributedSender1.xml">
        </property>
        <property name="executionOnFiring" class="ptolemy.data.expr.StringParameter" value="run in a new thread">
        </property>
        <property name="lingerTime" class="ptolemy.data.expr.Parameter" value="0L">
        </property>
        <property name="spawnSeparateModels" class="ptolemy.data.expr.Parameter" value="false">
        </property>
        <property name="openOnFiring" class="ptolemy.data.expr.StringParameter" value="open in Vergil">
        </property>
        <property name="_location" class="ptolemy.kernel.util.Location" value="[245.0, 705.0]">
        </property>
    </entity>
    <entity name="Stop" class="ptolemy.actor.lib.Stop">
        <property name="_location" class="ptolemy.kernel.util.Location" value="[105.0, 770.0]">
        </property>
    </entity>
</entity>




==== $PTII/ptolemy/configs/test/validDemos.tcl: validDemos-2846 Validating parse of /home/travis/build/icyphy/ptII/ptolemy/configs/test/../../../org/hlacerti/test/auto/StaticMultiInstanceJoker/2Values2Instances2Jokers/StaticMultiInstanceJoker.xml after removing configure
==== Contents of test case:

	    set errMsg {}
	    if [catch {java::call ptolemy.configs.test.ValidatingXMLParser parse $filename} errMsg] {
		puts "Could not parse $modelPath, file $filename was"
		# Print out the contents of the failed file.
		# A common failure is a version control system conflict.
		set fp [open $filename r]
		puts [read $fp]
		close $fp
	    }

	    list $errMsg
	
==== Result was:
{com.sun.org.apache.xerces.internal.impl.io.MalformedByteSequenceException: Invalid byte 2 of 3-byte UTF-8 sequence.}
---- Result should have been:
{}
---- validDemos-2846 FAILED
.Could not parse /home/travis/build/icyphy/ptII/ptolemy/configs/test/../../../org/hlacerti/test/auto/StaticMultiInstanceJoker/2Values2Instances2Jokers/DistributedSender1.xml, file /tmp/validDemos3326167223441030440.xml was
<?xml version="1.0" standalone="no"?>
<!DOCTYPE entity PUBLIC "-//UC Berkeley//DTD MoML 1//EN"
    "http://ptolemy.eecs.berkeley.edu/xml/dtd/MoML_1.dtd">
<entity name="DistributedSender1" class="ptolemy.actor.TypedCompositeActor">
    <property name="_createdBy" class="ptolemy.kernel.attributes.VersionAttribute" value="11.0.devel">
    </property>
    <property name="DE Director" class="ptolemy.domains.de.kernel.DEDirector">
        <property name="stopTime" class="ptolemy.data.expr.Parameter" value="stopTime">
        </property>
        <property name="_location" class="ptolemy.kernel.util.Location" value="[10.0, 10.0]">
        </property>
    </property>
    <property name="stopTime" class="ptolemy.data.expr.Parameter" value="3">
        <property name="_hideName" class="ptolemy.kernel.util.SingletonAttribute">
        </property>
        <property name="_icon" class="ptolemy.vergil.icon.ValueIcon">
            <property name="_color" class="ptolemy.actor.gui.ColorAttribute" value="{0.0, 0.0, 1.0, 1.0}">
            </property>
        </property>
        <property name="_smallIconDescription" class="ptolemy.kernel.util.SingletonConfigurableAttribute">
        </property>
        <property name="_editorFactory" class="ptolemy.vergil.toolbox.VisibleParameterEditorFactory">
        </property>
        <property name="_location" class="ptolemy.kernel.util.Location" value="[160.0, -9.999999999999972]">
        </property>
    </property>
    <property name="lah" class="ptolemy.data.expr.Parameter" value="0.01">
        <display name="Lookahead"/>
        <property name="_hideName" class="ptolemy.kernel.util.SingletonAttribute">
        </property>
        <property name="_icon" class="ptolemy.vergil.icon.ValueIcon">
            <property name="_color" class="ptolemy.actor.gui.ColorAttribute" value="{0.0, 0.0, 1.0, 1.0}">
            </property>
        </property>
        <property name="_smallIconDescription" class="ptolemy.kernel.util.SingletonConfigurableAttribute">
        </property>
        <property name="_editorFactory" class="ptolemy.vergil.toolbox.VisibleParameterEditorFactory">
        </property>
        <property name="_location" class="ptolemy.kernel.util.Location" value="[160.0, 10.0]">
        </property>
    </property>
    <property name="HlaManager" class="org.hlacerti.lib.HlaManager">
        <property name="federateName" class="ptolemy.data.expr.Parameter" value="&quot;Sender1&quot;">
            <display name="Federate's name"/>
        </property>
        <property name="federationName" class="ptolemy.data.expr.Parameter" value="&quot;StaticMultiInstanceJoker&quot;">
            <display name="Federation's name"/>
        </property>
        <property name="fedFile" class="ptolemy.data.expr.FileParameter" value="StaticMultiInstanceJoker.fed">
            <display name="Federate Object Model (.fed) file path"/>
        </property>
        <property name="timeManagementService" class="ptolemy.data.expr.ChoiceParameter" value="Next Event Request (NER)">
            <display name="Time Management Service"/>
        </property>
        <property name="hlaTimeStep" class="ptolemy.data.expr.Parameter" value="1">
            <display name="*** If TAR is used, time step (s)"/>
        </property>
        <property name="hlaLookAHead" class="ptolemy.data.expr.Parameter" value="lah">
            <display name="lookahead (s)"/>
        </property>
        <property name="requireSynchronization" class="ptolemy.data.expr.Parameter" value="true">
            <display name="Require synchronization ?"/>
        </property>
        <property name="isCreator" class="ptolemy.data.expr.Parameter" value="true">
            <display name="Is synchronization point register ?"/>
        </property>
        <property name="_location" class="ptolemy.kernel.util.Location" value="[100.0, 15.0]">
        </property>
    </property>
    <property name="_windowProperties" class="ptolemy.actor.gui.WindowPropertiesAttribute" value="{bounds={942, 242, 978, 632}, maximized=false}">
    </property>
    <property name="_vergilSize" class="ptolemy.actor.gui.SizeAttribute" value="[762, 514]">
    </property>
    <property name="_vergilZoomFactor" class="ptolemy.data.expr.ExpertParameter" value="1.4969014122900746">
    </property>
    <property name="_vergilCenter" class="ptolemy.data.expr.ExpertParameter" value="{208.18554696582612, 147.8243227005005}">
    </property>
    <property name="Annotation2" class="ptolemy.vergil.kernel.attributes.TextAttribute">
        <property name="textSize" class="ptolemy.data.expr.Parameter" value="8">
        </property>
        <property name="textColor" class="ptolemy.actor.gui.ColorAttribute" value="{0.4,0.4,0.4,1.0}">
        </property>
        <property name="text" class="ptolemy.kernel.util.StringAttribute" value="Author: CIELE Ing�nierie (http://www.ciele.fr)&#10;">
        </property>
        <property name="_location" class="ptolemy.kernel.util.Location" value="[-35.0, 300.0]">
        </property>
    </property>
    <property name="period_dc1" class="ptolemy.data.expr.Parameter" value="1">
        <property name="_hideName" class="ptolemy.kernel.util.SingletonAttribute">
        </property>
        <property name="_icon" class="ptolemy.vergil.icon.ValueIcon">
            <property name="_color" class="ptolemy.actor.gui.ColorAttribute" value="{0.0, 0.0, 1.0, 1.0}">
            </property>
        </property>
        <property name="_smallIconDescription" class="ptolemy.kernel.util.SingletonConfigurableAttribute">
        </property>
        <property name="_editorFactory" class="ptolemy.vergil.toolbox.VisibleParameterEditorFactory">
        </property>
        <property name="_location" class="ptolemy.kernel.util.Location" value="[-30.0, 45.0]">
        </property>
    </property>
    <property name="Annotation" class="ptolemy.vergil.kernel.attributes.TextAttribute">
        <property name="textSize" class="ptolemy.data.expr.Parameter" value="10">
        </property>
        <property name="textColor" class="ptolemy.actor.gui.ColorAttribute" value="{1.0,0.0,0.0,1.0}">
        </property>
        <property name="text" class="ptolemy.kernel.util.StringAttribute" value="Last federate to be launched.&#10;">
        </property>
        <property name="_location" class="ptolemy.kernel.util.Location" value="[190.0, 65.0]">
        </property>
    </property>
    <property name="period_dc2" class="ptolemy.data.expr.Parameter" value="2">
        <property name="_hideName" class="ptolemy.kernel.util.SingletonAttribute">
        </property>
        <property name="_icon" class="ptolemy.vergil.icon.ValueIcon">
            <property name="_color" class="ptolemy.actor.gui.ColorAttribute" value="{0.0, 0.0, 1.0, 1.0}">
            </property>
        </property>
        <property name="_smallIconDescription" class="ptolemy.kernel.util.SingletonConfigurableAttribute">
        </property>
        <property name="_editorFactory" class="ptolemy.vergil.toolbox.VisibleParameterEditorFactory">
        </property>
        <property name="_location" class="ptolemy.kernel.util.Location" value="[-30.0, 65.0]">
        </property>
    </property>
    <property name="hla_value_dc1" class="ptolemy.data.expr.Parameter" value="10">
        <property name="_hideName" class="ptolemy.kernel.util.SingletonAttribute">
        </property>
        <property name="_icon" class="ptolemy.vergil.icon.ValueIcon">
            <property name="_color" class="ptolemy.actor.gui.ColorAttribute" value="{0.0, 0.0, 1.0, 1.0}">
            </property>
        </property>
        <property name="_smallIconDescription" class="ptolemy.kernel.util.SingletonConfigurableAttribute">
        </property>
        <property name="_editorFactory" class="ptolemy.vergil.toolbox.VisibleParameterEditorFactory">
        </property>
        <property name="_location" class="ptolemy.kernel.util.Location" value="[85.0, 170.0]">
        </property>
    </property>
    <property name="hla_value_dc2" class="ptolemy.data.expr.Parameter" value="20">
        <property name="_hideName" class="ptolemy.kernel.util.SingletonAttribute">
        </property>
        <property name="_icon" class="ptolemy.vergil.icon.ValueIcon">
            <property name="_color" class="ptolemy.actor.gui.ColorAttribute" value="{0.0, 0.0, 1.0, 1.0}">
            </property>
        </property>
        <property name="_smallIconDescription" class="ptolemy.kernel.util.SingletonConfigurableAttribute">
        </property>
        <property name="_editorFactory" class="ptolemy.vergil.toolbox.VisibleParameterEditorFactory">
        </property>
        <property name="_location" class="ptolemy.kernel.util.Location" value="[85.0, 275.0]">
        </property>
    </property>
    <entity name="DiscreteClock" class="ptolemy.actor.lib.DiscreteClock">
        <property name="period" class="ptolemy.actor.parameters.PortParameter" value="period_dc1">
        </property>
        <property name="values" class="ptolemy.data.expr.Parameter" value="{hla_value_dc1}">
        </property>
        <doc>Create periodic timed events.</doc>
        <property name="_location" class="ptolemy.kernel.util.Location" value="[15.0, 125.0]">
        </property>
    </entity>
    <entity name="DiscreteClock2" class="ptolemy.actor.lib.DiscreteClock">
        <property name="period" class="ptolemy.actor.parameters.PortParameter" value="period_dc2">
        </property>
        <property name="values" class="ptolemy.data.expr.Parameter" value="{hla_value_dc2}">
        </property>
        <doc>Create periodic timed events.</doc>
        <property name="_location" class="ptolemy.kernel.util.Location" value="[15.0, 230.0]">
        </property>
    </entity>
    <entity name="HlaPublisher" class="org.hlacerti.lib.HlaPublisher">
        <property name="attributeName" class="ptolemy.data.expr.Parameter" value="&quot;val1&quot;">
            <display name="Name of the attribute to receive"/>
        </property>
        <property name="classObjectName" class="ptolemy.data.expr.Parameter" value="&quot;ValueTransfer&quot;">
            <display name="Object class in FOM"/>
        </property>
        <property name="classInstanceName" class="ptolemy.data.expr.Parameter" value="&quot;instance1&quot;">
            <display name="Name of the HLA class instance"/>
        </property>
        <property name="_location" class="ptolemy.kernel.util.Location" value="[255.0, 125.0]">
        </property>
    </entity>
    <entity name="HlaPublisher2" class="org.hlacerti.lib.HlaPublisher">
        <property name="attributeName" class="ptolemy.data.expr.Parameter" value="&quot;val2&quot;">
            <display name="Name of the attribute to receive"/>
        </property>
        <property name="classObjectName" class="ptolemy.data.expr.Parameter" value="&quot;ValueTransfer&quot;">
            <display name="Object class in FOM"/>
        </property>
        <property name="classInstanceName" class="ptolemy.data.expr.Parameter" value="&quot;instance2&quot;">
            <display name="Name of the HLA class instance"/>
        </property>
        <property name="_location" class="ptolemy.kernel.util.Location" value="[255.0, 230.0]">
        </property>
    </entity>
    <entity name="Ramp" class="ptolemy.actor.lib.Ramp">
        <property name="init" class="ptolemy.actor.parameters.PortParameter" value="hla_value_dc1">
        </property>
        <property name="step" class="ptolemy.actor.parameters.PortParameter" value="period_dc1">
        </property>
        <doc>Create a sequence of tokens with increasing value</doc>
        <property name="_location" class="ptolemy.kernel.util.Location" value="[110.0, 140.0]">
        </property>
    </entity>
    <entity name="Ramp2" class="ptolemy.actor.lib.Ramp">
        <property name="init" class="ptolemy.actor.parameters.PortParameter" value="hla_value_dc2">
        </property>
        <property name="step" class="ptolemy.actor.parameters.PortParameter" value="period_dc2">
        </property>
        <doc>Create a sequence of tokens with increasing value</doc>
        <property name="_location" class="ptolemy.kernel.util.Location" value="[110.0, 245.0]">
        </property>
    </entity>
    <relation name="relation3" class="ptolemy.actor.TypedIORelation">
    </relation>
    <relation name="relation2" class="ptolemy.actor.TypedIORelation">
    </relation>
    <relation name="relation4" class="ptolemy.actor.TypedIORelation">
    </relation>
    <relation name="relation" class="ptolemy.actor.TypedIORelation">
    </relation>
    <link port="DiscreteClock.output" relation="relation3"/>
    <link port="DiscreteClock2.output" relation="relation4"/>
    <link port="HlaPublisher.input" relation="relation2"/>
    <link port="HlaPublisher2.input" relation="relation"/>
    <link port="Ramp.output" relation="relation2"/>
    <link port="Ramp.trigger" relation="relation3"/>
    <link port="Ramp2.output" relation="relation"/>
    <link port="Ramp2.trigger" relation="relation4"/>
</entity>




==== $PTII/ptolemy/configs/test/validDemos.tcl: validDemos-2847 Validating parse of /home/travis/build/icyphy/ptII/ptolemy/configs/test/../../../org/hlacerti/test/auto/StaticMultiInstanceJoker/2Values2Instances2Jokers/DistributedSender1.xml after removing configure
==== Contents of test case:

	    set errMsg {}
	    if [catch {java::call ptolemy.configs.test.ValidatingXMLParser parse $filename} errMsg] {
		puts "Could not parse $modelPath, file $filename was"
		# Print out the contents of the failed file.
		# A common failure is a version control system conflict.
		set fp [open $filename r]
		puts [read $fp]
		close $fp
	    }

	    list $errMsg
	
==== Result was:
{com.sun.org.apache.xerces.internal.impl.io.MalformedByteSequenceException: Invalid byte 2 of 3-byte UTF-8 sequence.}
---- Result should have been:
{}
---- validDemos-2847 FAILED
.Could not parse /home/travis/build/icyphy/ptII/ptolemy/configs/test/../../../org/hlacerti/test/auto/StaticMultiInstanceJoker/2Values2Instances1Joker/DistributedReceiver1.xml, file /tmp/validDemos3326167223441030440.xml was
<?xml version="1.0" standalone="no"?>
<!DOCTYPE entity PUBLIC "-//UC Berkeley//DTD MoML 1//EN"
    "http://ptolemy.eecs.berkeley.edu/xml/dtd/MoML_1.dtd">
<entity name="DistributedReceiver1" class="ptolemy.actor.TypedCompositeActor">
    <property name="_createdBy" class="ptolemy.kernel.attributes.VersionAttribute" value="11.0.devel">
    </property>
    <property name="_windowProperties" class="ptolemy.actor.gui.WindowPropertiesAttribute" value="{bounds={1141, 325, 731, 632}, maximized=false}">
    </property>
    <property name="_vergilSize" class="ptolemy.actor.gui.SizeAttribute" value="[515, 514]">
    </property>
    <property name="_vergilZoomFactor" class="ptolemy.data.expr.ExpertParameter" value="0.6556634861788415">
    </property>
    <property name="_vergilCenter" class="ptolemy.data.expr.ExpertParameter" value="{362.69078731536825, 461.04662637238454}">
    </property>
    <property name="enableBackwardTypeInference" class="ptolemy.data.expr.Parameter" value="false">
    </property>
    <property name="DE Director" class="ptolemy.domains.de.kernel.DEDirector">
        <property name="stopTime" class="ptolemy.data.expr.Parameter" value="stopTime">
        </property>
        <property name="_location" class="ptolemy.kernel.util.Location" value="[40.0, 105.0]">
        </property>
    </property>
    <property name="HlaManager" class="org.hlacerti.lib.HlaManager">
        <property name="federateName" class="ptolemy.data.expr.Parameter" value="&quot;Receiver1&quot;">
            <display name="Federate's name"/>
        </property>
        <property name="federationName" class="ptolemy.data.expr.Parameter" value="&quot;StaticMultiInstanceJoker&quot;">
            <display name="Federation's name"/>
        </property>
        <property name="fedFile" class="ptolemy.data.expr.FileParameter" value="StaticMultiInstanceJoker.fed">
            <display name="Federate Object Model (.fed) file path"/>
        </property>
        <property name="timeManagementService" class="ptolemy.data.expr.ChoiceParameter" value="Time Advancement Request (TAR)">
            <display name="Time Management Service"/>
        </property>
        <property name="hlaTimeStep" class="ptolemy.data.expr.Parameter" value="TARTimeStep">
            <display name="*** If TAR is used, time step (s)"/>
        </property>
        <property name="hlaLookAHead" class="ptolemy.data.expr.Parameter" value="lah">
            <display name="lookahead (s)"/>
        </property>
        <property name="enableHlaReporter" class="ptolemy.data.expr.Parameter" value="false">
            <display name="Generate HLA reports ?"/>
        </property>
        <property name="hlaReportPath" class="ptolemy.data.expr.FileParameter" value="testsResults">
            <display name="HLA report folder path"/>
        </property>
        <property name="_location" class="ptolemy.kernel.util.Location" value="[170.0, 115.0]">
        </property>
    </property>
    <property name="TARTimeStep" class="ptolemy.data.expr.Parameter" value="1">
        <property name="_hideName" class="ptolemy.kernel.util.SingletonAttribute">
        </property>
        <property name="_icon" class="ptolemy.vergil.icon.ValueIcon">
            <property name="_color" class="ptolemy.actor.gui.ColorAttribute" value="{0.0, 0.0, 1.0, 1.0}">
            </property>
        </property>
        <property name="_smallIconDescription" class="ptolemy.kernel.util.SingletonConfigurableAttribute">
        </property>
        <property name="_editorFactory" class="ptolemy.vergil.toolbox.VisibleParameterEditorFactory">
        </property>
        <property name="_location" class="ptolemy.kernel.util.Location" value="[250.0, 115.0]">
        </property>
    </property>
    <property name="stopTime" class="ptolemy.data.expr.Parameter" value="3">
        <property name="_hideName" class="ptolemy.kernel.util.SingletonAttribute">
        </property>
        <property name="_icon" class="ptolemy.vergil.icon.ValueIcon">
            <property name="_color" class="ptolemy.actor.gui.ColorAttribute" value="{0.0, 0.0, 1.0, 1.0}">
            </property>
        </property>
        <property name="_smallIconDescription" class="ptolemy.kernel.util.SingletonConfigurableAttribute">
        </property>
        <property name="_editorFactory" class="ptolemy.vergil.toolbox.VisibleParameterEditorFactory">
        </property>
        <property name="_location" class="ptolemy.kernel.util.Location" value="[250.0, 95.0]">
        </property>
    </property>
    <property name="lah" class="ptolemy.data.expr.Parameter" value="0.5">
        <display name="Lookahead"/>
        <property name="_hideName" class="ptolemy.kernel.util.SingletonAttribute">
        </property>
        <property name="_icon" class="ptolemy.vergil.icon.ValueIcon">
            <property name="_color" class="ptolemy.actor.gui.ColorAttribute" value="{0.0, 0.0, 1.0, 1.0}">
            </property>
        </property>
        <property name="_smallIconDescription" class="ptolemy.kernel.util.SingletonConfigurableAttribute">
        </property>
        <property name="_editorFactory" class="ptolemy.vergil.toolbox.VisibleParameterEditorFactory">
        </property>
        <property name="_location" class="ptolemy.kernel.util.Location" value="[250.0, 135.0]">
        </property>
    </property>
    <property name="Annotation" class="ptolemy.vergil.kernel.attributes.TextAttribute">
        <property name="textSize" class="ptolemy.data.expr.Parameter" value="12">
        </property>
        <property name="textColor" class="ptolemy.actor.gui.ColorAttribute" value="{1.0,0.0,0.0,1.0}">
        </property>
        <property name="text" class="ptolemy.kernel.util.StringAttribute" value="First federate to be launched.&#10;">
        </property>
        <property name="_location" class="ptolemy.kernel.util.Location" value="[390.0, 100.0]">
        </property>
    </property>
    <property name="period" class="ptolemy.data.expr.Parameter" value="1">
        <property name="_hideName" class="ptolemy.kernel.util.SingletonAttribute">
        </property>
        <property name="_icon" class="ptolemy.vergil.icon.ValueIcon">
            <property name="_color" class="ptolemy.actor.gui.ColorAttribute" value="{0.0, 0.0, 1.0, 1.0}">
            </property>
        </property>
        <property name="_smallIconDescription" class="ptolemy.kernel.util.SingletonConfigurableAttribute">
        </property>
        <property name="_editorFactory" class="ptolemy.vergil.toolbox.VisibleParameterEditorFactory">
        </property>
        <property name="_location" class="ptolemy.kernel.util.Location" value="{177.85315667534286, 290.60647971002766}">
        </property>
    </property>
    <property name="Annotation2" class="ptolemy.vergil.kernel.attributes.TextAttribute">
        <property name="textSize" class="ptolemy.data.expr.Parameter" value="10">
        </property>
        <property name="textColor" class="ptolemy.actor.gui.ColorAttribute" value="{0.4,0.4,0.4,1.0}">
        </property>
        <property name="text" class="ptolemy.kernel.util.StringAttribute" value="Author: CIELE Ing�nierie (http://www.ciele.fr)&#10;">
        </property>
        <property name="_location" class="ptolemy.kernel.util.Location" value="[390.0, 80.0]">
        </property>
    </property>
    <property name="Annotation3" class="ptolemy.vergil.kernel.attributes.TextAttribute">
        <property name="textSize" class="ptolemy.data.expr.Parameter" value="12">
        </property>
        <property name="textColor" class="ptolemy.actor.gui.ColorAttribute" value="{1.0,0.0,0.0,1.0}">
        </property>
        <property name="text" class="ptolemy.kernel.util.StringAttribute" value="An exception is throwed by Ptolemy.&#10;&#10;As the receiver model specifies only one 'joker_1' wildcard for two attribute values and&#10; the sender publishes two attribute values (val1,instance1) and (val2,instance2), only&#10;one  attribute value will be associated to a HLA Subscriber during the HLA DOI.&#10;&#10;The other one HLA subscriber will never fire as it will never received update of its&#10;specified attribute value, so Ptolemy throws an exception.&#10;">
        </property>
        <property name="_location" class="ptolemy.kernel.util.Location" value="[90.0, 410.0]">
        </property>
    </property>
    <property name="TestException - IllegalActionException: fire() never called" class="ptolemy.actor.lib.TestExceptionAttribute">
        <property name="correctExceptionMessage" class="ptolemy.data.expr.StringParameter" value=" was initialized and should have handled an exception but did not see any.&#10;  in .DistributedReceiver1.TestException - IllegalActionException: fire() never called">
        </property>
        <property name="trainingMode" class="ptolemy.actor.parameters.SharedParameter" value="false">
        </property>
        <property name="_location" class="ptolemy.kernel.util.Location" value="[-15.0, 440.0]">
        </property>
    </property>
    <entity name="HlaSub" class="org.hlacerti.lib.HlaSubscriber">
        <property name="attributeName" class="ptolemy.data.expr.Parameter" value="&quot;val1&quot;">
            <display name="Name of the attribute to receive"/>
        </property>
        <property name="classObjectName" class="ptolemy.data.expr.Parameter" value="&quot;ValueTransfer&quot;">
            <display name="Object class in FOM"/>
        </property>
        <property name="classInstanceName" class="ptolemy.data.expr.Parameter" value="&quot;joker_1&quot;">
            <display name="Name of the HLA class instance"/>
        </property>
        <property name="typeSelector" class="ptolemy.data.expr.StringParameter" value="int">
            <display name="type of the parameter"/>
        </property>
        <property name="_location" class="ptolemy.kernel.util.Location" value="{53.148568339107854, 201.9711946366387}">
        </property>
    </entity>
    <entity name="HlaSub2" class="org.hlacerti.lib.HlaSubscriber">
        <property name="attributeName" class="ptolemy.data.expr.Parameter" value="&quot;val2&quot;">
            <display name="Name of the attribute to receive"/>
        </property>
        <property name="classObjectName" class="ptolemy.data.expr.Parameter" value="&quot;ValueTransfer&quot;">
            <display name="Object class in FOM"/>
        </property>
        <property name="classInstanceName" class="ptolemy.data.expr.Parameter" value="&quot;joker_1&quot;">
            <display name="Name of the HLA class instance"/>
        </property>
        <property name="typeSelector" class="ptolemy.data.expr.StringParameter" value="int">
            <display name="type of the parameter"/>
        </property>
        <property name="_location" class="ptolemy.kernel.util.Location" value="[49.99999999999996, 650.0]">
        </property>
    </entity>
    <entity name="HlaSub2 - val" class="ptolemy.actor.lib.gui.Display">
        <property name="_windowProperties" class="ptolemy.actor.gui.WindowPropertiesAttribute" value="{bounds={418, 102, 409, 393}, maximized=false}">
        </property>
        <property name="_paneSize" class="ptolemy.actor.gui.SizeAttribute" value="[407, 343]">
        </property>
        <property name="_location" class="ptolemy.kernel.util.Location" value="[615.0, 675.0]">
        </property>
    </entity>
    <entity name="HlaSub1 - val" class="ptolemy.actor.lib.gui.Display">
        <property name="_windowProperties" class="ptolemy.actor.gui.WindowPropertiesAttribute" value="{bounds={633, 513, 409, 393}, maximized=false}">
        </property>
        <property name="_paneSize" class="ptolemy.actor.gui.SizeAttribute" value="[407, 343]">
        </property>
        <property name="_location" class="ptolemy.kernel.util.Location" value="{603.1485683391079, 241.97119463663864}">
        </property>
    </entity>
    <entity name="HlaSub1 - test - Value" class="ptolemy.actor.lib.Test">
        <property name="correctValues" class="ptolemy.data.expr.Parameter" value="{}">
        </property>
        <property name="trainingMode" class="ptolemy.actor.parameters.SharedParameter" value="false">
        </property>
        <property name="_location" class="ptolemy.kernel.util.Location" value="{613.1485683391079, 176.9711946366387}">
        </property>
    </entity>
    <entity name="HlaSub1 - test - Time" class="ptolemy.actor.lib.Test">
        <property name="correctValues" class="ptolemy.data.expr.Parameter" value="{}">
        </property>
        <property name="_location" class="ptolemy.kernel.util.Location" value="{608.1485683391079, 301.9711946366387}">
        </property>
    </entity>
    <entity name="HlaSub1 - test - Microstep" class="ptolemy.actor.lib.Test">
        <property name="correctValues" class="ptolemy.data.expr.Parameter" value="{}">
        </property>
        <property name="trainingMode" class="ptolemy.actor.parameters.SharedParameter" value="false">
        </property>
        <property name="_location" class="ptolemy.kernel.util.Location" value="{608.1485683391079, 371.97119463663864}">
        </property>
    </entity>
    <entity name="CurrentTime" class="ptolemy.actor.lib.CurrentTime">
        <doc>Output the current time.</doc>
        <property name="_location" class="ptolemy.kernel.util.Location" value="{278.14856833910784, 276.9711946366387}">
        </property>
    </entity>
    <entity name="CurrentMicrostep" class="ptolemy.actor.lib.CurrentMicrostep">
        <doc>Output the current microstep.</doc>
        <property name="_location" class="ptolemy.kernel.util.Location" value="{283.14856833910784, 346.97119463663864}">
        </property>
    </entity>
    <entity name="RecordAssembler" class="ptolemy.actor.lib.RecordAssembler">
        <property name="_location" class="ptolemy.kernel.util.Location" value="{443.14856833910784, 221.9711946366387}">
        </property>
        <port name="value" class="ptolemy.actor.TypedIOPort">
            <property name="input"/>
            <property name="_showName" class="ptolemy.data.expr.SingletonParameter" value="true">
            </property>
        </port>
        <port name="time" class="ptolemy.actor.TypedIOPort">
            <property name="input"/>
            <property name="_showName" class="ptolemy.data.expr.SingletonParameter" value="true">
            </property>
        </port>
        <port name="microstep" class="ptolemy.actor.TypedIOPort">
            <property name="input"/>
            <property name="_showName" class="ptolemy.data.expr.SingletonParameter" value="true">
            </property>
        </port>
    </entity>
    <entity name="CurrentTime2" class="ptolemy.actor.lib.CurrentTime">
        <doc>Output the current time.</doc>
        <property name="_location" class="ptolemy.kernel.util.Location" value="[284.99999999999994, 710.0]">
        </property>
    </entity>
    <entity name="CurrentMicrostep2" class="ptolemy.actor.lib.CurrentMicrostep">
        <doc>Output the current microstep.</doc>
        <property name="_location" class="ptolemy.kernel.util.Location" value="[289.99999999999994, 780.0]">
        </property>
    </entity>
    <entity name="RecordAssembler2" class="ptolemy.actor.lib.RecordAssembler">
        <property name="_location" class="ptolemy.kernel.util.Location" value="[449.99999999999994, 655.0]">
        </property>
        <port name="value" class="ptolemy.actor.TypedIOPort">
            <property name="input"/>
            <property name="_showName" class="ptolemy.data.expr.SingletonParameter" value="true">
            </property>
        </port>
        <port name="time" class="ptolemy.actor.TypedIOPort">
            <property name="input"/>
            <property name="_showName" class="ptolemy.data.expr.SingletonParameter" value="true">
            </property>
        </port>
        <port name="microstep" class="ptolemy.actor.TypedIOPort">
            <property name="input"/>
            <property name="_showName" class="ptolemy.data.expr.SingletonParameter" value="true">
            </property>
        </port>
    </entity>
    <entity name="HlaSub2 - test - Microstep" class="ptolemy.actor.lib.Test">
        <property name="correctValues" class="ptolemy.data.expr.Parameter" value="{1, 1}">
        </property>
        <property name="trainingMode" class="ptolemy.actor.parameters.SharedParameter" value="false">
        </property>
        <property name="_location" class="ptolemy.kernel.util.Location" value="[615.0, 805.0]">
        </property>
    </entity>
    <entity name="HlaSub2 - test - Time" class="ptolemy.actor.lib.Test">
        <property name="correctValues" class="ptolemy.data.expr.Parameter" value="{1.0, 3.0}">
        </property>
        <property name="_location" class="ptolemy.kernel.util.Location" value="[615.0, 735.0]">
        </property>
    </entity>
    <entity name="HlaSub2 - test - Value" class="ptolemy.actor.lib.Test">
        <property name="correctValues" class="ptolemy.data.expr.Parameter" value="{20, 22}">
        </property>
        <property name="trainingMode" class="ptolemy.actor.parameters.SharedParameter" value="false">
        </property>
        <property name="_location" class="ptolemy.kernel.util.Location" value="[615.0, 609.9999999999999]">
        </property>
    </entity>
    <relation name="relation" class="ptolemy.actor.TypedIORelation">
        <property name="width" class="ptolemy.data.expr.Parameter" value="-1">
        </property>
        <vertex name="vertex1" value="{173.14856833910784, 201.9711946366387}">
        </vertex>
    </relation>
    <relation name="relation2" class="ptolemy.actor.TypedIORelation">
    </relation>
    <relation name="relation3" class="ptolemy.actor.TypedIORelation">
        <property name="width" class="ptolemy.data.expr.Parameter" value="-1">
        </property>
        <vertex name="vertex1" value="[174.99999999999994, 650.0]">
        </vertex>
    </relation>
    <relation name="relation4" class="ptolemy.actor.TypedIORelation">
    </relation>
    <relation name="relation5" class="ptolemy.actor.TypedIORelation">
        <property name="width" class="ptolemy.data.expr.Parameter" value="-1">
        </property>
        <vertex name="vertex1" value="{348.14856833910784, 266.9711946366387}">
        </vertex>
    </relation>
    <relation name="relation6" class="ptolemy.actor.TypedIORelation">
        <property name="width" class="ptolemy.data.expr.Parameter" value="-1">
        </property>
        <vertex name="vertex1" value="{408.14856833910784, 346.97119463663864}">
        </vertex>
    </relation>
    <relation name="relation7" class="ptolemy.actor.TypedIORelation">
        <property name="width" class="ptolemy.data.expr.Parameter" value="-1">
        </property>
        <vertex name="vertex1" value="[424.99999999999994, 780.0]">
        </vertex>
    </relation>
    <relation name="relation8" class="ptolemy.actor.TypedIORelation">
        <property name="width" class="ptolemy.data.expr.Parameter" value="-1">
        </property>
        <vertex name="vertex1" value="[379.99999999999994, 710.0]">
        </vertex>
    </relation>
    <link port="HlaSub.output" relation="relation"/>
    <link port="HlaSub2.output" relation="relation3"/>
    <link port="HlaSub2 - val.input" relation="relation4"/>
    <link port="HlaSub1 - val.input" relation="relation2"/>
    <link port="HlaSub1 - test - Value.input" relation="relation"/>
    <link port="HlaSub1 - test - Time.input" relation="relation5"/>
    <link port="HlaSub1 - test - Microstep.input" relation="relation6"/>
    <link port="CurrentTime.output" relation="relation5"/>
    <link port="CurrentTime.trigger" relation="relation"/>
    <link port="CurrentMicrostep.output" relation="relation6"/>
    <link port="CurrentMicrostep.trigger" relation="relation"/>
    <link port="RecordAssembler.output" relation="relation2"/>
    <link port="RecordAssembler.value" relation="relation"/>
    <link port="RecordAssembler.time" relation="relation5"/>
    <link port="RecordAssembler.microstep" relation="relation6"/>
    <link port="CurrentTime2.output" relation="relation8"/>
    <link port="CurrentTime2.trigger" relation="relation3"/>
    <link port="CurrentMicrostep2.output" relation="relation7"/>
    <link port="CurrentMicrostep2.trigger" relation="relation3"/>
    <link port="RecordAssembler2.output" relation="relation4"/>
    <link port="RecordAssembler2.value" relation="relation3"/>
    <link port="RecordAssembler2.time" relation="relation8"/>
    <link port="RecordAssembler2.microstep" relation="relation7"/>
    <link port="HlaSub2 - test - Microstep.input" relation="relation7"/>
    <link port="HlaSub2 - test - Time.input" relation="relation8"/>
    <link port="HlaSub2 - test - Value.input" relation="relation3"/>
</entity>




==== $PTII/ptolemy/configs/test/validDemos.tcl: validDemos-2848 Validating parse of /home/travis/build/icyphy/ptII/ptolemy/configs/test/../../../org/hlacerti/test/auto/StaticMultiInstanceJoker/2Values2Instances1Joker/DistributedReceiver1.xml after removing configure
==== Contents of test case:

	    set errMsg {}
	    if [catch {java::call ptolemy.configs.test.ValidatingXMLParser parse $filename} errMsg] {
		puts "Could not parse $modelPath, file $filename was"
		# Print out the contents of the failed file.
		# A common failure is a version control system conflict.
		set fp [open $filename r]
		puts [read $fp]
		close $fp
	    }

	    list $errMsg
	
==== Result was:
{com.sun.org.apache.xerces.internal.impl.io.MalformedByteSequenceException: Invalid byte 2 of 3-byte UTF-8 sequence.}
---- Result should have been:
{}
---- validDemos-2848 FAILED
.Could not parse /home/travis/build/icyphy/ptII/ptolemy/configs/test/../../../org/hlacerti/test/auto/StaticMultiInstanceJoker/2Values2Instances1Joker/StaticMultiInstanceJoker.xml, file /tmp/validDemos3326167223441030440.xml was
<?xml version="1.0" standalone="no"?>
<!DOCTYPE entity PUBLIC "-//UC Berkeley//DTD MoML 1//EN"
    "http://ptolemy.eecs.berkeley.edu/xml/dtd/MoML_1.dtd">
<entity name="StaticMultiInstanceJoker" class="ptolemy.actor.TypedCompositeActor">
    <property name="_createdBy" class="ptolemy.kernel.attributes.VersionAttribute" value="11.0.devel">
    </property>
    <property name="_windowProperties" class="ptolemy.actor.gui.WindowPropertiesAttribute" value="{bounds={733, 37, 670, 632}, maximized=false}">
    </property>
    <property name="_vergilSize" class="ptolemy.actor.gui.SizeAttribute" value="[436, 522]">
    </property>
    <property name="_vergilZoomFactor" class="ptolemy.data.expr.ExpertParameter" value="0.660460503703641">
    </property>
    <property name="_vergilCenter" class="ptolemy.data.expr.ExpertParameter" value="{331.5022523005804, 446.6083407931859}">
    </property>
    <property name="Annotation5" class="ptolemy.vergil.kernel.attributes.TextAttribute">
        <property name="text" class="ptolemy.kernel.util.StringAttribute" value="- DistributedReceiver1 model: first federate to be launched.">
        </property>
        <property name="_location" class="ptolemy.kernel.util.Location" value="[15.0, 535.0]">
        </property>
        <property name="LiveLink" class="ptolemy.actor.gui.LiveLink" value="$CLASSPATH/org/hlacerti/test/auto/StaticMultiInstanceJoker/2Values2Instances1Joker/DistributedReceiver1.xml">
            <property name="_hideName" class="ptolemy.kernel.util.SingletonAttribute">
            </property>
            <property name="_icon" class="ptolemy.vergil.icon.ValueIcon">
                <property name="_color" class="ptolemy.actor.gui.ColorAttribute" value="{0.0, 0.0, 1.0, 1.0}">
                </property>
            </property>
            <property name="_smallIconDescription" class="ptolemy.kernel.util.SingletonConfigurableAttribute">
            </property>
            <property name="_editorFactory" class="ptolemy.vergil.toolbox.VisibleParameterEditorFactory">
            </property>
            <property name="_location" class="ptolemy.kernel.util.Location" value="{395, 280}">
            </property>
        </property>
        <property name="IconLink" class="ptolemy.vergil.basic.export.web.IconLink" value="http://ptolemy.eecs.berkeley.edu/ptolemyII/ptII11.0/ptII/org/hlacerti/test/auto/StaticMultiInstanceJoker/2Values2Instances1Joker/DistributedReceiver1/index.html">
            <property name="linkTarget" class="ptolemy.vergil.basic.export.web.LinkTarget" value="_self">
            </property>
            <property name="_location" class="ptolemy.kernel.util.Location" value="{450, 180}">
            </property>
        </property>
    </property>
    <property name="enableBackwardTypeInference" class="ptolemy.data.expr.Parameter" value="false">
    </property>
    <property name="Annotation2" class="ptolemy.vergil.kernel.attributes.TextAttribute">
        <property name="text" class="ptolemy.kernel.util.StringAttribute" value="- DistributedSender1 model: last federate to be launched.">
        </property>
        <property name="_location" class="ptolemy.kernel.util.Location" value="[15.0, 560.0]">
        </property>
        <property name="LiveLink" class="ptolemy.actor.gui.LiveLink" value="$CLASSPATH/org/hlacerti/test/auto/StaticMultiInstanceJoker/2Values2Instances1Joker/DistributedSender1.xml">
            <property name="_hideName" class="ptolemy.kernel.util.SingletonAttribute">
            </property>
            <property name="_icon" class="ptolemy.vergil.icon.ValueIcon">
                <property name="_color" class="ptolemy.actor.gui.ColorAttribute" value="{0.0, 0.0, 1.0, 1.0}">
                </property>
            </property>
            <property name="_smallIconDescription" class="ptolemy.kernel.util.SingletonConfigurableAttribute">
            </property>
            <property name="_editorFactory" class="ptolemy.vergil.toolbox.VisibleParameterEditorFactory">
            </property>
            <property name="_location" class="ptolemy.kernel.util.Location" value="{395, 280}">
            </property>
        </property>
        <property name="IconLink" class="ptolemy.vergil.basic.export.web.IconLink" value="http://ptolemy.eecs.berkeley.edu/ptolemyII/ptII11.0/ptII/org/hlacerti/test/auto/StaticMultiInstanceJoker/2Values2Instances1Joker/DistributedSender1/index.html">
            <property name="linkTarget" class="ptolemy.vergil.basic.export.web.LinkTarget" value="_self">
            </property>
            <property name="_location" class="ptolemy.kernel.util.Location" value="{450, 180}">
            </property>
        </property>
    </property>
    <property name="Annotation3" class="ptolemy.vergil.kernel.attributes.TextAttribute">
        <property name="textColor" class="ptolemy.actor.gui.ColorAttribute" value="{0.0, 0.0, 1.0, 1.0}">
        </property>
        <property name="text" class="ptolemy.kernel.util.StringAttribute" value="Models:&#10;">
        </property>
        <property name="_location" class="ptolemy.kernel.util.Location" value="[10.0, 505.0]">
        </property>
    </property>
    <property name="Annotation" class="ptolemy.vergil.kernel.attributes.TextAttribute">
        <property name="textSize" class="ptolemy.data.expr.Parameter" value="14">
        </property>
        <property name="textColor" class="ptolemy.actor.gui.ColorAttribute" value="{1.0,0.0,0.0,1.0}">
        </property>
        <property name="text" class="ptolemy.kernel.util.StringAttribute" value="PtolemyII - HLA/CERTI framework&#10;&#10;--------------------------------------------------------------&#10;Model type: &#10;             Test - 2Values2Instances1Joker&#10;&#10;Feature:&#10;             Static HLA multi instance with Joker wildcard&#10;&#10;Expected result:&#10;             This test must succeed: the exception is caught by actor &#10;             TestExceptionAttribute (red star in DistributedReceiver)&#10;----------------------------------------------------------------&#10;&#10;">
        </property>
        <property name="_location" class="ptolemy.kernel.util.Location" value="[5.0, 55.0]">
        </property>
    </property>
    <property name="Annotation4" class="ptolemy.vergil.kernel.attributes.TextAttribute">
        <property name="textColor" class="ptolemy.actor.gui.ColorAttribute" value="{0.2,0.2,0.2,1.0}">
        </property>
        <property name="text" class="ptolemy.kernel.util.StringAttribute" value="Description:&#10;&#10;Simple test of the HLA static multi instance with joker usage. &#10;&#10;The test shows:&#10;&#10;- a sender which publishes updates of the attribute values 'val1'&#10;and 'val2' using  two instance class names 'instance1' and 'instance2'.&#10;&#10;- a receiver which deploys two HLA subscribers to receive updates&#10;of attribute values 'val1' and 'val2' using only 'joker_1' as wildcard.">
        </property>
        <property name="_location" class="ptolemy.kernel.util.Location" value="[10.0, 310.0]">
        </property>
    </property>
    <property name="Annotation6" class="ptolemy.vergil.kernel.attributes.TextAttribute">
        <property name="textSize" class="ptolemy.data.expr.Parameter" value="14">
        </property>
        <property name="textColor" class="ptolemy.actor.gui.ColorAttribute" value="{0.003921569,0.003921569,0.003921569,1.0}">
        </property>
        <property name="text" class="ptolemy.kernel.util.StringAttribute" value="Author: CIELE Ing�nierie (http://www.ciele.fr)">
        </property>
        <property name="_location" class="ptolemy.kernel.util.Location" value="[15.0, 795.0]">
        </property>
    </property>
    <property name="Director" class="ptolemy.actor.Director">
        <doc>Simple director that executes actors in the order in which they were created.</doc>
        <property name="iterations" class="ptolemy.data.expr.Parameter" value="0">
        </property>
        <property name="_location" class="ptolemy.kernel.util.Location" value="[92.98545454545484, 658.6636363636369]">
        </property>
    </property>
    <property name="Annotation7" class="ptolemy.vergil.kernel.attributes.TextAttribute">
        <property name="textColor" class="ptolemy.actor.gui.ColorAttribute" value="{0.0, 0.0, 1.0, 1.0}">
        </property>
        <property name="text" class="ptolemy.kernel.util.StringAttribute" value="Automated execution:&#10;">
        </property>
        <property name="_location" class="ptolemy.kernel.util.Location" value="[7.985454545454843, 593.6636363636369]">
        </property>
    </property>
    <entity name="DistributedReceiver" class="ptolemy.vergil.actor.lib.VisualModelReference">
        <property name="modelFileOrURL" class="ptolemy.actor.parameters.FilePortParameter" value="DistributedReceiver1.xml">
        </property>
        <property name="executionOnFiring" class="ptolemy.data.expr.StringParameter" value="run in a new thread">
        </property>
        <property name="lingerTime" class="ptolemy.data.expr.Parameter" value="100L">
        </property>
        <property name="spawnSeparateModels" class="ptolemy.data.expr.Parameter" value="false">
        </property>
        <property name="openOnFiring" class="ptolemy.data.expr.StringParameter" value="open in Vergil">
        </property>
        <property name="_location" class="ptolemy.kernel.util.Location" value="[220.0, 760.0]">
        </property>
    </entity>
    <entity name="DistributedSender" class="ptolemy.vergil.actor.lib.VisualModelReference">
        <property name="modelFileOrURL" class="ptolemy.actor.parameters.FilePortParameter" value="DistributedSender1.xml">
        </property>
        <property name="executionOnFiring" class="ptolemy.data.expr.StringParameter" value="run in a new thread">
        </property>
        <property name="lingerTime" class="ptolemy.data.expr.Parameter" value="0L">
        </property>
        <property name="spawnSeparateModels" class="ptolemy.data.expr.Parameter" value="false">
        </property>
        <property name="openOnFiring" class="ptolemy.data.expr.StringParameter" value="open in Vergil">
        </property>
        <property name="_location" class="ptolemy.kernel.util.Location" value="[220.0, 690.0]">
        </property>
    </entity>
    <entity name="Stop" class="ptolemy.actor.lib.Stop">
        <property name="_location" class="ptolemy.kernel.util.Location" value="[80.00000000000003, 755.0]">
        </property>
    </entity>
</entity>




==== $PTII/ptolemy/configs/test/validDemos.tcl: validDemos-2849 Validating parse of /home/travis/build/icyphy/ptII/ptolemy/configs/test/../../../org/hlacerti/test/auto/StaticMultiInstanceJoker/2Values2Instances1Joker/StaticMultiInstanceJoker.xml after removing configure
==== Contents of test case:

	    set errMsg {}
	    if [catch {java::call ptolemy.configs.test.ValidatingXMLParser parse $filename} errMsg] {
		puts "Could not parse $modelPath, file $filename was"
		# Print out the contents of the failed file.
		# A common failure is a version control system conflict.
		set fp [open $filename r]
		puts [read $fp]
		close $fp
	    }

	    list $errMsg
	
==== Result was:
{com.sun.org.apache.xerces.internal.impl.io.MalformedByteSequenceException: Invalid byte 2 of 3-byte UTF-8 sequence.}
---- Result should have been:
{}
---- validDemos-2849 FAILED
.Could not parse /home/travis/build/icyphy/ptII/ptolemy/configs/test/../../../org/hlacerti/test/auto/StaticMultiInstanceJoker/2Values2Instances1Joker/DistributedSender1.xml, file /tmp/validDemos3326167223441030440.xml was
<?xml version="1.0" standalone="no"?>
<!DOCTYPE entity PUBLIC "-//UC Berkeley//DTD MoML 1//EN"
    "http://ptolemy.eecs.berkeley.edu/xml/dtd/MoML_1.dtd">
<entity name="DistributedSender1" class="ptolemy.actor.TypedCompositeActor">
    <property name="_createdBy" class="ptolemy.kernel.attributes.VersionAttribute" value="11.0.devel">
    </property>
    <property name="DE Director" class="ptolemy.domains.de.kernel.DEDirector">
        <property name="stopTime" class="ptolemy.data.expr.Parameter" value="stopTime">
        </property>
        <property name="_location" class="ptolemy.kernel.util.Location" value="[10.0, 10.0]">
        </property>
    </property>
    <property name="TARTimeStep" class="ptolemy.data.expr.Parameter" value="2">
        <property name="_hideName" class="ptolemy.kernel.util.SingletonAttribute">
        </property>
        <property name="_icon" class="ptolemy.vergil.icon.ValueIcon">
            <property name="_color" class="ptolemy.actor.gui.ColorAttribute" value="{0.0, 0.0, 1.0, 1.0}">
            </property>
        </property>
        <property name="_smallIconDescription" class="ptolemy.kernel.util.SingletonConfigurableAttribute">
        </property>
        <property name="_editorFactory" class="ptolemy.vergil.toolbox.VisibleParameterEditorFactory">
        </property>
        <property name="_location" class="ptolemy.kernel.util.Location" value="[160.0, 15.0]">
        </property>
    </property>
    <property name="stopTime" class="ptolemy.data.expr.Parameter" value="3">
        <property name="_hideName" class="ptolemy.kernel.util.SingletonAttribute">
        </property>
        <property name="_icon" class="ptolemy.vergil.icon.ValueIcon">
            <property name="_color" class="ptolemy.actor.gui.ColorAttribute" value="{0.0, 0.0, 1.0, 1.0}">
            </property>
        </property>
        <property name="_smallIconDescription" class="ptolemy.kernel.util.SingletonConfigurableAttribute">
        </property>
        <property name="_editorFactory" class="ptolemy.vergil.toolbox.VisibleParameterEditorFactory">
        </property>
        <property name="_location" class="ptolemy.kernel.util.Location" value="[160.0, -9.999999999999972]">
        </property>
    </property>
    <property name="lah" class="ptolemy.data.expr.Parameter" value="0.01">
        <display name="Lookahead"/>
        <property name="_hideName" class="ptolemy.kernel.util.SingletonAttribute">
        </property>
        <property name="_icon" class="ptolemy.vergil.icon.ValueIcon">
            <property name="_color" class="ptolemy.actor.gui.ColorAttribute" value="{0.0, 0.0, 1.0, 1.0}">
            </property>
        </property>
        <property name="_smallIconDescription" class="ptolemy.kernel.util.SingletonConfigurableAttribute">
        </property>
        <property name="_editorFactory" class="ptolemy.vergil.toolbox.VisibleParameterEditorFactory">
        </property>
        <property name="_location" class="ptolemy.kernel.util.Location" value="[160.0, 40.0]">
        </property>
    </property>
    <property name="HlaManager" class="org.hlacerti.lib.HlaManager">
        <property name="federateName" class="ptolemy.data.expr.Parameter" value="&quot;Sender1&quot;">
            <display name="Federate's name"/>
        </property>
        <property name="federationName" class="ptolemy.data.expr.Parameter" value="&quot;StaticMultiInstanceJoker&quot;">
            <display name="Federation's name"/>
        </property>
        <property name="fedFile" class="ptolemy.data.expr.FileParameter" value="StaticMultiInstanceJoker.fed">
            <display name="Federate Object Model (.fed) file path"/>
        </property>
        <property name="timeManagementService" class="ptolemy.data.expr.ChoiceParameter" value="Time Advancement Request (TAR)">
            <display name="Time Management Service"/>
        </property>
        <property name="hlaTimeStep" class="ptolemy.data.expr.Parameter" value="TARTimeStep">
            <display name="*** If TAR is used, time step (s)"/>
        </property>
        <property name="hlaLookAHead" class="ptolemy.data.expr.Parameter" value="lah">
            <display name="lookahead (s)"/>
        </property>
        <property name="requireSynchronization" class="ptolemy.data.expr.Parameter" value="true">
            <display name="Require synchronization ?"/>
        </property>
        <property name="isCreator" class="ptolemy.data.expr.Parameter" value="true">
            <display name="Is synchronization point register ?"/>
        </property>
        <property name="_location" class="ptolemy.kernel.util.Location" value="[100.0, 15.0]">
        </property>
    </property>
    <property name="_windowProperties" class="ptolemy.actor.gui.WindowPropertiesAttribute" value="{bounds={882, 47, 826, 646}, maximized=false}">
    </property>
    <property name="_vergilSize" class="ptolemy.actor.gui.SizeAttribute" value="[610, 528]">
    </property>
    <property name="_vergilZoomFactor" class="ptolemy.data.expr.ExpertParameter" value="1.0100568242736143">
    </property>
    <property name="_vergilCenter" class="ptolemy.data.expr.ExpertParameter" value="{254.01299252717382, 235.89777938179344}">
    </property>
    <property name="Annotation2" class="ptolemy.vergil.kernel.attributes.TextAttribute">
        <property name="textSize" class="ptolemy.data.expr.Parameter" value="8">
        </property>
        <property name="textColor" class="ptolemy.actor.gui.ColorAttribute" value="{0.4,0.4,0.4,1.0}">
        </property>
        <property name="text" class="ptolemy.kernel.util.StringAttribute" value="Author: CIELE Ing�nierie (http://www.ciele.fr)&#10;">
        </property>
        <property name="_location" class="ptolemy.kernel.util.Location" value="[-35.0, 300.0]">
        </property>
    </property>
    <property name="period_dc1" class="ptolemy.data.expr.Parameter" value="1">
        <property name="_hideName" class="ptolemy.kernel.util.SingletonAttribute">
        </property>
        <property name="_icon" class="ptolemy.vergil.icon.ValueIcon">
            <property name="_color" class="ptolemy.actor.gui.ColorAttribute" value="{0.0, 0.0, 1.0, 1.0}">
            </property>
        </property>
        <property name="_smallIconDescription" class="ptolemy.kernel.util.SingletonConfigurableAttribute">
        </property>
        <property name="_editorFactory" class="ptolemy.vergil.toolbox.VisibleParameterEditorFactory">
        </property>
        <property name="_location" class="ptolemy.kernel.util.Location" value="[-30.0, 45.0]">
        </property>
    </property>
    <property name="Annotation" class="ptolemy.vergil.kernel.attributes.TextAttribute">
        <property name="textSize" class="ptolemy.data.expr.Parameter" value="10">
        </property>
        <property name="textColor" class="ptolemy.actor.gui.ColorAttribute" value="{1.0,0.0,0.0,1.0}">
        </property>
        <property name="text" class="ptolemy.kernel.util.StringAttribute" value="Last federate to be launched.&#10;">
        </property>
        <property name="_location" class="ptolemy.kernel.util.Location" value="[170.0, 65.0]">
        </property>
    </property>
    <property name="period_dc2" class="ptolemy.data.expr.Parameter" value="2">
        <property name="_hideName" class="ptolemy.kernel.util.SingletonAttribute">
        </property>
        <property name="_icon" class="ptolemy.vergil.icon.ValueIcon">
            <property name="_color" class="ptolemy.actor.gui.ColorAttribute" value="{0.0, 0.0, 1.0, 1.0}">
            </property>
        </property>
        <property name="_smallIconDescription" class="ptolemy.kernel.util.SingletonConfigurableAttribute">
        </property>
        <property name="_editorFactory" class="ptolemy.vergil.toolbox.VisibleParameterEditorFactory">
        </property>
        <property name="_location" class="ptolemy.kernel.util.Location" value="[-30.0, 65.0]">
        </property>
    </property>
    <property name="hla_value_dc1" class="ptolemy.data.expr.Parameter" value="10">
        <property name="_hideName" class="ptolemy.kernel.util.SingletonAttribute">
        </property>
        <property name="_icon" class="ptolemy.vergil.icon.ValueIcon">
            <property name="_color" class="ptolemy.actor.gui.ColorAttribute" value="{0.0, 0.0, 1.0, 1.0}">
            </property>
        </property>
        <property name="_smallIconDescription" class="ptolemy.kernel.util.SingletonConfigurableAttribute">
        </property>
        <property name="_editorFactory" class="ptolemy.vergil.toolbox.VisibleParameterEditorFactory">
        </property>
        <property name="_location" class="ptolemy.kernel.util.Location" value="[85.0, 175.0]">
        </property>
    </property>
    <property name="hla_value_dc2" class="ptolemy.data.expr.Parameter" value="20">
        <property name="_hideName" class="ptolemy.kernel.util.SingletonAttribute">
        </property>
        <property name="_icon" class="ptolemy.vergil.icon.ValueIcon">
            <property name="_color" class="ptolemy.actor.gui.ColorAttribute" value="{0.0, 0.0, 1.0, 1.0}">
            </property>
        </property>
        <property name="_smallIconDescription" class="ptolemy.kernel.util.SingletonConfigurableAttribute">
        </property>
        <property name="_editorFactory" class="ptolemy.vergil.toolbox.VisibleParameterEditorFactory">
        </property>
        <property name="_location" class="ptolemy.kernel.util.Location" value="[90.0, 285.0]">
        </property>
    </property>
    <entity name="DiscreteClock" class="ptolemy.actor.lib.DiscreteClock">
        <property name="period" class="ptolemy.actor.parameters.PortParameter" value="period_dc1">
        </property>
        <property name="values" class="ptolemy.data.expr.Parameter" value="{hla_value_dc1}">
        </property>
        <doc>Create periodic timed events.</doc>
        <property name="_location" class="ptolemy.kernel.util.Location" value="[15.0, 125.0]">
        </property>
    </entity>
    <entity name="DiscreteClock2" class="ptolemy.actor.lib.DiscreteClock">
        <property name="period" class="ptolemy.actor.parameters.PortParameter" value="period_dc2">
        </property>
        <property name="values" class="ptolemy.data.expr.Parameter" value="{hla_value_dc2}">
        </property>
        <doc>Create periodic timed events.</doc>
        <property name="_location" class="ptolemy.kernel.util.Location" value="[15.0, 230.0]">
        </property>
    </entity>
    <entity name="HlaPublisher" class="org.hlacerti.lib.HlaPublisher">
        <property name="attributeName" class="ptolemy.data.expr.Parameter" value="&quot;val1&quot;">
            <display name="Name of the attribute to receive"/>
        </property>
        <property name="classObjectName" class="ptolemy.data.expr.Parameter" value="&quot;ValueTransfer&quot;">
            <display name="Object class in FOM"/>
        </property>
        <property name="classInstanceName" class="ptolemy.data.expr.Parameter" value="&quot;instance1&quot;">
            <display name="Name of the HLA class instance"/>
        </property>
        <property name="_location" class="ptolemy.kernel.util.Location" value="[255.0, 125.0]">
        </property>
    </entity>
    <entity name="HlaPublisher2" class="org.hlacerti.lib.HlaPublisher">
        <property name="attributeName" class="ptolemy.data.expr.Parameter" value="&quot;val2&quot;">
            <display name="Name of the attribute to receive"/>
        </property>
        <property name="classObjectName" class="ptolemy.data.expr.Parameter" value="&quot;ValueTransfer&quot;">
            <display name="Object class in FOM"/>
        </property>
        <property name="classInstanceName" class="ptolemy.data.expr.Parameter" value="&quot;instance2&quot;">
            <display name="Name of the HLA class instance"/>
        </property>
        <property name="_location" class="ptolemy.kernel.util.Location" value="[255.0, 230.0]">
        </property>
    </entity>
    <entity name="Ramp" class="ptolemy.actor.lib.Ramp">
        <property name="init" class="ptolemy.actor.parameters.PortParameter" value="hla_value_dc1">
        </property>
        <property name="step" class="ptolemy.actor.parameters.PortParameter" value="period_dc1">
        </property>
        <doc>Create a sequence of tokens with increasing value</doc>
        <property name="_location" class="ptolemy.kernel.util.Location" value="[110.0, 145.0]">
        </property>
    </entity>
    <entity name="Ramp2" class="ptolemy.actor.lib.Ramp">
        <property name="init" class="ptolemy.actor.parameters.PortParameter" value="hla_value_dc2">
        </property>
        <property name="step" class="ptolemy.actor.parameters.PortParameter" value="period_dc2">
        </property>
        <doc>Create a sequence of tokens with increasing value</doc>
        <property name="_location" class="ptolemy.kernel.util.Location" value="[115.0, 250.0]">
        </property>
    </entity>
    <relation name="relation3" class="ptolemy.actor.TypedIORelation">
    </relation>
    <relation name="relation" class="ptolemy.actor.TypedIORelation">
    </relation>
    <relation name="relation2" class="ptolemy.actor.TypedIORelation">
    </relation>
    <relation name="relation4" class="ptolemy.actor.TypedIORelation">
    </relation>
    <link port="DiscreteClock.output" relation="relation2"/>
    <link port="DiscreteClock2.output" relation="relation3"/>
    <link port="HlaPublisher.input" relation="relation4"/>
    <link port="HlaPublisher2.input" relation="relation"/>
    <link port="Ramp.output" relation="relation4"/>
    <link port="Ramp.trigger" relation="relation2"/>
    <link port="Ramp2.output" relation="relation"/>
    <link port="Ramp2.trigger" relation="relation3"/>
</entity>




==== $PTII/ptolemy/configs/test/validDemos.tcl: validDemos-2850 Validating parse of /home/travis/build/icyphy/ptII/ptolemy/configs/test/../../../org/hlacerti/test/auto/StaticMultiInstanceJoker/2Values2Instances1Joker/DistributedSender1.xml after removing configure
==== Contents of test case:

	    set errMsg {}
	    if [catch {java::call ptolemy.configs.test.ValidatingXMLParser parse $filename} errMsg] {
		puts "Could not parse $modelPath, file $filename was"
		# Print out the contents of the failed file.
		# A common failure is a version control system conflict.
		set fp [open $filename r]
		puts [read $fp]
		close $fp
	    }

	    list $errMsg
	
==== Result was:
{com.sun.org.apache.xerces.internal.impl.io.MalformedByteSequenceException: Invalid byte 2 of 3-byte UTF-8 sequence.}
---- Result should have been:
{}
---- validDemos-2850 FAILED
.Could not parse /home/travis/build/icyphy/ptII/ptolemy/configs/test/../../../org/hlacerti/test/auto/StaticMultiInstance/2Classes2Values2Instances/DistributedReceiver1.xml, file /tmp/validDemos3326167223441030440.xml was
<?xml version="1.0" standalone="no"?>
<!DOCTYPE entity PUBLIC "-//UC Berkeley//DTD MoML 1//EN"
    "http://ptolemy.eecs.berkeley.edu/xml/dtd/MoML_1.dtd">
<entity name="DistributedReceiver1" class="ptolemy.actor.TypedCompositeActor">
    <property name="_createdBy" class="ptolemy.kernel.attributes.VersionAttribute" value="11.0.devel">
    </property>
    <property name="DE Director" class="ptolemy.domains.de.kernel.DEDirector">
        <property name="stopTime" class="ptolemy.data.expr.Parameter" value="stopTime">
        </property>
        <property name="_location" class="ptolemy.kernel.util.Location" value="[-30.0, 20.0]">
        </property>
    </property>
    <property name="_windowProperties" class="ptolemy.actor.gui.WindowPropertiesAttribute" value="{bounds={571, 216, 868, 632}, maximized=false}">
    </property>
    <property name="_vergilSize" class="ptolemy.actor.gui.SizeAttribute" value="[634, 522]">
    </property>
    <property name="_vergilZoomFactor" class="ptolemy.data.expr.ExpertParameter" value="0.7280248190279214">
    </property>
    <property name="_vergilCenter" class="ptolemy.data.expr.ExpertParameter" value="{345.55681818181813, 343.3394886363636}">
    </property>
    <property name="HlaManager" class="org.hlacerti.lib.HlaManager">
        <property name="federateName" class="ptolemy.data.expr.Parameter" value="&quot;Receiver1TAR&quot;">
            <display name="Federate's name"/>
        </property>
        <property name="federationName" class="ptolemy.data.expr.Parameter" value="&quot;StaticMultiInstance&quot;">
            <display name="Federation's name"/>
        </property>
        <property name="fedFile" class="ptolemy.data.expr.FileParameter" value="StaticMultiInstance.fed">
            <display name="Federate Object Model (.fed) file path"/>
        </property>
        <property name="timeManagementService" class="ptolemy.data.expr.ChoiceParameter" value="Time Advancement Request (TAR)">
            <display name="Time Management Service"/>
        </property>
        <property name="hlaTimeStep" class="ptolemy.data.expr.Parameter" value="TARTimeStep">
            <display name="*** If TAR is used, time step (s)"/>
        </property>
        <property name="hlaLookAHead" class="ptolemy.data.expr.Parameter" value="0.1">
            <display name="lookahead (s)"/>
        </property>
        <property name="enableHlaReporter" class="ptolemy.data.expr.Parameter" value="false">
            <display name="Generate HLA reports ?"/>
        </property>
        <property name="hlaReportPath" class="ptolemy.data.expr.FileParameter" value="testsResults">
            <display name="HLA report folder path"/>
        </property>
        <property name="_location" class="ptolemy.kernel.util.Location" value="[100.0, 30.0]">
        </property>
    </property>
    <property name="TARTimeStep" class="ptolemy.data.expr.Parameter" value="1">
        <property name="_hideName" class="ptolemy.kernel.util.SingletonAttribute">
        </property>
        <property name="_icon" class="ptolemy.vergil.icon.ValueIcon">
            <property name="_color" class="ptolemy.actor.gui.ColorAttribute" value="{0.0, 0.0, 1.0, 1.0}">
            </property>
        </property>
        <property name="_smallIconDescription" class="ptolemy.kernel.util.SingletonConfigurableAttribute">
        </property>
        <property name="_editorFactory" class="ptolemy.vergil.toolbox.VisibleParameterEditorFactory">
        </property>
        <property name="_location" class="ptolemy.kernel.util.Location" value="[195.0, 30.0]">
        </property>
    </property>
    <property name="stopTime" class="ptolemy.data.expr.Parameter" value="3">
        <property name="_hideName" class="ptolemy.kernel.util.SingletonAttribute">
        </property>
        <property name="_icon" class="ptolemy.vergil.icon.ValueIcon">
            <property name="_color" class="ptolemy.actor.gui.ColorAttribute" value="{0.0, 0.0, 1.0, 1.0}">
            </property>
        </property>
        <property name="_smallIconDescription" class="ptolemy.kernel.util.SingletonConfigurableAttribute">
        </property>
        <property name="_editorFactory" class="ptolemy.vergil.toolbox.VisibleParameterEditorFactory">
        </property>
        <property name="_location" class="ptolemy.kernel.util.Location" value="[195.0, 5.0]">
        </property>
    </property>
    <property name="Annotation3" class="ptolemy.vergil.kernel.attributes.TextAttribute">
        <property name="textSize" class="ptolemy.data.expr.Parameter" value="12">
        </property>
        <property name="textColor" class="ptolemy.actor.gui.ColorAttribute" value="{1.0,0.0,0.0,1.0}">
        </property>
        <property name="text" class="ptolemy.kernel.util.StringAttribute" value="First federate to be launched.&#10;">
        </property>
        <property name="_location" class="ptolemy.kernel.util.Location" value="[-65.0, 90.0]">
        </property>
    </property>
    <property name="enableBackwardTypeInference" class="ptolemy.data.expr.Parameter" value="false">
    </property>
    <property name="Annotation2" class="ptolemy.vergil.kernel.attributes.TextAttribute">
        <property name="textSize" class="ptolemy.data.expr.Parameter" value="8">
        </property>
        <property name="textColor" class="ptolemy.actor.gui.ColorAttribute" value="{0.4,0.4,0.4,1.0}">
        </property>
        <property name="text" class="ptolemy.kernel.util.StringAttribute" value="Author: CIELE Ing�nierie - http://www.ciele.fr&#10;">
        </property>
        <property name="_location" class="ptolemy.kernel.util.Location" value="[165.0, 85.0]">
        </property>
    </property>
    <entity name="HlaSub1" class="org.hlacerti.lib.HlaSubscriber">
        <property name="attributeName" class="ptolemy.data.expr.Parameter" value="&quot;val1&quot;">
            <display name="Name of the attribute to receive"/>
        </property>
        <property name="classObjectName" class="ptolemy.data.expr.Parameter" value="&quot;ValueTransfer&quot;">
            <display name="Object class in FOM"/>
        </property>
        <property name="classInstanceName" class="ptolemy.data.expr.Parameter" value="&quot;instance31&quot;">
            <display name="Name of the HLA class instance"/>
        </property>
        <property name="typeSelector" class="ptolemy.data.expr.StringParameter" value="int">
            <display name="type of the parameter"/>
        </property>
        <property name="_location" class="ptolemy.kernel.util.Location" value="[25.0, 165.0]">
        </property>
    </entity>
    <entity name="HlaSub2" class="org.hlacerti.lib.HlaSubscriber">
        <property name="attributeName" class="ptolemy.data.expr.Parameter" value="&quot;val3&quot;">
            <display name="Name of the attribute to receive"/>
        </property>
        <property name="classObjectName" class="ptolemy.data.expr.Parameter" value="&quot;AnotherValueTransfer&quot;">
            <display name="Object class in FOM"/>
        </property>
        <property name="classInstanceName" class="ptolemy.data.expr.Parameter" value="&quot;instance32&quot;">
            <display name="Name of the HLA class instance"/>
        </property>
        <property name="typeSelector" class="ptolemy.data.expr.StringParameter" value="int">
            <display name="type of the parameter"/>
        </property>
        <property name="_location" class="ptolemy.kernel.util.Location" value="[20.0, 460.0]">
        </property>
    </entity>
    <entity name="HlaSub2 - val" class="ptolemy.actor.lib.gui.Display">
        <property name="_windowProperties" class="ptolemy.actor.gui.WindowPropertiesAttribute" value="{bounds={1031, 507, 407, 387}, maximized=false}">
        </property>
        <property name="_paneSize" class="ptolemy.actor.gui.SizeAttribute" value="[407, 343]">
        </property>
        <property name="_location" class="ptolemy.kernel.util.Location" value="[585.0, 485.0]">
        </property>
    </entity>
    <entity name="HlaSub1 - val" class="ptolemy.actor.lib.gui.Display">
        <property name="_windowProperties" class="ptolemy.actor.gui.WindowPropertiesAttribute" value="{bounds={1031, 22, 407, 387}, maximized=false}">
        </property>
        <property name="_paneSize" class="ptolemy.actor.gui.SizeAttribute" value="[407, 343]">
        </property>
        <property name="_location" class="ptolemy.kernel.util.Location" value="[575.0, 205.0]">
        </property>
    </entity>
    <entity name="HlaSub1 - test - Value" class="ptolemy.actor.lib.Test">
        <property name="correctValues" class="ptolemy.data.expr.Parameter" value="{10, 11, 12, 13}">
        </property>
        <property name="trainingMode" class="ptolemy.actor.parameters.SharedParameter" value="false">
        </property>
        <property name="_location" class="ptolemy.kernel.util.Location" value="[585.0, 140.0]">
        </property>
    </entity>
    <entity name="HlaSub1 - test - Time" class="ptolemy.actor.lib.Test">
        <property name="correctValues" class="ptolemy.data.expr.Parameter" value="{1.0, 1.0, 3.0, 3.0}">
        </property>
        <property name="_location" class="ptolemy.kernel.util.Location" value="[580.0, 265.0]">
        </property>
    </entity>
    <entity name="HlaSub1 - test - Microstep" class="ptolemy.actor.lib.Test">
        <property name="correctValues" class="ptolemy.data.expr.Parameter" value="{1, 2, 1, 2}">
        </property>
        <property name="trainingMode" class="ptolemy.actor.parameters.SharedParameter" value="false">
        </property>
        <property name="_location" class="ptolemy.kernel.util.Location" value="[580.0, 335.0]">
        </property>
    </entity>
    <entity name="CurrentTime" class="ptolemy.actor.lib.CurrentTime">
        <doc>Output the current time.</doc>
        <property name="_location" class="ptolemy.kernel.util.Location" value="[250.0, 240.0]">
        </property>
    </entity>
    <entity name="CurrentMicrostep" class="ptolemy.actor.lib.CurrentMicrostep">
        <doc>Output the current microstep.</doc>
        <property name="_location" class="ptolemy.kernel.util.Location" value="[255.0, 310.0]">
        </property>
    </entity>
    <entity name="RecordAssembler" class="ptolemy.actor.lib.RecordAssembler">
        <property name="_location" class="ptolemy.kernel.util.Location" value="[415.0, 185.0]">
        </property>
        <port name="value" class="ptolemy.actor.TypedIOPort">
            <property name="input"/>
            <property name="_showName" class="ptolemy.data.expr.SingletonParameter" value="true">
            </property>
        </port>
        <port name="time" class="ptolemy.actor.TypedIOPort">
            <property name="input"/>
            <property name="_showName" class="ptolemy.data.expr.SingletonParameter" value="true">
            </property>
        </port>
        <port name="microstep" class="ptolemy.actor.TypedIOPort">
            <property name="input"/>
            <property name="_showName" class="ptolemy.data.expr.SingletonParameter" value="true">
            </property>
        </port>
    </entity>
    <entity name="CurrentTime2" class="ptolemy.actor.lib.CurrentTime">
        <doc>Output the current time.</doc>
        <property name="_location" class="ptolemy.kernel.util.Location" value="[255.0, 520.0]">
        </property>
    </entity>
    <entity name="CurrentMicrostep2" class="ptolemy.actor.lib.CurrentMicrostep">
        <doc>Output the current microstep.</doc>
        <property name="_location" class="ptolemy.kernel.util.Location" value="[260.0, 590.0]">
        </property>
    </entity>
    <entity name="RecordAssembler2" class="ptolemy.actor.lib.RecordAssembler">
        <property name="_location" class="ptolemy.kernel.util.Location" value="[420.0, 465.0]">
        </property>
        <port name="value" class="ptolemy.actor.TypedIOPort">
            <property name="input"/>
            <property name="_showName" class="ptolemy.data.expr.SingletonParameter" value="true">
            </property>
        </port>
        <port name="time" class="ptolemy.actor.TypedIOPort">
            <property name="input"/>
            <property name="_showName" class="ptolemy.data.expr.SingletonParameter" value="true">
            </property>
        </port>
        <port name="microstep" class="ptolemy.actor.TypedIOPort">
            <property name="input"/>
            <property name="_showName" class="ptolemy.data.expr.SingletonParameter" value="true">
            </property>
        </port>
    </entity>
    <entity name="HlaSub2 - test - Microstep" class="ptolemy.actor.lib.Test">
        <property name="correctValues" class="ptolemy.data.expr.Parameter" value="{1, 1}">
        </property>
        <property name="trainingMode" class="ptolemy.actor.parameters.SharedParameter" value="false">
        </property>
        <property name="_location" class="ptolemy.kernel.util.Location" value="[585.0, 615.0]">
        </property>
    </entity>
    <entity name="HlaSub2 - test - Time" class="ptolemy.actor.lib.Test">
        <property name="correctValues" class="ptolemy.data.expr.Parameter" value="{1.0, 3.0}">
        </property>
        <property name="_location" class="ptolemy.kernel.util.Location" value="[585.0, 545.0]">
        </property>
    </entity>
    <entity name="HlaSub2 - test - Value" class="ptolemy.actor.lib.Test">
        <property name="correctValues" class="ptolemy.data.expr.Parameter" value="{30, 32}">
        </property>
        <property name="trainingMode" class="ptolemy.actor.parameters.SharedParameter" value="false">
        </property>
        <property name="_location" class="ptolemy.kernel.util.Location" value="[585.0, 420.0]">
        </property>
    </entity>
    <relation name="relation" class="ptolemy.actor.TypedIORelation">
        <property name="width" class="ptolemy.data.expr.Parameter" value="-1">
        </property>
        <vertex name="vertex1" value="[145.0, 165.0]">
        </vertex>
    </relation>
    <relation name="relation2" class="ptolemy.actor.TypedIORelation">
    </relation>
    <relation name="relation3" class="ptolemy.actor.TypedIORelation">
        <property name="width" class="ptolemy.data.expr.Parameter" value="-1">
        </property>
        <vertex name="vertex1" value="[145.0, 460.0]">
        </vertex>
    </relation>
    <relation name="relation4" class="ptolemy.actor.TypedIORelation">
    </relation>
    <relation name="relation5" class="ptolemy.actor.TypedIORelation">
        <property name="width" class="ptolemy.data.expr.Parameter" value="-1">
        </property>
        <vertex name="vertex1" value="[320.0, 230.0]">
        </vertex>
    </relation>
    <relation name="relation6" class="ptolemy.actor.TypedIORelation">
        <property name="width" class="ptolemy.data.expr.Parameter" value="-1">
        </property>
        <vertex name="vertex1" value="[380.0, 310.0]">
        </vertex>
    </relation>
    <relation name="relation7" class="ptolemy.actor.TypedIORelation">
        <property name="width" class="ptolemy.data.expr.Parameter" value="-1">
        </property>
        <vertex name="vertex1" value="[395.0, 590.0]">
        </vertex>
    </relation>
    <relation name="relation8" class="ptolemy.actor.TypedIORelation">
        <property name="width" class="ptolemy.data.expr.Parameter" value="-1">
        </property>
        <vertex name="vertex1" value="[350.0, 520.0]">
        </vertex>
    </relation>
    <link port="HlaSub1.output" relation="relation"/>
    <link port="HlaSub2.output" relation="relation3"/>
    <link port="HlaSub2 - val.input" relation="relation4"/>
    <link port="HlaSub1 - val.input" relation="relation2"/>
    <link port="HlaSub1 - test - Value.input" relation="relation"/>
    <link port="HlaSub1 - test - Time.input" relation="relation5"/>
    <link port="HlaSub1 - test - Microstep.input" relation="relation6"/>
    <link port="CurrentTime.output" relation="relation5"/>
    <link port="CurrentTime.trigger" relation="relation"/>
    <link port="CurrentMicrostep.output" relation="relation6"/>
    <link port="CurrentMicrostep.trigger" relation="relation"/>
    <link port="RecordAssembler.output" relation="relation2"/>
    <link port="RecordAssembler.value" relation="relation"/>
    <link port="RecordAssembler.time" relation="relation5"/>
    <link port="RecordAssembler.microstep" relation="relation6"/>
    <link port="CurrentTime2.output" relation="relation8"/>
    <link port="CurrentTime2.trigger" relation="relation3"/>
    <link port="CurrentMicrostep2.output" relation="relation7"/>
    <link port="CurrentMicrostep2.trigger" relation="relation3"/>
    <link port="RecordAssembler2.output" relation="relation4"/>
    <link port="RecordAssembler2.value" relation="relation3"/>
    <link port="RecordAssembler2.time" relation="relation8"/>
    <link port="RecordAssembler2.microstep" relation="relation7"/>
    <link port="HlaSub2 - test - Microstep.input" relation="relation7"/>
    <link port="HlaSub2 - test - Time.input" relation="relation8"/>
    <link port="HlaSub2 - test - Value.input" relation="relation3"/>
</entity>




==== $PTII/ptolemy/configs/test/validDemos.tcl: validDemos-2851 Validating parse of /home/travis/build/icyphy/ptII/ptolemy/configs/test/../../../org/hlacerti/test/auto/StaticMultiInstance/2Classes2Values2Instances/DistributedReceiver1.xml after removing configure
==== Contents of test case:

	    set errMsg {}
	    if [catch {java::call ptolemy.configs.test.ValidatingXMLParser parse $filename} errMsg] {
		puts "Could not parse $modelPath, file $filename was"
		# Print out the contents of the failed file.
		# A common failure is a version control system conflict.
		set fp [open $filename r]
		puts [read $fp]
		close $fp
	    }

	    list $errMsg
	
==== Result was:
{com.sun.org.apache.xerces.internal.impl.io.MalformedByteSequenceException: Invalid byte 2 of 3-byte UTF-8 sequence.}
---- Result should have been:
{}
---- validDemos-2851 FAILED
.Could not parse /home/travis/build/icyphy/ptII/ptolemy/configs/test/../../../org/hlacerti/test/auto/StaticMultiInstance/2Classes2Values2Instances/StaticMultiInstance.xml, file /tmp/validDemos3326167223441030440.xml was
<?xml version="1.0" standalone="no"?>
<!DOCTYPE entity PUBLIC "-//UC Berkeley//DTD MoML 1//EN"
    "http://ptolemy.eecs.berkeley.edu/xml/dtd/MoML_1.dtd">
<entity name="StaticMultiInstance" class="ptolemy.actor.TypedCompositeActor">
    <property name="_createdBy" class="ptolemy.kernel.attributes.VersionAttribute" value="11.0.devel">
    </property>
    <property name="_windowProperties" class="ptolemy.actor.gui.WindowPropertiesAttribute" value="{bounds={906, 63, 937, 894}, maximized=false}">
    </property>
    <property name="_vergilSize" class="ptolemy.actor.gui.SizeAttribute" value="[721, 776]">
    </property>
    <property name="_vergilZoomFactor" class="ptolemy.data.expr.ExpertParameter" value="1.0802282793116365">
    </property>
    <property name="_vergilCenter" class="ptolemy.data.expr.ExpertParameter" value="{393.09710549934726, 713.5546875000002}">
    </property>
    <property name="Annotation999" class="ptolemy.vergil.kernel.attributes.TextAttribute">
        <property name="textSize" class="ptolemy.data.expr.Parameter" value="14">
        </property>
        <property name="textColor" class="ptolemy.actor.gui.ColorAttribute" value="{0.003921569,0.003921569,0.003921569,1.0}">
        </property>
        <property name="text" class="ptolemy.kernel.util.StringAttribute" value="Author: CIELE Ing�nierie - http://www.ciele.fr">
        </property>
        <property name="_location" class="ptolemy.kernel.util.Location" value="[170.0, 1045.0]">
        </property>
    </property>
    <property name="Annotation4" class="ptolemy.vergil.kernel.attributes.TextAttribute">
        <property name="textColor" class="ptolemy.actor.gui.ColorAttribute" value="{0.2,0.2,0.2,1.0}">
        </property>
        <property name="text" class="ptolemy.kernel.util.StringAttribute" value="Description:&#10;&#10;Simple test of the HLA static multi instance. &#10;&#10;The test shows:&#10;&#10;- a sender which publishes updates of the attribute values (val1, ValueTransfer,&#10;instance1) and (val2, AnotherValueTransfer, instance2).&#10;&#10;- a receiver which deploys two HLA subscribers to receive updates&#10;of attribute values 'val1' and 'val2 ' with the corresponding object class names and&#10;class instance names.">
        </property>
        <property name="_location" class="ptolemy.kernel.util.Location" value="[60.0, 605.0]">
        </property>
    </property>
    <property name="Annotation5" class="ptolemy.vergil.kernel.attributes.TextAttribute">
        <property name="text" class="ptolemy.kernel.util.StringAttribute" value="- DistributedReceiver1 model: first federate to be launched.">
        </property>
        <property name="_location" class="ptolemy.kernel.util.Location" value="[65.0, 835.0]">
        </property>
        <property name="LiveLink" class="ptolemy.actor.gui.LiveLink" value="$CLASSPATH/org/hlacerti/test/auto/StaticMultiInstance/2classes1Instance/DistributedReceiver1.xml">
            <property name="_hideName" class="ptolemy.kernel.util.SingletonAttribute">
            </property>
            <property name="_icon" class="ptolemy.vergil.icon.ValueIcon">
                <property name="_color" class="ptolemy.actor.gui.ColorAttribute" value="{0.0, 0.0, 1.0, 1.0}">
                </property>
            </property>
            <property name="_smallIconDescription" class="ptolemy.kernel.util.SingletonConfigurableAttribute">
            </property>
            <property name="_editorFactory" class="ptolemy.vergil.toolbox.VisibleParameterEditorFactory">
            </property>
            <property name="_location" class="ptolemy.kernel.util.Location" value="{395, 280}">
            </property>
        </property>
        <property name="IconLink" class="ptolemy.vergil.basic.export.web.IconLink" value="http://ptolemy.eecs.berkeley.edu/ptolemyII/ptII11.0/ptII/org/hlacerti/test/auto/StaticMultiInstance/2classes1Instance/DistributedReceiver1/index.html">
            <property name="linkTarget" class="ptolemy.vergil.basic.export.web.LinkTarget" value="_self">
            </property>
            <property name="_location" class="ptolemy.kernel.util.Location" value="{450, 180}">
            </property>
        </property>
    </property>
    <property name="enableBackwardTypeInference" class="ptolemy.data.expr.Parameter" value="false">
    </property>
    <property name="Annotation2" class="ptolemy.vergil.kernel.attributes.TextAttribute">
        <property name="text" class="ptolemy.kernel.util.StringAttribute" value="- DistributedSender1 model: last federate to be launched.">
        </property>
        <property name="_location" class="ptolemy.kernel.util.Location" value="[65.0, 855.0]">
        </property>
        <property name="LiveLink" class="ptolemy.actor.gui.LiveLink" value="$CLASSPATH/org/hlacerti/test/auto/StaticMultiInstance/2classes1Instance/DistributedSender1.xml">
            <property name="_hideName" class="ptolemy.kernel.util.SingletonAttribute">
            </property>
            <property name="_icon" class="ptolemy.vergil.icon.ValueIcon">
                <property name="_color" class="ptolemy.actor.gui.ColorAttribute" value="{0.0, 0.0, 1.0, 1.0}">
                </property>
            </property>
            <property name="_smallIconDescription" class="ptolemy.kernel.util.SingletonConfigurableAttribute">
            </property>
            <property name="_editorFactory" class="ptolemy.vergil.toolbox.VisibleParameterEditorFactory">
            </property>
            <property name="_location" class="ptolemy.kernel.util.Location" value="{395, 280}">
            </property>
        </property>
        <property name="IconLink" class="ptolemy.vergil.basic.export.web.IconLink" value="http://ptolemy.eecs.berkeley.edu/ptolemyII/ptII11.0/ptII/org/hlacerti/test/auto/StaticMultiInstance/2classes1Instance/DistributedSender1/index.html">
            <property name="linkTarget" class="ptolemy.vergil.basic.export.web.LinkTarget" value="_self">
            </property>
            <property name="_location" class="ptolemy.kernel.util.Location" value="{450, 180}">
            </property>
        </property>
    </property>
    <property name="Annotation3" class="ptolemy.vergil.kernel.attributes.TextAttribute">
        <property name="textColor" class="ptolemy.actor.gui.ColorAttribute" value="{0.0, 0.0, 1.0, 1.0}">
        </property>
        <property name="text" class="ptolemy.kernel.util.StringAttribute" value="Models:&#10;">
        </property>
        <property name="_location" class="ptolemy.kernel.util.Location" value="[60.0, 810.0]">
        </property>
    </property>
    <property name="Annotation6" class="ptolemy.vergil.kernel.attributes.TextAttribute">
        <property name="textSize" class="ptolemy.data.expr.Parameter" value="18">
        </property>
        <property name="textColor" class="ptolemy.actor.gui.ColorAttribute" value="{1.0,0.0,0.0,1.0}">
        </property>
        <property name="text" class="ptolemy.kernel.util.StringAttribute" value="PtolemyII - HLA/CERTI framework&#10;&#10;--------------------------------------------------------------&#10;Model type: &#10;             Test&#10;&#10;Feature:&#10;             Static HLA multi instance&#10;&#10;Expected result:&#10;             This test must succeed&#10;----------------------------------------------------------------&#10;&#10;">
        </property>
        <property name="_location" class="ptolemy.kernel.util.Location" value="[60.0, 355.0]">
        </property>
    </property>
    <property name="Director" class="ptolemy.actor.Director">
        <doc>Simple director that executes actors in the order in which they were created.</doc>
        <property name="iterations" class="ptolemy.data.expr.Parameter" value="0">
        </property>
        <property name="_location" class="ptolemy.kernel.util.Location" value="[130.0, 950.0]">
        </property>
    </property>
    <property name="Annotation" class="ptolemy.vergil.kernel.attributes.TextAttribute">
        <property name="textColor" class="ptolemy.actor.gui.ColorAttribute" value="{0.0, 0.0, 1.0, 1.0}">
        </property>
        <property name="text" class="ptolemy.kernel.util.StringAttribute" value="Automated execution:&#10;">
        </property>
        <property name="_location" class="ptolemy.kernel.util.Location" value="[60.0, 900.0]">
        </property>
    </property>
    <entity name="DistributedReceiver1" class="ptolemy.vergil.actor.lib.VisualModelReference">
        <property name="modelFileOrURL" class="ptolemy.actor.parameters.FilePortParameter" value="DistributedReceiver1.xml">
        </property>
        <property name="executionOnFiring" class="ptolemy.data.expr.StringParameter" value="run in a new thread">
        </property>
        <property name="lingerTime" class="ptolemy.data.expr.Parameter" value="100L">
        </property>
        <property name="spawnSeparateModels" class="ptolemy.data.expr.Parameter" value="false">
        </property>
        <property name="openOnFiring" class="ptolemy.data.expr.StringParameter" value="open in Vergil">
        </property>
        <property name="_location" class="ptolemy.kernel.util.Location" value="[270.0, 1010.0]">
        </property>
    </entity>
    <entity name="DistributedSender1" class="ptolemy.vergil.actor.lib.VisualModelReference">
        <property name="modelFileOrURL" class="ptolemy.actor.parameters.FilePortParameter" value="DistributedSender1.xml">
        </property>
        <property name="executionOnFiring" class="ptolemy.data.expr.StringParameter" value="run in a new thread">
        </property>
        <property name="lingerTime" class="ptolemy.data.expr.Parameter" value="0L">
        </property>
        <property name="spawnSeparateModels" class="ptolemy.data.expr.Parameter" value="false">
        </property>
        <property name="openOnFiring" class="ptolemy.data.expr.StringParameter" value="open in Vergil">
        </property>
        <property name="_location" class="ptolemy.kernel.util.Location" value="[270.0, 955.0]">
        </property>
    </entity>
    <entity name="Stop" class="ptolemy.actor.lib.Stop">
        <property name="_location" class="ptolemy.kernel.util.Location" value="[135.0, 1000.0]">
        </property>
    </entity>
</entity>




==== $PTII/ptolemy/configs/test/validDemos.tcl: validDemos-2852 Validating parse of /home/travis/build/icyphy/ptII/ptolemy/configs/test/../../../org/hlacerti/test/auto/StaticMultiInstance/2Classes2Values2Instances/StaticMultiInstance.xml after removing configure
==== Contents of test case:

	    set errMsg {}
	    if [catch {java::call ptolemy.configs.test.ValidatingXMLParser parse $filename} errMsg] {
		puts "Could not parse $modelPath, file $filename was"
		# Print out the contents of the failed file.
		# A common failure is a version control system conflict.
		set fp [open $filename r]
		puts [read $fp]
		close $fp
	    }

	    list $errMsg
	
==== Result was:
{com.sun.org.apache.xerces.internal.impl.io.MalformedByteSequenceException: Invalid byte 2 of 3-byte UTF-8 sequence.}
---- Result should have been:
{}
---- validDemos-2852 FAILED
.Could not parse /home/travis/build/icyphy/ptII/ptolemy/configs/test/../../../org/hlacerti/test/auto/StaticMultiInstance/2Classes2Values2Instances/DistributedSender1.xml, file /tmp/validDemos3326167223441030440.xml was
<?xml version="1.0" standalone="no"?>
<!DOCTYPE entity PUBLIC "-//UC Berkeley//DTD MoML 1//EN"
    "http://ptolemy.eecs.berkeley.edu/xml/dtd/MoML_1.dtd">
<entity name="DistributedSender1" class="ptolemy.actor.TypedCompositeActor">
    <property name="_createdBy" class="ptolemy.kernel.attributes.VersionAttribute" value="11.0.devel">
    </property>
    <property name="DE Director" class="ptolemy.domains.de.kernel.DEDirector">
        <property name="stopTime" class="ptolemy.data.expr.Parameter" value="stopTime">
        </property>
        <property name="_location" class="ptolemy.kernel.util.Location" value="[10.0, 10.0]">
        </property>
    </property>
    <property name="TARTimeStep" class="ptolemy.data.expr.Parameter" value="2">
        <property name="_hideName" class="ptolemy.kernel.util.SingletonAttribute">
        </property>
        <property name="_icon" class="ptolemy.vergil.icon.ValueIcon">
            <property name="_color" class="ptolemy.actor.gui.ColorAttribute" value="{0.0, 0.0, 1.0, 1.0}">
            </property>
        </property>
        <property name="_smallIconDescription" class="ptolemy.kernel.util.SingletonConfigurableAttribute">
        </property>
        <property name="_editorFactory" class="ptolemy.vergil.toolbox.VisibleParameterEditorFactory">
        </property>
        <property name="_location" class="ptolemy.kernel.util.Location" value="[160.0, 15.0]">
        </property>
    </property>
    <property name="stopTime" class="ptolemy.data.expr.Parameter" value="3">
        <property name="_hideName" class="ptolemy.kernel.util.SingletonAttribute">
        </property>
        <property name="_icon" class="ptolemy.vergil.icon.ValueIcon">
            <property name="_color" class="ptolemy.actor.gui.ColorAttribute" value="{0.0, 0.0, 1.0, 1.0}">
            </property>
        </property>
        <property name="_smallIconDescription" class="ptolemy.kernel.util.SingletonConfigurableAttribute">
        </property>
        <property name="_editorFactory" class="ptolemy.vergil.toolbox.VisibleParameterEditorFactory">
        </property>
        <property name="_location" class="ptolemy.kernel.util.Location" value="[160.0, -9.999999999999972]">
        </property>
    </property>
    <property name="lah" class="ptolemy.data.expr.Parameter" value="0.01">
        <display name="Lookahead"/>
        <property name="_hideName" class="ptolemy.kernel.util.SingletonAttribute">
        </property>
        <property name="_icon" class="ptolemy.vergil.icon.ValueIcon">
            <property name="_color" class="ptolemy.actor.gui.ColorAttribute" value="{0.0, 0.0, 1.0, 1.0}">
            </property>
        </property>
        <property name="_smallIconDescription" class="ptolemy.kernel.util.SingletonConfigurableAttribute">
        </property>
        <property name="_editorFactory" class="ptolemy.vergil.toolbox.VisibleParameterEditorFactory">
        </property>
        <property name="_location" class="ptolemy.kernel.util.Location" value="[160.0, 40.0]">
        </property>
    </property>
    <property name="HlaManager" class="org.hlacerti.lib.HlaManager">
        <property name="federateName" class="ptolemy.data.expr.Parameter" value="&quot;Sender1TAR&quot;">
            <display name="Federate's name"/>
        </property>
        <property name="federationName" class="ptolemy.data.expr.Parameter" value="&quot;StaticMultiInstance&quot;">
            <display name="Federation's name"/>
        </property>
        <property name="fedFile" class="ptolemy.data.expr.FileParameter" value="StaticMultiInstance.fed">
            <display name="Federate Object Model (.fed) file path"/>
        </property>
        <property name="timeManagementService" class="ptolemy.data.expr.ChoiceParameter" value="Time Advancement Request (TAR)">
            <display name="Time Management Service"/>
        </property>
        <property name="hlaTimeStep" class="ptolemy.data.expr.Parameter" value="TARTimeStep">
            <display name="*** If TAR is used, time step (s)"/>
        </property>
        <property name="hlaLookAHead" class="ptolemy.data.expr.Parameter" value="lah">
            <display name="lookahead (s)"/>
        </property>
        <property name="requireSynchronization" class="ptolemy.data.expr.Parameter" value="true">
            <display name="Require synchronization ?"/>
        </property>
        <property name="isCreator" class="ptolemy.data.expr.Parameter" value="true">
            <display name="Is synchronization point register ?"/>
        </property>
        <property name="enableHlaReporter" class="ptolemy.data.expr.Parameter" value="false">
            <display name="Generate HLA reports ?"/>
        </property>
        <property name="_location" class="ptolemy.kernel.util.Location" value="{105.0, 15.0}">
        </property>
    </property>
    <property name="_windowProperties" class="ptolemy.actor.gui.WindowPropertiesAttribute" value="{bounds={302, 352, 707, 632}, maximized=false}">
    </property>
    <property name="_vergilSize" class="ptolemy.actor.gui.SizeAttribute" value="[473, 522]">
    </property>
    <property name="_vergilZoomFactor" class="ptolemy.data.expr.ExpertParameter" value="1.2086533718554013">
    </property>
    <property name="_vergilCenter" class="ptolemy.data.expr.ExpertParameter" value="{148.5354769123134, 191.28253264925374}">
    </property>
    <property name="Annotation2" class="ptolemy.vergil.kernel.attributes.TextAttribute">
        <property name="textSize" class="ptolemy.data.expr.Parameter" value="8">
        </property>
        <property name="textColor" class="ptolemy.actor.gui.ColorAttribute" value="{0.4,0.4,0.4,1.0}">
        </property>
        <property name="text" class="ptolemy.kernel.util.StringAttribute" value="Author: CIELE Ing�nierie - http://www.ciele.fr and J. Cardoso&#10;">
        </property>
        <property name="_location" class="ptolemy.kernel.util.Location" value="[35.0, 275.0]">
        </property>
    </property>
    <property name="period_dc1" class="ptolemy.data.expr.Parameter" value="1">
        <property name="_hideName" class="ptolemy.kernel.util.SingletonAttribute">
        </property>
        <property name="_icon" class="ptolemy.vergil.icon.ValueIcon">
            <property name="_color" class="ptolemy.actor.gui.ColorAttribute" value="{0.0, 0.0, 1.0, 1.0}">
            </property>
        </property>
        <property name="_smallIconDescription" class="ptolemy.kernel.util.SingletonConfigurableAttribute">
        </property>
        <property name="_editorFactory" class="ptolemy.vergil.toolbox.VisibleParameterEditorFactory">
        </property>
        <property name="_location" class="ptolemy.kernel.util.Location" value="[-30.0, 45.0]">
        </property>
    </property>
    <property name="Annotation" class="ptolemy.vergil.kernel.attributes.TextAttribute">
        <property name="textSize" class="ptolemy.data.expr.Parameter" value="10">
        </property>
        <property name="textColor" class="ptolemy.actor.gui.ColorAttribute" value="{1.0,0.0,0.0,1.0}">
        </property>
        <property name="text" class="ptolemy.kernel.util.StringAttribute" value="Last federate to be launched.&#10;">
        </property>
        <property name="_location" class="ptolemy.kernel.util.Location" value="[160.0, 70.0]">
        </property>
    </property>
    <property name="period_dc2" class="ptolemy.data.expr.Parameter" value="2">
        <property name="_hideName" class="ptolemy.kernel.util.SingletonAttribute">
        </property>
        <property name="_icon" class="ptolemy.vergil.icon.ValueIcon">
            <property name="_color" class="ptolemy.actor.gui.ColorAttribute" value="{0.0, 0.0, 1.0, 1.0}">
            </property>
        </property>
        <property name="_smallIconDescription" class="ptolemy.kernel.util.SingletonConfigurableAttribute">
        </property>
        <property name="_editorFactory" class="ptolemy.vergil.toolbox.VisibleParameterEditorFactory">
        </property>
        <property name="_location" class="ptolemy.kernel.util.Location" value="[-30.0, 65.0]">
        </property>
    </property>
    <property name="hla_value_dc1" class="ptolemy.data.expr.Parameter" value="10">
        <property name="_hideName" class="ptolemy.kernel.util.SingletonAttribute">
        </property>
        <property name="_icon" class="ptolemy.vergil.icon.ValueIcon">
            <property name="_color" class="ptolemy.actor.gui.ColorAttribute" value="{0.0, 0.0, 1.0, 1.0}">
            </property>
        </property>
        <property name="_smallIconDescription" class="ptolemy.kernel.util.SingletonConfigurableAttribute">
        </property>
        <property name="_editorFactory" class="ptolemy.vergil.toolbox.VisibleParameterEditorFactory">
        </property>
        <property name="_location" class="ptolemy.kernel.util.Location" value="[80.0, 165.0]">
        </property>
    </property>
    <property name="hla_value_dc2" class="ptolemy.data.expr.Parameter" value="30">
        <property name="_hideName" class="ptolemy.kernel.util.SingletonAttribute">
        </property>
        <property name="_icon" class="ptolemy.vergil.icon.ValueIcon">
            <property name="_color" class="ptolemy.actor.gui.ColorAttribute" value="{0.0, 0.0, 1.0, 1.0}">
            </property>
        </property>
        <property name="_smallIconDescription" class="ptolemy.kernel.util.SingletonConfigurableAttribute">
        </property>
        <property name="_editorFactory" class="ptolemy.vergil.toolbox.VisibleParameterEditorFactory">
        </property>
        <property name="_location" class="ptolemy.kernel.util.Location" value="[65.0, 270.0]">
        </property>
    </property>
    <entity name="DiscreteClock1" class="ptolemy.actor.lib.DiscreteClock">
        <property name="period" class="ptolemy.actor.parameters.PortParameter" value="period_dc1">
        </property>
        <property name="values" class="ptolemy.data.expr.Parameter" value="{hla_value_dc1}">
        </property>
        <doc>Create periodic timed events.</doc>
        <property name="_location" class="ptolemy.kernel.util.Location" value="[15.0, 125.0]">
        </property>
    </entity>
    <entity name="DiscreteClock2" class="ptolemy.actor.lib.DiscreteClock">
        <property name="period" class="ptolemy.actor.parameters.PortParameter" value="period_dc2">
        </property>
        <property name="values" class="ptolemy.data.expr.Parameter" value="{hla_value_dc2}">
        </property>
        <doc>Create periodic timed events.</doc>
        <property name="_location" class="ptolemy.kernel.util.Location" value="[15.0, 230.0]">
        </property>
    </entity>
    <entity name="HlaPublisher" class="org.hlacerti.lib.HlaPublisher">
        <property name="attributeName" class="ptolemy.data.expr.Parameter" value="&quot;val1&quot;">
            <display name="Name of the attribute to receive"/>
        </property>
        <property name="classObjectName" class="ptolemy.data.expr.Parameter" value="&quot;ValueTransfer&quot;">
            <display name="Object class in FOM"/>
        </property>
        <property name="classInstanceName" class="ptolemy.data.expr.Parameter" value="&quot;instance31&quot;">
            <display name="Name of the HLA class instance"/>
        </property>
        <property name="_location" class="ptolemy.kernel.util.Location" value="[235.0, 135.0]">
        </property>
    </entity>
    <entity name="HlaPublisher2" class="org.hlacerti.lib.HlaPublisher">
        <property name="attributeName" class="ptolemy.data.expr.Parameter" value="&quot;val3&quot;">
            <display name="Name of the attribute to receive"/>
        </property>
        <property name="classObjectName" class="ptolemy.data.expr.Parameter" value="&quot;AnotherValueTransfer&quot;">
            <display name="Object class in FOM"/>
        </property>
        <property name="classInstanceName" class="ptolemy.data.expr.Parameter" value="&quot;instance32&quot;">
            <display name="Name of the HLA class instance"/>
        </property>
        <property name="_location" class="ptolemy.kernel.util.Location" value="[245.0, 240.0]">
        </property>
    </entity>
    <entity name="Ramp" class="ptolemy.actor.lib.Ramp">
        <property name="init" class="ptolemy.actor.parameters.PortParameter" value="hla_value_dc1">
        </property>
        <property name="step" class="ptolemy.actor.parameters.PortParameter" value="period_dc1">
        </property>
        <doc>Create a sequence of tokens with increasing value</doc>
        <property name="_location" class="ptolemy.kernel.util.Location" value="[115.0, 135.0]">
        </property>
    </entity>
    <entity name="Ramp2" class="ptolemy.actor.lib.Ramp">
        <property name="init" class="ptolemy.actor.parameters.PortParameter" value="hla_value_dc2">
        </property>
        <property name="step" class="ptolemy.actor.parameters.PortParameter" value="period_dc2">
        </property>
        <doc>Create a sequence of tokens with increasing value</doc>
        <property name="_location" class="ptolemy.kernel.util.Location" value="[110.0, 240.0]">
        </property>
    </entity>
    <relation name="relation3" class="ptolemy.actor.TypedIORelation">
    </relation>
    <relation name="relation2" class="ptolemy.actor.TypedIORelation">
    </relation>
    <relation name="relation4" class="ptolemy.actor.TypedIORelation">
    </relation>
    <relation name="relation" class="ptolemy.actor.TypedIORelation">
    </relation>
    <link port="DiscreteClock1.output" relation="relation3"/>
    <link port="DiscreteClock2.output" relation="relation4"/>
    <link port="HlaPublisher.input" relation="relation2"/>
    <link port="HlaPublisher2.input" relation="relation"/>
    <link port="Ramp.output" relation="relation2"/>
    <link port="Ramp.trigger" relation="relation3"/>
    <link port="Ramp2.output" relation="relation"/>
    <link port="Ramp2.trigger" relation="relation4"/>
</entity>




==== $PTII/ptolemy/configs/test/validDemos.tcl: validDemos-2853 Validating parse of /home/travis/build/icyphy/ptII/ptolemy/configs/test/../../../org/hlacerti/test/auto/StaticMultiInstance/2Classes2Values2Instances/DistributedSender1.xml after removing configure
==== Contents of test case:

	    set errMsg {}
	    if [catch {java::call ptolemy.configs.test.ValidatingXMLParser parse $filename} errMsg] {
		puts "Could not parse $modelPath, file $filename was"
		# Print out the contents of the failed file.
		# A common failure is a version control system conflict.
		set fp [open $filename r]
		puts [read $fp]
		close $fp
	    }

	    list $errMsg
	
==== Result was:
{com.sun.org.apache.xerces.internal.impl.io.MalformedByteSequenceException: Invalid byte 2 of 3-byte UTF-8 sequence.}
---- Result should have been:
{}
---- validDemos-2853 FAILED
.Could not parse /home/travis/build/icyphy/ptII/ptolemy/configs/test/../../../org/hlacerti/test/auto/StaticMultiInstance/2Values1Instance/DistributedReceiver1.xml, file /tmp/validDemos3326167223441030440.xml was
<?xml version="1.0" standalone="no"?>
<!DOCTYPE entity PUBLIC "-//UC Berkeley//DTD MoML 1//EN"
    "http://ptolemy.eecs.berkeley.edu/xml/dtd/MoML_1.dtd">
<entity name="DistributedReceiver1" class="ptolemy.actor.TypedCompositeActor">
    <property name="_createdBy" class="ptolemy.kernel.attributes.VersionAttribute" value="11.0.devel">
    </property>
    <property name="DE Director" class="ptolemy.domains.de.kernel.DEDirector">
        <property name="stopTime" class="ptolemy.data.expr.Parameter" value="stopTime">
        </property>
        <property name="_location" class="ptolemy.kernel.util.Location" value="[-35.0, 25.0]">
        </property>
    </property>
    <property name="_windowProperties" class="ptolemy.actor.gui.WindowPropertiesAttribute" value="{bounds={508, 289, 914, 632}, maximized=false}">
    </property>
    <property name="_vergilSize" class="ptolemy.actor.gui.SizeAttribute" value="[680, 522]">
    </property>
    <property name="_vergilZoomFactor" class="ptolemy.data.expr.ExpertParameter" value="0.8080090743206588">
    </property>
    <property name="_vergilCenter" class="ptolemy.data.expr.ExpertParameter" value="{326.59930419921875, 306.171875}">
    </property>
    <property name="HlaManager" class="org.hlacerti.lib.HlaManager">
        <property name="federateName" class="ptolemy.data.expr.Parameter" value="&quot;Receiver1NER&quot;">
            <display name="Federate's name"/>
        </property>
        <property name="federationName" class="ptolemy.data.expr.Parameter" value="&quot;StaticMultiInstance&quot;">
            <display name="Federation's name"/>
        </property>
        <property name="fedFile" class="ptolemy.data.expr.FileParameter" value="StaticMultiInstance.fed">
            <display name="Federate Object Model (.fed) file path"/>
        </property>
        <property name="timeManagementService" class="ptolemy.data.expr.ChoiceParameter" value="Next Event Request (NER)">
            <display name="Time Management Service"/>
        </property>
        <property name="hlaTimeStep" class="ptolemy.data.expr.Parameter" value="0.1">
            <display name="*** If TAR is used, time step (s)"/>
        </property>
        <property name="hlaLookAHead" class="ptolemy.data.expr.Parameter" value="lah">
            <display name="lookahead (s)"/>
        </property>
        <property name="enableHlaReporter" class="ptolemy.data.expr.Parameter" value="false">
            <display name="Generate HLA reports ?"/>
        </property>
        <property name="_location" class="ptolemy.kernel.util.Location" value="[140.0, 25.0]">
        </property>
    </property>
    <property name="stopTime" class="ptolemy.data.expr.Parameter" value="3">
        <property name="_hideName" class="ptolemy.kernel.util.SingletonAttribute">
        </property>
        <property name="_icon" class="ptolemy.vergil.icon.ValueIcon">
            <property name="_color" class="ptolemy.actor.gui.ColorAttribute" value="{0.0, 0.0, 1.0, 1.0}">
            </property>
        </property>
        <property name="_smallIconDescription" class="ptolemy.kernel.util.SingletonConfigurableAttribute">
        </property>
        <property name="_editorFactory" class="ptolemy.vergil.toolbox.VisibleParameterEditorFactory">
        </property>
        <property name="_location" class="ptolemy.kernel.util.Location" value="[250.0, 10.0]">
        </property>
    </property>
    <property name="lah" class="ptolemy.data.expr.Parameter" value="0.5">
        <display name="Lookahead"/>
        <property name="_hideName" class="ptolemy.kernel.util.SingletonAttribute">
        </property>
        <property name="_icon" class="ptolemy.vergil.icon.ValueIcon">
            <property name="_color" class="ptolemy.actor.gui.ColorAttribute" value="{0.0, 0.0, 1.0, 1.0}">
            </property>
        </property>
        <property name="_smallIconDescription" class="ptolemy.kernel.util.SingletonConfigurableAttribute">
        </property>
        <property name="_editorFactory" class="ptolemy.vergil.toolbox.VisibleParameterEditorFactory">
        </property>
        <property name="_location" class="ptolemy.kernel.util.Location" value="[250.0, 60.0]">
        </property>
    </property>
    <property name="Annotation3" class="ptolemy.vergil.kernel.attributes.TextAttribute">
        <property name="textSize" class="ptolemy.data.expr.Parameter" value="12">
        </property>
        <property name="textColor" class="ptolemy.actor.gui.ColorAttribute" value="{1.0,0.0,0.0,1.0}">
        </property>
        <property name="text" class="ptolemy.kernel.util.StringAttribute" value="First federate to be launched.&#10;">
        </property>
        <property name="_location" class="ptolemy.kernel.util.Location" value="[-80.0, 80.0]">
        </property>
    </property>
    <property name="enableBackwardTypeInference" class="ptolemy.data.expr.Parameter" value="false">
    </property>
    <property name="Annotation" class="ptolemy.vergil.kernel.attributes.TextAttribute">
        <property name="textSize" class="ptolemy.data.expr.Parameter" value="8">
        </property>
        <property name="textColor" class="ptolemy.actor.gui.ColorAttribute" value="{0.4,0.4,0.4,1.0}">
        </property>
        <property name="text" class="ptolemy.kernel.util.StringAttribute" value="Author: CIELE Ing�nierie - http://www.ciele.fr and J. Cardoso&#10;">
        </property>
        <property name="_location" class="ptolemy.kernel.util.Location" value="[155.0, 80.0]">
        </property>
    </property>
    <entity name="HlaSub1" class="org.hlacerti.lib.HlaSubscriber">
        <property name="attributeName" class="ptolemy.data.expr.Parameter" value="&quot;val1&quot;">
            <display name="Name of the attribute to receive"/>
        </property>
        <property name="classObjectName" class="ptolemy.data.expr.Parameter" value="&quot;ValueTransfer&quot;">
            <display name="Object class in FOM"/>
        </property>
        <property name="classInstanceName" class="ptolemy.data.expr.Parameter" value="&quot;instance41&quot;">
            <display name="Name of the HLA class instance"/>
        </property>
        <property name="typeSelector" class="ptolemy.data.expr.StringParameter" value="int">
            <display name="type of the parameter"/>
        </property>
        <property name="_location" class="ptolemy.kernel.util.Location" value="[0.0, 150.0]">
        </property>
    </entity>
    <entity name="HlaSub2" class="org.hlacerti.lib.HlaSubscriber">
        <property name="attributeName" class="ptolemy.data.expr.Parameter" value="&quot;val2&quot;">
            <display name="Name of the attribute to receive"/>
        </property>
        <property name="classObjectName" class="ptolemy.data.expr.Parameter" value="&quot;ValueTransfer&quot;">
            <display name="Object class in FOM"/>
        </property>
        <property name="classInstanceName" class="ptolemy.data.expr.Parameter" value="&quot;instance41&quot;">
            <display name="Name of the HLA class instance"/>
        </property>
        <property name="typeSelector" class="ptolemy.data.expr.StringParameter" value="int">
            <display name="type of the parameter"/>
        </property>
        <property name="_location" class="ptolemy.kernel.util.Location" value="[-5.0, 445.0]">
        </property>
    </entity>
    <entity name="HlaSub2 - val2" class="ptolemy.actor.lib.gui.Display">
        <property name="_windowProperties" class="ptolemy.actor.gui.WindowPropertiesAttribute" value="{bounds={305, 497, 407, 387}, maximized=false}">
        </property>
        <property name="_paneSize" class="ptolemy.actor.gui.SizeAttribute" value="[407, 343]">
        </property>
        <property name="_location" class="ptolemy.kernel.util.Location" value="[560.0, 470.0]">
        </property>
    </entity>
    <entity name="HlaSub1 - val1" class="ptolemy.actor.lib.gui.Display">
        <property name="_windowProperties" class="ptolemy.actor.gui.WindowPropertiesAttribute" value="{bounds={963, 100, 407, 387}, maximized=false}">
        </property>
        <property name="_paneSize" class="ptolemy.actor.gui.SizeAttribute" value="[407, 343]">
        </property>
        <property name="_location" class="ptolemy.kernel.util.Location" value="[550.0, 190.0]">
        </property>
    </entity>
    <entity name="HlaSub1 - test - Value" class="ptolemy.actor.lib.Test">
        <property name="correctValues" class="ptolemy.data.expr.Parameter" value="{10, 11, 12}">
        </property>
        <property name="trainingMode" class="ptolemy.actor.parameters.SharedParameter" value="false">
        </property>
        <property name="_location" class="ptolemy.kernel.util.Location" value="[560.0, 125.0]">
        </property>
    </entity>
    <entity name="HlaSub1 - test - Time" class="ptolemy.actor.lib.Test">
        <property name="correctValues" class="ptolemy.data.expr.Parameter" value="{0.01, 1.01, 2.01}">
        </property>
        <property name="_location" class="ptolemy.kernel.util.Location" value="[555.0, 250.0]">
        </property>
    </entity>
    <entity name="HlaSub1 - test - Microstep" class="ptolemy.actor.lib.Test">
        <property name="correctValues" class="ptolemy.data.expr.Parameter" value="{1, 1, 1}">
        </property>
        <property name="trainingMode" class="ptolemy.actor.parameters.SharedParameter" value="false">
        </property>
        <property name="_location" class="ptolemy.kernel.util.Location" value="[555.0, 320.0]">
        </property>
    </entity>
    <entity name="CurrentTime" class="ptolemy.actor.lib.CurrentTime">
        <doc>Output the current time.</doc>
        <property name="_location" class="ptolemy.kernel.util.Location" value="[225.0, 225.0]">
        </property>
    </entity>
    <entity name="CurrentMicrostep" class="ptolemy.actor.lib.CurrentMicrostep">
        <doc>Output the current microstep.</doc>
        <property name="_location" class="ptolemy.kernel.util.Location" value="[230.0, 295.0]">
        </property>
    </entity>
    <entity name="RecordAssembler" class="ptolemy.actor.lib.RecordAssembler">
        <property name="_location" class="ptolemy.kernel.util.Location" value="[390.0, 170.0]">
        </property>
        <port name="value" class="ptolemy.actor.TypedIOPort">
            <property name="input"/>
            <property name="_showName" class="ptolemy.data.expr.SingletonParameter" value="true">
            </property>
        </port>
        <port name="time" class="ptolemy.actor.TypedIOPort">
            <property name="input"/>
            <property name="_showName" class="ptolemy.data.expr.SingletonParameter" value="true">
            </property>
        </port>
        <port name="microstep" class="ptolemy.actor.TypedIOPort">
            <property name="input"/>
            <property name="_showName" class="ptolemy.data.expr.SingletonParameter" value="true">
            </property>
        </port>
    </entity>
    <entity name="CurrentTime2" class="ptolemy.actor.lib.CurrentTime">
        <doc>Output the current time.</doc>
        <property name="_location" class="ptolemy.kernel.util.Location" value="[230.0, 505.0]">
        </property>
    </entity>
    <entity name="CurrentMicrostep2" class="ptolemy.actor.lib.CurrentMicrostep">
        <doc>Output the current microstep.</doc>
        <property name="_location" class="ptolemy.kernel.util.Location" value="[235.0, 575.0]">
        </property>
    </entity>
    <entity name="RecordAssembler2" class="ptolemy.actor.lib.RecordAssembler">
        <property name="_location" class="ptolemy.kernel.util.Location" value="[395.0, 450.0]">
        </property>
        <port name="value" class="ptolemy.actor.TypedIOPort">
            <property name="input"/>
            <property name="_showName" class="ptolemy.data.expr.SingletonParameter" value="true">
            </property>
        </port>
        <port name="time" class="ptolemy.actor.TypedIOPort">
            <property name="input"/>
            <property name="_showName" class="ptolemy.data.expr.SingletonParameter" value="true">
            </property>
        </port>
        <port name="microstep" class="ptolemy.actor.TypedIOPort">
            <property name="input"/>
            <property name="_showName" class="ptolemy.data.expr.SingletonParameter" value="true">
            </property>
        </port>
    </entity>
    <entity name="HlaSub2 - test - Microstep" class="ptolemy.actor.lib.Test">
        <property name="correctValues" class="ptolemy.data.expr.Parameter" value="{1, 1}">
        </property>
        <property name="trainingMode" class="ptolemy.actor.parameters.SharedParameter" value="false">
        </property>
        <property name="_location" class="ptolemy.kernel.util.Location" value="[560.0, 600.0]">
        </property>
    </entity>
    <entity name="HlaSub2 - test - Time" class="ptolemy.actor.lib.Test">
        <property name="correctValues" class="ptolemy.data.expr.Parameter" value="{0.01, 2.01}">
        </property>
        <property name="_location" class="ptolemy.kernel.util.Location" value="[560.0, 530.0]">
        </property>
    </entity>
    <entity name="HlaSub2 - test - Value" class="ptolemy.actor.lib.Test">
        <property name="correctValues" class="ptolemy.data.expr.Parameter" value="{20, 22}">
        </property>
        <property name="trainingMode" class="ptolemy.actor.parameters.SharedParameter" value="false">
        </property>
        <property name="_location" class="ptolemy.kernel.util.Location" value="[560.0, 405.0]">
        </property>
    </entity>
    <relation name="relation7" class="ptolemy.actor.TypedIORelation">
        <property name="width" class="ptolemy.data.expr.Parameter" value="-1">
        </property>
        <vertex name="vertex1" value="[120.0, 150.0]">
        </vertex>
    </relation>
    <relation name="relation" class="ptolemy.actor.TypedIORelation">
    </relation>
    <relation name="relation4" class="ptolemy.actor.TypedIORelation">
        <property name="width" class="ptolemy.data.expr.Parameter" value="-1">
        </property>
        <vertex name="vertex1" value="[120.0, 445.0]">
        </vertex>
    </relation>
    <relation name="relation8" class="ptolemy.actor.TypedIORelation">
    </relation>
    <relation name="relation9" class="ptolemy.actor.TypedIORelation">
        <property name="width" class="ptolemy.data.expr.Parameter" value="-1">
        </property>
        <vertex name="vertex1" value="[295.0, 215.0]">
        </vertex>
    </relation>
    <relation name="relation6" class="ptolemy.actor.TypedIORelation">
        <property name="width" class="ptolemy.data.expr.Parameter" value="-1">
        </property>
        <vertex name="vertex1" value="[355.0, 295.0]">
        </vertex>
    </relation>
    <relation name="relation5" class="ptolemy.actor.TypedIORelation">
        <property name="width" class="ptolemy.data.expr.Parameter" value="-1">
        </property>
        <vertex name="vertex1" value="[370.0, 575.0]">
        </vertex>
    </relation>
    <relation name="relation2" class="ptolemy.actor.TypedIORelation">
        <property name="width" class="ptolemy.data.expr.Parameter" value="-1">
        </property>
        <vertex name="vertex1" value="[325.0, 505.0]">
        </vertex>
    </relation>
    <link port="HlaSub1.output" relation="relation7"/>
    <link port="HlaSub2.output" relation="relation4"/>
    <link port="HlaSub2 - val2.input" relation="relation8"/>
    <link port="HlaSub1 - val1.input" relation="relation"/>
    <link port="HlaSub1 - test - Value.input" relation="relation7"/>
    <link port="HlaSub1 - test - Time.input" relation="relation9"/>
    <link port="HlaSub1 - test - Microstep.input" relation="relation6"/>
    <link port="CurrentTime.output" relation="relation9"/>
    <link port="CurrentTime.trigger" relation="relation7"/>
    <link port="CurrentMicrostep.output" relation="relation6"/>
    <link port="CurrentMicrostep.trigger" relation="relation7"/>
    <link port="RecordAssembler.output" relation="relation"/>
    <link port="RecordAssembler.value" relation="relation7"/>
    <link port="RecordAssembler.time" relation="relation9"/>
    <link port="RecordAssembler.microstep" relation="relation6"/>
    <link port="CurrentTime2.output" relation="relation2"/>
    <link port="CurrentTime2.trigger" relation="relation4"/>
    <link port="CurrentMicrostep2.output" relation="relation5"/>
    <link port="CurrentMicrostep2.trigger" relation="relation4"/>
    <link port="RecordAssembler2.output" relation="relation8"/>
    <link port="RecordAssembler2.value" relation="relation4"/>
    <link port="RecordAssembler2.time" relation="relation2"/>
    <link port="RecordAssembler2.microstep" relation="relation5"/>
    <link port="HlaSub2 - test - Microstep.input" relation="relation5"/>
    <link port="HlaSub2 - test - Time.input" relation="relation2"/>
    <link port="HlaSub2 - test - Value.input" relation="relation4"/>
</entity>




==== $PTII/ptolemy/configs/test/validDemos.tcl: validDemos-2854 Validating parse of /home/travis/build/icyphy/ptII/ptolemy/configs/test/../../../org/hlacerti/test/auto/StaticMultiInstance/2Values1Instance/DistributedReceiver1.xml after removing configure
==== Contents of test case:

	    set errMsg {}
	    if [catch {java::call ptolemy.configs.test.ValidatingXMLParser parse $filename} errMsg] {
		puts "Could not parse $modelPath, file $filename was"
		# Print out the contents of the failed file.
		# A common failure is a version control system conflict.
		set fp [open $filename r]
		puts [read $fp]
		close $fp
	    }

	    list $errMsg
	
==== Result was:
{com.sun.org.apache.xerces.internal.impl.io.MalformedByteSequenceException: Invalid byte 2 of 3-byte UTF-8 sequence.}
---- Result should have been:
{}
---- validDemos-2854 FAILED
.Could not parse /home/travis/build/icyphy/ptII/ptolemy/configs/test/../../../org/hlacerti/test/auto/StaticMultiInstance/2Values1Instance/StaticMultiInstance.xml, file /tmp/validDemos3326167223441030440.xml was
<?xml version="1.0" standalone="no"?>
<!DOCTYPE entity PUBLIC "-//UC Berkeley//DTD MoML 1//EN"
    "http://ptolemy.eecs.berkeley.edu/xml/dtd/MoML_1.dtd">
<entity name="StaticMultiInstance" class="ptolemy.actor.TypedCompositeActor">
    <property name="_createdBy" class="ptolemy.kernel.attributes.VersionAttribute" value="11.0.devel">
    </property>
    <property name="_windowProperties" class="ptolemy.actor.gui.WindowPropertiesAttribute" value="{bounds={166, 114, 1283, 864}, maximized=false}">
    </property>
    <property name="_vergilSize" class="ptolemy.actor.gui.SizeAttribute" value="[1067, 746]">
    </property>
    <property name="_vergilZoomFactor" class="ptolemy.data.expr.ExpertParameter" value="1.0229191217409568">
    </property>
    <property name="_vergilCenter" class="ptolemy.data.expr.ExpertParameter" value="{535.658637782154, 418.7547373771668}">
    </property>
    <property name="Annotation999" class="ptolemy.vergil.kernel.attributes.TextAttribute">
        <property name="textSize" class="ptolemy.data.expr.Parameter" value="14">
        </property>
        <property name="textColor" class="ptolemy.actor.gui.ColorAttribute" value="{0.003921569,0.003921569,0.003921569,1.0}">
        </property>
        <property name="text" class="ptolemy.kernel.util.StringAttribute" value="Author: CIELE Ing�nierie - http://www.ciele.fr">
        </property>
        <property name="_location" class="ptolemy.kernel.util.Location" value="[40.0, 750.0]">
        </property>
    </property>
    <property name="Annotation5" class="ptolemy.vergil.kernel.attributes.TextAttribute">
        <property name="text" class="ptolemy.kernel.util.StringAttribute" value="- DistributedReceiver1 model: first federate to be launched.">
        </property>
        <property name="_location" class="ptolemy.kernel.util.Location" value="[20.0, 520.0]">
        </property>
        <property name="LiveLink" class="ptolemy.actor.gui.LiveLink" value="$CLASSPATH/org/hlacerti/test/auto/StaticMultiInstance/2Values1Instance/DistributedReceiver1.xml">
            <property name="_hideName" class="ptolemy.kernel.util.SingletonAttribute">
            </property>
            <property name="_icon" class="ptolemy.vergil.icon.ValueIcon">
                <property name="_color" class="ptolemy.actor.gui.ColorAttribute" value="{0.0, 0.0, 1.0, 1.0}">
                </property>
            </property>
            <property name="_smallIconDescription" class="ptolemy.kernel.util.SingletonConfigurableAttribute">
            </property>
            <property name="_editorFactory" class="ptolemy.vergil.toolbox.VisibleParameterEditorFactory">
            </property>
            <property name="_location" class="ptolemy.kernel.util.Location" value="{395, 280}">
            </property>
        </property>
        <property name="IconLink" class="ptolemy.vergil.basic.export.web.IconLink" value="http://ptolemy.eecs.berkeley.edu/ptolemyII/ptII11.0/ptII/org/hlacerti/test/auto/StaticMultiInstance/2Values1Instance/DistributedReceiver1/index.html">
            <property name="linkTarget" class="ptolemy.vergil.basic.export.web.LinkTarget" value="_self">
            </property>
            <property name="_location" class="ptolemy.kernel.util.Location" value="{450, 180}">
            </property>
        </property>
    </property>
    <property name="enableBackwardTypeInference" class="ptolemy.data.expr.Parameter" value="false">
    </property>
    <property name="Annotation2" class="ptolemy.vergil.kernel.attributes.TextAttribute">
        <property name="text" class="ptolemy.kernel.util.StringAttribute" value="- DistributedSender1 model: last federate to be launched.">
        </property>
        <property name="_location" class="ptolemy.kernel.util.Location" value="[20.0, 545.0]">
        </property>
        <property name="LiveLink" class="ptolemy.actor.gui.LiveLink" value="$CLASSPATH/org/hlacerti/test/auto/StaticMultiInstance/2Values1Instance/DistributedSender1.xml">
            <property name="_hideName" class="ptolemy.kernel.util.SingletonAttribute">
            </property>
            <property name="_icon" class="ptolemy.vergil.icon.ValueIcon">
                <property name="_color" class="ptolemy.actor.gui.ColorAttribute" value="{0.0, 0.0, 1.0, 1.0}">
                </property>
            </property>
            <property name="_smallIconDescription" class="ptolemy.kernel.util.SingletonConfigurableAttribute">
            </property>
            <property name="_editorFactory" class="ptolemy.vergil.toolbox.VisibleParameterEditorFactory">
            </property>
            <property name="_location" class="ptolemy.kernel.util.Location" value="{395, 280}">
            </property>
        </property>
        <property name="IconLink" class="ptolemy.vergil.basic.export.web.IconLink" value="http://ptolemy.eecs.berkeley.edu/ptolemyII/ptII11.0/ptII/org/hlacerti/test/auto/StaticMultiInstance/2Values1Instance/DistributedSender1/index.html">
            <property name="linkTarget" class="ptolemy.vergil.basic.export.web.LinkTarget" value="_self">
            </property>
            <property name="_location" class="ptolemy.kernel.util.Location" value="{450, 180}">
            </property>
        </property>
    </property>
    <property name="Annotation3" class="ptolemy.vergil.kernel.attributes.TextAttribute">
        <property name="textColor" class="ptolemy.actor.gui.ColorAttribute" value="{0.0, 0.0, 1.0, 1.0}">
        </property>
        <property name="text" class="ptolemy.kernel.util.StringAttribute" value="Models:&#10;">
        </property>
        <property name="_location" class="ptolemy.kernel.util.Location" value="[20.0, 495.0]">
        </property>
    </property>
    <property name="Annotation" class="ptolemy.vergil.kernel.attributes.TextAttribute">
        <property name="textSize" class="ptolemy.data.expr.Parameter" value="18">
        </property>
        <property name="textColor" class="ptolemy.actor.gui.ColorAttribute" value="{1.0,0.0,0.0,1.0}">
        </property>
        <property name="text" class="ptolemy.kernel.util.StringAttribute" value="PtolemyII - HLA/CERTI framework&#10;&#10;--------------------------------------------------------------&#10;Model type: &#10;             Test&#10;&#10;Feature:&#10;             Static HLA multi instance&#10;&#10;Expected result:&#10;             This test must succeed&#10;----------------------------------------------------------------&#10;&#10;">
        </property>
        <property name="_location" class="ptolemy.kernel.util.Location" value="[15.0, 55.0]">
        </property>
    </property>
    <property name="Annotation4" class="ptolemy.vergil.kernel.attributes.TextAttribute">
        <property name="textColor" class="ptolemy.actor.gui.ColorAttribute" value="{0.2,0.2,0.2,1.0}">
        </property>
        <property name="text" class="ptolemy.kernel.util.StringAttribute" value="Description:&#10;&#10;Simple test of the HLA static multi instance. &#10;&#10;The test shows:&#10;&#10;- a sender which publishes updates of the attribute values 'val1'&#10;and 'val2' using  only one instance class name 'instance1'.&#10;&#10;- a receiver which deploys two HLA subscribers bind to attribute&#10; values 'val1' and 'val2' for the instance class name 'instance1'. ">
        </property>
        <property name="_location" class="ptolemy.kernel.util.Location" value="[20.0, 305.0]">
        </property>
    </property>
    <property name="Director" class="ptolemy.actor.Director">
        <doc>Simple director that executes actors in the order in which they were created.</doc>
        <property name="iterations" class="ptolemy.data.expr.Parameter" value="0">
        </property>
        <property name="_location" class="ptolemy.kernel.util.Location" value="[93.92047991071416, 648.1252790178576]">
        </property>
    </property>
    <property name="Annotation6" class="ptolemy.vergil.kernel.attributes.TextAttribute">
        <property name="textColor" class="ptolemy.actor.gui.ColorAttribute" value="{0.0, 0.0, 1.0, 1.0}">
        </property>
        <property name="text" class="ptolemy.kernel.util.StringAttribute" value="Automated execution:&#10;">
        </property>
        <property name="_location" class="ptolemy.kernel.util.Location" value="[23.920479910714164, 598.1252790178576]">
        </property>
    </property>
    <entity name="DistributedReceiver1" class="ptolemy.vergil.actor.lib.VisualModelReference">
        <property name="modelFileOrURL" class="ptolemy.actor.parameters.FilePortParameter" value="DistributedReceiver1.xml">
        </property>
        <property name="executionOnFiring" class="ptolemy.data.expr.StringParameter" value="run in a new thread">
        </property>
        <property name="lingerTime" class="ptolemy.data.expr.Parameter" value="100L">
        </property>
        <property name="spawnSeparateModels" class="ptolemy.data.expr.Parameter" value="false">
        </property>
        <property name="openOnFiring" class="ptolemy.data.expr.StringParameter" value="open in Vergil">
        </property>
        <property name="_location" class="ptolemy.kernel.util.Location" value="[235.0, 705.0]">
        </property>
    </entity>
    <entity name="DistributedSender1" class="ptolemy.vergil.actor.lib.VisualModelReference">
        <property name="modelFileOrURL" class="ptolemy.actor.parameters.FilePortParameter" value="DistributedSender1.xml">
        </property>
        <property name="executionOnFiring" class="ptolemy.data.expr.StringParameter" value="run in a new thread">
        </property>
        <property name="lingerTime" class="ptolemy.data.expr.Parameter" value="0L">
        </property>
        <property name="spawnSeparateModels" class="ptolemy.data.expr.Parameter" value="false">
        </property>
        <property name="openOnFiring" class="ptolemy.data.expr.StringParameter" value="open in Vergil">
        </property>
        <property name="_location" class="ptolemy.kernel.util.Location" value="[235.0, 650.0]">
        </property>
    </entity>
    <entity name="Stop" class="ptolemy.actor.lib.Stop">
        <property name="_location" class="ptolemy.kernel.util.Location" value="[90.0, 700.0]">
        </property>
    </entity>
</entity>




==== $PTII/ptolemy/configs/test/validDemos.tcl: validDemos-2855 Validating parse of /home/travis/build/icyphy/ptII/ptolemy/configs/test/../../../org/hlacerti/test/auto/StaticMultiInstance/2Values1Instance/StaticMultiInstance.xml after removing configure
==== Contents of test case:

	    set errMsg {}
	    if [catch {java::call ptolemy.configs.test.ValidatingXMLParser parse $filename} errMsg] {
		puts "Could not parse $modelPath, file $filename was"
		# Print out the contents of the failed file.
		# A common failure is a version control system conflict.
		set fp [open $filename r]
		puts [read $fp]
		close $fp
	    }

	    list $errMsg
	
==== Result was:
{com.sun.org.apache.xerces.internal.impl.io.MalformedByteSequenceException: Invalid byte 2 of 3-byte UTF-8 sequence.}
---- Result should have been:
{}
---- validDemos-2855 FAILED
.Could not parse /home/travis/build/icyphy/ptII/ptolemy/configs/test/../../../org/hlacerti/test/auto/StaticMultiInstance/2Values1Instance/DistributedSender1.xml, file /tmp/validDemos3326167223441030440.xml was
<?xml version="1.0" standalone="no"?>
<!DOCTYPE entity PUBLIC "-//UC Berkeley//DTD MoML 1//EN"
    "http://ptolemy.eecs.berkeley.edu/xml/dtd/MoML_1.dtd">
<entity name="DistributedSender1" class="ptolemy.actor.TypedCompositeActor">
    <property name="_createdBy" class="ptolemy.kernel.attributes.VersionAttribute" value="11.0.devel">
    </property>
    <property name="DE Director" class="ptolemy.domains.de.kernel.DEDirector">
        <property name="stopTime" class="ptolemy.data.expr.Parameter" value="stopTime">
        </property>
        <property name="_location" class="ptolemy.kernel.util.Location" value="[10.0, 10.0]">
        </property>
    </property>
    <property name="stopTime" class="ptolemy.data.expr.Parameter" value="3">
        <property name="_hideName" class="ptolemy.kernel.util.SingletonAttribute">
        </property>
        <property name="_icon" class="ptolemy.vergil.icon.ValueIcon">
            <property name="_color" class="ptolemy.actor.gui.ColorAttribute" value="{0.0, 0.0, 1.0, 1.0}">
            </property>
        </property>
        <property name="_smallIconDescription" class="ptolemy.kernel.util.SingletonConfigurableAttribute">
        </property>
        <property name="_editorFactory" class="ptolemy.vergil.toolbox.VisibleParameterEditorFactory">
        </property>
        <property name="_location" class="ptolemy.kernel.util.Location" value="[165.0, 5.0]">
        </property>
    </property>
    <property name="lah" class="ptolemy.data.expr.Parameter" value="0.01">
        <display name="Lookahead"/>
        <property name="_hideName" class="ptolemy.kernel.util.SingletonAttribute">
        </property>
        <property name="_icon" class="ptolemy.vergil.icon.ValueIcon">
            <property name="_color" class="ptolemy.actor.gui.ColorAttribute" value="{0.0, 0.0, 1.0, 1.0}">
            </property>
        </property>
        <property name="_smallIconDescription" class="ptolemy.kernel.util.SingletonConfigurableAttribute">
        </property>
        <property name="_editorFactory" class="ptolemy.vergil.toolbox.VisibleParameterEditorFactory">
        </property>
        <property name="_location" class="ptolemy.kernel.util.Location" value="[165.0, 20.0]">
        </property>
    </property>
    <property name="HlaManager" class="org.hlacerti.lib.HlaManager">
        <property name="federateName" class="ptolemy.data.expr.Parameter" value="&quot;Sender1NER&quot;">
            <display name="Federate's name"/>
        </property>
        <property name="federationName" class="ptolemy.data.expr.Parameter" value="&quot;StaticMultiInstance&quot;">
            <display name="Federation's name"/>
        </property>
        <property name="fedFile" class="ptolemy.data.expr.FileParameter" value="StaticMultiInstance.fed">
            <display name="Federate Object Model (.fed) file path"/>
        </property>
        <property name="timeManagementService" class="ptolemy.data.expr.ChoiceParameter" value="Next Event Request (NER)">
            <display name="Time Management Service"/>
        </property>
        <property name="hlaTimeStep" class="ptolemy.data.expr.Parameter" value="0.1">
            <display name="*** If TAR is used, time step (s)"/>
        </property>
        <property name="hlaLookAHead" class="ptolemy.data.expr.Parameter" value="lah">
            <display name="lookahead (s)"/>
        </property>
        <property name="requireSynchronization" class="ptolemy.data.expr.Parameter" value="true">
            <display name="Require synchronization ?"/>
        </property>
        <property name="isCreator" class="ptolemy.data.expr.Parameter" value="true">
            <display name="Is synchronization point register ?"/>
        </property>
        <property name="enableHlaReporter" class="ptolemy.data.expr.Parameter" value="false">
            <display name="Generate HLA reports ?"/>
        </property>
        <property name="_location" class="ptolemy.kernel.util.Location" value="[105.0, 15.0]">
        </property>
    </property>
    <property name="_windowProperties" class="ptolemy.actor.gui.WindowPropertiesAttribute" value="{bounds={104, 43, 706, 632}, maximized=false}">
    </property>
    <property name="_vergilSize" class="ptolemy.actor.gui.SizeAttribute" value="[472, 522]">
    </property>
    <property name="_vergilZoomFactor" class="ptolemy.data.expr.ExpertParameter" value="1.1349561511633224">
    </property>
    <property name="_vergilCenter" class="ptolemy.data.expr.ExpertParameter" value="{160.53209219865147, 205.03593740413325}">
    </property>
    <property name="Annotation2" class="ptolemy.vergil.kernel.attributes.TextAttribute">
        <property name="textSize" class="ptolemy.data.expr.Parameter" value="8">
        </property>
        <property name="textColor" class="ptolemy.actor.gui.ColorAttribute" value="{0.4,0.4,0.4,1.0}">
        </property>
        <property name="text" class="ptolemy.kernel.util.StringAttribute" value="Author: CIELE Ing�nierie - http://www.ciele.fr and J. Cardoso&#10;">
        </property>
        <property name="_location" class="ptolemy.kernel.util.Location" value="[90.0, 240.0]">
        </property>
    </property>
    <property name="period_dc1" class="ptolemy.data.expr.Parameter" value="1">
        <property name="_hideName" class="ptolemy.kernel.util.SingletonAttribute">
        </property>
        <property name="_icon" class="ptolemy.vergil.icon.ValueIcon">
            <property name="_color" class="ptolemy.actor.gui.ColorAttribute" value="{0.0, 0.0, 1.0, 1.0}">
            </property>
        </property>
        <property name="_smallIconDescription" class="ptolemy.kernel.util.SingletonConfigurableAttribute">
        </property>
        <property name="_editorFactory" class="ptolemy.vergil.toolbox.VisibleParameterEditorFactory">
        </property>
        <property name="_location" class="ptolemy.kernel.util.Location" value="[-35.0, 50.0]">
        </property>
    </property>
    <property name="Annotation" class="ptolemy.vergil.kernel.attributes.TextAttribute">
        <property name="textSize" class="ptolemy.data.expr.Parameter" value="10">
        </property>
        <property name="textColor" class="ptolemy.actor.gui.ColorAttribute" value="{1.0,0.0,0.0,1.0}">
        </property>
        <property name="text" class="ptolemy.kernel.util.StringAttribute" value="Last federate to be launched.&#10;">
        </property>
        <property name="_location" class="ptolemy.kernel.util.Location" value="[175.0, 40.0]">
        </property>
    </property>
    <property name="period_dc2" class="ptolemy.data.expr.Parameter" value="2">
        <property name="_hideName" class="ptolemy.kernel.util.SingletonAttribute">
        </property>
        <property name="_icon" class="ptolemy.vergil.icon.ValueIcon">
            <property name="_color" class="ptolemy.actor.gui.ColorAttribute" value="{0.0, 0.0, 1.0, 1.0}">
            </property>
        </property>
        <property name="_smallIconDescription" class="ptolemy.kernel.util.SingletonConfigurableAttribute">
        </property>
        <property name="_editorFactory" class="ptolemy.vergil.toolbox.VisibleParameterEditorFactory">
        </property>
        <property name="_location" class="ptolemy.kernel.util.Location" value="[-30.0, 250.0]">
        </property>
    </property>
    <property name="hla_value_dc1" class="ptolemy.data.expr.Parameter" value="10">
        <property name="_hideName" class="ptolemy.kernel.util.SingletonAttribute">
        </property>
        <property name="_icon" class="ptolemy.vergil.icon.ValueIcon">
            <property name="_color" class="ptolemy.actor.gui.ColorAttribute" value="{0.0, 0.0, 1.0, 1.0}">
            </property>
        </property>
        <property name="_smallIconDescription" class="ptolemy.kernel.util.SingletonConfigurableAttribute">
        </property>
        <property name="_editorFactory" class="ptolemy.vergil.toolbox.VisibleParameterEditorFactory">
        </property>
        <property name="_location" class="ptolemy.kernel.util.Location" value="[75.0, 140.0]">
        </property>
    </property>
    <property name="hla_value_dc2" class="ptolemy.data.expr.Parameter" value="20">
        <property name="_hideName" class="ptolemy.kernel.util.SingletonAttribute">
        </property>
        <property name="_icon" class="ptolemy.vergil.icon.ValueIcon">
            <property name="_color" class="ptolemy.actor.gui.ColorAttribute" value="{0.0, 0.0, 1.0, 1.0}">
            </property>
        </property>
        <property name="_smallIconDescription" class="ptolemy.kernel.util.SingletonConfigurableAttribute">
        </property>
        <property name="_editorFactory" class="ptolemy.vergil.toolbox.VisibleParameterEditorFactory">
        </property>
        <property name="_location" class="ptolemy.kernel.util.Location" value="[75.0, 230.0]">
        </property>
    </property>
    <entity name="DiscreteClock" class="ptolemy.actor.lib.DiscreteClock">
        <property name="period" class="ptolemy.actor.parameters.PortParameter" value="period_dc1">
        </property>
        <property name="values" class="ptolemy.data.expr.Parameter" value="{hla_value_dc1}">
        </property>
        <doc>Create periodic timed events.</doc>
        <property name="_location" class="ptolemy.kernel.util.Location" value="[15.0, 95.0]">
        </property>
    </entity>
    <entity name="DiscreteClock2" class="ptolemy.actor.lib.DiscreteClock">
        <property name="period" class="ptolemy.actor.parameters.PortParameter" value="period_dc2">
        </property>
        <property name="values" class="ptolemy.data.expr.Parameter" value="{hla_value_dc2}">
        </property>
        <doc>Create periodic timed events.</doc>
        <property name="_location" class="ptolemy.kernel.util.Location" value="[15.0, 190.0]">
        </property>
    </entity>
    <entity name="HlaPublisher" class="org.hlacerti.lib.HlaPublisher">
        <property name="attributeName" class="ptolemy.data.expr.Parameter" value="&quot;val1&quot;">
            <display name="Name of the attribute to receive"/>
        </property>
        <property name="classObjectName" class="ptolemy.data.expr.Parameter" value="&quot;ValueTransfer&quot;">
            <display name="Object class in FOM"/>
        </property>
        <property name="classInstanceName" class="ptolemy.data.expr.Parameter" value="&quot;instance41&quot;">
            <display name="Name of the HLA class instance"/>
        </property>
        <property name="_location" class="ptolemy.kernel.util.Location" value="[255.0, 105.0]">
        </property>
    </entity>
    <entity name="HlaPublisher2" class="org.hlacerti.lib.HlaPublisher">
        <property name="attributeName" class="ptolemy.data.expr.Parameter" value="&quot;val2&quot;">
            <display name="Name of the attribute to receive"/>
        </property>
        <property name="classObjectName" class="ptolemy.data.expr.Parameter" value="&quot;ValueTransfer&quot;">
            <display name="Object class in FOM"/>
        </property>
        <property name="classInstanceName" class="ptolemy.data.expr.Parameter" value="&quot;instance41&quot;">
            <display name="Name of the HLA class instance"/>
        </property>
        <property name="_location" class="ptolemy.kernel.util.Location" value="[255.0, 200.0]">
        </property>
    </entity>
    <entity name="Ramp" class="ptolemy.actor.lib.Ramp">
        <property name="init" class="ptolemy.actor.parameters.PortParameter" value="hla_value_dc1">
        </property>
        <property name="step" class="ptolemy.actor.parameters.PortParameter" value="period_dc1">
        </property>
        <doc>Create a sequence of tokens with increasing value</doc>
        <property name="_location" class="ptolemy.kernel.util.Location" value="[105.0, 105.0]">
        </property>
    </entity>
    <entity name="Ramp2" class="ptolemy.actor.lib.Ramp">
        <property name="init" class="ptolemy.actor.parameters.PortParameter" value="hla_value_dc2">
        </property>
        <property name="step" class="ptolemy.actor.parameters.PortParameter" value="period_dc2">
        </property>
        <doc>Create a sequence of tokens with increasing value</doc>
        <property name="_location" class="ptolemy.kernel.util.Location" value="[115.0, 200.0]">
        </property>
    </entity>
    <relation name="relation3" class="ptolemy.actor.TypedIORelation">
    </relation>
    <relation name="relation4" class="ptolemy.actor.TypedIORelation">
    </relation>
    <relation name="relation" class="ptolemy.actor.TypedIORelation">
    </relation>
    <relation name="relation2" class="ptolemy.actor.TypedIORelation">
    </relation>
    <link port="DiscreteClock.output" relation="relation3"/>
    <link port="DiscreteClock2.output" relation="relation4"/>
    <link port="HlaPublisher.input" relation="relation2"/>
    <link port="HlaPublisher2.input" relation="relation"/>
    <link port="Ramp.output" relation="relation2"/>
    <link port="Ramp.trigger" relation="relation3"/>
    <link port="Ramp2.output" relation="relation"/>
    <link port="Ramp2.trigger" relation="relation4"/>
</entity>




==== $PTII/ptolemy/configs/test/validDemos.tcl: validDemos-2856 Validating parse of /home/travis/build/icyphy/ptII/ptolemy/configs/test/../../../org/hlacerti/test/auto/StaticMultiInstance/2Values1Instance/DistributedSender1.xml after removing configure
==== Contents of test case:

	    set errMsg {}
	    if [catch {java::call ptolemy.configs.test.ValidatingXMLParser parse $filename} errMsg] {
		puts "Could not parse $modelPath, file $filename was"
		# Print out the contents of the failed file.
		# A common failure is a version control system conflict.
		set fp [open $filename r]
		puts [read $fp]
		close $fp
	    }

	    list $errMsg
	
==== Result was:
{com.sun.org.apache.xerces.internal.impl.io.MalformedByteSequenceException: Invalid byte 2 of 3-byte UTF-8 sequence.}
---- Result should have been:
{}
---- validDemos-2856 FAILED
.Could not parse /home/travis/build/icyphy/ptII/ptolemy/configs/test/../../../org/hlacerti/test/auto/StaticMultiInstance/StaticMultiInstance.xml, file /tmp/validDemos3326167223441030440.xml was
<?xml version="1.0" standalone="no"?>
<!DOCTYPE entity PUBLIC "-//UC Berkeley//DTD MoML 1//EN"
    "http://ptolemy.eecs.berkeley.edu/xml/dtd/MoML_1.dtd">
<entity name="StaticMultiInstance" class="ptolemy.actor.TypedCompositeActor">
    <property name="_createdBy" class="ptolemy.kernel.attributes.VersionAttribute" value="11.0.devel">
    </property>
    <property name="_windowProperties" class="ptolemy.actor.gui.WindowPropertiesAttribute" value="{bounds={272, 177, 930, 632}, maximized=false}">
    </property>
    <property name="_vergilSize" class="ptolemy.actor.gui.SizeAttribute" value="[696, 522]">
    </property>
    <property name="_vergilZoomFactor" class="ptolemy.data.expr.ExpertParameter" value="0.7281361297981797">
    </property>
    <property name="_vergilCenter" class="ptolemy.data.expr.ExpertParameter" value="{-740.934239130435, -227.41739130434786}">
    </property>
    <property name="Annotation4" class="ptolemy.vergil.kernel.attributes.TextAttribute">
        <property name="textSize" class="ptolemy.data.expr.Parameter" value="18">
        </property>
        <property name="textColor" class="ptolemy.actor.gui.ColorAttribute" value="{1.0,0.0,0.0,1.0}">
        </property>
        <property name="text" class="ptolemy.kernel.util.StringAttribute" value="PtolemyII - HLA/CERTI framework&#10;&#10;--------------------------------------------------------------&#10;Model type: &#10;             Test&#10;&#10;Configuration: &#10;             2Values2Instances: UAV(val1,instance1), UAV(val2,instance2), RAV(val1,instance1), RAV(val2, instance2), success&#10;             2Values1Instance: UAV(val1,instance1), UAV(val2,instance1), RAV(val1,instance1), RAV(val2,instance1), success&#10;             1Value2Instances: UAV(val1,instance1), UAV(val1,instance2), RAV(val1,instance1), RAV(val1,instance2), success&#10;             DuplicateClassInstanceName: Sender1 2 publishers, 2 values, 2 classes, 1 instance, TestException, success&#10;                                                         Receiver1 2 subscribers, 2 values, 2 classes, 1 instance, TestException, success&#10;&#10;Expected results:&#10;             Each test must be successfull&#10;----------------------------------------------------------------&#10;&#10;">
        </property>
        <property name="_location" class="ptolemy.kernel.util.Location" value="{-1216.0, -583.0}">
        </property>
    </property>
    <property name="Annotation5" class="ptolemy.vergil.kernel.attributes.TextAttribute">
        <property name="textSize" class="ptolemy.data.expr.Parameter" value="14">
        </property>
        <property name="textColor" class="ptolemy.actor.gui.ColorAttribute" value="{0.003921569,0.003921569,0.003921569,1.0}">
        </property>
        <property name="text" class="ptolemy.kernel.util.StringAttribute" value="Author: CIELE Ing�nierie - http://www.ciele.fr">
        </property>
        <property name="_location" class="ptolemy.kernel.util.Location" value="[-1205.0, 20.0]">
        </property>
    </property>
    <property name="Annotation6" class="ptolemy.vergil.kernel.attributes.TextAttribute">
        <property name="textColor" class="ptolemy.actor.gui.ColorAttribute" value="{0.2,0.2,0.2,1.0}">
        </property>
        <property name="text" class="ptolemy.kernel.util.StringAttribute" value="Description:&#10;&#10;Testsuite for the static HLA multi instance feature.&#10;">
        </property>
        <property name="_location" class="ptolemy.kernel.util.Location" value="[-1215.0, -230.0]">
        </property>
    </property>
    <property name="Annotation7" class="ptolemy.vergil.kernel.attributes.TextAttribute">
        <property name="text" class="ptolemy.kernel.util.StringAttribute" value="- StaticMultiInstance/2Values2Instances/StaticMultiInstance.xml">
        </property>
        <property name="_location" class="ptolemy.kernel.util.Location" value="[-1210.0, -135.0]">
        </property>
        <property name="LiveLink" class="ptolemy.actor.gui.LiveLink" value="StaticMultiInstance/2Values2Instances/StaticMultiInstance.xml">
            <property name="_hideName" class="ptolemy.kernel.util.SingletonAttribute">
            </property>
            <property name="_icon" class="ptolemy.vergil.icon.ValueIcon">
                <property name="_color" class="ptolemy.actor.gui.ColorAttribute" value="{0.0, 0.0, 1.0, 1.0}">
                </property>
            </property>
            <property name="_smallIconDescription" class="ptolemy.kernel.util.SingletonConfigurableAttribute">
            </property>
            <property name="_editorFactory" class="ptolemy.vergil.toolbox.VisibleParameterEditorFactory">
            </property>
            <property name="_location" class="ptolemy.kernel.util.Location" value="{395, 280}">
            </property>
        </property>
        <property name="IconLink" class="ptolemy.vergil.basic.export.web.IconLink" value="http://ptolemy.eecs.berkeley.edu/ptolemyII/ptII11.0/ptII/org/hlacerti/test/auto/StaticMultiInstance/2Values2Instances/StaticMultiInstance.xml">
            <property name="linkTarget" class="ptolemy.vergil.basic.export.web.LinkTarget" value="_self">
            </property>
            <property name="_location" class="ptolemy.kernel.util.Location" value="{450, 180}">
            </property>
        </property>
    </property>
    <property name="Annotation9" class="ptolemy.vergil.kernel.attributes.TextAttribute">
        <property name="textColor" class="ptolemy.actor.gui.ColorAttribute" value="{0.0, 0.0, 1.0, 1.0}">
        </property>
        <property name="text" class="ptolemy.kernel.util.StringAttribute" value="Models:&#10;">
        </property>
        <property name="_location" class="ptolemy.kernel.util.Location" value="[-1213.0, -163.0]">
        </property>
    </property>
    <property name="Annotation2" class="ptolemy.vergil.kernel.attributes.TextAttribute">
        <property name="_location" class="ptolemy.kernel.util.Location" value="[-1205.0, -5.0]">
        </property>
        <property name="LiveLink" class="ptolemy.actor.gui.LiveLink" value="DuplicateClassInstanceName/StaticMultiInstance.xml">
            <property name="_hideName" class="ptolemy.kernel.util.SingletonAttribute">
            </property>
            <property name="_icon" class="ptolemy.vergil.icon.ValueIcon">
                <property name="_color" class="ptolemy.actor.gui.ColorAttribute" value="{0.0, 0.0, 1.0, 1.0}">
                </property>
            </property>
            <property name="_smallIconDescription" class="ptolemy.kernel.util.SingletonConfigurableAttribute">
            </property>
            <property name="_editorFactory" class="ptolemy.vergil.toolbox.VisibleParameterEditorFactory">
            </property>
            <property name="_location" class="ptolemy.kernel.util.Location" value="{395, 280}">
            </property>
        </property>
        <property name="IconLink" class="ptolemy.vergil.basic.export.web.IconLink" value="http://ptolemy.eecs.berkeley.edu/ptolemyII/ptII11.0/ptII/org/hlacerti/test/auto/StaticMultiInstance/DuplicateClassInstanceName/StaticMultiInstance.xml">
            <property name="linkTarget" class="ptolemy.vergil.basic.export.web.LinkTarget" value="_self">
            </property>
            <property name="_location" class="ptolemy.kernel.util.Location" value="{450, 180}">
            </property>
        </property>
    </property>
    <property name="Annotation3" class="ptolemy.vergil.kernel.attributes.TextAttribute">
        <property name="text" class="ptolemy.kernel.util.StringAttribute" value="- StaticMultiInstance/1Value2Instances/StaticMultiInstance.xml">
        </property>
        <property name="_location" class="ptolemy.kernel.util.Location" value="[-1210.0, -85.0]">
        </property>
        <property name="LiveLink" class="ptolemy.actor.gui.LiveLink" value="StaticMultiInstance/1Value2Instances/StaticMultiInstance.xml">
            <property name="_hideName" class="ptolemy.kernel.util.SingletonAttribute">
            </property>
            <property name="_icon" class="ptolemy.vergil.icon.ValueIcon">
                <property name="_color" class="ptolemy.actor.gui.ColorAttribute" value="{0.0, 0.0, 1.0, 1.0}">
                </property>
            </property>
            <property name="_smallIconDescription" class="ptolemy.kernel.util.SingletonConfigurableAttribute">
            </property>
            <property name="_editorFactory" class="ptolemy.vergil.toolbox.VisibleParameterEditorFactory">
            </property>
            <property name="_location" class="ptolemy.kernel.util.Location" value="{395, 280}">
            </property>
        </property>
        <property name="IconLink" class="ptolemy.vergil.basic.export.web.IconLink" value="http://ptolemy.eecs.berkeley.edu/ptolemyII/ptII11.0/ptII/org/hlacerti/test/auto/StaticMultiInstance/1Value2Instances/StaticMultiInstance.xml">
            <property name="linkTarget" class="ptolemy.vergil.basic.export.web.LinkTarget" value="_self">
            </property>
            <property name="_location" class="ptolemy.kernel.util.Location" value="{450, 180}">
            </property>
        </property>
    </property>
    <property name="Annotation8" class="ptolemy.vergil.kernel.attributes.TextAttribute">
        <property name="text" class="ptolemy.kernel.util.StringAttribute" value="- StaticMultiInstance/2Values1Instance/StaticMultiInstance.xml">
        </property>
        <property name="_location" class="ptolemy.kernel.util.Location" value="[-1210.0, -110.0]">
        </property>
        <property name="LiveLink" class="ptolemy.actor.gui.LiveLink" value="StaticMultiInstance/2Values1Instance/StaticMultiInstance.xml">
            <property name="_hideName" class="ptolemy.kernel.util.SingletonAttribute">
            </property>
            <property name="_icon" class="ptolemy.vergil.icon.ValueIcon">
                <property name="_color" class="ptolemy.actor.gui.ColorAttribute" value="{0.0, 0.0, 1.0, 1.0}">
                </property>
            </property>
            <property name="_smallIconDescription" class="ptolemy.kernel.util.SingletonConfigurableAttribute">
            </property>
            <property name="_editorFactory" class="ptolemy.vergil.toolbox.VisibleParameterEditorFactory">
            </property>
            <property name="_location" class="ptolemy.kernel.util.Location" value="{395, 280}">
            </property>
        </property>
        <property name="IconLink" class="ptolemy.vergil.basic.export.web.IconLink" value="http://ptolemy.eecs.berkeley.edu/ptolemyII/ptII11.0/ptII/org/hlacerti/test/auto/StaticMultiInstance/2Values1Instance/StaticMultiInstance.xml">
            <property name="linkTarget" class="ptolemy.vergil.basic.export.web.LinkTarget" value="_self">
            </property>
            <property name="_location" class="ptolemy.kernel.util.Location" value="{450, 180}">
            </property>
        </property>
    </property>
    <property name="Annotation" class="ptolemy.vergil.kernel.attributes.TextAttribute">
        <property name="text" class="ptolemy.kernel.util.StringAttribute" value="- StaticMultiInstance/2Classes2Values2Instances/StaticMultiInstance.xml">
        </property>
        <property name="_location" class="ptolemy.kernel.util.Location" value="[-1210.0, -60.0]">
        </property>
        <property name="LiveLink" class="ptolemy.actor.gui.LiveLink" value="StaticMultiInstance/2Classes2Values2Instances/StaticMultiInstance.xml">
            <property name="_hideName" class="ptolemy.kernel.util.SingletonAttribute">
            </property>
            <property name="_icon" class="ptolemy.vergil.icon.ValueIcon">
                <property name="_color" class="ptolemy.actor.gui.ColorAttribute" value="{0.0, 0.0, 1.0, 1.0}">
                </property>
            </property>
            <property name="_smallIconDescription" class="ptolemy.kernel.util.SingletonConfigurableAttribute">
            </property>
            <property name="_editorFactory" class="ptolemy.vergil.toolbox.VisibleParameterEditorFactory">
            </property>
            <property name="_location" class="ptolemy.kernel.util.Location" value="{395, 280}">
            </property>
        </property>
        <property name="IconLink" class="ptolemy.vergil.basic.export.web.IconLink" value="http://ptolemy.eecs.berkeley.edu/ptolemyII/ptII11.0/ptII/org/hlacerti/test/auto/StaticMultiInstance/2Classes1Instance/StaticMultiInstance.xml">
            <property name="linkTarget" class="ptolemy.vergil.basic.export.web.LinkTarget" value="_self">
            </property>
            <property name="_location" class="ptolemy.kernel.util.Location" value="{450, 180}">
            </property>
        </property>
    </property>
    <property name="Annotation10" class="ptolemy.vergil.kernel.attributes.TextAttribute">
        <property name="text" class="ptolemy.kernel.util.StringAttribute" value="- StaticMultiInstance/DuplicateClassInstanceName/StaticMultiInstance.xml">
        </property>
        <property name="_location" class="ptolemy.kernel.util.Location" value="[-1205.0, -30.0]">
        </property>
        <property name="LiveLink" class="ptolemy.actor.gui.LiveLink" value="StaticMultiInstance/DuplicateClassInstanceName/StaticMultiInstance.xml">
            <property name="_hideName" class="ptolemy.kernel.util.SingletonAttribute">
            </property>
            <property name="_icon" class="ptolemy.vergil.icon.ValueIcon">
                <property name="_color" class="ptolemy.actor.gui.ColorAttribute" value="{0.0, 0.0, 1.0, 1.0}">
                </property>
            </property>
            <property name="_smallIconDescription" class="ptolemy.kernel.util.SingletonConfigurableAttribute">
            </property>
            <property name="_editorFactory" class="ptolemy.vergil.toolbox.VisibleParameterEditorFactory">
            </property>
            <property name="_location" class="ptolemy.kernel.util.Location" value="{395, 280}">
            </property>
        </property>
        <property name="IconLink" class="ptolemy.vergil.basic.export.web.IconLink" value="http://ptolemy.eecs.berkeley.edu/ptolemyII/ptII11.0/ptII/org/hlacerti/test/auto/StaticMultiInstanceRamp/DuplicateClassInstanceName/StaticMultiInstance.xml">
            <property name="linkTarget" class="ptolemy.vergil.basic.export.web.LinkTarget" value="_self">
            </property>
            <property name="_location" class="ptolemy.kernel.util.Location" value="{450, 180}">
            </property>
        </property>
    </property>
</entity>




==== $PTII/ptolemy/configs/test/validDemos.tcl: validDemos-2857 Validating parse of /home/travis/build/icyphy/ptII/ptolemy/configs/test/../../../org/hlacerti/test/auto/StaticMultiInstance/StaticMultiInstance.xml after removing configure
==== Contents of test case:

	    set errMsg {}
	    if [catch {java::call ptolemy.configs.test.ValidatingXMLParser parse $filename} errMsg] {
		puts "Could not parse $modelPath, file $filename was"
		# Print out the contents of the failed file.
		# A common failure is a version control system conflict.
		set fp [open $filename r]
		puts [read $fp]
		close $fp
	    }

	    list $errMsg
	
==== Result was:
{com.sun.org.apache.xerces.internal.impl.io.MalformedByteSequenceException: Invalid byte 2 of 3-byte UTF-8 sequence.}
---- Result should have been:
{}
---- validDemos-2857 FAILED
.Could not parse /home/travis/build/icyphy/ptII/ptolemy/configs/test/../../../org/hlacerti/test/auto/StaticMultiInstance/1Value2Instances/DistributedReceiver1.xml, file /tmp/validDemos3326167223441030440.xml was
<?xml version="1.0" standalone="no"?>
<!DOCTYPE entity PUBLIC "-//UC Berkeley//DTD MoML 1//EN"
    "http://ptolemy.eecs.berkeley.edu/xml/dtd/MoML_1.dtd">
<entity name="DistributedReceiver1" class="ptolemy.actor.TypedCompositeActor">
    <property name="_createdBy" class="ptolemy.kernel.attributes.VersionAttribute" value="11.0.devel">
    </property>
    <property name="DE Director" class="ptolemy.domains.de.kernel.DEDirector">
        <property name="stopTime" class="ptolemy.data.expr.Parameter" value="stopTime">
        </property>
        <property name="_location" class="ptolemy.kernel.util.Location" value="[-35.0, 25.0]">
        </property>
    </property>
    <property name="_windowProperties" class="ptolemy.actor.gui.WindowPropertiesAttribute" value="{bounds={343, 35, 734, 632}, maximized=false}">
    </property>
    <property name="_vergilSize" class="ptolemy.actor.gui.SizeAttribute" value="[500, 522]">
    </property>
    <property name="_vergilZoomFactor" class="ptolemy.data.expr.ExpertParameter" value="0.6496572005964425">
    </property>
    <property name="_vergilCenter" class="ptolemy.data.expr.ExpertParameter" value="{287.1219648994401, 388.39772148676155}">
    </property>
    <property name="HlaManager" class="org.hlacerti.lib.HlaManager">
        <property name="federateName" class="ptolemy.data.expr.Parameter" value="&quot;Receiver1&quot;">
            <display name="Federate's name"/>
        </property>
        <property name="federationName" class="ptolemy.data.expr.Parameter" value="&quot;StaticMultiInstance&quot;">
            <display name="Federation's name"/>
        </property>
        <property name="fedFile" class="ptolemy.data.expr.FileParameter" value="StaticMultiInstance.fed">
            <display name="Federate Object Model (.fed) file path"/>
        </property>
        <property name="timeManagementService" class="ptolemy.data.expr.ChoiceParameter" value="Time Advancement Request (TAR)">
            <display name="Time Management Service"/>
        </property>
        <property name="hlaTimeStep" class="ptolemy.data.expr.Parameter" value="TARTimeStep">
            <display name="*** If TAR is used, time step (s)"/>
        </property>
        <property name="hlaLookAHead" class="ptolemy.data.expr.Parameter" value="0.1">
            <display name="lookahead (s)"/>
        </property>
        <property name="enableHlaReporter" class="ptolemy.data.expr.Parameter" value="false">
            <display name="Generate HLA reports ?"/>
        </property>
        <property name="_location" class="ptolemy.kernel.util.Location" value="[75.0, 30.0]">
        </property>
    </property>
    <property name="TARTimeStep" class="ptolemy.data.expr.Parameter" value="1">
        <property name="_hideName" class="ptolemy.kernel.util.SingletonAttribute">
        </property>
        <property name="_icon" class="ptolemy.vergil.icon.ValueIcon">
            <property name="_color" class="ptolemy.actor.gui.ColorAttribute" value="{0.0, 0.0, 1.0, 1.0}">
            </property>
        </property>
        <property name="_smallIconDescription" class="ptolemy.kernel.util.SingletonConfigurableAttribute">
        </property>
        <property name="_editorFactory" class="ptolemy.vergil.toolbox.VisibleParameterEditorFactory">
        </property>
        <property name="_location" class="ptolemy.kernel.util.Location" value="[140.0, 30.0]">
        </property>
    </property>
    <property name="stopTime" class="ptolemy.data.expr.Parameter" value="3">
        <property name="_hideName" class="ptolemy.kernel.util.SingletonAttribute">
        </property>
        <property name="_icon" class="ptolemy.vergil.icon.ValueIcon">
            <property name="_color" class="ptolemy.actor.gui.ColorAttribute" value="{0.0, 0.0, 1.0, 1.0}">
            </property>
        </property>
        <property name="_smallIconDescription" class="ptolemy.kernel.util.SingletonConfigurableAttribute">
        </property>
        <property name="_editorFactory" class="ptolemy.vergil.toolbox.VisibleParameterEditorFactory">
        </property>
        <property name="_location" class="ptolemy.kernel.util.Location" value="[140.0, 5.0]">
        </property>
    </property>
    <property name="Annotation3" class="ptolemy.vergil.kernel.attributes.TextAttribute">
        <property name="textSize" class="ptolemy.data.expr.Parameter" value="12">
        </property>
        <property name="textColor" class="ptolemy.actor.gui.ColorAttribute" value="{1.0,0.0,0.0,1.0}">
        </property>
        <property name="text" class="ptolemy.kernel.util.StringAttribute" value="First federate to be launched.&#10;">
        </property>
        <property name="_location" class="ptolemy.kernel.util.Location" value="[290.0, 30.0]">
        </property>
    </property>
    <property name="enableBackwardTypeInference" class="ptolemy.data.expr.Parameter" value="false">
    </property>
    <property name="Annotation2" class="ptolemy.vergil.kernel.attributes.TextAttribute">
        <property name="textSize" class="ptolemy.data.expr.Parameter" value="8">
        </property>
        <property name="textColor" class="ptolemy.actor.gui.ColorAttribute" value="{0.4,0.4,0.4,1.0}">
        </property>
        <property name="text" class="ptolemy.kernel.util.StringAttribute" value="Author: CIELE Ing�nierie (http://www.ciele.fr)&#10;">
        </property>
        <property name="_location" class="ptolemy.kernel.util.Location" value="[290.0, -5.0]">
        </property>
    </property>
    <entity name="HlaSub1" class="org.hlacerti.lib.HlaSubscriber">
        <property name="attributeName" class="ptolemy.data.expr.Parameter" value="&quot;val1&quot;">
            <display name="Name of the attribute to receive"/>
        </property>
        <property name="classObjectName" class="ptolemy.data.expr.Parameter" value="&quot;ValueTransfer&quot;">
            <display name="Object class in FOM"/>
        </property>
        <property name="classInstanceName" class="ptolemy.data.expr.Parameter" value="&quot;instance1&quot;">
            <display name="Name of the HLA class instance"/>
        </property>
        <property name="typeSelector" class="ptolemy.data.expr.StringParameter" value="int">
            <display name="type of the parameter"/>
        </property>
        <property name="_location" class="ptolemy.kernel.util.Location" value="[-20.0, 155.0]">
        </property>
    </entity>
    <entity name="HlaSub2" class="org.hlacerti.lib.HlaSubscriber">
        <property name="attributeName" class="ptolemy.data.expr.Parameter" value="&quot;val1&quot;">
            <display name="Name of the attribute to receive"/>
        </property>
        <property name="classObjectName" class="ptolemy.data.expr.Parameter" value="&quot;ValueTransfer&quot;">
            <display name="Object class in FOM"/>
        </property>
        <property name="classInstanceName" class="ptolemy.data.expr.Parameter" value="&quot;instance2&quot;">
            <display name="Name of the HLA class instance"/>
        </property>
        <property name="typeSelector" class="ptolemy.data.expr.StringParameter" value="int">
            <display name="type of the parameter"/>
        </property>
        <property name="_location" class="ptolemy.kernel.util.Location" value="[-25.0, 450.0]">
        </property>
    </entity>
    <entity name="HlaSub2 - val" class="ptolemy.actor.lib.gui.Display">
        <property name="_windowProperties" class="ptolemy.actor.gui.WindowPropertiesAttribute" value="{bounds={1360, 693, 407, 387}, maximized=false}">
        </property>
        <property name="_paneSize" class="ptolemy.actor.gui.SizeAttribute" value="[407, 343]">
        </property>
        <property name="_location" class="ptolemy.kernel.util.Location" value="[540.0, 475.0]">
        </property>
    </entity>
    <entity name="HlaSub1 - val" class="ptolemy.actor.lib.gui.Display">
        <property name="_windowProperties" class="ptolemy.actor.gui.WindowPropertiesAttribute" value="{bounds={1013, 693, 407, 387}, maximized=false}">
        </property>
        <property name="_paneSize" class="ptolemy.actor.gui.SizeAttribute" value="[407, 343]">
        </property>
        <property name="_location" class="ptolemy.kernel.util.Location" value="[530.0, 194.99999999999997]">
        </property>
    </entity>
    <entity name="HlaSub1 - test - Value" class="ptolemy.actor.lib.Test">
        <property name="correctValues" class="ptolemy.data.expr.Parameter" value="{10, 11, 12, 13}">
        </property>
        <property name="trainingMode" class="ptolemy.actor.parameters.SharedParameter" value="false">
        </property>
        <property name="_location" class="ptolemy.kernel.util.Location" value="[540.0, 130.0]">
        </property>
    </entity>
    <entity name="HlaSub1 - test - Time" class="ptolemy.actor.lib.Test">
        <property name="correctValues" class="ptolemy.data.expr.Parameter" value="{1.0, 1.0, 3.0, 3.0}">
        </property>
        <property name="_location" class="ptolemy.kernel.util.Location" value="[535.0, 255.0]">
        </property>
    </entity>
    <entity name="HlaSub1 - test - Microstep" class="ptolemy.actor.lib.Test">
        <property name="correctValues" class="ptolemy.data.expr.Parameter" value="{1, 2, 1, 2}">
        </property>
        <property name="trainingMode" class="ptolemy.actor.parameters.SharedParameter" value="false">
        </property>
        <property name="_location" class="ptolemy.kernel.util.Location" value="[535.0, 325.0]">
        </property>
    </entity>
    <entity name="CurrentTime" class="ptolemy.actor.lib.CurrentTime">
        <doc>Output the current time.</doc>
        <property name="_location" class="ptolemy.kernel.util.Location" value="[205.0, 230.0]">
        </property>
    </entity>
    <entity name="CurrentMicrostep" class="ptolemy.actor.lib.CurrentMicrostep">
        <doc>Output the current microstep.</doc>
        <property name="_location" class="ptolemy.kernel.util.Location" value="[210.0, 300.0]">
        </property>
    </entity>
    <entity name="RecordAssembler" class="ptolemy.actor.lib.RecordAssembler">
        <property name="_location" class="ptolemy.kernel.util.Location" value="[370.0, 175.0]">
        </property>
        <port name="value" class="ptolemy.actor.TypedIOPort">
            <property name="input"/>
            <property name="_showName" class="ptolemy.data.expr.SingletonParameter" value="true">
            </property>
        </port>
        <port name="time" class="ptolemy.actor.TypedIOPort">
            <property name="input"/>
            <property name="_showName" class="ptolemy.data.expr.SingletonParameter" value="true">
            </property>
        </port>
        <port name="microstep" class="ptolemy.actor.TypedIOPort">
            <property name="input"/>
            <property name="_showName" class="ptolemy.data.expr.SingletonParameter" value="true">
            </property>
        </port>
    </entity>
    <entity name="CurrentTime2" class="ptolemy.actor.lib.CurrentTime">
        <doc>Output the current time.</doc>
        <property name="_location" class="ptolemy.kernel.util.Location" value="[210.0, 510.0]">
        </property>
    </entity>
    <entity name="CurrentMicrostep2" class="ptolemy.actor.lib.CurrentMicrostep">
        <doc>Output the current microstep.</doc>
        <property name="_location" class="ptolemy.kernel.util.Location" value="[215.0, 580.0]">
        </property>
    </entity>
    <entity name="RecordAssembler2" class="ptolemy.actor.lib.RecordAssembler">
        <property name="_location" class="ptolemy.kernel.util.Location" value="[375.0, 455.0]">
        </property>
        <port name="value" class="ptolemy.actor.TypedIOPort">
            <property name="input"/>
            <property name="_showName" class="ptolemy.data.expr.SingletonParameter" value="true">
            </property>
        </port>
        <port name="time" class="ptolemy.actor.TypedIOPort">
            <property name="input"/>
            <property name="_showName" class="ptolemy.data.expr.SingletonParameter" value="true">
            </property>
        </port>
        <port name="microstep" class="ptolemy.actor.TypedIOPort">
            <property name="input"/>
            <property name="_showName" class="ptolemy.data.expr.SingletonParameter" value="true">
            </property>
        </port>
    </entity>
    <entity name="HlaSub2 - test - Microstep" class="ptolemy.actor.lib.Test">
        <property name="correctValues" class="ptolemy.data.expr.Parameter" value="{1, 1}">
        </property>
        <property name="trainingMode" class="ptolemy.actor.parameters.SharedParameter" value="false">
        </property>
        <property name="_location" class="ptolemy.kernel.util.Location" value="[540.0, 605.0]">
        </property>
    </entity>
    <entity name="HlaSub2 - test - Time" class="ptolemy.actor.lib.Test">
        <property name="correctValues" class="ptolemy.data.expr.Parameter" value="{1.0, 3.0}">
        </property>
        <property name="_location" class="ptolemy.kernel.util.Location" value="[540.0, 535.0]">
        </property>
    </entity>
    <entity name="HlaSub2 - test - Value" class="ptolemy.actor.lib.Test">
        <property name="correctValues" class="ptolemy.data.expr.Parameter" value="{20, 22}">
        </property>
        <property name="trainingMode" class="ptolemy.actor.parameters.SharedParameter" value="false">
        </property>
        <property name="_location" class="ptolemy.kernel.util.Location" value="[540.0, 410.0]">
        </property>
    </entity>
    <relation name="relation" class="ptolemy.actor.TypedIORelation">
        <property name="width" class="ptolemy.data.expr.Parameter" value="-1">
        </property>
        <vertex name="vertex1" value="[100.0, 155.0]">
        </vertex>
    </relation>
    <relation name="relation2" class="ptolemy.actor.TypedIORelation">
    </relation>
    <relation name="relation3" class="ptolemy.actor.TypedIORelation">
        <property name="width" class="ptolemy.data.expr.Parameter" value="-1">
        </property>
        <vertex name="vertex1" value="[100.0, 450.0]">
        </vertex>
    </relation>
    <relation name="relation4" class="ptolemy.actor.TypedIORelation">
    </relation>
    <relation name="relation5" class="ptolemy.actor.TypedIORelation">
        <property name="width" class="ptolemy.data.expr.Parameter" value="-1">
        </property>
        <vertex name="vertex1" value="[275.0, 220.0]">
        </vertex>
    </relation>
    <relation name="relation6" class="ptolemy.actor.TypedIORelation">
        <property name="width" class="ptolemy.data.expr.Parameter" value="-1">
        </property>
        <vertex name="vertex1" value="[335.0, 300.0]">
        </vertex>
    </relation>
    <relation name="relation7" class="ptolemy.actor.TypedIORelation">
        <property name="width" class="ptolemy.data.expr.Parameter" value="-1">
        </property>
        <vertex name="vertex1" value="[350.0, 580.0]">
        </vertex>
    </relation>
    <relation name="relation8" class="ptolemy.actor.TypedIORelation">
        <property name="width" class="ptolemy.data.expr.Parameter" value="-1">
        </property>
        <vertex name="vertex1" value="[305.0, 510.0]">
        </vertex>
    </relation>
    <link port="HlaSub1.output" relation="relation"/>
    <link port="HlaSub2.output" relation="relation3"/>
    <link port="HlaSub2 - val.input" relation="relation4"/>
    <link port="HlaSub1 - val.input" relation="relation2"/>
    <link port="HlaSub1 - test - Value.input" relation="relation"/>
    <link port="HlaSub1 - test - Time.input" relation="relation5"/>
    <link port="HlaSub1 - test - Microstep.input" relation="relation6"/>
    <link port="CurrentTime.output" relation="relation5"/>
    <link port="CurrentTime.trigger" relation="relation"/>
    <link port="CurrentMicrostep.output" relation="relation6"/>
    <link port="CurrentMicrostep.trigger" relation="relation"/>
    <link port="RecordAssembler.output" relation="relation2"/>
    <link port="RecordAssembler.value" relation="relation"/>
    <link port="RecordAssembler.time" relation="relation5"/>
    <link port="RecordAssembler.microstep" relation="relation6"/>
    <link port="CurrentTime2.output" relation="relation8"/>
    <link port="CurrentTime2.trigger" relation="relation3"/>
    <link port="CurrentMicrostep2.output" relation="relation7"/>
    <link port="CurrentMicrostep2.trigger" relation="relation3"/>
    <link port="RecordAssembler2.output" relation="relation4"/>
    <link port="RecordAssembler2.value" relation="relation3"/>
    <link port="RecordAssembler2.time" relation="relation8"/>
    <link port="RecordAssembler2.microstep" relation="relation7"/>
    <link port="HlaSub2 - test - Microstep.input" relation="relation7"/>
    <link port="HlaSub2 - test - Time.input" relation="relation8"/>
    <link port="HlaSub2 - test - Value.input" relation="relation3"/>
</entity>




==== $PTII/ptolemy/configs/test/validDemos.tcl: validDemos-2858 Validating parse of /home/travis/build/icyphy/ptII/ptolemy/configs/test/../../../org/hlacerti/test/auto/StaticMultiInstance/1Value2Instances/DistributedReceiver1.xml after removing configure
==== Contents of test case:

	    set errMsg {}
	    if [catch {java::call ptolemy.configs.test.ValidatingXMLParser parse $filename} errMsg] {
		puts "Could not parse $modelPath, file $filename was"
		# Print out the contents of the failed file.
		# A common failure is a version control system conflict.
		set fp [open $filename r]
		puts [read $fp]
		close $fp
	    }

	    list $errMsg
	
==== Result was:
{com.sun.org.apache.xerces.internal.impl.io.MalformedByteSequenceException: Invalid byte 2 of 3-byte UTF-8 sequence.}
---- Result should have been:
{}
---- validDemos-2858 FAILED
.Could not parse /home/travis/build/icyphy/ptII/ptolemy/configs/test/../../../org/hlacerti/test/auto/StaticMultiInstance/1Value2Instances/StaticMultiInstance.xml, file /tmp/validDemos3326167223441030440.xml was
<?xml version="1.0" standalone="no"?>
<!DOCTYPE entity PUBLIC "-//UC Berkeley//DTD MoML 1//EN"
    "http://ptolemy.eecs.berkeley.edu/xml/dtd/MoML_1.dtd">
<entity name="StaticMultiInstance" class="ptolemy.actor.TypedCompositeActor">
    <property name="_createdBy" class="ptolemy.kernel.attributes.VersionAttribute" value="11.0.devel">
    </property>
    <property name="_windowProperties" class="ptolemy.actor.gui.WindowPropertiesAttribute" value="{bounds={988, 76, 652, 632}, maximized=false}">
    </property>
    <property name="_vergilSize" class="ptolemy.actor.gui.SizeAttribute" value="[436, 514]">
    </property>
    <property name="_vergilZoomFactor" class="ptolemy.data.expr.ExpertParameter" value="0.667070952092177">
    </property>
    <property name="_vergilCenter" class="ptolemy.data.expr.ExpertParameter" value="{328.30636363636404, 431.7709090909097}">
    </property>
    <property name="Annotation5" class="ptolemy.vergil.kernel.attributes.TextAttribute">
        <property name="text" class="ptolemy.kernel.util.StringAttribute" value="- DistributedReceiver1 model: first federate to be launched.">
        </property>
        <property name="_location" class="ptolemy.kernel.util.Location" value="[15.0, 535.0]">
        </property>
        <property name="LiveLink" class="ptolemy.actor.gui.LiveLink" value="$CLASSPATH/org/hlacerti/test/auto/StaticMultiInstance/1Value2Instances/DistributedReceiver1.xml">
            <property name="_hideName" class="ptolemy.kernel.util.SingletonAttribute">
            </property>
            <property name="_icon" class="ptolemy.vergil.icon.ValueIcon">
                <property name="_color" class="ptolemy.actor.gui.ColorAttribute" value="{0.0, 0.0, 1.0, 1.0}">
                </property>
            </property>
            <property name="_smallIconDescription" class="ptolemy.kernel.util.SingletonConfigurableAttribute">
            </property>
            <property name="_editorFactory" class="ptolemy.vergil.toolbox.VisibleParameterEditorFactory">
            </property>
            <property name="_location" class="ptolemy.kernel.util.Location" value="{395, 280}">
            </property>
        </property>
        <property name="IconLink" class="ptolemy.vergil.basic.export.web.IconLink" value="http://ptolemy.eecs.berkeley.edu/ptolemyII/ptII11.0/ptII/org/hlacerti/test/auto/StaticMultiInstance/1Value2Instances/DistributedReceiver1/index.html">
            <property name="linkTarget" class="ptolemy.vergil.basic.export.web.LinkTarget" value="_self">
            </property>
            <property name="_location" class="ptolemy.kernel.util.Location" value="{450, 180}">
            </property>
        </property>
    </property>
    <property name="enableBackwardTypeInference" class="ptolemy.data.expr.Parameter" value="false">
    </property>
    <property name="Annotation2" class="ptolemy.vergil.kernel.attributes.TextAttribute">
        <property name="text" class="ptolemy.kernel.util.StringAttribute" value="- DistributedSender1 model: last federate to be launched.">
        </property>
        <property name="_location" class="ptolemy.kernel.util.Location" value="[15.0, 560.0]">
        </property>
        <property name="LiveLink" class="ptolemy.actor.gui.LiveLink" value="$CLASSPATH/org/hlacerti/test/auto/StaticMultiInstance/1Value2Instances/DistributedSender1.xml">
            <property name="_hideName" class="ptolemy.kernel.util.SingletonAttribute">
            </property>
            <property name="_icon" class="ptolemy.vergil.icon.ValueIcon">
                <property name="_color" class="ptolemy.actor.gui.ColorAttribute" value="{0.0, 0.0, 1.0, 1.0}">
                </property>
            </property>
            <property name="_smallIconDescription" class="ptolemy.kernel.util.SingletonConfigurableAttribute">
            </property>
            <property name="_editorFactory" class="ptolemy.vergil.toolbox.VisibleParameterEditorFactory">
            </property>
            <property name="_location" class="ptolemy.kernel.util.Location" value="{395, 280}">
            </property>
        </property>
        <property name="IconLink" class="ptolemy.vergil.basic.export.web.IconLink" value="http://ptolemy.eecs.berkeley.edu/ptolemyII/ptII11.0/ptII/org/hlacerti/test/auto/StaticMultiInstance/1Value2Instances/DistributedSender1/index.html">
            <property name="linkTarget" class="ptolemy.vergil.basic.export.web.LinkTarget" value="_self">
            </property>
            <property name="_location" class="ptolemy.kernel.util.Location" value="{450, 180}">
            </property>
        </property>
    </property>
    <property name="Annotation3" class="ptolemy.vergil.kernel.attributes.TextAttribute">
        <property name="textColor" class="ptolemy.actor.gui.ColorAttribute" value="{0.0, 0.0, 1.0, 1.0}">
        </property>
        <property name="text" class="ptolemy.kernel.util.StringAttribute" value="Models:&#10;">
        </property>
        <property name="_location" class="ptolemy.kernel.util.Location" value="[10.0, 505.0]">
        </property>
    </property>
    <property name="Annotation" class="ptolemy.vergil.kernel.attributes.TextAttribute">
        <property name="textSize" class="ptolemy.data.expr.Parameter" value="18">
        </property>
        <property name="textColor" class="ptolemy.actor.gui.ColorAttribute" value="{1.0,0.0,0.0,1.0}">
        </property>
        <property name="text" class="ptolemy.kernel.util.StringAttribute" value="PtolemyII - HLA/CERTI framework&#10;&#10;--------------------------------------------------------------&#10;Model type: &#10;             Test&#10;&#10;Feature:&#10;             Static HLA multi instance&#10;&#10;Expected result:&#10;             This test must succeed&#10;----------------------------------------------------------------&#10;&#10;">
        </property>
        <property name="_location" class="ptolemy.kernel.util.Location" value="[5.0, 55.0]">
        </property>
    </property>
    <property name="Annotation4" class="ptolemy.vergil.kernel.attributes.TextAttribute">
        <property name="textColor" class="ptolemy.actor.gui.ColorAttribute" value="{0.2,0.2,0.2,1.0}">
        </property>
        <property name="text" class="ptolemy.kernel.util.StringAttribute" value="Description:&#10;&#10;Simple test of the HLA static multi instance. &#10;&#10;The test shows:&#10;&#10;- a sender which publishes updates of the attribute values 'val1'&#10;using  two instance class names 'instance1' and 'instance2'.&#10;&#10;- a receiver which deploys two HLA subscribers to receive updates&#10;of the attribute value 'val1' with 'instance1' and 'instance2'.">
        </property>
        <property name="_location" class="ptolemy.kernel.util.Location" value="[10.0, 310.0]">
        </property>
    </property>
    <property name="Annotation6" class="ptolemy.vergil.kernel.attributes.TextAttribute">
        <property name="textSize" class="ptolemy.data.expr.Parameter" value="14">
        </property>
        <property name="textColor" class="ptolemy.actor.gui.ColorAttribute" value="{0.003921569,0.003921569,0.003921569,1.0}">
        </property>
        <property name="text" class="ptolemy.kernel.util.StringAttribute" value="Author: CIELE Ing�nierie (http://www.ciele.fr)">
        </property>
        <property name="_location" class="ptolemy.kernel.util.Location" value="[30.0, 770.0]">
        </property>
    </property>
    <property name="Director" class="ptolemy.actor.Director">
        <doc>Simple director that executes actors in the order in which they were created.</doc>
        <property name="iterations" class="ptolemy.data.expr.Parameter" value="0">
        </property>
        <property name="_location" class="ptolemy.kernel.util.Location" value="[70.0, 665.0]">
        </property>
    </property>
    <property name="Annotation7" class="ptolemy.vergil.kernel.attributes.TextAttribute">
        <property name="textColor" class="ptolemy.actor.gui.ColorAttribute" value="{0.0, 0.0, 1.0, 1.0}">
        </property>
        <property name="text" class="ptolemy.kernel.util.StringAttribute" value="Automated execution:&#10;">
        </property>
        <property name="_location" class="ptolemy.kernel.util.Location" value="[10.0, 600.0]">
        </property>
    </property>
    <entity name="DistributedReceiver1" class="ptolemy.vergil.actor.lib.VisualModelReference">
        <property name="modelFileOrURL" class="ptolemy.actor.parameters.FilePortParameter" value="DistributedReceiver1.xml">
        </property>
        <property name="executionOnFiring" class="ptolemy.data.expr.StringParameter" value="run in a new thread">
        </property>
        <property name="lingerTime" class="ptolemy.data.expr.Parameter" value="100L">
        </property>
        <property name="spawnSeparateModels" class="ptolemy.data.expr.Parameter" value="false">
        </property>
        <property name="openOnFiring" class="ptolemy.data.expr.StringParameter" value="open in Vergil">
        </property>
        <property name="_location" class="ptolemy.kernel.util.Location" value="[230.0, 720.0]">
        </property>
    </entity>
    <entity name="DistributedSender1" class="ptolemy.vergil.actor.lib.VisualModelReference">
        <property name="modelFileOrURL" class="ptolemy.actor.parameters.FilePortParameter" value="DistributedSender1.xml">
        </property>
        <property name="executionOnFiring" class="ptolemy.data.expr.StringParameter" value="run in a new thread">
        </property>
        <property name="lingerTime" class="ptolemy.data.expr.Parameter" value="0L">
        </property>
        <property name="spawnSeparateModels" class="ptolemy.data.expr.Parameter" value="false">
        </property>
        <property name="openOnFiring" class="ptolemy.data.expr.StringParameter" value="open in Vergil">
        </property>
        <property name="_location" class="ptolemy.kernel.util.Location" value="[230.0, 665.0]">
        </property>
    </entity>
    <entity name="Stop" class="ptolemy.actor.lib.Stop">
        <property name="_location" class="ptolemy.kernel.util.Location" value="[70.0, 725.0]">
        </property>
    </entity>
</entity>




==== $PTII/ptolemy/configs/test/validDemos.tcl: validDemos-2859 Validating parse of /home/travis/build/icyphy/ptII/ptolemy/configs/test/../../../org/hlacerti/test/auto/StaticMultiInstance/1Value2Instances/StaticMultiInstance.xml after removing configure
==== Contents of test case:

	    set errMsg {}
	    if [catch {java::call ptolemy.configs.test.ValidatingXMLParser parse $filename} errMsg] {
		puts "Could not parse $modelPath, file $filename was"
		# Print out the contents of the failed file.
		# A common failure is a version control system conflict.
		set fp [open $filename r]
		puts [read $fp]
		close $fp
	    }

	    list $errMsg
	
==== Result was:
{com.sun.org.apache.xerces.internal.impl.io.MalformedByteSequenceException: Invalid byte 2 of 3-byte UTF-8 sequence.}
---- Result should have been:
{}
---- validDemos-2859 FAILED
.Could not parse /home/travis/build/icyphy/ptII/ptolemy/configs/test/../../../org/hlacerti/test/auto/StaticMultiInstance/1Value2Instances/DistributedSender1.xml, file /tmp/validDemos3326167223441030440.xml was
<?xml version="1.0" standalone="no"?>
<!DOCTYPE entity PUBLIC "-//UC Berkeley//DTD MoML 1//EN"
    "http://ptolemy.eecs.berkeley.edu/xml/dtd/MoML_1.dtd">
<entity name="DistributedSender1" class="ptolemy.actor.TypedCompositeActor">
    <property name="_createdBy" class="ptolemy.kernel.attributes.VersionAttribute" value="11.0.devel">
    </property>
    <property name="DE Director" class="ptolemy.domains.de.kernel.DEDirector">
        <property name="stopTime" class="ptolemy.data.expr.Parameter" value="stopTime">
        </property>
        <property name="_location" class="ptolemy.kernel.util.Location" value="[10.0, 10.0]">
        </property>
    </property>
    <property name="TARTimeStep" class="ptolemy.data.expr.Parameter" value="2">
        <property name="_hideName" class="ptolemy.kernel.util.SingletonAttribute">
        </property>
        <property name="_icon" class="ptolemy.vergil.icon.ValueIcon">
            <property name="_color" class="ptolemy.actor.gui.ColorAttribute" value="{0.0, 0.0, 1.0, 1.0}">
            </property>
        </property>
        <property name="_smallIconDescription" class="ptolemy.kernel.util.SingletonConfigurableAttribute">
        </property>
        <property name="_editorFactory" class="ptolemy.vergil.toolbox.VisibleParameterEditorFactory">
        </property>
        <property name="_location" class="ptolemy.kernel.util.Location" value="[160.0, 15.0]">
        </property>
    </property>
    <property name="stopTime" class="ptolemy.data.expr.Parameter" value="3">
        <property name="_hideName" class="ptolemy.kernel.util.SingletonAttribute">
        </property>
        <property name="_icon" class="ptolemy.vergil.icon.ValueIcon">
            <property name="_color" class="ptolemy.actor.gui.ColorAttribute" value="{0.0, 0.0, 1.0, 1.0}">
            </property>
        </property>
        <property name="_smallIconDescription" class="ptolemy.kernel.util.SingletonConfigurableAttribute">
        </property>
        <property name="_editorFactory" class="ptolemy.vergil.toolbox.VisibleParameterEditorFactory">
        </property>
        <property name="_location" class="ptolemy.kernel.util.Location" value="[160.0, -9.999999999999972]">
        </property>
    </property>
    <property name="lah" class="ptolemy.data.expr.Parameter" value="0.01">
        <display name="Lookahead"/>
        <property name="_hideName" class="ptolemy.kernel.util.SingletonAttribute">
        </property>
        <property name="_icon" class="ptolemy.vergil.icon.ValueIcon">
            <property name="_color" class="ptolemy.actor.gui.ColorAttribute" value="{0.0, 0.0, 1.0, 1.0}">
            </property>
        </property>
        <property name="_smallIconDescription" class="ptolemy.kernel.util.SingletonConfigurableAttribute">
        </property>
        <property name="_editorFactory" class="ptolemy.vergil.toolbox.VisibleParameterEditorFactory">
        </property>
        <property name="_location" class="ptolemy.kernel.util.Location" value="[160.0, 40.0]">
        </property>
    </property>
    <property name="HlaManager" class="org.hlacerti.lib.HlaManager">
        <property name="federateName" class="ptolemy.data.expr.Parameter" value="&quot;Sender1&quot;">
            <display name="Federate's name"/>
        </property>
        <property name="federationName" class="ptolemy.data.expr.Parameter" value="&quot;StaticMultiInstance&quot;">
            <display name="Federation's name"/>
        </property>
        <property name="fedFile" class="ptolemy.data.expr.FileParameter" value="StaticMultiInstance.fed">
            <display name="Federate Object Model (.fed) file path"/>
        </property>
        <property name="timeManagementService" class="ptolemy.data.expr.ChoiceParameter" value="Time Advancement Request (TAR)">
            <display name="Time Management Service"/>
        </property>
        <property name="hlaTimeStep" class="ptolemy.data.expr.Parameter" value="TARTimeStep">
            <display name="*** If TAR is used, time step (s)"/>
        </property>
        <property name="hlaLookAHead" class="ptolemy.data.expr.Parameter" value="lah">
            <display name="lookahead (s)"/>
        </property>
        <property name="requireSynchronization" class="ptolemy.data.expr.Parameter" value="true">
            <display name="Require synchronization ?"/>
        </property>
        <property name="isCreator" class="ptolemy.data.expr.Parameter" value="true">
            <display name="Is synchronization point register ?"/>
        </property>
        <property name="enableHlaReporter" class="ptolemy.data.expr.Parameter" value="false">
            <display name="Generate HLA reports ?"/>
        </property>
        <property name="_location" class="ptolemy.kernel.util.Location" value="{100.0, 15.0}">
        </property>
    </property>
    <property name="_windowProperties" class="ptolemy.actor.gui.WindowPropertiesAttribute" value="{bounds={448, 77, 694, 632}, maximized=false}">
    </property>
    <property name="_vergilSize" class="ptolemy.actor.gui.SizeAttribute" value="[460, 522]">
    </property>
    <property name="_vergilZoomFactor" class="ptolemy.data.expr.ExpertParameter" value="1.019261486423001">
    </property>
    <property name="_vergilCenter" class="ptolemy.data.expr.ExpertParameter" value="{151.90431415929203, 230.47083563790565}">
    </property>
    <property name="Annotation2" class="ptolemy.vergil.kernel.attributes.TextAttribute">
        <property name="textSize" class="ptolemy.data.expr.Parameter" value="8">
        </property>
        <property name="textColor" class="ptolemy.actor.gui.ColorAttribute" value="{0.4,0.4,0.4,1.0}">
        </property>
        <property name="text" class="ptolemy.kernel.util.StringAttribute" value="Author: CIELE Ing�nierie (http://www.ciele.fr) and J. Cardoso&#10;">
        </property>
        <property name="_location" class="ptolemy.kernel.util.Location" value="[10.0, 280.0]">
        </property>
    </property>
    <property name="period_dc1" class="ptolemy.data.expr.Parameter" value="1">
        <property name="_hideName" class="ptolemy.kernel.util.SingletonAttribute">
        </property>
        <property name="_icon" class="ptolemy.vergil.icon.ValueIcon">
            <property name="_color" class="ptolemy.actor.gui.ColorAttribute" value="{0.0, 0.0, 1.0, 1.0}">
            </property>
        </property>
        <property name="_smallIconDescription" class="ptolemy.kernel.util.SingletonConfigurableAttribute">
        </property>
        <property name="_editorFactory" class="ptolemy.vergil.toolbox.VisibleParameterEditorFactory">
        </property>
        <property name="_location" class="ptolemy.kernel.util.Location" value="[-30.0, 45.0]">
        </property>
    </property>
    <property name="Annotation" class="ptolemy.vergil.kernel.attributes.TextAttribute">
        <property name="textSize" class="ptolemy.data.expr.Parameter" value="10">
        </property>
        <property name="textColor" class="ptolemy.actor.gui.ColorAttribute" value="{1.0,0.0,0.0,1.0}">
        </property>
        <property name="text" class="ptolemy.kernel.util.StringAttribute" value="Last federate to be launched.&#10;">
        </property>
        <property name="_location" class="ptolemy.kernel.util.Location" value="[170.0, 65.0]">
        </property>
    </property>
    <property name="period_dc2" class="ptolemy.data.expr.Parameter" value="2">
        <property name="_hideName" class="ptolemy.kernel.util.SingletonAttribute">
        </property>
        <property name="_icon" class="ptolemy.vergil.icon.ValueIcon">
            <property name="_color" class="ptolemy.actor.gui.ColorAttribute" value="{0.0, 0.0, 1.0, 1.0}">
            </property>
        </property>
        <property name="_smallIconDescription" class="ptolemy.kernel.util.SingletonConfigurableAttribute">
        </property>
        <property name="_editorFactory" class="ptolemy.vergil.toolbox.VisibleParameterEditorFactory">
        </property>
        <property name="_location" class="ptolemy.kernel.util.Location" value="[-30.0, 65.0]">
        </property>
    </property>
    <property name="hla_value_dc1" class="ptolemy.data.expr.Parameter" value="10">
        <property name="_hideName" class="ptolemy.kernel.util.SingletonAttribute">
        </property>
        <property name="_icon" class="ptolemy.vergil.icon.ValueIcon">
            <property name="_color" class="ptolemy.actor.gui.ColorAttribute" value="{0.0, 0.0, 1.0, 1.0}">
            </property>
        </property>
        <property name="_smallIconDescription" class="ptolemy.kernel.util.SingletonConfigurableAttribute">
        </property>
        <property name="_editorFactory" class="ptolemy.vergil.toolbox.VisibleParameterEditorFactory">
        </property>
        <property name="_location" class="ptolemy.kernel.util.Location" value="[80.0, 155.0]">
        </property>
    </property>
    <property name="hla_value_dc2" class="ptolemy.data.expr.Parameter" value="20">
        <property name="_hideName" class="ptolemy.kernel.util.SingletonAttribute">
        </property>
        <property name="_icon" class="ptolemy.vergil.icon.ValueIcon">
            <property name="_color" class="ptolemy.actor.gui.ColorAttribute" value="{0.0, 0.0, 1.0, 1.0}">
            </property>
        </property>
        <property name="_smallIconDescription" class="ptolemy.kernel.util.SingletonConfigurableAttribute">
        </property>
        <property name="_editorFactory" class="ptolemy.vergil.toolbox.VisibleParameterEditorFactory">
        </property>
        <property name="_location" class="ptolemy.kernel.util.Location" value="[70.0, 270.0]">
        </property>
    </property>
    <entity name="DiscreteClock" class="ptolemy.actor.lib.DiscreteClock">
        <property name="period" class="ptolemy.actor.parameters.PortParameter" value="period_dc1">
        </property>
        <property name="values" class="ptolemy.data.expr.Parameter" value="{hla_value_dc1}">
        </property>
        <doc>Create periodic timed events.</doc>
        <property name="_location" class="ptolemy.kernel.util.Location" value="[-10.0, 120.0]">
        </property>
    </entity>
    <entity name="DiscreteClock2" class="ptolemy.actor.lib.DiscreteClock">
        <property name="period" class="ptolemy.actor.parameters.PortParameter" value="period_dc2">
        </property>
        <property name="values" class="ptolemy.data.expr.Parameter" value="{hla_value_dc2}">
        </property>
        <doc>Create periodic timed events.</doc>
        <property name="_location" class="ptolemy.kernel.util.Location" value="[-15.0, 230.0]">
        </property>
    </entity>
    <entity name="HlaPublisher" class="org.hlacerti.lib.HlaPublisher">
        <property name="attributeName" class="ptolemy.data.expr.Parameter" value="&quot;val1&quot;">
            <display name="Name of the attribute to receive"/>
        </property>
        <property name="classObjectName" class="ptolemy.data.expr.Parameter" value="&quot;ValueTransfer&quot;">
            <display name="Object class in FOM"/>
        </property>
        <property name="classInstanceName" class="ptolemy.data.expr.Parameter" value="&quot;instance1&quot;">
            <display name="Name of the HLA class instance"/>
        </property>
        <property name="_location" class="ptolemy.kernel.util.Location" value="[285.0, 125.0]">
        </property>
    </entity>
    <entity name="HlaPublisher2" class="org.hlacerti.lib.HlaPublisher">
        <property name="attributeName" class="ptolemy.data.expr.Parameter" value="&quot;val1&quot;">
            <display name="Name of the attribute to receive"/>
        </property>
        <property name="classObjectName" class="ptolemy.data.expr.Parameter" value="&quot;ValueTransfer&quot;">
            <display name="Object class in FOM"/>
        </property>
        <property name="classInstanceName" class="ptolemy.data.expr.Parameter" value="&quot;instance2&quot;">
            <display name="Name of the HLA class instance"/>
        </property>
        <property name="_location" class="ptolemy.kernel.util.Location" value="[255.0, 230.0]">
        </property>
    </entity>
    <entity name="Ramp" class="ptolemy.actor.lib.Ramp">
        <property name="init" class="ptolemy.actor.parameters.PortParameter" value="hla_value_dc1">
        </property>
        <property name="step" class="ptolemy.actor.parameters.PortParameter" value="period_dc1">
        </property>
        <doc>Create a sequence of tokens with increasing value</doc>
        <property name="_location" class="ptolemy.kernel.util.Location" value="[130.0, 120.0]">
        </property>
    </entity>
    <entity name="Ramp2" class="ptolemy.actor.lib.Ramp">
        <property name="init" class="ptolemy.actor.parameters.PortParameter" value="hla_value_dc2">
        </property>
        <property name="step" class="ptolemy.actor.parameters.PortParameter" value="period_dc2">
        </property>
        <doc>Create a sequence of tokens with increasing value</doc>
        <property name="_location" class="ptolemy.kernel.util.Location" value="[110.0, 240.0]">
        </property>
    </entity>
    <relation name="relation3" class="ptolemy.actor.TypedIORelation">
    </relation>
    <relation name="relation2" class="ptolemy.actor.TypedIORelation">
    </relation>
    <relation name="relation4" class="ptolemy.actor.TypedIORelation">
    </relation>
    <relation name="relation" class="ptolemy.actor.TypedIORelation">
    </relation>
    <link port="DiscreteClock.output" relation="relation3"/>
    <link port="DiscreteClock2.output" relation="relation4"/>
    <link port="HlaPublisher.input" relation="relation2"/>
    <link port="HlaPublisher2.input" relation="relation"/>
    <link port="Ramp.output" relation="relation2"/>
    <link port="Ramp.trigger" relation="relation3"/>
    <link port="Ramp2.output" relation="relation"/>
    <link port="Ramp2.trigger" relation="relation4"/>
</entity>




==== $PTII/ptolemy/configs/test/validDemos.tcl: validDemos-2860 Validating parse of /home/travis/build/icyphy/ptII/ptolemy/configs/test/../../../org/hlacerti/test/auto/StaticMultiInstance/1Value2Instances/DistributedSender1.xml after removing configure
==== Contents of test case:

	    set errMsg {}
	    if [catch {java::call ptolemy.configs.test.ValidatingXMLParser parse $filename} errMsg] {
		puts "Could not parse $modelPath, file $filename was"
		# Print out the contents of the failed file.
		# A common failure is a version control system conflict.
		set fp [open $filename r]
		puts [read $fp]
		close $fp
	    }

	    list $errMsg
	
==== Result was:
{com.sun.org.apache.xerces.internal.impl.io.MalformedByteSequenceException: Invalid byte 2 of 3-byte UTF-8 sequence.}
---- Result should have been:
{}
---- validDemos-2860 FAILED
.Could not parse /home/travis/build/icyphy/ptII/ptolemy/configs/test/../../../org/hlacerti/test/auto/StaticMultiInstance/DuplicateClassInstanceName/DistributedReceiver1.xml, file /tmp/validDemos3326167223441030440.xml was
<?xml version="1.0" standalone="no"?>
<!DOCTYPE entity PUBLIC "-//UC Berkeley//DTD MoML 1//EN"
    "http://ptolemy.eecs.berkeley.edu/xml/dtd/MoML_1.dtd">
<entity name="DistributedReceiver1" class="ptolemy.actor.TypedCompositeActor">
    <property name="_createdBy" class="ptolemy.kernel.attributes.VersionAttribute" value="11.0.devel">
    </property>
    <property name="DE Director" class="ptolemy.domains.de.kernel.DEDirector">
        <property name="stopTime" class="ptolemy.data.expr.Parameter" value="stopTime">
        </property>
        <property name="_location" class="ptolemy.kernel.util.Location" value="[-30.0, 20.0]">
        </property>
    </property>
    <property name="_windowProperties" class="ptolemy.actor.gui.WindowPropertiesAttribute" value="{bounds={1070, 59, 850, 632}, maximized=false}">
    </property>
    <property name="_vergilSize" class="ptolemy.actor.gui.SizeAttribute" value="[634, 514]">
    </property>
    <property name="_vergilZoomFactor" class="ptolemy.data.expr.ExpertParameter" value="0.9591364422233983">
    </property>
    <property name="_vergilCenter" class="ptolemy.data.expr.ExpertParameter" value="{242.2926135063172, 254.43946667817926}">
    </property>
    <property name="HlaManager" class="org.hlacerti.lib.HlaManager">
        <property name="federateName" class="ptolemy.data.expr.Parameter" value="&quot;Receiver1TAR&quot;">
            <display name="Federate's name"/>
        </property>
        <property name="federationName" class="ptolemy.data.expr.Parameter" value="&quot;StaticMultiInstance&quot;">
            <display name="Federation's name"/>
        </property>
        <property name="fedFile" class="ptolemy.data.expr.FileParameter" value="StaticMultiInstance.fed">
            <display name="Federate Object Model (.fed) file path"/>
        </property>
        <property name="timeManagementService" class="ptolemy.data.expr.ChoiceParameter" value="Time Advancement Request (TAR)">
            <display name="Time Management Service"/>
        </property>
        <property name="hlaTimeStep" class="ptolemy.data.expr.Parameter" value="TARTimeStep">
            <display name="*** If TAR is used, time step (s)"/>
        </property>
        <property name="hlaLookAHead" class="ptolemy.data.expr.Parameter" value="lah">
            <display name="lookahead (s)"/>
        </property>
        <property name="requireSynchronization" class="ptolemy.data.expr.Parameter" value="false">
            <display name="Require synchronization ?"/>
        </property>
        <property name="enableHlaReporter" class="ptolemy.data.expr.Parameter" value="false">
            <display name="Generate HLA reports ?"/>
        </property>
        <property name="hlaReportPath" class="ptolemy.data.expr.FileParameter" value="testsResults">
            <display name="HLA report folder path"/>
        </property>
        <property name="_location" class="ptolemy.kernel.util.Location" value="[100.0, 30.0]">
        </property>
    </property>
    <property name="TARTimeStep" class="ptolemy.data.expr.Parameter" value="1">
        <property name="_hideName" class="ptolemy.kernel.util.SingletonAttribute">
        </property>
        <property name="_icon" class="ptolemy.vergil.icon.ValueIcon">
            <property name="_color" class="ptolemy.actor.gui.ColorAttribute" value="{0.0, 0.0, 1.0, 1.0}">
            </property>
        </property>
        <property name="_smallIconDescription" class="ptolemy.kernel.util.SingletonConfigurableAttribute">
        </property>
        <property name="_editorFactory" class="ptolemy.vergil.toolbox.VisibleParameterEditorFactory">
        </property>
        <property name="_location" class="ptolemy.kernel.util.Location" value="[195.0, 30.0]">
        </property>
    </property>
    <property name="stopTime" class="ptolemy.data.expr.Parameter" value="3">
        <property name="_hideName" class="ptolemy.kernel.util.SingletonAttribute">
        </property>
        <property name="_icon" class="ptolemy.vergil.icon.ValueIcon">
            <property name="_color" class="ptolemy.actor.gui.ColorAttribute" value="{0.0, 0.0, 1.0, 1.0}">
            </property>
        </property>
        <property name="_smallIconDescription" class="ptolemy.kernel.util.SingletonConfigurableAttribute">
        </property>
        <property name="_editorFactory" class="ptolemy.vergil.toolbox.VisibleParameterEditorFactory">
        </property>
        <property name="_location" class="ptolemy.kernel.util.Location" value="[195.0, 5.0]">
        </property>
    </property>
    <property name="lah" class="ptolemy.data.expr.Parameter" value="0.5">
        <display name="Lookahead"/>
        <property name="_hideName" class="ptolemy.kernel.util.SingletonAttribute">
        </property>
        <property name="_icon" class="ptolemy.vergil.icon.ValueIcon">
            <property name="_color" class="ptolemy.actor.gui.ColorAttribute" value="{0.0, 0.0, 1.0, 1.0}">
            </property>
        </property>
        <property name="_smallIconDescription" class="ptolemy.kernel.util.SingletonConfigurableAttribute">
        </property>
        <property name="_editorFactory" class="ptolemy.vergil.toolbox.VisibleParameterEditorFactory">
        </property>
        <property name="_location" class="ptolemy.kernel.util.Location" value="[195.0, 55.0]">
        </property>
    </property>
    <property name="period" class="ptolemy.data.expr.Parameter" value="1">
        <property name="_hideName" class="ptolemy.kernel.util.SingletonAttribute">
        </property>
        <property name="_icon" class="ptolemy.vergil.icon.ValueIcon">
            <property name="_color" class="ptolemy.actor.gui.ColorAttribute" value="{0.0, 0.0, 1.0, 1.0}">
            </property>
        </property>
        <property name="_smallIconDescription" class="ptolemy.kernel.util.SingletonConfigurableAttribute">
        </property>
        <property name="_editorFactory" class="ptolemy.vergil.toolbox.VisibleParameterEditorFactory">
        </property>
        <property name="_location" class="ptolemy.kernel.util.Location" value="[-50.0, 55.0]">
        </property>
    </property>
    <property name="enableBackwardTypeInference" class="ptolemy.data.expr.Parameter" value="false">
    </property>
    <property name="Annotation2" class="ptolemy.vergil.kernel.attributes.TextAttribute">
        <property name="textSize" class="ptolemy.data.expr.Parameter" value="8">
        </property>
        <property name="textColor" class="ptolemy.actor.gui.ColorAttribute" value="{0.4,0.4,0.4,1.0}">
        </property>
        <property name="text" class="ptolemy.kernel.util.StringAttribute" value="Author: CIELE Ing�nierie - http://www.ciele.fr&#10;">
        </property>
        <property name="_location" class="ptolemy.kernel.util.Location" value="[-55.0, 415.0]">
        </property>
    </property>
    <property name="TestException - Duplicate instance name detected" class="ptolemy.actor.lib.TestExceptionAttribute">
        <property name="correctExceptionMessage" class="ptolemy.data.expr.StringParameter" value="A HlaSubscriber '.DistributedReceiver1.HlaSub2' with the same HLA information specified by the HlaSubscriber '.DistributedReceiver1.HlaSub1' &#10;is already registered for subscription.&#10;  in .DistributedReceiver1.HlaManager">
        </property>
        <property name="trainingMode" class="ptolemy.actor.parameters.SharedParameter" value="false">
        </property>
        <property name="_location" class="ptolemy.kernel.util.Location" value="[-45.0, 345.0]">
        </property>
    </property>
    <property name="Annotation" class="ptolemy.vergil.kernel.attributes.TextAttribute">
        <property name="textSize" class="ptolemy.data.expr.Parameter" value="12">
        </property>
        <property name="textColor" class="ptolemy.actor.gui.ColorAttribute" value="{0.003921569,0.003921569,0.003921569,1.0}">
        </property>
        <property name="text" class="ptolemy.kernel.util.StringAttribute" value="An exception is throwed by the HLA manager &#10;if a duplicate class instance name is detected in a Federate.&#10;">
        </property>
        <property name="_location" class="ptolemy.kernel.util.Location" value="{60.0, 320.0}">
        </property>
    </property>
    <property name="Annotation3" class="ptolemy.vergil.kernel.attributes.TextAttribute">
        <property name="textSize" class="ptolemy.data.expr.Parameter" value="10">
        </property>
        <property name="textColor" class="ptolemy.actor.gui.ColorAttribute" value="{1.0,0.0,0.0,1.0}">
        </property>
        <property name="text" class="ptolemy.kernel.util.StringAttribute" value="Single federate in the federation.&#10;">
        </property>
        <property name="_location" class="ptolemy.kernel.util.Location" value="[-75.0, 85.0]">
        </property>
    </property>
    <entity name="HlaSub1" class="org.hlacerti.lib.HlaSubscriber">
        <property name="attributeName" class="ptolemy.data.expr.Parameter" value="&quot;val1&quot;">
            <display name="Name of the attribute to receive"/>
        </property>
        <property name="classObjectName" class="ptolemy.data.expr.Parameter" value="&quot;ValueTransfer&quot;">
            <display name="Object class in FOM"/>
        </property>
        <property name="classInstanceName" class="ptolemy.data.expr.Parameter" value="&quot;instance1&quot;">
            <display name="Name of the HLA class instance"/>
        </property>
        <property name="typeSelector" class="ptolemy.data.expr.StringParameter" value="int">
            <display name="type of the parameter"/>
        </property>
        <property name="_location" class="ptolemy.kernel.util.Location" value="[25.0, 165.0]">
        </property>
    </entity>
    <entity name="HlaSub2" class="org.hlacerti.lib.HlaSubscriber">
        <property name="attributeName" class="ptolemy.data.expr.Parameter" value="&quot;val3&quot;">
            <display name="Name of the attribute to receive"/>
        </property>
        <property name="classObjectName" class="ptolemy.data.expr.Parameter" value="&quot;AnotherValueTransfer&quot;">
            <display name="Object class in FOM"/>
        </property>
        <property name="classInstanceName" class="ptolemy.data.expr.Parameter" value="&quot;instance1&quot;">
            <display name="Name of the HLA class instance"/>
        </property>
        <property name="typeSelector" class="ptolemy.data.expr.StringParameter" value="int">
            <display name="type of the parameter"/>
        </property>
        <property name="_location" class="ptolemy.kernel.util.Location" value="[30.0, 235.0]">
        </property>
    </entity>
    <entity name="HlaSub1 - test - Value" class="ptolemy.actor.lib.Test">
        <property name="correctValues" class="ptolemy.data.expr.Parameter" value="{11, 11, 11, 11}">
        </property>
        <property name="trainingMode" class="ptolemy.actor.parameters.SharedParameter" value="true">
        </property>
        <property name="_location" class="ptolemy.kernel.util.Location" value="[240.0, 165.0]">
        </property>
    </entity>
    <entity name="HlaSub2 - test - Value" class="ptolemy.actor.lib.Test">
        <property name="correctValues" class="ptolemy.data.expr.Parameter" value="{31, 31}">
        </property>
        <property name="trainingMode" class="ptolemy.actor.parameters.SharedParameter" value="true">
        </property>
        <property name="_location" class="ptolemy.kernel.util.Location" value="[240.0, 235.0]">
        </property>
    </entity>
    <relation name="relation" class="ptolemy.actor.TypedIORelation">
    </relation>
    <relation name="relation2" class="ptolemy.actor.TypedIORelation">
    </relation>
    <link port="HlaSub1.output" relation="relation"/>
    <link port="HlaSub2.output" relation="relation2"/>
    <link port="HlaSub1 - test - Value.input" relation="relation"/>
    <link port="HlaSub2 - test - Value.input" relation="relation2"/>
</entity>




==== $PTII/ptolemy/configs/test/validDemos.tcl: validDemos-2861 Validating parse of /home/travis/build/icyphy/ptII/ptolemy/configs/test/../../../org/hlacerti/test/auto/StaticMultiInstance/DuplicateClassInstanceName/DistributedReceiver1.xml after removing configure
==== Contents of test case:

	    set errMsg {}
	    if [catch {java::call ptolemy.configs.test.ValidatingXMLParser parse $filename} errMsg] {
		puts "Could not parse $modelPath, file $filename was"
		# Print out the contents of the failed file.
		# A common failure is a version control system conflict.
		set fp [open $filename r]
		puts [read $fp]
		close $fp
	    }

	    list $errMsg
	
==== Result was:
{com.sun.org.apache.xerces.internal.impl.io.MalformedByteSequenceException: Invalid byte 2 of 3-byte UTF-8 sequence.}
---- Result should have been:
{}
---- validDemos-2861 FAILED
.Could not parse /home/travis/build/icyphy/ptII/ptolemy/configs/test/../../../org/hlacerti/test/auto/StaticMultiInstance/DuplicateClassInstanceName/StaticMultiInstance.xml, file /tmp/validDemos3326167223441030440.xml was
<?xml version="1.0" standalone="no"?>
<!DOCTYPE entity PUBLIC "-//UC Berkeley//DTD MoML 1//EN"
    "http://ptolemy.eecs.berkeley.edu/xml/dtd/MoML_1.dtd">
<entity name="StaticMultiInstance" class="ptolemy.actor.TypedCompositeActor">
    <property name="_createdBy" class="ptolemy.kernel.attributes.VersionAttribute" value="11.0.devel">
    </property>
    <property name="_windowProperties" class="ptolemy.actor.gui.WindowPropertiesAttribute" value="{bounds={528, 87, 937, 894}, maximized=false}">
    </property>
    <property name="_vergilSize" class="ptolemy.actor.gui.SizeAttribute" value="[721, 776]">
    </property>
    <property name="_vergilZoomFactor" class="ptolemy.data.expr.ExpertParameter" value="1.0802282793116365">
    </property>
    <property name="_vergilCenter" class="ptolemy.data.expr.ExpertParameter" value="{393.09710549934726, 713.5546875000002}">
    </property>
    <property name="Annotation999" class="ptolemy.vergil.kernel.attributes.TextAttribute">
        <property name="textSize" class="ptolemy.data.expr.Parameter" value="14">
        </property>
        <property name="textColor" class="ptolemy.actor.gui.ColorAttribute" value="{0.003921569,0.003921569,0.003921569,1.0}">
        </property>
        <property name="text" class="ptolemy.kernel.util.StringAttribute" value="Author: CIELE Ing�nierie - http://www.ciele.fr">
        </property>
        <property name="_location" class="ptolemy.kernel.util.Location" value="[170.0, 1035.0]">
        </property>
    </property>
    <property name="Annotation4" class="ptolemy.vergil.kernel.attributes.TextAttribute">
        <property name="textColor" class="ptolemy.actor.gui.ColorAttribute" value="{0.2,0.2,0.2,1.0}">
        </property>
        <property name="text" class="ptolemy.kernel.util.StringAttribute" value="Description:&#10;&#10;Simple test of the HLA static multi instance. &#10;&#10;The two tests below show the illegal usage of duplicated class instance name.&#10;&#10;- Sender1 tests duplicate class instance name detection with HlaPublisher.&#10;&#10;- Receiver1 tests duplicate class intance name detection with HlaSubscriber. ">
        </property>
        <property name="_location" class="ptolemy.kernel.util.Location" value="[60.0, 605.0]">
        </property>
    </property>
    <property name="Annotation5" class="ptolemy.vergil.kernel.attributes.TextAttribute">
        <property name="text" class="ptolemy.kernel.util.StringAttribute" value="- DistributedReceiver1 model: first federate to be launched.">
        </property>
        <property name="_location" class="ptolemy.kernel.util.Location" value="[65.0, 805.0]">
        </property>
        <property name="LiveLink" class="ptolemy.actor.gui.LiveLink" value="$CLASSPATH/org/hlacerti/test/auto/StaticMultiInstance/DuplicateClassInstanceName/DistributedReceiver1.xml">
            <property name="_hideName" class="ptolemy.kernel.util.SingletonAttribute">
            </property>
            <property name="_icon" class="ptolemy.vergil.icon.ValueIcon">
                <property name="_color" class="ptolemy.actor.gui.ColorAttribute" value="{0.0, 0.0, 1.0, 1.0}">
                </property>
            </property>
            <property name="_smallIconDescription" class="ptolemy.kernel.util.SingletonConfigurableAttribute">
            </property>
            <property name="_editorFactory" class="ptolemy.vergil.toolbox.VisibleParameterEditorFactory">
            </property>
            <property name="_location" class="ptolemy.kernel.util.Location" value="{395, 280}">
            </property>
        </property>
        <property name="IconLink" class="ptolemy.vergil.basic.export.web.IconLink" value="http://ptolemy.eecs.berkeley.edu/ptolemyII/ptII11.0/ptII/org/hlacerti/test/auto/StaticMultiInstance/DuplicateClassInstanceName/DistributedReceiver1/index.html">
            <property name="linkTarget" class="ptolemy.vergil.basic.export.web.LinkTarget" value="_self">
            </property>
            <property name="_location" class="ptolemy.kernel.util.Location" value="{450, 180}">
            </property>
        </property>
    </property>
    <property name="enableBackwardTypeInference" class="ptolemy.data.expr.Parameter" value="false">
    </property>
    <property name="Annotation2" class="ptolemy.vergil.kernel.attributes.TextAttribute">
        <property name="text" class="ptolemy.kernel.util.StringAttribute" value="- DistributedSender1 model: last federate to be launched.">
        </property>
        <property name="_location" class="ptolemy.kernel.util.Location" value="[65.0, 825.0]">
        </property>
        <property name="LiveLink" class="ptolemy.actor.gui.LiveLink" value="$CLASSPATH/org/hlacerti/test/auto/StaticMultiInstance/2classes1Instance/DistributedSender1.xml">
            <property name="_hideName" class="ptolemy.kernel.util.SingletonAttribute">
            </property>
            <property name="_icon" class="ptolemy.vergil.icon.ValueIcon">
                <property name="_color" class="ptolemy.actor.gui.ColorAttribute" value="{0.0, 0.0, 1.0, 1.0}">
                </property>
            </property>
            <property name="_smallIconDescription" class="ptolemy.kernel.util.SingletonConfigurableAttribute">
            </property>
            <property name="_editorFactory" class="ptolemy.vergil.toolbox.VisibleParameterEditorFactory">
            </property>
            <property name="_location" class="ptolemy.kernel.util.Location" value="{395, 280}">
            </property>
        </property>
        <property name="IconLink" class="ptolemy.vergil.basic.export.web.IconLink" value="http://ptolemy.eecs.berkeley.edu/ptolemyII/ptII11.0/ptII/org/hlacerti/test/auto/StaticMultiInstance/2classes1Instance/DistributedSender1/index.html">
            <property name="linkTarget" class="ptolemy.vergil.basic.export.web.LinkTarget" value="_self">
            </property>
            <property name="_location" class="ptolemy.kernel.util.Location" value="{450, 180}">
            </property>
        </property>
    </property>
    <property name="Annotation3" class="ptolemy.vergil.kernel.attributes.TextAttribute">
        <property name="textColor" class="ptolemy.actor.gui.ColorAttribute" value="{0.0, 0.0, 1.0, 1.0}">
        </property>
        <property name="text" class="ptolemy.kernel.util.StringAttribute" value="Models:&#10;">
        </property>
        <property name="_location" class="ptolemy.kernel.util.Location" value="[60.0, 780.0]">
        </property>
    </property>
    <property name="Annotation6" class="ptolemy.vergil.kernel.attributes.TextAttribute">
        <property name="textSize" class="ptolemy.data.expr.Parameter" value="18">
        </property>
        <property name="textColor" class="ptolemy.actor.gui.ColorAttribute" value="{1.0,0.0,0.0,1.0}">
        </property>
        <property name="text" class="ptolemy.kernel.util.StringAttribute" value="PtolemyII - HLA/CERTI framework&#10;&#10;--------------------------------------------------------------&#10;Model type: &#10;             Test&#10;&#10;Feature:&#10;             Static HLA multi instance&#10;&#10;Expected result:&#10;             The 2 tests must succeed&#10;----------------------------------------------------------------&#10;&#10;">
        </property>
        <property name="_location" class="ptolemy.kernel.util.Location" value="[60.0, 355.0]">
        </property>
    </property>
    <property name="Director" class="ptolemy.actor.Director">
        <doc>Simple director that executes actors in the order in which they were created.</doc>
        <property name="iterations" class="ptolemy.data.expr.Parameter" value="0">
        </property>
        <property name="_location" class="ptolemy.kernel.util.Location" value="[130.0, 920.0]">
        </property>
    </property>
    <property name="Annotation" class="ptolemy.vergil.kernel.attributes.TextAttribute">
        <property name="textColor" class="ptolemy.actor.gui.ColorAttribute" value="{0.0, 0.0, 1.0, 1.0}">
        </property>
        <property name="text" class="ptolemy.kernel.util.StringAttribute" value="Automated execution:&#10;">
        </property>
        <property name="_location" class="ptolemy.kernel.util.Location" value="[60.0, 870.0]">
        </property>
    </property>
    <entity name="DistributedReceiver1" class="ptolemy.vergil.actor.lib.VisualModelReference">
        <property name="modelFileOrURL" class="ptolemy.actor.parameters.FilePortParameter" value="DistributedReceiver1.xml">
        </property>
        <property name="executionOnFiring" class="ptolemy.data.expr.StringParameter" value="run in a new thread">
        </property>
        <property name="lingerTime" class="ptolemy.data.expr.Parameter" value="100L">
        </property>
        <property name="spawnSeparateModels" class="ptolemy.data.expr.Parameter" value="false">
        </property>
        <property name="openOnFiring" class="ptolemy.data.expr.StringParameter" value="open in Vergil">
        </property>
        <property name="_location" class="ptolemy.kernel.util.Location" value="[270.0, 980.0]">
        </property>
    </entity>
    <entity name="DistributedSender1" class="ptolemy.vergil.actor.lib.VisualModelReference">
        <property name="modelFileOrURL" class="ptolemy.actor.parameters.FilePortParameter" value="DistributedSender1.xml">
        </property>
        <property name="executionOnFiring" class="ptolemy.data.expr.StringParameter" value="run in a new thread">
        </property>
        <property name="lingerTime" class="ptolemy.data.expr.Parameter" value="0L">
        </property>
        <property name="spawnSeparateModels" class="ptolemy.data.expr.Parameter" value="false">
        </property>
        <property name="openOnFiring" class="ptolemy.data.expr.StringParameter" value="open in Vergil">
        </property>
        <property name="_location" class="ptolemy.kernel.util.Location" value="[270.0, 925.0]">
        </property>
    </entity>
    <entity name="Stop" class="ptolemy.actor.lib.Stop">
        <property name="_location" class="ptolemy.kernel.util.Location" value="[135.0, 970.0]">
        </property>
    </entity>
</entity>




==== $PTII/ptolemy/configs/test/validDemos.tcl: validDemos-2862 Validating parse of /home/travis/build/icyphy/ptII/ptolemy/configs/test/../../../org/hlacerti/test/auto/StaticMultiInstance/DuplicateClassInstanceName/StaticMultiInstance.xml after removing configure
==== Contents of test case:

	    set errMsg {}
	    if [catch {java::call ptolemy.configs.test.ValidatingXMLParser parse $filename} errMsg] {
		puts "Could not parse $modelPath, file $filename was"
		# Print out the contents of the failed file.
		# A common failure is a version control system conflict.
		set fp [open $filename r]
		puts [read $fp]
		close $fp
	    }

	    list $errMsg
	
==== Result was:
{com.sun.org.apache.xerces.internal.impl.io.MalformedByteSequenceException: Invalid byte 2 of 3-byte UTF-8 sequence.}
---- Result should have been:
{}
---- validDemos-2862 FAILED
.Could not parse /home/travis/build/icyphy/ptII/ptolemy/configs/test/../../../org/hlacerti/test/auto/StaticMultiInstance/DuplicateClassInstanceName/DistributedSender1.xml, file /tmp/validDemos3326167223441030440.xml was
<?xml version="1.0" standalone="no"?>
<!DOCTYPE entity PUBLIC "-//UC Berkeley//DTD MoML 1//EN"
    "http://ptolemy.eecs.berkeley.edu/xml/dtd/MoML_1.dtd">
<entity name="DistributedSender1" class="ptolemy.actor.TypedCompositeActor">
    <property name="_createdBy" class="ptolemy.kernel.attributes.VersionAttribute" value="11.0.devel">
    </property>
    <property name="DE Director" class="ptolemy.domains.de.kernel.DEDirector">
        <property name="stopTime" class="ptolemy.data.expr.Parameter" value="stopTime">
        </property>
        <property name="_location" class="ptolemy.kernel.util.Location" value="[10.0, 10.0]">
        </property>
    </property>
    <property name="TARTimeStep" class="ptolemy.data.expr.Parameter" value="2">
        <property name="_hideName" class="ptolemy.kernel.util.SingletonAttribute">
        </property>
        <property name="_icon" class="ptolemy.vergil.icon.ValueIcon">
            <property name="_color" class="ptolemy.actor.gui.ColorAttribute" value="{0.0, 0.0, 1.0, 1.0}">
            </property>
        </property>
        <property name="_smallIconDescription" class="ptolemy.kernel.util.SingletonConfigurableAttribute">
        </property>
        <property name="_editorFactory" class="ptolemy.vergil.toolbox.VisibleParameterEditorFactory">
        </property>
        <property name="_location" class="ptolemy.kernel.util.Location" value="[160.0, 15.0]">
        </property>
    </property>
    <property name="stopTime" class="ptolemy.data.expr.Parameter" value="3">
        <property name="_hideName" class="ptolemy.kernel.util.SingletonAttribute">
        </property>
        <property name="_icon" class="ptolemy.vergil.icon.ValueIcon">
            <property name="_color" class="ptolemy.actor.gui.ColorAttribute" value="{0.0, 0.0, 1.0, 1.0}">
            </property>
        </property>
        <property name="_smallIconDescription" class="ptolemy.kernel.util.SingletonConfigurableAttribute">
        </property>
        <property name="_editorFactory" class="ptolemy.vergil.toolbox.VisibleParameterEditorFactory">
        </property>
        <property name="_location" class="ptolemy.kernel.util.Location" value="[160.0, -9.999999999999972]">
        </property>
    </property>
    <property name="lah" class="ptolemy.data.expr.Parameter" value="0.01">
        <display name="Lookahead"/>
        <property name="_hideName" class="ptolemy.kernel.util.SingletonAttribute">
        </property>
        <property name="_icon" class="ptolemy.vergil.icon.ValueIcon">
            <property name="_color" class="ptolemy.actor.gui.ColorAttribute" value="{0.0, 0.0, 1.0, 1.0}">
            </property>
        </property>
        <property name="_smallIconDescription" class="ptolemy.kernel.util.SingletonConfigurableAttribute">
        </property>
        <property name="_editorFactory" class="ptolemy.vergil.toolbox.VisibleParameterEditorFactory">
        </property>
        <property name="_location" class="ptolemy.kernel.util.Location" value="[160.0, 40.0]">
        </property>
    </property>
    <property name="HlaManager" class="org.hlacerti.lib.HlaManager">
        <property name="federateName" class="ptolemy.data.expr.Parameter" value="&quot;Sender1TAR&quot;">
            <display name="Federate's name"/>
        </property>
        <property name="federationName" class="ptolemy.data.expr.Parameter" value="&quot;StaticMultiInstance&quot;">
            <display name="Federation's name"/>
        </property>
        <property name="fedFile" class="ptolemy.data.expr.FileParameter" value="StaticMultiInstance.fed">
            <display name="Federate Object Model (.fed) file path"/>
        </property>
        <property name="timeManagementService" class="ptolemy.data.expr.ChoiceParameter" value="Time Advancement Request (TAR)">
            <display name="Time Management Service"/>
        </property>
        <property name="hlaTimeStep" class="ptolemy.data.expr.Parameter" value="TARTimeStep">
            <display name="*** If TAR is used, time step (s)"/>
        </property>
        <property name="hlaLookAHead" class="ptolemy.data.expr.Parameter" value="lah">
            <display name="lookahead (s)"/>
        </property>
        <property name="requireSynchronization" class="ptolemy.data.expr.Parameter" value="false">
            <display name="Require synchronization ?"/>
        </property>
        <property name="isCreator" class="ptolemy.data.expr.Parameter" value="false">
            <display name="Is synchronization point register ?"/>
        </property>
        <property name="enableHlaReporter" class="ptolemy.data.expr.Parameter" value="false">
            <display name="Generate HLA reports ?"/>
        </property>
        <property name="_location" class="ptolemy.kernel.util.Location" value="[105.0, 15.0]">
        </property>
    </property>
    <property name="_windowProperties" class="ptolemy.actor.gui.WindowPropertiesAttribute" value="{bounds={315, 238, 689, 632}, maximized=false}">
    </property>
    <property name="_vergilSize" class="ptolemy.actor.gui.SizeAttribute" value="[473, 514]">
    </property>
    <property name="_vergilZoomFactor" class="ptolemy.data.expr.ExpertParameter" value="0.923374154747437">
    </property>
    <property name="_vergilCenter" class="ptolemy.data.expr.ExpertParameter" value="{207.71093749999997, 252.38868453023755}">
    </property>
    <property name="Annotation2" class="ptolemy.vergil.kernel.attributes.TextAttribute">
        <property name="textSize" class="ptolemy.data.expr.Parameter" value="8">
        </property>
        <property name="textColor" class="ptolemy.actor.gui.ColorAttribute" value="{0.4,0.4,0.4,1.0}">
        </property>
        <property name="text" class="ptolemy.kernel.util.StringAttribute" value="Author: CIELE Ing�nierie - http://www.ciele.fr&#10;">
        </property>
        <property name="_location" class="ptolemy.kernel.util.Location" value="[-30.0, 400.0]">
        </property>
    </property>
    <property name="period_dc1" class="ptolemy.data.expr.Parameter" value="1">
        <property name="_hideName" class="ptolemy.kernel.util.SingletonAttribute">
        </property>
        <property name="_icon" class="ptolemy.vergil.icon.ValueIcon">
            <property name="_color" class="ptolemy.actor.gui.ColorAttribute" value="{0.0, 0.0, 1.0, 1.0}">
            </property>
        </property>
        <property name="_smallIconDescription" class="ptolemy.kernel.util.SingletonConfigurableAttribute">
        </property>
        <property name="_editorFactory" class="ptolemy.vergil.toolbox.VisibleParameterEditorFactory">
        </property>
        <property name="_location" class="ptolemy.kernel.util.Location" value="[-30.0, 45.0]">
        </property>
    </property>
    <property name="Annotation" class="ptolemy.vergil.kernel.attributes.TextAttribute">
        <property name="textSize" class="ptolemy.data.expr.Parameter" value="10">
        </property>
        <property name="textColor" class="ptolemy.actor.gui.ColorAttribute" value="{1.0,0.0,0.0,1.0}">
        </property>
        <property name="text" class="ptolemy.kernel.util.StringAttribute" value="Single federate in the federation.&#10;">
        </property>
        <property name="_location" class="ptolemy.kernel.util.Location" value="[185.0, 65.0]">
        </property>
    </property>
    <property name="period_dc2" class="ptolemy.data.expr.Parameter" value="2">
        <property name="_hideName" class="ptolemy.kernel.util.SingletonAttribute">
        </property>
        <property name="_icon" class="ptolemy.vergil.icon.ValueIcon">
            <property name="_color" class="ptolemy.actor.gui.ColorAttribute" value="{0.0, 0.0, 1.0, 1.0}">
            </property>
        </property>
        <property name="_smallIconDescription" class="ptolemy.kernel.util.SingletonConfigurableAttribute">
        </property>
        <property name="_editorFactory" class="ptolemy.vergil.toolbox.VisibleParameterEditorFactory">
        </property>
        <property name="_location" class="ptolemy.kernel.util.Location" value="[-30.0, 65.0]">
        </property>
    </property>
    <property name="hla_value_dc1" class="ptolemy.data.expr.Parameter" value="11">
        <property name="_hideName" class="ptolemy.kernel.util.SingletonAttribute">
        </property>
        <property name="_icon" class="ptolemy.vergil.icon.ValueIcon">
            <property name="_color" class="ptolemy.actor.gui.ColorAttribute" value="{0.0, 0.0, 1.0, 1.0}">
            </property>
        </property>
        <property name="_smallIconDescription" class="ptolemy.kernel.util.SingletonConfigurableAttribute">
        </property>
        <property name="_editorFactory" class="ptolemy.vergil.toolbox.VisibleParameterEditorFactory">
        </property>
        <property name="_location" class="ptolemy.kernel.util.Location" value="[155.0, 155.0]">
        </property>
    </property>
    <property name="hla_value_dc2" class="ptolemy.data.expr.Parameter" value="31">
        <property name="_hideName" class="ptolemy.kernel.util.SingletonAttribute">
        </property>
        <property name="_icon" class="ptolemy.vergil.icon.ValueIcon">
            <property name="_color" class="ptolemy.actor.gui.ColorAttribute" value="{0.0, 0.0, 1.0, 1.0}">
            </property>
        </property>
        <property name="_smallIconDescription" class="ptolemy.kernel.util.SingletonConfigurableAttribute">
        </property>
        <property name="_editorFactory" class="ptolemy.vergil.toolbox.VisibleParameterEditorFactory">
        </property>
        <property name="_location" class="ptolemy.kernel.util.Location" value="[160.0, 265.0]">
        </property>
    </property>
    <property name="TestException - Duplicate instance name detected" class="ptolemy.actor.lib.TestExceptionAttribute">
        <property name="correctExceptionMessage" class="ptolemy.data.expr.StringParameter" value="A HlaPublisher '.DistributedSender1.HlaPublisher2' with the same HLA information specified by the HlaPublisher '.DistributedSender1.HlaPublisher' &#10;is already registered for publication.&#10;  in .DistributedSender1.HlaManager">
        </property>
        <property name="trainingMode" class="ptolemy.actor.parameters.SharedParameter" value="false">
        </property>
        <property name="_location" class="ptolemy.kernel.util.Location" value="[-20.0, 345.0]">
        </property>
    </property>
    <property name="Annotation3" class="ptolemy.vergil.kernel.attributes.TextAttribute">
        <property name="textSize" class="ptolemy.data.expr.Parameter" value="12">
        </property>
        <property name="textColor" class="ptolemy.actor.gui.ColorAttribute" value="{0.003921569,0.003921569,0.003921569,1.0}">
        </property>
        <property name="text" class="ptolemy.kernel.util.StringAttribute" value="An exception is throwed by the HLA manager &#10;if a duplicate class instance name is detected in a Federate.&#10;">
        </property>
        <property name="_location" class="ptolemy.kernel.util.Location" value="[75.0, 325.0]">
        </property>
    </property>
    <entity name="DiscreteClock1" class="ptolemy.actor.lib.DiscreteClock">
        <property name="period" class="ptolemy.actor.parameters.PortParameter" value="period_dc1">
        </property>
        <property name="values" class="ptolemy.data.expr.Parameter" value="{hla_value_dc1}">
        </property>
        <doc>Create periodic timed events.</doc>
        <property name="_location" class="ptolemy.kernel.util.Location" value="[15.0, 125.0]">
        </property>
    </entity>
    <entity name="DiscreteClock2" class="ptolemy.actor.lib.DiscreteClock">
        <property name="period" class="ptolemy.actor.parameters.PortParameter" value="period_dc2">
        </property>
        <property name="values" class="ptolemy.data.expr.Parameter" value="{hla_value_dc2}">
        </property>
        <doc>Create periodic timed events.</doc>
        <property name="_location" class="ptolemy.kernel.util.Location" value="[15.0, 230.0]">
        </property>
    </entity>
    <entity name="HlaPublisher" class="org.hlacerti.lib.HlaPublisher">
        <property name="attributeName" class="ptolemy.data.expr.Parameter" value="&quot;val1&quot;">
            <display name="Name of the attribute to receive"/>
        </property>
        <property name="classObjectName" class="ptolemy.data.expr.Parameter" value="&quot;ValueTransfer&quot;">
            <display name="Object class in FOM"/>
        </property>
        <property name="classInstanceName" class="ptolemy.data.expr.Parameter" value="&quot;instance1&quot;">
            <display name="Name of the HLA class instance"/>
        </property>
        <property name="_location" class="ptolemy.kernel.util.Location" value="[255.0, 125.0]">
        </property>
    </entity>
    <entity name="HlaPublisher2" class="org.hlacerti.lib.HlaPublisher">
        <property name="attributeName" class="ptolemy.data.expr.Parameter" value="&quot;val3&quot;">
            <display name="Name of the attribute to receive"/>
        </property>
        <property name="classObjectName" class="ptolemy.data.expr.Parameter" value="&quot;AnotherValueTransfer&quot;">
            <display name="Object class in FOM"/>
        </property>
        <property name="classInstanceName" class="ptolemy.data.expr.Parameter" value="&quot;instance1&quot;">
            <display name="Name of the HLA class instance"/>
        </property>
        <property name="_location" class="ptolemy.kernel.util.Location" value="[255.0, 230.0]">
        </property>
    </entity>
    <relation name="relation" class="ptolemy.actor.TypedIORelation">
    </relation>
    <relation name="relation2" class="ptolemy.actor.TypedIORelation">
    </relation>
    <link port="DiscreteClock1.output" relation="relation2"/>
    <link port="DiscreteClock2.output" relation="relation"/>
    <link port="HlaPublisher.input" relation="relation2"/>
    <link port="HlaPublisher2.input" relation="relation"/>
</entity>




==== $PTII/ptolemy/configs/test/validDemos.tcl: validDemos-2863 Validating parse of /home/travis/build/icyphy/ptII/ptolemy/configs/test/../../../org/hlacerti/test/auto/StaticMultiInstance/DuplicateClassInstanceName/DistributedSender1.xml after removing configure
==== Contents of test case:

	    set errMsg {}
	    if [catch {java::call ptolemy.configs.test.ValidatingXMLParser parse $filename} errMsg] {
		puts "Could not parse $modelPath, file $filename was"
		# Print out the contents of the failed file.
		# A common failure is a version control system conflict.
		set fp [open $filename r]
		puts [read $fp]
		close $fp
	    }

	    list $errMsg
	
==== Result was:
{com.sun.org.apache.xerces.internal.impl.io.MalformedByteSequenceException: Invalid byte 2 of 3-byte UTF-8 sequence.}
---- Result should have been:
{}
---- validDemos-2863 FAILED
.Could not parse /home/travis/build/icyphy/ptII/ptolemy/configs/test/../../../org/hlacerti/test/auto/StaticMultiInstance/2Values2Instances/DistributedReceiver1.xml, file /tmp/validDemos3326167223441030440.xml was
<?xml version="1.0" standalone="no"?>
<!DOCTYPE entity PUBLIC "-//UC Berkeley//DTD MoML 1//EN"
    "http://ptolemy.eecs.berkeley.edu/xml/dtd/MoML_1.dtd">
<entity name="DistributedReceiver1" class="ptolemy.actor.TypedCompositeActor">
    <property name="_createdBy" class="ptolemy.kernel.attributes.VersionAttribute" value="11.0.devel">
    </property>
    <property name="DE Director" class="ptolemy.domains.de.kernel.DEDirector">
        <property name="stopTime" class="ptolemy.data.expr.Parameter" value="stopTime">
        </property>
        <property name="_location" class="ptolemy.kernel.util.Location" value="[-30.0, 20.0]">
        </property>
    </property>
    <property name="_windowProperties" class="ptolemy.actor.gui.WindowPropertiesAttribute" value="{bounds={937, 115, 827, 632}, maximized=false}">
    </property>
    <property name="_vergilSize" class="ptolemy.actor.gui.SizeAttribute" value="[593, 522]">
    </property>
    <property name="_vergilZoomFactor" class="ptolemy.data.expr.ExpertParameter" value="0.7280248190279214">
    </property>
    <property name="_vergilCenter" class="ptolemy.data.expr.ExpertParameter" value="{317.39843749999983, 343.3394886363636}">
    </property>
    <property name="HlaManager" class="org.hlacerti.lib.HlaManager">
        <property name="federateName" class="ptolemy.data.expr.Parameter" value="&quot;Receiver1TAR&quot;">
            <display name="Federate's name"/>
        </property>
        <property name="federationName" class="ptolemy.data.expr.Parameter" value="&quot;StaticMultiInstance&quot;">
            <display name="Federation's name"/>
        </property>
        <property name="fedFile" class="ptolemy.data.expr.FileParameter" value="StaticMultiInstance.fed">
            <display name="Federate Object Model (.fed) file path"/>
        </property>
        <property name="timeManagementService" class="ptolemy.data.expr.ChoiceParameter" value="Time Advancement Request (TAR)">
            <display name="Time Management Service"/>
        </property>
        <property name="hlaTimeStep" class="ptolemy.data.expr.Parameter" value="TARTimeStep">
            <display name="*** If TAR is used, time step (s)"/>
        </property>
        <property name="hlaLookAHead" class="ptolemy.data.expr.Parameter" value="0.1">
            <display name="lookahead (s)"/>
        </property>
        <property name="enableHlaReporter" class="ptolemy.data.expr.Parameter" value="false">
            <display name="Generate HLA reports ?"/>
        </property>
        <property name="hlaReportPath" class="ptolemy.data.expr.FileParameter" value="testsResults">
            <display name="HLA report folder path"/>
        </property>
        <property name="_location" class="ptolemy.kernel.util.Location" value="[100.0, 30.0]">
        </property>
    </property>
    <property name="TARTimeStep" class="ptolemy.data.expr.Parameter" value="1">
        <property name="_hideName" class="ptolemy.kernel.util.SingletonAttribute">
        </property>
        <property name="_icon" class="ptolemy.vergil.icon.ValueIcon">
            <property name="_color" class="ptolemy.actor.gui.ColorAttribute" value="{0.0, 0.0, 1.0, 1.0}">
            </property>
        </property>
        <property name="_smallIconDescription" class="ptolemy.kernel.util.SingletonConfigurableAttribute">
        </property>
        <property name="_editorFactory" class="ptolemy.vergil.toolbox.VisibleParameterEditorFactory">
        </property>
        <property name="_location" class="ptolemy.kernel.util.Location" value="[195.0, 30.0]">
        </property>
    </property>
    <property name="stopTime" class="ptolemy.data.expr.Parameter" value="3">
        <property name="_hideName" class="ptolemy.kernel.util.SingletonAttribute">
        </property>
        <property name="_icon" class="ptolemy.vergil.icon.ValueIcon">
            <property name="_color" class="ptolemy.actor.gui.ColorAttribute" value="{0.0, 0.0, 1.0, 1.0}">
            </property>
        </property>
        <property name="_smallIconDescription" class="ptolemy.kernel.util.SingletonConfigurableAttribute">
        </property>
        <property name="_editorFactory" class="ptolemy.vergil.toolbox.VisibleParameterEditorFactory">
        </property>
        <property name="_location" class="ptolemy.kernel.util.Location" value="[195.0, 5.0]">
        </property>
    </property>
    <property name="Annotation3" class="ptolemy.vergil.kernel.attributes.TextAttribute">
        <property name="textSize" class="ptolemy.data.expr.Parameter" value="12">
        </property>
        <property name="textColor" class="ptolemy.actor.gui.ColorAttribute" value="{1.0,0.0,0.0,1.0}">
        </property>
        <property name="text" class="ptolemy.kernel.util.StringAttribute" value="First federate to be launched.&#10;">
        </property>
        <property name="_location" class="ptolemy.kernel.util.Location" value="[-80.0, 85.0]">
        </property>
    </property>
    <property name="enableBackwardTypeInference" class="ptolemy.data.expr.Parameter" value="false">
    </property>
    <property name="Annotation2" class="ptolemy.vergil.kernel.attributes.TextAttribute">
        <property name="textSize" class="ptolemy.data.expr.Parameter" value="8">
        </property>
        <property name="textColor" class="ptolemy.actor.gui.ColorAttribute" value="{0.4,0.4,0.4,1.0}">
        </property>
        <property name="text" class="ptolemy.kernel.util.StringAttribute" value="Author: CIELE Ing�nierie - http://www.ciele.fr&#10;">
        </property>
        <property name="_location" class="ptolemy.kernel.util.Location" value="[165.0, 85.0]">
        </property>
    </property>
    <entity name="HlaSub1" class="org.hlacerti.lib.HlaSubscriber">
        <property name="attributeName" class="ptolemy.data.expr.Parameter" value="&quot;val1&quot;">
            <display name="Name of the attribute to receive"/>
        </property>
        <property name="classObjectName" class="ptolemy.data.expr.Parameter" value="&quot;ValueTransfer&quot;">
            <display name="Object class in FOM"/>
        </property>
        <property name="classInstanceName" class="ptolemy.data.expr.Parameter" value="&quot;instance11&quot;">
            <display name="Name of the HLA class instance"/>
        </property>
        <property name="typeSelector" class="ptolemy.data.expr.StringParameter" value="int">
            <display name="type of the parameter"/>
        </property>
        <property name="_location" class="ptolemy.kernel.util.Location" value="[25.0, 165.0]">
        </property>
    </entity>
    <entity name="HlaSub2" class="org.hlacerti.lib.HlaSubscriber">
        <property name="attributeName" class="ptolemy.data.expr.Parameter" value="&quot;val2&quot;">
            <display name="Name of the attribute to receive"/>
        </property>
        <property name="classObjectName" class="ptolemy.data.expr.Parameter" value="&quot;ValueTransfer&quot;">
            <display name="Object class in FOM"/>
        </property>
        <property name="classInstanceName" class="ptolemy.data.expr.Parameter" value="&quot;instance22&quot;">
            <display name="Name of the HLA class instance"/>
        </property>
        <property name="typeSelector" class="ptolemy.data.expr.StringParameter" value="int">
            <display name="type of the parameter"/>
        </property>
        <property name="_location" class="ptolemy.kernel.util.Location" value="[20.0, 460.0]">
        </property>
    </entity>
    <entity name="HlaSub2 - val" class="ptolemy.actor.lib.gui.Display">
        <property name="_windowProperties" class="ptolemy.actor.gui.WindowPropertiesAttribute" value="{bounds={781, 858, 352, 132}, maximized=false}">
        </property>
        <property name="_paneSize" class="ptolemy.actor.gui.SizeAttribute" value="[407, 343]">
        </property>
        <property name="_location" class="ptolemy.kernel.util.Location" value="[585.0, 485.0]">
        </property>
    </entity>
    <entity name="HlaSub1 - val" class="ptolemy.actor.lib.gui.Display">
        <property name="_windowProperties" class="ptolemy.actor.gui.WindowPropertiesAttribute" value="{bounds={263, 865, 378, 148}, maximized=false}">
        </property>
        <property name="_paneSize" class="ptolemy.actor.gui.SizeAttribute" value="[407, 343]">
        </property>
        <property name="_location" class="ptolemy.kernel.util.Location" value="[575.0, 205.0]">
        </property>
    </entity>
    <entity name="HlaSub1 - test - Value" class="ptolemy.actor.lib.Test">
        <property name="correctValues" class="ptolemy.data.expr.Parameter" value="{10, 11, 12, 13}">
        </property>
        <property name="trainingMode" class="ptolemy.actor.parameters.SharedParameter" value="false">
        </property>
        <property name="_location" class="ptolemy.kernel.util.Location" value="[585.0, 140.0]">
        </property>
    </entity>
    <entity name="HlaSub1 - test - Time" class="ptolemy.actor.lib.Test">
        <property name="correctValues" class="ptolemy.data.expr.Parameter" value="{1.0, 1.0, 3.0, 3.0}">
        </property>
        <property name="_location" class="ptolemy.kernel.util.Location" value="[580.0, 265.0]">
        </property>
    </entity>
    <entity name="HlaSub1 - test - Microstep" class="ptolemy.actor.lib.Test">
        <property name="correctValues" class="ptolemy.data.expr.Parameter" value="{1, 2, 1, 2}">
        </property>
        <property name="trainingMode" class="ptolemy.actor.parameters.SharedParameter" value="false">
        </property>
        <property name="_location" class="ptolemy.kernel.util.Location" value="[580.0, 335.0]">
        </property>
    </entity>
    <entity name="CurrentTime" class="ptolemy.actor.lib.CurrentTime">
        <doc>Output the current time.</doc>
        <property name="_location" class="ptolemy.kernel.util.Location" value="[250.0, 240.0]">
        </property>
    </entity>
    <entity name="CurrentMicrostep" class="ptolemy.actor.lib.CurrentMicrostep">
        <doc>Output the current microstep.</doc>
        <property name="_location" class="ptolemy.kernel.util.Location" value="[255.0, 310.0]">
        </property>
    </entity>
    <entity name="RecordAssembler" class="ptolemy.actor.lib.RecordAssembler">
        <property name="_location" class="ptolemy.kernel.util.Location" value="[415.0, 185.0]">
        </property>
        <port name="value" class="ptolemy.actor.TypedIOPort">
            <property name="input"/>
            <property name="_showName" class="ptolemy.data.expr.SingletonParameter" value="true">
            </property>
        </port>
        <port name="time" class="ptolemy.actor.TypedIOPort">
            <property name="input"/>
            <property name="_showName" class="ptolemy.data.expr.SingletonParameter" value="true">
            </property>
        </port>
        <port name="microstep" class="ptolemy.actor.TypedIOPort">
            <property name="input"/>
            <property name="_showName" class="ptolemy.data.expr.SingletonParameter" value="true">
            </property>
        </port>
    </entity>
    <entity name="CurrentTime2" class="ptolemy.actor.lib.CurrentTime">
        <doc>Output the current time.</doc>
        <property name="_location" class="ptolemy.kernel.util.Location" value="[255.0, 520.0]">
        </property>
    </entity>
    <entity name="CurrentMicrostep2" class="ptolemy.actor.lib.CurrentMicrostep">
        <doc>Output the current microstep.</doc>
        <property name="_location" class="ptolemy.kernel.util.Location" value="[260.0, 590.0]">
        </property>
    </entity>
    <entity name="RecordAssembler2" class="ptolemy.actor.lib.RecordAssembler">
        <property name="_location" class="ptolemy.kernel.util.Location" value="[420.0, 465.0]">
        </property>
        <port name="value" class="ptolemy.actor.TypedIOPort">
            <property name="input"/>
            <property name="_showName" class="ptolemy.data.expr.SingletonParameter" value="true">
            </property>
        </port>
        <port name="time" class="ptolemy.actor.TypedIOPort">
            <property name="input"/>
            <property name="_showName" class="ptolemy.data.expr.SingletonParameter" value="true">
            </property>
        </port>
        <port name="microstep" class="ptolemy.actor.TypedIOPort">
            <property name="input"/>
            <property name="_showName" class="ptolemy.data.expr.SingletonParameter" value="true">
            </property>
        </port>
    </entity>
    <entity name="HlaSub2 - test - Microstep" class="ptolemy.actor.lib.Test">
        <property name="correctValues" class="ptolemy.data.expr.Parameter" value="{1, 1}">
        </property>
        <property name="trainingMode" class="ptolemy.actor.parameters.SharedParameter" value="false">
        </property>
        <property name="_location" class="ptolemy.kernel.util.Location" value="[585.0, 615.0]">
        </property>
    </entity>
    <entity name="HlaSub2 - test - Time" class="ptolemy.actor.lib.Test">
        <property name="correctValues" class="ptolemy.data.expr.Parameter" value="{1.0, 3.0}">
        </property>
        <property name="_location" class="ptolemy.kernel.util.Location" value="[585.0, 545.0]">
        </property>
    </entity>
    <entity name="HlaSub2 - test - Value" class="ptolemy.actor.lib.Test">
        <property name="correctValues" class="ptolemy.data.expr.Parameter" value="{20, 22}">
        </property>
        <property name="trainingMode" class="ptolemy.actor.parameters.SharedParameter" value="false">
        </property>
        <property name="_location" class="ptolemy.kernel.util.Location" value="[585.0, 420.0]">
        </property>
    </entity>
    <relation name="relation" class="ptolemy.actor.TypedIORelation">
        <property name="width" class="ptolemy.data.expr.Parameter" value="-1">
        </property>
        <vertex name="vertex1" value="[145.0, 165.0]">
        </vertex>
    </relation>
    <relation name="relation2" class="ptolemy.actor.TypedIORelation">
    </relation>
    <relation name="relation3" class="ptolemy.actor.TypedIORelation">
        <property name="width" class="ptolemy.data.expr.Parameter" value="-1">
        </property>
        <vertex name="vertex1" value="[145.0, 460.0]">
        </vertex>
    </relation>
    <relation name="relation4" class="ptolemy.actor.TypedIORelation">
    </relation>
    <relation name="relation5" class="ptolemy.actor.TypedIORelation">
        <property name="width" class="ptolemy.data.expr.Parameter" value="-1">
        </property>
        <vertex name="vertex1" value="[320.0, 230.0]">
        </vertex>
    </relation>
    <relation name="relation6" class="ptolemy.actor.TypedIORelation">
        <property name="width" class="ptolemy.data.expr.Parameter" value="-1">
        </property>
        <vertex name="vertex1" value="[380.0, 310.0]">
        </vertex>
    </relation>
    <relation name="relation7" class="ptolemy.actor.TypedIORelation">
        <property name="width" class="ptolemy.data.expr.Parameter" value="-1">
        </property>
        <vertex name="vertex1" value="[395.0, 590.0]">
        </vertex>
    </relation>
    <relation name="relation8" class="ptolemy.actor.TypedIORelation">
        <property name="width" class="ptolemy.data.expr.Parameter" value="-1">
        </property>
        <vertex name="vertex1" value="[350.0, 520.0]">
        </vertex>
    </relation>
    <link port="HlaSub1.output" relation="relation"/>
    <link port="HlaSub2.output" relation="relation3"/>
    <link port="HlaSub2 - val.input" relation="relation4"/>
    <link port="HlaSub1 - val.input" relation="relation2"/>
    <link port="HlaSub1 - test - Value.input" relation="relation"/>
    <link port="HlaSub1 - test - Time.input" relation="relation5"/>
    <link port="HlaSub1 - test - Microstep.input" relation="relation6"/>
    <link port="CurrentTime.output" relation="relation5"/>
    <link port="CurrentTime.trigger" relation="relation"/>
    <link port="CurrentMicrostep.output" relation="relation6"/>
    <link port="CurrentMicrostep.trigger" relation="relation"/>
    <link port="RecordAssembler.output" relation="relation2"/>
    <link port="RecordAssembler.value" relation="relation"/>
    <link port="RecordAssembler.time" relation="relation5"/>
    <link port="RecordAssembler.microstep" relation="relation6"/>
    <link port="CurrentTime2.output" relation="relation8"/>
    <link port="CurrentTime2.trigger" relation="relation3"/>
    <link port="CurrentMicrostep2.output" relation="relation7"/>
    <link port="CurrentMicrostep2.trigger" relation="relation3"/>
    <link port="RecordAssembler2.output" relation="relation4"/>
    <link port="RecordAssembler2.value" relation="relation3"/>
    <link port="RecordAssembler2.time" relation="relation8"/>
    <link port="RecordAssembler2.microstep" relation="relation7"/>
    <link port="HlaSub2 - test - Microstep.input" relation="relation7"/>
    <link port="HlaSub2 - test - Time.input" relation="relation8"/>
    <link port="HlaSub2 - test - Value.input" relation="relation3"/>
</entity>




==== $PTII/ptolemy/configs/test/validDemos.tcl: validDemos-2864 Validating parse of /home/travis/build/icyphy/ptII/ptolemy/configs/test/../../../org/hlacerti/test/auto/StaticMultiInstance/2Values2Instances/DistributedReceiver1.xml after removing configure
==== Contents of test case:

	    set errMsg {}
	    if [catch {java::call ptolemy.configs.test.ValidatingXMLParser parse $filename} errMsg] {
		puts "Could not parse $modelPath, file $filename was"
		# Print out the contents of the failed file.
		# A common failure is a version control system conflict.
		set fp [open $filename r]
		puts [read $fp]
		close $fp
	    }

	    list $errMsg
	
==== Result was:
{com.sun.org.apache.xerces.internal.impl.io.MalformedByteSequenceException: Invalid byte 2 of 3-byte UTF-8 sequence.}
---- Result should have been:
{}
---- validDemos-2864 FAILED
.Could not parse /home/travis/build/icyphy/ptII/ptolemy/configs/test/../../../org/hlacerti/test/auto/StaticMultiInstance/2Values2Instances/StaticMultiInstance.xml, file /tmp/validDemos3326167223441030440.xml was
<?xml version="1.0" standalone="no"?>
<!DOCTYPE entity PUBLIC "-//UC Berkeley//DTD MoML 1//EN"
    "http://ptolemy.eecs.berkeley.edu/xml/dtd/MoML_1.dtd">
<entity name="StaticMultiInstance" class="ptolemy.actor.TypedCompositeActor">
    <property name="_createdBy" class="ptolemy.kernel.attributes.VersionAttribute" value="11.0.devel">
    </property>
    <property name="_windowProperties" class="ptolemy.actor.gui.WindowPropertiesAttribute" value="{bounds={906, 63, 937, 894}, maximized=false}">
    </property>
    <property name="_vergilSize" class="ptolemy.actor.gui.SizeAttribute" value="[721, 776]">
    </property>
    <property name="_vergilZoomFactor" class="ptolemy.data.expr.ExpertParameter" value="1.0802282793116365">
    </property>
    <property name="_vergilCenter" class="ptolemy.data.expr.ExpertParameter" value="{393.09710549934726, 713.5546875000001}">
    </property>
    <property name="Annotation999" class="ptolemy.vergil.kernel.attributes.TextAttribute">
        <property name="textSize" class="ptolemy.data.expr.Parameter" value="14">
        </property>
        <property name="textColor" class="ptolemy.actor.gui.ColorAttribute" value="{0.003921569,0.003921569,0.003921569,1.0}">
        </property>
        <property name="text" class="ptolemy.kernel.util.StringAttribute" value="Author: CIELE Ing�nierie - http://www.ciele.fr">
        </property>
        <property name="_location" class="ptolemy.kernel.util.Location" value="[170.0, 1045.0]">
        </property>
    </property>
    <property name="Annotation4" class="ptolemy.vergil.kernel.attributes.TextAttribute">
        <property name="textColor" class="ptolemy.actor.gui.ColorAttribute" value="{0.2,0.2,0.2,1.0}">
        </property>
        <property name="text" class="ptolemy.kernel.util.StringAttribute" value="Description:&#10;&#10;Simple test of the HLA static multi instance . &#10;&#10;The test shows:&#10;&#10;- a sender which publishes updates of the attribute values 'val1'&#10;adn 'val2' using  two distinct instance names 'instance1' and 'instance2'.&#10;&#10;- a receiver which deploys two HLA subscribers to receive updates&#10;of attribute values 'val1' and 'val2 ' with the two distinct instance names&#10;'instance1' and 'instance2'.">
        </property>
        <property name="_location" class="ptolemy.kernel.util.Location" value="[60.0, 605.0]">
        </property>
    </property>
    <property name="Annotation5" class="ptolemy.vergil.kernel.attributes.TextAttribute">
        <property name="text" class="ptolemy.kernel.util.StringAttribute" value="- DistributedReceiver1 model: first federate to be launched.">
        </property>
        <property name="_location" class="ptolemy.kernel.util.Location" value="[65.0, 835.0]">
        </property>
        <property name="LiveLink" class="ptolemy.actor.gui.LiveLink" value="$CLASSPATH/org/hlacerti/test/auto/StaticMultiInstance/2Values2Instances/DistributedReceiver1.xml">
            <property name="_hideName" class="ptolemy.kernel.util.SingletonAttribute">
            </property>
            <property name="_icon" class="ptolemy.vergil.icon.ValueIcon">
                <property name="_color" class="ptolemy.actor.gui.ColorAttribute" value="{0.0, 0.0, 1.0, 1.0}">
                </property>
            </property>
            <property name="_smallIconDescription" class="ptolemy.kernel.util.SingletonConfigurableAttribute">
            </property>
            <property name="_editorFactory" class="ptolemy.vergil.toolbox.VisibleParameterEditorFactory">
            </property>
            <property name="_location" class="ptolemy.kernel.util.Location" value="{395, 280}">
            </property>
        </property>
        <property name="IconLink" class="ptolemy.vergil.basic.export.web.IconLink" value="http://ptolemy.eecs.berkeley.edu/ptolemyII/ptII11.0/ptII/org/hlacerti/test/auto/StaticMultiInstance/2Values2Instances/DistributedReceiver1/index.html">
            <property name="linkTarget" class="ptolemy.vergil.basic.export.web.LinkTarget" value="_self">
            </property>
            <property name="_location" class="ptolemy.kernel.util.Location" value="{450, 180}">
            </property>
        </property>
    </property>
    <property name="enableBackwardTypeInference" class="ptolemy.data.expr.Parameter" value="false">
    </property>
    <property name="Annotation2" class="ptolemy.vergil.kernel.attributes.TextAttribute">
        <property name="text" class="ptolemy.kernel.util.StringAttribute" value="- DistributedSender1 model: last federate to be launched.">
        </property>
        <property name="_location" class="ptolemy.kernel.util.Location" value="[65.0, 855.0]">
        </property>
        <property name="LiveLink" class="ptolemy.actor.gui.LiveLink" value="$CLASSPATH/org/hlacerti/test/auto/StaticMultiInstance/2Values2Instances/DistributedSender1.xml">
            <property name="_hideName" class="ptolemy.kernel.util.SingletonAttribute">
            </property>
            <property name="_icon" class="ptolemy.vergil.icon.ValueIcon">
                <property name="_color" class="ptolemy.actor.gui.ColorAttribute" value="{0.0, 0.0, 1.0, 1.0}">
                </property>
            </property>
            <property name="_smallIconDescription" class="ptolemy.kernel.util.SingletonConfigurableAttribute">
            </property>
            <property name="_editorFactory" class="ptolemy.vergil.toolbox.VisibleParameterEditorFactory">
            </property>
            <property name="_location" class="ptolemy.kernel.util.Location" value="{395, 280}">
            </property>
        </property>
        <property name="IconLink" class="ptolemy.vergil.basic.export.web.IconLink" value="http://ptolemy.eecs.berkeley.edu/ptolemyII/ptII11.0/ptII/org/hlacerti/test/auto/StaticMultiInstance/2Values2Instances/DistributedSender1/index.html">
            <property name="linkTarget" class="ptolemy.vergil.basic.export.web.LinkTarget" value="_self">
            </property>
            <property name="_location" class="ptolemy.kernel.util.Location" value="{450, 180}">
            </property>
        </property>
    </property>
    <property name="Annotation3" class="ptolemy.vergil.kernel.attributes.TextAttribute">
        <property name="textColor" class="ptolemy.actor.gui.ColorAttribute" value="{0.0, 0.0, 1.0, 1.0}">
        </property>
        <property name="text" class="ptolemy.kernel.util.StringAttribute" value="Models:&#10;">
        </property>
        <property name="_location" class="ptolemy.kernel.util.Location" value="[60.0, 810.0]">
        </property>
    </property>
    <property name="Annotation6" class="ptolemy.vergil.kernel.attributes.TextAttribute">
        <property name="textSize" class="ptolemy.data.expr.Parameter" value="18">
        </property>
        <property name="textColor" class="ptolemy.actor.gui.ColorAttribute" value="{1.0,0.0,0.0,1.0}">
        </property>
        <property name="text" class="ptolemy.kernel.util.StringAttribute" value="PtolemyII - HLA/CERTI framework&#10;&#10;--------------------------------------------------------------&#10;Model type: &#10;             Test&#10;&#10;Feature:&#10;             Static HLA multi instance&#10;&#10;Expected result:&#10;             This test must succeed&#10;----------------------------------------------------------------&#10;&#10;">
        </property>
        <property name="_location" class="ptolemy.kernel.util.Location" value="[60.0, 355.0]">
        </property>
    </property>
    <property name="Director" class="ptolemy.actor.Director">
        <doc>Simple director that executes actors in the order in which they were created.</doc>
        <property name="iterations" class="ptolemy.data.expr.Parameter" value="0">
        </property>
        <property name="_location" class="ptolemy.kernel.util.Location" value="[130.0, 950.0]">
        </property>
    </property>
    <property name="Annotation" class="ptolemy.vergil.kernel.attributes.TextAttribute">
        <property name="textColor" class="ptolemy.actor.gui.ColorAttribute" value="{0.0, 0.0, 1.0, 1.0}">
        </property>
        <property name="text" class="ptolemy.kernel.util.StringAttribute" value="Automated execution:&#10;">
        </property>
        <property name="_location" class="ptolemy.kernel.util.Location" value="[60.0, 900.0]">
        </property>
    </property>
    <entity name="DistributedReceiver1" class="ptolemy.vergil.actor.lib.VisualModelReference">
        <property name="modelFileOrURL" class="ptolemy.actor.parameters.FilePortParameter" value="DistributedReceiver1.xml">
        </property>
        <property name="executionOnFiring" class="ptolemy.data.expr.StringParameter" value="run in a new thread">
        </property>
        <property name="lingerTime" class="ptolemy.data.expr.Parameter" value="100L">
        </property>
        <property name="spawnSeparateModels" class="ptolemy.data.expr.Parameter" value="false">
        </property>
        <property name="openOnFiring" class="ptolemy.data.expr.StringParameter" value="open in Vergil">
        </property>
        <property name="_location" class="ptolemy.kernel.util.Location" value="[270.0, 1010.0]">
        </property>
    </entity>
    <entity name="DistributedSender1" class="ptolemy.vergil.actor.lib.VisualModelReference">
        <property name="modelFileOrURL" class="ptolemy.actor.parameters.FilePortParameter" value="DistributedSender1.xml">
        </property>
        <property name="executionOnFiring" class="ptolemy.data.expr.StringParameter" value="run in a new thread">
        </property>
        <property name="lingerTime" class="ptolemy.data.expr.Parameter" value="0L">
        </property>
        <property name="spawnSeparateModels" class="ptolemy.data.expr.Parameter" value="false">
        </property>
        <property name="openOnFiring" class="ptolemy.data.expr.StringParameter" value="open in Vergil">
        </property>
        <property name="_location" class="ptolemy.kernel.util.Location" value="[270.0, 955.0]">
        </property>
    </entity>
    <entity name="Stop" class="ptolemy.actor.lib.Stop">
        <property name="_location" class="ptolemy.kernel.util.Location" value="[135.0, 1000.0]">
        </property>
    </entity>
</entity>




==== $PTII/ptolemy/configs/test/validDemos.tcl: validDemos-2865 Validating parse of /home/travis/build/icyphy/ptII/ptolemy/configs/test/../../../org/hlacerti/test/auto/StaticMultiInstance/2Values2Instances/StaticMultiInstance.xml after removing configure
==== Contents of test case:

	    set errMsg {}
	    if [catch {java::call ptolemy.configs.test.ValidatingXMLParser parse $filename} errMsg] {
		puts "Could not parse $modelPath, file $filename was"
		# Print out the contents of the failed file.
		# A common failure is a version control system conflict.
		set fp [open $filename r]
		puts [read $fp]
		close $fp
	    }

	    list $errMsg
	
==== Result was:
{com.sun.org.apache.xerces.internal.impl.io.MalformedByteSequenceException: Invalid byte 2 of 3-byte UTF-8 sequence.}
---- Result should have been:
{}
---- validDemos-2865 FAILED
.Could not parse /home/travis/build/icyphy/ptII/ptolemy/configs/test/../../../org/hlacerti/test/auto/StaticMultiInstance/2Values2Instances/DistributedSender1.xml, file /tmp/validDemos3326167223441030440.xml was
<?xml version="1.0" standalone="no"?>
<!DOCTYPE entity PUBLIC "-//UC Berkeley//DTD MoML 1//EN"
    "http://ptolemy.eecs.berkeley.edu/xml/dtd/MoML_1.dtd">
<entity name="DistributedSender1" class="ptolemy.actor.TypedCompositeActor">
    <property name="_createdBy" class="ptolemy.kernel.attributes.VersionAttribute" value="11.0.devel">
    </property>
    <property name="DE Director" class="ptolemy.domains.de.kernel.DEDirector">
        <property name="stopTime" class="ptolemy.data.expr.Parameter" value="stopTime">
        </property>
        <property name="_location" class="ptolemy.kernel.util.Location" value="[10.0, 10.0]">
        </property>
    </property>
    <property name="TARTimeStep" class="ptolemy.data.expr.Parameter" value="2">
        <property name="_hideName" class="ptolemy.kernel.util.SingletonAttribute">
        </property>
        <property name="_icon" class="ptolemy.vergil.icon.ValueIcon">
            <property name="_color" class="ptolemy.actor.gui.ColorAttribute" value="{0.0, 0.0, 1.0, 1.0}">
            </property>
        </property>
        <property name="_smallIconDescription" class="ptolemy.kernel.util.SingletonConfigurableAttribute">
        </property>
        <property name="_editorFactory" class="ptolemy.vergil.toolbox.VisibleParameterEditorFactory">
        </property>
        <property name="_location" class="ptolemy.kernel.util.Location" value="[160.0, 15.0]">
        </property>
    </property>
    <property name="stopTime" class="ptolemy.data.expr.Parameter" value="3">
        <property name="_hideName" class="ptolemy.kernel.util.SingletonAttribute">
        </property>
        <property name="_icon" class="ptolemy.vergil.icon.ValueIcon">
            <property name="_color" class="ptolemy.actor.gui.ColorAttribute" value="{0.0, 0.0, 1.0, 1.0}">
            </property>
        </property>
        <property name="_smallIconDescription" class="ptolemy.kernel.util.SingletonConfigurableAttribute">
        </property>
        <property name="_editorFactory" class="ptolemy.vergil.toolbox.VisibleParameterEditorFactory">
        </property>
        <property name="_location" class="ptolemy.kernel.util.Location" value="[160.0, -9.999999999999972]">
        </property>
    </property>
    <property name="lah" class="ptolemy.data.expr.Parameter" value="0.01">
        <display name="Lookahead"/>
        <property name="_hideName" class="ptolemy.kernel.util.SingletonAttribute">
        </property>
        <property name="_icon" class="ptolemy.vergil.icon.ValueIcon">
            <property name="_color" class="ptolemy.actor.gui.ColorAttribute" value="{0.0, 0.0, 1.0, 1.0}">
            </property>
        </property>
        <property name="_smallIconDescription" class="ptolemy.kernel.util.SingletonConfigurableAttribute">
        </property>
        <property name="_editorFactory" class="ptolemy.vergil.toolbox.VisibleParameterEditorFactory">
        </property>
        <property name="_location" class="ptolemy.kernel.util.Location" value="[160.0, 40.0]">
        </property>
    </property>
    <property name="HlaManager" class="org.hlacerti.lib.HlaManager">
        <property name="federateName" class="ptolemy.data.expr.Parameter" value="&quot;Sender1TAR&quot;">
            <display name="Federate's name"/>
        </property>
        <property name="federationName" class="ptolemy.data.expr.Parameter" value="&quot;StaticMultiInstance&quot;">
            <display name="Federation's name"/>
        </property>
        <property name="fedFile" class="ptolemy.data.expr.FileParameter" value="StaticMultiInstance.fed">
            <display name="Federate Object Model (.fed) file path"/>
        </property>
        <property name="timeManagementService" class="ptolemy.data.expr.ChoiceParameter" value="Time Advancement Request (TAR)">
            <display name="Time Management Service"/>
        </property>
        <property name="hlaTimeStep" class="ptolemy.data.expr.Parameter" value="TARTimeStep">
            <display name="*** If TAR is used, time step (s)"/>
        </property>
        <property name="hlaLookAHead" class="ptolemy.data.expr.Parameter" value="lah">
            <display name="lookahead (s)"/>
        </property>
        <property name="requireSynchronization" class="ptolemy.data.expr.Parameter" value="true">
            <display name="Require synchronization ?"/>
        </property>
        <property name="isCreator" class="ptolemy.data.expr.Parameter" value="true">
            <display name="Is synchronization point register ?"/>
        </property>
        <property name="enableHlaReporter" class="ptolemy.data.expr.Parameter" value="false">
            <display name="Generate HLA reports ?"/>
        </property>
        <property name="_location" class="ptolemy.kernel.util.Location" value="[105.0, 15.0]">
        </property>
    </property>
    <property name="_windowProperties" class="ptolemy.actor.gui.WindowPropertiesAttribute" value="{bounds={86, 79, 707, 632}, maximized=false}">
    </property>
    <property name="_vergilSize" class="ptolemy.actor.gui.SizeAttribute" value="[473, 522]">
    </property>
    <property name="_vergilZoomFactor" class="ptolemy.data.expr.ExpertParameter" value="1.2086533718554013">
    </property>
    <property name="_vergilCenter" class="ptolemy.data.expr.ExpertParameter" value="{148.5354769123134, 191.28253264925374}">
    </property>
    <property name="Annotation2" class="ptolemy.vergil.kernel.attributes.TextAttribute">
        <property name="textSize" class="ptolemy.data.expr.Parameter" value="8">
        </property>
        <property name="textColor" class="ptolemy.actor.gui.ColorAttribute" value="{0.4,0.4,0.4,1.0}">
        </property>
        <property name="text" class="ptolemy.kernel.util.StringAttribute" value="Author: CIELE Ing�nierie - http://www.ciele.fr and J. Cardoso&#10;">
        </property>
        <property name="_location" class="ptolemy.kernel.util.Location" value="[40.0, 275.0]">
        </property>
    </property>
    <property name="period_dc1" class="ptolemy.data.expr.Parameter" value="1">
        <property name="_hideName" class="ptolemy.kernel.util.SingletonAttribute">
        </property>
        <property name="_icon" class="ptolemy.vergil.icon.ValueIcon">
            <property name="_color" class="ptolemy.actor.gui.ColorAttribute" value="{0.0, 0.0, 1.0, 1.0}">
            </property>
        </property>
        <property name="_smallIconDescription" class="ptolemy.kernel.util.SingletonConfigurableAttribute">
        </property>
        <property name="_editorFactory" class="ptolemy.vergil.toolbox.VisibleParameterEditorFactory">
        </property>
        <property name="_location" class="ptolemy.kernel.util.Location" value="[-30.0, 45.0]">
        </property>
    </property>
    <property name="Annotation" class="ptolemy.vergil.kernel.attributes.TextAttribute">
        <property name="textSize" class="ptolemy.data.expr.Parameter" value="10">
        </property>
        <property name="textColor" class="ptolemy.actor.gui.ColorAttribute" value="{1.0,0.0,0.0,1.0}">
        </property>
        <property name="text" class="ptolemy.kernel.util.StringAttribute" value="Last federate to be launched.&#10;">
        </property>
        <property name="_location" class="ptolemy.kernel.util.Location" value="[150.0, 65.0]">
        </property>
    </property>
    <property name="period_dc2" class="ptolemy.data.expr.Parameter" value="2">
        <property name="_hideName" class="ptolemy.kernel.util.SingletonAttribute">
        </property>
        <property name="_icon" class="ptolemy.vergil.icon.ValueIcon">
            <property name="_color" class="ptolemy.actor.gui.ColorAttribute" value="{0.0, 0.0, 1.0, 1.0}">
            </property>
        </property>
        <property name="_smallIconDescription" class="ptolemy.kernel.util.SingletonConfigurableAttribute">
        </property>
        <property name="_editorFactory" class="ptolemy.vergil.toolbox.VisibleParameterEditorFactory">
        </property>
        <property name="_location" class="ptolemy.kernel.util.Location" value="[-30.0, 65.0]">
        </property>
    </property>
    <property name="hla_value_dc1" class="ptolemy.data.expr.Parameter" value="10">
        <property name="_hideName" class="ptolemy.kernel.util.SingletonAttribute">
        </property>
        <property name="_icon" class="ptolemy.vergil.icon.ValueIcon">
            <property name="_color" class="ptolemy.actor.gui.ColorAttribute" value="{0.0, 0.0, 1.0, 1.0}">
            </property>
        </property>
        <property name="_smallIconDescription" class="ptolemy.kernel.util.SingletonConfigurableAttribute">
        </property>
        <property name="_editorFactory" class="ptolemy.vergil.toolbox.VisibleParameterEditorFactory">
        </property>
        <property name="_location" class="ptolemy.kernel.util.Location" value="[70.0, 160.0]">
        </property>
    </property>
    <property name="hla_value_dc2" class="ptolemy.data.expr.Parameter" value="20">
        <property name="_hideName" class="ptolemy.kernel.util.SingletonAttribute">
        </property>
        <property name="_icon" class="ptolemy.vergil.icon.ValueIcon">
            <property name="_color" class="ptolemy.actor.gui.ColorAttribute" value="{0.0, 0.0, 1.0, 1.0}">
            </property>
        </property>
        <property name="_smallIconDescription" class="ptolemy.kernel.util.SingletonConfigurableAttribute">
        </property>
        <property name="_editorFactory" class="ptolemy.vergil.toolbox.VisibleParameterEditorFactory">
        </property>
        <property name="_location" class="ptolemy.kernel.util.Location" value="[70.0, 260.0]">
        </property>
    </property>
    <entity name="DiscreteClock1" class="ptolemy.actor.lib.DiscreteClock">
        <property name="period" class="ptolemy.actor.parameters.PortParameter" value="period_dc1">
        </property>
        <property name="values" class="ptolemy.data.expr.Parameter" value="{hla_value_dc1}">
        </property>
        <doc>Create periodic timed events.</doc>
        <property name="_location" class="ptolemy.kernel.util.Location" value="[15.0, 125.0]">
        </property>
    </entity>
    <entity name="DiscreteClock2" class="ptolemy.actor.lib.DiscreteClock">
        <property name="period" class="ptolemy.actor.parameters.PortParameter" value="period_dc2">
        </property>
        <property name="values" class="ptolemy.data.expr.Parameter" value="{hla_value_dc2}">
        </property>
        <doc>Create periodic timed events.</doc>
        <property name="_location" class="ptolemy.kernel.util.Location" value="[10.0, 220.0]">
        </property>
    </entity>
    <entity name="HlaPublisher" class="org.hlacerti.lib.HlaPublisher">
        <property name="attributeName" class="ptolemy.data.expr.Parameter" value="&quot;val1&quot;">
            <display name="Name of the attribute to receive"/>
        </property>
        <property name="classObjectName" class="ptolemy.data.expr.Parameter" value="&quot;ValueTransfer&quot;">
            <display name="Object class in FOM"/>
        </property>
        <property name="classInstanceName" class="ptolemy.data.expr.Parameter" value="&quot;instance11&quot;">
            <display name="Name of the HLA class instance"/>
        </property>
        <property name="_location" class="ptolemy.kernel.util.Location" value="[240.0, 130.0]">
        </property>
    </entity>
    <entity name="HlaPublisher2" class="org.hlacerti.lib.HlaPublisher">
        <property name="attributeName" class="ptolemy.data.expr.Parameter" value="&quot;val2&quot;">
            <display name="Name of the attribute to receive"/>
        </property>
        <property name="classObjectName" class="ptolemy.data.expr.Parameter" value="&quot;ValueTransfer&quot;">
            <display name="Object class in FOM"/>
        </property>
        <property name="classInstanceName" class="ptolemy.data.expr.Parameter" value="&quot;instance22&quot;">
            <display name="Name of the HLA class instance"/>
        </property>
        <property name="_location" class="ptolemy.kernel.util.Location" value="[230.0, 230.0]">
        </property>
    </entity>
    <entity name="Ramp" class="ptolemy.actor.lib.Ramp">
        <property name="init" class="ptolemy.actor.parameters.PortParameter" value="hla_value_dc1">
        </property>
        <doc>Create a sequence of tokens with increasing value</doc>
        <property name="_location" class="ptolemy.kernel.util.Location" value="[110.0, 130.0]">
        </property>
    </entity>
    <entity name="Ramp2" class="ptolemy.actor.lib.Ramp">
        <property name="init" class="ptolemy.actor.parameters.PortParameter" value="hla_value_dc2">
        </property>
        <property name="step" class="ptolemy.actor.parameters.PortParameter" value="2">
        </property>
        <doc>Create a sequence of tokens with increasing value</doc>
        <property name="_location" class="ptolemy.kernel.util.Location" value="[110.0, 230.0]">
        </property>
    </entity>
    <relation name="relation3" class="ptolemy.actor.TypedIORelation">
    </relation>
    <relation name="relation" class="ptolemy.actor.TypedIORelation">
    </relation>
    <relation name="relation4" class="ptolemy.actor.TypedIORelation">
    </relation>
    <relation name="relation2" class="ptolemy.actor.TypedIORelation">
    </relation>
    <link port="DiscreteClock1.output" relation="relation4"/>
    <link port="DiscreteClock2.output" relation="relation3"/>
    <link port="HlaPublisher.input" relation="relation2"/>
    <link port="HlaPublisher2.input" relation="relation"/>
    <link port="Ramp.output" relation="relation2"/>
    <link port="Ramp.trigger" relation="relation4"/>
    <link port="Ramp2.output" relation="relation"/>
    <link port="Ramp2.trigger" relation="relation3"/>
</entity>




==== $PTII/ptolemy/configs/test/validDemos.tcl: validDemos-2866 Validating parse of /home/travis/build/icyphy/ptII/ptolemy/configs/test/../../../org/hlacerti/test/auto/StaticMultiInstance/2Values2Instances/DistributedSender1.xml after removing configure
==== Contents of test case:

	    set errMsg {}
	    if [catch {java::call ptolemy.configs.test.ValidatingXMLParser parse $filename} errMsg] {
		puts "Could not parse $modelPath, file $filename was"
		# Print out the contents of the failed file.
		# A common failure is a version control system conflict.
		set fp [open $filename r]
		puts [read $fp]
		close $fp
	    }

	    list $errMsg
	
==== Result was:
{com.sun.org.apache.xerces.internal.impl.io.MalformedByteSequenceException: Invalid byte 2 of 3-byte UTF-8 sequence.}
---- Result should have been:
{}
---- validDemos-2866 FAILED
.Could not parse /home/travis/build/icyphy/ptII/ptolemy/configs/test/../../../org/hlacerti/test/auto/2Values1Instance.xml, file /tmp/validDemos3326167223441030440.xml was
<?xml version="1.0" standalone="no"?>
<!DOCTYPE entity PUBLIC "-//UC Berkeley//DTD MoML 1//EN"
    "http://ptolemy.eecs.berkeley.edu/xml/dtd/MoML_1.dtd">
<entity name="2Values1Instance" class="ptolemy.actor.TypedCompositeActor">
    <property name="_createdBy" class="ptolemy.kernel.attributes.VersionAttribute" value="11.0.devel">
    </property>
    <property name="_windowProperties" class="ptolemy.actor.gui.WindowPropertiesAttribute" value="{bounds={928, 70, 737, 869}, maximized=false}">
    </property>
    <property name="_vergilSize" class="ptolemy.actor.gui.SizeAttribute" value="[503, 759]">
    </property>
    <property name="_vergilZoomFactor" class="ptolemy.data.expr.ExpertParameter" value="1.0229191217409568">
    </property>
    <property name="_vergilCenter" class="ptolemy.data.expr.ExpertParameter" value="{259.977018378999, 425.10910094497007}">
    </property>
    <property name="Annotation999" class="ptolemy.vergil.kernel.attributes.TextAttribute">
        <property name="textSize" class="ptolemy.data.expr.Parameter" value="14">
        </property>
        <property name="textColor" class="ptolemy.actor.gui.ColorAttribute" value="{0.003921569,0.003921569,0.003921569,1.0}">
        </property>
        <property name="text" class="ptolemy.kernel.util.StringAttribute" value="Author: CIELE Ing�nierie - http://www.ciele.fr">
        </property>
        <property name="_location" class="ptolemy.kernel.util.Location" value="[40.0, 750.0]">
        </property>
    </property>
    <property name="Annotation5" class="ptolemy.vergil.kernel.attributes.TextAttribute">
        <property name="text" class="ptolemy.kernel.util.StringAttribute" value="- DistributedReceiver1 model: first federate to be launched.">
        </property>
        <property name="_location" class="ptolemy.kernel.util.Location" value="[20.0, 520.0]">
        </property>
        <property name="LiveLink" class="ptolemy.actor.gui.LiveLink" value="$CLASSPATH/org/hlacerti/test/auto/StaticMultiInstance/2Values1Instance/DistributedReceiver1.xml">
            <property name="_hideName" class="ptolemy.kernel.util.SingletonAttribute">
            </property>
            <property name="_icon" class="ptolemy.vergil.icon.ValueIcon">
                <property name="_color" class="ptolemy.actor.gui.ColorAttribute" value="{0.0, 0.0, 1.0, 1.0}">
                </property>
            </property>
            <property name="_smallIconDescription" class="ptolemy.kernel.util.SingletonConfigurableAttribute">
            </property>
            <property name="_editorFactory" class="ptolemy.vergil.toolbox.VisibleParameterEditorFactory">
            </property>
            <property name="_location" class="ptolemy.kernel.util.Location" value="{395, 280}">
            </property>
        </property>
        <property name="IconLink" class="ptolemy.vergil.basic.export.web.IconLink" value="http://ptolemy.eecs.berkeley.edu/ptolemyII/ptII11.0/ptII/org/hlacerti/test/auto/StaticMultiInstance/2Values1Instance/DistributedReceiver1/index.html">
            <property name="linkTarget" class="ptolemy.vergil.basic.export.web.LinkTarget" value="_self">
            </property>
            <property name="_location" class="ptolemy.kernel.util.Location" value="{450, 180}">
            </property>
        </property>
    </property>
    <property name="enableBackwardTypeInference" class="ptolemy.data.expr.Parameter" value="false">
    </property>
    <property name="Annotation2" class="ptolemy.vergil.kernel.attributes.TextAttribute">
        <property name="text" class="ptolemy.kernel.util.StringAttribute" value="- DistributedSender1 model: last federate to be launched.">
        </property>
        <property name="_location" class="ptolemy.kernel.util.Location" value="[20.0, 545.0]">
        </property>
        <property name="LiveLink" class="ptolemy.actor.gui.LiveLink" value="$CLASSPATH/org/hlacerti/test/auto/StaticMultiInstance/2Values1Instance/DistributedSender1.xml">
            <property name="_hideName" class="ptolemy.kernel.util.SingletonAttribute">
            </property>
            <property name="_icon" class="ptolemy.vergil.icon.ValueIcon">
                <property name="_color" class="ptolemy.actor.gui.ColorAttribute" value="{0.0, 0.0, 1.0, 1.0}">
                </property>
            </property>
            <property name="_smallIconDescription" class="ptolemy.kernel.util.SingletonConfigurableAttribute">
            </property>
            <property name="_editorFactory" class="ptolemy.vergil.toolbox.VisibleParameterEditorFactory">
            </property>
            <property name="_location" class="ptolemy.kernel.util.Location" value="{395, 280}">
            </property>
        </property>
        <property name="IconLink" class="ptolemy.vergil.basic.export.web.IconLink" value="http://ptolemy.eecs.berkeley.edu/ptolemyII/ptII11.0/ptII/org/hlacerti/test/auto/StaticMultiInstance/2Values1Instance/DistributedSender1/index.html">
            <property name="linkTarget" class="ptolemy.vergil.basic.export.web.LinkTarget" value="_self">
            </property>
            <property name="_location" class="ptolemy.kernel.util.Location" value="{450, 180}">
            </property>
        </property>
    </property>
    <property name="Annotation3" class="ptolemy.vergil.kernel.attributes.TextAttribute">
        <property name="textColor" class="ptolemy.actor.gui.ColorAttribute" value="{0.0, 0.0, 1.0, 1.0}">
        </property>
        <property name="text" class="ptolemy.kernel.util.StringAttribute" value="Models:&#10;">
        </property>
        <property name="_location" class="ptolemy.kernel.util.Location" value="[20.0, 495.0]">
        </property>
    </property>
    <property name="Annotation" class="ptolemy.vergil.kernel.attributes.TextAttribute">
        <property name="textSize" class="ptolemy.data.expr.Parameter" value="18">
        </property>
        <property name="textColor" class="ptolemy.actor.gui.ColorAttribute" value="{1.0,0.0,0.0,1.0}">
        </property>
        <property name="text" class="ptolemy.kernel.util.StringAttribute" value="PtolemyII - HLA/CERTI framework&#10;&#10;--------------------------------------------------------------&#10;Model type: &#10;             Test&#10;&#10;Feature:&#10;             Static HLA multi instance&#10;&#10;Expected result:&#10;             This test must succeed&#10;----------------------------------------------------------------&#10;&#10;">
        </property>
        <property name="_location" class="ptolemy.kernel.util.Location" value="[15.0, 55.0]">
        </property>
    </property>
    <property name="Annotation4" class="ptolemy.vergil.kernel.attributes.TextAttribute">
        <property name="textColor" class="ptolemy.actor.gui.ColorAttribute" value="{0.2,0.2,0.2,1.0}">
        </property>
        <property name="text" class="ptolemy.kernel.util.StringAttribute" value="Description:&#10;&#10;Simple test of the HLA static multi instance. &#10;&#10;The test shows:&#10;&#10;- a sender which publishes updates of the attribute values 'val1'&#10;and 'val2' using  only one instance class name 'instance1'.&#10;&#10;- a receiver which deploys two HLA subscribers bind to attribute&#10; values 'val1' and 'val2' for the instance class name 'instance1'. ">
        </property>
        <property name="_location" class="ptolemy.kernel.util.Location" value="[20.0, 305.0]">
        </property>
    </property>
    <property name="Director" class="ptolemy.actor.Director">
        <doc>Simple director that executes actors in the order in which they were created.</doc>
        <property name="iterations" class="ptolemy.data.expr.Parameter" value="0">
        </property>
        <property name="_location" class="ptolemy.kernel.util.Location" value="[93.92047991071416, 648.1252790178576]">
        </property>
    </property>
    <property name="Annotation6" class="ptolemy.vergil.kernel.attributes.TextAttribute">
        <property name="textColor" class="ptolemy.actor.gui.ColorAttribute" value="{0.0, 0.0, 1.0, 1.0}">
        </property>
        <property name="text" class="ptolemy.kernel.util.StringAttribute" value="Automated execution:&#10;">
        </property>
        <property name="_location" class="ptolemy.kernel.util.Location" value="[23.920479910714164, 598.1252790178576]">
        </property>
    </property>
    <entity name="DistributedReceiver1" class="ptolemy.vergil.actor.lib.VisualModelReference">
        <property name="modelFileOrURL" class="ptolemy.actor.parameters.FilePortParameter" value="StaticMultiInstance/2Values1Instance/DistributedReceiver1.xml">
        </property>
        <property name="executionOnFiring" class="ptolemy.data.expr.StringParameter" value="run in a new thread">
        </property>
        <property name="lingerTime" class="ptolemy.data.expr.Parameter" value="100L">
        </property>
        <property name="spawnSeparateModels" class="ptolemy.data.expr.Parameter" value="false">
        </property>
        <property name="openOnFiring" class="ptolemy.data.expr.StringParameter" value="open in Vergil">
        </property>
        <property name="_location" class="ptolemy.kernel.util.Location" value="[235.0, 705.0]">
        </property>
    </entity>
    <entity name="DistributedSender1" class="ptolemy.vergil.actor.lib.VisualModelReference">
        <property name="modelFileOrURL" class="ptolemy.actor.parameters.FilePortParameter" value="StaticMultiInstance/2Values1Instance/DistributedSender1.xml">
        </property>
        <property name="executionOnFiring" class="ptolemy.data.expr.StringParameter" value="run in a new thread">
        </property>
        <property name="lingerTime" class="ptolemy.data.expr.Parameter" value="0L">
        </property>
        <property name="spawnSeparateModels" class="ptolemy.data.expr.Parameter" value="false">
        </property>
        <property name="openOnFiring" class="ptolemy.data.expr.StringParameter" value="open in Vergil">
        </property>
        <property name="_location" class="ptolemy.kernel.util.Location" value="[235.0, 650.0]">
        </property>
    </entity>
    <entity name="Stop" class="ptolemy.actor.lib.Stop">
        <property name="_location" class="ptolemy.kernel.util.Location" value="[90.0, 700.0]">
        </property>
    </entity>
</entity>




==== $PTII/ptolemy/configs/test/validDemos.tcl: validDemos-2867 Validating parse of /home/travis/build/icyphy/ptII/ptolemy/configs/test/../../../org/hlacerti/test/auto/2Values1Instance.xml after removing configure
==== Contents of test case:

	    set errMsg {}
	    if [catch {java::call ptolemy.configs.test.ValidatingXMLParser parse $filename} errMsg] {
		puts "Could not parse $modelPath, file $filename was"
		# Print out the contents of the failed file.
		# A common failure is a version control system conflict.
		set fp [open $filename r]
		puts [read $fp]
		close $fp
	    }

	    list $errMsg
	
==== Result was:
{com.sun.org.apache.xerces.internal.impl.io.MalformedByteSequenceException: Invalid byte 2 of 3-byte UTF-8 sequence.}
---- Result should have been:
{}
---- validDemos-2867 FAILED
.........Could not parse /home/travis/build/icyphy/ptII/ptolemy/configs/test/../../../org/hlacerti/test/auto/2Classes2Values2Instances.xml, file /tmp/validDemos3326167223441030440.xml was
<?xml version="1.0" standalone="no"?>
<!DOCTYPE entity PUBLIC "-//UC Berkeley//DTD MoML 1//EN"
    "http://ptolemy.eecs.berkeley.edu/xml/dtd/MoML_1.dtd">
<entity name="2Classes2Values2Instances" class="ptolemy.actor.TypedCompositeActor">
    <property name="_createdBy" class="ptolemy.kernel.attributes.VersionAttribute" value="11.0.devel">
    </property>
    <property name="_windowProperties" class="ptolemy.actor.gui.WindowPropertiesAttribute" value="{bounds={906, 63, 955, 886}, maximized=false}">
    </property>
    <property name="_vergilSize" class="ptolemy.actor.gui.SizeAttribute" value="[721, 776]">
    </property>
    <property name="_vergilZoomFactor" class="ptolemy.data.expr.ExpertParameter" value="1.0802282793116365">
    </property>
    <property name="_vergilCenter" class="ptolemy.data.expr.ExpertParameter" value="{393.09710549934726, 713.5546875000002}">
    </property>
    <property name="Annotation999" class="ptolemy.vergil.kernel.attributes.TextAttribute">
        <property name="textSize" class="ptolemy.data.expr.Parameter" value="14">
        </property>
        <property name="textColor" class="ptolemy.actor.gui.ColorAttribute" value="{0.003921569,0.003921569,0.003921569,1.0}">
        </property>
        <property name="text" class="ptolemy.kernel.util.StringAttribute" value="Author: CIELE Ing�nierie - http://www.ciele.fr">
        </property>
        <property name="_location" class="ptolemy.kernel.util.Location" value="[170.0, 1045.0]">
        </property>
    </property>
    <property name="Annotation4" class="ptolemy.vergil.kernel.attributes.TextAttribute">
        <property name="textColor" class="ptolemy.actor.gui.ColorAttribute" value="{0.2,0.2,0.2,1.0}">
        </property>
        <property name="text" class="ptolemy.kernel.util.StringAttribute" value="Description:&#10;&#10;Simple test of the HLA static multi instance. &#10;&#10;The test shows:&#10;&#10;- a sender which publishes updates of the attribute values (val1, ValueTransfer,&#10;instance1) and (val2, AnotherValueTransfer, instance2).&#10;&#10;- a receiver which deploys two HLA subscribers to receive updates&#10;of attribute values 'val1' and 'val2 ' with the corresponding object class names and&#10;class instance names.">
        </property>
        <property name="_location" class="ptolemy.kernel.util.Location" value="[60.0, 605.0]">
        </property>
    </property>
    <property name="Annotation5" class="ptolemy.vergil.kernel.attributes.TextAttribute">
        <property name="text" class="ptolemy.kernel.util.StringAttribute" value="- DistributedReceiver1 model: first federate to be launched.">
        </property>
        <property name="_location" class="ptolemy.kernel.util.Location" value="{65.0, 835.0}">
        </property>
        <property name="LiveLink" class="ptolemy.actor.gui.LiveLink" value="StaticMultiInstance/2Classes2Values2Instances/DistributedReceiver1.xml">
            <property name="_hideName" class="ptolemy.kernel.util.SingletonAttribute">
            </property>
            <property name="_icon" class="ptolemy.vergil.icon.ValueIcon">
                <property name="_color" class="ptolemy.actor.gui.ColorAttribute" value="{0.0, 0.0, 1.0, 1.0}">
                </property>
            </property>
            <property name="_smallIconDescription" class="ptolemy.kernel.util.SingletonConfigurableAttribute">
            </property>
            <property name="_editorFactory" class="ptolemy.vergil.toolbox.VisibleParameterEditorFactory">
            </property>
            <property name="_location" class="ptolemy.kernel.util.Location" value="{395, 280}">
            </property>
        </property>
        <property name="IconLink" class="ptolemy.vergil.basic.export.web.IconLink" value="http://ptolemy.eecs.berkeley.edu/ptolemyII/ptII11.0/ptII/org/hlacerti/test/auto/StaticMultiInstance/2Classes2Values2Instances/DistributedReceiver1/index.html">
            <property name="linkTarget" class="ptolemy.vergil.basic.export.web.LinkTarget" value="_self">
            </property>
            <property name="_location" class="ptolemy.kernel.util.Location" value="{450, 180}">
            </property>
        </property>
    </property>
    <property name="enableBackwardTypeInference" class="ptolemy.data.expr.Parameter" value="false">
    </property>
    <property name="Annotation2" class="ptolemy.vergil.kernel.attributes.TextAttribute">
        <property name="text" class="ptolemy.kernel.util.StringAttribute" value="- DistributedSender1 model: last federate to be launched.">
        </property>
        <property name="_location" class="ptolemy.kernel.util.Location" value="[65.0, 855.0]">
        </property>
        <property name="LiveLink" class="ptolemy.actor.gui.LiveLink" value="StaticMultiInstance/2Classes2Values2Instances/DistributedSender1.xml">
            <property name="_hideName" class="ptolemy.kernel.util.SingletonAttribute">
            </property>
            <property name="_icon" class="ptolemy.vergil.icon.ValueIcon">
                <property name="_color" class="ptolemy.actor.gui.ColorAttribute" value="{0.0, 0.0, 1.0, 1.0}">
                </property>
            </property>
            <property name="_smallIconDescription" class="ptolemy.kernel.util.SingletonConfigurableAttribute">
            </property>
            <property name="_editorFactory" class="ptolemy.vergil.toolbox.VisibleParameterEditorFactory">
            </property>
            <property name="_location" class="ptolemy.kernel.util.Location" value="{395, 280}">
            </property>
        </property>
        <property name="IconLink" class="ptolemy.vergil.basic.export.web.IconLink" value="http://ptolemy.eecs.berkeley.edu/ptolemyII/ptII11.0/ptII/org/hlacerti/test/auto/StaticMultiInstance/2classes1Instance/DistributedSender1/index.html">
            <property name="linkTarget" class="ptolemy.vergil.basic.export.web.LinkTarget" value="_self">
            </property>
            <property name="_location" class="ptolemy.kernel.util.Location" value="{450, 180}">
            </property>
        </property>
    </property>
    <property name="Annotation3" class="ptolemy.vergil.kernel.attributes.TextAttribute">
        <property name="textColor" class="ptolemy.actor.gui.ColorAttribute" value="{0.0, 0.0, 1.0, 1.0}">
        </property>
        <property name="text" class="ptolemy.kernel.util.StringAttribute" value="Models:&#10;">
        </property>
        <property name="_location" class="ptolemy.kernel.util.Location" value="[60.0, 810.0]">
        </property>
    </property>
    <property name="Annotation6" class="ptolemy.vergil.kernel.attributes.TextAttribute">
        <property name="textSize" class="ptolemy.data.expr.Parameter" value="18">
        </property>
        <property name="textColor" class="ptolemy.actor.gui.ColorAttribute" value="{1.0,0.0,0.0,1.0}">
        </property>
        <property name="text" class="ptolemy.kernel.util.StringAttribute" value="PtolemyII - HLA/CERTI framework&#10;&#10;--------------------------------------------------------------&#10;Model type: &#10;             Test&#10;&#10;Feature:&#10;             Static HLA multi instance&#10;&#10;Expected result:&#10;             This test must succeed&#10;----------------------------------------------------------------&#10;&#10;">
        </property>
        <property name="_location" class="ptolemy.kernel.util.Location" value="[60.0, 355.0]">
        </property>
    </property>
    <property name="Director" class="ptolemy.actor.Director">
        <doc>Simple director that executes actors in the order in which they were created.</doc>
        <property name="iterations" class="ptolemy.data.expr.Parameter" value="0">
        </property>
        <property name="_location" class="ptolemy.kernel.util.Location" value="[130.0, 950.0]">
        </property>
    </property>
    <property name="Annotation" class="ptolemy.vergil.kernel.attributes.TextAttribute">
        <property name="textColor" class="ptolemy.actor.gui.ColorAttribute" value="{0.0, 0.0, 1.0, 1.0}">
        </property>
        <property name="text" class="ptolemy.kernel.util.StringAttribute" value="Automated execution:&#10;">
        </property>
        <property name="_location" class="ptolemy.kernel.util.Location" value="[60.0, 900.0]">
        </property>
    </property>
    <entity name="DistributedReceiver1" class="ptolemy.vergil.actor.lib.VisualModelReference">
        <property name="modelFileOrURL" class="ptolemy.actor.parameters.FilePortParameter" value="StaticMultiInstance/2Classes2Values2Instances/DistributedReceiver1.xml">
        </property>
        <property name="executionOnFiring" class="ptolemy.data.expr.StringParameter" value="run in a new thread">
        </property>
        <property name="lingerTime" class="ptolemy.data.expr.Parameter" value="100L">
        </property>
        <property name="spawnSeparateModels" class="ptolemy.data.expr.Parameter" value="false">
        </property>
        <property name="openOnFiring" class="ptolemy.data.expr.StringParameter" value="open in Vergil">
        </property>
        <property name="_location" class="ptolemy.kernel.util.Location" value="[270.0, 1010.0]">
        </property>
    </entity>
    <entity name="DistributedSender1" class="ptolemy.vergil.actor.lib.VisualModelReference">
        <property name="modelFileOrURL" class="ptolemy.actor.parameters.FilePortParameter" value="StaticMultiInstance/2Classes2Values2Instances/DistributedSender1.xml">
        </property>
        <property name="executionOnFiring" class="ptolemy.data.expr.StringParameter" value="run in a new thread">
        </property>
        <property name="lingerTime" class="ptolemy.data.expr.Parameter" value="0L">
        </property>
        <property name="spawnSeparateModels" class="ptolemy.data.expr.Parameter" value="false">
        </property>
        <property name="openOnFiring" class="ptolemy.data.expr.StringParameter" value="open in Vergil">
        </property>
        <property name="_location" class="ptolemy.kernel.util.Location" value="[270.0, 955.0]">
        </property>
    </entity>
    <entity name="Stop" class="ptolemy.actor.lib.Stop">
        <property name="_location" class="ptolemy.kernel.util.Location" value="[135.0, 1000.0]">
        </property>
    </entity>
</entity>




==== $PTII/ptolemy/configs/test/validDemos.tcl: validDemos-2876 Validating parse of /home/travis/build/icyphy/ptII/ptolemy/configs/test/../../../org/hlacerti/test/auto/2Classes2Values2Instances.xml after removing configure
==== Contents of test case:

	    set errMsg {}
	    if [catch {java::call ptolemy.configs.test.ValidatingXMLParser parse $filename} errMsg] {
		puts "Could not parse $modelPath, file $filename was"
		# Print out the contents of the failed file.
		# A common failure is a version control system conflict.
		set fp [open $filename r]
		puts [read $fp]
		close $fp
	    }

	    list $errMsg
	
==== Result was:
{com.sun.org.apache.xerces.internal.impl.io.MalformedByteSequenceException: Invalid byte 2 of 3-byte UTF-8 sequence.}
---- Result should have been:
{}
---- validDemos-2876 FAILED
..............................................................................Checked 2954 demos from configs/doc/models.txt
Validating the xml in demo xml files after removing the configure blocks
....Could not parse /home/travis/build/icyphy/ptII/ptolemy/configs/test/../../../org/hlacerti/demo/Billard/2Billes1Fed/2Billes1Fed.xml, file /tmp/validDemos2429646683278440638.xml was
<?xml version="1.0" standalone="no"?>
<!DOCTYPE entity PUBLIC "-//UC Berkeley//DTD MoML 1//EN"
    "http://ptolemy.eecs.berkeley.edu/xml/dtd/MoML_1.dtd">
<entity name="2Billes1Fed" class="ptolemy.actor.TypedCompositeActor">
    <property name="_createdBy" class="ptolemy.kernel.attributes.VersionAttribute" value="11.0.devel">
    </property>
    <property name="enableBackwardTypeInference" class="ptolemy.data.expr.Parameter" value="false">
    </property>
    <property name="Annotation2" class="ptolemy.vergil.kernel.attributes.TextAttribute">
        <property name="textColor" class="ptolemy.actor.gui.ColorAttribute" value="{0.4,0.4,0.4,1.0}">
        </property>
        <property name="text" class="ptolemy.kernel.util.StringAttribute" value="This model contains links to the Ptolemy federates for the &#10;Billiard Federation, in which some number of billiard ball models&#10;publish their locations as they move around a table.&#10;&#10;In the models bellow, the TwoBilliardBalls model is a federate&#10;containing two billiard balls (two instances of class Bille)&#10;and publishes their location.  The PoolTableDisplay model&#10;subscribes to the locations and displays them.&#10;&#10;Run the following two models in order:&#10;">
        </property>
        <property name="_location" class="ptolemy.kernel.util.Location" value="[0.0, 10.0]">
        </property>
    </property>
    <property name="Annotation4" class="ptolemy.vergil.kernel.attributes.TextAttribute">
        <property name="text" class="ptolemy.kernel.util.StringAttribute" value="TwoBilliardBalls.xml">
        </property>
        <property name="_location" class="ptolemy.kernel.util.Location" value="[40.0, 185.0]">
        </property>
        <property name="LiveLink" class="ptolemy.actor.gui.LiveLink" value="TwoBilliardBalls.xml">
            <property name="_hideName" class="ptolemy.kernel.util.SingletonAttribute">
            </property>
            <property name="_icon" class="ptolemy.vergil.icon.ValueIcon">
                <property name="_color" class="ptolemy.actor.gui.ColorAttribute" value="{0.0, 0.0, 1.0, 1.0}">
                </property>
            </property>
            <property name="_smallIconDescription" class="ptolemy.kernel.util.SingletonConfigurableAttribute">
            </property>
            <property name="_editorFactory" class="ptolemy.vergil.toolbox.VisibleParameterEditorFactory">
            </property>
            <property name="_location" class="ptolemy.kernel.util.Location" value="{235, 125}">
            </property>
        </property>
    </property>
    <property name="_windowProperties" class="ptolemy.actor.gui.WindowPropertiesAttribute" value="{bounds={193, 258, 775, 509}, maximized=false}">
    </property>
    <property name="_vergilSize" class="ptolemy.actor.gui.SizeAttribute" value="[541, 399]">
    </property>
    <property name="_vergilZoomFactor" class="ptolemy.data.expr.ExpertParameter" value="0.9183821075959011">
    </property>
    <property name="_vergilCenter" class="ptolemy.data.expr.ExpertParameter" value="{293.095353452621, 225.7854849210348}">
    </property>
    <property name="Annotation3" class="ptolemy.vergil.kernel.attributes.TextAttribute">
        <property name="textSize" class="ptolemy.data.expr.Parameter" value="12">
        </property>
        <property name="textColor" class="ptolemy.actor.gui.ColorAttribute" value="{0.6,0.6,0.6,1.0}">
        </property>
        <property name="text" class="ptolemy.kernel.util.StringAttribute" value="Authors: Janette Cardoso, David Come, Pierre Siron&#10;Update: CIELE Ing�nierie - http://www.ciele.fr">
        </property>
        <property name="_location" class="ptolemy.kernel.util.Location" value="[5.0, 250.0]">
        </property>
    </property>
    <property name="Annotation5" class="ptolemy.vergil.kernel.attributes.TextAttribute">
        <property name="text" class="ptolemy.kernel.util.StringAttribute" value="PoolTable2.xml">
        </property>
        <property name="_location" class="ptolemy.kernel.util.Location" value="{40.0, 210.0}">
        </property>
        <property name="LiveLink" class="ptolemy.actor.gui.LiveLink" value="PoolTable2.xml">
            <property name="_hideName" class="ptolemy.kernel.util.SingletonAttribute">
            </property>
            <property name="_icon" class="ptolemy.vergil.icon.ValueIcon">
                <property name="_color" class="ptolemy.actor.gui.ColorAttribute" value="{0.0, 0.0, 1.0, 1.0}">
                </property>
            </property>
            <property name="_smallIconDescription" class="ptolemy.kernel.util.SingletonConfigurableAttribute">
            </property>
            <property name="_editorFactory" class="ptolemy.vergil.toolbox.VisibleParameterEditorFactory">
            </property>
            <property name="_location" class="ptolemy.kernel.util.Location" value="{235, 125}">
            </property>
        </property>
    </property>
    <property name="Annotation" class="ptolemy.vergil.kernel.attributes.TextAttribute">
        <property name="textColor" class="ptolemy.actor.gui.ColorAttribute" value="{0.4,0.4,0.4,1.0}">
        </property>
        <property name="text" class="ptolemy.kernel.util.StringAttribute" value="These models can interact with C++ federates from&#10;CERTI demo &quot;Billard&quot;. To run with a C++ federate,&#10;unset the parameter &quot;creator&quot; in federate PoolTable2.xml.&#10;Launch the federates in this order:&#10;- C++ federate: in a terminal, type: billard -n1 -fTest -FTest.fed -t10&#10;- launch PtII federates TwoBilliarBalls.xml and PoolTable2.xml in any order&#10;- come back to the terminal, and press &quot;Enter&quot;. The simulation starts.&#10;">
        </property>
        <property name="_location" class="ptolemy.kernel.util.Location" value="[0.0, 285.0]">
        </property>
    </property>
</entity>




==== $PTII/ptolemy/configs/test/validDemos.tcl: validDemos-4 Validating parse of /home/travis/build/icyphy/ptII/ptolemy/configs/test/../../../org/hlacerti/demo/Billard/2Billes1Fed/2Billes1Fed.xml after removing configure
==== Contents of test case:

	    set errMsg {}
	    if [catch {java::call ptolemy.configs.test.ValidatingXMLParser parse $filename} errMsg] {
		puts "Could not parse $modelPath, file $filename was"
		# Print out the contents of the failed file.
		# A common failure is a version control system conflict.
		set fp [open $filename r]
		puts [read $fp]
		close $fp
	    }

	    list $errMsg
	
==== Result was:
{com.sun.org.apache.xerces.internal.impl.io.MalformedByteSequenceException: Invalid byte 2 of 3-byte UTF-8 sequence.}
---- Result should have been:
{}
---- validDemos-4 FAILED
.Could not parse /home/travis/build/icyphy/ptII/ptolemy/configs/test/../../../org/hlacerti/demo/Billard/2Billes1Fed/PoolTable2.xml, file /tmp/validDemos2429646683278440638.xml was
<?xml version="1.0" standalone="no"?>
<!DOCTYPE entity PUBLIC "-//UC Berkeley//DTD MoML 1//EN"
    "http://ptolemy.eecs.berkeley.edu/xml/dtd/MoML_1.dtd">
<entity name="PoolTable2" class="ptolemy.actor.TypedCompositeActor">
    <property name="_createdBy" class="ptolemy.kernel.attributes.VersionAttribute" value="11.0.devel">
    </property>
    <property name="_windowProperties" class="ptolemy.actor.gui.WindowPropertiesAttribute" value="{bounds={382, 34, 969, 703}, maximized=false}">
    </property>
    <property name="_vergilSize" class="ptolemy.actor.gui.SizeAttribute" value="[735, 593]">
    </property>
    <property name="_vergilZoomFactor" class="ptolemy.data.expr.ExpertParameter" value="1.298747809790472">
    </property>
    <property name="_vergilCenter" class="ptolemy.data.expr.ExpertParameter" value="{-1543.4320723212647, -2438.3969894652237}">
    </property>
    <property name="enableBackwardTypeInference" class="ptolemy.data.expr.Parameter" value="false">
    </property>
    <property name="HlaManager" class="org.hlacerti.lib.HlaManager">
        <property name="federateName" class="ptolemy.data.expr.Parameter" value="&quot;display&quot;">
            <display name="Federate's name"/>
        </property>
        <property name="federationName" class="ptolemy.data.expr.Parameter" value="&quot;Test&quot;">
            <display name="Federation's name"/>
        </property>
        <property name="fedFile" class="ptolemy.data.expr.FileParameter" value="./Test.fed">
            <display name="Federate Object Model (.fed) file path"/>
        </property>
        <property name="requireSynchronization" class="ptolemy.data.expr.Parameter" value="true">
            <display name="Require synchronization ?"/>
        </property>
        <property name="synchronizationPointName" class="ptolemy.data.expr.Parameter" value="&quot;Init&quot;">
            <display name="Synchronization point name"/>
        </property>
        <property name="isCreator" class="ptolemy.data.expr.Parameter" value="true">
            <display name="Is synchronization point creator ?"/>
        </property>
        <property name="hlaTimeUnit" class="ptolemy.data.expr.Parameter" value="1">
            <display name="HLA time unit"/>
        </property>
        <property name="_location" class="ptolemy.kernel.util.Location" value="[-1410.0, -2615.0]">
        </property>
    </property>
    <property name="DE Director" class="ptolemy.domains.de.kernel.DEDirector">
        <property name="stopTime" class="ptolemy.data.expr.Parameter" value="endTime">
        </property>
        <property name="_location" class="ptolemy.kernel.util.Location" value="[-1765.0, -2630.0]">
        </property>
    </property>
    <property name="endTime" class="ptolemy.data.expr.Parameter" value="1600">
        <property name="_hideName" class="ptolemy.kernel.util.SingletonAttribute">
        </property>
        <property name="_icon" class="ptolemy.vergil.icon.ValueIcon">
            <property name="_color" class="ptolemy.actor.gui.ColorAttribute" value="{0.0, 0.0, 1.0, 1.0}">
            </property>
        </property>
        <property name="_smallIconDescription" class="ptolemy.kernel.util.SingletonConfigurableAttribute">
        </property>
        <property name="_editorFactory" class="ptolemy.vergil.toolbox.VisibleParameterEditorFactory">
        </property>
        <property name="_location" class="ptolemy.kernel.util.Location" value="[-1695.0, -2645.0]">
        </property>
    </property>
    <property name="Annotation" class="ptolemy.vergil.kernel.attributes.TextAttribute">
        <property name="textSize" class="ptolemy.data.expr.Parameter" value="10">
        </property>
        <property name="textColor" class="ptolemy.actor.gui.ColorAttribute" value="{0.4,0.4,0.4,1.0}">
        </property>
        <property name="text" class="ptolemy.kernel.util.StringAttribute" value="Authors: J. Cardoso, D. Come &amp; P. Siron&#10;Update: CIELE Ing�nierie - http://www.ciele.fr">
        </property>
        <property name="_location" class="ptolemy.kernel.util.Location" value="[-1700.0, -2630.0]">
        </property>
    </property>
    <property name="Annotation2" class="ptolemy.vergil.kernel.attributes.TextAttribute">
        <property name="text" class="ptolemy.kernel.util.StringAttribute" value="The class name &quot;Bille&quot; needs to match the class name specified&#10;in the Federation Object Model (FOM) file, which has extension .fed,&#10;and also the federate that publishes instances of class Bille must&#10;specify that class name in the HlaPublisher actor.&#10;&#10;">
        </property>
        <property name="_location" class="ptolemy.kernel.util.Location" value="[-1820.0, -2400.0]">
        </property>
    </property>
    <entity name="ArrayPlotterXY" class="ptolemy.actor.lib.gui.ArrayPlotterXY">
        <property name="fillOnWrapup" class="ptolemy.data.expr.Parameter" value="false">
        </property>
        <property name="_windowProperties" class="ptolemy.actor.gui.WindowPropertiesAttribute" value="{bounds={739, 70, 328, 227}, maximized=false}">
        </property>
        <property name="_plotSize" class="ptolemy.actor.gui.SizeAttribute" value="[328, 183]">
        </property>
        <property name="_location" class="ptolemy.kernel.util.Location" value="[-1435.0, -2525.0]">
        </property>
        <port name="x" class="ptolemy.actor.TypedIOPort">
            <property name="input"/>
            <property name="multiport"/>
            <property name="_showName" class="ptolemy.data.expr.SingletonParameter" value="true">
            </property>
            <property name="_hide" class="ptolemy.data.expr.SingletonParameter" value="false">
            </property>
        </port>
        <port name="y" class="ptolemy.actor.TypedIOPort">
            <property name="input"/>
            <property name="multiport"/>
            <property name="_hide" class="ptolemy.data.expr.SingletonParameter" value="false">
            </property>
        </port>
    </entity>
    <entity name="PositionX" class="org.hlacerti.lib.HlaSubscriber">
        <property name="attributeName" class="ptolemy.data.expr.Parameter" value="&quot;PositionX&quot;">
            <display name="Name of the attribute to receive"/>
        </property>
        <property name="classObjectName" class="ptolemy.data.expr.Parameter" value="&quot;Bille&quot;">
            <display name="Object class in FOM"/>
        </property>
        <property name="classInstanceName" class="ptolemy.data.expr.Parameter" value="&quot;ball1&quot;">
            <display name="Name of the HLA class instance"/>
        </property>
        <property name="typeSelector" class="ptolemy.data.expr.StringParameter" value="double">
            <display name="type of the parameter"/>
        </property>
        <property name="useCertiMessageBuffer" class="ptolemy.data.expr.Parameter" value="true">
            <display name="use CERTI message buffer"/>
        </property>
        <property name="_location" class="ptolemy.kernel.util.Location" value="[-1740.0, -2560.0]">
        </property>
    </entity>
    <entity name="PositionY" class="org.hlacerti.lib.HlaSubscriber">
        <property name="attributeName" class="ptolemy.data.expr.Parameter" value="&quot;PositionY&quot;">
            <display name="Name of the attribute to receive"/>
        </property>
        <property name="classObjectName" class="ptolemy.data.expr.Parameter" value="&quot;Bille&quot;">
            <display name="Object class in FOM"/>
        </property>
        <property name="classInstanceName" class="ptolemy.data.expr.Parameter" value="&quot;ball1&quot;">
            <display name="Name of the HLA class instance"/>
        </property>
        <property name="typeSelector" class="ptolemy.data.expr.StringParameter" value="double">
            <display name="type of the parameter"/>
        </property>
        <property name="useCertiMessageBuffer" class="ptolemy.data.expr.Parameter" value="true">
            <display name="use CERTI message buffer"/>
        </property>
        <property name="_location" class="ptolemy.kernel.util.Location" value="[-1740.0, -2515.0]">
        </property>
    </entity>
    <entity name="PositionX2" class="org.hlacerti.lib.HlaSubscriber">
        <property name="attributeName" class="ptolemy.data.expr.Parameter" value="&quot;PositionX&quot;">
            <display name="Name of the attribute to receive"/>
        </property>
        <property name="classObjectName" class="ptolemy.data.expr.Parameter" value="&quot;Bille&quot;">
            <display name="Object class in FOM"/>
        </property>
        <property name="classInstanceName" class="ptolemy.data.expr.Parameter" value="&quot;ball2&quot;">
            <display name="Name of the HLA class instance"/>
        </property>
        <property name="typeSelector" class="ptolemy.data.expr.StringParameter" value="double">
            <display name="type of the parameter"/>
        </property>
        <property name="useCertiMessageBuffer" class="ptolemy.data.expr.Parameter" value="true">
            <display name="use CERTI message buffer"/>
        </property>
        <property name="_location" class="ptolemy.kernel.util.Location" value="[-1740.0, -2470.0]">
        </property>
    </entity>
    <entity name="PositionY2" class="org.hlacerti.lib.HlaSubscriber">
        <property name="attributeName" class="ptolemy.data.expr.Parameter" value="&quot;PositionY&quot;">
            <display name="Name of the attribute to receive"/>
        </property>
        <property name="classObjectName" class="ptolemy.data.expr.Parameter" value="&quot;Bille&quot;">
            <display name="Object class in FOM"/>
        </property>
        <property name="classInstanceName" class="ptolemy.data.expr.Parameter" value="&quot;ball2&quot;">
            <display name="Name of the HLA class instance"/>
        </property>
        <property name="typeSelector" class="ptolemy.data.expr.StringParameter" value="double">
            <display name="type of the parameter"/>
        </property>
        <property name="useCertiMessageBuffer" class="ptolemy.data.expr.Parameter" value="true">
            <display name="use CERTI message buffer"/>
        </property>
        <property name="_location" class="ptolemy.kernel.util.Location" value="[-1740.0, -2425.0]">
        </property>
    </entity>
    <entity name="TimedPlotter" class="ptolemy.actor.lib.gui.TimedPlotter">
        <property name="legend" class="ptolemy.kernel.util.StringAttribute" value="xBall1,  yBall1, xBall2, yBall2">
        </property>
        <property name="_windowProperties" class="ptolemy.actor.gui.WindowPropertiesAttribute" value="{bounds={898, 437, 433, 274}, maximized=false}">
        </property>
        <property name="_plotSize" class="ptolemy.actor.gui.SizeAttribute" value="[433, 230]">
        </property>
        <property name="_location" class="ptolemy.kernel.util.Location" value="[-1440.0, -2425.0]">
        </property>
    </entity>
    <relation name="relation5" class="ptolemy.actor.TypedIORelation">
        <property name="width" class="ptolemy.data.expr.Parameter" value="-1">
        </property>
        <vertex name="vertex1" value="[-1570.0, -2560.0]">
        </vertex>
    </relation>
    <relation name="relation4" class="ptolemy.actor.TypedIORelation">
        <property name="width" class="ptolemy.data.expr.Parameter" value="-1">
        </property>
        <vertex name="vertex1" value="[-1610.0, -2505.0]">
        </vertex>
    </relation>
    <relation name="relation" class="ptolemy.actor.TypedIORelation">
        <property name="width" class="ptolemy.data.expr.Parameter" value="-1">
        </property>
        <vertex name="vertex1" value="[-1610.0, -2485.0]">
        </vertex>
    </relation>
    <relation name="relation2" class="ptolemy.actor.TypedIORelation">
        <property name="width" class="ptolemy.data.expr.Parameter" value="-1">
        </property>
        <vertex name="vertex1" value="[-1610.0, -2460.0]">
        </vertex>
    </relation>
    <link port="ArrayPlotterXY.x" relation="relation5"/>
    <link port="ArrayPlotterXY.x" relation="relation"/>
    <link port="ArrayPlotterXY.y" relation="relation4"/>
    <link port="ArrayPlotterXY.y" relation="relation2"/>
    <link port="PositionX.output" relation="relation5"/>
    <link port="PositionY.output" relation="relation4"/>
    <link port="PositionX2.output" relation="relation"/>
    <link port="PositionY2.output" relation="relation2"/>
    <link port="TimedPlotter.input" relation="relation5"/>
    <link port="TimedPlotter.input" relation="relation4"/>
    <link port="TimedPlotter.input" relation="relation"/>
    <link port="TimedPlotter.input" relation="relation2"/>
</entity>




==== $PTII/ptolemy/configs/test/validDemos.tcl: validDemos-5 Validating parse of /home/travis/build/icyphy/ptII/ptolemy/configs/test/../../../org/hlacerti/demo/Billard/2Billes1Fed/PoolTable2.xml after removing configure
==== Contents of test case:

	    set errMsg {}
	    if [catch {java::call ptolemy.configs.test.ValidatingXMLParser parse $filename} errMsg] {
		puts "Could not parse $modelPath, file $filename was"
		# Print out the contents of the failed file.
		# A common failure is a version control system conflict.
		set fp [open $filename r]
		puts [read $fp]
		close $fp
	    }

	    list $errMsg
	
==== Result was:
{com.sun.org.apache.xerces.internal.impl.io.MalformedByteSequenceException: Invalid byte 2 of 3-byte UTF-8 sequence.}
---- Result should have been:
{}
---- validDemos-5 FAILED
..........Could not parse /home/travis/build/icyphy/ptII/ptolemy/configs/test/../../../org/hlacerti/demo/IntegrationTests/TimeAdvancing2Federates/testTimeAdvancingF1.xml, file /tmp/validDemos2429646683278440638.xml was
<?xml version="1.0" standalone="no"?>
<!DOCTYPE entity PUBLIC "-//UC Berkeley//DTD MoML 1//EN"
    "http://ptolemy.eecs.berkeley.edu/xml/dtd/MoML_1.dtd">
<entity name="testTimeAdvancingF1" class="ptolemy.actor.TypedCompositeActor">
    <property name="_createdBy" class="ptolemy.kernel.attributes.VersionAttribute" value="11.0.devel">
    </property>
    <property name="DE Director" class="ptolemy.domains.de.kernel.DEDirector">
        <property name="stopTime" class="ptolemy.data.expr.Parameter" value="stopTime">
        </property>
        <property name="synchronizeToRealTime" class="ptolemy.data.expr.Parameter" value="false">
        </property>
        <property name="_location" class="ptolemy.kernel.util.Location" value="[120.0, 80.0]">
        </property>
    </property>
    <property name="HlaManager" class="org.hlacerti.lib.HlaManager">
        <property name="federateName" class="ptolemy.data.expr.Parameter" value="&quot;f1&quot;">
            <display name="Federate's name"/>
        </property>
        <property name="federationName" class="ptolemy.data.expr.Parameter" value="&quot;TestTimeAdvance2&quot;">
            <display name="Federation's name"/>
        </property>
        <property name="fedFile" class="ptolemy.data.expr.FileParameter" value="testTimeAdvance2.fed">
            <display name="Federate Object Model (.fed) file path"/>
        </property>
        <property name="timeManagementService" class="ptolemy.data.expr.ChoiceParameter" value="Time Advancement Request (TAR)">
            <display name="Time Management Service"/>
        </property>
        <property name="hlaTimeStep" class="ptolemy.data.expr.Parameter" value="hlaTimeStep">
            <display name="*** If TAR is used, time step (s)"/>
        </property>
        <property name="isCreator" class="ptolemy.data.expr.Parameter" value="true">
            <display name="Is synchronization point register ?"/>
        </property>
        <property name="_location" class="ptolemy.kernel.util.Location" value="[230.0, 90.0]">
        </property>
    </property>
    <property name="_windowProperties" class="ptolemy.actor.gui.WindowPropertiesAttribute" value="{bounds={756, 268, 684, 632}, maximized=false}">
    </property>
    <property name="_vergilSize" class="ptolemy.actor.gui.SizeAttribute" value="[450, 522]">
    </property>
    <property name="_vergilZoomFactor" class="ptolemy.data.expr.ExpertParameter" value="1.2173924341741973">
    </property>
    <property name="_vergilCenter" class="ptolemy.data.expr.ExpertParameter" value="{247.71411799863384, 262.4671597506831}">
    </property>
    <property name="Annotation" class="ptolemy.vergil.kernel.attributes.TextAttribute">
        <property name="text" class="ptolemy.kernel.util.StringAttribute" value="Federation f1 participating to HlaFederation; it&#10;must be the last one to be launched since it &#10;registers the synchronization point.&#10;&#10;For observing how the time advances in each&#10;federate, do a right-click on HlaManager icone&#10;and choose Listen To Attribute.&#10;&#10;Each federate can independently set the &#10;parameter &quot;TimeManagement Service&quot; &#10;in HlaManager to:&#10;- NER&#10;- TAR.">
        </property>
        <property name="_location" class="ptolemy.kernel.util.Location" value="[70.0, 140.0]">
        </property>
    </property>
    <property name="stopTime" class="ptolemy.data.expr.Parameter" value="10">
        <property name="_hideName" class="ptolemy.kernel.util.SingletonAttribute">
        </property>
        <property name="_icon" class="ptolemy.vergil.icon.ValueIcon">
            <property name="_color" class="ptolemy.actor.gui.ColorAttribute" value="{0.0, 0.0, 1.0, 1.0}">
            </property>
        </property>
        <property name="_smallIconDescription" class="ptolemy.kernel.util.SingletonConfigurableAttribute">
        </property>
        <property name="_editorFactory" class="ptolemy.vergil.toolbox.VisibleParameterEditorFactory">
        </property>
        <property name="_location" class="ptolemy.kernel.util.Location" value="[80.0, 115.0]">
        </property>
    </property>
    <property name="Annotation3" class="ptolemy.vergil.kernel.attributes.TextAttribute">
        <property name="textSize" class="ptolemy.data.expr.Parameter" value="12">
        </property>
        <property name="textColor" class="ptolemy.actor.gui.ColorAttribute" value="{0.6,0.6,0.6,1.0}">
        </property>
        <property name="text" class="ptolemy.kernel.util.StringAttribute" value="Authors: Janette Cardoso &amp; Cl�ment Michel">
        </property>
        <property name="_location" class="ptolemy.kernel.util.Location" value="[140.0, 335.0]">
        </property>
    </property>
    <property name="hlaTimeStep" class="ptolemy.data.expr.Parameter" value="1">
        <property name="_hideName" class="ptolemy.kernel.util.SingletonAttribute">
        </property>
        <property name="_icon" class="ptolemy.vergil.icon.ValueIcon">
            <property name="_color" class="ptolemy.actor.gui.ColorAttribute" value="{0.0, 0.0, 1.0, 1.0}">
            </property>
        </property>
        <property name="_smallIconDescription" class="ptolemy.kernel.util.SingletonConfigurableAttribute">
        </property>
        <property name="_editorFactory" class="ptolemy.vergil.toolbox.VisibleParameterEditorFactory">
        </property>
        <property name="_location" class="ptolemy.kernel.util.Location" value="[210.0, 125.0]">
        </property>
    </property>
</entity>




==== $PTII/ptolemy/configs/test/validDemos.tcl: validDemos-15 Validating parse of /home/travis/build/icyphy/ptII/ptolemy/configs/test/../../../org/hlacerti/demo/IntegrationTests/TimeAdvancing2Federates/testTimeAdvancingF1.xml after removing configure
==== Contents of test case:

	    set errMsg {}
	    if [catch {java::call ptolemy.configs.test.ValidatingXMLParser parse $filename} errMsg] {
		puts "Could not parse $modelPath, file $filename was"
		# Print out the contents of the failed file.
		# A common failure is a version control system conflict.
		set fp [open $filename r]
		puts [read $fp]
		close $fp
	    }

	    list $errMsg
	
==== Result was:
{com.sun.org.apache.xerces.internal.impl.io.MalformedByteSequenceException: Invalid byte 2 of 3-byte UTF-8 sequence.}
---- Result should have been:
{}
---- validDemos-15 FAILED
.Could not parse /home/travis/build/icyphy/ptII/ptolemy/configs/test/../../../org/hlacerti/demo/IntegrationTests/TimeAdvancing2Federates/testTimeAdvancingF2.xml, file /tmp/validDemos2429646683278440638.xml was
<?xml version="1.0" standalone="no"?>
<!DOCTYPE entity PUBLIC "-//UC Berkeley//DTD MoML 1//EN"
    "http://ptolemy.eecs.berkeley.edu/xml/dtd/MoML_1.dtd">
<entity name="testTimeAdvancingF2" class="ptolemy.actor.TypedCompositeActor">
    <property name="_createdBy" class="ptolemy.kernel.attributes.VersionAttribute" value="11.0.devel">
    </property>
    <property name="DE Director" class="ptolemy.domains.de.kernel.DEDirector">
        <property name="stopTime" class="ptolemy.data.expr.Parameter" value="stopTime">
        </property>
        <property name="synchronizeToRealTime" class="ptolemy.data.expr.Parameter" value="true">
        </property>
        <property name="_location" class="ptolemy.kernel.util.Location" value="[5.0, 85.0]">
        </property>
    </property>
    <property name="HlaManager" class="org.hlacerti.lib.HlaManager">
        <property name="federateName" class="ptolemy.data.expr.Parameter" value="&quot;f2&quot;">
            <display name="Federate's name"/>
        </property>
        <property name="federationName" class="ptolemy.data.expr.Parameter" value="&quot;TestTimeAdvance2&quot;">
            <display name="Federation's name"/>
        </property>
        <property name="fedFile" class="ptolemy.data.expr.FileParameter" value="testTimeAdvance2.fed">
            <display name="Federate Object Model (.fed) file path"/>
        </property>
        <property name="timeManagementService" class="ptolemy.data.expr.ChoiceParameter" value="Next Event Request (NER)">
            <display name="Time Management Service"/>
        </property>
        <property name="hlaTimeStep" class="ptolemy.data.expr.Parameter" value="hlaTimeStep">
            <display name="*** If TAR is used, time step (s)"/>
        </property>
        <property name="isCreator" class="ptolemy.data.expr.Parameter" value="false">
            <display name="Is synchronization point register ?"/>
        </property>
        <property name="_location" class="ptolemy.kernel.util.Location" value="[135.0, 95.0]">
        </property>
    </property>
    <property name="_windowProperties" class="ptolemy.actor.gui.WindowPropertiesAttribute" value="{bounds={674, 47, 592, 632}, maximized=false}">
    </property>
    <property name="_vergilSize" class="ptolemy.actor.gui.SizeAttribute" value="[358, 522]">
    </property>
    <property name="_vergilZoomFactor" class="ptolemy.data.expr.ExpertParameter" value="1.0933189337784104">
    </property>
    <property name="_vergilCenter" class="ptolemy.data.expr.ExpertParameter" value="{111.14843750000003, 291.3310659123564}">
    </property>
    <property name="Annotation" class="ptolemy.vergil.kernel.attributes.TextAttribute">
        <property name="text" class="ptolemy.kernel.util.StringAttribute" value="Federate f2 participating to HlaFederation;&#10;it must be the first one to be launched.&#10;&#10;For observing how the time advances,&#10;do a right-click on HlaManager icone and&#10;choose Listen To Attribute.&#10;&#10;Each federate can independently set the &#10;parameter &quot;TimeManagement Service&quot; &#10;in HlaManager to:&#10;- NER&#10;- TAR.&#10;Parameter hlaTimeStep is only used with TAR.">
        </property>
        <property name="_location" class="ptolemy.kernel.util.Location" value="[-45.0, 170.0]">
        </property>
    </property>
    <property name="stopTime" class="ptolemy.data.expr.Parameter" value="8">
        <property name="_hideName" class="ptolemy.kernel.util.SingletonAttribute">
        </property>
        <property name="_icon" class="ptolemy.vergil.icon.ValueIcon">
            <property name="_color" class="ptolemy.actor.gui.ColorAttribute" value="{0.0, 0.0, 1.0, 1.0}">
            </property>
        </property>
        <property name="_smallIconDescription" class="ptolemy.kernel.util.SingletonConfigurableAttribute">
        </property>
        <property name="_editorFactory" class="ptolemy.vergil.toolbox.VisibleParameterEditorFactory">
        </property>
        <property name="_location" class="ptolemy.kernel.util.Location" value="[-40.0, 110.0]">
        </property>
    </property>
    <property name="Annotation2" class="ptolemy.vergil.kernel.attributes.TextAttribute">
        <property name="textSize" class="ptolemy.data.expr.Parameter" value="12">
        </property>
        <property name="textColor" class="ptolemy.actor.gui.ColorAttribute" value="{0.6,0.6,0.6,1.0}">
        </property>
        <property name="text" class="ptolemy.kernel.util.StringAttribute" value="Authors: Janette Cardoso &amp; Cl�ment Michel">
        </property>
        <property name="_location" class="ptolemy.kernel.util.Location" value="[20.0, 390.0]">
        </property>
    </property>
    <property name="hlaTimeStep" class="ptolemy.data.expr.Parameter" value="2">
        <property name="_hideName" class="ptolemy.kernel.util.SingletonAttribute">
        </property>
        <property name="_icon" class="ptolemy.vergil.icon.ValueIcon">
            <property name="_color" class="ptolemy.actor.gui.ColorAttribute" value="{0.0, 0.0, 1.0, 1.0}">
            </property>
        </property>
        <property name="_smallIconDescription" class="ptolemy.kernel.util.SingletonConfigurableAttribute">
        </property>
        <property name="_editorFactory" class="ptolemy.vergil.toolbox.VisibleParameterEditorFactory">
        </property>
        <property name="_location" class="ptolemy.kernel.util.Location" value="[115.0, 130.0]">
        </property>
    </property>
    <property name="Annotation3" class="ptolemy.vergil.kernel.attributes.TextAttribute">
        <property name="textSize" class="ptolemy.data.expr.Parameter" value="12">
        </property>
        <property name="textColor" class="ptolemy.actor.gui.ColorAttribute" value="{0.8,0.0,0.2,1.0}">
        </property>
        <property name="italic" class="ptolemy.data.expr.Parameter" value="true">
        </property>
        <property name="text" class="ptolemy.kernel.util.StringAttribute" value="synchronizeToRealTime=1 in DE director.">
        </property>
        <property name="_location" class="ptolemy.kernel.util.Location" value="[-40.0, 145.0]">
        </property>
    </property>
</entity>




==== $PTII/ptolemy/configs/test/validDemos.tcl: validDemos-16 Validating parse of /home/travis/build/icyphy/ptII/ptolemy/configs/test/../../../org/hlacerti/demo/IntegrationTests/TimeAdvancing2Federates/testTimeAdvancingF2.xml after removing configure
==== Contents of test case:

	    set errMsg {}
	    if [catch {java::call ptolemy.configs.test.ValidatingXMLParser parse $filename} errMsg] {
		puts "Could not parse $modelPath, file $filename was"
		# Print out the contents of the failed file.
		# A common failure is a version control system conflict.
		set fp [open $filename r]
		puts [read $fp]
		close $fp
	    }

	    list $errMsg
	
==== Result was:
{com.sun.org.apache.xerces.internal.impl.io.MalformedByteSequenceException: Invalid byte 2 of 3-byte UTF-8 sequence.}
---- Result should have been:
{}
---- validDemos-16 FAILED
..Could not parse /home/travis/build/icyphy/ptII/ptolemy/configs/test/../../../org/hlacerti/demo/IntegrationTests/TimeAdvancing2FederatesIntervalEvents/testTimeAdvancingF1.xml, file /tmp/validDemos2429646683278440638.xml was
<?xml version="1.0" standalone="no"?>
<!DOCTYPE entity PUBLIC "-//UC Berkeley//DTD MoML 1//EN"
    "http://ptolemy.eecs.berkeley.edu/xml/dtd/MoML_1.dtd">
<entity name="testTimeAdvancingF1" class="ptolemy.actor.TypedCompositeActor">
    <property name="_createdBy" class="ptolemy.kernel.attributes.VersionAttribute" value="11.0.devel">
    </property>
    <property name="DE Director" class="ptolemy.domains.de.kernel.DEDirector">
        <property name="stopTime" class="ptolemy.data.expr.Parameter" value="stopTime">
        </property>
        <property name="synchronizeToRealTime" class="ptolemy.data.expr.Parameter" value="false">
        </property>
        <property name="_location" class="ptolemy.kernel.util.Location" value="[120.0, 80.0]">
        </property>
    </property>
    <property name="HlaManager" class="org.hlacerti.lib.HlaManager">
        <property name="federateName" class="ptolemy.data.expr.Parameter" value="&quot;f1&quot;">
            <display name="Federate's name"/>
        </property>
        <property name="federationName" class="ptolemy.data.expr.Parameter" value="&quot;TestTimeAdvance&quot;">
            <display name="Federation's name"/>
        </property>
        <property name="fedFile" class="ptolemy.data.expr.FileParameter" value="testTimeAdvanceEvent.fed">
            <display name="Federate Object Model (.fed) file path"/>
        </property>
        <property name="timeManagementService" class="ptolemy.data.expr.ChoiceParameter" value="Time Advancement Request (TAR)">
            <display name="Time Management Service"/>
        </property>
        <property name="hlaTimeStep" class="ptolemy.data.expr.Parameter" value="hlaTimeStep">
            <display name="*** If TAR is used, time step (s)"/>
        </property>
        <property name="isCreator" class="ptolemy.data.expr.Parameter" value="true">
            <display name="Is synchronization point register ?"/>
        </property>
        <property name="_location" class="ptolemy.kernel.util.Location" value="[230.0, 90.0]">
        </property>
    </property>
    <property name="_windowProperties" class="ptolemy.actor.gui.WindowPropertiesAttribute" value="{bounds={727, 401, 684, 632}, maximized=false}">
    </property>
    <property name="_vergilSize" class="ptolemy.actor.gui.SizeAttribute" value="[450, 522]">
    </property>
    <property name="_vergilZoomFactor" class="ptolemy.data.expr.ExpertParameter" value="1.2173924341741973">
    </property>
    <property name="_vergilCenter" class="ptolemy.data.expr.ExpertParameter" value="{247.71411799863384, 262.4671597506831}">
    </property>
    <property name="Annotation" class="ptolemy.vergil.kernel.attributes.TextAttribute">
        <property name="text" class="ptolemy.kernel.util.StringAttribute" value="Federation f1 participating to HlaFederation; it&#10;must be the last one to be launched since it &#10;registers the synchronization point.&#10;&#10;For observing how the time advances in each&#10;federate, do a right-click on HlaManager icone&#10;and choose Listen To Attribute.&#10;&#10;Each federate can independently set the &#10;parameter &quot;TimeManagement Service&quot; &#10;in HlaManager to:&#10;- NER&#10;- TAR.">
        </property>
        <property name="_location" class="ptolemy.kernel.util.Location" value="[70.0, 140.0]">
        </property>
    </property>
    <property name="stopTime" class="ptolemy.data.expr.Parameter" value="10">
        <property name="_hideName" class="ptolemy.kernel.util.SingletonAttribute">
        </property>
        <property name="_icon" class="ptolemy.vergil.icon.ValueIcon">
            <property name="_color" class="ptolemy.actor.gui.ColorAttribute" value="{0.0, 0.0, 1.0, 1.0}">
            </property>
        </property>
        <property name="_smallIconDescription" class="ptolemy.kernel.util.SingletonConfigurableAttribute">
        </property>
        <property name="_editorFactory" class="ptolemy.vergil.toolbox.VisibleParameterEditorFactory">
        </property>
        <property name="_location" class="ptolemy.kernel.util.Location" value="[80.0, 115.0]">
        </property>
    </property>
    <property name="Annotation3" class="ptolemy.vergil.kernel.attributes.TextAttribute">
        <property name="textSize" class="ptolemy.data.expr.Parameter" value="12">
        </property>
        <property name="textColor" class="ptolemy.actor.gui.ColorAttribute" value="{0.6,0.6,0.6,1.0}">
        </property>
        <property name="text" class="ptolemy.kernel.util.StringAttribute" value="Authors: Janette Cardoso &amp; Cl�ment Michel">
        </property>
        <property name="_location" class="ptolemy.kernel.util.Location" value="[140.0, 335.0]">
        </property>
    </property>
    <property name="hlaTimeStep" class="ptolemy.data.expr.Parameter" value="1">
        <property name="_hideName" class="ptolemy.kernel.util.SingletonAttribute">
        </property>
        <property name="_icon" class="ptolemy.vergil.icon.ValueIcon">
            <property name="_color" class="ptolemy.actor.gui.ColorAttribute" value="{0.0, 0.0, 1.0, 1.0}">
            </property>
        </property>
        <property name="_smallIconDescription" class="ptolemy.kernel.util.SingletonConfigurableAttribute">
        </property>
        <property name="_editorFactory" class="ptolemy.vergil.toolbox.VisibleParameterEditorFactory">
        </property>
        <property name="_location" class="ptolemy.kernel.util.Location" value="[210.0, 125.0]">
        </property>
    </property>
</entity>




==== $PTII/ptolemy/configs/test/validDemos.tcl: validDemos-18 Validating parse of /home/travis/build/icyphy/ptII/ptolemy/configs/test/../../../org/hlacerti/demo/IntegrationTests/TimeAdvancing2FederatesIntervalEvents/testTimeAdvancingF1.xml after removing configure
==== Contents of test case:

	    set errMsg {}
	    if [catch {java::call ptolemy.configs.test.ValidatingXMLParser parse $filename} errMsg] {
		puts "Could not parse $modelPath, file $filename was"
		# Print out the contents of the failed file.
		# A common failure is a version control system conflict.
		set fp [open $filename r]
		puts [read $fp]
		close $fp
	    }

	    list $errMsg
	
==== Result was:
{com.sun.org.apache.xerces.internal.impl.io.MalformedByteSequenceException: Invalid byte 2 of 3-byte UTF-8 sequence.}
---- Result should have been:
{}
---- validDemos-18 FAILED
...............................................................................................................................................................................................................................................................................................................................................................................................................................................................................................................................................................................................................................................................................................................................................................Checked 753 demos from configs/doc/models.txt
04/19/18 06:12:26
Failed: 39  Total Tests: 3739  ((Passed: 3700, Newly Passed: 0)  Known Failed: 0) /home/travis/build/icyphy/ptII/ptolemy/configs/test
No auto/knownFailedTests/*.xml tests in /home/travis/build/icyphy/ptII/ptolemy/configs/test
No auto/*.xml tests in /home/travis/build/icyphy/ptII/ptolemy/configs/test
AutoTests.java: About to close Vertx.
AutoTests.java: Vertx closed.
No auto/*.xml tests in /home/travis/build/icyphy/ptII/ptolemy/configs/test
AutoTests.java: About to close Vertx.
AutoTests.java: Vertx closed.
]]></system-out>
  <system-err><![CDATA[java.lang.Exception: Evaluating the Tcl file "/home/travis/build/icyphy/ptII/ptolemy/configs/test/allConfigs.tcl"resulted in a TclException being thrown.
The Tcl errorInfo global variable has the value:
com.microstar.xml.XmlException: XML element "entity" triggers exception. in file:/home/travis/build/icyphy/ptII/ptolemy/configs/viptos/configuration.xml at line 62 and column 73
Caused by:
 ptolemy.kernel.util.IllegalActionException: Cannot find class: ptolemy.domains.ptinyos.kernel.NCCompositeActor. In Ptolemy, classes are typically Java .class files. Entities like actors may instead be defined within a .xml file.  In any case, the class was not found. If the class uses a third party package, then the class would be present only if the third party package was found at compile time.  It may be necessary to upgrade Java or install the third party package, reconfigure and recompile.
Because:
-- /home/travis/build/icyphy/ptII/ptolemy/configs/viptos/ptolemy/domains/ptinyos/kernel/NCCompositeActor.xml (No such file or directory)
-- XML file not found relative to classpath.
-- /home/travis/build/icyphy/ptII/ptolemy/configs/test/ptolemy/domains/ptinyos/kernel/NCCompositeActor.xml
/home/travis/build/icyphy/ptII/ptolemy/configs/test/ptolemy/domains/ptinyos/kernel/NCCompositeActor.xml (No such file or directory)
 in file:/home/travis/build/icyphy/ptII/ptolemy/configs/viptos/configuration.xml at line 62 and column 73
    while executing
"$parser {parse java.net.URL java.net.URL} $URL $URL"
    invoked from within
"set object [$parser {parse java.net.URL java.net.URL} $URL $URL]"
    ("foreach" body line 68)
    invoked from within
"foreach i $configs {

    
    if {[regexp "jxta/" $i] == 1} {
	puts "Skipping $i, running vergil -jxta brings up a window"
	continue
    }

    puts ..."
    (file "/home/travis/build/icyphy/ptII/ptolemy/configs/test/allConfigs.tcl" line 157)
	at ptolemy.util.test.junit.TclTests.RunTclFile(TclTests.java:253)
	at sun.reflect.NativeMethodAccessorImpl.invoke0(Native Method)
	at sun.reflect.NativeMethodAccessorImpl.invoke(NativeMethodAccessorImpl.java:62)
	at sun.reflect.DelegatingMethodAccessorImpl.invoke(DelegatingMethodAccessorImpl.java:43)
	at java.lang.reflect.Method.invoke(Method.java:498)
	at org.junit.runners.model.FrameworkMethod$1.runReflectiveCall(FrameworkMethod.java:44)
	at org.junit.internal.runners.model.ReflectiveCallable.run(ReflectiveCallable.java:15)
	at org.junit.runners.model.FrameworkMethod.invokeExplosively(FrameworkMethod.java:41)
	at junitparams.internal.InvokeParameterisedMethod.evaluate(InvokeParameterisedMethod.java:102)
	at junitparams.internal.ParameterisedTestMethodRunner.runMethodInvoker(ParameterisedTestMethodRunner.java:47)
	at junitparams.internal.ParameterisedTestMethodRunner.runTestMethod(ParameterisedTestMethodRunner.java:41)
	at junitparams.internal.ParameterisedTestClassRunner.runParameterisedTest(ParameterisedTestClassRunner.java:143)
	at junitparams.JUnitParamsRunner.runChild(JUnitParamsRunner.java:237)
	at junitparams.JUnitParamsRunner.runChild(JUnitParamsRunner.java:215)
	at org.junit.runners.ParentRunner$3.run(ParentRunner.java:193)
	at org.junit.runners.ParentRunner$1.schedule(ParentRunner.java:52)
	at org.junit.runners.ParentRunner.runChildren(ParentRunner.java:191)
	at org.junit.runners.ParentRunner.access$000(ParentRunner.java:42)
	at org.junit.runners.ParentRunner$2.evaluate(ParentRunner.java:184)
	at org.junit.internal.runners.statements.RunAfters.evaluate(RunAfters.java:31)
	at org.junit.runners.ParentRunner.run(ParentRunner.java:236)
	at org.junit.runners.Suite.runChild(Suite.java:128)
	at org.junit.runners.Suite.runChild(Suite.java:24)
	at org.junit.runners.ParentRunner$3.run(ParentRunner.java:193)
	at org.junit.runners.ParentRunner$1.schedule(ParentRunner.java:52)
	at org.junit.runners.ParentRunner.runChildren(ParentRunner.java:191)
	at org.junit.runners.ParentRunner.access$000(ParentRunner.java:42)
	at org.junit.runners.ParentRunner$2.evaluate(ParentRunner.java:184)
	at org.junit.runners.ParentRunner.run(ParentRunner.java:236)
	at junit.framework.JUnit4TestAdapter.run(JUnit4TestAdapter.java:39)
	at org.apache.tools.ant.taskdefs.optional.junit.JUnitTestRunner.run(JUnitTestRunner.java:535)
	at org.apache.tools.ant.taskdefs.optional.junit.JUnitTestRunner.launch(JUnitTestRunner.java:1182)
	at org.apache.tools.ant.taskdefs.optional.junit.JUnitTestRunner.main(JUnitTestRunner.java:1033)
]]></system-err>
</testsuite>
