<?xml version="1.0" encoding="UTF-8" ?>
<testsuite errors="0" failures="0" hostname="travis-job-32b2844a-287a-4469-8f32-6077b32adf88" name="ptolemy.vergil.basic.export.test.junit.ExportModelJUnitTestBatch1" skipped="0" tests="150" time="1814.752" timestamp="2018-05-12T02:22:42">
  <properties>
    <property name="npm.executable" value="npm" />
    <property name="file.encoding.pkg" value="sun.io" />
    <property name="env.PT_TRAVIS_TEST_EXPORT1_XML" value="true" />
    <property name="ptII.mk.exists" value="true" />
    <property name="env.rvm_bin_path" value="/home/travis/.rvm/bin" />
    <property name="java.home" value="/usr/lib/jvm/java-8-oracle/jre" />
    <property name="env.TRAVIS_JOB_NUMBER" value="431.11" />
    <property name="env.DISPLAY" value=":99.0" />
    <property name="java.net.preferIPv4Stack" value="true" />
    <property name="env.SSH_TTY" value="/dev/pts/0" />
    <property name="env.RUN_TESTS" value="true" />
    <property name="timeout.short" value="1000000" />
    <property name="env.TRAVIS_STACK_NODE_ATTRIBUTES" value="/.node-attributes.yml" />
    <property name="junit.formatter" value="xml" />
    <property name="java.endorsed.dirs" value="/usr/lib/jvm/java-8-oracle/jre/lib/endorsed" />
    <property name="env.TRAVIS_SUDO" value="true" />
    <property name="env.LOGNAME" value="travis" />
    <property name="jsdoc.home" value="node_modules/@terraswarm/jsdoc" />
    <property name="debuglevel" value="source,lines,vars" />
    <property name="checkstyle.formatter" value="xml" />
    <property name="bin.vergil.makeable" value="true" />
    <property name="env._system_version" value="14.04" />
    <property name="sun.os.patch.level" value="unknown" />
    <property name="java.vendor.url" value="http://java.oracle.com/" />
    <property name="java.version" value="1.8.0_151" />
    <property name="env.TZ" value="UTC" />
    <property name="env.PT_NO_NET" value="true" />
    <property name="env.TRAVIS_PULL_REQUEST_SHA" value="" />
    <property name="env.TRAVIS_SECURE_ENV_VARS" value="true" />
    <property name="env._system_type" value="Linux" />
    <property name="java.vendor.url.bug" value="http://bugreport.sun.com/bugreport/" />
    <property name="env.SSH_CLIENT" value="10.10.16.12 40204 22" />
    <property name="env.GEM_HOME" value="/home/travis/.rvm/gems/ruby-2.4.1" />
    <property name="env.HAS_ANTARES_THREE_LITTLE_FRONZIES_BADGE" value="true" />
    <property name="env.PS4" value="+" />
    <property name="ant.project.invoked-targets" value="build,test.export1.xml" />
    <property name="env.TRAVIS_PULL_REQUEST_BRANCH" value="" />
    <property name="env.TRAVIS_REPO_SLUG" value="icyphy/ptII" />
    <property name="node.in.path" value="true" />
    <property name="java.maxmemory" value="1400m" />
    <property name="env.RUBY_VERSION" value="ruby-2.4.1" />
    <property name="user.name" value="travis" />
    <property name="env.LANG" value="en_US.UTF-8" />
    <property name="sun.io.unicode.encoding" value="UnicodeLittle" />
    <property name="sun.jnu.encoding" value="UTF-8" />
    <property name="java.runtime.name" value="Java(TM) SE Runtime Environment" />
    <property name="usefile" value="false" />
    <property name="return.code" value="0" />
    <property name="junit.single.formatter" value="plain" />
    <property name="env.DYLD_LIBRARY_PATH" value="/home/travis/pthla/certi-tools/lib:" />
    <property name="env.DEBIAN_FRONTEND" value="noninteractive" />
    <property name="env.SSH_CONNECTION" value="10.10.16.12 40204 10.20.0.22 22" />
    <property name="env.MYSQL_UNIX_PORT" value="/var/run/mysqld/mysqld.sock" />
    <property name="env.TRAVIS_ALLOW_FAILURE" value="false" />
    <property name="env.LC_ALL" value="en_US.UTF-8" />
    <property name="java.specification.name" value="Java Platform API Specification" />
    <property name="node.works" value="true" />
    <property name="user.timezone" value="" />
    <property name="path.separator" value=":" />
    <property name="env.PYTHON_CFLAGS" value="-g -fstack-protector --param=ssp-buffer-size=4 -Wformat -Werror=format-security" />
    <property name="timeout.long" value="4000000" />
    <property name="env.CERTI_HOME" value="/home/travis/pthla/certi-tools" />
    <property name="file.encoding" value="UTF-8" />
    <property name="ant.file.ptII" value="/home/travis/build/icyphy/ptII/build.xml" />
    <property name="javadoc.packagenames" value="com.*,diva.*,lbnl.*,org.hlacerti.*,org.json.*,org.ptolemy.*,org.terraswarm.*,ptolemy.*,ptserver.*" />
    <property name="env.TRAVIS_PULL_REQUEST_SLUG" value="" />
    <property name="ant.project.default-target" value="build" />
    <property name="env.GIT_ASKPASS" value="echo" />
    <property name="env.HOME" value="/home/travis" />
    <property name="sun.java.command" value="org.apache.tools.ant.taskdefs.optional.junit.JUnitTestRunner ptolemy.vergil.basic.export.test.junit.ExportModelJUnitTestBatch1 skipNonTests=false filtertrace=true haltOnError=false haltOnFailure=false formatter=org.apache.tools.ant.taskdefs.optional.junit.OutErrSummaryJUnitResultFormatter showoutput=true outputtoformatters=true logfailedtests=true threadid=0 logtestlistenerevents=false formatter=org.apache.tools.ant.taskdefs.optional.junit.XMLJUnitResultFormatter,/home/travis/build/icyphy/ptII/reports/junit/TEST-ptolemy.vergil.basic.export.test.junit.ExportModelJUnitTestBatch1.xml crashfile=/home/travis/build/icyphy/ptII/junitvmwatcher4162299181151982006.properties propsfile=/home/travis/build/icyphy/ptII/junit3003426996111554329.properties" />
    <property name="env.MANPATH" value="/home/travis/.nvm/versions/node/v7.10.1/share/man:/home/travis/.kiex/elixirs/elixir-1.4.5/man:/home/travis/.rvm/rubies/ruby-2.4.1/share/man:/usr/local/man:/usr/local/cmake-3.9.2/man:/usr/local/clang-5.0.0/share/man:/usr/local/share/man:/usr/share/man:/home/travis/.rvm/man" />
    <property name="env.COMPOSER_NO_INTERACTION" value="1" />
    <property name="env.JDK_SWITCHER_DEFAULT" value="oraclejdk8" />
    <property name="ant.file" value="/home/travis/build/icyphy/ptII/build.xml" />
    <property name="env.TRAVIS_COMMIT_RANGE" value="b842375bb80a53582dc8dd2f6ba0f7cd8be616f6...28462d300285c1a2089a238bd59726a1054bf339" />
    <property name="env._system_name" value="Ubuntu" />
    <property name="timeout" value="2400000" />
    <property name="ptII.classpath.optional.property" value="/home/travis/build/icyphy/ptII/lib/bsh-2.0b4.jar:/home/travis/build/icyphy/ptII/lib/ptCal.jar:/home/travis/build/icyphy/ptII/lib/java_cup.jar:/home/travis/build/icyphy/ptII/lib/saxon8.jar:/home/travis/build/icyphy/ptII/lib/saxon8-dom.jar:/home/travis/build/icyphy/ptII/lib/chic.jar:/home/travis/build/icyphy/ptII/lib/ptcolt.jar:/usr/lib/jvm/java-8-oracle/lib/tools.jar:/usr/lib/eclipse/plugins/org.eclipse.jdt.core_3.8.2.dist.jar:/usr/lib/eclipse/plugins/org.eclipse.core.runtime_3.8.0.dist.jar:/usr/lib/eclipse/plugins/org.eclipse.osgi_3.8.1.dist.jar:/usr/lib/eclipse/plugins/org.eclipse.core.resources_3.8.1.dist.jar:/usr/lib/eclipse/plugins/org.eclipse.equinox.common_3.6.100.dist.jar:/usr/lib/eclipse/plugins/org.eclipse.core.jobs_3.5.200.dist.jar:/usr/lib/eclipse/plugins/org.eclipse.core.contenttype_3.4.200.dist.jar:/usr/lib/eclipse/plugins/org.eclipse.equinox.preferences_3.5.0.dist.jar:/usr/lib/eclipse/plugins/org.eclipse.text_3.5.200.dist.jar:/usr/lib/eclipse/plugins/org.eclipse.ui.workbench_3.8.1.dist.jar:/usr/lib/eclipse/plugins/org.eclipse.jface_3.8.0.dist.jar:/usr/lib/eclipse/plugins/org.eclipse.swt_3.8.2.jar:/usr/lib/eclipse/plugins/org.eclipse.jface.text_3.8.1.dist.jar:/usr/lib/eclipse/plugins/org.eclipse.ui.workbench.texteditor_3.8.0.dist.jar:/usr/lib/eclipse/plugins/org.eclipse.ui.editors_3.8.0.dist.jar:/usr/lib/eclipse/plugins/org.eclipse.core.commands_3.6.1.dist.jar:/usr/lib/eclipse/plugins/org.eclipse.equinox.registry_3.5.200.dist.jar:/usr/lib/eclipse/plugins/org.eclipse.ui.console_3.5.100.dist.jar:/usr/lib/eclipse/plugins/org.eclipse.ui.forms_3.5.200.dist.jar:/usr/lib/eclipse/plugins/org.eclipse.ui.ide_3.8.1.dist.jar:/home/travis/build/icyphy/ptII/vendors/oracle/dbxml.jar:/home/travis/build/icyphy/ptII/vendors/oracle/db.jar:/home/travis/build/icyphy/ptII/vendors/misc/itext/iText.jar:/home/travis/build/icyphy/ptII/lib/g4ltl.jar:/home/travis/build/icyphy/ptII/lib/StructuralCoder.jar:/home/travis/build/icyphy/ptII/lib/org-openide-util.jar:/home/travis/build/icyphy/ptII/lib/org-openide-util-lookup.jar:/home/travis/build/icyphy/ptII/lib/org-netbeans-api-visual.jar:/home/travis/build/icyphy/ptII/vendors/jai-1_1_2_01/lib/jai_core.jar:/home/travis/build/icyphy/ptII/vendors/jai-1_1_2_01/lib/jai_codec.jar:/home/travis/build/icyphy/ptII/lib/jcerti.jar:/home/travis/build/icyphy/ptII/lib/smack.jar:/home/travis/build/icyphy/ptII/lib/smackx.jar:/home/travis/build/icyphy/ptII/lib/jetty-all-8.1.5-v20120716.jar:/home/travis/build/icyphy/ptII/lib/javax.servlet-api-3.0.1.jar:/home/travis/build/icyphy/ptII/lib/javax.mail.jar:/home/travis/build/icyphy/ptII/vendors/JMF-2.1.1e/lib/jmf.jar:/home/travis/build/icyphy/ptII/lib/jna-4.0.0-variadic.jar:/home/travis/build/icyphy/ptII/vendors/misc/joystick/Joystick.jar:/home/travis/build/icyphy/ptII/lib/ptjacl.jar:/home/travis/build/icyphy/ptII/lib/jsoup-1.8.2.jar:/home/travis/build/icyphy/ptII/lib/junit-4.8.2.jar:/home/travis/build/icyphy/ptII/lib/JUnitParams-0.4.0.jar:/home/travis/build/icyphy/ptII/ptolemy/actor/lib/excel/jxl.jar:/home/travis/build/icyphy/ptII/lib/jython.jar:/home/travis/build/icyphy/ptII/lib/kieler.jar:/home/travis/build/icyphy/ptII/vendors/opencv/share/OpenCV/java/opencv-341.jar:/home/travis/build/icyphy/ptII/lib/oscP5.jar:/home/travis/build/icyphy/ptII/lib/nrjavaserial-3.11.0.devel.jar:/usr/share/java/j3dcore.jar:/usr/share/java/j3dutils.jar:/usr/share/java/vecmath.jar:/home/travis/build/icyphy/ptII/ptolemy/distributed/jini/jar/jini-core.jar:/home/travis/build/icyphy/ptII/ptolemy/distributed/jini/jar/jini-ext.jar:/home/travis/build/icyphy/ptII/ptolemy/distributed/jini/jar/sun-util.jar:/home/travis/build/icyphy/ptII/lib/protobuf-java-2.4.1.jar:/home/travis/build/icyphy/ptII/lib/org.eclipse.paho.client.mqttv3.jar:/home/travis/build/icyphy/ptII/ptserver/lib/hessian-4.0.7.jar:/home/travis/build/icyphy/ptII/ptserver/lib/wmqtt.jar:/home/travis/build/icyphy/ptII/lib/mapss.jar:/home/travis/build/icyphy/ptII/ptolemy/actor/ptalon/antlr/antlr.jar:/home/travis/build/icyphy/ptII/lib/JRI.jar:/home/travis/build/icyphy/ptII/lib/commons-lang-2.6.jar:/home/travis/build/icyphy/ptII/lib/commons-logging-1.1.1.jar:/home/travis/build/icyphy/ptII/lib/sootclasses.jar:/home/travis/build/icyphy/ptII/ptolemy/actor/lib/database/mysql-connector-java-5.1.6-bin.jar:/home/travis/build/icyphy/ptII/vendors/misc/sphinx4/sphinx4-data-5prealpha.jar:/home/travis/build/icyphy/ptII/vendors/misc/sphinx4/sphinx4-core-5prealpha.jar:/home/travis/build/icyphy/ptII/lib/PDFRenderer.jar:/home/travis/build/icyphy/ptII/lib/svgSalamander.jar:/home/travis/build/icyphy/ptII/lib/rsyntaxtextarea-2.6.0-SNAPSHOT.jar:/home/travis/build/icyphy/ptII/lib/hazelcast-3.8.2.jar:/home/travis/build/icyphy/ptII/lib/jackson-annotations-2.9.0.jar:/home/travis/build/icyphy/ptII/lib/jackson-core-2.9.3.jar:/home/travis/build/icyphy/ptII/lib/jackson-databind-2.9.3.jar:/home/travis/build/icyphy/ptII/lib/netty-buffer-4.1.19.Final.jar:/home/travis/build/icyphy/ptII/lib/netty-codec-4.1.19.Final.jar:/home/travis/build/icyphy/ptII/lib/netty-codec-dns-4.1.19.Final.jar:/home/travis/build/icyphy/ptII/lib/netty-codec-http-4.1.19.Final.jar:/home/travis/build/icyphy/ptII/lib/netty-codec-http2-4.1.19.Final.jar:/home/travis/build/icyphy/ptII/lib/netty-common-4.1.19.Final.jar:/home/travis/build/icyphy/ptII/lib/netty-handler-4.1.19.Final.jar:/home/travis/build/icyphy/ptII/lib/netty-resolver-4.1.19.Final.jar:/home/travis/build/icyphy/ptII/lib/netty-resolver-dns-4.1.19.Final.jar:/home/travis/build/icyphy/ptII/lib/netty-transport-4.1.19.Final.jar:/home/travis/build/icyphy/ptII/lib/vertx-codegen-3.5.1.jar:/home/travis/build/icyphy/ptII/lib/vertx-core-3.5.2-SNAPSHOT.jar:/home/travis/build/icyphy/ptII/lib/vertx-hazelcast-3.5.1.jar:/home/travis/build/icyphy/ptII/lib/vertx-lang-js-3.5.1.jar:/home/travis/build/icyphy/ptII/lib/vertx-service-proxy-3.5.1.jar:/home/travis/build/icyphy/ptII/lib/vertx-web-3.5.1.jar:/home/travis/build/icyphy/ptII/lib/slf4j-api-1.7.13.jar:/home/travis/build/icyphy/ptII/lib/slf4j-simple-1.7.13.jar:/home/travis/build/icyphy/ptII/lib/webcam-capture-0.3.12.jar:/home/travis/build/icyphy/ptII/lib/bridj-0.7.0.jar:/home/travis/build/icyphy/ptII/lib/xbjlib-1.1.0.nrjavaserial.jar" />
    <property name="test.batch" value="**/junit/*.java" />
    <property name="env._" value="/usr/bin/timeout" />
    <property name="java.io.tmpdir" value="/tmp" />
    <property name="user.language" value="en" />
    <property name="env.HISTCONTROL" value="ignoredups:ignorespace" />
    <property name="env.GOROOT" value="/home/travis/.gimme/versions/go1.7.4.linux.amd64" />
    <property name="line.separator" value="&#xa;" />
    <property name="target" value="1.8" />
    <property name="env.TRAVIS_BUILD_DIR" value="/home/travis/build/icyphy/ptII" />
    <property name="env.ANT_OPTS" value="-Xmx2048m" />
    <property name="ant.file.type" value="file" />
    <property name="ptolemy.ptII.batchMode" value="true" />
    <property name="env.HISTSIZE" value="1000" />
    <property name="env.MERB_ENV" value="test" />
    <property name="java.vm.info" value="mixed mode" />
    <property name="source" value="1.8" />
    <property name="java.vm.specification.name" value="Java Virtual Machine Specification" />
    <property name="env.TRAVIS_TEST_RESULT" value="0" />
    <property name="jsdoc.command" value="node_modules/@terraswarm/jsdoc/jsdoc.js" />
    <property name="npm.works" value="true" />
    <property name="cobertura.dir" value="/home/travis/build/icyphy/ptII/vendors/cobertura-2.0.3" />
    <property name="env.rvm_path" value="/home/travis/.rvm" />
    <property name="env.GEM_PATH" value="/home/travis/.rvm/gems/ruby-2.4.1:/home/travis/.rvm/gems/ruby-2.4.1@global" />
    <property name="env.LC_CTYPE" value="en_US.UTF-8" />
    <property name="java.awt.printerjob" value="sun.print.PSPrinterJob" />
    <property name="env.TRAVIS_STACK_NAME" value="garnet" />
    <property name="ant.version" value="Apache Ant(TM) version 1.10.1 compiled on February 2 2017" />
    <property name="ptII.reports" value="/home/travis/build/icyphy/ptII/reports" />
    <property name="env.TRAVIS_STACK_TIMESTAMP" value="2017-12-05 19:33:09 UTC" />
    <property name="ant.file.type.ptII" value="file" />
    <property name="env.RBENV_SHELL" value="bash" />
    <property name="os.name" value="Linux" />
    <property name="java.specification.vendor" value="Oracle Corporation" />
    <property name="env.rvm_version" value="1.29.3 (latest)" />
    <property name="env.TERM" value="xterm" />
    <property name="java.vm.name" value="Java HotSpot(TM) 64-Bit Server VM" />
    <property name="env.TRAVIS_BUILD_NUMBER" value="431" />
    <property name="env.CI" value="true" />
    <property name="java.library.path" value="/home/travis/pthla/certi-tools/lib:/usr/lib/jni:/usr/local/share/OpenCV/java/:/usr/share/OpenCV/java::/usr/java/packages/lib/amd64:/usr/lib64:/lib64:/lib:/usr/lib" />
    <property name="env.rvm_prefix" value="/home/travis" />
    <property name="env.PATH" value="/home/travis/pthla/certi-tools/share/scripts:/home/travis/.rvm/gems/ruby-2.4.1/bin:/home/travis/.rvm/gems/ruby-2.4.1@global/bin:/home/travis/.rvm/rubies/ruby-2.4.1/bin:/home/travis/.rvm/bin:/home/travis/.nvm/versions/node/v7.10.1/bin:./node_modules/.bin:/home/travis/build/icyphy/ptII/bin:/home/travis/pthla/certi-tools/bin:/home/travis/bin:/home/travis/.local/bin:/opt/pyenv/shims:/home/travis/.phpenv/shims:/home/travis/perl5/perlbrew/bin:/home/travis/.kiex/elixirs/elixir-1.4.5/bin:/home/travis/.kiex/bin:/home/travis/gopath/bin:/home/travis/.gimme/versions/go1.7.4.linux.amd64/bin:/usr/local/phantomjs/bin:/usr/local/phantomjs:/usr/local/neo4j-3.2.7/bin:/usr/local/maven-3.5.2/bin:/usr/local/cmake-3.9.2/bin:/usr/local/clang-5.0.0/bin:/usr/local/sbin:/usr/local/bin:/usr/sbin:/usr/bin:/sbin:/bin:/home/travis/.phpenv/bin:/opt/pyenv/bin:/home/travis/.yarn/bin" />
    <property name="env.TRAVIS_OS_NAME" value="linux" />
    <property name="ant.java.version" value="1.8" />
    <property name="basedir" value="/home/travis/build/icyphy/ptII" />
    <property name="java.class.version" value="52.0" />
    <property name="env.SHLVL" value="3" />
    <property name="env.LD_LIBRARY_PATH" value="/home/travis/pthla/certi-tools/lib:/usr/lib/jni:/usr/local/share/OpenCV/java/:/usr/share/OpenCV/java:" />
    <property name="env.RACK_ENV" value="test" />
    <property name="ant.home" value="/home/travis/build/icyphy/ptII/ant" />
    <property name="env.NVM_DIR" value="/home/travis/.nvm" />
    <property name="env.PERLBREW_BASHRC_VERSION" value="0.80" />
    <property name="env.CERTI_FOM_PATH" value="/home/travis/pthla/certi-tools/share/federations" />
    <property name="env.TRAVIS_BUILD_ID" value="377971233" />
    <property name="env.PYENV_ROOT" value="/opt/pyenv" />
    <property name="env.TRAVIS_UID" value="2000" />
    <property name="env.rvm_pretty_print_flag" value="auto" />
    <property name="env.NVM_BIN" value="/home/travis/.nvm/versions/node/v7.10.1/bin" />
    <property name="env.TRAVIS_COMMIT" value="28462d300285c1a2089a238bd59726a1054bf339" />
    <property name="env._system_arch" value="x86_64" />
    <property name="node.executable" value="node" />
    <property name="sun.boot.library.path" value="/usr/lib/jvm/java-8-oracle/jre/lib/amd64" />
    <property name="sun.management.compiler" value="HotSpot 64-Bit Tiered Compilers" />
    <property name="env.GOPATH" value="/home/travis/gopath" />
    <property name="java.awt.graphicsenv" value="sun.awt.X11GraphicsEnvironment" />
    <property name="ptolemy.ptII.dir" value="/home/travis/build/icyphy/ptII" />
    <property name="env.USER" value="travis" />
    <property name="env.HISTFILESIZE" value="2000" />
    <property name="timeout.longest" value="19000000" />
    <property name="env.TRAVIS_STACK_FEATURES" value="basic cassandra chromium couchdb disabled-ipv6 docker docker-compose elasticsearch firefox go-toolchain google-chrome jdk memcached mongodb mysql neo4j nodejs_interpreter perl_interpreter perlbrew phantomjs postgresql python_interpreter rabbitmq redis riak ruby_interpreter sqlite xserver" />
    <property name="env.TRAVIS_PULL_REQUEST" value="false" />
    <property name="env.PYENV_SHELL" value="bash" />
    <property name="ant.project.name" value="ptII" />
    <property name="java.vm.specification.version" value="1.8" />
    <property name="env.CERTI_VERSION" value="4.0.0" />
    <property name="env.NLSPATH" value="/usr/dt/lib/nls/msg/%L/%N.cat" />
    <property name="env.CERTI_HOST" value="localhost" />
    <property name="awt.toolkit" value="sun.awt.X11.XToolkit" />
    <property name="env.MY_RUBY_HOME" value="/home/travis/.rvm/rubies/ruby-2.4.1" />
    <property name="sun.cpu.isalist" value="" />
    <property name="java.ext.dirs" value="/usr/lib/jvm/java-8-oracle/jre/lib/ext:/usr/java/packages/lib/ext" />
    <property name="os.version" value="4.4.0-101-generic" />
    <property name="user.home" value="/home/travis" />
    <property name="env.MIX_ARCHIVES" value="/home/travis/.kiex/mix/elixir-1.4.5" />
    <property name="java.vm.vendor" value="Oracle Corporation" />
    <property name="env.TRAVIS_TAG" value="nightly" />
    <property name="env.TRAVIS_FILTERED" value="redirect_io" />
    <property name="env.PTII" value="/home/travis/build/icyphy/ptII" />
    <property name="env.JAVA_HOME" value="/usr/lib/jvm/java-8-oracle" />
    <property name="javadoc.excludepackagenames" value="adm.cvs2svn.*,build.*,config.*,doc.coding.templates.*,jni.test.jni.meaningOfLife.*,jni.test.jni.testDeux.*,jni.test.jni.testTrois.*,org.terraswarm.accessor.accessors.web.node_modules.*,org.terraswarm.accessor.accessors.web.hosts.cordova.demo.*,org.terraswarm.accessor.accessors.web.hosts.cordova.plugins.*,org.terraswarm.accessor.accessors-svn.*,pt-modules.*,ptolemy.apps.agilent.*,ptolemy.apps.anytimecontrol.*,ptolemy.apps.apes.*,ptolemy.apps.charon.*,ptolemy.apps.crazyboard.*,ptolemy.apps.eclipse.*,ptolemy.apps.etherealSting.*,ptolemy.apps.fullscreen.*,ptolemy.apps.giotto.*,ptolemy.apps.ia.*,ptolemy.apps.interfaces.*,ptolemy.apps.jmf.*,ptolemy.apps.kurt.*,ptolemy.apps.kvm.*,ptolemy.apps.lego.*,ptolemy.apps.lejos.*,ptolemy.apps.midp.*,ptolemy.apps.mobileCoding.*,ptolemy.apps.pendulum.*,ptolemy.apps.rijndael.*,ptolemy.apps.robot.*,ptolemy.apps.security.*,ptolemy.apps.sobel.*,ptolemy.apps.soot.*,ptolemy.apps.throttle.*,ptolemy.apps.tini.*,ptolemy.apps.transmission.*,ptolemy.apps.vergil.*,ptolemy.apps.waba.*,ptolemy.apps.websensor.*,ptolemy.apps.webstart.*,ptolemy.apps.xsl.*,ptolemy.apps.zaurus.*,ptolemy.backtrack.eclipse.plugin.*,ptolemy.backtrack.test.*,ptolemy.codegen.c.actor.lib.oldJavaFiles.*,ptolemy.codegen.dsp.lib.*,ptolemy.codegen.kernel.newInterfaces.*,ptolemy.codegen.lib.*,ptolemy.copernicus.kernel.fragment.*,ptolemy.copernicus.shallow.cg.*,ptolemy.domains.giotto.demo.Hierarchy.Hierarchy.*,ptolemy.domains.giotto.demo.Multimode.Multimode.*,ptolemy.domains.giotto.demo.Simple.Simple.*,ptolemy.domains.gr.lib.experimental.*,ptolemy.domains.gro.*,ptolemy.domains.pdf.*,ptolemy.domains.ptinyos.demo.Surge.output.*,ptolemy.moml.test.NoPackageActor.java*,ptolemy.plot.adm.*,ptolemy.plot.servlet.*,reports.*,signed.*,src.*,target.*,vendors.*,ptolemy.cg.adapter.generic.program.procedural.c.mbed*,ptolemy.actor.lib.fmi.fmus.omc*,ptolemy.domains.openmodelica*,ptdb.kernel.bl.save.test.*,ptdb.kernel.bl.load.test.*,ptdb.kernel.bl.search.test.*,ptdb.kernel.bl.migration.test.*,ptdb.kernel.database.test.*,ptdb.test.*,ptdb.gui.test.*,org.ptolemy.scala.*,diva.util.java2d.svg.*,ptolemy.domains.ptinyos.*,ptolemy.actor.lib.fmi.fmipp.*,,org.terraswarm.accessor.accessors.web.node_modules.*,org.terraswarm.accessor.accessors-svn,ptolemy.actor.ptalon.demo.ptinyos.SendAndReceiveCnt.output,ptolemy.actor.ptalon.demo.ptinyos.SenseToLeds.output,ptolemy.domains.ptinyos.demo.CntToLedsAndRfm.output,ptolemy.domains.ptinyos.demo.RfmToLeds.output,ptolemy.domains.ptinyos.demo.SendAndReceiveCnt.output,ptolemy.domains.ptinyos.demo.SenseToLeds.output" />
    <property name="env.TRAVIS_COMMIT_MESSAGE" value="Set connectTimeout to 20000 ms." />
    <property name="env.XDG_SESSION_ID" value="2" />
    <property name="keystore" value="ptKeystore" />
    <property name="junit.output.dir" value="/home/travis/build/icyphy/ptII/reports/junit" />
    <property name="npm.return.code" value="0" />
    <property name="user.dir" value="/home/travis/build/icyphy/ptII/ptolemy/vergil/basic/export/test" />
    <property name="env.XFILESEARCHPATH" value="/usr/dt/app-defaults/%L/Dt" />
    <property name="env.TRAVIS_NODE_VERSION" value="7" />
    <property name="env.TRAVIS_EVENT_TYPE" value="cron" />
    <property name="env.MAIL" value="/var/mail/travis" />
    <property name="env.PWD" value="/home/travis/build/icyphy/ptII" />
    <property name="env.PERLBREW_ROOT" value="/home/travis/perl5/perlbrew" />
    <property name="timeout.npm" value="45000" />
    <property name="env.PAGER" value="cat" />
    <property name="sun.cpu.endian" value="little" />
    <property name="env.TRAVIS_BUILD_STAGE_NAME" value="Test" />
    <property name="env.PERLBREW_HOME" value="/home/travis/.perlbrew" />
    <property name="env.RAILS_ENV" value="test" />
    <property name="java.vm.version" value="25.151-b12" />
    <property name="java.class.path" value="/home/travis/build/icyphy/ptII:/home/travis/build/icyphy/ptII/lib/bsh-2.0b4.jar:/home/travis/build/icyphy/ptII/lib/ptCal.jar:/home/travis/build/icyphy/ptII/lib/java_cup.jar:/home/travis/build/icyphy/ptII/lib/saxon8.jar:/home/travis/build/icyphy/ptII/lib/saxon8-dom.jar:/home/travis/build/icyphy/ptII/lib/chic.jar:/home/travis/build/icyphy/ptII/lib/ptcolt.jar:/usr/lib/jvm/java-8-oracle/lib/tools.jar:/usr/lib/eclipse/plugins/org.eclipse.jdt.core_3.8.2.dist.jar:/usr/lib/eclipse/plugins/org.eclipse.core.runtime_3.8.0.dist.jar:/usr/lib/eclipse/plugins/org.eclipse.osgi_3.8.1.dist.jar:/usr/lib/eclipse/plugins/org.eclipse.core.resources_3.8.1.dist.jar:/usr/lib/eclipse/plugins/org.eclipse.equinox.common_3.6.100.dist.jar:/usr/lib/eclipse/plugins/org.eclipse.core.jobs_3.5.200.dist.jar:/usr/lib/eclipse/plugins/org.eclipse.core.contenttype_3.4.200.dist.jar:/usr/lib/eclipse/plugins/org.eclipse.equinox.preferences_3.5.0.dist.jar:/usr/lib/eclipse/plugins/org.eclipse.text_3.5.200.dist.jar:/usr/lib/eclipse/plugins/org.eclipse.ui.workbench_3.8.1.dist.jar:/usr/lib/eclipse/plugins/org.eclipse.jface_3.8.0.dist.jar:/usr/lib/eclipse/plugins/org.eclipse.swt_3.8.2.jar:/usr/lib/eclipse/plugins/org.eclipse.jface.text_3.8.1.dist.jar:/usr/lib/eclipse/plugins/org.eclipse.ui.workbench.texteditor_3.8.0.dist.jar:/usr/lib/eclipse/plugins/org.eclipse.ui.editors_3.8.0.dist.jar:/usr/lib/eclipse/plugins/org.eclipse.core.commands_3.6.1.dist.jar:/usr/lib/eclipse/plugins/org.eclipse.equinox.registry_3.5.200.dist.jar:/usr/lib/eclipse/plugins/org.eclipse.ui.console_3.5.100.dist.jar:/usr/lib/eclipse/plugins/org.eclipse.ui.forms_3.5.200.dist.jar:/usr/lib/eclipse/plugins/org.eclipse.ui.ide_3.8.1.dist.jar:/home/travis/build/icyphy/ptII/vendors/oracle/dbxml.jar:/home/travis/build/icyphy/ptII/vendors/oracle/db.jar:/home/travis/build/icyphy/ptII/vendors/misc/itext/iText.jar:/home/travis/build/icyphy/ptII/lib/g4ltl.jar:/home/travis/build/icyphy/ptII/lib/StructuralCoder.jar:/home/travis/build/icyphy/ptII/lib/org-openide-util.jar:/home/travis/build/icyphy/ptII/lib/org-openide-util-lookup.jar:/home/travis/build/icyphy/ptII/lib/org-netbeans-api-visual.jar:/home/travis/build/icyphy/ptII/vendors/jai-1_1_2_01/lib/jai_core.jar:/home/travis/build/icyphy/ptII/vendors/jai-1_1_2_01/lib/jai_codec.jar:/home/travis/build/icyphy/ptII/lib/jcerti.jar:/home/travis/build/icyphy/ptII/lib/smack.jar:/home/travis/build/icyphy/ptII/lib/smackx.jar:/home/travis/build/icyphy/ptII/lib/jetty-all-8.1.5-v20120716.jar:/home/travis/build/icyphy/ptII/lib/javax.servlet-api-3.0.1.jar:/home/travis/build/icyphy/ptII/lib/javax.mail.jar:/home/travis/build/icyphy/ptII/vendors/JMF-2.1.1e/lib/jmf.jar:/home/travis/build/icyphy/ptII/lib/jna-4.0.0-variadic.jar:/home/travis/build/icyphy/ptII/vendors/misc/joystick/Joystick.jar:/home/travis/build/icyphy/ptII/lib/ptjacl.jar:/home/travis/build/icyphy/ptII/lib/jsoup-1.8.2.jar:/home/travis/build/icyphy/ptII/lib/junit-4.8.2.jar:/home/travis/build/icyphy/ptII/lib/JUnitParams-0.4.0.jar:/home/travis/build/icyphy/ptII/ptolemy/actor/lib/excel/jxl.jar:/home/travis/build/icyphy/ptII/lib/jython.jar:/home/travis/build/icyphy/ptII/lib/kieler.jar:/home/travis/build/icyphy/ptII/vendors/opencv/share/OpenCV/java/opencv-341.jar:/home/travis/build/icyphy/ptII/lib/oscP5.jar:/home/travis/build/icyphy/ptII/lib/nrjavaserial-3.11.0.devel.jar:/usr/share/java/j3dcore.jar:/usr/share/java/j3dutils.jar:/usr/share/java/vecmath.jar:/home/travis/build/icyphy/ptII/ptolemy/distributed/jini/jar/jini-core.jar:/home/travis/build/icyphy/ptII/ptolemy/distributed/jini/jar/jini-ext.jar:/home/travis/build/icyphy/ptII/ptolemy/distributed/jini/jar/sun-util.jar:/home/travis/build/icyphy/ptII/lib/protobuf-java-2.4.1.jar:/home/travis/build/icyphy/ptII/lib/org.eclipse.paho.client.mqttv3.jar:/home/travis/build/icyphy/ptII/ptserver/lib/hessian-4.0.7.jar:/home/travis/build/icyphy/ptII/ptserver/lib/wmqtt.jar:/home/travis/build/icyphy/ptII/lib/mapss.jar:/home/travis/build/icyphy/ptII/ptolemy/actor/ptalon/antlr/antlr.jar:/home/travis/build/icyphy/ptII/lib/JRI.jar:/home/travis/build/icyphy/ptII/lib/commons-lang-2.6.jar:/home/travis/build/icyphy/ptII/lib/commons-logging-1.1.1.jar:/home/travis/build/icyphy/ptII/lib/sootclasses.jar:/home/travis/build/icyphy/ptII/ptolemy/actor/lib/database/mysql-connector-java-5.1.6-bin.jar:/home/travis/build/icyphy/ptII/vendors/misc/sphinx4/sphinx4-data-5prealpha.jar:/home/travis/build/icyphy/ptII/vendors/misc/sphinx4/sphinx4-core-5prealpha.jar:/home/travis/build/icyphy/ptII/lib/PDFRenderer.jar:/home/travis/build/icyphy/ptII/lib/svgSalamander.jar:/home/travis/build/icyphy/ptII/lib/rsyntaxtextarea-2.6.0-SNAPSHOT.jar:/home/travis/build/icyphy/ptII/lib/hazelcast-3.8.2.jar:/home/travis/build/icyphy/ptII/lib/jackson-annotations-2.9.0.jar:/home/travis/build/icyphy/ptII/lib/jackson-core-2.9.3.jar:/home/travis/build/icyphy/ptII/lib/jackson-databind-2.9.3.jar:/home/travis/build/icyphy/ptII/lib/netty-buffer-4.1.19.Final.jar:/home/travis/build/icyphy/ptII/lib/netty-codec-4.1.19.Final.jar:/home/travis/build/icyphy/ptII/lib/netty-codec-dns-4.1.19.Final.jar:/home/travis/build/icyphy/ptII/lib/netty-codec-http-4.1.19.Final.jar:/home/travis/build/icyphy/ptII/lib/netty-codec-http2-4.1.19.Final.jar:/home/travis/build/icyphy/ptII/lib/netty-common-4.1.19.Final.jar:/home/travis/build/icyphy/ptII/lib/netty-handler-4.1.19.Final.jar:/home/travis/build/icyphy/ptII/lib/netty-resolver-4.1.19.Final.jar:/home/travis/build/icyphy/ptII/lib/netty-resolver-dns-4.1.19.Final.jar:/home/travis/build/icyphy/ptII/lib/netty-transport-4.1.19.Final.jar:/home/travis/build/icyphy/ptII/lib/vertx-codegen-3.5.1.jar:/home/travis/build/icyphy/ptII/lib/vertx-core-3.5.2-SNAPSHOT.jar:/home/travis/build/icyphy/ptII/lib/vertx-hazelcast-3.5.1.jar:/home/travis/build/icyphy/ptII/lib/vertx-lang-js-3.5.1.jar:/home/travis/build/icyphy/ptII/lib/vertx-service-proxy-3.5.1.jar:/home/travis/build/icyphy/ptII/lib/vertx-web-3.5.1.jar:/home/travis/build/icyphy/ptII/lib/slf4j-api-1.7.13.jar:/home/travis/build/icyphy/ptII/lib/slf4j-simple-1.7.13.jar:/home/travis/build/icyphy/ptII/lib/webcam-capture-0.3.12.jar:/home/travis/build/icyphy/ptII/lib/bridj-0.7.0.jar:/home/travis/build/icyphy/ptII/lib/xbjlib-1.1.0.nrjavaserial.jar:/home/travis/build/icyphy/ptII/ptolemy/moml/test:/home/travis/build/icyphy/ptII/ant/lib/ant-launcher.jar:/home/travis/build/icyphy/ptII/ant/lib/ant.jar:/home/travis/build/icyphy/ptII/ant/lib/ant-junit.jar:/home/travis/build/icyphy/ptII/ant/lib/ant-junit4.jar" />
    <property name="ant.library.dir" value="/home/travis/build/icyphy/ptII/ant/lib" />
    <property name="os.arch" value="amd64" />
    <property name="env.TRAVIS_LANGUAGE" value="node_js" />
    <property name="env.CONTINUOUS_INTEGRATION" value="true" />
    <property name="env.TRAVIS_STACK_LANGUAGES" value="__garnet__ c c++ clojure cplusplus cpp default go groovy java node_js php pure_java python ruby scala" />
    <property name="test.name" value="ptolemy.actor.lib.test.junit.JUnitTclTest" />
    <property name="sun.java.launcher" value="SUN_STANDARD" />
    <property name="env.PYTHON_CONFIGURE_OPTS" value="--enable-unicode=ucs4 --with-wide-unicode --enable-shared --enable-ipv6 --enable-loadable-sqlite-extensions --with-computed-gotos" />
    <property name="ant.core.lib" value="/home/travis/build/icyphy/ptII/ant/lib/ant.jar" />
    <property name="java.vm.specification.vendor" value="Oracle Corporation" />
    <property name="env.BCVTB_HOME" value="/home/travis/build/icyphy/ptII/lbnl" />
    <property name="file.separator" value="/" />
    <property name="java.runtime.version" value="1.8.0_151-b12" />
    <property name="spotbugs.home" value="/home/travis/build/icyphy/ptII/vendors/spotbugs-3.1.1" />
    <property name="sun.boot.class.path" value="/usr/lib/jvm/java-8-oracle/jre/lib/resources.jar:/usr/lib/jvm/java-8-oracle/jre/lib/rt.jar:/usr/lib/jvm/java-8-oracle/jre/lib/sunrsasign.jar:/usr/lib/jvm/java-8-oracle/jre/lib/jsse.jar:/usr/lib/jvm/java-8-oracle/jre/lib/jce.jar:/usr/lib/jvm/java-8-oracle/jre/lib/charsets.jar:/usr/lib/jvm/java-8-oracle/jre/lib/jfr.jar:/usr/lib/jvm/java-8-oracle/jre/classes" />
    <property name="env.HAS_JOSH_K_SEAL_OF_APPROVAL" value="true" />
    <property name="env.TRAVIS_OSX_IMAGE" value="" />
    <property name="env.XDG_RUNTIME_DIR" value="/run/user/2000" />
    <property name="env.TRAVIS_JOB_ID" value="377971244" />
    <property name="env.TRAVIS_BRANCH" value="master" />
    <property name="user.country" value="US" />
    <property name="env.CERTI_HOME_TRAVIS" value="/home/travis/pthla/certi-tools" />
    <property name="env.SHELL" value="/bin/bash" />
    <property name="java.maxmemory.large" value="5000m" />
    <property name="model" value="" />
    <property name="env.CASHER_DIR" value="/home/travis/.casher" />
    <property name="env.NVM_CD_FLAGS" value="" />
    <property name="jshint.executable" value="/home/travis/node_modules/jshint/bin/jshint" />
    <property name="java.vendor" value="Oracle Corporation" />
    <property name="env.JRUBY_OPTS" value=" --client -J-XX:+TieredCompilation -J-XX:TieredStopAtLevel=1 -J-Xss2m -Xcompile.invokedynamic=false" />
    <property name="env.TRAVIS_PRE_CHEF_BOOTSTRAP_TIME" value="2017-12-05T19:32:55" />
    <property name="env.ELIXIR_VERSION" value="1.4.5" />
    <property name="env.TRAVIS_STACK_JOB_BOARD_REGISTER" value="/.job-board-register.yml" />
    <property name="java.specification.version" value="1.8" />
    <property name="env.IRBRC" value="/home/travis/.rvm/rubies/ruby-2.4.1/.irbrc" />
    <property name="env.TRAVIS" value="true" />
    <property name="sun.arch.data.model" value="64" />
  </properties>
  <testcase classname="ptolemy.vergil.basic.export.test.junit.ExportModelJUnitTestBatch1" name="[0] lbnl/demo/MatlabRoom/MatlabRoom.xml (RunExportModel)" time="7.049" />
  <testcase classname="ptolemy.vergil.basic.export.test.junit.ExportModelJUnitTestBatch1" name="[1] lbnl/demo/SystemCommand/SystemCommand.xml (RunExportModel)" time="3.812" />
  <testcase classname="ptolemy.vergil.basic.export.test.junit.ExportModelJUnitTestBatch1" name="[2] org/hlacerti/demo/Billard/2Billes1Fed/2Billes1Fed.xml (RunExportModel)" time="8.414" />
  <testcase classname="ptolemy.vergil.basic.export.test.junit.ExportModelJUnitTestBatch1" name="[3] org/hlacerti/demo/Billard/2Billes1Fed/PoolTable2.xml (RunExportModel)" time="8.547" />
  <testcase classname="ptolemy.vergil.basic.export.test.junit.ExportModelJUnitTestBatch1" name="[4] org/hlacerti/demo/Billard/2Billes1Fed/TwoBilliardBalls.xml (RunExportModel)" time="8.924" />
  <testcase classname="ptolemy.vergil.basic.export.test.junit.ExportModelJUnitTestBatch1" name="[5] org/hlacerti/demo/Billard/2Billes2Fed/2Billes2Fed.xml (RunExportModel)" time="8.333" />
  <testcase classname="ptolemy.vergil.basic.export.test.junit.ExportModelJUnitTestBatch1" name="[6] org/hlacerti/demo/Billard/2Billes2Fed/BillardBall1.xml (RunExportModel)" time="8.49" />
  <testcase classname="ptolemy.vergil.basic.export.test.junit.ExportModelJUnitTestBatch1" name="[7] org/hlacerti/demo/Billard/2Billes2Fed/BillardBall2.xml (RunExportModel)" time="8.412" />
  <testcase classname="ptolemy.vergil.basic.export.test.junit.ExportModelJUnitTestBatch1" name="[8] org/hlacerti/demo/Billard/2Billes2Fed/BillardTable.xml (RunExportModel)" time="8.386" />
  <testcase classname="ptolemy.vergil.basic.export.test.junit.ExportModelJUnitTestBatch1" name="[9] org/hlacerti/demo/Billard/Billard.xml (RunExportModel)" time="8.162" />
  <testcase classname="ptolemy.vergil.basic.export.test.junit.ExportModelJUnitTestBatch1" name="[10] org/hlacerti/demo/f14HLA/f14HLA.xml (RunExportModel)" time="8.362" />
  <testcase classname="ptolemy.vergil.basic.export.test.junit.ExportModelJUnitTestBatch1" name="[11] org/hlacerti/demo/IntegrationTests/IntegrationTests.xml (RunExportModel)" time="8.203" />
  <testcase classname="ptolemy.vergil.basic.export.test.junit.ExportModelJUnitTestBatch1" name="[12] org/hlacerti/demo/IntegrationTests/TimeAdvancing1Federate/TimeAdvancing1Federate.xml (RunExportModel)" time="8.269" />
  <testcase classname="ptolemy.vergil.basic.export.test.junit.ExportModelJUnitTestBatch1" name="[13] org/hlacerti/demo/IntegrationTests/TimeAdvancing2Federates/testTimeAdvancingF1.xml (RunExportModel)" time="8.232" />
  <testcase classname="ptolemy.vergil.basic.export.test.junit.ExportModelJUnitTestBatch1" name="[14] org/hlacerti/demo/IntegrationTests/TimeAdvancing2Federates/testTimeAdvancingF2.xml (RunExportModel)" time="8.242" />
  <testcase classname="ptolemy.vergil.basic.export.test.junit.ExportModelJUnitTestBatch1" name="[15] org/hlacerti/demo/IntegrationTests/TimeAdvancing2Federates/TimeAdvancing2Federates.xml (RunExportModel)" time="8.226" />
  <testcase classname="ptolemy.vergil.basic.export.test.junit.ExportModelJUnitTestBatch1" name="[16] org/hlacerti/demo/IntegrationTests/TimeAdvancing2FederatesIntervalEvents/testTimeAdvancingF1.xml (RunExportModel)" time="8.246" />
  <testcase classname="ptolemy.vergil.basic.export.test.junit.ExportModelJUnitTestBatch1" name="[17] org/hlacerti/demo/IntegrationTests/TimeAdvancing2FederatesIntervalEvents/testTimeAdvancingF2InternalEvent.xml (RunExportModel)" time="8.212" />
  <testcase classname="ptolemy.vergil.basic.export.test.junit.ExportModelJUnitTestBatch1" name="[18] org/hlacerti/demo/IntegrationTests/TimeAdvancing2FederatesIntervalEvents/TimeAdvancing2FederatesIntervalEvents.xml (RunExportModel)" time="8.178" />
  <testcase classname="ptolemy.vergil.basic.export.test.junit.ExportModelJUnitTestBatch1" name="[19] org/hlacerti/demo/SynchronizeToRealTime/SynchronizeToRealTime.xml (RunExportModel)" time="8.406" />
  <testcase classname="ptolemy.vergil.basic.export.test.junit.ExportModelJUnitTestBatch1" name="[20] org/ptolemy/machineImprovisation/demo/JazzImprovisation/JazzImprovisation.xml (RunExportModel)" time="29.633" />
  <testcase classname="ptolemy.vergil.basic.export.test.junit.ExportModelJUnitTestBatch1" name="[21] org/ptolemy/machineLearning/clustering/demo/KMeans/KMeans.xml (RunExportModel)" time="4.747" />
  <testcase classname="ptolemy.vergil.basic.export.test.junit.ExportModelJUnitTestBatch1" name="[22] org/ptolemy/machineLearning/hmm/demo/CommunicationAnomalyDetectionAOM/CommunicationAnomalyDetectionAOM.xml (RunExportModel)" time="39.83" />
  <testcase classname="ptolemy.vergil.basic.export.test.junit.ExportModelJUnitTestBatch1" name="[23] org/ptolemy/machineLearning/hmm/demo/CommunicationAnomalyDetectionCQM/CommunicationAnomalyDetectionCQM.xml (RunExportModel)" time="15.898" />
  <testcase classname="ptolemy.vergil.basic.export.test.junit.ExportModelJUnitTestBatch1" name="[24] org/ptolemy/machineLearning/particleFilter/demo/MultiRobotIntruderTracking/MultiRobotIntruderTracking.xml (RunExportModel)" time="40.584" />
  <testcase classname="ptolemy.vergil.basic.export.test.junit.ExportModelJUnitTestBatch1" name="[25] org/ptolemy/machineLearning/particleFilter/demo/OnlineTrajectoryOptimization/DistributedOnlineTrajectoryOptimization.xml (RunExportModel)" time="41.774" />
  <testcase classname="ptolemy.vergil.basic.export.test.junit.ExportModelJUnitTestBatch1" name="[26] org/ptolemy/machineLearning/particleFilter/demo/OnlineTrajectoryOptimization/OnlineTrajectoryOptimization.xml (RunExportModel)" time="38.088" />
  <testcase classname="ptolemy.vergil.basic.export.test.junit.ExportModelJUnitTestBatch1" name="[27] org/ptolemy/machineLearning/particleFilter/demo/OpenLoopSingleRobotTargetLocalization/OpenLoopSingleRobotTargetLocalization.xml (RunExportModel)" time="14.391" />
  <testcase classname="ptolemy.vergil.basic.export.test.junit.ExportModelJUnitTestBatch1" name="[28] org/ptolemy/machineLearning/particleFilter/demo/OpenLoopTwoRobotTargetLocalization/JointParticleFilter.xml (RunExportModel)" time="9.3" />
  <testcase classname="ptolemy.vergil.basic.export.test.junit.ExportModelJUnitTestBatch1" name="[29] org/ptolemy/machineLearning/particleFilter/demo/OpenLoopTwoRobotTargetLocalization/OpenLoopTwoRobotTargetLocalization.xml (RunExportModel)" time="35.308" />
  <testcase classname="ptolemy.vergil.basic.export.test.junit.ExportModelJUnitTestBatch1" name="[30] org/ptolemy/machineLearning/particleFilter/demo/ParticleFilterRange/ParticleFilterRange.xml (RunExportModel)" time="14.526" />
  <testcase classname="ptolemy.vergil.basic.export.test.junit.ExportModelJUnitTestBatch1" name="[31] org/ptolemy/optimization/demo/LeastSquaresNodeLocalization/LeastSquaresNodeLocalization.xml (RunExportModel)" time="4.708" />
  <testcase classname="ptolemy.vergil.basic.export.test.junit.ExportModelJUnitTestBatch1" name="[32] org/ptolemy/optimization/demo/LinearRegression/LinearRegression.xml (RunExportModel)" time="6.591" />
  <testcase classname="ptolemy.vergil.basic.export.test.junit.ExportModelJUnitTestBatch1" name="[33] org/ptolemy/optimization/demo/SimpleOptimization/SimpleOptimization.xml (RunExportModel)" time="4.238" />
  <testcase classname="ptolemy.vergil.basic.export.test.junit.ExportModelJUnitTestBatch1" name="[34] org/ptolemy/osc/demo/OscSendReceive/OscSendReceive.xml (RunExportModel)" time="18.186" />
  <testcase classname="ptolemy.vergil.basic.export.test.junit.ExportModelJUnitTestBatch1" name="[35] org/ptolemy/ptango/demo/BlinkyLight/BlinkyLight.xml (RunExportModel)" time="3.951" />
  <testcase classname="ptolemy.vergil.basic.export.test.junit.ExportModelJUnitTestBatch1" name="[36] org/ptolemy/ptango/demo/Chat/Chat.xml (RunExportModel)" time="3.149" />
  <testcase classname="ptolemy.vergil.basic.export.test.junit.ExportModelJUnitTestBatch1" name="[37] org/ptolemy/ptango/demo/Chat/ChatClient.xml (RunExportModel)" time="3.255" />
  <testcase classname="ptolemy.vergil.basic.export.test.junit.ExportModelJUnitTestBatch1" name="[38] org/ptolemy/ptango/demo/Chat/ChatClient2.xml (RunExportModel)" time="3.209" />
  <testcase classname="ptolemy.vergil.basic.export.test.junit.ExportModelJUnitTestBatch1" name="[39] org/ptolemy/ptango/demo/Chat/ChatServer.xml (RunExportModel)" time="3.373" />
  <testcase classname="ptolemy.vergil.basic.export.test.junit.ExportModelJUnitTestBatch1" name="[40] org/ptolemy/ptango/demo/Cookies/Cookies.xml (RunExportModel)" time="3.32" />
  <testcase classname="ptolemy.vergil.basic.export.test.junit.ExportModelJUnitTestBatch1" name="[41] org/ptolemy/ptango/demo/DOPpresence/DOPpresence.xml (RunExportModel)" time="5.088" />
  <testcase classname="ptolemy.vergil.basic.export.test.junit.ExportModelJUnitTestBatch1" name="[42] org/ptolemy/ptango/demo/EPlus70Actuator/EPlus70Actuator.xml (RunExportModel)" time="4.491" />
  <testcase classname="ptolemy.vergil.basic.export.test.junit.ExportModelJUnitTestBatch1" name="[43] org/ptolemy/ptango/demo/ErrorHandler/ErrorHandler.xml (RunExportModel)" time="3.51" />
  <testcase classname="ptolemy.vergil.basic.export.test.junit.ExportModelJUnitTestBatch1" name="[44] org/ptolemy/ptango/demo/Exception/Exception.xml (RunExportModel)" time="6.942" />
  <testcase classname="ptolemy.vergil.basic.export.test.junit.ExportModelJUnitTestBatch1" name="[45] org/ptolemy/ptango/demo/Guidance/Guidance.xml (RunExportModel)" time="3.667" />
  <testcase classname="ptolemy.vergil.basic.export.test.junit.ExportModelJUnitTestBatch1" name="[46] org/ptolemy/ptango/demo/Guidance/GuidanceSingleUserWithName.xml (RunExportModel)" time="3.25" />
  <testcase classname="ptolemy.vergil.basic.export.test.junit.ExportModelJUnitTestBatch1" name="[47] org/ptolemy/ptango/demo/OccupancyAlert/OccupancyAlert.xml (RunExportModel)" time="3.956" />
  <testcase classname="ptolemy.vergil.basic.export.test.junit.ExportModelJUnitTestBatch1" name="[48] org/ptolemy/ptango/demo/OptimizationAdvisor/OptimizationAdvisor.xml (RunExportModel)" time="13.64" />
  <testcase classname="ptolemy.vergil.basic.export.test.junit.ExportModelJUnitTestBatch1" name="[49] org/ptolemy/ptango/demo/SensorAndrew/SensorAndrew.xml (RunExportModel)" time="3.815" />
  <testcase classname="ptolemy.vergil.basic.export.test.junit.ExportModelJUnitTestBatch1" name="[50] org/ptolemy/ptango/demo/SmartRoom/SmartRoom.xml (RunExportModel)" time="4.044" />
  <testcase classname="ptolemy.vergil.basic.export.test.junit.ExportModelJUnitTestBatch1" name="[51] org/ptolemy/ptango/demo/TemperatureSimulation/TemperatureSimulation.xml (RunExportModel)" time="4.233" />
  <testcase classname="ptolemy.vergil.basic.export.test.junit.ExportModelJUnitTestBatch1" name="[52] org/ptolemy/ptango/demo/UCBPower/UCBPower.xml (RunExportModel)" time="3.541" />
  <testcase classname="ptolemy.vergil.basic.export.test.junit.ExportModelJUnitTestBatch1" name="[53] org/ptolemy/ptango/demo/UCBPower/UCBPowerAnalyzerServer.xml (RunExportModel)" time="3.411" />
  <testcase classname="ptolemy.vergil.basic.export.test.junit.ExportModelJUnitTestBatch1" name="[54] org/ptolemy/ptango/demo/UCBPowerPtera/UCBPowerPtera.xml (RunExportModel)" time="6.168" />
  <testcase classname="ptolemy.vergil.basic.export.test.junit.ExportModelJUnitTestBatch1" name="[55] org/ptolemy/ptango/demo/WebServerDE/WebServerDE.xml (RunExportModel)" time="8.031" />
  <testcase classname="ptolemy.vergil.basic.export.test.junit.ExportModelJUnitTestBatch1" name="[56] org/ptolemy/qss/demo/RLC/RLC.xml (RunExportModel)" time="4.424" />
  <testcase classname="ptolemy.vergil.basic.export.test.junit.ExportModelJUnitTestBatch1" name="[57] org/ptolemy/ssm/demo/RangeLocalizationOnMap/RangeLocalizationOnMap.xml (RunExportModel)" time="37.741" />
  <testcase classname="ptolemy.vergil.basic.export.test.junit.ExportModelJUnitTestBatch1" name="[58] org/ptolemy/ssm/demo/SingleRobotTargetLocalization/SingleRobotTargetLocalization.xml (RunExportModel)" time="12.471" />
  <testcase classname="ptolemy.vergil.basic.export.test.junit.ExportModelJUnitTestBatch1" name="[59] org/ptolemy/ssm/demo/StatePrediction/StatePrediction.xml (RunExportModel)" time="12.774" />
  <testcase classname="ptolemy.vergil.basic.export.test.junit.ExportModelJUnitTestBatch1" name="[60] org/terraswarm/accessor/demo/AugmentedReality/AugmentedReality.xml (RunExportModel)" time="3.215" />
  <testcase classname="ptolemy.vergil.basic.export.test.junit.ExportModelJUnitTestBatch1" name="[61] org/terraswarm/accessor/demo/AugmentedReality/AugmentedRealityFeedback.xml (RunExportModel)" time="87.914" />
  <testcase classname="ptolemy.vergil.basic.export.test.junit.ExportModelJUnitTestBatch1" name="[62] org/terraswarm/accessor/demo/AugmentedReality/AugmentedRealityFeedbackBlee.xml (RunExportModel)" time="40.793" />
  <testcase classname="ptolemy.vergil.basic.export.test.junit.ExportModelJUnitTestBatch1" name="[63] org/terraswarm/accessor/demo/AugmentedReality/AugmentedRealityKeyValueStore.xml (RunExportModel)" time="39.971" />
  <testcase classname="ptolemy.vergil.basic.export.test.junit.ExportModelJUnitTestBatch1" name="[64] org/terraswarm/accessor/demo/AugmentedReality/AugmentedRealityVideo.xml (RunExportModel)" time="43.259" />
  <testcase classname="ptolemy.vergil.basic.export.test.junit.ExportModelJUnitTestBatch1" name="[65] org/terraswarm/accessor/demo/AugmentedRealityVideoSOHO/AugmentedRealityVideoSOHO.xml (RunExportModel)" time="40.806" />
  <testcase classname="ptolemy.vergil.basic.export.test.junit.ExportModelJUnitTestBatch1" name="[66] org/terraswarm/accessor/demo/AugmentedRealityVideoSOHO/GenerateHueAccessors.xml (RunExportModel)" time="14.87" />
  <testcase classname="ptolemy.vergil.basic.export.test.junit.ExportModelJUnitTestBatch1" name="[67] org/terraswarm/accessor/demo/AugmentedRealityVideoSOHO/GenerateLifxAccessors.xml (RunExportModel)" time="16.292" />
  <testcase classname="ptolemy.vergil.basic.export.test.junit.ExportModelJUnitTestBatch1" name="[68] org/terraswarm/accessor/demo/AugmentedRealityVideoSOHO/GenerateMQTTAccessors.xml (RunExportModel)" time="16.808" />
  <testcase classname="ptolemy.vergil.basic.export.test.junit.ExportModelJUnitTestBatch1" name="[69] org/terraswarm/accessor/demo/AugmentedRealityVideoSOHO/KeyValueStoreServerSOHO.xml (RunExportModel)" time="39.965" />
  <testcase classname="ptolemy.vergil.basic.export.test.junit.ExportModelJUnitTestBatch1" name="[70] org/terraswarm/accessor/demo/AugmentedRealityVideoSOHO/SoundServerSOHO.xml (RunExportModel)" time="39.674" />
  <testcase classname="ptolemy.vergil.basic.export.test.junit.ExportModelJUnitTestBatch1" name="[71] org/terraswarm/accessor/demo/AugmentedRealityVideoTerra/AugmentedRealityVideoTerra.xml (RunExportModel)" time="44.535" />
  <testcase classname="ptolemy.vergil.basic.export.test.junit.ExportModelJUnitTestBatch1" name="[72] org/terraswarm/accessor/demo/AugmentedRealityVideoTerra/SoundServerTerra.xml (RunExportModel)" time="40.191" />
  <testcase classname="ptolemy.vergil.basic.export.test.junit.ExportModelJUnitTestBatch1" name="[73] org/terraswarm/accessor/demo/Hue/Hue.xml (RunExportModel)" time="3.157" />
  <testcase classname="ptolemy.vergil.basic.export.test.junit.ExportModelJUnitTestBatch1" name="[74] org/terraswarm/accessor/demo/Hue/HueToggle.xml (RunExportModel)" time="38.418" />
  <testcase classname="ptolemy.vergil.basic.export.test.junit.ExportModelJUnitTestBatch1" name="[75] org/terraswarm/accessor/demo/Hue/MotionLights.xml (RunExportModel)" time="37.861" />
  <testcase classname="ptolemy.vergil.basic.export.test.junit.ExportModelJUnitTestBatch1" name="[76] org/terraswarm/accessor/demo/Hue/OccupancyLights.xml (RunExportModel)" time="38.478" />
  <testcase classname="ptolemy.vergil.basic.export.test.junit.ExportModelJUnitTestBatch1" name="[77] org/terraswarm/accessor/demo/Lifx/Lifx.xml (RunExportModel)" time="31.543" />
  <testcase classname="ptolemy.vergil.basic.export.test.junit.ExportModelJUnitTestBatch1" name="[78] org/terraswarm/accessor/demo/NaturalLanguage/NaturalLanguage.xml (RunExportModel)" time="21.708" />
  <testcase classname="ptolemy.vergil.basic.export.test.junit.ExportModelJUnitTestBatch1" name="[79] org/terraswarm/accessor/demo/Scarab/Scarab.xml (RunExportModel)" time="39.699" />
  <testcase classname="ptolemy.vergil.basic.export.test.junit.ExportModelJUnitTestBatch1" name="[80] org/terraswarm/accessor/demo/WatchHandRaisingLight/WatchHandRaisingLight.xml (RunExportModel)" time="37.852" />
  <testcase classname="ptolemy.vergil.basic.export.test.junit.ExportModelJUnitTestBatch1" name="[81] org/terraswarm/ros/demo/Ros/Ros.xml (RunExportModel)" time="3.177" />
  <testcase classname="ptolemy.vergil.basic.export.test.junit.ExportModelJUnitTestBatch1" name="[82] org/terraswarm/ros/demo/Ros/RosPublisher.xml (RunExportModel)" time="5.236" />
  <testcase classname="ptolemy.vergil.basic.export.test.junit.ExportModelJUnitTestBatch1" name="[83] org/terraswarm/ros/demo/Ros/RosSubscriber.xml (RunExportModel)" time="4.417" />
  <testcase classname="ptolemy.vergil.basic.export.test.junit.ExportModelJUnitTestBatch1" name="[84] org/terraswarm/ros/demo/Ros/ScarabArrowKeyController.xml (RunExportModel)" time="6.746" />
  <testcase classname="ptolemy.vergil.basic.export.test.junit.ExportModelJUnitTestBatch1" name="[85] org/terraswarm/ros/demo/Ros/ScarabGoalPublisher.xml (RunExportModel)" time="4.405" />
  <testcase classname="ptolemy.vergil.basic.export.test.junit.ExportModelJUnitTestBatch1" name="[86] org/terraswarm/ros/demo/Ros/ScarabHueController.xml (RunExportModel)" time="6.778" />
  <testcase classname="ptolemy.vergil.basic.export.test.junit.ExportModelJUnitTestBatch1" name="[87] ptolemy/actor/gt/demo/BouncingBallX2/BouncingBallX2.xml (RunExportModel)" time="35.15" />
  <testcase classname="ptolemy.vergil.basic.export.test.junit.ExportModelJUnitTestBatch1" name="[88] ptolemy/actor/gt/demo/ConstOptimization/ConstOptimization.xml (RunExportModel)" time="11.023" />
  <testcase classname="ptolemy.vergil.basic.export.test.junit.ExportModelJUnitTestBatch1" name="[89] ptolemy/actor/gt/demo/ConstOptimization/ConstOptimizationDDF.xml (RunExportModel)" time="11.247" />
  <testcase classname="ptolemy.vergil.basic.export.test.junit.ExportModelJUnitTestBatch1" name="[90] ptolemy/actor/gt/demo/ConstOptimization/ConstOptimizationDE.xml (RunExportModel)" time="11.148" />
  <testcase classname="ptolemy.vergil.basic.export.test.junit.ExportModelJUnitTestBatch1" name="[91] ptolemy/actor/gt/demo/DiningPhilosophers/DiningPhilosophers.xml (RunExportModel)" time="5.133" />
  <testcase classname="ptolemy.vergil.basic.export.test.junit.ExportModelJUnitTestBatch1" name="[92] ptolemy/actor/gt/demo/GameOfLife/GameOfLife.xml (RunExportModel)" time="37.623" />
  <testcase classname="ptolemy.vergil.basic.export.test.junit.ExportModelJUnitTestBatch1" name="[93] ptolemy/actor/gt/demo/HierarchyFlattening/HierarchyFlattening.xml (RunExportModel)" time="3.273" />
  <testcase classname="ptolemy.vergil.basic.export.test.junit.ExportModelJUnitTestBatch1" name="[94] ptolemy/actor/gt/demo/MapReduce/MapReduce.xml (RunExportModel)" time="5.303" />
  <testcase classname="ptolemy.vergil.basic.export.test.junit.ExportModelJUnitTestBatch1" name="[95] ptolemy/actor/gt/demo/MapReduce/MapReduceDDF.xml (RunExportModel)" time="9.197" />
  <testcase classname="ptolemy.vergil.basic.export.test.junit.ExportModelJUnitTestBatch1" name="[96] ptolemy/actor/gt/demo/ModelExecution/ModelExecution.xml (RunExportModel)" time="13.391" />
  <testcase classname="ptolemy.vergil.basic.export.test.junit.ExportModelJUnitTestBatch1" name="[97] ptolemy/actor/gt/demo/ModelGeneration/ModelGeneration.xml (RunExportModel)" time="4.431" />
  <testcase classname="ptolemy.vergil.basic.export.test.junit.ExportModelJUnitTestBatch1" name="[98] ptolemy/actor/gt/demo/ModelGeneration/ModelGenerationDE.xml (RunExportModel)" time="4.496" />
  <testcase classname="ptolemy.vergil.basic.export.test.junit.ExportModelJUnitTestBatch1" name="[99] ptolemy/actor/gt/demo/PublisherTest/PublisherTest.xml (RunExportModel)" time="3.319" />
  <testcase classname="ptolemy.vergil.basic.export.test.junit.ExportModelJUnitTestBatch1" name="[100] ptolemy/actor/gt/demo/RegressionTest/RegressionTest.xml (RunExportModel)" time="4.482" />
  <testcase classname="ptolemy.vergil.basic.export.test.junit.ExportModelJUnitTestBatch1" name="[101] ptolemy/actor/gt/demo/SinewaveOptimization/Sinewave.xml (RunExportModel)" time="4.181" />
  <testcase classname="ptolemy.vergil.basic.export.test.junit.ExportModelJUnitTestBatch1" name="[102] ptolemy/actor/gt/demo/SinewaveOptimization/SinewaveOptimization.xml (RunExportModel)" time="7.003" />
  <testcase classname="ptolemy.vergil.basic.export.test.junit.ExportModelJUnitTestBatch1" name="[103] ptolemy/actor/lib/aspect/demo/CanBus/CanBus.xml (RunExportModel)" time="4.229" />
  <testcase classname="ptolemy.vergil.basic.export.test.junit.ExportModelJUnitTestBatch1" name="[104] ptolemy/actor/lib/aspect/demo/CarTrackingAttackModeling/CarTrackingAttackModeling.xml (RunExportModel)" time="7.958" />
  <testcase classname="ptolemy.vergil.basic.export.test.junit.ExportModelJUnitTestBatch1" name="[105] ptolemy/actor/lib/aspect/demo/CompositeQM/CompositeQM.xml (RunExportModel)" time="4.269" />
  <testcase classname="ptolemy.vergil.basic.export.test.junit.ExportModelJUnitTestBatch1" name="[106] ptolemy/actor/lib/aspect/demo/DE/DE.xml (RunExportModel)" time="4.26" />
  <testcase classname="ptolemy.vergil.basic.export.test.junit.ExportModelJUnitTestBatch1" name="[107] ptolemy/actor/lib/aspect/demo/DE/DE2.xml (RunExportModel)" time="4.973" />
  <testcase classname="ptolemy.vergil.basic.export.test.junit.ExportModelJUnitTestBatch1" name="[108] ptolemy/actor/lib/aspect/demo/MonitorExecutionTimes/MonitorExecutionTimes.xml (RunExportModel)" time="4.299" />
  <testcase classname="ptolemy.vergil.basic.export.test.junit.ExportModelJUnitTestBatch1" name="[109] ptolemy/actor/lib/colt/demo/ColtRandom/ColtRandom.xml (RunExportModel)" time="4.629" />
  <testcase classname="ptolemy.vergil.basic.export.test.junit.ExportModelJUnitTestBatch1" name="[110] ptolemy/actor/lib/comm/demo/ConvolutionalCoder/ConvolutionalCoder.xml (RunExportModel)" time="4.512" />
  <testcase classname="ptolemy.vergil.basic.export.test.junit.ExportModelJUnitTestBatch1" name="[111] ptolemy/actor/lib/comm/demo/HuffmanDecoder/HuffmanDecoder.xml (RunExportModel)" time="4.374" />
  <testcase classname="ptolemy.vergil.basic.export.test.junit.ExportModelJUnitTestBatch1" name="[112] ptolemy/actor/lib/comm/demo/Scrambler/Scrambler.xml (RunExportModel)" time="4.339" />
  <testcase classname="ptolemy.vergil.basic.export.test.junit.ExportModelJUnitTestBatch1" name="[113] ptolemy/actor/lib/comm/demo/TrellisDecoder/TrellisDecoder.xml (RunExportModel)" time="4.521" />
  <testcase classname="ptolemy.vergil.basic.export.test.junit.ExportModelJUnitTestBatch1" name="[114] ptolemy/actor/lib/comm/demo/ViterbiDecoder/ViterbiDecoder.xml (RunExportModel)" time="4.369" />
  <testcase classname="ptolemy.vergil.basic.export.test.junit.ExportModelJUnitTestBatch1" name="[115] ptolemy/actor/lib/database/demo/InteractiveQuery/InteractiveQuery.xml (RunExportModel)" time="3.14" />
  <testcase classname="ptolemy.vergil.basic.export.test.junit.ExportModelJUnitTestBatch1" name="[116] ptolemy/actor/lib/fmi/demo/FMUBouncingBall/FMUBouncingBall.xml (RunExportModel)" time="4.327" />
  <testcase classname="ptolemy.vergil.basic.export.test.junit.ExportModelJUnitTestBatch1" name="[117] ptolemy/actor/lib/fmi/demo/FMULevelStairs/FMULevelStairs.xml (RunExportModel)" time="4.204" />
  <testcase classname="ptolemy.vergil.basic.export.test.junit.ExportModelJUnitTestBatch1" name="[118] ptolemy/actor/lib/fmi/demo/FMUSimulationX/FMUSimulationX.xml (RunExportModel)" time="3.277" />
  <testcase classname="ptolemy.vergil.basic.export.test.junit.ExportModelJUnitTestBatch1" name="[119] ptolemy/actor/lib/fmi/demo/FMUSimulationX/FMUSimulationXPIController.xml (RunExportModel)" time="3.191" />
  <testcase classname="ptolemy.vergil.basic.export.test.junit.ExportModelJUnitTestBatch1" name="[120] ptolemy/actor/lib/fmi/demo/FMUStairs/FMUStairs.xml (RunExportModel)" time="4.241" />
  <testcase classname="ptolemy.vergil.basic.export.test.junit.ExportModelJUnitTestBatch1" name="[121] ptolemy/actor/lib/fmi/demo/FMUTwoBallCollision/FMUTwoBallCollision.xml (RunExportModel)" time="4.45" />
  <testcase classname="ptolemy.vergil.basic.export.test.junit.ExportModelJUnitTestBatch1" name="[122] ptolemy/actor/lib/fmi/jni/demo/FourInFourOutsDymola/FourInFourOutsDymola.xml (RunExportModel)" time="3.357" />
  <testcase classname="ptolemy.vergil.basic.export.test.junit.ExportModelJUnitTestBatch1" name="[123] ptolemy/actor/lib/fmi/jni/demo/FourInFourOutsDymola/FourInFourOutsDymolaJNI.xml (RunExportModel)" time="3.285" />
  <testcase classname="ptolemy.vergil.basic.export.test.junit.ExportModelJUnitTestBatch1" name="[124] ptolemy/actor/lib/fmi/jni/demo/FourInFourOutsDymola/FourInFourOutsDymolaWindows.xml (RunExportModel)" time="3.221" />
  <testcase classname="ptolemy.vergil.basic.export.test.junit.ExportModelJUnitTestBatch1" name="[125] ptolemy/actor/lib/gem5/demo/DramThermalModel/DramThermalModel.xml (RunExportModel)" time="6.255" />
  <testcase classname="ptolemy.vergil.basic.export.test.junit.ExportModelJUnitTestBatch1" name="[126] ptolemy/actor/lib/hoc/demo/ApplyFFT/ApplyFFT.xml (RunExportModel)" time="4.382" />
  <testcase classname="ptolemy.vergil.basic.export.test.junit.ExportModelJUnitTestBatch1" name="[127] ptolemy/actor/lib/hoc/demo/Case/Case.xml (RunExportModel)" time="4.417" />
  <testcase classname="ptolemy.vergil.basic.export.test.junit.ExportModelJUnitTestBatch1" name="[128] ptolemy/actor/lib/hoc/demo/DFTSubSet/DFTSubSet.xml (RunExportModel)" time="5.444" />
  <testcase classname="ptolemy.vergil.basic.export.test.junit.ExportModelJUnitTestBatch1" name="[129] ptolemy/actor/lib/hoc/demo/HocDE/HocDE.xml (RunExportModel)" time="4.831" />
  <testcase classname="ptolemy.vergil.basic.export.test.junit.ExportModelJUnitTestBatch1" name="[130] ptolemy/actor/lib/hoc/demo/IterateOverArray/IterateOverArray.xml (RunExportModel)" time="4.922" />
  <testcase classname="ptolemy.vergil.basic.export.test.junit.ExportModelJUnitTestBatch1" name="[131] ptolemy/actor/lib/hoc/demo/MobileFunction/MobileFunction.xml (RunExportModel)" time="4.165" />
  <testcase classname="ptolemy.vergil.basic.export.test.junit.ExportModelJUnitTestBatch1" name="[132] ptolemy/actor/lib/hoc/demo/ModelReference/ModelReference.xml (RunExportModel)" time="34.234" />
  <testcase classname="ptolemy.vergil.basic.export.test.junit.ExportModelJUnitTestBatch1" name="[133] ptolemy/actor/lib/hoc/demo/ThreadedComposite/BackgroundExecution.xml (RunExportModel)" time="13.216" />
  <testcase classname="ptolemy.vergil.basic.export.test.junit.ExportModelJUnitTestBatch1" name="[134] ptolemy/actor/lib/hoc/demo/ThreadedComposite/ConcurrentChat.xml (RunExportModel)" time="3.193" />
  <testcase classname="ptolemy.vergil.basic.export.test.junit.ExportModelJUnitTestBatch1" name="[135] ptolemy/actor/lib/hoc/demo/ThreadedComposite/MulticoreExecution.xml (RunExportModel)" time="14.249" />
  <testcase classname="ptolemy.vergil.basic.export.test.junit.ExportModelJUnitTestBatch1" name="[136] ptolemy/actor/lib/hoc/demo/ThreadedComposite/ParallelExecution.xml (RunExportModel)" time="13.167" />
  <testcase classname="ptolemy.vergil.basic.export.test.junit.ExportModelJUnitTestBatch1" name="[137] ptolemy/actor/lib/hoc/demo/ThreadedComposite/SpontaneousSources.xml (RunExportModel)" time="3.175" />
  <testcase classname="ptolemy.vergil.basic.export.test.junit.ExportModelJUnitTestBatch1" name="[138] ptolemy/actor/lib/hoc/demo/ThreadedComposite/ThreadedComposite.xml (RunExportModel)" time="3.123" />
  <testcase classname="ptolemy.vergil.basic.export.test.junit.ExportModelJUnitTestBatch1" name="[139] ptolemy/actor/lib/io/comm/demo/SerialConsole/SerialConsole.xml (RunExportModel)" time="3.166" />
  <testcase classname="ptolemy.vergil.basic.export.test.junit.ExportModelJUnitTestBatch1" name="[140] ptolemy/actor/lib/io/comm/demo/SerialPort/SerialPort.xml (RunExportModel)" time="3.153" />
  <testcase classname="ptolemy.vergil.basic.export.test.junit.ExportModelJUnitTestBatch1" name="[141] ptolemy/actor/lib/io/comm/demo/XBee/XBee.xml (RunExportModel)" time="3.169" />
  <testcase classname="ptolemy.vergil.basic.export.test.junit.ExportModelJUnitTestBatch1" name="[142] ptolemy/actor/lib/io/demo/AppendToFile/AppendToFile.xml (RunExportModel)" time="3.142" />
  <testcase classname="ptolemy.vergil.basic.export.test.junit.ExportModelJUnitTestBatch1" name="[143] ptolemy/actor/lib/io/demo/CopyFile/CopyFile.xml (RunExportModel)" time="3.141" />
  <testcase classname="ptolemy.vergil.basic.export.test.junit.ExportModelJUnitTestBatch1" name="[144] ptolemy/actor/lib/io/demo/FilePortParameter/FilePortParameter.xml (RunExportModel)" time="3.168" />
  <testcase classname="ptolemy.vergil.basic.export.test.junit.ExportModelJUnitTestBatch1" name="[145] ptolemy/actor/lib/io/demo/ReadExpressionsCommandLine/ReadExpressionsCommandLine.xml (RunExportModel)" time="3.117" />
  <testcase classname="ptolemy.vergil.basic.export.test.junit.ExportModelJUnitTestBatch1" name="[146] ptolemy/actor/lib/io/demo/ReadStdIn/ReadStdIn.xml (RunExportModel)" time="3.182" />
  <testcase classname="ptolemy.vergil.basic.export.test.junit.ExportModelJUnitTestBatch1" name="[147] ptolemy/actor/lib/jai/demo/AdaptiveMedian/AdaptiveMedian.xml (RunExportModel)" time="5.199" />
  <testcase classname="ptolemy.vergil.basic.export.test.junit.ExportModelJUnitTestBatch1" name="[148] ptolemy/actor/lib/jai/demo/ImageReconstruction/ImageReconstruction.xml (RunExportModel)" time="4.227" />
  <testcase classname="ptolemy.vergil.basic.export.test.junit.ExportModelJUnitTestBatch1" name="[149] ptolemy/actor/lib/jai/demo/VQSequenceDisplay/VQSequenceDisplay.xml (RunExportModel)" time="4.801" />
  <system-out><![CDATA[ExportModeJUnitTestBatch: There are 754 demos. Exporting demos: 1 to 150.
####### 1 Sat May 12 02:22:42 UTC 2018 $PTII/bin/ptinvoke ptolemy.vergil.basic.export.ExportModel -force htm  -openComposites -timeOut 30000 -whiteBackground lbnl/demo/MatlabRoom/MatlabRoom.xml $PTII/lbnl/demo/MatlabRoom/MatlabRoom
Warning: not running lbnl/demo/MatlabRoom/MatlabRoom.xml. See ptolemy/vergil/basic/export/test/junit/ExportModelJUnitTest.java
Exported /home/travis/build/icyphy/ptII/lbnl/demo/MatlabRoom/MatlabRoom/index.html
7033 ms. Memory: 150528K Free: 59040K (39%)
####### 2 Sat May 12 02:22:49 UTC 2018 $PTII/bin/ptinvoke ptolemy.vergil.basic.export.ExportModel -force htm  -openComposites -timeOut 30000 -whiteBackground lbnl/demo/SystemCommand/SystemCommand.xml $PTII/lbnl/demo/SystemCommand/SystemCommand
Warning: not running lbnl/demo/SystemCommand/SystemCommand.xml. See ptolemy/vergil/basic/export/test/junit/ExportModelJUnitTest.java
Exported /home/travis/build/icyphy/ptII/lbnl/demo/SystemCommand/SystemCommand/index.html
3811 ms. Memory: 197632K Free: 100742K (51%)
####### 3 Sat May 12 02:22:53 UTC 2018 $PTII/bin/ptinvoke ptolemy.vergil.basic.export.ExportModel -force htm  -openComposites -timeOut 30000 -whiteBackground org/hlacerti/demo/Billard/2Billes1Fed/2Billes1Fed.xml $PTII/org/hlacerti/demo/Billard/2Billes1Fed/2Billes1Fed
Warning: not running org/hlacerti/demo/Billard/2Billes1Fed/2Billes1Fed.xml. See ptolemy/vergil/basic/export/test/junit/ExportModelJUnitTest.java
----------------- Sat May 12 02:22:53 UTC 2018 About to sleep for 5.0 seconds before running or rerunning.  Test is: /home/travis/build/icyphy/ptII/org/hlacerti/demo/Billard/2Billes1Fed/2Billes1Fed.xml
Done sleeping
Exported /home/travis/build/icyphy/ptII/org/hlacerti/demo/Billard/2Billes1Fed/2Billes1Fed/index.html
3413 ms. Memory: 198144K Free: 108089K (55%)
####### 4 Sat May 12 02:23:02 UTC 2018 $PTII/bin/ptinvoke ptolemy.vergil.basic.export.ExportModel -force htm  -openComposites -timeOut 30000 -whiteBackground org/hlacerti/demo/Billard/2Billes1Fed/PoolTable2.xml $PTII/org/hlacerti/demo/Billard/2Billes1Fed/PoolTable2
Warning: not running org/hlacerti/demo/Billard/2Billes1Fed/PoolTable2.xml. See ptolemy/vergil/basic/export/test/junit/ExportModelJUnitTest.java
----------------- Sat May 12 02:23:02 UTC 2018 About to sleep for 5.0 seconds before running or rerunning.  Test is: /home/travis/build/icyphy/ptII/org/hlacerti/demo/Billard/2Billes1Fed/PoolTable2.xml
Done sleeping
Exported /home/travis/build/icyphy/ptII/org/hlacerti/demo/Billard/2Billes1Fed/PoolTable2/index.html
3546 ms. Memory: 227840K Free: 106841K (47%)
####### 5 Sat May 12 02:23:10 UTC 2018 $PTII/bin/ptinvoke ptolemy.vergil.basic.export.ExportModel -force htm  -openComposites -timeOut 30000 -whiteBackground org/hlacerti/demo/Billard/2Billes1Fed/TwoBilliardBalls.xml $PTII/org/hlacerti/demo/Billard/2Billes1Fed/TwoBilliardBalls
Warning: not running org/hlacerti/demo/Billard/2Billes1Fed/TwoBilliardBalls.xml. See ptolemy/vergil/basic/export/test/junit/ExportModelJUnitTest.java
----------------- Sat May 12 02:23:10 UTC 2018 About to sleep for 5.0 seconds before running or rerunning.  Test is: /home/travis/build/icyphy/ptII/org/hlacerti/demo/Billard/2Billes1Fed/TwoBilliardBalls.xml
Done sleeping
Exported /home/travis/build/icyphy/ptII/org/hlacerti/demo/Billard/2Billes1Fed/TwoBilliardBalls/index.html
3924 ms. Memory: 260608K Free: 177461K (68%)
####### 6 Sat May 12 02:23:19 UTC 2018 $PTII/bin/ptinvoke ptolemy.vergil.basic.export.ExportModel -force htm  -openComposites -timeOut 30000 -whiteBackground org/hlacerti/demo/Billard/2Billes2Fed/2Billes2Fed.xml $PTII/org/hlacerti/demo/Billard/2Billes2Fed/2Billes2Fed
Warning: not running org/hlacerti/demo/Billard/2Billes2Fed/2Billes2Fed.xml. See ptolemy/vergil/basic/export/test/junit/ExportModelJUnitTest.java
----------------- Sat May 12 02:23:19 UTC 2018 About to sleep for 5.0 seconds before running or rerunning.  Test is: /home/travis/build/icyphy/ptII/org/hlacerti/demo/Billard/2Billes2Fed/2Billes2Fed.xml
Done sleeping
Exported /home/travis/build/icyphy/ptII/org/hlacerti/demo/Billard/2Billes2Fed/2Billes2Fed/index.html
3331 ms. Memory: 260608K Free: 41978K (16%)
####### 7 Sat May 12 02:23:27 UTC 2018 $PTII/bin/ptinvoke ptolemy.vergil.basic.export.ExportModel -force htm  -openComposites -timeOut 30000 -whiteBackground org/hlacerti/demo/Billard/2Billes2Fed/BillardBall1.xml $PTII/org/hlacerti/demo/Billard/2Billes2Fed/BillardBall1
Warning: not running org/hlacerti/demo/Billard/2Billes2Fed/BillardBall1.xml. See ptolemy/vergil/basic/export/test/junit/ExportModelJUnitTest.java
----------------- Sat May 12 02:23:27 UTC 2018 About to sleep for 5.0 seconds before running or rerunning.  Test is: /home/travis/build/icyphy/ptII/org/hlacerti/demo/Billard/2Billes2Fed/BillardBall1.xml
Done sleeping
Exported /home/travis/build/icyphy/ptII/org/hlacerti/demo/Billard/2Billes2Fed/BillardBall1/index.html
3489 ms. Memory: 294400K Free: 265984K (90%)
####### 8 Sat May 12 02:23:36 UTC 2018 $PTII/bin/ptinvoke ptolemy.vergil.basic.export.ExportModel -force htm  -openComposites -timeOut 30000 -whiteBackground org/hlacerti/demo/Billard/2Billes2Fed/BillardBall2.xml $PTII/org/hlacerti/demo/Billard/2Billes2Fed/BillardBall2
Warning: not running org/hlacerti/demo/Billard/2Billes2Fed/BillardBall2.xml. See ptolemy/vergil/basic/export/test/junit/ExportModelJUnitTest.java
----------------- Sat May 12 02:23:36 UTC 2018 About to sleep for 5.0 seconds before running or rerunning.  Test is: /home/travis/build/icyphy/ptII/org/hlacerti/demo/Billard/2Billes2Fed/BillardBall2.xml
Done sleeping
Exported /home/travis/build/icyphy/ptII/org/hlacerti/demo/Billard/2Billes2Fed/BillardBall2/index.html
3412 ms. Memory: 294400K Free: 51076K (17%)
####### 9 Sat May 12 02:23:44 UTC 2018 $PTII/bin/ptinvoke ptolemy.vergil.basic.export.ExportModel -force htm  -openComposites -timeOut 30000 -whiteBackground org/hlacerti/demo/Billard/2Billes2Fed/BillardTable.xml $PTII/org/hlacerti/demo/Billard/2Billes2Fed/BillardTable
Warning: not running org/hlacerti/demo/Billard/2Billes2Fed/BillardTable.xml. See ptolemy/vergil/basic/export/test/junit/ExportModelJUnitTest.java
----------------- Sat May 12 02:23:44 UTC 2018 About to sleep for 5.0 seconds before running or rerunning.  Test is: /home/travis/build/icyphy/ptII/org/hlacerti/demo/Billard/2Billes2Fed/BillardTable.xml
Done sleeping
Exported /home/travis/build/icyphy/ptII/org/hlacerti/demo/Billard/2Billes2Fed/BillardTable/index.html
3386 ms. Memory: 294912K Free: 119089K (40%)
####### 10 Sat May 12 02:23:53 UTC 2018 $PTII/bin/ptinvoke ptolemy.vergil.basic.export.ExportModel -force htm  -openComposites -timeOut 30000 -whiteBackground org/hlacerti/demo/Billard/Billard.xml $PTII/org/hlacerti/demo/Billard/Billard
Warning: not running org/hlacerti/demo/Billard/Billard.xml. See ptolemy/vergil/basic/export/test/junit/ExportModelJUnitTest.java
----------------- Sat May 12 02:23:53 UTC 2018 About to sleep for 5.0 seconds before running or rerunning.  Test is: /home/travis/build/icyphy/ptII/org/hlacerti/demo/Billard/Billard.xml
Done sleeping
Exported /home/travis/build/icyphy/ptII/org/hlacerti/demo/Billard/Billard/index.html
3161 ms. Memory: 331264K Free: 269166K (81%)
####### 11 Sat May 12 02:24:01 UTC 2018 $PTII/bin/ptinvoke ptolemy.vergil.basic.export.ExportModel -force htm  -openComposites -timeOut 30000 -whiteBackground org/hlacerti/demo/f14HLA/f14HLA.xml $PTII/org/hlacerti/demo/f14HLA/f14HLA
Warning: not running org/hlacerti/demo/f14HLA/f14HLA.xml. See ptolemy/vergil/basic/export/test/junit/ExportModelJUnitTest.java
----------------- Sat May 12 02:24:01 UTC 2018 About to sleep for 5.0 seconds before running or rerunning.  Test is: /home/travis/build/icyphy/ptII/org/hlacerti/demo/f14HLA/f14HLA.xml
Done sleeping
Exported /home/travis/build/icyphy/ptII/org/hlacerti/demo/f14HLA/f14HLA/index.html
3362 ms. Memory: 331264K Free: 149538K (45%)
####### 12 Sat May 12 02:24:09 UTC 2018 $PTII/bin/ptinvoke ptolemy.vergil.basic.export.ExportModel -force htm  -openComposites -timeOut 30000 -whiteBackground org/hlacerti/demo/IntegrationTests/IntegrationTests.xml $PTII/org/hlacerti/demo/IntegrationTests/IntegrationTests
Warning: not running org/hlacerti/demo/IntegrationTests/IntegrationTests.xml. See ptolemy/vergil/basic/export/test/junit/ExportModelJUnitTest.java
----------------- Sat May 12 02:24:09 UTC 2018 About to sleep for 5.0 seconds before running or rerunning.  Test is: /home/travis/build/icyphy/ptII/org/hlacerti/demo/IntegrationTests/IntegrationTests.xml
Done sleeping
Exported /home/travis/build/icyphy/ptII/org/hlacerti/demo/IntegrationTests/IntegrationTests/index.html
3203 ms. Memory: 331264K Free: 32931K (10%)
####### 13 Sat May 12 02:24:17 UTC 2018 $PTII/bin/ptinvoke ptolemy.vergil.basic.export.ExportModel -force htm  -openComposites -timeOut 30000 -whiteBackground org/hlacerti/demo/IntegrationTests/TimeAdvancing1Federate/TimeAdvancing1Federate.xml $PTII/org/hlacerti/demo/IntegrationTests/TimeAdvancing1Federate/TimeAdvancing1Federate
Warning: not running org/hlacerti/demo/IntegrationTests/TimeAdvancing1Federate/TimeAdvancing1Federate.xml. See ptolemy/vergil/basic/export/test/junit/ExportModelJUnitTest.java
----------------- Sat May 12 02:24:17 UTC 2018 About to sleep for 5.0 seconds before running or rerunning.  Test is: /home/travis/build/icyphy/ptII/org/hlacerti/demo/IntegrationTests/TimeAdvancing1Federate/TimeAdvancing1Federate.xml
Done sleeping
Exported /home/travis/build/icyphy/ptII/org/hlacerti/demo/IntegrationTests/TimeAdvancing1Federate/TimeAdvancing1Federate/index.html
3269 ms. Memory: 321024K Free: 166232K (52%)
####### 14 Sat May 12 02:24:26 UTC 2018 $PTII/bin/ptinvoke ptolemy.vergil.basic.export.ExportModel -force htm  -openComposites -timeOut 30000 -whiteBackground org/hlacerti/demo/IntegrationTests/TimeAdvancing2Federates/testTimeAdvancingF1.xml $PTII/org/hlacerti/demo/IntegrationTests/TimeAdvancing2Federates/testTimeAdvancingF1
Warning: not running org/hlacerti/demo/IntegrationTests/TimeAdvancing2Federates/testTimeAdvancingF1.xml. See ptolemy/vergil/basic/export/test/junit/ExportModelJUnitTest.java
----------------- Sat May 12 02:24:26 UTC 2018 About to sleep for 5.0 seconds before running or rerunning.  Test is: /home/travis/build/icyphy/ptII/org/hlacerti/demo/IntegrationTests/TimeAdvancing2Federates/testTimeAdvancingF1.xml
Done sleeping
Exported /home/travis/build/icyphy/ptII/org/hlacerti/demo/IntegrationTests/TimeAdvancing2Federates/testTimeAdvancingF1/index.html
3231 ms. Memory: 321024K Free: 41763K (13%)
####### 15 Sat May 12 02:24:34 UTC 2018 $PTII/bin/ptinvoke ptolemy.vergil.basic.export.ExportModel -force htm  -openComposites -timeOut 30000 -whiteBackground org/hlacerti/demo/IntegrationTests/TimeAdvancing2Federates/testTimeAdvancingF2.xml $PTII/org/hlacerti/demo/IntegrationTests/TimeAdvancing2Federates/testTimeAdvancingF2
Warning: not running org/hlacerti/demo/IntegrationTests/TimeAdvancing2Federates/testTimeAdvancingF2.xml. See ptolemy/vergil/basic/export/test/junit/ExportModelJUnitTest.java
----------------- Sat May 12 02:24:34 UTC 2018 About to sleep for 5.0 seconds before running or rerunning.  Test is: /home/travis/build/icyphy/ptII/org/hlacerti/demo/IntegrationTests/TimeAdvancing2Federates/testTimeAdvancingF2.xml
Done sleeping
Exported /home/travis/build/icyphy/ptII/org/hlacerti/demo/IntegrationTests/TimeAdvancing2Federates/testTimeAdvancingF2/index.html
3240 ms. Memory: 302592K Free: 155108K (51%)
####### 16 Sat May 12 02:24:42 UTC 2018 $PTII/bin/ptinvoke ptolemy.vergil.basic.export.ExportModel -force htm  -openComposites -timeOut 30000 -whiteBackground org/hlacerti/demo/IntegrationTests/TimeAdvancing2Federates/TimeAdvancing2Federates.xml $PTII/org/hlacerti/demo/IntegrationTests/TimeAdvancing2Federates/TimeAdvancing2Federates
Warning: not running org/hlacerti/demo/IntegrationTests/TimeAdvancing2Federates/TimeAdvancing2Federates.xml. See ptolemy/vergil/basic/export/test/junit/ExportModelJUnitTest.java
----------------- Sat May 12 02:24:42 UTC 2018 About to sleep for 5.0 seconds before running or rerunning.  Test is: /home/travis/build/icyphy/ptII/org/hlacerti/demo/IntegrationTests/TimeAdvancing2Federates/TimeAdvancing2Federates.xml
Done sleeping
Exported /home/travis/build/icyphy/ptII/org/hlacerti/demo/IntegrationTests/TimeAdvancing2Federates/TimeAdvancing2Federates/index.html
3225 ms. Memory: 302592K Free: 35234K (12%)
####### 17 Sat May 12 02:24:50 UTC 2018 $PTII/bin/ptinvoke ptolemy.vergil.basic.export.ExportModel -force htm  -openComposites -timeOut 30000 -whiteBackground org/hlacerti/demo/IntegrationTests/TimeAdvancing2FederatesIntervalEvents/testTimeAdvancingF1.xml $PTII/org/hlacerti/demo/IntegrationTests/TimeAdvancing2FederatesIntervalEvents/testTimeAdvancingF1
Warning: not running org/hlacerti/demo/IntegrationTests/TimeAdvancing2FederatesIntervalEvents/testTimeAdvancingF1.xml. See ptolemy/vergil/basic/export/test/junit/ExportModelJUnitTest.java
----------------- Sat May 12 02:24:50 UTC 2018 About to sleep for 5.0 seconds before running or rerunning.  Test is: /home/travis/build/icyphy/ptII/org/hlacerti/demo/IntegrationTests/TimeAdvancing2FederatesIntervalEvents/testTimeAdvancingF1.xml
Done sleeping
Exported /home/travis/build/icyphy/ptII/org/hlacerti/demo/IntegrationTests/TimeAdvancing2FederatesIntervalEvents/testTimeAdvancingF1/index.html
3244 ms. Memory: 293888K Free: 144932K (49%)
####### 18 Sat May 12 02:24:59 UTC 2018 $PTII/bin/ptinvoke ptolemy.vergil.basic.export.ExportModel -force htm  -openComposites -timeOut 30000 -whiteBackground org/hlacerti/demo/IntegrationTests/TimeAdvancing2FederatesIntervalEvents/testTimeAdvancingF2InternalEvent.xml $PTII/org/hlacerti/demo/IntegrationTests/TimeAdvancing2FederatesIntervalEvents/testTimeAdvancingF2InternalEvent
Warning: not running org/hlacerti/demo/IntegrationTests/TimeAdvancing2FederatesIntervalEvents/testTimeAdvancingF2InternalEvent.xml. See ptolemy/vergil/basic/export/test/junit/ExportModelJUnitTest.java
----------------- Sat May 12 02:24:59 UTC 2018 About to sleep for 5.0 seconds before running or rerunning.  Test is: /home/travis/build/icyphy/ptII/org/hlacerti/demo/IntegrationTests/TimeAdvancing2FederatesIntervalEvents/testTimeAdvancingF2InternalEvent.xml
Done sleeping
Exported /home/travis/build/icyphy/ptII/org/hlacerti/demo/IntegrationTests/TimeAdvancing2FederatesIntervalEvents/testTimeAdvancingF2InternalEvent/index.html
3211 ms. Memory: 293888K Free: 20947K (7%)
####### 19 Sat May 12 02:25:07 UTC 2018 $PTII/bin/ptinvoke ptolemy.vergil.basic.export.ExportModel -force htm  -openComposites -timeOut 30000 -whiteBackground org/hlacerti/demo/IntegrationTests/TimeAdvancing2FederatesIntervalEvents/TimeAdvancing2FederatesIntervalEvents.xml $PTII/org/hlacerti/demo/IntegrationTests/TimeAdvancing2FederatesIntervalEvents/TimeAdvancing2FederatesIntervalEvents
Warning: not running org/hlacerti/demo/IntegrationTests/TimeAdvancing2FederatesIntervalEvents/TimeAdvancing2FederatesIntervalEvents.xml. See ptolemy/vergil/basic/export/test/junit/ExportModelJUnitTest.java
----------------- Sat May 12 02:25:07 UTC 2018 About to sleep for 5.0 seconds before running or rerunning.  Test is: /home/travis/build/icyphy/ptII/org/hlacerti/demo/IntegrationTests/TimeAdvancing2FederatesIntervalEvents/TimeAdvancing2FederatesIntervalEvents.xml
Done sleeping
Exported /home/travis/build/icyphy/ptII/org/hlacerti/demo/IntegrationTests/TimeAdvancing2FederatesIntervalEvents/TimeAdvancing2FederatesIntervalEvents/index.html
3177 ms. Memory: 283648K Free: 127489K (45%)
####### 20 Sat May 12 02:25:15 UTC 2018 $PTII/bin/ptinvoke ptolemy.vergil.basic.export.ExportModel -force htm  -openComposites -timeOut 30000 -whiteBackground org/hlacerti/demo/SynchronizeToRealTime/SynchronizeToRealTime.xml $PTII/org/hlacerti/demo/SynchronizeToRealTime/SynchronizeToRealTime
Warning: not running org/hlacerti/demo/SynchronizeToRealTime/SynchronizeToRealTime.xml. See ptolemy/vergil/basic/export/test/junit/ExportModelJUnitTest.java
----------------- Sat May 12 02:25:15 UTC 2018 About to sleep for 5.0 seconds before running or rerunning.  Test is: /home/travis/build/icyphy/ptII/org/hlacerti/demo/SynchronizeToRealTime/SynchronizeToRealTime.xml
Done sleeping
Exported /home/travis/build/icyphy/ptII/org/hlacerti/demo/SynchronizeToRealTime/SynchronizeToRealTime/index.html
3405 ms. Memory: 277504K Free: 113970K (41%)
####### 21 Sat May 12 02:25:24 UTC 2018 $PTII/bin/ptinvoke ptolemy.vergil.basic.export.ExportModel -force htm -run -openComposites -timeOut 30000 -whiteBackground org/ptolemy/machineImprovisation/demo/JazzImprovisation/JazzImprovisation.xml $PTII/org/ptolemy/machineImprovisation/demo/JazzImprovisation/JazzImprovisation
Running .JazzImprovisation
Chord: E7 Tones:[E, F#, G#, B, C#, D] Note being tested: E4
Accepted Note: E4
Chord: E7 Tones:[E, F#, G#, B, C#, D] Note being tested: G4
Chord: E7 Tones:[E, F#, G#, B, C#, D] Note being tested: G#4
Accepted Note: G#4
Chord: E7 Tones:[E, F#, G#, B, C#, D] Note being tested: B4
Accepted Note: B4
Chord: E7 Tones:[E, F#, G#, B, C#, D] Note being tested: D5
Accepted Note: D5
Chord: E7 Tones:[E, F#, G#, B, C#, D] Note being tested: F5
Chord: E7 Tones:[E, F#, G#, B, C#, D] Note being tested: G#5
Accepted Note: G#5
Chord: E7 Tones:[E, F#, G#, B, C#, D] Note being tested: E5
Accepted Note: E5
Chord: E7 Tones:[E, F#, G#, B, C#, D] Note being tested: G5
Chord: E7 Tones:[E, F#, G#, B, C#, D] Note being tested: C#5
Accepted Note: C#5
Chord: E7 Tones:[E, F#, G#, B, C#, D] Note being tested: F#4
Accepted Note: F#4
Chord: E7 Tones:[E, F#, G#, B, C#, D] Note being tested: D#5
Chord: E7 Tones:[E, F#, G#, B, C#, D] Note being tested: A4
Chord: E7 Tones:[E, F#, G#, B, C#, D] Note being tested: G4
Chord: E7 Tones:[E, F#, G#, B, C#, D] Note being tested: A4
Chord: E7 Tones:[E, F#, G#, B, C#, D] Note being tested: C#5
Accepted Note: C#5
Chord: E7 Tones:[E, F#, G#, B, C#, D] Note being tested: F5
Chord: E7 Tones:[E, F#, G#, B, C#, D] Note being tested: A5
Chord: E7 Tones:[E, F#, G#, B, C#, D] Note being tested: G4
Chord: E7 Tones:[E, F#, G#, B, C#, D] Note being tested: A4
Chord: E7 Tones:[E, F#, G#, B, C#, D] Note being tested: C#5
Accepted Note: C#5
Chord: E7 Tones:[E, F#, G#, B, C#, D] Note being tested: F5
Chord: E7 Tones:[E, F#, G#, B, C#, D] Note being tested: A5
Chord: E7 Tones:[E, F#, G#, B, C#, D] Note being tested: G4
Chord: E7 Tones:[E, F#, G#, B, C#, D] Note being tested: A4
Chord: E7 Tones:[E, F#, G#, B, C#, D] Note being tested: C#5
Accepted Note: C#5
Chord: E7 Tones:[E, F#, G#, B, C#, D] Note being tested: F5
Chord: E7 Tones:[E, F#, G#, B, C#, D] Note being tested: A5
Chord: E7 Tones:[E, F#, G#, B, C#, D] Note being tested: B4
Accepted Note: B4
Chord: E7 Tones:[E, F#, G#, B, C#, D] Note being tested: A#4
Chord: E7 Tones:[E, F#, G#, B, C#, D] Note being tested: G#4
Accepted Note: G#4
Chord: E7 Tones:[E, F#, G#, B, C#, D] Note being tested: G4
Chord: E7 Tones:[E, F#, G#, B, C#, D] Note being tested: F#4
Accepted Note: F#4
Chord: E7 Tones:[E, F#, G#, B, C#, D] Note being tested: F4
Chord: E7 Tones:[E, F#, G#, B, C#, D] Note being tested: E4
Accepted Note: E4
Chord: E7 Tones:[E, F#, G#, B, C#, D] Note being tested: D4
Accepted Note: D4
Chord: E7 Tones:[E, F#, G#, B, C#, D] Note being tested: D#4
Chord: E7 Tones:[E, F#, G#, B, C#, D] Note being tested: A#4
Chord: E7 Tones:[E, F#, G#, B, C#, D] Note being tested: B4
Accepted Note: B4
Chord: E7 Tones:[E, F#, G#, B, C#, D] Note being tested: A#4
Chord: E7 Tones:[E, F#, G#, B, C#, D] Note being tested: G#4
Accepted Note: G#4
Chord: E7 Tones:[E, F#, G#, B, C#, D] Note being tested: G4
Chord: E7 Tones:[E, F#, G#, B, C#, D] Note being tested: F#4
Accepted Note: F#4
Chord: E7 Tones:[E, F#, G#, B, C#, D] Note being tested: F4
Chord: E7 Tones:[E, F#, G#, B, C#, D] Note being tested: E4
Accepted Note: E4
Chord: E7 Tones:[E, F#, G#, B, C#, D] Note being tested: D4
Accepted Note: D4
Chord: E7 Tones:[E, F#, G#, B, C#, D] Note being tested: D#4
Chord: E7 Tones:[E, F#, G#, B, C#, D] Note being tested: A#4
Chord: E7 Tones:[E, F#, G#, B, C#, D] Note being tested: B4
Accepted Note: B4
Chord: E7 Tones:[E, F#, G#, B, C#, D] Note being tested: A#4
Chord: E7 Tones:[E, F#, G#, B, C#, D] Note being tested: G#4
Accepted Note: G#4
Chord: E7 Tones:[E, F#, G#, B, C#, D] Note being tested: G4
Chord: E7 Tones:[E, F#, G#, B, C#, D] Note being tested: F#4
Accepted Note: F#4
Chord: E7 Tones:[E, F#, G#, B, C#, D] Note being tested: F4
Chord: E7 Tones:[E, F#, G#, B, C#, D] Note being tested: E4
Accepted Note: E4
Chord: E7 Tones:[E, F#, G#, B, C#, D] Note being tested: D4
Accepted Note: D4
Chord: E7 Tones:[E, F#, G#, B, C#, D] Note being tested: D#4
Chord: E7 Tones:[E, F#, G#, B, C#, D] Note being tested: G4
Chord: E7 Tones:[E, F#, G#, B, C#, D] Note being tested: A#4
Chord: E7 Tones:[E, F#, G#, B, C#, D] Note being tested: E4
Accepted Note: E4
Chord: E7 Tones:[E, F#, G#, B, C#, D] Note being tested: G4
Chord: E7 Tones:[E, F#, G#, B, C#, D] Note being tested: G#4
Accepted Note: G#4
Chord: E7 Tones:[E, F#, G#, B, C#, D] Note being tested: B4
Accepted Note: B4
Chord: E7 Tones:[E, F#, G#, B, C#, D] Note being tested: D5
Accepted Note: D5
Chord: E7 Tones:[E, F#, G#, B, C#, D] Note being tested: F5
Chord: E7 Tones:[E, F#, G#, B, C#, D] Note being tested: G#5
Accepted Note: G#5
Chord: E7 Tones:[E, F#, G#, B, C#, D] Note being tested: E5
Accepted Note: E5
Chord: E7 Tones:[E, F#, G#, B, C#, D] Note being tested: G5
Chord: E7 Tones:[E, F#, G#, B, C#, D] Note being tested: C#5
Accepted Note: C#5
Chord: E7 Tones:[E, F#, G#, B, C#, D] Note being tested: F#4
Accepted Note: F#4
Chord: E7 Tones:[E, F#, G#, B, C#, D] Note being tested: D#5
Chord: E7 Tones:[E, F#, G#, B, C#, D] Note being tested: A4
Chord: E7 Tones:[E, F#, G#, B, C#, D] Note being tested: G4
Chord: E7 Tones:[E, F#, G#, B, C#, D] Note being tested: A4
Chord: E7 Tones:[E, F#, G#, B, C#, D] Note being tested: C#5
Accepted Note: C#5
Chord: E7 Tones:[E, F#, G#, B, C#, D] Note being tested: F5
Chord: E7 Tones:[E, F#, G#, B, C#, D] Note being tested: A5
Chord: E7 Tones:[E, F#, G#, B, C#, D] Note being tested: G4
Chord: E7 Tones:[E, F#, G#, B, C#, D] Note being tested: A4
Chord: E7 Tones:[E, F#, G#, B, C#, D] Note being tested: C#5
Accepted Note: C#5
Chord: E7 Tones:[E, F#, G#, B, C#, D] Note being tested: F5
Chord: E7 Tones:[E, F#, G#, B, C#, D] Note being tested: A5
Chord: E7 Tones:[E, F#, G#, B, C#, D] Note being tested: G4
Chord: E7 Tones:[E, F#, G#, B, C#, D] Note being tested: A4
Chord: E7 Tones:[E, F#, G#, B, C#, D] Note being tested: C#5
Accepted Note: C#5
Chord: E7 Tones:[E, F#, G#, B, C#, D] Note being tested: F5
Chord: E7 Tones:[E, F#, G#, B, C#, D] Note being tested: A5
Chord: E7 Tones:[E, F#, G#, B, C#, D] Note being tested: B4
Accepted Note: B4
Chord: E7 Tones:[E, F#, G#, B, C#, D] Note being tested: A#4
Chord: E7 Tones:[E, F#, G#, B, C#, D] Note being tested: G#4
Accepted Note: G#4
Chord: E7 Tones:[E, F#, G#, B, C#, D] Note being tested: G4
Chord: E7 Tones:[E, F#, G#, B, C#, D] Note being tested: F#4
Accepted Note: F#4
Chord: E7 Tones:[E, F#, G#, B, C#, D] Note being tested: F4
Chord: E7 Tones:[E, F#, G#, B, C#, D] Note being tested: E4
Accepted Note: E4
Chord: E7 Tones:[E, F#, G#, B, C#, D] Note being tested: D4
Accepted Note: D4
Chord: E7 Tones:[E, F#, G#, B, C#, D] Note being tested: D#4
Chord: E7 Tones:[E, F#, G#, B, C#, D] Note being tested: G4
Chord: E7 Tones:[E, F#, G#, B, C#, D] Note being tested: A4
Chord: E7 Tones:[E, F#, G#, B, C#, D] Note being tested: C#5
Accepted Note: C#5
Chord: E7 Tones:[E, F#, G#, B, C#, D] Note being tested: F5
Chord: E7 Tones:[E, F#, G#, B, C#, D] Note being tested: A5
Chord: E7 Tones:[E, F#, G#, B, C#, D] Note being tested: G4
Chord: E7 Tones:[E, F#, G#, B, C#, D] Note being tested: A4
Chord: E7 Tones:[E, F#, G#, B, C#, D] Note being tested: C#5
Accepted Note: C#5
Chord: E7 Tones:[E, F#, G#, B, C#, D] Note being tested: F5
Chord: E7 Tones:[E, F#, G#, B, C#, D] Note being tested: A5
Chord: E7 Tones:[E, F#, G#, B, C#, D] Note being tested: G4
Chord: E7 Tones:[E, F#, G#, B, C#, D] Note being tested: A4
Chord: E7 Tones:[E, F#, G#, B, C#, D] Note being tested: C#5
Accepted Note: C#5
Chord: E7 Tones:[E, F#, G#, B, C#, D] Note being tested: F5
Chord: E7 Tones:[E, F#, G#, B, C#, D] Note being tested: A5
Chord: E7 Tones:[E, F#, G#, B, C#, D] Note being tested: G4
Chord: E7 Tones:[E, F#, G#, B, C#, D] Note being tested: D4
Accepted Note: D4
Chord: E7 Tones:[E, F#, G#, B, C#, D] Note being tested: F4
Chord: E7 Tones:[E, F#, G#, B, C#, D] Note being tested: G4
Chord: E7 Tones:[E, F#, G#, B, C#, D] Note being tested: A4
Chord: E7 Tones:[E, F#, G#, B, C#, D] Note being tested: C#5
Accepted Note: C#5
Chord: E7 Tones:[E, F#, G#, B, C#, D] Note being tested: F5
Chord: E7 Tones:[E, F#, G#, B, C#, D] Note being tested: A5
Chord: E7 Tones:[E, F#, G#, B, C#, D] Note being tested: G4
Chord: E7 Tones:[E, F#, G#, B, C#, D] Note being tested: A4
Chord: E7 Tones:[E, F#, G#, B, C#, D] Note being tested: C#5
Accepted Note: C#5
Chord: E7 Tones:[E, F#, G#, B, C#, D] Note being tested: F5
Chord: E7 Tones:[E, F#, G#, B, C#, D] Note being tested: A5
Chord: E7 Tones:[E, F#, G#, B, C#, D] Note being tested: G4
Chord: E7 Tones:[E, F#, G#, B, C#, D] Note being tested: A4
Chord: E7 Tones:[E, F#, G#, B, C#, D] Note being tested: C#5
Accepted Note: C#5
Chord: E7 Tones:[E, F#, G#, B, C#, D] Note being tested: F5
Chord: E7 Tones:[E, F#, G#, B, C#, D] Note being tested: A5
Chord: E7 Tones:[E, F#, G#, B, C#, D] Note being tested: G4
Chord: E7 Tones:[E, F#, G#, B, C#, D] Note being tested: A4
Chord: E7 Tones:[E, F#, G#, B, C#, D] Note being tested: C#5
Accepted Note: C#5
Chord: E7 Tones:[E, F#, G#, B, C#, D] Note being tested: F5
Chord: E7 Tones:[E, F#, G#, B, C#, D] Note being tested: A5
Chord: E7 Tones:[E, F#, G#, B, C#, D] Note being tested: G4
Chord: E7 Tones:[E, F#, G#, B, C#, D] Note being tested: A4
Chord: E7 Tones:[E, F#, G#, B, C#, D] Note being tested: C#5
Accepted Note: C#5
Chord: E7 Tones:[E, F#, G#, B, C#, D] Note being tested: F5
Chord: E7 Tones:[E, F#, G#, B, C#, D] Note being tested: A5
Chord: E7 Tones:[E, F#, G#, B, C#, D] Note being tested: G4
Chord: E7 Tones:[E, F#, G#, B, C#, D] Note being tested: A4
Chord: E7 Tones:[E, F#, G#, B, C#, D] Note being tested: C#5
Accepted Note: C#5
Chord: E7 Tones:[E, F#, G#, B, C#, D] Note being tested: F5
Chord: E7 Tones:[E, F#, G#, B, C#, D] Note being tested: A5
Chord: E7 Tones:[E, F#, G#, B, C#, D] Note being tested: D#4
Chord: E7 Tones:[E, F#, G#, B, C#, D] Note being tested: B4
Accepted Note: B4
Chord: E7 Tones:[E, F#, G#, B, C#, D] Note being tested: A#4
Chord: E7 Tones:[E, F#, G#, B, C#, D] Note being tested: G#4
Accepted Note: G#4
Chord: E7 Tones:[E, F#, G#, B, C#, D] Note being tested: G4
Chord: E7 Tones:[E, F#, G#, B, C#, D] Note being tested: F#4
Accepted Note: F#4
Chord: E7 Tones:[E, F#, G#, B, C#, D] Note being tested: F4
Chord: E7 Tones:[E, F#, G#, B, C#, D] Note being tested: E4
Accepted Note: E4
Chord: E7 Tones:[E, F#, G#, B, C#, D] Note being tested: D4
Accepted Note: D4
Chord: E7 Tones:[E, F#, G#, B, C#, D] Note being tested: D#4
Chord: E7 Tones:[E, F#, G#, B, C#, D] Note being tested: A#4
Chord: E7 Tones:[E, F#, G#, B, C#, D] Note being tested: G4
Chord: E7 Tones:[E, F#, G#, B, C#, D] Note being tested: A4
Chord: E7 Tones:[E, F#, G#, B, C#, D] Note being tested: C#5
Accepted Note: C#5
Chord: E7 Tones:[E, F#, G#, B, C#, D] Note being tested: F5
Chord: E7 Tones:[E, F#, G#, B, C#, D] Note being tested: A5
Chord: E7 Tones:[E, F#, G#, B, C#, D] Note being tested: G4
Chord: E7 Tones:[E, F#, G#, B, C#, D] Note being tested: A4
Chord: E7 Tones:[E, F#, G#, B, C#, D] Note being tested: C#5
Accepted Note: C#5
Chord: E7 Tones:[E, F#, G#, B, C#, D] Note being tested: F5
Chord: E7 Tones:[E, F#, G#, B, C#, D] Note being tested: A5
Chord: E7 Tones:[E, F#, G#, B, C#, D] Note being tested: G4
Chord: E7 Tones:[E, F#, G#, B, C#, D] Note being tested: A4
Chord: E7 Tones:[E, F#, G#, B, C#, D] Note being tested: C#5
Accepted Note: C#5
Chord: E7 Tones:[E, F#, G#, B, C#, D] Note being tested: F5
Chord: E7 Tones:[E, F#, G#, B, C#, D] Note being tested: A5
Chord: E7 Tones:[E, F#, G#, B, C#, D] Note being tested: E4
Accepted Note: E4
Chord: E7 Tones:[E, F#, G#, B, C#, D] Note being tested: G4
Chord: E7 Tones:[E, F#, G#, B, C#, D] Note being tested: G#4
Accepted Note: G#4
Chord: E7 Tones:[E, F#, G#, B, C#, D] Note being tested: B4
Accepted Note: B4
Chord: E7 Tones:[E, F#, G#, B, C#, D] Note being tested: D5
Accepted Note: D5
Chord: E7 Tones:[E, F#, G#, B, C#, D] Note being tested: F5
Chord: E7 Tones:[E, F#, G#, B, C#, D] Note being tested: G#5
Accepted Note: G#5
Chord: E7 Tones:[E, F#, G#, B, C#, D] Note being tested: E5
Accepted Note: E5
Chord: E7 Tones:[E, F#, G#, B, C#, D] Note being tested: G5
Chord: E7 Tones:[E, F#, G#, B, C#, D] Note being tested: C#5
Accepted Note: C#5
Chord: E7 Tones:[E, F#, G#, B, C#, D] Note being tested: F#4
Accepted Note: F#4
Chord: E7 Tones:[E, F#, G#, B, C#, D] Note being tested: D#5
Chord: E7 Tones:[E, F#, G#, B, C#, D] Note being tested: A4
Chord: E7 Tones:[E, F#, G#, B, C#, D] Note being tested: G4
Chord: E7 Tones:[E, F#, G#, B, C#, D] Note being tested: A4
Chord: E7 Tones:[E, F#, G#, B, C#, D] Note being tested: C#5
Accepted Note: C#5
Chord: E7 Tones:[E, F#, G#, B, C#, D] Note being tested: F5
Chord: E7 Tones:[E, F#, G#, B, C#, D] Note being tested: A5
Chord: E7 Tones:[E, F#, G#, B, C#, D] Note being tested: G4
Chord: E7 Tones:[E, F#, G#, B, C#, D] Note being tested: A4
Chord: E7 Tones:[E, F#, G#, B, C#, D] Note being tested: C#5
Accepted Note: C#5
Chord: E7 Tones:[E, F#, G#, B, C#, D] Note being tested: F5
Chord: E7 Tones:[E, F#, G#, B, C#, D] Note being tested: A5
Chord: E7 Tones:[E, F#, G#, B, C#, D] Note being tested: G4
Chord: E7 Tones:[E, F#, G#, B, C#, D] Note being tested: A4
Chord: E7 Tones:[E, F#, G#, B, C#, D] Note being tested: C#5
Accepted Note: C#5
Chord: E7 Tones:[E, F#, G#, B, C#, D] Note being tested: F5
Chord: E7 Tones:[E, F#, G#, B, C#, D] Note being tested: A5
Chord: E7 Tones:[E, F#, G#, B, C#, D] Note being tested: B4
Accepted Note: B4
Chord: E7 Tones:[E, F#, G#, B, C#, D] Note being tested: A#4
Chord: E7 Tones:[E, F#, G#, B, C#, D] Note being tested: G#4
Accepted Note: G#4
Chord: E7 Tones:[E, F#, G#, B, C#, D] Note being tested: G4
Chord: E7 Tones:[E, F#, G#, B, C#, D] Note being tested: F#4
Accepted Note: F#4
Chord: E7 Tones:[E, F#, G#, B, C#, D] Note being tested: F4
Chord: E7 Tones:[E, F#, G#, B, C#, D] Note being tested: E4
Accepted Note: E4
Chord: E7 Tones:[E, F#, G#, B, C#, D] Note being tested: D4
Accepted Note: D4
Chord: E7 Tones:[E, F#, G#, B, C#, D] Note being tested: D#4
Chord: E7 Tones:[E, F#, G#, B, C#, D] Note being tested: G4
Chord: E7 Tones:[E, F#, G#, B, C#, D] Note being tested: A4
Chord: E7 Tones:[E, F#, G#, B, C#, D] Note being tested: C#5
Accepted Note: C#5
Chord: E7 Tones:[E, F#, G#, B, C#, D] Note being tested: F5
Chord: E7 Tones:[E, F#, G#, B, C#, D] Note being tested: A5
Chord: E7 Tones:[E, F#, G#, B, C#, D] Note being tested: G4
Chord: E7 Tones:[E, F#, G#, B, C#, D] Note being tested: A4
Chord: E7 Tones:[E, F#, G#, B, C#, D] Note being tested: C#5
Accepted Note: C#5
Chord: E7 Tones:[E, F#, G#, B, C#, D] Note being tested: F5
Chord: E7 Tones:[E, F#, G#, B, C#, D] Note being tested: A5
Chord: E7 Tones:[E, F#, G#, B, C#, D] Note being tested: G4
Chord: E7 Tones:[E, F#, G#, B, C#, D] Note being tested: A4
Chord: E7 Tones:[E, F#, G#, B, C#, D] Note being tested: C#5
Accepted Note: C#5
Chord: E7 Tones:[E, F#, G#, B, C#, D] Note being tested: F5
Chord: E7 Tones:[E, F#, G#, B, C#, D] Note being tested: A5
Chord: E7 Tones:[E, F#, G#, B, C#, D] Note being tested: G4
Chord: E7 Tones:[E, F#, G#, B, C#, D] Note being tested: A#4
Chord: E7 Tones:[E, F#, G#, B, C#, D] Note being tested: B4
Accepted Note: B4
Chord: E7 Tones:[E, F#, G#, B, C#, D] Note being tested: A#4
Chord: E7 Tones:[E, F#, G#, B, C#, D] Note being tested: G#4
Accepted Note: G#4
Chord: E7 Tones:[E, F#, G#, B, C#, D] Note being tested: G4
Chord: E7 Tones:[E, F#, G#, B, C#, D] Note being tested: F#4
Accepted Note: F#4
Chord: E7 Tones:[E, F#, G#, B, C#, D] Note being tested: F4
Chord: E7 Tones:[E, F#, G#, B, C#, D] Note being tested: E4
Accepted Note: E4
Chord: E7 Tones:[E, F#, G#, B, C#, D] Note being tested: D4
Accepted Note: D4
Chord: E7 Tones:[E, F#, G#, B, C#, D] Note being tested: D#4
Chord: E7 Tones:[E, F#, G#, B, C#, D] Note being tested: A#4
Chord: E7 Tones:[E, F#, G#, B, C#, D] Note being tested: G4
Chord: E7 Tones:[E, F#, G#, B, C#, D] Note being tested: A4
Chord: E7 Tones:[E, F#, G#, B, C#, D] Note being tested: C#5
Accepted Note: C#5
Chord: E7 Tones:[E, F#, G#, B, C#, D] Note being tested: F5
Chord: E7 Tones:[E, F#, G#, B, C#, D] Note being tested: A5
Chord: E7 Tones:[E, F#, G#, B, C#, D] Note being tested: G4
Chord: E7 Tones:[E, F#, G#, B, C#, D] Note being tested: A4
Chord: E7 Tones:[E, F#, G#, B, C#, D] Note being tested: C#5
Accepted Note: C#5
Chord: E7 Tones:[E, F#, G#, B, C#, D] Note being tested: F5
Chord: E7 Tones:[E, F#, G#, B, C#, D] Note being tested: A5
Chord: E7 Tones:[E, F#, G#, B, C#, D] Note being tested: G4
Chord: E7 Tones:[E, F#, G#, B, C#, D] Note being tested: A4
Chord: E7 Tones:[E, F#, G#, B, C#, D] Note being tested: C#5
Accepted Note: C#5
Chord: E7 Tones:[E, F#, G#, B, C#, D] Note being tested: F5
Chord: E7 Tones:[E, F#, G#, B, C#, D] Note being tested: A5
Chord: E7 Tones:[E, F#, G#, B, C#, D] Note being tested: B4
Accepted Note: B4
Chord: E7 Tones:[E, F#, G#, B, C#, D] Note being tested: A#4
Chord: E7 Tones:[E, F#, G#, B, C#, D] Note being tested: G#4
Accepted Note: G#4
Chord: E7 Tones:[E, F#, G#, B, C#, D] Note being tested: G4
Chord: E7 Tones:[E, F#, G#, B, C#, D] Note being tested: F#4
Accepted Note: F#4
Chord: E7 Tones:[E, F#, G#, B, C#, D] Note being tested: F4
Chord: E7 Tones:[E, F#, G#, B, C#, D] Note being tested: E4
Accepted Note: E4
Chord: E7 Tones:[E, F#, G#, B, C#, D] Note being tested: D4
Accepted Note: D4
Chord: E7 Tones:[E, F#, G#, B, C#, D] Note being tested: D#4
Chord: E7 Tones:[E, F#, G#, B, C#, D] Note being tested: G4
Chord: E7 Tones:[E, F#, G#, B, C#, D] Note being tested: A4
Chord: E7 Tones:[E, F#, G#, B, C#, D] Note being tested: C#5
Accepted Note: C#5
Chord: E7 Tones:[E, F#, G#, B, C#, D] Note being tested: F5
Chord: E7 Tones:[E, F#, G#, B, C#, D] Note being tested: A5
Chord: E7 Tones:[E, F#, G#, B, C#, D] Note being tested: G4
Chord: E7 Tones:[E, F#, G#, B, C#, D] Note being tested: A4
Chord: E7 Tones:[E, F#, G#, B, C#, D] Note being tested: C#5
Accepted Note: C#5
Chord: E7 Tones:[E, F#, G#, B, C#, D] Note being tested: F5
Chord: E7 Tones:[E, F#, G#, B, C#, D] Note being tested: A5
Chord: E7 Tones:[E, F#, G#, B, C#, D] Note being tested: G4
Chord: E7 Tones:[E, F#, G#, B, C#, D] Note being tested: A4
Chord: E7 Tones:[E, F#, G#, B, C#, D] Note being tested: C#5
Accepted Note: C#5
Chord: E7 Tones:[E, F#, G#, B, C#, D] Note being tested: F5
Chord: E7 Tones:[E, F#, G#, B, C#, D] Note being tested: A5
Chord: E7 Tones:[E, F#, G#, B, C#, D] Note being tested: E4
Accepted Note: E4
Chord: E7 Tones:[E, F#, G#, B, C#, D] Note being tested: G4
Chord: E7 Tones:[E, F#, G#, B, C#, D] Note being tested: G#4
Accepted Note: G#4
Chord: E7 Tones:[E, F#, G#, B, C#, D] Note being tested: B4
Accepted Note: B4
Chord: E7 Tones:[E, F#, G#, B, C#, D] Note being tested: D5
Accepted Note: D5
Chord: E7 Tones:[E, F#, G#, B, C#, D] Note being tested: F5
Chord: E7 Tones:[E, F#, G#, B, C#, D] Note being tested: G#5
Accepted Note: G#5
Chord: E7 Tones:[E, F#, G#, B, C#, D] Note being tested: E5
Accepted Note: E5
Chord: E7 Tones:[E, F#, G#, B, C#, D] Note being tested: G5
Chord: E7 Tones:[E, F#, G#, B, C#, D] Note being tested: C#5
Accepted Note: C#5
Chord: E7 Tones:[E, F#, G#, B, C#, D] Note being tested: F#4
Accepted Note: F#4
Chord: E7 Tones:[E, F#, G#, B, C#, D] Note being tested: D#5
Chord: E7 Tones:[E, F#, G#, B, C#, D] Note being tested: A4
Chord: E7 Tones:[E, F#, G#, B, C#, D] Note being tested: A#4
Chord: E7 Tones:[E, F#, G#, B, C#, D] Note being tested: B4
Accepted Note: B4
Chord: E7 Tones:[E, F#, G#, B, C#, D] Note being tested: A#4
Chord: E7 Tones:[E, F#, G#, B, C#, D] Note being tested: G#4
Accepted Note: G#4
Chord: E7 Tones:[E, F#, G#, B, C#, D] Note being tested: G4
Chord: E7 Tones:[E, F#, G#, B, C#, D] Note being tested: F#4
Accepted Note: F#4
Chord: E7 Tones:[E, F#, G#, B, C#, D] Note being tested: F4
Chord: E7 Tones:[E, F#, G#, B, C#, D] Note being tested: E4
Accepted Note: E4
Chord: E7 Tones:[E, F#, G#, B, C#, D] Note being tested: D4
Accepted Note: D4
Chord: E7 Tones:[E, F#, G#, B, C#, D] Note being tested: D#4
Chord: E7 Tones:[E, F#, G#, B, C#, D] Note being tested: G4
Chord: E7 Tones:[E, F#, G#, B, C#, D] Note being tested: A4
Chord: E7 Tones:[E, F#, G#, B, C#, D] Note being tested: C#5
Accepted Note: C#5
Chord: E7 Tones:[E, F#, G#, B, C#, D] Note being tested: F5
Chord: E7 Tones:[E, F#, G#, B, C#, D] Note being tested: A5
Chord: E7 Tones:[E, F#, G#, B, C#, D] Note being tested: G4
Chord: E7 Tones:[E, F#, G#, B, C#, D] Note being tested: A4
Chord: E7 Tones:[E, F#, G#, B, C#, D] Note being tested: C#5
Accepted Note: C#5
Chord: E7 Tones:[E, F#, G#, B, C#, D] Note being tested: F5
Chord: E7 Tones:[E, F#, G#, B, C#, D] Note being tested: A5
Chord: E7 Tones:[E, F#, G#, B, C#, D] Note being tested: G4
Chord: E7 Tones:[E, F#, G#, B, C#, D] Note being tested: A4
Chord: E7 Tones:[E, F#, G#, B, C#, D] Note being tested: C#5
Accepted Note: C#5
Chord: E7 Tones:[E, F#, G#, B, C#, D] Note being tested: F5
Chord: E7 Tones:[E, F#, G#, B, C#, D] Note being tested: A5
Chord: E7 Tones:[E, F#, G#, B, C#, D] Note being tested: G4
Chord: E7 Tones:[E, F#, G#, B, C#, D] Note being tested: A4
Chord: E7 Tones:[E, F#, G#, B, C#, D] Note being tested: C#5
Accepted Note: C#5
Chord: E7 Tones:[E, F#, G#, B, C#, D] Note being tested: F5
Chord: E7 Tones:[E, F#, G#, B, C#, D] Note being tested: A5
Chord: E7 Tones:[E, F#, G#, B, C#, D] Note being tested: G4
Chord: E7 Tones:[E, F#, G#, B, C#, D] Note being tested: A4
Chord: E7 Tones:[E, F#, G#, B, C#, D] Note being tested: C#5
Accepted Note: C#5
Chord: E7 Tones:[E, F#, G#, B, C#, D] Note being tested: F5
Chord: E7 Tones:[E, F#, G#, B, C#, D] Note being tested: A5
Chord: E7 Tones:[E, F#, G#, B, C#, D] Note being tested: G4
Chord: E7 Tones:[E, F#, G#, B, C#, D] Note being tested: A4
Chord: E7 Tones:[E, F#, G#, B, C#, D] Note being tested: C#5
Accepted Note: C#5
Chord: E7 Tones:[E, F#, G#, B, C#, D] Note being tested: F5
Chord: E7 Tones:[E, F#, G#, B, C#, D] Note being tested: A5
Chord: E7 Tones:[E, F#, G#, B, C#, D] Note being tested: A#4
Chord: E7 Tones:[E, F#, G#, B, C#, D] Note being tested: B4
Accepted Note: B4
Chord: E7 Tones:[E, F#, G#, B, C#, D] Note being tested: A#4
Chord: E7 Tones:[E, F#, G#, B, C#, D] Note being tested: G#4
Accepted Note: G#4
Chord: E7 Tones:[E, F#, G#, B, C#, D] Note being tested: G4
Chord: E7 Tones:[E, F#, G#, B, C#, D] Note being tested: F#4
Accepted Note: F#4
Chord: E7 Tones:[E, F#, G#, B, C#, D] Note being tested: F4
Chord: E7 Tones:[E, F#, G#, B, C#, D] Note being tested: E4
Accepted Note: E4
Chord: E7 Tones:[E, F#, G#, B, C#, D] Note being tested: D4
Accepted Note: D4
Chord: E7 Tones:[E, F#, G#, B, C#, D] Note being tested: D#4
Chord: E7 Tones:[E, F#, G#, B, C#, D] Note being tested: B4
Accepted Note: B4
Chord: E7 Tones:[E, F#, G#, B, C#, D] Note being tested: A#4
Chord: E7 Tones:[E, F#, G#, B, C#, D] Note being tested: G#4
Accepted Note: G#4
Chord: E7 Tones:[E, F#, G#, B, C#, D] Note being tested: G4
Chord: E7 Tones:[E, F#, G#, B, C#, D] Note being tested: F#4
Accepted Note: F#4
Chord: E7 Tones:[E, F#, G#, B, C#, D] Note being tested: F4
Chord: E7 Tones:[E, F#, G#, B, C#, D] Note being tested: E4
Accepted Note: E4
Chord: E7 Tones:[E, F#, G#, B, C#, D] Note being tested: D4
Accepted Note: D4
Chord: E7 Tones:[E, F#, G#, B, C#, D] Note being tested: D#4
Chord: E7 Tones:[E, F#, G#, B, C#, D] Note being tested: B4
Accepted Note: B4
Chord: E7 Tones:[E, F#, G#, B, C#, D] Note being tested: A#4
Chord: E7 Tones:[E, F#, G#, B, C#, D] Note being tested: G#4
Accepted Note: G#4
Chord: E7 Tones:[E, F#, G#, B, C#, D] Note being tested: G4
Chord: E7 Tones:[E, F#, G#, B, C#, D] Note being tested: F#4
Accepted Note: F#4
Chord: E7 Tones:[E, F#, G#, B, C#, D] Note being tested: F4
Chord: E7 Tones:[E, F#, G#, B, C#, D] Note being tested: E4
Accepted Note: E4
Chord: E7 Tones:[E, F#, G#, B, C#, D] Note being tested: D4
Accepted Note: D4
Chord: E7 Tones:[E, F#, G#, B, C#, D] Note being tested: D#4
Chord: E7 Tones:[E, F#, G#, B, C#, D] Note being tested: G4
Chord: E7 Tones:[E, F#, G#, B, C#, D] Note being tested: A4
Chord: E7 Tones:[E, F#, G#, B, C#, D] Note being tested: C#5
Accepted Note: C#5
Chord: E7 Tones:[E, F#, G#, B, C#, D] Note being tested: F5
Chord: E7 Tones:[E, F#, G#, B, C#, D] Note being tested: A5
Chord: E7 Tones:[E, F#, G#, B, C#, D] Note being tested: G4
Chord: E7 Tones:[E, F#, G#, B, C#, D] Note being tested: A4
Chord: E7 Tones:[E, F#, G#, B, C#, D] Note being tested: C#5
Accepted Note: C#5
Chord: E7 Tones:[E, F#, G#, B, C#, D] Note being tested: F5
Chord: E7 Tones:[E, F#, G#, B, C#, D] Note being tested: A5
Chord: E7 Tones:[E, F#, G#, B, C#, D] Note being tested: G4
Chord: E7 Tones:[E, F#, G#, B, C#, D] Note being tested: A4
Chord: E7 Tones:[E, F#, G#, B, C#, D] Note being tested: C#5
Accepted Note: C#5
Chord: E7 Tones:[E, F#, G#, B, C#, D] Note being tested: F5
Chord: E7 Tones:[E, F#, G#, B, C#, D] Note being tested: A5
Chord: E7 Tones:[E, F#, G#, B, C#, D] Note being tested: G4
Chord: E7 Tones:[E, F#, G#, B, C#, D] Note being tested: A4
Chord: E7 Tones:[E, F#, G#, B, C#, D] Note being tested: C#5
Accepted Note: C#5
Chord: E7 Tones:[E, F#, G#, B, C#, D] Note being tested: F5
Chord: E7 Tones:[E, F#, G#, B, C#, D] Note being tested: A5
Chord: E7 Tones:[E, F#, G#, B, C#, D] Note being tested: G4
Chord: E7 Tones:[E, F#, G#, B, C#, D] Note being tested: A4
Chord: E7 Tones:[E, F#, G#, B, C#, D] Note being tested: C#5
Accepted Note: C#5
Chord: E7 Tones:[E, F#, G#, B, C#, D] Note being tested: F5
Chord: E7 Tones:[E, F#, G#, B, C#, D] Note being tested: A5
Chord: E7 Tones:[E, F#, G#, B, C#, D] Note being tested: G4
Chord: E7 Tones:[E, F#, G#, B, C#, D] Note being tested: A4
Chord: E7 Tones:[E, F#, G#, B, C#, D] Note being tested: C#5
Accepted Note: C#5
Chord: E7 Tones:[E, F#, G#, B, C#, D] Note being tested: F5
Chord: E7 Tones:[E, F#, G#, B, C#, D] Note being tested: A5
Chord: E7 Tones:[E, F#, G#, B, C#, D] Note being tested: G4
Chord: E7 Tones:[E, F#, G#, B, C#, D] Note being tested: A4
Chord: E7 Tones:[E, F#, G#, B, C#, D] Note being tested: C#5
Accepted Note: C#5
Chord: E7 Tones:[E, F#, G#, B, C#, D] Note being tested: F5
Chord: E7 Tones:[E, F#, G#, B, C#, D] Note being tested: A5
Chord: E7 Tones:[E, F#, G#, B, C#, D] Note being tested: G4
Chord: E7 Tones:[E, F#, G#, B, C#, D] Note being tested: A4
Chord: E7 Tones:[E, F#, G#, B, C#, D] Note being tested: C#5
Accepted Note: C#5
Chord: E7 Tones:[E, F#, G#, B, C#, D] Note being tested: F5
Chord: E7 Tones:[E, F#, G#, B, C#, D] Note being tested: A5
Chord: E7 Tones:[E, F#, G#, B, C#, D] Note being tested: G4
Chord: E7 Tones:[E, F#, G#, B, C#, D] Note being tested: A4
Chord: E7 Tones:[E, F#, G#, B, C#, D] Note being tested: C#5
Accepted Note: C#5
Chord: E7 Tones:[E, F#, G#, B, C#, D] Note being tested: F5
Chord: E7 Tones:[E, F#, G#, B, C#, D] Note being tested: A5
Chord: E7 Tones:[E, F#, G#, B, C#, D] Note being tested: G4
Chord: E7 Tones:[E, F#, G#, B, C#, D] Note being tested: G4
Chord: E7 Tones:[E, F#, G#, B, C#, D] Note being tested: A4
Chord: E7 Tones:[E, F#, G#, B, C#, D] Note being tested: C#5
Accepted Note: C#5
Chord: E7 Tones:[E, F#, G#, B, C#, D] Note being tested: F5
Chord: E7 Tones:[E, F#, G#, B, C#, D] Note being tested: A5
Chord: E7 Tones:[E, F#, G#, B, C#, D] Note being tested: G4
Chord: E7 Tones:[E, F#, G#, B, C#, D] Note being tested: A4
Chord: E7 Tones:[E, F#, G#, B, C#, D] Note being tested: C#5
Accepted Note: C#5
Chord: E7 Tones:[E, F#, G#, B, C#, D] Note being tested: F5
Chord: E7 Tones:[E, F#, G#, B, C#, D] Note being tested: A5
Chord: E7 Tones:[E, F#, G#, B, C#, D] Note being tested: G4
Chord: E7 Tones:[E, F#, G#, B, C#, D] Note being tested: A4
Chord: E7 Tones:[E, F#, G#, B, C#, D] Note being tested: C#5
Accepted Note: C#5
Chord: E7 Tones:[E, F#, G#, B, C#, D] Note being tested: F5
Chord: E7 Tones:[E, F#, G#, B, C#, D] Note being tested: A5
Chord: E7 Tones:[E, F#, G#, B, C#, D] Note being tested: G4
Chord: E7 Tones:[E, F#, G#, B, C#, D] Note being tested: A4
Chord: E7 Tones:[E, F#, G#, B, C#, D] Note being tested: C#5
Accepted Note: C#5
Chord: E7 Tones:[E, F#, G#, B, C#, D] Note being tested: F5
Chord: E7 Tones:[E, F#, G#, B, C#, D] Note being tested: A5
Chord: E7 Tones:[E, F#, G#, B, C#, D] Note being tested: G4
Chord: E7 Tones:[E, F#, G#, B, C#, D] Note being tested: A4
Chord: E7 Tones:[E, F#, G#, B, C#, D] Note being tested: C#5
Accepted Note: C#5
Chord: E7 Tones:[E, F#, G#, B, C#, D] Note being tested: F5
Chord: E7 Tones:[E, F#, G#, B, C#, D] Note being tested: A5
Chord: E7 Tones:[E, F#, G#, B, C#, D] Note being tested: G4
Chord: E7 Tones:[E, F#, G#, B, C#, D] Note being tested: A4
Chord: E7 Tones:[E, F#, G#, B, C#, D] Note being tested: C#5
Accepted Note: C#5
Chord: E7 Tones:[E, F#, G#, B, C#, D] Note being tested: F5
Chord: E7 Tones:[E, F#, G#, B, C#, D] Note being tested: A5
Chord: E7 Tones:[E, F#, G#, B, C#, D] Note being tested: G4
Chord: E7 Tones:[E, F#, G#, B, C#, D] Note being tested: A4
Chord: E7 Tones:[E, F#, G#, B, C#, D] Note being tested: C#5
Accepted Note: C#5
Chord: E7 Tones:[E, F#, G#, B, C#, D] Note being tested: F5
Chord: E7 Tones:[E, F#, G#, B, C#, D] Note being tested: A5
Chord: E7 Tones:[E, F#, G#, B, C#, D] Note being tested: G4
Chord: E7 Tones:[E, F#, G#, B, C#, D] Note being tested: A4
Chord: E7 Tones:[E, F#, G#, B, C#, D] Note being tested: C#5
Accepted Note: C#5
Chord: E7 Tones:[E, F#, G#, B, C#, D] Note being tested: F5
Chord: E7 Tones:[E, F#, G#, B, C#, D] Note being tested: A5
Chord: E7 Tones:[E, F#, G#, B, C#, D] Note being tested: G4
Chord: E7 Tones:[E, F#, G#, B, C#, D] Note being tested: A4
Chord: E7 Tones:[E, F#, G#, B, C#, D] Note being tested: C#5
Accepted Note: C#5
Chord: E7 Tones:[E, F#, G#, B, C#, D] Note being tested: F5
Chord: E7 Tones:[E, F#, G#, B, C#, D] Note being tested: A5
Chord: E7 Tones:[E, F#, G#, B, C#, D] Note being tested: G4
Chord: E7 Tones:[E, F#, G#, B, C#, D] Note being tested: A4
Chord: E7 Tones:[E, F#, G#, B, C#, D] Note being tested: C#5
Accepted Note: C#5
Chord: E7 Tones:[E, F#, G#, B, C#, D] Note being tested: F5
Chord: E7 Tones:[E, F#, G#, B, C#, D] Note being tested: A5
Chord: E7 Tones:[E, F#, G#, B, C#, D] Note being tested: G4
Chord: E7 Tones:[E, F#, G#, B, C#, D] Note being tested: A4
Chord: E7 Tones:[E, F#, G#, B, C#, D] Note being tested: C#5
Accepted Note: C#5
Chord: E7 Tones:[E, F#, G#, B, C#, D] Note being tested: F5
Chord: E7 Tones:[E, F#, G#, B, C#, D] Note being tested: A5
Chord: E7 Tones:[E, F#, G#, B, C#, D] Note being tested: G4
Chord: E7 Tones:[E, F#, G#, B, C#, D] Note being tested: A4
Chord: E7 Tones:[E, F#, G#, B, C#, D] Note being tested: C#5
Accepted Note: C#5
Chord: E7 Tones:[E, F#, G#, B, C#, D] Note being tested: F5
Chord: E7 Tones:[E, F#, G#, B, C#, D] Note being tested: A5
Chord: E7 Tones:[E, F#, G#, B, C#, D] Note being tested: B4
Accepted Note: B4
Chord: E7 Tones:[E, F#, G#, B, C#, D] Note being tested: A#4
Chord: E7 Tones:[E, F#, G#, B, C#, D] Note being tested: G#4
Accepted Note: G#4
Chord: E7 Tones:[E, F#, G#, B, C#, D] Note being tested: G4
Chord: E7 Tones:[E, F#, G#, B, C#, D] Note being tested: F#4
Accepted Note: F#4
Chord: E7 Tones:[E, F#, G#, B, C#, D] Note being tested: F4
Chord: E7 Tones:[E, F#, G#, B, C#, D] Note being tested: E4
Accepted Note: E4
Chord: E7 Tones:[E, F#, G#, B, C#, D] Note being tested: D4
Accepted Note: D4
Chord: E7 Tones:[E, F#, G#, B, C#, D] Note being tested: D#4
Chord: E7 Tones:[E, F#, G#, B, C#, D] Note being tested: E4
Accepted Note: E4
Chord: E7 Tones:[E, F#, G#, B, C#, D] Note being tested: G4
Chord: E7 Tones:[E, F#, G#, B, C#, D] Note being tested: G#4
Accepted Note: G#4
Chord: E7 Tones:[E, F#, G#, B, C#, D] Note being tested: B4
Accepted Note: B4
Chord: E7 Tones:[E, F#, G#, B, C#, D] Note being tested: D5
Accepted Note: D5
Chord: E7 Tones:[E, F#, G#, B, C#, D] Note being tested: F5
Chord: E7 Tones:[E, F#, G#, B, C#, D] Note being tested: G#5
Accepted Note: G#5
Chord: E7 Tones:[E, F#, G#, B, C#, D] Note being tested: E5
Accepted Note: E5
Chord: E7 Tones:[E, F#, G#, B, C#, D] Note being tested: G5
Chord: E7 Tones:[E, F#, G#, B, C#, D] Note being tested: C#5
Accepted Note: C#5
Chord: E7 Tones:[E, F#, G#, B, C#, D] Note being tested: F#4
Accepted Note: F#4
Chord: E7 Tones:[E, F#, G#, B, C#, D] Note being tested: D#5
Chord: E7 Tones:[E, F#, G#, B, C#, D] Note being tested: A4
Chord: A7 Tones:[A, B, C#, E, F#, G] Note being tested: A#4
Chord: A7 Tones:[A, B, C#, E, F#, G] Note being tested: G4
Accepted Note: G4
Chord: A7 Tones:[A, B, C#, E, F#, G] Note being tested: E4
Accepted Note: E4
Chord: A7 Tones:[A, B, C#, E, F#, G] Note being tested: G4
Accepted Note: G4
Chord: A7 Tones:[A, B, C#, E, F#, G] Note being tested: G#4
Chord: A7 Tones:[A, B, C#, E, F#, G] Note being tested: B4
Accepted Note: B4
Chord: A7 Tones:[A, B, C#, E, F#, G] Note being tested: D5
Chord: A7 Tones:[A, B, C#, E, F#, G] Note being tested: F5
Chord: A7 Tones:[A, B, C#, E, F#, G] Note being tested: G#5
Chord: A7 Tones:[A, B, C#, E, F#, G] Note being tested: E5
Accepted Note: E5
Chord: A7 Tones:[A, B, C#, E, F#, G] Note being tested: G5
Accepted Note: G5
Chord: A7 Tones:[A, B, C#, E, F#, G] Note being tested: C#5
Accepted Note: C#5
Chord: A7 Tones:[A, B, C#, E, F#, G] Note being tested: F#4
Accepted Note: F#4
Chord: A7 Tones:[A, B, C#, E, F#, G] Note being tested: D#5
Chord: A7 Tones:[A, B, C#, E, F#, G] Note being tested: A4
Accepted Note: A4
Chord: A7 Tones:[A, B, C#, E, F#, G] Note being tested: G4
Accepted Note: G4
Chord: A7 Tones:[A, B, C#, E, F#, G] Note being tested: A4
Accepted Note: A4
Chord: A7 Tones:[A, B, C#, E, F#, G] Note being tested: C#5
Accepted Note: C#5
Chord: A7 Tones:[A, B, C#, E, F#, G] Note being tested: F5
Chord: A7 Tones:[A, B, C#, E, F#, G] Note being tested: A5
Accepted Note: A5
Chord: A7 Tones:[A, B, C#, E, F#, G] Note being tested: G4
Accepted Note: G4
Chord: A7 Tones:[A, B, C#, E, F#, G] Note being tested: B4
Accepted Note: B4
Chord: A7 Tones:[A, B, C#, E, F#, G] Note being tested: A#4
Chord: A7 Tones:[A, B, C#, E, F#, G] Note being tested: G#4
Chord: A7 Tones:[A, B, C#, E, F#, G] Note being tested: G4
Accepted Note: G4
Chord: A7 Tones:[A, B, C#, E, F#, G] Note being tested: F#4
Accepted Note: F#4
Chord: A7 Tones:[A, B, C#, E, F#, G] Note being tested: F4
Chord: A7 Tones:[A, B, C#, E, F#, G] Note being tested: E4
Accepted Note: E4
Chord: A7 Tones:[A, B, C#, E, F#, G] Note being tested: D4
Chord: A7 Tones:[A, B, C#, E, F#, G] Note being tested: D#4
Chord: A7 Tones:[A, B, C#, E, F#, G] Note being tested: A#4
Chord: A7 Tones:[A, B, C#, E, F#, G] Note being tested: B4
Accepted Note: B4
Chord: A7 Tones:[A, B, C#, E, F#, G] Note being tested: A#4
Chord: A7 Tones:[A, B, C#, E, F#, G] Note being tested: G#4
Chord: A7 Tones:[A, B, C#, E, F#, G] Note being tested: G4
Accepted Note: G4
Chord: A7 Tones:[A, B, C#, E, F#, G] Note being tested: F#4
Accepted Note: F#4
Chord: A7 Tones:[A, B, C#, E, F#, G] Note being tested: F4
Chord: A7 Tones:[A, B, C#, E, F#, G] Note being tested: E4
Accepted Note: E4
Chord: A7 Tones:[A, B, C#, E, F#, G] Note being tested: D4
Chord: A7 Tones:[A, B, C#, E, F#, G] Note being tested: D#4
Chord: A7 Tones:[A, B, C#, E, F#, G] Note being tested: A#4
Chord: A7 Tones:[A, B, C#, E, F#, G] Note being tested: G#4
Chord: A7 Tones:[A, B, C#, E, F#, G] Note being tested: B4
Accepted Note: B4
Chord: A7 Tones:[A, B, C#, E, F#, G] Note being tested: A#4
Chord: A7 Tones:[A, B, C#, E, F#, G] Note being tested: G#4
Chord: A7 Tones:[A, B, C#, E, F#, G] Note being tested: G4
Accepted Note: G4
Chord: A7 Tones:[A, B, C#, E, F#, G] Note being tested: F#4
Accepted Note: F#4
Chord: A7 Tones:[A, B, C#, E, F#, G] Note being tested: F4
Chord: A7 Tones:[A, B, C#, E, F#, G] Note being tested: E4
Accepted Note: E4
Chord: A7 Tones:[A, B, C#, E, F#, G] Note being tested: D4
Chord: A7 Tones:[A, B, C#, E, F#, G] Note being tested: D#4
Chord: A7 Tones:[A, B, C#, E, F#, G] Note being tested: A4
Accepted Note: A4
Chord: A7 Tones:[A, B, C#, E, F#, G] Note being tested: C#5
Accepted Note: C#5
Chord: A7 Tones:[A, B, C#, E, F#, G] Note being tested: A#4
Chord: A7 Tones:[A, B, C#, E, F#, G] Note being tested: F5
Chord: A7 Tones:[A, B, C#, E, F#, G] Note being tested: E4
Accepted Note: E4
Chord: A7 Tones:[A, B, C#, E, F#, G] Note being tested: G4
Accepted Note: G4
Chord: A7 Tones:[A, B, C#, E, F#, G] Note being tested: G#4
Chord: A7 Tones:[A, B, C#, E, F#, G] Note being tested: B4
Accepted Note: B4
Chord: A7 Tones:[A, B, C#, E, F#, G] Note being tested: D5
Chord: A7 Tones:[A, B, C#, E, F#, G] Note being tested: F5
Chord: A7 Tones:[A, B, C#, E, F#, G] Note being tested: G#5
Chord: A7 Tones:[A, B, C#, E, F#, G] Note being tested: E5
Accepted Note: E5
Chord: A7 Tones:[A, B, C#, E, F#, G] Note being tested: G5
Accepted Note: G5
Chord: A7 Tones:[A, B, C#, E, F#, G] Note being tested: C#5
Accepted Note: C#5
Chord: A7 Tones:[A, B, C#, E, F#, G] Note being tested: F#4
Accepted Note: F#4
Chord: A7 Tones:[A, B, C#, E, F#, G] Note being tested: D#5
Chord: A7 Tones:[A, B, C#, E, F#, G] Note being tested: A4
Accepted Note: A4
Chord: A7 Tones:[A, B, C#, E, F#, G] Note being tested: G4
Accepted Note: G4
Chord: A7 Tones:[A, B, C#, E, F#, G] Note being tested: E4
Accepted Note: E4
Chord: A7 Tones:[A, B, C#, E, F#, G] Note being tested: G4
Accepted Note: G4
Chord: A7 Tones:[A, B, C#, E, F#, G] Note being tested: G#4
Chord: A7 Tones:[A, B, C#, E, F#, G] Note being tested: B4
Accepted Note: B4
Chord: A7 Tones:[A, B, C#, E, F#, G] Note being tested: D5
Chord: A7 Tones:[A, B, C#, E, F#, G] Note being tested: F5
Chord: A7 Tones:[A, B, C#, E, F#, G] Note being tested: G#5
Chord: A7 Tones:[A, B, C#, E, F#, G] Note being tested: E5
Accepted Note: E5
Chord: A7 Tones:[A, B, C#, E, F#, G] Note being tested: G5
Accepted Note: G5
Chord: A7 Tones:[A, B, C#, E, F#, G] Note being tested: C#5
Accepted Note: C#5
Chord: A7 Tones:[A, B, C#, E, F#, G] Note being tested: F#4
Accepted Note: F#4
Chord: A7 Tones:[A, B, C#, E, F#, G] Note being tested: D#5
Chord: A7 Tones:[A, B, C#, E, F#, G] Note being tested: A4
Accepted Note: A4
Chord: A7 Tones:[A, B, C#, E, F#, G] Note being tested: B4
Accepted Note: B4
Chord: A7 Tones:[A, B, C#, E, F#, G] Note being tested: A#4
Chord: A7 Tones:[A, B, C#, E, F#, G] Note being tested: G#4
Chord: A7 Tones:[A, B, C#, E, F#, G] Note being tested: G4
Accepted Note: G4
Chord: A7 Tones:[A, B, C#, E, F#, G] Note being tested: F#4
Accepted Note: F#4
Chord: A7 Tones:[A, B, C#, E, F#, G] Note being tested: F4
Chord: A7 Tones:[A, B, C#, E, F#, G] Note being tested: E4
Accepted Note: E4
Chord: A7 Tones:[A, B, C#, E, F#, G] Note being tested: D4
Chord: A7 Tones:[A, B, C#, E, F#, G] Note being tested: D#4
Chord: E7 Tones:[E, F#, G#, B, C#, D] Note being tested: G4
Chord: E7 Tones:[E, F#, G#, B, C#, D] Note being tested: A#4
Chord: E7 Tones:[E, F#, G#, B, C#, D] Note being tested: B4
Accepted Note: B4
Chord: E7 Tones:[E, F#, G#, B, C#, D] Note being tested: A#4
Chord: E7 Tones:[E, F#, G#, B, C#, D] Note being tested: G#4
Accepted Note: G#4
Chord: E7 Tones:[E, F#, G#, B, C#, D] Note being tested: G4
Chord: E7 Tones:[E, F#, G#, B, C#, D] Note being tested: F#4
Accepted Note: F#4
Chord: E7 Tones:[E, F#, G#, B, C#, D] Note being tested: F4
Chord: E7 Tones:[E, F#, G#, B, C#, D] Note being tested: E4
Accepted Note: E4
Chord: E7 Tones:[E, F#, G#, B, C#, D] Note being tested: D4
Accepted Note: D4
Chord: E7 Tones:[E, F#, G#, B, C#, D] Note being tested: D#4
Chord: E7 Tones:[E, F#, G#, B, C#, D] Note being tested: G4
Chord: E7 Tones:[E, F#, G#, B, C#, D] Note being tested: A4
Chord: E7 Tones:[E, F#, G#, B, C#, D] Note being tested: C#5
Accepted Note: C#5
Chord: E7 Tones:[E, F#, G#, B, C#, D] Note being tested: F5
Chord: E7 Tones:[E, F#, G#, B, C#, D] Note being tested: A5
Chord: E7 Tones:[E, F#, G#, B, C#, D] Note being tested: G4
Chord: E7 Tones:[E, F#, G#, B, C#, D] Note being tested: A4
Chord: E7 Tones:[E, F#, G#, B, C#, D] Note being tested: C#5
Accepted Note: C#5
Chord: E7 Tones:[E, F#, G#, B, C#, D] Note being tested: F5
Chord: E7 Tones:[E, F#, G#, B, C#, D] Note being tested: A5
Chord: E7 Tones:[E, F#, G#, B, C#, D] Note being tested: G4
Chord: E7 Tones:[E, F#, G#, B, C#, D] Note being tested: A4
Chord: E7 Tones:[E, F#, G#, B, C#, D] Note being tested: C#5
Accepted Note: C#5
Chord: E7 Tones:[E, F#, G#, B, C#, D] Note being tested: F5
Chord: E7 Tones:[E, F#, G#, B, C#, D] Note being tested: A5
Chord: E7 Tones:[E, F#, G#, B, C#, D] Note being tested: A#4
Chord: E7 Tones:[E, F#, G#, B, C#, D] Note being tested: B4
Accepted Note: B4
Chord: E7 Tones:[E, F#, G#, B, C#, D] Note being tested: A#4
Chord: E7 Tones:[E, F#, G#, B, C#, D] Note being tested: G#4
Accepted Note: G#4
Chord: E7 Tones:[E, F#, G#, B, C#, D] Note being tested: G4
Chord: E7 Tones:[E, F#, G#, B, C#, D] Note being tested: F#4
Accepted Note: F#4
Chord: E7 Tones:[E, F#, G#, B, C#, D] Note being tested: F4
Chord: E7 Tones:[E, F#, G#, B, C#, D] Note being tested: E4
Accepted Note: E4
Chord: E7 Tones:[E, F#, G#, B, C#, D] Note being tested: D4
Accepted Note: D4
Chord: E7 Tones:[E, F#, G#, B, C#, D] Note being tested: D#4
Chord: E7 Tones:[E, F#, G#, B, C#, D] Note being tested: B4
Accepted Note: B4
Chord: E7 Tones:[E, F#, G#, B, C#, D] Note being tested: A#4
Chord: E7 Tones:[E, F#, G#, B, C#, D] Note being tested: G#4
Accepted Note: G#4
Chord: E7 Tones:[E, F#, G#, B, C#, D] Note being tested: G4
Chord: E7 Tones:[E, F#, G#, B, C#, D] Note being tested: F#4
Accepted Note: F#4
Chord: E7 Tones:[E, F#, G#, B, C#, D] Note being tested: F4
Chord: E7 Tones:[E, F#, G#, B, C#, D] Note being tested: E4
Accepted Note: E4
Chord: E7 Tones:[E, F#, G#, B, C#, D] Note being tested: D4
Accepted Note: D4
Chord: E7 Tones:[E, F#, G#, B, C#, D] Note being tested: D#4
Chord: E7 Tones:[E, F#, G#, B, C#, D] Note being tested: B4
Accepted Note: B4
Chord: E7 Tones:[E, F#, G#, B, C#, D] Note being tested: A#4
Chord: E7 Tones:[E, F#, G#, B, C#, D] Note being tested: G#4
Accepted Note: G#4
Chord: E7 Tones:[E, F#, G#, B, C#, D] Note being tested: G4
Chord: E7 Tones:[E, F#, G#, B, C#, D] Note being tested: F#4
Accepted Note: F#4
Chord: E7 Tones:[E, F#, G#, B, C#, D] Note being tested: F4
Chord: E7 Tones:[E, F#, G#, B, C#, D] Note being tested: E4
Accepted Note: E4
Chord: E7 Tones:[E, F#, G#, B, C#, D] Note being tested: D4
Accepted Note: D4
Chord: E7 Tones:[E, F#, G#, B, C#, D] Note being tested: D#4
Chord: E7 Tones:[E, F#, G#, B, C#, D] Note being tested: B4
Accepted Note: B4
Chord: E7 Tones:[E, F#, G#, B, C#, D] Note being tested: A#4
Chord: E7 Tones:[E, F#, G#, B, C#, D] Note being tested: G#4
Accepted Note: G#4
Chord: E7 Tones:[E, F#, G#, B, C#, D] Note being tested: G4
Chord: E7 Tones:[E, F#, G#, B, C#, D] Note being tested: F#4
Accepted Note: F#4
Chord: E7 Tones:[E, F#, G#, B, C#, D] Note being tested: F4
Chord: E7 Tones:[E, F#, G#, B, C#, D] Note being tested: E4
Accepted Note: E4
Chord: E7 Tones:[E, F#, G#, B, C#, D] Note being tested: D4
Accepted Note: D4
Chord: E7 Tones:[E, F#, G#, B, C#, D] Note being tested: D#4
Chord: E7 Tones:[E, F#, G#, B, C#, D] Note being tested: A#4
Chord: E7 Tones:[E, F#, G#, B, C#, D] Note being tested: B4
Accepted Note: B4
Chord: E7 Tones:[E, F#, G#, B, C#, D] Note being tested: A#4
Chord: E7 Tones:[E, F#, G#, B, C#, D] Note being tested: G#4
Accepted Note: G#4
Chord: E7 Tones:[E, F#, G#, B, C#, D] Note being tested: G4
Chord: E7 Tones:[E, F#, G#, B, C#, D] Note being tested: F#4
Accepted Note: F#4
Chord: E7 Tones:[E, F#, G#, B, C#, D] Note being tested: F4
Chord: E7 Tones:[E, F#, G#, B, C#, D] Note being tested: E4
Accepted Note: E4
Chord: E7 Tones:[E, F#, G#, B, C#, D] Note being tested: D4
Accepted Note: D4
Chord: E7 Tones:[E, F#, G#, B, C#, D] Note being tested: D#4
Chord: E7 Tones:[E, F#, G#, B, C#, D] Note being tested: A#4
Chord: E7 Tones:[E, F#, G#, B, C#, D] Note being tested: G4
Chord: E7 Tones:[E, F#, G#, B, C#, D] Note being tested: A4
Chord: E7 Tones:[E, F#, G#, B, C#, D] Note being tested: C#5
Accepted Note: C#5
Chord: E7 Tones:[E, F#, G#, B, C#, D] Note being tested: F5
Chord: E7 Tones:[E, F#, G#, B, C#, D] Note being tested: A5
Chord: E7 Tones:[E, F#, G#, B, C#, D] Note being tested: G4
Chord: E7 Tones:[E, F#, G#, B, C#, D] Note being tested: A4
Chord: E7 Tones:[E, F#, G#, B, C#, D] Note being tested: C#5
Accepted Note: C#5
Chord: E7 Tones:[E, F#, G#, B, C#, D] Note being tested: F5
Chord: E7 Tones:[E, F#, G#, B, C#, D] Note being tested: A5
Chord: E7 Tones:[E, F#, G#, B, C#, D] Note being tested: G4
Chord: E7 Tones:[E, F#, G#, B, C#, D] Note being tested: A4
Chord: E7 Tones:[E, F#, G#, B, C#, D] Note being tested: C#5
Accepted Note: C#5
Chord: E7 Tones:[E, F#, G#, B, C#, D] Note being tested: F5
Chord: E7 Tones:[E, F#, G#, B, C#, D] Note being tested: A5
Chord: E7 Tones:[E, F#, G#, B, C#, D] Note being tested: B4
Accepted Note: B4
Chord: E7 Tones:[E, F#, G#, B, C#, D] Note being tested: A#4
Chord: E7 Tones:[E, F#, G#, B, C#, D] Note being tested: G#4
Accepted Note: G#4
Chord: E7 Tones:[E, F#, G#, B, C#, D] Note being tested: G4
Chord: E7 Tones:[E, F#, G#, B, C#, D] Note being tested: F#4
Accepted Note: F#4
Chord: E7 Tones:[E, F#, G#, B, C#, D] Note being tested: F4
Chord: E7 Tones:[E, F#, G#, B, C#, D] Note being tested: E4
Accepted Note: E4
Chord: E7 Tones:[E, F#, G#, B, C#, D] Note being tested: D4
Accepted Note: D4
Chord: E7 Tones:[E, F#, G#, B, C#, D] Note being tested: D#4
Chord: E7 Tones:[E, F#, G#, B, C#, D] Note being tested: A#4
Chord: E7 Tones:[E, F#, G#, B, C#, D] Note being tested: E4
Accepted Note: E4
Chord: E7 Tones:[E, F#, G#, B, C#, D] Note being tested: G4
Chord: E7 Tones:[E, F#, G#, B, C#, D] Note being tested: G#4
Accepted Note: G#4
Chord: E7 Tones:[E, F#, G#, B, C#, D] Note being tested: B4
Accepted Note: B4
Chord: E7 Tones:[E, F#, G#, B, C#, D] Note being tested: D5
Accepted Note: D5
Chord: E7 Tones:[E, F#, G#, B, C#, D] Note being tested: F5
Chord: E7 Tones:[E, F#, G#, B, C#, D] Note being tested: G#5
Accepted Note: G#5
Chord: E7 Tones:[E, F#, G#, B, C#, D] Note being tested: E5
Accepted Note: E5
Chord: E7 Tones:[E, F#, G#, B, C#, D] Note being tested: G5
Chord: E7 Tones:[E, F#, G#, B, C#, D] Note being tested: C#5
Accepted Note: C#5
Chord: E7 Tones:[E, F#, G#, B, C#, D] Note being tested: F#4
Accepted Note: F#4
Chord: E7 Tones:[E, F#, G#, B, C#, D] Note being tested: D#5
Chord: E7 Tones:[E, F#, G#, B, C#, D] Note being tested: A4
Chord: E7 Tones:[E, F#, G#, B, C#, D] Note being tested: E4
Accepted Note: E4
Chord: E7 Tones:[E, F#, G#, B, C#, D] Note being tested: G4
Chord: E7 Tones:[E, F#, G#, B, C#, D] Note being tested: G#4
Accepted Note: G#4
Chord: E7 Tones:[E, F#, G#, B, C#, D] Note being tested: B4
Accepted Note: B4
Chord: E7 Tones:[E, F#, G#, B, C#, D] Note being tested: D5
Accepted Note: D5
Chord: E7 Tones:[E, F#, G#, B, C#, D] Note being tested: F5
Chord: E7 Tones:[E, F#, G#, B, C#, D] Note being tested: G#5
Accepted Note: G#5
Chord: E7 Tones:[E, F#, G#, B, C#, D] Note being tested: E5
Accepted Note: E5
Chord: E7 Tones:[E, F#, G#, B, C#, D] Note being tested: G5
Chord: E7 Tones:[E, F#, G#, B, C#, D] Note being tested: C#5
Accepted Note: C#5
Chord: E7 Tones:[E, F#, G#, B, C#, D] Note being tested: F#4
Accepted Note: F#4
Chord: E7 Tones:[E, F#, G#, B, C#, D] Note being tested: D#5
Chord: E7 Tones:[E, F#, G#, B, C#, D] Note being tested: A4
Chord: E7 Tones:[E, F#, G#, B, C#, D] Note being tested: E4
Accepted Note: E4
Chord: E7 Tones:[E, F#, G#, B, C#, D] Note being tested: G4
Chord: E7 Tones:[E, F#, G#, B, C#, D] Note being tested: G#4
Accepted Note: G#4
Chord: E7 Tones:[E, F#, G#, B, C#, D] Note being tested: B4
Accepted Note: B4
Chord: E7 Tones:[E, F#, G#, B, C#, D] Note being tested: D5
Accepted Note: D5
Chord: E7 Tones:[E, F#, G#, B, C#, D] Note being tested: F5
Chord: E7 Tones:[E, F#, G#, B, C#, D] Note being tested: G#5
Accepted Note: G#5
Chord: E7 Tones:[E, F#, G#, B, C#, D] Note being tested: E5
Accepted Note: E5
Chord: E7 Tones:[E, F#, G#, B, C#, D] Note being tested: G5
Chord: E7 Tones:[E, F#, G#, B, C#, D] Note being tested: C#5
Accepted Note: C#5
Chord: E7 Tones:[E, F#, G#, B, C#, D] Note being tested: F#4
Accepted Note: F#4
Chord: E7 Tones:[E, F#, G#, B, C#, D] Note being tested: D#5
Chord: E7 Tones:[E, F#, G#, B, C#, D] Note being tested: A4
Chord: E7 Tones:[E, F#, G#, B, C#, D] Note being tested: G4
Chord: E7 Tones:[E, F#, G#, B, C#, D] Note being tested: A4
Chord: E7 Tones:[E, F#, G#, B, C#, D] Note being tested: C#5
Accepted Note: C#5
Chord: E7 Tones:[E, F#, G#, B, C#, D] Note being tested: F5
Chord: E7 Tones:[E, F#, G#, B, C#, D] Note being tested: A5
Chord: E7 Tones:[E, F#, G#, B, C#, D] Note being tested: G4
Chord: E7 Tones:[E, F#, G#, B, C#, D] Note being tested: A4
Chord: E7 Tones:[E, F#, G#, B, C#, D] Note being tested: C#5
Accepted Note: C#5
Chord: E7 Tones:[E, F#, G#, B, C#, D] Note being tested: F5
Chord: E7 Tones:[E, F#, G#, B, C#, D] Note being tested: A5
Chord: E7 Tones:[E, F#, G#, B, C#, D] Note being tested: G4
Chord: E7 Tones:[E, F#, G#, B, C#, D] Note being tested: A4
Chord: E7 Tones:[E, F#, G#, B, C#, D] Note being tested: C#5
Accepted Note: C#5
Chord: E7 Tones:[E, F#, G#, B, C#, D] Note being tested: F5
Chord: E7 Tones:[E, F#, G#, B, C#, D] Note being tested: A5
Chord: E7 Tones:[E, F#, G#, B, C#, D] Note being tested: G4
Chord: E7 Tones:[E, F#, G#, B, C#, D] Note being tested: A4
Chord: E7 Tones:[E, F#, G#, B, C#, D] Note being tested: C#5
Accepted Note: C#5
Chord: E7 Tones:[E, F#, G#, B, C#, D] Note being tested: F5
Chord: E7 Tones:[E, F#, G#, B, C#, D] Note being tested: A5
Chord: E7 Tones:[E, F#, G#, B, C#, D] Note being tested: G4
Chord: E7 Tones:[E, F#, G#, B, C#, D] Note being tested: A4
Chord: E7 Tones:[E, F#, G#, B, C#, D] Note being tested: C#5
Accepted Note: C#5
Chord: E7 Tones:[E, F#, G#, B, C#, D] Note being tested: F5
Chord: E7 Tones:[E, F#, G#, B, C#, D] Note being tested: A5
Chord: E7 Tones:[E, F#, G#, B, C#, D] Note being tested: G4
Chord: E7 Tones:[E, F#, G#, B, C#, D] Note being tested: A4
Chord: E7 Tones:[E, F#, G#, B, C#, D] Note being tested: C#5
Accepted Note: C#5
Chord: E7 Tones:[E, F#, G#, B, C#, D] Note being tested: F5
Chord: E7 Tones:[E, F#, G#, B, C#, D] Note being tested: A5
Chord: E7 Tones:[E, F#, G#, B, C#, D] Note being tested: B4
Accepted Note: B4
Chord: E7 Tones:[E, F#, G#, B, C#, D] Note being tested: A#4
Chord: E7 Tones:[E, F#, G#, B, C#, D] Note being tested: G#4
Accepted Note: G#4
Chord: E7 Tones:[E, F#, G#, B, C#, D] Note being tested: G4
Chord: E7 Tones:[E, F#, G#, B, C#, D] Note being tested: F#4
Accepted Note: F#4
Chord: E7 Tones:[E, F#, G#, B, C#, D] Note being tested: F4
Chord: E7 Tones:[E, F#, G#, B, C#, D] Note being tested: E4
Accepted Note: E4
Chord: E7 Tones:[E, F#, G#, B, C#, D] Note being tested: D4
Accepted Note: D4
Chord: E7 Tones:[E, F#, G#, B, C#, D] Note being tested: D#4
Chord: E7 Tones:[E, F#, G#, B, C#, D] Note being tested: B4
Accepted Note: B4
Chord: E7 Tones:[E, F#, G#, B, C#, D] Note being tested: A#4
Chord: E7 Tones:[E, F#, G#, B, C#, D] Note being tested: G#4
Accepted Note: G#4
Chord: E7 Tones:[E, F#, G#, B, C#, D] Note being tested: G4
Chord: E7 Tones:[E, F#, G#, B, C#, D] Note being tested: F#4
Accepted Note: F#4
Chord: E7 Tones:[E, F#, G#, B, C#, D] Note being tested: F4
Chord: E7 Tones:[E, F#, G#, B, C#, D] Note being tested: E4
Accepted Note: E4
Chord: E7 Tones:[E, F#, G#, B, C#, D] Note being tested: D4
Accepted Note: D4
Chord: E7 Tones:[E, F#, G#, B, C#, D] Note being tested: D#4
Chord: E7 Tones:[E, F#, G#, B, C#, D] Note being tested: B4
Accepted Note: B4
Chord: E7 Tones:[E, F#, G#, B, C#, D] Note being tested: A#4
Chord: E7 Tones:[E, F#, G#, B, C#, D] Note being tested: G#4
Accepted Note: G#4
Chord: E7 Tones:[E, F#, G#, B, C#, D] Note being tested: G4
Chord: E7 Tones:[E, F#, G#, B, C#, D] Note being tested: F#4
Accepted Note: F#4
Chord: E7 Tones:[E, F#, G#, B, C#, D] Note being tested: F4
Chord: E7 Tones:[E, F#, G#, B, C#, D] Note being tested: E4
Accepted Note: E4
Chord: E7 Tones:[E, F#, G#, B, C#, D] Note being tested: D4
Accepted Note: D4
Chord: E7 Tones:[E, F#, G#, B, C#, D] Note being tested: D#4
Chord: E7 Tones:[E, F#, G#, B, C#, D] Note being tested: B4
Accepted Note: B4
Chord: E7 Tones:[E, F#, G#, B, C#, D] Note being tested: A#4
Chord: E7 Tones:[E, F#, G#, B, C#, D] Note being tested: G#4
Accepted Note: G#4
Chord: E7 Tones:[E, F#, G#, B, C#, D] Note being tested: G4
Chord: E7 Tones:[E, F#, G#, B, C#, D] Note being tested: F#4
Accepted Note: F#4
Chord: E7 Tones:[E, F#, G#, B, C#, D] Note being tested: F4
Chord: E7 Tones:[E, F#, G#, B, C#, D] Note being tested: E4
Accepted Note: E4
Chord: E7 Tones:[E, F#, G#, B, C#, D] Note being tested: D4
Accepted Note: D4
Chord: E7 Tones:[E, F#, G#, B, C#, D] Note being tested: D#4
Chord: E7 Tones:[E, F#, G#, B, C#, D] Note being tested: A#4
Chord: E7 Tones:[E, F#, G#, B, C#, D] Note being tested: B4
Accepted Note: B4
Chord: E7 Tones:[E, F#, G#, B, C#, D] Note being tested: A#4
Chord: E7 Tones:[E, F#, G#, B, C#, D] Note being tested: G#4
Accepted Note: G#4
Chord: E7 Tones:[E, F#, G#, B, C#, D] Note being tested: G4
Chord: E7 Tones:[E, F#, G#, B, C#, D] Note being tested: F#4
Accepted Note: F#4
Chord: E7 Tones:[E, F#, G#, B, C#, D] Note being tested: F4
Chord: E7 Tones:[E, F#, G#, B, C#, D] Note being tested: E4
Accepted Note: E4
Chord: E7 Tones:[E, F#, G#, B, C#, D] Note being tested: D4
Accepted Note: D4
Chord: E7 Tones:[E, F#, G#, B, C#, D] Note being tested: D#4
Chord: E7 Tones:[E, F#, G#, B, C#, D] Note being tested: G4
Chord: E7 Tones:[E, F#, G#, B, C#, D] Note being tested: A4
Chord: E7 Tones:[E, F#, G#, B, C#, D] Note being tested: C#5
Accepted Note: C#5
Chord: E7 Tones:[E, F#, G#, B, C#, D] Note being tested: F5
Chord: E7 Tones:[E, F#, G#, B, C#, D] Note being tested: A5
Chord: E7 Tones:[E, F#, G#, B, C#, D] Note being tested: A#4
Chord: E7 Tones:[E, F#, G#, B, C#, D] Note being tested: E4
Accepted Note: E4
Chord: E7 Tones:[E, F#, G#, B, C#, D] Note being tested: G4
Chord: E7 Tones:[E, F#, G#, B, C#, D] Note being tested: G#4
Accepted Note: G#4
Chord: E7 Tones:[E, F#, G#, B, C#, D] Note being tested: B4
Accepted Note: B4
Chord: E7 Tones:[E, F#, G#, B, C#, D] Note being tested: D5
Accepted Note: D5
Chord: E7 Tones:[E, F#, G#, B, C#, D] Note being tested: F5
Chord: E7 Tones:[E, F#, G#, B, C#, D] Note being tested: G#5
Accepted Note: G#5
Chord: E7 Tones:[E, F#, G#, B, C#, D] Note being tested: E5
Accepted Note: E5
Chord: E7 Tones:[E, F#, G#, B, C#, D] Note being tested: G5
Chord: E7 Tones:[E, F#, G#, B, C#, D] Note being tested: C#5
Accepted Note: C#5
Chord: E7 Tones:[E, F#, G#, B, C#, D] Note being tested: F#4
Accepted Note: F#4
Chord: E7 Tones:[E, F#, G#, B, C#, D] Note being tested: D#5
Chord: E7 Tones:[E, F#, G#, B, C#, D] Note being tested: A4
Chord: E7 Tones:[E, F#, G#, B, C#, D] Note being tested: B4
Accepted Note: B4
Chord: E7 Tones:[E, F#, G#, B, C#, D] Note being tested: A#4
Chord: E7 Tones:[E, F#, G#, B, C#, D] Note being tested: G#4
Accepted Note: G#4
Chord: E7 Tones:[E, F#, G#, B, C#, D] Note being tested: G4
Chord: E7 Tones:[E, F#, G#, B, C#, D] Note being tested: F#4
Accepted Note: F#4
Chord: E7 Tones:[E, F#, G#, B, C#, D] Note being tested: F4
Chord: E7 Tones:[E, F#, G#, B, C#, D] Note being tested: E4
Accepted Note: E4
Chord: E7 Tones:[E, F#, G#, B, C#, D] Note being tested: D4
Accepted Note: D4
Chord: E7 Tones:[E, F#, G#, B, C#, D] Note being tested: D#4
Chord: E7 Tones:[E, F#, G#, B, C#, D] Note being tested: G4
Chord: E7 Tones:[E, F#, G#, B, C#, D] Note being tested: A#4
Chord: E7 Tones:[E, F#, G#, B, C#, D] Note being tested: B4
Accepted Note: B4
Chord: E7 Tones:[E, F#, G#, B, C#, D] Note being tested: A#4
Chord: E7 Tones:[E, F#, G#, B, C#, D] Note being tested: G#4
Accepted Note: G#4
Chord: E7 Tones:[E, F#, G#, B, C#, D] Note being tested: G4
Chord: E7 Tones:[E, F#, G#, B, C#, D] Note being tested: F#4
Accepted Note: F#4
Chord: E7 Tones:[E, F#, G#, B, C#, D] Note being tested: F4
Chord: E7 Tones:[E, F#, G#, B, C#, D] Note being tested: E4
Accepted Note: E4
Chord: E7 Tones:[E, F#, G#, B, C#, D] Note being tested: D4
Accepted Note: D4
Chord: E7 Tones:[E, F#, G#, B, C#, D] Note being tested: D#4
Chord: E7 Tones:[E, F#, G#, B, C#, D] Note being tested: A#4
Chord: E7 Tones:[E, F#, G#, B, C#, D] Note being tested: B4
Accepted Note: B4
Chord: E7 Tones:[E, F#, G#, B, C#, D] Note being tested: A#4
Chord: E7 Tones:[E, F#, G#, B, C#, D] Note being tested: G#4
Accepted Note: G#4
Chord: E7 Tones:[E, F#, G#, B, C#, D] Note being tested: G4
Chord: E7 Tones:[E, F#, G#, B, C#, D] Note being tested: F#4
Accepted Note: F#4
Chord: E7 Tones:[E, F#, G#, B, C#, D] Note being tested: F4
Chord: E7 Tones:[E, F#, G#, B, C#, D] Note being tested: E4
Accepted Note: E4
Chord: E7 Tones:[E, F#, G#, B, C#, D] Note being tested: D4
Accepted Note: D4
Chord: E7 Tones:[E, F#, G#, B, C#, D] Note being tested: D#4
Chord: E7 Tones:[E, F#, G#, B, C#, D] Note being tested: E4
Accepted Note: E4
Chord: E7 Tones:[E, F#, G#, B, C#, D] Note being tested: G4
Chord: E7 Tones:[E, F#, G#, B, C#, D] Note being tested: G#4
Accepted Note: G#4
Chord: E7 Tones:[E, F#, G#, B, C#, D] Note being tested: B4
Accepted Note: B4
Chord: E7 Tones:[E, F#, G#, B, C#, D] Note being tested: D5
Accepted Note: D5
Chord: E7 Tones:[E, F#, G#, B, C#, D] Note being tested: F5
Chord: E7 Tones:[E, F#, G#, B, C#, D] Note being tested: G#5
Accepted Note: G#5
Chord: E7 Tones:[E, F#, G#, B, C#, D] Note being tested: E5
Accepted Note: E5
Chord: E7 Tones:[E, F#, G#, B, C#, D] Note being tested: G5
Chord: E7 Tones:[E, F#, G#, B, C#, D] Note being tested: C#5
Accepted Note: C#5
Chord: E7 Tones:[E, F#, G#, B, C#, D] Note being tested: F#4
Accepted Note: F#4
Chord: E7 Tones:[E, F#, G#, B, C#, D] Note being tested: D#5
Chord: E7 Tones:[E, F#, G#, B, C#, D] Note being tested: A4
Chord: E7 Tones:[E, F#, G#, B, C#, D] Note being tested: F5
Chord: E7 Tones:[E, F#, G#, B, C#, D] Note being tested: A#4
Chord: E7 Tones:[E, F#, G#, B, C#, D] Note being tested: B4
Accepted Note: B4
Chord: E7 Tones:[E, F#, G#, B, C#, D] Note being tested: A#4
Chord: E7 Tones:[E, F#, G#, B, C#, D] Note being tested: G#4
Accepted Note: G#4
Chord: E7 Tones:[E, F#, G#, B, C#, D] Note being tested: G4
Chord: E7 Tones:[E, F#, G#, B, C#, D] Note being tested: F#4
Accepted Note: F#4
Chord: E7 Tones:[E, F#, G#, B, C#, D] Note being tested: F4
Chord: E7 Tones:[E, F#, G#, B, C#, D] Note being tested: E4
Accepted Note: E4
Chord: E7 Tones:[E, F#, G#, B, C#, D] Note being tested: D4
Accepted Note: D4
Chord: E7 Tones:[E, F#, G#, B, C#, D] Note being tested: D#4
Chord: E7 Tones:[E, F#, G#, B, C#, D] Note being tested: G4
Chord: E7 Tones:[E, F#, G#, B, C#, D] Note being tested: A4
Chord: E7 Tones:[E, F#, G#, B, C#, D] Note being tested: C#5
Accepted Note: C#5
Chord: E7 Tones:[E, F#, G#, B, C#, D] Note being tested: F5
Chord: E7 Tones:[E, F#, G#, B, C#, D] Note being tested: A5
Chord: E7 Tones:[E, F#, G#, B, C#, D] Note being tested: G4
Chord: E7 Tones:[E, F#, G#, B, C#, D] Note being tested: A4
Chord: E7 Tones:[E, F#, G#, B, C#, D] Note being tested: C#5
Accepted Note: C#5
Chord: E7 Tones:[E, F#, G#, B, C#, D] Note being tested: F5
Chord: E7 Tones:[E, F#, G#, B, C#, D] Note being tested: A5
Chord: E7 Tones:[E, F#, G#, B, C#, D] Note being tested: G4
Chord: E7 Tones:[E, F#, G#, B, C#, D] Note being tested: A4
Chord: E7 Tones:[E, F#, G#, B, C#, D] Note being tested: C#5
Accepted Note: C#5
Chord: E7 Tones:[E, F#, G#, B, C#, D] Note being tested: F5
Chord: E7 Tones:[E, F#, G#, B, C#, D] Note being tested: A5
Chord: E7 Tones:[E, F#, G#, B, C#, D] Note being tested: A#4
Chord: E7 Tones:[E, F#, G#, B, C#, D] Note being tested: B4
Accepted Note: B4
Chord: E7 Tones:[E, F#, G#, B, C#, D] Note being tested: A#4
Chord: E7 Tones:[E, F#, G#, B, C#, D] Note being tested: G#4
Accepted Note: G#4
Chord: E7 Tones:[E, F#, G#, B, C#, D] Note being tested: G4
Chord: E7 Tones:[E, F#, G#, B, C#, D] Note being tested: F#4
Accepted Note: F#4
Chord: E7 Tones:[E, F#, G#, B, C#, D] Note being tested: F4
Chord: E7 Tones:[E, F#, G#, B, C#, D] Note being tested: E4
Accepted Note: E4
Chord: E7 Tones:[E, F#, G#, B, C#, D] Note being tested: D4
Accepted Note: D4
Chord: E7 Tones:[E, F#, G#, B, C#, D] Note being tested: D#4
Chord: E7 Tones:[E, F#, G#, B, C#, D] Note being tested: B4
Accepted Note: B4
Chord: E7 Tones:[E, F#, G#, B, C#, D] Note being tested: A#4
Chord: E7 Tones:[E, F#, G#, B, C#, D] Note being tested: G#4
Accepted Note: G#4
Chord: E7 Tones:[E, F#, G#, B, C#, D] Note being tested: G4
Chord: E7 Tones:[E, F#, G#, B, C#, D] Note being tested: F#4
Accepted Note: F#4
Chord: E7 Tones:[E, F#, G#, B, C#, D] Note being tested: F4
Chord: E7 Tones:[E, F#, G#, B, C#, D] Note being tested: E4
Accepted Note: E4
Chord: E7 Tones:[E, F#, G#, B, C#, D] Note being tested: D4
Accepted Note: D4
Chord: E7 Tones:[E, F#, G#, B, C#, D] Note being tested: D#4
Chord: E7 Tones:[E, F#, G#, B, C#, D] Note being tested: B4
Accepted Note: B4
Chord: E7 Tones:[E, F#, G#, B, C#, D] Note being tested: A#4
Chord: E7 Tones:[E, F#, G#, B, C#, D] Note being tested: G#4
Accepted Note: G#4
Chord: E7 Tones:[E, F#, G#, B, C#, D] Note being tested: G4
Chord: E7 Tones:[E, F#, G#, B, C#, D] Note being tested: F#4
Accepted Note: F#4
Chord: E7 Tones:[E, F#, G#, B, C#, D] Note being tested: F4
Chord: E7 Tones:[E, F#, G#, B, C#, D] Note being tested: E4
Accepted Note: E4
Chord: E7 Tones:[E, F#, G#, B, C#, D] Note being tested: D4
Accepted Note: D4
Chord: E7 Tones:[E, F#, G#, B, C#, D] Note being tested: D#4
Chord: E7 Tones:[E, F#, G#, B, C#, D] Note being tested: B4
Accepted Note: B4
Chord: E7 Tones:[E, F#, G#, B, C#, D] Note being tested: A#4
Chord: E7 Tones:[E, F#, G#, B, C#, D] Note being tested: G#4
Accepted Note: G#4
Chord: E7 Tones:[E, F#, G#, B, C#, D] Note being tested: G4
Chord: E7 Tones:[E, F#, G#, B, C#, D] Note being tested: F#4
Accepted Note: F#4
Chord: E7 Tones:[E, F#, G#, B, C#, D] Note being tested: F4
Chord: E7 Tones:[E, F#, G#, B, C#, D] Note being tested: E4
Accepted Note: E4
Chord: E7 Tones:[E, F#, G#, B, C#, D] Note being tested: D4
Accepted Note: D4
Chord: E7 Tones:[E, F#, G#, B, C#, D] Note being tested: D#4
Chord: E7 Tones:[E, F#, G#, B, C#, D] Note being tested: G4
Chord: E7 Tones:[E, F#, G#, B, C#, D] Note being tested: E4
Accepted Note: E4
Chord: E7 Tones:[E, F#, G#, B, C#, D] Note being tested: G4
Chord: E7 Tones:[E, F#, G#, B, C#, D] Note being tested: G#4
Accepted Note: G#4
Chord: E7 Tones:[E, F#, G#, B, C#, D] Note being tested: B4
Accepted Note: B4
Chord: E7 Tones:[E, F#, G#, B, C#, D] Note being tested: D5
Accepted Note: D5
Chord: E7 Tones:[E, F#, G#, B, C#, D] Note being tested: F5
Chord: E7 Tones:[E, F#, G#, B, C#, D] Note being tested: G#5
Accepted Note: G#5
Chord: E7 Tones:[E, F#, G#, B, C#, D] Note being tested: E5
Accepted Note: E5
Chord: E7 Tones:[E, F#, G#, B, C#, D] Note being tested: G5
Chord: E7 Tones:[E, F#, G#, B, C#, D] Note being tested: C#5
Accepted Note: C#5
Chord: E7 Tones:[E, F#, G#, B, C#, D] Note being tested: F#4
Accepted Note: F#4
Chord: E7 Tones:[E, F#, G#, B, C#, D] Note being tested: D#5
Chord: E7 Tones:[E, F#, G#, B, C#, D] Note being tested: A4
Chord: E7 Tones:[E, F#, G#, B, C#, D] Note being tested: A#4
Chord: E7 Tones:[E, F#, G#, B, C#, D] Note being tested: G4
Chord: E7 Tones:[E, F#, G#, B, C#, D] Note being tested: G4
Chord: E7 Tones:[E, F#, G#, B, C#, D] Note being tested: A4
Chord: E7 Tones:[E, F#, G#, B, C#, D] Note being tested: C#5
Accepted Note: C#5
Chord: E7 Tones:[E, F#, G#, B, C#, D] Note being tested: F5
Chord: E7 Tones:[E, F#, G#, B, C#, D] Note being tested: A5
Chord: E7 Tones:[E, F#, G#, B, C#, D] Note being tested: G4
Chord: E7 Tones:[E, F#, G#, B, C#, D] Note being tested: A4
Chord: E7 Tones:[E, F#, G#, B, C#, D] Note being tested: C#5
Accepted Note: C#5
Chord: E7 Tones:[E, F#, G#, B, C#, D] Note being tested: F5
Chord: E7 Tones:[E, F#, G#, B, C#, D] Note being tested: A5
Chord: E7 Tones:[E, F#, G#, B, C#, D] Note being tested: G4
Chord: E7 Tones:[E, F#, G#, B, C#, D] Note being tested: A4
Chord: E7 Tones:[E, F#, G#, B, C#, D] Note being tested: C#5
Accepted Note: C#5
Chord: E7 Tones:[E, F#, G#, B, C#, D] Note being tested: F5
Chord: E7 Tones:[E, F#, G#, B, C#, D] Note being tested: A5
Chord: E7 Tones:[E, F#, G#, B, C#, D] Note being tested: B4
Accepted Note: B4
Chord: E7 Tones:[E, F#, G#, B, C#, D] Note being tested: A#4
Chord: E7 Tones:[E, F#, G#, B, C#, D] Note being tested: G#4
Accepted Note: G#4
Chord: E7 Tones:[E, F#, G#, B, C#, D] Note being tested: G4
Chord: E7 Tones:[E, F#, G#, B, C#, D] Note being tested: F#4
Accepted Note: F#4
Chord: E7 Tones:[E, F#, G#, B, C#, D] Note being tested: F4
Chord: E7 Tones:[E, F#, G#, B, C#, D] Note being tested: E4
Accepted Note: E4
Chord: E7 Tones:[E, F#, G#, B, C#, D] Note being tested: D4
Accepted Note: D4
Chord: E7 Tones:[E, F#, G#, B, C#, D] Note being tested: D#4
Chord: E7 Tones:[E, F#, G#, B, C#, D] Note being tested: G4
Chord: E7 Tones:[E, F#, G#, B, C#, D] Note being tested: A4
Chord: E7 Tones:[E, F#, G#, B, C#, D] Note being tested: C#5
Accepted Note: C#5
Chord: E7 Tones:[E, F#, G#, B, C#, D] Note being tested: F5
Chord: E7 Tones:[E, F#, G#, B, C#, D] Note being tested: A5
Chord: E7 Tones:[E, F#, G#, B, C#, D] Note being tested: G4
Chord: E7 Tones:[E, F#, G#, B, C#, D] Note being tested: A4
Chord: E7 Tones:[E, F#, G#, B, C#, D] Note being tested: C#5
Accepted Note: C#5
Chord: E7 Tones:[E, F#, G#, B, C#, D] Note being tested: F5
Chord: E7 Tones:[E, F#, G#, B, C#, D] Note being tested: A5
Chord: E7 Tones:[E, F#, G#, B, C#, D] Note being tested: G4
Chord: E7 Tones:[E, F#, G#, B, C#, D] Note being tested: A4
Chord: E7 Tones:[E, F#, G#, B, C#, D] Note being tested: C#5
Accepted Note: C#5
Chord: E7 Tones:[E, F#, G#, B, C#, D] Note being tested: F5
Chord: E7 Tones:[E, F#, G#, B, C#, D] Note being tested: A5
Chord: E7 Tones:[E, F#, G#, B, C#, D] Note being tested: A#4
Chord: E7 Tones:[E, F#, G#, B, C#, D] Note being tested: B4
Accepted Note: B4
Chord: E7 Tones:[E, F#, G#, B, C#, D] Note being tested: A#4
Chord: E7 Tones:[E, F#, G#, B, C#, D] Note being tested: G#4
Accepted Note: G#4
Chord: E7 Tones:[E, F#, G#, B, C#, D] Note being tested: G4
Chord: E7 Tones:[E, F#, G#, B, C#, D] Note being tested: F#4
Accepted Note: F#4
Chord: E7 Tones:[E, F#, G#, B, C#, D] Note being tested: F4
Chord: E7 Tones:[E, F#, G#, B, C#, D] Note being tested: E4
Accepted Note: E4
Chord: E7 Tones:[E, F#, G#, B, C#, D] Note being tested: D4
Accepted Note: D4
Chord: E7 Tones:[E, F#, G#, B, C#, D] Note being tested: D#4
Chord: B7 Tones:[B, C#, D#, F#, G#, A] Note being tested: A#4
Chord: B7 Tones:[B, C#, D#, F#, G#, A] Note being tested: B4
Accepted Note: B4
Chord: B7 Tones:[B, C#, D#, F#, G#, A] Note being tested: A#4
Chord: B7 Tones:[B, C#, D#, F#, G#, A] Note being tested: G#4
Accepted Note: G#4
Chord: B7 Tones:[B, C#, D#, F#, G#, A] Note being tested: G4
Chord: B7 Tones:[B, C#, D#, F#, G#, A] Note being tested: F#4
Accepted Note: F#4
Chord: B7 Tones:[B, C#, D#, F#, G#, A] Note being tested: F4
Chord: B7 Tones:[B, C#, D#, F#, G#, A] Note being tested: E4
Chord: B7 Tones:[B, C#, D#, F#, G#, A] Note being tested: D4
Chord: B7 Tones:[B, C#, D#, F#, G#, A] Note being tested: D#4
Accepted Note: D#4
Chord: B7 Tones:[B, C#, D#, F#, G#, A] Note being tested: A#4
Chord: B7 Tones:[B, C#, D#, F#, G#, A] Note being tested: B4
Accepted Note: B4
Chord: B7 Tones:[B, C#, D#, F#, G#, A] Note being tested: A#4
Chord: B7 Tones:[B, C#, D#, F#, G#, A] Note being tested: G#4
Accepted Note: G#4
Chord: B7 Tones:[B, C#, D#, F#, G#, A] Note being tested: G4
Chord: B7 Tones:[B, C#, D#, F#, G#, A] Note being tested: F#4
Accepted Note: F#4
Chord: B7 Tones:[B, C#, D#, F#, G#, A] Note being tested: F4
Chord: B7 Tones:[B, C#, D#, F#, G#, A] Note being tested: E4
Chord: B7 Tones:[B, C#, D#, F#, G#, A] Note being tested: D4
Chord: B7 Tones:[B, C#, D#, F#, G#, A] Note being tested: D#4
Accepted Note: D#4
Chord: B7 Tones:[B, C#, D#, F#, G#, A] Note being tested: G4
Chord: B7 Tones:[B, C#, D#, F#, G#, A] Note being tested: A4
Accepted Note: A4
Chord: B7 Tones:[B, C#, D#, F#, G#, A] Note being tested: C#5
Accepted Note: C#5
Chord: B7 Tones:[B, C#, D#, F#, G#, A] Note being tested: F5
Chord: B7 Tones:[B, C#, D#, F#, G#, A] Note being tested: A5
Accepted Note: A5
Chord: B7 Tones:[B, C#, D#, F#, G#, A] Note being tested: G4
Chord: B7 Tones:[B, C#, D#, F#, G#, A] Note being tested: A4
Accepted Note: A4
Chord: B7 Tones:[B, C#, D#, F#, G#, A] Note being tested: C#5
Accepted Note: C#5
Chord: B7 Tones:[B, C#, D#, F#, G#, A] Note being tested: F5
Chord: B7 Tones:[B, C#, D#, F#, G#, A] Note being tested: A5
Accepted Note: A5
Chord: B7 Tones:[B, C#, D#, F#, G#, A] Note being tested: G4
Chord: B7 Tones:[B, C#, D#, F#, G#, A] Note being tested: A4
Accepted Note: A4
Chord: B7 Tones:[B, C#, D#, F#, G#, A] Note being tested: C#5
Accepted Note: C#5
Chord: B7 Tones:[B, C#, D#, F#, G#, A] Note being tested: F5
Chord: B7 Tones:[B, C#, D#, F#, G#, A] Note being tested: A5
Accepted Note: A5
Chord: B7 Tones:[B, C#, D#, F#, G#, A] Note being tested: G4
Chord: B7 Tones:[B, C#, D#, F#, G#, A] Note being tested: A4
Accepted Note: A4
Chord: B7 Tones:[B, C#, D#, F#, G#, A] Note being tested: C#5
Accepted Note: C#5
Chord: B7 Tones:[B, C#, D#, F#, G#, A] Note being tested: F5
Chord: B7 Tones:[B, C#, D#, F#, G#, A] Note being tested: A5
Accepted Note: A5
Chord: B7 Tones:[B, C#, D#, F#, G#, A] Note being tested: G4
Chord: B7 Tones:[B, C#, D#, F#, G#, A] Note being tested: A4
Accepted Note: A4
Chord: B7 Tones:[B, C#, D#, F#, G#, A] Note being tested: C#5
Accepted Note: C#5
Chord: B7 Tones:[B, C#, D#, F#, G#, A] Note being tested: F5
Chord: B7 Tones:[B, C#, D#, F#, G#, A] Note being tested: A5
Accepted Note: A5
Chord: B7 Tones:[B, C#, D#, F#, G#, A] Note being tested: G4
Chord: B7 Tones:[B, C#, D#, F#, G#, A] Note being tested: A4
Accepted Note: A4
Chord: B7 Tones:[B, C#, D#, F#, G#, A] Note being tested: C#5
Accepted Note: C#5
Chord: B7 Tones:[B, C#, D#, F#, G#, A] Note being tested: F5
Chord: B7 Tones:[B, C#, D#, F#, G#, A] Note being tested: A5
Accepted Note: A5
Chord: B7 Tones:[B, C#, D#, F#, G#, A] Note being tested: G4
Chord: B7 Tones:[B, C#, D#, F#, G#, A] Note being tested: A4
Accepted Note: A4
Chord: B7 Tones:[B, C#, D#, F#, G#, A] Note being tested: C#5
Accepted Note: C#5
Chord: B7 Tones:[B, C#, D#, F#, G#, A] Note being tested: F5
Chord: B7 Tones:[B, C#, D#, F#, G#, A] Note being tested: A5
Accepted Note: A5
Chord: B7 Tones:[B, C#, D#, F#, G#, A] Note being tested: G4
Chord: B7 Tones:[B, C#, D#, F#, G#, A] Note being tested: A4
Accepted Note: A4
Chord: B7 Tones:[B, C#, D#, F#, G#, A] Note being tested: C#5
Accepted Note: C#5
Chord: B7 Tones:[B, C#, D#, F#, G#, A] Note being tested: F5
Chord: B7 Tones:[B, C#, D#, F#, G#, A] Note being tested: A5
Accepted Note: A5
Chord: B7 Tones:[B, C#, D#, F#, G#, A] Note being tested: G4
Chord: B7 Tones:[B, C#, D#, F#, G#, A] Note being tested: A4
Accepted Note: A4
Chord: B7 Tones:[B, C#, D#, F#, G#, A] Note being tested: C#5
Accepted Note: C#5
Chord: B7 Tones:[B, C#, D#, F#, G#, A] Note being tested: F5
Chord: B7 Tones:[B, C#, D#, F#, G#, A] Note being tested: A5
Accepted Note: A5
Chord: B7 Tones:[B, C#, D#, F#, G#, A] Note being tested: A#4
Chord: B7 Tones:[B, C#, D#, F#, G#, A] Note being tested: E4
Chord: B7 Tones:[B, C#, D#, F#, G#, A] Note being tested: G4
Chord: B7 Tones:[B, C#, D#, F#, G#, A] Note being tested: G#4
Accepted Note: G#4
Chord: B7 Tones:[B, C#, D#, F#, G#, A] Note being tested: B4
Accepted Note: B4
Chord: B7 Tones:[B, C#, D#, F#, G#, A] Note being tested: D5
Chord: B7 Tones:[B, C#, D#, F#, G#, A] Note being tested: F5
Chord: B7 Tones:[B, C#, D#, F#, G#, A] Note being tested: G#5
Accepted Note: G#5
Chord: B7 Tones:[B, C#, D#, F#, G#, A] Note being tested: E5
Chord: B7 Tones:[B, C#, D#, F#, G#, A] Note being tested: G5
Chord: B7 Tones:[B, C#, D#, F#, G#, A] Note being tested: C#5
Accepted Note: C#5
Chord: B7 Tones:[B, C#, D#, F#, G#, A] Note being tested: F#4
Accepted Note: F#4
Chord: B7 Tones:[B, C#, D#, F#, G#, A] Note being tested: D#5
Accepted Note: D#5
Chord: B7 Tones:[B, C#, D#, F#, G#, A] Note being tested: A4
Accepted Note: A4
Chord: B7 Tones:[B, C#, D#, F#, G#, A] Note being tested: E4
Chord: B7 Tones:[B, C#, D#, F#, G#, A] Note being tested: G4
Chord: B7 Tones:[B, C#, D#, F#, G#, A] Note being tested: G#4
Accepted Note: G#4
Chord: B7 Tones:[B, C#, D#, F#, G#, A] Note being tested: B4
Accepted Note: B4
Chord: B7 Tones:[B, C#, D#, F#, G#, A] Note being tested: D5
Chord: B7 Tones:[B, C#, D#, F#, G#, A] Note being tested: F5
Chord: B7 Tones:[B, C#, D#, F#, G#, A] Note being tested: G#5
Accepted Note: G#5
Chord: B7 Tones:[B, C#, D#, F#, G#, A] Note being tested: E5
Chord: B7 Tones:[B, C#, D#, F#, G#, A] Note being tested: G5
Chord: B7 Tones:[B, C#, D#, F#, G#, A] Note being tested: C#5
Accepted Note: C#5
Chord: B7 Tones:[B, C#, D#, F#, G#, A] Note being tested: F#4
Accepted Note: F#4
Chord: B7 Tones:[B, C#, D#, F#, G#, A] Note being tested: D#5
Accepted Note: D#5
Chord: B7 Tones:[B, C#, D#, F#, G#, A] Note being tested: A4
Accepted Note: A4
Chord: B7 Tones:[B, C#, D#, F#, G#, A] Note being tested: E4
Chord: B7 Tones:[B, C#, D#, F#, G#, A] Note being tested: G4
Chord: B7 Tones:[B, C#, D#, F#, G#, A] Note being tested: G#4
Accepted Note: G#4
Chord: B7 Tones:[B, C#, D#, F#, G#, A] Note being tested: B4
Accepted Note: B4
Chord: B7 Tones:[B, C#, D#, F#, G#, A] Note being tested: D5
Chord: B7 Tones:[B, C#, D#, F#, G#, A] Note being tested: F5
Chord: B7 Tones:[B, C#, D#, F#, G#, A] Note being tested: G#5
Accepted Note: G#5
Chord: B7 Tones:[B, C#, D#, F#, G#, A] Note being tested: E5
Chord: B7 Tones:[B, C#, D#, F#, G#, A] Note being tested: G5
Chord: B7 Tones:[B, C#, D#, F#, G#, A] Note being tested: C#5
Accepted Note: C#5
Chord: B7 Tones:[B, C#, D#, F#, G#, A] Note being tested: F#4
Accepted Note: F#4
Chord: B7 Tones:[B, C#, D#, F#, G#, A] Note being tested: D#5
Accepted Note: D#5
Chord: B7 Tones:[B, C#, D#, F#, G#, A] Note being tested: A4
Accepted Note: A4
Chord: B7 Tones:[B, C#, D#, F#, G#, A] Note being tested: B4
Accepted Note: B4
Chord: B7 Tones:[B, C#, D#, F#, G#, A] Note being tested: A#4
Chord: B7 Tones:[B, C#, D#, F#, G#, A] Note being tested: G#4
Accepted Note: G#4
Chord: B7 Tones:[B, C#, D#, F#, G#, A] Note being tested: G4
Chord: B7 Tones:[B, C#, D#, F#, G#, A] Note being tested: F#4
Accepted Note: F#4
Chord: B7 Tones:[B, C#, D#, F#, G#, A] Note being tested: F4
Chord: B7 Tones:[B, C#, D#, F#, G#, A] Note being tested: E4
Chord: B7 Tones:[B, C#, D#, F#, G#, A] Note being tested: D4
Chord: B7 Tones:[B, C#, D#, F#, G#, A] Note being tested: D#4
Accepted Note: D#4
Chord: B7 Tones:[B, C#, D#, F#, G#, A] Note being tested: G4
Chord: B7 Tones:[B, C#, D#, F#, G#, A] Note being tested: A4
Accepted Note: A4
Chord: B7 Tones:[B, C#, D#, F#, G#, A] Note being tested: C#5
Accepted Note: C#5
Chord: B7 Tones:[B, C#, D#, F#, G#, A] Note being tested: F5
Chord: B7 Tones:[B, C#, D#, F#, G#, A] Note being tested: A5
Accepted Note: A5
Chord: B7 Tones:[B, C#, D#, F#, G#, A] Note being tested: G4
Chord: B7 Tones:[B, C#, D#, F#, G#, A] Note being tested: A4
Accepted Note: A4
Chord: B7 Tones:[B, C#, D#, F#, G#, A] Note being tested: C#5
Accepted Note: C#5
Chord: B7 Tones:[B, C#, D#, F#, G#, A] Note being tested: F5
Chord: B7 Tones:[B, C#, D#, F#, G#, A] Note being tested: A5
Accepted Note: A5
Chord: B7 Tones:[B, C#, D#, F#, G#, A] Note being tested: G4
Chord: B7 Tones:[B, C#, D#, F#, G#, A] Note being tested: A4
Accepted Note: A4
Chord: B7 Tones:[B, C#, D#, F#, G#, A] Note being tested: C#5
Accepted Note: C#5
Chord: B7 Tones:[B, C#, D#, F#, G#, A] Note being tested: F5
Chord: B7 Tones:[B, C#, D#, F#, G#, A] Note being tested: A5
Accepted Note: A5
Chord: B7 Tones:[B, C#, D#, F#, G#, A] Note being tested: A#4
Chord: B7 Tones:[B, C#, D#, F#, G#, A] Note being tested: G4
Chord: B7 Tones:[B, C#, D#, F#, G#, A] Note being tested: A4
Accepted Note: A4
Chord: B7 Tones:[B, C#, D#, F#, G#, A] Note being tested: C#5
Accepted Note: C#5
Chord: B7 Tones:[B, C#, D#, F#, G#, A] Note being tested: F5
Chord: B7 Tones:[B, C#, D#, F#, G#, A] Note being tested: A5
Accepted Note: A5
Chord: B7 Tones:[B, C#, D#, F#, G#, A] Note being tested: B4
Accepted Note: B4
Chord: B7 Tones:[B, C#, D#, F#, G#, A] Note being tested: A#4
Chord: B7 Tones:[B, C#, D#, F#, G#, A] Note being tested: G#4
Accepted Note: G#4
Chord: B7 Tones:[B, C#, D#, F#, G#, A] Note being tested: G4
Chord: B7 Tones:[B, C#, D#, F#, G#, A] Note being tested: F#4
Accepted Note: F#4
Chord: B7 Tones:[B, C#, D#, F#, G#, A] Note being tested: F4
Chord: B7 Tones:[B, C#, D#, F#, G#, A] Note being tested: E4
Chord: B7 Tones:[B, C#, D#, F#, G#, A] Note being tested: D4
Chord: B7 Tones:[B, C#, D#, F#, G#, A] Note being tested: D#4
Accepted Note: D#4
Chord: B7 Tones:[B, C#, D#, F#, G#, A] Note being tested: E4
Chord: B7 Tones:[B, C#, D#, F#, G#, A] Note being tested: G4
Chord: B7 Tones:[B, C#, D#, F#, G#, A] Note being tested: G#4
Accepted Note: G#4
Chord: B7 Tones:[B, C#, D#, F#, G#, A] Note being tested: B4
Accepted Note: B4
Chord: B7 Tones:[B, C#, D#, F#, G#, A] Note being tested: D5
Chord: B7 Tones:[B, C#, D#, F#, G#, A] Note being tested: F5
Chord: B7 Tones:[B, C#, D#, F#, G#, A] Note being tested: G#5
Accepted Note: G#5
Chord: B7 Tones:[B, C#, D#, F#, G#, A] Note being tested: E5
Chord: B7 Tones:[B, C#, D#, F#, G#, A] Note being tested: G5
Chord: B7 Tones:[B, C#, D#, F#, G#, A] Note being tested: C#5
Accepted Note: C#5
Chord: B7 Tones:[B, C#, D#, F#, G#, A] Note being tested: F#4
Accepted Note: F#4
Chord: B7 Tones:[B, C#, D#, F#, G#, A] Note being tested: D#5
Accepted Note: D#5
Chord: B7 Tones:[B, C#, D#, F#, G#, A] Note being tested: A4
Accepted Note: A4
Chord: B7 Tones:[B, C#, D#, F#, G#, A] Note being tested: E4
Chord: B7 Tones:[B, C#, D#, F#, G#, A] Note being tested: G4
Chord: B7 Tones:[B, C#, D#, F#, G#, A] Note being tested: G#4
Accepted Note: G#4
Chord: B7 Tones:[B, C#, D#, F#, G#, A] Note being tested: B4
Accepted Note: B4
Chord: B7 Tones:[B, C#, D#, F#, G#, A] Note being tested: D5
Chord: B7 Tones:[B, C#, D#, F#, G#, A] Note being tested: F5
Chord: B7 Tones:[B, C#, D#, F#, G#, A] Note being tested: G#5
Accepted Note: G#5
Chord: B7 Tones:[B, C#, D#, F#, G#, A] Note being tested: E5
Chord: B7 Tones:[B, C#, D#, F#, G#, A] Note being tested: G5
Chord: B7 Tones:[B, C#, D#, F#, G#, A] Note being tested: C#5
Accepted Note: C#5
Chord: B7 Tones:[B, C#, D#, F#, G#, A] Note being tested: F#4
Accepted Note: F#4
Chord: B7 Tones:[B, C#, D#, F#, G#, A] Note being tested: D#5
Accepted Note: D#5
Chord: B7 Tones:[B, C#, D#, F#, G#, A] Note being tested: A4
Accepted Note: A4
Chord: B7 Tones:[B, C#, D#, F#, G#, A] Note being tested: E4
Chord: B7 Tones:[B, C#, D#, F#, G#, A] Note being tested: G4
Chord: B7 Tones:[B, C#, D#, F#, G#, A] Note being tested: G#4
Accepted Note: G#4
Chord: B7 Tones:[B, C#, D#, F#, G#, A] Note being tested: B4
Accepted Note: B4
Chord: B7 Tones:[B, C#, D#, F#, G#, A] Note being tested: D5
Chord: B7 Tones:[B, C#, D#, F#, G#, A] Note being tested: F5
Chord: B7 Tones:[B, C#, D#, F#, G#, A] Note being tested: G#5
Accepted Note: G#5
Chord: B7 Tones:[B, C#, D#, F#, G#, A] Note being tested: E5
Chord: B7 Tones:[B, C#, D#, F#, G#, A] Note being tested: G5
Chord: B7 Tones:[B, C#, D#, F#, G#, A] Note being tested: C#5
Accepted Note: C#5
Chord: B7 Tones:[B, C#, D#, F#, G#, A] Note being tested: F#4
Accepted Note: F#4
Chord: B7 Tones:[B, C#, D#, F#, G#, A] Note being tested: D#5
Accepted Note: D#5
Chord: B7 Tones:[B, C#, D#, F#, G#, A] Note being tested: A4
Accepted Note: A4
Chord: B7 Tones:[B, C#, D#, F#, G#, A] Note being tested: E4
Chord: B7 Tones:[B, C#, D#, F#, G#, A] Note being tested: G4
Chord: B7 Tones:[B, C#, D#, F#, G#, A] Note being tested: G#4
Accepted Note: G#4
Chord: B7 Tones:[B, C#, D#, F#, G#, A] Note being tested: B4
Accepted Note: B4
Chord: B7 Tones:[B, C#, D#, F#, G#, A] Note being tested: D5
Chord: B7 Tones:[B, C#, D#, F#, G#, A] Note being tested: F5
Chord: B7 Tones:[B, C#, D#, F#, G#, A] Note being tested: G#5
Accepted Note: G#5
Chord: B7 Tones:[B, C#, D#, F#, G#, A] Note being tested: E5
Chord: B7 Tones:[B, C#, D#, F#, G#, A] Note being tested: G5
Chord: B7 Tones:[B, C#, D#, F#, G#, A] Note being tested: C#5
Accepted Note: C#5
Chord: B7 Tones:[B, C#, D#, F#, G#, A] Note being tested: F#4
Accepted Note: F#4
Chord: B7 Tones:[B, C#, D#, F#, G#, A] Note being tested: D#5
Accepted Note: D#5
Chord: B7 Tones:[B, C#, D#, F#, G#, A] Note being tested: A4
Accepted Note: A4
Chord: B7 Tones:[B, C#, D#, F#, G#, A] Note being tested: E4
Chord: B7 Tones:[B, C#, D#, F#, G#, A] Note being tested: G4
Chord: B7 Tones:[B, C#, D#, F#, G#, A] Note being tested: G#4
Accepted Note: G#4
Chord: B7 Tones:[B, C#, D#, F#, G#, A] Note being tested: B4
Accepted Note: B4
Chord: B7 Tones:[B, C#, D#, F#, G#, A] Note being tested: D5
Chord: B7 Tones:[B, C#, D#, F#, G#, A] Note being tested: F5
Chord: B7 Tones:[B, C#, D#, F#, G#, A] Note being tested: G#5
Accepted Note: G#5
Chord: B7 Tones:[B, C#, D#, F#, G#, A] Note being tested: E5
Chord: B7 Tones:[B, C#, D#, F#, G#, A] Note being tested: G5
Chord: B7 Tones:[B, C#, D#, F#, G#, A] Note being tested: C#5
Accepted Note: C#5
Chord: B7 Tones:[B, C#, D#, F#, G#, A] Note being tested: F#4
Accepted Note: F#4
Chord: B7 Tones:[B, C#, D#, F#, G#, A] Note being tested: D#5
Accepted Note: D#5
Chord: B7 Tones:[B, C#, D#, F#, G#, A] Note being tested: A4
Accepted Note: A4
Chord: B7 Tones:[B, C#, D#, F#, G#, A] Note being tested: E4
Chord: B7 Tones:[B, C#, D#, F#, G#, A] Note being tested: G4
Chord: B7 Tones:[B, C#, D#, F#, G#, A] Note being tested: G#4
Accepted Note: G#4
Chord: B7 Tones:[B, C#, D#, F#, G#, A] Note being tested: B4
Accepted Note: B4
Chord: B7 Tones:[B, C#, D#, F#, G#, A] Note being tested: D5
Chord: B7 Tones:[B, C#, D#, F#, G#, A] Note being tested: F5
Chord: B7 Tones:[B, C#, D#, F#, G#, A] Note being tested: G#5
Accepted Note: G#5
Chord: B7 Tones:[B, C#, D#, F#, G#, A] Note being tested: E5
Chord: B7 Tones:[B, C#, D#, F#, G#, A] Note being tested: G5
Chord: B7 Tones:[B, C#, D#, F#, G#, A] Note being tested: C#5
Accepted Note: C#5
Chord: B7 Tones:[B, C#, D#, F#, G#, A] Note being tested: F#4
Accepted Note: F#4
Chord: B7 Tones:[B, C#, D#, F#, G#, A] Note being tested: D#5
Accepted Note: D#5
Chord: B7 Tones:[B, C#, D#, F#, G#, A] Note being tested: A4
Accepted Note: A4
Chord: B7 Tones:[B, C#, D#, F#, G#, A] Note being tested: E4
Chord: B7 Tones:[B, C#, D#, F#, G#, A] Note being tested: G4
Chord: B7 Tones:[B, C#, D#, F#, G#, A] Note being tested: G#4
Accepted Note: G#4
Chord: B7 Tones:[B, C#, D#, F#, G#, A] Note being tested: B4
Accepted Note: B4
Chord: B7 Tones:[B, C#, D#, F#, G#, A] Note being tested: D5
Chord: B7 Tones:[B, C#, D#, F#, G#, A] Note being tested: F5
Chord: B7 Tones:[B, C#, D#, F#, G#, A] Note being tested: G#5
Accepted Note: G#5
Chord: B7 Tones:[B, C#, D#, F#, G#, A] Note being tested: E5
Chord: B7 Tones:[B, C#, D#, F#, G#, A] Note being tested: G5
Chord: B7 Tones:[B, C#, D#, F#, G#, A] Note being tested: C#5
Accepted Note: C#5
Chord: B7 Tones:[B, C#, D#, F#, G#, A] Note being tested: F#4
Accepted Note: F#4
Chord: B7 Tones:[B, C#, D#, F#, G#, A] Note being tested: D#5
Accepted Note: D#5
Chord: B7 Tones:[B, C#, D#, F#, G#, A] Note being tested: A4
Accepted Note: A4
Chord: B7 Tones:[B, C#, D#, F#, G#, A] Note being tested: E4
Chord: B7 Tones:[B, C#, D#, F#, G#, A] Note being tested: G4
Chord: B7 Tones:[B, C#, D#, F#, G#, A] Note being tested: G#4
Accepted Note: G#4
Chord: B7 Tones:[B, C#, D#, F#, G#, A] Note being tested: B4
Accepted Note: B4
Chord: B7 Tones:[B, C#, D#, F#, G#, A] Note being tested: D5
Chord: B7 Tones:[B, C#, D#, F#, G#, A] Note being tested: F5
Chord: B7 Tones:[B, C#, D#, F#, G#, A] Note being tested: G#5
Accepted Note: G#5
Chord: B7 Tones:[B, C#, D#, F#, G#, A] Note being tested: E5
Chord: B7 Tones:[B, C#, D#, F#, G#, A] Note being tested: G5
Chord: B7 Tones:[B, C#, D#, F#, G#, A] Note being tested: C#5
Accepted Note: C#5
Chord: B7 Tones:[B, C#, D#, F#, G#, A] Note being tested: F#4
Accepted Note: F#4
Chord: B7 Tones:[B, C#, D#, F#, G#, A] Note being tested: D#5
Accepted Note: D#5
Chord: B7 Tones:[B, C#, D#, F#, G#, A] Note being tested: A4
Accepted Note: A4
Chord: B7 Tones:[B, C#, D#, F#, G#, A] Note being tested: E4
Chord: B7 Tones:[B, C#, D#, F#, G#, A] Note being tested: G4
Chord: B7 Tones:[B, C#, D#, F#, G#, A] Note being tested: G#4
Accepted Note: G#4
Chord: B7 Tones:[B, C#, D#, F#, G#, A] Note being tested: B4
Accepted Note: B4
Chord: B7 Tones:[B, C#, D#, F#, G#, A] Note being tested: D5
Chord: B7 Tones:[B, C#, D#, F#, G#, A] Note being tested: F5
Chord: B7 Tones:[B, C#, D#, F#, G#, A] Note being tested: G#5
Accepted Note: G#5
Chord: B7 Tones:[B, C#, D#, F#, G#, A] Note being tested: E5
Chord: B7 Tones:[B, C#, D#, F#, G#, A] Note being tested: G5
Chord: B7 Tones:[B, C#, D#, F#, G#, A] Note being tested: C#5
Accepted Note: C#5
Chord: B7 Tones:[B, C#, D#, F#, G#, A] Note being tested: F#4
Accepted Note: F#4
Chord: B7 Tones:[B, C#, D#, F#, G#, A] Note being tested: D#5
Accepted Note: D#5
Chord: B7 Tones:[B, C#, D#, F#, G#, A] Note being tested: A4
Accepted Note: A4
Chord: B7 Tones:[B, C#, D#, F#, G#, A] Note being tested: G4
Chord: B7 Tones:[B, C#, D#, F#, G#, A] Note being tested: A4
Accepted Note: A4
Chord: B7 Tones:[B, C#, D#, F#, G#, A] Note being tested: C#5
Accepted Note: C#5
Chord: B7 Tones:[B, C#, D#, F#, G#, A] Note being tested: F5
Chord: B7 Tones:[B, C#, D#, F#, G#, A] Note being tested: A5
Accepted Note: A5
Chord: B7 Tones:[B, C#, D#, F#, G#, A] Note being tested: G4
Chord: B7 Tones:[B, C#, D#, F#, G#, A] Note being tested: A4
Accepted Note: A4
Chord: B7 Tones:[B, C#, D#, F#, G#, A] Note being tested: C#5
Accepted Note: C#5
Chord: B7 Tones:[B, C#, D#, F#, G#, A] Note being tested: F5
Chord: B7 Tones:[B, C#, D#, F#, G#, A] Note being tested: A5
Accepted Note: A5
Chord: B7 Tones:[B, C#, D#, F#, G#, A] Note being tested: G4
Chord: B7 Tones:[B, C#, D#, F#, G#, A] Note being tested: A4
Accepted Note: A4
Chord: B7 Tones:[B, C#, D#, F#, G#, A] Note being tested: C#5
Accepted Note: C#5
Chord: B7 Tones:[B, C#, D#, F#, G#, A] Note being tested: F5
Chord: B7 Tones:[B, C#, D#, F#, G#, A] Note being tested: A5
Accepted Note: A5
Chord: B7 Tones:[B, C#, D#, F#, G#, A] Note being tested: A#4
Chord: B7 Tones:[B, C#, D#, F#, G#, A] Note being tested: G4
Chord: B7 Tones:[B, C#, D#, F#, G#, A] Note being tested: A4
Accepted Note: A4
Chord: B7 Tones:[B, C#, D#, F#, G#, A] Note being tested: C#5
Accepted Note: C#5
Chord: B7 Tones:[B, C#, D#, F#, G#, A] Note being tested: F5
Chord: B7 Tones:[B, C#, D#, F#, G#, A] Note being tested: A5
Accepted Note: A5
Chord: B7 Tones:[B, C#, D#, F#, G#, A] Note being tested: G4
Chord: B7 Tones:[B, C#, D#, F#, G#, A] Note being tested: A4
Accepted Note: A4
Chord: B7 Tones:[B, C#, D#, F#, G#, A] Note being tested: C#5
Accepted Note: C#5
Chord: B7 Tones:[B, C#, D#, F#, G#, A] Note being tested: F5
Chord: B7 Tones:[B, C#, D#, F#, G#, A] Note being tested: A5
Accepted Note: A5
Chord: B7 Tones:[B, C#, D#, F#, G#, A] Note being tested: G4
Chord: B7 Tones:[B, C#, D#, F#, G#, A] Note being tested: A4
Accepted Note: A4
Chord: B7 Tones:[B, C#, D#, F#, G#, A] Note being tested: C#5
Accepted Note: C#5
Chord: B7 Tones:[B, C#, D#, F#, G#, A] Note being tested: F5
Chord: B7 Tones:[B, C#, D#, F#, G#, A] Note being tested: A5
Accepted Note: A5
Chord: B7 Tones:[B, C#, D#, F#, G#, A] Note being tested: B4
Accepted Note: B4
Chord: B7 Tones:[B, C#, D#, F#, G#, A] Note being tested: A#4
Chord: B7 Tones:[B, C#, D#, F#, G#, A] Note being tested: G#4
Accepted Note: G#4
Chord: B7 Tones:[B, C#, D#, F#, G#, A] Note being tested: G4
Chord: B7 Tones:[B, C#, D#, F#, G#, A] Note being tested: F#4
Accepted Note: F#4
Chord: B7 Tones:[B, C#, D#, F#, G#, A] Note being tested: F4
Chord: B7 Tones:[B, C#, D#, F#, G#, A] Note being tested: E4
Chord: B7 Tones:[B, C#, D#, F#, G#, A] Note being tested: D4
Chord: B7 Tones:[B, C#, D#, F#, G#, A] Note being tested: D#4
Accepted Note: D#4
Chord: A7 Tones:[A, B, C#, E, F#, G] Note being tested: G4
Accepted Note: G4
Chord: A7 Tones:[A, B, C#, E, F#, G] Note being tested: A4
Accepted Note: A4
Chord: A7 Tones:[A, B, C#, E, F#, G] Note being tested: C#5
Accepted Note: C#5
Chord: A7 Tones:[A, B, C#, E, F#, G] Note being tested: F5
Chord: A7 Tones:[A, B, C#, E, F#, G] Note being tested: A5
Accepted Note: A5
Chord: A7 Tones:[A, B, C#, E, F#, G] Note being tested: A#4
Chord: A7 Tones:[A, B, C#, E, F#, G] Note being tested: B4
Accepted Note: B4
Chord: A7 Tones:[A, B, C#, E, F#, G] Note being tested: A#4
Chord: A7 Tones:[A, B, C#, E, F#, G] Note being tested: G#4
Chord: A7 Tones:[A, B, C#, E, F#, G] Note being tested: G4
Accepted Note: G4
Chord: A7 Tones:[A, B, C#, E, F#, G] Note being tested: F#4
Accepted Note: F#4
Chord: A7 Tones:[A, B, C#, E, F#, G] Note being tested: F4
Chord: A7 Tones:[A, B, C#, E, F#, G] Note being tested: E4
Accepted Note: E4
Chord: A7 Tones:[A, B, C#, E, F#, G] Note being tested: D4
Chord: A7 Tones:[A, B, C#, E, F#, G] Note being tested: D#4
Chord: A7 Tones:[A, B, C#, E, F#, G] Note being tested: E4
Accepted Note: E4
Chord: A7 Tones:[A, B, C#, E, F#, G] Note being tested: G4
Accepted Note: G4
Chord: A7 Tones:[A, B, C#, E, F#, G] Note being tested: G#4
Chord: A7 Tones:[A, B, C#, E, F#, G] Note being tested: B4
Accepted Note: B4
Chord: A7 Tones:[A, B, C#, E, F#, G] Note being tested: D5
Chord: A7 Tones:[A, B, C#, E, F#, G] Note being tested: F5
Chord: A7 Tones:[A, B, C#, E, F#, G] Note being tested: G#5
Chord: A7 Tones:[A, B, C#, E, F#, G] Note being tested: E5
Accepted Note: E5
Chord: A7 Tones:[A, B, C#, E, F#, G] Note being tested: G5
Accepted Note: G5
Chord: A7 Tones:[A, B, C#, E, F#, G] Note being tested: C#5
Accepted Note: C#5
Chord: A7 Tones:[A, B, C#, E, F#, G] Note being tested: F#4
Accepted Note: F#4
Chord: A7 Tones:[A, B, C#, E, F#, G] Note being tested: D#5
Chord: A7 Tones:[A, B, C#, E, F#, G] Note being tested: A4
Accepted Note: A4
Chord: A7 Tones:[A, B, C#, E, F#, G] Note being tested: A#4
Chord: A7 Tones:[A, B, C#, E, F#, G] Note being tested: B4
Accepted Note: B4
Chord: A7 Tones:[A, B, C#, E, F#, G] Note being tested: A#4
Chord: A7 Tones:[A, B, C#, E, F#, G] Note being tested: G#4
Chord: A7 Tones:[A, B, C#, E, F#, G] Note being tested: G4
Accepted Note: G4
Chord: A7 Tones:[A, B, C#, E, F#, G] Note being tested: F#4
Accepted Note: F#4
Chord: A7 Tones:[A, B, C#, E, F#, G] Note being tested: F4
Chord: A7 Tones:[A, B, C#, E, F#, G] Note being tested: E4
Accepted Note: E4
Chord: A7 Tones:[A, B, C#, E, F#, G] Note being tested: D4
Chord: A7 Tones:[A, B, C#, E, F#, G] Note being tested: D#4
Chord: A7 Tones:[A, B, C#, E, F#, G] Note being tested: A4
Accepted Note: A4
Chord: E7 Tones:[E, F#, G#, B, C#, D] Note being tested: A#4
Chord: E7 Tones:[E, F#, G#, B, C#, D] Note being tested: B4
Accepted Note: B4
Chord: E7 Tones:[E, F#, G#, B, C#, D] Note being tested: A#4
Chord: E7 Tones:[E, F#, G#, B, C#, D] Note being tested: G#4
Accepted Note: G#4
Chord: E7 Tones:[E, F#, G#, B, C#, D] Note being tested: G4
Chord: E7 Tones:[E, F#, G#, B, C#, D] Note being tested: F#4
Accepted Note: F#4
Chord: E7 Tones:[E, F#, G#, B, C#, D] Note being tested: F4
Chord: E7 Tones:[E, F#, G#, B, C#, D] Note being tested: E4
Accepted Note: E4
Chord: E7 Tones:[E, F#, G#, B, C#, D] Note being tested: D4
Accepted Note: D4
Chord: E7 Tones:[E, F#, G#, B, C#, D] Note being tested: D#4
Chord: E7 Tones:[E, F#, G#, B, C#, D] Note being tested: D4
Accepted Note: D4
Chord: E7 Tones:[E, F#, G#, B, C#, D] Note being tested: F4
Chord: E7 Tones:[E, F#, G#, B, C#, D] Note being tested: C#5
Accepted Note: C#5
Chord: E7 Tones:[E, F#, G#, B, C#, D] Note being tested: D#4
Chord: E7 Tones:[E, F#, G#, B, C#, D] Note being tested: F5
Chord: E7 Tones:[E, F#, G#, B, C#, D] Note being tested: B4
Accepted Note: B4
Chord: E7 Tones:[E, F#, G#, B, C#, D] Note being tested: A#4
Chord: E7 Tones:[E, F#, G#, B, C#, D] Note being tested: G#4
Accepted Note: G#4
Chord: E7 Tones:[E, F#, G#, B, C#, D] Note being tested: G4
Chord: E7 Tones:[E, F#, G#, B, C#, D] Note being tested: F#4
Accepted Note: F#4
Chord: E7 Tones:[E, F#, G#, B, C#, D] Note being tested: F4
Chord: E7 Tones:[E, F#, G#, B, C#, D] Note being tested: E4
Accepted Note: E4
Chord: E7 Tones:[E, F#, G#, B, C#, D] Note being tested: D4
Accepted Note: D4
Chord: E7 Tones:[E, F#, G#, B, C#, D] Note being tested: D#4
Chord: E7 Tones:[E, F#, G#, B, C#, D] Note being tested: B4
Accepted Note: B4
Chord: E7 Tones:[E, F#, G#, B, C#, D] Note being tested: A#4
Chord: E7 Tones:[E, F#, G#, B, C#, D] Note being tested: G#4
Accepted Note: G#4
Chord: E7 Tones:[E, F#, G#, B, C#, D] Note being tested: G4
Chord: E7 Tones:[E, F#, G#, B, C#, D] Note being tested: F#4
Accepted Note: F#4
Chord: E7 Tones:[E, F#, G#, B, C#, D] Note being tested: F4
Chord: E7 Tones:[E, F#, G#, B, C#, D] Note being tested: E4
Accepted Note: E4
Chord: E7 Tones:[E, F#, G#, B, C#, D] Note being tested: D4
Accepted Note: D4
Chord: E7 Tones:[E, F#, G#, B, C#, D] Note being tested: D#4
Chord: E7 Tones:[E, F#, G#, B, C#, D] Note being tested: B4
Accepted Note: B4
Chord: E7 Tones:[E, F#, G#, B, C#, D] Note being tested: A#4
Chord: E7 Tones:[E, F#, G#, B, C#, D] Note being tested: G#4
Accepted Note: G#4
Chord: E7 Tones:[E, F#, G#, B, C#, D] Note being tested: G4
Chord: E7 Tones:[E, F#, G#, B, C#, D] Note being tested: F#4
Accepted Note: F#4
Chord: E7 Tones:[E, F#, G#, B, C#, D] Note being tested: F4
Chord: E7 Tones:[E, F#, G#, B, C#, D] Note being tested: E4
Accepted Note: E4
Chord: E7 Tones:[E, F#, G#, B, C#, D] Note being tested: D4
Accepted Note: D4
Chord: E7 Tones:[E, F#, G#, B, C#, D] Note being tested: D#4
Chord: E7 Tones:[E, F#, G#, B, C#, D] Note being tested: G4
Chord: E7 Tones:[E, F#, G#, B, C#, D] Note being tested: A4
Chord: E7 Tones:[E, F#, G#, B, C#, D] Note being tested: C#5
Accepted Note: C#5
Chord: E7 Tones:[E, F#, G#, B, C#, D] Note being tested: F5
Chord: E7 Tones:[E, F#, G#, B, C#, D] Note being tested: A5
Chord: E7 Tones:[E, F#, G#, B, C#, D] Note being tested: G4
Chord: E7 Tones:[E, F#, G#, B, C#, D] Note being tested: A4
Chord: E7 Tones:[E, F#, G#, B, C#, D] Note being tested: C#5
Accepted Note: C#5
Chord: E7 Tones:[E, F#, G#, B, C#, D] Note being tested: F5
Chord: E7 Tones:[E, F#, G#, B, C#, D] Note being tested: A5
Chord: E7 Tones:[E, F#, G#, B, C#, D] Note being tested: G4
Chord: E7 Tones:[E, F#, G#, B, C#, D] Note being tested: A4
Chord: E7 Tones:[E, F#, G#, B, C#, D] Note being tested: C#5
Accepted Note: C#5
Chord: E7 Tones:[E, F#, G#, B, C#, D] Note being tested: F5
Chord: E7 Tones:[E, F#, G#, B, C#, D] Note being tested: A5
Chord: E7 Tones:[E, F#, G#, B, C#, D] Note being tested: B4
Accepted Note: B4
Chord: E7 Tones:[E, F#, G#, B, C#, D] Note being tested: A#4
Chord: E7 Tones:[E, F#, G#, B, C#, D] Note being tested: G#4
Accepted Note: G#4
Chord: E7 Tones:[E, F#, G#, B, C#, D] Note being tested: G4
Chord: E7 Tones:[E, F#, G#, B, C#, D] Note being tested: F#4
Accepted Note: F#4
Chord: E7 Tones:[E, F#, G#, B, C#, D] Note being tested: F4
Chord: E7 Tones:[E, F#, G#, B, C#, D] Note being tested: E4
Accepted Note: E4
Chord: E7 Tones:[E, F#, G#, B, C#, D] Note being tested: D4
Accepted Note: D4
Chord: E7 Tones:[E, F#, G#, B, C#, D] Note being tested: D#4
Chord: E7 Tones:[E, F#, G#, B, C#, D] Note being tested: B4
Accepted Note: B4
Chord: E7 Tones:[E, F#, G#, B, C#, D] Note being tested: A#4
Chord: E7 Tones:[E, F#, G#, B, C#, D] Note being tested: G#4
Accepted Note: G#4
Chord: E7 Tones:[E, F#, G#, B, C#, D] Note being tested: G4
Chord: E7 Tones:[E, F#, G#, B, C#, D] Note being tested: F#4
Accepted Note: F#4
Chord: E7 Tones:[E, F#, G#, B, C#, D] Note being tested: F4
Chord: E7 Tones:[E, F#, G#, B, C#, D] Note being tested: E4
Accepted Note: E4
Chord: E7 Tones:[E, F#, G#, B, C#, D] Note being tested: D4
Accepted Note: D4
Chord: E7 Tones:[E, F#, G#, B, C#, D] Note being tested: D#4
Chord: E7 Tones:[E, F#, G#, B, C#, D] Note being tested: B4
Accepted Note: B4
Chord: E7 Tones:[E, F#, G#, B, C#, D] Note being tested: A#4
Chord: E7 Tones:[E, F#, G#, B, C#, D] Note being tested: G#4
Accepted Note: G#4
Chord: E7 Tones:[E, F#, G#, B, C#, D] Note being tested: G4
Chord: E7 Tones:[E, F#, G#, B, C#, D] Note being tested: F#4
Accepted Note: F#4
Chord: E7 Tones:[E, F#, G#, B, C#, D] Note being tested: F4
Chord: E7 Tones:[E, F#, G#, B, C#, D] Note being tested: E4
Accepted Note: E4
Chord: E7 Tones:[E, F#, G#, B, C#, D] Note being tested: D4
Accepted Note: D4
Chord: E7 Tones:[E, F#, G#, B, C#, D] Note being tested: D#4
Chord: E7 Tones:[E, F#, G#, B, C#, D] Note being tested: G4
Chord: E7 Tones:[E, F#, G#, B, C#, D] Note being tested: A4
Chord: E7 Tones:[E, F#, G#, B, C#, D] Note being tested: C#5
Accepted Note: C#5
Chord: E7 Tones:[E, F#, G#, B, C#, D] Note being tested: F5
Chord: E7 Tones:[E, F#, G#, B, C#, D] Note being tested: A5
Chord: E7 Tones:[E, F#, G#, B, C#, D] Note being tested: G4
Chord: E7 Tones:[E, F#, G#, B, C#, D] Note being tested: A4
Chord: E7 Tones:[E, F#, G#, B, C#, D] Note being tested: C#5
Accepted Note: C#5
Chord: E7 Tones:[E, F#, G#, B, C#, D] Note being tested: F5
Chord: E7 Tones:[E, F#, G#, B, C#, D] Note being tested: A5
Chord: E7 Tones:[E, F#, G#, B, C#, D] Note being tested: G4
Chord: E7 Tones:[E, F#, G#, B, C#, D] Note being tested: A4
Chord: E7 Tones:[E, F#, G#, B, C#, D] Note being tested: C#5
Accepted Note: C#5
Chord: E7 Tones:[E, F#, G#, B, C#, D] Note being tested: F5
Chord: E7 Tones:[E, F#, G#, B, C#, D] Note being tested: A5
Chord: E7 Tones:[E, F#, G#, B, C#, D] Note being tested: G4
Chord: E7 Tones:[E, F#, G#, B, C#, D] Note being tested: A4
Chord: E7 Tones:[E, F#, G#, B, C#, D] Note being tested: C#5
Accepted Note: C#5
Chord: E7 Tones:[E, F#, G#, B, C#, D] Note being tested: F5
Chord: E7 Tones:[E, F#, G#, B, C#, D] Note being tested: A5
Chord: E7 Tones:[E, F#, G#, B, C#, D] Note being tested: G4
Chord: E7 Tones:[E, F#, G#, B, C#, D] Note being tested: A4
Chord: E7 Tones:[E, F#, G#, B, C#, D] Note being tested: C#5
Accepted Note: C#5
Chord: E7 Tones:[E, F#, G#, B, C#, D] Note being tested: F5
Chord: E7 Tones:[E, F#, G#, B, C#, D] Note being tested: A5
Chord: E7 Tones:[E, F#, G#, B, C#, D] Note being tested: G4
Chord: E7 Tones:[E, F#, G#, B, C#, D] Note being tested: A4
Chord: E7 Tones:[E, F#, G#, B, C#, D] Note being tested: C#5
Accepted Note: C#5
Chord: E7 Tones:[E, F#, G#, B, C#, D] Note being tested: F5
Chord: E7 Tones:[E, F#, G#, B, C#, D] Note being tested: A5
Chord: E7 Tones:[E, F#, G#, B, C#, D] Note being tested: G4
Chord: E7 Tones:[E, F#, G#, B, C#, D] Note being tested: G4
Chord: E7 Tones:[E, F#, G#, B, C#, D] Note being tested: A4
Chord: E7 Tones:[E, F#, G#, B, C#, D] Note being tested: C#5
Accepted Note: C#5
Chord: E7 Tones:[E, F#, G#, B, C#, D] Note being tested: F5
Chord: E7 Tones:[E, F#, G#, B, C#, D] Note being tested: A5
Chord: E7 Tones:[E, F#, G#, B, C#, D] Note being tested: G4
Chord: E7 Tones:[E, F#, G#, B, C#, D] Note being tested: A4
Chord: E7 Tones:[E, F#, G#, B, C#, D] Note being tested: C#5
Accepted Note: C#5
Chord: E7 Tones:[E, F#, G#, B, C#, D] Note being tested: F5
Chord: E7 Tones:[E, F#, G#, B, C#, D] Note being tested: A5
Chord: E7 Tones:[E, F#, G#, B, C#, D] Note being tested: G4
Chord: E7 Tones:[E, F#, G#, B, C#, D] Note being tested: A4
Chord: E7 Tones:[E, F#, G#, B, C#, D] Note being tested: C#5
Accepted Note: C#5
Chord: E7 Tones:[E, F#, G#, B, C#, D] Note being tested: F5
Chord: E7 Tones:[E, F#, G#, B, C#, D] Note being tested: A5
Chord: E7 Tones:[E, F#, G#, B, C#, D] Note being tested: E4
Accepted Note: E4
Chord: E7 Tones:[E, F#, G#, B, C#, D] Note being tested: G4
Chord: E7 Tones:[E, F#, G#, B, C#, D] Note being tested: G#4
Accepted Note: G#4
Chord: E7 Tones:[E, F#, G#, B, C#, D] Note being tested: B4
Accepted Note: B4
Chord: E7 Tones:[E, F#, G#, B, C#, D] Note being tested: D5
Accepted Note: D5
Chord: E7 Tones:[E, F#, G#, B, C#, D] Note being tested: F5
Chord: E7 Tones:[E, F#, G#, B, C#, D] Note being tested: G#5
Accepted Note: G#5
Chord: E7 Tones:[E, F#, G#, B, C#, D] Note being tested: E5
Accepted Note: E5
Chord: E7 Tones:[E, F#, G#, B, C#, D] Note being tested: G5
Chord: E7 Tones:[E, F#, G#, B, C#, D] Note being tested: C#5
Accepted Note: C#5
Chord: E7 Tones:[E, F#, G#, B, C#, D] Note being tested: F#4
Accepted Note: F#4
Chord: E7 Tones:[E, F#, G#, B, C#, D] Note being tested: D#5
Chord: E7 Tones:[E, F#, G#, B, C#, D] Note being tested: A4
Chord: E7 Tones:[E, F#, G#, B, C#, D] Note being tested: G4
Chord: E7 Tones:[E, F#, G#, B, C#, D] Note being tested: A4
Chord: E7 Tones:[E, F#, G#, B, C#, D] Note being tested: C#5
Accepted Note: C#5
Chord: E7 Tones:[E, F#, G#, B, C#, D] Note being tested: F5
Chord: E7 Tones:[E, F#, G#, B, C#, D] Note being tested: A5
Chord: E7 Tones:[E, F#, G#, B, C#, D] Note being tested: G4
Chord: E7 Tones:[E, F#, G#, B, C#, D] Note being tested: A4
Chord: E7 Tones:[E, F#, G#, B, C#, D] Note being tested: C#5
Accepted Note: C#5
Chord: E7 Tones:[E, F#, G#, B, C#, D] Note being tested: F5
Chord: E7 Tones:[E, F#, G#, B, C#, D] Note being tested: A5
Chord: E7 Tones:[E, F#, G#, B, C#, D] Note being tested: G4
Chord: E7 Tones:[E, F#, G#, B, C#, D] Note being tested: A4
Chord: E7 Tones:[E, F#, G#, B, C#, D] Note being tested: C#5
Accepted Note: C#5
Chord: E7 Tones:[E, F#, G#, B, C#, D] Note being tested: F5
Chord: E7 Tones:[E, F#, G#, B, C#, D] Note being tested: A5
Chord: E7 Tones:[E, F#, G#, B, C#, D] Note being tested: G4
Chord: E7 Tones:[E, F#, G#, B, C#, D] Note being tested: G4
Chord: E7 Tones:[E, F#, G#, B, C#, D] Note being tested: A4
Chord: E7 Tones:[E, F#, G#, B, C#, D] Note being tested: C#5
Accepted Note: C#5
Chord: E7 Tones:[E, F#, G#, B, C#, D] Note being tested: F5
Chord: E7 Tones:[E, F#, G#, B, C#, D] Note being tested: A5
Chord: E7 Tones:[E, F#, G#, B, C#, D] Note being tested: G4
Chord: E7 Tones:[E, F#, G#, B, C#, D] Note being tested: A4
Chord: E7 Tones:[E, F#, G#, B, C#, D] Note being tested: C#5
Accepted Note: C#5
Chord: E7 Tones:[E, F#, G#, B, C#, D] Note being tested: F5
Chord: E7 Tones:[E, F#, G#, B, C#, D] Note being tested: A5
Chord: E7 Tones:[E, F#, G#, B, C#, D] Note being tested: G4
Chord: E7 Tones:[E, F#, G#, B, C#, D] Note being tested: A4
Chord: E7 Tones:[E, F#, G#, B, C#, D] Note being tested: C#5
Accepted Note: C#5
Chord: E7 Tones:[E, F#, G#, B, C#, D] Note being tested: F5
Chord: E7 Tones:[E, F#, G#, B, C#, D] Note being tested: A5
Chord: E7 Tones:[E, F#, G#, B, C#, D] Note being tested: B4
Accepted Note: B4
Chord: E7 Tones:[E, F#, G#, B, C#, D] Note being tested: A#4
Chord: E7 Tones:[E, F#, G#, B, C#, D] Note being tested: G#4
Accepted Note: G#4
Chord: E7 Tones:[E, F#, G#, B, C#, D] Note being tested: G4
Chord: E7 Tones:[E, F#, G#, B, C#, D] Note being tested: F#4
Accepted Note: F#4
Chord: E7 Tones:[E, F#, G#, B, C#, D] Note being tested: F4
Chord: E7 Tones:[E, F#, G#, B, C#, D] Note being tested: E4
Accepted Note: E4
Chord: E7 Tones:[E, F#, G#, B, C#, D] Note being tested: D4
Accepted Note: D4
Chord: E7 Tones:[E, F#, G#, B, C#, D] Note being tested: D#4
Chord: E7 Tones:[E, F#, G#, B, C#, D] Note being tested: B4
Accepted Note: B4
Chord: E7 Tones:[E, F#, G#, B, C#, D] Note being tested: A#4
Chord: E7 Tones:[E, F#, G#, B, C#, D] Note being tested: G#4
Accepted Note: G#4
Chord: E7 Tones:[E, F#, G#, B, C#, D] Note being tested: G4
Chord: E7 Tones:[E, F#, G#, B, C#, D] Note being tested: F#4
Accepted Note: F#4
Chord: E7 Tones:[E, F#, G#, B, C#, D] Note being tested: F4
Chord: E7 Tones:[E, F#, G#, B, C#, D] Note being tested: E4
Accepted Note: E4
Chord: E7 Tones:[E, F#, G#, B, C#, D] Note being tested: D4
Accepted Note: D4
Chord: E7 Tones:[E, F#, G#, B, C#, D] Note being tested: D#4
Chord: E7 Tones:[E, F#, G#, B, C#, D] Note being tested: B4
Accepted Note: B4
Chord: E7 Tones:[E, F#, G#, B, C#, D] Note being tested: A#4
Chord: E7 Tones:[E, F#, G#, B, C#, D] Note being tested: G#4
Accepted Note: G#4
Chord: E7 Tones:[E, F#, G#, B, C#, D] Note being tested: G4
Chord: E7 Tones:[E, F#, G#, B, C#, D] Note being tested: F#4
Accepted Note: F#4
Chord: E7 Tones:[E, F#, G#, B, C#, D] Note being tested: F4
Chord: E7 Tones:[E, F#, G#, B, C#, D] Note being tested: E4
Accepted Note: E4
Chord: E7 Tones:[E, F#, G#, B, C#, D] Note being tested: D4
Accepted Note: D4
Chord: E7 Tones:[E, F#, G#, B, C#, D] Note being tested: D#4
Chord: E7 Tones:[E, F#, G#, B, C#, D] Note being tested: G4
Chord: E7 Tones:[E, F#, G#, B, C#, D] Note being tested: A4
Chord: E7 Tones:[E, F#, G#, B, C#, D] Note being tested: C#5
Accepted Note: C#5
Chord: E7 Tones:[E, F#, G#, B, C#, D] Note being tested: F5
Chord: E7 Tones:[E, F#, G#, B, C#, D] Note being tested: A5
Chord: E7 Tones:[E, F#, G#, B, C#, D] Note being tested: G4
Chord: E7 Tones:[E, F#, G#, B, C#, D] Note being tested: A4
Chord: E7 Tones:[E, F#, G#, B, C#, D] Note being tested: C#5
Accepted Note: C#5
Chord: E7 Tones:[E, F#, G#, B, C#, D] Note being tested: F5
Chord: E7 Tones:[E, F#, G#, B, C#, D] Note being tested: A5
Chord: E7 Tones:[E, F#, G#, B, C#, D] Note being tested: G4
Chord: E7 Tones:[E, F#, G#, B, C#, D] Note being tested: A4
Chord: E7 Tones:[E, F#, G#, B, C#, D] Note being tested: C#5
Accepted Note: C#5
Chord: E7 Tones:[E, F#, G#, B, C#, D] Note being tested: F5
Chord: E7 Tones:[E, F#, G#, B, C#, D] Note being tested: A5
Chord: E7 Tones:[E, F#, G#, B, C#, D] Note being tested: B4
Accepted Note: B4
Chord: E7 Tones:[E, F#, G#, B, C#, D] Note being tested: A#4
Chord: E7 Tones:[E, F#, G#, B, C#, D] Note being tested: G#4
Accepted Note: G#4
Chord: E7 Tones:[E, F#, G#, B, C#, D] Note being tested: G4
Chord: E7 Tones:[E, F#, G#, B, C#, D] Note being tested: F#4
Accepted Note: F#4
Chord: E7 Tones:[E, F#, G#, B, C#, D] Note being tested: F4
Chord: E7 Tones:[E, F#, G#, B, C#, D] Note being tested: E4
Accepted Note: E4
Chord: E7 Tones:[E, F#, G#, B, C#, D] Note being tested: D4
Accepted Note: D4
Chord: E7 Tones:[E, F#, G#, B, C#, D] Note being tested: D#4
Chord: E7 Tones:[E, F#, G#, B, C#, D] Note being tested: G4
Chord: E7 Tones:[E, F#, G#, B, C#, D] Note being tested: A4
Chord: E7 Tones:[E, F#, G#, B, C#, D] Note being tested: C#5
Accepted Note: C#5
Chord: E7 Tones:[E, F#, G#, B, C#, D] Note being tested: F5
Chord: E7 Tones:[E, F#, G#, B, C#, D] Note being tested: A5
Chord: E7 Tones:[E, F#, G#, B, C#, D] Note being tested: G4
Chord: E7 Tones:[E, F#, G#, B, C#, D] Note being tested: A4
Chord: E7 Tones:[E, F#, G#, B, C#, D] Note being tested: C#5
Accepted Note: C#5
Chord: E7 Tones:[E, F#, G#, B, C#, D] Note being tested: F5
Chord: E7 Tones:[E, F#, G#, B, C#, D] Note being tested: A5
Chord: E7 Tones:[E, F#, G#, B, C#, D] Note being tested: G4
Chord: E7 Tones:[E, F#, G#, B, C#, D] Note being tested: A4
Chord: E7 Tones:[E, F#, G#, B, C#, D] Note being tested: C#5
Accepted Note: C#5
Chord: E7 Tones:[E, F#, G#, B, C#, D] Note being tested: F5
Chord: E7 Tones:[E, F#, G#, B, C#, D] Note being tested: A5
Chord: E7 Tones:[E, F#, G#, B, C#, D] Note being tested: A#4
Chord: E7 Tones:[E, F#, G#, B, C#, D] Note being tested: B4
Accepted Note: B4
Chord: E7 Tones:[E, F#, G#, B, C#, D] Note being tested: A#4
Chord: E7 Tones:[E, F#, G#, B, C#, D] Note being tested: G#4
Accepted Note: G#4
Chord: E7 Tones:[E, F#, G#, B, C#, D] Note being tested: G4
Chord: E7 Tones:[E, F#, G#, B, C#, D] Note being tested: F#4
Accepted Note: F#4
Chord: E7 Tones:[E, F#, G#, B, C#, D] Note being tested: F4
Chord: E7 Tones:[E, F#, G#, B, C#, D] Note being tested: E4
Accepted Note: E4
Chord: E7 Tones:[E, F#, G#, B, C#, D] Note being tested: D4
Accepted Note: D4
Chord: E7 Tones:[E, F#, G#, B, C#, D] Note being tested: D#4
Chord: E7 Tones:[E, F#, G#, B, C#, D] Note being tested: A#4
Chord: E7 Tones:[E, F#, G#, B, C#, D] Note being tested: B4
Accepted Note: B4
Chord: E7 Tones:[E, F#, G#, B, C#, D] Note being tested: A#4
Chord: E7 Tones:[E, F#, G#, B, C#, D] Note being tested: G#4
Accepted Note: G#4
Chord: E7 Tones:[E, F#, G#, B, C#, D] Note being tested: G4
Chord: E7 Tones:[E, F#, G#, B, C#, D] Note being tested: F#4
Accepted Note: F#4
Chord: E7 Tones:[E, F#, G#, B, C#, D] Note being tested: F4
Chord: E7 Tones:[E, F#, G#, B, C#, D] Note being tested: E4
Accepted Note: E4
Chord: E7 Tones:[E, F#, G#, B, C#, D] Note being tested: D4
Accepted Note: D4
Chord: E7 Tones:[E, F#, G#, B, C#, D] Note being tested: D#4
Chord: E7 Tones:[E, F#, G#, B, C#, D] Note being tested: A#4
Chord: E7 Tones:[E, F#, G#, B, C#, D] Note being tested: E4
Accepted Note: E4
Chord: E7 Tones:[E, F#, G#, B, C#, D] Note being tested: G4
Chord: E7 Tones:[E, F#, G#, B, C#, D] Note being tested: G#4
Accepted Note: G#4
Chord: E7 Tones:[E, F#, G#, B, C#, D] Note being tested: B4
Accepted Note: B4
Chord: E7 Tones:[E, F#, G#, B, C#, D] Note being tested: D5
Accepted Note: D5
Chord: E7 Tones:[E, F#, G#, B, C#, D] Note being tested: F5
Chord: E7 Tones:[E, F#, G#, B, C#, D] Note being tested: G#5
Accepted Note: G#5
Chord: E7 Tones:[E, F#, G#, B, C#, D] Note being tested: E5
Accepted Note: E5
Chord: E7 Tones:[E, F#, G#, B, C#, D] Note being tested: G5
Chord: E7 Tones:[E, F#, G#, B, C#, D] Note being tested: C#5
Accepted Note: C#5
Chord: E7 Tones:[E, F#, G#, B, C#, D] Note being tested: F#4
Accepted Note: F#4
Chord: E7 Tones:[E, F#, G#, B, C#, D] Note being tested: D#5
Chord: E7 Tones:[E, F#, G#, B, C#, D] Note being tested: A4
Chord: B7 Tones:[B, C#, D#, F#, G#, A] Note being tested: G4
Chord: B7 Tones:[B, C#, D#, F#, G#, A] Note being tested: G4
Chord: B7 Tones:[B, C#, D#, F#, G#, A] Note being tested: A4
Accepted Note: A4
Chord: B7 Tones:[B, C#, D#, F#, G#, A] Note being tested: C#5
Accepted Note: C#5
Chord: B7 Tones:[B, C#, D#, F#, G#, A] Note being tested: F5
Chord: B7 Tones:[B, C#, D#, F#, G#, A] Note being tested: A5
Accepted Note: A5
Chord: B7 Tones:[B, C#, D#, F#, G#, A] Note being tested: G4
Chord: B7 Tones:[B, C#, D#, F#, G#, A] Note being tested: A4
Accepted Note: A4
Chord: B7 Tones:[B, C#, D#, F#, G#, A] Note being tested: C#5
Accepted Note: C#5
Chord: B7 Tones:[B, C#, D#, F#, G#, A] Note being tested: F5
Chord: B7 Tones:[B, C#, D#, F#, G#, A] Note being tested: A5
Accepted Note: A5
Chord: B7 Tones:[B, C#, D#, F#, G#, A] Note being tested: G4
Chord: B7 Tones:[B, C#, D#, F#, G#, A] Note being tested: A4
Accepted Note: A4
Chord: B7 Tones:[B, C#, D#, F#, G#, A] Note being tested: C#5
Accepted Note: C#5
Chord: B7 Tones:[B, C#, D#, F#, G#, A] Note being tested: F5
Chord: B7 Tones:[B, C#, D#, F#, G#, A] Note being tested: A5
Accepted Note: A5
Chord: B7 Tones:[B, C#, D#, F#, G#, A] Note being tested: G4
Chord: B7 Tones:[B, C#, D#, F#, G#, A] Note being tested: A4
Accepted Note: A4
Chord: B7 Tones:[B, C#, D#, F#, G#, A] Note being tested: C#5
Accepted Note: C#5
Chord: B7 Tones:[B, C#, D#, F#, G#, A] Note being tested: F5
Chord: B7 Tones:[B, C#, D#, F#, G#, A] Note being tested: A5
Accepted Note: A5
Chord: B7 Tones:[B, C#, D#, F#, G#, A] Note being tested: G4
Chord: B7 Tones:[B, C#, D#, F#, G#, A] Note being tested: A4
Accepted Note: A4
Chord: B7 Tones:[B, C#, D#, F#, G#, A] Note being tested: C#5
Accepted Note: C#5
Chord: B7 Tones:[B, C#, D#, F#, G#, A] Note being tested: F5
Chord: B7 Tones:[B, C#, D#, F#, G#, A] Note being tested: A5
Accepted Note: A5
Chord: B7 Tones:[B, C#, D#, F#, G#, A] Note being tested: G4
Chord: B7 Tones:[B, C#, D#, F#, G#, A] Note being tested: A4
Accepted Note: A4
Chord: B7 Tones:[B, C#, D#, F#, G#, A] Note being tested: C#5
Accepted Note: C#5
Chord: B7 Tones:[B, C#, D#, F#, G#, A] Note being tested: F5
Chord: B7 Tones:[B, C#, D#, F#, G#, A] Note being tested: A5
Accepted Note: A5
Chord: B7 Tones:[B, C#, D#, F#, G#, A] Note being tested: G4
Chord: B7 Tones:[B, C#, D#, F#, G#, A] Note being tested: A4
Accepted Note: A4
Chord: B7 Tones:[B, C#, D#, F#, G#, A] Note being tested: C#5
Accepted Note: C#5
Chord: B7 Tones:[B, C#, D#, F#, G#, A] Note being tested: F5
Chord: B7 Tones:[B, C#, D#, F#, G#, A] Note being tested: A5
Accepted Note: A5
Chord: B7 Tones:[B, C#, D#, F#, G#, A] Note being tested: G4
Chord: B7 Tones:[B, C#, D#, F#, G#, A] Note being tested: A4
Accepted Note: A4
Chord: B7 Tones:[B, C#, D#, F#, G#, A] Note being tested: C#5
Accepted Note: C#5
Chord: B7 Tones:[B, C#, D#, F#, G#, A] Note being tested: F5
Chord: B7 Tones:[B, C#, D#, F#, G#, A] Note being tested: A5
Accepted Note: A5
Chord: B7 Tones:[B, C#, D#, F#, G#, A] Note being tested: G4
Chord: B7 Tones:[B, C#, D#, F#, G#, A] Note being tested: A4
Accepted Note: A4
Chord: B7 Tones:[B, C#, D#, F#, G#, A] Note being tested: C#5
Accepted Note: C#5
Chord: B7 Tones:[B, C#, D#, F#, G#, A] Note being tested: F5
Chord: B7 Tones:[B, C#, D#, F#, G#, A] Note being tested: A5
Accepted Note: A5
Chord: B7 Tones:[B, C#, D#, F#, G#, A] Note being tested: G4
Chord: B7 Tones:[B, C#, D#, F#, G#, A] Note being tested: A4
Accepted Note: A4
Chord: B7 Tones:[B, C#, D#, F#, G#, A] Note being tested: C#5
Accepted Note: C#5
Chord: B7 Tones:[B, C#, D#, F#, G#, A] Note being tested: F5
Chord: B7 Tones:[B, C#, D#, F#, G#, A] Note being tested: A5
Accepted Note: A5
Chord: B7 Tones:[B, C#, D#, F#, G#, A] Note being tested: G4
Chord: B7 Tones:[B, C#, D#, F#, G#, A] Note being tested: A4
Accepted Note: A4
Chord: B7 Tones:[B, C#, D#, F#, G#, A] Note being tested: C#5
Accepted Note: C#5
Chord: B7 Tones:[B, C#, D#, F#, G#, A] Note being tested: F5
Chord: B7 Tones:[B, C#, D#, F#, G#, A] Note being tested: A5
Accepted Note: A5
Chord: B7 Tones:[B, C#, D#, F#, G#, A] Note being tested: G4
Chord: B7 Tones:[B, C#, D#, F#, G#, A] Note being tested: A4
Accepted Note: A4
Chord: B7 Tones:[B, C#, D#, F#, G#, A] Note being tested: C#5
Accepted Note: C#5
Chord: B7 Tones:[B, C#, D#, F#, G#, A] Note being tested: F5
Chord: B7 Tones:[B, C#, D#, F#, G#, A] Note being tested: A5
Accepted Note: A5
Chord: B7 Tones:[B, C#, D#, F#, G#, A] Note being tested: E4
Chord: B7 Tones:[B, C#, D#, F#, G#, A] Note being tested: G4
Chord: B7 Tones:[B, C#, D#, F#, G#, A] Note being tested: G#4
Accepted Note: G#4
Chord: B7 Tones:[B, C#, D#, F#, G#, A] Note being tested: B4
Accepted Note: B4
Chord: B7 Tones:[B, C#, D#, F#, G#, A] Note being tested: D5
Chord: B7 Tones:[B, C#, D#, F#, G#, A] Note being tested: F5
Chord: B7 Tones:[B, C#, D#, F#, G#, A] Note being tested: G#5
Accepted Note: G#5
Chord: B7 Tones:[B, C#, D#, F#, G#, A] Note being tested: E5
Chord: B7 Tones:[B, C#, D#, F#, G#, A] Note being tested: G5
Chord: B7 Tones:[B, C#, D#, F#, G#, A] Note being tested: C#5
Accepted Note: C#5
Chord: B7 Tones:[B, C#, D#, F#, G#, A] Note being tested: F#4
Accepted Note: F#4
Chord: B7 Tones:[B, C#, D#, F#, G#, A] Note being tested: D#5
Accepted Note: D#5
Chord: B7 Tones:[B, C#, D#, F#, G#, A] Note being tested: A4
Accepted Note: A4
Chord: B7 Tones:[B, C#, D#, F#, G#, A] Note being tested: E4
Chord: B7 Tones:[B, C#, D#, F#, G#, A] Note being tested: G4
Chord: B7 Tones:[B, C#, D#, F#, G#, A] Note being tested: G#4
Accepted Note: G#4
Chord: B7 Tones:[B, C#, D#, F#, G#, A] Note being tested: B4
Accepted Note: B4
Chord: B7 Tones:[B, C#, D#, F#, G#, A] Note being tested: D5
Chord: B7 Tones:[B, C#, D#, F#, G#, A] Note being tested: F5
Chord: B7 Tones:[B, C#, D#, F#, G#, A] Note being tested: G#5
Accepted Note: G#5
Chord: B7 Tones:[B, C#, D#, F#, G#, A] Note being tested: E5
Chord: B7 Tones:[B, C#, D#, F#, G#, A] Note being tested: G5
Chord: B7 Tones:[B, C#, D#, F#, G#, A] Note being tested: C#5
Accepted Note: C#5
Chord: B7 Tones:[B, C#, D#, F#, G#, A] Note being tested: F#4
Accepted Note: F#4
Chord: B7 Tones:[B, C#, D#, F#, G#, A] Note being tested: D#5
Accepted Note: D#5
Chord: B7 Tones:[B, C#, D#, F#, G#, A] Note being tested: A4
Accepted Note: A4
Chord: B7 Tones:[B, C#, D#, F#, G#, A] Note being tested: E4
Chord: B7 Tones:[B, C#, D#, F#, G#, A] Note being tested: G4
Chord: B7 Tones:[B, C#, D#, F#, G#, A] Note being tested: G#4
Accepted Note: G#4
Chord: B7 Tones:[B, C#, D#, F#, G#, A] Note being tested: B4
Accepted Note: B4
Chord: B7 Tones:[B, C#, D#, F#, G#, A] Note being tested: D5
Chord: B7 Tones:[B, C#, D#, F#, G#, A] Note being tested: F5
Chord: B7 Tones:[B, C#, D#, F#, G#, A] Note being tested: G#5
Accepted Note: G#5
Chord: B7 Tones:[B, C#, D#, F#, G#, A] Note being tested: E5
Chord: B7 Tones:[B, C#, D#, F#, G#, A] Note being tested: G5
Chord: B7 Tones:[B, C#, D#, F#, G#, A] Note being tested: C#5
Accepted Note: C#5
Chord: B7 Tones:[B, C#, D#, F#, G#, A] Note being tested: F#4
Accepted Note: F#4
Chord: B7 Tones:[B, C#, D#, F#, G#, A] Note being tested: D#5
Accepted Note: D#5
Chord: B7 Tones:[B, C#, D#, F#, G#, A] Note being tested: A4
Accepted Note: A4
Chord: B7 Tones:[B, C#, D#, F#, G#, A] Note being tested: G4
Chord: B7 Tones:[B, C#, D#, F#, G#, A] Note being tested: A4
Accepted Note: A4
Chord: B7 Tones:[B, C#, D#, F#, G#, A] Note being tested: C#5
Accepted Note: C#5
Chord: B7 Tones:[B, C#, D#, F#, G#, A] Note being tested: F5
Chord: B7 Tones:[B, C#, D#, F#, G#, A] Note being tested: A5
Accepted Note: A5
Chord: B7 Tones:[B, C#, D#, F#, G#, A] Note being tested: G4
Chord: B7 Tones:[B, C#, D#, F#, G#, A] Note being tested: A4
Accepted Note: A4
Chord: B7 Tones:[B, C#, D#, F#, G#, A] Note being tested: C#5
Accepted Note: C#5
Chord: B7 Tones:[B, C#, D#, F#, G#, A] Note being tested: F5
Chord: B7 Tones:[B, C#, D#, F#, G#, A] Note being tested: A5
Accepted Note: A5
Chord: B7 Tones:[B, C#, D#, F#, G#, A] Note being tested: G4
Chord: B7 Tones:[B, C#, D#, F#, G#, A] Note being tested: A4
Accepted Note: A4
Chord: B7 Tones:[B, C#, D#, F#, G#, A] Note being tested: C#5
Accepted Note: C#5
Chord: B7 Tones:[B, C#, D#, F#, G#, A] Note being tested: F5
Chord: B7 Tones:[B, C#, D#, F#, G#, A] Note being tested: A5
Accepted Note: A5
Chord: B7 Tones:[B, C#, D#, F#, G#, A] Note being tested: E4
Chord: B7 Tones:[B, C#, D#, F#, G#, A] Note being tested: G4
Chord: B7 Tones:[B, C#, D#, F#, G#, A] Note being tested: G#4
Accepted Note: G#4
Chord: B7 Tones:[B, C#, D#, F#, G#, A] Note being tested: B4
Accepted Note: B4
Chord: B7 Tones:[B, C#, D#, F#, G#, A] Note being tested: D5
Chord: B7 Tones:[B, C#, D#, F#, G#, A] Note being tested: F5
Chord: B7 Tones:[B, C#, D#, F#, G#, A] Note being tested: G#5
Accepted Note: G#5
Chord: B7 Tones:[B, C#, D#, F#, G#, A] Note being tested: E5
Chord: B7 Tones:[B, C#, D#, F#, G#, A] Note being tested: G5
Chord: B7 Tones:[B, C#, D#, F#, G#, A] Note being tested: C#5
Accepted Note: C#5
Chord: B7 Tones:[B, C#, D#, F#, G#, A] Note being tested: F#4
Accepted Note: F#4
Chord: B7 Tones:[B, C#, D#, F#, G#, A] Note being tested: D#5
Accepted Note: D#5
Chord: B7 Tones:[B, C#, D#, F#, G#, A] Note being tested: A4
Accepted Note: A4
Chord: B7 Tones:[B, C#, D#, F#, G#, A] Note being tested: E4
Chord: B7 Tones:[B, C#, D#, F#, G#, A] Note being tested: G4
Chord: B7 Tones:[B, C#, D#, F#, G#, A] Note being tested: G#4
Accepted Note: G#4
Chord: B7 Tones:[B, C#, D#, F#, G#, A] Note being tested: B4
Accepted Note: B4
Chord: B7 Tones:[B, C#, D#, F#, G#, A] Note being tested: D5
Chord: B7 Tones:[B, C#, D#, F#, G#, A] Note being tested: F5
Chord: B7 Tones:[B, C#, D#, F#, G#, A] Note being tested: G#5
Accepted Note: G#5
Chord: B7 Tones:[B, C#, D#, F#, G#, A] Note being tested: E5
Chord: B7 Tones:[B, C#, D#, F#, G#, A] Note being tested: G5
Chord: B7 Tones:[B, C#, D#, F#, G#, A] Note being tested: C#5
Accepted Note: C#5
Chord: B7 Tones:[B, C#, D#, F#, G#, A] Note being tested: F#4
Accepted Note: F#4
Chord: B7 Tones:[B, C#, D#, F#, G#, A] Note being tested: D#5
Accepted Note: D#5
Chord: B7 Tones:[B, C#, D#, F#, G#, A] Note being tested: A4
Accepted Note: A4
Chord: B7 Tones:[B, C#, D#, F#, G#, A] Note being tested: E4
Chord: B7 Tones:[B, C#, D#, F#, G#, A] Note being tested: G4
Chord: B7 Tones:[B, C#, D#, F#, G#, A] Note being tested: G#4
Accepted Note: G#4
Chord: B7 Tones:[B, C#, D#, F#, G#, A] Note being tested: B4
Accepted Note: B4
Chord: B7 Tones:[B, C#, D#, F#, G#, A] Note being tested: D5
Chord: B7 Tones:[B, C#, D#, F#, G#, A] Note being tested: F5
Chord: B7 Tones:[B, C#, D#, F#, G#, A] Note being tested: G#5
Accepted Note: G#5
Chord: B7 Tones:[B, C#, D#, F#, G#, A] Note being tested: E5
Chord: B7 Tones:[B, C#, D#, F#, G#, A] Note being tested: G5
Chord: B7 Tones:[B, C#, D#, F#, G#, A] Note being tested: C#5
Accepted Note: C#5
Chord: B7 Tones:[B, C#, D#, F#, G#, A] Note being tested: F#4
Accepted Note: F#4
Chord: B7 Tones:[B, C#, D#, F#, G#, A] Note being tested: D#5
Accepted Note: D#5
Chord: B7 Tones:[B, C#, D#, F#, G#, A] Note being tested: A4
Accepted Note: A4
Chord: B7 Tones:[B, C#, D#, F#, G#, A] Note being tested: B4
Accepted Note: B4
Chord: B7 Tones:[B, C#, D#, F#, G#, A] Note being tested: A#4
Chord: B7 Tones:[B, C#, D#, F#, G#, A] Note being tested: G#4
Accepted Note: G#4
Chord: B7 Tones:[B, C#, D#, F#, G#, A] Note being tested: G4
Chord: B7 Tones:[B, C#, D#, F#, G#, A] Note being tested: F#4
Accepted Note: F#4
Chord: B7 Tones:[B, C#, D#, F#, G#, A] Note being tested: F4
Chord: B7 Tones:[B, C#, D#, F#, G#, A] Note being tested: E4
Chord: B7 Tones:[B, C#, D#, F#, G#, A] Note being tested: D4
Chord: B7 Tones:[B, C#, D#, F#, G#, A] Note being tested: D#4
Accepted Note: D#4
Chord: B7 Tones:[B, C#, D#, F#, G#, A] Note being tested: B4
Accepted Note: B4
Chord: B7 Tones:[B, C#, D#, F#, G#, A] Note being tested: A#4
Chord: B7 Tones:[B, C#, D#, F#, G#, A] Note being tested: G#4
Accepted Note: G#4
Chord: B7 Tones:[B, C#, D#, F#, G#, A] Note being tested: G4
Chord: B7 Tones:[B, C#, D#, F#, G#, A] Note being tested: F#4
Accepted Note: F#4
Chord: B7 Tones:[B, C#, D#, F#, G#, A] Note being tested: F4
Chord: B7 Tones:[B, C#, D#, F#, G#, A] Note being tested: E4
Chord: B7 Tones:[B, C#, D#, F#, G#, A] Note being tested: D4
Chord: B7 Tones:[B, C#, D#, F#, G#, A] Note being tested: D#4
Accepted Note: D#4
Chord: B7 Tones:[B, C#, D#, F#, G#, A] Note being tested: B4
Accepted Note: B4
Chord: B7 Tones:[B, C#, D#, F#, G#, A] Note being tested: A#4
Chord: B7 Tones:[B, C#, D#, F#, G#, A] Note being tested: G#4
Accepted Note: G#4
Chord: B7 Tones:[B, C#, D#, F#, G#, A] Note being tested: G4
Chord: B7 Tones:[B, C#, D#, F#, G#, A] Note being tested: F#4
Accepted Note: F#4
Chord: B7 Tones:[B, C#, D#, F#, G#, A] Note being tested: F4
Chord: B7 Tones:[B, C#, D#, F#, G#, A] Note being tested: E4
Chord: B7 Tones:[B, C#, D#, F#, G#, A] Note being tested: D4
Chord: B7 Tones:[B, C#, D#, F#, G#, A] Note being tested: D#4
Accepted Note: D#4
Chord: B7 Tones:[B, C#, D#, F#, G#, A] Note being tested: G4
Chord: B7 Tones:[B, C#, D#, F#, G#, A] Note being tested: A4
Accepted Note: A4
Chord: B7 Tones:[B, C#, D#, F#, G#, A] Note being tested: C#5
Accepted Note: C#5
Chord: B7 Tones:[B, C#, D#, F#, G#, A] Note being tested: F5
Chord: B7 Tones:[B, C#, D#, F#, G#, A] Note being tested: A5
Accepted Note: A5
Chord: B7 Tones:[B, C#, D#, F#, G#, A] Note being tested: G4
Chord: B7 Tones:[B, C#, D#, F#, G#, A] Note being tested: A4
Accepted Note: A4
Chord: B7 Tones:[B, C#, D#, F#, G#, A] Note being tested: C#5
Accepted Note: C#5
Chord: B7 Tones:[B, C#, D#, F#, G#, A] Note being tested: F5
Chord: B7 Tones:[B, C#, D#, F#, G#, A] Note being tested: A5
Accepted Note: A5
Chord: B7 Tones:[B, C#, D#, F#, G#, A] Note being tested: G4
Chord: B7 Tones:[B, C#, D#, F#, G#, A] Note being tested: A4
Accepted Note: A4
Chord: B7 Tones:[B, C#, D#, F#, G#, A] Note being tested: C#5
Accepted Note: C#5
Chord: B7 Tones:[B, C#, D#, F#, G#, A] Note being tested: F5
Chord: B7 Tones:[B, C#, D#, F#, G#, A] Note being tested: A5
Accepted Note: A5
Chord: B7 Tones:[B, C#, D#, F#, G#, A] Note being tested: B4
Accepted Note: B4
Chord: B7 Tones:[B, C#, D#, F#, G#, A] Note being tested: A#4
Chord: B7 Tones:[B, C#, D#, F#, G#, A] Note being tested: G#4
Accepted Note: G#4
Chord: B7 Tones:[B, C#, D#, F#, G#, A] Note being tested: G4
Chord: B7 Tones:[B, C#, D#, F#, G#, A] Note being tested: F#4
Accepted Note: F#4
Chord: B7 Tones:[B, C#, D#, F#, G#, A] Note being tested: F4
Chord: B7 Tones:[B, C#, D#, F#, G#, A] Note being tested: E4
Chord: B7 Tones:[B, C#, D#, F#, G#, A] Note being tested: D4
Chord: B7 Tones:[B, C#, D#, F#, G#, A] Note being tested: D#4
Accepted Note: D#4
Chord: B7 Tones:[B, C#, D#, F#, G#, A] Note being tested: A#4
Chord: B7 Tones:[B, C#, D#, F#, G#, A] Note being tested: B4
Accepted Note: B4
Chord: B7 Tones:[B, C#, D#, F#, G#, A] Note being tested: A#4
Chord: B7 Tones:[B, C#, D#, F#, G#, A] Note being tested: G#4
Accepted Note: G#4
Chord: B7 Tones:[B, C#, D#, F#, G#, A] Note being tested: G4
Chord: B7 Tones:[B, C#, D#, F#, G#, A] Note being tested: F#4
Accepted Note: F#4
Chord: B7 Tones:[B, C#, D#, F#, G#, A] Note being tested: F4
Chord: B7 Tones:[B, C#, D#, F#, G#, A] Note being tested: E4
Chord: B7 Tones:[B, C#, D#, F#, G#, A] Note being tested: D4
Chord: B7 Tones:[B, C#, D#, F#, G#, A] Note being tested: D#4
Accepted Note: D#4
Chord: B7 Tones:[B, C#, D#, F#, G#, A] Note being tested: A#4
Chord: B7 Tones:[B, C#, D#, F#, G#, A] Note being tested: B4
Accepted Note: B4
Chord: B7 Tones:[B, C#, D#, F#, G#, A] Note being tested: A#4
Chord: B7 Tones:[B, C#, D#, F#, G#, A] Note being tested: G#4
Accepted Note: G#4
Chord: B7 Tones:[B, C#, D#, F#, G#, A] Note being tested: G4
Chord: B7 Tones:[B, C#, D#, F#, G#, A] Note being tested: F#4
Accepted Note: F#4
Chord: B7 Tones:[B, C#, D#, F#, G#, A] Note being tested: F4
Chord: B7 Tones:[B, C#, D#, F#, G#, A] Note being tested: E4
Chord: B7 Tones:[B, C#, D#, F#, G#, A] Note being tested: D4
Chord: B7 Tones:[B, C#, D#, F#, G#, A] Note being tested: D#4
Accepted Note: D#4
Chord: B7 Tones:[B, C#, D#, F#, G#, A] Note being tested: B4
Accepted Note: B4
Chord: B7 Tones:[B, C#, D#, F#, G#, A] Note being tested: A#4
Chord: B7 Tones:[B, C#, D#, F#, G#, A] Note being tested: G#4
Accepted Note: G#4
Chord: B7 Tones:[B, C#, D#, F#, G#, A] Note being tested: G4
Chord: B7 Tones:[B, C#, D#, F#, G#, A] Note being tested: F#4
Accepted Note: F#4
Chord: B7 Tones:[B, C#, D#, F#, G#, A] Note being tested: F4
Chord: B7 Tones:[B, C#, D#, F#, G#, A] Note being tested: E4
Chord: B7 Tones:[B, C#, D#, F#, G#, A] Note being tested: D4
Chord: B7 Tones:[B, C#, D#, F#, G#, A] Note being tested: D#4
Accepted Note: D#4
Chord: B7 Tones:[B, C#, D#, F#, G#, A] Note being tested: B4
Accepted Note: B4
Chord: B7 Tones:[B, C#, D#, F#, G#, A] Note being tested: A#4
Chord: B7 Tones:[B, C#, D#, F#, G#, A] Note being tested: G#4
Accepted Note: G#4
Chord: B7 Tones:[B, C#, D#, F#, G#, A] Note being tested: G4
Chord: B7 Tones:[B, C#, D#, F#, G#, A] Note being tested: F#4
Accepted Note: F#4
Chord: B7 Tones:[B, C#, D#, F#, G#, A] Note being tested: F4
Chord: B7 Tones:[B, C#, D#, F#, G#, A] Note being tested: E4
Chord: B7 Tones:[B, C#, D#, F#, G#, A] Note being tested: D4
Chord: B7 Tones:[B, C#, D#, F#, G#, A] Note being tested: D#4
Accepted Note: D#4
Chord: B7 Tones:[B, C#, D#, F#, G#, A] Note being tested: E4
Chord: B7 Tones:[B, C#, D#, F#, G#, A] Note being tested: G4
Chord: B7 Tones:[B, C#, D#, F#, G#, A] Note being tested: G#4
Accepted Note: G#4
Chord: B7 Tones:[B, C#, D#, F#, G#, A] Note being tested: B4
Accepted Note: B4
Chord: B7 Tones:[B, C#, D#, F#, G#, A] Note being tested: D5
Chord: B7 Tones:[B, C#, D#, F#, G#, A] Note being tested: F5
Chord: B7 Tones:[B, C#, D#, F#, G#, A] Note being tested: G#5
Accepted Note: G#5
Chord: B7 Tones:[B, C#, D#, F#, G#, A] Note being tested: E5
Chord: B7 Tones:[B, C#, D#, F#, G#, A] Note being tested: G5
Chord: B7 Tones:[B, C#, D#, F#, G#, A] Note being tested: C#5
Accepted Note: C#5
Chord: B7 Tones:[B, C#, D#, F#, G#, A] Note being tested: F#4
Accepted Note: F#4
Chord: B7 Tones:[B, C#, D#, F#, G#, A] Note being tested: D#5
Accepted Note: D#5
Chord: B7 Tones:[B, C#, D#, F#, G#, A] Note being tested: A4
Accepted Note: A4
Chord: B7 Tones:[B, C#, D#, F#, G#, A] Note being tested: E4
Chord: B7 Tones:[B, C#, D#, F#, G#, A] Note being tested: G4
Chord: B7 Tones:[B, C#, D#, F#, G#, A] Note being tested: G#4
Accepted Note: G#4
Chord: B7 Tones:[B, C#, D#, F#, G#, A] Note being tested: B4
Accepted Note: B4
Chord: B7 Tones:[B, C#, D#, F#, G#, A] Note being tested: D5
Chord: B7 Tones:[B, C#, D#, F#, G#, A] Note being tested: F5
Chord: B7 Tones:[B, C#, D#, F#, G#, A] Note being tested: G#5
Accepted Note: G#5
Chord: B7 Tones:[B, C#, D#, F#, G#, A] Note being tested: E5
Chord: B7 Tones:[B, C#, D#, F#, G#, A] Note being tested: G5
Chord: B7 Tones:[B, C#, D#, F#, G#, A] Note being tested: C#5
Accepted Note: C#5
Chord: B7 Tones:[B, C#, D#, F#, G#, A] Note being tested: F#4
Accepted Note: F#4
Chord: B7 Tones:[B, C#, D#, F#, G#, A] Note being tested: D#5
Accepted Note: D#5
Chord: B7 Tones:[B, C#, D#, F#, G#, A] Note being tested: A4
Accepted Note: A4
Chord: B7 Tones:[B, C#, D#, F#, G#, A] Note being tested: E4
Chord: B7 Tones:[B, C#, D#, F#, G#, A] Note being tested: G4
Chord: B7 Tones:[B, C#, D#, F#, G#, A] Note being tested: G#4
Accepted Note: G#4
Chord: B7 Tones:[B, C#, D#, F#, G#, A] Note being tested: B4
Accepted Note: B4
Chord: B7 Tones:[B, C#, D#, F#, G#, A] Note being tested: D5
Chord: B7 Tones:[B, C#, D#, F#, G#, A] Note being tested: F5
Chord: B7 Tones:[B, C#, D#, F#, G#, A] Note being tested: G#5
Accepted Note: G#5
Chord: B7 Tones:[B, C#, D#, F#, G#, A] Note being tested: E5
Chord: B7 Tones:[B, C#, D#, F#, G#, A] Note being tested: G5
Chord: B7 Tones:[B, C#, D#, F#, G#, A] Note being tested: C#5
Accepted Note: C#5
Chord: B7 Tones:[B, C#, D#, F#, G#, A] Note being tested: F#4
Accepted Note: F#4
Chord: B7 Tones:[B, C#, D#, F#, G#, A] Note being tested: D#5
Accepted Note: D#5
Chord: B7 Tones:[B, C#, D#, F#, G#, A] Note being tested: A4
Accepted Note: A4
Chord: B7 Tones:[B, C#, D#, F#, G#, A] Note being tested: G4
Chord: B7 Tones:[B, C#, D#, F#, G#, A] Note being tested: A4
Accepted Note: A4
Chord: B7 Tones:[B, C#, D#, F#, G#, A] Note being tested: C#5
Accepted Note: C#5
Chord: B7 Tones:[B, C#, D#, F#, G#, A] Note being tested: F5
Chord: B7 Tones:[B, C#, D#, F#, G#, A] Note being tested: A5
Accepted Note: A5
Chord: B7 Tones:[B, C#, D#, F#, G#, A] Note being tested: G4
Chord: B7 Tones:[B, C#, D#, F#, G#, A] Note being tested: A4
Accepted Note: A4
Chord: B7 Tones:[B, C#, D#, F#, G#, A] Note being tested: C#5
Accepted Note: C#5
Chord: B7 Tones:[B, C#, D#, F#, G#, A] Note being tested: F5
Chord: B7 Tones:[B, C#, D#, F#, G#, A] Note being tested: A5
Accepted Note: A5
Chord: B7 Tones:[B, C#, D#, F#, G#, A] Note being tested: G4
Chord: B7 Tones:[B, C#, D#, F#, G#, A] Note being tested: A4
Accepted Note: A4
Chord: B7 Tones:[B, C#, D#, F#, G#, A] Note being tested: C#5
Accepted Note: C#5
Chord: B7 Tones:[B, C#, D#, F#, G#, A] Note being tested: F5
Chord: B7 Tones:[B, C#, D#, F#, G#, A] Note being tested: A5
Accepted Note: A5
Chord: B7 Tones:[B, C#, D#, F#, G#, A] Note being tested: G4
Chord: B7 Tones:[B, C#, D#, F#, G#, A] Note being tested: A4
Accepted Note: A4
Chord: B7 Tones:[B, C#, D#, F#, G#, A] Note being tested: C#5
Accepted Note: C#5
Chord: B7 Tones:[B, C#, D#, F#, G#, A] Note being tested: F5
Chord: B7 Tones:[B, C#, D#, F#, G#, A] Note being tested: A5
Accepted Note: A5
Chord: B7 Tones:[B, C#, D#, F#, G#, A] Note being tested: G4
Chord: B7 Tones:[B, C#, D#, F#, G#, A] Note being tested: A4
Accepted Note: A4
Chord: B7 Tones:[B, C#, D#, F#, G#, A] Note being tested: C#5
Accepted Note: C#5
Chord: B7 Tones:[B, C#, D#, F#, G#, A] Note being tested: F5
Chord: B7 Tones:[B, C#, D#, F#, G#, A] Note being tested: A5
Accepted Note: A5
Chord: B7 Tones:[B, C#, D#, F#, G#, A] Note being tested: G4
Chord: B7 Tones:[B, C#, D#, F#, G#, A] Note being tested: A4
Accepted Note: A4
Chord: B7 Tones:[B, C#, D#, F#, G#, A] Note being tested: C#5
Accepted Note: C#5
Chord: B7 Tones:[B, C#, D#, F#, G#, A] Note being tested: F5
Chord: B7 Tones:[B, C#, D#, F#, G#, A] Note being tested: A5
Accepted Note: A5
Chord: B7 Tones:[B, C#, D#, F#, G#, A] Note being tested: B4
Accepted Note: B4
Chord: B7 Tones:[B, C#, D#, F#, G#, A] Note being tested: A#4
Chord: B7 Tones:[B, C#, D#, F#, G#, A] Note being tested: G#4
Accepted Note: G#4
Chord: B7 Tones:[B, C#, D#, F#, G#, A] Note being tested: G4
Chord: B7 Tones:[B, C#, D#, F#, G#, A] Note being tested: F#4
Accepted Note: F#4
Chord: B7 Tones:[B, C#, D#, F#, G#, A] Note being tested: F4
Chord: B7 Tones:[B, C#, D#, F#, G#, A] Note being tested: E4
Chord: B7 Tones:[B, C#, D#, F#, G#, A] Note being tested: D4
Chord: B7 Tones:[B, C#, D#, F#, G#, A] Note being tested: D#4
Accepted Note: D#4
Chord: B7 Tones:[B, C#, D#, F#, G#, A] Note being tested: A#4
Chord: B7 Tones:[B, C#, D#, F#, G#, A] Note being tested: E4
Chord: B7 Tones:[B, C#, D#, F#, G#, A] Note being tested: G4
Chord: B7 Tones:[B, C#, D#, F#, G#, A] Note being tested: G#4
Accepted Note: G#4
Chord: B7 Tones:[B, C#, D#, F#, G#, A] Note being tested: B4
Accepted Note: B4
Chord: B7 Tones:[B, C#, D#, F#, G#, A] Note being tested: D5
Chord: B7 Tones:[B, C#, D#, F#, G#, A] Note being tested: F5
Chord: B7 Tones:[B, C#, D#, F#, G#, A] Note being tested: G#5
Accepted Note: G#5
Chord: B7 Tones:[B, C#, D#, F#, G#, A] Note being tested: E5
Chord: B7 Tones:[B, C#, D#, F#, G#, A] Note being tested: G5
Chord: B7 Tones:[B, C#, D#, F#, G#, A] Note being tested: C#5
Accepted Note: C#5
Chord: B7 Tones:[B, C#, D#, F#, G#, A] Note being tested: F#4
Accepted Note: F#4
Chord: B7 Tones:[B, C#, D#, F#, G#, A] Note being tested: D#5
Accepted Note: D#5
Chord: B7 Tones:[B, C#, D#, F#, G#, A] Note being tested: A4
Accepted Note: A4
Chord: B7 Tones:[B, C#, D#, F#, G#, A] Note being tested: E4
Chord: B7 Tones:[B, C#, D#, F#, G#, A] Note being tested: G4
Chord: B7 Tones:[B, C#, D#, F#, G#, A] Note being tested: G#4
Accepted Note: G#4
Chord: B7 Tones:[B, C#, D#, F#, G#, A] Note being tested: B4
Accepted Note: B4
Chord: B7 Tones:[B, C#, D#, F#, G#, A] Note being tested: D5
Chord: B7 Tones:[B, C#, D#, F#, G#, A] Note being tested: F5
Chord: B7 Tones:[B, C#, D#, F#, G#, A] Note being tested: G#5
Accepted Note: G#5
Chord: B7 Tones:[B, C#, D#, F#, G#, A] Note being tested: E5
Chord: B7 Tones:[B, C#, D#, F#, G#, A] Note being tested: G5
Chord: B7 Tones:[B, C#, D#, F#, G#, A] Note being tested: C#5
Accepted Note: C#5
Chord: B7 Tones:[B, C#, D#, F#, G#, A] Note being tested: F#4
Accepted Note: F#4
Chord: B7 Tones:[B, C#, D#, F#, G#, A] Note being tested: D#5
Accepted Note: D#5
Chord: B7 Tones:[B, C#, D#, F#, G#, A] Note being tested: A4
Accepted Note: A4
Chord: B7 Tones:[B, C#, D#, F#, G#, A] Note being tested: E4
Chord: B7 Tones:[B, C#, D#, F#, G#, A] Note being tested: G4
Chord: B7 Tones:[B, C#, D#, F#, G#, A] Note being tested: G#4
Accepted Note: G#4
Chord: B7 Tones:[B, C#, D#, F#, G#, A] Note being tested: B4
Accepted Note: B4
Chord: B7 Tones:[B, C#, D#, F#, G#, A] Note being tested: D5
Chord: B7 Tones:[B, C#, D#, F#, G#, A] Note being tested: F5
Chord: B7 Tones:[B, C#, D#, F#, G#, A] Note being tested: G#5
Accepted Note: G#5
Chord: B7 Tones:[B, C#, D#, F#, G#, A] Note being tested: E5
Chord: B7 Tones:[B, C#, D#, F#, G#, A] Note being tested: G5
Chord: B7 Tones:[B, C#, D#, F#, G#, A] Note being tested: C#5
Accepted Note: C#5
Chord: B7 Tones:[B, C#, D#, F#, G#, A] Note being tested: F#4
Accepted Note: F#4
Chord: B7 Tones:[B, C#, D#, F#, G#, A] Note being tested: D#5
Accepted Note: D#5
Chord: B7 Tones:[B, C#, D#, F#, G#, A] Note being tested: A4
Accepted Note: A4
Chord: B7 Tones:[B, C#, D#, F#, G#, A] Note being tested: G4
Chord: B7 Tones:[B, C#, D#, F#, G#, A] Note being tested: A4
Accepted Note: A4
Chord: B7 Tones:[B, C#, D#, F#, G#, A] Note being tested: C#5
Accepted Note: C#5
Chord: B7 Tones:[B, C#, D#, F#, G#, A] Note being tested: F5
Chord: B7 Tones:[B, C#, D#, F#, G#, A] Note being tested: A5
Accepted Note: A5
Chord: B7 Tones:[B, C#, D#, F#, G#, A] Note being tested: G4
Chord: B7 Tones:[B, C#, D#, F#, G#, A] Note being tested: A4
Accepted Note: A4
Chord: B7 Tones:[B, C#, D#, F#, G#, A] Note being tested: C#5
Accepted Note: C#5
Chord: B7 Tones:[B, C#, D#, F#, G#, A] Note being tested: F5
Chord: B7 Tones:[B, C#, D#, F#, G#, A] Note being tested: A5
Accepted Note: A5
Chord: B7 Tones:[B, C#, D#, F#, G#, A] Note being tested: G4
Chord: B7 Tones:[B, C#, D#, F#, G#, A] Note being tested: A4
Accepted Note: A4
Chord: B7 Tones:[B, C#, D#, F#, G#, A] Note being tested: C#5
Accepted Note: C#5
Chord: B7 Tones:[B, C#, D#, F#, G#, A] Note being tested: F5
Chord: B7 Tones:[B, C#, D#, F#, G#, A] Note being tested: A5
Accepted Note: A5
Chord: B7 Tones:[B, C#, D#, F#, G#, A] Note being tested: B4
Accepted Note: B4
Chord: B7 Tones:[B, C#, D#, F#, G#, A] Note being tested: A#4
Chord: B7 Tones:[B, C#, D#, F#, G#, A] Note being tested: G#4
Accepted Note: G#4
Chord: B7 Tones:[B, C#, D#, F#, G#, A] Note being tested: G4
Chord: B7 Tones:[B, C#, D#, F#, G#, A] Note being tested: F#4
Accepted Note: F#4
Chord: B7 Tones:[B, C#, D#, F#, G#, A] Note being tested: F4
Chord: B7 Tones:[B, C#, D#, F#, G#, A] Note being tested: E4
Chord: B7 Tones:[B, C#, D#, F#, G#, A] Note being tested: D4
Chord: B7 Tones:[B, C#, D#, F#, G#, A] Note being tested: D#4
Accepted Note: D#4
Chord: B7 Tones:[B, C#, D#, F#, G#, A] Note being tested: E4
Chord: B7 Tones:[B, C#, D#, F#, G#, A] Note being tested: G4
Chord: B7 Tones:[B, C#, D#, F#, G#, A] Note being tested: G#4
Accepted Note: G#4
Chord: B7 Tones:[B, C#, D#, F#, G#, A] Note being tested: B4
Accepted Note: B4
Chord: B7 Tones:[B, C#, D#, F#, G#, A] Note being tested: D5
Chord: B7 Tones:[B, C#, D#, F#, G#, A] Note being tested: F5
Chord: B7 Tones:[B, C#, D#, F#, G#, A] Note being tested: G#5
Accepted Note: G#5
Chord: B7 Tones:[B, C#, D#, F#, G#, A] Note being tested: E5
Chord: B7 Tones:[B, C#, D#, F#, G#, A] Note being tested: G5
Chord: B7 Tones:[B, C#, D#, F#, G#, A] Note being tested: C#5
Accepted Note: C#5
Chord: B7 Tones:[B, C#, D#, F#, G#, A] Note being tested: F#4
Accepted Note: F#4
Chord: B7 Tones:[B, C#, D#, F#, G#, A] Note being tested: D#5
Accepted Note: D#5
Chord: B7 Tones:[B, C#, D#, F#, G#, A] Note being tested: A4
Accepted Note: A4
Chord: B7 Tones:[B, C#, D#, F#, G#, A] Note being tested: E4
Chord: B7 Tones:[B, C#, D#, F#, G#, A] Note being tested: G4
Chord: B7 Tones:[B, C#, D#, F#, G#, A] Note being tested: G#4
Accepted Note: G#4
Chord: B7 Tones:[B, C#, D#, F#, G#, A] Note being tested: B4
Accepted Note: B4
Chord: B7 Tones:[B, C#, D#, F#, G#, A] Note being tested: D5
Chord: B7 Tones:[B, C#, D#, F#, G#, A] Note being tested: F5
Chord: B7 Tones:[B, C#, D#, F#, G#, A] Note being tested: G#5
Accepted Note: G#5
Chord: B7 Tones:[B, C#, D#, F#, G#, A] Note being tested: E5
Chord: B7 Tones:[B, C#, D#, F#, G#, A] Note being tested: G5
Chord: B7 Tones:[B, C#, D#, F#, G#, A] Note being tested: C#5
Accepted Note: C#5
Chord: B7 Tones:[B, C#, D#, F#, G#, A] Note being tested: F#4
Accepted Note: F#4
Chord: B7 Tones:[B, C#, D#, F#, G#, A] Note being tested: D#5
Accepted Note: D#5
Chord: B7 Tones:[B, C#, D#, F#, G#, A] Note being tested: A4
Accepted Note: A4
Chord: B7 Tones:[B, C#, D#, F#, G#, A] Note being tested: E4
Chord: B7 Tones:[B, C#, D#, F#, G#, A] Note being tested: G4
Chord: B7 Tones:[B, C#, D#, F#, G#, A] Note being tested: G#4
Accepted Note: G#4
Chord: B7 Tones:[B, C#, D#, F#, G#, A] Note being tested: B4
Accepted Note: B4
Chord: B7 Tones:[B, C#, D#, F#, G#, A] Note being tested: D5
Chord: B7 Tones:[B, C#, D#, F#, G#, A] Note being tested: F5
Chord: B7 Tones:[B, C#, D#, F#, G#, A] Note being tested: G#5
Accepted Note: G#5
Chord: B7 Tones:[B, C#, D#, F#, G#, A] Note being tested: E5
Chord: B7 Tones:[B, C#, D#, F#, G#, A] Note being tested: G5
Chord: B7 Tones:[B, C#, D#, F#, G#, A] Note being tested: C#5
Accepted Note: C#5
Chord: B7 Tones:[B, C#, D#, F#, G#, A] Note being tested: F#4
Accepted Note: F#4
Chord: B7 Tones:[B, C#, D#, F#, G#, A] Note being tested: D#5
Accepted Note: D#5
Chord: B7 Tones:[B, C#, D#, F#, G#, A] Note being tested: A4
Accepted Note: A4
Chord: B7 Tones:[B, C#, D#, F#, G#, A] Note being tested: E4
Chord: B7 Tones:[B, C#, D#, F#, G#, A] Note being tested: E4
Chord: B7 Tones:[B, C#, D#, F#, G#, A] Note being tested: G4
Chord: B7 Tones:[B, C#, D#, F#, G#, A] Note being tested: G#4
Accepted Note: G#4
Chord: B7 Tones:[B, C#, D#, F#, G#, A] Note being tested: B4
Accepted Note: B4
Chord: B7 Tones:[B, C#, D#, F#, G#, A] Note being tested: D5
Chord: B7 Tones:[B, C#, D#, F#, G#, A] Note being tested: F5
Chord: B7 Tones:[B, C#, D#, F#, G#, A] Note being tested: G#5
Accepted Note: G#5
Chord: B7 Tones:[B, C#, D#, F#, G#, A] Note being tested: E5
Chord: B7 Tones:[B, C#, D#, F#, G#, A] Note being tested: G5
Chord: B7 Tones:[B, C#, D#, F#, G#, A] Note being tested: C#5
Accepted Note: C#5
Chord: B7 Tones:[B, C#, D#, F#, G#, A] Note being tested: F#4
Accepted Note: F#4
Chord: B7 Tones:[B, C#, D#, F#, G#, A] Note being tested: D#5
Accepted Note: D#5
Chord: B7 Tones:[B, C#, D#, F#, G#, A] Note being tested: A4
Accepted Note: A4
Chord: B7 Tones:[B, C#, D#, F#, G#, A] Note being tested: E4
Chord: B7 Tones:[B, C#, D#, F#, G#, A] Note being tested: G4
Chord: B7 Tones:[B, C#, D#, F#, G#, A] Note being tested: G#4
Accepted Note: G#4
Chord: B7 Tones:[B, C#, D#, F#, G#, A] Note being tested: B4
Accepted Note: B4
Chord: B7 Tones:[B, C#, D#, F#, G#, A] Note being tested: D5
Chord: B7 Tones:[B, C#, D#, F#, G#, A] Note being tested: F5
Chord: B7 Tones:[B, C#, D#, F#, G#, A] Note being tested: G#5
Accepted Note: G#5
Chord: B7 Tones:[B, C#, D#, F#, G#, A] Note being tested: E5
Chord: B7 Tones:[B, C#, D#, F#, G#, A] Note being tested: G5
Chord: B7 Tones:[B, C#, D#, F#, G#, A] Note being tested: C#5
Accepted Note: C#5
Chord: B7 Tones:[B, C#, D#, F#, G#, A] Note being tested: F#4
Accepted Note: F#4
Chord: B7 Tones:[B, C#, D#, F#, G#, A] Note being tested: D#5
Accepted Note: D#5
Chord: B7 Tones:[B, C#, D#, F#, G#, A] Note being tested: A4
Accepted Note: A4
Chord: B7 Tones:[B, C#, D#, F#, G#, A] Note being tested: E4
Chord: B7 Tones:[B, C#, D#, F#, G#, A] Note being tested: G4
Chord: B7 Tones:[B, C#, D#, F#, G#, A] Note being tested: G#4
Accepted Note: G#4
Chord: B7 Tones:[B, C#, D#, F#, G#, A] Note being tested: B4
Accepted Note: B4
Chord: B7 Tones:[B, C#, D#, F#, G#, A] Note being tested: D5
Chord: B7 Tones:[B, C#, D#, F#, G#, A] Note being tested: F5
Chord: B7 Tones:[B, C#, D#, F#, G#, A] Note being tested: G#5
Accepted Note: G#5
Chord: B7 Tones:[B, C#, D#, F#, G#, A] Note being tested: E5
Chord: B7 Tones:[B, C#, D#, F#, G#, A] Note being tested: G5
Chord: B7 Tones:[B, C#, D#, F#, G#, A] Note being tested: C#5
Accepted Note: C#5
Chord: B7 Tones:[B, C#, D#, F#, G#, A] Note being tested: F#4
Accepted Note: F#4
Chord: B7 Tones:[B, C#, D#, F#, G#, A] Note being tested: D#5
Accepted Note: D#5
Chord: B7 Tones:[B, C#, D#, F#, G#, A] Note being tested: A4
Accepted Note: A4
Chord: B7 Tones:[B, C#, D#, F#, G#, A] Note being tested: B4
Accepted Note: B4
Chord: B7 Tones:[B, C#, D#, F#, G#, A] Note being tested: A#4
Chord: B7 Tones:[B, C#, D#, F#, G#, A] Note being tested: G#4
Accepted Note: G#4
Chord: B7 Tones:[B, C#, D#, F#, G#, A] Note being tested: G4
Chord: B7 Tones:[B, C#, D#, F#, G#, A] Note being tested: F#4
Accepted Note: F#4
Chord: B7 Tones:[B, C#, D#, F#, G#, A] Note being tested: F4
Chord: B7 Tones:[B, C#, D#, F#, G#, A] Note being tested: E4
Chord: B7 Tones:[B, C#, D#, F#, G#, A] Note being tested: D4
Chord: B7 Tones:[B, C#, D#, F#, G#, A] Note being tested: D#4
Accepted Note: D#4
Chord: B7 Tones:[B, C#, D#, F#, G#, A] Note being tested: E4
Chord: B7 Tones:[B, C#, D#, F#, G#, A] Note being tested: G4
Chord: B7 Tones:[B, C#, D#, F#, G#, A] Note being tested: G#4
Accepted Note: G#4
Chord: B7 Tones:[B, C#, D#, F#, G#, A] Note being tested: B4
Accepted Note: B4
Chord: B7 Tones:[B, C#, D#, F#, G#, A] Note being tested: D5
Chord: B7 Tones:[B, C#, D#, F#, G#, A] Note being tested: F5
Chord: B7 Tones:[B, C#, D#, F#, G#, A] Note being tested: G#5
Accepted Note: G#5
Chord: B7 Tones:[B, C#, D#, F#, G#, A] Note being tested: E5
Chord: B7 Tones:[B, C#, D#, F#, G#, A] Note being tested: G5
Chord: B7 Tones:[B, C#, D#, F#, G#, A] Note being tested: C#5
Accepted Note: C#5
Chord: B7 Tones:[B, C#, D#, F#, G#, A] Note being tested: F#4
Accepted Note: F#4
Chord: B7 Tones:[B, C#, D#, F#, G#, A] Note being tested: D#5
Accepted Note: D#5
Chord: B7 Tones:[B, C#, D#, F#, G#, A] Note being tested: A4
Accepted Note: A4
Chord: B7 Tones:[B, C#, D#, F#, G#, A] Note being tested: E4
Chord: B7 Tones:[B, C#, D#, F#, G#, A] Note being tested: G4
Chord: B7 Tones:[B, C#, D#, F#, G#, A] Note being tested: G#4
Accepted Note: G#4
Chord: B7 Tones:[B, C#, D#, F#, G#, A] Note being tested: B4
Accepted Note: B4
Chord: B7 Tones:[B, C#, D#, F#, G#, A] Note being tested: D5
Chord: B7 Tones:[B, C#, D#, F#, G#, A] Note being tested: F5
Chord: B7 Tones:[B, C#, D#, F#, G#, A] Note being tested: G#5
Accepted Note: G#5
Chord: B7 Tones:[B, C#, D#, F#, G#, A] Note being tested: E5
Chord: B7 Tones:[B, C#, D#, F#, G#, A] Note being tested: G5
Chord: B7 Tones:[B, C#, D#, F#, G#, A] Note being tested: C#5
Accepted Note: C#5
Chord: B7 Tones:[B, C#, D#, F#, G#, A] Note being tested: F#4
Accepted Note: F#4
Chord: B7 Tones:[B, C#, D#, F#, G#, A] Note being tested: D#5
Accepted Note: D#5
Chord: B7 Tones:[B, C#, D#, F#, G#, A] Note being tested: A4
Accepted Note: A4
Chord: B7 Tones:[B, C#, D#, F#, G#, A] Note being tested: E4
Chord: B7 Tones:[B, C#, D#, F#, G#, A] Note being tested: G4
Chord: B7 Tones:[B, C#, D#, F#, G#, A] Note being tested: G#4
Accepted Note: G#4
Chord: B7 Tones:[B, C#, D#, F#, G#, A] Note being tested: B4
Accepted Note: B4
Chord: B7 Tones:[B, C#, D#, F#, G#, A] Note being tested: D5
Chord: B7 Tones:[B, C#, D#, F#, G#, A] Note being tested: F5
Chord: B7 Tones:[B, C#, D#, F#, G#, A] Note being tested: G#5
Accepted Note: G#5
Chord: B7 Tones:[B, C#, D#, F#, G#, A] Note being tested: E5
Chord: B7 Tones:[B, C#, D#, F#, G#, A] Note being tested: G5
Chord: B7 Tones:[B, C#, D#, F#, G#, A] Note being tested: C#5
Accepted Note: C#5
Chord: B7 Tones:[B, C#, D#, F#, G#, A] Note being tested: F#4
Accepted Note: F#4
Chord: B7 Tones:[B, C#, D#, F#, G#, A] Note being tested: D#5
Accepted Note: D#5
Chord: B7 Tones:[B, C#, D#, F#, G#, A] Note being tested: A4
Accepted Note: A4
Chord: B7 Tones:[B, C#, D#, F#, G#, A] Note being tested: G4
Chord: B7 Tones:[B, C#, D#, F#, G#, A] Note being tested: A4
Accepted Note: A4
Chord: B7 Tones:[B, C#, D#, F#, G#, A] Note being tested: C#5
Accepted Note: C#5
Chord: B7 Tones:[B, C#, D#, F#, G#, A] Note being tested: F5
Chord: B7 Tones:[B, C#, D#, F#, G#, A] Note being tested: A5
Accepted Note: A5
Chord: B7 Tones:[B, C#, D#, F#, G#, A] Note being tested: G4
Chord: B7 Tones:[B, C#, D#, F#, G#, A] Note being tested: A4
Accepted Note: A4
Chord: B7 Tones:[B, C#, D#, F#, G#, A] Note being tested: C#5
Accepted Note: C#5
Chord: B7 Tones:[B, C#, D#, F#, G#, A] Note being tested: F5
Chord: B7 Tones:[B, C#, D#, F#, G#, A] Note being tested: A5
Accepted Note: A5
Chord: B7 Tones:[B, C#, D#, F#, G#, A] Note being tested: G4
Chord: B7 Tones:[B, C#, D#, F#, G#, A] Note being tested: A4
Accepted Note: A4
Chord: B7 Tones:[B, C#, D#, F#, G#, A] Note being tested: C#5
Accepted Note: C#5
Chord: B7 Tones:[B, C#, D#, F#, G#, A] Note being tested: F5
Chord: B7 Tones:[B, C#, D#, F#, G#, A] Note being tested: A5
Accepted Note: A5
Chord: B7 Tones:[B, C#, D#, F#, G#, A] Note being tested: A#4
Chord: B7 Tones:[B, C#, D#, F#, G#, A] Note being tested: E4
Chord: B7 Tones:[B, C#, D#, F#, G#, A] Note being tested: G4
Chord: B7 Tones:[B, C#, D#, F#, G#, A] Note being tested: G#4
Accepted Note: G#4
Chord: B7 Tones:[B, C#, D#, F#, G#, A] Note being tested: B4
Accepted Note: B4
Chord: B7 Tones:[B, C#, D#, F#, G#, A] Note being tested: D5
Chord: B7 Tones:[B, C#, D#, F#, G#, A] Note being tested: F5
Chord: B7 Tones:[B, C#, D#, F#, G#, A] Note being tested: G#5
Accepted Note: G#5
Chord: B7 Tones:[B, C#, D#, F#, G#, A] Note being tested: E5
Chord: B7 Tones:[B, C#, D#, F#, G#, A] Note being tested: G5
Chord: B7 Tones:[B, C#, D#, F#, G#, A] Note being tested: C#5
Accepted Note: C#5
Chord: B7 Tones:[B, C#, D#, F#, G#, A] Note being tested: F#4
Accepted Note: F#4
Chord: B7 Tones:[B, C#, D#, F#, G#, A] Note being tested: D#5
Accepted Note: D#5
Chord: B7 Tones:[B, C#, D#, F#, G#, A] Note being tested: A4
Accepted Note: A4
Chord: B7 Tones:[B, C#, D#, F#, G#, A] Note being tested: E4
Chord: B7 Tones:[B, C#, D#, F#, G#, A] Note being tested: G4
Chord: B7 Tones:[B, C#, D#, F#, G#, A] Note being tested: G#4
Accepted Note: G#4
Chord: B7 Tones:[B, C#, D#, F#, G#, A] Note being tested: B4
Accepted Note: B4
Chord: B7 Tones:[B, C#, D#, F#, G#, A] Note being tested: D5
Chord: B7 Tones:[B, C#, D#, F#, G#, A] Note being tested: F5
Chord: B7 Tones:[B, C#, D#, F#, G#, A] Note being tested: G#5
Accepted Note: G#5
Chord: B7 Tones:[B, C#, D#, F#, G#, A] Note being tested: E5
Chord: B7 Tones:[B, C#, D#, F#, G#, A] Note being tested: G5
Chord: B7 Tones:[B, C#, D#, F#, G#, A] Note being tested: C#5
Accepted Note: C#5
Chord: B7 Tones:[B, C#, D#, F#, G#, A] Note being tested: F#4
Accepted Note: F#4
Chord: B7 Tones:[B, C#, D#, F#, G#, A] Note being tested: D#5
Accepted Note: D#5
Chord: B7 Tones:[B, C#, D#, F#, G#, A] Note being tested: A4
Accepted Note: A4
Chord: B7 Tones:[B, C#, D#, F#, G#, A] Note being tested: E4
Chord: B7 Tones:[B, C#, D#, F#, G#, A] Note being tested: G4
Chord: B7 Tones:[B, C#, D#, F#, G#, A] Note being tested: G#4
Accepted Note: G#4
Chord: B7 Tones:[B, C#, D#, F#, G#, A] Note being tested: B4
Accepted Note: B4
Chord: B7 Tones:[B, C#, D#, F#, G#, A] Note being tested: D5
Chord: B7 Tones:[B, C#, D#, F#, G#, A] Note being tested: F5
Chord: B7 Tones:[B, C#, D#, F#, G#, A] Note being tested: G#5
Accepted Note: G#5
Chord: B7 Tones:[B, C#, D#, F#, G#, A] Note being tested: E5
Chord: B7 Tones:[B, C#, D#, F#, G#, A] Note being tested: G5
Chord: B7 Tones:[B, C#, D#, F#, G#, A] Note being tested: C#5
Accepted Note: C#5
Chord: B7 Tones:[B, C#, D#, F#, G#, A] Note being tested: F#4
Accepted Note: F#4
Chord: B7 Tones:[B, C#, D#, F#, G#, A] Note being tested: D#5
Accepted Note: D#5
Chord: B7 Tones:[B, C#, D#, F#, G#, A] Note being tested: A4
Accepted Note: A4
Chord: B7 Tones:[B, C#, D#, F#, G#, A] Note being tested: B4
Accepted Note: B4
Chord: B7 Tones:[B, C#, D#, F#, G#, A] Note being tested: A#4
Chord: B7 Tones:[B, C#, D#, F#, G#, A] Note being tested: G#4
Accepted Note: G#4
Chord: B7 Tones:[B, C#, D#, F#, G#, A] Note being tested: G4
Chord: B7 Tones:[B, C#, D#, F#, G#, A] Note being tested: F#4
Accepted Note: F#4
Chord: B7 Tones:[B, C#, D#, F#, G#, A] Note being tested: F4
Chord: B7 Tones:[B, C#, D#, F#, G#, A] Note being tested: E4
Chord: B7 Tones:[B, C#, D#, F#, G#, A] Note being tested: D4
Chord: B7 Tones:[B, C#, D#, F#, G#, A] Note being tested: D#4
Accepted Note: D#4
Chord: B7 Tones:[B, C#, D#, F#, G#, A] Note being tested: E4
Chord: B7 Tones:[B, C#, D#, F#, G#, A] Note being tested: G4
Chord: B7 Tones:[B, C#, D#, F#, G#, A] Note being tested: G#4
Accepted Note: G#4
Chord: B7 Tones:[B, C#, D#, F#, G#, A] Note being tested: B4
Accepted Note: B4
Chord: B7 Tones:[B, C#, D#, F#, G#, A] Note being tested: D5
Chord: B7 Tones:[B, C#, D#, F#, G#, A] Note being tested: F5
Chord: B7 Tones:[B, C#, D#, F#, G#, A] Note being tested: G#5
Accepted Note: G#5
Chord: B7 Tones:[B, C#, D#, F#, G#, A] Note being tested: E5
Chord: B7 Tones:[B, C#, D#, F#, G#, A] Note being tested: G5
Chord: B7 Tones:[B, C#, D#, F#, G#, A] Note being tested: C#5
Accepted Note: C#5
Chord: B7 Tones:[B, C#, D#, F#, G#, A] Note being tested: F#4
Accepted Note: F#4
Chord: B7 Tones:[B, C#, D#, F#, G#, A] Note being tested: D#5
Accepted Note: D#5
Chord: B7 Tones:[B, C#, D#, F#, G#, A] Note being tested: A4
Accepted Note: A4
Chord: B7 Tones:[B, C#, D#, F#, G#, A] Note being tested: E4
Chord: B7 Tones:[B, C#, D#, F#, G#, A] Note being tested: G4
Chord: B7 Tones:[B, C#, D#, F#, G#, A] Note being tested: G#4
Accepted Note: G#4
Chord: B7 Tones:[B, C#, D#, F#, G#, A] Note being tested: B4
Accepted Note: B4
Chord: B7 Tones:[B, C#, D#, F#, G#, A] Note being tested: D5
Chord: B7 Tones:[B, C#, D#, F#, G#, A] Note being tested: F5
Chord: B7 Tones:[B, C#, D#, F#, G#, A] Note being tested: G#5
Accepted Note: G#5
Chord: B7 Tones:[B, C#, D#, F#, G#, A] Note being tested: E5
Chord: B7 Tones:[B, C#, D#, F#, G#, A] Note being tested: G5
Chord: B7 Tones:[B, C#, D#, F#, G#, A] Note being tested: C#5
Accepted Note: C#5
Chord: B7 Tones:[B, C#, D#, F#, G#, A] Note being tested: F#4
Accepted Note: F#4
Chord: B7 Tones:[B, C#, D#, F#, G#, A] Note being tested: D#5
Accepted Note: D#5
Chord: B7 Tones:[B, C#, D#, F#, G#, A] Note being tested: A4
Accepted Note: A4
Chord: B7 Tones:[B, C#, D#, F#, G#, A] Note being tested: E4
Chord: B7 Tones:[B, C#, D#, F#, G#, A] Note being tested: G4
Chord: B7 Tones:[B, C#, D#, F#, G#, A] Note being tested: G#4
Accepted Note: G#4
Chord: B7 Tones:[B, C#, D#, F#, G#, A] Note being tested: B4
Accepted Note: B4
Chord: B7 Tones:[B, C#, D#, F#, G#, A] Note being tested: D5
Chord: B7 Tones:[B, C#, D#, F#, G#, A] Note being tested: F5
Chord: B7 Tones:[B, C#, D#, F#, G#, A] Note being tested: G#5
Accepted Note: G#5
Chord: B7 Tones:[B, C#, D#, F#, G#, A] Note being tested: E5
Chord: B7 Tones:[B, C#, D#, F#, G#, A] Note being tested: G5
Chord: B7 Tones:[B, C#, D#, F#, G#, A] Note being tested: C#5
Accepted Note: C#5
Chord: B7 Tones:[B, C#, D#, F#, G#, A] Note being tested: F#4
Accepted Note: F#4
Chord: B7 Tones:[B, C#, D#, F#, G#, A] Note being tested: D#5
Accepted Note: D#5
Chord: B7 Tones:[B, C#, D#, F#, G#, A] Note being tested: A4
Accepted Note: A4
Chord: B7 Tones:[B, C#, D#, F#, G#, A] Note being tested: A#4
Chord: B7 Tones:[B, C#, D#, F#, G#, A] Note being tested: B4
Accepted Note: B4
Chord: B7 Tones:[B, C#, D#, F#, G#, A] Note being tested: A#4
Chord: B7 Tones:[B, C#, D#, F#, G#, A] Note being tested: G#4
Accepted Note: G#4
Chord: B7 Tones:[B, C#, D#, F#, G#, A] Note being tested: G4
Chord: B7 Tones:[B, C#, D#, F#, G#, A] Note being tested: F#4
Accepted Note: F#4
Chord: B7 Tones:[B, C#, D#, F#, G#, A] Note being tested: F4
Chord: B7 Tones:[B, C#, D#, F#, G#, A] Note being tested: E4
Chord: B7 Tones:[B, C#, D#, F#, G#, A] Note being tested: D4
Chord: B7 Tones:[B, C#, D#, F#, G#, A] Note being tested: D#4
Accepted Note: D#4
Chord: B7 Tones:[B, C#, D#, F#, G#, A] Note being tested: A#4
Chord: B7 Tones:[B, C#, D#, F#, G#, A] Note being tested: E4
Chord: B7 Tones:[B, C#, D#, F#, G#, A] Note being tested: G4
Chord: B7 Tones:[B, C#, D#, F#, G#, A] Note being tested: G#4
Accepted Note: G#4
Chord: B7 Tones:[B, C#, D#, F#, G#, A] Note being tested: B4
Accepted Note: B4
Chord: B7 Tones:[B, C#, D#, F#, G#, A] Note being tested: D5
Chord: B7 Tones:[B, C#, D#, F#, G#, A] Note being tested: F5
Chord: B7 Tones:[B, C#, D#, F#, G#, A] Note being tested: G#5
Accepted Note: G#5
Chord: B7 Tones:[B, C#, D#, F#, G#, A] Note being tested: E5
Chord: B7 Tones:[B, C#, D#, F#, G#, A] Note being tested: G5
Chord: B7 Tones:[B, C#, D#, F#, G#, A] Note being tested: C#5
Accepted Note: C#5
Chord: B7 Tones:[B, C#, D#, F#, G#, A] Note being tested: F#4
Accepted Note: F#4
Chord: B7 Tones:[B, C#, D#, F#, G#, A] Note being tested: D#5
Accepted Note: D#5
Chord: B7 Tones:[B, C#, D#, F#, G#, A] Note being tested: A4
Accepted Note: A4
Chord: B7 Tones:[B, C#, D#, F#, G#, A] Note being tested: E4
Chord: B7 Tones:[B, C#, D#, F#, G#, A] Note being tested: G4
Chord: B7 Tones:[B, C#, D#, F#, G#, A] Note being tested: G#4
Accepted Note: G#4
Chord: B7 Tones:[B, C#, D#, F#, G#, A] Note being tested: B4
Accepted Note: B4
Chord: B7 Tones:[B, C#, D#, F#, G#, A] Note being tested: D5
Chord: B7 Tones:[B, C#, D#, F#, G#, A] Note being tested: F5
Chord: B7 Tones:[B, C#, D#, F#, G#, A] Note being tested: G#5
Accepted Note: G#5
Chord: B7 Tones:[B, C#, D#, F#, G#, A] Note being tested: E5
Chord: B7 Tones:[B, C#, D#, F#, G#, A] Note being tested: G5
Chord: B7 Tones:[B, C#, D#, F#, G#, A] Note being tested: C#5
Accepted Note: C#5
Chord: B7 Tones:[B, C#, D#, F#, G#, A] Note being tested: F#4
Accepted Note: F#4
Chord: B7 Tones:[B, C#, D#, F#, G#, A] Note being tested: D#5
Accepted Note: D#5
Chord: B7 Tones:[B, C#, D#, F#, G#, A] Note being tested: A4
Accepted Note: A4
Chord: B7 Tones:[B, C#, D#, F#, G#, A] Note being tested: E4
Chord: B7 Tones:[B, C#, D#, F#, G#, A] Note being tested: G4
Chord: B7 Tones:[B, C#, D#, F#, G#, A] Note being tested: G#4
Accepted Note: G#4
Chord: B7 Tones:[B, C#, D#, F#, G#, A] Note being tested: B4
Accepted Note: B4
Chord: B7 Tones:[B, C#, D#, F#, G#, A] Note being tested: D5
Chord: B7 Tones:[B, C#, D#, F#, G#, A] Note being tested: F5
Chord: B7 Tones:[B, C#, D#, F#, G#, A] Note being tested: G#5
Accepted Note: G#5
Chord: B7 Tones:[B, C#, D#, F#, G#, A] Note being tested: E5
Chord: B7 Tones:[B, C#, D#, F#, G#, A] Note being tested: G5
Chord: B7 Tones:[B, C#, D#, F#, G#, A] Note being tested: C#5
Accepted Note: C#5
Chord: B7 Tones:[B, C#, D#, F#, G#, A] Note being tested: F#4
Accepted Note: F#4
Chord: B7 Tones:[B, C#, D#, F#, G#, A] Note being tested: D#5
Accepted Note: D#5
Chord: B7 Tones:[B, C#, D#, F#, G#, A] Note being tested: A4
Accepted Note: A4
Chord: B7 Tones:[B, C#, D#, F#, G#, A] Note being tested: G4
Chord: B7 Tones:[B, C#, D#, F#, G#, A] Note being tested: A4
Accepted Note: A4
Chord: B7 Tones:[B, C#, D#, F#, G#, A] Note being tested: C#5
Accepted Note: C#5
Chord: B7 Tones:[B, C#, D#, F#, G#, A] Note being tested: F5
Chord: B7 Tones:[B, C#, D#, F#, G#, A] Note being tested: A5
Accepted Note: A5
Chord: B7 Tones:[B, C#, D#, F#, G#, A] Note being tested: G4
Chord: B7 Tones:[B, C#, D#, F#, G#, A] Note being tested: A4
Accepted Note: A4
Chord: B7 Tones:[B, C#, D#, F#, G#, A] Note being tested: C#5
Accepted Note: C#5
Chord: B7 Tones:[B, C#, D#, F#, G#, A] Note being tested: F5
Chord: B7 Tones:[B, C#, D#, F#, G#, A] Note being tested: A5
Accepted Note: A5
Chord: B7 Tones:[B, C#, D#, F#, G#, A] Note being tested: G4
Chord: B7 Tones:[B, C#, D#, F#, G#, A] Note being tested: A4
Accepted Note: A4
Chord: B7 Tones:[B, C#, D#, F#, G#, A] Note being tested: C#5
Accepted Note: C#5
Chord: B7 Tones:[B, C#, D#, F#, G#, A] Note being tested: F5
Chord: B7 Tones:[B, C#, D#, F#, G#, A] Note being tested: A5
Accepted Note: A5
Chord: B7 Tones:[B, C#, D#, F#, G#, A] Note being tested: B4
Accepted Note: B4
Chord: B7 Tones:[B, C#, D#, F#, G#, A] Note being tested: A#4
Chord: B7 Tones:[B, C#, D#, F#, G#, A] Note being tested: G#4
Accepted Note: G#4
Chord: B7 Tones:[B, C#, D#, F#, G#, A] Note being tested: G4
Chord: B7 Tones:[B, C#, D#, F#, G#, A] Note being tested: F#4
Accepted Note: F#4
Chord: B7 Tones:[B, C#, D#, F#, G#, A] Note being tested: F4
Chord: B7 Tones:[B, C#, D#, F#, G#, A] Note being tested: E4
Chord: B7 Tones:[B, C#, D#, F#, G#, A] Note being tested: D4
Chord: B7 Tones:[B, C#, D#, F#, G#, A] Note being tested: D#4
Accepted Note: D#4
Chord: B7 Tones:[B, C#, D#, F#, G#, A] Note being tested: G4
Chord: B7 Tones:[B, C#, D#, F#, G#, A] Note being tested: A4
Accepted Note: A4
Chord: B7 Tones:[B, C#, D#, F#, G#, A] Note being tested: C#5
Accepted Note: C#5
Chord: B7 Tones:[B, C#, D#, F#, G#, A] Note being tested: F5
Chord: B7 Tones:[B, C#, D#, F#, G#, A] Note being tested: A5
Accepted Note: A5
Chord: B7 Tones:[B, C#, D#, F#, G#, A] Note being tested: G4
Chord: B7 Tones:[B, C#, D#, F#, G#, A] Note being tested: A4
Accepted Note: A4
Chord: B7 Tones:[B, C#, D#, F#, G#, A] Note being tested: C#5
Accepted Note: C#5
Chord: B7 Tones:[B, C#, D#, F#, G#, A] Note being tested: F5
Chord: B7 Tones:[B, C#, D#, F#, G#, A] Note being tested: A5
Accepted Note: A5
Chord: B7 Tones:[B, C#, D#, F#, G#, A] Note being tested: G4
Chord: B7 Tones:[B, C#, D#, F#, G#, A] Note being tested: A4
Accepted Note: A4
Chord: B7 Tones:[B, C#, D#, F#, G#, A] Note being tested: C#5
Accepted Note: C#5
Chord: B7 Tones:[B, C#, D#, F#, G#, A] Note being tested: F5
Chord: B7 Tones:[B, C#, D#, F#, G#, A] Note being tested: A5
Accepted Note: A5
Chord: B7 Tones:[B, C#, D#, F#, G#, A] Note being tested: A#4
Chord: B7 Tones:[B, C#, D#, F#, G#, A] Note being tested: B4
Accepted Note: B4
Chord: B7 Tones:[B, C#, D#, F#, G#, A] Note being tested: A#4
Chord: B7 Tones:[B, C#, D#, F#, G#, A] Note being tested: G#4
Accepted Note: G#4
Chord: B7 Tones:[B, C#, D#, F#, G#, A] Note being tested: G4
Chord: B7 Tones:[B, C#, D#, F#, G#, A] Note being tested: F#4
Accepted Note: F#4
Chord: B7 Tones:[B, C#, D#, F#, G#, A] Note being tested: F4
Chord: B7 Tones:[B, C#, D#, F#, G#, A] Note being tested: E4
Chord: B7 Tones:[B, C#, D#, F#, G#, A] Note being tested: D4
Chord: B7 Tones:[B, C#, D#, F#, G#, A] Note being tested: D#4
Accepted Note: D#4
23916 ms. Memory: 1062400K Free: 624709K (59%)
Exported /home/travis/build/icyphy/ptII/org/ptolemy/machineImprovisation/demo/JazzImprovisation/JazzImprovisation/index.html
29633 ms. Memory: 1098240K Free: 916393K (83%)
####### 22 Sat May 12 02:25:53 UTC 2018 $PTII/bin/ptinvoke ptolemy.vergil.basic.export.ExportModel -force htm -run -openComposites -timeOut 30000 -whiteBackground org/ptolemy/machineLearning/clustering/demo/KMeans/KMeans.xml $PTII/org/ptolemy/machineLearning/clustering/demo/KMeans/KMeans
Running .KMeans
K-Means Converged in 3 iterations.
140 ms. Memory: 1098240K Free: 728061K (66%)
Exported /home/travis/build/icyphy/ptII/org/ptolemy/machineLearning/clustering/demo/KMeans/KMeans/index.html
4747 ms. Memory: 1098240K Free: 556604K (51%)
####### 23 Sat May 12 02:25:58 UTC 2018 $PTII/bin/ptinvoke ptolemy.vergil.basic.export.ExportModel -force htm -run -openComposites -timeOut 30000 -whiteBackground org/ptolemy/machineLearning/hmm/demo/CommunicationAnomalyDetectionAOM/CommunicationAnomalyDetectionAOM.xml $PTII/org/ptolemy/machineLearning/hmm/demo/CommunicationAnomalyDetectionAOM/CommunicationAnomalyDetectionAOM
Running .CommunicationAnomalyDetectionAOM
-7.781945849588557
128.21620775082133
170.16498382752846
182.63009394956916
185.00014872652943
189.18120456966682
191.00919571805056
188.3620925455273
185.11157025484005
192.3177279192942
=======
-11.86789198528165
136.82708957802703
193.2627314743187
196.45369242634698
189.42957817774595
184.7876254480714
183.21950182386414
182.37935408627078
181.8557217844104
181.45624084435954
=======
2.02683825097303
143.43801704577066
156.57433459072638
156.66649179590365
156.54423489659968
156.58401360862177
155.60674555415548
154.63708285485765
152.61771995996918
148.83147453332134
=======
-2.0159643359092136
142.23750647502968
145.69546047167717
141.2105301976613
135.35793733272314
130.3321051651336
126.95170848216712
122.7256074449876
119.29402452684324
113.14898413678118
=======
11.83694372554124
147.21529213776225
177.7253605094334
210.5642311537878
244.00976872338867
250.33497877179377
245.68323865456094
252.75145339386862
253.7195664485365
251.26478262343664
=======
-7.924433931351778
139.7574744463722
205.8661099094787
217.11203997871155
212.02105357352943
209.7407724819495
208.10687980785153
206.36255801517638
204.31111147898406
201.99872747216313
=======
ExportHTMLTimer went off after 30000 ms., calling getDirector().finish and getDirector().stopFire()
30007 ms. Memory: 1695232K Free: 712909K (42%)
Exported /home/travis/build/icyphy/ptII/org/ptolemy/machineLearning/hmm/demo/CommunicationAnomalyDetectionAOM/CommunicationAnomalyDetectionAOM/index.html
39830 ms. Memory: 1788928K Free: 1069751K (60%)
####### 24 Sat May 12 02:26:38 UTC 2018 $PTII/bin/ptinvoke ptolemy.vergil.basic.export.ExportModel -force htm -run -openComposites -timeOut 30000 -whiteBackground org/ptolemy/machineLearning/hmm/demo/CommunicationAnomalyDetectionCQM/CommunicationAnomalyDetectionCQM.xml $PTII/org/ptolemy/machineLearning/hmm/demo/CommunicationAnomalyDetectionCQM/CommunicationAnomalyDetectionCQM
Running .CommunicationAnomalyDetectionCQM
25.934060361488555
191.56477348806652
196.16223979091959
=======
14.71701162133048
150.0053994713223
152.12333676479062
=======
9474 ms. Memory: 1819136K Free: 1128836K (62%)
Exported /home/travis/build/icyphy/ptII/org/ptolemy/machineLearning/hmm/demo/CommunicationAnomalyDetectionCQM/CommunicationAnomalyDetectionCQM/index.html
15898 ms. Memory: 1819136K Free: 352909K (19%)
####### 25 Sat May 12 02:26:54 UTC 2018 $PTII/bin/ptinvoke ptolemy.vergil.basic.export.ExportModel -force htm -run -openComposites -timeOut 30000 -whiteBackground org/ptolemy/machineLearning/particleFilter/demo/MultiRobotIntruderTracking/MultiRobotIntruderTracking.xml $PTII/org/ptolemy/machineLearning/particleFilter/demo/MultiRobotIntruderTracking/MultiRobotIntruderTracking
Running .MultiRobotIntruderTracking
ExportHTMLTimer went off after 30000 ms., calling getDirector().finish and getDirector().stopFire()
30170 ms. Memory: 1802752K Free: 1249577K (69%)
Exported /home/travis/build/icyphy/ptII/org/ptolemy/machineLearning/particleFilter/demo/MultiRobotIntruderTracking/MultiRobotIntruderTracking/index.html
40584 ms. Memory: 1802752K Free: 157187K (9%)
####### 26 Sat May 12 02:27:34 UTC 2018 $PTII/bin/ptinvoke ptolemy.vergil.basic.export.ExportModel -force htm -run -openComposites -timeOut 30000 -whiteBackground org/ptolemy/machineLearning/particleFilter/demo/OnlineTrajectoryOptimization/DistributedOnlineTrajectoryOptimization.xml $PTII/org/ptolemy/machineLearning/particleFilter/demo/OnlineTrajectoryOptimization/DistributedOnlineTrajectoryOptimization
Running .DistributedOnlineTrajectoryOptimization
ExportHTMLTimer went off after 30000 ms., calling getDirector().finish and getDirector().stopFire()
32238 ms. Memory: 1759232K Free: 90523K (5%)
Exported /home/travis/build/icyphy/ptII/org/ptolemy/machineLearning/particleFilter/demo/OnlineTrajectoryOptimization/DistributedOnlineTrajectoryOptimization/index.html
41774 ms. Memory: 1744384K Free: 542475K (31%)
####### 27 Sat May 12 02:28:16 UTC 2018 $PTII/bin/ptinvoke ptolemy.vergil.basic.export.ExportModel -force htm -run -openComposites -timeOut 30000 -whiteBackground org/ptolemy/machineLearning/particleFilter/demo/OnlineTrajectoryOptimization/OnlineTrajectoryOptimization.xml $PTII/org/ptolemy/machineLearning/particleFilter/demo/OnlineTrajectoryOptimization/OnlineTrajectoryOptimization
Running .OnlineTrajectoryOptimization
ExportHTMLTimer went off after 30000 ms., calling getDirector().finish and getDirector().stopFire()
30172 ms. Memory: 1834496K Free: 1147376K (63%)
Exported /home/travis/build/icyphy/ptII/org/ptolemy/machineLearning/particleFilter/demo/OnlineTrajectoryOptimization/OnlineTrajectoryOptimization/index.html
38088 ms. Memory: 1738752K Free: 1335203K (77%)
####### 28 Sat May 12 02:28:54 UTC 2018 $PTII/bin/ptinvoke ptolemy.vergil.basic.export.ExportModel -force htm -run -openComposites -timeOut 30000 -whiteBackground org/ptolemy/machineLearning/particleFilter/demo/OpenLoopSingleRobotTargetLocalization/OpenLoopSingleRobotTargetLocalization.xml $PTII/org/ptolemy/machineLearning/particleFilter/demo/OpenLoopSingleRobotTargetLocalization/OpenLoopSingleRobotTargetLocalization
Running .OpenLoopSingleRobotTargetLocalization
9958 ms. Memory: 1828352K Free: 1646105K (90%)
Exported /home/travis/build/icyphy/ptII/org/ptolemy/machineLearning/particleFilter/demo/OpenLoopSingleRobotTargetLocalization/OpenLoopSingleRobotTargetLocalization/index.html
14391 ms. Memory: 1828352K Free: 1421471K (78%)
####### 29 Sat May 12 02:29:08 UTC 2018 $PTII/bin/ptinvoke ptolemy.vergil.basic.export.ExportModel -force htm -run -openComposites -timeOut 30000 -whiteBackground org/ptolemy/machineLearning/particleFilter/demo/OpenLoopTwoRobotTargetLocalization/JointParticleFilter.xml $PTII/org/ptolemy/machineLearning/particleFilter/demo/OpenLoopTwoRobotTargetLocalization/JointParticleFilter
Running .JointParticleFilter
3770 ms. Memory: 1828352K Free: 389308K (21%)
Exported /home/travis/build/icyphy/ptII/org/ptolemy/machineLearning/particleFilter/demo/OpenLoopTwoRobotTargetLocalization/JointParticleFilter/index.html
9300 ms. Memory: 1841664K Free: 1245763K (68%)
####### 30 Sat May 12 02:29:18 UTC 2018 $PTII/bin/ptinvoke ptolemy.vergil.basic.export.ExportModel -force htm -run -openComposites -timeOut 30000 -whiteBackground org/ptolemy/machineLearning/particleFilter/demo/OpenLoopTwoRobotTargetLocalization/OpenLoopTwoRobotTargetLocalization.xml $PTII/org/ptolemy/machineLearning/particleFilter/demo/OpenLoopTwoRobotTargetLocalization/OpenLoopTwoRobotTargetLocalization
Running .OpenLoopTwoRobotTargetLocalization
ExportHTMLTimer went off after 30000 ms., calling getDirector().finish and getDirector().stopFire()
30137 ms. Memory: 1859584K Free: 1067507K (57%)
Exported /home/travis/build/icyphy/ptII/org/ptolemy/machineLearning/particleFilter/demo/OpenLoopTwoRobotTargetLocalization/OpenLoopTwoRobotTargetLocalization/index.html
35308 ms. Memory: 1859584K Free: 609960K (33%)
####### 31 Sat May 12 02:29:53 UTC 2018 $PTII/bin/ptinvoke ptolemy.vergil.basic.export.ExportModel -force htm -run -openComposites -timeOut 30000 -whiteBackground org/ptolemy/machineLearning/particleFilter/demo/ParticleFilterRange/ParticleFilterRange.xml $PTII/org/ptolemy/machineLearning/particleFilter/demo/ParticleFilterRange/ParticleFilterRange
Running .ParticleFilterRange
10151 ms. Memory: 1869312K Free: 1285184K (69%)
Exported /home/travis/build/icyphy/ptII/org/ptolemy/machineLearning/particleFilter/demo/ParticleFilterRange/ParticleFilterRange/index.html
14526 ms. Memory: 1869312K Free: 992391K (53%)
####### 32 Sat May 12 02:30:08 UTC 2018 $PTII/bin/ptinvoke ptolemy.vergil.basic.export.ExportModel -force htm -run -openComposites -timeOut 30000 -whiteBackground org/ptolemy/optimization/demo/LeastSquaresNodeLocalization/LeastSquaresNodeLocalization.xml $PTII/org/ptolemy/optimization/demo/LeastSquaresNodeLocalization/LeastSquaresNodeLocalization
Running .LeastSquaresNodeLocalization
285 ms. Memory: 1869312K Free: 613175K (33%)
Exported /home/travis/build/icyphy/ptII/org/ptolemy/optimization/demo/LeastSquaresNodeLocalization/LeastSquaresNodeLocalization/index.html
4708 ms. Memory: 1869312K Free: 445983K (24%)
####### 33 Sat May 12 02:30:12 UTC 2018 $PTII/bin/ptinvoke ptolemy.vergil.basic.export.ExportModel -force htm -run -openComposites -timeOut 30000 -whiteBackground org/ptolemy/optimization/demo/LinearRegression/LinearRegression.xml $PTII/org/ptolemy/optimization/demo/LinearRegression/LinearRegression
Running .LinearRegression
1922 ms. Memory: 1867264K Free: 1446614K (77%)
Exported /home/travis/build/icyphy/ptII/org/ptolemy/optimization/demo/LinearRegression/LinearRegression/index.html
6590 ms. Memory: 1867264K Free: 1166276K (62%)
####### 34 Sat May 12 02:30:19 UTC 2018 $PTII/bin/ptinvoke ptolemy.vergil.basic.export.ExportModel -force htm -run -openComposites -timeOut 30000 -whiteBackground org/ptolemy/optimization/demo/SimpleOptimization/SimpleOptimization.xml $PTII/org/ptolemy/optimization/demo/SimpleOptimization/SimpleOptimization
Running .SimpleOptimization
40 ms. Memory: 1867264K Free: 1041127K (56%)
Exported /home/travis/build/icyphy/ptII/org/ptolemy/optimization/demo/SimpleOptimization/SimpleOptimization/index.html
4238 ms. Memory: 1867264K Free: 982988K (53%)
####### 35 Sat May 12 02:30:23 UTC 2018 $PTII/bin/ptinvoke ptolemy.vergil.basic.export.ExportModel -force htm -run -openComposites -timeOut 30000 -whiteBackground org/ptolemy/osc/demo/OscSendReceive/OscSendReceive.xml $PTII/org/ptolemy/osc/demo/OscSendReceive/OscSendReceive
Running .OscSendReceive
OscP5 0.9.9 infos, comments, questions at http://www.sojamo.de/oscP5


### [2018/5/12 2:30:24] PROCESS @ OscP5 stopped.
### [2018/5/12 2:30:24] PROCESS @ UdpClient.openSocket udp socket initialized.
### [2018/5/12 2:30:25] PROCESS @ UdpServer.start() new Unicast DatagramSocket created @ port 2224
### [2018/5/12 2:30:25] PROCESS @ UdpServer.run() UdpServer is running @ 2224
### [2018/5/12 2:30:25] INFO @ OscP5 is running. you (127.0.1.1) are listening @ port 2224
OscP5 0.9.9 infos, comments, questions at http://www.sojamo.de/oscP5


### [2018/5/12 2:30:25] PROCESS @ OscP5 stopped.
### [2018/5/12 2:30:25] PROCESS @ UdpClient.openSocket udp socket initialized.
### [2018/5/12 2:30:26] PROCESS @ UdpServer.start() new Unicast DatagramSocket created @ port 2225
### [2018/5/12 2:30:26] PROCESS @ UdpServer.run() UdpServer is running @ 2225
### [2018/5/12 2:30:26] INFO @ OscP5 is running. you (127.0.1.1) are listening @ port 2225
OscP5 0.9.9 infos, comments, questions at http://www.sojamo.de/oscP5


### [2018/5/12 2:30:26] PROCESS @ OscP5 stopped.
### [2018/5/12 2:30:26] PROCESS @ UdpClient.openSocket udp socket initialized.
### [2018/5/12 2:30:27] PROCESS @ UdpServer.start() new Unicast DatagramSocket created @ port 2227
### [2018/5/12 2:30:27] INFO @ OscP5 is running. you (127.0.1.1) are listening @ port 2227
### [2018/5/12 2:30:27] PROCESS @ UdpServer.run() UdpServer is running @ 2227
### [2018/5/12 2:30:38] PROCESS @ OscP5 stopped.
### [2018/5/12 2:30:38] PROCESS @ OscP5 stopped.
### [2018/5/12 2:30:38] PROCESS @ UdpServer.run()  socket closed.
### [2018/5/12 2:30:38] PROCESS @ UdpServer.run()  socket closed.
### [2018/5/12 2:30:38] PROCESS @ UdpServer.run()  socket closed.
### [2018/5/12 2:30:38] PROCESS @ OscP5 stopped.
14027 ms. Memory: 1867264K Free: 854192K (46%)
Exported /home/travis/build/icyphy/ptII/org/ptolemy/osc/demo/OscSendReceive/OscSendReceive/index.html
18186 ms. Memory: 1867264K Free: 810754K (43%)
####### 36 Sat May 12 02:30:41 UTC 2018 $PTII/bin/ptinvoke ptolemy.vergil.basic.export.ExportModel -force htm  -openComposites -timeOut 30000 -whiteBackground org/ptolemy/ptango/demo/BlinkyLight/BlinkyLight.xml $PTII/org/ptolemy/ptango/demo/BlinkyLight/BlinkyLight
Warning: not running org/ptolemy/ptango/demo/BlinkyLight/BlinkyLight.xml. See ptolemy/vergil/basic/export/test/junit/ExportModelJUnitTest.java
Exported /home/travis/build/icyphy/ptII/org/ptolemy/ptango/demo/BlinkyLight/BlinkyLight/index.html
3951 ms. Memory: 1874432K Free: 1546193K (82%)
####### 37 Sat May 12 02:30:45 UTC 2018 $PTII/bin/ptinvoke ptolemy.vergil.basic.export.ExportModel -force htm  -openComposites -timeOut 30000 -whiteBackground org/ptolemy/ptango/demo/Chat/Chat.xml $PTII/org/ptolemy/ptango/demo/Chat/Chat
Warning: not running org/ptolemy/ptango/demo/Chat/Chat.xml. See ptolemy/vergil/basic/export/test/junit/ExportModelJUnitTest.java
Exported /home/travis/build/icyphy/ptII/org/ptolemy/ptango/demo/Chat/Chat/index.html
3149 ms. Memory: 1874432K Free: 1422290K (76%)
####### 38 Sat May 12 02:30:48 UTC 2018 $PTII/bin/ptinvoke ptolemy.vergil.basic.export.ExportModel -force htm  -openComposites -timeOut 30000 -whiteBackground org/ptolemy/ptango/demo/Chat/ChatClient.xml $PTII/org/ptolemy/ptango/demo/Chat/ChatClient
Warning: not running org/ptolemy/ptango/demo/Chat/ChatClient.xml. See ptolemy/vergil/basic/export/test/junit/ExportModelJUnitTest.java
Exported /home/travis/build/icyphy/ptII/org/ptolemy/ptango/demo/Chat/ChatClient/index.html
3255 ms. Memory: 1874432K Free: 1243073K (66%)
####### 39 Sat May 12 02:30:52 UTC 2018 $PTII/bin/ptinvoke ptolemy.vergil.basic.export.ExportModel -force htm  -openComposites -timeOut 30000 -whiteBackground org/ptolemy/ptango/demo/Chat/ChatClient2.xml $PTII/org/ptolemy/ptango/demo/Chat/ChatClient2
Warning: not running org/ptolemy/ptango/demo/Chat/ChatClient2.xml. See ptolemy/vergil/basic/export/test/junit/ExportModelJUnitTest.java
Exported /home/travis/build/icyphy/ptII/org/ptolemy/ptango/demo/Chat/ChatClient2/index.html
3208 ms. Memory: 1874432K Free: 1062049K (57%)
####### 40 Sat May 12 02:30:55 UTC 2018 $PTII/bin/ptinvoke ptolemy.vergil.basic.export.ExportModel -force htm  -openComposites -timeOut 30000 -whiteBackground org/ptolemy/ptango/demo/Chat/ChatServer.xml $PTII/org/ptolemy/ptango/demo/Chat/ChatServer
Warning: not running org/ptolemy/ptango/demo/Chat/ChatServer.xml. See ptolemy/vergil/basic/export/test/junit/ExportModelJUnitTest.java
Exported /home/travis/build/icyphy/ptII/org/ptolemy/ptango/demo/Chat/ChatServer/index.html
3373 ms. Memory: 1874432K Free: 729755K (39%)
####### 41 Sat May 12 02:30:58 UTC 2018 $PTII/bin/ptinvoke ptolemy.vergil.basic.export.ExportModel -force htm  -openComposites -timeOut 30000 -whiteBackground org/ptolemy/ptango/demo/Cookies/Cookies.xml $PTII/org/ptolemy/ptango/demo/Cookies/Cookies
Warning: not running org/ptolemy/ptango/demo/Cookies/Cookies.xml. See ptolemy/vergil/basic/export/test/junit/ExportModelJUnitTest.java
Exported /home/travis/build/icyphy/ptII/org/ptolemy/ptango/demo/Cookies/Cookies/index.html
3319 ms. Memory: 1874432K Free: 431164K (23%)
####### 42 Sat May 12 02:31:02 UTC 2018 $PTII/bin/ptinvoke ptolemy.vergil.basic.export.ExportModel -force htm  -openComposites -timeOut 30000 -whiteBackground org/ptolemy/ptango/demo/DOPpresence/DOPpresence.xml $PTII/org/ptolemy/ptango/demo/DOPpresence/DOPpresence
Warning: not running org/ptolemy/ptango/demo/DOPpresence/DOPpresence.xml. See ptolemy/vergil/basic/export/test/junit/ExportModelJUnitTest.java
Exported /home/travis/build/icyphy/ptII/org/ptolemy/ptango/demo/DOPpresence/DOPpresence/index.html
5088 ms. Memory: 1872896K Free: 1033701K (55%)
####### 43 Sat May 12 02:31:07 UTC 2018 $PTII/bin/ptinvoke ptolemy.vergil.basic.export.ExportModel -force htm  -openComposites -timeOut 30000 -whiteBackground org/ptolemy/ptango/demo/EPlus70Actuator/EPlus70Actuator.xml $PTII/org/ptolemy/ptango/demo/EPlus70Actuator/EPlus70Actuator
Warning: not running org/ptolemy/ptango/demo/EPlus70Actuator/EPlus70Actuator.xml. See ptolemy/vergil/basic/export/test/junit/ExportModelJUnitTest.java
Exported /home/travis/build/icyphy/ptII/org/ptolemy/ptango/demo/EPlus70Actuator/EPlus70Actuator/index.html
4491 ms. Memory: 1880064K Free: 1704088K (91%)
####### 44 Sat May 12 02:31:11 UTC 2018 $PTII/bin/ptinvoke ptolemy.vergil.basic.export.ExportModel -force htm  -openComposites -timeOut 30000 -whiteBackground org/ptolemy/ptango/demo/ErrorHandler/ErrorHandler.xml $PTII/org/ptolemy/ptango/demo/ErrorHandler/ErrorHandler
Warning: not running org/ptolemy/ptango/demo/ErrorHandler/ErrorHandler.xml. See ptolemy/vergil/basic/export/test/junit/ExportModelJUnitTest.java
Exported /home/travis/build/icyphy/ptII/org/ptolemy/ptango/demo/ErrorHandler/ErrorHandler/index.html
3509 ms. Memory: 1880064K Free: 1291702K (69%)
####### 45 Sat May 12 02:31:15 UTC 2018 $PTII/bin/ptinvoke ptolemy.vergil.basic.export.ExportModel -force htm  -openComposites -timeOut 30000 -whiteBackground org/ptolemy/ptango/demo/Exception/Exception.xml $PTII/org/ptolemy/ptango/demo/Exception/Exception
Warning: not running org/ptolemy/ptango/demo/Exception/Exception.xml. See ptolemy/vergil/basic/export/test/junit/ExportModelJUnitTest.java
Exported /home/travis/build/icyphy/ptII/org/ptolemy/ptango/demo/Exception/Exception/index.html
6941 ms. Memory: 1880064K Free: 995654K (53%)
####### 46 Sat May 12 02:31:22 UTC 2018 $PTII/bin/ptinvoke ptolemy.vergil.basic.export.ExportModel -force htm  -openComposites -timeOut 30000 -whiteBackground org/ptolemy/ptango/demo/Guidance/Guidance.xml $PTII/org/ptolemy/ptango/demo/Guidance/Guidance
Warning: not running org/ptolemy/ptango/demo/Guidance/Guidance.xml. See ptolemy/vergil/basic/export/test/junit/ExportModelJUnitTest.java
Exported /home/travis/build/icyphy/ptII/org/ptolemy/ptango/demo/Guidance/Guidance/index.html
3667 ms. Memory: 1880064K Free: 419778K (22%)
####### 47 Sat May 12 02:31:25 UTC 2018 $PTII/bin/ptinvoke ptolemy.vergil.basic.export.ExportModel -force htm  -openComposites -timeOut 30000 -whiteBackground org/ptolemy/ptango/demo/Guidance/GuidanceSingleUserWithName.xml $PTII/org/ptolemy/ptango/demo/Guidance/GuidanceSingleUserWithName
Warning: not running org/ptolemy/ptango/demo/Guidance/GuidanceSingleUserWithName.xml. See ptolemy/vergil/basic/export/test/junit/ExportModelJUnitTest.java
Exported /home/travis/build/icyphy/ptII/org/ptolemy/ptango/demo/Guidance/GuidanceSingleUserWithName/index.html
3249 ms. Memory: 1880064K Free: 158926K (8%)
####### 48 Sat May 12 02:31:29 UTC 2018 $PTII/bin/ptinvoke ptolemy.vergil.basic.export.ExportModel -force htm  -openComposites -timeOut 30000 -whiteBackground org/ptolemy/ptango/demo/OccupancyAlert/OccupancyAlert.xml $PTII/org/ptolemy/ptango/demo/OccupancyAlert/OccupancyAlert
Warning: not running org/ptolemy/ptango/demo/OccupancyAlert/OccupancyAlert.xml. See ptolemy/vergil/basic/export/test/junit/ExportModelJUnitTest.java
Exported /home/travis/build/icyphy/ptII/org/ptolemy/ptango/demo/OccupancyAlert/OccupancyAlert/index.html
3956 ms. Memory: 1880064K Free: 846923K (45%)
####### 49 Sat May 12 02:31:33 UTC 2018 $PTII/bin/ptinvoke ptolemy.vergil.basic.export.ExportModel -force htm  -openComposites -timeOut 30000 -whiteBackground org/ptolemy/ptango/demo/OptimizationAdvisor/OptimizationAdvisor.xml $PTII/org/ptolemy/ptango/demo/OptimizationAdvisor/OptimizationAdvisor
Warning: not running org/ptolemy/ptango/demo/OptimizationAdvisor/OptimizationAdvisor.xml. See ptolemy/vergil/basic/export/test/junit/ExportModelJUnitTest.java
Exported /home/travis/build/icyphy/ptII/org/ptolemy/ptango/demo/OptimizationAdvisor/OptimizationAdvisor/index.html
13640 ms. Memory: 1889792K Free: 560561K (30%)
####### 50 Sat May 12 02:31:46 UTC 2018 $PTII/bin/ptinvoke ptolemy.vergil.basic.export.ExportModel -force htm  -openComposites -timeOut 30000 -whiteBackground org/ptolemy/ptango/demo/SensorAndrew/SensorAndrew.xml $PTII/org/ptolemy/ptango/demo/SensorAndrew/SensorAndrew
Warning: not running org/ptolemy/ptango/demo/SensorAndrew/SensorAndrew.xml. See ptolemy/vergil/basic/export/test/junit/ExportModelJUnitTest.java
Exported /home/travis/build/icyphy/ptII/org/ptolemy/ptango/demo/SensorAndrew/SensorAndrew/index.html
3815 ms. Memory: 1889280K Free: 1128007K (60%)
####### 51 Sat May 12 02:31:50 UTC 2018 $PTII/bin/ptinvoke ptolemy.vergil.basic.export.ExportModel -force htm  -openComposites -timeOut 30000 -whiteBackground org/ptolemy/ptango/demo/SmartRoom/SmartRoom.xml $PTII/org/ptolemy/ptango/demo/SmartRoom/SmartRoom
Warning: not running org/ptolemy/ptango/demo/SmartRoom/SmartRoom.xml. See ptolemy/vergil/basic/export/test/junit/ExportModelJUnitTest.java
Exported /home/travis/build/icyphy/ptII/org/ptolemy/ptango/demo/SmartRoom/SmartRoom/index.html
4044 ms. Memory: 1889280K Free: 293296K (16%)
####### 52 Sat May 12 02:31:54 UTC 2018 $PTII/bin/ptinvoke ptolemy.vergil.basic.export.ExportModel -force htm  -openComposites -timeOut 30000 -whiteBackground org/ptolemy/ptango/demo/TemperatureSimulation/TemperatureSimulation.xml $PTII/org/ptolemy/ptango/demo/TemperatureSimulation/TemperatureSimulation
Warning: not running org/ptolemy/ptango/demo/TemperatureSimulation/TemperatureSimulation.xml. See ptolemy/vergil/basic/export/test/junit/ExportModelJUnitTest.java
Exported /home/travis/build/icyphy/ptII/org/ptolemy/ptango/demo/TemperatureSimulation/TemperatureSimulation/index.html
4233 ms. Memory: 1892352K Free: 909768K (48%)
####### 53 Sat May 12 02:31:58 UTC 2018 $PTII/bin/ptinvoke ptolemy.vergil.basic.export.ExportModel -force htm  -openComposites -timeOut 30000 -whiteBackground org/ptolemy/ptango/demo/UCBPower/UCBPower.xml $PTII/org/ptolemy/ptango/demo/UCBPower/UCBPower
Warning: not running org/ptolemy/ptango/demo/UCBPower/UCBPower.xml. See ptolemy/vergil/basic/export/test/junit/ExportModelJUnitTest.java
Exported /home/travis/build/icyphy/ptII/org/ptolemy/ptango/demo/UCBPower/UCBPower/index.html
3541 ms. Memory: 1892352K Free: 417709K (22%)
####### 54 Sat May 12 02:32:02 UTC 2018 $PTII/bin/ptinvoke ptolemy.vergil.basic.export.ExportModel -force htm  -openComposites -timeOut 30000 -whiteBackground org/ptolemy/ptango/demo/UCBPower/UCBPowerAnalyzerServer.xml $PTII/org/ptolemy/ptango/demo/UCBPower/UCBPowerAnalyzerServer
Warning: not running org/ptolemy/ptango/demo/UCBPower/UCBPowerAnalyzerServer.xml. See ptolemy/vergil/basic/export/test/junit/ExportModelJUnitTest.java
Exported /home/travis/build/icyphy/ptII/org/ptolemy/ptango/demo/UCBPower/UCBPowerAnalyzerServer/index.html
3411 ms. Memory: 1869824K Free: 1624614K (87%)
####### 55 Sat May 12 02:32:05 UTC 2018 $PTII/bin/ptinvoke ptolemy.vergil.basic.export.ExportModel -force htm  -openComposites -timeOut 30000 -whiteBackground org/ptolemy/ptango/demo/UCBPowerPtera/UCBPowerPtera.xml $PTII/org/ptolemy/ptango/demo/UCBPowerPtera/UCBPowerPtera
Warning: not running org/ptolemy/ptango/demo/UCBPowerPtera/UCBPowerPtera.xml. See ptolemy/vergil/basic/export/test/junit/ExportModelJUnitTest.java
Exported /home/travis/build/icyphy/ptII/org/ptolemy/ptango/demo/UCBPowerPtera/UCBPowerPtera/index.html
6168 ms. Memory: 1879040K Free: 983616K (52%)
####### 56 Sat May 12 02:32:11 UTC 2018 $PTII/bin/ptinvoke ptolemy.vergil.basic.export.ExportModel -force htm  -openComposites -timeOut 30000 -whiteBackground org/ptolemy/ptango/demo/WebServerDE/WebServerDE.xml $PTII/org/ptolemy/ptango/demo/WebServerDE/WebServerDE
Warning: not running org/ptolemy/ptango/demo/WebServerDE/WebServerDE.xml. See ptolemy/vergil/basic/export/test/junit/ExportModelJUnitTest.java
Exported /home/travis/build/icyphy/ptII/org/ptolemy/ptango/demo/WebServerDE/WebServerDE/index.html
8030 ms. Memory: 1961984K Free: 1353042K (69%)
####### 57 Sat May 12 02:32:19 UTC 2018 $PTII/bin/ptinvoke ptolemy.vergil.basic.export.ExportModel -force htm -run -openComposites -timeOut 30000 -whiteBackground org/ptolemy/qss/demo/RLC/RLC.xml $PTII/org/ptolemy/qss/demo/RLC/RLC
Running .RLC
130 ms. Memory: 1961984K Free: 1225232K (62%)
Exported /home/travis/build/icyphy/ptII/org/ptolemy/qss/demo/RLC/RLC/index.html
4422 ms. Memory: 1961984K Free: 1080967K (55%)
####### 58 Sat May 12 02:32:24 UTC 2018 $PTII/bin/ptinvoke ptolemy.vergil.basic.export.ExportModel -force htm -run -openComposites -timeOut 30000 -whiteBackground org/ptolemy/ssm/demo/RangeLocalizationOnMap/RangeLocalizationOnMap.xml $PTII/org/ptolemy/ssm/demo/RangeLocalizationOnMap/RangeLocalizationOnMap
Running .RangeLocalizationOnMap
ExportHTMLTimer went off after 30000 ms., calling getDirector().finish and getDirector().stopFire()
30972 ms. Memory: 1884672K Free: 203683K (11%)
Exported /home/travis/build/icyphy/ptII/org/ptolemy/ssm/demo/RangeLocalizationOnMap/RangeLocalizationOnMap/index.html
37740 ms. Memory: 1895936K Free: 1405303K (74%)
####### 59 Sat May 12 02:33:02 UTC 2018 $PTII/bin/ptinvoke ptolemy.vergil.basic.export.ExportModel -force htm -run -openComposites -timeOut 30000 -whiteBackground org/ptolemy/ssm/demo/SingleRobotTargetLocalization/SingleRobotTargetLocalization.xml $PTII/org/ptolemy/ssm/demo/SingleRobotTargetLocalization/SingleRobotTargetLocalization
Running .SingleRobotTargetLocalization
7871 ms. Memory: 1818624K Free: 662770K (36%)
Exported /home/travis/build/icyphy/ptII/org/ptolemy/ssm/demo/SingleRobotTargetLocalization/SingleRobotTargetLocalization/index.html
12471 ms. Memory: 1818624K Free: 343264K (19%)
####### 60 Sat May 12 02:33:14 UTC 2018 $PTII/bin/ptinvoke ptolemy.vergil.basic.export.ExportModel -force htm -run -openComposites -timeOut 30000 -whiteBackground org/ptolemy/ssm/demo/StatePrediction/StatePrediction.xml $PTII/org/ptolemy/ssm/demo/StatePrediction/StatePrediction
Running .StatePrediction
7913 ms. Memory: 1888768K Free: 1082978K (57%)
Exported /home/travis/build/icyphy/ptII/org/ptolemy/ssm/demo/StatePrediction/StatePrediction/index.html
12773 ms. Memory: 1888768K Free: 732558K (39%)
####### 61 Sat May 12 02:33:27 UTC 2018 $PTII/bin/ptinvoke ptolemy.vergil.basic.export.ExportModel -force htm  -openComposites -timeOut 30000 -whiteBackground org/terraswarm/accessor/demo/AugmentedReality/AugmentedReality.xml $PTII/org/terraswarm/accessor/demo/AugmentedReality/AugmentedReality
Warning: not running org/terraswarm/accessor/demo/AugmentedReality/AugmentedReality.xml. See ptolemy/vergil/basic/export/test/junit/ExportModelJUnitTest.java
Exported /home/travis/build/icyphy/ptII/org/terraswarm/accessor/demo/AugmentedReality/AugmentedReality/index.html
3215 ms. Memory: 1888768K Free: 587482K (31%)
####### 62 Sat May 12 02:33:30 UTC 2018 $PTII/bin/ptinvoke ptolemy.vergil.basic.export.ExportModel -force htm -run -openComposites -timeOut 30000 -whiteBackground org/terraswarm/accessor/demo/AugmentedReality/AugmentedRealityFeedback.xml $PTII/org/terraswarm/accessor/demo/AugmentedReality/AugmentedRealityFeedback
JSAccessor: PT_NO_NET environment variable is set, so git pull and ptdoc are not being run.
Running .AugmentedRealityFeedback
Manager.initialize() finished: 11617 ms. Memory: 1807360K Free: 1140843K (63%)
BrowserLauncher: UnsupportedOperation: http://localhost:8089: java.lang.UnsupportedOperationException: The BROWSE action is not supported on the current platform!
ExportHTMLTimer went off after 30000 ms., calling getDirector().finish and getDirector().stopFire()
ExportHTMLTimer went off after 60000 ms., calling manager.stop().
76399 ms. Memory: 1807360K Free: 988499K (55%)
Exported /home/travis/build/icyphy/ptII/org/terraswarm/accessor/demo/AugmentedReality/AugmentedRealityFeedback/index.html
87914 ms. Memory: 1807360K Free: 948526K (52%)
####### 63 Sat May 12 02:34:58 UTC 2018 $PTII/bin/ptinvoke ptolemy.vergil.basic.export.ExportModel -force htm -run -openComposites -timeOut 30000 -whiteBackground org/terraswarm/accessor/demo/AugmentedReality/AugmentedRealityFeedbackBlee.xml $PTII/org/terraswarm/accessor/demo/AugmentedReality/AugmentedRealityFeedbackBlee
Running .AugmentedRealityFeedbackBlee
Mutable: BleeSensorr.js: Could not get $KEYSTORE/brokerHostFile:  ptolemy.kernel.util.IllegalActionException: Failed to read URI: /home/travis/.ptKeystore/brokerHostFile
  in .AugmentedRealityFeedbackBlee.Mutable
Because:
Cannot read file '/home/travis/.ptKeystore/brokerHostFile' or '/home/travis/.ptKeystore/brokerHostFile' (Thread[AWT-EventQueue-0,6,main])
BrowserLauncher: UnsupportedOperation: http://localhost:8089: java.lang.UnsupportedOperationException: The BROWSE action is not supported on the current platform!
ExportHTMLTimer went off after 30000 ms., calling getDirector().finish and getDirector().stopFire()
UserInterface: Connection closed because model is no longer running. (Thread[AWT-EventQueue-0,6,main])
30160 ms. Memory: 1865216K Free: 504551K (27%)
Exported /home/travis/build/icyphy/ptII/org/terraswarm/accessor/demo/AugmentedReality/AugmentedRealityFeedbackBlee/index.html
40793 ms. Memory: 1865216K Free: 459436K (25%)
####### 64 Sat May 12 02:35:39 UTC 2018 $PTII/bin/ptinvoke ptolemy.vergil.basic.export.ExportModel -force htm -run -openComposites -timeOut 30000 -whiteBackground org/terraswarm/accessor/demo/AugmentedReality/AugmentedRealityKeyValueStore.xml $PTII/org/terraswarm/accessor/demo/AugmentedReality/AugmentedRealityKeyValueStore
Running .AugmentedRealityKeyValueStore
Manager.initialize() finished: 11963 ms. Memory: 1666560K Free: 584181K (35%)
KeyValueStore: Making an HTTP request. (Thread[AWT-EventQueue-0,6,main])
BrowserLauncher: UnsupportedOperation: http://localhost:8089: java.lang.UnsupportedOperationException: The BROWSE action is not supported on the current platform!
ExportHTMLTimer went off after 30000 ms., calling getDirector().finish and getDirector().stopFire()
UserInterface: Connection closed because model is no longer running. (Thread[AWT-EventQueue-0,6,main])
30077 ms. Memory: 1782784K Free: 583815K (33%)
Exported /home/travis/build/icyphy/ptII/org/terraswarm/accessor/demo/AugmentedReality/AugmentedRealityKeyValueStore/index.html
39971 ms. Memory: 1751040K Free: 1351539K (77%)
####### 65 Sat May 12 02:36:19 UTC 2018 $PTII/bin/ptinvoke ptolemy.vergil.basic.export.ExportModel -force htm -run -openComposites -timeOut 30000 -whiteBackground org/terraswarm/accessor/demo/AugmentedReality/AugmentedRealityVideo.xml $PTII/org/terraswarm/accessor/demo/AugmentedReality/AugmentedRealityVideo
No physical cameras found, using WebcamDummyDriver.
Running .AugmentedRealityVideo
Manager.initialize() finished: 10513 ms. Memory: 1796096K Free: 515702K (29%)
BrowserLauncher: UnsupportedOperation: http://localhost:8089: java.lang.UnsupportedOperationException: The BROWSE action is not supported on the current platform!
ExportHTMLTimer went off after 30000 ms., calling getDirector().finish and getDirector().stopFire()
UserInterface: Connection closed because model is no longer running. (Thread[AWT-EventQueue-0,6,main])
30107 ms. Memory: 1649664K Free: 952978K (58%)
Exported /home/travis/build/icyphy/ptII/org/terraswarm/accessor/demo/AugmentedReality/AugmentedRealityVideo/index.html
43259 ms. Memory: 1649664K Free: 885018K (54%)
####### 66 Sat May 12 02:37:02 UTC 2018 $PTII/bin/ptinvoke ptolemy.vergil.basic.export.ExportModel -force htm -run -openComposites -timeOut 30000 -whiteBackground org/terraswarm/accessor/demo/AugmentedRealityVideoSOHO/AugmentedRealityVideoSOHO.xml $PTII/org/terraswarm/accessor/demo/AugmentedRealityVideoSOHO/AugmentedRealityVideoSOHO
Running .AugmentedRealityVideoSOHO
Manager.initialize() finished: 11283 ms. Memory: 1984512K Free: 714161K (36%)
BrowserLauncher: UnsupportedOperation: http://localhost:8089: java.lang.UnsupportedOperationException: The BROWSE action is not supported on the current platform!
ExportHTMLTimer went off after 30000 ms., calling getDirector().finish and getDirector().stopFire()
UserInterface: Connection closed because model is no longer running. (Thread[AWT-EventQueue-0,6,main])
30229 ms. Memory: 2121728K Free: 1598641K (75%)
Exported /home/travis/build/icyphy/ptII/org/terraswarm/accessor/demo/AugmentedRealityVideoSOHO/AugmentedRealityVideoSOHO/index.html
40806 ms. Memory: 2121728K Free: 1491611K (70%)
####### 67 Sat May 12 02:37:43 UTC 2018 $PTII/bin/ptinvoke ptolemy.vergil.basic.export.ExportModel -force htm -run -openComposites -timeOut 30000 -whiteBackground org/terraswarm/accessor/demo/AugmentedRealityVideoSOHO/GenerateHueAccessors.xml $PTII/org/terraswarm/accessor/demo/AugmentedRealityVideoSOHO/GenerateHueAccessors
Running .GenerateHueAccessors
GenerateHueAccessors: GenerateHueAccessors: // Copyright (c) 2017 The Regents of the University of California.
// All rights reserved.
//
// Permission is hereby granted, without written agreement and without
// license or royalty fees, to use, copy, modify, and distribute this
// software and its documentation for any purpose, provided that the above
// copyright notice and the following two paragraphs appear in all copies
// of this software.
//
// IN NO EVENT SHALL THE UNIVERSITY OF CALIFORNIA BE LIABLE TO ANY PARTY
// FOR DIRECT, INDIRECT, SPECIAL, INCIDENTAL, OR CONSEQUENTIAL DAMAGES
// ARISING OUT OF THE USE OF THIS SOFTWARE AND ITS DOCUMENTATION, EVEN IF
// THE UNIVERSITY OF CALIFORNIA HAS BEEN ADVISED OF THE POSSIBILITY OF
// SUCH DAMAGE.
//
// THE UNIVERSITY OF CALIFORNIA SPECIFICALLY DISCLAIMS ANY WARRANTIES,
// INCLUDING, BUT NOT LIMITED TO, THE IMPLIED WARRANTIES OF
// MERCHANTABILITY AND FITNESS FOR A PARTICULAR PURPOSE. THE SOFTWARE
// PROVIDED HEREUNDER IS ON AN "AS IS" BASIS, AND THE UNIVERSITY OF
// CALIFORNIA HAS NO OBLIGATION TO PROVIDE MAINTENANCE, SUPPORT, UPDATES,
// ENHANCEMENTS, OR MODIFICATIONS.
//

/** Control a Philips Hue light bulb.
 *
 *  @accessor HueAccessorTemplate
 *  @author Christopher Brooks, based on TemperatureSensor by Edward A. Lee
 *  @input {JSON} commands JSON commands for the Hue, for example,
 *                {"id" : 1, "on" : true, "hue" : 120}
 *  @output data A JSON object.
 *  @version $$Id$$
 */
// Stop extra messages from jslint.  Note that there should be no
// space between the / and the * and global.
/*globals console, error, exports, require */
/*jshint globalstrict: true*/

"use strict";

var handle = null;
exports.setup = function() {       
    this.implement('ControllableSensor');

    this.output('data', {'type' : 'JSON'});
    
    var Hue = this.instantiate('Hue', 'devices/Hue'); 

    /* The GenerateHueAccessors.xml model substitutes in the bridgeIP here.*/
    Hue.setParameter('bridgeIP','192.168.1.221');

    /* The GenerateHueAccessors.xml model substitutes in the userName here.*/
    Hue.setParameter('userName', 'SVmAJELYPPsCJjRqbKMjg0dLgesa6ZmiKt4Bdwaq');

    var codeIn = "\
        exports.setup = function() {\n\
           this.input('in');\n\
           this.output('out');\n\
        }\n\
        exports.initialize = function() {\n\
           var thiz = this;\n\
           this.addInputHandler('in', function() {\n\
               var inValue = thiz.get('in');\n\
               console.log('HueAccessorTemplate.JavaScriptIn: value of in: ' + inValue);\n\
               var util = require('util');\n\
               console.log(util.inspect(inValue));\n\
               console.log('HueAccessorTemplate.JavaScriptIn: inValue.on: ' + inValue.on);\n\
               var on = true;\n\
               if (inValue.on !== 'on') {;\n\
                   on = false; \n\
               };\n\
               inValue = '{ \"id\": \"8\", \"on\": ' + on + '}';\n\
               thiz.send('out', JSON.parse(inValue));\n\
           });\n\
        }";
    var JavaScriptIn = this.instantiateFromCode('JavaScriptIn', codeIn, false);

    var codeOut = "\
        exports.setup = function() {\n\
           this.input('in');\n\
           this.output('out');\n\
        }\n\
        exports.initialize = function() {\n\
           var thiz = this;\n\
           this.addInputHandler('in', function() {\n\
               /* var inValue = thiz.get('in'); */\n\
               /* FIXME: Need to get real data from the Hue. */\n\
               /* var inValue = '{ \"bridgeIP\": \"192.168.1.221\", \"id\": \"8\", \"userName\": \"SVmAJELYPPsCJjRqbKMjg0dLgesa6ZmiKt4Bdwaq\" }';*/\n\
               var inValue = thiz.get('in');\n\
               var idLight = inValue['8'];\n\
               console.log('HueAccessorTemplate.JavaScriptIn: inValue: ' + inValue);\n\
               var util = require('util');\n\
               console.log(util.inspect(inValue));\n\
               console.log('HueAccessorTemplate.JavaScriptIn: idLight: ' + idLight);\n\
               console.log(util.inspect(idLight));\n\
               thiz.send('out', idLight);\n\
           });\n\
        }";

    var JavaScriptOut = this.instantiateFromCode('JavaScriptOut', codeOut, false);
    
    this.connect('control', JavaScriptIn, 'in');
    this.connect(JavaScriptIn, 'out', Hue, 'commands');
    this.connect(Hue, 'lights', JavaScriptOut, 'in');
    this.connect(JavaScriptOut, 'out', 'data');

};

exports.initialize = function() {	
    // At initialize, send the schema;
    this.send('schema', schema);
    // Also send null data.
    this.send('data', null);
};


function sendData() {
    this.send('data', {
	"id": 8,
        "on": onValue,
    });
}

var schema = {
  "type": "object",
  "properties": {
    "on": {
      	"type": "string",
      	"title": "Turn the light on or off",
      	"description": "Turn the light on or off",
      	"choices": ["on", "off"]
    }
  }
};
 (Thread[AWT-EventQueue-0,6,main])
KeyValueStore: Making an HTTP request. (Thread[AWT-EventQueue-0,6,main])
GenerateHueAccessors: GenerateHueAccessors: // Copyright (c) 2017 The Regents of the University of California.
// All rights reserved.
//
// Permission is hereby granted, without written agreement and without
// license or royalty fees, to use, copy, modify, and distribute this
// software and its documentation for any purpose, provided that the above
// copyright notice and the following two paragraphs appear in all copies
// of this software.
//
// IN NO EVENT SHALL THE UNIVERSITY OF CALIFORNIA BE LIABLE TO ANY PARTY
// FOR DIRECT, INDIRECT, SPECIAL, INCIDENTAL, OR CONSEQUENTIAL DAMAGES
// ARISING OUT OF THE USE OF THIS SOFTWARE AND ITS DOCUMENTATION, EVEN IF
// THE UNIVERSITY OF CALIFORNIA HAS BEEN ADVISED OF THE POSSIBILITY OF
// SUCH DAMAGE.
//
// THE UNIVERSITY OF CALIFORNIA SPECIFICALLY DISCLAIMS ANY WARRANTIES,
// INCLUDING, BUT NOT LIMITED TO, THE IMPLIED WARRANTIES OF
// MERCHANTABILITY AND FITNESS FOR A PARTICULAR PURPOSE. THE SOFTWARE
// PROVIDED HEREUNDER IS ON AN "AS IS" BASIS, AND THE UNIVERSITY OF
// CALIFORNIA HAS NO OBLIGATION TO PROVIDE MAINTENANCE, SUPPORT, UPDATES,
// ENHANCEMENTS, OR MODIFICATIONS.
//

/** Control a Philips Hue light bulb.
 *
 *  @accessor HueAccessorTemplate
 *  @author Christopher Brooks, based on TemperatureSensor by Edward A. Lee
 *  @input {JSON} commands JSON commands for the Hue, for example,
 *                {"id" : 1, "on" : true, "hue" : 120}
 *  @output data A JSON object.
 *  @version $$Id$$
 */
// Stop extra messages from jslint.  Note that there should be no
// space between the / and the * and global.
/*globals console, error, exports, require */
/*jshint globalstrict: true*/

"use strict";

var handle = null;
exports.setup = function() {       
    this.implement('ControllableSensor');

    this.output('data', {'type' : 'JSON'});
    
    var Hue = this.instantiate('Hue', 'devices/Hue'); 

    /* The GenerateHueAccessors.xml model substitutes in the bridgeIP here.*/
    Hue.setParameter('bridgeIP','192.168.1.221');

    /* The GenerateHueAccessors.xml model substitutes in the userName here.*/
    Hue.setParameter('userName', 'SVmAJELYPPsCJjRqbKMjg0dLgesa6ZmiKt4Bdwaq');

    var codeIn = "\
        exports.setup = function() {\n\
           this.input('in');\n\
           this.output('out');\n\
        }\n\
        exports.initialize = function() {\n\
           var thiz = this;\n\
           this.addInputHandler('in', function() {\n\
               var inValue = thiz.get('in');\n\
               console.log('HueAccessorTemplate.JavaScriptIn: value of in: ' + inValue);\n\
               var util = require('util');\n\
               console.log(util.inspect(inValue));\n\
               console.log('HueAccessorTemplate.JavaScriptIn: inValue.on: ' + inValue.on);\n\
               var on = true;\n\
               if (inValue.on !== 'on') {;\n\
                   on = false; \n\
               };\n\
               inValue = '{ \"id\": \"4\", \"on\": ' + on + '}';\n\
               thiz.send('out', JSON.parse(inValue));\n\
           });\n\
        }";
    var JavaScriptIn = this.instantiateFromCode('JavaScriptIn', codeIn, false);

    var codeOut = "\
        exports.setup = function() {\n\
           this.input('in');\n\
           this.output('out');\n\
        }\n\
        exports.initialize = function() {\n\
           var thiz = this;\n\
           this.addInputHandler('in', function() {\n\
               /* var inValue = thiz.get('in'); */\n\
               /* FIXME: Need to get real data from the Hue. */\n\
               /* var inValue = '{ \"bridgeIP\": \"192.168.1.221\", \"id\": \"4\", \"userName\": \"SVmAJELYPPsCJjRqbKMjg0dLgesa6ZmiKt4Bdwaq\" }';*/\n\
               var inValue = thiz.get('in');\n\
               var idLight = inValue['4'];\n\
               console.log('HueAccessorTemplate.JavaScriptIn: inValue: ' + inValue);\n\
               var util = require('util');\n\
               console.log(util.inspect(inValue));\n\
               console.log('HueAccessorTemplate.JavaScriptIn: idLight: ' + idLight);\n\
               console.log(util.inspect(idLight));\n\
               thiz.send('out', idLight);\n\
           });\n\
        }";

    var JavaScriptOut = this.instantiateFromCode('JavaScriptOut', codeOut, false);
    
    this.connect('control', JavaScriptIn, 'in');
    this.connect(JavaScriptIn, 'out', Hue, 'commands');
    this.connect(Hue, 'lights', JavaScriptOut, 'in');
    this.connect(JavaScriptOut, 'out', 'data');

};

exports.initialize = function() {	
    // At initialize, send the schema;
    this.send('schema', schema);
    // Also send null data.
    this.send('data', null);
};


function sendData() {
    this.send('data', {
	"id": 4,
        "on": onValue,
    });
}

var schema = {
  "type": "object",
  "properties": {
    "on": {
      	"type": "string",
      	"title": "Turn the light on or off",
      	"description": "Turn the light on or off",
      	"choices": ["on", "off"]
    }
  }
};
 (Thread[AWT-EventQueue-0,6,main])
KeyValueStore: Making an HTTP request. (Thread[AWT-EventQueue-0,6,main])
GenerateHueAccessors: GenerateHueAccessors: // Copyright (c) 2017 The Regents of the University of California.
// All rights reserved.
//
// Permission is hereby granted, without written agreement and without
// license or royalty fees, to use, copy, modify, and distribute this
// software and its documentation for any purpose, provided that the above
// copyright notice and the following two paragraphs appear in all copies
// of this software.
//
// IN NO EVENT SHALL THE UNIVERSITY OF CALIFORNIA BE LIABLE TO ANY PARTY
// FOR DIRECT, INDIRECT, SPECIAL, INCIDENTAL, OR CONSEQUENTIAL DAMAGES
// ARISING OUT OF THE USE OF THIS SOFTWARE AND ITS DOCUMENTATION, EVEN IF
// THE UNIVERSITY OF CALIFORNIA HAS BEEN ADVISED OF THE POSSIBILITY OF
// SUCH DAMAGE.
//
// THE UNIVERSITY OF CALIFORNIA SPECIFICALLY DISCLAIMS ANY WARRANTIES,
// INCLUDING, BUT NOT LIMITED TO, THE IMPLIED WARRANTIES OF
// MERCHANTABILITY AND FITNESS FOR A PARTICULAR PURPOSE. THE SOFTWARE
// PROVIDED HEREUNDER IS ON AN "AS IS" BASIS, AND THE UNIVERSITY OF
// CALIFORNIA HAS NO OBLIGATION TO PROVIDE MAINTENANCE, SUPPORT, UPDATES,
// ENHANCEMENTS, OR MODIFICATIONS.
//

/** Control a Philips Hue light bulb.
 *
 *  @accessor HueAccessorTemplate
 *  @author Christopher Brooks, based on TemperatureSensor by Edward A. Lee
 *  @input {JSON} commands JSON commands for the Hue, for example,
 *                {"id" : 1, "on" : true, "hue" : 120}
 *  @output data A JSON object.
 *  @version $$Id$$
 */
// Stop extra messages from jslint.  Note that there should be no
// space between the / and the * and global.
/*globals console, error, exports, require */
/*jshint globalstrict: true*/

"use strict";

var handle = null;
exports.setup = function() {       
    this.implement('ControllableSensor');

    this.output('data', {'type' : 'JSON'});
    
    var Hue = this.instantiate('Hue', 'devices/Hue'); 

    /* The GenerateHueAccessors.xml model substitutes in the bridgeIP here.*/
    Hue.setParameter('bridgeIP','192.168.1.221');

    /* The GenerateHueAccessors.xml model substitutes in the userName here.*/
    Hue.setParameter('userName', 'SVmAJELYPPsCJjRqbKMjg0dLgesa6ZmiKt4Bdwaq');

    var codeIn = "\
        exports.setup = function() {\n\
           this.input('in');\n\
           this.output('out');\n\
        }\n\
        exports.initialize = function() {\n\
           var thiz = this;\n\
           this.addInputHandler('in', function() {\n\
               var inValue = thiz.get('in');\n\
               console.log('HueAccessorTemplate.JavaScriptIn: value of in: ' + inValue);\n\
               var util = require('util');\n\
               console.log(util.inspect(inValue));\n\
               console.log('HueAccessorTemplate.JavaScriptIn: inValue.on: ' + inValue.on);\n\
               var on = true;\n\
               if (inValue.on !== 'on') {;\n\
                   on = false; \n\
               };\n\
               inValue = '{ \"id\": \"5\", \"on\": ' + on + '}';\n\
               thiz.send('out', JSON.parse(inValue));\n\
           });\n\
        }";
    var JavaScriptIn = this.instantiateFromCode('JavaScriptIn', codeIn, false);

    var codeOut = "\
        exports.setup = function() {\n\
           this.input('in');\n\
           this.output('out');\n\
        }\n\
        exports.initialize = function() {\n\
           var thiz = this;\n\
           this.addInputHandler('in', function() {\n\
               /* var inValue = thiz.get('in'); */\n\
               /* FIXME: Need to get real data from the Hue. */\n\
               /* var inValue = '{ \"bridgeIP\": \"192.168.1.221\", \"id\": \"5\", \"userName\": \"SVmAJELYPPsCJjRqbKMjg0dLgesa6ZmiKt4Bdwaq\" }';*/\n\
               var inValue = thiz.get('in');\n\
               var idLight = inValue['5'];\n\
               console.log('HueAccessorTemplate.JavaScriptIn: inValue: ' + inValue);\n\
               var util = require('util');\n\
               console.log(util.inspect(inValue));\n\
               console.log('HueAccessorTemplate.JavaScriptIn: idLight: ' + idLight);\n\
               console.log(util.inspect(idLight));\n\
               thiz.send('out', idLight);\n\
           });\n\
        }";

    var JavaScriptOut = this.instantiateFromCode('JavaScriptOut', codeOut, false);
    
    this.connect('control', JavaScriptIn, 'in');
    this.connect(JavaScriptIn, 'out', Hue, 'commands');
    this.connect(Hue, 'lights', JavaScriptOut, 'in');
    this.connect(JavaScriptOut, 'out', 'data');

};

exports.initialize = function() {	
    // At initialize, send the schema;
    this.send('schema', schema);
    // Also send null data.
    this.send('data', null);
};


function sendData() {
    this.send('data', {
	"id": 5,
        "on": onValue,
    });
}

var schema = {
  "type": "object",
  "properties": {
    "on": {
      	"type": "string",
      	"title": "Turn the light on or off",
      	"description": "Turn the light on or off",
      	"choices": ["on", "off"]
    }
  }
};
 (Thread[AWT-EventQueue-0,6,main])
KeyValueStore: Making an HTTP request. (Thread[AWT-EventQueue-0,6,main])
GenerateHueAccessors: GenerateHueAccessors: // Copyright (c) 2017 The Regents of the University of California.
// All rights reserved.
//
// Permission is hereby granted, without written agreement and without
// license or royalty fees, to use, copy, modify, and distribute this
// software and its documentation for any purpose, provided that the above
// copyright notice and the following two paragraphs appear in all copies
// of this software.
//
// IN NO EVENT SHALL THE UNIVERSITY OF CALIFORNIA BE LIABLE TO ANY PARTY
// FOR DIRECT, INDIRECT, SPECIAL, INCIDENTAL, OR CONSEQUENTIAL DAMAGES
// ARISING OUT OF THE USE OF THIS SOFTWARE AND ITS DOCUMENTATION, EVEN IF
// THE UNIVERSITY OF CALIFORNIA HAS BEEN ADVISED OF THE POSSIBILITY OF
// SUCH DAMAGE.
//
// THE UNIVERSITY OF CALIFORNIA SPECIFICALLY DISCLAIMS ANY WARRANTIES,
// INCLUDING, BUT NOT LIMITED TO, THE IMPLIED WARRANTIES OF
// MERCHANTABILITY AND FITNESS FOR A PARTICULAR PURPOSE. THE SOFTWARE
// PROVIDED HEREUNDER IS ON AN "AS IS" BASIS, AND THE UNIVERSITY OF
// CALIFORNIA HAS NO OBLIGATION TO PROVIDE MAINTENANCE, SUPPORT, UPDATES,
// ENHANCEMENTS, OR MODIFICATIONS.
//

/** Control a Philips Hue light bulb.
 *
 *  @accessor HueAccessorTemplate
 *  @author Christopher Brooks, based on TemperatureSensor by Edward A. Lee
 *  @input {JSON} commands JSON commands for the Hue, for example,
 *                {"id" : 1, "on" : true, "hue" : 120}
 *  @output data A JSON object.
 *  @version $$Id$$
 */
// Stop extra messages from jslint.  Note that there should be no
// space between the / and the * and global.
/*globals console, error, exports, require */
/*jshint globalstrict: true*/

"use strict";

var handle = null;
exports.setup = function() {       
    this.implement('ControllableSensor');

    this.output('data', {'type' : 'JSON'});
    
    var Hue = this.instantiate('Hue', 'devices/Hue'); 

    /* The GenerateHueAccessors.xml model substitutes in the bridgeIP here.*/
    Hue.setParameter('bridgeIP','192.168.1.221');

    /* The GenerateHueAccessors.xml model substitutes in the userName here.*/
    Hue.setParameter('userName', 'SVmAJELYPPsCJjRqbKMjg0dLgesa6ZmiKt4Bdwaq');

    var codeIn = "\
        exports.setup = function() {\n\
           this.input('in');\n\
           this.output('out');\n\
        }\n\
        exports.initialize = function() {\n\
           var thiz = this;\n\
           this.addInputHandler('in', function() {\n\
               var inValue = thiz.get('in');\n\
               console.log('HueAccessorTemplate.JavaScriptIn: value of in: ' + inValue);\n\
               var util = require('util');\n\
               console.log(util.inspect(inValue));\n\
               console.log('HueAccessorTemplate.JavaScriptIn: inValue.on: ' + inValue.on);\n\
               var on = true;\n\
               if (inValue.on !== 'on') {;\n\
                   on = false; \n\
               };\n\
               inValue = '{ \"id\": \"6\", \"on\": ' + on + '}';\n\
               thiz.send('out', JSON.parse(inValue));\n\
           });\n\
        }";
    var JavaScriptIn = this.instantiateFromCode('JavaScriptIn', codeIn, false);

    var codeOut = "\
        exports.setup = function() {\n\
           this.input('in');\n\
           this.output('out');\n\
        }\n\
        exports.initialize = function() {\n\
           var thiz = this;\n\
           this.addInputHandler('in', function() {\n\
               /* var inValue = thiz.get('in'); */\n\
               /* FIXME: Need to get real data from the Hue. */\n\
               /* var inValue = '{ \"bridgeIP\": \"192.168.1.221\", \"id\": \"6\", \"userName\": \"SVmAJELYPPsCJjRqbKMjg0dLgesa6ZmiKt4Bdwaq\" }';*/\n\
               var inValue = thiz.get('in');\n\
               var idLight = inValue['6'];\n\
               console.log('HueAccessorTemplate.JavaScriptIn: inValue: ' + inValue);\n\
               var util = require('util');\n\
               console.log(util.inspect(inValue));\n\
               console.log('HueAccessorTemplate.JavaScriptIn: idLight: ' + idLight);\n\
               console.log(util.inspect(idLight));\n\
               thiz.send('out', idLight);\n\
           });\n\
        }";

    var JavaScriptOut = this.instantiateFromCode('JavaScriptOut', codeOut, false);
    
    this.connect('control', JavaScriptIn, 'in');
    this.connect(JavaScriptIn, 'out', Hue, 'commands');
    this.connect(Hue, 'lights', JavaScriptOut, 'in');
    this.connect(JavaScriptOut, 'out', 'data');

};

exports.initialize = function() {	
    // At initialize, send the schema;
    this.send('schema', schema);
    // Also send null data.
    this.send('data', null);
};


function sendData() {
    this.send('data', {
	"id": 6,
        "on": onValue,
    });
}

var schema = {
  "type": "object",
  "properties": {
    "on": {
      	"type": "string",
      	"title": "Turn the light on or off",
      	"description": "Turn the light on or off",
      	"choices": ["on", "off"]
    }
  }
};
 (Thread[AWT-EventQueue-0,6,main])
KeyValueStore: Making an HTTP request. (Thread[AWT-EventQueue-0,6,main])
GenerateHueAccessors: GenerateHueAccessors: // Copyright (c) 2017 The Regents of the University of California.
// All rights reserved.
//
// Permission is hereby granted, without written agreement and without
// license or royalty fees, to use, copy, modify, and distribute this
// software and its documentation for any purpose, provided that the above
// copyright notice and the following two paragraphs appear in all copies
// of this software.
//
// IN NO EVENT SHALL THE UNIVERSITY OF CALIFORNIA BE LIABLE TO ANY PARTY
// FOR DIRECT, INDIRECT, SPECIAL, INCIDENTAL, OR CONSEQUENTIAL DAMAGES
// ARISING OUT OF THE USE OF THIS SOFTWARE AND ITS DOCUMENTATION, EVEN IF
// THE UNIVERSITY OF CALIFORNIA HAS BEEN ADVISED OF THE POSSIBILITY OF
// SUCH DAMAGE.
//
// THE UNIVERSITY OF CALIFORNIA SPECIFICALLY DISCLAIMS ANY WARRANTIES,
// INCLUDING, BUT NOT LIMITED TO, THE IMPLIED WARRANTIES OF
// MERCHANTABILITY AND FITNESS FOR A PARTICULAR PURPOSE. THE SOFTWARE
// PROVIDED HEREUNDER IS ON AN "AS IS" BASIS, AND THE UNIVERSITY OF
// CALIFORNIA HAS NO OBLIGATION TO PROVIDE MAINTENANCE, SUPPORT, UPDATES,
// ENHANCEMENTS, OR MODIFICATIONS.
//

/** Control a Philips Hue light bulb.
 *
 *  @accessor HueAccessorTemplate
 *  @author Christopher Brooks, based on TemperatureSensor by Edward A. Lee
 *  @input {JSON} commands JSON commands for the Hue, for example,
 *                {"id" : 1, "on" : true, "hue" : 120}
 *  @output data A JSON object.
 *  @version $$Id$$
 */
// Stop extra messages from jslint.  Note that there should be no
// space between the / and the * and global.
/*globals console, error, exports, require */
/*jshint globalstrict: true*/

"use strict";

var handle = null;
exports.setup = function() {       
    this.implement('ControllableSensor');

    this.output('data', {'type' : 'JSON'});
    
    var Hue = this.instantiate('Hue', 'devices/Hue'); 

    /* The GenerateHueAccessors.xml model substitutes in the bridgeIP here.*/
    Hue.setParameter('bridgeIP','192.168.1.221');

    /* The GenerateHueAccessors.xml model substitutes in the userName here.*/
    Hue.setParameter('userName', 'SVmAJELYPPsCJjRqbKMjg0dLgesa6ZmiKt4Bdwaq');

    var codeIn = "\
        exports.setup = function() {\n\
           this.input('in');\n\
           this.output('out');\n\
        }\n\
        exports.initialize = function() {\n\
           var thiz = this;\n\
           this.addInputHandler('in', function() {\n\
               var inValue = thiz.get('in');\n\
               console.log('HueAccessorTemplate.JavaScriptIn: value of in: ' + inValue);\n\
               var util = require('util');\n\
               console.log(util.inspect(inValue));\n\
               console.log('HueAccessorTemplate.JavaScriptIn: inValue.on: ' + inValue.on);\n\
               var on = true;\n\
               if (inValue.on !== 'on') {;\n\
                   on = false; \n\
               };\n\
               inValue = '{ \"id\": \"7\", \"on\": ' + on + '}';\n\
               thiz.send('out', JSON.parse(inValue));\n\
           });\n\
        }";
    var JavaScriptIn = this.instantiateFromCode('JavaScriptIn', codeIn, false);

    var codeOut = "\
        exports.setup = function() {\n\
           this.input('in');\n\
           this.output('out');\n\
        }\n\
        exports.initialize = function() {\n\
           var thiz = this;\n\
           this.addInputHandler('in', function() {\n\
               /* var inValue = thiz.get('in'); */\n\
               /* FIXME: Need to get real data from the Hue. */\n\
               /* var inValue = '{ \"bridgeIP\": \"192.168.1.221\", \"id\": \"7\", \"userName\": \"SVmAJELYPPsCJjRqbKMjg0dLgesa6ZmiKt4Bdwaq\" }';*/\n\
               var inValue = thiz.get('in');\n\
               var idLight = inValue['7'];\n\
               console.log('HueAccessorTemplate.JavaScriptIn: inValue: ' + inValue);\n\
               var util = require('util');\n\
               console.log(util.inspect(inValue));\n\
               console.log('HueAccessorTemplate.JavaScriptIn: idLight: ' + idLight);\n\
               console.log(util.inspect(idLight));\n\
               thiz.send('out', idLight);\n\
           });\n\
        }";

    var JavaScriptOut = this.instantiateFromCode('JavaScriptOut', codeOut, false);
    
    this.connect('control', JavaScriptIn, 'in');
    this.connect(JavaScriptIn, 'out', Hue, 'commands');
    this.connect(Hue, 'lights', JavaScriptOut, 'in');
    this.connect(JavaScriptOut, 'out', 'data');

};

exports.initialize = function() {	
    // At initialize, send the schema;
    this.send('schema', schema);
    // Also send null data.
    this.send('data', null);
};


function sendData() {
    this.send('data', {
	"id": 7,
        "on": onValue,
    });
}

var schema = {
  "type": "object",
  "properties": {
    "on": {
      	"type": "string",
      	"title": "Turn the light on or off",
      	"description": "Turn the light on or off",
      	"choices": ["on", "off"]
    }
  }
};
 (Thread[AWT-EventQueue-0,6,main])
KeyValueStore: Making an HTTP request. (Thread[AWT-EventQueue-0,6,main])
8859 ms. Memory: 2121728K Free: 687980K (32%)
Exported /home/travis/build/icyphy/ptII/org/terraswarm/accessor/demo/AugmentedRealityVideoSOHO/GenerateHueAccessors/index.html
14870 ms. Memory: 2121728K Free: 645477K (30%)
####### 68 Sat May 12 02:37:58 UTC 2018 $PTII/bin/ptinvoke ptolemy.vergil.basic.export.ExportModel -force htm -run -openComposites -timeOut 30000 -whiteBackground org/terraswarm/accessor/demo/AugmentedRealityVideoSOHO/GenerateLifxAccessors.xml $PTII/org/terraswarm/accessor/demo/AugmentedRealityVideoSOHO/GenerateLifxAccessors
Running .GenerateLifxAccessors
GenerateLifxAccessors: Start discovery: Broadcast at 255.255.255.255:56700... undefined (Thread[vert.x-eventloop-thread-1,6,main])
GenerateLifxAccessors: bind success (Thread[AWT-EventQueue-0,6,main])
GenerateLifxAccessors: listening: true (Thread[AWT-EventQueue-0,6,main])
9493 ms. Memory: 2123264K Free: 654923K (31%)
Exported /home/travis/build/icyphy/ptII/org/terraswarm/accessor/demo/AugmentedRealityVideoSOHO/GenerateLifxAccessors/index.html
16292 ms. Memory: 2123264K Free: 605727K (29%)
####### 69 Sat May 12 02:38:14 UTC 2018 $PTII/bin/ptinvoke ptolemy.vergil.basic.export.ExportModel -force htm -run -openComposites -timeOut 30000 -whiteBackground org/terraswarm/accessor/demo/AugmentedRealityVideoSOHO/GenerateMQTTAccessors.xml $PTII/org/terraswarm/accessor/demo/AugmentedRealityVideoSOHO/GenerateMQTTAccessors
Running .GenerateMQTTAccessors
GenerateBleeAccessors: GenerateBleeAccessors: "use strict";

exports.setup = function() {	
    this.output('data', {'type' : 'JSON'});
    
    var MQTTSubscriber = this.instantiate('MQTTSubscriber', 'net/MQTTSubscriber'); 
    MQTTSubscriber.input('subscribe', {
	/* 'value':'#'*/
    /* The GenerateBleeAccessors.xml model substitutes in the topic here.*/
        'value': 'device/BLEES/c098e53000b4'
    });
    
    /* The GenerateBleeAccessors.xml model substitutes in the BrokerHost here.*/
    var brokerHost = '192.168.1.200';

    /* Hint: Use the lab11 Summon app to find local SwarmBoxes with BLE. */
    MQTTSubscriber.setParameter('brokerHost', brokerHost);

    var code = "\
	exports.setup = function() {\n\
	    this.input('in');\n\
	    this.output('out');\n\
    }\n\
    exports.initialize = function() {\n\
	    var thiz = this;\n\
	    this.addInputHandler('in', function() {\n\
	    	var inValue = thiz.get('in');\n\
	        console.log('MQTTAccessor:' + inValue);\n\
		    thiz.send('out', JSON.parse(inValue));\n\
	    });\n\
    }";
    var JavaScript = this.instantiateFromCode('JavaScript', code, false);

    this.connect(JavaScript, 'out', 'data');
    this.connect(MQTTSubscriber, 'received', JavaScript, 'in');
};
 (Thread[AWT-EventQueue-0,6,main])
KeyValueStore: Making an HTTP request. (Thread[AWT-EventQueue-0,6,main])
GenerateBleeAccessors: GenerateBleeAccessors: "use strict";

exports.setup = function() {	
    this.output('data', {'type' : 'JSON'});
    
    var MQTTSubscriber = this.instantiate('MQTTSubscriber', 'net/MQTTSubscriber'); 
    MQTTSubscriber.input('subscribe', {
	/* 'value':'#'*/
    /* The GenerateBleeAccessors.xml model substitutes in the topic here.*/
        'value': 'device/BLEES/c098e530005b'
    });
    
    /* The GenerateBleeAccessors.xml model substitutes in the BrokerHost here.*/
    var brokerHost = '192.168.1.200';

    /* Hint: Use the lab11 Summon app to find local SwarmBoxes with BLE. */
    MQTTSubscriber.setParameter('brokerHost', brokerHost);

    var code = "\
	exports.setup = function() {\n\
	    this.input('in');\n\
	    this.output('out');\n\
    }\n\
    exports.initialize = function() {\n\
	    var thiz = this;\n\
	    this.addInputHandler('in', function() {\n\
	    	var inValue = thiz.get('in');\n\
	        console.log('MQTTAccessor:' + inValue);\n\
		    thiz.send('out', JSON.parse(inValue));\n\
	    });\n\
    }";
    var JavaScript = this.instantiateFromCode('JavaScript', code, false);

    this.connect(JavaScript, 'out', 'data');
    this.connect(MQTTSubscriber, 'received', JavaScript, 'in');
};
 (Thread[AWT-EventQueue-0,6,main])
KeyValueStore: Making an HTTP request. (Thread[AWT-EventQueue-0,6,main])
GenerateBleeAccessors: GenerateBleeAccessors: "use strict";

exports.setup = function() {	
    this.output('data', {'type' : 'JSON'});
    
    var MQTTSubscriber = this.instantiate('MQTTSubscriber', 'net/MQTTSubscriber'); 
    MQTTSubscriber.input('subscribe', {
	/* 'value':'#'*/
    /* The GenerateBleeAccessors.xml model substitutes in the topic here.*/
        'value': 'device/PowerBlade/c098e570021e'
    });
    
    /* The GenerateBleeAccessors.xml model substitutes in the BrokerHost here.*/
    var brokerHost = '192.168.1.200';

    /* Hint: Use the lab11 Summon app to find local SwarmBoxes with BLE. */
    MQTTSubscriber.setParameter('brokerHost', brokerHost);

    var code = "\
	exports.setup = function() {\n\
	    this.input('in');\n\
	    this.output('out');\n\
    }\n\
    exports.initialize = function() {\n\
	    var thiz = this;\n\
	    this.addInputHandler('in', function() {\n\
	    	var inValue = thiz.get('in');\n\
	        console.log('MQTTAccessor:' + inValue);\n\
		    thiz.send('out', JSON.parse(inValue));\n\
	    });\n\
    }";
    var JavaScript = this.instantiateFromCode('JavaScript', code, false);

    this.connect(JavaScript, 'out', 'data');
    this.connect(MQTTSubscriber, 'received', JavaScript, 'in');
};
 (Thread[AWT-EventQueue-0,6,main])
KeyValueStore: Making an HTTP request. (Thread[AWT-EventQueue-0,6,main])
GenerateBleeAccessors: GenerateBleeAccessors: "use strict";

exports.setup = function() {	
    this.output('data', {'type' : 'JSON'});
    
    var MQTTSubscriber = this.instantiate('MQTTSubscriber', 'net/MQTTSubscriber'); 
    MQTTSubscriber.input('subscribe', {
	/* 'value':'#'*/
    /* The GenerateBleeAccessors.xml model substitutes in the topic here.*/
        'value': 'device/PowerBlade/c098e570020b'
    });
    
    /* The GenerateBleeAccessors.xml model substitutes in the BrokerHost here.*/
    var brokerHost = '192.168.1.200';

    /* Hint: Use the lab11 Summon app to find local SwarmBoxes with BLE. */
    MQTTSubscriber.setParameter('brokerHost', brokerHost);

    var code = "\
	exports.setup = function() {\n\
	    this.input('in');\n\
	    this.output('out');\n\
    }\n\
    exports.initialize = function() {\n\
	    var thiz = this;\n\
	    this.addInputHandler('in', function() {\n\
	    	var inValue = thiz.get('in');\n\
	        console.log('MQTTAccessor:' + inValue);\n\
		    thiz.send('out', JSON.parse(inValue));\n\
	    });\n\
    }";
    var JavaScript = this.instantiateFromCode('JavaScript', code, false);

    this.connect(JavaScript, 'out', 'data');
    this.connect(MQTTSubscriber, 'received', JavaScript, 'in');
};
 (Thread[AWT-EventQueue-0,6,main])
KeyValueStore: Making an HTTP request. (Thread[AWT-EventQueue-0,6,main])
GenerateBleeAccessors: GenerateBleeAccessors: "use strict";

exports.setup = function() {	
    this.output('data', {'type' : 'JSON'});
    
    var MQTTSubscriber = this.instantiate('MQTTSubscriber', 'net/MQTTSubscriber'); 
    MQTTSubscriber.input('subscribe', {
	/* 'value':'#'*/
    /* The GenerateBleeAccessors.xml model substitutes in the topic here.*/
        'value': 'device/PowerBlade/c098e570023e'
    });
    
    /* The GenerateBleeAccessors.xml model substitutes in the BrokerHost here.*/
    var brokerHost = '192.168.1.200';

    /* Hint: Use the lab11 Summon app to find local SwarmBoxes with BLE. */
    MQTTSubscriber.setParameter('brokerHost', brokerHost);

    var code = "\
	exports.setup = function() {\n\
	    this.input('in');\n\
	    this.output('out');\n\
    }\n\
    exports.initialize = function() {\n\
	    var thiz = this;\n\
	    this.addInputHandler('in', function() {\n\
	    	var inValue = thiz.get('in');\n\
	        console.log('MQTTAccessor:' + inValue);\n\
		    thiz.send('out', JSON.parse(inValue));\n\
	    });\n\
    }";
    var JavaScript = this.instantiateFromCode('JavaScript', code, false);

    this.connect(JavaScript, 'out', 'data');
    this.connect(MQTTSubscriber, 'received', JavaScript, 'in');
};
 (Thread[AWT-EventQueue-0,6,main])
KeyValueStore: Making an HTTP request. (Thread[AWT-EventQueue-0,6,main])
GenerateBleeAccessors: GenerateBleeAccessors: "use strict";

exports.setup = function() {	
    this.output('data', {'type' : 'JSON'});
    
    var MQTTSubscriber = this.instantiate('MQTTSubscriber', 'net/MQTTSubscriber'); 
    MQTTSubscriber.input('subscribe', {
	/* 'value':'#'*/
    /* The GenerateBleeAccessors.xml model substitutes in the topic here.*/
        'value': 'device/PowerBlade/c098e570023a'
    });
    
    /* The GenerateBleeAccessors.xml model substitutes in the BrokerHost here.*/
    var brokerHost = '192.168.1.200';

    /* Hint: Use the lab11 Summon app to find local SwarmBoxes with BLE. */
    MQTTSubscriber.setParameter('brokerHost', brokerHost);

    var code = "\
	exports.setup = function() {\n\
	    this.input('in');\n\
	    this.output('out');\n\
    }\n\
    exports.initialize = function() {\n\
	    var thiz = this;\n\
	    this.addInputHandler('in', function() {\n\
	    	var inValue = thiz.get('in');\n\
	        console.log('MQTTAccessor:' + inValue);\n\
		    thiz.send('out', JSON.parse(inValue));\n\
	    });\n\
    }";
    var JavaScript = this.instantiateFromCode('JavaScript', code, false);

    this.connect(JavaScript, 'out', 'data');
    this.connect(MQTTSubscriber, 'received', JavaScript, 'in');
};
 (Thread[AWT-EventQueue-0,6,main])
KeyValueStore: Making an HTTP request. (Thread[AWT-EventQueue-0,6,main])
10813 ms. Memory: 2121216K Free: 913112K (43%)
Exported /home/travis/build/icyphy/ptII/org/terraswarm/accessor/demo/AugmentedRealityVideoSOHO/GenerateMQTTAccessors/index.html
16808 ms. Memory: 2121216K Free: 873190K (41%)
####### 70 Sat May 12 02:38:31 UTC 2018 $PTII/bin/ptinvoke ptolemy.vergil.basic.export.ExportModel -force htm -run -openComposites -timeOut 30000 -whiteBackground org/terraswarm/accessor/demo/AugmentedRealityVideoSOHO/KeyValueStoreServerSOHO.xml $PTII/org/terraswarm/accessor/demo/AugmentedRealityVideoSOHO/KeyValueStoreServerSOHO
Running .KeyValueStoreServerSOHO
WebServer: WebServer: Creating new server. (Thread[AWT-EventQueue-0,6,main])
WebServer: WebServer: Listening for requests. (Thread[vert.x-eventloop-thread-1,6,main])
ExportHTMLTimer went off after 30000 ms., calling getDirector().finish and getDirector().stopFire()
WebServer: WebServer: Stopping the server. (Thread[AWT-EventQueue-0,6,main])
30119 ms. Memory: 1990656K Free: 687554K (35%)
Exported /home/travis/build/icyphy/ptII/org/terraswarm/accessor/demo/AugmentedRealityVideoSOHO/KeyValueStoreServerSOHO/index.html
39964 ms. Memory: 1990656K Free: 640792K (32%)
####### 71 Sat May 12 02:39:11 UTC 2018 $PTII/bin/ptinvoke ptolemy.vergil.basic.export.ExportModel -force htm -run -openComposites -timeOut 30000 -whiteBackground org/terraswarm/accessor/demo/AugmentedRealityVideoSOHO/SoundServerSOHO.xml $PTII/org/terraswarm/accessor/demo/AugmentedRealityVideoSOHO/SoundServerSOHO
Running .SoundServerSOHO
KeyValueStore: Making an HTTP request. (Thread[AWT-EventQueue-0,6,main])
ExportHTMLTimer went off after 30000 ms., calling getDirector().finish and getDirector().stopFire()
30087 ms. Memory: 1762816K Free: 229552K (13%)
Exported /home/travis/build/icyphy/ptII/org/terraswarm/accessor/demo/AugmentedRealityVideoSOHO/SoundServerSOHO/index.html
39673 ms. Memory: 1762816K Free: 183769K (10%)
####### 72 Sat May 12 02:39:50 UTC 2018 $PTII/bin/ptinvoke ptolemy.vergil.basic.export.ExportModel -force htm -run -openComposites -timeOut 30000 -whiteBackground org/terraswarm/accessor/demo/AugmentedRealityVideoTerra/AugmentedRealityVideoTerra.xml $PTII/org/terraswarm/accessor/demo/AugmentedRealityVideoTerra/AugmentedRealityVideoTerra
Running .AugmentedRealityVideoTerra
Manager.initialize() finished: 14753 ms. Memory: 1989120K Free: 842968K (42%)
BrowserLauncher: UnsupportedOperation: http://localhost:8089: java.lang.UnsupportedOperationException: The BROWSE action is not supported on the current platform!
ExportHTMLTimer went off after 30000 ms., calling getDirector().finish and getDirector().stopFire()
UserInterface: Connection closed because model is no longer running. (Thread[AWT-EventQueue-0,6,main])
30174 ms. Memory: 2172416K Free: 754224K (35%)
Exported /home/travis/build/icyphy/ptII/org/terraswarm/accessor/demo/AugmentedRealityVideoTerra/AugmentedRealityVideoTerra/index.html
44534 ms. Memory: 2168832K Free: 1572078K (72%)
####### 73 Sat May 12 02:40:35 UTC 2018 $PTII/bin/ptinvoke ptolemy.vergil.basic.export.ExportModel -force htm -run -openComposites -timeOut 30000 -whiteBackground org/terraswarm/accessor/demo/AugmentedRealityVideoTerra/SoundServerTerra.xml $PTII/org/terraswarm/accessor/demo/AugmentedRealityVideoTerra/SoundServerTerra
Running .SoundServerTerra
KeyValueStore: Making an HTTP request. (Thread[AWT-EventQueue-0,6,main])
ExportHTMLTimer went off after 30000 ms., calling getDirector().finish and getDirector().stopFire()
30086 ms. Memory: 2189312K Free: 1228936K (56%)
Exported /home/travis/build/icyphy/ptII/org/terraswarm/accessor/demo/AugmentedRealityVideoTerra/SoundServerTerra/index.html
40190 ms. Memory: 2189312K Free: 1180014K (54%)
####### 74 Sat May 12 02:41:15 UTC 2018 $PTII/bin/ptinvoke ptolemy.vergil.basic.export.ExportModel -force htm  -openComposites -timeOut 30000 -whiteBackground org/terraswarm/accessor/demo/Hue/Hue.xml $PTII/org/terraswarm/accessor/demo/Hue/Hue
Warning: not running org/terraswarm/accessor/demo/Hue/Hue.xml. See ptolemy/vergil/basic/export/test/junit/ExportModelJUnitTest.java
Exported /home/travis/build/icyphy/ptII/org/terraswarm/accessor/demo/Hue/Hue/index.html
3157 ms. Memory: 2189312K Free: 1059200K (48%)
####### 75 Sat May 12 02:41:18 UTC 2018 $PTII/bin/ptinvoke ptolemy.vergil.basic.export.ExportModel -force htm -run -openComposites -timeOut 30000 -whiteBackground org/terraswarm/accessor/demo/Hue/HueToggle.xml $PTII/org/terraswarm/accessor/demo/Hue/HueToggle
Running .HueToggle
Hue: Attempting to connect to: http://192.168.1.221/api/SVmAJELYPPsCJjRqbKMjg0dLgesa6ZmiKt4Bdwaq/lights/ (Thread[AWT-EventQueue-0,6,main])
Hue: Making an HTTP request. (Thread[AWT-EventQueue-0,6,main])
Hue: Hue.js: issueCommand(): '[{"id":8,"on":true,"hue":19138.50642114298}]' (Thread[AWT-EventQueue-0,6,main])
Hue: Not authenticated; queueing command. (Thread[AWT-EventQueue-0,6,main])
Hue: Hue.js: issueCommand(): '[{"id":8,"on":false,"hue":12476.04238196114}]' (Thread[AWT-EventQueue-0,6,main])
Hue: Not authenticated; queueing command. (Thread[AWT-EventQueue-0,6,main])
Hue: Hue.js: issueCommand(): '[{"id":8,"on":true,"hue":45000.61347683091}]' (Thread[AWT-EventQueue-0,6,main])
Hue: Not authenticated; queueing command. (Thread[AWT-EventQueue-0,6,main])
Hue: Hue.js: issueCommand(): '[{"id":8,"on":false,"hue":63484.60147509285}]' (Thread[AWT-EventQueue-0,6,main])
Hue: Not authenticated; queueing command. (Thread[AWT-EventQueue-0,6,main])
Hue: Hue.js: issueCommand(): '[{"id":8,"on":true,"hue":14851.827949554976}]' (Thread[AWT-EventQueue-0,6,main])
Hue: Not authenticated; queueing command. (Thread[AWT-EventQueue-0,6,main])
Hue: Hue.js: issueCommand(): '[{"id":8,"on":false,"hue":43502.05222008143}]' (Thread[AWT-EventQueue-0,6,main])
Hue: Not authenticated; queueing command. (Thread[AWT-EventQueue-0,6,main])
Hue: Hue.js: issueCommand(): '[{"id":8,"on":true,"hue":27456.724188193577}]' (Thread[AWT-EventQueue-0,6,main])
Hue: Not authenticated; queueing command. (Thread[AWT-EventQueue-0,6,main])
Hue: Hue.js: issueCommand(): '[{"id":8,"on":false,"hue":54337.55256415475}]' (Thread[AWT-EventQueue-0,6,main])
Hue: Not authenticated; queueing command. (Thread[AWT-EventQueue-0,6,main])
ExportHTMLTimer went off after 30000 ms., calling getDirector().finish and getDirector().stopFire()
30075 ms. Memory: 2231808K Free: 518377K (23%)
Exported /home/travis/build/icyphy/ptII/org/terraswarm/accessor/demo/Hue/HueToggle/index.html
38417 ms. Memory: 2147840K Free: 1318149K (61%)
####### 76 Sat May 12 02:41:57 UTC 2018 $PTII/bin/ptinvoke ptolemy.vergil.basic.export.ExportModel -force htm -run -openComposites -timeOut 30000 -whiteBackground org/terraswarm/accessor/demo/Hue/MotionLights.xml $PTII/org/terraswarm/accessor/demo/Hue/MotionLights
Running .MotionLights
Hue: Attempting to connect to: http://192.168.2.2/api/ptolemyuser/lights/ (Thread[AWT-EventQueue-0,6,main])
Hue: Making an HTTP request. (Thread[AWT-EventQueue-0,6,main])
Hue: Hue.js: issueCommand(): '[{"id":7,"on":true,"hue":29823,"sat":138,"bri":222,"reactiontime":0},{"id":8,"on":true,"hue":29823,"sat":138,"bri":222,"reactiontime":0},{"id":9,"on":true,"hue":29823,"sat":138,"bri":222,"reactiontime":0}]' (Thread[AWT-EventQueue-0,6,main])
Hue: Not authenticated; queueing command. (Thread[AWT-EventQueue-0,6,main])
Hue: Hue.js: issueCommand(): '[{"id":7,"on":true,"hue":33441,"sat":123,"bri":185,"reactiontime":0},{"id":8,"on":true,"hue":33441,"sat":123,"bri":185,"reactiontime":0},{"id":9,"on":true,"hue":33441,"sat":123,"bri":185,"reactiontime":0}]' (Thread[AWT-EventQueue-0,6,main])
Hue: Not authenticated; queueing command. (Thread[AWT-EventQueue-0,6,main])
Hue: Hue.js: issueCommand(): '[{"id":7,"on":true,"hue":39992,"sat":144,"bri":262,"reactiontime":0},{"id":8,"on":true,"hue":39992,"sat":144,"bri":262,"reactiontime":0},{"id":9,"on":true,"hue":39992,"sat":144,"bri":262,"reactiontime":0}]' (Thread[AWT-EventQueue-0,6,main])
Hue: Not authenticated; queueing command. (Thread[AWT-EventQueue-0,6,main])
Hue: Hue.js: issueCommand(): '[{"id":7,"on":true,"hue":34516,"sat":135,"bri":194,"reactiontime":0},{"id":8,"on":true,"hue":34516,"sat":135,"bri":194,"reactiontime":0},{"id":9,"on":true,"hue":34516,"sat":135,"bri":194,"reactiontime":0}]' (Thread[AWT-EventQueue-0,6,main])
Hue: Not authenticated; queueing command. (Thread[AWT-EventQueue-0,6,main])
Hue: Hue.js: issueCommand(): '[{"id":7,"on":true,"hue":42143,"sat":138,"bri":86,"reactiontime":0},{"id":8,"on":true,"hue":42143,"sat":138,"bri":86,"reactiontime":0},{"id":9,"on":true,"hue":42143,"sat":138,"bri":86,"reactiontime":0}]' (Thread[AWT-EventQueue-0,6,main])
Hue: Not authenticated; queueing command. (Thread[AWT-EventQueue-0,6,main])
Hue: Hue.js: issueCommand(): '[{"id":7,"on":true,"hue":35396,"sat":137,"bri":298,"reactiontime":0},{"id":8,"on":true,"hue":35396,"sat":137,"bri":298,"reactiontime":0},{"id":9,"on":true,"hue":35396,"sat":137,"bri":298,"reactiontime":0}]' (Thread[AWT-EventQueue-0,6,main])
Hue: Not authenticated; queueing command. (Thread[AWT-EventQueue-0,6,main])
Hue: Hue.js: issueCommand(): '[{"id":7,"on":true,"hue":35592,"sat":137,"bri":178,"reactiontime":0},{"id":8,"on":true,"hue":35592,"sat":137,"bri":178,"reactiontime":0},{"id":9,"on":true,"hue":35592,"sat":137,"bri":178,"reactiontime":0}]' (Thread[AWT-EventQueue-0,6,main])
Hue: Not authenticated; queueing command. (Thread[AWT-EventQueue-0,6,main])
Hue: Hue.js: issueCommand(): '[{"id":7,"on":true,"hue":33343,"sat":112,"bri":198,"reactiontime":0},{"id":8,"on":true,"hue":33343,"sat":112,"bri":198,"reactiontime":0},{"id":9,"on":true,"hue":33343,"sat":112,"bri":198,"reactiontime":0}]' (Thread[AWT-EventQueue-0,6,main])
Hue: Not authenticated; queueing command. (Thread[AWT-EventQueue-0,6,main])
Hue: Hue.js: issueCommand(): '[{"id":7,"on":true,"hue":35201,"sat":130,"bri":238,"reactiontime":0},{"id":8,"on":true,"hue":35201,"sat":130,"bri":238,"reactiontime":0},{"id":9,"on":true,"hue":35201,"sat":130,"bri":238,"reactiontime":0}]' (Thread[AWT-EventQueue-0,6,main])
Hue: Not authenticated; queueing command. (Thread[AWT-EventQueue-0,6,main])
Hue: Hue.js: issueCommand(): '[{"id":7,"on":true,"hue":34712,"sat":155,"bri":123,"reactiontime":0},{"id":8,"on":true,"hue":34712,"sat":155,"bri":123,"reactiontime":0},{"id":9,"on":true,"hue":34712,"sat":155,"bri":123,"reactiontime":0}]' (Thread[AWT-EventQueue-0,6,main])
Hue: Not authenticated; queueing command. (Thread[AWT-EventQueue-0,6,main])
Hue: Hue.js: issueCommand(): '[{"id":7,"on":false},{"id":8,"on":false},{"id":9,"on":false}]' (Thread[AWT-EventQueue-0,6,main])
Hue: Not authenticated; queueing command. (Thread[AWT-EventQueue-0,6,main])
Hue: Hue.js: issueCommand(): '[{"id":7,"on":true,"hue":33343,"sat":162,"bri":262,"reactiontime":0},{"id":8,"on":true,"hue":33343,"sat":162,"bri":262,"reactiontime":0},{"id":9,"on":true,"hue":33343,"sat":162,"bri":262,"reactiontime":0}]' (Thread[AWT-EventQueue-0,6,main])
Hue: Not authenticated; queueing command. (Thread[AWT-EventQueue-0,6,main])
Hue: Hue.js: issueCommand(): '[{"id":7,"on":true,"hue":25423,"sat":145,"bri":168,"reactiontime":0},{"id":8,"on":true,"hue":25423,"sat":145,"bri":168,"reactiontime":0},{"id":9,"on":true,"hue":25423,"sat":145,"bri":168,"reactiontime":0}]' (Thread[AWT-EventQueue-0,6,main])
Hue: Not authenticated; queueing command. (Thread[AWT-EventQueue-0,6,main])
Hue: Hue.js: issueCommand(): '[{"id":7,"on":true,"hue":34516,"sat":122,"bri":265,"reactiontime":0},{"id":8,"on":true,"hue":34516,"sat":122,"bri":265,"reactiontime":0},{"id":9,"on":true,"hue":34516,"sat":122,"bri":265,"reactiontime":0}]' (Thread[AWT-EventQueue-0,6,main])
Hue: Not authenticated; queueing command. (Thread[AWT-EventQueue-0,6,main])
Hue: Hue.js: issueCommand(): '[{"id":7,"on":true,"hue":36081,"sat":139,"bri":199,"reactiontime":0},{"id":8,"on":true,"hue":36081,"sat":139,"bri":199,"reactiontime":0},{"id":9,"on":true,"hue":36081,"sat":139,"bri":199,"reactiontime":0}]' (Thread[AWT-EventQueue-0,6,main])
Hue: Not authenticated; queueing command. (Thread[AWT-EventQueue-0,6,main])
Hue: Hue.js: issueCommand(): '[{"id":7,"on":true,"hue":37156,"sat":158,"bri":270,"reactiontime":0},{"id":8,"on":true,"hue":37156,"sat":158,"bri":270,"reactiontime":0},{"id":9,"on":true,"hue":37156,"sat":158,"bri":270,"reactiontime":0}]' (Thread[AWT-EventQueue-0,6,main])
Hue: Not authenticated; queueing command. (Thread[AWT-EventQueue-0,6,main])
Hue: Hue.js: issueCommand(): '[{"id":7,"on":true,"hue":28649,"sat":135,"bri":292,"reactiontime":0},{"id":8,"on":true,"hue":28649,"sat":135,"bri":292,"reactiontime":0},{"id":9,"on":true,"hue":28649,"sat":135,"bri":292,"reactiontime":0}]' (Thread[AWT-EventQueue-0,6,main])
Hue: Not authenticated; queueing command. (Thread[AWT-EventQueue-0,6,main])
Hue: Hue.js: issueCommand(): '[{"id":7,"on":true,"hue":38134,"sat":134,"bri":265,"reactiontime":0},{"id":8,"on":true,"hue":38134,"sat":134,"bri":265,"reactiontime":0},{"id":9,"on":true,"hue":38134,"sat":134,"bri":265,"reactiontime":0}]' (Thread[AWT-EventQueue-0,6,main])
Hue: Not authenticated; queueing command. (Thread[AWT-EventQueue-0,6,main])
Hue: Hue.js: issueCommand(): '[{"id":7,"on":true,"hue":44392,"sat":134,"bri":150,"reactiontime":0},{"id":8,"on":true,"hue":44392,"sat":134,"bri":150,"reactiontime":0},{"id":9,"on":true,"hue":44392,"sat":134,"bri":150,"reactiontime":0}]' (Thread[AWT-EventQueue-0,6,main])
Hue: Not authenticated; queueing command. (Thread[AWT-EventQueue-0,6,main])
Hue: Hue.js: issueCommand(): '[{"id":7,"on":true,"hue":31387,"sat":155,"bri":155,"reactiontime":0},{"id":8,"on":true,"hue":31387,"sat":155,"bri":155,"reactiontime":0},{"id":9,"on":true,"hue":31387,"sat":155,"bri":155,"reactiontime":0}]' (Thread[AWT-EventQueue-0,6,main])
Hue: Not authenticated; queueing command. (Thread[AWT-EventQueue-0,6,main])
Hue: Hue.js: issueCommand(): '[{"id":7,"on":true,"hue":20436,"sat":139,"bri":206,"reactiontime":0},{"id":8,"on":true,"hue":20436,"sat":139,"bri":206,"reactiontime":0},{"id":9,"on":true,"hue":20436,"sat":139,"bri":206,"reactiontime":0}]' (Thread[AWT-EventQueue-0,6,main])
Hue: Not authenticated; queueing command. (Thread[AWT-EventQueue-0,6,main])
Hue: Hue.js: issueCommand(): '[{"id":7,"on":true,"hue":30507,"sat":139,"bri":159,"reactiontime":0},{"id":8,"on":true,"hue":30507,"sat":139,"bri":159,"reactiontime":0},{"id":9,"on":true,"hue":30507,"sat":139,"bri":159,"reactiontime":0}]' (Thread[AWT-EventQueue-0,6,main])
Hue: Not authenticated; queueing command. (Thread[AWT-EventQueue-0,6,main])
Hue: Hue.js: issueCommand(): '[{"id":7,"on":true,"hue":24151,"sat":159,"bri":218,"reactiontime":0},{"id":8,"on":true,"hue":24151,"sat":159,"bri":218,"reactiontime":0},{"id":9,"on":true,"hue":24151,"sat":159,"bri":218,"reactiontime":0}]' (Thread[AWT-EventQueue-0,6,main])
Hue: Not authenticated; queueing command. (Thread[AWT-EventQueue-0,6,main])
Hue: Hue.js: issueCommand(): '[{"id":7,"on":true,"hue":39601,"sat":127,"bri":151,"reactiontime":0},{"id":8,"on":true,"hue":39601,"sat":127,"bri":151,"reactiontime":0},{"id":9,"on":true,"hue":39601,"sat":127,"bri":151,"reactiontime":0}]' (Thread[AWT-EventQueue-0,6,main])
Hue: Not authenticated; queueing command. (Thread[AWT-EventQueue-0,6,main])
Hue: Hue.js: issueCommand(): '[{"id":7,"on":true,"hue":43023,"sat":170,"bri":173,"reactiontime":0},{"id":8,"on":true,"hue":43023,"sat":170,"bri":173,"reactiontime":0},{"id":9,"on":true,"hue":43023,"sat":170,"bri":173,"reactiontime":0}]' (Thread[AWT-EventQueue-0,6,main])
Hue: Not authenticated; queueing command. (Thread[AWT-EventQueue-0,6,main])
Hue: Hue.js: issueCommand(): '[{"id":7,"on":true,"hue":28552,"sat":91,"bri":146,"reactiontime":0},{"id":8,"on":true,"hue":28552,"sat":91,"bri":146,"reactiontime":0},{"id":9,"on":true,"hue":28552,"sat":91,"bri":146,"reactiontime":0}]' (Thread[AWT-EventQueue-0,6,main])
Hue: Not authenticated; queueing command. (Thread[AWT-EventQueue-0,6,main])
Hue: Hue.js: issueCommand(): '[{"id":7,"on":true,"hue":20240,"sat":182,"bri":136,"reactiontime":0},{"id":8,"on":true,"hue":20240,"sat":182,"bri":136,"reactiontime":0},{"id":9,"on":true,"hue":20240,"sat":182,"bri":136,"reactiontime":0}]' (Thread[AWT-EventQueue-0,6,main])
Hue: Not authenticated; queueing command. (Thread[AWT-EventQueue-0,6,main])
Hue: Hue.js: issueCommand(): '[{"id":7,"on":true,"hue":35885,"sat":141,"bri":294,"reactiontime":0},{"id":8,"on":true,"hue":35885,"sat":141,"bri":294,"reactiontime":0},{"id":9,"on":true,"hue":35885,"sat":141,"bri":294,"reactiontime":0}]' (Thread[AWT-EventQueue-0,6,main])
Hue: Not authenticated; queueing command. (Thread[AWT-EventQueue-0,6,main])
Hue: Hue.js: issueCommand(): '[{"id":7,"on":true,"hue":33930,"sat":113,"bri":212,"reactiontime":0},{"id":8,"on":true,"hue":33930,"sat":113,"bri":212,"reactiontime":0},{"id":9,"on":true,"hue":33930,"sat":113,"bri":212,"reactiontime":0}]' (Thread[AWT-EventQueue-0,6,main])
Hue: Not authenticated; queueing command. (Thread[AWT-EventQueue-0,6,main])
Hue: Hue.js: issueCommand(): '[{"id":7,"on":true,"hue":35690,"sat":151,"bri":286,"reactiontime":0},{"id":8,"on":true,"hue":35690,"sat":151,"bri":286,"reactiontime":0},{"id":9,"on":true,"hue":35690,"sat":151,"bri":286,"reactiontime":0}]' (Thread[AWT-EventQueue-0,6,main])
Hue: Not authenticated; queueing command. (Thread[AWT-EventQueue-0,6,main])
Hue: Hue.js: issueCommand(): '[{"id":7,"on":true,"hue":30996,"sat":112,"bri":322,"reactiontime":0},{"id":8,"on":true,"hue":30996,"sat":112,"bri":322,"reactiontime":0},{"id":9,"on":true,"hue":30996,"sat":112,"bri":322,"reactiontime":0}]' (Thread[AWT-EventQueue-0,6,main])
Hue: Not authenticated; queueing command. (Thread[AWT-EventQueue-0,6,main])
Hue: Hue.js: issueCommand(): '[{"id":7,"on":true,"hue":30605,"sat":148,"bri":314,"reactiontime":0},{"id":8,"on":true,"hue":30605,"sat":148,"bri":314,"reactiontime":0},{"id":9,"on":true,"hue":30605,"sat":148,"bri":314,"reactiontime":0}]' (Thread[AWT-EventQueue-0,6,main])
Hue: Not authenticated; queueing command. (Thread[AWT-EventQueue-0,6,main])
Hue: Hue.js: issueCommand(): '[{"id":7,"on":true,"hue":29236,"sat":141,"bri":237,"reactiontime":0},{"id":8,"on":true,"hue":29236,"sat":141,"bri":237,"reactiontime":0},{"id":9,"on":true,"hue":29236,"sat":141,"bri":237,"reactiontime":0}]' (Thread[AWT-EventQueue-0,6,main])
Hue: Not authenticated; queueing command. (Thread[AWT-EventQueue-0,6,main])
Hue: Hue.js: issueCommand(): '[{"id":7,"on":true,"hue":29725,"sat":123,"bri":273,"reactiontime":0},{"id":8,"on":true,"hue":29725,"sat":123,"bri":273,"reactiontime":0},{"id":9,"on":true,"hue":29725,"sat":123,"bri":273,"reactiontime":0}]' (Thread[AWT-EventQueue-0,6,main])
Hue: Not authenticated; queueing command. (Thread[AWT-EventQueue-0,6,main])
Hue: Hue.js: issueCommand(): '[{"id":7,"on":true,"hue":26498,"sat":160,"bri":203,"reactiontime":0},{"id":8,"on":true,"hue":26498,"sat":160,"bri":203,"reactiontime":0},{"id":9,"on":true,"hue":26498,"sat":160,"bri":203,"reactiontime":0}]' (Thread[AWT-EventQueue-0,6,main])
Hue: Not authenticated; queueing command. (Thread[AWT-EventQueue-0,6,main])
Hue: Hue.js: issueCommand(): '[{"id":7,"on":true,"hue":33050,"sat":166,"bri":295,"reactiontime":0},{"id":8,"on":true,"hue":33050,"sat":166,"bri":295,"reactiontime":0},{"id":9,"on":true,"hue":33050,"sat":166,"bri":295,"reactiontime":0}]' (Thread[AWT-EventQueue-0,6,main])
Hue: Not authenticated; queueing command. (Thread[AWT-EventQueue-0,6,main])
Hue: Hue.js: issueCommand(): '[{"id":7,"on":true,"hue":34516,"sat":142,"bri":214,"reactiontime":0},{"id":8,"on":true,"hue":34516,"sat":142,"bri":214,"reactiontime":0},{"id":9,"on":true,"hue":34516,"sat":142,"bri":214,"reactiontime":0}]' (Thread[AWT-EventQueue-0,6,main])
Hue: Not authenticated; queueing command. (Thread[AWT-EventQueue-0,6,main])
Hue: Hue.js: issueCommand(): '[{"id":7,"on":true,"hue":31094,"sat":90,"bri":164,"reactiontime":0},{"id":8,"on":true,"hue":31094,"sat":90,"bri":164,"reactiontime":0},{"id":9,"on":true,"hue":31094,"sat":90,"bri":164,"reactiontime":0}]' (Thread[AWT-EventQueue-0,6,main])
Hue: Not authenticated; queueing command. (Thread[AWT-EventQueue-0,6,main])
Hue: Hue.js: issueCommand(): '[{"id":7,"on":true,"hue":35494,"sat":155,"bri":304,"reactiontime":0},{"id":8,"on":true,"hue":35494,"sat":155,"bri":304,"reactiontime":0},{"id":9,"on":true,"hue":35494,"sat":155,"bri":304,"reactiontime":0}]' (Thread[AWT-EventQueue-0,6,main])
Hue: Not authenticated; queueing command. (Thread[AWT-EventQueue-0,6,main])
Hue: Hue.js: issueCommand(): '[{"id":7,"on":true,"hue":28943,"sat":156,"bri":234,"reactiontime":0},{"id":8,"on":true,"hue":28943,"sat":156,"bri":234,"reactiontime":0},{"id":9,"on":true,"hue":28943,"sat":156,"bri":234,"reactiontime":0}]' (Thread[AWT-EventQueue-0,6,main])
Hue: Not authenticated; queueing command. (Thread[AWT-EventQueue-0,6,main])
Hue: Hue.js: issueCommand(): '[{"id":7,"on":true,"hue":30409,"sat":136,"bri":179,"reactiontime":0},{"id":8,"on":true,"hue":30409,"sat":136,"bri":179,"reactiontime":0},{"id":9,"on":true,"hue":30409,"sat":136,"bri":179,"reactiontime":0}]' (Thread[AWT-EventQueue-0,6,main])
Hue: Not authenticated; queueing command. (Thread[AWT-EventQueue-0,6,main])
Hue: Hue.js: issueCommand(): '[{"id":7,"on":true,"hue":45370,"sat":158,"bri":31,"reactiontime":0},{"id":8,"on":true,"hue":45370,"sat":158,"bri":31,"reactiontime":0},{"id":9,"on":true,"hue":45370,"sat":158,"bri":31,"reactiontime":0}]' (Thread[AWT-EventQueue-0,6,main])
Hue: Not authenticated; queueing command. (Thread[AWT-EventQueue-0,6,main])
Hue: Hue.js: issueCommand(): '[{"id":7,"on":true,"hue":39894,"sat":165,"bri":220,"reactiontime":0},{"id":8,"on":true,"hue":39894,"sat":165,"bri":220,"reactiontime":0},{"id":9,"on":true,"hue":39894,"sat":165,"bri":220,"reactiontime":0}]' (Thread[AWT-EventQueue-0,6,main])
Hue: Not authenticated; queueing command. (Thread[AWT-EventQueue-0,6,main])
Hue: Hue.js: issueCommand(): '[{"id":7,"on":true,"hue":31778,"sat":139,"bri":178,"reactiontime":0},{"id":8,"on":true,"hue":31778,"sat":139,"bri":178,"reactiontime":0},{"id":9,"on":true,"hue":31778,"sat":139,"bri":178,"reactiontime":0}]' (Thread[AWT-EventQueue-0,6,main])
Hue: Not authenticated; queueing command. (Thread[AWT-EventQueue-0,6,main])
Hue: Hue.js: issueCommand(): '[{"id":7,"on":true,"hue":35494,"sat":138,"bri":405,"reactiontime":0},{"id":8,"on":true,"hue":35494,"sat":138,"bri":405,"reactiontime":0},{"id":9,"on":true,"hue":35494,"sat":138,"bri":405,"reactiontime":0}]' (Thread[AWT-EventQueue-0,6,main])
Hue: Not authenticated; queueing command. (Thread[AWT-EventQueue-0,6,main])
Hue: Hue.js: issueCommand(): '[{"id":7,"on":true,"hue":30312,"sat":104,"bri":216,"reactiontime":0},{"id":8,"on":true,"hue":30312,"sat":104,"bri":216,"reactiontime":0},{"id":9,"on":true,"hue":30312,"sat":104,"bri":216,"reactiontime":0}]' (Thread[AWT-EventQueue-0,6,main])
Hue: Not authenticated; queueing command. (Thread[AWT-EventQueue-0,6,main])
Hue: Hue.js: issueCommand(): '[{"id":7,"on":true,"hue":31974,"sat":142,"bri":369,"reactiontime":0},{"id":8,"on":true,"hue":31974,"sat":142,"bri":369,"reactiontime":0},{"id":9,"on":true,"hue":31974,"sat":142,"bri":369,"reactiontime":0}]' (Thread[AWT-EventQueue-0,6,main])
Hue: Not authenticated; queueing command. (Thread[AWT-EventQueue-0,6,main])
Hue: Hue.js: issueCommand(): '[{"id":7,"on":true,"hue":35983,"sat":116,"bri":138,"reactiontime":0},{"id":8,"on":true,"hue":35983,"sat":116,"bri":138,"reactiontime":0},{"id":9,"on":true,"hue":35983,"sat":116,"bri":138,"reactiontime":0}]' (Thread[AWT-EventQueue-0,6,main])
Hue: Not authenticated; queueing command. (Thread[AWT-EventQueue-0,6,main])
Hue: Hue.js: issueCommand(): '[{"id":7,"on":true,"hue":31583,"sat":153,"bri":334,"reactiontime":0},{"id":8,"on":true,"hue":31583,"sat":153,"bri":334,"reactiontime":0},{"id":9,"on":true,"hue":31583,"sat":153,"bri":334,"reactiontime":0}]' (Thread[AWT-EventQueue-0,6,main])
Hue: Not authenticated; queueing command. (Thread[AWT-EventQueue-0,6,main])
Hue: Hue.js: issueCommand(): '[{"id":7,"on":true,"hue":32658,"sat":128,"bri":264,"reactiontime":0},{"id":8,"on":true,"hue":32658,"sat":128,"bri":264,"reactiontime":0},{"id":9,"on":true,"hue":32658,"sat":128,"bri":264,"reactiontime":0}]' (Thread[AWT-EventQueue-0,6,main])
Hue: Not authenticated; queueing command. (Thread[AWT-EventQueue-0,6,main])
Hue: Hue.js: issueCommand(): '[{"id":7,"on":true,"hue":30801,"sat":153,"bri":219,"reactiontime":0},{"id":8,"on":true,"hue":30801,"sat":153,"bri":219,"reactiontime":0},{"id":9,"on":true,"hue":30801,"sat":153,"bri":219,"reactiontime":0}]' (Thread[AWT-EventQueue-0,6,main])
Hue: Not authenticated; queueing command. (Thread[AWT-EventQueue-0,6,main])
Hue: Hue.js: issueCommand(): '[{"id":7,"on":true,"hue":30605,"sat":113,"bri":200,"reactiontime":0},{"id":8,"on":true,"hue":30605,"sat":113,"bri":200,"reactiontime":0},{"id":9,"on":true,"hue":30605,"sat":113,"bri":200,"reactiontime":0}]' (Thread[AWT-EventQueue-0,6,main])
Hue: Not authenticated; queueing command. (Thread[AWT-EventQueue-0,6,main])
Hue: Hue.js: issueCommand(): '[{"id":7,"on":true,"hue":41068,"sat":128,"bri":209,"reactiontime":0},{"id":8,"on":true,"hue":41068,"sat":128,"bri":209,"reactiontime":0},{"id":9,"on":true,"hue":41068,"sat":128,"bri":209,"reactiontime":0}]' (Thread[AWT-EventQueue-0,6,main])
Hue: Not authenticated; queueing command. (Thread[AWT-EventQueue-0,6,main])
Hue: Hue.js: issueCommand(): '[{"id":7,"on":true,"hue":37156,"sat":131,"bri":225,"reactiontime":0},{"id":8,"on":true,"hue":37156,"sat":131,"bri":225,"reactiontime":0},{"id":9,"on":true,"hue":37156,"sat":131,"bri":225,"reactiontime":0}]' (Thread[AWT-EventQueue-0,6,main])
Hue: Not authenticated; queueing command. (Thread[AWT-EventQueue-0,6,main])
Hue: Hue.js: issueCommand(): '[{"id":7,"on":true,"hue":41752,"sat":166,"bri":206,"reactiontime":0},{"id":8,"on":true,"hue":41752,"sat":166,"bri":206,"reactiontime":0},{"id":9,"on":true,"hue":41752,"sat":166,"bri":206,"reactiontime":0}]' (Thread[AWT-EventQueue-0,6,main])
Hue: Not authenticated; queueing command. (Thread[AWT-EventQueue-0,6,main])
Hue: Hue.js: issueCommand(): '[{"id":7,"on":true,"hue":35103,"sat":142,"bri":216,"reactiontime":0},{"id":8,"on":true,"hue":35103,"sat":142,"bri":216,"reactiontime":0},{"id":9,"on":true,"hue":35103,"sat":142,"bri":216,"reactiontime":0}]' (Thread[AWT-EventQueue-0,6,main])
Hue: Not authenticated; queueing command. (Thread[AWT-EventQueue-0,6,main])
Hue: Hue.js: issueCommand(): '[{"id":7,"on":true,"hue":38819,"sat":139,"bri":168,"reactiontime":0},{"id":8,"on":true,"hue":38819,"sat":139,"bri":168,"reactiontime":0},{"id":9,"on":true,"hue":38819,"sat":139,"bri":168,"reactiontime":0}]' (Thread[AWT-EventQueue-0,6,main])
Hue: Not authenticated; queueing command. (Thread[AWT-EventQueue-0,6,main])
Hue: Hue.js: issueCommand(): '[{"id":7,"on":true,"hue":24836,"sat":117,"bri":67,"reactiontime":0},{"id":8,"on":true,"hue":24836,"sat":117,"bri":67,"reactiontime":0},{"id":9,"on":true,"hue":24836,"sat":117,"bri":67,"reactiontime":0}]' (Thread[AWT-EventQueue-0,6,main])
Hue: Not authenticated; queueing command. (Thread[AWT-EventQueue-0,6,main])
Hue: Hue.js: issueCommand(): '[{"id":7,"on":true,"hue":30312,"sat":163,"bri":297,"reactiontime":0},{"id":8,"on":true,"hue":30312,"sat":163,"bri":297,"reactiontime":0},{"id":9,"on":true,"hue":30312,"sat":163,"bri":297,"reactiontime":0}]' (Thread[AWT-EventQueue-0,6,main])
Hue: Not authenticated; queueing command. (Thread[AWT-EventQueue-0,6,main])
Hue: Hue.js: issueCommand(): '[{"id":7,"on":false},{"id":8,"on":false},{"id":9,"on":false}]' (Thread[AWT-EventQueue-0,6,main])
Hue: Not authenticated; queueing command. (Thread[AWT-EventQueue-0,6,main])
Hue: Hue.js: issueCommand(): '[{"id":7,"on":false},{"id":8,"on":false},{"id":9,"on":false}]' (Thread[AWT-EventQueue-0,6,main])
Hue: Not authenticated; queueing command. (Thread[AWT-EventQueue-0,6,main])
Hue: Hue.js: issueCommand(): '[{"id":7,"on":true,"hue":31387,"sat":121,"bri":272,"reactiontime":0},{"id":8,"on":true,"hue":31387,"sat":121,"bri":272,"reactiontime":0},{"id":9,"on":true,"hue":31387,"sat":121,"bri":272,"reactiontime":0}]' (Thread[AWT-EventQueue-0,6,main])
Hue: Not authenticated; queueing command. (Thread[AWT-EventQueue-0,6,main])
Hue: Hue.js: issueCommand(): '[{"id":7,"on":true,"hue":31485,"sat":158,"bri":249,"reactiontime":0},{"id":8,"on":true,"hue":31485,"sat":158,"bri":249,"reactiontime":0},{"id":9,"on":true,"hue":31485,"sat":158,"bri":249,"reactiontime":0}]' (Thread[AWT-EventQueue-0,6,main])
Hue: Not authenticated; queueing command. (Thread[AWT-EventQueue-0,6,main])
Hue: Hue.js: issueCommand(): '[{"id":7,"on":true,"hue":30703,"sat":148,"bri":281,"reactiontime":0},{"id":8,"on":true,"hue":30703,"sat":148,"bri":281,"reactiontime":0},{"id":9,"on":true,"hue":30703,"sat":148,"bri":281,"reactiontime":0}]' (Thread[AWT-EventQueue-0,6,main])
Hue: Not authenticated; queueing command. (Thread[AWT-EventQueue-0,6,main])
Hue: Hue.js: issueCommand(): '[{"id":7,"on":true,"hue":40090,"sat":148,"bri":309,"reactiontime":0},{"id":8,"on":true,"hue":40090,"sat":148,"bri":309,"reactiontime":0},{"id":9,"on":true,"hue":40090,"sat":148,"bri":309,"reactiontime":0}]' (Thread[AWT-EventQueue-0,6,main])
Hue: Not authenticated; queueing command. (Thread[AWT-EventQueue-0,6,main])
Hue: Hue.js: issueCommand(): '[{"id":7,"on":true,"hue":29432,"sat":120,"bri":147,"reactiontime":0},{"id":8,"on":true,"hue":29432,"sat":120,"bri":147,"reactiontime":0},{"id":9,"on":true,"hue":29432,"sat":120,"bri":147,"reactiontime":0}]' (Thread[AWT-EventQueue-0,6,main])
Hue: Not authenticated; queueing command. (Thread[AWT-EventQueue-0,6,main])
Hue: Hue.js: issueCommand(): '[{"id":7,"on":true,"hue":34125,"sat":125,"bri":313,"reactiontime":0},{"id":8,"on":true,"hue":34125,"sat":125,"bri":313,"reactiontime":0},{"id":9,"on":true,"hue":34125,"sat":125,"bri":313,"reactiontime":0}]' (Thread[AWT-EventQueue-0,6,main])
Hue: Not authenticated; queueing command. (Thread[AWT-EventQueue-0,6,main])
Hue: Hue.js: issueCommand(): '[{"id":7,"on":true,"hue":37352,"sat":131,"bri":222,"reactiontime":0},{"id":8,"on":true,"hue":37352,"sat":131,"bri":222,"reactiontime":0},{"id":9,"on":true,"hue":37352,"sat":131,"bri":222,"reactiontime":0}]' (Thread[AWT-EventQueue-0,6,main])
Hue: Not authenticated; queueing command. (Thread[AWT-EventQueue-0,6,main])
Hue: Hue.js: issueCommand(): '[{"id":7,"on":true,"hue":34614,"sat":134,"bri":318,"reactiontime":0},{"id":8,"on":true,"hue":34614,"sat":134,"bri":318,"reactiontime":0},{"id":9,"on":true,"hue":34614,"sat":134,"bri":318,"reactiontime":0}]' (Thread[AWT-EventQueue-0,6,main])
Hue: Not authenticated; queueing command. (Thread[AWT-EventQueue-0,6,main])
Hue: Hue.js: issueCommand(): '[{"id":7,"on":true,"hue":27965,"sat":173,"bri":163,"reactiontime":0},{"id":8,"on":true,"hue":27965,"sat":173,"bri":163,"reactiontime":0},{"id":9,"on":true,"hue":27965,"sat":173,"bri":163,"reactiontime":0}]' (Thread[AWT-EventQueue-0,6,main])
Hue: Not authenticated; queueing command. (Thread[AWT-EventQueue-0,6,main])
Hue: Hue.js: issueCommand(): '[{"id":7,"on":true,"hue":30996,"sat":138,"bri":306,"reactiontime":0},{"id":8,"on":true,"hue":30996,"sat":138,"bri":306,"reactiontime":0},{"id":9,"on":true,"hue":30996,"sat":138,"bri":306,"reactiontime":0}]' (Thread[AWT-EventQueue-0,6,main])
Hue: Not authenticated; queueing command. (Thread[AWT-EventQueue-0,6,main])
Hue: Hue.js: issueCommand(): '[{"id":7,"on":true,"hue":26596,"sat":177,"bri":140,"reactiontime":0},{"id":8,"on":true,"hue":26596,"sat":177,"bri":140,"reactiontime":0},{"id":9,"on":true,"hue":26596,"sat":177,"bri":140,"reactiontime":0}]' (Thread[AWT-EventQueue-0,6,main])
Hue: Not authenticated; queueing command. (Thread[AWT-EventQueue-0,6,main])
Hue: Hue.js: issueCommand(): '[{"id":7,"on":true,"hue":22294,"sat":134,"bri":263,"reactiontime":0},{"id":8,"on":true,"hue":22294,"sat":134,"bri":263,"reactiontime":0},{"id":9,"on":true,"hue":22294,"sat":134,"bri":263,"reactiontime":0}]' (Thread[AWT-EventQueue-0,6,main])
Hue: Not authenticated; queueing command. (Thread[AWT-EventQueue-0,6,main])
Hue: Hue.js: issueCommand(): '[{"id":7,"on":true,"hue":32952,"sat":113,"bri":200,"reactiontime":0},{"id":8,"on":true,"hue":32952,"sat":113,"bri":200,"reactiontime":0},{"id":9,"on":true,"hue":32952,"sat":113,"bri":200,"reactiontime":0}]' (Thread[AWT-EventQueue-0,6,main])
Hue: Not authenticated; queueing command. (Thread[AWT-EventQueue-0,6,main])
Hue: Hue.js: issueCommand(): '[{"id":7,"on":true,"hue":43219,"sat":157,"bri":153,"reactiontime":0},{"id":8,"on":true,"hue":43219,"sat":157,"bri":153,"reactiontime":0},{"id":9,"on":true,"hue":43219,"sat":157,"bri":153,"reactiontime":0}]' (Thread[AWT-EventQueue-0,6,main])
Hue: Not authenticated; queueing command. (Thread[AWT-EventQueue-0,6,main])
Hue: Hue.js: issueCommand(): '[{"id":7,"on":true,"hue":38525,"sat":141,"bri":229,"reactiontime":0},{"id":8,"on":true,"hue":38525,"sat":141,"bri":229,"reactiontime":0},{"id":9,"on":true,"hue":38525,"sat":141,"bri":229,"reactiontime":0}]' (Thread[AWT-EventQueue-0,6,main])
Hue: Not authenticated; queueing command. (Thread[AWT-EventQueue-0,6,main])
Hue: Hue.js: issueCommand(): '[{"id":7,"on":true,"hue":28845,"sat":128,"bri":244,"reactiontime":0},{"id":8,"on":true,"hue":28845,"sat":128,"bri":244,"reactiontime":0},{"id":9,"on":true,"hue":28845,"sat":128,"bri":244,"reactiontime":0}]' (Thread[AWT-EventQueue-0,6,main])
Hue: Not authenticated; queueing command. (Thread[AWT-EventQueue-0,6,main])
Hue: Hue.js: issueCommand(): '[{"id":7,"on":true,"hue":35494,"sat":121,"bri":289,"reactiontime":0},{"id":8,"on":true,"hue":35494,"sat":121,"bri":289,"reactiontime":0},{"id":9,"on":true,"hue":35494,"sat":121,"bri":289,"reactiontime":0}]' (Thread[AWT-EventQueue-0,6,main])
Hue: Not authenticated; queueing command. (Thread[AWT-EventQueue-0,6,main])
Hue: Hue.js: issueCommand(): '[{"id":7,"on":true,"hue":33441,"sat":126,"bri":259,"reactiontime":0},{"id":8,"on":true,"hue":33441,"sat":126,"bri":259,"reactiontime":0},{"id":9,"on":true,"hue":33441,"sat":126,"bri":259,"reactiontime":0}]' (Thread[AWT-EventQueue-0,6,main])
Hue: Not authenticated; queueing command. (Thread[AWT-EventQueue-0,6,main])
Hue: Hue.js: issueCommand(): '[{"id":7,"on":true,"hue":39112,"sat":123,"bri":204,"reactiontime":0},{"id":8,"on":true,"hue":39112,"sat":123,"bri":204,"reactiontime":0},{"id":9,"on":true,"hue":39112,"sat":123,"bri":204,"reactiontime":0}]' (Thread[AWT-EventQueue-0,6,main])
Hue: Not authenticated; queueing command. (Thread[AWT-EventQueue-0,6,main])
Hue: Hue.js: issueCommand(): '[{"id":7,"on":true,"hue":36765,"sat":127,"bri":131,"reactiontime":0},{"id":8,"on":true,"hue":36765,"sat":127,"bri":131,"reactiontime":0},{"id":9,"on":true,"hue":36765,"sat":127,"bri":131,"reactiontime":0}]' (Thread[AWT-EventQueue-0,6,main])
Hue: Not authenticated; queueing command. (Thread[AWT-EventQueue-0,6,main])
Hue: Hue.js: issueCommand(): '[{"id":7,"on":true,"hue":30018,"sat":153,"bri":243,"reactiontime":0},{"id":8,"on":true,"hue":30018,"sat":153,"bri":243,"reactiontime":0},{"id":9,"on":true,"hue":30018,"sat":153,"bri":243,"reactiontime":0}]' (Thread[AWT-EventQueue-0,6,main])
Hue: Not authenticated; queueing command. (Thread[AWT-EventQueue-0,6,main])
Hue: Hue.js: issueCommand(): '[{"id":7,"on":true,"hue":34027,"sat":150,"bri":343,"reactiontime":0},{"id":8,"on":true,"hue":34027,"sat":150,"bri":343,"reactiontime":0},{"id":9,"on":true,"hue":34027,"sat":150,"bri":343,"reactiontime":0}]' (Thread[AWT-EventQueue-0,6,main])
Hue: Not authenticated; queueing command. (Thread[AWT-EventQueue-0,6,main])
Hue: Hue.js: issueCommand(): '[{"id":7,"on":true,"hue":32072,"sat":136,"bri":337,"reactiontime":0},{"id":8,"on":true,"hue":32072,"sat":136,"bri":337,"reactiontime":0},{"id":9,"on":true,"hue":32072,"sat":136,"bri":337,"reactiontime":0}]' (Thread[AWT-EventQueue-0,6,main])
Hue: Not authenticated; queueing command. (Thread[AWT-EventQueue-0,6,main])
Hue: Hue.js: issueCommand(): '[{"id":7,"on":true,"hue":32170,"sat":153,"bri":323,"reactiontime":0},{"id":8,"on":true,"hue":32170,"sat":153,"bri":323,"reactiontime":0},{"id":9,"on":true,"hue":32170,"sat":153,"bri":323,"reactiontime":0}]' (Thread[AWT-EventQueue-0,6,main])
Hue: Not authenticated; queueing command. (Thread[AWT-EventQueue-0,6,main])
Hue: Hue.js: issueCommand(): '[{"id":7,"on":true,"hue":42143,"sat":125,"bri":201,"reactiontime":0},{"id":8,"on":true,"hue":42143,"sat":125,"bri":201,"reactiontime":0},{"id":9,"on":true,"hue":42143,"sat":125,"bri":201,"reactiontime":0}]' (Thread[AWT-EventQueue-0,6,main])
Hue: Not authenticated; queueing command. (Thread[AWT-EventQueue-0,6,main])
Hue: Hue.js: issueCommand(): '[{"id":7,"on":true,"hue":40481,"sat":128,"bri":203,"reactiontime":0},{"id":8,"on":true,"hue":40481,"sat":128,"bri":203,"reactiontime":0},{"id":9,"on":true,"hue":40481,"sat":128,"bri":203,"reactiontime":0}]' (Thread[AWT-EventQueue-0,6,main])
Hue: Not authenticated; queueing command. (Thread[AWT-EventQueue-0,6,main])
Hue: Hue.js: issueCommand(): '[{"id":7,"on":true,"hue":29529,"sat":145,"bri":246,"reactiontime":0},{"id":8,"on":true,"hue":29529,"sat":145,"bri":246,"reactiontime":0},{"id":9,"on":true,"hue":29529,"sat":145,"bri":246,"reactiontime":0}]' (Thread[AWT-EventQueue-0,6,main])
Hue: Not authenticated; queueing command. (Thread[AWT-EventQueue-0,6,main])
Hue: Hue.js: issueCommand(): '[{"id":7,"on":true,"hue":30507,"sat":166,"bri":162,"reactiontime":0},{"id":8,"on":true,"hue":30507,"sat":166,"bri":162,"reactiontime":0},{"id":9,"on":true,"hue":30507,"sat":166,"bri":162,"reactiontime":0}]' (Thread[AWT-EventQueue-0,6,main])
Hue: Not authenticated; queueing command. (Thread[AWT-EventQueue-0,6,main])
Hue: Hue.js: issueCommand(): '[{"id":7,"on":true,"hue":36863,"sat":160,"bri":267,"reactiontime":0},{"id":8,"on":true,"hue":36863,"sat":160,"bri":267,"reactiontime":0},{"id":9,"on":true,"hue":36863,"sat":160,"bri":267,"reactiontime":0}]' (Thread[AWT-EventQueue-0,6,main])
Hue: Not authenticated; queueing command. (Thread[AWT-EventQueue-0,6,main])
Hue: Hue.js: issueCommand(): '[{"id":7,"on":true,"hue":21805,"sat":135,"bri":111,"reactiontime":0},{"id":8,"on":true,"hue":21805,"sat":135,"bri":111,"reactiontime":0},{"id":9,"on":true,"hue":21805,"sat":135,"bri":111,"reactiontime":0}]' (Thread[AWT-EventQueue-0,6,main])
Hue: Not authenticated; queueing command. (Thread[AWT-EventQueue-0,6,main])
Hue: Hue.js: issueCommand(): '[{"id":7,"on":true,"hue":29138,"sat":137,"bri":305,"reactiontime":0},{"id":8,"on":true,"hue":29138,"sat":137,"bri":305,"reactiontime":0},{"id":9,"on":true,"hue":29138,"sat":137,"bri":305,"reactiontime":0}]' (Thread[AWT-EventQueue-0,6,main])
Hue: Not authenticated; queueing command. (Thread[AWT-EventQueue-0,6,main])
Hue: Hue.js: issueCommand(): '[{"id":7,"on":true,"hue":38721,"sat":145,"bri":275,"reactiontime":0},{"id":8,"on":true,"hue":38721,"sat":145,"bri":275,"reactiontime":0},{"id":9,"on":true,"hue":38721,"sat":145,"bri":275,"reactiontime":0}]' (Thread[AWT-EventQueue-0,6,main])
Hue: Not authenticated; queueing command. (Thread[AWT-EventQueue-0,6,main])
Hue: Hue.js: issueCommand(): '[{"id":7,"on":true,"hue":31681,"sat":127,"bri":205,"reactiontime":0},{"id":8,"on":true,"hue":31681,"sat":127,"bri":205,"reactiontime":0},{"id":9,"on":true,"hue":31681,"sat":127,"bri":205,"reactiontime":0}]' (Thread[AWT-EventQueue-0,6,main])
Hue: Not authenticated; queueing command. (Thread[AWT-EventQueue-0,6,main])
Hue: Hue.js: issueCommand(): '[{"id":7,"on":true,"hue":34125,"sat":160,"bri":274,"reactiontime":0},{"id":8,"on":true,"hue":34125,"sat":160,"bri":274,"reactiontime":0},{"id":9,"on":true,"hue":34125,"sat":160,"bri":274,"reactiontime":0}]' (Thread[AWT-EventQueue-0,6,main])
Hue: Not authenticated; queueing command. (Thread[AWT-EventQueue-0,6,main])
Hue: Hue.js: issueCommand(): '[{"id":7,"on":false},{"id":8,"on":false},{"id":9,"on":false}]' (Thread[AWT-EventQueue-0,6,main])
Hue: Not authenticated; queueing command. (Thread[AWT-EventQueue-0,6,main])
Hue: Hue.js: issueCommand(): '[{"id":7,"on":true,"hue":37841,"sat":158,"bri":263,"reactiontime":0},{"id":8,"on":true,"hue":37841,"sat":158,"bri":263,"reactiontime":0},{"id":9,"on":true,"hue":37841,"sat":158,"bri":263,"reactiontime":0}]' (Thread[AWT-EventQueue-0,6,main])
Hue: Not authenticated; queueing command. (Thread[AWT-EventQueue-0,6,main])
Hue: Hue.js: issueCommand(): '[{"id":7,"on":true,"hue":41654,"sat":151,"bri":229,"reactiontime":0},{"id":8,"on":true,"hue":41654,"sat":151,"bri":229,"reactiontime":0},{"id":9,"on":true,"hue":41654,"sat":151,"bri":229,"reactiontime":0}]' (Thread[AWT-EventQueue-0,6,main])
Hue: Not authenticated; queueing command. (Thread[AWT-EventQueue-0,6,main])
Hue: Hue.js: issueCommand(): '[{"id":7,"on":true,"hue":39112,"sat":156,"bri":238,"reactiontime":0},{"id":8,"on":true,"hue":39112,"sat":156,"bri":238,"reactiontime":0},{"id":9,"on":true,"hue":39112,"sat":156,"bri":238,"reactiontime":0}]' (Thread[AWT-EventQueue-0,6,main])
Hue: Not authenticated; queueing command. (Thread[AWT-EventQueue-0,6,main])
Hue: Hue.js: issueCommand(): '[{"id":7,"on":true,"hue":30018,"sat":124,"bri":249,"reactiontime":0},{"id":8,"on":true,"hue":30018,"sat":124,"bri":249,"reactiontime":0},{"id":9,"on":true,"hue":30018,"sat":124,"bri":249,"reactiontime":0}]' (Thread[AWT-EventQueue-0,6,main])
Hue: Not authenticated; queueing command. (Thread[AWT-EventQueue-0,6,main])
Hue: Hue.js: issueCommand(): '[{"id":7,"on":true,"hue":18480,"sat":165,"bri":128,"reactiontime":0},{"id":8,"on":true,"hue":18480,"sat":165,"bri":128,"reactiontime":0},{"id":9,"on":true,"hue":18480,"sat":165,"bri":128,"reactiontime":0}]' (Thread[AWT-EventQueue-0,6,main])
Hue: Not authenticated; queueing command. (Thread[AWT-EventQueue-0,6,main])
Hue: Hue.js: issueCommand(): '[{"id":7,"on":true,"hue":37352,"sat":147,"bri":199,"reactiontime":0},{"id":8,"on":true,"hue":37352,"sat":147,"bri":199,"reactiontime":0},{"id":9,"on":true,"hue":37352,"sat":147,"bri":199,"reactiontime":0}]' (Thread[AWT-EventQueue-0,6,main])
Hue: Not authenticated; queueing command. (Thread[AWT-EventQueue-0,6,main])
Hue: Hue.js: issueCommand(): '[{"id":7,"on":true,"hue":31583,"sat":122,"bri":288,"reactiontime":0},{"id":8,"on":true,"hue":31583,"sat":122,"bri":288,"reactiontime":0},{"id":9,"on":true,"hue":31583,"sat":122,"bri":288,"reactiontime":0}]' (Thread[AWT-EventQueue-0,6,main])
Hue: Not authenticated; queueing command. (Thread[AWT-EventQueue-0,6,main])
Hue: Hue.js: issueCommand(): '[{"id":7,"on":true,"hue":34516,"sat":152,"bri":214,"reactiontime":0},{"id":8,"on":true,"hue":34516,"sat":152,"bri":214,"reactiontime":0},{"id":9,"on":true,"hue":34516,"sat":152,"bri":214,"reactiontime":0}]' (Thread[AWT-EventQueue-0,6,main])
Hue: Not authenticated; queueing command. (Thread[AWT-EventQueue-0,6,main])
Hue: Hue.js: issueCommand(): '[{"id":7,"on":true,"hue":43903,"sat":115,"bri":110,"reactiontime":0},{"id":8,"on":true,"hue":43903,"sat":115,"bri":110,"reactiontime":0},{"id":9,"on":true,"hue":43903,"sat":115,"bri":110,"reactiontime":0}]' (Thread[AWT-EventQueue-0,6,main])
Hue: Not authenticated; queueing command. (Thread[AWT-EventQueue-0,6,main])
Hue: Hue.js: issueCommand(): '[{"id":7,"on":true,"hue":29921,"sat":118,"bri":178,"reactiontime":0},{"id":8,"on":true,"hue":29921,"sat":118,"bri":178,"reactiontime":0},{"id":9,"on":true,"hue":29921,"sat":118,"bri":178,"reactiontime":0}]' (Thread[AWT-EventQueue-0,6,main])
Hue: Not authenticated; queueing command. (Thread[AWT-EventQueue-0,6,main])
Hue: Hue.js: issueCommand(): '[{"id":7,"on":true,"hue":22000,"sat":143,"bri":178,"reactiontime":0},{"id":8,"on":true,"hue":22000,"sat":143,"bri":178,"reactiontime":0},{"id":9,"on":true,"hue":22000,"sat":143,"bri":178,"reactiontime":0}]' (Thread[AWT-EventQueue-0,6,main])
Hue: Not authenticated; queueing command. (Thread[AWT-EventQueue-0,6,main])
Hue: Hue.js: issueCommand(): '[{"id":7,"on":true,"hue":38134,"sat":140,"bri":266,"reactiontime":0},{"id":8,"on":true,"hue":38134,"sat":140,"bri":266,"reactiontime":0},{"id":9,"on":true,"hue":38134,"sat":140,"bri":266,"reactiontime":0}]' (Thread[AWT-EventQueue-0,6,main])
Hue: Not authenticated; queueing command. (Thread[AWT-EventQueue-0,6,main])
Hue: Hue.js: issueCommand(): '[{"id":7,"on":true,"hue":29432,"sat":154,"bri":110,"reactiontime":0},{"id":8,"on":true,"hue":29432,"sat":154,"bri":110,"reactiontime":0},{"id":9,"on":true,"hue":29432,"sat":154,"bri":110,"reactiontime":0}]' (Thread[AWT-EventQueue-0,6,main])
Hue: Not authenticated; queueing command. (Thread[AWT-EventQueue-0,6,main])
Hue: Hue.js: issueCommand(): '[{"id":7,"on":true,"hue":38134,"sat":193,"bri":153,"reactiontime":0},{"id":8,"on":true,"hue":38134,"sat":193,"bri":153,"reactiontime":0},{"id":9,"on":true,"hue":38134,"sat":193,"bri":153,"reactiontime":0}]' (Thread[AWT-EventQueue-0,6,main])
Hue: Not authenticated; queueing command. (Thread[AWT-EventQueue-0,6,main])
Hue: Hue.js: issueCommand(): '[{"id":7,"on":true,"hue":44783,"sat":181,"bri":125,"reactiontime":0},{"id":8,"on":true,"hue":44783,"sat":181,"bri":125,"reactiontime":0},{"id":9,"on":true,"hue":44783,"sat":181,"bri":125,"reactiontime":0}]' (Thread[AWT-EventQueue-0,6,main])
Hue: Not authenticated; queueing command. (Thread[AWT-EventQueue-0,6,main])
Hue: Hue.js: issueCommand(): '[{"id":7,"on":true,"hue":36374,"sat":157,"bri":242,"reactiontime":0},{"id":8,"on":true,"hue":36374,"sat":157,"bri":242,"reactiontime":0},{"id":9,"on":true,"hue":36374,"sat":157,"bri":242,"reactiontime":0}]' (Thread[AWT-EventQueue-0,6,main])
Hue: Not authenticated; queueing command. (Thread[AWT-EventQueue-0,6,main])
Hue: Hue.js: issueCommand(): '[{"id":7,"on":true,"hue":39796,"sat":133,"bri":314,"reactiontime":0},{"id":8,"on":true,"hue":39796,"sat":133,"bri":314,"reactiontime":0},{"id":9,"on":true,"hue":39796,"sat":133,"bri":314,"reactiontime":0}]' (Thread[AWT-EventQueue-0,6,main])
Hue: Not authenticated; queueing command. (Thread[AWT-EventQueue-0,6,main])
Hue: Hue.js: issueCommand(): '[{"id":7,"on":true,"hue":34614,"sat":103,"bri":194,"reactiontime":0},{"id":8,"on":true,"hue":34614,"sat":103,"bri":194,"reactiontime":0},{"id":9,"on":true,"hue":34614,"sat":103,"bri":194,"reactiontime":0}]' (Thread[AWT-EventQueue-0,6,main])
Hue: Not authenticated; queueing command. (Thread[AWT-EventQueue-0,6,main])
Hue: Hue.js: issueCommand(): '[{"id":7,"on":true,"hue":24151,"sat":111,"bri":261,"reactiontime":0},{"id":8,"on":true,"hue":24151,"sat":111,"bri":261,"reactiontime":0},{"id":9,"on":true,"hue":24151,"sat":111,"bri":261,"reactiontime":0}]' (Thread[AWT-EventQueue-0,6,main])
Hue: Not authenticated; queueing command. (Thread[AWT-EventQueue-0,6,main])
ExportHTMLTimer went off after 30000 ms., calling getDirector().finish and getDirector().stopFire()
30098 ms. Memory: 2028544K Free: 582863K (29%)
Exported /home/travis/build/icyphy/ptII/org/terraswarm/accessor/demo/Hue/MotionLights/index.html
37860 ms. Memory: 2028544K Free: 535139K (26%)
####### 77 Sat May 12 02:42:35 UTC 2018 $PTII/bin/ptinvoke ptolemy.vergil.basic.export.ExportModel -force htm -run -openComposites -timeOut 30000 -whiteBackground org/terraswarm/accessor/demo/Hue/OccupancyLights.xml $PTII/org/terraswarm/accessor/demo/Hue/OccupancyLights
Running .OccupancyLights
Hue2: Attempting to connect to: http://10.0.0.235/api/ZAjh9AYL6s795RlqgaW0CzupRXrdpSQIqfyOnVyk/lights/ (Thread[AWT-EventQueue-0,6,main])
Hue2: Making an HTTP request. (Thread[AWT-EventQueue-0,6,main])
Hue2: Hue.js: issueCommand(): '[{"id":"2","on":false}]' (Thread[AWT-EventQueue-0,6,main])
Hue2: Not authenticated; queueing command. (Thread[AWT-EventQueue-0,6,main])
Hue2: Hue.js: issueCommand(): '[{"id":"2","on":false}]' (Thread[AWT-EventQueue-0,6,main])
Hue2: Not authenticated; queueing command. (Thread[AWT-EventQueue-0,6,main])
Hue2: Hue.js: issueCommand(): '[{"id":"2","on":false}]' (Thread[AWT-EventQueue-0,6,main])
Hue2: Not authenticated; queueing command. (Thread[AWT-EventQueue-0,6,main])
Hue2: Hue.js: issueCommand(): '[{"id":"2","on":false}]' (Thread[AWT-EventQueue-0,6,main])
Hue2: Not authenticated; queueing command. (Thread[AWT-EventQueue-0,6,main])
Hue2: Hue.js: issueCommand(): '[{"id":"2","on":false}]' (Thread[AWT-EventQueue-0,6,main])
Hue2: Not authenticated; queueing command. (Thread[AWT-EventQueue-0,6,main])
Hue2: Hue.js: issueCommand(): '[{"id":"2","on":false}]' (Thread[AWT-EventQueue-0,6,main])
Hue2: Not authenticated; queueing command. (Thread[AWT-EventQueue-0,6,main])
Hue2: Hue.js: issueCommand(): '[{"id":"2","on":false}]' (Thread[AWT-EventQueue-0,6,main])
Hue2: Not authenticated; queueing command. (Thread[AWT-EventQueue-0,6,main])
Hue2: Hue.js: issueCommand(): '[{"id":"2","on":false}]' (Thread[AWT-EventQueue-0,6,main])
Hue2: Not authenticated; queueing command. (Thread[AWT-EventQueue-0,6,main])
Hue2: Hue.js: issueCommand(): '[{"id":"2","on":false}]' (Thread[AWT-EventQueue-0,6,main])
Hue2: Not authenticated; queueing command. (Thread[AWT-EventQueue-0,6,main])
Hue2: Hue.js: issueCommand(): '[{"id":"2","on":false}]' (Thread[AWT-EventQueue-0,6,main])
Hue2: Not authenticated; queueing command. (Thread[AWT-EventQueue-0,6,main])
Hue2: Hue.js: issueCommand(): '[{"id":"2","on":false}]' (Thread[AWT-EventQueue-0,6,main])
Hue2: Not authenticated; queueing command. (Thread[AWT-EventQueue-0,6,main])
Hue2: Hue.js: issueCommand(): '[{"id":"2","on":false}]' (Thread[AWT-EventQueue-0,6,main])
Hue2: Not authenticated; queueing command. (Thread[AWT-EventQueue-0,6,main])
Hue2: Hue.js: issueCommand(): '[{"id":"2","on":false}]' (Thread[AWT-EventQueue-0,6,main])
Hue2: Not authenticated; queueing command. (Thread[AWT-EventQueue-0,6,main])
Hue2: Hue.js: issueCommand(): '[{"id":"2","on":false}]' (Thread[AWT-EventQueue-0,6,main])
Hue2: Not authenticated; queueing command. (Thread[AWT-EventQueue-0,6,main])
Hue2: Hue.js: issueCommand(): '[{"id":"2","on":false}]' (Thread[AWT-EventQueue-0,6,main])
Hue2: Not authenticated; queueing command. (Thread[AWT-EventQueue-0,6,main])
Hue2: Hue.js: issueCommand(): '[{"id":"2","on":false}]' (Thread[AWT-EventQueue-0,6,main])
Hue2: Not authenticated; queueing command. (Thread[AWT-EventQueue-0,6,main])
Hue2: Hue.js: issueCommand(): '[{"id":"2","on":false}]' (Thread[AWT-EventQueue-0,6,main])
Hue2: Not authenticated; queueing command. (Thread[AWT-EventQueue-0,6,main])
Hue2: Hue.js: issueCommand(): '[{"id":"2","on":false}]' (Thread[AWT-EventQueue-0,6,main])
Hue2: Not authenticated; queueing command. (Thread[AWT-EventQueue-0,6,main])
Hue2: Hue.js: issueCommand(): '[{"id":"2","on":false}]' (Thread[AWT-EventQueue-0,6,main])
Hue2: Not authenticated; queueing command. (Thread[AWT-EventQueue-0,6,main])
Hue2: Hue.js: issueCommand(): '[{"id":"2","on":false}]' (Thread[AWT-EventQueue-0,6,main])
Hue2: Not authenticated; queueing command. (Thread[AWT-EventQueue-0,6,main])
Hue2: Hue.js: issueCommand(): '[{"id":"2","on":false}]' (Thread[AWT-EventQueue-0,6,main])
Hue2: Not authenticated; queueing command. (Thread[AWT-EventQueue-0,6,main])
Hue2: Hue.js: issueCommand(): '[{"id":"2","on":false}]' (Thread[AWT-EventQueue-0,6,main])
Hue2: Not authenticated; queueing command. (Thread[AWT-EventQueue-0,6,main])
Hue2: Hue.js: issueCommand(): '[{"id":"2","on":false}]' (Thread[AWT-EventQueue-0,6,main])
Hue2: Not authenticated; queueing command. (Thread[AWT-EventQueue-0,6,main])
ExportHTMLTimer went off after 30000 ms., calling getDirector().finish and getDirector().stopFire()
30111 ms. Memory: 2145280K Free: 1391453K (65%)
Exported /home/travis/build/icyphy/ptII/org/terraswarm/accessor/demo/Hue/OccupancyLights/index.html
38476 ms. Memory: 2145280K Free: 1355644K (63%)
####### 78 Sat May 12 02:43:13 UTC 2018 $PTII/bin/ptinvoke ptolemy.vergil.basic.export.ExportModel -force htm -run -openComposites -timeOut 30000 -whiteBackground org/terraswarm/accessor/demo/Lifx/Lifx.xml $PTII/org/terraswarm/accessor/demo/Lifx/Lifx
Running .Lifx
Lifx: Start discovery: Broadcast at 255.255.255.255:56700... undefined (Thread[vert.x-eventloop-thread-2,6,main])
Lifx: Start discovery: Broadcast at 255.255.255.255:56700... undefined (Thread[vert.x-eventloop-thread-2,6,main])
Lifx: Start discovery: Broadcast at 255.255.255.255:56700... undefined (Thread[vert.x-eventloop-thread-2,6,main])
Lifx: Start discovery: Broadcast at 255.255.255.255:56700... undefined (Thread[vert.x-eventloop-thread-2,6,main])
22322 ms. Memory: 2101248K Free: 1235162K (59%)
Exported /home/travis/build/icyphy/ptII/org/terraswarm/accessor/demo/Lifx/Lifx/index.html
31543 ms. Memory: 2101248K Free: 1190540K (57%)
####### 79 Sat May 12 02:43:45 UTC 2018 $PTII/bin/ptinvoke ptolemy.vergil.basic.export.ExportModel -force htm -run -openComposites -timeOut 30000 -whiteBackground org/terraswarm/accessor/demo/NaturalLanguage/NaturalLanguage.xml $PTII/org/terraswarm/accessor/demo/NaturalLanguage/NaturalLanguage
Running .NaturalLanguage
NaturalLanguage: Making an HTTP request. (Thread[AWT-EventQueue-0,6,main])
NaturalLanguage: Making an HTTP request. (Thread[AWT-EventQueue-0,6,main])
NaturalLanguage: Making an HTTP request. (Thread[AWT-EventQueue-0,6,main])
12843 ms. Memory: 2173440K Free: 865859K (40%)
Exported /home/travis/build/icyphy/ptII/org/terraswarm/accessor/demo/NaturalLanguage/NaturalLanguage/index.html
21707 ms. Memory: 2173440K Free: 826193K (38%)
####### 80 Sat May 12 02:44:06 UTC 2018 $PTII/bin/ptinvoke ptolemy.vergil.basic.export.ExportModel -force htm -run -openComposites -timeOut 30000 -whiteBackground org/terraswarm/accessor/demo/Scarab/Scarab.xml $PTII/org/terraswarm/accessor/demo/Scarab/Scarab
Running .Scarab
Scarab: Connection failed. Will try again: connection timed out: /192.168.0.111:9090 (Thread[vert.x-eventloop-thread-2,6,main])
Scarab: Connection failed. Will try again: connection timed out: /192.168.0.111:9090 (Thread[vert.x-eventloop-thread-2,6,main])
Scarab: Connection failed. Will try again: connection timed out: /192.168.0.111:9090 (Thread[vert.x-eventloop-thread-2,6,main])
Scarab: Connection failed. Will try again: connection timed out: /192.168.0.111:9090 (Thread[vert.x-eventloop-thread-2,6,main])
Scarab: Connection failed. Will try again: connection timed out: /192.168.0.111:9090 (Thread[vert.x-eventloop-thread-2,6,main])
Scarab: Connection failed. Will try again: connection timed out: /192.168.0.111:9090 (Thread[vert.x-eventloop-thread-2,6,main])
Scarab: Connection failed. Will try again: connection timed out: /192.168.0.111:9090 (Thread[vert.x-eventloop-thread-2,6,main])
Scarab: Connection failed. Will try again: connection timed out: /192.168.0.111:9090 (Thread[vert.x-eventloop-thread-2,6,main])
Scarab: Connection failed. Will try again: connection timed out: /192.168.0.111:9090 (Thread[vert.x-eventloop-thread-2,6,main])
Scarab: Connection failed. Will try again: connection timed out: /192.168.0.111:9090 (Thread[vert.x-eventloop-thread-2,6,main])
Scarab: Connection failed. Will try again: connection timed out: /192.168.0.111:9090 (Thread[vert.x-eventloop-thread-2,6,main])
Scarab: Connection failed. Will try again: connection timed out: /192.168.0.111:9090 (Thread[vert.x-eventloop-thread-2,6,main])
Scarab: Sending over socket: {"op":"publish","topic":"/scarab/lucy/cmd_vel","msg":{"angular":{"x":0,"y":0,"z":0},"linear":{"x":0,"y":0,"z":0}}} (Thread[AWT-EventQueue-0,6,main])
Scarab: Sending over socket: {"op":"publish","topic":"/scarab/lucy/cmd_vel","msg":{"angular":{"x":0,"y":0,"z":-0.1625341796875},"linear":{"x":0,"y":0,"z":0}}} (Thread[AWT-EventQueue-0,6,main])
Scarab: Sending over socket: {"op":"publish","topic":"/scarab/lucy/cmd_vel","msg":{"angular":{"x":0,"y":0,"z":1.3743688964843748},"linear":{"x":0,"y":0,"z":0}}} (Thread[AWT-EventQueue-0,6,main])
Scarab: Sending over socket: {"op":"publish","topic":"/scarab/lucy/cmd_vel","msg":{"angular":{"x":0,"y":0,"z":0.5796173095703125},"linear":{"x":0,"y":0,"z":0}}} (Thread[AWT-EventQueue-0,6,main])
Scarab: Sending over socket: {"op":"publish","topic":"/scarab/lucy/cmd_vel","msg":{"angular":{"x":0,"y":0,"z":1.9093473307291666},"linear":{"x":0,"y":0,"z":0}}} (Thread[AWT-EventQueue-0,6,main])
Scarab: Sending over socket: {"op":"publish","topic":"/scarab/lucy/cmd_vel","msg":{"angular":{"x":0,"y":0,"z":1.23021240234375},"linear":{"x":0,"y":0,"z":0}}} (Thread[AWT-EventQueue-0,6,main])
Scarab: Sending over socket: {"op":"publish","topic":"/scarab/lucy/cmd_vel","msg":{"angular":{"x":0,"y":0,"z":2.040252482096354},"linear":{"x":0,"y":0,"z":0}}} (Thread[AWT-EventQueue-0,6,main])
Scarab: Sending over socket: {"op":"publish","topic":"/scarab/lucy/cmd_vel","msg":{"angular":{"x":0,"y":0,"z":0.19668558756510418},"linear":{"x":0,"y":0,"z":0}}} (Thread[AWT-EventQueue-0,6,main])
Scarab: Sending over socket: {"op":"publish","topic":"/scarab/lucy/cmd_vel","msg":{"angular":{"x":0,"y":0,"z":-0.27105509440104164},"linear":{"x":0,"y":0,"z":0}}} (Thread[AWT-EventQueue-0,6,main])
Scarab: Sending over socket: {"op":"publish","topic":"/scarab/lucy/cmd_vel","msg":{"angular":{"x":0,"y":0,"z":0.4813163248697916},"linear":{"x":0,"y":0,"z":0}}} (Thread[AWT-EventQueue-0,6,main])
Scarab: Sending over socket: {"op":"publish","topic":"/scarab/lucy/cmd_vel","msg":{"angular":{"x":0,"y":0,"z":0.03682210286458334},"linear":{"x":0,"y":0,"z":0}}} (Thread[AWT-EventQueue-0,6,main])
Scarab: Sending over socket: {"op":"publish","topic":"/scarab/lucy/cmd_vel","msg":{"angular":{"x":0,"y":0,"z":1.3536224365234375},"linear":{"x":0,"y":0,"z":0}}} (Thread[AWT-EventQueue-0,6,main])
Scarab: Sending over socket: {"op":"publish","topic":"/scarab/lucy/cmd_vel","msg":{"angular":{"x":0,"y":0,"z":2.491659342447917},"linear":{"x":0,"y":0,"z":0}}} (Thread[AWT-EventQueue-0,6,main])
Scarab: Sending over socket: {"op":"publish","topic":"/scarab/lucy/cmd_vel","msg":{"angular":{"x":0,"y":0,"z":2.9599088541666663},"linear":{"x":0,"y":0,"z":0}}} (Thread[AWT-EventQueue-0,6,main])
Scarab: Sending over socket: {"op":"publish","topic":"/scarab/lucy/cmd_vel","msg":{"angular":{"x":0,"y":0,"z":2.169701334635417},"linear":{"x":0,"y":0,"z":0}}} (Thread[AWT-EventQueue-0,6,main])
Scarab: Sending over socket: {"op":"publish","topic":"/scarab/lucy/cmd_vel","msg":{"angular":{"x":0,"y":0,"z":-0.22901041666666672},"linear":{"x":0,"y":0,"z":0}}} (Thread[AWT-EventQueue-0,6,main])
Scarab: Sending over socket: {"op":"publish","topic":"/scarab/lucy/cmd_vel","msg":{"angular":{"x":0,"y":0,"z":1.6095774332682293},"linear":{"x":0,"y":0,"z":0}}} (Thread[AWT-EventQueue-0,6,main])
Scarab: Sending over socket: {"op":"publish","topic":"/scarab/lucy/cmd_vel","msg":{"angular":{"x":0,"y":0,"z":0.8550020345052083},"linear":{"x":0,"y":0,"z":0}}} (Thread[AWT-EventQueue-0,6,main])
Scarab: Sending over socket: {"op":"publish","topic":"/scarab/lucy/cmd_vel","msg":{"angular":{"x":0,"y":0,"z":-1.6620296223958335},"linear":{"x":0,"y":0,"z":0}}} (Thread[AWT-EventQueue-0,6,main])
Scarab: Sending over socket: {"op":"publish","topic":"/scarab/lucy/cmd_vel","msg":{"angular":{"x":0,"y":0,"z":-0.3737677001953125},"linear":{"x":0,"y":0,"z":0}}} (Thread[AWT-EventQueue-0,6,main])
Scarab: Sending over socket: {"op":"publish","topic":"/scarab/lucy/cmd_vel","msg":{"angular":{"x":0,"y":0,"z":3.706365966796875},"linear":{"x":0,"y":0,"z":0}}} (Thread[AWT-EventQueue-0,6,main])
Scarab: Sending over socket: {"op":"publish","topic":"/scarab/lucy/cmd_vel","msg":{"angular":{"x":0,"y":0,"z":0.60972900390625},"linear":{"x":0,"y":0,"z":0}}} (Thread[AWT-EventQueue-0,6,main])
Scarab: Sending over socket: {"op":"publish","topic":"/scarab/lucy/cmd_vel","msg":{"angular":{"x":0,"y":0,"z":-3.0682389322916674},"linear":{"x":0,"y":0,"z":0}}} (Thread[AWT-EventQueue-0,6,main])
Scarab: Connection failed. Will try again: connection timed out: /192.168.0.111:9090 (Thread[vert.x-eventloop-thread-2,6,main])
Scarab: Connection failed. Will try again: connection timed out: /192.168.0.111:9090 (Thread[vert.x-eventloop-thread-2,6,main])
Scarab: Connection failed. Will try again: connection timed out: /192.168.0.111:9090 (Thread[vert.x-eventloop-thread-2,6,main])
Scarab: Sending over socket: {"op":"publish","topic":"/scarab/lucy/cmd_vel","msg":{"angular":{"x":0,"y":0,"z":0.14587605794270833},"linear":{"x":0,"y":0,"z":0}}} (Thread[AWT-EventQueue-0,6,main])
Scarab: Connection failed. Will try again: connection timed out: /192.168.0.111:9090 (Thread[vert.x-eventloop-thread-2,6,main])
Scarab: Connection failed. Will try again: connection timed out: /192.168.0.111:9090 (Thread[vert.x-eventloop-thread-2,6,main])
Scarab: Connection failed. Will try again: connection timed out: /192.168.0.111:9090 (Thread[vert.x-eventloop-thread-2,6,main])
Scarab: Sending over socket: {"op":"publish","topic":"/scarab/lucy/cmd_vel","msg":{"angular":{"x":0,"y":0,"z":-0.2596343994140625},"linear":{"x":0,"y":0,"z":0}}} (Thread[AWT-EventQueue-0,6,main])
Scarab: Sending over socket: {"op":"publish","topic":"/scarab/lucy/cmd_vel","msg":{"angular":{"x":0,"y":0,"z":1.2066357421875},"linear":{"x":0,"y":0,"z":0}}} (Thread[AWT-EventQueue-0,6,main])
Scarab: Sending over socket: {"op":"publish","topic":"/scarab/lucy/cmd_vel","msg":{"angular":{"x":0,"y":0,"z":1.616485595703125},"linear":{"x":0,"y":0,"z":0}}} (Thread[AWT-EventQueue-0,6,main])
Scarab: Sending over socket: {"op":"publish","topic":"/scarab/lucy/cmd_vel","msg":{"angular":{"x":0,"y":0,"z":0.74137939453125},"linear":{"x":0,"y":0,"z":0}}} (Thread[AWT-EventQueue-0,6,main])
Scarab: Sending over socket: {"op":"publish","topic":"/scarab/lucy/cmd_vel","msg":{"angular":{"x":0,"y":0,"z":1.7399804687500002},"linear":{"x":0,"y":0,"z":0}}} (Thread[AWT-EventQueue-0,6,main])
Scarab: Sending over socket: {"op":"publish","topic":"/scarab/lucy/cmd_vel","msg":{"angular":{"x":0,"y":0,"z":0.139222412109375},"linear":{"x":0,"y":0,"z":0}}} (Thread[AWT-EventQueue-0,6,main])
Scarab: Sending over socket: {"op":"publish","topic":"/scarab/lucy/cmd_vel","msg":{"angular":{"x":0,"y":0,"z":0.18550130208333332},"linear":{"x":0,"y":0,"z":0}}} (Thread[AWT-EventQueue-0,6,main])
Scarab: Sending over socket: {"op":"publish","topic":"/scarab/lucy/cmd_vel","msg":{"angular":{"x":0,"y":0,"z":1.480880126953125},"linear":{"x":0,"y":0,"z":0}}} (Thread[AWT-EventQueue-0,6,main])
Scarab: Sending over socket: {"op":"publish","topic":"/scarab/lucy/cmd_vel","msg":{"angular":{"x":0,"y":0,"z":-0.90697265625},"linear":{"x":0,"y":0,"z":0}}} (Thread[AWT-EventQueue-0,6,main])
Scarab: Sending over socket: {"op":"publish","topic":"/scarab/lucy/cmd_vel","msg":{"angular":{"x":0,"y":0,"z":-0.3355126953125},"linear":{"x":0,"y":0,"z":0}}} (Thread[AWT-EventQueue-0,6,main])
Scarab: Sending over socket: {"op":"publish","topic":"/scarab/lucy/cmd_vel","msg":{"angular":{"x":0,"y":0,"z":0.8358642578125},"linear":{"x":0,"y":0,"z":0}}} (Thread[AWT-EventQueue-0,6,main])
Scarab: Sending over socket: {"op":"publish","topic":"/scarab/lucy/cmd_vel","msg":{"angular":{"x":0,"y":0,"z":0.317724609375},"linear":{"x":0,"y":0,"z":0}}} (Thread[AWT-EventQueue-0,6,main])
Scarab: Connection failed. Will try again: connection timed out: /192.168.0.111:9090 (Thread[vert.x-eventloop-thread-2,6,main])
Scarab: Connection failed. Will try again: connection timed out: /192.168.0.111:9090 (Thread[vert.x-eventloop-thread-2,6,main])
Scarab: Connection failed. Will try again: connection timed out: /192.168.0.111:9090 (Thread[vert.x-eventloop-thread-2,6,main])
Scarab: Connection failed. Will try again: connection timed out: /192.168.0.111:9090 (Thread[vert.x-eventloop-thread-2,6,main])
Scarab: Connection failed. Will try again: connection timed out: /192.168.0.111:9090 (Thread[vert.x-eventloop-thread-2,6,main])
Scarab: Connection failed. Will try again: connection timed out: /192.168.0.111:9090 (Thread[vert.x-eventloop-thread-2,6,main])
Scarab: Sending over socket: {"op":"publish","topic":"/scarab/lucy/cmd_vel","msg":{"angular":{"x":0,"y":0,"z":0.2639373779296875},"linear":{"x":0,"y":0,"z":0}}} (Thread[AWT-EventQueue-0,6,main])
Scarab: Sending over socket: {"op":"publish","topic":"/scarab/lucy/cmd_vel","msg":{"angular":{"x":0,"y":0,"z":0.12888671875000002},"linear":{"x":0,"y":0,"z":0}}} (Thread[AWT-EventQueue-0,6,main])
Scarab: Sending over socket: {"op":"publish","topic":"/scarab/lucy/cmd_vel","msg":{"angular":{"x":0,"y":0,"z":0.8923315429687501},"linear":{"x":0,"y":0,"z":0}}} (Thread[AWT-EventQueue-0,6,main])
Scarab: Sending over socket: {"op":"publish","topic":"/scarab/lucy/cmd_vel","msg":{"angular":{"x":0,"y":0,"z":1.6459578450520833},"linear":{"x":0,"y":0,"z":0}}} (Thread[AWT-EventQueue-0,6,main])
Scarab: Sending over socket: {"op":"publish","topic":"/scarab/lucy/cmd_vel","msg":{"angular":{"x":0,"y":0,"z":0.2391815185546875},"linear":{"x":0,"y":0,"z":0}}} (Thread[AWT-EventQueue-0,6,main])
Scarab: Sending over socket: {"op":"publish","topic":"/scarab/lucy/cmd_vel","msg":{"angular":{"x":0,"y":0,"z":1.4758296712239585},"linear":{"x":0,"y":0,"z":0}}} (Thread[AWT-EventQueue-0,6,main])
Scarab: Sending over socket: {"op":"publish","topic":"/scarab/lucy/cmd_vel","msg":{"angular":{"x":0,"y":0,"z":2.118255004882813},"linear":{"x":0,"y":0,"z":0}}} (Thread[AWT-EventQueue-0,6,main])
Scarab: Sending over socket: {"op":"publish","topic":"/scarab/lucy/cmd_vel","msg":{"angular":{"x":0,"y":0,"z":1.2236043294270833},"linear":{"x":0,"y":0,"z":0}}} (Thread[AWT-EventQueue-0,6,main])
Scarab: Sending over socket: {"op":"publish","topic":"/scarab/lucy/cmd_vel","msg":{"angular":{"x":0,"y":0,"z":-2.236279296875},"linear":{"x":0,"y":0,"z":0}}} (Thread[AWT-EventQueue-0,6,main])
Scarab: Sending over socket: {"op":"publish","topic":"/scarab/lucy/cmd_vel","msg":{"angular":{"x":0,"y":0,"z":-1.1548946126302084},"linear":{"x":0,"y":0,"z":0}}} (Thread[AWT-EventQueue-0,6,main])
Scarab: Sending over socket: {"op":"publish","topic":"/scarab/lucy/cmd_vel","msg":{"angular":{"x":0,"y":0,"z":-0.48477050781250003},"linear":{"x":0,"y":0,"z":0}}} (Thread[AWT-EventQueue-0,6,main])
Scarab: Sending over socket: {"op":"publish","topic":"/scarab/lucy/cmd_vel","msg":{"angular":{"x":0,"y":0,"z":1.5244246419270833},"linear":{"x":0,"y":0,"z":0}}} (Thread[AWT-EventQueue-0,6,main])
Scarab: Sending over socket: {"op":"publish","topic":"/scarab/lucy/cmd_vel","msg":{"angular":{"x":0,"y":0,"z":1.8500533040364584},"linear":{"x":0,"y":0,"z":0}}} (Thread[AWT-EventQueue-0,6,main])
Scarab: Sending over socket: {"op":"publish","topic":"/scarab/lucy/cmd_vel","msg":{"angular":{"x":0,"y":0,"z":0.483994140625},"linear":{"x":0,"y":0,"z":0}}} (Thread[AWT-EventQueue-0,6,main])
Scarab: Connection failed. Will try again: connection timed out: /192.168.0.111:9090 (Thread[vert.x-eventloop-thread-2,6,main])
Scarab: Connection failed. Will try again: connection timed out: /192.168.0.111:9090 (Thread[vert.x-eventloop-thread-2,6,main])
Scarab: Connection failed. Will try again: connection timed out: /192.168.0.111:9090 (Thread[vert.x-eventloop-thread-2,6,main])
Scarab: Connection failed. Will try again: connection timed out: /192.168.0.111:9090 (Thread[vert.x-eventloop-thread-2,6,main])
Scarab: Connection failed. Will try again: connection timed out: /192.168.0.111:9090 (Thread[vert.x-eventloop-thread-2,6,main])
Scarab: Sending over socket: {"op":"publish","topic":"/scarab/lucy/cmd_vel","msg":{"angular":{"x":0,"y":0,"z":0.20704223632812502},"linear":{"x":0,"y":0,"z":0}}} (Thread[AWT-EventQueue-0,6,main])
Scarab: Connection failed. Will try again: connection timed out: /192.168.0.111:9090 (Thread[vert.x-eventloop-thread-2,6,main])
Scarab: Sending over socket: {"op":"publish","topic":"/scarab/lucy/cmd_vel","msg":{"angular":{"x":0,"y":0,"z":1.37169677734375},"linear":{"x":0,"y":0,"z":0}}} (Thread[AWT-EventQueue-0,6,main])
Scarab: Sending over socket: {"op":"publish","topic":"/scarab/lucy/cmd_vel","msg":{"angular":{"x":0,"y":0,"z":-0.37350260416666664},"linear":{"x":0,"y":0,"z":0}}} (Thread[AWT-EventQueue-0,6,main])
Scarab: Sending over socket: {"op":"publish","topic":"/scarab/lucy/cmd_vel","msg":{"angular":{"x":0,"y":0,"z":-1.0520050048828125},"linear":{"x":0,"y":0,"z":0}}} (Thread[AWT-EventQueue-0,6,main])
Scarab: Sending over socket: {"op":"publish","topic":"/scarab/lucy/cmd_vel","msg":{"angular":{"x":0,"y":0,"z":0.21408691406250005},"linear":{"x":0,"y":0,"z":0}}} (Thread[AWT-EventQueue-0,6,main])
Scarab: Sending over socket: {"op":"publish","topic":"/scarab/lucy/cmd_vel","msg":{"angular":{"x":0,"y":0,"z":0.2749125162760417},"linear":{"x":0,"y":0,"z":0}}} (Thread[AWT-EventQueue-0,6,main])
Scarab: Sending over socket: {"op":"publish","topic":"/scarab/lucy/cmd_vel","msg":{"angular":{"x":0,"y":0,"z":0.8295336914062501},"linear":{"x":0,"y":0,"z":0}}} (Thread[AWT-EventQueue-0,6,main])
Scarab: Sending over socket: {"op":"publish","topic":"/scarab/lucy/cmd_vel","msg":{"angular":{"x":0,"y":0,"z":0.8565124511718751},"linear":{"x":0,"y":0,"z":0}}} (Thread[AWT-EventQueue-0,6,main])
Scarab: Sending over socket: {"op":"publish","topic":"/scarab/lucy/cmd_vel","msg":{"angular":{"x":0,"y":0,"z":0.7027606201171877},"linear":{"x":0,"y":0,"z":0}}} (Thread[AWT-EventQueue-0,6,main])
Scarab: Sending over socket: {"op":"publish","topic":"/scarab/lucy/cmd_vel","msg":{"angular":{"x":0,"y":0,"z":-0.14296630859375},"linear":{"x":0,"y":0,"z":0}}} (Thread[AWT-EventQueue-0,6,main])
Scarab: Sending over socket: {"op":"publish","topic":"/scarab/lucy/cmd_vel","msg":{"angular":{"x":0,"y":0,"z":-1.0498238118489582},"linear":{"x":0,"y":0,"z":0}}} (Thread[AWT-EventQueue-0,6,main])
Scarab: Sending over socket: {"op":"publish","topic":"/scarab/lucy/cmd_vel","msg":{"angular":{"x":0,"y":0,"z":-0.8066377766927083},"linear":{"x":0,"y":0,"z":0}}} (Thread[AWT-EventQueue-0,6,main])
Scarab: Sending over socket: {"op":"publish","topic":"/scarab/lucy/cmd_vel","msg":{"angular":{"x":0,"y":0,"z":-1.5375531005859375},"linear":{"x":0,"y":0,"z":0}}} (Thread[AWT-EventQueue-0,6,main])
Scarab: Sending over socket: {"op":"publish","topic":"/scarab/lucy/cmd_vel","msg":{"angular":{"x":0,"y":0,"z":-3.4394128417968752},"linear":{"x":0,"y":0,"z":0}}} (Thread[AWT-EventQueue-0,6,main])
Scarab: Sending over socket: {"op":"publish","topic":"/scarab/lucy/cmd_vel","msg":{"angular":{"x":0,"y":0,"z":-2.5478521728515626},"linear":{"x":0,"y":0,"z":0}}} (Thread[AWT-EventQueue-0,6,main])
Scarab: Connection failed. Will try again: connection timed out: /192.168.0.111:9090 (Thread[vert.x-eventloop-thread-2,6,main])
Scarab: Connection failed. Will try again: connection timed out: /192.168.0.111:9090 (Thread[vert.x-eventloop-thread-2,6,main])
Scarab: Connection failed. Will try again: connection timed out: /192.168.0.111:9090 (Thread[vert.x-eventloop-thread-2,6,main])
Scarab: Connection failed. Will try again: connection timed out: /192.168.0.111:9090 (Thread[vert.x-eventloop-thread-2,6,main])
Scarab: Connection failed. Will try again: connection timed out: /192.168.0.111:9090 (Thread[vert.x-eventloop-thread-2,6,main])
Scarab: Connection failed. Will try again: connection timed out: /192.168.0.111:9090 (Thread[vert.x-eventloop-thread-2,6,main])
Scarab: Sending over socket: {"op":"publish","topic":"/scarab/lucy/cmd_vel","msg":{"angular":{"x":0,"y":0,"z":-0.018231201171875},"linear":{"x":0,"y":0,"z":0}}} (Thread[AWT-EventQueue-0,6,main])
Scarab: Sending over socket: {"op":"publish","topic":"/scarab/lucy/cmd_vel","msg":{"angular":{"x":0,"y":0,"z":0.083035888671875},"linear":{"x":0,"y":0,"z":0}}} (Thread[AWT-EventQueue-0,6,main])
Scarab: Sending over socket: {"op":"publish","topic":"/scarab/lucy/cmd_vel","msg":{"angular":{"x":0,"y":0,"z":1.2819742838541668},"linear":{"x":0,"y":0,"z":0}}} (Thread[AWT-EventQueue-0,6,main])
Scarab: Sending over socket: {"op":"publish","topic":"/scarab/lucy/cmd_vel","msg":{"angular":{"x":0,"y":0,"z":0.5388061523437501},"linear":{"x":0,"y":0,"z":0}}} (Thread[AWT-EventQueue-0,6,main])
Scarab: Sending over socket: {"op":"publish","topic":"/scarab/lucy/cmd_vel","msg":{"angular":{"x":0,"y":0,"z":-0.30544677734375003},"linear":{"x":0,"y":0,"z":0}}} (Thread[AWT-EventQueue-0,6,main])
Scarab: Sending over socket: {"op":"publish","topic":"/scarab/lucy/cmd_vel","msg":{"angular":{"x":0,"y":0,"z":-0.1223388671875},"linear":{"x":0,"y":0,"z":0}}} (Thread[AWT-EventQueue-0,6,main])
Scarab: Sending over socket: {"op":"publish","topic":"/scarab/lucy/cmd_vel","msg":{"angular":{"x":0,"y":0,"z":3.6006319173177084},"linear":{"x":0,"y":0,"z":0}}} (Thread[AWT-EventQueue-0,6,main])
Scarab: Sending over socket: {"op":"publish","topic":"/scarab/lucy/cmd_vel","msg":{"angular":{"x":0,"y":0,"z":-0.8577748616536459},"linear":{"x":0,"y":0,"z":0}}} (Thread[AWT-EventQueue-0,6,main])
Scarab: Sending over socket: {"op":"publish","topic":"/scarab/lucy/cmd_vel","msg":{"angular":{"x":0,"y":0,"z":-0.42057617187499996},"linear":{"x":0,"y":0,"z":0}}} (Thread[AWT-EventQueue-0,6,main])
Scarab: Sending over socket: {"op":"publish","topic":"/scarab/lucy/cmd_vel","msg":{"angular":{"x":0,"y":0,"z":0.041864624023437505},"linear":{"x":0,"y":0,"z":0}}} (Thread[AWT-EventQueue-0,6,main])
Scarab: Sending over socket: {"op":"publish","topic":"/scarab/lucy/cmd_vel","msg":{"angular":{"x":0,"y":0,"z":0.39105468750000005},"linear":{"x":0,"y":0,"z":0}}} (Thread[AWT-EventQueue-0,6,main])
Scarab: Sending over socket: {"op":"publish","topic":"/scarab/lucy/cmd_vel","msg":{"angular":{"x":0,"y":0,"z":2.401702880859375},"linear":{"x":0,"y":0,"z":0}}} (Thread[AWT-EventQueue-0,6,main])
Scarab: Sending over socket: {"op":"publish","topic":"/scarab/lucy/cmd_vel","msg":{"angular":{"x":0,"y":0,"z":2.7198160807291663},"linear":{"x":0,"y":0,"z":0}}} (Thread[AWT-EventQueue-0,6,main])
Scarab: Sending over socket: {"op":"publish","topic":"/scarab/lucy/cmd_vel","msg":{"angular":{"x":0,"y":0,"z":2.614452107747396},"linear":{"x":0,"y":0,"z":0}}} (Thread[AWT-EventQueue-0,6,main])
Scarab: Connection failed. Will try again: connection timed out: /192.168.0.111:9090 (Thread[vert.x-eventloop-thread-2,6,main])
Scarab: Connection failed. Will try again: connection timed out: /192.168.0.111:9090 (Thread[vert.x-eventloop-thread-2,6,main])
Scarab: Connection failed. Will try again: connection timed out: /192.168.0.111:9090 (Thread[vert.x-eventloop-thread-2,6,main])
Scarab: Connection failed. Will try again: connection timed out: /192.168.0.111:9090 (Thread[vert.x-eventloop-thread-2,6,main])
Scarab: Connection failed. Will try again: connection timed out: /192.168.0.111:9090 (Thread[vert.x-eventloop-thread-2,6,main])
Scarab: Connection failed. Will try again: connection timed out: /192.168.0.111:9090 (Thread[vert.x-eventloop-thread-2,6,main])
Scarab: Sending over socket: {"op":"publish","topic":"/scarab/lucy/cmd_vel","msg":{"angular":{"x":0,"y":0,"z":2.84853271484375},"linear":{"x":0,"y":0,"z":0}}} (Thread[AWT-EventQueue-0,6,main])
Scarab: Sending over socket: {"op":"publish","topic":"/scarab/lucy/cmd_vel","msg":{"angular":{"x":0,"y":0,"z":0.08381835937500001},"linear":{"x":0,"y":0,"z":0}}} (Thread[AWT-EventQueue-0,6,main])
Scarab: Sending over socket: {"op":"publish","topic":"/scarab/lucy/cmd_vel","msg":{"angular":{"x":0,"y":0,"z":0.1644122314453125},"linear":{"x":0,"y":0,"z":0}}} (Thread[AWT-EventQueue-0,6,main])
Scarab: Sending over socket: {"op":"publish","topic":"/scarab/lucy/cmd_vel","msg":{"angular":{"x":0,"y":0,"z":-0.21263264973958335},"linear":{"x":0,"y":0,"z":0}}} (Thread[AWT-EventQueue-0,6,main])
Scarab: Sending over socket: {"op":"publish","topic":"/scarab/lucy/cmd_vel","msg":{"angular":{"x":0,"y":0,"z":1.38686767578125},"linear":{"x":0,"y":0,"z":0}}} (Thread[AWT-EventQueue-0,6,main])
Scarab: Sending over socket: {"op":"publish","topic":"/scarab/lucy/cmd_vel","msg":{"angular":{"x":0,"y":0,"z":1.0143115234375002},"linear":{"x":0,"y":0,"z":0}}} (Thread[AWT-EventQueue-0,6,main])
Scarab: Sending over socket: {"op":"publish","topic":"/scarab/lucy/cmd_vel","msg":{"angular":{"x":0,"y":0,"z":-0.5388559977213543},"linear":{"x":0,"y":0,"z":0}}} (Thread[AWT-EventQueue-0,6,main])
Scarab: Sending over socket: {"op":"publish","topic":"/scarab/lucy/cmd_vel","msg":{"angular":{"x":0,"y":0,"z":0.5504117838541667},"linear":{"x":0,"y":0,"z":0}}} (Thread[AWT-EventQueue-0,6,main])
Scarab: Sending over socket: {"op":"publish","topic":"/scarab/lucy/cmd_vel","msg":{"angular":{"x":0,"y":0,"z":0.9295648193359376},"linear":{"x":0,"y":0,"z":0}}} (Thread[AWT-EventQueue-0,6,main])
Scarab: Sending over socket: {"op":"publish","topic":"/scarab/lucy/cmd_vel","msg":{"angular":{"x":0,"y":0,"z":0.9716532389322918},"linear":{"x":0,"y":0,"z":0}}} (Thread[AWT-EventQueue-0,6,main])
Scarab: Sending over socket: {"op":"publish","topic":"/scarab/lucy/cmd_vel","msg":{"angular":{"x":0,"y":0,"z":0.2628031412760417},"linear":{"x":0,"y":0,"z":0}}} (Thread[AWT-EventQueue-0,6,main])
Scarab: Sending over socket: {"op":"publish","topic":"/scarab/lucy/cmd_vel","msg":{"angular":{"x":0,"y":0,"z":-3.1287042236328126},"linear":{"x":0,"y":0,"z":0}}} (Thread[AWT-EventQueue-0,6,main])
Scarab: Sending over socket: {"op":"publish","topic":"/scarab/lucy/cmd_vel","msg":{"angular":{"x":0,"y":0,"z":-2.7052571614583334},"linear":{"x":0,"y":0,"z":0}}} (Thread[AWT-EventQueue-0,6,main])
Scarab: Sending over socket: {"op":"publish","topic":"/scarab/lucy/cmd_vel","msg":{"angular":{"x":0,"y":0,"z":-0.131158447265625},"linear":{"x":0,"y":0,"z":0}}} (Thread[AWT-EventQueue-0,6,main])
Scarab: Sending over socket: {"op":"publish","topic":"/scarab/lucy/cmd_vel","msg":{"angular":{"x":0,"y":0,"z":1.1533666992187501},"linear":{"x":0,"y":0,"z":0}}} (Thread[AWT-EventQueue-0,6,main])
Scarab: Connection failed. Will try again: connection timed out: /192.168.0.111:9090 (Thread[vert.x-eventloop-thread-2,6,main])
Scarab: Connection failed. Will try again: connection timed out: /192.168.0.111:9090 (Thread[vert.x-eventloop-thread-2,6,main])
Scarab: Connection failed. Will try again: connection timed out: /192.168.0.111:9090 (Thread[vert.x-eventloop-thread-2,6,main])
Scarab: Connection failed. Will try again: connection timed out: /192.168.0.111:9090 (Thread[vert.x-eventloop-thread-2,6,main])
Scarab: Connection failed. Will try again: connection timed out: /192.168.0.111:9090 (Thread[vert.x-eventloop-thread-2,6,main])
Scarab: Connection failed. Will try again: connection timed out: /192.168.0.111:9090 (Thread[vert.x-eventloop-thread-2,6,main])
Scarab: Sending over socket: {"op":"publish","topic":"/scarab/lucy/cmd_vel","msg":{"angular":{"x":0,"y":0,"z":1.4308542887369793},"linear":{"x":0,"y":0,"z":0}}} (Thread[AWT-EventQueue-0,6,main])
Scarab: Sending over socket: {"op":"publish","topic":"/scarab/lucy/cmd_vel","msg":{"angular":{"x":0,"y":0,"z":2.3167822265625},"linear":{"x":0,"y":0,"z":0}}} (Thread[AWT-EventQueue-0,6,main])
Scarab: Sending over socket: {"op":"publish","topic":"/scarab/lucy/cmd_vel","msg":{"angular":{"x":0,"y":0,"z":1.7777775065104167},"linear":{"x":0,"y":0,"z":0}}} (Thread[AWT-EventQueue-0,6,main])
Scarab: Sending over socket: {"op":"publish","topic":"/scarab/lucy/cmd_vel","msg":{"angular":{"x":0,"y":0,"z":0.87198486328125},"linear":{"x":0,"y":0,"z":0}}} (Thread[AWT-EventQueue-0,6,main])
Scarab: Sending over socket: {"op":"publish","topic":"/scarab/lucy/cmd_vel","msg":{"angular":{"x":0,"y":0,"z":0.45667724609375},"linear":{"x":0,"y":0,"z":0}}} (Thread[AWT-EventQueue-0,6,main])
Scarab: Sending over socket: {"op":"publish","topic":"/scarab/lucy/cmd_vel","msg":{"angular":{"x":0,"y":0,"z":-0.094385986328125},"linear":{"x":0,"y":0,"z":0}}} (Thread[AWT-EventQueue-0,6,main])
Scarab: Sending over socket: {"op":"publish","topic":"/scarab/lucy/cmd_vel","msg":{"angular":{"x":0,"y":0,"z":1.6754150390625},"linear":{"x":0,"y":0,"z":0}}} (Thread[AWT-EventQueue-0,6,main])
Scarab: Sending over socket: {"op":"publish","topic":"/scarab/lucy/cmd_vel","msg":{"angular":{"x":0,"y":0,"z":3.130022786458333},"linear":{"x":0,"y":0,"z":0}}} (Thread[AWT-EventQueue-0,6,main])
Scarab: Sending over socket: {"op":"publish","topic":"/scarab/lucy/cmd_vel","msg":{"angular":{"x":0,"y":0,"z":2.5138818359375},"linear":{"x":0,"y":0,"z":0}}} (Thread[AWT-EventQueue-0,6,main])
Scarab: Sending over socket: {"op":"publish","topic":"/scarab/lucy/cmd_vel","msg":{"angular":{"x":0,"y":0,"z":0.9742525227864582},"linear":{"x":0,"y":0,"z":0}}} (Thread[AWT-EventQueue-0,6,main])
Scarab: Sending over socket: {"op":"publish","topic":"/scarab/lucy/cmd_vel","msg":{"angular":{"x":0,"y":0,"z":-0.022587687174479166},"linear":{"x":0,"y":0,"z":0}}} (Thread[AWT-EventQueue-0,6,main])
Scarab: Sending over socket: {"op":"publish","topic":"/scarab/lucy/cmd_vel","msg":{"angular":{"x":0,"y":0,"z":1.1988924153645832},"linear":{"x":0,"y":0,"z":0}}} (Thread[AWT-EventQueue-0,6,main])
Scarab: Sending over socket: {"op":"publish","topic":"/scarab/lucy/cmd_vel","msg":{"angular":{"x":0,"y":0,"z":0.7492456054687501},"linear":{"x":0,"y":0,"z":0}}} (Thread[AWT-EventQueue-0,6,main])
Scarab: Sending over socket: {"op":"publish","topic":"/scarab/lucy/cmd_vel","msg":{"angular":{"x":0,"y":0,"z":0.6195489501953126},"linear":{"x":0,"y":0,"z":0}}} (Thread[AWT-EventQueue-0,6,main])
Scarab: Connection failed. Will try again: connection timed out: /192.168.0.111:9090 (Thread[vert.x-eventloop-thread-2,6,main])
Scarab: Connection failed. Will try again: connection timed out: /192.168.0.111:9090 (Thread[vert.x-eventloop-thread-2,6,main])
Scarab: Connection failed. Will try again: connection timed out: /192.168.0.111:9090 (Thread[vert.x-eventloop-thread-2,6,main])
Scarab: Connection failed. Will try again: connection timed out: /192.168.0.111:9090 (Thread[vert.x-eventloop-thread-2,6,main])
Scarab: Connection failed. Will try again: connection timed out: /192.168.0.111:9090 (Thread[vert.x-eventloop-thread-2,6,main])
Scarab: Connection failed. Will try again: connection timed out: /192.168.0.111:9090 (Thread[vert.x-eventloop-thread-2,6,main])
Scarab: Sending over socket: {"op":"publish","topic":"/scarab/lucy/cmd_vel","msg":{"angular":{"x":0,"y":0,"z":-1.0168145751953126},"linear":{"x":0,"y":0,"z":0}}} (Thread[AWT-EventQueue-0,6,main])
Scarab: Sending over socket: {"op":"publish","topic":"/scarab/lucy/cmd_vel","msg":{"angular":{"x":0,"y":0,"z":0.51479736328125},"linear":{"x":0,"y":0,"z":0}}} (Thread[AWT-EventQueue-0,6,main])
Scarab: Sending over socket: {"op":"publish","topic":"/scarab/lucy/cmd_vel","msg":{"angular":{"x":0,"y":0,"z":1.9220418294270836},"linear":{"x":0,"y":0,"z":0}}} (Thread[AWT-EventQueue-0,6,main])
Scarab: Sending over socket: {"op":"publish","topic":"/scarab/lucy/cmd_vel","msg":{"angular":{"x":0,"y":0,"z":-1.4457666015625},"linear":{"x":0,"y":0,"z":0}}} (Thread[AWT-EventQueue-0,6,main])
Scarab: Sending over socket: {"op":"publish","topic":"/scarab/lucy/cmd_vel","msg":{"angular":{"x":0,"y":0,"z":-0.5617517089843751},"linear":{"x":0,"y":0,"z":0}}} (Thread[AWT-EventQueue-0,6,main])
Scarab: Sending over socket: {"op":"publish","topic":"/scarab/lucy/cmd_vel","msg":{"angular":{"x":0,"y":0,"z":1.3955281575520835},"linear":{"x":0,"y":0,"z":0}}} (Thread[AWT-EventQueue-0,6,main])
Scarab: Sending over socket: {"op":"publish","topic":"/scarab/lucy/cmd_vel","msg":{"angular":{"x":0,"y":0,"z":0.45277648925781244},"linear":{"x":0,"y":0,"z":0}}} (Thread[AWT-EventQueue-0,6,main])
Scarab: Sending over socket: {"op":"publish","topic":"/scarab/lucy/cmd_vel","msg":{"angular":{"x":0,"y":0,"z":-0.27573486328125},"linear":{"x":0,"y":0,"z":0}}} (Thread[AWT-EventQueue-0,6,main])
Scarab: Sending over socket: {"op":"publish","topic":"/scarab/lucy/cmd_vel","msg":{"angular":{"x":0,"y":0,"z":0.6718310546875},"linear":{"x":0,"y":0,"z":0}}} (Thread[AWT-EventQueue-0,6,main])
Scarab: Sending over socket: {"op":"publish","topic":"/scarab/lucy/cmd_vel","msg":{"angular":{"x":0,"y":0,"z":1.3472798665364583},"linear":{"x":0,"y":0,"z":0}}} (Thread[AWT-EventQueue-0,6,main])
Scarab: Sending over socket: {"op":"publish","topic":"/scarab/lucy/cmd_vel","msg":{"angular":{"x":0,"y":0,"z":-0.4478759765625},"linear":{"x":0,"y":0,"z":0}}} (Thread[AWT-EventQueue-0,6,main])
Scarab: Sending over socket: {"op":"publish","topic":"/scarab/lucy/cmd_vel","msg":{"angular":{"x":0,"y":0,"z":-0.2734901936848958},"linear":{"x":0,"y":0,"z":0}}} (Thread[AWT-EventQueue-0,6,main])
Scarab: Connection failed. Will try again: connection timed out: /192.168.0.111:9090 (Thread[vert.x-eventloop-thread-2,6,main])
Scarab: Connection failed. Will try again: connection timed out: /192.168.0.111:9090 (Thread[vert.x-eventloop-thread-2,6,main])
Scarab: Connection failed. Will try again: connection timed out: /192.168.0.111:9090 (Thread[vert.x-eventloop-thread-2,6,main])
Scarab: Connection failed. Will try again: connection timed out: /192.168.0.111:9090 (Thread[vert.x-eventloop-thread-2,6,main])
Scarab: Connection failed. Will try again: connection timed out: /192.168.0.111:9090 (Thread[vert.x-eventloop-thread-2,6,main])
Scarab: Connection failed. Will try again: connection timed out: /192.168.0.111:9090 (Thread[vert.x-eventloop-thread-2,6,main])
Scarab: Sending over socket: {"op":"publish","topic":"/scarab/lucy/cmd_vel","msg":{"angular":{"x":0,"y":0,"z":0.5126373291015625},"linear":{"x":0,"y":0,"z":0}}} (Thread[AWT-EventQueue-0,6,main])
Scarab: Sending over socket: {"op":"publish","topic":"/scarab/lucy/cmd_vel","msg":{"angular":{"x":0,"y":0,"z":2.6909326171875003},"linear":{"x":0,"y":0,"z":0}}} (Thread[AWT-EventQueue-0,6,main])
Scarab: Sending over socket: {"op":"publish","topic":"/scarab/lucy/cmd_vel","msg":{"angular":{"x":0,"y":0,"z":2.497852783203125},"linear":{"x":0,"y":0,"z":0}}} (Thread[AWT-EventQueue-0,6,main])
Scarab: Sending over socket: {"op":"publish","topic":"/scarab/lucy/cmd_vel","msg":{"angular":{"x":0,"y":0,"z":1.6881547037760416},"linear":{"x":0,"y":0,"z":0}}} (Thread[AWT-EventQueue-0,6,main])
Scarab: Sending over socket: {"op":"publish","topic":"/scarab/lucy/cmd_vel","msg":{"angular":{"x":0,"y":0,"z":-1.3936755371093752},"linear":{"x":0,"y":0,"z":0}}} (Thread[AWT-EventQueue-0,6,main])
Scarab: Sending over socket: {"op":"publish","topic":"/scarab/lucy/cmd_vel","msg":{"angular":{"x":0,"y":0,"z":2.6419433593750004},"linear":{"x":0,"y":0,"z":0}}} (Thread[AWT-EventQueue-0,6,main])
Scarab: Sending over socket: {"op":"publish","topic":"/scarab/lucy/cmd_vel","msg":{"angular":{"x":0,"y":0,"z":2.7977325439453127},"linear":{"x":0,"y":0,"z":0}}} (Thread[AWT-EventQueue-0,6,main])
Scarab: Sending over socket: {"op":"publish","topic":"/scarab/lucy/cmd_vel","msg":{"angular":{"x":0,"y":0,"z":0.3128570556640625},"linear":{"x":0,"y":0,"z":0}}} (Thread[AWT-EventQueue-0,6,main])
Scarab: Sending over socket: {"op":"publish","topic":"/scarab/lucy/cmd_vel","msg":{"angular":{"x":0,"y":0,"z":-1.0415974934895833},"linear":{"x":0,"y":0,"z":0}}} (Thread[AWT-EventQueue-0,6,main])
Scarab: Sending over socket: {"op":"publish","topic":"/scarab/lucy/cmd_vel","msg":{"angular":{"x":0,"y":0,"z":-0.18663126627604168},"linear":{"x":0,"y":0,"z":0}}} (Thread[AWT-EventQueue-0,6,main])
Scarab: Sending over socket: {"op":"publish","topic":"/scarab/lucy/cmd_vel","msg":{"angular":{"x":0,"y":0,"z":0.447296142578125},"linear":{"x":0,"y":0,"z":0}}} (Thread[AWT-EventQueue-0,6,main])
Scarab: Sending over socket: {"op":"publish","topic":"/scarab/lucy/cmd_vel","msg":{"angular":{"x":0,"y":0,"z":1.1301409912109377},"linear":{"x":0,"y":0,"z":0}}} (Thread[AWT-EventQueue-0,6,main])
Scarab: Sending over socket: {"op":"publish","topic":"/scarab/lucy/cmd_vel","msg":{"angular":{"x":0,"y":0,"z":3.194549560546875},"linear":{"x":0,"y":0,"z":0}}} (Thread[AWT-EventQueue-0,6,main])
Scarab: Sending over socket: {"op":"publish","topic":"/scarab/lucy/cmd_vel","msg":{"angular":{"x":0,"y":0,"z":-0.06883483886718751},"linear":{"x":0,"y":0,"z":0}}} (Thread[AWT-EventQueue-0,6,main])
Scarab: Sending over socket: {"op":"publish","topic":"/scarab/lucy/cmd_vel","msg":{"angular":{"x":0,"y":0,"z":0.7183166503906251},"linear":{"x":0,"y":0,"z":0}}} (Thread[AWT-EventQueue-0,6,main])
Scarab: Sending over socket: {"op":"publish","topic":"/scarab/lucy/cmd_vel","msg":{"angular":{"x":0,"y":0,"z":0.34064697265624994},"linear":{"x":0,"y":0,"z":0}}} (Thread[AWT-EventQueue-0,6,main])
Scarab: Sending over socket: {"op":"publish","topic":"/scarab/lucy/cmd_vel","msg":{"angular":{"x":0,"y":0,"z":0.7252416992187499},"linear":{"x":0,"y":0,"z":0}}} (Thread[AWT-EventQueue-0,6,main])
Scarab: Sending over socket: {"op":"publish","topic":"/scarab/lucy/cmd_vel","msg":{"angular":{"x":0,"y":0,"z":1.02876708984375},"linear":{"x":0,"y":0,"z":0}}} (Thread[AWT-EventQueue-0,6,main])
Scarab: Sending over socket: {"op":"publish","topic":"/scarab/lucy/cmd_vel","msg":{"angular":{"x":0,"y":0,"z":1.5206683349609376},"linear":{"x":0,"y":0,"z":0}}} (Thread[AWT-EventQueue-0,6,main])
Scarab: Sending over socket: {"op":"publish","topic":"/scarab/lucy/cmd_vel","msg":{"angular":{"x":0,"y":0,"z":0.35540161132812503},"linear":{"x":0,"y":0,"z":0}}} (Thread[AWT-EventQueue-0,6,main])
Scarab: Sending over socket: {"op":"publish","topic":"/scarab/lucy/cmd_vel","msg":{"angular":{"x":0,"y":0,"z":0.22552612304687503},"linear":{"x":0,"y":0,"z":0}}} (Thread[AWT-EventQueue-0,6,main])
Scarab: Sending over socket: {"op":"publish","topic":"/scarab/lucy/cmd_vel","msg":{"angular":{"x":0,"y":0,"z":-0.9993009440104167},"linear":{"x":0,"y":0,"z":0}}} (Thread[AWT-EventQueue-0,6,main])
Scarab: Sending over socket: {"op":"publish","topic":"/scarab/lucy/cmd_vel","msg":{"angular":{"x":0,"y":0,"z":-1.1097816975911459},"linear":{"x":0,"y":0,"z":0}}} (Thread[AWT-EventQueue-0,6,main])
Scarab: Sending over socket: {"op":"publish","topic":"/scarab/lucy/cmd_vel","msg":{"angular":{"x":0,"y":0,"z":-2.0697265625},"linear":{"x":0,"y":0,"z":0}}} (Thread[AWT-EventQueue-0,6,main])
Scarab: Sending over socket: {"op":"publish","topic":"/scarab/lucy/cmd_vel","msg":{"angular":{"x":0,"y":0,"z":-0.8701761881510418},"linear":{"x":0,"y":0,"z":0}}} (Thread[AWT-EventQueue-0,6,main])
Scarab: Sending over socket: {"op":"publish","topic":"/scarab/lucy/cmd_vel","msg":{"angular":{"x":0,"y":0,"z":-0.7066023763020834},"linear":{"x":0,"y":0,"z":0}}} (Thread[AWT-EventQueue-0,6,main])
Scarab: Sending over socket: {"op":"publish","topic":"/scarab/lucy/cmd_vel","msg":{"angular":{"x":0,"y":0,"z":2.271589762369792},"linear":{"x":0,"y":0,"z":0}}} (Thread[AWT-EventQueue-0,6,main])
Scarab: Sending over socket: {"op":"publish","topic":"/scarab/lucy/cmd_vel","msg":{"angular":{"x":0,"y":0,"z":2.7096240234375},"linear":{"x":0,"y":0,"z":0}}} (Thread[AWT-EventQueue-0,6,main])
Scarab: Sending over socket: {"op":"publish","topic":"/scarab/lucy/cmd_vel","msg":{"angular":{"x":0,"y":0,"z":1.632099609375},"linear":{"x":0,"y":0,"z":0}}} (Thread[AWT-EventQueue-0,6,main])
Scarab: Sending over socket: {"op":"publish","topic":"/scarab/lucy/cmd_vel","msg":{"angular":{"x":0,"y":0,"z":-2.3814442952473964},"linear":{"x":0,"y":0,"z":0}}} (Thread[AWT-EventQueue-0,6,main])
Scarab: Sending over socket: {"op":"publish","topic":"/scarab/lucy/cmd_vel","msg":{"angular":{"x":0,"y":0,"z":-1.8455413818359374},"linear":{"x":0,"y":0,"z":0}}} (Thread[AWT-EventQueue-0,6,main])
Scarab: Sending over socket: {"op":"publish","topic":"/scarab/lucy/cmd_vel","msg":{"angular":{"x":0,"y":0,"z":0.18831380208333334},"linear":{"x":0,"y":0,"z":0}}} (Thread[AWT-EventQueue-0,6,main])
Scarab: Sending over socket: {"op":"publish","topic":"/scarab/lucy/cmd_vel","msg":{"angular":{"x":0,"y":0,"z":1.8896447753906251},"linear":{"x":0,"y":0,"z":0}}} (Thread[AWT-EventQueue-0,6,main])
Scarab: Sending over socket: {"op":"publish","topic":"/scarab/lucy/cmd_vel","msg":{"angular":{"x":0,"y":0,"z":2.295001220703125},"linear":{"x":0,"y":0,"z":0}}} (Thread[AWT-EventQueue-0,6,main])
Scarab: Sending over socket: {"op":"publish","topic":"/scarab/lucy/cmd_vel","msg":{"angular":{"x":0,"y":0,"z":0.7006683349609376},"linear":{"x":0,"y":0,"z":0}}} (Thread[AWT-EventQueue-0,6,main])
Scarab: Sending over socket: {"op":"publish","topic":"/scarab/lucy/cmd_vel","msg":{"angular":{"x":0,"y":0,"z":-0.031981201171875},"linear":{"x":0,"y":0,"z":0}}} (Thread[AWT-EventQueue-0,6,main])
Scarab: Sending over socket: {"op":"publish","topic":"/scarab/lucy/cmd_vel","msg":{"angular":{"x":0,"y":0,"z":0.3148457845052084},"linear":{"x":0,"y":0,"z":0}}} (Thread[AWT-EventQueue-0,6,main])
Scarab: Sending over socket: {"op":"publish","topic":"/scarab/lucy/cmd_vel","msg":{"angular":{"x":0,"y":0,"z":-1.0733258056640627},"linear":{"x":0,"y":0,"z":0}}} (Thread[AWT-EventQueue-0,6,main])
Scarab: Sending over socket: {"op":"publish","topic":"/scarab/lucy/cmd_vel","msg":{"angular":{"x":0,"y":0,"z":1.803072509765625},"linear":{"x":0,"y":0,"z":0}}} (Thread[AWT-EventQueue-0,6,main])
Scarab: Sending over socket: {"op":"publish","topic":"/scarab/lucy/cmd_vel","msg":{"angular":{"x":0,"y":0,"z":1.8637347412109375},"linear":{"x":0,"y":0,"z":0}}} (Thread[AWT-EventQueue-0,6,main])
Scarab: Sending over socket: {"op":"publish","topic":"/scarab/lucy/cmd_vel","msg":{"angular":{"x":0,"y":0,"z":0.5867569986979166},"linear":{"x":0,"y":0,"z":0}}} (Thread[AWT-EventQueue-0,6,main])
Scarab: Sending over socket: {"op":"publish","topic":"/scarab/lucy/cmd_vel","msg":{"angular":{"x":0,"y":0,"z":-0.4244099934895833},"linear":{"x":0,"y":0,"z":0}}} (Thread[AWT-EventQueue-0,6,main])
Scarab: Sending over socket: {"op":"publish","topic":"/scarab/lucy/cmd_vel","msg":{"angular":{"x":0,"y":0,"z":-0.536275634765625},"linear":{"x":0,"y":0,"z":0}}} (Thread[AWT-EventQueue-0,6,main])
Scarab: Sending over socket: {"op":"publish","topic":"/scarab/lucy/cmd_vel","msg":{"angular":{"x":0,"y":0,"z":2.24779296875},"linear":{"x":0,"y":0,"z":0}}} (Thread[AWT-EventQueue-0,6,main])
Scarab: Sending over socket: {"op":"publish","topic":"/scarab/lucy/cmd_vel","msg":{"angular":{"x":0,"y":0,"z":1.1300170898437503},"linear":{"x":0,"y":0,"z":0}}} (Thread[AWT-EventQueue-0,6,main])
Scarab: Sending over socket: {"op":"publish","topic":"/scarab/lucy/cmd_vel","msg":{"angular":{"x":0,"y":0,"z":0.975030517578125},"linear":{"x":0,"y":0,"z":0}}} (Thread[AWT-EventQueue-0,6,main])
Scarab: Sending over socket: {"op":"publish","topic":"/scarab/lucy/cmd_vel","msg":{"angular":{"x":0,"y":0,"z":0.6126666259765624},"linear":{"x":0,"y":0,"z":0}}} (Thread[AWT-EventQueue-0,6,main])
Scarab: Sending over socket: {"op":"publish","topic":"/scarab/lucy/cmd_vel","msg":{"angular":{"x":0,"y":0,"z":-0.9860522460937501},"linear":{"x":0,"y":0,"z":0}}} (Thread[AWT-EventQueue-0,6,main])
Scarab: Sending over socket: {"op":"publish","topic":"/scarab/lucy/cmd_vel","msg":{"angular":{"x":0,"y":0,"z":-0.32867431640625},"linear":{"x":0,"y":0,"z":0}}} (Thread[AWT-EventQueue-0,6,main])
Scarab: Sending over socket: {"op":"publish","topic":"/scarab/lucy/cmd_vel","msg":{"angular":{"x":0,"y":0,"z":1.50457763671875},"linear":{"x":0,"y":0,"z":0}}} (Thread[AWT-EventQueue-0,6,main])
Scarab: Sending over socket: {"op":"publish","topic":"/scarab/lucy/cmd_vel","msg":{"angular":{"x":0,"y":0,"z":1.2205200195312502},"linear":{"x":0,"y":0,"z":0}}} (Thread[AWT-EventQueue-0,6,main])
Scarab: Sending over socket: {"op":"publish","topic":"/scarab/lucy/cmd_vel","msg":{"angular":{"x":0,"y":0,"z":-0.8518536376953124},"linear":{"x":0,"y":0,"z":0}}} (Thread[AWT-EventQueue-0,6,main])
Scarab: Sending over socket: {"op":"publish","topic":"/scarab/lucy/cmd_vel","msg":{"angular":{"x":0,"y":0,"z":-0.0049312337239583335},"linear":{"x":0,"y":0,"z":0}}} (Thread[AWT-EventQueue-0,6,main])
Scarab: Sending over socket: {"op":"publish","topic":"/scarab/lucy/cmd_vel","msg":{"angular":{"x":0,"y":0,"z":0.45243652343750007},"linear":{"x":0,"y":0,"z":0}}} (Thread[AWT-EventQueue-0,6,main])
Scarab: Sending over socket: {"op":"publish","topic":"/scarab/lucy/cmd_vel","msg":{"angular":{"x":0,"y":0,"z":0.3018798828125},"linear":{"x":0,"y":0,"z":0}}} (Thread[AWT-EventQueue-0,6,main])
Scarab: Sending over socket: {"op":"publish","topic":"/scarab/lucy/cmd_vel","msg":{"angular":{"x":0,"y":0,"z":1.019903564453125},"linear":{"x":0,"y":0,"z":0}}} (Thread[AWT-EventQueue-0,6,main])
Scarab: Sending over socket: {"op":"publish","topic":"/scarab/lucy/cmd_vel","msg":{"angular":{"x":0,"y":0,"z":2.8824947102864584},"linear":{"x":0,"y":0,"z":0}}} (Thread[AWT-EventQueue-0,6,main])
Scarab: Sending over socket: {"op":"publish","topic":"/scarab/lucy/cmd_vel","msg":{"angular":{"x":0,"y":0,"z":1.1344197591145835},"linear":{"x":0,"y":0,"z":0}}} (Thread[AWT-EventQueue-0,6,main])
Scarab: Sending over socket: {"op":"publish","topic":"/scarab/lucy/cmd_vel","msg":{"angular":{"x":0,"y":0,"z":-0.06946126302083333},"linear":{"x":0,"y":0,"z":0}}} (Thread[AWT-EventQueue-0,6,main])
Scarab: Sending over socket: {"op":"publish","topic":"/scarab/lucy/cmd_vel","msg":{"angular":{"x":0,"y":0,"z":-1.4314501953125},"linear":{"x":0,"y":0,"z":0}}} (Thread[AWT-EventQueue-0,6,main])
Scarab: Sending over socket: {"op":"publish","topic":"/scarab/lucy/cmd_vel","msg":{"angular":{"x":0,"y":0,"z":-0.6450490315755208},"linear":{"x":0,"y":0,"z":0}}} (Thread[AWT-EventQueue-0,6,main])
Scarab: Sending over socket: {"op":"publish","topic":"/scarab/lucy/cmd_vel","msg":{"angular":{"x":0,"y":0,"z":-1.5796484375},"linear":{"x":0,"y":0,"z":0}}} (Thread[AWT-EventQueue-0,6,main])
Scarab: Sending over socket: {"op":"publish","topic":"/scarab/lucy/cmd_vel","msg":{"angular":{"x":0,"y":0,"z":-0.6358500162760418},"linear":{"x":0,"y":0,"z":0}}} (Thread[AWT-EventQueue-0,6,main])
Scarab: Sending over socket: {"op":"publish","topic":"/scarab/lucy/cmd_vel","msg":{"angular":{"x":0,"y":0,"z":0.7633669026692708},"linear":{"x":0,"y":0,"z":0}}} (Thread[AWT-EventQueue-0,6,main])
Scarab: Sending over socket: {"op":"publish","topic":"/scarab/lucy/cmd_vel","msg":{"angular":{"x":0,"y":0,"z":1.29214599609375},"linear":{"x":0,"y":0,"z":0}}} (Thread[AWT-EventQueue-0,6,main])
Scarab: Sending over socket: {"op":"publish","topic":"/scarab/lucy/cmd_vel","msg":{"angular":{"x":0,"y":0,"z":2.5852203369140625},"linear":{"x":0,"y":0,"z":0}}} (Thread[AWT-EventQueue-0,6,main])
Scarab: Sending over socket: {"op":"publish","topic":"/scarab/lucy/cmd_vel","msg":{"angular":{"x":0,"y":0,"z":2.4951212565104166},"linear":{"x":0,"y":0,"z":0}}} (Thread[AWT-EventQueue-0,6,main])
Scarab: Sending over socket: {"op":"publish","topic":"/scarab/lucy/cmd_vel","msg":{"angular":{"x":0,"y":0,"z":1.91020263671875},"linear":{"x":0,"y":0,"z":0}}} (Thread[AWT-EventQueue-0,6,main])
Scarab: Sending over socket: {"op":"publish","topic":"/scarab/lucy/cmd_vel","msg":{"angular":{"x":0,"y":0,"z":-0.7693684895833334},"linear":{"x":0,"y":0,"z":0}}} (Thread[AWT-EventQueue-0,6,main])
Scarab: Sending over socket: {"op":"publish","topic":"/scarab/lucy/cmd_vel","msg":{"angular":{"x":0,"y":0,"z":0.6792061360677083},"linear":{"x":0,"y":0,"z":0}}} (Thread[AWT-EventQueue-0,6,main])
Scarab: Sending over socket: {"op":"publish","topic":"/scarab/lucy/cmd_vel","msg":{"angular":{"x":0,"y":0,"z":2.0463541666666667},"linear":{"x":0,"y":0,"z":0}}} (Thread[AWT-EventQueue-0,6,main])
Scarab: Sending over socket: {"op":"publish","topic":"/scarab/lucy/cmd_vel","msg":{"angular":{"x":0,"y":0,"z":0.9108040364583335},"linear":{"x":0,"y":0,"z":0}}} (Thread[AWT-EventQueue-0,6,main])
Scarab: Sending over socket: {"op":"publish","topic":"/scarab/lucy/cmd_vel","msg":{"angular":{"x":0,"y":0,"z":-1.3463653564453124},"linear":{"x":0,"y":0,"z":0}}} (Thread[AWT-EventQueue-0,6,main])
Scarab: Sending over socket: {"op":"publish","topic":"/scarab/lucy/cmd_vel","msg":{"angular":{"x":0,"y":0,"z":-0.9551129150390624},"linear":{"x":0,"y":0,"z":0}}} (Thread[AWT-EventQueue-0,6,main])
Scarab: Sending over socket: {"op":"publish","topic":"/scarab/lucy/cmd_vel","msg":{"angular":{"x":0,"y":0,"z":-0.9122216796875},"linear":{"x":0,"y":0,"z":0}}} (Thread[AWT-EventQueue-0,6,main])
Scarab: Sending over socket: {"op":"publish","topic":"/scarab/lucy/cmd_vel","msg":{"angular":{"x":0,"y":0,"z":1.1160371907552085},"linear":{"x":0,"y":0,"z":0}}} (Thread[AWT-EventQueue-0,6,main])
Scarab: Sending over socket: {"op":"publish","topic":"/scarab/lucy/cmd_vel","msg":{"angular":{"x":0,"y":0,"z":0.9229929606119793},"linear":{"x":0,"y":0,"z":0}}} (Thread[AWT-EventQueue-0,6,main])
Scarab: Sending over socket: {"op":"publish","topic":"/scarab/lucy/cmd_vel","msg":{"angular":{"x":0,"y":0,"z":1.8101704915364585},"linear":{"x":0,"y":0,"z":0}}} (Thread[AWT-EventQueue-0,6,main])
Scarab: Sending over socket: {"op":"publish","topic":"/scarab/lucy/cmd_vel","msg":{"angular":{"x":0,"y":0,"z":-2.1535546875000002},"linear":{"x":0,"y":0,"z":0}}} (Thread[AWT-EventQueue-0,6,main])
Scarab: Sending over socket: {"op":"publish","topic":"/scarab/lucy/cmd_vel","msg":{"angular":{"x":0,"y":0,"z":0.661285400390625},"linear":{"x":0,"y":0,"z":0}}} (Thread[AWT-EventQueue-0,6,main])
Scarab: Sending over socket: {"op":"publish","topic":"/scarab/lucy/cmd_vel","msg":{"angular":{"x":0,"y":0,"z":3.637695312500001},"linear":{"x":0,"y":0,"z":0}}} (Thread[AWT-EventQueue-0,6,main])
Scarab: Sending over socket: {"op":"publish","topic":"/scarab/lucy/cmd_vel","msg":{"angular":{"x":0,"y":0,"z":1.9062756347656253},"linear":{"x":0,"y":0,"z":0}}} (Thread[AWT-EventQueue-0,6,main])
ExportHTMLTimer went off after 30000 ms., calling getDirector().finish and getDirector().stopFire()
Scarab: Connection closed because model is no longer running. (Thread[AWT-EventQueue-0,6,main])
Scarab: Connection closed because model is no longer running. (Thread[AWT-EventQueue-0,6,main])
Scarab: Connection closed because model is no longer running. (Thread[AWT-EventQueue-0,6,main])
Scarab: Connection closed because model is no longer running. (Thread[AWT-EventQueue-0,6,main])
Scarab: Connection closed because model is no longer running. (Thread[AWT-EventQueue-0,6,main])
Scarab: Connection closed because model is no longer running. (Thread[AWT-EventQueue-0,6,main])
30442 ms. Memory: 2386432K Free: 1385515K (58%)
Exported /home/travis/build/icyphy/ptII/org/terraswarm/accessor/demo/Scarab/Scarab/index.html
39698 ms. Memory: 2386432K Free: 1351215K (57%)
####### 81 Sat May 12 02:44:46 UTC 2018 $PTII/bin/ptinvoke ptolemy.vergil.basic.export.ExportModel -force htm -run -openComposites -timeOut 30000 -whiteBackground org/terraswarm/accessor/demo/WatchHandRaisingLight/WatchHandRaisingLight.xml $PTII/org/terraswarm/accessor/demo/WatchHandRaisingLight/WatchHandRaisingLight
Running .WatchHandRaisingLight
Hue: Attempting to connect to: http://10.0.0.234/api/EJjyWWrE5qDOqs301OarqVSqp3jfJvaOqiObxMYR/lights/ (Thread[AWT-EventQueue-0,6,main])
Hue: Making an HTTP request. (Thread[AWT-EventQueue-0,6,main])
ExportHTMLTimer went off after 30000 ms., calling getDirector().finish and getDirector().stopFire()
30072 ms. Memory: 2085376K Free: 845325K (41%)
Exported /home/travis/build/icyphy/ptII/org/terraswarm/accessor/demo/WatchHandRaisingLight/WatchHandRaisingLight/index.html
37852 ms. Memory: 2085376K Free: 799913K (38%)
####### 82 Sat May 12 02:45:24 UTC 2018 $PTII/bin/ptinvoke ptolemy.vergil.basic.export.ExportModel -force htm  -openComposites -timeOut 30000 -whiteBackground org/terraswarm/ros/demo/Ros/Ros.xml $PTII/org/terraswarm/ros/demo/Ros/Ros
Warning: not running org/terraswarm/ros/demo/Ros/Ros.xml. See ptolemy/vergil/basic/export/test/junit/ExportModelJUnitTest.java
Exported /home/travis/build/icyphy/ptII/org/terraswarm/ros/demo/Ros/Ros/index.html
3177 ms. Memory: 2085376K Free: 632392K (30%)
####### 83 Sat May 12 02:45:27 UTC 2018 $PTII/bin/ptinvoke ptolemy.vergil.basic.export.ExportModel -force htm  -openComposites -timeOut 30000 -whiteBackground org/terraswarm/ros/demo/Ros/RosPublisher.xml $PTII/org/terraswarm/ros/demo/Ros/RosPublisher
Warning: not running org/terraswarm/ros/demo/Ros/RosPublisher.xml. See ptolemy/vergil/basic/export/test/junit/ExportModelJUnitTest.java
Exported /home/travis/build/icyphy/ptII/org/terraswarm/ros/demo/Ros/RosPublisher/index.html
5235 ms. Memory: 2530816K Free: 1447381K (57%)
####### 84 Sat May 12 02:45:32 UTC 2018 $PTII/bin/ptinvoke ptolemy.vergil.basic.export.ExportModel -force htm  -openComposites -timeOut 30000 -whiteBackground org/terraswarm/ros/demo/Ros/RosSubscriber.xml $PTII/org/terraswarm/ros/demo/Ros/RosSubscriber
Warning: not running org/terraswarm/ros/demo/Ros/RosSubscriber.xml. See ptolemy/vergil/basic/export/test/junit/ExportModelJUnitTest.java
Exported /home/travis/build/icyphy/ptII/org/terraswarm/ros/demo/Ros/RosSubscriber/index.html
4416 ms. Memory: 2530816K Free: 1159136K (46%)
####### 85 Sat May 12 02:45:37 UTC 2018 $PTII/bin/ptinvoke ptolemy.vergil.basic.export.ExportModel -force htm  -openComposites -timeOut 30000 -whiteBackground org/terraswarm/ros/demo/Ros/ScarabArrowKeyController.xml $PTII/org/terraswarm/ros/demo/Ros/ScarabArrowKeyController
Warning: not running org/terraswarm/ros/demo/Ros/ScarabArrowKeyController.xml. See ptolemy/vergil/basic/export/test/junit/ExportModelJUnitTest.java
Exported /home/travis/build/icyphy/ptII/org/terraswarm/ros/demo/Ros/ScarabArrowKeyController/index.html
6746 ms. Memory: 2523136K Free: 1239786K (49%)
####### 86 Sat May 12 02:45:44 UTC 2018 $PTII/bin/ptinvoke ptolemy.vergil.basic.export.ExportModel -force htm  -openComposites -timeOut 30000 -whiteBackground org/terraswarm/ros/demo/Ros/ScarabGoalPublisher.xml $PTII/org/terraswarm/ros/demo/Ros/ScarabGoalPublisher
Warning: not running org/terraswarm/ros/demo/Ros/ScarabGoalPublisher.xml. See ptolemy/vergil/basic/export/test/junit/ExportModelJUnitTest.java
Exported /home/travis/build/icyphy/ptII/org/terraswarm/ros/demo/Ros/ScarabGoalPublisher/index.html
4405 ms. Memory: 2523136K Free: 943836K (37%)
####### 87 Sat May 12 02:45:48 UTC 2018 $PTII/bin/ptinvoke ptolemy.vergil.basic.export.ExportModel -force htm  -openComposites -timeOut 30000 -whiteBackground org/terraswarm/ros/demo/Ros/ScarabHueController.xml $PTII/org/terraswarm/ros/demo/Ros/ScarabHueController
Warning: not running org/terraswarm/ros/demo/Ros/ScarabHueController.xml. See ptolemy/vergil/basic/export/test/junit/ExportModelJUnitTest.java
Exported /home/travis/build/icyphy/ptII/org/terraswarm/ros/demo/Ros/ScarabHueController/index.html
6777 ms. Memory: 2537984K Free: 1056922K (42%)
####### 88 Sat May 12 02:45:55 UTC 2018 $PTII/bin/ptinvoke ptolemy.vergil.basic.export.ExportModel -force htm -run -openComposites -timeOut 30000 -whiteBackground ptolemy/actor/gt/demo/BouncingBallX2/BouncingBallX2.xml $PTII/ptolemy/actor/gt/demo/BouncingBallX2/BouncingBallX2
Running .BouncingBallX2
ExportHTMLTimer went off after 30000 ms., calling getDirector().finish and getDirector().stopFire()
29589 ms. Memory: 2527744K Free: 835961K (33%)
29408 ms. Memory: 2527744K Free: 835961K (33%)
30022 ms. Memory: 2527744K Free: 832499K (33%)
Exported /home/travis/build/icyphy/ptII/ptolemy/actor/gt/demo/BouncingBallX2/BouncingBallX2/index.html
35150 ms. Memory: 2544640K Free: 1318630K (52%)
####### 89 Sat May 12 02:46:30 UTC 2018 $PTII/bin/ptinvoke ptolemy.vergil.basic.export.ExportModel -force htm -run -openComposites -timeOut 30000 -whiteBackground ptolemy/actor/gt/demo/ConstOptimization/ConstOptimization.xml $PTII/ptolemy/actor/gt/demo/ConstOptimization/ConstOptimization
Running .ConstOptimization
6407 ms. Memory: 2544640K Free: 1048490K (41%)
Exported /home/travis/build/icyphy/ptII/ptolemy/actor/gt/demo/ConstOptimization/ConstOptimization/index.html
11023 ms. Memory: 2544640K Free: 918635K (36%)
####### 90 Sat May 12 02:46:41 UTC 2018 $PTII/bin/ptinvoke ptolemy.vergil.basic.export.ExportModel -force htm -run -openComposites -timeOut 30000 -whiteBackground ptolemy/actor/gt/demo/ConstOptimization/ConstOptimizationDDF.xml $PTII/ptolemy/actor/gt/demo/ConstOptimization/ConstOptimizationDDF
Running .ConstOptimizationDDF
6691 ms. Memory: 2544640K Free: 648748K (25%)
Exported /home/travis/build/icyphy/ptII/ptolemy/actor/gt/demo/ConstOptimization/ConstOptimizationDDF/index.html
11247 ms. Memory: 2520576K Free: 1241708K (49%)
####### 91 Sat May 12 02:46:52 UTC 2018 $PTII/bin/ptinvoke ptolemy.vergil.basic.export.ExportModel -force htm -run -openComposites -timeOut 30000 -whiteBackground ptolemy/actor/gt/demo/ConstOptimization/ConstOptimizationDE.xml $PTII/ptolemy/actor/gt/demo/ConstOptimization/ConstOptimizationDE
Running .ConstOptimizationDE
6415 ms. Memory: 2520576K Free: 936798K (37%)
Exported /home/travis/build/icyphy/ptII/ptolemy/actor/gt/demo/ConstOptimization/ConstOptimizationDE/index.html
11148 ms. Memory: 2520576K Free: 719777K (29%)
####### 92 Sat May 12 02:47:03 UTC 2018 $PTII/bin/ptinvoke ptolemy.vergil.basic.export.ExportModel -force htm -run -openComposites -timeOut 30000 -whiteBackground ptolemy/actor/gt/demo/DiningPhilosophers/DiningPhilosophers.xml $PTII/ptolemy/actor/gt/demo/DiningPhilosophers/DiningPhilosophers
Running .DiningPhilosophers
452 ms. Memory: 2548224K Free: 1324858K (52%)
Exported /home/travis/build/icyphy/ptII/ptolemy/actor/gt/demo/DiningPhilosophers/DiningPhilosophers/index.html
5133 ms. Memory: 2548224K Free: 1011063K (40%)
####### 93 Sat May 12 02:47:08 UTC 2018 $PTII/bin/ptinvoke ptolemy.vergil.basic.export.ExportModel -force htm -run -openComposites -timeOut 30000 -whiteBackground ptolemy/actor/gt/demo/GameOfLife/GameOfLife.xml $PTII/ptolemy/actor/gt/demo/GameOfLife/GameOfLife
Running .GameOfLife
ExportHTMLTimer went off after 30000 ms., calling getDirector().finish and getDirector().stopFire()
30676 ms. Memory: 2725376K Free: 1727197K (63%)
Exported /home/travis/build/icyphy/ptII/ptolemy/actor/gt/demo/GameOfLife/GameOfLife/index.html
37623 ms. Memory: 2725376K Free: 1184412K (43%)
####### 94 Sat May 12 02:47:46 UTC 2018 $PTII/bin/ptinvoke ptolemy.vergil.basic.export.ExportModel -force htm  -openComposites -timeOut 30000 -whiteBackground ptolemy/actor/gt/demo/HierarchyFlattening/HierarchyFlattening.xml $PTII/ptolemy/actor/gt/demo/HierarchyFlattening/HierarchyFlattening
Warning: not running ptolemy/actor/gt/demo/HierarchyFlattening/HierarchyFlattening.xml. See ptolemy/vergil/basic/export/test/junit/ExportModelJUnitTest.java
Exported /home/travis/build/icyphy/ptII/ptolemy/actor/gt/demo/HierarchyFlattening/HierarchyFlattening/index.html
3272 ms. Memory: 2725376K Free: 816542K (30%)
####### 95 Sat May 12 02:47:49 UTC 2018 $PTII/bin/ptinvoke ptolemy.vergil.basic.export.ExportModel -force htm -run -openComposites -timeOut 30000 -whiteBackground ptolemy/actor/gt/demo/MapReduce/MapReduce.xml $PTII/ptolemy/actor/gt/demo/MapReduce/MapReduce
Running .MapReduce
114 ms. Memory: 2720768K Free: 1376215K (51%)
Exported /home/travis/build/icyphy/ptII/ptolemy/actor/gt/demo/MapReduce/MapReduce/index.html
5302 ms. Memory: 2720768K Free: 1160732K (43%)
####### 96 Sat May 12 02:47:55 UTC 2018 $PTII/bin/ptinvoke ptolemy.vergil.basic.export.ExportModel -force htm  -openComposites -timeOut 30000 -whiteBackground ptolemy/actor/gt/demo/MapReduce/MapReduceDDF.xml $PTII/ptolemy/actor/gt/demo/MapReduce/MapReduceDDF
Warning: not running ptolemy/actor/gt/demo/MapReduce/MapReduceDDF.xml. See ptolemy/vergil/basic/export/test/junit/ExportModelJUnitTest.java
Exported /home/travis/build/icyphy/ptII/ptolemy/actor/gt/demo/MapReduce/MapReduceDDF/index.html
9197 ms. Memory: 2738176K Free: 1687483K (62%)
####### 97 Sat May 12 02:48:04 UTC 2018 $PTII/bin/ptinvoke ptolemy.vergil.basic.export.ExportModel -force htm -run -openComposites -timeOut 30000 -whiteBackground ptolemy/actor/gt/demo/ModelExecution/ModelExecution.xml $PTII/ptolemy/actor/gt/demo/ModelExecution/ModelExecution
Running .ModelExecution
13 ms. Memory: 2738176K Free: 1521037K (56%)
2 ms. Memory: 2738176K Free: 1521025K (56%)
2 ms. Memory: 2738176K Free: 1521018K (56%)
2 ms. Memory: 2738176K Free: 1497512K (55%)
6 ms. Memory: 2738176K Free: 1497498K (55%)
1 ms. Memory: 2738176K Free: 1497494K (55%)
1 ms. Memory: 2738176K Free: 1497479K (55%)
1 ms. Memory: 2738176K Free: 1497467K (55%)
2 ms. Memory: 2738176K Free: 1497461K (55%)
2 ms. Memory: 2738176K Free: 1497449K (55%)
9009 ms. Memory: 2738176K Free: 1497449K (55%)
Exported /home/travis/build/icyphy/ptII/ptolemy/actor/gt/demo/ModelExecution/ModelExecution/index.html
Warning: LinkToOpenTableaux._provideEachAttribute() .ModelExecution._Controller.InitModel, an open effigy was null?
Warning: LinkToOpenTableaux._provideEachAttribute() .ModelExecution._Controller.Execute, an open effigy was null?
Warning: LinkToOpenTableaux._provideEachAttribute() .ModelExecution._Controller.SetConstValue, an open effigy was null?
Warning: LinkToOpenTableaux._provideEachAttribute() .ModelExecution._Controller.View, an open effigy was null?
Warning: LinkToOpenTableaux._provideEachAttribute() .ModelExecution._Controller.CreateModel, an open effigy was null?
13391 ms. Memory: 2738176K Free: 1282389K (47%)
####### 98 Sat May 12 02:48:17 UTC 2018 $PTII/bin/ptinvoke ptolemy.vergil.basic.export.ExportModel -force htm -run -openComposites -timeOut 30000 -whiteBackground ptolemy/actor/gt/demo/ModelGeneration/ModelGeneration.xml $PTII/ptolemy/actor/gt/demo/ModelGeneration/ModelGeneration
Running .ModelGeneration
70 ms. Memory: 2738176K Free: 1068364K (39%)
Exported /home/travis/build/icyphy/ptII/ptolemy/actor/gt/demo/ModelGeneration/ModelGeneration/index.html
4431 ms. Memory: 2738176K Free: 829656K (30%)
####### 99 Sat May 12 02:48:22 UTC 2018 $PTII/bin/ptinvoke ptolemy.vergil.basic.export.ExportModel -force htm -run -openComposites -timeOut 30000 -whiteBackground ptolemy/actor/gt/demo/ModelGeneration/ModelGenerationDE.xml $PTII/ptolemy/actor/gt/demo/ModelGeneration/ModelGenerationDE
Running .ModelGenerationDE
77 ms. Memory: 2738176K Free: 617371K (23%)
Exported /home/travis/build/icyphy/ptII/ptolemy/actor/gt/demo/ModelGeneration/ModelGenerationDE/index.html
4496 ms. Memory: 2744320K Free: 1590738K (58%)
####### 100 Sat May 12 02:48:26 UTC 2018 $PTII/bin/ptinvoke ptolemy.vergil.basic.export.ExportModel -force htm  -openComposites -timeOut 30000 -whiteBackground ptolemy/actor/gt/demo/PublisherTest/PublisherTest.xml $PTII/ptolemy/actor/gt/demo/PublisherTest/PublisherTest
Warning: not running ptolemy/actor/gt/demo/PublisherTest/PublisherTest.xml. See ptolemy/vergil/basic/export/test/junit/ExportModelJUnitTest.java
Exported /home/travis/build/icyphy/ptII/ptolemy/actor/gt/demo/PublisherTest/PublisherTest/index.html
3319 ms. Memory: 2744320K Free: 1319069K (48%)
####### 101 Sat May 12 02:48:29 UTC 2018 $PTII/bin/ptinvoke ptolemy.vergil.basic.export.ExportModel -force htm -run -openComposites -timeOut 30000 -whiteBackground ptolemy/actor/gt/demo/RegressionTest/RegressionTest.xml $PTII/ptolemy/actor/gt/demo/RegressionTest/RegressionTest
Running .RegressionTest
24 ms. Memory: 2744320K Free: 1053056K (38%)
Exported /home/travis/build/icyphy/ptII/ptolemy/actor/gt/demo/RegressionTest/RegressionTest/index.html
4482 ms. Memory: 2744320K Free: 1027263K (37%)
####### 102 Sat May 12 02:48:34 UTC 2018 $PTII/bin/ptinvoke ptolemy.vergil.basic.export.ExportModel -force htm -run -openComposites -timeOut 30000 -whiteBackground ptolemy/actor/gt/demo/SinewaveOptimization/Sinewave.xml $PTII/ptolemy/actor/gt/demo/SinewaveOptimization/Sinewave
Running .Sinewave
28 ms. Memory: 2744320K Free: 905904K (33%)
Exported /home/travis/build/icyphy/ptII/ptolemy/actor/gt/demo/SinewaveOptimization/Sinewave/index.html
4181 ms. Memory: 2744320K Free: 880109K (32%)
####### 103 Sat May 12 02:48:38 UTC 2018 $PTII/bin/ptinvoke ptolemy.vergil.basic.export.ExportModel -force htm -run -openComposites -timeOut 30000 -whiteBackground ptolemy/actor/gt/demo/SinewaveOptimization/SinewaveOptimization.xml $PTII/ptolemy/actor/gt/demo/SinewaveOptimization/SinewaveOptimization
Running .SinewaveOptimization
2415 ms. Memory: 2744320K Free: 589913K (21%)
Exported /home/travis/build/icyphy/ptII/ptolemy/actor/gt/demo/SinewaveOptimization/SinewaveOptimization/index.html
7003 ms. Memory: 2744320K Free: 1627315K (59%)
####### 104 Sat May 12 02:48:45 UTC 2018 $PTII/bin/ptinvoke ptolemy.vergil.basic.export.ExportModel -force htm -run -openComposites -timeOut 30000 -whiteBackground ptolemy/actor/lib/aspect/demo/CanBus/CanBus.xml $PTII/ptolemy/actor/lib/aspect/demo/CanBus/CanBus
Running .CanBus
15 ms. Memory: 2744320K Free: 1505964K (55%)
Exported /home/travis/build/icyphy/ptII/ptolemy/actor/lib/aspect/demo/CanBus/CanBus/index.html
4229 ms. Memory: 2744320K Free: 1380811K (50%)
####### 105 Sat May 12 02:48:49 UTC 2018 $PTII/bin/ptinvoke ptolemy.vergil.basic.export.ExportModel -force htm -run -openComposites -timeOut 30000 -whiteBackground ptolemy/actor/lib/aspect/demo/CarTrackingAttackModeling/CarTrackingAttackModeling.xml $PTII/ptolemy/actor/lib/aspect/demo/CarTrackingAttackModeling/CarTrackingAttackModeling
Running .CarTrackingAttackModeling
1004 ms. Memory: 2744320K Free: 921724K (34%)
Exported /home/travis/build/icyphy/ptII/ptolemy/actor/lib/aspect/demo/CarTrackingAttackModeling/CarTrackingAttackModeling/index.html
7958 ms. Memory: 2743296K Free: 1284969K (47%)
####### 106 Sat May 12 02:48:57 UTC 2018 $PTII/bin/ptinvoke ptolemy.vergil.basic.export.ExportModel -force htm -run -openComposites -timeOut 30000 -whiteBackground ptolemy/actor/lib/aspect/demo/CompositeQM/CompositeQM.xml $PTII/ptolemy/actor/lib/aspect/demo/CompositeQM/CompositeQM
Running .CompositeQM
16 ms. Memory: 2743296K Free: 1157145K (42%)
Exported /home/travis/build/icyphy/ptII/ptolemy/actor/lib/aspect/demo/CompositeQM/CompositeQM/index.html
4269 ms. Memory: 2743296K Free: 1028495K (37%)
####### 107 Sat May 12 02:49:02 UTC 2018 $PTII/bin/ptinvoke ptolemy.vergil.basic.export.ExportModel -force htm -run -openComposites -timeOut 30000 -whiteBackground ptolemy/actor/lib/aspect/demo/DE/DE.xml $PTII/ptolemy/actor/lib/aspect/demo/DE/DE
Running .DE
WARNING: The execution aspects in this model can influence the timing of actors by delaying the 
execution, potentially changing the behavior. There is no guarantee that actors fire at the 
time they request to be fired. 
Use Ptides for deterministic DE behavior that is not influenced by execution aspects. 

17 ms. Memory: 2743296K Free: 927065K (34%)
Exported /home/travis/build/icyphy/ptII/ptolemy/actor/lib/aspect/demo/DE/DE/index.html
4260 ms. Memory: 2743296K Free: 801606K (29%)
####### 108 Sat May 12 02:49:06 UTC 2018 $PTII/bin/ptinvoke ptolemy.vergil.basic.export.ExportModel -force htm -run -openComposites -timeOut 30000 -whiteBackground ptolemy/actor/lib/aspect/demo/DE/DE2.xml $PTII/ptolemy/actor/lib/aspect/demo/DE/DE2
Running .DE2
WARNING: The execution aspects in this model can influence the timing of actors by delaying the 
execution, potentially changing the behavior. There is no guarantee that actors fire at the 
time they request to be fired. 
Use Ptides for deterministic DE behavior that is not influenced by execution aspects. 

194 ms. Memory: 2747392K Free: 1730411K (63%)
Exported /home/travis/build/icyphy/ptII/ptolemy/actor/lib/aspect/demo/DE/DE2/index.html
4972 ms. Memory: 2747392K Free: 1480038K (54%)
####### 109 Sat May 12 02:49:11 UTC 2018 $PTII/bin/ptinvoke ptolemy.vergil.basic.export.ExportModel -force htm -run -openComposites -timeOut 30000 -whiteBackground ptolemy/actor/lib/aspect/demo/MonitorExecutionTimes/MonitorExecutionTimes.xml $PTII/ptolemy/actor/lib/aspect/demo/MonitorExecutionTimes/MonitorExecutionTimes
Running .MonitorExecutionTimes
WARNING: The execution aspects in this model can influence the timing of actors by delaying the 
execution, potentially changing the behavior. There is no guarantee that actors fire at the 
time they request to be fired. 
Use Ptides for deterministic DE behavior that is not influenced by execution aspects. 

35 ms. Memory: 2747392K Free: 1329698K (48%)
Exported /home/travis/build/icyphy/ptII/ptolemy/actor/lib/aspect/demo/MonitorExecutionTimes/MonitorExecutionTimes/index.html
4298 ms. Memory: 2747392K Free: 1254021K (46%)
####### 110 Sat May 12 02:49:15 UTC 2018 $PTII/bin/ptinvoke ptolemy.vergil.basic.export.ExportModel -force htm -run -openComposites -timeOut 30000 -whiteBackground ptolemy/actor/lib/colt/demo/ColtRandom/ColtRandom.xml $PTII/ptolemy/actor/lib/colt/demo/ColtRandom/ColtRandom
Running .ColtRandom
301 ms. Memory: 2747392K Free: 881757K (32%)
Exported /home/travis/build/icyphy/ptII/ptolemy/actor/lib/colt/demo/ColtRandom/ColtRandom/index.html
4629 ms. Memory: 2747392K Free: 756748K (28%)
####### 111 Sat May 12 02:49:20 UTC 2018 $PTII/bin/ptinvoke ptolemy.vergil.basic.export.ExportModel -force htm -run -openComposites -timeOut 30000 -whiteBackground ptolemy/actor/lib/comm/demo/ConvolutionalCoder/ConvolutionalCoder.xml $PTII/ptolemy/actor/lib/comm/demo/ConvolutionalCoder/ConvolutionalCoder
Running .ConvolutionalCoder
232 ms. Memory: 2747392K Free: 606393K (22%)
Exported /home/travis/build/icyphy/ptII/ptolemy/actor/lib/comm/demo/ConvolutionalCoder/ConvolutionalCoder/index.html
4512 ms. Memory: 2763264K Free: 1746724K (63%)
####### 112 Sat May 12 02:49:24 UTC 2018 $PTII/bin/ptinvoke ptolemy.vergil.basic.export.ExportModel -force htm -run -openComposites -timeOut 30000 -whiteBackground ptolemy/actor/lib/comm/demo/HuffmanDecoder/HuffmanDecoder.xml $PTII/ptolemy/actor/lib/comm/demo/HuffmanDecoder/HuffmanDecoder
Running .HuffmanDecoder
163 ms. Memory: 2763264K Free: 1616098K (58%)
Exported /home/travis/build/icyphy/ptII/ptolemy/actor/lib/comm/demo/HuffmanDecoder/HuffmanDecoder/index.html
4373 ms. Memory: 2763264K Free: 1589150K (58%)
####### 113 Sat May 12 02:49:29 UTC 2018 $PTII/bin/ptinvoke ptolemy.vergil.basic.export.ExportModel -force htm -run -openComposites -timeOut 30000 -whiteBackground ptolemy/actor/lib/comm/demo/Scrambler/Scrambler.xml $PTII/ptolemy/actor/lib/comm/demo/Scrambler/Scrambler
Running .Scrambler
177 ms. Memory: 2763264K Free: 1486760K (54%)
Exported /home/travis/build/icyphy/ptII/ptolemy/actor/lib/comm/demo/Scrambler/Scrambler/index.html
4339 ms. Memory: 2763264K Free: 1409027K (51%)
####### 114 Sat May 12 02:49:33 UTC 2018 $PTII/bin/ptinvoke ptolemy.vergil.basic.export.ExportModel -force htm -run -openComposites -timeOut 30000 -whiteBackground ptolemy/actor/lib/comm/demo/TrellisDecoder/TrellisDecoder.xml $PTII/ptolemy/actor/lib/comm/demo/TrellisDecoder/TrellisDecoder
Running .TrellisDecoder
198 ms. Memory: 2763264K Free: 1230512K (45%)
Exported /home/travis/build/icyphy/ptII/ptolemy/actor/lib/comm/demo/TrellisDecoder/TrellisDecoder/index.html
4520 ms. Memory: 2763264K Free: 1051212K (38%)
####### 115 Sat May 12 02:49:38 UTC 2018 $PTII/bin/ptinvoke ptolemy.vergil.basic.export.ExportModel -force htm -run -openComposites -timeOut 30000 -whiteBackground ptolemy/actor/lib/comm/demo/ViterbiDecoder/ViterbiDecoder.xml $PTII/ptolemy/actor/lib/comm/demo/ViterbiDecoder/ViterbiDecoder
Running .ViterbiDecoder
123 ms. Memory: 2763264K Free: 898129K (33%)
Exported /home/travis/build/icyphy/ptII/ptolemy/actor/lib/comm/demo/ViterbiDecoder/ViterbiDecoder/index.html
4369 ms. Memory: 2763264K Free: 794984K (29%)
####### 116 Sat May 12 02:49:42 UTC 2018 $PTII/bin/ptinvoke ptolemy.vergil.basic.export.ExportModel -force htm -run -openComposites -timeOut 30000 -whiteBackground ptolemy/actor/lib/database/demo/InteractiveQuery/InteractiveQuery.xml $PTII/ptolemy/actor/lib/database/demo/InteractiveQuery/InteractiveQuery
.InteractiveQuery.InteractiveShell invoked SwingUtilities.invokeAndWait()
Model ".InteractiveQuery" contains actors such cannot be run  as part of the export process from ExportModel or it has a WebExportParameters value that runBeforeExport set to false. To export run this model and export it, use vergil.
Exported /home/travis/build/icyphy/ptII/ptolemy/actor/lib/database/demo/InteractiveQuery/InteractiveQuery/index.html
3140 ms. Memory: 2763264K Free: 665728K (24%)
####### 117 Sat May 12 02:49:45 UTC 2018 $PTII/bin/ptinvoke ptolemy.vergil.basic.export.ExportModel -force htm -run -openComposites -timeOut 30000 -whiteBackground ptolemy/actor/lib/fmi/demo/FMUBouncingBall/FMUBouncingBall.xml $PTII/ptolemy/actor/lib/fmi/demo/FMUBouncingBall/FMUBouncingBall
Running .FMUBouncingBall
121 ms. Memory: 2763264K Free: 563340K (20%)
Exported /home/travis/build/icyphy/ptII/ptolemy/actor/lib/fmi/demo/FMUBouncingBall/FMUBouncingBall/index.html
4326 ms. Memory: 2763264K Free: 536397K (19%)
####### 118 Sat May 12 02:49:49 UTC 2018 $PTII/bin/ptinvoke ptolemy.vergil.basic.export.ExportModel -force htm -run -openComposites -timeOut 30000 -whiteBackground ptolemy/actor/lib/fmi/demo/FMULevelStairs/FMULevelStairs.xml $PTII/ptolemy/actor/lib/fmi/demo/FMULevelStairs/FMULevelStairs
Running .FMULevelStairs
34 ms. Memory: 2767360K Free: 1748427K (63%)
Exported /home/travis/build/icyphy/ptII/ptolemy/actor/lib/fmi/demo/FMULevelStairs/FMULevelStairs/index.html
4204 ms. Memory: 2767360K Free: 1691604K (61%)
####### 119 Sat May 12 02:49:54 UTC 2018 $PTII/bin/ptinvoke ptolemy.vergil.basic.export.ExportModel -force htm  -openComposites -timeOut 30000 -whiteBackground ptolemy/actor/lib/fmi/demo/FMUSimulationX/FMUSimulationX.xml $PTII/ptolemy/actor/lib/fmi/demo/FMUSimulationX/FMUSimulationX
Warning: not running ptolemy/actor/lib/fmi/demo/FMUSimulationX/FMUSimulationX.xml. See ptolemy/vergil/basic/export/test/junit/ExportModelJUnitTest.java
Exported /home/travis/build/icyphy/ptII/ptolemy/actor/lib/fmi/demo/FMUSimulationX/FMUSimulationX/index.html
3277 ms. Memory: 2767360K Free: 1483253K (54%)
####### 120 Sat May 12 02:49:57 UTC 2018 $PTII/bin/ptinvoke ptolemy.vergil.basic.export.ExportModel -force htm  -openComposites -timeOut 30000 -whiteBackground ptolemy/actor/lib/fmi/demo/FMUSimulationX/FMUSimulationXPIController.xml $PTII/ptolemy/actor/lib/fmi/demo/FMUSimulationX/FMUSimulationXPIController
Warning: not running ptolemy/actor/lib/fmi/demo/FMUSimulationX/FMUSimulationXPIController.xml. See ptolemy/vergil/basic/export/test/junit/ExportModelJUnitTest.java
Exported /home/travis/build/icyphy/ptII/ptolemy/actor/lib/fmi/demo/FMUSimulationX/FMUSimulationXPIController/index.html
3189 ms. Memory: 2767360K Free: 1301507K (47%)
####### 121 Sat May 12 02:50:00 UTC 2018 $PTII/bin/ptinvoke ptolemy.vergil.basic.export.ExportModel -force htm -run -openComposites -timeOut 30000 -whiteBackground ptolemy/actor/lib/fmi/demo/FMUStairs/FMUStairs.xml $PTII/ptolemy/actor/lib/fmi/demo/FMUStairs/FMUStairs
Running .FMUStairs
57 ms. Memory: 2767360K Free: 1198810K (43%)
Exported /home/travis/build/icyphy/ptII/ptolemy/actor/lib/fmi/demo/FMUStairs/FMUStairs/index.html
4240 ms. Memory: 2767360K Free: 1093995K (40%)
####### 122 Sat May 12 02:50:04 UTC 2018 $PTII/bin/ptinvoke ptolemy.vergil.basic.export.ExportModel -force htm -run -openComposites -timeOut 30000 -whiteBackground ptolemy/actor/lib/fmi/demo/FMUTwoBallCollision/FMUTwoBallCollision.xml $PTII/ptolemy/actor/lib/fmi/demo/FMUTwoBallCollision/FMUTwoBallCollision
Running .FMUTwoBallCollision
130 ms. Memory: 2767360K Free: 887902K (32%)
Exported /home/travis/build/icyphy/ptII/ptolemy/actor/lib/fmi/demo/FMUTwoBallCollision/FMUTwoBallCollision/index.html
4450 ms. Memory: 2767360K Free: 757596K (27%)
####### 123 Sat May 12 02:50:09 UTC 2018 $PTII/bin/ptinvoke ptolemy.vergil.basic.export.ExportModel -force htm  -openComposites -timeOut 30000 -whiteBackground ptolemy/actor/lib/fmi/jni/demo/FourInFourOutsDymola/FourInFourOutsDymola.xml $PTII/ptolemy/actor/lib/fmi/jni/demo/FourInFourOutsDymola/FourInFourOutsDymola
Warning: not running ptolemy/actor/lib/fmi/jni/demo/FourInFourOutsDymola/FourInFourOutsDymola.xml. See ptolemy/vergil/basic/export/test/junit/ExportModelJUnitTest.java
Exported /home/travis/build/icyphy/ptII/ptolemy/actor/lib/fmi/jni/demo/FourInFourOutsDymola/FourInFourOutsDymola/index.html
3357 ms. Memory: 2777088K Free: 1671032K (60%)
####### 124 Sat May 12 02:50:12 UTC 2018 $PTII/bin/ptinvoke ptolemy.vergil.basic.export.ExportModel -force htm  -openComposites -timeOut 30000 -whiteBackground ptolemy/actor/lib/fmi/jni/demo/FourInFourOutsDymola/FourInFourOutsDymolaJNI.xml $PTII/ptolemy/actor/lib/fmi/jni/demo/FourInFourOutsDymola/FourInFourOutsDymolaJNI
Warning: not running ptolemy/actor/lib/fmi/jni/demo/FourInFourOutsDymola/FourInFourOutsDymolaJNI.xml. See ptolemy/vergil/basic/export/test/junit/ExportModelJUnitTest.java
Exported /home/travis/build/icyphy/ptII/ptolemy/actor/lib/fmi/jni/demo/FourInFourOutsDymola/FourInFourOutsDymolaJNI/index.html
3285 ms. Memory: 2777088K Free: 1300428K (47%)
####### 125 Sat May 12 02:50:15 UTC 2018 $PTII/bin/ptinvoke ptolemy.vergil.basic.export.ExportModel -force htm  -openComposites -timeOut 30000 -whiteBackground ptolemy/actor/lib/fmi/jni/demo/FourInFourOutsDymola/FourInFourOutsDymolaWindows.xml $PTII/ptolemy/actor/lib/fmi/jni/demo/FourInFourOutsDymola/FourInFourOutsDymolaWindows
Warning: not running ptolemy/actor/lib/fmi/jni/demo/FourInFourOutsDymola/FourInFourOutsDymolaWindows.xml. See ptolemy/vergil/basic/export/test/junit/ExportModelJUnitTest.java
Exported /home/travis/build/icyphy/ptII/ptolemy/actor/lib/fmi/jni/demo/FourInFourOutsDymola/FourInFourOutsDymolaWindows/index.html
3218 ms. Memory: 2777088K Free: 1115996K (40%)
####### 126 Sat May 12 02:50:19 UTC 2018 $PTII/bin/ptinvoke ptolemy.vergil.basic.export.ExportModel -force htm -run -openComposites -timeOut 30000 -whiteBackground ptolemy/actor/lib/gem5/demo/DramThermalModel/DramThermalModel.xml $PTII/ptolemy/actor/lib/gem5/demo/DramThermalModel/DramThermalModel
Model ".DramThermalModel" contains actors such cannot be run  as part of the export process from ExportModel or it has a WebExportParameters value that runBeforeExport set to false. To export run this model and export it, use vergil.
Exported /home/travis/build/icyphy/ptII/ptolemy/actor/lib/gem5/demo/DramThermalModel/DramThermalModel/index.html
6255 ms. Memory: 2782208K Free: 913132K (33%)
####### 127 Sat May 12 02:50:25 UTC 2018 $PTII/bin/ptinvoke ptolemy.vergil.basic.export.ExportModel -force htm -run -openComposites -timeOut 30000 -whiteBackground ptolemy/actor/lib/hoc/demo/ApplyFFT/ApplyFFT.xml $PTII/ptolemy/actor/lib/hoc/demo/ApplyFFT/ApplyFFT
Running .ApplyFFT
96 ms. Memory: 2782208K Free: 752013K (27%)
Exported /home/travis/build/icyphy/ptII/ptolemy/actor/lib/hoc/demo/ApplyFFT/ApplyFFT/index.html
4382 ms. Memory: 2782208K Free: 671794K (24%)
####### 128 Sat May 12 02:50:29 UTC 2018 $PTII/bin/ptinvoke ptolemy.vergil.basic.export.ExportModel -force htm -run -openComposites -timeOut 30000 -whiteBackground ptolemy/actor/lib/hoc/demo/Case/Case.xml $PTII/ptolemy/actor/lib/hoc/demo/Case/Case
Running .Case
43 ms. Memory: 2782208K Free: 539993K (19%)
Exported /home/travis/build/icyphy/ptII/ptolemy/actor/lib/hoc/demo/Case/Case/index.html
4417 ms. Memory: 2797056K Free: 1744567K (62%)
####### 129 Sat May 12 02:50:34 UTC 2018 $PTII/bin/ptinvoke ptolemy.vergil.basic.export.ExportModel -force htm -run -openComposites -timeOut 30000 -whiteBackground ptolemy/actor/lib/hoc/demo/DFTSubSet/DFTSubSet.xml $PTII/ptolemy/actor/lib/hoc/demo/DFTSubSet/DFTSubSet
Running .DFTSubSet
230 ms. Memory: 2797056K Free: 1526244K (55%)
Exported /home/travis/build/icyphy/ptII/ptolemy/actor/lib/hoc/demo/DFTSubSet/DFTSubSet/index.html
5444 ms. Memory: 2797056K Free: 900781K (32%)
####### 130 Sat May 12 02:50:39 UTC 2018 $PTII/bin/ptinvoke ptolemy.vergil.basic.export.ExportModel -force htm -run -openComposites -timeOut 30000 -whiteBackground ptolemy/actor/lib/hoc/demo/HocDE/HocDE.xml $PTII/ptolemy/actor/lib/hoc/demo/HocDE/HocDE
Running .HocDE
207 ms. Memory: 2797056K Free: 707795K (25%)
Exported /home/travis/build/icyphy/ptII/ptolemy/actor/lib/hoc/demo/HocDE/HocDE/index.html
4831 ms. Memory: 2801664K Free: 1666615K (59%)
####### 131 Sat May 12 02:50:44 UTC 2018 $PTII/bin/ptinvoke ptolemy.vergil.basic.export.ExportModel -force htm -run -openComposites -timeOut 30000 -whiteBackground ptolemy/actor/lib/hoc/demo/IterateOverArray/IterateOverArray.xml $PTII/ptolemy/actor/lib/hoc/demo/IterateOverArray/IterateOverArray
Running .IterateOverArray
607 ms. Memory: 2801664K Free: 1447474K (52%)
Exported /home/travis/build/icyphy/ptII/ptolemy/actor/lib/hoc/demo/IterateOverArray/IterateOverArray/index.html
4922 ms. Memory: 2801664K Free: 1337596K (48%)
####### 132 Sat May 12 02:50:49 UTC 2018 $PTII/bin/ptinvoke ptolemy.vergil.basic.export.ExportModel -force htm -run -openComposites -timeOut 30000 -whiteBackground ptolemy/actor/lib/hoc/demo/MobileFunction/MobileFunction.xml $PTII/ptolemy/actor/lib/hoc/demo/MobileFunction/MobileFunction
Running .MobileFunction
16 ms. Memory: 2801664K Free: 1255692K (45%)
Exported /home/travis/build/icyphy/ptII/ptolemy/actor/lib/hoc/demo/MobileFunction/MobileFunction/index.html
4164 ms. Memory: 2801664K Free: 1199907K (43%)
####### 133 Sat May 12 02:50:53 UTC 2018 $PTII/bin/ptinvoke ptolemy.vergil.basic.export.ExportModel -force htm -run -openComposites -timeOut 30000 -whiteBackground ptolemy/actor/lib/hoc/demo/ModelReference/ModelReference.xml $PTII/ptolemy/actor/lib/hoc/demo/ModelReference/ModelReference
Running .ModelReference
141 ms. Memory: 2801664K Free: 1036921K (37%)
19 ms. Memory: 2801664K Free: 1009733K (36%)
ExportHTMLTimer went off after 30000 ms., calling getDirector().finish and getDirector().stopFire()
30006 ms. Memory: 2801664K Free: 1007819K (36%)
Exported /home/travis/build/icyphy/ptII/ptolemy/actor/lib/hoc/demo/ModelReference/ModelReference/index.html
34233 ms. Memory: 2801664K Free: 979037K (35%)
####### 134 Sat May 12 02:51:27 UTC 2018 $PTII/bin/ptinvoke ptolemy.vergil.basic.export.ExportModel -force htm -run -openComposites -timeOut 30000 -whiteBackground ptolemy/actor/lib/hoc/demo/ThreadedComposite/BackgroundExecution.xml $PTII/ptolemy/actor/lib/hoc/demo/ThreadedComposite/BackgroundExecution
Running .BackgroundExecution
9009 ms. Memory: 2801664K Free: 864905K (31%)
Exported /home/travis/build/icyphy/ptII/ptolemy/actor/lib/hoc/demo/ThreadedComposite/BackgroundExecution/index.html
13216 ms. Memory: 2801664K Free: 809101K (29%)
####### 135 Sat May 12 02:51:41 UTC 2018 $PTII/bin/ptinvoke ptolemy.vergil.basic.export.ExportModel -force htm -run -openComposites -timeOut 30000 -whiteBackground ptolemy/actor/lib/hoc/demo/ThreadedComposite/ConcurrentChat.xml $PTII/ptolemy/actor/lib/hoc/demo/ThreadedComposite/ConcurrentChat
.ConcurrentChat.ThreadedComposite.InteractiveShell invoked SwingUtilities.invokeAndWait()
Model ".ConcurrentChat" contains actors such cannot be run  as part of the export process from ExportModel or it has a WebExportParameters value that runBeforeExport set to false. To export run this model and export it, use vergil.
Exported /home/travis/build/icyphy/ptII/ptolemy/actor/lib/hoc/demo/ThreadedComposite/ConcurrentChat/index.html
3193 ms. Memory: 2801664K Free: 668035K (24%)
####### 136 Sat May 12 02:51:44 UTC 2018 $PTII/bin/ptinvoke ptolemy.vergil.basic.export.ExportModel -force htm -run -openComposites -timeOut 30000 -whiteBackground ptolemy/actor/lib/hoc/demo/ThreadedComposite/MulticoreExecution.xml $PTII/ptolemy/actor/lib/hoc/demo/ThreadedComposite/MulticoreExecution
Running .MulticoreExecution
10041 ms. Memory: 2801664K Free: 528618K (19%)
Exported /home/travis/build/icyphy/ptII/ptolemy/actor/lib/hoc/demo/ThreadedComposite/MulticoreExecution/index.html
14249 ms. Memory: 2816512K Free: 1795030K (64%)
####### 137 Sat May 12 02:51:58 UTC 2018 $PTII/bin/ptinvoke ptolemy.vergil.basic.export.ExportModel -force htm -run -openComposites -timeOut 30000 -whiteBackground ptolemy/actor/lib/hoc/demo/ThreadedComposite/ParallelExecution.xml $PTII/ptolemy/actor/lib/hoc/demo/ThreadedComposite/ParallelExecution
Running .ParallelExecution
9015 ms. Memory: 2816512K Free: 1676365K (60%)
Exported /home/travis/build/icyphy/ptII/ptolemy/actor/lib/hoc/demo/ThreadedComposite/ParallelExecution/index.html
13167 ms. Memory: 2816512K Free: 1646865K (58%)
####### 138 Sat May 12 02:52:11 UTC 2018 $PTII/bin/ptinvoke ptolemy.vergil.basic.export.ExportModel -force htm -run -openComposites -timeOut 30000 -whiteBackground ptolemy/actor/lib/hoc/demo/ThreadedComposite/SpontaneousSources.xml $PTII/ptolemy/actor/lib/hoc/demo/ThreadedComposite/SpontaneousSources
.SpontaneousSources.ThreadedComposite.InteractiveShell invoked SwingUtilities.invokeAndWait()
Model ".SpontaneousSources" contains actors such cannot be run  as part of the export process from ExportModel or it has a WebExportParameters value that runBeforeExport set to false. To export run this model and export it, use vergil.
Exported /home/travis/build/icyphy/ptII/ptolemy/actor/lib/hoc/demo/ThreadedComposite/SpontaneousSources/index.html
3175 ms. Memory: 2816512K Free: 1476752K (52%)
####### 139 Sat May 12 02:52:14 UTC 2018 $PTII/bin/ptinvoke ptolemy.vergil.basic.export.ExportModel -force htm  -openComposites -timeOut 30000 -whiteBackground ptolemy/actor/lib/hoc/demo/ThreadedComposite/ThreadedComposite.xml $PTII/ptolemy/actor/lib/hoc/demo/ThreadedComposite/ThreadedComposite
Warning: not running ptolemy/actor/lib/hoc/demo/ThreadedComposite/ThreadedComposite.xml. See ptolemy/vergil/basic/export/test/junit/ExportModelJUnitTest.java
Exported /home/travis/build/icyphy/ptII/ptolemy/actor/lib/hoc/demo/ThreadedComposite/ThreadedComposite/index.html
3123 ms. Memory: 2816512K Free: 1363774K (48%)
####### 140 Sat May 12 02:52:17 UTC 2018 $PTII/bin/ptinvoke ptolemy.vergil.basic.export.ExportModel -force htm  -openComposites -timeOut 30000 -whiteBackground ptolemy/actor/lib/io/comm/demo/SerialConsole/SerialConsole.xml $PTII/ptolemy/actor/lib/io/comm/demo/SerialConsole/SerialConsole
Warning: not running ptolemy/actor/lib/io/comm/demo/SerialConsole/SerialConsole.xml. See ptolemy/vergil/basic/export/test/junit/ExportModelJUnitTest.java
Exported /home/travis/build/icyphy/ptII/ptolemy/actor/lib/io/comm/demo/SerialConsole/SerialConsole/index.html
3166 ms. Memory: 2816512K Free: 1250748K (44%)
####### 141 Sat May 12 02:52:21 UTC 2018 $PTII/bin/ptinvoke ptolemy.vergil.basic.export.ExportModel -force htm  -openComposites -timeOut 30000 -whiteBackground ptolemy/actor/lib/io/comm/demo/SerialPort/SerialPort.xml $PTII/ptolemy/actor/lib/io/comm/demo/SerialPort/SerialPort
Warning: not running ptolemy/actor/lib/io/comm/demo/SerialPort/SerialPort.xml. See ptolemy/vergil/basic/export/test/junit/ExportModelJUnitTest.java
Exported /home/travis/build/icyphy/ptII/ptolemy/actor/lib/io/comm/demo/SerialPort/SerialPort/index.html
3152 ms. Memory: 2816512K Free: 1110213K (39%)
####### 142 Sat May 12 02:52:24 UTC 2018 $PTII/bin/ptinvoke ptolemy.vergil.basic.export.ExportModel -force htm  -openComposites -timeOut 30000 -whiteBackground ptolemy/actor/lib/io/comm/demo/XBee/XBee.xml $PTII/ptolemy/actor/lib/io/comm/demo/XBee/XBee
Warning: not running ptolemy/actor/lib/io/comm/demo/XBee/XBee.xml. See ptolemy/vergil/basic/export/test/junit/ExportModelJUnitTest.java
Exported /home/travis/build/icyphy/ptII/ptolemy/actor/lib/io/comm/demo/XBee/XBee/index.html
3167 ms. Memory: 2816512K Free: 969644K (34%)
####### 143 Sat May 12 02:52:27 UTC 2018 $PTII/bin/ptinvoke ptolemy.vergil.basic.export.ExportModel -force htm  -openComposites -timeOut 30000 -whiteBackground ptolemy/actor/lib/io/demo/AppendToFile/AppendToFile.xml $PTII/ptolemy/actor/lib/io/demo/AppendToFile/AppendToFile
Warning: not running ptolemy/actor/lib/io/demo/AppendToFile/AppendToFile.xml. See ptolemy/vergil/basic/export/test/junit/ExportModelJUnitTest.java
Exported /home/travis/build/icyphy/ptII/ptolemy/actor/lib/io/demo/AppendToFile/AppendToFile/index.html
3142 ms. Memory: 2816512K Free: 884163K (31%)
####### 144 Sat May 12 02:52:30 UTC 2018 $PTII/bin/ptinvoke ptolemy.vergil.basic.export.ExportModel -force htm  -openComposites -timeOut 30000 -whiteBackground ptolemy/actor/lib/io/demo/CopyFile/CopyFile.xml $PTII/ptolemy/actor/lib/io/demo/CopyFile/CopyFile
Warning: not running ptolemy/actor/lib/io/demo/CopyFile/CopyFile.xml. See ptolemy/vergil/basic/export/test/junit/ExportModelJUnitTest.java
Exported /home/travis/build/icyphy/ptII/ptolemy/actor/lib/io/demo/CopyFile/CopyFile/index.html
3141 ms. Memory: 2816512K Free: 769314K (27%)
####### 145 Sat May 12 02:52:33 UTC 2018 $PTII/bin/ptinvoke ptolemy.vergil.basic.export.ExportModel -force htm  -openComposites -timeOut 30000 -whiteBackground ptolemy/actor/lib/io/demo/FilePortParameter/FilePortParameter.xml $PTII/ptolemy/actor/lib/io/demo/FilePortParameter/FilePortParameter
Warning: not running ptolemy/actor/lib/io/demo/FilePortParameter/FilePortParameter.xml. See ptolemy/vergil/basic/export/test/junit/ExportModelJUnitTest.java
Exported /home/travis/build/icyphy/ptII/ptolemy/actor/lib/io/demo/FilePortParameter/FilePortParameter/index.html
3168 ms. Memory: 2816512K Free: 601149K (21%)
####### 146 Sat May 12 02:52:36 UTC 2018 $PTII/bin/ptinvoke ptolemy.vergil.basic.export.ExportModel -force htm  -openComposites -timeOut 30000 -whiteBackground ptolemy/actor/lib/io/demo/ReadExpressionsCommandLine/ReadExpressionsCommandLine.xml $PTII/ptolemy/actor/lib/io/demo/ReadExpressionsCommandLine/ReadExpressionsCommandLine
Warning: not running ptolemy/actor/lib/io/demo/ReadExpressionsCommandLine/ReadExpressionsCommandLine.xml. See ptolemy/vergil/basic/export/test/junit/ExportModelJUnitTest.java
Exported /home/travis/build/icyphy/ptII/ptolemy/actor/lib/io/demo/ReadExpressionsCommandLine/ReadExpressionsCommandLine/index.html
3117 ms. Memory: 2816512K Free: 460503K (16%)
####### 147 Sat May 12 02:52:40 UTC 2018 $PTII/bin/ptinvoke ptolemy.vergil.basic.export.ExportModel -force htm  -openComposites -timeOut 30000 -whiteBackground ptolemy/actor/lib/io/demo/ReadStdIn/ReadStdIn.xml $PTII/ptolemy/actor/lib/io/demo/ReadStdIn/ReadStdIn
Warning: not running ptolemy/actor/lib/io/demo/ReadStdIn/ReadStdIn.xml. See ptolemy/vergil/basic/export/test/junit/ExportModelJUnitTest.java
Exported /home/travis/build/icyphy/ptII/ptolemy/actor/lib/io/demo/ReadStdIn/ReadStdIn/index.html
3181 ms. Memory: 2820608K Free: 1743208K (62%)
####### 148 Sat May 12 02:52:43 UTC 2018 $PTII/bin/ptinvoke ptolemy.vergil.basic.export.ExportModel -force htm -run -openComposites -timeOut 30000 -whiteBackground ptolemy/actor/lib/jai/demo/AdaptiveMedian/AdaptiveMedian.xml $PTII/ptolemy/actor/lib/jai/demo/AdaptiveMedian/AdaptiveMedian
Running .AdaptiveMedian
1013 ms. Memory: 2820608K Free: 1522881K (54%)
Exported /home/travis/build/icyphy/ptII/ptolemy/actor/lib/jai/demo/AdaptiveMedian/AdaptiveMedian/index.html
5199 ms. Memory: 2820608K Free: 1493478K (53%)
####### 149 Sat May 12 02:52:48 UTC 2018 $PTII/bin/ptinvoke ptolemy.vergil.basic.export.ExportModel -force htm -run -openComposites -timeOut 30000 -whiteBackground ptolemy/actor/lib/jai/demo/ImageReconstruction/ImageReconstruction.xml $PTII/ptolemy/actor/lib/jai/demo/ImageReconstruction/ImageReconstruction
Running .ImageReconstruction
54 ms. Memory: 2820608K Free: 1379139K (49%)
Exported /home/travis/build/icyphy/ptII/ptolemy/actor/lib/jai/demo/ImageReconstruction/ImageReconstruction/index.html
4227 ms. Memory: 2820608K Free: 1322042K (47%)
####### 150 Sat May 12 02:52:52 UTC 2018 $PTII/bin/ptinvoke ptolemy.vergil.basic.export.ExportModel -force htm -run -openComposites -timeOut 30000 -whiteBackground ptolemy/actor/lib/jai/demo/VQSequenceDisplay/VQSequenceDisplay.xml $PTII/ptolemy/actor/lib/jai/demo/VQSequenceDisplay/VQSequenceDisplay
Running .VQSequenceDisplay
617 ms. Memory: 2820608K Free: 1183782K (42%)
Exported /home/travis/build/icyphy/ptII/ptolemy/actor/lib/jai/demo/VQSequenceDisplay/VQSequenceDisplay/index.html
4801 ms. Memory: 2820608K Free: 1126779K (40%)
]]></system-out>
  <system-err><![CDATA[Register Dispose
java.lang.NullPointerException
Register Dispose
java.lang.NullPointerException
Register Dispose
java.lang.NullPointerException
WARNING: Clock: Model stopped before executing actions (e.g. producing outputs) scheduled for execution at times [1.0]
WARNING: Mutable: Model stopped before executing actions (e.g. producing outputs) scheduled for execution at times [1.0]
Mutable: Connection refused.
ptolemy.kernel.util.IllegalActionException: Connection refused.
  in .AugmentedRealityFeedbackBlee.Mutable
Because:
MqttException
	at ptolemy.actor.lib.jjs.HelperBase$2.run(HelperBase.java:213)
	at ptolemy.actor.lib.jjs.JavaScript.fire(JavaScript.java:1050)
	at ptolemy.domains.de.kernel.DEDirector._fire(DEDirector.java:1948)
	at ptolemy.domains.de.kernel.DEDirector.fire(DEDirector.java:502)
	at ptolemy.actor.CompositeActor.fire(CompositeActor.java:455)
	at ptolemy.actor.Manager.iterate(Manager.java:851)
	at ptolemy.actor.Manager.execute(Manager.java:369)
	at ptolemy.vergil.basic.export.ExportModel$2.run(ExportModel.java:390)
	at java.awt.event.InvocationEvent.dispatch(InvocationEvent.java:301)
	at java.awt.EventQueue.dispatchEventImpl(EventQueue.java:756)
	at java.awt.EventQueue.access$500(EventQueue.java:97)
	at java.awt.EventQueue$3.run(EventQueue.java:709)
	at java.awt.EventQueue$3.run(EventQueue.java:703)
	at java.security.AccessController.doPrivileged(Native Method)
	at java.security.ProtectionDomain$JavaSecurityAccessImpl.doIntersectionPrivilege(ProtectionDomain.java:80)
	at java.awt.EventQueue.dispatchEvent(EventQueue.java:726)
	at java.awt.EventDispatchThread.pumpOneEventForFilters(EventDispatchThread.java:201)
	at java.awt.EventDispatchThread.pumpEventsForFilter(EventDispatchThread.java:116)
	at java.awt.EventDispatchThread.pumpEventsForHierarchy(EventDispatchThread.java:105)
	at java.awt.EventDispatchThread.pumpEvents(EventDispatchThread.java:101)
	at java.awt.EventDispatchThread.pumpEvents(EventDispatchThread.java:93)
	at java.awt.EventDispatchThread.run(EventDispatchThread.java:82)
Caused by: MqttException (0) - java.net.UnknownHostException: ThisIsNotAPipeNorIsITheBrokerHostIPAddress.UseSummonToFindALocalBroker
	at org.eclipse.paho.client.mqttv3.internal.ExceptionHelper.createMqttException(ExceptionHelper.java:38)
	at org.eclipse.paho.client.mqttv3.internal.ClientComms$ConnectBG.run(ClientComms.java:715)
	at java.util.concurrent.Executors$RunnableAdapter.call(Executors.java:511)
	at java.util.concurrent.FutureTask.run(FutureTask.java:266)
	at java.util.concurrent.ScheduledThreadPoolExecutor$ScheduledFutureTask.access$201(ScheduledThreadPoolExecutor.java:180)
	at java.util.concurrent.ScheduledThreadPoolExecutor$ScheduledFutureTask.run(ScheduledThreadPoolExecutor.java:293)
	at java.util.concurrent.ThreadPoolExecutor.runWorker(ThreadPoolExecutor.java:1149)
	at java.util.concurrent.ThreadPoolExecutor$Worker.run(ThreadPoolExecutor.java:624)
	at java.lang.Thread.run(Thread.java:748)
Caused by: java.net.UnknownHostException: ThisIsNotAPipeNorIsITheBrokerHostIPAddress.UseSummonToFindALocalBroker
	at java.net.AbstractPlainSocketImpl.connect(AbstractPlainSocketImpl.java:184)
	at java.net.SocksSocketImpl.connect(SocksSocketImpl.java:392)
	at java.net.Socket.connect(Socket.java:589)
	at org.eclipse.paho.client.mqttv3.internal.TCPNetworkModule.start(TCPNetworkModule.java:84)
	at org.eclipse.paho.client.mqttv3.internal.ClientComms$ConnectBG.run(ClientComms.java:701)
	... 7 more
Caused by: MqttException (0) - java.net.UnknownHostException: ThisIsNotAPipeNorIsITheBrokerHostIPAddress.UseSummonToFindALocalBroker
	at org.eclipse.paho.client.mqttv3.internal.ExceptionHelper.createMqttException(ExceptionHelper.java:38)
	at org.eclipse.paho.client.mqttv3.internal.ClientComms$ConnectBG.run(ClientComms.java:715)
	at java.util.concurrent.Executors$RunnableAdapter.call(Executors.java:511)
	at java.util.concurrent.FutureTask.run(FutureTask.java:266)
	at java.util.concurrent.ScheduledThreadPoolExecutor$ScheduledFutureTask.access$201(ScheduledThreadPoolExecutor.java:180)
	at java.util.concurrent.ScheduledThreadPoolExecutor$ScheduledFutureTask.run(ScheduledThreadPoolExecutor.java:293)
	at java.util.concurrent.ThreadPoolExecutor.runWorker(ThreadPoolExecutor.java:1149)
	at java.util.concurrent.ThreadPoolExecutor$Worker.run(ThreadPoolExecutor.java:624)
	at java.lang.Thread.run(Thread.java:748)
Caused by: java.net.UnknownHostException: ThisIsNotAPipeNorIsITheBrokerHostIPAddress.UseSummonToFindALocalBroker
	at java.net.AbstractPlainSocketImpl.connect(AbstractPlainSocketImpl.java:184)
	at java.net.SocksSocketImpl.connect(SocksSocketImpl.java:392)
	at java.net.Socket.connect(Socket.java:589)
	at org.eclipse.paho.client.mqttv3.internal.TCPNetworkModule.start(TCPNetworkModule.java:84)
	at org.eclipse.paho.client.mqttv3.internal.ClientComms$ConnectBG.run(ClientComms.java:701)
	... 7 more
WARNING: Clock: Model stopped before executing actions (e.g. producing outputs) scheduled for execution at times [23.0]
HttpClientHelper.java: Received an error for request 0: io.netty.channel.AbstractChannel$AnnotatedConnectException: Connection refused: localhost/127.0.0.1:8077
io.netty.channel.AbstractChannel$AnnotatedConnectException: Connection refused: localhost/127.0.0.1:8077
	at sun.nio.ch.SocketChannelImpl.checkConnect(Native Method)
	at sun.nio.ch.SocketChannelImpl.finishConnect(SocketChannelImpl.java:717)
	at io.netty.channel.socket.nio.NioSocketChannel.doFinishConnect(NioSocketChannel.java:325)
	at io.netty.channel.nio.AbstractNioChannel$AbstractNioUnsafe.finishConnect(AbstractNioChannel.java:340)
	at io.netty.channel.nio.NioEventLoop.processSelectedKey(NioEventLoop.java:633)
	at io.netty.channel.nio.NioEventLoop.processSelectedKeysOptimized(NioEventLoop.java:580)
	at io.netty.channel.nio.NioEventLoop.processSelectedKeys(NioEventLoop.java:497)
	at io.netty.channel.nio.NioEventLoop.run(NioEventLoop.java:459)
	at io.netty.util.concurrent.SingleThreadEventExecutor$5.run(SingleThreadEventExecutor.java:886)
	at io.netty.util.concurrent.FastThreadLocalRunnable.run(FastThreadLocalRunnable.java:30)
	at java.lang.Thread.run(Thread.java:748)
Caused by: java.net.ConnectException: Connection refused
	... 11 more
WARNING: Clock: Model stopped before executing actions (e.g. producing outputs) scheduled for execution at times [19.0]
Unable to export to web.
java.lang.ClassCastException: ptolemy.data.Token$1 cannot be cast to ptolemy.data.StringToken
	at ptolemy.data.expr.Variable.getValueAsString(Variable.java:689)
	at ptolemy.vergil.basic.export.web.ParameterDisplayIconScript.getParameterTable(ParameterDisplayIconScript.java:116)
	at ptolemy.vergil.basic.export.web.ParameterDisplayIconScript._provideDefaultAttributes(ParameterDisplayIconScript.java:168)
	at ptolemy.vergil.basic.export.web.DefaultIconScript._provideAttributes(DefaultIconScript.java:160)
	at ptolemy.vergil.basic.export.web.WebContent.provideContent(WebContent.java:176)
	at ptolemy.vergil.basic.export.html.ExportHTMLAction.writeHTML(ExportHTMLAction.java:745)
	at ptolemy.vergil.basic.BasicGraphFrame.writeHTML(BasicGraphFrame.java:1657)
	at ptolemy.vergil.basic.export.html.ExportHTMLAction$1$1.run(ExportHTMLAction.java:559)
	at java.awt.event.InvocationEvent.dispatch(InvocationEvent.java:311)
	at java.awt.EventQueue.dispatchEventImpl(EventQueue.java:756)
	at java.awt.EventQueue.access$500(EventQueue.java:97)
	at java.awt.EventQueue$3.run(EventQueue.java:709)
	at java.awt.EventQueue$3.run(EventQueue.java:703)
	at java.security.AccessController.doPrivileged(Native Method)
	at java.security.ProtectionDomain$JavaSecurityAccessImpl.doIntersectionPrivilege(ProtectionDomain.java:80)
	at java.awt.EventQueue.dispatchEvent(EventQueue.java:726)
	at java.awt.EventDispatchThread.pumpOneEventForFilters(EventDispatchThread.java:201)
	at java.awt.EventDispatchThread.pumpEventsForFilter(EventDispatchThread.java:116)
	at java.awt.EventDispatchThread.pumpEventsForHierarchy(EventDispatchThread.java:105)
	at java.awt.EventDispatchThread.pumpEvents(EventDispatchThread.java:101)
	at java.awt.EventDispatchThread.pumpEvents(EventDispatchThread.java:93)
	at java.awt.EventDispatchThread.run(EventDispatchThread.java:82)
UNCAUGHT EXCEPTION: java.lang.ClassCastException: ptolemy.data.Token$1 cannot be cast to ptolemy.data.StringToken
java.lang.RuntimeException: java.lang.ClassCastException: ptolemy.data.Token$1 cannot be cast to ptolemy.data.StringToken
	at ptolemy.vergil.basic.export.html.ExportHTMLAction$1$1.run(ExportHTMLAction.java:583)
	at java.awt.event.InvocationEvent.dispatch(InvocationEvent.java:311)
	at java.awt.EventQueue.dispatchEventImpl(EventQueue.java:756)
	at java.awt.EventQueue.access$500(EventQueue.java:97)
	at java.awt.EventQueue$3.run(EventQueue.java:709)
	at java.awt.EventQueue$3.run(EventQueue.java:703)
	at java.security.AccessController.doPrivileged(Native Method)
	at java.security.ProtectionDomain$JavaSecurityAccessImpl.doIntersectionPrivilege(ProtectionDomain.java:80)
	at java.awt.EventQueue.dispatchEvent(EventQueue.java:726)
	at java.awt.EventDispatchThread.pumpOneEventForFilters(EventDispatchThread.java:201)
	at java.awt.EventDispatchThread.pumpEventsForFilter(EventDispatchThread.java:116)
	at java.awt.EventDispatchThread.pumpEventsForHierarchy(EventDispatchThread.java:105)
	at java.awt.EventDispatchThread.pumpEvents(EventDispatchThread.java:101)
	at java.awt.EventDispatchThread.pumpEvents(EventDispatchThread.java:93)
	at java.awt.EventDispatchThread.run(EventDispatchThread.java:82)
Caused by: java.lang.ClassCastException: ptolemy.data.Token$1 cannot be cast to ptolemy.data.StringToken
	at ptolemy.data.expr.Variable.getValueAsString(Variable.java:689)
	at ptolemy.vergil.basic.export.web.ParameterDisplayIconScript.getParameterTable(ParameterDisplayIconScript.java:116)
	at ptolemy.vergil.basic.export.web.ParameterDisplayIconScript._provideDefaultAttributes(ParameterDisplayIconScript.java:168)
	at ptolemy.vergil.basic.export.web.DefaultIconScript._provideAttributes(DefaultIconScript.java:160)
	at ptolemy.vergil.basic.export.web.WebContent.provideContent(WebContent.java:176)
	at ptolemy.vergil.basic.export.html.ExportHTMLAction.writeHTML(ExportHTMLAction.java:745)
	at ptolemy.vergil.basic.BasicGraphFrame.writeHTML(BasicGraphFrame.java:1657)
	at ptolemy.vergil.basic.export.html.ExportHTMLAction$1$1.run(ExportHTMLAction.java:559)
	... 14 more
[AWT-EventQueue-0] INFO com.github.sarxos.webcam.Webcam - WebcamDefaultDriver capture driver will be used
[atomic-processor-1] INFO com.github.sarxos.webcam.ds.cgt.WebcamOpenTask - Opening webcam Dummy Webcam 0
[atomic-processor-1] INFO com.github.sarxos.webcam.ds.cgt.WebcamCloseTask - Closing Dummy Webcam 0
[atomic-processor-1] INFO com.github.sarxos.webcam.ds.cgt.WebcamOpenTask - Opening webcam Dummy Webcam 0
[atomic-processor-1] INFO com.github.sarxos.webcam.ds.cgt.WebcamCloseTask - Closing Dummy Webcam 0
WARNING: Camera: Model stopped before executing actions (e.g. producing outputs) scheduled for execution at times [18.767, 18.873]
HttpClientHelper.java: Received an error for request 0: io.netty.channel.ConnectTimeoutException: connection timed out: /192.168.1.217:8099
io.netty.channel.ConnectTimeoutException: connection timed out: /192.168.1.217:8099
	at io.netty.channel.nio.AbstractNioChannel$AbstractNioUnsafe$1.run(AbstractNioChannel.java:267)
	at io.netty.util.concurrent.PromiseTask$RunnableAdapter.call(PromiseTask.java:38)
	at io.netty.util.concurrent.ScheduledFutureTask.run(ScheduledFutureTask.java:125)
	at io.netty.util.concurrent.AbstractEventExecutor.safeExecute(AbstractEventExecutor.java:163)
	at io.netty.util.concurrent.SingleThreadEventExecutor.runAllTasks(SingleThreadEventExecutor.java:404)
	at io.netty.channel.nio.NioEventLoop.run(NioEventLoop.java:463)
	at io.netty.util.concurrent.SingleThreadEventExecutor$5.run(SingleThreadEventExecutor.java:886)
	at io.netty.util.concurrent.FastThreadLocalRunnable.run(FastThreadLocalRunnable.java:30)
	at java.lang.Thread.run(Thread.java:748)
HttpClientHelper.java: Received an error for request 1: io.netty.channel.ConnectTimeoutException: connection timed out: /192.168.1.217:8099
io.netty.channel.ConnectTimeoutException: connection timed out: /192.168.1.217:8099
	at io.netty.channel.nio.AbstractNioChannel$AbstractNioUnsafe$1.run(AbstractNioChannel.java:267)
	at io.netty.util.concurrent.PromiseTask$RunnableAdapter.call(PromiseTask.java:38)
	at io.netty.util.concurrent.ScheduledFutureTask.run(ScheduledFutureTask.java:125)
	at io.netty.util.concurrent.AbstractEventExecutor.safeExecute(AbstractEventExecutor.java:163)
	at io.netty.util.concurrent.SingleThreadEventExecutor.runAllTasks(SingleThreadEventExecutor.java:404)
	at io.netty.channel.nio.NioEventLoop.run(NioEventLoop.java:463)
	at io.netty.util.concurrent.SingleThreadEventExecutor$5.run(SingleThreadEventExecutor.java:886)
	at io.netty.util.concurrent.FastThreadLocalRunnable.run(FastThreadLocalRunnable.java:30)
	at java.lang.Thread.run(Thread.java:748)
HttpClientHelper.java: Received an error for request 2: io.netty.channel.ConnectTimeoutException: connection timed out: /192.168.1.217:8099
io.netty.channel.ConnectTimeoutException: connection timed out: /192.168.1.217:8099
	at io.netty.channel.nio.AbstractNioChannel$AbstractNioUnsafe$1.run(AbstractNioChannel.java:267)
	at io.netty.util.concurrent.PromiseTask$RunnableAdapter.call(PromiseTask.java:38)
	at io.netty.util.concurrent.ScheduledFutureTask.run(ScheduledFutureTask.java:125)
	at io.netty.util.concurrent.AbstractEventExecutor.safeExecute(AbstractEventExecutor.java:163)
	at io.netty.util.concurrent.SingleThreadEventExecutor.runAllTasks(SingleThreadEventExecutor.java:404)
	at io.netty.channel.nio.NioEventLoop.run(NioEventLoop.java:463)
	at io.netty.util.concurrent.SingleThreadEventExecutor$5.run(SingleThreadEventExecutor.java:886)
	at io.netty.util.concurrent.FastThreadLocalRunnable.run(FastThreadLocalRunnable.java:30)
	at java.lang.Thread.run(Thread.java:748)
HttpClientHelper.java: Received an error for request 3: io.netty.channel.ConnectTimeoutException: connection timed out: /192.168.1.217:8099
io.netty.channel.ConnectTimeoutException: connection timed out: /192.168.1.217:8099
	at io.netty.channel.nio.AbstractNioChannel$AbstractNioUnsafe$1.run(AbstractNioChannel.java:267)
	at io.netty.util.concurrent.PromiseTask$RunnableAdapter.call(PromiseTask.java:38)
	at io.netty.util.concurrent.ScheduledFutureTask.run(ScheduledFutureTask.java:125)
	at io.netty.util.concurrent.AbstractEventExecutor.safeExecute(AbstractEventExecutor.java:163)
	at io.netty.util.concurrent.SingleThreadEventExecutor.runAllTasks(SingleThreadEventExecutor.java:404)
	at io.netty.channel.nio.NioEventLoop.run(NioEventLoop.java:463)
	at io.netty.util.concurrent.SingleThreadEventExecutor$5.run(SingleThreadEventExecutor.java:886)
	at io.netty.util.concurrent.FastThreadLocalRunnable.run(FastThreadLocalRunnable.java:30)
	at java.lang.Thread.run(Thread.java:748)
HttpClientHelper.java: Received an error for request 4: io.netty.channel.ConnectTimeoutException: connection timed out: /192.168.1.217:8099
io.netty.channel.ConnectTimeoutException: connection timed out: /192.168.1.217:8099
	at io.netty.channel.nio.AbstractNioChannel$AbstractNioUnsafe$1.run(AbstractNioChannel.java:267)
	at io.netty.util.concurrent.PromiseTask$RunnableAdapter.call(PromiseTask.java:38)
	at io.netty.util.concurrent.ScheduledFutureTask.run(ScheduledFutureTask.java:125)
	at io.netty.util.concurrent.AbstractEventExecutor.safeExecute(AbstractEventExecutor.java:163)
	at io.netty.util.concurrent.SingleThreadEventExecutor.runAllTasks(SingleThreadEventExecutor.java:404)
	at io.netty.channel.nio.NioEventLoop.run(NioEventLoop.java:463)
	at io.netty.util.concurrent.SingleThreadEventExecutor$5.run(SingleThreadEventExecutor.java:886)
	at io.netty.util.concurrent.FastThreadLocalRunnable.run(FastThreadLocalRunnable.java:30)
	at java.lang.Thread.run(Thread.java:748)
WARNING: GenerateLifxAccessors: Model stopped before executing actions (e.g. producing outputs) scheduled for execution at times [7.0, 11.0]
HttpClientHelper.java: Received an error for request 0: io.netty.channel.ConnectTimeoutException: connection timed out: /192.168.1.217:8099
io.netty.channel.ConnectTimeoutException: connection timed out: /192.168.1.217:8099
	at io.netty.channel.nio.AbstractNioChannel$AbstractNioUnsafe$1.run(AbstractNioChannel.java:267)
	at io.netty.util.concurrent.PromiseTask$RunnableAdapter.call(PromiseTask.java:38)
	at io.netty.util.concurrent.ScheduledFutureTask.run(ScheduledFutureTask.java:125)
	at io.netty.util.concurrent.AbstractEventExecutor.safeExecute(AbstractEventExecutor.java:163)
	at io.netty.util.concurrent.SingleThreadEventExecutor.runAllTasks(SingleThreadEventExecutor.java:404)
	at io.netty.channel.nio.NioEventLoop.run(NioEventLoop.java:463)
	at io.netty.util.concurrent.SingleThreadEventExecutor$5.run(SingleThreadEventExecutor.java:886)
	at io.netty.util.concurrent.FastThreadLocalRunnable.run(FastThreadLocalRunnable.java:30)
	at java.lang.Thread.run(Thread.java:748)
HttpClientHelper.java: Received an error for request 1: io.netty.channel.ConnectTimeoutException: connection timed out: /192.168.1.217:8099
io.netty.channel.ConnectTimeoutException: connection timed out: /192.168.1.217:8099
	at io.netty.channel.nio.AbstractNioChannel$AbstractNioUnsafe$1.run(AbstractNioChannel.java:267)
	at io.netty.util.concurrent.PromiseTask$RunnableAdapter.call(PromiseTask.java:38)
	at io.netty.util.concurrent.ScheduledFutureTask.run(ScheduledFutureTask.java:125)
	at io.netty.util.concurrent.AbstractEventExecutor.safeExecute(AbstractEventExecutor.java:163)
	at io.netty.util.concurrent.SingleThreadEventExecutor.runAllTasks(SingleThreadEventExecutor.java:404)
	at io.netty.channel.nio.NioEventLoop.run(NioEventLoop.java:463)
	at io.netty.util.concurrent.SingleThreadEventExecutor$5.run(SingleThreadEventExecutor.java:886)
	at io.netty.util.concurrent.FastThreadLocalRunnable.run(FastThreadLocalRunnable.java:30)
	at java.lang.Thread.run(Thread.java:748)
HttpClientHelper.java: Received an error for request 2: io.netty.channel.ConnectTimeoutException: connection timed out: /192.168.1.217:8099
io.netty.channel.ConnectTimeoutException: connection timed out: /192.168.1.217:8099
	at io.netty.channel.nio.AbstractNioChannel$AbstractNioUnsafe$1.run(AbstractNioChannel.java:267)
	at io.netty.util.concurrent.PromiseTask$RunnableAdapter.call(PromiseTask.java:38)
	at io.netty.util.concurrent.ScheduledFutureTask.run(ScheduledFutureTask.java:125)
	at io.netty.util.concurrent.AbstractEventExecutor.safeExecute(AbstractEventExecutor.java:163)
	at io.netty.util.concurrent.SingleThreadEventExecutor.runAllTasks(SingleThreadEventExecutor.java:404)
	at io.netty.channel.nio.NioEventLoop.run(NioEventLoop.java:463)
	at io.netty.util.concurrent.SingleThreadEventExecutor$5.run(SingleThreadEventExecutor.java:886)
	at io.netty.util.concurrent.FastThreadLocalRunnable.run(FastThreadLocalRunnable.java:30)
	at java.lang.Thread.run(Thread.java:748)
HttpClientHelper.java: Received an error for request 3: io.netty.channel.ConnectTimeoutException: connection timed out: /192.168.1.217:8099
io.netty.channel.ConnectTimeoutException: connection timed out: /192.168.1.217:8099
	at io.netty.channel.nio.AbstractNioChannel$AbstractNioUnsafe$1.run(AbstractNioChannel.java:267)
	at io.netty.util.concurrent.PromiseTask$RunnableAdapter.call(PromiseTask.java:38)
	at io.netty.util.concurrent.ScheduledFutureTask.run(ScheduledFutureTask.java:125)
	at io.netty.util.concurrent.AbstractEventExecutor.safeExecute(AbstractEventExecutor.java:163)
	at io.netty.util.concurrent.SingleThreadEventExecutor.runAllTasks(SingleThreadEventExecutor.java:404)
	at io.netty.channel.nio.NioEventLoop.run(NioEventLoop.java:463)
	at io.netty.util.concurrent.SingleThreadEventExecutor$5.run(SingleThreadEventExecutor.java:886)
	at io.netty.util.concurrent.FastThreadLocalRunnable.run(FastThreadLocalRunnable.java:30)
	at java.lang.Thread.run(Thread.java:748)
HttpClientHelper.java: Received an error for request 4: io.netty.channel.ConnectTimeoutException: connection timed out: /192.168.1.217:8099
io.netty.channel.ConnectTimeoutException: connection timed out: /192.168.1.217:8099
	at io.netty.channel.nio.AbstractNioChannel$AbstractNioUnsafe$1.run(AbstractNioChannel.java:267)
	at io.netty.util.concurrent.PromiseTask$RunnableAdapter.call(PromiseTask.java:38)
	at io.netty.util.concurrent.ScheduledFutureTask.run(ScheduledFutureTask.java:125)
	at io.netty.util.concurrent.AbstractEventExecutor.safeExecute(AbstractEventExecutor.java:163)
	at io.netty.util.concurrent.SingleThreadEventExecutor.runAllTasks(SingleThreadEventExecutor.java:404)
	at io.netty.channel.nio.NioEventLoop.run(NioEventLoop.java:463)
	at io.netty.util.concurrent.SingleThreadEventExecutor$5.run(SingleThreadEventExecutor.java:886)
	at io.netty.util.concurrent.FastThreadLocalRunnable.run(FastThreadLocalRunnable.java:30)
	at java.lang.Thread.run(Thread.java:748)
HttpClientHelper.java: Received an error for request 5: io.netty.channel.ConnectTimeoutException: connection timed out: /192.168.1.217:8099
io.netty.channel.ConnectTimeoutException: connection timed out: /192.168.1.217:8099
	at io.netty.channel.nio.AbstractNioChannel$AbstractNioUnsafe$1.run(AbstractNioChannel.java:267)
	at io.netty.util.concurrent.PromiseTask$RunnableAdapter.call(PromiseTask.java:38)
	at io.netty.util.concurrent.ScheduledFutureTask.run(ScheduledFutureTask.java:125)
	at io.netty.util.concurrent.AbstractEventExecutor.safeExecute(AbstractEventExecutor.java:163)
	at io.netty.util.concurrent.SingleThreadEventExecutor.runAllTasks(SingleThreadEventExecutor.java:404)
	at io.netty.channel.nio.NioEventLoop.run(NioEventLoop.java:463)
	at io.netty.util.concurrent.SingleThreadEventExecutor$5.run(SingleThreadEventExecutor.java:886)
	at io.netty.util.concurrent.FastThreadLocalRunnable.run(FastThreadLocalRunnable.java:30)
	at java.lang.Thread.run(Thread.java:748)
HttpClientHelper.java: Received an error for request 0: io.netty.channel.ConnectTimeoutException: connection timed out: /192.168.1.217:8099
io.netty.channel.ConnectTimeoutException: connection timed out: /192.168.1.217:8099
	at io.netty.channel.nio.AbstractNioChannel$AbstractNioUnsafe$1.run(AbstractNioChannel.java:267)
	at io.netty.util.concurrent.PromiseTask$RunnableAdapter.call(PromiseTask.java:38)
	at io.netty.util.concurrent.ScheduledFutureTask.run(ScheduledFutureTask.java:125)
	at io.netty.util.concurrent.AbstractEventExecutor.safeExecute(AbstractEventExecutor.java:163)
	at io.netty.util.concurrent.SingleThreadEventExecutor.runAllTasks(SingleThreadEventExecutor.java:404)
	at io.netty.channel.nio.NioEventLoop.run(NioEventLoop.java:463)
	at io.netty.util.concurrent.SingleThreadEventExecutor$5.run(SingleThreadEventExecutor.java:886)
	at io.netty.util.concurrent.FastThreadLocalRunnable.run(FastThreadLocalRunnable.java:30)
	at java.lang.Thread.run(Thread.java:748)
[atomic-processor-1] INFO com.github.sarxos.webcam.ds.cgt.WebcamOpenTask - Opening webcam Dummy Webcam 0
[atomic-processor-1] INFO com.github.sarxos.webcam.ds.cgt.WebcamCloseTask - Closing Dummy Webcam 0
WARNING: Camera: Model stopped before executing actions (e.g. producing outputs) scheduled for execution at times [15.372]
HttpClientHelper.java: Received an error for request 0: io.netty.channel.ConnectTimeoutException: connection timed out: /192.168.1.221:80
io.netty.channel.ConnectTimeoutException: connection timed out: /192.168.1.221:80
	at io.netty.channel.nio.AbstractNioChannel$AbstractNioUnsafe$1.run(AbstractNioChannel.java:267)
	at io.netty.util.concurrent.PromiseTask$RunnableAdapter.call(PromiseTask.java:38)
	at io.netty.util.concurrent.ScheduledFutureTask.run(ScheduledFutureTask.java:125)
	at io.netty.util.concurrent.AbstractEventExecutor.safeExecute(AbstractEventExecutor.java:163)
	at io.netty.util.concurrent.SingleThreadEventExecutor.runAllTasks(SingleThreadEventExecutor.java:404)
	at io.netty.channel.nio.NioEventLoop.run(NioEventLoop.java:463)
	at io.netty.util.concurrent.SingleThreadEventExecutor$5.run(SingleThreadEventExecutor.java:886)
	at io.netty.util.concurrent.FastThreadLocalRunnable.run(FastThreadLocalRunnable.java:30)
	at java.lang.Thread.run(Thread.java:748)
Hue: connection timed out: /192.168.1.221:80
[atomic-processor-1] INFO com.github.sarxos.webcam.ds.cgt.WebcamOpenTask - Opening webcam Dummy Webcam 0
HttpClientHelper.java: Received an error for request 0: io.netty.channel.ConnectTimeoutException: connection timed out: /192.168.2.2:80
io.netty.channel.ConnectTimeoutException: connection timed out: /192.168.2.2:80
	at io.netty.channel.nio.AbstractNioChannel$AbstractNioUnsafe$1.run(AbstractNioChannel.java:267)
	at io.netty.util.concurrent.PromiseTask$RunnableAdapter.call(PromiseTask.java:38)
	at io.netty.util.concurrent.ScheduledFutureTask.run(ScheduledFutureTask.java:125)
	at io.netty.util.concurrent.AbstractEventExecutor.safeExecute(AbstractEventExecutor.java:163)
	at io.netty.util.concurrent.SingleThreadEventExecutor.runAllTasks(SingleThreadEventExecutor.java:404)
	at io.netty.channel.nio.NioEventLoop.run(NioEventLoop.java:463)
	at io.netty.util.concurrent.SingleThreadEventExecutor$5.run(SingleThreadEventExecutor.java:886)
	at io.netty.util.concurrent.FastThreadLocalRunnable.run(FastThreadLocalRunnable.java:30)
	at java.lang.Thread.run(Thread.java:748)
Hue: connection timed out: /192.168.2.2:80
[atomic-processor-1] INFO com.github.sarxos.webcam.ds.cgt.WebcamCloseTask - Closing Dummy Webcam 0
[atomic-processor-1] INFO com.github.sarxos.webcam.ds.cgt.WebcamOpenTask - Opening webcam Dummy Webcam 0
[atomic-processor-1] INFO com.github.sarxos.webcam.ds.cgt.WebcamCloseTask - Closing Dummy Webcam 0
Lifx: Bind failed: java.net.BindException: Address already in use
WARNING: Lifx: Model stopped before executing actions (e.g. producing outputs) scheduled for execution at times [14.1]
WARNING: GenerateQueries: Model stopped before executing actions (e.g. producing outputs) scheduled for execution at times [7.84]
[atomic-processor-1] INFO com.github.sarxos.webcam.ds.cgt.WebcamOpenTask - Opening webcam Dummy Webcam 0
Scarab: Connection failed after 11 tries: connection timed out: /192.168.0.111:9090
Scarab: Connection failed after 11 tries: connection timed out: /192.168.0.111:9090
Scarab: Connection failed after 11 tries: connection timed out: /192.168.0.111:9090
Scarab: Connection failed after 11 tries: connection timed out: /192.168.0.111:9090
Scarab: Connection failed after 11 tries: connection timed out: /192.168.0.111:9090
Scarab: Connection failed after 11 tries: connection timed out: /192.168.0.111:9090
Scarab: Unsent messages remain that were queued before the socket opened: [{"op":"unadvertise","topic":"/scarab/lucy/goal"}]
Scarab: Unsent messages remain that were queued before the socket opened: [{"op":"publish","topic":"/scarab/lucy/cmd_vel","msg":{"angular":{"x":0,"y":0,"z":0},"linear":{"x":0,"y":0,"z":0}}}, {"op":"publish","topic":"/scarab/lucy/cmd_vel","msg":{"angular":{"x":0,"y":0,"z":-0.1625341796875},"linear":{"x":0,"y":0,"z":0}}}, {"op":"publish","topic":"/scarab/lucy/cmd_vel","msg":{"angular":{"x":0,"y":0,"z":1.3743688964843748},"linear":{"x":0,"y":0,"z":0}}}, {"op":"publish","topic":"/scarab/lucy/cmd_vel","msg":{"angular":{"x":0,"y":0,"z":0.5796173095703125},"linear":{"x":0,"y":0,"z":0}}}, {"op":"publish","topic":"/scarab/lucy/cmd_vel","msg":{"angular":{"x":0,"y":0,"z":1.9093473307291666},"linear":{"x":0,"y":0,"z":0}}}, {"op":"publish","topic":"/scarab/lucy/cmd_vel","msg":{"angular":{"x":0,"y":0,"z":1.23021240234375},"linear":{"x":0,"y":0,"z":0}}}, {"op":"publish","topic":"/scarab/lucy/cmd_vel","msg":{"angular":{"x":0,"y":0,"z":2.040252482096354},"linear":{"x":0,"y":0,"z":0}}}, {"op":"publish","topic":"/scarab/lucy/cmd_vel","msg":{"angular":{"x":0,"y":0,"z":0.19668558756510418},"linear":{"x":0,"y":0,"z":0}}}, {"op":"publish","topic":"/scarab/lucy/cmd_vel","msg":{"angular":{"x":0,"y":0,"z":-0.27105509440104164},"linear":{"x":0,"y":0,"z":0}}}, {"op":"publish","topic":"/scarab/lucy/cmd_vel","msg":{"angular":{"x":0,"y":0,"z":0.4813163248697916},"linear":{"x":0,"y":0,"z":0}}}, {"op":"publish","topic":"/scarab/lucy/cmd_vel","msg":{"angular":{"x":0,"y":0,"z":0.03682210286458334},"linear":{"x":0,"y":0,"z":0}}}, {"op":"publish","topic":"/scarab/lucy/cmd_vel","msg":{"angular":{"x":0,"y":0,"z":1.3536224365234375},"linear":{"x":0,"y":0,"z":0}}}, {"op":"publish","topic":"/scarab/lucy/cmd_vel","msg":{"angular":{"x":0,"y":0,"z":2.491659342447917},"linear":{"x":0,"y":0,"z":0}}}, {"op":"publish","topic":"/scarab/lucy/cmd_vel","msg":{"angular":{"x":0,"y":0,"z":2.9599088541666663},"linear":{"x":0,"y":0,"z":0}}}, {"op":"publish","topic":"/scarab/lucy/cmd_vel","msg":{"angular":{"x":0,"y":0,"z":2.169701334635417},"linear":{"x":0,"y":0,"z":0}}}, {"op":"publish","topic":"/scarab/lucy/cmd_vel","msg":{"angular":{"x":0,"y":0,"z":-0.22901041666666672},"linear":{"x":0,"y":0,"z":0}}}, {"op":"publish","topic":"/scarab/lucy/cmd_vel","msg":{"angular":{"x":0,"y":0,"z":1.6095774332682293},"linear":{"x":0,"y":0,"z":0}}}, {"op":"publish","topic":"/scarab/lucy/cmd_vel","msg":{"angular":{"x":0,"y":0,"z":0.8550020345052083},"linear":{"x":0,"y":0,"z":0}}}, {"op":"publish","topic":"/scarab/lucy/cmd_vel","msg":{"angular":{"x":0,"y":0,"z":-1.6620296223958335},"linear":{"x":0,"y":0,"z":0}}}, {"op":"publish","topic":"/scarab/lucy/cmd_vel","msg":{"angular":{"x":0,"y":0,"z":-0.3737677001953125},"linear":{"x":0,"y":0,"z":0}}}, {"op":"publish","topic":"/scarab/lucy/cmd_vel","msg":{"angular":{"x":0,"y":0,"z":3.706365966796875},"linear":{"x":0,"y":0,"z":0}}}, {"op":"publish","topic":"/scarab/lucy/cmd_vel","msg":{"angular":{"x":0,"y":0,"z":0.60972900390625},"linear":{"x":0,"y":0,"z":0}}}, {"op":"publish","topic":"/scarab/lucy/cmd_vel","msg":{"angular":{"x":0,"y":0,"z":-3.0682389322916674},"linear":{"x":0,"y":0,"z":0}}}, {"op":"publish","topic":"/scarab/lucy/cmd_vel","msg":{"angular":{"x":0,"y":0,"z":0.14587605794270833},"linear":{"x":0,"y":0,"z":0}}}, {"op":"publish","topic":"/scarab/lucy/cmd_vel","msg":{"angular":{"x":0,"y":0,"z":-0.2596343994140625},"linear":{"x":0,"y":0,"z":0}}}, {"op":"publish","topic":"/scarab/lucy/cmd_vel","msg":{"angular":{"x":0,"y":0,"z":1.2066357421875},"linear":{"x":0,"y":0,"z":0}}}, {"op":"publish","topic":"/scarab/lucy/cmd_vel","msg":{"angular":{"x":0,"y":0,"z":1.616485595703125},"linear":{"x":0,"y":0,"z":0}}}, {"op":"publish","topic":"/scarab/lucy/cmd_vel","msg":{"angular":{"x":0,"y":0,"z":0.74137939453125},"linear":{"x":0,"y":0,"z":0}}}, {"op":"publish","topic":"/scarab/lucy/cmd_vel","msg":{"angular":{"x":0,"y":0,"z":1.7399804687500002},"linear":{"x":0,"y":0,"z":0}}}, {"op":"publish","topic":"/scarab/lucy/cmd_vel","msg":{"angular":{"x":0,"y":0,"z":0.139222412109375},"linear":{"x":0,"y":0,"z":0}}}, {"op":"publish","topic":"/scarab/lucy/cmd_vel","msg":{"angular":{"x":0,"y":0,"z":0.18550130208333332},"linear":{"x":0,"y":0,"z":0}}}, {"op":"publish","topic":"/scarab/lucy/cmd_vel","msg":{"angular":{"x":0,"y":0,"z":1.480880126953125},"linear":{"x":0,"y":0,"z":0}}}, {"op":"publish","topic":"/scarab/lucy/cmd_vel","msg":{"angular":{"x":0,"y":0,"z":-0.90697265625},"linear":{"x":0,"y":0,"z":0}}}, {"op":"publish","topic":"/scarab/lucy/cmd_vel","msg":{"angular":{"x":0,"y":0,"z":-0.3355126953125},"linear":{"x":0,"y":0,"z":0}}}, {"op":"publish","topic":"/scarab/lucy/cmd_vel","msg":{"angular":{"x":0,"y":0,"z":0.8358642578125},"linear":{"x":0,"y":0,"z":0}}}, {"op":"publish","topic":"/scarab/lucy/cmd_vel","msg":{"angular":{"x":0,"y":0,"z":0.317724609375},"linear":{"x":0,"y":0,"z":0}}}, {"op":"publish","topic":"/scarab/lucy/cmd_vel","msg":{"angular":{"x":0,"y":0,"z":0.2639373779296875},"linear":{"x":0,"y":0,"z":0}}}, {"op":"publish","topic":"/scarab/lucy/cmd_vel","msg":{"angular":{"x":0,"y":0,"z":0.12888671875000002},"linear":{"x":0,"y":0,"z":0}}}, {"op":"publish","topic":"/scarab/lucy/cmd_vel","msg":{"angular":{"x":0,"y":0,"z":0.8923315429687501},"linear":{"x":0,"y":0,"z":0}}}, {"op":"publish","topic":"/scarab/lucy/cmd_vel","msg":{"angular":{"x":0,"y":0,"z":1.6459578450520833},"linear":{"x":0,"y":0,"z":0}}}, {"op":"publish","topic":"/scarab/lucy/cmd_vel","msg":{"angular":{"x":0,"y":0,"z":0.2391815185546875},"linear":{"x":0,"y":0,"z":0}}}, {"op":"publish","topic":"/scarab/lucy/cmd_vel","msg":{"angular":{"x":0,"y":0,"z":1.4758296712239585},"linear":{"x":0,"y":0,"z":0}}}, {"op":"publish","topic":"/scarab/lucy/cmd_vel","msg":{"angular":{"x":0,"y":0,"z":2.118255004882813},"linear":{"x":0,"y":0,"z":0}}}, {"op":"publish","topic":"/scarab/lucy/cmd_vel","msg":{"angular":{"x":0,"y":0,"z":1.2236043294270833},"linear":{"x":0,"y":0,"z":0}}}, {"op":"publish","topic":"/scarab/lucy/cmd_vel","msg":{"angular":{"x":0,"y":0,"z":-2.236279296875},"linear":{"x":0,"y":0,"z":0}}}, {"op":"publish","topic":"/scarab/lucy/cmd_vel","msg":{"angular":{"x":0,"y":0,"z":-1.1548946126302084},"linear":{"x":0,"y":0,"z":0}}}, {"op":"publish","topic":"/scarab/lucy/cmd_vel","msg":{"angular":{"x":0,"y":0,"z":-0.48477050781250003},"linear":{"x":0,"y":0,"z":0}}}, {"op":"publish","topic":"/scarab/lucy/cmd_vel","msg":{"angular":{"x":0,"y":0,"z":1.5244246419270833},"linear":{"x":0,"y":0,"z":0}}}, {"op":"publish","topic":"/scarab/lucy/cmd_vel","msg":{"angular":{"x":0,"y":0,"z":1.8500533040364584},"linear":{"x":0,"y":0,"z":0}}}, {"op":"publish","topic":"/scarab/lucy/cmd_vel","msg":{"angular":{"x":0,"y":0,"z":0.483994140625},"linear":{"x":0,"y":0,"z":0}}}, {"op":"publish","topic":"/scarab/lucy/cmd_vel","msg":{"angular":{"x":0,"y":0,"z":0.20704223632812502},"linear":{"x":0,"y":0,"z":0}}}, {"op":"publish","topic":"/scarab/lucy/cmd_vel","msg":{"angular":{"x":0,"y":0,"z":1.37169677734375},"linear":{"x":0,"y":0,"z":0}}}, {"op":"publish","topic":"/scarab/lucy/cmd_vel","msg":{"angular":{"x":0,"y":0,"z":-0.37350260416666664},"linear":{"x":0,"y":0,"z":0}}}, {"op":"publish","topic":"/scarab/lucy/cmd_vel","msg":{"angular":{"x":0,"y":0,"z":-1.0520050048828125},"linear":{"x":0,"y":0,"z":0}}}, {"op":"publish","topic":"/scarab/lucy/cmd_vel","msg":{"angular":{"x":0,"y":0,"z":0.21408691406250005},"linear":{"x":0,"y":0,"z":0}}}, {"op":"publish","topic":"/scarab/lucy/cmd_vel","msg":{"angular":{"x":0,"y":0,"z":0.2749125162760417},"linear":{"x":0,"y":0,"z":0}}}, {"op":"publish","topic":"/scarab/lucy/cmd_vel","msg":{"angular":{"x":0,"y":0,"z":0.8295336914062501},"linear":{"x":0,"y":0,"z":0}}}, {"op":"publish","topic":"/scarab/lucy/cmd_vel","msg":{"angular":{"x":0,"y":0,"z":0.8565124511718751},"linear":{"x":0,"y":0,"z":0}}}, {"op":"publish","topic":"/scarab/lucy/cmd_vel","msg":{"angular":{"x":0,"y":0,"z":0.7027606201171877},"linear":{"x":0,"y":0,"z":0}}}, {"op":"publish","topic":"/scarab/lucy/cmd_vel","msg":{"angular":{"x":0,"y":0,"z":-0.14296630859375},"linear":{"x":0,"y":0,"z":0}}}, {"op":"publish","topic":"/scarab/lucy/cmd_vel","msg":{"angular":{"x":0,"y":0,"z":-1.0498238118489582},"linear":{"x":0,"y":0,"z":0}}}, {"op":"publish","topic":"/scarab/lucy/cmd_vel","msg":{"angular":{"x":0,"y":0,"z":-0.8066377766927083},"linear":{"x":0,"y":0,"z":0}}}, {"op":"publish","topic":"/scarab/lucy/cmd_vel","msg":{"angular":{"x":0,"y":0,"z":-1.5375531005859375},"linear":{"x":0,"y":0,"z":0}}}, {"op":"publish","topic":"/scarab/lucy/cmd_vel","msg":{"angular":{"x":0,"y":0,"z":-3.4394128417968752},"linear":{"x":0,"y":0,"z":0}}}, {"op":"publish","topic":"/scarab/lucy/cmd_vel","msg":{"angular":{"x":0,"y":0,"z":-2.5478521728515626},"linear":{"x":0,"y":0,"z":0}}}, {"op":"publish","topic":"/scarab/lucy/cmd_vel","msg":{"angular":{"x":0,"y":0,"z":-0.018231201171875},"linear":{"x":0,"y":0,"z":0}}}, {"op":"publish","topic":"/scarab/lucy/cmd_vel","msg":{"angular":{"x":0,"y":0,"z":0.083035888671875},"linear":{"x":0,"y":0,"z":0}}}, {"op":"publish","topic":"/scarab/lucy/cmd_vel","msg":{"angular":{"x":0,"y":0,"z":1.2819742838541668},"linear":{"x":0,"y":0,"z":0}}}, {"op":"publish","topic":"/scarab/lucy/cmd_vel","msg":{"angular":{"x":0,"y":0,"z":0.5388061523437501},"linear":{"x":0,"y":0,"z":0}}}, {"op":"publish","topic":"/scarab/lucy/cmd_vel","msg":{"angular":{"x":0,"y":0,"z":-0.30544677734375003},"linear":{"x":0,"y":0,"z":0}}}, {"op":"publish","topic":"/scarab/lucy/cmd_vel","msg":{"angular":{"x":0,"y":0,"z":-0.1223388671875},"linear":{"x":0,"y":0,"z":0}}}, {"op":"publish","topic":"/scarab/lucy/cmd_vel","msg":{"angular":{"x":0,"y":0,"z":3.6006319173177084},"linear":{"x":0,"y":0,"z":0}}}, {"op":"publish","topic":"/scarab/lucy/cmd_vel","msg":{"angular":{"x":0,"y":0,"z":-0.8577748616536459},"linear":{"x":0,"y":0,"z":0}}}, {"op":"publish","topic":"/scarab/lucy/cmd_vel","msg":{"angular":{"x":0,"y":0,"z":-0.42057617187499996},"linear":{"x":0,"y":0,"z":0}}}, {"op":"publish","topic":"/scarab/lucy/cmd_vel","msg":{"angular":{"x":0,"y":0,"z":0.041864624023437505},"linear":{"x":0,"y":0,"z":0}}}, {"op":"publish","topic":"/scarab/lucy/cmd_vel","msg":{"angular":{"x":0,"y":0,"z":0.39105468750000005},"linear":{"x":0,"y":0,"z":0}}}, {"op":"publish","topic":"/scarab/lucy/cmd_vel","msg":{"angular":{"x":0,"y":0,"z":2.401702880859375},"linear":{"x":0,"y":0,"z":0}}}, {"op":"publish","topic":"/scarab/lucy/cmd_vel","msg":{"angular":{"x":0,"y":0,"z":2.7198160807291663},"linear":{"x":0,"y":0,"z":0}}}, {"op":"publish","topic":"/scarab/lucy/cmd_vel","msg":{"angular":{"x":0,"y":0,"z":2.614452107747396},"linear":{"x":0,"y":0,"z":0}}}, {"op":"publish","topic":"/scarab/lucy/cmd_vel","msg":{"angular":{"x":0,"y":0,"z":2.84853271484375},"linear":{"x":0,"y":0,"z":0}}}, {"op":"publish","topic":"/scarab/lucy/cmd_vel","msg":{"angular":{"x":0,"y":0,"z":0.08381835937500001},"linear":{"x":0,"y":0,"z":0}}}, {"op":"publish","topic":"/scarab/lucy/cmd_vel","msg":{"angular":{"x":0,"y":0,"z":0.1644122314453125},"linear":{"x":0,"y":0,"z":0}}}, {"op":"publish","topic":"/scarab/lucy/cmd_vel","msg":{"angular":{"x":0,"y":0,"z":-0.21263264973958335},"linear":{"x":0,"y":0,"z":0}}}, {"op":"publish","topic":"/scarab/lucy/cmd_vel","msg":{"angular":{"x":0,"y":0,"z":1.38686767578125},"linear":{"x":0,"y":0,"z":0}}}, {"op":"publish","topic":"/scarab/lucy/cmd_vel","msg":{"angular":{"x":0,"y":0,"z":1.0143115234375002},"linear":{"x":0,"y":0,"z":0}}}, {"op":"publish","topic":"/scarab/lucy/cmd_vel","msg":{"angular":{"x":0,"y":0,"z":-0.5388559977213543},"linear":{"x":0,"y":0,"z":0}}}, {"op":"publish","topic":"/scarab/lucy/cmd_vel","msg":{"angular":{"x":0,"y":0,"z":0.5504117838541667},"linear":{"x":0,"y":0,"z":0}}}, {"op":"publish","topic":"/scarab/lucy/cmd_vel","msg":{"angular":{"x":0,"y":0,"z":0.9295648193359376},"linear":{"x":0,"y":0,"z":0}}}, {"op":"publish","topic":"/scarab/lucy/cmd_vel","msg":{"angular":{"x":0,"y":0,"z":0.9716532389322918},"linear":{"x":0,"y":0,"z":0}}}, {"op":"publish","topic":"/scarab/lucy/cmd_vel","msg":{"angular":{"x":0,"y":0,"z":0.2628031412760417},"linear":{"x":0,"y":0,"z":0}}}, {"op":"publish","topic":"/scarab/lucy/cmd_vel","msg":{"angular":{"x":0,"y":0,"z":-3.1287042236328126},"linear":{"x":0,"y":0,"z":0}}}, {"op":"publish","topic":"/scarab/lucy/cmd_vel","msg":{"angular":{"x":0,"y":0,"z":-2.7052571614583334},"linear":{"x":0,"y":0,"z":0}}}, {"op":"publish","topic":"/scarab/lucy/cmd_vel","msg":{"angular":{"x":0,"y":0,"z":-0.131158447265625},"linear":{"x":0,"y":0,"z":0}}}, {"op":"publish","topic":"/scarab/lucy/cmd_vel","msg":{"angular":{"x":0,"y":0,"z":1.1533666992187501},"linear":{"x":0,"y":0,"z":0}}}, {"op":"publish","topic":"/scarab/lucy/cmd_vel","msg":{"angular":{"x":0,"y":0,"z":1.4308542887369793},"linear":{"x":0,"y":0,"z":0}}}, {"op":"publish","topic":"/scarab/lucy/cmd_vel","msg":{"angular":{"x":0,"y":0,"z":2.3167822265625},"linear":{"x":0,"y":0,"z":0}}}, {"op":"publish","topic":"/scarab/lucy/cmd_vel","msg":{"angular":{"x":0,"y":0,"z":1.7777775065104167},"linear":{"x":0,"y":0,"z":0}}}, {"op":"publish","topic":"/scarab/lucy/cmd_vel","msg":{"angular":{"x":0,"y":0,"z":0.87198486328125},"linear":{"x":0,"y":0,"z":0}}}, {"op":"publish","topic":"/scarab/lucy/cmd_vel","msg":{"angular":{"x":0,"y":0,"z":0.45667724609375},"linear":{"x":0,"y":0,"z":0}}}, {"op":"publish","topic":"/scarab/lucy/cmd_vel","msg":{"angular":{"x":0,"y":0,"z":-0.094385986328125},"linear":{"x":0,"y":0,"z":0}}}, {"op":"publish","topic":"/scarab/lucy/cmd_vel","msg":{"angular":{"x":0,"y":0,"z":1.6754150390625},"linear":{"x":0,"y":0,"z":0}}}, {"op":"publish","topic":"/scarab/lucy/cmd_vel","msg":{"angular":{"x":0,"y":0,"z":3.130022786458333},"linear":{"x":0,"y":0,"z":0}}}, {"op":"publish","topic":"/scarab/lucy/cmd_vel","msg":{"angular":{"x":0,"y":0,"z":2.5138818359375},"linear":{"x":0,"y":0,"z":0}}}, {"op":"publish","topic":"/scarab/lucy/cmd_vel","msg":{"angular":{"x":0,"y":0,"z":0.9742525227864582},"linear":{"x":0,"y":0,"z":0}}}, {"op":"publish","topic":"/scarab/lucy/cmd_vel","msg":{"angular":{"x":0,"y":0,"z":-0.022587687174479166},"linear":{"x":0,"y":0,"z":0}}}, {"op":"publish","topic":"/scarab/lucy/cmd_vel","msg":{"angular":{"x":0,"y":0,"z":1.1988924153645832},"linear":{"x":0,"y":0,"z":0}}}, {"op":"publish","topic":"/scarab/lucy/cmd_vel","msg":{"angular":{"x":0,"y":0,"z":0.7492456054687501},"linear":{"x":0,"y":0,"z":0}}}, {"op":"publish","topic":"/scarab/lucy/cmd_vel","msg":{"angular":{"x":0,"y":0,"z":0.6195489501953126},"linear":{"x":0,"y":0,"z":0}}}, {"op":"publish","topic":"/scarab/lucy/cmd_vel","msg":{"angular":{"x":0,"y":0,"z":-1.0168145751953126},"linear":{"x":0,"y":0,"z":0}}}, {"op":"publish","topic":"/scarab/lucy/cmd_vel","msg":{"angular":{"x":0,"y":0,"z":0.51479736328125},"linear":{"x":0,"y":0,"z":0}}}, {"op":"publish","topic":"/scarab/lucy/cmd_vel","msg":{"angular":{"x":0,"y":0,"z":1.9220418294270836},"linear":{"x":0,"y":0,"z":0}}}, {"op":"publish","topic":"/scarab/lucy/cmd_vel","msg":{"angular":{"x":0,"y":0,"z":-1.4457666015625},"linear":{"x":0,"y":0,"z":0}}}, {"op":"publish","topic":"/scarab/lucy/cmd_vel","msg":{"angular":{"x":0,"y":0,"z":-0.5617517089843751},"linear":{"x":0,"y":0,"z":0}}}, {"op":"publish","topic":"/scarab/lucy/cmd_vel","msg":{"angular":{"x":0,"y":0,"z":1.3955281575520835},"linear":{"x":0,"y":0,"z":0}}}, {"op":"publish","topic":"/scarab/lucy/cmd_vel","msg":{"angular":{"x":0,"y":0,"z":0.45277648925781244},"linear":{"x":0,"y":0,"z":0}}}, {"op":"publish","topic":"/scarab/lucy/cmd_vel","msg":{"angular":{"x":0,"y":0,"z":-0.27573486328125},"linear":{"x":0,"y":0,"z":0}}}, {"op":"publish","topic":"/scarab/lucy/cmd_vel","msg":{"angular":{"x":0,"y":0,"z":0.6718310546875},"linear":{"x":0,"y":0,"z":0}}}, {"op":"publish","topic":"/scarab/lucy/cmd_vel","msg":{"angular":{"x":0,"y":0,"z":1.3472798665364583},"linear":{"x":0,"y":0,"z":0}}}, {"op":"publish","topic":"/scarab/lucy/cmd_vel","msg":{"angular":{"x":0,"y":0,"z":-0.4478759765625},"linear":{"x":0,"y":0,"z":0}}}, {"op":"publish","topic":"/scarab/lucy/cmd_vel","msg":{"angular":{"x":0,"y":0,"z":-0.2734901936848958},"linear":{"x":0,"y":0,"z":0}}}, {"op":"publish","topic":"/scarab/lucy/cmd_vel","msg":{"angular":{"x":0,"y":0,"z":0.5126373291015625},"linear":{"x":0,"y":0,"z":0}}}, {"op":"publish","topic":"/scarab/lucy/cmd_vel","msg":{"angular":{"x":0,"y":0,"z":2.6909326171875003},"linear":{"x":0,"y":0,"z":0}}}, {"op":"publish","topic":"/scarab/lucy/cmd_vel","msg":{"angular":{"x":0,"y":0,"z":2.497852783203125},"linear":{"x":0,"y":0,"z":0}}}, {"op":"publish","topic":"/scarab/lucy/cmd_vel","msg":{"angular":{"x":0,"y":0,"z":1.6881547037760416},"linear":{"x":0,"y":0,"z":0}}}, {"op":"publish","topic":"/scarab/lucy/cmd_vel","msg":{"angular":{"x":0,"y":0,"z":-1.3936755371093752},"linear":{"x":0,"y":0,"z":0}}}, {"op":"publish","topic":"/scarab/lucy/cmd_vel","msg":{"angular":{"x":0,"y":0,"z":2.6419433593750004},"linear":{"x":0,"y":0,"z":0}}}, {"op":"publish","topic":"/scarab/lucy/cmd_vel","msg":{"angular":{"x":0,"y":0,"z":2.7977325439453127},"linear":{"x":0,"y":0,"z":0}}}, {"op":"publish","topic":"/scarab/lucy/cmd_vel","msg":{"angular":{"x":0,"y":0,"z":0.3128570556640625},"linear":{"x":0,"y":0,"z":0}}}, {"op":"publish","topic":"/scarab/lucy/cmd_vel","msg":{"angular":{"x":0,"y":0,"z":-1.0415974934895833},"linear":{"x":0,"y":0,"z":0}}}, {"op":"publish","topic":"/scarab/lucy/cmd_vel","msg":{"angular":{"x":0,"y":0,"z":-0.18663126627604168},"linear":{"x":0,"y":0,"z":0}}}, {"op":"publish","topic":"/scarab/lucy/cmd_vel","msg":{"angular":{"x":0,"y":0,"z":0.447296142578125},"linear":{"x":0,"y":0,"z":0}}}, {"op":"publish","topic":"/scarab/lucy/cmd_vel","msg":{"angular":{"x":0,"y":0,"z":1.1301409912109377},"linear":{"x":0,"y":0,"z":0}}}, {"op":"publish","topic":"/scarab/lucy/cmd_vel","msg":{"angular":{"x":0,"y":0,"z":3.194549560546875},"linear":{"x":0,"y":0,"z":0}}}, {"op":"publish","topic":"/scarab/lucy/cmd_vel","msg":{"angular":{"x":0,"y":0,"z":-0.06883483886718751},"linear":{"x":0,"y":0,"z":0}}}, {"op":"publish","topic":"/scarab/lucy/cmd_vel","msg":{"angular":{"x":0,"y":0,"z":0.7183166503906251},"linear":{"x":0,"y":0,"z":0}}}, {"op":"publish","topic":"/scarab/lucy/cmd_vel","msg":{"angular":{"x":0,"y":0,"z":0.34064697265624994},"linear":{"x":0,"y":0,"z":0}}}, {"op":"publish","topic":"/scarab/lucy/cmd_vel","msg":{"angular":{"x":0,"y":0,"z":0.7252416992187499},"linear":{"x":0,"y":0,"z":0}}}, {"op":"publish","topic":"/scarab/lucy/cmd_vel","msg":{"angular":{"x":0,"y":0,"z":1.02876708984375},"linear":{"x":0,"y":0,"z":0}}}, {"op":"publish","topic":"/scarab/lucy/cmd_vel","msg":{"angular":{"x":0,"y":0,"z":1.5206683349609376},"linear":{"x":0,"y":0,"z":0}}}, {"op":"publish","topic":"/scarab/lucy/cmd_vel","msg":{"angular":{"x":0,"y":0,"z":0.35540161132812503},"linear":{"x":0,"y":0,"z":0}}}, {"op":"publish","topic":"/scarab/lucy/cmd_vel","msg":{"angular":{"x":0,"y":0,"z":0.22552612304687503},"linear":{"x":0,"y":0,"z":0}}}, {"op":"publish","topic":"/scarab/lucy/cmd_vel","msg":{"angular":{"x":0,"y":0,"z":-0.9993009440104167},"linear":{"x":0,"y":0,"z":0}}}, {"op":"publish","topic":"/scarab/lucy/cmd_vel","msg":{"angular":{"x":0,"y":0,"z":-1.1097816975911459},"linear":{"x":0,"y":0,"z":0}}}, {"op":"publish","topic":"/scarab/lucy/cmd_vel","msg":{"angular":{"x":0,"y":0,"z":-2.0697265625},"linear":{"x":0,"y":0,"z":0}}}, {"op":"publish","topic":"/scarab/lucy/cmd_vel","msg":{"angular":{"x":0,"y":0,"z":-0.8701761881510418},"linear":{"x":0,"y":0,"z":0}}}, {"op":"publish","topic":"/scarab/lucy/cmd_vel","msg":{"angular":{"x":0,"y":0,"z":-0.7066023763020834},"linear":{"x":0,"y":0,"z":0}}}, {"op":"publish","topic":"/scarab/lucy/cmd_vel","msg":{"angular":{"x":0,"y":0,"z":2.271589762369792},"linear":{"x":0,"y":0,"z":0}}}, {"op":"publish","topic":"/scarab/lucy/cmd_vel","msg":{"angular":{"x":0,"y":0,"z":2.7096240234375},"linear":{"x":0,"y":0,"z":0}}}, {"op":"publish","topic":"/scarab/lucy/cmd_vel","msg":{"angular":{"x":0,"y":0,"z":1.632099609375},"linear":{"x":0,"y":0,"z":0}}}, {"op":"publish","topic":"/scarab/lucy/cmd_vel","msg":{"angular":{"x":0,"y":0,"z":-2.3814442952473964},"linear":{"x":0,"y":0,"z":0}}}, {"op":"publish","topic":"/scarab/lucy/cmd_vel","msg":{"angular":{"x":0,"y":0,"z":-1.8455413818359374},"linear":{"x":0,"y":0,"z":0}}}, {"op":"publish","topic":"/scarab/lucy/cmd_vel","msg":{"angular":{"x":0,"y":0,"z":0.18831380208333334},"linear":{"x":0,"y":0,"z":0}}}, {"op":"publish","topic":"/scarab/lucy/cmd_vel","msg":{"angular":{"x":0,"y":0,"z":1.8896447753906251},"linear":{"x":0,"y":0,"z":0}}}, {"op":"publish","topic":"/scarab/lucy/cmd_vel","msg":{"angular":{"x":0,"y":0,"z":2.295001220703125},"linear":{"x":0,"y":0,"z":0}}}, {"op":"publish","topic":"/scarab/lucy/cmd_vel","msg":{"angular":{"x":0,"y":0,"z":0.7006683349609376},"linear":{"x":0,"y":0,"z":0}}}, {"op":"publish","topic":"/scarab/lucy/cmd_vel","msg":{"angular":{"x":0,"y":0,"z":-0.031981201171875},"linear":{"x":0,"y":0,"z":0}}}, {"op":"publish","topic":"/scarab/lucy/cmd_vel","msg":{"angular":{"x":0,"y":0,"z":0.3148457845052084},"linear":{"x":0,"y":0,"z":0}}}, {"op":"publish","topic":"/scarab/lucy/cmd_vel","msg":{"angular":{"x":0,"y":0,"z":-1.0733258056640627},"linear":{"x":0,"y":0,"z":0}}}, {"op":"publish","topic":"/scarab/lucy/cmd_vel","msg":{"angular":{"x":0,"y":0,"z":1.803072509765625},"linear":{"x":0,"y":0,"z":0}}}, {"op":"publish","topic":"/scarab/lucy/cmd_vel","msg":{"angular":{"x":0,"y":0,"z":1.8637347412109375},"linear":{"x":0,"y":0,"z":0}}}, {"op":"publish","topic":"/scarab/lucy/cmd_vel","msg":{"angular":{"x":0,"y":0,"z":0.5867569986979166},"linear":{"x":0,"y":0,"z":0}}}, {"op":"publish","topic":"/scarab/lucy/cmd_vel","msg":{"angular":{"x":0,"y":0,"z":-0.4244099934895833},"linear":{"x":0,"y":0,"z":0}}}, {"op":"publish","topic":"/scarab/lucy/cmd_vel","msg":{"angular":{"x":0,"y":0,"z":-0.536275634765625},"linear":{"x":0,"y":0,"z":0}}}, {"op":"publish","topic":"/scarab/lucy/cmd_vel","msg":{"angular":{"x":0,"y":0,"z":2.24779296875},"linear":{"x":0,"y":0,"z":0}}}, {"op":"publish","topic":"/scarab/lucy/cmd_vel","msg":{"angular":{"x":0,"y":0,"z":1.1300170898437503},"linear":{"x":0,"y":0,"z":0}}}, {"op":"publish","topic":"/scarab/lucy/cmd_vel","msg":{"angular":{"x":0,"y":0,"z":0.975030517578125},"linear":{"x":0,"y":0,"z":0}}}, {"op":"publish","topic":"/scarab/lucy/cmd_vel","msg":{"angular":{"x":0,"y":0,"z":0.6126666259765624},"linear":{"x":0,"y":0,"z":0}}}, {"op":"publish","topic":"/scarab/lucy/cmd_vel","msg":{"angular":{"x":0,"y":0,"z":-0.9860522460937501},"linear":{"x":0,"y":0,"z":0}}}, {"op":"publish","topic":"/scarab/lucy/cmd_vel","msg":{"angular":{"x":0,"y":0,"z":-0.32867431640625},"linear":{"x":0,"y":0,"z":0}}}, {"op":"publish","topic":"/scarab/lucy/cmd_vel","msg":{"angular":{"x":0,"y":0,"z":1.50457763671875},"linear":{"x":0,"y":0,"z":0}}}, {"op":"publish","topic":"/scarab/lucy/cmd_vel","msg":{"angular":{"x":0,"y":0,"z":1.2205200195312502},"linear":{"x":0,"y":0,"z":0}}}, {"op":"publish","topic":"/scarab/lucy/cmd_vel","msg":{"angular":{"x":0,"y":0,"z":-0.8518536376953124},"linear":{"x":0,"y":0,"z":0}}}, {"op":"publish","topic":"/scarab/lucy/cmd_vel","msg":{"angular":{"x":0,"y":0,"z":-0.0049312337239583335},"linear":{"x":0,"y":0,"z":0}}}, {"op":"publish","topic":"/scarab/lucy/cmd_vel","msg":{"angular":{"x":0,"y":0,"z":0.45243652343750007},"linear":{"x":0,"y":0,"z":0}}}, {"op":"publish","topic":"/scarab/lucy/cmd_vel","msg":{"angular":{"x":0,"y":0,"z":0.3018798828125},"linear":{"x":0,"y":0,"z":0}}}, {"op":"publish","topic":"/scarab/lucy/cmd_vel","msg":{"angular":{"x":0,"y":0,"z":1.019903564453125},"linear":{"x":0,"y":0,"z":0}}}, {"op":"publish","topic":"/scarab/lucy/cmd_vel","msg":{"angular":{"x":0,"y":0,"z":2.8824947102864584},"linear":{"x":0,"y":0,"z":0}}}, {"op":"publish","topic":"/scarab/lucy/cmd_vel","msg":{"angular":{"x":0,"y":0,"z":1.1344197591145835},"linear":{"x":0,"y":0,"z":0}}}, {"op":"publish","topic":"/scarab/lucy/cmd_vel","msg":{"angular":{"x":0,"y":0,"z":-0.06946126302083333},"linear":{"x":0,"y":0,"z":0}}}, {"op":"publish","topic":"/scarab/lucy/cmd_vel","msg":{"angular":{"x":0,"y":0,"z":-1.4314501953125},"linear":{"x":0,"y":0,"z":0}}}, {"op":"publish","topic":"/scarab/lucy/cmd_vel","msg":{"angular":{"x":0,"y":0,"z":-0.6450490315755208},"linear":{"x":0,"y":0,"z":0}}}, {"op":"publish","topic":"/scarab/lucy/cmd_vel","msg":{"angular":{"x":0,"y":0,"z":-1.5796484375},"linear":{"x":0,"y":0,"z":0}}}, {"op":"publish","topic":"/scarab/lucy/cmd_vel","msg":{"angular":{"x":0,"y":0,"z":-0.6358500162760418},"linear":{"x":0,"y":0,"z":0}}}, {"op":"publish","topic":"/scarab/lucy/cmd_vel","msg":{"angular":{"x":0,"y":0,"z":0.7633669026692708},"linear":{"x":0,"y":0,"z":0}}}, {"op":"publish","topic":"/scarab/lucy/cmd_vel","msg":{"angular":{"x":0,"y":0,"z":1.29214599609375},"linear":{"x":0,"y":0,"z":0}}}, {"op":"publish","topic":"/scarab/lucy/cmd_vel","msg":{"angular":{"x":0,"y":0,"z":2.5852203369140625},"linear":{"x":0,"y":0,"z":0}}}, {"op":"publish","topic":"/scarab/lucy/cmd_vel","msg":{"angular":{"x":0,"y":0,"z":2.4951212565104166},"linear":{"x":0,"y":0,"z":0}}}, {"op":"publish","topic":"/scarab/lucy/cmd_vel","msg":{"angular":{"x":0,"y":0,"z":1.91020263671875},"linear":{"x":0,"y":0,"z":0}}}, {"op":"publish","topic":"/scarab/lucy/cmd_vel","msg":{"angular":{"x":0,"y":0,"z":-0.7693684895833334},"linear":{"x":0,"y":0,"z":0}}}, {"op":"publish","topic":"/scarab/lucy/cmd_vel","msg":{"angular":{"x":0,"y":0,"z":0.6792061360677083},"linear":{"x":0,"y":0,"z":0}}}, {"op":"publish","topic":"/scarab/lucy/cmd_vel","msg":{"angular":{"x":0,"y":0,"z":2.0463541666666667},"linear":{"x":0,"y":0,"z":0}}}, {"op":"publish","topic":"/scarab/lucy/cmd_vel","msg":{"angular":{"x":0,"y":0,"z":0.9108040364583335},"linear":{"x":0,"y":0,"z":0}}}, {"op":"publish","topic":"/scarab/lucy/cmd_vel","msg":{"angular":{"x":0,"y":0,"z":-1.3463653564453124},"linear":{"x":0,"y":0,"z":0}}}, {"op":"publish","topic":"/scarab/lucy/cmd_vel","msg":{"angular":{"x":0,"y":0,"z":-0.9551129150390624},"linear":{"x":0,"y":0,"z":0}}}, {"op":"publish","topic":"/scarab/lucy/cmd_vel","msg":{"angular":{"x":0,"y":0,"z":-0.9122216796875},"linear":{"x":0,"y":0,"z":0}}}, {"op":"publish","topic":"/scarab/lucy/cmd_vel","msg":{"angular":{"x":0,"y":0,"z":1.1160371907552085},"linear":{"x":0,"y":0,"z":0}}}, {"op":"publish","topic":"/scarab/lucy/cmd_vel","msg":{"angular":{"x":0,"y":0,"z":0.9229929606119793},"linear":{"x":0,"y":0,"z":0}}}, {"op":"publish","topic":"/scarab/lucy/cmd_vel","msg":{"angular":{"x":0,"y":0,"z":1.8101704915364585},"linear":{"x":0,"y":0,"z":0}}}, {"op":"publish","topic":"/scarab/lucy/cmd_vel","msg":{"angular":{"x":0,"y":0,"z":-2.1535546875000002},"linear":{"x":0,"y":0,"z":0}}}, {"op":"publish","topic":"/scarab/lucy/cmd_vel","msg":{"angular":{"x":0,"y":0,"z":0.661285400390625},"linear":{"x":0,"y":0,"z":0}}}, {"op":"publish","topic":"/scarab/lucy/cmd_vel","msg":{"angular":{"x":0,"y":0,"z":3.637695312500001},"linear":{"x":0,"y":0,"z":0}}}, {"op":"publish","topic":"/scarab/lucy/cmd_vel","msg":{"angular":{"x":0,"y":0,"z":1.9062756347656253},"linear":{"x":0,"y":0,"z":0}}}, {"op":"publish","topic":"/scarab/lucy/cmd_vel","msg":{"linear":{"x":0,"y":0,"z":0},"angular":{"x":0,"y":0,"z":0}}}, {"op":"unadvertise","topic":"/scarab/lucy/cmd_vel"}]
Scarab: Unsent messages remain that were queued before the socket opened: [{"op":"unadvertise","topic":"/scarab/lucy/cancel"}]
WARNING: Invoking send() too late (probably in a callback), so Camera is not able to send the token {type="class ptolemy.data.AWTImageToken", width="640", height="480"} to the output image. Token is discarded.
[atomic-processor-1] INFO com.github.sarxos.webcam.ds.cgt.WebcamCloseTask - Closing Dummy Webcam 0
WARNING: Camera: Model stopped before executing actions (e.g. producing outputs) scheduled for execution at times [22.981]
HttpClientHelper.java: Received an error for request 0: io.netty.channel.ConnectTimeoutException: connection timed out: /10.0.0.234:80
io.netty.channel.ConnectTimeoutException: connection timed out: /10.0.0.234:80
	at io.netty.channel.nio.AbstractNioChannel$AbstractNioUnsafe$1.run(AbstractNioChannel.java:267)
	at io.netty.util.concurrent.PromiseTask$RunnableAdapter.call(PromiseTask.java:38)
	at io.netty.util.concurrent.ScheduledFutureTask.run(ScheduledFutureTask.java:125)
	at io.netty.util.concurrent.AbstractEventExecutor.safeExecute(AbstractEventExecutor.java:163)
	at io.netty.util.concurrent.SingleThreadEventExecutor.runAllTasks(SingleThreadEventExecutor.java:404)
	at io.netty.channel.nio.NioEventLoop.run(NioEventLoop.java:463)
	at io.netty.util.concurrent.SingleThreadEventExecutor$5.run(SingleThreadEventExecutor.java:886)
	at io.netty.util.concurrent.FastThreadLocalRunnable.run(FastThreadLocalRunnable.java:30)
	at java.lang.Thread.run(Thread.java:748)
Hue: connection timed out: /10.0.0.234:80
TransformationEditor: Ignoring clone of .Utilities beause we don't known how to import it. Exception was: ptolemy.kernel.util.NameDuplicationException: Attempt to insert object named "Utilities" into container named ".library", which already contains an object with that name.
TransformationEditor: Ignoring clone of .Directors beause we don't known how to import it. Exception was: ptolemy.kernel.util.NameDuplicationException: Attempt to insert object named "Directors" into container named ".library", which already contains an object with that name.
TransformationEditor: Ignoring clone of .Actors beause we don't known how to import it. Exception was: ptolemy.kernel.util.NameDuplicationException: Attempt to insert object named "Actors" into container named ".library", which already contains an object with that name.
TransformationEditor: Ignoring clone of .MoreLibraries beause we don't known how to import it. Exception was: ptolemy.kernel.util.NameDuplicationException: Attempt to insert object named "MoreLibraries" into container named ".library", which already contains an object with that name.
TransformationEditor: Ignoring clone of .Utilities beause we don't known how to import it. Exception was: ptolemy.kernel.util.NameDuplicationException: Attempt to insert object named "Utilities" into container named ".library", which already contains an object with that name.
TransformationEditor: Ignoring clone of .Directors beause we don't known how to import it. Exception was: ptolemy.kernel.util.NameDuplicationException: Attempt to insert object named "Directors" into container named ".library", which already contains an object with that name.
TransformationEditor: Ignoring clone of .Actors beause we don't known how to import it. Exception was: ptolemy.kernel.util.NameDuplicationException: Attempt to insert object named "Actors" into container named ".library", which already contains an object with that name.
TransformationEditor: Ignoring clone of .MoreLibraries beause we don't known how to import it. Exception was: ptolemy.kernel.util.NameDuplicationException: Attempt to insert object named "MoreLibraries" into container named ".library", which already contains an object with that name.
TransformationEditor: Ignoring clone of .Utilities beause we don't known how to import it. Exception was: ptolemy.kernel.util.NameDuplicationException: Attempt to insert object named "Utilities" into container named ".library", which already contains an object with that name.
TransformationEditor: Ignoring clone of .Directors beause we don't known how to import it. Exception was: ptolemy.kernel.util.NameDuplicationException: Attempt to insert object named "Directors" into container named ".library", which already contains an object with that name.
TransformationEditor: Ignoring clone of .Actors beause we don't known how to import it. Exception was: ptolemy.kernel.util.NameDuplicationException: Attempt to insert object named "Actors" into container named ".library", which already contains an object with that name.
TransformationEditor: Ignoring clone of .MoreLibraries beause we don't known how to import it. Exception was: ptolemy.kernel.util.NameDuplicationException: Attempt to insert object named "MoreLibraries" into container named ".library", which already contains an object with that name.
TransformationEditor: Ignoring clone of .Utilities beause we don't known how to import it. Exception was: ptolemy.kernel.util.NameDuplicationException: Attempt to insert object named "Utilities" into container named ".library", which already contains an object with that name.
TransformationEditor: Ignoring clone of .Directors beause we don't known how to import it. Exception was: ptolemy.kernel.util.NameDuplicationException: Attempt to insert object named "Directors" into container named ".library", which already contains an object with that name.
TransformationEditor: Ignoring clone of .Actors beause we don't known how to import it. Exception was: ptolemy.kernel.util.NameDuplicationException: Attempt to insert object named "Actors" into container named ".library", which already contains an object with that name.
TransformationEditor: Ignoring clone of .MoreLibraries beause we don't known how to import it. Exception was: ptolemy.kernel.util.NameDuplicationException: Attempt to insert object named "MoreLibraries" into container named ".library", which already contains an object with that name.
TransformationEditor: Ignoring clone of .Utilities beause we don't known how to import it. Exception was: ptolemy.kernel.util.NameDuplicationException: Attempt to insert object named "Utilities" into container named ".library", which already contains an object with that name.
TransformationEditor: Ignoring clone of .Directors beause we don't known how to import it. Exception was: ptolemy.kernel.util.NameDuplicationException: Attempt to insert object named "Directors" into container named ".library", which already contains an object with that name.
TransformationEditor: Ignoring clone of .Actors beause we don't known how to import it. Exception was: ptolemy.kernel.util.NameDuplicationException: Attempt to insert object named "Actors" into container named ".library", which already contains an object with that name.
TransformationEditor: Ignoring clone of .MoreLibraries beause we don't known how to import it. Exception was: ptolemy.kernel.util.NameDuplicationException: Attempt to insert object named "MoreLibraries" into container named ".library", which already contains an object with that name.
TransformationEditor: Ignoring clone of .Utilities beause we don't known how to import it. Exception was: ptolemy.kernel.util.NameDuplicationException: Attempt to insert object named "Utilities" into container named ".library", which already contains an object with that name.
TransformationEditor: Ignoring clone of .Directors beause we don't known how to import it. Exception was: ptolemy.kernel.util.NameDuplicationException: Attempt to insert object named "Directors" into container named ".library", which already contains an object with that name.
TransformationEditor: Ignoring clone of .Actors beause we don't known how to import it. Exception was: ptolemy.kernel.util.NameDuplicationException: Attempt to insert object named "Actors" into container named ".library", which already contains an object with that name.
TransformationEditor: Ignoring clone of .MoreLibraries beause we don't known how to import it. Exception was: ptolemy.kernel.util.NameDuplicationException: Attempt to insert object named "MoreLibraries" into container named ".library", which already contains an object with that name.
TransformationEditor: Ignoring clone of .Utilities beause we don't known how to import it. Exception was: ptolemy.kernel.util.NameDuplicationException: Attempt to insert object named "Utilities" into container named ".library", which already contains an object with that name.
TransformationEditor: Ignoring clone of .Directors beause we don't known how to import it. Exception was: ptolemy.kernel.util.NameDuplicationException: Attempt to insert object named "Directors" into container named ".library", which already contains an object with that name.
TransformationEditor: Ignoring clone of .Actors beause we don't known how to import it. Exception was: ptolemy.kernel.util.NameDuplicationException: Attempt to insert object named "Actors" into container named ".library", which already contains an object with that name.
TransformationEditor: Ignoring clone of .MoreLibraries beause we don't known how to import it. Exception was: ptolemy.kernel.util.NameDuplicationException: Attempt to insert object named "MoreLibraries" into container named ".library", which already contains an object with that name.
TransformationEditor: Ignoring clone of .Utilities beause we don't known how to import it. Exception was: ptolemy.kernel.util.NameDuplicationException: Attempt to insert object named "Utilities" into container named ".library", which already contains an object with that name.
TransformationEditor: Ignoring clone of .Directors beause we don't known how to import it. Exception was: ptolemy.kernel.util.NameDuplicationException: Attempt to insert object named "Directors" into container named ".library", which already contains an object with that name.
TransformationEditor: Ignoring clone of .Actors beause we don't known how to import it. Exception was: ptolemy.kernel.util.NameDuplicationException: Attempt to insert object named "Actors" into container named ".library", which already contains an object with that name.
TransformationEditor: Ignoring clone of .MoreLibraries beause we don't known how to import it. Exception was: ptolemy.kernel.util.NameDuplicationException: Attempt to insert object named "MoreLibraries" into container named ".library", which already contains an object with that name.
TransformationEditor: Ignoring clone of .Utilities beause we don't known how to import it. Exception was: ptolemy.kernel.util.NameDuplicationException: Attempt to insert object named "Utilities" into container named ".library", which already contains an object with that name.
TransformationEditor: Ignoring clone of .Directors beause we don't known how to import it. Exception was: ptolemy.kernel.util.NameDuplicationException: Attempt to insert object named "Directors" into container named ".library", which already contains an object with that name.
TransformationEditor: Ignoring clone of .Actors beause we don't known how to import it. Exception was: ptolemy.kernel.util.NameDuplicationException: Attempt to insert object named "Actors" into container named ".library", which already contains an object with that name.
TransformationEditor: Ignoring clone of .MoreLibraries beause we don't known how to import it. Exception was: ptolemy.kernel.util.NameDuplicationException: Attempt to insert object named "MoreLibraries" into container named ".library", which already contains an object with that name.
TransformationEditor: Ignoring clone of .Utilities beause we don't known how to import it. Exception was: ptolemy.kernel.util.NameDuplicationException: Attempt to insert object named "Utilities" into container named ".library", which already contains an object with that name.
TransformationEditor: Ignoring clone of .Directors beause we don't known how to import it. Exception was: ptolemy.kernel.util.NameDuplicationException: Attempt to insert object named "Directors" into container named ".library", which already contains an object with that name.
TransformationEditor: Ignoring clone of .Actors beause we don't known how to import it. Exception was: ptolemy.kernel.util.NameDuplicationException: Attempt to insert object named "Actors" into container named ".library", which already contains an object with that name.
TransformationEditor: Ignoring clone of .MoreLibraries beause we don't known how to import it. Exception was: ptolemy.kernel.util.NameDuplicationException: Attempt to insert object named "MoreLibraries" into container named ".library", which already contains an object with that name.
TransformationEditor: Ignoring clone of .Utilities beause we don't known how to import it. Exception was: ptolemy.kernel.util.NameDuplicationException: Attempt to insert object named "Utilities" into container named ".library", which already contains an object with that name.
TransformationEditor: Ignoring clone of .Directors beause we don't known how to import it. Exception was: ptolemy.kernel.util.NameDuplicationException: Attempt to insert object named "Directors" into container named ".library", which already contains an object with that name.
TransformationEditor: Ignoring clone of .Actors beause we don't known how to import it. Exception was: ptolemy.kernel.util.NameDuplicationException: Attempt to insert object named "Actors" into container named ".library", which already contains an object with that name.
TransformationEditor: Ignoring clone of .MoreLibraries beause we don't known how to import it. Exception was: ptolemy.kernel.util.NameDuplicationException: Attempt to insert object named "MoreLibraries" into container named ".library", which already contains an object with that name.
TransformationEditor: Ignoring clone of .Utilities beause we don't known how to import it. Exception was: ptolemy.kernel.util.NameDuplicationException: Attempt to insert object named "Utilities" into container named ".library", which already contains an object with that name.
TransformationEditor: Ignoring clone of .Directors beause we don't known how to import it. Exception was: ptolemy.kernel.util.NameDuplicationException: Attempt to insert object named "Directors" into container named ".library", which already contains an object with that name.
TransformationEditor: Ignoring clone of .Actors beause we don't known how to import it. Exception was: ptolemy.kernel.util.NameDuplicationException: Attempt to insert object named "Actors" into container named ".library", which already contains an object with that name.
TransformationEditor: Ignoring clone of .MoreLibraries beause we don't known how to import it. Exception was: ptolemy.kernel.util.NameDuplicationException: Attempt to insert object named "MoreLibraries" into container named ".library", which already contains an object with that name.
TransformationEditor: Ignoring clone of .Utilities beause we don't known how to import it. Exception was: ptolemy.kernel.util.NameDuplicationException: Attempt to insert object named "Utilities" into container named ".library", which already contains an object with that name.
TransformationEditor: Ignoring clone of .Directors beause we don't known how to import it. Exception was: ptolemy.kernel.util.NameDuplicationException: Attempt to insert object named "Directors" into container named ".library", which already contains an object with that name.
TransformationEditor: Ignoring clone of .Actors beause we don't known how to import it. Exception was: ptolemy.kernel.util.NameDuplicationException: Attempt to insert object named "Actors" into container named ".library", which already contains an object with that name.
TransformationEditor: Ignoring clone of .MoreLibraries beause we don't known how to import it. Exception was: ptolemy.kernel.util.NameDuplicationException: Attempt to insert object named "MoreLibraries" into container named ".library", which already contains an object with that name.
TransformationEditor: Ignoring clone of .Utilities beause we don't known how to import it. Exception was: ptolemy.kernel.util.NameDuplicationException: Attempt to insert object named "Utilities" into container named ".library", which already contains an object with that name.
TransformationEditor: Ignoring clone of .Directors beause we don't known how to import it. Exception was: ptolemy.kernel.util.NameDuplicationException: Attempt to insert object named "Directors" into container named ".library", which already contains an object with that name.
TransformationEditor: Ignoring clone of .Actors beause we don't known how to import it. Exception was: ptolemy.kernel.util.NameDuplicationException: Attempt to insert object named "Actors" into container named ".library", which already contains an object with that name.
TransformationEditor: Ignoring clone of .MoreLibraries beause we don't known how to import it. Exception was: ptolemy.kernel.util.NameDuplicationException: Attempt to insert object named "MoreLibraries" into container named ".library", which already contains an object with that name.
TransformationEditor: Ignoring clone of .Utilities beause we don't known how to import it. Exception was: ptolemy.kernel.util.NameDuplicationException: Attempt to insert object named "Utilities" into container named ".library", which already contains an object with that name.
TransformationEditor: Ignoring clone of .Directors beause we don't known how to import it. Exception was: ptolemy.kernel.util.NameDuplicationException: Attempt to insert object named "Directors" into container named ".library", which already contains an object with that name.
TransformationEditor: Ignoring clone of .Actors beause we don't known how to import it. Exception was: ptolemy.kernel.util.NameDuplicationException: Attempt to insert object named "Actors" into container named ".library", which already contains an object with that name.
TransformationEditor: Ignoring clone of .MoreLibraries beause we don't known how to import it. Exception was: ptolemy.kernel.util.NameDuplicationException: Attempt to insert object named "MoreLibraries" into container named ".library", which already contains an object with that name.
TransformationEditor: Ignoring clone of .Utilities beause we don't known how to import it. Exception was: ptolemy.kernel.util.NameDuplicationException: Attempt to insert object named "Utilities" into container named ".library", which already contains an object with that name.
TransformationEditor: Ignoring clone of .Directors beause we don't known how to import it. Exception was: ptolemy.kernel.util.NameDuplicationException: Attempt to insert object named "Directors" into container named ".library", which already contains an object with that name.
TransformationEditor: Ignoring clone of .Actors beause we don't known how to import it. Exception was: ptolemy.kernel.util.NameDuplicationException: Attempt to insert object named "Actors" into container named ".library", which already contains an object with that name.
TransformationEditor: Ignoring clone of .MoreLibraries beause we don't known how to import it. Exception was: ptolemy.kernel.util.NameDuplicationException: Attempt to insert object named "MoreLibraries" into container named ".library", which already contains an object with that name.
TransformationEditor: Ignoring clone of .Utilities beause we don't known how to import it. Exception was: ptolemy.kernel.util.NameDuplicationException: Attempt to insert object named "Utilities" into container named ".library", which already contains an object with that name.
TransformationEditor: Ignoring clone of .Directors beause we don't known how to import it. Exception was: ptolemy.kernel.util.NameDuplicationException: Attempt to insert object named "Directors" into container named ".library", which already contains an object with that name.
TransformationEditor: Ignoring clone of .Actors beause we don't known how to import it. Exception was: ptolemy.kernel.util.NameDuplicationException: Attempt to insert object named "Actors" into container named ".library", which already contains an object with that name.
TransformationEditor: Ignoring clone of .MoreLibraries beause we don't known how to import it. Exception was: ptolemy.kernel.util.NameDuplicationException: Attempt to insert object named "MoreLibraries" into container named ".library", which already contains an object with that name.
TransformationEditor: Ignoring clone of .Utilities beause we don't known how to import it. Exception was: ptolemy.kernel.util.NameDuplicationException: Attempt to insert object named "Utilities" into container named ".library", which already contains an object with that name.
TransformationEditor: Ignoring clone of .Directors beause we don't known how to import it. Exception was: ptolemy.kernel.util.NameDuplicationException: Attempt to insert object named "Directors" into container named ".library", which already contains an object with that name.
TransformationEditor: Ignoring clone of .Actors beause we don't known how to import it. Exception was: ptolemy.kernel.util.NameDuplicationException: Attempt to insert object named "Actors" into container named ".library", which already contains an object with that name.
TransformationEditor: Ignoring clone of .MoreLibraries beause we don't known how to import it. Exception was: ptolemy.kernel.util.NameDuplicationException: Attempt to insert object named "MoreLibraries" into container named ".library", which already contains an object with that name.
TransformationEditor: Ignoring clone of .Utilities beause we don't known how to import it. Exception was: ptolemy.kernel.util.NameDuplicationException: Attempt to insert object named "Utilities" into container named ".library", which already contains an object with that name.
TransformationEditor: Ignoring clone of .Directors beause we don't known how to import it. Exception was: ptolemy.kernel.util.NameDuplicationException: Attempt to insert object named "Directors" into container named ".library", which already contains an object with that name.
TransformationEditor: Ignoring clone of .Actors beause we don't known how to import it. Exception was: ptolemy.kernel.util.NameDuplicationException: Attempt to insert object named "Actors" into container named ".library", which already contains an object with that name.
TransformationEditor: Ignoring clone of .MoreLibraries beause we don't known how to import it. Exception was: ptolemy.kernel.util.NameDuplicationException: Attempt to insert object named "MoreLibraries" into container named ".library", which already contains an object with that name.
TransformationEditor: Ignoring clone of .Utilities beause we don't known how to import it. Exception was: ptolemy.kernel.util.NameDuplicationException: Attempt to insert object named "Utilities" into container named ".library", which already contains an object with that name.
TransformationEditor: Ignoring clone of .Directors beause we don't known how to import it. Exception was: ptolemy.kernel.util.NameDuplicationException: Attempt to insert object named "Directors" into container named ".library", which already contains an object with that name.
TransformationEditor: Ignoring clone of .Actors beause we don't known how to import it. Exception was: ptolemy.kernel.util.NameDuplicationException: Attempt to insert object named "Actors" into container named ".library", which already contains an object with that name.
TransformationEditor: Ignoring clone of .MoreLibraries beause we don't known how to import it. Exception was: ptolemy.kernel.util.NameDuplicationException: Attempt to insert object named "MoreLibraries" into container named ".library", which already contains an object with that name.
TransformationEditor: Ignoring clone of .Utilities beause we don't known how to import it. Exception was: ptolemy.kernel.util.NameDuplicationException: Attempt to insert object named "Utilities" into container named ".library", which already contains an object with that name.
TransformationEditor: Ignoring clone of .Directors beause we don't known how to import it. Exception was: ptolemy.kernel.util.NameDuplicationException: Attempt to insert object named "Directors" into container named ".library", which already contains an object with that name.
TransformationEditor: Ignoring clone of .Actors beause we don't known how to import it. Exception was: ptolemy.kernel.util.NameDuplicationException: Attempt to insert object named "Actors" into container named ".library", which already contains an object with that name.
TransformationEditor: Ignoring clone of .MoreLibraries beause we don't known how to import it. Exception was: ptolemy.kernel.util.NameDuplicationException: Attempt to insert object named "MoreLibraries" into container named ".library", which already contains an object with that name.
TransformationEditor: Ignoring clone of .Utilities beause we don't known how to import it. Exception was: ptolemy.kernel.util.NameDuplicationException: Attempt to insert object named "Utilities" into container named ".library", which already contains an object with that name.
TransformationEditor: Ignoring clone of .Directors beause we don't known how to import it. Exception was: ptolemy.kernel.util.NameDuplicationException: Attempt to insert object named "Directors" into container named ".library", which already contains an object with that name.
TransformationEditor: Ignoring clone of .Actors beause we don't known how to import it. Exception was: ptolemy.kernel.util.NameDuplicationException: Attempt to insert object named "Actors" into container named ".library", which already contains an object with that name.
TransformationEditor: Ignoring clone of .MoreLibraries beause we don't known how to import it. Exception was: ptolemy.kernel.util.NameDuplicationException: Attempt to insert object named "MoreLibraries" into container named ".library", which already contains an object with that name.
TransformationEditor: Ignoring clone of .Utilities beause we don't known how to import it. Exception was: ptolemy.kernel.util.NameDuplicationException: Attempt to insert object named "Utilities" into container named ".library", which already contains an object with that name.
TransformationEditor: Ignoring clone of .Directors beause we don't known how to import it. Exception was: ptolemy.kernel.util.NameDuplicationException: Attempt to insert object named "Directors" into container named ".library", which already contains an object with that name.
TransformationEditor: Ignoring clone of .Actors beause we don't known how to import it. Exception was: ptolemy.kernel.util.NameDuplicationException: Attempt to insert object named "Actors" into container named ".library", which already contains an object with that name.
TransformationEditor: Ignoring clone of .MoreLibraries beause we don't known how to import it. Exception was: ptolemy.kernel.util.NameDuplicationException: Attempt to insert object named "MoreLibraries" into container named ".library", which already contains an object with that name.
TransformationEditor: Ignoring clone of .Utilities beause we don't known how to import it. Exception was: ptolemy.kernel.util.NameDuplicationException: Attempt to insert object named "Utilities" into container named ".library", which already contains an object with that name.
TransformationEditor: Ignoring clone of .Directors beause we don't known how to import it. Exception was: ptolemy.kernel.util.NameDuplicationException: Attempt to insert object named "Directors" into container named ".library", which already contains an object with that name.
TransformationEditor: Ignoring clone of .Actors beause we don't known how to import it. Exception was: ptolemy.kernel.util.NameDuplicationException: Attempt to insert object named "Actors" into container named ".library", which already contains an object with that name.
TransformationEditor: Ignoring clone of .MoreLibraries beause we don't known how to import it. Exception was: ptolemy.kernel.util.NameDuplicationException: Attempt to insert object named "MoreLibraries" into container named ".library", which already contains an object with that name.
TransformationEditor: Ignoring clone of .Utilities beause we don't known how to import it. Exception was: ptolemy.kernel.util.NameDuplicationException: Attempt to insert object named "Utilities" into container named ".library", which already contains an object with that name.
TransformationEditor: Ignoring clone of .Directors beause we don't known how to import it. Exception was: ptolemy.kernel.util.NameDuplicationException: Attempt to insert object named "Directors" into container named ".library", which already contains an object with that name.
TransformationEditor: Ignoring clone of .Actors beause we don't known how to import it. Exception was: ptolemy.kernel.util.NameDuplicationException: Attempt to insert object named "Actors" into container named ".library", which already contains an object with that name.
TransformationEditor: Ignoring clone of .MoreLibraries beause we don't known how to import it. Exception was: ptolemy.kernel.util.NameDuplicationException: Attempt to insert object named "MoreLibraries" into container named ".library", which already contains an object with that name.
TransformationEditor: Ignoring clone of .Utilities beause we don't known how to import it. Exception was: ptolemy.kernel.util.NameDuplicationException: Attempt to insert object named "Utilities" into container named ".library", which already contains an object with that name.
TransformationEditor: Ignoring clone of .Directors beause we don't known how to import it. Exception was: ptolemy.kernel.util.NameDuplicationException: Attempt to insert object named "Directors" into container named ".library", which already contains an object with that name.
TransformationEditor: Ignoring clone of .Actors beause we don't known how to import it. Exception was: ptolemy.kernel.util.NameDuplicationException: Attempt to insert object named "Actors" into container named ".library", which already contains an object with that name.
TransformationEditor: Ignoring clone of .MoreLibraries beause we don't known how to import it. Exception was: ptolemy.kernel.util.NameDuplicationException: Attempt to insert object named "MoreLibraries" into container named ".library", which already contains an object with that name.
TransformationEditor: Ignoring clone of .Utilities beause we don't known how to import it. Exception was: ptolemy.kernel.util.NameDuplicationException: Attempt to insert object named "Utilities" into container named ".library", which already contains an object with that name.
TransformationEditor: Ignoring clone of .Directors beause we don't known how to import it. Exception was: ptolemy.kernel.util.NameDuplicationException: Attempt to insert object named "Directors" into container named ".library", which already contains an object with that name.
TransformationEditor: Ignoring clone of .Actors beause we don't known how to import it. Exception was: ptolemy.kernel.util.NameDuplicationException: Attempt to insert object named "Actors" into container named ".library", which already contains an object with that name.
TransformationEditor: Ignoring clone of .MoreLibraries beause we don't known how to import it. Exception was: ptolemy.kernel.util.NameDuplicationException: Attempt to insert object named "MoreLibraries" into container named ".library", which already contains an object with that name.
TransformationEditor: Ignoring clone of .Utilities beause we don't known how to import it. Exception was: ptolemy.kernel.util.NameDuplicationException: Attempt to insert object named "Utilities" into container named ".library", which already contains an object with that name.
TransformationEditor: Ignoring clone of .Directors beause we don't known how to import it. Exception was: ptolemy.kernel.util.NameDuplicationException: Attempt to insert object named "Directors" into container named ".library", which already contains an object with that name.
TransformationEditor: Ignoring clone of .Actors beause we don't known how to import it. Exception was: ptolemy.kernel.util.NameDuplicationException: Attempt to insert object named "Actors" into container named ".library", which already contains an object with that name.
TransformationEditor: Ignoring clone of .MoreLibraries beause we don't known how to import it. Exception was: ptolemy.kernel.util.NameDuplicationException: Attempt to insert object named "MoreLibraries" into container named ".library", which already contains an object with that name.
TransformationEditor: Ignoring clone of .Utilities beause we don't known how to import it. Exception was: ptolemy.kernel.util.NameDuplicationException: Attempt to insert object named "Utilities" into container named ".library", which already contains an object with that name.
TransformationEditor: Ignoring clone of .Directors beause we don't known how to import it. Exception was: ptolemy.kernel.util.NameDuplicationException: Attempt to insert object named "Directors" into container named ".library", which already contains an object with that name.
TransformationEditor: Ignoring clone of .Actors beause we don't known how to import it. Exception was: ptolemy.kernel.util.NameDuplicationException: Attempt to insert object named "Actors" into container named ".library", which already contains an object with that name.
TransformationEditor: Ignoring clone of .MoreLibraries beause we don't known how to import it. Exception was: ptolemy.kernel.util.NameDuplicationException: Attempt to insert object named "MoreLibraries" into container named ".library", which already contains an object with that name.
TransformationEditor: Ignoring clone of .Utilities beause we don't known how to import it. Exception was: ptolemy.kernel.util.NameDuplicationException: Attempt to insert object named "Utilities" into container named ".library", which already contains an object with that name.
TransformationEditor: Ignoring clone of .Directors beause we don't known how to import it. Exception was: ptolemy.kernel.util.NameDuplicationException: Attempt to insert object named "Directors" into container named ".library", which already contains an object with that name.
TransformationEditor: Ignoring clone of .Actors beause we don't known how to import it. Exception was: ptolemy.kernel.util.NameDuplicationException: Attempt to insert object named "Actors" into container named ".library", which already contains an object with that name.
TransformationEditor: Ignoring clone of .MoreLibraries beause we don't known how to import it. Exception was: ptolemy.kernel.util.NameDuplicationException: Attempt to insert object named "MoreLibraries" into container named ".library", which already contains an object with that name.
TransformationEditor: Ignoring clone of .Utilities beause we don't known how to import it. Exception was: ptolemy.kernel.util.NameDuplicationException: Attempt to insert object named "Utilities" into container named ".library", which already contains an object with that name.
TransformationEditor: Ignoring clone of .Directors beause we don't known how to import it. Exception was: ptolemy.kernel.util.NameDuplicationException: Attempt to insert object named "Directors" into container named ".library", which already contains an object with that name.
TransformationEditor: Ignoring clone of .Actors beause we don't known how to import it. Exception was: ptolemy.kernel.util.NameDuplicationException: Attempt to insert object named "Actors" into container named ".library", which already contains an object with that name.
TransformationEditor: Ignoring clone of .MoreLibraries beause we don't known how to import it. Exception was: ptolemy.kernel.util.NameDuplicationException: Attempt to insert object named "MoreLibraries" into container named ".library", which already contains an object with that name.
TransformationEditor: Ignoring clone of .Utilities beause we don't known how to import it. Exception was: ptolemy.kernel.util.NameDuplicationException: Attempt to insert object named "Utilities" into container named ".library", which already contains an object with that name.
TransformationEditor: Ignoring clone of .Directors beause we don't known how to import it. Exception was: ptolemy.kernel.util.NameDuplicationException: Attempt to insert object named "Directors" into container named ".library", which already contains an object with that name.
TransformationEditor: Ignoring clone of .Actors beause we don't known how to import it. Exception was: ptolemy.kernel.util.NameDuplicationException: Attempt to insert object named "Actors" into container named ".library", which already contains an object with that name.
TransformationEditor: Ignoring clone of .MoreLibraries beause we don't known how to import it. Exception was: ptolemy.kernel.util.NameDuplicationException: Attempt to insert object named "MoreLibraries" into container named ".library", which already contains an object with that name.
TransformationEditor: Ignoring clone of .Utilities beause we don't known how to import it. Exception was: ptolemy.kernel.util.NameDuplicationException: Attempt to insert object named "Utilities" into container named ".library", which already contains an object with that name.
TransformationEditor: Ignoring clone of .Directors beause we don't known how to import it. Exception was: ptolemy.kernel.util.NameDuplicationException: Attempt to insert object named "Directors" into container named ".library", which already contains an object with that name.
TransformationEditor: Ignoring clone of .Actors beause we don't known how to import it. Exception was: ptolemy.kernel.util.NameDuplicationException: Attempt to insert object named "Actors" into container named ".library", which already contains an object with that name.
TransformationEditor: Ignoring clone of .MoreLibraries beause we don't known how to import it. Exception was: ptolemy.kernel.util.NameDuplicationException: Attempt to insert object named "MoreLibraries" into container named ".library", which already contains an object with that name.
TransformationEditor: Ignoring clone of .Utilities beause we don't known how to import it. Exception was: ptolemy.kernel.util.NameDuplicationException: Attempt to insert object named "Utilities" into container named ".library", which already contains an object with that name.
TransformationEditor: Ignoring clone of .Directors beause we don't known how to import it. Exception was: ptolemy.kernel.util.NameDuplicationException: Attempt to insert object named "Directors" into container named ".library", which already contains an object with that name.
TransformationEditor: Ignoring clone of .Actors beause we don't known how to import it. Exception was: ptolemy.kernel.util.NameDuplicationException: Attempt to insert object named "Actors" into container named ".library", which already contains an object with that name.
TransformationEditor: Ignoring clone of .MoreLibraries beause we don't known how to import it. Exception was: ptolemy.kernel.util.NameDuplicationException: Attempt to insert object named "MoreLibraries" into container named ".library", which already contains an object with that name.
TransformationEditor: Ignoring clone of .Utilities beause we don't known how to import it. Exception was: ptolemy.kernel.util.NameDuplicationException: Attempt to insert object named "Utilities" into container named ".library", which already contains an object with that name.
TransformationEditor: Ignoring clone of .Directors beause we don't known how to import it. Exception was: ptolemy.kernel.util.NameDuplicationException: Attempt to insert object named "Directors" into container named ".library", which already contains an object with that name.
TransformationEditor: Ignoring clone of .Actors beause we don't known how to import it. Exception was: ptolemy.kernel.util.NameDuplicationException: Attempt to insert object named "Actors" into container named ".library", which already contains an object with that name.
TransformationEditor: Ignoring clone of .MoreLibraries beause we don't known how to import it. Exception was: ptolemy.kernel.util.NameDuplicationException: Attempt to insert object named "MoreLibraries" into container named ".library", which already contains an object with that name.
TransformationEditor: Ignoring clone of .Utilities beause we don't known how to import it. Exception was: ptolemy.kernel.util.NameDuplicationException: Attempt to insert object named "Utilities" into container named ".library", which already contains an object with that name.
TransformationEditor: Ignoring clone of .Directors beause we don't known how to import it. Exception was: ptolemy.kernel.util.NameDuplicationException: Attempt to insert object named "Directors" into container named ".library", which already contains an object with that name.
TransformationEditor: Ignoring clone of .Actors beause we don't known how to import it. Exception was: ptolemy.kernel.util.NameDuplicationException: Attempt to insert object named "Actors" into container named ".library", which already contains an object with that name.
TransformationEditor: Ignoring clone of .MoreLibraries beause we don't known how to import it. Exception was: ptolemy.kernel.util.NameDuplicationException: Attempt to insert object named "MoreLibraries" into container named ".library", which already contains an object with that name.
TransformationEditor: Ignoring clone of .Utilities beause we don't known how to import it. Exception was: ptolemy.kernel.util.NameDuplicationException: Attempt to insert object named "Utilities" into container named ".library", which already contains an object with that name.
TransformationEditor: Ignoring clone of .Directors beause we don't known how to import it. Exception was: ptolemy.kernel.util.NameDuplicationException: Attempt to insert object named "Directors" into container named ".library", which already contains an object with that name.
TransformationEditor: Ignoring clone of .Actors beause we don't known how to import it. Exception was: ptolemy.kernel.util.NameDuplicationException: Attempt to insert object named "Actors" into container named ".library", which already contains an object with that name.
TransformationEditor: Ignoring clone of .MoreLibraries beause we don't known how to import it. Exception was: ptolemy.kernel.util.NameDuplicationException: Attempt to insert object named "MoreLibraries" into container named ".library", which already contains an object with that name.
TransformationEditor: Ignoring clone of .Utilities beause we don't known how to import it. Exception was: ptolemy.kernel.util.NameDuplicationException: Attempt to insert object named "Utilities" into container named ".library", which already contains an object with that name.
TransformationEditor: Ignoring clone of .Directors beause we don't known how to import it. Exception was: ptolemy.kernel.util.NameDuplicationException: Attempt to insert object named "Directors" into container named ".library", which already contains an object with that name.
TransformationEditor: Ignoring clone of .Actors beause we don't known how to import it. Exception was: ptolemy.kernel.util.NameDuplicationException: Attempt to insert object named "Actors" into container named ".library", which already contains an object with that name.
TransformationEditor: Ignoring clone of .MoreLibraries beause we don't known how to import it. Exception was: ptolemy.kernel.util.NameDuplicationException: Attempt to insert object named "MoreLibraries" into container named ".library", which already contains an object with that name.
TransformationEditor: Ignoring clone of .Utilities beause we don't known how to import it. Exception was: ptolemy.kernel.util.NameDuplicationException: Attempt to insert object named "Utilities" into container named ".library", which already contains an object with that name.
TransformationEditor: Ignoring clone of .Directors beause we don't known how to import it. Exception was: ptolemy.kernel.util.NameDuplicationException: Attempt to insert object named "Directors" into container named ".library", which already contains an object with that name.
TransformationEditor: Ignoring clone of .Actors beause we don't known how to import it. Exception was: ptolemy.kernel.util.NameDuplicationException: Attempt to insert object named "Actors" into container named ".library", which already contains an object with that name.
TransformationEditor: Ignoring clone of .MoreLibraries beause we don't known how to import it. Exception was: ptolemy.kernel.util.NameDuplicationException: Attempt to insert object named "MoreLibraries" into container named ".library", which already contains an object with that name.
TransformationEditor: Ignoring clone of .Utilities beause we don't known how to import it. Exception was: ptolemy.kernel.util.NameDuplicationException: Attempt to insert object named "Utilities" into container named ".library", which already contains an object with that name.
TransformationEditor: Ignoring clone of .Directors beause we don't known how to import it. Exception was: ptolemy.kernel.util.NameDuplicationException: Attempt to insert object named "Directors" into container named ".library", which already contains an object with that name.
TransformationEditor: Ignoring clone of .Actors beause we don't known how to import it. Exception was: ptolemy.kernel.util.NameDuplicationException: Attempt to insert object named "Actors" into container named ".library", which already contains an object with that name.
TransformationEditor: Ignoring clone of .MoreLibraries beause we don't known how to import it. Exception was: ptolemy.kernel.util.NameDuplicationException: Attempt to insert object named "MoreLibraries" into container named ".library", which already contains an object with that name.
TransformationEditor: Ignoring clone of .Utilities beause we don't known how to import it. Exception was: ptolemy.kernel.util.NameDuplicationException: Attempt to insert object named "Utilities" into container named ".library", which already contains an object with that name.
TransformationEditor: Ignoring clone of .Directors beause we don't known how to import it. Exception was: ptolemy.kernel.util.NameDuplicationException: Attempt to insert object named "Directors" into container named ".library", which already contains an object with that name.
TransformationEditor: Ignoring clone of .Actors beause we don't known how to import it. Exception was: ptolemy.kernel.util.NameDuplicationException: Attempt to insert object named "Actors" into container named ".library", which already contains an object with that name.
TransformationEditor: Ignoring clone of .MoreLibraries beause we don't known how to import it. Exception was: ptolemy.kernel.util.NameDuplicationException: Attempt to insert object named "MoreLibraries" into container named ".library", which already contains an object with that name.
TransformationEditor: Ignoring clone of .Utilities beause we don't known how to import it. Exception was: ptolemy.kernel.util.NameDuplicationException: Attempt to insert object named "Utilities" into container named ".library", which already contains an object with that name.
TransformationEditor: Ignoring clone of .Directors beause we don't known how to import it. Exception was: ptolemy.kernel.util.NameDuplicationException: Attempt to insert object named "Directors" into container named ".library", which already contains an object with that name.
TransformationEditor: Ignoring clone of .Actors beause we don't known how to import it. Exception was: ptolemy.kernel.util.NameDuplicationException: Attempt to insert object named "Actors" into container named ".library", which already contains an object with that name.
TransformationEditor: Ignoring clone of .MoreLibraries beause we don't known how to import it. Exception was: ptolemy.kernel.util.NameDuplicationException: Attempt to insert object named "MoreLibraries" into container named ".library", which already contains an object with that name.
TransformationEditor: Ignoring clone of .Utilities beause we don't known how to import it. Exception was: ptolemy.kernel.util.NameDuplicationException: Attempt to insert object named "Utilities" into container named ".library", which already contains an object with that name.
TransformationEditor: Ignoring clone of .Directors beause we don't known how to import it. Exception was: ptolemy.kernel.util.NameDuplicationException: Attempt to insert object named "Directors" into container named ".library", which already contains an object with that name.
TransformationEditor: Ignoring clone of .Actors beause we don't known how to import it. Exception was: ptolemy.kernel.util.NameDuplicationException: Attempt to insert object named "Actors" into container named ".library", which already contains an object with that name.
TransformationEditor: Ignoring clone of .MoreLibraries beause we don't known how to import it. Exception was: ptolemy.kernel.util.NameDuplicationException: Attempt to insert object named "MoreLibraries" into container named ".library", which already contains an object with that name.
TransformationEditor: Ignoring clone of .Utilities beause we don't known how to import it. Exception was: ptolemy.kernel.util.NameDuplicationException: Attempt to insert object named "Utilities" into container named ".library", which already contains an object with that name.
TransformationEditor: Ignoring clone of .Directors beause we don't known how to import it. Exception was: ptolemy.kernel.util.NameDuplicationException: Attempt to insert object named "Directors" into container named ".library", which already contains an object with that name.
TransformationEditor: Ignoring clone of .Actors beause we don't known how to import it. Exception was: ptolemy.kernel.util.NameDuplicationException: Attempt to insert object named "Actors" into container named ".library", which already contains an object with that name.
TransformationEditor: Ignoring clone of .MoreLibraries beause we don't known how to import it. Exception was: ptolemy.kernel.util.NameDuplicationException: Attempt to insert object named "MoreLibraries" into container named ".library", which already contains an object with that name.
TransformationEditor: Ignoring clone of .Utilities beause we don't known how to import it. Exception was: ptolemy.kernel.util.NameDuplicationException: Attempt to insert object named "Utilities" into container named ".library", which already contains an object with that name.
TransformationEditor: Ignoring clone of .Directors beause we don't known how to import it. Exception was: ptolemy.kernel.util.NameDuplicationException: Attempt to insert object named "Directors" into container named ".library", which already contains an object with that name.
TransformationEditor: Ignoring clone of .Actors beause we don't known how to import it. Exception was: ptolemy.kernel.util.NameDuplicationException: Attempt to insert object named "Actors" into container named ".library", which already contains an object with that name.
TransformationEditor: Ignoring clone of .MoreLibraries beause we don't known how to import it. Exception was: ptolemy.kernel.util.NameDuplicationException: Attempt to insert object named "MoreLibraries" into container named ".library", which already contains an object with that name.
TransformationEditor: Ignoring clone of .Utilities beause we don't known how to import it. Exception was: ptolemy.kernel.util.NameDuplicationException: Attempt to insert object named "Utilities" into container named ".library", which already contains an object with that name.
TransformationEditor: Ignoring clone of .Directors beause we don't known how to import it. Exception was: ptolemy.kernel.util.NameDuplicationException: Attempt to insert object named "Directors" into container named ".library", which already contains an object with that name.
TransformationEditor: Ignoring clone of .Actors beause we don't known how to import it. Exception was: ptolemy.kernel.util.NameDuplicationException: Attempt to insert object named "Actors" into container named ".library", which already contains an object with that name.
TransformationEditor: Ignoring clone of .MoreLibraries beause we don't known how to import it. Exception was: ptolemy.kernel.util.NameDuplicationException: Attempt to insert object named "MoreLibraries" into container named ".library", which already contains an object with that name.
TransformationEditor: Ignoring clone of .Utilities beause we don't known how to import it. Exception was: ptolemy.kernel.util.NameDuplicationException: Attempt to insert object named "Utilities" into container named ".library", which already contains an object with that name.
TransformationEditor: Ignoring clone of .Directors beause we don't known how to import it. Exception was: ptolemy.kernel.util.NameDuplicationException: Attempt to insert object named "Directors" into container named ".library", which already contains an object with that name.
TransformationEditor: Ignoring clone of .Actors beause we don't known how to import it. Exception was: ptolemy.kernel.util.NameDuplicationException: Attempt to insert object named "Actors" into container named ".library", which already contains an object with that name.
TransformationEditor: Ignoring clone of .MoreLibraries beause we don't known how to import it. Exception was: ptolemy.kernel.util.NameDuplicationException: Attempt to insert object named "MoreLibraries" into container named ".library", which already contains an object with that name.
TransformationEditor: Ignoring clone of .Utilities beause we don't known how to import it. Exception was: ptolemy.kernel.util.NameDuplicationException: Attempt to insert object named "Utilities" into container named ".library", which already contains an object with that name.
TransformationEditor: Ignoring clone of .Directors beause we don't known how to import it. Exception was: ptolemy.kernel.util.NameDuplicationException: Attempt to insert object named "Directors" into container named ".library", which already contains an object with that name.
TransformationEditor: Ignoring clone of .Actors beause we don't known how to import it. Exception was: ptolemy.kernel.util.NameDuplicationException: Attempt to insert object named "Actors" into container named ".library", which already contains an object with that name.
TransformationEditor: Ignoring clone of .MoreLibraries beause we don't known how to import it. Exception was: ptolemy.kernel.util.NameDuplicationException: Attempt to insert object named "MoreLibraries" into container named ".library", which already contains an object with that name.
TransformationEditor: Ignoring clone of .Utilities beause we don't known how to import it. Exception was: ptolemy.kernel.util.NameDuplicationException: Attempt to insert object named "Utilities" into container named ".library", which already contains an object with that name.
TransformationEditor: Ignoring clone of .Directors beause we don't known how to import it. Exception was: ptolemy.kernel.util.NameDuplicationException: Attempt to insert object named "Directors" into container named ".library", which already contains an object with that name.
TransformationEditor: Ignoring clone of .Actors beause we don't known how to import it. Exception was: ptolemy.kernel.util.NameDuplicationException: Attempt to insert object named "Actors" into container named ".library", which already contains an object with that name.
TransformationEditor: Ignoring clone of .MoreLibraries beause we don't known how to import it. Exception was: ptolemy.kernel.util.NameDuplicationException: Attempt to insert object named "MoreLibraries" into container named ".library", which already contains an object with that name.
TransformationEditor: Ignoring clone of .Utilities beause we don't known how to import it. Exception was: ptolemy.kernel.util.NameDuplicationException: Attempt to insert object named "Utilities" into container named ".library", which already contains an object with that name.
TransformationEditor: Ignoring clone of .Directors beause we don't known how to import it. Exception was: ptolemy.kernel.util.NameDuplicationException: Attempt to insert object named "Directors" into container named ".library", which already contains an object with that name.
TransformationEditor: Ignoring clone of .Actors beause we don't known how to import it. Exception was: ptolemy.kernel.util.NameDuplicationException: Attempt to insert object named "Actors" into container named ".library", which already contains an object with that name.
TransformationEditor: Ignoring clone of .MoreLibraries beause we don't known how to import it. Exception was: ptolemy.kernel.util.NameDuplicationException: Attempt to insert object named "MoreLibraries" into container named ".library", which already contains an object with that name.
TransformationEditor: Ignoring clone of .Utilities beause we don't known how to import it. Exception was: ptolemy.kernel.util.NameDuplicationException: Attempt to insert object named "Utilities" into container named ".library", which already contains an object with that name.
TransformationEditor: Ignoring clone of .Directors beause we don't known how to import it. Exception was: ptolemy.kernel.util.NameDuplicationException: Attempt to insert object named "Directors" into container named ".library", which already contains an object with that name.
TransformationEditor: Ignoring clone of .Actors beause we don't known how to import it. Exception was: ptolemy.kernel.util.NameDuplicationException: Attempt to insert object named "Actors" into container named ".library", which already contains an object with that name.
TransformationEditor: Ignoring clone of .MoreLibraries beause we don't known how to import it. Exception was: ptolemy.kernel.util.NameDuplicationException: Attempt to insert object named "MoreLibraries" into container named ".library", which already contains an object with that name.
TransformationEditor: Ignoring clone of .Utilities beause we don't known how to import it. Exception was: ptolemy.kernel.util.NameDuplicationException: Attempt to insert object named "Utilities" into container named ".library", which already contains an object with that name.
TransformationEditor: Ignoring clone of .Directors beause we don't known how to import it. Exception was: ptolemy.kernel.util.NameDuplicationException: Attempt to insert object named "Directors" into container named ".library", which already contains an object with that name.
TransformationEditor: Ignoring clone of .Actors beause we don't known how to import it. Exception was: ptolemy.kernel.util.NameDuplicationException: Attempt to insert object named "Actors" into container named ".library", which already contains an object with that name.
TransformationEditor: Ignoring clone of .MoreLibraries beause we don't known how to import it. Exception was: ptolemy.kernel.util.NameDuplicationException: Attempt to insert object named "MoreLibraries" into container named ".library", which already contains an object with that name.
TransformationEditor: Ignoring clone of .Utilities beause we don't known how to import it. Exception was: ptolemy.kernel.util.NameDuplicationException: Attempt to insert object named "Utilities" into container named ".library", which already contains an object with that name.
TransformationEditor: Ignoring clone of .Directors beause we don't known how to import it. Exception was: ptolemy.kernel.util.NameDuplicationException: Attempt to insert object named "Directors" into container named ".library", which already contains an object with that name.
TransformationEditor: Ignoring clone of .Actors beause we don't known how to import it. Exception was: ptolemy.kernel.util.NameDuplicationException: Attempt to insert object named "Actors" into container named ".library", which already contains an object with that name.
TransformationEditor: Ignoring clone of .MoreLibraries beause we don't known how to import it. Exception was: ptolemy.kernel.util.NameDuplicationException: Attempt to insert object named "MoreLibraries" into container named ".library", which already contains an object with that name.
TransformationEditor: Ignoring clone of .Utilities beause we don't known how to import it. Exception was: ptolemy.kernel.util.NameDuplicationException: Attempt to insert object named "Utilities" into container named ".library", which already contains an object with that name.
TransformationEditor: Ignoring clone of .Directors beause we don't known how to import it. Exception was: ptolemy.kernel.util.NameDuplicationException: Attempt to insert object named "Directors" into container named ".library", which already contains an object with that name.
TransformationEditor: Ignoring clone of .Actors beause we don't known how to import it. Exception was: ptolemy.kernel.util.NameDuplicationException: Attempt to insert object named "Actors" into container named ".library", which already contains an object with that name.
TransformationEditor: Ignoring clone of .MoreLibraries beause we don't known how to import it. Exception was: ptolemy.kernel.util.NameDuplicationException: Attempt to insert object named "MoreLibraries" into container named ".library", which already contains an object with that name.
TransformationEditor: Ignoring clone of .Utilities beause we don't known how to import it. Exception was: ptolemy.kernel.util.NameDuplicationException: Attempt to insert object named "Utilities" into container named ".library", which already contains an object with that name.
TransformationEditor: Ignoring clone of .Directors beause we don't known how to import it. Exception was: ptolemy.kernel.util.NameDuplicationException: Attempt to insert object named "Directors" into container named ".library", which already contains an object with that name.
TransformationEditor: Ignoring clone of .Actors beause we don't known how to import it. Exception was: ptolemy.kernel.util.NameDuplicationException: Attempt to insert object named "Actors" into container named ".library", which already contains an object with that name.
TransformationEditor: Ignoring clone of .MoreLibraries beause we don't known how to import it. Exception was: ptolemy.kernel.util.NameDuplicationException: Attempt to insert object named "MoreLibraries" into container named ".library", which already contains an object with that name.
TransformationEditor: Ignoring clone of .Utilities beause we don't known how to import it. Exception was: ptolemy.kernel.util.NameDuplicationException: Attempt to insert object named "Utilities" into container named ".library", which already contains an object with that name.
TransformationEditor: Ignoring clone of .Directors beause we don't known how to import it. Exception was: ptolemy.kernel.util.NameDuplicationException: Attempt to insert object named "Directors" into container named ".library", which already contains an object with that name.
TransformationEditor: Ignoring clone of .Actors beause we don't known how to import it. Exception was: ptolemy.kernel.util.NameDuplicationException: Attempt to insert object named "Actors" into container named ".library", which already contains an object with that name.
TransformationEditor: Ignoring clone of .MoreLibraries beause we don't known how to import it. Exception was: ptolemy.kernel.util.NameDuplicationException: Attempt to insert object named "MoreLibraries" into container named ".library", which already contains an object with that name.
TransformationEditor: Ignoring clone of .Utilities beause we don't known how to import it. Exception was: ptolemy.kernel.util.NameDuplicationException: Attempt to insert object named "Utilities" into container named ".library", which already contains an object with that name.
TransformationEditor: Ignoring clone of .Directors beause we don't known how to import it. Exception was: ptolemy.kernel.util.NameDuplicationException: Attempt to insert object named "Directors" into container named ".library", which already contains an object with that name.
TransformationEditor: Ignoring clone of .Actors beause we don't known how to import it. Exception was: ptolemy.kernel.util.NameDuplicationException: Attempt to insert object named "Actors" into container named ".library", which already contains an object with that name.
TransformationEditor: Ignoring clone of .MoreLibraries beause we don't known how to import it. Exception was: ptolemy.kernel.util.NameDuplicationException: Attempt to insert object named "MoreLibraries" into container named ".library", which already contains an object with that name.
TransformationEditor: Ignoring clone of .Utilities beause we don't known how to import it. Exception was: ptolemy.kernel.util.NameDuplicationException: Attempt to insert object named "Utilities" into container named ".library", which already contains an object with that name.
TransformationEditor: Ignoring clone of .Directors beause we don't known how to import it. Exception was: ptolemy.kernel.util.NameDuplicationException: Attempt to insert object named "Directors" into container named ".library", which already contains an object with that name.
TransformationEditor: Ignoring clone of .Actors beause we don't known how to import it. Exception was: ptolemy.kernel.util.NameDuplicationException: Attempt to insert object named "Actors" into container named ".library", which already contains an object with that name.
TransformationEditor: Ignoring clone of .MoreLibraries beause we don't known how to import it. Exception was: ptolemy.kernel.util.NameDuplicationException: Attempt to insert object named "MoreLibraries" into container named ".library", which already contains an object with that name.
TransformationEditor: Ignoring clone of .Utilities beause we don't known how to import it. Exception was: ptolemy.kernel.util.NameDuplicationException: Attempt to insert object named "Utilities" into container named ".library", which already contains an object with that name.
TransformationEditor: Ignoring clone of .Directors beause we don't known how to import it. Exception was: ptolemy.kernel.util.NameDuplicationException: Attempt to insert object named "Directors" into container named ".library", which already contains an object with that name.
TransformationEditor: Ignoring clone of .Actors beause we don't known how to import it. Exception was: ptolemy.kernel.util.NameDuplicationException: Attempt to insert object named "Actors" into container named ".library", which already contains an object with that name.
TransformationEditor: Ignoring clone of .MoreLibraries beause we don't known how to import it. Exception was: ptolemy.kernel.util.NameDuplicationException: Attempt to insert object named "MoreLibraries" into container named ".library", which already contains an object with that name.
TransformationEditor: Ignoring clone of .Utilities beause we don't known how to import it. Exception was: ptolemy.kernel.util.NameDuplicationException: Attempt to insert object named "Utilities" into container named ".library", which already contains an object with that name.
TransformationEditor: Ignoring clone of .Directors beause we don't known how to import it. Exception was: ptolemy.kernel.util.NameDuplicationException: Attempt to insert object named "Directors" into container named ".library", which already contains an object with that name.
TransformationEditor: Ignoring clone of .Actors beause we don't known how to import it. Exception was: ptolemy.kernel.util.NameDuplicationException: Attempt to insert object named "Actors" into container named ".library", which already contains an object with that name.
TransformationEditor: Ignoring clone of .MoreLibraries beause we don't known how to import it. Exception was: ptolemy.kernel.util.NameDuplicationException: Attempt to insert object named "MoreLibraries" into container named ".library", which already contains an object with that name.
TransformationEditor: Ignoring clone of .Utilities beause we don't known how to import it. Exception was: ptolemy.kernel.util.NameDuplicationException: Attempt to insert object named "Utilities" into container named ".library", which already contains an object with that name.
TransformationEditor: Ignoring clone of .Directors beause we don't known how to import it. Exception was: ptolemy.kernel.util.NameDuplicationException: Attempt to insert object named "Directors" into container named ".library", which already contains an object with that name.
TransformationEditor: Ignoring clone of .Actors beause we don't known how to import it. Exception was: ptolemy.kernel.util.NameDuplicationException: Attempt to insert object named "Actors" into container named ".library", which already contains an object with that name.
TransformationEditor: Ignoring clone of .MoreLibraries beause we don't known how to import it. Exception was: ptolemy.kernel.util.NameDuplicationException: Attempt to insert object named "MoreLibraries" into container named ".library", which already contains an object with that name.
TransformationEditor: Ignoring clone of .Utilities beause we don't known how to import it. Exception was: ptolemy.kernel.util.NameDuplicationException: Attempt to insert object named "Utilities" into container named ".library", which already contains an object with that name.
TransformationEditor: Ignoring clone of .Directors beause we don't known how to import it. Exception was: ptolemy.kernel.util.NameDuplicationException: Attempt to insert object named "Directors" into container named ".library", which already contains an object with that name.
TransformationEditor: Ignoring clone of .Actors beause we don't known how to import it. Exception was: ptolemy.kernel.util.NameDuplicationException: Attempt to insert object named "Actors" into container named ".library", which already contains an object with that name.
TransformationEditor: Ignoring clone of .MoreLibraries beause we don't known how to import it. Exception was: ptolemy.kernel.util.NameDuplicationException: Attempt to insert object named "MoreLibraries" into container named ".library", which already contains an object with that name.
TransformationEditor: Ignoring clone of .Utilities beause we don't known how to import it. Exception was: ptolemy.kernel.util.NameDuplicationException: Attempt to insert object named "Utilities" into container named ".library", which already contains an object with that name.
TransformationEditor: Ignoring clone of .Directors beause we don't known how to import it. Exception was: ptolemy.kernel.util.NameDuplicationException: Attempt to insert object named "Directors" into container named ".library", which already contains an object with that name.
TransformationEditor: Ignoring clone of .Actors beause we don't known how to import it. Exception was: ptolemy.kernel.util.NameDuplicationException: Attempt to insert object named "Actors" into container named ".library", which already contains an object with that name.
TransformationEditor: Ignoring clone of .MoreLibraries beause we don't known how to import it. Exception was: ptolemy.kernel.util.NameDuplicationException: Attempt to insert object named "MoreLibraries" into container named ".library", which already contains an object with that name.
TransformationEditor: Ignoring clone of .Utilities beause we don't known how to import it. Exception was: ptolemy.kernel.util.NameDuplicationException: Attempt to insert object named "Utilities" into container named ".library", which already contains an object with that name.
TransformationEditor: Ignoring clone of .Directors beause we don't known how to import it. Exception was: ptolemy.kernel.util.NameDuplicationException: Attempt to insert object named "Directors" into container named ".library", which already contains an object with that name.
TransformationEditor: Ignoring clone of .Actors beause we don't known how to import it. Exception was: ptolemy.kernel.util.NameDuplicationException: Attempt to insert object named "Actors" into container named ".library", which already contains an object with that name.
TransformationEditor: Ignoring clone of .MoreLibraries beause we don't known how to import it. Exception was: ptolemy.kernel.util.NameDuplicationException: Attempt to insert object named "MoreLibraries" into container named ".library", which already contains an object with that name.
TransformationEditor: Ignoring clone of .Utilities beause we don't known how to import it. Exception was: ptolemy.kernel.util.NameDuplicationException: Attempt to insert object named "Utilities" into container named ".library", which already contains an object with that name.
TransformationEditor: Ignoring clone of .Directors beause we don't known how to import it. Exception was: ptolemy.kernel.util.NameDuplicationException: Attempt to insert object named "Directors" into container named ".library", which already contains an object with that name.
TransformationEditor: Ignoring clone of .Actors beause we don't known how to import it. Exception was: ptolemy.kernel.util.NameDuplicationException: Attempt to insert object named "Actors" into container named ".library", which already contains an object with that name.
TransformationEditor: Ignoring clone of .MoreLibraries beause we don't known how to import it. Exception was: ptolemy.kernel.util.NameDuplicationException: Attempt to insert object named "MoreLibraries" into container named ".library", which already contains an object with that name.
TransformationEditor: Ignoring clone of .Utilities beause we don't known how to import it. Exception was: ptolemy.kernel.util.NameDuplicationException: Attempt to insert object named "Utilities" into container named ".library", which already contains an object with that name.
TransformationEditor: Ignoring clone of .Directors beause we don't known how to import it. Exception was: ptolemy.kernel.util.NameDuplicationException: Attempt to insert object named "Directors" into container named ".library", which already contains an object with that name.
TransformationEditor: Ignoring clone of .Actors beause we don't known how to import it. Exception was: ptolemy.kernel.util.NameDuplicationException: Attempt to insert object named "Actors" into container named ".library", which already contains an object with that name.
TransformationEditor: Ignoring clone of .MoreLibraries beause we don't known how to import it. Exception was: ptolemy.kernel.util.NameDuplicationException: Attempt to insert object named "MoreLibraries" into container named ".library", which already contains an object with that name.
TransformationEditor: Ignoring clone of .Utilities beause we don't known how to import it. Exception was: ptolemy.kernel.util.NameDuplicationException: Attempt to insert object named "Utilities" into container named ".library", which already contains an object with that name.
TransformationEditor: Ignoring clone of .Directors beause we don't known how to import it. Exception was: ptolemy.kernel.util.NameDuplicationException: Attempt to insert object named "Directors" into container named ".library", which already contains an object with that name.
TransformationEditor: Ignoring clone of .Actors beause we don't known how to import it. Exception was: ptolemy.kernel.util.NameDuplicationException: Attempt to insert object named "Actors" into container named ".library", which already contains an object with that name.
TransformationEditor: Ignoring clone of .MoreLibraries beause we don't known how to import it. Exception was: ptolemy.kernel.util.NameDuplicationException: Attempt to insert object named "MoreLibraries" into container named ".library", which already contains an object with that name.
TransformationEditor: Ignoring clone of .Utilities beause we don't known how to import it. Exception was: ptolemy.kernel.util.NameDuplicationException: Attempt to insert object named "Utilities" into container named ".library", which already contains an object with that name.
TransformationEditor: Ignoring clone of .Directors beause we don't known how to import it. Exception was: ptolemy.kernel.util.NameDuplicationException: Attempt to insert object named "Directors" into container named ".library", which already contains an object with that name.
TransformationEditor: Ignoring clone of .Actors beause we don't known how to import it. Exception was: ptolemy.kernel.util.NameDuplicationException: Attempt to insert object named "Actors" into container named ".library", which already contains an object with that name.
TransformationEditor: Ignoring clone of .MoreLibraries beause we don't known how to import it. Exception was: ptolemy.kernel.util.NameDuplicationException: Attempt to insert object named "MoreLibraries" into container named ".library", which already contains an object with that name.
TransformationEditor: Ignoring clone of .Utilities beause we don't known how to import it. Exception was: ptolemy.kernel.util.NameDuplicationException: Attempt to insert object named "Utilities" into container named ".library", which already contains an object with that name.
TransformationEditor: Ignoring clone of .Directors beause we don't known how to import it. Exception was: ptolemy.kernel.util.NameDuplicationException: Attempt to insert object named "Directors" into container named ".library", which already contains an object with that name.
TransformationEditor: Ignoring clone of .Actors beause we don't known how to import it. Exception was: ptolemy.kernel.util.NameDuplicationException: Attempt to insert object named "Actors" into container named ".library", which already contains an object with that name.
TransformationEditor: Ignoring clone of .MoreLibraries beause we don't known how to import it. Exception was: ptolemy.kernel.util.NameDuplicationException: Attempt to insert object named "MoreLibraries" into container named ".library", which already contains an object with that name.
TransformationEditor: Ignoring clone of .Utilities beause we don't known how to import it. Exception was: ptolemy.kernel.util.NameDuplicationException: Attempt to insert object named "Utilities" into container named ".library", which already contains an object with that name.
TransformationEditor: Ignoring clone of .Directors beause we don't known how to import it. Exception was: ptolemy.kernel.util.NameDuplicationException: Attempt to insert object named "Directors" into container named ".library", which already contains an object with that name.
TransformationEditor: Ignoring clone of .Actors beause we don't known how to import it. Exception was: ptolemy.kernel.util.NameDuplicationException: Attempt to insert object named "Actors" into container named ".library", which already contains an object with that name.
TransformationEditor: Ignoring clone of .MoreLibraries beause we don't known how to import it. Exception was: ptolemy.kernel.util.NameDuplicationException: Attempt to insert object named "MoreLibraries" into container named ".library", which already contains an object with that name.
TransformationEditor: Ignoring clone of .Utilities beause we don't known how to import it. Exception was: ptolemy.kernel.util.NameDuplicationException: Attempt to insert object named "Utilities" into container named ".library", which already contains an object with that name.
TransformationEditor: Ignoring clone of .Directors beause we don't known how to import it. Exception was: ptolemy.kernel.util.NameDuplicationException: Attempt to insert object named "Directors" into container named ".library", which already contains an object with that name.
TransformationEditor: Ignoring clone of .Actors beause we don't known how to import it. Exception was: ptolemy.kernel.util.NameDuplicationException: Attempt to insert object named "Actors" into container named ".library", which already contains an object with that name.
TransformationEditor: Ignoring clone of .MoreLibraries beause we don't known how to import it. Exception was: ptolemy.kernel.util.NameDuplicationException: Attempt to insert object named "MoreLibraries" into container named ".library", which already contains an object with that name.
TransformationEditor: Ignoring clone of .Utilities beause we don't known how to import it. Exception was: ptolemy.kernel.util.NameDuplicationException: Attempt to insert object named "Utilities" into container named ".library", which already contains an object with that name.
TransformationEditor: Ignoring clone of .Directors beause we don't known how to import it. Exception was: ptolemy.kernel.util.NameDuplicationException: Attempt to insert object named "Directors" into container named ".library", which already contains an object with that name.
TransformationEditor: Ignoring clone of .Actors beause we don't known how to import it. Exception was: ptolemy.kernel.util.NameDuplicationException: Attempt to insert object named "Actors" into container named ".library", which already contains an object with that name.
TransformationEditor: Ignoring clone of .MoreLibraries beause we don't known how to import it. Exception was: ptolemy.kernel.util.NameDuplicationException: Attempt to insert object named "MoreLibraries" into container named ".library", which already contains an object with that name.
TransformationEditor: Ignoring clone of .Utilities beause we don't known how to import it. Exception was: ptolemy.kernel.util.NameDuplicationException: Attempt to insert object named "Utilities" into container named ".library", which already contains an object with that name.
TransformationEditor: Ignoring clone of .Directors beause we don't known how to import it. Exception was: ptolemy.kernel.util.NameDuplicationException: Attempt to insert object named "Directors" into container named ".library", which already contains an object with that name.
TransformationEditor: Ignoring clone of .Actors beause we don't known how to import it. Exception was: ptolemy.kernel.util.NameDuplicationException: Attempt to insert object named "Actors" into container named ".library", which already contains an object with that name.
TransformationEditor: Ignoring clone of .MoreLibraries beause we don't known how to import it. Exception was: ptolemy.kernel.util.NameDuplicationException: Attempt to insert object named "MoreLibraries" into container named ".library", which already contains an object with that name.
TransformationEditor: Ignoring clone of .Utilities beause we don't known how to import it. Exception was: ptolemy.kernel.util.NameDuplicationException: Attempt to insert object named "Utilities" into container named ".library", which already contains an object with that name.
TransformationEditor: Ignoring clone of .Directors beause we don't known how to import it. Exception was: ptolemy.kernel.util.NameDuplicationException: Attempt to insert object named "Directors" into container named ".library", which already contains an object with that name.
TransformationEditor: Ignoring clone of .Actors beause we don't known how to import it. Exception was: ptolemy.kernel.util.NameDuplicationException: Attempt to insert object named "Actors" into container named ".library", which already contains an object with that name.
TransformationEditor: Ignoring clone of .MoreLibraries beause we don't known how to import it. Exception was: ptolemy.kernel.util.NameDuplicationException: Attempt to insert object named "MoreLibraries" into container named ".library", which already contains an object with that name.
TransformationEditor: Ignoring clone of .Utilities beause we don't known how to import it. Exception was: ptolemy.kernel.util.NameDuplicationException: Attempt to insert object named "Utilities" into container named ".library", which already contains an object with that name.
TransformationEditor: Ignoring clone of .Directors beause we don't known how to import it. Exception was: ptolemy.kernel.util.NameDuplicationException: Attempt to insert object named "Directors" into container named ".library", which already contains an object with that name.
TransformationEditor: Ignoring clone of .Actors beause we don't known how to import it. Exception was: ptolemy.kernel.util.NameDuplicationException: Attempt to insert object named "Actors" into container named ".library", which already contains an object with that name.
TransformationEditor: Ignoring clone of .MoreLibraries beause we don't known how to import it. Exception was: ptolemy.kernel.util.NameDuplicationException: Attempt to insert object named "MoreLibraries" into container named ".library", which already contains an object with that name.
TransformationEditor: Ignoring clone of .Utilities beause we don't known how to import it. Exception was: ptolemy.kernel.util.NameDuplicationException: Attempt to insert object named "Utilities" into container named ".library", which already contains an object with that name.
TransformationEditor: Ignoring clone of .Directors beause we don't known how to import it. Exception was: ptolemy.kernel.util.NameDuplicationException: Attempt to insert object named "Directors" into container named ".library", which already contains an object with that name.
TransformationEditor: Ignoring clone of .Actors beause we don't known how to import it. Exception was: ptolemy.kernel.util.NameDuplicationException: Attempt to insert object named "Actors" into container named ".library", which already contains an object with that name.
TransformationEditor: Ignoring clone of .MoreLibraries beause we don't known how to import it. Exception was: ptolemy.kernel.util.NameDuplicationException: Attempt to insert object named "MoreLibraries" into container named ".library", which already contains an object with that name.
TransformationEditor: Ignoring clone of .Utilities beause we don't known how to import it. Exception was: ptolemy.kernel.util.NameDuplicationException: Attempt to insert object named "Utilities" into container named ".library", which already contains an object with that name.
TransformationEditor: Ignoring clone of .Directors beause we don't known how to import it. Exception was: ptolemy.kernel.util.NameDuplicationException: Attempt to insert object named "Directors" into container named ".library", which already contains an object with that name.
TransformationEditor: Ignoring clone of .Actors beause we don't known how to import it. Exception was: ptolemy.kernel.util.NameDuplicationException: Attempt to insert object named "Actors" into container named ".library", which already contains an object with that name.
TransformationEditor: Ignoring clone of .MoreLibraries beause we don't known how to import it. Exception was: ptolemy.kernel.util.NameDuplicationException: Attempt to insert object named "MoreLibraries" into container named ".library", which already contains an object with that name.
TransformationEditor: Ignoring clone of .Utilities beause we don't known how to import it. Exception was: ptolemy.kernel.util.NameDuplicationException: Attempt to insert object named "Utilities" into container named ".library", which already contains an object with that name.
TransformationEditor: Ignoring clone of .Directors beause we don't known how to import it. Exception was: ptolemy.kernel.util.NameDuplicationException: Attempt to insert object named "Directors" into container named ".library", which already contains an object with that name.
TransformationEditor: Ignoring clone of .Actors beause we don't known how to import it. Exception was: ptolemy.kernel.util.NameDuplicationException: Attempt to insert object named "Actors" into container named ".library", which already contains an object with that name.
TransformationEditor: Ignoring clone of .MoreLibraries beause we don't known how to import it. Exception was: ptolemy.kernel.util.NameDuplicationException: Attempt to insert object named "MoreLibraries" into container named ".library", which already contains an object with that name.
TransformationEditor: Ignoring clone of .Utilities beause we don't known how to import it. Exception was: ptolemy.kernel.util.NameDuplicationException: Attempt to insert object named "Utilities" into container named ".library", which already contains an object with that name.
TransformationEditor: Ignoring clone of .Directors beause we don't known how to import it. Exception was: ptolemy.kernel.util.NameDuplicationException: Attempt to insert object named "Directors" into container named ".library", which already contains an object with that name.
TransformationEditor: Ignoring clone of .Actors beause we don't known how to import it. Exception was: ptolemy.kernel.util.NameDuplicationException: Attempt to insert object named "Actors" into container named ".library", which already contains an object with that name.
TransformationEditor: Ignoring clone of .MoreLibraries beause we don't known how to import it. Exception was: ptolemy.kernel.util.NameDuplicationException: Attempt to insert object named "MoreLibraries" into container named ".library", which already contains an object with that name.
TransformationEditor: Ignoring clone of .Utilities beause we don't known how to import it. Exception was: ptolemy.kernel.util.NameDuplicationException: Attempt to insert object named "Utilities" into container named ".library", which already contains an object with that name.
TransformationEditor: Ignoring clone of .Directors beause we don't known how to import it. Exception was: ptolemy.kernel.util.NameDuplicationException: Attempt to insert object named "Directors" into container named ".library", which already contains an object with that name.
TransformationEditor: Ignoring clone of .Actors beause we don't known how to import it. Exception was: ptolemy.kernel.util.NameDuplicationException: Attempt to insert object named "Actors" into container named ".library", which already contains an object with that name.
TransformationEditor: Ignoring clone of .MoreLibraries beause we don't known how to import it. Exception was: ptolemy.kernel.util.NameDuplicationException: Attempt to insert object named "MoreLibraries" into container named ".library", which already contains an object with that name.
TransformationEditor: Ignoring clone of .Utilities beause we don't known how to import it. Exception was: ptolemy.kernel.util.NameDuplicationException: Attempt to insert object named "Utilities" into container named ".library", which already contains an object with that name.
TransformationEditor: Ignoring clone of .Directors beause we don't known how to import it. Exception was: ptolemy.kernel.util.NameDuplicationException: Attempt to insert object named "Directors" into container named ".library", which already contains an object with that name.
TransformationEditor: Ignoring clone of .Actors beause we don't known how to import it. Exception was: ptolemy.kernel.util.NameDuplicationException: Attempt to insert object named "Actors" into container named ".library", which already contains an object with that name.
TransformationEditor: Ignoring clone of .MoreLibraries beause we don't known how to import it. Exception was: ptolemy.kernel.util.NameDuplicationException: Attempt to insert object named "MoreLibraries" into container named ".library", which already contains an object with that name.
TransformationEditor: Ignoring clone of .Utilities beause we don't known how to import it. Exception was: ptolemy.kernel.util.NameDuplicationException: Attempt to insert object named "Utilities" into container named ".library", which already contains an object with that name.
TransformationEditor: Ignoring clone of .Directors beause we don't known how to import it. Exception was: ptolemy.kernel.util.NameDuplicationException: Attempt to insert object named "Directors" into container named ".library", which already contains an object with that name.
TransformationEditor: Ignoring clone of .Actors beause we don't known how to import it. Exception was: ptolemy.kernel.util.NameDuplicationException: Attempt to insert object named "Actors" into container named ".library", which already contains an object with that name.
TransformationEditor: Ignoring clone of .MoreLibraries beause we don't known how to import it. Exception was: ptolemy.kernel.util.NameDuplicationException: Attempt to insert object named "MoreLibraries" into container named ".library", which already contains an object with that name.
TransformationEditor: Ignoring clone of .Utilities beause we don't known how to import it. Exception was: ptolemy.kernel.util.NameDuplicationException: Attempt to insert object named "Utilities" into container named ".library", which already contains an object with that name.
TransformationEditor: Ignoring clone of .Directors beause we don't known how to import it. Exception was: ptolemy.kernel.util.NameDuplicationException: Attempt to insert object named "Directors" into container named ".library", which already contains an object with that name.
TransformationEditor: Ignoring clone of .Actors beause we don't known how to import it. Exception was: ptolemy.kernel.util.NameDuplicationException: Attempt to insert object named "Actors" into container named ".library", which already contains an object with that name.
TransformationEditor: Ignoring clone of .MoreLibraries beause we don't known how to import it. Exception was: ptolemy.kernel.util.NameDuplicationException: Attempt to insert object named "MoreLibraries" into container named ".library", which already contains an object with that name.
TransformationEditor: Ignoring clone of .Utilities beause we don't known how to import it. Exception was: ptolemy.kernel.util.NameDuplicationException: Attempt to insert object named "Utilities" into container named ".library", which already contains an object with that name.
TransformationEditor: Ignoring clone of .Directors beause we don't known how to import it. Exception was: ptolemy.kernel.util.NameDuplicationException: Attempt to insert object named "Directors" into container named ".library", which already contains an object with that name.
TransformationEditor: Ignoring clone of .Actors beause we don't known how to import it. Exception was: ptolemy.kernel.util.NameDuplicationException: Attempt to insert object named "Actors" into container named ".library", which already contains an object with that name.
TransformationEditor: Ignoring clone of .MoreLibraries beause we don't known how to import it. Exception was: ptolemy.kernel.util.NameDuplicationException: Attempt to insert object named "MoreLibraries" into container named ".library", which already contains an object with that name.
TransformationEditor: Ignoring clone of .Utilities beause we don't known how to import it. Exception was: ptolemy.kernel.util.NameDuplicationException: Attempt to insert object named "Utilities" into container named ".library", which already contains an object with that name.
TransformationEditor: Ignoring clone of .Directors beause we don't known how to import it. Exception was: ptolemy.kernel.util.NameDuplicationException: Attempt to insert object named "Directors" into container named ".library", which already contains an object with that name.
TransformationEditor: Ignoring clone of .Actors beause we don't known how to import it. Exception was: ptolemy.kernel.util.NameDuplicationException: Attempt to insert object named "Actors" into container named ".library", which already contains an object with that name.
TransformationEditor: Ignoring clone of .MoreLibraries beause we don't known how to import it. Exception was: ptolemy.kernel.util.NameDuplicationException: Attempt to insert object named "MoreLibraries" into container named ".library", which already contains an object with that name.
TransformationEditor: Ignoring clone of .Utilities beause we don't known how to import it. Exception was: ptolemy.kernel.util.NameDuplicationException: Attempt to insert object named "Utilities" into container named ".library", which already contains an object with that name.
TransformationEditor: Ignoring clone of .Directors beause we don't known how to import it. Exception was: ptolemy.kernel.util.NameDuplicationException: Attempt to insert object named "Directors" into container named ".library", which already contains an object with that name.
TransformationEditor: Ignoring clone of .Actors beause we don't known how to import it. Exception was: ptolemy.kernel.util.NameDuplicationException: Attempt to insert object named "Actors" into container named ".library", which already contains an object with that name.
TransformationEditor: Ignoring clone of .MoreLibraries beause we don't known how to import it. Exception was: ptolemy.kernel.util.NameDuplicationException: Attempt to insert object named "MoreLibraries" into container named ".library", which already contains an object with that name.
TransformationEditor: Ignoring clone of .Utilities beause we don't known how to import it. Exception was: ptolemy.kernel.util.NameDuplicationException: Attempt to insert object named "Utilities" into container named ".library", which already contains an object with that name.
TransformationEditor: Ignoring clone of .Directors beause we don't known how to import it. Exception was: ptolemy.kernel.util.NameDuplicationException: Attempt to insert object named "Directors" into container named ".library", which already contains an object with that name.
TransformationEditor: Ignoring clone of .Actors beause we don't known how to import it. Exception was: ptolemy.kernel.util.NameDuplicationException: Attempt to insert object named "Actors" into container named ".library", which already contains an object with that name.
TransformationEditor: Ignoring clone of .MoreLibraries beause we don't known how to import it. Exception was: ptolemy.kernel.util.NameDuplicationException: Attempt to insert object named "MoreLibraries" into container named ".library", which already contains an object with that name.
TransformationEditor: Ignoring clone of .Utilities beause we don't known how to import it. Exception was: ptolemy.kernel.util.NameDuplicationException: Attempt to insert object named "Utilities" into container named ".library", which already contains an object with that name.
TransformationEditor: Ignoring clone of .Directors beause we don't known how to import it. Exception was: ptolemy.kernel.util.NameDuplicationException: Attempt to insert object named "Directors" into container named ".library", which already contains an object with that name.
TransformationEditor: Ignoring clone of .Actors beause we don't known how to import it. Exception was: ptolemy.kernel.util.NameDuplicationException: Attempt to insert object named "Actors" into container named ".library", which already contains an object with that name.
TransformationEditor: Ignoring clone of .MoreLibraries beause we don't known how to import it. Exception was: ptolemy.kernel.util.NameDuplicationException: Attempt to insert object named "MoreLibraries" into container named ".library", which already contains an object with that name.
TransformationEditor: Ignoring clone of .Utilities beause we don't known how to import it. Exception was: ptolemy.kernel.util.NameDuplicationException: Attempt to insert object named "Utilities" into container named ".library", which already contains an object with that name.
TransformationEditor: Ignoring clone of .Directors beause we don't known how to import it. Exception was: ptolemy.kernel.util.NameDuplicationException: Attempt to insert object named "Directors" into container named ".library", which already contains an object with that name.
TransformationEditor: Ignoring clone of .Actors beause we don't known how to import it. Exception was: ptolemy.kernel.util.NameDuplicationException: Attempt to insert object named "Actors" into container named ".library", which already contains an object with that name.
TransformationEditor: Ignoring clone of .MoreLibraries beause we don't known how to import it. Exception was: ptolemy.kernel.util.NameDuplicationException: Attempt to insert object named "MoreLibraries" into container named ".library", which already contains an object with that name.
TransformationEditor: Ignoring clone of .Utilities beause we don't known how to import it. Exception was: ptolemy.kernel.util.NameDuplicationException: Attempt to insert object named "Utilities" into container named ".library", which already contains an object with that name.
TransformationEditor: Ignoring clone of .Directors beause we don't known how to import it. Exception was: ptolemy.kernel.util.NameDuplicationException: Attempt to insert object named "Directors" into container named ".library", which already contains an object with that name.
TransformationEditor: Ignoring clone of .Actors beause we don't known how to import it. Exception was: ptolemy.kernel.util.NameDuplicationException: Attempt to insert object named "Actors" into container named ".library", which already contains an object with that name.
TransformationEditor: Ignoring clone of .MoreLibraries beause we don't known how to import it. Exception was: ptolemy.kernel.util.NameDuplicationException: Attempt to insert object named "MoreLibraries" into container named ".library", which already contains an object with that name.
TransformationEditor: Ignoring clone of .Utilities beause we don't known how to import it. Exception was: ptolemy.kernel.util.NameDuplicationException: Attempt to insert object named "Utilities" into container named ".library", which already contains an object with that name.
TransformationEditor: Ignoring clone of .Directors beause we don't known how to import it. Exception was: ptolemy.kernel.util.NameDuplicationException: Attempt to insert object named "Directors" into container named ".library", which already contains an object with that name.
TransformationEditor: Ignoring clone of .Actors beause we don't known how to import it. Exception was: ptolemy.kernel.util.NameDuplicationException: Attempt to insert object named "Actors" into container named ".library", which already contains an object with that name.
TransformationEditor: Ignoring clone of .MoreLibraries beause we don't known how to import it. Exception was: ptolemy.kernel.util.NameDuplicationException: Attempt to insert object named "MoreLibraries" into container named ".library", which already contains an object with that name.
TransformationEditor: Ignoring clone of .Utilities beause we don't known how to import it. Exception was: ptolemy.kernel.util.NameDuplicationException: Attempt to insert object named "Utilities" into container named ".library", which already contains an object with that name.
TransformationEditor: Ignoring clone of .Directors beause we don't known how to import it. Exception was: ptolemy.kernel.util.NameDuplicationException: Attempt to insert object named "Directors" into container named ".library", which already contains an object with that name.
TransformationEditor: Ignoring clone of .Actors beause we don't known how to import it. Exception was: ptolemy.kernel.util.NameDuplicationException: Attempt to insert object named "Actors" into container named ".library", which already contains an object with that name.
TransformationEditor: Ignoring clone of .MoreLibraries beause we don't known how to import it. Exception was: ptolemy.kernel.util.NameDuplicationException: Attempt to insert object named "MoreLibraries" into container named ".library", which already contains an object with that name.
TransformationEditor: Ignoring clone of .Utilities beause we don't known how to import it. Exception was: ptolemy.kernel.util.NameDuplicationException: Attempt to insert object named "Utilities" into container named ".library", which already contains an object with that name.
TransformationEditor: Ignoring clone of .Directors beause we don't known how to import it. Exception was: ptolemy.kernel.util.NameDuplicationException: Attempt to insert object named "Directors" into container named ".library", which already contains an object with that name.
TransformationEditor: Ignoring clone of .Actors beause we don't known how to import it. Exception was: ptolemy.kernel.util.NameDuplicationException: Attempt to insert object named "Actors" into container named ".library", which already contains an object with that name.
TransformationEditor: Ignoring clone of .MoreLibraries beause we don't known how to import it. Exception was: ptolemy.kernel.util.NameDuplicationException: Attempt to insert object named "MoreLibraries" into container named ".library", which already contains an object with that name.
TransformationEditor: Ignoring clone of .Utilities beause we don't known how to import it. Exception was: ptolemy.kernel.util.NameDuplicationException: Attempt to insert object named "Utilities" into container named ".library", which already contains an object with that name.
TransformationEditor: Ignoring clone of .Directors beause we don't known how to import it. Exception was: ptolemy.kernel.util.NameDuplicationException: Attempt to insert object named "Directors" into container named ".library", which already contains an object with that name.
TransformationEditor: Ignoring clone of .Actors beause we don't known how to import it. Exception was: ptolemy.kernel.util.NameDuplicationException: Attempt to insert object named "Actors" into container named ".library", which already contains an object with that name.
TransformationEditor: Ignoring clone of .MoreLibraries beause we don't known how to import it. Exception was: ptolemy.kernel.util.NameDuplicationException: Attempt to insert object named "MoreLibraries" into container named ".library", which already contains an object with that name.
TransformationEditor: Ignoring clone of .Utilities beause we don't known how to import it. Exception was: ptolemy.kernel.util.NameDuplicationException: Attempt to insert object named "Utilities" into container named ".library", which already contains an object with that name.
TransformationEditor: Ignoring clone of .Directors beause we don't known how to import it. Exception was: ptolemy.kernel.util.NameDuplicationException: Attempt to insert object named "Directors" into container named ".library", which already contains an object with that name.
TransformationEditor: Ignoring clone of .Actors beause we don't known how to import it. Exception was: ptolemy.kernel.util.NameDuplicationException: Attempt to insert object named "Actors" into container named ".library", which already contains an object with that name.
TransformationEditor: Ignoring clone of .MoreLibraries beause we don't known how to import it. Exception was: ptolemy.kernel.util.NameDuplicationException: Attempt to insert object named "MoreLibraries" into container named ".library", which already contains an object with that name.
TransformationEditor: Ignoring clone of .Utilities beause we don't known how to import it. Exception was: ptolemy.kernel.util.NameDuplicationException: Attempt to insert object named "Utilities" into container named ".library", which already contains an object with that name.
TransformationEditor: Ignoring clone of .Directors beause we don't known how to import it. Exception was: ptolemy.kernel.util.NameDuplicationException: Attempt to insert object named "Directors" into container named ".library", which already contains an object with that name.
TransformationEditor: Ignoring clone of .Actors beause we don't known how to import it. Exception was: ptolemy.kernel.util.NameDuplicationException: Attempt to insert object named "Actors" into container named ".library", which already contains an object with that name.
TransformationEditor: Ignoring clone of .MoreLibraries beause we don't known how to import it. Exception was: ptolemy.kernel.util.NameDuplicationException: Attempt to insert object named "MoreLibraries" into container named ".library", which already contains an object with that name.
TransformationEditor: Ignoring clone of .Utilities beause we don't known how to import it. Exception was: ptolemy.kernel.util.NameDuplicationException: Attempt to insert object named "Utilities" into container named ".library", which already contains an object with that name.
TransformationEditor: Ignoring clone of .Directors beause we don't known how to import it. Exception was: ptolemy.kernel.util.NameDuplicationException: Attempt to insert object named "Directors" into container named ".library", which already contains an object with that name.
TransformationEditor: Ignoring clone of .Actors beause we don't known how to import it. Exception was: ptolemy.kernel.util.NameDuplicationException: Attempt to insert object named "Actors" into container named ".library", which already contains an object with that name.
TransformationEditor: Ignoring clone of .MoreLibraries beause we don't known how to import it. Exception was: ptolemy.kernel.util.NameDuplicationException: Attempt to insert object named "MoreLibraries" into container named ".library", which already contains an object with that name.
TransformationEditor: Ignoring clone of .Utilities beause we don't known how to import it. Exception was: ptolemy.kernel.util.NameDuplicationException: Attempt to insert object named "Utilities" into container named ".library", which already contains an object with that name.
TransformationEditor: Ignoring clone of .Directors beause we don't known how to import it. Exception was: ptolemy.kernel.util.NameDuplicationException: Attempt to insert object named "Directors" into container named ".library", which already contains an object with that name.
TransformationEditor: Ignoring clone of .Actors beause we don't known how to import it. Exception was: ptolemy.kernel.util.NameDuplicationException: Attempt to insert object named "Actors" into container named ".library", which already contains an object with that name.
TransformationEditor: Ignoring clone of .MoreLibraries beause we don't known how to import it. Exception was: ptolemy.kernel.util.NameDuplicationException: Attempt to insert object named "MoreLibraries" into container named ".library", which already contains an object with that name.
TransformationEditor: Ignoring clone of .Utilities beause we don't known how to import it. Exception was: ptolemy.kernel.util.NameDuplicationException: Attempt to insert object named "Utilities" into container named ".library", which already contains an object with that name.
TransformationEditor: Ignoring clone of .Directors beause we don't known how to import it. Exception was: ptolemy.kernel.util.NameDuplicationException: Attempt to insert object named "Directors" into container named ".library", which already contains an object with that name.
TransformationEditor: Ignoring clone of .Actors beause we don't known how to import it. Exception was: ptolemy.kernel.util.NameDuplicationException: Attempt to insert object named "Actors" into container named ".library", which already contains an object with that name.
TransformationEditor: Ignoring clone of .MoreLibraries beause we don't known how to import it. Exception was: ptolemy.kernel.util.NameDuplicationException: Attempt to insert object named "MoreLibraries" into container named ".library", which already contains an object with that name.
TransformationEditor: Ignoring clone of .Utilities beause we don't known how to import it. Exception was: ptolemy.kernel.util.NameDuplicationException: Attempt to insert object named "Utilities" into container named ".library", which already contains an object with that name.
TransformationEditor: Ignoring clone of .Directors beause we don't known how to import it. Exception was: ptolemy.kernel.util.NameDuplicationException: Attempt to insert object named "Directors" into container named ".library", which already contains an object with that name.
TransformationEditor: Ignoring clone of .Actors beause we don't known how to import it. Exception was: ptolemy.kernel.util.NameDuplicationException: Attempt to insert object named "Actors" into container named ".library", which already contains an object with that name.
TransformationEditor: Ignoring clone of .MoreLibraries beause we don't known how to import it. Exception was: ptolemy.kernel.util.NameDuplicationException: Attempt to insert object named "MoreLibraries" into container named ".library", which already contains an object with that name.
TransformationEditor: Ignoring clone of .Utilities beause we don't known how to import it. Exception was: ptolemy.kernel.util.NameDuplicationException: Attempt to insert object named "Utilities" into container named ".library", which already contains an object with that name.
TransformationEditor: Ignoring clone of .Directors beause we don't known how to import it. Exception was: ptolemy.kernel.util.NameDuplicationException: Attempt to insert object named "Directors" into container named ".library", which already contains an object with that name.
TransformationEditor: Ignoring clone of .Actors beause we don't known how to import it. Exception was: ptolemy.kernel.util.NameDuplicationException: Attempt to insert object named "Actors" into container named ".library", which already contains an object with that name.
TransformationEditor: Ignoring clone of .MoreLibraries beause we don't known how to import it. Exception was: ptolemy.kernel.util.NameDuplicationException: Attempt to insert object named "MoreLibraries" into container named ".library", which already contains an object with that name.
TransformationEditor: Ignoring clone of .Utilities beause we don't known how to import it. Exception was: ptolemy.kernel.util.NameDuplicationException: Attempt to insert object named "Utilities" into container named ".library", which already contains an object with that name.
TransformationEditor: Ignoring clone of .Directors beause we don't known how to import it. Exception was: ptolemy.kernel.util.NameDuplicationException: Attempt to insert object named "Directors" into container named ".library", which already contains an object with that name.
TransformationEditor: Ignoring clone of .Actors beause we don't known how to import it. Exception was: ptolemy.kernel.util.NameDuplicationException: Attempt to insert object named "Actors" into container named ".library", which already contains an object with that name.
TransformationEditor: Ignoring clone of .MoreLibraries beause we don't known how to import it. Exception was: ptolemy.kernel.util.NameDuplicationException: Attempt to insert object named "MoreLibraries" into container named ".library", which already contains an object with that name.
Could not find mediaLib accelerator wrapper classes. Continuing in pure Java mode.
]]></system-err>
</testsuite>
