<?xml version="1.0" encoding="UTF-8" ?>
<testsuite errors="0" failures="0" hostname="travis-job-5df2978a-89a6-46a8-991a-76289a96ad23" name="ptolemy.domains.de.test.junit.JUnitTclTest" skipped="0" tests="101" time="149.324" timestamp="2018-05-10T00:21:46">
  <properties>
    <property name="npm.executable" value="npm" />
    <property name="file.encoding.pkg" value="sun.io" />
    <property name="ptII.mk.exists" value="true" />
    <property name="env.rvm_bin_path" value="/home/travis/.rvm/bin" />
    <property name="java.home" value="/usr/lib/jvm/java-8-oracle/jre" />
    <property name="env.TRAVIS_JOB_NUMBER" value="410.7" />
    <property name="env.DISPLAY" value=":99.0" />
    <property name="java.net.preferIPv4Stack" value="true" />
    <property name="env.SSH_TTY" value="/dev/pts/0" />
    <property name="env.RUN_TESTS" value="true" />
    <property name="timeout.short" value="1000000" />
    <property name="env.TRAVIS_STACK_NODE_ATTRIBUTES" value="/.node-attributes.yml" />
    <property name="junit.formatter" value="xml" />
    <property name="java.endorsed.dirs" value="/usr/lib/jvm/java-8-oracle/jre/lib/endorsed" />
    <property name="env.TRAVIS_SUDO" value="true" />
    <property name="env.LOGNAME" value="travis" />
    <property name="jsdoc.home" value="node_modules/@terraswarm/jsdoc" />
    <property name="debuglevel" value="source,lines,vars" />
    <property name="checkstyle.formatter" value="xml" />
    <property name="bin.vergil.makeable" value="true" />
    <property name="env._system_version" value="14.04" />
    <property name="sun.os.patch.level" value="unknown" />
    <property name="java.vendor.url" value="http://java.oracle.com/" />
    <property name="java.version" value="1.8.0_151" />
    <property name="env.TZ" value="UTC" />
    <property name="env.PT_NO_NET" value="true" />
    <property name="env.TRAVIS_PULL_REQUEST_SHA" value="" />
    <property name="env.TRAVIS_SECURE_ENV_VARS" value="true" />
    <property name="env._system_type" value="Linux" />
    <property name="java.vendor.url.bug" value="http://bugreport.sun.com/bugreport/" />
    <property name="env.SSH_CLIENT" value="10.10.4.39 41916 22" />
    <property name="env.GEM_HOME" value="/home/travis/.rvm/gems/ruby-2.4.1" />
    <property name="env.HAS_ANTARES_THREE_LITTLE_FRONZIES_BADGE" value="true" />
    <property name="env.PS4" value="+" />
    <property name="ant.project.invoked-targets" value="build,test.core2.xml" />
    <property name="env.TRAVIS_PULL_REQUEST_BRANCH" value="" />
    <property name="env.TRAVIS_REPO_SLUG" value="icyphy/ptII" />
    <property name="node.in.path" value="true" />
    <property name="java.maxmemory" value="1400m" />
    <property name="env.RUBY_VERSION" value="ruby-2.4.1" />
    <property name="user.name" value="travis" />
    <property name="env.LANG" value="en_US.UTF-8" />
    <property name="sun.io.unicode.encoding" value="UnicodeLittle" />
    <property name="sun.jnu.encoding" value="UTF-8" />
    <property name="java.runtime.name" value="Java(TM) SE Runtime Environment" />
    <property name="usefile" value="false" />
    <property name="return.code" value="0" />
    <property name="junit.single.formatter" value="plain" />
    <property name="env.DYLD_LIBRARY_PATH" value="/home/travis/pthla/certi-tools/lib:" />
    <property name="env.DEBIAN_FRONTEND" value="noninteractive" />
    <property name="env.SSH_CONNECTION" value="10.10.4.39 41916 10.20.1.40 22" />
    <property name="env.MYSQL_UNIX_PORT" value="/var/run/mysqld/mysqld.sock" />
    <property name="env.TRAVIS_ALLOW_FAILURE" value="false" />
    <property name="env.LC_ALL" value="en_US.UTF-8" />
    <property name="java.specification.name" value="Java Platform API Specification" />
    <property name="node.works" value="true" />
    <property name="user.timezone" value="" />
    <property name="path.separator" value=":" />
    <property name="env.PYTHON_CFLAGS" value="-g -fstack-protector --param=ssp-buffer-size=4 -Wformat -Werror=format-security" />
    <property name="timeout.long" value="4000000" />
    <property name="env.CERTI_HOME" value="/home/travis/pthla/certi-tools" />
    <property name="file.encoding" value="UTF-8" />
    <property name="ant.file.ptII" value="/home/travis/build/icyphy/ptII/build.xml" />
    <property name="javadoc.packagenames" value="com.*,diva.*,lbnl.*,org.hlacerti.*,org.json.*,org.ptolemy.*,org.terraswarm.*,ptolemy.*,ptserver.*" />
    <property name="env.TRAVIS_PULL_REQUEST_SLUG" value="" />
    <property name="ant.project.default-target" value="build" />
    <property name="env.GIT_ASKPASS" value="echo" />
    <property name="env.HOME" value="/home/travis" />
    <property name="sun.java.command" value="org.apache.tools.ant.taskdefs.optional.junit.JUnitTestRunner ptolemy.domains.de.test.junit.JUnitTclTest skipNonTests=false filtertrace=true haltOnError=false haltOnFailure=false formatter=org.apache.tools.ant.taskdefs.optional.junit.OutErrSummaryJUnitResultFormatter showoutput=true outputtoformatters=true logfailedtests=true threadid=0 logtestlistenerevents=false formatter=org.apache.tools.ant.taskdefs.optional.junit.XMLJUnitResultFormatter,/home/travis/build/icyphy/ptII/reports/junit/TEST-ptolemy.domains.de.test.junit.JUnitTclTest.xml crashfile=/home/travis/build/icyphy/ptII/junitvmwatcher1960682920207922653.properties propsfile=/home/travis/build/icyphy/ptII/junit1718486497978281509.properties" />
    <property name="env.MANPATH" value="/home/travis/.nvm/versions/node/v7.10.1/share/man:/home/travis/.kiex/elixirs/elixir-1.4.5/man:/home/travis/.rvm/rubies/ruby-2.4.1/share/man:/usr/local/man:/usr/local/cmake-3.9.2/man:/usr/local/clang-5.0.0/share/man:/usr/local/share/man:/usr/share/man:/home/travis/.rvm/man" />
    <property name="env.COMPOSER_NO_INTERACTION" value="1" />
    <property name="env.JDK_SWITCHER_DEFAULT" value="oraclejdk8" />
    <property name="ant.file" value="/home/travis/build/icyphy/ptII/build.xml" />
    <property name="env.TRAVIS_COMMIT_RANGE" value="712d3efebbea...a35e0c44513d" />
    <property name="env._system_name" value="Ubuntu" />
    <property name="timeout" value="2400000" />
    <property name="ptII.classpath.optional.property" value="/home/travis/build/icyphy/ptII/lib/bsh-2.0b4.jar:/home/travis/build/icyphy/ptII/lib/ptCal.jar:/home/travis/build/icyphy/ptII/lib/java_cup.jar:/home/travis/build/icyphy/ptII/lib/saxon8.jar:/home/travis/build/icyphy/ptII/lib/saxon8-dom.jar:/home/travis/build/icyphy/ptII/lib/chic.jar:/home/travis/build/icyphy/ptII/lib/ptcolt.jar:/usr/lib/jvm/java-8-oracle/lib/tools.jar:/usr/lib/eclipse/plugins/org.eclipse.jdt.core_3.8.2.dist.jar:/usr/lib/eclipse/plugins/org.eclipse.core.runtime_3.8.0.dist.jar:/usr/lib/eclipse/plugins/org.eclipse.osgi_3.8.1.dist.jar:/usr/lib/eclipse/plugins/org.eclipse.core.resources_3.8.1.dist.jar:/usr/lib/eclipse/plugins/org.eclipse.equinox.common_3.6.100.dist.jar:/usr/lib/eclipse/plugins/org.eclipse.core.jobs_3.5.200.dist.jar:/usr/lib/eclipse/plugins/org.eclipse.core.contenttype_3.4.200.dist.jar:/usr/lib/eclipse/plugins/org.eclipse.equinox.preferences_3.5.0.dist.jar:/usr/lib/eclipse/plugins/org.eclipse.text_3.5.200.dist.jar:/usr/lib/eclipse/plugins/org.eclipse.ui.workbench_3.8.1.dist.jar:/usr/lib/eclipse/plugins/org.eclipse.jface_3.8.0.dist.jar:/usr/lib/eclipse/plugins/org.eclipse.swt_3.8.2.jar:/usr/lib/eclipse/plugins/org.eclipse.jface.text_3.8.1.dist.jar:/usr/lib/eclipse/plugins/org.eclipse.ui.workbench.texteditor_3.8.0.dist.jar:/usr/lib/eclipse/plugins/org.eclipse.ui.editors_3.8.0.dist.jar:/usr/lib/eclipse/plugins/org.eclipse.core.commands_3.6.1.dist.jar:/usr/lib/eclipse/plugins/org.eclipse.equinox.registry_3.5.200.dist.jar:/usr/lib/eclipse/plugins/org.eclipse.ui.console_3.5.100.dist.jar:/usr/lib/eclipse/plugins/org.eclipse.ui.forms_3.5.200.dist.jar:/usr/lib/eclipse/plugins/org.eclipse.ui.ide_3.8.1.dist.jar:/home/travis/build/icyphy/ptII/vendors/oracle/dbxml.jar:/home/travis/build/icyphy/ptII/vendors/oracle/db.jar:/home/travis/build/icyphy/ptII/vendors/misc/itext/iText.jar:/home/travis/build/icyphy/ptII/lib/g4ltl.jar:/home/travis/build/icyphy/ptII/lib/StructuralCoder.jar:/home/travis/build/icyphy/ptII/lib/org-openide-util.jar:/home/travis/build/icyphy/ptII/lib/org-openide-util-lookup.jar:/home/travis/build/icyphy/ptII/lib/org-netbeans-api-visual.jar:/home/travis/build/icyphy/ptII/vendors/jai-1_1_2_01/lib/jai_core.jar:/home/travis/build/icyphy/ptII/vendors/jai-1_1_2_01/lib/jai_codec.jar:/home/travis/build/icyphy/ptII/lib/jcerti.jar:/home/travis/build/icyphy/ptII/lib/smack.jar:/home/travis/build/icyphy/ptII/lib/smackx.jar:/home/travis/build/icyphy/ptII/lib/jetty-all-8.1.5-v20120716.jar:/home/travis/build/icyphy/ptII/lib/javax.servlet-api-3.0.1.jar:/home/travis/build/icyphy/ptII/lib/javax.mail.jar:/home/travis/build/icyphy/ptII/vendors/JMF-2.1.1e/lib/jmf.jar:/home/travis/build/icyphy/ptII/lib/jna-4.0.0-variadic.jar:/home/travis/build/icyphy/ptII/vendors/misc/joystick/Joystick.jar:/home/travis/build/icyphy/ptII/lib/ptjacl.jar:/home/travis/build/icyphy/ptII/lib/jsoup-1.8.2.jar:/home/travis/build/icyphy/ptII/lib/junit-4.8.2.jar:/home/travis/build/icyphy/ptII/lib/JUnitParams-0.4.0.jar:/home/travis/build/icyphy/ptII/ptolemy/actor/lib/excel/jxl.jar:/home/travis/build/icyphy/ptII/lib/jython.jar:/home/travis/build/icyphy/ptII/lib/kieler.jar:/home/travis/build/icyphy/ptII/vendors/opencv/share/OpenCV/java/opencv-341.jar:/home/travis/build/icyphy/ptII/lib/oscP5.jar:/home/travis/build/icyphy/ptII/lib/nrjavaserial-3.11.0.devel.jar:/usr/share/java/j3dcore.jar:/usr/share/java/j3dutils.jar:/usr/share/java/vecmath.jar:/home/travis/build/icyphy/ptII/ptolemy/distributed/jini/jar/jini-core.jar:/home/travis/build/icyphy/ptII/ptolemy/distributed/jini/jar/jini-ext.jar:/home/travis/build/icyphy/ptII/ptolemy/distributed/jini/jar/sun-util.jar:/home/travis/build/icyphy/ptII/lib/protobuf-java-2.4.1.jar:/home/travis/build/icyphy/ptII/lib/org.eclipse.paho.client.mqttv3.jar:/home/travis/build/icyphy/ptII/ptserver/lib/hessian-4.0.7.jar:/home/travis/build/icyphy/ptII/ptserver/lib/wmqtt.jar:/home/travis/build/icyphy/ptII/lib/mapss.jar:/home/travis/build/icyphy/ptII/ptolemy/actor/ptalon/antlr/antlr.jar:/home/travis/build/icyphy/ptII/lib/JRI.jar:/home/travis/build/icyphy/ptII/lib/commons-lang-2.6.jar:/home/travis/build/icyphy/ptII/lib/commons-logging-1.1.1.jar:/home/travis/build/icyphy/ptII/lib/sootclasses.jar:/home/travis/build/icyphy/ptII/ptolemy/actor/lib/database/mysql-connector-java-5.1.6-bin.jar:/home/travis/build/icyphy/ptII/vendors/misc/sphinx4/sphinx4-data-5prealpha.jar:/home/travis/build/icyphy/ptII/vendors/misc/sphinx4/sphinx4-core-5prealpha.jar:/home/travis/build/icyphy/ptII/lib/PDFRenderer.jar:/home/travis/build/icyphy/ptII/lib/svgSalamander.jar:/home/travis/build/icyphy/ptII/lib/rsyntaxtextarea-2.6.0-SNAPSHOT.jar:/home/travis/build/icyphy/ptII/lib/hazelcast-3.8.2.jar:/home/travis/build/icyphy/ptII/lib/jackson-annotations-2.9.0.jar:/home/travis/build/icyphy/ptII/lib/jackson-core-2.9.3.jar:/home/travis/build/icyphy/ptII/lib/jackson-databind-2.9.3.jar:/home/travis/build/icyphy/ptII/lib/netty-buffer-4.1.19.Final.jar:/home/travis/build/icyphy/ptII/lib/netty-codec-4.1.19.Final.jar:/home/travis/build/icyphy/ptII/lib/netty-codec-dns-4.1.19.Final.jar:/home/travis/build/icyphy/ptII/lib/netty-codec-http-4.1.19.Final.jar:/home/travis/build/icyphy/ptII/lib/netty-codec-http2-4.1.19.Final.jar:/home/travis/build/icyphy/ptII/lib/netty-common-4.1.19.Final.jar:/home/travis/build/icyphy/ptII/lib/netty-handler-4.1.19.Final.jar:/home/travis/build/icyphy/ptII/lib/netty-resolver-4.1.19.Final.jar:/home/travis/build/icyphy/ptII/lib/netty-resolver-dns-4.1.19.Final.jar:/home/travis/build/icyphy/ptII/lib/netty-transport-4.1.19.Final.jar:/home/travis/build/icyphy/ptII/lib/vertx-codegen-3.5.1.jar:/home/travis/build/icyphy/ptII/lib/vertx-core-3.5.2-SNAPSHOT.jar:/home/travis/build/icyphy/ptII/lib/vertx-hazelcast-3.5.1.jar:/home/travis/build/icyphy/ptII/lib/vertx-lang-js-3.5.1.jar:/home/travis/build/icyphy/ptII/lib/vertx-service-proxy-3.5.1.jar:/home/travis/build/icyphy/ptII/lib/vertx-web-3.5.1.jar:/home/travis/build/icyphy/ptII/lib/slf4j-api-1.7.13.jar:/home/travis/build/icyphy/ptII/lib/slf4j-simple-1.7.13.jar:/home/travis/build/icyphy/ptII/lib/webcam-capture-0.3.12.jar:/home/travis/build/icyphy/ptII/lib/bridj-0.7.0.jar:/home/travis/build/icyphy/ptII/lib/xbjlib-1.1.0.nrjavaserial.jar" />
    <property name="test.batch" value="**/junit/*.java" />
    <property name="env._" value="/usr/bin/timeout" />
    <property name="java.io.tmpdir" value="/tmp" />
    <property name="user.language" value="en" />
    <property name="env.HISTCONTROL" value="ignoredups:ignorespace" />
    <property name="env.GOROOT" value="/home/travis/.gimme/versions/go1.7.4.linux.amd64" />
    <property name="line.separator" value="&#xa;" />
    <property name="target" value="1.8" />
    <property name="env.TRAVIS_BUILD_DIR" value="/home/travis/build/icyphy/ptII" />
    <property name="env.ANT_OPTS" value="-Xmx2048m" />
    <property name="ant.file.type" value="file" />
    <property name="ptolemy.ptII.batchMode" value="true" />
    <property name="env.HISTSIZE" value="1000" />
    <property name="env.MERB_ENV" value="test" />
    <property name="java.vm.info" value="mixed mode" />
    <property name="source" value="1.8" />
    <property name="java.vm.specification.name" value="Java Virtual Machine Specification" />
    <property name="env.TRAVIS_TEST_RESULT" value="0" />
    <property name="jsdoc.command" value="node_modules/@terraswarm/jsdoc/jsdoc.js" />
    <property name="npm.works" value="true" />
    <property name="cobertura.dir" value="/home/travis/build/icyphy/ptII/vendors/cobertura-2.0.3" />
    <property name="env.rvm_path" value="/home/travis/.rvm" />
    <property name="env.GEM_PATH" value="/home/travis/.rvm/gems/ruby-2.4.1:/home/travis/.rvm/gems/ruby-2.4.1@global" />
    <property name="env.LC_CTYPE" value="en_US.UTF-8" />
    <property name="java.awt.printerjob" value="sun.print.PSPrinterJob" />
    <property name="env.TRAVIS_STACK_NAME" value="garnet" />
    <property name="ant.version" value="Apache Ant(TM) version 1.10.1 compiled on February 2 2017" />
    <property name="ptII.reports" value="/home/travis/build/icyphy/ptII/reports" />
    <property name="env.TRAVIS_STACK_TIMESTAMP" value="2017-12-05 19:33:09 UTC" />
    <property name="ant.file.type.ptII" value="file" />
    <property name="env.RBENV_SHELL" value="bash" />
    <property name="os.name" value="Linux" />
    <property name="java.specification.vendor" value="Oracle Corporation" />
    <property name="env.rvm_version" value="1.29.3 (latest)" />
    <property name="env.TERM" value="xterm" />
    <property name="java.vm.name" value="Java HotSpot(TM) 64-Bit Server VM" />
    <property name="env.TRAVIS_BUILD_NUMBER" value="410" />
    <property name="env.CI" value="true" />
    <property name="java.library.path" value="/home/travis/pthla/certi-tools/lib:/usr/lib/jni:/usr/local/share/OpenCV/java/:/usr/share/OpenCV/java::/usr/java/packages/lib/amd64:/usr/lib64:/lib64:/lib:/usr/lib" />
    <property name="env.rvm_prefix" value="/home/travis" />
    <property name="env.PATH" value="/home/travis/pthla/certi-tools/share/scripts:/home/travis/.rvm/gems/ruby-2.4.1/bin:/home/travis/.rvm/gems/ruby-2.4.1@global/bin:/home/travis/.rvm/rubies/ruby-2.4.1/bin:/home/travis/.rvm/bin:/home/travis/.nvm/versions/node/v7.10.1/bin:./node_modules/.bin:/home/travis/build/icyphy/ptII/bin:/home/travis/pthla/certi-tools/bin:/home/travis/bin:/home/travis/.local/bin:/opt/pyenv/shims:/home/travis/.phpenv/shims:/home/travis/perl5/perlbrew/bin:/home/travis/.kiex/elixirs/elixir-1.4.5/bin:/home/travis/.kiex/bin:/home/travis/gopath/bin:/home/travis/.gimme/versions/go1.7.4.linux.amd64/bin:/usr/local/phantomjs/bin:/usr/local/phantomjs:/usr/local/neo4j-3.2.7/bin:/usr/local/maven-3.5.2/bin:/usr/local/cmake-3.9.2/bin:/usr/local/clang-5.0.0/bin:/usr/local/sbin:/usr/local/bin:/usr/sbin:/usr/bin:/sbin:/bin:/home/travis/.phpenv/bin:/opt/pyenv/bin:/home/travis/.yarn/bin" />
    <property name="env.TRAVIS_OS_NAME" value="linux" />
    <property name="ant.java.version" value="1.8" />
    <property name="basedir" value="/home/travis/build/icyphy/ptII" />
    <property name="java.class.version" value="52.0" />
    <property name="env.SHLVL" value="3" />
    <property name="env.LD_LIBRARY_PATH" value="/home/travis/pthla/certi-tools/lib:/usr/lib/jni:/usr/local/share/OpenCV/java/:/usr/share/OpenCV/java:" />
    <property name="env.RACK_ENV" value="test" />
    <property name="ant.home" value="/home/travis/build/icyphy/ptII/ant" />
    <property name="env.NVM_DIR" value="/home/travis/.nvm" />
    <property name="env.PERLBREW_BASHRC_VERSION" value="0.80" />
    <property name="env.CERTI_FOM_PATH" value="/home/travis/pthla/certi-tools/share/federations" />
    <property name="env.TRAVIS_BUILD_ID" value="377070374" />
    <property name="env.PYENV_ROOT" value="/opt/pyenv" />
    <property name="env.TRAVIS_UID" value="2000" />
    <property name="env.rvm_pretty_print_flag" value="auto" />
    <property name="env.NVM_BIN" value="/home/travis/.nvm/versions/node/v7.10.1/bin" />
    <property name="env.TRAVIS_COMMIT" value="a35e0c44513de30172a090eeb5d722d5b8cbec98" />
    <property name="env._system_arch" value="x86_64" />
    <property name="node.executable" value="node" />
    <property name="sun.boot.library.path" value="/usr/lib/jvm/java-8-oracle/jre/lib/amd64" />
    <property name="sun.management.compiler" value="HotSpot 64-Bit Tiered Compilers" />
    <property name="env.GOPATH" value="/home/travis/gopath" />
    <property name="java.awt.graphicsenv" value="sun.awt.X11GraphicsEnvironment" />
    <property name="ptolemy.ptII.dir" value="/home/travis/build/icyphy/ptII" />
    <property name="env.USER" value="travis" />
    <property name="env.HISTFILESIZE" value="2000" />
    <property name="timeout.longest" value="19000000" />
    <property name="env.TRAVIS_STACK_FEATURES" value="basic cassandra chromium couchdb disabled-ipv6 docker docker-compose elasticsearch firefox go-toolchain google-chrome jdk memcached mongodb mysql neo4j nodejs_interpreter perl_interpreter perlbrew phantomjs postgresql python_interpreter rabbitmq redis riak ruby_interpreter sqlite xserver" />
    <property name="env.TRAVIS_PULL_REQUEST" value="false" />
    <property name="env.PYENV_SHELL" value="bash" />
    <property name="ant.project.name" value="ptII" />
    <property name="java.vm.specification.version" value="1.8" />
    <property name="env.CERTI_VERSION" value="4.0.0" />
    <property name="env.NLSPATH" value="/usr/dt/lib/nls/msg/%L/%N.cat" />
    <property name="awt.toolkit" value="sun.awt.X11.XToolkit" />
    <property name="env.CERTI_HOST" value="localhost" />
    <property name="env.MY_RUBY_HOME" value="/home/travis/.rvm/rubies/ruby-2.4.1" />
    <property name="sun.cpu.isalist" value="" />
    <property name="java.ext.dirs" value="/usr/lib/jvm/java-8-oracle/jre/lib/ext:/usr/java/packages/lib/ext" />
    <property name="os.version" value="4.4.0-101-generic" />
    <property name="user.home" value="/home/travis" />
    <property name="env.MIX_ARCHIVES" value="/home/travis/.kiex/mix/elixir-1.4.5" />
    <property name="java.vm.vendor" value="Oracle Corporation" />
    <property name="env.TRAVIS_TAG" value="nightly" />
    <property name="env.TRAVIS_FILTERED" value="pty" />
    <property name="env.PTII" value="/home/travis/build/icyphy/ptII" />
    <property name="env.JAVA_HOME" value="/usr/lib/jvm/java-8-oracle" />
    <property name="javadoc.excludepackagenames" value="adm.cvs2svn.*,build.*,config.*,doc.coding.templates.*,jni.test.jni.meaningOfLife.*,jni.test.jni.testDeux.*,jni.test.jni.testTrois.*,org.terraswarm.accessor.accessors.web.node_modules.*,org.terraswarm.accessor.accessors.web.hosts.cordova.demo.*,org.terraswarm.accessor.accessors.web.hosts.cordova.plugins.*,org.terraswarm.accessor.accessors-svn.*,pt-modules.*,ptolemy.apps.agilent.*,ptolemy.apps.anytimecontrol.*,ptolemy.apps.apes.*,ptolemy.apps.charon.*,ptolemy.apps.crazyboard.*,ptolemy.apps.eclipse.*,ptolemy.apps.etherealSting.*,ptolemy.apps.fullscreen.*,ptolemy.apps.giotto.*,ptolemy.apps.ia.*,ptolemy.apps.interfaces.*,ptolemy.apps.jmf.*,ptolemy.apps.kurt.*,ptolemy.apps.kvm.*,ptolemy.apps.lego.*,ptolemy.apps.lejos.*,ptolemy.apps.midp.*,ptolemy.apps.mobileCoding.*,ptolemy.apps.pendulum.*,ptolemy.apps.rijndael.*,ptolemy.apps.robot.*,ptolemy.apps.security.*,ptolemy.apps.sobel.*,ptolemy.apps.soot.*,ptolemy.apps.throttle.*,ptolemy.apps.tini.*,ptolemy.apps.transmission.*,ptolemy.apps.vergil.*,ptolemy.apps.waba.*,ptolemy.apps.websensor.*,ptolemy.apps.webstart.*,ptolemy.apps.xsl.*,ptolemy.apps.zaurus.*,ptolemy.backtrack.eclipse.plugin.*,ptolemy.backtrack.test.*,ptolemy.codegen.c.actor.lib.oldJavaFiles.*,ptolemy.codegen.dsp.lib.*,ptolemy.codegen.kernel.newInterfaces.*,ptolemy.codegen.lib.*,ptolemy.copernicus.kernel.fragment.*,ptolemy.copernicus.shallow.cg.*,ptolemy.domains.giotto.demo.Hierarchy.Hierarchy.*,ptolemy.domains.giotto.demo.Multimode.Multimode.*,ptolemy.domains.giotto.demo.Simple.Simple.*,ptolemy.domains.gr.lib.experimental.*,ptolemy.domains.gro.*,ptolemy.domains.pdf.*,ptolemy.domains.ptinyos.demo.Surge.output.*,ptolemy.moml.test.NoPackageActor.java*,ptolemy.plot.adm.*,ptolemy.plot.servlet.*,reports.*,signed.*,src.*,target.*,vendors.*,ptolemy.copernicus.applet.*,ptolemy.media.viewer.*,ptolemy.cg.adapter.generic.program.procedural.c.mbed*,ptolemy.actor.lib.fmi.fmus.omc*,ptolemy.domains.openmodelica*,ptdb.kernel.bl.save.test.*,ptdb.kernel.bl.load.test.*,ptdb.kernel.bl.search.test.*,ptdb.kernel.bl.migration.test.*,ptdb.kernel.database.test.*,ptdb.test.*,ptdb.gui.test.*,org.ptolemy.scala.*,diva.util.java2d.svg.*,ptolemy.domains.ptinyos.*,ptolemy.actor.lib.fmi.fmipp.*,,org.terraswarm.accessor.accessors.web.node_modules.*,org.terraswarm.accessor.accessors-svn,ptolemy.actor.ptalon.demo.ptinyos.SendAndReceiveCnt.output,ptolemy.actor.ptalon.demo.ptinyos.SenseToLeds.output,ptolemy.domains.ptinyos.demo.CntToLedsAndRfm.output,ptolemy.domains.ptinyos.demo.RfmToLeds.output,ptolemy.domains.ptinyos.demo.SendAndReceiveCnt.output,ptolemy.domains.ptinyos.demo.SenseToLeds.output" />
    <property name="env.TRAVIS_COMMIT_MESSAGE" value="Fixed typo: missing $ from last change." />
    <property name="keystore" value="ptKeystore" />
    <property name="env.XDG_SESSION_ID" value="2" />
    <property name="junit.output.dir" value="/home/travis/build/icyphy/ptII/reports/junit" />
    <property name="npm.return.code" value="0" />
    <property name="user.dir" value="/home/travis/build/icyphy/ptII/ptolemy/domains/de/test" />
    <property name="env.XFILESEARCHPATH" value="/usr/dt/app-defaults/%L/Dt" />
    <property name="env.TRAVIS_NODE_VERSION" value="7" />
    <property name="env.TRAVIS_EVENT_TYPE" value="push" />
    <property name="env.MAIL" value="/var/mail/travis" />
    <property name="env.PWD" value="/home/travis/build/icyphy/ptII" />
    <property name="env.PERLBREW_ROOT" value="/home/travis/perl5/perlbrew" />
    <property name="timeout.npm" value="45000" />
    <property name="env.PT_TRAVIS_TEST_CORE2_XML" value="true" />
    <property name="env.PAGER" value="cat" />
    <property name="sun.cpu.endian" value="little" />
    <property name="env.TRAVIS_BUILD_STAGE_NAME" value="Test" />
    <property name="env.PERLBREW_HOME" value="/home/travis/.perlbrew" />
    <property name="java.vm.version" value="25.151-b12" />
    <property name="env.RAILS_ENV" value="test" />
    <property name="java.class.path" value="/home/travis/build/icyphy/ptII:/home/travis/build/icyphy/ptII/lib/bsh-2.0b4.jar:/home/travis/build/icyphy/ptII/lib/ptCal.jar:/home/travis/build/icyphy/ptII/lib/java_cup.jar:/home/travis/build/icyphy/ptII/lib/saxon8.jar:/home/travis/build/icyphy/ptII/lib/saxon8-dom.jar:/home/travis/build/icyphy/ptII/lib/chic.jar:/home/travis/build/icyphy/ptII/lib/ptcolt.jar:/usr/lib/jvm/java-8-oracle/lib/tools.jar:/usr/lib/eclipse/plugins/org.eclipse.jdt.core_3.8.2.dist.jar:/usr/lib/eclipse/plugins/org.eclipse.core.runtime_3.8.0.dist.jar:/usr/lib/eclipse/plugins/org.eclipse.osgi_3.8.1.dist.jar:/usr/lib/eclipse/plugins/org.eclipse.core.resources_3.8.1.dist.jar:/usr/lib/eclipse/plugins/org.eclipse.equinox.common_3.6.100.dist.jar:/usr/lib/eclipse/plugins/org.eclipse.core.jobs_3.5.200.dist.jar:/usr/lib/eclipse/plugins/org.eclipse.core.contenttype_3.4.200.dist.jar:/usr/lib/eclipse/plugins/org.eclipse.equinox.preferences_3.5.0.dist.jar:/usr/lib/eclipse/plugins/org.eclipse.text_3.5.200.dist.jar:/usr/lib/eclipse/plugins/org.eclipse.ui.workbench_3.8.1.dist.jar:/usr/lib/eclipse/plugins/org.eclipse.jface_3.8.0.dist.jar:/usr/lib/eclipse/plugins/org.eclipse.swt_3.8.2.jar:/usr/lib/eclipse/plugins/org.eclipse.jface.text_3.8.1.dist.jar:/usr/lib/eclipse/plugins/org.eclipse.ui.workbench.texteditor_3.8.0.dist.jar:/usr/lib/eclipse/plugins/org.eclipse.ui.editors_3.8.0.dist.jar:/usr/lib/eclipse/plugins/org.eclipse.core.commands_3.6.1.dist.jar:/usr/lib/eclipse/plugins/org.eclipse.equinox.registry_3.5.200.dist.jar:/usr/lib/eclipse/plugins/org.eclipse.ui.console_3.5.100.dist.jar:/usr/lib/eclipse/plugins/org.eclipse.ui.forms_3.5.200.dist.jar:/usr/lib/eclipse/plugins/org.eclipse.ui.ide_3.8.1.dist.jar:/home/travis/build/icyphy/ptII/vendors/oracle/dbxml.jar:/home/travis/build/icyphy/ptII/vendors/oracle/db.jar:/home/travis/build/icyphy/ptII/vendors/misc/itext/iText.jar:/home/travis/build/icyphy/ptII/lib/g4ltl.jar:/home/travis/build/icyphy/ptII/lib/StructuralCoder.jar:/home/travis/build/icyphy/ptII/lib/org-openide-util.jar:/home/travis/build/icyphy/ptII/lib/org-openide-util-lookup.jar:/home/travis/build/icyphy/ptII/lib/org-netbeans-api-visual.jar:/home/travis/build/icyphy/ptII/vendors/jai-1_1_2_01/lib/jai_core.jar:/home/travis/build/icyphy/ptII/vendors/jai-1_1_2_01/lib/jai_codec.jar:/home/travis/build/icyphy/ptII/lib/jcerti.jar:/home/travis/build/icyphy/ptII/lib/smack.jar:/home/travis/build/icyphy/ptII/lib/smackx.jar:/home/travis/build/icyphy/ptII/lib/jetty-all-8.1.5-v20120716.jar:/home/travis/build/icyphy/ptII/lib/javax.servlet-api-3.0.1.jar:/home/travis/build/icyphy/ptII/lib/javax.mail.jar:/home/travis/build/icyphy/ptII/vendors/JMF-2.1.1e/lib/jmf.jar:/home/travis/build/icyphy/ptII/lib/jna-4.0.0-variadic.jar:/home/travis/build/icyphy/ptII/vendors/misc/joystick/Joystick.jar:/home/travis/build/icyphy/ptII/lib/ptjacl.jar:/home/travis/build/icyphy/ptII/lib/jsoup-1.8.2.jar:/home/travis/build/icyphy/ptII/lib/junit-4.8.2.jar:/home/travis/build/icyphy/ptII/lib/JUnitParams-0.4.0.jar:/home/travis/build/icyphy/ptII/ptolemy/actor/lib/excel/jxl.jar:/home/travis/build/icyphy/ptII/lib/jython.jar:/home/travis/build/icyphy/ptII/lib/kieler.jar:/home/travis/build/icyphy/ptII/vendors/opencv/share/OpenCV/java/opencv-341.jar:/home/travis/build/icyphy/ptII/lib/oscP5.jar:/home/travis/build/icyphy/ptII/lib/nrjavaserial-3.11.0.devel.jar:/usr/share/java/j3dcore.jar:/usr/share/java/j3dutils.jar:/usr/share/java/vecmath.jar:/home/travis/build/icyphy/ptII/ptolemy/distributed/jini/jar/jini-core.jar:/home/travis/build/icyphy/ptII/ptolemy/distributed/jini/jar/jini-ext.jar:/home/travis/build/icyphy/ptII/ptolemy/distributed/jini/jar/sun-util.jar:/home/travis/build/icyphy/ptII/lib/protobuf-java-2.4.1.jar:/home/travis/build/icyphy/ptII/lib/org.eclipse.paho.client.mqttv3.jar:/home/travis/build/icyphy/ptII/ptserver/lib/hessian-4.0.7.jar:/home/travis/build/icyphy/ptII/ptserver/lib/wmqtt.jar:/home/travis/build/icyphy/ptII/lib/mapss.jar:/home/travis/build/icyphy/ptII/ptolemy/actor/ptalon/antlr/antlr.jar:/home/travis/build/icyphy/ptII/lib/JRI.jar:/home/travis/build/icyphy/ptII/lib/commons-lang-2.6.jar:/home/travis/build/icyphy/ptII/lib/commons-logging-1.1.1.jar:/home/travis/build/icyphy/ptII/lib/sootclasses.jar:/home/travis/build/icyphy/ptII/ptolemy/actor/lib/database/mysql-connector-java-5.1.6-bin.jar:/home/travis/build/icyphy/ptII/vendors/misc/sphinx4/sphinx4-data-5prealpha.jar:/home/travis/build/icyphy/ptII/vendors/misc/sphinx4/sphinx4-core-5prealpha.jar:/home/travis/build/icyphy/ptII/lib/PDFRenderer.jar:/home/travis/build/icyphy/ptII/lib/svgSalamander.jar:/home/travis/build/icyphy/ptII/lib/rsyntaxtextarea-2.6.0-SNAPSHOT.jar:/home/travis/build/icyphy/ptII/lib/hazelcast-3.8.2.jar:/home/travis/build/icyphy/ptII/lib/jackson-annotations-2.9.0.jar:/home/travis/build/icyphy/ptII/lib/jackson-core-2.9.3.jar:/home/travis/build/icyphy/ptII/lib/jackson-databind-2.9.3.jar:/home/travis/build/icyphy/ptII/lib/netty-buffer-4.1.19.Final.jar:/home/travis/build/icyphy/ptII/lib/netty-codec-4.1.19.Final.jar:/home/travis/build/icyphy/ptII/lib/netty-codec-dns-4.1.19.Final.jar:/home/travis/build/icyphy/ptII/lib/netty-codec-http-4.1.19.Final.jar:/home/travis/build/icyphy/ptII/lib/netty-codec-http2-4.1.19.Final.jar:/home/travis/build/icyphy/ptII/lib/netty-common-4.1.19.Final.jar:/home/travis/build/icyphy/ptII/lib/netty-handler-4.1.19.Final.jar:/home/travis/build/icyphy/ptII/lib/netty-resolver-4.1.19.Final.jar:/home/travis/build/icyphy/ptII/lib/netty-resolver-dns-4.1.19.Final.jar:/home/travis/build/icyphy/ptII/lib/netty-transport-4.1.19.Final.jar:/home/travis/build/icyphy/ptII/lib/vertx-codegen-3.5.1.jar:/home/travis/build/icyphy/ptII/lib/vertx-core-3.5.2-SNAPSHOT.jar:/home/travis/build/icyphy/ptII/lib/vertx-hazelcast-3.5.1.jar:/home/travis/build/icyphy/ptII/lib/vertx-lang-js-3.5.1.jar:/home/travis/build/icyphy/ptII/lib/vertx-service-proxy-3.5.1.jar:/home/travis/build/icyphy/ptII/lib/vertx-web-3.5.1.jar:/home/travis/build/icyphy/ptII/lib/slf4j-api-1.7.13.jar:/home/travis/build/icyphy/ptII/lib/slf4j-simple-1.7.13.jar:/home/travis/build/icyphy/ptII/lib/webcam-capture-0.3.12.jar:/home/travis/build/icyphy/ptII/lib/bridj-0.7.0.jar:/home/travis/build/icyphy/ptII/lib/xbjlib-1.1.0.nrjavaserial.jar:/home/travis/build/icyphy/ptII/ptolemy/moml/test:/home/travis/build/icyphy/ptII/ant/lib/ant-launcher.jar:/home/travis/build/icyphy/ptII/ant/lib/ant.jar:/home/travis/build/icyphy/ptII/ant/lib/ant-junit.jar:/home/travis/build/icyphy/ptII/ant/lib/ant-junit4.jar" />
    <property name="ant.library.dir" value="/home/travis/build/icyphy/ptII/ant/lib" />
    <property name="os.arch" value="amd64" />
    <property name="env.TRAVIS_LANGUAGE" value="node_js" />
    <property name="env.CONTINUOUS_INTEGRATION" value="true" />
    <property name="env.TRAVIS_STACK_LANGUAGES" value="__garnet__ c c++ clojure cplusplus cpp default go groovy java node_js php pure_java python ruby scala" />
    <property name="test.name" value="ptolemy.actor.lib.test.junit.JUnitTclTest" />
    <property name="sun.java.launcher" value="SUN_STANDARD" />
    <property name="env.PYTHON_CONFIGURE_OPTS" value="--enable-unicode=ucs4 --with-wide-unicode --enable-shared --enable-ipv6 --enable-loadable-sqlite-extensions --with-computed-gotos" />
    <property name="ant.core.lib" value="/home/travis/build/icyphy/ptII/ant/lib/ant.jar" />
    <property name="java.vm.specification.vendor" value="Oracle Corporation" />
    <property name="env.BCVTB_HOME" value="/home/travis/build/icyphy/ptII/lbnl" />
    <property name="file.separator" value="/" />
    <property name="spotbugs.home" value="/home/travis/build/icyphy/ptII/vendors/spotbugs-3.1.1" />
    <property name="java.runtime.version" value="1.8.0_151-b12" />
    <property name="sun.boot.class.path" value="/usr/lib/jvm/java-8-oracle/jre/lib/resources.jar:/usr/lib/jvm/java-8-oracle/jre/lib/rt.jar:/usr/lib/jvm/java-8-oracle/jre/lib/sunrsasign.jar:/usr/lib/jvm/java-8-oracle/jre/lib/jsse.jar:/usr/lib/jvm/java-8-oracle/jre/lib/jce.jar:/usr/lib/jvm/java-8-oracle/jre/lib/charsets.jar:/usr/lib/jvm/java-8-oracle/jre/lib/jfr.jar:/usr/lib/jvm/java-8-oracle/jre/classes" />
    <property name="env.HAS_JOSH_K_SEAL_OF_APPROVAL" value="true" />
    <property name="env.TRAVIS_OSX_IMAGE" value="" />
    <property name="env.XDG_RUNTIME_DIR" value="/run/user/2000" />
    <property name="env.TRAVIS_BRANCH" value="master" />
    <property name="env.TRAVIS_JOB_ID" value="377070381" />
    <property name="user.country" value="US" />
    <property name="env.CERTI_HOME_TRAVIS" value="/home/travis/pthla/certi-tools" />
    <property name="env.SHELL" value="/bin/bash" />
    <property name="java.maxmemory.large" value="5000m" />
    <property name="model" value="" />
    <property name="env.CASHER_DIR" value="/home/travis/.casher" />
    <property name="env.NVM_CD_FLAGS" value="" />
    <property name="jshint.executable" value="/home/travis/node_modules/jshint/bin/jshint" />
    <property name="java.vendor" value="Oracle Corporation" />
    <property name="env.JRUBY_OPTS" value=" --client -J-XX:+TieredCompilation -J-XX:TieredStopAtLevel=1 -J-Xss2m -Xcompile.invokedynamic=false" />
    <property name="env.TRAVIS_PRE_CHEF_BOOTSTRAP_TIME" value="2017-12-05T19:32:55" />
    <property name="env.ELIXIR_VERSION" value="1.4.5" />
    <property name="env.TRAVIS_STACK_JOB_BOARD_REGISTER" value="/.job-board-register.yml" />
    <property name="java.specification.version" value="1.8" />
    <property name="env.IRBRC" value="/home/travis/.rvm/rubies/ruby-2.4.1/.irbrc" />
    <property name="env.TRAVIS" value="true" />
    <property name="sun.arch.data.model" value="64" />
  </properties>
  <testcase classname="ptolemy.util.test.junit.TclTests" name="[0] /home/travis/build/icyphy/ptII/ptolemy/domains/de/test/DependencyLoop.tcl (RunTclFile)" time="0.902" />
  <testcase classname="ptolemy.util.test.junit.TclTests" name="[1] /home/travis/build/icyphy/ptII/ptolemy/domains/de/test/RunDETestsAsQSS.tcl (RunTclFile)" time="102.455" />
  <testcase classname="ptolemy.util.test.junit.AutoKnownFailedTests" name="[0] /home/travis/build/icyphy/ptII/ptolemy/domains/de/test/auto/knownFailedTests/DESDFClockTest.xml (RunModel)" time="2.03" />
  <testcase classname="ptolemy.util.test.junit.AutoKnownFailedTests" name="[1] /home/travis/build/icyphy/ptII/ptolemy/domains/de/test/auto/knownFailedTests/DirectFeedback.xml (RunModel)" time="0.012" />
  <testcase classname="ptolemy.util.test.junit.AutoKnownFailedTests" name="[2] /home/travis/build/icyphy/ptII/ptolemy/domains/de/test/auto/knownFailedTests/FSMSource.xml (RunModel)" time="0.024" />
  <testcase classname="ptolemy.util.test.junit.AutoKnownFailedTests" name="[3] /home/travis/build/icyphy/ptII/ptolemy/domains/de/test/auto/knownFailedTests/HierarchicalModel.xml (RunModel)" time="0.035" />
  <testcase classname="ptolemy.util.test.junit.AutoKnownFailedTests" name="[4] /home/travis/build/icyphy/ptII/ptolemy/domains/de/test/auto/knownFailedTests/dependencyLoop.xml (RunModel)" time="0.035" />
  <testcase classname="ptolemy.util.test.junit.AutoKnownFailedTests" name="[5] /home/travis/build/icyphy/ptII/ptolemy/domains/de/test/auto/knownFailedTests/dependencyLoop2.xml (RunModel)" time="0.047" />
  <testcase classname="ptolemy.util.test.junit.AutoNameArchTests" name="[0] ThereAreNoAutoTests (RunModel)" time="0.0" />
  <testcase classname="ptolemy.util.test.junit.AutoTests" name="[0] /home/travis/build/icyphy/ptII/ptolemy/domains/de/test/auto/ActorDepthCalculation_actorWithoutPorts.xml (RunModel)" time="0.011" />
  <testcase classname="ptolemy.util.test.junit.AutoTests" name="[1] /home/travis/build/icyphy/ptII/ptolemy/domains/de/test/auto/AssemblyLine.xml (RunModel)" time="0.021" />
  <testcase classname="ptolemy.util.test.junit.AutoTests" name="[2] /home/travis/build/icyphy/ptII/ptolemy/domains/de/test/auto/CQBug1.xml (RunModel)" time="0.008" />
  <testcase classname="ptolemy.util.test.junit.AutoTests" name="[3] /home/travis/build/icyphy/ptII/ptolemy/domains/de/test/auto/CancelFireAt.xml (RunModel)" time="0.011" />
  <testcase classname="ptolemy.util.test.junit.AutoTests" name="[4] /home/travis/build/icyphy/ptII/ptolemy/domains/de/test/auto/CausalityAndComposabilityAnalysis.xml (RunModel)" time="0.01" />
  <testcase classname="ptolemy.util.test.junit.AutoTests" name="[5] /home/travis/build/icyphy/ptII/ptolemy/domains/de/test/auto/CausalityInterface1.xml (RunModel)" time="0.01" />
  <testcase classname="ptolemy.util.test.junit.AutoTests" name="[6] /home/travis/build/icyphy/ptII/ptolemy/domains/de/test/auto/CausalityInterface15.xml (RunModel)" time="0.011" />
  <testcase classname="ptolemy.util.test.junit.AutoTests" name="[7] /home/travis/build/icyphy/ptII/ptolemy/domains/de/test/auto/CausalityInterface2.xml (RunModel)" time="0.009" />
  <testcase classname="ptolemy.util.test.junit.AutoTests" name="[8] /home/travis/build/icyphy/ptII/ptolemy/domains/de/test/auto/CausalityInterface3.xml (RunModel)" time="0.011" />
  <testcase classname="ptolemy.util.test.junit.AutoTests" name="[9] /home/travis/build/icyphy/ptII/ptolemy/domains/de/test/auto/ClockDrift.xml (RunModel)" time="0.031" />
  <testcase classname="ptolemy.util.test.junit.AutoTests" name="[10] /home/travis/build/icyphy/ptII/ptolemy/domains/de/test/auto/ClockDriftAndValueChange.xml (RunModel)" time="0.029" />
  <testcase classname="ptolemy.util.test.junit.AutoTests" name="[11] /home/travis/build/icyphy/ptII/ptolemy/domains/de/test/auto/ClockDriftChange.xml (RunModel)" time="0.025" />
  <testcase classname="ptolemy.util.test.junit.AutoTests" name="[12] /home/travis/build/icyphy/ptII/ptolemy/domains/de/test/auto/ComposableCausalityAnalysis.xml (RunModel)" time="0.016" />
  <testcase classname="ptolemy.util.test.junit.AutoTests" name="[13] /home/travis/build/icyphy/ptII/ptolemy/domains/de/test/auto/DEFixedPointLimitation.xml (RunModel)" time="0.007" />
  <testcase classname="ptolemy.util.test.junit.AutoTests" name="[14] /home/travis/build/icyphy/ptII/ptolemy/domains/de/test/auto/DEScheduleTest.xml (RunModel)" time="0.009" />
  <testcase classname="ptolemy.util.test.junit.AutoTests" name="[15] /home/travis/build/icyphy/ptII/ptolemy/domains/de/test/auto/DEinDEwithStartTimes.xml (RunModel)" time="0.013" />
  <testcase classname="ptolemy.util.test.junit.AutoTests" name="[16] /home/travis/build/icyphy/ptII/ptolemy/domains/de/test/auto/DEinDEwithStartTimes2.xml (RunModel)" time="0.015" />
  <testcase classname="ptolemy.util.test.junit.AutoTests" name="[17] /home/travis/build/icyphy/ptII/ptolemy/domains/de/test/auto/DateDemo.xml (RunModel)" time="0.036" />
  <testcase classname="ptolemy.util.test.junit.AutoTests" name="[18] /home/travis/build/icyphy/ptII/ptolemy/domains/de/test/auto/DateToEvent.xml (RunModel)" time="2.042" />
  <testcase classname="ptolemy.util.test.junit.AutoTests" name="[19] /home/travis/build/icyphy/ptII/ptolemy/domains/de/test/auto/DepthTest1.xml (RunModel)" time="0.015" />
  <testcase classname="ptolemy.util.test.junit.AutoTests" name="[20] /home/travis/build/icyphy/ptII/ptolemy/domains/de/test/auto/DepthTest2.xml (RunModel)" time="0.022" />
  <testcase classname="ptolemy.util.test.junit.AutoTests" name="[21] /home/travis/build/icyphy/ptII/ptolemy/domains/de/test/auto/DepthTest3.xml (RunModel)" time="0.009" />
  <testcase classname="ptolemy.util.test.junit.AutoTests" name="[22] /home/travis/build/icyphy/ptII/ptolemy/domains/de/test/auto/DepthTest4.xml (RunModel)" time="0.016" />
  <testcase classname="ptolemy.util.test.junit.AutoTests" name="[23] /home/travis/build/icyphy/ptII/ptolemy/domains/de/test/auto/DepthTest5.xml (RunModel)" time="0.017" />
  <testcase classname="ptolemy.util.test.junit.AutoTests" name="[24] /home/travis/build/icyphy/ptII/ptolemy/domains/de/test/auto/DepthTest6.xml (RunModel)" time="0.016" />
  <testcase classname="ptolemy.util.test.junit.AutoTests" name="[25] /home/travis/build/icyphy/ptII/ptolemy/domains/de/test/auto/DepthTest7.xml (RunModel)" time="0.019" />
  <testcase classname="ptolemy.util.test.junit.AutoTests" name="[26] /home/travis/build/icyphy/ptII/ptolemy/domains/de/test/auto/EventToDate.xml (RunModel)" time="3.047" />
  <testcase classname="ptolemy.util.test.junit.AutoTests" name="[27] /home/travis/build/icyphy/ptII/ptolemy/domains/de/test/auto/FSM1.xml (RunModel)" time="0.039" />
  <testcase classname="ptolemy.util.test.junit.AutoTests" name="[28] /home/travis/build/icyphy/ptII/ptolemy/domains/de/test/auto/FSM7.xml (RunModel)" time="0.047" />
  <testcase classname="ptolemy.util.test.junit.AutoTests" name="[29] /home/travis/build/icyphy/ptII/ptolemy/domains/de/test/auto/Inspection.xml (RunModel)" time="0.061" />
  <testcase classname="ptolemy.util.test.junit.AutoTests" name="[30] /home/travis/build/icyphy/ptII/ptolemy/domains/de/test/auto/Iteration.xml (RunModel)" time="0.034" />
  <testcase classname="ptolemy.util.test.junit.AutoTests" name="[31] /home/travis/build/icyphy/ptII/ptolemy/domains/de/test/auto/LineFault.xml (RunModel)" time="1.013" />
  <testcase classname="ptolemy.util.test.junit.AutoTests" name="[32] /home/travis/build/icyphy/ptII/ptolemy/domains/de/test/auto/MergeModel1Add.xml (RunModel)" time="0.069" />
  <testcase classname="ptolemy.util.test.junit.AutoTests" name="[33] /home/travis/build/icyphy/ptII/ptolemy/domains/de/test/auto/MergeModel2Add.xml (RunModel)" time="0.064" />
  <testcase classname="ptolemy.util.test.junit.AutoTests" name="[34] /home/travis/build/icyphy/ptII/ptolemy/domains/de/test/auto/MergeModel3Add.xml (RunModel)" time="0.06" />
  <testcase classname="ptolemy.util.test.junit.AutoTests" name="[35] /home/travis/build/icyphy/ptII/ptolemy/domains/de/test/auto/MergeWithoutDiscard.xml (RunModel)" time="0.014" />
  <testcase classname="ptolemy.util.test.junit.AutoTests" name="[36] /home/travis/build/icyphy/ptII/ptolemy/domains/de/test/auto/Modal1.xml (RunModel)" time="0.036" />
  <testcase classname="ptolemy.util.test.junit.AutoTests" name="[37] /home/travis/build/icyphy/ptII/ptolemy/domains/de/test/auto/Modal2.xml (RunModel)" time="0.039" />
  <testcase classname="ptolemy.util.test.junit.AutoTests" name="[38] /home/travis/build/icyphy/ptII/ptolemy/domains/de/test/auto/Modal3.xml (RunModel)" time="0.04" />
  <testcase classname="ptolemy.util.test.junit.AutoTests" name="[39] /home/travis/build/icyphy/ptII/ptolemy/domains/de/test/auto/Modal4.xml (RunModel)" time="0.039" />
  <testcase classname="ptolemy.util.test.junit.AutoTests" name="[40] /home/travis/build/icyphy/ptII/ptolemy/domains/de/test/auto/Modal5.xml (RunModel)" time="0.039" />
  <testcase classname="ptolemy.util.test.junit.AutoTests" name="[41] /home/travis/build/icyphy/ptII/ptolemy/domains/de/test/auto/Modal6.xml (RunModel)" time="0.038" />
  <testcase classname="ptolemy.util.test.junit.AutoTests" name="[42] /home/travis/build/icyphy/ptII/ptolemy/domains/de/test/auto/Modal7.xml (RunModel)" time="0.04" />
  <testcase classname="ptolemy.util.test.junit.AutoTests" name="[43] /home/travis/build/icyphy/ptII/ptolemy/domains/de/test/auto/ModalModel.xml (RunModel)" time="0.274" />
  <testcase classname="ptolemy.util.test.junit.AutoTests" name="[44] /home/travis/build/icyphy/ptII/ptolemy/domains/de/test/auto/ModalSource.xml (RunModel)" time="0.024" />
  <testcase classname="ptolemy.util.test.junit.AutoTests" name="[45] /home/travis/build/icyphy/ptII/ptolemy/domains/de/test/auto/NonInterruptibleTimerZeroDelay.xml (RunModel)" time="0.013" />
  <testcase classname="ptolemy.util.test.junit.AutoTests" name="[46] /home/travis/build/icyphy/ptII/ptolemy/domains/de/test/auto/OpenQueueingNetwork.xml (RunModel)" time="3.235" />
  <testcase classname="ptolemy.util.test.junit.AutoTests" name="[47] /home/travis/build/icyphy/ptII/ptolemy/domains/de/test/auto/OpenQueuingNetwork.xml (RunModel)" time="0.321" />
  <testcase classname="ptolemy.util.test.junit.AutoTests" name="[48] /home/travis/build/icyphy/ptII/ptolemy/domains/de/test/auto/PeriodicSampler.xml (RunModel)" time="0.008" />
  <testcase classname="ptolemy.util.test.junit.AutoTests" name="[49] /home/travis/build/icyphy/ptII/ptolemy/domains/de/test/auto/PersistentIO.xml (RunModel)" time="0.025" />
  <testcase classname="ptolemy.util.test.junit.AutoTests" name="[50] /home/travis/build/icyphy/ptII/ptolemy/domains/de/test/auto/PortParameterResetOnInitialize.xml (RunModel)" time="0.012" />
  <testcase classname="ptolemy.util.test.junit.AutoTests" name="[51] /home/travis/build/icyphy/ptII/ptolemy/domains/de/test/auto/PortParameterUpdates.xml (RunModel)" time="0.019" />
  <testcase classname="ptolemy.util.test.junit.AutoTests" name="[52] /home/travis/build/icyphy/ptII/ptolemy/domains/de/test/auto/QueueAndServer.xml (RunModel)" time="0.027" />
  <testcase classname="ptolemy.util.test.junit.AutoTests" name="[53] /home/travis/build/icyphy/ptII/ptolemy/domains/de/test/auto/Records.xml (RunModel)" time="0.017" />
  <testcase classname="ptolemy.util.test.junit.AutoTests" name="[54] /home/travis/build/icyphy/ptII/ptolemy/domains/de/test/auto/ResetTransitionWithStartTime1.xml (RunModel)" time="0.027" />
  <testcase classname="ptolemy.util.test.junit.AutoTests" name="[55] /home/travis/build/icyphy/ptII/ptolemy/domains/de/test/auto/ResetTransitionWithStartTime2.xml (RunModel)" time="0.022" />
  <testcase classname="ptolemy.util.test.junit.AutoTests" name="[56] /home/travis/build/icyphy/ptII/ptolemy/domains/de/test/auto/ResetTransitionWithStartTime3.xml (RunModel)" time="0.026" />
  <testcase classname="ptolemy.util.test.junit.AutoTests" name="[57] /home/travis/build/icyphy/ptII/ptolemy/domains/de/test/auto/ResetTransitionWithStartTime4.xml (RunModel)" time="0.023" />
  <testcase classname="ptolemy.util.test.junit.AutoTests" name="[58] /home/travis/build/icyphy/ptII/ptolemy/domains/de/test/auto/ResettableTimer1.xml (RunModel)" time="0.015" />
  <testcase classname="ptolemy.util.test.junit.AutoTests" name="[59] /home/travis/build/icyphy/ptII/ptolemy/domains/de/test/auto/ResettableTimer2.xml (RunModel)" time="0.013" />
  <testcase classname="ptolemy.util.test.junit.AutoTests" name="[60] /home/travis/build/icyphy/ptII/ptolemy/domains/de/test/auto/ResettableTimer3.xml (RunModel)" time="0.011" />
  <testcase classname="ptolemy.util.test.junit.AutoTests" name="[61] /home/travis/build/icyphy/ptII/ptolemy/domains/de/test/auto/ResettableTimer4.xml (RunModel)" time="0.012" />
  <testcase classname="ptolemy.util.test.junit.AutoTests" name="[62] /home/travis/build/icyphy/ptII/ptolemy/domains/de/test/auto/ResettableTimer5.xml (RunModel)" time="0.013" />
  <testcase classname="ptolemy.util.test.junit.AutoTests" name="[63] /home/travis/build/icyphy/ptII/ptolemy/domains/de/test/auto/ResettableTimer6.xml (RunModel)" time="0.014" />
  <testcase classname="ptolemy.util.test.junit.AutoTests" name="[64] /home/travis/build/icyphy/ptII/ptolemy/domains/de/test/auto/ServerZeroDelay.xml (RunModel)" time="0.013" />
  <testcase classname="ptolemy.util.test.junit.AutoTests" name="[65] /home/travis/build/icyphy/ptII/ptolemy/domains/de/test/auto/SmartSender.xml (RunModel)" time="3.011" />
  <testcase classname="ptolemy.util.test.junit.AutoTests" name="[66] /home/travis/build/icyphy/ptII/ptolemy/domains/de/test/auto/ThreadedComposite.xml (RunModel)" time="0.281" />
  <testcase classname="ptolemy.util.test.junit.AutoTests" name="[67] /home/travis/build/icyphy/ptII/ptolemy/domains/de/test/auto/Time.xml (RunModel)" time="0.77" />
  <testcase classname="ptolemy.util.test.junit.AutoTests" name="[68] /home/travis/build/icyphy/ptII/ptolemy/domains/de/test/auto/TimeDelayZeroDelay.xml (RunModel)" time="0.017" />
  <testcase classname="ptolemy.util.test.junit.AutoTests" name="[69] /home/travis/build/icyphy/ptII/ptolemy/domains/de/test/auto/TimerZeroDelay.xml (RunModel)" time="0.013" />
  <testcase classname="ptolemy.util.test.junit.AutoTests" name="[70] /home/travis/build/icyphy/ptII/ptolemy/domains/de/test/auto/TimingParadox.xml (RunModel)" time="0.456" />
  <testcase classname="ptolemy.util.test.junit.AutoTests" name="[71] /home/travis/build/icyphy/ptII/ptolemy/domains/de/test/auto/TransferInputs.xml (RunModel)" time="0.011" />
  <testcase classname="ptolemy.util.test.junit.AutoTests" name="[72] /home/travis/build/icyphy/ptII/ptolemy/domains/de/test/auto/TransferOutputs2.xml (RunModel)" time="0.027" />
  <testcase classname="ptolemy.util.test.junit.AutoTests" name="[73] /home/travis/build/icyphy/ptII/ptolemy/domains/de/test/auto/Trilateration.xml (RunModel)" time="14.843" />
  <testcase classname="ptolemy.util.test.junit.AutoTests" name="[74] /home/travis/build/icyphy/ptII/ptolemy/domains/de/test/auto/TwoSigmaDelta.xml (RunModel)" time="2.354" />
  <testcase classname="ptolemy.util.test.junit.AutoTests" name="[75] /home/travis/build/icyphy/ptII/ptolemy/domains/de/test/auto/VariableDelay.xml (RunModel)" time="0.013" />
  <testcase classname="ptolemy.util.test.junit.AutoTests" name="[76] /home/travis/build/icyphy/ptII/ptolemy/domains/de/test/auto/VariableDelay2.xml (RunModel)" time="0.01" />
  <testcase classname="ptolemy.util.test.junit.AutoTests" name="[77] /home/travis/build/icyphy/ptII/ptolemy/domains/de/test/auto/VariableDelayZeroDelay.xml (RunModel)" time="0.012" />
  <testcase classname="ptolemy.util.test.junit.AutoTests" name="[78] /home/travis/build/icyphy/ptII/ptolemy/domains/de/test/auto/VariableDelayZeroDelay2.xml (RunModel)" time="0.012" />
  <testcase classname="ptolemy.util.test.junit.AutoTests" name="[79] /home/travis/build/icyphy/ptII/ptolemy/domains/de/test/auto/deInCt.xml (RunModel)" time="0.022" />
  <testcase classname="ptolemy.util.test.junit.AutoTests" name="[80] /home/travis/build/icyphy/ptII/ptolemy/domains/de/test/auto/deInCt2.xml (RunModel)" time="0.031" />
  <testcase classname="ptolemy.util.test.junit.AutoTests" name="[81] /home/travis/build/icyphy/ptII/ptolemy/domains/de/test/auto/dynamicCausalityInterface1.xml (RunModel)" time="0.019" />
  <testcase classname="ptolemy.util.test.junit.AutoTests" name="[82] /home/travis/build/icyphy/ptII/ptolemy/domains/de/test/auto/fsm_de_test.xml (RunModel)" time="0.028" />
  <testcase classname="ptolemy.util.test.junit.AutoTests" name="[83] /home/travis/build/icyphy/ptII/ptolemy/domains/de/test/auto/functionDependencyReconstruction.xml (RunModel)" time="0.043" />
  <testcase classname="ptolemy.util.test.junit.AutoTests" name="[84] /home/travis/build/icyphy/ptII/ptolemy/domains/de/test/auto/multirate.xml (RunModel)" time="0.021" />
  <testcase classname="ptolemy.util.test.junit.AutoTests" name="[85] /home/travis/build/icyphy/ptII/ptolemy/domains/de/test/auto/multirate2.xml (RunModel)" time="0.02" />
  <testcase classname="ptolemy.util.test.junit.AutoTests" name="[86] /home/travis/build/icyphy/ptII/ptolemy/domains/de/test/auto/realtime.xml (RunModel)" time="10.014" />
  <testcase classname="ptolemy.util.test.junit.AutoTests" name="[87] /home/travis/build/icyphy/ptII/ptolemy/domains/de/test/auto/relationGroup.xml (RunModel)" time="0.01" />
  <testcase classname="ptolemy.util.test.junit.AutoTests" name="[88] /home/travis/build/icyphy/ptII/ptolemy/domains/de/test/auto/relationGroup2.xml (RunModel)" time="0.009" />
  <testcase classname="ptolemy.util.test.junit.AutoTests" name="[89] /home/travis/build/icyphy/ptII/ptolemy/domains/de/test/auto/sortWithOpaquePorts.xml (RunModel)" time="0.013" />
  <testcase classname="ptolemy.util.test.junit.AutoTests" name="[90] /home/travis/build/icyphy/ptII/ptolemy/domains/de/test/auto/transferInputsandOutputs.xml (RunModel)" time="0.02" />
  <testcase classname="ptolemy.util.test.junit.AutoTests" name="[91] /home/travis/build/icyphy/ptII/ptolemy/domains/de/test/auto/triggerType.xml (RunModel)" time="0.012" />
  <system-out><![CDATA[/home/travis/build/icyphy/ptII/ptolemy/domains/de/test/DependencyLoop.tcl
testDefs.tcl: setting time out to 9000 seconds at Thu May 10 00:21:47 UTC 2018
19 ms. Memory: 116224K Free: 95057K (82%)
8 ms. Memory: 146944K Free: 137816K (94%)
/home/travis/build/icyphy/ptII/ptolemy/domains/de/test/RunDETestsAsQSS.tcl
Run the DE tests using ptolemy.domains.qss.test.QSSDirectorTest, which extends QSSDirector and prints a message in the constructors.
------------------ testing $PTII/ptolemy/domains/de/test/auto/knownFailedTests/dependencyLoop.xml (Known Failure) 
9 ms. Memory: 146944K Free: 133548K (91%)


==== $PTIIhome/travis/build/icyphy/ptII/ptolemy/domains/de/test/../../../../: Auto Automatic test in file $PTII/ptolemy/domains/de/test/auto/knownFailedTests/dependencyLoop.xml
==== Contents of test case:

	    # FIXME: we should use $relativeFilename here, but it
	    # might have backslashes under Windows, which causes no end
	    # of trouble.
	    createAndExecute $file
	    list {}
	
.... Test generated KNOWN error:
    while executing
ptolemy.kernel.util.IllegalActionException: Found a zero delay loop containing .dependencyLoop.original
  in .dependencyLoop and .dependencyLoop.original
	at ptolemy.actor.util.CausalityInterfaceForComposites._computeOutputPortDepth(CausalityInterfaceForComposites.java:759)
	at ptolemy.actor.util.CausalityInterfaceForComposites._computeInputDepth(CausalityInterfaceForComposites.java:696)
	at ptolemy.actor.util.CausalityInterfaceForComposites._computeOutputPortDepth(CausalityInterfaceForComposites.java:765)
	at ptolemy.actor.util.CausalityInterfaceForComposites._computeInputDepth(CausalityInterfaceForComposites.java:696)
	at ptolemy.actor.util.CausalityInterfaceForComposites._computeOutputPortDepth(CausalityInterfaceForComposites.java:765)
	at ptolemy.actor.util.CausalityInterfaceForComposites._computeInputDepth(CausalityInterfaceForComposites.java:696)
	at ptolemy.actor.util.CausalityInterfaceForComposites._computeActorDepth(CausalityInterfaceForComposites.java:532)
	at ptolemy.actor.util.CausalityInterfaceForComposites.checkForCycles(CausalityInterfaceForComposites.java:96)
	at ptolemy.domains.de.kernel.DEDirector.preinitialize(DEDirector.java:1337)
	at ptolemy.actor.CompositeActor.preinitialize(CompositeActor.java:1828)
	at ptolemy.actor.Manager.preinitializeAndResolveTypes(Manager.java:1040)
	at ptolemy.actor.Manager.initialize(Manager.java:710)
	at ptolemy.actor.Manager.execute(Manager.java:356)
	at ptolemy.actor.Manager.run(Manager.java:1263)
	at ptolemy.actor.Manager$PtolemyRunThread.run(Manager.java:1915)

    while executing
ptolemy.kernel.util.IllegalActionException: Found a zero delay loop containing .dependencyLoop.original
  in .dependencyLoop and .dependencyLoop.original
    while executing
"java::new ptolemy.moml.MoMLSimpleApplication $file
"
    (procedure "createAndExecute" line 2)
    invoked from within
"createAndExecute $file"
    ("uplevel" body line 5)
    invoked from within
"uplevel $contents_of_test"
------------------ testing $PTII/ptolemy/domains/de/test/auto/knownFailedTests/DESDFClockTest.xml (Known Failure) 
2144 ms. Memory: 146944K Free: 117120K (80%)


==== $PTIIhome/travis/build/icyphy/ptII/ptolemy/domains/de/test/../../../../: Auto Automatic test in file $PTII/ptolemy/domains/de/test/auto/knownFailedTests/DESDFClockTest.xml
==== Contents of test case:

	    # FIXME: we should use $relativeFilename here, but it
	    # might have backslashes under Windows, which causes no end
	    # of trouble.
	    createAndExecute $file
	    list {}
	
.... Test generated KNOWN error:
    while executing
ptolemy.kernel.util.IllegalActionException: Actor is not ready to fire.  Perhaps UpSample.prefire() returned false? Try debugging the actor by selecting "Listen to Actor".  Also, for SDF check moml for tokenConsumptionRate on input.
  in .DESDFClockTest.Play Bell.Copy1:SDF Director and .DESDFClockTest.Play Bell.UpSample
	at ptolemy.actor.sched.StaticSchedulingDirector.fire(StaticSchedulingDirector.java:227)
	at ptolemy.domains.sdf.kernel.SDFDirector.fire(SDFDirector.java:500)
	at ptolemy.actor.CompositeActor.fire(CompositeActor.java:455)
	at ptolemy.domains.de.kernel.DEDirector._fire(DEDirector.java:1948)
	at ptolemy.domains.de.kernel.DEDirector.fire(DEDirector.java:502)
	at ptolemy.actor.CompositeActor.fire(CompositeActor.java:455)
	at ptolemy.actor.Manager.iterate(Manager.java:851)
	at ptolemy.actor.Manager.execute(Manager.java:369)
	at ptolemy.actor.Manager.run(Manager.java:1263)
	at ptolemy.actor.Manager$PtolemyRunThread.run(Manager.java:1915)

    while executing
ptolemy.kernel.util.IllegalActionException: Actor is not ready to fire.  Perhaps UpSample.prefire() returned false? Try debugging the actor by selecting "Listen to Actor".  Also, for SDF check moml for tokenConsumptionRate on input.
  in .DESDFClockTest.Play Bell.Copy1:SDF Director and .DESDFClockTest.Play Bell.UpSample
    while executing
"java::new ptolemy.moml.MoMLSimpleApplication $file
"
    (procedure "createAndExecute" line 2)
    invoked from within
"createAndExecute $file"
    ("uplevel" body line 5)
    invoked from within
"uplevel $contents_of_test"
------------------ testing $PTII/ptolemy/domains/de/test/auto/knownFailedTests/FSMSource.xml (Known Failure) 
42 ms. Memory: 146944K Free: 108084K (74%)
!!!! Auto was marked as failing, but now passes
------------------ testing $PTII/ptolemy/domains/de/test/auto/knownFailedTests/dependencyLoop2.xml (Known Failure) 
22 ms. Memory: 146944K Free: 106225K (72%)


==== $PTIIhome/travis/build/icyphy/ptII/ptolemy/domains/de/test/../../../../: Auto Automatic test in file $PTII/ptolemy/domains/de/test/auto/knownFailedTests/dependencyLoop2.xml
==== Contents of test case:

	    # FIXME: we should use $relativeFilename here, but it
	    # might have backslashes under Windows, which causes no end
	    # of trouble.
	    createAndExecute $file
	    list {}
	
.... Test generated KNOWN error:
    while executing
ptolemy.kernel.util.IllegalActionException: Found a zero delay loop containing .dependencyLoop2.original
  in .dependencyLoop2 and .dependencyLoop2.original
	at ptolemy.actor.util.CausalityInterfaceForComposites._computeOutputPortDepth(CausalityInterfaceForComposites.java:759)
	at ptolemy.actor.util.CausalityInterfaceForComposites._computeInputDepth(CausalityInterfaceForComposites.java:696)
	at ptolemy.actor.util.CausalityInterfaceForComposites._computeOutputPortDepth(CausalityInterfaceForComposites.java:765)
	at ptolemy.actor.util.CausalityInterfaceForComposites._computeInputDepth(CausalityInterfaceForComposites.java:696)
	at ptolemy.actor.util.CausalityInterfaceForComposites._computeOutputPortDepth(CausalityInterfaceForComposites.java:765)
	at ptolemy.actor.util.CausalityInterfaceForComposites._computeInputDepth(CausalityInterfaceForComposites.java:696)
	at ptolemy.actor.util.CausalityInterfaceForComposites._computeActorDepth(CausalityInterfaceForComposites.java:532)
	at ptolemy.actor.util.CausalityInterfaceForComposites.checkForCycles(CausalityInterfaceForComposites.java:96)
	at ptolemy.domains.de.kernel.DEDirector.preinitialize(DEDirector.java:1337)
	at ptolemy.actor.CompositeActor.preinitialize(CompositeActor.java:1828)
	at ptolemy.actor.Manager.preinitializeAndResolveTypes(Manager.java:1040)
	at ptolemy.actor.Manager.initialize(Manager.java:710)
	at ptolemy.actor.Manager.execute(Manager.java:356)
	at ptolemy.actor.Manager.run(Manager.java:1263)
	at ptolemy.actor.Manager$PtolemyRunThread.run(Manager.java:1915)

    while executing
ptolemy.kernel.util.IllegalActionException: Found a zero delay loop containing .dependencyLoop2.original
  in .dependencyLoop2 and .dependencyLoop2.original
    while executing
"java::new ptolemy.moml.MoMLSimpleApplication $file
"
    (procedure "createAndExecute" line 2)
    invoked from within
"createAndExecute $file"
    ("uplevel" body line 5)
    invoked from within
"uplevel $contents_of_test"
------------------ testing $PTII/ptolemy/domains/de/test/auto/knownFailedTests/HierarchicalModel.xml (Known Failure) 
14 ms. Memory: 146944K Free: 85795K (58%)


==== $PTIIhome/travis/build/icyphy/ptII/ptolemy/domains/de/test/../../../../: Auto Automatic test in file $PTII/ptolemy/domains/de/test/auto/knownFailedTests/HierarchicalModel.xml
==== Contents of test case:

	    # FIXME: we should use $relativeFilename here, but it
	    # might have backslashes under Windows, which causes no end
	    # of trouble.
	    createAndExecute $file
	    list {}
	
.... Test generated KNOWN error:
    while executing
ptolemy.kernel.util.IllegalActionException: Found a zero delay loop containing .HierarchicalModel.A
  in .HierarchicalModel and .HierarchicalModel.A
	at ptolemy.actor.util.CausalityInterfaceForComposites._computeOutputPortDepth(CausalityInterfaceForComposites.java:759)
	at ptolemy.actor.util.CausalityInterfaceForComposites._computeInputDepth(CausalityInterfaceForComposites.java:696)
	at ptolemy.actor.util.CausalityInterfaceForComposites._computeOutputPortDepth(CausalityInterfaceForComposites.java:765)
	at ptolemy.actor.util.CausalityInterfaceForComposites._computeInputDepth(CausalityInterfaceForComposites.java:696)
	at ptolemy.actor.util.CausalityInterfaceForComposites._computeOutputPortDepth(CausalityInterfaceForComposites.java:765)
	at ptolemy.actor.util.CausalityInterfaceForComposites._computeInputDepth(CausalityInterfaceForComposites.java:696)
	at ptolemy.actor.util.CausalityInterfaceForComposites._computeActorDepth(CausalityInterfaceForComposites.java:532)
	at ptolemy.actor.util.CausalityInterfaceForComposites.checkForCycles(CausalityInterfaceForComposites.java:96)
	at ptolemy.domains.de.kernel.DEDirector.preinitialize(DEDirector.java:1337)
	at ptolemy.actor.CompositeActor.preinitialize(CompositeActor.java:1828)
	at ptolemy.actor.Manager.preinitializeAndResolveTypes(Manager.java:1040)
	at ptolemy.actor.Manager.initialize(Manager.java:710)
	at ptolemy.actor.Manager.execute(Manager.java:356)
	at ptolemy.actor.Manager.run(Manager.java:1263)
	at ptolemy.actor.Manager$PtolemyRunThread.run(Manager.java:1915)

    while executing
ptolemy.kernel.util.IllegalActionException: Found a zero delay loop containing .HierarchicalModel.A
  in .HierarchicalModel and .HierarchicalModel.A
    while executing
"java::new ptolemy.moml.MoMLSimpleApplication $file
"
    (procedure "createAndExecute" line 2)
    invoked from within
"createAndExecute $file"
    ("uplevel" body line 5)
    invoked from within
"uplevel $contents_of_test"
------------------ testing $PTII/ptolemy/domains/de/test/auto/knownFailedTests/DirectFeedback.xml (Known Failure) 
26 ms. Memory: 146944K Free: 141490K (96%)


==== $PTIIhome/travis/build/icyphy/ptII/ptolemy/domains/de/test/../../../../: Auto Automatic test in file $PTII/ptolemy/domains/de/test/auto/knownFailedTests/DirectFeedback.xml
==== Contents of test case:

	    # FIXME: we should use $relativeFilename here, but it
	    # might have backslashes under Windows, which causes no end
	    # of trouble.
	    createAndExecute $file
	    list {}
	
.... Test generated KNOWN error:
    while executing
ptolemy.kernel.util.IllegalActionException: Test fails in iteration 1.
Value was: 1.0. Should have been: 2.0
  in .DirectFeedback.Test
	at ptolemy.actor.lib.Test.fire(Test.java:268)
	at ptolemy.domains.de.kernel.DEDirector._fire(DEDirector.java:1948)
	at ptolemy.domains.de.kernel.DEDirector.fire(DEDirector.java:502)
	at ptolemy.actor.CompositeActor.fire(CompositeActor.java:455)
	at ptolemy.actor.Manager.iterate(Manager.java:851)
	at ptolemy.actor.Manager.execute(Manager.java:369)
	at ptolemy.actor.Manager.run(Manager.java:1263)
	at ptolemy.actor.Manager$PtolemyRunThread.run(Manager.java:1915)

    while executing
ptolemy.kernel.util.IllegalActionException: Test fails in iteration 1.
Value was: 1.0. Should have been: 2.0
  in .DirectFeedback.Test
    while executing
"java::new ptolemy.moml.MoMLSimpleApplication $file
"
    (procedure "createAndExecute" line 2)
    invoked from within
"createAndExecute $file"
    ("uplevel" body line 5)
    invoked from within
"uplevel $contents_of_test"
------------------ testing $PTII/ptolemy/domains/de/test/auto/ActorDepthCalculation_actorWithoutPorts.xml
auto.tcl: Setting watchdog for 200 seconds at Thu May 10 00:21:50 UTC 2018
13 ms. Memory: 146944K Free: 132957K (90%)
ptolemy.util.test.WatchDog.cancel(): canceling Thu May 10 00:21:50 UTC 2018
auto.tcl: Setting watchdog for 200 seconds at Thu May 10 00:21:50 UTC 2018
8 ms. Memory: 146944K Free: 131918K (90%)
ptolemy.util.test.WatchDog.cancel(): canceling Thu May 10 00:21:50 UTC 2018
------------------ testing $PTII/ptolemy/domains/de/test/auto/AssemblyLine.xml
auto.tcl: Setting watchdog for 200 seconds at Thu May 10 00:21:51 UTC 2018
14 ms. Memory: 208384K Free: 186381K (89%)
ptolemy.util.test.WatchDog.cancel(): canceling Thu May 10 00:21:51 UTC 2018
auto.tcl: Setting watchdog for 200 seconds at Thu May 10 00:21:51 UTC 2018
20 ms. Memory: 208384K Free: 186381K (89%)
ptolemy.util.test.WatchDog.cancel(): canceling Thu May 10 00:21:51 UTC 2018
------------------ testing $PTII/ptolemy/domains/de/test/auto/CQBug1.xml
auto.tcl: Setting watchdog for 200 seconds at Thu May 10 00:21:51 UTC 2018
3 ms. Memory: 208384K Free: 197635K (95%)
ptolemy.util.test.WatchDog.cancel(): canceling Thu May 10 00:21:51 UTC 2018
auto.tcl: Setting watchdog for 200 seconds at Thu May 10 00:21:51 UTC 2018
3 ms. Memory: 208384K Free: 197635K (95%)
ptolemy.util.test.WatchDog.cancel(): canceling Thu May 10 00:21:51 UTC 2018
------------------ testing $PTII/ptolemy/domains/de/test/auto/CancelFireAt.xml
auto.tcl: Setting watchdog for 200 seconds at Thu May 10 00:21:51 UTC 2018
16 ms. Memory: 208384K Free: 200922K (96%)
ptolemy.util.test.WatchDog.cancel(): canceling Thu May 10 00:21:51 UTC 2018
auto.tcl: Setting watchdog for 200 seconds at Thu May 10 00:21:51 UTC 2018
3 ms. Memory: 208384K Free: 198823K (95%)
ptolemy.util.test.WatchDog.cancel(): canceling Thu May 10 00:21:51 UTC 2018
------------------ testing $PTII/ptolemy/domains/de/test/auto/CausalityAndComposabilityAnalysis.xml
auto.tcl: Setting watchdog for 200 seconds at Thu May 10 00:21:51 UTC 2018
13 ms. Memory: 208384K Free: 198831K (95%)
ptolemy.util.test.WatchDog.cancel(): canceling Thu May 10 00:21:51 UTC 2018
auto.tcl: Setting watchdog for 200 seconds at Thu May 10 00:21:51 UTC 2018
10 ms. Memory: 208384K Free: 196733K (94%)
ptolemy.util.test.WatchDog.cancel(): canceling Thu May 10 00:21:51 UTC 2018
------------------ testing $PTII/ptolemy/domains/de/test/auto/CausalityInterface1.xml
auto.tcl: Setting watchdog for 200 seconds at Thu May 10 00:21:51 UTC 2018
23 ms. Memory: 208384K Free: 196262K (94%)
ptolemy.util.test.WatchDog.cancel(): canceling Thu May 10 00:21:52 UTC 2018
auto.tcl: Setting watchdog for 200 seconds at Thu May 10 00:21:52 UTC 2018
6 ms. Memory: 208384K Free: 196262K (94%)
ptolemy.util.test.WatchDog.cancel(): canceling Thu May 10 00:21:52 UTC 2018
------------------ testing $PTII/ptolemy/domains/de/test/auto/CausalityInterface15.xml
auto.tcl: Setting watchdog for 200 seconds at Thu May 10 00:21:52 UTC 2018
10 ms. Memory: 208384K Free: 196252K (94%)
ptolemy.util.test.WatchDog.cancel(): canceling Thu May 10 00:21:52 UTC 2018
auto.tcl: Setting watchdog for 200 seconds at Thu May 10 00:21:52 UTC 2018
5 ms. Memory: 208384K Free: 196252K (94%)
ptolemy.util.test.WatchDog.cancel(): canceling Thu May 10 00:21:52 UTC 2018
------------------ testing $PTII/ptolemy/domains/de/test/auto/CausalityInterface2.xml
auto.tcl: Setting watchdog for 200 seconds at Thu May 10 00:21:52 UTC 2018
6 ms. Memory: 208384K Free: 196237K (94%)
ptolemy.util.test.WatchDog.cancel(): canceling Thu May 10 00:21:52 UTC 2018
auto.tcl: Setting watchdog for 200 seconds at Thu May 10 00:21:52 UTC 2018
4 ms. Memory: 208384K Free: 196237K (94%)
ptolemy.util.test.WatchDog.cancel(): canceling Thu May 10 00:21:52 UTC 2018
------------------ testing $PTII/ptolemy/domains/de/test/auto/CausalityInterface3.xml
auto.tcl: Setting watchdog for 200 seconds at Thu May 10 00:21:52 UTC 2018
12 ms. Memory: 208384K Free: 196243K (94%)
ptolemy.util.test.WatchDog.cancel(): canceling Thu May 10 00:21:52 UTC 2018
auto.tcl: Setting watchdog for 200 seconds at Thu May 10 00:21:52 UTC 2018
4 ms. Memory: 208384K Free: 196243K (94%)
ptolemy.util.test.WatchDog.cancel(): canceling Thu May 10 00:21:52 UTC 2018
------------------ testing $PTII/ptolemy/domains/de/test/auto/ClockDrift.xml
auto.tcl: Setting watchdog for 200 seconds at Thu May 10 00:21:52 UTC 2018
146 ms. Memory: 208384K Free: 187482K (90%)
ptolemy.util.test.WatchDog.cancel(): canceling Thu May 10 00:21:52 UTC 2018
auto.tcl: Setting watchdog for 200 seconds at Thu May 10 00:21:52 UTC 2018
107 ms. Memory: 208384K Free: 185385K (89%)
ptolemy.util.test.WatchDog.cancel(): canceling Thu May 10 00:21:52 UTC 2018
------------------ testing $PTII/ptolemy/domains/de/test/auto/ClockDriftAndValueChange.xml
auto.tcl: Setting watchdog for 200 seconds at Thu May 10 00:21:52 UTC 2018
61 ms. Memory: 208384K Free: 187315K (90%)
ptolemy.util.test.WatchDog.cancel(): canceling Thu May 10 00:21:52 UTC 2018
auto.tcl: Setting watchdog for 200 seconds at Thu May 10 00:21:52 UTC 2018
53 ms. Memory: 208384K Free: 185217K (89%)
ptolemy.util.test.WatchDog.cancel(): canceling Thu May 10 00:21:52 UTC 2018
------------------ testing $PTII/ptolemy/domains/de/test/auto/ClockDriftChange.xml
auto.tcl: Setting watchdog for 200 seconds at Thu May 10 00:21:52 UTC 2018
39 ms. Memory: 208384K Free: 190641K (91%)
ptolemy.util.test.WatchDog.cancel(): canceling Thu May 10 00:21:53 UTC 2018
auto.tcl: Setting watchdog for 200 seconds at Thu May 10 00:21:53 UTC 2018
43 ms. Memory: 208384K Free: 188544K (90%)
ptolemy.util.test.WatchDog.cancel(): canceling Thu May 10 00:21:53 UTC 2018
------------------ testing $PTII/ptolemy/domains/de/test/auto/ComposableCausalityAnalysis.xml
auto.tcl: Setting watchdog for 200 seconds at Thu May 10 00:21:53 UTC 2018
11 ms. Memory: 208384K Free: 196103K (94%)
ptolemy.util.test.WatchDog.cancel(): canceling Thu May 10 00:21:53 UTC 2018
auto.tcl: Setting watchdog for 200 seconds at Thu May 10 00:21:53 UTC 2018
3 ms. Memory: 208384K Free: 194006K (93%)
ptolemy.util.test.WatchDog.cancel(): canceling Thu May 10 00:21:53 UTC 2018
------------------ testing $PTII/ptolemy/domains/de/test/auto/DEFixedPointLimitation.xml
auto.tcl: Setting watchdog for 200 seconds at Thu May 10 00:21:53 UTC 2018
3 ms. Memory: 208384K Free: 196183K (94%)
ptolemy.util.test.WatchDog.cancel(): canceling Thu May 10 00:21:53 UTC 2018
auto.tcl: Setting watchdog for 200 seconds at Thu May 10 00:21:53 UTC 2018
3 ms. Memory: 208384K Free: 196183K (94%)
ptolemy.util.test.WatchDog.cancel(): canceling Thu May 10 00:21:53 UTC 2018
------------------ testing $PTII/ptolemy/domains/de/test/auto/DEScheduleTest.xml
auto.tcl: Setting watchdog for 200 seconds at Thu May 10 00:21:53 UTC 2018
7 ms. Memory: 208384K Free: 198653K (95%)
ptolemy.util.test.WatchDog.cancel(): canceling Thu May 10 00:21:53 UTC 2018
auto.tcl: Setting watchdog for 200 seconds at Thu May 10 00:21:53 UTC 2018
3 ms. Memory: 208384K Free: 196218K (94%)
ptolemy.util.test.WatchDog.cancel(): canceling Thu May 10 00:21:53 UTC 2018
------------------ testing $PTII/ptolemy/domains/de/test/auto/DEinDEwithStartTimes.xml
auto.tcl: Setting watchdog for 200 seconds at Thu May 10 00:21:53 UTC 2018
5 ms. Memory: 208384K Free: 196187K (94%)
ptolemy.util.test.WatchDog.cancel(): canceling Thu May 10 00:21:53 UTC 2018
auto.tcl: Setting watchdog for 200 seconds at Thu May 10 00:21:53 UTC 2018
9 ms. Memory: 208384K Free: 194090K (93%)
ptolemy.util.test.WatchDog.cancel(): canceling Thu May 10 00:21:53 UTC 2018
------------------ testing $PTII/ptolemy/domains/de/test/auto/DEinDEwithStartTimes2.xml
auto.tcl: Setting watchdog for 200 seconds at Thu May 10 00:21:53 UTC 2018
7 ms. Memory: 208384K Free: 196504K (94%)
ptolemy.util.test.WatchDog.cancel(): canceling Thu May 10 00:21:53 UTC 2018
auto.tcl: Setting watchdog for 200 seconds at Thu May 10 00:21:53 UTC 2018
11 ms. Memory: 208384K Free: 194069K (93%)
ptolemy.util.test.WatchDog.cancel(): canceling Thu May 10 00:21:53 UTC 2018
------------------ testing $PTII/ptolemy/domains/de/test/auto/DateDemo.xml
auto.tcl: Setting watchdog for 200 seconds at Thu May 10 00:21:53 UTC 2018
12 ms. Memory: 208384K Free: 188612K (91%)
ptolemy.util.test.WatchDog.cancel(): canceling Thu May 10 00:21:53 UTC 2018
auto.tcl: Setting watchdog for 200 seconds at Thu May 10 00:21:53 UTC 2018
9 ms. Memory: 208384K Free: 186515K (90%)
ptolemy.util.test.WatchDog.cancel(): canceling Thu May 10 00:21:53 UTC 2018
------------------ testing $PTII/ptolemy/domains/de/test/auto/DateToEvent.xml
auto.tcl: Setting watchdog for 200 seconds at Thu May 10 00:21:53 UTC 2018
2028 ms. Memory: 208384K Free: 183351K (88%)
ptolemy.util.test.WatchDog.cancel(): canceling Thu May 10 00:21:55 UTC 2018
auto.tcl: Setting watchdog for 200 seconds at Thu May 10 00:21:55 UTC 2018
2007 ms. Memory: 208384K Free: 180893K (87%)
ptolemy.util.test.WatchDog.cancel(): canceling Thu May 10 00:21:57 UTC 2018
------------------ testing $PTII/ptolemy/domains/de/test/auto/DepthTest1.xml
auto.tcl: Setting watchdog for 200 seconds at Thu May 10 00:21:58 UTC 2018
4 ms. Memory: 208384K Free: 198164K (95%)
ptolemy.util.test.WatchDog.cancel(): canceling Thu May 10 00:21:58 UTC 2018
auto.tcl: Setting watchdog for 200 seconds at Thu May 10 00:21:58 UTC 2018
3 ms. Memory: 208384K Free: 198164K (95%)
ptolemy.util.test.WatchDog.cancel(): canceling Thu May 10 00:21:58 UTC 2018
------------------ testing $PTII/ptolemy/domains/de/test/auto/DepthTest2.xml
auto.tcl: Setting watchdog for 200 seconds at Thu May 10 00:21:58 UTC 2018
8 ms. Memory: 208384K Free: 194034K (93%)
ptolemy.util.test.WatchDog.cancel(): canceling Thu May 10 00:21:58 UTC 2018
auto.tcl: Setting watchdog for 200 seconds at Thu May 10 00:21:58 UTC 2018
4 ms. Memory: 208384K Free: 194034K (93%)
ptolemy.util.test.WatchDog.cancel(): canceling Thu May 10 00:21:58 UTC 2018
------------------ testing $PTII/ptolemy/domains/de/test/auto/DepthTest3.xml
auto.tcl: Setting watchdog for 200 seconds at Thu May 10 00:21:58 UTC 2018
3 ms. Memory: 208384K Free: 198161K (95%)
ptolemy.util.test.WatchDog.cancel(): canceling Thu May 10 00:21:58 UTC 2018
auto.tcl: Setting watchdog for 200 seconds at Thu May 10 00:21:58 UTC 2018
2 ms. Memory: 208384K Free: 198161K (95%)
ptolemy.util.test.WatchDog.cancel(): canceling Thu May 10 00:21:58 UTC 2018
------------------ testing $PTII/ptolemy/domains/de/test/auto/DepthTest4.xml
auto.tcl: Setting watchdog for 200 seconds at Thu May 10 00:21:58 UTC 2018
11 ms. Memory: 208384K Free: 196151K (94%)
ptolemy.util.test.WatchDog.cancel(): canceling Thu May 10 00:21:58 UTC 2018
auto.tcl: Setting watchdog for 200 seconds at Thu May 10 00:21:58 UTC 2018
3 ms. Memory: 208384K Free: 196151K (94%)
ptolemy.util.test.WatchDog.cancel(): canceling Thu May 10 00:21:58 UTC 2018
------------------ testing $PTII/ptolemy/domains/de/test/auto/DepthTest5.xml
auto.tcl: Setting watchdog for 200 seconds at Thu May 10 00:21:58 UTC 2018
4 ms. Memory: 208384K Free: 196099K (94%)
ptolemy.util.test.WatchDog.cancel(): canceling Thu May 10 00:21:58 UTC 2018
auto.tcl: Setting watchdog for 200 seconds at Thu May 10 00:21:58 UTC 2018
3 ms. Memory: 208384K Free: 196099K (94%)
ptolemy.util.test.WatchDog.cancel(): canceling Thu May 10 00:21:58 UTC 2018
------------------ testing $PTII/ptolemy/domains/de/test/auto/DepthTest6.xml
auto.tcl: Setting watchdog for 200 seconds at Thu May 10 00:21:58 UTC 2018
4 ms. Memory: 208384K Free: 196067K (94%)
ptolemy.util.test.WatchDog.cancel(): canceling Thu May 10 00:21:58 UTC 2018
auto.tcl: Setting watchdog for 200 seconds at Thu May 10 00:21:58 UTC 2018
3 ms. Memory: 208384K Free: 196067K (94%)
ptolemy.util.test.WatchDog.cancel(): canceling Thu May 10 00:21:58 UTC 2018
------------------ testing $PTII/ptolemy/domains/de/test/auto/DepthTest7.xml
auto.tcl: Setting watchdog for 200 seconds at Thu May 10 00:21:58 UTC 2018
3 ms. Memory: 208384K Free: 196071K (94%)
ptolemy.util.test.WatchDog.cancel(): canceling Thu May 10 00:21:58 UTC 2018
auto.tcl: Setting watchdog for 200 seconds at Thu May 10 00:21:58 UTC 2018
2 ms. Memory: 208384K Free: 196071K (94%)
ptolemy.util.test.WatchDog.cancel(): canceling Thu May 10 00:21:58 UTC 2018
------------------ testing $PTII/ptolemy/domains/de/test/auto/EventToDate.xml
auto.tcl: Setting watchdog for 200 seconds at Thu May 10 00:21:58 UTC 2018
3013 ms. Memory: 208384K Free: 185606K (89%)
ptolemy.util.test.WatchDog.cancel(): canceling Thu May 10 00:22:01 UTC 2018
auto.tcl: Setting watchdog for 200 seconds at Thu May 10 00:22:01 UTC 2018
3005 ms. Memory: 208384K Free: 185606K (89%)
ptolemy.util.test.WatchDog.cancel(): canceling Thu May 10 00:22:04 UTC 2018
------------------ testing $PTII/ptolemy/domains/de/test/auto/FSM1.xml
auto.tcl: Setting watchdog for 200 seconds at Thu May 10 00:22:04 UTC 2018
24 ms. Memory: 208384K Free: 189072K (91%)
ptolemy.util.test.WatchDog.cancel(): canceling Thu May 10 00:22:04 UTC 2018
auto.tcl: Setting watchdog for 200 seconds at Thu May 10 00:22:04 UTC 2018
20 ms. Memory: 208384K Free: 184861K (89%)
ptolemy.util.test.WatchDog.cancel(): canceling Thu May 10 00:22:04 UTC 2018
------------------ testing $PTII/ptolemy/domains/de/test/auto/FSM7.xml
auto.tcl: Setting watchdog for 200 seconds at Thu May 10 00:22:04 UTC 2018
40 ms. Memory: 208384K Free: 187179K (90%)
ptolemy.util.test.WatchDog.cancel(): canceling Thu May 10 00:22:04 UTC 2018
auto.tcl: Setting watchdog for 200 seconds at Thu May 10 00:22:04 UTC 2018
31 ms. Memory: 208384K Free: 185082K (89%)
ptolemy.util.test.WatchDog.cancel(): canceling Thu May 10 00:22:04 UTC 2018
------------------ testing $PTII/ptolemy/domains/de/test/auto/Inspection.xml
auto.tcl: Setting watchdog for 200 seconds at Thu May 10 00:22:04 UTC 2018
53 ms. Memory: 208384K Free: 188745K (91%)
ptolemy.util.test.WatchDog.cancel(): canceling Thu May 10 00:22:05 UTC 2018
auto.tcl: Setting watchdog for 200 seconds at Thu May 10 00:22:05 UTC 2018
40 ms. Memory: 208384K Free: 186302K (89%)
ptolemy.util.test.WatchDog.cancel(): canceling Thu May 10 00:22:05 UTC 2018
------------------ testing $PTII/ptolemy/domains/de/test/auto/Iteration.xml
auto.tcl: Setting watchdog for 200 seconds at Thu May 10 00:22:05 UTC 2018
13 ms. Memory: 208384K Free: 194109K (93%)
ptolemy.util.test.WatchDog.cancel(): canceling Thu May 10 00:22:05 UTC 2018
auto.tcl: Setting watchdog for 200 seconds at Thu May 10 00:22:05 UTC 2018
12 ms. Memory: 208384K Free: 194109K (93%)
ptolemy.util.test.WatchDog.cancel(): canceling Thu May 10 00:22:05 UTC 2018
------------------ testing $PTII/ptolemy/domains/de/test/auto/LineFault.xml
auto.tcl: Setting watchdog for 200 seconds at Thu May 10 00:22:05 UTC 2018
1342 ms. Memory: 208384K Free: 196067K (94%)
ptolemy.util.test.WatchDog.cancel(): canceling Thu May 10 00:22:07 UTC 2018
auto.tcl: Setting watchdog for 200 seconds at Thu May 10 00:22:07 UTC 2018
1128 ms. Memory: 208384K Free: 140534K (67%)
ptolemy.util.test.WatchDog.cancel(): canceling Thu May 10 00:22:08 UTC 2018
------------------ testing $PTII/ptolemy/domains/de/test/auto/MergeModel1Add.xml
auto.tcl: Setting watchdog for 200 seconds at Thu May 10 00:22:08 UTC 2018
37 ms. Memory: 208384K Free: 177887K (85%)
ptolemy.util.test.WatchDog.cancel(): canceling Thu May 10 00:22:08 UTC 2018
auto.tcl: Setting watchdog for 200 seconds at Thu May 10 00:22:08 UTC 2018
28 ms. Memory: 208384K Free: 177887K (85%)
ptolemy.util.test.WatchDog.cancel(): canceling Thu May 10 00:22:08 UTC 2018
------------------ testing $PTII/ptolemy/domains/de/test/auto/MergeModel2Add.xml
auto.tcl: Setting watchdog for 200 seconds at Thu May 10 00:22:08 UTC 2018
16 ms. Memory: 208384K Free: 181150K (87%)
ptolemy.util.test.WatchDog.cancel(): canceling Thu May 10 00:22:08 UTC 2018
auto.tcl: Setting watchdog for 200 seconds at Thu May 10 00:22:08 UTC 2018
12 ms. Memory: 208384K Free: 179178K (86%)
ptolemy.util.test.WatchDog.cancel(): canceling Thu May 10 00:22:08 UTC 2018
------------------ testing $PTII/ptolemy/domains/de/test/auto/MergeModel3Add.xml
auto.tcl: Setting watchdog for 200 seconds at Thu May 10 00:22:08 UTC 2018
12 ms. Memory: 208384K Free: 181176K (87%)
ptolemy.util.test.WatchDog.cancel(): canceling Thu May 10 00:22:08 UTC 2018
auto.tcl: Setting watchdog for 200 seconds at Thu May 10 00:22:08 UTC 2018
14 ms. Memory: 208384K Free: 179188K (86%)
ptolemy.util.test.WatchDog.cancel(): canceling Thu May 10 00:22:08 UTC 2018
------------------ testing $PTII/ptolemy/domains/de/test/auto/MergeWithoutDiscard.xml
auto.tcl: Setting watchdog for 200 seconds at Thu May 10 00:22:08 UTC 2018
3 ms. Memory: 208384K Free: 198397K (95%)
ptolemy.util.test.WatchDog.cancel(): canceling Thu May 10 00:22:08 UTC 2018
auto.tcl: Setting watchdog for 200 seconds at Thu May 10 00:22:08 UTC 2018
2 ms. Memory: 208384K Free: 196426K (94%)
ptolemy.util.test.WatchDog.cancel(): canceling Thu May 10 00:22:08 UTC 2018
------------------ testing $PTII/ptolemy/domains/de/test/auto/Modal1.xml
auto.tcl: Setting watchdog for 200 seconds at Thu May 10 00:22:08 UTC 2018
16 ms. Memory: 208384K Free: 188145K (90%)
ptolemy.util.test.WatchDog.cancel(): canceling Thu May 10 00:22:08 UTC 2018
auto.tcl: Setting watchdog for 200 seconds at Thu May 10 00:22:08 UTC 2018
17 ms. Memory: 208384K Free: 186174K (89%)
ptolemy.util.test.WatchDog.cancel(): canceling Thu May 10 00:22:08 UTC 2018
------------------ testing $PTII/ptolemy/domains/de/test/auto/Modal2.xml
auto.tcl: Setting watchdog for 200 seconds at Thu May 10 00:22:08 UTC 2018
25 ms. Memory: 208384K Free: 188043K (90%)
ptolemy.util.test.WatchDog.cancel(): canceling Thu May 10 00:22:09 UTC 2018
auto.tcl: Setting watchdog for 200 seconds at Thu May 10 00:22:09 UTC 2018
26 ms. Memory: 208384K Free: 186071K (89%)
ptolemy.util.test.WatchDog.cancel(): canceling Thu May 10 00:22:09 UTC 2018
------------------ testing $PTII/ptolemy/domains/de/test/auto/Modal3.xml
auto.tcl: Setting watchdog for 200 seconds at Thu May 10 00:22:09 UTC 2018
15 ms. Memory: 208384K Free: 185584K (89%)
ptolemy.util.test.WatchDog.cancel(): canceling Thu May 10 00:22:09 UTC 2018
auto.tcl: Setting watchdog for 200 seconds at Thu May 10 00:22:09 UTC 2018
16 ms. Memory: 208384K Free: 181624K (87%)
ptolemy.util.test.WatchDog.cancel(): canceling Thu May 10 00:22:09 UTC 2018
------------------ testing $PTII/ptolemy/domains/de/test/auto/Modal4.xml
auto.tcl: Setting watchdog for 200 seconds at Thu May 10 00:22:09 UTC 2018
39 ms. Memory: 208384K Free: 186826K (90%)
ptolemy.util.test.WatchDog.cancel(): canceling Thu May 10 00:22:09 UTC 2018
auto.tcl: Setting watchdog for 200 seconds at Thu May 10 00:22:09 UTC 2018
28 ms. Memory: 208384K Free: 182875K (88%)
ptolemy.util.test.WatchDog.cancel(): canceling Thu May 10 00:22:09 UTC 2018
------------------ testing $PTII/ptolemy/domains/de/test/auto/Modal5.xml
auto.tcl: Setting watchdog for 200 seconds at Thu May 10 00:22:09 UTC 2018
26 ms. Memory: 208384K Free: 186829K (90%)
ptolemy.util.test.WatchDog.cancel(): canceling Thu May 10 00:22:09 UTC 2018
auto.tcl: Setting watchdog for 200 seconds at Thu May 10 00:22:09 UTC 2018
17 ms. Memory: 208384K Free: 182870K (88%)
ptolemy.util.test.WatchDog.cancel(): canceling Thu May 10 00:22:09 UTC 2018
------------------ testing $PTII/ptolemy/domains/de/test/auto/Modal6.xml
auto.tcl: Setting watchdog for 200 seconds at Thu May 10 00:22:09 UTC 2018
19 ms. Memory: 208384K Free: 186826K (90%)
ptolemy.util.test.WatchDog.cancel(): canceling Thu May 10 00:22:09 UTC 2018
auto.tcl: Setting watchdog for 200 seconds at Thu May 10 00:22:09 UTC 2018
21 ms. Memory: 208384K Free: 182874K (88%)
ptolemy.util.test.WatchDog.cancel(): canceling Thu May 10 00:22:09 UTC 2018
------------------ testing $PTII/ptolemy/domains/de/test/auto/Modal7.xml
auto.tcl: Setting watchdog for 200 seconds at Thu May 10 00:22:09 UTC 2018
21 ms. Memory: 208384K Free: 188023K (90%)
ptolemy.util.test.WatchDog.cancel(): canceling Thu May 10 00:22:09 UTC 2018
auto.tcl: Setting watchdog for 200 seconds at Thu May 10 00:22:09 UTC 2018
15 ms. Memory: 208384K Free: 184080K (88%)
ptolemy.util.test.WatchDog.cancel(): canceling Thu May 10 00:22:09 UTC 2018
------------------ testing $PTII/ptolemy/domains/de/test/auto/ModalModel.xml
auto.tcl: Setting watchdog for 200 seconds at Thu May 10 00:22:09 UTC 2018
286 ms. Memory: 208384K Free: 127434K (61%)
ptolemy.util.test.WatchDog.cancel(): canceling Thu May 10 00:22:10 UTC 2018
auto.tcl: Setting watchdog for 200 seconds at Thu May 10 00:22:10 UTC 2018
298 ms. Memory: 200192K Free: 184376K (92%)
ptolemy.util.test.WatchDog.cancel(): canceling Thu May 10 00:22:10 UTC 2018
------------------ testing $PTII/ptolemy/domains/de/test/auto/ModalSource.xml
auto.tcl: Setting watchdog for 200 seconds at Thu May 10 00:22:10 UTC 2018
13 ms. Memory: 200192K Free: 185690K (93%)
ptolemy.util.test.WatchDog.cancel(): canceling Thu May 10 00:22:10 UTC 2018
auto.tcl: Setting watchdog for 200 seconds at Thu May 10 00:22:10 UTC 2018
9 ms. Memory: 200192K Free: 182273K (91%)
ptolemy.util.test.WatchDog.cancel(): canceling Thu May 10 00:22:10 UTC 2018
------------------ testing $PTII/ptolemy/domains/de/test/auto/NonInterruptibleTimerZeroDelay.xml
auto.tcl: Setting watchdog for 200 seconds at Thu May 10 00:22:10 UTC 2018
5 ms. Memory: 199680K Free: 190507K (95%)
ptolemy.util.test.WatchDog.cancel(): canceling Thu May 10 00:22:10 UTC 2018
auto.tcl: Setting watchdog for 200 seconds at Thu May 10 00:22:10 UTC 2018
4 ms. Memory: 199680K Free: 188791K (95%)
ptolemy.util.test.WatchDog.cancel(): canceling Thu May 10 00:22:10 UTC 2018
------------------ testing $PTII/ptolemy/domains/de/test/auto/OpenQueueingNetwork.xml
auto.tcl: Setting watchdog for 200 seconds at Thu May 10 00:22:10 UTC 2018
4567 ms. Memory: 179712K Free: 118604K (66%)
ptolemy.util.test.WatchDog.cancel(): canceling Thu May 10 00:22:15 UTC 2018
auto.tcl: Setting watchdog for 200 seconds at Thu May 10 00:22:15 UTC 2018
2643 ms. Memory: 161280K Free: 104861K (65%)
ptolemy.util.test.WatchDog.cancel(): canceling Thu May 10 00:22:18 UTC 2018
------------------ testing $PTII/ptolemy/domains/de/test/auto/OpenQueuingNetwork.xml
auto.tcl: Setting watchdog for 200 seconds at Thu May 10 00:22:18 UTC 2018
429 ms. Memory: 159232K Free: 144621K (91%)
ptolemy.util.test.WatchDog.cancel(): canceling Thu May 10 00:22:18 UTC 2018
auto.tcl: Setting watchdog for 200 seconds at Thu May 10 00:22:18 UTC 2018
437 ms. Memory: 159232K Free: 86193K (54%)
ptolemy.util.test.WatchDog.cancel(): canceling Thu May 10 00:22:19 UTC 2018
------------------ testing $PTII/ptolemy/domains/de/test/auto/PeriodicSampler.xml
auto.tcl: Setting watchdog for 200 seconds at Thu May 10 00:22:19 UTC 2018
4 ms. Memory: 158720K Free: 148249K (93%)
ptolemy.util.test.WatchDog.cancel(): canceling Thu May 10 00:22:19 UTC 2018
auto.tcl: Setting watchdog for 200 seconds at Thu May 10 00:22:19 UTC 2018
3 ms. Memory: 158720K Free: 147008K (93%)
ptolemy.util.test.WatchDog.cancel(): canceling Thu May 10 00:22:19 UTC 2018
------------------ testing $PTII/ptolemy/domains/de/test/auto/PersistentIO.xml
auto.tcl: Setting watchdog for 200 seconds at Thu May 10 00:22:19 UTC 2018
20 ms. Memory: 158720K Free: 142684K (90%)
ptolemy.util.test.WatchDog.cancel(): canceling Thu May 10 00:22:19 UTC 2018
auto.tcl: Setting watchdog for 200 seconds at Thu May 10 00:22:19 UTC 2018
7 ms. Memory: 158720K Free: 141459K (89%)
ptolemy.util.test.WatchDog.cancel(): canceling Thu May 10 00:22:19 UTC 2018
------------------ testing $PTII/ptolemy/domains/de/test/auto/PortParameterResetOnInitialize.xml
auto.tcl: Setting watchdog for 200 seconds at Thu May 10 00:22:19 UTC 2018
3 ms. Memory: 159744K Free: 149779K (94%)
ptolemy.util.test.WatchDog.cancel(): canceling Thu May 10 00:22:19 UTC 2018
auto.tcl: Setting watchdog for 200 seconds at Thu May 10 00:22:19 UTC 2018
3 ms. Memory: 159744K Free: 148537K (93%)
ptolemy.util.test.WatchDog.cancel(): canceling Thu May 10 00:22:19 UTC 2018
------------------ testing $PTII/ptolemy/domains/de/test/auto/PortParameterUpdates.xml
auto.tcl: Setting watchdog for 200 seconds at Thu May 10 00:22:19 UTC 2018
13 ms. Memory: 158720K Free: 146399K (92%)
ptolemy.util.test.WatchDog.cancel(): canceling Thu May 10 00:22:19 UTC 2018
auto.tcl: Setting watchdog for 200 seconds at Thu May 10 00:22:19 UTC 2018
8 ms. Memory: 158720K Free: 145157K (91%)
ptolemy.util.test.WatchDog.cancel(): canceling Thu May 10 00:22:19 UTC 2018
------------------ testing $PTII/ptolemy/domains/de/test/auto/QueueAndServer.xml
auto.tcl: Setting watchdog for 200 seconds at Thu May 10 00:22:19 UTC 2018
29 ms. Memory: 159744K Free: 144618K (91%)
ptolemy.util.test.WatchDog.cancel(): canceling Thu May 10 00:22:19 UTC 2018
auto.tcl: Setting watchdog for 200 seconds at Thu May 10 00:22:19 UTC 2018
14 ms. Memory: 159744K Free: 143377K (90%)
ptolemy.util.test.WatchDog.cancel(): canceling Thu May 10 00:22:19 UTC 2018
------------------ testing $PTII/ptolemy/domains/de/test/auto/Records.xml
auto.tcl: Setting watchdog for 200 seconds at Thu May 10 00:22:19 UTC 2018
5 ms. Memory: 158720K Free: 148278K (93%)
ptolemy.util.test.WatchDog.cancel(): canceling Thu May 10 00:22:19 UTC 2018
auto.tcl: Setting watchdog for 200 seconds at Thu May 10 00:22:19 UTC 2018
4 ms. Memory: 158720K Free: 147036K (93%)
ptolemy.util.test.WatchDog.cancel(): canceling Thu May 10 00:22:19 UTC 2018
------------------ testing $PTII/ptolemy/domains/de/test/auto/ResetTransitionWithStartTime1.xml
auto.tcl: Setting watchdog for 200 seconds at Thu May 10 00:22:19 UTC 2018
17 ms. Memory: 159232K Free: 144795K (91%)
ptolemy.util.test.WatchDog.cancel(): canceling Thu May 10 00:22:19 UTC 2018
auto.tcl: Setting watchdog for 200 seconds at Thu May 10 00:22:19 UTC 2018
8 ms. Memory: 159232K Free: 142319K (89%)
ptolemy.util.test.WatchDog.cancel(): canceling Thu May 10 00:22:19 UTC 2018
------------------ testing $PTII/ptolemy/domains/de/test/auto/ResetTransitionWithStartTime2.xml
auto.tcl: Setting watchdog for 200 seconds at Thu May 10 00:22:19 UTC 2018
8 ms. Memory: 158720K Free: 144319K (91%)
ptolemy.util.test.WatchDog.cancel(): canceling Thu May 10 00:22:19 UTC 2018
auto.tcl: Setting watchdog for 200 seconds at Thu May 10 00:22:19 UTC 2018
9 ms. Memory: 158720K Free: 141835K (89%)
ptolemy.util.test.WatchDog.cancel(): canceling Thu May 10 00:22:19 UTC 2018
------------------ testing $PTII/ptolemy/domains/de/test/auto/ResetTransitionWithStartTime3.xml
auto.tcl: Setting watchdog for 200 seconds at Thu May 10 00:22:19 UTC 2018
13 ms. Memory: 159232K Free: 144775K (91%)
ptolemy.util.test.WatchDog.cancel(): canceling Thu May 10 00:22:20 UTC 2018
auto.tcl: Setting watchdog for 200 seconds at Thu May 10 00:22:20 UTC 2018
12 ms. Memory: 159232K Free: 142316K (89%)
ptolemy.util.test.WatchDog.cancel(): canceling Thu May 10 00:22:20 UTC 2018
------------------ testing $PTII/ptolemy/domains/de/test/auto/ResetTransitionWithStartTime4.xml
auto.tcl: Setting watchdog for 200 seconds at Thu May 10 00:22:20 UTC 2018
6 ms. Memory: 158720K Free: 145042K (91%)
ptolemy.util.test.WatchDog.cancel(): canceling Thu May 10 00:22:20 UTC 2018
auto.tcl: Setting watchdog for 200 seconds at Thu May 10 00:22:20 UTC 2018
5 ms. Memory: 158720K Free: 143800K (91%)
ptolemy.util.test.WatchDog.cancel(): canceling Thu May 10 00:22:20 UTC 2018
------------------ testing $PTII/ptolemy/domains/de/test/auto/ResettableTimer1.xml
auto.tcl: Setting watchdog for 200 seconds at Thu May 10 00:22:20 UTC 2018
6 ms. Memory: 159232K Free: 150056K (94%)
ptolemy.util.test.WatchDog.cancel(): canceling Thu May 10 00:22:20 UTC 2018
auto.tcl: Setting watchdog for 200 seconds at Thu May 10 00:22:20 UTC 2018
4 ms. Memory: 159232K Free: 148814K (93%)
ptolemy.util.test.WatchDog.cancel(): canceling Thu May 10 00:22:20 UTC 2018
------------------ testing $PTII/ptolemy/domains/de/test/auto/ResettableTimer2.xml
auto.tcl: Setting watchdog for 200 seconds at Thu May 10 00:22:20 UTC 2018
5 ms. Memory: 158720K Free: 149624K (94%)
ptolemy.util.test.WatchDog.cancel(): canceling Thu May 10 00:22:20 UTC 2018
auto.tcl: Setting watchdog for 200 seconds at Thu May 10 00:22:20 UTC 2018
6 ms. Memory: 158720K Free: 148382K (93%)
ptolemy.util.test.WatchDog.cancel(): canceling Thu May 10 00:22:20 UTC 2018
------------------ testing $PTII/ptolemy/domains/de/test/auto/ResettableTimer3.xml
auto.tcl: Setting watchdog for 200 seconds at Thu May 10 00:22:20 UTC 2018
1 ms. Memory: 159232K Free: 150113K (94%)
ptolemy.util.test.WatchDog.cancel(): canceling Thu May 10 00:22:20 UTC 2018
auto.tcl: Setting watchdog for 200 seconds at Thu May 10 00:22:20 UTC 2018
1 ms. Memory: 159232K Free: 148871K (93%)
ptolemy.util.test.WatchDog.cancel(): canceling Thu May 10 00:22:20 UTC 2018
------------------ testing $PTII/ptolemy/domains/de/test/auto/ResettableTimer4.xml
auto.tcl: Setting watchdog for 200 seconds at Thu May 10 00:22:20 UTC 2018
2 ms. Memory: 158720K Free: 149652K (94%)
ptolemy.util.test.WatchDog.cancel(): canceling Thu May 10 00:22:20 UTC 2018
auto.tcl: Setting watchdog for 200 seconds at Thu May 10 00:22:20 UTC 2018
1 ms. Memory: 158720K Free: 148410K (94%)
ptolemy.util.test.WatchDog.cancel(): canceling Thu May 10 00:22:20 UTC 2018
------------------ testing $PTII/ptolemy/domains/de/test/auto/ResettableTimer5.xml
auto.tcl: Setting watchdog for 200 seconds at Thu May 10 00:22:20 UTC 2018
2 ms. Memory: 159232K Free: 148139K (93%)
ptolemy.util.test.WatchDog.cancel(): canceling Thu May 10 00:22:20 UTC 2018
auto.tcl: Setting watchdog for 200 seconds at Thu May 10 00:22:20 UTC 2018
2 ms. Memory: 159232K Free: 148139K (93%)
ptolemy.util.test.WatchDog.cancel(): canceling Thu May 10 00:22:20 UTC 2018
------------------ testing $PTII/ptolemy/domains/de/test/auto/ResettableTimer6.xml
auto.tcl: Setting watchdog for 200 seconds at Thu May 10 00:22:20 UTC 2018
2 ms. Memory: 158720K Free: 147522K (93%)
ptolemy.util.test.WatchDog.cancel(): canceling Thu May 10 00:22:20 UTC 2018
auto.tcl: Setting watchdog for 200 seconds at Thu May 10 00:22:20 UTC 2018
2 ms. Memory: 158720K Free: 147522K (93%)
ptolemy.util.test.WatchDog.cancel(): canceling Thu May 10 00:22:20 UTC 2018
------------------ testing $PTII/ptolemy/domains/de/test/auto/ServerZeroDelay.xml
auto.tcl: Setting watchdog for 200 seconds at Thu May 10 00:22:20 UTC 2018
9 ms. Memory: 159232K Free: 149289K (94%)
ptolemy.util.test.WatchDog.cancel(): canceling Thu May 10 00:22:20 UTC 2018
auto.tcl: Setting watchdog for 200 seconds at Thu May 10 00:22:20 UTC 2018
3 ms. Memory: 159232K Free: 148055K (93%)
ptolemy.util.test.WatchDog.cancel(): canceling Thu May 10 00:22:20 UTC 2018
------------------ testing $PTII/ptolemy/domains/de/test/auto/SmartSender.xml
auto.tcl: Setting watchdog for 200 seconds at Thu May 10 00:22:20 UTC 2018
3001 ms. Memory: 158720K Free: 148804K (94%)
ptolemy.util.test.WatchDog.cancel(): canceling Thu May 10 00:22:23 UTC 2018
auto.tcl: Setting watchdog for 200 seconds at Thu May 10 00:22:23 UTC 2018
3002 ms. Memory: 158720K Free: 147562K (93%)
ptolemy.util.test.WatchDog.cancel(): canceling Thu May 10 00:22:26 UTC 2018
------------------ testing $PTII/ptolemy/domains/de/test/auto/ThreadedComposite.xml
auto.tcl: Setting watchdog for 200 seconds at Thu May 10 00:22:26 UTC 2018
362 ms. Memory: 159232K Free: 128252K (81%)
ptolemy.util.test.WatchDog.cancel(): canceling Thu May 10 00:22:27 UTC 2018
auto.tcl: Setting watchdog for 200 seconds at Thu May 10 00:22:27 UTC 2018
364 ms. Memory: 159232K Free: 111274K (70%)
ptolemy.util.test.WatchDog.cancel(): canceling Thu May 10 00:22:27 UTC 2018
------------------ testing $PTII/ptolemy/domains/de/test/auto/Time.xml
auto.tcl: Setting watchdog for 200 seconds at Thu May 10 00:22:27 UTC 2018
1158 ms. Memory: 158720K Free: 97615K (62%)
ptolemy.util.test.WatchDog.cancel(): canceling Thu May 10 00:22:28 UTC 2018
auto.tcl: Setting watchdog for 200 seconds at Thu May 10 00:22:28 UTC 2018
844 ms. Memory: 156672K Free: 122218K (78%)
ptolemy.util.test.WatchDog.cancel(): canceling Thu May 10 00:22:29 UTC 2018
------------------ testing $PTII/ptolemy/domains/de/test/auto/TimeDelayZeroDelay.xml
auto.tcl: Setting watchdog for 200 seconds at Thu May 10 00:22:29 UTC 2018
3 ms. Memory: 156160K Free: 147372K (94%)
ptolemy.util.test.WatchDog.cancel(): canceling Thu May 10 00:22:29 UTC 2018
auto.tcl: Setting watchdog for 200 seconds at Thu May 10 00:22:29 UTC 2018
3 ms. Memory: 156160K Free: 146519K (94%)
ptolemy.util.test.WatchDog.cancel(): canceling Thu May 10 00:22:29 UTC 2018
------------------ testing $PTII/ptolemy/domains/de/test/auto/TimerZeroDelay.xml
auto.tcl: Setting watchdog for 200 seconds at Thu May 10 00:22:29 UTC 2018
3 ms. Memory: 156672K Free: 147919K (94%)
ptolemy.util.test.WatchDog.cancel(): canceling Thu May 10 00:22:29 UTC 2018
auto.tcl: Setting watchdog for 200 seconds at Thu May 10 00:22:29 UTC 2018
3 ms. Memory: 156672K Free: 147105K (94%)
ptolemy.util.test.WatchDog.cancel(): canceling Thu May 10 00:22:29 UTC 2018
------------------ testing $PTII/ptolemy/domains/de/test/auto/TimingParadox.xml
auto.tcl: Setting watchdog for 200 seconds at Thu May 10 00:22:29 UTC 2018
539 ms. Memory: 156160K Free: 80113K (51%)
ptolemy.util.test.WatchDog.cancel(): canceling Thu May 10 00:22:30 UTC 2018
auto.tcl: Setting watchdog for 200 seconds at Thu May 10 00:22:30 UTC 2018
522 ms. Memory: 153600K Free: 116749K (76%)
ptolemy.util.test.WatchDog.cancel(): canceling Thu May 10 00:22:30 UTC 2018
------------------ testing $PTII/ptolemy/domains/de/test/auto/TransferInputs.xml
auto.tcl: Setting watchdog for 200 seconds at Thu May 10 00:22:31 UTC 2018
9 ms. Memory: 153600K Free: 142478K (93%)
ptolemy.util.test.WatchDog.cancel(): canceling Thu May 10 00:22:31 UTC 2018
auto.tcl: Setting watchdog for 200 seconds at Thu May 10 00:22:31 UTC 2018
2 ms. Memory: 153600K Free: 141689K (92%)
ptolemy.util.test.WatchDog.cancel(): canceling Thu May 10 00:22:31 UTC 2018
------------------ testing $PTII/ptolemy/domains/de/test/auto/TransferOutputs2.xml
auto.tcl: Setting watchdog for 200 seconds at Thu May 10 00:22:31 UTC 2018
4 ms. Memory: 154112K Free: 140889K (91%)
ptolemy.util.test.WatchDog.cancel(): canceling Thu May 10 00:22:31 UTC 2018
auto.tcl: Setting watchdog for 200 seconds at Thu May 10 00:22:31 UTC 2018
5 ms. Memory: 154112K Free: 139343K (90%)
ptolemy.util.test.WatchDog.cancel(): canceling Thu May 10 00:22:31 UTC 2018
------------------ testing $PTII/ptolemy/domains/de/test/auto/Trilateration.xml
auto.tcl: Setting watchdog for 200 seconds at Thu May 10 00:22:31 UTC 2018
17138 ms. Memory: 233472K Free: 206334K (88%)
ptolemy.util.test.WatchDog.cancel(): canceling Thu May 10 00:22:49 UTC 2018
auto.tcl: Setting watchdog for 200 seconds at Thu May 10 00:22:49 UTC 2018
12950 ms. Memory: 141824K Free: 90608K (64%)
ptolemy.util.test.WatchDog.cancel(): canceling Thu May 10 00:23:02 UTC 2018
------------------ testing $PTII/ptolemy/domains/de/test/auto/TwoSigmaDelta.xml
auto.tcl: Setting watchdog for 200 seconds at Thu May 10 00:23:02 UTC 2018
3518 ms. Memory: 135680K Free: 90444K (67%)
ptolemy.util.test.WatchDog.cancel(): canceling Thu May 10 00:23:06 UTC 2018
auto.tcl: Setting watchdog for 200 seconds at Thu May 10 00:23:06 UTC 2018
2535 ms. Memory: 130048K Free: 65717K (51%)
ptolemy.util.test.WatchDog.cancel(): canceling Thu May 10 00:23:09 UTC 2018
------------------ testing $PTII/ptolemy/domains/de/test/auto/VariableDelay.xml
auto.tcl: Setting watchdog for 200 seconds at Thu May 10 00:23:09 UTC 2018
3 ms. Memory: 130048K Free: 120112K (92%)
ptolemy.util.test.WatchDog.cancel(): canceling Thu May 10 00:23:09 UTC 2018
auto.tcl: Setting watchdog for 200 seconds at Thu May 10 00:23:09 UTC 2018
3 ms. Memory: 130048K Free: 119187K (92%)
ptolemy.util.test.WatchDog.cancel(): canceling Thu May 10 00:23:09 UTC 2018
------------------ testing $PTII/ptolemy/domains/de/test/auto/VariableDelay2.xml
auto.tcl: Setting watchdog for 200 seconds at Thu May 10 00:23:09 UTC 2018
8 ms. Memory: 130048K Free: 120552K (93%)
ptolemy.util.test.WatchDog.cancel(): canceling Thu May 10 00:23:09 UTC 2018
auto.tcl: Setting watchdog for 200 seconds at Thu May 10 00:23:09 UTC 2018
3 ms. Memory: 130048K Free: 119643K (92%)
ptolemy.util.test.WatchDog.cancel(): canceling Thu May 10 00:23:09 UTC 2018
------------------ testing $PTII/ptolemy/domains/de/test/auto/VariableDelayZeroDelay.xml
auto.tcl: Setting watchdog for 200 seconds at Thu May 10 00:23:09 UTC 2018
3 ms. Memory: 130048K Free: 120559K (93%)
ptolemy.util.test.WatchDog.cancel(): canceling Thu May 10 00:23:09 UTC 2018
auto.tcl: Setting watchdog for 200 seconds at Thu May 10 00:23:09 UTC 2018
2 ms. Memory: 130048K Free: 119635K (92%)
ptolemy.util.test.WatchDog.cancel(): canceling Thu May 10 00:23:09 UTC 2018
------------------ testing $PTII/ptolemy/domains/de/test/auto/VariableDelayZeroDelay2.xml
auto.tcl: Setting watchdog for 200 seconds at Thu May 10 00:23:09 UTC 2018
2 ms. Memory: 130048K Free: 120566K (93%)
ptolemy.util.test.WatchDog.cancel(): canceling Thu May 10 00:23:09 UTC 2018
auto.tcl: Setting watchdog for 200 seconds at Thu May 10 00:23:09 UTC 2018
3 ms. Memory: 130048K Free: 119649K (92%)
ptolemy.util.test.WatchDog.cancel(): canceling Thu May 10 00:23:09 UTC 2018
------------------ testing $PTII/ptolemy/domains/de/test/auto/deInCt.xml
auto.tcl: Setting watchdog for 200 seconds at Thu May 10 00:23:09 UTC 2018
0
1
1
0
0
0
1
1
1
0
0
0
0
1
1
1
0
0
0
1
1
1
0
0
0
1
1
1
1
0
0
0
1
1
1
0
0
0
0
1
1
1
1
1
11 ms. Memory: 130048K Free: 118671K (91%)
ptolemy.util.test.WatchDog.cancel(): canceling Thu May 10 00:23:09 UTC 2018
auto.tcl: Setting watchdog for 200 seconds at Thu May 10 00:23:09 UTC 2018
0
1
1
1
0
0
0
0
0
1
1
1
1
0
0
0
1
1
1
0
0
0
1
1
1
0
0
0
1
1
0
0
0
1
1
1
0
0
0
1
1
1
1
0
0
0
0
11 ms. Memory: 130048K Free: 116837K (90%)
ptolemy.util.test.WatchDog.cancel(): canceling Thu May 10 00:23:09 UTC 2018
------------------ testing $PTII/ptolemy/domains/de/test/auto/deInCt2.xml
auto.tcl: Setting watchdog for 200 seconds at Thu May 10 00:23:09 UTC 2018
0
1
1
1
0
0
1
1
1
0
0
1
1
1
0
0
1
1
1
0
0
1
1
1
0
0
1
1
1
0
0
1
1
1
0
0
1
1
1
0
0
0
12 ms. Memory: 130048K Free: 118633K (91%)
ptolemy.util.test.WatchDog.cancel(): canceling Thu May 10 00:23:09 UTC 2018
auto.tcl: Setting watchdog for 200 seconds at Thu May 10 00:23:09 UTC 2018
0
1
1
1
0
0
1
1
1
0
0
1
1
1
0
0
1
1
1
0
0
1
1
1
0
0
1
1
1
0
0
1
1
1
0
0
1
1
1
0
0
0
7 ms. Memory: 130048K Free: 116799K (90%)
ptolemy.util.test.WatchDog.cancel(): canceling Thu May 10 00:23:09 UTC 2018
------------------ testing $PTII/ptolemy/domains/de/test/auto/dynamicCausalityInterface1.xml
auto.tcl: Setting watchdog for 200 seconds at Thu May 10 00:23:09 UTC 2018
2 ms. Memory: 130048K Free: 114141K (88%)
ptolemy.util.test.WatchDog.cancel(): canceling Thu May 10 00:23:09 UTC 2018
auto.tcl: Setting watchdog for 200 seconds at Thu May 10 00:23:09 UTC 2018
1 ms. Memory: 130048K Free: 113216K (87%)
ptolemy.util.test.WatchDog.cancel(): canceling Thu May 10 00:23:09 UTC 2018
------------------ testing $PTII/ptolemy/domains/de/test/auto/fsm_de_test.xml
auto.tcl: Setting watchdog for 200 seconds at Thu May 10 00:23:09 UTC 2018
8 ms. Memory: 130048K Free: 114896K (88%)
ptolemy.util.test.WatchDog.cancel(): canceling Thu May 10 00:23:09 UTC 2018
auto.tcl: Setting watchdog for 200 seconds at Thu May 10 00:23:09 UTC 2018
14 ms. Memory: 130048K Free: 113023K (87%)
ptolemy.util.test.WatchDog.cancel(): canceling Thu May 10 00:23:09 UTC 2018
------------------ testing $PTII/ptolemy/domains/de/test/auto/functionDependencyReconstruction.xml
auto.tcl: Setting watchdog for 200 seconds at Thu May 10 00:23:09 UTC 2018
3 ms. Memory: 130048K Free: 107536K (83%)
ptolemy.util.test.WatchDog.cancel(): canceling Thu May 10 00:23:09 UTC 2018
auto.tcl: Setting watchdog for 200 seconds at Thu May 10 00:23:09 UTC 2018
4 ms. Memory: 130048K Free: 105687K (81%)
ptolemy.util.test.WatchDog.cancel(): canceling Thu May 10 00:23:09 UTC 2018
------------------ testing $PTII/ptolemy/domains/de/test/auto/multirate.xml
auto.tcl: Setting watchdog for 200 seconds at Thu May 10 00:23:09 UTC 2018
4 ms. Memory: 130048K Free: 116555K (90%)
ptolemy.util.test.WatchDog.cancel(): canceling Thu May 10 00:23:09 UTC 2018
auto.tcl: Setting watchdog for 200 seconds at Thu May 10 00:23:09 UTC 2018
7 ms. Memory: 130048K Free: 115630K (89%)
ptolemy.util.test.WatchDog.cancel(): canceling Thu May 10 00:23:09 UTC 2018
------------------ testing $PTII/ptolemy/domains/de/test/auto/multirate2.xml
auto.tcl: Setting watchdog for 200 seconds at Thu May 10 00:23:09 UTC 2018
9 ms. Memory: 130048K Free: 116777K (90%)
ptolemy.util.test.WatchDog.cancel(): canceling Thu May 10 00:23:10 UTC 2018
auto.tcl: Setting watchdog for 200 seconds at Thu May 10 00:23:10 UTC 2018
4 ms. Memory: 130048K Free: 115852K (89%)
ptolemy.util.test.WatchDog.cancel(): canceling Thu May 10 00:23:10 UTC 2018
------------------ testing $PTII/ptolemy/domains/de/test/auto/realtime.xml
auto.tcl: Setting watchdog for 200 seconds at Thu May 10 00:23:10 UTC 2018
10001 ms. Memory: 130048K Free: 119604K (92%)
ptolemy.util.test.WatchDog.cancel(): canceling Thu May 10 00:23:20 UTC 2018
auto.tcl: Setting watchdog for 200 seconds at Thu May 10 00:23:20 UTC 2018
10001 ms. Memory: 130048K Free: 118679K (91%)
ptolemy.util.test.WatchDog.cancel(): canceling Thu May 10 00:23:30 UTC 2018
------------------ testing $PTII/ptolemy/domains/de/test/auto/relationGroup.xml
auto.tcl: Setting watchdog for 200 seconds at Thu May 10 00:23:30 UTC 2018
1 ms. Memory: 130048K Free: 121465K (93%)
ptolemy.util.test.WatchDog.cancel(): canceling Thu May 10 00:23:30 UTC 2018
auto.tcl: Setting watchdog for 200 seconds at Thu May 10 00:23:30 UTC 2018
1 ms. Memory: 130048K Free: 120540K (93%)
ptolemy.util.test.WatchDog.cancel(): canceling Thu May 10 00:23:30 UTC 2018
------------------ testing $PTII/ptolemy/domains/de/test/auto/relationGroup2.xml
auto.tcl: Setting watchdog for 200 seconds at Thu May 10 00:23:30 UTC 2018
2 ms. Memory: 130048K Free: 121452K (93%)
ptolemy.util.test.WatchDog.cancel(): canceling Thu May 10 00:23:30 UTC 2018
auto.tcl: Setting watchdog for 200 seconds at Thu May 10 00:23:30 UTC 2018
1 ms. Memory: 130048K Free: 120527K (93%)
ptolemy.util.test.WatchDog.cancel(): canceling Thu May 10 00:23:30 UTC 2018
------------------ testing $PTII/ptolemy/domains/de/test/auto/sortWithOpaquePorts.xml
auto.tcl: Setting watchdog for 200 seconds at Thu May 10 00:23:30 UTC 2018
1 ms. Memory: 130048K Free: 119555K (92%)
ptolemy.util.test.WatchDog.cancel(): canceling Thu May 10 00:23:30 UTC 2018
auto.tcl: Setting watchdog for 200 seconds at Thu May 10 00:23:30 UTC 2018
1 ms. Memory: 130048K Free: 117706K (91%)
ptolemy.util.test.WatchDog.cancel(): canceling Thu May 10 00:23:30 UTC 2018
------------------ testing $PTII/ptolemy/domains/de/test/auto/transferInputsandOutputs.xml
auto.tcl: Setting watchdog for 200 seconds at Thu May 10 00:23:30 UTC 2018
2 ms. Memory: 130048K Free: 116817K (90%)
ptolemy.util.test.WatchDog.cancel(): canceling Thu May 10 00:23:30 UTC 2018
auto.tcl: Setting watchdog for 200 seconds at Thu May 10 00:23:30 UTC 2018
2 ms. Memory: 130048K Free: 115868K (89%)
ptolemy.util.test.WatchDog.cancel(): canceling Thu May 10 00:23:30 UTC 2018
------------------ testing $PTII/ptolemy/domains/de/test/auto/triggerType.xml
auto.tcl: Setting watchdog for 200 seconds at Thu May 10 00:23:30 UTC 2018
2 ms. Memory: 130048K Free: 120498K (93%)
ptolemy.util.test.WatchDog.cancel(): canceling Thu May 10 00:23:30 UTC 2018
auto.tcl: Setting watchdog for 200 seconds at Thu May 10 00:23:30 UTC 2018
1 ms. Memory: 130048K Free: 119574K (92%)
ptolemy.util.test.WatchDog.cancel(): canceling Thu May 10 00:23:30 UTC 2018
05/10/18 12:23:30
Failed: 0  Total Tests: 192  ((Passed: 187, Newly Passed: 1)  Known Failed: 5) /home/travis/build/icyphy/ptII/ptolemy/domains/de/test
05/10/18 12:23:30
Failed: 0  Total Tests: 192  ((Passed: 187, Newly Passed: 1)  Known Failed: 5) /home/travis/build/icyphy/ptII/ptolemy/domains/de/test
----------------- testing (KnownFailure) /home/travis/build/icyphy/ptII/ptolemy/domains/de/test/auto/knownFailedTests/DESDFClockTest.xml
2009 ms. Memory: 130048K Free: 112517K (87%)
Known Failure: java.lang.reflect.InvocationTargetException
----------------- testing (KnownFailure) /home/travis/build/icyphy/ptII/ptolemy/domains/de/test/auto/knownFailedTests/DirectFeedback.xml
2 ms. Memory: 130048K Free: 106664K (82%)
Known Failure: java.lang.reflect.InvocationTargetException
----------------- testing (KnownFailure) /home/travis/build/icyphy/ptII/ptolemy/domains/de/test/auto/knownFailedTests/FSMSource.xml
11 ms. Memory: 130048K Free: 96879K (74%)
----------------- testing (KnownFailure) /home/travis/build/icyphy/ptII/ptolemy/domains/de/test/auto/knownFailedTests/HierarchicalModel.xml
2 ms. Memory: 130048K Free: 78267K (60%)
Known Failure: java.lang.reflect.InvocationTargetException
----------------- testing (KnownFailure) /home/travis/build/icyphy/ptII/ptolemy/domains/de/test/auto/knownFailedTests/dependencyLoop.xml
1 ms. Memory: 129024K Free: 106800K (83%)
Known Failure: java.lang.reflect.InvocationTargetException
----------------- testing (KnownFailure) /home/travis/build/icyphy/ptII/ptolemy/domains/de/test/auto/knownFailedTests/dependencyLoop2.xml
6 ms. Memory: 129024K Free: 87063K (67%)
Known Failure: java.lang.reflect.InvocationTargetException
No auto/*.xml tests in /home/travis/build/icyphy/ptII/ptolemy/domains/de/test
AutoTests.java: About to close Vertx.
AutoTests.java: Vertx closed.
----------------- testing Thu May 10 00:23:32 UTC 2018 /home/travis/build/icyphy/ptII/ptolemy/domains/de/test/auto/ActorDepthCalculation_actorWithoutPorts.xml
----------------- Instantiating /home/travis/build/icyphy/ptII/ptolemy/domains/de/test/auto/ActorDepthCalculation_actorWithoutPorts.xml
1 ms. Memory: 129024K Free: 76921K (60%)
----------------- Invoking toplevel() on ptolemy.moml.MoMLSimpleApplication@61a84f80
----------------- Done invoking toplevel() on ptolemy.moml.MoMLSimpleApplication@61a84f80
reloadAllAccessors: .ActorDepthCalculation_actorWithoutPorts
----------------- testing Thu May 10 00:23:32 UTC 2018 /home/travis/build/icyphy/ptII/ptolemy/domains/de/test/auto/AssemblyLine.xml
----------------- Instantiating /home/travis/build/icyphy/ptII/ptolemy/domains/de/test/auto/AssemblyLine.xml
2 ms. Memory: 128000K Free: 115480K (90%)
----------------- Invoking toplevel() on ptolemy.moml.MoMLSimpleApplication@3922a14d
----------------- Done invoking toplevel() on ptolemy.moml.MoMLSimpleApplication@3922a14d
reloadAllAccessors: .AssemblyLine
----------------- testing Thu May 10 00:23:32 UTC 2018 /home/travis/build/icyphy/ptII/ptolemy/domains/de/test/auto/CQBug1.xml
----------------- Instantiating /home/travis/build/icyphy/ptII/ptolemy/domains/de/test/auto/CQBug1.xml
1 ms. Memory: 128000K Free: 110968K (87%)
----------------- Invoking toplevel() on ptolemy.moml.MoMLSimpleApplication@72bebd1d
----------------- Done invoking toplevel() on ptolemy.moml.MoMLSimpleApplication@72bebd1d
reloadAllAccessors: .CQBug1
----------------- testing Thu May 10 00:23:32 UTC 2018 /home/travis/build/icyphy/ptII/ptolemy/domains/de/test/auto/CancelFireAt.xml
----------------- Instantiating /home/travis/build/icyphy/ptII/ptolemy/domains/de/test/auto/CancelFireAt.xml
1 ms. Memory: 128000K Free: 106825K (83%)
----------------- Invoking toplevel() on ptolemy.moml.MoMLSimpleApplication@62b00d66
----------------- Done invoking toplevel() on ptolemy.moml.MoMLSimpleApplication@62b00d66
reloadAllAccessors: .CancelFireAt
----------------- testing Thu May 10 00:23:32 UTC 2018 /home/travis/build/icyphy/ptII/ptolemy/domains/de/test/auto/CausalityAndComposabilityAnalysis.xml
----------------- Instantiating /home/travis/build/icyphy/ptII/ptolemy/domains/de/test/auto/CausalityAndComposabilityAnalysis.xml
1 ms. Memory: 128000K Free: 100833K (79%)
----------------- Invoking toplevel() on ptolemy.moml.MoMLSimpleApplication@6941da64
----------------- Done invoking toplevel() on ptolemy.moml.MoMLSimpleApplication@6941da64
reloadAllAccessors: .CausalityAndComposabilityAnalysis
----------------- testing Thu May 10 00:23:32 UTC 2018 /home/travis/build/icyphy/ptII/ptolemy/domains/de/test/auto/CausalityInterface1.xml
----------------- Instantiating /home/travis/build/icyphy/ptII/ptolemy/domains/de/test/auto/CausalityInterface1.xml
2 ms. Memory: 128000K Free: 93877K (73%)
----------------- Invoking toplevel() on ptolemy.moml.MoMLSimpleApplication@cde53b
----------------- Done invoking toplevel() on ptolemy.moml.MoMLSimpleApplication@cde53b
reloadAllAccessors: .CausalityInterface1
----------------- testing Thu May 10 00:23:32 UTC 2018 /home/travis/build/icyphy/ptII/ptolemy/domains/de/test/auto/CausalityInterface15.xml
----------------- Instantiating /home/travis/build/icyphy/ptII/ptolemy/domains/de/test/auto/CausalityInterface15.xml
1 ms. Memory: 128000K Free: 86930K (68%)
----------------- Invoking toplevel() on ptolemy.moml.MoMLSimpleApplication@6cf1810f
----------------- Done invoking toplevel() on ptolemy.moml.MoMLSimpleApplication@6cf1810f
reloadAllAccessors: .CausalityInterface15
----------------- testing Thu May 10 00:23:32 UTC 2018 /home/travis/build/icyphy/ptII/ptolemy/domains/de/test/auto/CausalityInterface2.xml
----------------- Instantiating /home/travis/build/icyphy/ptII/ptolemy/domains/de/test/auto/CausalityInterface2.xml
1 ms. Memory: 128000K Free: 80923K (63%)
----------------- Invoking toplevel() on ptolemy.moml.MoMLSimpleApplication@5193f972
----------------- Done invoking toplevel() on ptolemy.moml.MoMLSimpleApplication@5193f972
reloadAllAccessors: .CausalityInterface2
----------------- testing Thu May 10 00:23:32 UTC 2018 /home/travis/build/icyphy/ptII/ptolemy/domains/de/test/auto/CausalityInterface3.xml
----------------- Instantiating /home/travis/build/icyphy/ptII/ptolemy/domains/de/test/auto/CausalityInterface3.xml
1 ms. Memory: 126976K Free: 119727K (94%)
----------------- Invoking toplevel() on ptolemy.moml.MoMLSimpleApplication@1174aae2
----------------- Done invoking toplevel() on ptolemy.moml.MoMLSimpleApplication@1174aae2
reloadAllAccessors: .CausalityInterface3
----------------- testing Thu May 10 00:23:32 UTC 2018 /home/travis/build/icyphy/ptII/ptolemy/domains/de/test/auto/ClockDrift.xml
----------------- Instantiating /home/travis/build/icyphy/ptII/ptolemy/domains/de/test/auto/ClockDrift.xml
11 ms. Memory: 126976K Free: 105187K (83%)
----------------- Invoking toplevel() on ptolemy.moml.MoMLSimpleApplication@449dc4cb
----------------- Done invoking toplevel() on ptolemy.moml.MoMLSimpleApplication@449dc4cb
reloadAllAccessors: .ClockDrift
----------------- testing Thu May 10 00:23:32 UTC 2018 /home/travis/build/icyphy/ptII/ptolemy/domains/de/test/auto/ClockDriftAndValueChange.xml
----------------- Instantiating /home/travis/build/icyphy/ptII/ptolemy/domains/de/test/auto/ClockDriftAndValueChange.xml
10 ms. Memory: 126976K Free: 91215K (72%)
----------------- Invoking toplevel() on ptolemy.moml.MoMLSimpleApplication@b622ba1
----------------- Done invoking toplevel() on ptolemy.moml.MoMLSimpleApplication@b622ba1
reloadAllAccessors: .ClockDriftAndValueChange
----------------- testing Thu May 10 00:23:32 UTC 2018 /home/travis/build/icyphy/ptII/ptolemy/domains/de/test/auto/ClockDriftChange.xml
----------------- Instantiating /home/travis/build/icyphy/ptII/ptolemy/domains/de/test/auto/ClockDriftChange.xml
10 ms. Memory: 126976K Free: 79425K (63%)
----------------- Invoking toplevel() on ptolemy.moml.MoMLSimpleApplication@2d5d5664
----------------- Done invoking toplevel() on ptolemy.moml.MoMLSimpleApplication@2d5d5664
reloadAllAccessors: .ClockDriftChange
----------------- testing Thu May 10 00:23:32 UTC 2018 /home/travis/build/icyphy/ptII/ptolemy/domains/de/test/auto/ComposableCausalityAnalysis.xml
----------------- Instantiating /home/travis/build/icyphy/ptII/ptolemy/domains/de/test/auto/ComposableCausalityAnalysis.xml
1 ms. Memory: 125952K Free: 117329K (93%)
----------------- Invoking toplevel() on ptolemy.moml.MoMLSimpleApplication@503d6d5d
----------------- Done invoking toplevel() on ptolemy.moml.MoMLSimpleApplication@503d6d5d
reloadAllAccessors: .ComposableCausalityAnalysis
----------------- testing Thu May 10 00:23:32 UTC 2018 /home/travis/build/icyphy/ptII/ptolemy/domains/de/test/auto/DEFixedPointLimitation.xml
----------------- Instantiating /home/travis/build/icyphy/ptII/ptolemy/domains/de/test/auto/DEFixedPointLimitation.xml
1 ms. Memory: 125952K Free: 111775K (89%)
----------------- Invoking toplevel() on ptolemy.moml.MoMLSimpleApplication@7c754a01
----------------- Done invoking toplevel() on ptolemy.moml.MoMLSimpleApplication@7c754a01
reloadAllAccessors: .DEFixedPointLimitation
----------------- testing Thu May 10 00:23:32 UTC 2018 /home/travis/build/icyphy/ptII/ptolemy/domains/de/test/auto/DEScheduleTest.xml
----------------- Instantiating /home/travis/build/icyphy/ptII/ptolemy/domains/de/test/auto/DEScheduleTest.xml
2 ms. Memory: 125952K Free: 106628K (85%)
----------------- Invoking toplevel() on ptolemy.moml.MoMLSimpleApplication@4dfe60f0
----------------- Done invoking toplevel() on ptolemy.moml.MoMLSimpleApplication@4dfe60f0
reloadAllAccessors: .DEScheduleTest
----------------- testing Thu May 10 00:23:32 UTC 2018 /home/travis/build/icyphy/ptII/ptolemy/domains/de/test/auto/DEinDEwithStartTimes.xml
----------------- Instantiating /home/travis/build/icyphy/ptII/ptolemy/domains/de/test/auto/DEinDEwithStartTimes.xml
2 ms. Memory: 125952K Free: 99870K (79%)
----------------- Invoking toplevel() on ptolemy.moml.MoMLSimpleApplication@46de9859
----------------- Done invoking toplevel() on ptolemy.moml.MoMLSimpleApplication@46de9859
reloadAllAccessors: .DEinDEwithStartTimes
----------------- testing Thu May 10 00:23:32 UTC 2018 /home/travis/build/icyphy/ptII/ptolemy/domains/de/test/auto/DEinDEwithStartTimes2.xml
----------------- Instantiating /home/travis/build/icyphy/ptII/ptolemy/domains/de/test/auto/DEinDEwithStartTimes2.xml
2 ms. Memory: 125952K Free: 92454K (73%)
----------------- Invoking toplevel() on ptolemy.moml.MoMLSimpleApplication@22e16ea4
----------------- Done invoking toplevel() on ptolemy.moml.MoMLSimpleApplication@22e16ea4
reloadAllAccessors: .DEinDEwithStartTimes2
----------------- testing Thu May 10 00:23:32 UTC 2018 /home/travis/build/icyphy/ptII/ptolemy/domains/de/test/auto/DateDemo.xml
----------------- Instantiating /home/travis/build/icyphy/ptII/ptolemy/domains/de/test/auto/DateDemo.xml
8 ms. Memory: 125952K Free: 79793K (63%)
----------------- Invoking toplevel() on ptolemy.moml.MoMLSimpleApplication@7fc62b3c
----------------- Done invoking toplevel() on ptolemy.moml.MoMLSimpleApplication@7fc62b3c
reloadAllAccessors: .DateDemo
----------------- testing Thu May 10 00:23:32 UTC 2018 /home/travis/build/icyphy/ptII/ptolemy/domains/de/test/auto/DateToEvent.xml
----------------- Instantiating /home/travis/build/icyphy/ptII/ptolemy/domains/de/test/auto/DateToEvent.xml
2005 ms. Memory: 135168K Free: 114121K (84%)
----------------- Invoking toplevel() on ptolemy.moml.MoMLSimpleApplication@620c8d54
----------------- Done invoking toplevel() on ptolemy.moml.MoMLSimpleApplication@620c8d54
reloadAllAccessors: .DateToEvent
----------------- testing Thu May 10 00:23:34 UTC 2018 /home/travis/build/icyphy/ptII/ptolemy/domains/de/test/auto/DepthTest1.xml
----------------- Instantiating /home/travis/build/icyphy/ptII/ptolemy/domains/de/test/auto/DepthTest1.xml
1 ms. Memory: 135168K Free: 110356K (82%)
----------------- Invoking toplevel() on ptolemy.moml.MoMLSimpleApplication@1ace198a
----------------- Done invoking toplevel() on ptolemy.moml.MoMLSimpleApplication@1ace198a
reloadAllAccessors: .DepthTest1
----------------- testing Thu May 10 00:23:34 UTC 2018 /home/travis/build/icyphy/ptII/ptolemy/domains/de/test/auto/DepthTest2.xml
----------------- Instantiating /home/travis/build/icyphy/ptII/ptolemy/domains/de/test/auto/DepthTest2.xml
2 ms. Memory: 135168K Free: 102218K (76%)
----------------- Invoking toplevel() on ptolemy.moml.MoMLSimpleApplication@75ca89e7
----------------- Done invoking toplevel() on ptolemy.moml.MoMLSimpleApplication@75ca89e7
reloadAllAccessors: .DepthTest2
----------------- testing Thu May 10 00:23:34 UTC 2018 /home/travis/build/icyphy/ptII/ptolemy/domains/de/test/auto/DepthTest3.xml
----------------- Instantiating /home/travis/build/icyphy/ptII/ptolemy/domains/de/test/auto/DepthTest3.xml
1 ms. Memory: 135168K Free: 98421K (73%)
----------------- Invoking toplevel() on ptolemy.moml.MoMLSimpleApplication@28401f6f
----------------- Done invoking toplevel() on ptolemy.moml.MoMLSimpleApplication@28401f6f
reloadAllAccessors: .DepthTest3
----------------- testing Thu May 10 00:23:34 UTC 2018 /home/travis/build/icyphy/ptII/ptolemy/domains/de/test/auto/DepthTest4.xml
----------------- Instantiating /home/travis/build/icyphy/ptII/ptolemy/domains/de/test/auto/DepthTest4.xml
2 ms. Memory: 135168K Free: 91927K (68%)
----------------- Invoking toplevel() on ptolemy.moml.MoMLSimpleApplication@2bce8076
----------------- Done invoking toplevel() on ptolemy.moml.MoMLSimpleApplication@2bce8076
reloadAllAccessors: .DepthTest4
----------------- testing Thu May 10 00:23:35 UTC 2018 /home/travis/build/icyphy/ptII/ptolemy/domains/de/test/auto/DepthTest5.xml
----------------- Instantiating /home/travis/build/icyphy/ptII/ptolemy/domains/de/test/auto/DepthTest5.xml
2 ms. Memory: 135168K Free: 84888K (63%)
----------------- Invoking toplevel() on ptolemy.moml.MoMLSimpleApplication@4e901f28
----------------- Done invoking toplevel() on ptolemy.moml.MoMLSimpleApplication@4e901f28
reloadAllAccessors: .DepthTest5
----------------- testing Thu May 10 00:23:35 UTC 2018 /home/travis/build/icyphy/ptII/ptolemy/domains/de/test/auto/DepthTest6.xml
----------------- Instantiating /home/travis/build/icyphy/ptII/ptolemy/domains/de/test/auto/DepthTest6.xml
2 ms. Memory: 135168K Free: 78008K (58%)
----------------- Invoking toplevel() on ptolemy.moml.MoMLSimpleApplication@611a32ab
----------------- Done invoking toplevel() on ptolemy.moml.MoMLSimpleApplication@611a32ab
reloadAllAccessors: .DepthTest6
----------------- testing Thu May 10 00:23:35 UTC 2018 /home/travis/build/icyphy/ptII/ptolemy/domains/de/test/auto/DepthTest7.xml
----------------- Instantiating /home/travis/build/icyphy/ptII/ptolemy/domains/de/test/auto/DepthTest7.xml
1 ms. Memory: 134144K Free: 124318K (93%)
----------------- Invoking toplevel() on ptolemy.moml.MoMLSimpleApplication@f936919
----------------- Done invoking toplevel() on ptolemy.moml.MoMLSimpleApplication@f936919
reloadAllAccessors: .DepthTest7
----------------- testing Thu May 10 00:23:35 UTC 2018 /home/travis/build/icyphy/ptII/ptolemy/domains/de/test/auto/EventToDate.xml
----------------- Instantiating /home/travis/build/icyphy/ptII/ptolemy/domains/de/test/auto/EventToDate.xml
3005 ms. Memory: 134144K Free: 108429K (81%)
----------------- Invoking toplevel() on ptolemy.moml.MoMLSimpleApplication@159fef77
----------------- Done invoking toplevel() on ptolemy.moml.MoMLSimpleApplication@159fef77
reloadAllAccessors: .EventToDate
----------------- testing Thu May 10 00:23:38 UTC 2018 /home/travis/build/icyphy/ptII/ptolemy/domains/de/test/auto/FSM1.xml
----------------- Instantiating /home/travis/build/icyphy/ptII/ptolemy/domains/de/test/auto/FSM1.xml
11 ms. Memory: 134144K Free: 94624K (71%)
----------------- Invoking toplevel() on ptolemy.moml.MoMLSimpleApplication@71a119fe
----------------- Done invoking toplevel() on ptolemy.moml.MoMLSimpleApplication@71a119fe
reloadAllAccessors: .FSM1
----------------- testing Thu May 10 00:23:38 UTC 2018 /home/travis/build/icyphy/ptII/ptolemy/domains/de/test/auto/FSM7.xml
----------------- Instantiating /home/travis/build/icyphy/ptII/ptolemy/domains/de/test/auto/FSM7.xml
20 ms. Memory: 134144K Free: 80764K (60%)
----------------- Invoking toplevel() on ptolemy.moml.MoMLSimpleApplication@1e5eb6d5
----------------- Done invoking toplevel() on ptolemy.moml.MoMLSimpleApplication@1e5eb6d5
reloadAllAccessors: .FSM7
----------------- testing Thu May 10 00:23:38 UTC 2018 /home/travis/build/icyphy/ptII/ptolemy/domains/de/test/auto/Inspection.xml
----------------- Instantiating /home/travis/build/icyphy/ptII/ptolemy/domains/de/test/auto/Inspection.xml
22 ms. Memory: 132096K Free: 116837K (88%)
----------------- Invoking toplevel() on ptolemy.moml.MoMLSimpleApplication@97dccf1
----------------- Done invoking toplevel() on ptolemy.moml.MoMLSimpleApplication@97dccf1
reloadAllAccessors: .Inspection
----------------- testing Thu May 10 00:23:38 UTC 2018 /home/travis/build/icyphy/ptII/ptolemy/domains/de/test/auto/Iteration.xml
----------------- Instantiating /home/travis/build/icyphy/ptII/ptolemy/domains/de/test/auto/Iteration.xml
15 ms. Memory: 132096K Free: 108656K (82%)
----------------- Invoking toplevel() on ptolemy.moml.MoMLSimpleApplication@232539f3
----------------- Done invoking toplevel() on ptolemy.moml.MoMLSimpleApplication@232539f3
reloadAllAccessors: .Iteration
----------------- testing Thu May 10 00:23:38 UTC 2018 /home/travis/build/icyphy/ptII/ptolemy/domains/de/test/auto/LineFault.xml
----------------- Instantiating /home/travis/build/icyphy/ptII/ptolemy/domains/de/test/auto/LineFault.xml
762 ms. Memory: 141312K Free: 108248K (77%)
----------------- Invoking toplevel() on ptolemy.moml.MoMLSimpleApplication@62c1b19f
----------------- Done invoking toplevel() on ptolemy.moml.MoMLSimpleApplication@62c1b19f
reloadAllAccessors: .LineFault
----------------- testing Thu May 10 00:23:39 UTC 2018 /home/travis/build/icyphy/ptII/ptolemy/domains/de/test/auto/MergeModel1Add.xml
----------------- Instantiating /home/travis/build/icyphy/ptII/ptolemy/domains/de/test/auto/MergeModel1Add.xml
13 ms. Memory: 141312K Free: 86559K (61%)
----------------- Invoking toplevel() on ptolemy.moml.MoMLSimpleApplication@572654c5
----------------- Done invoking toplevel() on ptolemy.moml.MoMLSimpleApplication@572654c5
reloadAllAccessors: .MergeModel1Add
----------------- testing Thu May 10 00:23:39 UTC 2018 /home/travis/build/icyphy/ptII/ptolemy/domains/de/test/auto/MergeModel2Add.xml
----------------- Instantiating /home/travis/build/icyphy/ptII/ptolemy/domains/de/test/auto/MergeModel2Add.xml
10 ms. Memory: 153600K Free: 137122K (89%)
----------------- Invoking toplevel() on ptolemy.moml.MoMLSimpleApplication@32347cbe
----------------- Done invoking toplevel() on ptolemy.moml.MoMLSimpleApplication@32347cbe
reloadAllAccessors: .MergeModel2Add
----------------- testing Thu May 10 00:23:39 UTC 2018 /home/travis/build/icyphy/ptII/ptolemy/domains/de/test/auto/MergeModel3Add.xml
----------------- Instantiating /home/travis/build/icyphy/ptII/ptolemy/domains/de/test/auto/MergeModel3Add.xml
7 ms. Memory: 153600K Free: 116305K (76%)
----------------- Invoking toplevel() on ptolemy.moml.MoMLSimpleApplication@6034c660
----------------- Done invoking toplevel() on ptolemy.moml.MoMLSimpleApplication@6034c660
reloadAllAccessors: .MergeModel3Add
----------------- testing Thu May 10 00:23:39 UTC 2018 /home/travis/build/icyphy/ptII/ptolemy/domains/de/test/auto/MergeWithoutDiscard.xml
----------------- Instantiating /home/travis/build/icyphy/ptII/ptolemy/domains/de/test/auto/MergeWithoutDiscard.xml
1 ms. Memory: 153600K Free: 110741K (72%)
----------------- Invoking toplevel() on ptolemy.moml.MoMLSimpleApplication@272450e3
----------------- Done invoking toplevel() on ptolemy.moml.MoMLSimpleApplication@272450e3
reloadAllAccessors: .MergeWithoutDiscard
----------------- testing Thu May 10 00:23:39 UTC 2018 /home/travis/build/icyphy/ptII/ptolemy/domains/de/test/auto/Modal1.xml
----------------- Instantiating /home/travis/build/icyphy/ptII/ptolemy/domains/de/test/auto/Modal1.xml
10 ms. Memory: 153600K Free: 96456K (63%)
----------------- Invoking toplevel() on ptolemy.moml.MoMLSimpleApplication@41a2a348
----------------- Done invoking toplevel() on ptolemy.moml.MoMLSimpleApplication@41a2a348
reloadAllAccessors: .Modal1
----------------- testing Thu May 10 00:23:39 UTC 2018 /home/travis/build/icyphy/ptII/ptolemy/domains/de/test/auto/Modal2.xml
----------------- Instantiating /home/travis/build/icyphy/ptII/ptolemy/domains/de/test/auto/Modal2.xml
9 ms. Memory: 153600K Free: 82139K (53%)
----------------- Invoking toplevel() on ptolemy.moml.MoMLSimpleApplication@abcbe50
----------------- Done invoking toplevel() on ptolemy.moml.MoMLSimpleApplication@abcbe50
reloadAllAccessors: .Modal2
----------------- testing Thu May 10 00:23:39 UTC 2018 /home/travis/build/icyphy/ptII/ptolemy/domains/de/test/auto/Modal3.xml
----------------- Instantiating /home/travis/build/icyphy/ptII/ptolemy/domains/de/test/auto/Modal3.xml
9 ms. Memory: 167936K Free: 153514K (91%)
----------------- Invoking toplevel() on ptolemy.moml.MoMLSimpleApplication@762a210d
----------------- Done invoking toplevel() on ptolemy.moml.MoMLSimpleApplication@762a210d
reloadAllAccessors: .Modal3
----------------- testing Thu May 10 00:23:39 UTC 2018 /home/travis/build/icyphy/ptII/ptolemy/domains/de/test/auto/Modal4.xml
----------------- Instantiating /home/travis/build/icyphy/ptII/ptolemy/domains/de/test/auto/Modal4.xml
12 ms. Memory: 167936K Free: 138277K (82%)
----------------- Invoking toplevel() on ptolemy.moml.MoMLSimpleApplication@7f2790a9
----------------- Done invoking toplevel() on ptolemy.moml.MoMLSimpleApplication@7f2790a9
reloadAllAccessors: .Modal4
----------------- testing Thu May 10 00:23:39 UTC 2018 /home/travis/build/icyphy/ptII/ptolemy/domains/de/test/auto/Modal5.xml
----------------- Instantiating /home/travis/build/icyphy/ptII/ptolemy/domains/de/test/auto/Modal5.xml
11 ms. Memory: 167936K Free: 123035K (73%)
----------------- Invoking toplevel() on ptolemy.moml.MoMLSimpleApplication@6854e86b
----------------- Done invoking toplevel() on ptolemy.moml.MoMLSimpleApplication@6854e86b
reloadAllAccessors: .Modal5
----------------- testing Thu May 10 00:23:39 UTC 2018 /home/travis/build/icyphy/ptII/ptolemy/domains/de/test/auto/Modal6.xml
----------------- Instantiating /home/travis/build/icyphy/ptII/ptolemy/domains/de/test/auto/Modal6.xml
12 ms. Memory: 167936K Free: 108642K (65%)
----------------- Invoking toplevel() on ptolemy.moml.MoMLSimpleApplication@74c82683
----------------- Done invoking toplevel() on ptolemy.moml.MoMLSimpleApplication@74c82683
reloadAllAccessors: .Modal6
----------------- testing Thu May 10 00:23:39 UTC 2018 /home/travis/build/icyphy/ptII/ptolemy/domains/de/test/auto/Modal7.xml
----------------- Instantiating /home/travis/build/icyphy/ptII/ptolemy/domains/de/test/auto/Modal7.xml
11 ms. Memory: 167936K Free: 93374K (56%)
----------------- Invoking toplevel() on ptolemy.moml.MoMLSimpleApplication@7b744931
----------------- Done invoking toplevel() on ptolemy.moml.MoMLSimpleApplication@7b744931
reloadAllAccessors: .Modal7
----------------- testing Thu May 10 00:23:39 UTC 2018 /home/travis/build/icyphy/ptII/ptolemy/domains/de/test/auto/ModalModel.xml
----------------- Instantiating /home/travis/build/icyphy/ptII/ptolemy/domains/de/test/auto/ModalModel.xml
217 ms. Memory: 185344K Free: 125799K (68%)
----------------- Invoking toplevel() on ptolemy.moml.MoMLSimpleApplication@72fcbaf4
----------------- Done invoking toplevel() on ptolemy.moml.MoMLSimpleApplication@72fcbaf4
reloadAllAccessors: .ModalModel
----------------- testing Thu May 10 00:23:40 UTC 2018 /home/travis/build/icyphy/ptII/ptolemy/domains/de/test/auto/ModalSource.xml
----------------- Instantiating /home/travis/build/icyphy/ptII/ptolemy/domains/de/test/auto/ModalSource.xml
7 ms. Memory: 185344K Free: 115134K (62%)
----------------- Invoking toplevel() on ptolemy.moml.MoMLSimpleApplication@6e4f422
----------------- Done invoking toplevel() on ptolemy.moml.MoMLSimpleApplication@6e4f422
reloadAllAccessors: .ModalSource
----------------- testing Thu May 10 00:23:40 UTC 2018 /home/travis/build/icyphy/ptII/ptolemy/domains/de/test/auto/NonInterruptibleTimerZeroDelay.xml
----------------- Instantiating /home/travis/build/icyphy/ptII/ptolemy/domains/de/test/auto/NonInterruptibleTimerZeroDelay.xml
3 ms. Memory: 185344K Free: 110505K (60%)
----------------- Invoking toplevel() on ptolemy.moml.MoMLSimpleApplication@65ab60ed
----------------- Done invoking toplevel() on ptolemy.moml.MoMLSimpleApplication@65ab60ed
reloadAllAccessors: .NonInterruptibleTimerZeroDelay
----------------- testing Thu May 10 00:23:40 UTC 2018 /home/travis/build/icyphy/ptII/ptolemy/domains/de/test/auto/OpenQueueingNetwork.xml
----------------- Instantiating /home/travis/build/icyphy/ptII/ptolemy/domains/de/test/auto/OpenQueueingNetwork.xml
3114 ms. Memory: 221184K Free: 77889K (35%)
----------------- Invoking toplevel() on ptolemy.moml.MoMLSimpleApplication@33c2bd80
----------------- Done invoking toplevel() on ptolemy.moml.MoMLSimpleApplication@33c2bd80
reloadAllAccessors: .OpenQueueingNetwork
----------------- testing Thu May 10 00:23:43 UTC 2018 /home/travis/build/icyphy/ptII/ptolemy/domains/de/test/auto/OpenQueuingNetwork.xml
----------------- Instantiating /home/travis/build/icyphy/ptII/ptolemy/domains/de/test/auto/OpenQueuingNetwork.xml
247 ms. Memory: 214528K Free: 122108K (57%)
----------------- Invoking toplevel() on ptolemy.moml.MoMLSimpleApplication@391930eb
----------------- Done invoking toplevel() on ptolemy.moml.MoMLSimpleApplication@391930eb
reloadAllAccessors: .OpenQueuingNetwork
----------------- testing Thu May 10 00:23:43 UTC 2018 /home/travis/build/icyphy/ptII/ptolemy/domains/de/test/auto/PeriodicSampler.xml
----------------- Instantiating /home/travis/build/icyphy/ptII/ptolemy/domains/de/test/auto/PeriodicSampler.xml
2 ms. Memory: 214528K Free: 116225K (54%)
----------------- Invoking toplevel() on ptolemy.moml.MoMLSimpleApplication@45f70f0f
----------------- Done invoking toplevel() on ptolemy.moml.MoMLSimpleApplication@45f70f0f
reloadAllAccessors: .PeriodicSampler
----------------- testing Thu May 10 00:23:43 UTC 2018 /home/travis/build/icyphy/ptII/ptolemy/domains/de/test/auto/PersistentIO.xml
----------------- Instantiating /home/travis/build/icyphy/ptII/ptolemy/domains/de/test/auto/PersistentIO.xml
5 ms. Memory: 214528K Free: 105077K (49%)
----------------- Invoking toplevel() on ptolemy.moml.MoMLSimpleApplication@21d63d9e
----------------- Done invoking toplevel() on ptolemy.moml.MoMLSimpleApplication@21d63d9e
reloadAllAccessors: .PersistentIO
----------------- testing Thu May 10 00:23:43 UTC 2018 /home/travis/build/icyphy/ptII/ptolemy/domains/de/test/auto/PortParameterResetOnInitialize.xml
----------------- Instantiating /home/travis/build/icyphy/ptII/ptolemy/domains/de/test/auto/PortParameterResetOnInitialize.xml
2 ms. Memory: 214528K Free: 99265K (46%)
----------------- Invoking toplevel() on ptolemy.moml.MoMLSimpleApplication@4e4c7174
----------------- Done invoking toplevel() on ptolemy.moml.MoMLSimpleApplication@4e4c7174
reloadAllAccessors: .PortParameterResetOnInitialize
----------------- testing Thu May 10 00:23:43 UTC 2018 /home/travis/build/icyphy/ptII/ptolemy/domains/de/test/auto/PortParameterUpdates.xml
----------------- Instantiating /home/travis/build/icyphy/ptII/ptolemy/domains/de/test/auto/PortParameterUpdates.xml
4 ms. Memory: 214528K Free: 92056K (43%)
----------------- Invoking toplevel() on ptolemy.moml.MoMLSimpleApplication@22477c13
----------------- Done invoking toplevel() on ptolemy.moml.MoMLSimpleApplication@22477c13
reloadAllAccessors: .PortParameterUpdates
----------------- testing Thu May 10 00:23:43 UTC 2018 /home/travis/build/icyphy/ptII/ptolemy/domains/de/test/auto/QueueAndServer.xml
----------------- Instantiating /home/travis/build/icyphy/ptII/ptolemy/domains/de/test/auto/QueueAndServer.xml
9 ms. Memory: 214528K Free: 83559K (39%)
----------------- Invoking toplevel() on ptolemy.moml.MoMLSimpleApplication@8883b32
----------------- Done invoking toplevel() on ptolemy.moml.MoMLSimpleApplication@8883b32
reloadAllAccessors: .QueueAndServer
----------------- testing Thu May 10 00:23:43 UTC 2018 /home/travis/build/icyphy/ptII/ptolemy/domains/de/test/auto/Records.xml
----------------- Instantiating /home/travis/build/icyphy/ptII/ptolemy/domains/de/test/auto/Records.xml
3 ms. Memory: 214528K Free: 76413K (36%)
----------------- Invoking toplevel() on ptolemy.moml.MoMLSimpleApplication@24071f6a
----------------- Done invoking toplevel() on ptolemy.moml.MoMLSimpleApplication@24071f6a
reloadAllAccessors: .Records
----------------- testing Thu May 10 00:23:43 UTC 2018 /home/travis/build/icyphy/ptII/ptolemy/domains/de/test/auto/ResetTransitionWithStartTime1.xml
----------------- Instantiating /home/travis/build/icyphy/ptII/ptolemy/domains/de/test/auto/ResetTransitionWithStartTime1.xml
10 ms. Memory: 210944K Free: 195633K (93%)
----------------- Invoking toplevel() on ptolemy.moml.MoMLSimpleApplication@5840bc93
----------------- Done invoking toplevel() on ptolemy.moml.MoMLSimpleApplication@5840bc93
reloadAllAccessors: .ResetTransitionWithStartTime1
----------------- testing Thu May 10 00:23:43 UTC 2018 /home/travis/build/icyphy/ptII/ptolemy/domains/de/test/auto/ResetTransitionWithStartTime2.xml
----------------- Instantiating /home/travis/build/icyphy/ptII/ptolemy/domains/de/test/auto/ResetTransitionWithStartTime2.xml
6 ms. Memory: 210944K Free: 185456K (88%)
----------------- Invoking toplevel() on ptolemy.moml.MoMLSimpleApplication@384bae9c
----------------- Done invoking toplevel() on ptolemy.moml.MoMLSimpleApplication@384bae9c
reloadAllAccessors: .ResetTransitionWithStartTime2
----------------- testing Thu May 10 00:23:43 UTC 2018 /home/travis/build/icyphy/ptII/ptolemy/domains/de/test/auto/ResetTransitionWithStartTime3.xml
----------------- Instantiating /home/travis/build/icyphy/ptII/ptolemy/domains/de/test/auto/ResetTransitionWithStartTime3.xml
6 ms. Memory: 210944K Free: 175966K (83%)
----------------- Invoking toplevel() on ptolemy.moml.MoMLSimpleApplication@7ff505be
----------------- Done invoking toplevel() on ptolemy.moml.MoMLSimpleApplication@7ff505be
reloadAllAccessors: .ResetTransitionWithStartTime3
----------------- testing Thu May 10 00:23:43 UTC 2018 /home/travis/build/icyphy/ptII/ptolemy/domains/de/test/auto/ResetTransitionWithStartTime4.xml
----------------- Instantiating /home/travis/build/icyphy/ptII/ptolemy/domains/de/test/auto/ResetTransitionWithStartTime4.xml
3 ms. Memory: 210944K Free: 166470K (79%)
----------------- Invoking toplevel() on ptolemy.moml.MoMLSimpleApplication@4120b207
----------------- Done invoking toplevel() on ptolemy.moml.MoMLSimpleApplication@4120b207
reloadAllAccessors: .ResetTransitionWithStartTime4
----------------- testing Thu May 10 00:23:43 UTC 2018 /home/travis/build/icyphy/ptII/ptolemy/domains/de/test/auto/ResettableTimer1.xml
----------------- Instantiating /home/travis/build/icyphy/ptII/ptolemy/domains/de/test/auto/ResettableTimer1.xml
3 ms. Memory: 210944K Free: 160845K (76%)
----------------- Invoking toplevel() on ptolemy.moml.MoMLSimpleApplication@3b20e783
----------------- Done invoking toplevel() on ptolemy.moml.MoMLSimpleApplication@3b20e783
reloadAllAccessors: .ResettableTimer1
----------------- testing Thu May 10 00:23:43 UTC 2018 /home/travis/build/icyphy/ptII/ptolemy/domains/de/test/auto/ResettableTimer2.xml
----------------- Instantiating /home/travis/build/icyphy/ptII/ptolemy/domains/de/test/auto/ResettableTimer2.xml
2 ms. Memory: 210944K Free: 155205K (74%)
----------------- Invoking toplevel() on ptolemy.moml.MoMLSimpleApplication@192f05d3
----------------- Done invoking toplevel() on ptolemy.moml.MoMLSimpleApplication@192f05d3
reloadAllAccessors: .ResettableTimer2
----------------- testing Thu May 10 00:23:43 UTC 2018 /home/travis/build/icyphy/ptII/ptolemy/domains/de/test/auto/ResettableTimer3.xml
----------------- Instantiating /home/travis/build/icyphy/ptII/ptolemy/domains/de/test/auto/ResettableTimer3.xml
2 ms. Memory: 210944K Free: 149573K (71%)
----------------- Invoking toplevel() on ptolemy.moml.MoMLSimpleApplication@486abb04
----------------- Done invoking toplevel() on ptolemy.moml.MoMLSimpleApplication@486abb04
reloadAllAccessors: .ResettableTimer3
----------------- testing Thu May 10 00:23:43 UTC 2018 /home/travis/build/icyphy/ptII/ptolemy/domains/de/test/auto/ResettableTimer4.xml
----------------- Instantiating /home/travis/build/icyphy/ptII/ptolemy/domains/de/test/auto/ResettableTimer4.xml
2 ms. Memory: 210944K Free: 143933K (68%)
----------------- Invoking toplevel() on ptolemy.moml.MoMLSimpleApplication@52828d0f
----------------- Done invoking toplevel() on ptolemy.moml.MoMLSimpleApplication@52828d0f
reloadAllAccessors: .ResettableTimer4
----------------- testing Thu May 10 00:23:44 UTC 2018 /home/travis/build/icyphy/ptII/ptolemy/domains/de/test/auto/ResettableTimer5.xml
----------------- Instantiating /home/travis/build/icyphy/ptII/ptolemy/domains/de/test/auto/ResettableTimer5.xml
2 ms. Memory: 210944K Free: 138292K (66%)
----------------- Invoking toplevel() on ptolemy.moml.MoMLSimpleApplication@69ee673d
----------------- Done invoking toplevel() on ptolemy.moml.MoMLSimpleApplication@69ee673d
reloadAllAccessors: .ResettableTimer5
----------------- testing Thu May 10 00:23:44 UTC 2018 /home/travis/build/icyphy/ptII/ptolemy/domains/de/test/auto/ResettableTimer6.xml
----------------- Instantiating /home/travis/build/icyphy/ptII/ptolemy/domains/de/test/auto/ResettableTimer6.xml
1 ms. Memory: 210944K Free: 131370K (62%)
----------------- Invoking toplevel() on ptolemy.moml.MoMLSimpleApplication@174ed4ce
----------------- Done invoking toplevel() on ptolemy.moml.MoMLSimpleApplication@174ed4ce
reloadAllAccessors: .ResettableTimer6
----------------- testing Thu May 10 00:23:44 UTC 2018 /home/travis/build/icyphy/ptII/ptolemy/domains/de/test/auto/ServerZeroDelay.xml
----------------- Instantiating /home/travis/build/icyphy/ptII/ptolemy/domains/de/test/auto/ServerZeroDelay.xml
3 ms. Memory: 210944K Free: 125728K (60%)
----------------- Invoking toplevel() on ptolemy.moml.MoMLSimpleApplication@53fd7b5b
----------------- Done invoking toplevel() on ptolemy.moml.MoMLSimpleApplication@53fd7b5b
reloadAllAccessors: .ServerZeroDelay
----------------- testing Thu May 10 00:23:44 UTC 2018 /home/travis/build/icyphy/ptII/ptolemy/domains/de/test/auto/SmartSender.xml
----------------- Instantiating /home/travis/build/icyphy/ptII/ptolemy/domains/de/test/auto/SmartSender.xml
3002 ms. Memory: 210944K Free: 120154K (57%)
----------------- Invoking toplevel() on ptolemy.moml.MoMLSimpleApplication@2bee21bd
----------------- Done invoking toplevel() on ptolemy.moml.MoMLSimpleApplication@2bee21bd
reloadAllAccessors: .SmartSender
----------------- testing Thu May 10 00:23:47 UTC 2018 /home/travis/build/icyphy/ptII/ptolemy/domains/de/test/auto/ThreadedComposite.xml
----------------- Instantiating /home/travis/build/icyphy/ptII/ptolemy/domains/de/test/auto/ThreadedComposite.xml
250 ms. Memory: 210944K Free: 95374K (45%)
----------------- Invoking toplevel() on ptolemy.moml.MoMLSimpleApplication@23efe9a1
----------------- Done invoking toplevel() on ptolemy.moml.MoMLSimpleApplication@23efe9a1
reloadAllAccessors: .ThreadedComposite
----------------- testing Thu May 10 00:23:47 UTC 2018 /home/travis/build/icyphy/ptII/ptolemy/domains/de/test/auto/Time.xml
----------------- Instantiating /home/travis/build/icyphy/ptII/ptolemy/domains/de/test/auto/Time.xml
751 ms. Memory: 203776K Free: 159025K (78%)
----------------- Invoking toplevel() on ptolemy.moml.MoMLSimpleApplication@41f8be87
----------------- Done invoking toplevel() on ptolemy.moml.MoMLSimpleApplication@41f8be87
reloadAllAccessors: .Time
----------------- testing Thu May 10 00:23:48 UTC 2018 /home/travis/build/icyphy/ptII/ptolemy/domains/de/test/auto/TimeDelayZeroDelay.xml
----------------- Instantiating /home/travis/build/icyphy/ptII/ptolemy/domains/de/test/auto/TimeDelayZeroDelay.xml
3 ms. Memory: 203776K Free: 153665K (75%)
----------------- Invoking toplevel() on ptolemy.moml.MoMLSimpleApplication@65d734d1
----------------- Done invoking toplevel() on ptolemy.moml.MoMLSimpleApplication@65d734d1
reloadAllAccessors: .TimeDelayZeroDelay
----------------- testing Thu May 10 00:23:48 UTC 2018 /home/travis/build/icyphy/ptII/ptolemy/domains/de/test/auto/TimerZeroDelay.xml
----------------- Instantiating /home/travis/build/icyphy/ptII/ptolemy/domains/de/test/auto/TimerZeroDelay.xml
3 ms. Memory: 203776K Free: 149061K (73%)
----------------- Invoking toplevel() on ptolemy.moml.MoMLSimpleApplication@7e426348
----------------- Done invoking toplevel() on ptolemy.moml.MoMLSimpleApplication@7e426348
reloadAllAccessors: .TimerZeroDelay
----------------- testing Thu May 10 00:23:48 UTC 2018 /home/travis/build/icyphy/ptII/ptolemy/domains/de/test/auto/TimingParadox.xml
----------------- Instantiating /home/travis/build/icyphy/ptII/ptolemy/domains/de/test/auto/TimingParadox.xml
366 ms. Memory: 203776K Free: 79493K (39%)
----------------- Invoking toplevel() on ptolemy.moml.MoMLSimpleApplication@64938774
----------------- Done invoking toplevel() on ptolemy.moml.MoMLSimpleApplication@64938774
reloadAllAccessors: .TimingParadox
----------------- testing Thu May 10 00:23:48 UTC 2018 /home/travis/build/icyphy/ptII/ptolemy/domains/de/test/auto/TransferInputs.xml
----------------- Instantiating /home/travis/build/icyphy/ptII/ptolemy/domains/de/test/auto/TransferInputs.xml
2 ms. Memory: 203776K Free: 74079K (36%)
----------------- Invoking toplevel() on ptolemy.moml.MoMLSimpleApplication@733b00c4
----------------- Done invoking toplevel() on ptolemy.moml.MoMLSimpleApplication@733b00c4
reloadAllAccessors: .TransferInputs
----------------- testing Thu May 10 00:23:48 UTC 2018 /home/travis/build/icyphy/ptII/ptolemy/domains/de/test/auto/TransferOutputs2.xml
----------------- Instantiating /home/travis/build/icyphy/ptII/ptolemy/domains/de/test/auto/TransferOutputs2.xml
4 ms. Memory: 200704K Free: 183777K (92%)
----------------- Invoking toplevel() on ptolemy.moml.MoMLSimpleApplication@2710446e
----------------- Done invoking toplevel() on ptolemy.moml.MoMLSimpleApplication@2710446e
reloadAllAccessors: .TransferOutputs2
----------------- testing Thu May 10 00:23:48 UTC 2018 /home/travis/build/icyphy/ptII/ptolemy/domains/de/test/auto/Trilateration.xml
----------------- Instantiating /home/travis/build/icyphy/ptII/ptolemy/domains/de/test/auto/Trilateration.xml
13670 ms. Memory: 241664K Free: 176040K (73%)
----------------- Invoking toplevel() on ptolemy.moml.MoMLSimpleApplication@6497fea6
----------------- Done invoking toplevel() on ptolemy.moml.MoMLSimpleApplication@6497fea6
reloadAllAccessors: .Trilateration
----------------- testing Thu May 10 00:24:03 UTC 2018 /home/travis/build/icyphy/ptII/ptolemy/domains/de/test/auto/TwoSigmaDelta.xml
----------------- Instantiating /home/travis/build/icyphy/ptII/ptolemy/domains/de/test/auto/TwoSigmaDelta.xml
2283 ms. Memory: 228864K Free: 193333K (84%)
----------------- Invoking toplevel() on ptolemy.moml.MoMLSimpleApplication@1dbe75d0
----------------- Done invoking toplevel() on ptolemy.moml.MoMLSimpleApplication@1dbe75d0
reloadAllAccessors: .TwoSigmaDelta
----------------- testing Thu May 10 00:24:05 UTC 2018 /home/travis/build/icyphy/ptII/ptolemy/domains/de/test/auto/VariableDelay.xml
----------------- Instantiating /home/travis/build/icyphy/ptII/ptolemy/domains/de/test/auto/VariableDelay.xml
2 ms. Memory: 228864K Free: 182258K (80%)
----------------- Invoking toplevel() on ptolemy.moml.MoMLSimpleApplication@3398a4cf
----------------- Done invoking toplevel() on ptolemy.moml.MoMLSimpleApplication@3398a4cf
reloadAllAccessors: .VariableDelay
----------------- testing Thu May 10 00:24:05 UTC 2018 /home/travis/build/icyphy/ptII/ptolemy/domains/de/test/auto/VariableDelay2.xml
----------------- Instantiating /home/travis/build/icyphy/ptII/ptolemy/domains/de/test/auto/VariableDelay2.xml
1 ms. Memory: 228864K Free: 172870K (76%)
----------------- Invoking toplevel() on ptolemy.moml.MoMLSimpleApplication@6dc10ed1
----------------- Done invoking toplevel() on ptolemy.moml.MoMLSimpleApplication@6dc10ed1
reloadAllAccessors: .VariableDelay2
----------------- testing Thu May 10 00:24:05 UTC 2018 /home/travis/build/icyphy/ptII/ptolemy/domains/de/test/auto/VariableDelayZeroDelay.xml
----------------- Instantiating /home/travis/build/icyphy/ptII/ptolemy/domains/de/test/auto/VariableDelayZeroDelay.xml
4 ms. Memory: 228864K Free: 166412K (73%)
----------------- Invoking toplevel() on ptolemy.moml.MoMLSimpleApplication@469e5ee1
----------------- Done invoking toplevel() on ptolemy.moml.MoMLSimpleApplication@469e5ee1
reloadAllAccessors: .VariableDelayZeroDelay
----------------- testing Thu May 10 00:24:05 UTC 2018 /home/travis/build/icyphy/ptII/ptolemy/domains/de/test/auto/VariableDelayZeroDelay2.xml
----------------- Instantiating /home/travis/build/icyphy/ptII/ptolemy/domains/de/test/auto/VariableDelayZeroDelay2.xml
4 ms. Memory: 228864K Free: 157024K (69%)
----------------- Invoking toplevel() on ptolemy.moml.MoMLSimpleApplication@20a0fbaa
----------------- Done invoking toplevel() on ptolemy.moml.MoMLSimpleApplication@20a0fbaa
reloadAllAccessors: .VariableDelayZeroDelay2
----------------- testing Thu May 10 00:24:05 UTC 2018 /home/travis/build/icyphy/ptII/ptolemy/domains/de/test/auto/deInCt.xml
----------------- Instantiating /home/travis/build/icyphy/ptII/ptolemy/domains/de/test/auto/deInCt.xml
0
1
1
1
0
0
0
1
1
1
0
0
0
1
1
1
1
0
0
0
1
1
1
0
0
0
1
1
1
1
0
0
0
0
1
1
1
1
1
8 ms. Memory: 228864K Free: 147600K (64%)
----------------- Invoking toplevel() on ptolemy.moml.MoMLSimpleApplication@16bd5a01
----------------- Done invoking toplevel() on ptolemy.moml.MoMLSimpleApplication@16bd5a01
reloadAllAccessors: .deInCt
----------------- testing Thu May 10 00:24:05 UTC 2018 /home/travis/build/icyphy/ptII/ptolemy/domains/de/test/auto/deInCt2.xml
----------------- Instantiating /home/travis/build/icyphy/ptII/ptolemy/domains/de/test/auto/deInCt2.xml
0
1
1
1
0
0
1
1
1
0
0
1
1
1
0
0
1
1
1
0
0
1
1
1
0
0
1
1
1
0
0
1
1
1
0
0
1
1
1
0
0
0
14 ms. Memory: 228864K Free: 138176K (60%)
----------------- Invoking toplevel() on ptolemy.moml.MoMLSimpleApplication@7e87192
----------------- Done invoking toplevel() on ptolemy.moml.MoMLSimpleApplication@7e87192
reloadAllAccessors: .deInCt2
----------------- testing Thu May 10 00:24:05 UTC 2018 /home/travis/build/icyphy/ptII/ptolemy/domains/de/test/auto/dynamicCausalityInterface1.xml
----------------- Instantiating /home/travis/build/icyphy/ptII/ptolemy/domains/de/test/auto/dynamicCausalityInterface1.xml
1 ms. Memory: 228864K Free: 122854K (54%)
----------------- Invoking toplevel() on ptolemy.moml.MoMLSimpleApplication@27ec8298
----------------- Done invoking toplevel() on ptolemy.moml.MoMLSimpleApplication@27ec8298
reloadAllAccessors: .dynamicCausalityInterface1
----------------- testing Thu May 10 00:24:05 UTC 2018 /home/travis/build/icyphy/ptII/ptolemy/domains/de/test/auto/fsm_de_test.xml
----------------- Instantiating /home/travis/build/icyphy/ptII/ptolemy/domains/de/test/auto/fsm_de_test.xml
4 ms. Memory: 228864K Free: 110532K (48%)
----------------- Invoking toplevel() on ptolemy.moml.MoMLSimpleApplication@2c62228e
----------------- Done invoking toplevel() on ptolemy.moml.MoMLSimpleApplication@2c62228e
reloadAllAccessors: .fsm_de_test
----------------- testing Thu May 10 00:24:06 UTC 2018 /home/travis/build/icyphy/ptII/ptolemy/domains/de/test/auto/functionDependencyReconstruction.xml
----------------- Instantiating /home/travis/build/icyphy/ptII/ptolemy/domains/de/test/auto/functionDependencyReconstruction.xml
3 ms. Memory: 228864K Free: 92261K (40%)
----------------- Invoking toplevel() on ptolemy.moml.MoMLSimpleApplication@2e11ebb6
----------------- Done invoking toplevel() on ptolemy.moml.MoMLSimpleApplication@2e11ebb6
reloadAllAccessors: .functionDependencyReconstruction
----------------- testing Thu May 10 00:24:06 UTC 2018 /home/travis/build/icyphy/ptII/ptolemy/domains/de/test/auto/multirate.xml
----------------- Instantiating /home/travis/build/icyphy/ptII/ptolemy/domains/de/test/auto/multirate.xml
4 ms. Memory: 228864K Free: 82838K (36%)
----------------- Invoking toplevel() on ptolemy.moml.MoMLSimpleApplication@321ef78
----------------- Done invoking toplevel() on ptolemy.moml.MoMLSimpleApplication@321ef78
reloadAllAccessors: .multirate
----------------- testing Thu May 10 00:24:06 UTC 2018 /home/travis/build/icyphy/ptII/ptolemy/domains/de/test/auto/multirate2.xml
----------------- Instantiating /home/travis/build/icyphy/ptII/ptolemy/domains/de/test/auto/multirate2.xml
3 ms. Memory: 228864K Free: 73430K (32%)
----------------- Invoking toplevel() on ptolemy.moml.MoMLSimpleApplication@70c62d55
----------------- Done invoking toplevel() on ptolemy.moml.MoMLSimpleApplication@70c62d55
reloadAllAccessors: .multirate2
----------------- testing Thu May 10 00:24:06 UTC 2018 /home/travis/build/icyphy/ptII/ptolemy/domains/de/test/auto/realtime.xml
----------------- Instantiating /home/travis/build/icyphy/ptII/ptolemy/domains/de/test/auto/realtime.xml
10002 ms. Memory: 228864K Free: 64042K (28%)
----------------- Invoking toplevel() on ptolemy.moml.MoMLSimpleApplication@6fdf0132
----------------- Done invoking toplevel() on ptolemy.moml.MoMLSimpleApplication@6fdf0132
reloadAllAccessors: .realtime
----------------- testing Thu May 10 00:24:16 UTC 2018 /home/travis/build/icyphy/ptII/ptolemy/domains/de/test/auto/relationGroup.xml
----------------- Instantiating /home/travis/build/icyphy/ptII/ptolemy/domains/de/test/auto/relationGroup.xml
2 ms. Memory: 228864K Free: 57584K (25%)
----------------- Invoking toplevel() on ptolemy.moml.MoMLSimpleApplication@6794cbc6
----------------- Done invoking toplevel() on ptolemy.moml.MoMLSimpleApplication@6794cbc6
reloadAllAccessors: .relationGroup
----------------- testing Thu May 10 00:24:16 UTC 2018 /home/travis/build/icyphy/ptII/ptolemy/domains/de/test/auto/relationGroup2.xml
----------------- Instantiating /home/travis/build/icyphy/ptII/ptolemy/domains/de/test/auto/relationGroup2.xml
4 ms. Memory: 225792K Free: 196364K (87%)
----------------- Invoking toplevel() on ptolemy.moml.MoMLSimpleApplication@552b6cd8
----------------- Done invoking toplevel() on ptolemy.moml.MoMLSimpleApplication@552b6cd8
reloadAllAccessors: .relationGroup2
----------------- testing Thu May 10 00:24:16 UTC 2018 /home/travis/build/icyphy/ptII/ptolemy/domains/de/test/auto/sortWithOpaquePorts.xml
----------------- Instantiating /home/travis/build/icyphy/ptII/ptolemy/domains/de/test/auto/sortWithOpaquePorts.xml
3 ms. Memory: 225792K Free: 188622K (84%)
----------------- Invoking toplevel() on ptolemy.moml.MoMLSimpleApplication@6dfd0ac5
----------------- Done invoking toplevel() on ptolemy.moml.MoMLSimpleApplication@6dfd0ac5
reloadAllAccessors: .sortWithOpaquePorts
----------------- testing Thu May 10 00:24:16 UTC 2018 /home/travis/build/icyphy/ptII/ptolemy/domains/de/test/auto/transferInputsandOutputs.xml
----------------- Instantiating /home/travis/build/icyphy/ptII/ptolemy/domains/de/test/auto/transferInputsandOutputs.xml
2 ms. Memory: 225792K Free: 180950K (80%)
----------------- Invoking toplevel() on ptolemy.moml.MoMLSimpleApplication@5725ccb9
----------------- Done invoking toplevel() on ptolemy.moml.MoMLSimpleApplication@5725ccb9
reloadAllAccessors: .transferInputsandOutputs
----------------- testing Thu May 10 00:24:16 UTC 2018 /home/travis/build/icyphy/ptII/ptolemy/domains/de/test/auto/triggerType.xml
----------------- Instantiating /home/travis/build/icyphy/ptII/ptolemy/domains/de/test/auto/triggerType.xml
2 ms. Memory: 225792K Free: 174696K (77%)
----------------- Invoking toplevel() on ptolemy.moml.MoMLSimpleApplication@1542ba7d
----------------- Done invoking toplevel() on ptolemy.moml.MoMLSimpleApplication@1542ba7d
reloadAllAccessors: .triggerType
AutoTests.java: About to close Vertx.
AutoTests.java: Vertx closed.
]]></system-out>
  <system-err><![CDATA[java.lang.RuntimeException: Execution failed
	at ptolemy.moml.MoMLSimpleApplication$UnloadThread.run(MoMLSimpleApplication.java:402)
Caused by: ptolemy.kernel.util.IllegalActionException: Found a zero delay loop containing .dependencyLoop.original
  in .dependencyLoop and .dependencyLoop.original
	at ptolemy.actor.util.CausalityInterfaceForComposites._computeOutputPortDepth(CausalityInterfaceForComposites.java:759)
	at ptolemy.actor.util.CausalityInterfaceForComposites._computeInputDepth(CausalityInterfaceForComposites.java:696)
	at ptolemy.actor.util.CausalityInterfaceForComposites._computeOutputPortDepth(CausalityInterfaceForComposites.java:765)
	at ptolemy.actor.util.CausalityInterfaceForComposites._computeInputDepth(CausalityInterfaceForComposites.java:696)
	at ptolemy.actor.util.CausalityInterfaceForComposites._computeOutputPortDepth(CausalityInterfaceForComposites.java:765)
	at ptolemy.actor.util.CausalityInterfaceForComposites._computeInputDepth(CausalityInterfaceForComposites.java:696)
	at ptolemy.actor.util.CausalityInterfaceForComposites._computeActorDepth(CausalityInterfaceForComposites.java:532)
	at ptolemy.actor.util.CausalityInterfaceForComposites.checkForCycles(CausalityInterfaceForComposites.java:96)
	at ptolemy.domains.de.kernel.DEDirector.preinitialize(DEDirector.java:1337)
	at ptolemy.actor.CompositeActor.preinitialize(CompositeActor.java:1828)
	at ptolemy.actor.Manager.preinitializeAndResolveTypes(Manager.java:1040)
	at ptolemy.actor.Manager.initialize(Manager.java:710)
	at ptolemy.actor.Manager.execute(Manager.java:356)
	at ptolemy.actor.Manager.run(Manager.java:1263)
	at ptolemy.actor.Manager$PtolemyRunThread.run(Manager.java:1915)
java.lang.RuntimeException: Execution failed
	at ptolemy.moml.MoMLSimpleApplication$UnloadThread.run(MoMLSimpleApplication.java:402)
Caused by: ptolemy.kernel.util.IllegalActionException: Found a zero delay loop containing .dependencyLoop2.original
  in .dependencyLoop2 and .dependencyLoop2.original
	at ptolemy.actor.util.CausalityInterfaceForComposites._computeOutputPortDepth(CausalityInterfaceForComposites.java:759)
	at ptolemy.actor.util.CausalityInterfaceForComposites._computeInputDepth(CausalityInterfaceForComposites.java:696)
	at ptolemy.actor.util.CausalityInterfaceForComposites._computeOutputPortDepth(CausalityInterfaceForComposites.java:765)
	at ptolemy.actor.util.CausalityInterfaceForComposites._computeInputDepth(CausalityInterfaceForComposites.java:696)
	at ptolemy.actor.util.CausalityInterfaceForComposites._computeOutputPortDepth(CausalityInterfaceForComposites.java:765)
	at ptolemy.actor.util.CausalityInterfaceForComposites._computeInputDepth(CausalityInterfaceForComposites.java:696)
	at ptolemy.actor.util.CausalityInterfaceForComposites._computeActorDepth(CausalityInterfaceForComposites.java:532)
	at ptolemy.actor.util.CausalityInterfaceForComposites.checkForCycles(CausalityInterfaceForComposites.java:96)
	at ptolemy.domains.de.kernel.DEDirector.preinitialize(DEDirector.java:1337)
	at ptolemy.actor.CompositeActor.preinitialize(CompositeActor.java:1828)
	at ptolemy.actor.Manager.preinitializeAndResolveTypes(Manager.java:1040)
	at ptolemy.actor.Manager.initialize(Manager.java:710)
	at ptolemy.actor.Manager.execute(Manager.java:356)
	at ptolemy.actor.Manager.run(Manager.java:1263)
	at ptolemy.actor.Manager$PtolemyRunThread.run(Manager.java:1915)
java.lang.RuntimeException: Execution failed
	at ptolemy.moml.MoMLSimpleApplication$UnloadThread.run(MoMLSimpleApplication.java:402)
Caused by: ptolemy.kernel.util.IllegalActionException: Found a zero delay loop containing .dependencyLoop.original
  in .dependencyLoop and .dependencyLoop.original
	at ptolemy.actor.util.CausalityInterfaceForComposites._computeOutputPortDepth(CausalityInterfaceForComposites.java:759)
	at ptolemy.actor.util.CausalityInterfaceForComposites._computeInputDepth(CausalityInterfaceForComposites.java:696)
	at ptolemy.actor.util.CausalityInterfaceForComposites._computeOutputPortDepth(CausalityInterfaceForComposites.java:765)
	at ptolemy.actor.util.CausalityInterfaceForComposites._computeInputDepth(CausalityInterfaceForComposites.java:696)
	at ptolemy.actor.util.CausalityInterfaceForComposites._computeOutputPortDepth(CausalityInterfaceForComposites.java:765)
	at ptolemy.actor.util.CausalityInterfaceForComposites._computeInputDepth(CausalityInterfaceForComposites.java:696)
	at ptolemy.actor.util.CausalityInterfaceForComposites._computeActorDepth(CausalityInterfaceForComposites.java:532)
	at ptolemy.actor.util.CausalityInterfaceForComposites.checkForCycles(CausalityInterfaceForComposites.java:96)
	at ptolemy.domains.de.kernel.DEDirector.preinitialize(DEDirector.java:1337)
	at ptolemy.actor.CompositeActor.preinitialize(CompositeActor.java:1828)
	at ptolemy.actor.Manager.preinitializeAndResolveTypes(Manager.java:1040)
	at ptolemy.actor.Manager.initialize(Manager.java:710)
	at ptolemy.actor.Manager.execute(Manager.java:356)
	at ptolemy.actor.Manager.run(Manager.java:1263)
	at ptolemy.actor.Manager$PtolemyRunThread.run(Manager.java:1915)
java.lang.RuntimeException: Execution failed
	at ptolemy.moml.MoMLSimpleApplication$UnloadThread.run(MoMLSimpleApplication.java:402)
Caused by: ptolemy.kernel.util.IllegalActionException: Actor is not ready to fire.  Perhaps UpSample.prefire() returned false? Try debugging the actor by selecting "Listen to Actor".  Also, for SDF check moml for tokenConsumptionRate on input.
  in .DESDFClockTest.Play Bell.Copy1:SDF Director and .DESDFClockTest.Play Bell.UpSample
	at ptolemy.actor.sched.StaticSchedulingDirector.fire(StaticSchedulingDirector.java:227)
	at ptolemy.domains.sdf.kernel.SDFDirector.fire(SDFDirector.java:500)
	at ptolemy.actor.CompositeActor.fire(CompositeActor.java:455)
	at ptolemy.domains.de.kernel.DEDirector._fire(DEDirector.java:1948)
	at ptolemy.domains.de.kernel.DEDirector.fire(DEDirector.java:502)
	at ptolemy.actor.CompositeActor.fire(CompositeActor.java:455)
	at ptolemy.actor.Manager.iterate(Manager.java:851)
	at ptolemy.actor.Manager.execute(Manager.java:369)
	at ptolemy.actor.Manager.run(Manager.java:1263)
	at ptolemy.actor.Manager$PtolemyRunThread.run(Manager.java:1915)
java.lang.RuntimeException: Execution failed
	at ptolemy.moml.MoMLSimpleApplication$UnloadThread.run(MoMLSimpleApplication.java:402)
Caused by: ptolemy.kernel.util.IllegalActionException: Found a zero delay loop containing .dependencyLoop2.original
  in .dependencyLoop2 and .dependencyLoop2.original
	at ptolemy.actor.util.CausalityInterfaceForComposites._computeOutputPortDepth(CausalityInterfaceForComposites.java:759)
	at ptolemy.actor.util.CausalityInterfaceForComposites._computeInputDepth(CausalityInterfaceForComposites.java:696)
	at ptolemy.actor.util.CausalityInterfaceForComposites._computeOutputPortDepth(CausalityInterfaceForComposites.java:765)
	at ptolemy.actor.util.CausalityInterfaceForComposites._computeInputDepth(CausalityInterfaceForComposites.java:696)
	at ptolemy.actor.util.CausalityInterfaceForComposites._computeOutputPortDepth(CausalityInterfaceForComposites.java:765)
	at ptolemy.actor.util.CausalityInterfaceForComposites._computeInputDepth(CausalityInterfaceForComposites.java:696)
	at ptolemy.actor.util.CausalityInterfaceForComposites._computeActorDepth(CausalityInterfaceForComposites.java:532)
	at ptolemy.actor.util.CausalityInterfaceForComposites.checkForCycles(CausalityInterfaceForComposites.java:96)
	at ptolemy.domains.de.kernel.DEDirector.preinitialize(DEDirector.java:1337)
	at ptolemy.actor.CompositeActor.preinitialize(CompositeActor.java:1828)
	at ptolemy.actor.Manager.preinitializeAndResolveTypes(Manager.java:1040)
	at ptolemy.actor.Manager.initialize(Manager.java:710)
	at ptolemy.actor.Manager.execute(Manager.java:356)
	at ptolemy.actor.Manager.run(Manager.java:1263)
	at ptolemy.actor.Manager$PtolemyRunThread.run(Manager.java:1915)
java.lang.RuntimeException: Execution failed
	at ptolemy.moml.MoMLSimpleApplication$UnloadThread.run(MoMLSimpleApplication.java:402)
Caused by: ptolemy.kernel.util.IllegalActionException: Found a zero delay loop containing .HierarchicalModel.A
  in .HierarchicalModel and .HierarchicalModel.A
	at ptolemy.actor.util.CausalityInterfaceForComposites._computeOutputPortDepth(CausalityInterfaceForComposites.java:759)
	at ptolemy.actor.util.CausalityInterfaceForComposites._computeInputDepth(CausalityInterfaceForComposites.java:696)
	at ptolemy.actor.util.CausalityInterfaceForComposites._computeOutputPortDepth(CausalityInterfaceForComposites.java:765)
	at ptolemy.actor.util.CausalityInterfaceForComposites._computeInputDepth(CausalityInterfaceForComposites.java:696)
	at ptolemy.actor.util.CausalityInterfaceForComposites._computeOutputPortDepth(CausalityInterfaceForComposites.java:765)
	at ptolemy.actor.util.CausalityInterfaceForComposites._computeInputDepth(CausalityInterfaceForComposites.java:696)
	at ptolemy.actor.util.CausalityInterfaceForComposites._computeActorDepth(CausalityInterfaceForComposites.java:532)
	at ptolemy.actor.util.CausalityInterfaceForComposites.checkForCycles(CausalityInterfaceForComposites.java:96)
	at ptolemy.domains.de.kernel.DEDirector.preinitialize(DEDirector.java:1337)
	at ptolemy.actor.CompositeActor.preinitialize(CompositeActor.java:1828)
	at ptolemy.actor.Manager.preinitializeAndResolveTypes(Manager.java:1040)
	at ptolemy.actor.Manager.initialize(Manager.java:710)
	at ptolemy.actor.Manager.execute(Manager.java:356)
	at ptolemy.actor.Manager.run(Manager.java:1263)
	at ptolemy.actor.Manager$PtolemyRunThread.run(Manager.java:1915)
java.lang.RuntimeException: Execution failed
	at ptolemy.moml.MoMLSimpleApplication$UnloadThread.run(MoMLSimpleApplication.java:402)
Caused by: ptolemy.kernel.util.IllegalActionException: Test fails in iteration 1.
Value was: 1.0. Should have been: 2.0
  in .DirectFeedback.Test
	at ptolemy.actor.lib.Test.fire(Test.java:268)
	at ptolemy.domains.de.kernel.DEDirector._fire(DEDirector.java:1948)
	at ptolemy.domains.de.kernel.DEDirector.fire(DEDirector.java:502)
	at ptolemy.actor.CompositeActor.fire(CompositeActor.java:455)
	at ptolemy.actor.Manager.iterate(Manager.java:851)
	at ptolemy.actor.Manager.execute(Manager.java:369)
	at ptolemy.actor.Manager.run(Manager.java:1263)
	at ptolemy.actor.Manager$PtolemyRunThread.run(Manager.java:1915)
java.lang.RuntimeException: Execution failed
	at ptolemy.moml.MoMLSimpleApplication$UnloadThread.run(MoMLSimpleApplication.java:402)
Caused by: ptolemy.kernel.util.IllegalActionException: Actor is not ready to fire.  Perhaps UpSample.prefire() returned false? Try debugging the actor by selecting "Listen to Actor".  Also, for SDF check moml for tokenConsumptionRate on input.
  in .DESDFClockTest.Play Bell.Copy1:SDF Director and .DESDFClockTest.Play Bell.UpSample
	at ptolemy.actor.sched.StaticSchedulingDirector.fire(StaticSchedulingDirector.java:227)
	at ptolemy.domains.sdf.kernel.SDFDirector.fire(SDFDirector.java:500)
	at ptolemy.actor.CompositeActor.fire(CompositeActor.java:455)
	at ptolemy.domains.de.kernel.DEDirector._fire(DEDirector.java:1948)
	at ptolemy.domains.de.kernel.DEDirector.fire(DEDirector.java:502)
	at ptolemy.actor.CompositeActor.fire(CompositeActor.java:455)
	at ptolemy.actor.Manager.iterate(Manager.java:851)
	at ptolemy.actor.Manager.execute(Manager.java:369)
	at ptolemy.actor.Manager.run(Manager.java:1263)
	at ptolemy.actor.Manager$PtolemyRunThread.run(Manager.java:1915)
java.lang.reflect.InvocationTargetException
	at sun.reflect.NativeConstructorAccessorImpl.newInstance0(Native Method)
	at sun.reflect.NativeConstructorAccessorImpl.newInstance(NativeConstructorAccessorImpl.java:62)
	at sun.reflect.DelegatingConstructorAccessorImpl.newInstance(DelegatingConstructorAccessorImpl.java:45)
	at java.lang.reflect.Constructor.newInstance(Constructor.java:423)
	at ptolemy.util.test.junit.AutoKnownFailedTests.RunModel(AutoKnownFailedTests.java:107)
	at sun.reflect.NativeMethodAccessorImpl.invoke0(Native Method)
	at sun.reflect.NativeMethodAccessorImpl.invoke(NativeMethodAccessorImpl.java:62)
	at sun.reflect.DelegatingMethodAccessorImpl.invoke(DelegatingMethodAccessorImpl.java:43)
	at java.lang.reflect.Method.invoke(Method.java:498)
	at org.junit.runners.model.FrameworkMethod$1.runReflectiveCall(FrameworkMethod.java:44)
	at org.junit.internal.runners.model.ReflectiveCallable.run(ReflectiveCallable.java:15)
	at org.junit.runners.model.FrameworkMethod.invokeExplosively(FrameworkMethod.java:41)
	at junitparams.internal.InvokeParameterisedMethod.evaluate(InvokeParameterisedMethod.java:102)
	at org.junit.internal.runners.statements.FailOnTimeout$1.run(FailOnTimeout.java:28)
Caused by: ptolemy.kernel.util.IllegalActionException: Actor is not ready to fire.  Perhaps UpSample.prefire() returned false? Try debugging the actor by selecting "Listen to Actor".  Also, for SDF check moml for tokenConsumptionRate on input.
  in .DESDFClockTest.Play Bell.Copy1:SDF Director and .DESDFClockTest.Play Bell.UpSample
	at ptolemy.actor.sched.StaticSchedulingDirector.fire(StaticSchedulingDirector.java:227)
	at ptolemy.domains.sdf.kernel.SDFDirector.fire(SDFDirector.java:500)
	at ptolemy.actor.CompositeActor.fire(CompositeActor.java:455)
	at ptolemy.domains.de.kernel.DEDirector._fire(DEDirector.java:1948)
	at ptolemy.domains.de.kernel.DEDirector.fire(DEDirector.java:502)
	at ptolemy.actor.CompositeActor.fire(CompositeActor.java:455)
	at ptolemy.actor.Manager.iterate(Manager.java:851)
	at ptolemy.actor.Manager.execute(Manager.java:369)
	at ptolemy.actor.Manager.run(Manager.java:1263)
	at ptolemy.actor.Manager$PtolemyRunThread.run(Manager.java:1915)
java.lang.RuntimeException: Execution failed
	at ptolemy.moml.MoMLSimpleApplication$UnloadThread.run(MoMLSimpleApplication.java:402)
Caused by: ptolemy.kernel.util.IllegalActionException: Test fails in iteration 1.
Value was: 1.0. Should have been: 2.0
  in .DirectFeedback.Test
	at ptolemy.actor.lib.Test.fire(Test.java:268)
	at ptolemy.domains.de.kernel.DEDirector._fire(DEDirector.java:1948)
	at ptolemy.domains.de.kernel.DEDirector.fire(DEDirector.java:502)
	at ptolemy.actor.CompositeActor.fire(CompositeActor.java:455)
	at ptolemy.actor.Manager.iterate(Manager.java:851)
	at ptolemy.actor.Manager.execute(Manager.java:369)
	at ptolemy.actor.Manager.run(Manager.java:1263)
	at ptolemy.actor.Manager$PtolemyRunThread.run(Manager.java:1915)
java.lang.reflect.InvocationTargetException
	at sun.reflect.NativeConstructorAccessorImpl.newInstance0(Native Method)
	at sun.reflect.NativeConstructorAccessorImpl.newInstance(NativeConstructorAccessorImpl.java:62)
	at sun.reflect.DelegatingConstructorAccessorImpl.newInstance(DelegatingConstructorAccessorImpl.java:45)
	at java.lang.reflect.Constructor.newInstance(Constructor.java:423)
	at ptolemy.util.test.junit.AutoKnownFailedTests.RunModel(AutoKnownFailedTests.java:107)
	at sun.reflect.NativeMethodAccessorImpl.invoke0(Native Method)
	at sun.reflect.NativeMethodAccessorImpl.invoke(NativeMethodAccessorImpl.java:62)
	at sun.reflect.DelegatingMethodAccessorImpl.invoke(DelegatingMethodAccessorImpl.java:43)
	at java.lang.reflect.Method.invoke(Method.java:498)
	at org.junit.runners.model.FrameworkMethod$1.runReflectiveCall(FrameworkMethod.java:44)
	at org.junit.internal.runners.model.ReflectiveCallable.run(ReflectiveCallable.java:15)
	at org.junit.runners.model.FrameworkMethod.invokeExplosively(FrameworkMethod.java:41)
	at junitparams.internal.InvokeParameterisedMethod.evaluate(InvokeParameterisedMethod.java:102)
	at org.junit.internal.runners.statements.FailOnTimeout$1.run(FailOnTimeout.java:28)
Caused by: ptolemy.kernel.util.IllegalActionException: Test fails in iteration 1.
Value was: 1.0. Should have been: 2.0
  in .DirectFeedback.Test
	at ptolemy.actor.lib.Test.fire(Test.java:268)
	at ptolemy.domains.de.kernel.DEDirector._fire(DEDirector.java:1948)
	at ptolemy.domains.de.kernel.DEDirector.fire(DEDirector.java:502)
	at ptolemy.actor.CompositeActor.fire(CompositeActor.java:455)
	at ptolemy.actor.Manager.iterate(Manager.java:851)
	at ptolemy.actor.Manager.execute(Manager.java:369)
	at ptolemy.actor.Manager.run(Manager.java:1263)
	at ptolemy.actor.Manager$PtolemyRunThread.run(Manager.java:1915)
java.lang.RuntimeException: Execution failed
	at ptolemy.moml.MoMLSimpleApplication$UnloadThread.run(MoMLSimpleApplication.java:402)
Caused by: ptolemy.kernel.util.IllegalActionException: Found a zero delay loop containing .HierarchicalModel.A
  in .HierarchicalModel and .HierarchicalModel.A
	at ptolemy.actor.util.CausalityInterfaceForComposites._computeOutputPortDepth(CausalityInterfaceForComposites.java:759)
	at ptolemy.actor.util.CausalityInterfaceForComposites._computeInputDepth(CausalityInterfaceForComposites.java:696)
	at ptolemy.actor.util.CausalityInterfaceForComposites._computeOutputPortDepth(CausalityInterfaceForComposites.java:765)
	at ptolemy.actor.util.CausalityInterfaceForComposites._computeInputDepth(CausalityInterfaceForComposites.java:696)
	at ptolemy.actor.util.CausalityInterfaceForComposites._computeOutputPortDepth(CausalityInterfaceForComposites.java:765)
	at ptolemy.actor.util.CausalityInterfaceForComposites._computeInputDepth(CausalityInterfaceForComposites.java:696)
	at ptolemy.actor.util.CausalityInterfaceForComposites._computeActorDepth(CausalityInterfaceForComposites.java:532)
	at ptolemy.actor.util.CausalityInterfaceForComposites.checkForCycles(CausalityInterfaceForComposites.java:96)
	at ptolemy.domains.de.kernel.DEDirector.preinitialize(DEDirector.java:1337)
	at ptolemy.actor.CompositeActor.preinitialize(CompositeActor.java:1828)
	at ptolemy.actor.Manager.preinitializeAndResolveTypes(Manager.java:1040)
	at ptolemy.actor.Manager.initialize(Manager.java:710)
	at ptolemy.actor.Manager.execute(Manager.java:356)
	at ptolemy.actor.Manager.run(Manager.java:1263)
	at ptolemy.actor.Manager$PtolemyRunThread.run(Manager.java:1915)
java.lang.reflect.InvocationTargetException
	at sun.reflect.NativeConstructorAccessorImpl.newInstance0(Native Method)
	at sun.reflect.NativeConstructorAccessorImpl.newInstance(NativeConstructorAccessorImpl.java:62)
	at sun.reflect.DelegatingConstructorAccessorImpl.newInstance(DelegatingConstructorAccessorImpl.java:45)
	at java.lang.reflect.Constructor.newInstance(Constructor.java:423)
	at ptolemy.util.test.junit.AutoKnownFailedTests.RunModel(AutoKnownFailedTests.java:107)
	at sun.reflect.NativeMethodAccessorImpl.invoke0(Native Method)
	at sun.reflect.NativeMethodAccessorImpl.invoke(NativeMethodAccessorImpl.java:62)
	at sun.reflect.DelegatingMethodAccessorImpl.invoke(DelegatingMethodAccessorImpl.java:43)
	at java.lang.reflect.Method.invoke(Method.java:498)
	at org.junit.runners.model.FrameworkMethod$1.runReflectiveCall(FrameworkMethod.java:44)
	at org.junit.internal.runners.model.ReflectiveCallable.run(ReflectiveCallable.java:15)
	at org.junit.runners.model.FrameworkMethod.invokeExplosively(FrameworkMethod.java:41)
	at junitparams.internal.InvokeParameterisedMethod.evaluate(InvokeParameterisedMethod.java:102)
	at org.junit.internal.runners.statements.FailOnTimeout$1.run(FailOnTimeout.java:28)
Caused by: ptolemy.kernel.util.IllegalActionException: Found a zero delay loop containing .HierarchicalModel.A
  in .HierarchicalModel and .HierarchicalModel.A
	at ptolemy.actor.util.CausalityInterfaceForComposites._computeOutputPortDepth(CausalityInterfaceForComposites.java:759)
	at ptolemy.actor.util.CausalityInterfaceForComposites._computeInputDepth(CausalityInterfaceForComposites.java:696)
	at ptolemy.actor.util.CausalityInterfaceForComposites._computeOutputPortDepth(CausalityInterfaceForComposites.java:765)
	at ptolemy.actor.util.CausalityInterfaceForComposites._computeInputDepth(CausalityInterfaceForComposites.java:696)
	at ptolemy.actor.util.CausalityInterfaceForComposites._computeOutputPortDepth(CausalityInterfaceForComposites.java:765)
	at ptolemy.actor.util.CausalityInterfaceForComposites._computeInputDepth(CausalityInterfaceForComposites.java:696)
	at ptolemy.actor.util.CausalityInterfaceForComposites._computeActorDepth(CausalityInterfaceForComposites.java:532)
	at ptolemy.actor.util.CausalityInterfaceForComposites.checkForCycles(CausalityInterfaceForComposites.java:96)
	at ptolemy.domains.de.kernel.DEDirector.preinitialize(DEDirector.java:1337)
	at ptolemy.actor.CompositeActor.preinitialize(CompositeActor.java:1828)
	at ptolemy.actor.Manager.preinitializeAndResolveTypes(Manager.java:1040)
	at ptolemy.actor.Manager.initialize(Manager.java:710)
	at ptolemy.actor.Manager.execute(Manager.java:356)
	at ptolemy.actor.Manager.run(Manager.java:1263)
	at ptolemy.actor.Manager$PtolemyRunThread.run(Manager.java:1915)
java.lang.RuntimeException: Execution failed
	at ptolemy.moml.MoMLSimpleApplication$UnloadThread.run(MoMLSimpleApplication.java:402)
Caused by: ptolemy.kernel.util.IllegalActionException: Found a zero delay loop containing .dependencyLoop.original
  in .dependencyLoop and .dependencyLoop.original
	at ptolemy.actor.util.CausalityInterfaceForComposites._computeOutputPortDepth(CausalityInterfaceForComposites.java:759)
	at ptolemy.actor.util.CausalityInterfaceForComposites._computeInputDepth(CausalityInterfaceForComposites.java:696)
	at ptolemy.actor.util.CausalityInterfaceForComposites._computeOutputPortDepth(CausalityInterfaceForComposites.java:765)
	at ptolemy.actor.util.CausalityInterfaceForComposites._computeInputDepth(CausalityInterfaceForComposites.java:696)
	at ptolemy.actor.util.CausalityInterfaceForComposites._computeOutputPortDepth(CausalityInterfaceForComposites.java:765)
	at ptolemy.actor.util.CausalityInterfaceForComposites._computeInputDepth(CausalityInterfaceForComposites.java:696)
	at ptolemy.actor.util.CausalityInterfaceForComposites._computeActorDepth(CausalityInterfaceForComposites.java:532)
	at ptolemy.actor.util.CausalityInterfaceForComposites.checkForCycles(CausalityInterfaceForComposites.java:96)
	at ptolemy.domains.de.kernel.DEDirector.preinitialize(DEDirector.java:1337)
	at ptolemy.actor.CompositeActor.preinitialize(CompositeActor.java:1828)
	at ptolemy.actor.Manager.preinitializeAndResolveTypes(Manager.java:1040)
	at ptolemy.actor.Manager.initialize(Manager.java:710)
	at ptolemy.actor.Manager.execute(Manager.java:356)
	at ptolemy.actor.Manager.run(Manager.java:1263)
	at ptolemy.actor.Manager$PtolemyRunThread.run(Manager.java:1915)
java.lang.reflect.InvocationTargetException
	at sun.reflect.NativeConstructorAccessorImpl.newInstance0(Native Method)
	at sun.reflect.NativeConstructorAccessorImpl.newInstance(NativeConstructorAccessorImpl.java:62)
	at sun.reflect.DelegatingConstructorAccessorImpl.newInstance(DelegatingConstructorAccessorImpl.java:45)
	at java.lang.reflect.Constructor.newInstance(Constructor.java:423)
	at ptolemy.util.test.junit.AutoKnownFailedTests.RunModel(AutoKnownFailedTests.java:107)
	at sun.reflect.NativeMethodAccessorImpl.invoke0(Native Method)
	at sun.reflect.NativeMethodAccessorImpl.invoke(NativeMethodAccessorImpl.java:62)
	at sun.reflect.DelegatingMethodAccessorImpl.invoke(DelegatingMethodAccessorImpl.java:43)
	at java.lang.reflect.Method.invoke(Method.java:498)
	at org.junit.runners.model.FrameworkMethod$1.runReflectiveCall(FrameworkMethod.java:44)
	at org.junit.internal.runners.model.ReflectiveCallable.run(ReflectiveCallable.java:15)
	at org.junit.runners.model.FrameworkMethod.invokeExplosively(FrameworkMethod.java:41)
	at junitparams.internal.InvokeParameterisedMethod.evaluate(InvokeParameterisedMethod.java:102)
	at org.junit.internal.runners.statements.FailOnTimeout$1.run(FailOnTimeout.java:28)
Caused by: ptolemy.kernel.util.IllegalActionException: Found a zero delay loop containing .dependencyLoop.original
  in .dependencyLoop and .dependencyLoop.original
	at ptolemy.actor.util.CausalityInterfaceForComposites._computeOutputPortDepth(CausalityInterfaceForComposites.java:759)
	at ptolemy.actor.util.CausalityInterfaceForComposites._computeInputDepth(CausalityInterfaceForComposites.java:696)
	at ptolemy.actor.util.CausalityInterfaceForComposites._computeOutputPortDepth(CausalityInterfaceForComposites.java:765)
	at ptolemy.actor.util.CausalityInterfaceForComposites._computeInputDepth(CausalityInterfaceForComposites.java:696)
	at ptolemy.actor.util.CausalityInterfaceForComposites._computeOutputPortDepth(CausalityInterfaceForComposites.java:765)
	at ptolemy.actor.util.CausalityInterfaceForComposites._computeInputDepth(CausalityInterfaceForComposites.java:696)
	at ptolemy.actor.util.CausalityInterfaceForComposites._computeActorDepth(CausalityInterfaceForComposites.java:532)
	at ptolemy.actor.util.CausalityInterfaceForComposites.checkForCycles(CausalityInterfaceForComposites.java:96)
	at ptolemy.domains.de.kernel.DEDirector.preinitialize(DEDirector.java:1337)
	at ptolemy.actor.CompositeActor.preinitialize(CompositeActor.java:1828)
	at ptolemy.actor.Manager.preinitializeAndResolveTypes(Manager.java:1040)
	at ptolemy.actor.Manager.initialize(Manager.java:710)
	at ptolemy.actor.Manager.execute(Manager.java:356)
	at ptolemy.actor.Manager.run(Manager.java:1263)
	at ptolemy.actor.Manager$PtolemyRunThread.run(Manager.java:1915)
java.lang.RuntimeException: Execution failed
	at ptolemy.moml.MoMLSimpleApplication$UnloadThread.run(MoMLSimpleApplication.java:402)
Caused by: ptolemy.kernel.util.IllegalActionException: Found a zero delay loop containing .dependencyLoop2.original
  in .dependencyLoop2 and .dependencyLoop2.original
	at ptolemy.actor.util.CausalityInterfaceForComposites._computeOutputPortDepth(CausalityInterfaceForComposites.java:759)
	at ptolemy.actor.util.CausalityInterfaceForComposites._computeInputDepth(CausalityInterfaceForComposites.java:696)
	at ptolemy.actor.util.CausalityInterfaceForComposites._computeOutputPortDepth(CausalityInterfaceForComposites.java:765)
	at ptolemy.actor.util.CausalityInterfaceForComposites._computeInputDepth(CausalityInterfaceForComposites.java:696)
	at ptolemy.actor.util.CausalityInterfaceForComposites._computeOutputPortDepth(CausalityInterfaceForComposites.java:765)
	at ptolemy.actor.util.CausalityInterfaceForComposites._computeInputDepth(CausalityInterfaceForComposites.java:696)
	at ptolemy.actor.util.CausalityInterfaceForComposites._computeActorDepth(CausalityInterfaceForComposites.java:532)
	at ptolemy.actor.util.CausalityInterfaceForComposites.checkForCycles(CausalityInterfaceForComposites.java:96)
	at ptolemy.domains.de.kernel.DEDirector.preinitialize(DEDirector.java:1337)
	at ptolemy.actor.CompositeActor.preinitialize(CompositeActor.java:1828)
	at ptolemy.actor.Manager.preinitializeAndResolveTypes(Manager.java:1040)
	at ptolemy.actor.Manager.initialize(Manager.java:710)
	at ptolemy.actor.Manager.execute(Manager.java:356)
	at ptolemy.actor.Manager.run(Manager.java:1263)
	at ptolemy.actor.Manager$PtolemyRunThread.run(Manager.java:1915)
java.lang.reflect.InvocationTargetException
	at sun.reflect.NativeConstructorAccessorImpl.newInstance0(Native Method)
	at sun.reflect.NativeConstructorAccessorImpl.newInstance(NativeConstructorAccessorImpl.java:62)
	at sun.reflect.DelegatingConstructorAccessorImpl.newInstance(DelegatingConstructorAccessorImpl.java:45)
	at java.lang.reflect.Constructor.newInstance(Constructor.java:423)
	at ptolemy.util.test.junit.AutoKnownFailedTests.RunModel(AutoKnownFailedTests.java:107)
	at sun.reflect.NativeMethodAccessorImpl.invoke0(Native Method)
	at sun.reflect.NativeMethodAccessorImpl.invoke(NativeMethodAccessorImpl.java:62)
	at sun.reflect.DelegatingMethodAccessorImpl.invoke(DelegatingMethodAccessorImpl.java:43)
	at java.lang.reflect.Method.invoke(Method.java:498)
	at org.junit.runners.model.FrameworkMethod$1.runReflectiveCall(FrameworkMethod.java:44)
	at org.junit.internal.runners.model.ReflectiveCallable.run(ReflectiveCallable.java:15)
	at org.junit.runners.model.FrameworkMethod.invokeExplosively(FrameworkMethod.java:41)
	at junitparams.internal.InvokeParameterisedMethod.evaluate(InvokeParameterisedMethod.java:102)
	at org.junit.internal.runners.statements.FailOnTimeout$1.run(FailOnTimeout.java:28)
Caused by: ptolemy.kernel.util.IllegalActionException: Found a zero delay loop containing .dependencyLoop2.original
  in .dependencyLoop2 and .dependencyLoop2.original
	at ptolemy.actor.util.CausalityInterfaceForComposites._computeOutputPortDepth(CausalityInterfaceForComposites.java:759)
	at ptolemy.actor.util.CausalityInterfaceForComposites._computeInputDepth(CausalityInterfaceForComposites.java:696)
	at ptolemy.actor.util.CausalityInterfaceForComposites._computeOutputPortDepth(CausalityInterfaceForComposites.java:765)
	at ptolemy.actor.util.CausalityInterfaceForComposites._computeInputDepth(CausalityInterfaceForComposites.java:696)
	at ptolemy.actor.util.CausalityInterfaceForComposites._computeOutputPortDepth(CausalityInterfaceForComposites.java:765)
	at ptolemy.actor.util.CausalityInterfaceForComposites._computeInputDepth(CausalityInterfaceForComposites.java:696)
	at ptolemy.actor.util.CausalityInterfaceForComposites._computeActorDepth(CausalityInterfaceForComposites.java:532)
	at ptolemy.actor.util.CausalityInterfaceForComposites.checkForCycles(CausalityInterfaceForComposites.java:96)
	at ptolemy.domains.de.kernel.DEDirector.preinitialize(DEDirector.java:1337)
	at ptolemy.actor.CompositeActor.preinitialize(CompositeActor.java:1828)
	at ptolemy.actor.Manager.preinitializeAndResolveTypes(Manager.java:1040)
	at ptolemy.actor.Manager.initialize(Manager.java:710)
	at ptolemy.actor.Manager.execute(Manager.java:356)
	at ptolemy.actor.Manager.run(Manager.java:1263)
	at ptolemy.actor.Manager$PtolemyRunThread.run(Manager.java:1915)
]]></system-err>
</testsuite>
