<?xml version="1.0" encoding="UTF-8" ?>
<testsuite errors="0" failures="0" hostname="travis-job-c6fbb0fd-2c75-4d84-b893-8c2215c1cc55" name="ptolemy.domains.de.test.junit.JUnitTclTest" skipped="0" tests="101" time="125.989" timestamp="2018-05-23T16:42:48">
  <properties>
    <property name="npm.executable" value="npm" />
    <property name="file.encoding.pkg" value="sun.io" />
    <property name="ptII.mk.exists" value="true" />
    <property name="env.rvm_bin_path" value="/home/travis/.rvm/bin" />
    <property name="java.home" value="/usr/lib/jvm/java-8-oracle/jre" />
    <property name="env.TRAVIS_JOB_NUMBER" value="469.8" />
    <property name="env.DISPLAY" value=":99.0" />
    <property name="java.net.preferIPv4Stack" value="true" />
    <property name="env.SSH_TTY" value="/dev/pts/0" />
    <property name="env.RUN_TESTS" value="true" />
    <property name="timeout.short" value="1000000" />
    <property name="env.TRAVIS_STACK_NODE_ATTRIBUTES" value="/.node-attributes.yml" />
    <property name="junit.formatter" value="xml" />
    <property name="java.endorsed.dirs" value="/usr/lib/jvm/java-8-oracle/jre/lib/endorsed" />
    <property name="env.TRAVIS_SUDO" value="true" />
    <property name="env.LOGNAME" value="travis" />
    <property name="jsdoc.home" value="node_modules/@terraswarm/jsdoc" />
    <property name="debuglevel" value="source,lines,vars" />
    <property name="checkstyle.formatter" value="xml" />
    <property name="bin.vergil.makeable" value="true" />
    <property name="env._system_version" value="14.04" />
    <property name="sun.os.patch.level" value="unknown" />
    <property name="java.vendor.url" value="http://java.oracle.com/" />
    <property name="java.version" value="1.8.0_151" />
    <property name="env.TZ" value="UTC" />
    <property name="env.PT_NO_NET" value="true" />
    <property name="env.TRAVIS_PULL_REQUEST_SHA" value="" />
    <property name="env.TRAVIS_SECURE_ENV_VARS" value="true" />
    <property name="env._system_type" value="Linux" />
    <property name="java.vendor.url.bug" value="http://bugreport.sun.com/bugreport/" />
    <property name="env.SSH_CLIENT" value="10.10.16.10 44912 22" />
    <property name="npmjs-org-is-up" value="true" />
    <property name="env.GEM_HOME" value="/home/travis/.rvm/gems/ruby-2.4.1" />
    <property name="env.HAS_ANTARES_THREE_LITTLE_FRONZIES_BADGE" value="true" />
    <property name="env.PS4" value="+" />
    <property name="ant.project.invoked-targets" value="build,test.core2.xml" />
    <property name="env.TRAVIS_PULL_REQUEST_BRANCH" value="" />
    <property name="env.TRAVIS_REPO_SLUG" value="icyphy/ptII" />
    <property name="node.in.path" value="true" />
    <property name="java.maxmemory" value="1400m" />
    <property name="env.RUBY_VERSION" value="ruby-2.4.1" />
    <property name="user.name" value="travis" />
    <property name="env.LANG" value="en_US.UTF-8" />
    <property name="sun.io.unicode.encoding" value="UnicodeLittle" />
    <property name="sun.jnu.encoding" value="UTF-8" />
    <property name="java.runtime.name" value="Java(TM) SE Runtime Environment" />
    <property name="usefile" value="false" />
    <property name="return.code" value="0" />
    <property name="junit.single.formatter" value="plain" />
    <property name="env.DYLD_LIBRARY_PATH" value="/home/travis/pthla/certi-tools/lib:" />
    <property name="env.DEBIAN_FRONTEND" value="noninteractive" />
    <property name="env.SSH_CONNECTION" value="10.10.16.10 44912 10.20.0.213 22" />
    <property name="env.MYSQL_UNIX_PORT" value="/var/run/mysqld/mysqld.sock" />
    <property name="env.TRAVIS_ALLOW_FAILURE" value="false" />
    <property name="env.LC_ALL" value="en_US.UTF-8" />
    <property name="java.specification.name" value="Java Platform API Specification" />
    <property name="node.works" value="true" />
    <property name="user.timezone" value="" />
    <property name="path.separator" value=":" />
    <property name="env.PYTHON_CFLAGS" value="-g -fstack-protector --param=ssp-buffer-size=4 -Wformat -Werror=format-security" />
    <property name="timeout.long" value="4000000" />
    <property name="env.CERTI_HOME" value="/home/travis/pthla/certi-tools" />
    <property name="file.encoding" value="UTF-8" />
    <property name="ant.file.ptII" value="/home/travis/build/icyphy/ptII/build.xml" />
    <property name="javadoc.packagenames" value="com.*,diva.*,lbnl.*,org.hlacerti.*,org.json.*,org.ptolemy.*,org.terraswarm.*,ptolemy.*,ptserver.*" />
    <property name="env.TRAVIS_PULL_REQUEST_SLUG" value="" />
    <property name="ant.project.default-target" value="build" />
    <property name="env.GIT_ASKPASS" value="echo" />
    <property name="env.HOME" value="/home/travis" />
    <property name="sun.java.command" value="org.apache.tools.ant.taskdefs.optional.junit.JUnitTestRunner ptolemy.domains.de.test.junit.JUnitTclTest skipNonTests=false filtertrace=true haltOnError=false haltOnFailure=false formatter=org.apache.tools.ant.taskdefs.optional.junit.OutErrSummaryJUnitResultFormatter showoutput=true outputtoformatters=true logfailedtests=true threadid=0 logtestlistenerevents=false formatter=org.apache.tools.ant.taskdefs.optional.junit.XMLJUnitResultFormatter,/home/travis/build/icyphy/ptII/reports/junit/TEST-ptolemy.domains.de.test.junit.JUnitTclTest.xml crashfile=/home/travis/build/icyphy/ptII/junitvmwatcher6498737046122301437.properties propsfile=/home/travis/build/icyphy/ptII/junit5366785156002995612.properties" />
    <property name="env.MANPATH" value="/home/travis/.nvm/versions/node/v7.10.1/share/man:/home/travis/.kiex/elixirs/elixir-1.4.5/man:/home/travis/.rvm/rubies/ruby-2.4.1/share/man:/usr/local/man:/usr/local/cmake-3.9.2/man:/usr/local/clang-5.0.0/share/man:/usr/local/share/man:/usr/share/man:/home/travis/.rvm/man" />
    <property name="env.COMPOSER_NO_INTERACTION" value="1" />
    <property name="env.JDK_SWITCHER_DEFAULT" value="oraclejdk8" />
    <property name="ant.file" value="/home/travis/build/icyphy/ptII/build.xml" />
    <property name="env.TRAVIS_COMMIT_RANGE" value="fb1c2cbfae5a...311b38842e57" />
    <property name="env._system_name" value="Ubuntu" />
    <property name="timeout" value="2400000" />
    <property name="ptII.classpath.optional.property" value="/home/travis/build/icyphy/ptII/lib/bsh-2.0b4.jar:/home/travis/build/icyphy/ptII/lib/ptCal.jar:/home/travis/build/icyphy/ptII/lib/java_cup.jar:/home/travis/build/icyphy/ptII/lib/saxon8.jar:/home/travis/build/icyphy/ptII/lib/saxon8-dom.jar:/home/travis/build/icyphy/ptII/lib/chic.jar:/home/travis/build/icyphy/ptII/lib/ptcolt.jar:/usr/lib/jvm/java-8-oracle/lib/tools.jar:/usr/lib/eclipse/plugins/org.eclipse.jdt.core_3.8.2.dist.jar:/usr/lib/eclipse/plugins/org.eclipse.core.runtime_3.8.0.dist.jar:/usr/lib/eclipse/plugins/org.eclipse.osgi_3.8.1.dist.jar:/usr/lib/eclipse/plugins/org.eclipse.core.resources_3.8.1.dist.jar:/usr/lib/eclipse/plugins/org.eclipse.equinox.common_3.6.100.dist.jar:/usr/lib/eclipse/plugins/org.eclipse.core.jobs_3.5.200.dist.jar:/usr/lib/eclipse/plugins/org.eclipse.core.contenttype_3.4.200.dist.jar:/usr/lib/eclipse/plugins/org.eclipse.equinox.preferences_3.5.0.dist.jar:/usr/lib/eclipse/plugins/org.eclipse.text_3.5.200.dist.jar:/usr/lib/eclipse/plugins/org.eclipse.ui.workbench_3.8.1.dist.jar:/usr/lib/eclipse/plugins/org.eclipse.jface_3.8.0.dist.jar:/usr/lib/eclipse/plugins/org.eclipse.swt_3.8.2.jar:/usr/lib/eclipse/plugins/org.eclipse.jface.text_3.8.1.dist.jar:/usr/lib/eclipse/plugins/org.eclipse.ui.workbench.texteditor_3.8.0.dist.jar:/usr/lib/eclipse/plugins/org.eclipse.ui.editors_3.8.0.dist.jar:/usr/lib/eclipse/plugins/org.eclipse.core.commands_3.6.1.dist.jar:/usr/lib/eclipse/plugins/org.eclipse.equinox.registry_3.5.200.dist.jar:/usr/lib/eclipse/plugins/org.eclipse.ui.console_3.5.100.dist.jar:/usr/lib/eclipse/plugins/org.eclipse.ui.forms_3.5.200.dist.jar:/usr/lib/eclipse/plugins/org.eclipse.ui.ide_3.8.1.dist.jar:/home/travis/build/icyphy/ptII/vendors/oracle/dbxml.jar:/home/travis/build/icyphy/ptII/vendors/oracle/db.jar:/home/travis/build/icyphy/ptII/vendors/misc/itext/iText.jar:/home/travis/build/icyphy/ptII/lib/g4ltl.jar:/home/travis/build/icyphy/ptII/lib/StructuralCoder.jar:/home/travis/build/icyphy/ptII/lib/org-openide-util.jar:/home/travis/build/icyphy/ptII/lib/org-openide-util-lookup.jar:/home/travis/build/icyphy/ptII/lib/org-netbeans-api-visual.jar:/home/travis/build/icyphy/ptII/vendors/jai-1_1_2_01/lib/jai_core.jar:/home/travis/build/icyphy/ptII/vendors/jai-1_1_2_01/lib/jai_codec.jar:/home/travis/build/icyphy/ptII/lib/jcerti.jar:/home/travis/build/icyphy/ptII/lib/smack.jar:/home/travis/build/icyphy/ptII/lib/smackx.jar:/home/travis/build/icyphy/ptII/lib/jetty-all-8.1.5-v20120716.jar:/home/travis/build/icyphy/ptII/lib/javax.servlet-api-3.0.1.jar:/home/travis/build/icyphy/ptII/lib/javax.mail.jar:/home/travis/build/icyphy/ptII/vendors/JMF-2.1.1e/lib/jmf.jar:/home/travis/build/icyphy/ptII/lib/jna-4.0.0-variadic.jar:/home/travis/build/icyphy/ptII/vendors/misc/joystick/Joystick.jar:/home/travis/build/icyphy/ptII/lib/ptjacl.jar:/home/travis/build/icyphy/ptII/lib/jsoup-1.8.2.jar:/home/travis/build/icyphy/ptII/lib/junit-4.8.2.jar:/home/travis/build/icyphy/ptII/lib/JUnitParams-0.4.0.jar:/home/travis/build/icyphy/ptII/ptolemy/actor/lib/excel/jxl.jar:/home/travis/build/icyphy/ptII/lib/jython.jar:/home/travis/build/icyphy/ptII/lib/kieler.jar:/home/travis/build/icyphy/ptII/vendors/opencv/share/OpenCV/java/opencv-341.jar:/home/travis/build/icyphy/ptII/lib/oscP5.jar:/home/travis/build/icyphy/ptII/lib/nrjavaserial-3.11.0.devel.jar:/usr/share/java/j3dcore.jar:/usr/share/java/j3dutils.jar:/usr/share/java/vecmath.jar:/home/travis/build/icyphy/ptII/ptolemy/distributed/jini/jar/jini-core.jar:/home/travis/build/icyphy/ptII/ptolemy/distributed/jini/jar/jini-ext.jar:/home/travis/build/icyphy/ptII/ptolemy/distributed/jini/jar/sun-util.jar:/home/travis/build/icyphy/ptII/lib/protobuf-java-2.4.1.jar:/home/travis/build/icyphy/ptII/lib/org.eclipse.paho.client.mqttv3.jar:/home/travis/build/icyphy/ptII/ptserver/lib/hessian-4.0.7.jar:/home/travis/build/icyphy/ptII/ptserver/lib/wmqtt.jar:/home/travis/build/icyphy/ptII/lib/mapss.jar:/home/travis/build/icyphy/ptII/ptolemy/actor/ptalon/antlr/antlr.jar:/home/travis/build/icyphy/ptII/lib/JRI.jar:/home/travis/build/icyphy/ptII/lib/commons-lang-2.6.jar:/home/travis/build/icyphy/ptII/lib/commons-logging-1.1.1.jar:/home/travis/build/icyphy/ptII/lib/sootclasses.jar:/home/travis/build/icyphy/ptII/ptolemy/actor/lib/database/mysql-connector-java-5.1.6-bin.jar:/home/travis/build/icyphy/ptII/vendors/misc/sphinx4/sphinx4-data-5prealpha.jar:/home/travis/build/icyphy/ptII/vendors/misc/sphinx4/sphinx4-core-5prealpha.jar:/home/travis/build/icyphy/ptII/lib/PDFRenderer.jar:/home/travis/build/icyphy/ptII/lib/svgSalamander.jar:/home/travis/build/icyphy/ptII/lib/rsyntaxtextarea-2.6.0-SNAPSHOT.jar:/home/travis/build/icyphy/ptII/lib/hazelcast-3.8.2.jar:/home/travis/build/icyphy/ptII/lib/jackson-annotations-2.9.0.jar:/home/travis/build/icyphy/ptII/lib/jackson-core-2.9.3.jar:/home/travis/build/icyphy/ptII/lib/jackson-databind-2.9.3.jar:/home/travis/build/icyphy/ptII/lib/netty-buffer-4.1.19.Final.jar:/home/travis/build/icyphy/ptII/lib/netty-codec-4.1.19.Final.jar:/home/travis/build/icyphy/ptII/lib/netty-codec-dns-4.1.19.Final.jar:/home/travis/build/icyphy/ptII/lib/netty-codec-http-4.1.19.Final.jar:/home/travis/build/icyphy/ptII/lib/netty-codec-http2-4.1.19.Final.jar:/home/travis/build/icyphy/ptII/lib/netty-common-4.1.19.Final.jar:/home/travis/build/icyphy/ptII/lib/netty-handler-4.1.19.Final.jar:/home/travis/build/icyphy/ptII/lib/netty-resolver-4.1.19.Final.jar:/home/travis/build/icyphy/ptII/lib/netty-resolver-dns-4.1.19.Final.jar:/home/travis/build/icyphy/ptII/lib/netty-transport-4.1.19.Final.jar:/home/travis/build/icyphy/ptII/lib/vertx-codegen-3.5.1.jar:/home/travis/build/icyphy/ptII/lib/vertx-core-3.5.2-SNAPSHOT.jar:/home/travis/build/icyphy/ptII/lib/vertx-hazelcast-3.5.1.jar:/home/travis/build/icyphy/ptII/lib/vertx-lang-js-3.5.1.jar:/home/travis/build/icyphy/ptII/lib/vertx-service-proxy-3.5.1.jar:/home/travis/build/icyphy/ptII/lib/vertx-web-3.5.1.jar:/home/travis/build/icyphy/ptII/lib/slf4j-api-1.7.13.jar:/home/travis/build/icyphy/ptII/lib/slf4j-simple-1.7.13.jar:/home/travis/build/icyphy/ptII/lib/webcam-capture-0.3.12.jar:/home/travis/build/icyphy/ptII/lib/bridj-0.7.0.jar:/home/travis/build/icyphy/ptII/lib/xbjlib-1.1.0.nrjavaserial.jar" />
    <property name="test.batch" value="**/junit/*.java" />
    <property name="env._" value="/usr/bin/timeout" />
    <property name="java.io.tmpdir" value="/tmp" />
    <property name="user.language" value="en" />
    <property name="env.HISTCONTROL" value="ignoredups:ignorespace" />
    <property name="env.GOROOT" value="/home/travis/.gimme/versions/go1.7.4.linux.amd64" />
    <property name="line.separator" value="&#xa;" />
    <property name="target" value="1.8" />
    <property name="env.TRAVIS_BUILD_DIR" value="/home/travis/build/icyphy/ptII" />
    <property name="env.ANT_OPTS" value="-Xmx2048m" />
    <property name="ant.file.type" value="file" />
    <property name="ptolemy.ptII.batchMode" value="true" />
    <property name="env.HISTSIZE" value="1000" />
    <property name="env.MERB_ENV" value="test" />
    <property name="java.vm.info" value="mixed mode" />
    <property name="source" value="1.8" />
    <property name="java.vm.specification.name" value="Java Virtual Machine Specification" />
    <property name="env.TRAVIS_TEST_RESULT" value="0" />
    <property name="jsdoc.command" value="node_modules/@terraswarm/jsdoc/jsdoc.js" />
    <property name="npm.works" value="true" />
    <property name="cobertura.dir" value="/home/travis/build/icyphy/ptII/vendors/cobertura-2.0.3" />
    <property name="env.rvm_path" value="/home/travis/.rvm" />
    <property name="env.GEM_PATH" value="/home/travis/.rvm/gems/ruby-2.4.1:/home/travis/.rvm/gems/ruby-2.4.1@global" />
    <property name="env.LC_CTYPE" value="en_US.UTF-8" />
    <property name="java.awt.printerjob" value="sun.print.PSPrinterJob" />
    <property name="env.TRAVIS_STACK_NAME" value="garnet" />
    <property name="ant.version" value="Apache Ant(TM) version 1.10.1 compiled on February 2 2017" />
    <property name="ptII.reports" value="/home/travis/build/icyphy/ptII/reports" />
    <property name="env.TRAVIS_STACK_TIMESTAMP" value="2017-12-05 19:33:09 UTC" />
    <property name="ant.file.type.ptII" value="file" />
    <property name="env.RBENV_SHELL" value="bash" />
    <property name="os.name" value="Linux" />
    <property name="java.specification.vendor" value="Oracle Corporation" />
    <property name="env.rvm_version" value="1.29.3 (latest)" />
    <property name="env.TERM" value="xterm" />
    <property name="java.vm.name" value="Java HotSpot(TM) 64-Bit Server VM" />
    <property name="env.TRAVIS_BUILD_NUMBER" value="469" />
    <property name="env.CI" value="true" />
    <property name="java.library.path" value="/home/travis/pthla/certi-tools/lib:/usr/lib/jni:/usr/local/share/OpenCV/java/:/usr/share/OpenCV/java::/usr/java/packages/lib/amd64:/usr/lib64:/lib64:/lib:/usr/lib" />
    <property name="env.rvm_prefix" value="/home/travis" />
    <property name="env.PATH" value="/home/travis/pthla/certi-tools/share/scripts:/home/travis/.rvm/gems/ruby-2.4.1/bin:/home/travis/.rvm/gems/ruby-2.4.1@global/bin:/home/travis/.rvm/rubies/ruby-2.4.1/bin:/home/travis/.rvm/bin:/home/travis/.nvm/versions/node/v7.10.1/bin:./node_modules/.bin:/home/travis/build/icyphy/ptII/bin:/home/travis/pthla/certi-tools/bin:/home/travis/bin:/home/travis/.local/bin:/opt/pyenv/shims:/home/travis/.phpenv/shims:/home/travis/perl5/perlbrew/bin:/home/travis/.kiex/elixirs/elixir-1.4.5/bin:/home/travis/.kiex/bin:/home/travis/gopath/bin:/home/travis/.gimme/versions/go1.7.4.linux.amd64/bin:/usr/local/phantomjs/bin:/usr/local/phantomjs:/usr/local/neo4j-3.2.7/bin:/usr/local/maven-3.5.2/bin:/usr/local/cmake-3.9.2/bin:/usr/local/clang-5.0.0/bin:/usr/local/sbin:/usr/local/bin:/usr/sbin:/usr/bin:/sbin:/bin:/home/travis/.phpenv/bin:/opt/pyenv/bin:/home/travis/.yarn/bin" />
    <property name="env.TRAVIS_OS_NAME" value="linux" />
    <property name="ant.java.version" value="1.8" />
    <property name="basedir" value="/home/travis/build/icyphy/ptII" />
    <property name="java.class.version" value="52.0" />
    <property name="env.SHLVL" value="3" />
    <property name="env.LD_LIBRARY_PATH" value="/home/travis/pthla/certi-tools/lib:/usr/lib/jni:/usr/local/share/OpenCV/java/:/usr/share/OpenCV/java:" />
    <property name="env.RACK_ENV" value="test" />
    <property name="ant.home" value="/home/travis/build/icyphy/ptII/ant" />
    <property name="env.NVM_DIR" value="/home/travis/.nvm" />
    <property name="env.PERLBREW_BASHRC_VERSION" value="0.80" />
    <property name="env.CERTI_FOM_PATH" value="/home/travis/pthla/certi-tools/share/federations" />
    <property name="env.TRAVIS_BUILD_ID" value="382713355" />
    <property name="env.PYENV_ROOT" value="/opt/pyenv" />
    <property name="env.TRAVIS_UID" value="2000" />
    <property name="env.rvm_pretty_print_flag" value="auto" />
    <property name="env.NVM_BIN" value="/home/travis/.nvm/versions/node/v7.10.1/bin" />
    <property name="env.TRAVIS_COMMIT" value="311b38842e57b1d8a21720acc7890f6cd80f57e9" />
    <property name="env._system_arch" value="x86_64" />
    <property name="node.executable" value="node" />
    <property name="sun.boot.library.path" value="/usr/lib/jvm/java-8-oracle/jre/lib/amd64" />
    <property name="sun.management.compiler" value="HotSpot 64-Bit Tiered Compilers" />
    <property name="env.GOPATH" value="/home/travis/gopath" />
    <property name="java.awt.graphicsenv" value="sun.awt.X11GraphicsEnvironment" />
    <property name="ptolemy.ptII.dir" value="/home/travis/build/icyphy/ptII" />
    <property name="env.USER" value="travis" />
    <property name="env.HISTFILESIZE" value="2000" />
    <property name="timeout.longest" value="19000000" />
    <property name="env.TRAVIS_STACK_FEATURES" value="basic cassandra chromium couchdb disabled-ipv6 docker docker-compose elasticsearch firefox go-toolchain google-chrome jdk memcached mongodb mysql neo4j nodejs_interpreter perl_interpreter perlbrew phantomjs postgresql python_interpreter rabbitmq redis riak ruby_interpreter sqlite xserver" />
    <property name="env.TRAVIS_PULL_REQUEST" value="false" />
    <property name="env.PYENV_SHELL" value="bash" />
    <property name="ant.project.name" value="ptII" />
    <property name="java.vm.specification.version" value="1.8" />
    <property name="env.CERTI_VERSION" value="4.0.0" />
    <property name="env.NLSPATH" value="/usr/dt/lib/nls/msg/%L/%N.cat" />
    <property name="awt.toolkit" value="sun.awt.X11.XToolkit" />
    <property name="env.CERTI_HOST" value="localhost" />
    <property name="env.MY_RUBY_HOME" value="/home/travis/.rvm/rubies/ruby-2.4.1" />
    <property name="sun.cpu.isalist" value="" />
    <property name="java.ext.dirs" value="/usr/lib/jvm/java-8-oracle/jre/lib/ext:/usr/java/packages/lib/ext" />
    <property name="os.version" value="4.4.0-101-generic" />
    <property name="user.home" value="/home/travis" />
    <property name="env.MIX_ARCHIVES" value="/home/travis/.kiex/mix/elixir-1.4.5" />
    <property name="java.vm.vendor" value="Oracle Corporation" />
    <property name="env.TRAVIS_TAG" value="nightly" />
    <property name="env.TRAVIS_FILTERED" value="redirect_io" />
    <property name="javadoc.excludepackagenames" value="adm.cvs2svn.*,build.*,config.*,doc.coding.templates.*,jni.test.jni.meaningOfLife.*,jni.test.jni.testDeux.*,jni.test.jni.testTrois.*,org.terraswarm.accessor.accessors.web.node_modules.*,org.terraswarm.accessor.accessors.web.hosts.cordova.demo.*,org.terraswarm.accessor.accessors.web.hosts.cordova.plugins.*,org.terraswarm.accessor.accessors-svn.*,pt-modules.*,ptolemy.apps.agilent.*,ptolemy.apps.anytimecontrol.*,ptolemy.apps.apes.*,ptolemy.apps.charon.*,ptolemy.apps.crazyboard.*,ptolemy.apps.eclipse.*,ptolemy.apps.etherealSting.*,ptolemy.apps.fullscreen.*,ptolemy.apps.giotto.*,ptolemy.apps.ia.*,ptolemy.apps.interfaces.*,ptolemy.apps.jmf.*,ptolemy.apps.kurt.*,ptolemy.apps.kvm.*,ptolemy.apps.lego.*,ptolemy.apps.lejos.*,ptolemy.apps.midp.*,ptolemy.apps.mobileCoding.*,ptolemy.apps.pendulum.*,ptolemy.apps.rijndael.*,ptolemy.apps.robot.*,ptolemy.apps.security.*,ptolemy.apps.sobel.*,ptolemy.apps.soot.*,ptolemy.apps.throttle.*,ptolemy.apps.tini.*,ptolemy.apps.transmission.*,ptolemy.apps.vergil.*,ptolemy.apps.waba.*,ptolemy.apps.websensor.*,ptolemy.apps.webstart.*,ptolemy.apps.xsl.*,ptolemy.apps.zaurus.*,ptolemy.backtrack.eclipse.plugin.*,ptolemy.backtrack.test.*,ptolemy.codegen.c.actor.lib.oldJavaFiles.*,ptolemy.codegen.dsp.lib.*,ptolemy.codegen.kernel.newInterfaces.*,ptolemy.codegen.lib.*,ptolemy.copernicus.kernel.fragment.*,ptolemy.copernicus.shallow.cg.*,ptolemy.domains.giotto.demo.Hierarchy.Hierarchy.*,ptolemy.domains.giotto.demo.Multimode.Multimode.*,ptolemy.domains.giotto.demo.Simple.Simple.*,ptolemy.domains.gr.lib.experimental.*,ptolemy.domains.gro.*,ptolemy.domains.pdf.*,ptolemy.domains.ptinyos.demo.Surge.output.*,ptolemy.moml.test.NoPackageActor.java*,ptolemy.plot.adm.*,ptolemy.plot.servlet.*,reports.*,signed.*,src.*,target.*,vendors.*,ptolemy.cg.adapter.generic.program.procedural.c.mbed*,ptolemy.actor.lib.fmi.fmus.omc*,ptolemy.domains.openmodelica*,ptdb.kernel.bl.save.test.*,ptdb.kernel.bl.load.test.*,ptdb.kernel.bl.search.test.*,ptdb.kernel.bl.migration.test.*,ptdb.kernel.database.test.*,ptdb.test.*,ptdb.gui.test.*,org.ptolemy.scala.*,diva.util.java2d.svg.*,ptolemy.domains.ptinyos.*,ptolemy.actor.lib.fmi.fmipp.*,,org.terraswarm.accessor.accessors.web.node_modules.*,org.terraswarm.accessor.accessors-svn,ptolemy.actor.ptalon.demo.ptinyos.SendAndReceiveCnt.output,ptolemy.actor.ptalon.demo.ptinyos.SenseToLeds.output,ptolemy.domains.ptinyos.demo.CntToLedsAndRfm.output,ptolemy.domains.ptinyos.demo.RfmToLeds.output,ptolemy.domains.ptinyos.demo.SendAndReceiveCnt.output,ptolemy.domains.ptinyos.demo.SenseToLeds.output" />
    <property name="env.JAVA_HOME" value="/usr/lib/jvm/java-8-oracle" />
    <property name="env.PTII" value="/home/travis/build/icyphy/ptII" />
    <property name="env.TRAVIS_COMMIT_MESSAGE" value="Basic lane merge working with test cases" />
    <property name="keystore" value="ptKeystore" />
    <property name="env.XDG_SESSION_ID" value="2" />
    <property name="junit.output.dir" value="/home/travis/build/icyphy/ptII/reports/junit" />
    <property name="npm.return.code" value="0" />
    <property name="user.dir" value="/home/travis/build/icyphy/ptII/ptolemy/domains/de/test" />
    <property name="env.TRAVIS_NODE_VERSION" value="7" />
    <property name="env.XFILESEARCHPATH" value="/usr/dt/app-defaults/%L/Dt" />
    <property name="env.TRAVIS_EVENT_TYPE" value="push" />
    <property name="env.MAIL" value="/var/mail/travis" />
    <property name="env.PWD" value="/home/travis/build/icyphy/ptII" />
    <property name="env.PERLBREW_ROOT" value="/home/travis/perl5/perlbrew" />
    <property name="timeout.npm" value="45000" />
    <property name="env.PT_TRAVIS_TEST_CORE2_XML" value="true" />
    <property name="env.PAGER" value="cat" />
    <property name="sun.cpu.endian" value="little" />
    <property name="env.TRAVIS_BUILD_STAGE_NAME" value="Test" />
    <property name="env.PERLBREW_HOME" value="/home/travis/.perlbrew" />
    <property name="env.RAILS_ENV" value="test" />
    <property name="java.vm.version" value="25.151-b12" />
    <property name="java.class.path" value="/home/travis/build/icyphy/ptII:/home/travis/build/icyphy/ptII/lib/bsh-2.0b4.jar:/home/travis/build/icyphy/ptII/lib/ptCal.jar:/home/travis/build/icyphy/ptII/lib/java_cup.jar:/home/travis/build/icyphy/ptII/lib/saxon8.jar:/home/travis/build/icyphy/ptII/lib/saxon8-dom.jar:/home/travis/build/icyphy/ptII/lib/chic.jar:/home/travis/build/icyphy/ptII/lib/ptcolt.jar:/usr/lib/jvm/java-8-oracle/lib/tools.jar:/usr/lib/eclipse/plugins/org.eclipse.jdt.core_3.8.2.dist.jar:/usr/lib/eclipse/plugins/org.eclipse.core.runtime_3.8.0.dist.jar:/usr/lib/eclipse/plugins/org.eclipse.osgi_3.8.1.dist.jar:/usr/lib/eclipse/plugins/org.eclipse.core.resources_3.8.1.dist.jar:/usr/lib/eclipse/plugins/org.eclipse.equinox.common_3.6.100.dist.jar:/usr/lib/eclipse/plugins/org.eclipse.core.jobs_3.5.200.dist.jar:/usr/lib/eclipse/plugins/org.eclipse.core.contenttype_3.4.200.dist.jar:/usr/lib/eclipse/plugins/org.eclipse.equinox.preferences_3.5.0.dist.jar:/usr/lib/eclipse/plugins/org.eclipse.text_3.5.200.dist.jar:/usr/lib/eclipse/plugins/org.eclipse.ui.workbench_3.8.1.dist.jar:/usr/lib/eclipse/plugins/org.eclipse.jface_3.8.0.dist.jar:/usr/lib/eclipse/plugins/org.eclipse.swt_3.8.2.jar:/usr/lib/eclipse/plugins/org.eclipse.jface.text_3.8.1.dist.jar:/usr/lib/eclipse/plugins/org.eclipse.ui.workbench.texteditor_3.8.0.dist.jar:/usr/lib/eclipse/plugins/org.eclipse.ui.editors_3.8.0.dist.jar:/usr/lib/eclipse/plugins/org.eclipse.core.commands_3.6.1.dist.jar:/usr/lib/eclipse/plugins/org.eclipse.equinox.registry_3.5.200.dist.jar:/usr/lib/eclipse/plugins/org.eclipse.ui.console_3.5.100.dist.jar:/usr/lib/eclipse/plugins/org.eclipse.ui.forms_3.5.200.dist.jar:/usr/lib/eclipse/plugins/org.eclipse.ui.ide_3.8.1.dist.jar:/home/travis/build/icyphy/ptII/vendors/oracle/dbxml.jar:/home/travis/build/icyphy/ptII/vendors/oracle/db.jar:/home/travis/build/icyphy/ptII/vendors/misc/itext/iText.jar:/home/travis/build/icyphy/ptII/lib/g4ltl.jar:/home/travis/build/icyphy/ptII/lib/StructuralCoder.jar:/home/travis/build/icyphy/ptII/lib/org-openide-util.jar:/home/travis/build/icyphy/ptII/lib/org-openide-util-lookup.jar:/home/travis/build/icyphy/ptII/lib/org-netbeans-api-visual.jar:/home/travis/build/icyphy/ptII/vendors/jai-1_1_2_01/lib/jai_core.jar:/home/travis/build/icyphy/ptII/vendors/jai-1_1_2_01/lib/jai_codec.jar:/home/travis/build/icyphy/ptII/lib/jcerti.jar:/home/travis/build/icyphy/ptII/lib/smack.jar:/home/travis/build/icyphy/ptII/lib/smackx.jar:/home/travis/build/icyphy/ptII/lib/jetty-all-8.1.5-v20120716.jar:/home/travis/build/icyphy/ptII/lib/javax.servlet-api-3.0.1.jar:/home/travis/build/icyphy/ptII/lib/javax.mail.jar:/home/travis/build/icyphy/ptII/vendors/JMF-2.1.1e/lib/jmf.jar:/home/travis/build/icyphy/ptII/lib/jna-4.0.0-variadic.jar:/home/travis/build/icyphy/ptII/vendors/misc/joystick/Joystick.jar:/home/travis/build/icyphy/ptII/lib/ptjacl.jar:/home/travis/build/icyphy/ptII/lib/jsoup-1.8.2.jar:/home/travis/build/icyphy/ptII/lib/junit-4.8.2.jar:/home/travis/build/icyphy/ptII/lib/JUnitParams-0.4.0.jar:/home/travis/build/icyphy/ptII/ptolemy/actor/lib/excel/jxl.jar:/home/travis/build/icyphy/ptII/lib/jython.jar:/home/travis/build/icyphy/ptII/lib/kieler.jar:/home/travis/build/icyphy/ptII/vendors/opencv/share/OpenCV/java/opencv-341.jar:/home/travis/build/icyphy/ptII/lib/oscP5.jar:/home/travis/build/icyphy/ptII/lib/nrjavaserial-3.11.0.devel.jar:/usr/share/java/j3dcore.jar:/usr/share/java/j3dutils.jar:/usr/share/java/vecmath.jar:/home/travis/build/icyphy/ptII/ptolemy/distributed/jini/jar/jini-core.jar:/home/travis/build/icyphy/ptII/ptolemy/distributed/jini/jar/jini-ext.jar:/home/travis/build/icyphy/ptII/ptolemy/distributed/jini/jar/sun-util.jar:/home/travis/build/icyphy/ptII/lib/protobuf-java-2.4.1.jar:/home/travis/build/icyphy/ptII/lib/org.eclipse.paho.client.mqttv3.jar:/home/travis/build/icyphy/ptII/ptserver/lib/hessian-4.0.7.jar:/home/travis/build/icyphy/ptII/ptserver/lib/wmqtt.jar:/home/travis/build/icyphy/ptII/lib/mapss.jar:/home/travis/build/icyphy/ptII/ptolemy/actor/ptalon/antlr/antlr.jar:/home/travis/build/icyphy/ptII/lib/JRI.jar:/home/travis/build/icyphy/ptII/lib/commons-lang-2.6.jar:/home/travis/build/icyphy/ptII/lib/commons-logging-1.1.1.jar:/home/travis/build/icyphy/ptII/lib/sootclasses.jar:/home/travis/build/icyphy/ptII/ptolemy/actor/lib/database/mysql-connector-java-5.1.6-bin.jar:/home/travis/build/icyphy/ptII/vendors/misc/sphinx4/sphinx4-data-5prealpha.jar:/home/travis/build/icyphy/ptII/vendors/misc/sphinx4/sphinx4-core-5prealpha.jar:/home/travis/build/icyphy/ptII/lib/PDFRenderer.jar:/home/travis/build/icyphy/ptII/lib/svgSalamander.jar:/home/travis/build/icyphy/ptII/lib/rsyntaxtextarea-2.6.0-SNAPSHOT.jar:/home/travis/build/icyphy/ptII/lib/hazelcast-3.8.2.jar:/home/travis/build/icyphy/ptII/lib/jackson-annotations-2.9.0.jar:/home/travis/build/icyphy/ptII/lib/jackson-core-2.9.3.jar:/home/travis/build/icyphy/ptII/lib/jackson-databind-2.9.3.jar:/home/travis/build/icyphy/ptII/lib/netty-buffer-4.1.19.Final.jar:/home/travis/build/icyphy/ptII/lib/netty-codec-4.1.19.Final.jar:/home/travis/build/icyphy/ptII/lib/netty-codec-dns-4.1.19.Final.jar:/home/travis/build/icyphy/ptII/lib/netty-codec-http-4.1.19.Final.jar:/home/travis/build/icyphy/ptII/lib/netty-codec-http2-4.1.19.Final.jar:/home/travis/build/icyphy/ptII/lib/netty-common-4.1.19.Final.jar:/home/travis/build/icyphy/ptII/lib/netty-handler-4.1.19.Final.jar:/home/travis/build/icyphy/ptII/lib/netty-resolver-4.1.19.Final.jar:/home/travis/build/icyphy/ptII/lib/netty-resolver-dns-4.1.19.Final.jar:/home/travis/build/icyphy/ptII/lib/netty-transport-4.1.19.Final.jar:/home/travis/build/icyphy/ptII/lib/vertx-codegen-3.5.1.jar:/home/travis/build/icyphy/ptII/lib/vertx-core-3.5.2-SNAPSHOT.jar:/home/travis/build/icyphy/ptII/lib/vertx-hazelcast-3.5.1.jar:/home/travis/build/icyphy/ptII/lib/vertx-lang-js-3.5.1.jar:/home/travis/build/icyphy/ptII/lib/vertx-service-proxy-3.5.1.jar:/home/travis/build/icyphy/ptII/lib/vertx-web-3.5.1.jar:/home/travis/build/icyphy/ptII/lib/slf4j-api-1.7.13.jar:/home/travis/build/icyphy/ptII/lib/slf4j-simple-1.7.13.jar:/home/travis/build/icyphy/ptII/lib/webcam-capture-0.3.12.jar:/home/travis/build/icyphy/ptII/lib/bridj-0.7.0.jar:/home/travis/build/icyphy/ptII/lib/xbjlib-1.1.0.nrjavaserial.jar:/home/travis/build/icyphy/ptII/ptolemy/moml/test:/home/travis/build/icyphy/ptII/ant/lib/ant-launcher.jar:/home/travis/build/icyphy/ptII/ant/lib/ant.jar:/home/travis/build/icyphy/ptII/ant/lib/ant-junit.jar:/home/travis/build/icyphy/ptII/ant/lib/ant-junit4.jar" />
    <property name="ant.library.dir" value="/home/travis/build/icyphy/ptII/ant/lib" />
    <property name="os.arch" value="amd64" />
    <property name="env.TRAVIS_LANGUAGE" value="node_js" />
    <property name="env.CONTINUOUS_INTEGRATION" value="true" />
    <property name="env.TRAVIS_STACK_LANGUAGES" value="__garnet__ c c++ clojure cplusplus cpp default go groovy java node_js php pure_java python ruby scala" />
    <property name="test.name" value="ptolemy.actor.lib.test.junit.JUnitTclTest" />
    <property name="sun.java.launcher" value="SUN_STANDARD" />
    <property name="env.PYTHON_CONFIGURE_OPTS" value="--enable-unicode=ucs4 --with-wide-unicode --enable-shared --enable-ipv6 --enable-loadable-sqlite-extensions --with-computed-gotos" />
    <property name="ant.core.lib" value="/home/travis/build/icyphy/ptII/ant/lib/ant.jar" />
    <property name="java.vm.specification.vendor" value="Oracle Corporation" />
    <property name="env.BCVTB_HOME" value="/home/travis/build/icyphy/ptII/lbnl" />
    <property name="file.separator" value="/" />
    <property name="java.runtime.version" value="1.8.0_151-b12" />
    <property name="spotbugs.home" value="/home/travis/build/icyphy/ptII/vendors/spotbugs-3.1.1" />
    <property name="sun.boot.class.path" value="/usr/lib/jvm/java-8-oracle/jre/lib/resources.jar:/usr/lib/jvm/java-8-oracle/jre/lib/rt.jar:/usr/lib/jvm/java-8-oracle/jre/lib/sunrsasign.jar:/usr/lib/jvm/java-8-oracle/jre/lib/jsse.jar:/usr/lib/jvm/java-8-oracle/jre/lib/jce.jar:/usr/lib/jvm/java-8-oracle/jre/lib/charsets.jar:/usr/lib/jvm/java-8-oracle/jre/lib/jfr.jar:/usr/lib/jvm/java-8-oracle/jre/classes" />
    <property name="env.HAS_JOSH_K_SEAL_OF_APPROVAL" value="true" />
    <property name="env.TRAVIS_OSX_IMAGE" value="" />
    <property name="env.XDG_RUNTIME_DIR" value="/run/user/2000" />
    <property name="env.TRAVIS_BRANCH" value="master" />
    <property name="env.TRAVIS_JOB_ID" value="382713363" />
    <property name="env.CERTI_HOME_TRAVIS" value="/home/travis/pthla/certi-tools" />
    <property name="user.country" value="US" />
    <property name="env.SHELL" value="/bin/bash" />
    <property name="java.maxmemory.large" value="5000m" />
    <property name="model" value="" />
    <property name="env.CASHER_DIR" value="/home/travis/.casher" />
    <property name="env.NVM_CD_FLAGS" value="" />
    <property name="jshint.executable" value="/home/travis/node_modules/jshint/bin/jshint" />
    <property name="java.vendor" value="Oracle Corporation" />
    <property name="env.JRUBY_OPTS" value=" --client -J-XX:+TieredCompilation -J-XX:TieredStopAtLevel=1 -J-Xss2m -Xcompile.invokedynamic=false" />
    <property name="env.TRAVIS_PRE_CHEF_BOOTSTRAP_TIME" value="2017-12-05T19:32:55" />
    <property name="env.TRAVIS_STACK_JOB_BOARD_REGISTER" value="/.job-board-register.yml" />
    <property name="env.ELIXIR_VERSION" value="1.4.5" />
    <property name="java.specification.version" value="1.8" />
    <property name="env.IRBRC" value="/home/travis/.rvm/rubies/ruby-2.4.1/.irbrc" />
    <property name="env.TRAVIS" value="true" />
    <property name="sun.arch.data.model" value="64" />
  </properties>
  <testcase classname="ptolemy.util.test.junit.TclTests" name="[0] /home/travis/build/icyphy/ptII/ptolemy/domains/de/test/DependencyLoop.tcl (RunTclFile)" time="0.813" />
  <testcase classname="ptolemy.util.test.junit.TclTests" name="[1] /home/travis/build/icyphy/ptII/ptolemy/domains/de/test/RunDETestsAsQSS.tcl (RunTclFile)" time="85.836" />
  <testcase classname="ptolemy.util.test.junit.AutoKnownFailedTests" name="[0] /home/travis/build/icyphy/ptII/ptolemy/domains/de/test/auto/knownFailedTests/DESDFClockTest.xml (RunModel)" time="2.031" />
  <testcase classname="ptolemy.util.test.junit.AutoKnownFailedTests" name="[1] /home/travis/build/icyphy/ptII/ptolemy/domains/de/test/auto/knownFailedTests/DirectFeedback.xml (RunModel)" time="0.013" />
  <testcase classname="ptolemy.util.test.junit.AutoKnownFailedTests" name="[2] /home/travis/build/icyphy/ptII/ptolemy/domains/de/test/auto/knownFailedTests/FSMSource.xml (RunModel)" time="0.017" />
  <testcase classname="ptolemy.util.test.junit.AutoKnownFailedTests" name="[3] /home/travis/build/icyphy/ptII/ptolemy/domains/de/test/auto/knownFailedTests/HierarchicalModel.xml (RunModel)" time="0.033" />
  <testcase classname="ptolemy.util.test.junit.AutoKnownFailedTests" name="[4] /home/travis/build/icyphy/ptII/ptolemy/domains/de/test/auto/knownFailedTests/dependencyLoop.xml (RunModel)" time="0.034" />
  <testcase classname="ptolemy.util.test.junit.AutoKnownFailedTests" name="[5] /home/travis/build/icyphy/ptII/ptolemy/domains/de/test/auto/knownFailedTests/dependencyLoop2.xml (RunModel)" time="0.035" />
  <testcase classname="ptolemy.util.test.junit.AutoNameArchTests" name="[0] ThereAreNoAutoTests (RunModel)" time="0.001" />
  <testcase classname="ptolemy.util.test.junit.AutoTests" name="[0] /home/travis/build/icyphy/ptII/ptolemy/domains/de/test/auto/ActorDepthCalculation_actorWithoutPorts.xml (RunModel)" time="0.018" />
  <testcase classname="ptolemy.util.test.junit.AutoTests" name="[1] /home/travis/build/icyphy/ptII/ptolemy/domains/de/test/auto/AssemblyLine.xml (RunModel)" time="0.018" />
  <testcase classname="ptolemy.util.test.junit.AutoTests" name="[2] /home/travis/build/icyphy/ptII/ptolemy/domains/de/test/auto/CQBug1.xml (RunModel)" time="0.014" />
  <testcase classname="ptolemy.util.test.junit.AutoTests" name="[3] /home/travis/build/icyphy/ptII/ptolemy/domains/de/test/auto/CancelFireAt.xml (RunModel)" time="0.005" />
  <testcase classname="ptolemy.util.test.junit.AutoTests" name="[4] /home/travis/build/icyphy/ptII/ptolemy/domains/de/test/auto/CausalityAndComposabilityAnalysis.xml (RunModel)" time="0.011" />
  <testcase classname="ptolemy.util.test.junit.AutoTests" name="[5] /home/travis/build/icyphy/ptII/ptolemy/domains/de/test/auto/CausalityInterface1.xml (RunModel)" time="0.011" />
  <testcase classname="ptolemy.util.test.junit.AutoTests" name="[6] /home/travis/build/icyphy/ptII/ptolemy/domains/de/test/auto/CausalityInterface15.xml (RunModel)" time="0.011" />
  <testcase classname="ptolemy.util.test.junit.AutoTests" name="[7] /home/travis/build/icyphy/ptII/ptolemy/domains/de/test/auto/CausalityInterface2.xml (RunModel)" time="0.01" />
  <testcase classname="ptolemy.util.test.junit.AutoTests" name="[8] /home/travis/build/icyphy/ptII/ptolemy/domains/de/test/auto/CausalityInterface3.xml (RunModel)" time="0.008" />
  <testcase classname="ptolemy.util.test.junit.AutoTests" name="[9] /home/travis/build/icyphy/ptII/ptolemy/domains/de/test/auto/ClockDrift.xml (RunModel)" time="0.024" />
  <testcase classname="ptolemy.util.test.junit.AutoTests" name="[10] /home/travis/build/icyphy/ptII/ptolemy/domains/de/test/auto/ClockDriftAndValueChange.xml (RunModel)" time="0.021" />
  <testcase classname="ptolemy.util.test.junit.AutoTests" name="[11] /home/travis/build/icyphy/ptII/ptolemy/domains/de/test/auto/ClockDriftChange.xml (RunModel)" time="0.021" />
  <testcase classname="ptolemy.util.test.junit.AutoTests" name="[12] /home/travis/build/icyphy/ptII/ptolemy/domains/de/test/auto/ComposableCausalityAnalysis.xml (RunModel)" time="0.013" />
  <testcase classname="ptolemy.util.test.junit.AutoTests" name="[13] /home/travis/build/icyphy/ptII/ptolemy/domains/de/test/auto/DEFixedPointLimitation.xml (RunModel)" time="0.006" />
  <testcase classname="ptolemy.util.test.junit.AutoTests" name="[14] /home/travis/build/icyphy/ptII/ptolemy/domains/de/test/auto/DEScheduleTest.xml (RunModel)" time="0.008" />
  <testcase classname="ptolemy.util.test.junit.AutoTests" name="[15] /home/travis/build/icyphy/ptII/ptolemy/domains/de/test/auto/DEinDEwithStartTimes.xml (RunModel)" time="0.009" />
  <testcase classname="ptolemy.util.test.junit.AutoTests" name="[16] /home/travis/build/icyphy/ptII/ptolemy/domains/de/test/auto/DEinDEwithStartTimes2.xml (RunModel)" time="0.009" />
  <testcase classname="ptolemy.util.test.junit.AutoTests" name="[17] /home/travis/build/icyphy/ptII/ptolemy/domains/de/test/auto/DateDemo.xml (RunModel)" time="0.019" />
  <testcase classname="ptolemy.util.test.junit.AutoTests" name="[18] /home/travis/build/icyphy/ptII/ptolemy/domains/de/test/auto/DateToEvent.xml (RunModel)" time="2.026" />
  <testcase classname="ptolemy.util.test.junit.AutoTests" name="[19] /home/travis/build/icyphy/ptII/ptolemy/domains/de/test/auto/DepthTest1.xml (RunModel)" time="0.008" />
  <testcase classname="ptolemy.util.test.junit.AutoTests" name="[20] /home/travis/build/icyphy/ptII/ptolemy/domains/de/test/auto/DepthTest2.xml (RunModel)" time="0.015" />
  <testcase classname="ptolemy.util.test.junit.AutoTests" name="[21] /home/travis/build/icyphy/ptII/ptolemy/domains/de/test/auto/DepthTest3.xml (RunModel)" time="0.006" />
  <testcase classname="ptolemy.util.test.junit.AutoTests" name="[22] /home/travis/build/icyphy/ptII/ptolemy/domains/de/test/auto/DepthTest4.xml (RunModel)" time="0.01" />
  <testcase classname="ptolemy.util.test.junit.AutoTests" name="[23] /home/travis/build/icyphy/ptII/ptolemy/domains/de/test/auto/DepthTest5.xml (RunModel)" time="0.012" />
  <testcase classname="ptolemy.util.test.junit.AutoTests" name="[24] /home/travis/build/icyphy/ptII/ptolemy/domains/de/test/auto/DepthTest6.xml (RunModel)" time="0.012" />
  <testcase classname="ptolemy.util.test.junit.AutoTests" name="[25] /home/travis/build/icyphy/ptII/ptolemy/domains/de/test/auto/DepthTest7.xml (RunModel)" time="0.011" />
  <testcase classname="ptolemy.util.test.junit.AutoTests" name="[26] /home/travis/build/icyphy/ptII/ptolemy/domains/de/test/auto/EventToDate.xml (RunModel)" time="3.032" />
  <testcase classname="ptolemy.util.test.junit.AutoTests" name="[27] /home/travis/build/icyphy/ptII/ptolemy/domains/de/test/auto/FSM1.xml (RunModel)" time="0.034" />
  <testcase classname="ptolemy.util.test.junit.AutoTests" name="[28] /home/travis/build/icyphy/ptII/ptolemy/domains/de/test/auto/FSM7.xml (RunModel)" time="0.042" />
  <testcase classname="ptolemy.util.test.junit.AutoTests" name="[29] /home/travis/build/icyphy/ptII/ptolemy/domains/de/test/auto/Inspection.xml (RunModel)" time="0.044" />
  <testcase classname="ptolemy.util.test.junit.AutoTests" name="[30] /home/travis/build/icyphy/ptII/ptolemy/domains/de/test/auto/Iteration.xml (RunModel)" time="0.023" />
  <testcase classname="ptolemy.util.test.junit.AutoTests" name="[31] /home/travis/build/icyphy/ptII/ptolemy/domains/de/test/auto/LineFault.xml (RunModel)" time="0.499" />
  <testcase classname="ptolemy.util.test.junit.AutoTests" name="[32] /home/travis/build/icyphy/ptII/ptolemy/domains/de/test/auto/MergeModel1Add.xml (RunModel)" time="0.039" />
  <testcase classname="ptolemy.util.test.junit.AutoTests" name="[33] /home/travis/build/icyphy/ptII/ptolemy/domains/de/test/auto/MergeModel2Add.xml (RunModel)" time="0.033" />
  <testcase classname="ptolemy.util.test.junit.AutoTests" name="[34] /home/travis/build/icyphy/ptII/ptolemy/domains/de/test/auto/MergeModel3Add.xml (RunModel)" time="0.032" />
  <testcase classname="ptolemy.util.test.junit.AutoTests" name="[35] /home/travis/build/icyphy/ptII/ptolemy/domains/de/test/auto/MergeWithoutDiscard.xml (RunModel)" time="0.013" />
  <testcase classname="ptolemy.util.test.junit.AutoTests" name="[36] /home/travis/build/icyphy/ptII/ptolemy/domains/de/test/auto/Modal1.xml (RunModel)" time="0.024" />
  <testcase classname="ptolemy.util.test.junit.AutoTests" name="[37] /home/travis/build/icyphy/ptII/ptolemy/domains/de/test/auto/Modal2.xml (RunModel)" time="0.024" />
  <testcase classname="ptolemy.util.test.junit.AutoTests" name="[38] /home/travis/build/icyphy/ptII/ptolemy/domains/de/test/auto/Modal3.xml (RunModel)" time="0.026" />
  <testcase classname="ptolemy.util.test.junit.AutoTests" name="[39] /home/travis/build/icyphy/ptII/ptolemy/domains/de/test/auto/Modal4.xml (RunModel)" time="0.026" />
  <testcase classname="ptolemy.util.test.junit.AutoTests" name="[40] /home/travis/build/icyphy/ptII/ptolemy/domains/de/test/auto/Modal5.xml (RunModel)" time="0.026" />
  <testcase classname="ptolemy.util.test.junit.AutoTests" name="[41] /home/travis/build/icyphy/ptII/ptolemy/domains/de/test/auto/Modal6.xml (RunModel)" time="0.024" />
  <testcase classname="ptolemy.util.test.junit.AutoTests" name="[42] /home/travis/build/icyphy/ptII/ptolemy/domains/de/test/auto/Modal7.xml (RunModel)" time="0.025" />
  <testcase classname="ptolemy.util.test.junit.AutoTests" name="[43] /home/travis/build/icyphy/ptII/ptolemy/domains/de/test/auto/ModalModel.xml (RunModel)" time="0.129" />
  <testcase classname="ptolemy.util.test.junit.AutoTests" name="[44] /home/travis/build/icyphy/ptII/ptolemy/domains/de/test/auto/ModalSource.xml (RunModel)" time="0.015" />
  <testcase classname="ptolemy.util.test.junit.AutoTests" name="[45] /home/travis/build/icyphy/ptII/ptolemy/domains/de/test/auto/NonInterruptibleTimerZeroDelay.xml (RunModel)" time="0.009" />
  <testcase classname="ptolemy.util.test.junit.AutoTests" name="[46] /home/travis/build/icyphy/ptII/ptolemy/domains/de/test/auto/OpenQueueingNetwork.xml (RunModel)" time="2.121" />
  <testcase classname="ptolemy.util.test.junit.AutoTests" name="[47] /home/travis/build/icyphy/ptII/ptolemy/domains/de/test/auto/OpenQueuingNetwork.xml (RunModel)" time="0.263" />
  <testcase classname="ptolemy.util.test.junit.AutoTests" name="[48] /home/travis/build/icyphy/ptII/ptolemy/domains/de/test/auto/PeriodicSampler.xml (RunModel)" time="0.007" />
  <testcase classname="ptolemy.util.test.junit.AutoTests" name="[49] /home/travis/build/icyphy/ptII/ptolemy/domains/de/test/auto/PersistentIO.xml (RunModel)" time="0.016" />
  <testcase classname="ptolemy.util.test.junit.AutoTests" name="[50] /home/travis/build/icyphy/ptII/ptolemy/domains/de/test/auto/PortParameterResetOnInitialize.xml (RunModel)" time="0.008" />
  <testcase classname="ptolemy.util.test.junit.AutoTests" name="[51] /home/travis/build/icyphy/ptII/ptolemy/domains/de/test/auto/PortParameterUpdates.xml (RunModel)" time="0.012" />
  <testcase classname="ptolemy.util.test.junit.AutoTests" name="[52] /home/travis/build/icyphy/ptII/ptolemy/domains/de/test/auto/QueueAndServer.xml (RunModel)" time="0.019" />
  <testcase classname="ptolemy.util.test.junit.AutoTests" name="[53] /home/travis/build/icyphy/ptII/ptolemy/domains/de/test/auto/Records.xml (RunModel)" time="0.013" />
  <testcase classname="ptolemy.util.test.junit.AutoTests" name="[54] /home/travis/build/icyphy/ptII/ptolemy/domains/de/test/auto/ResetTransitionWithStartTime1.xml (RunModel)" time="0.027" />
  <testcase classname="ptolemy.util.test.junit.AutoTests" name="[55] /home/travis/build/icyphy/ptII/ptolemy/domains/de/test/auto/ResetTransitionWithStartTime2.xml (RunModel)" time="0.019" />
  <testcase classname="ptolemy.util.test.junit.AutoTests" name="[56] /home/travis/build/icyphy/ptII/ptolemy/domains/de/test/auto/ResetTransitionWithStartTime3.xml (RunModel)" time="0.02" />
  <testcase classname="ptolemy.util.test.junit.AutoTests" name="[57] /home/travis/build/icyphy/ptII/ptolemy/domains/de/test/auto/ResetTransitionWithStartTime4.xml (RunModel)" time="0.018" />
  <testcase classname="ptolemy.util.test.junit.AutoTests" name="[58] /home/travis/build/icyphy/ptII/ptolemy/domains/de/test/auto/ResettableTimer1.xml (RunModel)" time="0.009" />
  <testcase classname="ptolemy.util.test.junit.AutoTests" name="[59] /home/travis/build/icyphy/ptII/ptolemy/domains/de/test/auto/ResettableTimer2.xml (RunModel)" time="0.009" />
  <testcase classname="ptolemy.util.test.junit.AutoTests" name="[60] /home/travis/build/icyphy/ptII/ptolemy/domains/de/test/auto/ResettableTimer3.xml (RunModel)" time="0.008" />
  <testcase classname="ptolemy.util.test.junit.AutoTests" name="[61] /home/travis/build/icyphy/ptII/ptolemy/domains/de/test/auto/ResettableTimer4.xml (RunModel)" time="0.008" />
  <testcase classname="ptolemy.util.test.junit.AutoTests" name="[62] /home/travis/build/icyphy/ptII/ptolemy/domains/de/test/auto/ResettableTimer5.xml (RunModel)" time="0.009" />
  <testcase classname="ptolemy.util.test.junit.AutoTests" name="[63] /home/travis/build/icyphy/ptII/ptolemy/domains/de/test/auto/ResettableTimer6.xml (RunModel)" time="0.018" />
  <testcase classname="ptolemy.util.test.junit.AutoTests" name="[64] /home/travis/build/icyphy/ptII/ptolemy/domains/de/test/auto/ServerZeroDelay.xml (RunModel)" time="0.01" />
  <testcase classname="ptolemy.util.test.junit.AutoTests" name="[65] /home/travis/build/icyphy/ptII/ptolemy/domains/de/test/auto/SmartSender.xml (RunModel)" time="3.008" />
  <testcase classname="ptolemy.util.test.junit.AutoTests" name="[66] /home/travis/build/icyphy/ptII/ptolemy/domains/de/test/auto/ThreadedComposite.xml (RunModel)" time="0.113" />
  <testcase classname="ptolemy.util.test.junit.AutoTests" name="[67] /home/travis/build/icyphy/ptII/ptolemy/domains/de/test/auto/Time.xml (RunModel)" time="0.397" />
  <testcase classname="ptolemy.util.test.junit.AutoTests" name="[68] /home/travis/build/icyphy/ptII/ptolemy/domains/de/test/auto/TimeDelayZeroDelay.xml (RunModel)" time="0.016" />
  <testcase classname="ptolemy.util.test.junit.AutoTests" name="[69] /home/travis/build/icyphy/ptII/ptolemy/domains/de/test/auto/TimerZeroDelay.xml (RunModel)" time="0.012" />
  <testcase classname="ptolemy.util.test.junit.AutoTests" name="[70] /home/travis/build/icyphy/ptII/ptolemy/domains/de/test/auto/TimingParadox.xml (RunModel)" time="0.321" />
  <testcase classname="ptolemy.util.test.junit.AutoTests" name="[71] /home/travis/build/icyphy/ptII/ptolemy/domains/de/test/auto/TransferInputs.xml (RunModel)" time="0.008" />
  <testcase classname="ptolemy.util.test.junit.AutoTests" name="[72] /home/travis/build/icyphy/ptII/ptolemy/domains/de/test/auto/TransferOutputs2.xml (RunModel)" time="0.014" />
  <testcase classname="ptolemy.util.test.junit.AutoTests" name="[73] /home/travis/build/icyphy/ptII/ptolemy/domains/de/test/auto/Trilateration.xml (RunModel)" time="11.644" />
  <testcase classname="ptolemy.util.test.junit.AutoTests" name="[74] /home/travis/build/icyphy/ptII/ptolemy/domains/de/test/auto/TwoSigmaDelta.xml (RunModel)" time="2.048" />
  <testcase classname="ptolemy.util.test.junit.AutoTests" name="[75] /home/travis/build/icyphy/ptII/ptolemy/domains/de/test/auto/VariableDelay.xml (RunModel)" time="0.016" />
  <testcase classname="ptolemy.util.test.junit.AutoTests" name="[76] /home/travis/build/icyphy/ptII/ptolemy/domains/de/test/auto/VariableDelay2.xml (RunModel)" time="0.014" />
  <testcase classname="ptolemy.util.test.junit.AutoTests" name="[77] /home/travis/build/icyphy/ptII/ptolemy/domains/de/test/auto/VariableDelayZeroDelay.xml (RunModel)" time="0.011" />
  <testcase classname="ptolemy.util.test.junit.AutoTests" name="[78] /home/travis/build/icyphy/ptII/ptolemy/domains/de/test/auto/VariableDelayZeroDelay2.xml (RunModel)" time="0.009" />
  <testcase classname="ptolemy.util.test.junit.AutoTests" name="[79] /home/travis/build/icyphy/ptII/ptolemy/domains/de/test/auto/deInCt.xml (RunModel)" time="0.013" />
  <testcase classname="ptolemy.util.test.junit.AutoTests" name="[80] /home/travis/build/icyphy/ptII/ptolemy/domains/de/test/auto/deInCt2.xml (RunModel)" time="0.019" />
  <testcase classname="ptolemy.util.test.junit.AutoTests" name="[81] /home/travis/build/icyphy/ptII/ptolemy/domains/de/test/auto/dynamicCausalityInterface1.xml (RunModel)" time="0.016" />
  <testcase classname="ptolemy.util.test.junit.AutoTests" name="[82] /home/travis/build/icyphy/ptII/ptolemy/domains/de/test/auto/fsm_de_test.xml (RunModel)" time="0.026" />
  <testcase classname="ptolemy.util.test.junit.AutoTests" name="[83] /home/travis/build/icyphy/ptII/ptolemy/domains/de/test/auto/functionDependencyReconstruction.xml (RunModel)" time="0.031" />
  <testcase classname="ptolemy.util.test.junit.AutoTests" name="[84] /home/travis/build/icyphy/ptII/ptolemy/domains/de/test/auto/multirate.xml (RunModel)" time="0.015" />
  <testcase classname="ptolemy.util.test.junit.AutoTests" name="[85] /home/travis/build/icyphy/ptII/ptolemy/domains/de/test/auto/multirate2.xml (RunModel)" time="0.016" />
  <testcase classname="ptolemy.util.test.junit.AutoTests" name="[86] /home/travis/build/icyphy/ptII/ptolemy/domains/de/test/auto/realtime.xml (RunModel)" time="10.009" />
  <testcase classname="ptolemy.util.test.junit.AutoTests" name="[87] /home/travis/build/icyphy/ptII/ptolemy/domains/de/test/auto/relationGroup.xml (RunModel)" time="0.014" />
  <testcase classname="ptolemy.util.test.junit.AutoTests" name="[88] /home/travis/build/icyphy/ptII/ptolemy/domains/de/test/auto/relationGroup2.xml (RunModel)" time="0.009" />
  <testcase classname="ptolemy.util.test.junit.AutoTests" name="[89] /home/travis/build/icyphy/ptII/ptolemy/domains/de/test/auto/sortWithOpaquePorts.xml (RunModel)" time="0.015" />
  <testcase classname="ptolemy.util.test.junit.AutoTests" name="[90] /home/travis/build/icyphy/ptII/ptolemy/domains/de/test/auto/transferInputsandOutputs.xml (RunModel)" time="0.02" />
  <testcase classname="ptolemy.util.test.junit.AutoTests" name="[91] /home/travis/build/icyphy/ptII/ptolemy/domains/de/test/auto/triggerType.xml (RunModel)" time="0.008" />
  <system-out><![CDATA[/home/travis/build/icyphy/ptII/ptolemy/domains/de/test/DependencyLoop.tcl
testDefs.tcl: setting time out to 9000 seconds at Wed May 23 16:42:48 UTC 2018
32 ms. Memory: 116224K Free: 95101K (82%)
6 ms. Memory: 146944K Free: 137836K (94%)
/home/travis/build/icyphy/ptII/ptolemy/domains/de/test/RunDETestsAsQSS.tcl
Run the DE tests using ptolemy.domains.qss.test.QSSDirectorTest, which extends QSSDirector and prints a message in the constructors.
------------------ testing $PTII/ptolemy/domains/de/test/auto/knownFailedTests/dependencyLoop.xml (Known Failure) 
11 ms. Memory: 146944K Free: 133562K (91%)


==== $PTIIhome/travis/build/icyphy/ptII/ptolemy/domains/de/test/../../../../: Auto Automatic test in file $PTII/ptolemy/domains/de/test/auto/knownFailedTests/dependencyLoop.xml
==== Contents of test case:

	    # FIXME: we should use $relativeFilename here, but it
	    # might have backslashes under Windows, which causes no end
	    # of trouble.
	    createAndExecute $file
	    list {}
	
.... Test generated KNOWN error:
    while executing
ptolemy.kernel.util.IllegalActionException: Found a zero delay loop containing .dependencyLoop.original
  in .dependencyLoop and .dependencyLoop.original
	at ptolemy.actor.util.CausalityInterfaceForComposites._computeOutputPortDepth(CausalityInterfaceForComposites.java:759)
	at ptolemy.actor.util.CausalityInterfaceForComposites._computeInputDepth(CausalityInterfaceForComposites.java:696)
	at ptolemy.actor.util.CausalityInterfaceForComposites._computeOutputPortDepth(CausalityInterfaceForComposites.java:765)
	at ptolemy.actor.util.CausalityInterfaceForComposites._computeInputDepth(CausalityInterfaceForComposites.java:696)
	at ptolemy.actor.util.CausalityInterfaceForComposites._computeOutputPortDepth(CausalityInterfaceForComposites.java:765)
	at ptolemy.actor.util.CausalityInterfaceForComposites._computeInputDepth(CausalityInterfaceForComposites.java:696)
	at ptolemy.actor.util.CausalityInterfaceForComposites._computeActorDepth(CausalityInterfaceForComposites.java:532)
	at ptolemy.actor.util.CausalityInterfaceForComposites.checkForCycles(CausalityInterfaceForComposites.java:96)
	at ptolemy.domains.de.kernel.DEDirector.preinitialize(DEDirector.java:1337)
	at ptolemy.actor.CompositeActor.preinitialize(CompositeActor.java:1828)
	at ptolemy.actor.Manager.preinitializeAndResolveTypes(Manager.java:1040)
	at ptolemy.actor.Manager.initialize(Manager.java:710)
	at ptolemy.actor.Manager.execute(Manager.java:356)
	at ptolemy.actor.Manager.run(Manager.java:1263)
	at ptolemy.actor.Manager$PtolemyRunThread.run(Manager.java:1915)

    while executing
ptolemy.kernel.util.IllegalActionException: Found a zero delay loop containing .dependencyLoop.original
  in .dependencyLoop and .dependencyLoop.original
    while executing
"java::new ptolemy.moml.MoMLSimpleApplication $file
"
    (procedure "createAndExecute" line 2)
    invoked from within
"createAndExecute $file"
    ("uplevel" body line 5)
    invoked from within
"uplevel $contents_of_test"
------------------ testing $PTII/ptolemy/domains/de/test/auto/knownFailedTests/DESDFClockTest.xml (Known Failure) 
2057 ms. Memory: 146944K Free: 117738K (80%)


==== $PTIIhome/travis/build/icyphy/ptII/ptolemy/domains/de/test/../../../../: Auto Automatic test in file $PTII/ptolemy/domains/de/test/auto/knownFailedTests/DESDFClockTest.xml
==== Contents of test case:

	    # FIXME: we should use $relativeFilename here, but it
	    # might have backslashes under Windows, which causes no end
	    # of trouble.
	    createAndExecute $file
	    list {}
	
.... Test generated KNOWN error:
    while executing
ptolemy.kernel.util.IllegalActionException: Actor is not ready to fire.  Perhaps UpSample.prefire() returned false? Try debugging the actor by selecting "Listen to Actor".  Also, for SDF check moml for tokenConsumptionRate on input.
  in .DESDFClockTest.Play Bell.Copy1:SDF Director and .DESDFClockTest.Play Bell.UpSample
	at ptolemy.actor.sched.StaticSchedulingDirector.fire(StaticSchedulingDirector.java:227)
	at ptolemy.domains.sdf.kernel.SDFDirector.fire(SDFDirector.java:500)
	at ptolemy.actor.CompositeActor.fire(CompositeActor.java:455)
	at ptolemy.domains.de.kernel.DEDirector._fire(DEDirector.java:1948)
	at ptolemy.domains.de.kernel.DEDirector.fire(DEDirector.java:502)
	at ptolemy.actor.CompositeActor.fire(CompositeActor.java:455)
	at ptolemy.actor.Manager.iterate(Manager.java:851)
	at ptolemy.actor.Manager.execute(Manager.java:369)
	at ptolemy.actor.Manager.run(Manager.java:1263)
	at ptolemy.actor.Manager$PtolemyRunThread.run(Manager.java:1915)

    while executing
ptolemy.kernel.util.IllegalActionException: Actor is not ready to fire.  Perhaps UpSample.prefire() returned false? Try debugging the actor by selecting "Listen to Actor".  Also, for SDF check moml for tokenConsumptionRate on input.
  in .DESDFClockTest.Play Bell.Copy1:SDF Director and .DESDFClockTest.Play Bell.UpSample
    while executing
"java::new ptolemy.moml.MoMLSimpleApplication $file
"
    (procedure "createAndExecute" line 2)
    invoked from within
"createAndExecute $file"
    ("uplevel" body line 5)
    invoked from within
"uplevel $contents_of_test"
------------------ testing $PTII/ptolemy/domains/de/test/auto/knownFailedTests/FSMSource.xml (Known Failure) 
34 ms. Memory: 146944K Free: 108213K (74%)
!!!! Auto was marked as failing, but now passes
------------------ testing $PTII/ptolemy/domains/de/test/auto/knownFailedTests/dependencyLoop2.xml (Known Failure) 
5 ms. Memory: 146944K Free: 106354K (72%)


==== $PTIIhome/travis/build/icyphy/ptII/ptolemy/domains/de/test/../../../../: Auto Automatic test in file $PTII/ptolemy/domains/de/test/auto/knownFailedTests/dependencyLoop2.xml
==== Contents of test case:

	    # FIXME: we should use $relativeFilename here, but it
	    # might have backslashes under Windows, which causes no end
	    # of trouble.
	    createAndExecute $file
	    list {}
	
.... Test generated KNOWN error:
    while executing
ptolemy.kernel.util.IllegalActionException: Found a zero delay loop containing .dependencyLoop2.original
  in .dependencyLoop2 and .dependencyLoop2.original
	at ptolemy.actor.util.CausalityInterfaceForComposites._computeOutputPortDepth(CausalityInterfaceForComposites.java:759)
	at ptolemy.actor.util.CausalityInterfaceForComposites._computeInputDepth(CausalityInterfaceForComposites.java:696)
	at ptolemy.actor.util.CausalityInterfaceForComposites._computeOutputPortDepth(CausalityInterfaceForComposites.java:765)
	at ptolemy.actor.util.CausalityInterfaceForComposites._computeInputDepth(CausalityInterfaceForComposites.java:696)
	at ptolemy.actor.util.CausalityInterfaceForComposites._computeOutputPortDepth(CausalityInterfaceForComposites.java:765)
	at ptolemy.actor.util.CausalityInterfaceForComposites._computeInputDepth(CausalityInterfaceForComposites.java:696)
	at ptolemy.actor.util.CausalityInterfaceForComposites._computeActorDepth(CausalityInterfaceForComposites.java:532)
	at ptolemy.actor.util.CausalityInterfaceForComposites.checkForCycles(CausalityInterfaceForComposites.java:96)
	at ptolemy.domains.de.kernel.DEDirector.preinitialize(DEDirector.java:1337)
	at ptolemy.actor.CompositeActor.preinitialize(CompositeActor.java:1828)
	at ptolemy.actor.Manager.preinitializeAndResolveTypes(Manager.java:1040)
	at ptolemy.actor.Manager.initialize(Manager.java:710)
	at ptolemy.actor.Manager.execute(Manager.java:356)
	at ptolemy.actor.Manager.run(Manager.java:1263)
	at ptolemy.actor.Manager$PtolemyRunThread.run(Manager.java:1915)

    while executing
ptolemy.kernel.util.IllegalActionException: Found a zero delay loop containing .dependencyLoop2.original
  in .dependencyLoop2 and .dependencyLoop2.original
    while executing
"java::new ptolemy.moml.MoMLSimpleApplication $file
"
    (procedure "createAndExecute" line 2)
    invoked from within
"createAndExecute $file"
    ("uplevel" body line 5)
    invoked from within
"uplevel $contents_of_test"
------------------ testing $PTII/ptolemy/domains/de/test/auto/knownFailedTests/HierarchicalModel.xml (Known Failure) 
5 ms. Memory: 146944K Free: 85844K (58%)


==== $PTIIhome/travis/build/icyphy/ptII/ptolemy/domains/de/test/../../../../: Auto Automatic test in file $PTII/ptolemy/domains/de/test/auto/knownFailedTests/HierarchicalModel.xml
==== Contents of test case:

	    # FIXME: we should use $relativeFilename here, but it
	    # might have backslashes under Windows, which causes no end
	    # of trouble.
	    createAndExecute $file
	    list {}
	
.... Test generated KNOWN error:
    while executing
ptolemy.kernel.util.IllegalActionException: Found a zero delay loop containing .HierarchicalModel.A
  in .HierarchicalModel and .HierarchicalModel.A
	at ptolemy.actor.util.CausalityInterfaceForComposites._computeOutputPortDepth(CausalityInterfaceForComposites.java:759)
	at ptolemy.actor.util.CausalityInterfaceForComposites._computeInputDepth(CausalityInterfaceForComposites.java:696)
	at ptolemy.actor.util.CausalityInterfaceForComposites._computeOutputPortDepth(CausalityInterfaceForComposites.java:765)
	at ptolemy.actor.util.CausalityInterfaceForComposites._computeInputDepth(CausalityInterfaceForComposites.java:696)
	at ptolemy.actor.util.CausalityInterfaceForComposites._computeOutputPortDepth(CausalityInterfaceForComposites.java:765)
	at ptolemy.actor.util.CausalityInterfaceForComposites._computeInputDepth(CausalityInterfaceForComposites.java:696)
	at ptolemy.actor.util.CausalityInterfaceForComposites._computeActorDepth(CausalityInterfaceForComposites.java:532)
	at ptolemy.actor.util.CausalityInterfaceForComposites.checkForCycles(CausalityInterfaceForComposites.java:96)
	at ptolemy.domains.de.kernel.DEDirector.preinitialize(DEDirector.java:1337)
	at ptolemy.actor.CompositeActor.preinitialize(CompositeActor.java:1828)
	at ptolemy.actor.Manager.preinitializeAndResolveTypes(Manager.java:1040)
	at ptolemy.actor.Manager.initialize(Manager.java:710)
	at ptolemy.actor.Manager.execute(Manager.java:356)
	at ptolemy.actor.Manager.run(Manager.java:1263)
	at ptolemy.actor.Manager$PtolemyRunThread.run(Manager.java:1915)

    while executing
ptolemy.kernel.util.IllegalActionException: Found a zero delay loop containing .HierarchicalModel.A
  in .HierarchicalModel and .HierarchicalModel.A
    while executing
"java::new ptolemy.moml.MoMLSimpleApplication $file
"
    (procedure "createAndExecute" line 2)
    invoked from within
"createAndExecute $file"
    ("uplevel" body line 5)
    invoked from within
"uplevel $contents_of_test"
------------------ testing $PTII/ptolemy/domains/de/test/auto/knownFailedTests/DirectFeedback.xml (Known Failure) 
17 ms. Memory: 146944K Free: 142889K (97%)


==== $PTIIhome/travis/build/icyphy/ptII/ptolemy/domains/de/test/../../../../: Auto Automatic test in file $PTII/ptolemy/domains/de/test/auto/knownFailedTests/DirectFeedback.xml
==== Contents of test case:

	    # FIXME: we should use $relativeFilename here, but it
	    # might have backslashes under Windows, which causes no end
	    # of trouble.
	    createAndExecute $file
	    list {}
	
.... Test generated KNOWN error:
    while executing
ptolemy.kernel.util.IllegalActionException: Test fails in iteration 1.
Value was: 1.0. Should have been: 2.0
  in .DirectFeedback.Test
	at ptolemy.actor.lib.Test.fire(Test.java:268)
	at ptolemy.domains.de.kernel.DEDirector._fire(DEDirector.java:1948)
	at ptolemy.domains.de.kernel.DEDirector.fire(DEDirector.java:502)
	at ptolemy.actor.CompositeActor.fire(CompositeActor.java:455)
	at ptolemy.actor.Manager.iterate(Manager.java:851)
	at ptolemy.actor.Manager.execute(Manager.java:369)
	at ptolemy.actor.Manager.run(Manager.java:1263)
	at ptolemy.actor.Manager$PtolemyRunThread.run(Manager.java:1915)

    while executing
ptolemy.kernel.util.IllegalActionException: Test fails in iteration 1.
Value was: 1.0. Should have been: 2.0
  in .DirectFeedback.Test
    while executing
"java::new ptolemy.moml.MoMLSimpleApplication $file
"
    (procedure "createAndExecute" line 2)
    invoked from within
"createAndExecute $file"
    ("uplevel" body line 5)
    invoked from within
"uplevel $contents_of_test"
------------------ testing $PTII/ptolemy/domains/de/test/auto/ActorDepthCalculation_actorWithoutPorts.xml
auto.tcl: Setting watchdog for 200 seconds at Wed May 23 16:42:51 UTC 2018
4 ms. Memory: 146944K Free: 134195K (91%)
ptolemy.util.test.WatchDog.cancel(): canceling Wed May 23 16:42:51 UTC 2018
auto.tcl: Setting watchdog for 200 seconds at Wed May 23 16:42:51 UTC 2018
3 ms. Memory: 146944K Free: 132148K (90%)
ptolemy.util.test.WatchDog.cancel(): canceling Wed May 23 16:42:51 UTC 2018
------------------ testing $PTII/ptolemy/domains/de/test/auto/AssemblyLine.xml
auto.tcl: Setting watchdog for 200 seconds at Wed May 23 16:42:52 UTC 2018
31 ms. Memory: 208384K Free: 183181K (88%)
ptolemy.util.test.WatchDog.cancel(): canceling Wed May 23 16:42:52 UTC 2018
auto.tcl: Setting watchdog for 200 seconds at Wed May 23 16:42:52 UTC 2018
6 ms. Memory: 208384K Free: 183181K (88%)
ptolemy.util.test.WatchDog.cancel(): canceling Wed May 23 16:42:52 UTC 2018
------------------ testing $PTII/ptolemy/domains/de/test/auto/CQBug1.xml
auto.tcl: Setting watchdog for 200 seconds at Wed May 23 16:42:52 UTC 2018
5 ms. Memory: 208384K Free: 197680K (95%)
ptolemy.util.test.WatchDog.cancel(): canceling Wed May 23 16:42:52 UTC 2018
auto.tcl: Setting watchdog for 200 seconds at Wed May 23 16:42:52 UTC 2018
2 ms. Memory: 208384K Free: 197680K (95%)
ptolemy.util.test.WatchDog.cancel(): canceling Wed May 23 16:42:52 UTC 2018
------------------ testing $PTII/ptolemy/domains/de/test/auto/CancelFireAt.xml
auto.tcl: Setting watchdog for 200 seconds at Wed May 23 16:42:52 UTC 2018
3 ms. Memory: 208384K Free: 201418K (97%)
ptolemy.util.test.WatchDog.cancel(): canceling Wed May 23 16:42:52 UTC 2018
auto.tcl: Setting watchdog for 200 seconds at Wed May 23 16:42:52 UTC 2018
4 ms. Memory: 208384K Free: 198963K (95%)
ptolemy.util.test.WatchDog.cancel(): canceling Wed May 23 16:42:52 UTC 2018
------------------ testing $PTII/ptolemy/domains/de/test/auto/CausalityAndComposabilityAnalysis.xml
auto.tcl: Setting watchdog for 200 seconds at Wed May 23 16:42:52 UTC 2018
7 ms. Memory: 208384K Free: 198560K (95%)
ptolemy.util.test.WatchDog.cancel(): canceling Wed May 23 16:42:52 UTC 2018
auto.tcl: Setting watchdog for 200 seconds at Wed May 23 16:42:52 UTC 2018
9 ms. Memory: 208384K Free: 196443K (94%)
ptolemy.util.test.WatchDog.cancel(): canceling Wed May 23 16:42:52 UTC 2018
------------------ testing $PTII/ptolemy/domains/de/test/auto/CausalityInterface1.xml
auto.tcl: Setting watchdog for 200 seconds at Wed May 23 16:42:52 UTC 2018
14 ms. Memory: 208384K Free: 196380K (94%)
ptolemy.util.test.WatchDog.cancel(): canceling Wed May 23 16:42:52 UTC 2018
auto.tcl: Setting watchdog for 200 seconds at Wed May 23 16:42:52 UTC 2018
3 ms. Memory: 208384K Free: 196380K (94%)
ptolemy.util.test.WatchDog.cancel(): canceling Wed May 23 16:42:52 UTC 2018
------------------ testing $PTII/ptolemy/domains/de/test/auto/CausalityInterface15.xml
auto.tcl: Setting watchdog for 200 seconds at Wed May 23 16:42:52 UTC 2018
5 ms. Memory: 208384K Free: 196371K (94%)
ptolemy.util.test.WatchDog.cancel(): canceling Wed May 23 16:42:52 UTC 2018
auto.tcl: Setting watchdog for 200 seconds at Wed May 23 16:42:52 UTC 2018
4 ms. Memory: 208384K Free: 196371K (94%)
ptolemy.util.test.WatchDog.cancel(): canceling Wed May 23 16:42:52 UTC 2018
------------------ testing $PTII/ptolemy/domains/de/test/auto/CausalityInterface2.xml
auto.tcl: Setting watchdog for 200 seconds at Wed May 23 16:42:52 UTC 2018
4 ms. Memory: 208384K Free: 196355K (94%)
ptolemy.util.test.WatchDog.cancel(): canceling Wed May 23 16:42:52 UTC 2018
auto.tcl: Setting watchdog for 200 seconds at Wed May 23 16:42:52 UTC 2018
3 ms. Memory: 208384K Free: 196355K (94%)
ptolemy.util.test.WatchDog.cancel(): canceling Wed May 23 16:42:52 UTC 2018
------------------ testing $PTII/ptolemy/domains/de/test/auto/CausalityInterface3.xml
auto.tcl: Setting watchdog for 200 seconds at Wed May 23 16:42:52 UTC 2018
3 ms. Memory: 208384K Free: 196366K (94%)
ptolemy.util.test.WatchDog.cancel(): canceling Wed May 23 16:42:52 UTC 2018
auto.tcl: Setting watchdog for 200 seconds at Wed May 23 16:42:52 UTC 2018
4 ms. Memory: 208384K Free: 196366K (94%)
ptolemy.util.test.WatchDog.cancel(): canceling Wed May 23 16:42:52 UTC 2018
------------------ testing $PTII/ptolemy/domains/de/test/auto/ClockDrift.xml
auto.tcl: Setting watchdog for 200 seconds at Wed May 23 16:42:52 UTC 2018
67 ms. Memory: 208384K Free: 187546K (90%)
ptolemy.util.test.WatchDog.cancel(): canceling Wed May 23 16:42:53 UTC 2018
auto.tcl: Setting watchdog for 200 seconds at Wed May 23 16:42:53 UTC 2018
33 ms. Memory: 208384K Free: 185429K (89%)
ptolemy.util.test.WatchDog.cancel(): canceling Wed May 23 16:42:53 UTC 2018
------------------ testing $PTII/ptolemy/domains/de/test/auto/ClockDriftAndValueChange.xml
auto.tcl: Setting watchdog for 200 seconds at Wed May 23 16:42:53 UTC 2018
52 ms. Memory: 208384K Free: 187385K (90%)
ptolemy.util.test.WatchDog.cancel(): canceling Wed May 23 16:42:53 UTC 2018
auto.tcl: Setting watchdog for 200 seconds at Wed May 23 16:42:53 UTC 2018
36 ms. Memory: 208384K Free: 185267K (89%)
ptolemy.util.test.WatchDog.cancel(): canceling Wed May 23 16:42:53 UTC 2018
------------------ testing $PTII/ptolemy/domains/de/test/auto/ClockDriftChange.xml
auto.tcl: Setting watchdog for 200 seconds at Wed May 23 16:42:53 UTC 2018
33 ms. Memory: 208384K Free: 190728K (92%)
ptolemy.util.test.WatchDog.cancel(): canceling Wed May 23 16:42:53 UTC 2018
auto.tcl: Setting watchdog for 200 seconds at Wed May 23 16:42:53 UTC 2018
25 ms. Memory: 208384K Free: 188611K (91%)
ptolemy.util.test.WatchDog.cancel(): canceling Wed May 23 16:42:53 UTC 2018
------------------ testing $PTII/ptolemy/domains/de/test/auto/ComposableCausalityAnalysis.xml
auto.tcl: Setting watchdog for 200 seconds at Wed May 23 16:42:53 UTC 2018
2 ms. Memory: 208384K Free: 196228K (94%)
ptolemy.util.test.WatchDog.cancel(): canceling Wed May 23 16:42:53 UTC 2018
auto.tcl: Setting watchdog for 200 seconds at Wed May 23 16:42:53 UTC 2018
1 ms. Memory: 208384K Free: 194111K (93%)
ptolemy.util.test.WatchDog.cancel(): canceling Wed May 23 16:42:53 UTC 2018
------------------ testing $PTII/ptolemy/domains/de/test/auto/DEFixedPointLimitation.xml
auto.tcl: Setting watchdog for 200 seconds at Wed May 23 16:42:53 UTC 2018
6 ms. Memory: 208384K Free: 198426K (95%)
ptolemy.util.test.WatchDog.cancel(): canceling Wed May 23 16:42:53 UTC 2018
auto.tcl: Setting watchdog for 200 seconds at Wed May 23 16:42:53 UTC 2018
2 ms. Memory: 208384K Free: 196309K (94%)
ptolemy.util.test.WatchDog.cancel(): canceling Wed May 23 16:42:53 UTC 2018
------------------ testing $PTII/ptolemy/domains/de/test/auto/DEScheduleTest.xml
auto.tcl: Setting watchdog for 200 seconds at Wed May 23 16:42:53 UTC 2018
4 ms. Memory: 208384K Free: 198799K (95%)
ptolemy.util.test.WatchDog.cancel(): canceling Wed May 23 16:42:53 UTC 2018
auto.tcl: Setting watchdog for 200 seconds at Wed May 23 16:42:53 UTC 2018
3 ms. Memory: 208384K Free: 196344K (94%)
ptolemy.util.test.WatchDog.cancel(): canceling Wed May 23 16:42:53 UTC 2018
------------------ testing $PTII/ptolemy/domains/de/test/auto/DEinDEwithStartTimes.xml
auto.tcl: Setting watchdog for 200 seconds at Wed May 23 16:42:53 UTC 2018
5 ms. Memory: 208384K Free: 196313K (94%)
ptolemy.util.test.WatchDog.cancel(): canceling Wed May 23 16:42:53 UTC 2018
auto.tcl: Setting watchdog for 200 seconds at Wed May 23 16:42:53 UTC 2018
3 ms. Memory: 208384K Free: 194196K (93%)
ptolemy.util.test.WatchDog.cancel(): canceling Wed May 23 16:42:53 UTC 2018
------------------ testing $PTII/ptolemy/domains/de/test/auto/DEinDEwithStartTimes2.xml
auto.tcl: Setting watchdog for 200 seconds at Wed May 23 16:42:53 UTC 2018
7 ms. Memory: 208384K Free: 196293K (94%)
ptolemy.util.test.WatchDog.cancel(): canceling Wed May 23 16:42:53 UTC 2018
auto.tcl: Setting watchdog for 200 seconds at Wed May 23 16:42:53 UTC 2018
4 ms. Memory: 208384K Free: 194176K (93%)
ptolemy.util.test.WatchDog.cancel(): canceling Wed May 23 16:42:53 UTC 2018
------------------ testing $PTII/ptolemy/domains/de/test/auto/DateDemo.xml
auto.tcl: Setting watchdog for 200 seconds at Wed May 23 16:42:54 UTC 2018
9 ms. Memory: 208384K Free: 188670K (91%)
ptolemy.util.test.WatchDog.cancel(): canceling Wed May 23 16:42:54 UTC 2018
auto.tcl: Setting watchdog for 200 seconds at Wed May 23 16:42:54 UTC 2018
11 ms. Memory: 208384K Free: 186553K (90%)
ptolemy.util.test.WatchDog.cancel(): canceling Wed May 23 16:42:54 UTC 2018
------------------ testing $PTII/ptolemy/domains/de/test/auto/DateToEvent.xml
auto.tcl: Setting watchdog for 200 seconds at Wed May 23 16:42:54 UTC 2018
2018 ms. Memory: 208384K Free: 183324K (88%)
ptolemy.util.test.WatchDog.cancel(): canceling Wed May 23 16:42:56 UTC 2018
auto.tcl: Setting watchdog for 200 seconds at Wed May 23 16:42:56 UTC 2018
2004 ms. Memory: 208384K Free: 183324K (88%)
ptolemy.util.test.WatchDog.cancel(): canceling Wed May 23 16:42:58 UTC 2018
------------------ testing $PTII/ptolemy/domains/de/test/auto/DepthTest1.xml
auto.tcl: Setting watchdog for 200 seconds at Wed May 23 16:42:58 UTC 2018
3 ms. Memory: 208384K Free: 197989K (95%)
ptolemy.util.test.WatchDog.cancel(): canceling Wed May 23 16:42:58 UTC 2018
auto.tcl: Setting watchdog for 200 seconds at Wed May 23 16:42:58 UTC 2018
5 ms. Memory: 208384K Free: 197989K (95%)
ptolemy.util.test.WatchDog.cancel(): canceling Wed May 23 16:42:58 UTC 2018
------------------ testing $PTII/ptolemy/domains/de/test/auto/DepthTest2.xml
auto.tcl: Setting watchdog for 200 seconds at Wed May 23 16:42:58 UTC 2018
8 ms. Memory: 208384K Free: 194156K (93%)
ptolemy.util.test.WatchDog.cancel(): canceling Wed May 23 16:42:58 UTC 2018
auto.tcl: Setting watchdog for 200 seconds at Wed May 23 16:42:58 UTC 2018
5 ms. Memory: 208384K Free: 194156K (93%)
ptolemy.util.test.WatchDog.cancel(): canceling Wed May 23 16:42:58 UTC 2018
------------------ testing $PTII/ptolemy/domains/de/test/auto/DepthTest3.xml
auto.tcl: Setting watchdog for 200 seconds at Wed May 23 16:42:58 UTC 2018
7 ms. Memory: 208384K Free: 198325K (95%)
ptolemy.util.test.WatchDog.cancel(): canceling Wed May 23 16:42:58 UTC 2018
auto.tcl: Setting watchdog for 200 seconds at Wed May 23 16:42:58 UTC 2018
2 ms. Memory: 208384K Free: 198325K (95%)
ptolemy.util.test.WatchDog.cancel(): canceling Wed May 23 16:42:58 UTC 2018
------------------ testing $PTII/ptolemy/domains/de/test/auto/DepthTest4.xml
auto.tcl: Setting watchdog for 200 seconds at Wed May 23 16:42:58 UTC 2018
10 ms. Memory: 208384K Free: 196295K (94%)
ptolemy.util.test.WatchDog.cancel(): canceling Wed May 23 16:42:58 UTC 2018
auto.tcl: Setting watchdog for 200 seconds at Wed May 23 16:42:58 UTC 2018
2 ms. Memory: 208384K Free: 196295K (94%)
ptolemy.util.test.WatchDog.cancel(): canceling Wed May 23 16:42:58 UTC 2018
------------------ testing $PTII/ptolemy/domains/de/test/auto/DepthTest5.xml
auto.tcl: Setting watchdog for 200 seconds at Wed May 23 16:42:58 UTC 2018
4 ms. Memory: 208384K Free: 196242K (94%)
ptolemy.util.test.WatchDog.cancel(): canceling Wed May 23 16:42:58 UTC 2018
auto.tcl: Setting watchdog for 200 seconds at Wed May 23 16:42:58 UTC 2018
2 ms. Memory: 208384K Free: 196242K (94%)
ptolemy.util.test.WatchDog.cancel(): canceling Wed May 23 16:42:58 UTC 2018
------------------ testing $PTII/ptolemy/domains/de/test/auto/DepthTest6.xml
auto.tcl: Setting watchdog for 200 seconds at Wed May 23 16:42:58 UTC 2018
7 ms. Memory: 208384K Free: 196203K (94%)
ptolemy.util.test.WatchDog.cancel(): canceling Wed May 23 16:42:58 UTC 2018
auto.tcl: Setting watchdog for 200 seconds at Wed May 23 16:42:58 UTC 2018
3 ms. Memory: 208384K Free: 196203K (94%)
ptolemy.util.test.WatchDog.cancel(): canceling Wed May 23 16:42:58 UTC 2018
------------------ testing $PTII/ptolemy/domains/de/test/auto/DepthTest7.xml
auto.tcl: Setting watchdog for 200 seconds at Wed May 23 16:42:58 UTC 2018
2 ms. Memory: 208384K Free: 196199K (94%)
ptolemy.util.test.WatchDog.cancel(): canceling Wed May 23 16:42:58 UTC 2018
auto.tcl: Setting watchdog for 200 seconds at Wed May 23 16:42:58 UTC 2018
2 ms. Memory: 208384K Free: 196199K (94%)
ptolemy.util.test.WatchDog.cancel(): canceling Wed May 23 16:42:58 UTC 2018
------------------ testing $PTII/ptolemy/domains/de/test/auto/EventToDate.xml
auto.tcl: Setting watchdog for 200 seconds at Wed May 23 16:42:58 UTC 2018
3005 ms. Memory: 208384K Free: 185632K (89%)
ptolemy.util.test.WatchDog.cancel(): canceling Wed May 23 16:43:01 UTC 2018
auto.tcl: Setting watchdog for 200 seconds at Wed May 23 16:43:01 UTC 2018
3004 ms. Memory: 208384K Free: 185632K (89%)
ptolemy.util.test.WatchDog.cancel(): canceling Wed May 23 16:43:04 UTC 2018
------------------ testing $PTII/ptolemy/domains/de/test/auto/FSM1.xml
auto.tcl: Setting watchdog for 200 seconds at Wed May 23 16:43:04 UTC 2018
31 ms. Memory: 208384K Free: 189159K (91%)
ptolemy.util.test.WatchDog.cancel(): canceling Wed May 23 16:43:04 UTC 2018
auto.tcl: Setting watchdog for 200 seconds at Wed May 23 16:43:04 UTC 2018
15 ms. Memory: 208384K Free: 184908K (89%)
ptolemy.util.test.WatchDog.cancel(): canceling Wed May 23 16:43:05 UTC 2018
------------------ testing $PTII/ptolemy/domains/de/test/auto/FSM7.xml
auto.tcl: Setting watchdog for 200 seconds at Wed May 23 16:43:05 UTC 2018
19 ms. Memory: 208384K Free: 187583K (90%)
ptolemy.util.test.WatchDog.cancel(): canceling Wed May 23 16:43:05 UTC 2018
auto.tcl: Setting watchdog for 200 seconds at Wed May 23 16:43:05 UTC 2018
12 ms. Memory: 208384K Free: 185120K (89%)
ptolemy.util.test.WatchDog.cancel(): canceling Wed May 23 16:43:05 UTC 2018
------------------ testing $PTII/ptolemy/domains/de/test/auto/Inspection.xml
auto.tcl: Setting watchdog for 200 seconds at Wed May 23 16:43:05 UTC 2018
40 ms. Memory: 208384K Free: 188485K (90%)
ptolemy.util.test.WatchDog.cancel(): canceling Wed May 23 16:43:05 UTC 2018
auto.tcl: Setting watchdog for 200 seconds at Wed May 23 16:43:05 UTC 2018
22 ms. Memory: 208384K Free: 186359K (89%)
ptolemy.util.test.WatchDog.cancel(): canceling Wed May 23 16:43:05 UTC 2018
------------------ testing $PTII/ptolemy/domains/de/test/auto/Iteration.xml
auto.tcl: Setting watchdog for 200 seconds at Wed May 23 16:43:05 UTC 2018
8 ms. Memory: 208384K Free: 195990K (94%)
ptolemy.util.test.WatchDog.cancel(): canceling Wed May 23 16:43:05 UTC 2018
auto.tcl: Setting watchdog for 200 seconds at Wed May 23 16:43:05 UTC 2018
14 ms. Memory: 208384K Free: 193873K (93%)
ptolemy.util.test.WatchDog.cancel(): canceling Wed May 23 16:43:05 UTC 2018
------------------ testing $PTII/ptolemy/domains/de/test/auto/LineFault.xml
auto.tcl: Setting watchdog for 200 seconds at Wed May 23 16:43:05 UTC 2018
792 ms. Memory: 208384K Free: 196318K (94%)
ptolemy.util.test.WatchDog.cancel(): canceling Wed May 23 16:43:06 UTC 2018
auto.tcl: Setting watchdog for 200 seconds at Wed May 23 16:43:06 UTC 2018
590 ms. Memory: 208384K Free: 142153K (68%)
ptolemy.util.test.WatchDog.cancel(): canceling Wed May 23 16:43:07 UTC 2018
------------------ testing $PTII/ptolemy/domains/de/test/auto/MergeModel1Add.xml
auto.tcl: Setting watchdog for 200 seconds at Wed May 23 16:43:07 UTC 2018
27 ms. Memory: 331264K Free: 299972K (91%)
ptolemy.util.test.WatchDog.cancel(): canceling Wed May 23 16:43:07 UTC 2018
auto.tcl: Setting watchdog for 200 seconds at Wed May 23 16:43:07 UTC 2018
10 ms. Memory: 331264K Free: 299972K (91%)
ptolemy.util.test.WatchDog.cancel(): canceling Wed May 23 16:43:07 UTC 2018
------------------ testing $PTII/ptolemy/domains/de/test/auto/MergeModel2Add.xml
auto.tcl: Setting watchdog for 200 seconds at Wed May 23 16:43:07 UTC 2018
13 ms. Memory: 331264K Free: 301295K (91%)
ptolemy.util.test.WatchDog.cancel(): canceling Wed May 23 16:43:07 UTC 2018
auto.tcl: Setting watchdog for 200 seconds at Wed May 23 16:43:07 UTC 2018
8 ms. Memory: 331264K Free: 301295K (91%)
ptolemy.util.test.WatchDog.cancel(): canceling Wed May 23 16:43:07 UTC 2018
------------------ testing $PTII/ptolemy/domains/de/test/auto/MergeModel3Add.xml
auto.tcl: Setting watchdog for 200 seconds at Wed May 23 16:43:07 UTC 2018
10 ms. Memory: 331264K Free: 305029K (92%)
ptolemy.util.test.WatchDog.cancel(): canceling Wed May 23 16:43:07 UTC 2018
auto.tcl: Setting watchdog for 200 seconds at Wed May 23 16:43:07 UTC 2018
7 ms. Memory: 331264K Free: 301281K (91%)
ptolemy.util.test.WatchDog.cancel(): canceling Wed May 23 16:43:07 UTC 2018
------------------ testing $PTII/ptolemy/domains/de/test/auto/MergeWithoutDiscard.xml
auto.tcl: Setting watchdog for 200 seconds at Wed May 23 16:43:07 UTC 2018
7 ms. Memory: 331264K Free: 316704K (96%)
ptolemy.util.test.WatchDog.cancel(): canceling Wed May 23 16:43:07 UTC 2018
auto.tcl: Setting watchdog for 200 seconds at Wed May 23 16:43:07 UTC 2018
1 ms. Memory: 331264K Free: 316704K (96%)
ptolemy.util.test.WatchDog.cancel(): canceling Wed May 23 16:43:07 UTC 2018
------------------ testing $PTII/ptolemy/domains/de/test/auto/Modal1.xml
auto.tcl: Setting watchdog for 200 seconds at Wed May 23 16:43:07 UTC 2018
19 ms. Memory: 331264K Free: 310405K (94%)
ptolemy.util.test.WatchDog.cancel(): canceling Wed May 23 16:43:07 UTC 2018
auto.tcl: Setting watchdog for 200 seconds at Wed May 23 16:43:07 UTC 2018
24 ms. Memory: 331264K Free: 306656K (93%)
ptolemy.util.test.WatchDog.cancel(): canceling Wed May 23 16:43:07 UTC 2018
------------------ testing $PTII/ptolemy/domains/de/test/auto/Modal2.xml
auto.tcl: Setting watchdog for 200 seconds at Wed May 23 16:43:07 UTC 2018
16 ms. Memory: 331264K Free: 310262K (94%)
ptolemy.util.test.WatchDog.cancel(): canceling Wed May 23 16:43:07 UTC 2018
auto.tcl: Setting watchdog for 200 seconds at Wed May 23 16:43:07 UTC 2018
9 ms. Memory: 331264K Free: 306529K (93%)
ptolemy.util.test.WatchDog.cancel(): canceling Wed May 23 16:43:07 UTC 2018
------------------ testing $PTII/ptolemy/domains/de/test/auto/Modal3.xml
auto.tcl: Setting watchdog for 200 seconds at Wed May 23 16:43:07 UTC 2018
14 ms. Memory: 331264K Free: 305784K (92%)
ptolemy.util.test.WatchDog.cancel(): canceling Wed May 23 16:43:07 UTC 2018
auto.tcl: Setting watchdog for 200 seconds at Wed May 23 16:43:07 UTC 2018
14 ms. Memory: 331264K Free: 301604K (91%)
ptolemy.util.test.WatchDog.cancel(): canceling Wed May 23 16:43:07 UTC 2018
------------------ testing $PTII/ptolemy/domains/de/test/auto/Modal4.xml
auto.tcl: Setting watchdog for 200 seconds at Wed May 23 16:43:07 UTC 2018
24 ms. Memory: 331264K Free: 310258K (94%)
ptolemy.util.test.WatchDog.cancel(): canceling Wed May 23 16:43:08 UTC 2018
auto.tcl: Setting watchdog for 200 seconds at Wed May 23 16:43:08 UTC 2018
20 ms. Memory: 331264K Free: 306517K (93%)
ptolemy.util.test.WatchDog.cancel(): canceling Wed May 23 16:43:08 UTC 2018
------------------ testing $PTII/ptolemy/domains/de/test/auto/Modal5.xml
auto.tcl: Setting watchdog for 200 seconds at Wed May 23 16:43:08 UTC 2018
27 ms. Memory: 331264K Free: 310253K (94%)
ptolemy.util.test.WatchDog.cancel(): canceling Wed May 23 16:43:08 UTC 2018
auto.tcl: Setting watchdog for 200 seconds at Wed May 23 16:43:08 UTC 2018
18 ms. Memory: 331264K Free: 306504K (93%)
ptolemy.util.test.WatchDog.cancel(): canceling Wed May 23 16:43:08 UTC 2018
------------------ testing $PTII/ptolemy/domains/de/test/auto/Modal6.xml
auto.tcl: Setting watchdog for 200 seconds at Wed May 23 16:43:08 UTC 2018
10 ms. Memory: 331264K Free: 310250K (94%)
ptolemy.util.test.WatchDog.cancel(): canceling Wed May 23 16:43:08 UTC 2018
auto.tcl: Setting watchdog for 200 seconds at Wed May 23 16:43:08 UTC 2018
12 ms. Memory: 331264K Free: 306501K (93%)
ptolemy.util.test.WatchDog.cancel(): canceling Wed May 23 16:43:08 UTC 2018
------------------ testing $PTII/ptolemy/domains/de/test/auto/Modal7.xml
auto.tcl: Setting watchdog for 200 seconds at Wed May 23 16:43:08 UTC 2018
8 ms. Memory: 331264K Free: 306478K (93%)
ptolemy.util.test.WatchDog.cancel(): canceling Wed May 23 16:43:08 UTC 2018
auto.tcl: Setting watchdog for 200 seconds at Wed May 23 16:43:08 UTC 2018
10 ms. Memory: 331264K Free: 302729K (91%)
ptolemy.util.test.WatchDog.cancel(): canceling Wed May 23 16:43:08 UTC 2018
------------------ testing $PTII/ptolemy/domains/de/test/auto/ModalModel.xml
auto.tcl: Setting watchdog for 200 seconds at Wed May 23 16:43:08 UTC 2018
192 ms. Memory: 331264K Free: 249635K (75%)
ptolemy.util.test.WatchDog.cancel(): canceling Wed May 23 16:43:08 UTC 2018
auto.tcl: Setting watchdog for 200 seconds at Wed May 23 16:43:08 UTC 2018
158 ms. Memory: 331264K Free: 193501K (58%)
ptolemy.util.test.WatchDog.cancel(): canceling Wed May 23 16:43:08 UTC 2018
------------------ testing $PTII/ptolemy/domains/de/test/auto/ModalSource.xml
auto.tcl: Setting watchdog for 200 seconds at Wed May 23 16:43:08 UTC 2018
5 ms. Memory: 331264K Free: 316988K (96%)
ptolemy.util.test.WatchDog.cancel(): canceling Wed May 23 16:43:08 UTC 2018
auto.tcl: Setting watchdog for 200 seconds at Wed May 23 16:43:08 UTC 2018
5 ms. Memory: 331264K Free: 313597K (95%)
ptolemy.util.test.WatchDog.cancel(): canceling Wed May 23 16:43:08 UTC 2018
------------------ testing $PTII/ptolemy/domains/de/test/auto/NonInterruptibleTimerZeroDelay.xml
auto.tcl: Setting watchdog for 200 seconds at Wed May 23 16:43:08 UTC 2018
4 ms. Memory: 331264K Free: 321031K (97%)
ptolemy.util.test.WatchDog.cancel(): canceling Wed May 23 16:43:08 UTC 2018
auto.tcl: Setting watchdog for 200 seconds at Wed May 23 16:43:08 UTC 2018
2 ms. Memory: 331264K Free: 317624K (96%)
ptolemy.util.test.WatchDog.cancel(): canceling Wed May 23 16:43:08 UTC 2018
------------------ testing $PTII/ptolemy/domains/de/test/auto/OpenQueueingNetwork.xml
auto.tcl: Setting watchdog for 200 seconds at Wed May 23 16:43:09 UTC 2018
2606 ms. Memory: 573952K Free: 437267K (76%)
ptolemy.util.test.WatchDog.cancel(): canceling Wed May 23 16:43:11 UTC 2018
auto.tcl: Setting watchdog for 200 seconds at Wed May 23 16:43:11 UTC 2018
2202 ms. Memory: 550912K Free: 364464K (66%)
ptolemy.util.test.WatchDog.cancel(): canceling Wed May 23 16:43:13 UTC 2018
------------------ testing $PTII/ptolemy/domains/de/test/auto/OpenQueuingNetwork.xml
auto.tcl: Setting watchdog for 200 seconds at Wed May 23 16:43:14 UTC 2018
228 ms. Memory: 549888K Free: 445501K (81%)
ptolemy.util.test.WatchDog.cancel(): canceling Wed May 23 16:43:14 UTC 2018
auto.tcl: Setting watchdog for 200 seconds at Wed May 23 16:43:14 UTC 2018
223 ms. Memory: 549888K Free: 390895K (71%)
ptolemy.util.test.WatchDog.cancel(): canceling Wed May 23 16:43:14 UTC 2018
------------------ testing $PTII/ptolemy/domains/de/test/auto/PeriodicSampler.xml
auto.tcl: Setting watchdog for 200 seconds at Wed May 23 16:43:14 UTC 2018
2 ms. Memory: 551936K Free: 532116K (96%)
ptolemy.util.test.WatchDog.cancel(): canceling Wed May 23 16:43:14 UTC 2018
auto.tcl: Setting watchdog for 200 seconds at Wed May 23 16:43:14 UTC 2018
2 ms. Memory: 551936K Free: 532116K (96%)
ptolemy.util.test.WatchDog.cancel(): canceling Wed May 23 16:43:14 UTC 2018
------------------ testing $PTII/ptolemy/domains/de/test/auto/PersistentIO.xml
auto.tcl: Setting watchdog for 200 seconds at Wed May 23 16:43:14 UTC 2018
15 ms. Memory: 549376K Free: 524679K (96%)
ptolemy.util.test.WatchDog.cancel(): canceling Wed May 23 16:43:14 UTC 2018
auto.tcl: Setting watchdog for 200 seconds at Wed May 23 16:43:14 UTC 2018
3 ms. Memory: 549376K Free: 524679K (96%)
ptolemy.util.test.WatchDog.cancel(): canceling Wed May 23 16:43:14 UTC 2018
------------------ testing $PTII/ptolemy/domains/de/test/auto/PortParameterResetOnInitialize.xml
auto.tcl: Setting watchdog for 200 seconds at Wed May 23 16:43:14 UTC 2018
2 ms. Memory: 551424K Free: 531712K (96%)
ptolemy.util.test.WatchDog.cancel(): canceling Wed May 23 16:43:14 UTC 2018
auto.tcl: Setting watchdog for 200 seconds at Wed May 23 16:43:14 UTC 2018
3 ms. Memory: 551424K Free: 531712K (96%)
ptolemy.util.test.WatchDog.cancel(): canceling Wed May 23 16:43:14 UTC 2018
------------------ testing $PTII/ptolemy/domains/de/test/auto/PortParameterUpdates.xml
auto.tcl: Setting watchdog for 200 seconds at Wed May 23 16:43:14 UTC 2018
4 ms. Memory: 549376K Free: 524321K (95%)
ptolemy.util.test.WatchDog.cancel(): canceling Wed May 23 16:43:14 UTC 2018
auto.tcl: Setting watchdog for 200 seconds at Wed May 23 16:43:14 UTC 2018
4 ms. Memory: 549376K Free: 524321K (95%)
ptolemy.util.test.WatchDog.cancel(): canceling Wed May 23 16:43:14 UTC 2018
------------------ testing $PTII/ptolemy/domains/de/test/auto/QueueAndServer.xml
auto.tcl: Setting watchdog for 200 seconds at Wed May 23 16:43:14 UTC 2018
16 ms. Memory: 551424K Free: 531012K (96%)
ptolemy.util.test.WatchDog.cancel(): canceling Wed May 23 16:43:14 UTC 2018
auto.tcl: Setting watchdog for 200 seconds at Wed May 23 16:43:14 UTC 2018
6 ms. Memory: 551424K Free: 531012K (96%)
ptolemy.util.test.WatchDog.cancel(): canceling Wed May 23 16:43:14 UTC 2018
------------------ testing $PTII/ptolemy/domains/de/test/auto/Records.xml
auto.tcl: Setting watchdog for 200 seconds at Wed May 23 16:43:15 UTC 2018
3 ms. Memory: 549376K Free: 534382K (97%)
ptolemy.util.test.WatchDog.cancel(): canceling Wed May 23 16:43:15 UTC 2018
auto.tcl: Setting watchdog for 200 seconds at Wed May 23 16:43:15 UTC 2018
2 ms. Memory: 549376K Free: 528921K (96%)
ptolemy.util.test.WatchDog.cancel(): canceling Wed May 23 16:43:15 UTC 2018
------------------ testing $PTII/ptolemy/domains/de/test/auto/ResetTransitionWithStartTime1.xml
auto.tcl: Setting watchdog for 200 seconds at Wed May 23 16:43:15 UTC 2018
10 ms. Memory: 551424K Free: 531332K (96%)
ptolemy.util.test.WatchDog.cancel(): canceling Wed May 23 16:43:15 UTC 2018
auto.tcl: Setting watchdog for 200 seconds at Wed May 23 16:43:15 UTC 2018
6 ms. Memory: 551424K Free: 530979K (96%)
ptolemy.util.test.WatchDog.cancel(): canceling Wed May 23 16:43:15 UTC 2018
------------------ testing $PTII/ptolemy/domains/de/test/auto/ResetTransitionWithStartTime2.xml
auto.tcl: Setting watchdog for 200 seconds at Wed May 23 16:43:15 UTC 2018
5 ms. Memory: 549376K Free: 529275K (96%)
ptolemy.util.test.WatchDog.cancel(): canceling Wed May 23 16:43:15 UTC 2018
auto.tcl: Setting watchdog for 200 seconds at Wed May 23 16:43:15 UTC 2018
7 ms. Memory: 549376K Free: 529275K (96%)
ptolemy.util.test.WatchDog.cancel(): canceling Wed May 23 16:43:15 UTC 2018
------------------ testing $PTII/ptolemy/domains/de/test/auto/ResetTransitionWithStartTime3.xml
auto.tcl: Setting watchdog for 200 seconds at Wed May 23 16:43:15 UTC 2018
7 ms. Memory: 550912K Free: 530457K (96%)
ptolemy.util.test.WatchDog.cancel(): canceling Wed May 23 16:43:15 UTC 2018
auto.tcl: Setting watchdog for 200 seconds at Wed May 23 16:43:15 UTC 2018
6 ms. Memory: 550912K Free: 530457K (96%)
ptolemy.util.test.WatchDog.cancel(): canceling Wed May 23 16:43:15 UTC 2018
------------------ testing $PTII/ptolemy/domains/de/test/auto/ResetTransitionWithStartTime4.xml
auto.tcl: Setting watchdog for 200 seconds at Wed May 23 16:43:15 UTC 2018
4 ms. Memory: 549376K Free: 528919K (96%)
ptolemy.util.test.WatchDog.cancel(): canceling Wed May 23 16:43:15 UTC 2018
auto.tcl: Setting watchdog for 200 seconds at Wed May 23 16:43:15 UTC 2018
4 ms. Memory: 549376K Free: 528919K (96%)
ptolemy.util.test.WatchDog.cancel(): canceling Wed May 23 16:43:15 UTC 2018
------------------ testing $PTII/ptolemy/domains/de/test/auto/ResettableTimer1.xml
auto.tcl: Setting watchdog for 200 seconds at Wed May 23 16:43:15 UTC 2018
2 ms. Memory: 550912K Free: 535927K (97%)
ptolemy.util.test.WatchDog.cancel(): canceling Wed May 23 16:43:15 UTC 2018
auto.tcl: Setting watchdog for 200 seconds at Wed May 23 16:43:15 UTC 2018
2 ms. Memory: 550912K Free: 535927K (97%)
ptolemy.util.test.WatchDog.cancel(): canceling Wed May 23 16:43:15 UTC 2018
------------------ testing $PTII/ptolemy/domains/de/test/auto/ResettableTimer2.xml
auto.tcl: Setting watchdog for 200 seconds at Wed May 23 16:43:15 UTC 2018
2 ms. Memory: 549376K Free: 534803K (97%)
ptolemy.util.test.WatchDog.cancel(): canceling Wed May 23 16:43:15 UTC 2018
auto.tcl: Setting watchdog for 200 seconds at Wed May 23 16:43:15 UTC 2018
2 ms. Memory: 549376K Free: 534803K (97%)
ptolemy.util.test.WatchDog.cancel(): canceling Wed May 23 16:43:15 UTC 2018
------------------ testing $PTII/ptolemy/domains/de/test/auto/ResettableTimer3.xml
auto.tcl: Setting watchdog for 200 seconds at Wed May 23 16:43:15 UTC 2018
2 ms. Memory: 550912K Free: 535985K (97%)
ptolemy.util.test.WatchDog.cancel(): canceling Wed May 23 16:43:15 UTC 2018
auto.tcl: Setting watchdog for 200 seconds at Wed May 23 16:43:15 UTC 2018
1 ms. Memory: 550912K Free: 535985K (97%)
ptolemy.util.test.WatchDog.cancel(): canceling Wed May 23 16:43:15 UTC 2018
------------------ testing $PTII/ptolemy/domains/de/test/auto/ResettableTimer4.xml
auto.tcl: Setting watchdog for 200 seconds at Wed May 23 16:43:15 UTC 2018
1 ms. Memory: 549376K Free: 534815K (97%)
ptolemy.util.test.WatchDog.cancel(): canceling Wed May 23 16:43:15 UTC 2018
auto.tcl: Setting watchdog for 200 seconds at Wed May 23 16:43:15 UTC 2018
1 ms. Memory: 549376K Free: 534815K (97%)
ptolemy.util.test.WatchDog.cancel(): canceling Wed May 23 16:43:15 UTC 2018
------------------ testing $PTII/ptolemy/domains/de/test/auto/ResettableTimer5.xml
auto.tcl: Setting watchdog for 200 seconds at Wed May 23 16:43:15 UTC 2018
1 ms. Memory: 550400K Free: 530804K (96%)
ptolemy.util.test.WatchDog.cancel(): canceling Wed May 23 16:43:15 UTC 2018
auto.tcl: Setting watchdog for 200 seconds at Wed May 23 16:43:15 UTC 2018
1 ms. Memory: 550400K Free: 530804K (96%)
ptolemy.util.test.WatchDog.cancel(): canceling Wed May 23 16:43:15 UTC 2018
------------------ testing $PTII/ptolemy/domains/de/test/auto/ResettableTimer6.xml
auto.tcl: Setting watchdog for 200 seconds at Wed May 23 16:43:15 UTC 2018
4 ms. Memory: 549376K Free: 534409K (97%)
ptolemy.util.test.WatchDog.cancel(): canceling Wed May 23 16:43:15 UTC 2018
auto.tcl: Setting watchdog for 200 seconds at Wed May 23 16:43:15 UTC 2018
2 ms. Memory: 549376K Free: 534409K (97%)
ptolemy.util.test.WatchDog.cancel(): canceling Wed May 23 16:43:15 UTC 2018
------------------ testing $PTII/ptolemy/domains/de/test/auto/ServerZeroDelay.xml
auto.tcl: Setting watchdog for 200 seconds at Wed May 23 16:43:15 UTC 2018
6 ms. Memory: 550400K Free: 535776K (97%)
ptolemy.util.test.WatchDog.cancel(): canceling Wed May 23 16:43:15 UTC 2018
auto.tcl: Setting watchdog for 200 seconds at Wed May 23 16:43:15 UTC 2018
2 ms. Memory: 550400K Free: 535776K (97%)
ptolemy.util.test.WatchDog.cancel(): canceling Wed May 23 16:43:15 UTC 2018
------------------ testing $PTII/ptolemy/domains/de/test/auto/SmartSender.xml
auto.tcl: Setting watchdog for 200 seconds at Wed May 23 16:43:15 UTC 2018
3001 ms. Memory: 549376K Free: 534748K (97%)
ptolemy.util.test.WatchDog.cancel(): canceling Wed May 23 16:43:18 UTC 2018
auto.tcl: Setting watchdog for 200 seconds at Wed May 23 16:43:18 UTC 2018
3001 ms. Memory: 549376K Free: 534748K (97%)
ptolemy.util.test.WatchDog.cancel(): canceling Wed May 23 16:43:21 UTC 2018
------------------ testing $PTII/ptolemy/domains/de/test/auto/ThreadedComposite.xml
auto.tcl: Setting watchdog for 200 seconds at Wed May 23 16:43:21 UTC 2018
289 ms. Memory: 550400K Free: 501104K (91%)
ptolemy.util.test.WatchDog.cancel(): canceling Wed May 23 16:43:22 UTC 2018
auto.tcl: Setting watchdog for 200 seconds at Wed May 23 16:43:22 UTC 2018
176 ms. Memory: 550400K Free: 476925K (87%)
ptolemy.util.test.WatchDog.cancel(): canceling Wed May 23 16:43:22 UTC 2018
------------------ testing $PTII/ptolemy/domains/de/test/auto/Time.xml
auto.tcl: Setting watchdog for 200 seconds at Wed May 23 16:43:22 UTC 2018
514 ms. Memory: 549376K Free: 492002K (90%)
ptolemy.util.test.WatchDog.cancel(): canceling Wed May 23 16:43:22 UTC 2018
auto.tcl: Setting watchdog for 200 seconds at Wed May 23 16:43:22 UTC 2018
462 ms. Memory: 549376K Free: 442856K (81%)
ptolemy.util.test.WatchDog.cancel(): canceling Wed May 23 16:43:23 UTC 2018
------------------ testing $PTII/ptolemy/domains/de/test/auto/TimeDelayZeroDelay.xml
auto.tcl: Setting watchdog for 200 seconds at Wed May 23 16:43:23 UTC 2018
3 ms. Memory: 550400K Free: 535341K (97%)
ptolemy.util.test.WatchDog.cancel(): canceling Wed May 23 16:43:23 UTC 2018
auto.tcl: Setting watchdog for 200 seconds at Wed May 23 16:43:23 UTC 2018
1 ms. Memory: 550400K Free: 535341K (97%)
ptolemy.util.test.WatchDog.cancel(): canceling Wed May 23 16:43:23 UTC 2018
------------------ testing $PTII/ptolemy/domains/de/test/auto/TimerZeroDelay.xml
auto.tcl: Setting watchdog for 200 seconds at Wed May 23 16:43:23 UTC 2018
2 ms. Memory: 549376K Free: 534714K (97%)
ptolemy.util.test.WatchDog.cancel(): canceling Wed May 23 16:43:23 UTC 2018
auto.tcl: Setting watchdog for 200 seconds at Wed May 23 16:43:23 UTC 2018
2 ms. Memory: 549376K Free: 534714K (97%)
ptolemy.util.test.WatchDog.cancel(): canceling Wed May 23 16:43:23 UTC 2018
------------------ testing $PTII/ptolemy/domains/de/test/auto/TimingParadox.xml
auto.tcl: Setting watchdog for 200 seconds at Wed May 23 16:43:23 UTC 2018
321 ms. Memory: 549888K Free: 478670K (87%)
ptolemy.util.test.WatchDog.cancel(): canceling Wed May 23 16:43:24 UTC 2018
auto.tcl: Setting watchdog for 200 seconds at Wed May 23 16:43:24 UTC 2018
306 ms. Memory: 549888K Free: 451367K (82%)
ptolemy.util.test.WatchDog.cancel(): canceling Wed May 23 16:43:24 UTC 2018
------------------ testing $PTII/ptolemy/domains/de/test/auto/TransferInputs.xml
auto.tcl: Setting watchdog for 200 seconds at Wed May 23 16:43:24 UTC 2018
1 ms. Memory: 549888K Free: 534130K (97%)
ptolemy.util.test.WatchDog.cancel(): canceling Wed May 23 16:43:24 UTC 2018
auto.tcl: Setting watchdog for 200 seconds at Wed May 23 16:43:24 UTC 2018
1 ms. Memory: 549888K Free: 534130K (97%)
ptolemy.util.test.WatchDog.cancel(): canceling Wed May 23 16:43:24 UTC 2018
------------------ testing $PTII/ptolemy/domains/de/test/auto/TransferOutputs2.xml
auto.tcl: Setting watchdog for 200 seconds at Wed May 23 16:43:24 UTC 2018
2 ms. Memory: 549376K Free: 524579K (95%)
ptolemy.util.test.WatchDog.cancel(): canceling Wed May 23 16:43:24 UTC 2018
auto.tcl: Setting watchdog for 200 seconds at Wed May 23 16:43:24 UTC 2018
2 ms. Memory: 549376K Free: 524579K (95%)
ptolemy.util.test.WatchDog.cancel(): canceling Wed May 23 16:43:24 UTC 2018
------------------ testing $PTII/ptolemy/domains/de/test/auto/Trilateration.xml
auto.tcl: Setting watchdog for 200 seconds at Wed May 23 16:43:24 UTC 2018
13051 ms. Memory: 453632K Free: 245480K (54%)
ptolemy.util.test.WatchDog.cancel(): canceling Wed May 23 16:43:38 UTC 2018
auto.tcl: Setting watchdog for 200 seconds at Wed May 23 16:43:38 UTC 2018
10501 ms. Memory: 339968K Free: 155297K (46%)
ptolemy.util.test.WatchDog.cancel(): canceling Wed May 23 16:43:49 UTC 2018
------------------ testing $PTII/ptolemy/domains/de/test/auto/TwoSigmaDelta.xml
auto.tcl: Setting watchdog for 200 seconds at Wed May 23 16:43:49 UTC 2018
2486 ms. Memory: 329216K Free: 297942K (91%)
ptolemy.util.test.WatchDog.cancel(): canceling Wed May 23 16:43:51 UTC 2018
auto.tcl: Setting watchdog for 200 seconds at Wed May 23 16:43:51 UTC 2018
1858 ms. Memory: 329216K Free: 68679K (21%)
ptolemy.util.test.WatchDog.cancel(): canceling Wed May 23 16:43:53 UTC 2018
------------------ testing $PTII/ptolemy/domains/de/test/auto/VariableDelay.xml
auto.tcl: Setting watchdog for 200 seconds at Wed May 23 16:43:53 UTC 2018
3 ms. Memory: 328704K Free: 317409K (97%)
ptolemy.util.test.WatchDog.cancel(): canceling Wed May 23 16:43:53 UTC 2018
auto.tcl: Setting watchdog for 200 seconds at Wed May 23 16:43:53 UTC 2018
2 ms. Memory: 328704K Free: 313649K (95%)
ptolemy.util.test.WatchDog.cancel(): canceling Wed May 23 16:43:53 UTC 2018
------------------ testing $PTII/ptolemy/domains/de/test/auto/VariableDelay2.xml
auto.tcl: Setting watchdog for 200 seconds at Wed May 23 16:43:53 UTC 2018
5 ms. Memory: 328704K Free: 315356K (96%)
ptolemy.util.test.WatchDog.cancel(): canceling Wed May 23 16:43:53 UTC 2018
auto.tcl: Setting watchdog for 200 seconds at Wed May 23 16:43:53 UTC 2018
1 ms. Memory: 328704K Free: 311596K (95%)
ptolemy.util.test.WatchDog.cancel(): canceling Wed May 23 16:43:53 UTC 2018
------------------ testing $PTII/ptolemy/domains/de/test/auto/VariableDelayZeroDelay.xml
auto.tcl: Setting watchdog for 200 seconds at Wed May 23 16:43:53 UTC 2018
2 ms. Memory: 330752K Free: 319877K (97%)
ptolemy.util.test.WatchDog.cancel(): canceling Wed May 23 16:43:53 UTC 2018
auto.tcl: Setting watchdog for 200 seconds at Wed May 23 16:43:53 UTC 2018
2 ms. Memory: 330752K Free: 316133K (96%)
ptolemy.util.test.WatchDog.cancel(): canceling Wed May 23 16:43:53 UTC 2018
------------------ testing $PTII/ptolemy/domains/de/test/auto/VariableDelayZeroDelay2.xml
auto.tcl: Setting watchdog for 200 seconds at Wed May 23 16:43:53 UTC 2018
2 ms. Memory: 328704K Free: 317827K (97%)
ptolemy.util.test.WatchDog.cancel(): canceling Wed May 23 16:43:53 UTC 2018
auto.tcl: Setting watchdog for 200 seconds at Wed May 23 16:43:53 UTC 2018
2 ms. Memory: 328704K Free: 314075K (96%)
ptolemy.util.test.WatchDog.cancel(): canceling Wed May 23 16:43:53 UTC 2018
------------------ testing $PTII/ptolemy/domains/de/test/auto/deInCt.xml
auto.tcl: Setting watchdog for 200 seconds at Wed May 23 16:43:53 UTC 2018
0
1
1
1
0
0
0
1
1
1
1
1
1
1
1
1
0
0
0
1
1
1
0
0
0
0
1
1
1
0
0
1
1
1
0
0
0
13 ms. Memory: 330240K Free: 313113K (95%)
ptolemy.util.test.WatchDog.cancel(): canceling Wed May 23 16:43:53 UTC 2018
auto.tcl: Setting watchdog for 200 seconds at Wed May 23 16:43:53 UTC 2018
0
1
1
1
0
0
0
1
1
1
0
0
1
1
1
0
0
0
1
1
0
0
0
1
1
1
1
0
0
0
1
1
1
0
0
1
1
1
0
0
0
0
0
1
1
1
1
1
6 ms. Memory: 330240K Free: 313113K (95%)
ptolemy.util.test.WatchDog.cancel(): canceling Wed May 23 16:43:54 UTC 2018
------------------ testing $PTII/ptolemy/domains/de/test/auto/deInCt2.xml
auto.tcl: Setting watchdog for 200 seconds at Wed May 23 16:43:54 UTC 2018
0
1
1
1
0
0
1
1
1
0
0
1
1
1
0
0
1
1
1
0
0
1
1
1
0
0
1
1
1
0
0
1
1
1
0
0
1
1
1
0
0
0
13 ms. Memory: 328704K Free: 314050K (96%)
ptolemy.util.test.WatchDog.cancel(): canceling Wed May 23 16:43:54 UTC 2018
auto.tcl: Setting watchdog for 200 seconds at Wed May 23 16:43:54 UTC 2018
0
1
1
1
0
0
1
1
1
0
0
1
1
1
0
0
1
1
1
0
0
1
1
1
0
0
1
1
1
0
0
1
1
1
0
0
1
1
1
0
0
0
9 ms. Memory: 328704K Free: 314050K (96%)
ptolemy.util.test.WatchDog.cancel(): canceling Wed May 23 16:43:54 UTC 2018
------------------ testing $PTII/ptolemy/domains/de/test/auto/dynamicCausalityInterface1.xml
auto.tcl: Setting watchdog for 200 seconds at Wed May 23 16:43:54 UTC 2018
4 ms. Memory: 330240K Free: 311852K (94%)
ptolemy.util.test.WatchDog.cancel(): canceling Wed May 23 16:43:54 UTC 2018
auto.tcl: Setting watchdog for 200 seconds at Wed May 23 16:43:54 UTC 2018
1 ms. Memory: 330240K Free: 311852K (94%)
ptolemy.util.test.WatchDog.cancel(): canceling Wed May 23 16:43:54 UTC 2018
------------------ testing $PTII/ptolemy/domains/de/test/auto/fsm_de_test.xml
auto.tcl: Setting watchdog for 200 seconds at Wed May 23 16:43:54 UTC 2018
12 ms. Memory: 328704K Free: 307721K (94%)
ptolemy.util.test.WatchDog.cancel(): canceling Wed May 23 16:43:54 UTC 2018
auto.tcl: Setting watchdog for 200 seconds at Wed May 23 16:43:54 UTC 2018
5 ms. Memory: 328704K Free: 307721K (94%)
ptolemy.util.test.WatchDog.cancel(): canceling Wed May 23 16:43:54 UTC 2018
------------------ testing $PTII/ptolemy/domains/de/test/auto/functionDependencyReconstruction.xml
auto.tcl: Setting watchdog for 200 seconds at Wed May 23 16:43:54 UTC 2018
2 ms. Memory: 329728K Free: 303723K (92%)
ptolemy.util.test.WatchDog.cancel(): canceling Wed May 23 16:43:54 UTC 2018
auto.tcl: Setting watchdog for 200 seconds at Wed May 23 16:43:54 UTC 2018
2 ms. Memory: 329728K Free: 303723K (92%)
ptolemy.util.test.WatchDog.cancel(): canceling Wed May 23 16:43:54 UTC 2018
------------------ testing $PTII/ptolemy/domains/de/test/auto/multirate.xml
auto.tcl: Setting watchdog for 200 seconds at Wed May 23 16:43:54 UTC 2018
5 ms. Memory: 328704K Free: 313822K (95%)
ptolemy.util.test.WatchDog.cancel(): canceling Wed May 23 16:43:54 UTC 2018
auto.tcl: Setting watchdog for 200 seconds at Wed May 23 16:43:54 UTC 2018
2 ms. Memory: 328704K Free: 313822K (95%)
ptolemy.util.test.WatchDog.cancel(): canceling Wed May 23 16:43:54 UTC 2018
------------------ testing $PTII/ptolemy/domains/de/test/auto/multirate2.xml
auto.tcl: Setting watchdog for 200 seconds at Wed May 23 16:43:54 UTC 2018
3 ms. Memory: 329728K Free: 315034K (96%)
ptolemy.util.test.WatchDog.cancel(): canceling Wed May 23 16:43:54 UTC 2018
auto.tcl: Setting watchdog for 200 seconds at Wed May 23 16:43:54 UTC 2018
2 ms. Memory: 329728K Free: 315034K (96%)
ptolemy.util.test.WatchDog.cancel(): canceling Wed May 23 16:43:54 UTC 2018
------------------ testing $PTII/ptolemy/domains/de/test/auto/realtime.xml
auto.tcl: Setting watchdog for 200 seconds at Wed May 23 16:43:54 UTC 2018
10001 ms. Memory: 328704K Free: 311522K (95%)
ptolemy.util.test.WatchDog.cancel(): canceling Wed May 23 16:44:04 UTC 2018
auto.tcl: Setting watchdog for 200 seconds at Wed May 23 16:44:04 UTC 2018
10001 ms. Memory: 328704K Free: 311522K (95%)
ptolemy.util.test.WatchDog.cancel(): canceling Wed May 23 16:44:14 UTC 2018
------------------ testing $PTII/ptolemy/domains/de/test/auto/relationGroup.xml
auto.tcl: Setting watchdog for 200 seconds at Wed May 23 16:44:14 UTC 2018
1 ms. Memory: 329728K Free: 318818K (97%)
ptolemy.util.test.WatchDog.cancel(): canceling Wed May 23 16:44:14 UTC 2018
auto.tcl: Setting watchdog for 200 seconds at Wed May 23 16:44:14 UTC 2018
1 ms. Memory: 329728K Free: 318818K (97%)
ptolemy.util.test.WatchDog.cancel(): canceling Wed May 23 16:44:14 UTC 2018
------------------ testing $PTII/ptolemy/domains/de/test/auto/relationGroup2.xml
auto.tcl: Setting watchdog for 200 seconds at Wed May 23 16:44:14 UTC 2018
1 ms. Memory: 328704K Free: 315348K (96%)
ptolemy.util.test.WatchDog.cancel(): canceling Wed May 23 16:44:14 UTC 2018
auto.tcl: Setting watchdog for 200 seconds at Wed May 23 16:44:14 UTC 2018
1 ms. Memory: 328704K Free: 315348K (96%)
ptolemy.util.test.WatchDog.cancel(): canceling Wed May 23 16:44:14 UTC 2018
------------------ testing $PTII/ptolemy/domains/de/test/auto/sortWithOpaquePorts.xml
auto.tcl: Setting watchdog for 200 seconds at Wed May 23 16:44:14 UTC 2018
2 ms. Memory: 329216K Free: 315861K (96%)
ptolemy.util.test.WatchDog.cancel(): canceling Wed May 23 16:44:14 UTC 2018
auto.tcl: Setting watchdog for 200 seconds at Wed May 23 16:44:14 UTC 2018
2 ms. Memory: 329216K Free: 312109K (95%)
ptolemy.util.test.WatchDog.cancel(): canceling Wed May 23 16:44:14 UTC 2018
------------------ testing $PTII/ptolemy/domains/de/test/auto/transferInputsandOutputs.xml
auto.tcl: Setting watchdog for 200 seconds at Wed May 23 16:44:14 UTC 2018
3 ms. Memory: 328704K Free: 311576K (95%)
ptolemy.util.test.WatchDog.cancel(): canceling Wed May 23 16:44:14 UTC 2018
auto.tcl: Setting watchdog for 200 seconds at Wed May 23 16:44:14 UTC 2018
1 ms. Memory: 328704K Free: 311576K (95%)
ptolemy.util.test.WatchDog.cancel(): canceling Wed May 23 16:44:14 UTC 2018
------------------ testing $PTII/ptolemy/domains/de/test/auto/triggerType.xml
auto.tcl: Setting watchdog for 200 seconds at Wed May 23 16:44:14 UTC 2018
1 ms. Memory: 329216K Free: 315799K (96%)
ptolemy.util.test.WatchDog.cancel(): canceling Wed May 23 16:44:14 UTC 2018
auto.tcl: Setting watchdog for 200 seconds at Wed May 23 16:44:14 UTC 2018
1 ms. Memory: 329216K Free: 312039K (95%)
ptolemy.util.test.WatchDog.cancel(): canceling Wed May 23 16:44:14 UTC 2018
05/23/18 04:44:14
Failed: 0  Total Tests: 192  ((Passed: 187, Newly Passed: 1)  Known Failed: 5) /home/travis/build/icyphy/ptII/ptolemy/domains/de/test
05/23/18 04:44:14
Failed: 0  Total Tests: 192  ((Passed: 187, Newly Passed: 1)  Known Failed: 5) /home/travis/build/icyphy/ptII/ptolemy/domains/de/test
----------------- testing (KnownFailure) /home/travis/build/icyphy/ptII/ptolemy/domains/de/test/auto/knownFailedTests/DESDFClockTest.xml
2010 ms. Memory: 328704K Free: 305418K (93%)
Known Failure: java.lang.reflect.InvocationTargetException
----------------- testing (KnownFailure) /home/travis/build/icyphy/ptII/ptolemy/domains/de/test/auto/knownFailedTests/DirectFeedback.xml
1 ms. Memory: 328704K Free: 285634K (87%)
Known Failure: java.lang.reflect.InvocationTargetException
----------------- testing (KnownFailure) /home/travis/build/icyphy/ptII/ptolemy/domains/de/test/auto/knownFailedTests/FSMSource.xml
5 ms. Memory: 328704K Free: 260896K (79%)
----------------- testing (KnownFailure) /home/travis/build/icyphy/ptII/ptolemy/domains/de/test/auto/knownFailedTests/HierarchicalModel.xml
1 ms. Memory: 328704K Free: 236135K (72%)
Known Failure: java.lang.reflect.InvocationTargetException
----------------- testing (KnownFailure) /home/travis/build/icyphy/ptII/ptolemy/domains/de/test/auto/knownFailedTests/dependencyLoop.xml
1 ms. Memory: 328704K Free: 206443K (63%)
Known Failure: java.lang.reflect.InvocationTargetException
----------------- testing (KnownFailure) /home/travis/build/icyphy/ptII/ptolemy/domains/de/test/auto/knownFailedTests/dependencyLoop2.xml
2 ms. Memory: 328704K Free: 176751K (54%)
Known Failure: java.lang.reflect.InvocationTargetException
No auto/*.xml tests in /home/travis/build/icyphy/ptII/ptolemy/domains/de/test
AutoTests.java: About to close Vertx.
AutoTests.java: Vertx closed.
----------------- testing Wed May 23 16:44:17 UTC 2018 /home/travis/build/icyphy/ptII/ptolemy/domains/de/test/auto/ActorDepthCalculation_actorWithoutPorts.xml
----------------- Instantiating /home/travis/build/icyphy/ptII/ptolemy/domains/de/test/auto/ActorDepthCalculation_actorWithoutPorts.xml
2 ms. Memory: 328704K Free: 152021K (46%)
----------------- Invoking toplevel() on ptolemy.moml.MoMLSimpleApplication@301f19d2
----------------- Done invoking toplevel() on ptolemy.moml.MoMLSimpleApplication@301f19d2
reloadAllAccessors: .ActorDepthCalculation_actorWithoutPorts
----------------- testing Wed May 23 16:44:17 UTC 2018 /home/travis/build/icyphy/ptII/ptolemy/domains/de/test/auto/AssemblyLine.xml
----------------- Instantiating /home/travis/build/icyphy/ptII/ptolemy/domains/de/test/auto/AssemblyLine.xml
2 ms. Memory: 328704K Free: 137167K (42%)
----------------- Invoking toplevel() on ptolemy.moml.MoMLSimpleApplication@3831d125
----------------- Done invoking toplevel() on ptolemy.moml.MoMLSimpleApplication@3831d125
reloadAllAccessors: .AssemblyLine
----------------- testing Wed May 23 16:44:17 UTC 2018 /home/travis/build/icyphy/ptII/ptolemy/domains/de/test/auto/CQBug1.xml
----------------- Instantiating /home/travis/build/icyphy/ptII/ptolemy/domains/de/test/auto/CQBug1.xml
1 ms. Memory: 328704K Free: 127275K (39%)
----------------- Invoking toplevel() on ptolemy.moml.MoMLSimpleApplication@161dedff
----------------- Done invoking toplevel() on ptolemy.moml.MoMLSimpleApplication@161dedff
reloadAllAccessors: .CQBug1
----------------- testing Wed May 23 16:44:17 UTC 2018 /home/travis/build/icyphy/ptII/ptolemy/domains/de/test/auto/CancelFireAt.xml
----------------- Instantiating /home/travis/build/icyphy/ptII/ptolemy/domains/de/test/auto/CancelFireAt.xml
1 ms. Memory: 328704K Free: 117383K (36%)
----------------- Invoking toplevel() on ptolemy.moml.MoMLSimpleApplication@3be94648
----------------- Done invoking toplevel() on ptolemy.moml.MoMLSimpleApplication@3be94648
reloadAllAccessors: .CancelFireAt
----------------- testing Wed May 23 16:44:17 UTC 2018 /home/travis/build/icyphy/ptII/ptolemy/domains/de/test/auto/CausalityAndComposabilityAnalysis.xml
----------------- Instantiating /home/travis/build/icyphy/ptII/ptolemy/domains/de/test/auto/CausalityAndComposabilityAnalysis.xml
2 ms. Memory: 328704K Free: 107491K (33%)
----------------- Invoking toplevel() on ptolemy.moml.MoMLSimpleApplication@6b3efe04
----------------- Done invoking toplevel() on ptolemy.moml.MoMLSimpleApplication@6b3efe04
reloadAllAccessors: .CausalityAndComposabilityAnalysis
----------------- testing Wed May 23 16:44:17 UTC 2018 /home/travis/build/icyphy/ptII/ptolemy/domains/de/test/auto/CausalityInterface1.xml
----------------- Instantiating /home/travis/build/icyphy/ptII/ptolemy/domains/de/test/auto/CausalityInterface1.xml
5 ms. Memory: 328704K Free: 97599K (30%)
----------------- Invoking toplevel() on ptolemy.moml.MoMLSimpleApplication@3c576242
----------------- Done invoking toplevel() on ptolemy.moml.MoMLSimpleApplication@3c576242
reloadAllAccessors: .CausalityInterface1
----------------- testing Wed May 23 16:44:17 UTC 2018 /home/travis/build/icyphy/ptII/ptolemy/domains/de/test/auto/CausalityInterface15.xml
----------------- Instantiating /home/travis/build/icyphy/ptII/ptolemy/domains/de/test/auto/CausalityInterface15.xml
1 ms. Memory: 328704K Free: 79017K (24%)
----------------- Invoking toplevel() on ptolemy.moml.MoMLSimpleApplication@5c4666b5
----------------- Done invoking toplevel() on ptolemy.moml.MoMLSimpleApplication@5c4666b5
reloadAllAccessors: .CausalityInterface15
----------------- testing Wed May 23 16:44:17 UTC 2018 /home/travis/build/icyphy/ptII/ptolemy/domains/de/test/auto/CausalityInterface2.xml
----------------- Instantiating /home/travis/build/icyphy/ptII/ptolemy/domains/de/test/auto/CausalityInterface2.xml
1 ms. Memory: 318464K Free: 308540K (97%)
----------------- Invoking toplevel() on ptolemy.moml.MoMLSimpleApplication@6bcb2c74
----------------- Done invoking toplevel() on ptolemy.moml.MoMLSimpleApplication@6bcb2c74
reloadAllAccessors: .CausalityInterface2
----------------- testing Wed May 23 16:44:17 UTC 2018 /home/travis/build/icyphy/ptII/ptolemy/domains/de/test/auto/CausalityInterface3.xml
----------------- Instantiating /home/travis/build/icyphy/ptII/ptolemy/domains/de/test/auto/CausalityInterface3.xml
1 ms. Memory: 318464K Free: 299091K (94%)
----------------- Invoking toplevel() on ptolemy.moml.MoMLSimpleApplication@9f40d3
----------------- Done invoking toplevel() on ptolemy.moml.MoMLSimpleApplication@9f40d3
reloadAllAccessors: .CausalityInterface3
----------------- testing Wed May 23 16:44:17 UTC 2018 /home/travis/build/icyphy/ptII/ptolemy/domains/de/test/auto/ClockDrift.xml
----------------- Instantiating /home/travis/build/icyphy/ptII/ptolemy/domains/de/test/auto/ClockDrift.xml
8 ms. Memory: 318464K Free: 282516K (89%)
----------------- Invoking toplevel() on ptolemy.moml.MoMLSimpleApplication@6614a8
----------------- Done invoking toplevel() on ptolemy.moml.MoMLSimpleApplication@6614a8
reloadAllAccessors: .ClockDrift
----------------- testing Wed May 23 16:44:17 UTC 2018 /home/travis/build/icyphy/ptII/ptolemy/domains/de/test/auto/ClockDriftAndValueChange.xml
----------------- Instantiating /home/travis/build/icyphy/ptII/ptolemy/domains/de/test/auto/ClockDriftAndValueChange.xml
8 ms. Memory: 318464K Free: 265949K (84%)
----------------- Invoking toplevel() on ptolemy.moml.MoMLSimpleApplication@56244ed3
----------------- Done invoking toplevel() on ptolemy.moml.MoMLSimpleApplication@56244ed3
reloadAllAccessors: .ClockDriftAndValueChange
----------------- testing Wed May 23 16:44:17 UTC 2018 /home/travis/build/icyphy/ptII/ptolemy/domains/de/test/auto/ClockDriftChange.xml
----------------- Instantiating /home/travis/build/icyphy/ptII/ptolemy/domains/de/test/auto/ClockDriftChange.xml
7 ms. Memory: 318464K Free: 254090K (80%)
----------------- Invoking toplevel() on ptolemy.moml.MoMLSimpleApplication@f09916b
----------------- Done invoking toplevel() on ptolemy.moml.MoMLSimpleApplication@f09916b
reloadAllAccessors: .ClockDriftChange
----------------- testing Wed May 23 16:44:17 UTC 2018 /home/travis/build/icyphy/ptII/ptolemy/domains/de/test/auto/ComposableCausalityAnalysis.xml
----------------- Instantiating /home/travis/build/icyphy/ptII/ptolemy/domains/de/test/auto/ComposableCausalityAnalysis.xml
1 ms. Memory: 318464K Free: 244612K (77%)
----------------- Invoking toplevel() on ptolemy.moml.MoMLSimpleApplication@531c0b87
----------------- Done invoking toplevel() on ptolemy.moml.MoMLSimpleApplication@531c0b87
reloadAllAccessors: .ComposableCausalityAnalysis
----------------- testing Wed May 23 16:44:17 UTC 2018 /home/travis/build/icyphy/ptII/ptolemy/domains/de/test/auto/DEFixedPointLimitation.xml
----------------- Instantiating /home/travis/build/icyphy/ptII/ptolemy/domains/de/test/auto/DEFixedPointLimitation.xml
1 ms. Memory: 318464K Free: 235146K (74%)
----------------- Invoking toplevel() on ptolemy.moml.MoMLSimpleApplication@33b261d7
----------------- Done invoking toplevel() on ptolemy.moml.MoMLSimpleApplication@33b261d7
reloadAllAccessors: .DEFixedPointLimitation
----------------- testing Wed May 23 16:44:17 UTC 2018 /home/travis/build/icyphy/ptII/ptolemy/domains/de/test/auto/DEScheduleTest.xml
----------------- Instantiating /home/travis/build/icyphy/ptII/ptolemy/domains/de/test/auto/DEScheduleTest.xml
1 ms. Memory: 318464K Free: 228042K (72%)
----------------- Invoking toplevel() on ptolemy.moml.MoMLSimpleApplication@47202066
----------------- Done invoking toplevel() on ptolemy.moml.MoMLSimpleApplication@47202066
reloadAllAccessors: .DEScheduleTest
----------------- testing Wed May 23 16:44:17 UTC 2018 /home/travis/build/icyphy/ptII/ptolemy/domains/de/test/auto/DEinDEwithStartTimes.xml
----------------- Instantiating /home/travis/build/icyphy/ptII/ptolemy/domains/de/test/auto/DEinDEwithStartTimes.xml
1 ms. Memory: 318464K Free: 218579K (69%)
----------------- Invoking toplevel() on ptolemy.moml.MoMLSimpleApplication@5f9b88ae
----------------- Done invoking toplevel() on ptolemy.moml.MoMLSimpleApplication@5f9b88ae
reloadAllAccessors: .DEinDEwithStartTimes
----------------- testing Wed May 23 16:44:17 UTC 2018 /home/travis/build/icyphy/ptII/ptolemy/domains/de/test/auto/DEinDEwithStartTimes2.xml
----------------- Instantiating /home/travis/build/icyphy/ptII/ptolemy/domains/de/test/auto/DEinDEwithStartTimes2.xml
2 ms. Memory: 318464K Free: 209101K (66%)
----------------- Invoking toplevel() on ptolemy.moml.MoMLSimpleApplication@76d91a1f
----------------- Done invoking toplevel() on ptolemy.moml.MoMLSimpleApplication@76d91a1f
reloadAllAccessors: .DEinDEwithStartTimes2
----------------- testing Wed May 23 16:44:17 UTC 2018 /home/travis/build/icyphy/ptII/ptolemy/domains/de/test/auto/DateDemo.xml
----------------- Instantiating /home/travis/build/icyphy/ptII/ptolemy/domains/de/test/auto/DateDemo.xml
3 ms. Memory: 318464K Free: 194892K (61%)
----------------- Invoking toplevel() on ptolemy.moml.MoMLSimpleApplication@32f08a2d
----------------- Done invoking toplevel() on ptolemy.moml.MoMLSimpleApplication@32f08a2d
reloadAllAccessors: .DateDemo
----------------- testing Wed May 23 16:44:17 UTC 2018 /home/travis/build/icyphy/ptII/ptolemy/domains/de/test/auto/DateToEvent.xml
----------------- Instantiating /home/travis/build/icyphy/ptII/ptolemy/domains/de/test/auto/DateToEvent.xml
2003 ms. Memory: 318464K Free: 171217K (54%)
----------------- Invoking toplevel() on ptolemy.moml.MoMLSimpleApplication@760c1574
----------------- Done invoking toplevel() on ptolemy.moml.MoMLSimpleApplication@760c1574
reloadAllAccessors: .DateToEvent
----------------- testing Wed May 23 16:44:19 UTC 2018 /home/travis/build/icyphy/ptII/ptolemy/domains/de/test/auto/DepthTest1.xml
----------------- Instantiating /home/travis/build/icyphy/ptII/ptolemy/domains/de/test/auto/DepthTest1.xml
2 ms. Memory: 318464K Free: 166486K (52%)
----------------- Invoking toplevel() on ptolemy.moml.MoMLSimpleApplication@49bf2571
----------------- Done invoking toplevel() on ptolemy.moml.MoMLSimpleApplication@49bf2571
reloadAllAccessors: .DepthTest1
----------------- testing Wed May 23 16:44:19 UTC 2018 /home/travis/build/icyphy/ptII/ptolemy/domains/de/test/auto/DepthTest2.xml
----------------- Instantiating /home/travis/build/icyphy/ptII/ptolemy/domains/de/test/auto/DepthTest2.xml
1 ms. Memory: 318464K Free: 157008K (49%)
----------------- Invoking toplevel() on ptolemy.moml.MoMLSimpleApplication@61f04e8f
----------------- Done invoking toplevel() on ptolemy.moml.MoMLSimpleApplication@61f04e8f
reloadAllAccessors: .DepthTest2
----------------- testing Wed May 23 16:44:19 UTC 2018 /home/travis/build/icyphy/ptII/ptolemy/domains/de/test/auto/DepthTest3.xml
----------------- Instantiating /home/travis/build/icyphy/ptII/ptolemy/domains/de/test/auto/DepthTest3.xml
1 ms. Memory: 318464K Free: 149896K (47%)
----------------- Invoking toplevel() on ptolemy.moml.MoMLSimpleApplication@5f7ef304
----------------- Done invoking toplevel() on ptolemy.moml.MoMLSimpleApplication@5f7ef304
reloadAllAccessors: .DepthTest3
----------------- testing Wed May 23 16:44:19 UTC 2018 /home/travis/build/icyphy/ptII/ptolemy/domains/de/test/auto/DepthTest4.xml
----------------- Instantiating /home/travis/build/icyphy/ptII/ptolemy/domains/de/test/auto/DepthTest4.xml
2 ms. Memory: 318464K Free: 142783K (45%)
----------------- Invoking toplevel() on ptolemy.moml.MoMLSimpleApplication@76972e84
----------------- Done invoking toplevel() on ptolemy.moml.MoMLSimpleApplication@76972e84
reloadAllAccessors: .DepthTest4
----------------- testing Wed May 23 16:44:19 UTC 2018 /home/travis/build/icyphy/ptII/ptolemy/domains/de/test/auto/DepthTest5.xml
----------------- Instantiating /home/travis/build/icyphy/ptII/ptolemy/domains/de/test/auto/DepthTest5.xml
1 ms. Memory: 318464K Free: 130945K (41%)
----------------- Invoking toplevel() on ptolemy.moml.MoMLSimpleApplication@1a90b77f
----------------- Done invoking toplevel() on ptolemy.moml.MoMLSimpleApplication@1a90b77f
reloadAllAccessors: .DepthTest5
----------------- testing Wed May 23 16:44:19 UTC 2018 /home/travis/build/icyphy/ptII/ptolemy/domains/de/test/auto/DepthTest6.xml
----------------- Instantiating /home/travis/build/icyphy/ptII/ptolemy/domains/de/test/auto/DepthTest6.xml
1 ms. Memory: 318464K Free: 121451K (38%)
----------------- Invoking toplevel() on ptolemy.moml.MoMLSimpleApplication@59be5d11
----------------- Done invoking toplevel() on ptolemy.moml.MoMLSimpleApplication@59be5d11
reloadAllAccessors: .DepthTest6
----------------- testing Wed May 23 16:44:19 UTC 2018 /home/travis/build/icyphy/ptII/ptolemy/domains/de/test/auto/DepthTest7.xml
----------------- Instantiating /home/travis/build/icyphy/ptII/ptolemy/domains/de/test/auto/DepthTest7.xml
2 ms. Memory: 318464K Free: 114354K (36%)
----------------- Invoking toplevel() on ptolemy.moml.MoMLSimpleApplication@23fd49a6
----------------- Done invoking toplevel() on ptolemy.moml.MoMLSimpleApplication@23fd49a6
reloadAllAccessors: .DepthTest7
----------------- testing Wed May 23 16:44:19 UTC 2018 /home/travis/build/icyphy/ptII/ptolemy/domains/de/test/auto/EventToDate.xml
----------------- Instantiating /home/travis/build/icyphy/ptII/ptolemy/domains/de/test/auto/EventToDate.xml
3004 ms. Memory: 318464K Free: 95382K (30%)
----------------- Invoking toplevel() on ptolemy.moml.MoMLSimpleApplication@2e1e5a27
----------------- Done invoking toplevel() on ptolemy.moml.MoMLSimpleApplication@2e1e5a27
reloadAllAccessors: .EventToDate
----------------- testing Wed May 23 16:44:22 UTC 2018 /home/travis/build/icyphy/ptII/ptolemy/domains/de/test/auto/FSM1.xml
----------------- Instantiating /home/travis/build/icyphy/ptII/ptolemy/domains/de/test/auto/FSM1.xml
8 ms. Memory: 318464K Free: 78776K (25%)
----------------- Invoking toplevel() on ptolemy.moml.MoMLSimpleApplication@5fc04cfe
----------------- Done invoking toplevel() on ptolemy.moml.MoMLSimpleApplication@5fc04cfe
reloadAllAccessors: .FSM1
----------------- testing Wed May 23 16:44:22 UTC 2018 /home/travis/build/icyphy/ptII/ptolemy/domains/de/test/auto/FSM7.xml
----------------- Instantiating /home/travis/build/icyphy/ptII/ptolemy/domains/de/test/auto/FSM7.xml
18 ms. Memory: 307712K Free: 286630K (93%)
----------------- Invoking toplevel() on ptolemy.moml.MoMLSimpleApplication@2d020c30
----------------- Done invoking toplevel() on ptolemy.moml.MoMLSimpleApplication@2d020c30
reloadAllAccessors: .FSM7
----------------- testing Wed May 23 16:44:22 UTC 2018 /home/travis/build/icyphy/ptII/ptolemy/domains/de/test/auto/Inspection.xml
----------------- Instantiating /home/travis/build/icyphy/ptII/ptolemy/domains/de/test/auto/Inspection.xml
15 ms. Memory: 307712K Free: 269225K (87%)
----------------- Invoking toplevel() on ptolemy.moml.MoMLSimpleApplication@2f74b2bd
----------------- Done invoking toplevel() on ptolemy.moml.MoMLSimpleApplication@2f74b2bd
reloadAllAccessors: .Inspection
----------------- testing Wed May 23 16:44:22 UTC 2018 /home/travis/build/icyphy/ptII/ptolemy/domains/de/test/auto/Iteration.xml
----------------- Instantiating /home/travis/build/icyphy/ptII/ptolemy/domains/de/test/auto/Iteration.xml
8 ms. Memory: 307712K Free: 260156K (85%)
----------------- Invoking toplevel() on ptolemy.moml.MoMLSimpleApplication@44f1c4a0
----------------- Done invoking toplevel() on ptolemy.moml.MoMLSimpleApplication@44f1c4a0
reloadAllAccessors: .Iteration
----------------- testing Wed May 23 16:44:22 UTC 2018 /home/travis/build/icyphy/ptII/ptolemy/domains/de/test/auto/LineFault.xml
----------------- Instantiating /home/travis/build/icyphy/ptII/ptolemy/domains/de/test/auto/LineFault.xml
383 ms. Memory: 307712K Free: 140028K (46%)
----------------- Invoking toplevel() on ptolemy.moml.MoMLSimpleApplication@34e3f660
----------------- Done invoking toplevel() on ptolemy.moml.MoMLSimpleApplication@34e3f660
reloadAllAccessors: .LineFault
----------------- testing Wed May 23 16:44:23 UTC 2018 /home/travis/build/icyphy/ptII/ptolemy/domains/de/test/auto/MergeModel1Add.xml
----------------- Instantiating /home/travis/build/icyphy/ptII/ptolemy/domains/de/test/auto/MergeModel1Add.xml
5 ms. Memory: 307712K Free: 118049K (38%)
----------------- Invoking toplevel() on ptolemy.moml.MoMLSimpleApplication@2c88059f
----------------- Done invoking toplevel() on ptolemy.moml.MoMLSimpleApplication@2c88059f
reloadAllAccessors: .MergeModel1Add
----------------- testing Wed May 23 16:44:23 UTC 2018 /home/travis/build/icyphy/ptII/ptolemy/domains/de/test/auto/MergeModel2Add.xml
----------------- Instantiating /home/travis/build/icyphy/ptII/ptolemy/domains/de/test/auto/MergeModel2Add.xml
5 ms. Memory: 307712K Free: 97641K (32%)
----------------- Invoking toplevel() on ptolemy.moml.MoMLSimpleApplication@105fdd03
----------------- Done invoking toplevel() on ptolemy.moml.MoMLSimpleApplication@105fdd03
reloadAllAccessors: .MergeModel2Add
----------------- testing Wed May 23 16:44:23 UTC 2018 /home/travis/build/icyphy/ptII/ptolemy/domains/de/test/auto/MergeModel3Add.xml
----------------- Instantiating /home/travis/build/icyphy/ptII/ptolemy/domains/de/test/auto/MergeModel3Add.xml
5 ms. Memory: 307712K Free: 77233K (25%)
----------------- Invoking toplevel() on ptolemy.moml.MoMLSimpleApplication@72972bd4
----------------- Done invoking toplevel() on ptolemy.moml.MoMLSimpleApplication@72972bd4
reloadAllAccessors: .MergeModel3Add
----------------- testing Wed May 23 16:44:23 UTC 2018 /home/travis/build/icyphy/ptII/ptolemy/domains/de/test/auto/MergeWithoutDiscard.xml
----------------- Instantiating /home/travis/build/icyphy/ptII/ptolemy/domains/de/test/auto/MergeWithoutDiscard.xml
1 ms. Memory: 298496K Free: 286772K (96%)
----------------- Invoking toplevel() on ptolemy.moml.MoMLSimpleApplication@25391ee5
----------------- Done invoking toplevel() on ptolemy.moml.MoMLSimpleApplication@25391ee5
reloadAllAccessors: .MergeWithoutDiscard
----------------- testing Wed May 23 16:44:23 UTC 2018 /home/travis/build/icyphy/ptII/ptolemy/domains/de/test/auto/Modal1.xml
----------------- Instantiating /home/travis/build/icyphy/ptII/ptolemy/domains/de/test/auto/Modal1.xml
6 ms. Memory: 298496K Free: 270595K (91%)
----------------- Invoking toplevel() on ptolemy.moml.MoMLSimpleApplication@8d58866
----------------- Done invoking toplevel() on ptolemy.moml.MoMLSimpleApplication@8d58866
reloadAllAccessors: .Modal1
----------------- testing Wed May 23 16:44:23 UTC 2018 /home/travis/build/icyphy/ptII/ptolemy/domains/de/test/auto/Modal2.xml
----------------- Instantiating /home/travis/build/icyphy/ptII/ptolemy/domains/de/test/auto/Modal2.xml
6 ms. Memory: 298496K Free: 255395K (86%)
----------------- Invoking toplevel() on ptolemy.moml.MoMLSimpleApplication@52b56411
----------------- Done invoking toplevel() on ptolemy.moml.MoMLSimpleApplication@52b56411
reloadAllAccessors: .Modal2
----------------- testing Wed May 23 16:44:23 UTC 2018 /home/travis/build/icyphy/ptII/ptolemy/domains/de/test/auto/Modal3.xml
----------------- Instantiating /home/travis/build/icyphy/ptII/ptolemy/domains/de/test/auto/Modal3.xml
6 ms. Memory: 298496K Free: 239235K (80%)
----------------- Invoking toplevel() on ptolemy.moml.MoMLSimpleApplication@5088a6b9
----------------- Done invoking toplevel() on ptolemy.moml.MoMLSimpleApplication@5088a6b9
reloadAllAccessors: .Modal3
----------------- testing Wed May 23 16:44:23 UTC 2018 /home/travis/build/icyphy/ptII/ptolemy/domains/de/test/auto/Modal4.xml
----------------- Instantiating /home/travis/build/icyphy/ptII/ptolemy/domains/de/test/auto/Modal4.xml
7 ms. Memory: 298496K Free: 223050K (75%)
----------------- Invoking toplevel() on ptolemy.moml.MoMLSimpleApplication@65a92b1e
----------------- Done invoking toplevel() on ptolemy.moml.MoMLSimpleApplication@65a92b1e
reloadAllAccessors: .Modal4
----------------- testing Wed May 23 16:44:23 UTC 2018 /home/travis/build/icyphy/ptII/ptolemy/domains/de/test/auto/Modal5.xml
----------------- Instantiating /home/travis/build/icyphy/ptII/ptolemy/domains/de/test/auto/Modal5.xml
7 ms. Memory: 298496K Free: 207842K (70%)
----------------- Invoking toplevel() on ptolemy.moml.MoMLSimpleApplication@3d59e412
----------------- Done invoking toplevel() on ptolemy.moml.MoMLSimpleApplication@3d59e412
reloadAllAccessors: .Modal5
----------------- testing Wed May 23 16:44:23 UTC 2018 /home/travis/build/icyphy/ptII/ptolemy/domains/de/test/auto/Modal6.xml
----------------- Instantiating /home/travis/build/icyphy/ptII/ptolemy/domains/de/test/auto/Modal6.xml
7 ms. Memory: 298496K Free: 191642K (64%)
----------------- Invoking toplevel() on ptolemy.moml.MoMLSimpleApplication@604499bf
----------------- Done invoking toplevel() on ptolemy.moml.MoMLSimpleApplication@604499bf
reloadAllAccessors: .Modal6
----------------- testing Wed May 23 16:44:23 UTC 2018 /home/travis/build/icyphy/ptII/ptolemy/domains/de/test/auto/Modal7.xml
----------------- Instantiating /home/travis/build/icyphy/ptII/ptolemy/domains/de/test/auto/Modal7.xml
6 ms. Memory: 298496K Free: 174291K (58%)
----------------- Invoking toplevel() on ptolemy.moml.MoMLSimpleApplication@74c55ccc
----------------- Done invoking toplevel() on ptolemy.moml.MoMLSimpleApplication@74c55ccc
reloadAllAccessors: .Modal7
----------------- testing Wed May 23 16:44:23 UTC 2018 /home/travis/build/icyphy/ptII/ptolemy/domains/de/test/auto/ModalModel.xml
----------------- Instantiating /home/travis/build/icyphy/ptII/ptolemy/domains/de/test/auto/ModalModel.xml
92 ms. Memory: 298496K Free: 101589K (34%)
----------------- Invoking toplevel() on ptolemy.moml.MoMLSimpleApplication@6a14978b
----------------- Done invoking toplevel() on ptolemy.moml.MoMLSimpleApplication@6a14978b
reloadAllAccessors: .ModalModel
----------------- testing Wed May 23 16:44:23 UTC 2018 /home/travis/build/icyphy/ptII/ptolemy/domains/de/test/auto/ModalSource.xml
----------------- Instantiating /home/travis/build/icyphy/ptII/ptolemy/domains/de/test/auto/ModalSource.xml
4 ms. Memory: 298496K Free: 92925K (31%)
----------------- Invoking toplevel() on ptolemy.moml.MoMLSimpleApplication@67e25230
----------------- Done invoking toplevel() on ptolemy.moml.MoMLSimpleApplication@67e25230
reloadAllAccessors: .ModalSource
----------------- testing Wed May 23 16:44:23 UTC 2018 /home/travis/build/icyphy/ptII/ptolemy/domains/de/test/auto/NonInterruptibleTimerZeroDelay.xml
----------------- Instantiating /home/travis/build/icyphy/ptII/ptolemy/domains/de/test/auto/NonInterruptibleTimerZeroDelay.xml
1 ms. Memory: 298496K Free: 85449K (29%)
----------------- Invoking toplevel() on ptolemy.moml.MoMLSimpleApplication@75904844
----------------- Done invoking toplevel() on ptolemy.moml.MoMLSimpleApplication@75904844
reloadAllAccessors: .NonInterruptibleTimerZeroDelay
----------------- testing Wed May 23 16:44:23 UTC 2018 /home/travis/build/icyphy/ptII/ptolemy/domains/de/test/auto/OpenQueueingNetwork.xml
----------------- Instantiating /home/travis/build/icyphy/ptII/ptolemy/domains/de/test/auto/OpenQueueingNetwork.xml
2028 ms. Memory: 264704K Free: 238775K (90%)
----------------- Invoking toplevel() on ptolemy.moml.MoMLSimpleApplication@11838b3
----------------- Done invoking toplevel() on ptolemy.moml.MoMLSimpleApplication@11838b3
reloadAllAccessors: .OpenQueueingNetwork
----------------- testing Wed May 23 16:44:25 UTC 2018 /home/travis/build/icyphy/ptII/ptolemy/domains/de/test/auto/OpenQueuingNetwork.xml
----------------- Instantiating /home/travis/build/icyphy/ptII/ptolemy/domains/de/test/auto/OpenQueuingNetwork.xml
218 ms. Memory: 264704K Free: 146183K (55%)
----------------- Invoking toplevel() on ptolemy.moml.MoMLSimpleApplication@364f6bb2
----------------- Done invoking toplevel() on ptolemy.moml.MoMLSimpleApplication@364f6bb2
reloadAllAccessors: .OpenQueuingNetwork
----------------- testing Wed May 23 16:44:25 UTC 2018 /home/travis/build/icyphy/ptII/ptolemy/domains/de/test/auto/PeriodicSampler.xml
----------------- Instantiating /home/travis/build/icyphy/ptII/ptolemy/domains/de/test/auto/PeriodicSampler.xml
1 ms. Memory: 264704K Free: 138328K (52%)
----------------- Invoking toplevel() on ptolemy.moml.MoMLSimpleApplication@396b730f
----------------- Done invoking toplevel() on ptolemy.moml.MoMLSimpleApplication@396b730f
reloadAllAccessors: .PeriodicSampler
----------------- testing Wed May 23 16:44:25 UTC 2018 /home/travis/build/icyphy/ptII/ptolemy/domains/de/test/auto/PersistentIO.xml
----------------- Instantiating /home/travis/build/icyphy/ptII/ptolemy/domains/de/test/auto/PersistentIO.xml
3 ms. Memory: 264704K Free: 123150K (47%)
----------------- Invoking toplevel() on ptolemy.moml.MoMLSimpleApplication@f3e14e0
----------------- Done invoking toplevel() on ptolemy.moml.MoMLSimpleApplication@f3e14e0
reloadAllAccessors: .PersistentIO
----------------- testing Wed May 23 16:44:25 UTC 2018 /home/travis/build/icyphy/ptII/ptolemy/domains/de/test/auto/PortParameterResetOnInitialize.xml
----------------- Instantiating /home/travis/build/icyphy/ptII/ptolemy/domains/de/test/auto/PortParameterResetOnInitialize.xml
1 ms. Memory: 264704K Free: 115295K (44%)
----------------- Invoking toplevel() on ptolemy.moml.MoMLSimpleApplication@68be41c6
----------------- Done invoking toplevel() on ptolemy.moml.MoMLSimpleApplication@68be41c6
reloadAllAccessors: .PortParameterResetOnInitialize
----------------- testing Wed May 23 16:44:25 UTC 2018 /home/travis/build/icyphy/ptII/ptolemy/domains/de/test/auto/PortParameterUpdates.xml
----------------- Instantiating /home/travis/build/icyphy/ptII/ptolemy/domains/de/test/auto/PortParameterUpdates.xml
2 ms. Memory: 264704K Free: 103778K (39%)
----------------- Invoking toplevel() on ptolemy.moml.MoMLSimpleApplication@2b14cefc
----------------- Done invoking toplevel() on ptolemy.moml.MoMLSimpleApplication@2b14cefc
reloadAllAccessors: .PortParameterUpdates
----------------- testing Wed May 23 16:44:25 UTC 2018 /home/travis/build/icyphy/ptII/ptolemy/domains/de/test/auto/QueueAndServer.xml
----------------- Instantiating /home/travis/build/icyphy/ptII/ptolemy/domains/de/test/auto/QueueAndServer.xml
4 ms. Memory: 264704K Free: 92267K (35%)
----------------- Invoking toplevel() on ptolemy.moml.MoMLSimpleApplication@7adca0b8
----------------- Done invoking toplevel() on ptolemy.moml.MoMLSimpleApplication@7adca0b8
reloadAllAccessors: .QueueAndServer
----------------- testing Wed May 23 16:44:26 UTC 2018 /home/travis/build/icyphy/ptII/ptolemy/domains/de/test/auto/Records.xml
----------------- Instantiating /home/travis/build/icyphy/ptII/ptolemy/domains/de/test/auto/Records.xml
3 ms. Memory: 264704K Free: 80767K (31%)
----------------- Invoking toplevel() on ptolemy.moml.MoMLSimpleApplication@4b33d86a
----------------- Done invoking toplevel() on ptolemy.moml.MoMLSimpleApplication@4b33d86a
reloadAllAccessors: .Records
----------------- testing Wed May 23 16:44:26 UTC 2018 /home/travis/build/icyphy/ptII/ptolemy/domains/de/test/auto/ResetTransitionWithStartTime1.xml
----------------- Instantiating /home/travis/build/icyphy/ptII/ptolemy/domains/de/test/auto/ResetTransitionWithStartTime1.xml
6 ms. Memory: 256512K Free: 243720K (95%)
----------------- Invoking toplevel() on ptolemy.moml.MoMLSimpleApplication@1393ec66
----------------- Done invoking toplevel() on ptolemy.moml.MoMLSimpleApplication@1393ec66
reloadAllAccessors: .ResetTransitionWithStartTime1
----------------- testing Wed May 23 16:44:26 UTC 2018 /home/travis/build/icyphy/ptII/ptolemy/domains/de/test/auto/ResetTransitionWithStartTime2.xml
----------------- Instantiating /home/travis/build/icyphy/ptII/ptolemy/domains/de/test/auto/ResetTransitionWithStartTime2.xml
6 ms. Memory: 256512K Free: 232457K (91%)
----------------- Invoking toplevel() on ptolemy.moml.MoMLSimpleApplication@1fd2c52e
----------------- Done invoking toplevel() on ptolemy.moml.MoMLSimpleApplication@1fd2c52e
reloadAllAccessors: .ResetTransitionWithStartTime2
----------------- testing Wed May 23 16:44:26 UTC 2018 /home/travis/build/icyphy/ptII/ptolemy/domains/de/test/auto/ResetTransitionWithStartTime3.xml
----------------- Instantiating /home/travis/build/icyphy/ptII/ptolemy/domains/de/test/auto/ResetTransitionWithStartTime3.xml
4 ms. Memory: 256512K Free: 221587K (86%)
----------------- Invoking toplevel() on ptolemy.moml.MoMLSimpleApplication@7cc5b095
----------------- Done invoking toplevel() on ptolemy.moml.MoMLSimpleApplication@7cc5b095
reloadAllAccessors: .ResetTransitionWithStartTime3
----------------- testing Wed May 23 16:44:26 UTC 2018 /home/travis/build/icyphy/ptII/ptolemy/domains/de/test/auto/ResetTransitionWithStartTime4.xml
----------------- Instantiating /home/travis/build/icyphy/ptII/ptolemy/domains/de/test/auto/ResetTransitionWithStartTime4.xml
3 ms. Memory: 256512K Free: 212070K (83%)
----------------- Invoking toplevel() on ptolemy.moml.MoMLSimpleApplication@59cc1c16
----------------- Done invoking toplevel() on ptolemy.moml.MoMLSimpleApplication@59cc1c16
reloadAllAccessors: .ResetTransitionWithStartTime4
----------------- testing Wed May 23 16:44:26 UTC 2018 /home/travis/build/icyphy/ptII/ptolemy/domains/de/test/auto/ResettableTimer1.xml
----------------- Instantiating /home/travis/build/icyphy/ptII/ptolemy/domains/de/test/auto/ResettableTimer1.xml
2 ms. Memory: 256512K Free: 206438K (80%)
----------------- Invoking toplevel() on ptolemy.moml.MoMLSimpleApplication@4440830a
----------------- Done invoking toplevel() on ptolemy.moml.MoMLSimpleApplication@4440830a
reloadAllAccessors: .ResettableTimer1
----------------- testing Wed May 23 16:44:26 UTC 2018 /home/travis/build/icyphy/ptII/ptolemy/domains/de/test/auto/ResettableTimer2.xml
----------------- Instantiating /home/travis/build/icyphy/ptII/ptolemy/domains/de/test/auto/ResettableTimer2.xml
2 ms. Memory: 256512K Free: 200806K (78%)
----------------- Invoking toplevel() on ptolemy.moml.MoMLSimpleApplication@a5ab86c
----------------- Done invoking toplevel() on ptolemy.moml.MoMLSimpleApplication@a5ab86c
reloadAllAccessors: .ResettableTimer2
----------------- testing Wed May 23 16:44:26 UTC 2018 /home/travis/build/icyphy/ptII/ptolemy/domains/de/test/auto/ResettableTimer3.xml
----------------- Instantiating /home/travis/build/icyphy/ptII/ptolemy/domains/de/test/auto/ResettableTimer3.xml
1 ms. Memory: 256512K Free: 194797K (76%)
----------------- Invoking toplevel() on ptolemy.moml.MoMLSimpleApplication@23cb879b
----------------- Done invoking toplevel() on ptolemy.moml.MoMLSimpleApplication@23cb879b
reloadAllAccessors: .ResettableTimer3
----------------- testing Wed May 23 16:44:26 UTC 2018 /home/travis/build/icyphy/ptII/ptolemy/domains/de/test/auto/ResettableTimer4.xml
----------------- Instantiating /home/travis/build/icyphy/ptII/ptolemy/domains/de/test/auto/ResettableTimer4.xml
1 ms. Memory: 256512K Free: 189165K (74%)
----------------- Invoking toplevel() on ptolemy.moml.MoMLSimpleApplication@559e3ae2
----------------- Done invoking toplevel() on ptolemy.moml.MoMLSimpleApplication@559e3ae2
reloadAllAccessors: .ResettableTimer4
----------------- testing Wed May 23 16:44:26 UTC 2018 /home/travis/build/icyphy/ptII/ptolemy/domains/de/test/auto/ResettableTimer5.xml
----------------- Instantiating /home/travis/build/icyphy/ptII/ptolemy/domains/de/test/auto/ResettableTimer5.xml
1 ms. Memory: 256512K Free: 181788K (71%)
----------------- Invoking toplevel() on ptolemy.moml.MoMLSimpleApplication@27d9ab9e
----------------- Done invoking toplevel() on ptolemy.moml.MoMLSimpleApplication@27d9ab9e
reloadAllAccessors: .ResettableTimer5
----------------- testing Wed May 23 16:44:26 UTC 2018 /home/travis/build/icyphy/ptII/ptolemy/domains/de/test/auto/ResettableTimer6.xml
----------------- Instantiating /home/travis/build/icyphy/ptII/ptolemy/domains/de/test/auto/ResettableTimer6.xml
4 ms. Memory: 256512K Free: 174030K (68%)
----------------- Invoking toplevel() on ptolemy.moml.MoMLSimpleApplication@14b1c5aa
----------------- Done invoking toplevel() on ptolemy.moml.MoMLSimpleApplication@14b1c5aa
reloadAllAccessors: .ResettableTimer6
----------------- testing Wed May 23 16:44:26 UTC 2018 /home/travis/build/icyphy/ptII/ptolemy/domains/de/test/auto/ServerZeroDelay.xml
----------------- Instantiating /home/travis/build/icyphy/ptII/ptolemy/domains/de/test/auto/ServerZeroDelay.xml
2 ms. Memory: 256512K Free: 168406K (66%)
----------------- Invoking toplevel() on ptolemy.moml.MoMLSimpleApplication@54440f8c
----------------- Done invoking toplevel() on ptolemy.moml.MoMLSimpleApplication@54440f8c
reloadAllAccessors: .ServerZeroDelay
----------------- testing Wed May 23 16:44:26 UTC 2018 /home/travis/build/icyphy/ptII/ptolemy/domains/de/test/auto/SmartSender.xml
----------------- Instantiating /home/travis/build/icyphy/ptII/ptolemy/domains/de/test/auto/SmartSender.xml
3002 ms. Memory: 256512K Free: 162397K (63%)
----------------- Invoking toplevel() on ptolemy.moml.MoMLSimpleApplication@9797390
----------------- Done invoking toplevel() on ptolemy.moml.MoMLSimpleApplication@9797390
reloadAllAccessors: .SmartSender
----------------- testing Wed May 23 16:44:29 UTC 2018 /home/travis/build/icyphy/ptII/ptolemy/domains/de/test/auto/ThreadedComposite.xml
----------------- Instantiating /home/travis/build/icyphy/ptII/ptolemy/domains/de/test/auto/ThreadedComposite.xml
90 ms. Memory: 256512K Free: 137535K (54%)
----------------- Invoking toplevel() on ptolemy.moml.MoMLSimpleApplication@51460bd0
----------------- Done invoking toplevel() on ptolemy.moml.MoMLSimpleApplication@51460bd0
reloadAllAccessors: .ThreadedComposite
----------------- testing Wed May 23 16:44:29 UTC 2018 /home/travis/build/icyphy/ptII/ptolemy/domains/de/test/auto/Time.xml
----------------- Instantiating /home/travis/build/icyphy/ptII/ptolemy/domains/de/test/auto/Time.xml
388 ms. Memory: 256512K Free: 83025K (32%)
----------------- Invoking toplevel() on ptolemy.moml.MoMLSimpleApplication@44d5181a
----------------- Done invoking toplevel() on ptolemy.moml.MoMLSimpleApplication@44d5181a
reloadAllAccessors: .Time
----------------- testing Wed May 23 16:44:29 UTC 2018 /home/travis/build/icyphy/ptII/ptolemy/domains/de/test/auto/TimeDelayZeroDelay.xml
----------------- Instantiating /home/travis/build/icyphy/ptII/ptolemy/domains/de/test/auto/TimeDelayZeroDelay.xml
4 ms. Memory: 256512K Free: 77016K (30%)
----------------- Invoking toplevel() on ptolemy.moml.MoMLSimpleApplication@bcfaa29
----------------- Done invoking toplevel() on ptolemy.moml.MoMLSimpleApplication@bcfaa29
reloadAllAccessors: .TimeDelayZeroDelay
----------------- testing Wed May 23 16:44:29 UTC 2018 /home/travis/build/icyphy/ptII/ptolemy/domains/de/test/auto/TimerZeroDelay.xml
----------------- Instantiating /home/travis/build/icyphy/ptII/ptolemy/domains/de/test/auto/TimerZeroDelay.xml
1 ms. Memory: 248832K Free: 238631K (96%)
----------------- Invoking toplevel() on ptolemy.moml.MoMLSimpleApplication@45c95a93
----------------- Done invoking toplevel() on ptolemy.moml.MoMLSimpleApplication@45c95a93
reloadAllAccessors: .TimerZeroDelay
----------------- testing Wed May 23 16:44:29 UTC 2018 /home/travis/build/icyphy/ptII/ptolemy/domains/de/test/auto/TimingParadox.xml
----------------- Instantiating /home/travis/build/icyphy/ptII/ptolemy/domains/de/test/auto/TimingParadox.xml
270 ms. Memory: 248832K Free: 169276K (68%)
----------------- Invoking toplevel() on ptolemy.moml.MoMLSimpleApplication@e2ed4f9
----------------- Done invoking toplevel() on ptolemy.moml.MoMLSimpleApplication@e2ed4f9
reloadAllAccessors: .TimingParadox
----------------- testing Wed May 23 16:44:30 UTC 2018 /home/travis/build/icyphy/ptII/ptolemy/domains/de/test/auto/TransferInputs.xml
----------------- Instantiating /home/travis/build/icyphy/ptII/ptolemy/domains/de/test/auto/TransferInputs.xml
2 ms. Memory: 248832K Free: 163679K (66%)
----------------- Invoking toplevel() on ptolemy.moml.MoMLSimpleApplication@3795b25c
----------------- Done invoking toplevel() on ptolemy.moml.MoMLSimpleApplication@3795b25c
reloadAllAccessors: .TransferInputs
----------------- testing Wed May 23 16:44:30 UTC 2018 /home/travis/build/icyphy/ptII/ptolemy/domains/de/test/auto/TransferOutputs2.xml
----------------- Instantiating /home/travis/build/icyphy/ptII/ptolemy/domains/de/test/auto/TransferOutputs2.xml
2 ms. Memory: 248832K Free: 154710K (62%)
----------------- Invoking toplevel() on ptolemy.moml.MoMLSimpleApplication@106b04cf
----------------- Done invoking toplevel() on ptolemy.moml.MoMLSimpleApplication@106b04cf
reloadAllAccessors: .TransferOutputs2
----------------- testing Wed May 23 16:44:30 UTC 2018 /home/travis/build/icyphy/ptII/ptolemy/domains/de/test/auto/Trilateration.xml
----------------- Instantiating /home/travis/build/icyphy/ptII/ptolemy/domains/de/test/auto/Trilateration.xml
11005 ms. Memory: 671744K Free: 301184K (45%)
----------------- Invoking toplevel() on ptolemy.moml.MoMLSimpleApplication@1cdc146e
----------------- Done invoking toplevel() on ptolemy.moml.MoMLSimpleApplication@1cdc146e
reloadAllAccessors: .Trilateration
----------------- testing Wed May 23 16:44:41 UTC 2018 /home/travis/build/icyphy/ptII/ptolemy/domains/de/test/auto/TwoSigmaDelta.xml
----------------- Instantiating /home/travis/build/icyphy/ptII/ptolemy/domains/de/test/auto/TwoSigmaDelta.xml
2008 ms. Memory: 641024K Free: 567261K (88%)
----------------- Invoking toplevel() on ptolemy.moml.MoMLSimpleApplication@6c2cb744
----------------- Done invoking toplevel() on ptolemy.moml.MoMLSimpleApplication@6c2cb744
reloadAllAccessors: .TwoSigmaDelta
----------------- testing Wed May 23 16:44:43 UTC 2018 /home/travis/build/icyphy/ptII/ptolemy/domains/de/test/auto/VariableDelay.xml
----------------- Instantiating /home/travis/build/icyphy/ptII/ptolemy/domains/de/test/auto/VariableDelay.xml
2 ms. Memory: 641024K Free: 549497K (86%)
----------------- Invoking toplevel() on ptolemy.moml.MoMLSimpleApplication@14f85412
----------------- Done invoking toplevel() on ptolemy.moml.MoMLSimpleApplication@14f85412
reloadAllAccessors: .VariableDelay
----------------- testing Wed May 23 16:44:43 UTC 2018 /home/travis/build/icyphy/ptII/ptolemy/domains/de/test/auto/VariableDelay2.xml
----------------- Instantiating /home/travis/build/icyphy/ptII/ptolemy/domains/de/test/auto/VariableDelay2.xml
2 ms. Memory: 641024K Free: 537875K (84%)
----------------- Invoking toplevel() on ptolemy.moml.MoMLSimpleApplication@4322ed6f
----------------- Done invoking toplevel() on ptolemy.moml.MoMLSimpleApplication@4322ed6f
reloadAllAccessors: .VariableDelay2
----------------- testing Wed May 23 16:44:43 UTC 2018 /home/travis/build/icyphy/ptII/ptolemy/domains/de/test/auto/VariableDelayZeroDelay.xml
----------------- Instantiating /home/travis/build/icyphy/ptII/ptolemy/domains/de/test/auto/VariableDelayZeroDelay.xml
3 ms. Memory: 641024K Free: 526254K (82%)
----------------- Invoking toplevel() on ptolemy.moml.MoMLSimpleApplication@410d5ce8
----------------- Done invoking toplevel() on ptolemy.moml.MoMLSimpleApplication@410d5ce8
reloadAllAccessors: .VariableDelayZeroDelay
----------------- testing Wed May 23 16:44:43 UTC 2018 /home/travis/build/icyphy/ptII/ptolemy/domains/de/test/auto/VariableDelayZeroDelay2.xml
----------------- Instantiating /home/travis/build/icyphy/ptII/ptolemy/domains/de/test/auto/VariableDelayZeroDelay2.xml
2 ms. Memory: 641024K Free: 514632K (80%)
----------------- Invoking toplevel() on ptolemy.moml.MoMLSimpleApplication@4a69de6
----------------- Done invoking toplevel() on ptolemy.moml.MoMLSimpleApplication@4a69de6
reloadAllAccessors: .VariableDelayZeroDelay2
----------------- testing Wed May 23 16:44:43 UTC 2018 /home/travis/build/icyphy/ptII/ptolemy/domains/de/test/auto/deInCt.xml
----------------- Instantiating /home/travis/build/icyphy/ptII/ptolemy/domains/de/test/auto/deInCt.xml
0
1
1
1
1
0
0
0
1
1
1
0
0
0
1
1
1
0
0
0
1
1
1
0
0
0
1
1
1
0
0
0
1
1
1
0
0
0
0
1
1
1
0
0
0
1
1
1
1
5 ms. Memory: 641024K Free: 502571K (78%)
----------------- Invoking toplevel() on ptolemy.moml.MoMLSimpleApplication@12da2978
----------------- Done invoking toplevel() on ptolemy.moml.MoMLSimpleApplication@12da2978
reloadAllAccessors: .deInCt
----------------- testing Wed May 23 16:44:43 UTC 2018 /home/travis/build/icyphy/ptII/ptolemy/domains/de/test/auto/deInCt2.xml
----------------- Instantiating /home/travis/build/icyphy/ptII/ptolemy/domains/de/test/auto/deInCt2.xml
0
1
1
1
0
0
1
1
1
0
0
1
1
1
0
0
1
1
1
0
0
1
1
1
0
0
1
1
1
0
0
1
1
1
0
0
1
1
1
0
0
0
10 ms. Memory: 641024K Free: 490947K (77%)
----------------- Invoking toplevel() on ptolemy.moml.MoMLSimpleApplication@fee1662
----------------- Done invoking toplevel() on ptolemy.moml.MoMLSimpleApplication@fee1662
reloadAllAccessors: .deInCt2
----------------- testing Wed May 23 16:44:43 UTC 2018 /home/travis/build/icyphy/ptII/ptolemy/domains/de/test/auto/dynamicCausalityInterface1.xml
----------------- Instantiating /home/travis/build/icyphy/ptII/ptolemy/domains/de/test/auto/dynamicCausalityInterface1.xml
1 ms. Memory: 641024K Free: 473727K (74%)
----------------- Invoking toplevel() on ptolemy.moml.MoMLSimpleApplication@7e926e34
----------------- Done invoking toplevel() on ptolemy.moml.MoMLSimpleApplication@7e926e34
reloadAllAccessors: .dynamicCausalityInterface1
----------------- testing Wed May 23 16:44:43 UTC 2018 /home/travis/build/icyphy/ptII/ptolemy/domains/de/test/auto/fsm_de_test.xml
----------------- Instantiating /home/travis/build/icyphy/ptII/ptolemy/domains/de/test/auto/fsm_de_test.xml
7 ms. Memory: 641024K Free: 456514K (71%)
----------------- Invoking toplevel() on ptolemy.moml.MoMLSimpleApplication@69836760
----------------- Done invoking toplevel() on ptolemy.moml.MoMLSimpleApplication@69836760
reloadAllAccessors: .fsm_de_test
----------------- testing Wed May 23 16:44:43 UTC 2018 /home/travis/build/icyphy/ptII/ptolemy/domains/de/test/auto/functionDependencyReconstruction.xml
----------------- Instantiating /home/travis/build/icyphy/ptII/ptolemy/domains/de/test/auto/functionDependencyReconstruction.xml
1 ms. Memory: 641024K Free: 433254K (68%)
----------------- Invoking toplevel() on ptolemy.moml.MoMLSimpleApplication@5907203b
----------------- Done invoking toplevel() on ptolemy.moml.MoMLSimpleApplication@5907203b
reloadAllAccessors: .functionDependencyReconstruction
----------------- testing Wed May 23 16:44:43 UTC 2018 /home/travis/build/icyphy/ptII/ptolemy/domains/de/test/auto/multirate.xml
----------------- Instantiating /home/travis/build/icyphy/ptII/ptolemy/domains/de/test/auto/multirate.xml
3 ms. Memory: 641024K Free: 421633K (66%)
----------------- Invoking toplevel() on ptolemy.moml.MoMLSimpleApplication@6c4f7a4f
----------------- Done invoking toplevel() on ptolemy.moml.MoMLSimpleApplication@6c4f7a4f
reloadAllAccessors: .multirate
----------------- testing Wed May 23 16:44:43 UTC 2018 /home/travis/build/icyphy/ptII/ptolemy/domains/de/test/auto/multirate2.xml
----------------- Instantiating /home/travis/build/icyphy/ptII/ptolemy/domains/de/test/auto/multirate2.xml
2 ms. Memory: 641024K Free: 410011K (64%)
----------------- Invoking toplevel() on ptolemy.moml.MoMLSimpleApplication@4f361de4
----------------- Done invoking toplevel() on ptolemy.moml.MoMLSimpleApplication@4f361de4
reloadAllAccessors: .multirate2
----------------- testing Wed May 23 16:44:44 UTC 2018 /home/travis/build/icyphy/ptII/ptolemy/domains/de/test/auto/realtime.xml
----------------- Instantiating /home/travis/build/icyphy/ptII/ptolemy/domains/de/test/auto/realtime.xml
10001 ms. Memory: 641024K Free: 398390K (62%)
----------------- Invoking toplevel() on ptolemy.moml.MoMLSimpleApplication@4fbfecc5
----------------- Done invoking toplevel() on ptolemy.moml.MoMLSimpleApplication@4fbfecc5
reloadAllAccessors: .realtime
----------------- testing Wed May 23 16:44:54 UTC 2018 /home/travis/build/icyphy/ptII/ptolemy/domains/de/test/auto/relationGroup.xml
----------------- Instantiating /home/travis/build/icyphy/ptII/ptolemy/domains/de/test/auto/relationGroup.xml
3 ms. Memory: 641024K Free: 386329K (60%)
----------------- Invoking toplevel() on ptolemy.moml.MoMLSimpleApplication@1b356c7b
----------------- Done invoking toplevel() on ptolemy.moml.MoMLSimpleApplication@1b356c7b
reloadAllAccessors: .relationGroup
----------------- testing Wed May 23 16:44:54 UTC 2018 /home/travis/build/icyphy/ptII/ptolemy/domains/de/test/auto/relationGroup2.xml
----------------- Instantiating /home/travis/build/icyphy/ptII/ptolemy/domains/de/test/auto/relationGroup2.xml
1 ms. Memory: 641024K Free: 374707K (58%)
----------------- Invoking toplevel() on ptolemy.moml.MoMLSimpleApplication@43547ea8
----------------- Done invoking toplevel() on ptolemy.moml.MoMLSimpleApplication@43547ea8
reloadAllAccessors: .relationGroup2
----------------- testing Wed May 23 16:44:54 UTC 2018 /home/travis/build/icyphy/ptII/ptolemy/domains/de/test/auto/sortWithOpaquePorts.xml
----------------- Instantiating /home/travis/build/icyphy/ptII/ptolemy/domains/de/test/auto/sortWithOpaquePorts.xml
1 ms. Memory: 641024K Free: 363086K (57%)
----------------- Invoking toplevel() on ptolemy.moml.MoMLSimpleApplication@5d1a6cc2
----------------- Done invoking toplevel() on ptolemy.moml.MoMLSimpleApplication@5d1a6cc2
reloadAllAccessors: .sortWithOpaquePorts
----------------- testing Wed May 23 16:44:54 UTC 2018 /home/travis/build/icyphy/ptII/ptolemy/domains/de/test/auto/transferInputsandOutputs.xml
----------------- Instantiating /home/travis/build/icyphy/ptII/ptolemy/domains/de/test/auto/transferInputsandOutputs.xml
2 ms. Memory: 641024K Free: 351464K (55%)
----------------- Invoking toplevel() on ptolemy.moml.MoMLSimpleApplication@54cebb44
----------------- Done invoking toplevel() on ptolemy.moml.MoMLSimpleApplication@54cebb44
reloadAllAccessors: .transferInputsandOutputs
----------------- testing Wed May 23 16:44:54 UTC 2018 /home/travis/build/icyphy/ptII/ptolemy/domains/de/test/auto/triggerType.xml
----------------- Instantiating /home/travis/build/icyphy/ptII/ptolemy/domains/de/test/auto/triggerType.xml
1 ms. Memory: 641024K Free: 339403K (53%)
----------------- Invoking toplevel() on ptolemy.moml.MoMLSimpleApplication@6192d87a
----------------- Done invoking toplevel() on ptolemy.moml.MoMLSimpleApplication@6192d87a
reloadAllAccessors: .triggerType
AutoTests.java: About to close Vertx.
AutoTests.java: Vertx closed.
]]></system-out>
  <system-err><![CDATA[java.lang.RuntimeException: Execution failed
	at ptolemy.moml.MoMLSimpleApplication$UnloadThread.run(MoMLSimpleApplication.java:402)
Caused by: ptolemy.kernel.util.IllegalActionException: Found a zero delay loop containing .dependencyLoop.original
  in .dependencyLoop and .dependencyLoop.original
	at ptolemy.actor.util.CausalityInterfaceForComposites._computeOutputPortDepth(CausalityInterfaceForComposites.java:759)
	at ptolemy.actor.util.CausalityInterfaceForComposites._computeInputDepth(CausalityInterfaceForComposites.java:696)
	at ptolemy.actor.util.CausalityInterfaceForComposites._computeOutputPortDepth(CausalityInterfaceForComposites.java:765)
	at ptolemy.actor.util.CausalityInterfaceForComposites._computeInputDepth(CausalityInterfaceForComposites.java:696)
	at ptolemy.actor.util.CausalityInterfaceForComposites._computeOutputPortDepth(CausalityInterfaceForComposites.java:765)
	at ptolemy.actor.util.CausalityInterfaceForComposites._computeInputDepth(CausalityInterfaceForComposites.java:696)
	at ptolemy.actor.util.CausalityInterfaceForComposites._computeActorDepth(CausalityInterfaceForComposites.java:532)
	at ptolemy.actor.util.CausalityInterfaceForComposites.checkForCycles(CausalityInterfaceForComposites.java:96)
	at ptolemy.domains.de.kernel.DEDirector.preinitialize(DEDirector.java:1337)
	at ptolemy.actor.CompositeActor.preinitialize(CompositeActor.java:1828)
	at ptolemy.actor.Manager.preinitializeAndResolveTypes(Manager.java:1040)
	at ptolemy.actor.Manager.initialize(Manager.java:710)
	at ptolemy.actor.Manager.execute(Manager.java:356)
	at ptolemy.actor.Manager.run(Manager.java:1263)
	at ptolemy.actor.Manager$PtolemyRunThread.run(Manager.java:1915)
java.lang.RuntimeException: Execution failed
	at ptolemy.moml.MoMLSimpleApplication$UnloadThread.run(MoMLSimpleApplication.java:402)
Caused by: ptolemy.kernel.util.IllegalActionException: Found a zero delay loop containing .dependencyLoop2.original
  in .dependencyLoop2 and .dependencyLoop2.original
	at ptolemy.actor.util.CausalityInterfaceForComposites._computeOutputPortDepth(CausalityInterfaceForComposites.java:759)
	at ptolemy.actor.util.CausalityInterfaceForComposites._computeInputDepth(CausalityInterfaceForComposites.java:696)
	at ptolemy.actor.util.CausalityInterfaceForComposites._computeOutputPortDepth(CausalityInterfaceForComposites.java:765)
	at ptolemy.actor.util.CausalityInterfaceForComposites._computeInputDepth(CausalityInterfaceForComposites.java:696)
	at ptolemy.actor.util.CausalityInterfaceForComposites._computeOutputPortDepth(CausalityInterfaceForComposites.java:765)
	at ptolemy.actor.util.CausalityInterfaceForComposites._computeInputDepth(CausalityInterfaceForComposites.java:696)
	at ptolemy.actor.util.CausalityInterfaceForComposites._computeActorDepth(CausalityInterfaceForComposites.java:532)
	at ptolemy.actor.util.CausalityInterfaceForComposites.checkForCycles(CausalityInterfaceForComposites.java:96)
	at ptolemy.domains.de.kernel.DEDirector.preinitialize(DEDirector.java:1337)
	at ptolemy.actor.CompositeActor.preinitialize(CompositeActor.java:1828)
	at ptolemy.actor.Manager.preinitializeAndResolveTypes(Manager.java:1040)
	at ptolemy.actor.Manager.initialize(Manager.java:710)
	at ptolemy.actor.Manager.execute(Manager.java:356)
	at ptolemy.actor.Manager.run(Manager.java:1263)
	at ptolemy.actor.Manager$PtolemyRunThread.run(Manager.java:1915)
java.lang.RuntimeException: Execution failed
	at ptolemy.moml.MoMLSimpleApplication$UnloadThread.run(MoMLSimpleApplication.java:402)
Caused by: ptolemy.kernel.util.IllegalActionException: Found a zero delay loop containing .dependencyLoop.original
  in .dependencyLoop and .dependencyLoop.original
	at ptolemy.actor.util.CausalityInterfaceForComposites._computeOutputPortDepth(CausalityInterfaceForComposites.java:759)
	at ptolemy.actor.util.CausalityInterfaceForComposites._computeInputDepth(CausalityInterfaceForComposites.java:696)
	at ptolemy.actor.util.CausalityInterfaceForComposites._computeOutputPortDepth(CausalityInterfaceForComposites.java:765)
	at ptolemy.actor.util.CausalityInterfaceForComposites._computeInputDepth(CausalityInterfaceForComposites.java:696)
	at ptolemy.actor.util.CausalityInterfaceForComposites._computeOutputPortDepth(CausalityInterfaceForComposites.java:765)
	at ptolemy.actor.util.CausalityInterfaceForComposites._computeInputDepth(CausalityInterfaceForComposites.java:696)
	at ptolemy.actor.util.CausalityInterfaceForComposites._computeActorDepth(CausalityInterfaceForComposites.java:532)
	at ptolemy.actor.util.CausalityInterfaceForComposites.checkForCycles(CausalityInterfaceForComposites.java:96)
	at ptolemy.domains.de.kernel.DEDirector.preinitialize(DEDirector.java:1337)
	at ptolemy.actor.CompositeActor.preinitialize(CompositeActor.java:1828)
	at ptolemy.actor.Manager.preinitializeAndResolveTypes(Manager.java:1040)
	at ptolemy.actor.Manager.initialize(Manager.java:710)
	at ptolemy.actor.Manager.execute(Manager.java:356)
	at ptolemy.actor.Manager.run(Manager.java:1263)
	at ptolemy.actor.Manager$PtolemyRunThread.run(Manager.java:1915)
java.lang.RuntimeException: Execution failed
	at ptolemy.moml.MoMLSimpleApplication$UnloadThread.run(MoMLSimpleApplication.java:402)
Caused by: ptolemy.kernel.util.IllegalActionException: Actor is not ready to fire.  Perhaps UpSample.prefire() returned false? Try debugging the actor by selecting "Listen to Actor".  Also, for SDF check moml for tokenConsumptionRate on input.
  in .DESDFClockTest.Play Bell.Copy1:SDF Director and .DESDFClockTest.Play Bell.UpSample
	at ptolemy.actor.sched.StaticSchedulingDirector.fire(StaticSchedulingDirector.java:227)
	at ptolemy.domains.sdf.kernel.SDFDirector.fire(SDFDirector.java:500)
	at ptolemy.actor.CompositeActor.fire(CompositeActor.java:455)
	at ptolemy.domains.de.kernel.DEDirector._fire(DEDirector.java:1948)
	at ptolemy.domains.de.kernel.DEDirector.fire(DEDirector.java:502)
	at ptolemy.actor.CompositeActor.fire(CompositeActor.java:455)
	at ptolemy.actor.Manager.iterate(Manager.java:851)
	at ptolemy.actor.Manager.execute(Manager.java:369)
	at ptolemy.actor.Manager.run(Manager.java:1263)
	at ptolemy.actor.Manager$PtolemyRunThread.run(Manager.java:1915)
java.lang.RuntimeException: Execution failed
	at ptolemy.moml.MoMLSimpleApplication$UnloadThread.run(MoMLSimpleApplication.java:402)
Caused by: ptolemy.kernel.util.IllegalActionException: Found a zero delay loop containing .dependencyLoop2.original
  in .dependencyLoop2 and .dependencyLoop2.original
	at ptolemy.actor.util.CausalityInterfaceForComposites._computeOutputPortDepth(CausalityInterfaceForComposites.java:759)
	at ptolemy.actor.util.CausalityInterfaceForComposites._computeInputDepth(CausalityInterfaceForComposites.java:696)
	at ptolemy.actor.util.CausalityInterfaceForComposites._computeOutputPortDepth(CausalityInterfaceForComposites.java:765)
	at ptolemy.actor.util.CausalityInterfaceForComposites._computeInputDepth(CausalityInterfaceForComposites.java:696)
	at ptolemy.actor.util.CausalityInterfaceForComposites._computeOutputPortDepth(CausalityInterfaceForComposites.java:765)
	at ptolemy.actor.util.CausalityInterfaceForComposites._computeInputDepth(CausalityInterfaceForComposites.java:696)
	at ptolemy.actor.util.CausalityInterfaceForComposites._computeActorDepth(CausalityInterfaceForComposites.java:532)
	at ptolemy.actor.util.CausalityInterfaceForComposites.checkForCycles(CausalityInterfaceForComposites.java:96)
	at ptolemy.domains.de.kernel.DEDirector.preinitialize(DEDirector.java:1337)
	at ptolemy.actor.CompositeActor.preinitialize(CompositeActor.java:1828)
	at ptolemy.actor.Manager.preinitializeAndResolveTypes(Manager.java:1040)
	at ptolemy.actor.Manager.initialize(Manager.java:710)
	at ptolemy.actor.Manager.execute(Manager.java:356)
	at ptolemy.actor.Manager.run(Manager.java:1263)
	at ptolemy.actor.Manager$PtolemyRunThread.run(Manager.java:1915)
java.lang.RuntimeException: Execution failed
	at ptolemy.moml.MoMLSimpleApplication$UnloadThread.run(MoMLSimpleApplication.java:402)
Caused by: ptolemy.kernel.util.IllegalActionException: Found a zero delay loop containing .HierarchicalModel.A
  in .HierarchicalModel and .HierarchicalModel.A
	at ptolemy.actor.util.CausalityInterfaceForComposites._computeOutputPortDepth(CausalityInterfaceForComposites.java:759)
	at ptolemy.actor.util.CausalityInterfaceForComposites._computeInputDepth(CausalityInterfaceForComposites.java:696)
	at ptolemy.actor.util.CausalityInterfaceForComposites._computeOutputPortDepth(CausalityInterfaceForComposites.java:765)
	at ptolemy.actor.util.CausalityInterfaceForComposites._computeInputDepth(CausalityInterfaceForComposites.java:696)
	at ptolemy.actor.util.CausalityInterfaceForComposites._computeOutputPortDepth(CausalityInterfaceForComposites.java:765)
	at ptolemy.actor.util.CausalityInterfaceForComposites._computeInputDepth(CausalityInterfaceForComposites.java:696)
	at ptolemy.actor.util.CausalityInterfaceForComposites._computeActorDepth(CausalityInterfaceForComposites.java:532)
	at ptolemy.actor.util.CausalityInterfaceForComposites.checkForCycles(CausalityInterfaceForComposites.java:96)
	at ptolemy.domains.de.kernel.DEDirector.preinitialize(DEDirector.java:1337)
	at ptolemy.actor.CompositeActor.preinitialize(CompositeActor.java:1828)
	at ptolemy.actor.Manager.preinitializeAndResolveTypes(Manager.java:1040)
	at ptolemy.actor.Manager.initialize(Manager.java:710)
	at ptolemy.actor.Manager.execute(Manager.java:356)
	at ptolemy.actor.Manager.run(Manager.java:1263)
	at ptolemy.actor.Manager$PtolemyRunThread.run(Manager.java:1915)
java.lang.RuntimeException: Execution failed
	at ptolemy.moml.MoMLSimpleApplication$UnloadThread.run(MoMLSimpleApplication.java:402)
Caused by: ptolemy.kernel.util.IllegalActionException: Test fails in iteration 1.
Value was: 1.0. Should have been: 2.0
  in .DirectFeedback.Test
	at ptolemy.actor.lib.Test.fire(Test.java:268)
	at ptolemy.domains.de.kernel.DEDirector._fire(DEDirector.java:1948)
	at ptolemy.domains.de.kernel.DEDirector.fire(DEDirector.java:502)
	at ptolemy.actor.CompositeActor.fire(CompositeActor.java:455)
	at ptolemy.actor.Manager.iterate(Manager.java:851)
	at ptolemy.actor.Manager.execute(Manager.java:369)
	at ptolemy.actor.Manager.run(Manager.java:1263)
	at ptolemy.actor.Manager$PtolemyRunThread.run(Manager.java:1915)
java.lang.RuntimeException: Execution failed
	at ptolemy.moml.MoMLSimpleApplication$UnloadThread.run(MoMLSimpleApplication.java:402)
Caused by: ptolemy.kernel.util.IllegalActionException: Actor is not ready to fire.  Perhaps UpSample.prefire() returned false? Try debugging the actor by selecting "Listen to Actor".  Also, for SDF check moml for tokenConsumptionRate on input.
  in .DESDFClockTest.Play Bell.Copy1:SDF Director and .DESDFClockTest.Play Bell.UpSample
	at ptolemy.actor.sched.StaticSchedulingDirector.fire(StaticSchedulingDirector.java:227)
	at ptolemy.domains.sdf.kernel.SDFDirector.fire(SDFDirector.java:500)
	at ptolemy.actor.CompositeActor.fire(CompositeActor.java:455)
	at ptolemy.domains.de.kernel.DEDirector._fire(DEDirector.java:1948)
	at ptolemy.domains.de.kernel.DEDirector.fire(DEDirector.java:502)
	at ptolemy.actor.CompositeActor.fire(CompositeActor.java:455)
	at ptolemy.actor.Manager.iterate(Manager.java:851)
	at ptolemy.actor.Manager.execute(Manager.java:369)
	at ptolemy.actor.Manager.run(Manager.java:1263)
	at ptolemy.actor.Manager$PtolemyRunThread.run(Manager.java:1915)
java.lang.reflect.InvocationTargetException
	at sun.reflect.NativeConstructorAccessorImpl.newInstance0(Native Method)
	at sun.reflect.NativeConstructorAccessorImpl.newInstance(NativeConstructorAccessorImpl.java:62)
	at sun.reflect.DelegatingConstructorAccessorImpl.newInstance(DelegatingConstructorAccessorImpl.java:45)
	at java.lang.reflect.Constructor.newInstance(Constructor.java:423)
	at ptolemy.util.test.junit.AutoKnownFailedTests.RunModel(AutoKnownFailedTests.java:107)
	at sun.reflect.NativeMethodAccessorImpl.invoke0(Native Method)
	at sun.reflect.NativeMethodAccessorImpl.invoke(NativeMethodAccessorImpl.java:62)
	at sun.reflect.DelegatingMethodAccessorImpl.invoke(DelegatingMethodAccessorImpl.java:43)
	at java.lang.reflect.Method.invoke(Method.java:498)
	at org.junit.runners.model.FrameworkMethod$1.runReflectiveCall(FrameworkMethod.java:44)
	at org.junit.internal.runners.model.ReflectiveCallable.run(ReflectiveCallable.java:15)
	at org.junit.runners.model.FrameworkMethod.invokeExplosively(FrameworkMethod.java:41)
	at junitparams.internal.InvokeParameterisedMethod.evaluate(InvokeParameterisedMethod.java:102)
	at org.junit.internal.runners.statements.FailOnTimeout$1.run(FailOnTimeout.java:28)
Caused by: ptolemy.kernel.util.IllegalActionException: Actor is not ready to fire.  Perhaps UpSample.prefire() returned false? Try debugging the actor by selecting "Listen to Actor".  Also, for SDF check moml for tokenConsumptionRate on input.
  in .DESDFClockTest.Play Bell.Copy1:SDF Director and .DESDFClockTest.Play Bell.UpSample
	at ptolemy.actor.sched.StaticSchedulingDirector.fire(StaticSchedulingDirector.java:227)
	at ptolemy.domains.sdf.kernel.SDFDirector.fire(SDFDirector.java:500)
	at ptolemy.actor.CompositeActor.fire(CompositeActor.java:455)
	at ptolemy.domains.de.kernel.DEDirector._fire(DEDirector.java:1948)
	at ptolemy.domains.de.kernel.DEDirector.fire(DEDirector.java:502)
	at ptolemy.actor.CompositeActor.fire(CompositeActor.java:455)
	at ptolemy.actor.Manager.iterate(Manager.java:851)
	at ptolemy.actor.Manager.execute(Manager.java:369)
	at ptolemy.actor.Manager.run(Manager.java:1263)
	at ptolemy.actor.Manager$PtolemyRunThread.run(Manager.java:1915)
java.lang.RuntimeException: Execution failed
	at ptolemy.moml.MoMLSimpleApplication$UnloadThread.run(MoMLSimpleApplication.java:402)
Caused by: ptolemy.kernel.util.IllegalActionException: Test fails in iteration 1.
Value was: 1.0. Should have been: 2.0
  in .DirectFeedback.Test
	at ptolemy.actor.lib.Test.fire(Test.java:268)
	at ptolemy.domains.de.kernel.DEDirector._fire(DEDirector.java:1948)
	at ptolemy.domains.de.kernel.DEDirector.fire(DEDirector.java:502)
	at ptolemy.actor.CompositeActor.fire(CompositeActor.java:455)
	at ptolemy.actor.Manager.iterate(Manager.java:851)
	at ptolemy.actor.Manager.execute(Manager.java:369)
	at ptolemy.actor.Manager.run(Manager.java:1263)
	at ptolemy.actor.Manager$PtolemyRunThread.run(Manager.java:1915)
java.lang.reflect.InvocationTargetException
	at sun.reflect.NativeConstructorAccessorImpl.newInstance0(Native Method)
	at sun.reflect.NativeConstructorAccessorImpl.newInstance(NativeConstructorAccessorImpl.java:62)
	at sun.reflect.DelegatingConstructorAccessorImpl.newInstance(DelegatingConstructorAccessorImpl.java:45)
	at java.lang.reflect.Constructor.newInstance(Constructor.java:423)
	at ptolemy.util.test.junit.AutoKnownFailedTests.RunModel(AutoKnownFailedTests.java:107)
	at sun.reflect.NativeMethodAccessorImpl.invoke0(Native Method)
	at sun.reflect.NativeMethodAccessorImpl.invoke(NativeMethodAccessorImpl.java:62)
	at sun.reflect.DelegatingMethodAccessorImpl.invoke(DelegatingMethodAccessorImpl.java:43)
	at java.lang.reflect.Method.invoke(Method.java:498)
	at org.junit.runners.model.FrameworkMethod$1.runReflectiveCall(FrameworkMethod.java:44)
	at org.junit.internal.runners.model.ReflectiveCallable.run(ReflectiveCallable.java:15)
	at org.junit.runners.model.FrameworkMethod.invokeExplosively(FrameworkMethod.java:41)
	at junitparams.internal.InvokeParameterisedMethod.evaluate(InvokeParameterisedMethod.java:102)
	at org.junit.internal.runners.statements.FailOnTimeout$1.run(FailOnTimeout.java:28)
Caused by: ptolemy.kernel.util.IllegalActionException: Test fails in iteration 1.
Value was: 1.0. Should have been: 2.0
  in .DirectFeedback.Test
	at ptolemy.actor.lib.Test.fire(Test.java:268)
	at ptolemy.domains.de.kernel.DEDirector._fire(DEDirector.java:1948)
	at ptolemy.domains.de.kernel.DEDirector.fire(DEDirector.java:502)
	at ptolemy.actor.CompositeActor.fire(CompositeActor.java:455)
	at ptolemy.actor.Manager.iterate(Manager.java:851)
	at ptolemy.actor.Manager.execute(Manager.java:369)
	at ptolemy.actor.Manager.run(Manager.java:1263)
	at ptolemy.actor.Manager$PtolemyRunThread.run(Manager.java:1915)
java.lang.RuntimeException: Execution failed
	at ptolemy.moml.MoMLSimpleApplication$UnloadThread.run(MoMLSimpleApplication.java:402)
Caused by: ptolemy.kernel.util.IllegalActionException: Found a zero delay loop containing .HierarchicalModel.A
  in .HierarchicalModel and .HierarchicalModel.A
	at ptolemy.actor.util.CausalityInterfaceForComposites._computeOutputPortDepth(CausalityInterfaceForComposites.java:759)
	at ptolemy.actor.util.CausalityInterfaceForComposites._computeInputDepth(CausalityInterfaceForComposites.java:696)
	at ptolemy.actor.util.CausalityInterfaceForComposites._computeOutputPortDepth(CausalityInterfaceForComposites.java:765)
	at ptolemy.actor.util.CausalityInterfaceForComposites._computeInputDepth(CausalityInterfaceForComposites.java:696)
	at ptolemy.actor.util.CausalityInterfaceForComposites._computeOutputPortDepth(CausalityInterfaceForComposites.java:765)
	at ptolemy.actor.util.CausalityInterfaceForComposites._computeInputDepth(CausalityInterfaceForComposites.java:696)
	at ptolemy.actor.util.CausalityInterfaceForComposites._computeActorDepth(CausalityInterfaceForComposites.java:532)
	at ptolemy.actor.util.CausalityInterfaceForComposites.checkForCycles(CausalityInterfaceForComposites.java:96)
	at ptolemy.domains.de.kernel.DEDirector.preinitialize(DEDirector.java:1337)
	at ptolemy.actor.CompositeActor.preinitialize(CompositeActor.java:1828)
	at ptolemy.actor.Manager.preinitializeAndResolveTypes(Manager.java:1040)
	at ptolemy.actor.Manager.initialize(Manager.java:710)
	at ptolemy.actor.Manager.execute(Manager.java:356)
	at ptolemy.actor.Manager.run(Manager.java:1263)
	at ptolemy.actor.Manager$PtolemyRunThread.run(Manager.java:1915)
java.lang.reflect.InvocationTargetException
	at sun.reflect.NativeConstructorAccessorImpl.newInstance0(Native Method)
	at sun.reflect.NativeConstructorAccessorImpl.newInstance(NativeConstructorAccessorImpl.java:62)
	at sun.reflect.DelegatingConstructorAccessorImpl.newInstance(DelegatingConstructorAccessorImpl.java:45)
	at java.lang.reflect.Constructor.newInstance(Constructor.java:423)
	at ptolemy.util.test.junit.AutoKnownFailedTests.RunModel(AutoKnownFailedTests.java:107)
	at sun.reflect.NativeMethodAccessorImpl.invoke0(Native Method)
	at sun.reflect.NativeMethodAccessorImpl.invoke(NativeMethodAccessorImpl.java:62)
	at sun.reflect.DelegatingMethodAccessorImpl.invoke(DelegatingMethodAccessorImpl.java:43)
	at java.lang.reflect.Method.invoke(Method.java:498)
	at org.junit.runners.model.FrameworkMethod$1.runReflectiveCall(FrameworkMethod.java:44)
	at org.junit.internal.runners.model.ReflectiveCallable.run(ReflectiveCallable.java:15)
	at org.junit.runners.model.FrameworkMethod.invokeExplosively(FrameworkMethod.java:41)
	at junitparams.internal.InvokeParameterisedMethod.evaluate(InvokeParameterisedMethod.java:102)
	at org.junit.internal.runners.statements.FailOnTimeout$1.run(FailOnTimeout.java:28)
Caused by: ptolemy.kernel.util.IllegalActionException: Found a zero delay loop containing .HierarchicalModel.A
  in .HierarchicalModel and .HierarchicalModel.A
	at ptolemy.actor.util.CausalityInterfaceForComposites._computeOutputPortDepth(CausalityInterfaceForComposites.java:759)
	at ptolemy.actor.util.CausalityInterfaceForComposites._computeInputDepth(CausalityInterfaceForComposites.java:696)
	at ptolemy.actor.util.CausalityInterfaceForComposites._computeOutputPortDepth(CausalityInterfaceForComposites.java:765)
	at ptolemy.actor.util.CausalityInterfaceForComposites._computeInputDepth(CausalityInterfaceForComposites.java:696)
	at ptolemy.actor.util.CausalityInterfaceForComposites._computeOutputPortDepth(CausalityInterfaceForComposites.java:765)
	at ptolemy.actor.util.CausalityInterfaceForComposites._computeInputDepth(CausalityInterfaceForComposites.java:696)
	at ptolemy.actor.util.CausalityInterfaceForComposites._computeActorDepth(CausalityInterfaceForComposites.java:532)
	at ptolemy.actor.util.CausalityInterfaceForComposites.checkForCycles(CausalityInterfaceForComposites.java:96)
	at ptolemy.domains.de.kernel.DEDirector.preinitialize(DEDirector.java:1337)
	at ptolemy.actor.CompositeActor.preinitialize(CompositeActor.java:1828)
	at ptolemy.actor.Manager.preinitializeAndResolveTypes(Manager.java:1040)
	at ptolemy.actor.Manager.initialize(Manager.java:710)
	at ptolemy.actor.Manager.execute(Manager.java:356)
	at ptolemy.actor.Manager.run(Manager.java:1263)
	at ptolemy.actor.Manager$PtolemyRunThread.run(Manager.java:1915)
java.lang.RuntimeException: Execution failed
	at ptolemy.moml.MoMLSimpleApplication$UnloadThread.run(MoMLSimpleApplication.java:402)
Caused by: ptolemy.kernel.util.IllegalActionException: Found a zero delay loop containing .dependencyLoop.original
  in .dependencyLoop and .dependencyLoop.original
	at ptolemy.actor.util.CausalityInterfaceForComposites._computeOutputPortDepth(CausalityInterfaceForComposites.java:759)
	at ptolemy.actor.util.CausalityInterfaceForComposites._computeInputDepth(CausalityInterfaceForComposites.java:696)
	at ptolemy.actor.util.CausalityInterfaceForComposites._computeOutputPortDepth(CausalityInterfaceForComposites.java:765)
	at ptolemy.actor.util.CausalityInterfaceForComposites._computeInputDepth(CausalityInterfaceForComposites.java:696)
	at ptolemy.actor.util.CausalityInterfaceForComposites._computeOutputPortDepth(CausalityInterfaceForComposites.java:765)
	at ptolemy.actor.util.CausalityInterfaceForComposites._computeInputDepth(CausalityInterfaceForComposites.java:696)
	at ptolemy.actor.util.CausalityInterfaceForComposites._computeActorDepth(CausalityInterfaceForComposites.java:532)
	at ptolemy.actor.util.CausalityInterfaceForComposites.checkForCycles(CausalityInterfaceForComposites.java:96)
	at ptolemy.domains.de.kernel.DEDirector.preinitialize(DEDirector.java:1337)
	at ptolemy.actor.CompositeActor.preinitialize(CompositeActor.java:1828)
	at ptolemy.actor.Manager.preinitializeAndResolveTypes(Manager.java:1040)
	at ptolemy.actor.Manager.initialize(Manager.java:710)
	at ptolemy.actor.Manager.execute(Manager.java:356)
	at ptolemy.actor.Manager.run(Manager.java:1263)
	at ptolemy.actor.Manager$PtolemyRunThread.run(Manager.java:1915)
java.lang.reflect.InvocationTargetException
	at sun.reflect.NativeConstructorAccessorImpl.newInstance0(Native Method)
	at sun.reflect.NativeConstructorAccessorImpl.newInstance(NativeConstructorAccessorImpl.java:62)
	at sun.reflect.DelegatingConstructorAccessorImpl.newInstance(DelegatingConstructorAccessorImpl.java:45)
	at java.lang.reflect.Constructor.newInstance(Constructor.java:423)
	at ptolemy.util.test.junit.AutoKnownFailedTests.RunModel(AutoKnownFailedTests.java:107)
	at sun.reflect.NativeMethodAccessorImpl.invoke0(Native Method)
	at sun.reflect.NativeMethodAccessorImpl.invoke(NativeMethodAccessorImpl.java:62)
	at sun.reflect.DelegatingMethodAccessorImpl.invoke(DelegatingMethodAccessorImpl.java:43)
	at java.lang.reflect.Method.invoke(Method.java:498)
	at org.junit.runners.model.FrameworkMethod$1.runReflectiveCall(FrameworkMethod.java:44)
	at org.junit.internal.runners.model.ReflectiveCallable.run(ReflectiveCallable.java:15)
	at org.junit.runners.model.FrameworkMethod.invokeExplosively(FrameworkMethod.java:41)
	at junitparams.internal.InvokeParameterisedMethod.evaluate(InvokeParameterisedMethod.java:102)
	at org.junit.internal.runners.statements.FailOnTimeout$1.run(FailOnTimeout.java:28)
Caused by: ptolemy.kernel.util.IllegalActionException: Found a zero delay loop containing .dependencyLoop.original
  in .dependencyLoop and .dependencyLoop.original
	at ptolemy.actor.util.CausalityInterfaceForComposites._computeOutputPortDepth(CausalityInterfaceForComposites.java:759)
	at ptolemy.actor.util.CausalityInterfaceForComposites._computeInputDepth(CausalityInterfaceForComposites.java:696)
	at ptolemy.actor.util.CausalityInterfaceForComposites._computeOutputPortDepth(CausalityInterfaceForComposites.java:765)
	at ptolemy.actor.util.CausalityInterfaceForComposites._computeInputDepth(CausalityInterfaceForComposites.java:696)
	at ptolemy.actor.util.CausalityInterfaceForComposites._computeOutputPortDepth(CausalityInterfaceForComposites.java:765)
	at ptolemy.actor.util.CausalityInterfaceForComposites._computeInputDepth(CausalityInterfaceForComposites.java:696)
	at ptolemy.actor.util.CausalityInterfaceForComposites._computeActorDepth(CausalityInterfaceForComposites.java:532)
	at ptolemy.actor.util.CausalityInterfaceForComposites.checkForCycles(CausalityInterfaceForComposites.java:96)
	at ptolemy.domains.de.kernel.DEDirector.preinitialize(DEDirector.java:1337)
	at ptolemy.actor.CompositeActor.preinitialize(CompositeActor.java:1828)
	at ptolemy.actor.Manager.preinitializeAndResolveTypes(Manager.java:1040)
	at ptolemy.actor.Manager.initialize(Manager.java:710)
	at ptolemy.actor.Manager.execute(Manager.java:356)
	at ptolemy.actor.Manager.run(Manager.java:1263)
	at ptolemy.actor.Manager$PtolemyRunThread.run(Manager.java:1915)
java.lang.RuntimeException: Execution failed
	at ptolemy.moml.MoMLSimpleApplication$UnloadThread.run(MoMLSimpleApplication.java:402)
Caused by: ptolemy.kernel.util.IllegalActionException: Found a zero delay loop containing .dependencyLoop2.original
  in .dependencyLoop2 and .dependencyLoop2.original
	at ptolemy.actor.util.CausalityInterfaceForComposites._computeOutputPortDepth(CausalityInterfaceForComposites.java:759)
	at ptolemy.actor.util.CausalityInterfaceForComposites._computeInputDepth(CausalityInterfaceForComposites.java:696)
	at ptolemy.actor.util.CausalityInterfaceForComposites._computeOutputPortDepth(CausalityInterfaceForComposites.java:765)
	at ptolemy.actor.util.CausalityInterfaceForComposites._computeInputDepth(CausalityInterfaceForComposites.java:696)
	at ptolemy.actor.util.CausalityInterfaceForComposites._computeOutputPortDepth(CausalityInterfaceForComposites.java:765)
	at ptolemy.actor.util.CausalityInterfaceForComposites._computeInputDepth(CausalityInterfaceForComposites.java:696)
	at ptolemy.actor.util.CausalityInterfaceForComposites._computeActorDepth(CausalityInterfaceForComposites.java:532)
	at ptolemy.actor.util.CausalityInterfaceForComposites.checkForCycles(CausalityInterfaceForComposites.java:96)
	at ptolemy.domains.de.kernel.DEDirector.preinitialize(DEDirector.java:1337)
	at ptolemy.actor.CompositeActor.preinitialize(CompositeActor.java:1828)
	at ptolemy.actor.Manager.preinitializeAndResolveTypes(Manager.java:1040)
	at ptolemy.actor.Manager.initialize(Manager.java:710)
	at ptolemy.actor.Manager.execute(Manager.java:356)
	at ptolemy.actor.Manager.run(Manager.java:1263)
	at ptolemy.actor.Manager$PtolemyRunThread.run(Manager.java:1915)
java.lang.reflect.InvocationTargetException
	at sun.reflect.NativeConstructorAccessorImpl.newInstance0(Native Method)
	at sun.reflect.NativeConstructorAccessorImpl.newInstance(NativeConstructorAccessorImpl.java:62)
	at sun.reflect.DelegatingConstructorAccessorImpl.newInstance(DelegatingConstructorAccessorImpl.java:45)
	at java.lang.reflect.Constructor.newInstance(Constructor.java:423)
	at ptolemy.util.test.junit.AutoKnownFailedTests.RunModel(AutoKnownFailedTests.java:107)
	at sun.reflect.NativeMethodAccessorImpl.invoke0(Native Method)
	at sun.reflect.NativeMethodAccessorImpl.invoke(NativeMethodAccessorImpl.java:62)
	at sun.reflect.DelegatingMethodAccessorImpl.invoke(DelegatingMethodAccessorImpl.java:43)
	at java.lang.reflect.Method.invoke(Method.java:498)
	at org.junit.runners.model.FrameworkMethod$1.runReflectiveCall(FrameworkMethod.java:44)
	at org.junit.internal.runners.model.ReflectiveCallable.run(ReflectiveCallable.java:15)
	at org.junit.runners.model.FrameworkMethod.invokeExplosively(FrameworkMethod.java:41)
	at junitparams.internal.InvokeParameterisedMethod.evaluate(InvokeParameterisedMethod.java:102)
	at org.junit.internal.runners.statements.FailOnTimeout$1.run(FailOnTimeout.java:28)
Caused by: ptolemy.kernel.util.IllegalActionException: Found a zero delay loop containing .dependencyLoop2.original
  in .dependencyLoop2 and .dependencyLoop2.original
	at ptolemy.actor.util.CausalityInterfaceForComposites._computeOutputPortDepth(CausalityInterfaceForComposites.java:759)
	at ptolemy.actor.util.CausalityInterfaceForComposites._computeInputDepth(CausalityInterfaceForComposites.java:696)
	at ptolemy.actor.util.CausalityInterfaceForComposites._computeOutputPortDepth(CausalityInterfaceForComposites.java:765)
	at ptolemy.actor.util.CausalityInterfaceForComposites._computeInputDepth(CausalityInterfaceForComposites.java:696)
	at ptolemy.actor.util.CausalityInterfaceForComposites._computeOutputPortDepth(CausalityInterfaceForComposites.java:765)
	at ptolemy.actor.util.CausalityInterfaceForComposites._computeInputDepth(CausalityInterfaceForComposites.java:696)
	at ptolemy.actor.util.CausalityInterfaceForComposites._computeActorDepth(CausalityInterfaceForComposites.java:532)
	at ptolemy.actor.util.CausalityInterfaceForComposites.checkForCycles(CausalityInterfaceForComposites.java:96)
	at ptolemy.domains.de.kernel.DEDirector.preinitialize(DEDirector.java:1337)
	at ptolemy.actor.CompositeActor.preinitialize(CompositeActor.java:1828)
	at ptolemy.actor.Manager.preinitializeAndResolveTypes(Manager.java:1040)
	at ptolemy.actor.Manager.initialize(Manager.java:710)
	at ptolemy.actor.Manager.execute(Manager.java:356)
	at ptolemy.actor.Manager.run(Manager.java:1263)
	at ptolemy.actor.Manager$PtolemyRunThread.run(Manager.java:1915)
]]></system-err>
</testsuite>
