<?xml version="1.0" encoding="UTF-8" ?>
<testsuite errors="0" failures="0" hostname="travis-job-8269e683-fe77-4f9d-b17f-25e21a920ebb" name="ptolemy.vergil.basic.export.test.junit.ExportModelJUnitTestBatch1" skipped="0" tests="150" time="1824.302" timestamp="2018-05-28T01:27:24">
  <properties>
    <property name="npm.executable" value="npm" />
    <property name="file.encoding.pkg" value="sun.io" />
    <property name="env.PT_TRAVIS_TEST_EXPORT1_XML" value="true" />
    <property name="ptII.mk.exists" value="true" />
    <property name="env.rvm_bin_path" value="/home/travis/.rvm/bin" />
    <property name="java.home" value="/usr/lib/jvm/java-8-oracle/jre" />
    <property name="env.TRAVIS_JOB_NUMBER" value="482.12" />
    <property name="env.DISPLAY" value=":99.0" />
    <property name="java.net.preferIPv4Stack" value="true" />
    <property name="env.SSH_TTY" value="/dev/pts/0" />
    <property name="env.RUN_TESTS" value="false" />
    <property name="timeout.short" value="1000000" />
    <property name="env.TRAVIS_STACK_NODE_ATTRIBUTES" value="/.node-attributes.yml" />
    <property name="junit.formatter" value="xml" />
    <property name="java.endorsed.dirs" value="/usr/lib/jvm/java-8-oracle/jre/lib/endorsed" />
    <property name="env.TRAVIS_SUDO" value="true" />
    <property name="env.LOGNAME" value="travis" />
    <property name="jsdoc.home" value="node_modules/@terraswarm/jsdoc" />
    <property name="debuglevel" value="source,lines,vars" />
    <property name="checkstyle.formatter" value="xml" />
    <property name="bin.vergil.makeable" value="true" />
    <property name="env._system_version" value="14.04" />
    <property name="sun.os.patch.level" value="unknown" />
    <property name="java.vendor.url" value="http://java.oracle.com/" />
    <property name="java.version" value="1.8.0_151" />
    <property name="env.TZ" value="UTC" />
    <property name="env.PT_NO_NET" value="true" />
    <property name="env.TRAVIS_PULL_REQUEST_SHA" value="" />
    <property name="env.TRAVIS_SECURE_ENV_VARS" value="true" />
    <property name="env._system_type" value="Linux" />
    <property name="java.vendor.url.bug" value="http://bugreport.sun.com/bugreport/" />
    <property name="env.SSH_CLIENT" value="10.10.16.3 33156 22" />
    <property name="npmjs-org-is-up" value="true" />
    <property name="env.GEM_HOME" value="/home/travis/.rvm/gems/ruby-2.4.1" />
    <property name="env.HAS_ANTARES_THREE_LITTLE_FRONZIES_BADGE" value="true" />
    <property name="env.PS4" value="+" />
    <property name="ant.project.invoked-targets" value="build,test.export1.xml" />
    <property name="env.TRAVIS_PULL_REQUEST_BRANCH" value="" />
    <property name="env.TRAVIS_REPO_SLUG" value="icyphy/ptII" />
    <property name="node.in.path" value="true" />
    <property name="java.maxmemory" value="1400m" />
    <property name="env.RUBY_VERSION" value="ruby-2.4.1" />
    <property name="user.name" value="travis" />
    <property name="env.LANG" value="en_US.UTF-8" />
    <property name="sun.io.unicode.encoding" value="UnicodeLittle" />
    <property name="sun.jnu.encoding" value="UTF-8" />
    <property name="java.runtime.name" value="Java(TM) SE Runtime Environment" />
    <property name="usefile" value="false" />
    <property name="return.code" value="0" />
    <property name="junit.single.formatter" value="plain" />
    <property name="env.DYLD_LIBRARY_PATH" value="/home/travis/pthla/certi-tools/lib:" />
    <property name="env.DEBIAN_FRONTEND" value="noninteractive" />
    <property name="env.SSH_CONNECTION" value="10.10.16.3 33156 10.20.0.45 22" />
    <property name="env.MYSQL_UNIX_PORT" value="/var/run/mysqld/mysqld.sock" />
    <property name="env.TRAVIS_ALLOW_FAILURE" value="false" />
    <property name="env.LC_ALL" value="en_US.UTF-8" />
    <property name="java.specification.name" value="Java Platform API Specification" />
    <property name="node.works" value="true" />
    <property name="user.timezone" value="" />
    <property name="path.separator" value=":" />
    <property name="env.PYTHON_CFLAGS" value="-g -fstack-protector --param=ssp-buffer-size=4 -Wformat -Werror=format-security" />
    <property name="timeout.long" value="4000000" />
    <property name="env.CERTI_HOME" value="/home/travis/pthla/certi-tools" />
    <property name="file.encoding" value="UTF-8" />
    <property name="ant.file.ptII" value="/home/travis/build/icyphy/ptII/build.xml" />
    <property name="javadoc.packagenames" value="com.*,diva.*,lbnl.*,org.hlacerti.*,org.json.*,org.ptolemy.*,org.terraswarm.*,ptolemy.*,ptserver.*" />
    <property name="env.TRAVIS_PULL_REQUEST_SLUG" value="" />
    <property name="ant.project.default-target" value="build" />
    <property name="env.GIT_ASKPASS" value="echo" />
    <property name="env.HOME" value="/home/travis" />
    <property name="sun.java.command" value="org.apache.tools.ant.taskdefs.optional.junit.JUnitTestRunner ptolemy.vergil.basic.export.test.junit.ExportModelJUnitTestBatch1 skipNonTests=false filtertrace=true haltOnError=false haltOnFailure=false formatter=org.apache.tools.ant.taskdefs.optional.junit.OutErrSummaryJUnitResultFormatter showoutput=true outputtoformatters=true logfailedtests=true threadid=0 logtestlistenerevents=false formatter=org.apache.tools.ant.taskdefs.optional.junit.XMLJUnitResultFormatter,/home/travis/build/icyphy/ptII/reports/junit/TEST-ptolemy.vergil.basic.export.test.junit.ExportModelJUnitTestBatch1.xml crashfile=/home/travis/build/icyphy/ptII/junitvmwatcher7973828092574353798.properties propsfile=/home/travis/build/icyphy/ptII/junit177176939690327051.properties" />
    <property name="env.MANPATH" value="/home/travis/.nvm/versions/node/v7.10.1/share/man:/home/travis/.kiex/elixirs/elixir-1.4.5/man:/home/travis/.rvm/rubies/ruby-2.4.1/share/man:/usr/local/man:/usr/local/cmake-3.9.2/man:/usr/local/clang-5.0.0/share/man:/usr/local/share/man:/usr/share/man:/home/travis/.rvm/man" />
    <property name="env.COMPOSER_NO_INTERACTION" value="1" />
    <property name="env.JDK_SWITCHER_DEFAULT" value="oraclejdk8" />
    <property name="ant.file" value="/home/travis/build/icyphy/ptII/build.xml" />
    <property name="env.TRAVIS_COMMIT_RANGE" value="0618c76780db1f464d0a2117f5337183d7a83d43...3c028372b7ca1a322aa8dd19895bfdeb4cb5e373" />
    <property name="env._system_name" value="Ubuntu" />
    <property name="timeout" value="2400000" />
    <property name="ptII.classpath.optional.property" value="/home/travis/build/icyphy/ptII/lib/bsh-2.0b4.jar:/home/travis/build/icyphy/ptII/lib/ptCal.jar:/home/travis/build/icyphy/ptII/lib/java_cup.jar:/home/travis/build/icyphy/ptII/lib/saxon8.jar:/home/travis/build/icyphy/ptII/lib/saxon8-dom.jar:/home/travis/build/icyphy/ptII/lib/chic.jar:/home/travis/build/icyphy/ptII/lib/ptcolt.jar:/usr/lib/jvm/java-8-oracle/lib/tools.jar:/usr/lib/eclipse/plugins/org.eclipse.jdt.core_3.8.2.dist.jar:/usr/lib/eclipse/plugins/org.eclipse.core.runtime_3.8.0.dist.jar:/usr/lib/eclipse/plugins/org.eclipse.osgi_3.8.1.dist.jar:/usr/lib/eclipse/plugins/org.eclipse.core.resources_3.8.1.dist.jar:/usr/lib/eclipse/plugins/org.eclipse.equinox.common_3.6.100.dist.jar:/usr/lib/eclipse/plugins/org.eclipse.core.jobs_3.5.200.dist.jar:/usr/lib/eclipse/plugins/org.eclipse.core.contenttype_3.4.200.dist.jar:/usr/lib/eclipse/plugins/org.eclipse.equinox.preferences_3.5.0.dist.jar:/usr/lib/eclipse/plugins/org.eclipse.text_3.5.200.dist.jar:/usr/lib/eclipse/plugins/org.eclipse.ui.workbench_3.8.1.dist.jar:/usr/lib/eclipse/plugins/org.eclipse.jface_3.8.0.dist.jar:/usr/lib/eclipse/plugins/org.eclipse.swt_3.8.2.jar:/usr/lib/eclipse/plugins/org.eclipse.jface.text_3.8.1.dist.jar:/usr/lib/eclipse/plugins/org.eclipse.ui.workbench.texteditor_3.8.0.dist.jar:/usr/lib/eclipse/plugins/org.eclipse.ui.editors_3.8.0.dist.jar:/usr/lib/eclipse/plugins/org.eclipse.core.commands_3.6.1.dist.jar:/usr/lib/eclipse/plugins/org.eclipse.equinox.registry_3.5.200.dist.jar:/usr/lib/eclipse/plugins/org.eclipse.ui.console_3.5.100.dist.jar:/usr/lib/eclipse/plugins/org.eclipse.ui.forms_3.5.200.dist.jar:/usr/lib/eclipse/plugins/org.eclipse.ui.ide_3.8.1.dist.jar:/home/travis/build/icyphy/ptII/vendors/oracle/dbxml.jar:/home/travis/build/icyphy/ptII/vendors/oracle/db.jar:/home/travis/build/icyphy/ptII/vendors/misc/itext/iText.jar:/home/travis/build/icyphy/ptII/lib/g4ltl.jar:/home/travis/build/icyphy/ptII/lib/StructuralCoder.jar:/home/travis/build/icyphy/ptII/lib/org-openide-util.jar:/home/travis/build/icyphy/ptII/lib/org-openide-util-lookup.jar:/home/travis/build/icyphy/ptII/lib/org-netbeans-api-visual.jar:/home/travis/build/icyphy/ptII/vendors/jai-1_1_2_01/lib/jai_core.jar:/home/travis/build/icyphy/ptII/vendors/jai-1_1_2_01/lib/jai_codec.jar:/home/travis/build/icyphy/ptII/lib/jcerti.jar:/home/travis/build/icyphy/ptII/lib/smack.jar:/home/travis/build/icyphy/ptII/lib/smackx.jar:/home/travis/build/icyphy/ptII/lib/jetty-all-8.1.5-v20120716.jar:/home/travis/build/icyphy/ptII/lib/javax.servlet-api-3.0.1.jar:/home/travis/build/icyphy/ptII/lib/javax.mail.jar:/home/travis/build/icyphy/ptII/vendors/JMF-2.1.1e/lib/jmf.jar:/home/travis/build/icyphy/ptII/lib/jna-4.0.0-variadic.jar:/home/travis/build/icyphy/ptII/vendors/misc/joystick/Joystick.jar:/home/travis/build/icyphy/ptII/lib/ptjacl.jar:/home/travis/build/icyphy/ptII/lib/jsoup-1.8.2.jar:/home/travis/build/icyphy/ptII/lib/junit-4.8.2.jar:/home/travis/build/icyphy/ptII/lib/JUnitParams-0.4.0.jar:/home/travis/build/icyphy/ptII/ptolemy/actor/lib/excel/jxl.jar:/home/travis/build/icyphy/ptII/lib/jython.jar:/home/travis/build/icyphy/ptII/lib/kieler.jar:/home/travis/build/icyphy/ptII/vendors/opencv/share/OpenCV/java/opencv-341.jar:/home/travis/build/icyphy/ptII/lib/oscP5.jar:/home/travis/build/icyphy/ptII/lib/nrjavaserial-3.11.0.devel.jar:/usr/share/java/j3dcore.jar:/usr/share/java/j3dutils.jar:/usr/share/java/vecmath.jar:/home/travis/build/icyphy/ptII/ptolemy/distributed/jini/jar/jini-core.jar:/home/travis/build/icyphy/ptII/ptolemy/distributed/jini/jar/jini-ext.jar:/home/travis/build/icyphy/ptII/ptolemy/distributed/jini/jar/sun-util.jar:/home/travis/build/icyphy/ptII/lib/protobuf-java-2.4.1.jar:/home/travis/build/icyphy/ptII/lib/org.eclipse.paho.client.mqttv3.jar:/home/travis/build/icyphy/ptII/ptserver/lib/hessian-4.0.7.jar:/home/travis/build/icyphy/ptII/ptserver/lib/wmqtt.jar:/home/travis/build/icyphy/ptII/lib/mapss.jar:/home/travis/build/icyphy/ptII/ptolemy/actor/ptalon/antlr/antlr.jar:/home/travis/build/icyphy/ptII/lib/JRI.jar:/home/travis/build/icyphy/ptII/lib/commons-lang-2.6.jar:/home/travis/build/icyphy/ptII/lib/commons-logging-1.1.1.jar:/home/travis/build/icyphy/ptII/lib/sootclasses.jar:/home/travis/build/icyphy/ptII/ptolemy/actor/lib/database/mysql-connector-java-5.1.6-bin.jar:/home/travis/build/icyphy/ptII/vendors/misc/sphinx4/sphinx4-data-5prealpha.jar:/home/travis/build/icyphy/ptII/vendors/misc/sphinx4/sphinx4-core-5prealpha.jar:/home/travis/build/icyphy/ptII/lib/PDFRenderer.jar:/home/travis/build/icyphy/ptII/lib/svgSalamander.jar:/home/travis/build/icyphy/ptII/lib/rsyntaxtextarea-2.6.0-SNAPSHOT.jar:/home/travis/build/icyphy/ptII/lib/hazelcast-3.8.2.jar:/home/travis/build/icyphy/ptII/lib/jackson-annotations-2.9.0.jar:/home/travis/build/icyphy/ptII/lib/jackson-core-2.9.3.jar:/home/travis/build/icyphy/ptII/lib/jackson-databind-2.9.3.jar:/home/travis/build/icyphy/ptII/lib/netty-buffer-4.1.19.Final.jar:/home/travis/build/icyphy/ptII/lib/netty-codec-4.1.19.Final.jar:/home/travis/build/icyphy/ptII/lib/netty-codec-dns-4.1.19.Final.jar:/home/travis/build/icyphy/ptII/lib/netty-codec-http-4.1.19.Final.jar:/home/travis/build/icyphy/ptII/lib/netty-codec-http2-4.1.19.Final.jar:/home/travis/build/icyphy/ptII/lib/netty-common-4.1.19.Final.jar:/home/travis/build/icyphy/ptII/lib/netty-handler-4.1.19.Final.jar:/home/travis/build/icyphy/ptII/lib/netty-resolver-4.1.19.Final.jar:/home/travis/build/icyphy/ptII/lib/netty-resolver-dns-4.1.19.Final.jar:/home/travis/build/icyphy/ptII/lib/netty-transport-4.1.19.Final.jar:/home/travis/build/icyphy/ptII/lib/vertx-codegen-3.5.1.jar:/home/travis/build/icyphy/ptII/lib/vertx-core-3.5.2-SNAPSHOT.jar:/home/travis/build/icyphy/ptII/lib/vertx-hazelcast-3.5.1.jar:/home/travis/build/icyphy/ptII/lib/vertx-lang-js-3.5.1.jar:/home/travis/build/icyphy/ptII/lib/vertx-service-proxy-3.5.1.jar:/home/travis/build/icyphy/ptII/lib/vertx-web-3.5.1.jar:/home/travis/build/icyphy/ptII/lib/slf4j-api-1.7.13.jar:/home/travis/build/icyphy/ptII/lib/slf4j-simple-1.7.13.jar:/home/travis/build/icyphy/ptII/lib/webcam-capture-0.3.12.jar:/home/travis/build/icyphy/ptII/lib/bridj-0.7.0.jar:/home/travis/build/icyphy/ptII/lib/xbjlib-1.1.0.nrjavaserial.jar" />
    <property name="test.batch" value="**/junit/*.java" />
    <property name="env._" value="/usr/bin/timeout" />
    <property name="java.io.tmpdir" value="/tmp" />
    <property name="user.language" value="en" />
    <property name="env.HISTCONTROL" value="ignoredups:ignorespace" />
    <property name="env.GOROOT" value="/home/travis/.gimme/versions/go1.7.4.linux.amd64" />
    <property name="line.separator" value="&#xa;" />
    <property name="target" value="1.8" />
    <property name="env.TRAVIS_BUILD_DIR" value="/home/travis/build/icyphy/ptII" />
    <property name="env.ANT_OPTS" value="-Xmx2048m" />
    <property name="ant.file.type" value="file" />
    <property name="ptolemy.ptII.batchMode" value="true" />
    <property name="env.HISTSIZE" value="1000" />
    <property name="env.MERB_ENV" value="test" />
    <property name="java.vm.info" value="mixed mode" />
    <property name="source" value="1.8" />
    <property name="java.vm.specification.name" value="Java Virtual Machine Specification" />
    <property name="env.TRAVIS_TEST_RESULT" value="0" />
    <property name="jsdoc.command" value="node_modules/@terraswarm/jsdoc/jsdoc.js" />
    <property name="npm.works" value="true" />
    <property name="cobertura.dir" value="/home/travis/build/icyphy/ptII/vendors/cobertura-2.0.3" />
    <property name="env.rvm_path" value="/home/travis/.rvm" />
    <property name="env.GEM_PATH" value="/home/travis/.rvm/gems/ruby-2.4.1:/home/travis/.rvm/gems/ruby-2.4.1@global" />
    <property name="env.LC_CTYPE" value="en_US.UTF-8" />
    <property name="java.awt.printerjob" value="sun.print.PSPrinterJob" />
    <property name="env.TRAVIS_STACK_NAME" value="garnet" />
    <property name="ant.version" value="Apache Ant(TM) version 1.10.1 compiled on February 2 2017" />
    <property name="ptII.reports" value="/home/travis/build/icyphy/ptII/reports" />
    <property name="env.TRAVIS_STACK_TIMESTAMP" value="2017-12-05 19:33:09 UTC" />
    <property name="ant.file.type.ptII" value="file" />
    <property name="env.RBENV_SHELL" value="bash" />
    <property name="os.name" value="Linux" />
    <property name="java.specification.vendor" value="Oracle Corporation" />
    <property name="env.rvm_version" value="1.29.3 (latest)" />
    <property name="env.TERM" value="xterm" />
    <property name="java.vm.name" value="Java HotSpot(TM) 64-Bit Server VM" />
    <property name="env.TRAVIS_BUILD_NUMBER" value="482" />
    <property name="env.CI" value="true" />
    <property name="java.library.path" value="/home/travis/pthla/certi-tools/lib:/usr/lib/jni:/usr/local/share/OpenCV/java/:/usr/share/OpenCV/java::/usr/java/packages/lib/amd64:/usr/lib64:/lib64:/lib:/usr/lib" />
    <property name="env.rvm_prefix" value="/home/travis" />
    <property name="env.PATH" value="/home/travis/pthla/certi-tools/share/scripts:/home/travis/.rvm/gems/ruby-2.4.1/bin:/home/travis/.rvm/gems/ruby-2.4.1@global/bin:/home/travis/.rvm/rubies/ruby-2.4.1/bin:/home/travis/.rvm/bin:/home/travis/.nvm/versions/node/v7.10.1/bin:./node_modules/.bin:/home/travis/build/icyphy/ptII/bin:/home/travis/pthla/certi-tools/bin:/home/travis/bin:/home/travis/.local/bin:/opt/pyenv/shims:/home/travis/.phpenv/shims:/home/travis/perl5/perlbrew/bin:/home/travis/.kiex/elixirs/elixir-1.4.5/bin:/home/travis/.kiex/bin:/home/travis/gopath/bin:/home/travis/.gimme/versions/go1.7.4.linux.amd64/bin:/usr/local/phantomjs/bin:/usr/local/phantomjs:/usr/local/neo4j-3.2.7/bin:/usr/local/maven-3.5.2/bin:/usr/local/cmake-3.9.2/bin:/usr/local/clang-5.0.0/bin:/usr/local/sbin:/usr/local/bin:/usr/sbin:/usr/bin:/sbin:/bin:/home/travis/.phpenv/bin:/opt/pyenv/bin:/home/travis/.yarn/bin" />
    <property name="env.TRAVIS_OS_NAME" value="linux" />
    <property name="ant.java.version" value="1.8" />
    <property name="basedir" value="/home/travis/build/icyphy/ptII" />
    <property name="java.class.version" value="52.0" />
    <property name="env.SHLVL" value="3" />
    <property name="env.LD_LIBRARY_PATH" value="/home/travis/pthla/certi-tools/lib:/usr/lib/jni:/usr/local/share/OpenCV/java/:/usr/share/OpenCV/java:" />
    <property name="env.RACK_ENV" value="test" />
    <property name="ant.home" value="/home/travis/build/icyphy/ptII/ant" />
    <property name="env.NVM_DIR" value="/home/travis/.nvm" />
    <property name="env.PERLBREW_BASHRC_VERSION" value="0.80" />
    <property name="env.CERTI_FOM_PATH" value="/home/travis/pthla/certi-tools/share/federations" />
    <property name="env.TRAVIS_BUILD_ID" value="384535423" />
    <property name="env.PYENV_ROOT" value="/opt/pyenv" />
    <property name="env.TRAVIS_UID" value="2000" />
    <property name="env.rvm_pretty_print_flag" value="auto" />
    <property name="env.NVM_BIN" value="/home/travis/.nvm/versions/node/v7.10.1/bin" />
    <property name="env.TRAVIS_COMMIT" value="3c028372b7ca1a322aa8dd19895bfdeb4cb5e373" />
    <property name="env._system_arch" value="x86_64" />
    <property name="node.executable" value="node" />
    <property name="sun.boot.library.path" value="/usr/lib/jvm/java-8-oracle/jre/lib/amd64" />
    <property name="sun.management.compiler" value="HotSpot 64-Bit Tiered Compilers" />
    <property name="env.GOPATH" value="/home/travis/gopath" />
    <property name="java.awt.graphicsenv" value="sun.awt.X11GraphicsEnvironment" />
    <property name="ptolemy.ptII.dir" value="/home/travis/build/icyphy/ptII" />
    <property name="env.USER" value="travis" />
    <property name="env.HISTFILESIZE" value="2000" />
    <property name="timeout.longest" value="19000000" />
    <property name="env.TRAVIS_STACK_FEATURES" value="basic cassandra chromium couchdb disabled-ipv6 docker docker-compose elasticsearch firefox go-toolchain google-chrome jdk memcached mongodb mysql neo4j nodejs_interpreter perl_interpreter perlbrew phantomjs postgresql python_interpreter rabbitmq redis riak ruby_interpreter sqlite xserver" />
    <property name="env.TRAVIS_PULL_REQUEST" value="false" />
    <property name="env.PYENV_SHELL" value="bash" />
    <property name="ant.project.name" value="ptII" />
    <property name="java.vm.specification.version" value="1.8" />
    <property name="env.CERTI_VERSION" value="4.0.0" />
    <property name="env.NLSPATH" value="/usr/dt/lib/nls/msg/%L/%N.cat" />
    <property name="awt.toolkit" value="sun.awt.X11.XToolkit" />
    <property name="env.CERTI_HOST" value="localhost" />
    <property name="env.MY_RUBY_HOME" value="/home/travis/.rvm/rubies/ruby-2.4.1" />
    <property name="sun.cpu.isalist" value="" />
    <property name="java.ext.dirs" value="/usr/lib/jvm/java-8-oracle/jre/lib/ext:/usr/java/packages/lib/ext" />
    <property name="os.version" value="4.4.0-101-generic" />
    <property name="user.home" value="/home/travis" />
    <property name="env.MIX_ARCHIVES" value="/home/travis/.kiex/mix/elixir-1.4.5" />
    <property name="java.vm.vendor" value="Oracle Corporation" />
    <property name="env.TRAVIS_TAG" value="nightly" />
    <property name="env.TRAVIS_FILTERED" value="redirect_io" />
    <property name="javadoc.excludepackagenames" value="adm.cvs2svn.*,build.*,config.*,doc.coding.templates.*,jni.test.jni.meaningOfLife.*,jni.test.jni.testDeux.*,jni.test.jni.testTrois.*,org.terraswarm.accessor.accessors.web.node_modules.*,org.terraswarm.accessor.accessors.web.hosts.cordova.demo.*,org.terraswarm.accessor.accessors.web.hosts.cordova.plugins.*,org.terraswarm.accessor.accessors-svn.*,pt-modules.*,ptolemy.apps.agilent.*,ptolemy.apps.anytimecontrol.*,ptolemy.apps.apes.*,ptolemy.apps.charon.*,ptolemy.apps.crazyboard.*,ptolemy.apps.eclipse.*,ptolemy.apps.etherealSting.*,ptolemy.apps.fullscreen.*,ptolemy.apps.giotto.*,ptolemy.apps.ia.*,ptolemy.apps.interfaces.*,ptolemy.apps.jmf.*,ptolemy.apps.kurt.*,ptolemy.apps.kvm.*,ptolemy.apps.lego.*,ptolemy.apps.lejos.*,ptolemy.apps.midp.*,ptolemy.apps.mobileCoding.*,ptolemy.apps.pendulum.*,ptolemy.apps.rijndael.*,ptolemy.apps.robot.*,ptolemy.apps.security.*,ptolemy.apps.sobel.*,ptolemy.apps.soot.*,ptolemy.apps.throttle.*,ptolemy.apps.tini.*,ptolemy.apps.transmission.*,ptolemy.apps.vergil.*,ptolemy.apps.waba.*,ptolemy.apps.websensor.*,ptolemy.apps.webstart.*,ptolemy.apps.xsl.*,ptolemy.apps.zaurus.*,ptolemy.backtrack.eclipse.plugin.*,ptolemy.backtrack.test.*,ptolemy.codegen.c.actor.lib.oldJavaFiles.*,ptolemy.codegen.dsp.lib.*,ptolemy.codegen.kernel.newInterfaces.*,ptolemy.codegen.lib.*,ptolemy.copernicus.kernel.fragment.*,ptolemy.copernicus.shallow.cg.*,ptolemy.domains.giotto.demo.Hierarchy.Hierarchy.*,ptolemy.domains.giotto.demo.Multimode.Multimode.*,ptolemy.domains.giotto.demo.Simple.Simple.*,ptolemy.domains.gr.lib.experimental.*,ptolemy.domains.gro.*,ptolemy.domains.pdf.*,ptolemy.domains.ptinyos.demo.Surge.output.*,ptolemy.moml.test.NoPackageActor.java*,ptolemy.plot.adm.*,ptolemy.plot.servlet.*,reports.*,signed.*,src.*,target.*,vendors.*,ptolemy.cg.adapter.generic.program.procedural.c.mbed*,ptolemy.actor.lib.fmi.fmus.omc*,ptolemy.domains.openmodelica*,ptdb.kernel.bl.save.test.*,ptdb.kernel.bl.load.test.*,ptdb.kernel.bl.search.test.*,ptdb.kernel.bl.migration.test.*,ptdb.kernel.database.test.*,ptdb.test.*,ptdb.gui.test.*,org.ptolemy.scala.*,diva.util.java2d.svg.*,ptolemy.domains.ptinyos.*,ptolemy.actor.lib.fmi.fmipp.*,,org.terraswarm.accessor.accessors.web.node_modules.*,org.terraswarm.accessor.accessors-svn,ptolemy.actor.ptalon.demo.ptinyos.SendAndReceiveCnt.output,ptolemy.actor.ptalon.demo.ptinyos.SenseToLeds.output,ptolemy.domains.ptinyos.demo.CntToLedsAndRfm.output,ptolemy.domains.ptinyos.demo.RfmToLeds.output,ptolemy.domains.ptinyos.demo.SendAndReceiveCnt.output,ptolemy.domains.ptinyos.demo.SenseToLeds.output" />
    <property name="env.JAVA_HOME" value="/usr/lib/jvm/java-8-oracle" />
    <property name="env.PTII" value="/home/travis/build/icyphy/ptII" />
    <property name="env.TRAVIS_COMMIT_MESSAGE" value="Added car model" />
    <property name="keystore" value="ptKeystore" />
    <property name="env.XDG_SESSION_ID" value="2" />
    <property name="junit.output.dir" value="/home/travis/build/icyphy/ptII/reports/junit" />
    <property name="npm.return.code" value="0" />
    <property name="user.dir" value="/home/travis/build/icyphy/ptII/ptolemy/vergil/basic/export/test" />
    <property name="env.TRAVIS_NODE_VERSION" value="7" />
    <property name="env.XFILESEARCHPATH" value="/usr/dt/app-defaults/%L/Dt" />
    <property name="env.TRAVIS_EVENT_TYPE" value="cron" />
    <property name="env.MAIL" value="/var/mail/travis" />
    <property name="env.PWD" value="/home/travis/build/icyphy/ptII" />
    <property name="env.PERLBREW_ROOT" value="/home/travis/perl5/perlbrew" />
    <property name="timeout.npm" value="45000" />
    <property name="env.PAGER" value="cat" />
    <property name="sun.cpu.endian" value="little" />
    <property name="env.TRAVIS_BUILD_STAGE_NAME" value="Test" />
    <property name="env.PERLBREW_HOME" value="/home/travis/.perlbrew" />
    <property name="env.RAILS_ENV" value="test" />
    <property name="java.vm.version" value="25.151-b12" />
    <property name="java.class.path" value="/home/travis/build/icyphy/ptII:/home/travis/build/icyphy/ptII/lib/bsh-2.0b4.jar:/home/travis/build/icyphy/ptII/lib/ptCal.jar:/home/travis/build/icyphy/ptII/lib/java_cup.jar:/home/travis/build/icyphy/ptII/lib/saxon8.jar:/home/travis/build/icyphy/ptII/lib/saxon8-dom.jar:/home/travis/build/icyphy/ptII/lib/chic.jar:/home/travis/build/icyphy/ptII/lib/ptcolt.jar:/usr/lib/jvm/java-8-oracle/lib/tools.jar:/usr/lib/eclipse/plugins/org.eclipse.jdt.core_3.8.2.dist.jar:/usr/lib/eclipse/plugins/org.eclipse.core.runtime_3.8.0.dist.jar:/usr/lib/eclipse/plugins/org.eclipse.osgi_3.8.1.dist.jar:/usr/lib/eclipse/plugins/org.eclipse.core.resources_3.8.1.dist.jar:/usr/lib/eclipse/plugins/org.eclipse.equinox.common_3.6.100.dist.jar:/usr/lib/eclipse/plugins/org.eclipse.core.jobs_3.5.200.dist.jar:/usr/lib/eclipse/plugins/org.eclipse.core.contenttype_3.4.200.dist.jar:/usr/lib/eclipse/plugins/org.eclipse.equinox.preferences_3.5.0.dist.jar:/usr/lib/eclipse/plugins/org.eclipse.text_3.5.200.dist.jar:/usr/lib/eclipse/plugins/org.eclipse.ui.workbench_3.8.1.dist.jar:/usr/lib/eclipse/plugins/org.eclipse.jface_3.8.0.dist.jar:/usr/lib/eclipse/plugins/org.eclipse.swt_3.8.2.jar:/usr/lib/eclipse/plugins/org.eclipse.jface.text_3.8.1.dist.jar:/usr/lib/eclipse/plugins/org.eclipse.ui.workbench.texteditor_3.8.0.dist.jar:/usr/lib/eclipse/plugins/org.eclipse.ui.editors_3.8.0.dist.jar:/usr/lib/eclipse/plugins/org.eclipse.core.commands_3.6.1.dist.jar:/usr/lib/eclipse/plugins/org.eclipse.equinox.registry_3.5.200.dist.jar:/usr/lib/eclipse/plugins/org.eclipse.ui.console_3.5.100.dist.jar:/usr/lib/eclipse/plugins/org.eclipse.ui.forms_3.5.200.dist.jar:/usr/lib/eclipse/plugins/org.eclipse.ui.ide_3.8.1.dist.jar:/home/travis/build/icyphy/ptII/vendors/oracle/dbxml.jar:/home/travis/build/icyphy/ptII/vendors/oracle/db.jar:/home/travis/build/icyphy/ptII/vendors/misc/itext/iText.jar:/home/travis/build/icyphy/ptII/lib/g4ltl.jar:/home/travis/build/icyphy/ptII/lib/StructuralCoder.jar:/home/travis/build/icyphy/ptII/lib/org-openide-util.jar:/home/travis/build/icyphy/ptII/lib/org-openide-util-lookup.jar:/home/travis/build/icyphy/ptII/lib/org-netbeans-api-visual.jar:/home/travis/build/icyphy/ptII/vendors/jai-1_1_2_01/lib/jai_core.jar:/home/travis/build/icyphy/ptII/vendors/jai-1_1_2_01/lib/jai_codec.jar:/home/travis/build/icyphy/ptII/lib/jcerti.jar:/home/travis/build/icyphy/ptII/lib/smack.jar:/home/travis/build/icyphy/ptII/lib/smackx.jar:/home/travis/build/icyphy/ptII/lib/jetty-all-8.1.5-v20120716.jar:/home/travis/build/icyphy/ptII/lib/javax.servlet-api-3.0.1.jar:/home/travis/build/icyphy/ptII/lib/javax.mail.jar:/home/travis/build/icyphy/ptII/vendors/JMF-2.1.1e/lib/jmf.jar:/home/travis/build/icyphy/ptII/lib/jna-4.0.0-variadic.jar:/home/travis/build/icyphy/ptII/vendors/misc/joystick/Joystick.jar:/home/travis/build/icyphy/ptII/lib/ptjacl.jar:/home/travis/build/icyphy/ptII/lib/jsoup-1.8.2.jar:/home/travis/build/icyphy/ptII/lib/junit-4.8.2.jar:/home/travis/build/icyphy/ptII/lib/JUnitParams-0.4.0.jar:/home/travis/build/icyphy/ptII/ptolemy/actor/lib/excel/jxl.jar:/home/travis/build/icyphy/ptII/lib/jython.jar:/home/travis/build/icyphy/ptII/lib/kieler.jar:/home/travis/build/icyphy/ptII/vendors/opencv/share/OpenCV/java/opencv-341.jar:/home/travis/build/icyphy/ptII/lib/oscP5.jar:/home/travis/build/icyphy/ptII/lib/nrjavaserial-3.11.0.devel.jar:/usr/share/java/j3dcore.jar:/usr/share/java/j3dutils.jar:/usr/share/java/vecmath.jar:/home/travis/build/icyphy/ptII/ptolemy/distributed/jini/jar/jini-core.jar:/home/travis/build/icyphy/ptII/ptolemy/distributed/jini/jar/jini-ext.jar:/home/travis/build/icyphy/ptII/ptolemy/distributed/jini/jar/sun-util.jar:/home/travis/build/icyphy/ptII/lib/protobuf-java-2.4.1.jar:/home/travis/build/icyphy/ptII/lib/org.eclipse.paho.client.mqttv3.jar:/home/travis/build/icyphy/ptII/ptserver/lib/hessian-4.0.7.jar:/home/travis/build/icyphy/ptII/ptserver/lib/wmqtt.jar:/home/travis/build/icyphy/ptII/lib/mapss.jar:/home/travis/build/icyphy/ptII/ptolemy/actor/ptalon/antlr/antlr.jar:/home/travis/build/icyphy/ptII/lib/JRI.jar:/home/travis/build/icyphy/ptII/lib/commons-lang-2.6.jar:/home/travis/build/icyphy/ptII/lib/commons-logging-1.1.1.jar:/home/travis/build/icyphy/ptII/lib/sootclasses.jar:/home/travis/build/icyphy/ptII/ptolemy/actor/lib/database/mysql-connector-java-5.1.6-bin.jar:/home/travis/build/icyphy/ptII/vendors/misc/sphinx4/sphinx4-data-5prealpha.jar:/home/travis/build/icyphy/ptII/vendors/misc/sphinx4/sphinx4-core-5prealpha.jar:/home/travis/build/icyphy/ptII/lib/PDFRenderer.jar:/home/travis/build/icyphy/ptII/lib/svgSalamander.jar:/home/travis/build/icyphy/ptII/lib/rsyntaxtextarea-2.6.0-SNAPSHOT.jar:/home/travis/build/icyphy/ptII/lib/hazelcast-3.8.2.jar:/home/travis/build/icyphy/ptII/lib/jackson-annotations-2.9.0.jar:/home/travis/build/icyphy/ptII/lib/jackson-core-2.9.3.jar:/home/travis/build/icyphy/ptII/lib/jackson-databind-2.9.3.jar:/home/travis/build/icyphy/ptII/lib/netty-buffer-4.1.19.Final.jar:/home/travis/build/icyphy/ptII/lib/netty-codec-4.1.19.Final.jar:/home/travis/build/icyphy/ptII/lib/netty-codec-dns-4.1.19.Final.jar:/home/travis/build/icyphy/ptII/lib/netty-codec-http-4.1.19.Final.jar:/home/travis/build/icyphy/ptII/lib/netty-codec-http2-4.1.19.Final.jar:/home/travis/build/icyphy/ptII/lib/netty-common-4.1.19.Final.jar:/home/travis/build/icyphy/ptII/lib/netty-handler-4.1.19.Final.jar:/home/travis/build/icyphy/ptII/lib/netty-resolver-4.1.19.Final.jar:/home/travis/build/icyphy/ptII/lib/netty-resolver-dns-4.1.19.Final.jar:/home/travis/build/icyphy/ptII/lib/netty-transport-4.1.19.Final.jar:/home/travis/build/icyphy/ptII/lib/vertx-codegen-3.5.1.jar:/home/travis/build/icyphy/ptII/lib/vertx-core-3.5.2-SNAPSHOT.jar:/home/travis/build/icyphy/ptII/lib/vertx-hazelcast-3.5.1.jar:/home/travis/build/icyphy/ptII/lib/vertx-lang-js-3.5.1.jar:/home/travis/build/icyphy/ptII/lib/vertx-service-proxy-3.5.1.jar:/home/travis/build/icyphy/ptII/lib/vertx-web-3.5.1.jar:/home/travis/build/icyphy/ptII/lib/slf4j-api-1.7.13.jar:/home/travis/build/icyphy/ptII/lib/slf4j-simple-1.7.13.jar:/home/travis/build/icyphy/ptII/lib/webcam-capture-0.3.12.jar:/home/travis/build/icyphy/ptII/lib/bridj-0.7.0.jar:/home/travis/build/icyphy/ptII/lib/xbjlib-1.1.0.nrjavaserial.jar:/home/travis/build/icyphy/ptII/ptolemy/moml/test:/home/travis/build/icyphy/ptII/ant/lib/ant-launcher.jar:/home/travis/build/icyphy/ptII/ant/lib/ant.jar:/home/travis/build/icyphy/ptII/ant/lib/ant-junit.jar:/home/travis/build/icyphy/ptII/ant/lib/ant-junit4.jar" />
    <property name="ant.library.dir" value="/home/travis/build/icyphy/ptII/ant/lib" />
    <property name="os.arch" value="amd64" />
    <property name="env.TRAVIS_LANGUAGE" value="node_js" />
    <property name="env.CONTINUOUS_INTEGRATION" value="true" />
    <property name="env.TRAVIS_STACK_LANGUAGES" value="__garnet__ c c++ clojure cplusplus cpp default go groovy java node_js php pure_java python ruby scala" />
    <property name="test.name" value="ptolemy.actor.lib.test.junit.JUnitTclTest" />
    <property name="sun.java.launcher" value="SUN_STANDARD" />
    <property name="env.PYTHON_CONFIGURE_OPTS" value="--enable-unicode=ucs4 --with-wide-unicode --enable-shared --enable-ipv6 --enable-loadable-sqlite-extensions --with-computed-gotos" />
    <property name="ant.core.lib" value="/home/travis/build/icyphy/ptII/ant/lib/ant.jar" />
    <property name="java.vm.specification.vendor" value="Oracle Corporation" />
    <property name="env.BCVTB_HOME" value="/home/travis/build/icyphy/ptII/lbnl" />
    <property name="file.separator" value="/" />
    <property name="java.runtime.version" value="1.8.0_151-b12" />
    <property name="spotbugs.home" value="/home/travis/build/icyphy/ptII/vendors/spotbugs-3.1.1" />
    <property name="sun.boot.class.path" value="/usr/lib/jvm/java-8-oracle/jre/lib/resources.jar:/usr/lib/jvm/java-8-oracle/jre/lib/rt.jar:/usr/lib/jvm/java-8-oracle/jre/lib/sunrsasign.jar:/usr/lib/jvm/java-8-oracle/jre/lib/jsse.jar:/usr/lib/jvm/java-8-oracle/jre/lib/jce.jar:/usr/lib/jvm/java-8-oracle/jre/lib/charsets.jar:/usr/lib/jvm/java-8-oracle/jre/lib/jfr.jar:/usr/lib/jvm/java-8-oracle/jre/classes" />
    <property name="env.HAS_JOSH_K_SEAL_OF_APPROVAL" value="true" />
    <property name="env.TRAVIS_OSX_IMAGE" value="" />
    <property name="env.XDG_RUNTIME_DIR" value="/run/user/2000" />
    <property name="env.TRAVIS_BRANCH" value="master" />
    <property name="env.TRAVIS_JOB_ID" value="384535435" />
    <property name="env.CERTI_HOME_TRAVIS" value="/home/travis/pthla/certi-tools" />
    <property name="user.country" value="US" />
    <property name="env.SHELL" value="/bin/bash" />
    <property name="java.maxmemory.large" value="5000m" />
    <property name="model" value="" />
    <property name="env.CASHER_DIR" value="/home/travis/.casher" />
    <property name="env.NVM_CD_FLAGS" value="" />
    <property name="jshint.executable" value="/home/travis/node_modules/jshint/bin/jshint" />
    <property name="java.vendor" value="Oracle Corporation" />
    <property name="env.JRUBY_OPTS" value=" --client -J-XX:+TieredCompilation -J-XX:TieredStopAtLevel=1 -J-Xss2m -Xcompile.invokedynamic=false" />
    <property name="env.TRAVIS_PRE_CHEF_BOOTSTRAP_TIME" value="2017-12-05T19:32:55" />
    <property name="env.TRAVIS_STACK_JOB_BOARD_REGISTER" value="/.job-board-register.yml" />
    <property name="env.ELIXIR_VERSION" value="1.4.5" />
    <property name="java.specification.version" value="1.8" />
    <property name="env.IRBRC" value="/home/travis/.rvm/rubies/ruby-2.4.1/.irbrc" />
    <property name="env.TRAVIS" value="true" />
    <property name="sun.arch.data.model" value="64" />
  </properties>
  <testcase classname="ptolemy.vergil.basic.export.test.junit.ExportModelJUnitTestBatch1" name="[0] lbnl/demo/MatlabRoom/MatlabRoom.xml (RunExportModel)" time="6.963" />
  <testcase classname="ptolemy.vergil.basic.export.test.junit.ExportModelJUnitTestBatch1" name="[1] lbnl/demo/SystemCommand/SystemCommand.xml (RunExportModel)" time="3.941" />
  <testcase classname="ptolemy.vergil.basic.export.test.junit.ExportModelJUnitTestBatch1" name="[2] org/hlacerti/demo/Billard/2Billes1Fed/2Billes1Fed.xml (RunExportModel)" time="8.442" />
  <testcase classname="ptolemy.vergil.basic.export.test.junit.ExportModelJUnitTestBatch1" name="[3] org/hlacerti/demo/Billard/2Billes1Fed/PoolTable2.xml (RunExportModel)" time="8.562" />
  <testcase classname="ptolemy.vergil.basic.export.test.junit.ExportModelJUnitTestBatch1" name="[4] org/hlacerti/demo/Billard/2Billes1Fed/TwoBilliardBalls.xml (RunExportModel)" time="8.999" />
  <testcase classname="ptolemy.vergil.basic.export.test.junit.ExportModelJUnitTestBatch1" name="[5] org/hlacerti/demo/Billard/2Billes2Fed/2Billes2Fed.xml (RunExportModel)" time="8.35" />
  <testcase classname="ptolemy.vergil.basic.export.test.junit.ExportModelJUnitTestBatch1" name="[6] org/hlacerti/demo/Billard/2Billes2Fed/BillardBall1.xml (RunExportModel)" time="8.508" />
  <testcase classname="ptolemy.vergil.basic.export.test.junit.ExportModelJUnitTestBatch1" name="[7] org/hlacerti/demo/Billard/2Billes2Fed/BillardBall2.xml (RunExportModel)" time="8.488" />
  <testcase classname="ptolemy.vergil.basic.export.test.junit.ExportModelJUnitTestBatch1" name="[8] org/hlacerti/demo/Billard/2Billes2Fed/BillardTable.xml (RunExportModel)" time="8.366" />
  <testcase classname="ptolemy.vergil.basic.export.test.junit.ExportModelJUnitTestBatch1" name="[9] org/hlacerti/demo/Billard/Billard.xml (RunExportModel)" time="8.206" />
  <testcase classname="ptolemy.vergil.basic.export.test.junit.ExportModelJUnitTestBatch1" name="[10] org/hlacerti/demo/f14HLA/f14HLA.xml (RunExportModel)" time="8.166" />
  <testcase classname="ptolemy.vergil.basic.export.test.junit.ExportModelJUnitTestBatch1" name="[11] org/hlacerti/demo/IntegrationTests/IntegrationTests.xml (RunExportModel)" time="8.163" />
  <testcase classname="ptolemy.vergil.basic.export.test.junit.ExportModelJUnitTestBatch1" name="[12] org/hlacerti/demo/IntegrationTests/TimeAdvancing1Federate/TimeAdvancing1Federate.xml (RunExportModel)" time="8.185" />
  <testcase classname="ptolemy.vergil.basic.export.test.junit.ExportModelJUnitTestBatch1" name="[13] org/hlacerti/demo/IntegrationTests/TimeAdvancing2Federates/testTimeAdvancingF1.xml (RunExportModel)" time="8.228" />
  <testcase classname="ptolemy.vergil.basic.export.test.junit.ExportModelJUnitTestBatch1" name="[14] org/hlacerti/demo/IntegrationTests/TimeAdvancing2Federates/testTimeAdvancingF2.xml (RunExportModel)" time="8.18" />
  <testcase classname="ptolemy.vergil.basic.export.test.junit.ExportModelJUnitTestBatch1" name="[15] org/hlacerti/demo/IntegrationTests/TimeAdvancing2Federates/TimeAdvancing2Federates.xml (RunExportModel)" time="8.182" />
  <testcase classname="ptolemy.vergil.basic.export.test.junit.ExportModelJUnitTestBatch1" name="[16] org/hlacerti/demo/IntegrationTests/TimeAdvancing2FederatesIntervalEvents/testTimeAdvancingF1.xml (RunExportModel)" time="8.185" />
  <testcase classname="ptolemy.vergil.basic.export.test.junit.ExportModelJUnitTestBatch1" name="[17] org/hlacerti/demo/IntegrationTests/TimeAdvancing2FederatesIntervalEvents/testTimeAdvancingF2InternalEvent.xml (RunExportModel)" time="8.172" />
  <testcase classname="ptolemy.vergil.basic.export.test.junit.ExportModelJUnitTestBatch1" name="[18] org/hlacerti/demo/IntegrationTests/TimeAdvancing2FederatesIntervalEvents/TimeAdvancing2FederatesIntervalEvents.xml (RunExportModel)" time="8.15" />
  <testcase classname="ptolemy.vergil.basic.export.test.junit.ExportModelJUnitTestBatch1" name="[19] org/hlacerti/demo/SynchronizeToRealTime/SynchronizeToRealTime.xml (RunExportModel)" time="8.314" />
  <testcase classname="ptolemy.vergil.basic.export.test.junit.ExportModelJUnitTestBatch1" name="[20] org/ptolemy/machineImprovisation/demo/JazzImprovisation/JazzImprovisation.xml (RunExportModel)" time="28.246" />
  <testcase classname="ptolemy.vergil.basic.export.test.junit.ExportModelJUnitTestBatch1" name="[21] org/ptolemy/machineLearning/clustering/demo/KMeans/KMeans.xml (RunExportModel)" time="4.718" />
  <testcase classname="ptolemy.vergil.basic.export.test.junit.ExportModelJUnitTestBatch1" name="[22] org/ptolemy/machineLearning/hmm/demo/CommunicationAnomalyDetectionAOM/CommunicationAnomalyDetectionAOM.xml (RunExportModel)" time="39.012" />
  <testcase classname="ptolemy.vergil.basic.export.test.junit.ExportModelJUnitTestBatch1" name="[23] org/ptolemy/machineLearning/hmm/demo/CommunicationAnomalyDetectionCQM/CommunicationAnomalyDetectionCQM.xml (RunExportModel)" time="16.271" />
  <testcase classname="ptolemy.vergil.basic.export.test.junit.ExportModelJUnitTestBatch1" name="[24] org/ptolemy/machineLearning/particleFilter/demo/MultiRobotIntruderTracking/MultiRobotIntruderTracking.xml (RunExportModel)" time="40.178" />
  <testcase classname="ptolemy.vergil.basic.export.test.junit.ExportModelJUnitTestBatch1" name="[25] org/ptolemy/machineLearning/particleFilter/demo/OnlineTrajectoryOptimization/DistributedOnlineTrajectoryOptimization.xml (RunExportModel)" time="39.681" />
  <testcase classname="ptolemy.vergil.basic.export.test.junit.ExportModelJUnitTestBatch1" name="[26] org/ptolemy/machineLearning/particleFilter/demo/OnlineTrajectoryOptimization/OnlineTrajectoryOptimization.xml (RunExportModel)" time="38.622" />
  <testcase classname="ptolemy.vergil.basic.export.test.junit.ExportModelJUnitTestBatch1" name="[27] org/ptolemy/machineLearning/particleFilter/demo/OpenLoopSingleRobotTargetLocalization/OpenLoopSingleRobotTargetLocalization.xml (RunExportModel)" time="13.532" />
  <testcase classname="ptolemy.vergil.basic.export.test.junit.ExportModelJUnitTestBatch1" name="[28] org/ptolemy/machineLearning/particleFilter/demo/OpenLoopTwoRobotTargetLocalization/JointParticleFilter.xml (RunExportModel)" time="8.99" />
  <testcase classname="ptolemy.vergil.basic.export.test.junit.ExportModelJUnitTestBatch1" name="[29] org/ptolemy/machineLearning/particleFilter/demo/OpenLoopTwoRobotTargetLocalization/OpenLoopTwoRobotTargetLocalization.xml (RunExportModel)" time="35.105" />
  <testcase classname="ptolemy.vergil.basic.export.test.junit.ExportModelJUnitTestBatch1" name="[30] org/ptolemy/machineLearning/particleFilter/demo/ParticleFilterRange/ParticleFilterRange.xml (RunExportModel)" time="14.506" />
  <testcase classname="ptolemy.vergil.basic.export.test.junit.ExportModelJUnitTestBatch1" name="[31] org/ptolemy/optimization/demo/LeastSquaresNodeLocalization/LeastSquaresNodeLocalization.xml (RunExportModel)" time="4.718" />
  <testcase classname="ptolemy.vergil.basic.export.test.junit.ExportModelJUnitTestBatch1" name="[32] org/ptolemy/optimization/demo/LinearRegression/LinearRegression.xml (RunExportModel)" time="6.666" />
  <testcase classname="ptolemy.vergil.basic.export.test.junit.ExportModelJUnitTestBatch1" name="[33] org/ptolemy/optimization/demo/SimpleOptimization/SimpleOptimization.xml (RunExportModel)" time="4.239" />
  <testcase classname="ptolemy.vergil.basic.export.test.junit.ExportModelJUnitTestBatch1" name="[34] org/ptolemy/osc/demo/OscSendReceive/OscSendReceive.xml (RunExportModel)" time="18.236" />
  <testcase classname="ptolemy.vergil.basic.export.test.junit.ExportModelJUnitTestBatch1" name="[35] org/ptolemy/ptango/demo/BlinkyLight/BlinkyLight.xml (RunExportModel)" time="4.04" />
  <testcase classname="ptolemy.vergil.basic.export.test.junit.ExportModelJUnitTestBatch1" name="[36] org/ptolemy/ptango/demo/Chat/Chat.xml (RunExportModel)" time="3.144" />
  <testcase classname="ptolemy.vergil.basic.export.test.junit.ExportModelJUnitTestBatch1" name="[37] org/ptolemy/ptango/demo/Chat/ChatClient.xml (RunExportModel)" time="3.224" />
  <testcase classname="ptolemy.vergil.basic.export.test.junit.ExportModelJUnitTestBatch1" name="[38] org/ptolemy/ptango/demo/Chat/ChatClient2.xml (RunExportModel)" time="3.205" />
  <testcase classname="ptolemy.vergil.basic.export.test.junit.ExportModelJUnitTestBatch1" name="[39] org/ptolemy/ptango/demo/Chat/ChatServer.xml (RunExportModel)" time="3.323" />
  <testcase classname="ptolemy.vergil.basic.export.test.junit.ExportModelJUnitTestBatch1" name="[40] org/ptolemy/ptango/demo/Cookies/Cookies.xml (RunExportModel)" time="3.224" />
  <testcase classname="ptolemy.vergil.basic.export.test.junit.ExportModelJUnitTestBatch1" name="[41] org/ptolemy/ptango/demo/DOPpresence/DOPpresence.xml (RunExportModel)" time="4.926" />
  <testcase classname="ptolemy.vergil.basic.export.test.junit.ExportModelJUnitTestBatch1" name="[42] org/ptolemy/ptango/demo/EPlus70Actuator/EPlus70Actuator.xml (RunExportModel)" time="4.486" />
  <testcase classname="ptolemy.vergil.basic.export.test.junit.ExportModelJUnitTestBatch1" name="[43] org/ptolemy/ptango/demo/ErrorHandler/ErrorHandler.xml (RunExportModel)" time="3.457" />
  <testcase classname="ptolemy.vergil.basic.export.test.junit.ExportModelJUnitTestBatch1" name="[44] org/ptolemy/ptango/demo/Exception/Exception.xml (RunExportModel)" time="6.832" />
  <testcase classname="ptolemy.vergil.basic.export.test.junit.ExportModelJUnitTestBatch1" name="[45] org/ptolemy/ptango/demo/Guidance/Guidance.xml (RunExportModel)" time="3.78" />
  <testcase classname="ptolemy.vergil.basic.export.test.junit.ExportModelJUnitTestBatch1" name="[46] org/ptolemy/ptango/demo/Guidance/GuidanceSingleUserWithName.xml (RunExportModel)" time="3.349" />
  <testcase classname="ptolemy.vergil.basic.export.test.junit.ExportModelJUnitTestBatch1" name="[47] org/ptolemy/ptango/demo/OccupancyAlert/OccupancyAlert.xml (RunExportModel)" time="3.911" />
  <testcase classname="ptolemy.vergil.basic.export.test.junit.ExportModelJUnitTestBatch1" name="[48] org/ptolemy/ptango/demo/OptimizationAdvisor/OptimizationAdvisor.xml (RunExportModel)" time="13.703" />
  <testcase classname="ptolemy.vergil.basic.export.test.junit.ExportModelJUnitTestBatch1" name="[49] org/ptolemy/ptango/demo/SensorAndrew/SensorAndrew.xml (RunExportModel)" time="3.713" />
  <testcase classname="ptolemy.vergil.basic.export.test.junit.ExportModelJUnitTestBatch1" name="[50] org/ptolemy/ptango/demo/SmartRoom/SmartRoom.xml (RunExportModel)" time="4.2" />
  <testcase classname="ptolemy.vergil.basic.export.test.junit.ExportModelJUnitTestBatch1" name="[51] org/ptolemy/ptango/demo/TemperatureSimulation/TemperatureSimulation.xml (RunExportModel)" time="4.15" />
  <testcase classname="ptolemy.vergil.basic.export.test.junit.ExportModelJUnitTestBatch1" name="[52] org/ptolemy/ptango/demo/UCBPower/UCBPower.xml (RunExportModel)" time="3.687" />
  <testcase classname="ptolemy.vergil.basic.export.test.junit.ExportModelJUnitTestBatch1" name="[53] org/ptolemy/ptango/demo/UCBPower/UCBPowerAnalyzerServer.xml (RunExportModel)" time="3.49" />
  <testcase classname="ptolemy.vergil.basic.export.test.junit.ExportModelJUnitTestBatch1" name="[54] org/ptolemy/ptango/demo/UCBPowerPtera/UCBPowerPtera.xml (RunExportModel)" time="4.831" />
  <testcase classname="ptolemy.vergil.basic.export.test.junit.ExportModelJUnitTestBatch1" name="[55] org/ptolemy/ptango/demo/WebServerDE/WebServerDE.xml (RunExportModel)" time="7.715" />
  <testcase classname="ptolemy.vergil.basic.export.test.junit.ExportModelJUnitTestBatch1" name="[56] org/ptolemy/qss/demo/RLC/RLC.xml (RunExportModel)" time="4.401" />
  <testcase classname="ptolemy.vergil.basic.export.test.junit.ExportModelJUnitTestBatch1" name="[57] org/ptolemy/ssm/demo/RangeLocalizationOnMap/RangeLocalizationOnMap.xml (RunExportModel)" time="36.917" />
  <testcase classname="ptolemy.vergil.basic.export.test.junit.ExportModelJUnitTestBatch1" name="[58] org/ptolemy/ssm/demo/SingleRobotTargetLocalization/SingleRobotTargetLocalization.xml (RunExportModel)" time="13.005" />
  <testcase classname="ptolemy.vergil.basic.export.test.junit.ExportModelJUnitTestBatch1" name="[59] org/ptolemy/ssm/demo/StatePrediction/StatePrediction.xml (RunExportModel)" time="11.742" />
  <testcase classname="ptolemy.vergil.basic.export.test.junit.ExportModelJUnitTestBatch1" name="[60] org/terraswarm/accessor/demo/AugmentedReality/AugmentedReality.xml (RunExportModel)" time="3.144" />
  <testcase classname="ptolemy.vergil.basic.export.test.junit.ExportModelJUnitTestBatch1" name="[61] org/terraswarm/accessor/demo/AugmentedReality/AugmentedRealityFeedback.xml (RunExportModel)" time="87.871" />
  <testcase classname="ptolemy.vergil.basic.export.test.junit.ExportModelJUnitTestBatch1" name="[62] org/terraswarm/accessor/demo/AugmentedReality/AugmentedRealityFeedbackBlee.xml (RunExportModel)" time="40.623" />
  <testcase classname="ptolemy.vergil.basic.export.test.junit.ExportModelJUnitTestBatch1" name="[63] org/terraswarm/accessor/demo/AugmentedReality/AugmentedRealityKeyValueStore.xml (RunExportModel)" time="39.718" />
  <testcase classname="ptolemy.vergil.basic.export.test.junit.ExportModelJUnitTestBatch1" name="[64] org/terraswarm/accessor/demo/AugmentedReality/AugmentedRealityVideo.xml (RunExportModel)" time="42.346" />
  <testcase classname="ptolemy.vergil.basic.export.test.junit.ExportModelJUnitTestBatch1" name="[65] org/terraswarm/accessor/demo/AugmentedRealityVideoSOHO/AugmentedRealityVideoSOHO.xml (RunExportModel)" time="39.954" />
  <testcase classname="ptolemy.vergil.basic.export.test.junit.ExportModelJUnitTestBatch1" name="[66] org/terraswarm/accessor/demo/AugmentedRealityVideoSOHO/GenerateHueAccessors.xml (RunExportModel)" time="14.216" />
  <testcase classname="ptolemy.vergil.basic.export.test.junit.ExportModelJUnitTestBatch1" name="[67] org/terraswarm/accessor/demo/AugmentedRealityVideoSOHO/GenerateLifxAccessors.xml (RunExportModel)" time="15.34" />
  <testcase classname="ptolemy.vergil.basic.export.test.junit.ExportModelJUnitTestBatch1" name="[68] org/terraswarm/accessor/demo/AugmentedRealityVideoSOHO/GenerateMQTTAccessors.xml (RunExportModel)" time="16.199" />
  <testcase classname="ptolemy.vergil.basic.export.test.junit.ExportModelJUnitTestBatch1" name="[69] org/terraswarm/accessor/demo/AugmentedRealityVideoSOHO/KeyValueStoreServerSOHO.xml (RunExportModel)" time="39.234" />
  <testcase classname="ptolemy.vergil.basic.export.test.junit.ExportModelJUnitTestBatch1" name="[70] org/terraswarm/accessor/demo/AugmentedRealityVideoSOHO/SoundServerSOHO.xml (RunExportModel)" time="38.462" />
  <testcase classname="ptolemy.vergil.basic.export.test.junit.ExportModelJUnitTestBatch1" name="[71] org/terraswarm/accessor/demo/AugmentedRealityVideoTerra/AugmentedRealityVideoTerra.xml (RunExportModel)" time="41.943" />
  <testcase classname="ptolemy.vergil.basic.export.test.junit.ExportModelJUnitTestBatch1" name="[72] org/terraswarm/accessor/demo/AugmentedRealityVideoTerra/SoundServerTerra.xml (RunExportModel)" time="39.059" />
  <testcase classname="ptolemy.vergil.basic.export.test.junit.ExportModelJUnitTestBatch1" name="[73] org/terraswarm/accessor/demo/Hue/Hue.xml (RunExportModel)" time="3.304" />
  <testcase classname="ptolemy.vergil.basic.export.test.junit.ExportModelJUnitTestBatch1" name="[74] org/terraswarm/accessor/demo/Hue/HueToggle.xml (RunExportModel)" time="37.63" />
  <testcase classname="ptolemy.vergil.basic.export.test.junit.ExportModelJUnitTestBatch1" name="[75] org/terraswarm/accessor/demo/Hue/MotionLights.xml (RunExportModel)" time="39.859" />
  <testcase classname="ptolemy.vergil.basic.export.test.junit.ExportModelJUnitTestBatch1" name="[76] org/terraswarm/accessor/demo/Hue/OccupancyLights.xml (RunExportModel)" time="68.459" />
  <testcase classname="ptolemy.vergil.basic.export.test.junit.ExportModelJUnitTestBatch1" name="[77] org/terraswarm/accessor/demo/Lifx/Lifx.xml (RunExportModel)" time="29.132" />
  <testcase classname="ptolemy.vergil.basic.export.test.junit.ExportModelJUnitTestBatch1" name="[78] org/terraswarm/accessor/demo/NaturalLanguage/NaturalLanguage.xml (RunExportModel)" time="21.031" />
  <testcase classname="ptolemy.vergil.basic.export.test.junit.ExportModelJUnitTestBatch1" name="[79] org/terraswarm/accessor/demo/Scarab/Scarab.xml (RunExportModel)" time="38.747" />
  <testcase classname="ptolemy.vergil.basic.export.test.junit.ExportModelJUnitTestBatch1" name="[80] org/terraswarm/accessor/demo/WatchHandRaisingLight/WatchHandRaisingLight.xml (RunExportModel)" time="39.658" />
  <testcase classname="ptolemy.vergil.basic.export.test.junit.ExportModelJUnitTestBatch1" name="[81] org/terraswarm/ros/demo/Ros/Ros.xml (RunExportModel)" time="3.171" />
  <testcase classname="ptolemy.vergil.basic.export.test.junit.ExportModelJUnitTestBatch1" name="[82] org/terraswarm/ros/demo/Ros/RosPublisher.xml (RunExportModel)" time="4.526" />
  <testcase classname="ptolemy.vergil.basic.export.test.junit.ExportModelJUnitTestBatch1" name="[83] org/terraswarm/ros/demo/Ros/RosSubscriber.xml (RunExportModel)" time="4.36" />
  <testcase classname="ptolemy.vergil.basic.export.test.junit.ExportModelJUnitTestBatch1" name="[84] org/terraswarm/ros/demo/Ros/ScarabArrowKeyController.xml (RunExportModel)" time="6.567" />
  <testcase classname="ptolemy.vergil.basic.export.test.junit.ExportModelJUnitTestBatch1" name="[85] org/terraswarm/ros/demo/Ros/ScarabGoalPublisher.xml (RunExportModel)" time="4.418" />
  <testcase classname="ptolemy.vergil.basic.export.test.junit.ExportModelJUnitTestBatch1" name="[86] org/terraswarm/ros/demo/Ros/ScarabHueController.xml (RunExportModel)" time="6.541" />
  <testcase classname="ptolemy.vergil.basic.export.test.junit.ExportModelJUnitTestBatch1" name="[87] ptolemy/actor/gt/demo/BouncingBallX2/BouncingBallX2.xml (RunExportModel)" time="34.892" />
  <testcase classname="ptolemy.vergil.basic.export.test.junit.ExportModelJUnitTestBatch1" name="[88] ptolemy/actor/gt/demo/ConstOptimization/ConstOptimization.xml (RunExportModel)" time="11.084" />
  <testcase classname="ptolemy.vergil.basic.export.test.junit.ExportModelJUnitTestBatch1" name="[89] ptolemy/actor/gt/demo/ConstOptimization/ConstOptimizationDDF.xml (RunExportModel)" time="11.247" />
  <testcase classname="ptolemy.vergil.basic.export.test.junit.ExportModelJUnitTestBatch1" name="[90] ptolemy/actor/gt/demo/ConstOptimization/ConstOptimizationDE.xml (RunExportModel)" time="10.972" />
  <testcase classname="ptolemy.vergil.basic.export.test.junit.ExportModelJUnitTestBatch1" name="[91] ptolemy/actor/gt/demo/DiningPhilosophers/DiningPhilosophers.xml (RunExportModel)" time="5.09" />
  <testcase classname="ptolemy.vergil.basic.export.test.junit.ExportModelJUnitTestBatch1" name="[92] ptolemy/actor/gt/demo/GameOfLife/GameOfLife.xml (RunExportModel)" time="38.594" />
  <testcase classname="ptolemy.vergil.basic.export.test.junit.ExportModelJUnitTestBatch1" name="[93] ptolemy/actor/gt/demo/HierarchyFlattening/HierarchyFlattening.xml (RunExportModel)" time="3.265" />
  <testcase classname="ptolemy.vergil.basic.export.test.junit.ExportModelJUnitTestBatch1" name="[94] ptolemy/actor/gt/demo/MapReduce/MapReduce.xml (RunExportModel)" time="5.245" />
  <testcase classname="ptolemy.vergil.basic.export.test.junit.ExportModelJUnitTestBatch1" name="[95] ptolemy/actor/gt/demo/MapReduce/MapReduceDDF.xml (RunExportModel)" time="8.939" />
  <testcase classname="ptolemy.vergil.basic.export.test.junit.ExportModelJUnitTestBatch1" name="[96] ptolemy/actor/gt/demo/ModelExecution/ModelExecution.xml (RunExportModel)" time="13.371" />
  <testcase classname="ptolemy.vergil.basic.export.test.junit.ExportModelJUnitTestBatch1" name="[97] ptolemy/actor/gt/demo/ModelGeneration/ModelGeneration.xml (RunExportModel)" time="4.444" />
  <testcase classname="ptolemy.vergil.basic.export.test.junit.ExportModelJUnitTestBatch1" name="[98] ptolemy/actor/gt/demo/ModelGeneration/ModelGenerationDE.xml (RunExportModel)" time="4.484" />
  <testcase classname="ptolemy.vergil.basic.export.test.junit.ExportModelJUnitTestBatch1" name="[99] ptolemy/actor/gt/demo/PublisherTest/PublisherTest.xml (RunExportModel)" time="3.259" />
  <testcase classname="ptolemy.vergil.basic.export.test.junit.ExportModelJUnitTestBatch1" name="[100] ptolemy/actor/gt/demo/RegressionTest/RegressionTest.xml (RunExportModel)" time="4.362" />
  <testcase classname="ptolemy.vergil.basic.export.test.junit.ExportModelJUnitTestBatch1" name="[101] ptolemy/actor/gt/demo/SinewaveOptimization/Sinewave.xml (RunExportModel)" time="4.19" />
  <testcase classname="ptolemy.vergil.basic.export.test.junit.ExportModelJUnitTestBatch1" name="[102] ptolemy/actor/gt/demo/SinewaveOptimization/SinewaveOptimization.xml (RunExportModel)" time="7.005" />
  <testcase classname="ptolemy.vergil.basic.export.test.junit.ExportModelJUnitTestBatch1" name="[103] ptolemy/actor/lib/aspect/demo/CanBus/CanBus.xml (RunExportModel)" time="4.218" />
  <testcase classname="ptolemy.vergil.basic.export.test.junit.ExportModelJUnitTestBatch1" name="[104] ptolemy/actor/lib/aspect/demo/CarTrackingAttackModeling/CarTrackingAttackModeling.xml (RunExportModel)" time="7.686" />
  <testcase classname="ptolemy.vergil.basic.export.test.junit.ExportModelJUnitTestBatch1" name="[105] ptolemy/actor/lib/aspect/demo/CompositeQM/CompositeQM.xml (RunExportModel)" time="4.273" />
  <testcase classname="ptolemy.vergil.basic.export.test.junit.ExportModelJUnitTestBatch1" name="[106] ptolemy/actor/lib/aspect/demo/DE/DE.xml (RunExportModel)" time="4.269" />
  <testcase classname="ptolemy.vergil.basic.export.test.junit.ExportModelJUnitTestBatch1" name="[107] ptolemy/actor/lib/aspect/demo/DE/DE2.xml (RunExportModel)" time="4.899" />
  <testcase classname="ptolemy.vergil.basic.export.test.junit.ExportModelJUnitTestBatch1" name="[108] ptolemy/actor/lib/aspect/demo/MonitorExecutionTimes/MonitorExecutionTimes.xml (RunExportModel)" time="4.271" />
  <testcase classname="ptolemy.vergil.basic.export.test.junit.ExportModelJUnitTestBatch1" name="[109] ptolemy/actor/lib/colt/demo/ColtRandom/ColtRandom.xml (RunExportModel)" time="4.554" />
  <testcase classname="ptolemy.vergil.basic.export.test.junit.ExportModelJUnitTestBatch1" name="[110] ptolemy/actor/lib/comm/demo/ConvolutionalCoder/ConvolutionalCoder.xml (RunExportModel)" time="4.523" />
  <testcase classname="ptolemy.vergil.basic.export.test.junit.ExportModelJUnitTestBatch1" name="[111] ptolemy/actor/lib/comm/demo/HuffmanDecoder/HuffmanDecoder.xml (RunExportModel)" time="4.391" />
  <testcase classname="ptolemy.vergil.basic.export.test.junit.ExportModelJUnitTestBatch1" name="[112] ptolemy/actor/lib/comm/demo/Scrambler/Scrambler.xml (RunExportModel)" time="4.323" />
  <testcase classname="ptolemy.vergil.basic.export.test.junit.ExportModelJUnitTestBatch1" name="[113] ptolemy/actor/lib/comm/demo/TrellisDecoder/TrellisDecoder.xml (RunExportModel)" time="4.634" />
  <testcase classname="ptolemy.vergil.basic.export.test.junit.ExportModelJUnitTestBatch1" name="[114] ptolemy/actor/lib/comm/demo/ViterbiDecoder/ViterbiDecoder.xml (RunExportModel)" time="4.383" />
  <testcase classname="ptolemy.vergil.basic.export.test.junit.ExportModelJUnitTestBatch1" name="[115] ptolemy/actor/lib/database/demo/InteractiveQuery/InteractiveQuery.xml (RunExportModel)" time="3.168" />
  <testcase classname="ptolemy.vergil.basic.export.test.junit.ExportModelJUnitTestBatch1" name="[116] ptolemy/actor/lib/fmi/demo/FMUBouncingBall/FMUBouncingBall.xml (RunExportModel)" time="4.349" />
  <testcase classname="ptolemy.vergil.basic.export.test.junit.ExportModelJUnitTestBatch1" name="[117] ptolemy/actor/lib/fmi/demo/FMULevelStairs/FMULevelStairs.xml (RunExportModel)" time="4.309" />
  <testcase classname="ptolemy.vergil.basic.export.test.junit.ExportModelJUnitTestBatch1" name="[118] ptolemy/actor/lib/fmi/demo/FMUSimulationX/FMUSimulationX.xml (RunExportModel)" time="3.293" />
  <testcase classname="ptolemy.vergil.basic.export.test.junit.ExportModelJUnitTestBatch1" name="[119] ptolemy/actor/lib/fmi/demo/FMUSimulationX/FMUSimulationXPIController.xml (RunExportModel)" time="3.177" />
  <testcase classname="ptolemy.vergil.basic.export.test.junit.ExportModelJUnitTestBatch1" name="[120] ptolemy/actor/lib/fmi/demo/FMUStairs/FMUStairs.xml (RunExportModel)" time="4.226" />
  <testcase classname="ptolemy.vergil.basic.export.test.junit.ExportModelJUnitTestBatch1" name="[121] ptolemy/actor/lib/fmi/demo/FMUTwoBallCollision/FMUTwoBallCollision.xml (RunExportModel)" time="4.416" />
  <testcase classname="ptolemy.vergil.basic.export.test.junit.ExportModelJUnitTestBatch1" name="[122] ptolemy/actor/lib/fmi/jni/demo/FourInFourOutsDymola/FourInFourOutsDymola.xml (RunExportModel)" time="3.385" />
  <testcase classname="ptolemy.vergil.basic.export.test.junit.ExportModelJUnitTestBatch1" name="[123] ptolemy/actor/lib/fmi/jni/demo/FourInFourOutsDymola/FourInFourOutsDymolaJNI.xml (RunExportModel)" time="3.296" />
  <testcase classname="ptolemy.vergil.basic.export.test.junit.ExportModelJUnitTestBatch1" name="[124] ptolemy/actor/lib/fmi/jni/demo/FourInFourOutsDymola/FourInFourOutsDymolaWindows.xml (RunExportModel)" time="3.21" />
  <testcase classname="ptolemy.vergil.basic.export.test.junit.ExportModelJUnitTestBatch1" name="[125] ptolemy/actor/lib/gem5/demo/DramThermalModel/DramThermalModel.xml (RunExportModel)" time="6.446" />
  <testcase classname="ptolemy.vergil.basic.export.test.junit.ExportModelJUnitTestBatch1" name="[126] ptolemy/actor/lib/hoc/demo/ApplyFFT/ApplyFFT.xml (RunExportModel)" time="4.402" />
  <testcase classname="ptolemy.vergil.basic.export.test.junit.ExportModelJUnitTestBatch1" name="[127] ptolemy/actor/lib/hoc/demo/Case/Case.xml (RunExportModel)" time="4.379" />
  <testcase classname="ptolemy.vergil.basic.export.test.junit.ExportModelJUnitTestBatch1" name="[128] ptolemy/actor/lib/hoc/demo/DFTSubSet/DFTSubSet.xml (RunExportModel)" time="5.878" />
  <testcase classname="ptolemy.vergil.basic.export.test.junit.ExportModelJUnitTestBatch1" name="[129] ptolemy/actor/lib/hoc/demo/HocDE/HocDE.xml (RunExportModel)" time="4.806" />
  <testcase classname="ptolemy.vergil.basic.export.test.junit.ExportModelJUnitTestBatch1" name="[130] ptolemy/actor/lib/hoc/demo/IterateOverArray/IterateOverArray.xml (RunExportModel)" time="4.903" />
  <testcase classname="ptolemy.vergil.basic.export.test.junit.ExportModelJUnitTestBatch1" name="[131] ptolemy/actor/lib/hoc/demo/MobileFunction/MobileFunction.xml (RunExportModel)" time="4.172" />
  <testcase classname="ptolemy.vergil.basic.export.test.junit.ExportModelJUnitTestBatch1" name="[132] ptolemy/actor/lib/hoc/demo/ModelReference/ModelReference.xml (RunExportModel)" time="34.265" />
  <testcase classname="ptolemy.vergil.basic.export.test.junit.ExportModelJUnitTestBatch1" name="[133] ptolemy/actor/lib/hoc/demo/ThreadedComposite/BackgroundExecution.xml (RunExportModel)" time="13.188" />
  <testcase classname="ptolemy.vergil.basic.export.test.junit.ExportModelJUnitTestBatch1" name="[134] ptolemy/actor/lib/hoc/demo/ThreadedComposite/ConcurrentChat.xml (RunExportModel)" time="3.174" />
  <testcase classname="ptolemy.vergil.basic.export.test.junit.ExportModelJUnitTestBatch1" name="[135] ptolemy/actor/lib/hoc/demo/ThreadedComposite/MulticoreExecution.xml (RunExportModel)" time="14.248" />
  <testcase classname="ptolemy.vergil.basic.export.test.junit.ExportModelJUnitTestBatch1" name="[136] ptolemy/actor/lib/hoc/demo/ThreadedComposite/ParallelExecution.xml (RunExportModel)" time="13.192" />
  <testcase classname="ptolemy.vergil.basic.export.test.junit.ExportModelJUnitTestBatch1" name="[137] ptolemy/actor/lib/hoc/demo/ThreadedComposite/SpontaneousSources.xml (RunExportModel)" time="3.173" />
  <testcase classname="ptolemy.vergil.basic.export.test.junit.ExportModelJUnitTestBatch1" name="[138] ptolemy/actor/lib/hoc/demo/ThreadedComposite/ThreadedComposite.xml (RunExportModel)" time="3.133" />
  <testcase classname="ptolemy.vergil.basic.export.test.junit.ExportModelJUnitTestBatch1" name="[139] ptolemy/actor/lib/io/comm/demo/SerialConsole/SerialConsole.xml (RunExportModel)" time="3.174" />
  <testcase classname="ptolemy.vergil.basic.export.test.junit.ExportModelJUnitTestBatch1" name="[140] ptolemy/actor/lib/io/comm/demo/SerialPort/SerialPort.xml (RunExportModel)" time="3.151" />
  <testcase classname="ptolemy.vergil.basic.export.test.junit.ExportModelJUnitTestBatch1" name="[141] ptolemy/actor/lib/io/comm/demo/XBee/XBee.xml (RunExportModel)" time="3.15" />
  <testcase classname="ptolemy.vergil.basic.export.test.junit.ExportModelJUnitTestBatch1" name="[142] ptolemy/actor/lib/io/demo/AppendToFile/AppendToFile.xml (RunExportModel)" time="3.134" />
  <testcase classname="ptolemy.vergil.basic.export.test.junit.ExportModelJUnitTestBatch1" name="[143] ptolemy/actor/lib/io/demo/CopyFile/CopyFile.xml (RunExportModel)" time="3.131" />
  <testcase classname="ptolemy.vergil.basic.export.test.junit.ExportModelJUnitTestBatch1" name="[144] ptolemy/actor/lib/io/demo/FilePortParameter/FilePortParameter.xml (RunExportModel)" time="3.17" />
  <testcase classname="ptolemy.vergil.basic.export.test.junit.ExportModelJUnitTestBatch1" name="[145] ptolemy/actor/lib/io/demo/ReadExpressionsCommandLine/ReadExpressionsCommandLine.xml (RunExportModel)" time="3.122" />
  <testcase classname="ptolemy.vergil.basic.export.test.junit.ExportModelJUnitTestBatch1" name="[146] ptolemy/actor/lib/io/demo/ReadStdIn/ReadStdIn.xml (RunExportModel)" time="3.131" />
  <testcase classname="ptolemy.vergil.basic.export.test.junit.ExportModelJUnitTestBatch1" name="[147] ptolemy/actor/lib/jai/demo/AdaptiveMedian/AdaptiveMedian.xml (RunExportModel)" time="5.018" />
  <testcase classname="ptolemy.vergil.basic.export.test.junit.ExportModelJUnitTestBatch1" name="[148] ptolemy/actor/lib/jai/demo/ImageReconstruction/ImageReconstruction.xml (RunExportModel)" time="4.244" />
  <testcase classname="ptolemy.vergil.basic.export.test.junit.ExportModelJUnitTestBatch1" name="[149] ptolemy/actor/lib/jai/demo/VQSequenceDisplay/VQSequenceDisplay.xml (RunExportModel)" time="4.867" />
  <system-out><![CDATA[ExportModeJUnitTestBatch: There are 745 demos. Exporting demos: 1 to 150.
####### 1 Mon May 28 01:27:25 UTC 2018 $PTII/bin/ptinvoke ptolemy.vergil.basic.export.ExportModel -force htm  -openComposites -timeOut 30000 -whiteBackground lbnl/demo/MatlabRoom/MatlabRoom.xml $PTII/lbnl/demo/MatlabRoom/MatlabRoom
Warning: not running lbnl/demo/MatlabRoom/MatlabRoom.xml. See ptolemy/vergil/basic/export/test/junit/ExportModelJUnitTest.java
Exported /home/travis/build/icyphy/ptII/lbnl/demo/MatlabRoom/MatlabRoom/index.html
6954 ms. Memory: 152576K Free: 64381K (42%)
####### 2 Mon May 28 01:27:32 UTC 2018 $PTII/bin/ptinvoke ptolemy.vergil.basic.export.ExportModel -force htm  -openComposites -timeOut 30000 -whiteBackground lbnl/demo/SystemCommand/SystemCommand.xml $PTII/lbnl/demo/SystemCommand/SystemCommand
Warning: not running lbnl/demo/SystemCommand/SystemCommand.xml. See ptolemy/vergil/basic/export/test/junit/ExportModelJUnitTest.java
Exported /home/travis/build/icyphy/ptII/lbnl/demo/SystemCommand/SystemCommand/index.html
3939 ms. Memory: 205312K Free: 112547K (55%)
####### 3 Mon May 28 01:27:35 UTC 2018 $PTII/bin/ptinvoke ptolemy.vergil.basic.export.ExportModel -force htm  -openComposites -timeOut 30000 -whiteBackground org/hlacerti/demo/Billard/2Billes1Fed/2Billes1Fed.xml $PTII/org/hlacerti/demo/Billard/2Billes1Fed/2Billes1Fed
Warning: not running org/hlacerti/demo/Billard/2Billes1Fed/2Billes1Fed.xml. See ptolemy/vergil/basic/export/test/junit/ExportModelJUnitTest.java
----------------- Mon May 28 01:27:35 UTC 2018 About to sleep for 5.0 seconds before running or rerunning.  Test is: /home/travis/build/icyphy/ptII/org/hlacerti/demo/Billard/2Billes1Fed/2Billes1Fed.xml
Done sleeping
Exported /home/travis/build/icyphy/ptII/org/hlacerti/demo/Billard/2Billes1Fed/2Billes1Fed/index.html
3440 ms. Memory: 205824K Free: 129142K (63%)
####### 4 Mon May 28 01:27:44 UTC 2018 $PTII/bin/ptinvoke ptolemy.vergil.basic.export.ExportModel -force htm  -openComposites -timeOut 30000 -whiteBackground org/hlacerti/demo/Billard/2Billes1Fed/PoolTable2.xml $PTII/org/hlacerti/demo/Billard/2Billes1Fed/PoolTable2
Warning: not running org/hlacerti/demo/Billard/2Billes1Fed/PoolTable2.xml. See ptolemy/vergil/basic/export/test/junit/ExportModelJUnitTest.java
----------------- Mon May 28 01:27:44 UTC 2018 About to sleep for 5.0 seconds before running or rerunning.  Test is: /home/travis/build/icyphy/ptII/org/hlacerti/demo/Billard/2Billes1Fed/PoolTable2.xml
Done sleeping
Exported /home/travis/build/icyphy/ptII/org/hlacerti/demo/Billard/2Billes1Fed/PoolTable2/index.html
3562 ms. Memory: 240640K Free: 142518K (59%)
####### 5 Mon May 28 01:27:52 UTC 2018 $PTII/bin/ptinvoke ptolemy.vergil.basic.export.ExportModel -force htm  -openComposites -timeOut 30000 -whiteBackground org/hlacerti/demo/Billard/2Billes1Fed/TwoBilliardBalls.xml $PTII/org/hlacerti/demo/Billard/2Billes1Fed/TwoBilliardBalls
Warning: not running org/hlacerti/demo/Billard/2Billes1Fed/TwoBilliardBalls.xml. See ptolemy/vergil/basic/export/test/junit/ExportModelJUnitTest.java
----------------- Mon May 28 01:27:52 UTC 2018 About to sleep for 5.0 seconds before running or rerunning.  Test is: /home/travis/build/icyphy/ptII/org/hlacerti/demo/Billard/2Billes1Fed/TwoBilliardBalls.xml
Done sleeping
Exported /home/travis/build/icyphy/ptII/org/hlacerti/demo/Billard/2Billes1Fed/TwoBilliardBalls/index.html
3997 ms. Memory: 280064K Free: 247210K (88%)
####### 6 Mon May 28 01:28:01 UTC 2018 $PTII/bin/ptinvoke ptolemy.vergil.basic.export.ExportModel -force htm  -openComposites -timeOut 30000 -whiteBackground org/hlacerti/demo/Billard/2Billes2Fed/2Billes2Fed.xml $PTII/org/hlacerti/demo/Billard/2Billes2Fed/2Billes2Fed
Warning: not running org/hlacerti/demo/Billard/2Billes2Fed/2Billes2Fed.xml. See ptolemy/vergil/basic/export/test/junit/ExportModelJUnitTest.java
----------------- Mon May 28 01:28:01 UTC 2018 About to sleep for 5.0 seconds before running or rerunning.  Test is: /home/travis/build/icyphy/ptII/org/hlacerti/demo/Billard/2Billes2Fed/2Billes2Fed.xml
Done sleeping
Exported /home/travis/build/icyphy/ptII/org/hlacerti/demo/Billard/2Billes2Fed/2Billes2Fed/index.html
3348 ms. Memory: 280064K Free: 110567K (39%)
####### 7 Mon May 28 01:28:10 UTC 2018 $PTII/bin/ptinvoke ptolemy.vergil.basic.export.ExportModel -force htm  -openComposites -timeOut 30000 -whiteBackground org/hlacerti/demo/Billard/2Billes2Fed/BillardBall1.xml $PTII/org/hlacerti/demo/Billard/2Billes2Fed/BillardBall1
Warning: not running org/hlacerti/demo/Billard/2Billes2Fed/BillardBall1.xml. See ptolemy/vergil/basic/export/test/junit/ExportModelJUnitTest.java
----------------- Mon May 28 01:28:10 UTC 2018 About to sleep for 5.0 seconds before running or rerunning.  Test is: /home/travis/build/icyphy/ptII/org/hlacerti/demo/Billard/2Billes2Fed/BillardBall1.xml
Done sleeping
Exported /home/travis/build/icyphy/ptII/org/hlacerti/demo/Billard/2Billes2Fed/BillardBall1/index.html
3507 ms. Memory: 280576K Free: 121162K (43%)
####### 8 Mon May 28 01:28:18 UTC 2018 $PTII/bin/ptinvoke ptolemy.vergil.basic.export.ExportModel -force htm  -openComposites -timeOut 30000 -whiteBackground org/hlacerti/demo/Billard/2Billes2Fed/BillardBall2.xml $PTII/org/hlacerti/demo/Billard/2Billes2Fed/BillardBall2
Warning: not running org/hlacerti/demo/Billard/2Billes2Fed/BillardBall2.xml. See ptolemy/vergil/basic/export/test/junit/ExportModelJUnitTest.java
----------------- Mon May 28 01:28:18 UTC 2018 About to sleep for 5.0 seconds before running or rerunning.  Test is: /home/travis/build/icyphy/ptII/org/hlacerti/demo/Billard/2Billes2Fed/BillardBall2.xml
Done sleeping
Exported /home/travis/build/icyphy/ptII/org/hlacerti/demo/Billard/2Billes2Fed/BillardBall2/index.html
3488 ms. Memory: 316928K Free: 163812K (52%)
####### 9 Mon May 28 01:28:27 UTC 2018 $PTII/bin/ptinvoke ptolemy.vergil.basic.export.ExportModel -force htm  -openComposites -timeOut 30000 -whiteBackground org/hlacerti/demo/Billard/2Billes2Fed/BillardTable.xml $PTII/org/hlacerti/demo/Billard/2Billes2Fed/BillardTable
Warning: not running org/hlacerti/demo/Billard/2Billes2Fed/BillardTable.xml. See ptolemy/vergil/basic/export/test/junit/ExportModelJUnitTest.java
----------------- Mon May 28 01:28:27 UTC 2018 About to sleep for 5.0 seconds before running or rerunning.  Test is: /home/travis/build/icyphy/ptII/org/hlacerti/demo/Billard/2Billes2Fed/BillardTable.xml
Done sleeping
Exported /home/travis/build/icyphy/ptII/org/hlacerti/demo/Billard/2Billes2Fed/BillardTable/index.html
3366 ms. Memory: 319488K Free: 255230K (80%)
####### 10 Mon May 28 01:28:35 UTC 2018 $PTII/bin/ptinvoke ptolemy.vergil.basic.export.ExportModel -force htm  -openComposites -timeOut 30000 -whiteBackground org/hlacerti/demo/Billard/Billard.xml $PTII/org/hlacerti/demo/Billard/Billard
Warning: not running org/hlacerti/demo/Billard/Billard.xml. See ptolemy/vergil/basic/export/test/junit/ExportModelJUnitTest.java
----------------- Mon May 28 01:28:35 UTC 2018 About to sleep for 5.0 seconds before running or rerunning.  Test is: /home/travis/build/icyphy/ptII/org/hlacerti/demo/Billard/Billard.xml
Done sleeping
Exported /home/travis/build/icyphy/ptII/org/hlacerti/demo/Billard/Billard/index.html
3206 ms. Memory: 319488K Free: 137168K (43%)
####### 11 Mon May 28 01:28:43 UTC 2018 $PTII/bin/ptinvoke ptolemy.vergil.basic.export.ExportModel -force htm  -openComposites -timeOut 30000 -whiteBackground org/hlacerti/demo/f14HLA/f14HLA.xml $PTII/org/hlacerti/demo/f14HLA/f14HLA
Warning: not running org/hlacerti/demo/f14HLA/f14HLA.xml. See ptolemy/vergil/basic/export/test/junit/ExportModelJUnitTest.java
----------------- Mon May 28 01:28:43 UTC 2018 About to sleep for 5.0 seconds before running or rerunning.  Test is: /home/travis/build/icyphy/ptII/org/hlacerti/demo/f14HLA/f14HLA.xml
Done sleeping
Exported /home/travis/build/icyphy/ptII/org/hlacerti/demo/f14HLA/f14HLA/index.html
3166 ms. Memory: 310784K Free: 264706K (85%)
####### 12 Mon May 28 01:28:52 UTC 2018 $PTII/bin/ptinvoke ptolemy.vergil.basic.export.ExportModel -force htm  -openComposites -timeOut 30000 -whiteBackground org/hlacerti/demo/IntegrationTests/IntegrationTests.xml $PTII/org/hlacerti/demo/IntegrationTests/IntegrationTests
Warning: not running org/hlacerti/demo/IntegrationTests/IntegrationTests.xml. See ptolemy/vergil/basic/export/test/junit/ExportModelJUnitTest.java
----------------- Mon May 28 01:28:52 UTC 2018 About to sleep for 5.0 seconds before running or rerunning.  Test is: /home/travis/build/icyphy/ptII/org/hlacerti/demo/IntegrationTests/IntegrationTests.xml
Done sleeping
Exported /home/travis/build/icyphy/ptII/org/hlacerti/demo/IntegrationTests/IntegrationTests/index.html
3162 ms. Memory: 310784K Free: 146926K (47%)
####### 13 Mon May 28 01:29:00 UTC 2018 $PTII/bin/ptinvoke ptolemy.vergil.basic.export.ExportModel -force htm  -openComposites -timeOut 30000 -whiteBackground org/hlacerti/demo/IntegrationTests/TimeAdvancing1Federate/TimeAdvancing1Federate.xml $PTII/org/hlacerti/demo/IntegrationTests/TimeAdvancing1Federate/TimeAdvancing1Federate
Warning: not running org/hlacerti/demo/IntegrationTests/TimeAdvancing1Federate/TimeAdvancing1Federate.xml. See ptolemy/vergil/basic/export/test/junit/ExportModelJUnitTest.java
----------------- Mon May 28 01:29:00 UTC 2018 About to sleep for 5.0 seconds before running or rerunning.  Test is: /home/travis/build/icyphy/ptII/org/hlacerti/demo/IntegrationTests/TimeAdvancing1Federate/TimeAdvancing1Federate.xml
Done sleeping
Exported /home/travis/build/icyphy/ptII/org/hlacerti/demo/IntegrationTests/TimeAdvancing1Federate/TimeAdvancing1Federate/index.html
3185 ms. Memory: 299520K Free: 259438K (87%)
####### 14 Mon May 28 01:29:08 UTC 2018 $PTII/bin/ptinvoke ptolemy.vergil.basic.export.ExportModel -force htm  -openComposites -timeOut 30000 -whiteBackground org/hlacerti/demo/IntegrationTests/TimeAdvancing2Federates/testTimeAdvancingF1.xml $PTII/org/hlacerti/demo/IntegrationTests/TimeAdvancing2Federates/testTimeAdvancingF1
Warning: not running org/hlacerti/demo/IntegrationTests/TimeAdvancing2Federates/testTimeAdvancingF1.xml. See ptolemy/vergil/basic/export/test/junit/ExportModelJUnitTest.java
----------------- Mon May 28 01:29:08 UTC 2018 About to sleep for 5.0 seconds before running or rerunning.  Test is: /home/travis/build/icyphy/ptII/org/hlacerti/demo/IntegrationTests/TimeAdvancing2Federates/testTimeAdvancingF1.xml
Done sleeping
Exported /home/travis/build/icyphy/ptII/org/hlacerti/demo/IntegrationTests/TimeAdvancing2Federates/testTimeAdvancingF1/index.html
3228 ms. Memory: 299520K Free: 135070K (45%)
####### 15 Mon May 28 01:29:16 UTC 2018 $PTII/bin/ptinvoke ptolemy.vergil.basic.export.ExportModel -force htm  -openComposites -timeOut 30000 -whiteBackground org/hlacerti/demo/IntegrationTests/TimeAdvancing2Federates/testTimeAdvancingF2.xml $PTII/org/hlacerti/demo/IntegrationTests/TimeAdvancing2Federates/testTimeAdvancingF2
Warning: not running org/hlacerti/demo/IntegrationTests/TimeAdvancing2Federates/testTimeAdvancingF2.xml. See ptolemy/vergil/basic/export/test/junit/ExportModelJUnitTest.java
----------------- Mon May 28 01:29:16 UTC 2018 About to sleep for 5.0 seconds before running or rerunning.  Test is: /home/travis/build/icyphy/ptII/org/hlacerti/demo/IntegrationTests/TimeAdvancing2Federates/testTimeAdvancingF2.xml
Done sleeping
Exported /home/travis/build/icyphy/ptII/org/hlacerti/demo/IntegrationTests/TimeAdvancing2Federates/testTimeAdvancingF2/index.html
3180 ms. Memory: 283648K Free: 235665K (83%)
####### 16 Mon May 28 01:29:24 UTC 2018 $PTII/bin/ptinvoke ptolemy.vergil.basic.export.ExportModel -force htm  -openComposites -timeOut 30000 -whiteBackground org/hlacerti/demo/IntegrationTests/TimeAdvancing2Federates/TimeAdvancing2Federates.xml $PTII/org/hlacerti/demo/IntegrationTests/TimeAdvancing2Federates/TimeAdvancing2Federates
Warning: not running org/hlacerti/demo/IntegrationTests/TimeAdvancing2Federates/TimeAdvancing2Federates.xml. See ptolemy/vergil/basic/export/test/junit/ExportModelJUnitTest.java
----------------- Mon May 28 01:29:24 UTC 2018 About to sleep for 5.0 seconds before running or rerunning.  Test is: /home/travis/build/icyphy/ptII/org/hlacerti/demo/IntegrationTests/TimeAdvancing2Federates/TimeAdvancing2Federates.xml
Done sleeping
Exported /home/travis/build/icyphy/ptII/org/hlacerti/demo/IntegrationTests/TimeAdvancing2Federates/TimeAdvancing2Federates/index.html
3181 ms. Memory: 283648K Free: 111431K (39%)
####### 17 Mon May 28 01:29:33 UTC 2018 $PTII/bin/ptinvoke ptolemy.vergil.basic.export.ExportModel -force htm  -openComposites -timeOut 30000 -whiteBackground org/hlacerti/demo/IntegrationTests/TimeAdvancing2FederatesIntervalEvents/testTimeAdvancingF1.xml $PTII/org/hlacerti/demo/IntegrationTests/TimeAdvancing2FederatesIntervalEvents/testTimeAdvancingF1
Warning: not running org/hlacerti/demo/IntegrationTests/TimeAdvancing2FederatesIntervalEvents/testTimeAdvancingF1.xml. See ptolemy/vergil/basic/export/test/junit/ExportModelJUnitTest.java
----------------- Mon May 28 01:29:33 UTC 2018 About to sleep for 5.0 seconds before running or rerunning.  Test is: /home/travis/build/icyphy/ptII/org/hlacerti/demo/IntegrationTests/TimeAdvancing2FederatesIntervalEvents/testTimeAdvancingF1.xml
Done sleeping
Exported /home/travis/build/icyphy/ptII/org/hlacerti/demo/IntegrationTests/TimeAdvancing2FederatesIntervalEvents/testTimeAdvancingF1/index.html
3184 ms. Memory: 276992K Free: 204674K (74%)
####### 18 Mon May 28 01:29:41 UTC 2018 $PTII/bin/ptinvoke ptolemy.vergil.basic.export.ExportModel -force htm  -openComposites -timeOut 30000 -whiteBackground org/hlacerti/demo/IntegrationTests/TimeAdvancing2FederatesIntervalEvents/testTimeAdvancingF2InternalEvent.xml $PTII/org/hlacerti/demo/IntegrationTests/TimeAdvancing2FederatesIntervalEvents/testTimeAdvancingF2InternalEvent
Warning: not running org/hlacerti/demo/IntegrationTests/TimeAdvancing2FederatesIntervalEvents/testTimeAdvancingF2InternalEvent.xml. See ptolemy/vergil/basic/export/test/junit/ExportModelJUnitTest.java
----------------- Mon May 28 01:29:41 UTC 2018 About to sleep for 5.0 seconds before running or rerunning.  Test is: /home/travis/build/icyphy/ptII/org/hlacerti/demo/IntegrationTests/TimeAdvancing2FederatesIntervalEvents/testTimeAdvancingF2InternalEvent.xml
Done sleeping
Exported /home/travis/build/icyphy/ptII/org/hlacerti/demo/IntegrationTests/TimeAdvancing2FederatesIntervalEvents/testTimeAdvancingF2InternalEvent/index.html
3172 ms. Memory: 276992K Free: 80625K (29%)
####### 19 Mon May 28 01:29:49 UTC 2018 $PTII/bin/ptinvoke ptolemy.vergil.basic.export.ExportModel -force htm  -openComposites -timeOut 30000 -whiteBackground org/hlacerti/demo/IntegrationTests/TimeAdvancing2FederatesIntervalEvents/TimeAdvancing2FederatesIntervalEvents.xml $PTII/org/hlacerti/demo/IntegrationTests/TimeAdvancing2FederatesIntervalEvents/TimeAdvancing2FederatesIntervalEvents
Warning: not running org/hlacerti/demo/IntegrationTests/TimeAdvancing2FederatesIntervalEvents/TimeAdvancing2FederatesIntervalEvents.xml. See ptolemy/vergil/basic/export/test/junit/ExportModelJUnitTest.java
----------------- Mon May 28 01:29:49 UTC 2018 About to sleep for 5.0 seconds before running or rerunning.  Test is: /home/travis/build/icyphy/ptII/org/hlacerti/demo/IntegrationTests/TimeAdvancing2FederatesIntervalEvents/TimeAdvancing2FederatesIntervalEvents.xml
Done sleeping
Exported /home/travis/build/icyphy/ptII/org/hlacerti/demo/IntegrationTests/TimeAdvancing2FederatesIntervalEvents/TimeAdvancing2FederatesIntervalEvents/index.html
3149 ms. Memory: 267776K Free: 170324K (64%)
####### 20 Mon May 28 01:29:57 UTC 2018 $PTII/bin/ptinvoke ptolemy.vergil.basic.export.ExportModel -force htm  -openComposites -timeOut 30000 -whiteBackground org/hlacerti/demo/SynchronizeToRealTime/SynchronizeToRealTime.xml $PTII/org/hlacerti/demo/SynchronizeToRealTime/SynchronizeToRealTime
Warning: not running org/hlacerti/demo/SynchronizeToRealTime/SynchronizeToRealTime.xml. See ptolemy/vergil/basic/export/test/junit/ExportModelJUnitTest.java
----------------- Mon May 28 01:29:57 UTC 2018 About to sleep for 5.0 seconds before running or rerunning.  Test is: /home/travis/build/icyphy/ptII/org/hlacerti/demo/SynchronizeToRealTime/SynchronizeToRealTime.xml
Done sleeping
Exported /home/travis/build/icyphy/ptII/org/hlacerti/demo/SynchronizeToRealTime/SynchronizeToRealTime/index.html
3313 ms. Memory: 261120K Free: 141275K (54%)
####### 21 Mon May 28 01:30:05 UTC 2018 $PTII/bin/ptinvoke ptolemy.vergil.basic.export.ExportModel -force htm -run -openComposites -timeOut 30000 -whiteBackground org/ptolemy/machineImprovisation/demo/JazzImprovisation/JazzImprovisation.xml $PTII/org/ptolemy/machineImprovisation/demo/JazzImprovisation/JazzImprovisation
Running .JazzImprovisation
Chord: E7 Tones:[E, F#, G#, B, C#, D] Note being tested: E4
Accepted Note: E4
Chord: E7 Tones:[E, F#, G#, B, C#, D] Note being tested: G4
Chord: E7 Tones:[E, F#, G#, B, C#, D] Note being tested: G#4
Accepted Note: G#4
Chord: E7 Tones:[E, F#, G#, B, C#, D] Note being tested: B4
Accepted Note: B4
Chord: E7 Tones:[E, F#, G#, B, C#, D] Note being tested: D5
Accepted Note: D5
Chord: E7 Tones:[E, F#, G#, B, C#, D] Note being tested: F5
Chord: E7 Tones:[E, F#, G#, B, C#, D] Note being tested: G#5
Accepted Note: G#5
Chord: E7 Tones:[E, F#, G#, B, C#, D] Note being tested: E5
Accepted Note: E5
Chord: E7 Tones:[E, F#, G#, B, C#, D] Note being tested: G5
Chord: E7 Tones:[E, F#, G#, B, C#, D] Note being tested: C#5
Accepted Note: C#5
Chord: E7 Tones:[E, F#, G#, B, C#, D] Note being tested: F#4
Accepted Note: F#4
Chord: E7 Tones:[E, F#, G#, B, C#, D] Note being tested: D#5
Chord: E7 Tones:[E, F#, G#, B, C#, D] Note being tested: A4
Chord: E7 Tones:[E, F#, G#, B, C#, D] Note being tested: B4
Accepted Note: B4
Chord: E7 Tones:[E, F#, G#, B, C#, D] Note being tested: A#4
Chord: E7 Tones:[E, F#, G#, B, C#, D] Note being tested: G#4
Accepted Note: G#4
Chord: E7 Tones:[E, F#, G#, B, C#, D] Note being tested: G4
Chord: E7 Tones:[E, F#, G#, B, C#, D] Note being tested: F#4
Accepted Note: F#4
Chord: E7 Tones:[E, F#, G#, B, C#, D] Note being tested: F4
Chord: E7 Tones:[E, F#, G#, B, C#, D] Note being tested: E4
Accepted Note: E4
Chord: E7 Tones:[E, F#, G#, B, C#, D] Note being tested: D4
Accepted Note: D4
Chord: E7 Tones:[E, F#, G#, B, C#, D] Note being tested: D#4
Chord: E7 Tones:[E, F#, G#, B, C#, D] Note being tested: A#4
Chord: E7 Tones:[E, F#, G#, B, C#, D] Note being tested: B4
Accepted Note: B4
Chord: E7 Tones:[E, F#, G#, B, C#, D] Note being tested: A#4
Chord: E7 Tones:[E, F#, G#, B, C#, D] Note being tested: G#4
Accepted Note: G#4
Chord: E7 Tones:[E, F#, G#, B, C#, D] Note being tested: G4
Chord: E7 Tones:[E, F#, G#, B, C#, D] Note being tested: F#4
Accepted Note: F#4
Chord: E7 Tones:[E, F#, G#, B, C#, D] Note being tested: F4
Chord: E7 Tones:[E, F#, G#, B, C#, D] Note being tested: E4
Accepted Note: E4
Chord: E7 Tones:[E, F#, G#, B, C#, D] Note being tested: D4
Accepted Note: D4
Chord: E7 Tones:[E, F#, G#, B, C#, D] Note being tested: D#4
Chord: E7 Tones:[E, F#, G#, B, C#, D] Note being tested: G4
Chord: E7 Tones:[E, F#, G#, B, C#, D] Note being tested: A4
Chord: E7 Tones:[E, F#, G#, B, C#, D] Note being tested: C#5
Accepted Note: C#5
Chord: E7 Tones:[E, F#, G#, B, C#, D] Note being tested: F5
Chord: E7 Tones:[E, F#, G#, B, C#, D] Note being tested: A5
Chord: E7 Tones:[E, F#, G#, B, C#, D] Note being tested: G4
Chord: E7 Tones:[E, F#, G#, B, C#, D] Note being tested: A4
Chord: E7 Tones:[E, F#, G#, B, C#, D] Note being tested: C#5
Accepted Note: C#5
Chord: E7 Tones:[E, F#, G#, B, C#, D] Note being tested: F5
Chord: E7 Tones:[E, F#, G#, B, C#, D] Note being tested: A5
Chord: E7 Tones:[E, F#, G#, B, C#, D] Note being tested: G4
Chord: E7 Tones:[E, F#, G#, B, C#, D] Note being tested: A4
Chord: E7 Tones:[E, F#, G#, B, C#, D] Note being tested: C#5
Accepted Note: C#5
Chord: E7 Tones:[E, F#, G#, B, C#, D] Note being tested: F5
Chord: E7 Tones:[E, F#, G#, B, C#, D] Note being tested: A5
Chord: E7 Tones:[E, F#, G#, B, C#, D] Note being tested: G4
Chord: E7 Tones:[E, F#, G#, B, C#, D] Note being tested: A#4
Chord: E7 Tones:[E, F#, G#, B, C#, D] Note being tested: G4
Chord: E7 Tones:[E, F#, G#, B, C#, D] Note being tested: A4
Chord: E7 Tones:[E, F#, G#, B, C#, D] Note being tested: C#5
Accepted Note: C#5
Chord: E7 Tones:[E, F#, G#, B, C#, D] Note being tested: F5
Chord: E7 Tones:[E, F#, G#, B, C#, D] Note being tested: A5
Chord: E7 Tones:[E, F#, G#, B, C#, D] Note being tested: G4
Chord: E7 Tones:[E, F#, G#, B, C#, D] Note being tested: A4
Chord: E7 Tones:[E, F#, G#, B, C#, D] Note being tested: C#5
Accepted Note: C#5
Chord: E7 Tones:[E, F#, G#, B, C#, D] Note being tested: F5
Chord: E7 Tones:[E, F#, G#, B, C#, D] Note being tested: A5
Chord: E7 Tones:[E, F#, G#, B, C#, D] Note being tested: G4
Chord: E7 Tones:[E, F#, G#, B, C#, D] Note being tested: A4
Chord: E7 Tones:[E, F#, G#, B, C#, D] Note being tested: C#5
Accepted Note: C#5
Chord: E7 Tones:[E, F#, G#, B, C#, D] Note being tested: F5
Chord: E7 Tones:[E, F#, G#, B, C#, D] Note being tested: A5
Chord: E7 Tones:[E, F#, G#, B, C#, D] Note being tested: E4
Accepted Note: E4
Chord: E7 Tones:[E, F#, G#, B, C#, D] Note being tested: G4
Chord: E7 Tones:[E, F#, G#, B, C#, D] Note being tested: G#4
Accepted Note: G#4
Chord: E7 Tones:[E, F#, G#, B, C#, D] Note being tested: B4
Accepted Note: B4
Chord: E7 Tones:[E, F#, G#, B, C#, D] Note being tested: D5
Accepted Note: D5
Chord: E7 Tones:[E, F#, G#, B, C#, D] Note being tested: F5
Chord: E7 Tones:[E, F#, G#, B, C#, D] Note being tested: G#5
Accepted Note: G#5
Chord: E7 Tones:[E, F#, G#, B, C#, D] Note being tested: E5
Accepted Note: E5
Chord: E7 Tones:[E, F#, G#, B, C#, D] Note being tested: G5
Chord: E7 Tones:[E, F#, G#, B, C#, D] Note being tested: C#5
Accepted Note: C#5
Chord: E7 Tones:[E, F#, G#, B, C#, D] Note being tested: F#4
Accepted Note: F#4
Chord: E7 Tones:[E, F#, G#, B, C#, D] Note being tested: D#5
Chord: E7 Tones:[E, F#, G#, B, C#, D] Note being tested: A4
Chord: E7 Tones:[E, F#, G#, B, C#, D] Note being tested: B4
Accepted Note: B4
Chord: E7 Tones:[E, F#, G#, B, C#, D] Note being tested: A#4
Chord: E7 Tones:[E, F#, G#, B, C#, D] Note being tested: G#4
Accepted Note: G#4
Chord: E7 Tones:[E, F#, G#, B, C#, D] Note being tested: G4
Chord: E7 Tones:[E, F#, G#, B, C#, D] Note being tested: F#4
Accepted Note: F#4
Chord: E7 Tones:[E, F#, G#, B, C#, D] Note being tested: F4
Chord: E7 Tones:[E, F#, G#, B, C#, D] Note being tested: E4
Accepted Note: E4
Chord: E7 Tones:[E, F#, G#, B, C#, D] Note being tested: D4
Accepted Note: D4
Chord: E7 Tones:[E, F#, G#, B, C#, D] Note being tested: D#4
Chord: E7 Tones:[E, F#, G#, B, C#, D] Note being tested: G4
Chord: E7 Tones:[E, F#, G#, B, C#, D] Note being tested: A4
Chord: E7 Tones:[E, F#, G#, B, C#, D] Note being tested: C#5
Accepted Note: C#5
Chord: E7 Tones:[E, F#, G#, B, C#, D] Note being tested: F5
Chord: E7 Tones:[E, F#, G#, B, C#, D] Note being tested: A5
Chord: E7 Tones:[E, F#, G#, B, C#, D] Note being tested: G4
Chord: E7 Tones:[E, F#, G#, B, C#, D] Note being tested: A4
Chord: E7 Tones:[E, F#, G#, B, C#, D] Note being tested: C#5
Accepted Note: C#5
Chord: E7 Tones:[E, F#, G#, B, C#, D] Note being tested: F5
Chord: E7 Tones:[E, F#, G#, B, C#, D] Note being tested: A5
Chord: E7 Tones:[E, F#, G#, B, C#, D] Note being tested: G4
Chord: E7 Tones:[E, F#, G#, B, C#, D] Note being tested: A4
Chord: E7 Tones:[E, F#, G#, B, C#, D] Note being tested: C#5
Accepted Note: C#5
Chord: E7 Tones:[E, F#, G#, B, C#, D] Note being tested: F5
Chord: E7 Tones:[E, F#, G#, B, C#, D] Note being tested: A5
Chord: E7 Tones:[E, F#, G#, B, C#, D] Note being tested: A#4
Chord: E7 Tones:[E, F#, G#, B, C#, D] Note being tested: B4
Accepted Note: B4
Chord: E7 Tones:[E, F#, G#, B, C#, D] Note being tested: A#4
Chord: E7 Tones:[E, F#, G#, B, C#, D] Note being tested: G#4
Accepted Note: G#4
Chord: E7 Tones:[E, F#, G#, B, C#, D] Note being tested: G4
Chord: E7 Tones:[E, F#, G#, B, C#, D] Note being tested: F#4
Accepted Note: F#4
Chord: E7 Tones:[E, F#, G#, B, C#, D] Note being tested: F4
Chord: E7 Tones:[E, F#, G#, B, C#, D] Note being tested: E4
Accepted Note: E4
Chord: E7 Tones:[E, F#, G#, B, C#, D] Note being tested: D4
Accepted Note: D4
Chord: E7 Tones:[E, F#, G#, B, C#, D] Note being tested: D#4
Chord: E7 Tones:[E, F#, G#, B, C#, D] Note being tested: G4
Chord: E7 Tones:[E, F#, G#, B, C#, D] Note being tested: A4
Chord: E7 Tones:[E, F#, G#, B, C#, D] Note being tested: C#5
Accepted Note: C#5
Chord: E7 Tones:[E, F#, G#, B, C#, D] Note being tested: F5
Chord: E7 Tones:[E, F#, G#, B, C#, D] Note being tested: A5
Chord: E7 Tones:[E, F#, G#, B, C#, D] Note being tested: G4
Chord: E7 Tones:[E, F#, G#, B, C#, D] Note being tested: A4
Chord: E7 Tones:[E, F#, G#, B, C#, D] Note being tested: C#5
Accepted Note: C#5
Chord: E7 Tones:[E, F#, G#, B, C#, D] Note being tested: F5
Chord: E7 Tones:[E, F#, G#, B, C#, D] Note being tested: A5
Chord: E7 Tones:[E, F#, G#, B, C#, D] Note being tested: G4
Chord: E7 Tones:[E, F#, G#, B, C#, D] Note being tested: A4
Chord: E7 Tones:[E, F#, G#, B, C#, D] Note being tested: C#5
Accepted Note: C#5
Chord: E7 Tones:[E, F#, G#, B, C#, D] Note being tested: F5
Chord: E7 Tones:[E, F#, G#, B, C#, D] Note being tested: A5
Chord: E7 Tones:[E, F#, G#, B, C#, D] Note being tested: G4
Chord: E7 Tones:[E, F#, G#, B, C#, D] Note being tested: A4
Chord: E7 Tones:[E, F#, G#, B, C#, D] Note being tested: C#5
Accepted Note: C#5
Chord: E7 Tones:[E, F#, G#, B, C#, D] Note being tested: F5
Chord: E7 Tones:[E, F#, G#, B, C#, D] Note being tested: A5
Chord: E7 Tones:[E, F#, G#, B, C#, D] Note being tested: G4
Chord: E7 Tones:[E, F#, G#, B, C#, D] Note being tested: A4
Chord: E7 Tones:[E, F#, G#, B, C#, D] Note being tested: C#5
Accepted Note: C#5
Chord: E7 Tones:[E, F#, G#, B, C#, D] Note being tested: F5
Chord: E7 Tones:[E, F#, G#, B, C#, D] Note being tested: A5
Chord: E7 Tones:[E, F#, G#, B, C#, D] Note being tested: G4
Chord: E7 Tones:[E, F#, G#, B, C#, D] Note being tested: A4
Chord: E7 Tones:[E, F#, G#, B, C#, D] Note being tested: C#5
Accepted Note: C#5
Chord: E7 Tones:[E, F#, G#, B, C#, D] Note being tested: F5
Chord: E7 Tones:[E, F#, G#, B, C#, D] Note being tested: A5
Chord: E7 Tones:[E, F#, G#, B, C#, D] Note being tested: A#4
Chord: E7 Tones:[E, F#, G#, B, C#, D] Note being tested: B4
Accepted Note: B4
Chord: E7 Tones:[E, F#, G#, B, C#, D] Note being tested: A#4
Chord: E7 Tones:[E, F#, G#, B, C#, D] Note being tested: G#4
Accepted Note: G#4
Chord: E7 Tones:[E, F#, G#, B, C#, D] Note being tested: G4
Chord: E7 Tones:[E, F#, G#, B, C#, D] Note being tested: F#4
Accepted Note: F#4
Chord: E7 Tones:[E, F#, G#, B, C#, D] Note being tested: F4
Chord: E7 Tones:[E, F#, G#, B, C#, D] Note being tested: E4
Accepted Note: E4
Chord: E7 Tones:[E, F#, G#, B, C#, D] Note being tested: D4
Accepted Note: D4
Chord: E7 Tones:[E, F#, G#, B, C#, D] Note being tested: D#4
Chord: E7 Tones:[E, F#, G#, B, C#, D] Note being tested: G4
Chord: E7 Tones:[E, F#, G#, B, C#, D] Note being tested: A4
Chord: E7 Tones:[E, F#, G#, B, C#, D] Note being tested: C#5
Accepted Note: C#5
Chord: E7 Tones:[E, F#, G#, B, C#, D] Note being tested: F5
Chord: E7 Tones:[E, F#, G#, B, C#, D] Note being tested: A5
Chord: E7 Tones:[E, F#, G#, B, C#, D] Note being tested: G4
Chord: E7 Tones:[E, F#, G#, B, C#, D] Note being tested: A4
Chord: E7 Tones:[E, F#, G#, B, C#, D] Note being tested: C#5
Accepted Note: C#5
Chord: E7 Tones:[E, F#, G#, B, C#, D] Note being tested: F5
Chord: E7 Tones:[E, F#, G#, B, C#, D] Note being tested: A5
Chord: E7 Tones:[E, F#, G#, B, C#, D] Note being tested: G4
Chord: E7 Tones:[E, F#, G#, B, C#, D] Note being tested: A4
Chord: E7 Tones:[E, F#, G#, B, C#, D] Note being tested: C#5
Accepted Note: C#5
Chord: E7 Tones:[E, F#, G#, B, C#, D] Note being tested: F5
Chord: E7 Tones:[E, F#, G#, B, C#, D] Note being tested: A5
Chord: E7 Tones:[E, F#, G#, B, C#, D] Note being tested: A#4
Chord: E7 Tones:[E, F#, G#, B, C#, D] Note being tested: G4
Chord: E7 Tones:[E, F#, G#, B, C#, D] Note being tested: A4
Chord: E7 Tones:[E, F#, G#, B, C#, D] Note being tested: C#5
Accepted Note: C#5
Chord: E7 Tones:[E, F#, G#, B, C#, D] Note being tested: F5
Chord: E7 Tones:[E, F#, G#, B, C#, D] Note being tested: A5
Chord: E7 Tones:[E, F#, G#, B, C#, D] Note being tested: G4
Chord: E7 Tones:[E, F#, G#, B, C#, D] Note being tested: A4
Chord: E7 Tones:[E, F#, G#, B, C#, D] Note being tested: C#5
Accepted Note: C#5
Chord: E7 Tones:[E, F#, G#, B, C#, D] Note being tested: F5
Chord: E7 Tones:[E, F#, G#, B, C#, D] Note being tested: A5
Chord: E7 Tones:[E, F#, G#, B, C#, D] Note being tested: G4
Chord: E7 Tones:[E, F#, G#, B, C#, D] Note being tested: A4
Chord: E7 Tones:[E, F#, G#, B, C#, D] Note being tested: C#5
Accepted Note: C#5
Chord: E7 Tones:[E, F#, G#, B, C#, D] Note being tested: F5
Chord: E7 Tones:[E, F#, G#, B, C#, D] Note being tested: A5
Chord: E7 Tones:[E, F#, G#, B, C#, D] Note being tested: B4
Accepted Note: B4
Chord: E7 Tones:[E, F#, G#, B, C#, D] Note being tested: A#4
Chord: E7 Tones:[E, F#, G#, B, C#, D] Note being tested: G#4
Accepted Note: G#4
Chord: E7 Tones:[E, F#, G#, B, C#, D] Note being tested: G4
Chord: E7 Tones:[E, F#, G#, B, C#, D] Note being tested: F#4
Accepted Note: F#4
Chord: E7 Tones:[E, F#, G#, B, C#, D] Note being tested: F4
Chord: E7 Tones:[E, F#, G#, B, C#, D] Note being tested: E4
Accepted Note: E4
Chord: E7 Tones:[E, F#, G#, B, C#, D] Note being tested: D4
Accepted Note: D4
Chord: E7 Tones:[E, F#, G#, B, C#, D] Note being tested: D#4
Chord: E7 Tones:[E, F#, G#, B, C#, D] Note being tested: G4
Chord: E7 Tones:[E, F#, G#, B, C#, D] Note being tested: A4
Chord: E7 Tones:[E, F#, G#, B, C#, D] Note being tested: C#5
Accepted Note: C#5
Chord: E7 Tones:[E, F#, G#, B, C#, D] Note being tested: F5
Chord: E7 Tones:[E, F#, G#, B, C#, D] Note being tested: A5
Chord: E7 Tones:[E, F#, G#, B, C#, D] Note being tested: G4
Chord: E7 Tones:[E, F#, G#, B, C#, D] Note being tested: A4
Chord: E7 Tones:[E, F#, G#, B, C#, D] Note being tested: C#5
Accepted Note: C#5
Chord: E7 Tones:[E, F#, G#, B, C#, D] Note being tested: F5
Chord: E7 Tones:[E, F#, G#, B, C#, D] Note being tested: A5
Chord: E7 Tones:[E, F#, G#, B, C#, D] Note being tested: G4
Chord: E7 Tones:[E, F#, G#, B, C#, D] Note being tested: A4
Chord: E7 Tones:[E, F#, G#, B, C#, D] Note being tested: C#5
Accepted Note: C#5
Chord: E7 Tones:[E, F#, G#, B, C#, D] Note being tested: F5
Chord: E7 Tones:[E, F#, G#, B, C#, D] Note being tested: A5
Chord: E7 Tones:[E, F#, G#, B, C#, D] Note being tested: G4
Chord: E7 Tones:[E, F#, G#, B, C#, D] Note being tested: A4
Chord: E7 Tones:[E, F#, G#, B, C#, D] Note being tested: C#5
Accepted Note: C#5
Chord: E7 Tones:[E, F#, G#, B, C#, D] Note being tested: F5
Chord: E7 Tones:[E, F#, G#, B, C#, D] Note being tested: A5
Chord: E7 Tones:[E, F#, G#, B, C#, D] Note being tested: G4
Chord: E7 Tones:[E, F#, G#, B, C#, D] Note being tested: A4
Chord: E7 Tones:[E, F#, G#, B, C#, D] Note being tested: C#5
Accepted Note: C#5
Chord: E7 Tones:[E, F#, G#, B, C#, D] Note being tested: F5
Chord: E7 Tones:[E, F#, G#, B, C#, D] Note being tested: A5
Chord: E7 Tones:[E, F#, G#, B, C#, D] Note being tested: G4
Chord: E7 Tones:[E, F#, G#, B, C#, D] Note being tested: A4
Chord: E7 Tones:[E, F#, G#, B, C#, D] Note being tested: C#5
Accepted Note: C#5
Chord: E7 Tones:[E, F#, G#, B, C#, D] Note being tested: F5
Chord: E7 Tones:[E, F#, G#, B, C#, D] Note being tested: A5
Chord: E7 Tones:[E, F#, G#, B, C#, D] Note being tested: A#4
Chord: E7 Tones:[E, F#, G#, B, C#, D] Note being tested: B4
Accepted Note: B4
Chord: E7 Tones:[E, F#, G#, B, C#, D] Note being tested: A#4
Chord: E7 Tones:[E, F#, G#, B, C#, D] Note being tested: G#4
Accepted Note: G#4
Chord: E7 Tones:[E, F#, G#, B, C#, D] Note being tested: G4
Chord: E7 Tones:[E, F#, G#, B, C#, D] Note being tested: F#4
Accepted Note: F#4
Chord: E7 Tones:[E, F#, G#, B, C#, D] Note being tested: F4
Chord: E7 Tones:[E, F#, G#, B, C#, D] Note being tested: E4
Accepted Note: E4
Chord: E7 Tones:[E, F#, G#, B, C#, D] Note being tested: D4
Accepted Note: D4
Chord: E7 Tones:[E, F#, G#, B, C#, D] Note being tested: D#4
Chord: E7 Tones:[E, F#, G#, B, C#, D] Note being tested: A#4
Chord: E7 Tones:[E, F#, G#, B, C#, D] Note being tested: G4
Chord: E7 Tones:[E, F#, G#, B, C#, D] Note being tested: E4
Accepted Note: E4
Chord: E7 Tones:[E, F#, G#, B, C#, D] Note being tested: G4
Chord: E7 Tones:[E, F#, G#, B, C#, D] Note being tested: G#4
Accepted Note: G#4
Chord: E7 Tones:[E, F#, G#, B, C#, D] Note being tested: B4
Accepted Note: B4
Chord: E7 Tones:[E, F#, G#, B, C#, D] Note being tested: D5
Accepted Note: D5
Chord: E7 Tones:[E, F#, G#, B, C#, D] Note being tested: F5
Chord: E7 Tones:[E, F#, G#, B, C#, D] Note being tested: G#5
Accepted Note: G#5
Chord: E7 Tones:[E, F#, G#, B, C#, D] Note being tested: E5
Accepted Note: E5
Chord: E7 Tones:[E, F#, G#, B, C#, D] Note being tested: G5
Chord: E7 Tones:[E, F#, G#, B, C#, D] Note being tested: C#5
Accepted Note: C#5
Chord: E7 Tones:[E, F#, G#, B, C#, D] Note being tested: F#4
Accepted Note: F#4
Chord: E7 Tones:[E, F#, G#, B, C#, D] Note being tested: D#5
Chord: E7 Tones:[E, F#, G#, B, C#, D] Note being tested: A4
Chord: E7 Tones:[E, F#, G#, B, C#, D] Note being tested: G4
Chord: E7 Tones:[E, F#, G#, B, C#, D] Note being tested: A4
Chord: E7 Tones:[E, F#, G#, B, C#, D] Note being tested: C#5
Accepted Note: C#5
Chord: E7 Tones:[E, F#, G#, B, C#, D] Note being tested: F5
Chord: E7 Tones:[E, F#, G#, B, C#, D] Note being tested: A5
Chord: E7 Tones:[E, F#, G#, B, C#, D] Note being tested: G4
Chord: E7 Tones:[E, F#, G#, B, C#, D] Note being tested: A4
Chord: E7 Tones:[E, F#, G#, B, C#, D] Note being tested: C#5
Accepted Note: C#5
Chord: E7 Tones:[E, F#, G#, B, C#, D] Note being tested: F5
Chord: E7 Tones:[E, F#, G#, B, C#, D] Note being tested: A5
Chord: E7 Tones:[E, F#, G#, B, C#, D] Note being tested: G4
Chord: E7 Tones:[E, F#, G#, B, C#, D] Note being tested: A4
Chord: E7 Tones:[E, F#, G#, B, C#, D] Note being tested: C#5
Accepted Note: C#5
Chord: E7 Tones:[E, F#, G#, B, C#, D] Note being tested: F5
Chord: E7 Tones:[E, F#, G#, B, C#, D] Note being tested: A5
Chord: E7 Tones:[E, F#, G#, B, C#, D] Note being tested: G4
Chord: E7 Tones:[E, F#, G#, B, C#, D] Note being tested: A4
Chord: E7 Tones:[E, F#, G#, B, C#, D] Note being tested: C#5
Accepted Note: C#5
Chord: E7 Tones:[E, F#, G#, B, C#, D] Note being tested: F5
Chord: E7 Tones:[E, F#, G#, B, C#, D] Note being tested: A5
Chord: E7 Tones:[E, F#, G#, B, C#, D] Note being tested: G4
Chord: E7 Tones:[E, F#, G#, B, C#, D] Note being tested: A4
Chord: E7 Tones:[E, F#, G#, B, C#, D] Note being tested: C#5
Accepted Note: C#5
Chord: E7 Tones:[E, F#, G#, B, C#, D] Note being tested: F5
Chord: E7 Tones:[E, F#, G#, B, C#, D] Note being tested: A5
Chord: E7 Tones:[E, F#, G#, B, C#, D] Note being tested: G4
Chord: E7 Tones:[E, F#, G#, B, C#, D] Note being tested: A4
Chord: E7 Tones:[E, F#, G#, B, C#, D] Note being tested: C#5
Accepted Note: C#5
Chord: E7 Tones:[E, F#, G#, B, C#, D] Note being tested: F5
Chord: E7 Tones:[E, F#, G#, B, C#, D] Note being tested: A5
Chord: E7 Tones:[E, F#, G#, B, C#, D] Note being tested: B4
Accepted Note: B4
Chord: E7 Tones:[E, F#, G#, B, C#, D] Note being tested: A#4
Chord: E7 Tones:[E, F#, G#, B, C#, D] Note being tested: G#4
Accepted Note: G#4
Chord: E7 Tones:[E, F#, G#, B, C#, D] Note being tested: G4
Chord: E7 Tones:[E, F#, G#, B, C#, D] Note being tested: F#4
Accepted Note: F#4
Chord: E7 Tones:[E, F#, G#, B, C#, D] Note being tested: F4
Chord: E7 Tones:[E, F#, G#, B, C#, D] Note being tested: E4
Accepted Note: E4
Chord: E7 Tones:[E, F#, G#, B, C#, D] Note being tested: D4
Accepted Note: D4
Chord: E7 Tones:[E, F#, G#, B, C#, D] Note being tested: D#4
Chord: E7 Tones:[E, F#, G#, B, C#, D] Note being tested: A#4
Chord: E7 Tones:[E, F#, G#, B, C#, D] Note being tested: G4
Chord: E7 Tones:[E, F#, G#, B, C#, D] Note being tested: A4
Chord: E7 Tones:[E, F#, G#, B, C#, D] Note being tested: C#5
Accepted Note: C#5
Chord: E7 Tones:[E, F#, G#, B, C#, D] Note being tested: F5
Chord: E7 Tones:[E, F#, G#, B, C#, D] Note being tested: A5
Chord: E7 Tones:[E, F#, G#, B, C#, D] Note being tested: G4
Chord: E7 Tones:[E, F#, G#, B, C#, D] Note being tested: A4
Chord: E7 Tones:[E, F#, G#, B, C#, D] Note being tested: C#5
Accepted Note: C#5
Chord: E7 Tones:[E, F#, G#, B, C#, D] Note being tested: F5
Chord: E7 Tones:[E, F#, G#, B, C#, D] Note being tested: A5
Chord: E7 Tones:[E, F#, G#, B, C#, D] Note being tested: G4
Chord: E7 Tones:[E, F#, G#, B, C#, D] Note being tested: A4
Chord: E7 Tones:[E, F#, G#, B, C#, D] Note being tested: C#5
Accepted Note: C#5
Chord: E7 Tones:[E, F#, G#, B, C#, D] Note being tested: F5
Chord: E7 Tones:[E, F#, G#, B, C#, D] Note being tested: A5
Chord: E7 Tones:[E, F#, G#, B, C#, D] Note being tested: B4
Accepted Note: B4
Chord: E7 Tones:[E, F#, G#, B, C#, D] Note being tested: A#4
Chord: E7 Tones:[E, F#, G#, B, C#, D] Note being tested: G#4
Accepted Note: G#4
Chord: E7 Tones:[E, F#, G#, B, C#, D] Note being tested: G4
Chord: E7 Tones:[E, F#, G#, B, C#, D] Note being tested: F#4
Accepted Note: F#4
Chord: E7 Tones:[E, F#, G#, B, C#, D] Note being tested: F4
Chord: E7 Tones:[E, F#, G#, B, C#, D] Note being tested: E4
Accepted Note: E4
Chord: E7 Tones:[E, F#, G#, B, C#, D] Note being tested: D4
Accepted Note: D4
Chord: E7 Tones:[E, F#, G#, B, C#, D] Note being tested: D#4
Chord: E7 Tones:[E, F#, G#, B, C#, D] Note being tested: B4
Accepted Note: B4
Chord: E7 Tones:[E, F#, G#, B, C#, D] Note being tested: A#4
Chord: E7 Tones:[E, F#, G#, B, C#, D] Note being tested: G#4
Accepted Note: G#4
Chord: E7 Tones:[E, F#, G#, B, C#, D] Note being tested: G4
Chord: E7 Tones:[E, F#, G#, B, C#, D] Note being tested: F#4
Accepted Note: F#4
Chord: E7 Tones:[E, F#, G#, B, C#, D] Note being tested: F4
Chord: E7 Tones:[E, F#, G#, B, C#, D] Note being tested: E4
Accepted Note: E4
Chord: E7 Tones:[E, F#, G#, B, C#, D] Note being tested: D4
Accepted Note: D4
Chord: E7 Tones:[E, F#, G#, B, C#, D] Note being tested: D#4
Chord: E7 Tones:[E, F#, G#, B, C#, D] Note being tested: B4
Accepted Note: B4
Chord: E7 Tones:[E, F#, G#, B, C#, D] Note being tested: A#4
Chord: E7 Tones:[E, F#, G#, B, C#, D] Note being tested: G#4
Accepted Note: G#4
Chord: E7 Tones:[E, F#, G#, B, C#, D] Note being tested: G4
Chord: E7 Tones:[E, F#, G#, B, C#, D] Note being tested: F#4
Accepted Note: F#4
Chord: E7 Tones:[E, F#, G#, B, C#, D] Note being tested: F4
Chord: E7 Tones:[E, F#, G#, B, C#, D] Note being tested: E4
Accepted Note: E4
Chord: E7 Tones:[E, F#, G#, B, C#, D] Note being tested: D4
Accepted Note: D4
Chord: E7 Tones:[E, F#, G#, B, C#, D] Note being tested: D#4
Chord: E7 Tones:[E, F#, G#, B, C#, D] Note being tested: G4
Chord: E7 Tones:[E, F#, G#, B, C#, D] Note being tested: A4
Chord: E7 Tones:[E, F#, G#, B, C#, D] Note being tested: C#5
Accepted Note: C#5
Chord: E7 Tones:[E, F#, G#, B, C#, D] Note being tested: F5
Chord: E7 Tones:[E, F#, G#, B, C#, D] Note being tested: A5
Chord: E7 Tones:[E, F#, G#, B, C#, D] Note being tested: G4
Chord: E7 Tones:[E, F#, G#, B, C#, D] Note being tested: A4
Chord: E7 Tones:[E, F#, G#, B, C#, D] Note being tested: C#5
Accepted Note: C#5
Chord: E7 Tones:[E, F#, G#, B, C#, D] Note being tested: F5
Chord: E7 Tones:[E, F#, G#, B, C#, D] Note being tested: A5
Chord: E7 Tones:[E, F#, G#, B, C#, D] Note being tested: G4
Chord: E7 Tones:[E, F#, G#, B, C#, D] Note being tested: A4
Chord: E7 Tones:[E, F#, G#, B, C#, D] Note being tested: C#5
Accepted Note: C#5
Chord: E7 Tones:[E, F#, G#, B, C#, D] Note being tested: F5
Chord: E7 Tones:[E, F#, G#, B, C#, D] Note being tested: A5
Chord: E7 Tones:[E, F#, G#, B, C#, D] Note being tested: G4
Chord: E7 Tones:[E, F#, G#, B, C#, D] Note being tested: G4
Chord: E7 Tones:[E, F#, G#, B, C#, D] Note being tested: A4
Chord: E7 Tones:[E, F#, G#, B, C#, D] Note being tested: C#5
Accepted Note: C#5
Chord: E7 Tones:[E, F#, G#, B, C#, D] Note being tested: F5
Chord: E7 Tones:[E, F#, G#, B, C#, D] Note being tested: A5
Chord: E7 Tones:[E, F#, G#, B, C#, D] Note being tested: G4
Chord: E7 Tones:[E, F#, G#, B, C#, D] Note being tested: A4
Chord: E7 Tones:[E, F#, G#, B, C#, D] Note being tested: C#5
Accepted Note: C#5
Chord: E7 Tones:[E, F#, G#, B, C#, D] Note being tested: F5
Chord: E7 Tones:[E, F#, G#, B, C#, D] Note being tested: A5
Chord: E7 Tones:[E, F#, G#, B, C#, D] Note being tested: G4
Chord: E7 Tones:[E, F#, G#, B, C#, D] Note being tested: A4
Chord: E7 Tones:[E, F#, G#, B, C#, D] Note being tested: C#5
Accepted Note: C#5
Chord: E7 Tones:[E, F#, G#, B, C#, D] Note being tested: F5
Chord: E7 Tones:[E, F#, G#, B, C#, D] Note being tested: A5
Chord: E7 Tones:[E, F#, G#, B, C#, D] Note being tested: G4
Chord: E7 Tones:[E, F#, G#, B, C#, D] Note being tested: A4
Chord: E7 Tones:[E, F#, G#, B, C#, D] Note being tested: C#5
Accepted Note: C#5
Chord: E7 Tones:[E, F#, G#, B, C#, D] Note being tested: F5
Chord: E7 Tones:[E, F#, G#, B, C#, D] Note being tested: A5
Chord: E7 Tones:[E, F#, G#, B, C#, D] Note being tested: G4
Chord: E7 Tones:[E, F#, G#, B, C#, D] Note being tested: A4
Chord: E7 Tones:[E, F#, G#, B, C#, D] Note being tested: C#5
Accepted Note: C#5
Chord: E7 Tones:[E, F#, G#, B, C#, D] Note being tested: F5
Chord: E7 Tones:[E, F#, G#, B, C#, D] Note being tested: A5
Chord: E7 Tones:[E, F#, G#, B, C#, D] Note being tested: G4
Chord: E7 Tones:[E, F#, G#, B, C#, D] Note being tested: A4
Chord: E7 Tones:[E, F#, G#, B, C#, D] Note being tested: C#5
Accepted Note: C#5
Chord: E7 Tones:[E, F#, G#, B, C#, D] Note being tested: F5
Chord: E7 Tones:[E, F#, G#, B, C#, D] Note being tested: A5
Chord: E7 Tones:[E, F#, G#, B, C#, D] Note being tested: B4
Accepted Note: B4
Chord: E7 Tones:[E, F#, G#, B, C#, D] Note being tested: A#4
Chord: E7 Tones:[E, F#, G#, B, C#, D] Note being tested: G#4
Accepted Note: G#4
Chord: E7 Tones:[E, F#, G#, B, C#, D] Note being tested: G4
Chord: E7 Tones:[E, F#, G#, B, C#, D] Note being tested: F#4
Accepted Note: F#4
Chord: E7 Tones:[E, F#, G#, B, C#, D] Note being tested: F4
Chord: E7 Tones:[E, F#, G#, B, C#, D] Note being tested: E4
Accepted Note: E4
Chord: E7 Tones:[E, F#, G#, B, C#, D] Note being tested: D4
Accepted Note: D4
Chord: E7 Tones:[E, F#, G#, B, C#, D] Note being tested: D#4
Chord: E7 Tones:[E, F#, G#, B, C#, D] Note being tested: A#4
Chord: E7 Tones:[E, F#, G#, B, C#, D] Note being tested: E4
Accepted Note: E4
Chord: E7 Tones:[E, F#, G#, B, C#, D] Note being tested: G4
Chord: E7 Tones:[E, F#, G#, B, C#, D] Note being tested: G#4
Accepted Note: G#4
Chord: E7 Tones:[E, F#, G#, B, C#, D] Note being tested: B4
Accepted Note: B4
Chord: E7 Tones:[E, F#, G#, B, C#, D] Note being tested: D5
Accepted Note: D5
Chord: E7 Tones:[E, F#, G#, B, C#, D] Note being tested: F5
Chord: E7 Tones:[E, F#, G#, B, C#, D] Note being tested: G#5
Accepted Note: G#5
Chord: E7 Tones:[E, F#, G#, B, C#, D] Note being tested: E5
Accepted Note: E5
Chord: E7 Tones:[E, F#, G#, B, C#, D] Note being tested: G5
Chord: E7 Tones:[E, F#, G#, B, C#, D] Note being tested: C#5
Accepted Note: C#5
Chord: E7 Tones:[E, F#, G#, B, C#, D] Note being tested: F#4
Accepted Note: F#4
Chord: E7 Tones:[E, F#, G#, B, C#, D] Note being tested: D#5
Chord: E7 Tones:[E, F#, G#, B, C#, D] Note being tested: A4
Chord: E7 Tones:[E, F#, G#, B, C#, D] Note being tested: G4
Chord: E7 Tones:[E, F#, G#, B, C#, D] Note being tested: A4
Chord: E7 Tones:[E, F#, G#, B, C#, D] Note being tested: C#5
Accepted Note: C#5
Chord: E7 Tones:[E, F#, G#, B, C#, D] Note being tested: F5
Chord: E7 Tones:[E, F#, G#, B, C#, D] Note being tested: A5
Chord: E7 Tones:[E, F#, G#, B, C#, D] Note being tested: G4
Chord: E7 Tones:[E, F#, G#, B, C#, D] Note being tested: A4
Chord: E7 Tones:[E, F#, G#, B, C#, D] Note being tested: C#5
Accepted Note: C#5
Chord: E7 Tones:[E, F#, G#, B, C#, D] Note being tested: F5
Chord: E7 Tones:[E, F#, G#, B, C#, D] Note being tested: A5
Chord: E7 Tones:[E, F#, G#, B, C#, D] Note being tested: G4
Chord: E7 Tones:[E, F#, G#, B, C#, D] Note being tested: A4
Chord: E7 Tones:[E, F#, G#, B, C#, D] Note being tested: C#5
Accepted Note: C#5
Chord: E7 Tones:[E, F#, G#, B, C#, D] Note being tested: F5
Chord: E7 Tones:[E, F#, G#, B, C#, D] Note being tested: A5
Chord: E7 Tones:[E, F#, G#, B, C#, D] Note being tested: G4
Chord: E7 Tones:[E, F#, G#, B, C#, D] Note being tested: G4
Chord: E7 Tones:[E, F#, G#, B, C#, D] Note being tested: A4
Chord: E7 Tones:[E, F#, G#, B, C#, D] Note being tested: C#5
Accepted Note: C#5
Chord: E7 Tones:[E, F#, G#, B, C#, D] Note being tested: F5
Chord: E7 Tones:[E, F#, G#, B, C#, D] Note being tested: A5
Chord: E7 Tones:[E, F#, G#, B, C#, D] Note being tested: G4
Chord: E7 Tones:[E, F#, G#, B, C#, D] Note being tested: A4
Chord: E7 Tones:[E, F#, G#, B, C#, D] Note being tested: C#5
Accepted Note: C#5
Chord: E7 Tones:[E, F#, G#, B, C#, D] Note being tested: F5
Chord: E7 Tones:[E, F#, G#, B, C#, D] Note being tested: A5
Chord: E7 Tones:[E, F#, G#, B, C#, D] Note being tested: G4
Chord: E7 Tones:[E, F#, G#, B, C#, D] Note being tested: A4
Chord: E7 Tones:[E, F#, G#, B, C#, D] Note being tested: C#5
Accepted Note: C#5
Chord: E7 Tones:[E, F#, G#, B, C#, D] Note being tested: F5
Chord: E7 Tones:[E, F#, G#, B, C#, D] Note being tested: A5
Chord: E7 Tones:[E, F#, G#, B, C#, D] Note being tested: E4
Accepted Note: E4
Chord: E7 Tones:[E, F#, G#, B, C#, D] Note being tested: G4
Chord: E7 Tones:[E, F#, G#, B, C#, D] Note being tested: G#4
Accepted Note: G#4
Chord: E7 Tones:[E, F#, G#, B, C#, D] Note being tested: B4
Accepted Note: B4
Chord: E7 Tones:[E, F#, G#, B, C#, D] Note being tested: D5
Accepted Note: D5
Chord: E7 Tones:[E, F#, G#, B, C#, D] Note being tested: F5
Chord: E7 Tones:[E, F#, G#, B, C#, D] Note being tested: G#5
Accepted Note: G#5
Chord: E7 Tones:[E, F#, G#, B, C#, D] Note being tested: E5
Accepted Note: E5
Chord: E7 Tones:[E, F#, G#, B, C#, D] Note being tested: G5
Chord: E7 Tones:[E, F#, G#, B, C#, D] Note being tested: C#5
Accepted Note: C#5
Chord: E7 Tones:[E, F#, G#, B, C#, D] Note being tested: F#4
Accepted Note: F#4
Chord: E7 Tones:[E, F#, G#, B, C#, D] Note being tested: D#5
Chord: E7 Tones:[E, F#, G#, B, C#, D] Note being tested: A4
Chord: E7 Tones:[E, F#, G#, B, C#, D] Note being tested: B4
Accepted Note: B4
Chord: E7 Tones:[E, F#, G#, B, C#, D] Note being tested: A#4
Chord: E7 Tones:[E, F#, G#, B, C#, D] Note being tested: G#4
Accepted Note: G#4
Chord: E7 Tones:[E, F#, G#, B, C#, D] Note being tested: G4
Chord: E7 Tones:[E, F#, G#, B, C#, D] Note being tested: F#4
Accepted Note: F#4
Chord: E7 Tones:[E, F#, G#, B, C#, D] Note being tested: F4
Chord: E7 Tones:[E, F#, G#, B, C#, D] Note being tested: E4
Accepted Note: E4
Chord: E7 Tones:[E, F#, G#, B, C#, D] Note being tested: D4
Accepted Note: D4
Chord: E7 Tones:[E, F#, G#, B, C#, D] Note being tested: D#4
Chord: E7 Tones:[E, F#, G#, B, C#, D] Note being tested: F4
Chord: E7 Tones:[E, F#, G#, B, C#, D] Note being tested: G4
Chord: E7 Tones:[E, F#, G#, B, C#, D] Note being tested: G4
Chord: E7 Tones:[E, F#, G#, B, C#, D] Note being tested: A4
Chord: E7 Tones:[E, F#, G#, B, C#, D] Note being tested: C#5
Accepted Note: C#5
Chord: E7 Tones:[E, F#, G#, B, C#, D] Note being tested: F5
Chord: E7 Tones:[E, F#, G#, B, C#, D] Note being tested: A5
Chord: E7 Tones:[E, F#, G#, B, C#, D] Note being tested: G4
Chord: E7 Tones:[E, F#, G#, B, C#, D] Note being tested: A4
Chord: E7 Tones:[E, F#, G#, B, C#, D] Note being tested: C#5
Accepted Note: C#5
Chord: E7 Tones:[E, F#, G#, B, C#, D] Note being tested: F5
Chord: E7 Tones:[E, F#, G#, B, C#, D] Note being tested: A5
Chord: E7 Tones:[E, F#, G#, B, C#, D] Note being tested: G4
Chord: E7 Tones:[E, F#, G#, B, C#, D] Note being tested: A4
Chord: E7 Tones:[E, F#, G#, B, C#, D] Note being tested: C#5
Accepted Note: C#5
Chord: E7 Tones:[E, F#, G#, B, C#, D] Note being tested: F5
Chord: E7 Tones:[E, F#, G#, B, C#, D] Note being tested: A5
Chord: E7 Tones:[E, F#, G#, B, C#, D] Note being tested: B4
Accepted Note: B4
Chord: E7 Tones:[E, F#, G#, B, C#, D] Note being tested: A#4
Chord: E7 Tones:[E, F#, G#, B, C#, D] Note being tested: G#4
Accepted Note: G#4
Chord: E7 Tones:[E, F#, G#, B, C#, D] Note being tested: G4
Chord: E7 Tones:[E, F#, G#, B, C#, D] Note being tested: F#4
Accepted Note: F#4
Chord: E7 Tones:[E, F#, G#, B, C#, D] Note being tested: F4
Chord: E7 Tones:[E, F#, G#, B, C#, D] Note being tested: E4
Accepted Note: E4
Chord: E7 Tones:[E, F#, G#, B, C#, D] Note being tested: D4
Accepted Note: D4
Chord: E7 Tones:[E, F#, G#, B, C#, D] Note being tested: D#4
Chord: E7 Tones:[E, F#, G#, B, C#, D] Note being tested: G4
Chord: E7 Tones:[E, F#, G#, B, C#, D] Note being tested: A4
Chord: E7 Tones:[E, F#, G#, B, C#, D] Note being tested: C#5
Accepted Note: C#5
Chord: E7 Tones:[E, F#, G#, B, C#, D] Note being tested: F5
Chord: E7 Tones:[E, F#, G#, B, C#, D] Note being tested: A5
Chord: E7 Tones:[E, F#, G#, B, C#, D] Note being tested: G4
Chord: E7 Tones:[E, F#, G#, B, C#, D] Note being tested: A4
Chord: E7 Tones:[E, F#, G#, B, C#, D] Note being tested: C#5
Accepted Note: C#5
Chord: E7 Tones:[E, F#, G#, B, C#, D] Note being tested: F5
Chord: E7 Tones:[E, F#, G#, B, C#, D] Note being tested: A5
Chord: E7 Tones:[E, F#, G#, B, C#, D] Note being tested: G4
Chord: E7 Tones:[E, F#, G#, B, C#, D] Note being tested: A4
Chord: E7 Tones:[E, F#, G#, B, C#, D] Note being tested: C#5
Accepted Note: C#5
Chord: E7 Tones:[E, F#, G#, B, C#, D] Note being tested: F5
Chord: E7 Tones:[E, F#, G#, B, C#, D] Note being tested: A5
Chord: E7 Tones:[E, F#, G#, B, C#, D] Note being tested: A#4
Chord: E7 Tones:[E, F#, G#, B, C#, D] Note being tested: G4
Chord: E7 Tones:[E, F#, G#, B, C#, D] Note being tested: A4
Chord: E7 Tones:[E, F#, G#, B, C#, D] Note being tested: C#5
Accepted Note: C#5
Chord: E7 Tones:[E, F#, G#, B, C#, D] Note being tested: F5
Chord: E7 Tones:[E, F#, G#, B, C#, D] Note being tested: A5
Chord: E7 Tones:[E, F#, G#, B, C#, D] Note being tested: G4
Chord: E7 Tones:[E, F#, G#, B, C#, D] Note being tested: A4
Chord: E7 Tones:[E, F#, G#, B, C#, D] Note being tested: C#5
Accepted Note: C#5
Chord: E7 Tones:[E, F#, G#, B, C#, D] Note being tested: F5
Chord: E7 Tones:[E, F#, G#, B, C#, D] Note being tested: A5
Chord: E7 Tones:[E, F#, G#, B, C#, D] Note being tested: G4
Chord: E7 Tones:[E, F#, G#, B, C#, D] Note being tested: A4
Chord: E7 Tones:[E, F#, G#, B, C#, D] Note being tested: C#5
Accepted Note: C#5
Chord: E7 Tones:[E, F#, G#, B, C#, D] Note being tested: F5
Chord: E7 Tones:[E, F#, G#, B, C#, D] Note being tested: A5
Chord: E7 Tones:[E, F#, G#, B, C#, D] Note being tested: G4
Chord: E7 Tones:[E, F#, G#, B, C#, D] Note being tested: A4
Chord: E7 Tones:[E, F#, G#, B, C#, D] Note being tested: C#5
Accepted Note: C#5
Chord: E7 Tones:[E, F#, G#, B, C#, D] Note being tested: F5
Chord: E7 Tones:[E, F#, G#, B, C#, D] Note being tested: A5
Chord: E7 Tones:[E, F#, G#, B, C#, D] Note being tested: G4
Chord: E7 Tones:[E, F#, G#, B, C#, D] Note being tested: A4
Chord: E7 Tones:[E, F#, G#, B, C#, D] Note being tested: C#5
Accepted Note: C#5
Chord: E7 Tones:[E, F#, G#, B, C#, D] Note being tested: F5
Chord: E7 Tones:[E, F#, G#, B, C#, D] Note being tested: A5
Chord: E7 Tones:[E, F#, G#, B, C#, D] Note being tested: G4
Chord: E7 Tones:[E, F#, G#, B, C#, D] Note being tested: A4
Chord: E7 Tones:[E, F#, G#, B, C#, D] Note being tested: C#5
Accepted Note: C#5
Chord: E7 Tones:[E, F#, G#, B, C#, D] Note being tested: F5
Chord: E7 Tones:[E, F#, G#, B, C#, D] Note being tested: A5
Chord: E7 Tones:[E, F#, G#, B, C#, D] Note being tested: G4
Chord: E7 Tones:[E, F#, G#, B, C#, D] Note being tested: A4
Chord: E7 Tones:[E, F#, G#, B, C#, D] Note being tested: C#5
Accepted Note: C#5
Chord: E7 Tones:[E, F#, G#, B, C#, D] Note being tested: F5
Chord: E7 Tones:[E, F#, G#, B, C#, D] Note being tested: A5
Chord: E7 Tones:[E, F#, G#, B, C#, D] Note being tested: G4
Chord: E7 Tones:[E, F#, G#, B, C#, D] Note being tested: A4
Chord: E7 Tones:[E, F#, G#, B, C#, D] Note being tested: C#5
Accepted Note: C#5
Chord: E7 Tones:[E, F#, G#, B, C#, D] Note being tested: F5
Chord: E7 Tones:[E, F#, G#, B, C#, D] Note being tested: A5
Chord: E7 Tones:[E, F#, G#, B, C#, D] Note being tested: G4
Chord: E7 Tones:[E, F#, G#, B, C#, D] Note being tested: A4
Chord: E7 Tones:[E, F#, G#, B, C#, D] Note being tested: C#5
Accepted Note: C#5
Chord: E7 Tones:[E, F#, G#, B, C#, D] Note being tested: F5
Chord: E7 Tones:[E, F#, G#, B, C#, D] Note being tested: A5
Chord: E7 Tones:[E, F#, G#, B, C#, D] Note being tested: B4
Accepted Note: B4
Chord: E7 Tones:[E, F#, G#, B, C#, D] Note being tested: A#4
Chord: E7 Tones:[E, F#, G#, B, C#, D] Note being tested: G#4
Accepted Note: G#4
Chord: E7 Tones:[E, F#, G#, B, C#, D] Note being tested: G4
Chord: E7 Tones:[E, F#, G#, B, C#, D] Note being tested: F#4
Accepted Note: F#4
Chord: E7 Tones:[E, F#, G#, B, C#, D] Note being tested: F4
Chord: E7 Tones:[E, F#, G#, B, C#, D] Note being tested: E4
Accepted Note: E4
Chord: E7 Tones:[E, F#, G#, B, C#, D] Note being tested: D4
Accepted Note: D4
Chord: E7 Tones:[E, F#, G#, B, C#, D] Note being tested: D#4
Chord: E7 Tones:[E, F#, G#, B, C#, D] Note being tested: E4
Accepted Note: E4
Chord: E7 Tones:[E, F#, G#, B, C#, D] Note being tested: G4
Chord: E7 Tones:[E, F#, G#, B, C#, D] Note being tested: G#4
Accepted Note: G#4
Chord: E7 Tones:[E, F#, G#, B, C#, D] Note being tested: B4
Accepted Note: B4
Chord: E7 Tones:[E, F#, G#, B, C#, D] Note being tested: D5
Accepted Note: D5
Chord: E7 Tones:[E, F#, G#, B, C#, D] Note being tested: F5
Chord: E7 Tones:[E, F#, G#, B, C#, D] Note being tested: G#5
Accepted Note: G#5
Chord: E7 Tones:[E, F#, G#, B, C#, D] Note being tested: E5
Accepted Note: E5
Chord: E7 Tones:[E, F#, G#, B, C#, D] Note being tested: G5
Chord: E7 Tones:[E, F#, G#, B, C#, D] Note being tested: C#5
Accepted Note: C#5
Chord: E7 Tones:[E, F#, G#, B, C#, D] Note being tested: F#4
Accepted Note: F#4
Chord: E7 Tones:[E, F#, G#, B, C#, D] Note being tested: D#5
Chord: E7 Tones:[E, F#, G#, B, C#, D] Note being tested: A4
Chord: E7 Tones:[E, F#, G#, B, C#, D] Note being tested: G4
Chord: E7 Tones:[E, F#, G#, B, C#, D] Note being tested: G4
Chord: E7 Tones:[E, F#, G#, B, C#, D] Note being tested: A4
Chord: E7 Tones:[E, F#, G#, B, C#, D] Note being tested: C#5
Accepted Note: C#5
Chord: E7 Tones:[E, F#, G#, B, C#, D] Note being tested: F5
Chord: E7 Tones:[E, F#, G#, B, C#, D] Note being tested: A5
Chord: E7 Tones:[E, F#, G#, B, C#, D] Note being tested: G4
Chord: E7 Tones:[E, F#, G#, B, C#, D] Note being tested: A4
Chord: E7 Tones:[E, F#, G#, B, C#, D] Note being tested: C#5
Accepted Note: C#5
Chord: E7 Tones:[E, F#, G#, B, C#, D] Note being tested: F5
Chord: E7 Tones:[E, F#, G#, B, C#, D] Note being tested: A5
Chord: E7 Tones:[E, F#, G#, B, C#, D] Note being tested: G4
Chord: E7 Tones:[E, F#, G#, B, C#, D] Note being tested: A4
Chord: E7 Tones:[E, F#, G#, B, C#, D] Note being tested: C#5
Accepted Note: C#5
Chord: E7 Tones:[E, F#, G#, B, C#, D] Note being tested: F5
Chord: E7 Tones:[E, F#, G#, B, C#, D] Note being tested: A5
Chord: E7 Tones:[E, F#, G#, B, C#, D] Note being tested: E4
Accepted Note: E4
Chord: E7 Tones:[E, F#, G#, B, C#, D] Note being tested: G4
Chord: E7 Tones:[E, F#, G#, B, C#, D] Note being tested: G#4
Accepted Note: G#4
Chord: E7 Tones:[E, F#, G#, B, C#, D] Note being tested: B4
Accepted Note: B4
Chord: E7 Tones:[E, F#, G#, B, C#, D] Note being tested: D5
Accepted Note: D5
Chord: E7 Tones:[E, F#, G#, B, C#, D] Note being tested: F5
Chord: E7 Tones:[E, F#, G#, B, C#, D] Note being tested: G#5
Accepted Note: G#5
Chord: E7 Tones:[E, F#, G#, B, C#, D] Note being tested: E5
Accepted Note: E5
Chord: E7 Tones:[E, F#, G#, B, C#, D] Note being tested: G5
Chord: E7 Tones:[E, F#, G#, B, C#, D] Note being tested: C#5
Accepted Note: C#5
Chord: E7 Tones:[E, F#, G#, B, C#, D] Note being tested: F#4
Accepted Note: F#4
Chord: E7 Tones:[E, F#, G#, B, C#, D] Note being tested: D#5
Chord: E7 Tones:[E, F#, G#, B, C#, D] Note being tested: A4
Chord: A7 Tones:[A, B, C#, E, F#, G] Note being tested: A#4
Chord: A7 Tones:[A, B, C#, E, F#, G] Note being tested: G4
Accepted Note: G4
Chord: A7 Tones:[A, B, C#, E, F#, G] Note being tested: A4
Accepted Note: A4
Chord: A7 Tones:[A, B, C#, E, F#, G] Note being tested: C#5
Accepted Note: C#5
Chord: A7 Tones:[A, B, C#, E, F#, G] Note being tested: F5
Chord: A7 Tones:[A, B, C#, E, F#, G] Note being tested: A5
Accepted Note: A5
Chord: A7 Tones:[A, B, C#, E, F#, G] Note being tested: B4
Accepted Note: B4
Chord: A7 Tones:[A, B, C#, E, F#, G] Note being tested: A#4
Chord: A7 Tones:[A, B, C#, E, F#, G] Note being tested: G#4
Chord: A7 Tones:[A, B, C#, E, F#, G] Note being tested: G4
Accepted Note: G4
Chord: A7 Tones:[A, B, C#, E, F#, G] Note being tested: F#4
Accepted Note: F#4
Chord: A7 Tones:[A, B, C#, E, F#, G] Note being tested: F4
Chord: A7 Tones:[A, B, C#, E, F#, G] Note being tested: E4
Accepted Note: E4
Chord: A7 Tones:[A, B, C#, E, F#, G] Note being tested: D4
Chord: A7 Tones:[A, B, C#, E, F#, G] Note being tested: D#4
Chord: A7 Tones:[A, B, C#, E, F#, G] Note being tested: G4
Accepted Note: G4
Chord: A7 Tones:[A, B, C#, E, F#, G] Note being tested: A#4
Chord: A7 Tones:[A, B, C#, E, F#, G] Note being tested: A4
Accepted Note: A4
Chord: A7 Tones:[A, B, C#, E, F#, G] Note being tested: G4
Accepted Note: G4
Chord: A7 Tones:[A, B, C#, E, F#, G] Note being tested: A4
Accepted Note: A4
Chord: A7 Tones:[A, B, C#, E, F#, G] Note being tested: C#5
Accepted Note: C#5
Chord: A7 Tones:[A, B, C#, E, F#, G] Note being tested: F5
Chord: A7 Tones:[A, B, C#, E, F#, G] Note being tested: A5
Accepted Note: A5
Chord: A7 Tones:[A, B, C#, E, F#, G] Note being tested: G#4
Chord: A7 Tones:[A, B, C#, E, F#, G] Note being tested: E4
Accepted Note: E4
Chord: A7 Tones:[A, B, C#, E, F#, G] Note being tested: G4
Accepted Note: G4
Chord: A7 Tones:[A, B, C#, E, F#, G] Note being tested: G#4
Chord: A7 Tones:[A, B, C#, E, F#, G] Note being tested: B4
Accepted Note: B4
Chord: A7 Tones:[A, B, C#, E, F#, G] Note being tested: D5
Chord: A7 Tones:[A, B, C#, E, F#, G] Note being tested: F5
Chord: A7 Tones:[A, B, C#, E, F#, G] Note being tested: G#5
Chord: A7 Tones:[A, B, C#, E, F#, G] Note being tested: E5
Accepted Note: E5
Chord: A7 Tones:[A, B, C#, E, F#, G] Note being tested: G5
Accepted Note: G5
Chord: A7 Tones:[A, B, C#, E, F#, G] Note being tested: C#5
Accepted Note: C#5
Chord: A7 Tones:[A, B, C#, E, F#, G] Note being tested: F#4
Accepted Note: F#4
Chord: A7 Tones:[A, B, C#, E, F#, G] Note being tested: D#5
Chord: A7 Tones:[A, B, C#, E, F#, G] Note being tested: A4
Accepted Note: A4
Chord: A7 Tones:[A, B, C#, E, F#, G] Note being tested: B4
Accepted Note: B4
Chord: A7 Tones:[A, B, C#, E, F#, G] Note being tested: A#4
Chord: A7 Tones:[A, B, C#, E, F#, G] Note being tested: G#4
Chord: A7 Tones:[A, B, C#, E, F#, G] Note being tested: G4
Accepted Note: G4
Chord: A7 Tones:[A, B, C#, E, F#, G] Note being tested: F#4
Accepted Note: F#4
Chord: A7 Tones:[A, B, C#, E, F#, G] Note being tested: F4
Chord: A7 Tones:[A, B, C#, E, F#, G] Note being tested: E4
Accepted Note: E4
Chord: A7 Tones:[A, B, C#, E, F#, G] Note being tested: D4
Chord: A7 Tones:[A, B, C#, E, F#, G] Note being tested: D#4
Chord: A7 Tones:[A, B, C#, E, F#, G] Note being tested: A#4
Chord: A7 Tones:[A, B, C#, E, F#, G] Note being tested: A4
Accepted Note: A4
Chord: A7 Tones:[A, B, C#, E, F#, G] Note being tested: B4
Accepted Note: B4
Chord: A7 Tones:[A, B, C#, E, F#, G] Note being tested: A#4
Chord: A7 Tones:[A, B, C#, E, F#, G] Note being tested: G#4
Chord: A7 Tones:[A, B, C#, E, F#, G] Note being tested: G4
Accepted Note: G4
Chord: A7 Tones:[A, B, C#, E, F#, G] Note being tested: F#4
Accepted Note: F#4
Chord: A7 Tones:[A, B, C#, E, F#, G] Note being tested: F4
Chord: A7 Tones:[A, B, C#, E, F#, G] Note being tested: E4
Accepted Note: E4
Chord: A7 Tones:[A, B, C#, E, F#, G] Note being tested: D4
Chord: A7 Tones:[A, B, C#, E, F#, G] Note being tested: D#4
Chord: A7 Tones:[A, B, C#, E, F#, G] Note being tested: G4
Accepted Note: G4
Chord: A7 Tones:[A, B, C#, E, F#, G] Note being tested: G#4
Chord: A7 Tones:[A, B, C#, E, F#, G] Note being tested: E4
Accepted Note: E4
Chord: A7 Tones:[A, B, C#, E, F#, G] Note being tested: G4
Accepted Note: G4
Chord: A7 Tones:[A, B, C#, E, F#, G] Note being tested: G#4
Chord: A7 Tones:[A, B, C#, E, F#, G] Note being tested: B4
Accepted Note: B4
Chord: A7 Tones:[A, B, C#, E, F#, G] Note being tested: D5
Chord: A7 Tones:[A, B, C#, E, F#, G] Note being tested: F5
Chord: A7 Tones:[A, B, C#, E, F#, G] Note being tested: G#5
Chord: A7 Tones:[A, B, C#, E, F#, G] Note being tested: E5
Accepted Note: E5
Chord: A7 Tones:[A, B, C#, E, F#, G] Note being tested: G5
Accepted Note: G5
Chord: A7 Tones:[A, B, C#, E, F#, G] Note being tested: C#5
Accepted Note: C#5
Chord: A7 Tones:[A, B, C#, E, F#, G] Note being tested: F#4
Accepted Note: F#4
Chord: A7 Tones:[A, B, C#, E, F#, G] Note being tested: D#5
Chord: A7 Tones:[A, B, C#, E, F#, G] Note being tested: A4
Accepted Note: A4
Chord: A7 Tones:[A, B, C#, E, F#, G] Note being tested: A#4
Chord: A7 Tones:[A, B, C#, E, F#, G] Note being tested: C#5
Accepted Note: C#5
Chord: A7 Tones:[A, B, C#, E, F#, G] Note being tested: B4
Accepted Note: B4
Chord: A7 Tones:[A, B, C#, E, F#, G] Note being tested: A#4
Chord: A7 Tones:[A, B, C#, E, F#, G] Note being tested: G#4
Chord: A7 Tones:[A, B, C#, E, F#, G] Note being tested: G4
Accepted Note: G4
Chord: A7 Tones:[A, B, C#, E, F#, G] Note being tested: F#4
Accepted Note: F#4
Chord: A7 Tones:[A, B, C#, E, F#, G] Note being tested: F4
Chord: A7 Tones:[A, B, C#, E, F#, G] Note being tested: E4
Accepted Note: E4
Chord: A7 Tones:[A, B, C#, E, F#, G] Note being tested: D4
Chord: A7 Tones:[A, B, C#, E, F#, G] Note being tested: D#4
Chord: A7 Tones:[A, B, C#, E, F#, G] Note being tested: F5
Chord: A7 Tones:[A, B, C#, E, F#, G] Note being tested: G#4
Chord: A7 Tones:[A, B, C#, E, F#, G] Note being tested: D5
Chord: A7 Tones:[A, B, C#, E, F#, G] Note being tested: F#4
Accepted Note: F#4
Chord: A7 Tones:[A, B, C#, E, F#, G] Note being tested: A#4
Chord: A7 Tones:[A, B, C#, E, F#, G] Note being tested: G4
Accepted Note: G4
Chord: A7 Tones:[A, B, C#, E, F#, G] Note being tested: A4
Accepted Note: A4
Chord: A7 Tones:[A, B, C#, E, F#, G] Note being tested: C#5
Accepted Note: C#5
Chord: A7 Tones:[A, B, C#, E, F#, G] Note being tested: F5
Chord: A7 Tones:[A, B, C#, E, F#, G] Note being tested: A5
Accepted Note: A5
Chord: A7 Tones:[A, B, C#, E, F#, G] Note being tested: A4
Accepted Note: A4
Chord: A7 Tones:[A, B, C#, E, F#, G] Note being tested: C#5
Accepted Note: C#5
Chord: A7 Tones:[A, B, C#, E, F#, G] Note being tested: B4
Accepted Note: B4
Chord: A7 Tones:[A, B, C#, E, F#, G] Note being tested: A#4
Chord: A7 Tones:[A, B, C#, E, F#, G] Note being tested: G#4
Chord: A7 Tones:[A, B, C#, E, F#, G] Note being tested: G4
Accepted Note: G4
Chord: A7 Tones:[A, B, C#, E, F#, G] Note being tested: F#4
Accepted Note: F#4
Chord: A7 Tones:[A, B, C#, E, F#, G] Note being tested: F4
Chord: A7 Tones:[A, B, C#, E, F#, G] Note being tested: E4
Accepted Note: E4
Chord: A7 Tones:[A, B, C#, E, F#, G] Note being tested: D4
Chord: A7 Tones:[A, B, C#, E, F#, G] Note being tested: D#4
Chord: E7 Tones:[E, F#, G#, B, C#, D] Note being tested: F5
Chord: E7 Tones:[E, F#, G#, B, C#, D] Note being tested: A#4
Chord: E7 Tones:[E, F#, G#, B, C#, D] Note being tested: G4
Chord: E7 Tones:[E, F#, G#, B, C#, D] Note being tested: A4
Chord: E7 Tones:[E, F#, G#, B, C#, D] Note being tested: C#5
Accepted Note: C#5
Chord: E7 Tones:[E, F#, G#, B, C#, D] Note being tested: F5
Chord: E7 Tones:[E, F#, G#, B, C#, D] Note being tested: A5
Chord: E7 Tones:[E, F#, G#, B, C#, D] Note being tested: G4
Chord: E7 Tones:[E, F#, G#, B, C#, D] Note being tested: A4
Chord: E7 Tones:[E, F#, G#, B, C#, D] Note being tested: C#5
Accepted Note: C#5
Chord: E7 Tones:[E, F#, G#, B, C#, D] Note being tested: F5
Chord: E7 Tones:[E, F#, G#, B, C#, D] Note being tested: A5
Chord: E7 Tones:[E, F#, G#, B, C#, D] Note being tested: G4
Chord: E7 Tones:[E, F#, G#, B, C#, D] Note being tested: A4
Chord: E7 Tones:[E, F#, G#, B, C#, D] Note being tested: C#5
Accepted Note: C#5
Chord: E7 Tones:[E, F#, G#, B, C#, D] Note being tested: F5
Chord: E7 Tones:[E, F#, G#, B, C#, D] Note being tested: A5
Chord: E7 Tones:[E, F#, G#, B, C#, D] Note being tested: B4
Accepted Note: B4
Chord: E7 Tones:[E, F#, G#, B, C#, D] Note being tested: A#4
Chord: E7 Tones:[E, F#, G#, B, C#, D] Note being tested: G#4
Accepted Note: G#4
Chord: E7 Tones:[E, F#, G#, B, C#, D] Note being tested: G4
Chord: E7 Tones:[E, F#, G#, B, C#, D] Note being tested: F#4
Accepted Note: F#4
Chord: E7 Tones:[E, F#, G#, B, C#, D] Note being tested: F4
Chord: E7 Tones:[E, F#, G#, B, C#, D] Note being tested: E4
Accepted Note: E4
Chord: E7 Tones:[E, F#, G#, B, C#, D] Note being tested: D4
Accepted Note: D4
Chord: E7 Tones:[E, F#, G#, B, C#, D] Note being tested: D#4
Chord: E7 Tones:[E, F#, G#, B, C#, D] Note being tested: G4
Chord: E7 Tones:[E, F#, G#, B, C#, D] Note being tested: A4
Chord: E7 Tones:[E, F#, G#, B, C#, D] Note being tested: C#5
Accepted Note: C#5
Chord: E7 Tones:[E, F#, G#, B, C#, D] Note being tested: F5
Chord: E7 Tones:[E, F#, G#, B, C#, D] Note being tested: A5
Chord: E7 Tones:[E, F#, G#, B, C#, D] Note being tested: G4
Chord: E7 Tones:[E, F#, G#, B, C#, D] Note being tested: A4
Chord: E7 Tones:[E, F#, G#, B, C#, D] Note being tested: C#5
Accepted Note: C#5
Chord: E7 Tones:[E, F#, G#, B, C#, D] Note being tested: F5
Chord: E7 Tones:[E, F#, G#, B, C#, D] Note being tested: A5
Chord: E7 Tones:[E, F#, G#, B, C#, D] Note being tested: G4
Chord: E7 Tones:[E, F#, G#, B, C#, D] Note being tested: A4
Chord: E7 Tones:[E, F#, G#, B, C#, D] Note being tested: C#5
Accepted Note: C#5
Chord: E7 Tones:[E, F#, G#, B, C#, D] Note being tested: F5
Chord: E7 Tones:[E, F#, G#, B, C#, D] Note being tested: A5
Chord: E7 Tones:[E, F#, G#, B, C#, D] Note being tested: E4
Accepted Note: E4
Chord: E7 Tones:[E, F#, G#, B, C#, D] Note being tested: G4
Chord: E7 Tones:[E, F#, G#, B, C#, D] Note being tested: G#4
Accepted Note: G#4
Chord: E7 Tones:[E, F#, G#, B, C#, D] Note being tested: B4
Accepted Note: B4
Chord: E7 Tones:[E, F#, G#, B, C#, D] Note being tested: D5
Accepted Note: D5
Chord: E7 Tones:[E, F#, G#, B, C#, D] Note being tested: F5
Chord: E7 Tones:[E, F#, G#, B, C#, D] Note being tested: G#5
Accepted Note: G#5
Chord: E7 Tones:[E, F#, G#, B, C#, D] Note being tested: E5
Accepted Note: E5
Chord: E7 Tones:[E, F#, G#, B, C#, D] Note being tested: G5
Chord: E7 Tones:[E, F#, G#, B, C#, D] Note being tested: C#5
Accepted Note: C#5
Chord: E7 Tones:[E, F#, G#, B, C#, D] Note being tested: F#4
Accepted Note: F#4
Chord: E7 Tones:[E, F#, G#, B, C#, D] Note being tested: D#5
Chord: E7 Tones:[E, F#, G#, B, C#, D] Note being tested: A4
Chord: E7 Tones:[E, F#, G#, B, C#, D] Note being tested: G4
Chord: E7 Tones:[E, F#, G#, B, C#, D] Note being tested: G4
Chord: E7 Tones:[E, F#, G#, B, C#, D] Note being tested: A4
Chord: E7 Tones:[E, F#, G#, B, C#, D] Note being tested: C#5
Accepted Note: C#5
Chord: E7 Tones:[E, F#, G#, B, C#, D] Note being tested: F5
Chord: E7 Tones:[E, F#, G#, B, C#, D] Note being tested: A5
Chord: E7 Tones:[E, F#, G#, B, C#, D] Note being tested: G4
Chord: E7 Tones:[E, F#, G#, B, C#, D] Note being tested: A4
Chord: E7 Tones:[E, F#, G#, B, C#, D] Note being tested: C#5
Accepted Note: C#5
Chord: E7 Tones:[E, F#, G#, B, C#, D] Note being tested: F5
Chord: E7 Tones:[E, F#, G#, B, C#, D] Note being tested: A5
Chord: E7 Tones:[E, F#, G#, B, C#, D] Note being tested: G4
Chord: E7 Tones:[E, F#, G#, B, C#, D] Note being tested: A4
Chord: E7 Tones:[E, F#, G#, B, C#, D] Note being tested: C#5
Accepted Note: C#5
Chord: E7 Tones:[E, F#, G#, B, C#, D] Note being tested: F5
Chord: E7 Tones:[E, F#, G#, B, C#, D] Note being tested: A5
Chord: E7 Tones:[E, F#, G#, B, C#, D] Note being tested: G4
Chord: E7 Tones:[E, F#, G#, B, C#, D] Note being tested: A4
Chord: E7 Tones:[E, F#, G#, B, C#, D] Note being tested: C#5
Accepted Note: C#5
Chord: E7 Tones:[E, F#, G#, B, C#, D] Note being tested: F5
Chord: E7 Tones:[E, F#, G#, B, C#, D] Note being tested: A5
Chord: E7 Tones:[E, F#, G#, B, C#, D] Note being tested: G4
Chord: E7 Tones:[E, F#, G#, B, C#, D] Note being tested: A4
Chord: E7 Tones:[E, F#, G#, B, C#, D] Note being tested: C#5
Accepted Note: C#5
Chord: E7 Tones:[E, F#, G#, B, C#, D] Note being tested: F5
Chord: E7 Tones:[E, F#, G#, B, C#, D] Note being tested: A5
Chord: E7 Tones:[E, F#, G#, B, C#, D] Note being tested: G4
Chord: E7 Tones:[E, F#, G#, B, C#, D] Note being tested: A4
Chord: E7 Tones:[E, F#, G#, B, C#, D] Note being tested: C#5
Accepted Note: C#5
Chord: E7 Tones:[E, F#, G#, B, C#, D] Note being tested: F5
Chord: E7 Tones:[E, F#, G#, B, C#, D] Note being tested: A5
Chord: E7 Tones:[E, F#, G#, B, C#, D] Note being tested: A#4
Chord: E7 Tones:[E, F#, G#, B, C#, D] Note being tested: G4
Chord: E7 Tones:[E, F#, G#, B, C#, D] Note being tested: A4
Chord: E7 Tones:[E, F#, G#, B, C#, D] Note being tested: C#5
Accepted Note: C#5
Chord: E7 Tones:[E, F#, G#, B, C#, D] Note being tested: F5
Chord: E7 Tones:[E, F#, G#, B, C#, D] Note being tested: A5
Chord: E7 Tones:[E, F#, G#, B, C#, D] Note being tested: G4
Chord: E7 Tones:[E, F#, G#, B, C#, D] Note being tested: A4
Chord: E7 Tones:[E, F#, G#, B, C#, D] Note being tested: C#5
Accepted Note: C#5
Chord: E7 Tones:[E, F#, G#, B, C#, D] Note being tested: F5
Chord: E7 Tones:[E, F#, G#, B, C#, D] Note being tested: A5
Chord: E7 Tones:[E, F#, G#, B, C#, D] Note being tested: G4
Chord: E7 Tones:[E, F#, G#, B, C#, D] Note being tested: A4
Chord: E7 Tones:[E, F#, G#, B, C#, D] Note being tested: C#5
Accepted Note: C#5
Chord: E7 Tones:[E, F#, G#, B, C#, D] Note being tested: F5
Chord: E7 Tones:[E, F#, G#, B, C#, D] Note being tested: A5
Chord: E7 Tones:[E, F#, G#, B, C#, D] Note being tested: G4
Chord: E7 Tones:[E, F#, G#, B, C#, D] Note being tested: A4
Chord: E7 Tones:[E, F#, G#, B, C#, D] Note being tested: C#5
Accepted Note: C#5
Chord: E7 Tones:[E, F#, G#, B, C#, D] Note being tested: F5
Chord: E7 Tones:[E, F#, G#, B, C#, D] Note being tested: A5
Chord: E7 Tones:[E, F#, G#, B, C#, D] Note being tested: B4
Accepted Note: B4
Chord: E7 Tones:[E, F#, G#, B, C#, D] Note being tested: A#4
Chord: E7 Tones:[E, F#, G#, B, C#, D] Note being tested: G#4
Accepted Note: G#4
Chord: E7 Tones:[E, F#, G#, B, C#, D] Note being tested: G4
Chord: E7 Tones:[E, F#, G#, B, C#, D] Note being tested: F#4
Accepted Note: F#4
Chord: E7 Tones:[E, F#, G#, B, C#, D] Note being tested: F4
Chord: E7 Tones:[E, F#, G#, B, C#, D] Note being tested: E4
Accepted Note: E4
Chord: E7 Tones:[E, F#, G#, B, C#, D] Note being tested: D4
Accepted Note: D4
Chord: E7 Tones:[E, F#, G#, B, C#, D] Note being tested: D#4
Chord: E7 Tones:[E, F#, G#, B, C#, D] Note being tested: F5
Chord: E7 Tones:[E, F#, G#, B, C#, D] Note being tested: E4
Accepted Note: E4
Chord: E7 Tones:[E, F#, G#, B, C#, D] Note being tested: G4
Chord: E7 Tones:[E, F#, G#, B, C#, D] Note being tested: G#4
Accepted Note: G#4
Chord: E7 Tones:[E, F#, G#, B, C#, D] Note being tested: B4
Accepted Note: B4
Chord: E7 Tones:[E, F#, G#, B, C#, D] Note being tested: D5
Accepted Note: D5
Chord: E7 Tones:[E, F#, G#, B, C#, D] Note being tested: F5
Chord: E7 Tones:[E, F#, G#, B, C#, D] Note being tested: G#5
Accepted Note: G#5
Chord: E7 Tones:[E, F#, G#, B, C#, D] Note being tested: E5
Accepted Note: E5
Chord: E7 Tones:[E, F#, G#, B, C#, D] Note being tested: G5
Chord: E7 Tones:[E, F#, G#, B, C#, D] Note being tested: C#5
Accepted Note: C#5
Chord: E7 Tones:[E, F#, G#, B, C#, D] Note being tested: F#4
Accepted Note: F#4
Chord: E7 Tones:[E, F#, G#, B, C#, D] Note being tested: D#5
Chord: E7 Tones:[E, F#, G#, B, C#, D] Note being tested: A4
Chord: E7 Tones:[E, F#, G#, B, C#, D] Note being tested: G4
Chord: E7 Tones:[E, F#, G#, B, C#, D] Note being tested: A4
Chord: E7 Tones:[E, F#, G#, B, C#, D] Note being tested: C#5
Accepted Note: C#5
Chord: E7 Tones:[E, F#, G#, B, C#, D] Note being tested: F5
Chord: E7 Tones:[E, F#, G#, B, C#, D] Note being tested: A5
Chord: E7 Tones:[E, F#, G#, B, C#, D] Note being tested: G4
Chord: E7 Tones:[E, F#, G#, B, C#, D] Note being tested: A4
Chord: E7 Tones:[E, F#, G#, B, C#, D] Note being tested: C#5
Accepted Note: C#5
Chord: E7 Tones:[E, F#, G#, B, C#, D] Note being tested: F5
Chord: E7 Tones:[E, F#, G#, B, C#, D] Note being tested: A5
Chord: E7 Tones:[E, F#, G#, B, C#, D] Note being tested: G4
Chord: E7 Tones:[E, F#, G#, B, C#, D] Note being tested: A4
Chord: E7 Tones:[E, F#, G#, B, C#, D] Note being tested: C#5
Accepted Note: C#5
Chord: E7 Tones:[E, F#, G#, B, C#, D] Note being tested: F5
Chord: E7 Tones:[E, F#, G#, B, C#, D] Note being tested: A5
Chord: E7 Tones:[E, F#, G#, B, C#, D] Note being tested: G4
Chord: E7 Tones:[E, F#, G#, B, C#, D] Note being tested: A4
Chord: E7 Tones:[E, F#, G#, B, C#, D] Note being tested: C#5
Accepted Note: C#5
Chord: E7 Tones:[E, F#, G#, B, C#, D] Note being tested: F5
Chord: E7 Tones:[E, F#, G#, B, C#, D] Note being tested: A5
Chord: E7 Tones:[E, F#, G#, B, C#, D] Note being tested: A#4
Chord: E7 Tones:[E, F#, G#, B, C#, D] Note being tested: F5
Chord: E7 Tones:[E, F#, G#, B, C#, D] Note being tested: G4
Chord: E7 Tones:[E, F#, G#, B, C#, D] Note being tested: A4
Chord: E7 Tones:[E, F#, G#, B, C#, D] Note being tested: C#5
Accepted Note: C#5
Chord: E7 Tones:[E, F#, G#, B, C#, D] Note being tested: F5
Chord: E7 Tones:[E, F#, G#, B, C#, D] Note being tested: A5
Chord: E7 Tones:[E, F#, G#, B, C#, D] Note being tested: G4
Chord: E7 Tones:[E, F#, G#, B, C#, D] Note being tested: A4
Chord: E7 Tones:[E, F#, G#, B, C#, D] Note being tested: C#5
Accepted Note: C#5
Chord: E7 Tones:[E, F#, G#, B, C#, D] Note being tested: F5
Chord: E7 Tones:[E, F#, G#, B, C#, D] Note being tested: A5
Chord: E7 Tones:[E, F#, G#, B, C#, D] Note being tested: G4
Chord: E7 Tones:[E, F#, G#, B, C#, D] Note being tested: A4
Chord: E7 Tones:[E, F#, G#, B, C#, D] Note being tested: C#5
Accepted Note: C#5
Chord: E7 Tones:[E, F#, G#, B, C#, D] Note being tested: F5
Chord: E7 Tones:[E, F#, G#, B, C#, D] Note being tested: A5
Chord: E7 Tones:[E, F#, G#, B, C#, D] Note being tested: G4
Chord: E7 Tones:[E, F#, G#, B, C#, D] Note being tested: A4
Chord: E7 Tones:[E, F#, G#, B, C#, D] Note being tested: C#5
Accepted Note: C#5
Chord: E7 Tones:[E, F#, G#, B, C#, D] Note being tested: F5
Chord: E7 Tones:[E, F#, G#, B, C#, D] Note being tested: A5
Chord: E7 Tones:[E, F#, G#, B, C#, D] Note being tested: G4
Chord: E7 Tones:[E, F#, G#, B, C#, D] Note being tested: A4
Chord: E7 Tones:[E, F#, G#, B, C#, D] Note being tested: C#5
Accepted Note: C#5
Chord: E7 Tones:[E, F#, G#, B, C#, D] Note being tested: F5
Chord: E7 Tones:[E, F#, G#, B, C#, D] Note being tested: A5
Chord: E7 Tones:[E, F#, G#, B, C#, D] Note being tested: G4
Chord: E7 Tones:[E, F#, G#, B, C#, D] Note being tested: A4
Chord: E7 Tones:[E, F#, G#, B, C#, D] Note being tested: C#5
Accepted Note: C#5
Chord: E7 Tones:[E, F#, G#, B, C#, D] Note being tested: F5
Chord: E7 Tones:[E, F#, G#, B, C#, D] Note being tested: A5
Chord: E7 Tones:[E, F#, G#, B, C#, D] Note being tested: B4
Accepted Note: B4
Chord: E7 Tones:[E, F#, G#, B, C#, D] Note being tested: A#4
Chord: E7 Tones:[E, F#, G#, B, C#, D] Note being tested: G#4
Accepted Note: G#4
Chord: E7 Tones:[E, F#, G#, B, C#, D] Note being tested: G4
Chord: E7 Tones:[E, F#, G#, B, C#, D] Note being tested: F#4
Accepted Note: F#4
Chord: E7 Tones:[E, F#, G#, B, C#, D] Note being tested: F4
Chord: E7 Tones:[E, F#, G#, B, C#, D] Note being tested: E4
Accepted Note: E4
Chord: E7 Tones:[E, F#, G#, B, C#, D] Note being tested: D4
Accepted Note: D4
Chord: E7 Tones:[E, F#, G#, B, C#, D] Note being tested: D#4
Chord: E7 Tones:[E, F#, G#, B, C#, D] Note being tested: G4
Chord: E7 Tones:[E, F#, G#, B, C#, D] Note being tested: A4
Chord: E7 Tones:[E, F#, G#, B, C#, D] Note being tested: C#5
Accepted Note: C#5
Chord: E7 Tones:[E, F#, G#, B, C#, D] Note being tested: F5
Chord: E7 Tones:[E, F#, G#, B, C#, D] Note being tested: A5
Chord: E7 Tones:[E, F#, G#, B, C#, D] Note being tested: G4
Chord: E7 Tones:[E, F#, G#, B, C#, D] Note being tested: A4
Chord: E7 Tones:[E, F#, G#, B, C#, D] Note being tested: C#5
Accepted Note: C#5
Chord: E7 Tones:[E, F#, G#, B, C#, D] Note being tested: F5
Chord: E7 Tones:[E, F#, G#, B, C#, D] Note being tested: A5
Chord: E7 Tones:[E, F#, G#, B, C#, D] Note being tested: G4
Chord: E7 Tones:[E, F#, G#, B, C#, D] Note being tested: A4
Chord: E7 Tones:[E, F#, G#, B, C#, D] Note being tested: C#5
Accepted Note: C#5
Chord: E7 Tones:[E, F#, G#, B, C#, D] Note being tested: F5
Chord: E7 Tones:[E, F#, G#, B, C#, D] Note being tested: A5
Chord: E7 Tones:[E, F#, G#, B, C#, D] Note being tested: G4
Chord: E7 Tones:[E, F#, G#, B, C#, D] Note being tested: A4
Chord: E7 Tones:[E, F#, G#, B, C#, D] Note being tested: C#5
Accepted Note: C#5
Chord: E7 Tones:[E, F#, G#, B, C#, D] Note being tested: F5
Chord: E7 Tones:[E, F#, G#, B, C#, D] Note being tested: A5
Chord: E7 Tones:[E, F#, G#, B, C#, D] Note being tested: G4
Chord: E7 Tones:[E, F#, G#, B, C#, D] Note being tested: A4
Chord: E7 Tones:[E, F#, G#, B, C#, D] Note being tested: C#5
Accepted Note: C#5
Chord: E7 Tones:[E, F#, G#, B, C#, D] Note being tested: F5
Chord: E7 Tones:[E, F#, G#, B, C#, D] Note being tested: A5
Chord: E7 Tones:[E, F#, G#, B, C#, D] Note being tested: G4
Chord: E7 Tones:[E, F#, G#, B, C#, D] Note being tested: A4
Chord: E7 Tones:[E, F#, G#, B, C#, D] Note being tested: C#5
Accepted Note: C#5
Chord: E7 Tones:[E, F#, G#, B, C#, D] Note being tested: F5
Chord: E7 Tones:[E, F#, G#, B, C#, D] Note being tested: A5
Chord: E7 Tones:[E, F#, G#, B, C#, D] Note being tested: A#4
Chord: E7 Tones:[E, F#, G#, B, C#, D] Note being tested: B4
Accepted Note: B4
Chord: E7 Tones:[E, F#, G#, B, C#, D] Note being tested: A#4
Chord: E7 Tones:[E, F#, G#, B, C#, D] Note being tested: G#4
Accepted Note: G#4
Chord: E7 Tones:[E, F#, G#, B, C#, D] Note being tested: G4
Chord: E7 Tones:[E, F#, G#, B, C#, D] Note being tested: F#4
Accepted Note: F#4
Chord: E7 Tones:[E, F#, G#, B, C#, D] Note being tested: F4
Chord: E7 Tones:[E, F#, G#, B, C#, D] Note being tested: E4
Accepted Note: E4
Chord: E7 Tones:[E, F#, G#, B, C#, D] Note being tested: D4
Accepted Note: D4
Chord: E7 Tones:[E, F#, G#, B, C#, D] Note being tested: D#4
Chord: E7 Tones:[E, F#, G#, B, C#, D] Note being tested: G4
Chord: E7 Tones:[E, F#, G#, B, C#, D] Note being tested: G4
Chord: E7 Tones:[E, F#, G#, B, C#, D] Note being tested: A4
Chord: E7 Tones:[E, F#, G#, B, C#, D] Note being tested: C#5
Accepted Note: C#5
Chord: E7 Tones:[E, F#, G#, B, C#, D] Note being tested: F5
Chord: E7 Tones:[E, F#, G#, B, C#, D] Note being tested: A5
Chord: E7 Tones:[E, F#, G#, B, C#, D] Note being tested: G4
Chord: E7 Tones:[E, F#, G#, B, C#, D] Note being tested: A4
Chord: E7 Tones:[E, F#, G#, B, C#, D] Note being tested: C#5
Accepted Note: C#5
Chord: E7 Tones:[E, F#, G#, B, C#, D] Note being tested: F5
Chord: E7 Tones:[E, F#, G#, B, C#, D] Note being tested: A5
Chord: E7 Tones:[E, F#, G#, B, C#, D] Note being tested: G4
Chord: E7 Tones:[E, F#, G#, B, C#, D] Note being tested: A4
Chord: E7 Tones:[E, F#, G#, B, C#, D] Note being tested: C#5
Accepted Note: C#5
Chord: E7 Tones:[E, F#, G#, B, C#, D] Note being tested: F5
Chord: E7 Tones:[E, F#, G#, B, C#, D] Note being tested: A5
Chord: E7 Tones:[E, F#, G#, B, C#, D] Note being tested: G4
Chord: E7 Tones:[E, F#, G#, B, C#, D] Note being tested: A4
Chord: E7 Tones:[E, F#, G#, B, C#, D] Note being tested: C#5
Accepted Note: C#5
Chord: E7 Tones:[E, F#, G#, B, C#, D] Note being tested: F5
Chord: E7 Tones:[E, F#, G#, B, C#, D] Note being tested: A5
Chord: E7 Tones:[E, F#, G#, B, C#, D] Note being tested: G4
Chord: E7 Tones:[E, F#, G#, B, C#, D] Note being tested: A4
Chord: E7 Tones:[E, F#, G#, B, C#, D] Note being tested: C#5
Accepted Note: C#5
Chord: E7 Tones:[E, F#, G#, B, C#, D] Note being tested: F5
Chord: E7 Tones:[E, F#, G#, B, C#, D] Note being tested: A5
Chord: E7 Tones:[E, F#, G#, B, C#, D] Note being tested: G4
Chord: E7 Tones:[E, F#, G#, B, C#, D] Note being tested: A4
Chord: E7 Tones:[E, F#, G#, B, C#, D] Note being tested: C#5
Accepted Note: C#5
Chord: E7 Tones:[E, F#, G#, B, C#, D] Note being tested: F5
Chord: E7 Tones:[E, F#, G#, B, C#, D] Note being tested: A5
Chord: E7 Tones:[E, F#, G#, B, C#, D] Note being tested: A#4
Chord: E7 Tones:[E, F#, G#, B, C#, D] Note being tested: B4
Accepted Note: B4
Chord: E7 Tones:[E, F#, G#, B, C#, D] Note being tested: A#4
Chord: E7 Tones:[E, F#, G#, B, C#, D] Note being tested: G#4
Accepted Note: G#4
Chord: E7 Tones:[E, F#, G#, B, C#, D] Note being tested: G4
Chord: E7 Tones:[E, F#, G#, B, C#, D] Note being tested: F#4
Accepted Note: F#4
Chord: E7 Tones:[E, F#, G#, B, C#, D] Note being tested: F4
Chord: E7 Tones:[E, F#, G#, B, C#, D] Note being tested: E4
Accepted Note: E4
Chord: E7 Tones:[E, F#, G#, B, C#, D] Note being tested: D4
Accepted Note: D4
Chord: E7 Tones:[E, F#, G#, B, C#, D] Note being tested: D#4
Chord: E7 Tones:[E, F#, G#, B, C#, D] Note being tested: B4
Accepted Note: B4
Chord: E7 Tones:[E, F#, G#, B, C#, D] Note being tested: A#4
Chord: E7 Tones:[E, F#, G#, B, C#, D] Note being tested: G#4
Accepted Note: G#4
Chord: E7 Tones:[E, F#, G#, B, C#, D] Note being tested: G4
Chord: E7 Tones:[E, F#, G#, B, C#, D] Note being tested: F#4
Accepted Note: F#4
Chord: E7 Tones:[E, F#, G#, B, C#, D] Note being tested: F4
Chord: E7 Tones:[E, F#, G#, B, C#, D] Note being tested: E4
Accepted Note: E4
Chord: E7 Tones:[E, F#, G#, B, C#, D] Note being tested: D4
Accepted Note: D4
Chord: E7 Tones:[E, F#, G#, B, C#, D] Note being tested: D#4
Chord: E7 Tones:[E, F#, G#, B, C#, D] Note being tested: B4
Accepted Note: B4
Chord: E7 Tones:[E, F#, G#, B, C#, D] Note being tested: A#4
Chord: E7 Tones:[E, F#, G#, B, C#, D] Note being tested: G#4
Accepted Note: G#4
Chord: E7 Tones:[E, F#, G#, B, C#, D] Note being tested: G4
Chord: E7 Tones:[E, F#, G#, B, C#, D] Note being tested: F#4
Accepted Note: F#4
Chord: E7 Tones:[E, F#, G#, B, C#, D] Note being tested: F4
Chord: E7 Tones:[E, F#, G#, B, C#, D] Note being tested: E4
Accepted Note: E4
Chord: E7 Tones:[E, F#, G#, B, C#, D] Note being tested: D4
Accepted Note: D4
Chord: E7 Tones:[E, F#, G#, B, C#, D] Note being tested: D#4
Chord: E7 Tones:[E, F#, G#, B, C#, D] Note being tested: G4
Chord: E7 Tones:[E, F#, G#, B, C#, D] Note being tested: A4
Chord: E7 Tones:[E, F#, G#, B, C#, D] Note being tested: C#5
Accepted Note: C#5
Chord: E7 Tones:[E, F#, G#, B, C#, D] Note being tested: F5
Chord: E7 Tones:[E, F#, G#, B, C#, D] Note being tested: A5
Chord: E7 Tones:[E, F#, G#, B, C#, D] Note being tested: G4
Chord: E7 Tones:[E, F#, G#, B, C#, D] Note being tested: A4
Chord: E7 Tones:[E, F#, G#, B, C#, D] Note being tested: C#5
Accepted Note: C#5
Chord: E7 Tones:[E, F#, G#, B, C#, D] Note being tested: F5
Chord: E7 Tones:[E, F#, G#, B, C#, D] Note being tested: A5
Chord: E7 Tones:[E, F#, G#, B, C#, D] Note being tested: G4
Chord: E7 Tones:[E, F#, G#, B, C#, D] Note being tested: A4
Chord: E7 Tones:[E, F#, G#, B, C#, D] Note being tested: C#5
Accepted Note: C#5
Chord: E7 Tones:[E, F#, G#, B, C#, D] Note being tested: F5
Chord: E7 Tones:[E, F#, G#, B, C#, D] Note being tested: A5
Chord: E7 Tones:[E, F#, G#, B, C#, D] Note being tested: E4
Accepted Note: E4
Chord: E7 Tones:[E, F#, G#, B, C#, D] Note being tested: G4
Chord: E7 Tones:[E, F#, G#, B, C#, D] Note being tested: G#4
Accepted Note: G#4
Chord: E7 Tones:[E, F#, G#, B, C#, D] Note being tested: B4
Accepted Note: B4
Chord: E7 Tones:[E, F#, G#, B, C#, D] Note being tested: D5
Accepted Note: D5
Chord: E7 Tones:[E, F#, G#, B, C#, D] Note being tested: F5
Chord: E7 Tones:[E, F#, G#, B, C#, D] Note being tested: G#5
Accepted Note: G#5
Chord: E7 Tones:[E, F#, G#, B, C#, D] Note being tested: E5
Accepted Note: E5
Chord: E7 Tones:[E, F#, G#, B, C#, D] Note being tested: G5
Chord: E7 Tones:[E, F#, G#, B, C#, D] Note being tested: C#5
Accepted Note: C#5
Chord: E7 Tones:[E, F#, G#, B, C#, D] Note being tested: F#4
Accepted Note: F#4
Chord: E7 Tones:[E, F#, G#, B, C#, D] Note being tested: D#5
Chord: E7 Tones:[E, F#, G#, B, C#, D] Note being tested: A4
Chord: E7 Tones:[E, F#, G#, B, C#, D] Note being tested: G4
Chord: E7 Tones:[E, F#, G#, B, C#, D] Note being tested: A4
Chord: E7 Tones:[E, F#, G#, B, C#, D] Note being tested: C#5
Accepted Note: C#5
Chord: E7 Tones:[E, F#, G#, B, C#, D] Note being tested: F5
Chord: E7 Tones:[E, F#, G#, B, C#, D] Note being tested: A5
Chord: E7 Tones:[E, F#, G#, B, C#, D] Note being tested: G4
Chord: E7 Tones:[E, F#, G#, B, C#, D] Note being tested: A4
Chord: E7 Tones:[E, F#, G#, B, C#, D] Note being tested: C#5
Accepted Note: C#5
Chord: E7 Tones:[E, F#, G#, B, C#, D] Note being tested: F5
Chord: E7 Tones:[E, F#, G#, B, C#, D] Note being tested: A5
Chord: E7 Tones:[E, F#, G#, B, C#, D] Note being tested: G4
Chord: E7 Tones:[E, F#, G#, B, C#, D] Note being tested: A4
Chord: E7 Tones:[E, F#, G#, B, C#, D] Note being tested: C#5
Accepted Note: C#5
Chord: E7 Tones:[E, F#, G#, B, C#, D] Note being tested: F5
Chord: E7 Tones:[E, F#, G#, B, C#, D] Note being tested: A5
Chord: E7 Tones:[E, F#, G#, B, C#, D] Note being tested: B4
Accepted Note: B4
Chord: E7 Tones:[E, F#, G#, B, C#, D] Note being tested: A#4
Chord: E7 Tones:[E, F#, G#, B, C#, D] Note being tested: G#4
Accepted Note: G#4
Chord: E7 Tones:[E, F#, G#, B, C#, D] Note being tested: G4
Chord: E7 Tones:[E, F#, G#, B, C#, D] Note being tested: F#4
Accepted Note: F#4
Chord: E7 Tones:[E, F#, G#, B, C#, D] Note being tested: F4
Chord: E7 Tones:[E, F#, G#, B, C#, D] Note being tested: E4
Accepted Note: E4
Chord: E7 Tones:[E, F#, G#, B, C#, D] Note being tested: D4
Accepted Note: D4
Chord: E7 Tones:[E, F#, G#, B, C#, D] Note being tested: D#4
Chord: E7 Tones:[E, F#, G#, B, C#, D] Note being tested: B4
Accepted Note: B4
Chord: E7 Tones:[E, F#, G#, B, C#, D] Note being tested: A#4
Chord: E7 Tones:[E, F#, G#, B, C#, D] Note being tested: G#4
Accepted Note: G#4
Chord: E7 Tones:[E, F#, G#, B, C#, D] Note being tested: G4
Chord: E7 Tones:[E, F#, G#, B, C#, D] Note being tested: F#4
Accepted Note: F#4
Chord: E7 Tones:[E, F#, G#, B, C#, D] Note being tested: F4
Chord: E7 Tones:[E, F#, G#, B, C#, D] Note being tested: E4
Accepted Note: E4
Chord: E7 Tones:[E, F#, G#, B, C#, D] Note being tested: D4
Accepted Note: D4
Chord: E7 Tones:[E, F#, G#, B, C#, D] Note being tested: D#4
Chord: E7 Tones:[E, F#, G#, B, C#, D] Note being tested: B4
Accepted Note: B4
Chord: E7 Tones:[E, F#, G#, B, C#, D] Note being tested: A#4
Chord: E7 Tones:[E, F#, G#, B, C#, D] Note being tested: G#4
Accepted Note: G#4
Chord: E7 Tones:[E, F#, G#, B, C#, D] Note being tested: G4
Chord: E7 Tones:[E, F#, G#, B, C#, D] Note being tested: F#4
Accepted Note: F#4
Chord: E7 Tones:[E, F#, G#, B, C#, D] Note being tested: F4
Chord: E7 Tones:[E, F#, G#, B, C#, D] Note being tested: E4
Accepted Note: E4
Chord: E7 Tones:[E, F#, G#, B, C#, D] Note being tested: D4
Accepted Note: D4
Chord: E7 Tones:[E, F#, G#, B, C#, D] Note being tested: D#4
Chord: E7 Tones:[E, F#, G#, B, C#, D] Note being tested: B4
Accepted Note: B4
Chord: E7 Tones:[E, F#, G#, B, C#, D] Note being tested: A#4
Chord: E7 Tones:[E, F#, G#, B, C#, D] Note being tested: G#4
Accepted Note: G#4
Chord: E7 Tones:[E, F#, G#, B, C#, D] Note being tested: G4
Chord: E7 Tones:[E, F#, G#, B, C#, D] Note being tested: F#4
Accepted Note: F#4
Chord: E7 Tones:[E, F#, G#, B, C#, D] Note being tested: F4
Chord: E7 Tones:[E, F#, G#, B, C#, D] Note being tested: E4
Accepted Note: E4
Chord: E7 Tones:[E, F#, G#, B, C#, D] Note being tested: D4
Accepted Note: D4
Chord: E7 Tones:[E, F#, G#, B, C#, D] Note being tested: D#4
Chord: E7 Tones:[E, F#, G#, B, C#, D] Note being tested: G4
Chord: E7 Tones:[E, F#, G#, B, C#, D] Note being tested: A#4
Chord: E7 Tones:[E, F#, G#, B, C#, D] Note being tested: B4
Accepted Note: B4
Chord: E7 Tones:[E, F#, G#, B, C#, D] Note being tested: A#4
Chord: E7 Tones:[E, F#, G#, B, C#, D] Note being tested: G#4
Accepted Note: G#4
Chord: E7 Tones:[E, F#, G#, B, C#, D] Note being tested: G4
Chord: E7 Tones:[E, F#, G#, B, C#, D] Note being tested: F#4
Accepted Note: F#4
Chord: E7 Tones:[E, F#, G#, B, C#, D] Note being tested: F4
Chord: E7 Tones:[E, F#, G#, B, C#, D] Note being tested: E4
Accepted Note: E4
Chord: E7 Tones:[E, F#, G#, B, C#, D] Note being tested: D4
Accepted Note: D4
Chord: E7 Tones:[E, F#, G#, B, C#, D] Note being tested: D#4
Chord: E7 Tones:[E, F#, G#, B, C#, D] Note being tested: A#4
Chord: E7 Tones:[E, F#, G#, B, C#, D] Note being tested: B4
Accepted Note: B4
Chord: E7 Tones:[E, F#, G#, B, C#, D] Note being tested: A#4
Chord: E7 Tones:[E, F#, G#, B, C#, D] Note being tested: G#4
Accepted Note: G#4
Chord: E7 Tones:[E, F#, G#, B, C#, D] Note being tested: G4
Chord: E7 Tones:[E, F#, G#, B, C#, D] Note being tested: F#4
Accepted Note: F#4
Chord: E7 Tones:[E, F#, G#, B, C#, D] Note being tested: F4
Chord: E7 Tones:[E, F#, G#, B, C#, D] Note being tested: E4
Accepted Note: E4
Chord: E7 Tones:[E, F#, G#, B, C#, D] Note being tested: D4
Accepted Note: D4
Chord: E7 Tones:[E, F#, G#, B, C#, D] Note being tested: D#4
Chord: E7 Tones:[E, F#, G#, B, C#, D] Note being tested: E4
Accepted Note: E4
Chord: E7 Tones:[E, F#, G#, B, C#, D] Note being tested: G4
Chord: E7 Tones:[E, F#, G#, B, C#, D] Note being tested: G#4
Accepted Note: G#4
Chord: E7 Tones:[E, F#, G#, B, C#, D] Note being tested: B4
Accepted Note: B4
Chord: E7 Tones:[E, F#, G#, B, C#, D] Note being tested: D5
Accepted Note: D5
Chord: E7 Tones:[E, F#, G#, B, C#, D] Note being tested: F5
Chord: E7 Tones:[E, F#, G#, B, C#, D] Note being tested: G#5
Accepted Note: G#5
Chord: E7 Tones:[E, F#, G#, B, C#, D] Note being tested: E5
Accepted Note: E5
Chord: E7 Tones:[E, F#, G#, B, C#, D] Note being tested: G5
Chord: E7 Tones:[E, F#, G#, B, C#, D] Note being tested: C#5
Accepted Note: C#5
Chord: E7 Tones:[E, F#, G#, B, C#, D] Note being tested: F#4
Accepted Note: F#4
Chord: E7 Tones:[E, F#, G#, B, C#, D] Note being tested: D#5
Chord: E7 Tones:[E, F#, G#, B, C#, D] Note being tested: A4
Chord: B7 Tones:[B, C#, D#, F#, G#, A] Note being tested: E5
Chord: B7 Tones:[B, C#, D#, F#, G#, A] Note being tested: A#4
Chord: B7 Tones:[B, C#, D#, F#, G#, A] Note being tested: B4
Accepted Note: B4
Chord: B7 Tones:[B, C#, D#, F#, G#, A] Note being tested: A#4
Chord: B7 Tones:[B, C#, D#, F#, G#, A] Note being tested: G#4
Accepted Note: G#4
Chord: B7 Tones:[B, C#, D#, F#, G#, A] Note being tested: G4
Chord: B7 Tones:[B, C#, D#, F#, G#, A] Note being tested: F#4
Accepted Note: F#4
Chord: B7 Tones:[B, C#, D#, F#, G#, A] Note being tested: F4
Chord: B7 Tones:[B, C#, D#, F#, G#, A] Note being tested: E4
Chord: B7 Tones:[B, C#, D#, F#, G#, A] Note being tested: D4
Chord: B7 Tones:[B, C#, D#, F#, G#, A] Note being tested: D#4
Accepted Note: D#4
Chord: B7 Tones:[B, C#, D#, F#, G#, A] Note being tested: G4
Chord: B7 Tones:[B, C#, D#, F#, G#, A] Note being tested: A4
Accepted Note: A4
Chord: B7 Tones:[B, C#, D#, F#, G#, A] Note being tested: C#5
Accepted Note: C#5
Chord: B7 Tones:[B, C#, D#, F#, G#, A] Note being tested: F5
Chord: B7 Tones:[B, C#, D#, F#, G#, A] Note being tested: A5
Accepted Note: A5
Chord: B7 Tones:[B, C#, D#, F#, G#, A] Note being tested: C#5
Accepted Note: C#5
Chord: B7 Tones:[B, C#, D#, F#, G#, A] Note being tested: A#4
Chord: B7 Tones:[B, C#, D#, F#, G#, A] Note being tested: B4
Accepted Note: B4
Chord: B7 Tones:[B, C#, D#, F#, G#, A] Note being tested: A#4
Chord: B7 Tones:[B, C#, D#, F#, G#, A] Note being tested: G#4
Accepted Note: G#4
Chord: B7 Tones:[B, C#, D#, F#, G#, A] Note being tested: G4
Chord: B7 Tones:[B, C#, D#, F#, G#, A] Note being tested: F#4
Accepted Note: F#4
Chord: B7 Tones:[B, C#, D#, F#, G#, A] Note being tested: F4
Chord: B7 Tones:[B, C#, D#, F#, G#, A] Note being tested: E4
Chord: B7 Tones:[B, C#, D#, F#, G#, A] Note being tested: D4
Chord: B7 Tones:[B, C#, D#, F#, G#, A] Note being tested: D#4
Accepted Note: D#4
Chord: B7 Tones:[B, C#, D#, F#, G#, A] Note being tested: F5
Chord: B7 Tones:[B, C#, D#, F#, G#, A] Note being tested: A#4
Chord: B7 Tones:[B, C#, D#, F#, G#, A] Note being tested: G4
Chord: B7 Tones:[B, C#, D#, F#, G#, A] Note being tested: A4
Accepted Note: A4
Chord: B7 Tones:[B, C#, D#, F#, G#, A] Note being tested: C#5
Accepted Note: C#5
Chord: B7 Tones:[B, C#, D#, F#, G#, A] Note being tested: F5
Chord: B7 Tones:[B, C#, D#, F#, G#, A] Note being tested: A5
Accepted Note: A5
Chord: B7 Tones:[B, C#, D#, F#, G#, A] Note being tested: E4
Chord: B7 Tones:[B, C#, D#, F#, G#, A] Note being tested: G4
Chord: B7 Tones:[B, C#, D#, F#, G#, A] Note being tested: G#4
Accepted Note: G#4
Chord: B7 Tones:[B, C#, D#, F#, G#, A] Note being tested: B4
Accepted Note: B4
Chord: B7 Tones:[B, C#, D#, F#, G#, A] Note being tested: D5
Chord: B7 Tones:[B, C#, D#, F#, G#, A] Note being tested: F5
Chord: B7 Tones:[B, C#, D#, F#, G#, A] Note being tested: G#5
Accepted Note: G#5
Chord: B7 Tones:[B, C#, D#, F#, G#, A] Note being tested: E5
Chord: B7 Tones:[B, C#, D#, F#, G#, A] Note being tested: G5
Chord: B7 Tones:[B, C#, D#, F#, G#, A] Note being tested: C#5
Accepted Note: C#5
Chord: B7 Tones:[B, C#, D#, F#, G#, A] Note being tested: F#4
Accepted Note: F#4
Chord: B7 Tones:[B, C#, D#, F#, G#, A] Note being tested: D#5
Accepted Note: D#5
Chord: B7 Tones:[B, C#, D#, F#, G#, A] Note being tested: A4
Accepted Note: A4
Chord: B7 Tones:[B, C#, D#, F#, G#, A] Note being tested: E4
Chord: B7 Tones:[B, C#, D#, F#, G#, A] Note being tested: G4
Chord: B7 Tones:[B, C#, D#, F#, G#, A] Note being tested: G#4
Accepted Note: G#4
Chord: B7 Tones:[B, C#, D#, F#, G#, A] Note being tested: B4
Accepted Note: B4
Chord: B7 Tones:[B, C#, D#, F#, G#, A] Note being tested: D5
Chord: B7 Tones:[B, C#, D#, F#, G#, A] Note being tested: F5
Chord: B7 Tones:[B, C#, D#, F#, G#, A] Note being tested: G#5
Accepted Note: G#5
Chord: B7 Tones:[B, C#, D#, F#, G#, A] Note being tested: E5
Chord: B7 Tones:[B, C#, D#, F#, G#, A] Note being tested: G5
Chord: B7 Tones:[B, C#, D#, F#, G#, A] Note being tested: C#5
Accepted Note: C#5
Chord: B7 Tones:[B, C#, D#, F#, G#, A] Note being tested: F#4
Accepted Note: F#4
Chord: B7 Tones:[B, C#, D#, F#, G#, A] Note being tested: D#5
Accepted Note: D#5
Chord: B7 Tones:[B, C#, D#, F#, G#, A] Note being tested: A4
Accepted Note: A4
Chord: B7 Tones:[B, C#, D#, F#, G#, A] Note being tested: E4
Chord: B7 Tones:[B, C#, D#, F#, G#, A] Note being tested: G4
Chord: B7 Tones:[B, C#, D#, F#, G#, A] Note being tested: G#4
Accepted Note: G#4
Chord: B7 Tones:[B, C#, D#, F#, G#, A] Note being tested: B4
Accepted Note: B4
Chord: B7 Tones:[B, C#, D#, F#, G#, A] Note being tested: D5
Chord: B7 Tones:[B, C#, D#, F#, G#, A] Note being tested: F5
Chord: B7 Tones:[B, C#, D#, F#, G#, A] Note being tested: G#5
Accepted Note: G#5
Chord: B7 Tones:[B, C#, D#, F#, G#, A] Note being tested: E5
Chord: B7 Tones:[B, C#, D#, F#, G#, A] Note being tested: G5
Chord: B7 Tones:[B, C#, D#, F#, G#, A] Note being tested: C#5
Accepted Note: C#5
Chord: B7 Tones:[B, C#, D#, F#, G#, A] Note being tested: F#4
Accepted Note: F#4
Chord: B7 Tones:[B, C#, D#, F#, G#, A] Note being tested: D#5
Accepted Note: D#5
Chord: B7 Tones:[B, C#, D#, F#, G#, A] Note being tested: A4
Accepted Note: A4
Chord: B7 Tones:[B, C#, D#, F#, G#, A] Note being tested: B4
Accepted Note: B4
Chord: B7 Tones:[B, C#, D#, F#, G#, A] Note being tested: A#4
Chord: B7 Tones:[B, C#, D#, F#, G#, A] Note being tested: G#4
Accepted Note: G#4
Chord: B7 Tones:[B, C#, D#, F#, G#, A] Note being tested: G4
Chord: B7 Tones:[B, C#, D#, F#, G#, A] Note being tested: F#4
Accepted Note: F#4
Chord: B7 Tones:[B, C#, D#, F#, G#, A] Note being tested: F4
Chord: B7 Tones:[B, C#, D#, F#, G#, A] Note being tested: E4
Chord: B7 Tones:[B, C#, D#, F#, G#, A] Note being tested: D4
Chord: B7 Tones:[B, C#, D#, F#, G#, A] Note being tested: D#4
Accepted Note: D#4
Chord: B7 Tones:[B, C#, D#, F#, G#, A] Note being tested: B4
Accepted Note: B4
Chord: B7 Tones:[B, C#, D#, F#, G#, A] Note being tested: A#4
Chord: B7 Tones:[B, C#, D#, F#, G#, A] Note being tested: G#4
Accepted Note: G#4
Chord: B7 Tones:[B, C#, D#, F#, G#, A] Note being tested: G4
Chord: B7 Tones:[B, C#, D#, F#, G#, A] Note being tested: F#4
Accepted Note: F#4
Chord: B7 Tones:[B, C#, D#, F#, G#, A] Note being tested: F4
Chord: B7 Tones:[B, C#, D#, F#, G#, A] Note being tested: E4
Chord: B7 Tones:[B, C#, D#, F#, G#, A] Note being tested: D4
Chord: B7 Tones:[B, C#, D#, F#, G#, A] Note being tested: D#4
Accepted Note: D#4
Chord: B7 Tones:[B, C#, D#, F#, G#, A] Note being tested: B4
Accepted Note: B4
Chord: B7 Tones:[B, C#, D#, F#, G#, A] Note being tested: A#4
Chord: B7 Tones:[B, C#, D#, F#, G#, A] Note being tested: G#4
Accepted Note: G#4
Chord: B7 Tones:[B, C#, D#, F#, G#, A] Note being tested: G4
Chord: B7 Tones:[B, C#, D#, F#, G#, A] Note being tested: F#4
Accepted Note: F#4
Chord: B7 Tones:[B, C#, D#, F#, G#, A] Note being tested: F4
Chord: B7 Tones:[B, C#, D#, F#, G#, A] Note being tested: E4
Chord: B7 Tones:[B, C#, D#, F#, G#, A] Note being tested: D4
Chord: B7 Tones:[B, C#, D#, F#, G#, A] Note being tested: D#4
Accepted Note: D#4
Chord: B7 Tones:[B, C#, D#, F#, G#, A] Note being tested: E4
Chord: B7 Tones:[B, C#, D#, F#, G#, A] Note being tested: G4
Chord: B7 Tones:[B, C#, D#, F#, G#, A] Note being tested: G#4
Accepted Note: G#4
Chord: B7 Tones:[B, C#, D#, F#, G#, A] Note being tested: B4
Accepted Note: B4
Chord: B7 Tones:[B, C#, D#, F#, G#, A] Note being tested: D5
Chord: B7 Tones:[B, C#, D#, F#, G#, A] Note being tested: F5
Chord: B7 Tones:[B, C#, D#, F#, G#, A] Note being tested: G#5
Accepted Note: G#5
Chord: B7 Tones:[B, C#, D#, F#, G#, A] Note being tested: E5
Chord: B7 Tones:[B, C#, D#, F#, G#, A] Note being tested: G5
Chord: B7 Tones:[B, C#, D#, F#, G#, A] Note being tested: C#5
Accepted Note: C#5
Chord: B7 Tones:[B, C#, D#, F#, G#, A] Note being tested: F#4
Accepted Note: F#4
Chord: B7 Tones:[B, C#, D#, F#, G#, A] Note being tested: D#5
Accepted Note: D#5
Chord: B7 Tones:[B, C#, D#, F#, G#, A] Note being tested: A4
Accepted Note: A4
Chord: B7 Tones:[B, C#, D#, F#, G#, A] Note being tested: E4
Chord: B7 Tones:[B, C#, D#, F#, G#, A] Note being tested: G4
Chord: B7 Tones:[B, C#, D#, F#, G#, A] Note being tested: G#4
Accepted Note: G#4
Chord: B7 Tones:[B, C#, D#, F#, G#, A] Note being tested: B4
Accepted Note: B4
Chord: B7 Tones:[B, C#, D#, F#, G#, A] Note being tested: D5
Chord: B7 Tones:[B, C#, D#, F#, G#, A] Note being tested: F5
Chord: B7 Tones:[B, C#, D#, F#, G#, A] Note being tested: G#5
Accepted Note: G#5
Chord: B7 Tones:[B, C#, D#, F#, G#, A] Note being tested: E5
Chord: B7 Tones:[B, C#, D#, F#, G#, A] Note being tested: G5
Chord: B7 Tones:[B, C#, D#, F#, G#, A] Note being tested: C#5
Accepted Note: C#5
Chord: B7 Tones:[B, C#, D#, F#, G#, A] Note being tested: F#4
Accepted Note: F#4
Chord: B7 Tones:[B, C#, D#, F#, G#, A] Note being tested: D#5
Accepted Note: D#5
Chord: B7 Tones:[B, C#, D#, F#, G#, A] Note being tested: A4
Accepted Note: A4
Chord: B7 Tones:[B, C#, D#, F#, G#, A] Note being tested: E4
Chord: B7 Tones:[B, C#, D#, F#, G#, A] Note being tested: G4
Chord: B7 Tones:[B, C#, D#, F#, G#, A] Note being tested: G#4
Accepted Note: G#4
Chord: B7 Tones:[B, C#, D#, F#, G#, A] Note being tested: B4
Accepted Note: B4
Chord: B7 Tones:[B, C#, D#, F#, G#, A] Note being tested: D5
Chord: B7 Tones:[B, C#, D#, F#, G#, A] Note being tested: F5
Chord: B7 Tones:[B, C#, D#, F#, G#, A] Note being tested: G#5
Accepted Note: G#5
Chord: B7 Tones:[B, C#, D#, F#, G#, A] Note being tested: E5
Chord: B7 Tones:[B, C#, D#, F#, G#, A] Note being tested: G5
Chord: B7 Tones:[B, C#, D#, F#, G#, A] Note being tested: C#5
Accepted Note: C#5
Chord: B7 Tones:[B, C#, D#, F#, G#, A] Note being tested: F#4
Accepted Note: F#4
Chord: B7 Tones:[B, C#, D#, F#, G#, A] Note being tested: D#5
Accepted Note: D#5
Chord: B7 Tones:[B, C#, D#, F#, G#, A] Note being tested: A4
Accepted Note: A4
Chord: B7 Tones:[B, C#, D#, F#, G#, A] Note being tested: G4
Chord: B7 Tones:[B, C#, D#, F#, G#, A] Note being tested: A4
Accepted Note: A4
Chord: B7 Tones:[B, C#, D#, F#, G#, A] Note being tested: C#5
Accepted Note: C#5
Chord: B7 Tones:[B, C#, D#, F#, G#, A] Note being tested: F5
Chord: B7 Tones:[B, C#, D#, F#, G#, A] Note being tested: A5
Accepted Note: A5
Chord: B7 Tones:[B, C#, D#, F#, G#, A] Note being tested: G4
Chord: B7 Tones:[B, C#, D#, F#, G#, A] Note being tested: A4
Accepted Note: A4
Chord: B7 Tones:[B, C#, D#, F#, G#, A] Note being tested: C#5
Accepted Note: C#5
Chord: B7 Tones:[B, C#, D#, F#, G#, A] Note being tested: F5
Chord: B7 Tones:[B, C#, D#, F#, G#, A] Note being tested: A5
Accepted Note: A5
Chord: B7 Tones:[B, C#, D#, F#, G#, A] Note being tested: G4
Chord: B7 Tones:[B, C#, D#, F#, G#, A] Note being tested: A4
Accepted Note: A4
Chord: B7 Tones:[B, C#, D#, F#, G#, A] Note being tested: C#5
Accepted Note: C#5
Chord: B7 Tones:[B, C#, D#, F#, G#, A] Note being tested: F5
Chord: B7 Tones:[B, C#, D#, F#, G#, A] Note being tested: A5
Accepted Note: A5
Chord: B7 Tones:[B, C#, D#, F#, G#, A] Note being tested: B4
Accepted Note: B4
Chord: B7 Tones:[B, C#, D#, F#, G#, A] Note being tested: A#4
Chord: B7 Tones:[B, C#, D#, F#, G#, A] Note being tested: G#4
Accepted Note: G#4
Chord: B7 Tones:[B, C#, D#, F#, G#, A] Note being tested: G4
Chord: B7 Tones:[B, C#, D#, F#, G#, A] Note being tested: F#4
Accepted Note: F#4
Chord: B7 Tones:[B, C#, D#, F#, G#, A] Note being tested: F4
Chord: B7 Tones:[B, C#, D#, F#, G#, A] Note being tested: E4
Chord: B7 Tones:[B, C#, D#, F#, G#, A] Note being tested: D4
Chord: B7 Tones:[B, C#, D#, F#, G#, A] Note being tested: D#4
Accepted Note: D#4
Chord: B7 Tones:[B, C#, D#, F#, G#, A] Note being tested: B4
Accepted Note: B4
Chord: B7 Tones:[B, C#, D#, F#, G#, A] Note being tested: A#4
Chord: B7 Tones:[B, C#, D#, F#, G#, A] Note being tested: G#4
Accepted Note: G#4
Chord: B7 Tones:[B, C#, D#, F#, G#, A] Note being tested: G4
Chord: B7 Tones:[B, C#, D#, F#, G#, A] Note being tested: F#4
Accepted Note: F#4
Chord: B7 Tones:[B, C#, D#, F#, G#, A] Note being tested: F4
Chord: B7 Tones:[B, C#, D#, F#, G#, A] Note being tested: E4
Chord: B7 Tones:[B, C#, D#, F#, G#, A] Note being tested: D4
Chord: B7 Tones:[B, C#, D#, F#, G#, A] Note being tested: D#4
Accepted Note: D#4
Chord: B7 Tones:[B, C#, D#, F#, G#, A] Note being tested: B4
Accepted Note: B4
Chord: B7 Tones:[B, C#, D#, F#, G#, A] Note being tested: A#4
Chord: B7 Tones:[B, C#, D#, F#, G#, A] Note being tested: G#4
Accepted Note: G#4
Chord: B7 Tones:[B, C#, D#, F#, G#, A] Note being tested: G4
Chord: B7 Tones:[B, C#, D#, F#, G#, A] Note being tested: F#4
Accepted Note: F#4
Chord: B7 Tones:[B, C#, D#, F#, G#, A] Note being tested: F4
Chord: B7 Tones:[B, C#, D#, F#, G#, A] Note being tested: E4
Chord: B7 Tones:[B, C#, D#, F#, G#, A] Note being tested: D4
Chord: B7 Tones:[B, C#, D#, F#, G#, A] Note being tested: D#4
Accepted Note: D#4
Chord: B7 Tones:[B, C#, D#, F#, G#, A] Note being tested: G4
Chord: B7 Tones:[B, C#, D#, F#, G#, A] Note being tested: A4
Accepted Note: A4
Chord: B7 Tones:[B, C#, D#, F#, G#, A] Note being tested: C#5
Accepted Note: C#5
Chord: B7 Tones:[B, C#, D#, F#, G#, A] Note being tested: F5
Chord: B7 Tones:[B, C#, D#, F#, G#, A] Note being tested: A5
Accepted Note: A5
Chord: B7 Tones:[B, C#, D#, F#, G#, A] Note being tested: G4
Chord: B7 Tones:[B, C#, D#, F#, G#, A] Note being tested: A4
Accepted Note: A4
Chord: B7 Tones:[B, C#, D#, F#, G#, A] Note being tested: C#5
Accepted Note: C#5
Chord: B7 Tones:[B, C#, D#, F#, G#, A] Note being tested: F5
Chord: B7 Tones:[B, C#, D#, F#, G#, A] Note being tested: A5
Accepted Note: A5
Chord: B7 Tones:[B, C#, D#, F#, G#, A] Note being tested: G4
Chord: B7 Tones:[B, C#, D#, F#, G#, A] Note being tested: A4
Accepted Note: A4
Chord: B7 Tones:[B, C#, D#, F#, G#, A] Note being tested: C#5
Accepted Note: C#5
Chord: B7 Tones:[B, C#, D#, F#, G#, A] Note being tested: F5
Chord: B7 Tones:[B, C#, D#, F#, G#, A] Note being tested: A5
Accepted Note: A5
Chord: B7 Tones:[B, C#, D#, F#, G#, A] Note being tested: B4
Accepted Note: B4
Chord: B7 Tones:[B, C#, D#, F#, G#, A] Note being tested: A#4
Chord: B7 Tones:[B, C#, D#, F#, G#, A] Note being tested: G#4
Accepted Note: G#4
Chord: B7 Tones:[B, C#, D#, F#, G#, A] Note being tested: G4
Chord: B7 Tones:[B, C#, D#, F#, G#, A] Note being tested: F#4
Accepted Note: F#4
Chord: B7 Tones:[B, C#, D#, F#, G#, A] Note being tested: F4
Chord: B7 Tones:[B, C#, D#, F#, G#, A] Note being tested: E4
Chord: B7 Tones:[B, C#, D#, F#, G#, A] Note being tested: D4
Chord: B7 Tones:[B, C#, D#, F#, G#, A] Note being tested: D#4
Accepted Note: D#4
Chord: A7 Tones:[A, B, C#, E, F#, G] Note being tested: G4
Accepted Note: G4
Chord: A7 Tones:[A, B, C#, E, F#, G] Note being tested: A4
Accepted Note: A4
Chord: A7 Tones:[A, B, C#, E, F#, G] Note being tested: C#5
Accepted Note: C#5
Chord: A7 Tones:[A, B, C#, E, F#, G] Note being tested: F5
Chord: A7 Tones:[A, B, C#, E, F#, G] Note being tested: A5
Accepted Note: A5
Chord: A7 Tones:[A, B, C#, E, F#, G] Note being tested: A4
Accepted Note: A4
Chord: A7 Tones:[A, B, C#, E, F#, G] Note being tested: G4
Accepted Note: G4
Chord: A7 Tones:[A, B, C#, E, F#, G] Note being tested: A4
Accepted Note: A4
Chord: A7 Tones:[A, B, C#, E, F#, G] Note being tested: C#5
Accepted Note: C#5
Chord: A7 Tones:[A, B, C#, E, F#, G] Note being tested: F5
Chord: A7 Tones:[A, B, C#, E, F#, G] Note being tested: A5
Accepted Note: A5
Chord: A7 Tones:[A, B, C#, E, F#, G] Note being tested: A4
Accepted Note: A4
Chord: A7 Tones:[A, B, C#, E, F#, G] Note being tested: E4
Accepted Note: E4
Chord: A7 Tones:[A, B, C#, E, F#, G] Note being tested: G4
Accepted Note: G4
Chord: A7 Tones:[A, B, C#, E, F#, G] Note being tested: G#4
Chord: A7 Tones:[A, B, C#, E, F#, G] Note being tested: B4
Accepted Note: B4
Chord: A7 Tones:[A, B, C#, E, F#, G] Note being tested: D5
Chord: A7 Tones:[A, B, C#, E, F#, G] Note being tested: F5
Chord: A7 Tones:[A, B, C#, E, F#, G] Note being tested: G#5
Chord: A7 Tones:[A, B, C#, E, F#, G] Note being tested: E5
Accepted Note: E5
Chord: A7 Tones:[A, B, C#, E, F#, G] Note being tested: G5
Accepted Note: G5
Chord: A7 Tones:[A, B, C#, E, F#, G] Note being tested: C#5
Accepted Note: C#5
Chord: A7 Tones:[A, B, C#, E, F#, G] Note being tested: F#4
Accepted Note: F#4
Chord: A7 Tones:[A, B, C#, E, F#, G] Note being tested: D#5
Chord: A7 Tones:[A, B, C#, E, F#, G] Note being tested: A4
Accepted Note: A4
Chord: A7 Tones:[A, B, C#, E, F#, G] Note being tested: E4
Accepted Note: E4
Chord: A7 Tones:[A, B, C#, E, F#, G] Note being tested: G4
Accepted Note: G4
Chord: A7 Tones:[A, B, C#, E, F#, G] Note being tested: G#4
Chord: A7 Tones:[A, B, C#, E, F#, G] Note being tested: B4
Accepted Note: B4
Chord: A7 Tones:[A, B, C#, E, F#, G] Note being tested: D5
Chord: A7 Tones:[A, B, C#, E, F#, G] Note being tested: F5
Chord: A7 Tones:[A, B, C#, E, F#, G] Note being tested: G#5
Chord: A7 Tones:[A, B, C#, E, F#, G] Note being tested: E5
Accepted Note: E5
Chord: A7 Tones:[A, B, C#, E, F#, G] Note being tested: G5
Accepted Note: G5
Chord: A7 Tones:[A, B, C#, E, F#, G] Note being tested: C#5
Accepted Note: C#5
Chord: A7 Tones:[A, B, C#, E, F#, G] Note being tested: F#4
Accepted Note: F#4
Chord: A7 Tones:[A, B, C#, E, F#, G] Note being tested: D#5
Chord: A7 Tones:[A, B, C#, E, F#, G] Note being tested: A4
Accepted Note: A4
Chord: A7 Tones:[A, B, C#, E, F#, G] Note being tested: E4
Accepted Note: E4
Chord: A7 Tones:[A, B, C#, E, F#, G] Note being tested: G4
Accepted Note: G4
Chord: A7 Tones:[A, B, C#, E, F#, G] Note being tested: G#4
Chord: A7 Tones:[A, B, C#, E, F#, G] Note being tested: B4
Accepted Note: B4
Chord: A7 Tones:[A, B, C#, E, F#, G] Note being tested: D5
Chord: A7 Tones:[A, B, C#, E, F#, G] Note being tested: F5
Chord: A7 Tones:[A, B, C#, E, F#, G] Note being tested: G#5
Chord: A7 Tones:[A, B, C#, E, F#, G] Note being tested: E5
Accepted Note: E5
Chord: A7 Tones:[A, B, C#, E, F#, G] Note being tested: G5
Accepted Note: G5
Chord: A7 Tones:[A, B, C#, E, F#, G] Note being tested: C#5
Accepted Note: C#5
Chord: A7 Tones:[A, B, C#, E, F#, G] Note being tested: F#4
Accepted Note: F#4
Chord: A7 Tones:[A, B, C#, E, F#, G] Note being tested: D#5
Chord: A7 Tones:[A, B, C#, E, F#, G] Note being tested: A4
Accepted Note: A4
Chord: A7 Tones:[A, B, C#, E, F#, G] Note being tested: C#5
Accepted Note: C#5
Chord: A7 Tones:[A, B, C#, E, F#, G] Note being tested: F5
Chord: A7 Tones:[A, B, C#, E, F#, G] Note being tested: G4
Accepted Note: G4
Chord: A7 Tones:[A, B, C#, E, F#, G] Note being tested: A4
Accepted Note: A4
Chord: A7 Tones:[A, B, C#, E, F#, G] Note being tested: C#5
Accepted Note: C#5
Chord: A7 Tones:[A, B, C#, E, F#, G] Note being tested: F5
Chord: A7 Tones:[A, B, C#, E, F#, G] Note being tested: A5
Accepted Note: A5
Chord: A7 Tones:[A, B, C#, E, F#, G] Note being tested: A4
Accepted Note: A4
Chord: A7 Tones:[A, B, C#, E, F#, G] Note being tested: A#4
Chord: A7 Tones:[A, B, C#, E, F#, G] Note being tested: B4
Accepted Note: B4
Chord: A7 Tones:[A, B, C#, E, F#, G] Note being tested: A#4
Chord: A7 Tones:[A, B, C#, E, F#, G] Note being tested: G#4
Chord: A7 Tones:[A, B, C#, E, F#, G] Note being tested: G4
Accepted Note: G4
Chord: A7 Tones:[A, B, C#, E, F#, G] Note being tested: F#4
Accepted Note: F#4
Chord: A7 Tones:[A, B, C#, E, F#, G] Note being tested: F4
Chord: A7 Tones:[A, B, C#, E, F#, G] Note being tested: E4
Accepted Note: E4
Chord: A7 Tones:[A, B, C#, E, F#, G] Note being tested: D4
Chord: A7 Tones:[A, B, C#, E, F#, G] Note being tested: D#4
Chord: A7 Tones:[A, B, C#, E, F#, G] Note being tested: A#4
Chord: A7 Tones:[A, B, C#, E, F#, G] Note being tested: B4
Accepted Note: B4
Chord: A7 Tones:[A, B, C#, E, F#, G] Note being tested: A#4
Chord: A7 Tones:[A, B, C#, E, F#, G] Note being tested: G#4
Chord: A7 Tones:[A, B, C#, E, F#, G] Note being tested: G4
Accepted Note: G4
Chord: A7 Tones:[A, B, C#, E, F#, G] Note being tested: F#4
Accepted Note: F#4
Chord: A7 Tones:[A, B, C#, E, F#, G] Note being tested: F4
Chord: A7 Tones:[A, B, C#, E, F#, G] Note being tested: E4
Accepted Note: E4
Chord: A7 Tones:[A, B, C#, E, F#, G] Note being tested: D4
Chord: A7 Tones:[A, B, C#, E, F#, G] Note being tested: D#4
Chord: A7 Tones:[A, B, C#, E, F#, G] Note being tested: A#4
Chord: A7 Tones:[A, B, C#, E, F#, G] Note being tested: B4
Accepted Note: B4
Chord: A7 Tones:[A, B, C#, E, F#, G] Note being tested: A#4
Chord: A7 Tones:[A, B, C#, E, F#, G] Note being tested: G#4
Chord: A7 Tones:[A, B, C#, E, F#, G] Note being tested: G4
Accepted Note: G4
Chord: A7 Tones:[A, B, C#, E, F#, G] Note being tested: F#4
Accepted Note: F#4
Chord: A7 Tones:[A, B, C#, E, F#, G] Note being tested: F4
Chord: A7 Tones:[A, B, C#, E, F#, G] Note being tested: E4
Accepted Note: E4
Chord: A7 Tones:[A, B, C#, E, F#, G] Note being tested: D4
Chord: A7 Tones:[A, B, C#, E, F#, G] Note being tested: D#4
Chord: A7 Tones:[A, B, C#, E, F#, G] Note being tested: A#4
Chord: A7 Tones:[A, B, C#, E, F#, G] Note being tested: C#5
Accepted Note: C#5
Chord: A7 Tones:[A, B, C#, E, F#, G] Note being tested: E4
Accepted Note: E4
Chord: A7 Tones:[A, B, C#, E, F#, G] Note being tested: G4
Accepted Note: G4
Chord: A7 Tones:[A, B, C#, E, F#, G] Note being tested: G#4
Chord: A7 Tones:[A, B, C#, E, F#, G] Note being tested: B4
Accepted Note: B4
Chord: A7 Tones:[A, B, C#, E, F#, G] Note being tested: D5
Chord: A7 Tones:[A, B, C#, E, F#, G] Note being tested: F5
Chord: A7 Tones:[A, B, C#, E, F#, G] Note being tested: G#5
Chord: A7 Tones:[A, B, C#, E, F#, G] Note being tested: E5
Accepted Note: E5
Chord: A7 Tones:[A, B, C#, E, F#, G] Note being tested: G5
Accepted Note: G5
Chord: A7 Tones:[A, B, C#, E, F#, G] Note being tested: C#5
Accepted Note: C#5
Chord: A7 Tones:[A, B, C#, E, F#, G] Note being tested: F#4
Accepted Note: F#4
Chord: A7 Tones:[A, B, C#, E, F#, G] Note being tested: D#5
Chord: A7 Tones:[A, B, C#, E, F#, G] Note being tested: A4
Accepted Note: A4
Chord: E7 Tones:[E, F#, G#, B, C#, D] Note being tested: G4
Chord: E7 Tones:[E, F#, G#, B, C#, D] Note being tested: F5
Chord: E7 Tones:[E, F#, G#, B, C#, D] Note being tested: G4
Chord: E7 Tones:[E, F#, G#, B, C#, D] Note being tested: A4
Chord: E7 Tones:[E, F#, G#, B, C#, D] Note being tested: C#5
Accepted Note: C#5
Chord: E7 Tones:[E, F#, G#, B, C#, D] Note being tested: F5
Chord: E7 Tones:[E, F#, G#, B, C#, D] Note being tested: A5
Chord: E7 Tones:[E, F#, G#, B, C#, D] Note being tested: G4
Chord: E7 Tones:[E, F#, G#, B, C#, D] Note being tested: A4
Chord: E7 Tones:[E, F#, G#, B, C#, D] Note being tested: C#5
Accepted Note: C#5
Chord: E7 Tones:[E, F#, G#, B, C#, D] Note being tested: F5
Chord: E7 Tones:[E, F#, G#, B, C#, D] Note being tested: A5
Chord: E7 Tones:[E, F#, G#, B, C#, D] Note being tested: G4
Chord: E7 Tones:[E, F#, G#, B, C#, D] Note being tested: A4
Chord: E7 Tones:[E, F#, G#, B, C#, D] Note being tested: C#5
Accepted Note: C#5
Chord: E7 Tones:[E, F#, G#, B, C#, D] Note being tested: F5
Chord: E7 Tones:[E, F#, G#, B, C#, D] Note being tested: A5
Chord: E7 Tones:[E, F#, G#, B, C#, D] Note being tested: B4
Accepted Note: B4
Chord: E7 Tones:[E, F#, G#, B, C#, D] Note being tested: A#4
Chord: E7 Tones:[E, F#, G#, B, C#, D] Note being tested: G#4
Accepted Note: G#4
Chord: E7 Tones:[E, F#, G#, B, C#, D] Note being tested: G4
Chord: E7 Tones:[E, F#, G#, B, C#, D] Note being tested: F#4
Accepted Note: F#4
Chord: E7 Tones:[E, F#, G#, B, C#, D] Note being tested: F4
Chord: E7 Tones:[E, F#, G#, B, C#, D] Note being tested: E4
Accepted Note: E4
Chord: E7 Tones:[E, F#, G#, B, C#, D] Note being tested: D4
Accepted Note: D4
Chord: E7 Tones:[E, F#, G#, B, C#, D] Note being tested: D#4
Chord: E7 Tones:[E, F#, G#, B, C#, D] Note being tested: B4
Accepted Note: B4
Chord: E7 Tones:[E, F#, G#, B, C#, D] Note being tested: A#4
Chord: E7 Tones:[E, F#, G#, B, C#, D] Note being tested: G#4
Accepted Note: G#4
Chord: E7 Tones:[E, F#, G#, B, C#, D] Note being tested: G4
Chord: E7 Tones:[E, F#, G#, B, C#, D] Note being tested: F#4
Accepted Note: F#4
Chord: E7 Tones:[E, F#, G#, B, C#, D] Note being tested: F4
Chord: E7 Tones:[E, F#, G#, B, C#, D] Note being tested: E4
Accepted Note: E4
Chord: E7 Tones:[E, F#, G#, B, C#, D] Note being tested: D4
Accepted Note: D4
Chord: E7 Tones:[E, F#, G#, B, C#, D] Note being tested: D#4
Chord: E7 Tones:[E, F#, G#, B, C#, D] Note being tested: B4
Accepted Note: B4
Chord: E7 Tones:[E, F#, G#, B, C#, D] Note being tested: A#4
Chord: E7 Tones:[E, F#, G#, B, C#, D] Note being tested: G#4
Accepted Note: G#4
Chord: E7 Tones:[E, F#, G#, B, C#, D] Note being tested: G4
Chord: E7 Tones:[E, F#, G#, B, C#, D] Note being tested: F#4
Accepted Note: F#4
Chord: E7 Tones:[E, F#, G#, B, C#, D] Note being tested: F4
Chord: E7 Tones:[E, F#, G#, B, C#, D] Note being tested: E4
Accepted Note: E4
Chord: E7 Tones:[E, F#, G#, B, C#, D] Note being tested: D4
Accepted Note: D4
Chord: E7 Tones:[E, F#, G#, B, C#, D] Note being tested: D#4
Chord: E7 Tones:[E, F#, G#, B, C#, D] Note being tested: E4
Accepted Note: E4
Chord: E7 Tones:[E, F#, G#, B, C#, D] Note being tested: G4
Chord: E7 Tones:[E, F#, G#, B, C#, D] Note being tested: G#4
Accepted Note: G#4
Chord: E7 Tones:[E, F#, G#, B, C#, D] Note being tested: B4
Accepted Note: B4
Chord: E7 Tones:[E, F#, G#, B, C#, D] Note being tested: D5
Accepted Note: D5
Chord: E7 Tones:[E, F#, G#, B, C#, D] Note being tested: F5
Chord: E7 Tones:[E, F#, G#, B, C#, D] Note being tested: G#5
Accepted Note: G#5
Chord: E7 Tones:[E, F#, G#, B, C#, D] Note being tested: E5
Accepted Note: E5
Chord: E7 Tones:[E, F#, G#, B, C#, D] Note being tested: G5
Chord: E7 Tones:[E, F#, G#, B, C#, D] Note being tested: C#5
Accepted Note: C#5
Chord: E7 Tones:[E, F#, G#, B, C#, D] Note being tested: F#4
Accepted Note: F#4
Chord: E7 Tones:[E, F#, G#, B, C#, D] Note being tested: D#5
Chord: E7 Tones:[E, F#, G#, B, C#, D] Note being tested: A4
Chord: E7 Tones:[E, F#, G#, B, C#, D] Note being tested: G4
Chord: E7 Tones:[E, F#, G#, B, C#, D] Note being tested: A4
Chord: E7 Tones:[E, F#, G#, B, C#, D] Note being tested: C#5
Accepted Note: C#5
Chord: E7 Tones:[E, F#, G#, B, C#, D] Note being tested: F5
Chord: E7 Tones:[E, F#, G#, B, C#, D] Note being tested: A5
Chord: E7 Tones:[E, F#, G#, B, C#, D] Note being tested: G4
Chord: E7 Tones:[E, F#, G#, B, C#, D] Note being tested: A4
Chord: E7 Tones:[E, F#, G#, B, C#, D] Note being tested: C#5
Accepted Note: C#5
Chord: E7 Tones:[E, F#, G#, B, C#, D] Note being tested: F5
Chord: E7 Tones:[E, F#, G#, B, C#, D] Note being tested: A5
Chord: E7 Tones:[E, F#, G#, B, C#, D] Note being tested: G4
Chord: E7 Tones:[E, F#, G#, B, C#, D] Note being tested: A4
Chord: E7 Tones:[E, F#, G#, B, C#, D] Note being tested: C#5
Accepted Note: C#5
Chord: E7 Tones:[E, F#, G#, B, C#, D] Note being tested: F5
Chord: E7 Tones:[E, F#, G#, B, C#, D] Note being tested: A5
Chord: E7 Tones:[E, F#, G#, B, C#, D] Note being tested: B4
Accepted Note: B4
Chord: E7 Tones:[E, F#, G#, B, C#, D] Note being tested: A#4
Chord: E7 Tones:[E, F#, G#, B, C#, D] Note being tested: G#4
Accepted Note: G#4
Chord: E7 Tones:[E, F#, G#, B, C#, D] Note being tested: G4
Chord: E7 Tones:[E, F#, G#, B, C#, D] Note being tested: F#4
Accepted Note: F#4
Chord: E7 Tones:[E, F#, G#, B, C#, D] Note being tested: F4
Chord: E7 Tones:[E, F#, G#, B, C#, D] Note being tested: E4
Accepted Note: E4
Chord: E7 Tones:[E, F#, G#, B, C#, D] Note being tested: D4
Accepted Note: D4
Chord: E7 Tones:[E, F#, G#, B, C#, D] Note being tested: D#4
Chord: E7 Tones:[E, F#, G#, B, C#, D] Note being tested: G4
Chord: E7 Tones:[E, F#, G#, B, C#, D] Note being tested: A4
Chord: E7 Tones:[E, F#, G#, B, C#, D] Note being tested: C#5
Accepted Note: C#5
Chord: E7 Tones:[E, F#, G#, B, C#, D] Note being tested: F5
Chord: E7 Tones:[E, F#, G#, B, C#, D] Note being tested: A5
Chord: E7 Tones:[E, F#, G#, B, C#, D] Note being tested: G4
Chord: E7 Tones:[E, F#, G#, B, C#, D] Note being tested: A4
Chord: E7 Tones:[E, F#, G#, B, C#, D] Note being tested: C#5
Accepted Note: C#5
Chord: E7 Tones:[E, F#, G#, B, C#, D] Note being tested: F5
Chord: E7 Tones:[E, F#, G#, B, C#, D] Note being tested: A5
Chord: E7 Tones:[E, F#, G#, B, C#, D] Note being tested: G4
Chord: E7 Tones:[E, F#, G#, B, C#, D] Note being tested: A4
Chord: E7 Tones:[E, F#, G#, B, C#, D] Note being tested: C#5
Accepted Note: C#5
Chord: E7 Tones:[E, F#, G#, B, C#, D] Note being tested: F5
Chord: E7 Tones:[E, F#, G#, B, C#, D] Note being tested: A5
Chord: E7 Tones:[E, F#, G#, B, C#, D] Note being tested: G4
Chord: E7 Tones:[E, F#, G#, B, C#, D] Note being tested: A4
Chord: E7 Tones:[E, F#, G#, B, C#, D] Note being tested: C#5
Accepted Note: C#5
Chord: E7 Tones:[E, F#, G#, B, C#, D] Note being tested: F5
Chord: E7 Tones:[E, F#, G#, B, C#, D] Note being tested: A5
Chord: E7 Tones:[E, F#, G#, B, C#, D] Note being tested: G4
Chord: E7 Tones:[E, F#, G#, B, C#, D] Note being tested: A4
Chord: E7 Tones:[E, F#, G#, B, C#, D] Note being tested: C#5
Accepted Note: C#5
Chord: E7 Tones:[E, F#, G#, B, C#, D] Note being tested: F5
Chord: E7 Tones:[E, F#, G#, B, C#, D] Note being tested: A5
Chord: E7 Tones:[E, F#, G#, B, C#, D] Note being tested: G4
Chord: E7 Tones:[E, F#, G#, B, C#, D] Note being tested: A4
Chord: E7 Tones:[E, F#, G#, B, C#, D] Note being tested: C#5
Accepted Note: C#5
Chord: E7 Tones:[E, F#, G#, B, C#, D] Note being tested: F5
Chord: E7 Tones:[E, F#, G#, B, C#, D] Note being tested: A5
Chord: E7 Tones:[E, F#, G#, B, C#, D] Note being tested: A#4
Chord: E7 Tones:[E, F#, G#, B, C#, D] Note being tested: G4
Chord: E7 Tones:[E, F#, G#, B, C#, D] Note being tested: A4
Chord: E7 Tones:[E, F#, G#, B, C#, D] Note being tested: C#5
Accepted Note: C#5
Chord: E7 Tones:[E, F#, G#, B, C#, D] Note being tested: F5
Chord: E7 Tones:[E, F#, G#, B, C#, D] Note being tested: A5
Chord: E7 Tones:[E, F#, G#, B, C#, D] Note being tested: G4
Chord: E7 Tones:[E, F#, G#, B, C#, D] Note being tested: A4
Chord: E7 Tones:[E, F#, G#, B, C#, D] Note being tested: C#5
Accepted Note: C#5
Chord: E7 Tones:[E, F#, G#, B, C#, D] Note being tested: F5
Chord: E7 Tones:[E, F#, G#, B, C#, D] Note being tested: A5
Chord: E7 Tones:[E, F#, G#, B, C#, D] Note being tested: G4
Chord: E7 Tones:[E, F#, G#, B, C#, D] Note being tested: A4
Chord: E7 Tones:[E, F#, G#, B, C#, D] Note being tested: C#5
Accepted Note: C#5
Chord: E7 Tones:[E, F#, G#, B, C#, D] Note being tested: F5
Chord: E7 Tones:[E, F#, G#, B, C#, D] Note being tested: A5
Chord: E7 Tones:[E, F#, G#, B, C#, D] Note being tested: G4
Chord: E7 Tones:[E, F#, G#, B, C#, D] Note being tested: E4
Accepted Note: E4
Chord: E7 Tones:[E, F#, G#, B, C#, D] Note being tested: G4
Chord: E7 Tones:[E, F#, G#, B, C#, D] Note being tested: G#4
Accepted Note: G#4
Chord: E7 Tones:[E, F#, G#, B, C#, D] Note being tested: B4
Accepted Note: B4
Chord: E7 Tones:[E, F#, G#, B, C#, D] Note being tested: D5
Accepted Note: D5
Chord: E7 Tones:[E, F#, G#, B, C#, D] Note being tested: F5
Chord: E7 Tones:[E, F#, G#, B, C#, D] Note being tested: G#5
Accepted Note: G#5
Chord: E7 Tones:[E, F#, G#, B, C#, D] Note being tested: E5
Accepted Note: E5
Chord: E7 Tones:[E, F#, G#, B, C#, D] Note being tested: G5
Chord: E7 Tones:[E, F#, G#, B, C#, D] Note being tested: C#5
Accepted Note: C#5
Chord: E7 Tones:[E, F#, G#, B, C#, D] Note being tested: F#4
Accepted Note: F#4
Chord: E7 Tones:[E, F#, G#, B, C#, D] Note being tested: D#5
Chord: E7 Tones:[E, F#, G#, B, C#, D] Note being tested: A4
Chord: E7 Tones:[E, F#, G#, B, C#, D] Note being tested: B4
Accepted Note: B4
Chord: E7 Tones:[E, F#, G#, B, C#, D] Note being tested: A#4
Chord: E7 Tones:[E, F#, G#, B, C#, D] Note being tested: G#4
Accepted Note: G#4
Chord: E7 Tones:[E, F#, G#, B, C#, D] Note being tested: G4
Chord: E7 Tones:[E, F#, G#, B, C#, D] Note being tested: F#4
Accepted Note: F#4
Chord: E7 Tones:[E, F#, G#, B, C#, D] Note being tested: F4
Chord: E7 Tones:[E, F#, G#, B, C#, D] Note being tested: E4
Accepted Note: E4
Chord: E7 Tones:[E, F#, G#, B, C#, D] Note being tested: D4
Accepted Note: D4
Chord: E7 Tones:[E, F#, G#, B, C#, D] Note being tested: D#4
Chord: E7 Tones:[E, F#, G#, B, C#, D] Note being tested: G4
Chord: E7 Tones:[E, F#, G#, B, C#, D] Note being tested: A4
Chord: E7 Tones:[E, F#, G#, B, C#, D] Note being tested: C#5
Accepted Note: C#5
Chord: E7 Tones:[E, F#, G#, B, C#, D] Note being tested: F5
Chord: E7 Tones:[E, F#, G#, B, C#, D] Note being tested: A5
Chord: E7 Tones:[E, F#, G#, B, C#, D] Note being tested: G4
Chord: E7 Tones:[E, F#, G#, B, C#, D] Note being tested: A4
Chord: E7 Tones:[E, F#, G#, B, C#, D] Note being tested: C#5
Accepted Note: C#5
Chord: E7 Tones:[E, F#, G#, B, C#, D] Note being tested: F5
Chord: E7 Tones:[E, F#, G#, B, C#, D] Note being tested: A5
Chord: E7 Tones:[E, F#, G#, B, C#, D] Note being tested: G4
Chord: E7 Tones:[E, F#, G#, B, C#, D] Note being tested: A4
Chord: E7 Tones:[E, F#, G#, B, C#, D] Note being tested: C#5
Accepted Note: C#5
Chord: E7 Tones:[E, F#, G#, B, C#, D] Note being tested: F5
Chord: E7 Tones:[E, F#, G#, B, C#, D] Note being tested: A5
Chord: E7 Tones:[E, F#, G#, B, C#, D] Note being tested: A#4
Chord: E7 Tones:[E, F#, G#, B, C#, D] Note being tested: G4
Chord: E7 Tones:[E, F#, G#, B, C#, D] Note being tested: A4
Chord: E7 Tones:[E, F#, G#, B, C#, D] Note being tested: C#5
Accepted Note: C#5
Chord: E7 Tones:[E, F#, G#, B, C#, D] Note being tested: F5
Chord: E7 Tones:[E, F#, G#, B, C#, D] Note being tested: A5
Chord: E7 Tones:[E, F#, G#, B, C#, D] Note being tested: G4
Chord: E7 Tones:[E, F#, G#, B, C#, D] Note being tested: A4
Chord: E7 Tones:[E, F#, G#, B, C#, D] Note being tested: C#5
Accepted Note: C#5
Chord: E7 Tones:[E, F#, G#, B, C#, D] Note being tested: F5
Chord: E7 Tones:[E, F#, G#, B, C#, D] Note being tested: A5
Chord: E7 Tones:[E, F#, G#, B, C#, D] Note being tested: G4
Chord: E7 Tones:[E, F#, G#, B, C#, D] Note being tested: A4
Chord: E7 Tones:[E, F#, G#, B, C#, D] Note being tested: C#5
Accepted Note: C#5
Chord: E7 Tones:[E, F#, G#, B, C#, D] Note being tested: F5
Chord: E7 Tones:[E, F#, G#, B, C#, D] Note being tested: A5
Chord: E7 Tones:[E, F#, G#, B, C#, D] Note being tested: B4
Accepted Note: B4
Chord: E7 Tones:[E, F#, G#, B, C#, D] Note being tested: A#4
Chord: E7 Tones:[E, F#, G#, B, C#, D] Note being tested: G#4
Accepted Note: G#4
Chord: E7 Tones:[E, F#, G#, B, C#, D] Note being tested: G4
Chord: E7 Tones:[E, F#, G#, B, C#, D] Note being tested: F#4
Accepted Note: F#4
Chord: E7 Tones:[E, F#, G#, B, C#, D] Note being tested: F4
Chord: E7 Tones:[E, F#, G#, B, C#, D] Note being tested: E4
Accepted Note: E4
Chord: E7 Tones:[E, F#, G#, B, C#, D] Note being tested: D4
Accepted Note: D4
Chord: E7 Tones:[E, F#, G#, B, C#, D] Note being tested: D#4
Chord: E7 Tones:[E, F#, G#, B, C#, D] Note being tested: A#4
Chord: E7 Tones:[E, F#, G#, B, C#, D] Note being tested: G4
Chord: E7 Tones:[E, F#, G#, B, C#, D] Note being tested: A4
Chord: E7 Tones:[E, F#, G#, B, C#, D] Note being tested: C#5
Accepted Note: C#5
Chord: E7 Tones:[E, F#, G#, B, C#, D] Note being tested: F5
Chord: E7 Tones:[E, F#, G#, B, C#, D] Note being tested: A5
Chord: E7 Tones:[E, F#, G#, B, C#, D] Note being tested: G4
Chord: E7 Tones:[E, F#, G#, B, C#, D] Note being tested: A4
Chord: E7 Tones:[E, F#, G#, B, C#, D] Note being tested: C#5
Accepted Note: C#5
Chord: E7 Tones:[E, F#, G#, B, C#, D] Note being tested: F5
Chord: E7 Tones:[E, F#, G#, B, C#, D] Note being tested: A5
Chord: E7 Tones:[E, F#, G#, B, C#, D] Note being tested: G4
Chord: E7 Tones:[E, F#, G#, B, C#, D] Note being tested: A4
Chord: E7 Tones:[E, F#, G#, B, C#, D] Note being tested: C#5
Accepted Note: C#5
Chord: E7 Tones:[E, F#, G#, B, C#, D] Note being tested: F5
Chord: E7 Tones:[E, F#, G#, B, C#, D] Note being tested: A5
Chord: E7 Tones:[E, F#, G#, B, C#, D] Note being tested: B4
Accepted Note: B4
Chord: E7 Tones:[E, F#, G#, B, C#, D] Note being tested: A#4
Chord: E7 Tones:[E, F#, G#, B, C#, D] Note being tested: G#4
Accepted Note: G#4
Chord: E7 Tones:[E, F#, G#, B, C#, D] Note being tested: G4
Chord: E7 Tones:[E, F#, G#, B, C#, D] Note being tested: F#4
Accepted Note: F#4
Chord: E7 Tones:[E, F#, G#, B, C#, D] Note being tested: F4
Chord: E7 Tones:[E, F#, G#, B, C#, D] Note being tested: E4
Accepted Note: E4
Chord: E7 Tones:[E, F#, G#, B, C#, D] Note being tested: D4
Accepted Note: D4
Chord: E7 Tones:[E, F#, G#, B, C#, D] Note being tested: D#4
Chord: E7 Tones:[E, F#, G#, B, C#, D] Note being tested: A#4
Chord: E7 Tones:[E, F#, G#, B, C#, D] Note being tested: B4
Accepted Note: B4
Chord: E7 Tones:[E, F#, G#, B, C#, D] Note being tested: A#4
Chord: E7 Tones:[E, F#, G#, B, C#, D] Note being tested: G#4
Accepted Note: G#4
Chord: E7 Tones:[E, F#, G#, B, C#, D] Note being tested: G4
Chord: E7 Tones:[E, F#, G#, B, C#, D] Note being tested: F#4
Accepted Note: F#4
Chord: E7 Tones:[E, F#, G#, B, C#, D] Note being tested: F4
Chord: E7 Tones:[E, F#, G#, B, C#, D] Note being tested: E4
Accepted Note: E4
Chord: E7 Tones:[E, F#, G#, B, C#, D] Note being tested: D4
Accepted Note: D4
Chord: E7 Tones:[E, F#, G#, B, C#, D] Note being tested: D#4
Chord: E7 Tones:[E, F#, G#, B, C#, D] Note being tested: G4
Chord: E7 Tones:[E, F#, G#, B, C#, D] Note being tested: A4
Chord: E7 Tones:[E, F#, G#, B, C#, D] Note being tested: C#5
Accepted Note: C#5
Chord: E7 Tones:[E, F#, G#, B, C#, D] Note being tested: F5
Chord: E7 Tones:[E, F#, G#, B, C#, D] Note being tested: A5
Chord: E7 Tones:[E, F#, G#, B, C#, D] Note being tested: G4
Chord: E7 Tones:[E, F#, G#, B, C#, D] Note being tested: A4
Chord: E7 Tones:[E, F#, G#, B, C#, D] Note being tested: C#5
Accepted Note: C#5
Chord: E7 Tones:[E, F#, G#, B, C#, D] Note being tested: F5
Chord: E7 Tones:[E, F#, G#, B, C#, D] Note being tested: A5
Chord: E7 Tones:[E, F#, G#, B, C#, D] Note being tested: G4
Chord: E7 Tones:[E, F#, G#, B, C#, D] Note being tested: A4
Chord: E7 Tones:[E, F#, G#, B, C#, D] Note being tested: C#5
Accepted Note: C#5
Chord: E7 Tones:[E, F#, G#, B, C#, D] Note being tested: F5
Chord: E7 Tones:[E, F#, G#, B, C#, D] Note being tested: A5
Chord: E7 Tones:[E, F#, G#, B, C#, D] Note being tested: G4
Chord: E7 Tones:[E, F#, G#, B, C#, D] Note being tested: A4
Chord: E7 Tones:[E, F#, G#, B, C#, D] Note being tested: C#5
Accepted Note: C#5
Chord: E7 Tones:[E, F#, G#, B, C#, D] Note being tested: F5
Chord: E7 Tones:[E, F#, G#, B, C#, D] Note being tested: A5
Chord: E7 Tones:[E, F#, G#, B, C#, D] Note being tested: G4
Chord: E7 Tones:[E, F#, G#, B, C#, D] Note being tested: A4
Chord: E7 Tones:[E, F#, G#, B, C#, D] Note being tested: C#5
Accepted Note: C#5
Chord: E7 Tones:[E, F#, G#, B, C#, D] Note being tested: F5
Chord: E7 Tones:[E, F#, G#, B, C#, D] Note being tested: A5
Chord: E7 Tones:[E, F#, G#, B, C#, D] Note being tested: G4
Chord: E7 Tones:[E, F#, G#, B, C#, D] Note being tested: A4
Chord: E7 Tones:[E, F#, G#, B, C#, D] Note being tested: C#5
Accepted Note: C#5
Chord: E7 Tones:[E, F#, G#, B, C#, D] Note being tested: F5
Chord: E7 Tones:[E, F#, G#, B, C#, D] Note being tested: A5
Chord: E7 Tones:[E, F#, G#, B, C#, D] Note being tested: A#4
Chord: E7 Tones:[E, F#, G#, B, C#, D] Note being tested: B4
Accepted Note: B4
Chord: E7 Tones:[E, F#, G#, B, C#, D] Note being tested: A#4
Chord: E7 Tones:[E, F#, G#, B, C#, D] Note being tested: G#4
Accepted Note: G#4
Chord: E7 Tones:[E, F#, G#, B, C#, D] Note being tested: G4
Chord: E7 Tones:[E, F#, G#, B, C#, D] Note being tested: F#4
Accepted Note: F#4
Chord: E7 Tones:[E, F#, G#, B, C#, D] Note being tested: F4
Chord: E7 Tones:[E, F#, G#, B, C#, D] Note being tested: E4
Accepted Note: E4
Chord: E7 Tones:[E, F#, G#, B, C#, D] Note being tested: D4
Accepted Note: D4
Chord: E7 Tones:[E, F#, G#, B, C#, D] Note being tested: D#4
Chord: B7 Tones:[B, C#, D#, F#, G#, A] Note being tested: F4
Chord: B7 Tones:[B, C#, D#, F#, G#, A] Note being tested: G4
Chord: B7 Tones:[B, C#, D#, F#, G#, A] Note being tested: A4
Accepted Note: A4
Chord: B7 Tones:[B, C#, D#, F#, G#, A] Note being tested: C#5
Accepted Note: C#5
Chord: B7 Tones:[B, C#, D#, F#, G#, A] Note being tested: F5
Chord: B7 Tones:[B, C#, D#, F#, G#, A] Note being tested: A5
Accepted Note: A5
Chord: B7 Tones:[B, C#, D#, F#, G#, A] Note being tested: G4
Chord: B7 Tones:[B, C#, D#, F#, G#, A] Note being tested: A4
Accepted Note: A4
Chord: B7 Tones:[B, C#, D#, F#, G#, A] Note being tested: C#5
Accepted Note: C#5
Chord: B7 Tones:[B, C#, D#, F#, G#, A] Note being tested: F5
Chord: B7 Tones:[B, C#, D#, F#, G#, A] Note being tested: A5
Accepted Note: A5
Chord: B7 Tones:[B, C#, D#, F#, G#, A] Note being tested: G4
Chord: B7 Tones:[B, C#, D#, F#, G#, A] Note being tested: A4
Accepted Note: A4
Chord: B7 Tones:[B, C#, D#, F#, G#, A] Note being tested: C#5
Accepted Note: C#5
Chord: B7 Tones:[B, C#, D#, F#, G#, A] Note being tested: F5
Chord: B7 Tones:[B, C#, D#, F#, G#, A] Note being tested: A5
Accepted Note: A5
Chord: B7 Tones:[B, C#, D#, F#, G#, A] Note being tested: G4
Chord: B7 Tones:[B, C#, D#, F#, G#, A] Note being tested: A4
Accepted Note: A4
Chord: B7 Tones:[B, C#, D#, F#, G#, A] Note being tested: C#5
Accepted Note: C#5
Chord: B7 Tones:[B, C#, D#, F#, G#, A] Note being tested: F5
Chord: B7 Tones:[B, C#, D#, F#, G#, A] Note being tested: A5
Accepted Note: A5
Chord: B7 Tones:[B, C#, D#, F#, G#, A] Note being tested: G4
Chord: B7 Tones:[B, C#, D#, F#, G#, A] Note being tested: A4
Accepted Note: A4
Chord: B7 Tones:[B, C#, D#, F#, G#, A] Note being tested: C#5
Accepted Note: C#5
Chord: B7 Tones:[B, C#, D#, F#, G#, A] Note being tested: F5
Chord: B7 Tones:[B, C#, D#, F#, G#, A] Note being tested: A5
Accepted Note: A5
Chord: B7 Tones:[B, C#, D#, F#, G#, A] Note being tested: G4
Chord: B7 Tones:[B, C#, D#, F#, G#, A] Note being tested: A4
Accepted Note: A4
Chord: B7 Tones:[B, C#, D#, F#, G#, A] Note being tested: C#5
Accepted Note: C#5
Chord: B7 Tones:[B, C#, D#, F#, G#, A] Note being tested: F5
Chord: B7 Tones:[B, C#, D#, F#, G#, A] Note being tested: A5
Accepted Note: A5
Chord: B7 Tones:[B, C#, D#, F#, G#, A] Note being tested: G4
Chord: B7 Tones:[B, C#, D#, F#, G#, A] Note being tested: A4
Accepted Note: A4
Chord: B7 Tones:[B, C#, D#, F#, G#, A] Note being tested: C#5
Accepted Note: C#5
Chord: B7 Tones:[B, C#, D#, F#, G#, A] Note being tested: F5
Chord: B7 Tones:[B, C#, D#, F#, G#, A] Note being tested: A5
Accepted Note: A5
Chord: B7 Tones:[B, C#, D#, F#, G#, A] Note being tested: G4
Chord: B7 Tones:[B, C#, D#, F#, G#, A] Note being tested: A4
Accepted Note: A4
Chord: B7 Tones:[B, C#, D#, F#, G#, A] Note being tested: C#5
Accepted Note: C#5
Chord: B7 Tones:[B, C#, D#, F#, G#, A] Note being tested: F5
Chord: B7 Tones:[B, C#, D#, F#, G#, A] Note being tested: A5
Accepted Note: A5
Chord: B7 Tones:[B, C#, D#, F#, G#, A] Note being tested: G4
Chord: B7 Tones:[B, C#, D#, F#, G#, A] Note being tested: A4
Accepted Note: A4
Chord: B7 Tones:[B, C#, D#, F#, G#, A] Note being tested: C#5
Accepted Note: C#5
Chord: B7 Tones:[B, C#, D#, F#, G#, A] Note being tested: F5
Chord: B7 Tones:[B, C#, D#, F#, G#, A] Note being tested: A5
Accepted Note: A5
Chord: B7 Tones:[B, C#, D#, F#, G#, A] Note being tested: B4
Accepted Note: B4
Chord: B7 Tones:[B, C#, D#, F#, G#, A] Note being tested: A#4
Chord: B7 Tones:[B, C#, D#, F#, G#, A] Note being tested: G#4
Accepted Note: G#4
Chord: B7 Tones:[B, C#, D#, F#, G#, A] Note being tested: G4
Chord: B7 Tones:[B, C#, D#, F#, G#, A] Note being tested: F#4
Accepted Note: F#4
Chord: B7 Tones:[B, C#, D#, F#, G#, A] Note being tested: F4
Chord: B7 Tones:[B, C#, D#, F#, G#, A] Note being tested: E4
Chord: B7 Tones:[B, C#, D#, F#, G#, A] Note being tested: D4
Chord: B7 Tones:[B, C#, D#, F#, G#, A] Note being tested: D#4
Accepted Note: D#4
Chord: B7 Tones:[B, C#, D#, F#, G#, A] Note being tested: G4
Chord: B7 Tones:[B, C#, D#, F#, G#, A] Note being tested: A4
Accepted Note: A4
Chord: B7 Tones:[B, C#, D#, F#, G#, A] Note being tested: C#5
Accepted Note: C#5
Chord: B7 Tones:[B, C#, D#, F#, G#, A] Note being tested: F5
Chord: B7 Tones:[B, C#, D#, F#, G#, A] Note being tested: A5
Accepted Note: A5
Chord: B7 Tones:[B, C#, D#, F#, G#, A] Note being tested: G4
Chord: B7 Tones:[B, C#, D#, F#, G#, A] Note being tested: A4
Accepted Note: A4
Chord: B7 Tones:[B, C#, D#, F#, G#, A] Note being tested: C#5
Accepted Note: C#5
Chord: B7 Tones:[B, C#, D#, F#, G#, A] Note being tested: F5
Chord: B7 Tones:[B, C#, D#, F#, G#, A] Note being tested: A5
Accepted Note: A5
Chord: B7 Tones:[B, C#, D#, F#, G#, A] Note being tested: G4
Chord: B7 Tones:[B, C#, D#, F#, G#, A] Note being tested: A4
Accepted Note: A4
Chord: B7 Tones:[B, C#, D#, F#, G#, A] Note being tested: C#5
Accepted Note: C#5
Chord: B7 Tones:[B, C#, D#, F#, G#, A] Note being tested: F5
Chord: B7 Tones:[B, C#, D#, F#, G#, A] Note being tested: A5
Accepted Note: A5
Chord: B7 Tones:[B, C#, D#, F#, G#, A] Note being tested: A#4
Chord: B7 Tones:[B, C#, D#, F#, G#, A] Note being tested: G4
Chord: B7 Tones:[B, C#, D#, F#, G#, A] Note being tested: B4
Accepted Note: B4
Chord: B7 Tones:[B, C#, D#, F#, G#, A] Note being tested: A#4
Chord: B7 Tones:[B, C#, D#, F#, G#, A] Note being tested: G#4
Accepted Note: G#4
Chord: B7 Tones:[B, C#, D#, F#, G#, A] Note being tested: G4
Chord: B7 Tones:[B, C#, D#, F#, G#, A] Note being tested: F#4
Accepted Note: F#4
Chord: B7 Tones:[B, C#, D#, F#, G#, A] Note being tested: F4
Chord: B7 Tones:[B, C#, D#, F#, G#, A] Note being tested: E4
Chord: B7 Tones:[B, C#, D#, F#, G#, A] Note being tested: D4
Chord: B7 Tones:[B, C#, D#, F#, G#, A] Note being tested: D#4
Accepted Note: D#4
22397 ms. Memory: 1003520K Free: 731295K (73%)
Exported /home/travis/build/icyphy/ptII/org/ptolemy/machineImprovisation/demo/JazzImprovisation/JazzImprovisation/index.html
28245 ms. Memory: 1019392K Free: 935583K (92%)
####### 22 Mon May 28 01:30:34 UTC 2018 $PTII/bin/ptinvoke ptolemy.vergil.basic.export.ExportModel -force htm -run -openComposites -timeOut 30000 -whiteBackground org/ptolemy/machineLearning/clustering/demo/KMeans/KMeans.xml $PTII/org/ptolemy/machineLearning/clustering/demo/KMeans/KMeans
Running .KMeans
K-Means Converged in 4 iterations.
140 ms. Memory: 1019392K Free: 734002K (72%)
Exported /home/travis/build/icyphy/ptII/org/ptolemy/machineLearning/clustering/demo/KMeans/KMeans/index.html
4717 ms. Memory: 1019392K Free: 563681K (55%)
####### 23 Mon May 28 01:30:38 UTC 2018 $PTII/bin/ptinvoke ptolemy.vergil.basic.export.ExportModel -force htm -run -openComposites -timeOut 30000 -whiteBackground org/ptolemy/machineLearning/hmm/demo/CommunicationAnomalyDetectionAOM/CommunicationAnomalyDetectionAOM.xml $PTII/org/ptolemy/machineLearning/hmm/demo/CommunicationAnomalyDetectionAOM/CommunicationAnomalyDetectionAOM
Running .CommunicationAnomalyDetectionAOM
12.12238184103017
168.75388106931624
173.6769299575085
173.02612260087062
175.25622934076114
178.72088888501276
181.9397017596806
184.9731135929346
187.85294198643368
190.59495097010833
=======
15.176626356160181
165.59551616002014
202.88031701211003
228.01439865355584
259.3221450957272
288.74800905748975
322.73478696477173
336.5170662655736
330.3901305071327
328.88533457408977
=======
-32.664481027003774
136.27164969565516
212.64125996355094
233.33079759621594
234.62183962653
234.86909355040368
234.47184709852766
232.13603202716664
229.24345450805038
262.48011022252314
=======
25.595004301817553
172.1770782984097
212.18151749858617
249.51086180816884
297.2759419839733
324.9769216119095
317.68908483410945
318.3828302688893
314.26797758368616
312.82170965055843
=======
58.92676216056825
232.15397682634324
284.0753583826713
334.31675245970894
351.6902850852942
341.03054114614383
325.57254065516526
335.3884113863616
348.0385521316417
358.3820385145782
=======
13.509011656722524
177.22704507290067
205.46980338595097
221.13040417868027
224.02212495741253
215.8288571902246
209.0105059994728
203.72483986306742
200.2982871885907
198.15012023403796
=======
ExportHTMLTimer went off after 30000 ms., calling getDirector().finish and getDirector().stopFire()
30002 ms. Memory: 1547264K Free: 1121022K (72%)
Exported /home/travis/build/icyphy/ptII/org/ptolemy/machineLearning/hmm/demo/CommunicationAnomalyDetectionAOM/CommunicationAnomalyDetectionAOM/index.html
39012 ms. Memory: 1600000K Free: 1278109K (80%)
####### 24 Mon May 28 01:31:17 UTC 2018 $PTII/bin/ptinvoke ptolemy.vergil.basic.export.ExportModel -force htm -run -openComposites -timeOut 30000 -whiteBackground org/ptolemy/machineLearning/hmm/demo/CommunicationAnomalyDetectionCQM/CommunicationAnomalyDetectionCQM.xml $PTII/org/ptolemy/machineLearning/hmm/demo/CommunicationAnomalyDetectionCQM/CommunicationAnomalyDetectionCQM
Running .CommunicationAnomalyDetectionCQM
84.72341714121676
340.1516629294574
432.5538222983923
422.19456190445567
=======
49.661902378923266
263.61046845206255
315.4915004136639
311.5938179756766
=======
10096 ms. Memory: 1752576K Free: 829658K (47%)
Exported /home/travis/build/icyphy/ptII/org/ptolemy/machineLearning/hmm/demo/CommunicationAnomalyDetectionCQM/CommunicationAnomalyDetectionCQM/index.html
16271 ms. Memory: 1754112K Free: 1606774K (92%)
####### 25 Mon May 28 01:31:34 UTC 2018 $PTII/bin/ptinvoke ptolemy.vergil.basic.export.ExportModel -force htm -run -openComposites -timeOut 30000 -whiteBackground org/ptolemy/machineLearning/particleFilter/demo/MultiRobotIntruderTracking/MultiRobotIntruderTracking.xml $PTII/org/ptolemy/machineLearning/particleFilter/demo/MultiRobotIntruderTracking/MultiRobotIntruderTracking
Running .MultiRobotIntruderTracking
ExportHTMLTimer went off after 30000 ms., calling getDirector().finish and getDirector().stopFire()
30170 ms. Memory: 1791488K Free: 1021420K (57%)
Exported /home/travis/build/icyphy/ptII/org/ptolemy/machineLearning/particleFilter/demo/MultiRobotIntruderTracking/MultiRobotIntruderTracking/index.html
40178 ms. Memory: 1777152K Free: 1465082K (82%)
####### 26 Mon May 28 01:32:14 UTC 2018 $PTII/bin/ptinvoke ptolemy.vergil.basic.export.ExportModel -force htm -run -openComposites -timeOut 30000 -whiteBackground org/ptolemy/machineLearning/particleFilter/demo/OnlineTrajectoryOptimization/DistributedOnlineTrajectoryOptimization.xml $PTII/org/ptolemy/machineLearning/particleFilter/demo/OnlineTrajectoryOptimization/DistributedOnlineTrajectoryOptimization
Running .DistributedOnlineTrajectoryOptimization
ExportHTMLTimer went off after 30000 ms., calling getDirector().finish and getDirector().stopFire()
30109 ms. Memory: 1746944K Free: 491573K (28%)
Exported /home/travis/build/icyphy/ptII/org/ptolemy/machineLearning/particleFilter/demo/OnlineTrajectoryOptimization/DistributedOnlineTrajectoryOptimization/index.html
39681 ms. Memory: 1751040K Free: 941943K (54%)
####### 27 Mon May 28 01:32:54 UTC 2018 $PTII/bin/ptinvoke ptolemy.vergil.basic.export.ExportModel -force htm -run -openComposites -timeOut 30000 -whiteBackground org/ptolemy/machineLearning/particleFilter/demo/OnlineTrajectoryOptimization/OnlineTrajectoryOptimization.xml $PTII/org/ptolemy/machineLearning/particleFilter/demo/OnlineTrajectoryOptimization/OnlineTrajectoryOptimization
Running .OnlineTrajectoryOptimization
ExportHTMLTimer went off after 30000 ms., calling getDirector().finish and getDirector().stopFire()
30564 ms. Memory: 1755136K Free: 161787K (9%)
Exported /home/travis/build/icyphy/ptII/org/ptolemy/machineLearning/particleFilter/demo/OnlineTrajectoryOptimization/OnlineTrajectoryOptimization/index.html
38622 ms. Memory: 1754624K Free: 489164K (28%)
####### 28 Mon May 28 01:33:32 UTC 2018 $PTII/bin/ptinvoke ptolemy.vergil.basic.export.ExportModel -force htm -run -openComposites -timeOut 30000 -whiteBackground org/ptolemy/machineLearning/particleFilter/demo/OpenLoopSingleRobotTargetLocalization/OpenLoopSingleRobotTargetLocalization.xml $PTII/org/ptolemy/machineLearning/particleFilter/demo/OpenLoopSingleRobotTargetLocalization/OpenLoopSingleRobotTargetLocalization
Running .OpenLoopSingleRobotTargetLocalization
9061 ms. Memory: 1754624K Free: 786767K (45%)
Exported /home/travis/build/icyphy/ptII/org/ptolemy/machineLearning/particleFilter/demo/OpenLoopSingleRobotTargetLocalization/OpenLoopSingleRobotTargetLocalization/index.html
13531 ms. Memory: 1754624K Free: 559413K (32%)
####### 29 Mon May 28 01:33:46 UTC 2018 $PTII/bin/ptinvoke ptolemy.vergil.basic.export.ExportModel -force htm -run -openComposites -timeOut 30000 -whiteBackground org/ptolemy/machineLearning/particleFilter/demo/OpenLoopTwoRobotTargetLocalization/JointParticleFilter.xml $PTII/org/ptolemy/machineLearning/particleFilter/demo/OpenLoopTwoRobotTargetLocalization/JointParticleFilter
Running .JointParticleFilter
3736 ms. Memory: 1841152K Free: 1175222K (64%)
Exported /home/travis/build/icyphy/ptII/org/ptolemy/machineLearning/particleFilter/demo/OpenLoopTwoRobotTargetLocalization/JointParticleFilter/index.html
8990 ms. Memory: 1841152K Free: 554888K (30%)
####### 30 Mon May 28 01:33:55 UTC 2018 $PTII/bin/ptinvoke ptolemy.vergil.basic.export.ExportModel -force htm -run -openComposites -timeOut 30000 -whiteBackground org/ptolemy/machineLearning/particleFilter/demo/OpenLoopTwoRobotTargetLocalization/OpenLoopTwoRobotTargetLocalization.xml $PTII/org/ptolemy/machineLearning/particleFilter/demo/OpenLoopTwoRobotTargetLocalization/OpenLoopTwoRobotTargetLocalization
Running .OpenLoopTwoRobotTargetLocalization
ExportHTMLTimer went off after 30000 ms., calling getDirector().finish and getDirector().stopFire()
30195 ms. Memory: 1844736K Free: 1127522K (61%)
Exported /home/travis/build/icyphy/ptII/org/ptolemy/machineLearning/particleFilter/demo/OpenLoopTwoRobotTargetLocalization/OpenLoopTwoRobotTargetLocalization/index.html
35105 ms. Memory: 1844736K Free: 653950K (35%)
####### 31 Mon May 28 01:34:30 UTC 2018 $PTII/bin/ptinvoke ptolemy.vergil.basic.export.ExportModel -force htm -run -openComposites -timeOut 30000 -whiteBackground org/ptolemy/machineLearning/particleFilter/demo/ParticleFilterRange/ParticleFilterRange.xml $PTII/org/ptolemy/machineLearning/particleFilter/demo/ParticleFilterRange/ParticleFilterRange
Running .ParticleFilterRange
10149 ms. Memory: 1846272K Free: 1285122K (70%)
Exported /home/travis/build/icyphy/ptII/org/ptolemy/machineLearning/particleFilter/demo/ParticleFilterRange/ParticleFilterRange/index.html
14505 ms. Memory: 1846272K Free: 995933K (54%)
####### 32 Mon May 28 01:34:44 UTC 2018 $PTII/bin/ptinvoke ptolemy.vergil.basic.export.ExportModel -force htm -run -openComposites -timeOut 30000 -whiteBackground org/ptolemy/optimization/demo/LeastSquaresNodeLocalization/LeastSquaresNodeLocalization.xml $PTII/org/ptolemy/optimization/demo/LeastSquaresNodeLocalization/LeastSquaresNodeLocalization
Running .LeastSquaresNodeLocalization
293 ms. Memory: 1846272K Free: 613159K (33%)
Exported /home/travis/build/icyphy/ptII/org/ptolemy/optimization/demo/LeastSquaresNodeLocalization/LeastSquaresNodeLocalization/index.html
4718 ms. Memory: 1846272K Free: 446734K (24%)
####### 33 Mon May 28 01:34:49 UTC 2018 $PTII/bin/ptinvoke ptolemy.vergil.basic.export.ExportModel -force htm -run -openComposites -timeOut 30000 -whiteBackground org/ptolemy/optimization/demo/LinearRegression/LinearRegression.xml $PTII/org/ptolemy/optimization/demo/LinearRegression/LinearRegression
Running .LinearRegression
1962 ms. Memory: 1844736K Free: 1384662K (75%)
Exported /home/travis/build/icyphy/ptII/org/ptolemy/optimization/demo/LinearRegression/LinearRegression/index.html
6666 ms. Memory: 1844736K Free: 1105573K (60%)
####### 34 Mon May 28 01:34:56 UTC 2018 $PTII/bin/ptinvoke ptolemy.vergil.basic.export.ExportModel -force htm -run -openComposites -timeOut 30000 -whiteBackground org/ptolemy/optimization/demo/SimpleOptimization/SimpleOptimization.xml $PTII/org/ptolemy/optimization/demo/SimpleOptimization/SimpleOptimization
Running .SimpleOptimization
33 ms. Memory: 1844736K Free: 974877K (53%)
Exported /home/travis/build/icyphy/ptII/org/ptolemy/optimization/demo/SimpleOptimization/SimpleOptimization/index.html
4239 ms. Memory: 1844736K Free: 917706K (50%)
####### 35 Mon May 28 01:35:00 UTC 2018 $PTII/bin/ptinvoke ptolemy.vergil.basic.export.ExportModel -force htm -run -openComposites -timeOut 30000 -whiteBackground org/ptolemy/osc/demo/OscSendReceive/OscSendReceive.xml $PTII/org/ptolemy/osc/demo/OscSendReceive/OscSendReceive
Running .OscSendReceive
OscP5 0.9.9 infos, comments, questions at http://www.sojamo.de/oscP5


### [2018/5/28 1:35:1] PROCESS @ OscP5 stopped.
### [2018/5/28 1:35:1] PROCESS @ UdpClient.openSocket udp socket initialized.
### [2018/5/28 1:35:2] PROCESS @ UdpServer.start() new Unicast DatagramSocket created @ port 2224
### [2018/5/28 1:35:2] PROCESS @ UdpServer.run() UdpServer is running @ 2224
### [2018/5/28 1:35:2] INFO @ OscP5 is running. you (127.0.1.1) are listening @ port 2224
OscP5 0.9.9 infos, comments, questions at http://www.sojamo.de/oscP5


### [2018/5/28 1:35:2] PROCESS @ OscP5 stopped.
### [2018/5/28 1:35:2] PROCESS @ UdpClient.openSocket udp socket initialized.
### [2018/5/28 1:35:3] PROCESS @ UdpServer.start() new Unicast DatagramSocket created @ port 2225
### [2018/5/28 1:35:3] PROCESS @ UdpServer.run() UdpServer is running @ 2225
### [2018/5/28 1:35:3] INFO @ OscP5 is running. you (127.0.1.1) are listening @ port 2225
OscP5 0.9.9 infos, comments, questions at http://www.sojamo.de/oscP5


### [2018/5/28 1:35:3] PROCESS @ OscP5 stopped.
### [2018/5/28 1:35:3] PROCESS @ UdpClient.openSocket udp socket initialized.
### [2018/5/28 1:35:4] PROCESS @ UdpServer.start() new Unicast DatagramSocket created @ port 2227
### [2018/5/28 1:35:4] PROCESS @ UdpServer.run() UdpServer is running @ 2227
### [2018/5/28 1:35:4] INFO @ OscP5 is running. you (127.0.1.1) are listening @ port 2227
### [2018/5/28 1:35:15] PROCESS @ OscP5 stopped.
### [2018/5/28 1:35:15] PROCESS @ OscP5 stopped.
### [2018/5/28 1:35:15] PROCESS @ OscP5 stopped.
### [2018/5/28 1:35:15] PROCESS @ UdpServer.run()  socket closed.
### [2018/5/28 1:35:15] PROCESS @ UdpServer.run()  socket closed.
14037 ms. Memory: 1844736K Free: 791354K (43%)
### [2018/5/28 1:35:15] PROCESS @ UdpServer.run()  socket closed.
Exported /home/travis/build/icyphy/ptII/org/ptolemy/osc/demo/OscSendReceive/OscSendReceive/index.html
18236 ms. Memory: 1844736K Free: 746325K (40%)
####### 36 Mon May 28 01:35:18 UTC 2018 $PTII/bin/ptinvoke ptolemy.vergil.basic.export.ExportModel -force htm  -openComposites -timeOut 30000 -whiteBackground org/ptolemy/ptango/demo/BlinkyLight/BlinkyLight.xml $PTII/org/ptolemy/ptango/demo/BlinkyLight/BlinkyLight
Warning: not running org/ptolemy/ptango/demo/BlinkyLight/BlinkyLight.xml. See ptolemy/vergil/basic/export/test/junit/ExportModelJUnitTest.java
Exported /home/travis/build/icyphy/ptII/org/ptolemy/ptango/demo/BlinkyLight/BlinkyLight/index.html
4039 ms. Memory: 1847296K Free: 1440621K (78%)
####### 37 Mon May 28 01:35:22 UTC 2018 $PTII/bin/ptinvoke ptolemy.vergil.basic.export.ExportModel -force htm  -openComposites -timeOut 30000 -whiteBackground org/ptolemy/ptango/demo/Chat/Chat.xml $PTII/org/ptolemy/ptango/demo/Chat/Chat
Warning: not running org/ptolemy/ptango/demo/Chat/Chat.xml. See ptolemy/vergil/basic/export/test/junit/ExportModelJUnitTest.java
Exported /home/travis/build/icyphy/ptII/org/ptolemy/ptango/demo/Chat/Chat/index.html
3143 ms. Memory: 1847296K Free: 1316772K (71%)
####### 38 Mon May 28 01:35:25 UTC 2018 $PTII/bin/ptinvoke ptolemy.vergil.basic.export.ExportModel -force htm  -openComposites -timeOut 30000 -whiteBackground org/ptolemy/ptango/demo/Chat/ChatClient.xml $PTII/org/ptolemy/ptango/demo/Chat/ChatClient
Warning: not running org/ptolemy/ptango/demo/Chat/ChatClient.xml. See ptolemy/vergil/basic/export/test/junit/ExportModelJUnitTest.java
Exported /home/travis/build/icyphy/ptII/org/ptolemy/ptango/demo/Chat/ChatClient/index.html
3224 ms. Memory: 1847296K Free: 1138635K (62%)
####### 39 Mon May 28 01:35:29 UTC 2018 $PTII/bin/ptinvoke ptolemy.vergil.basic.export.ExportModel -force htm  -openComposites -timeOut 30000 -whiteBackground org/ptolemy/ptango/demo/Chat/ChatClient2.xml $PTII/org/ptolemy/ptango/demo/Chat/ChatClient2
Warning: not running org/ptolemy/ptango/demo/Chat/ChatClient2.xml. See ptolemy/vergil/basic/export/test/junit/ExportModelJUnitTest.java
Exported /home/travis/build/icyphy/ptII/org/ptolemy/ptango/demo/Chat/ChatClient2/index.html
3205 ms. Memory: 1847296K Free: 960391K (52%)
####### 40 Mon May 28 01:35:32 UTC 2018 $PTII/bin/ptinvoke ptolemy.vergil.basic.export.ExportModel -force htm  -openComposites -timeOut 30000 -whiteBackground org/ptolemy/ptango/demo/Chat/ChatServer.xml $PTII/org/ptolemy/ptango/demo/Chat/ChatServer
Warning: not running org/ptolemy/ptango/demo/Chat/ChatServer.xml. See ptolemy/vergil/basic/export/test/junit/ExportModelJUnitTest.java
Exported /home/travis/build/icyphy/ptII/org/ptolemy/ptango/demo/Chat/ChatServer/index.html
3322 ms. Memory: 1847296K Free: 625007K (34%)
####### 41 Mon May 28 01:35:35 UTC 2018 $PTII/bin/ptinvoke ptolemy.vergil.basic.export.ExportModel -force htm  -openComposites -timeOut 30000 -whiteBackground org/ptolemy/ptango/demo/Cookies/Cookies.xml $PTII/org/ptolemy/ptango/demo/Cookies/Cookies
Warning: not running org/ptolemy/ptango/demo/Cookies/Cookies.xml. See ptolemy/vergil/basic/export/test/junit/ExportModelJUnitTest.java
Exported /home/travis/build/icyphy/ptII/org/ptolemy/ptango/demo/Cookies/Cookies/index.html
3224 ms. Memory: 1847296K Free: 326958K (18%)
####### 42 Mon May 28 01:35:38 UTC 2018 $PTII/bin/ptinvoke ptolemy.vergil.basic.export.ExportModel -force htm  -openComposites -timeOut 30000 -whiteBackground org/ptolemy/ptango/demo/DOPpresence/DOPpresence.xml $PTII/org/ptolemy/ptango/demo/DOPpresence/DOPpresence
Warning: not running org/ptolemy/ptango/demo/DOPpresence/DOPpresence.xml. See ptolemy/vergil/basic/export/test/junit/ExportModelJUnitTest.java
Exported /home/travis/build/icyphy/ptII/org/ptolemy/ptango/demo/DOPpresence/DOPpresence/index.html
4926 ms. Memory: 1847296K Free: 902107K (49%)
####### 43 Mon May 28 01:35:43 UTC 2018 $PTII/bin/ptinvoke ptolemy.vergil.basic.export.ExportModel -force htm  -openComposites -timeOut 30000 -whiteBackground org/ptolemy/ptango/demo/EPlus70Actuator/EPlus70Actuator.xml $PTII/org/ptolemy/ptango/demo/EPlus70Actuator/EPlus70Actuator
Warning: not running org/ptolemy/ptango/demo/EPlus70Actuator/EPlus70Actuator.xml. See ptolemy/vergil/basic/export/test/junit/ExportModelJUnitTest.java
Exported /home/travis/build/icyphy/ptII/org/ptolemy/ptango/demo/EPlus70Actuator/EPlus70Actuator/index.html
4486 ms. Memory: 1858560K Free: 1549811K (83%)
####### 44 Mon May 28 01:35:48 UTC 2018 $PTII/bin/ptinvoke ptolemy.vergil.basic.export.ExportModel -force htm  -openComposites -timeOut 30000 -whiteBackground org/ptolemy/ptango/demo/ErrorHandler/ErrorHandler.xml $PTII/org/ptolemy/ptango/demo/ErrorHandler/ErrorHandler
Warning: not running org/ptolemy/ptango/demo/ErrorHandler/ErrorHandler.xml. See ptolemy/vergil/basic/export/test/junit/ExportModelJUnitTest.java
Exported /home/travis/build/icyphy/ptII/org/ptolemy/ptango/demo/ErrorHandler/ErrorHandler/index.html
3457 ms. Memory: 1858560K Free: 1136515K (61%)
####### 45 Mon May 28 01:35:51 UTC 2018 $PTII/bin/ptinvoke ptolemy.vergil.basic.export.ExportModel -force htm  -openComposites -timeOut 30000 -whiteBackground org/ptolemy/ptango/demo/Exception/Exception.xml $PTII/org/ptolemy/ptango/demo/Exception/Exception
Warning: not running org/ptolemy/ptango/demo/Exception/Exception.xml. See ptolemy/vergil/basic/export/test/junit/ExportModelJUnitTest.java
Exported /home/travis/build/icyphy/ptII/org/ptolemy/ptango/demo/Exception/Exception/index.html
6832 ms. Memory: 1858560K Free: 839681K (45%)
####### 46 Mon May 28 01:35:58 UTC 2018 $PTII/bin/ptinvoke ptolemy.vergil.basic.export.ExportModel -force htm  -openComposites -timeOut 30000 -whiteBackground org/ptolemy/ptango/demo/Guidance/Guidance.xml $PTII/org/ptolemy/ptango/demo/Guidance/Guidance
Warning: not running org/ptolemy/ptango/demo/Guidance/Guidance.xml. See ptolemy/vergil/basic/export/test/junit/ExportModelJUnitTest.java
Exported /home/travis/build/icyphy/ptII/org/ptolemy/ptango/demo/Guidance/Guidance/index.html
3780 ms. Memory: 1858560K Free: 261797K (14%)
####### 47 Mon May 28 01:36:02 UTC 2018 $PTII/bin/ptinvoke ptolemy.vergil.basic.export.ExportModel -force htm  -openComposites -timeOut 30000 -whiteBackground org/ptolemy/ptango/demo/Guidance/GuidanceSingleUserWithName.xml $PTII/org/ptolemy/ptango/demo/Guidance/GuidanceSingleUserWithName
Warning: not running org/ptolemy/ptango/demo/Guidance/GuidanceSingleUserWithName.xml. See ptolemy/vergil/basic/export/test/junit/ExportModelJUnitTest.java
Exported /home/travis/build/icyphy/ptII/org/ptolemy/ptango/demo/Guidance/GuidanceSingleUserWithName/index.html
3349 ms. Memory: 1857024K Free: 1513688K (82%)
####### 48 Mon May 28 01:36:05 UTC 2018 $PTII/bin/ptinvoke ptolemy.vergil.basic.export.ExportModel -force htm  -openComposites -timeOut 30000 -whiteBackground org/ptolemy/ptango/demo/OccupancyAlert/OccupancyAlert.xml $PTII/org/ptolemy/ptango/demo/OccupancyAlert/OccupancyAlert
Warning: not running org/ptolemy/ptango/demo/OccupancyAlert/OccupancyAlert.xml. See ptolemy/vergil/basic/export/test/junit/ExportModelJUnitTest.java
Exported /home/travis/build/icyphy/ptII/org/ptolemy/ptango/demo/OccupancyAlert/OccupancyAlert/index.html
3910 ms. Memory: 1857024K Free: 599325K (32%)
####### 49 Mon May 28 01:36:09 UTC 2018 $PTII/bin/ptinvoke ptolemy.vergil.basic.export.ExportModel -force htm  -openComposites -timeOut 30000 -whiteBackground org/ptolemy/ptango/demo/OptimizationAdvisor/OptimizationAdvisor.xml $PTII/org/ptolemy/ptango/demo/OptimizationAdvisor/OptimizationAdvisor
Warning: not running org/ptolemy/ptango/demo/OptimizationAdvisor/OptimizationAdvisor.xml. See ptolemy/vergil/basic/export/test/junit/ExportModelJUnitTest.java
Exported /home/travis/build/icyphy/ptII/org/ptolemy/ptango/demo/OptimizationAdvisor/OptimizationAdvisor/index.html
13702 ms. Memory: 1877504K Free: 1516632K (81%)
####### 50 Mon May 28 01:36:23 UTC 2018 $PTII/bin/ptinvoke ptolemy.vergil.basic.export.ExportModel -force htm  -openComposites -timeOut 30000 -whiteBackground org/ptolemy/ptango/demo/SensorAndrew/SensorAndrew.xml $PTII/org/ptolemy/ptango/demo/SensorAndrew/SensorAndrew
Warning: not running org/ptolemy/ptango/demo/SensorAndrew/SensorAndrew.xml. See ptolemy/vergil/basic/export/test/junit/ExportModelJUnitTest.java
Exported /home/travis/build/icyphy/ptII/org/ptolemy/ptango/demo/SensorAndrew/SensorAndrew/index.html
3713 ms. Memory: 1877504K Free: 547497K (29%)
####### 51 Mon May 28 01:36:27 UTC 2018 $PTII/bin/ptinvoke ptolemy.vergil.basic.export.ExportModel -force htm  -openComposites -timeOut 30000 -whiteBackground org/ptolemy/ptango/demo/SmartRoom/SmartRoom.xml $PTII/org/ptolemy/ptango/demo/SmartRoom/SmartRoom
Warning: not running org/ptolemy/ptango/demo/SmartRoom/SmartRoom.xml. See ptolemy/vergil/basic/export/test/junit/ExportModelJUnitTest.java
Exported /home/travis/build/icyphy/ptII/org/ptolemy/ptango/demo/SmartRoom/SmartRoom/index.html
4200 ms. Memory: 1883136K Free: 1306170K (69%)
####### 52 Mon May 28 01:36:31 UTC 2018 $PTII/bin/ptinvoke ptolemy.vergil.basic.export.ExportModel -force htm  -openComposites -timeOut 30000 -whiteBackground org/ptolemy/ptango/demo/TemperatureSimulation/TemperatureSimulation.xml $PTII/org/ptolemy/ptango/demo/TemperatureSimulation/TemperatureSimulation
Warning: not running org/ptolemy/ptango/demo/TemperatureSimulation/TemperatureSimulation.xml. See ptolemy/vergil/basic/export/test/junit/ExportModelJUnitTest.java
Exported /home/travis/build/icyphy/ptII/org/ptolemy/ptango/demo/TemperatureSimulation/TemperatureSimulation/index.html
4148 ms. Memory: 1883136K Free: 353330K (19%)
####### 53 Mon May 28 01:36:35 UTC 2018 $PTII/bin/ptinvoke ptolemy.vergil.basic.export.ExportModel -force htm  -openComposites -timeOut 30000 -whiteBackground org/ptolemy/ptango/demo/UCBPower/UCBPower.xml $PTII/org/ptolemy/ptango/demo/UCBPower/UCBPower
Warning: not running org/ptolemy/ptango/demo/UCBPower/UCBPower.xml. See ptolemy/vergil/basic/export/test/junit/ExportModelJUnitTest.java
Exported /home/travis/build/icyphy/ptII/org/ptolemy/ptango/demo/UCBPower/UCBPower/index.html
3686 ms. Memory: 1860608K Free: 1399332K (75%)
####### 54 Mon May 28 01:36:39 UTC 2018 $PTII/bin/ptinvoke ptolemy.vergil.basic.export.ExportModel -force htm  -openComposites -timeOut 30000 -whiteBackground org/ptolemy/ptango/demo/UCBPower/UCBPowerAnalyzerServer.xml $PTII/org/ptolemy/ptango/demo/UCBPower/UCBPowerAnalyzerServer
Warning: not running org/ptolemy/ptango/demo/UCBPower/UCBPowerAnalyzerServer.xml. See ptolemy/vergil/basic/export/test/junit/ExportModelJUnitTest.java
Exported /home/travis/build/icyphy/ptII/org/ptolemy/ptango/demo/UCBPower/UCBPowerAnalyzerServer/index.html
3490 ms. Memory: 1860608K Free: 1025056K (55%)
####### 55 Mon May 28 01:36:42 UTC 2018 $PTII/bin/ptinvoke ptolemy.vergil.basic.export.ExportModel -force htm  -openComposites -timeOut 30000 -whiteBackground org/ptolemy/ptango/demo/UCBPowerPtera/UCBPowerPtera.xml $PTII/org/ptolemy/ptango/demo/UCBPowerPtera/UCBPowerPtera
Warning: not running org/ptolemy/ptango/demo/UCBPowerPtera/UCBPowerPtera.xml. See ptolemy/vergil/basic/export/test/junit/ExportModelJUnitTest.java
Exported /home/travis/build/icyphy/ptII/org/ptolemy/ptango/demo/UCBPowerPtera/UCBPowerPtera/index.html
4831 ms. Memory: 1874944K Free: 1203573K (64%)
####### 56 Mon May 28 01:36:47 UTC 2018 $PTII/bin/ptinvoke ptolemy.vergil.basic.export.ExportModel -force htm  -openComposites -timeOut 30000 -whiteBackground org/ptolemy/ptango/demo/WebServerDE/WebServerDE.xml $PTII/org/ptolemy/ptango/demo/WebServerDE/WebServerDE
Warning: not running org/ptolemy/ptango/demo/WebServerDE/WebServerDE.xml. See ptolemy/vergil/basic/export/test/junit/ExportModelJUnitTest.java
Exported /home/travis/build/icyphy/ptII/org/ptolemy/ptango/demo/WebServerDE/WebServerDE/index.html
7715 ms. Memory: 1961472K Free: 1376238K (70%)
####### 57 Mon May 28 01:36:55 UTC 2018 $PTII/bin/ptinvoke ptolemy.vergil.basic.export.ExportModel -force htm -run -openComposites -timeOut 30000 -whiteBackground org/ptolemy/qss/demo/RLC/RLC.xml $PTII/org/ptolemy/qss/demo/RLC/RLC
Running .RLC
91 ms. Memory: 1961472K Free: 1248573K (64%)
Exported /home/travis/build/icyphy/ptII/org/ptolemy/qss/demo/RLC/RLC/index.html
4399 ms. Memory: 1961472K Free: 1103733K (56%)
####### 58 Mon May 28 01:36:59 UTC 2018 $PTII/bin/ptinvoke ptolemy.vergil.basic.export.ExportModel -force htm -run -openComposites -timeOut 30000 -whiteBackground org/ptolemy/ssm/demo/RangeLocalizationOnMap/RangeLocalizationOnMap.xml $PTII/org/ptolemy/ssm/demo/RangeLocalizationOnMap/RangeLocalizationOnMap
Running .RangeLocalizationOnMap
ExportHTMLTimer went off after 30000 ms., calling getDirector().finish and getDirector().stopFire()
30033 ms. Memory: 1846272K Free: 194776K (11%)
Exported /home/travis/build/icyphy/ptII/org/ptolemy/ssm/demo/RangeLocalizationOnMap/RangeLocalizationOnMap/index.html
36916 ms. Memory: 1868288K Free: 1360117K (73%)
####### 59 Mon May 28 01:37:36 UTC 2018 $PTII/bin/ptinvoke ptolemy.vergil.basic.export.ExportModel -force htm -run -openComposites -timeOut 30000 -whiteBackground org/ptolemy/ssm/demo/SingleRobotTargetLocalization/SingleRobotTargetLocalization.xml $PTII/org/ptolemy/ssm/demo/SingleRobotTargetLocalization/SingleRobotTargetLocalization
Running .SingleRobotTargetLocalization
8398 ms. Memory: 1860608K Free: 633226K (34%)
Exported /home/travis/build/icyphy/ptII/org/ptolemy/ssm/demo/SingleRobotTargetLocalization/SingleRobotTargetLocalization/index.html
13005 ms. Memory: 1860608K Free: 323173K (17%)
####### 60 Mon May 28 01:37:49 UTC 2018 $PTII/bin/ptinvoke ptolemy.vergil.basic.export.ExportModel -force htm -run -openComposites -timeOut 30000 -whiteBackground org/ptolemy/ssm/demo/StatePrediction/StatePrediction.xml $PTII/org/ptolemy/ssm/demo/StatePrediction/StatePrediction
Running .StatePrediction
6926 ms. Memory: 1872896K Free: 918522K (49%)
Exported /home/travis/build/icyphy/ptII/org/ptolemy/ssm/demo/StatePrediction/StatePrediction/index.html
11740 ms. Memory: 1872896K Free: 570076K (30%)
####### 61 Mon May 28 01:38:01 UTC 2018 $PTII/bin/ptinvoke ptolemy.vergil.basic.export.ExportModel -force htm  -openComposites -timeOut 30000 -whiteBackground org/terraswarm/accessor/demo/AugmentedReality/AugmentedReality.xml $PTII/org/terraswarm/accessor/demo/AugmentedReality/AugmentedReality
Warning: not running org/terraswarm/accessor/demo/AugmentedReality/AugmentedReality.xml. See ptolemy/vergil/basic/export/test/junit/ExportModelJUnitTest.java
Exported /home/travis/build/icyphy/ptII/org/terraswarm/accessor/demo/AugmentedReality/AugmentedReality/index.html
3142 ms. Memory: 1872896K Free: 426329K (23%)
####### 62 Mon May 28 01:38:04 UTC 2018 $PTII/bin/ptinvoke ptolemy.vergil.basic.export.ExportModel -force htm -run -openComposites -timeOut 30000 -whiteBackground org/terraswarm/accessor/demo/AugmentedReality/AugmentedRealityFeedback.xml $PTII/org/terraswarm/accessor/demo/AugmentedReality/AugmentedRealityFeedback
JSAccessor: PT_NO_NET environment variable is set, so git pull and ptdoc are not being run.
Running .AugmentedRealityFeedback
Manager.initialize() finished: 11663 ms. Memory: 1874432K Free: 1208198K (64%)
BrowserLauncher: UnsupportedOperation: http://localhost:8089: java.lang.UnsupportedOperationException: The BROWSE action is not supported on the current platform!
ExportHTMLTimer went off after 30000 ms., calling getDirector().finish and getDirector().stopFire()
ExportHTMLTimer went off after 60000 ms., calling manager.stop().
76177 ms. Memory: 1874432K Free: 1063912K (57%)
Exported /home/travis/build/icyphy/ptII/org/terraswarm/accessor/demo/AugmentedReality/AugmentedRealityFeedback/index.html
87870 ms. Memory: 1874432K Free: 1028619K (55%)
####### 63 Mon May 28 01:39:32 UTC 2018 $PTII/bin/ptinvoke ptolemy.vergil.basic.export.ExportModel -force htm -run -openComposites -timeOut 30000 -whiteBackground org/terraswarm/accessor/demo/AugmentedReality/AugmentedRealityFeedbackBlee.xml $PTII/org/terraswarm/accessor/demo/AugmentedReality/AugmentedRealityFeedbackBlee
Running .AugmentedRealityFeedbackBlee
Mutable: BleeSensorr.js: Could not get $KEYSTORE/brokerHostFile:  ptolemy.kernel.util.IllegalActionException: Failed to read URI: /home/travis/.ptKeystore/brokerHostFile
  in .AugmentedRealityFeedbackBlee.Mutable
Because:
Cannot read file '/home/travis/.ptKeystore/brokerHostFile' or '/home/travis/.ptKeystore/brokerHostFile' (Thread[AWT-EventQueue-0,6,main])
BrowserLauncher: UnsupportedOperation: http://localhost:8089: java.lang.UnsupportedOperationException: The BROWSE action is not supported on the current platform!
ExportHTMLTimer went off after 30000 ms., calling getDirector().finish and getDirector().stopFire()
UserInterface: Connection closed because model is no longer running. (Thread[AWT-EventQueue-0,6,main])
30093 ms. Memory: 1733120K Free: 315235K (18%)
Exported /home/travis/build/icyphy/ptII/org/terraswarm/accessor/demo/AugmentedReality/AugmentedRealityFeedbackBlee/index.html
40622 ms. Memory: 1733120K Free: 271057K (16%)
####### 64 Mon May 28 01:40:12 UTC 2018 $PTII/bin/ptinvoke ptolemy.vergil.basic.export.ExportModel -force htm -run -openComposites -timeOut 30000 -whiteBackground org/terraswarm/accessor/demo/AugmentedReality/AugmentedRealityKeyValueStore.xml $PTII/org/terraswarm/accessor/demo/AugmentedReality/AugmentedRealityKeyValueStore
Running .AugmentedRealityKeyValueStore
Manager.initialize() finished: 10699 ms. Memory: 1569792K Free: 1210442K (77%)
KeyValueStore: Making an HTTP request. (Thread[AWT-EventQueue-0,6,main])
BrowserLauncher: UnsupportedOperation: http://localhost:8089: java.lang.UnsupportedOperationException: The BROWSE action is not supported on the current platform!
ExportHTMLTimer went off after 30000 ms., calling getDirector().finish and getDirector().stopFire()
UserInterface: Connection closed because model is no longer running. (Thread[AWT-EventQueue-0,6,main])
30065 ms. Memory: 1701376K Free: 1019409K (60%)
Exported /home/travis/build/icyphy/ptII/org/terraswarm/accessor/demo/AugmentedReality/AugmentedRealityKeyValueStore/index.html
39718 ms. Memory: 1701376K Free: 952694K (56%)
####### 65 Mon May 28 01:40:52 UTC 2018 $PTII/bin/ptinvoke ptolemy.vergil.basic.export.ExportModel -force htm -run -openComposites -timeOut 30000 -whiteBackground org/terraswarm/accessor/demo/AugmentedReality/AugmentedRealityVideo.xml $PTII/org/terraswarm/accessor/demo/AugmentedReality/AugmentedRealityVideo
No physical cameras found, using WebcamDummyDriver.
Running .AugmentedRealityVideo
BrowserLauncher: UnsupportedOperation: http://localhost:8089: java.lang.UnsupportedOperationException: The BROWSE action is not supported on the current platform!
ExportHTMLTimer went off after 30000 ms., calling getDirector().finish and getDirector().stopFire()
UserInterface: Connection closed because model is no longer running. (Thread[AWT-EventQueue-0,6,main])
30128 ms. Memory: 1879552K Free: 1113695K (59%)
Exported /home/travis/build/icyphy/ptII/org/terraswarm/accessor/demo/AugmentedReality/AugmentedRealityVideo/index.html
42346 ms. Memory: 1879552K Free: 1049067K (56%)
####### 66 Mon May 28 01:41:34 UTC 2018 $PTII/bin/ptinvoke ptolemy.vergil.basic.export.ExportModel -force htm -run -openComposites -timeOut 30000 -whiteBackground org/terraswarm/accessor/demo/AugmentedRealityVideoSOHO/AugmentedRealityVideoSOHO.xml $PTII/org/terraswarm/accessor/demo/AugmentedRealityVideoSOHO/AugmentedRealityVideoSOHO
Running .AugmentedRealityVideoSOHO
Manager.initialize() finished: 11276 ms. Memory: 1980928K Free: 1373421K (69%)
BrowserLauncher: UnsupportedOperation: http://localhost:8089: java.lang.UnsupportedOperationException: The BROWSE action is not supported on the current platform!
ExportHTMLTimer went off after 30000 ms., calling getDirector().finish and getDirector().stopFire()
UserInterface: Connection closed because model is no longer running. (Thread[AWT-EventQueue-0,6,main])
30167 ms. Memory: 2058240K Free: 1362666K (66%)
Exported /home/travis/build/icyphy/ptII/org/terraswarm/accessor/demo/AugmentedRealityVideoSOHO/AugmentedRealityVideoSOHO/index.html
39954 ms. Memory: 2058240K Free: 1255355K (61%)
####### 67 Mon May 28 01:42:14 UTC 2018 $PTII/bin/ptinvoke ptolemy.vergil.basic.export.ExportModel -force htm -run -openComposites -timeOut 30000 -whiteBackground org/terraswarm/accessor/demo/AugmentedRealityVideoSOHO/GenerateHueAccessors.xml $PTII/org/terraswarm/accessor/demo/AugmentedRealityVideoSOHO/GenerateHueAccessors
Running .GenerateHueAccessors
GenerateHueAccessors: GenerateHueAccessors: // Copyright (c) 2017 The Regents of the University of California.
// All rights reserved.
//
// Permission is hereby granted, without written agreement and without
// license or royalty fees, to use, copy, modify, and distribute this
// software and its documentation for any purpose, provided that the above
// copyright notice and the following two paragraphs appear in all copies
// of this software.
//
// IN NO EVENT SHALL THE UNIVERSITY OF CALIFORNIA BE LIABLE TO ANY PARTY
// FOR DIRECT, INDIRECT, SPECIAL, INCIDENTAL, OR CONSEQUENTIAL DAMAGES
// ARISING OUT OF THE USE OF THIS SOFTWARE AND ITS DOCUMENTATION, EVEN IF
// THE UNIVERSITY OF CALIFORNIA HAS BEEN ADVISED OF THE POSSIBILITY OF
// SUCH DAMAGE.
//
// THE UNIVERSITY OF CALIFORNIA SPECIFICALLY DISCLAIMS ANY WARRANTIES,
// INCLUDING, BUT NOT LIMITED TO, THE IMPLIED WARRANTIES OF
// MERCHANTABILITY AND FITNESS FOR A PARTICULAR PURPOSE. THE SOFTWARE
// PROVIDED HEREUNDER IS ON AN "AS IS" BASIS, AND THE UNIVERSITY OF
// CALIFORNIA HAS NO OBLIGATION TO PROVIDE MAINTENANCE, SUPPORT, UPDATES,
// ENHANCEMENTS, OR MODIFICATIONS.
//

/** Control a Philips Hue light bulb.
 *
 *  @accessor HueAccessorTemplate
 *  @author Christopher Brooks, based on TemperatureSensor by Edward A. Lee
 *  @input {JSON} commands JSON commands for the Hue, for example,
 *                {"id" : 1, "on" : true, "hue" : 120}
 *  @output data A JSON object.
 *  @version $$Id$$
 */
// Stop extra messages from jslint.  Note that there should be no
// space between the / and the * and global.
/*globals console, error, exports, require */
/*jshint globalstrict: true*/

"use strict";

var handle = null;
exports.setup = function() {       
    this.implement('ControllableSensor');

    this.output('data', {'type' : 'JSON'});
    
    var Hue = this.instantiate('Hue', 'devices/Hue'); 

    /* The GenerateHueAccessors.xml model substitutes in the bridgeIP here.*/
    Hue.setParameter('bridgeIP','192.168.1.221');

    /* The GenerateHueAccessors.xml model substitutes in the userName here.*/
    Hue.setParameter('userName', 'SVmAJELYPPsCJjRqbKMjg0dLgesa6ZmiKt4Bdwaq');

    var codeIn = "\
        exports.setup = function() {\n\
           this.input('in');\n\
           this.output('out');\n\
        }\n\
        exports.initialize = function() {\n\
           var thiz = this;\n\
           this.addInputHandler('in', function() {\n\
               var inValue = thiz.get('in');\n\
               console.log('HueAccessorTemplate.JavaScriptIn: value of in: ' + inValue);\n\
               var util = require('util');\n\
               console.log(util.inspect(inValue));\n\
               console.log('HueAccessorTemplate.JavaScriptIn: inValue.on: ' + inValue.on);\n\
               var on = true;\n\
               if (inValue.on !== 'on') {;\n\
                   on = false; \n\
               };\n\
               inValue = '{ \"id\": \"8\", \"on\": ' + on + '}';\n\
               thiz.send('out', JSON.parse(inValue));\n\
           });\n\
        }";
    var JavaScriptIn = this.instantiateFromCode('JavaScriptIn', codeIn, false);

    var codeOut = "\
        exports.setup = function() {\n\
           this.input('in');\n\
           this.output('out');\n\
        }\n\
        exports.initialize = function() {\n\
           var thiz = this;\n\
           this.addInputHandler('in', function() {\n\
               /* var inValue = thiz.get('in'); */\n\
               /* FIXME: Need to get real data from the Hue. */\n\
               /* var inValue = '{ \"bridgeIP\": \"192.168.1.221\", \"id\": \"8\", \"userName\": \"SVmAJELYPPsCJjRqbKMjg0dLgesa6ZmiKt4Bdwaq\" }';*/\n\
               var inValue = thiz.get('in');\n\
               var idLight = inValue['8'];\n\
               console.log('HueAccessorTemplate.JavaScriptIn: inValue: ' + inValue);\n\
               var util = require('util');\n\
               console.log(util.inspect(inValue));\n\
               console.log('HueAccessorTemplate.JavaScriptIn: idLight: ' + idLight);\n\
               console.log(util.inspect(idLight));\n\
               thiz.send('out', idLight);\n\
           });\n\
        }";

    var JavaScriptOut = this.instantiateFromCode('JavaScriptOut', codeOut, false);
    
    this.connect('control', JavaScriptIn, 'in');
    this.connect(JavaScriptIn, 'out', Hue, 'commands');
    this.connect(Hue, 'lights', JavaScriptOut, 'in');
    this.connect(JavaScriptOut, 'out', 'data');

};

exports.initialize = function() {	
    // At initialize, send the schema;
    this.send('schema', schema);
    // Also send null data.
    this.send('data', null);
};


function sendData() {
    this.send('data', {
	"id": 8,
        "on": onValue,
    });
}

var schema = {
  "type": "object",
  "properties": {
    "on": {
      	"type": "string",
      	"title": "Turn the light on or off",
      	"description": "Turn the light on or off",
      	"choices": ["on", "off"]
    }
  }
};
 (Thread[AWT-EventQueue-0,6,main])
KeyValueStore: Making an HTTP request. (Thread[AWT-EventQueue-0,6,main])
GenerateHueAccessors: GenerateHueAccessors: // Copyright (c) 2017 The Regents of the University of California.
// All rights reserved.
//
// Permission is hereby granted, without written agreement and without
// license or royalty fees, to use, copy, modify, and distribute this
// software and its documentation for any purpose, provided that the above
// copyright notice and the following two paragraphs appear in all copies
// of this software.
//
// IN NO EVENT SHALL THE UNIVERSITY OF CALIFORNIA BE LIABLE TO ANY PARTY
// FOR DIRECT, INDIRECT, SPECIAL, INCIDENTAL, OR CONSEQUENTIAL DAMAGES
// ARISING OUT OF THE USE OF THIS SOFTWARE AND ITS DOCUMENTATION, EVEN IF
// THE UNIVERSITY OF CALIFORNIA HAS BEEN ADVISED OF THE POSSIBILITY OF
// SUCH DAMAGE.
//
// THE UNIVERSITY OF CALIFORNIA SPECIFICALLY DISCLAIMS ANY WARRANTIES,
// INCLUDING, BUT NOT LIMITED TO, THE IMPLIED WARRANTIES OF
// MERCHANTABILITY AND FITNESS FOR A PARTICULAR PURPOSE. THE SOFTWARE
// PROVIDED HEREUNDER IS ON AN "AS IS" BASIS, AND THE UNIVERSITY OF
// CALIFORNIA HAS NO OBLIGATION TO PROVIDE MAINTENANCE, SUPPORT, UPDATES,
// ENHANCEMENTS, OR MODIFICATIONS.
//

/** Control a Philips Hue light bulb.
 *
 *  @accessor HueAccessorTemplate
 *  @author Christopher Brooks, based on TemperatureSensor by Edward A. Lee
 *  @input {JSON} commands JSON commands for the Hue, for example,
 *                {"id" : 1, "on" : true, "hue" : 120}
 *  @output data A JSON object.
 *  @version $$Id$$
 */
// Stop extra messages from jslint.  Note that there should be no
// space between the / and the * and global.
/*globals console, error, exports, require */
/*jshint globalstrict: true*/

"use strict";

var handle = null;
exports.setup = function() {       
    this.implement('ControllableSensor');

    this.output('data', {'type' : 'JSON'});
    
    var Hue = this.instantiate('Hue', 'devices/Hue'); 

    /* The GenerateHueAccessors.xml model substitutes in the bridgeIP here.*/
    Hue.setParameter('bridgeIP','192.168.1.221');

    /* The GenerateHueAccessors.xml model substitutes in the userName here.*/
    Hue.setParameter('userName', 'SVmAJELYPPsCJjRqbKMjg0dLgesa6ZmiKt4Bdwaq');

    var codeIn = "\
        exports.setup = function() {\n\
           this.input('in');\n\
           this.output('out');\n\
        }\n\
        exports.initialize = function() {\n\
           var thiz = this;\n\
           this.addInputHandler('in', function() {\n\
               var inValue = thiz.get('in');\n\
               console.log('HueAccessorTemplate.JavaScriptIn: value of in: ' + inValue);\n\
               var util = require('util');\n\
               console.log(util.inspect(inValue));\n\
               console.log('HueAccessorTemplate.JavaScriptIn: inValue.on: ' + inValue.on);\n\
               var on = true;\n\
               if (inValue.on !== 'on') {;\n\
                   on = false; \n\
               };\n\
               inValue = '{ \"id\": \"4\", \"on\": ' + on + '}';\n\
               thiz.send('out', JSON.parse(inValue));\n\
           });\n\
        }";
    var JavaScriptIn = this.instantiateFromCode('JavaScriptIn', codeIn, false);

    var codeOut = "\
        exports.setup = function() {\n\
           this.input('in');\n\
           this.output('out');\n\
        }\n\
        exports.initialize = function() {\n\
           var thiz = this;\n\
           this.addInputHandler('in', function() {\n\
               /* var inValue = thiz.get('in'); */\n\
               /* FIXME: Need to get real data from the Hue. */\n\
               /* var inValue = '{ \"bridgeIP\": \"192.168.1.221\", \"id\": \"4\", \"userName\": \"SVmAJELYPPsCJjRqbKMjg0dLgesa6ZmiKt4Bdwaq\" }';*/\n\
               var inValue = thiz.get('in');\n\
               var idLight = inValue['4'];\n\
               console.log('HueAccessorTemplate.JavaScriptIn: inValue: ' + inValue);\n\
               var util = require('util');\n\
               console.log(util.inspect(inValue));\n\
               console.log('HueAccessorTemplate.JavaScriptIn: idLight: ' + idLight);\n\
               console.log(util.inspect(idLight));\n\
               thiz.send('out', idLight);\n\
           });\n\
        }";

    var JavaScriptOut = this.instantiateFromCode('JavaScriptOut', codeOut, false);
    
    this.connect('control', JavaScriptIn, 'in');
    this.connect(JavaScriptIn, 'out', Hue, 'commands');
    this.connect(Hue, 'lights', JavaScriptOut, 'in');
    this.connect(JavaScriptOut, 'out', 'data');

};

exports.initialize = function() {	
    // At initialize, send the schema;
    this.send('schema', schema);
    // Also send null data.
    this.send('data', null);
};


function sendData() {
    this.send('data', {
	"id": 4,
        "on": onValue,
    });
}

var schema = {
  "type": "object",
  "properties": {
    "on": {
      	"type": "string",
      	"title": "Turn the light on or off",
      	"description": "Turn the light on or off",
      	"choices": ["on", "off"]
    }
  }
};
 (Thread[AWT-EventQueue-0,6,main])
KeyValueStore: Making an HTTP request. (Thread[AWT-EventQueue-0,6,main])
GenerateHueAccessors: GenerateHueAccessors: // Copyright (c) 2017 The Regents of the University of California.
// All rights reserved.
//
// Permission is hereby granted, without written agreement and without
// license or royalty fees, to use, copy, modify, and distribute this
// software and its documentation for any purpose, provided that the above
// copyright notice and the following two paragraphs appear in all copies
// of this software.
//
// IN NO EVENT SHALL THE UNIVERSITY OF CALIFORNIA BE LIABLE TO ANY PARTY
// FOR DIRECT, INDIRECT, SPECIAL, INCIDENTAL, OR CONSEQUENTIAL DAMAGES
// ARISING OUT OF THE USE OF THIS SOFTWARE AND ITS DOCUMENTATION, EVEN IF
// THE UNIVERSITY OF CALIFORNIA HAS BEEN ADVISED OF THE POSSIBILITY OF
// SUCH DAMAGE.
//
// THE UNIVERSITY OF CALIFORNIA SPECIFICALLY DISCLAIMS ANY WARRANTIES,
// INCLUDING, BUT NOT LIMITED TO, THE IMPLIED WARRANTIES OF
// MERCHANTABILITY AND FITNESS FOR A PARTICULAR PURPOSE. THE SOFTWARE
// PROVIDED HEREUNDER IS ON AN "AS IS" BASIS, AND THE UNIVERSITY OF
// CALIFORNIA HAS NO OBLIGATION TO PROVIDE MAINTENANCE, SUPPORT, UPDATES,
// ENHANCEMENTS, OR MODIFICATIONS.
//

/** Control a Philips Hue light bulb.
 *
 *  @accessor HueAccessorTemplate
 *  @author Christopher Brooks, based on TemperatureSensor by Edward A. Lee
 *  @input {JSON} commands JSON commands for the Hue, for example,
 *                {"id" : 1, "on" : true, "hue" : 120}
 *  @output data A JSON object.
 *  @version $$Id$$
 */
// Stop extra messages from jslint.  Note that there should be no
// space between the / and the * and global.
/*globals console, error, exports, require */
/*jshint globalstrict: true*/

"use strict";

var handle = null;
exports.setup = function() {       
    this.implement('ControllableSensor');

    this.output('data', {'type' : 'JSON'});
    
    var Hue = this.instantiate('Hue', 'devices/Hue'); 

    /* The GenerateHueAccessors.xml model substitutes in the bridgeIP here.*/
    Hue.setParameter('bridgeIP','192.168.1.221');

    /* The GenerateHueAccessors.xml model substitutes in the userName here.*/
    Hue.setParameter('userName', 'SVmAJELYPPsCJjRqbKMjg0dLgesa6ZmiKt4Bdwaq');

    var codeIn = "\
        exports.setup = function() {\n\
           this.input('in');\n\
           this.output('out');\n\
        }\n\
        exports.initialize = function() {\n\
           var thiz = this;\n\
           this.addInputHandler('in', function() {\n\
               var inValue = thiz.get('in');\n\
               console.log('HueAccessorTemplate.JavaScriptIn: value of in: ' + inValue);\n\
               var util = require('util');\n\
               console.log(util.inspect(inValue));\n\
               console.log('HueAccessorTemplate.JavaScriptIn: inValue.on: ' + inValue.on);\n\
               var on = true;\n\
               if (inValue.on !== 'on') {;\n\
                   on = false; \n\
               };\n\
               inValue = '{ \"id\": \"5\", \"on\": ' + on + '}';\n\
               thiz.send('out', JSON.parse(inValue));\n\
           });\n\
        }";
    var JavaScriptIn = this.instantiateFromCode('JavaScriptIn', codeIn, false);

    var codeOut = "\
        exports.setup = function() {\n\
           this.input('in');\n\
           this.output('out');\n\
        }\n\
        exports.initialize = function() {\n\
           var thiz = this;\n\
           this.addInputHandler('in', function() {\n\
               /* var inValue = thiz.get('in'); */\n\
               /* FIXME: Need to get real data from the Hue. */\n\
               /* var inValue = '{ \"bridgeIP\": \"192.168.1.221\", \"id\": \"5\", \"userName\": \"SVmAJELYPPsCJjRqbKMjg0dLgesa6ZmiKt4Bdwaq\" }';*/\n\
               var inValue = thiz.get('in');\n\
               var idLight = inValue['5'];\n\
               console.log('HueAccessorTemplate.JavaScriptIn: inValue: ' + inValue);\n\
               var util = require('util');\n\
               console.log(util.inspect(inValue));\n\
               console.log('HueAccessorTemplate.JavaScriptIn: idLight: ' + idLight);\n\
               console.log(util.inspect(idLight));\n\
               thiz.send('out', idLight);\n\
           });\n\
        }";

    var JavaScriptOut = this.instantiateFromCode('JavaScriptOut', codeOut, false);
    
    this.connect('control', JavaScriptIn, 'in');
    this.connect(JavaScriptIn, 'out', Hue, 'commands');
    this.connect(Hue, 'lights', JavaScriptOut, 'in');
    this.connect(JavaScriptOut, 'out', 'data');

};

exports.initialize = function() {	
    // At initialize, send the schema;
    this.send('schema', schema);
    // Also send null data.
    this.send('data', null);
};


function sendData() {
    this.send('data', {
	"id": 5,
        "on": onValue,
    });
}

var schema = {
  "type": "object",
  "properties": {
    "on": {
      	"type": "string",
      	"title": "Turn the light on or off",
      	"description": "Turn the light on or off",
      	"choices": ["on", "off"]
    }
  }
};
 (Thread[AWT-EventQueue-0,6,main])
KeyValueStore: Making an HTTP request. (Thread[AWT-EventQueue-0,6,main])
GenerateHueAccessors: GenerateHueAccessors: // Copyright (c) 2017 The Regents of the University of California.
// All rights reserved.
//
// Permission is hereby granted, without written agreement and without
// license or royalty fees, to use, copy, modify, and distribute this
// software and its documentation for any purpose, provided that the above
// copyright notice and the following two paragraphs appear in all copies
// of this software.
//
// IN NO EVENT SHALL THE UNIVERSITY OF CALIFORNIA BE LIABLE TO ANY PARTY
// FOR DIRECT, INDIRECT, SPECIAL, INCIDENTAL, OR CONSEQUENTIAL DAMAGES
// ARISING OUT OF THE USE OF THIS SOFTWARE AND ITS DOCUMENTATION, EVEN IF
// THE UNIVERSITY OF CALIFORNIA HAS BEEN ADVISED OF THE POSSIBILITY OF
// SUCH DAMAGE.
//
// THE UNIVERSITY OF CALIFORNIA SPECIFICALLY DISCLAIMS ANY WARRANTIES,
// INCLUDING, BUT NOT LIMITED TO, THE IMPLIED WARRANTIES OF
// MERCHANTABILITY AND FITNESS FOR A PARTICULAR PURPOSE. THE SOFTWARE
// PROVIDED HEREUNDER IS ON AN "AS IS" BASIS, AND THE UNIVERSITY OF
// CALIFORNIA HAS NO OBLIGATION TO PROVIDE MAINTENANCE, SUPPORT, UPDATES,
// ENHANCEMENTS, OR MODIFICATIONS.
//

/** Control a Philips Hue light bulb.
 *
 *  @accessor HueAccessorTemplate
 *  @author Christopher Brooks, based on TemperatureSensor by Edward A. Lee
 *  @input {JSON} commands JSON commands for the Hue, for example,
 *                {"id" : 1, "on" : true, "hue" : 120}
 *  @output data A JSON object.
 *  @version $$Id$$
 */
// Stop extra messages from jslint.  Note that there should be no
// space between the / and the * and global.
/*globals console, error, exports, require */
/*jshint globalstrict: true*/

"use strict";

var handle = null;
exports.setup = function() {       
    this.implement('ControllableSensor');

    this.output('data', {'type' : 'JSON'});
    
    var Hue = this.instantiate('Hue', 'devices/Hue'); 

    /* The GenerateHueAccessors.xml model substitutes in the bridgeIP here.*/
    Hue.setParameter('bridgeIP','192.168.1.221');

    /* The GenerateHueAccessors.xml model substitutes in the userName here.*/
    Hue.setParameter('userName', 'SVmAJELYPPsCJjRqbKMjg0dLgesa6ZmiKt4Bdwaq');

    var codeIn = "\
        exports.setup = function() {\n\
           this.input('in');\n\
           this.output('out');\n\
        }\n\
        exports.initialize = function() {\n\
           var thiz = this;\n\
           this.addInputHandler('in', function() {\n\
               var inValue = thiz.get('in');\n\
               console.log('HueAccessorTemplate.JavaScriptIn: value of in: ' + inValue);\n\
               var util = require('util');\n\
               console.log(util.inspect(inValue));\n\
               console.log('HueAccessorTemplate.JavaScriptIn: inValue.on: ' + inValue.on);\n\
               var on = true;\n\
               if (inValue.on !== 'on') {;\n\
                   on = false; \n\
               };\n\
               inValue = '{ \"id\": \"6\", \"on\": ' + on + '}';\n\
               thiz.send('out', JSON.parse(inValue));\n\
           });\n\
        }";
    var JavaScriptIn = this.instantiateFromCode('JavaScriptIn', codeIn, false);

    var codeOut = "\
        exports.setup = function() {\n\
           this.input('in');\n\
           this.output('out');\n\
        }\n\
        exports.initialize = function() {\n\
           var thiz = this;\n\
           this.addInputHandler('in', function() {\n\
               /* var inValue = thiz.get('in'); */\n\
               /* FIXME: Need to get real data from the Hue. */\n\
               /* var inValue = '{ \"bridgeIP\": \"192.168.1.221\", \"id\": \"6\", \"userName\": \"SVmAJELYPPsCJjRqbKMjg0dLgesa6ZmiKt4Bdwaq\" }';*/\n\
               var inValue = thiz.get('in');\n\
               var idLight = inValue['6'];\n\
               console.log('HueAccessorTemplate.JavaScriptIn: inValue: ' + inValue);\n\
               var util = require('util');\n\
               console.log(util.inspect(inValue));\n\
               console.log('HueAccessorTemplate.JavaScriptIn: idLight: ' + idLight);\n\
               console.log(util.inspect(idLight));\n\
               thiz.send('out', idLight);\n\
           });\n\
        }";

    var JavaScriptOut = this.instantiateFromCode('JavaScriptOut', codeOut, false);
    
    this.connect('control', JavaScriptIn, 'in');
    this.connect(JavaScriptIn, 'out', Hue, 'commands');
    this.connect(Hue, 'lights', JavaScriptOut, 'in');
    this.connect(JavaScriptOut, 'out', 'data');

};

exports.initialize = function() {	
    // At initialize, send the schema;
    this.send('schema', schema);
    // Also send null data.
    this.send('data', null);
};


function sendData() {
    this.send('data', {
	"id": 6,
        "on": onValue,
    });
}

var schema = {
  "type": "object",
  "properties": {
    "on": {
      	"type": "string",
      	"title": "Turn the light on or off",
      	"description": "Turn the light on or off",
      	"choices": ["on", "off"]
    }
  }
};
 (Thread[AWT-EventQueue-0,6,main])
KeyValueStore: Making an HTTP request. (Thread[AWT-EventQueue-0,6,main])
GenerateHueAccessors: GenerateHueAccessors: // Copyright (c) 2017 The Regents of the University of California.
// All rights reserved.
//
// Permission is hereby granted, without written agreement and without
// license or royalty fees, to use, copy, modify, and distribute this
// software and its documentation for any purpose, provided that the above
// copyright notice and the following two paragraphs appear in all copies
// of this software.
//
// IN NO EVENT SHALL THE UNIVERSITY OF CALIFORNIA BE LIABLE TO ANY PARTY
// FOR DIRECT, INDIRECT, SPECIAL, INCIDENTAL, OR CONSEQUENTIAL DAMAGES
// ARISING OUT OF THE USE OF THIS SOFTWARE AND ITS DOCUMENTATION, EVEN IF
// THE UNIVERSITY OF CALIFORNIA HAS BEEN ADVISED OF THE POSSIBILITY OF
// SUCH DAMAGE.
//
// THE UNIVERSITY OF CALIFORNIA SPECIFICALLY DISCLAIMS ANY WARRANTIES,
// INCLUDING, BUT NOT LIMITED TO, THE IMPLIED WARRANTIES OF
// MERCHANTABILITY AND FITNESS FOR A PARTICULAR PURPOSE. THE SOFTWARE
// PROVIDED HEREUNDER IS ON AN "AS IS" BASIS, AND THE UNIVERSITY OF
// CALIFORNIA HAS NO OBLIGATION TO PROVIDE MAINTENANCE, SUPPORT, UPDATES,
// ENHANCEMENTS, OR MODIFICATIONS.
//

/** Control a Philips Hue light bulb.
 *
 *  @accessor HueAccessorTemplate
 *  @author Christopher Brooks, based on TemperatureSensor by Edward A. Lee
 *  @input {JSON} commands JSON commands for the Hue, for example,
 *                {"id" : 1, "on" : true, "hue" : 120}
 *  @output data A JSON object.
 *  @version $$Id$$
 */
// Stop extra messages from jslint.  Note that there should be no
// space between the / and the * and global.
/*globals console, error, exports, require */
/*jshint globalstrict: true*/

"use strict";

var handle = null;
exports.setup = function() {       
    this.implement('ControllableSensor');

    this.output('data', {'type' : 'JSON'});
    
    var Hue = this.instantiate('Hue', 'devices/Hue'); 

    /* The GenerateHueAccessors.xml model substitutes in the bridgeIP here.*/
    Hue.setParameter('bridgeIP','192.168.1.221');

    /* The GenerateHueAccessors.xml model substitutes in the userName here.*/
    Hue.setParameter('userName', 'SVmAJELYPPsCJjRqbKMjg0dLgesa6ZmiKt4Bdwaq');

    var codeIn = "\
        exports.setup = function() {\n\
           this.input('in');\n\
           this.output('out');\n\
        }\n\
        exports.initialize = function() {\n\
           var thiz = this;\n\
           this.addInputHandler('in', function() {\n\
               var inValue = thiz.get('in');\n\
               console.log('HueAccessorTemplate.JavaScriptIn: value of in: ' + inValue);\n\
               var util = require('util');\n\
               console.log(util.inspect(inValue));\n\
               console.log('HueAccessorTemplate.JavaScriptIn: inValue.on: ' + inValue.on);\n\
               var on = true;\n\
               if (inValue.on !== 'on') {;\n\
                   on = false; \n\
               };\n\
               inValue = '{ \"id\": \"7\", \"on\": ' + on + '}';\n\
               thiz.send('out', JSON.parse(inValue));\n\
           });\n\
        }";
    var JavaScriptIn = this.instantiateFromCode('JavaScriptIn', codeIn, false);

    var codeOut = "\
        exports.setup = function() {\n\
           this.input('in');\n\
           this.output('out');\n\
        }\n\
        exports.initialize = function() {\n\
           var thiz = this;\n\
           this.addInputHandler('in', function() {\n\
               /* var inValue = thiz.get('in'); */\n\
               /* FIXME: Need to get real data from the Hue. */\n\
               /* var inValue = '{ \"bridgeIP\": \"192.168.1.221\", \"id\": \"7\", \"userName\": \"SVmAJELYPPsCJjRqbKMjg0dLgesa6ZmiKt4Bdwaq\" }';*/\n\
               var inValue = thiz.get('in');\n\
               var idLight = inValue['7'];\n\
               console.log('HueAccessorTemplate.JavaScriptIn: inValue: ' + inValue);\n\
               var util = require('util');\n\
               console.log(util.inspect(inValue));\n\
               console.log('HueAccessorTemplate.JavaScriptIn: idLight: ' + idLight);\n\
               console.log(util.inspect(idLight));\n\
               thiz.send('out', idLight);\n\
           });\n\
        }";

    var JavaScriptOut = this.instantiateFromCode('JavaScriptOut', codeOut, false);
    
    this.connect('control', JavaScriptIn, 'in');
    this.connect(JavaScriptIn, 'out', Hue, 'commands');
    this.connect(Hue, 'lights', JavaScriptOut, 'in');
    this.connect(JavaScriptOut, 'out', 'data');

};

exports.initialize = function() {	
    // At initialize, send the schema;
    this.send('schema', schema);
    // Also send null data.
    this.send('data', null);
};


function sendData() {
    this.send('data', {
	"id": 7,
        "on": onValue,
    });
}

var schema = {
  "type": "object",
  "properties": {
    "on": {
      	"type": "string",
      	"title": "Turn the light on or off",
      	"description": "Turn the light on or off",
      	"choices": ["on", "off"]
    }
  }
};
 (Thread[AWT-EventQueue-0,6,main])
KeyValueStore: Making an HTTP request. (Thread[AWT-EventQueue-0,6,main])
8515 ms. Memory: 2069504K Free: 1574236K (76%)
Exported /home/travis/build/icyphy/ptII/org/terraswarm/accessor/demo/AugmentedRealityVideoSOHO/GenerateHueAccessors/index.html
14215 ms. Memory: 2069504K Free: 1527800K (74%)
####### 68 Mon May 28 01:42:29 UTC 2018 $PTII/bin/ptinvoke ptolemy.vergil.basic.export.ExportModel -force htm -run -openComposites -timeOut 30000 -whiteBackground org/terraswarm/accessor/demo/AugmentedRealityVideoSOHO/GenerateLifxAccessors.xml $PTII/org/terraswarm/accessor/demo/AugmentedRealityVideoSOHO/GenerateLifxAccessors
Running .GenerateLifxAccessors
8956 ms. Memory: 2092032K Free: 1503378K (72%)
Exported /home/travis/build/icyphy/ptII/org/terraswarm/accessor/demo/AugmentedRealityVideoSOHO/GenerateLifxAccessors/index.html
15340 ms. Memory: 2092032K Free: 1452527K (69%)
####### 69 Mon May 28 01:42:44 UTC 2018 $PTII/bin/ptinvoke ptolemy.vergil.basic.export.ExportModel -force htm -run -openComposites -timeOut 30000 -whiteBackground org/terraswarm/accessor/demo/AugmentedRealityVideoSOHO/GenerateMQTTAccessors.xml $PTII/org/terraswarm/accessor/demo/AugmentedRealityVideoSOHO/GenerateMQTTAccessors
Running .GenerateMQTTAccessors
GenerateBleeAccessors: GenerateBleeAccessors: "use strict";

exports.setup = function() {	
    this.output('data', {'type' : 'JSON'});
    
    var MQTTSubscriber = this.instantiate('MQTTSubscriber', 'net/MQTTSubscriber'); 
    MQTTSubscriber.input('subscribe', {
	/* 'value':'#'*/
    /* The GenerateBleeAccessors.xml model substitutes in the topic here.*/
        'value': 'device/BLEES/c098e53000b4'
    });
    
    /* The GenerateBleeAccessors.xml model substitutes in the BrokerHost here.*/
    var brokerHost = '192.168.1.200';

    /* Hint: Use the lab11 Summon app to find local SwarmBoxes with BLE. */
    MQTTSubscriber.setParameter('brokerHost', brokerHost);

    var code = "\
	exports.setup = function() {\n\
	    this.input('in');\n\
	    this.output('out');\n\
    }\n\
    exports.initialize = function() {\n\
	    var thiz = this;\n\
	    this.addInputHandler('in', function() {\n\
	    	var inValue = thiz.get('in');\n\
	        console.log('MQTTAccessor:' + inValue);\n\
		    thiz.send('out', JSON.parse(inValue));\n\
	    });\n\
    }";
    var JavaScript = this.instantiateFromCode('JavaScript', code, false);

    this.connect(JavaScript, 'out', 'data');
    this.connect(MQTTSubscriber, 'received', JavaScript, 'in');
};
 (Thread[AWT-EventQueue-0,6,main])
KeyValueStore: Making an HTTP request. (Thread[AWT-EventQueue-0,6,main])
GenerateBleeAccessors: GenerateBleeAccessors: "use strict";

exports.setup = function() {	
    this.output('data', {'type' : 'JSON'});
    
    var MQTTSubscriber = this.instantiate('MQTTSubscriber', 'net/MQTTSubscriber'); 
    MQTTSubscriber.input('subscribe', {
	/* 'value':'#'*/
    /* The GenerateBleeAccessors.xml model substitutes in the topic here.*/
        'value': 'device/BLEES/c098e530005b'
    });
    
    /* The GenerateBleeAccessors.xml model substitutes in the BrokerHost here.*/
    var brokerHost = '192.168.1.200';

    /* Hint: Use the lab11 Summon app to find local SwarmBoxes with BLE. */
    MQTTSubscriber.setParameter('brokerHost', brokerHost);

    var code = "\
	exports.setup = function() {\n\
	    this.input('in');\n\
	    this.output('out');\n\
    }\n\
    exports.initialize = function() {\n\
	    var thiz = this;\n\
	    this.addInputHandler('in', function() {\n\
	    	var inValue = thiz.get('in');\n\
	        console.log('MQTTAccessor:' + inValue);\n\
		    thiz.send('out', JSON.parse(inValue));\n\
	    });\n\
    }";
    var JavaScript = this.instantiateFromCode('JavaScript', code, false);

    this.connect(JavaScript, 'out', 'data');
    this.connect(MQTTSubscriber, 'received', JavaScript, 'in');
};
 (Thread[AWT-EventQueue-0,6,main])
KeyValueStore: Making an HTTP request. (Thread[AWT-EventQueue-0,6,main])
GenerateBleeAccessors: GenerateBleeAccessors: "use strict";

exports.setup = function() {	
    this.output('data', {'type' : 'JSON'});
    
    var MQTTSubscriber = this.instantiate('MQTTSubscriber', 'net/MQTTSubscriber'); 
    MQTTSubscriber.input('subscribe', {
	/* 'value':'#'*/
    /* The GenerateBleeAccessors.xml model substitutes in the topic here.*/
        'value': 'device/PowerBlade/c098e570021e'
    });
    
    /* The GenerateBleeAccessors.xml model substitutes in the BrokerHost here.*/
    var brokerHost = '192.168.1.200';

    /* Hint: Use the lab11 Summon app to find local SwarmBoxes with BLE. */
    MQTTSubscriber.setParameter('brokerHost', brokerHost);

    var code = "\
	exports.setup = function() {\n\
	    this.input('in');\n\
	    this.output('out');\n\
    }\n\
    exports.initialize = function() {\n\
	    var thiz = this;\n\
	    this.addInputHandler('in', function() {\n\
	    	var inValue = thiz.get('in');\n\
	        console.log('MQTTAccessor:' + inValue);\n\
		    thiz.send('out', JSON.parse(inValue));\n\
	    });\n\
    }";
    var JavaScript = this.instantiateFromCode('JavaScript', code, false);

    this.connect(JavaScript, 'out', 'data');
    this.connect(MQTTSubscriber, 'received', JavaScript, 'in');
};
 (Thread[AWT-EventQueue-0,6,main])
KeyValueStore: Making an HTTP request. (Thread[AWT-EventQueue-0,6,main])
GenerateBleeAccessors: GenerateBleeAccessors: "use strict";

exports.setup = function() {	
    this.output('data', {'type' : 'JSON'});
    
    var MQTTSubscriber = this.instantiate('MQTTSubscriber', 'net/MQTTSubscriber'); 
    MQTTSubscriber.input('subscribe', {
	/* 'value':'#'*/
    /* The GenerateBleeAccessors.xml model substitutes in the topic here.*/
        'value': 'device/PowerBlade/c098e570020b'
    });
    
    /* The GenerateBleeAccessors.xml model substitutes in the BrokerHost here.*/
    var brokerHost = '192.168.1.200';

    /* Hint: Use the lab11 Summon app to find local SwarmBoxes with BLE. */
    MQTTSubscriber.setParameter('brokerHost', brokerHost);

    var code = "\
	exports.setup = function() {\n\
	    this.input('in');\n\
	    this.output('out');\n\
    }\n\
    exports.initialize = function() {\n\
	    var thiz = this;\n\
	    this.addInputHandler('in', function() {\n\
	    	var inValue = thiz.get('in');\n\
	        console.log('MQTTAccessor:' + inValue);\n\
		    thiz.send('out', JSON.parse(inValue));\n\
	    });\n\
    }";
    var JavaScript = this.instantiateFromCode('JavaScript', code, false);

    this.connect(JavaScript, 'out', 'data');
    this.connect(MQTTSubscriber, 'received', JavaScript, 'in');
};
 (Thread[AWT-EventQueue-0,6,main])
KeyValueStore: Making an HTTP request. (Thread[AWT-EventQueue-0,6,main])
GenerateBleeAccessors: GenerateBleeAccessors: "use strict";

exports.setup = function() {	
    this.output('data', {'type' : 'JSON'});
    
    var MQTTSubscriber = this.instantiate('MQTTSubscriber', 'net/MQTTSubscriber'); 
    MQTTSubscriber.input('subscribe', {
	/* 'value':'#'*/
    /* The GenerateBleeAccessors.xml model substitutes in the topic here.*/
        'value': 'device/PowerBlade/c098e570023e'
    });
    
    /* The GenerateBleeAccessors.xml model substitutes in the BrokerHost here.*/
    var brokerHost = '192.168.1.200';

    /* Hint: Use the lab11 Summon app to find local SwarmBoxes with BLE. */
    MQTTSubscriber.setParameter('brokerHost', brokerHost);

    var code = "\
	exports.setup = function() {\n\
	    this.input('in');\n\
	    this.output('out');\n\
    }\n\
    exports.initialize = function() {\n\
	    var thiz = this;\n\
	    this.addInputHandler('in', function() {\n\
	    	var inValue = thiz.get('in');\n\
	        console.log('MQTTAccessor:' + inValue);\n\
		    thiz.send('out', JSON.parse(inValue));\n\
	    });\n\
    }";
    var JavaScript = this.instantiateFromCode('JavaScript', code, false);

    this.connect(JavaScript, 'out', 'data');
    this.connect(MQTTSubscriber, 'received', JavaScript, 'in');
};
 (Thread[AWT-EventQueue-0,6,main])
KeyValueStore: Making an HTTP request. (Thread[AWT-EventQueue-0,6,main])
GenerateBleeAccessors: GenerateBleeAccessors: "use strict";

exports.setup = function() {	
    this.output('data', {'type' : 'JSON'});
    
    var MQTTSubscriber = this.instantiate('MQTTSubscriber', 'net/MQTTSubscriber'); 
    MQTTSubscriber.input('subscribe', {
	/* 'value':'#'*/
    /* The GenerateBleeAccessors.xml model substitutes in the topic here.*/
        'value': 'device/PowerBlade/c098e570023a'
    });
    
    /* The GenerateBleeAccessors.xml model substitutes in the BrokerHost here.*/
    var brokerHost = '192.168.1.200';

    /* Hint: Use the lab11 Summon app to find local SwarmBoxes with BLE. */
    MQTTSubscriber.setParameter('brokerHost', brokerHost);

    var code = "\
	exports.setup = function() {\n\
	    this.input('in');\n\
	    this.output('out');\n\
    }\n\
    exports.initialize = function() {\n\
	    var thiz = this;\n\
	    this.addInputHandler('in', function() {\n\
	    	var inValue = thiz.get('in');\n\
	        console.log('MQTTAccessor:' + inValue);\n\
		    thiz.send('out', JSON.parse(inValue));\n\
	    });\n\
    }";
    var JavaScript = this.instantiateFromCode('JavaScript', code, false);

    this.connect(JavaScript, 'out', 'data');
    this.connect(MQTTSubscriber, 'received', JavaScript, 'in');
};
 (Thread[AWT-EventQueue-0,6,main])
KeyValueStore: Making an HTTP request. (Thread[AWT-EventQueue-0,6,main])
10483 ms. Memory: 2092032K Free: 645907K (31%)
Exported /home/travis/build/icyphy/ptII/org/terraswarm/accessor/demo/AugmentedRealityVideoSOHO/GenerateMQTTAccessors/index.html
16199 ms. Memory: 2092032K Free: 601982K (29%)
####### 70 Mon May 28 01:43:00 UTC 2018 $PTII/bin/ptinvoke ptolemy.vergil.basic.export.ExportModel -force htm -run -openComposites -timeOut 30000 -whiteBackground org/terraswarm/accessor/demo/AugmentedRealityVideoSOHO/KeyValueStoreServerSOHO.xml $PTII/org/terraswarm/accessor/demo/AugmentedRealityVideoSOHO/KeyValueStoreServerSOHO
Running .KeyValueStoreServerSOHO
WebServer: WebServer: Creating new server. (Thread[AWT-EventQueue-0,6,main])
ExportHTMLTimer went off after 30000 ms., calling getDirector().finish and getDirector().stopFire()
WebServer: WebServer: Stopping the server. (Thread[AWT-EventQueue-0,6,main])
30083 ms. Memory: 1972736K Free: 410387K (21%)
Exported /home/travis/build/icyphy/ptII/org/terraswarm/accessor/demo/AugmentedRealityVideoSOHO/KeyValueStoreServerSOHO/index.html
39233 ms. Memory: 1972736K Free: 371873K (19%)
####### 71 Mon May 28 01:43:39 UTC 2018 $PTII/bin/ptinvoke ptolemy.vergil.basic.export.ExportModel -force htm -run -openComposites -timeOut 30000 -whiteBackground org/terraswarm/accessor/demo/AugmentedRealityVideoSOHO/SoundServerSOHO.xml $PTII/org/terraswarm/accessor/demo/AugmentedRealityVideoSOHO/SoundServerSOHO
Running .SoundServerSOHO
KeyValueStore: Making an HTTP request. (Thread[AWT-EventQueue-0,6,main])
ExportHTMLTimer went off after 30000 ms., calling getDirector().finish and getDirector().stopFire()
30060 ms. Memory: 1744896K Free: 1113903K (64%)
Exported /home/travis/build/icyphy/ptII/org/terraswarm/accessor/demo/AugmentedRealityVideoSOHO/SoundServerSOHO/index.html
38461 ms. Memory: 1744896K Free: 1071521K (61%)
####### 72 Mon May 28 01:44:18 UTC 2018 $PTII/bin/ptinvoke ptolemy.vergil.basic.export.ExportModel -force htm -run -openComposites -timeOut 30000 -whiteBackground org/terraswarm/accessor/demo/AugmentedRealityVideoTerra/AugmentedRealityVideoTerra.xml $PTII/org/terraswarm/accessor/demo/AugmentedRealityVideoTerra/AugmentedRealityVideoTerra
Running .AugmentedRealityVideoTerra
Manager.initialize() finished: 12623 ms. Memory: 1933824K Free: 596082K (31%)
BrowserLauncher: UnsupportedOperation: http://localhost:8089: java.lang.UnsupportedOperationException: The BROWSE action is not supported on the current platform!
ExportHTMLTimer went off after 30000 ms., calling getDirector().finish and getDirector().stopFire()
UserInterface: Connection closed because model is no longer running. (Thread[AWT-EventQueue-0,6,main])
30158 ms. Memory: 2122240K Free: 1071481K (50%)
Exported /home/travis/build/icyphy/ptII/org/terraswarm/accessor/demo/AugmentedRealityVideoTerra/AugmentedRealityVideoTerra/index.html
41943 ms. Memory: 2122240K Free: 995740K (47%)
####### 73 Mon May 28 01:45:00 UTC 2018 $PTII/bin/ptinvoke ptolemy.vergil.basic.export.ExportModel -force htm -run -openComposites -timeOut 30000 -whiteBackground org/terraswarm/accessor/demo/AugmentedRealityVideoTerra/SoundServerTerra.xml $PTII/org/terraswarm/accessor/demo/AugmentedRealityVideoTerra/SoundServerTerra
Running .SoundServerTerra
KeyValueStore: Making an HTTP request. (Thread[AWT-EventQueue-0,6,main])
ExportHTMLTimer went off after 30000 ms., calling getDirector().finish and getDirector().stopFire()
30074 ms. Memory: 2138624K Free: 677702K (32%)
Exported /home/travis/build/icyphy/ptII/org/terraswarm/accessor/demo/AugmentedRealityVideoTerra/SoundServerTerra/index.html
39059 ms. Memory: 2138624K Free: 628340K (29%)
####### 74 Mon May 28 01:45:39 UTC 2018 $PTII/bin/ptinvoke ptolemy.vergil.basic.export.ExportModel -force htm  -openComposites -timeOut 30000 -whiteBackground org/terraswarm/accessor/demo/Hue/Hue.xml $PTII/org/terraswarm/accessor/demo/Hue/Hue
Warning: not running org/terraswarm/accessor/demo/Hue/Hue.xml. See ptolemy/vergil/basic/export/test/junit/ExportModelJUnitTest.java
Exported /home/travis/build/icyphy/ptII/org/terraswarm/accessor/demo/Hue/Hue/index.html
3303 ms. Memory: 2155520K Free: 1407870K (65%)
####### 75 Mon May 28 01:45:42 UTC 2018 $PTII/bin/ptinvoke ptolemy.vergil.basic.export.ExportModel -force htm -run -openComposites -timeOut 30000 -whiteBackground org/terraswarm/accessor/demo/Hue/HueToggle.xml $PTII/org/terraswarm/accessor/demo/Hue/HueToggle
Running .HueToggle
Hue: Attempting to connect to: http://192.168.1.221/api/SVmAJELYPPsCJjRqbKMjg0dLgesa6ZmiKt4Bdwaq/lights/ (Thread[AWT-EventQueue-0,6,main])
Hue: Making an HTTP request. (Thread[AWT-EventQueue-0,6,main])
Hue: Hue.js: issueCommand(): '[{"id":8,"on":true,"hue":14412.396038681813}]' (Thread[AWT-EventQueue-0,6,main])
Hue: Not authenticated; queueing command. (Thread[AWT-EventQueue-0,6,main])
Hue: Hue.js: issueCommand(): '[{"id":8,"on":false,"hue":6540.446923014648}]' (Thread[AWT-EventQueue-0,6,main])
Hue: Not authenticated; queueing command. (Thread[AWT-EventQueue-0,6,main])
Hue: Hue.js: issueCommand(): '[{"id":8,"on":true,"hue":51287.05517904685}]' (Thread[AWT-EventQueue-0,6,main])
Hue: Not authenticated; queueing command. (Thread[AWT-EventQueue-0,6,main])
Hue: Hue.js: issueCommand(): '[{"id":8,"on":false,"hue":27098.980667660697}]' (Thread[AWT-EventQueue-0,6,main])
Hue: Not authenticated; queueing command. (Thread[AWT-EventQueue-0,6,main])
Hue: Hue.js: issueCommand(): '[{"id":8,"on":true,"hue":38040.279483036786}]' (Thread[AWT-EventQueue-0,6,main])
Hue: Not authenticated; queueing command. (Thread[AWT-EventQueue-0,6,main])
Hue: Hue.js: issueCommand(): '[{"id":8,"on":false,"hue":17691.211046134085}]' (Thread[AWT-EventQueue-0,6,main])
Hue: Not authenticated; queueing command. (Thread[AWT-EventQueue-0,6,main])
Hue: Hue.js: issueCommand(): '[{"id":8,"on":true,"hue":12838.329617739786}]' (Thread[AWT-EventQueue-0,6,main])
Hue: Not authenticated; queueing command. (Thread[AWT-EventQueue-0,6,main])
Hue: Hue.js: issueCommand(): '[{"id":8,"on":false,"hue":1197.7131519992643}]' (Thread[AWT-EventQueue-0,6,main])
Hue: Not authenticated; queueing command. (Thread[AWT-EventQueue-0,6,main])
ExportHTMLTimer went off after 30000 ms., calling getDirector().finish and getDirector().stopFire()
30047 ms. Memory: 2156032K Free: 848839K (39%)
Exported /home/travis/build/icyphy/ptII/org/terraswarm/accessor/demo/Hue/HueToggle/index.html
37630 ms. Memory: 2156032K Free: 808582K (38%)
####### 76 Mon May 28 01:46:20 UTC 2018 $PTII/bin/ptinvoke ptolemy.vergil.basic.export.ExportModel -force htm -run -openComposites -timeOut 30000 -whiteBackground org/terraswarm/accessor/demo/Hue/MotionLights.xml $PTII/org/terraswarm/accessor/demo/Hue/MotionLights
Running .MotionLights
Hue: Attempting to connect to: http://192.168.2.2/api/ptolemyuser/lights/ (Thread[AWT-EventQueue-0,6,main])
Hue: Making an HTTP request. (Thread[AWT-EventQueue-0,6,main])
Hue: Hue.js: issueCommand(): '[{"id":7,"on":true,"hue":35005,"sat":120,"bri":168,"reactiontime":0},{"id":8,"on":true,"hue":35005,"sat":120,"bri":168,"reactiontime":0},{"id":9,"on":true,"hue":35005,"sat":120,"bri":168,"reactiontime":0}]' (Thread[AWT-EventQueue-0,6,main])
Hue: Not authenticated; queueing command. (Thread[AWT-EventQueue-0,6,main])
Hue: Hue.js: issueCommand(): '[{"id":7,"on":true,"hue":20534,"sat":128,"bri":248,"reactiontime":0},{"id":8,"on":true,"hue":20534,"sat":128,"bri":248,"reactiontime":0},{"id":9,"on":true,"hue":20534,"sat":128,"bri":248,"reactiontime":0}]' (Thread[AWT-EventQueue-0,6,main])
Hue: Not authenticated; queueing command. (Thread[AWT-EventQueue-0,6,main])
Hue: Hue.js: issueCommand(): '[{"id":7,"on":true,"hue":28161,"sat":164,"bri":160,"reactiontime":0},{"id":8,"on":true,"hue":28161,"sat":164,"bri":160,"reactiontime":0},{"id":9,"on":true,"hue":28161,"sat":164,"bri":160,"reactiontime":0}]' (Thread[AWT-EventQueue-0,6,main])
Hue: Not authenticated; queueing command. (Thread[AWT-EventQueue-0,6,main])
Hue: Hue.js: issueCommand(): '[{"id":7,"on":true,"hue":37450,"sat":146,"bri":286,"reactiontime":0},{"id":8,"on":true,"hue":37450,"sat":146,"bri":286,"reactiontime":0},{"id":9,"on":true,"hue":37450,"sat":146,"bri":286,"reactiontime":0}]' (Thread[AWT-EventQueue-0,6,main])
Hue: Not authenticated; queueing command. (Thread[AWT-EventQueue-0,6,main])
Hue: Hue.js: issueCommand(): '[{"id":7,"on":true,"hue":27867,"sat":104,"bri":191,"reactiontime":0},{"id":8,"on":true,"hue":27867,"sat":104,"bri":191,"reactiontime":0},{"id":9,"on":true,"hue":27867,"sat":104,"bri":191,"reactiontime":0}]' (Thread[AWT-EventQueue-0,6,main])
Hue: Not authenticated; queueing command. (Thread[AWT-EventQueue-0,6,main])
Hue: Hue.js: issueCommand(): '[{"id":7,"on":true,"hue":36374,"sat":114,"bri":171,"reactiontime":0},{"id":8,"on":true,"hue":36374,"sat":114,"bri":171,"reactiontime":0},{"id":9,"on":true,"hue":36374,"sat":114,"bri":171,"reactiontime":0}]' (Thread[AWT-EventQueue-0,6,main])
Hue: Not authenticated; queueing command. (Thread[AWT-EventQueue-0,6,main])
Hue: Hue.js: issueCommand(): '[{"id":7,"on":true,"hue":31778,"sat":180,"bri":148,"reactiontime":0},{"id":8,"on":true,"hue":31778,"sat":180,"bri":148,"reactiontime":0},{"id":9,"on":true,"hue":31778,"sat":180,"bri":148,"reactiontime":0}]' (Thread[AWT-EventQueue-0,6,main])
Hue: Not authenticated; queueing command. (Thread[AWT-EventQueue-0,6,main])
Hue: Hue.js: issueCommand(): '[{"id":7,"on":true,"hue":15253,"sat":118,"bri":132,"reactiontime":0},{"id":8,"on":true,"hue":15253,"sat":118,"bri":132,"reactiontime":0},{"id":9,"on":true,"hue":15253,"sat":118,"bri":132,"reactiontime":0}]' (Thread[AWT-EventQueue-0,6,main])
Hue: Not authenticated; queueing command. (Thread[AWT-EventQueue-0,6,main])
Hue: Hue.js: issueCommand(): '[{"id":7,"on":true,"hue":41459,"sat":143,"bri":187,"reactiontime":0},{"id":8,"on":true,"hue":41459,"sat":143,"bri":187,"reactiontime":0},{"id":9,"on":true,"hue":41459,"sat":143,"bri":187,"reactiontime":0}]' (Thread[AWT-EventQueue-0,6,main])
Hue: Not authenticated; queueing command. (Thread[AWT-EventQueue-0,6,main])
Hue: Hue.js: issueCommand(): '[{"id":7,"on":true,"hue":22880,"sat":132,"bri":187,"reactiontime":0},{"id":8,"on":true,"hue":22880,"sat":132,"bri":187,"reactiontime":0},{"id":9,"on":true,"hue":22880,"sat":132,"bri":187,"reactiontime":0}]' (Thread[AWT-EventQueue-0,6,main])
Hue: Not authenticated; queueing command. (Thread[AWT-EventQueue-0,6,main])
Hue: Hue.js: issueCommand(): '[{"id":7,"on":true,"hue":35690,"sat":183,"bri":80,"reactiontime":0},{"id":8,"on":true,"hue":35690,"sat":183,"bri":80,"reactiontime":0},{"id":9,"on":true,"hue":35690,"sat":183,"bri":80,"reactiontime":0}]' (Thread[AWT-EventQueue-0,6,main])
Hue: Not authenticated; queueing command. (Thread[AWT-EventQueue-0,6,main])
Hue: Hue.js: issueCommand(): '[{"id":7,"on":true,"hue":22880,"sat":80,"bri":185,"reactiontime":0},{"id":8,"on":true,"hue":22880,"sat":80,"bri":185,"reactiontime":0},{"id":9,"on":true,"hue":22880,"sat":80,"bri":185,"reactiontime":0}]' (Thread[AWT-EventQueue-0,6,main])
Hue: Not authenticated; queueing command. (Thread[AWT-EventQueue-0,6,main])
Hue: Hue.js: issueCommand(): '[{"id":7,"on":true,"hue":38916,"sat":156,"bri":245,"reactiontime":0},{"id":8,"on":true,"hue":38916,"sat":156,"bri":245,"reactiontime":0},{"id":9,"on":true,"hue":38916,"sat":156,"bri":245,"reactiontime":0}]' (Thread[AWT-EventQueue-0,6,main])
Hue: Not authenticated; queueing command. (Thread[AWT-EventQueue-0,6,main])
Hue: Hue.js: issueCommand(): '[{"id":7,"on":true,"hue":41459,"sat":181,"bri":86,"reactiontime":0},{"id":8,"on":true,"hue":41459,"sat":181,"bri":86,"reactiontime":0},{"id":9,"on":true,"hue":41459,"sat":181,"bri":86,"reactiontime":0}]' (Thread[AWT-EventQueue-0,6,main])
Hue: Not authenticated; queueing command. (Thread[AWT-EventQueue-0,6,main])
Hue: Hue.js: issueCommand(): '[{"id":7,"on":true,"hue":25716,"sat":99,"bri":187,"reactiontime":0},{"id":8,"on":true,"hue":25716,"sat":99,"bri":187,"reactiontime":0},{"id":9,"on":true,"hue":25716,"sat":99,"bri":187,"reactiontime":0}]' (Thread[AWT-EventQueue-0,6,main])
Hue: Not authenticated; queueing command. (Thread[AWT-EventQueue-0,6,main])
Hue: Hue.js: issueCommand(): '[{"id":7,"on":true,"hue":40481,"sat":131,"bri":223,"reactiontime":0},{"id":8,"on":true,"hue":40481,"sat":131,"bri":223,"reactiontime":0},{"id":9,"on":true,"hue":40481,"sat":131,"bri":223,"reactiontime":0}]' (Thread[AWT-EventQueue-0,6,main])
Hue: Not authenticated; queueing command. (Thread[AWT-EventQueue-0,6,main])
Hue: Hue.js: issueCommand(): '[{"id":7,"on":true,"hue":30898,"sat":145,"bri":281,"reactiontime":0},{"id":8,"on":true,"hue":30898,"sat":145,"bri":281,"reactiontime":0},{"id":9,"on":true,"hue":30898,"sat":145,"bri":281,"reactiontime":0}]' (Thread[AWT-EventQueue-0,6,main])
Hue: Not authenticated; queueing command. (Thread[AWT-EventQueue-0,6,main])
Hue: Hue.js: issueCommand(): '[{"id":7,"on":true,"hue":36179,"sat":142,"bri":293,"reactiontime":0},{"id":8,"on":true,"hue":36179,"sat":142,"bri":293,"reactiontime":0},{"id":9,"on":true,"hue":36179,"sat":142,"bri":293,"reactiontime":0}]' (Thread[AWT-EventQueue-0,6,main])
Hue: Not authenticated; queueing command. (Thread[AWT-EventQueue-0,6,main])
Hue: Hue.js: issueCommand(): '[{"id":7,"on":true,"hue":33636,"sat":118,"bri":280,"reactiontime":0},{"id":8,"on":true,"hue":33636,"sat":118,"bri":280,"reactiontime":0},{"id":9,"on":true,"hue":33636,"sat":118,"bri":280,"reactiontime":0}]' (Thread[AWT-EventQueue-0,6,main])
Hue: Not authenticated; queueing command. (Thread[AWT-EventQueue-0,6,main])
Hue: Hue.js: issueCommand(): '[{"id":7,"on":true,"hue":30214,"sat":163,"bri":196,"reactiontime":0},{"id":8,"on":true,"hue":30214,"sat":163,"bri":196,"reactiontime":0},{"id":9,"on":true,"hue":30214,"sat":163,"bri":196,"reactiontime":0}]' (Thread[AWT-EventQueue-0,6,main])
Hue: Not authenticated; queueing command. (Thread[AWT-EventQueue-0,6,main])
Hue: Hue.js: issueCommand(): '[{"id":7,"on":true,"hue":30898,"sat":154,"bri":189,"reactiontime":0},{"id":8,"on":true,"hue":30898,"sat":154,"bri":189,"reactiontime":0},{"id":9,"on":true,"hue":30898,"sat":154,"bri":189,"reactiontime":0}]' (Thread[AWT-EventQueue-0,6,main])
Hue: Not authenticated; queueing command. (Thread[AWT-EventQueue-0,6,main])
Hue: Hue.js: issueCommand(): '[{"id":7,"on":true,"hue":40677,"sat":142,"bri":167,"reactiontime":0},{"id":8,"on":true,"hue":40677,"sat":142,"bri":167,"reactiontime":0},{"id":9,"on":true,"hue":40677,"sat":142,"bri":167,"reactiontime":0}]' (Thread[AWT-EventQueue-0,6,main])
Hue: Not authenticated; queueing command. (Thread[AWT-EventQueue-0,6,main])
Hue: Hue.js: issueCommand(): '[{"id":7,"on":true,"hue":32952,"sat":129,"bri":363,"reactiontime":0},{"id":8,"on":true,"hue":32952,"sat":129,"bri":363,"reactiontime":0},{"id":9,"on":true,"hue":32952,"sat":129,"bri":363,"reactiontime":0}]' (Thread[AWT-EventQueue-0,6,main])
Hue: Not authenticated; queueing command. (Thread[AWT-EventQueue-0,6,main])
Hue: Hue.js: issueCommand(): '[{"id":7,"on":true,"hue":38721,"sat":157,"bri":147,"reactiontime":0},{"id":8,"on":true,"hue":38721,"sat":157,"bri":147,"reactiontime":0},{"id":9,"on":true,"hue":38721,"sat":157,"bri":147,"reactiontime":0}]' (Thread[AWT-EventQueue-0,6,main])
Hue: Not authenticated; queueing command. (Thread[AWT-EventQueue-0,6,main])
Hue: Hue.js: issueCommand(): '[{"id":7,"on":true,"hue":39308,"sat":125,"bri":299,"reactiontime":0},{"id":8,"on":true,"hue":39308,"sat":125,"bri":299,"reactiontime":0},{"id":9,"on":true,"hue":39308,"sat":125,"bri":299,"reactiontime":0}]' (Thread[AWT-EventQueue-0,6,main])
Hue: Not authenticated; queueing command. (Thread[AWT-EventQueue-0,6,main])
Hue: Hue.js: issueCommand(): '[{"id":7,"on":true,"hue":35690,"sat":146,"bri":322,"reactiontime":0},{"id":8,"on":true,"hue":35690,"sat":146,"bri":322,"reactiontime":0},{"id":9,"on":true,"hue":35690,"sat":146,"bri":322,"reactiontime":0}]' (Thread[AWT-EventQueue-0,6,main])
Hue: Not authenticated; queueing command. (Thread[AWT-EventQueue-0,6,main])
Hue: Hue.js: issueCommand(): '[{"id":7,"on":true,"hue":33636,"sat":143,"bri":281,"reactiontime":0},{"id":8,"on":true,"hue":33636,"sat":143,"bri":281,"reactiontime":0},{"id":9,"on":true,"hue":33636,"sat":143,"bri":281,"reactiontime":0}]' (Thread[AWT-EventQueue-0,6,main])
Hue: Not authenticated; queueing command. (Thread[AWT-EventQueue-0,6,main])
Hue: Hue.js: issueCommand(): '[{"id":7,"on":true,"hue":27476,"sat":151,"bri":167,"reactiontime":0},{"id":8,"on":true,"hue":27476,"sat":151,"bri":167,"reactiontime":0},{"id":9,"on":true,"hue":27476,"sat":151,"bri":167,"reactiontime":0}]' (Thread[AWT-EventQueue-0,6,main])
Hue: Not authenticated; queueing command. (Thread[AWT-EventQueue-0,6,main])
Hue: Hue.js: issueCommand(): '[{"id":7,"on":true,"hue":40383,"sat":140,"bri":259,"reactiontime":0},{"id":8,"on":true,"hue":40383,"sat":140,"bri":259,"reactiontime":0},{"id":9,"on":true,"hue":40383,"sat":140,"bri":259,"reactiontime":0}]' (Thread[AWT-EventQueue-0,6,main])
Hue: Not authenticated; queueing command. (Thread[AWT-EventQueue-0,6,main])
Hue: Hue.js: issueCommand(): '[{"id":7,"on":true,"hue":35299,"sat":142,"bri":259,"reactiontime":0},{"id":8,"on":true,"hue":35299,"sat":142,"bri":259,"reactiontime":0},{"id":9,"on":true,"hue":35299,"sat":142,"bri":259,"reactiontime":0}]' (Thread[AWT-EventQueue-0,6,main])
Hue: Not authenticated; queueing command. (Thread[AWT-EventQueue-0,6,main])
Hue: Hue.js: issueCommand(): '[{"id":7,"on":false},{"id":8,"on":false},{"id":9,"on":false}]' (Thread[AWT-EventQueue-0,6,main])
Hue: Not authenticated; queueing command. (Thread[AWT-EventQueue-0,6,main])
Hue: Hue.js: issueCommand(): '[{"id":7,"on":true,"hue":35103,"sat":157,"bri":156,"reactiontime":0},{"id":8,"on":true,"hue":35103,"sat":157,"bri":156,"reactiontime":0},{"id":9,"on":true,"hue":35103,"sat":157,"bri":156,"reactiontime":0}]' (Thread[AWT-EventQueue-0,6,main])
Hue: Not authenticated; queueing command. (Thread[AWT-EventQueue-0,6,main])
Hue: Hue.js: issueCommand(): '[{"id":7,"on":true,"hue":24640,"sat":138,"bri":183,"reactiontime":0},{"id":8,"on":true,"hue":24640,"sat":138,"bri":183,"reactiontime":0},{"id":9,"on":true,"hue":24640,"sat":138,"bri":183,"reactiontime":0}]' (Thread[AWT-EventQueue-0,6,main])
Hue: Not authenticated; queueing command. (Thread[AWT-EventQueue-0,6,main])
Hue: Hue.js: issueCommand(): '[{"id":7,"on":true,"hue":34516,"sat":142,"bri":245,"reactiontime":0},{"id":8,"on":true,"hue":34516,"sat":142,"bri":245,"reactiontime":0},{"id":9,"on":true,"hue":34516,"sat":142,"bri":245,"reactiontime":0}]' (Thread[AWT-EventQueue-0,6,main])
Hue: Not authenticated; queueing command. (Thread[AWT-EventQueue-0,6,main])
Hue: Hue.js: issueCommand(): '[{"id":7,"on":true,"hue":24836,"sat":127,"bri":240,"reactiontime":0},{"id":8,"on":true,"hue":24836,"sat":127,"bri":240,"reactiontime":0},{"id":9,"on":true,"hue":24836,"sat":127,"bri":240,"reactiontime":0}]' (Thread[AWT-EventQueue-0,6,main])
Hue: Not authenticated; queueing command. (Thread[AWT-EventQueue-0,6,main])
Hue: Hue.js: issueCommand(): '[{"id":7,"on":true,"hue":34419,"sat":159,"bri":232,"reactiontime":0},{"id":8,"on":true,"hue":34419,"sat":159,"bri":232,"reactiontime":0},{"id":9,"on":true,"hue":34419,"sat":159,"bri":232,"reactiontime":0}]' (Thread[AWT-EventQueue-0,6,main])
Hue: Not authenticated; queueing command. (Thread[AWT-EventQueue-0,6,main])
Hue: Hue.js: issueCommand(): '[{"id":7,"on":true,"hue":35494,"sat":131,"bri":171,"reactiontime":0},{"id":8,"on":true,"hue":35494,"sat":131,"bri":171,"reactiontime":0},{"id":9,"on":true,"hue":35494,"sat":131,"bri":171,"reactiontime":0}]' (Thread[AWT-EventQueue-0,6,main])
Hue: Not authenticated; queueing command. (Thread[AWT-EventQueue-0,6,main])
Hue: Hue.js: issueCommand(): '[{"id":7,"on":true,"hue":38916,"sat":122,"bri":61,"reactiontime":0},{"id":8,"on":true,"hue":38916,"sat":122,"bri":61,"reactiontime":0},{"id":9,"on":true,"hue":38916,"sat":122,"bri":61,"reactiontime":0}]' (Thread[AWT-EventQueue-0,6,main])
Hue: Not authenticated; queueing command. (Thread[AWT-EventQueue-0,6,main])
Hue: Hue.js: issueCommand(): '[{"id":7,"on":true,"hue":31974,"sat":143,"bri":205,"reactiontime":0},{"id":8,"on":true,"hue":31974,"sat":143,"bri":205,"reactiontime":0},{"id":9,"on":true,"hue":31974,"sat":143,"bri":205,"reactiontime":0}]' (Thread[AWT-EventQueue-0,6,main])
Hue: Not authenticated; queueing command. (Thread[AWT-EventQueue-0,6,main])
Hue: Hue.js: issueCommand(): '[{"id":7,"on":true,"hue":32170,"sat":156,"bri":286,"reactiontime":0},{"id":8,"on":true,"hue":32170,"sat":156,"bri":286,"reactiontime":0},{"id":9,"on":true,"hue":32170,"sat":156,"bri":286,"reactiontime":0}]' (Thread[AWT-EventQueue-0,6,main])
Hue: Not authenticated; queueing command. (Thread[AWT-EventQueue-0,6,main])
Hue: Hue.js: issueCommand(): '[{"id":7,"on":true,"hue":34125,"sat":134,"bri":342,"reactiontime":0},{"id":8,"on":true,"hue":34125,"sat":134,"bri":342,"reactiontime":0},{"id":9,"on":true,"hue":34125,"sat":134,"bri":342,"reactiontime":0}]' (Thread[AWT-EventQueue-0,6,main])
Hue: Not authenticated; queueing command. (Thread[AWT-EventQueue-0,6,main])
Hue: Hue.js: issueCommand(): '[{"id":7,"on":true,"hue":27672,"sat":168,"bri":199,"reactiontime":0},{"id":8,"on":true,"hue":27672,"sat":168,"bri":199,"reactiontime":0},{"id":9,"on":true,"hue":27672,"sat":168,"bri":199,"reactiontime":0}]' (Thread[AWT-EventQueue-0,6,main])
Hue: Not authenticated; queueing command. (Thread[AWT-EventQueue-0,6,main])
Hue: Hue.js: issueCommand(): '[{"id":7,"on":true,"hue":43219,"sat":143,"bri":152,"reactiontime":0},{"id":8,"on":true,"hue":43219,"sat":143,"bri":152,"reactiontime":0},{"id":9,"on":true,"hue":43219,"sat":143,"bri":152,"reactiontime":0}]' (Thread[AWT-EventQueue-0,6,main])
Hue: Not authenticated; queueing command. (Thread[AWT-EventQueue-0,6,main])
Hue: Hue.js: issueCommand(): '[{"id":7,"on":true,"hue":35103,"sat":159,"bri":230,"reactiontime":0},{"id":8,"on":true,"hue":35103,"sat":159,"bri":230,"reactiontime":0},{"id":9,"on":true,"hue":35103,"sat":159,"bri":230,"reactiontime":0}]' (Thread[AWT-EventQueue-0,6,main])
Hue: Not authenticated; queueing command. (Thread[AWT-EventQueue-0,6,main])
Hue: Hue.js: issueCommand(): '[{"id":7,"on":true,"hue":36667,"sat":163,"bri":240,"reactiontime":0},{"id":8,"on":true,"hue":36667,"sat":163,"bri":240,"reactiontime":0},{"id":9,"on":true,"hue":36667,"sat":163,"bri":240,"reactiontime":0}]' (Thread[AWT-EventQueue-0,6,main])
Hue: Not authenticated; queueing command. (Thread[AWT-EventQueue-0,6,main])
Hue: Hue.js: issueCommand(): '[{"id":7,"on":true,"hue":27085,"sat":140,"bri":164,"reactiontime":0},{"id":8,"on":true,"hue":27085,"sat":140,"bri":164,"reactiontime":0},{"id":9,"on":true,"hue":27085,"sat":140,"bri":164,"reactiontime":0}]' (Thread[AWT-EventQueue-0,6,main])
Hue: Not authenticated; queueing command. (Thread[AWT-EventQueue-0,6,main])
Hue: Hue.js: issueCommand(): '[{"id":7,"on":true,"hue":23956,"sat":146,"bri":209,"reactiontime":0},{"id":8,"on":true,"hue":23956,"sat":146,"bri":209,"reactiontime":0},{"id":9,"on":true,"hue":23956,"sat":146,"bri":209,"reactiontime":0}]' (Thread[AWT-EventQueue-0,6,main])
Hue: Not authenticated; queueing command. (Thread[AWT-EventQueue-0,6,main])
Hue: Hue.js: issueCommand(): '[{"id":7,"on":true,"hue":29529,"sat":146,"bri":164,"reactiontime":0},{"id":8,"on":true,"hue":29529,"sat":146,"bri":164,"reactiontime":0},{"id":9,"on":true,"hue":29529,"sat":146,"bri":164,"reactiontime":0}]' (Thread[AWT-EventQueue-0,6,main])
Hue: Not authenticated; queueing command. (Thread[AWT-EventQueue-0,6,main])
Hue: Hue.js: issueCommand(): '[{"id":7,"on":true,"hue":34321,"sat":126,"bri":333,"reactiontime":0},{"id":8,"on":true,"hue":34321,"sat":126,"bri":333,"reactiontime":0},{"id":9,"on":true,"hue":34321,"sat":126,"bri":333,"reactiontime":0}]' (Thread[AWT-EventQueue-0,6,main])
Hue: Not authenticated; queueing command. (Thread[AWT-EventQueue-0,6,main])
Hue: Hue.js: issueCommand(): '[{"id":7,"on":true,"hue":48010,"sat":151,"bri":163,"reactiontime":0},{"id":8,"on":true,"hue":48010,"sat":151,"bri":163,"reactiontime":0},{"id":9,"on":true,"hue":48010,"sat":151,"bri":163,"reactiontime":0}]' (Thread[AWT-EventQueue-0,6,main])
Hue: Not authenticated; queueing command. (Thread[AWT-EventQueue-0,6,main])
Hue: Hue.js: issueCommand(): '[{"id":7,"on":true,"hue":34810,"sat":168,"bri":291,"reactiontime":0},{"id":8,"on":true,"hue":34810,"sat":168,"bri":291,"reactiontime":0},{"id":9,"on":true,"hue":34810,"sat":168,"bri":291,"reactiontime":0}]' (Thread[AWT-EventQueue-0,6,main])
Hue: Not authenticated; queueing command. (Thread[AWT-EventQueue-0,6,main])
Hue: Hue.js: issueCommand(): '[{"id":7,"on":true,"hue":38623,"sat":136,"bri":238,"reactiontime":0},{"id":8,"on":true,"hue":38623,"sat":136,"bri":238,"reactiontime":0},{"id":9,"on":true,"hue":38623,"sat":136,"bri":238,"reactiontime":0}]' (Thread[AWT-EventQueue-0,6,main])
Hue: Not authenticated; queueing command. (Thread[AWT-EventQueue-0,6,main])
Hue: Hue.js: issueCommand(): '[{"id":7,"on":true,"hue":36667,"sat":135,"bri":305,"reactiontime":0},{"id":8,"on":true,"hue":36667,"sat":135,"bri":305,"reactiontime":0},{"id":9,"on":true,"hue":36667,"sat":135,"bri":305,"reactiontime":0}]' (Thread[AWT-EventQueue-0,6,main])
Hue: Not authenticated; queueing command. (Thread[AWT-EventQueue-0,6,main])
Hue: Hue.js: issueCommand(): '[{"id":7,"on":true,"hue":32854,"sat":148,"bri":145,"reactiontime":0},{"id":8,"on":true,"hue":32854,"sat":148,"bri":145,"reactiontime":0},{"id":9,"on":true,"hue":32854,"sat":148,"bri":145,"reactiontime":0}]' (Thread[AWT-EventQueue-0,6,main])
Hue: Not authenticated; queueing command. (Thread[AWT-EventQueue-0,6,main])
Hue: Hue.js: issueCommand(): '[{"id":7,"on":true,"hue":36276,"sat":146,"bri":327,"reactiontime":0},{"id":8,"on":true,"hue":36276,"sat":146,"bri":327,"reactiontime":0},{"id":9,"on":true,"hue":36276,"sat":146,"bri":327,"reactiontime":0}]' (Thread[AWT-EventQueue-0,6,main])
Hue: Not authenticated; queueing command. (Thread[AWT-EventQueue-0,6,main])
Hue: Hue.js: issueCommand(): '[{"id":7,"on":true,"hue":39405,"sat":117,"bri":207,"reactiontime":0},{"id":8,"on":true,"hue":39405,"sat":117,"bri":207,"reactiontime":0},{"id":9,"on":true,"hue":39405,"sat":117,"bri":207,"reactiontime":0}]' (Thread[AWT-EventQueue-0,6,main])
Hue: Not authenticated; queueing command. (Thread[AWT-EventQueue-0,6,main])
Hue: Hue.js: issueCommand(): '[{"id":7,"on":true,"hue":24738,"sat":137,"bri":204,"reactiontime":0},{"id":8,"on":true,"hue":24738,"sat":137,"bri":204,"reactiontime":0},{"id":9,"on":true,"hue":24738,"sat":137,"bri":204,"reactiontime":0}]' (Thread[AWT-EventQueue-0,6,main])
Hue: Not authenticated; queueing command. (Thread[AWT-EventQueue-0,6,main])
Hue: Hue.js: issueCommand(): '[{"id":7,"on":true,"hue":32561,"sat":102,"bri":178,"reactiontime":0},{"id":8,"on":true,"hue":32561,"sat":102,"bri":178,"reactiontime":0},{"id":9,"on":true,"hue":32561,"sat":102,"bri":178,"reactiontime":0}]' (Thread[AWT-EventQueue-0,6,main])
Hue: Not authenticated; queueing command. (Thread[AWT-EventQueue-0,6,main])
Hue: Hue.js: issueCommand(): '[{"id":7,"on":true,"hue":35494,"sat":163,"bri":161,"reactiontime":0},{"id":8,"on":true,"hue":35494,"sat":163,"bri":161,"reactiontime":0},{"id":9,"on":true,"hue":35494,"sat":163,"bri":161,"reactiontime":0}]' (Thread[AWT-EventQueue-0,6,main])
Hue: Not authenticated; queueing command. (Thread[AWT-EventQueue-0,6,main])
Hue: Hue.js: issueCommand(): '[{"id":7,"on":true,"hue":25520,"sat":143,"bri":137,"reactiontime":0},{"id":8,"on":true,"hue":25520,"sat":143,"bri":137,"reactiontime":0},{"id":9,"on":true,"hue":25520,"sat":143,"bri":137,"reactiontime":0}]' (Thread[AWT-EventQueue-0,6,main])
Hue: Not authenticated; queueing command. (Thread[AWT-EventQueue-0,6,main])
Hue: Hue.js: issueCommand(): '[{"id":7,"on":true,"hue":37352,"sat":126,"bri":312,"reactiontime":0},{"id":8,"on":true,"hue":37352,"sat":126,"bri":312,"reactiontime":0},{"id":9,"on":true,"hue":37352,"sat":126,"bri":312,"reactiontime":0}]' (Thread[AWT-EventQueue-0,6,main])
Hue: Not authenticated; queueing command. (Thread[AWT-EventQueue-0,6,main])
Hue: Hue.js: issueCommand(): '[{"id":7,"on":true,"hue":34712,"sat":141,"bri":254,"reactiontime":0},{"id":8,"on":true,"hue":34712,"sat":141,"bri":254,"reactiontime":0},{"id":9,"on":true,"hue":34712,"sat":141,"bri":254,"reactiontime":0}]' (Thread[AWT-EventQueue-0,6,main])
Hue: Not authenticated; queueing command. (Thread[AWT-EventQueue-0,6,main])
Hue: Hue.js: issueCommand(): '[{"id":7,"on":true,"hue":29236,"sat":131,"bri":179,"reactiontime":0},{"id":8,"on":true,"hue":29236,"sat":131,"bri":179,"reactiontime":0},{"id":9,"on":true,"hue":29236,"sat":131,"bri":179,"reactiontime":0}]' (Thread[AWT-EventQueue-0,6,main])
Hue: Not authenticated; queueing command. (Thread[AWT-EventQueue-0,6,main])
Hue: Hue.js: issueCommand(): '[{"id":7,"on":true,"hue":32267,"sat":140,"bri":276,"reactiontime":0},{"id":8,"on":true,"hue":32267,"sat":140,"bri":276,"reactiontime":0},{"id":9,"on":true,"hue":32267,"sat":140,"bri":276,"reactiontime":0}]' (Thread[AWT-EventQueue-0,6,main])
Hue: Not authenticated; queueing command. (Thread[AWT-EventQueue-0,6,main])
Hue: Hue.js: issueCommand(): '[{"id":7,"on":true,"hue":28649,"sat":143,"bri":305,"reactiontime":0},{"id":8,"on":true,"hue":28649,"sat":143,"bri":305,"reactiontime":0},{"id":9,"on":true,"hue":28649,"sat":143,"bri":305,"reactiontime":0}]' (Thread[AWT-EventQueue-0,6,main])
Hue: Not authenticated; queueing command. (Thread[AWT-EventQueue-0,6,main])
Hue: Hue.js: issueCommand(): '[{"id":7,"on":true,"hue":37645,"sat":170,"bri":212,"reactiontime":0},{"id":8,"on":true,"hue":37645,"sat":170,"bri":212,"reactiontime":0},{"id":9,"on":true,"hue":37645,"sat":170,"bri":212,"reactiontime":0}]' (Thread[AWT-EventQueue-0,6,main])
Hue: Not authenticated; queueing command. (Thread[AWT-EventQueue-0,6,main])
Hue: Hue.js: issueCommand(): '[{"id":7,"on":true,"hue":36374,"sat":139,"bri":131,"reactiontime":0},{"id":8,"on":true,"hue":36374,"sat":139,"bri":131,"reactiontime":0},{"id":9,"on":true,"hue":36374,"sat":139,"bri":131,"reactiontime":0}]' (Thread[AWT-EventQueue-0,6,main])
Hue: Not authenticated; queueing command. (Thread[AWT-EventQueue-0,6,main])
Hue: Hue.js: issueCommand(): '[{"id":7,"on":true,"hue":37156,"sat":132,"bri":176,"reactiontime":0},{"id":8,"on":true,"hue":37156,"sat":132,"bri":176,"reactiontime":0},{"id":9,"on":true,"hue":37156,"sat":132,"bri":176,"reactiontime":0}]' (Thread[AWT-EventQueue-0,6,main])
Hue: Not authenticated; queueing command. (Thread[AWT-EventQueue-0,6,main])
Hue: Hue.js: issueCommand(): '[{"id":7,"on":true,"hue":39014,"sat":145,"bri":251,"reactiontime":0},{"id":8,"on":true,"hue":39014,"sat":145,"bri":251,"reactiontime":0},{"id":9,"on":true,"hue":39014,"sat":145,"bri":251,"reactiontime":0}]' (Thread[AWT-EventQueue-0,6,main])
Hue: Not authenticated; queueing command. (Thread[AWT-EventQueue-0,6,main])
Hue: Hue.js: issueCommand(): '[{"id":7,"on":true,"hue":29334,"sat":141,"bri":348,"reactiontime":0},{"id":8,"on":true,"hue":29334,"sat":141,"bri":348,"reactiontime":0},{"id":9,"on":true,"hue":29334,"sat":141,"bri":348,"reactiontime":0}]' (Thread[AWT-EventQueue-0,6,main])
Hue: Not authenticated; queueing command. (Thread[AWT-EventQueue-0,6,main])
Hue: Hue.js: issueCommand(): '[{"id":7,"on":true,"hue":34614,"sat":144,"bri":204,"reactiontime":0},{"id":8,"on":true,"hue":34614,"sat":144,"bri":204,"reactiontime":0},{"id":9,"on":true,"hue":34614,"sat":144,"bri":204,"reactiontime":0}]' (Thread[AWT-EventQueue-0,6,main])
Hue: Not authenticated; queueing command. (Thread[AWT-EventQueue-0,6,main])
Hue: Hue.js: issueCommand(): '[{"id":7,"on":false},{"id":8,"on":false},{"id":9,"on":false}]' (Thread[AWT-EventQueue-0,6,main])
Hue: Not authenticated; queueing command. (Thread[AWT-EventQueue-0,6,main])
Hue: Hue.js: issueCommand(): '[{"id":7,"on":true,"hue":34027,"sat":141,"bri":327,"reactiontime":0},{"id":8,"on":true,"hue":34027,"sat":141,"bri":327,"reactiontime":0},{"id":9,"on":true,"hue":34027,"sat":141,"bri":327,"reactiontime":0}]' (Thread[AWT-EventQueue-0,6,main])
Hue: Not authenticated; queueing command. (Thread[AWT-EventQueue-0,6,main])
Hue: Hue.js: issueCommand(): '[{"id":7,"on":true,"hue":34027,"sat":149,"bri":255,"reactiontime":0},{"id":8,"on":true,"hue":34027,"sat":149,"bri":255,"reactiontime":0},{"id":9,"on":true,"hue":34027,"sat":149,"bri":255,"reactiontime":0}]' (Thread[AWT-EventQueue-0,6,main])
Hue: Not authenticated; queueing command. (Thread[AWT-EventQueue-0,6,main])
Hue: Hue.js: issueCommand(): '[{"id":7,"on":true,"hue":28258,"sat":174,"bri":193,"reactiontime":0},{"id":8,"on":true,"hue":28258,"sat":174,"bri":193,"reactiontime":0},{"id":9,"on":true,"hue":28258,"sat":174,"bri":193,"reactiontime":0}]' (Thread[AWT-EventQueue-0,6,main])
Hue: Not authenticated; queueing command. (Thread[AWT-EventQueue-0,6,main])
Hue: Hue.js: issueCommand(): '[{"id":7,"on":true,"hue":21316,"sat":96,"bri":221,"reactiontime":0},{"id":8,"on":true,"hue":21316,"sat":96,"bri":221,"reactiontime":0},{"id":9,"on":true,"hue":21316,"sat":96,"bri":221,"reactiontime":0}]' (Thread[AWT-EventQueue-0,6,main])
Hue: Not authenticated; queueing command. (Thread[AWT-EventQueue-0,6,main])
Hue: Hue.js: issueCommand(): '[{"id":7,"on":true,"hue":34125,"sat":131,"bri":135,"reactiontime":0},{"id":8,"on":true,"hue":34125,"sat":131,"bri":135,"reactiontime":0},{"id":9,"on":true,"hue":34125,"sat":131,"bri":135,"reactiontime":0}]' (Thread[AWT-EventQueue-0,6,main])
Hue: Not authenticated; queueing command. (Thread[AWT-EventQueue-0,6,main])
Hue: Hue.js: issueCommand(): '[{"id":7,"on":true,"hue":25227,"sat":162,"bri":173,"reactiontime":0},{"id":8,"on":true,"hue":25227,"sat":162,"bri":173,"reactiontime":0},{"id":9,"on":true,"hue":25227,"sat":162,"bri":173,"reactiontime":0}]' (Thread[AWT-EventQueue-0,6,main])
Hue: Not authenticated; queueing command. (Thread[AWT-EventQueue-0,6,main])
Hue: Hue.js: issueCommand(): '[{"id":7,"on":true,"hue":34810,"sat":136,"bri":171,"reactiontime":0},{"id":8,"on":true,"hue":34810,"sat":136,"bri":171,"reactiontime":0},{"id":9,"on":true,"hue":34810,"sat":136,"bri":171,"reactiontime":0}]' (Thread[AWT-EventQueue-0,6,main])
Hue: Not authenticated; queueing command. (Thread[AWT-EventQueue-0,6,main])
Hue: Hue.js: issueCommand(): '[{"id":7,"on":true,"hue":39894,"sat":154,"bri":203,"reactiontime":0},{"id":8,"on":true,"hue":39894,"sat":154,"bri":203,"reactiontime":0},{"id":9,"on":true,"hue":39894,"sat":154,"bri":203,"reactiontime":0}]' (Thread[AWT-EventQueue-0,6,main])
Hue: Not authenticated; queueing command. (Thread[AWT-EventQueue-0,6,main])
Hue: Hue.js: issueCommand(): '[{"id":7,"on":true,"hue":40677,"sat":156,"bri":227,"reactiontime":0},{"id":8,"on":true,"hue":40677,"sat":156,"bri":227,"reactiontime":0},{"id":9,"on":true,"hue":40677,"sat":156,"bri":227,"reactiontime":0}]' (Thread[AWT-EventQueue-0,6,main])
Hue: Not authenticated; queueing command. (Thread[AWT-EventQueue-0,6,main])
Hue: Hue.js: issueCommand(): '[{"id":7,"on":true,"hue":25129,"sat":139,"bri":268,"reactiontime":0},{"id":8,"on":true,"hue":25129,"sat":139,"bri":268,"reactiontime":0},{"id":9,"on":true,"hue":25129,"sat":139,"bri":268,"reactiontime":0}]' (Thread[AWT-EventQueue-0,6,main])
Hue: Not authenticated; queueing command. (Thread[AWT-EventQueue-0,6,main])
Hue: Hue.js: issueCommand(): '[{"id":7,"on":true,"hue":32952,"sat":79,"bri":155,"reactiontime":0},{"id":8,"on":true,"hue":32952,"sat":79,"bri":155,"reactiontime":0},{"id":9,"on":true,"hue":32952,"sat":79,"bri":155,"reactiontime":0}]' (Thread[AWT-EventQueue-0,6,main])
Hue: Not authenticated; queueing command. (Thread[AWT-EventQueue-0,6,main])
Hue: Hue.js: issueCommand(): '[{"id":7,"on":true,"hue":28454,"sat":143,"bri":321,"reactiontime":0},{"id":8,"on":true,"hue":28454,"sat":143,"bri":321,"reactiontime":0},{"id":9,"on":true,"hue":28454,"sat":143,"bri":321,"reactiontime":0}]' (Thread[AWT-EventQueue-0,6,main])
Hue: Not authenticated; queueing command. (Thread[AWT-EventQueue-0,6,main])
Hue: Hue.js: issueCommand(): '[{"id":7,"on":true,"hue":31485,"sat":153,"bri":281,"reactiontime":0},{"id":8,"on":true,"hue":31485,"sat":153,"bri":281,"reactiontime":0},{"id":9,"on":true,"hue":31485,"sat":153,"bri":281,"reactiontime":0}]' (Thread[AWT-EventQueue-0,6,main])
Hue: Not authenticated; queueing command. (Thread[AWT-EventQueue-0,6,main])
Hue: Hue.js: issueCommand(): '[{"id":7,"on":true,"hue":26987,"sat":129,"bri":144,"reactiontime":0},{"id":8,"on":true,"hue":26987,"sat":129,"bri":144,"reactiontime":0},{"id":9,"on":true,"hue":26987,"sat":129,"bri":144,"reactiontime":0}]' (Thread[AWT-EventQueue-0,6,main])
Hue: Not authenticated; queueing command. (Thread[AWT-EventQueue-0,6,main])
Hue: Hue.js: issueCommand(): '[{"id":7,"on":true,"hue":29236,"sat":120,"bri":192,"reactiontime":0},{"id":8,"on":true,"hue":29236,"sat":120,"bri":192,"reactiontime":0},{"id":9,"on":true,"hue":29236,"sat":120,"bri":192,"reactiontime":0}]' (Thread[AWT-EventQueue-0,6,main])
Hue: Not authenticated; queueing command. (Thread[AWT-EventQueue-0,6,main])
Hue: Hue.js: issueCommand(): '[{"id":7,"on":true,"hue":29627,"sat":134,"bri":290,"reactiontime":0},{"id":8,"on":true,"hue":29627,"sat":134,"bri":290,"reactiontime":0},{"id":9,"on":true,"hue":29627,"sat":134,"bri":290,"reactiontime":0}]' (Thread[AWT-EventQueue-0,6,main])
Hue: Not authenticated; queueing command. (Thread[AWT-EventQueue-0,6,main])
Hue: Hue.js: issueCommand(): '[{"id":7,"on":true,"hue":24934,"sat":138,"bri":240,"reactiontime":0},{"id":8,"on":true,"hue":24934,"sat":138,"bri":240,"reactiontime":0},{"id":9,"on":true,"hue":24934,"sat":138,"bri":240,"reactiontime":0}]' (Thread[AWT-EventQueue-0,6,main])
Hue: Not authenticated; queueing command. (Thread[AWT-EventQueue-0,6,main])
Hue: Hue.js: issueCommand(): '[{"id":7,"on":true,"hue":31974,"sat":143,"bri":267,"reactiontime":0},{"id":8,"on":true,"hue":31974,"sat":143,"bri":267,"reactiontime":0},{"id":9,"on":true,"hue":31974,"sat":143,"bri":267,"reactiontime":0}]' (Thread[AWT-EventQueue-0,6,main])
Hue: Not authenticated; queueing command. (Thread[AWT-EventQueue-0,6,main])
Hue: Hue.js: issueCommand(): '[{"id":7,"on":true,"hue":28063,"sat":131,"bri":282,"reactiontime":0},{"id":8,"on":true,"hue":28063,"sat":131,"bri":282,"reactiontime":0},{"id":9,"on":true,"hue":28063,"sat":131,"bri":282,"reactiontime":0}]' (Thread[AWT-EventQueue-0,6,main])
Hue: Not authenticated; queueing command. (Thread[AWT-EventQueue-0,6,main])
Hue: Hue.js: issueCommand(): '[{"id":7,"on":true,"hue":42925,"sat":155,"bri":210,"reactiontime":0},{"id":8,"on":true,"hue":42925,"sat":155,"bri":210,"reactiontime":0},{"id":9,"on":true,"hue":42925,"sat":155,"bri":210,"reactiontime":0}]' (Thread[AWT-EventQueue-0,6,main])
Hue: Not authenticated; queueing command. (Thread[AWT-EventQueue-0,6,main])
Hue: Hue.js: issueCommand(): '[{"id":7,"on":true,"hue":30898,"sat":149,"bri":209,"reactiontime":0},{"id":8,"on":true,"hue":30898,"sat":149,"bri":209,"reactiontime":0},{"id":9,"on":true,"hue":30898,"sat":149,"bri":209,"reactiontime":0}]' (Thread[AWT-EventQueue-0,6,main])
Hue: Not authenticated; queueing command. (Thread[AWT-EventQueue-0,6,main])
Hue: Hue.js: issueCommand(): '[{"id":7,"on":true,"hue":38525,"sat":109,"bri":243,"reactiontime":0},{"id":8,"on":true,"hue":38525,"sat":109,"bri":243,"reactiontime":0},{"id":9,"on":true,"hue":38525,"sat":109,"bri":243,"reactiontime":0}]' (Thread[AWT-EventQueue-0,6,main])
Hue: Not authenticated; queueing command. (Thread[AWT-EventQueue-0,6,main])
Hue: Hue.js: issueCommand(): '[{"id":7,"on":true,"hue":40872,"sat":126,"bri":138,"reactiontime":0},{"id":8,"on":true,"hue":40872,"sat":126,"bri":138,"reactiontime":0},{"id":9,"on":true,"hue":40872,"sat":126,"bri":138,"reactiontime":0}]' (Thread[AWT-EventQueue-0,6,main])
Hue: Not authenticated; queueing command. (Thread[AWT-EventQueue-0,6,main])
Hue: Hue.js: issueCommand(): '[{"id":7,"on":true,"hue":37450,"sat":150,"bri":214,"reactiontime":0},{"id":8,"on":true,"hue":37450,"sat":150,"bri":214,"reactiontime":0},{"id":9,"on":true,"hue":37450,"sat":150,"bri":214,"reactiontime":0}]' (Thread[AWT-EventQueue-0,6,main])
Hue: Not authenticated; queueing command. (Thread[AWT-EventQueue-0,6,main])
Hue: Hue.js: issueCommand(): '[{"id":7,"on":true,"hue":30996,"sat":155,"bri":274,"reactiontime":0},{"id":8,"on":true,"hue":30996,"sat":155,"bri":274,"reactiontime":0},{"id":9,"on":true,"hue":30996,"sat":155,"bri":274,"reactiontime":0}]' (Thread[AWT-EventQueue-0,6,main])
Hue: Not authenticated; queueing command. (Thread[AWT-EventQueue-0,6,main])
Hue: Hue.js: issueCommand(): '[{"id":7,"on":true,"hue":35592,"sat":122,"bri":186,"reactiontime":0},{"id":8,"on":true,"hue":35592,"sat":122,"bri":186,"reactiontime":0},{"id":9,"on":true,"hue":35592,"sat":122,"bri":186,"reactiontime":0}]' (Thread[AWT-EventQueue-0,6,main])
Hue: Not authenticated; queueing command. (Thread[AWT-EventQueue-0,6,main])
Hue: Hue.js: issueCommand(): '[{"id":7,"on":true,"hue":34419,"sat":141,"bri":252,"reactiontime":0},{"id":8,"on":true,"hue":34419,"sat":141,"bri":252,"reactiontime":0},{"id":9,"on":true,"hue":34419,"sat":141,"bri":252,"reactiontime":0}]' (Thread[AWT-EventQueue-0,6,main])
Hue: Not authenticated; queueing command. (Thread[AWT-EventQueue-0,6,main])
Hue: Hue.js: issueCommand(): '[{"id":7,"on":true,"hue":24347,"sat":132,"bri":100,"reactiontime":0},{"id":8,"on":true,"hue":24347,"sat":132,"bri":100,"reactiontime":0},{"id":9,"on":true,"hue":24347,"sat":132,"bri":100,"reactiontime":0}]' (Thread[AWT-EventQueue-0,6,main])
Hue: Not authenticated; queueing command. (Thread[AWT-EventQueue-0,6,main])
Hue: Hue.js: issueCommand(): '[{"id":7,"on":true,"hue":34419,"sat":155,"bri":298,"reactiontime":0},{"id":8,"on":true,"hue":34419,"sat":155,"bri":298,"reactiontime":0},{"id":9,"on":true,"hue":34419,"sat":155,"bri":298,"reactiontime":0}]' (Thread[AWT-EventQueue-0,6,main])
Hue: Not authenticated; queueing command. (Thread[AWT-EventQueue-0,6,main])
Hue: Hue.js: issueCommand(): '[{"id":7,"on":true,"hue":29334,"sat":139,"bri":295,"reactiontime":0},{"id":8,"on":true,"hue":29334,"sat":139,"bri":295,"reactiontime":0},{"id":9,"on":true,"hue":29334,"sat":139,"bri":295,"reactiontime":0}]' (Thread[AWT-EventQueue-0,6,main])
Hue: Not authenticated; queueing command. (Thread[AWT-EventQueue-0,6,main])
Hue: Hue.js: issueCommand(): '[{"id":7,"on":true,"hue":24836,"sat":127,"bri":188,"reactiontime":0},{"id":8,"on":true,"hue":24836,"sat":127,"bri":188,"reactiontime":0},{"id":9,"on":true,"hue":24836,"sat":127,"bri":188,"reactiontime":0}]' (Thread[AWT-EventQueue-0,6,main])
Hue: Not authenticated; queueing command. (Thread[AWT-EventQueue-0,6,main])
Hue: Hue.js: issueCommand(): '[{"id":7,"on":true,"hue":32952,"sat":149,"bri":324,"reactiontime":0},{"id":8,"on":true,"hue":32952,"sat":149,"bri":324,"reactiontime":0},{"id":9,"on":true,"hue":32952,"sat":149,"bri":324,"reactiontime":0}]' (Thread[AWT-EventQueue-0,6,main])
Hue: Not authenticated; queueing command. (Thread[AWT-EventQueue-0,6,main])
Hue: Hue.js: issueCommand(): '[{"id":7,"on":true,"hue":34614,"sat":168,"bri":138,"reactiontime":0},{"id":8,"on":true,"hue":34614,"sat":168,"bri":138,"reactiontime":0},{"id":9,"on":true,"hue":34614,"sat":168,"bri":138,"reactiontime":0}]' (Thread[AWT-EventQueue-0,6,main])
Hue: Not authenticated; queueing command. (Thread[AWT-EventQueue-0,6,main])
Hue: Hue.js: issueCommand(): '[{"id":7,"on":true,"hue":35885,"sat":160,"bri":285,"reactiontime":0},{"id":8,"on":true,"hue":35885,"sat":160,"bri":285,"reactiontime":0},{"id":9,"on":true,"hue":35885,"sat":160,"bri":285,"reactiontime":0}]' (Thread[AWT-EventQueue-0,6,main])
Hue: Not authenticated; queueing command. (Thread[AWT-EventQueue-0,6,main])
Hue: Hue.js: issueCommand(): '[{"id":7,"on":true,"hue":44979,"sat":194,"bri":85,"reactiontime":0},{"id":8,"on":true,"hue":44979,"sat":194,"bri":85,"reactiontime":0},{"id":9,"on":true,"hue":44979,"sat":194,"bri":85,"reactiontime":0}]' (Thread[AWT-EventQueue-0,6,main])
Hue: Not authenticated; queueing command. (Thread[AWT-EventQueue-0,6,main])
Hue: Hue.js: issueCommand(): '[{"id":7,"on":true,"hue":33147,"sat":158,"bri":161,"reactiontime":0},{"id":8,"on":true,"hue":33147,"sat":158,"bri":161,"reactiontime":0},{"id":9,"on":true,"hue":33147,"sat":158,"bri":161,"reactiontime":0}]' (Thread[AWT-EventQueue-0,6,main])
Hue: Not authenticated; queueing command. (Thread[AWT-EventQueue-0,6,main])
Hue: Hue.js: issueCommand(): '[{"id":7,"on":true,"hue":31485,"sat":150,"bri":225,"reactiontime":0},{"id":8,"on":true,"hue":31485,"sat":150,"bri":225,"reactiontime":0},{"id":9,"on":true,"hue":31485,"sat":150,"bri":225,"reactiontime":0}]' (Thread[AWT-EventQueue-0,6,main])
Hue: Not authenticated; queueing command. (Thread[AWT-EventQueue-0,6,main])
Hue: Hue.js: issueCommand(): '[{"id":7,"on":true,"hue":33930,"sat":128,"bri":167,"reactiontime":0},{"id":8,"on":true,"hue":33930,"sat":128,"bri":167,"reactiontime":0},{"id":9,"on":true,"hue":33930,"sat":128,"bri":167,"reactiontime":0}]' (Thread[AWT-EventQueue-0,6,main])
Hue: Not authenticated; queueing command. (Thread[AWT-EventQueue-0,6,main])
Hue: Hue.js: issueCommand(): '[{"id":7,"on":true,"hue":30898,"sat":134,"bri":270,"reactiontime":0},{"id":8,"on":true,"hue":30898,"sat":134,"bri":270,"reactiontime":0},{"id":9,"on":true,"hue":30898,"sat":134,"bri":270,"reactiontime":0}]' (Thread[AWT-EventQueue-0,6,main])
Hue: Not authenticated; queueing command. (Thread[AWT-EventQueue-0,6,main])
ExportHTMLTimer went off after 30000 ms., calling getDirector().finish and getDirector().stopFire()
32172 ms. Memory: 2318848K Free: 1461548K (63%)
Exported /home/travis/build/icyphy/ptII/org/terraswarm/accessor/demo/Hue/MotionLights/index.html
39859 ms. Memory: 2318848K Free: 1416542K (61%)
####### 77 Mon May 28 01:47:00 UTC 2018 $PTII/bin/ptinvoke ptolemy.vergil.basic.export.ExportModel -force htm -run -openComposites -timeOut 30000 -whiteBackground org/terraswarm/accessor/demo/Hue/OccupancyLights.xml $PTII/org/terraswarm/accessor/demo/Hue/OccupancyLights
Running .OccupancyLights
Hue2: Attempting to connect to: http://10.0.0.235/api/ZAjh9AYL6s795RlqgaW0CzupRXrdpSQIqfyOnVyk/lights/ (Thread[AWT-EventQueue-0,6,main])
Hue2: Making an HTTP request. (Thread[AWT-EventQueue-0,6,main])
Hue2: Hue.js: issueCommand(): '[{"id":"2","on":false}]' (Thread[AWT-EventQueue-0,6,main])
Hue2: Not authenticated; queueing command. (Thread[AWT-EventQueue-0,6,main])
Hue2: Hue.js: issueCommand(): '[{"id":"2","on":false}]' (Thread[AWT-EventQueue-0,6,main])
Hue2: Not authenticated; queueing command. (Thread[AWT-EventQueue-0,6,main])
Hue2: Hue.js: issueCommand(): '[{"id":"2","on":false}]' (Thread[AWT-EventQueue-0,6,main])
Hue2: Not authenticated; queueing command. (Thread[AWT-EventQueue-0,6,main])
Hue2: Hue.js: issueCommand(): '[{"id":"2","on":false}]' (Thread[AWT-EventQueue-0,6,main])
Hue2: Not authenticated; queueing command. (Thread[AWT-EventQueue-0,6,main])
Hue2: Hue.js: issueCommand(): '[{"id":"2","on":false}]' (Thread[AWT-EventQueue-0,6,main])
Hue2: Not authenticated; queueing command. (Thread[AWT-EventQueue-0,6,main])
Hue2: Hue.js: issueCommand(): '[{"id":"2","on":false}]' (Thread[AWT-EventQueue-0,6,main])
Hue2: Not authenticated; queueing command. (Thread[AWT-EventQueue-0,6,main])
Hue2: Hue.js: issueCommand(): '[{"id":"2","on":false}]' (Thread[AWT-EventQueue-0,6,main])
Hue2: Not authenticated; queueing command. (Thread[AWT-EventQueue-0,6,main])
ExportHTMLTimer went off after 30000 ms., calling getDirector().finish and getDirector().stopFire()
ExportHTMLTimer went off after 60000 ms., calling manager.stop().
60078 ms. Memory: 2292224K Free: 675559K (29%)
Exported /home/travis/build/icyphy/ptII/org/terraswarm/accessor/demo/Hue/OccupancyLights/index.html
68458 ms. Memory: 2292224K Free: 634385K (28%)
####### 78 Mon May 28 01:48:08 UTC 2018 $PTII/bin/ptinvoke ptolemy.vergil.basic.export.ExportModel -force htm -run -openComposites -timeOut 30000 -whiteBackground org/terraswarm/accessor/demo/Lifx/Lifx.xml $PTII/org/terraswarm/accessor/demo/Lifx/Lifx
Running .Lifx
Lifx: bind success (Thread[AWT-EventQueue-0,6,main])
Lifx: listening: true (Thread[AWT-EventQueue-0,6,main])
Lifx: Start discovery: Broadcast at 255.255.255.255:56700... undefined (Thread[vert.x-eventloop-thread-2,6,main])
Lifx: Start discovery: Broadcast at 255.255.255.255:56700... undefined (Thread[vert.x-eventloop-thread-2,6,main])
Lifx: Start discovery: Broadcast at 255.255.255.255:56700... undefined (Thread[vert.x-eventloop-thread-2,6,main])
Lifx: Start discovery: Broadcast at 255.255.255.255:56700... undefined (Thread[vert.x-eventloop-thread-2,6,main])
20353 ms. Memory: 2285056K Free: 834409K (37%)
Exported /home/travis/build/icyphy/ptII/org/terraswarm/accessor/demo/Lifx/Lifx/index.html
29132 ms. Memory: 2285056K Free: 786530K (34%)
####### 79 Mon May 28 01:48:37 UTC 2018 $PTII/bin/ptinvoke ptolemy.vergil.basic.export.ExportModel -force htm -run -openComposites -timeOut 30000 -whiteBackground org/terraswarm/accessor/demo/NaturalLanguage/NaturalLanguage.xml $PTII/org/terraswarm/accessor/demo/NaturalLanguage/NaturalLanguage
Running .NaturalLanguage
NaturalLanguage: Making an HTTP request. (Thread[AWT-EventQueue-0,6,main])
NaturalLanguage: Making an HTTP request. (Thread[AWT-EventQueue-0,6,main])
NaturalLanguage: Making an HTTP request. (Thread[AWT-EventQueue-0,6,main])
12750 ms. Memory: 2319872K Free: 565849K (24%)
Exported /home/travis/build/icyphy/ptII/org/terraswarm/accessor/demo/NaturalLanguage/NaturalLanguage/index.html
21031 ms. Memory: 2319872K Free: 531408K (23%)
####### 80 Mon May 28 01:48:58 UTC 2018 $PTII/bin/ptinvoke ptolemy.vergil.basic.export.ExportModel -force htm -run -openComposites -timeOut 30000 -whiteBackground org/terraswarm/accessor/demo/Scarab/Scarab.xml $PTII/org/terraswarm/accessor/demo/Scarab/Scarab
Running .Scarab
Scarab: Connection failed. Will try again: connection timed out: /192.168.0.111:9090 (Thread[vert.x-eventloop-thread-2,6,main])
Scarab: Connection failed. Will try again: connection timed out: /192.168.0.111:9090 (Thread[vert.x-eventloop-thread-2,6,main])
Scarab: Connection failed. Will try again: connection timed out: /192.168.0.111:9090 (Thread[vert.x-eventloop-thread-2,6,main])
Scarab: Connection failed. Will try again: connection timed out: /192.168.0.111:9090 (Thread[vert.x-eventloop-thread-2,6,main])
Scarab: Connection failed. Will try again: connection timed out: /192.168.0.111:9090 (Thread[vert.x-eventloop-thread-2,6,main])
Scarab: Connection failed. Will try again: connection timed out: /192.168.0.111:9090 (Thread[vert.x-eventloop-thread-2,6,main])
Scarab: Connection failed. Will try again: connection timed out: /192.168.0.111:9090 (Thread[vert.x-eventloop-thread-2,6,main])
Scarab: Connection failed. Will try again: connection timed out: /192.168.0.111:9090 (Thread[vert.x-eventloop-thread-2,6,main])
Scarab: Connection failed. Will try again: connection timed out: /192.168.0.111:9090 (Thread[vert.x-eventloop-thread-2,6,main])
Scarab: Connection failed. Will try again: connection timed out: /192.168.0.111:9090 (Thread[vert.x-eventloop-thread-2,6,main])
Scarab: Connection failed. Will try again: connection timed out: /192.168.0.111:9090 (Thread[vert.x-eventloop-thread-2,6,main])
Scarab: Connection failed. Will try again: connection timed out: /192.168.0.111:9090 (Thread[vert.x-eventloop-thread-2,6,main])
Scarab: Sending over socket: {"op":"publish","topic":"/scarab/lucy/cmd_vel","msg":{"angular":{"x":0,"y":0,"z":0},"linear":{"x":0,"y":0,"z":0}}} (Thread[AWT-EventQueue-0,6,main])
Scarab: Sending over socket: {"op":"publish","topic":"/scarab/lucy/cmd_vel","msg":{"angular":{"x":0,"y":0,"z":0},"linear":{"x":0,"y":0,"z":0}}} (Thread[AWT-EventQueue-0,6,main])
Scarab: Sending over socket: {"op":"publish","topic":"/scarab/lucy/cmd_vel","msg":{"angular":{"x":0,"y":0,"z":-1.2791349283854168},"linear":{"x":0,"y":0,"z":0}}} (Thread[AWT-EventQueue-0,6,main])
Scarab: Sending over socket: {"op":"publish","topic":"/scarab/lucy/cmd_vel","msg":{"angular":{"x":0,"y":0,"z":-2.7586151123046876},"linear":{"x":0,"y":0,"z":0}}} (Thread[AWT-EventQueue-0,6,main])
Scarab: Sending over socket: {"op":"publish","topic":"/scarab/lucy/cmd_vel","msg":{"angular":{"x":0,"y":0,"z":-0.9583642578125001},"linear":{"x":0,"y":0,"z":0}}} (Thread[AWT-EventQueue-0,6,main])
Scarab: Sending over socket: {"op":"publish","topic":"/scarab/lucy/cmd_vel","msg":{"angular":{"x":0,"y":0,"z":-0.5047603352864584},"linear":{"x":0,"y":0,"z":0}}} (Thread[AWT-EventQueue-0,6,main])
Scarab: Sending over socket: {"op":"publish","topic":"/scarab/lucy/cmd_vel","msg":{"angular":{"x":0,"y":0,"z":-1.4516925048828127},"linear":{"x":0,"y":0,"z":0}}} (Thread[AWT-EventQueue-0,6,main])
Scarab: Sending over socket: {"op":"publish","topic":"/scarab/lucy/cmd_vel","msg":{"angular":{"x":0,"y":0,"z":1.4754107666015626},"linear":{"x":0,"y":0,"z":0}}} (Thread[AWT-EventQueue-0,6,main])
Scarab: Sending over socket: {"op":"publish","topic":"/scarab/lucy/cmd_vel","msg":{"angular":{"x":0,"y":0,"z":0.861492919921875},"linear":{"x":0,"y":0,"z":0}}} (Thread[AWT-EventQueue-0,6,main])
Scarab: Sending over socket: {"op":"publish","topic":"/scarab/lucy/cmd_vel","msg":{"angular":{"x":0,"y":0,"z":-0.35441894531250007},"linear":{"x":0,"y":0,"z":0}}} (Thread[AWT-EventQueue-0,6,main])
Scarab: Sending over socket: {"op":"publish","topic":"/scarab/lucy/cmd_vel","msg":{"angular":{"x":0,"y":0,"z":-0.88800048828125},"linear":{"x":0,"y":0,"z":0}}} (Thread[AWT-EventQueue-0,6,main])
Scarab: Sending over socket: {"op":"publish","topic":"/scarab/lucy/cmd_vel","msg":{"angular":{"x":0,"y":0,"z":-1.6583923339843754},"linear":{"x":0,"y":0,"z":0}}} (Thread[AWT-EventQueue-0,6,main])
Scarab: Sending over socket: {"op":"publish","topic":"/scarab/lucy/cmd_vel","msg":{"angular":{"x":0,"y":0,"z":0.5672131347656251},"linear":{"x":0,"y":0,"z":0}}} (Thread[AWT-EventQueue-0,6,main])
Scarab: Sending over socket: {"op":"publish","topic":"/scarab/lucy/cmd_vel","msg":{"angular":{"x":0,"y":0,"z":1.5798260498046877},"linear":{"x":0,"y":0,"z":0}}} (Thread[AWT-EventQueue-0,6,main])
Scarab: Sending over socket: {"op":"publish","topic":"/scarab/lucy/cmd_vel","msg":{"angular":{"x":0,"y":0,"z":0.5757242838541667},"linear":{"x":0,"y":0,"z":0}}} (Thread[AWT-EventQueue-0,6,main])
Scarab: Sending over socket: {"op":"publish","topic":"/scarab/lucy/cmd_vel","msg":{"angular":{"x":0,"y":0,"z":0.47754923502604163},"linear":{"x":0,"y":0,"z":0}}} (Thread[AWT-EventQueue-0,6,main])
Scarab: Sending over socket: {"op":"publish","topic":"/scarab/lucy/cmd_vel","msg":{"angular":{"x":0,"y":0,"z":0.7701253255208333},"linear":{"x":0,"y":0,"z":0}}} (Thread[AWT-EventQueue-0,6,main])
Scarab: Sending over socket: {"op":"publish","topic":"/scarab/lucy/cmd_vel","msg":{"angular":{"x":0,"y":0,"z":-0.561494140625},"linear":{"x":0,"y":0,"z":0}}} (Thread[AWT-EventQueue-0,6,main])
Scarab: Sending over socket: {"op":"publish","topic":"/scarab/lucy/cmd_vel","msg":{"angular":{"x":0,"y":0,"z":-0.31292358398437503},"linear":{"x":0,"y":0,"z":0}}} (Thread[AWT-EventQueue-0,6,main])
Scarab: Sending over socket: {"op":"publish","topic":"/scarab/lucy/cmd_vel","msg":{"angular":{"x":0,"y":0,"z":-2.404913736979167},"linear":{"x":0,"y":0,"z":0}}} (Thread[AWT-EventQueue-0,6,main])
Scarab: Sending over socket: {"op":"publish","topic":"/scarab/lucy/cmd_vel","msg":{"angular":{"x":0,"y":0,"z":-1.4313427734375002},"linear":{"x":0,"y":0,"z":0}}} (Thread[AWT-EventQueue-0,6,main])
Scarab: Sending over socket: {"op":"publish","topic":"/scarab/lucy/cmd_vel","msg":{"angular":{"x":0,"y":0,"z":-1.7515637207031252},"linear":{"x":0,"y":0,"z":0}}} (Thread[AWT-EventQueue-0,6,main])
Scarab: Connection failed. Will try again: connection timed out: /192.168.0.111:9090 (Thread[vert.x-eventloop-thread-2,6,main])
Scarab: Connection failed. Will try again: connection timed out: /192.168.0.111:9090 (Thread[vert.x-eventloop-thread-2,6,main])
Scarab: Connection failed. Will try again: connection timed out: /192.168.0.111:9090 (Thread[vert.x-eventloop-thread-2,6,main])
Scarab: Connection failed. Will try again: connection timed out: /192.168.0.111:9090 (Thread[vert.x-eventloop-thread-2,6,main])
Scarab: Connection failed. Will try again: connection timed out: /192.168.0.111:9090 (Thread[vert.x-eventloop-thread-2,6,main])
Scarab: Sending over socket: {"op":"publish","topic":"/scarab/lucy/cmd_vel","msg":{"angular":{"x":0,"y":0,"z":-0.97056640625},"linear":{"x":0,"y":0,"z":0}}} (Thread[AWT-EventQueue-0,6,main])
Scarab: Connection failed. Will try again: connection timed out: /192.168.0.111:9090 (Thread[vert.x-eventloop-thread-2,6,main])
Scarab: Sending over socket: {"op":"publish","topic":"/scarab/lucy/cmd_vel","msg":{"angular":{"x":0,"y":0,"z":0.3251560465494791},"linear":{"x":0,"y":0,"z":0}}} (Thread[AWT-EventQueue-0,6,main])
Scarab: Sending over socket: {"op":"publish","topic":"/scarab/lucy/cmd_vel","msg":{"angular":{"x":0,"y":0,"z":-0.862152099609375},"linear":{"x":0,"y":0,"z":0}}} (Thread[AWT-EventQueue-0,6,main])
Scarab: Sending over socket: {"op":"publish","topic":"/scarab/lucy/cmd_vel","msg":{"angular":{"x":0,"y":0,"z":2.3899861653645837},"linear":{"x":0,"y":0,"z":0}}} (Thread[AWT-EventQueue-0,6,main])
Scarab: Sending over socket: {"op":"publish","topic":"/scarab/lucy/cmd_vel","msg":{"angular":{"x":0,"y":0,"z":3.01914306640625},"linear":{"x":0,"y":0,"z":0}}} (Thread[AWT-EventQueue-0,6,main])
Scarab: Sending over socket: {"op":"publish","topic":"/scarab/lucy/cmd_vel","msg":{"angular":{"x":0,"y":0,"z":2.143470052083334},"linear":{"x":0,"y":0,"z":0}}} (Thread[AWT-EventQueue-0,6,main])
Scarab: Sending over socket: {"op":"publish","topic":"/scarab/lucy/cmd_vel","msg":{"angular":{"x":0,"y":0,"z":1.8770345052083335},"linear":{"x":0,"y":0,"z":0}}} (Thread[AWT-EventQueue-0,6,main])
Scarab: Sending over socket: {"op":"publish","topic":"/scarab/lucy/cmd_vel","msg":{"angular":{"x":0,"y":0,"z":0.8525028483072917},"linear":{"x":0,"y":0,"z":0}}} (Thread[AWT-EventQueue-0,6,main])
Scarab: Sending over socket: {"op":"publish","topic":"/scarab/lucy/cmd_vel","msg":{"angular":{"x":0,"y":0,"z":-0.6992962646484375},"linear":{"x":0,"y":0,"z":0}}} (Thread[AWT-EventQueue-0,6,main])
Scarab: Sending over socket: {"op":"publish","topic":"/scarab/lucy/cmd_vel","msg":{"angular":{"x":0,"y":0,"z":0},"linear":{"x":0,"y":0,"z":0}}} (Thread[AWT-EventQueue-0,6,main])
Scarab: Sending over socket: {"op":"publish","topic":"/scarab/lucy/cmd_vel","msg":{"angular":{"x":0,"y":0,"z":-0.35381510416666667},"linear":{"x":0,"y":0,"z":0}}} (Thread[AWT-EventQueue-0,6,main])
Scarab: Sending over socket: {"op":"publish","topic":"/scarab/lucy/cmd_vel","msg":{"angular":{"x":0,"y":0,"z":-1.2122869873046878},"linear":{"x":0,"y":0,"z":0}}} (Thread[AWT-EventQueue-0,6,main])
Scarab: Connection failed. Will try again: connection timed out: /192.168.0.111:9090 (Thread[vert.x-eventloop-thread-2,6,main])
Scarab: Connection failed. Will try again: connection timed out: /192.168.0.111:9090 (Thread[vert.x-eventloop-thread-2,6,main])
Scarab: Connection failed. Will try again: connection timed out: /192.168.0.111:9090 (Thread[vert.x-eventloop-thread-2,6,main])
Scarab: Connection failed. Will try again: connection timed out: /192.168.0.111:9090 (Thread[vert.x-eventloop-thread-2,6,main])
Scarab: Connection failed. Will try again: connection timed out: /192.168.0.111:9090 (Thread[vert.x-eventloop-thread-2,6,main])
Scarab: Connection failed. Will try again: connection timed out: /192.168.0.111:9090 (Thread[vert.x-eventloop-thread-2,6,main])
Scarab: Sending over socket: {"op":"publish","topic":"/scarab/lucy/cmd_vel","msg":{"angular":{"x":0,"y":0,"z":1.6938427734375001},"linear":{"x":0,"y":0,"z":0}}} (Thread[AWT-EventQueue-0,6,main])
Scarab: Sending over socket: {"op":"publish","topic":"/scarab/lucy/cmd_vel","msg":{"angular":{"x":0,"y":0,"z":3.0518658447265627},"linear":{"x":0,"y":0,"z":0}}} (Thread[AWT-EventQueue-0,6,main])
Scarab: Sending over socket: {"op":"publish","topic":"/scarab/lucy/cmd_vel","msg":{"angular":{"x":0,"y":0,"z":-1.767426554361979},"linear":{"x":0,"y":0,"z":0}}} (Thread[AWT-EventQueue-0,6,main])
Scarab: Sending over socket: {"op":"publish","topic":"/scarab/lucy/cmd_vel","msg":{"angular":{"x":0,"y":0,"z":0.4840240478515626},"linear":{"x":0,"y":0,"z":0}}} (Thread[AWT-EventQueue-0,6,main])
Scarab: Sending over socket: {"op":"publish","topic":"/scarab/lucy/cmd_vel","msg":{"angular":{"x":0,"y":0,"z":2.3452465820312502},"linear":{"x":0,"y":0,"z":0}}} (Thread[AWT-EventQueue-0,6,main])
Scarab: Sending over socket: {"op":"publish","topic":"/scarab/lucy/cmd_vel","msg":{"angular":{"x":0,"y":0,"z":0.0254736328125},"linear":{"x":0,"y":0,"z":0}}} (Thread[AWT-EventQueue-0,6,main])
Scarab: Sending over socket: {"op":"publish","topic":"/scarab/lucy/cmd_vel","msg":{"angular":{"x":0,"y":0,"z":-0.990826416015625},"linear":{"x":0,"y":0,"z":0}}} (Thread[AWT-EventQueue-0,6,main])
Scarab: Sending over socket: {"op":"publish","topic":"/scarab/lucy/cmd_vel","msg":{"angular":{"x":0,"y":0,"z":0.677255859375},"linear":{"x":0,"y":0,"z":0}}} (Thread[AWT-EventQueue-0,6,main])
Scarab: Sending over socket: {"op":"publish","topic":"/scarab/lucy/cmd_vel","msg":{"angular":{"x":0,"y":0,"z":0.3844537353515625},"linear":{"x":0,"y":0,"z":0}}} (Thread[AWT-EventQueue-0,6,main])
Scarab: Sending over socket: {"op":"publish","topic":"/scarab/lucy/cmd_vel","msg":{"angular":{"x":0,"y":0,"z":0.8977864583333334},"linear":{"x":0,"y":0,"z":0}}} (Thread[AWT-EventQueue-0,6,main])
Scarab: Sending over socket: {"op":"publish","topic":"/scarab/lucy/cmd_vel","msg":{"angular":{"x":0,"y":0,"z":-0.166751708984375},"linear":{"x":0,"y":0,"z":0}}} (Thread[AWT-EventQueue-0,6,main])
Scarab: Sending over socket: {"op":"publish","topic":"/scarab/lucy/cmd_vel","msg":{"angular":{"x":0,"y":0,"z":-1.4108935546875},"linear":{"x":0,"y":0,"z":0}}} (Thread[AWT-EventQueue-0,6,main])
Scarab: Sending over socket: {"op":"publish","topic":"/scarab/lucy/cmd_vel","msg":{"angular":{"x":0,"y":0,"z":-1.3245735677083335},"linear":{"x":0,"y":0,"z":0}}} (Thread[AWT-EventQueue-0,6,main])
Scarab: Sending over socket: {"op":"publish","topic":"/scarab/lucy/cmd_vel","msg":{"angular":{"x":0,"y":0,"z":-1.3331966145833332},"linear":{"x":0,"y":0,"z":0}}} (Thread[AWT-EventQueue-0,6,main])
Scarab: Connection failed. Will try again: connection timed out: /192.168.0.111:9090 (Thread[vert.x-eventloop-thread-2,6,main])
Scarab: Connection failed. Will try again: connection timed out: /192.168.0.111:9090 (Thread[vert.x-eventloop-thread-2,6,main])
Scarab: Connection failed. Will try again: connection timed out: /192.168.0.111:9090 (Thread[vert.x-eventloop-thread-2,6,main])
Scarab: Sending over socket: {"op":"publish","topic":"/scarab/lucy/cmd_vel","msg":{"angular":{"x":0,"y":0,"z":0.7825907389322917},"linear":{"x":0,"y":0,"z":0}}} (Thread[AWT-EventQueue-0,6,main])
Scarab: Connection failed. Will try again: connection timed out: /192.168.0.111:9090 (Thread[vert.x-eventloop-thread-2,6,main])
Scarab: Connection failed. Will try again: connection timed out: /192.168.0.111:9090 (Thread[vert.x-eventloop-thread-2,6,main])
Scarab: Connection failed. Will try again: connection timed out: /192.168.0.111:9090 (Thread[vert.x-eventloop-thread-2,6,main])
Scarab: Sending over socket: {"op":"publish","topic":"/scarab/lucy/cmd_vel","msg":{"angular":{"x":0,"y":0,"z":-1.448315633138021},"linear":{"x":0,"y":0,"z":0}}} (Thread[AWT-EventQueue-0,6,main])
Scarab: Sending over socket: {"op":"publish","topic":"/scarab/lucy/cmd_vel","msg":{"angular":{"x":0,"y":0,"z":-1.7469392903645833},"linear":{"x":0,"y":0,"z":0}}} (Thread[AWT-EventQueue-0,6,main])
Scarab: Sending over socket: {"op":"publish","topic":"/scarab/lucy/cmd_vel","msg":{"angular":{"x":0,"y":0,"z":-2.25091552734375},"linear":{"x":0,"y":0,"z":0}}} (Thread[AWT-EventQueue-0,6,main])
Scarab: Sending over socket: {"op":"publish","topic":"/scarab/lucy/cmd_vel","msg":{"angular":{"x":0,"y":0,"z":-1.515103963216146},"linear":{"x":0,"y":0,"z":0}}} (Thread[AWT-EventQueue-0,6,main])
Scarab: Sending over socket: {"op":"publish","topic":"/scarab/lucy/cmd_vel","msg":{"angular":{"x":0,"y":0,"z":0.5835333251953125},"linear":{"x":0,"y":0,"z":0}}} (Thread[AWT-EventQueue-0,6,main])
Scarab: Sending over socket: {"op":"publish","topic":"/scarab/lucy/cmd_vel","msg":{"angular":{"x":0,"y":0,"z":-0.49887817382812505},"linear":{"x":0,"y":0,"z":0}}} (Thread[AWT-EventQueue-0,6,main])
Scarab: Sending over socket: {"op":"publish","topic":"/scarab/lucy/cmd_vel","msg":{"angular":{"x":0,"y":0,"z":-0.5658528645833333},"linear":{"x":0,"y":0,"z":0}}} (Thread[AWT-EventQueue-0,6,main])
Scarab: Sending over socket: {"op":"publish","topic":"/scarab/lucy/cmd_vel","msg":{"angular":{"x":0,"y":0,"z":-1.020521240234375},"linear":{"x":0,"y":0,"z":0}}} (Thread[AWT-EventQueue-0,6,main])
Scarab: Sending over socket: {"op":"publish","topic":"/scarab/lucy/cmd_vel","msg":{"angular":{"x":0,"y":0,"z":-0.4702453613281251},"linear":{"x":0,"y":0,"z":0}}} (Thread[AWT-EventQueue-0,6,main])
Scarab: Sending over socket: {"op":"publish","topic":"/scarab/lucy/cmd_vel","msg":{"angular":{"x":0,"y":0,"z":0.259228515625},"linear":{"x":0,"y":0,"z":0}}} (Thread[AWT-EventQueue-0,6,main])
Scarab: Sending over socket: {"op":"publish","topic":"/scarab/lucy/cmd_vel","msg":{"angular":{"x":0,"y":0,"z":1.7645178222656253},"linear":{"x":0,"y":0,"z":0}}} (Thread[AWT-EventQueue-0,6,main])
Scarab: Sending over socket: {"op":"publish","topic":"/scarab/lucy/cmd_vel","msg":{"angular":{"x":0,"y":0,"z":1.1626904296875},"linear":{"x":0,"y":0,"z":0}}} (Thread[AWT-EventQueue-0,6,main])
Scarab: Sending over socket: {"op":"publish","topic":"/scarab/lucy/cmd_vel","msg":{"angular":{"x":0,"y":0,"z":0.3815445963541667},"linear":{"x":0,"y":0,"z":0}}} (Thread[AWT-EventQueue-0,6,main])
Scarab: Sending over socket: {"op":"publish","topic":"/scarab/lucy/cmd_vel","msg":{"angular":{"x":0,"y":0,"z":-1.7439973958333337},"linear":{"x":0,"y":0,"z":0}}} (Thread[AWT-EventQueue-0,6,main])
Scarab: Connection failed. Will try again: connection timed out: /192.168.0.111:9090 (Thread[vert.x-eventloop-thread-2,6,main])
Scarab: Connection failed. Will try again: connection timed out: /192.168.0.111:9090 (Thread[vert.x-eventloop-thread-2,6,main])
Scarab: Connection failed. Will try again: connection timed out: /192.168.0.111:9090 (Thread[vert.x-eventloop-thread-2,6,main])
Scarab: Connection failed. Will try again: connection timed out: /192.168.0.111:9090 (Thread[vert.x-eventloop-thread-2,6,main])
Scarab: Connection failed. Will try again: connection timed out: /192.168.0.111:9090 (Thread[vert.x-eventloop-thread-2,6,main])
Scarab: Connection failed. Will try again: connection timed out: /192.168.0.111:9090 (Thread[vert.x-eventloop-thread-2,6,main])
Scarab: Sending over socket: {"op":"publish","topic":"/scarab/lucy/cmd_vel","msg":{"angular":{"x":0,"y":0,"z":1.43713623046875},"linear":{"x":0,"y":0,"z":0}}} (Thread[AWT-EventQueue-0,6,main])
Scarab: Sending over socket: {"op":"publish","topic":"/scarab/lucy/cmd_vel","msg":{"angular":{"x":0,"y":0,"z":-1.0651822916666667},"linear":{"x":0,"y":0,"z":0}}} (Thread[AWT-EventQueue-0,6,main])
Scarab: Sending over socket: {"op":"publish","topic":"/scarab/lucy/cmd_vel","msg":{"angular":{"x":0,"y":0,"z":-1.5855255126953127},"linear":{"x":0,"y":0,"z":0}}} (Thread[AWT-EventQueue-0,6,main])
Scarab: Sending over socket: {"op":"publish","topic":"/scarab/lucy/cmd_vel","msg":{"angular":{"x":0,"y":0,"z":0.58131103515625},"linear":{"x":0,"y":0,"z":0}}} (Thread[AWT-EventQueue-0,6,main])
Scarab: Sending over socket: {"op":"publish","topic":"/scarab/lucy/cmd_vel","msg":{"angular":{"x":0,"y":0,"z":1.859921671549479},"linear":{"x":0,"y":0,"z":0}}} (Thread[AWT-EventQueue-0,6,main])
Scarab: Sending over socket: {"op":"publish","topic":"/scarab/lucy/cmd_vel","msg":{"angular":{"x":0,"y":0,"z":2.9954890950520836},"linear":{"x":0,"y":0,"z":0}}} (Thread[AWT-EventQueue-0,6,main])
Scarab: Sending over socket: {"op":"publish","topic":"/scarab/lucy/cmd_vel","msg":{"angular":{"x":0,"y":0,"z":3.380942993164063},"linear":{"x":0,"y":0,"z":0}}} (Thread[AWT-EventQueue-0,6,main])
Scarab: Sending over socket: {"op":"publish","topic":"/scarab/lucy/cmd_vel","msg":{"angular":{"x":0,"y":0,"z":0.6196614583333334},"linear":{"x":0,"y":0,"z":0}}} (Thread[AWT-EventQueue-0,6,main])
Scarab: Sending over socket: {"op":"publish","topic":"/scarab/lucy/cmd_vel","msg":{"angular":{"x":0,"y":0,"z":0.5917838541666667},"linear":{"x":0,"y":0,"z":0}}} (Thread[AWT-EventQueue-0,6,main])
Scarab: Sending over socket: {"op":"publish","topic":"/scarab/lucy/cmd_vel","msg":{"angular":{"x":0,"y":0,"z":-0.15652404785156251},"linear":{"x":0,"y":0,"z":0}}} (Thread[AWT-EventQueue-0,6,main])
Scarab: Sending over socket: {"op":"publish","topic":"/scarab/lucy/cmd_vel","msg":{"angular":{"x":0,"y":0,"z":2.2685650634765624},"linear":{"x":0,"y":0,"z":0}}} (Thread[AWT-EventQueue-0,6,main])
Scarab: Sending over socket: {"op":"publish","topic":"/scarab/lucy/cmd_vel","msg":{"angular":{"x":0,"y":0,"z":-1.5959814453124999},"linear":{"x":0,"y":0,"z":0}}} (Thread[AWT-EventQueue-0,6,main])
Scarab: Sending over socket: {"op":"publish","topic":"/scarab/lucy/cmd_vel","msg":{"angular":{"x":0,"y":0,"z":0.5893326822916667},"linear":{"x":0,"y":0,"z":0}}} (Thread[AWT-EventQueue-0,6,main])
Scarab: Sending over socket: {"op":"publish","topic":"/scarab/lucy/cmd_vel","msg":{"angular":{"x":0,"y":0,"z":2.8671417236328125},"linear":{"x":0,"y":0,"z":0}}} (Thread[AWT-EventQueue-0,6,main])
Scarab: Connection failed. Will try again: connection timed out: /192.168.0.111:9090 (Thread[vert.x-eventloop-thread-2,6,main])
Scarab: Connection failed. Will try again: connection timed out: /192.168.0.111:9090 (Thread[vert.x-eventloop-thread-2,6,main])
Scarab: Connection failed. Will try again: connection timed out: /192.168.0.111:9090 (Thread[vert.x-eventloop-thread-2,6,main])
Scarab: Sending over socket: {"op":"publish","topic":"/scarab/lucy/cmd_vel","msg":{"angular":{"x":0,"y":0,"z":1.3689900716145833},"linear":{"x":0,"y":0,"z":0}}} (Thread[AWT-EventQueue-0,6,main])
Scarab: Connection failed. Will try again: connection timed out: /192.168.0.111:9090 (Thread[vert.x-eventloop-thread-2,6,main])
Scarab: Connection failed. Will try again: connection timed out: /192.168.0.111:9090 (Thread[vert.x-eventloop-thread-2,6,main])
Scarab: Connection failed. Will try again: connection timed out: /192.168.0.111:9090 (Thread[vert.x-eventloop-thread-2,6,main])
Scarab: Sending over socket: {"op":"publish","topic":"/scarab/lucy/cmd_vel","msg":{"angular":{"x":0,"y":0,"z":0.8994657389322918},"linear":{"x":0,"y":0,"z":0}}} (Thread[AWT-EventQueue-0,6,main])
Scarab: Sending over socket: {"op":"publish","topic":"/scarab/lucy/cmd_vel","msg":{"angular":{"x":0,"y":0,"z":-0.22038777669270834},"linear":{"x":0,"y":0,"z":0}}} (Thread[AWT-EventQueue-0,6,main])
Scarab: Sending over socket: {"op":"publish","topic":"/scarab/lucy/cmd_vel","msg":{"angular":{"x":0,"y":0,"z":0.6713806152343751},"linear":{"x":0,"y":0,"z":0}}} (Thread[AWT-EventQueue-0,6,main])
Scarab: Sending over socket: {"op":"publish","topic":"/scarab/lucy/cmd_vel","msg":{"angular":{"x":0,"y":0,"z":3.1027480061848958},"linear":{"x":0,"y":0,"z":0}}} (Thread[AWT-EventQueue-0,6,main])
Scarab: Sending over socket: {"op":"publish","topic":"/scarab/lucy/cmd_vel","msg":{"angular":{"x":0,"y":0,"z":1.3107421875000003},"linear":{"x":0,"y":0,"z":0}}} (Thread[AWT-EventQueue-0,6,main])
Scarab: Sending over socket: {"op":"publish","topic":"/scarab/lucy/cmd_vel","msg":{"angular":{"x":0,"y":0,"z":0.8531038411458333},"linear":{"x":0,"y":0,"z":0}}} (Thread[AWT-EventQueue-0,6,main])
Scarab: Sending over socket: {"op":"publish","topic":"/scarab/lucy/cmd_vel","msg":{"angular":{"x":0,"y":0,"z":0.938155517578125},"linear":{"x":0,"y":0,"z":0}}} (Thread[AWT-EventQueue-0,6,main])
Scarab: Sending over socket: {"op":"publish","topic":"/scarab/lucy/cmd_vel","msg":{"angular":{"x":0,"y":0,"z":1.751531982421875},"linear":{"x":0,"y":0,"z":0}}} (Thread[AWT-EventQueue-0,6,main])
Scarab: Sending over socket: {"op":"publish","topic":"/scarab/lucy/cmd_vel","msg":{"angular":{"x":0,"y":0,"z":1.4533262125651043},"linear":{"x":0,"y":0,"z":0}}} (Thread[AWT-EventQueue-0,6,main])
Scarab: Sending over socket: {"op":"publish","topic":"/scarab/lucy/cmd_vel","msg":{"angular":{"x":0,"y":0,"z":-0.7543888346354166},"linear":{"x":0,"y":0,"z":0}}} (Thread[AWT-EventQueue-0,6,main])
Scarab: Sending over socket: {"op":"publish","topic":"/scarab/lucy/cmd_vel","msg":{"angular":{"x":0,"y":0,"z":-0.6420182291666667},"linear":{"x":0,"y":0,"z":0}}} (Thread[AWT-EventQueue-0,6,main])
Scarab: Sending over socket: {"op":"publish","topic":"/scarab/lucy/cmd_vel","msg":{"angular":{"x":0,"y":0,"z":1.4481331380208335},"linear":{"x":0,"y":0,"z":0}}} (Thread[AWT-EventQueue-0,6,main])
Scarab: Sending over socket: {"op":"publish","topic":"/scarab/lucy/cmd_vel","msg":{"angular":{"x":0,"y":0,"z":1.3039892578125},"linear":{"x":0,"y":0,"z":0}}} (Thread[AWT-EventQueue-0,6,main])
Scarab: Sending over socket: {"op":"publish","topic":"/scarab/lucy/cmd_vel","msg":{"angular":{"x":0,"y":0,"z":-2.7869641113281247},"linear":{"x":0,"y":0,"z":0}}} (Thread[AWT-EventQueue-0,6,main])
Scarab: Connection failed. Will try again: connection timed out: /192.168.0.111:9090 (Thread[vert.x-eventloop-thread-2,6,main])
Scarab: Connection failed. Will try again: connection timed out: /192.168.0.111:9090 (Thread[vert.x-eventloop-thread-2,6,main])
Scarab: Connection failed. Will try again: connection timed out: /192.168.0.111:9090 (Thread[vert.x-eventloop-thread-2,6,main])
Scarab: Connection failed. Will try again: connection timed out: /192.168.0.111:9090 (Thread[vert.x-eventloop-thread-2,6,main])
Scarab: Connection failed. Will try again: connection timed out: /192.168.0.111:9090 (Thread[vert.x-eventloop-thread-2,6,main])
Scarab: Connection failed. Will try again: connection timed out: /192.168.0.111:9090 (Thread[vert.x-eventloop-thread-2,6,main])
Scarab: Sending over socket: {"op":"publish","topic":"/scarab/lucy/cmd_vel","msg":{"angular":{"x":0,"y":0,"z":-1.3925130208333334},"linear":{"x":0,"y":0,"z":0}}} (Thread[AWT-EventQueue-0,6,main])
Scarab: Sending over socket: {"op":"publish","topic":"/scarab/lucy/cmd_vel","msg":{"angular":{"x":0,"y":0,"z":-1.4974332682291667},"linear":{"x":0,"y":0,"z":0}}} (Thread[AWT-EventQueue-0,6,main])
Scarab: Sending over socket: {"op":"publish","topic":"/scarab/lucy/cmd_vel","msg":{"angular":{"x":0,"y":0,"z":-1.7928621419270836},"linear":{"x":0,"y":0,"z":0}}} (Thread[AWT-EventQueue-0,6,main])
Scarab: Sending over socket: {"op":"publish","topic":"/scarab/lucy/cmd_vel","msg":{"angular":{"x":0,"y":0,"z":0.6453466796875001},"linear":{"x":0,"y":0,"z":0}}} (Thread[AWT-EventQueue-0,6,main])
Scarab: Sending over socket: {"op":"publish","topic":"/scarab/lucy/cmd_vel","msg":{"angular":{"x":0,"y":0,"z":1.1792862955729166},"linear":{"x":0,"y":0,"z":0}}} (Thread[AWT-EventQueue-0,6,main])
Scarab: Sending over socket: {"op":"publish","topic":"/scarab/lucy/cmd_vel","msg":{"angular":{"x":0,"y":0,"z":0.2916788736979167},"linear":{"x":0,"y":0,"z":0}}} (Thread[AWT-EventQueue-0,6,main])
Scarab: Sending over socket: {"op":"publish","topic":"/scarab/lucy/cmd_vel","msg":{"angular":{"x":0,"y":0,"z":0.13214009602864582},"linear":{"x":0,"y":0,"z":0}}} (Thread[AWT-EventQueue-0,6,main])
Scarab: Sending over socket: {"op":"publish","topic":"/scarab/lucy/cmd_vel","msg":{"angular":{"x":0,"y":0,"z":0.10177815755208333},"linear":{"x":0,"y":0,"z":0}}} (Thread[AWT-EventQueue-0,6,main])
Scarab: Sending over socket: {"op":"publish","topic":"/scarab/lucy/cmd_vel","msg":{"angular":{"x":0,"y":0,"z":-0.9439546712239583},"linear":{"x":0,"y":0,"z":0}}} (Thread[AWT-EventQueue-0,6,main])
Scarab: Sending over socket: {"op":"publish","topic":"/scarab/lucy/cmd_vel","msg":{"angular":{"x":0,"y":0,"z":1.7443603515625},"linear":{"x":0,"y":0,"z":0}}} (Thread[AWT-EventQueue-0,6,main])
Scarab: Sending over socket: {"op":"publish","topic":"/scarab/lucy/cmd_vel","msg":{"angular":{"x":0,"y":0,"z":1.7027520751953127},"linear":{"x":0,"y":0,"z":0}}} (Thread[AWT-EventQueue-0,6,main])
Scarab: Sending over socket: {"op":"publish","topic":"/scarab/lucy/cmd_vel","msg":{"angular":{"x":0,"y":0,"z":1.229539998372396},"linear":{"x":0,"y":0,"z":0}}} (Thread[AWT-EventQueue-0,6,main])
Scarab: Sending over socket: {"op":"publish","topic":"/scarab/lucy/cmd_vel","msg":{"angular":{"x":0,"y":0,"z":-0.88319091796875},"linear":{"x":0,"y":0,"z":0}}} (Thread[AWT-EventQueue-0,6,main])
Scarab: Sending over socket: {"op":"publish","topic":"/scarab/lucy/cmd_vel","msg":{"angular":{"x":0,"y":0,"z":-0.09696533203125},"linear":{"x":0,"y":0,"z":0}}} (Thread[AWT-EventQueue-0,6,main])
Scarab: Connection failed. Will try again: connection timed out: /192.168.0.111:9090 (Thread[vert.x-eventloop-thread-2,6,main])
Scarab: Connection failed. Will try again: connection timed out: /192.168.0.111:9090 (Thread[vert.x-eventloop-thread-2,6,main])
Scarab: Connection failed. Will try again: connection timed out: /192.168.0.111:9090 (Thread[vert.x-eventloop-thread-2,6,main])
Scarab: Sending over socket: {"op":"publish","topic":"/scarab/lucy/cmd_vel","msg":{"angular":{"x":0,"y":0,"z":-2.448317057291667},"linear":{"x":0,"y":0,"z":0}}} (Thread[AWT-EventQueue-0,6,main])
Scarab: Connection failed. Will try again: connection timed out: /192.168.0.111:9090 (Thread[vert.x-eventloop-thread-2,6,main])
Scarab: Connection failed. Will try again: connection timed out: /192.168.0.111:9090 (Thread[vert.x-eventloop-thread-2,6,main])
Scarab: Connection failed. Will try again: connection timed out: /192.168.0.111:9090 (Thread[vert.x-eventloop-thread-2,6,main])
Scarab: Sending over socket: {"op":"publish","topic":"/scarab/lucy/cmd_vel","msg":{"angular":{"x":0,"y":0,"z":-0.8429516601562501},"linear":{"x":0,"y":0,"z":0}}} (Thread[AWT-EventQueue-0,6,main])
Scarab: Sending over socket: {"op":"publish","topic":"/scarab/lucy/cmd_vel","msg":{"angular":{"x":0,"y":0,"z":0.6667104085286459},"linear":{"x":0,"y":0,"z":0}}} (Thread[AWT-EventQueue-0,6,main])
Scarab: Sending over socket: {"op":"publish","topic":"/scarab/lucy/cmd_vel","msg":{"angular":{"x":0,"y":0,"z":-1.7991739908854167},"linear":{"x":0,"y":0,"z":0}}} (Thread[AWT-EventQueue-0,6,main])
Scarab: Sending over socket: {"op":"publish","topic":"/scarab/lucy/cmd_vel","msg":{"angular":{"x":0,"y":0,"z":-1.151878662109375},"linear":{"x":0,"y":0,"z":0}}} (Thread[AWT-EventQueue-0,6,main])
Scarab: Sending over socket: {"op":"publish","topic":"/scarab/lucy/cmd_vel","msg":{"angular":{"x":0,"y":0,"z":-1.6718778483072918},"linear":{"x":0,"y":0,"z":0}}} (Thread[AWT-EventQueue-0,6,main])
Scarab: Sending over socket: {"op":"publish","topic":"/scarab/lucy/cmd_vel","msg":{"angular":{"x":0,"y":0,"z":1.843525390625},"linear":{"x":0,"y":0,"z":0}}} (Thread[AWT-EventQueue-0,6,main])
Scarab: Sending over socket: {"op":"publish","topic":"/scarab/lucy/cmd_vel","msg":{"angular":{"x":0,"y":0,"z":-0.7067749023437501},"linear":{"x":0,"y":0,"z":0}}} (Thread[AWT-EventQueue-0,6,main])
Scarab: Sending over socket: {"op":"publish","topic":"/scarab/lucy/cmd_vel","msg":{"angular":{"x":0,"y":0,"z":-1.8629180908203125},"linear":{"x":0,"y":0,"z":0}}} (Thread[AWT-EventQueue-0,6,main])
Scarab: Sending over socket: {"op":"publish","topic":"/scarab/lucy/cmd_vel","msg":{"angular":{"x":0,"y":0,"z":-1.092308553059896},"linear":{"x":0,"y":0,"z":0}}} (Thread[AWT-EventQueue-0,6,main])
Scarab: Sending over socket: {"op":"publish","topic":"/scarab/lucy/cmd_vel","msg":{"angular":{"x":0,"y":0,"z":0.35702209472656254},"linear":{"x":0,"y":0,"z":0}}} (Thread[AWT-EventQueue-0,6,main])
Scarab: Sending over socket: {"op":"publish","topic":"/scarab/lucy/cmd_vel","msg":{"angular":{"x":0,"y":0,"z":-0.6410400390625},"linear":{"x":0,"y":0,"z":0}}} (Thread[AWT-EventQueue-0,6,main])
Scarab: Sending over socket: {"op":"publish","topic":"/scarab/lucy/cmd_vel","msg":{"angular":{"x":0,"y":0,"z":0.1712353515625},"linear":{"x":0,"y":0,"z":0}}} (Thread[AWT-EventQueue-0,6,main])
Scarab: Sending over socket: {"op":"publish","topic":"/scarab/lucy/cmd_vel","msg":{"angular":{"x":0,"y":0,"z":0.849647216796875},"linear":{"x":0,"y":0,"z":0}}} (Thread[AWT-EventQueue-0,6,main])
Scarab: Sending over socket: {"op":"publish","topic":"/scarab/lucy/cmd_vel","msg":{"angular":{"x":0,"y":0,"z":0.4708038330078125},"linear":{"x":0,"y":0,"z":0}}} (Thread[AWT-EventQueue-0,6,main])
Scarab: Sending over socket: {"op":"publish","topic":"/scarab/lucy/cmd_vel","msg":{"angular":{"x":0,"y":0,"z":-0.12928710937500001},"linear":{"x":0,"y":0,"z":0}}} (Thread[AWT-EventQueue-0,6,main])
Scarab: Connection failed. Will try again: connection timed out: /192.168.0.111:9090 (Thread[vert.x-eventloop-thread-2,6,main])
Scarab: Connection failed. Will try again: connection timed out: /192.168.0.111:9090 (Thread[vert.x-eventloop-thread-2,6,main])
Scarab: Connection failed. Will try again: connection timed out: /192.168.0.111:9090 (Thread[vert.x-eventloop-thread-2,6,main])
Scarab: Connection failed. Will try again: connection timed out: /192.168.0.111:9090 (Thread[vert.x-eventloop-thread-2,6,main])
Scarab: Connection failed. Will try again: connection timed out: /192.168.0.111:9090 (Thread[vert.x-eventloop-thread-2,6,main])
Scarab: Connection failed. Will try again: connection timed out: /192.168.0.111:9090 (Thread[vert.x-eventloop-thread-2,6,main])
Scarab: Sending over socket: {"op":"publish","topic":"/scarab/lucy/cmd_vel","msg":{"angular":{"x":0,"y":0,"z":0.5393554687500001},"linear":{"x":0,"y":0,"z":0}}} (Thread[AWT-EventQueue-0,6,main])
Scarab: Sending over socket: {"op":"publish","topic":"/scarab/lucy/cmd_vel","msg":{"angular":{"x":0,"y":0,"z":0.26202392578125},"linear":{"x":0,"y":0,"z":0}}} (Thread[AWT-EventQueue-0,6,main])
Scarab: Sending over socket: {"op":"publish","topic":"/scarab/lucy/cmd_vel","msg":{"angular":{"x":0,"y":0,"z":1.341357421875},"linear":{"x":0,"y":0,"z":0}}} (Thread[AWT-EventQueue-0,6,main])
Scarab: Sending over socket: {"op":"publish","topic":"/scarab/lucy/cmd_vel","msg":{"angular":{"x":0,"y":0,"z":0.8537548828125001},"linear":{"x":0,"y":0,"z":0}}} (Thread[AWT-EventQueue-0,6,main])
Scarab: Sending over socket: {"op":"publish","topic":"/scarab/lucy/cmd_vel","msg":{"angular":{"x":0,"y":0,"z":1.9657185872395835},"linear":{"x":0,"y":0,"z":0}}} (Thread[AWT-EventQueue-0,6,main])
Scarab: Sending over socket: {"op":"publish","topic":"/scarab/lucy/cmd_vel","msg":{"angular":{"x":0,"y":0,"z":-0.089102783203125},"linear":{"x":0,"y":0,"z":0}}} (Thread[AWT-EventQueue-0,6,main])
Scarab: Sending over socket: {"op":"publish","topic":"/scarab/lucy/cmd_vel","msg":{"angular":{"x":0,"y":0,"z":-1.5912764485677084},"linear":{"x":0,"y":0,"z":0}}} (Thread[AWT-EventQueue-0,6,main])
Scarab: Sending over socket: {"op":"publish","topic":"/scarab/lucy/cmd_vel","msg":{"angular":{"x":0,"y":0,"z":0.5366943359375},"linear":{"x":0,"y":0,"z":0}}} (Thread[AWT-EventQueue-0,6,main])
Scarab: Sending over socket: {"op":"publish","topic":"/scarab/lucy/cmd_vel","msg":{"angular":{"x":0,"y":0,"z":1.6241959635416667},"linear":{"x":0,"y":0,"z":0}}} (Thread[AWT-EventQueue-0,6,main])
Scarab: Sending over socket: {"op":"publish","topic":"/scarab/lucy/cmd_vel","msg":{"angular":{"x":0,"y":0,"z":0.47485656738281257},"linear":{"x":0,"y":0,"z":0}}} (Thread[AWT-EventQueue-0,6,main])
Scarab: Sending over socket: {"op":"publish","topic":"/scarab/lucy/cmd_vel","msg":{"angular":{"x":0,"y":0,"z":-0.5050048828125},"linear":{"x":0,"y":0,"z":0}}} (Thread[AWT-EventQueue-0,6,main])
Scarab: Sending over socket: {"op":"publish","topic":"/scarab/lucy/cmd_vel","msg":{"angular":{"x":0,"y":0,"z":-0.9170882161458334},"linear":{"x":0,"y":0,"z":0}}} (Thread[AWT-EventQueue-0,6,main])
Scarab: Sending over socket: {"op":"publish","topic":"/scarab/lucy/cmd_vel","msg":{"angular":{"x":0,"y":0,"z":0.6823154703776042},"linear":{"x":0,"y":0,"z":0}}} (Thread[AWT-EventQueue-0,6,main])
Scarab: Sending over socket: {"op":"publish","topic":"/scarab/lucy/cmd_vel","msg":{"angular":{"x":0,"y":0,"z":-1.17626953125},"linear":{"x":0,"y":0,"z":0}}} (Thread[AWT-EventQueue-0,6,main])
Scarab: Sending over socket: {"op":"publish","topic":"/scarab/lucy/cmd_vel","msg":{"angular":{"x":0,"y":0,"z":0.11822428385416665},"linear":{"x":0,"y":0,"z":0}}} (Thread[AWT-EventQueue-0,6,main])
Scarab: Sending over socket: {"op":"publish","topic":"/scarab/lucy/cmd_vel","msg":{"angular":{"x":0,"y":0,"z":1.739366455078125},"linear":{"x":0,"y":0,"z":0}}} (Thread[AWT-EventQueue-0,6,main])
Scarab: Sending over socket: {"op":"publish","topic":"/scarab/lucy/cmd_vel","msg":{"angular":{"x":0,"y":0,"z":0.7420198567708334},"linear":{"x":0,"y":0,"z":0}}} (Thread[AWT-EventQueue-0,6,main])
Scarab: Sending over socket: {"op":"publish","topic":"/scarab/lucy/cmd_vel","msg":{"angular":{"x":0,"y":0,"z":0.8387500000000001},"linear":{"x":0,"y":0,"z":0}}} (Thread[AWT-EventQueue-0,6,main])
Scarab: Sending over socket: {"op":"publish","topic":"/scarab/lucy/cmd_vel","msg":{"angular":{"x":0,"y":0,"z":0.6719657389322917},"linear":{"x":0,"y":0,"z":0}}} (Thread[AWT-EventQueue-0,6,main])
Scarab: Sending over socket: {"op":"publish","topic":"/scarab/lucy/cmd_vel","msg":{"angular":{"x":0,"y":0,"z":2.202484130859375},"linear":{"x":0,"y":0,"z":0}}} (Thread[AWT-EventQueue-0,6,main])
Scarab: Sending over socket: {"op":"publish","topic":"/scarab/lucy/cmd_vel","msg":{"angular":{"x":0,"y":0,"z":1.5798797607421875},"linear":{"x":0,"y":0,"z":0}}} (Thread[AWT-EventQueue-0,6,main])
Scarab: Sending over socket: {"op":"publish","topic":"/scarab/lucy/cmd_vel","msg":{"angular":{"x":0,"y":0,"z":1.8662137858072918},"linear":{"x":0,"y":0,"z":0}}} (Thread[AWT-EventQueue-0,6,main])
Scarab: Sending over socket: {"op":"publish","topic":"/scarab/lucy/cmd_vel","msg":{"angular":{"x":0,"y":0,"z":2.157191162109375},"linear":{"x":0,"y":0,"z":0}}} (Thread[AWT-EventQueue-0,6,main])
Scarab: Sending over socket: {"op":"publish","topic":"/scarab/lucy/cmd_vel","msg":{"angular":{"x":0,"y":0,"z":-0.5722762044270834},"linear":{"x":0,"y":0,"z":0}}} (Thread[AWT-EventQueue-0,6,main])
Scarab: Sending over socket: {"op":"publish","topic":"/scarab/lucy/cmd_vel","msg":{"angular":{"x":0,"y":0,"z":3.5838114420572915},"linear":{"x":0,"y":0,"z":0}}} (Thread[AWT-EventQueue-0,6,main])
Scarab: Sending over socket: {"op":"publish","topic":"/scarab/lucy/cmd_vel","msg":{"angular":{"x":0,"y":0,"z":3.313438517252604},"linear":{"x":0,"y":0,"z":0}}} (Thread[AWT-EventQueue-0,6,main])
Scarab: Sending over socket: {"op":"publish","topic":"/scarab/lucy/cmd_vel","msg":{"angular":{"x":0,"y":0,"z":1.8470495605468753},"linear":{"x":0,"y":0,"z":0}}} (Thread[AWT-EventQueue-0,6,main])
Scarab: Sending over socket: {"op":"publish","topic":"/scarab/lucy/cmd_vel","msg":{"angular":{"x":0,"y":0,"z":0.6600531005859376},"linear":{"x":0,"y":0,"z":0}}} (Thread[AWT-EventQueue-0,6,main])
Scarab: Sending over socket: {"op":"publish","topic":"/scarab/lucy/cmd_vel","msg":{"angular":{"x":0,"y":0,"z":-0.6134623209635417},"linear":{"x":0,"y":0,"z":0}}} (Thread[AWT-EventQueue-0,6,main])
Scarab: Sending over socket: {"op":"publish","topic":"/scarab/lucy/cmd_vel","msg":{"angular":{"x":0,"y":0,"z":-0.28190592447916674},"linear":{"x":0,"y":0,"z":0}}} (Thread[AWT-EventQueue-0,6,main])
Scarab: Sending over socket: {"op":"publish","topic":"/scarab/lucy/cmd_vel","msg":{"angular":{"x":0,"y":0,"z":-0.44595723470052084},"linear":{"x":0,"y":0,"z":0}}} (Thread[AWT-EventQueue-0,6,main])
Scarab: Sending over socket: {"op":"publish","topic":"/scarab/lucy/cmd_vel","msg":{"angular":{"x":0,"y":0,"z":0.12434651692708334},"linear":{"x":0,"y":0,"z":0}}} (Thread[AWT-EventQueue-0,6,main])
Scarab: Sending over socket: {"op":"publish","topic":"/scarab/lucy/cmd_vel","msg":{"angular":{"x":0,"y":0,"z":0.32280069986979165},"linear":{"x":0,"y":0,"z":0}}} (Thread[AWT-EventQueue-0,6,main])
Scarab: Sending over socket: {"op":"publish","topic":"/scarab/lucy/cmd_vel","msg":{"angular":{"x":0,"y":0,"z":-0.041315917968750004},"linear":{"x":0,"y":0,"z":0}}} (Thread[AWT-EventQueue-0,6,main])
Scarab: Sending over socket: {"op":"publish","topic":"/scarab/lucy/cmd_vel","msg":{"angular":{"x":0,"y":0,"z":-0.9786566162109377},"linear":{"x":0,"y":0,"z":0}}} (Thread[AWT-EventQueue-0,6,main])
Scarab: Sending over socket: {"op":"publish","topic":"/scarab/lucy/cmd_vel","msg":{"angular":{"x":0,"y":0,"z":1.1373028564453125},"linear":{"x":0,"y":0,"z":0}}} (Thread[AWT-EventQueue-0,6,main])
Scarab: Sending over socket: {"op":"publish","topic":"/scarab/lucy/cmd_vel","msg":{"angular":{"x":0,"y":0,"z":0.9150288899739584},"linear":{"x":0,"y":0,"z":0}}} (Thread[AWT-EventQueue-0,6,main])
Scarab: Sending over socket: {"op":"publish","topic":"/scarab/lucy/cmd_vel","msg":{"angular":{"x":0,"y":0,"z":0.31015441894531254},"linear":{"x":0,"y":0,"z":0}}} (Thread[AWT-EventQueue-0,6,main])
Scarab: Sending over socket: {"op":"publish","topic":"/scarab/lucy/cmd_vel","msg":{"angular":{"x":0,"y":0,"z":2.008133951822917},"linear":{"x":0,"y":0,"z":0}}} (Thread[AWT-EventQueue-0,6,main])
Scarab: Sending over socket: {"op":"publish","topic":"/scarab/lucy/cmd_vel","msg":{"angular":{"x":0,"y":0,"z":-1.2351983642578126},"linear":{"x":0,"y":0,"z":0}}} (Thread[AWT-EventQueue-0,6,main])
Scarab: Sending over socket: {"op":"publish","topic":"/scarab/lucy/cmd_vel","msg":{"angular":{"x":0,"y":0,"z":-1.1621588134765626},"linear":{"x":0,"y":0,"z":0}}} (Thread[AWT-EventQueue-0,6,main])
Scarab: Sending over socket: {"op":"publish","topic":"/scarab/lucy/cmd_vel","msg":{"angular":{"x":0,"y":0,"z":-1.5305631510416666},"linear":{"x":0,"y":0,"z":0}}} (Thread[AWT-EventQueue-0,6,main])
Scarab: Sending over socket: {"op":"publish","topic":"/scarab/lucy/cmd_vel","msg":{"angular":{"x":0,"y":0,"z":-1.5950337727864583},"linear":{"x":0,"y":0,"z":0}}} (Thread[AWT-EventQueue-0,6,main])
Scarab: Sending over socket: {"op":"publish","topic":"/scarab/lucy/cmd_vel","msg":{"angular":{"x":0,"y":0,"z":1.4929581705729165},"linear":{"x":0,"y":0,"z":0}}} (Thread[AWT-EventQueue-0,6,main])
Scarab: Sending over socket: {"op":"publish","topic":"/scarab/lucy/cmd_vel","msg":{"angular":{"x":0,"y":0,"z":1.1132080078125},"linear":{"x":0,"y":0,"z":0}}} (Thread[AWT-EventQueue-0,6,main])
Scarab: Sending over socket: {"op":"publish","topic":"/scarab/lucy/cmd_vel","msg":{"angular":{"x":0,"y":0,"z":0.7222721354166668},"linear":{"x":0,"y":0,"z":0}}} (Thread[AWT-EventQueue-0,6,main])
Scarab: Sending over socket: {"op":"publish","topic":"/scarab/lucy/cmd_vel","msg":{"angular":{"x":0,"y":0,"z":1.30638427734375},"linear":{"x":0,"y":0,"z":0}}} (Thread[AWT-EventQueue-0,6,main])
Scarab: Sending over socket: {"op":"publish","topic":"/scarab/lucy/cmd_vel","msg":{"angular":{"x":0,"y":0,"z":0.4562174479166667},"linear":{"x":0,"y":0,"z":0}}} (Thread[AWT-EventQueue-0,6,main])
Scarab: Sending over socket: {"op":"publish","topic":"/scarab/lucy/cmd_vel","msg":{"angular":{"x":0,"y":0,"z":2.755684407552083},"linear":{"x":0,"y":0,"z":0}}} (Thread[AWT-EventQueue-0,6,main])
Scarab: Sending over socket: {"op":"publish","topic":"/scarab/lucy/cmd_vel","msg":{"angular":{"x":0,"y":0,"z":1.9523437500000003},"linear":{"x":0,"y":0,"z":0}}} (Thread[AWT-EventQueue-0,6,main])
Scarab: Sending over socket: {"op":"publish","topic":"/scarab/lucy/cmd_vel","msg":{"angular":{"x":0,"y":0,"z":-0.16523681640625001},"linear":{"x":0,"y":0,"z":0}}} (Thread[AWT-EventQueue-0,6,main])
Scarab: Sending over socket: {"op":"publish","topic":"/scarab/lucy/cmd_vel","msg":{"angular":{"x":0,"y":0,"z":0.9564005533854166},"linear":{"x":0,"y":0,"z":0}}} (Thread[AWT-EventQueue-0,6,main])
Scarab: Sending over socket: {"op":"publish","topic":"/scarab/lucy/cmd_vel","msg":{"angular":{"x":0,"y":0,"z":-0.30155273437499996},"linear":{"x":0,"y":0,"z":0}}} (Thread[AWT-EventQueue-0,6,main])
Scarab: Sending over socket: {"op":"publish","topic":"/scarab/lucy/cmd_vel","msg":{"angular":{"x":0,"y":0,"z":0.46916951497395837},"linear":{"x":0,"y":0,"z":0}}} (Thread[AWT-EventQueue-0,6,main])
Scarab: Sending over socket: {"op":"publish","topic":"/scarab/lucy/cmd_vel","msg":{"angular":{"x":0,"y":0,"z":-0.8734692382812501},"linear":{"x":0,"y":0,"z":0}}} (Thread[AWT-EventQueue-0,6,main])
Scarab: Sending over socket: {"op":"publish","topic":"/scarab/lucy/cmd_vel","msg":{"angular":{"x":0,"y":0,"z":1.0462744140625},"linear":{"x":0,"y":0,"z":0}}} (Thread[AWT-EventQueue-0,6,main])
Scarab: Sending over socket: {"op":"publish","topic":"/scarab/lucy/cmd_vel","msg":{"angular":{"x":0,"y":0,"z":2.353858235677083},"linear":{"x":0,"y":0,"z":0}}} (Thread[AWT-EventQueue-0,6,main])
Scarab: Sending over socket: {"op":"publish","topic":"/scarab/lucy/cmd_vel","msg":{"angular":{"x":0,"y":0,"z":2.4196797688802087},"linear":{"x":0,"y":0,"z":0}}} (Thread[AWT-EventQueue-0,6,main])
Scarab: Sending over socket: {"op":"publish","topic":"/scarab/lucy/cmd_vel","msg":{"angular":{"x":0,"y":0,"z":1.7403841145833332},"linear":{"x":0,"y":0,"z":0}}} (Thread[AWT-EventQueue-0,6,main])
Scarab: Sending over socket: {"op":"publish","topic":"/scarab/lucy/cmd_vel","msg":{"angular":{"x":0,"y":0,"z":0.6350657145182291},"linear":{"x":0,"y":0,"z":0}}} (Thread[AWT-EventQueue-0,6,main])
Scarab: Sending over socket: {"op":"publish","topic":"/scarab/lucy/cmd_vel","msg":{"angular":{"x":0,"y":0,"z":0.13565490722656254},"linear":{"x":0,"y":0,"z":0}}} (Thread[AWT-EventQueue-0,6,main])
Scarab: Sending over socket: {"op":"publish","topic":"/scarab/lucy/cmd_vel","msg":{"angular":{"x":0,"y":0,"z":-0.8994242350260416},"linear":{"x":0,"y":0,"z":0}}} (Thread[AWT-EventQueue-0,6,main])
Scarab: Sending over socket: {"op":"publish","topic":"/scarab/lucy/cmd_vel","msg":{"angular":{"x":0,"y":0,"z":-0.9273284912109375},"linear":{"x":0,"y":0,"z":0}}} (Thread[AWT-EventQueue-0,6,main])
Scarab: Sending over socket: {"op":"publish","topic":"/scarab/lucy/cmd_vel","msg":{"angular":{"x":0,"y":0,"z":2.1182531738281254},"linear":{"x":0,"y":0,"z":0}}} (Thread[AWT-EventQueue-0,6,main])
Scarab: Sending over socket: {"op":"publish","topic":"/scarab/lucy/cmd_vel","msg":{"angular":{"x":0,"y":0,"z":2.5606648763020834},"linear":{"x":0,"y":0,"z":0}}} (Thread[AWT-EventQueue-0,6,main])
Scarab: Sending over socket: {"op":"publish","topic":"/scarab/lucy/cmd_vel","msg":{"angular":{"x":0,"y":0,"z":1.2572322591145835},"linear":{"x":0,"y":0,"z":0}}} (Thread[AWT-EventQueue-0,6,main])
Scarab: Sending over socket: {"op":"publish","topic":"/scarab/lucy/cmd_vel","msg":{"angular":{"x":0,"y":0,"z":1.9957958984375002},"linear":{"x":0,"y":0,"z":0}}} (Thread[AWT-EventQueue-0,6,main])
Scarab: Sending over socket: {"op":"publish","topic":"/scarab/lucy/cmd_vel","msg":{"angular":{"x":0,"y":0,"z":3.3338232421875005},"linear":{"x":0,"y":0,"z":0}}} (Thread[AWT-EventQueue-0,6,main])
Scarab: Sending over socket: {"op":"publish","topic":"/scarab/lucy/cmd_vel","msg":{"angular":{"x":0,"y":0,"z":1.0538962809244792},"linear":{"x":0,"y":0,"z":0}}} (Thread[AWT-EventQueue-0,6,main])
Scarab: Sending over socket: {"op":"publish","topic":"/scarab/lucy/cmd_vel","msg":{"angular":{"x":0,"y":0,"z":0.8410367838541667},"linear":{"x":0,"y":0,"z":0}}} (Thread[AWT-EventQueue-0,6,main])
Scarab: Sending over socket: {"op":"publish","topic":"/scarab/lucy/cmd_vel","msg":{"angular":{"x":0,"y":0,"z":1.8395776367187502},"linear":{"x":0,"y":0,"z":0}}} (Thread[AWT-EventQueue-0,6,main])
Scarab: Sending over socket: {"op":"publish","topic":"/scarab/lucy/cmd_vel","msg":{"angular":{"x":0,"y":0,"z":1.7445369466145835},"linear":{"x":0,"y":0,"z":0}}} (Thread[AWT-EventQueue-0,6,main])
Scarab: Sending over socket: {"op":"publish","topic":"/scarab/lucy/cmd_vel","msg":{"angular":{"x":0,"y":0,"z":1.699676513671875},"linear":{"x":0,"y":0,"z":0}}} (Thread[AWT-EventQueue-0,6,main])
Scarab: Sending over socket: {"op":"publish","topic":"/scarab/lucy/cmd_vel","msg":{"angular":{"x":0,"y":0,"z":-0.17786824544270835},"linear":{"x":0,"y":0,"z":0}}} (Thread[AWT-EventQueue-0,6,main])
Scarab: Sending over socket: {"op":"publish","topic":"/scarab/lucy/cmd_vel","msg":{"angular":{"x":0,"y":0,"z":1.169400634765625},"linear":{"x":0,"y":0,"z":0}}} (Thread[AWT-EventQueue-0,6,main])
Scarab: Sending over socket: {"op":"publish","topic":"/scarab/lucy/cmd_vel","msg":{"angular":{"x":0,"y":0,"z":1.6841257731119792},"linear":{"x":0,"y":0,"z":0}}} (Thread[AWT-EventQueue-0,6,main])
Scarab: Sending over socket: {"op":"publish","topic":"/scarab/lucy/cmd_vel","msg":{"angular":{"x":0,"y":0,"z":2.0384480794270834},"linear":{"x":0,"y":0,"z":0}}} (Thread[AWT-EventQueue-0,6,main])
Scarab: Sending over socket: {"op":"publish","topic":"/scarab/lucy/cmd_vel","msg":{"angular":{"x":0,"y":0,"z":1.5488932291666666},"linear":{"x":0,"y":0,"z":0}}} (Thread[AWT-EventQueue-0,6,main])
Scarab: Sending over socket: {"op":"publish","topic":"/scarab/lucy/cmd_vel","msg":{"angular":{"x":0,"y":0,"z":-1.528561197916667},"linear":{"x":0,"y":0,"z":0}}} (Thread[AWT-EventQueue-0,6,main])
Scarab: Sending over socket: {"op":"publish","topic":"/scarab/lucy/cmd_vel","msg":{"angular":{"x":0,"y":0,"z":-2.1601460774739585},"linear":{"x":0,"y":0,"z":0}}} (Thread[AWT-EventQueue-0,6,main])
Scarab: Sending over socket: {"op":"publish","topic":"/scarab/lucy/cmd_vel","msg":{"angular":{"x":0,"y":0,"z":0.3985514322916667},"linear":{"x":0,"y":0,"z":0}}} (Thread[AWT-EventQueue-0,6,main])
Scarab: Sending over socket: {"op":"publish","topic":"/scarab/lucy/cmd_vel","msg":{"angular":{"x":0,"y":0,"z":0.37935180664062507},"linear":{"x":0,"y":0,"z":0}}} (Thread[AWT-EventQueue-0,6,main])
Scarab: Sending over socket: {"op":"publish","topic":"/scarab/lucy/cmd_vel","msg":{"angular":{"x":0,"y":0,"z":0.3816955566406251},"linear":{"x":0,"y":0,"z":0}}} (Thread[AWT-EventQueue-0,6,main])
Scarab: Sending over socket: {"op":"publish","topic":"/scarab/lucy/cmd_vel","msg":{"angular":{"x":0,"y":0,"z":1.2784692382812501},"linear":{"x":0,"y":0,"z":0}}} (Thread[AWT-EventQueue-0,6,main])
Scarab: Sending over socket: {"op":"publish","topic":"/scarab/lucy/cmd_vel","msg":{"angular":{"x":0,"y":0,"z":-0.77754638671875},"linear":{"x":0,"y":0,"z":0}}} (Thread[AWT-EventQueue-0,6,main])
Scarab: Sending over socket: {"op":"publish","topic":"/scarab/lucy/cmd_vel","msg":{"angular":{"x":0,"y":0,"z":-0.35363464355468754},"linear":{"x":0,"y":0,"z":0}}} (Thread[AWT-EventQueue-0,6,main])
Scarab: Sending over socket: {"op":"publish","topic":"/scarab/lucy/cmd_vel","msg":{"angular":{"x":0,"y":0,"z":0.45714558919270837},"linear":{"x":0,"y":0,"z":0}}} (Thread[AWT-EventQueue-0,6,main])
Scarab: Sending over socket: {"op":"publish","topic":"/scarab/lucy/cmd_vel","msg":{"angular":{"x":0,"y":0,"z":0.93524169921875},"linear":{"x":0,"y":0,"z":0}}} (Thread[AWT-EventQueue-0,6,main])
Scarab: Sending over socket: {"op":"publish","topic":"/scarab/lucy/cmd_vel","msg":{"angular":{"x":0,"y":0,"z":-2.28851806640625},"linear":{"x":0,"y":0,"z":0}}} (Thread[AWT-EventQueue-0,6,main])
Scarab: Sending over socket: {"op":"publish","topic":"/scarab/lucy/cmd_vel","msg":{"angular":{"x":0,"y":0,"z":-0.09035278320312501},"linear":{"x":0,"y":0,"z":0}}} (Thread[AWT-EventQueue-0,6,main])
Scarab: Sending over socket: {"op":"publish","topic":"/scarab/lucy/cmd_vel","msg":{"angular":{"x":0,"y":0,"z":0.17798828125},"linear":{"x":0,"y":0,"z":0}}} (Thread[AWT-EventQueue-0,6,main])
Scarab: Sending over socket: {"op":"publish","topic":"/scarab/lucy/cmd_vel","msg":{"angular":{"x":0,"y":0,"z":-0.09534179687500001},"linear":{"x":0,"y":0,"z":0}}} (Thread[AWT-EventQueue-0,6,main])
Scarab: Sending over socket: {"op":"publish","topic":"/scarab/lucy/cmd_vel","msg":{"angular":{"x":0,"y":0,"z":0},"linear":{"x":0,"y":0,"z":0}}} (Thread[AWT-EventQueue-0,6,main])
Scarab: Sending over socket: {"op":"publish","topic":"/scarab/lucy/cmd_vel","msg":{"angular":{"x":0,"y":0,"z":2.9298608398437507},"linear":{"x":0,"y":0,"z":0}}} (Thread[AWT-EventQueue-0,6,main])
ExportHTMLTimer went off after 30000 ms., calling getDirector().finish and getDirector().stopFire()
Scarab: Connection closed because model is no longer running. (Thread[AWT-EventQueue-0,6,main])
Scarab: Connection closed because model is no longer running. (Thread[AWT-EventQueue-0,6,main])
Scarab: Connection closed because model is no longer running. (Thread[AWT-EventQueue-0,6,main])
Scarab: Connection closed because model is no longer running. (Thread[AWT-EventQueue-0,6,main])
Scarab: Connection closed because model is no longer running. (Thread[AWT-EventQueue-0,6,main])
Scarab: Connection closed because model is no longer running. (Thread[AWT-EventQueue-0,6,main])
30129 ms. Memory: 2318848K Free: 411742K (18%)
Exported /home/travis/build/icyphy/ptII/org/terraswarm/accessor/demo/Scarab/Scarab/index.html
38747 ms. Memory: 2318848K Free: 377143K (16%)
####### 81 Mon May 28 01:49:37 UTC 2018 $PTII/bin/ptinvoke ptolemy.vergil.basic.export.ExportModel -force htm -run -openComposites -timeOut 30000 -whiteBackground org/terraswarm/accessor/demo/WatchHandRaisingLight/WatchHandRaisingLight.xml $PTII/org/terraswarm/accessor/demo/WatchHandRaisingLight/WatchHandRaisingLight
Running .WatchHandRaisingLight
Hue: Attempting to connect to: http://10.0.0.234/api/EJjyWWrE5qDOqs301OarqVSqp3jfJvaOqiObxMYR/lights/ (Thread[AWT-EventQueue-0,6,main])
Hue: Making an HTTP request. (Thread[AWT-EventQueue-0,6,main])
ExportHTMLTimer went off after 30000 ms., calling getDirector().finish and getDirector().stopFire()
30057 ms. Memory: 2214912K Free: 1239016K (56%)
Exported /home/travis/build/icyphy/ptII/org/terraswarm/accessor/demo/WatchHandRaisingLight/WatchHandRaisingLight/index.html
39658 ms. Memory: 2214912K Free: 1049066K (47%)
####### 82 Mon May 28 01:50:17 UTC 2018 $PTII/bin/ptinvoke ptolemy.vergil.basic.export.ExportModel -force htm  -openComposites -timeOut 30000 -whiteBackground org/terraswarm/ros/demo/Ros/Ros.xml $PTII/org/terraswarm/ros/demo/Ros/Ros
Warning: not running org/terraswarm/ros/demo/Ros/Ros.xml. See ptolemy/vergil/basic/export/test/junit/ExportModelJUnitTest.java
Exported /home/travis/build/icyphy/ptII/org/terraswarm/ros/demo/Ros/Ros/index.html
3170 ms. Memory: 2214912K Free: 883859K (40%)
####### 83 Mon May 28 01:50:20 UTC 2018 $PTII/bin/ptinvoke ptolemy.vergil.basic.export.ExportModel -force htm  -openComposites -timeOut 30000 -whiteBackground org/terraswarm/ros/demo/Ros/RosPublisher.xml $PTII/org/terraswarm/ros/demo/Ros/RosPublisher
Warning: not running org/terraswarm/ros/demo/Ros/RosPublisher.xml. See ptolemy/vergil/basic/export/test/junit/ExportModelJUnitTest.java
Exported /home/travis/build/icyphy/ptII/org/terraswarm/ros/demo/Ros/RosPublisher/index.html
4525 ms. Memory: 2214912K Free: 1173254K (53%)
####### 84 Mon May 28 01:50:24 UTC 2018 $PTII/bin/ptinvoke ptolemy.vergil.basic.export.ExportModel -force htm  -openComposites -timeOut 30000 -whiteBackground org/terraswarm/ros/demo/Ros/RosSubscriber.xml $PTII/org/terraswarm/ros/demo/Ros/RosSubscriber
Warning: not running org/terraswarm/ros/demo/Ros/RosSubscriber.xml. See ptolemy/vergil/basic/export/test/junit/ExportModelJUnitTest.java
Exported /home/travis/build/icyphy/ptII/org/terraswarm/ros/demo/Ros/RosSubscriber/index.html
4360 ms. Memory: 2214912K Free: 884756K (40%)
####### 85 Mon May 28 01:50:29 UTC 2018 $PTII/bin/ptinvoke ptolemy.vergil.basic.export.ExportModel -force htm  -openComposites -timeOut 30000 -whiteBackground org/terraswarm/ros/demo/Ros/ScarabArrowKeyController.xml $PTII/org/terraswarm/ros/demo/Ros/ScarabArrowKeyController
Warning: not running org/terraswarm/ros/demo/Ros/ScarabArrowKeyController.xml. See ptolemy/vergil/basic/export/test/junit/ExportModelJUnitTest.java
Exported /home/travis/build/icyphy/ptII/org/terraswarm/ros/demo/Ros/ScarabArrowKeyController/index.html
6567 ms. Memory: 2214912K Free: 874839K (39%)
####### 86 Mon May 28 01:50:35 UTC 2018 $PTII/bin/ptinvoke ptolemy.vergil.basic.export.ExportModel -force htm  -openComposites -timeOut 30000 -whiteBackground org/terraswarm/ros/demo/Ros/ScarabGoalPublisher.xml $PTII/org/terraswarm/ros/demo/Ros/ScarabGoalPublisher
Warning: not running org/terraswarm/ros/demo/Ros/ScarabGoalPublisher.xml. See ptolemy/vergil/basic/export/test/junit/ExportModelJUnitTest.java
Exported /home/travis/build/icyphy/ptII/org/terraswarm/ros/demo/Ros/ScarabGoalPublisher/index.html
4417 ms. Memory: 2214912K Free: 1115339K (50%)
####### 87 Mon May 28 01:50:40 UTC 2018 $PTII/bin/ptinvoke ptolemy.vergil.basic.export.ExportModel -force htm  -openComposites -timeOut 30000 -whiteBackground org/terraswarm/ros/demo/Ros/ScarabHueController.xml $PTII/org/terraswarm/ros/demo/Ros/ScarabHueController
Warning: not running org/terraswarm/ros/demo/Ros/ScarabHueController.xml. See ptolemy/vergil/basic/export/test/junit/ExportModelJUnitTest.java
Exported /home/travis/build/icyphy/ptII/org/terraswarm/ros/demo/Ros/ScarabHueController/index.html
6541 ms. Memory: 2179072K Free: 1069876K (49%)
####### 88 Mon May 28 01:50:46 UTC 2018 $PTII/bin/ptinvoke ptolemy.vergil.basic.export.ExportModel -force htm -run -openComposites -timeOut 30000 -whiteBackground ptolemy/actor/gt/demo/BouncingBallX2/BouncingBallX2.xml $PTII/ptolemy/actor/gt/demo/BouncingBallX2/BouncingBallX2
Running .BouncingBallX2
ExportHTMLTimer went off after 30000 ms., calling getDirector().finish and getDirector().stopFire()
29470 ms. Memory: 2211328K Free: 1263454K (57%)
30018 ms. Memory: 2211328K Free: 1263454K (57%)
Exported /home/travis/build/icyphy/ptII/ptolemy/actor/gt/demo/BouncingBallX2/BouncingBallX2/index.html
34892 ms. Memory: 2211328K Free: 969356K (44%)
####### 89 Mon May 28 01:51:21 UTC 2018 $PTII/bin/ptinvoke ptolemy.vergil.basic.export.ExportModel -force htm -run -openComposites -timeOut 30000 -whiteBackground ptolemy/actor/gt/demo/ConstOptimization/ConstOptimization.xml $PTII/ptolemy/actor/gt/demo/ConstOptimization/ConstOptimization
Running .ConstOptimization
6407 ms. Memory: 2211328K Free: 701539K (32%)
Exported /home/travis/build/icyphy/ptII/ptolemy/actor/gt/demo/ConstOptimization/ConstOptimization/index.html
11084 ms. Memory: 2223104K Free: 1193009K (54%)
####### 90 Mon May 28 01:51:32 UTC 2018 $PTII/bin/ptinvoke ptolemy.vergil.basic.export.ExportModel -force htm -run -openComposites -timeOut 30000 -whiteBackground ptolemy/actor/gt/demo/ConstOptimization/ConstOptimizationDDF.xml $PTII/ptolemy/actor/gt/demo/ConstOptimization/ConstOptimizationDDF
Running .ConstOptimizationDDF
6702 ms. Memory: 2223104K Free: 921255K (41%)
Exported /home/travis/build/icyphy/ptII/ptolemy/actor/gt/demo/ConstOptimization/ConstOptimizationDDF/index.html
11246 ms. Memory: 2223104K Free: 787133K (35%)
####### 91 Mon May 28 01:51:43 UTC 2018 $PTII/bin/ptinvoke ptolemy.vergil.basic.export.ExportModel -force htm -run -openComposites -timeOut 30000 -whiteBackground ptolemy/actor/gt/demo/ConstOptimization/ConstOptimizationDE.xml $PTII/ptolemy/actor/gt/demo/ConstOptimization/ConstOptimizationDE
Running .ConstOptimizationDE
6414 ms. Memory: 2218496K Free: 1084540K (49%)
Exported /home/travis/build/icyphy/ptII/ptolemy/actor/gt/demo/ConstOptimization/ConstOptimizationDE/index.html
10970 ms. Memory: 2218496K Free: 863642K (39%)
####### 92 Mon May 28 01:51:54 UTC 2018 $PTII/bin/ptinvoke ptolemy.vergil.basic.export.ExportModel -force htm -run -openComposites -timeOut 30000 -whiteBackground ptolemy/actor/gt/demo/DiningPhilosophers/DiningPhilosophers.xml $PTII/ptolemy/actor/gt/demo/DiningPhilosophers/DiningPhilosophers
Running .DiningPhilosophers
242 ms. Memory: 2218496K Free: 623765K (28%)
Exported /home/travis/build/icyphy/ptII/ptolemy/actor/gt/demo/DiningPhilosophers/DiningPhilosophers/index.html
5089 ms. Memory: 2236928K Free: 998824K (45%)
####### 93 Mon May 28 01:52:00 UTC 2018 $PTII/bin/ptinvoke ptolemy.vergil.basic.export.ExportModel -force htm -run -openComposites -timeOut 30000 -whiteBackground ptolemy/actor/gt/demo/GameOfLife/GameOfLife.xml $PTII/ptolemy/actor/gt/demo/GameOfLife/GameOfLife
Running .GameOfLife
ExportHTMLTimer went off after 30000 ms., calling getDirector().finish and getDirector().stopFire()
30001 ms. Memory: 2585088K Free: 763584K (30%)
Exported /home/travis/build/icyphy/ptII/ptolemy/actor/gt/demo/GameOfLife/GameOfLife/index.html
38594 ms. Memory: 2638336K Free: 803846K (30%)
####### 94 Mon May 28 01:52:38 UTC 2018 $PTII/bin/ptinvoke ptolemy.vergil.basic.export.ExportModel -force htm  -openComposites -timeOut 30000 -whiteBackground ptolemy/actor/gt/demo/HierarchyFlattening/HierarchyFlattening.xml $PTII/ptolemy/actor/gt/demo/HierarchyFlattening/HierarchyFlattening
Warning: not running ptolemy/actor/gt/demo/HierarchyFlattening/HierarchyFlattening.xml. See ptolemy/vergil/basic/export/test/junit/ExportModelJUnitTest.java
Exported /home/travis/build/icyphy/ptII/ptolemy/actor/gt/demo/HierarchyFlattening/HierarchyFlattening/index.html
3265 ms. Memory: 2652672K Free: 1591626K (60%)
####### 95 Mon May 28 01:52:41 UTC 2018 $PTII/bin/ptinvoke ptolemy.vergil.basic.export.ExportModel -force htm -run -openComposites -timeOut 30000 -whiteBackground ptolemy/actor/gt/demo/MapReduce/MapReduce.xml $PTII/ptolemy/actor/gt/demo/MapReduce/MapReduce
Running .MapReduce
110 ms. Memory: 2652672K Free: 977878K (37%)
Exported /home/travis/build/icyphy/ptII/ptolemy/actor/gt/demo/MapReduce/MapReduce/index.html
5244 ms. Memory: 2652672K Free: 768250K (29%)
####### 96 Mon May 28 01:52:47 UTC 2018 $PTII/bin/ptinvoke ptolemy.vergil.basic.export.ExportModel -force htm  -openComposites -timeOut 30000 -whiteBackground ptolemy/actor/gt/demo/MapReduce/MapReduceDDF.xml $PTII/ptolemy/actor/gt/demo/MapReduce/MapReduceDDF
Warning: not running ptolemy/actor/gt/demo/MapReduce/MapReduceDDF.xml. See ptolemy/vergil/basic/export/test/junit/ExportModelJUnitTest.java
Exported /home/travis/build/icyphy/ptII/ptolemy/actor/gt/demo/MapReduce/MapReduceDDF/index.html
8939 ms. Memory: 2682368K Free: 1284910K (48%)
####### 97 Mon May 28 01:52:56 UTC 2018 $PTII/bin/ptinvoke ptolemy.vergil.basic.export.ExportModel -force htm -run -openComposites -timeOut 30000 -whiteBackground ptolemy/actor/gt/demo/ModelExecution/ModelExecution.xml $PTII/ptolemy/actor/gt/demo/ModelExecution/ModelExecution
Running .ModelExecution
10 ms. Memory: 2682368K Free: 1092984K (41%)
2 ms. Memory: 2682368K Free: 1092969K (41%)
2 ms. Memory: 2682368K Free: 1092965K (41%)
2 ms. Memory: 2682368K Free: 1092951K (41%)
2 ms. Memory: 2682368K Free: 1092945K (41%)
2 ms. Memory: 2682368K Free: 1092931K (41%)
2 ms. Memory: 2682368K Free: 1092918K (41%)
2 ms. Memory: 2682368K Free: 1069206K (40%)
2 ms. Memory: 2682368K Free: 1069193K (40%)
1 ms. Memory: 2682368K Free: 1069179K (40%)
9008 ms. Memory: 2682368K Free: 1069172K (40%)
Exported /home/travis/build/icyphy/ptII/ptolemy/actor/gt/demo/ModelExecution/ModelExecution/index.html
Warning: LinkToOpenTableaux._provideEachAttribute() .ModelExecution._Controller.InitModel, an open effigy was null?
Warning: LinkToOpenTableaux._provideEachAttribute() .ModelExecution._Controller.Execute, an open effigy was null?
Warning: LinkToOpenTableaux._provideEachAttribute() .ModelExecution._Controller.SetConstValue, an open effigy was null?
Warning: LinkToOpenTableaux._provideEachAttribute() .ModelExecution._Controller.View, an open effigy was null?
Warning: LinkToOpenTableaux._provideEachAttribute() .ModelExecution._Controller.CreateModel, an open effigy was null?
13371 ms. Memory: 2682368K Free: 848427K (32%)
####### 98 Mon May 28 01:53:09 UTC 2018 $PTII/bin/ptinvoke ptolemy.vergil.basic.export.ExportModel -force htm -run -openComposites -timeOut 30000 -whiteBackground ptolemy/actor/gt/demo/ModelGeneration/ModelGeneration.xml $PTII/ptolemy/actor/gt/demo/ModelGeneration/ModelGeneration
Running .ModelGeneration
59 ms. Memory: 2682368K Free: 658100K (25%)
Exported /home/travis/build/icyphy/ptII/ptolemy/actor/gt/demo/ModelGeneration/ModelGeneration/index.html
4444 ms. Memory: 2702848K Free: 1656673K (61%)
####### 99 Mon May 28 01:53:13 UTC 2018 $PTII/bin/ptinvoke ptolemy.vergil.basic.export.ExportModel -force htm -run -openComposites -timeOut 30000 -whiteBackground ptolemy/actor/gt/demo/ModelGeneration/ModelGenerationDE.xml $PTII/ptolemy/actor/gt/demo/ModelGeneration/ModelGenerationDE
Running .ModelGenerationDE
97 ms. Memory: 2702848K Free: 1429720K (53%)
Exported /home/travis/build/icyphy/ptII/ptolemy/actor/gt/demo/ModelGeneration/ModelGenerationDE/index.html
4484 ms. Memory: 2702848K Free: 1199571K (44%)
####### 100 Mon May 28 01:53:18 UTC 2018 $PTII/bin/ptinvoke ptolemy.vergil.basic.export.ExportModel -force htm  -openComposites -timeOut 30000 -whiteBackground ptolemy/actor/gt/demo/PublisherTest/PublisherTest.xml $PTII/ptolemy/actor/gt/demo/PublisherTest/PublisherTest
Warning: not running ptolemy/actor/gt/demo/PublisherTest/PublisherTest.xml. See ptolemy/vergil/basic/export/test/junit/ExportModelJUnitTest.java
Exported /home/travis/build/icyphy/ptII/ptolemy/actor/gt/demo/PublisherTest/PublisherTest/index.html
3259 ms. Memory: 2702848K Free: 946744K (35%)
####### 101 Mon May 28 01:53:21 UTC 2018 $PTII/bin/ptinvoke ptolemy.vergil.basic.export.ExportModel -force htm -run -openComposites -timeOut 30000 -whiteBackground ptolemy/actor/gt/demo/RegressionTest/RegressionTest.xml $PTII/ptolemy/actor/gt/demo/RegressionTest/RegressionTest
Running .RegressionTest
10 ms. Memory: 2702848K Free: 645548K (24%)
Exported /home/travis/build/icyphy/ptII/ptolemy/actor/gt/demo/RegressionTest/RegressionTest/index.html
4362 ms. Memory: 2702848K Free: 618765K (23%)
####### 102 Mon May 28 01:53:26 UTC 2018 $PTII/bin/ptinvoke ptolemy.vergil.basic.export.ExportModel -force htm -run -openComposites -timeOut 30000 -whiteBackground ptolemy/actor/gt/demo/SinewaveOptimization/Sinewave.xml $PTII/ptolemy/actor/gt/demo/SinewaveOptimization/Sinewave
Running .Sinewave
18 ms. Memory: 2702848K Free: 517833K (19%)
Exported /home/travis/build/icyphy/ptII/ptolemy/actor/gt/demo/SinewaveOptimization/Sinewave/index.html
4190 ms. Memory: 2702848K Free: 491052K (18%)
####### 103 Mon May 28 01:53:30 UTC 2018 $PTII/bin/ptinvoke ptolemy.vergil.basic.export.ExportModel -force htm -run -openComposites -timeOut 30000 -whiteBackground ptolemy/actor/gt/demo/SinewaveOptimization/SinewaveOptimization.xml $PTII/ptolemy/actor/gt/demo/SinewaveOptimization/SinewaveOptimization
Running .SinewaveOptimization
2417 ms. Memory: 2714112K Free: 1491621K (55%)
Exported /home/travis/build/icyphy/ptII/ptolemy/actor/gt/demo/SinewaveOptimization/SinewaveOptimization/index.html
7005 ms. Memory: 2714112K Free: 1288514K (47%)
####### 104 Mon May 28 01:53:37 UTC 2018 $PTII/bin/ptinvoke ptolemy.vergil.basic.export.ExportModel -force htm -run -openComposites -timeOut 30000 -whiteBackground ptolemy/actor/lib/aspect/demo/CanBus/CanBus.xml $PTII/ptolemy/actor/lib/aspect/demo/CanBus/CanBus
Running .CanBus
9 ms. Memory: 2714112K Free: 1162015K (43%)
Exported /home/travis/build/icyphy/ptII/ptolemy/actor/lib/aspect/demo/CanBus/CanBus/index.html
4218 ms. Memory: 2714112K Free: 1059672K (39%)
####### 105 Mon May 28 01:53:41 UTC 2018 $PTII/bin/ptinvoke ptolemy.vergil.basic.export.ExportModel -force htm -run -openComposites -timeOut 30000 -whiteBackground ptolemy/actor/lib/aspect/demo/CarTrackingAttackModeling/CarTrackingAttackModeling.xml $PTII/ptolemy/actor/lib/aspect/demo/CarTrackingAttackModeling/CarTrackingAttackModeling
Running .CarTrackingAttackModeling
881 ms. Memory: 2714112K Free: 603949K (22%)
Exported /home/travis/build/icyphy/ptII/ptolemy/actor/lib/aspect/demo/CarTrackingAttackModeling/CarTrackingAttackModeling/index.html
7685 ms. Memory: 2743296K Free: 1049828K (38%)
####### 106 Mon May 28 01:53:49 UTC 2018 $PTII/bin/ptinvoke ptolemy.vergil.basic.export.ExportModel -force htm -run -openComposites -timeOut 30000 -whiteBackground ptolemy/actor/lib/aspect/demo/CompositeQM/CompositeQM.xml $PTII/ptolemy/actor/lib/aspect/demo/CompositeQM/CompositeQM
Running .CompositeQM
21 ms. Memory: 2743296K Free: 916894K (33%)
Exported /home/travis/build/icyphy/ptII/ptolemy/actor/lib/aspect/demo/CompositeQM/CompositeQM/index.html
4273 ms. Memory: 2743296K Free: 784643K (29%)
####### 107 Mon May 28 01:53:53 UTC 2018 $PTII/bin/ptinvoke ptolemy.vergil.basic.export.ExportModel -force htm -run -openComposites -timeOut 30000 -whiteBackground ptolemy/actor/lib/aspect/demo/DE/DE.xml $PTII/ptolemy/actor/lib/aspect/demo/DE/DE
Running .DE
WARNING: The execution aspects in this model can influence the timing of actors by delaying the 
execution, potentially changing the behavior. There is no guarantee that actors fire at the 
time they request to be fired. 
Use Ptides for deterministic DE behavior that is not influenced by execution aspects. 

27 ms. Memory: 2743296K Free: 677777K (25%)
Exported /home/travis/build/icyphy/ptII/ptolemy/actor/lib/aspect/demo/DE/DE/index.html
4269 ms. Memory: 2743296K Free: 571591K (21%)
####### 108 Mon May 28 01:53:57 UTC 2018 $PTII/bin/ptinvoke ptolemy.vergil.basic.export.ExportModel -force htm -run -openComposites -timeOut 30000 -whiteBackground ptolemy/actor/lib/aspect/demo/DE/DE2.xml $PTII/ptolemy/actor/lib/aspect/demo/DE/DE2
Running .DE2
WARNING: The execution aspects in this model can influence the timing of actors by delaying the 
execution, potentially changing the behavior. There is no guarantee that actors fire at the 
time they request to be fired. 
Use Ptides for deterministic DE behavior that is not influenced by execution aspects. 

78 ms. Memory: 2747392K Free: 1580459K (58%)
Exported /home/travis/build/icyphy/ptII/ptolemy/actor/lib/aspect/demo/DE/DE2/index.html
4899 ms. Memory: 2747392K Free: 1316342K (48%)
####### 109 Mon May 28 01:54:02 UTC 2018 $PTII/bin/ptinvoke ptolemy.vergil.basic.export.ExportModel -force htm -run -openComposites -timeOut 30000 -whiteBackground ptolemy/actor/lib/aspect/demo/MonitorExecutionTimes/MonitorExecutionTimes.xml $PTII/ptolemy/actor/lib/aspect/demo/MonitorExecutionTimes/MonitorExecutionTimes
Running .MonitorExecutionTimes
WARNING: The execution aspects in this model can influence the timing of actors by delaying the 
execution, potentially changing the behavior. There is no guarantee that actors fire at the 
time they request to be fired. 
Use Ptides for deterministic DE behavior that is not influenced by execution aspects. 

24 ms. Memory: 2747392K Free: 1158114K (42%)
Exported /home/travis/build/icyphy/ptII/ptolemy/actor/lib/aspect/demo/MonitorExecutionTimes/MonitorExecutionTimes/index.html
4271 ms. Memory: 2747392K Free: 1077713K (39%)
####### 110 Mon May 28 01:54:06 UTC 2018 $PTII/bin/ptinvoke ptolemy.vergil.basic.export.ExportModel -force htm -run -openComposites -timeOut 30000 -whiteBackground ptolemy/actor/lib/colt/demo/ColtRandom/ColtRandom.xml $PTII/ptolemy/actor/lib/colt/demo/ColtRandom/ColtRandom
Running .ColtRandom
288 ms. Memory: 2747392K Free: 706231K (26%)
Exported /home/travis/build/icyphy/ptII/ptolemy/actor/lib/colt/demo/ColtRandom/ColtRandom/index.html
4554 ms. Memory: 2747392K Free: 599463K (22%)
####### 111 Mon May 28 01:54:11 UTC 2018 $PTII/bin/ptinvoke ptolemy.vergil.basic.export.ExportModel -force htm -run -openComposites -timeOut 30000 -whiteBackground ptolemy/actor/lib/comm/demo/ConvolutionalCoder/ConvolutionalCoder.xml $PTII/ptolemy/actor/lib/comm/demo/ConvolutionalCoder/ConvolutionalCoder
Running .ConvolutionalCoder
235 ms. Memory: 2747392K Free: 441296K (16%)
Exported /home/travis/build/icyphy/ptII/ptolemy/actor/lib/comm/demo/ConvolutionalCoder/ConvolutionalCoder/index.html
4521 ms. Memory: 2756608K Free: 1668778K (61%)
####### 112 Mon May 28 01:54:15 UTC 2018 $PTII/bin/ptinvoke ptolemy.vergil.basic.export.ExportModel -force htm -run -openComposites -timeOut 30000 -whiteBackground ptolemy/actor/lib/comm/demo/HuffmanDecoder/HuffmanDecoder.xml $PTII/ptolemy/actor/lib/comm/demo/HuffmanDecoder/HuffmanDecoder
Running .HuffmanDecoder
128 ms. Memory: 2756608K Free: 1531381K (56%)
Exported /home/travis/build/icyphy/ptII/ptolemy/actor/lib/comm/demo/HuffmanDecoder/HuffmanDecoder/index.html
4390 ms. Memory: 2756608K Free: 1476273K (54%)
####### 113 Mon May 28 01:54:20 UTC 2018 $PTII/bin/ptinvoke ptolemy.vergil.basic.export.ExportModel -force htm -run -openComposites -timeOut 30000 -whiteBackground ptolemy/actor/lib/comm/demo/Scrambler/Scrambler.xml $PTII/ptolemy/actor/lib/comm/demo/Scrambler/Scrambler
Running .Scrambler
158 ms. Memory: 2756608K Free: 1368682K (50%)
Exported /home/travis/build/icyphy/ptII/ptolemy/actor/lib/comm/demo/Scrambler/Scrambler/index.html
4322 ms. Memory: 2756608K Free: 1313545K (48%)
####### 114 Mon May 28 01:54:24 UTC 2018 $PTII/bin/ptinvoke ptolemy.vergil.basic.export.ExportModel -force htm -run -openComposites -timeOut 30000 -whiteBackground ptolemy/actor/lib/comm/demo/TrellisDecoder/TrellisDecoder.xml $PTII/ptolemy/actor/lib/comm/demo/TrellisDecoder/TrellisDecoder
Running .TrellisDecoder
259 ms. Memory: 2756608K Free: 1099101K (40%)
Exported /home/travis/build/icyphy/ptII/ptolemy/actor/lib/comm/demo/TrellisDecoder/TrellisDecoder/index.html
4634 ms. Memory: 2756608K Free: 937153K (34%)
####### 115 Mon May 28 01:54:29 UTC 2018 $PTII/bin/ptinvoke ptolemy.vergil.basic.export.ExportModel -force htm -run -openComposites -timeOut 30000 -whiteBackground ptolemy/actor/lib/comm/demo/ViterbiDecoder/ViterbiDecoder.xml $PTII/ptolemy/actor/lib/comm/demo/ViterbiDecoder/ViterbiDecoder
Running .ViterbiDecoder
129 ms. Memory: 2756608K Free: 776218K (28%)
Exported /home/travis/build/icyphy/ptII/ptolemy/actor/lib/comm/demo/ViterbiDecoder/ViterbiDecoder/index.html
4383 ms. Memory: 2756608K Free: 667691K (24%)
####### 116 Mon May 28 01:54:33 UTC 2018 $PTII/bin/ptinvoke ptolemy.vergil.basic.export.ExportModel -force htm -run -openComposites -timeOut 30000 -whiteBackground ptolemy/actor/lib/database/demo/InteractiveQuery/InteractiveQuery.xml $PTII/ptolemy/actor/lib/database/demo/InteractiveQuery/InteractiveQuery
.InteractiveQuery.InteractiveShell invoked SwingUtilities.invokeAndWait()
Model ".InteractiveQuery" contains actors such cannot be run  as part of the export process from ExportModel or it has a WebExportParameters value that runBeforeExport set to false. To export run this model and export it, use vergil.
Exported /home/travis/build/icyphy/ptII/ptolemy/actor/lib/database/demo/InteractiveQuery/InteractiveQuery/index.html
3168 ms. Memory: 2756608K Free: 557228K (20%)
####### 117 Mon May 28 01:54:36 UTC 2018 $PTII/bin/ptinvoke ptolemy.vergil.basic.export.ExportModel -force htm -run -openComposites -timeOut 30000 -whiteBackground ptolemy/actor/lib/fmi/demo/FMUBouncingBall/FMUBouncingBall.xml $PTII/ptolemy/actor/lib/fmi/demo/FMUBouncingBall/FMUBouncingBall
Running .FMUBouncingBall
136 ms. Memory: 2756608K Free: 449052K (16%)
Exported /home/travis/build/icyphy/ptII/ptolemy/actor/lib/fmi/demo/FMUBouncingBall/FMUBouncingBall/index.html
4349 ms. Memory: 2756608K Free: 420627K (15%)
####### 118 Mon May 28 01:54:41 UTC 2018 $PTII/bin/ptinvoke ptolemy.vergil.basic.export.ExportModel -force htm -run -openComposites -timeOut 30000 -whiteBackground ptolemy/actor/lib/fmi/demo/FMULevelStairs/FMULevelStairs.xml $PTII/ptolemy/actor/lib/fmi/demo/FMULevelStairs/FMULevelStairs
Running .FMULevelStairs
39 ms. Memory: 2760192K Free: 1674617K (61%)
Exported /home/travis/build/icyphy/ptII/ptolemy/actor/lib/fmi/demo/FMULevelStairs/FMULevelStairs/index.html
4309 ms. Memory: 2760192K Free: 1619822K (59%)
####### 119 Mon May 28 01:54:45 UTC 2018 $PTII/bin/ptinvoke ptolemy.vergil.basic.export.ExportModel -force htm  -openComposites -timeOut 30000 -whiteBackground ptolemy/actor/lib/fmi/demo/FMUSimulationX/FMUSimulationX.xml $PTII/ptolemy/actor/lib/fmi/demo/FMUSimulationX/FMUSimulationX
Warning: not running ptolemy/actor/lib/fmi/demo/FMUSimulationX/FMUSimulationX.xml. See ptolemy/vergil/basic/export/test/junit/ExportModelJUnitTest.java
Exported /home/travis/build/icyphy/ptII/ptolemy/actor/lib/fmi/demo/FMUSimulationX/FMUSimulationX/index.html
3293 ms. Memory: 2760192K Free: 1405138K (51%)
####### 120 Mon May 28 01:54:48 UTC 2018 $PTII/bin/ptinvoke ptolemy.vergil.basic.export.ExportModel -force htm  -openComposites -timeOut 30000 -whiteBackground ptolemy/actor/lib/fmi/demo/FMUSimulationX/FMUSimulationXPIController.xml $PTII/ptolemy/actor/lib/fmi/demo/FMUSimulationX/FMUSimulationXPIController
Warning: not running ptolemy/actor/lib/fmi/demo/FMUSimulationX/FMUSimulationXPIController.xml. See ptolemy/vergil/basic/export/test/junit/ExportModelJUnitTest.java
Exported /home/travis/build/icyphy/ptII/ptolemy/actor/lib/fmi/demo/FMUSimulationX/FMUSimulationXPIController/index.html
3176 ms. Memory: 2760192K Free: 1241180K (45%)
####### 121 Mon May 28 01:54:51 UTC 2018 $PTII/bin/ptinvoke ptolemy.vergil.basic.export.ExportModel -force htm -run -openComposites -timeOut 30000 -whiteBackground ptolemy/actor/lib/fmi/demo/FMUStairs/FMUStairs.xml $PTII/ptolemy/actor/lib/fmi/demo/FMUStairs/FMUStairs
Running .FMUStairs
68 ms. Memory: 2760192K Free: 1134255K (41%)
Exported /home/travis/build/icyphy/ptII/ptolemy/actor/lib/fmi/demo/FMUStairs/FMUStairs/index.html
4225 ms. Memory: 2760192K Free: 1051512K (38%)
####### 122 Mon May 28 01:54:56 UTC 2018 $PTII/bin/ptinvoke ptolemy.vergil.basic.export.ExportModel -force htm -run -openComposites -timeOut 30000 -whiteBackground ptolemy/actor/lib/fmi/demo/FMUTwoBallCollision/FMUTwoBallCollision.xml $PTII/ptolemy/actor/lib/fmi/demo/FMUTwoBallCollision/FMUTwoBallCollision
Running .FMUTwoBallCollision
69 ms. Memory: 2760192K Free: 838013K (30%)
Exported /home/travis/build/icyphy/ptII/ptolemy/actor/lib/fmi/demo/FMUTwoBallCollision/FMUTwoBallCollision/index.html
4416 ms. Memory: 2760192K Free: 702983K (25%)
####### 123 Mon May 28 01:55:00 UTC 2018 $PTII/bin/ptinvoke ptolemy.vergil.basic.export.ExportModel -force htm  -openComposites -timeOut 30000 -whiteBackground ptolemy/actor/lib/fmi/jni/demo/FourInFourOutsDymola/FourInFourOutsDymola.xml $PTII/ptolemy/actor/lib/fmi/jni/demo/FourInFourOutsDymola/FourInFourOutsDymola
Warning: not running ptolemy/actor/lib/fmi/jni/demo/FourInFourOutsDymola/FourInFourOutsDymola.xml. See ptolemy/vergil/basic/export/test/junit/ExportModelJUnitTest.java
Exported /home/travis/build/icyphy/ptII/ptolemy/actor/lib/fmi/jni/demo/FourInFourOutsDymola/FourInFourOutsDymola/index.html
3385 ms. Memory: 2773504K Free: 1693424K (61%)
####### 124 Mon May 28 01:55:04 UTC 2018 $PTII/bin/ptinvoke ptolemy.vergil.basic.export.ExportModel -force htm  -openComposites -timeOut 30000 -whiteBackground ptolemy/actor/lib/fmi/jni/demo/FourInFourOutsDymola/FourInFourOutsDymolaJNI.xml $PTII/ptolemy/actor/lib/fmi/jni/demo/FourInFourOutsDymola/FourInFourOutsDymolaJNI
Warning: not running ptolemy/actor/lib/fmi/jni/demo/FourInFourOutsDymola/FourInFourOutsDymolaJNI.xml. See ptolemy/vergil/basic/export/test/junit/ExportModelJUnitTest.java
Exported /home/travis/build/icyphy/ptII/ptolemy/actor/lib/fmi/jni/demo/FourInFourOutsDymola/FourInFourOutsDymolaJNI/index.html
3296 ms. Memory: 2773504K Free: 1301460K (47%)
####### 125 Mon May 28 01:55:07 UTC 2018 $PTII/bin/ptinvoke ptolemy.vergil.basic.export.ExportModel -force htm  -openComposites -timeOut 30000 -whiteBackground ptolemy/actor/lib/fmi/jni/demo/FourInFourOutsDymola/FourInFourOutsDymolaWindows.xml $PTII/ptolemy/actor/lib/fmi/jni/demo/FourInFourOutsDymola/FourInFourOutsDymolaWindows
Warning: not running ptolemy/actor/lib/fmi/jni/demo/FourInFourOutsDymola/FourInFourOutsDymolaWindows.xml. See ptolemy/vergil/basic/export/test/junit/ExportModelJUnitTest.java
Exported /home/travis/build/icyphy/ptII/ptolemy/actor/lib/fmi/jni/demo/FourInFourOutsDymola/FourInFourOutsDymolaWindows/index.html
3210 ms. Memory: 2773504K Free: 1135936K (41%)
####### 126 Mon May 28 01:55:10 UTC 2018 $PTII/bin/ptinvoke ptolemy.vergil.basic.export.ExportModel -force htm -run -openComposites -timeOut 30000 -whiteBackground ptolemy/actor/lib/gem5/demo/DramThermalModel/DramThermalModel.xml $PTII/ptolemy/actor/lib/gem5/demo/DramThermalModel/DramThermalModel
Model ".DramThermalModel" contains actors such cannot be run  as part of the export process from ExportModel or it has a WebExportParameters value that runBeforeExport set to false. To export run this model and export it, use vergil.
Exported /home/travis/build/icyphy/ptII/ptolemy/actor/lib/gem5/demo/DramThermalModel/DramThermalModel/index.html
6445 ms. Memory: 2772992K Free: 931389K (34%)
####### 127 Mon May 28 01:55:16 UTC 2018 $PTII/bin/ptinvoke ptolemy.vergil.basic.export.ExportModel -force htm -run -openComposites -timeOut 30000 -whiteBackground ptolemy/actor/lib/hoc/demo/ApplyFFT/ApplyFFT.xml $PTII/ptolemy/actor/lib/hoc/demo/ApplyFFT/ApplyFFT
Running .ApplyFFT
92 ms. Memory: 2772992K Free: 763763K (28%)
Exported /home/travis/build/icyphy/ptII/ptolemy/actor/lib/hoc/demo/ApplyFFT/ApplyFFT/index.html
4402 ms. Memory: 2772992K Free: 680294K (25%)
####### 128 Mon May 28 01:55:21 UTC 2018 $PTII/bin/ptinvoke ptolemy.vergil.basic.export.ExportModel -force htm -run -openComposites -timeOut 30000 -whiteBackground ptolemy/actor/lib/hoc/demo/Case/Case.xml $PTII/ptolemy/actor/lib/hoc/demo/Case/Case
Running .Case
58 ms. Memory: 2772992K Free: 570664K (21%)
Exported /home/travis/build/icyphy/ptII/ptolemy/actor/lib/hoc/demo/Case/Case/index.html
4379 ms. Memory: 2772992K Free: 404309K (15%)
####### 129 Mon May 28 01:55:25 UTC 2018 $PTII/bin/ptinvoke ptolemy.vergil.basic.export.ExportModel -force htm -run -openComposites -timeOut 30000 -whiteBackground ptolemy/actor/lib/hoc/demo/DFTSubSet/DFTSubSet.xml $PTII/ptolemy/actor/lib/hoc/demo/DFTSubSet/DFTSubSet
Running .DFTSubSet
279 ms. Memory: 2777600K Free: 1576654K (57%)
Exported /home/travis/build/icyphy/ptII/ptolemy/actor/lib/hoc/demo/DFTSubSet/DFTSubSet/index.html
5878 ms. Memory: 2777600K Free: 967073K (35%)
####### 130 Mon May 28 01:55:31 UTC 2018 $PTII/bin/ptinvoke ptolemy.vergil.basic.export.ExportModel -force htm -run -openComposites -timeOut 30000 -whiteBackground ptolemy/actor/lib/hoc/demo/HocDE/HocDE.xml $PTII/ptolemy/actor/lib/hoc/demo/HocDE/HocDE
Running .HocDE
198 ms. Memory: 2777600K Free: 773664K (28%)
Exported /home/travis/build/icyphy/ptII/ptolemy/actor/lib/hoc/demo/HocDE/HocDE/index.html
4806 ms. Memory: 2779648K Free: 1741995K (63%)
####### 131 Mon May 28 01:55:36 UTC 2018 $PTII/bin/ptinvoke ptolemy.vergil.basic.export.ExportModel -force htm -run -openComposites -timeOut 30000 -whiteBackground ptolemy/actor/lib/hoc/demo/IterateOverArray/IterateOverArray.xml $PTII/ptolemy/actor/lib/hoc/demo/IterateOverArray/IterateOverArray
Running .IterateOverArray
614 ms. Memory: 2779648K Free: 1545847K (56%)
Exported /home/travis/build/icyphy/ptII/ptolemy/actor/lib/hoc/demo/IterateOverArray/IterateOverArray/index.html
4903 ms. Memory: 2779648K Free: 1433748K (52%)
####### 132 Mon May 28 01:55:41 UTC 2018 $PTII/bin/ptinvoke ptolemy.vergil.basic.export.ExportModel -force htm -run -openComposites -timeOut 30000 -whiteBackground ptolemy/actor/lib/hoc/demo/MobileFunction/MobileFunction.xml $PTII/ptolemy/actor/lib/hoc/demo/MobileFunction/MobileFunction
Running .MobileFunction
18 ms. Memory: 2779648K Free: 1322662K (48%)
Exported /home/travis/build/icyphy/ptII/ptolemy/actor/lib/hoc/demo/MobileFunction/MobileFunction/index.html
4172 ms. Memory: 2779648K Free: 1293314K (47%)
####### 133 Mon May 28 01:55:45 UTC 2018 $PTII/bin/ptinvoke ptolemy.vergil.basic.export.ExportModel -force htm -run -openComposites -timeOut 30000 -whiteBackground ptolemy/actor/lib/hoc/demo/ModelReference/ModelReference.xml $PTII/ptolemy/actor/lib/hoc/demo/ModelReference/ModelReference
Running .ModelReference
167 ms. Memory: 2779648K Free: 1099466K (40%)
9 ms. Memory: 2779648K Free: 1099336K (40%)
ExportHTMLTimer went off after 30000 ms., calling getDirector().finish and getDirector().stopFire()
30003 ms. Memory: 2779648K Free: 1097380K (39%)
Exported /home/travis/build/icyphy/ptII/ptolemy/actor/lib/hoc/demo/ModelReference/ModelReference/index.html
34264 ms. Memory: 2779648K Free: 1068007K (38%)
####### 134 Mon May 28 01:56:19 UTC 2018 $PTII/bin/ptinvoke ptolemy.vergil.basic.export.ExportModel -force htm -run -openComposites -timeOut 30000 -whiteBackground ptolemy/actor/lib/hoc/demo/ThreadedComposite/BackgroundExecution.xml $PTII/ptolemy/actor/lib/hoc/demo/ThreadedComposite/BackgroundExecution
Running .BackgroundExecution
9007 ms. Memory: 2779648K Free: 953136K (34%)
Exported /home/travis/build/icyphy/ptII/ptolemy/actor/lib/hoc/demo/ThreadedComposite/BackgroundExecution/index.html
13188 ms. Memory: 2779648K Free: 896208K (32%)
####### 135 Mon May 28 01:56:32 UTC 2018 $PTII/bin/ptinvoke ptolemy.vergil.basic.export.ExportModel -force htm -run -openComposites -timeOut 30000 -whiteBackground ptolemy/actor/lib/hoc/demo/ThreadedComposite/ConcurrentChat.xml $PTII/ptolemy/actor/lib/hoc/demo/ThreadedComposite/ConcurrentChat
.ConcurrentChat.ThreadedComposite.InteractiveShell invoked SwingUtilities.invokeAndWait()
Model ".ConcurrentChat" contains actors such cannot be run  as part of the export process from ExportModel or it has a WebExportParameters value that runBeforeExport set to false. To export run this model and export it, use vergil.
Exported /home/travis/build/icyphy/ptII/ptolemy/actor/lib/hoc/demo/ThreadedComposite/ConcurrentChat/index.html
3173 ms. Memory: 2779648K Free: 753982K (27%)
####### 136 Mon May 28 01:56:36 UTC 2018 $PTII/bin/ptinvoke ptolemy.vergil.basic.export.ExportModel -force htm -run -openComposites -timeOut 30000 -whiteBackground ptolemy/actor/lib/hoc/demo/ThreadedComposite/MulticoreExecution.xml $PTII/ptolemy/actor/lib/hoc/demo/ThreadedComposite/MulticoreExecution
Running .MulticoreExecution
10044 ms. Memory: 2779648K Free: 611699K (22%)
Exported /home/travis/build/icyphy/ptII/ptolemy/actor/lib/hoc/demo/ThreadedComposite/MulticoreExecution/index.html
14248 ms. Memory: 2779648K Free: 499588K (18%)
####### 137 Mon May 28 01:56:50 UTC 2018 $PTII/bin/ptinvoke ptolemy.vergil.basic.export.ExportModel -force htm -run -openComposites -timeOut 30000 -whiteBackground ptolemy/actor/lib/hoc/demo/ThreadedComposite/ParallelExecution.xml $PTII/ptolemy/actor/lib/hoc/demo/ThreadedComposite/ParallelExecution
Running .ParallelExecution
9015 ms. Memory: 2779648K Free: 383121K (14%)
Exported /home/travis/build/icyphy/ptII/ptolemy/actor/lib/hoc/demo/ThreadedComposite/ParallelExecution/index.html
13192 ms. Memory: 2783744K Free: 1722845K (62%)
####### 138 Mon May 28 01:57:03 UTC 2018 $PTII/bin/ptinvoke ptolemy.vergil.basic.export.ExportModel -force htm -run -openComposites -timeOut 30000 -whiteBackground ptolemy/actor/lib/hoc/demo/ThreadedComposite/SpontaneousSources.xml $PTII/ptolemy/actor/lib/hoc/demo/ThreadedComposite/SpontaneousSources
.SpontaneousSources.ThreadedComposite.InteractiveShell invoked SwingUtilities.invokeAndWait()
Model ".SpontaneousSources" contains actors such cannot be run  as part of the export process from ExportModel or it has a WebExportParameters value that runBeforeExport set to false. To export run this model and export it, use vergil.
Exported /home/travis/build/icyphy/ptII/ptolemy/actor/lib/hoc/demo/ThreadedComposite/SpontaneousSources/index.html
3173 ms. Memory: 2783744K Free: 1579537K (57%)
####### 139 Mon May 28 01:57:06 UTC 2018 $PTII/bin/ptinvoke ptolemy.vergil.basic.export.ExportModel -force htm  -openComposites -timeOut 30000 -whiteBackground ptolemy/actor/lib/hoc/demo/ThreadedComposite/ThreadedComposite.xml $PTII/ptolemy/actor/lib/hoc/demo/ThreadedComposite/ThreadedComposite
Warning: not running ptolemy/actor/lib/hoc/demo/ThreadedComposite/ThreadedComposite.xml. See ptolemy/vergil/basic/export/test/junit/ExportModelJUnitTest.java
Exported /home/travis/build/icyphy/ptII/ptolemy/actor/lib/hoc/demo/ThreadedComposite/ThreadedComposite/index.html
3133 ms. Memory: 2783744K Free: 1463954K (53%)
####### 140 Mon May 28 01:57:09 UTC 2018 $PTII/bin/ptinvoke ptolemy.vergil.basic.export.ExportModel -force htm  -openComposites -timeOut 30000 -whiteBackground ptolemy/actor/lib/io/comm/demo/SerialConsole/SerialConsole.xml $PTII/ptolemy/actor/lib/io/comm/demo/SerialConsole/SerialConsole
Warning: not running ptolemy/actor/lib/io/comm/demo/SerialConsole/SerialConsole.xml. See ptolemy/vergil/basic/export/test/junit/ExportModelJUnitTest.java
Exported /home/travis/build/icyphy/ptII/ptolemy/actor/lib/io/comm/demo/SerialConsole/SerialConsole/index.html
3173 ms. Memory: 2783744K Free: 1322492K (48%)
####### 141 Mon May 28 01:57:13 UTC 2018 $PTII/bin/ptinvoke ptolemy.vergil.basic.export.ExportModel -force htm  -openComposites -timeOut 30000 -whiteBackground ptolemy/actor/lib/io/comm/demo/SerialPort/SerialPort.xml $PTII/ptolemy/actor/lib/io/comm/demo/SerialPort/SerialPort
Warning: not running ptolemy/actor/lib/io/comm/demo/SerialPort/SerialPort.xml. See ptolemy/vergil/basic/export/test/junit/ExportModelJUnitTest.java
Exported /home/travis/build/icyphy/ptII/ptolemy/actor/lib/io/comm/demo/SerialPort/SerialPort/index.html
3150 ms. Memory: 2783744K Free: 1208854K (43%)
####### 142 Mon May 28 01:57:16 UTC 2018 $PTII/bin/ptinvoke ptolemy.vergil.basic.export.ExportModel -force htm  -openComposites -timeOut 30000 -whiteBackground ptolemy/actor/lib/io/comm/demo/XBee/XBee.xml $PTII/ptolemy/actor/lib/io/comm/demo/XBee/XBee
Warning: not running ptolemy/actor/lib/io/comm/demo/XBee/XBee.xml. See ptolemy/vergil/basic/export/test/junit/ExportModelJUnitTest.java
Exported /home/travis/build/icyphy/ptII/ptolemy/actor/lib/io/comm/demo/XBee/XBee/index.html
3149 ms. Memory: 2783744K Free: 1065305K (38%)
####### 143 Mon May 28 01:57:19 UTC 2018 $PTII/bin/ptinvoke ptolemy.vergil.basic.export.ExportModel -force htm  -openComposites -timeOut 30000 -whiteBackground ptolemy/actor/lib/io/demo/AppendToFile/AppendToFile.xml $PTII/ptolemy/actor/lib/io/demo/AppendToFile/AppendToFile
Warning: not running ptolemy/actor/lib/io/demo/AppendToFile/AppendToFile.xml. See ptolemy/vergil/basic/export/test/junit/ExportModelJUnitTest.java
Exported /home/travis/build/icyphy/ptII/ptolemy/actor/lib/io/demo/AppendToFile/AppendToFile/index.html
3134 ms. Memory: 2783744K Free: 951595K (34%)
####### 144 Mon May 28 01:57:22 UTC 2018 $PTII/bin/ptinvoke ptolemy.vergil.basic.export.ExportModel -force htm  -openComposites -timeOut 30000 -whiteBackground ptolemy/actor/lib/io/demo/CopyFile/CopyFile.xml $PTII/ptolemy/actor/lib/io/demo/CopyFile/CopyFile
Warning: not running ptolemy/actor/lib/io/demo/CopyFile/CopyFile.xml. See ptolemy/vergil/basic/export/test/junit/ExportModelJUnitTest.java
Exported /home/travis/build/icyphy/ptII/ptolemy/actor/lib/io/demo/CopyFile/CopyFile/index.html
3130 ms. Memory: 2783744K Free: 837894K (30%)
####### 145 Mon May 28 01:57:25 UTC 2018 $PTII/bin/ptinvoke ptolemy.vergil.basic.export.ExportModel -force htm  -openComposites -timeOut 30000 -whiteBackground ptolemy/actor/lib/io/demo/FilePortParameter/FilePortParameter.xml $PTII/ptolemy/actor/lib/io/demo/FilePortParameter/FilePortParameter
Warning: not running ptolemy/actor/lib/io/demo/FilePortParameter/FilePortParameter.xml. See ptolemy/vergil/basic/export/test/junit/ExportModelJUnitTest.java
Exported /home/travis/build/icyphy/ptII/ptolemy/actor/lib/io/demo/FilePortParameter/FilePortParameter/index.html
3170 ms. Memory: 2783744K Free: 696371K (25%)
####### 146 Mon May 28 01:57:28 UTC 2018 $PTII/bin/ptinvoke ptolemy.vergil.basic.export.ExportModel -force htm  -openComposites -timeOut 30000 -whiteBackground ptolemy/actor/lib/io/demo/ReadExpressionsCommandLine/ReadExpressionsCommandLine.xml $PTII/ptolemy/actor/lib/io/demo/ReadExpressionsCommandLine/ReadExpressionsCommandLine
Warning: not running ptolemy/actor/lib/io/demo/ReadExpressionsCommandLine/ReadExpressionsCommandLine.xml. See ptolemy/vergil/basic/export/test/junit/ExportModelJUnitTest.java
Exported /home/travis/build/icyphy/ptII/ptolemy/actor/lib/io/demo/ReadExpressionsCommandLine/ReadExpressionsCommandLine/index.html
3122 ms. Memory: 2783744K Free: 554893K (20%)
####### 147 Mon May 28 01:57:31 UTC 2018 $PTII/bin/ptinvoke ptolemy.vergil.basic.export.ExportModel -force htm  -openComposites -timeOut 30000 -whiteBackground ptolemy/actor/lib/io/demo/ReadStdIn/ReadStdIn.xml $PTII/ptolemy/actor/lib/io/demo/ReadStdIn/ReadStdIn
Warning: not running ptolemy/actor/lib/io/demo/ReadStdIn/ReadStdIn.xml. See ptolemy/vergil/basic/export/test/junit/ExportModelJUnitTest.java
Exported /home/travis/build/icyphy/ptII/ptolemy/actor/lib/io/demo/ReadStdIn/ReadStdIn/index.html
3131 ms. Memory: 2783744K Free: 441115K (16%)
####### 148 Mon May 28 01:57:35 UTC 2018 $PTII/bin/ptinvoke ptolemy.vergil.basic.export.ExportModel -force htm -run -openComposites -timeOut 30000 -whiteBackground ptolemy/actor/lib/jai/demo/AdaptiveMedian/AdaptiveMedian.xml $PTII/ptolemy/actor/lib/jai/demo/AdaptiveMedian/AdaptiveMedian
Running .AdaptiveMedian
776 ms. Memory: 2787840K Free: 1616906K (58%)
Exported /home/travis/build/icyphy/ptII/ptolemy/actor/lib/jai/demo/AdaptiveMedian/AdaptiveMedian/index.html
5018 ms. Memory: 2787840K Free: 1587280K (57%)
####### 149 Mon May 28 01:57:40 UTC 2018 $PTII/bin/ptinvoke ptolemy.vergil.basic.export.ExportModel -force htm -run -openComposites -timeOut 30000 -whiteBackground ptolemy/actor/lib/jai/demo/ImageReconstruction/ImageReconstruction.xml $PTII/ptolemy/actor/lib/jai/demo/ImageReconstruction/ImageReconstruction
Running .ImageReconstruction
46 ms. Memory: 2787840K Free: 1475870K (53%)
Exported /home/travis/build/icyphy/ptII/ptolemy/actor/lib/jai/demo/ImageReconstruction/ImageReconstruction/index.html
4244 ms. Memory: 2787840K Free: 1444989K (52%)
####### 150 Mon May 28 01:57:44 UTC 2018 $PTII/bin/ptinvoke ptolemy.vergil.basic.export.ExportModel -force htm -run -openComposites -timeOut 30000 -whiteBackground ptolemy/actor/lib/jai/demo/VQSequenceDisplay/VQSequenceDisplay.xml $PTII/ptolemy/actor/lib/jai/demo/VQSequenceDisplay/VQSequenceDisplay
Running .VQSequenceDisplay
704 ms. Memory: 2787840K Free: 1277950K (46%)
Exported /home/travis/build/icyphy/ptII/ptolemy/actor/lib/jai/demo/VQSequenceDisplay/VQSequenceDisplay/index.html
4866 ms. Memory: 2787840K Free: 1248374K (45%)
]]></system-out>
  <system-err><![CDATA[May 28, 2018 1:32:52 AM sun.awt.X11.XToolkit processException
WARNING: Exception on Toolkit thread
java.lang.NullPointerException
	at java.awt.Component$BltBufferStrategy.contentsLost(Component.java:4479)
	at java.awt.Component$BltSubRegionBufferStrategy.showIfNotLost(Component.java:4542)
	at javax.swing.BufferStrategyPaintManager.show(BufferStrategyPaintManager.java:252)
	at javax.swing.RepaintManager.show(RepaintManager.java:1379)
	at javax.swing.SwingPaintEventDispatcher.createPaintEvent(SwingPaintEventDispatcher.java:61)
	at sun.awt.X11.XWindow.postPaintEvent(XWindow.java:564)
	at sun.awt.X11.XContentWindow.postPaintEvent(XContentWindow.java:163)
	at sun.awt.X11.XWindow.handleExposeEvent(XWindow.java:558)
	at sun.awt.X11.XContentWindow.handleExposeEvent(XContentWindow.java:45)
	at sun.awt.X11.XBaseWindow.dispatchEvent(XBaseWindow.java:1110)
	at sun.awt.X11.XBaseWindow.dispatchToWindow(XBaseWindow.java:1086)
	at sun.awt.X11.XToolkit.dispatchEvent(XToolkit.java:502)
	at sun.awt.X11.XToolkit.run(XToolkit.java:616)
	at sun.awt.X11.XToolkit.run(XToolkit.java:532)
	at java.lang.Thread.run(Thread.java:748)

Register Dispose
java.lang.NullPointerException
Register Dispose
java.lang.NullPointerException
Register Dispose
java.lang.NullPointerException
WARNING: Clock: Model stopped before executing actions (e.g. producing outputs) scheduled for execution at times [1.0]
WARNING: Mutable: Model stopped before executing actions (e.g. producing outputs) scheduled for execution at times [1.0]
Mutable: Connection refused.
ptolemy.kernel.util.IllegalActionException: Connection refused.
  in .AugmentedRealityFeedbackBlee.Mutable
Because:
MqttException
	at ptolemy.actor.lib.jjs.HelperBase$2.run(HelperBase.java:213)
	at ptolemy.actor.lib.jjs.JavaScript.fire(JavaScript.java:1060)
	at ptolemy.domains.de.kernel.DEDirector._fire(DEDirector.java:1948)
	at ptolemy.domains.de.kernel.DEDirector.fire(DEDirector.java:502)
	at ptolemy.actor.CompositeActor.fire(CompositeActor.java:455)
	at ptolemy.actor.Manager.iterate(Manager.java:851)
	at ptolemy.actor.Manager.execute(Manager.java:369)
	at ptolemy.vergil.basic.export.ExportModel$2.run(ExportModel.java:390)
	at java.awt.event.InvocationEvent.dispatch(InvocationEvent.java:301)
	at java.awt.EventQueue.dispatchEventImpl(EventQueue.java:756)
	at java.awt.EventQueue.access$500(EventQueue.java:97)
	at java.awt.EventQueue$3.run(EventQueue.java:709)
	at java.awt.EventQueue$3.run(EventQueue.java:703)
	at java.security.AccessController.doPrivileged(Native Method)
	at java.security.ProtectionDomain$JavaSecurityAccessImpl.doIntersectionPrivilege(ProtectionDomain.java:80)
	at java.awt.EventQueue.dispatchEvent(EventQueue.java:726)
	at java.awt.EventDispatchThread.pumpOneEventForFilters(EventDispatchThread.java:201)
	at java.awt.EventDispatchThread.pumpEventsForFilter(EventDispatchThread.java:116)
	at java.awt.EventDispatchThread.pumpEventsForHierarchy(EventDispatchThread.java:105)
	at java.awt.EventDispatchThread.pumpEvents(EventDispatchThread.java:101)
	at java.awt.EventDispatchThread.pumpEvents(EventDispatchThread.java:93)
	at java.awt.EventDispatchThread.run(EventDispatchThread.java:82)
Caused by: MqttException (0) - java.net.UnknownHostException: ThisIsNotAPipeNorIsITheBrokerHostIPAddress.UseSummonToFindALocalBroker
	at org.eclipse.paho.client.mqttv3.internal.ExceptionHelper.createMqttException(ExceptionHelper.java:38)
	at org.eclipse.paho.client.mqttv3.internal.ClientComms$ConnectBG.run(ClientComms.java:715)
	at java.util.concurrent.Executors$RunnableAdapter.call(Executors.java:511)
	at java.util.concurrent.FutureTask.run(FutureTask.java:266)
	at java.util.concurrent.ScheduledThreadPoolExecutor$ScheduledFutureTask.access$201(ScheduledThreadPoolExecutor.java:180)
	at java.util.concurrent.ScheduledThreadPoolExecutor$ScheduledFutureTask.run(ScheduledThreadPoolExecutor.java:293)
	at java.util.concurrent.ThreadPoolExecutor.runWorker(ThreadPoolExecutor.java:1149)
	at java.util.concurrent.ThreadPoolExecutor$Worker.run(ThreadPoolExecutor.java:624)
	at java.lang.Thread.run(Thread.java:748)
Caused by: java.net.UnknownHostException: ThisIsNotAPipeNorIsITheBrokerHostIPAddress.UseSummonToFindALocalBroker
	at java.net.AbstractPlainSocketImpl.connect(AbstractPlainSocketImpl.java:184)
	at java.net.SocksSocketImpl.connect(SocksSocketImpl.java:392)
	at java.net.Socket.connect(Socket.java:589)
	at org.eclipse.paho.client.mqttv3.internal.TCPNetworkModule.start(TCPNetworkModule.java:84)
	at org.eclipse.paho.client.mqttv3.internal.ClientComms$ConnectBG.run(ClientComms.java:701)
	... 7 more
Caused by: MqttException (0) - java.net.UnknownHostException: ThisIsNotAPipeNorIsITheBrokerHostIPAddress.UseSummonToFindALocalBroker
	at org.eclipse.paho.client.mqttv3.internal.ExceptionHelper.createMqttException(ExceptionHelper.java:38)
	at org.eclipse.paho.client.mqttv3.internal.ClientComms$ConnectBG.run(ClientComms.java:715)
	at java.util.concurrent.Executors$RunnableAdapter.call(Executors.java:511)
	at java.util.concurrent.FutureTask.run(FutureTask.java:266)
	at java.util.concurrent.ScheduledThreadPoolExecutor$ScheduledFutureTask.access$201(ScheduledThreadPoolExecutor.java:180)
	at java.util.concurrent.ScheduledThreadPoolExecutor$ScheduledFutureTask.run(ScheduledThreadPoolExecutor.java:293)
	at java.util.concurrent.ThreadPoolExecutor.runWorker(ThreadPoolExecutor.java:1149)
	at java.util.concurrent.ThreadPoolExecutor$Worker.run(ThreadPoolExecutor.java:624)
	at java.lang.Thread.run(Thread.java:748)
Caused by: java.net.UnknownHostException: ThisIsNotAPipeNorIsITheBrokerHostIPAddress.UseSummonToFindALocalBroker
	at java.net.AbstractPlainSocketImpl.connect(AbstractPlainSocketImpl.java:184)
	at java.net.SocksSocketImpl.connect(SocksSocketImpl.java:392)
	at java.net.Socket.connect(Socket.java:589)
	at org.eclipse.paho.client.mqttv3.internal.TCPNetworkModule.start(TCPNetworkModule.java:84)
	at org.eclipse.paho.client.mqttv3.internal.ClientComms$ConnectBG.run(ClientComms.java:701)
	... 7 more
WARNING: Clock: Model stopped before executing actions (e.g. producing outputs) scheduled for execution at times [23.0]
HttpClientHelper.java: Received an error for request 0: io.netty.channel.AbstractChannel$AnnotatedConnectException: Connection refused: localhost/127.0.0.1:8077
io.netty.channel.AbstractChannel$AnnotatedConnectException: Connection refused: localhost/127.0.0.1:8077
	at sun.nio.ch.SocketChannelImpl.checkConnect(Native Method)
	at sun.nio.ch.SocketChannelImpl.finishConnect(SocketChannelImpl.java:717)
	at io.netty.channel.socket.nio.NioSocketChannel.doFinishConnect(NioSocketChannel.java:325)
	at io.netty.channel.nio.AbstractNioChannel$AbstractNioUnsafe.finishConnect(AbstractNioChannel.java:340)
	at io.netty.channel.nio.NioEventLoop.processSelectedKey(NioEventLoop.java:633)
	at io.netty.channel.nio.NioEventLoop.processSelectedKeysOptimized(NioEventLoop.java:580)
	at io.netty.channel.nio.NioEventLoop.processSelectedKeys(NioEventLoop.java:497)
	at io.netty.channel.nio.NioEventLoop.run(NioEventLoop.java:459)
	at io.netty.util.concurrent.SingleThreadEventExecutor$5.run(SingleThreadEventExecutor.java:886)
	at io.netty.util.concurrent.FastThreadLocalRunnable.run(FastThreadLocalRunnable.java:30)
	at java.lang.Thread.run(Thread.java:748)
Caused by: java.net.ConnectException: Connection refused
	... 11 more
WARNING: Clock: Model stopped before executing actions (e.g. producing outputs) scheduled for execution at times [20.0]
Unable to export to web.
java.lang.ClassCastException: ptolemy.data.Token$1 cannot be cast to ptolemy.data.StringToken
	at ptolemy.data.expr.Variable.getValueAsString(Variable.java:689)
	at ptolemy.vergil.basic.export.web.ParameterDisplayIconScript.getParameterTable(ParameterDisplayIconScript.java:116)
	at ptolemy.vergil.basic.export.web.ParameterDisplayIconScript._provideDefaultAttributes(ParameterDisplayIconScript.java:168)
	at ptolemy.vergil.basic.export.web.DefaultIconScript._provideAttributes(DefaultIconScript.java:160)
	at ptolemy.vergil.basic.export.web.WebContent.provideContent(WebContent.java:176)
	at ptolemy.vergil.basic.export.html.ExportHTMLAction.writeHTML(ExportHTMLAction.java:745)
	at ptolemy.vergil.basic.BasicGraphFrame.writeHTML(BasicGraphFrame.java:1657)
	at ptolemy.vergil.basic.export.html.ExportHTMLAction$1$1.run(ExportHTMLAction.java:559)
	at java.awt.event.InvocationEvent.dispatch(InvocationEvent.java:311)
	at java.awt.EventQueue.dispatchEventImpl(EventQueue.java:756)
	at java.awt.EventQueue.access$500(EventQueue.java:97)
	at java.awt.EventQueue$3.run(EventQueue.java:709)
	at java.awt.EventQueue$3.run(EventQueue.java:703)
	at java.security.AccessController.doPrivileged(Native Method)
	at java.security.ProtectionDomain$JavaSecurityAccessImpl.doIntersectionPrivilege(ProtectionDomain.java:80)
	at java.awt.EventQueue.dispatchEvent(EventQueue.java:726)
	at java.awt.EventDispatchThread.pumpOneEventForFilters(EventDispatchThread.java:201)
	at java.awt.EventDispatchThread.pumpEventsForFilter(EventDispatchThread.java:116)
	at java.awt.EventDispatchThread.pumpEventsForHierarchy(EventDispatchThread.java:105)
	at java.awt.EventDispatchThread.pumpEvents(EventDispatchThread.java:101)
	at java.awt.EventDispatchThread.pumpEvents(EventDispatchThread.java:93)
	at java.awt.EventDispatchThread.run(EventDispatchThread.java:82)
UNCAUGHT EXCEPTION: java.lang.ClassCastException: ptolemy.data.Token$1 cannot be cast to ptolemy.data.StringToken
java.lang.RuntimeException: java.lang.ClassCastException: ptolemy.data.Token$1 cannot be cast to ptolemy.data.StringToken
	at ptolemy.vergil.basic.export.html.ExportHTMLAction$1$1.run(ExportHTMLAction.java:583)
	at java.awt.event.InvocationEvent.dispatch(InvocationEvent.java:311)
	at java.awt.EventQueue.dispatchEventImpl(EventQueue.java:756)
	at java.awt.EventQueue.access$500(EventQueue.java:97)
	at java.awt.EventQueue$3.run(EventQueue.java:709)
	at java.awt.EventQueue$3.run(EventQueue.java:703)
	at java.security.AccessController.doPrivileged(Native Method)
	at java.security.ProtectionDomain$JavaSecurityAccessImpl.doIntersectionPrivilege(ProtectionDomain.java:80)
	at java.awt.EventQueue.dispatchEvent(EventQueue.java:726)
	at java.awt.EventDispatchThread.pumpOneEventForFilters(EventDispatchThread.java:201)
	at java.awt.EventDispatchThread.pumpEventsForFilter(EventDispatchThread.java:116)
	at java.awt.EventDispatchThread.pumpEventsForHierarchy(EventDispatchThread.java:105)
	at java.awt.EventDispatchThread.pumpEvents(EventDispatchThread.java:101)
	at java.awt.EventDispatchThread.pumpEvents(EventDispatchThread.java:93)
	at java.awt.EventDispatchThread.run(EventDispatchThread.java:82)
Caused by: java.lang.ClassCastException: ptolemy.data.Token$1 cannot be cast to ptolemy.data.StringToken
	at ptolemy.data.expr.Variable.getValueAsString(Variable.java:689)
	at ptolemy.vergil.basic.export.web.ParameterDisplayIconScript.getParameterTable(ParameterDisplayIconScript.java:116)
	at ptolemy.vergil.basic.export.web.ParameterDisplayIconScript._provideDefaultAttributes(ParameterDisplayIconScript.java:168)
	at ptolemy.vergil.basic.export.web.DefaultIconScript._provideAttributes(DefaultIconScript.java:160)
	at ptolemy.vergil.basic.export.web.WebContent.provideContent(WebContent.java:176)
	at ptolemy.vergil.basic.export.html.ExportHTMLAction.writeHTML(ExportHTMLAction.java:745)
	at ptolemy.vergil.basic.BasicGraphFrame.writeHTML(BasicGraphFrame.java:1657)
	at ptolemy.vergil.basic.export.html.ExportHTMLAction$1$1.run(ExportHTMLAction.java:559)
	... 14 more
[AWT-EventQueue-0] INFO com.github.sarxos.webcam.Webcam - WebcamDefaultDriver capture driver will be used
[atomic-processor-1] INFO com.github.sarxos.webcam.ds.cgt.WebcamOpenTask - Opening webcam Dummy Webcam 0
[atomic-processor-1] INFO com.github.sarxos.webcam.ds.cgt.WebcamCloseTask - Closing Dummy Webcam 0
[atomic-processor-1] INFO com.github.sarxos.webcam.ds.cgt.WebcamOpenTask - Opening webcam Dummy Webcam 0
[atomic-processor-1] INFO com.github.sarxos.webcam.ds.cgt.WebcamCloseTask - Closing Dummy Webcam 0
WARNING: Camera: Model stopped before executing actions (e.g. producing outputs) scheduled for execution at times [18.785]
HttpClientHelper.java: Received an error for request 0: io.netty.channel.ConnectTimeoutException: connection timed out: /192.168.1.217:8099
io.netty.channel.ConnectTimeoutException: connection timed out: /192.168.1.217:8099
	at io.netty.channel.nio.AbstractNioChannel$AbstractNioUnsafe$1.run(AbstractNioChannel.java:267)
	at io.netty.util.concurrent.PromiseTask$RunnableAdapter.call(PromiseTask.java:38)
	at io.netty.util.concurrent.ScheduledFutureTask.run(ScheduledFutureTask.java:125)
	at io.netty.util.concurrent.AbstractEventExecutor.safeExecute(AbstractEventExecutor.java:163)
	at io.netty.util.concurrent.SingleThreadEventExecutor.runAllTasks(SingleThreadEventExecutor.java:404)
	at io.netty.channel.nio.NioEventLoop.run(NioEventLoop.java:463)
	at io.netty.util.concurrent.SingleThreadEventExecutor$5.run(SingleThreadEventExecutor.java:886)
	at io.netty.util.concurrent.FastThreadLocalRunnable.run(FastThreadLocalRunnable.java:30)
	at java.lang.Thread.run(Thread.java:748)
HttpClientHelper.java: Received an error for request 1: io.netty.channel.ConnectTimeoutException: connection timed out: /192.168.1.217:8099
io.netty.channel.ConnectTimeoutException: connection timed out: /192.168.1.217:8099
	at io.netty.channel.nio.AbstractNioChannel$AbstractNioUnsafe$1.run(AbstractNioChannel.java:267)
	at io.netty.util.concurrent.PromiseTask$RunnableAdapter.call(PromiseTask.java:38)
	at io.netty.util.concurrent.ScheduledFutureTask.run(ScheduledFutureTask.java:125)
	at io.netty.util.concurrent.AbstractEventExecutor.safeExecute(AbstractEventExecutor.java:163)
	at io.netty.util.concurrent.SingleThreadEventExecutor.runAllTasks(SingleThreadEventExecutor.java:404)
	at io.netty.channel.nio.NioEventLoop.run(NioEventLoop.java:463)
	at io.netty.util.concurrent.SingleThreadEventExecutor$5.run(SingleThreadEventExecutor.java:886)
	at io.netty.util.concurrent.FastThreadLocalRunnable.run(FastThreadLocalRunnable.java:30)
	at java.lang.Thread.run(Thread.java:748)
HttpClientHelper.java: Received an error for request 2: io.netty.channel.ConnectTimeoutException: connection timed out: /192.168.1.217:8099
io.netty.channel.ConnectTimeoutException: connection timed out: /192.168.1.217:8099
	at io.netty.channel.nio.AbstractNioChannel$AbstractNioUnsafe$1.run(AbstractNioChannel.java:267)
	at io.netty.util.concurrent.PromiseTask$RunnableAdapter.call(PromiseTask.java:38)
	at io.netty.util.concurrent.ScheduledFutureTask.run(ScheduledFutureTask.java:125)
	at io.netty.util.concurrent.AbstractEventExecutor.safeExecute(AbstractEventExecutor.java:163)
	at io.netty.util.concurrent.SingleThreadEventExecutor.runAllTasks(SingleThreadEventExecutor.java:404)
	at io.netty.channel.nio.NioEventLoop.run(NioEventLoop.java:463)
	at io.netty.util.concurrent.SingleThreadEventExecutor$5.run(SingleThreadEventExecutor.java:886)
	at io.netty.util.concurrent.FastThreadLocalRunnable.run(FastThreadLocalRunnable.java:30)
	at java.lang.Thread.run(Thread.java:748)
HttpClientHelper.java: Received an error for request 3: io.netty.channel.ConnectTimeoutException: connection timed out: /192.168.1.217:8099
io.netty.channel.ConnectTimeoutException: connection timed out: /192.168.1.217:8099
	at io.netty.channel.nio.AbstractNioChannel$AbstractNioUnsafe$1.run(AbstractNioChannel.java:267)
	at io.netty.util.concurrent.PromiseTask$RunnableAdapter.call(PromiseTask.java:38)
	at io.netty.util.concurrent.ScheduledFutureTask.run(ScheduledFutureTask.java:125)
	at io.netty.util.concurrent.AbstractEventExecutor.safeExecute(AbstractEventExecutor.java:163)
	at io.netty.util.concurrent.SingleThreadEventExecutor.runAllTasks(SingleThreadEventExecutor.java:404)
	at io.netty.channel.nio.NioEventLoop.run(NioEventLoop.java:463)
	at io.netty.util.concurrent.SingleThreadEventExecutor$5.run(SingleThreadEventExecutor.java:886)
	at io.netty.util.concurrent.FastThreadLocalRunnable.run(FastThreadLocalRunnable.java:30)
	at java.lang.Thread.run(Thread.java:748)
HttpClientHelper.java: Received an error for request 4: io.netty.channel.ConnectTimeoutException: connection timed out: /192.168.1.217:8099
io.netty.channel.ConnectTimeoutException: connection timed out: /192.168.1.217:8099
	at io.netty.channel.nio.AbstractNioChannel$AbstractNioUnsafe$1.run(AbstractNioChannel.java:267)
	at io.netty.util.concurrent.PromiseTask$RunnableAdapter.call(PromiseTask.java:38)
	at io.netty.util.concurrent.ScheduledFutureTask.run(ScheduledFutureTask.java:125)
	at io.netty.util.concurrent.AbstractEventExecutor.safeExecute(AbstractEventExecutor.java:163)
	at io.netty.util.concurrent.SingleThreadEventExecutor.runAllTasks(SingleThreadEventExecutor.java:404)
	at io.netty.channel.nio.NioEventLoop.run(NioEventLoop.java:463)
	at io.netty.util.concurrent.SingleThreadEventExecutor$5.run(SingleThreadEventExecutor.java:886)
	at io.netty.util.concurrent.FastThreadLocalRunnable.run(FastThreadLocalRunnable.java:30)
	at java.lang.Thread.run(Thread.java:748)
WARNING: GenerateLifxAccessors: Model stopped before executing actions (e.g. producing outputs) scheduled for execution at times [7.0, 11.0]
HttpClientHelper.java: Received an error for request 0: io.netty.channel.ConnectTimeoutException: connection timed out: /192.168.1.217:8099
io.netty.channel.ConnectTimeoutException: connection timed out: /192.168.1.217:8099
	at io.netty.channel.nio.AbstractNioChannel$AbstractNioUnsafe$1.run(AbstractNioChannel.java:267)
	at io.netty.util.concurrent.PromiseTask$RunnableAdapter.call(PromiseTask.java:38)
	at io.netty.util.concurrent.ScheduledFutureTask.run(ScheduledFutureTask.java:125)
	at io.netty.util.concurrent.AbstractEventExecutor.safeExecute(AbstractEventExecutor.java:163)
	at io.netty.util.concurrent.SingleThreadEventExecutor.runAllTasks(SingleThreadEventExecutor.java:404)
	at io.netty.channel.nio.NioEventLoop.run(NioEventLoop.java:463)
	at io.netty.util.concurrent.SingleThreadEventExecutor$5.run(SingleThreadEventExecutor.java:886)
	at io.netty.util.concurrent.FastThreadLocalRunnable.run(FastThreadLocalRunnable.java:30)
	at java.lang.Thread.run(Thread.java:748)
HttpClientHelper.java: Received an error for request 1: io.netty.channel.ConnectTimeoutException: connection timed out: /192.168.1.217:8099
io.netty.channel.ConnectTimeoutException: connection timed out: /192.168.1.217:8099
	at io.netty.channel.nio.AbstractNioChannel$AbstractNioUnsafe$1.run(AbstractNioChannel.java:267)
	at io.netty.util.concurrent.PromiseTask$RunnableAdapter.call(PromiseTask.java:38)
	at io.netty.util.concurrent.ScheduledFutureTask.run(ScheduledFutureTask.java:125)
	at io.netty.util.concurrent.AbstractEventExecutor.safeExecute(AbstractEventExecutor.java:163)
	at io.netty.util.concurrent.SingleThreadEventExecutor.runAllTasks(SingleThreadEventExecutor.java:404)
	at io.netty.channel.nio.NioEventLoop.run(NioEventLoop.java:463)
	at io.netty.util.concurrent.SingleThreadEventExecutor$5.run(SingleThreadEventExecutor.java:886)
	at io.netty.util.concurrent.FastThreadLocalRunnable.run(FastThreadLocalRunnable.java:30)
	at java.lang.Thread.run(Thread.java:748)
HttpClientHelper.java: Received an error for request 2: io.netty.channel.ConnectTimeoutException: connection timed out: /192.168.1.217:8099
io.netty.channel.ConnectTimeoutException: connection timed out: /192.168.1.217:8099
	at io.netty.channel.nio.AbstractNioChannel$AbstractNioUnsafe$1.run(AbstractNioChannel.java:267)
	at io.netty.util.concurrent.PromiseTask$RunnableAdapter.call(PromiseTask.java:38)
	at io.netty.util.concurrent.ScheduledFutureTask.run(ScheduledFutureTask.java:125)
	at io.netty.util.concurrent.AbstractEventExecutor.safeExecute(AbstractEventExecutor.java:163)
	at io.netty.util.concurrent.SingleThreadEventExecutor.runAllTasks(SingleThreadEventExecutor.java:404)
	at io.netty.channel.nio.NioEventLoop.run(NioEventLoop.java:463)
	at io.netty.util.concurrent.SingleThreadEventExecutor$5.run(SingleThreadEventExecutor.java:886)
	at io.netty.util.concurrent.FastThreadLocalRunnable.run(FastThreadLocalRunnable.java:30)
	at java.lang.Thread.run(Thread.java:748)
HttpClientHelper.java: Received an error for request 3: io.netty.channel.ConnectTimeoutException: connection timed out: /192.168.1.217:8099
io.netty.channel.ConnectTimeoutException: connection timed out: /192.168.1.217:8099
	at io.netty.channel.nio.AbstractNioChannel$AbstractNioUnsafe$1.run(AbstractNioChannel.java:267)
	at io.netty.util.concurrent.PromiseTask$RunnableAdapter.call(PromiseTask.java:38)
	at io.netty.util.concurrent.ScheduledFutureTask.run(ScheduledFutureTask.java:125)
	at io.netty.util.concurrent.AbstractEventExecutor.safeExecute(AbstractEventExecutor.java:163)
	at io.netty.util.concurrent.SingleThreadEventExecutor.runAllTasks(SingleThreadEventExecutor.java:404)
	at io.netty.channel.nio.NioEventLoop.run(NioEventLoop.java:463)
	at io.netty.util.concurrent.SingleThreadEventExecutor$5.run(SingleThreadEventExecutor.java:886)
	at io.netty.util.concurrent.FastThreadLocalRunnable.run(FastThreadLocalRunnable.java:30)
	at java.lang.Thread.run(Thread.java:748)
HttpClientHelper.java: Received an error for request 4: io.netty.channel.ConnectTimeoutException: connection timed out: /192.168.1.217:8099
io.netty.channel.ConnectTimeoutException: connection timed out: /192.168.1.217:8099
	at io.netty.channel.nio.AbstractNioChannel$AbstractNioUnsafe$1.run(AbstractNioChannel.java:267)
	at io.netty.util.concurrent.PromiseTask$RunnableAdapter.call(PromiseTask.java:38)
	at io.netty.util.concurrent.ScheduledFutureTask.run(ScheduledFutureTask.java:125)
	at io.netty.util.concurrent.AbstractEventExecutor.safeExecute(AbstractEventExecutor.java:163)
	at io.netty.util.concurrent.SingleThreadEventExecutor.runAllTasks(SingleThreadEventExecutor.java:404)
	at io.netty.channel.nio.NioEventLoop.run(NioEventLoop.java:463)
	at io.netty.util.concurrent.SingleThreadEventExecutor$5.run(SingleThreadEventExecutor.java:886)
	at io.netty.util.concurrent.FastThreadLocalRunnable.run(FastThreadLocalRunnable.java:30)
	at java.lang.Thread.run(Thread.java:748)
HttpClientHelper.java: Received an error for request 5: io.netty.channel.ConnectTimeoutException: connection timed out: /192.168.1.217:8099
io.netty.channel.ConnectTimeoutException: connection timed out: /192.168.1.217:8099
	at io.netty.channel.nio.AbstractNioChannel$AbstractNioUnsafe$1.run(AbstractNioChannel.java:267)
	at io.netty.util.concurrent.PromiseTask$RunnableAdapter.call(PromiseTask.java:38)
	at io.netty.util.concurrent.ScheduledFutureTask.run(ScheduledFutureTask.java:125)
	at io.netty.util.concurrent.AbstractEventExecutor.safeExecute(AbstractEventExecutor.java:163)
	at io.netty.util.concurrent.SingleThreadEventExecutor.runAllTasks(SingleThreadEventExecutor.java:404)
	at io.netty.channel.nio.NioEventLoop.run(NioEventLoop.java:463)
	at io.netty.util.concurrent.SingleThreadEventExecutor$5.run(SingleThreadEventExecutor.java:886)
	at io.netty.util.concurrent.FastThreadLocalRunnable.run(FastThreadLocalRunnable.java:30)
	at java.lang.Thread.run(Thread.java:748)
[atomic-processor-1] INFO com.github.sarxos.webcam.ds.cgt.WebcamOpenTask - Opening webcam Dummy Webcam 0
[atomic-processor-1] INFO com.github.sarxos.webcam.ds.cgt.WebcamCloseTask - Closing Dummy Webcam 0
WARNING: Camera: Model stopped before executing actions (e.g. producing outputs) scheduled for execution at times [17.453]
HttpClientHelper.java: Received an error for request 0: io.vertx.core.VertxException: Connection was closed
io.vertx.core.VertxException: Connection was closed
HttpClientHelper.java: Received an error for request 0: io.netty.channel.ConnectTimeoutException: connection timed out: /192.168.1.221:80
io.netty.channel.ConnectTimeoutException: connection timed out: /192.168.1.221:80
	at io.netty.channel.nio.AbstractNioChannel$AbstractNioUnsafe$1.run(AbstractNioChannel.java:267)
	at io.netty.util.concurrent.PromiseTask$RunnableAdapter.call(PromiseTask.java:38)
	at io.netty.util.concurrent.ScheduledFutureTask.run(ScheduledFutureTask.java:125)
	at io.netty.util.concurrent.AbstractEventExecutor.safeExecute(AbstractEventExecutor.java:163)
	at io.netty.util.concurrent.SingleThreadEventExecutor.runAllTasks(SingleThreadEventExecutor.java:404)
	at io.netty.channel.nio.NioEventLoop.run(NioEventLoop.java:463)
	at io.netty.util.concurrent.SingleThreadEventExecutor$5.run(SingleThreadEventExecutor.java:886)
	at io.netty.util.concurrent.FastThreadLocalRunnable.run(FastThreadLocalRunnable.java:30)
	at java.lang.Thread.run(Thread.java:748)
Hue: connection timed out: /192.168.1.221:80
[atomic-processor-1] INFO com.github.sarxos.webcam.ds.cgt.WebcamOpenTask - Opening webcam Dummy Webcam 0
HttpClientHelper.java: Received an error for request 0: io.netty.channel.ConnectTimeoutException: connection timed out: /192.168.2.2:80
io.netty.channel.ConnectTimeoutException: connection timed out: /192.168.2.2:80
	at io.netty.channel.nio.AbstractNioChannel$AbstractNioUnsafe$1.run(AbstractNioChannel.java:267)
	at io.netty.util.concurrent.PromiseTask$RunnableAdapter.call(PromiseTask.java:38)
	at io.netty.util.concurrent.ScheduledFutureTask.run(ScheduledFutureTask.java:125)
	at io.netty.util.concurrent.AbstractEventExecutor.safeExecute(AbstractEventExecutor.java:163)
	at io.netty.util.concurrent.SingleThreadEventExecutor.runAllTasks(SingleThreadEventExecutor.java:404)
	at io.netty.channel.nio.NioEventLoop.run(NioEventLoop.java:463)
	at io.netty.util.concurrent.SingleThreadEventExecutor$5.run(SingleThreadEventExecutor.java:886)
	at io.netty.util.concurrent.FastThreadLocalRunnable.run(FastThreadLocalRunnable.java:30)
	at java.lang.Thread.run(Thread.java:748)
Hue: connection timed out: /192.168.2.2:80
WARNING: Invoking send() too late (probably in a callback), so Camera is not able to send the token {type="class ptolemy.data.AWTImageToken", width="640", height="480"} to the output image. Token is discarded.
[atomic-processor-1] INFO com.github.sarxos.webcam.ds.cgt.WebcamCloseTask - Closing Dummy Webcam 0
[atomic-processor-1] INFO com.github.sarxos.webcam.ds.cgt.WebcamOpenTask - Opening webcam Dummy Webcam 0
HttpClientHelper.java: Received an error for request 0: io.netty.channel.ConnectTimeoutException: connection timed out: /10.0.0.235:80
io.netty.channel.ConnectTimeoutException: connection timed out: /10.0.0.235:80
	at io.netty.channel.nio.AbstractNioChannel$AbstractNioUnsafe$1.run(AbstractNioChannel.java:267)
	at io.netty.util.concurrent.PromiseTask$RunnableAdapter.call(PromiseTask.java:38)
	at io.netty.util.concurrent.ScheduledFutureTask.run(ScheduledFutureTask.java:125)
	at io.netty.util.concurrent.AbstractEventExecutor.safeExecute(AbstractEventExecutor.java:163)
	at io.netty.util.concurrent.SingleThreadEventExecutor.runAllTasks(SingleThreadEventExecutor.java:404)
	at io.netty.channel.nio.NioEventLoop.run(NioEventLoop.java:463)
	at io.netty.util.concurrent.SingleThreadEventExecutor$5.run(SingleThreadEventExecutor.java:886)
	at io.netty.util.concurrent.FastThreadLocalRunnable.run(FastThreadLocalRunnable.java:30)
	at java.lang.Thread.run(Thread.java:748)
[atomic-processor-1] INFO com.github.sarxos.webcam.ds.cgt.WebcamCloseTask - Closing Dummy Webcam 0
WARNING: Camera: Model stopped before executing actions (e.g. producing outputs) scheduled for execution at times [8.758000000000001, 49.556000000000004, 11.833, 21.027, 12.848, 31.193, 33.219, 50.584, 34.237, 19.999000000000002, 42.405, 17.96, 30.175, 10.8, 26.126, 51.595, 44.452, 48.543, 18.978, 14.897, 43.421, 9.779, 41.386, 6.703, 40.379000000000005, 7.731, 16.954, 13.866, 36.285000000000004, 37.308, 32.194, 24.081, 25.099, 4.668, 52.622, 5.695, 47.529, 29.157, 22.053, 39.353, 23.063000000000002, 38.335, 35.252, 15.922, 27.139, 46.513000000000005, 28.157, 45.481]
WARNING: Lifx: Model stopped before executing actions (e.g. producing outputs) scheduled for execution at times [14.1]
WARNING: GenerateQueries: Model stopped before executing actions (e.g. producing outputs) scheduled for execution at times [7.736000000000001]
[atomic-processor-1] INFO com.github.sarxos.webcam.ds.cgt.WebcamOpenTask - Opening webcam Dummy Webcam 0
Scarab: Connection failed after 11 tries: connection timed out: /192.168.0.111:9090
Scarab: Connection failed after 11 tries: connection timed out: /192.168.0.111:9090
Scarab: Connection failed after 11 tries: connection timed out: /192.168.0.111:9090
Scarab: Connection failed after 11 tries: connection timed out: /192.168.0.111:9090
Scarab: Connection failed after 11 tries: connection timed out: /192.168.0.111:9090
Scarab: Connection failed after 11 tries: connection timed out: /192.168.0.111:9090
Scarab: Unsent messages remain that were queued before the socket opened: [{"op":"unadvertise","topic":"/scarab/lucy/goal"}]
Scarab: Unsent messages remain that were queued before the socket opened: [{"op":"publish","topic":"/scarab/lucy/cmd_vel","msg":{"angular":{"x":0,"y":0,"z":0},"linear":{"x":0,"y":0,"z":0}}}, {"op":"publish","topic":"/scarab/lucy/cmd_vel","msg":{"angular":{"x":0,"y":0,"z":0},"linear":{"x":0,"y":0,"z":0}}}, {"op":"publish","topic":"/scarab/lucy/cmd_vel","msg":{"angular":{"x":0,"y":0,"z":-1.2791349283854168},"linear":{"x":0,"y":0,"z":0}}}, {"op":"publish","topic":"/scarab/lucy/cmd_vel","msg":{"angular":{"x":0,"y":0,"z":-2.7586151123046876},"linear":{"x":0,"y":0,"z":0}}}, {"op":"publish","topic":"/scarab/lucy/cmd_vel","msg":{"angular":{"x":0,"y":0,"z":-0.9583642578125001},"linear":{"x":0,"y":0,"z":0}}}, {"op":"publish","topic":"/scarab/lucy/cmd_vel","msg":{"angular":{"x":0,"y":0,"z":-0.5047603352864584},"linear":{"x":0,"y":0,"z":0}}}, {"op":"publish","topic":"/scarab/lucy/cmd_vel","msg":{"angular":{"x":0,"y":0,"z":-1.4516925048828127},"linear":{"x":0,"y":0,"z":0}}}, {"op":"publish","topic":"/scarab/lucy/cmd_vel","msg":{"angular":{"x":0,"y":0,"z":1.4754107666015626},"linear":{"x":0,"y":0,"z":0}}}, {"op":"publish","topic":"/scarab/lucy/cmd_vel","msg":{"angular":{"x":0,"y":0,"z":0.861492919921875},"linear":{"x":0,"y":0,"z":0}}}, {"op":"publish","topic":"/scarab/lucy/cmd_vel","msg":{"angular":{"x":0,"y":0,"z":-0.35441894531250007},"linear":{"x":0,"y":0,"z":0}}}, {"op":"publish","topic":"/scarab/lucy/cmd_vel","msg":{"angular":{"x":0,"y":0,"z":-0.88800048828125},"linear":{"x":0,"y":0,"z":0}}}, {"op":"publish","topic":"/scarab/lucy/cmd_vel","msg":{"angular":{"x":0,"y":0,"z":-1.6583923339843754},"linear":{"x":0,"y":0,"z":0}}}, {"op":"publish","topic":"/scarab/lucy/cmd_vel","msg":{"angular":{"x":0,"y":0,"z":0.5672131347656251},"linear":{"x":0,"y":0,"z":0}}}, {"op":"publish","topic":"/scarab/lucy/cmd_vel","msg":{"angular":{"x":0,"y":0,"z":1.5798260498046877},"linear":{"x":0,"y":0,"z":0}}}, {"op":"publish","topic":"/scarab/lucy/cmd_vel","msg":{"angular":{"x":0,"y":0,"z":0.5757242838541667},"linear":{"x":0,"y":0,"z":0}}}, {"op":"publish","topic":"/scarab/lucy/cmd_vel","msg":{"angular":{"x":0,"y":0,"z":0.47754923502604163},"linear":{"x":0,"y":0,"z":0}}}, {"op":"publish","topic":"/scarab/lucy/cmd_vel","msg":{"angular":{"x":0,"y":0,"z":0.7701253255208333},"linear":{"x":0,"y":0,"z":0}}}, {"op":"publish","topic":"/scarab/lucy/cmd_vel","msg":{"angular":{"x":0,"y":0,"z":-0.561494140625},"linear":{"x":0,"y":0,"z":0}}}, {"op":"publish","topic":"/scarab/lucy/cmd_vel","msg":{"angular":{"x":0,"y":0,"z":-0.31292358398437503},"linear":{"x":0,"y":0,"z":0}}}, {"op":"publish","topic":"/scarab/lucy/cmd_vel","msg":{"angular":{"x":0,"y":0,"z":-2.404913736979167},"linear":{"x":0,"y":0,"z":0}}}, {"op":"publish","topic":"/scarab/lucy/cmd_vel","msg":{"angular":{"x":0,"y":0,"z":-1.4313427734375002},"linear":{"x":0,"y":0,"z":0}}}, {"op":"publish","topic":"/scarab/lucy/cmd_vel","msg":{"angular":{"x":0,"y":0,"z":-1.7515637207031252},"linear":{"x":0,"y":0,"z":0}}}, {"op":"publish","topic":"/scarab/lucy/cmd_vel","msg":{"angular":{"x":0,"y":0,"z":-0.97056640625},"linear":{"x":0,"y":0,"z":0}}}, {"op":"publish","topic":"/scarab/lucy/cmd_vel","msg":{"angular":{"x":0,"y":0,"z":0.3251560465494791},"linear":{"x":0,"y":0,"z":0}}}, {"op":"publish","topic":"/scarab/lucy/cmd_vel","msg":{"angular":{"x":0,"y":0,"z":-0.862152099609375},"linear":{"x":0,"y":0,"z":0}}}, {"op":"publish","topic":"/scarab/lucy/cmd_vel","msg":{"angular":{"x":0,"y":0,"z":2.3899861653645837},"linear":{"x":0,"y":0,"z":0}}}, {"op":"publish","topic":"/scarab/lucy/cmd_vel","msg":{"angular":{"x":0,"y":0,"z":3.01914306640625},"linear":{"x":0,"y":0,"z":0}}}, {"op":"publish","topic":"/scarab/lucy/cmd_vel","msg":{"angular":{"x":0,"y":0,"z":2.143470052083334},"linear":{"x":0,"y":0,"z":0}}}, {"op":"publish","topic":"/scarab/lucy/cmd_vel","msg":{"angular":{"x":0,"y":0,"z":1.8770345052083335},"linear":{"x":0,"y":0,"z":0}}}, {"op":"publish","topic":"/scarab/lucy/cmd_vel","msg":{"angular":{"x":0,"y":0,"z":0.8525028483072917},"linear":{"x":0,"y":0,"z":0}}}, {"op":"publish","topic":"/scarab/lucy/cmd_vel","msg":{"angular":{"x":0,"y":0,"z":-0.6992962646484375},"linear":{"x":0,"y":0,"z":0}}}, {"op":"publish","topic":"/scarab/lucy/cmd_vel","msg":{"angular":{"x":0,"y":0,"z":0},"linear":{"x":0,"y":0,"z":0}}}, {"op":"publish","topic":"/scarab/lucy/cmd_vel","msg":{"angular":{"x":0,"y":0,"z":-0.35381510416666667},"linear":{"x":0,"y":0,"z":0}}}, {"op":"publish","topic":"/scarab/lucy/cmd_vel","msg":{"angular":{"x":0,"y":0,"z":-1.2122869873046878},"linear":{"x":0,"y":0,"z":0}}}, {"op":"publish","topic":"/scarab/lucy/cmd_vel","msg":{"angular":{"x":0,"y":0,"z":1.6938427734375001},"linear":{"x":0,"y":0,"z":0}}}, {"op":"publish","topic":"/scarab/lucy/cmd_vel","msg":{"angular":{"x":0,"y":0,"z":3.0518658447265627},"linear":{"x":0,"y":0,"z":0}}}, {"op":"publish","topic":"/scarab/lucy/cmd_vel","msg":{"angular":{"x":0,"y":0,"z":-1.767426554361979},"linear":{"x":0,"y":0,"z":0}}}, {"op":"publish","topic":"/scarab/lucy/cmd_vel","msg":{"angular":{"x":0,"y":0,"z":0.4840240478515626},"linear":{"x":0,"y":0,"z":0}}}, {"op":"publish","topic":"/scarab/lucy/cmd_vel","msg":{"angular":{"x":0,"y":0,"z":2.3452465820312502},"linear":{"x":0,"y":0,"z":0}}}, {"op":"publish","topic":"/scarab/lucy/cmd_vel","msg":{"angular":{"x":0,"y":0,"z":0.0254736328125},"linear":{"x":0,"y":0,"z":0}}}, {"op":"publish","topic":"/scarab/lucy/cmd_vel","msg":{"angular":{"x":0,"y":0,"z":-0.990826416015625},"linear":{"x":0,"y":0,"z":0}}}, {"op":"publish","topic":"/scarab/lucy/cmd_vel","msg":{"angular":{"x":0,"y":0,"z":0.677255859375},"linear":{"x":0,"y":0,"z":0}}}, {"op":"publish","topic":"/scarab/lucy/cmd_vel","msg":{"angular":{"x":0,"y":0,"z":0.3844537353515625},"linear":{"x":0,"y":0,"z":0}}}, {"op":"publish","topic":"/scarab/lucy/cmd_vel","msg":{"angular":{"x":0,"y":0,"z":0.8977864583333334},"linear":{"x":0,"y":0,"z":0}}}, {"op":"publish","topic":"/scarab/lucy/cmd_vel","msg":{"angular":{"x":0,"y":0,"z":-0.166751708984375},"linear":{"x":0,"y":0,"z":0}}}, {"op":"publish","topic":"/scarab/lucy/cmd_vel","msg":{"angular":{"x":0,"y":0,"z":-1.4108935546875},"linear":{"x":0,"y":0,"z":0}}}, {"op":"publish","topic":"/scarab/lucy/cmd_vel","msg":{"angular":{"x":0,"y":0,"z":-1.3245735677083335},"linear":{"x":0,"y":0,"z":0}}}, {"op":"publish","topic":"/scarab/lucy/cmd_vel","msg":{"angular":{"x":0,"y":0,"z":-1.3331966145833332},"linear":{"x":0,"y":0,"z":0}}}, {"op":"publish","topic":"/scarab/lucy/cmd_vel","msg":{"angular":{"x":0,"y":0,"z":0.7825907389322917},"linear":{"x":0,"y":0,"z":0}}}, {"op":"publish","topic":"/scarab/lucy/cmd_vel","msg":{"angular":{"x":0,"y":0,"z":-1.448315633138021},"linear":{"x":0,"y":0,"z":0}}}, {"op":"publish","topic":"/scarab/lucy/cmd_vel","msg":{"angular":{"x":0,"y":0,"z":-1.7469392903645833},"linear":{"x":0,"y":0,"z":0}}}, {"op":"publish","topic":"/scarab/lucy/cmd_vel","msg":{"angular":{"x":0,"y":0,"z":-2.25091552734375},"linear":{"x":0,"y":0,"z":0}}}, {"op":"publish","topic":"/scarab/lucy/cmd_vel","msg":{"angular":{"x":0,"y":0,"z":-1.515103963216146},"linear":{"x":0,"y":0,"z":0}}}, {"op":"publish","topic":"/scarab/lucy/cmd_vel","msg":{"angular":{"x":0,"y":0,"z":0.5835333251953125},"linear":{"x":0,"y":0,"z":0}}}, {"op":"publish","topic":"/scarab/lucy/cmd_vel","msg":{"angular":{"x":0,"y":0,"z":-0.49887817382812505},"linear":{"x":0,"y":0,"z":0}}}, {"op":"publish","topic":"/scarab/lucy/cmd_vel","msg":{"angular":{"x":0,"y":0,"z":-0.5658528645833333},"linear":{"x":0,"y":0,"z":0}}}, {"op":"publish","topic":"/scarab/lucy/cmd_vel","msg":{"angular":{"x":0,"y":0,"z":-1.020521240234375},"linear":{"x":0,"y":0,"z":0}}}, {"op":"publish","topic":"/scarab/lucy/cmd_vel","msg":{"angular":{"x":0,"y":0,"z":-0.4702453613281251},"linear":{"x":0,"y":0,"z":0}}}, {"op":"publish","topic":"/scarab/lucy/cmd_vel","msg":{"angular":{"x":0,"y":0,"z":0.259228515625},"linear":{"x":0,"y":0,"z":0}}}, {"op":"publish","topic":"/scarab/lucy/cmd_vel","msg":{"angular":{"x":0,"y":0,"z":1.7645178222656253},"linear":{"x":0,"y":0,"z":0}}}, {"op":"publish","topic":"/scarab/lucy/cmd_vel","msg":{"angular":{"x":0,"y":0,"z":1.1626904296875},"linear":{"x":0,"y":0,"z":0}}}, {"op":"publish","topic":"/scarab/lucy/cmd_vel","msg":{"angular":{"x":0,"y":0,"z":0.3815445963541667},"linear":{"x":0,"y":0,"z":0}}}, {"op":"publish","topic":"/scarab/lucy/cmd_vel","msg":{"angular":{"x":0,"y":0,"z":-1.7439973958333337},"linear":{"x":0,"y":0,"z":0}}}, {"op":"publish","topic":"/scarab/lucy/cmd_vel","msg":{"angular":{"x":0,"y":0,"z":1.43713623046875},"linear":{"x":0,"y":0,"z":0}}}, {"op":"publish","topic":"/scarab/lucy/cmd_vel","msg":{"angular":{"x":0,"y":0,"z":-1.0651822916666667},"linear":{"x":0,"y":0,"z":0}}}, {"op":"publish","topic":"/scarab/lucy/cmd_vel","msg":{"angular":{"x":0,"y":0,"z":-1.5855255126953127},"linear":{"x":0,"y":0,"z":0}}}, {"op":"publish","topic":"/scarab/lucy/cmd_vel","msg":{"angular":{"x":0,"y":0,"z":0.58131103515625},"linear":{"x":0,"y":0,"z":0}}}, {"op":"publish","topic":"/scarab/lucy/cmd_vel","msg":{"angular":{"x":0,"y":0,"z":1.859921671549479},"linear":{"x":0,"y":0,"z":0}}}, {"op":"publish","topic":"/scarab/lucy/cmd_vel","msg":{"angular":{"x":0,"y":0,"z":2.9954890950520836},"linear":{"x":0,"y":0,"z":0}}}, {"op":"publish","topic":"/scarab/lucy/cmd_vel","msg":{"angular":{"x":0,"y":0,"z":3.380942993164063},"linear":{"x":0,"y":0,"z":0}}}, {"op":"publish","topic":"/scarab/lucy/cmd_vel","msg":{"angular":{"x":0,"y":0,"z":0.6196614583333334},"linear":{"x":0,"y":0,"z":0}}}, {"op":"publish","topic":"/scarab/lucy/cmd_vel","msg":{"angular":{"x":0,"y":0,"z":0.5917838541666667},"linear":{"x":0,"y":0,"z":0}}}, {"op":"publish","topic":"/scarab/lucy/cmd_vel","msg":{"angular":{"x":0,"y":0,"z":-0.15652404785156251},"linear":{"x":0,"y":0,"z":0}}}, {"op":"publish","topic":"/scarab/lucy/cmd_vel","msg":{"angular":{"x":0,"y":0,"z":2.2685650634765624},"linear":{"x":0,"y":0,"z":0}}}, {"op":"publish","topic":"/scarab/lucy/cmd_vel","msg":{"angular":{"x":0,"y":0,"z":-1.5959814453124999},"linear":{"x":0,"y":0,"z":0}}}, {"op":"publish","topic":"/scarab/lucy/cmd_vel","msg":{"angular":{"x":0,"y":0,"z":0.5893326822916667},"linear":{"x":0,"y":0,"z":0}}}, {"op":"publish","topic":"/scarab/lucy/cmd_vel","msg":{"angular":{"x":0,"y":0,"z":2.8671417236328125},"linear":{"x":0,"y":0,"z":0}}}, {"op":"publish","topic":"/scarab/lucy/cmd_vel","msg":{"angular":{"x":0,"y":0,"z":1.3689900716145833},"linear":{"x":0,"y":0,"z":0}}}, {"op":"publish","topic":"/scarab/lucy/cmd_vel","msg":{"angular":{"x":0,"y":0,"z":0.8994657389322918},"linear":{"x":0,"y":0,"z":0}}}, {"op":"publish","topic":"/scarab/lucy/cmd_vel","msg":{"angular":{"x":0,"y":0,"z":-0.22038777669270834},"linear":{"x":0,"y":0,"z":0}}}, {"op":"publish","topic":"/scarab/lucy/cmd_vel","msg":{"angular":{"x":0,"y":0,"z":0.6713806152343751},"linear":{"x":0,"y":0,"z":0}}}, {"op":"publish","topic":"/scarab/lucy/cmd_vel","msg":{"angular":{"x":0,"y":0,"z":3.1027480061848958},"linear":{"x":0,"y":0,"z":0}}}, {"op":"publish","topic":"/scarab/lucy/cmd_vel","msg":{"angular":{"x":0,"y":0,"z":1.3107421875000003},"linear":{"x":0,"y":0,"z":0}}}, {"op":"publish","topic":"/scarab/lucy/cmd_vel","msg":{"angular":{"x":0,"y":0,"z":0.8531038411458333},"linear":{"x":0,"y":0,"z":0}}}, {"op":"publish","topic":"/scarab/lucy/cmd_vel","msg":{"angular":{"x":0,"y":0,"z":0.938155517578125},"linear":{"x":0,"y":0,"z":0}}}, {"op":"publish","topic":"/scarab/lucy/cmd_vel","msg":{"angular":{"x":0,"y":0,"z":1.751531982421875},"linear":{"x":0,"y":0,"z":0}}}, {"op":"publish","topic":"/scarab/lucy/cmd_vel","msg":{"angular":{"x":0,"y":0,"z":1.4533262125651043},"linear":{"x":0,"y":0,"z":0}}}, {"op":"publish","topic":"/scarab/lucy/cmd_vel","msg":{"angular":{"x":0,"y":0,"z":-0.7543888346354166},"linear":{"x":0,"y":0,"z":0}}}, {"op":"publish","topic":"/scarab/lucy/cmd_vel","msg":{"angular":{"x":0,"y":0,"z":-0.6420182291666667},"linear":{"x":0,"y":0,"z":0}}}, {"op":"publish","topic":"/scarab/lucy/cmd_vel","msg":{"angular":{"x":0,"y":0,"z":1.4481331380208335},"linear":{"x":0,"y":0,"z":0}}}, {"op":"publish","topic":"/scarab/lucy/cmd_vel","msg":{"angular":{"x":0,"y":0,"z":1.3039892578125},"linear":{"x":0,"y":0,"z":0}}}, {"op":"publish","topic":"/scarab/lucy/cmd_vel","msg":{"angular":{"x":0,"y":0,"z":-2.7869641113281247},"linear":{"x":0,"y":0,"z":0}}}, {"op":"publish","topic":"/scarab/lucy/cmd_vel","msg":{"angular":{"x":0,"y":0,"z":-1.3925130208333334},"linear":{"x":0,"y":0,"z":0}}}, {"op":"publish","topic":"/scarab/lucy/cmd_vel","msg":{"angular":{"x":0,"y":0,"z":-1.4974332682291667},"linear":{"x":0,"y":0,"z":0}}}, {"op":"publish","topic":"/scarab/lucy/cmd_vel","msg":{"angular":{"x":0,"y":0,"z":-1.7928621419270836},"linear":{"x":0,"y":0,"z":0}}}, {"op":"publish","topic":"/scarab/lucy/cmd_vel","msg":{"angular":{"x":0,"y":0,"z":0.6453466796875001},"linear":{"x":0,"y":0,"z":0}}}, {"op":"publish","topic":"/scarab/lucy/cmd_vel","msg":{"angular":{"x":0,"y":0,"z":1.1792862955729166},"linear":{"x":0,"y":0,"z":0}}}, {"op":"publish","topic":"/scarab/lucy/cmd_vel","msg":{"angular":{"x":0,"y":0,"z":0.2916788736979167},"linear":{"x":0,"y":0,"z":0}}}, {"op":"publish","topic":"/scarab/lucy/cmd_vel","msg":{"angular":{"x":0,"y":0,"z":0.13214009602864582},"linear":{"x":0,"y":0,"z":0}}}, {"op":"publish","topic":"/scarab/lucy/cmd_vel","msg":{"angular":{"x":0,"y":0,"z":0.10177815755208333},"linear":{"x":0,"y":0,"z":0}}}, {"op":"publish","topic":"/scarab/lucy/cmd_vel","msg":{"angular":{"x":0,"y":0,"z":-0.9439546712239583},"linear":{"x":0,"y":0,"z":0}}}, {"op":"publish","topic":"/scarab/lucy/cmd_vel","msg":{"angular":{"x":0,"y":0,"z":1.7443603515625},"linear":{"x":0,"y":0,"z":0}}}, {"op":"publish","topic":"/scarab/lucy/cmd_vel","msg":{"angular":{"x":0,"y":0,"z":1.7027520751953127},"linear":{"x":0,"y":0,"z":0}}}, {"op":"publish","topic":"/scarab/lucy/cmd_vel","msg":{"angular":{"x":0,"y":0,"z":1.229539998372396},"linear":{"x":0,"y":0,"z":0}}}, {"op":"publish","topic":"/scarab/lucy/cmd_vel","msg":{"angular":{"x":0,"y":0,"z":-0.88319091796875},"linear":{"x":0,"y":0,"z":0}}}, {"op":"publish","topic":"/scarab/lucy/cmd_vel","msg":{"angular":{"x":0,"y":0,"z":-0.09696533203125},"linear":{"x":0,"y":0,"z":0}}}, {"op":"publish","topic":"/scarab/lucy/cmd_vel","msg":{"angular":{"x":0,"y":0,"z":-2.448317057291667},"linear":{"x":0,"y":0,"z":0}}}, {"op":"publish","topic":"/scarab/lucy/cmd_vel","msg":{"angular":{"x":0,"y":0,"z":-0.8429516601562501},"linear":{"x":0,"y":0,"z":0}}}, {"op":"publish","topic":"/scarab/lucy/cmd_vel","msg":{"angular":{"x":0,"y":0,"z":0.6667104085286459},"linear":{"x":0,"y":0,"z":0}}}, {"op":"publish","topic":"/scarab/lucy/cmd_vel","msg":{"angular":{"x":0,"y":0,"z":-1.7991739908854167},"linear":{"x":0,"y":0,"z":0}}}, {"op":"publish","topic":"/scarab/lucy/cmd_vel","msg":{"angular":{"x":0,"y":0,"z":-1.151878662109375},"linear":{"x":0,"y":0,"z":0}}}, {"op":"publish","topic":"/scarab/lucy/cmd_vel","msg":{"angular":{"x":0,"y":0,"z":-1.6718778483072918},"linear":{"x":0,"y":0,"z":0}}}, {"op":"publish","topic":"/scarab/lucy/cmd_vel","msg":{"angular":{"x":0,"y":0,"z":1.843525390625},"linear":{"x":0,"y":0,"z":0}}}, {"op":"publish","topic":"/scarab/lucy/cmd_vel","msg":{"angular":{"x":0,"y":0,"z":-0.7067749023437501},"linear":{"x":0,"y":0,"z":0}}}, {"op":"publish","topic":"/scarab/lucy/cmd_vel","msg":{"angular":{"x":0,"y":0,"z":-1.8629180908203125},"linear":{"x":0,"y":0,"z":0}}}, {"op":"publish","topic":"/scarab/lucy/cmd_vel","msg":{"angular":{"x":0,"y":0,"z":-1.092308553059896},"linear":{"x":0,"y":0,"z":0}}}, {"op":"publish","topic":"/scarab/lucy/cmd_vel","msg":{"angular":{"x":0,"y":0,"z":0.35702209472656254},"linear":{"x":0,"y":0,"z":0}}}, {"op":"publish","topic":"/scarab/lucy/cmd_vel","msg":{"angular":{"x":0,"y":0,"z":-0.6410400390625},"linear":{"x":0,"y":0,"z":0}}}, {"op":"publish","topic":"/scarab/lucy/cmd_vel","msg":{"angular":{"x":0,"y":0,"z":0.1712353515625},"linear":{"x":0,"y":0,"z":0}}}, {"op":"publish","topic":"/scarab/lucy/cmd_vel","msg":{"angular":{"x":0,"y":0,"z":0.849647216796875},"linear":{"x":0,"y":0,"z":0}}}, {"op":"publish","topic":"/scarab/lucy/cmd_vel","msg":{"angular":{"x":0,"y":0,"z":0.4708038330078125},"linear":{"x":0,"y":0,"z":0}}}, {"op":"publish","topic":"/scarab/lucy/cmd_vel","msg":{"angular":{"x":0,"y":0,"z":-0.12928710937500001},"linear":{"x":0,"y":0,"z":0}}}, {"op":"publish","topic":"/scarab/lucy/cmd_vel","msg":{"angular":{"x":0,"y":0,"z":0.5393554687500001},"linear":{"x":0,"y":0,"z":0}}}, {"op":"publish","topic":"/scarab/lucy/cmd_vel","msg":{"angular":{"x":0,"y":0,"z":0.26202392578125},"linear":{"x":0,"y":0,"z":0}}}, {"op":"publish","topic":"/scarab/lucy/cmd_vel","msg":{"angular":{"x":0,"y":0,"z":1.341357421875},"linear":{"x":0,"y":0,"z":0}}}, {"op":"publish","topic":"/scarab/lucy/cmd_vel","msg":{"angular":{"x":0,"y":0,"z":0.8537548828125001},"linear":{"x":0,"y":0,"z":0}}}, {"op":"publish","topic":"/scarab/lucy/cmd_vel","msg":{"angular":{"x":0,"y":0,"z":1.9657185872395835},"linear":{"x":0,"y":0,"z":0}}}, {"op":"publish","topic":"/scarab/lucy/cmd_vel","msg":{"angular":{"x":0,"y":0,"z":-0.089102783203125},"linear":{"x":0,"y":0,"z":0}}}, {"op":"publish","topic":"/scarab/lucy/cmd_vel","msg":{"angular":{"x":0,"y":0,"z":-1.5912764485677084},"linear":{"x":0,"y":0,"z":0}}}, {"op":"publish","topic":"/scarab/lucy/cmd_vel","msg":{"angular":{"x":0,"y":0,"z":0.5366943359375},"linear":{"x":0,"y":0,"z":0}}}, {"op":"publish","topic":"/scarab/lucy/cmd_vel","msg":{"angular":{"x":0,"y":0,"z":1.6241959635416667},"linear":{"x":0,"y":0,"z":0}}}, {"op":"publish","topic":"/scarab/lucy/cmd_vel","msg":{"angular":{"x":0,"y":0,"z":0.47485656738281257},"linear":{"x":0,"y":0,"z":0}}}, {"op":"publish","topic":"/scarab/lucy/cmd_vel","msg":{"angular":{"x":0,"y":0,"z":-0.5050048828125},"linear":{"x":0,"y":0,"z":0}}}, {"op":"publish","topic":"/scarab/lucy/cmd_vel","msg":{"angular":{"x":0,"y":0,"z":-0.9170882161458334},"linear":{"x":0,"y":0,"z":0}}}, {"op":"publish","topic":"/scarab/lucy/cmd_vel","msg":{"angular":{"x":0,"y":0,"z":0.6823154703776042},"linear":{"x":0,"y":0,"z":0}}}, {"op":"publish","topic":"/scarab/lucy/cmd_vel","msg":{"angular":{"x":0,"y":0,"z":-1.17626953125},"linear":{"x":0,"y":0,"z":0}}}, {"op":"publish","topic":"/scarab/lucy/cmd_vel","msg":{"angular":{"x":0,"y":0,"z":0.11822428385416665},"linear":{"x":0,"y":0,"z":0}}}, {"op":"publish","topic":"/scarab/lucy/cmd_vel","msg":{"angular":{"x":0,"y":0,"z":1.739366455078125},"linear":{"x":0,"y":0,"z":0}}}, {"op":"publish","topic":"/scarab/lucy/cmd_vel","msg":{"angular":{"x":0,"y":0,"z":0.7420198567708334},"linear":{"x":0,"y":0,"z":0}}}, {"op":"publish","topic":"/scarab/lucy/cmd_vel","msg":{"angular":{"x":0,"y":0,"z":0.8387500000000001},"linear":{"x":0,"y":0,"z":0}}}, {"op":"publish","topic":"/scarab/lucy/cmd_vel","msg":{"angular":{"x":0,"y":0,"z":0.6719657389322917},"linear":{"x":0,"y":0,"z":0}}}, {"op":"publish","topic":"/scarab/lucy/cmd_vel","msg":{"angular":{"x":0,"y":0,"z":2.202484130859375},"linear":{"x":0,"y":0,"z":0}}}, {"op":"publish","topic":"/scarab/lucy/cmd_vel","msg":{"angular":{"x":0,"y":0,"z":1.5798797607421875},"linear":{"x":0,"y":0,"z":0}}}, {"op":"publish","topic":"/scarab/lucy/cmd_vel","msg":{"angular":{"x":0,"y":0,"z":1.8662137858072918},"linear":{"x":0,"y":0,"z":0}}}, {"op":"publish","topic":"/scarab/lucy/cmd_vel","msg":{"angular":{"x":0,"y":0,"z":2.157191162109375},"linear":{"x":0,"y":0,"z":0}}}, {"op":"publish","topic":"/scarab/lucy/cmd_vel","msg":{"angular":{"x":0,"y":0,"z":-0.5722762044270834},"linear":{"x":0,"y":0,"z":0}}}, {"op":"publish","topic":"/scarab/lucy/cmd_vel","msg":{"angular":{"x":0,"y":0,"z":3.5838114420572915},"linear":{"x":0,"y":0,"z":0}}}, {"op":"publish","topic":"/scarab/lucy/cmd_vel","msg":{"angular":{"x":0,"y":0,"z":3.313438517252604},"linear":{"x":0,"y":0,"z":0}}}, {"op":"publish","topic":"/scarab/lucy/cmd_vel","msg":{"angular":{"x":0,"y":0,"z":1.8470495605468753},"linear":{"x":0,"y":0,"z":0}}}, {"op":"publish","topic":"/scarab/lucy/cmd_vel","msg":{"angular":{"x":0,"y":0,"z":0.6600531005859376},"linear":{"x":0,"y":0,"z":0}}}, {"op":"publish","topic":"/scarab/lucy/cmd_vel","msg":{"angular":{"x":0,"y":0,"z":-0.6134623209635417},"linear":{"x":0,"y":0,"z":0}}}, {"op":"publish","topic":"/scarab/lucy/cmd_vel","msg":{"angular":{"x":0,"y":0,"z":-0.28190592447916674},"linear":{"x":0,"y":0,"z":0}}}, {"op":"publish","topic":"/scarab/lucy/cmd_vel","msg":{"angular":{"x":0,"y":0,"z":-0.44595723470052084},"linear":{"x":0,"y":0,"z":0}}}, {"op":"publish","topic":"/scarab/lucy/cmd_vel","msg":{"angular":{"x":0,"y":0,"z":0.12434651692708334},"linear":{"x":0,"y":0,"z":0}}}, {"op":"publish","topic":"/scarab/lucy/cmd_vel","msg":{"angular":{"x":0,"y":0,"z":0.32280069986979165},"linear":{"x":0,"y":0,"z":0}}}, {"op":"publish","topic":"/scarab/lucy/cmd_vel","msg":{"angular":{"x":0,"y":0,"z":-0.041315917968750004},"linear":{"x":0,"y":0,"z":0}}}, {"op":"publish","topic":"/scarab/lucy/cmd_vel","msg":{"angular":{"x":0,"y":0,"z":-0.9786566162109377},"linear":{"x":0,"y":0,"z":0}}}, {"op":"publish","topic":"/scarab/lucy/cmd_vel","msg":{"angular":{"x":0,"y":0,"z":1.1373028564453125},"linear":{"x":0,"y":0,"z":0}}}, {"op":"publish","topic":"/scarab/lucy/cmd_vel","msg":{"angular":{"x":0,"y":0,"z":0.9150288899739584},"linear":{"x":0,"y":0,"z":0}}}, {"op":"publish","topic":"/scarab/lucy/cmd_vel","msg":{"angular":{"x":0,"y":0,"z":0.31015441894531254},"linear":{"x":0,"y":0,"z":0}}}, {"op":"publish","topic":"/scarab/lucy/cmd_vel","msg":{"angular":{"x":0,"y":0,"z":2.008133951822917},"linear":{"x":0,"y":0,"z":0}}}, {"op":"publish","topic":"/scarab/lucy/cmd_vel","msg":{"angular":{"x":0,"y":0,"z":-1.2351983642578126},"linear":{"x":0,"y":0,"z":0}}}, {"op":"publish","topic":"/scarab/lucy/cmd_vel","msg":{"angular":{"x":0,"y":0,"z":-1.1621588134765626},"linear":{"x":0,"y":0,"z":0}}}, {"op":"publish","topic":"/scarab/lucy/cmd_vel","msg":{"angular":{"x":0,"y":0,"z":-1.5305631510416666},"linear":{"x":0,"y":0,"z":0}}}, {"op":"publish","topic":"/scarab/lucy/cmd_vel","msg":{"angular":{"x":0,"y":0,"z":-1.5950337727864583},"linear":{"x":0,"y":0,"z":0}}}, {"op":"publish","topic":"/scarab/lucy/cmd_vel","msg":{"angular":{"x":0,"y":0,"z":1.4929581705729165},"linear":{"x":0,"y":0,"z":0}}}, {"op":"publish","topic":"/scarab/lucy/cmd_vel","msg":{"angular":{"x":0,"y":0,"z":1.1132080078125},"linear":{"x":0,"y":0,"z":0}}}, {"op":"publish","topic":"/scarab/lucy/cmd_vel","msg":{"angular":{"x":0,"y":0,"z":0.7222721354166668},"linear":{"x":0,"y":0,"z":0}}}, {"op":"publish","topic":"/scarab/lucy/cmd_vel","msg":{"angular":{"x":0,"y":0,"z":1.30638427734375},"linear":{"x":0,"y":0,"z":0}}}, {"op":"publish","topic":"/scarab/lucy/cmd_vel","msg":{"angular":{"x":0,"y":0,"z":0.4562174479166667},"linear":{"x":0,"y":0,"z":0}}}, {"op":"publish","topic":"/scarab/lucy/cmd_vel","msg":{"angular":{"x":0,"y":0,"z":2.755684407552083},"linear":{"x":0,"y":0,"z":0}}}, {"op":"publish","topic":"/scarab/lucy/cmd_vel","msg":{"angular":{"x":0,"y":0,"z":1.9523437500000003},"linear":{"x":0,"y":0,"z":0}}}, {"op":"publish","topic":"/scarab/lucy/cmd_vel","msg":{"angular":{"x":0,"y":0,"z":-0.16523681640625001},"linear":{"x":0,"y":0,"z":0}}}, {"op":"publish","topic":"/scarab/lucy/cmd_vel","msg":{"angular":{"x":0,"y":0,"z":0.9564005533854166},"linear":{"x":0,"y":0,"z":0}}}, {"op":"publish","topic":"/scarab/lucy/cmd_vel","msg":{"angular":{"x":0,"y":0,"z":-0.30155273437499996},"linear":{"x":0,"y":0,"z":0}}}, {"op":"publish","topic":"/scarab/lucy/cmd_vel","msg":{"angular":{"x":0,"y":0,"z":0.46916951497395837},"linear":{"x":0,"y":0,"z":0}}}, {"op":"publish","topic":"/scarab/lucy/cmd_vel","msg":{"angular":{"x":0,"y":0,"z":-0.8734692382812501},"linear":{"x":0,"y":0,"z":0}}}, {"op":"publish","topic":"/scarab/lucy/cmd_vel","msg":{"angular":{"x":0,"y":0,"z":1.0462744140625},"linear":{"x":0,"y":0,"z":0}}}, {"op":"publish","topic":"/scarab/lucy/cmd_vel","msg":{"angular":{"x":0,"y":0,"z":2.353858235677083},"linear":{"x":0,"y":0,"z":0}}}, {"op":"publish","topic":"/scarab/lucy/cmd_vel","msg":{"angular":{"x":0,"y":0,"z":2.4196797688802087},"linear":{"x":0,"y":0,"z":0}}}, {"op":"publish","topic":"/scarab/lucy/cmd_vel","msg":{"angular":{"x":0,"y":0,"z":1.7403841145833332},"linear":{"x":0,"y":0,"z":0}}}, {"op":"publish","topic":"/scarab/lucy/cmd_vel","msg":{"angular":{"x":0,"y":0,"z":0.6350657145182291},"linear":{"x":0,"y":0,"z":0}}}, {"op":"publish","topic":"/scarab/lucy/cmd_vel","msg":{"angular":{"x":0,"y":0,"z":0.13565490722656254},"linear":{"x":0,"y":0,"z":0}}}, {"op":"publish","topic":"/scarab/lucy/cmd_vel","msg":{"angular":{"x":0,"y":0,"z":-0.8994242350260416},"linear":{"x":0,"y":0,"z":0}}}, {"op":"publish","topic":"/scarab/lucy/cmd_vel","msg":{"angular":{"x":0,"y":0,"z":-0.9273284912109375},"linear":{"x":0,"y":0,"z":0}}}, {"op":"publish","topic":"/scarab/lucy/cmd_vel","msg":{"angular":{"x":0,"y":0,"z":2.1182531738281254},"linear":{"x":0,"y":0,"z":0}}}, {"op":"publish","topic":"/scarab/lucy/cmd_vel","msg":{"angular":{"x":0,"y":0,"z":2.5606648763020834},"linear":{"x":0,"y":0,"z":0}}}, {"op":"publish","topic":"/scarab/lucy/cmd_vel","msg":{"angular":{"x":0,"y":0,"z":1.2572322591145835},"linear":{"x":0,"y":0,"z":0}}}, {"op":"publish","topic":"/scarab/lucy/cmd_vel","msg":{"angular":{"x":0,"y":0,"z":1.9957958984375002},"linear":{"x":0,"y":0,"z":0}}}, {"op":"publish","topic":"/scarab/lucy/cmd_vel","msg":{"angular":{"x":0,"y":0,"z":3.3338232421875005},"linear":{"x":0,"y":0,"z":0}}}, {"op":"publish","topic":"/scarab/lucy/cmd_vel","msg":{"angular":{"x":0,"y":0,"z":1.0538962809244792},"linear":{"x":0,"y":0,"z":0}}}, {"op":"publish","topic":"/scarab/lucy/cmd_vel","msg":{"angular":{"x":0,"y":0,"z":0.8410367838541667},"linear":{"x":0,"y":0,"z":0}}}, {"op":"publish","topic":"/scarab/lucy/cmd_vel","msg":{"angular":{"x":0,"y":0,"z":1.8395776367187502},"linear":{"x":0,"y":0,"z":0}}}, {"op":"publish","topic":"/scarab/lucy/cmd_vel","msg":{"angular":{"x":0,"y":0,"z":1.7445369466145835},"linear":{"x":0,"y":0,"z":0}}}, {"op":"publish","topic":"/scarab/lucy/cmd_vel","msg":{"angular":{"x":0,"y":0,"z":1.699676513671875},"linear":{"x":0,"y":0,"z":0}}}, {"op":"publish","topic":"/scarab/lucy/cmd_vel","msg":{"angular":{"x":0,"y":0,"z":-0.17786824544270835},"linear":{"x":0,"y":0,"z":0}}}, {"op":"publish","topic":"/scarab/lucy/cmd_vel","msg":{"angular":{"x":0,"y":0,"z":1.169400634765625},"linear":{"x":0,"y":0,"z":0}}}, {"op":"publish","topic":"/scarab/lucy/cmd_vel","msg":{"angular":{"x":0,"y":0,"z":1.6841257731119792},"linear":{"x":0,"y":0,"z":0}}}, {"op":"publish","topic":"/scarab/lucy/cmd_vel","msg":{"angular":{"x":0,"y":0,"z":2.0384480794270834},"linear":{"x":0,"y":0,"z":0}}}, {"op":"publish","topic":"/scarab/lucy/cmd_vel","msg":{"angular":{"x":0,"y":0,"z":1.5488932291666666},"linear":{"x":0,"y":0,"z":0}}}, {"op":"publish","topic":"/scarab/lucy/cmd_vel","msg":{"angular":{"x":0,"y":0,"z":-1.528561197916667},"linear":{"x":0,"y":0,"z":0}}}, {"op":"publish","topic":"/scarab/lucy/cmd_vel","msg":{"angular":{"x":0,"y":0,"z":-2.1601460774739585},"linear":{"x":0,"y":0,"z":0}}}, {"op":"publish","topic":"/scarab/lucy/cmd_vel","msg":{"angular":{"x":0,"y":0,"z":0.3985514322916667},"linear":{"x":0,"y":0,"z":0}}}, {"op":"publish","topic":"/scarab/lucy/cmd_vel","msg":{"angular":{"x":0,"y":0,"z":0.37935180664062507},"linear":{"x":0,"y":0,"z":0}}}, {"op":"publish","topic":"/scarab/lucy/cmd_vel","msg":{"angular":{"x":0,"y":0,"z":0.3816955566406251},"linear":{"x":0,"y":0,"z":0}}}, {"op":"publish","topic":"/scarab/lucy/cmd_vel","msg":{"angular":{"x":0,"y":0,"z":1.2784692382812501},"linear":{"x":0,"y":0,"z":0}}}, {"op":"publish","topic":"/scarab/lucy/cmd_vel","msg":{"angular":{"x":0,"y":0,"z":-0.77754638671875},"linear":{"x":0,"y":0,"z":0}}}, {"op":"publish","topic":"/scarab/lucy/cmd_vel","msg":{"angular":{"x":0,"y":0,"z":-0.35363464355468754},"linear":{"x":0,"y":0,"z":0}}}, {"op":"publish","topic":"/scarab/lucy/cmd_vel","msg":{"angular":{"x":0,"y":0,"z":0.45714558919270837},"linear":{"x":0,"y":0,"z":0}}}, {"op":"publish","topic":"/scarab/lucy/cmd_vel","msg":{"angular":{"x":0,"y":0,"z":0.93524169921875},"linear":{"x":0,"y":0,"z":0}}}, {"op":"publish","topic":"/scarab/lucy/cmd_vel","msg":{"angular":{"x":0,"y":0,"z":-2.28851806640625},"linear":{"x":0,"y":0,"z":0}}}, {"op":"publish","topic":"/scarab/lucy/cmd_vel","msg":{"angular":{"x":0,"y":0,"z":-0.09035278320312501},"linear":{"x":0,"y":0,"z":0}}}, {"op":"publish","topic":"/scarab/lucy/cmd_vel","msg":{"angular":{"x":0,"y":0,"z":0.17798828125},"linear":{"x":0,"y":0,"z":0}}}, {"op":"publish","topic":"/scarab/lucy/cmd_vel","msg":{"angular":{"x":0,"y":0,"z":-0.09534179687500001},"linear":{"x":0,"y":0,"z":0}}}, {"op":"publish","topic":"/scarab/lucy/cmd_vel","msg":{"angular":{"x":0,"y":0,"z":0},"linear":{"x":0,"y":0,"z":0}}}, {"op":"publish","topic":"/scarab/lucy/cmd_vel","msg":{"angular":{"x":0,"y":0,"z":2.9298608398437507},"linear":{"x":0,"y":0,"z":0}}}, {"op":"publish","topic":"/scarab/lucy/cmd_vel","msg":{"linear":{"x":0,"y":0,"z":0},"angular":{"x":0,"y":0,"z":0}}}, {"op":"unadvertise","topic":"/scarab/lucy/cmd_vel"}]
Scarab: Unsent messages remain that were queued before the socket opened: [{"op":"unadvertise","topic":"/scarab/lucy/cancel"}]
WARNING: Invoking send() too late (probably in a callback), so Camera is not able to send the token {type="class ptolemy.data.AWTImageToken", width="640", height="480"} to the output image. Token is discarded.
[atomic-processor-1] INFO com.github.sarxos.webcam.ds.cgt.WebcamCloseTask - Closing Dummy Webcam 0
HttpClientHelper.java: Received an error for request 0: io.netty.channel.ConnectTimeoutException: connection timed out: /10.0.0.234:80
io.netty.channel.ConnectTimeoutException: connection timed out: /10.0.0.234:80
	at io.netty.channel.nio.AbstractNioChannel$AbstractNioUnsafe$1.run(AbstractNioChannel.java:267)
	at io.netty.util.concurrent.PromiseTask$RunnableAdapter.call(PromiseTask.java:38)
	at io.netty.util.concurrent.ScheduledFutureTask.run(ScheduledFutureTask.java:125)
	at io.netty.util.concurrent.AbstractEventExecutor.safeExecute(AbstractEventExecutor.java:163)
	at io.netty.util.concurrent.SingleThreadEventExecutor.runAllTasks(SingleThreadEventExecutor.java:404)
	at io.netty.channel.nio.NioEventLoop.run(NioEventLoop.java:463)
	at io.netty.util.concurrent.SingleThreadEventExecutor$5.run(SingleThreadEventExecutor.java:886)
	at io.netty.util.concurrent.FastThreadLocalRunnable.run(FastThreadLocalRunnable.java:30)
	at java.lang.Thread.run(Thread.java:748)
Hue: connection timed out: /10.0.0.234:80
No executionListeners? Error message was: Exception occurred: class java.util.ConcurrentModificationException(null)
java.util.ConcurrentModificationException
	at java.util.HashMap$HashIterator.nextNode(HashMap.java:1442)
	at java.util.HashMap$KeyIterator.next(HashMap.java:1466)
	at ptolemy.kernel.util.NamedObj.removeHierarchyListener(NamedObj.java:1819)
	at ptolemy.kernel.util.NamedObj.clone(NamedObj.java:572)
	at ptolemy.kernel.InstantiableNamedObj.clone(InstantiableNamedObj.java:143)
	at ptolemy.kernel.Entity.clone(Entity.java:160)
	at ptolemy.kernel.ComponentEntity.clone(ComponentEntity.java:125)
	at ptolemy.actor.AtomicActor.clone(AtomicActor.java:187)
	at ptolemy.actor.TypedAtomicActor.clone(TypedAtomicActor.java:175)
	at ptolemy.domains.continuous.kernel.ContinuousIntegrator.clone(ContinuousIntegrator.java:224)
	at ptolemy.kernel.CompositeEntity.clone(CompositeEntity.java:362)
	at ptolemy.actor.CompositeActor.clone(CompositeActor.java:284)
	at ptolemy.kernel.CompositeEntity.clone(CompositeEntity.java:362)
	at ptolemy.actor.CompositeActor.clone(CompositeActor.java:284)
	at ptolemy.domains.modal.modal.ModalModel.clone(ModalModel.java:328)
	at ptolemy.kernel.CompositeEntity.clone(CompositeEntity.java:362)
	at ptolemy.actor.CompositeActor.clone(CompositeActor.java:284)
	at ptolemy.data.ActorToken.getEntity(ActorToken.java:100)
	at ptolemy.actor.gt.ModelExecutor.fire(ModelExecutor.java:109)
	at ptolemy.actor.process.ProcessThread._iterateActor(ProcessThread.java:339)
	at ptolemy.actor.process.ProcessThread.run(ProcessThread.java:213)
TransformationEditor: Ignoring clone of .Utilities beause we don't known how to import it. Exception was: ptolemy.kernel.util.NameDuplicationException: Attempt to insert object named "Utilities" into container named ".library", which already contains an object with that name.
TransformationEditor: Ignoring clone of .Directors beause we don't known how to import it. Exception was: ptolemy.kernel.util.NameDuplicationException: Attempt to insert object named "Directors" into container named ".library", which already contains an object with that name.
TransformationEditor: Ignoring clone of .Actors beause we don't known how to import it. Exception was: ptolemy.kernel.util.NameDuplicationException: Attempt to insert object named "Actors" into container named ".library", which already contains an object with that name.
TransformationEditor: Ignoring clone of .MoreLibraries beause we don't known how to import it. Exception was: ptolemy.kernel.util.NameDuplicationException: Attempt to insert object named "MoreLibraries" into container named ".library", which already contains an object with that name.
TransformationEditor: Ignoring clone of .Utilities beause we don't known how to import it. Exception was: ptolemy.kernel.util.NameDuplicationException: Attempt to insert object named "Utilities" into container named ".library", which already contains an object with that name.
TransformationEditor: Ignoring clone of .Directors beause we don't known how to import it. Exception was: ptolemy.kernel.util.NameDuplicationException: Attempt to insert object named "Directors" into container named ".library", which already contains an object with that name.
TransformationEditor: Ignoring clone of .Actors beause we don't known how to import it. Exception was: ptolemy.kernel.util.NameDuplicationException: Attempt to insert object named "Actors" into container named ".library", which already contains an object with that name.
TransformationEditor: Ignoring clone of .MoreLibraries beause we don't known how to import it. Exception was: ptolemy.kernel.util.NameDuplicationException: Attempt to insert object named "MoreLibraries" into container named ".library", which already contains an object with that name.
TransformationEditor: Ignoring clone of .Utilities beause we don't known how to import it. Exception was: ptolemy.kernel.util.NameDuplicationException: Attempt to insert object named "Utilities" into container named ".library", which already contains an object with that name.
TransformationEditor: Ignoring clone of .Directors beause we don't known how to import it. Exception was: ptolemy.kernel.util.NameDuplicationException: Attempt to insert object named "Directors" into container named ".library", which already contains an object with that name.
TransformationEditor: Ignoring clone of .Actors beause we don't known how to import it. Exception was: ptolemy.kernel.util.NameDuplicationException: Attempt to insert object named "Actors" into container named ".library", which already contains an object with that name.
TransformationEditor: Ignoring clone of .MoreLibraries beause we don't known how to import it. Exception was: ptolemy.kernel.util.NameDuplicationException: Attempt to insert object named "MoreLibraries" into container named ".library", which already contains an object with that name.
TransformationEditor: Ignoring clone of .Utilities beause we don't known how to import it. Exception was: ptolemy.kernel.util.NameDuplicationException: Attempt to insert object named "Utilities" into container named ".library", which already contains an object with that name.
TransformationEditor: Ignoring clone of .Directors beause we don't known how to import it. Exception was: ptolemy.kernel.util.NameDuplicationException: Attempt to insert object named "Directors" into container named ".library", which already contains an object with that name.
TransformationEditor: Ignoring clone of .Actors beause we don't known how to import it. Exception was: ptolemy.kernel.util.NameDuplicationException: Attempt to insert object named "Actors" into container named ".library", which already contains an object with that name.
TransformationEditor: Ignoring clone of .MoreLibraries beause we don't known how to import it. Exception was: ptolemy.kernel.util.NameDuplicationException: Attempt to insert object named "MoreLibraries" into container named ".library", which already contains an object with that name.
TransformationEditor: Ignoring clone of .Utilities beause we don't known how to import it. Exception was: ptolemy.kernel.util.NameDuplicationException: Attempt to insert object named "Utilities" into container named ".library", which already contains an object with that name.
TransformationEditor: Ignoring clone of .Directors beause we don't known how to import it. Exception was: ptolemy.kernel.util.NameDuplicationException: Attempt to insert object named "Directors" into container named ".library", which already contains an object with that name.
TransformationEditor: Ignoring clone of .Actors beause we don't known how to import it. Exception was: ptolemy.kernel.util.NameDuplicationException: Attempt to insert object named "Actors" into container named ".library", which already contains an object with that name.
TransformationEditor: Ignoring clone of .MoreLibraries beause we don't known how to import it. Exception was: ptolemy.kernel.util.NameDuplicationException: Attempt to insert object named "MoreLibraries" into container named ".library", which already contains an object with that name.
TransformationEditor: Ignoring clone of .Utilities beause we don't known how to import it. Exception was: ptolemy.kernel.util.NameDuplicationException: Attempt to insert object named "Utilities" into container named ".library", which already contains an object with that name.
TransformationEditor: Ignoring clone of .Directors beause we don't known how to import it. Exception was: ptolemy.kernel.util.NameDuplicationException: Attempt to insert object named "Directors" into container named ".library", which already contains an object with that name.
TransformationEditor: Ignoring clone of .Actors beause we don't known how to import it. Exception was: ptolemy.kernel.util.NameDuplicationException: Attempt to insert object named "Actors" into container named ".library", which already contains an object with that name.
TransformationEditor: Ignoring clone of .MoreLibraries beause we don't known how to import it. Exception was: ptolemy.kernel.util.NameDuplicationException: Attempt to insert object named "MoreLibraries" into container named ".library", which already contains an object with that name.
TransformationEditor: Ignoring clone of .Utilities beause we don't known how to import it. Exception was: ptolemy.kernel.util.NameDuplicationException: Attempt to insert object named "Utilities" into container named ".library", which already contains an object with that name.
TransformationEditor: Ignoring clone of .Directors beause we don't known how to import it. Exception was: ptolemy.kernel.util.NameDuplicationException: Attempt to insert object named "Directors" into container named ".library", which already contains an object with that name.
TransformationEditor: Ignoring clone of .Actors beause we don't known how to import it. Exception was: ptolemy.kernel.util.NameDuplicationException: Attempt to insert object named "Actors" into container named ".library", which already contains an object with that name.
TransformationEditor: Ignoring clone of .MoreLibraries beause we don't known how to import it. Exception was: ptolemy.kernel.util.NameDuplicationException: Attempt to insert object named "MoreLibraries" into container named ".library", which already contains an object with that name.
TransformationEditor: Ignoring clone of .Utilities beause we don't known how to import it. Exception was: ptolemy.kernel.util.NameDuplicationException: Attempt to insert object named "Utilities" into container named ".library", which already contains an object with that name.
TransformationEditor: Ignoring clone of .Directors beause we don't known how to import it. Exception was: ptolemy.kernel.util.NameDuplicationException: Attempt to insert object named "Directors" into container named ".library", which already contains an object with that name.
TransformationEditor: Ignoring clone of .Actors beause we don't known how to import it. Exception was: ptolemy.kernel.util.NameDuplicationException: Attempt to insert object named "Actors" into container named ".library", which already contains an object with that name.
TransformationEditor: Ignoring clone of .MoreLibraries beause we don't known how to import it. Exception was: ptolemy.kernel.util.NameDuplicationException: Attempt to insert object named "MoreLibraries" into container named ".library", which already contains an object with that name.
TransformationEditor: Ignoring clone of .Utilities beause we don't known how to import it. Exception was: ptolemy.kernel.util.NameDuplicationException: Attempt to insert object named "Utilities" into container named ".library", which already contains an object with that name.
TransformationEditor: Ignoring clone of .Directors beause we don't known how to import it. Exception was: ptolemy.kernel.util.NameDuplicationException: Attempt to insert object named "Directors" into container named ".library", which already contains an object with that name.
TransformationEditor: Ignoring clone of .Actors beause we don't known how to import it. Exception was: ptolemy.kernel.util.NameDuplicationException: Attempt to insert object named "Actors" into container named ".library", which already contains an object with that name.
TransformationEditor: Ignoring clone of .MoreLibraries beause we don't known how to import it. Exception was: ptolemy.kernel.util.NameDuplicationException: Attempt to insert object named "MoreLibraries" into container named ".library", which already contains an object with that name.
TransformationEditor: Ignoring clone of .Utilities beause we don't known how to import it. Exception was: ptolemy.kernel.util.NameDuplicationException: Attempt to insert object named "Utilities" into container named ".library", which already contains an object with that name.
TransformationEditor: Ignoring clone of .Directors beause we don't known how to import it. Exception was: ptolemy.kernel.util.NameDuplicationException: Attempt to insert object named "Directors" into container named ".library", which already contains an object with that name.
TransformationEditor: Ignoring clone of .Actors beause we don't known how to import it. Exception was: ptolemy.kernel.util.NameDuplicationException: Attempt to insert object named "Actors" into container named ".library", which already contains an object with that name.
TransformationEditor: Ignoring clone of .MoreLibraries beause we don't known how to import it. Exception was: ptolemy.kernel.util.NameDuplicationException: Attempt to insert object named "MoreLibraries" into container named ".library", which already contains an object with that name.
TransformationEditor: Ignoring clone of .Utilities beause we don't known how to import it. Exception was: ptolemy.kernel.util.NameDuplicationException: Attempt to insert object named "Utilities" into container named ".library", which already contains an object with that name.
TransformationEditor: Ignoring clone of .Directors beause we don't known how to import it. Exception was: ptolemy.kernel.util.NameDuplicationException: Attempt to insert object named "Directors" into container named ".library", which already contains an object with that name.
TransformationEditor: Ignoring clone of .Actors beause we don't known how to import it. Exception was: ptolemy.kernel.util.NameDuplicationException: Attempt to insert object named "Actors" into container named ".library", which already contains an object with that name.
TransformationEditor: Ignoring clone of .MoreLibraries beause we don't known how to import it. Exception was: ptolemy.kernel.util.NameDuplicationException: Attempt to insert object named "MoreLibraries" into container named ".library", which already contains an object with that name.
TransformationEditor: Ignoring clone of .Utilities beause we don't known how to import it. Exception was: ptolemy.kernel.util.NameDuplicationException: Attempt to insert object named "Utilities" into container named ".library", which already contains an object with that name.
TransformationEditor: Ignoring clone of .Directors beause we don't known how to import it. Exception was: ptolemy.kernel.util.NameDuplicationException: Attempt to insert object named "Directors" into container named ".library", which already contains an object with that name.
TransformationEditor: Ignoring clone of .Actors beause we don't known how to import it. Exception was: ptolemy.kernel.util.NameDuplicationException: Attempt to insert object named "Actors" into container named ".library", which already contains an object with that name.
TransformationEditor: Ignoring clone of .MoreLibraries beause we don't known how to import it. Exception was: ptolemy.kernel.util.NameDuplicationException: Attempt to insert object named "MoreLibraries" into container named ".library", which already contains an object with that name.
TransformationEditor: Ignoring clone of .Utilities beause we don't known how to import it. Exception was: ptolemy.kernel.util.NameDuplicationException: Attempt to insert object named "Utilities" into container named ".library", which already contains an object with that name.
TransformationEditor: Ignoring clone of .Directors beause we don't known how to import it. Exception was: ptolemy.kernel.util.NameDuplicationException: Attempt to insert object named "Directors" into container named ".library", which already contains an object with that name.
TransformationEditor: Ignoring clone of .Actors beause we don't known how to import it. Exception was: ptolemy.kernel.util.NameDuplicationException: Attempt to insert object named "Actors" into container named ".library", which already contains an object with that name.
TransformationEditor: Ignoring clone of .MoreLibraries beause we don't known how to import it. Exception was: ptolemy.kernel.util.NameDuplicationException: Attempt to insert object named "MoreLibraries" into container named ".library", which already contains an object with that name.
TransformationEditor: Ignoring clone of .Utilities beause we don't known how to import it. Exception was: ptolemy.kernel.util.NameDuplicationException: Attempt to insert object named "Utilities" into container named ".library", which already contains an object with that name.
TransformationEditor: Ignoring clone of .Directors beause we don't known how to import it. Exception was: ptolemy.kernel.util.NameDuplicationException: Attempt to insert object named "Directors" into container named ".library", which already contains an object with that name.
TransformationEditor: Ignoring clone of .Actors beause we don't known how to import it. Exception was: ptolemy.kernel.util.NameDuplicationException: Attempt to insert object named "Actors" into container named ".library", which already contains an object with that name.
TransformationEditor: Ignoring clone of .MoreLibraries beause we don't known how to import it. Exception was: ptolemy.kernel.util.NameDuplicationException: Attempt to insert object named "MoreLibraries" into container named ".library", which already contains an object with that name.
TransformationEditor: Ignoring clone of .Utilities beause we don't known how to import it. Exception was: ptolemy.kernel.util.NameDuplicationException: Attempt to insert object named "Utilities" into container named ".library", which already contains an object with that name.
TransformationEditor: Ignoring clone of .Directors beause we don't known how to import it. Exception was: ptolemy.kernel.util.NameDuplicationException: Attempt to insert object named "Directors" into container named ".library", which already contains an object with that name.
TransformationEditor: Ignoring clone of .Actors beause we don't known how to import it. Exception was: ptolemy.kernel.util.NameDuplicationException: Attempt to insert object named "Actors" into container named ".library", which already contains an object with that name.
TransformationEditor: Ignoring clone of .MoreLibraries beause we don't known how to import it. Exception was: ptolemy.kernel.util.NameDuplicationException: Attempt to insert object named "MoreLibraries" into container named ".library", which already contains an object with that name.
TransformationEditor: Ignoring clone of .Utilities beause we don't known how to import it. Exception was: ptolemy.kernel.util.NameDuplicationException: Attempt to insert object named "Utilities" into container named ".library", which already contains an object with that name.
TransformationEditor: Ignoring clone of .Directors beause we don't known how to import it. Exception was: ptolemy.kernel.util.NameDuplicationException: Attempt to insert object named "Directors" into container named ".library", which already contains an object with that name.
TransformationEditor: Ignoring clone of .Actors beause we don't known how to import it. Exception was: ptolemy.kernel.util.NameDuplicationException: Attempt to insert object named "Actors" into container named ".library", which already contains an object with that name.
TransformationEditor: Ignoring clone of .MoreLibraries beause we don't known how to import it. Exception was: ptolemy.kernel.util.NameDuplicationException: Attempt to insert object named "MoreLibraries" into container named ".library", which already contains an object with that name.
TransformationEditor: Ignoring clone of .Utilities beause we don't known how to import it. Exception was: ptolemy.kernel.util.NameDuplicationException: Attempt to insert object named "Utilities" into container named ".library", which already contains an object with that name.
TransformationEditor: Ignoring clone of .Directors beause we don't known how to import it. Exception was: ptolemy.kernel.util.NameDuplicationException: Attempt to insert object named "Directors" into container named ".library", which already contains an object with that name.
TransformationEditor: Ignoring clone of .Actors beause we don't known how to import it. Exception was: ptolemy.kernel.util.NameDuplicationException: Attempt to insert object named "Actors" into container named ".library", which already contains an object with that name.
TransformationEditor: Ignoring clone of .MoreLibraries beause we don't known how to import it. Exception was: ptolemy.kernel.util.NameDuplicationException: Attempt to insert object named "MoreLibraries" into container named ".library", which already contains an object with that name.
TransformationEditor: Ignoring clone of .Utilities beause we don't known how to import it. Exception was: ptolemy.kernel.util.NameDuplicationException: Attempt to insert object named "Utilities" into container named ".library", which already contains an object with that name.
TransformationEditor: Ignoring clone of .Directors beause we don't known how to import it. Exception was: ptolemy.kernel.util.NameDuplicationException: Attempt to insert object named "Directors" into container named ".library", which already contains an object with that name.
TransformationEditor: Ignoring clone of .Actors beause we don't known how to import it. Exception was: ptolemy.kernel.util.NameDuplicationException: Attempt to insert object named "Actors" into container named ".library", which already contains an object with that name.
TransformationEditor: Ignoring clone of .MoreLibraries beause we don't known how to import it. Exception was: ptolemy.kernel.util.NameDuplicationException: Attempt to insert object named "MoreLibraries" into container named ".library", which already contains an object with that name.
TransformationEditor: Ignoring clone of .Utilities beause we don't known how to import it. Exception was: ptolemy.kernel.util.NameDuplicationException: Attempt to insert object named "Utilities" into container named ".library", which already contains an object with that name.
TransformationEditor: Ignoring clone of .Directors beause we don't known how to import it. Exception was: ptolemy.kernel.util.NameDuplicationException: Attempt to insert object named "Directors" into container named ".library", which already contains an object with that name.
TransformationEditor: Ignoring clone of .Actors beause we don't known how to import it. Exception was: ptolemy.kernel.util.NameDuplicationException: Attempt to insert object named "Actors" into container named ".library", which already contains an object with that name.
TransformationEditor: Ignoring clone of .MoreLibraries beause we don't known how to import it. Exception was: ptolemy.kernel.util.NameDuplicationException: Attempt to insert object named "MoreLibraries" into container named ".library", which already contains an object with that name.
TransformationEditor: Ignoring clone of .Utilities beause we don't known how to import it. Exception was: ptolemy.kernel.util.NameDuplicationException: Attempt to insert object named "Utilities" into container named ".library", which already contains an object with that name.
TransformationEditor: Ignoring clone of .Directors beause we don't known how to import it. Exception was: ptolemy.kernel.util.NameDuplicationException: Attempt to insert object named "Directors" into container named ".library", which already contains an object with that name.
TransformationEditor: Ignoring clone of .Actors beause we don't known how to import it. Exception was: ptolemy.kernel.util.NameDuplicationException: Attempt to insert object named "Actors" into container named ".library", which already contains an object with that name.
TransformationEditor: Ignoring clone of .MoreLibraries beause we don't known how to import it. Exception was: ptolemy.kernel.util.NameDuplicationException: Attempt to insert object named "MoreLibraries" into container named ".library", which already contains an object with that name.
TransformationEditor: Ignoring clone of .Utilities beause we don't known how to import it. Exception was: ptolemy.kernel.util.NameDuplicationException: Attempt to insert object named "Utilities" into container named ".library", which already contains an object with that name.
TransformationEditor: Ignoring clone of .Directors beause we don't known how to import it. Exception was: ptolemy.kernel.util.NameDuplicationException: Attempt to insert object named "Directors" into container named ".library", which already contains an object with that name.
TransformationEditor: Ignoring clone of .Actors beause we don't known how to import it. Exception was: ptolemy.kernel.util.NameDuplicationException: Attempt to insert object named "Actors" into container named ".library", which already contains an object with that name.
TransformationEditor: Ignoring clone of .MoreLibraries beause we don't known how to import it. Exception was: ptolemy.kernel.util.NameDuplicationException: Attempt to insert object named "MoreLibraries" into container named ".library", which already contains an object with that name.
TransformationEditor: Ignoring clone of .Utilities beause we don't known how to import it. Exception was: ptolemy.kernel.util.NameDuplicationException: Attempt to insert object named "Utilities" into container named ".library", which already contains an object with that name.
TransformationEditor: Ignoring clone of .Directors beause we don't known how to import it. Exception was: ptolemy.kernel.util.NameDuplicationException: Attempt to insert object named "Directors" into container named ".library", which already contains an object with that name.
TransformationEditor: Ignoring clone of .Actors beause we don't known how to import it. Exception was: ptolemy.kernel.util.NameDuplicationException: Attempt to insert object named "Actors" into container named ".library", which already contains an object with that name.
TransformationEditor: Ignoring clone of .MoreLibraries beause we don't known how to import it. Exception was: ptolemy.kernel.util.NameDuplicationException: Attempt to insert object named "MoreLibraries" into container named ".library", which already contains an object with that name.
TransformationEditor: Ignoring clone of .Utilities beause we don't known how to import it. Exception was: ptolemy.kernel.util.NameDuplicationException: Attempt to insert object named "Utilities" into container named ".library", which already contains an object with that name.
TransformationEditor: Ignoring clone of .Directors beause we don't known how to import it. Exception was: ptolemy.kernel.util.NameDuplicationException: Attempt to insert object named "Directors" into container named ".library", which already contains an object with that name.
TransformationEditor: Ignoring clone of .Actors beause we don't known how to import it. Exception was: ptolemy.kernel.util.NameDuplicationException: Attempt to insert object named "Actors" into container named ".library", which already contains an object with that name.
TransformationEditor: Ignoring clone of .MoreLibraries beause we don't known how to import it. Exception was: ptolemy.kernel.util.NameDuplicationException: Attempt to insert object named "MoreLibraries" into container named ".library", which already contains an object with that name.
TransformationEditor: Ignoring clone of .Utilities beause we don't known how to import it. Exception was: ptolemy.kernel.util.NameDuplicationException: Attempt to insert object named "Utilities" into container named ".library", which already contains an object with that name.
TransformationEditor: Ignoring clone of .Directors beause we don't known how to import it. Exception was: ptolemy.kernel.util.NameDuplicationException: Attempt to insert object named "Directors" into container named ".library", which already contains an object with that name.
TransformationEditor: Ignoring clone of .Actors beause we don't known how to import it. Exception was: ptolemy.kernel.util.NameDuplicationException: Attempt to insert object named "Actors" into container named ".library", which already contains an object with that name.
TransformationEditor: Ignoring clone of .MoreLibraries beause we don't known how to import it. Exception was: ptolemy.kernel.util.NameDuplicationException: Attempt to insert object named "MoreLibraries" into container named ".library", which already contains an object with that name.
TransformationEditor: Ignoring clone of .Utilities beause we don't known how to import it. Exception was: ptolemy.kernel.util.NameDuplicationException: Attempt to insert object named "Utilities" into container named ".library", which already contains an object with that name.
TransformationEditor: Ignoring clone of .Directors beause we don't known how to import it. Exception was: ptolemy.kernel.util.NameDuplicationException: Attempt to insert object named "Directors" into container named ".library", which already contains an object with that name.
TransformationEditor: Ignoring clone of .Actors beause we don't known how to import it. Exception was: ptolemy.kernel.util.NameDuplicationException: Attempt to insert object named "Actors" into container named ".library", which already contains an object with that name.
TransformationEditor: Ignoring clone of .MoreLibraries beause we don't known how to import it. Exception was: ptolemy.kernel.util.NameDuplicationException: Attempt to insert object named "MoreLibraries" into container named ".library", which already contains an object with that name.
TransformationEditor: Ignoring clone of .Utilities beause we don't known how to import it. Exception was: ptolemy.kernel.util.NameDuplicationException: Attempt to insert object named "Utilities" into container named ".library", which already contains an object with that name.
TransformationEditor: Ignoring clone of .Directors beause we don't known how to import it. Exception was: ptolemy.kernel.util.NameDuplicationException: Attempt to insert object named "Directors" into container named ".library", which already contains an object with that name.
TransformationEditor: Ignoring clone of .Actors beause we don't known how to import it. Exception was: ptolemy.kernel.util.NameDuplicationException: Attempt to insert object named "Actors" into container named ".library", which already contains an object with that name.
TransformationEditor: Ignoring clone of .MoreLibraries beause we don't known how to import it. Exception was: ptolemy.kernel.util.NameDuplicationException: Attempt to insert object named "MoreLibraries" into container named ".library", which already contains an object with that name.
TransformationEditor: Ignoring clone of .Utilities beause we don't known how to import it. Exception was: ptolemy.kernel.util.NameDuplicationException: Attempt to insert object named "Utilities" into container named ".library", which already contains an object with that name.
TransformationEditor: Ignoring clone of .Directors beause we don't known how to import it. Exception was: ptolemy.kernel.util.NameDuplicationException: Attempt to insert object named "Directors" into container named ".library", which already contains an object with that name.
TransformationEditor: Ignoring clone of .Actors beause we don't known how to import it. Exception was: ptolemy.kernel.util.NameDuplicationException: Attempt to insert object named "Actors" into container named ".library", which already contains an object with that name.
TransformationEditor: Ignoring clone of .MoreLibraries beause we don't known how to import it. Exception was: ptolemy.kernel.util.NameDuplicationException: Attempt to insert object named "MoreLibraries" into container named ".library", which already contains an object with that name.
TransformationEditor: Ignoring clone of .Utilities beause we don't known how to import it. Exception was: ptolemy.kernel.util.NameDuplicationException: Attempt to insert object named "Utilities" into container named ".library", which already contains an object with that name.
TransformationEditor: Ignoring clone of .Directors beause we don't known how to import it. Exception was: ptolemy.kernel.util.NameDuplicationException: Attempt to insert object named "Directors" into container named ".library", which already contains an object with that name.
TransformationEditor: Ignoring clone of .Actors beause we don't known how to import it. Exception was: ptolemy.kernel.util.NameDuplicationException: Attempt to insert object named "Actors" into container named ".library", which already contains an object with that name.
TransformationEditor: Ignoring clone of .MoreLibraries beause we don't known how to import it. Exception was: ptolemy.kernel.util.NameDuplicationException: Attempt to insert object named "MoreLibraries" into container named ".library", which already contains an object with that name.
TransformationEditor: Ignoring clone of .Utilities beause we don't known how to import it. Exception was: ptolemy.kernel.util.NameDuplicationException: Attempt to insert object named "Utilities" into container named ".library", which already contains an object with that name.
TransformationEditor: Ignoring clone of .Directors beause we don't known how to import it. Exception was: ptolemy.kernel.util.NameDuplicationException: Attempt to insert object named "Directors" into container named ".library", which already contains an object with that name.
TransformationEditor: Ignoring clone of .Actors beause we don't known how to import it. Exception was: ptolemy.kernel.util.NameDuplicationException: Attempt to insert object named "Actors" into container named ".library", which already contains an object with that name.
TransformationEditor: Ignoring clone of .MoreLibraries beause we don't known how to import it. Exception was: ptolemy.kernel.util.NameDuplicationException: Attempt to insert object named "MoreLibraries" into container named ".library", which already contains an object with that name.
TransformationEditor: Ignoring clone of .Utilities beause we don't known how to import it. Exception was: ptolemy.kernel.util.NameDuplicationException: Attempt to insert object named "Utilities" into container named ".library", which already contains an object with that name.
TransformationEditor: Ignoring clone of .Directors beause we don't known how to import it. Exception was: ptolemy.kernel.util.NameDuplicationException: Attempt to insert object named "Directors" into container named ".library", which already contains an object with that name.
TransformationEditor: Ignoring clone of .Actors beause we don't known how to import it. Exception was: ptolemy.kernel.util.NameDuplicationException: Attempt to insert object named "Actors" into container named ".library", which already contains an object with that name.
TransformationEditor: Ignoring clone of .MoreLibraries beause we don't known how to import it. Exception was: ptolemy.kernel.util.NameDuplicationException: Attempt to insert object named "MoreLibraries" into container named ".library", which already contains an object with that name.
TransformationEditor: Ignoring clone of .Utilities beause we don't known how to import it. Exception was: ptolemy.kernel.util.NameDuplicationException: Attempt to insert object named "Utilities" into container named ".library", which already contains an object with that name.
TransformationEditor: Ignoring clone of .Directors beause we don't known how to import it. Exception was: ptolemy.kernel.util.NameDuplicationException: Attempt to insert object named "Directors" into container named ".library", which already contains an object with that name.
TransformationEditor: Ignoring clone of .Actors beause we don't known how to import it. Exception was: ptolemy.kernel.util.NameDuplicationException: Attempt to insert object named "Actors" into container named ".library", which already contains an object with that name.
TransformationEditor: Ignoring clone of .MoreLibraries beause we don't known how to import it. Exception was: ptolemy.kernel.util.NameDuplicationException: Attempt to insert object named "MoreLibraries" into container named ".library", which already contains an object with that name.
TransformationEditor: Ignoring clone of .Utilities beause we don't known how to import it. Exception was: ptolemy.kernel.util.NameDuplicationException: Attempt to insert object named "Utilities" into container named ".library", which already contains an object with that name.
TransformationEditor: Ignoring clone of .Directors beause we don't known how to import it. Exception was: ptolemy.kernel.util.NameDuplicationException: Attempt to insert object named "Directors" into container named ".library", which already contains an object with that name.
TransformationEditor: Ignoring clone of .Actors beause we don't known how to import it. Exception was: ptolemy.kernel.util.NameDuplicationException: Attempt to insert object named "Actors" into container named ".library", which already contains an object with that name.
TransformationEditor: Ignoring clone of .MoreLibraries beause we don't known how to import it. Exception was: ptolemy.kernel.util.NameDuplicationException: Attempt to insert object named "MoreLibraries" into container named ".library", which already contains an object with that name.
TransformationEditor: Ignoring clone of .Utilities beause we don't known how to import it. Exception was: ptolemy.kernel.util.NameDuplicationException: Attempt to insert object named "Utilities" into container named ".library", which already contains an object with that name.
TransformationEditor: Ignoring clone of .Directors beause we don't known how to import it. Exception was: ptolemy.kernel.util.NameDuplicationException: Attempt to insert object named "Directors" into container named ".library", which already contains an object with that name.
TransformationEditor: Ignoring clone of .Actors beause we don't known how to import it. Exception was: ptolemy.kernel.util.NameDuplicationException: Attempt to insert object named "Actors" into container named ".library", which already contains an object with that name.
TransformationEditor: Ignoring clone of .MoreLibraries beause we don't known how to import it. Exception was: ptolemy.kernel.util.NameDuplicationException: Attempt to insert object named "MoreLibraries" into container named ".library", which already contains an object with that name.
TransformationEditor: Ignoring clone of .Utilities beause we don't known how to import it. Exception was: ptolemy.kernel.util.NameDuplicationException: Attempt to insert object named "Utilities" into container named ".library", which already contains an object with that name.
TransformationEditor: Ignoring clone of .Directors beause we don't known how to import it. Exception was: ptolemy.kernel.util.NameDuplicationException: Attempt to insert object named "Directors" into container named ".library", which already contains an object with that name.
TransformationEditor: Ignoring clone of .Actors beause we don't known how to import it. Exception was: ptolemy.kernel.util.NameDuplicationException: Attempt to insert object named "Actors" into container named ".library", which already contains an object with that name.
TransformationEditor: Ignoring clone of .MoreLibraries beause we don't known how to import it. Exception was: ptolemy.kernel.util.NameDuplicationException: Attempt to insert object named "MoreLibraries" into container named ".library", which already contains an object with that name.
TransformationEditor: Ignoring clone of .Utilities beause we don't known how to import it. Exception was: ptolemy.kernel.util.NameDuplicationException: Attempt to insert object named "Utilities" into container named ".library", which already contains an object with that name.
TransformationEditor: Ignoring clone of .Directors beause we don't known how to import it. Exception was: ptolemy.kernel.util.NameDuplicationException: Attempt to insert object named "Directors" into container named ".library", which already contains an object with that name.
TransformationEditor: Ignoring clone of .Actors beause we don't known how to import it. Exception was: ptolemy.kernel.util.NameDuplicationException: Attempt to insert object named "Actors" into container named ".library", which already contains an object with that name.
TransformationEditor: Ignoring clone of .MoreLibraries beause we don't known how to import it. Exception was: ptolemy.kernel.util.NameDuplicationException: Attempt to insert object named "MoreLibraries" into container named ".library", which already contains an object with that name.
TransformationEditor: Ignoring clone of .Utilities beause we don't known how to import it. Exception was: ptolemy.kernel.util.NameDuplicationException: Attempt to insert object named "Utilities" into container named ".library", which already contains an object with that name.
TransformationEditor: Ignoring clone of .Directors beause we don't known how to import it. Exception was: ptolemy.kernel.util.NameDuplicationException: Attempt to insert object named "Directors" into container named ".library", which already contains an object with that name.
TransformationEditor: Ignoring clone of .Actors beause we don't known how to import it. Exception was: ptolemy.kernel.util.NameDuplicationException: Attempt to insert object named "Actors" into container named ".library", which already contains an object with that name.
TransformationEditor: Ignoring clone of .MoreLibraries beause we don't known how to import it. Exception was: ptolemy.kernel.util.NameDuplicationException: Attempt to insert object named "MoreLibraries" into container named ".library", which already contains an object with that name.
TransformationEditor: Ignoring clone of .Utilities beause we don't known how to import it. Exception was: ptolemy.kernel.util.NameDuplicationException: Attempt to insert object named "Utilities" into container named ".library", which already contains an object with that name.
TransformationEditor: Ignoring clone of .Directors beause we don't known how to import it. Exception was: ptolemy.kernel.util.NameDuplicationException: Attempt to insert object named "Directors" into container named ".library", which already contains an object with that name.
TransformationEditor: Ignoring clone of .Actors beause we don't known how to import it. Exception was: ptolemy.kernel.util.NameDuplicationException: Attempt to insert object named "Actors" into container named ".library", which already contains an object with that name.
TransformationEditor: Ignoring clone of .MoreLibraries beause we don't known how to import it. Exception was: ptolemy.kernel.util.NameDuplicationException: Attempt to insert object named "MoreLibraries" into container named ".library", which already contains an object with that name.
TransformationEditor: Ignoring clone of .Utilities beause we don't known how to import it. Exception was: ptolemy.kernel.util.NameDuplicationException: Attempt to insert object named "Utilities" into container named ".library", which already contains an object with that name.
TransformationEditor: Ignoring clone of .Directors beause we don't known how to import it. Exception was: ptolemy.kernel.util.NameDuplicationException: Attempt to insert object named "Directors" into container named ".library", which already contains an object with that name.
TransformationEditor: Ignoring clone of .Actors beause we don't known how to import it. Exception was: ptolemy.kernel.util.NameDuplicationException: Attempt to insert object named "Actors" into container named ".library", which already contains an object with that name.
TransformationEditor: Ignoring clone of .MoreLibraries beause we don't known how to import it. Exception was: ptolemy.kernel.util.NameDuplicationException: Attempt to insert object named "MoreLibraries" into container named ".library", which already contains an object with that name.
TransformationEditor: Ignoring clone of .Utilities beause we don't known how to import it. Exception was: ptolemy.kernel.util.NameDuplicationException: Attempt to insert object named "Utilities" into container named ".library", which already contains an object with that name.
TransformationEditor: Ignoring clone of .Directors beause we don't known how to import it. Exception was: ptolemy.kernel.util.NameDuplicationException: Attempt to insert object named "Directors" into container named ".library", which already contains an object with that name.
TransformationEditor: Ignoring clone of .Actors beause we don't known how to import it. Exception was: ptolemy.kernel.util.NameDuplicationException: Attempt to insert object named "Actors" into container named ".library", which already contains an object with that name.
TransformationEditor: Ignoring clone of .MoreLibraries beause we don't known how to import it. Exception was: ptolemy.kernel.util.NameDuplicationException: Attempt to insert object named "MoreLibraries" into container named ".library", which already contains an object with that name.
TransformationEditor: Ignoring clone of .Utilities beause we don't known how to import it. Exception was: ptolemy.kernel.util.NameDuplicationException: Attempt to insert object named "Utilities" into container named ".library", which already contains an object with that name.
TransformationEditor: Ignoring clone of .Directors beause we don't known how to import it. Exception was: ptolemy.kernel.util.NameDuplicationException: Attempt to insert object named "Directors" into container named ".library", which already contains an object with that name.
TransformationEditor: Ignoring clone of .Actors beause we don't known how to import it. Exception was: ptolemy.kernel.util.NameDuplicationException: Attempt to insert object named "Actors" into container named ".library", which already contains an object with that name.
TransformationEditor: Ignoring clone of .MoreLibraries beause we don't known how to import it. Exception was: ptolemy.kernel.util.NameDuplicationException: Attempt to insert object named "MoreLibraries" into container named ".library", which already contains an object with that name.
TransformationEditor: Ignoring clone of .Utilities beause we don't known how to import it. Exception was: ptolemy.kernel.util.NameDuplicationException: Attempt to insert object named "Utilities" into container named ".library", which already contains an object with that name.
TransformationEditor: Ignoring clone of .Directors beause we don't known how to import it. Exception was: ptolemy.kernel.util.NameDuplicationException: Attempt to insert object named "Directors" into container named ".library", which already contains an object with that name.
TransformationEditor: Ignoring clone of .Actors beause we don't known how to import it. Exception was: ptolemy.kernel.util.NameDuplicationException: Attempt to insert object named "Actors" into container named ".library", which already contains an object with that name.
TransformationEditor: Ignoring clone of .MoreLibraries beause we don't known how to import it. Exception was: ptolemy.kernel.util.NameDuplicationException: Attempt to insert object named "MoreLibraries" into container named ".library", which already contains an object with that name.
TransformationEditor: Ignoring clone of .Utilities beause we don't known how to import it. Exception was: ptolemy.kernel.util.NameDuplicationException: Attempt to insert object named "Utilities" into container named ".library", which already contains an object with that name.
TransformationEditor: Ignoring clone of .Directors beause we don't known how to import it. Exception was: ptolemy.kernel.util.NameDuplicationException: Attempt to insert object named "Directors" into container named ".library", which already contains an object with that name.
TransformationEditor: Ignoring clone of .Actors beause we don't known how to import it. Exception was: ptolemy.kernel.util.NameDuplicationException: Attempt to insert object named "Actors" into container named ".library", which already contains an object with that name.
TransformationEditor: Ignoring clone of .MoreLibraries beause we don't known how to import it. Exception was: ptolemy.kernel.util.NameDuplicationException: Attempt to insert object named "MoreLibraries" into container named ".library", which already contains an object with that name.
TransformationEditor: Ignoring clone of .Utilities beause we don't known how to import it. Exception was: ptolemy.kernel.util.NameDuplicationException: Attempt to insert object named "Utilities" into container named ".library", which already contains an object with that name.
TransformationEditor: Ignoring clone of .Directors beause we don't known how to import it. Exception was: ptolemy.kernel.util.NameDuplicationException: Attempt to insert object named "Directors" into container named ".library", which already contains an object with that name.
TransformationEditor: Ignoring clone of .Actors beause we don't known how to import it. Exception was: ptolemy.kernel.util.NameDuplicationException: Attempt to insert object named "Actors" into container named ".library", which already contains an object with that name.
TransformationEditor: Ignoring clone of .MoreLibraries beause we don't known how to import it. Exception was: ptolemy.kernel.util.NameDuplicationException: Attempt to insert object named "MoreLibraries" into container named ".library", which already contains an object with that name.
TransformationEditor: Ignoring clone of .Utilities beause we don't known how to import it. Exception was: ptolemy.kernel.util.NameDuplicationException: Attempt to insert object named "Utilities" into container named ".library", which already contains an object with that name.
TransformationEditor: Ignoring clone of .Directors beause we don't known how to import it. Exception was: ptolemy.kernel.util.NameDuplicationException: Attempt to insert object named "Directors" into container named ".library", which already contains an object with that name.
TransformationEditor: Ignoring clone of .Actors beause we don't known how to import it. Exception was: ptolemy.kernel.util.NameDuplicationException: Attempt to insert object named "Actors" into container named ".library", which already contains an object with that name.
TransformationEditor: Ignoring clone of .MoreLibraries beause we don't known how to import it. Exception was: ptolemy.kernel.util.NameDuplicationException: Attempt to insert object named "MoreLibraries" into container named ".library", which already contains an object with that name.
TransformationEditor: Ignoring clone of .Utilities beause we don't known how to import it. Exception was: ptolemy.kernel.util.NameDuplicationException: Attempt to insert object named "Utilities" into container named ".library", which already contains an object with that name.
TransformationEditor: Ignoring clone of .Directors beause we don't known how to import it. Exception was: ptolemy.kernel.util.NameDuplicationException: Attempt to insert object named "Directors" into container named ".library", which already contains an object with that name.
TransformationEditor: Ignoring clone of .Actors beause we don't known how to import it. Exception was: ptolemy.kernel.util.NameDuplicationException: Attempt to insert object named "Actors" into container named ".library", which already contains an object with that name.
TransformationEditor: Ignoring clone of .MoreLibraries beause we don't known how to import it. Exception was: ptolemy.kernel.util.NameDuplicationException: Attempt to insert object named "MoreLibraries" into container named ".library", which already contains an object with that name.
TransformationEditor: Ignoring clone of .Utilities beause we don't known how to import it. Exception was: ptolemy.kernel.util.NameDuplicationException: Attempt to insert object named "Utilities" into container named ".library", which already contains an object with that name.
TransformationEditor: Ignoring clone of .Directors beause we don't known how to import it. Exception was: ptolemy.kernel.util.NameDuplicationException: Attempt to insert object named "Directors" into container named ".library", which already contains an object with that name.
TransformationEditor: Ignoring clone of .Actors beause we don't known how to import it. Exception was: ptolemy.kernel.util.NameDuplicationException: Attempt to insert object named "Actors" into container named ".library", which already contains an object with that name.
TransformationEditor: Ignoring clone of .MoreLibraries beause we don't known how to import it. Exception was: ptolemy.kernel.util.NameDuplicationException: Attempt to insert object named "MoreLibraries" into container named ".library", which already contains an object with that name.
TransformationEditor: Ignoring clone of .Utilities beause we don't known how to import it. Exception was: ptolemy.kernel.util.NameDuplicationException: Attempt to insert object named "Utilities" into container named ".library", which already contains an object with that name.
TransformationEditor: Ignoring clone of .Directors beause we don't known how to import it. Exception was: ptolemy.kernel.util.NameDuplicationException: Attempt to insert object named "Directors" into container named ".library", which already contains an object with that name.
TransformationEditor: Ignoring clone of .Actors beause we don't known how to import it. Exception was: ptolemy.kernel.util.NameDuplicationException: Attempt to insert object named "Actors" into container named ".library", which already contains an object with that name.
TransformationEditor: Ignoring clone of .MoreLibraries beause we don't known how to import it. Exception was: ptolemy.kernel.util.NameDuplicationException: Attempt to insert object named "MoreLibraries" into container named ".library", which already contains an object with that name.
TransformationEditor: Ignoring clone of .Utilities beause we don't known how to import it. Exception was: ptolemy.kernel.util.NameDuplicationException: Attempt to insert object named "Utilities" into container named ".library", which already contains an object with that name.
TransformationEditor: Ignoring clone of .Directors beause we don't known how to import it. Exception was: ptolemy.kernel.util.NameDuplicationException: Attempt to insert object named "Directors" into container named ".library", which already contains an object with that name.
TransformationEditor: Ignoring clone of .Actors beause we don't known how to import it. Exception was: ptolemy.kernel.util.NameDuplicationException: Attempt to insert object named "Actors" into container named ".library", which already contains an object with that name.
TransformationEditor: Ignoring clone of .MoreLibraries beause we don't known how to import it. Exception was: ptolemy.kernel.util.NameDuplicationException: Attempt to insert object named "MoreLibraries" into container named ".library", which already contains an object with that name.
TransformationEditor: Ignoring clone of .Utilities beause we don't known how to import it. Exception was: ptolemy.kernel.util.NameDuplicationException: Attempt to insert object named "Utilities" into container named ".library", which already contains an object with that name.
TransformationEditor: Ignoring clone of .Directors beause we don't known how to import it. Exception was: ptolemy.kernel.util.NameDuplicationException: Attempt to insert object named "Directors" into container named ".library", which already contains an object with that name.
TransformationEditor: Ignoring clone of .Actors beause we don't known how to import it. Exception was: ptolemy.kernel.util.NameDuplicationException: Attempt to insert object named "Actors" into container named ".library", which already contains an object with that name.
TransformationEditor: Ignoring clone of .MoreLibraries beause we don't known how to import it. Exception was: ptolemy.kernel.util.NameDuplicationException: Attempt to insert object named "MoreLibraries" into container named ".library", which already contains an object with that name.
TransformationEditor: Ignoring clone of .Utilities beause we don't known how to import it. Exception was: ptolemy.kernel.util.NameDuplicationException: Attempt to insert object named "Utilities" into container named ".library", which already contains an object with that name.
TransformationEditor: Ignoring clone of .Directors beause we don't known how to import it. Exception was: ptolemy.kernel.util.NameDuplicationException: Attempt to insert object named "Directors" into container named ".library", which already contains an object with that name.
TransformationEditor: Ignoring clone of .Actors beause we don't known how to import it. Exception was: ptolemy.kernel.util.NameDuplicationException: Attempt to insert object named "Actors" into container named ".library", which already contains an object with that name.
TransformationEditor: Ignoring clone of .MoreLibraries beause we don't known how to import it. Exception was: ptolemy.kernel.util.NameDuplicationException: Attempt to insert object named "MoreLibraries" into container named ".library", which already contains an object with that name.
TransformationEditor: Ignoring clone of .Utilities beause we don't known how to import it. Exception was: ptolemy.kernel.util.NameDuplicationException: Attempt to insert object named "Utilities" into container named ".library", which already contains an object with that name.
TransformationEditor: Ignoring clone of .Directors beause we don't known how to import it. Exception was: ptolemy.kernel.util.NameDuplicationException: Attempt to insert object named "Directors" into container named ".library", which already contains an object with that name.
TransformationEditor: Ignoring clone of .Actors beause we don't known how to import it. Exception was: ptolemy.kernel.util.NameDuplicationException: Attempt to insert object named "Actors" into container named ".library", which already contains an object with that name.
TransformationEditor: Ignoring clone of .MoreLibraries beause we don't known how to import it. Exception was: ptolemy.kernel.util.NameDuplicationException: Attempt to insert object named "MoreLibraries" into container named ".library", which already contains an object with that name.
TransformationEditor: Ignoring clone of .Utilities beause we don't known how to import it. Exception was: ptolemy.kernel.util.NameDuplicationException: Attempt to insert object named "Utilities" into container named ".library", which already contains an object with that name.
TransformationEditor: Ignoring clone of .Directors beause we don't known how to import it. Exception was: ptolemy.kernel.util.NameDuplicationException: Attempt to insert object named "Directors" into container named ".library", which already contains an object with that name.
TransformationEditor: Ignoring clone of .Actors beause we don't known how to import it. Exception was: ptolemy.kernel.util.NameDuplicationException: Attempt to insert object named "Actors" into container named ".library", which already contains an object with that name.
TransformationEditor: Ignoring clone of .MoreLibraries beause we don't known how to import it. Exception was: ptolemy.kernel.util.NameDuplicationException: Attempt to insert object named "MoreLibraries" into container named ".library", which already contains an object with that name.
TransformationEditor: Ignoring clone of .Utilities beause we don't known how to import it. Exception was: ptolemy.kernel.util.NameDuplicationException: Attempt to insert object named "Utilities" into container named ".library", which already contains an object with that name.
TransformationEditor: Ignoring clone of .Directors beause we don't known how to import it. Exception was: ptolemy.kernel.util.NameDuplicationException: Attempt to insert object named "Directors" into container named ".library", which already contains an object with that name.
TransformationEditor: Ignoring clone of .Actors beause we don't known how to import it. Exception was: ptolemy.kernel.util.NameDuplicationException: Attempt to insert object named "Actors" into container named ".library", which already contains an object with that name.
TransformationEditor: Ignoring clone of .MoreLibraries beause we don't known how to import it. Exception was: ptolemy.kernel.util.NameDuplicationException: Attempt to insert object named "MoreLibraries" into container named ".library", which already contains an object with that name.
TransformationEditor: Ignoring clone of .Utilities beause we don't known how to import it. Exception was: ptolemy.kernel.util.NameDuplicationException: Attempt to insert object named "Utilities" into container named ".library", which already contains an object with that name.
TransformationEditor: Ignoring clone of .Directors beause we don't known how to import it. Exception was: ptolemy.kernel.util.NameDuplicationException: Attempt to insert object named "Directors" into container named ".library", which already contains an object with that name.
TransformationEditor: Ignoring clone of .Actors beause we don't known how to import it. Exception was: ptolemy.kernel.util.NameDuplicationException: Attempt to insert object named "Actors" into container named ".library", which already contains an object with that name.
TransformationEditor: Ignoring clone of .MoreLibraries beause we don't known how to import it. Exception was: ptolemy.kernel.util.NameDuplicationException: Attempt to insert object named "MoreLibraries" into container named ".library", which already contains an object with that name.
TransformationEditor: Ignoring clone of .Utilities beause we don't known how to import it. Exception was: ptolemy.kernel.util.NameDuplicationException: Attempt to insert object named "Utilities" into container named ".library", which already contains an object with that name.
TransformationEditor: Ignoring clone of .Directors beause we don't known how to import it. Exception was: ptolemy.kernel.util.NameDuplicationException: Attempt to insert object named "Directors" into container named ".library", which already contains an object with that name.
TransformationEditor: Ignoring clone of .Actors beause we don't known how to import it. Exception was: ptolemy.kernel.util.NameDuplicationException: Attempt to insert object named "Actors" into container named ".library", which already contains an object with that name.
TransformationEditor: Ignoring clone of .MoreLibraries beause we don't known how to import it. Exception was: ptolemy.kernel.util.NameDuplicationException: Attempt to insert object named "MoreLibraries" into container named ".library", which already contains an object with that name.
TransformationEditor: Ignoring clone of .Utilities beause we don't known how to import it. Exception was: ptolemy.kernel.util.NameDuplicationException: Attempt to insert object named "Utilities" into container named ".library", which already contains an object with that name.
TransformationEditor: Ignoring clone of .Directors beause we don't known how to import it. Exception was: ptolemy.kernel.util.NameDuplicationException: Attempt to insert object named "Directors" into container named ".library", which already contains an object with that name.
TransformationEditor: Ignoring clone of .Actors beause we don't known how to import it. Exception was: ptolemy.kernel.util.NameDuplicationException: Attempt to insert object named "Actors" into container named ".library", which already contains an object with that name.
TransformationEditor: Ignoring clone of .MoreLibraries beause we don't known how to import it. Exception was: ptolemy.kernel.util.NameDuplicationException: Attempt to insert object named "MoreLibraries" into container named ".library", which already contains an object with that name.
TransformationEditor: Ignoring clone of .Utilities beause we don't known how to import it. Exception was: ptolemy.kernel.util.NameDuplicationException: Attempt to insert object named "Utilities" into container named ".library", which already contains an object with that name.
TransformationEditor: Ignoring clone of .Directors beause we don't known how to import it. Exception was: ptolemy.kernel.util.NameDuplicationException: Attempt to insert object named "Directors" into container named ".library", which already contains an object with that name.
TransformationEditor: Ignoring clone of .Actors beause we don't known how to import it. Exception was: ptolemy.kernel.util.NameDuplicationException: Attempt to insert object named "Actors" into container named ".library", which already contains an object with that name.
TransformationEditor: Ignoring clone of .MoreLibraries beause we don't known how to import it. Exception was: ptolemy.kernel.util.NameDuplicationException: Attempt to insert object named "MoreLibraries" into container named ".library", which already contains an object with that name.
TransformationEditor: Ignoring clone of .Utilities beause we don't known how to import it. Exception was: ptolemy.kernel.util.NameDuplicationException: Attempt to insert object named "Utilities" into container named ".library", which already contains an object with that name.
TransformationEditor: Ignoring clone of .Directors beause we don't known how to import it. Exception was: ptolemy.kernel.util.NameDuplicationException: Attempt to insert object named "Directors" into container named ".library", which already contains an object with that name.
TransformationEditor: Ignoring clone of .Actors beause we don't known how to import it. Exception was: ptolemy.kernel.util.NameDuplicationException: Attempt to insert object named "Actors" into container named ".library", which already contains an object with that name.
TransformationEditor: Ignoring clone of .MoreLibraries beause we don't known how to import it. Exception was: ptolemy.kernel.util.NameDuplicationException: Attempt to insert object named "MoreLibraries" into container named ".library", which already contains an object with that name.
TransformationEditor: Ignoring clone of .Utilities beause we don't known how to import it. Exception was: ptolemy.kernel.util.NameDuplicationException: Attempt to insert object named "Utilities" into container named ".library", which already contains an object with that name.
TransformationEditor: Ignoring clone of .Directors beause we don't known how to import it. Exception was: ptolemy.kernel.util.NameDuplicationException: Attempt to insert object named "Directors" into container named ".library", which already contains an object with that name.
TransformationEditor: Ignoring clone of .Actors beause we don't known how to import it. Exception was: ptolemy.kernel.util.NameDuplicationException: Attempt to insert object named "Actors" into container named ".library", which already contains an object with that name.
TransformationEditor: Ignoring clone of .MoreLibraries beause we don't known how to import it. Exception was: ptolemy.kernel.util.NameDuplicationException: Attempt to insert object named "MoreLibraries" into container named ".library", which already contains an object with that name.
TransformationEditor: Ignoring clone of .Utilities beause we don't known how to import it. Exception was: ptolemy.kernel.util.NameDuplicationException: Attempt to insert object named "Utilities" into container named ".library", which already contains an object with that name.
TransformationEditor: Ignoring clone of .Directors beause we don't known how to import it. Exception was: ptolemy.kernel.util.NameDuplicationException: Attempt to insert object named "Directors" into container named ".library", which already contains an object with that name.
TransformationEditor: Ignoring clone of .Actors beause we don't known how to import it. Exception was: ptolemy.kernel.util.NameDuplicationException: Attempt to insert object named "Actors" into container named ".library", which already contains an object with that name.
TransformationEditor: Ignoring clone of .MoreLibraries beause we don't known how to import it. Exception was: ptolemy.kernel.util.NameDuplicationException: Attempt to insert object named "MoreLibraries" into container named ".library", which already contains an object with that name.
TransformationEditor: Ignoring clone of .Utilities beause we don't known how to import it. Exception was: ptolemy.kernel.util.NameDuplicationException: Attempt to insert object named "Utilities" into container named ".library", which already contains an object with that name.
TransformationEditor: Ignoring clone of .Directors beause we don't known how to import it. Exception was: ptolemy.kernel.util.NameDuplicationException: Attempt to insert object named "Directors" into container named ".library", which already contains an object with that name.
TransformationEditor: Ignoring clone of .Actors beause we don't known how to import it. Exception was: ptolemy.kernel.util.NameDuplicationException: Attempt to insert object named "Actors" into container named ".library", which already contains an object with that name.
TransformationEditor: Ignoring clone of .MoreLibraries beause we don't known how to import it. Exception was: ptolemy.kernel.util.NameDuplicationException: Attempt to insert object named "MoreLibraries" into container named ".library", which already contains an object with that name.
TransformationEditor: Ignoring clone of .Utilities beause we don't known how to import it. Exception was: ptolemy.kernel.util.NameDuplicationException: Attempt to insert object named "Utilities" into container named ".library", which already contains an object with that name.
TransformationEditor: Ignoring clone of .Directors beause we don't known how to import it. Exception was: ptolemy.kernel.util.NameDuplicationException: Attempt to insert object named "Directors" into container named ".library", which already contains an object with that name.
TransformationEditor: Ignoring clone of .Actors beause we don't known how to import it. Exception was: ptolemy.kernel.util.NameDuplicationException: Attempt to insert object named "Actors" into container named ".library", which already contains an object with that name.
TransformationEditor: Ignoring clone of .MoreLibraries beause we don't known how to import it. Exception was: ptolemy.kernel.util.NameDuplicationException: Attempt to insert object named "MoreLibraries" into container named ".library", which already contains an object with that name.
TransformationEditor: Ignoring clone of .Utilities beause we don't known how to import it. Exception was: ptolemy.kernel.util.NameDuplicationException: Attempt to insert object named "Utilities" into container named ".library", which already contains an object with that name.
TransformationEditor: Ignoring clone of .Directors beause we don't known how to import it. Exception was: ptolemy.kernel.util.NameDuplicationException: Attempt to insert object named "Directors" into container named ".library", which already contains an object with that name.
TransformationEditor: Ignoring clone of .Actors beause we don't known how to import it. Exception was: ptolemy.kernel.util.NameDuplicationException: Attempt to insert object named "Actors" into container named ".library", which already contains an object with that name.
TransformationEditor: Ignoring clone of .MoreLibraries beause we don't known how to import it. Exception was: ptolemy.kernel.util.NameDuplicationException: Attempt to insert object named "MoreLibraries" into container named ".library", which already contains an object with that name.
TransformationEditor: Ignoring clone of .Utilities beause we don't known how to import it. Exception was: ptolemy.kernel.util.NameDuplicationException: Attempt to insert object named "Utilities" into container named ".library", which already contains an object with that name.
TransformationEditor: Ignoring clone of .Directors beause we don't known how to import it. Exception was: ptolemy.kernel.util.NameDuplicationException: Attempt to insert object named "Directors" into container named ".library", which already contains an object with that name.
TransformationEditor: Ignoring clone of .Actors beause we don't known how to import it. Exception was: ptolemy.kernel.util.NameDuplicationException: Attempt to insert object named "Actors" into container named ".library", which already contains an object with that name.
TransformationEditor: Ignoring clone of .MoreLibraries beause we don't known how to import it. Exception was: ptolemy.kernel.util.NameDuplicationException: Attempt to insert object named "MoreLibraries" into container named ".library", which already contains an object with that name.
TransformationEditor: Ignoring clone of .Utilities beause we don't known how to import it. Exception was: ptolemy.kernel.util.NameDuplicationException: Attempt to insert object named "Utilities" into container named ".library", which already contains an object with that name.
TransformationEditor: Ignoring clone of .Directors beause we don't known how to import it. Exception was: ptolemy.kernel.util.NameDuplicationException: Attempt to insert object named "Directors" into container named ".library", which already contains an object with that name.
TransformationEditor: Ignoring clone of .Actors beause we don't known how to import it. Exception was: ptolemy.kernel.util.NameDuplicationException: Attempt to insert object named "Actors" into container named ".library", which already contains an object with that name.
TransformationEditor: Ignoring clone of .MoreLibraries beause we don't known how to import it. Exception was: ptolemy.kernel.util.NameDuplicationException: Attempt to insert object named "MoreLibraries" into container named ".library", which already contains an object with that name.
TransformationEditor: Ignoring clone of .Utilities beause we don't known how to import it. Exception was: ptolemy.kernel.util.NameDuplicationException: Attempt to insert object named "Utilities" into container named ".library", which already contains an object with that name.
TransformationEditor: Ignoring clone of .Directors beause we don't known how to import it. Exception was: ptolemy.kernel.util.NameDuplicationException: Attempt to insert object named "Directors" into container named ".library", which already contains an object with that name.
TransformationEditor: Ignoring clone of .Actors beause we don't known how to import it. Exception was: ptolemy.kernel.util.NameDuplicationException: Attempt to insert object named "Actors" into container named ".library", which already contains an object with that name.
TransformationEditor: Ignoring clone of .MoreLibraries beause we don't known how to import it. Exception was: ptolemy.kernel.util.NameDuplicationException: Attempt to insert object named "MoreLibraries" into container named ".library", which already contains an object with that name.
TransformationEditor: Ignoring clone of .Utilities beause we don't known how to import it. Exception was: ptolemy.kernel.util.NameDuplicationException: Attempt to insert object named "Utilities" into container named ".library", which already contains an object with that name.
TransformationEditor: Ignoring clone of .Directors beause we don't known how to import it. Exception was: ptolemy.kernel.util.NameDuplicationException: Attempt to insert object named "Directors" into container named ".library", which already contains an object with that name.
TransformationEditor: Ignoring clone of .Actors beause we don't known how to import it. Exception was: ptolemy.kernel.util.NameDuplicationException: Attempt to insert object named "Actors" into container named ".library", which already contains an object with that name.
TransformationEditor: Ignoring clone of .MoreLibraries beause we don't known how to import it. Exception was: ptolemy.kernel.util.NameDuplicationException: Attempt to insert object named "MoreLibraries" into container named ".library", which already contains an object with that name.
TransformationEditor: Ignoring clone of .Utilities beause we don't known how to import it. Exception was: ptolemy.kernel.util.NameDuplicationException: Attempt to insert object named "Utilities" into container named ".library", which already contains an object with that name.
TransformationEditor: Ignoring clone of .Directors beause we don't known how to import it. Exception was: ptolemy.kernel.util.NameDuplicationException: Attempt to insert object named "Directors" into container named ".library", which already contains an object with that name.
TransformationEditor: Ignoring clone of .Actors beause we don't known how to import it. Exception was: ptolemy.kernel.util.NameDuplicationException: Attempt to insert object named "Actors" into container named ".library", which already contains an object with that name.
TransformationEditor: Ignoring clone of .MoreLibraries beause we don't known how to import it. Exception was: ptolemy.kernel.util.NameDuplicationException: Attempt to insert object named "MoreLibraries" into container named ".library", which already contains an object with that name.
TransformationEditor: Ignoring clone of .Utilities beause we don't known how to import it. Exception was: ptolemy.kernel.util.NameDuplicationException: Attempt to insert object named "Utilities" into container named ".library", which already contains an object with that name.
TransformationEditor: Ignoring clone of .Directors beause we don't known how to import it. Exception was: ptolemy.kernel.util.NameDuplicationException: Attempt to insert object named "Directors" into container named ".library", which already contains an object with that name.
TransformationEditor: Ignoring clone of .Actors beause we don't known how to import it. Exception was: ptolemy.kernel.util.NameDuplicationException: Attempt to insert object named "Actors" into container named ".library", which already contains an object with that name.
TransformationEditor: Ignoring clone of .MoreLibraries beause we don't known how to import it. Exception was: ptolemy.kernel.util.NameDuplicationException: Attempt to insert object named "MoreLibraries" into container named ".library", which already contains an object with that name.
TransformationEditor: Ignoring clone of .Utilities beause we don't known how to import it. Exception was: ptolemy.kernel.util.NameDuplicationException: Attempt to insert object named "Utilities" into container named ".library", which already contains an object with that name.
TransformationEditor: Ignoring clone of .Directors beause we don't known how to import it. Exception was: ptolemy.kernel.util.NameDuplicationException: Attempt to insert object named "Directors" into container named ".library", which already contains an object with that name.
TransformationEditor: Ignoring clone of .Actors beause we don't known how to import it. Exception was: ptolemy.kernel.util.NameDuplicationException: Attempt to insert object named "Actors" into container named ".library", which already contains an object with that name.
TransformationEditor: Ignoring clone of .MoreLibraries beause we don't known how to import it. Exception was: ptolemy.kernel.util.NameDuplicationException: Attempt to insert object named "MoreLibraries" into container named ".library", which already contains an object with that name.
TransformationEditor: Ignoring clone of .Utilities beause we don't known how to import it. Exception was: ptolemy.kernel.util.NameDuplicationException: Attempt to insert object named "Utilities" into container named ".library", which already contains an object with that name.
TransformationEditor: Ignoring clone of .Directors beause we don't known how to import it. Exception was: ptolemy.kernel.util.NameDuplicationException: Attempt to insert object named "Directors" into container named ".library", which already contains an object with that name.
TransformationEditor: Ignoring clone of .Actors beause we don't known how to import it. Exception was: ptolemy.kernel.util.NameDuplicationException: Attempt to insert object named "Actors" into container named ".library", which already contains an object with that name.
TransformationEditor: Ignoring clone of .MoreLibraries beause we don't known how to import it. Exception was: ptolemy.kernel.util.NameDuplicationException: Attempt to insert object named "MoreLibraries" into container named ".library", which already contains an object with that name.
TransformationEditor: Ignoring clone of .Utilities beause we don't known how to import it. Exception was: ptolemy.kernel.util.NameDuplicationException: Attempt to insert object named "Utilities" into container named ".library", which already contains an object with that name.
TransformationEditor: Ignoring clone of .Directors beause we don't known how to import it. Exception was: ptolemy.kernel.util.NameDuplicationException: Attempt to insert object named "Directors" into container named ".library", which already contains an object with that name.
TransformationEditor: Ignoring clone of .Actors beause we don't known how to import it. Exception was: ptolemy.kernel.util.NameDuplicationException: Attempt to insert object named "Actors" into container named ".library", which already contains an object with that name.
TransformationEditor: Ignoring clone of .MoreLibraries beause we don't known how to import it. Exception was: ptolemy.kernel.util.NameDuplicationException: Attempt to insert object named "MoreLibraries" into container named ".library", which already contains an object with that name.
TransformationEditor: Ignoring clone of .Utilities beause we don't known how to import it. Exception was: ptolemy.kernel.util.NameDuplicationException: Attempt to insert object named "Utilities" into container named ".library", which already contains an object with that name.
TransformationEditor: Ignoring clone of .Directors beause we don't known how to import it. Exception was: ptolemy.kernel.util.NameDuplicationException: Attempt to insert object named "Directors" into container named ".library", which already contains an object with that name.
TransformationEditor: Ignoring clone of .Actors beause we don't known how to import it. Exception was: ptolemy.kernel.util.NameDuplicationException: Attempt to insert object named "Actors" into container named ".library", which already contains an object with that name.
TransformationEditor: Ignoring clone of .MoreLibraries beause we don't known how to import it. Exception was: ptolemy.kernel.util.NameDuplicationException: Attempt to insert object named "MoreLibraries" into container named ".library", which already contains an object with that name.
TransformationEditor: Ignoring clone of .Utilities beause we don't known how to import it. Exception was: ptolemy.kernel.util.NameDuplicationException: Attempt to insert object named "Utilities" into container named ".library", which already contains an object with that name.
TransformationEditor: Ignoring clone of .Directors beause we don't known how to import it. Exception was: ptolemy.kernel.util.NameDuplicationException: Attempt to insert object named "Directors" into container named ".library", which already contains an object with that name.
TransformationEditor: Ignoring clone of .Actors beause we don't known how to import it. Exception was: ptolemy.kernel.util.NameDuplicationException: Attempt to insert object named "Actors" into container named ".library", which already contains an object with that name.
TransformationEditor: Ignoring clone of .MoreLibraries beause we don't known how to import it. Exception was: ptolemy.kernel.util.NameDuplicationException: Attempt to insert object named "MoreLibraries" into container named ".library", which already contains an object with that name.
TransformationEditor: Ignoring clone of .Utilities beause we don't known how to import it. Exception was: ptolemy.kernel.util.NameDuplicationException: Attempt to insert object named "Utilities" into container named ".library", which already contains an object with that name.
TransformationEditor: Ignoring clone of .Directors beause we don't known how to import it. Exception was: ptolemy.kernel.util.NameDuplicationException: Attempt to insert object named "Directors" into container named ".library", which already contains an object with that name.
TransformationEditor: Ignoring clone of .Actors beause we don't known how to import it. Exception was: ptolemy.kernel.util.NameDuplicationException: Attempt to insert object named "Actors" into container named ".library", which already contains an object with that name.
TransformationEditor: Ignoring clone of .MoreLibraries beause we don't known how to import it. Exception was: ptolemy.kernel.util.NameDuplicationException: Attempt to insert object named "MoreLibraries" into container named ".library", which already contains an object with that name.
TransformationEditor: Ignoring clone of .Utilities beause we don't known how to import it. Exception was: ptolemy.kernel.util.NameDuplicationException: Attempt to insert object named "Utilities" into container named ".library", which already contains an object with that name.
TransformationEditor: Ignoring clone of .Directors beause we don't known how to import it. Exception was: ptolemy.kernel.util.NameDuplicationException: Attempt to insert object named "Directors" into container named ".library", which already contains an object with that name.
TransformationEditor: Ignoring clone of .Actors beause we don't known how to import it. Exception was: ptolemy.kernel.util.NameDuplicationException: Attempt to insert object named "Actors" into container named ".library", which already contains an object with that name.
TransformationEditor: Ignoring clone of .MoreLibraries beause we don't known how to import it. Exception was: ptolemy.kernel.util.NameDuplicationException: Attempt to insert object named "MoreLibraries" into container named ".library", which already contains an object with that name.
TransformationEditor: Ignoring clone of .Utilities beause we don't known how to import it. Exception was: ptolemy.kernel.util.NameDuplicationException: Attempt to insert object named "Utilities" into container named ".library", which already contains an object with that name.
TransformationEditor: Ignoring clone of .Directors beause we don't known how to import it. Exception was: ptolemy.kernel.util.NameDuplicationException: Attempt to insert object named "Directors" into container named ".library", which already contains an object with that name.
TransformationEditor: Ignoring clone of .Actors beause we don't known how to import it. Exception was: ptolemy.kernel.util.NameDuplicationException: Attempt to insert object named "Actors" into container named ".library", which already contains an object with that name.
TransformationEditor: Ignoring clone of .MoreLibraries beause we don't known how to import it. Exception was: ptolemy.kernel.util.NameDuplicationException: Attempt to insert object named "MoreLibraries" into container named ".library", which already contains an object with that name.
TransformationEditor: Ignoring clone of .Utilities beause we don't known how to import it. Exception was: ptolemy.kernel.util.NameDuplicationException: Attempt to insert object named "Utilities" into container named ".library", which already contains an object with that name.
TransformationEditor: Ignoring clone of .Directors beause we don't known how to import it. Exception was: ptolemy.kernel.util.NameDuplicationException: Attempt to insert object named "Directors" into container named ".library", which already contains an object with that name.
TransformationEditor: Ignoring clone of .Actors beause we don't known how to import it. Exception was: ptolemy.kernel.util.NameDuplicationException: Attempt to insert object named "Actors" into container named ".library", which already contains an object with that name.
TransformationEditor: Ignoring clone of .MoreLibraries beause we don't known how to import it. Exception was: ptolemy.kernel.util.NameDuplicationException: Attempt to insert object named "MoreLibraries" into container named ".library", which already contains an object with that name.
TransformationEditor: Ignoring clone of .Utilities beause we don't known how to import it. Exception was: ptolemy.kernel.util.NameDuplicationException: Attempt to insert object named "Utilities" into container named ".library", which already contains an object with that name.
TransformationEditor: Ignoring clone of .Directors beause we don't known how to import it. Exception was: ptolemy.kernel.util.NameDuplicationException: Attempt to insert object named "Directors" into container named ".library", which already contains an object with that name.
TransformationEditor: Ignoring clone of .Actors beause we don't known how to import it. Exception was: ptolemy.kernel.util.NameDuplicationException: Attempt to insert object named "Actors" into container named ".library", which already contains an object with that name.
TransformationEditor: Ignoring clone of .MoreLibraries beause we don't known how to import it. Exception was: ptolemy.kernel.util.NameDuplicationException: Attempt to insert object named "MoreLibraries" into container named ".library", which already contains an object with that name.
TransformationEditor: Ignoring clone of .Utilities beause we don't known how to import it. Exception was: ptolemy.kernel.util.NameDuplicationException: Attempt to insert object named "Utilities" into container named ".library", which already contains an object with that name.
TransformationEditor: Ignoring clone of .Directors beause we don't known how to import it. Exception was: ptolemy.kernel.util.NameDuplicationException: Attempt to insert object named "Directors" into container named ".library", which already contains an object with that name.
TransformationEditor: Ignoring clone of .Actors beause we don't known how to import it. Exception was: ptolemy.kernel.util.NameDuplicationException: Attempt to insert object named "Actors" into container named ".library", which already contains an object with that name.
TransformationEditor: Ignoring clone of .MoreLibraries beause we don't known how to import it. Exception was: ptolemy.kernel.util.NameDuplicationException: Attempt to insert object named "MoreLibraries" into container named ".library", which already contains an object with that name.
TransformationEditor: Ignoring clone of .Utilities beause we don't known how to import it. Exception was: ptolemy.kernel.util.NameDuplicationException: Attempt to insert object named "Utilities" into container named ".library", which already contains an object with that name.
TransformationEditor: Ignoring clone of .Directors beause we don't known how to import it. Exception was: ptolemy.kernel.util.NameDuplicationException: Attempt to insert object named "Directors" into container named ".library", which already contains an object with that name.
TransformationEditor: Ignoring clone of .Actors beause we don't known how to import it. Exception was: ptolemy.kernel.util.NameDuplicationException: Attempt to insert object named "Actors" into container named ".library", which already contains an object with that name.
TransformationEditor: Ignoring clone of .MoreLibraries beause we don't known how to import it. Exception was: ptolemy.kernel.util.NameDuplicationException: Attempt to insert object named "MoreLibraries" into container named ".library", which already contains an object with that name.
TransformationEditor: Ignoring clone of .Utilities beause we don't known how to import it. Exception was: ptolemy.kernel.util.NameDuplicationException: Attempt to insert object named "Utilities" into container named ".library", which already contains an object with that name.
TransformationEditor: Ignoring clone of .Directors beause we don't known how to import it. Exception was: ptolemy.kernel.util.NameDuplicationException: Attempt to insert object named "Directors" into container named ".library", which already contains an object with that name.
TransformationEditor: Ignoring clone of .Actors beause we don't known how to import it. Exception was: ptolemy.kernel.util.NameDuplicationException: Attempt to insert object named "Actors" into container named ".library", which already contains an object with that name.
TransformationEditor: Ignoring clone of .MoreLibraries beause we don't known how to import it. Exception was: ptolemy.kernel.util.NameDuplicationException: Attempt to insert object named "MoreLibraries" into container named ".library", which already contains an object with that name.
TransformationEditor: Ignoring clone of .Utilities beause we don't known how to import it. Exception was: ptolemy.kernel.util.NameDuplicationException: Attempt to insert object named "Utilities" into container named ".library", which already contains an object with that name.
TransformationEditor: Ignoring clone of .Directors beause we don't known how to import it. Exception was: ptolemy.kernel.util.NameDuplicationException: Attempt to insert object named "Directors" into container named ".library", which already contains an object with that name.
TransformationEditor: Ignoring clone of .Actors beause we don't known how to import it. Exception was: ptolemy.kernel.util.NameDuplicationException: Attempt to insert object named "Actors" into container named ".library", which already contains an object with that name.
TransformationEditor: Ignoring clone of .MoreLibraries beause we don't known how to import it. Exception was: ptolemy.kernel.util.NameDuplicationException: Attempt to insert object named "MoreLibraries" into container named ".library", which already contains an object with that name.
TransformationEditor: Ignoring clone of .Utilities beause we don't known how to import it. Exception was: ptolemy.kernel.util.NameDuplicationException: Attempt to insert object named "Utilities" into container named ".library", which already contains an object with that name.
TransformationEditor: Ignoring clone of .Directors beause we don't known how to import it. Exception was: ptolemy.kernel.util.NameDuplicationException: Attempt to insert object named "Directors" into container named ".library", which already contains an object with that name.
TransformationEditor: Ignoring clone of .Actors beause we don't known how to import it. Exception was: ptolemy.kernel.util.NameDuplicationException: Attempt to insert object named "Actors" into container named ".library", which already contains an object with that name.
TransformationEditor: Ignoring clone of .MoreLibraries beause we don't known how to import it. Exception was: ptolemy.kernel.util.NameDuplicationException: Attempt to insert object named "MoreLibraries" into container named ".library", which already contains an object with that name.
TransformationEditor: Ignoring clone of .Utilities beause we don't known how to import it. Exception was: ptolemy.kernel.util.NameDuplicationException: Attempt to insert object named "Utilities" into container named ".library", which already contains an object with that name.
TransformationEditor: Ignoring clone of .Directors beause we don't known how to import it. Exception was: ptolemy.kernel.util.NameDuplicationException: Attempt to insert object named "Directors" into container named ".library", which already contains an object with that name.
TransformationEditor: Ignoring clone of .Actors beause we don't known how to import it. Exception was: ptolemy.kernel.util.NameDuplicationException: Attempt to insert object named "Actors" into container named ".library", which already contains an object with that name.
TransformationEditor: Ignoring clone of .MoreLibraries beause we don't known how to import it. Exception was: ptolemy.kernel.util.NameDuplicationException: Attempt to insert object named "MoreLibraries" into container named ".library", which already contains an object with that name.
TransformationEditor: Ignoring clone of .Utilities beause we don't known how to import it. Exception was: ptolemy.kernel.util.NameDuplicationException: Attempt to insert object named "Utilities" into container named ".library", which already contains an object with that name.
TransformationEditor: Ignoring clone of .Directors beause we don't known how to import it. Exception was: ptolemy.kernel.util.NameDuplicationException: Attempt to insert object named "Directors" into container named ".library", which already contains an object with that name.
TransformationEditor: Ignoring clone of .Actors beause we don't known how to import it. Exception was: ptolemy.kernel.util.NameDuplicationException: Attempt to insert object named "Actors" into container named ".library", which already contains an object with that name.
TransformationEditor: Ignoring clone of .MoreLibraries beause we don't known how to import it. Exception was: ptolemy.kernel.util.NameDuplicationException: Attempt to insert object named "MoreLibraries" into container named ".library", which already contains an object with that name.
TransformationEditor: Ignoring clone of .Utilities beause we don't known how to import it. Exception was: ptolemy.kernel.util.NameDuplicationException: Attempt to insert object named "Utilities" into container named ".library", which already contains an object with that name.
TransformationEditor: Ignoring clone of .Directors beause we don't known how to import it. Exception was: ptolemy.kernel.util.NameDuplicationException: Attempt to insert object named "Directors" into container named ".library", which already contains an object with that name.
TransformationEditor: Ignoring clone of .Actors beause we don't known how to import it. Exception was: ptolemy.kernel.util.NameDuplicationException: Attempt to insert object named "Actors" into container named ".library", which already contains an object with that name.
TransformationEditor: Ignoring clone of .MoreLibraries beause we don't known how to import it. Exception was: ptolemy.kernel.util.NameDuplicationException: Attempt to insert object named "MoreLibraries" into container named ".library", which already contains an object with that name.
TransformationEditor: Ignoring clone of .Utilities beause we don't known how to import it. Exception was: ptolemy.kernel.util.NameDuplicationException: Attempt to insert object named "Utilities" into container named ".library", which already contains an object with that name.
TransformationEditor: Ignoring clone of .Directors beause we don't known how to import it. Exception was: ptolemy.kernel.util.NameDuplicationException: Attempt to insert object named "Directors" into container named ".library", which already contains an object with that name.
TransformationEditor: Ignoring clone of .Actors beause we don't known how to import it. Exception was: ptolemy.kernel.util.NameDuplicationException: Attempt to insert object named "Actors" into container named ".library", which already contains an object with that name.
TransformationEditor: Ignoring clone of .MoreLibraries beause we don't known how to import it. Exception was: ptolemy.kernel.util.NameDuplicationException: Attempt to insert object named "MoreLibraries" into container named ".library", which already contains an object with that name.
TransformationEditor: Ignoring clone of .Utilities beause we don't known how to import it. Exception was: ptolemy.kernel.util.NameDuplicationException: Attempt to insert object named "Utilities" into container named ".library", which already contains an object with that name.
TransformationEditor: Ignoring clone of .Directors beause we don't known how to import it. Exception was: ptolemy.kernel.util.NameDuplicationException: Attempt to insert object named "Directors" into container named ".library", which already contains an object with that name.
TransformationEditor: Ignoring clone of .Actors beause we don't known how to import it. Exception was: ptolemy.kernel.util.NameDuplicationException: Attempt to insert object named "Actors" into container named ".library", which already contains an object with that name.
TransformationEditor: Ignoring clone of .MoreLibraries beause we don't known how to import it. Exception was: ptolemy.kernel.util.NameDuplicationException: Attempt to insert object named "MoreLibraries" into container named ".library", which already contains an object with that name.
TransformationEditor: Ignoring clone of .Utilities beause we don't known how to import it. Exception was: ptolemy.kernel.util.NameDuplicationException: Attempt to insert object named "Utilities" into container named ".library", which already contains an object with that name.
TransformationEditor: Ignoring clone of .Directors beause we don't known how to import it. Exception was: ptolemy.kernel.util.NameDuplicationException: Attempt to insert object named "Directors" into container named ".library", which already contains an object with that name.
TransformationEditor: Ignoring clone of .Actors beause we don't known how to import it. Exception was: ptolemy.kernel.util.NameDuplicationException: Attempt to insert object named "Actors" into container named ".library", which already contains an object with that name.
TransformationEditor: Ignoring clone of .MoreLibraries beause we don't known how to import it. Exception was: ptolemy.kernel.util.NameDuplicationException: Attempt to insert object named "MoreLibraries" into container named ".library", which already contains an object with that name.
TransformationEditor: Ignoring clone of .Utilities beause we don't known how to import it. Exception was: ptolemy.kernel.util.NameDuplicationException: Attempt to insert object named "Utilities" into container named ".library", which already contains an object with that name.
TransformationEditor: Ignoring clone of .Directors beause we don't known how to import it. Exception was: ptolemy.kernel.util.NameDuplicationException: Attempt to insert object named "Directors" into container named ".library", which already contains an object with that name.
TransformationEditor: Ignoring clone of .Actors beause we don't known how to import it. Exception was: ptolemy.kernel.util.NameDuplicationException: Attempt to insert object named "Actors" into container named ".library", which already contains an object with that name.
TransformationEditor: Ignoring clone of .MoreLibraries beause we don't known how to import it. Exception was: ptolemy.kernel.util.NameDuplicationException: Attempt to insert object named "MoreLibraries" into container named ".library", which already contains an object with that name.
TransformationEditor: Ignoring clone of .Utilities beause we don't known how to import it. Exception was: ptolemy.kernel.util.NameDuplicationException: Attempt to insert object named "Utilities" into container named ".library", which already contains an object with that name.
TransformationEditor: Ignoring clone of .Directors beause we don't known how to import it. Exception was: ptolemy.kernel.util.NameDuplicationException: Attempt to insert object named "Directors" into container named ".library", which already contains an object with that name.
TransformationEditor: Ignoring clone of .Actors beause we don't known how to import it. Exception was: ptolemy.kernel.util.NameDuplicationException: Attempt to insert object named "Actors" into container named ".library", which already contains an object with that name.
TransformationEditor: Ignoring clone of .MoreLibraries beause we don't known how to import it. Exception was: ptolemy.kernel.util.NameDuplicationException: Attempt to insert object named "MoreLibraries" into container named ".library", which already contains an object with that name.
TransformationEditor: Ignoring clone of .Utilities beause we don't known how to import it. Exception was: ptolemy.kernel.util.NameDuplicationException: Attempt to insert object named "Utilities" into container named ".library", which already contains an object with that name.
TransformationEditor: Ignoring clone of .Directors beause we don't known how to import it. Exception was: ptolemy.kernel.util.NameDuplicationException: Attempt to insert object named "Directors" into container named ".library", which already contains an object with that name.
TransformationEditor: Ignoring clone of .Actors beause we don't known how to import it. Exception was: ptolemy.kernel.util.NameDuplicationException: Attempt to insert object named "Actors" into container named ".library", which already contains an object with that name.
TransformationEditor: Ignoring clone of .MoreLibraries beause we don't known how to import it. Exception was: ptolemy.kernel.util.NameDuplicationException: Attempt to insert object named "MoreLibraries" into container named ".library", which already contains an object with that name.
TransformationEditor: Ignoring clone of .Utilities beause we don't known how to import it. Exception was: ptolemy.kernel.util.NameDuplicationException: Attempt to insert object named "Utilities" into container named ".library", which already contains an object with that name.
TransformationEditor: Ignoring clone of .Directors beause we don't known how to import it. Exception was: ptolemy.kernel.util.NameDuplicationException: Attempt to insert object named "Directors" into container named ".library", which already contains an object with that name.
TransformationEditor: Ignoring clone of .Actors beause we don't known how to import it. Exception was: ptolemy.kernel.util.NameDuplicationException: Attempt to insert object named "Actors" into container named ".library", which already contains an object with that name.
TransformationEditor: Ignoring clone of .MoreLibraries beause we don't known how to import it. Exception was: ptolemy.kernel.util.NameDuplicationException: Attempt to insert object named "MoreLibraries" into container named ".library", which already contains an object with that name.
TransformationEditor: Ignoring clone of .Utilities beause we don't known how to import it. Exception was: ptolemy.kernel.util.NameDuplicationException: Attempt to insert object named "Utilities" into container named ".library", which already contains an object with that name.
TransformationEditor: Ignoring clone of .Directors beause we don't known how to import it. Exception was: ptolemy.kernel.util.NameDuplicationException: Attempt to insert object named "Directors" into container named ".library", which already contains an object with that name.
TransformationEditor: Ignoring clone of .Actors beause we don't known how to import it. Exception was: ptolemy.kernel.util.NameDuplicationException: Attempt to insert object named "Actors" into container named ".library", which already contains an object with that name.
TransformationEditor: Ignoring clone of .MoreLibraries beause we don't known how to import it. Exception was: ptolemy.kernel.util.NameDuplicationException: Attempt to insert object named "MoreLibraries" into container named ".library", which already contains an object with that name.
TransformationEditor: Ignoring clone of .Utilities beause we don't known how to import it. Exception was: ptolemy.kernel.util.NameDuplicationException: Attempt to insert object named "Utilities" into container named ".library", which already contains an object with that name.
TransformationEditor: Ignoring clone of .Directors beause we don't known how to import it. Exception was: ptolemy.kernel.util.NameDuplicationException: Attempt to insert object named "Directors" into container named ".library", which already contains an object with that name.
TransformationEditor: Ignoring clone of .Actors beause we don't known how to import it. Exception was: ptolemy.kernel.util.NameDuplicationException: Attempt to insert object named "Actors" into container named ".library", which already contains an object with that name.
TransformationEditor: Ignoring clone of .MoreLibraries beause we don't known how to import it. Exception was: ptolemy.kernel.util.NameDuplicationException: Attempt to insert object named "MoreLibraries" into container named ".library", which already contains an object with that name.
TransformationEditor: Ignoring clone of .Utilities beause we don't known how to import it. Exception was: ptolemy.kernel.util.NameDuplicationException: Attempt to insert object named "Utilities" into container named ".library", which already contains an object with that name.
TransformationEditor: Ignoring clone of .Directors beause we don't known how to import it. Exception was: ptolemy.kernel.util.NameDuplicationException: Attempt to insert object named "Directors" into container named ".library", which already contains an object with that name.
TransformationEditor: Ignoring clone of .Actors beause we don't known how to import it. Exception was: ptolemy.kernel.util.NameDuplicationException: Attempt to insert object named "Actors" into container named ".library", which already contains an object with that name.
TransformationEditor: Ignoring clone of .MoreLibraries beause we don't known how to import it. Exception was: ptolemy.kernel.util.NameDuplicationException: Attempt to insert object named "MoreLibraries" into container named ".library", which already contains an object with that name.
TransformationEditor: Ignoring clone of .Utilities beause we don't known how to import it. Exception was: ptolemy.kernel.util.NameDuplicationException: Attempt to insert object named "Utilities" into container named ".library", which already contains an object with that name.
TransformationEditor: Ignoring clone of .Directors beause we don't known how to import it. Exception was: ptolemy.kernel.util.NameDuplicationException: Attempt to insert object named "Directors" into container named ".library", which already contains an object with that name.
TransformationEditor: Ignoring clone of .Actors beause we don't known how to import it. Exception was: ptolemy.kernel.util.NameDuplicationException: Attempt to insert object named "Actors" into container named ".library", which already contains an object with that name.
TransformationEditor: Ignoring clone of .MoreLibraries beause we don't known how to import it. Exception was: ptolemy.kernel.util.NameDuplicationException: Attempt to insert object named "MoreLibraries" into container named ".library", which already contains an object with that name.
TransformationEditor: Ignoring clone of .Utilities beause we don't known how to import it. Exception was: ptolemy.kernel.util.NameDuplicationException: Attempt to insert object named "Utilities" into container named ".library", which already contains an object with that name.
TransformationEditor: Ignoring clone of .Directors beause we don't known how to import it. Exception was: ptolemy.kernel.util.NameDuplicationException: Attempt to insert object named "Directors" into container named ".library", which already contains an object with that name.
TransformationEditor: Ignoring clone of .Actors beause we don't known how to import it. Exception was: ptolemy.kernel.util.NameDuplicationException: Attempt to insert object named "Actors" into container named ".library", which already contains an object with that name.
TransformationEditor: Ignoring clone of .MoreLibraries beause we don't known how to import it. Exception was: ptolemy.kernel.util.NameDuplicationException: Attempt to insert object named "MoreLibraries" into container named ".library", which already contains an object with that name.
TransformationEditor: Ignoring clone of .Utilities beause we don't known how to import it. Exception was: ptolemy.kernel.util.NameDuplicationException: Attempt to insert object named "Utilities" into container named ".library", which already contains an object with that name.
TransformationEditor: Ignoring clone of .Directors beause we don't known how to import it. Exception was: ptolemy.kernel.util.NameDuplicationException: Attempt to insert object named "Directors" into container named ".library", which already contains an object with that name.
TransformationEditor: Ignoring clone of .Actors beause we don't known how to import it. Exception was: ptolemy.kernel.util.NameDuplicationException: Attempt to insert object named "Actors" into container named ".library", which already contains an object with that name.
TransformationEditor: Ignoring clone of .MoreLibraries beause we don't known how to import it. Exception was: ptolemy.kernel.util.NameDuplicationException: Attempt to insert object named "MoreLibraries" into container named ".library", which already contains an object with that name.
TransformationEditor: Ignoring clone of .Utilities beause we don't known how to import it. Exception was: ptolemy.kernel.util.NameDuplicationException: Attempt to insert object named "Utilities" into container named ".library", which already contains an object with that name.
TransformationEditor: Ignoring clone of .Directors beause we don't known how to import it. Exception was: ptolemy.kernel.util.NameDuplicationException: Attempt to insert object named "Directors" into container named ".library", which already contains an object with that name.
TransformationEditor: Ignoring clone of .Actors beause we don't known how to import it. Exception was: ptolemy.kernel.util.NameDuplicationException: Attempt to insert object named "Actors" into container named ".library", which already contains an object with that name.
TransformationEditor: Ignoring clone of .MoreLibraries beause we don't known how to import it. Exception was: ptolemy.kernel.util.NameDuplicationException: Attempt to insert object named "MoreLibraries" into container named ".library", which already contains an object with that name.
TransformationEditor: Ignoring clone of .Utilities beause we don't known how to import it. Exception was: ptolemy.kernel.util.NameDuplicationException: Attempt to insert object named "Utilities" into container named ".library", which already contains an object with that name.
TransformationEditor: Ignoring clone of .Directors beause we don't known how to import it. Exception was: ptolemy.kernel.util.NameDuplicationException: Attempt to insert object named "Directors" into container named ".library", which already contains an object with that name.
TransformationEditor: Ignoring clone of .Actors beause we don't known how to import it. Exception was: ptolemy.kernel.util.NameDuplicationException: Attempt to insert object named "Actors" into container named ".library", which already contains an object with that name.
TransformationEditor: Ignoring clone of .MoreLibraries beause we don't known how to import it. Exception was: ptolemy.kernel.util.NameDuplicationException: Attempt to insert object named "MoreLibraries" into container named ".library", which already contains an object with that name.
Could not find mediaLib accelerator wrapper classes. Continuing in pure Java mode.
]]></system-err>
</testsuite>
