<?xml version="1.0" encoding="UTF-8" ?>
<testsuite errors="0" failures="0" hostname="travis-job-99c1c2df-d91a-4bf5-8e94-ad66f9529b61" name="ptolemy.vergil.basic.export.test.junit.ExportModelJUnitTestBatch1" skipped="0" tests="150" time="1790.818" timestamp="2018-05-31T20:37:11">
  <properties>
    <property name="npm.executable" value="npm" />
    <property name="file.encoding.pkg" value="sun.io" />
    <property name="env.PT_TRAVIS_TEST_EXPORT1_XML" value="true" />
    <property name="ptII.mk.exists" value="true" />
    <property name="env.rvm_bin_path" value="/home/travis/.rvm/bin" />
    <property name="java.home" value="/usr/lib/jvm/java-8-oracle/jre" />
    <property name="env.TRAVIS_JOB_NUMBER" value="497.12" />
    <property name="env.DISPLAY" value=":99.0" />
    <property name="java.net.preferIPv4Stack" value="true" />
    <property name="env.SSH_TTY" value="/dev/pts/0" />
    <property name="env.RUN_TESTS" value="true" />
    <property name="timeout.short" value="1000000" />
    <property name="env.TRAVIS_STACK_NODE_ATTRIBUTES" value="/.node-attributes.yml" />
    <property name="junit.formatter" value="xml" />
    <property name="java.endorsed.dirs" value="/usr/lib/jvm/java-8-oracle/jre/lib/endorsed" />
    <property name="env.TRAVIS_SUDO" value="true" />
    <property name="env.LOGNAME" value="travis" />
    <property name="jsdoc.home" value="node_modules/@terraswarm/jsdoc" />
    <property name="debuglevel" value="source,lines,vars" />
    <property name="checkstyle.formatter" value="xml" />
    <property name="bin.vergil.makeable" value="true" />
    <property name="env._system_version" value="14.04" />
    <property name="sun.os.patch.level" value="unknown" />
    <property name="java.vendor.url" value="http://java.oracle.com/" />
    <property name="java.version" value="1.8.0_151" />
    <property name="env.TZ" value="UTC" />
    <property name="env.PT_NO_NET" value="true" />
    <property name="env.TRAVIS_PULL_REQUEST_SHA" value="" />
    <property name="env.TRAVIS_SECURE_ENV_VARS" value="true" />
    <property name="env._system_type" value="Linux" />
    <property name="java.vendor.url.bug" value="http://bugreport.sun.com/bugreport/" />
    <property name="env.SSH_CLIENT" value="10.10.16.2 40714 22" />
    <property name="npmjs-org-is-up" value="true" />
    <property name="env.GEM_HOME" value="/home/travis/.rvm/gems/ruby-2.4.1" />
    <property name="env.HAS_ANTARES_THREE_LITTLE_FRONZIES_BADGE" value="true" />
    <property name="env.PS4" value="+" />
    <property name="ant.project.invoked-targets" value="build,test.export1.xml" />
    <property name="env.TRAVIS_PULL_REQUEST_BRANCH" value="" />
    <property name="env.TRAVIS_REPO_SLUG" value="icyphy/ptII" />
    <property name="node.in.path" value="true" />
    <property name="java.maxmemory" value="1400m" />
    <property name="env.RUBY_VERSION" value="ruby-2.4.1" />
    <property name="user.name" value="travis" />
    <property name="env.LANG" value="en_US.UTF-8" />
    <property name="sun.io.unicode.encoding" value="UnicodeLittle" />
    <property name="sun.jnu.encoding" value="UTF-8" />
    <property name="java.runtime.name" value="Java(TM) SE Runtime Environment" />
    <property name="usefile" value="false" />
    <property name="return.code" value="0" />
    <property name="junit.single.formatter" value="plain" />
    <property name="env.DYLD_LIBRARY_PATH" value="/home/travis/pthla/certi-tools/lib:" />
    <property name="env.DEBIAN_FRONTEND" value="noninteractive" />
    <property name="env.SSH_CONNECTION" value="10.10.16.2 40714 10.20.0.194 22" />
    <property name="env.MYSQL_UNIX_PORT" value="/var/run/mysqld/mysqld.sock" />
    <property name="env.TRAVIS_ALLOW_FAILURE" value="false" />
    <property name="env.LC_ALL" value="en_US.UTF-8" />
    <property name="java.specification.name" value="Java Platform API Specification" />
    <property name="node.works" value="true" />
    <property name="user.timezone" value="" />
    <property name="path.separator" value=":" />
    <property name="env.PYTHON_CFLAGS" value="-g -fstack-protector --param=ssp-buffer-size=4 -Wformat -Werror=format-security" />
    <property name="timeout.long" value="4000000" />
    <property name="env.CERTI_HOME" value="/home/travis/pthla/certi-tools" />
    <property name="file.encoding" value="UTF-8" />
    <property name="ant.file.ptII" value="/home/travis/build/icyphy/ptII/build.xml" />
    <property name="javadoc.packagenames" value="com.*,diva.*,lbnl.*,org.hlacerti.*,org.json.*,org.ptolemy.*,org.terraswarm.*,ptolemy.*,ptserver.*" />
    <property name="env.TRAVIS_PULL_REQUEST_SLUG" value="" />
    <property name="ant.project.default-target" value="build" />
    <property name="env.GIT_ASKPASS" value="echo" />
    <property name="env.HOME" value="/home/travis" />
    <property name="sun.java.command" value="org.apache.tools.ant.taskdefs.optional.junit.JUnitTestRunner ptolemy.vergil.basic.export.test.junit.ExportModelJUnitTestBatch1 skipNonTests=false filtertrace=true haltOnError=false haltOnFailure=false formatter=org.apache.tools.ant.taskdefs.optional.junit.OutErrSummaryJUnitResultFormatter showoutput=true outputtoformatters=true logfailedtests=true threadid=0 logtestlistenerevents=false formatter=org.apache.tools.ant.taskdefs.optional.junit.XMLJUnitResultFormatter,/home/travis/build/icyphy/ptII/reports/junit/TEST-ptolemy.vergil.basic.export.test.junit.ExportModelJUnitTestBatch1.xml crashfile=/home/travis/build/icyphy/ptII/junitvmwatcher3295655832473238068.properties propsfile=/home/travis/build/icyphy/ptII/junit6246936125624676942.properties" />
    <property name="env.MANPATH" value="/home/travis/.nvm/versions/node/v7.10.1/share/man:/home/travis/.kiex/elixirs/elixir-1.4.5/man:/home/travis/.rvm/rubies/ruby-2.4.1/share/man:/usr/local/man:/usr/local/cmake-3.9.2/man:/usr/local/clang-5.0.0/share/man:/usr/local/share/man:/usr/share/man:/home/travis/.rvm/man" />
    <property name="env.COMPOSER_NO_INTERACTION" value="1" />
    <property name="env.JDK_SWITCHER_DEFAULT" value="oraclejdk8" />
    <property name="ant.file" value="/home/travis/build/icyphy/ptII/build.xml" />
    <property name="env.TRAVIS_COMMIT_RANGE" value="46be713fbf3f...7b49329dfed6" />
    <property name="env._system_name" value="Ubuntu" />
    <property name="timeout" value="2400000" />
    <property name="ptII.classpath.optional.property" value="/home/travis/build/icyphy/ptII/lib/bsh-2.0b4.jar:/home/travis/build/icyphy/ptII/lib/ptCal.jar:/home/travis/build/icyphy/ptII/lib/java_cup.jar:/home/travis/build/icyphy/ptII/lib/saxon8.jar:/home/travis/build/icyphy/ptII/lib/saxon8-dom.jar:/home/travis/build/icyphy/ptII/lib/chic.jar:/home/travis/build/icyphy/ptII/lib/ptcolt.jar:/usr/lib/jvm/java-8-oracle/lib/tools.jar:/usr/lib/eclipse/plugins/org.eclipse.jdt.core_3.8.2.dist.jar:/usr/lib/eclipse/plugins/org.eclipse.core.runtime_3.8.0.dist.jar:/usr/lib/eclipse/plugins/org.eclipse.osgi_3.8.1.dist.jar:/usr/lib/eclipse/plugins/org.eclipse.core.resources_3.8.1.dist.jar:/usr/lib/eclipse/plugins/org.eclipse.equinox.common_3.6.100.dist.jar:/usr/lib/eclipse/plugins/org.eclipse.core.jobs_3.5.200.dist.jar:/usr/lib/eclipse/plugins/org.eclipse.core.contenttype_3.4.200.dist.jar:/usr/lib/eclipse/plugins/org.eclipse.equinox.preferences_3.5.0.dist.jar:/usr/lib/eclipse/plugins/org.eclipse.text_3.5.200.dist.jar:/usr/lib/eclipse/plugins/org.eclipse.ui.workbench_3.8.1.dist.jar:/usr/lib/eclipse/plugins/org.eclipse.jface_3.8.0.dist.jar:/usr/lib/eclipse/plugins/org.eclipse.swt_3.8.2.jar:/usr/lib/eclipse/plugins/org.eclipse.jface.text_3.8.1.dist.jar:/usr/lib/eclipse/plugins/org.eclipse.ui.workbench.texteditor_3.8.0.dist.jar:/usr/lib/eclipse/plugins/org.eclipse.ui.editors_3.8.0.dist.jar:/usr/lib/eclipse/plugins/org.eclipse.core.commands_3.6.1.dist.jar:/usr/lib/eclipse/plugins/org.eclipse.equinox.registry_3.5.200.dist.jar:/usr/lib/eclipse/plugins/org.eclipse.ui.console_3.5.100.dist.jar:/usr/lib/eclipse/plugins/org.eclipse.ui.forms_3.5.200.dist.jar:/usr/lib/eclipse/plugins/org.eclipse.ui.ide_3.8.1.dist.jar:/home/travis/build/icyphy/ptII/vendors/oracle/dbxml.jar:/home/travis/build/icyphy/ptII/vendors/oracle/db.jar:/home/travis/build/icyphy/ptII/vendors/misc/itext/iText.jar:/home/travis/build/icyphy/ptII/lib/g4ltl.jar:/home/travis/build/icyphy/ptII/lib/StructuralCoder.jar:/home/travis/build/icyphy/ptII/lib/org-openide-util.jar:/home/travis/build/icyphy/ptII/lib/org-openide-util-lookup.jar:/home/travis/build/icyphy/ptII/lib/org-netbeans-api-visual.jar:/home/travis/build/icyphy/ptII/vendors/jai-1_1_2_01/lib/jai_core.jar:/home/travis/build/icyphy/ptII/vendors/jai-1_1_2_01/lib/jai_codec.jar:/home/travis/build/icyphy/ptII/lib/jcerti.jar:/home/travis/build/icyphy/ptII/lib/smack.jar:/home/travis/build/icyphy/ptII/lib/smackx.jar:/home/travis/build/icyphy/ptII/lib/jetty-all-8.1.5-v20120716.jar:/home/travis/build/icyphy/ptII/lib/javax.servlet-api-3.0.1.jar:/home/travis/build/icyphy/ptII/lib/javax.mail.jar:/home/travis/build/icyphy/ptII/vendors/JMF-2.1.1e/lib/jmf.jar:/home/travis/build/icyphy/ptII/lib/jna-4.0.0-variadic.jar:/home/travis/build/icyphy/ptII/vendors/misc/joystick/Joystick.jar:/home/travis/build/icyphy/ptII/lib/ptjacl.jar:/home/travis/build/icyphy/ptII/lib/jsoup-1.8.2.jar:/home/travis/build/icyphy/ptII/lib/junit-4.8.2.jar:/home/travis/build/icyphy/ptII/lib/JUnitParams-0.4.0.jar:/home/travis/build/icyphy/ptII/ptolemy/actor/lib/excel/jxl.jar:/home/travis/build/icyphy/ptII/lib/jython.jar:/home/travis/build/icyphy/ptII/lib/kieler.jar:/home/travis/build/icyphy/ptII/vendors/opencv/share/OpenCV/java/opencv-341.jar:/home/travis/build/icyphy/ptII/lib/oscP5.jar:/home/travis/build/icyphy/ptII/lib/nrjavaserial-3.11.0.devel.jar:/usr/share/java/j3dcore.jar:/usr/share/java/j3dutils.jar:/usr/share/java/vecmath.jar:/home/travis/build/icyphy/ptII/ptolemy/distributed/jini/jar/jini-core.jar:/home/travis/build/icyphy/ptII/ptolemy/distributed/jini/jar/jini-ext.jar:/home/travis/build/icyphy/ptII/ptolemy/distributed/jini/jar/sun-util.jar:/home/travis/build/icyphy/ptII/lib/protobuf-java-2.4.1.jar:/home/travis/build/icyphy/ptII/lib/org.eclipse.paho.client.mqttv3.jar:/home/travis/build/icyphy/ptII/ptserver/lib/hessian-4.0.7.jar:/home/travis/build/icyphy/ptII/ptserver/lib/wmqtt.jar:/home/travis/build/icyphy/ptII/lib/mapss.jar:/home/travis/build/icyphy/ptII/ptolemy/actor/ptalon/antlr/antlr.jar:/home/travis/build/icyphy/ptII/lib/JRI.jar:/home/travis/build/icyphy/ptII/lib/commons-lang-2.6.jar:/home/travis/build/icyphy/ptII/lib/commons-logging-1.1.1.jar:/home/travis/build/icyphy/ptII/lib/sootclasses.jar:/home/travis/build/icyphy/ptII/ptolemy/actor/lib/database/mysql-connector-java-5.1.6-bin.jar:/home/travis/build/icyphy/ptII/vendors/misc/sphinx4/sphinx4-data-5prealpha.jar:/home/travis/build/icyphy/ptII/vendors/misc/sphinx4/sphinx4-core-5prealpha.jar:/home/travis/build/icyphy/ptII/lib/PDFRenderer.jar:/home/travis/build/icyphy/ptII/lib/svgSalamander.jar:/home/travis/build/icyphy/ptII/lib/rsyntaxtextarea-2.6.0-SNAPSHOT.jar:/home/travis/build/icyphy/ptII/lib/hazelcast-3.8.2.jar:/home/travis/build/icyphy/ptII/lib/jackson-annotations-2.9.0.jar:/home/travis/build/icyphy/ptII/lib/jackson-core-2.9.3.jar:/home/travis/build/icyphy/ptII/lib/jackson-databind-2.9.3.jar:/home/travis/build/icyphy/ptII/lib/netty-buffer-4.1.19.Final.jar:/home/travis/build/icyphy/ptII/lib/netty-codec-4.1.19.Final.jar:/home/travis/build/icyphy/ptII/lib/netty-codec-dns-4.1.19.Final.jar:/home/travis/build/icyphy/ptII/lib/netty-codec-http-4.1.19.Final.jar:/home/travis/build/icyphy/ptII/lib/netty-codec-http2-4.1.19.Final.jar:/home/travis/build/icyphy/ptII/lib/netty-common-4.1.19.Final.jar:/home/travis/build/icyphy/ptII/lib/netty-handler-4.1.19.Final.jar:/home/travis/build/icyphy/ptII/lib/netty-resolver-4.1.19.Final.jar:/home/travis/build/icyphy/ptII/lib/netty-resolver-dns-4.1.19.Final.jar:/home/travis/build/icyphy/ptII/lib/netty-transport-4.1.19.Final.jar:/home/travis/build/icyphy/ptII/lib/vertx-codegen-3.5.1.jar:/home/travis/build/icyphy/ptII/lib/vertx-core-3.5.2-SNAPSHOT.jar:/home/travis/build/icyphy/ptII/lib/vertx-hazelcast-3.5.1.jar:/home/travis/build/icyphy/ptII/lib/vertx-lang-js-3.5.1.jar:/home/travis/build/icyphy/ptII/lib/vertx-service-proxy-3.5.1.jar:/home/travis/build/icyphy/ptII/lib/vertx-web-3.5.1.jar:/home/travis/build/icyphy/ptII/lib/slf4j-api-1.7.13.jar:/home/travis/build/icyphy/ptII/lib/slf4j-simple-1.7.13.jar:/home/travis/build/icyphy/ptII/lib/webcam-capture-0.3.12.jar:/home/travis/build/icyphy/ptII/lib/bridj-0.7.0.jar:/home/travis/build/icyphy/ptII/lib/xbjlib-1.1.0.nrjavaserial.jar" />
    <property name="test.batch" value="**/junit/*.java" />
    <property name="env._" value="/usr/bin/timeout" />
    <property name="java.io.tmpdir" value="/tmp" />
    <property name="user.language" value="en" />
    <property name="env.HISTCONTROL" value="ignoredups:ignorespace" />
    <property name="env.GOROOT" value="/home/travis/.gimme/versions/go1.7.4.linux.amd64" />
    <property name="line.separator" value="&#xa;" />
    <property name="target" value="1.8" />
    <property name="env.TRAVIS_BUILD_DIR" value="/home/travis/build/icyphy/ptII" />
    <property name="env.ANT_OPTS" value="-Xmx2048m" />
    <property name="ant.file.type" value="file" />
    <property name="ptolemy.ptII.batchMode" value="true" />
    <property name="env.HISTSIZE" value="1000" />
    <property name="env.MERB_ENV" value="test" />
    <property name="java.vm.info" value="mixed mode" />
    <property name="source" value="1.8" />
    <property name="java.vm.specification.name" value="Java Virtual Machine Specification" />
    <property name="env.TRAVIS_TEST_RESULT" value="0" />
    <property name="jsdoc.command" value="node_modules/@terraswarm/jsdoc/jsdoc.js" />
    <property name="npm.works" value="true" />
    <property name="cobertura.dir" value="/home/travis/build/icyphy/ptII/vendors/cobertura-2.0.3" />
    <property name="env.rvm_path" value="/home/travis/.rvm" />
    <property name="env.GEM_PATH" value="/home/travis/.rvm/gems/ruby-2.4.1:/home/travis/.rvm/gems/ruby-2.4.1@global" />
    <property name="env.LC_CTYPE" value="en_US.UTF-8" />
    <property name="java.awt.printerjob" value="sun.print.PSPrinterJob" />
    <property name="env.TRAVIS_STACK_NAME" value="garnet" />
    <property name="ant.version" value="Apache Ant(TM) version 1.10.1 compiled on February 2 2017" />
    <property name="ptII.reports" value="/home/travis/build/icyphy/ptII/reports" />
    <property name="env.TRAVIS_STACK_TIMESTAMP" value="2017-12-05 19:33:09 UTC" />
    <property name="ant.file.type.ptII" value="file" />
    <property name="env.RBENV_SHELL" value="bash" />
    <property name="os.name" value="Linux" />
    <property name="java.specification.vendor" value="Oracle Corporation" />
    <property name="env.rvm_version" value="1.29.3 (latest)" />
    <property name="env.TERM" value="xterm" />
    <property name="java.vm.name" value="Java HotSpot(TM) 64-Bit Server VM" />
    <property name="env.TRAVIS_BUILD_NUMBER" value="497" />
    <property name="env.CI" value="true" />
    <property name="java.library.path" value="/home/travis/pthla/certi-tools/lib:/usr/lib/jni:/usr/local/share/OpenCV/java/:/usr/share/OpenCV/java::/usr/java/packages/lib/amd64:/usr/lib64:/lib64:/lib:/usr/lib" />
    <property name="env.rvm_prefix" value="/home/travis" />
    <property name="env.PATH" value="/home/travis/pthla/certi-tools/share/scripts:/home/travis/.rvm/gems/ruby-2.4.1/bin:/home/travis/.rvm/gems/ruby-2.4.1@global/bin:/home/travis/.rvm/rubies/ruby-2.4.1/bin:/home/travis/.rvm/bin:/home/travis/.nvm/versions/node/v7.10.1/bin:./node_modules/.bin:/home/travis/build/icyphy/ptII/bin:/home/travis/pthla/certi-tools/bin:/home/travis/bin:/home/travis/.local/bin:/opt/pyenv/shims:/home/travis/.phpenv/shims:/home/travis/perl5/perlbrew/bin:/home/travis/.kiex/elixirs/elixir-1.4.5/bin:/home/travis/.kiex/bin:/home/travis/gopath/bin:/home/travis/.gimme/versions/go1.7.4.linux.amd64/bin:/usr/local/phantomjs/bin:/usr/local/phantomjs:/usr/local/neo4j-3.2.7/bin:/usr/local/maven-3.5.2/bin:/usr/local/cmake-3.9.2/bin:/usr/local/clang-5.0.0/bin:/usr/local/sbin:/usr/local/bin:/usr/sbin:/usr/bin:/sbin:/bin:/home/travis/.phpenv/bin:/opt/pyenv/bin:/home/travis/.yarn/bin" />
    <property name="env.TRAVIS_OS_NAME" value="linux" />
    <property name="ant.java.version" value="1.8" />
    <property name="basedir" value="/home/travis/build/icyphy/ptII" />
    <property name="java.class.version" value="52.0" />
    <property name="env.SHLVL" value="3" />
    <property name="env.LD_LIBRARY_PATH" value="/home/travis/pthla/certi-tools/lib:/usr/lib/jni:/usr/local/share/OpenCV/java/:/usr/share/OpenCV/java:" />
    <property name="env.RACK_ENV" value="test" />
    <property name="ant.home" value="/home/travis/build/icyphy/ptII/ant" />
    <property name="env.NVM_DIR" value="/home/travis/.nvm" />
    <property name="env.PERLBREW_BASHRC_VERSION" value="0.80" />
    <property name="env.CERTI_FOM_PATH" value="/home/travis/pthla/certi-tools/share/federations" />
    <property name="env.TRAVIS_BUILD_ID" value="386320756" />
    <property name="env.PYENV_ROOT" value="/opt/pyenv" />
    <property name="env.TRAVIS_UID" value="2000" />
    <property name="env.rvm_pretty_print_flag" value="auto" />
    <property name="env.NVM_BIN" value="/home/travis/.nvm/versions/node/v7.10.1/bin" />
    <property name="env.TRAVIS_COMMIT" value="7b49329dfed6b7d1e0a49122c4a06f1abe672376" />
    <property name="env._system_arch" value="x86_64" />
    <property name="node.executable" value="node" />
    <property name="sun.boot.library.path" value="/usr/lib/jvm/java-8-oracle/jre/lib/amd64" />
    <property name="sun.management.compiler" value="HotSpot 64-Bit Tiered Compilers" />
    <property name="env.GOPATH" value="/home/travis/gopath" />
    <property name="java.awt.graphicsenv" value="sun.awt.X11GraphicsEnvironment" />
    <property name="ptolemy.ptII.dir" value="/home/travis/build/icyphy/ptII" />
    <property name="env.USER" value="travis" />
    <property name="env.HISTFILESIZE" value="2000" />
    <property name="timeout.longest" value="19000000" />
    <property name="env.TRAVIS_STACK_FEATURES" value="basic cassandra chromium couchdb disabled-ipv6 docker docker-compose elasticsearch firefox go-toolchain google-chrome jdk memcached mongodb mysql neo4j nodejs_interpreter perl_interpreter perlbrew phantomjs postgresql python_interpreter rabbitmq redis riak ruby_interpreter sqlite xserver" />
    <property name="env.TRAVIS_PULL_REQUEST" value="false" />
    <property name="env.PYENV_SHELL" value="bash" />
    <property name="ant.project.name" value="ptII" />
    <property name="java.vm.specification.version" value="1.8" />
    <property name="env.CERTI_VERSION" value="4.0.0" />
    <property name="env.NLSPATH" value="/usr/dt/lib/nls/msg/%L/%N.cat" />
    <property name="awt.toolkit" value="sun.awt.X11.XToolkit" />
    <property name="env.CERTI_HOST" value="localhost" />
    <property name="env.MY_RUBY_HOME" value="/home/travis/.rvm/rubies/ruby-2.4.1" />
    <property name="sun.cpu.isalist" value="" />
    <property name="java.ext.dirs" value="/usr/lib/jvm/java-8-oracle/jre/lib/ext:/usr/java/packages/lib/ext" />
    <property name="os.version" value="4.4.0-101-generic" />
    <property name="user.home" value="/home/travis" />
    <property name="env.MIX_ARCHIVES" value="/home/travis/.kiex/mix/elixir-1.4.5" />
    <property name="java.vm.vendor" value="Oracle Corporation" />
    <property name="env.TRAVIS_TAG" value="nightly" />
    <property name="env.TRAVIS_FILTERED" value="redirect_io" />
    <property name="javadoc.excludepackagenames" value="adm.cvs2svn.*,build.*,config.*,doc.coding.templates.*,jni.test.jni.meaningOfLife.*,jni.test.jni.testDeux.*,jni.test.jni.testTrois.*,org.terraswarm.accessor.accessors.web.node_modules.*,org.terraswarm.accessor.accessors.web.hosts.cordova.demo.*,org.terraswarm.accessor.accessors.web.hosts.cordova.plugins.*,org.terraswarm.accessor.accessors-svn.*,pt-modules.*,ptolemy.apps.agilent.*,ptolemy.apps.anytimecontrol.*,ptolemy.apps.apes.*,ptolemy.apps.charon.*,ptolemy.apps.crazyboard.*,ptolemy.apps.eclipse.*,ptolemy.apps.etherealSting.*,ptolemy.apps.fullscreen.*,ptolemy.apps.giotto.*,ptolemy.apps.ia.*,ptolemy.apps.interfaces.*,ptolemy.apps.jmf.*,ptolemy.apps.kurt.*,ptolemy.apps.kvm.*,ptolemy.apps.lego.*,ptolemy.apps.lejos.*,ptolemy.apps.midp.*,ptolemy.apps.mobileCoding.*,ptolemy.apps.pendulum.*,ptolemy.apps.rijndael.*,ptolemy.apps.robot.*,ptolemy.apps.security.*,ptolemy.apps.sobel.*,ptolemy.apps.soot.*,ptolemy.apps.throttle.*,ptolemy.apps.tini.*,ptolemy.apps.transmission.*,ptolemy.apps.vergil.*,ptolemy.apps.waba.*,ptolemy.apps.websensor.*,ptolemy.apps.webstart.*,ptolemy.apps.xsl.*,ptolemy.apps.zaurus.*,ptolemy.backtrack.eclipse.plugin.*,ptolemy.backtrack.test.*,ptolemy.codegen.c.actor.lib.oldJavaFiles.*,ptolemy.codegen.dsp.lib.*,ptolemy.codegen.kernel.newInterfaces.*,ptolemy.codegen.lib.*,ptolemy.copernicus.kernel.fragment.*,ptolemy.copernicus.shallow.cg.*,ptolemy.domains.giotto.demo.Hierarchy.Hierarchy.*,ptolemy.domains.giotto.demo.Multimode.Multimode.*,ptolemy.domains.giotto.demo.Simple.Simple.*,ptolemy.domains.gr.lib.experimental.*,ptolemy.domains.gro.*,ptolemy.domains.pdf.*,ptolemy.domains.ptinyos.demo.Surge.output.*,ptolemy.moml.test.NoPackageActor.java*,ptolemy.plot.adm.*,ptolemy.plot.servlet.*,reports.*,signed.*,src.*,target.*,vendors.*,ptolemy.cg.adapter.generic.program.procedural.c.mbed*,ptolemy.actor.lib.fmi.fmus.omc*,ptolemy.domains.openmodelica*,ptdb.kernel.bl.save.test.*,ptdb.kernel.bl.load.test.*,ptdb.kernel.bl.search.test.*,ptdb.kernel.bl.migration.test.*,ptdb.kernel.database.test.*,ptdb.test.*,ptdb.gui.test.*,org.ptolemy.scala.*,diva.util.java2d.svg.*,ptolemy.domains.ptinyos.*,ptolemy.actor.lib.fmi.fmipp.*,,org.terraswarm.accessor.accessors.web.node_modules.*,org.terraswarm.accessor.accessors-svn,ptolemy.actor.ptalon.demo.ptinyos.SendAndReceiveCnt.output,ptolemy.actor.ptalon.demo.ptinyos.SenseToLeds.output,ptolemy.domains.ptinyos.demo.CntToLedsAndRfm.output,ptolemy.domains.ptinyos.demo.RfmToLeds.output,ptolemy.domains.ptinyos.demo.SendAndReceiveCnt.output,ptolemy.domains.ptinyos.demo.SenseToLeds.output" />
    <property name="env.JAVA_HOME" value="/usr/lib/jvm/java-8-oracle" />
    <property name="env.PTII" value="/home/travis/build/icyphy/ptII" />
    <property name="env.TRAVIS_COMMIT_MESSAGE" value="Merge branch &apos;master&apos; of https://github.com/icyphy/ptII" />
    <property name="keystore" value="ptKeystore" />
    <property name="env.XDG_SESSION_ID" value="2" />
    <property name="junit.output.dir" value="/home/travis/build/icyphy/ptII/reports/junit" />
    <property name="npm.return.code" value="0" />
    <property name="user.dir" value="/home/travis/build/icyphy/ptII/ptolemy/vergil/basic/export/test" />
    <property name="env.TRAVIS_NODE_VERSION" value="7" />
    <property name="env.XFILESEARCHPATH" value="/usr/dt/app-defaults/%L/Dt" />
    <property name="env.TRAVIS_EVENT_TYPE" value="push" />
    <property name="env.MAIL" value="/var/mail/travis" />
    <property name="env.PWD" value="/home/travis/build/icyphy/ptII" />
    <property name="env.PERLBREW_ROOT" value="/home/travis/perl5/perlbrew" />
    <property name="timeout.npm" value="45000" />
    <property name="env.PAGER" value="cat" />
    <property name="sun.cpu.endian" value="little" />
    <property name="env.TRAVIS_BUILD_STAGE_NAME" value="Test" />
    <property name="env.PERLBREW_HOME" value="/home/travis/.perlbrew" />
    <property name="env.RAILS_ENV" value="test" />
    <property name="java.vm.version" value="25.151-b12" />
    <property name="java.class.path" value="/home/travis/build/icyphy/ptII:/home/travis/build/icyphy/ptII/lib/bsh-2.0b4.jar:/home/travis/build/icyphy/ptII/lib/ptCal.jar:/home/travis/build/icyphy/ptII/lib/java_cup.jar:/home/travis/build/icyphy/ptII/lib/saxon8.jar:/home/travis/build/icyphy/ptII/lib/saxon8-dom.jar:/home/travis/build/icyphy/ptII/lib/chic.jar:/home/travis/build/icyphy/ptII/lib/ptcolt.jar:/usr/lib/jvm/java-8-oracle/lib/tools.jar:/usr/lib/eclipse/plugins/org.eclipse.jdt.core_3.8.2.dist.jar:/usr/lib/eclipse/plugins/org.eclipse.core.runtime_3.8.0.dist.jar:/usr/lib/eclipse/plugins/org.eclipse.osgi_3.8.1.dist.jar:/usr/lib/eclipse/plugins/org.eclipse.core.resources_3.8.1.dist.jar:/usr/lib/eclipse/plugins/org.eclipse.equinox.common_3.6.100.dist.jar:/usr/lib/eclipse/plugins/org.eclipse.core.jobs_3.5.200.dist.jar:/usr/lib/eclipse/plugins/org.eclipse.core.contenttype_3.4.200.dist.jar:/usr/lib/eclipse/plugins/org.eclipse.equinox.preferences_3.5.0.dist.jar:/usr/lib/eclipse/plugins/org.eclipse.text_3.5.200.dist.jar:/usr/lib/eclipse/plugins/org.eclipse.ui.workbench_3.8.1.dist.jar:/usr/lib/eclipse/plugins/org.eclipse.jface_3.8.0.dist.jar:/usr/lib/eclipse/plugins/org.eclipse.swt_3.8.2.jar:/usr/lib/eclipse/plugins/org.eclipse.jface.text_3.8.1.dist.jar:/usr/lib/eclipse/plugins/org.eclipse.ui.workbench.texteditor_3.8.0.dist.jar:/usr/lib/eclipse/plugins/org.eclipse.ui.editors_3.8.0.dist.jar:/usr/lib/eclipse/plugins/org.eclipse.core.commands_3.6.1.dist.jar:/usr/lib/eclipse/plugins/org.eclipse.equinox.registry_3.5.200.dist.jar:/usr/lib/eclipse/plugins/org.eclipse.ui.console_3.5.100.dist.jar:/usr/lib/eclipse/plugins/org.eclipse.ui.forms_3.5.200.dist.jar:/usr/lib/eclipse/plugins/org.eclipse.ui.ide_3.8.1.dist.jar:/home/travis/build/icyphy/ptII/vendors/oracle/dbxml.jar:/home/travis/build/icyphy/ptII/vendors/oracle/db.jar:/home/travis/build/icyphy/ptII/vendors/misc/itext/iText.jar:/home/travis/build/icyphy/ptII/lib/g4ltl.jar:/home/travis/build/icyphy/ptII/lib/StructuralCoder.jar:/home/travis/build/icyphy/ptII/lib/org-openide-util.jar:/home/travis/build/icyphy/ptII/lib/org-openide-util-lookup.jar:/home/travis/build/icyphy/ptII/lib/org-netbeans-api-visual.jar:/home/travis/build/icyphy/ptII/vendors/jai-1_1_2_01/lib/jai_core.jar:/home/travis/build/icyphy/ptII/vendors/jai-1_1_2_01/lib/jai_codec.jar:/home/travis/build/icyphy/ptII/lib/jcerti.jar:/home/travis/build/icyphy/ptII/lib/smack.jar:/home/travis/build/icyphy/ptII/lib/smackx.jar:/home/travis/build/icyphy/ptII/lib/jetty-all-8.1.5-v20120716.jar:/home/travis/build/icyphy/ptII/lib/javax.servlet-api-3.0.1.jar:/home/travis/build/icyphy/ptII/lib/javax.mail.jar:/home/travis/build/icyphy/ptII/vendors/JMF-2.1.1e/lib/jmf.jar:/home/travis/build/icyphy/ptII/lib/jna-4.0.0-variadic.jar:/home/travis/build/icyphy/ptII/vendors/misc/joystick/Joystick.jar:/home/travis/build/icyphy/ptII/lib/ptjacl.jar:/home/travis/build/icyphy/ptII/lib/jsoup-1.8.2.jar:/home/travis/build/icyphy/ptII/lib/junit-4.8.2.jar:/home/travis/build/icyphy/ptII/lib/JUnitParams-0.4.0.jar:/home/travis/build/icyphy/ptII/ptolemy/actor/lib/excel/jxl.jar:/home/travis/build/icyphy/ptII/lib/jython.jar:/home/travis/build/icyphy/ptII/lib/kieler.jar:/home/travis/build/icyphy/ptII/vendors/opencv/share/OpenCV/java/opencv-341.jar:/home/travis/build/icyphy/ptII/lib/oscP5.jar:/home/travis/build/icyphy/ptII/lib/nrjavaserial-3.11.0.devel.jar:/usr/share/java/j3dcore.jar:/usr/share/java/j3dutils.jar:/usr/share/java/vecmath.jar:/home/travis/build/icyphy/ptII/ptolemy/distributed/jini/jar/jini-core.jar:/home/travis/build/icyphy/ptII/ptolemy/distributed/jini/jar/jini-ext.jar:/home/travis/build/icyphy/ptII/ptolemy/distributed/jini/jar/sun-util.jar:/home/travis/build/icyphy/ptII/lib/protobuf-java-2.4.1.jar:/home/travis/build/icyphy/ptII/lib/org.eclipse.paho.client.mqttv3.jar:/home/travis/build/icyphy/ptII/ptserver/lib/hessian-4.0.7.jar:/home/travis/build/icyphy/ptII/ptserver/lib/wmqtt.jar:/home/travis/build/icyphy/ptII/lib/mapss.jar:/home/travis/build/icyphy/ptII/ptolemy/actor/ptalon/antlr/antlr.jar:/home/travis/build/icyphy/ptII/lib/JRI.jar:/home/travis/build/icyphy/ptII/lib/commons-lang-2.6.jar:/home/travis/build/icyphy/ptII/lib/commons-logging-1.1.1.jar:/home/travis/build/icyphy/ptII/lib/sootclasses.jar:/home/travis/build/icyphy/ptII/ptolemy/actor/lib/database/mysql-connector-java-5.1.6-bin.jar:/home/travis/build/icyphy/ptII/vendors/misc/sphinx4/sphinx4-data-5prealpha.jar:/home/travis/build/icyphy/ptII/vendors/misc/sphinx4/sphinx4-core-5prealpha.jar:/home/travis/build/icyphy/ptII/lib/PDFRenderer.jar:/home/travis/build/icyphy/ptII/lib/svgSalamander.jar:/home/travis/build/icyphy/ptII/lib/rsyntaxtextarea-2.6.0-SNAPSHOT.jar:/home/travis/build/icyphy/ptII/lib/hazelcast-3.8.2.jar:/home/travis/build/icyphy/ptII/lib/jackson-annotations-2.9.0.jar:/home/travis/build/icyphy/ptII/lib/jackson-core-2.9.3.jar:/home/travis/build/icyphy/ptII/lib/jackson-databind-2.9.3.jar:/home/travis/build/icyphy/ptII/lib/netty-buffer-4.1.19.Final.jar:/home/travis/build/icyphy/ptII/lib/netty-codec-4.1.19.Final.jar:/home/travis/build/icyphy/ptII/lib/netty-codec-dns-4.1.19.Final.jar:/home/travis/build/icyphy/ptII/lib/netty-codec-http-4.1.19.Final.jar:/home/travis/build/icyphy/ptII/lib/netty-codec-http2-4.1.19.Final.jar:/home/travis/build/icyphy/ptII/lib/netty-common-4.1.19.Final.jar:/home/travis/build/icyphy/ptII/lib/netty-handler-4.1.19.Final.jar:/home/travis/build/icyphy/ptII/lib/netty-resolver-4.1.19.Final.jar:/home/travis/build/icyphy/ptII/lib/netty-resolver-dns-4.1.19.Final.jar:/home/travis/build/icyphy/ptII/lib/netty-transport-4.1.19.Final.jar:/home/travis/build/icyphy/ptII/lib/vertx-codegen-3.5.1.jar:/home/travis/build/icyphy/ptII/lib/vertx-core-3.5.2-SNAPSHOT.jar:/home/travis/build/icyphy/ptII/lib/vertx-hazelcast-3.5.1.jar:/home/travis/build/icyphy/ptII/lib/vertx-lang-js-3.5.1.jar:/home/travis/build/icyphy/ptII/lib/vertx-service-proxy-3.5.1.jar:/home/travis/build/icyphy/ptII/lib/vertx-web-3.5.1.jar:/home/travis/build/icyphy/ptII/lib/slf4j-api-1.7.13.jar:/home/travis/build/icyphy/ptII/lib/slf4j-simple-1.7.13.jar:/home/travis/build/icyphy/ptII/lib/webcam-capture-0.3.12.jar:/home/travis/build/icyphy/ptII/lib/bridj-0.7.0.jar:/home/travis/build/icyphy/ptII/lib/xbjlib-1.1.0.nrjavaserial.jar:/home/travis/build/icyphy/ptII/ptolemy/moml/test:/home/travis/build/icyphy/ptII/ant/lib/ant-launcher.jar:/home/travis/build/icyphy/ptII/ant/lib/ant.jar:/home/travis/build/icyphy/ptII/ant/lib/ant-junit.jar:/home/travis/build/icyphy/ptII/ant/lib/ant-junit4.jar" />
    <property name="ant.library.dir" value="/home/travis/build/icyphy/ptII/ant/lib" />
    <property name="os.arch" value="amd64" />
    <property name="env.TRAVIS_LANGUAGE" value="node_js" />
    <property name="env.CONTINUOUS_INTEGRATION" value="true" />
    <property name="env.TRAVIS_STACK_LANGUAGES" value="__garnet__ c c++ clojure cplusplus cpp default go groovy java node_js php pure_java python ruby scala" />
    <property name="test.name" value="ptolemy.actor.lib.test.junit.JUnitTclTest" />
    <property name="sun.java.launcher" value="SUN_STANDARD" />
    <property name="env.PYTHON_CONFIGURE_OPTS" value="--enable-unicode=ucs4 --with-wide-unicode --enable-shared --enable-ipv6 --enable-loadable-sqlite-extensions --with-computed-gotos" />
    <property name="ant.core.lib" value="/home/travis/build/icyphy/ptII/ant/lib/ant.jar" />
    <property name="java.vm.specification.vendor" value="Oracle Corporation" />
    <property name="env.BCVTB_HOME" value="/home/travis/build/icyphy/ptII/lbnl" />
    <property name="file.separator" value="/" />
    <property name="java.runtime.version" value="1.8.0_151-b12" />
    <property name="spotbugs.home" value="/home/travis/build/icyphy/ptII/vendors/spotbugs-3.1.1" />
    <property name="sun.boot.class.path" value="/usr/lib/jvm/java-8-oracle/jre/lib/resources.jar:/usr/lib/jvm/java-8-oracle/jre/lib/rt.jar:/usr/lib/jvm/java-8-oracle/jre/lib/sunrsasign.jar:/usr/lib/jvm/java-8-oracle/jre/lib/jsse.jar:/usr/lib/jvm/java-8-oracle/jre/lib/jce.jar:/usr/lib/jvm/java-8-oracle/jre/lib/charsets.jar:/usr/lib/jvm/java-8-oracle/jre/lib/jfr.jar:/usr/lib/jvm/java-8-oracle/jre/classes" />
    <property name="env.HAS_JOSH_K_SEAL_OF_APPROVAL" value="true" />
    <property name="env.TRAVIS_OSX_IMAGE" value="" />
    <property name="env.XDG_RUNTIME_DIR" value="/run/user/2000" />
    <property name="env.TRAVIS_BRANCH" value="master" />
    <property name="env.TRAVIS_JOB_ID" value="386320768" />
    <property name="env.CERTI_HOME_TRAVIS" value="/home/travis/pthla/certi-tools" />
    <property name="user.country" value="US" />
    <property name="env.SHELL" value="/bin/bash" />
    <property name="java.maxmemory.large" value="5000m" />
    <property name="model" value="" />
    <property name="env.CASHER_DIR" value="/home/travis/.casher" />
    <property name="env.NVM_CD_FLAGS" value="" />
    <property name="jshint.executable" value="/home/travis/node_modules/jshint/bin/jshint" />
    <property name="java.vendor" value="Oracle Corporation" />
    <property name="env.JRUBY_OPTS" value=" --client -J-XX:+TieredCompilation -J-XX:TieredStopAtLevel=1 -J-Xss2m -Xcompile.invokedynamic=false" />
    <property name="env.TRAVIS_PRE_CHEF_BOOTSTRAP_TIME" value="2017-12-05T19:32:55" />
    <property name="env.TRAVIS_STACK_JOB_BOARD_REGISTER" value="/.job-board-register.yml" />
    <property name="env.ELIXIR_VERSION" value="1.4.5" />
    <property name="java.specification.version" value="1.8" />
    <property name="env.IRBRC" value="/home/travis/.rvm/rubies/ruby-2.4.1/.irbrc" />
    <property name="env.TRAVIS" value="true" />
    <property name="sun.arch.data.model" value="64" />
  </properties>
  <testcase classname="ptolemy.vergil.basic.export.test.junit.ExportModelJUnitTestBatch1" name="[0] lbnl/demo/MatlabRoom/MatlabRoom.xml (RunExportModel)" time="6.255" />
  <testcase classname="ptolemy.vergil.basic.export.test.junit.ExportModelJUnitTestBatch1" name="[1] lbnl/demo/SystemCommand/SystemCommand.xml (RunExportModel)" time="3.826" />
  <testcase classname="ptolemy.vergil.basic.export.test.junit.ExportModelJUnitTestBatch1" name="[2] org/hlacerti/demo/Billard/2Billes1Fed/2Billes1Fed.xml (RunExportModel)" time="8.255" />
  <testcase classname="ptolemy.vergil.basic.export.test.junit.ExportModelJUnitTestBatch1" name="[3] org/hlacerti/demo/Billard/2Billes1Fed/PoolTable2.xml (RunExportModel)" time="8.254" />
  <testcase classname="ptolemy.vergil.basic.export.test.junit.ExportModelJUnitTestBatch1" name="[4] org/hlacerti/demo/Billard/2Billes1Fed/TwoBilliardBalls.xml (RunExportModel)" time="8.482" />
  <testcase classname="ptolemy.vergil.basic.export.test.junit.ExportModelJUnitTestBatch1" name="[5] org/hlacerti/demo/Billard/2Billes2Fed/2Billes2Fed.xml (RunExportModel)" time="8.215" />
  <testcase classname="ptolemy.vergil.basic.export.test.junit.ExportModelJUnitTestBatch1" name="[6] org/hlacerti/demo/Billard/2Billes2Fed/BillardBall1.xml (RunExportModel)" time="8.238" />
  <testcase classname="ptolemy.vergil.basic.export.test.junit.ExportModelJUnitTestBatch1" name="[7] org/hlacerti/demo/Billard/2Billes2Fed/BillardBall2.xml (RunExportModel)" time="8.279" />
  <testcase classname="ptolemy.vergil.basic.export.test.junit.ExportModelJUnitTestBatch1" name="[8] org/hlacerti/demo/Billard/2Billes2Fed/BillardTable.xml (RunExportModel)" time="8.37" />
  <testcase classname="ptolemy.vergil.basic.export.test.junit.ExportModelJUnitTestBatch1" name="[9] org/hlacerti/demo/Billard/Billard.xml (RunExportModel)" time="8.18" />
  <testcase classname="ptolemy.vergil.basic.export.test.junit.ExportModelJUnitTestBatch1" name="[10] org/hlacerti/demo/f14HLA/f14HLA.xml (RunExportModel)" time="8.147" />
  <testcase classname="ptolemy.vergil.basic.export.test.junit.ExportModelJUnitTestBatch1" name="[11] org/hlacerti/demo/IntegrationTests/IntegrationTests.xml (RunExportModel)" time="8.115" />
  <testcase classname="ptolemy.vergil.basic.export.test.junit.ExportModelJUnitTestBatch1" name="[12] org/hlacerti/demo/IntegrationTests/TimeAdvancing1Federate/TimeAdvancing1Federate.xml (RunExportModel)" time="8.136" />
  <testcase classname="ptolemy.vergil.basic.export.test.junit.ExportModelJUnitTestBatch1" name="[13] org/hlacerti/demo/IntegrationTests/TimeAdvancing2Federates/testTimeAdvancingF1.xml (RunExportModel)" time="8.121" />
  <testcase classname="ptolemy.vergil.basic.export.test.junit.ExportModelJUnitTestBatch1" name="[14] org/hlacerti/demo/IntegrationTests/TimeAdvancing2Federates/testTimeAdvancingF2.xml (RunExportModel)" time="8.135" />
  <testcase classname="ptolemy.vergil.basic.export.test.junit.ExportModelJUnitTestBatch1" name="[15] org/hlacerti/demo/IntegrationTests/TimeAdvancing2Federates/TimeAdvancing2Federates.xml (RunExportModel)" time="8.266" />
  <testcase classname="ptolemy.vergil.basic.export.test.junit.ExportModelJUnitTestBatch1" name="[16] org/hlacerti/demo/IntegrationTests/TimeAdvancing2FederatesIntervalEvents/testTimeAdvancingF1.xml (RunExportModel)" time="8.168" />
  <testcase classname="ptolemy.vergil.basic.export.test.junit.ExportModelJUnitTestBatch1" name="[17] org/hlacerti/demo/IntegrationTests/TimeAdvancing2FederatesIntervalEvents/testTimeAdvancingF2InternalEvent.xml (RunExportModel)" time="8.203" />
  <testcase classname="ptolemy.vergil.basic.export.test.junit.ExportModelJUnitTestBatch1" name="[18] org/hlacerti/demo/IntegrationTests/TimeAdvancing2FederatesIntervalEvents/TimeAdvancing2FederatesIntervalEvents.xml (RunExportModel)" time="8.173" />
  <testcase classname="ptolemy.vergil.basic.export.test.junit.ExportModelJUnitTestBatch1" name="[19] org/hlacerti/demo/SynchronizeToRealTime/SynchronizeToRealTime.xml (RunExportModel)" time="8.356" />
  <testcase classname="ptolemy.vergil.basic.export.test.junit.ExportModelJUnitTestBatch1" name="[20] org/ptolemy/machineImprovisation/demo/JazzImprovisation/JazzImprovisation.xml (RunExportModel)" time="26.704" />
  <testcase classname="ptolemy.vergil.basic.export.test.junit.ExportModelJUnitTestBatch1" name="[21] org/ptolemy/machineLearning/clustering/demo/KMeans/KMeans.xml (RunExportModel)" time="4.75" />
  <testcase classname="ptolemy.vergil.basic.export.test.junit.ExportModelJUnitTestBatch1" name="[22] org/ptolemy/machineLearning/hmm/demo/CommunicationAnomalyDetectionAOM/CommunicationAnomalyDetectionAOM.xml (RunExportModel)" time="38.837" />
  <testcase classname="ptolemy.vergil.basic.export.test.junit.ExportModelJUnitTestBatch1" name="[23] org/ptolemy/machineLearning/hmm/demo/CommunicationAnomalyDetectionCQM/CommunicationAnomalyDetectionCQM.xml (RunExportModel)" time="17.026" />
  <testcase classname="ptolemy.vergil.basic.export.test.junit.ExportModelJUnitTestBatch1" name="[24] org/ptolemy/machineLearning/particleFilter/demo/MultiRobotIntruderTracking/MultiRobotIntruderTracking.xml (RunExportModel)" time="40.042" />
  <testcase classname="ptolemy.vergil.basic.export.test.junit.ExportModelJUnitTestBatch1" name="[25] org/ptolemy/machineLearning/particleFilter/demo/OnlineTrajectoryOptimization/DistributedOnlineTrajectoryOptimization.xml (RunExportModel)" time="43.351" />
  <testcase classname="ptolemy.vergil.basic.export.test.junit.ExportModelJUnitTestBatch1" name="[26] org/ptolemy/machineLearning/particleFilter/demo/OnlineTrajectoryOptimization/OnlineTrajectoryOptimization.xml (RunExportModel)" time="38.257" />
  <testcase classname="ptolemy.vergil.basic.export.test.junit.ExportModelJUnitTestBatch1" name="[27] org/ptolemy/machineLearning/particleFilter/demo/OpenLoopSingleRobotTargetLocalization/OpenLoopSingleRobotTargetLocalization.xml (RunExportModel)" time="12.433" />
  <testcase classname="ptolemy.vergil.basic.export.test.junit.ExportModelJUnitTestBatch1" name="[28] org/ptolemy/machineLearning/particleFilter/demo/OpenLoopTwoRobotTargetLocalization/JointParticleFilter.xml (RunExportModel)" time="8.17" />
  <testcase classname="ptolemy.vergil.basic.export.test.junit.ExportModelJUnitTestBatch1" name="[29] org/ptolemy/machineLearning/particleFilter/demo/OpenLoopTwoRobotTargetLocalization/OpenLoopTwoRobotTargetLocalization.xml (RunExportModel)" time="35.236" />
  <testcase classname="ptolemy.vergil.basic.export.test.junit.ExportModelJUnitTestBatch1" name="[30] org/ptolemy/machineLearning/particleFilter/demo/ParticleFilterRange/ParticleFilterRange.xml (RunExportModel)" time="14.643" />
  <testcase classname="ptolemy.vergil.basic.export.test.junit.ExportModelJUnitTestBatch1" name="[31] org/ptolemy/optimization/demo/LeastSquaresNodeLocalization/LeastSquaresNodeLocalization.xml (RunExportModel)" time="4.958" />
  <testcase classname="ptolemy.vergil.basic.export.test.junit.ExportModelJUnitTestBatch1" name="[32] org/ptolemy/optimization/demo/LinearRegression/LinearRegression.xml (RunExportModel)" time="6.277" />
  <testcase classname="ptolemy.vergil.basic.export.test.junit.ExportModelJUnitTestBatch1" name="[33] org/ptolemy/optimization/demo/SimpleOptimization/SimpleOptimization.xml (RunExportModel)" time="4.257" />
  <testcase classname="ptolemy.vergil.basic.export.test.junit.ExportModelJUnitTestBatch1" name="[34] org/ptolemy/osc/demo/OscSendReceive/OscSendReceive.xml (RunExportModel)" time="18.242" />
  <testcase classname="ptolemy.vergil.basic.export.test.junit.ExportModelJUnitTestBatch1" name="[35] org/ptolemy/ptango/demo/BlinkyLight/BlinkyLight.xml (RunExportModel)" time="4.086" />
  <testcase classname="ptolemy.vergil.basic.export.test.junit.ExportModelJUnitTestBatch1" name="[36] org/ptolemy/ptango/demo/Chat/Chat.xml (RunExportModel)" time="3.135" />
  <testcase classname="ptolemy.vergil.basic.export.test.junit.ExportModelJUnitTestBatch1" name="[37] org/ptolemy/ptango/demo/Chat/ChatClient.xml (RunExportModel)" time="3.204" />
  <testcase classname="ptolemy.vergil.basic.export.test.junit.ExportModelJUnitTestBatch1" name="[38] org/ptolemy/ptango/demo/Chat/ChatClient2.xml (RunExportModel)" time="3.208" />
  <testcase classname="ptolemy.vergil.basic.export.test.junit.ExportModelJUnitTestBatch1" name="[39] org/ptolemy/ptango/demo/Chat/ChatServer.xml (RunExportModel)" time="3.358" />
  <testcase classname="ptolemy.vergil.basic.export.test.junit.ExportModelJUnitTestBatch1" name="[40] org/ptolemy/ptango/demo/Cookies/Cookies.xml (RunExportModel)" time="3.241" />
  <testcase classname="ptolemy.vergil.basic.export.test.junit.ExportModelJUnitTestBatch1" name="[41] org/ptolemy/ptango/demo/DOPpresence/DOPpresence.xml (RunExportModel)" time="4.839" />
  <testcase classname="ptolemy.vergil.basic.export.test.junit.ExportModelJUnitTestBatch1" name="[42] org/ptolemy/ptango/demo/EPlus70Actuator/EPlus70Actuator.xml (RunExportModel)" time="4.496" />
  <testcase classname="ptolemy.vergil.basic.export.test.junit.ExportModelJUnitTestBatch1" name="[43] org/ptolemy/ptango/demo/ErrorHandler/ErrorHandler.xml (RunExportModel)" time="3.437" />
  <testcase classname="ptolemy.vergil.basic.export.test.junit.ExportModelJUnitTestBatch1" name="[44] org/ptolemy/ptango/demo/Exception/Exception.xml (RunExportModel)" time="6.719" />
  <testcase classname="ptolemy.vergil.basic.export.test.junit.ExportModelJUnitTestBatch1" name="[45] org/ptolemy/ptango/demo/Guidance/Guidance.xml (RunExportModel)" time="3.922" />
  <testcase classname="ptolemy.vergil.basic.export.test.junit.ExportModelJUnitTestBatch1" name="[46] org/ptolemy/ptango/demo/Guidance/GuidanceSingleUserWithName.xml (RunExportModel)" time="3.329" />
  <testcase classname="ptolemy.vergil.basic.export.test.junit.ExportModelJUnitTestBatch1" name="[47] org/ptolemy/ptango/demo/OccupancyAlert/OccupancyAlert.xml (RunExportModel)" time="3.789" />
  <testcase classname="ptolemy.vergil.basic.export.test.junit.ExportModelJUnitTestBatch1" name="[48] org/ptolemy/ptango/demo/OptimizationAdvisor/OptimizationAdvisor.xml (RunExportModel)" time="15.343" />
  <testcase classname="ptolemy.vergil.basic.export.test.junit.ExportModelJUnitTestBatch1" name="[49] org/ptolemy/ptango/demo/SensorAndrew/SensorAndrew.xml (RunExportModel)" time="3.844" />
  <testcase classname="ptolemy.vergil.basic.export.test.junit.ExportModelJUnitTestBatch1" name="[50] org/ptolemy/ptango/demo/SmartRoom/SmartRoom.xml (RunExportModel)" time="4.046" />
  <testcase classname="ptolemy.vergil.basic.export.test.junit.ExportModelJUnitTestBatch1" name="[51] org/ptolemy/ptango/demo/TemperatureSimulation/TemperatureSimulation.xml (RunExportModel)" time="4.065" />
  <testcase classname="ptolemy.vergil.basic.export.test.junit.ExportModelJUnitTestBatch1" name="[52] org/ptolemy/ptango/demo/UCBPower/UCBPower.xml (RunExportModel)" time="3.607" />
  <testcase classname="ptolemy.vergil.basic.export.test.junit.ExportModelJUnitTestBatch1" name="[53] org/ptolemy/ptango/demo/UCBPower/UCBPowerAnalyzerServer.xml (RunExportModel)" time="3.476" />
  <testcase classname="ptolemy.vergil.basic.export.test.junit.ExportModelJUnitTestBatch1" name="[54] org/ptolemy/ptango/demo/UCBPowerPtera/UCBPowerPtera.xml (RunExportModel)" time="5.939" />
  <testcase classname="ptolemy.vergil.basic.export.test.junit.ExportModelJUnitTestBatch1" name="[55] org/ptolemy/ptango/demo/WebServerDE/WebServerDE.xml (RunExportModel)" time="6.852" />
  <testcase classname="ptolemy.vergil.basic.export.test.junit.ExportModelJUnitTestBatch1" name="[56] org/ptolemy/qss/demo/RLC/RLC.xml (RunExportModel)" time="4.388" />
  <testcase classname="ptolemy.vergil.basic.export.test.junit.ExportModelJUnitTestBatch1" name="[57] org/ptolemy/ssm/demo/RangeLocalizationOnMap/RangeLocalizationOnMap.xml (RunExportModel)" time="36.595" />
  <testcase classname="ptolemy.vergil.basic.export.test.junit.ExportModelJUnitTestBatch1" name="[58] org/ptolemy/ssm/demo/SingleRobotTargetLocalization/SingleRobotTargetLocalization.xml (RunExportModel)" time="10.918" />
  <testcase classname="ptolemy.vergil.basic.export.test.junit.ExportModelJUnitTestBatch1" name="[59] org/ptolemy/ssm/demo/StatePrediction/StatePrediction.xml (RunExportModel)" time="11.182" />
  <testcase classname="ptolemy.vergil.basic.export.test.junit.ExportModelJUnitTestBatch1" name="[60] org/terraswarm/accessor/demo/AugmentedReality/AugmentedReality.xml (RunExportModel)" time="3.204" />
  <testcase classname="ptolemy.vergil.basic.export.test.junit.ExportModelJUnitTestBatch1" name="[61] org/terraswarm/accessor/demo/AugmentedReality/AugmentedRealityFeedback.xml (RunExportModel)" time="87.722" />
  <testcase classname="ptolemy.vergil.basic.export.test.junit.ExportModelJUnitTestBatch1" name="[62] org/terraswarm/accessor/demo/AugmentedReality/AugmentedRealityFeedbackBlee.xml (RunExportModel)" time="40.526" />
  <testcase classname="ptolemy.vergil.basic.export.test.junit.ExportModelJUnitTestBatch1" name="[63] org/terraswarm/accessor/demo/AugmentedReality/AugmentedRealityKeyValueStore.xml (RunExportModel)" time="39.912" />
  <testcase classname="ptolemy.vergil.basic.export.test.junit.ExportModelJUnitTestBatch1" name="[64] org/terraswarm/accessor/demo/AugmentedReality/AugmentedRealityVideo.xml (RunExportModel)" time="44.143" />
  <testcase classname="ptolemy.vergil.basic.export.test.junit.ExportModelJUnitTestBatch1" name="[65] org/terraswarm/accessor/demo/AugmentedRealityVideoSOHO/AugmentedRealityVideoSOHO.xml (RunExportModel)" time="40.312" />
  <testcase classname="ptolemy.vergil.basic.export.test.junit.ExportModelJUnitTestBatch1" name="[66] org/terraswarm/accessor/demo/AugmentedRealityVideoSOHO/GenerateHueAccessors.xml (RunExportModel)" time="14.458" />
  <testcase classname="ptolemy.vergil.basic.export.test.junit.ExportModelJUnitTestBatch1" name="[67] org/terraswarm/accessor/demo/AugmentedRealityVideoSOHO/GenerateLifxAccessors.xml (RunExportModel)" time="14.849" />
  <testcase classname="ptolemy.vergil.basic.export.test.junit.ExportModelJUnitTestBatch1" name="[68] org/terraswarm/accessor/demo/AugmentedRealityVideoSOHO/GenerateMQTTAccessors.xml (RunExportModel)" time="16.266" />
  <testcase classname="ptolemy.vergil.basic.export.test.junit.ExportModelJUnitTestBatch1" name="[69] org/terraswarm/accessor/demo/AugmentedRealityVideoSOHO/KeyValueStoreServerSOHO.xml (RunExportModel)" time="38.998" />
  <testcase classname="ptolemy.vergil.basic.export.test.junit.ExportModelJUnitTestBatch1" name="[70] org/terraswarm/accessor/demo/AugmentedRealityVideoSOHO/SoundServerSOHO.xml (RunExportModel)" time="38.715" />
  <testcase classname="ptolemy.vergil.basic.export.test.junit.ExportModelJUnitTestBatch1" name="[71] org/terraswarm/accessor/demo/AugmentedRealityVideoTerra/AugmentedRealityVideoTerra.xml (RunExportModel)" time="42.924" />
  <testcase classname="ptolemy.vergil.basic.export.test.junit.ExportModelJUnitTestBatch1" name="[72] org/terraswarm/accessor/demo/AugmentedRealityVideoTerra/SoundServerTerra.xml (RunExportModel)" time="39.044" />
  <testcase classname="ptolemy.vergil.basic.export.test.junit.ExportModelJUnitTestBatch1" name="[73] org/terraswarm/accessor/demo/Hue/Hue.xml (RunExportModel)" time="3.138" />
  <testcase classname="ptolemy.vergil.basic.export.test.junit.ExportModelJUnitTestBatch1" name="[74] org/terraswarm/accessor/demo/Hue/HueToggle.xml (RunExportModel)" time="37.401" />
  <testcase classname="ptolemy.vergil.basic.export.test.junit.ExportModelJUnitTestBatch1" name="[75] org/terraswarm/accessor/demo/Hue/MotionLights.xml (RunExportModel)" time="38.716" />
  <testcase classname="ptolemy.vergil.basic.export.test.junit.ExportModelJUnitTestBatch1" name="[76] org/terraswarm/accessor/demo/Hue/OccupancyLights.xml (RunExportModel)" time="67.672" />
  <testcase classname="ptolemy.vergil.basic.export.test.junit.ExportModelJUnitTestBatch1" name="[77] org/terraswarm/accessor/demo/Lifx/Lifx.xml (RunExportModel)" time="28.8" />
  <testcase classname="ptolemy.vergil.basic.export.test.junit.ExportModelJUnitTestBatch1" name="[78] org/terraswarm/accessor/demo/NaturalLanguage/NaturalLanguage.xml (RunExportModel)" time="21.045" />
  <testcase classname="ptolemy.vergil.basic.export.test.junit.ExportModelJUnitTestBatch1" name="[79] org/terraswarm/accessor/demo/Scarab/Scarab.xml (RunExportModel)" time="38.793" />
  <testcase classname="ptolemy.vergil.basic.export.test.junit.ExportModelJUnitTestBatch1" name="[80] org/terraswarm/accessor/demo/WatchHandRaisingLight/WatchHandRaisingLight.xml (RunExportModel)" time="39.923" />
  <testcase classname="ptolemy.vergil.basic.export.test.junit.ExportModelJUnitTestBatch1" name="[81] org/terraswarm/ros/demo/Ros/Ros.xml (RunExportModel)" time="3.253" />
  <testcase classname="ptolemy.vergil.basic.export.test.junit.ExportModelJUnitTestBatch1" name="[82] org/terraswarm/ros/demo/Ros/RosPublisher.xml (RunExportModel)" time="4.359" />
  <testcase classname="ptolemy.vergil.basic.export.test.junit.ExportModelJUnitTestBatch1" name="[83] org/terraswarm/ros/demo/Ros/RosSubscriber.xml (RunExportModel)" time="4.531" />
  <testcase classname="ptolemy.vergil.basic.export.test.junit.ExportModelJUnitTestBatch1" name="[84] org/terraswarm/ros/demo/Ros/ScarabArrowKeyController.xml (RunExportModel)" time="6.753" />
  <testcase classname="ptolemy.vergil.basic.export.test.junit.ExportModelJUnitTestBatch1" name="[85] org/terraswarm/ros/demo/Ros/ScarabGoalPublisher.xml (RunExportModel)" time="4.472" />
  <testcase classname="ptolemy.vergil.basic.export.test.junit.ExportModelJUnitTestBatch1" name="[86] org/terraswarm/ros/demo/Ros/ScarabHueController.xml (RunExportModel)" time="6.692" />
  <testcase classname="ptolemy.vergil.basic.export.test.junit.ExportModelJUnitTestBatch1" name="[87] ptolemy/actor/gt/demo/BouncingBallX2/BouncingBallX2.xml (RunExportModel)" time="35.181" />
  <testcase classname="ptolemy.vergil.basic.export.test.junit.ExportModelJUnitTestBatch1" name="[88] ptolemy/actor/gt/demo/ConstOptimization/ConstOptimization.xml (RunExportModel)" time="11.129" />
  <testcase classname="ptolemy.vergil.basic.export.test.junit.ExportModelJUnitTestBatch1" name="[89] ptolemy/actor/gt/demo/ConstOptimization/ConstOptimizationDDF.xml (RunExportModel)" time="11.255" />
  <testcase classname="ptolemy.vergil.basic.export.test.junit.ExportModelJUnitTestBatch1" name="[90] ptolemy/actor/gt/demo/ConstOptimization/ConstOptimizationDE.xml (RunExportModel)" time="11.025" />
  <testcase classname="ptolemy.vergil.basic.export.test.junit.ExportModelJUnitTestBatch1" name="[91] ptolemy/actor/gt/demo/DiningPhilosophers/DiningPhilosophers.xml (RunExportModel)" time="5.021" />
  <testcase classname="ptolemy.vergil.basic.export.test.junit.ExportModelJUnitTestBatch1" name="[92] ptolemy/actor/gt/demo/GameOfLife/GameOfLife.xml (RunExportModel)" time="7.584" />
  <testcase classname="ptolemy.vergil.basic.export.test.junit.ExportModelJUnitTestBatch1" name="[93] ptolemy/actor/gt/demo/HierarchyFlattening/HierarchyFlattening.xml (RunExportModel)" time="3.387" />
  <testcase classname="ptolemy.vergil.basic.export.test.junit.ExportModelJUnitTestBatch1" name="[94] ptolemy/actor/gt/demo/MapReduce/MapReduce.xml (RunExportModel)" time="5.25" />
  <testcase classname="ptolemy.vergil.basic.export.test.junit.ExportModelJUnitTestBatch1" name="[95] ptolemy/actor/gt/demo/MapReduce/MapReduceDDF.xml (RunExportModel)" time="9.097" />
  <testcase classname="ptolemy.vergil.basic.export.test.junit.ExportModelJUnitTestBatch1" name="[96] ptolemy/actor/gt/demo/ModelExecution/ModelExecution.xml (RunExportModel)" time="13.478" />
  <testcase classname="ptolemy.vergil.basic.export.test.junit.ExportModelJUnitTestBatch1" name="[97] ptolemy/actor/gt/demo/ModelGeneration/ModelGeneration.xml (RunExportModel)" time="4.436" />
  <testcase classname="ptolemy.vergil.basic.export.test.junit.ExportModelJUnitTestBatch1" name="[98] ptolemy/actor/gt/demo/ModelGeneration/ModelGenerationDE.xml (RunExportModel)" time="4.588" />
  <testcase classname="ptolemy.vergil.basic.export.test.junit.ExportModelJUnitTestBatch1" name="[99] ptolemy/actor/gt/demo/PublisherTest/PublisherTest.xml (RunExportModel)" time="3.276" />
  <testcase classname="ptolemy.vergil.basic.export.test.junit.ExportModelJUnitTestBatch1" name="[100] ptolemy/actor/gt/demo/RegressionTest/RegressionTest.xml (RunExportModel)" time="4.548" />
  <testcase classname="ptolemy.vergil.basic.export.test.junit.ExportModelJUnitTestBatch1" name="[101] ptolemy/actor/gt/demo/SinewaveOptimization/Sinewave.xml (RunExportModel)" time="4.211" />
  <testcase classname="ptolemy.vergil.basic.export.test.junit.ExportModelJUnitTestBatch1" name="[102] ptolemy/actor/gt/demo/SinewaveOptimization/SinewaveOptimization.xml (RunExportModel)" time="7.003" />
  <testcase classname="ptolemy.vergil.basic.export.test.junit.ExportModelJUnitTestBatch1" name="[103] ptolemy/actor/lib/aspect/demo/CanBus/CanBus.xml (RunExportModel)" time="4.357" />
  <testcase classname="ptolemy.vergil.basic.export.test.junit.ExportModelJUnitTestBatch1" name="[104] ptolemy/actor/lib/aspect/demo/CarTrackingAttackModeling/CarTrackingAttackModeling.xml (RunExportModel)" time="7.878" />
  <testcase classname="ptolemy.vergil.basic.export.test.junit.ExportModelJUnitTestBatch1" name="[105] ptolemy/actor/lib/aspect/demo/CompositeQM/CompositeQM.xml (RunExportModel)" time="4.273" />
  <testcase classname="ptolemy.vergil.basic.export.test.junit.ExportModelJUnitTestBatch1" name="[106] ptolemy/actor/lib/aspect/demo/DE/DE.xml (RunExportModel)" time="4.355" />
  <testcase classname="ptolemy.vergil.basic.export.test.junit.ExportModelJUnitTestBatch1" name="[107] ptolemy/actor/lib/aspect/demo/DE/DE2.xml (RunExportModel)" time="4.803" />
  <testcase classname="ptolemy.vergil.basic.export.test.junit.ExportModelJUnitTestBatch1" name="[108] ptolemy/actor/lib/aspect/demo/MonitorExecutionTimes/MonitorExecutionTimes.xml (RunExportModel)" time="4.269" />
  <testcase classname="ptolemy.vergil.basic.export.test.junit.ExportModelJUnitTestBatch1" name="[109] ptolemy/actor/lib/colt/demo/ColtRandom/ColtRandom.xml (RunExportModel)" time="4.692" />
  <testcase classname="ptolemy.vergil.basic.export.test.junit.ExportModelJUnitTestBatch1" name="[110] ptolemy/actor/lib/comm/demo/ConvolutionalCoder/ConvolutionalCoder.xml (RunExportModel)" time="4.449" />
  <testcase classname="ptolemy.vergil.basic.export.test.junit.ExportModelJUnitTestBatch1" name="[111] ptolemy/actor/lib/comm/demo/HuffmanDecoder/HuffmanDecoder.xml (RunExportModel)" time="4.329" />
  <testcase classname="ptolemy.vergil.basic.export.test.junit.ExportModelJUnitTestBatch1" name="[112] ptolemy/actor/lib/comm/demo/Scrambler/Scrambler.xml (RunExportModel)" time="4.248" />
  <testcase classname="ptolemy.vergil.basic.export.test.junit.ExportModelJUnitTestBatch1" name="[113] ptolemy/actor/lib/comm/demo/TrellisDecoder/TrellisDecoder.xml (RunExportModel)" time="4.419" />
  <testcase classname="ptolemy.vergil.basic.export.test.junit.ExportModelJUnitTestBatch1" name="[114] ptolemy/actor/lib/comm/demo/ViterbiDecoder/ViterbiDecoder.xml (RunExportModel)" time="4.295" />
  <testcase classname="ptolemy.vergil.basic.export.test.junit.ExportModelJUnitTestBatch1" name="[115] ptolemy/actor/lib/database/demo/InteractiveQuery/InteractiveQuery.xml (RunExportModel)" time="3.15" />
  <testcase classname="ptolemy.vergil.basic.export.test.junit.ExportModelJUnitTestBatch1" name="[116] ptolemy/actor/lib/fmi/demo/FMUBouncingBall/FMUBouncingBall.xml (RunExportModel)" time="4.381" />
  <testcase classname="ptolemy.vergil.basic.export.test.junit.ExportModelJUnitTestBatch1" name="[117] ptolemy/actor/lib/fmi/demo/FMULevelStairs/FMULevelStairs.xml (RunExportModel)" time="4.208" />
  <testcase classname="ptolemy.vergil.basic.export.test.junit.ExportModelJUnitTestBatch1" name="[118] ptolemy/actor/lib/fmi/demo/FMUSimulationX/FMUSimulationX.xml (RunExportModel)" time="3.347" />
  <testcase classname="ptolemy.vergil.basic.export.test.junit.ExportModelJUnitTestBatch1" name="[119] ptolemy/actor/lib/fmi/demo/FMUSimulationX/FMUSimulationXPIController.xml (RunExportModel)" time="3.177" />
  <testcase classname="ptolemy.vergil.basic.export.test.junit.ExportModelJUnitTestBatch1" name="[120] ptolemy/actor/lib/fmi/demo/FMUStairs/FMUStairs.xml (RunExportModel)" time="4.178" />
  <testcase classname="ptolemy.vergil.basic.export.test.junit.ExportModelJUnitTestBatch1" name="[121] ptolemy/actor/lib/fmi/demo/FMUTwoBallCollision/FMUTwoBallCollision.xml (RunExportModel)" time="4.331" />
  <testcase classname="ptolemy.vergil.basic.export.test.junit.ExportModelJUnitTestBatch1" name="[122] ptolemy/actor/lib/fmi/jni/demo/FourInFourOutsDymola/FourInFourOutsDymola.xml (RunExportModel)" time="3.464" />
  <testcase classname="ptolemy.vergil.basic.export.test.junit.ExportModelJUnitTestBatch1" name="[123] ptolemy/actor/lib/fmi/jni/demo/FourInFourOutsDymola/FourInFourOutsDymolaJNI.xml (RunExportModel)" time="3.271" />
  <testcase classname="ptolemy.vergil.basic.export.test.junit.ExportModelJUnitTestBatch1" name="[124] ptolemy/actor/lib/fmi/jni/demo/FourInFourOutsDymola/FourInFourOutsDymolaWindows.xml (RunExportModel)" time="3.165" />
  <testcase classname="ptolemy.vergil.basic.export.test.junit.ExportModelJUnitTestBatch1" name="[125] ptolemy/actor/lib/gem5/demo/DramThermalModel/DramThermalModel.xml (RunExportModel)" time="6.341" />
  <testcase classname="ptolemy.vergil.basic.export.test.junit.ExportModelJUnitTestBatch1" name="[126] ptolemy/actor/lib/hoc/demo/ApplyFFT/ApplyFFT.xml (RunExportModel)" time="4.27" />
  <testcase classname="ptolemy.vergil.basic.export.test.junit.ExportModelJUnitTestBatch1" name="[127] ptolemy/actor/lib/hoc/demo/Case/Case.xml (RunExportModel)" time="4.303" />
  <testcase classname="ptolemy.vergil.basic.export.test.junit.ExportModelJUnitTestBatch1" name="[128] ptolemy/actor/lib/hoc/demo/DFTSubSet/DFTSubSet.xml (RunExportModel)" time="5.231" />
  <testcase classname="ptolemy.vergil.basic.export.test.junit.ExportModelJUnitTestBatch1" name="[129] ptolemy/actor/lib/hoc/demo/HocDE/HocDE.xml (RunExportModel)" time="4.901" />
  <testcase classname="ptolemy.vergil.basic.export.test.junit.ExportModelJUnitTestBatch1" name="[130] ptolemy/actor/lib/hoc/demo/IterateOverArray/IterateOverArray.xml (RunExportModel)" time="4.913" />
  <testcase classname="ptolemy.vergil.basic.export.test.junit.ExportModelJUnitTestBatch1" name="[131] ptolemy/actor/lib/hoc/demo/MobileFunction/MobileFunction.xml (RunExportModel)" time="4.179" />
  <testcase classname="ptolemy.vergil.basic.export.test.junit.ExportModelJUnitTestBatch1" name="[132] ptolemy/actor/lib/hoc/demo/ModelReference/ModelReference.xml (RunExportModel)" time="34.233" />
  <testcase classname="ptolemy.vergil.basic.export.test.junit.ExportModelJUnitTestBatch1" name="[133] ptolemy/actor/lib/hoc/demo/ThreadedComposite/BackgroundExecution.xml (RunExportModel)" time="13.164" />
  <testcase classname="ptolemy.vergil.basic.export.test.junit.ExportModelJUnitTestBatch1" name="[134] ptolemy/actor/lib/hoc/demo/ThreadedComposite/ConcurrentChat.xml (RunExportModel)" time="3.169" />
  <testcase classname="ptolemy.vergil.basic.export.test.junit.ExportModelJUnitTestBatch1" name="[135] ptolemy/actor/lib/hoc/demo/ThreadedComposite/MulticoreExecution.xml (RunExportModel)" time="14.236" />
  <testcase classname="ptolemy.vergil.basic.export.test.junit.ExportModelJUnitTestBatch1" name="[136] ptolemy/actor/lib/hoc/demo/ThreadedComposite/ParallelExecution.xml (RunExportModel)" time="13.178" />
  <testcase classname="ptolemy.vergil.basic.export.test.junit.ExportModelJUnitTestBatch1" name="[137] ptolemy/actor/lib/hoc/demo/ThreadedComposite/SpontaneousSources.xml (RunExportModel)" time="3.144" />
  <testcase classname="ptolemy.vergil.basic.export.test.junit.ExportModelJUnitTestBatch1" name="[138] ptolemy/actor/lib/hoc/demo/ThreadedComposite/ThreadedComposite.xml (RunExportModel)" time="3.125" />
  <testcase classname="ptolemy.vergil.basic.export.test.junit.ExportModelJUnitTestBatch1" name="[139] ptolemy/actor/lib/io/comm/demo/SerialConsole/SerialConsole.xml (RunExportModel)" time="3.213" />
  <testcase classname="ptolemy.vergil.basic.export.test.junit.ExportModelJUnitTestBatch1" name="[140] ptolemy/actor/lib/io/comm/demo/SerialPort/SerialPort.xml (RunExportModel)" time="3.137" />
  <testcase classname="ptolemy.vergil.basic.export.test.junit.ExportModelJUnitTestBatch1" name="[141] ptolemy/actor/lib/io/comm/demo/XBee/XBee.xml (RunExportModel)" time="3.137" />
  <testcase classname="ptolemy.vergil.basic.export.test.junit.ExportModelJUnitTestBatch1" name="[142] ptolemy/actor/lib/io/demo/AppendToFile/AppendToFile.xml (RunExportModel)" time="3.123" />
  <testcase classname="ptolemy.vergil.basic.export.test.junit.ExportModelJUnitTestBatch1" name="[143] ptolemy/actor/lib/io/demo/CopyFile/CopyFile.xml (RunExportModel)" time="3.12" />
  <testcase classname="ptolemy.vergil.basic.export.test.junit.ExportModelJUnitTestBatch1" name="[144] ptolemy/actor/lib/io/demo/FilePortParameter/FilePortParameter.xml (RunExportModel)" time="3.159" />
  <testcase classname="ptolemy.vergil.basic.export.test.junit.ExportModelJUnitTestBatch1" name="[145] ptolemy/actor/lib/io/demo/ReadExpressionsCommandLine/ReadExpressionsCommandLine.xml (RunExportModel)" time="3.114" />
  <testcase classname="ptolemy.vergil.basic.export.test.junit.ExportModelJUnitTestBatch1" name="[146] ptolemy/actor/lib/io/demo/ReadStdIn/ReadStdIn.xml (RunExportModel)" time="3.113" />
  <testcase classname="ptolemy.vergil.basic.export.test.junit.ExportModelJUnitTestBatch1" name="[147] ptolemy/actor/lib/jai/demo/AdaptiveMedian/AdaptiveMedian.xml (RunExportModel)" time="5.281" />
  <testcase classname="ptolemy.vergil.basic.export.test.junit.ExportModelJUnitTestBatch1" name="[148] ptolemy/actor/lib/jai/demo/ImageReconstruction/ImageReconstruction.xml (RunExportModel)" time="4.299" />
  <testcase classname="ptolemy.vergil.basic.export.test.junit.ExportModelJUnitTestBatch1" name="[149] ptolemy/actor/lib/jai/demo/VQSequenceDisplay/VQSequenceDisplay.xml (RunExportModel)" time="4.723" />
  <system-out><![CDATA[ExportModeJUnitTestBatch: There are 746 demos. Exporting demos: 1 to 150.
####### 1 Thu May 31 20:37:11 UTC 2018 $PTII/bin/ptinvoke ptolemy.vergil.basic.export.ExportModel -force htm  -openComposites -timeOut 30000 -whiteBackground lbnl/demo/MatlabRoom/MatlabRoom.xml $PTII/lbnl/demo/MatlabRoom/MatlabRoom
Warning: not running lbnl/demo/MatlabRoom/MatlabRoom.xml. See ptolemy/vergil/basic/export/test/junit/ExportModelJUnitTest.java
Exported /home/travis/build/icyphy/ptII/lbnl/demo/MatlabRoom/MatlabRoom/index.html
6246 ms. Memory: 150528K Free: 56203K (37%)
####### 2 Thu May 31 20:37:17 UTC 2018 $PTII/bin/ptinvoke ptolemy.vergil.basic.export.ExportModel -force htm  -openComposites -timeOut 30000 -whiteBackground lbnl/demo/SystemCommand/SystemCommand.xml $PTII/lbnl/demo/SystemCommand/SystemCommand
Warning: not running lbnl/demo/SystemCommand/SystemCommand.xml. See ptolemy/vergil/basic/export/test/junit/ExportModelJUnitTest.java
Exported /home/travis/build/icyphy/ptII/lbnl/demo/SystemCommand/SystemCommand/index.html
3824 ms. Memory: 198656K Free: 98887K (50%)
####### 3 Thu May 31 20:37:21 UTC 2018 $PTII/bin/ptinvoke ptolemy.vergil.basic.export.ExportModel -force htm  -openComposites -timeOut 30000 -whiteBackground org/hlacerti/demo/Billard/2Billes1Fed/2Billes1Fed.xml $PTII/org/hlacerti/demo/Billard/2Billes1Fed/2Billes1Fed
Warning: not running org/hlacerti/demo/Billard/2Billes1Fed/2Billes1Fed.xml. See ptolemy/vergil/basic/export/test/junit/ExportModelJUnitTest.java
----------------- Thu May 31 20:37:21 UTC 2018 About to sleep for 5.0 seconds before running or rerunning.  Test is: /home/travis/build/icyphy/ptII/org/hlacerti/demo/Billard/2Billes1Fed/2Billes1Fed.xml
Done sleeping
Exported /home/travis/build/icyphy/ptII/org/hlacerti/demo/Billard/2Billes1Fed/2Billes1Fed/index.html
3254 ms. Memory: 199168K Free: 107930K (54%)
####### 4 Thu May 31 20:37:29 UTC 2018 $PTII/bin/ptinvoke ptolemy.vergil.basic.export.ExportModel -force htm  -openComposites -timeOut 30000 -whiteBackground org/hlacerti/demo/Billard/2Billes1Fed/PoolTable2.xml $PTII/org/hlacerti/demo/Billard/2Billes1Fed/PoolTable2
Warning: not running org/hlacerti/demo/Billard/2Billes1Fed/PoolTable2.xml. See ptolemy/vergil/basic/export/test/junit/ExportModelJUnitTest.java
----------------- Thu May 31 20:37:29 UTC 2018 About to sleep for 5.0 seconds before running or rerunning.  Test is: /home/travis/build/icyphy/ptII/org/hlacerti/demo/Billard/2Billes1Fed/PoolTable2.xml
Done sleeping
Exported /home/travis/build/icyphy/ptII/org/hlacerti/demo/Billard/2Billes1Fed/PoolTable2/index.html
3253 ms. Memory: 229888K Free: 111880K (49%)
####### 5 Thu May 31 20:37:38 UTC 2018 $PTII/bin/ptinvoke ptolemy.vergil.basic.export.ExportModel -force htm  -openComposites -timeOut 30000 -whiteBackground org/hlacerti/demo/Billard/2Billes1Fed/TwoBilliardBalls.xml $PTII/org/hlacerti/demo/Billard/2Billes1Fed/TwoBilliardBalls
Warning: not running org/hlacerti/demo/Billard/2Billes1Fed/TwoBilliardBalls.xml. See ptolemy/vergil/basic/export/test/junit/ExportModelJUnitTest.java
----------------- Thu May 31 20:37:38 UTC 2018 About to sleep for 5.0 seconds before running or rerunning.  Test is: /home/travis/build/icyphy/ptII/org/hlacerti/demo/Billard/2Billes1Fed/TwoBilliardBalls.xml
Done sleeping
Exported /home/travis/build/icyphy/ptII/org/hlacerti/demo/Billard/2Billes1Fed/TwoBilliardBalls/index.html
3481 ms. Memory: 262656K Free: 188271K (72%)
####### 6 Thu May 31 20:37:46 UTC 2018 $PTII/bin/ptinvoke ptolemy.vergil.basic.export.ExportModel -force htm  -openComposites -timeOut 30000 -whiteBackground org/hlacerti/demo/Billard/2Billes2Fed/2Billes2Fed.xml $PTII/org/hlacerti/demo/Billard/2Billes2Fed/2Billes2Fed
Warning: not running org/hlacerti/demo/Billard/2Billes2Fed/2Billes2Fed.xml. See ptolemy/vergil/basic/export/test/junit/ExportModelJUnitTest.java
----------------- Thu May 31 20:37:46 UTC 2018 About to sleep for 5.0 seconds before running or rerunning.  Test is: /home/travis/build/icyphy/ptII/org/hlacerti/demo/Billard/2Billes2Fed/2Billes2Fed.xml
Done sleeping
Exported /home/travis/build/icyphy/ptII/org/hlacerti/demo/Billard/2Billes2Fed/2Billes2Fed/index.html
3215 ms. Memory: 262656K Free: 52413K (20%)
####### 7 Thu May 31 20:37:54 UTC 2018 $PTII/bin/ptinvoke ptolemy.vergil.basic.export.ExportModel -force htm  -openComposites -timeOut 30000 -whiteBackground org/hlacerti/demo/Billard/2Billes2Fed/BillardBall1.xml $PTII/org/hlacerti/demo/Billard/2Billes2Fed/BillardBall1
Warning: not running org/hlacerti/demo/Billard/2Billes2Fed/BillardBall1.xml. See ptolemy/vergil/basic/export/test/junit/ExportModelJUnitTest.java
----------------- Thu May 31 20:37:54 UTC 2018 About to sleep for 5.0 seconds before running or rerunning.  Test is: /home/travis/build/icyphy/ptII/org/hlacerti/demo/Billard/2Billes2Fed/BillardBall1.xml
Done sleeping
Exported /home/travis/build/icyphy/ptII/org/hlacerti/demo/Billard/2Billes2Fed/BillardBall1/index.html
3237 ms. Memory: 263168K Free: 46655K (18%)
####### 8 Thu May 31 20:38:03 UTC 2018 $PTII/bin/ptinvoke ptolemy.vergil.basic.export.ExportModel -force htm  -openComposites -timeOut 30000 -whiteBackground org/hlacerti/demo/Billard/2Billes2Fed/BillardBall2.xml $PTII/org/hlacerti/demo/Billard/2Billes2Fed/BillardBall2
Warning: not running org/hlacerti/demo/Billard/2Billes2Fed/BillardBall2.xml. See ptolemy/vergil/basic/export/test/junit/ExportModelJUnitTest.java
----------------- Thu May 31 20:38:03 UTC 2018 About to sleep for 5.0 seconds before running or rerunning.  Test is: /home/travis/build/icyphy/ptII/org/hlacerti/demo/Billard/2Billes2Fed/BillardBall2.xml
Done sleeping
Exported /home/travis/build/icyphy/ptII/org/hlacerti/demo/Billard/2Billes2Fed/BillardBall2/index.html
3277 ms. Memory: 290304K Free: 60924K (21%)
####### 9 Thu May 31 20:38:11 UTC 2018 $PTII/bin/ptinvoke ptolemy.vergil.basic.export.ExportModel -force htm  -openComposites -timeOut 30000 -whiteBackground org/hlacerti/demo/Billard/2Billes2Fed/BillardTable.xml $PTII/org/hlacerti/demo/Billard/2Billes2Fed/BillardTable
Warning: not running org/hlacerti/demo/Billard/2Billes2Fed/BillardTable.xml. See ptolemy/vergil/basic/export/test/junit/ExportModelJUnitTest.java
----------------- Thu May 31 20:38:11 UTC 2018 About to sleep for 5.0 seconds before running or rerunning.  Test is: /home/travis/build/icyphy/ptII/org/hlacerti/demo/Billard/2Billes2Fed/BillardTable.xml
Done sleeping
Exported /home/travis/build/icyphy/ptII/org/hlacerti/demo/Billard/2Billes2Fed/BillardTable/index.html
3368 ms. Memory: 293888K Free: 132155K (45%)
####### 10 Thu May 31 20:38:19 UTC 2018 $PTII/bin/ptinvoke ptolemy.vergil.basic.export.ExportModel -force htm  -openComposites -timeOut 30000 -whiteBackground org/hlacerti/demo/Billard/Billard.xml $PTII/org/hlacerti/demo/Billard/Billard
Warning: not running org/hlacerti/demo/Billard/Billard.xml. See ptolemy/vergil/basic/export/test/junit/ExportModelJUnitTest.java
----------------- Thu May 31 20:38:19 UTC 2018 About to sleep for 5.0 seconds before running or rerunning.  Test is: /home/travis/build/icyphy/ptII/org/hlacerti/demo/Billard/Billard.xml
Done sleeping
Exported /home/travis/build/icyphy/ptII/org/hlacerti/demo/Billard/Billard/index.html
3180 ms. Memory: 317952K Free: 270351K (85%)
####### 11 Thu May 31 20:38:27 UTC 2018 $PTII/bin/ptinvoke ptolemy.vergil.basic.export.ExportModel -force htm  -openComposites -timeOut 30000 -whiteBackground org/hlacerti/demo/f14HLA/f14HLA.xml $PTII/org/hlacerti/demo/f14HLA/f14HLA
Warning: not running org/hlacerti/demo/f14HLA/f14HLA.xml. See ptolemy/vergil/basic/export/test/junit/ExportModelJUnitTest.java
----------------- Thu May 31 20:38:27 UTC 2018 About to sleep for 5.0 seconds before running or rerunning.  Test is: /home/travis/build/icyphy/ptII/org/hlacerti/demo/f14HLA/f14HLA.xml
Done sleeping
Exported /home/travis/build/icyphy/ptII/org/hlacerti/demo/f14HLA/f14HLA/index.html
3147 ms. Memory: 317952K Free: 150457K (47%)
####### 12 Thu May 31 20:38:36 UTC 2018 $PTII/bin/ptinvoke ptolemy.vergil.basic.export.ExportModel -force htm  -openComposites -timeOut 30000 -whiteBackground org/hlacerti/demo/IntegrationTests/IntegrationTests.xml $PTII/org/hlacerti/demo/IntegrationTests/IntegrationTests
Warning: not running org/hlacerti/demo/IntegrationTests/IntegrationTests.xml. See ptolemy/vergil/basic/export/test/junit/ExportModelJUnitTest.java
----------------- Thu May 31 20:38:36 UTC 2018 About to sleep for 5.0 seconds before running or rerunning.  Test is: /home/travis/build/icyphy/ptII/org/hlacerti/demo/IntegrationTests/IntegrationTests.xml
Done sleeping
Exported /home/travis/build/icyphy/ptII/org/hlacerti/demo/IntegrationTests/IntegrationTests/index.html
3114 ms. Memory: 317952K Free: 34069K (11%)
####### 13 Thu May 31 20:38:44 UTC 2018 $PTII/bin/ptinvoke ptolemy.vergil.basic.export.ExportModel -force htm  -openComposites -timeOut 30000 -whiteBackground org/hlacerti/demo/IntegrationTests/TimeAdvancing1Federate/TimeAdvancing1Federate.xml $PTII/org/hlacerti/demo/IntegrationTests/TimeAdvancing1Federate/TimeAdvancing1Federate
Warning: not running org/hlacerti/demo/IntegrationTests/TimeAdvancing1Federate/TimeAdvancing1Federate.xml. See ptolemy/vergil/basic/export/test/junit/ExportModelJUnitTest.java
----------------- Thu May 31 20:38:44 UTC 2018 About to sleep for 5.0 seconds before running or rerunning.  Test is: /home/travis/build/icyphy/ptII/org/hlacerti/demo/IntegrationTests/TimeAdvancing1Federate/TimeAdvancing1Federate.xml
Done sleeping
Exported /home/travis/build/icyphy/ptII/org/hlacerti/demo/IntegrationTests/TimeAdvancing1Federate/TimeAdvancing1Federate/index.html
3126 ms. Memory: 303104K Free: 153586K (51%)
####### 14 Thu May 31 20:38:52 UTC 2018 $PTII/bin/ptinvoke ptolemy.vergil.basic.export.ExportModel -force htm  -openComposites -timeOut 30000 -whiteBackground org/hlacerti/demo/IntegrationTests/TimeAdvancing2Federates/testTimeAdvancingF1.xml $PTII/org/hlacerti/demo/IntegrationTests/TimeAdvancing2Federates/testTimeAdvancingF1
Warning: not running org/hlacerti/demo/IntegrationTests/TimeAdvancing2Federates/testTimeAdvancingF1.xml. See ptolemy/vergil/basic/export/test/junit/ExportModelJUnitTest.java
----------------- Thu May 31 20:38:52 UTC 2018 About to sleep for 5.0 seconds before running or rerunning.  Test is: /home/travis/build/icyphy/ptII/org/hlacerti/demo/IntegrationTests/TimeAdvancing2Federates/testTimeAdvancingF1.xml
Done sleeping
Exported /home/travis/build/icyphy/ptII/org/hlacerti/demo/IntegrationTests/TimeAdvancing2Federates/testTimeAdvancingF1/index.html
3120 ms. Memory: 291840K Free: 259887K (89%)
####### 15 Thu May 31 20:39:00 UTC 2018 $PTII/bin/ptinvoke ptolemy.vergil.basic.export.ExportModel -force htm  -openComposites -timeOut 30000 -whiteBackground org/hlacerti/demo/IntegrationTests/TimeAdvancing2Federates/testTimeAdvancingF2.xml $PTII/org/hlacerti/demo/IntegrationTests/TimeAdvancing2Federates/testTimeAdvancingF2
Warning: not running org/hlacerti/demo/IntegrationTests/TimeAdvancing2Federates/testTimeAdvancingF2.xml. See ptolemy/vergil/basic/export/test/junit/ExportModelJUnitTest.java
----------------- Thu May 31 20:39:00 UTC 2018 About to sleep for 5.0 seconds before running or rerunning.  Test is: /home/travis/build/icyphy/ptII/org/hlacerti/demo/IntegrationTests/TimeAdvancing2Federates/testTimeAdvancingF2.xml
Done sleeping
Exported /home/travis/build/icyphy/ptII/org/hlacerti/demo/IntegrationTests/TimeAdvancing2Federates/testTimeAdvancingF2/index.html
3134 ms. Memory: 291840K Free: 137793K (47%)
####### 16 Thu May 31 20:39:08 UTC 2018 $PTII/bin/ptinvoke ptolemy.vergil.basic.export.ExportModel -force htm  -openComposites -timeOut 30000 -whiteBackground org/hlacerti/demo/IntegrationTests/TimeAdvancing2Federates/TimeAdvancing2Federates.xml $PTII/org/hlacerti/demo/IntegrationTests/TimeAdvancing2Federates/TimeAdvancing2Federates
Warning: not running org/hlacerti/demo/IntegrationTests/TimeAdvancing2Federates/TimeAdvancing2Federates.xml. See ptolemy/vergil/basic/export/test/junit/ExportModelJUnitTest.java
----------------- Thu May 31 20:39:08 UTC 2018 About to sleep for 5.0 seconds before running or rerunning.  Test is: /home/travis/build/icyphy/ptII/org/hlacerti/demo/IntegrationTests/TimeAdvancing2Federates/TimeAdvancing2Federates.xml
Done sleeping
Exported /home/travis/build/icyphy/ptII/org/hlacerti/demo/IntegrationTests/TimeAdvancing2Federates/TimeAdvancing2Federates/index.html
3265 ms. Memory: 287744K Free: 243017K (84%)
####### 17 Thu May 31 20:39:16 UTC 2018 $PTII/bin/ptinvoke ptolemy.vergil.basic.export.ExportModel -force htm  -openComposites -timeOut 30000 -whiteBackground org/hlacerti/demo/IntegrationTests/TimeAdvancing2FederatesIntervalEvents/testTimeAdvancingF1.xml $PTII/org/hlacerti/demo/IntegrationTests/TimeAdvancing2FederatesIntervalEvents/testTimeAdvancingF1
Warning: not running org/hlacerti/demo/IntegrationTests/TimeAdvancing2FederatesIntervalEvents/testTimeAdvancingF1.xml. See ptolemy/vergil/basic/export/test/junit/ExportModelJUnitTest.java
----------------- Thu May 31 20:39:16 UTC 2018 About to sleep for 5.0 seconds before running or rerunning.  Test is: /home/travis/build/icyphy/ptII/org/hlacerti/demo/IntegrationTests/TimeAdvancing2FederatesIntervalEvents/testTimeAdvancingF1.xml
Done sleeping
Exported /home/travis/build/icyphy/ptII/org/hlacerti/demo/IntegrationTests/TimeAdvancing2FederatesIntervalEvents/testTimeAdvancingF1/index.html
3168 ms. Memory: 287744K Free: 117724K (41%)
####### 18 Thu May 31 20:39:24 UTC 2018 $PTII/bin/ptinvoke ptolemy.vergil.basic.export.ExportModel -force htm  -openComposites -timeOut 30000 -whiteBackground org/hlacerti/demo/IntegrationTests/TimeAdvancing2FederatesIntervalEvents/testTimeAdvancingF2InternalEvent.xml $PTII/org/hlacerti/demo/IntegrationTests/TimeAdvancing2FederatesIntervalEvents/testTimeAdvancingF2InternalEvent
Warning: not running org/hlacerti/demo/IntegrationTests/TimeAdvancing2FederatesIntervalEvents/testTimeAdvancingF2InternalEvent.xml. See ptolemy/vergil/basic/export/test/junit/ExportModelJUnitTest.java
----------------- Thu May 31 20:39:24 UTC 2018 About to sleep for 5.0 seconds before running or rerunning.  Test is: /home/travis/build/icyphy/ptII/org/hlacerti/demo/IntegrationTests/TimeAdvancing2FederatesIntervalEvents/testTimeAdvancingF2InternalEvent.xml
Done sleeping
Exported /home/travis/build/icyphy/ptII/org/hlacerti/demo/IntegrationTests/TimeAdvancing2FederatesIntervalEvents/testTimeAdvancingF2InternalEvent/index.html
3202 ms. Memory: 276480K Free: 208796K (76%)
####### 19 Thu May 31 20:39:33 UTC 2018 $PTII/bin/ptinvoke ptolemy.vergil.basic.export.ExportModel -force htm  -openComposites -timeOut 30000 -whiteBackground org/hlacerti/demo/IntegrationTests/TimeAdvancing2FederatesIntervalEvents/TimeAdvancing2FederatesIntervalEvents.xml $PTII/org/hlacerti/demo/IntegrationTests/TimeAdvancing2FederatesIntervalEvents/TimeAdvancing2FederatesIntervalEvents
Warning: not running org/hlacerti/demo/IntegrationTests/TimeAdvancing2FederatesIntervalEvents/TimeAdvancing2FederatesIntervalEvents.xml. See ptolemy/vergil/basic/export/test/junit/ExportModelJUnitTest.java
----------------- Thu May 31 20:39:33 UTC 2018 About to sleep for 5.0 seconds before running or rerunning.  Test is: /home/travis/build/icyphy/ptII/org/hlacerti/demo/IntegrationTests/TimeAdvancing2FederatesIntervalEvents/TimeAdvancing2FederatesIntervalEvents.xml
Done sleeping
Exported /home/travis/build/icyphy/ptII/org/hlacerti/demo/IntegrationTests/TimeAdvancing2FederatesIntervalEvents/TimeAdvancing2FederatesIntervalEvents/index.html
3172 ms. Memory: 276480K Free: 88664K (32%)
####### 20 Thu May 31 20:39:41 UTC 2018 $PTII/bin/ptinvoke ptolemy.vergil.basic.export.ExportModel -force htm  -openComposites -timeOut 30000 -whiteBackground org/hlacerti/demo/SynchronizeToRealTime/SynchronizeToRealTime.xml $PTII/org/hlacerti/demo/SynchronizeToRealTime/SynchronizeToRealTime
Warning: not running org/hlacerti/demo/SynchronizeToRealTime/SynchronizeToRealTime.xml. See ptolemy/vergil/basic/export/test/junit/ExportModelJUnitTest.java
----------------- Thu May 31 20:39:41 UTC 2018 About to sleep for 5.0 seconds before running or rerunning.  Test is: /home/travis/build/icyphy/ptII/org/hlacerti/demo/SynchronizeToRealTime/SynchronizeToRealTime.xml
Done sleeping
Exported /home/travis/build/icyphy/ptII/org/hlacerti/demo/SynchronizeToRealTime/SynchronizeToRealTime/index.html
3354 ms. Memory: 271360K Free: 67412K (25%)
####### 21 Thu May 31 20:39:49 UTC 2018 $PTII/bin/ptinvoke ptolemy.vergil.basic.export.ExportModel -force htm -run -openComposites -timeOut 30000 -whiteBackground org/ptolemy/machineImprovisation/demo/JazzImprovisation/JazzImprovisation.xml $PTII/org/ptolemy/machineImprovisation/demo/JazzImprovisation/JazzImprovisation
Running .JazzImprovisation
Chord: E7 Tones:[E, F#, G#, B, C#, D] Note being tested: E4
Accepted Note: E4
Chord: E7 Tones:[E, F#, G#, B, C#, D] Note being tested: G4
Chord: E7 Tones:[E, F#, G#, B, C#, D] Note being tested: G#4
Accepted Note: G#4
Chord: E7 Tones:[E, F#, G#, B, C#, D] Note being tested: B4
Accepted Note: B4
Chord: E7 Tones:[E, F#, G#, B, C#, D] Note being tested: D5
Accepted Note: D5
Chord: E7 Tones:[E, F#, G#, B, C#, D] Note being tested: F5
Chord: E7 Tones:[E, F#, G#, B, C#, D] Note being tested: G#5
Accepted Note: G#5
Chord: E7 Tones:[E, F#, G#, B, C#, D] Note being tested: E5
Accepted Note: E5
Chord: E7 Tones:[E, F#, G#, B, C#, D] Note being tested: G5
Chord: E7 Tones:[E, F#, G#, B, C#, D] Note being tested: C#5
Accepted Note: C#5
Chord: E7 Tones:[E, F#, G#, B, C#, D] Note being tested: F#4
Accepted Note: F#4
Chord: E7 Tones:[E, F#, G#, B, C#, D] Note being tested: D#5
Chord: E7 Tones:[E, F#, G#, B, C#, D] Note being tested: A4
Chord: E7 Tones:[E, F#, G#, B, C#, D] Note being tested: G4
Chord: E7 Tones:[E, F#, G#, B, C#, D] Note being tested: G4
Chord: E7 Tones:[E, F#, G#, B, C#, D] Note being tested: A4
Chord: E7 Tones:[E, F#, G#, B, C#, D] Note being tested: C#5
Accepted Note: C#5
Chord: E7 Tones:[E, F#, G#, B, C#, D] Note being tested: F5
Chord: E7 Tones:[E, F#, G#, B, C#, D] Note being tested: A5
Chord: E7 Tones:[E, F#, G#, B, C#, D] Note being tested: G4
Chord: E7 Tones:[E, F#, G#, B, C#, D] Note being tested: A4
Chord: E7 Tones:[E, F#, G#, B, C#, D] Note being tested: C#5
Accepted Note: C#5
Chord: E7 Tones:[E, F#, G#, B, C#, D] Note being tested: F5
Chord: E7 Tones:[E, F#, G#, B, C#, D] Note being tested: A5
Chord: E7 Tones:[E, F#, G#, B, C#, D] Note being tested: G4
Chord: E7 Tones:[E, F#, G#, B, C#, D] Note being tested: A4
Chord: E7 Tones:[E, F#, G#, B, C#, D] Note being tested: C#5
Accepted Note: C#5
Chord: E7 Tones:[E, F#, G#, B, C#, D] Note being tested: F5
Chord: E7 Tones:[E, F#, G#, B, C#, D] Note being tested: A5
Chord: E7 Tones:[E, F#, G#, B, C#, D] Note being tested: B4
Accepted Note: B4
Chord: E7 Tones:[E, F#, G#, B, C#, D] Note being tested: A#4
Chord: E7 Tones:[E, F#, G#, B, C#, D] Note being tested: G#4
Accepted Note: G#4
Chord: E7 Tones:[E, F#, G#, B, C#, D] Note being tested: G4
Chord: E7 Tones:[E, F#, G#, B, C#, D] Note being tested: F#4
Accepted Note: F#4
Chord: E7 Tones:[E, F#, G#, B, C#, D] Note being tested: F4
Chord: E7 Tones:[E, F#, G#, B, C#, D] Note being tested: E4
Accepted Note: E4
Chord: E7 Tones:[E, F#, G#, B, C#, D] Note being tested: D4
Accepted Note: D4
Chord: E7 Tones:[E, F#, G#, B, C#, D] Note being tested: D#4
Chord: E7 Tones:[E, F#, G#, B, C#, D] Note being tested: A#4
Chord: E7 Tones:[E, F#, G#, B, C#, D] Note being tested: B4
Accepted Note: B4
Chord: E7 Tones:[E, F#, G#, B, C#, D] Note being tested: A#4
Chord: E7 Tones:[E, F#, G#, B, C#, D] Note being tested: G#4
Accepted Note: G#4
Chord: E7 Tones:[E, F#, G#, B, C#, D] Note being tested: G4
Chord: E7 Tones:[E, F#, G#, B, C#, D] Note being tested: F#4
Accepted Note: F#4
Chord: E7 Tones:[E, F#, G#, B, C#, D] Note being tested: F4
Chord: E7 Tones:[E, F#, G#, B, C#, D] Note being tested: E4
Accepted Note: E4
Chord: E7 Tones:[E, F#, G#, B, C#, D] Note being tested: D4
Accepted Note: D4
Chord: E7 Tones:[E, F#, G#, B, C#, D] Note being tested: D#4
Chord: E7 Tones:[E, F#, G#, B, C#, D] Note being tested: E4
Accepted Note: E4
Chord: E7 Tones:[E, F#, G#, B, C#, D] Note being tested: G4
Chord: E7 Tones:[E, F#, G#, B, C#, D] Note being tested: G#4
Accepted Note: G#4
Chord: E7 Tones:[E, F#, G#, B, C#, D] Note being tested: B4
Accepted Note: B4
Chord: E7 Tones:[E, F#, G#, B, C#, D] Note being tested: D5
Accepted Note: D5
Chord: E7 Tones:[E, F#, G#, B, C#, D] Note being tested: F5
Chord: E7 Tones:[E, F#, G#, B, C#, D] Note being tested: G#5
Accepted Note: G#5
Chord: E7 Tones:[E, F#, G#, B, C#, D] Note being tested: E5
Accepted Note: E5
Chord: E7 Tones:[E, F#, G#, B, C#, D] Note being tested: G5
Chord: E7 Tones:[E, F#, G#, B, C#, D] Note being tested: C#5
Accepted Note: C#5
Chord: E7 Tones:[E, F#, G#, B, C#, D] Note being tested: F#4
Accepted Note: F#4
Chord: E7 Tones:[E, F#, G#, B, C#, D] Note being tested: D#5
Chord: E7 Tones:[E, F#, G#, B, C#, D] Note being tested: A4
Chord: E7 Tones:[E, F#, G#, B, C#, D] Note being tested: A#4
Chord: E7 Tones:[E, F#, G#, B, C#, D] Note being tested: G4
Chord: E7 Tones:[E, F#, G#, B, C#, D] Note being tested: A4
Chord: E7 Tones:[E, F#, G#, B, C#, D] Note being tested: C#5
Accepted Note: C#5
Chord: E7 Tones:[E, F#, G#, B, C#, D] Note being tested: F5
Chord: E7 Tones:[E, F#, G#, B, C#, D] Note being tested: A5
Chord: E7 Tones:[E, F#, G#, B, C#, D] Note being tested: G4
Chord: E7 Tones:[E, F#, G#, B, C#, D] Note being tested: A4
Chord: E7 Tones:[E, F#, G#, B, C#, D] Note being tested: C#5
Accepted Note: C#5
Chord: E7 Tones:[E, F#, G#, B, C#, D] Note being tested: F5
Chord: E7 Tones:[E, F#, G#, B, C#, D] Note being tested: A5
Chord: E7 Tones:[E, F#, G#, B, C#, D] Note being tested: G4
Chord: E7 Tones:[E, F#, G#, B, C#, D] Note being tested: A4
Chord: E7 Tones:[E, F#, G#, B, C#, D] Note being tested: C#5
Accepted Note: C#5
Chord: E7 Tones:[E, F#, G#, B, C#, D] Note being tested: F5
Chord: E7 Tones:[E, F#, G#, B, C#, D] Note being tested: A5
Chord: E7 Tones:[E, F#, G#, B, C#, D] Note being tested: G4
Chord: E7 Tones:[E, F#, G#, B, C#, D] Note being tested: A4
Chord: E7 Tones:[E, F#, G#, B, C#, D] Note being tested: C#5
Accepted Note: C#5
Chord: E7 Tones:[E, F#, G#, B, C#, D] Note being tested: F5
Chord: E7 Tones:[E, F#, G#, B, C#, D] Note being tested: A5
Chord: E7 Tones:[E, F#, G#, B, C#, D] Note being tested: G4
Chord: E7 Tones:[E, F#, G#, B, C#, D] Note being tested: A4
Chord: E7 Tones:[E, F#, G#, B, C#, D] Note being tested: C#5
Accepted Note: C#5
Chord: E7 Tones:[E, F#, G#, B, C#, D] Note being tested: F5
Chord: E7 Tones:[E, F#, G#, B, C#, D] Note being tested: A5
Chord: E7 Tones:[E, F#, G#, B, C#, D] Note being tested: G4
Chord: E7 Tones:[E, F#, G#, B, C#, D] Note being tested: A4
Chord: E7 Tones:[E, F#, G#, B, C#, D] Note being tested: C#5
Accepted Note: C#5
Chord: E7 Tones:[E, F#, G#, B, C#, D] Note being tested: F5
Chord: E7 Tones:[E, F#, G#, B, C#, D] Note being tested: A5
Chord: E7 Tones:[E, F#, G#, B, C#, D] Note being tested: G4
Chord: E7 Tones:[E, F#, G#, B, C#, D] Note being tested: A4
Chord: E7 Tones:[E, F#, G#, B, C#, D] Note being tested: C#5
Accepted Note: C#5
Chord: E7 Tones:[E, F#, G#, B, C#, D] Note being tested: F5
Chord: E7 Tones:[E, F#, G#, B, C#, D] Note being tested: A5
Chord: E7 Tones:[E, F#, G#, B, C#, D] Note being tested: G4
Chord: E7 Tones:[E, F#, G#, B, C#, D] Note being tested: A4
Chord: E7 Tones:[E, F#, G#, B, C#, D] Note being tested: C#5
Accepted Note: C#5
Chord: E7 Tones:[E, F#, G#, B, C#, D] Note being tested: F5
Chord: E7 Tones:[E, F#, G#, B, C#, D] Note being tested: A5
Chord: E7 Tones:[E, F#, G#, B, C#, D] Note being tested: G4
Chord: E7 Tones:[E, F#, G#, B, C#, D] Note being tested: A4
Chord: E7 Tones:[E, F#, G#, B, C#, D] Note being tested: C#5
Accepted Note: C#5
Chord: E7 Tones:[E, F#, G#, B, C#, D] Note being tested: F5
Chord: E7 Tones:[E, F#, G#, B, C#, D] Note being tested: A5
Chord: E7 Tones:[E, F#, G#, B, C#, D] Note being tested: B4
Accepted Note: B4
Chord: E7 Tones:[E, F#, G#, B, C#, D] Note being tested: A#4
Chord: E7 Tones:[E, F#, G#, B, C#, D] Note being tested: G#4
Accepted Note: G#4
Chord: E7 Tones:[E, F#, G#, B, C#, D] Note being tested: G4
Chord: E7 Tones:[E, F#, G#, B, C#, D] Note being tested: F#4
Accepted Note: F#4
Chord: E7 Tones:[E, F#, G#, B, C#, D] Note being tested: F4
Chord: E7 Tones:[E, F#, G#, B, C#, D] Note being tested: E4
Accepted Note: E4
Chord: E7 Tones:[E, F#, G#, B, C#, D] Note being tested: D4
Accepted Note: D4
Chord: E7 Tones:[E, F#, G#, B, C#, D] Note being tested: D#4
Chord: E7 Tones:[E, F#, G#, B, C#, D] Note being tested: A#4
Chord: E7 Tones:[E, F#, G#, B, C#, D] Note being tested: G4
Chord: E7 Tones:[E, F#, G#, B, C#, D] Note being tested: A4
Chord: E7 Tones:[E, F#, G#, B, C#, D] Note being tested: C#5
Accepted Note: C#5
Chord: E7 Tones:[E, F#, G#, B, C#, D] Note being tested: F5
Chord: E7 Tones:[E, F#, G#, B, C#, D] Note being tested: A5
Chord: E7 Tones:[E, F#, G#, B, C#, D] Note being tested: G4
Chord: E7 Tones:[E, F#, G#, B, C#, D] Note being tested: A4
Chord: E7 Tones:[E, F#, G#, B, C#, D] Note being tested: C#5
Accepted Note: C#5
Chord: E7 Tones:[E, F#, G#, B, C#, D] Note being tested: F5
Chord: E7 Tones:[E, F#, G#, B, C#, D] Note being tested: A5
Chord: E7 Tones:[E, F#, G#, B, C#, D] Note being tested: G4
Chord: E7 Tones:[E, F#, G#, B, C#, D] Note being tested: A4
Chord: E7 Tones:[E, F#, G#, B, C#, D] Note being tested: C#5
Accepted Note: C#5
Chord: E7 Tones:[E, F#, G#, B, C#, D] Note being tested: F5
Chord: E7 Tones:[E, F#, G#, B, C#, D] Note being tested: A5
Chord: E7 Tones:[E, F#, G#, B, C#, D] Note being tested: B4
Accepted Note: B4
Chord: E7 Tones:[E, F#, G#, B, C#, D] Note being tested: A#4
Chord: E7 Tones:[E, F#, G#, B, C#, D] Note being tested: G#4
Accepted Note: G#4
Chord: E7 Tones:[E, F#, G#, B, C#, D] Note being tested: G4
Chord: E7 Tones:[E, F#, G#, B, C#, D] Note being tested: F#4
Accepted Note: F#4
Chord: E7 Tones:[E, F#, G#, B, C#, D] Note being tested: F4
Chord: E7 Tones:[E, F#, G#, B, C#, D] Note being tested: E4
Accepted Note: E4
Chord: E7 Tones:[E, F#, G#, B, C#, D] Note being tested: D4
Accepted Note: D4
Chord: E7 Tones:[E, F#, G#, B, C#, D] Note being tested: D#4
Chord: E7 Tones:[E, F#, G#, B, C#, D] Note being tested: G4
Chord: E7 Tones:[E, F#, G#, B, C#, D] Note being tested: E4
Accepted Note: E4
Chord: E7 Tones:[E, F#, G#, B, C#, D] Note being tested: G4
Chord: E7 Tones:[E, F#, G#, B, C#, D] Note being tested: G#4
Accepted Note: G#4
Chord: E7 Tones:[E, F#, G#, B, C#, D] Note being tested: B4
Accepted Note: B4
Chord: E7 Tones:[E, F#, G#, B, C#, D] Note being tested: D5
Accepted Note: D5
Chord: E7 Tones:[E, F#, G#, B, C#, D] Note being tested: F5
Chord: E7 Tones:[E, F#, G#, B, C#, D] Note being tested: G#5
Accepted Note: G#5
Chord: E7 Tones:[E, F#, G#, B, C#, D] Note being tested: E5
Accepted Note: E5
Chord: E7 Tones:[E, F#, G#, B, C#, D] Note being tested: G5
Chord: E7 Tones:[E, F#, G#, B, C#, D] Note being tested: C#5
Accepted Note: C#5
Chord: E7 Tones:[E, F#, G#, B, C#, D] Note being tested: F#4
Accepted Note: F#4
Chord: E7 Tones:[E, F#, G#, B, C#, D] Note being tested: D#5
Chord: E7 Tones:[E, F#, G#, B, C#, D] Note being tested: A4
Chord: E7 Tones:[E, F#, G#, B, C#, D] Note being tested: G4
Chord: E7 Tones:[E, F#, G#, B, C#, D] Note being tested: A#4
Chord: E7 Tones:[E, F#, G#, B, C#, D] Note being tested: E4
Accepted Note: E4
Chord: E7 Tones:[E, F#, G#, B, C#, D] Note being tested: G4
Chord: E7 Tones:[E, F#, G#, B, C#, D] Note being tested: G#4
Accepted Note: G#4
Chord: E7 Tones:[E, F#, G#, B, C#, D] Note being tested: B4
Accepted Note: B4
Chord: E7 Tones:[E, F#, G#, B, C#, D] Note being tested: D5
Accepted Note: D5
Chord: E7 Tones:[E, F#, G#, B, C#, D] Note being tested: F5
Chord: E7 Tones:[E, F#, G#, B, C#, D] Note being tested: G#5
Accepted Note: G#5
Chord: E7 Tones:[E, F#, G#, B, C#, D] Note being tested: E5
Accepted Note: E5
Chord: E7 Tones:[E, F#, G#, B, C#, D] Note being tested: G5
Chord: E7 Tones:[E, F#, G#, B, C#, D] Note being tested: C#5
Accepted Note: C#5
Chord: E7 Tones:[E, F#, G#, B, C#, D] Note being tested: F#4
Accepted Note: F#4
Chord: E7 Tones:[E, F#, G#, B, C#, D] Note being tested: D#5
Chord: E7 Tones:[E, F#, G#, B, C#, D] Note being tested: A4
Chord: E7 Tones:[E, F#, G#, B, C#, D] Note being tested: B4
Accepted Note: B4
Chord: E7 Tones:[E, F#, G#, B, C#, D] Note being tested: A#4
Chord: E7 Tones:[E, F#, G#, B, C#, D] Note being tested: G#4
Accepted Note: G#4
Chord: E7 Tones:[E, F#, G#, B, C#, D] Note being tested: G4
Chord: E7 Tones:[E, F#, G#, B, C#, D] Note being tested: F#4
Accepted Note: F#4
Chord: E7 Tones:[E, F#, G#, B, C#, D] Note being tested: F4
Chord: E7 Tones:[E, F#, G#, B, C#, D] Note being tested: E4
Accepted Note: E4
Chord: E7 Tones:[E, F#, G#, B, C#, D] Note being tested: D4
Accepted Note: D4
Chord: E7 Tones:[E, F#, G#, B, C#, D] Note being tested: D#4
Chord: E7 Tones:[E, F#, G#, B, C#, D] Note being tested: G4
Chord: E7 Tones:[E, F#, G#, B, C#, D] Note being tested: A4
Chord: E7 Tones:[E, F#, G#, B, C#, D] Note being tested: C#5
Accepted Note: C#5
Chord: E7 Tones:[E, F#, G#, B, C#, D] Note being tested: F5
Chord: E7 Tones:[E, F#, G#, B, C#, D] Note being tested: A5
Chord: E7 Tones:[E, F#, G#, B, C#, D] Note being tested: G4
Chord: E7 Tones:[E, F#, G#, B, C#, D] Note being tested: A4
Chord: E7 Tones:[E, F#, G#, B, C#, D] Note being tested: C#5
Accepted Note: C#5
Chord: E7 Tones:[E, F#, G#, B, C#, D] Note being tested: F5
Chord: E7 Tones:[E, F#, G#, B, C#, D] Note being tested: A5
Chord: E7 Tones:[E, F#, G#, B, C#, D] Note being tested: G4
Chord: E7 Tones:[E, F#, G#, B, C#, D] Note being tested: A4
Chord: E7 Tones:[E, F#, G#, B, C#, D] Note being tested: C#5
Accepted Note: C#5
Chord: E7 Tones:[E, F#, G#, B, C#, D] Note being tested: F5
Chord: E7 Tones:[E, F#, G#, B, C#, D] Note being tested: A5
Chord: E7 Tones:[E, F#, G#, B, C#, D] Note being tested: G4
Chord: E7 Tones:[E, F#, G#, B, C#, D] Note being tested: A#4
Chord: E7 Tones:[E, F#, G#, B, C#, D] Note being tested: E4
Accepted Note: E4
Chord: E7 Tones:[E, F#, G#, B, C#, D] Note being tested: G4
Chord: E7 Tones:[E, F#, G#, B, C#, D] Note being tested: G#4
Accepted Note: G#4
Chord: E7 Tones:[E, F#, G#, B, C#, D] Note being tested: B4
Accepted Note: B4
Chord: E7 Tones:[E, F#, G#, B, C#, D] Note being tested: D5
Accepted Note: D5
Chord: E7 Tones:[E, F#, G#, B, C#, D] Note being tested: F5
Chord: E7 Tones:[E, F#, G#, B, C#, D] Note being tested: G#5
Accepted Note: G#5
Chord: E7 Tones:[E, F#, G#, B, C#, D] Note being tested: E5
Accepted Note: E5
Chord: E7 Tones:[E, F#, G#, B, C#, D] Note being tested: G5
Chord: E7 Tones:[E, F#, G#, B, C#, D] Note being tested: C#5
Accepted Note: C#5
Chord: E7 Tones:[E, F#, G#, B, C#, D] Note being tested: F#4
Accepted Note: F#4
Chord: E7 Tones:[E, F#, G#, B, C#, D] Note being tested: D#5
Chord: E7 Tones:[E, F#, G#, B, C#, D] Note being tested: A4
Chord: E7 Tones:[E, F#, G#, B, C#, D] Note being tested: B4
Accepted Note: B4
Chord: E7 Tones:[E, F#, G#, B, C#, D] Note being tested: A#4
Chord: E7 Tones:[E, F#, G#, B, C#, D] Note being tested: G#4
Accepted Note: G#4
Chord: E7 Tones:[E, F#, G#, B, C#, D] Note being tested: G4
Chord: E7 Tones:[E, F#, G#, B, C#, D] Note being tested: F#4
Accepted Note: F#4
Chord: E7 Tones:[E, F#, G#, B, C#, D] Note being tested: F4
Chord: E7 Tones:[E, F#, G#, B, C#, D] Note being tested: E4
Accepted Note: E4
Chord: E7 Tones:[E, F#, G#, B, C#, D] Note being tested: D4
Accepted Note: D4
Chord: E7 Tones:[E, F#, G#, B, C#, D] Note being tested: D#4
Chord: E7 Tones:[E, F#, G#, B, C#, D] Note being tested: A#4
Chord: E7 Tones:[E, F#, G#, B, C#, D] Note being tested: G4
Chord: E7 Tones:[E, F#, G#, B, C#, D] Note being tested: A4
Chord: E7 Tones:[E, F#, G#, B, C#, D] Note being tested: C#5
Accepted Note: C#5
Chord: E7 Tones:[E, F#, G#, B, C#, D] Note being tested: F5
Chord: E7 Tones:[E, F#, G#, B, C#, D] Note being tested: A5
Chord: E7 Tones:[E, F#, G#, B, C#, D] Note being tested: G4
Chord: E7 Tones:[E, F#, G#, B, C#, D] Note being tested: A4
Chord: E7 Tones:[E, F#, G#, B, C#, D] Note being tested: C#5
Accepted Note: C#5
Chord: E7 Tones:[E, F#, G#, B, C#, D] Note being tested: F5
Chord: E7 Tones:[E, F#, G#, B, C#, D] Note being tested: A5
Chord: E7 Tones:[E, F#, G#, B, C#, D] Note being tested: G4
Chord: E7 Tones:[E, F#, G#, B, C#, D] Note being tested: A4
Chord: E7 Tones:[E, F#, G#, B, C#, D] Note being tested: C#5
Accepted Note: C#5
Chord: E7 Tones:[E, F#, G#, B, C#, D] Note being tested: F5
Chord: E7 Tones:[E, F#, G#, B, C#, D] Note being tested: A5
Chord: E7 Tones:[E, F#, G#, B, C#, D] Note being tested: G4
Chord: E7 Tones:[E, F#, G#, B, C#, D] Note being tested: B4
Accepted Note: B4
Chord: E7 Tones:[E, F#, G#, B, C#, D] Note being tested: A#4
Chord: E7 Tones:[E, F#, G#, B, C#, D] Note being tested: G#4
Accepted Note: G#4
Chord: E7 Tones:[E, F#, G#, B, C#, D] Note being tested: G4
Chord: E7 Tones:[E, F#, G#, B, C#, D] Note being tested: F#4
Accepted Note: F#4
Chord: E7 Tones:[E, F#, G#, B, C#, D] Note being tested: F4
Chord: E7 Tones:[E, F#, G#, B, C#, D] Note being tested: E4
Accepted Note: E4
Chord: E7 Tones:[E, F#, G#, B, C#, D] Note being tested: D4
Accepted Note: D4
Chord: E7 Tones:[E, F#, G#, B, C#, D] Note being tested: D#4
Chord: E7 Tones:[E, F#, G#, B, C#, D] Note being tested: G4
Chord: E7 Tones:[E, F#, G#, B, C#, D] Note being tested: A4
Chord: E7 Tones:[E, F#, G#, B, C#, D] Note being tested: C#5
Accepted Note: C#5
Chord: E7 Tones:[E, F#, G#, B, C#, D] Note being tested: F5
Chord: E7 Tones:[E, F#, G#, B, C#, D] Note being tested: A5
Chord: E7 Tones:[E, F#, G#, B, C#, D] Note being tested: G4
Chord: E7 Tones:[E, F#, G#, B, C#, D] Note being tested: A4
Chord: E7 Tones:[E, F#, G#, B, C#, D] Note being tested: C#5
Accepted Note: C#5
Chord: E7 Tones:[E, F#, G#, B, C#, D] Note being tested: F5
Chord: E7 Tones:[E, F#, G#, B, C#, D] Note being tested: A5
Chord: E7 Tones:[E, F#, G#, B, C#, D] Note being tested: G4
Chord: E7 Tones:[E, F#, G#, B, C#, D] Note being tested: A4
Chord: E7 Tones:[E, F#, G#, B, C#, D] Note being tested: C#5
Accepted Note: C#5
Chord: E7 Tones:[E, F#, G#, B, C#, D] Note being tested: F5
Chord: E7 Tones:[E, F#, G#, B, C#, D] Note being tested: A5
Chord: E7 Tones:[E, F#, G#, B, C#, D] Note being tested: G4
Chord: E7 Tones:[E, F#, G#, B, C#, D] Note being tested: A4
Chord: E7 Tones:[E, F#, G#, B, C#, D] Note being tested: C#5
Accepted Note: C#5
Chord: E7 Tones:[E, F#, G#, B, C#, D] Note being tested: F5
Chord: E7 Tones:[E, F#, G#, B, C#, D] Note being tested: A5
Chord: E7 Tones:[E, F#, G#, B, C#, D] Note being tested: G4
Chord: E7 Tones:[E, F#, G#, B, C#, D] Note being tested: A4
Chord: E7 Tones:[E, F#, G#, B, C#, D] Note being tested: C#5
Accepted Note: C#5
Chord: E7 Tones:[E, F#, G#, B, C#, D] Note being tested: F5
Chord: E7 Tones:[E, F#, G#, B, C#, D] Note being tested: A5
Chord: E7 Tones:[E, F#, G#, B, C#, D] Note being tested: G4
Chord: E7 Tones:[E, F#, G#, B, C#, D] Note being tested: A4
Chord: E7 Tones:[E, F#, G#, B, C#, D] Note being tested: C#5
Accepted Note: C#5
Chord: E7 Tones:[E, F#, G#, B, C#, D] Note being tested: F5
Chord: E7 Tones:[E, F#, G#, B, C#, D] Note being tested: A5
Chord: E7 Tones:[E, F#, G#, B, C#, D] Note being tested: G4
Chord: E7 Tones:[E, F#, G#, B, C#, D] Note being tested: A4
Chord: E7 Tones:[E, F#, G#, B, C#, D] Note being tested: C#5
Accepted Note: C#5
Chord: E7 Tones:[E, F#, G#, B, C#, D] Note being tested: F5
Chord: E7 Tones:[E, F#, G#, B, C#, D] Note being tested: A5
Chord: E7 Tones:[E, F#, G#, B, C#, D] Note being tested: G4
Chord: E7 Tones:[E, F#, G#, B, C#, D] Note being tested: A4
Chord: E7 Tones:[E, F#, G#, B, C#, D] Note being tested: C#5
Accepted Note: C#5
Chord: E7 Tones:[E, F#, G#, B, C#, D] Note being tested: F5
Chord: E7 Tones:[E, F#, G#, B, C#, D] Note being tested: A5
Chord: E7 Tones:[E, F#, G#, B, C#, D] Note being tested: G4
Chord: E7 Tones:[E, F#, G#, B, C#, D] Note being tested: A4
Chord: E7 Tones:[E, F#, G#, B, C#, D] Note being tested: C#5
Accepted Note: C#5
Chord: E7 Tones:[E, F#, G#, B, C#, D] Note being tested: F5
Chord: E7 Tones:[E, F#, G#, B, C#, D] Note being tested: A5
Chord: E7 Tones:[E, F#, G#, B, C#, D] Note being tested: A#4
Chord: E7 Tones:[E, F#, G#, B, C#, D] Note being tested: B4
Accepted Note: B4
Chord: E7 Tones:[E, F#, G#, B, C#, D] Note being tested: A#4
Chord: E7 Tones:[E, F#, G#, B, C#, D] Note being tested: G#4
Accepted Note: G#4
Chord: E7 Tones:[E, F#, G#, B, C#, D] Note being tested: G4
Chord: E7 Tones:[E, F#, G#, B, C#, D] Note being tested: F#4
Accepted Note: F#4
Chord: E7 Tones:[E, F#, G#, B, C#, D] Note being tested: F4
Chord: E7 Tones:[E, F#, G#, B, C#, D] Note being tested: E4
Accepted Note: E4
Chord: E7 Tones:[E, F#, G#, B, C#, D] Note being tested: D4
Accepted Note: D4
Chord: E7 Tones:[E, F#, G#, B, C#, D] Note being tested: D#4
Chord: E7 Tones:[E, F#, G#, B, C#, D] Note being tested: A#4
Chord: E7 Tones:[E, F#, G#, B, C#, D] Note being tested: E4
Accepted Note: E4
Chord: E7 Tones:[E, F#, G#, B, C#, D] Note being tested: G4
Chord: E7 Tones:[E, F#, G#, B, C#, D] Note being tested: G#4
Accepted Note: G#4
Chord: E7 Tones:[E, F#, G#, B, C#, D] Note being tested: B4
Accepted Note: B4
Chord: E7 Tones:[E, F#, G#, B, C#, D] Note being tested: D5
Accepted Note: D5
Chord: E7 Tones:[E, F#, G#, B, C#, D] Note being tested: F5
Chord: E7 Tones:[E, F#, G#, B, C#, D] Note being tested: G#5
Accepted Note: G#5
Chord: E7 Tones:[E, F#, G#, B, C#, D] Note being tested: E5
Accepted Note: E5
Chord: E7 Tones:[E, F#, G#, B, C#, D] Note being tested: G5
Chord: E7 Tones:[E, F#, G#, B, C#, D] Note being tested: C#5
Accepted Note: C#5
Chord: E7 Tones:[E, F#, G#, B, C#, D] Note being tested: F#4
Accepted Note: F#4
Chord: E7 Tones:[E, F#, G#, B, C#, D] Note being tested: D#5
Chord: E7 Tones:[E, F#, G#, B, C#, D] Note being tested: A4
Chord: E7 Tones:[E, F#, G#, B, C#, D] Note being tested: B4
Accepted Note: B4
Chord: E7 Tones:[E, F#, G#, B, C#, D] Note being tested: A#4
Chord: E7 Tones:[E, F#, G#, B, C#, D] Note being tested: G#4
Accepted Note: G#4
Chord: E7 Tones:[E, F#, G#, B, C#, D] Note being tested: G4
Chord: E7 Tones:[E, F#, G#, B, C#, D] Note being tested: F#4
Accepted Note: F#4
Chord: E7 Tones:[E, F#, G#, B, C#, D] Note being tested: F4
Chord: E7 Tones:[E, F#, G#, B, C#, D] Note being tested: E4
Accepted Note: E4
Chord: E7 Tones:[E, F#, G#, B, C#, D] Note being tested: D4
Accepted Note: D4
Chord: E7 Tones:[E, F#, G#, B, C#, D] Note being tested: D#4
Chord: A7 Tones:[A, B, C#, E, F#, G] Note being tested: G4
Accepted Note: G4
Chord: A7 Tones:[A, B, C#, E, F#, G] Note being tested: A4
Accepted Note: A4
Chord: A7 Tones:[A, B, C#, E, F#, G] Note being tested: C#5
Accepted Note: C#5
Chord: A7 Tones:[A, B, C#, E, F#, G] Note being tested: F5
Chord: A7 Tones:[A, B, C#, E, F#, G] Note being tested: A5
Accepted Note: A5
Chord: A7 Tones:[A, B, C#, E, F#, G] Note being tested: D4
Chord: A7 Tones:[A, B, C#, E, F#, G] Note being tested: F4
Chord: A7 Tones:[A, B, C#, E, F#, G] Note being tested: A4
Accepted Note: A4
Chord: A7 Tones:[A, B, C#, E, F#, G] Note being tested: C#5
Accepted Note: C#5
Chord: A7 Tones:[A, B, C#, E, F#, G] Note being tested: G4
Accepted Note: G4
Chord: A7 Tones:[A, B, C#, E, F#, G] Note being tested: A4
Accepted Note: A4
Chord: A7 Tones:[A, B, C#, E, F#, G] Note being tested: C#5
Accepted Note: C#5
Chord: A7 Tones:[A, B, C#, E, F#, G] Note being tested: F5
Chord: A7 Tones:[A, B, C#, E, F#, G] Note being tested: A5
Accepted Note: A5
Chord: A7 Tones:[A, B, C#, E, F#, G] Note being tested: B4
Accepted Note: B4
Chord: A7 Tones:[A, B, C#, E, F#, G] Note being tested: A#4
Chord: A7 Tones:[A, B, C#, E, F#, G] Note being tested: G#4
Chord: A7 Tones:[A, B, C#, E, F#, G] Note being tested: G4
Accepted Note: G4
Chord: A7 Tones:[A, B, C#, E, F#, G] Note being tested: F#4
Accepted Note: F#4
Chord: A7 Tones:[A, B, C#, E, F#, G] Note being tested: F4
Chord: A7 Tones:[A, B, C#, E, F#, G] Note being tested: E4
Accepted Note: E4
Chord: A7 Tones:[A, B, C#, E, F#, G] Note being tested: D4
Chord: A7 Tones:[A, B, C#, E, F#, G] Note being tested: D#4
Chord: A7 Tones:[A, B, C#, E, F#, G] Note being tested: A4
Accepted Note: A4
Chord: A7 Tones:[A, B, C#, E, F#, G] Note being tested: C#5
Accepted Note: C#5
Chord: A7 Tones:[A, B, C#, E, F#, G] Note being tested: A#4
Chord: A7 Tones:[A, B, C#, E, F#, G] Note being tested: F5
Chord: A7 Tones:[A, B, C#, E, F#, G] Note being tested: B4
Accepted Note: B4
Chord: A7 Tones:[A, B, C#, E, F#, G] Note being tested: A#4
Chord: A7 Tones:[A, B, C#, E, F#, G] Note being tested: G#4
Chord: A7 Tones:[A, B, C#, E, F#, G] Note being tested: G4
Accepted Note: G4
Chord: A7 Tones:[A, B, C#, E, F#, G] Note being tested: F#4
Accepted Note: F#4
Chord: A7 Tones:[A, B, C#, E, F#, G] Note being tested: F4
Chord: A7 Tones:[A, B, C#, E, F#, G] Note being tested: E4
Accepted Note: E4
Chord: A7 Tones:[A, B, C#, E, F#, G] Note being tested: D4
Chord: A7 Tones:[A, B, C#, E, F#, G] Note being tested: D#4
Chord: A7 Tones:[A, B, C#, E, F#, G] Note being tested: G4
Accepted Note: G4
Chord: A7 Tones:[A, B, C#, E, F#, G] Note being tested: A4
Accepted Note: A4
Chord: A7 Tones:[A, B, C#, E, F#, G] Note being tested: C#5
Accepted Note: C#5
Chord: A7 Tones:[A, B, C#, E, F#, G] Note being tested: F5
Chord: A7 Tones:[A, B, C#, E, F#, G] Note being tested: A5
Accepted Note: A5
Chord: A7 Tones:[A, B, C#, E, F#, G] Note being tested: C#5
Accepted Note: C#5
Chord: A7 Tones:[A, B, C#, E, F#, G] Note being tested: A#4
Chord: A7 Tones:[A, B, C#, E, F#, G] Note being tested: B4
Accepted Note: B4
Chord: A7 Tones:[A, B, C#, E, F#, G] Note being tested: A#4
Chord: A7 Tones:[A, B, C#, E, F#, G] Note being tested: G#4
Chord: A7 Tones:[A, B, C#, E, F#, G] Note being tested: G4
Accepted Note: G4
Chord: A7 Tones:[A, B, C#, E, F#, G] Note being tested: F#4
Accepted Note: F#4
Chord: A7 Tones:[A, B, C#, E, F#, G] Note being tested: F4
Chord: A7 Tones:[A, B, C#, E, F#, G] Note being tested: E4
Accepted Note: E4
Chord: A7 Tones:[A, B, C#, E, F#, G] Note being tested: D4
Chord: A7 Tones:[A, B, C#, E, F#, G] Note being tested: D#4
Chord: A7 Tones:[A, B, C#, E, F#, G] Note being tested: A#4
Chord: A7 Tones:[A, B, C#, E, F#, G] Note being tested: F5
Chord: A7 Tones:[A, B, C#, E, F#, G] Note being tested: G4
Accepted Note: G4
Chord: A7 Tones:[A, B, C#, E, F#, G] Note being tested: A4
Accepted Note: A4
Chord: A7 Tones:[A, B, C#, E, F#, G] Note being tested: C#5
Accepted Note: C#5
Chord: A7 Tones:[A, B, C#, E, F#, G] Note being tested: F5
Chord: A7 Tones:[A, B, C#, E, F#, G] Note being tested: A5
Accepted Note: A5
Chord: A7 Tones:[A, B, C#, E, F#, G] Note being tested: A4
Accepted Note: A4
Chord: A7 Tones:[A, B, C#, E, F#, G] Note being tested: B4
Accepted Note: B4
Chord: A7 Tones:[A, B, C#, E, F#, G] Note being tested: A#4
Chord: A7 Tones:[A, B, C#, E, F#, G] Note being tested: G#4
Chord: A7 Tones:[A, B, C#, E, F#, G] Note being tested: G4
Accepted Note: G4
Chord: A7 Tones:[A, B, C#, E, F#, G] Note being tested: F#4
Accepted Note: F#4
Chord: A7 Tones:[A, B, C#, E, F#, G] Note being tested: F4
Chord: A7 Tones:[A, B, C#, E, F#, G] Note being tested: E4
Accepted Note: E4
Chord: A7 Tones:[A, B, C#, E, F#, G] Note being tested: D4
Chord: A7 Tones:[A, B, C#, E, F#, G] Note being tested: D#4
Chord: A7 Tones:[A, B, C#, E, F#, G] Note being tested: C#5
Accepted Note: C#5
Chord: A7 Tones:[A, B, C#, E, F#, G] Note being tested: A#4
Chord: A7 Tones:[A, B, C#, E, F#, G] Note being tested: B4
Accepted Note: B4
Chord: A7 Tones:[A, B, C#, E, F#, G] Note being tested: A#4
Chord: A7 Tones:[A, B, C#, E, F#, G] Note being tested: G#4
Chord: A7 Tones:[A, B, C#, E, F#, G] Note being tested: G4
Accepted Note: G4
Chord: A7 Tones:[A, B, C#, E, F#, G] Note being tested: F#4
Accepted Note: F#4
Chord: A7 Tones:[A, B, C#, E, F#, G] Note being tested: F4
Chord: A7 Tones:[A, B, C#, E, F#, G] Note being tested: E4
Accepted Note: E4
Chord: A7 Tones:[A, B, C#, E, F#, G] Note being tested: D4
Chord: A7 Tones:[A, B, C#, E, F#, G] Note being tested: D#4
Chord: E7 Tones:[E, F#, G#, B, C#, D] Note being tested: A#4
Chord: E7 Tones:[E, F#, G#, B, C#, D] Note being tested: B4
Accepted Note: B4
Chord: E7 Tones:[E, F#, G#, B, C#, D] Note being tested: A#4
Chord: E7 Tones:[E, F#, G#, B, C#, D] Note being tested: G#4
Accepted Note: G#4
Chord: E7 Tones:[E, F#, G#, B, C#, D] Note being tested: G4
Chord: E7 Tones:[E, F#, G#, B, C#, D] Note being tested: F#4
Accepted Note: F#4
Chord: E7 Tones:[E, F#, G#, B, C#, D] Note being tested: F4
Chord: E7 Tones:[E, F#, G#, B, C#, D] Note being tested: E4
Accepted Note: E4
Chord: E7 Tones:[E, F#, G#, B, C#, D] Note being tested: D4
Accepted Note: D4
Chord: E7 Tones:[E, F#, G#, B, C#, D] Note being tested: D#4
Chord: E7 Tones:[E, F#, G#, B, C#, D] Note being tested: A#4
Chord: E7 Tones:[E, F#, G#, B, C#, D] Note being tested: B4
Accepted Note: B4
Chord: E7 Tones:[E, F#, G#, B, C#, D] Note being tested: A#4
Chord: E7 Tones:[E, F#, G#, B, C#, D] Note being tested: G#4
Accepted Note: G#4
Chord: E7 Tones:[E, F#, G#, B, C#, D] Note being tested: G4
Chord: E7 Tones:[E, F#, G#, B, C#, D] Note being tested: F#4
Accepted Note: F#4
Chord: E7 Tones:[E, F#, G#, B, C#, D] Note being tested: F4
Chord: E7 Tones:[E, F#, G#, B, C#, D] Note being tested: E4
Accepted Note: E4
Chord: E7 Tones:[E, F#, G#, B, C#, D] Note being tested: D4
Accepted Note: D4
Chord: E7 Tones:[E, F#, G#, B, C#, D] Note being tested: D#4
Chord: E7 Tones:[E, F#, G#, B, C#, D] Note being tested: G4
Chord: E7 Tones:[E, F#, G#, B, C#, D] Note being tested: A4
Chord: E7 Tones:[E, F#, G#, B, C#, D] Note being tested: C#5
Accepted Note: C#5
Chord: E7 Tones:[E, F#, G#, B, C#, D] Note being tested: F5
Chord: E7 Tones:[E, F#, G#, B, C#, D] Note being tested: A5
Chord: E7 Tones:[E, F#, G#, B, C#, D] Note being tested: G4
Chord: E7 Tones:[E, F#, G#, B, C#, D] Note being tested: A4
Chord: E7 Tones:[E, F#, G#, B, C#, D] Note being tested: C#5
Accepted Note: C#5
Chord: E7 Tones:[E, F#, G#, B, C#, D] Note being tested: F5
Chord: E7 Tones:[E, F#, G#, B, C#, D] Note being tested: A5
Chord: E7 Tones:[E, F#, G#, B, C#, D] Note being tested: G4
Chord: E7 Tones:[E, F#, G#, B, C#, D] Note being tested: A4
Chord: E7 Tones:[E, F#, G#, B, C#, D] Note being tested: C#5
Accepted Note: C#5
Chord: E7 Tones:[E, F#, G#, B, C#, D] Note being tested: F5
Chord: E7 Tones:[E, F#, G#, B, C#, D] Note being tested: A5
Chord: E7 Tones:[E, F#, G#, B, C#, D] Note being tested: G4
Chord: E7 Tones:[E, F#, G#, B, C#, D] Note being tested: A#4
Chord: E7 Tones:[E, F#, G#, B, C#, D] Note being tested: E4
Accepted Note: E4
Chord: E7 Tones:[E, F#, G#, B, C#, D] Note being tested: G4
Chord: E7 Tones:[E, F#, G#, B, C#, D] Note being tested: G#4
Accepted Note: G#4
Chord: E7 Tones:[E, F#, G#, B, C#, D] Note being tested: B4
Accepted Note: B4
Chord: E7 Tones:[E, F#, G#, B, C#, D] Note being tested: D5
Accepted Note: D5
Chord: E7 Tones:[E, F#, G#, B, C#, D] Note being tested: F5
Chord: E7 Tones:[E, F#, G#, B, C#, D] Note being tested: G#5
Accepted Note: G#5
Chord: E7 Tones:[E, F#, G#, B, C#, D] Note being tested: E5
Accepted Note: E5
Chord: E7 Tones:[E, F#, G#, B, C#, D] Note being tested: G5
Chord: E7 Tones:[E, F#, G#, B, C#, D] Note being tested: C#5
Accepted Note: C#5
Chord: E7 Tones:[E, F#, G#, B, C#, D] Note being tested: F#4
Accepted Note: F#4
Chord: E7 Tones:[E, F#, G#, B, C#, D] Note being tested: D#5
Chord: E7 Tones:[E, F#, G#, B, C#, D] Note being tested: A4
Chord: E7 Tones:[E, F#, G#, B, C#, D] Note being tested: G4
Chord: E7 Tones:[E, F#, G#, B, C#, D] Note being tested: A4
Chord: E7 Tones:[E, F#, G#, B, C#, D] Note being tested: C#5
Accepted Note: C#5
Chord: E7 Tones:[E, F#, G#, B, C#, D] Note being tested: F5
Chord: E7 Tones:[E, F#, G#, B, C#, D] Note being tested: A5
Chord: E7 Tones:[E, F#, G#, B, C#, D] Note being tested: B4
Accepted Note: B4
Chord: E7 Tones:[E, F#, G#, B, C#, D] Note being tested: A#4
Chord: E7 Tones:[E, F#, G#, B, C#, D] Note being tested: G#4
Accepted Note: G#4
Chord: E7 Tones:[E, F#, G#, B, C#, D] Note being tested: G4
Chord: E7 Tones:[E, F#, G#, B, C#, D] Note being tested: F#4
Accepted Note: F#4
Chord: E7 Tones:[E, F#, G#, B, C#, D] Note being tested: F4
Chord: E7 Tones:[E, F#, G#, B, C#, D] Note being tested: E4
Accepted Note: E4
Chord: E7 Tones:[E, F#, G#, B, C#, D] Note being tested: D4
Accepted Note: D4
Chord: E7 Tones:[E, F#, G#, B, C#, D] Note being tested: D#4
Chord: E7 Tones:[E, F#, G#, B, C#, D] Note being tested: F5
Chord: E7 Tones:[E, F#, G#, B, C#, D] Note being tested: G4
Chord: E7 Tones:[E, F#, G#, B, C#, D] Note being tested: A4
Chord: E7 Tones:[E, F#, G#, B, C#, D] Note being tested: C#5
Accepted Note: C#5
Chord: E7 Tones:[E, F#, G#, B, C#, D] Note being tested: F5
Chord: E7 Tones:[E, F#, G#, B, C#, D] Note being tested: A5
Chord: E7 Tones:[E, F#, G#, B, C#, D] Note being tested: G4
Chord: E7 Tones:[E, F#, G#, B, C#, D] Note being tested: A4
Chord: E7 Tones:[E, F#, G#, B, C#, D] Note being tested: C#5
Accepted Note: C#5
Chord: E7 Tones:[E, F#, G#, B, C#, D] Note being tested: F5
Chord: E7 Tones:[E, F#, G#, B, C#, D] Note being tested: A5
Chord: E7 Tones:[E, F#, G#, B, C#, D] Note being tested: G4
Chord: E7 Tones:[E, F#, G#, B, C#, D] Note being tested: A4
Chord: E7 Tones:[E, F#, G#, B, C#, D] Note being tested: C#5
Accepted Note: C#5
Chord: E7 Tones:[E, F#, G#, B, C#, D] Note being tested: F5
Chord: E7 Tones:[E, F#, G#, B, C#, D] Note being tested: A5
Chord: E7 Tones:[E, F#, G#, B, C#, D] Note being tested: A#4
Chord: E7 Tones:[E, F#, G#, B, C#, D] Note being tested: E5
Accepted Note: E5
Chord: E7 Tones:[E, F#, G#, B, C#, D] Note being tested: G4
Chord: E7 Tones:[E, F#, G#, B, C#, D] Note being tested: A4
Chord: E7 Tones:[E, F#, G#, B, C#, D] Note being tested: C#5
Accepted Note: C#5
Chord: E7 Tones:[E, F#, G#, B, C#, D] Note being tested: F5
Chord: E7 Tones:[E, F#, G#, B, C#, D] Note being tested: A5
Chord: E7 Tones:[E, F#, G#, B, C#, D] Note being tested: G4
Chord: E7 Tones:[E, F#, G#, B, C#, D] Note being tested: A4
Chord: E7 Tones:[E, F#, G#, B, C#, D] Note being tested: C#5
Accepted Note: C#5
Chord: E7 Tones:[E, F#, G#, B, C#, D] Note being tested: F5
Chord: E7 Tones:[E, F#, G#, B, C#, D] Note being tested: A5
Chord: E7 Tones:[E, F#, G#, B, C#, D] Note being tested: G4
Chord: E7 Tones:[E, F#, G#, B, C#, D] Note being tested: A4
Chord: E7 Tones:[E, F#, G#, B, C#, D] Note being tested: C#5
Accepted Note: C#5
Chord: E7 Tones:[E, F#, G#, B, C#, D] Note being tested: F5
Chord: E7 Tones:[E, F#, G#, B, C#, D] Note being tested: A5
Chord: E7 Tones:[E, F#, G#, B, C#, D] Note being tested: G5
Chord: E7 Tones:[E, F#, G#, B, C#, D] Note being tested: C#5
Accepted Note: C#5
Chord: E7 Tones:[E, F#, G#, B, C#, D] Note being tested: A4
Chord: E7 Tones:[E, F#, G#, B, C#, D] Note being tested: G4
Chord: E7 Tones:[E, F#, G#, B, C#, D] Note being tested: A4
Chord: E7 Tones:[E, F#, G#, B, C#, D] Note being tested: C#5
Accepted Note: C#5
Chord: E7 Tones:[E, F#, G#, B, C#, D] Note being tested: F5
Chord: E7 Tones:[E, F#, G#, B, C#, D] Note being tested: A5
Chord: E7 Tones:[E, F#, G#, B, C#, D] Note being tested: G4
Chord: E7 Tones:[E, F#, G#, B, C#, D] Note being tested: A4
Chord: E7 Tones:[E, F#, G#, B, C#, D] Note being tested: C#5
Accepted Note: C#5
Chord: E7 Tones:[E, F#, G#, B, C#, D] Note being tested: F5
Chord: E7 Tones:[E, F#, G#, B, C#, D] Note being tested: A5
Chord: E7 Tones:[E, F#, G#, B, C#, D] Note being tested: G4
Chord: E7 Tones:[E, F#, G#, B, C#, D] Note being tested: A4
Chord: E7 Tones:[E, F#, G#, B, C#, D] Note being tested: C#5
Accepted Note: C#5
Chord: E7 Tones:[E, F#, G#, B, C#, D] Note being tested: F5
Chord: E7 Tones:[E, F#, G#, B, C#, D] Note being tested: A5
Chord: E7 Tones:[E, F#, G#, B, C#, D] Note being tested: B4
Accepted Note: B4
Chord: E7 Tones:[E, F#, G#, B, C#, D] Note being tested: A#4
Chord: E7 Tones:[E, F#, G#, B, C#, D] Note being tested: G#4
Accepted Note: G#4
Chord: E7 Tones:[E, F#, G#, B, C#, D] Note being tested: G4
Chord: E7 Tones:[E, F#, G#, B, C#, D] Note being tested: F#4
Accepted Note: F#4
Chord: E7 Tones:[E, F#, G#, B, C#, D] Note being tested: F4
Chord: E7 Tones:[E, F#, G#, B, C#, D] Note being tested: E4
Accepted Note: E4
Chord: E7 Tones:[E, F#, G#, B, C#, D] Note being tested: D4
Accepted Note: D4
Chord: E7 Tones:[E, F#, G#, B, C#, D] Note being tested: D#4
Chord: E7 Tones:[E, F#, G#, B, C#, D] Note being tested: A#4
Chord: E7 Tones:[E, F#, G#, B, C#, D] Note being tested: B4
Accepted Note: B4
Chord: E7 Tones:[E, F#, G#, B, C#, D] Note being tested: A#4
Chord: E7 Tones:[E, F#, G#, B, C#, D] Note being tested: G#4
Accepted Note: G#4
Chord: E7 Tones:[E, F#, G#, B, C#, D] Note being tested: G4
Chord: E7 Tones:[E, F#, G#, B, C#, D] Note being tested: F#4
Accepted Note: F#4
Chord: E7 Tones:[E, F#, G#, B, C#, D] Note being tested: F4
Chord: E7 Tones:[E, F#, G#, B, C#, D] Note being tested: E4
Accepted Note: E4
Chord: E7 Tones:[E, F#, G#, B, C#, D] Note being tested: D4
Accepted Note: D4
Chord: E7 Tones:[E, F#, G#, B, C#, D] Note being tested: D#4
Chord: E7 Tones:[E, F#, G#, B, C#, D] Note being tested: A#4
Chord: E7 Tones:[E, F#, G#, B, C#, D] Note being tested: G4
Chord: E7 Tones:[E, F#, G#, B, C#, D] Note being tested: A4
Chord: E7 Tones:[E, F#, G#, B, C#, D] Note being tested: C#5
Accepted Note: C#5
Chord: E7 Tones:[E, F#, G#, B, C#, D] Note being tested: F5
Chord: E7 Tones:[E, F#, G#, B, C#, D] Note being tested: A5
Chord: E7 Tones:[E, F#, G#, B, C#, D] Note being tested: G4
Chord: E7 Tones:[E, F#, G#, B, C#, D] Note being tested: A4
Chord: E7 Tones:[E, F#, G#, B, C#, D] Note being tested: C#5
Accepted Note: C#5
Chord: E7 Tones:[E, F#, G#, B, C#, D] Note being tested: F5
Chord: E7 Tones:[E, F#, G#, B, C#, D] Note being tested: A5
Chord: E7 Tones:[E, F#, G#, B, C#, D] Note being tested: G4
Chord: E7 Tones:[E, F#, G#, B, C#, D] Note being tested: A4
Chord: E7 Tones:[E, F#, G#, B, C#, D] Note being tested: C#5
Accepted Note: C#5
Chord: E7 Tones:[E, F#, G#, B, C#, D] Note being tested: F5
Chord: E7 Tones:[E, F#, G#, B, C#, D] Note being tested: A5
Chord: E7 Tones:[E, F#, G#, B, C#, D] Note being tested: B4
Accepted Note: B4
Chord: E7 Tones:[E, F#, G#, B, C#, D] Note being tested: A#4
Chord: E7 Tones:[E, F#, G#, B, C#, D] Note being tested: G#4
Accepted Note: G#4
Chord: E7 Tones:[E, F#, G#, B, C#, D] Note being tested: G4
Chord: E7 Tones:[E, F#, G#, B, C#, D] Note being tested: F#4
Accepted Note: F#4
Chord: E7 Tones:[E, F#, G#, B, C#, D] Note being tested: F4
Chord: E7 Tones:[E, F#, G#, B, C#, D] Note being tested: E4
Accepted Note: E4
Chord: E7 Tones:[E, F#, G#, B, C#, D] Note being tested: D4
Accepted Note: D4
Chord: E7 Tones:[E, F#, G#, B, C#, D] Note being tested: D#4
Chord: E7 Tones:[E, F#, G#, B, C#, D] Note being tested: A#4
Chord: E7 Tones:[E, F#, G#, B, C#, D] Note being tested: G4
Chord: E7 Tones:[E, F#, G#, B, C#, D] Note being tested: A4
Chord: E7 Tones:[E, F#, G#, B, C#, D] Note being tested: C#5
Accepted Note: C#5
Chord: E7 Tones:[E, F#, G#, B, C#, D] Note being tested: F5
Chord: E7 Tones:[E, F#, G#, B, C#, D] Note being tested: A5
Chord: E7 Tones:[E, F#, G#, B, C#, D] Note being tested: G4
Chord: E7 Tones:[E, F#, G#, B, C#, D] Note being tested: A4
Chord: E7 Tones:[E, F#, G#, B, C#, D] Note being tested: C#5
Accepted Note: C#5
Chord: E7 Tones:[E, F#, G#, B, C#, D] Note being tested: F5
Chord: E7 Tones:[E, F#, G#, B, C#, D] Note being tested: A5
Chord: E7 Tones:[E, F#, G#, B, C#, D] Note being tested: G4
Chord: E7 Tones:[E, F#, G#, B, C#, D] Note being tested: A4
Chord: E7 Tones:[E, F#, G#, B, C#, D] Note being tested: C#5
Accepted Note: C#5
Chord: E7 Tones:[E, F#, G#, B, C#, D] Note being tested: F5
Chord: E7 Tones:[E, F#, G#, B, C#, D] Note being tested: A5
Chord: E7 Tones:[E, F#, G#, B, C#, D] Note being tested: G4
Chord: E7 Tones:[E, F#, G#, B, C#, D] Note being tested: A4
Chord: E7 Tones:[E, F#, G#, B, C#, D] Note being tested: C#5
Accepted Note: C#5
Chord: E7 Tones:[E, F#, G#, B, C#, D] Note being tested: F5
Chord: E7 Tones:[E, F#, G#, B, C#, D] Note being tested: A5
Chord: E7 Tones:[E, F#, G#, B, C#, D] Note being tested: G4
Chord: E7 Tones:[E, F#, G#, B, C#, D] Note being tested: A4
Chord: E7 Tones:[E, F#, G#, B, C#, D] Note being tested: C#5
Accepted Note: C#5
Chord: E7 Tones:[E, F#, G#, B, C#, D] Note being tested: F5
Chord: E7 Tones:[E, F#, G#, B, C#, D] Note being tested: A5
Chord: E7 Tones:[E, F#, G#, B, C#, D] Note being tested: G4
Chord: E7 Tones:[E, F#, G#, B, C#, D] Note being tested: A4
Chord: E7 Tones:[E, F#, G#, B, C#, D] Note being tested: C#5
Accepted Note: C#5
Chord: E7 Tones:[E, F#, G#, B, C#, D] Note being tested: F5
Chord: E7 Tones:[E, F#, G#, B, C#, D] Note being tested: A5
Chord: E7 Tones:[E, F#, G#, B, C#, D] Note being tested: G4
Chord: E7 Tones:[E, F#, G#, B, C#, D] Note being tested: A4
Chord: E7 Tones:[E, F#, G#, B, C#, D] Note being tested: C#5
Accepted Note: C#5
Chord: E7 Tones:[E, F#, G#, B, C#, D] Note being tested: F5
Chord: E7 Tones:[E, F#, G#, B, C#, D] Note being tested: A5
Chord: E7 Tones:[E, F#, G#, B, C#, D] Note being tested: G4
Chord: E7 Tones:[E, F#, G#, B, C#, D] Note being tested: A4
Chord: E7 Tones:[E, F#, G#, B, C#, D] Note being tested: C#5
Accepted Note: C#5
Chord: E7 Tones:[E, F#, G#, B, C#, D] Note being tested: F5
Chord: E7 Tones:[E, F#, G#, B, C#, D] Note being tested: A5
Chord: E7 Tones:[E, F#, G#, B, C#, D] Note being tested: G4
Chord: E7 Tones:[E, F#, G#, B, C#, D] Note being tested: A4
Chord: E7 Tones:[E, F#, G#, B, C#, D] Note being tested: C#5
Accepted Note: C#5
Chord: E7 Tones:[E, F#, G#, B, C#, D] Note being tested: F5
Chord: E7 Tones:[E, F#, G#, B, C#, D] Note being tested: A5
Chord: E7 Tones:[E, F#, G#, B, C#, D] Note being tested: G4
Chord: E7 Tones:[E, F#, G#, B, C#, D] Note being tested: A4
Chord: E7 Tones:[E, F#, G#, B, C#, D] Note being tested: C#5
Accepted Note: C#5
Chord: E7 Tones:[E, F#, G#, B, C#, D] Note being tested: F5
Chord: E7 Tones:[E, F#, G#, B, C#, D] Note being tested: A5
Chord: E7 Tones:[E, F#, G#, B, C#, D] Note being tested: G4
Chord: E7 Tones:[E, F#, G#, B, C#, D] Note being tested: A4
Chord: E7 Tones:[E, F#, G#, B, C#, D] Note being tested: C#5
Accepted Note: C#5
Chord: E7 Tones:[E, F#, G#, B, C#, D] Note being tested: F5
Chord: E7 Tones:[E, F#, G#, B, C#, D] Note being tested: A5
Chord: E7 Tones:[E, F#, G#, B, C#, D] Note being tested: G4
Chord: E7 Tones:[E, F#, G#, B, C#, D] Note being tested: A4
Chord: E7 Tones:[E, F#, G#, B, C#, D] Note being tested: C#5
Accepted Note: C#5
Chord: E7 Tones:[E, F#, G#, B, C#, D] Note being tested: F5
Chord: E7 Tones:[E, F#, G#, B, C#, D] Note being tested: A5
Chord: E7 Tones:[E, F#, G#, B, C#, D] Note being tested: B4
Accepted Note: B4
Chord: E7 Tones:[E, F#, G#, B, C#, D] Note being tested: A#4
Chord: E7 Tones:[E, F#, G#, B, C#, D] Note being tested: G#4
Accepted Note: G#4
Chord: E7 Tones:[E, F#, G#, B, C#, D] Note being tested: G4
Chord: E7 Tones:[E, F#, G#, B, C#, D] Note being tested: F#4
Accepted Note: F#4
Chord: E7 Tones:[E, F#, G#, B, C#, D] Note being tested: F4
Chord: E7 Tones:[E, F#, G#, B, C#, D] Note being tested: E4
Accepted Note: E4
Chord: E7 Tones:[E, F#, G#, B, C#, D] Note being tested: D4
Accepted Note: D4
Chord: E7 Tones:[E, F#, G#, B, C#, D] Note being tested: D#4
Chord: E7 Tones:[E, F#, G#, B, C#, D] Note being tested: B4
Accepted Note: B4
Chord: E7 Tones:[E, F#, G#, B, C#, D] Note being tested: A#4
Chord: E7 Tones:[E, F#, G#, B, C#, D] Note being tested: G#4
Accepted Note: G#4
Chord: E7 Tones:[E, F#, G#, B, C#, D] Note being tested: G4
Chord: E7 Tones:[E, F#, G#, B, C#, D] Note being tested: F#4
Accepted Note: F#4
Chord: E7 Tones:[E, F#, G#, B, C#, D] Note being tested: F4
Chord: E7 Tones:[E, F#, G#, B, C#, D] Note being tested: E4
Accepted Note: E4
Chord: E7 Tones:[E, F#, G#, B, C#, D] Note being tested: D4
Accepted Note: D4
Chord: E7 Tones:[E, F#, G#, B, C#, D] Note being tested: D#4
Chord: E7 Tones:[E, F#, G#, B, C#, D] Note being tested: B4
Accepted Note: B4
Chord: E7 Tones:[E, F#, G#, B, C#, D] Note being tested: A#4
Chord: E7 Tones:[E, F#, G#, B, C#, D] Note being tested: G#4
Accepted Note: G#4
Chord: E7 Tones:[E, F#, G#, B, C#, D] Note being tested: G4
Chord: E7 Tones:[E, F#, G#, B, C#, D] Note being tested: F#4
Accepted Note: F#4
Chord: E7 Tones:[E, F#, G#, B, C#, D] Note being tested: F4
Chord: E7 Tones:[E, F#, G#, B, C#, D] Note being tested: E4
Accepted Note: E4
Chord: E7 Tones:[E, F#, G#, B, C#, D] Note being tested: D4
Accepted Note: D4
Chord: E7 Tones:[E, F#, G#, B, C#, D] Note being tested: D#4
Chord: E7 Tones:[E, F#, G#, B, C#, D] Note being tested: B4
Accepted Note: B4
Chord: E7 Tones:[E, F#, G#, B, C#, D] Note being tested: A#4
Chord: E7 Tones:[E, F#, G#, B, C#, D] Note being tested: G#4
Accepted Note: G#4
Chord: E7 Tones:[E, F#, G#, B, C#, D] Note being tested: G4
Chord: E7 Tones:[E, F#, G#, B, C#, D] Note being tested: F#4
Accepted Note: F#4
Chord: E7 Tones:[E, F#, G#, B, C#, D] Note being tested: F4
Chord: E7 Tones:[E, F#, G#, B, C#, D] Note being tested: E4
Accepted Note: E4
Chord: E7 Tones:[E, F#, G#, B, C#, D] Note being tested: D4
Accepted Note: D4
Chord: E7 Tones:[E, F#, G#, B, C#, D] Note being tested: D#4
Chord: E7 Tones:[E, F#, G#, B, C#, D] Note being tested: B4
Accepted Note: B4
Chord: E7 Tones:[E, F#, G#, B, C#, D] Note being tested: A#4
Chord: E7 Tones:[E, F#, G#, B, C#, D] Note being tested: G#4
Accepted Note: G#4
Chord: E7 Tones:[E, F#, G#, B, C#, D] Note being tested: G4
Chord: E7 Tones:[E, F#, G#, B, C#, D] Note being tested: F#4
Accepted Note: F#4
Chord: E7 Tones:[E, F#, G#, B, C#, D] Note being tested: F4
Chord: E7 Tones:[E, F#, G#, B, C#, D] Note being tested: E4
Accepted Note: E4
Chord: E7 Tones:[E, F#, G#, B, C#, D] Note being tested: D4
Accepted Note: D4
Chord: E7 Tones:[E, F#, G#, B, C#, D] Note being tested: D#4
Chord: E7 Tones:[E, F#, G#, B, C#, D] Note being tested: B4
Accepted Note: B4
Chord: E7 Tones:[E, F#, G#, B, C#, D] Note being tested: A#4
Chord: E7 Tones:[E, F#, G#, B, C#, D] Note being tested: G#4
Accepted Note: G#4
Chord: E7 Tones:[E, F#, G#, B, C#, D] Note being tested: G4
Chord: E7 Tones:[E, F#, G#, B, C#, D] Note being tested: F#4
Accepted Note: F#4
Chord: E7 Tones:[E, F#, G#, B, C#, D] Note being tested: F4
Chord: E7 Tones:[E, F#, G#, B, C#, D] Note being tested: E4
Accepted Note: E4
Chord: E7 Tones:[E, F#, G#, B, C#, D] Note being tested: D4
Accepted Note: D4
Chord: E7 Tones:[E, F#, G#, B, C#, D] Note being tested: D#4
Chord: E7 Tones:[E, F#, G#, B, C#, D] Note being tested: B4
Accepted Note: B4
Chord: E7 Tones:[E, F#, G#, B, C#, D] Note being tested: A#4
Chord: E7 Tones:[E, F#, G#, B, C#, D] Note being tested: G#4
Accepted Note: G#4
Chord: E7 Tones:[E, F#, G#, B, C#, D] Note being tested: G4
Chord: E7 Tones:[E, F#, G#, B, C#, D] Note being tested: F#4
Accepted Note: F#4
Chord: E7 Tones:[E, F#, G#, B, C#, D] Note being tested: F4
Chord: E7 Tones:[E, F#, G#, B, C#, D] Note being tested: E4
Accepted Note: E4
Chord: E7 Tones:[E, F#, G#, B, C#, D] Note being tested: D4
Accepted Note: D4
Chord: E7 Tones:[E, F#, G#, B, C#, D] Note being tested: D#4
Chord: E7 Tones:[E, F#, G#, B, C#, D] Note being tested: G4
Chord: E7 Tones:[E, F#, G#, B, C#, D] Note being tested: A4
Chord: E7 Tones:[E, F#, G#, B, C#, D] Note being tested: C#5
Accepted Note: C#5
Chord: E7 Tones:[E, F#, G#, B, C#, D] Note being tested: F5
Chord: E7 Tones:[E, F#, G#, B, C#, D] Note being tested: A5
Chord: E7 Tones:[E, F#, G#, B, C#, D] Note being tested: G4
Chord: E7 Tones:[E, F#, G#, B, C#, D] Note being tested: A4
Chord: E7 Tones:[E, F#, G#, B, C#, D] Note being tested: C#5
Accepted Note: C#5
Chord: E7 Tones:[E, F#, G#, B, C#, D] Note being tested: F5
Chord: E7 Tones:[E, F#, G#, B, C#, D] Note being tested: A5
Chord: E7 Tones:[E, F#, G#, B, C#, D] Note being tested: G4
Chord: E7 Tones:[E, F#, G#, B, C#, D] Note being tested: A4
Chord: E7 Tones:[E, F#, G#, B, C#, D] Note being tested: C#5
Accepted Note: C#5
Chord: E7 Tones:[E, F#, G#, B, C#, D] Note being tested: F5
Chord: E7 Tones:[E, F#, G#, B, C#, D] Note being tested: A5
Chord: E7 Tones:[E, F#, G#, B, C#, D] Note being tested: D#4
Chord: E7 Tones:[E, F#, G#, B, C#, D] Note being tested: G4
Chord: E7 Tones:[E, F#, G#, B, C#, D] Note being tested: A4
Chord: E7 Tones:[E, F#, G#, B, C#, D] Note being tested: C#5
Accepted Note: C#5
Chord: E7 Tones:[E, F#, G#, B, C#, D] Note being tested: F5
Chord: E7 Tones:[E, F#, G#, B, C#, D] Note being tested: A5
Chord: E7 Tones:[E, F#, G#, B, C#, D] Note being tested: G4
Chord: E7 Tones:[E, F#, G#, B, C#, D] Note being tested: A4
Chord: E7 Tones:[E, F#, G#, B, C#, D] Note being tested: C#5
Accepted Note: C#5
Chord: E7 Tones:[E, F#, G#, B, C#, D] Note being tested: F5
Chord: E7 Tones:[E, F#, G#, B, C#, D] Note being tested: A5
Chord: E7 Tones:[E, F#, G#, B, C#, D] Note being tested: G4
Chord: E7 Tones:[E, F#, G#, B, C#, D] Note being tested: A4
Chord: E7 Tones:[E, F#, G#, B, C#, D] Note being tested: C#5
Accepted Note: C#5
Chord: E7 Tones:[E, F#, G#, B, C#, D] Note being tested: F5
Chord: E7 Tones:[E, F#, G#, B, C#, D] Note being tested: A5
Chord: E7 Tones:[E, F#, G#, B, C#, D] Note being tested: G4
Chord: E7 Tones:[E, F#, G#, B, C#, D] Note being tested: A4
Chord: E7 Tones:[E, F#, G#, B, C#, D] Note being tested: C#5
Accepted Note: C#5
Chord: E7 Tones:[E, F#, G#, B, C#, D] Note being tested: F5
Chord: E7 Tones:[E, F#, G#, B, C#, D] Note being tested: A5
Chord: E7 Tones:[E, F#, G#, B, C#, D] Note being tested: G4
Chord: E7 Tones:[E, F#, G#, B, C#, D] Note being tested: A4
Chord: E7 Tones:[E, F#, G#, B, C#, D] Note being tested: C#5
Accepted Note: C#5
Chord: E7 Tones:[E, F#, G#, B, C#, D] Note being tested: F5
Chord: E7 Tones:[E, F#, G#, B, C#, D] Note being tested: A5
Chord: E7 Tones:[E, F#, G#, B, C#, D] Note being tested: G4
Chord: E7 Tones:[E, F#, G#, B, C#, D] Note being tested: A4
Chord: E7 Tones:[E, F#, G#, B, C#, D] Note being tested: C#5
Accepted Note: C#5
Chord: E7 Tones:[E, F#, G#, B, C#, D] Note being tested: F5
Chord: E7 Tones:[E, F#, G#, B, C#, D] Note being tested: A5
Chord: E7 Tones:[E, F#, G#, B, C#, D] Note being tested: E4
Accepted Note: E4
Chord: E7 Tones:[E, F#, G#, B, C#, D] Note being tested: G4
Chord: E7 Tones:[E, F#, G#, B, C#, D] Note being tested: G#4
Accepted Note: G#4
Chord: E7 Tones:[E, F#, G#, B, C#, D] Note being tested: B4
Accepted Note: B4
Chord: E7 Tones:[E, F#, G#, B, C#, D] Note being tested: D5
Accepted Note: D5
Chord: E7 Tones:[E, F#, G#, B, C#, D] Note being tested: F5
Chord: E7 Tones:[E, F#, G#, B, C#, D] Note being tested: G#5
Accepted Note: G#5
Chord: E7 Tones:[E, F#, G#, B, C#, D] Note being tested: E5
Accepted Note: E5
Chord: E7 Tones:[E, F#, G#, B, C#, D] Note being tested: G5
Chord: E7 Tones:[E, F#, G#, B, C#, D] Note being tested: C#5
Accepted Note: C#5
Chord: E7 Tones:[E, F#, G#, B, C#, D] Note being tested: F#4
Accepted Note: F#4
Chord: E7 Tones:[E, F#, G#, B, C#, D] Note being tested: D#5
Chord: E7 Tones:[E, F#, G#, B, C#, D] Note being tested: A4
Chord: E7 Tones:[E, F#, G#, B, C#, D] Note being tested: B4
Accepted Note: B4
Chord: E7 Tones:[E, F#, G#, B, C#, D] Note being tested: A#4
Chord: E7 Tones:[E, F#, G#, B, C#, D] Note being tested: G#4
Accepted Note: G#4
Chord: E7 Tones:[E, F#, G#, B, C#, D] Note being tested: G4
Chord: E7 Tones:[E, F#, G#, B, C#, D] Note being tested: F#4
Accepted Note: F#4
Chord: E7 Tones:[E, F#, G#, B, C#, D] Note being tested: F4
Chord: E7 Tones:[E, F#, G#, B, C#, D] Note being tested: E4
Accepted Note: E4
Chord: E7 Tones:[E, F#, G#, B, C#, D] Note being tested: D4
Accepted Note: D4
Chord: E7 Tones:[E, F#, G#, B, C#, D] Note being tested: D#4
Chord: E7 Tones:[E, F#, G#, B, C#, D] Note being tested: G4
Chord: E7 Tones:[E, F#, G#, B, C#, D] Note being tested: A4
Chord: E7 Tones:[E, F#, G#, B, C#, D] Note being tested: C#5
Accepted Note: C#5
Chord: E7 Tones:[E, F#, G#, B, C#, D] Note being tested: F5
Chord: E7 Tones:[E, F#, G#, B, C#, D] Note being tested: A5
Chord: E7 Tones:[E, F#, G#, B, C#, D] Note being tested: G4
Chord: E7 Tones:[E, F#, G#, B, C#, D] Note being tested: A4
Chord: E7 Tones:[E, F#, G#, B, C#, D] Note being tested: C#5
Accepted Note: C#5
Chord: E7 Tones:[E, F#, G#, B, C#, D] Note being tested: F5
Chord: E7 Tones:[E, F#, G#, B, C#, D] Note being tested: A5
Chord: E7 Tones:[E, F#, G#, B, C#, D] Note being tested: G4
Chord: E7 Tones:[E, F#, G#, B, C#, D] Note being tested: A4
Chord: E7 Tones:[E, F#, G#, B, C#, D] Note being tested: C#5
Accepted Note: C#5
Chord: E7 Tones:[E, F#, G#, B, C#, D] Note being tested: F5
Chord: E7 Tones:[E, F#, G#, B, C#, D] Note being tested: A5
Chord: E7 Tones:[E, F#, G#, B, C#, D] Note being tested: A#4
Chord: E7 Tones:[E, F#, G#, B, C#, D] Note being tested: B4
Accepted Note: B4
Chord: E7 Tones:[E, F#, G#, B, C#, D] Note being tested: A#4
Chord: E7 Tones:[E, F#, G#, B, C#, D] Note being tested: G#4
Accepted Note: G#4
Chord: E7 Tones:[E, F#, G#, B, C#, D] Note being tested: G4
Chord: E7 Tones:[E, F#, G#, B, C#, D] Note being tested: F#4
Accepted Note: F#4
Chord: E7 Tones:[E, F#, G#, B, C#, D] Note being tested: F4
Chord: E7 Tones:[E, F#, G#, B, C#, D] Note being tested: E4
Accepted Note: E4
Chord: E7 Tones:[E, F#, G#, B, C#, D] Note being tested: D4
Accepted Note: D4
Chord: E7 Tones:[E, F#, G#, B, C#, D] Note being tested: D#4
Chord: B7 Tones:[B, C#, D#, F#, G#, A] Note being tested: A#4
Chord: B7 Tones:[B, C#, D#, F#, G#, A] Note being tested: B4
Accepted Note: B4
Chord: B7 Tones:[B, C#, D#, F#, G#, A] Note being tested: D#5
Accepted Note: D#5
Chord: B7 Tones:[B, C#, D#, F#, G#, A] Note being tested: B4
Accepted Note: B4
Chord: B7 Tones:[B, C#, D#, F#, G#, A] Note being tested: A#4
Chord: B7 Tones:[B, C#, D#, F#, G#, A] Note being tested: G#4
Accepted Note: G#4
Chord: B7 Tones:[B, C#, D#, F#, G#, A] Note being tested: G4
Chord: B7 Tones:[B, C#, D#, F#, G#, A] Note being tested: F#4
Accepted Note: F#4
Chord: B7 Tones:[B, C#, D#, F#, G#, A] Note being tested: F4
Chord: B7 Tones:[B, C#, D#, F#, G#, A] Note being tested: E4
Chord: B7 Tones:[B, C#, D#, F#, G#, A] Note being tested: D4
Chord: B7 Tones:[B, C#, D#, F#, G#, A] Note being tested: D#4
Accepted Note: D#4
Chord: B7 Tones:[B, C#, D#, F#, G#, A] Note being tested: G4
Chord: B7 Tones:[B, C#, D#, F#, G#, A] Note being tested: A4
Accepted Note: A4
Chord: B7 Tones:[B, C#, D#, F#, G#, A] Note being tested: C#5
Accepted Note: C#5
Chord: B7 Tones:[B, C#, D#, F#, G#, A] Note being tested: F5
Chord: B7 Tones:[B, C#, D#, F#, G#, A] Note being tested: A5
Accepted Note: A5
Chord: B7 Tones:[B, C#, D#, F#, G#, A] Note being tested: G4
Chord: B7 Tones:[B, C#, D#, F#, G#, A] Note being tested: A4
Accepted Note: A4
Chord: B7 Tones:[B, C#, D#, F#, G#, A] Note being tested: C#5
Accepted Note: C#5
Chord: B7 Tones:[B, C#, D#, F#, G#, A] Note being tested: F5
Chord: B7 Tones:[B, C#, D#, F#, G#, A] Note being tested: A5
Accepted Note: A5
Chord: B7 Tones:[B, C#, D#, F#, G#, A] Note being tested: G4
Chord: B7 Tones:[B, C#, D#, F#, G#, A] Note being tested: A4
Accepted Note: A4
Chord: B7 Tones:[B, C#, D#, F#, G#, A] Note being tested: C#5
Accepted Note: C#5
Chord: B7 Tones:[B, C#, D#, F#, G#, A] Note being tested: F5
Chord: B7 Tones:[B, C#, D#, F#, G#, A] Note being tested: A5
Accepted Note: A5
Chord: B7 Tones:[B, C#, D#, F#, G#, A] Note being tested: D5
Chord: B7 Tones:[B, C#, D#, F#, G#, A] Note being tested: G#4
Accepted Note: G#4
Chord: B7 Tones:[B, C#, D#, F#, G#, A] Note being tested: D5
Chord: B7 Tones:[B, C#, D#, F#, G#, A] Note being tested: F#4
Accepted Note: F#4
Chord: B7 Tones:[B, C#, D#, F#, G#, A] Note being tested: G4
Chord: B7 Tones:[B, C#, D#, F#, G#, A] Note being tested: A4
Accepted Note: A4
Chord: B7 Tones:[B, C#, D#, F#, G#, A] Note being tested: C#5
Accepted Note: C#5
Chord: B7 Tones:[B, C#, D#, F#, G#, A] Note being tested: F5
Chord: B7 Tones:[B, C#, D#, F#, G#, A] Note being tested: A5
Accepted Note: A5
Chord: B7 Tones:[B, C#, D#, F#, G#, A] Note being tested: G4
Chord: B7 Tones:[B, C#, D#, F#, G#, A] Note being tested: A4
Accepted Note: A4
Chord: B7 Tones:[B, C#, D#, F#, G#, A] Note being tested: C#5
Accepted Note: C#5
Chord: B7 Tones:[B, C#, D#, F#, G#, A] Note being tested: F5
Chord: B7 Tones:[B, C#, D#, F#, G#, A] Note being tested: A5
Accepted Note: A5
Chord: B7 Tones:[B, C#, D#, F#, G#, A] Note being tested: G4
Chord: B7 Tones:[B, C#, D#, F#, G#, A] Note being tested: A4
Accepted Note: A4
Chord: B7 Tones:[B, C#, D#, F#, G#, A] Note being tested: C#5
Accepted Note: C#5
Chord: B7 Tones:[B, C#, D#, F#, G#, A] Note being tested: F5
Chord: B7 Tones:[B, C#, D#, F#, G#, A] Note being tested: A5
Accepted Note: A5
Chord: B7 Tones:[B, C#, D#, F#, G#, A] Note being tested: F4
Chord: B7 Tones:[B, C#, D#, F#, G#, A] Note being tested: G4
Chord: B7 Tones:[B, C#, D#, F#, G#, A] Note being tested: A4
Accepted Note: A4
Chord: B7 Tones:[B, C#, D#, F#, G#, A] Note being tested: C#5
Accepted Note: C#5
Chord: B7 Tones:[B, C#, D#, F#, G#, A] Note being tested: F5
Chord: B7 Tones:[B, C#, D#, F#, G#, A] Note being tested: A5
Accepted Note: A5
Chord: B7 Tones:[B, C#, D#, F#, G#, A] Note being tested: G4
Chord: B7 Tones:[B, C#, D#, F#, G#, A] Note being tested: A4
Accepted Note: A4
Chord: B7 Tones:[B, C#, D#, F#, G#, A] Note being tested: C#5
Accepted Note: C#5
Chord: B7 Tones:[B, C#, D#, F#, G#, A] Note being tested: F5
Chord: B7 Tones:[B, C#, D#, F#, G#, A] Note being tested: A5
Accepted Note: A5
Chord: B7 Tones:[B, C#, D#, F#, G#, A] Note being tested: G4
Chord: B7 Tones:[B, C#, D#, F#, G#, A] Note being tested: A4
Accepted Note: A4
Chord: B7 Tones:[B, C#, D#, F#, G#, A] Note being tested: C#5
Accepted Note: C#5
Chord: B7 Tones:[B, C#, D#, F#, G#, A] Note being tested: F5
Chord: B7 Tones:[B, C#, D#, F#, G#, A] Note being tested: A5
Accepted Note: A5
Chord: B7 Tones:[B, C#, D#, F#, G#, A] Note being tested: G4
Chord: B7 Tones:[B, C#, D#, F#, G#, A] Note being tested: A4
Accepted Note: A4
Chord: B7 Tones:[B, C#, D#, F#, G#, A] Note being tested: C#5
Accepted Note: C#5
Chord: B7 Tones:[B, C#, D#, F#, G#, A] Note being tested: F5
Chord: B7 Tones:[B, C#, D#, F#, G#, A] Note being tested: A5
Accepted Note: A5
Chord: B7 Tones:[B, C#, D#, F#, G#, A] Note being tested: G4
Chord: B7 Tones:[B, C#, D#, F#, G#, A] Note being tested: A4
Accepted Note: A4
Chord: B7 Tones:[B, C#, D#, F#, G#, A] Note being tested: C#5
Accepted Note: C#5
Chord: B7 Tones:[B, C#, D#, F#, G#, A] Note being tested: F5
Chord: B7 Tones:[B, C#, D#, F#, G#, A] Note being tested: A5
Accepted Note: A5
Chord: B7 Tones:[B, C#, D#, F#, G#, A] Note being tested: G4
Chord: B7 Tones:[B, C#, D#, F#, G#, A] Note being tested: A4
Accepted Note: A4
Chord: B7 Tones:[B, C#, D#, F#, G#, A] Note being tested: C#5
Accepted Note: C#5
Chord: B7 Tones:[B, C#, D#, F#, G#, A] Note being tested: F5
Chord: B7 Tones:[B, C#, D#, F#, G#, A] Note being tested: A5
Accepted Note: A5
Chord: B7 Tones:[B, C#, D#, F#, G#, A] Note being tested: G4
Chord: B7 Tones:[B, C#, D#, F#, G#, A] Note being tested: A4
Accepted Note: A4
Chord: B7 Tones:[B, C#, D#, F#, G#, A] Note being tested: C#5
Accepted Note: C#5
Chord: B7 Tones:[B, C#, D#, F#, G#, A] Note being tested: F5
Chord: B7 Tones:[B, C#, D#, F#, G#, A] Note being tested: A5
Accepted Note: A5
Chord: B7 Tones:[B, C#, D#, F#, G#, A] Note being tested: G4
Chord: B7 Tones:[B, C#, D#, F#, G#, A] Note being tested: A4
Accepted Note: A4
Chord: B7 Tones:[B, C#, D#, F#, G#, A] Note being tested: C#5
Accepted Note: C#5
Chord: B7 Tones:[B, C#, D#, F#, G#, A] Note being tested: F5
Chord: B7 Tones:[B, C#, D#, F#, G#, A] Note being tested: A5
Accepted Note: A5
Chord: B7 Tones:[B, C#, D#, F#, G#, A] Note being tested: G4
Chord: B7 Tones:[B, C#, D#, F#, G#, A] Note being tested: A4
Accepted Note: A4
Chord: B7 Tones:[B, C#, D#, F#, G#, A] Note being tested: C#5
Accepted Note: C#5
Chord: B7 Tones:[B, C#, D#, F#, G#, A] Note being tested: F5
Chord: B7 Tones:[B, C#, D#, F#, G#, A] Note being tested: A5
Accepted Note: A5
Chord: B7 Tones:[B, C#, D#, F#, G#, A] Note being tested: G4
Chord: B7 Tones:[B, C#, D#, F#, G#, A] Note being tested: A4
Accepted Note: A4
Chord: B7 Tones:[B, C#, D#, F#, G#, A] Note being tested: C#5
Accepted Note: C#5
Chord: B7 Tones:[B, C#, D#, F#, G#, A] Note being tested: F5
Chord: B7 Tones:[B, C#, D#, F#, G#, A] Note being tested: A5
Accepted Note: A5
Chord: B7 Tones:[B, C#, D#, F#, G#, A] Note being tested: G4
Chord: B7 Tones:[B, C#, D#, F#, G#, A] Note being tested: A4
Accepted Note: A4
Chord: B7 Tones:[B, C#, D#, F#, G#, A] Note being tested: C#5
Accepted Note: C#5
Chord: B7 Tones:[B, C#, D#, F#, G#, A] Note being tested: F5
Chord: B7 Tones:[B, C#, D#, F#, G#, A] Note being tested: A5
Accepted Note: A5
Chord: B7 Tones:[B, C#, D#, F#, G#, A] Note being tested: G4
Chord: B7 Tones:[B, C#, D#, F#, G#, A] Note being tested: A4
Accepted Note: A4
Chord: B7 Tones:[B, C#, D#, F#, G#, A] Note being tested: C#5
Accepted Note: C#5
Chord: B7 Tones:[B, C#, D#, F#, G#, A] Note being tested: F5
Chord: B7 Tones:[B, C#, D#, F#, G#, A] Note being tested: A5
Accepted Note: A5
Chord: B7 Tones:[B, C#, D#, F#, G#, A] Note being tested: B4
Accepted Note: B4
Chord: B7 Tones:[B, C#, D#, F#, G#, A] Note being tested: C#5
Accepted Note: C#5
Chord: B7 Tones:[B, C#, D#, F#, G#, A] Note being tested: B4
Accepted Note: B4
Chord: B7 Tones:[B, C#, D#, F#, G#, A] Note being tested: A#4
Chord: B7 Tones:[B, C#, D#, F#, G#, A] Note being tested: G#4
Accepted Note: G#4
Chord: B7 Tones:[B, C#, D#, F#, G#, A] Note being tested: G4
Chord: B7 Tones:[B, C#, D#, F#, G#, A] Note being tested: F#4
Accepted Note: F#4
Chord: B7 Tones:[B, C#, D#, F#, G#, A] Note being tested: F4
Chord: B7 Tones:[B, C#, D#, F#, G#, A] Note being tested: E4
Chord: B7 Tones:[B, C#, D#, F#, G#, A] Note being tested: D4
Chord: B7 Tones:[B, C#, D#, F#, G#, A] Note being tested: D#4
Accepted Note: D#4
Chord: B7 Tones:[B, C#, D#, F#, G#, A] Note being tested: G#4
Accepted Note: G#4
Chord: B7 Tones:[B, C#, D#, F#, G#, A] Note being tested: D5
Chord: B7 Tones:[B, C#, D#, F#, G#, A] Note being tested: G4
Chord: B7 Tones:[B, C#, D#, F#, G#, A] Note being tested: A4
Accepted Note: A4
Chord: B7 Tones:[B, C#, D#, F#, G#, A] Note being tested: C#5
Accepted Note: C#5
Chord: B7 Tones:[B, C#, D#, F#, G#, A] Note being tested: F5
Chord: B7 Tones:[B, C#, D#, F#, G#, A] Note being tested: A5
Accepted Note: A5
Chord: B7 Tones:[B, C#, D#, F#, G#, A] Note being tested: G4
Chord: B7 Tones:[B, C#, D#, F#, G#, A] Note being tested: A4
Accepted Note: A4
Chord: B7 Tones:[B, C#, D#, F#, G#, A] Note being tested: C#5
Accepted Note: C#5
Chord: B7 Tones:[B, C#, D#, F#, G#, A] Note being tested: F5
Chord: B7 Tones:[B, C#, D#, F#, G#, A] Note being tested: A5
Accepted Note: A5
Chord: B7 Tones:[B, C#, D#, F#, G#, A] Note being tested: G4
Chord: B7 Tones:[B, C#, D#, F#, G#, A] Note being tested: A4
Accepted Note: A4
Chord: B7 Tones:[B, C#, D#, F#, G#, A] Note being tested: C#5
Accepted Note: C#5
Chord: B7 Tones:[B, C#, D#, F#, G#, A] Note being tested: F5
Chord: B7 Tones:[B, C#, D#, F#, G#, A] Note being tested: A5
Accepted Note: A5
Chord: B7 Tones:[B, C#, D#, F#, G#, A] Note being tested: G4
Chord: B7 Tones:[B, C#, D#, F#, G#, A] Note being tested: A4
Accepted Note: A4
Chord: B7 Tones:[B, C#, D#, F#, G#, A] Note being tested: C#5
Accepted Note: C#5
Chord: B7 Tones:[B, C#, D#, F#, G#, A] Note being tested: F5
Chord: B7 Tones:[B, C#, D#, F#, G#, A] Note being tested: A5
Accepted Note: A5
Chord: B7 Tones:[B, C#, D#, F#, G#, A] Note being tested: G4
Chord: B7 Tones:[B, C#, D#, F#, G#, A] Note being tested: A4
Accepted Note: A4
Chord: B7 Tones:[B, C#, D#, F#, G#, A] Note being tested: C#5
Accepted Note: C#5
Chord: B7 Tones:[B, C#, D#, F#, G#, A] Note being tested: F5
Chord: B7 Tones:[B, C#, D#, F#, G#, A] Note being tested: A5
Accepted Note: A5
Chord: B7 Tones:[B, C#, D#, F#, G#, A] Note being tested: G4
Chord: B7 Tones:[B, C#, D#, F#, G#, A] Note being tested: A4
Accepted Note: A4
Chord: B7 Tones:[B, C#, D#, F#, G#, A] Note being tested: C#5
Accepted Note: C#5
Chord: B7 Tones:[B, C#, D#, F#, G#, A] Note being tested: F5
Chord: B7 Tones:[B, C#, D#, F#, G#, A] Note being tested: A5
Accepted Note: A5
Chord: B7 Tones:[B, C#, D#, F#, G#, A] Note being tested: A#4
Chord: B7 Tones:[B, C#, D#, F#, G#, A] Note being tested: B4
Accepted Note: B4
Chord: B7 Tones:[B, C#, D#, F#, G#, A] Note being tested: A#4
Chord: B7 Tones:[B, C#, D#, F#, G#, A] Note being tested: G#4
Accepted Note: G#4
Chord: B7 Tones:[B, C#, D#, F#, G#, A] Note being tested: G4
Chord: B7 Tones:[B, C#, D#, F#, G#, A] Note being tested: F#4
Accepted Note: F#4
Chord: B7 Tones:[B, C#, D#, F#, G#, A] Note being tested: F4
Chord: B7 Tones:[B, C#, D#, F#, G#, A] Note being tested: E4
Chord: B7 Tones:[B, C#, D#, F#, G#, A] Note being tested: D4
Chord: B7 Tones:[B, C#, D#, F#, G#, A] Note being tested: D#4
Accepted Note: D#4
Chord: A7 Tones:[A, B, C#, E, F#, G] Note being tested: A#4
Chord: A7 Tones:[A, B, C#, E, F#, G] Note being tested: B4
Accepted Note: B4
Chord: A7 Tones:[A, B, C#, E, F#, G] Note being tested: A#4
Chord: A7 Tones:[A, B, C#, E, F#, G] Note being tested: G#4
Chord: A7 Tones:[A, B, C#, E, F#, G] Note being tested: G4
Accepted Note: G4
Chord: A7 Tones:[A, B, C#, E, F#, G] Note being tested: F#4
Accepted Note: F#4
Chord: A7 Tones:[A, B, C#, E, F#, G] Note being tested: F4
Chord: A7 Tones:[A, B, C#, E, F#, G] Note being tested: E4
Accepted Note: E4
Chord: A7 Tones:[A, B, C#, E, F#, G] Note being tested: D4
Chord: A7 Tones:[A, B, C#, E, F#, G] Note being tested: D#4
Chord: A7 Tones:[A, B, C#, E, F#, G] Note being tested: B4
Accepted Note: B4
Chord: A7 Tones:[A, B, C#, E, F#, G] Note being tested: A#4
Chord: A7 Tones:[A, B, C#, E, F#, G] Note being tested: G#4
Chord: A7 Tones:[A, B, C#, E, F#, G] Note being tested: G4
Accepted Note: G4
Chord: A7 Tones:[A, B, C#, E, F#, G] Note being tested: F#4
Accepted Note: F#4
Chord: A7 Tones:[A, B, C#, E, F#, G] Note being tested: F4
Chord: A7 Tones:[A, B, C#, E, F#, G] Note being tested: E4
Accepted Note: E4
Chord: A7 Tones:[A, B, C#, E, F#, G] Note being tested: D4
Chord: A7 Tones:[A, B, C#, E, F#, G] Note being tested: D#4
Chord: A7 Tones:[A, B, C#, E, F#, G] Note being tested: B4
Accepted Note: B4
Chord: A7 Tones:[A, B, C#, E, F#, G] Note being tested: A#4
Chord: A7 Tones:[A, B, C#, E, F#, G] Note being tested: G#4
Chord: A7 Tones:[A, B, C#, E, F#, G] Note being tested: G4
Accepted Note: G4
Chord: A7 Tones:[A, B, C#, E, F#, G] Note being tested: F#4
Accepted Note: F#4
Chord: A7 Tones:[A, B, C#, E, F#, G] Note being tested: F4
Chord: A7 Tones:[A, B, C#, E, F#, G] Note being tested: E4
Accepted Note: E4
Chord: A7 Tones:[A, B, C#, E, F#, G] Note being tested: D4
Chord: A7 Tones:[A, B, C#, E, F#, G] Note being tested: D#4
Chord: A7 Tones:[A, B, C#, E, F#, G] Note being tested: B4
Accepted Note: B4
Chord: A7 Tones:[A, B, C#, E, F#, G] Note being tested: G4
Accepted Note: G4
Chord: A7 Tones:[A, B, C#, E, F#, G] Note being tested: A4
Accepted Note: A4
Chord: A7 Tones:[A, B, C#, E, F#, G] Note being tested: C#5
Accepted Note: C#5
Chord: A7 Tones:[A, B, C#, E, F#, G] Note being tested: F5
Chord: A7 Tones:[A, B, C#, E, F#, G] Note being tested: A5
Accepted Note: A5
Chord: A7 Tones:[A, B, C#, E, F#, G] Note being tested: B4
Accepted Note: B4
Chord: A7 Tones:[A, B, C#, E, F#, G] Note being tested: A#4
Chord: A7 Tones:[A, B, C#, E, F#, G] Note being tested: G#4
Chord: A7 Tones:[A, B, C#, E, F#, G] Note being tested: G4
Accepted Note: G4
Chord: A7 Tones:[A, B, C#, E, F#, G] Note being tested: F#4
Accepted Note: F#4
Chord: A7 Tones:[A, B, C#, E, F#, G] Note being tested: F4
Chord: A7 Tones:[A, B, C#, E, F#, G] Note being tested: E4
Accepted Note: E4
Chord: A7 Tones:[A, B, C#, E, F#, G] Note being tested: D4
Chord: A7 Tones:[A, B, C#, E, F#, G] Note being tested: D#4
Chord: A7 Tones:[A, B, C#, E, F#, G] Note being tested: A#4
Chord: A7 Tones:[A, B, C#, E, F#, G] Note being tested: D5
Chord: A7 Tones:[A, B, C#, E, F#, G] Note being tested: B4
Accepted Note: B4
Chord: A7 Tones:[A, B, C#, E, F#, G] Note being tested: A#4
Chord: A7 Tones:[A, B, C#, E, F#, G] Note being tested: G#4
Chord: A7 Tones:[A, B, C#, E, F#, G] Note being tested: G4
Accepted Note: G4
Chord: A7 Tones:[A, B, C#, E, F#, G] Note being tested: F#4
Accepted Note: F#4
Chord: A7 Tones:[A, B, C#, E, F#, G] Note being tested: F4
Chord: A7 Tones:[A, B, C#, E, F#, G] Note being tested: E4
Accepted Note: E4
Chord: A7 Tones:[A, B, C#, E, F#, G] Note being tested: D4
Chord: A7 Tones:[A, B, C#, E, F#, G] Note being tested: D#4
Chord: A7 Tones:[A, B, C#, E, F#, G] Note being tested: A4
Accepted Note: A4
Chord: A7 Tones:[A, B, C#, E, F#, G] Note being tested: C#5
Accepted Note: C#5
Chord: A7 Tones:[A, B, C#, E, F#, G] Note being tested: G4
Accepted Note: G4
Chord: A7 Tones:[A, B, C#, E, F#, G] Note being tested: A4
Accepted Note: A4
Chord: A7 Tones:[A, B, C#, E, F#, G] Note being tested: C#5
Accepted Note: C#5
Chord: A7 Tones:[A, B, C#, E, F#, G] Note being tested: F5
Chord: A7 Tones:[A, B, C#, E, F#, G] Note being tested: A5
Accepted Note: A5
Chord: A7 Tones:[A, B, C#, E, F#, G] Note being tested: G#4
Chord: A7 Tones:[A, B, C#, E, F#, G] Note being tested: D5
Chord: A7 Tones:[A, B, C#, E, F#, G] Note being tested: A#4
Chord: A7 Tones:[A, B, C#, E, F#, G] Note being tested: A4
Accepted Note: A4
Chord: A7 Tones:[A, B, C#, E, F#, G] Note being tested: C#5
Accepted Note: C#5
Chord: A7 Tones:[A, B, C#, E, F#, G] Note being tested: G#4
Chord: A7 Tones:[A, B, C#, E, F#, G] Note being tested: D5
Chord: A7 Tones:[A, B, C#, E, F#, G] Note being tested: F#4
Accepted Note: F#4
Chord: A7 Tones:[A, B, C#, E, F#, G] Note being tested: F5
Chord: A7 Tones:[A, B, C#, E, F#, G] Note being tested: G4
Accepted Note: G4
Chord: A7 Tones:[A, B, C#, E, F#, G] Note being tested: A4
Accepted Note: A4
Chord: A7 Tones:[A, B, C#, E, F#, G] Note being tested: C#5
Accepted Note: C#5
Chord: A7 Tones:[A, B, C#, E, F#, G] Note being tested: F5
Chord: A7 Tones:[A, B, C#, E, F#, G] Note being tested: A5
Accepted Note: A5
Chord: A7 Tones:[A, B, C#, E, F#, G] Note being tested: B4
Accepted Note: B4
Chord: A7 Tones:[A, B, C#, E, F#, G] Note being tested: A#4
Chord: A7 Tones:[A, B, C#, E, F#, G] Note being tested: G#4
Chord: A7 Tones:[A, B, C#, E, F#, G] Note being tested: G4
Accepted Note: G4
Chord: A7 Tones:[A, B, C#, E, F#, G] Note being tested: F#4
Accepted Note: F#4
Chord: A7 Tones:[A, B, C#, E, F#, G] Note being tested: F4
Chord: A7 Tones:[A, B, C#, E, F#, G] Note being tested: E4
Accepted Note: E4
Chord: A7 Tones:[A, B, C#, E, F#, G] Note being tested: D4
Chord: A7 Tones:[A, B, C#, E, F#, G] Note being tested: D#4
Chord: E7 Tones:[E, F#, G#, B, C#, D] Note being tested: A4
Chord: E7 Tones:[E, F#, G#, B, C#, D] Note being tested: A#4
Chord: E7 Tones:[E, F#, G#, B, C#, D] Note being tested: G4
Chord: E7 Tones:[E, F#, G#, B, C#, D] Note being tested: A4
Chord: E7 Tones:[E, F#, G#, B, C#, D] Note being tested: C#5
Accepted Note: C#5
Chord: E7 Tones:[E, F#, G#, B, C#, D] Note being tested: F5
Chord: E7 Tones:[E, F#, G#, B, C#, D] Note being tested: A5
Chord: E7 Tones:[E, F#, G#, B, C#, D] Note being tested: G4
Chord: E7 Tones:[E, F#, G#, B, C#, D] Note being tested: A4
Chord: E7 Tones:[E, F#, G#, B, C#, D] Note being tested: C#5
Accepted Note: C#5
Chord: E7 Tones:[E, F#, G#, B, C#, D] Note being tested: F5
Chord: E7 Tones:[E, F#, G#, B, C#, D] Note being tested: A5
Chord: E7 Tones:[E, F#, G#, B, C#, D] Note being tested: G4
Chord: E7 Tones:[E, F#, G#, B, C#, D] Note being tested: A4
Chord: E7 Tones:[E, F#, G#, B, C#, D] Note being tested: C#5
Accepted Note: C#5
Chord: E7 Tones:[E, F#, G#, B, C#, D] Note being tested: F5
Chord: E7 Tones:[E, F#, G#, B, C#, D] Note being tested: A5
Chord: E7 Tones:[E, F#, G#, B, C#, D] Note being tested: B4
Accepted Note: B4
Chord: E7 Tones:[E, F#, G#, B, C#, D] Note being tested: A#4
Chord: E7 Tones:[E, F#, G#, B, C#, D] Note being tested: G#4
Accepted Note: G#4
Chord: E7 Tones:[E, F#, G#, B, C#, D] Note being tested: G4
Chord: E7 Tones:[E, F#, G#, B, C#, D] Note being tested: F#4
Accepted Note: F#4
Chord: E7 Tones:[E, F#, G#, B, C#, D] Note being tested: F4
Chord: E7 Tones:[E, F#, G#, B, C#, D] Note being tested: E4
Accepted Note: E4
Chord: E7 Tones:[E, F#, G#, B, C#, D] Note being tested: D4
Accepted Note: D4
Chord: E7 Tones:[E, F#, G#, B, C#, D] Note being tested: D#4
Chord: E7 Tones:[E, F#, G#, B, C#, D] Note being tested: A#4
Chord: E7 Tones:[E, F#, G#, B, C#, D] Note being tested: E4
Accepted Note: E4
Chord: E7 Tones:[E, F#, G#, B, C#, D] Note being tested: G4
Chord: E7 Tones:[E, F#, G#, B, C#, D] Note being tested: G#4
Accepted Note: G#4
Chord: E7 Tones:[E, F#, G#, B, C#, D] Note being tested: B4
Accepted Note: B4
Chord: E7 Tones:[E, F#, G#, B, C#, D] Note being tested: D5
Accepted Note: D5
Chord: E7 Tones:[E, F#, G#, B, C#, D] Note being tested: F5
Chord: E7 Tones:[E, F#, G#, B, C#, D] Note being tested: G#5
Accepted Note: G#5
Chord: E7 Tones:[E, F#, G#, B, C#, D] Note being tested: E5
Accepted Note: E5
Chord: E7 Tones:[E, F#, G#, B, C#, D] Note being tested: G5
Chord: E7 Tones:[E, F#, G#, B, C#, D] Note being tested: C#5
Accepted Note: C#5
Chord: E7 Tones:[E, F#, G#, B, C#, D] Note being tested: F#4
Accepted Note: F#4
Chord: E7 Tones:[E, F#, G#, B, C#, D] Note being tested: D#5
Chord: E7 Tones:[E, F#, G#, B, C#, D] Note being tested: A4
Chord: E7 Tones:[E, F#, G#, B, C#, D] Note being tested: G4
Chord: E7 Tones:[E, F#, G#, B, C#, D] Note being tested: A4
Chord: E7 Tones:[E, F#, G#, B, C#, D] Note being tested: C#5
Accepted Note: C#5
Chord: E7 Tones:[E, F#, G#, B, C#, D] Note being tested: F5
Chord: E7 Tones:[E, F#, G#, B, C#, D] Note being tested: A5
Chord: E7 Tones:[E, F#, G#, B, C#, D] Note being tested: G4
Chord: E7 Tones:[E, F#, G#, B, C#, D] Note being tested: A4
Chord: E7 Tones:[E, F#, G#, B, C#, D] Note being tested: C#5
Accepted Note: C#5
Chord: E7 Tones:[E, F#, G#, B, C#, D] Note being tested: F5
Chord: E7 Tones:[E, F#, G#, B, C#, D] Note being tested: A5
Chord: E7 Tones:[E, F#, G#, B, C#, D] Note being tested: G4
Chord: E7 Tones:[E, F#, G#, B, C#, D] Note being tested: A4
Chord: E7 Tones:[E, F#, G#, B, C#, D] Note being tested: C#5
Accepted Note: C#5
Chord: E7 Tones:[E, F#, G#, B, C#, D] Note being tested: F5
Chord: E7 Tones:[E, F#, G#, B, C#, D] Note being tested: A5
Chord: E7 Tones:[E, F#, G#, B, C#, D] Note being tested: B4
Accepted Note: B4
Chord: E7 Tones:[E, F#, G#, B, C#, D] Note being tested: A#4
Chord: E7 Tones:[E, F#, G#, B, C#, D] Note being tested: G#4
Accepted Note: G#4
Chord: E7 Tones:[E, F#, G#, B, C#, D] Note being tested: G4
Chord: E7 Tones:[E, F#, G#, B, C#, D] Note being tested: F#4
Accepted Note: F#4
Chord: E7 Tones:[E, F#, G#, B, C#, D] Note being tested: F4
Chord: E7 Tones:[E, F#, G#, B, C#, D] Note being tested: E4
Accepted Note: E4
Chord: E7 Tones:[E, F#, G#, B, C#, D] Note being tested: D4
Accepted Note: D4
Chord: E7 Tones:[E, F#, G#, B, C#, D] Note being tested: D#4
Chord: E7 Tones:[E, F#, G#, B, C#, D] Note being tested: G4
Chord: E7 Tones:[E, F#, G#, B, C#, D] Note being tested: G4
Chord: E7 Tones:[E, F#, G#, B, C#, D] Note being tested: A4
Chord: E7 Tones:[E, F#, G#, B, C#, D] Note being tested: C#5
Accepted Note: C#5
Chord: E7 Tones:[E, F#, G#, B, C#, D] Note being tested: F5
Chord: E7 Tones:[E, F#, G#, B, C#, D] Note being tested: A5
Chord: E7 Tones:[E, F#, G#, B, C#, D] Note being tested: G4
Chord: E7 Tones:[E, F#, G#, B, C#, D] Note being tested: A4
Chord: E7 Tones:[E, F#, G#, B, C#, D] Note being tested: C#5
Accepted Note: C#5
Chord: E7 Tones:[E, F#, G#, B, C#, D] Note being tested: F5
Chord: E7 Tones:[E, F#, G#, B, C#, D] Note being tested: A5
Chord: E7 Tones:[E, F#, G#, B, C#, D] Note being tested: G4
Chord: E7 Tones:[E, F#, G#, B, C#, D] Note being tested: A4
Chord: E7 Tones:[E, F#, G#, B, C#, D] Note being tested: C#5
Accepted Note: C#5
Chord: E7 Tones:[E, F#, G#, B, C#, D] Note being tested: F5
Chord: E7 Tones:[E, F#, G#, B, C#, D] Note being tested: A5
Chord: E7 Tones:[E, F#, G#, B, C#, D] Note being tested: G4
Chord: E7 Tones:[E, F#, G#, B, C#, D] Note being tested: A4
Chord: E7 Tones:[E, F#, G#, B, C#, D] Note being tested: C#5
Accepted Note: C#5
Chord: E7 Tones:[E, F#, G#, B, C#, D] Note being tested: F5
Chord: E7 Tones:[E, F#, G#, B, C#, D] Note being tested: A5
Chord: E7 Tones:[E, F#, G#, B, C#, D] Note being tested: G4
Chord: E7 Tones:[E, F#, G#, B, C#, D] Note being tested: A4
Chord: E7 Tones:[E, F#, G#, B, C#, D] Note being tested: C#5
Accepted Note: C#5
Chord: E7 Tones:[E, F#, G#, B, C#, D] Note being tested: F5
Chord: E7 Tones:[E, F#, G#, B, C#, D] Note being tested: A5
Chord: E7 Tones:[E, F#, G#, B, C#, D] Note being tested: G4
Chord: E7 Tones:[E, F#, G#, B, C#, D] Note being tested: A4
Chord: E7 Tones:[E, F#, G#, B, C#, D] Note being tested: C#5
Accepted Note: C#5
Chord: E7 Tones:[E, F#, G#, B, C#, D] Note being tested: F5
Chord: E7 Tones:[E, F#, G#, B, C#, D] Note being tested: A5
Chord: E7 Tones:[E, F#, G#, B, C#, D] Note being tested: A#4
Chord: E7 Tones:[E, F#, G#, B, C#, D] Note being tested: B4
Accepted Note: B4
Chord: E7 Tones:[E, F#, G#, B, C#, D] Note being tested: A#4
Chord: E7 Tones:[E, F#, G#, B, C#, D] Note being tested: G#4
Accepted Note: G#4
Chord: E7 Tones:[E, F#, G#, B, C#, D] Note being tested: G4
Chord: E7 Tones:[E, F#, G#, B, C#, D] Note being tested: F#4
Accepted Note: F#4
Chord: E7 Tones:[E, F#, G#, B, C#, D] Note being tested: F4
Chord: E7 Tones:[E, F#, G#, B, C#, D] Note being tested: E4
Accepted Note: E4
Chord: E7 Tones:[E, F#, G#, B, C#, D] Note being tested: D4
Accepted Note: D4
Chord: E7 Tones:[E, F#, G#, B, C#, D] Note being tested: D#4
Chord: E7 Tones:[E, F#, G#, B, C#, D] Note being tested: G4
Chord: E7 Tones:[E, F#, G#, B, C#, D] Note being tested: A4
Chord: E7 Tones:[E, F#, G#, B, C#, D] Note being tested: C#5
Accepted Note: C#5
Chord: E7 Tones:[E, F#, G#, B, C#, D] Note being tested: F5
Chord: E7 Tones:[E, F#, G#, B, C#, D] Note being tested: A5
Chord: E7 Tones:[E, F#, G#, B, C#, D] Note being tested: G4
Chord: E7 Tones:[E, F#, G#, B, C#, D] Note being tested: A4
Chord: E7 Tones:[E, F#, G#, B, C#, D] Note being tested: C#5
Accepted Note: C#5
Chord: E7 Tones:[E, F#, G#, B, C#, D] Note being tested: F5
Chord: E7 Tones:[E, F#, G#, B, C#, D] Note being tested: A5
Chord: E7 Tones:[E, F#, G#, B, C#, D] Note being tested: G4
Chord: E7 Tones:[E, F#, G#, B, C#, D] Note being tested: A4
Chord: E7 Tones:[E, F#, G#, B, C#, D] Note being tested: C#5
Accepted Note: C#5
Chord: E7 Tones:[E, F#, G#, B, C#, D] Note being tested: F5
Chord: E7 Tones:[E, F#, G#, B, C#, D] Note being tested: A5
Chord: E7 Tones:[E, F#, G#, B, C#, D] Note being tested: G4
Chord: E7 Tones:[E, F#, G#, B, C#, D] Note being tested: A4
Chord: E7 Tones:[E, F#, G#, B, C#, D] Note being tested: C#5
Accepted Note: C#5
Chord: E7 Tones:[E, F#, G#, B, C#, D] Note being tested: F5
Chord: E7 Tones:[E, F#, G#, B, C#, D] Note being tested: A5
Chord: E7 Tones:[E, F#, G#, B, C#, D] Note being tested: G4
Chord: E7 Tones:[E, F#, G#, B, C#, D] Note being tested: A4
Chord: E7 Tones:[E, F#, G#, B, C#, D] Note being tested: C#5
Accepted Note: C#5
Chord: E7 Tones:[E, F#, G#, B, C#, D] Note being tested: F5
Chord: E7 Tones:[E, F#, G#, B, C#, D] Note being tested: A5
Chord: E7 Tones:[E, F#, G#, B, C#, D] Note being tested: G4
Chord: E7 Tones:[E, F#, G#, B, C#, D] Note being tested: A4
Chord: E7 Tones:[E, F#, G#, B, C#, D] Note being tested: C#5
Accepted Note: C#5
Chord: E7 Tones:[E, F#, G#, B, C#, D] Note being tested: F5
Chord: E7 Tones:[E, F#, G#, B, C#, D] Note being tested: A5
Chord: E7 Tones:[E, F#, G#, B, C#, D] Note being tested: E4
Accepted Note: E4
Chord: E7 Tones:[E, F#, G#, B, C#, D] Note being tested: G4
Chord: E7 Tones:[E, F#, G#, B, C#, D] Note being tested: G#4
Accepted Note: G#4
Chord: E7 Tones:[E, F#, G#, B, C#, D] Note being tested: B4
Accepted Note: B4
Chord: E7 Tones:[E, F#, G#, B, C#, D] Note being tested: D5
Accepted Note: D5
Chord: E7 Tones:[E, F#, G#, B, C#, D] Note being tested: F5
Chord: E7 Tones:[E, F#, G#, B, C#, D] Note being tested: G#5
Accepted Note: G#5
Chord: E7 Tones:[E, F#, G#, B, C#, D] Note being tested: E5
Accepted Note: E5
Chord: E7 Tones:[E, F#, G#, B, C#, D] Note being tested: G5
Chord: E7 Tones:[E, F#, G#, B, C#, D] Note being tested: C#5
Accepted Note: C#5
Chord: E7 Tones:[E, F#, G#, B, C#, D] Note being tested: F#4
Accepted Note: F#4
Chord: E7 Tones:[E, F#, G#, B, C#, D] Note being tested: D#5
Chord: E7 Tones:[E, F#, G#, B, C#, D] Note being tested: A4
Chord: E7 Tones:[E, F#, G#, B, C#, D] Note being tested: G4
Chord: E7 Tones:[E, F#, G#, B, C#, D] Note being tested: A4
Chord: E7 Tones:[E, F#, G#, B, C#, D] Note being tested: C#5
Accepted Note: C#5
Chord: E7 Tones:[E, F#, G#, B, C#, D] Note being tested: F5
Chord: E7 Tones:[E, F#, G#, B, C#, D] Note being tested: A5
Chord: E7 Tones:[E, F#, G#, B, C#, D] Note being tested: G4
Chord: E7 Tones:[E, F#, G#, B, C#, D] Note being tested: A4
Chord: E7 Tones:[E, F#, G#, B, C#, D] Note being tested: C#5
Accepted Note: C#5
Chord: E7 Tones:[E, F#, G#, B, C#, D] Note being tested: F5
Chord: E7 Tones:[E, F#, G#, B, C#, D] Note being tested: A5
Chord: E7 Tones:[E, F#, G#, B, C#, D] Note being tested: G4
Chord: E7 Tones:[E, F#, G#, B, C#, D] Note being tested: A4
Chord: E7 Tones:[E, F#, G#, B, C#, D] Note being tested: C#5
Accepted Note: C#5
Chord: E7 Tones:[E, F#, G#, B, C#, D] Note being tested: F5
Chord: E7 Tones:[E, F#, G#, B, C#, D] Note being tested: A5
Chord: E7 Tones:[E, F#, G#, B, C#, D] Note being tested: G4
Chord: E7 Tones:[E, F#, G#, B, C#, D] Note being tested: A#4
Chord: E7 Tones:[E, F#, G#, B, C#, D] Note being tested: G4
Chord: E7 Tones:[E, F#, G#, B, C#, D] Note being tested: A4
Chord: E7 Tones:[E, F#, G#, B, C#, D] Note being tested: C#5
Accepted Note: C#5
Chord: E7 Tones:[E, F#, G#, B, C#, D] Note being tested: F5
Chord: E7 Tones:[E, F#, G#, B, C#, D] Note being tested: A5
Chord: E7 Tones:[E, F#, G#, B, C#, D] Note being tested: G4
Chord: E7 Tones:[E, F#, G#, B, C#, D] Note being tested: A4
Chord: E7 Tones:[E, F#, G#, B, C#, D] Note being tested: C#5
Accepted Note: C#5
Chord: E7 Tones:[E, F#, G#, B, C#, D] Note being tested: F5
Chord: E7 Tones:[E, F#, G#, B, C#, D] Note being tested: A5
Chord: E7 Tones:[E, F#, G#, B, C#, D] Note being tested: G4
Chord: E7 Tones:[E, F#, G#, B, C#, D] Note being tested: A4
Chord: E7 Tones:[E, F#, G#, B, C#, D] Note being tested: C#5
Accepted Note: C#5
Chord: E7 Tones:[E, F#, G#, B, C#, D] Note being tested: F5
Chord: E7 Tones:[E, F#, G#, B, C#, D] Note being tested: A5
Chord: E7 Tones:[E, F#, G#, B, C#, D] Note being tested: B4
Accepted Note: B4
Chord: E7 Tones:[E, F#, G#, B, C#, D] Note being tested: A#4
Chord: E7 Tones:[E, F#, G#, B, C#, D] Note being tested: G#4
Accepted Note: G#4
Chord: E7 Tones:[E, F#, G#, B, C#, D] Note being tested: G4
Chord: E7 Tones:[E, F#, G#, B, C#, D] Note being tested: F#4
Accepted Note: F#4
Chord: E7 Tones:[E, F#, G#, B, C#, D] Note being tested: F4
Chord: E7 Tones:[E, F#, G#, B, C#, D] Note being tested: E4
Accepted Note: E4
Chord: E7 Tones:[E, F#, G#, B, C#, D] Note being tested: D4
Accepted Note: D4
Chord: E7 Tones:[E, F#, G#, B, C#, D] Note being tested: D#4
Chord: E7 Tones:[E, F#, G#, B, C#, D] Note being tested: G4
Chord: E7 Tones:[E, F#, G#, B, C#, D] Note being tested: A4
Chord: E7 Tones:[E, F#, G#, B, C#, D] Note being tested: C#5
Accepted Note: C#5
Chord: E7 Tones:[E, F#, G#, B, C#, D] Note being tested: F5
Chord: E7 Tones:[E, F#, G#, B, C#, D] Note being tested: A5
Chord: E7 Tones:[E, F#, G#, B, C#, D] Note being tested: G4
Chord: E7 Tones:[E, F#, G#, B, C#, D] Note being tested: A4
Chord: E7 Tones:[E, F#, G#, B, C#, D] Note being tested: C#5
Accepted Note: C#5
Chord: E7 Tones:[E, F#, G#, B, C#, D] Note being tested: F5
Chord: E7 Tones:[E, F#, G#, B, C#, D] Note being tested: A5
Chord: E7 Tones:[E, F#, G#, B, C#, D] Note being tested: G4
Chord: E7 Tones:[E, F#, G#, B, C#, D] Note being tested: A4
Chord: E7 Tones:[E, F#, G#, B, C#, D] Note being tested: C#5
Accepted Note: C#5
Chord: E7 Tones:[E, F#, G#, B, C#, D] Note being tested: F5
Chord: E7 Tones:[E, F#, G#, B, C#, D] Note being tested: A5
Chord: E7 Tones:[E, F#, G#, B, C#, D] Note being tested: A#4
Chord: E7 Tones:[E, F#, G#, B, C#, D] Note being tested: G4
Chord: E7 Tones:[E, F#, G#, B, C#, D] Note being tested: A4
Chord: E7 Tones:[E, F#, G#, B, C#, D] Note being tested: C#5
Accepted Note: C#5
Chord: E7 Tones:[E, F#, G#, B, C#, D] Note being tested: F5
Chord: E7 Tones:[E, F#, G#, B, C#, D] Note being tested: A5
Chord: E7 Tones:[E, F#, G#, B, C#, D] Note being tested: G4
Chord: E7 Tones:[E, F#, G#, B, C#, D] Note being tested: A4
Chord: E7 Tones:[E, F#, G#, B, C#, D] Note being tested: C#5
Accepted Note: C#5
Chord: E7 Tones:[E, F#, G#, B, C#, D] Note being tested: F5
Chord: E7 Tones:[E, F#, G#, B, C#, D] Note being tested: A5
Chord: E7 Tones:[E, F#, G#, B, C#, D] Note being tested: G4
Chord: E7 Tones:[E, F#, G#, B, C#, D] Note being tested: A4
Chord: E7 Tones:[E, F#, G#, B, C#, D] Note being tested: C#5
Accepted Note: C#5
Chord: E7 Tones:[E, F#, G#, B, C#, D] Note being tested: F5
Chord: E7 Tones:[E, F#, G#, B, C#, D] Note being tested: A5
Chord: E7 Tones:[E, F#, G#, B, C#, D] Note being tested: B4
Accepted Note: B4
Chord: E7 Tones:[E, F#, G#, B, C#, D] Note being tested: A#4
Chord: E7 Tones:[E, F#, G#, B, C#, D] Note being tested: G#4
Accepted Note: G#4
Chord: E7 Tones:[E, F#, G#, B, C#, D] Note being tested: G4
Chord: E7 Tones:[E, F#, G#, B, C#, D] Note being tested: F#4
Accepted Note: F#4
Chord: E7 Tones:[E, F#, G#, B, C#, D] Note being tested: F4
Chord: E7 Tones:[E, F#, G#, B, C#, D] Note being tested: E4
Accepted Note: E4
Chord: E7 Tones:[E, F#, G#, B, C#, D] Note being tested: D4
Accepted Note: D4
Chord: E7 Tones:[E, F#, G#, B, C#, D] Note being tested: D#4
Chord: E7 Tones:[E, F#, G#, B, C#, D] Note being tested: B4
Accepted Note: B4
Chord: E7 Tones:[E, F#, G#, B, C#, D] Note being tested: A#4
Chord: E7 Tones:[E, F#, G#, B, C#, D] Note being tested: G#4
Accepted Note: G#4
Chord: E7 Tones:[E, F#, G#, B, C#, D] Note being tested: G4
Chord: E7 Tones:[E, F#, G#, B, C#, D] Note being tested: F#4
Accepted Note: F#4
Chord: E7 Tones:[E, F#, G#, B, C#, D] Note being tested: F4
Chord: E7 Tones:[E, F#, G#, B, C#, D] Note being tested: E4
Accepted Note: E4
Chord: E7 Tones:[E, F#, G#, B, C#, D] Note being tested: D4
Accepted Note: D4
Chord: E7 Tones:[E, F#, G#, B, C#, D] Note being tested: D#4
Chord: E7 Tones:[E, F#, G#, B, C#, D] Note being tested: B4
Accepted Note: B4
Chord: E7 Tones:[E, F#, G#, B, C#, D] Note being tested: A#4
Chord: E7 Tones:[E, F#, G#, B, C#, D] Note being tested: G#4
Accepted Note: G#4
Chord: E7 Tones:[E, F#, G#, B, C#, D] Note being tested: G4
Chord: E7 Tones:[E, F#, G#, B, C#, D] Note being tested: F#4
Accepted Note: F#4
Chord: E7 Tones:[E, F#, G#, B, C#, D] Note being tested: F4
Chord: E7 Tones:[E, F#, G#, B, C#, D] Note being tested: E4
Accepted Note: E4
Chord: E7 Tones:[E, F#, G#, B, C#, D] Note being tested: D4
Accepted Note: D4
Chord: E7 Tones:[E, F#, G#, B, C#, D] Note being tested: D#4
Chord: E7 Tones:[E, F#, G#, B, C#, D] Note being tested: B4
Accepted Note: B4
Chord: E7 Tones:[E, F#, G#, B, C#, D] Note being tested: A#4
Chord: E7 Tones:[E, F#, G#, B, C#, D] Note being tested: G#4
Accepted Note: G#4
Chord: E7 Tones:[E, F#, G#, B, C#, D] Note being tested: G4
Chord: E7 Tones:[E, F#, G#, B, C#, D] Note being tested: F#4
Accepted Note: F#4
Chord: E7 Tones:[E, F#, G#, B, C#, D] Note being tested: F4
Chord: E7 Tones:[E, F#, G#, B, C#, D] Note being tested: E4
Accepted Note: E4
Chord: E7 Tones:[E, F#, G#, B, C#, D] Note being tested: D4
Accepted Note: D4
Chord: E7 Tones:[E, F#, G#, B, C#, D] Note being tested: D#4
Chord: E7 Tones:[E, F#, G#, B, C#, D] Note being tested: A#4
Chord: E7 Tones:[E, F#, G#, B, C#, D] Note being tested: E4
Accepted Note: E4
Chord: E7 Tones:[E, F#, G#, B, C#, D] Note being tested: G4
Chord: E7 Tones:[E, F#, G#, B, C#, D] Note being tested: G#4
Accepted Note: G#4
Chord: E7 Tones:[E, F#, G#, B, C#, D] Note being tested: B4
Accepted Note: B4
Chord: E7 Tones:[E, F#, G#, B, C#, D] Note being tested: D5
Accepted Note: D5
Chord: E7 Tones:[E, F#, G#, B, C#, D] Note being tested: F5
Chord: E7 Tones:[E, F#, G#, B, C#, D] Note being tested: G#5
Accepted Note: G#5
Chord: E7 Tones:[E, F#, G#, B, C#, D] Note being tested: E5
Accepted Note: E5
Chord: E7 Tones:[E, F#, G#, B, C#, D] Note being tested: G5
Chord: E7 Tones:[E, F#, G#, B, C#, D] Note being tested: C#5
Accepted Note: C#5
Chord: E7 Tones:[E, F#, G#, B, C#, D] Note being tested: F#4
Accepted Note: F#4
Chord: E7 Tones:[E, F#, G#, B, C#, D] Note being tested: D#5
Chord: E7 Tones:[E, F#, G#, B, C#, D] Note being tested: A4
Chord: B7 Tones:[B, C#, D#, F#, G#, A] Note being tested: G4
Chord: B7 Tones:[B, C#, D#, F#, G#, A] Note being tested: A4
Accepted Note: A4
Chord: B7 Tones:[B, C#, D#, F#, G#, A] Note being tested: C#5
Accepted Note: C#5
Chord: B7 Tones:[B, C#, D#, F#, G#, A] Note being tested: F5
Chord: B7 Tones:[B, C#, D#, F#, G#, A] Note being tested: A5
Accepted Note: A5
Chord: B7 Tones:[B, C#, D#, F#, G#, A] Note being tested: G4
Chord: B7 Tones:[B, C#, D#, F#, G#, A] Note being tested: A4
Accepted Note: A4
Chord: B7 Tones:[B, C#, D#, F#, G#, A] Note being tested: C#5
Accepted Note: C#5
Chord: B7 Tones:[B, C#, D#, F#, G#, A] Note being tested: F5
Chord: B7 Tones:[B, C#, D#, F#, G#, A] Note being tested: A5
Accepted Note: A5
Chord: B7 Tones:[B, C#, D#, F#, G#, A] Note being tested: G4
Chord: B7 Tones:[B, C#, D#, F#, G#, A] Note being tested: A4
Accepted Note: A4
Chord: B7 Tones:[B, C#, D#, F#, G#, A] Note being tested: C#5
Accepted Note: C#5
Chord: B7 Tones:[B, C#, D#, F#, G#, A] Note being tested: F5
Chord: B7 Tones:[B, C#, D#, F#, G#, A] Note being tested: A5
Accepted Note: A5
Chord: B7 Tones:[B, C#, D#, F#, G#, A] Note being tested: G4
Chord: B7 Tones:[B, C#, D#, F#, G#, A] Note being tested: B4
Accepted Note: B4
Chord: B7 Tones:[B, C#, D#, F#, G#, A] Note being tested: A#4
Chord: B7 Tones:[B, C#, D#, F#, G#, A] Note being tested: G#4
Accepted Note: G#4
Chord: B7 Tones:[B, C#, D#, F#, G#, A] Note being tested: G4
Chord: B7 Tones:[B, C#, D#, F#, G#, A] Note being tested: F#4
Accepted Note: F#4
Chord: B7 Tones:[B, C#, D#, F#, G#, A] Note being tested: F4
Chord: B7 Tones:[B, C#, D#, F#, G#, A] Note being tested: E4
Chord: B7 Tones:[B, C#, D#, F#, G#, A] Note being tested: D4
Chord: B7 Tones:[B, C#, D#, F#, G#, A] Note being tested: D#4
Accepted Note: D#4
Chord: B7 Tones:[B, C#, D#, F#, G#, A] Note being tested: G4
Chord: B7 Tones:[B, C#, D#, F#, G#, A] Note being tested: A4
Accepted Note: A4
Chord: B7 Tones:[B, C#, D#, F#, G#, A] Note being tested: C#5
Accepted Note: C#5
Chord: B7 Tones:[B, C#, D#, F#, G#, A] Note being tested: F5
Chord: B7 Tones:[B, C#, D#, F#, G#, A] Note being tested: A5
Accepted Note: A5
Chord: B7 Tones:[B, C#, D#, F#, G#, A] Note being tested: G4
Chord: B7 Tones:[B, C#, D#, F#, G#, A] Note being tested: A4
Accepted Note: A4
Chord: B7 Tones:[B, C#, D#, F#, G#, A] Note being tested: C#5
Accepted Note: C#5
Chord: B7 Tones:[B, C#, D#, F#, G#, A] Note being tested: F5
Chord: B7 Tones:[B, C#, D#, F#, G#, A] Note being tested: A5
Accepted Note: A5
Chord: B7 Tones:[B, C#, D#, F#, G#, A] Note being tested: G4
Chord: B7 Tones:[B, C#, D#, F#, G#, A] Note being tested: A4
Accepted Note: A4
Chord: B7 Tones:[B, C#, D#, F#, G#, A] Note being tested: C#5
Accepted Note: C#5
Chord: B7 Tones:[B, C#, D#, F#, G#, A] Note being tested: F5
Chord: B7 Tones:[B, C#, D#, F#, G#, A] Note being tested: A5
Accepted Note: A5
Chord: B7 Tones:[B, C#, D#, F#, G#, A] Note being tested: A#4
Chord: B7 Tones:[B, C#, D#, F#, G#, A] Note being tested: G4
Chord: B7 Tones:[B, C#, D#, F#, G#, A] Note being tested: A4
Accepted Note: A4
Chord: B7 Tones:[B, C#, D#, F#, G#, A] Note being tested: C#5
Accepted Note: C#5
Chord: B7 Tones:[B, C#, D#, F#, G#, A] Note being tested: F5
Chord: B7 Tones:[B, C#, D#, F#, G#, A] Note being tested: A5
Accepted Note: A5
Chord: B7 Tones:[B, C#, D#, F#, G#, A] Note being tested: G4
Chord: B7 Tones:[B, C#, D#, F#, G#, A] Note being tested: A4
Accepted Note: A4
Chord: B7 Tones:[B, C#, D#, F#, G#, A] Note being tested: C#5
Accepted Note: C#5
Chord: B7 Tones:[B, C#, D#, F#, G#, A] Note being tested: F5
Chord: B7 Tones:[B, C#, D#, F#, G#, A] Note being tested: A5
Accepted Note: A5
Chord: B7 Tones:[B, C#, D#, F#, G#, A] Note being tested: G4
Chord: B7 Tones:[B, C#, D#, F#, G#, A] Note being tested: A4
Accepted Note: A4
Chord: B7 Tones:[B, C#, D#, F#, G#, A] Note being tested: C#5
Accepted Note: C#5
Chord: B7 Tones:[B, C#, D#, F#, G#, A] Note being tested: F5
Chord: B7 Tones:[B, C#, D#, F#, G#, A] Note being tested: A5
Accepted Note: A5
Chord: B7 Tones:[B, C#, D#, F#, G#, A] Note being tested: B4
Accepted Note: B4
Chord: B7 Tones:[B, C#, D#, F#, G#, A] Note being tested: A#4
Chord: B7 Tones:[B, C#, D#, F#, G#, A] Note being tested: G#4
Accepted Note: G#4
Chord: B7 Tones:[B, C#, D#, F#, G#, A] Note being tested: G4
Chord: B7 Tones:[B, C#, D#, F#, G#, A] Note being tested: F#4
Accepted Note: F#4
Chord: B7 Tones:[B, C#, D#, F#, G#, A] Note being tested: F4
Chord: B7 Tones:[B, C#, D#, F#, G#, A] Note being tested: E4
Chord: B7 Tones:[B, C#, D#, F#, G#, A] Note being tested: D4
Chord: B7 Tones:[B, C#, D#, F#, G#, A] Note being tested: D#4
Accepted Note: D#4
Chord: B7 Tones:[B, C#, D#, F#, G#, A] Note being tested: G4
Chord: B7 Tones:[B, C#, D#, F#, G#, A] Note being tested: A4
Accepted Note: A4
Chord: B7 Tones:[B, C#, D#, F#, G#, A] Note being tested: C#5
Accepted Note: C#5
Chord: B7 Tones:[B, C#, D#, F#, G#, A] Note being tested: F5
Chord: B7 Tones:[B, C#, D#, F#, G#, A] Note being tested: A5
Accepted Note: A5
Chord: B7 Tones:[B, C#, D#, F#, G#, A] Note being tested: G4
Chord: B7 Tones:[B, C#, D#, F#, G#, A] Note being tested: A4
Accepted Note: A4
Chord: B7 Tones:[B, C#, D#, F#, G#, A] Note being tested: C#5
Accepted Note: C#5
Chord: B7 Tones:[B, C#, D#, F#, G#, A] Note being tested: F5
Chord: B7 Tones:[B, C#, D#, F#, G#, A] Note being tested: A5
Accepted Note: A5
Chord: B7 Tones:[B, C#, D#, F#, G#, A] Note being tested: G4
Chord: B7 Tones:[B, C#, D#, F#, G#, A] Note being tested: A4
Accepted Note: A4
Chord: B7 Tones:[B, C#, D#, F#, G#, A] Note being tested: C#5
Accepted Note: C#5
Chord: B7 Tones:[B, C#, D#, F#, G#, A] Note being tested: F5
Chord: B7 Tones:[B, C#, D#, F#, G#, A] Note being tested: A5
Accepted Note: A5
Chord: B7 Tones:[B, C#, D#, F#, G#, A] Note being tested: A#4
Chord: B7 Tones:[B, C#, D#, F#, G#, A] Note being tested: B4
Accepted Note: B4
Chord: B7 Tones:[B, C#, D#, F#, G#, A] Note being tested: A#4
Chord: B7 Tones:[B, C#, D#, F#, G#, A] Note being tested: G#4
Accepted Note: G#4
Chord: B7 Tones:[B, C#, D#, F#, G#, A] Note being tested: G4
Chord: B7 Tones:[B, C#, D#, F#, G#, A] Note being tested: F#4
Accepted Note: F#4
Chord: B7 Tones:[B, C#, D#, F#, G#, A] Note being tested: F4
Chord: B7 Tones:[B, C#, D#, F#, G#, A] Note being tested: E4
Chord: B7 Tones:[B, C#, D#, F#, G#, A] Note being tested: D4
Chord: B7 Tones:[B, C#, D#, F#, G#, A] Note being tested: D#4
Accepted Note: D#4
20811 ms. Memory: 1187328K Free: 460520K (39%)
Exported /home/travis/build/icyphy/ptII/org/ptolemy/machineImprovisation/demo/JazzImprovisation/JazzImprovisation/index.html
26704 ms. Memory: 1193472K Free: 827548K (69%)
####### 22 Thu May 31 20:40:16 UTC 2018 $PTII/bin/ptinvoke ptolemy.vergil.basic.export.ExportModel -force htm -run -openComposites -timeOut 30000 -whiteBackground org/ptolemy/machineLearning/clustering/demo/KMeans/KMeans.xml $PTII/org/ptolemy/machineLearning/clustering/demo/KMeans/KMeans
Running .KMeans
K-Means Converged in 3 iterations.
148 ms. Memory: 1193472K Free: 626538K (52%)
Exported /home/travis/build/icyphy/ptII/org/ptolemy/machineLearning/clustering/demo/KMeans/KMeans/index.html
4750 ms. Memory: 1193472K Free: 459274K (38%)
####### 23 Thu May 31 20:40:21 UTC 2018 $PTII/bin/ptinvoke ptolemy.vergil.basic.export.ExportModel -force htm -run -openComposites -timeOut 30000 -whiteBackground org/ptolemy/machineLearning/hmm/demo/CommunicationAnomalyDetectionAOM/CommunicationAnomalyDetectionAOM.xml $PTII/org/ptolemy/machineLearning/hmm/demo/CommunicationAnomalyDetectionAOM/CommunicationAnomalyDetectionAOM
Running .CommunicationAnomalyDetectionAOM
28.034799769647726
188.3974519774444
252.94181496225562
323.22902007092557
345.7395881631744
348.69557970741016
345.8763394728038
337.16795196403024
334.0032638299458
332.4831729218029
=======
25.786122981763004
168.54245495789684
216.24393483496414
279.8830507690563
324.7374172751062
356.2744662565615
385.38568855206876
387.0962409578303
388.7936268780339
389.2530441328124
=======
11.232114979482747
132.12471751291244
129.28452365267142
134.30627405721617
137.07684913024542
145.14109790470303
151.9628781242981
158.4326983659544
164.3276745914447
170.36427090231018
=======
18.046652828978413
148.6137638660029
148.46784382000297
148.03616509852776
146.07790930989418
143.9874831618981
141.54644218243104
138.41766044145407
134.3658114696189
129.21672482793707
=======
4.495632376930687
153.95346412044282
187.85522302415163
186.30150898611166
188.3401122122382
190.95655328707198
193.69426490225797
195.71792502293812
197.42854236814185
199.33668366842295
=======
ExportHTMLTimer went off after 30000 ms., calling getDirector().finish and getDirector().stopFire()
30009 ms. Memory: 1785856K Free: 586845K (33%)
Exported /home/travis/build/icyphy/ptII/org/ptolemy/machineLearning/hmm/demo/CommunicationAnomalyDetectionAOM/CommunicationAnomalyDetectionAOM/index.html
38835 ms. Memory: 1787392K Free: 1035231K (58%)
####### 24 Thu May 31 20:41:00 UTC 2018 $PTII/bin/ptinvoke ptolemy.vergil.basic.export.ExportModel -force htm -run -openComposites -timeOut 30000 -whiteBackground org/ptolemy/machineLearning/hmm/demo/CommunicationAnomalyDetectionCQM/CommunicationAnomalyDetectionCQM.xml $PTII/org/ptolemy/machineLearning/hmm/demo/CommunicationAnomalyDetectionCQM/CommunicationAnomalyDetectionCQM
Running .CommunicationAnomalyDetectionCQM
66.93579996959448
300.57475242329025
366.10277056325356
370.7722321497475
375.2974264071453
=======
3.3396911425908433
140.1210344481732
=======
10865 ms. Memory: 1799168K Free: 1132258K (63%)
Exported /home/travis/build/icyphy/ptII/org/ptolemy/machineLearning/hmm/demo/CommunicationAnomalyDetectionCQM/CommunicationAnomalyDetectionCQM/index.html
17025 ms. Memory: 1799168K Free: 316959K (18%)
####### 25 Thu May 31 20:41:17 UTC 2018 $PTII/bin/ptinvoke ptolemy.vergil.basic.export.ExportModel -force htm -run -openComposites -timeOut 30000 -whiteBackground org/ptolemy/machineLearning/particleFilter/demo/MultiRobotIntruderTracking/MultiRobotIntruderTracking.xml $PTII/org/ptolemy/machineLearning/particleFilter/demo/MultiRobotIntruderTracking/MultiRobotIntruderTracking
Running .MultiRobotIntruderTracking
ExportHTMLTimer went off after 30000 ms., calling getDirector().finish and getDirector().stopFire()
30149 ms. Memory: 1779712K Free: 1440122K (81%)
Exported /home/travis/build/icyphy/ptII/org/ptolemy/machineLearning/particleFilter/demo/MultiRobotIntruderTracking/MultiRobotIntruderTracking/index.html
40041 ms. Memory: 1779712K Free: 338087K (19%)
####### 26 Thu May 31 20:41:57 UTC 2018 $PTII/bin/ptinvoke ptolemy.vergil.basic.export.ExportModel -force htm -run -openComposites -timeOut 30000 -whiteBackground org/ptolemy/machineLearning/particleFilter/demo/OnlineTrajectoryOptimization/DistributedOnlineTrajectoryOptimization.xml $PTII/org/ptolemy/machineLearning/particleFilter/demo/OnlineTrajectoryOptimization/DistributedOnlineTrajectoryOptimization
Running .DistributedOnlineTrajectoryOptimization
ExportHTMLTimer went off after 30000 ms., calling getDirector().finish and getDirector().stopFire()
33256 ms. Memory: 1805824K Free: 1281368K (71%)
Exported /home/travis/build/icyphy/ptII/org/ptolemy/machineLearning/particleFilter/demo/OnlineTrajectoryOptimization/DistributedOnlineTrajectoryOptimization/index.html
43351 ms. Memory: 1805824K Free: 221811K (12%)
####### 27 Thu May 31 20:42:40 UTC 2018 $PTII/bin/ptinvoke ptolemy.vergil.basic.export.ExportModel -force htm -run -openComposites -timeOut 30000 -whiteBackground org/ptolemy/machineLearning/particleFilter/demo/OnlineTrajectoryOptimization/OnlineTrajectoryOptimization.xml $PTII/org/ptolemy/machineLearning/particleFilter/demo/OnlineTrajectoryOptimization/OnlineTrajectoryOptimization
Running .OnlineTrajectoryOptimization
ExportHTMLTimer went off after 30000 ms., calling getDirector().finish and getDirector().stopFire()
30234 ms. Memory: 1816064K Free: 627334K (35%)
Exported /home/travis/build/icyphy/ptII/org/ptolemy/machineLearning/particleFilter/demo/OnlineTrajectoryOptimization/OnlineTrajectoryOptimization/index.html
38256 ms. Memory: 1815552K Free: 979374K (54%)
####### 28 Thu May 31 20:43:18 UTC 2018 $PTII/bin/ptinvoke ptolemy.vergil.basic.export.ExportModel -force htm -run -openComposites -timeOut 30000 -whiteBackground org/ptolemy/machineLearning/particleFilter/demo/OpenLoopSingleRobotTargetLocalization/OpenLoopSingleRobotTargetLocalization.xml $PTII/org/ptolemy/machineLearning/particleFilter/demo/OpenLoopSingleRobotTargetLocalization/OpenLoopSingleRobotTargetLocalization
Running .OpenLoopSingleRobotTargetLocalization
8090 ms. Memory: 1826304K Free: 1373949K (75%)
Exported /home/travis/build/icyphy/ptII/org/ptolemy/machineLearning/particleFilter/demo/OpenLoopSingleRobotTargetLocalization/OpenLoopSingleRobotTargetLocalization/index.html
12433 ms. Memory: 1826304K Free: 1152148K (63%)
####### 29 Thu May 31 20:43:31 UTC 2018 $PTII/bin/ptinvoke ptolemy.vergil.basic.export.ExportModel -force htm -run -openComposites -timeOut 30000 -whiteBackground org/ptolemy/machineLearning/particleFilter/demo/OpenLoopTwoRobotTargetLocalization/JointParticleFilter.xml $PTII/org/ptolemy/machineLearning/particleFilter/demo/OpenLoopTwoRobotTargetLocalization/JointParticleFilter
Running .JointParticleFilter
2665 ms. Memory: 1828352K Free: 1672896K (91%)
Exported /home/travis/build/icyphy/ptII/org/ptolemy/machineLearning/particleFilter/demo/OpenLoopTwoRobotTargetLocalization/JointParticleFilter/index.html
8169 ms. Memory: 1828352K Free: 1060144K (58%)
####### 30 Thu May 31 20:43:39 UTC 2018 $PTII/bin/ptinvoke ptolemy.vergil.basic.export.ExportModel -force htm -run -openComposites -timeOut 30000 -whiteBackground org/ptolemy/machineLearning/particleFilter/demo/OpenLoopTwoRobotTargetLocalization/OpenLoopTwoRobotTargetLocalization.xml $PTII/org/ptolemy/machineLearning/particleFilter/demo/OpenLoopTwoRobotTargetLocalization/OpenLoopTwoRobotTargetLocalization
Running .OpenLoopTwoRobotTargetLocalization
ExportHTMLTimer went off after 30000 ms., calling getDirector().finish and getDirector().stopFire()
30100 ms. Memory: 1836032K Free: 117810K (6%)
Exported /home/travis/build/icyphy/ptII/org/ptolemy/machineLearning/particleFilter/demo/OpenLoopTwoRobotTargetLocalization/OpenLoopTwoRobotTargetLocalization/index.html
35236 ms. Memory: 1788928K Free: 1140286K (64%)
####### 31 Thu May 31 20:44:14 UTC 2018 $PTII/bin/ptinvoke ptolemy.vergil.basic.export.ExportModel -force htm -run -openComposites -timeOut 30000 -whiteBackground org/ptolemy/machineLearning/particleFilter/demo/ParticleFilterRange/ParticleFilterRange.xml $PTII/org/ptolemy/machineLearning/particleFilter/demo/ParticleFilterRange/ParticleFilterRange
Running .ParticleFilterRange
10129 ms. Memory: 1788928K Free: 271880K (15%)
Exported /home/travis/build/icyphy/ptII/org/ptolemy/machineLearning/particleFilter/demo/ParticleFilterRange/ParticleFilterRange/index.html
14642 ms. Memory: 1835008K Free: 1605331K (87%)
####### 32 Thu May 31 20:44:29 UTC 2018 $PTII/bin/ptinvoke ptolemy.vergil.basic.export.ExportModel -force htm -run -openComposites -timeOut 30000 -whiteBackground org/ptolemy/optimization/demo/LeastSquaresNodeLocalization/LeastSquaresNodeLocalization.xml $PTII/org/ptolemy/optimization/demo/LeastSquaresNodeLocalization/LeastSquaresNodeLocalization
Running .LeastSquaresNodeLocalization
424 ms. Memory: 1835008K Free: 1212770K (66%)
Exported /home/travis/build/icyphy/ptII/org/ptolemy/optimization/demo/LeastSquaresNodeLocalization/LeastSquaresNodeLocalization/index.html
4958 ms. Memory: 1835008K Free: 1044674K (57%)
####### 33 Thu May 31 20:44:34 UTC 2018 $PTII/bin/ptinvoke ptolemy.vergil.basic.export.ExportModel -force htm -run -openComposites -timeOut 30000 -whiteBackground org/ptolemy/optimization/demo/LinearRegression/LinearRegression.xml $PTII/org/ptolemy/optimization/demo/LinearRegression/LinearRegression
Running .LinearRegression
1670 ms. Memory: 1835008K Free: 526996K (29%)
Exported /home/travis/build/icyphy/ptII/org/ptolemy/optimization/demo/LinearRegression/LinearRegression/index.html
6277 ms. Memory: 1835008K Free: 245596K (13%)
####### 34 Thu May 31 20:44:40 UTC 2018 $PTII/bin/ptinvoke ptolemy.vergil.basic.export.ExportModel -force htm -run -openComposites -timeOut 30000 -whiteBackground org/ptolemy/optimization/demo/SimpleOptimization/SimpleOptimization.xml $PTII/org/ptolemy/optimization/demo/SimpleOptimization/SimpleOptimization
Running .SimpleOptimization
61 ms. Memory: 1835520K Free: 1691519K (92%)
Exported /home/travis/build/icyphy/ptII/org/ptolemy/optimization/demo/SimpleOptimization/SimpleOptimization/index.html
4257 ms. Memory: 1835520K Free: 1631626K (89%)
####### 35 Thu May 31 20:44:44 UTC 2018 $PTII/bin/ptinvoke ptolemy.vergil.basic.export.ExportModel -force htm -run -openComposites -timeOut 30000 -whiteBackground org/ptolemy/osc/demo/OscSendReceive/OscSendReceive.xml $PTII/org/ptolemy/osc/demo/OscSendReceive/OscSendReceive
Running .OscSendReceive
OscP5 0.9.9 infos, comments, questions at http://www.sojamo.de/oscP5


### [2018/5/31 20:44:45] PROCESS @ OscP5 stopped.
### [2018/5/31 20:44:45] PROCESS @ UdpClient.openSocket udp socket initialized.
### [2018/5/31 20:44:46] PROCESS @ UdpServer.start() new Unicast DatagramSocket created @ port 2224
### [2018/5/31 20:44:46] PROCESS @ UdpServer.run() UdpServer is running @ 2224
### [2018/5/31 20:44:46] INFO @ OscP5 is running. you (127.0.1.1) are listening @ port 2224
OscP5 0.9.9 infos, comments, questions at http://www.sojamo.de/oscP5


### [2018/5/31 20:44:46] PROCESS @ OscP5 stopped.
### [2018/5/31 20:44:46] PROCESS @ UdpClient.openSocket udp socket initialized.
### [2018/5/31 20:44:47] PROCESS @ UdpServer.start() new Unicast DatagramSocket created @ port 2225
### [2018/5/31 20:44:47] INFO @ OscP5 is running. you (127.0.1.1) are listening @ port 2225
### [2018/5/31 20:44:47] PROCESS @ UdpServer.run() UdpServer is running @ 2225
OscP5 0.9.9 infos, comments, questions at http://www.sojamo.de/oscP5


### [2018/5/31 20:44:47] PROCESS @ OscP5 stopped.
### [2018/5/31 20:44:47] PROCESS @ UdpClient.openSocket udp socket initialized.
### [2018/5/31 20:44:48] PROCESS @ UdpServer.start() new Unicast DatagramSocket created @ port 2227
### [2018/5/31 20:44:48] PROCESS @ UdpServer.run() UdpServer is running @ 2227
### [2018/5/31 20:44:48] INFO @ OscP5 is running. you (127.0.1.1) are listening @ port 2227
### [2018/5/31 20:44:59] PROCESS @ OscP5 stopped.
### [2018/5/31 20:44:59] PROCESS @ UdpServer.run()  socket closed.
### [2018/5/31 20:44:59] PROCESS @ UdpServer.run()  socket closed.
### [2018/5/31 20:44:59] PROCESS @ OscP5 stopped.
### [2018/5/31 20:44:59] PROCESS @ OscP5 stopped.
### [2018/5/31 20:44:59] PROCESS @ UdpServer.run()  socket closed.
14035 ms. Memory: 1835520K Free: 1498121K (82%)
Exported /home/travis/build/icyphy/ptII/org/ptolemy/osc/demo/OscSendReceive/OscSendReceive/index.html
18241 ms. Memory: 1835520K Free: 1456207K (79%)
####### 36 Thu May 31 20:45:02 UTC 2018 $PTII/bin/ptinvoke ptolemy.vergil.basic.export.ExportModel -force htm  -openComposites -timeOut 30000 -whiteBackground org/ptolemy/ptango/demo/BlinkyLight/BlinkyLight.xml $PTII/org/ptolemy/ptango/demo/BlinkyLight/BlinkyLight
Warning: not running org/ptolemy/ptango/demo/BlinkyLight/BlinkyLight.xml. See ptolemy/vergil/basic/export/test/junit/ExportModelJUnitTest.java
Exported /home/travis/build/icyphy/ptII/org/ptolemy/ptango/demo/BlinkyLight/BlinkyLight/index.html
4086 ms. Memory: 1835520K Free: 644510K (35%)
####### 37 Thu May 31 20:45:07 UTC 2018 $PTII/bin/ptinvoke ptolemy.vergil.basic.export.ExportModel -force htm  -openComposites -timeOut 30000 -whiteBackground org/ptolemy/ptango/demo/Chat/Chat.xml $PTII/org/ptolemy/ptango/demo/Chat/Chat
Warning: not running org/ptolemy/ptango/demo/Chat/Chat.xml. See ptolemy/vergil/basic/export/test/junit/ExportModelJUnitTest.java
Exported /home/travis/build/icyphy/ptII/org/ptolemy/ptango/demo/Chat/Chat/index.html
3134 ms. Memory: 1835520K Free: 522963K (28%)
####### 38 Thu May 31 20:45:10 UTC 2018 $PTII/bin/ptinvoke ptolemy.vergil.basic.export.ExportModel -force htm  -openComposites -timeOut 30000 -whiteBackground org/ptolemy/ptango/demo/Chat/ChatClient.xml $PTII/org/ptolemy/ptango/demo/Chat/ChatClient
Warning: not running org/ptolemy/ptango/demo/Chat/ChatClient.xml. See ptolemy/vergil/basic/export/test/junit/ExportModelJUnitTest.java
Exported /home/travis/build/icyphy/ptII/org/ptolemy/ptango/demo/Chat/ChatClient/index.html
3204 ms. Memory: 1835520K Free: 340922K (19%)
####### 39 Thu May 31 20:45:13 UTC 2018 $PTII/bin/ptinvoke ptolemy.vergil.basic.export.ExportModel -force htm  -openComposites -timeOut 30000 -whiteBackground org/ptolemy/ptango/demo/Chat/ChatClient2.xml $PTII/org/ptolemy/ptango/demo/Chat/ChatClient2
Warning: not running org/ptolemy/ptango/demo/Chat/ChatClient2.xml. See ptolemy/vergil/basic/export/test/junit/ExportModelJUnitTest.java
Exported /home/travis/build/icyphy/ptII/org/ptolemy/ptango/demo/Chat/ChatClient2/index.html
3208 ms. Memory: 1835520K Free: 158862K (9%)
####### 40 Thu May 31 20:45:16 UTC 2018 $PTII/bin/ptinvoke ptolemy.vergil.basic.export.ExportModel -force htm  -openComposites -timeOut 30000 -whiteBackground org/ptolemy/ptango/demo/Chat/ChatServer.xml $PTII/org/ptolemy/ptango/demo/Chat/ChatServer
Warning: not running org/ptolemy/ptango/demo/Chat/ChatServer.xml. See ptolemy/vergil/basic/export/test/junit/ExportModelJUnitTest.java
Exported /home/travis/build/icyphy/ptII/org/ptolemy/ptango/demo/Chat/ChatServer/index.html
3358 ms. Memory: 1831936K Free: 1386626K (76%)
####### 41 Thu May 31 20:45:19 UTC 2018 $PTII/bin/ptinvoke ptolemy.vergil.basic.export.ExportModel -force htm  -openComposites -timeOut 30000 -whiteBackground org/ptolemy/ptango/demo/Cookies/Cookies.xml $PTII/org/ptolemy/ptango/demo/Cookies/Cookies
Warning: not running org/ptolemy/ptango/demo/Cookies/Cookies.xml. See ptolemy/vergil/basic/export/test/junit/ExportModelJUnitTest.java
Exported /home/travis/build/icyphy/ptII/org/ptolemy/ptango/demo/Cookies/Cookies/index.html
3241 ms. Memory: 1831936K Free: 1103577K (60%)
####### 42 Thu May 31 20:45:23 UTC 2018 $PTII/bin/ptinvoke ptolemy.vergil.basic.export.ExportModel -force htm  -openComposites -timeOut 30000 -whiteBackground org/ptolemy/ptango/demo/DOPpresence/DOPpresence.xml $PTII/org/ptolemy/ptango/demo/DOPpresence/DOPpresence
Warning: not running org/ptolemy/ptango/demo/DOPpresence/DOPpresence.xml. See ptolemy/vergil/basic/export/test/junit/ExportModelJUnitTest.java
Exported /home/travis/build/icyphy/ptII/org/ptolemy/ptango/demo/DOPpresence/DOPpresence/index.html
4839 ms. Memory: 1831936K Free: 158520K (9%)
####### 43 Thu May 31 20:45:28 UTC 2018 $PTII/bin/ptinvoke ptolemy.vergil.basic.export.ExportModel -force htm  -openComposites -timeOut 30000 -whiteBackground org/ptolemy/ptango/demo/EPlus70Actuator/EPlus70Actuator.xml $PTII/org/ptolemy/ptango/demo/EPlus70Actuator/EPlus70Actuator
Warning: not running org/ptolemy/ptango/demo/EPlus70Actuator/EPlus70Actuator.xml. See ptolemy/vergil/basic/export/test/junit/ExportModelJUnitTest.java
Exported /home/travis/build/icyphy/ptII/org/ptolemy/ptango/demo/EPlus70Actuator/EPlus70Actuator/index.html
4496 ms. Memory: 1833984K Free: 830525K (45%)
####### 44 Thu May 31 20:45:32 UTC 2018 $PTII/bin/ptinvoke ptolemy.vergil.basic.export.ExportModel -force htm  -openComposites -timeOut 30000 -whiteBackground org/ptolemy/ptango/demo/ErrorHandler/ErrorHandler.xml $PTII/org/ptolemy/ptango/demo/ErrorHandler/ErrorHandler
Warning: not running org/ptolemy/ptango/demo/ErrorHandler/ErrorHandler.xml. See ptolemy/vergil/basic/export/test/junit/ExportModelJUnitTest.java
Exported /home/travis/build/icyphy/ptII/org/ptolemy/ptango/demo/ErrorHandler/ErrorHandler/index.html
3436 ms. Memory: 1833984K Free: 421985K (23%)
####### 45 Thu May 31 20:45:35 UTC 2018 $PTII/bin/ptinvoke ptolemy.vergil.basic.export.ExportModel -force htm  -openComposites -timeOut 30000 -whiteBackground org/ptolemy/ptango/demo/Exception/Exception.xml $PTII/org/ptolemy/ptango/demo/Exception/Exception
Warning: not running org/ptolemy/ptango/demo/Exception/Exception.xml. See ptolemy/vergil/basic/export/test/junit/ExportModelJUnitTest.java
Exported /home/travis/build/icyphy/ptII/org/ptolemy/ptango/demo/Exception/Exception/index.html
6717 ms. Memory: 1833984K Free: 121369K (7%)
####### 46 Thu May 31 20:45:42 UTC 2018 $PTII/bin/ptinvoke ptolemy.vergil.basic.export.ExportModel -force htm  -openComposites -timeOut 30000 -whiteBackground org/ptolemy/ptango/demo/Guidance/Guidance.xml $PTII/org/ptolemy/ptango/demo/Guidance/Guidance
Warning: not running org/ptolemy/ptango/demo/Guidance/Guidance.xml. See ptolemy/vergil/basic/export/test/junit/ExportModelJUnitTest.java
Exported /home/travis/build/icyphy/ptII/org/ptolemy/ptango/demo/Guidance/Guidance/index.html
3922 ms. Memory: 1837056K Free: 1095141K (60%)
####### 47 Thu May 31 20:45:46 UTC 2018 $PTII/bin/ptinvoke ptolemy.vergil.basic.export.ExportModel -force htm  -openComposites -timeOut 30000 -whiteBackground org/ptolemy/ptango/demo/Guidance/GuidanceSingleUserWithName.xml $PTII/org/ptolemy/ptango/demo/Guidance/GuidanceSingleUserWithName
Warning: not running org/ptolemy/ptango/demo/Guidance/GuidanceSingleUserWithName.xml. See ptolemy/vergil/basic/export/test/junit/ExportModelJUnitTest.java
Exported /home/travis/build/icyphy/ptII/org/ptolemy/ptango/demo/Guidance/GuidanceSingleUserWithName/index.html
3329 ms. Memory: 1837056K Free: 822881K (45%)
####### 48 Thu May 31 20:45:49 UTC 2018 $PTII/bin/ptinvoke ptolemy.vergil.basic.export.ExportModel -force htm  -openComposites -timeOut 30000 -whiteBackground org/ptolemy/ptango/demo/OccupancyAlert/OccupancyAlert.xml $PTII/org/ptolemy/ptango/demo/OccupancyAlert/OccupancyAlert
Warning: not running org/ptolemy/ptango/demo/OccupancyAlert/OccupancyAlert.xml. See ptolemy/vergil/basic/export/test/junit/ExportModelJUnitTest.java
Exported /home/travis/build/icyphy/ptII/org/ptolemy/ptango/demo/OccupancyAlert/OccupancyAlert/index.html
3789 ms. Memory: 1837056K Free: 1567460K (85%)
####### 49 Thu May 31 20:45:53 UTC 2018 $PTII/bin/ptinvoke ptolemy.vergil.basic.export.ExportModel -force htm  -openComposites -timeOut 30000 -whiteBackground org/ptolemy/ptango/demo/OptimizationAdvisor/OptimizationAdvisor.xml $PTII/org/ptolemy/ptango/demo/OptimizationAdvisor/OptimizationAdvisor
Warning: not running org/ptolemy/ptango/demo/OptimizationAdvisor/OptimizationAdvisor.xml. See ptolemy/vergil/basic/export/test/junit/ExportModelJUnitTest.java
Exported /home/travis/build/icyphy/ptII/org/ptolemy/ptango/demo/OptimizationAdvisor/OptimizationAdvisor/index.html
15341 ms. Memory: 1907712K Free: 1460090K (77%)
####### 50 Thu May 31 20:46:09 UTC 2018 $PTII/bin/ptinvoke ptolemy.vergil.basic.export.ExportModel -force htm  -openComposites -timeOut 30000 -whiteBackground org/ptolemy/ptango/demo/SensorAndrew/SensorAndrew.xml $PTII/org/ptolemy/ptango/demo/SensorAndrew/SensorAndrew
Warning: not running org/ptolemy/ptango/demo/SensorAndrew/SensorAndrew.xml. See ptolemy/vergil/basic/export/test/junit/ExportModelJUnitTest.java
Exported /home/travis/build/icyphy/ptII/org/ptolemy/ptango/demo/SensorAndrew/SensorAndrew/index.html
3843 ms. Memory: 1907712K Free: 397497K (21%)
####### 51 Thu May 31 20:46:12 UTC 2018 $PTII/bin/ptinvoke ptolemy.vergil.basic.export.ExportModel -force htm  -openComposites -timeOut 30000 -whiteBackground org/ptolemy/ptango/demo/SmartRoom/SmartRoom.xml $PTII/org/ptolemy/ptango/demo/SmartRoom/SmartRoom
Warning: not running org/ptolemy/ptango/demo/SmartRoom/SmartRoom.xml. See ptolemy/vergil/basic/export/test/junit/ExportModelJUnitTest.java
Exported /home/travis/build/icyphy/ptII/org/ptolemy/ptango/demo/SmartRoom/SmartRoom/index.html
4044 ms. Memory: 1909760K Free: 1145336K (60%)
####### 52 Thu May 31 20:46:16 UTC 2018 $PTII/bin/ptinvoke ptolemy.vergil.basic.export.ExportModel -force htm  -openComposites -timeOut 30000 -whiteBackground org/ptolemy/ptango/demo/TemperatureSimulation/TemperatureSimulation.xml $PTII/org/ptolemy/ptango/demo/TemperatureSimulation/TemperatureSimulation
Warning: not running org/ptolemy/ptango/demo/TemperatureSimulation/TemperatureSimulation.xml. See ptolemy/vergil/basic/export/test/junit/ExportModelJUnitTest.java
Exported /home/travis/build/icyphy/ptII/org/ptolemy/ptango/demo/TemperatureSimulation/TemperatureSimulation/index.html
4065 ms. Memory: 1909760K Free: 200037K (10%)
####### 53 Thu May 31 20:46:21 UTC 2018 $PTII/bin/ptinvoke ptolemy.vergil.basic.export.ExportModel -force htm  -openComposites -timeOut 30000 -whiteBackground org/ptolemy/ptango/demo/UCBPower/UCBPower.xml $PTII/org/ptolemy/ptango/demo/UCBPower/UCBPower
Warning: not running org/ptolemy/ptango/demo/UCBPower/UCBPower.xml. See ptolemy/vergil/basic/export/test/junit/ExportModelJUnitTest.java
Exported /home/travis/build/icyphy/ptII/org/ptolemy/ptango/demo/UCBPower/UCBPower/index.html
3607 ms. Memory: 1912320K Free: 1302121K (68%)
####### 54 Thu May 31 20:46:24 UTC 2018 $PTII/bin/ptinvoke ptolemy.vergil.basic.export.ExportModel -force htm  -openComposites -timeOut 30000 -whiteBackground org/ptolemy/ptango/demo/UCBPower/UCBPowerAnalyzerServer.xml $PTII/org/ptolemy/ptango/demo/UCBPower/UCBPowerAnalyzerServer
Warning: not running org/ptolemy/ptango/demo/UCBPower/UCBPowerAnalyzerServer.xml. See ptolemy/vergil/basic/export/test/junit/ExportModelJUnitTest.java
Exported /home/travis/build/icyphy/ptII/org/ptolemy/ptango/demo/UCBPower/UCBPowerAnalyzerServer/index.html
3475 ms. Memory: 1912320K Free: 938364K (49%)
####### 55 Thu May 31 20:46:28 UTC 2018 $PTII/bin/ptinvoke ptolemy.vergil.basic.export.ExportModel -force htm  -openComposites -timeOut 30000 -whiteBackground org/ptolemy/ptango/demo/UCBPowerPtera/UCBPowerPtera.xml $PTII/org/ptolemy/ptango/demo/UCBPowerPtera/UCBPowerPtera
Warning: not running org/ptolemy/ptango/demo/UCBPowerPtera/UCBPowerPtera.xml. See ptolemy/vergil/basic/export/test/junit/ExportModelJUnitTest.java
Exported /home/travis/build/icyphy/ptII/org/ptolemy/ptango/demo/UCBPowerPtera/UCBPowerPtera/index.html
5938 ms. Memory: 1894400K Free: 276693K (15%)
####### 56 Thu May 31 20:46:34 UTC 2018 $PTII/bin/ptinvoke ptolemy.vergil.basic.export.ExportModel -force htm  -openComposites -timeOut 30000 -whiteBackground org/ptolemy/ptango/demo/WebServerDE/WebServerDE.xml $PTII/org/ptolemy/ptango/demo/WebServerDE/WebServerDE
Warning: not running org/ptolemy/ptango/demo/WebServerDE/WebServerDE.xml. See ptolemy/vergil/basic/export/test/junit/ExportModelJUnitTest.java
Exported /home/travis/build/icyphy/ptII/org/ptolemy/ptango/demo/WebServerDE/WebServerDE/index.html
6852 ms. Memory: 1888256K Free: 1238494K (66%)
####### 57 Thu May 31 20:46:40 UTC 2018 $PTII/bin/ptinvoke ptolemy.vergil.basic.export.ExportModel -force htm -run -openComposites -timeOut 30000 -whiteBackground org/ptolemy/qss/demo/RLC/RLC.xml $PTII/org/ptolemy/qss/demo/RLC/RLC
Running .RLC
76 ms. Memory: 1888256K Free: 1111272K (59%)
Exported /home/travis/build/icyphy/ptII/org/ptolemy/qss/demo/RLC/RLC/index.html
4388 ms. Memory: 1888256K Free: 963259K (51%)
####### 58 Thu May 31 20:46:45 UTC 2018 $PTII/bin/ptinvoke ptolemy.vergil.basic.export.ExportModel -force htm -run -openComposites -timeOut 30000 -whiteBackground org/ptolemy/ssm/demo/RangeLocalizationOnMap/RangeLocalizationOnMap.xml $PTII/org/ptolemy/ssm/demo/RangeLocalizationOnMap/RangeLocalizationOnMap
Running .RangeLocalizationOnMap
ExportHTMLTimer went off after 30000 ms., calling getDirector().finish and getDirector().stopFire()
30039 ms. Memory: 1935360K Free: 896122K (46%)
Exported /home/travis/build/icyphy/ptII/org/ptolemy/ssm/demo/RangeLocalizationOnMap/RangeLocalizationOnMap/index.html
36594 ms. Memory: 1935360K Free: 608825K (31%)
####### 59 Thu May 31 20:47:21 UTC 2018 $PTII/bin/ptinvoke ptolemy.vergil.basic.export.ExportModel -force htm -run -openComposites -timeOut 30000 -whiteBackground org/ptolemy/ssm/demo/SingleRobotTargetLocalization/SingleRobotTargetLocalization.xml $PTII/org/ptolemy/ssm/demo/SingleRobotTargetLocalization/SingleRobotTargetLocalization
Running .SingleRobotTargetLocalization
6408 ms. Memory: 1909760K Free: 1428577K (75%)
Exported /home/travis/build/icyphy/ptII/org/ptolemy/ssm/demo/SingleRobotTargetLocalization/SingleRobotTargetLocalization/index.html
10917 ms. Memory: 1909760K Free: 1119170K (59%)
####### 60 Thu May 31 20:47:32 UTC 2018 $PTII/bin/ptinvoke ptolemy.vergil.basic.export.ExportModel -force htm -run -openComposites -timeOut 30000 -whiteBackground org/ptolemy/ssm/demo/StatePrediction/StatePrediction.xml $PTII/org/ptolemy/ssm/demo/StatePrediction/StatePrediction
Running .StatePrediction
6390 ms. Memory: 1945600K Free: 449468K (23%)
Exported /home/travis/build/icyphy/ptII/org/ptolemy/ssm/demo/StatePrediction/StatePrediction/index.html
11182 ms. Memory: 1914880K Free: 1523330K (80%)
####### 61 Thu May 31 20:47:44 UTC 2018 $PTII/bin/ptinvoke ptolemy.vergil.basic.export.ExportModel -force htm  -openComposites -timeOut 30000 -whiteBackground org/terraswarm/accessor/demo/AugmentedReality/AugmentedReality.xml $PTII/org/terraswarm/accessor/demo/AugmentedReality/AugmentedReality
Warning: not running org/terraswarm/accessor/demo/AugmentedReality/AugmentedReality.xml. See ptolemy/vergil/basic/export/test/junit/ExportModelJUnitTest.java
Exported /home/travis/build/icyphy/ptII/org/terraswarm/accessor/demo/AugmentedReality/AugmentedReality/index.html
3202 ms. Memory: 1914880K Free: 1380460K (72%)
####### 62 Thu May 31 20:47:47 UTC 2018 $PTII/bin/ptinvoke ptolemy.vergil.basic.export.ExportModel -force htm -run -openComposites -timeOut 30000 -whiteBackground org/terraswarm/accessor/demo/AugmentedReality/AugmentedRealityFeedback.xml $PTII/org/terraswarm/accessor/demo/AugmentedReality/AugmentedRealityFeedback
JSAccessor: PT_NO_NET environment variable is set, so git pull and ptdoc are not being run.
Running .AugmentedRealityFeedback
Manager.initialize() finished: 11744 ms. Memory: 1926656K Free: 1563772K (81%)
BrowserLauncher: UnsupportedOperation: http://localhost:8089: java.lang.UnsupportedOperationException: The BROWSE action is not supported on the current platform!
ExportHTMLTimer went off after 30000 ms., calling getDirector().finish and getDirector().stopFire()
ExportHTMLTimer went off after 60000 ms., calling manager.stop().
76711 ms. Memory: 1926656K Free: 1431762K (74%)
Exported /home/travis/build/icyphy/ptII/org/terraswarm/accessor/demo/AugmentedReality/AugmentedRealityFeedback/index.html
87722 ms. Memory: 1926656K Free: 1374238K (71%)
####### 63 Thu May 31 20:49:14 UTC 2018 $PTII/bin/ptinvoke ptolemy.vergil.basic.export.ExportModel -force htm -run -openComposites -timeOut 30000 -whiteBackground org/terraswarm/accessor/demo/AugmentedReality/AugmentedRealityFeedbackBlee.xml $PTII/org/terraswarm/accessor/demo/AugmentedReality/AugmentedRealityFeedbackBlee
Running .AugmentedRealityFeedbackBlee
Mutable: BleeSensorr.js: Could not get $KEYSTORE/brokerHostFile:  ptolemy.kernel.util.IllegalActionException: Failed to read URI: /home/travis/.ptKeystore/brokerHostFile
  in .AugmentedRealityFeedbackBlee.Mutable
Because:
Cannot read file '/home/travis/.ptKeystore/brokerHostFile' or '/home/travis/.ptKeystore/brokerHostFile' (Thread[AWT-EventQueue-0,6,main])
BrowserLauncher: UnsupportedOperation: http://localhost:8089: java.lang.UnsupportedOperationException: The BROWSE action is not supported on the current platform!
ExportHTMLTimer went off after 30000 ms., calling getDirector().finish and getDirector().stopFire()
UserInterface: Connection closed because model is no longer running. (Thread[AWT-EventQueue-0,6,main])
30078 ms. Memory: 1768960K Free: 885718K (50%)
Exported /home/travis/build/icyphy/ptII/org/terraswarm/accessor/demo/AugmentedReality/AugmentedRealityFeedbackBlee/index.html
40525 ms. Memory: 1768960K Free: 828451K (47%)
####### 64 Thu May 31 20:49:55 UTC 2018 $PTII/bin/ptinvoke ptolemy.vergil.basic.export.ExportModel -force htm -run -openComposites -timeOut 30000 -whiteBackground org/terraswarm/accessor/demo/AugmentedReality/AugmentedRealityKeyValueStore.xml $PTII/org/terraswarm/accessor/demo/AugmentedReality/AugmentedRealityKeyValueStore
Running .AugmentedRealityKeyValueStore
KeyValueStore: Making an HTTP request. (Thread[AWT-EventQueue-0,6,main])
BrowserLauncher: UnsupportedOperation: http://localhost:8089: java.lang.UnsupportedOperationException: The BROWSE action is not supported on the current platform!
ExportHTMLTimer went off after 30000 ms., calling getDirector().finish and getDirector().stopFire()
UserInterface: Connection closed because model is no longer running. (Thread[AWT-EventQueue-0,6,main])
30086 ms. Memory: 1517056K Free: 245846K (16%)
Exported /home/travis/build/icyphy/ptII/org/terraswarm/accessor/demo/AugmentedReality/AugmentedRealityKeyValueStore/index.html
39912 ms. Memory: 1517056K Free: 172149K (11%)
####### 65 Thu May 31 20:50:35 UTC 2018 $PTII/bin/ptinvoke ptolemy.vergil.basic.export.ExportModel -force htm -run -openComposites -timeOut 30000 -whiteBackground org/terraswarm/accessor/demo/AugmentedReality/AugmentedRealityVideo.xml $PTII/org/terraswarm/accessor/demo/AugmentedReality/AugmentedRealityVideo
No physical cameras found, using WebcamDummyDriver.
Running .AugmentedRealityVideo
BrowserLauncher: UnsupportedOperation: http://localhost:8089: java.lang.UnsupportedOperationException: The BROWSE action is not supported on the current platform!
ExportHTMLTimer went off after 30000 ms., calling getDirector().finish and getDirector().stopFire()
UserInterface: Connection closed because model is no longer running. (Thread[AWT-EventQueue-0,6,main])
30142 ms. Memory: 1922560K Free: 1083754K (56%)
Exported /home/travis/build/icyphy/ptII/org/terraswarm/accessor/demo/AugmentedReality/AugmentedRealityVideo/index.html
44142 ms. Memory: 1922560K Free: 1019839K (53%)
####### 66 Thu May 31 20:51:19 UTC 2018 $PTII/bin/ptinvoke ptolemy.vergil.basic.export.ExportModel -force htm -run -openComposites -timeOut 30000 -whiteBackground org/terraswarm/accessor/demo/AugmentedRealityVideoSOHO/AugmentedRealityVideoSOHO.xml $PTII/org/terraswarm/accessor/demo/AugmentedRealityVideoSOHO/AugmentedRealityVideoSOHO
Running .AugmentedRealityVideoSOHO
Manager.initialize() finished: 12193 ms. Memory: 1993728K Free: 1428579K (72%)
ExportHTMLTimer went off after 30000 ms., calling getDirector().finish and getDirector().stopFire()
30192 ms. Memory: 2077184K Free: 684607K (33%)
Exported /home/travis/build/icyphy/ptII/org/terraswarm/accessor/demo/AugmentedRealityVideoSOHO/AugmentedRealityVideoSOHO/index.html
40312 ms. Memory: 2077184K Free: 582968K (28%)
####### 67 Thu May 31 20:51:59 UTC 2018 $PTII/bin/ptinvoke ptolemy.vergil.basic.export.ExportModel -force htm -run -openComposites -timeOut 30000 -whiteBackground org/terraswarm/accessor/demo/AugmentedRealityVideoSOHO/GenerateHueAccessors.xml $PTII/org/terraswarm/accessor/demo/AugmentedRealityVideoSOHO/GenerateHueAccessors
Running .GenerateHueAccessors
GenerateHueAccessors: GenerateHueAccessors: // Copyright (c) 2017 The Regents of the University of California.
// All rights reserved.
//
// Permission is hereby granted, without written agreement and without
// license or royalty fees, to use, copy, modify, and distribute this
// software and its documentation for any purpose, provided that the above
// copyright notice and the following two paragraphs appear in all copies
// of this software.
//
// IN NO EVENT SHALL THE UNIVERSITY OF CALIFORNIA BE LIABLE TO ANY PARTY
// FOR DIRECT, INDIRECT, SPECIAL, INCIDENTAL, OR CONSEQUENTIAL DAMAGES
// ARISING OUT OF THE USE OF THIS SOFTWARE AND ITS DOCUMENTATION, EVEN IF
// THE UNIVERSITY OF CALIFORNIA HAS BEEN ADVISED OF THE POSSIBILITY OF
// SUCH DAMAGE.
//
// THE UNIVERSITY OF CALIFORNIA SPECIFICALLY DISCLAIMS ANY WARRANTIES,
// INCLUDING, BUT NOT LIMITED TO, THE IMPLIED WARRANTIES OF
// MERCHANTABILITY AND FITNESS FOR A PARTICULAR PURPOSE. THE SOFTWARE
// PROVIDED HEREUNDER IS ON AN "AS IS" BASIS, AND THE UNIVERSITY OF
// CALIFORNIA HAS NO OBLIGATION TO PROVIDE MAINTENANCE, SUPPORT, UPDATES,
// ENHANCEMENTS, OR MODIFICATIONS.
//

/** Control a Philips Hue light bulb.
 *
 *  @accessor HueAccessorTemplate
 *  @author Christopher Brooks, based on TemperatureSensor by Edward A. Lee
 *  @input {JSON} commands JSON commands for the Hue, for example,
 *                {"id" : 1, "on" : true, "hue" : 120}
 *  @output data A JSON object.
 *  @version $$Id$$
 */
// Stop extra messages from jslint.  Note that there should be no
// space between the / and the * and global.
/*globals console, error, exports, require */
/*jshint globalstrict: true*/

"use strict";

var handle = null;
exports.setup = function() {       
    this.implement('ControllableSensor');

    this.output('data', {'type' : 'JSON'});
    
    var Hue = this.instantiate('Hue', 'devices/Hue'); 

    /* The GenerateHueAccessors.xml model substitutes in the bridgeIP here.*/
    Hue.setParameter('bridgeIP','192.168.1.221');

    /* The GenerateHueAccessors.xml model substitutes in the userName here.*/
    Hue.setParameter('userName', 'SVmAJELYPPsCJjRqbKMjg0dLgesa6ZmiKt4Bdwaq');

    var codeIn = "\
        exports.setup = function() {\n\
           this.input('in');\n\
           this.output('out');\n\
        }\n\
        exports.initialize = function() {\n\
           var thiz = this;\n\
           this.addInputHandler('in', function() {\n\
               var inValue = thiz.get('in');\n\
               console.log('HueAccessorTemplate.JavaScriptIn: value of in: ' + inValue);\n\
               var util = require('util');\n\
               console.log(util.inspect(inValue));\n\
               console.log('HueAccessorTemplate.JavaScriptIn: inValue.on: ' + inValue.on);\n\
               var on = true;\n\
               if (inValue.on !== 'on') {;\n\
                   on = false; \n\
               };\n\
               inValue = '{ \"id\": \"8\", \"on\": ' + on + '}';\n\
               thiz.send('out', JSON.parse(inValue));\n\
           });\n\
        }";
    var JavaScriptIn = this.instantiateFromCode('JavaScriptIn', codeIn, false);

    var codeOut = "\
        exports.setup = function() {\n\
           this.input('in');\n\
           this.output('out');\n\
        }\n\
        exports.initialize = function() {\n\
           var thiz = this;\n\
           this.addInputHandler('in', function() {\n\
               /* var inValue = thiz.get('in'); */\n\
               /* FIXME: Need to get real data from the Hue. */\n\
               /* var inValue = '{ \"bridgeIP\": \"192.168.1.221\", \"id\": \"8\", \"userName\": \"SVmAJELYPPsCJjRqbKMjg0dLgesa6ZmiKt4Bdwaq\" }';*/\n\
               var inValue = thiz.get('in');\n\
               var idLight = inValue['8'];\n\
               console.log('HueAccessorTemplate.JavaScriptIn: inValue: ' + inValue);\n\
               var util = require('util');\n\
               console.log(util.inspect(inValue));\n\
               console.log('HueAccessorTemplate.JavaScriptIn: idLight: ' + idLight);\n\
               console.log(util.inspect(idLight));\n\
               thiz.send('out', idLight);\n\
           });\n\
        }";

    var JavaScriptOut = this.instantiateFromCode('JavaScriptOut', codeOut, false);
    
    this.connect('control', JavaScriptIn, 'in');
    this.connect(JavaScriptIn, 'out', Hue, 'commands');
    this.connect(Hue, 'lights', JavaScriptOut, 'in');
    this.connect(JavaScriptOut, 'out', 'data');

};

exports.initialize = function() {	
    // At initialize, send the schema;
    this.send('schema', schema);
    // Also send null data.
    this.send('data', null);
};


function sendData() {
    this.send('data', {
	"id": 8,
        "on": onValue,
    });
}

var schema = {
  "type": "object",
  "properties": {
    "on": {
      	"type": "string",
      	"title": "Turn the light on or off",
      	"description": "Turn the light on or off",
      	"choices": ["on", "off"]
    }
  }
};
 (Thread[AWT-EventQueue-0,6,main])
KeyValueStore: Making an HTTP request. (Thread[AWT-EventQueue-0,6,main])
GenerateHueAccessors: GenerateHueAccessors: // Copyright (c) 2017 The Regents of the University of California.
// All rights reserved.
//
// Permission is hereby granted, without written agreement and without
// license or royalty fees, to use, copy, modify, and distribute this
// software and its documentation for any purpose, provided that the above
// copyright notice and the following two paragraphs appear in all copies
// of this software.
//
// IN NO EVENT SHALL THE UNIVERSITY OF CALIFORNIA BE LIABLE TO ANY PARTY
// FOR DIRECT, INDIRECT, SPECIAL, INCIDENTAL, OR CONSEQUENTIAL DAMAGES
// ARISING OUT OF THE USE OF THIS SOFTWARE AND ITS DOCUMENTATION, EVEN IF
// THE UNIVERSITY OF CALIFORNIA HAS BEEN ADVISED OF THE POSSIBILITY OF
// SUCH DAMAGE.
//
// THE UNIVERSITY OF CALIFORNIA SPECIFICALLY DISCLAIMS ANY WARRANTIES,
// INCLUDING, BUT NOT LIMITED TO, THE IMPLIED WARRANTIES OF
// MERCHANTABILITY AND FITNESS FOR A PARTICULAR PURPOSE. THE SOFTWARE
// PROVIDED HEREUNDER IS ON AN "AS IS" BASIS, AND THE UNIVERSITY OF
// CALIFORNIA HAS NO OBLIGATION TO PROVIDE MAINTENANCE, SUPPORT, UPDATES,
// ENHANCEMENTS, OR MODIFICATIONS.
//

/** Control a Philips Hue light bulb.
 *
 *  @accessor HueAccessorTemplate
 *  @author Christopher Brooks, based on TemperatureSensor by Edward A. Lee
 *  @input {JSON} commands JSON commands for the Hue, for example,
 *                {"id" : 1, "on" : true, "hue" : 120}
 *  @output data A JSON object.
 *  @version $$Id$$
 */
// Stop extra messages from jslint.  Note that there should be no
// space between the / and the * and global.
/*globals console, error, exports, require */
/*jshint globalstrict: true*/

"use strict";

var handle = null;
exports.setup = function() {       
    this.implement('ControllableSensor');

    this.output('data', {'type' : 'JSON'});
    
    var Hue = this.instantiate('Hue', 'devices/Hue'); 

    /* The GenerateHueAccessors.xml model substitutes in the bridgeIP here.*/
    Hue.setParameter('bridgeIP','192.168.1.221');

    /* The GenerateHueAccessors.xml model substitutes in the userName here.*/
    Hue.setParameter('userName', 'SVmAJELYPPsCJjRqbKMjg0dLgesa6ZmiKt4Bdwaq');

    var codeIn = "\
        exports.setup = function() {\n\
           this.input('in');\n\
           this.output('out');\n\
        }\n\
        exports.initialize = function() {\n\
           var thiz = this;\n\
           this.addInputHandler('in', function() {\n\
               var inValue = thiz.get('in');\n\
               console.log('HueAccessorTemplate.JavaScriptIn: value of in: ' + inValue);\n\
               var util = require('util');\n\
               console.log(util.inspect(inValue));\n\
               console.log('HueAccessorTemplate.JavaScriptIn: inValue.on: ' + inValue.on);\n\
               var on = true;\n\
               if (inValue.on !== 'on') {;\n\
                   on = false; \n\
               };\n\
               inValue = '{ \"id\": \"4\", \"on\": ' + on + '}';\n\
               thiz.send('out', JSON.parse(inValue));\n\
           });\n\
        }";
    var JavaScriptIn = this.instantiateFromCode('JavaScriptIn', codeIn, false);

    var codeOut = "\
        exports.setup = function() {\n\
           this.input('in');\n\
           this.output('out');\n\
        }\n\
        exports.initialize = function() {\n\
           var thiz = this;\n\
           this.addInputHandler('in', function() {\n\
               /* var inValue = thiz.get('in'); */\n\
               /* FIXME: Need to get real data from the Hue. */\n\
               /* var inValue = '{ \"bridgeIP\": \"192.168.1.221\", \"id\": \"4\", \"userName\": \"SVmAJELYPPsCJjRqbKMjg0dLgesa6ZmiKt4Bdwaq\" }';*/\n\
               var inValue = thiz.get('in');\n\
               var idLight = inValue['4'];\n\
               console.log('HueAccessorTemplate.JavaScriptIn: inValue: ' + inValue);\n\
               var util = require('util');\n\
               console.log(util.inspect(inValue));\n\
               console.log('HueAccessorTemplate.JavaScriptIn: idLight: ' + idLight);\n\
               console.log(util.inspect(idLight));\n\
               thiz.send('out', idLight);\n\
           });\n\
        }";

    var JavaScriptOut = this.instantiateFromCode('JavaScriptOut', codeOut, false);
    
    this.connect('control', JavaScriptIn, 'in');
    this.connect(JavaScriptIn, 'out', Hue, 'commands');
    this.connect(Hue, 'lights', JavaScriptOut, 'in');
    this.connect(JavaScriptOut, 'out', 'data');

};

exports.initialize = function() {	
    // At initialize, send the schema;
    this.send('schema', schema);
    // Also send null data.
    this.send('data', null);
};


function sendData() {
    this.send('data', {
	"id": 4,
        "on": onValue,
    });
}

var schema = {
  "type": "object",
  "properties": {
    "on": {
      	"type": "string",
      	"title": "Turn the light on or off",
      	"description": "Turn the light on or off",
      	"choices": ["on", "off"]
    }
  }
};
 (Thread[AWT-EventQueue-0,6,main])
KeyValueStore: Making an HTTP request. (Thread[AWT-EventQueue-0,6,main])
GenerateHueAccessors: GenerateHueAccessors: // Copyright (c) 2017 The Regents of the University of California.
// All rights reserved.
//
// Permission is hereby granted, without written agreement and without
// license or royalty fees, to use, copy, modify, and distribute this
// software and its documentation for any purpose, provided that the above
// copyright notice and the following two paragraphs appear in all copies
// of this software.
//
// IN NO EVENT SHALL THE UNIVERSITY OF CALIFORNIA BE LIABLE TO ANY PARTY
// FOR DIRECT, INDIRECT, SPECIAL, INCIDENTAL, OR CONSEQUENTIAL DAMAGES
// ARISING OUT OF THE USE OF THIS SOFTWARE AND ITS DOCUMENTATION, EVEN IF
// THE UNIVERSITY OF CALIFORNIA HAS BEEN ADVISED OF THE POSSIBILITY OF
// SUCH DAMAGE.
//
// THE UNIVERSITY OF CALIFORNIA SPECIFICALLY DISCLAIMS ANY WARRANTIES,
// INCLUDING, BUT NOT LIMITED TO, THE IMPLIED WARRANTIES OF
// MERCHANTABILITY AND FITNESS FOR A PARTICULAR PURPOSE. THE SOFTWARE
// PROVIDED HEREUNDER IS ON AN "AS IS" BASIS, AND THE UNIVERSITY OF
// CALIFORNIA HAS NO OBLIGATION TO PROVIDE MAINTENANCE, SUPPORT, UPDATES,
// ENHANCEMENTS, OR MODIFICATIONS.
//

/** Control a Philips Hue light bulb.
 *
 *  @accessor HueAccessorTemplate
 *  @author Christopher Brooks, based on TemperatureSensor by Edward A. Lee
 *  @input {JSON} commands JSON commands for the Hue, for example,
 *                {"id" : 1, "on" : true, "hue" : 120}
 *  @output data A JSON object.
 *  @version $$Id$$
 */
// Stop extra messages from jslint.  Note that there should be no
// space between the / and the * and global.
/*globals console, error, exports, require */
/*jshint globalstrict: true*/

"use strict";

var handle = null;
exports.setup = function() {       
    this.implement('ControllableSensor');

    this.output('data', {'type' : 'JSON'});
    
    var Hue = this.instantiate('Hue', 'devices/Hue'); 

    /* The GenerateHueAccessors.xml model substitutes in the bridgeIP here.*/
    Hue.setParameter('bridgeIP','192.168.1.221');

    /* The GenerateHueAccessors.xml model substitutes in the userName here.*/
    Hue.setParameter('userName', 'SVmAJELYPPsCJjRqbKMjg0dLgesa6ZmiKt4Bdwaq');

    var codeIn = "\
        exports.setup = function() {\n\
           this.input('in');\n\
           this.output('out');\n\
        }\n\
        exports.initialize = function() {\n\
           var thiz = this;\n\
           this.addInputHandler('in', function() {\n\
               var inValue = thiz.get('in');\n\
               console.log('HueAccessorTemplate.JavaScriptIn: value of in: ' + inValue);\n\
               var util = require('util');\n\
               console.log(util.inspect(inValue));\n\
               console.log('HueAccessorTemplate.JavaScriptIn: inValue.on: ' + inValue.on);\n\
               var on = true;\n\
               if (inValue.on !== 'on') {;\n\
                   on = false; \n\
               };\n\
               inValue = '{ \"id\": \"5\", \"on\": ' + on + '}';\n\
               thiz.send('out', JSON.parse(inValue));\n\
           });\n\
        }";
    var JavaScriptIn = this.instantiateFromCode('JavaScriptIn', codeIn, false);

    var codeOut = "\
        exports.setup = function() {\n\
           this.input('in');\n\
           this.output('out');\n\
        }\n\
        exports.initialize = function() {\n\
           var thiz = this;\n\
           this.addInputHandler('in', function() {\n\
               /* var inValue = thiz.get('in'); */\n\
               /* FIXME: Need to get real data from the Hue. */\n\
               /* var inValue = '{ \"bridgeIP\": \"192.168.1.221\", \"id\": \"5\", \"userName\": \"SVmAJELYPPsCJjRqbKMjg0dLgesa6ZmiKt4Bdwaq\" }';*/\n\
               var inValue = thiz.get('in');\n\
               var idLight = inValue['5'];\n\
               console.log('HueAccessorTemplate.JavaScriptIn: inValue: ' + inValue);\n\
               var util = require('util');\n\
               console.log(util.inspect(inValue));\n\
               console.log('HueAccessorTemplate.JavaScriptIn: idLight: ' + idLight);\n\
               console.log(util.inspect(idLight));\n\
               thiz.send('out', idLight);\n\
           });\n\
        }";

    var JavaScriptOut = this.instantiateFromCode('JavaScriptOut', codeOut, false);
    
    this.connect('control', JavaScriptIn, 'in');
    this.connect(JavaScriptIn, 'out', Hue, 'commands');
    this.connect(Hue, 'lights', JavaScriptOut, 'in');
    this.connect(JavaScriptOut, 'out', 'data');

};

exports.initialize = function() {	
    // At initialize, send the schema;
    this.send('schema', schema);
    // Also send null data.
    this.send('data', null);
};


function sendData() {
    this.send('data', {
	"id": 5,
        "on": onValue,
    });
}

var schema = {
  "type": "object",
  "properties": {
    "on": {
      	"type": "string",
      	"title": "Turn the light on or off",
      	"description": "Turn the light on or off",
      	"choices": ["on", "off"]
    }
  }
};
 (Thread[AWT-EventQueue-0,6,main])
KeyValueStore: Making an HTTP request. (Thread[AWT-EventQueue-0,6,main])
GenerateHueAccessors: GenerateHueAccessors: // Copyright (c) 2017 The Regents of the University of California.
// All rights reserved.
//
// Permission is hereby granted, without written agreement and without
// license or royalty fees, to use, copy, modify, and distribute this
// software and its documentation for any purpose, provided that the above
// copyright notice and the following two paragraphs appear in all copies
// of this software.
//
// IN NO EVENT SHALL THE UNIVERSITY OF CALIFORNIA BE LIABLE TO ANY PARTY
// FOR DIRECT, INDIRECT, SPECIAL, INCIDENTAL, OR CONSEQUENTIAL DAMAGES
// ARISING OUT OF THE USE OF THIS SOFTWARE AND ITS DOCUMENTATION, EVEN IF
// THE UNIVERSITY OF CALIFORNIA HAS BEEN ADVISED OF THE POSSIBILITY OF
// SUCH DAMAGE.
//
// THE UNIVERSITY OF CALIFORNIA SPECIFICALLY DISCLAIMS ANY WARRANTIES,
// INCLUDING, BUT NOT LIMITED TO, THE IMPLIED WARRANTIES OF
// MERCHANTABILITY AND FITNESS FOR A PARTICULAR PURPOSE. THE SOFTWARE
// PROVIDED HEREUNDER IS ON AN "AS IS" BASIS, AND THE UNIVERSITY OF
// CALIFORNIA HAS NO OBLIGATION TO PROVIDE MAINTENANCE, SUPPORT, UPDATES,
// ENHANCEMENTS, OR MODIFICATIONS.
//

/** Control a Philips Hue light bulb.
 *
 *  @accessor HueAccessorTemplate
 *  @author Christopher Brooks, based on TemperatureSensor by Edward A. Lee
 *  @input {JSON} commands JSON commands for the Hue, for example,
 *                {"id" : 1, "on" : true, "hue" : 120}
 *  @output data A JSON object.
 *  @version $$Id$$
 */
// Stop extra messages from jslint.  Note that there should be no
// space between the / and the * and global.
/*globals console, error, exports, require */
/*jshint globalstrict: true*/

"use strict";

var handle = null;
exports.setup = function() {       
    this.implement('ControllableSensor');

    this.output('data', {'type' : 'JSON'});
    
    var Hue = this.instantiate('Hue', 'devices/Hue'); 

    /* The GenerateHueAccessors.xml model substitutes in the bridgeIP here.*/
    Hue.setParameter('bridgeIP','192.168.1.221');

    /* The GenerateHueAccessors.xml model substitutes in the userName here.*/
    Hue.setParameter('userName', 'SVmAJELYPPsCJjRqbKMjg0dLgesa6ZmiKt4Bdwaq');

    var codeIn = "\
        exports.setup = function() {\n\
           this.input('in');\n\
           this.output('out');\n\
        }\n\
        exports.initialize = function() {\n\
           var thiz = this;\n\
           this.addInputHandler('in', function() {\n\
               var inValue = thiz.get('in');\n\
               console.log('HueAccessorTemplate.JavaScriptIn: value of in: ' + inValue);\n\
               var util = require('util');\n\
               console.log(util.inspect(inValue));\n\
               console.log('HueAccessorTemplate.JavaScriptIn: inValue.on: ' + inValue.on);\n\
               var on = true;\n\
               if (inValue.on !== 'on') {;\n\
                   on = false; \n\
               };\n\
               inValue = '{ \"id\": \"6\", \"on\": ' + on + '}';\n\
               thiz.send('out', JSON.parse(inValue));\n\
           });\n\
        }";
    var JavaScriptIn = this.instantiateFromCode('JavaScriptIn', codeIn, false);

    var codeOut = "\
        exports.setup = function() {\n\
           this.input('in');\n\
           this.output('out');\n\
        }\n\
        exports.initialize = function() {\n\
           var thiz = this;\n\
           this.addInputHandler('in', function() {\n\
               /* var inValue = thiz.get('in'); */\n\
               /* FIXME: Need to get real data from the Hue. */\n\
               /* var inValue = '{ \"bridgeIP\": \"192.168.1.221\", \"id\": \"6\", \"userName\": \"SVmAJELYPPsCJjRqbKMjg0dLgesa6ZmiKt4Bdwaq\" }';*/\n\
               var inValue = thiz.get('in');\n\
               var idLight = inValue['6'];\n\
               console.log('HueAccessorTemplate.JavaScriptIn: inValue: ' + inValue);\n\
               var util = require('util');\n\
               console.log(util.inspect(inValue));\n\
               console.log('HueAccessorTemplate.JavaScriptIn: idLight: ' + idLight);\n\
               console.log(util.inspect(idLight));\n\
               thiz.send('out', idLight);\n\
           });\n\
        }";

    var JavaScriptOut = this.instantiateFromCode('JavaScriptOut', codeOut, false);
    
    this.connect('control', JavaScriptIn, 'in');
    this.connect(JavaScriptIn, 'out', Hue, 'commands');
    this.connect(Hue, 'lights', JavaScriptOut, 'in');
    this.connect(JavaScriptOut, 'out', 'data');

};

exports.initialize = function() {	
    // At initialize, send the schema;
    this.send('schema', schema);
    // Also send null data.
    this.send('data', null);
};


function sendData() {
    this.send('data', {
	"id": 6,
        "on": onValue,
    });
}

var schema = {
  "type": "object",
  "properties": {
    "on": {
      	"type": "string",
      	"title": "Turn the light on or off",
      	"description": "Turn the light on or off",
      	"choices": ["on", "off"]
    }
  }
};
 (Thread[AWT-EventQueue-0,6,main])
KeyValueStore: Making an HTTP request. (Thread[AWT-EventQueue-0,6,main])
GenerateHueAccessors: GenerateHueAccessors: // Copyright (c) 2017 The Regents of the University of California.
// All rights reserved.
//
// Permission is hereby granted, without written agreement and without
// license or royalty fees, to use, copy, modify, and distribute this
// software and its documentation for any purpose, provided that the above
// copyright notice and the following two paragraphs appear in all copies
// of this software.
//
// IN NO EVENT SHALL THE UNIVERSITY OF CALIFORNIA BE LIABLE TO ANY PARTY
// FOR DIRECT, INDIRECT, SPECIAL, INCIDENTAL, OR CONSEQUENTIAL DAMAGES
// ARISING OUT OF THE USE OF THIS SOFTWARE AND ITS DOCUMENTATION, EVEN IF
// THE UNIVERSITY OF CALIFORNIA HAS BEEN ADVISED OF THE POSSIBILITY OF
// SUCH DAMAGE.
//
// THE UNIVERSITY OF CALIFORNIA SPECIFICALLY DISCLAIMS ANY WARRANTIES,
// INCLUDING, BUT NOT LIMITED TO, THE IMPLIED WARRANTIES OF
// MERCHANTABILITY AND FITNESS FOR A PARTICULAR PURPOSE. THE SOFTWARE
// PROVIDED HEREUNDER IS ON AN "AS IS" BASIS, AND THE UNIVERSITY OF
// CALIFORNIA HAS NO OBLIGATION TO PROVIDE MAINTENANCE, SUPPORT, UPDATES,
// ENHANCEMENTS, OR MODIFICATIONS.
//

/** Control a Philips Hue light bulb.
 *
 *  @accessor HueAccessorTemplate
 *  @author Christopher Brooks, based on TemperatureSensor by Edward A. Lee
 *  @input {JSON} commands JSON commands for the Hue, for example,
 *                {"id" : 1, "on" : true, "hue" : 120}
 *  @output data A JSON object.
 *  @version $$Id$$
 */
// Stop extra messages from jslint.  Note that there should be no
// space between the / and the * and global.
/*globals console, error, exports, require */
/*jshint globalstrict: true*/

"use strict";

var handle = null;
exports.setup = function() {       
    this.implement('ControllableSensor');

    this.output('data', {'type' : 'JSON'});
    
    var Hue = this.instantiate('Hue', 'devices/Hue'); 

    /* The GenerateHueAccessors.xml model substitutes in the bridgeIP here.*/
    Hue.setParameter('bridgeIP','192.168.1.221');

    /* The GenerateHueAccessors.xml model substitutes in the userName here.*/
    Hue.setParameter('userName', 'SVmAJELYPPsCJjRqbKMjg0dLgesa6ZmiKt4Bdwaq');

    var codeIn = "\
        exports.setup = function() {\n\
           this.input('in');\n\
           this.output('out');\n\
        }\n\
        exports.initialize = function() {\n\
           var thiz = this;\n\
           this.addInputHandler('in', function() {\n\
               var inValue = thiz.get('in');\n\
               console.log('HueAccessorTemplate.JavaScriptIn: value of in: ' + inValue);\n\
               var util = require('util');\n\
               console.log(util.inspect(inValue));\n\
               console.log('HueAccessorTemplate.JavaScriptIn: inValue.on: ' + inValue.on);\n\
               var on = true;\n\
               if (inValue.on !== 'on') {;\n\
                   on = false; \n\
               };\n\
               inValue = '{ \"id\": \"7\", \"on\": ' + on + '}';\n\
               thiz.send('out', JSON.parse(inValue));\n\
           });\n\
        }";
    var JavaScriptIn = this.instantiateFromCode('JavaScriptIn', codeIn, false);

    var codeOut = "\
        exports.setup = function() {\n\
           this.input('in');\n\
           this.output('out');\n\
        }\n\
        exports.initialize = function() {\n\
           var thiz = this;\n\
           this.addInputHandler('in', function() {\n\
               /* var inValue = thiz.get('in'); */\n\
               /* FIXME: Need to get real data from the Hue. */\n\
               /* var inValue = '{ \"bridgeIP\": \"192.168.1.221\", \"id\": \"7\", \"userName\": \"SVmAJELYPPsCJjRqbKMjg0dLgesa6ZmiKt4Bdwaq\" }';*/\n\
               var inValue = thiz.get('in');\n\
               var idLight = inValue['7'];\n\
               console.log('HueAccessorTemplate.JavaScriptIn: inValue: ' + inValue);\n\
               var util = require('util');\n\
               console.log(util.inspect(inValue));\n\
               console.log('HueAccessorTemplate.JavaScriptIn: idLight: ' + idLight);\n\
               console.log(util.inspect(idLight));\n\
               thiz.send('out', idLight);\n\
           });\n\
        }";

    var JavaScriptOut = this.instantiateFromCode('JavaScriptOut', codeOut, false);
    
    this.connect('control', JavaScriptIn, 'in');
    this.connect(JavaScriptIn, 'out', Hue, 'commands');
    this.connect(Hue, 'lights', JavaScriptOut, 'in');
    this.connect(JavaScriptOut, 'out', 'data');

};

exports.initialize = function() {	
    // At initialize, send the schema;
    this.send('schema', schema);
    // Also send null data.
    this.send('data', null);
};


function sendData() {
    this.send('data', {
	"id": 7,
        "on": onValue,
    });
}

var schema = {
  "type": "object",
  "properties": {
    "on": {
      	"type": "string",
      	"title": "Turn the light on or off",
      	"description": "Turn the light on or off",
      	"choices": ["on", "off"]
    }
  }
};
 (Thread[AWT-EventQueue-0,6,main])
KeyValueStore: Making an HTTP request. (Thread[AWT-EventQueue-0,6,main])
8593 ms. Memory: 2074112K Free: 888060K (43%)
Exported /home/travis/build/icyphy/ptII/org/terraswarm/accessor/demo/AugmentedRealityVideoSOHO/GenerateHueAccessors/index.html
14458 ms. Memory: 2074112K Free: 846310K (41%)
####### 68 Thu May 31 20:52:14 UTC 2018 $PTII/bin/ptinvoke ptolemy.vergil.basic.export.ExportModel -force htm -run -openComposites -timeOut 30000 -whiteBackground org/terraswarm/accessor/demo/AugmentedRealityVideoSOHO/GenerateLifxAccessors.xml $PTII/org/terraswarm/accessor/demo/AugmentedRealityVideoSOHO/GenerateLifxAccessors
Running .GenerateLifxAccessors
GenerateLifxAccessors: bind success (Thread[AWT-EventQueue-0,6,main])
GenerateLifxAccessors: Start discovery: Broadcast at 255.255.255.255:56700... undefined (Thread[vert.x-eventloop-thread-1,6,main])
GenerateLifxAccessors: listening: true (Thread[AWT-EventQueue-0,6,main])
8464 ms. Memory: 2095104K Free: 809428K (39%)
Exported /home/travis/build/icyphy/ptII/org/terraswarm/accessor/demo/AugmentedRealityVideoSOHO/GenerateLifxAccessors/index.html
14849 ms. Memory: 2095104K Free: 760328K (36%)
####### 69 Thu May 31 20:52:29 UTC 2018 $PTII/bin/ptinvoke ptolemy.vergil.basic.export.ExportModel -force htm -run -openComposites -timeOut 30000 -whiteBackground org/terraswarm/accessor/demo/AugmentedRealityVideoSOHO/GenerateMQTTAccessors.xml $PTII/org/terraswarm/accessor/demo/AugmentedRealityVideoSOHO/GenerateMQTTAccessors
Running .GenerateMQTTAccessors
GenerateBleeAccessors: GenerateBleeAccessors: "use strict";

exports.setup = function() {	
    this.output('data', {'type' : 'JSON'});
    
    var MQTTSubscriber = this.instantiate('MQTTSubscriber', 'net/MQTTSubscriber'); 
    MQTTSubscriber.input('subscribe', {
	/* 'value':'#'*/
    /* The GenerateBleeAccessors.xml model substitutes in the topic here.*/
        'value': 'device/BLEES/c098e53000b4'
    });
    
    /* The GenerateBleeAccessors.xml model substitutes in the BrokerHost here.*/
    var brokerHost = '192.168.1.200';

    /* Hint: Use the lab11 Summon app to find local SwarmBoxes with BLE. */
    MQTTSubscriber.setParameter('brokerHost', brokerHost);

    var code = "\
	exports.setup = function() {\n\
	    this.input('in');\n\
	    this.output('out');\n\
    }\n\
    exports.initialize = function() {\n\
	    var thiz = this;\n\
	    this.addInputHandler('in', function() {\n\
	    	var inValue = thiz.get('in');\n\
	        console.log('MQTTAccessor:' + inValue);\n\
		    thiz.send('out', JSON.parse(inValue));\n\
	    });\n\
    }";
    var JavaScript = this.instantiateFromCode('JavaScript', code, false);

    this.connect(JavaScript, 'out', 'data');
    this.connect(MQTTSubscriber, 'received', JavaScript, 'in');
};
 (Thread[AWT-EventQueue-0,6,main])
KeyValueStore: Making an HTTP request. (Thread[AWT-EventQueue-0,6,main])
GenerateBleeAccessors: GenerateBleeAccessors: "use strict";

exports.setup = function() {	
    this.output('data', {'type' : 'JSON'});
    
    var MQTTSubscriber = this.instantiate('MQTTSubscriber', 'net/MQTTSubscriber'); 
    MQTTSubscriber.input('subscribe', {
	/* 'value':'#'*/
    /* The GenerateBleeAccessors.xml model substitutes in the topic here.*/
        'value': 'device/BLEES/c098e530005b'
    });
    
    /* The GenerateBleeAccessors.xml model substitutes in the BrokerHost here.*/
    var brokerHost = '192.168.1.200';

    /* Hint: Use the lab11 Summon app to find local SwarmBoxes with BLE. */
    MQTTSubscriber.setParameter('brokerHost', brokerHost);

    var code = "\
	exports.setup = function() {\n\
	    this.input('in');\n\
	    this.output('out');\n\
    }\n\
    exports.initialize = function() {\n\
	    var thiz = this;\n\
	    this.addInputHandler('in', function() {\n\
	    	var inValue = thiz.get('in');\n\
	        console.log('MQTTAccessor:' + inValue);\n\
		    thiz.send('out', JSON.parse(inValue));\n\
	    });\n\
    }";
    var JavaScript = this.instantiateFromCode('JavaScript', code, false);

    this.connect(JavaScript, 'out', 'data');
    this.connect(MQTTSubscriber, 'received', JavaScript, 'in');
};
 (Thread[AWT-EventQueue-0,6,main])
KeyValueStore: Making an HTTP request. (Thread[AWT-EventQueue-0,6,main])
GenerateBleeAccessors: GenerateBleeAccessors: "use strict";

exports.setup = function() {	
    this.output('data', {'type' : 'JSON'});
    
    var MQTTSubscriber = this.instantiate('MQTTSubscriber', 'net/MQTTSubscriber'); 
    MQTTSubscriber.input('subscribe', {
	/* 'value':'#'*/
    /* The GenerateBleeAccessors.xml model substitutes in the topic here.*/
        'value': 'device/PowerBlade/c098e570021e'
    });
    
    /* The GenerateBleeAccessors.xml model substitutes in the BrokerHost here.*/
    var brokerHost = '192.168.1.200';

    /* Hint: Use the lab11 Summon app to find local SwarmBoxes with BLE. */
    MQTTSubscriber.setParameter('brokerHost', brokerHost);

    var code = "\
	exports.setup = function() {\n\
	    this.input('in');\n\
	    this.output('out');\n\
    }\n\
    exports.initialize = function() {\n\
	    var thiz = this;\n\
	    this.addInputHandler('in', function() {\n\
	    	var inValue = thiz.get('in');\n\
	        console.log('MQTTAccessor:' + inValue);\n\
		    thiz.send('out', JSON.parse(inValue));\n\
	    });\n\
    }";
    var JavaScript = this.instantiateFromCode('JavaScript', code, false);

    this.connect(JavaScript, 'out', 'data');
    this.connect(MQTTSubscriber, 'received', JavaScript, 'in');
};
 (Thread[AWT-EventQueue-0,6,main])
KeyValueStore: Making an HTTP request. (Thread[AWT-EventQueue-0,6,main])
GenerateBleeAccessors: GenerateBleeAccessors: "use strict";

exports.setup = function() {	
    this.output('data', {'type' : 'JSON'});
    
    var MQTTSubscriber = this.instantiate('MQTTSubscriber', 'net/MQTTSubscriber'); 
    MQTTSubscriber.input('subscribe', {
	/* 'value':'#'*/
    /* The GenerateBleeAccessors.xml model substitutes in the topic here.*/
        'value': 'device/PowerBlade/c098e570020b'
    });
    
    /* The GenerateBleeAccessors.xml model substitutes in the BrokerHost here.*/
    var brokerHost = '192.168.1.200';

    /* Hint: Use the lab11 Summon app to find local SwarmBoxes with BLE. */
    MQTTSubscriber.setParameter('brokerHost', brokerHost);

    var code = "\
	exports.setup = function() {\n\
	    this.input('in');\n\
	    this.output('out');\n\
    }\n\
    exports.initialize = function() {\n\
	    var thiz = this;\n\
	    this.addInputHandler('in', function() {\n\
	    	var inValue = thiz.get('in');\n\
	        console.log('MQTTAccessor:' + inValue);\n\
		    thiz.send('out', JSON.parse(inValue));\n\
	    });\n\
    }";
    var JavaScript = this.instantiateFromCode('JavaScript', code, false);

    this.connect(JavaScript, 'out', 'data');
    this.connect(MQTTSubscriber, 'received', JavaScript, 'in');
};
 (Thread[AWT-EventQueue-0,6,main])
KeyValueStore: Making an HTTP request. (Thread[AWT-EventQueue-0,6,main])
GenerateBleeAccessors: GenerateBleeAccessors: "use strict";

exports.setup = function() {	
    this.output('data', {'type' : 'JSON'});
    
    var MQTTSubscriber = this.instantiate('MQTTSubscriber', 'net/MQTTSubscriber'); 
    MQTTSubscriber.input('subscribe', {
	/* 'value':'#'*/
    /* The GenerateBleeAccessors.xml model substitutes in the topic here.*/
        'value': 'device/PowerBlade/c098e570023e'
    });
    
    /* The GenerateBleeAccessors.xml model substitutes in the BrokerHost here.*/
    var brokerHost = '192.168.1.200';

    /* Hint: Use the lab11 Summon app to find local SwarmBoxes with BLE. */
    MQTTSubscriber.setParameter('brokerHost', brokerHost);

    var code = "\
	exports.setup = function() {\n\
	    this.input('in');\n\
	    this.output('out');\n\
    }\n\
    exports.initialize = function() {\n\
	    var thiz = this;\n\
	    this.addInputHandler('in', function() {\n\
	    	var inValue = thiz.get('in');\n\
	        console.log('MQTTAccessor:' + inValue);\n\
		    thiz.send('out', JSON.parse(inValue));\n\
	    });\n\
    }";
    var JavaScript = this.instantiateFromCode('JavaScript', code, false);

    this.connect(JavaScript, 'out', 'data');
    this.connect(MQTTSubscriber, 'received', JavaScript, 'in');
};
 (Thread[AWT-EventQueue-0,6,main])
KeyValueStore: Making an HTTP request. (Thread[AWT-EventQueue-0,6,main])
GenerateBleeAccessors: GenerateBleeAccessors: "use strict";

exports.setup = function() {	
    this.output('data', {'type' : 'JSON'});
    
    var MQTTSubscriber = this.instantiate('MQTTSubscriber', 'net/MQTTSubscriber'); 
    MQTTSubscriber.input('subscribe', {
	/* 'value':'#'*/
    /* The GenerateBleeAccessors.xml model substitutes in the topic here.*/
        'value': 'device/PowerBlade/c098e570023a'
    });
    
    /* The GenerateBleeAccessors.xml model substitutes in the BrokerHost here.*/
    var brokerHost = '192.168.1.200';

    /* Hint: Use the lab11 Summon app to find local SwarmBoxes with BLE. */
    MQTTSubscriber.setParameter('brokerHost', brokerHost);

    var code = "\
	exports.setup = function() {\n\
	    this.input('in');\n\
	    this.output('out');\n\
    }\n\
    exports.initialize = function() {\n\
	    var thiz = this;\n\
	    this.addInputHandler('in', function() {\n\
	    	var inValue = thiz.get('in');\n\
	        console.log('MQTTAccessor:' + inValue);\n\
		    thiz.send('out', JSON.parse(inValue));\n\
	    });\n\
    }";
    var JavaScript = this.instantiateFromCode('JavaScript', code, false);

    this.connect(JavaScript, 'out', 'data');
    this.connect(MQTTSubscriber, 'received', JavaScript, 'in');
};
 (Thread[AWT-EventQueue-0,6,main])
KeyValueStore: Making an HTTP request. (Thread[AWT-EventQueue-0,6,main])
10534 ms. Memory: 2091520K Free: 1045082K (50%)
Exported /home/travis/build/icyphy/ptII/org/terraswarm/accessor/demo/AugmentedRealityVideoSOHO/GenerateMQTTAccessors/index.html
16266 ms. Memory: 2091520K Free: 1006970K (48%)
####### 70 Thu May 31 20:52:45 UTC 2018 $PTII/bin/ptinvoke ptolemy.vergil.basic.export.ExportModel -force htm -run -openComposites -timeOut 30000 -whiteBackground org/terraswarm/accessor/demo/AugmentedRealityVideoSOHO/KeyValueStoreServerSOHO.xml $PTII/org/terraswarm/accessor/demo/AugmentedRealityVideoSOHO/KeyValueStoreServerSOHO
Running .KeyValueStoreServerSOHO
WebServer: WebServer: Creating new server. (Thread[AWT-EventQueue-0,6,main])
WebServer: WebServer: Listening for requests. (Thread[vert.x-eventloop-thread-1,6,main])
ExportHTMLTimer went off after 30000 ms., calling getDirector().finish and getDirector().stopFire()
WebServer: WebServer: Stopping the server. (Thread[AWT-EventQueue-0,6,main])
30075 ms. Memory: 2073600K Free: 799619K (39%)
Exported /home/travis/build/icyphy/ptII/org/terraswarm/accessor/demo/AugmentedRealityVideoSOHO/KeyValueStoreServerSOHO/index.html
38997 ms. Memory: 2073600K Free: 752809K (36%)
####### 71 Thu May 31 20:53:24 UTC 2018 $PTII/bin/ptinvoke ptolemy.vergil.basic.export.ExportModel -force htm -run -openComposites -timeOut 30000 -whiteBackground org/terraswarm/accessor/demo/AugmentedRealityVideoSOHO/SoundServerSOHO.xml $PTII/org/terraswarm/accessor/demo/AugmentedRealityVideoSOHO/SoundServerSOHO
Running .SoundServerSOHO
KeyValueStore: Making an HTTP request. (Thread[AWT-EventQueue-0,6,main])
ExportHTMLTimer went off after 30000 ms., calling getDirector().finish and getDirector().stopFire()
30067 ms. Memory: 1856512K Free: 249066K (13%)
Exported /home/travis/build/icyphy/ptII/org/terraswarm/accessor/demo/AugmentedRealityVideoSOHO/SoundServerSOHO/index.html
38714 ms. Memory: 1856512K Free: 205274K (11%)
####### 72 Thu May 31 20:54:03 UTC 2018 $PTII/bin/ptinvoke ptolemy.vergil.basic.export.ExportModel -force htm -run -openComposites -timeOut 30000 -whiteBackground org/terraswarm/accessor/demo/AugmentedRealityVideoTerra/AugmentedRealityVideoTerra.xml $PTII/org/terraswarm/accessor/demo/AugmentedRealityVideoTerra/AugmentedRealityVideoTerra
Running .AugmentedRealityVideoTerra
Manager.initialize() finished: 12939 ms. Memory: 1981952K Free: 781399K (39%)
BrowserLauncher: UnsupportedOperation: http://localhost:8089: java.lang.UnsupportedOperationException: The BROWSE action is not supported on the current platform!
ExportHTMLTimer went off after 30000 ms., calling getDirector().finish and getDirector().stopFire()
UserInterface: Connection closed because model is no longer running. (Thread[AWT-EventQueue-0,6,main])
30150 ms. Memory: 2155008K Free: 1283065K (60%)
Exported /home/travis/build/icyphy/ptII/org/terraswarm/accessor/demo/AugmentedRealityVideoTerra/AugmentedRealityVideoTerra/index.html
42923 ms. Memory: 2155008K Free: 1204003K (56%)
####### 73 Thu May 31 20:54:46 UTC 2018 $PTII/bin/ptinvoke ptolemy.vergil.basic.export.ExportModel -force htm -run -openComposites -timeOut 30000 -whiteBackground org/terraswarm/accessor/demo/AugmentedRealityVideoTerra/SoundServerTerra.xml $PTII/org/terraswarm/accessor/demo/AugmentedRealityVideoTerra/SoundServerTerra
Running .SoundServerTerra
KeyValueStore: Making an HTTP request. (Thread[AWT-EventQueue-0,6,main])
ExportHTMLTimer went off after 30000 ms., calling getDirector().finish and getDirector().stopFire()
30073 ms. Memory: 2162688K Free: 824206K (38%)
Exported /home/travis/build/icyphy/ptII/org/terraswarm/accessor/demo/AugmentedRealityVideoTerra/SoundServerTerra/index.html
39043 ms. Memory: 2162688K Free: 777328K (36%)
####### 74 Thu May 31 20:55:25 UTC 2018 $PTII/bin/ptinvoke ptolemy.vergil.basic.export.ExportModel -force htm  -openComposites -timeOut 30000 -whiteBackground org/terraswarm/accessor/demo/Hue/Hue.xml $PTII/org/terraswarm/accessor/demo/Hue/Hue
Warning: not running org/terraswarm/accessor/demo/Hue/Hue.xml. See ptolemy/vergil/basic/export/test/junit/ExportModelJUnitTest.java
Exported /home/travis/build/icyphy/ptII/org/terraswarm/accessor/demo/Hue/Hue/index.html
3137 ms. Memory: 2162688K Free: 655987K (30%)
####### 75 Thu May 31 20:55:28 UTC 2018 $PTII/bin/ptinvoke ptolemy.vergil.basic.export.ExportModel -force htm -run -openComposites -timeOut 30000 -whiteBackground org/terraswarm/accessor/demo/Hue/HueToggle.xml $PTII/org/terraswarm/accessor/demo/Hue/HueToggle
Running .HueToggle
Hue: Attempting to connect to: http://192.168.1.221/api/SVmAJELYPPsCJjRqbKMjg0dLgesa6ZmiKt4Bdwaq/lights/ (Thread[AWT-EventQueue-0,6,main])
Hue: Making an HTTP request. (Thread[AWT-EventQueue-0,6,main])
Hue: Hue.js: issueCommand(): '[{"id":8,"on":true,"hue":56000.57898901225}]' (Thread[AWT-EventQueue-0,6,main])
Hue: Not authenticated; queueing command. (Thread[AWT-EventQueue-0,6,main])
Hue: Hue.js: issueCommand(): '[{"id":8,"on":false,"hue":41134.111221612795}]' (Thread[AWT-EventQueue-0,6,main])
Hue: Not authenticated; queueing command. (Thread[AWT-EventQueue-0,6,main])
Hue: Hue.js: issueCommand(): '[{"id":8,"on":true,"hue":37877.65427676818}]' (Thread[AWT-EventQueue-0,6,main])
Hue: Not authenticated; queueing command. (Thread[AWT-EventQueue-0,6,main])
Hue: Hue.js: issueCommand(): '[{"id":8,"on":false,"hue":37632.93452415984}]' (Thread[AWT-EventQueue-0,6,main])
Hue: Not authenticated; queueing command. (Thread[AWT-EventQueue-0,6,main])
Hue: Hue.js: issueCommand(): '[{"id":8,"on":true,"hue":5546.482755848213}]' (Thread[AWT-EventQueue-0,6,main])
Hue: Not authenticated; queueing command. (Thread[AWT-EventQueue-0,6,main])
Hue: Hue.js: issueCommand(): '[{"id":8,"on":false,"hue":586.2118765313212}]' (Thread[AWT-EventQueue-0,6,main])
Hue: Not authenticated; queueing command. (Thread[AWT-EventQueue-0,6,main])
Hue: Hue.js: issueCommand(): '[{"id":8,"on":true,"hue":58837.97965759099}]' (Thread[AWT-EventQueue-0,6,main])
Hue: Not authenticated; queueing command. (Thread[AWT-EventQueue-0,6,main])
Hue: Hue.js: issueCommand(): '[{"id":8,"on":false,"hue":4907.636335302659}]' (Thread[AWT-EventQueue-0,6,main])
Hue: Not authenticated; queueing command. (Thread[AWT-EventQueue-0,6,main])
ExportHTMLTimer went off after 30000 ms., calling getDirector().finish and getDirector().stopFire()
30052 ms. Memory: 2182656K Free: 993737K (46%)
Exported /home/travis/build/icyphy/ptII/org/terraswarm/accessor/demo/Hue/HueToggle/index.html
37401 ms. Memory: 2182656K Free: 951165K (44%)
####### 76 Thu May 31 20:56:05 UTC 2018 $PTII/bin/ptinvoke ptolemy.vergil.basic.export.ExportModel -force htm -run -openComposites -timeOut 30000 -whiteBackground org/terraswarm/accessor/demo/Hue/MotionLights.xml $PTII/org/terraswarm/accessor/demo/Hue/MotionLights
Running .MotionLights
Hue: Attempting to connect to: http://192.168.2.2/api/ptolemyuser/lights/ (Thread[AWT-EventQueue-0,6,main])
Hue: Making an HTTP request. (Thread[AWT-EventQueue-0,6,main])
Hue: Hue.js: issueCommand(): '[{"id":7,"on":true,"hue":37352,"sat":111,"bri":275,"reactiontime":0},{"id":8,"on":true,"hue":37352,"sat":111,"bri":275,"reactiontime":0},{"id":9,"on":true,"hue":37352,"sat":111,"bri":275,"reactiontime":0}]' (Thread[AWT-EventQueue-0,6,main])
Hue: Not authenticated; queueing command. (Thread[AWT-EventQueue-0,6,main])
Hue: Hue.js: issueCommand(): '[{"id":7,"on":true,"hue":38819,"sat":129,"bri":227,"reactiontime":0},{"id":8,"on":true,"hue":38819,"sat":129,"bri":227,"reactiontime":0},{"id":9,"on":true,"hue":38819,"sat":129,"bri":227,"reactiontime":0}]' (Thread[AWT-EventQueue-0,6,main])
Hue: Not authenticated; queueing command. (Thread[AWT-EventQueue-0,6,main])
Hue: Hue.js: issueCommand(): '[{"id":7,"on":true,"hue":48206,"sat":171,"bri":27,"reactiontime":0},{"id":8,"on":true,"hue":48206,"sat":171,"bri":27,"reactiontime":0},{"id":9,"on":true,"hue":48206,"sat":171,"bri":27,"reactiontime":0}]' (Thread[AWT-EventQueue-0,6,main])
Hue: Not authenticated; queueing command. (Thread[AWT-EventQueue-0,6,main])
Hue: Hue.js: issueCommand(): '[{"id":7,"on":true,"hue":26107,"sat":138,"bri":258,"reactiontime":0},{"id":8,"on":true,"hue":26107,"sat":138,"bri":258,"reactiontime":0},{"id":9,"on":true,"hue":26107,"sat":138,"bri":258,"reactiontime":0}]' (Thread[AWT-EventQueue-0,6,main])
Hue: Not authenticated; queueing command. (Thread[AWT-EventQueue-0,6,main])
Hue: Hue.js: issueCommand(): '[{"id":7,"on":true,"hue":29627,"sat":130,"bri":203,"reactiontime":0},{"id":8,"on":true,"hue":29627,"sat":130,"bri":203,"reactiontime":0},{"id":9,"on":true,"hue":29627,"sat":130,"bri":203,"reactiontime":0}]' (Thread[AWT-EventQueue-0,6,main])
Hue: Not authenticated; queueing command. (Thread[AWT-EventQueue-0,6,main])
Hue: Hue.js: issueCommand(): '[{"id":7,"on":true,"hue":38916,"sat":150,"bri":229,"reactiontime":0},{"id":8,"on":true,"hue":38916,"sat":150,"bri":229,"reactiontime":0},{"id":9,"on":true,"hue":38916,"sat":150,"bri":229,"reactiontime":0}]' (Thread[AWT-EventQueue-0,6,main])
Hue: Not authenticated; queueing command. (Thread[AWT-EventQueue-0,6,main])
Hue: Hue.js: issueCommand(): '[{"id":7,"on":true,"hue":35787,"sat":147,"bri":309,"reactiontime":0},{"id":8,"on":true,"hue":35787,"sat":147,"bri":309,"reactiontime":0},{"id":9,"on":true,"hue":35787,"sat":147,"bri":309,"reactiontime":0}]' (Thread[AWT-EventQueue-0,6,main])
Hue: Not authenticated; queueing command. (Thread[AWT-EventQueue-0,6,main])
Hue: Hue.js: issueCommand(): '[{"id":7,"on":true,"hue":30898,"sat":175,"bri":97,"reactiontime":0},{"id":8,"on":true,"hue":30898,"sat":175,"bri":97,"reactiontime":0},{"id":9,"on":true,"hue":30898,"sat":175,"bri":97,"reactiontime":0}]' (Thread[AWT-EventQueue-0,6,main])
Hue: Not authenticated; queueing command. (Thread[AWT-EventQueue-0,6,main])
Hue: Hue.js: issueCommand(): '[{"id":7,"on":true,"hue":24543,"sat":125,"bri":102,"reactiontime":0},{"id":8,"on":true,"hue":24543,"sat":125,"bri":102,"reactiontime":0},{"id":9,"on":true,"hue":24543,"sat":125,"bri":102,"reactiontime":0}]' (Thread[AWT-EventQueue-0,6,main])
Hue: Not authenticated; queueing command. (Thread[AWT-EventQueue-0,6,main])
Hue: Hue.js: issueCommand(): '[{"id":7,"on":true,"hue":37450,"sat":132,"bri":273,"reactiontime":0},{"id":8,"on":true,"hue":37450,"sat":132,"bri":273,"reactiontime":0},{"id":9,"on":true,"hue":37450,"sat":132,"bri":273,"reactiontime":0}]' (Thread[AWT-EventQueue-0,6,main])
Hue: Not authenticated; queueing command. (Thread[AWT-EventQueue-0,6,main])
Hue: Hue.js: issueCommand(): '[{"id":7,"on":true,"hue":44490,"sat":130,"bri":121,"reactiontime":0},{"id":8,"on":true,"hue":44490,"sat":130,"bri":121,"reactiontime":0},{"id":9,"on":true,"hue":44490,"sat":130,"bri":121,"reactiontime":0}]' (Thread[AWT-EventQueue-0,6,main])
Hue: Not authenticated; queueing command. (Thread[AWT-EventQueue-0,6,main])
Hue: Hue.js: issueCommand(): '[{"id":7,"on":true,"hue":35983,"sat":145,"bri":117,"reactiontime":0},{"id":8,"on":true,"hue":35983,"sat":145,"bri":117,"reactiontime":0},{"id":9,"on":true,"hue":35983,"sat":145,"bri":117,"reactiontime":0}]' (Thread[AWT-EventQueue-0,6,main])
Hue: Not authenticated; queueing command. (Thread[AWT-EventQueue-0,6,main])
Hue: Hue.js: issueCommand(): '[{"id":7,"on":true,"hue":34027,"sat":134,"bri":195,"reactiontime":0},{"id":8,"on":true,"hue":34027,"sat":134,"bri":195,"reactiontime":0},{"id":9,"on":true,"hue":34027,"sat":134,"bri":195,"reactiontime":0}]' (Thread[AWT-EventQueue-0,6,main])
Hue: Not authenticated; queueing command. (Thread[AWT-EventQueue-0,6,main])
Hue: Hue.js: issueCommand(): '[{"id":7,"on":true,"hue":30312,"sat":149,"bri":304,"reactiontime":0},{"id":8,"on":true,"hue":30312,"sat":149,"bri":304,"reactiontime":0},{"id":9,"on":true,"hue":30312,"sat":149,"bri":304,"reactiontime":0}]' (Thread[AWT-EventQueue-0,6,main])
Hue: Not authenticated; queueing command. (Thread[AWT-EventQueue-0,6,main])
Hue: Hue.js: issueCommand(): '[{"id":7,"on":true,"hue":47228,"sat":158,"bri":143,"reactiontime":0},{"id":8,"on":true,"hue":47228,"sat":158,"bri":143,"reactiontime":0},{"id":9,"on":true,"hue":47228,"sat":158,"bri":143,"reactiontime":0}]' (Thread[AWT-EventQueue-0,6,main])
Hue: Not authenticated; queueing command. (Thread[AWT-EventQueue-0,6,main])
Hue: Hue.js: issueCommand(): '[{"id":7,"on":true,"hue":36472,"sat":154,"bri":297,"reactiontime":0},{"id":8,"on":true,"hue":36472,"sat":154,"bri":297,"reactiontime":0},{"id":9,"on":true,"hue":36472,"sat":154,"bri":297,"reactiontime":0}]' (Thread[AWT-EventQueue-0,6,main])
Hue: Not authenticated; queueing command. (Thread[AWT-EventQueue-0,6,main])
Hue: Hue.js: issueCommand(): '[{"id":7,"on":true,"hue":36472,"sat":134,"bri":209,"reactiontime":0},{"id":8,"on":true,"hue":36472,"sat":134,"bri":209,"reactiontime":0},{"id":9,"on":true,"hue":36472,"sat":134,"bri":209,"reactiontime":0}]' (Thread[AWT-EventQueue-0,6,main])
Hue: Not authenticated; queueing command. (Thread[AWT-EventQueue-0,6,main])
Hue: Hue.js: issueCommand(): '[{"id":7,"on":true,"hue":33734,"sat":78,"bri":99,"reactiontime":0},{"id":8,"on":true,"hue":33734,"sat":78,"bri":99,"reactiontime":0},{"id":9,"on":true,"hue":33734,"sat":78,"bri":99,"reactiontime":0}]' (Thread[AWT-EventQueue-0,6,main])
Hue: Not authenticated; queueing command. (Thread[AWT-EventQueue-0,6,main])
Hue: Hue.js: issueCommand(): '[{"id":7,"on":true,"hue":33734,"sat":145,"bri":223,"reactiontime":0},{"id":8,"on":true,"hue":33734,"sat":145,"bri":223,"reactiontime":0},{"id":9,"on":true,"hue":33734,"sat":145,"bri":223,"reactiontime":0}]' (Thread[AWT-EventQueue-0,6,main])
Hue: Not authenticated; queueing command. (Thread[AWT-EventQueue-0,6,main])
Hue: Hue.js: issueCommand(): '[{"id":7,"on":true,"hue":32756,"sat":145,"bri":317,"reactiontime":0},{"id":8,"on":true,"hue":32756,"sat":145,"bri":317,"reactiontime":0},{"id":9,"on":true,"hue":32756,"sat":145,"bri":317,"reactiontime":0}]' (Thread[AWT-EventQueue-0,6,main])
Hue: Not authenticated; queueing command. (Thread[AWT-EventQueue-0,6,main])
Hue: Hue.js: issueCommand(): '[{"id":7,"on":true,"hue":36276,"sat":140,"bri":177,"reactiontime":0},{"id":8,"on":true,"hue":36276,"sat":140,"bri":177,"reactiontime":0},{"id":9,"on":true,"hue":36276,"sat":140,"bri":177,"reactiontime":0}]' (Thread[AWT-EventQueue-0,6,main])
Hue: Not authenticated; queueing command. (Thread[AWT-EventQueue-0,6,main])
Hue: Hue.js: issueCommand(): '[{"id":7,"on":true,"hue":30801,"sat":166,"bri":207,"reactiontime":0},{"id":8,"on":true,"hue":30801,"sat":166,"bri":207,"reactiontime":0},{"id":9,"on":true,"hue":30801,"sat":166,"bri":207,"reactiontime":0}]' (Thread[AWT-EventQueue-0,6,main])
Hue: Not authenticated; queueing command. (Thread[AWT-EventQueue-0,6,main])
Hue: Hue.js: issueCommand(): '[{"id":7,"on":true,"hue":28649,"sat":170,"bri":173,"reactiontime":0},{"id":8,"on":true,"hue":28649,"sat":170,"bri":173,"reactiontime":0},{"id":9,"on":true,"hue":28649,"sat":170,"bri":173,"reactiontime":0}]' (Thread[AWT-EventQueue-0,6,main])
Hue: Not authenticated; queueing command. (Thread[AWT-EventQueue-0,6,main])
Hue: Hue.js: issueCommand(): '[{"id":7,"on":true,"hue":42241,"sat":138,"bri":251,"reactiontime":0},{"id":8,"on":true,"hue":42241,"sat":138,"bri":251,"reactiontime":0},{"id":9,"on":true,"hue":42241,"sat":138,"bri":251,"reactiontime":0}]' (Thread[AWT-EventQueue-0,6,main])
Hue: Not authenticated; queueing command. (Thread[AWT-EventQueue-0,6,main])
Hue: Hue.js: issueCommand(): '[{"id":7,"on":true,"hue":41948,"sat":138,"bri":175,"reactiontime":0},{"id":8,"on":true,"hue":41948,"sat":138,"bri":175,"reactiontime":0},{"id":9,"on":true,"hue":41948,"sat":138,"bri":175,"reactiontime":0}]' (Thread[AWT-EventQueue-0,6,main])
Hue: Not authenticated; queueing command. (Thread[AWT-EventQueue-0,6,main])
Hue: Hue.js: issueCommand(): '[{"id":7,"on":true,"hue":26400,"sat":131,"bri":243,"reactiontime":0},{"id":8,"on":true,"hue":26400,"sat":131,"bri":243,"reactiontime":0},{"id":9,"on":true,"hue":26400,"sat":131,"bri":243,"reactiontime":0}]' (Thread[AWT-EventQueue-0,6,main])
Hue: Not authenticated; queueing command. (Thread[AWT-EventQueue-0,6,main])
Hue: Hue.js: issueCommand(): '[{"id":7,"on":true,"hue":28258,"sat":138,"bri":180,"reactiontime":0},{"id":8,"on":true,"hue":28258,"sat":138,"bri":180,"reactiontime":0},{"id":9,"on":true,"hue":28258,"sat":138,"bri":180,"reactiontime":0}]' (Thread[AWT-EventQueue-0,6,main])
Hue: Not authenticated; queueing command. (Thread[AWT-EventQueue-0,6,main])
Hue: Hue.js: issueCommand(): '[{"id":7,"on":true,"hue":35787,"sat":141,"bri":307,"reactiontime":0},{"id":8,"on":true,"hue":35787,"sat":141,"bri":307,"reactiontime":0},{"id":9,"on":true,"hue":35787,"sat":141,"bri":307,"reactiontime":0}]' (Thread[AWT-EventQueue-0,6,main])
Hue: Not authenticated; queueing command. (Thread[AWT-EventQueue-0,6,main])
Hue: Hue.js: issueCommand(): '[{"id":7,"on":true,"hue":33734,"sat":171,"bri":181,"reactiontime":0},{"id":8,"on":true,"hue":33734,"sat":171,"bri":181,"reactiontime":0},{"id":9,"on":true,"hue":33734,"sat":171,"bri":181,"reactiontime":0}]' (Thread[AWT-EventQueue-0,6,main])
Hue: Not authenticated; queueing command. (Thread[AWT-EventQueue-0,6,main])
Hue: Hue.js: issueCommand(): '[{"id":7,"on":true,"hue":24347,"sat":86,"bri":210,"reactiontime":0},{"id":8,"on":true,"hue":24347,"sat":86,"bri":210,"reactiontime":0},{"id":9,"on":true,"hue":24347,"sat":86,"bri":210,"reactiontime":0}]' (Thread[AWT-EventQueue-0,6,main])
Hue: Not authenticated; queueing command. (Thread[AWT-EventQueue-0,6,main])
Hue: Hue.js: issueCommand(): '[{"id":7,"on":true,"hue":22978,"sat":151,"bri":258,"reactiontime":0},{"id":8,"on":true,"hue":22978,"sat":151,"bri":258,"reactiontime":0},{"id":9,"on":true,"hue":22978,"sat":151,"bri":258,"reactiontime":0}]' (Thread[AWT-EventQueue-0,6,main])
Hue: Not authenticated; queueing command. (Thread[AWT-EventQueue-0,6,main])
Hue: Hue.js: issueCommand(): '[{"id":7,"on":true,"hue":40188,"sat":148,"bri":186,"reactiontime":0},{"id":8,"on":true,"hue":40188,"sat":148,"bri":186,"reactiontime":0},{"id":9,"on":true,"hue":40188,"sat":148,"bri":186,"reactiontime":0}]' (Thread[AWT-EventQueue-0,6,main])
Hue: Not authenticated; queueing command. (Thread[AWT-EventQueue-0,6,main])
Hue: Hue.js: issueCommand(): '[{"id":7,"on":true,"hue":34125,"sat":189,"bri":209,"reactiontime":0},{"id":8,"on":true,"hue":34125,"sat":189,"bri":209,"reactiontime":0},{"id":9,"on":true,"hue":34125,"sat":189,"bri":209,"reactiontime":0}]' (Thread[AWT-EventQueue-0,6,main])
Hue: Not authenticated; queueing command. (Thread[AWT-EventQueue-0,6,main])
Hue: Hue.js: issueCommand(): '[{"id":7,"on":true,"hue":39112,"sat":107,"bri":245,"reactiontime":0},{"id":8,"on":true,"hue":39112,"sat":107,"bri":245,"reactiontime":0},{"id":9,"on":true,"hue":39112,"sat":107,"bri":245,"reactiontime":0}]' (Thread[AWT-EventQueue-0,6,main])
Hue: Not authenticated; queueing command. (Thread[AWT-EventQueue-0,6,main])
Hue: Hue.js: issueCommand(): '[{"id":7,"on":true,"hue":33245,"sat":138,"bri":249,"reactiontime":0},{"id":8,"on":true,"hue":33245,"sat":138,"bri":249,"reactiontime":0},{"id":9,"on":true,"hue":33245,"sat":138,"bri":249,"reactiontime":0}]' (Thread[AWT-EventQueue-0,6,main])
Hue: Not authenticated; queueing command. (Thread[AWT-EventQueue-0,6,main])
Hue: Hue.js: issueCommand(): '[{"id":7,"on":true,"hue":25423,"sat":126,"bri":227,"reactiontime":0},{"id":8,"on":true,"hue":25423,"sat":126,"bri":227,"reactiontime":0},{"id":9,"on":true,"hue":25423,"sat":126,"bri":227,"reactiontime":0}]' (Thread[AWT-EventQueue-0,6,main])
Hue: Not authenticated; queueing command. (Thread[AWT-EventQueue-0,6,main])
Hue: Hue.js: issueCommand(): '[{"id":7,"on":true,"hue":24151,"sat":153,"bri":223,"reactiontime":0},{"id":8,"on":true,"hue":24151,"sat":153,"bri":223,"reactiontime":0},{"id":9,"on":true,"hue":24151,"sat":153,"bri":223,"reactiontime":0}]' (Thread[AWT-EventQueue-0,6,main])
Hue: Not authenticated; queueing command. (Thread[AWT-EventQueue-0,6,main])
Hue: Hue.js: issueCommand(): '[{"id":7,"on":true,"hue":25325,"sat":164,"bri":261,"reactiontime":0},{"id":8,"on":true,"hue":25325,"sat":164,"bri":261,"reactiontime":0},{"id":9,"on":true,"hue":25325,"sat":164,"bri":261,"reactiontime":0}]' (Thread[AWT-EventQueue-0,6,main])
Hue: Not authenticated; queueing command. (Thread[AWT-EventQueue-0,6,main])
Hue: Hue.js: issueCommand(): '[{"id":7,"on":false},{"id":8,"on":false},{"id":9,"on":false}]' (Thread[AWT-EventQueue-0,6,main])
Hue: Not authenticated; queueing command. (Thread[AWT-EventQueue-0,6,main])
Hue: Hue.js: issueCommand(): '[{"id":7,"on":true,"hue":29529,"sat":160,"bri":153,"reactiontime":0},{"id":8,"on":true,"hue":29529,"sat":160,"bri":153,"reactiontime":0},{"id":9,"on":true,"hue":29529,"sat":160,"bri":153,"reactiontime":0}]' (Thread[AWT-EventQueue-0,6,main])
Hue: Not authenticated; queueing command. (Thread[AWT-EventQueue-0,6,main])
Hue: Hue.js: issueCommand(): '[{"id":7,"on":true,"hue":29529,"sat":126,"bri":171,"reactiontime":0},{"id":8,"on":true,"hue":29529,"sat":126,"bri":171,"reactiontime":0},{"id":9,"on":true,"hue":29529,"sat":126,"bri":171,"reactiontime":0}]' (Thread[AWT-EventQueue-0,6,main])
Hue: Not authenticated; queueing command. (Thread[AWT-EventQueue-0,6,main])
Hue: Hue.js: issueCommand(): '[{"id":7,"on":true,"hue":21511,"sat":160,"bri":156,"reactiontime":0},{"id":8,"on":true,"hue":21511,"sat":160,"bri":156,"reactiontime":0},{"id":9,"on":true,"hue":21511,"sat":160,"bri":156,"reactiontime":0}]' (Thread[AWT-EventQueue-0,6,main])
Hue: Not authenticated; queueing command. (Thread[AWT-EventQueue-0,6,main])
Hue: Hue.js: issueCommand(): '[{"id":7,"on":true,"hue":30996,"sat":142,"bri":185,"reactiontime":0},{"id":8,"on":true,"hue":30996,"sat":142,"bri":185,"reactiontime":0},{"id":9,"on":true,"hue":30996,"sat":142,"bri":185,"reactiontime":0}]' (Thread[AWT-EventQueue-0,6,main])
Hue: Not authenticated; queueing command. (Thread[AWT-EventQueue-0,6,main])
Hue: Hue.js: issueCommand(): '[{"id":7,"on":true,"hue":33734,"sat":121,"bri":71,"reactiontime":0},{"id":8,"on":true,"hue":33734,"sat":121,"bri":71,"reactiontime":0},{"id":9,"on":true,"hue":33734,"sat":121,"bri":71,"reactiontime":0}]' (Thread[AWT-EventQueue-0,6,main])
Hue: Not authenticated; queueing command. (Thread[AWT-EventQueue-0,6,main])
Hue: Hue.js: issueCommand(): '[{"id":7,"on":true,"hue":27769,"sat":146,"bri":252,"reactiontime":0},{"id":8,"on":true,"hue":27769,"sat":146,"bri":252,"reactiontime":0},{"id":9,"on":true,"hue":27769,"sat":146,"bri":252,"reactiontime":0}]' (Thread[AWT-EventQueue-0,6,main])
Hue: Not authenticated; queueing command. (Thread[AWT-EventQueue-0,6,main])
Hue: Hue.js: issueCommand(): '[{"id":7,"on":true,"hue":26107,"sat":112,"bri":105,"reactiontime":0},{"id":8,"on":true,"hue":26107,"sat":112,"bri":105,"reactiontime":0},{"id":9,"on":true,"hue":26107,"sat":112,"bri":105,"reactiontime":0}]' (Thread[AWT-EventQueue-0,6,main])
Hue: Not authenticated; queueing command. (Thread[AWT-EventQueue-0,6,main])
Hue: Hue.js: issueCommand(): '[{"id":7,"on":true,"hue":37645,"sat":119,"bri":248,"reactiontime":0},{"id":8,"on":true,"hue":37645,"sat":119,"bri":248,"reactiontime":0},{"id":9,"on":true,"hue":37645,"sat":119,"bri":248,"reactiontime":0}]' (Thread[AWT-EventQueue-0,6,main])
Hue: Not authenticated; queueing command. (Thread[AWT-EventQueue-0,6,main])
Hue: Hue.js: issueCommand(): '[{"id":7,"on":true,"hue":28063,"sat":131,"bri":288,"reactiontime":0},{"id":8,"on":true,"hue":28063,"sat":131,"bri":288,"reactiontime":0},{"id":9,"on":true,"hue":28063,"sat":131,"bri":288,"reactiontime":0}]' (Thread[AWT-EventQueue-0,6,main])
Hue: Not authenticated; queueing command. (Thread[AWT-EventQueue-0,6,main])
Hue: Hue.js: issueCommand(): '[{"id":7,"on":true,"hue":32854,"sat":160,"bri":265,"reactiontime":0},{"id":8,"on":true,"hue":32854,"sat":160,"bri":265,"reactiontime":0},{"id":9,"on":true,"hue":32854,"sat":160,"bri":265,"reactiontime":0}]' (Thread[AWT-EventQueue-0,6,main])
Hue: Not authenticated; queueing command. (Thread[AWT-EventQueue-0,6,main])
Hue: Hue.js: issueCommand(): '[{"id":7,"on":true,"hue":34321,"sat":131,"bri":261,"reactiontime":0},{"id":8,"on":true,"hue":34321,"sat":131,"bri":261,"reactiontime":0},{"id":9,"on":true,"hue":34321,"sat":131,"bri":261,"reactiontime":0}]' (Thread[AWT-EventQueue-0,6,main])
Hue: Not authenticated; queueing command. (Thread[AWT-EventQueue-0,6,main])
Hue: Hue.js: issueCommand(): '[{"id":7,"on":true,"hue":35201,"sat":160,"bri":236,"reactiontime":0},{"id":8,"on":true,"hue":35201,"sat":160,"bri":236,"reactiontime":0},{"id":9,"on":true,"hue":35201,"sat":160,"bri":236,"reactiontime":0}]' (Thread[AWT-EventQueue-0,6,main])
Hue: Not authenticated; queueing command. (Thread[AWT-EventQueue-0,6,main])
Hue: Hue.js: issueCommand(): '[{"id":7,"on":true,"hue":34712,"sat":97,"bri":215,"reactiontime":0},{"id":8,"on":true,"hue":34712,"sat":97,"bri":215,"reactiontime":0},{"id":9,"on":true,"hue":34712,"sat":97,"bri":215,"reactiontime":0}]' (Thread[AWT-EventQueue-0,6,main])
Hue: Not authenticated; queueing command. (Thread[AWT-EventQueue-0,6,main])
Hue: Hue.js: issueCommand(): '[{"id":7,"on":true,"hue":25325,"sat":175,"bri":163,"reactiontime":0},{"id":8,"on":true,"hue":25325,"sat":175,"bri":163,"reactiontime":0},{"id":9,"on":true,"hue":25325,"sat":175,"bri":163,"reactiontime":0}]' (Thread[AWT-EventQueue-0,6,main])
Hue: Not authenticated; queueing command. (Thread[AWT-EventQueue-0,6,main])
Hue: Hue.js: issueCommand(): '[{"id":7,"on":true,"hue":29725,"sat":149,"bri":236,"reactiontime":0},{"id":8,"on":true,"hue":29725,"sat":149,"bri":236,"reactiontime":0},{"id":9,"on":true,"hue":29725,"sat":149,"bri":236,"reactiontime":0}]' (Thread[AWT-EventQueue-0,6,main])
Hue: Not authenticated; queueing command. (Thread[AWT-EventQueue-0,6,main])
Hue: Hue.js: issueCommand(): '[{"id":7,"on":true,"hue":36961,"sat":143,"bri":223,"reactiontime":0},{"id":8,"on":true,"hue":36961,"sat":143,"bri":223,"reactiontime":0},{"id":9,"on":true,"hue":36961,"sat":143,"bri":223,"reactiontime":0}]' (Thread[AWT-EventQueue-0,6,main])
Hue: Not authenticated; queueing command. (Thread[AWT-EventQueue-0,6,main])
Hue: Hue.js: issueCommand(): '[{"id":7,"on":true,"hue":31094,"sat":152,"bri":136,"reactiontime":0},{"id":8,"on":true,"hue":31094,"sat":152,"bri":136,"reactiontime":0},{"id":9,"on":true,"hue":31094,"sat":152,"bri":136,"reactiontime":0}]' (Thread[AWT-EventQueue-0,6,main])
Hue: Not authenticated; queueing command. (Thread[AWT-EventQueue-0,6,main])
Hue: Hue.js: issueCommand(): '[{"id":7,"on":true,"hue":27867,"sat":166,"bri":141,"reactiontime":0},{"id":8,"on":true,"hue":27867,"sat":166,"bri":141,"reactiontime":0},{"id":9,"on":true,"hue":27867,"sat":166,"bri":141,"reactiontime":0}]' (Thread[AWT-EventQueue-0,6,main])
Hue: Not authenticated; queueing command. (Thread[AWT-EventQueue-0,6,main])
Hue: Hue.js: issueCommand(): '[{"id":7,"on":true,"hue":40188,"sat":103,"bri":207,"reactiontime":0},{"id":8,"on":true,"hue":40188,"sat":103,"bri":207,"reactiontime":0},{"id":9,"on":true,"hue":40188,"sat":103,"bri":207,"reactiontime":0}]' (Thread[AWT-EventQueue-0,6,main])
Hue: Not authenticated; queueing command. (Thread[AWT-EventQueue-0,6,main])
Hue: Hue.js: issueCommand(): '[{"id":7,"on":true,"hue":38232,"sat":159,"bri":183,"reactiontime":0},{"id":8,"on":true,"hue":38232,"sat":159,"bri":183,"reactiontime":0},{"id":9,"on":true,"hue":38232,"sat":159,"bri":183,"reactiontime":0}]' (Thread[AWT-EventQueue-0,6,main])
Hue: Not authenticated; queueing command. (Thread[AWT-EventQueue-0,6,main])
Hue: Hue.js: issueCommand(): '[{"id":7,"on":true,"hue":36667,"sat":142,"bri":272,"reactiontime":0},{"id":8,"on":true,"hue":36667,"sat":142,"bri":272,"reactiontime":0},{"id":9,"on":true,"hue":36667,"sat":142,"bri":272,"reactiontime":0}]' (Thread[AWT-EventQueue-0,6,main])
Hue: Not authenticated; queueing command. (Thread[AWT-EventQueue-0,6,main])
Hue: Hue.js: issueCommand(): '[{"id":7,"on":true,"hue":39503,"sat":132,"bri":103,"reactiontime":0},{"id":8,"on":true,"hue":39503,"sat":132,"bri":103,"reactiontime":0},{"id":9,"on":true,"hue":39503,"sat":132,"bri":103,"reactiontime":0}]' (Thread[AWT-EventQueue-0,6,main])
Hue: Not authenticated; queueing command. (Thread[AWT-EventQueue-0,6,main])
Hue: Hue.js: issueCommand(): '[{"id":7,"on":true,"hue":33832,"sat":160,"bri":225,"reactiontime":0},{"id":8,"on":true,"hue":33832,"sat":160,"bri":225,"reactiontime":0},{"id":9,"on":true,"hue":33832,"sat":160,"bri":225,"reactiontime":0}]' (Thread[AWT-EventQueue-0,6,main])
Hue: Not authenticated; queueing command. (Thread[AWT-EventQueue-0,6,main])
Hue: Hue.js: issueCommand(): '[{"id":7,"on":true,"hue":29432,"sat":164,"bri":166,"reactiontime":0},{"id":8,"on":true,"hue":29432,"sat":164,"bri":166,"reactiontime":0},{"id":9,"on":true,"hue":29432,"sat":164,"bri":166,"reactiontime":0}]' (Thread[AWT-EventQueue-0,6,main])
Hue: Not authenticated; queueing command. (Thread[AWT-EventQueue-0,6,main])
Hue: Hue.js: issueCommand(): '[{"id":7,"on":true,"hue":28454,"sat":145,"bri":213,"reactiontime":0},{"id":8,"on":true,"hue":28454,"sat":145,"bri":213,"reactiontime":0},{"id":9,"on":true,"hue":28454,"sat":145,"bri":213,"reactiontime":0}]' (Thread[AWT-EventQueue-0,6,main])
Hue: Not authenticated; queueing command. (Thread[AWT-EventQueue-0,6,main])
Hue: Hue.js: issueCommand(): '[{"id":7,"on":true,"hue":27965,"sat":112,"bri":169,"reactiontime":0},{"id":8,"on":true,"hue":27965,"sat":112,"bri":169,"reactiontime":0},{"id":9,"on":true,"hue":27965,"sat":112,"bri":169,"reactiontime":0}]' (Thread[AWT-EventQueue-0,6,main])
Hue: Not authenticated; queueing command. (Thread[AWT-EventQueue-0,6,main])
Hue: Hue.js: issueCommand(): '[{"id":7,"on":true,"hue":32365,"sat":148,"bri":291,"reactiontime":0},{"id":8,"on":true,"hue":32365,"sat":148,"bri":291,"reactiontime":0},{"id":9,"on":true,"hue":32365,"sat":148,"bri":291,"reactiontime":0}]' (Thread[AWT-EventQueue-0,6,main])
Hue: Not authenticated; queueing command. (Thread[AWT-EventQueue-0,6,main])
Hue: Hue.js: issueCommand(): '[{"id":7,"on":true,"hue":32267,"sat":182,"bri":202,"reactiontime":0},{"id":8,"on":true,"hue":32267,"sat":182,"bri":202,"reactiontime":0},{"id":9,"on":true,"hue":32267,"sat":182,"bri":202,"reactiontime":0}]' (Thread[AWT-EventQueue-0,6,main])
Hue: Not authenticated; queueing command. (Thread[AWT-EventQueue-0,6,main])
Hue: Hue.js: issueCommand(): '[{"id":7,"on":true,"hue":35201,"sat":114,"bri":293,"reactiontime":0},{"id":8,"on":true,"hue":35201,"sat":114,"bri":293,"reactiontime":0},{"id":9,"on":true,"hue":35201,"sat":114,"bri":293,"reactiontime":0}]' (Thread[AWT-EventQueue-0,6,main])
Hue: Not authenticated; queueing command. (Thread[AWT-EventQueue-0,6,main])
Hue: Hue.js: issueCommand(): '[{"id":7,"on":true,"hue":20827,"sat":156,"bri":168,"reactiontime":0},{"id":8,"on":true,"hue":20827,"sat":156,"bri":168,"reactiontime":0},{"id":9,"on":true,"hue":20827,"sat":156,"bri":168,"reactiontime":0}]' (Thread[AWT-EventQueue-0,6,main])
Hue: Not authenticated; queueing command. (Thread[AWT-EventQueue-0,6,main])
Hue: Hue.js: issueCommand(): '[{"id":7,"on":true,"hue":30018,"sat":100,"bri":203,"reactiontime":0},{"id":8,"on":true,"hue":30018,"sat":100,"bri":203,"reactiontime":0},{"id":9,"on":true,"hue":30018,"sat":100,"bri":203,"reactiontime":0}]' (Thread[AWT-EventQueue-0,6,main])
Hue: Not authenticated; queueing command. (Thread[AWT-EventQueue-0,6,main])
Hue: Hue.js: issueCommand(): '[{"id":7,"on":true,"hue":30409,"sat":83,"bri":154,"reactiontime":0},{"id":8,"on":true,"hue":30409,"sat":83,"bri":154,"reactiontime":0},{"id":9,"on":true,"hue":30409,"sat":83,"bri":154,"reactiontime":0}]' (Thread[AWT-EventQueue-0,6,main])
Hue: Not authenticated; queueing command. (Thread[AWT-EventQueue-0,6,main])
Hue: Hue.js: issueCommand(): '[{"id":7,"on":true,"hue":32267,"sat":155,"bri":260,"reactiontime":0},{"id":8,"on":true,"hue":32267,"sat":155,"bri":260,"reactiontime":0},{"id":9,"on":true,"hue":32267,"sat":155,"bri":260,"reactiontime":0}]' (Thread[AWT-EventQueue-0,6,main])
Hue: Not authenticated; queueing command. (Thread[AWT-EventQueue-0,6,main])
Hue: Hue.js: issueCommand(): '[{"id":7,"on":true,"hue":32658,"sat":139,"bri":376,"reactiontime":0},{"id":8,"on":true,"hue":32658,"sat":139,"bri":376,"reactiontime":0},{"id":9,"on":true,"hue":32658,"sat":139,"bri":376,"reactiontime":0}]' (Thread[AWT-EventQueue-0,6,main])
Hue: Not authenticated; queueing command. (Thread[AWT-EventQueue-0,6,main])
Hue: Hue.js: issueCommand(): '[{"id":7,"on":true,"hue":34027,"sat":143,"bri":255,"reactiontime":0},{"id":8,"on":true,"hue":34027,"sat":143,"bri":255,"reactiontime":0},{"id":9,"on":true,"hue":34027,"sat":143,"bri":255,"reactiontime":0}]' (Thread[AWT-EventQueue-0,6,main])
Hue: Not authenticated; queueing command. (Thread[AWT-EventQueue-0,6,main])
Hue: Hue.js: issueCommand(): '[{"id":7,"on":true,"hue":32463,"sat":143,"bri":222,"reactiontime":0},{"id":8,"on":true,"hue":32463,"sat":143,"bri":222,"reactiontime":0},{"id":9,"on":true,"hue":32463,"sat":143,"bri":222,"reactiontime":0}]' (Thread[AWT-EventQueue-0,6,main])
Hue: Not authenticated; queueing command. (Thread[AWT-EventQueue-0,6,main])
Hue: Hue.js: issueCommand(): '[{"id":7,"on":true,"hue":39308,"sat":138,"bri":247,"reactiontime":0},{"id":8,"on":true,"hue":39308,"sat":138,"bri":247,"reactiontime":0},{"id":9,"on":true,"hue":39308,"sat":138,"bri":247,"reactiontime":0}]' (Thread[AWT-EventQueue-0,6,main])
Hue: Not authenticated; queueing command. (Thread[AWT-EventQueue-0,6,main])
Hue: Hue.js: issueCommand(): '[{"id":7,"on":true,"hue":23760,"sat":148,"bri":234,"reactiontime":0},{"id":8,"on":true,"hue":23760,"sat":148,"bri":234,"reactiontime":0},{"id":9,"on":true,"hue":23760,"sat":148,"bri":234,"reactiontime":0}]' (Thread[AWT-EventQueue-0,6,main])
Hue: Not authenticated; queueing command. (Thread[AWT-EventQueue-0,6,main])
Hue: Hue.js: issueCommand(): '[{"id":7,"on":true,"hue":36276,"sat":129,"bri":233,"reactiontime":0},{"id":8,"on":true,"hue":36276,"sat":129,"bri":233,"reactiontime":0},{"id":9,"on":true,"hue":36276,"sat":129,"bri":233,"reactiontime":0}]' (Thread[AWT-EventQueue-0,6,main])
Hue: Not authenticated; queueing command. (Thread[AWT-EventQueue-0,6,main])
Hue: Hue.js: issueCommand(): '[{"id":7,"on":true,"hue":30507,"sat":141,"bri":320,"reactiontime":0},{"id":8,"on":true,"hue":30507,"sat":141,"bri":320,"reactiontime":0},{"id":9,"on":true,"hue":30507,"sat":141,"bri":320,"reactiontime":0}]' (Thread[AWT-EventQueue-0,6,main])
Hue: Not authenticated; queueing command. (Thread[AWT-EventQueue-0,6,main])
Hue: Hue.js: issueCommand(): '[{"id":7,"on":true,"hue":21805,"sat":179,"bri":145,"reactiontime":0},{"id":8,"on":true,"hue":21805,"sat":179,"bri":145,"reactiontime":0},{"id":9,"on":true,"hue":21805,"sat":179,"bri":145,"reactiontime":0}]' (Thread[AWT-EventQueue-0,6,main])
Hue: Not authenticated; queueing command. (Thread[AWT-EventQueue-0,6,main])
Hue: Hue.js: issueCommand(): '[{"id":7,"on":true,"hue":34223,"sat":101,"bri":77,"reactiontime":0},{"id":8,"on":true,"hue":34223,"sat":101,"bri":77,"reactiontime":0},{"id":9,"on":true,"hue":34223,"sat":101,"bri":77,"reactiontime":0}]' (Thread[AWT-EventQueue-0,6,main])
Hue: Not authenticated; queueing command. (Thread[AWT-EventQueue-0,6,main])
Hue: Hue.js: issueCommand(): '[{"id":7,"on":true,"hue":35787,"sat":140,"bri":258,"reactiontime":0},{"id":8,"on":true,"hue":35787,"sat":140,"bri":258,"reactiontime":0},{"id":9,"on":true,"hue":35787,"sat":140,"bri":258,"reactiontime":0}]' (Thread[AWT-EventQueue-0,6,main])
Hue: Not authenticated; queueing command. (Thread[AWT-EventQueue-0,6,main])
Hue: Hue.js: issueCommand(): '[{"id":7,"on":true,"hue":19849,"sat":134,"bri":159,"reactiontime":0},{"id":8,"on":true,"hue":19849,"sat":134,"bri":159,"reactiontime":0},{"id":9,"on":true,"hue":19849,"sat":134,"bri":159,"reactiontime":0}]' (Thread[AWT-EventQueue-0,6,main])
Hue: Not authenticated; queueing command. (Thread[AWT-EventQueue-0,6,main])
Hue: Hue.js: issueCommand(): '[{"id":7,"on":true,"hue":24836,"sat":142,"bri":109,"reactiontime":0},{"id":8,"on":true,"hue":24836,"sat":142,"bri":109,"reactiontime":0},{"id":9,"on":true,"hue":24836,"sat":142,"bri":109,"reactiontime":0}]' (Thread[AWT-EventQueue-0,6,main])
Hue: Not authenticated; queueing command. (Thread[AWT-EventQueue-0,6,main])
Hue: Hue.js: issueCommand(): '[{"id":7,"on":true,"hue":35983,"sat":162,"bri":212,"reactiontime":0},{"id":8,"on":true,"hue":35983,"sat":162,"bri":212,"reactiontime":0},{"id":9,"on":true,"hue":35983,"sat":162,"bri":212,"reactiontime":0}]' (Thread[AWT-EventQueue-0,6,main])
Hue: Not authenticated; queueing command. (Thread[AWT-EventQueue-0,6,main])
Hue: Hue.js: issueCommand(): '[{"id":7,"on":true,"hue":42632,"sat":131,"bri":215,"reactiontime":0},{"id":8,"on":true,"hue":42632,"sat":131,"bri":215,"reactiontime":0},{"id":9,"on":true,"hue":42632,"sat":131,"bri":215,"reactiontime":0}]' (Thread[AWT-EventQueue-0,6,main])
Hue: Not authenticated; queueing command. (Thread[AWT-EventQueue-0,6,main])
Hue: Hue.js: issueCommand(): '[{"id":7,"on":true,"hue":44979,"sat":66,"bri":107,"reactiontime":0},{"id":8,"on":true,"hue":44979,"sat":66,"bri":107,"reactiontime":0},{"id":9,"on":true,"hue":44979,"sat":66,"bri":107,"reactiontime":0}]' (Thread[AWT-EventQueue-0,6,main])
Hue: Not authenticated; queueing command. (Thread[AWT-EventQueue-0,6,main])
Hue: Hue.js: issueCommand(): '[{"id":7,"on":false},{"id":8,"on":false},{"id":9,"on":false}]' (Thread[AWT-EventQueue-0,6,main])
Hue: Not authenticated; queueing command. (Thread[AWT-EventQueue-0,6,main])
Hue: Hue.js: issueCommand(): '[{"id":7,"on":true,"hue":39112,"sat":163,"bri":212,"reactiontime":0},{"id":8,"on":true,"hue":39112,"sat":163,"bri":212,"reactiontime":0},{"id":9,"on":true,"hue":39112,"sat":163,"bri":212,"reactiontime":0}]' (Thread[AWT-EventQueue-0,6,main])
Hue: Not authenticated; queueing command. (Thread[AWT-EventQueue-0,6,main])
Hue: Hue.js: issueCommand(): '[{"id":7,"on":true,"hue":32072,"sat":144,"bri":242,"reactiontime":0},{"id":8,"on":true,"hue":32072,"sat":144,"bri":242,"reactiontime":0},{"id":9,"on":true,"hue":32072,"sat":144,"bri":242,"reactiontime":0}]' (Thread[AWT-EventQueue-0,6,main])
Hue: Not authenticated; queueing command. (Thread[AWT-EventQueue-0,6,main])
Hue: Hue.js: issueCommand(): '[{"id":7,"on":true,"hue":35592,"sat":142,"bri":253,"reactiontime":0},{"id":8,"on":true,"hue":35592,"sat":142,"bri":253,"reactiontime":0},{"id":9,"on":true,"hue":35592,"sat":142,"bri":253,"reactiontime":0}]' (Thread[AWT-EventQueue-0,6,main])
Hue: Not authenticated; queueing command. (Thread[AWT-EventQueue-0,6,main])
Hue: Hue.js: issueCommand(): '[{"id":7,"on":true,"hue":45174,"sat":151,"bri":199,"reactiontime":0},{"id":8,"on":true,"hue":45174,"sat":151,"bri":199,"reactiontime":0},{"id":9,"on":true,"hue":45174,"sat":151,"bri":199,"reactiontime":0}]' (Thread[AWT-EventQueue-0,6,main])
Hue: Not authenticated; queueing command. (Thread[AWT-EventQueue-0,6,main])
Hue: Hue.js: issueCommand(): '[{"id":7,"on":true,"hue":33832,"sat":141,"bri":169,"reactiontime":0},{"id":8,"on":true,"hue":33832,"sat":141,"bri":169,"reactiontime":0},{"id":9,"on":true,"hue":33832,"sat":141,"bri":169,"reactiontime":0}]' (Thread[AWT-EventQueue-0,6,main])
Hue: Not authenticated; queueing command. (Thread[AWT-EventQueue-0,6,main])
Hue: Hue.js: issueCommand(): '[{"id":7,"on":true,"hue":33343,"sat":134,"bri":277,"reactiontime":0},{"id":8,"on":true,"hue":33343,"sat":134,"bri":277,"reactiontime":0},{"id":9,"on":true,"hue":33343,"sat":134,"bri":277,"reactiontime":0}]' (Thread[AWT-EventQueue-0,6,main])
Hue: Not authenticated; queueing command. (Thread[AWT-EventQueue-0,6,main])
Hue: Hue.js: issueCommand(): '[{"id":7,"on":true,"hue":34125,"sat":132,"bri":290,"reactiontime":0},{"id":8,"on":true,"hue":34125,"sat":132,"bri":290,"reactiontime":0},{"id":9,"on":true,"hue":34125,"sat":132,"bri":290,"reactiontime":0}]' (Thread[AWT-EventQueue-0,6,main])
Hue: Not authenticated; queueing command. (Thread[AWT-EventQueue-0,6,main])
Hue: Hue.js: issueCommand(): '[{"id":7,"on":true,"hue":30605,"sat":130,"bri":252,"reactiontime":0},{"id":8,"on":true,"hue":30605,"sat":130,"bri":252,"reactiontime":0},{"id":9,"on":true,"hue":30605,"sat":130,"bri":252,"reactiontime":0}]' (Thread[AWT-EventQueue-0,6,main])
Hue: Not authenticated; queueing command. (Thread[AWT-EventQueue-0,6,main])
Hue: Hue.js: issueCommand(): '[{"id":7,"on":true,"hue":29041,"sat":144,"bri":275,"reactiontime":0},{"id":8,"on":true,"hue":29041,"sat":144,"bri":275,"reactiontime":0},{"id":9,"on":true,"hue":29041,"sat":144,"bri":275,"reactiontime":0}]' (Thread[AWT-EventQueue-0,6,main])
Hue: Not authenticated; queueing command. (Thread[AWT-EventQueue-0,6,main])
Hue: Hue.js: issueCommand(): '[{"id":7,"on":true,"hue":31583,"sat":148,"bri":300,"reactiontime":0},{"id":8,"on":true,"hue":31583,"sat":148,"bri":300,"reactiontime":0},{"id":9,"on":true,"hue":31583,"sat":148,"bri":300,"reactiontime":0}]' (Thread[AWT-EventQueue-0,6,main])
Hue: Not authenticated; queueing command. (Thread[AWT-EventQueue-0,6,main])
Hue: Hue.js: issueCommand(): '[{"id":7,"on":true,"hue":39503,"sat":101,"bri":165,"reactiontime":0},{"id":8,"on":true,"hue":39503,"sat":101,"bri":165,"reactiontime":0},{"id":9,"on":true,"hue":39503,"sat":101,"bri":165,"reactiontime":0}]' (Thread[AWT-EventQueue-0,6,main])
Hue: Not authenticated; queueing command. (Thread[AWT-EventQueue-0,6,main])
Hue: Hue.js: issueCommand(): '[{"id":7,"on":true,"hue":35494,"sat":113,"bri":173,"reactiontime":0},{"id":8,"on":true,"hue":35494,"sat":113,"bri":173,"reactiontime":0},{"id":9,"on":true,"hue":35494,"sat":113,"bri":173,"reactiontime":0}]' (Thread[AWT-EventQueue-0,6,main])
Hue: Not authenticated; queueing command. (Thread[AWT-EventQueue-0,6,main])
Hue: Hue.js: issueCommand(): '[{"id":7,"on":true,"hue":23663,"sat":131,"bri":126,"reactiontime":0},{"id":8,"on":true,"hue":23663,"sat":131,"bri":126,"reactiontime":0},{"id":9,"on":true,"hue":23663,"sat":131,"bri":126,"reactiontime":0}]' (Thread[AWT-EventQueue-0,6,main])
Hue: Not authenticated; queueing command. (Thread[AWT-EventQueue-0,6,main])
Hue: Hue.js: issueCommand(): '[{"id":7,"on":true,"hue":39699,"sat":174,"bri":170,"reactiontime":0},{"id":8,"on":true,"hue":39699,"sat":174,"bri":170,"reactiontime":0},{"id":9,"on":true,"hue":39699,"sat":174,"bri":170,"reactiontime":0}]' (Thread[AWT-EventQueue-0,6,main])
Hue: Not authenticated; queueing command. (Thread[AWT-EventQueue-0,6,main])
Hue: Hue.js: issueCommand(): '[{"id":7,"on":true,"hue":28161,"sat":156,"bri":229,"reactiontime":0},{"id":8,"on":true,"hue":28161,"sat":156,"bri":229,"reactiontime":0},{"id":9,"on":true,"hue":28161,"sat":156,"bri":229,"reactiontime":0}]' (Thread[AWT-EventQueue-0,6,main])
Hue: Not authenticated; queueing command. (Thread[AWT-EventQueue-0,6,main])
Hue: Hue.js: issueCommand(): '[{"id":7,"on":true,"hue":36081,"sat":130,"bri":271,"reactiontime":0},{"id":8,"on":true,"hue":36081,"sat":130,"bri":271,"reactiontime":0},{"id":9,"on":true,"hue":36081,"sat":130,"bri":271,"reactiontime":0}]' (Thread[AWT-EventQueue-0,6,main])
Hue: Not authenticated; queueing command. (Thread[AWT-EventQueue-0,6,main])
Hue: Hue.js: issueCommand(): '[{"id":7,"on":true,"hue":31485,"sat":146,"bri":126,"reactiontime":0},{"id":8,"on":true,"hue":31485,"sat":146,"bri":126,"reactiontime":0},{"id":9,"on":true,"hue":31485,"sat":146,"bri":126,"reactiontime":0}]' (Thread[AWT-EventQueue-0,6,main])
Hue: Not authenticated; queueing command. (Thread[AWT-EventQueue-0,6,main])
Hue: Hue.js: issueCommand(): '[{"id":7,"on":true,"hue":29041,"sat":115,"bri":226,"reactiontime":0},{"id":8,"on":true,"hue":29041,"sat":115,"bri":226,"reactiontime":0},{"id":9,"on":true,"hue":29041,"sat":115,"bri":226,"reactiontime":0}]' (Thread[AWT-EventQueue-0,6,main])
Hue: Not authenticated; queueing command. (Thread[AWT-EventQueue-0,6,main])
Hue: Hue.js: issueCommand(): '[{"id":7,"on":true,"hue":32463,"sat":158,"bri":207,"reactiontime":0},{"id":8,"on":true,"hue":32463,"sat":158,"bri":207,"reactiontime":0},{"id":9,"on":true,"hue":32463,"sat":158,"bri":207,"reactiontime":0}]' (Thread[AWT-EventQueue-0,6,main])
Hue: Not authenticated; queueing command. (Thread[AWT-EventQueue-0,6,main])
Hue: Hue.js: issueCommand(): '[{"id":7,"on":true,"hue":32072,"sat":127,"bri":195,"reactiontime":0},{"id":8,"on":true,"hue":32072,"sat":127,"bri":195,"reactiontime":0},{"id":9,"on":true,"hue":32072,"sat":127,"bri":195,"reactiontime":0}]' (Thread[AWT-EventQueue-0,6,main])
Hue: Not authenticated; queueing command. (Thread[AWT-EventQueue-0,6,main])
Hue: Hue.js: issueCommand(): '[{"id":7,"on":true,"hue":27672,"sat":127,"bri":220,"reactiontime":0},{"id":8,"on":true,"hue":27672,"sat":127,"bri":220,"reactiontime":0},{"id":9,"on":true,"hue":27672,"sat":127,"bri":220,"reactiontime":0}]' (Thread[AWT-EventQueue-0,6,main])
Hue: Not authenticated; queueing command. (Thread[AWT-EventQueue-0,6,main])
Hue: Hue.js: issueCommand(): '[{"id":7,"on":true,"hue":18187,"sat":120,"bri":231,"reactiontime":0},{"id":8,"on":true,"hue":18187,"sat":120,"bri":231,"reactiontime":0},{"id":9,"on":true,"hue":18187,"sat":120,"bri":231,"reactiontime":0}]' (Thread[AWT-EventQueue-0,6,main])
Hue: Not authenticated; queueing command. (Thread[AWT-EventQueue-0,6,main])
Hue: Hue.js: issueCommand(): '[{"id":7,"on":true,"hue":26694,"sat":146,"bri":245,"reactiontime":0},{"id":8,"on":true,"hue":26694,"sat":146,"bri":245,"reactiontime":0},{"id":9,"on":true,"hue":26694,"sat":146,"bri":245,"reactiontime":0}]' (Thread[AWT-EventQueue-0,6,main])
Hue: Not authenticated; queueing command. (Thread[AWT-EventQueue-0,6,main])
Hue: Hue.js: issueCommand(): '[{"id":7,"on":true,"hue":25423,"sat":136,"bri":297,"reactiontime":0},{"id":8,"on":true,"hue":25423,"sat":136,"bri":297,"reactiontime":0},{"id":9,"on":true,"hue":25423,"sat":136,"bri":297,"reactiontime":0}]' (Thread[AWT-EventQueue-0,6,main])
Hue: Not authenticated; queueing command. (Thread[AWT-EventQueue-0,6,main])
Hue: Hue.js: issueCommand(): '[{"id":7,"on":true,"hue":37059,"sat":138,"bri":199,"reactiontime":0},{"id":8,"on":true,"hue":37059,"sat":138,"bri":199,"reactiontime":0},{"id":9,"on":true,"hue":37059,"sat":138,"bri":199,"reactiontime":0}]' (Thread[AWT-EventQueue-0,6,main])
Hue: Not authenticated; queueing command. (Thread[AWT-EventQueue-0,6,main])
Hue: Hue.js: issueCommand(): '[{"id":7,"on":true,"hue":22880,"sat":111,"bri":208,"reactiontime":0},{"id":8,"on":true,"hue":22880,"sat":111,"bri":208,"reactiontime":0},{"id":9,"on":true,"hue":22880,"sat":111,"bri":208,"reactiontime":0}]' (Thread[AWT-EventQueue-0,6,main])
Hue: Not authenticated; queueing command. (Thread[AWT-EventQueue-0,6,main])
Hue: Hue.js: issueCommand(): '[{"id":7,"on":true,"hue":25618,"sat":89,"bri":209,"reactiontime":0},{"id":8,"on":true,"hue":25618,"sat":89,"bri":209,"reactiontime":0},{"id":9,"on":true,"hue":25618,"sat":89,"bri":209,"reactiontime":0}]' (Thread[AWT-EventQueue-0,6,main])
Hue: Not authenticated; queueing command. (Thread[AWT-EventQueue-0,6,main])
Hue: Hue.js: issueCommand(): '[{"id":7,"on":true,"hue":35299,"sat":149,"bri":259,"reactiontime":0},{"id":8,"on":true,"hue":35299,"sat":149,"bri":259,"reactiontime":0},{"id":9,"on":true,"hue":35299,"sat":149,"bri":259,"reactiontime":0}]' (Thread[AWT-EventQueue-0,6,main])
Hue: Not authenticated; queueing command. (Thread[AWT-EventQueue-0,6,main])
Hue: Hue.js: issueCommand(): '[{"id":7,"on":true,"hue":28161,"sat":134,"bri":289,"reactiontime":0},{"id":8,"on":true,"hue":28161,"sat":134,"bri":289,"reactiontime":0},{"id":9,"on":true,"hue":28161,"sat":134,"bri":289,"reactiontime":0}]' (Thread[AWT-EventQueue-0,6,main])
Hue: Not authenticated; queueing command. (Thread[AWT-EventQueue-0,6,main])
Hue: Hue.js: issueCommand(): '[{"id":7,"on":true,"hue":31974,"sat":142,"bri":245,"reactiontime":0},{"id":8,"on":true,"hue":31974,"sat":142,"bri":245,"reactiontime":0},{"id":9,"on":true,"hue":31974,"sat":142,"bri":245,"reactiontime":0}]' (Thread[AWT-EventQueue-0,6,main])
Hue: Not authenticated; queueing command. (Thread[AWT-EventQueue-0,6,main])
Hue: Hue.js: issueCommand(): '[{"id":7,"on":true,"hue":30214,"sat":129,"bri":177,"reactiontime":0},{"id":8,"on":true,"hue":30214,"sat":129,"bri":177,"reactiontime":0},{"id":9,"on":true,"hue":30214,"sat":129,"bri":177,"reactiontime":0}]' (Thread[AWT-EventQueue-0,6,main])
Hue: Not authenticated; queueing command. (Thread[AWT-EventQueue-0,6,main])
ExportHTMLTimer went off after 30000 ms., calling getDirector().finish and getDirector().stopFire()
30115 ms. Memory: 1904128K Free: 254342K (13%)
Exported /home/travis/build/icyphy/ptII/org/terraswarm/accessor/demo/Hue/MotionLights/index.html
38715 ms. Memory: 2088960K Free: 1453956K (70%)
####### 77 Thu May 31 20:56:44 UTC 2018 $PTII/bin/ptinvoke ptolemy.vergil.basic.export.ExportModel -force htm -run -openComposites -timeOut 30000 -whiteBackground org/terraswarm/accessor/demo/Hue/OccupancyLights.xml $PTII/org/terraswarm/accessor/demo/Hue/OccupancyLights
Running .OccupancyLights
Hue2: Attempting to connect to: http://10.0.0.235/api/ZAjh9AYL6s795RlqgaW0CzupRXrdpSQIqfyOnVyk/lights/ (Thread[AWT-EventQueue-0,6,main])
Hue2: Making an HTTP request. (Thread[AWT-EventQueue-0,6,main])
Hue2: Hue.js: issueCommand(): '[{"id":"2","on":false}]' (Thread[AWT-EventQueue-0,6,main])
Hue2: Not authenticated; queueing command. (Thread[AWT-EventQueue-0,6,main])
Hue2: Hue.js: issueCommand(): '[{"id":"2","on":false}]' (Thread[AWT-EventQueue-0,6,main])
Hue2: Not authenticated; queueing command. (Thread[AWT-EventQueue-0,6,main])
Hue2: Hue.js: issueCommand(): '[{"id":"2","on":false}]' (Thread[AWT-EventQueue-0,6,main])
Hue2: Not authenticated; queueing command. (Thread[AWT-EventQueue-0,6,main])
Hue2: Hue.js: issueCommand(): '[{"id":"2","on":false}]' (Thread[AWT-EventQueue-0,6,main])
Hue2: Not authenticated; queueing command. (Thread[AWT-EventQueue-0,6,main])
Hue2: Hue.js: issueCommand(): '[{"id":"2","on":false}]' (Thread[AWT-EventQueue-0,6,main])
Hue2: Not authenticated; queueing command. (Thread[AWT-EventQueue-0,6,main])
Hue2: Hue.js: issueCommand(): '[{"id":"2","on":false}]' (Thread[AWT-EventQueue-0,6,main])
Hue2: Not authenticated; queueing command. (Thread[AWT-EventQueue-0,6,main])
Hue2: Hue.js: issueCommand(): '[{"id":"2","on":false}]' (Thread[AWT-EventQueue-0,6,main])
Hue2: Not authenticated; queueing command. (Thread[AWT-EventQueue-0,6,main])
ExportHTMLTimer went off after 30000 ms., calling getDirector().finish and getDirector().stopFire()
ExportHTMLTimer went off after 60000 ms., calling manager.stop().
60084 ms. Memory: 2040832K Free: 889309K (44%)
Exported /home/travis/build/icyphy/ptII/org/terraswarm/accessor/demo/Hue/OccupancyLights/index.html
67671 ms. Memory: 2040832K Free: 846780K (41%)
####### 78 Thu May 31 20:57:52 UTC 2018 $PTII/bin/ptinvoke ptolemy.vergil.basic.export.ExportModel -force htm -run -openComposites -timeOut 30000 -whiteBackground org/terraswarm/accessor/demo/Lifx/Lifx.xml $PTII/org/terraswarm/accessor/demo/Lifx/Lifx
Running .Lifx
Lifx: Start discovery: Broadcast at 255.255.255.255:56700... undefined (Thread[vert.x-eventloop-thread-3,6,main])
Lifx: Start discovery: Broadcast at 255.255.255.255:56700... undefined (Thread[vert.x-eventloop-thread-3,6,main])
Lifx: Start discovery: Broadcast at 255.255.255.255:56700... undefined (Thread[vert.x-eventloop-thread-3,6,main])
Lifx: Start discovery: Broadcast at 255.255.255.255:56700... undefined (Thread[vert.x-eventloop-thread-3,6,main])
20097 ms. Memory: 2059264K Free: 477845K (23%)
Exported /home/travis/build/icyphy/ptII/org/terraswarm/accessor/demo/Lifx/Lifx/index.html
28800 ms. Memory: 2066432K Free: 1131439K (55%)
####### 79 Thu May 31 20:58:20 UTC 2018 $PTII/bin/ptinvoke ptolemy.vergil.basic.export.ExportModel -force htm -run -openComposites -timeOut 30000 -whiteBackground org/terraswarm/accessor/demo/NaturalLanguage/NaturalLanguage.xml $PTII/org/terraswarm/accessor/demo/NaturalLanguage/NaturalLanguage
Running .NaturalLanguage
NaturalLanguage: Making an HTTP request. (Thread[AWT-EventQueue-0,6,main])
NaturalLanguage: Making an HTTP request. (Thread[AWT-EventQueue-0,6,main])
NaturalLanguage: Making an HTTP request. (Thread[AWT-EventQueue-0,6,main])
12414 ms. Memory: 2114560K Free: 976125K (46%)
Exported /home/travis/build/icyphy/ptII/org/terraswarm/accessor/demo/NaturalLanguage/NaturalLanguage/index.html
21045 ms. Memory: 2114560K Free: 940186K (44%)
####### 80 Thu May 31 20:58:41 UTC 2018 $PTII/bin/ptinvoke ptolemy.vergil.basic.export.ExportModel -force htm -run -openComposites -timeOut 30000 -whiteBackground org/terraswarm/accessor/demo/Scarab/Scarab.xml $PTII/org/terraswarm/accessor/demo/Scarab/Scarab
Running .Scarab
Scarab: Connection failed. Will try again: connection timed out: /192.168.0.111:9090 (Thread[vert.x-eventloop-thread-3,6,main])
Scarab: Connection failed. Will try again: connection timed out: /192.168.0.111:9090 (Thread[vert.x-eventloop-thread-3,6,main])
Scarab: Connection failed. Will try again: connection timed out: /192.168.0.111:9090 (Thread[vert.x-eventloop-thread-3,6,main])
Scarab: Connection failed. Will try again: connection timed out: /192.168.0.111:9090 (Thread[vert.x-eventloop-thread-3,6,main])
Scarab: Connection failed. Will try again: connection timed out: /192.168.0.111:9090 (Thread[vert.x-eventloop-thread-3,6,main])
Scarab: Connection failed. Will try again: connection timed out: /192.168.0.111:9090 (Thread[vert.x-eventloop-thread-3,6,main])
Scarab: Connection failed. Will try again: connection timed out: /192.168.0.111:9090 (Thread[vert.x-eventloop-thread-3,6,main])
Scarab: Connection failed. Will try again: connection timed out: /192.168.0.111:9090 (Thread[vert.x-eventloop-thread-3,6,main])
Scarab: Connection failed. Will try again: connection timed out: /192.168.0.111:9090 (Thread[vert.x-eventloop-thread-3,6,main])
Scarab: Connection failed. Will try again: connection timed out: /192.168.0.111:9090 (Thread[vert.x-eventloop-thread-3,6,main])
Scarab: Connection failed. Will try again: connection timed out: /192.168.0.111:9090 (Thread[vert.x-eventloop-thread-3,6,main])
Scarab: Connection failed. Will try again: connection timed out: /192.168.0.111:9090 (Thread[vert.x-eventloop-thread-3,6,main])
Scarab: Sending over socket: {"op":"publish","topic":"/scarab/lucy/cmd_vel","msg":{"angular":{"x":0,"y":0,"z":0},"linear":{"x":0,"y":0,"z":0}}} (Thread[AWT-EventQueue-0,6,main])
Scarab: Sending over socket: {"op":"publish","topic":"/scarab/lucy/cmd_vel","msg":{"angular":{"x":0,"y":0,"z":0.6355436197916666},"linear":{"x":0,"y":0,"z":0}}} (Thread[AWT-EventQueue-0,6,main])
Scarab: Sending over socket: {"op":"publish","topic":"/scarab/lucy/cmd_vel","msg":{"angular":{"x":0,"y":0,"z":2.367255859375},"linear":{"x":0,"y":0,"z":0}}} (Thread[AWT-EventQueue-0,6,main])
Scarab: Sending over socket: {"op":"publish","topic":"/scarab/lucy/cmd_vel","msg":{"angular":{"x":0,"y":0,"z":2.7701021321614583},"linear":{"x":0,"y":0,"z":0}}} (Thread[AWT-EventQueue-0,6,main])
Scarab: Sending over socket: {"op":"publish","topic":"/scarab/lucy/cmd_vel","msg":{"angular":{"x":0,"y":0,"z":0.7719226074218751},"linear":{"x":0,"y":0,"z":0}}} (Thread[AWT-EventQueue-0,6,main])
Scarab: Sending over socket: {"op":"publish","topic":"/scarab/lucy/cmd_vel","msg":{"angular":{"x":0,"y":0,"z":-1.213885498046875},"linear":{"x":0,"y":0,"z":0}}} (Thread[AWT-EventQueue-0,6,main])
Scarab: Sending over socket: {"op":"publish","topic":"/scarab/lucy/cmd_vel","msg":{"angular":{"x":0,"y":0,"z":1.0409242757161459},"linear":{"x":0,"y":0,"z":0}}} (Thread[AWT-EventQueue-0,6,main])
Scarab: Sending over socket: {"op":"publish","topic":"/scarab/lucy/cmd_vel","msg":{"angular":{"x":0,"y":0,"z":0.6851904296875},"linear":{"x":0,"y":0,"z":0}}} (Thread[AWT-EventQueue-0,6,main])
Scarab: Sending over socket: {"op":"publish","topic":"/scarab/lucy/cmd_vel","msg":{"angular":{"x":0,"y":0,"z":1.1172989908854167},"linear":{"x":0,"y":0,"z":0}}} (Thread[AWT-EventQueue-0,6,main])
Scarab: Sending over socket: {"op":"publish","topic":"/scarab/lucy/cmd_vel","msg":{"angular":{"x":0,"y":0,"z":1.5276031494140627},"linear":{"x":0,"y":0,"z":0}}} (Thread[AWT-EventQueue-0,6,main])
Scarab: Sending over socket: {"op":"publish","topic":"/scarab/lucy/cmd_vel","msg":{"angular":{"x":0,"y":0,"z":-0.07871622721354166},"linear":{"x":0,"y":0,"z":0}}} (Thread[AWT-EventQueue-0,6,main])
Scarab: Sending over socket: {"op":"publish","topic":"/scarab/lucy/cmd_vel","msg":{"angular":{"x":0,"y":0,"z":2.535847981770833},"linear":{"x":0,"y":0,"z":0}}} (Thread[AWT-EventQueue-0,6,main])
Scarab: Sending over socket: {"op":"publish","topic":"/scarab/lucy/cmd_vel","msg":{"angular":{"x":0,"y":0,"z":1.3503295898437502},"linear":{"x":0,"y":0,"z":0}}} (Thread[AWT-EventQueue-0,6,main])
Scarab: Sending over socket: {"op":"publish","topic":"/scarab/lucy/cmd_vel","msg":{"angular":{"x":0,"y":0,"z":0.676748046875},"linear":{"x":0,"y":0,"z":0}}} (Thread[AWT-EventQueue-0,6,main])
Scarab: Sending over socket: {"op":"publish","topic":"/scarab/lucy/cmd_vel","msg":{"angular":{"x":0,"y":0,"z":0.8481858317057294},"linear":{"x":0,"y":0,"z":0}}} (Thread[AWT-EventQueue-0,6,main])
Scarab: Sending over socket: {"op":"publish","topic":"/scarab/lucy/cmd_vel","msg":{"angular":{"x":0,"y":0,"z":0.48231343587239583},"linear":{"x":0,"y":0,"z":0}}} (Thread[AWT-EventQueue-0,6,main])
Scarab: Connection failed. Will try again: connection timed out: /192.168.0.111:9090 (Thread[vert.x-eventloop-thread-3,6,main])
Scarab: Connection failed. Will try again: connection timed out: /192.168.0.111:9090 (Thread[vert.x-eventloop-thread-3,6,main])
Scarab: Connection failed. Will try again: connection timed out: /192.168.0.111:9090 (Thread[vert.x-eventloop-thread-3,6,main])
Scarab: Sending over socket: {"op":"publish","topic":"/scarab/lucy/cmd_vel","msg":{"angular":{"x":0,"y":0,"z":1.174581298828125},"linear":{"x":0,"y":0,"z":0}}} (Thread[AWT-EventQueue-0,6,main])
Scarab: Connection failed. Will try again: connection timed out: /192.168.0.111:9090 (Thread[vert.x-eventloop-thread-3,6,main])
Scarab: Connection failed. Will try again: connection timed out: /192.168.0.111:9090 (Thread[vert.x-eventloop-thread-3,6,main])
Scarab: Connection failed. Will try again: connection timed out: /192.168.0.111:9090 (Thread[vert.x-eventloop-thread-3,6,main])
Scarab: Sending over socket: {"op":"publish","topic":"/scarab/lucy/cmd_vel","msg":{"angular":{"x":0,"y":0,"z":0.12312683105468751},"linear":{"x":0,"y":0,"z":0}}} (Thread[AWT-EventQueue-0,6,main])
Scarab: Sending over socket: {"op":"publish","topic":"/scarab/lucy/cmd_vel","msg":{"angular":{"x":0,"y":0,"z":0.025673624674479166},"linear":{"x":0,"y":0,"z":0}}} (Thread[AWT-EventQueue-0,6,main])
Scarab: Sending over socket: {"op":"publish","topic":"/scarab/lucy/cmd_vel","msg":{"angular":{"x":0,"y":0,"z":1.6759399414062504},"linear":{"x":0,"y":0,"z":0}}} (Thread[AWT-EventQueue-0,6,main])
Scarab: Sending over socket: {"op":"publish","topic":"/scarab/lucy/cmd_vel","msg":{"angular":{"x":0,"y":0,"z":1.994739990234375},"linear":{"x":0,"y":0,"z":0}}} (Thread[AWT-EventQueue-0,6,main])
Scarab: Sending over socket: {"op":"publish","topic":"/scarab/lucy/cmd_vel","msg":{"angular":{"x":0,"y":0,"z":2.283026123046875},"linear":{"x":0,"y":0,"z":0}}} (Thread[AWT-EventQueue-0,6,main])
Scarab: Sending over socket: {"op":"publish","topic":"/scarab/lucy/cmd_vel","msg":{"angular":{"x":0,"y":0,"z":1.8733235677083333},"linear":{"x":0,"y":0,"z":0}}} (Thread[AWT-EventQueue-0,6,main])
Scarab: Sending over socket: {"op":"publish","topic":"/scarab/lucy/cmd_vel","msg":{"angular":{"x":0,"y":0,"z":1.1065234375000002},"linear":{"x":0,"y":0,"z":0}}} (Thread[AWT-EventQueue-0,6,main])
Scarab: Sending over socket: {"op":"publish","topic":"/scarab/lucy/cmd_vel","msg":{"angular":{"x":0,"y":0,"z":-1.216036376953125},"linear":{"x":0,"y":0,"z":0}}} (Thread[AWT-EventQueue-0,6,main])
Scarab: Sending over socket: {"op":"publish","topic":"/scarab/lucy/cmd_vel","msg":{"angular":{"x":0,"y":0,"z":-1.348809814453125},"linear":{"x":0,"y":0,"z":0}}} (Thread[AWT-EventQueue-0,6,main])
Scarab: Sending over socket: {"op":"publish","topic":"/scarab/lucy/cmd_vel","msg":{"angular":{"x":0,"y":0,"z":0.4037369791666666},"linear":{"x":0,"y":0,"z":0}}} (Thread[AWT-EventQueue-0,6,main])
Scarab: Sending over socket: {"op":"publish","topic":"/scarab/lucy/cmd_vel","msg":{"angular":{"x":0,"y":0,"z":-0.8173419189453126},"linear":{"x":0,"y":0,"z":0}}} (Thread[AWT-EventQueue-0,6,main])
Scarab: Sending over socket: {"op":"publish","topic":"/scarab/lucy/cmd_vel","msg":{"angular":{"x":0,"y":0,"z":0.05130289713541667},"linear":{"x":0,"y":0,"z":0}}} (Thread[AWT-EventQueue-0,6,main])
Scarab: Sending over socket: {"op":"publish","topic":"/scarab/lucy/cmd_vel","msg":{"angular":{"x":0,"y":0,"z":-0.11774658203125002},"linear":{"x":0,"y":0,"z":0}}} (Thread[AWT-EventQueue-0,6,main])
Scarab: Sending over socket: {"op":"publish","topic":"/scarab/lucy/cmd_vel","msg":{"angular":{"x":0,"y":0,"z":0.5241044108072918},"linear":{"x":0,"y":0,"z":0}}} (Thread[AWT-EventQueue-0,6,main])
Scarab: Sending over socket: {"op":"publish","topic":"/scarab/lucy/cmd_vel","msg":{"angular":{"x":0,"y":0,"z":1.5088861083984377},"linear":{"x":0,"y":0,"z":0}}} (Thread[AWT-EventQueue-0,6,main])
Scarab: Sending over socket: {"op":"publish","topic":"/scarab/lucy/cmd_vel","msg":{"angular":{"x":0,"y":0,"z":0.91968994140625},"linear":{"x":0,"y":0,"z":0}}} (Thread[AWT-EventQueue-0,6,main])
Scarab: Sending over socket: {"op":"publish","topic":"/scarab/lucy/cmd_vel","msg":{"angular":{"x":0,"y":0,"z":0.18338745117187502},"linear":{"x":0,"y":0,"z":0}}} (Thread[AWT-EventQueue-0,6,main])
Scarab: Connection failed. Will try again: connection timed out: /192.168.0.111:9090 (Thread[vert.x-eventloop-thread-3,6,main])
Scarab: Connection failed. Will try again: connection timed out: /192.168.0.111:9090 (Thread[vert.x-eventloop-thread-3,6,main])
Scarab: Connection failed. Will try again: connection timed out: /192.168.0.111:9090 (Thread[vert.x-eventloop-thread-3,6,main])
Scarab: Connection failed. Will try again: connection timed out: /192.168.0.111:9090 (Thread[vert.x-eventloop-thread-3,6,main])
Scarab: Sending over socket: {"op":"publish","topic":"/scarab/lucy/cmd_vel","msg":{"angular":{"x":0,"y":0,"z":-1.818482666015625},"linear":{"x":0,"y":0,"z":0}}} (Thread[AWT-EventQueue-0,6,main])
Scarab: Connection failed. Will try again: connection timed out: /192.168.0.111:9090 (Thread[vert.x-eventloop-thread-3,6,main])
Scarab: Connection failed. Will try again: connection timed out: /192.168.0.111:9090 (Thread[vert.x-eventloop-thread-3,6,main])
Scarab: Sending over socket: {"op":"publish","topic":"/scarab/lucy/cmd_vel","msg":{"angular":{"x":0,"y":0,"z":-1.4746441650390625},"linear":{"x":0,"y":0,"z":0}}} (Thread[AWT-EventQueue-0,6,main])
Scarab: Sending over socket: {"op":"publish","topic":"/scarab/lucy/cmd_vel","msg":{"angular":{"x":0,"y":0,"z":-0.20579874674479165},"linear":{"x":0,"y":0,"z":0}}} (Thread[AWT-EventQueue-0,6,main])
Scarab: Sending over socket: {"op":"publish","topic":"/scarab/lucy/cmd_vel","msg":{"angular":{"x":0,"y":0,"z":-0.6988962809244793},"linear":{"x":0,"y":0,"z":0}}} (Thread[AWT-EventQueue-0,6,main])
Scarab: Sending over socket: {"op":"publish","topic":"/scarab/lucy/cmd_vel","msg":{"angular":{"x":0,"y":0,"z":-1.5176171875000002},"linear":{"x":0,"y":0,"z":0}}} (Thread[AWT-EventQueue-0,6,main])
Scarab: Sending over socket: {"op":"publish","topic":"/scarab/lucy/cmd_vel","msg":{"angular":{"x":0,"y":0,"z":-1.9827355957031247},"linear":{"x":0,"y":0,"z":0}}} (Thread[AWT-EventQueue-0,6,main])
Scarab: Sending over socket: {"op":"publish","topic":"/scarab/lucy/cmd_vel","msg":{"angular":{"x":0,"y":0,"z":1.1324348958333332},"linear":{"x":0,"y":0,"z":0}}} (Thread[AWT-EventQueue-0,6,main])
Scarab: Sending over socket: {"op":"publish","topic":"/scarab/lucy/cmd_vel","msg":{"angular":{"x":0,"y":0,"z":3.466838582356771},"linear":{"x":0,"y":0,"z":0}}} (Thread[AWT-EventQueue-0,6,main])
Scarab: Sending over socket: {"op":"publish","topic":"/scarab/lucy/cmd_vel","msg":{"angular":{"x":0,"y":0,"z":0.6942842610677084},"linear":{"x":0,"y":0,"z":0}}} (Thread[AWT-EventQueue-0,6,main])
Scarab: Sending over socket: {"op":"publish","topic":"/scarab/lucy/cmd_vel","msg":{"angular":{"x":0,"y":0,"z":-0.2080615234375},"linear":{"x":0,"y":0,"z":0}}} (Thread[AWT-EventQueue-0,6,main])
Scarab: Sending over socket: {"op":"publish","topic":"/scarab/lucy/cmd_vel","msg":{"angular":{"x":0,"y":0,"z":0.15056864420572916},"linear":{"x":0,"y":0,"z":0}}} (Thread[AWT-EventQueue-0,6,main])
Scarab: Sending over socket: {"op":"publish","topic":"/scarab/lucy/cmd_vel","msg":{"angular":{"x":0,"y":0,"z":0.9989270019531249},"linear":{"x":0,"y":0,"z":0}}} (Thread[AWT-EventQueue-0,6,main])
Scarab: Sending over socket: {"op":"publish","topic":"/scarab/lucy/cmd_vel","msg":{"angular":{"x":0,"y":0,"z":1.1075358072916666},"linear":{"x":0,"y":0,"z":0}}} (Thread[AWT-EventQueue-0,6,main])
Scarab: Sending over socket: {"op":"publish","topic":"/scarab/lucy/cmd_vel","msg":{"angular":{"x":0,"y":0,"z":2.106103515625},"linear":{"x":0,"y":0,"z":0}}} (Thread[AWT-EventQueue-0,6,main])
Scarab: Sending over socket: {"op":"publish","topic":"/scarab/lucy/cmd_vel","msg":{"angular":{"x":0,"y":0,"z":2.078878173828125},"linear":{"x":0,"y":0,"z":0}}} (Thread[AWT-EventQueue-0,6,main])
Scarab: Connection failed. Will try again: connection timed out: /192.168.0.111:9090 (Thread[vert.x-eventloop-thread-3,6,main])
Scarab: Connection failed. Will try again: connection timed out: /192.168.0.111:9090 (Thread[vert.x-eventloop-thread-3,6,main])
Scarab: Connection failed. Will try again: connection timed out: /192.168.0.111:9090 (Thread[vert.x-eventloop-thread-3,6,main])
Scarab: Connection failed. Will try again: connection timed out: /192.168.0.111:9090 (Thread[vert.x-eventloop-thread-3,6,main])
Scarab: Connection failed. Will try again: connection timed out: /192.168.0.111:9090 (Thread[vert.x-eventloop-thread-3,6,main])
Scarab: Connection failed. Will try again: connection timed out: /192.168.0.111:9090 (Thread[vert.x-eventloop-thread-3,6,main])
Scarab: Sending over socket: {"op":"publish","topic":"/scarab/lucy/cmd_vel","msg":{"angular":{"x":0,"y":0,"z":-1.8550720214843754},"linear":{"x":0,"y":0,"z":0}}} (Thread[AWT-EventQueue-0,6,main])
Scarab: Sending over socket: {"op":"publish","topic":"/scarab/lucy/cmd_vel","msg":{"angular":{"x":0,"y":0,"z":-2.677073974609375},"linear":{"x":0,"y":0,"z":0}}} (Thread[AWT-EventQueue-0,6,main])
Scarab: Sending over socket: {"op":"publish","topic":"/scarab/lucy/cmd_vel","msg":{"angular":{"x":0,"y":0,"z":-0.11872802734375001},"linear":{"x":0,"y":0,"z":0}}} (Thread[AWT-EventQueue-0,6,main])
Scarab: Sending over socket: {"op":"publish","topic":"/scarab/lucy/cmd_vel","msg":{"angular":{"x":0,"y":0,"z":-0.229290771484375},"linear":{"x":0,"y":0,"z":0}}} (Thread[AWT-EventQueue-0,6,main])
Scarab: Sending over socket: {"op":"publish","topic":"/scarab/lucy/cmd_vel","msg":{"angular":{"x":0,"y":0,"z":-1.83853759765625},"linear":{"x":0,"y":0,"z":0}}} (Thread[AWT-EventQueue-0,6,main])
Scarab: Sending over socket: {"op":"publish","topic":"/scarab/lucy/cmd_vel","msg":{"angular":{"x":0,"y":0,"z":-1.6714742024739586},"linear":{"x":0,"y":0,"z":0}}} (Thread[AWT-EventQueue-0,6,main])
Scarab: Sending over socket: {"op":"publish","topic":"/scarab/lucy/cmd_vel","msg":{"angular":{"x":0,"y":0,"z":-0.7156087239583334},"linear":{"x":0,"y":0,"z":0}}} (Thread[AWT-EventQueue-0,6,main])
Scarab: Sending over socket: {"op":"publish","topic":"/scarab/lucy/cmd_vel","msg":{"angular":{"x":0,"y":0,"z":1.2265372721354169},"linear":{"x":0,"y":0,"z":0}}} (Thread[AWT-EventQueue-0,6,main])
Scarab: Sending over socket: {"op":"publish","topic":"/scarab/lucy/cmd_vel","msg":{"angular":{"x":0,"y":0,"z":1.153948974609375},"linear":{"x":0,"y":0,"z":0}}} (Thread[AWT-EventQueue-0,6,main])
Scarab: Sending over socket: {"op":"publish","topic":"/scarab/lucy/cmd_vel","msg":{"angular":{"x":0,"y":0,"z":0.07306457519531251},"linear":{"x":0,"y":0,"z":0}}} (Thread[AWT-EventQueue-0,6,main])
Scarab: Sending over socket: {"op":"publish","topic":"/scarab/lucy/cmd_vel","msg":{"angular":{"x":0,"y":0,"z":2.139386189778646},"linear":{"x":0,"y":0,"z":0}}} (Thread[AWT-EventQueue-0,6,main])
Scarab: Sending over socket: {"op":"publish","topic":"/scarab/lucy/cmd_vel","msg":{"angular":{"x":0,"y":0,"z":0.7328830973307292},"linear":{"x":0,"y":0,"z":0}}} (Thread[AWT-EventQueue-0,6,main])
Scarab: Sending over socket: {"op":"publish","topic":"/scarab/lucy/cmd_vel","msg":{"angular":{"x":0,"y":0,"z":2.2101057942708335},"linear":{"x":0,"y":0,"z":0}}} (Thread[AWT-EventQueue-0,6,main])
Scarab: Sending over socket: {"op":"publish","topic":"/scarab/lucy/cmd_vel","msg":{"angular":{"x":0,"y":0,"z":-0.06785888671875},"linear":{"x":0,"y":0,"z":0}}} (Thread[AWT-EventQueue-0,6,main])
Scarab: Connection failed. Will try again: connection timed out: /192.168.0.111:9090 (Thread[vert.x-eventloop-thread-3,6,main])
Scarab: Connection failed. Will try again: connection timed out: /192.168.0.111:9090 (Thread[vert.x-eventloop-thread-3,6,main])
Scarab: Connection failed. Will try again: connection timed out: /192.168.0.111:9090 (Thread[vert.x-eventloop-thread-3,6,main])
Scarab: Connection failed. Will try again: connection timed out: /192.168.0.111:9090 (Thread[vert.x-eventloop-thread-3,6,main])
Scarab: Connection failed. Will try again: connection timed out: /192.168.0.111:9090 (Thread[vert.x-eventloop-thread-3,6,main])
Scarab: Connection failed. Will try again: connection timed out: /192.168.0.111:9090 (Thread[vert.x-eventloop-thread-3,6,main])
Scarab: Sending over socket: {"op":"publish","topic":"/scarab/lucy/cmd_vel","msg":{"angular":{"x":0,"y":0,"z":0.27226888020833334},"linear":{"x":0,"y":0,"z":0}}} (Thread[AWT-EventQueue-0,6,main])
Scarab: Sending over socket: {"op":"publish","topic":"/scarab/lucy/cmd_vel","msg":{"angular":{"x":0,"y":0,"z":-0.18048095703125},"linear":{"x":0,"y":0,"z":0}}} (Thread[AWT-EventQueue-0,6,main])
Scarab: Sending over socket: {"op":"publish","topic":"/scarab/lucy/cmd_vel","msg":{"angular":{"x":0,"y":0,"z":2.504991455078125},"linear":{"x":0,"y":0,"z":0}}} (Thread[AWT-EventQueue-0,6,main])
Scarab: Sending over socket: {"op":"publish","topic":"/scarab/lucy/cmd_vel","msg":{"angular":{"x":0,"y":0,"z":0.4992643229166667},"linear":{"x":0,"y":0,"z":0}}} (Thread[AWT-EventQueue-0,6,main])
Scarab: Sending over socket: {"op":"publish","topic":"/scarab/lucy/cmd_vel","msg":{"angular":{"x":0,"y":0,"z":-0.7248612467447917},"linear":{"x":0,"y":0,"z":0}}} (Thread[AWT-EventQueue-0,6,main])
Scarab: Sending over socket: {"op":"publish","topic":"/scarab/lucy/cmd_vel","msg":{"angular":{"x":0,"y":0,"z":0.17694824218750002},"linear":{"x":0,"y":0,"z":0}}} (Thread[AWT-EventQueue-0,6,main])
Scarab: Sending over socket: {"op":"publish","topic":"/scarab/lucy/cmd_vel","msg":{"angular":{"x":0,"y":0,"z":2.357135009765625},"linear":{"x":0,"y":0,"z":0}}} (Thread[AWT-EventQueue-0,6,main])
Scarab: Sending over socket: {"op":"publish","topic":"/scarab/lucy/cmd_vel","msg":{"angular":{"x":0,"y":0,"z":0.8223636881510418},"linear":{"x":0,"y":0,"z":0}}} (Thread[AWT-EventQueue-0,6,main])
Scarab: Sending over socket: {"op":"publish","topic":"/scarab/lucy/cmd_vel","msg":{"angular":{"x":0,"y":0,"z":0.29984619140625},"linear":{"x":0,"y":0,"z":0}}} (Thread[AWT-EventQueue-0,6,main])
Scarab: Sending over socket: {"op":"publish","topic":"/scarab/lucy/cmd_vel","msg":{"angular":{"x":0,"y":0,"z":-1.2539046223958334},"linear":{"x":0,"y":0,"z":0}}} (Thread[AWT-EventQueue-0,6,main])
Scarab: Sending over socket: {"op":"publish","topic":"/scarab/lucy/cmd_vel","msg":{"angular":{"x":0,"y":0,"z":-1.7091255696614585},"linear":{"x":0,"y":0,"z":0}}} (Thread[AWT-EventQueue-0,6,main])
Scarab: Sending over socket: {"op":"publish","topic":"/scarab/lucy/cmd_vel","msg":{"angular":{"x":0,"y":0,"z":2.2737516276041667},"linear":{"x":0,"y":0,"z":0}}} (Thread[AWT-EventQueue-0,6,main])
Scarab: Sending over socket: {"op":"publish","topic":"/scarab/lucy/cmd_vel","msg":{"angular":{"x":0,"y":0,"z":1.1611444091796876},"linear":{"x":0,"y":0,"z":0}}} (Thread[AWT-EventQueue-0,6,main])
Scarab: Sending over socket: {"op":"publish","topic":"/scarab/lucy/cmd_vel","msg":{"angular":{"x":0,"y":0,"z":-0.27073588053385417},"linear":{"x":0,"y":0,"z":0}}} (Thread[AWT-EventQueue-0,6,main])
Scarab: Connection failed. Will try again: connection timed out: /192.168.0.111:9090 (Thread[vert.x-eventloop-thread-3,6,main])
Scarab: Connection failed. Will try again: connection timed out: /192.168.0.111:9090 (Thread[vert.x-eventloop-thread-3,6,main])
Scarab: Connection failed. Will try again: connection timed out: /192.168.0.111:9090 (Thread[vert.x-eventloop-thread-3,6,main])
Scarab: Connection failed. Will try again: connection timed out: /192.168.0.111:9090 (Thread[vert.x-eventloop-thread-3,6,main])
Scarab: Connection failed. Will try again: connection timed out: /192.168.0.111:9090 (Thread[vert.x-eventloop-thread-3,6,main])
Scarab: Sending over socket: {"op":"publish","topic":"/scarab/lucy/cmd_vel","msg":{"angular":{"x":0,"y":0,"z":1.09760986328125},"linear":{"x":0,"y":0,"z":0}}} (Thread[AWT-EventQueue-0,6,main])
Scarab: Connection failed. Will try again: connection timed out: /192.168.0.111:9090 (Thread[vert.x-eventloop-thread-3,6,main])
Scarab: Sending over socket: {"op":"publish","topic":"/scarab/lucy/cmd_vel","msg":{"angular":{"x":0,"y":0,"z":2.565104166666667},"linear":{"x":0,"y":0,"z":0}}} (Thread[AWT-EventQueue-0,6,main])
Scarab: Sending over socket: {"op":"publish","topic":"/scarab/lucy/cmd_vel","msg":{"angular":{"x":0,"y":0,"z":2.154080403645833},"linear":{"x":0,"y":0,"z":0}}} (Thread[AWT-EventQueue-0,6,main])
Scarab: Sending over socket: {"op":"publish","topic":"/scarab/lucy/cmd_vel","msg":{"angular":{"x":0,"y":0,"z":-0.05014851888020834},"linear":{"x":0,"y":0,"z":0}}} (Thread[AWT-EventQueue-0,6,main])
Scarab: Sending over socket: {"op":"publish","topic":"/scarab/lucy/cmd_vel","msg":{"angular":{"x":0,"y":0,"z":-0.036059977213541664},"linear":{"x":0,"y":0,"z":0}}} (Thread[AWT-EventQueue-0,6,main])
Scarab: Sending over socket: {"op":"publish","topic":"/scarab/lucy/cmd_vel","msg":{"angular":{"x":0,"y":0,"z":0.14616902669270834},"linear":{"x":0,"y":0,"z":0}}} (Thread[AWT-EventQueue-0,6,main])
Scarab: Sending over socket: {"op":"publish","topic":"/scarab/lucy/cmd_vel","msg":{"angular":{"x":0,"y":0,"z":0.8737996419270834},"linear":{"x":0,"y":0,"z":0}}} (Thread[AWT-EventQueue-0,6,main])
Scarab: Sending over socket: {"op":"publish","topic":"/scarab/lucy/cmd_vel","msg":{"angular":{"x":0,"y":0,"z":1.1311753336588544},"linear":{"x":0,"y":0,"z":0}}} (Thread[AWT-EventQueue-0,6,main])
Scarab: Sending over socket: {"op":"publish","topic":"/scarab/lucy/cmd_vel","msg":{"angular":{"x":0,"y":0,"z":0.8502408854166668},"linear":{"x":0,"y":0,"z":0}}} (Thread[AWT-EventQueue-0,6,main])
Scarab: Sending over socket: {"op":"publish","topic":"/scarab/lucy/cmd_vel","msg":{"angular":{"x":0,"y":0,"z":-1.3200988769531252},"linear":{"x":0,"y":0,"z":0}}} (Thread[AWT-EventQueue-0,6,main])
Scarab: Sending over socket: {"op":"publish","topic":"/scarab/lucy/cmd_vel","msg":{"angular":{"x":0,"y":0,"z":-1.5296323649088541},"linear":{"x":0,"y":0,"z":0}}} (Thread[AWT-EventQueue-0,6,main])
Scarab: Connection failed. Will try again: connection timed out: /192.168.0.111:9090 (Thread[vert.x-eventloop-thread-3,6,main])
Scarab: Connection failed. Will try again: connection timed out: /192.168.0.111:9090 (Thread[vert.x-eventloop-thread-3,6,main])
Scarab: Connection failed. Will try again: connection timed out: /192.168.0.111:9090 (Thread[vert.x-eventloop-thread-3,6,main])
Scarab: Connection failed. Will try again: connection timed out: /192.168.0.111:9090 (Thread[vert.x-eventloop-thread-3,6,main])
Scarab: Connection failed. Will try again: connection timed out: /192.168.0.111:9090 (Thread[vert.x-eventloop-thread-3,6,main])
Scarab: Connection failed. Will try again: connection timed out: /192.168.0.111:9090 (Thread[vert.x-eventloop-thread-3,6,main])
Scarab: Sending over socket: {"op":"publish","topic":"/scarab/lucy/cmd_vel","msg":{"angular":{"x":0,"y":0,"z":-0.9548779296875001},"linear":{"x":0,"y":0,"z":0}}} (Thread[AWT-EventQueue-0,6,main])
Scarab: Sending over socket: {"op":"publish","topic":"/scarab/lucy/cmd_vel","msg":{"angular":{"x":0,"y":0,"z":1.10494384765625},"linear":{"x":0,"y":0,"z":0}}} (Thread[AWT-EventQueue-0,6,main])
Scarab: Sending over socket: {"op":"publish","topic":"/scarab/lucy/cmd_vel","msg":{"angular":{"x":0,"y":0,"z":1.1899871826171875},"linear":{"x":0,"y":0,"z":0}}} (Thread[AWT-EventQueue-0,6,main])
Scarab: Sending over socket: {"op":"publish","topic":"/scarab/lucy/cmd_vel","msg":{"angular":{"x":0,"y":0,"z":-0.36486246744791667},"linear":{"x":0,"y":0,"z":0}}} (Thread[AWT-EventQueue-0,6,main])
Scarab: Sending over socket: {"op":"publish","topic":"/scarab/lucy/cmd_vel","msg":{"angular":{"x":0,"y":0,"z":-1.5113989257812501},"linear":{"x":0,"y":0,"z":0}}} (Thread[AWT-EventQueue-0,6,main])
Scarab: Sending over socket: {"op":"publish","topic":"/scarab/lucy/cmd_vel","msg":{"angular":{"x":0,"y":0,"z":-1.3738216145833335},"linear":{"x":0,"y":0,"z":0}}} (Thread[AWT-EventQueue-0,6,main])
Scarab: Sending over socket: {"op":"publish","topic":"/scarab/lucy/cmd_vel","msg":{"angular":{"x":0,"y":0,"z":-0.3581298828125},"linear":{"x":0,"y":0,"z":0}}} (Thread[AWT-EventQueue-0,6,main])
Scarab: Sending over socket: {"op":"publish","topic":"/scarab/lucy/cmd_vel","msg":{"angular":{"x":0,"y":0,"z":-0.5698819986979167},"linear":{"x":0,"y":0,"z":0}}} (Thread[AWT-EventQueue-0,6,main])
Scarab: Sending over socket: {"op":"publish","topic":"/scarab/lucy/cmd_vel","msg":{"angular":{"x":0,"y":0,"z":1.6220007324218753},"linear":{"x":0,"y":0,"z":0}}} (Thread[AWT-EventQueue-0,6,main])
Scarab: Sending over socket: {"op":"publish","topic":"/scarab/lucy/cmd_vel","msg":{"angular":{"x":0,"y":0,"z":0.6748209635416668},"linear":{"x":0,"y":0,"z":0}}} (Thread[AWT-EventQueue-0,6,main])
Scarab: Sending over socket: {"op":"publish","topic":"/scarab/lucy/cmd_vel","msg":{"angular":{"x":0,"y":0,"z":-1.2708862304687503},"linear":{"x":0,"y":0,"z":0}}} (Thread[AWT-EventQueue-0,6,main])
Scarab: Sending over socket: {"op":"publish","topic":"/scarab/lucy/cmd_vel","msg":{"angular":{"x":0,"y":0,"z":-0.890243123372396},"linear":{"x":0,"y":0,"z":0}}} (Thread[AWT-EventQueue-0,6,main])
Scarab: Sending over socket: {"op":"publish","topic":"/scarab/lucy/cmd_vel","msg":{"angular":{"x":0,"y":0,"z":-1.2507904052734375},"linear":{"x":0,"y":0,"z":0}}} (Thread[AWT-EventQueue-0,6,main])
Scarab: Sending over socket: {"op":"publish","topic":"/scarab/lucy/cmd_vel","msg":{"angular":{"x":0,"y":0,"z":-0.12013163248697918},"linear":{"x":0,"y":0,"z":0}}} (Thread[AWT-EventQueue-0,6,main])
Scarab: Connection failed. Will try again: connection timed out: /192.168.0.111:9090 (Thread[vert.x-eventloop-thread-3,6,main])
Scarab: Connection failed. Will try again: connection timed out: /192.168.0.111:9090 (Thread[vert.x-eventloop-thread-3,6,main])
Scarab: Connection failed. Will try again: connection timed out: /192.168.0.111:9090 (Thread[vert.x-eventloop-thread-3,6,main])
Scarab: Connection failed. Will try again: connection timed out: /192.168.0.111:9090 (Thread[vert.x-eventloop-thread-3,6,main])
Scarab: Sending over socket: {"op":"publish","topic":"/scarab/lucy/cmd_vel","msg":{"angular":{"x":0,"y":0,"z":2.4910807291666672},"linear":{"x":0,"y":0,"z":0}}} (Thread[AWT-EventQueue-0,6,main])
Scarab: Connection failed. Will try again: connection timed out: /192.168.0.111:9090 (Thread[vert.x-eventloop-thread-3,6,main])
Scarab: Connection failed. Will try again: connection timed out: /192.168.0.111:9090 (Thread[vert.x-eventloop-thread-3,6,main])
Scarab: Sending over socket: {"op":"publish","topic":"/scarab/lucy/cmd_vel","msg":{"angular":{"x":0,"y":0,"z":2.419427490234375},"linear":{"x":0,"y":0,"z":0}}} (Thread[AWT-EventQueue-0,6,main])
Scarab: Sending over socket: {"op":"publish","topic":"/scarab/lucy/cmd_vel","msg":{"angular":{"x":0,"y":0,"z":2.8202897135416665},"linear":{"x":0,"y":0,"z":0}}} (Thread[AWT-EventQueue-0,6,main])
Scarab: Sending over socket: {"op":"publish","topic":"/scarab/lucy/cmd_vel","msg":{"angular":{"x":0,"y":0,"z":2.379385986328125},"linear":{"x":0,"y":0,"z":0}}} (Thread[AWT-EventQueue-0,6,main])
Scarab: Sending over socket: {"op":"publish","topic":"/scarab/lucy/cmd_vel","msg":{"angular":{"x":0,"y":0,"z":0.7973388671875},"linear":{"x":0,"y":0,"z":0}}} (Thread[AWT-EventQueue-0,6,main])
Scarab: Sending over socket: {"op":"publish","topic":"/scarab/lucy/cmd_vel","msg":{"angular":{"x":0,"y":0,"z":1.7402636718750002},"linear":{"x":0,"y":0,"z":0}}} (Thread[AWT-EventQueue-0,6,main])
Scarab: Sending over socket: {"op":"publish","topic":"/scarab/lucy/cmd_vel","msg":{"angular":{"x":0,"y":0,"z":-1.4821223958333334},"linear":{"x":0,"y":0,"z":0}}} (Thread[AWT-EventQueue-0,6,main])
Scarab: Sending over socket: {"op":"publish","topic":"/scarab/lucy/cmd_vel","msg":{"angular":{"x":0,"y":0,"z":0.65648193359375},"linear":{"x":0,"y":0,"z":0}}} (Thread[AWT-EventQueue-0,6,main])
Scarab: Sending over socket: {"op":"publish","topic":"/scarab/lucy/cmd_vel","msg":{"angular":{"x":0,"y":0,"z":-0.04925028483072917},"linear":{"x":0,"y":0,"z":0}}} (Thread[AWT-EventQueue-0,6,main])
Scarab: Sending over socket: {"op":"publish","topic":"/scarab/lucy/cmd_vel","msg":{"angular":{"x":0,"y":0,"z":2.2023510742187504},"linear":{"x":0,"y":0,"z":0}}} (Thread[AWT-EventQueue-0,6,main])
Scarab: Sending over socket: {"op":"publish","topic":"/scarab/lucy/cmd_vel","msg":{"angular":{"x":0,"y":0,"z":1.9931677246093753},"linear":{"x":0,"y":0,"z":0}}} (Thread[AWT-EventQueue-0,6,main])
Scarab: Sending over socket: {"op":"publish","topic":"/scarab/lucy/cmd_vel","msg":{"angular":{"x":0,"y":0,"z":-0.2104166666666667},"linear":{"x":0,"y":0,"z":0}}} (Thread[AWT-EventQueue-0,6,main])
Scarab: Sending over socket: {"op":"publish","topic":"/scarab/lucy/cmd_vel","msg":{"angular":{"x":0,"y":0,"z":0.130489501953125},"linear":{"x":0,"y":0,"z":0}}} (Thread[AWT-EventQueue-0,6,main])
Scarab: Sending over socket: {"op":"publish","topic":"/scarab/lucy/cmd_vel","msg":{"angular":{"x":0,"y":0,"z":0.480404052734375},"linear":{"x":0,"y":0,"z":0}}} (Thread[AWT-EventQueue-0,6,main])
Scarab: Sending over socket: {"op":"publish","topic":"/scarab/lucy/cmd_vel","msg":{"angular":{"x":0,"y":0,"z":3.139957682291667},"linear":{"x":0,"y":0,"z":0}}} (Thread[AWT-EventQueue-0,6,main])
Scarab: Connection failed. Will try again: connection timed out: /192.168.0.111:9090 (Thread[vert.x-eventloop-thread-3,6,main])
Scarab: Connection failed. Will try again: connection timed out: /192.168.0.111:9090 (Thread[vert.x-eventloop-thread-3,6,main])
Scarab: Connection failed. Will try again: connection timed out: /192.168.0.111:9090 (Thread[vert.x-eventloop-thread-3,6,main])
Scarab: Connection failed. Will try again: connection timed out: /192.168.0.111:9090 (Thread[vert.x-eventloop-thread-3,6,main])
Scarab: Connection failed. Will try again: connection timed out: /192.168.0.111:9090 (Thread[vert.x-eventloop-thread-3,6,main])
Scarab: Connection failed. Will try again: connection timed out: /192.168.0.111:9090 (Thread[vert.x-eventloop-thread-3,6,main])
Scarab: Sending over socket: {"op":"publish","topic":"/scarab/lucy/cmd_vel","msg":{"angular":{"x":0,"y":0,"z":2.6918294270833334},"linear":{"x":0,"y":0,"z":0}}} (Thread[AWT-EventQueue-0,6,main])
Scarab: Sending over socket: {"op":"publish","topic":"/scarab/lucy/cmd_vel","msg":{"angular":{"x":0,"y":0,"z":1.6581164550781253},"linear":{"x":0,"y":0,"z":0}}} (Thread[AWT-EventQueue-0,6,main])
Scarab: Sending over socket: {"op":"publish","topic":"/scarab/lucy/cmd_vel","msg":{"angular":{"x":0,"y":0,"z":2.282755533854167},"linear":{"x":0,"y":0,"z":0}}} (Thread[AWT-EventQueue-0,6,main])
Scarab: Sending over socket: {"op":"publish","topic":"/scarab/lucy/cmd_vel","msg":{"angular":{"x":0,"y":0,"z":-0.15242207845052083},"linear":{"x":0,"y":0,"z":0}}} (Thread[AWT-EventQueue-0,6,main])
Scarab: Sending over socket: {"op":"publish","topic":"/scarab/lucy/cmd_vel","msg":{"angular":{"x":0,"y":0,"z":1.748841552734375},"linear":{"x":0,"y":0,"z":0}}} (Thread[AWT-EventQueue-0,6,main])
Scarab: Sending over socket: {"op":"publish","topic":"/scarab/lucy/cmd_vel","msg":{"angular":{"x":0,"y":0,"z":1.7287573242187502},"linear":{"x":0,"y":0,"z":0}}} (Thread[AWT-EventQueue-0,6,main])
Scarab: Sending over socket: {"op":"publish","topic":"/scarab/lucy/cmd_vel","msg":{"angular":{"x":0,"y":0,"z":1.8962068684895832},"linear":{"x":0,"y":0,"z":0}}} (Thread[AWT-EventQueue-0,6,main])
Scarab: Sending over socket: {"op":"publish","topic":"/scarab/lucy/cmd_vel","msg":{"angular":{"x":0,"y":0,"z":0.5466471354166667},"linear":{"x":0,"y":0,"z":0}}} (Thread[AWT-EventQueue-0,6,main])
Scarab: Sending over socket: {"op":"publish","topic":"/scarab/lucy/cmd_vel","msg":{"angular":{"x":0,"y":0,"z":-0.7601171875},"linear":{"x":0,"y":0,"z":0}}} (Thread[AWT-EventQueue-0,6,main])
Scarab: Sending over socket: {"op":"publish","topic":"/scarab/lucy/cmd_vel","msg":{"angular":{"x":0,"y":0,"z":-1.918187459309896},"linear":{"x":0,"y":0,"z":0}}} (Thread[AWT-EventQueue-0,6,main])
Scarab: Sending over socket: {"op":"publish","topic":"/scarab/lucy/cmd_vel","msg":{"angular":{"x":0,"y":0,"z":-1.7293003336588544},"linear":{"x":0,"y":0,"z":0}}} (Thread[AWT-EventQueue-0,6,main])
Scarab: Sending over socket: {"op":"publish","topic":"/scarab/lucy/cmd_vel","msg":{"angular":{"x":0,"y":0,"z":-2.3036617024739585},"linear":{"x":0,"y":0,"z":0}}} (Thread[AWT-EventQueue-0,6,main])
Scarab: Sending over socket: {"op":"publish","topic":"/scarab/lucy/cmd_vel","msg":{"angular":{"x":0,"y":0,"z":-1.0996529134114583},"linear":{"x":0,"y":0,"z":0}}} (Thread[AWT-EventQueue-0,6,main])
Scarab: Sending over socket: {"op":"publish","topic":"/scarab/lucy/cmd_vel","msg":{"angular":{"x":0,"y":0,"z":1.97911376953125},"linear":{"x":0,"y":0,"z":0}}} (Thread[AWT-EventQueue-0,6,main])
Scarab: Sending over socket: {"op":"publish","topic":"/scarab/lucy/cmd_vel","msg":{"angular":{"x":0,"y":0,"z":0.11155395507812502},"linear":{"x":0,"y":0,"z":0}}} (Thread[AWT-EventQueue-0,6,main])
Scarab: Sending over socket: {"op":"publish","topic":"/scarab/lucy/cmd_vel","msg":{"angular":{"x":0,"y":0,"z":1.9970023600260418},"linear":{"x":0,"y":0,"z":0}}} (Thread[AWT-EventQueue-0,6,main])
Scarab: Sending over socket: {"op":"publish","topic":"/scarab/lucy/cmd_vel","msg":{"angular":{"x":0,"y":0,"z":0.37103027343750006},"linear":{"x":0,"y":0,"z":0}}} (Thread[AWT-EventQueue-0,6,main])
Scarab: Sending over socket: {"op":"publish","topic":"/scarab/lucy/cmd_vel","msg":{"angular":{"x":0,"y":0,"z":1.34459228515625},"linear":{"x":0,"y":0,"z":0}}} (Thread[AWT-EventQueue-0,6,main])
Scarab: Sending over socket: {"op":"publish","topic":"/scarab/lucy/cmd_vel","msg":{"angular":{"x":0,"y":0,"z":2.8863519287109374},"linear":{"x":0,"y":0,"z":0}}} (Thread[AWT-EventQueue-0,6,main])
Scarab: Sending over socket: {"op":"publish","topic":"/scarab/lucy/cmd_vel","msg":{"angular":{"x":0,"y":0,"z":1.6721842447916668},"linear":{"x":0,"y":0,"z":0}}} (Thread[AWT-EventQueue-0,6,main])
Scarab: Sending over socket: {"op":"publish","topic":"/scarab/lucy/cmd_vel","msg":{"angular":{"x":0,"y":0,"z":-0.5927583821614584},"linear":{"x":0,"y":0,"z":0}}} (Thread[AWT-EventQueue-0,6,main])
Scarab: Sending over socket: {"op":"publish","topic":"/scarab/lucy/cmd_vel","msg":{"angular":{"x":0,"y":0,"z":-1.9431587727864585},"linear":{"x":0,"y":0,"z":0}}} (Thread[AWT-EventQueue-0,6,main])
Scarab: Sending over socket: {"op":"publish","topic":"/scarab/lucy/cmd_vel","msg":{"angular":{"x":0,"y":0,"z":2.5657368977864587},"linear":{"x":0,"y":0,"z":0}}} (Thread[AWT-EventQueue-0,6,main])
Scarab: Sending over socket: {"op":"publish","topic":"/scarab/lucy/cmd_vel","msg":{"angular":{"x":0,"y":0,"z":-2.284033203125},"linear":{"x":0,"y":0,"z":0}}} (Thread[AWT-EventQueue-0,6,main])
Scarab: Sending over socket: {"op":"publish","topic":"/scarab/lucy/cmd_vel","msg":{"angular":{"x":0,"y":0,"z":-3.1357452392578127},"linear":{"x":0,"y":0,"z":0}}} (Thread[AWT-EventQueue-0,6,main])
Scarab: Sending over socket: {"op":"publish","topic":"/scarab/lucy/cmd_vel","msg":{"angular":{"x":0,"y":0,"z":-1.108366495768229},"linear":{"x":0,"y":0,"z":0}}} (Thread[AWT-EventQueue-0,6,main])
Scarab: Sending over socket: {"op":"publish","topic":"/scarab/lucy/cmd_vel","msg":{"angular":{"x":0,"y":0,"z":0.5491048177083334},"linear":{"x":0,"y":0,"z":0}}} (Thread[AWT-EventQueue-0,6,main])
Scarab: Sending over socket: {"op":"publish","topic":"/scarab/lucy/cmd_vel","msg":{"angular":{"x":0,"y":0,"z":1.4673665364583335},"linear":{"x":0,"y":0,"z":0}}} (Thread[AWT-EventQueue-0,6,main])
Scarab: Sending over socket: {"op":"publish","topic":"/scarab/lucy/cmd_vel","msg":{"angular":{"x":0,"y":0,"z":-0.2993570963541667},"linear":{"x":0,"y":0,"z":0}}} (Thread[AWT-EventQueue-0,6,main])
Scarab: Sending over socket: {"op":"publish","topic":"/scarab/lucy/cmd_vel","msg":{"angular":{"x":0,"y":0,"z":-0.5127716064453125},"linear":{"x":0,"y":0,"z":0}}} (Thread[AWT-EventQueue-0,6,main])
Scarab: Sending over socket: {"op":"publish","topic":"/scarab/lucy/cmd_vel","msg":{"angular":{"x":0,"y":0,"z":-0.5007802327473959},"linear":{"x":0,"y":0,"z":0}}} (Thread[AWT-EventQueue-0,6,main])
Scarab: Sending over socket: {"op":"publish","topic":"/scarab/lucy/cmd_vel","msg":{"angular":{"x":0,"y":0,"z":-1.6177085367838544},"linear":{"x":0,"y":0,"z":0}}} (Thread[AWT-EventQueue-0,6,main])
Scarab: Sending over socket: {"op":"publish","topic":"/scarab/lucy/cmd_vel","msg":{"angular":{"x":0,"y":0,"z":-1.8182126871744793},"linear":{"x":0,"y":0,"z":0}}} (Thread[AWT-EventQueue-0,6,main])
Scarab: Sending over socket: {"op":"publish","topic":"/scarab/lucy/cmd_vel","msg":{"angular":{"x":0,"y":0,"z":-0.2648828125},"linear":{"x":0,"y":0,"z":0}}} (Thread[AWT-EventQueue-0,6,main])
Scarab: Sending over socket: {"op":"publish","topic":"/scarab/lucy/cmd_vel","msg":{"angular":{"x":0,"y":0,"z":-0.522323201497396},"linear":{"x":0,"y":0,"z":0}}} (Thread[AWT-EventQueue-0,6,main])
Scarab: Sending over socket: {"op":"publish","topic":"/scarab/lucy/cmd_vel","msg":{"angular":{"x":0,"y":0,"z":-0.41146809895833336},"linear":{"x":0,"y":0,"z":0}}} (Thread[AWT-EventQueue-0,6,main])
Scarab: Sending over socket: {"op":"publish","topic":"/scarab/lucy/cmd_vel","msg":{"angular":{"x":0,"y":0,"z":-1.7972574869791664},"linear":{"x":0,"y":0,"z":0}}} (Thread[AWT-EventQueue-0,6,main])
Scarab: Sending over socket: {"op":"publish","topic":"/scarab/lucy/cmd_vel","msg":{"angular":{"x":0,"y":0,"z":-0.06605875651041668},"linear":{"x":0,"y":0,"z":0}}} (Thread[AWT-EventQueue-0,6,main])
Scarab: Sending over socket: {"op":"publish","topic":"/scarab/lucy/cmd_vel","msg":{"angular":{"x":0,"y":0,"z":-0.038656005859375},"linear":{"x":0,"y":0,"z":0}}} (Thread[AWT-EventQueue-0,6,main])
Scarab: Sending over socket: {"op":"publish","topic":"/scarab/lucy/cmd_vel","msg":{"angular":{"x":0,"y":0,"z":-0.9302172851562501},"linear":{"x":0,"y":0,"z":0}}} (Thread[AWT-EventQueue-0,6,main])
Scarab: Sending over socket: {"op":"publish","topic":"/scarab/lucy/cmd_vel","msg":{"angular":{"x":0,"y":0,"z":0.5123598225911459},"linear":{"x":0,"y":0,"z":0}}} (Thread[AWT-EventQueue-0,6,main])
Scarab: Sending over socket: {"op":"publish","topic":"/scarab/lucy/cmd_vel","msg":{"angular":{"x":0,"y":0,"z":1.82515869140625},"linear":{"x":0,"y":0,"z":0}}} (Thread[AWT-EventQueue-0,6,main])
Scarab: Sending over socket: {"op":"publish","topic":"/scarab/lucy/cmd_vel","msg":{"angular":{"x":0,"y":0,"z":-0.8035017903645834},"linear":{"x":0,"y":0,"z":0}}} (Thread[AWT-EventQueue-0,6,main])
Scarab: Sending over socket: {"op":"publish","topic":"/scarab/lucy/cmd_vel","msg":{"angular":{"x":0,"y":0,"z":-2.1748504638671875},"linear":{"x":0,"y":0,"z":0}}} (Thread[AWT-EventQueue-0,6,main])
Scarab: Sending over socket: {"op":"publish","topic":"/scarab/lucy/cmd_vel","msg":{"angular":{"x":0,"y":0,"z":-2.4700622558593754},"linear":{"x":0,"y":0,"z":0}}} (Thread[AWT-EventQueue-0,6,main])
Scarab: Sending over socket: {"op":"publish","topic":"/scarab/lucy/cmd_vel","msg":{"angular":{"x":0,"y":0,"z":-3.060734049479167},"linear":{"x":0,"y":0,"z":0}}} (Thread[AWT-EventQueue-0,6,main])
Scarab: Sending over socket: {"op":"publish","topic":"/scarab/lucy/cmd_vel","msg":{"angular":{"x":0,"y":0,"z":-0.8011800130208334},"linear":{"x":0,"y":0,"z":0}}} (Thread[AWT-EventQueue-0,6,main])
Scarab: Sending over socket: {"op":"publish","topic":"/scarab/lucy/cmd_vel","msg":{"angular":{"x":0,"y":0,"z":1.814103393554688},"linear":{"x":0,"y":0,"z":0}}} (Thread[AWT-EventQueue-0,6,main])
Scarab: Sending over socket: {"op":"publish","topic":"/scarab/lucy/cmd_vel","msg":{"angular":{"x":0,"y":0,"z":0.4342122395833334},"linear":{"x":0,"y":0,"z":0}}} (Thread[AWT-EventQueue-0,6,main])
Scarab: Sending over socket: {"op":"publish","topic":"/scarab/lucy/cmd_vel","msg":{"angular":{"x":0,"y":0,"z":0.5111004638671874},"linear":{"x":0,"y":0,"z":0}}} (Thread[AWT-EventQueue-0,6,main])
Scarab: Sending over socket: {"op":"publish","topic":"/scarab/lucy/cmd_vel","msg":{"angular":{"x":0,"y":0,"z":-1.8608664957682293},"linear":{"x":0,"y":0,"z":0}}} (Thread[AWT-EventQueue-0,6,main])
Scarab: Sending over socket: {"op":"publish","topic":"/scarab/lucy/cmd_vel","msg":{"angular":{"x":0,"y":0,"z":1.7078173828124998},"linear":{"x":0,"y":0,"z":0}}} (Thread[AWT-EventQueue-0,6,main])
Scarab: Sending over socket: {"op":"publish","topic":"/scarab/lucy/cmd_vel","msg":{"angular":{"x":0,"y":0,"z":0.42146850585937506},"linear":{"x":0,"y":0,"z":0}}} (Thread[AWT-EventQueue-0,6,main])
Scarab: Sending over socket: {"op":"publish","topic":"/scarab/lucy/cmd_vel","msg":{"angular":{"x":0,"y":0,"z":-1.3513785807291667},"linear":{"x":0,"y":0,"z":0}}} (Thread[AWT-EventQueue-0,6,main])
Scarab: Sending over socket: {"op":"publish","topic":"/scarab/lucy/cmd_vel","msg":{"angular":{"x":0,"y":0,"z":-1.4334771728515625},"linear":{"x":0,"y":0,"z":0}}} (Thread[AWT-EventQueue-0,6,main])
Scarab: Sending over socket: {"op":"publish","topic":"/scarab/lucy/cmd_vel","msg":{"angular":{"x":0,"y":0,"z":1.5034798177083333},"linear":{"x":0,"y":0,"z":0}}} (Thread[AWT-EventQueue-0,6,main])
Scarab: Sending over socket: {"op":"publish","topic":"/scarab/lucy/cmd_vel","msg":{"angular":{"x":0,"y":0,"z":2.7575887044270835},"linear":{"x":0,"y":0,"z":0}}} (Thread[AWT-EventQueue-0,6,main])
Scarab: Sending over socket: {"op":"publish","topic":"/scarab/lucy/cmd_vel","msg":{"angular":{"x":0,"y":0,"z":1.9929402669270833},"linear":{"x":0,"y":0,"z":0}}} (Thread[AWT-EventQueue-0,6,main])
Scarab: Sending over socket: {"op":"publish","topic":"/scarab/lucy/cmd_vel","msg":{"angular":{"x":0,"y":0,"z":0.7120686848958335},"linear":{"x":0,"y":0,"z":0}}} (Thread[AWT-EventQueue-0,6,main])
Scarab: Sending over socket: {"op":"publish","topic":"/scarab/lucy/cmd_vel","msg":{"angular":{"x":0,"y":0,"z":-1.1976074218750001},"linear":{"x":0,"y":0,"z":0}}} (Thread[AWT-EventQueue-0,6,main])
Scarab: Sending over socket: {"op":"publish","topic":"/scarab/lucy/cmd_vel","msg":{"angular":{"x":0,"y":0,"z":2.193731689453125},"linear":{"x":0,"y":0,"z":0}}} (Thread[AWT-EventQueue-0,6,main])
Scarab: Sending over socket: {"op":"publish","topic":"/scarab/lucy/cmd_vel","msg":{"angular":{"x":0,"y":0,"z":1.1528381347656251},"linear":{"x":0,"y":0,"z":0}}} (Thread[AWT-EventQueue-0,6,main])
Scarab: Sending over socket: {"op":"publish","topic":"/scarab/lucy/cmd_vel","msg":{"angular":{"x":0,"y":0,"z":1.0035040283203125},"linear":{"x":0,"y":0,"z":0}}} (Thread[AWT-EventQueue-0,6,main])
Scarab: Sending over socket: {"op":"publish","topic":"/scarab/lucy/cmd_vel","msg":{"angular":{"x":0,"y":0,"z":0.2683233642578125},"linear":{"x":0,"y":0,"z":0}}} (Thread[AWT-EventQueue-0,6,main])
Scarab: Sending over socket: {"op":"publish","topic":"/scarab/lucy/cmd_vel","msg":{"angular":{"x":0,"y":0,"z":-0.11698710123697917},"linear":{"x":0,"y":0,"z":0}}} (Thread[AWT-EventQueue-0,6,main])
Scarab: Sending over socket: {"op":"publish","topic":"/scarab/lucy/cmd_vel","msg":{"angular":{"x":0,"y":0,"z":-2.2255712890625},"linear":{"x":0,"y":0,"z":0}}} (Thread[AWT-EventQueue-0,6,main])
Scarab: Sending over socket: {"op":"publish","topic":"/scarab/lucy/cmd_vel","msg":{"angular":{"x":0,"y":0,"z":0.05450846354166666},"linear":{"x":0,"y":0,"z":0}}} (Thread[AWT-EventQueue-0,6,main])
Scarab: Sending over socket: {"op":"publish","topic":"/scarab/lucy/cmd_vel","msg":{"angular":{"x":0,"y":0,"z":1.7066910807291666},"linear":{"x":0,"y":0,"z":0}}} (Thread[AWT-EventQueue-0,6,main])
Scarab: Sending over socket: {"op":"publish","topic":"/scarab/lucy/cmd_vel","msg":{"angular":{"x":0,"y":0,"z":1.8566495768229168},"linear":{"x":0,"y":0,"z":0}}} (Thread[AWT-EventQueue-0,6,main])
Scarab: Sending over socket: {"op":"publish","topic":"/scarab/lucy/cmd_vel","msg":{"angular":{"x":0,"y":0,"z":1.368968505859375},"linear":{"x":0,"y":0,"z":0}}} (Thread[AWT-EventQueue-0,6,main])
Scarab: Sending over socket: {"op":"publish","topic":"/scarab/lucy/cmd_vel","msg":{"angular":{"x":0,"y":0,"z":1.0247265625000002},"linear":{"x":0,"y":0,"z":0}}} (Thread[AWT-EventQueue-0,6,main])
Scarab: Sending over socket: {"op":"publish","topic":"/scarab/lucy/cmd_vel","msg":{"angular":{"x":0,"y":0,"z":0.2371337890625},"linear":{"x":0,"y":0,"z":0}}} (Thread[AWT-EventQueue-0,6,main])
Scarab: Sending over socket: {"op":"publish","topic":"/scarab/lucy/cmd_vel","msg":{"angular":{"x":0,"y":0,"z":-2.0401342773437503},"linear":{"x":0,"y":0,"z":0}}} (Thread[AWT-EventQueue-0,6,main])
Scarab: Sending over socket: {"op":"publish","topic":"/scarab/lucy/cmd_vel","msg":{"angular":{"x":0,"y":0,"z":-1.8348234049479166},"linear":{"x":0,"y":0,"z":0}}} (Thread[AWT-EventQueue-0,6,main])
Scarab: Sending over socket: {"op":"publish","topic":"/scarab/lucy/cmd_vel","msg":{"angular":{"x":0,"y":0,"z":1.7541719563802087},"linear":{"x":0,"y":0,"z":0}}} (Thread[AWT-EventQueue-0,6,main])
Scarab: Sending over socket: {"op":"publish","topic":"/scarab/lucy/cmd_vel","msg":{"angular":{"x":0,"y":0,"z":0.6423402913411458},"linear":{"x":0,"y":0,"z":0}}} (Thread[AWT-EventQueue-0,6,main])
Scarab: Sending over socket: {"op":"publish","topic":"/scarab/lucy/cmd_vel","msg":{"angular":{"x":0,"y":0,"z":1.1393180338541669},"linear":{"x":0,"y":0,"z":0}}} (Thread[AWT-EventQueue-0,6,main])
Scarab: Sending over socket: {"op":"publish","topic":"/scarab/lucy/cmd_vel","msg":{"angular":{"x":0,"y":0,"z":1.03582763671875},"linear":{"x":0,"y":0,"z":0}}} (Thread[AWT-EventQueue-0,6,main])
Scarab: Sending over socket: {"op":"publish","topic":"/scarab/lucy/cmd_vel","msg":{"angular":{"x":0,"y":0,"z":0.4683235677083334},"linear":{"x":0,"y":0,"z":0}}} (Thread[AWT-EventQueue-0,6,main])
Scarab: Sending over socket: {"op":"publish","topic":"/scarab/lucy/cmd_vel","msg":{"angular":{"x":0,"y":0,"z":1.694183349609375},"linear":{"x":0,"y":0,"z":0}}} (Thread[AWT-EventQueue-0,6,main])
Scarab: Sending over socket: {"op":"publish","topic":"/scarab/lucy/cmd_vel","msg":{"angular":{"x":0,"y":0,"z":2.591884765625},"linear":{"x":0,"y":0,"z":0}}} (Thread[AWT-EventQueue-0,6,main])
Scarab: Sending over socket: {"op":"publish","topic":"/scarab/lucy/cmd_vel","msg":{"angular":{"x":0,"y":0,"z":-0.09609049479166668},"linear":{"x":0,"y":0,"z":0}}} (Thread[AWT-EventQueue-0,6,main])
Scarab: Sending over socket: {"op":"publish","topic":"/scarab/lucy/cmd_vel","msg":{"angular":{"x":0,"y":0,"z":-0.1608612060546875},"linear":{"x":0,"y":0,"z":0}}} (Thread[AWT-EventQueue-0,6,main])
Scarab: Sending over socket: {"op":"publish","topic":"/scarab/lucy/cmd_vel","msg":{"angular":{"x":0,"y":0,"z":-0.2245758056640625},"linear":{"x":0,"y":0,"z":0}}} (Thread[AWT-EventQueue-0,6,main])
Scarab: Sending over socket: {"op":"publish","topic":"/scarab/lucy/cmd_vel","msg":{"angular":{"x":0,"y":0,"z":-1.470334676106771},"linear":{"x":0,"y":0,"z":0}}} (Thread[AWT-EventQueue-0,6,main])
Scarab: Sending over socket: {"op":"publish","topic":"/scarab/lucy/cmd_vel","msg":{"angular":{"x":0,"y":0,"z":-1.1180826822916667},"linear":{"x":0,"y":0,"z":0}}} (Thread[AWT-EventQueue-0,6,main])
Scarab: Sending over socket: {"op":"publish","topic":"/scarab/lucy/cmd_vel","msg":{"angular":{"x":0,"y":0,"z":-0.61468505859375},"linear":{"x":0,"y":0,"z":0}}} (Thread[AWT-EventQueue-0,6,main])
Scarab: Sending over socket: {"op":"publish","topic":"/scarab/lucy/cmd_vel","msg":{"angular":{"x":0,"y":0,"z":-0.41009033203125006},"linear":{"x":0,"y":0,"z":0}}} (Thread[AWT-EventQueue-0,6,main])
Scarab: Sending over socket: {"op":"publish","topic":"/scarab/lucy/cmd_vel","msg":{"angular":{"x":0,"y":0,"z":0.9190865071614585},"linear":{"x":0,"y":0,"z":0}}} (Thread[AWT-EventQueue-0,6,main])
Scarab: Sending over socket: {"op":"publish","topic":"/scarab/lucy/cmd_vel","msg":{"angular":{"x":0,"y":0,"z":-0.7035571289062501},"linear":{"x":0,"y":0,"z":0}}} (Thread[AWT-EventQueue-0,6,main])
Scarab: Sending over socket: {"op":"publish","topic":"/scarab/lucy/cmd_vel","msg":{"angular":{"x":0,"y":0,"z":-0.43508056640625004},"linear":{"x":0,"y":0,"z":0}}} (Thread[AWT-EventQueue-0,6,main])
Scarab: Sending over socket: {"op":"publish","topic":"/scarab/lucy/cmd_vel","msg":{"angular":{"x":0,"y":0,"z":-1.424091796875},"linear":{"x":0,"y":0,"z":0}}} (Thread[AWT-EventQueue-0,6,main])
Scarab: Sending over socket: {"op":"publish","topic":"/scarab/lucy/cmd_vel","msg":{"angular":{"x":0,"y":0,"z":2.976123046875},"linear":{"x":0,"y":0,"z":0}}} (Thread[AWT-EventQueue-0,6,main])
Scarab: Sending over socket: {"op":"publish","topic":"/scarab/lucy/cmd_vel","msg":{"angular":{"x":0,"y":0,"z":-0.6763460286458334},"linear":{"x":0,"y":0,"z":0}}} (Thread[AWT-EventQueue-0,6,main])
Scarab: Sending over socket: {"op":"publish","topic":"/scarab/lucy/cmd_vel","msg":{"angular":{"x":0,"y":0,"z":-2.5487921142578127},"linear":{"x":0,"y":0,"z":0}}} (Thread[AWT-EventQueue-0,6,main])
Scarab: Sending over socket: {"op":"publish","topic":"/scarab/lucy/cmd_vel","msg":{"angular":{"x":0,"y":0,"z":-2.0011136881510416},"linear":{"x":0,"y":0,"z":0}}} (Thread[AWT-EventQueue-0,6,main])
Scarab: Sending over socket: {"op":"publish","topic":"/scarab/lucy/cmd_vel","msg":{"angular":{"x":0,"y":0,"z":2.7598258463541665},"linear":{"x":0,"y":0,"z":0}}} (Thread[AWT-EventQueue-0,6,main])
Scarab: Sending over socket: {"op":"publish","topic":"/scarab/lucy/cmd_vel","msg":{"angular":{"x":0,"y":0,"z":2.702801513671875},"linear":{"x":0,"y":0,"z":0}}} (Thread[AWT-EventQueue-0,6,main])
ExportHTMLTimer went off after 30000 ms., calling getDirector().finish and getDirector().stopFire()
Scarab: Connection closed because model is no longer running. (Thread[AWT-EventQueue-0,6,main])
Scarab: Connection closed because model is no longer running. (Thread[AWT-EventQueue-0,6,main])
Scarab: Connection closed because model is no longer running. (Thread[AWT-EventQueue-0,6,main])
Scarab: Connection closed because model is no longer running. (Thread[AWT-EventQueue-0,6,main])
Scarab: Connection closed because model is no longer running. (Thread[AWT-EventQueue-0,6,main])
Scarab: Connection closed because model is no longer running. (Thread[AWT-EventQueue-0,6,main])
30604 ms. Memory: 2088960K Free: 694674K (33%)
Exported /home/travis/build/icyphy/ptII/org/terraswarm/accessor/demo/Scarab/Scarab/index.html
38791 ms. Memory: 2088960K Free: 659828K (32%)
####### 81 Thu May 31 20:59:20 UTC 2018 $PTII/bin/ptinvoke ptolemy.vergil.basic.export.ExportModel -force htm -run -openComposites -timeOut 30000 -whiteBackground org/terraswarm/accessor/demo/WatchHandRaisingLight/WatchHandRaisingLight.xml $PTII/org/terraswarm/accessor/demo/WatchHandRaisingLight/WatchHandRaisingLight
Running .WatchHandRaisingLight
Hue: Attempting to connect to: http://10.0.0.234/api/EJjyWWrE5qDOqs301OarqVSqp3jfJvaOqiObxMYR/lights/ (Thread[AWT-EventQueue-0,6,main])
Hue: Making an HTTP request. (Thread[AWT-EventQueue-0,6,main])
ExportHTMLTimer went off after 30000 ms., calling getDirector().finish and getDirector().stopFire()
30060 ms. Memory: 2236416K Free: 987006K (44%)
Exported /home/travis/build/icyphy/ptII/org/terraswarm/accessor/demo/WatchHandRaisingLight/WatchHandRaisingLight/index.html
39922 ms. Memory: 2236416K Free: 933957K (42%)
####### 82 Thu May 31 21:00:00 UTC 2018 $PTII/bin/ptinvoke ptolemy.vergil.basic.export.ExportModel -force htm  -openComposites -timeOut 30000 -whiteBackground org/terraswarm/ros/demo/Ros/Ros.xml $PTII/org/terraswarm/ros/demo/Ros/Ros
Warning: not running org/terraswarm/ros/demo/Ros/Ros.xml. See ptolemy/vergil/basic/export/test/junit/ExportModelJUnitTest.java
Exported /home/travis/build/icyphy/ptII/org/terraswarm/ros/demo/Ros/Ros/index.html
3252 ms. Memory: 2236416K Free: 1305552K (58%)
####### 83 Thu May 31 21:00:03 UTC 2018 $PTII/bin/ptinvoke ptolemy.vergil.basic.export.ExportModel -force htm  -openComposites -timeOut 30000 -whiteBackground org/terraswarm/ros/demo/Ros/RosPublisher.xml $PTII/org/terraswarm/ros/demo/Ros/RosPublisher
Warning: not running org/terraswarm/ros/demo/Ros/RosPublisher.xml. See ptolemy/vergil/basic/export/test/junit/ExportModelJUnitTest.java
Exported /home/travis/build/icyphy/ptII/org/terraswarm/ros/demo/Ros/RosPublisher/index.html
4358 ms. Memory: 2236416K Free: 1039629K (46%)
####### 84 Thu May 31 21:00:08 UTC 2018 $PTII/bin/ptinvoke ptolemy.vergil.basic.export.ExportModel -force htm  -openComposites -timeOut 30000 -whiteBackground org/terraswarm/ros/demo/Ros/RosSubscriber.xml $PTII/org/terraswarm/ros/demo/Ros/RosSubscriber
Warning: not running org/terraswarm/ros/demo/Ros/RosSubscriber.xml. See ptolemy/vergil/basic/export/test/junit/ExportModelJUnitTest.java
Exported /home/travis/build/icyphy/ptII/org/terraswarm/ros/demo/Ros/RosSubscriber/index.html
4531 ms. Memory: 2236416K Free: 1297630K (58%)
####### 85 Thu May 31 21:00:12 UTC 2018 $PTII/bin/ptinvoke ptolemy.vergil.basic.export.ExportModel -force htm  -openComposites -timeOut 30000 -whiteBackground org/terraswarm/ros/demo/Ros/ScarabArrowKeyController.xml $PTII/org/terraswarm/ros/demo/Ros/ScarabArrowKeyController
Warning: not running org/terraswarm/ros/demo/Ros/ScarabArrowKeyController.xml. See ptolemy/vergil/basic/export/test/junit/ExportModelJUnitTest.java
Exported /home/travis/build/icyphy/ptII/org/terraswarm/ros/demo/Ros/ScarabArrowKeyController/index.html
6753 ms. Memory: 2236416K Free: 1277217K (57%)
####### 86 Thu May 31 21:00:19 UTC 2018 $PTII/bin/ptinvoke ptolemy.vergil.basic.export.ExportModel -force htm  -openComposites -timeOut 30000 -whiteBackground org/terraswarm/ros/demo/Ros/ScarabGoalPublisher.xml $PTII/org/terraswarm/ros/demo/Ros/ScarabGoalPublisher
Warning: not running org/terraswarm/ros/demo/Ros/ScarabGoalPublisher.xml. See ptolemy/vergil/basic/export/test/junit/ExportModelJUnitTest.java
Exported /home/travis/build/icyphy/ptII/org/terraswarm/ros/demo/Ros/ScarabGoalPublisher/index.html
4472 ms. Memory: 2236416K Free: 980691K (44%)
####### 87 Thu May 31 21:00:24 UTC 2018 $PTII/bin/ptinvoke ptolemy.vergil.basic.export.ExportModel -force htm  -openComposites -timeOut 30000 -whiteBackground org/terraswarm/ros/demo/Ros/ScarabHueController.xml $PTII/org/terraswarm/ros/demo/Ros/ScarabHueController
Warning: not running org/terraswarm/ros/demo/Ros/ScarabHueController.xml. See ptolemy/vergil/basic/export/test/junit/ExportModelJUnitTest.java
Exported /home/travis/build/icyphy/ptII/org/terraswarm/ros/demo/Ros/ScarabHueController/index.html
6692 ms. Memory: 2236416K Free: 976015K (44%)
####### 88 Thu May 31 21:00:30 UTC 2018 $PTII/bin/ptinvoke ptolemy.vergil.basic.export.ExportModel -force htm -run -openComposites -timeOut 30000 -whiteBackground ptolemy/actor/gt/demo/BouncingBallX2/BouncingBallX2.xml $PTII/ptolemy/actor/gt/demo/BouncingBallX2/BouncingBallX2
Running .BouncingBallX2
ExportHTMLTimer went off after 30000 ms., calling getDirector().finish and getDirector().stopFire()
29430 ms. Memory: 2227712K Free: 1027307K (46%)
29245 ms. Memory: 2227712K Free: 1027307K (46%)
30013 ms. Memory: 2227712K Free: 1027307K (46%)
Exported /home/travis/build/icyphy/ptII/ptolemy/actor/gt/demo/BouncingBallX2/BouncingBallX2/index.html
35181 ms. Memory: 2227712K Free: 732004K (33%)
####### 89 Thu May 31 21:01:05 UTC 2018 $PTII/bin/ptinvoke ptolemy.vergil.basic.export.ExportModel -force htm -run -openComposites -timeOut 30000 -whiteBackground ptolemy/actor/gt/demo/ConstOptimization/ConstOptimization.xml $PTII/ptolemy/actor/gt/demo/ConstOptimization/ConstOptimization
Running .ConstOptimization
6409 ms. Memory: 2212864K Free: 1014485K (46%)
Exported /home/travis/build/icyphy/ptII/ptolemy/actor/gt/demo/ConstOptimization/ConstOptimization/index.html
11129 ms. Memory: 2212864K Free: 887024K (40%)
####### 90 Thu May 31 21:01:17 UTC 2018 $PTII/bin/ptinvoke ptolemy.vergil.basic.export.ExportModel -force htm -run -openComposites -timeOut 30000 -whiteBackground ptolemy/actor/gt/demo/ConstOptimization/ConstOptimizationDDF.xml $PTII/ptolemy/actor/gt/demo/ConstOptimization/ConstOptimizationDDF
Running .ConstOptimizationDDF
6758 ms. Memory: 2224128K Free: 1221308K (55%)
Exported /home/travis/build/icyphy/ptII/ptolemy/actor/gt/demo/ConstOptimization/ConstOptimizationDDF/index.html
11254 ms. Memory: 2224128K Free: 1079134K (49%)
####### 91 Thu May 31 21:01:28 UTC 2018 $PTII/bin/ptinvoke ptolemy.vergil.basic.export.ExportModel -force htm -run -openComposites -timeOut 30000 -whiteBackground ptolemy/actor/gt/demo/ConstOptimization/ConstOptimizationDE.xml $PTII/ptolemy/actor/gt/demo/ConstOptimization/ConstOptimizationDE
Running .ConstOptimizationDE
6415 ms. Memory: 2224128K Free: 775032K (35%)
Exported /home/travis/build/icyphy/ptII/ptolemy/actor/gt/demo/ConstOptimization/ConstOptimizationDE/index.html
11025 ms. Memory: 2177536K Free: 1111164K (51%)
####### 92 Thu May 31 21:01:39 UTC 2018 $PTII/bin/ptinvoke ptolemy.vergil.basic.export.ExportModel -force htm -run -openComposites -timeOut 30000 -whiteBackground ptolemy/actor/gt/demo/DiningPhilosophers/DiningPhilosophers.xml $PTII/ptolemy/actor/gt/demo/DiningPhilosophers/DiningPhilosophers
Running .DiningPhilosophers
286 ms. Memory: 2177536K Free: 863367K (40%)
Exported /home/travis/build/icyphy/ptII/ptolemy/actor/gt/demo/DiningPhilosophers/DiningPhilosophers/index.html
5020 ms. Memory: 2206208K Free: 1218926K (55%)
####### 93 Thu May 31 21:01:44 UTC 2018 $PTII/bin/ptinvoke ptolemy.vergil.basic.export.ExportModel -force htm -run -openComposites -timeOut 30000 -whiteBackground ptolemy/actor/gt/demo/GameOfLife/GameOfLife.xml $PTII/ptolemy/actor/gt/demo/GameOfLife/GameOfLife
Running .GameOfLife
864 ms. Memory: 2176000K Free: 1162111K (53%)
Exported /home/travis/build/icyphy/ptII/ptolemy/actor/gt/demo/GameOfLife/GameOfLife/index.html
7584 ms. Memory: 2176000K Free: 650818K (30%)
####### 94 Thu May 31 21:01:51 UTC 2018 $PTII/bin/ptinvoke ptolemy.vergil.basic.export.ExportModel -force htm  -openComposites -timeOut 30000 -whiteBackground ptolemy/actor/gt/demo/HierarchyFlattening/HierarchyFlattening.xml $PTII/ptolemy/actor/gt/demo/HierarchyFlattening/HierarchyFlattening
Warning: not running ptolemy/actor/gt/demo/HierarchyFlattening/HierarchyFlattening.xml. See ptolemy/vergil/basic/export/test/junit/ExportModelJUnitTest.java
Exported /home/travis/build/icyphy/ptII/ptolemy/actor/gt/demo/HierarchyFlattening/HierarchyFlattening/index.html
3386 ms. Memory: 2195456K Free: 947976K (43%)
####### 95 Thu May 31 21:01:55 UTC 2018 $PTII/bin/ptinvoke ptolemy.vergil.basic.export.ExportModel -force htm -run -openComposites -timeOut 30000 -whiteBackground ptolemy/actor/gt/demo/MapReduce/MapReduce.xml $PTII/ptolemy/actor/gt/demo/MapReduce/MapReduce
Running .MapReduce
85 ms. Memory: 2172928K Free: 1048358K (48%)
Exported /home/travis/build/icyphy/ptII/ptolemy/actor/gt/demo/MapReduce/MapReduce/index.html
5250 ms. Memory: 2172928K Free: 842020K (39%)
####### 96 Thu May 31 21:02:00 UTC 2018 $PTII/bin/ptinvoke ptolemy.vergil.basic.export.ExportModel -force htm  -openComposites -timeOut 30000 -whiteBackground ptolemy/actor/gt/demo/MapReduce/MapReduceDDF.xml $PTII/ptolemy/actor/gt/demo/MapReduce/MapReduceDDF
Warning: not running ptolemy/actor/gt/demo/MapReduce/MapReduceDDF.xml. See ptolemy/vergil/basic/export/test/junit/ExportModelJUnitTest.java
Exported /home/travis/build/icyphy/ptII/ptolemy/actor/gt/demo/MapReduce/MapReduceDDF/index.html
9097 ms. Memory: 2192896K Free: 414479K (19%)
####### 97 Thu May 31 21:02:09 UTC 2018 $PTII/bin/ptinvoke ptolemy.vergil.basic.export.ExportModel -force htm -run -openComposites -timeOut 30000 -whiteBackground ptolemy/actor/gt/demo/ModelExecution/ModelExecution.xml $PTII/ptolemy/actor/gt/demo/ModelExecution/ModelExecution
Running .ModelExecution
9 ms. Memory: 2209280K Free: 1048068K (47%)
3 ms. Memory: 2209280K Free: 1048056K (47%)
2 ms. Memory: 2209280K Free: 1032622K (47%)
9 ms. Memory: 2209280K Free: 1032609K (47%)
2 ms. Memory: 2209280K Free: 1032593K (47%)
1 ms. Memory: 2209280K Free: 1032581K (47%)
2 ms. Memory: 2209280K Free: 1032575K (47%)
2 ms. Memory: 2209280K Free: 1032562K (47%)
2 ms. Memory: 2209280K Free: 1032556K (47%)
1 ms. Memory: 2209280K Free: 1017140K (46%)
9008 ms. Memory: 2209280K Free: 1017140K (46%)
Exported /home/travis/build/icyphy/ptII/ptolemy/actor/gt/demo/ModelExecution/ModelExecution/index.html
Warning: LinkToOpenTableaux._provideEachAttribute() .ModelExecution._Controller.InitModel, an open effigy was null?
Warning: LinkToOpenTableaux._provideEachAttribute() .ModelExecution._Controller.Execute, an open effigy was null?
Warning: LinkToOpenTableaux._provideEachAttribute() .ModelExecution._Controller.SetConstValue, an open effigy was null?
Warning: LinkToOpenTableaux._provideEachAttribute() .ModelExecution._Controller.View, an open effigy was null?
Warning: LinkToOpenTableaux._provideEachAttribute() .ModelExecution._Controller.CreateModel, an open effigy was null?
13478 ms. Memory: 2209280K Free: 814254K (37%)
####### 98 Thu May 31 21:02:23 UTC 2018 $PTII/bin/ptinvoke ptolemy.vergil.basic.export.ExportModel -force htm -run -openComposites -timeOut 30000 -whiteBackground ptolemy/actor/gt/demo/ModelGeneration/ModelGeneration.xml $PTII/ptolemy/actor/gt/demo/ModelGeneration/ModelGeneration
Running .ModelGeneration
77 ms. Memory: 2209280K Free: 596432K (27%)
Exported /home/travis/build/icyphy/ptII/ptolemy/actor/gt/demo/ModelGeneration/ModelGeneration/index.html
4436 ms. Memory: 2205184K Free: 1141673K (52%)
####### 99 Thu May 31 21:02:27 UTC 2018 $PTII/bin/ptinvoke ptolemy.vergil.basic.export.ExportModel -force htm -run -openComposites -timeOut 30000 -whiteBackground ptolemy/actor/gt/demo/ModelGeneration/ModelGenerationDE.xml $PTII/ptolemy/actor/gt/demo/ModelGeneration/ModelGenerationDE
Running .ModelGenerationDE
109 ms. Memory: 2205184K Free: 936713K (42%)
Exported /home/travis/build/icyphy/ptII/ptolemy/actor/gt/demo/ModelGeneration/ModelGenerationDE/index.html
4588 ms. Memory: 2205184K Free: 677726K (31%)
####### 100 Thu May 31 21:02:32 UTC 2018 $PTII/bin/ptinvoke ptolemy.vergil.basic.export.ExportModel -force htm  -openComposites -timeOut 30000 -whiteBackground ptolemy/actor/gt/demo/PublisherTest/PublisherTest.xml $PTII/ptolemy/actor/gt/demo/PublisherTest/PublisherTest
Warning: not running ptolemy/actor/gt/demo/PublisherTest/PublisherTest.xml. See ptolemy/vergil/basic/export/test/junit/ExportModelJUnitTest.java
Exported /home/travis/build/icyphy/ptII/ptolemy/actor/gt/demo/PublisherTest/PublisherTest/index.html
3276 ms. Memory: 2205184K Free: 422238K (19%)
####### 101 Thu May 31 21:02:35 UTC 2018 $PTII/bin/ptinvoke ptolemy.vergil.basic.export.ExportModel -force htm -run -openComposites -timeOut 30000 -whiteBackground ptolemy/actor/gt/demo/RegressionTest/RegressionTest.xml $PTII/ptolemy/actor/gt/demo/RegressionTest/RegressionTest
Running .RegressionTest
13 ms. Memory: 2234880K Free: 1038994K (46%)
Exported /home/travis/build/icyphy/ptII/ptolemy/actor/gt/demo/RegressionTest/RegressionTest/index.html
4547 ms. Memory: 2234880K Free: 1020784K (46%)
####### 102 Thu May 31 21:02:39 UTC 2018 $PTII/bin/ptinvoke ptolemy.vergil.basic.export.ExportModel -force htm -run -openComposites -timeOut 30000 -whiteBackground ptolemy/actor/gt/demo/SinewaveOptimization/Sinewave.xml $PTII/ptolemy/actor/gt/demo/SinewaveOptimization/Sinewave
Running .Sinewave
21 ms. Memory: 2234880K Free: 901510K (40%)
Exported /home/travis/build/icyphy/ptII/ptolemy/actor/gt/demo/SinewaveOptimization/Sinewave/index.html
4210 ms. Memory: 2234880K Free: 866393K (39%)
####### 103 Thu May 31 21:02:44 UTC 2018 $PTII/bin/ptinvoke ptolemy.vergil.basic.export.ExportModel -force htm -run -openComposites -timeOut 30000 -whiteBackground ptolemy/actor/gt/demo/SinewaveOptimization/SinewaveOptimization.xml $PTII/ptolemy/actor/gt/demo/SinewaveOptimization/SinewaveOptimization
Running .SinewaveOptimization
2415 ms. Memory: 2234880K Free: 594308K (27%)
Exported /home/travis/build/icyphy/ptII/ptolemy/actor/gt/demo/SinewaveOptimization/SinewaveOptimization/index.html
7002 ms. Memory: 2234880K Free: 385854K (17%)
####### 104 Thu May 31 21:02:51 UTC 2018 $PTII/bin/ptinvoke ptolemy.vergil.basic.export.ExportModel -force htm -run -openComposites -timeOut 30000 -whiteBackground ptolemy/actor/lib/aspect/demo/CanBus/CanBus.xml $PTII/ptolemy/actor/lib/aspect/demo/CanBus/CanBus
Running .CanBus
21 ms. Memory: 2246144K Free: 1118421K (50%)
Exported /home/travis/build/icyphy/ptII/ptolemy/actor/lib/aspect/demo/CanBus/CanBus/index.html
4357 ms. Memory: 2246144K Free: 1007469K (45%)
####### 105 Thu May 31 21:02:55 UTC 2018 $PTII/bin/ptinvoke ptolemy.vergil.basic.export.ExportModel -force htm -run -openComposites -timeOut 30000 -whiteBackground ptolemy/actor/lib/aspect/demo/CarTrackingAttackModeling/CarTrackingAttackModeling.xml $PTII/ptolemy/actor/lib/aspect/demo/CarTrackingAttackModeling/CarTrackingAttackModeling
Running .CarTrackingAttackModeling
885 ms. Memory: 2246144K Free: 549106K (24%)
Exported /home/travis/build/icyphy/ptII/ptolemy/actor/lib/aspect/demo/CarTrackingAttackModeling/CarTrackingAttackModeling/index.html
7877 ms. Memory: 2267136K Free: 648886K (29%)
####### 106 Thu May 31 21:03:03 UTC 2018 $PTII/bin/ptinvoke ptolemy.vergil.basic.export.ExportModel -force htm -run -openComposites -timeOut 30000 -whiteBackground ptolemy/actor/lib/aspect/demo/CompositeQM/CompositeQM.xml $PTII/ptolemy/actor/lib/aspect/demo/CompositeQM/CompositeQM
Running .CompositeQM
18 ms. Memory: 2267136K Free: 499324K (22%)
Exported /home/travis/build/icyphy/ptII/ptolemy/actor/lib/aspect/demo/CompositeQM/CompositeQM/index.html
4273 ms. Memory: 2267136K Free: 368433K (16%)
####### 107 Thu May 31 21:03:07 UTC 2018 $PTII/bin/ptinvoke ptolemy.vergil.basic.export.ExportModel -force htm -run -openComposites -timeOut 30000 -whiteBackground ptolemy/actor/lib/aspect/demo/DE/DE.xml $PTII/ptolemy/actor/lib/aspect/demo/DE/DE
Running .DE
WARNING: The execution aspects in this model can influence the timing of actors by delaying the 
execution, potentially changing the behavior. There is no guarantee that actors fire at the 
time they request to be fired. 
Use Ptides for deterministic DE behavior that is not influenced by execution aspects. 

31 ms. Memory: 2310144K Free: 1248660K (54%)
Exported /home/travis/build/icyphy/ptII/ptolemy/actor/lib/aspect/demo/DE/DE/index.html
4355 ms. Memory: 2310144K Free: 1126527K (49%)
####### 108 Thu May 31 21:03:12 UTC 2018 $PTII/bin/ptinvoke ptolemy.vergil.basic.export.ExportModel -force htm -run -openComposites -timeOut 30000 -whiteBackground ptolemy/actor/lib/aspect/demo/DE/DE2.xml $PTII/ptolemy/actor/lib/aspect/demo/DE/DE2
Running .DE2
WARNING: The execution aspects in this model can influence the timing of actors by delaying the 
execution, potentially changing the behavior. There is no guarantee that actors fire at the 
time they request to be fired. 
Use Ptides for deterministic DE behavior that is not influenced by execution aspects. 

129 ms. Memory: 2310144K Free: 807150K (35%)
Exported /home/travis/build/icyphy/ptII/ptolemy/actor/lib/aspect/demo/DE/DE2/index.html
4802 ms. Memory: 2310144K Free: 562605K (24%)
####### 109 Thu May 31 21:03:16 UTC 2018 $PTII/bin/ptinvoke ptolemy.vergil.basic.export.ExportModel -force htm -run -openComposites -timeOut 30000 -whiteBackground ptolemy/actor/lib/aspect/demo/MonitorExecutionTimes/MonitorExecutionTimes.xml $PTII/ptolemy/actor/lib/aspect/demo/MonitorExecutionTimes/MonitorExecutionTimes
Running .MonitorExecutionTimes
WARNING: The execution aspects in this model can influence the timing of actors by delaying the 
execution, potentially changing the behavior. There is no guarantee that actors fire at the 
time they request to be fired. 
Use Ptides for deterministic DE behavior that is not influenced by execution aspects. 

33 ms. Memory: 2310144K Free: 402544K (17%)
Exported /home/travis/build/icyphy/ptII/ptolemy/actor/lib/aspect/demo/MonitorExecutionTimes/MonitorExecutionTimes/index.html
4268 ms. Memory: 2310144K Free: 321596K (14%)
####### 110 Thu May 31 21:03:21 UTC 2018 $PTII/bin/ptinvoke ptolemy.vergil.basic.export.ExportModel -force htm -run -openComposites -timeOut 30000 -whiteBackground ptolemy/actor/lib/colt/demo/ColtRandom/ColtRandom.xml $PTII/ptolemy/actor/lib/colt/demo/ColtRandom/ColtRandom
Running .ColtRandom
287 ms. Memory: 2322432K Free: 999532K (43%)
Exported /home/travis/build/icyphy/ptII/ptolemy/actor/lib/colt/demo/ColtRandom/ColtRandom/index.html
4692 ms. Memory: 2322432K Free: 897439K (39%)
####### 111 Thu May 31 21:03:25 UTC 2018 $PTII/bin/ptinvoke ptolemy.vergil.basic.export.ExportModel -force htm -run -openComposites -timeOut 30000 -whiteBackground ptolemy/actor/lib/comm/demo/ConvolutionalCoder/ConvolutionalCoder.xml $PTII/ptolemy/actor/lib/comm/demo/ConvolutionalCoder/ConvolutionalCoder
Running .ConvolutionalCoder
177 ms. Memory: 2322432K Free: 735309K (32%)
Exported /home/travis/build/icyphy/ptII/ptolemy/actor/lib/comm/demo/ConvolutionalCoder/ConvolutionalCoder/index.html
4449 ms. Memory: 2322432K Free: 614217K (26%)
####### 112 Thu May 31 21:03:30 UTC 2018 $PTII/bin/ptinvoke ptolemy.vergil.basic.export.ExportModel -force htm -run -openComposites -timeOut 30000 -whiteBackground ptolemy/actor/lib/comm/demo/HuffmanDecoder/HuffmanDecoder.xml $PTII/ptolemy/actor/lib/comm/demo/HuffmanDecoder/HuffmanDecoder
Running .HuffmanDecoder
115 ms. Memory: 2322432K Free: 473747K (20%)
Exported /home/travis/build/icyphy/ptII/ptolemy/actor/lib/comm/demo/HuffmanDecoder/HuffmanDecoder/index.html
4329 ms. Memory: 2322432K Free: 432472K (19%)
####### 113 Thu May 31 21:03:34 UTC 2018 $PTII/bin/ptinvoke ptolemy.vergil.basic.export.ExportModel -force htm -run -openComposites -timeOut 30000 -whiteBackground ptolemy/actor/lib/comm/demo/Scrambler/Scrambler.xml $PTII/ptolemy/actor/lib/comm/demo/Scrambler/Scrambler
Running .Scrambler
76 ms. Memory: 2322432K Free: 331936K (14%)
Exported /home/travis/build/icyphy/ptII/ptolemy/actor/lib/comm/demo/Scrambler/Scrambler/index.html
4248 ms. Memory: 2350592K Free: 1289748K (55%)
####### 114 Thu May 31 21:03:38 UTC 2018 $PTII/bin/ptinvoke ptolemy.vergil.basic.export.ExportModel -force htm -run -openComposites -timeOut 30000 -whiteBackground ptolemy/actor/lib/comm/demo/TrellisDecoder/TrellisDecoder.xml $PTII/ptolemy/actor/lib/comm/demo/TrellisDecoder/TrellisDecoder
Running .TrellisDecoder
172 ms. Memory: 2350592K Free: 1095036K (47%)
Exported /home/travis/build/icyphy/ptII/ptolemy/actor/lib/comm/demo/TrellisDecoder/TrellisDecoder/index.html
4419 ms. Memory: 2350592K Free: 944153K (40%)
####### 115 Thu May 31 21:03:43 UTC 2018 $PTII/bin/ptinvoke ptolemy.vergil.basic.export.ExportModel -force htm -run -openComposites -timeOut 30000 -whiteBackground ptolemy/actor/lib/comm/demo/ViterbiDecoder/ViterbiDecoder.xml $PTII/ptolemy/actor/lib/comm/demo/ViterbiDecoder/ViterbiDecoder
Running .ViterbiDecoder
88 ms. Memory: 2350592K Free: 772587K (33%)
Exported /home/travis/build/icyphy/ptII/ptolemy/actor/lib/comm/demo/ViterbiDecoder/ViterbiDecoder/index.html
4294 ms. Memory: 2350592K Free: 664435K (28%)
####### 116 Thu May 31 21:03:47 UTC 2018 $PTII/bin/ptinvoke ptolemy.vergil.basic.export.ExportModel -force htm -run -openComposites -timeOut 30000 -whiteBackground ptolemy/actor/lib/database/demo/InteractiveQuery/InteractiveQuery.xml $PTII/ptolemy/actor/lib/database/demo/InteractiveQuery/InteractiveQuery
.InteractiveQuery.InteractiveShell invoked SwingUtilities.invokeAndWait()
Model ".InteractiveQuery" contains actors such cannot be run  as part of the export process from ExportModel or it has a WebExportParameters value that runBeforeExport set to false. To export run this model and export it, use vergil.
Exported /home/travis/build/icyphy/ptII/ptolemy/actor/lib/database/demo/InteractiveQuery/InteractiveQuery/index.html
3149 ms. Memory: 2350592K Free: 555224K (24%)
####### 117 Thu May 31 21:03:50 UTC 2018 $PTII/bin/ptinvoke ptolemy.vergil.basic.export.ExportModel -force htm -run -openComposites -timeOut 30000 -whiteBackground ptolemy/actor/lib/fmi/demo/FMUBouncingBall/FMUBouncingBall.xml $PTII/ptolemy/actor/lib/fmi/demo/FMUBouncingBall/FMUBouncingBall
Running .FMUBouncingBall
124 ms. Memory: 2350592K Free: 447657K (19%)
Exported /home/travis/build/icyphy/ptII/ptolemy/actor/lib/fmi/demo/FMUBouncingBall/FMUBouncingBall/index.html
4381 ms. Memory: 2350592K Free: 424917K (18%)
####### 118 Thu May 31 21:03:55 UTC 2018 $PTII/bin/ptinvoke ptolemy.vergil.basic.export.ExportModel -force htm -run -openComposites -timeOut 30000 -whiteBackground ptolemy/actor/lib/fmi/demo/FMULevelStairs/FMULevelStairs.xml $PTII/ptolemy/actor/lib/fmi/demo/FMULevelStairs/FMULevelStairs
Running .FMULevelStairs
37 ms. Memory: 2350592K Free: 316600K (13%)
Exported /home/travis/build/icyphy/ptII/ptolemy/actor/lib/fmi/demo/FMULevelStairs/FMULevelStairs/index.html
4206 ms. Memory: 2350592K Free: 272515K (12%)
####### 119 Thu May 31 21:03:59 UTC 2018 $PTII/bin/ptinvoke ptolemy.vergil.basic.export.ExportModel -force htm  -openComposites -timeOut 30000 -whiteBackground ptolemy/actor/lib/fmi/demo/FMUSimulationX/FMUSimulationX.xml $PTII/ptolemy/actor/lib/fmi/demo/FMUSimulationX/FMUSimulationX
Warning: not running ptolemy/actor/lib/fmi/demo/FMUSimulationX/FMUSimulationX.xml. See ptolemy/vergil/basic/export/test/junit/ExportModelJUnitTest.java
Exported /home/travis/build/icyphy/ptII/ptolemy/actor/lib/fmi/demo/FMUSimulationX/FMUSimulationX/index.html
3347 ms. Memory: 2370048K Free: 1173374K (50%)
####### 120 Thu May 31 21:04:02 UTC 2018 $PTII/bin/ptinvoke ptolemy.vergil.basic.export.ExportModel -force htm  -openComposites -timeOut 30000 -whiteBackground ptolemy/actor/lib/fmi/demo/FMUSimulationX/FMUSimulationXPIController.xml $PTII/ptolemy/actor/lib/fmi/demo/FMUSimulationX/FMUSimulationXPIController
Warning: not running ptolemy/actor/lib/fmi/demo/FMUSimulationX/FMUSimulationXPIController.xml. See ptolemy/vergil/basic/export/test/junit/ExportModelJUnitTest.java
Exported /home/travis/build/icyphy/ptII/ptolemy/actor/lib/fmi/demo/FMUSimulationX/FMUSimulationXPIController/index.html
3175 ms. Memory: 2370048K Free: 975253K (41%)
####### 121 Thu May 31 21:04:05 UTC 2018 $PTII/bin/ptinvoke ptolemy.vergil.basic.export.ExportModel -force htm -run -openComposites -timeOut 30000 -whiteBackground ptolemy/actor/lib/fmi/demo/FMUStairs/FMUStairs.xml $PTII/ptolemy/actor/lib/fmi/demo/FMUStairs/FMUStairs
Running .FMUStairs
50 ms. Memory: 2370048K Free: 867714K (37%)
Exported /home/travis/build/icyphy/ptII/ptolemy/actor/lib/fmi/demo/FMUStairs/FMUStairs/index.html
4178 ms. Memory: 2370048K Free: 780978K (33%)
####### 122 Thu May 31 21:04:10 UTC 2018 $PTII/bin/ptinvoke ptolemy.vergil.basic.export.ExportModel -force htm -run -openComposites -timeOut 30000 -whiteBackground ptolemy/actor/lib/fmi/demo/FMUTwoBallCollision/FMUTwoBallCollision.xml $PTII/ptolemy/actor/lib/fmi/demo/FMUTwoBallCollision/FMUTwoBallCollision
Running .FMUTwoBallCollision
74 ms. Memory: 2370048K Free: 566089K (24%)
Exported /home/travis/build/icyphy/ptII/ptolemy/actor/lib/fmi/demo/FMUTwoBallCollision/FMUTwoBallCollision/index.html
4330 ms. Memory: 2370048K Free: 455366K (19%)
####### 123 Thu May 31 21:04:14 UTC 2018 $PTII/bin/ptinvoke ptolemy.vergil.basic.export.ExportModel -force htm  -openComposites -timeOut 30000 -whiteBackground ptolemy/actor/lib/fmi/jni/demo/FourInFourOutsDymola/FourInFourOutsDymola.xml $PTII/ptolemy/actor/lib/fmi/jni/demo/FourInFourOutsDymola/FourInFourOutsDymola
Warning: not running ptolemy/actor/lib/fmi/jni/demo/FourInFourOutsDymola/FourInFourOutsDymola.xml. See ptolemy/vergil/basic/export/test/junit/ExportModelJUnitTest.java
Exported /home/travis/build/icyphy/ptII/ptolemy/actor/lib/fmi/jni/demo/FourInFourOutsDymola/FourInFourOutsDymola/index.html
3464 ms. Memory: 2404352K Free: 1155561K (48%)
####### 124 Thu May 31 21:04:17 UTC 2018 $PTII/bin/ptinvoke ptolemy.vergil.basic.export.ExportModel -force htm  -openComposites -timeOut 30000 -whiteBackground ptolemy/actor/lib/fmi/jni/demo/FourInFourOutsDymola/FourInFourOutsDymolaJNI.xml $PTII/ptolemy/actor/lib/fmi/jni/demo/FourInFourOutsDymola/FourInFourOutsDymolaJNI
Warning: not running ptolemy/actor/lib/fmi/jni/demo/FourInFourOutsDymola/FourInFourOutsDymolaJNI.xml. See ptolemy/vergil/basic/export/test/junit/ExportModelJUnitTest.java
Exported /home/travis/build/icyphy/ptII/ptolemy/actor/lib/fmi/jni/demo/FourInFourOutsDymola/FourInFourOutsDymolaJNI/index.html
3271 ms. Memory: 2404352K Free: 778124K (32%)
####### 125 Thu May 31 21:04:21 UTC 2018 $PTII/bin/ptinvoke ptolemy.vergil.basic.export.ExportModel -force htm  -openComposites -timeOut 30000 -whiteBackground ptolemy/actor/lib/fmi/jni/demo/FourInFourOutsDymola/FourInFourOutsDymolaWindows.xml $PTII/ptolemy/actor/lib/fmi/jni/demo/FourInFourOutsDymola/FourInFourOutsDymolaWindows
Warning: not running ptolemy/actor/lib/fmi/jni/demo/FourInFourOutsDymola/FourInFourOutsDymolaWindows.xml. See ptolemy/vergil/basic/export/test/junit/ExportModelJUnitTest.java
Exported /home/travis/build/icyphy/ptII/ptolemy/actor/lib/fmi/jni/demo/FourInFourOutsDymola/FourInFourOutsDymolaWindows/index.html
3165 ms. Memory: 2404352K Free: 593006K (25%)
####### 126 Thu May 31 21:04:24 UTC 2018 $PTII/bin/ptinvoke ptolemy.vergil.basic.export.ExportModel -force htm -run -openComposites -timeOut 30000 -whiteBackground ptolemy/actor/lib/gem5/demo/DramThermalModel/DramThermalModel.xml $PTII/ptolemy/actor/lib/gem5/demo/DramThermalModel/DramThermalModel
Model ".DramThermalModel" contains actors such cannot be run  as part of the export process from ExportModel or it has a WebExportParameters value that runBeforeExport set to false. To export run this model and export it, use vergil.
Exported /home/travis/build/icyphy/ptII/ptolemy/actor/lib/gem5/demo/DramThermalModel/DramThermalModel/index.html
6340 ms. Memory: 2485760K Free: 1377972K (55%)
####### 127 Thu May 31 21:04:30 UTC 2018 $PTII/bin/ptinvoke ptolemy.vergil.basic.export.ExportModel -force htm -run -openComposites -timeOut 30000 -whiteBackground ptolemy/actor/lib/hoc/demo/ApplyFFT/ApplyFFT.xml $PTII/ptolemy/actor/lib/hoc/demo/ApplyFFT/ApplyFFT
Running .ApplyFFT
80 ms. Memory: 2485760K Free: 1227573K (49%)
Exported /home/travis/build/icyphy/ptII/ptolemy/actor/lib/hoc/demo/ApplyFFT/ApplyFFT/index.html
4269 ms. Memory: 2485760K Free: 1129352K (45%)
####### 128 Thu May 31 21:04:34 UTC 2018 $PTII/bin/ptinvoke ptolemy.vergil.basic.export.ExportModel -force htm -run -openComposites -timeOut 30000 -whiteBackground ptolemy/actor/lib/hoc/demo/Case/Case.xml $PTII/ptolemy/actor/lib/hoc/demo/Case/Case
Running .Case
26 ms. Memory: 2485760K Free: 1006243K (40%)
Exported /home/travis/build/icyphy/ptII/ptolemy/actor/lib/hoc/demo/Case/Case/index.html
4303 ms. Memory: 2485760K Free: 859678K (35%)
####### 129 Thu May 31 21:04:39 UTC 2018 $PTII/bin/ptinvoke ptolemy.vergil.basic.export.ExportModel -force htm -run -openComposites -timeOut 30000 -whiteBackground ptolemy/actor/lib/hoc/demo/DFTSubSet/DFTSubSet.xml $PTII/ptolemy/actor/lib/hoc/demo/DFTSubSet/DFTSubSet
Running .DFTSubSet
135 ms. Memory: 2485760K Free: 641405K (26%)
Exported /home/travis/build/icyphy/ptII/ptolemy/actor/lib/hoc/demo/DFTSubSet/DFTSubSet/index.html
5231 ms. Memory: 2479104K Free: 1262830K (51%)
####### 130 Thu May 31 21:04:44 UTC 2018 $PTII/bin/ptinvoke ptolemy.vergil.basic.export.ExportModel -force htm -run -openComposites -timeOut 30000 -whiteBackground ptolemy/actor/lib/hoc/demo/HocDE/HocDE.xml $PTII/ptolemy/actor/lib/hoc/demo/HocDE/HocDE
Running .HocDE
178 ms. Memory: 2479104K Free: 1065109K (43%)
Exported /home/travis/build/icyphy/ptII/ptolemy/actor/lib/hoc/demo/HocDE/HocDE/index.html
4900 ms. Memory: 2479104K Free: 652887K (26%)
####### 131 Thu May 31 21:04:49 UTC 2018 $PTII/bin/ptinvoke ptolemy.vergil.basic.export.ExportModel -force htm -run -openComposites -timeOut 30000 -whiteBackground ptolemy/actor/lib/hoc/demo/IterateOverArray/IterateOverArray.xml $PTII/ptolemy/actor/lib/hoc/demo/IterateOverArray/IterateOverArray
Running .IterateOverArray
647 ms. Memory: 2479104K Free: 457377K (18%)
Exported /home/travis/build/icyphy/ptII/ptolemy/actor/lib/hoc/demo/IterateOverArray/IterateOverArray/index.html
4913 ms. Memory: 2479104K Free: 333554K (13%)
####### 132 Thu May 31 21:04:54 UTC 2018 $PTII/bin/ptinvoke ptolemy.vergil.basic.export.ExportModel -force htm -run -openComposites -timeOut 30000 -whiteBackground ptolemy/actor/lib/hoc/demo/MobileFunction/MobileFunction.xml $PTII/ptolemy/actor/lib/hoc/demo/MobileFunction/MobileFunction
Running .MobileFunction
11 ms. Memory: 2479104K Free: 236128K (10%)
Exported /home/travis/build/icyphy/ptII/ptolemy/actor/lib/hoc/demo/MobileFunction/MobileFunction/index.html
4179 ms. Memory: 2554880K Free: 1490893K (58%)
####### 133 Thu May 31 21:04:58 UTC 2018 $PTII/bin/ptinvoke ptolemy.vergil.basic.export.ExportModel -force htm -run -openComposites -timeOut 30000 -whiteBackground ptolemy/actor/lib/hoc/demo/ModelReference/ModelReference.xml $PTII/ptolemy/actor/lib/hoc/demo/ModelReference/ModelReference
Running .ModelReference
127 ms. Memory: 2554880K Free: 1307056K (51%)
21 ms. Memory: 2554880K Free: 1306914K (51%)
ExportHTMLTimer went off after 30000 ms., calling getDirector().finish and getDirector().stopFire()
30003 ms. Memory: 2554880K Free: 1305167K (51%)
Exported /home/travis/build/icyphy/ptII/ptolemy/actor/lib/hoc/demo/ModelReference/ModelReference/index.html
34233 ms. Memory: 2554880K Free: 1277729K (50%)
####### 134 Thu May 31 21:05:32 UTC 2018 $PTII/bin/ptinvoke ptolemy.vergil.basic.export.ExportModel -force htm -run -openComposites -timeOut 30000 -whiteBackground ptolemy/actor/lib/hoc/demo/ThreadedComposite/BackgroundExecution.xml $PTII/ptolemy/actor/lib/hoc/demo/ThreadedComposite/BackgroundExecution
Running .BackgroundExecution
9007 ms. Memory: 2554880K Free: 1144418K (45%)
Exported /home/travis/build/icyphy/ptII/ptolemy/actor/lib/hoc/demo/ThreadedComposite/BackgroundExecution/index.html
13163 ms. Memory: 2554880K Free: 1116980K (44%)
####### 135 Thu May 31 21:05:45 UTC 2018 $PTII/bin/ptinvoke ptolemy.vergil.basic.export.ExportModel -force htm -run -openComposites -timeOut 30000 -whiteBackground ptolemy/actor/lib/hoc/demo/ThreadedComposite/ConcurrentChat.xml $PTII/ptolemy/actor/lib/hoc/demo/ThreadedComposite/ConcurrentChat
.ConcurrentChat.ThreadedComposite.InteractiveShell invoked SwingUtilities.invokeAndWait()
Model ".ConcurrentChat" contains actors such cannot be run  as part of the export process from ExportModel or it has a WebExportParameters value that runBeforeExport set to false. To export run this model and export it, use vergil.
Exported /home/travis/build/icyphy/ptII/ptolemy/actor/lib/hoc/demo/ThreadedComposite/ConcurrentChat/index.html
3169 ms. Memory: 2554880K Free: 957422K (37%)
####### 136 Thu May 31 21:05:49 UTC 2018 $PTII/bin/ptinvoke ptolemy.vergil.basic.export.ExportModel -force htm -run -openComposites -timeOut 30000 -whiteBackground ptolemy/actor/lib/hoc/demo/ThreadedComposite/MulticoreExecution.xml $PTII/ptolemy/actor/lib/hoc/demo/ThreadedComposite/MulticoreExecution
Running .MulticoreExecution
10046 ms. Memory: 2554880K Free: 798298K (31%)
Exported /home/travis/build/icyphy/ptII/ptolemy/actor/lib/hoc/demo/ThreadedComposite/MulticoreExecution/index.html
14235 ms. Memory: 2554880K Free: 693289K (27%)
####### 137 Thu May 31 21:06:03 UTC 2018 $PTII/bin/ptinvoke ptolemy.vergil.basic.export.ExportModel -force htm -run -openComposites -timeOut 30000 -whiteBackground ptolemy/actor/lib/hoc/demo/ThreadedComposite/ParallelExecution.xml $PTII/ptolemy/actor/lib/hoc/demo/ThreadedComposite/ParallelExecution
Running .ParallelExecution
9014 ms. Memory: 2554880K Free: 584369K (23%)
Exported /home/travis/build/icyphy/ptII/ptolemy/actor/lib/hoc/demo/ThreadedComposite/ParallelExecution/index.html
13178 ms. Memory: 2554880K Free: 531093K (21%)
####### 138 Thu May 31 21:06:16 UTC 2018 $PTII/bin/ptinvoke ptolemy.vergil.basic.export.ExportModel -force htm -run -openComposites -timeOut 30000 -whiteBackground ptolemy/actor/lib/hoc/demo/ThreadedComposite/SpontaneousSources.xml $PTII/ptolemy/actor/lib/hoc/demo/ThreadedComposite/SpontaneousSources
.SpontaneousSources.ThreadedComposite.InteractiveShell invoked SwingUtilities.invokeAndWait()
Model ".SpontaneousSources" contains actors such cannot be run  as part of the export process from ExportModel or it has a WebExportParameters value that runBeforeExport set to false. To export run this model and export it, use vergil.
Exported /home/travis/build/icyphy/ptII/ptolemy/actor/lib/hoc/demo/ThreadedComposite/SpontaneousSources/index.html
3143 ms. Memory: 2554880K Free: 397950K (16%)
####### 139 Thu May 31 21:06:19 UTC 2018 $PTII/bin/ptinvoke ptolemy.vergil.basic.export.ExportModel -force htm  -openComposites -timeOut 30000 -whiteBackground ptolemy/actor/lib/hoc/demo/ThreadedComposite/ThreadedComposite.xml $PTII/ptolemy/actor/lib/hoc/demo/ThreadedComposite/ThreadedComposite
Warning: not running ptolemy/actor/lib/hoc/demo/ThreadedComposite/ThreadedComposite.xml. See ptolemy/vergil/basic/export/test/junit/ExportModelJUnitTest.java
Exported /home/travis/build/icyphy/ptII/ptolemy/actor/lib/hoc/demo/ThreadedComposite/ThreadedComposite/index.html
3125 ms. Memory: 2554880K Free: 266332K (10%)
####### 140 Thu May 31 21:06:22 UTC 2018 $PTII/bin/ptinvoke ptolemy.vergil.basic.export.ExportModel -force htm  -openComposites -timeOut 30000 -whiteBackground ptolemy/actor/lib/io/comm/demo/SerialConsole/SerialConsole.xml $PTII/ptolemy/actor/lib/io/comm/demo/SerialConsole/SerialConsole
Warning: not running ptolemy/actor/lib/io/comm/demo/SerialConsole/SerialConsole.xml. See ptolemy/vergil/basic/export/test/junit/ExportModelJUnitTest.java
Exported /home/travis/build/icyphy/ptII/ptolemy/actor/lib/io/comm/demo/SerialConsole/SerialConsole/index.html
3213 ms. Memory: 2560512K Free: 1466187K (57%)
####### 141 Thu May 31 21:06:25 UTC 2018 $PTII/bin/ptinvoke ptolemy.vergil.basic.export.ExportModel -force htm  -openComposites -timeOut 30000 -whiteBackground ptolemy/actor/lib/io/comm/demo/SerialPort/SerialPort.xml $PTII/ptolemy/actor/lib/io/comm/demo/SerialPort/SerialPort
Warning: not running ptolemy/actor/lib/io/comm/demo/SerialPort/SerialPort.xml. See ptolemy/vergil/basic/export/test/junit/ExportModelJUnitTest.java
Exported /home/travis/build/icyphy/ptII/ptolemy/actor/lib/io/comm/demo/SerialPort/SerialPort/index.html
3136 ms. Memory: 2560512K Free: 1333635K (52%)
####### 142 Thu May 31 21:06:29 UTC 2018 $PTII/bin/ptinvoke ptolemy.vergil.basic.export.ExportModel -force htm  -openComposites -timeOut 30000 -whiteBackground ptolemy/actor/lib/io/comm/demo/XBee/XBee.xml $PTII/ptolemy/actor/lib/io/comm/demo/XBee/XBee
Warning: not running ptolemy/actor/lib/io/comm/demo/XBee/XBee.xml. See ptolemy/vergil/basic/export/test/junit/ExportModelJUnitTest.java
Exported /home/travis/build/icyphy/ptII/ptolemy/actor/lib/io/comm/demo/XBee/XBee/index.html
3137 ms. Memory: 2560512K Free: 1202739K (47%)
####### 143 Thu May 31 21:06:32 UTC 2018 $PTII/bin/ptinvoke ptolemy.vergil.basic.export.ExportModel -force htm  -openComposites -timeOut 30000 -whiteBackground ptolemy/actor/lib/io/demo/AppendToFile/AppendToFile.xml $PTII/ptolemy/actor/lib/io/demo/AppendToFile/AppendToFile
Warning: not running ptolemy/actor/lib/io/demo/AppendToFile/AppendToFile.xml. See ptolemy/vergil/basic/export/test/junit/ExportModelJUnitTest.java
Exported /home/travis/build/icyphy/ptII/ptolemy/actor/lib/io/demo/AppendToFile/AppendToFile/index.html
3123 ms. Memory: 2560512K Free: 1071068K (42%)
####### 144 Thu May 31 21:06:35 UTC 2018 $PTII/bin/ptinvoke ptolemy.vergil.basic.export.ExportModel -force htm  -openComposites -timeOut 30000 -whiteBackground ptolemy/actor/lib/io/demo/CopyFile/CopyFile.xml $PTII/ptolemy/actor/lib/io/demo/CopyFile/CopyFile
Warning: not running ptolemy/actor/lib/io/demo/CopyFile/CopyFile.xml. See ptolemy/vergil/basic/export/test/junit/ExportModelJUnitTest.java
Exported /home/travis/build/icyphy/ptII/ptolemy/actor/lib/io/demo/CopyFile/CopyFile/index.html
3120 ms. Memory: 2560512K Free: 964218K (38%)
####### 145 Thu May 31 21:06:38 UTC 2018 $PTII/bin/ptinvoke ptolemy.vergil.basic.export.ExportModel -force htm  -openComposites -timeOut 30000 -whiteBackground ptolemy/actor/lib/io/demo/FilePortParameter/FilePortParameter.xml $PTII/ptolemy/actor/lib/io/demo/FilePortParameter/FilePortParameter
Warning: not running ptolemy/actor/lib/io/demo/FilePortParameter/FilePortParameter.xml. See ptolemy/vergil/basic/export/test/junit/ExportModelJUnitTest.java
Exported /home/travis/build/icyphy/ptII/ptolemy/actor/lib/io/demo/FilePortParameter/FilePortParameter/index.html
3159 ms. Memory: 2560512K Free: 805986K (31%)
####### 146 Thu May 31 21:06:41 UTC 2018 $PTII/bin/ptinvoke ptolemy.vergil.basic.export.ExportModel -force htm  -openComposites -timeOut 30000 -whiteBackground ptolemy/actor/lib/io/demo/ReadExpressionsCommandLine/ReadExpressionsCommandLine.xml $PTII/ptolemy/actor/lib/io/demo/ReadExpressionsCommandLine/ReadExpressionsCommandLine
Warning: not running ptolemy/actor/lib/io/demo/ReadExpressionsCommandLine/ReadExpressionsCommandLine.xml. See ptolemy/vergil/basic/export/test/junit/ExportModelJUnitTest.java
Exported /home/travis/build/icyphy/ptII/ptolemy/actor/lib/io/demo/ReadExpressionsCommandLine/ReadExpressionsCommandLine/index.html
3114 ms. Memory: 2560512K Free: 675081K (26%)
####### 147 Thu May 31 21:06:44 UTC 2018 $PTII/bin/ptinvoke ptolemy.vergil.basic.export.ExportModel -force htm  -openComposites -timeOut 30000 -whiteBackground ptolemy/actor/lib/io/demo/ReadStdIn/ReadStdIn.xml $PTII/ptolemy/actor/lib/io/demo/ReadStdIn/ReadStdIn
Warning: not running ptolemy/actor/lib/io/demo/ReadStdIn/ReadStdIn.xml. See ptolemy/vergil/basic/export/test/junit/ExportModelJUnitTest.java
Exported /home/travis/build/icyphy/ptII/ptolemy/actor/lib/io/demo/ReadStdIn/ReadStdIn/index.html
3113 ms. Memory: 2560512K Free: 544094K (21%)
####### 148 Thu May 31 21:06:47 UTC 2018 $PTII/bin/ptinvoke ptolemy.vergil.basic.export.ExportModel -force htm -run -openComposites -timeOut 30000 -whiteBackground ptolemy/actor/lib/jai/demo/AdaptiveMedian/AdaptiveMedian.xml $PTII/ptolemy/actor/lib/jai/demo/AdaptiveMedian/AdaptiveMedian
Running .AdaptiveMedian
1130 ms. Memory: 2560512K Free: 337782K (13%)
Exported /home/travis/build/icyphy/ptII/ptolemy/actor/lib/jai/demo/AdaptiveMedian/AdaptiveMedian/index.html
5281 ms. Memory: 2560512K Free: 310374K (12%)
####### 149 Thu May 31 21:06:53 UTC 2018 $PTII/bin/ptinvoke ptolemy.vergil.basic.export.ExportModel -force htm -run -openComposites -timeOut 30000 -whiteBackground ptolemy/actor/lib/jai/demo/ImageReconstruction/ImageReconstruction.xml $PTII/ptolemy/actor/lib/jai/demo/ImageReconstruction/ImageReconstruction
Running .ImageReconstruction
60 ms. Memory: 2609152K Free: 1536239K (59%)
Exported /home/travis/build/icyphy/ptII/ptolemy/actor/lib/jai/demo/ImageReconstruction/ImageReconstruction/index.html
4299 ms. Memory: 2609152K Free: 1507417K (58%)
####### 150 Thu May 31 21:06:57 UTC 2018 $PTII/bin/ptinvoke ptolemy.vergil.basic.export.ExportModel -force htm -run -openComposites -timeOut 30000 -whiteBackground ptolemy/actor/lib/jai/demo/VQSequenceDisplay/VQSequenceDisplay.xml $PTII/ptolemy/actor/lib/jai/demo/VQSequenceDisplay/VQSequenceDisplay
Running .VQSequenceDisplay
575 ms. Memory: 2609152K Free: 1315844K (50%)
Exported /home/travis/build/icyphy/ptII/ptolemy/actor/lib/jai/demo/VQSequenceDisplay/VQSequenceDisplay/index.html
4722 ms. Memory: 2609152K Free: 1287061K (49%)
]]></system-out>
  <system-err><![CDATA[May 31, 2018 8:43:38 PM sun.awt.X11.XToolkit processException
WARNING: Exception on Toolkit thread
java.lang.NullPointerException
	at java.awt.Component$BltBufferStrategy.contentsLost(Component.java:4479)
	at java.awt.Component$BltSubRegionBufferStrategy.showIfNotLost(Component.java:4542)
	at javax.swing.BufferStrategyPaintManager.show(BufferStrategyPaintManager.java:252)
	at javax.swing.RepaintManager.show(RepaintManager.java:1379)
	at javax.swing.SwingPaintEventDispatcher.createPaintEvent(SwingPaintEventDispatcher.java:61)
	at sun.awt.X11.XWindow.postPaintEvent(XWindow.java:564)
	at sun.awt.X11.XContentWindow.postPaintEvent(XContentWindow.java:163)
	at sun.awt.X11.XWindow.handleExposeEvent(XWindow.java:558)
	at sun.awt.X11.XContentWindow.handleExposeEvent(XContentWindow.java:45)
	at sun.awt.X11.XBaseWindow.dispatchEvent(XBaseWindow.java:1110)
	at sun.awt.X11.XBaseWindow.dispatchToWindow(XBaseWindow.java:1086)
	at sun.awt.X11.XToolkit.dispatchEvent(XToolkit.java:502)
	at sun.awt.X11.XToolkit.run(XToolkit.java:616)
	at sun.awt.X11.XToolkit.run(XToolkit.java:532)
	at java.lang.Thread.run(Thread.java:748)

Register Dispose
java.lang.NullPointerException
Register Dispose
java.lang.NullPointerException
Register Dispose
java.lang.NullPointerException
WARNING: Clock: Model stopped before executing actions (e.g. producing outputs) scheduled for execution at times [1.0]
WARNING: Mutable: Model stopped before executing actions (e.g. producing outputs) scheduled for execution at times [1.0]
Mutable: Connection refused.
ptolemy.kernel.util.IllegalActionException: Connection refused.
  in .AugmentedRealityFeedbackBlee.Mutable
Because:
MqttException
	at ptolemy.actor.lib.jjs.HelperBase$2.run(HelperBase.java:213)
	at ptolemy.actor.lib.jjs.JavaScript.fire(JavaScript.java:1060)
	at ptolemy.domains.de.kernel.DEDirector._fire(DEDirector.java:1948)
	at ptolemy.domains.de.kernel.DEDirector.fire(DEDirector.java:502)
	at ptolemy.actor.CompositeActor.fire(CompositeActor.java:455)
	at ptolemy.actor.Manager.iterate(Manager.java:851)
	at ptolemy.actor.Manager.execute(Manager.java:369)
	at ptolemy.vergil.basic.export.ExportModel$2.run(ExportModel.java:390)
	at java.awt.event.InvocationEvent.dispatch(InvocationEvent.java:301)
	at java.awt.EventQueue.dispatchEventImpl(EventQueue.java:756)
	at java.awt.EventQueue.access$500(EventQueue.java:97)
	at java.awt.EventQueue$3.run(EventQueue.java:709)
	at java.awt.EventQueue$3.run(EventQueue.java:703)
	at java.security.AccessController.doPrivileged(Native Method)
	at java.security.ProtectionDomain$JavaSecurityAccessImpl.doIntersectionPrivilege(ProtectionDomain.java:80)
	at java.awt.EventQueue.dispatchEvent(EventQueue.java:726)
	at java.awt.EventDispatchThread.pumpOneEventForFilters(EventDispatchThread.java:201)
	at java.awt.EventDispatchThread.pumpEventsForFilter(EventDispatchThread.java:116)
	at java.awt.EventDispatchThread.pumpEventsForHierarchy(EventDispatchThread.java:105)
	at java.awt.EventDispatchThread.pumpEvents(EventDispatchThread.java:101)
	at java.awt.EventDispatchThread.pumpEvents(EventDispatchThread.java:93)
	at java.awt.EventDispatchThread.run(EventDispatchThread.java:82)
Caused by: MqttException (0) - java.net.UnknownHostException: ThisIsNotAPipeNorIsITheBrokerHostIPAddress.UseSummonToFindALocalBroker
	at org.eclipse.paho.client.mqttv3.internal.ExceptionHelper.createMqttException(ExceptionHelper.java:38)
	at org.eclipse.paho.client.mqttv3.internal.ClientComms$ConnectBG.run(ClientComms.java:715)
	at java.util.concurrent.Executors$RunnableAdapter.call(Executors.java:511)
	at java.util.concurrent.FutureTask.run(FutureTask.java:266)
	at java.util.concurrent.ScheduledThreadPoolExecutor$ScheduledFutureTask.access$201(ScheduledThreadPoolExecutor.java:180)
	at java.util.concurrent.ScheduledThreadPoolExecutor$ScheduledFutureTask.run(ScheduledThreadPoolExecutor.java:293)
	at java.util.concurrent.ThreadPoolExecutor.runWorker(ThreadPoolExecutor.java:1149)
	at java.util.concurrent.ThreadPoolExecutor$Worker.run(ThreadPoolExecutor.java:624)
	at java.lang.Thread.run(Thread.java:748)
Caused by: java.net.UnknownHostException: ThisIsNotAPipeNorIsITheBrokerHostIPAddress.UseSummonToFindALocalBroker
	at java.net.AbstractPlainSocketImpl.connect(AbstractPlainSocketImpl.java:184)
	at java.net.SocksSocketImpl.connect(SocksSocketImpl.java:392)
	at java.net.Socket.connect(Socket.java:589)
	at org.eclipse.paho.client.mqttv3.internal.TCPNetworkModule.start(TCPNetworkModule.java:84)
	at org.eclipse.paho.client.mqttv3.internal.ClientComms$ConnectBG.run(ClientComms.java:701)
	... 7 more
Caused by: MqttException (0) - java.net.UnknownHostException: ThisIsNotAPipeNorIsITheBrokerHostIPAddress.UseSummonToFindALocalBroker
	at org.eclipse.paho.client.mqttv3.internal.ExceptionHelper.createMqttException(ExceptionHelper.java:38)
	at org.eclipse.paho.client.mqttv3.internal.ClientComms$ConnectBG.run(ClientComms.java:715)
	at java.util.concurrent.Executors$RunnableAdapter.call(Executors.java:511)
	at java.util.concurrent.FutureTask.run(FutureTask.java:266)
	at java.util.concurrent.ScheduledThreadPoolExecutor$ScheduledFutureTask.access$201(ScheduledThreadPoolExecutor.java:180)
	at java.util.concurrent.ScheduledThreadPoolExecutor$ScheduledFutureTask.run(ScheduledThreadPoolExecutor.java:293)
	at java.util.concurrent.ThreadPoolExecutor.runWorker(ThreadPoolExecutor.java:1149)
	at java.util.concurrent.ThreadPoolExecutor$Worker.run(ThreadPoolExecutor.java:624)
	at java.lang.Thread.run(Thread.java:748)
Caused by: java.net.UnknownHostException: ThisIsNotAPipeNorIsITheBrokerHostIPAddress.UseSummonToFindALocalBroker
	at java.net.AbstractPlainSocketImpl.connect(AbstractPlainSocketImpl.java:184)
	at java.net.SocksSocketImpl.connect(SocksSocketImpl.java:392)
	at java.net.Socket.connect(Socket.java:589)
	at org.eclipse.paho.client.mqttv3.internal.TCPNetworkModule.start(TCPNetworkModule.java:84)
	at org.eclipse.paho.client.mqttv3.internal.ClientComms$ConnectBG.run(ClientComms.java:701)
	... 7 more
WARNING: Clock: Model stopped before executing actions (e.g. producing outputs) scheduled for execution at times [23.0]
WARNING: Clock: Model stopped before executing actions (e.g. producing outputs) scheduled for execution at times [21.0]
[AWT-EventQueue-0] INFO com.github.sarxos.webcam.Webcam - WebcamDefaultDriver capture driver will be used
[atomic-processor-1] INFO com.github.sarxos.webcam.ds.cgt.WebcamOpenTask - Opening webcam Dummy Webcam 0
[atomic-processor-1] INFO com.github.sarxos.webcam.ds.cgt.WebcamCloseTask - Closing Dummy Webcam 0
[atomic-processor-1] INFO com.github.sarxos.webcam.ds.cgt.WebcamOpenTask - Opening webcam Dummy Webcam 0
[atomic-processor-1] INFO com.github.sarxos.webcam.ds.cgt.WebcamCloseTask - Closing Dummy Webcam 0
WARNING: Camera: Model stopped before executing actions (e.g. producing outputs) scheduled for execution at times [17.961000000000002, 17.856]
HttpClientHelper.java: Received an error for request 0: io.netty.channel.ConnectTimeoutException: connection timed out: /192.168.1.217:8099
io.netty.channel.ConnectTimeoutException: connection timed out: /192.168.1.217:8099
	at io.netty.channel.nio.AbstractNioChannel$AbstractNioUnsafe$1.run(AbstractNioChannel.java:267)
	at io.netty.util.concurrent.PromiseTask$RunnableAdapter.call(PromiseTask.java:38)
	at io.netty.util.concurrent.ScheduledFutureTask.run(ScheduledFutureTask.java:125)
	at io.netty.util.concurrent.AbstractEventExecutor.safeExecute(AbstractEventExecutor.java:163)
	at io.netty.util.concurrent.SingleThreadEventExecutor.runAllTasks(SingleThreadEventExecutor.java:404)
	at io.netty.channel.nio.NioEventLoop.run(NioEventLoop.java:463)
	at io.netty.util.concurrent.SingleThreadEventExecutor$5.run(SingleThreadEventExecutor.java:886)
	at io.netty.util.concurrent.FastThreadLocalRunnable.run(FastThreadLocalRunnable.java:30)
	at java.lang.Thread.run(Thread.java:748)
HttpClientHelper.java: Received an error for request 1: io.netty.channel.ConnectTimeoutException: connection timed out: /192.168.1.217:8099
io.netty.channel.ConnectTimeoutException: connection timed out: /192.168.1.217:8099
	at io.netty.channel.nio.AbstractNioChannel$AbstractNioUnsafe$1.run(AbstractNioChannel.java:267)
	at io.netty.util.concurrent.PromiseTask$RunnableAdapter.call(PromiseTask.java:38)
	at io.netty.util.concurrent.ScheduledFutureTask.run(ScheduledFutureTask.java:125)
	at io.netty.util.concurrent.AbstractEventExecutor.safeExecute(AbstractEventExecutor.java:163)
	at io.netty.util.concurrent.SingleThreadEventExecutor.runAllTasks(SingleThreadEventExecutor.java:404)
	at io.netty.channel.nio.NioEventLoop.run(NioEventLoop.java:463)
	at io.netty.util.concurrent.SingleThreadEventExecutor$5.run(SingleThreadEventExecutor.java:886)
	at io.netty.util.concurrent.FastThreadLocalRunnable.run(FastThreadLocalRunnable.java:30)
	at java.lang.Thread.run(Thread.java:748)
HttpClientHelper.java: Received an error for request 2: io.netty.channel.ConnectTimeoutException: connection timed out: /192.168.1.217:8099
io.netty.channel.ConnectTimeoutException: connection timed out: /192.168.1.217:8099
	at io.netty.channel.nio.AbstractNioChannel$AbstractNioUnsafe$1.run(AbstractNioChannel.java:267)
	at io.netty.util.concurrent.PromiseTask$RunnableAdapter.call(PromiseTask.java:38)
	at io.netty.util.concurrent.ScheduledFutureTask.run(ScheduledFutureTask.java:125)
	at io.netty.util.concurrent.AbstractEventExecutor.safeExecute(AbstractEventExecutor.java:163)
	at io.netty.util.concurrent.SingleThreadEventExecutor.runAllTasks(SingleThreadEventExecutor.java:404)
	at io.netty.channel.nio.NioEventLoop.run(NioEventLoop.java:463)
	at io.netty.util.concurrent.SingleThreadEventExecutor$5.run(SingleThreadEventExecutor.java:886)
	at io.netty.util.concurrent.FastThreadLocalRunnable.run(FastThreadLocalRunnable.java:30)
	at java.lang.Thread.run(Thread.java:748)
HttpClientHelper.java: Received an error for request 3: io.netty.channel.ConnectTimeoutException: connection timed out: /192.168.1.217:8099
io.netty.channel.ConnectTimeoutException: connection timed out: /192.168.1.217:8099
	at io.netty.channel.nio.AbstractNioChannel$AbstractNioUnsafe$1.run(AbstractNioChannel.java:267)
	at io.netty.util.concurrent.PromiseTask$RunnableAdapter.call(PromiseTask.java:38)
	at io.netty.util.concurrent.ScheduledFutureTask.run(ScheduledFutureTask.java:125)
	at io.netty.util.concurrent.AbstractEventExecutor.safeExecute(AbstractEventExecutor.java:163)
	at io.netty.util.concurrent.SingleThreadEventExecutor.runAllTasks(SingleThreadEventExecutor.java:404)
	at io.netty.channel.nio.NioEventLoop.run(NioEventLoop.java:463)
	at io.netty.util.concurrent.SingleThreadEventExecutor$5.run(SingleThreadEventExecutor.java:886)
	at io.netty.util.concurrent.FastThreadLocalRunnable.run(FastThreadLocalRunnable.java:30)
	at java.lang.Thread.run(Thread.java:748)
HttpClientHelper.java: Received an error for request 4: io.netty.channel.ConnectTimeoutException: connection timed out: /192.168.1.217:8099
io.netty.channel.ConnectTimeoutException: connection timed out: /192.168.1.217:8099
	at io.netty.channel.nio.AbstractNioChannel$AbstractNioUnsafe$1.run(AbstractNioChannel.java:267)
	at io.netty.util.concurrent.PromiseTask$RunnableAdapter.call(PromiseTask.java:38)
	at io.netty.util.concurrent.ScheduledFutureTask.run(ScheduledFutureTask.java:125)
	at io.netty.util.concurrent.AbstractEventExecutor.safeExecute(AbstractEventExecutor.java:163)
	at io.netty.util.concurrent.SingleThreadEventExecutor.runAllTasks(SingleThreadEventExecutor.java:404)
	at io.netty.channel.nio.NioEventLoop.run(NioEventLoop.java:463)
	at io.netty.util.concurrent.SingleThreadEventExecutor$5.run(SingleThreadEventExecutor.java:886)
	at io.netty.util.concurrent.FastThreadLocalRunnable.run(FastThreadLocalRunnable.java:30)
	at java.lang.Thread.run(Thread.java:748)
WARNING: GenerateLifxAccessors: Model stopped before executing actions (e.g. producing outputs) scheduled for execution at times [7.0, 11.0]
HttpClientHelper.java: Received an error for request 0: io.netty.channel.ConnectTimeoutException: connection timed out: /192.168.1.217:8099
io.netty.channel.ConnectTimeoutException: connection timed out: /192.168.1.217:8099
	at io.netty.channel.nio.AbstractNioChannel$AbstractNioUnsafe$1.run(AbstractNioChannel.java:267)
	at io.netty.util.concurrent.PromiseTask$RunnableAdapter.call(PromiseTask.java:38)
	at io.netty.util.concurrent.ScheduledFutureTask.run(ScheduledFutureTask.java:125)
	at io.netty.util.concurrent.AbstractEventExecutor.safeExecute(AbstractEventExecutor.java:163)
	at io.netty.util.concurrent.SingleThreadEventExecutor.runAllTasks(SingleThreadEventExecutor.java:404)
	at io.netty.channel.nio.NioEventLoop.run(NioEventLoop.java:463)
	at io.netty.util.concurrent.SingleThreadEventExecutor$5.run(SingleThreadEventExecutor.java:886)
	at io.netty.util.concurrent.FastThreadLocalRunnable.run(FastThreadLocalRunnable.java:30)
	at java.lang.Thread.run(Thread.java:748)
HttpClientHelper.java: Received an error for request 1: io.netty.channel.ConnectTimeoutException: connection timed out: /192.168.1.217:8099
io.netty.channel.ConnectTimeoutException: connection timed out: /192.168.1.217:8099
	at io.netty.channel.nio.AbstractNioChannel$AbstractNioUnsafe$1.run(AbstractNioChannel.java:267)
	at io.netty.util.concurrent.PromiseTask$RunnableAdapter.call(PromiseTask.java:38)
	at io.netty.util.concurrent.ScheduledFutureTask.run(ScheduledFutureTask.java:125)
	at io.netty.util.concurrent.AbstractEventExecutor.safeExecute(AbstractEventExecutor.java:163)
	at io.netty.util.concurrent.SingleThreadEventExecutor.runAllTasks(SingleThreadEventExecutor.java:404)
	at io.netty.channel.nio.NioEventLoop.run(NioEventLoop.java:463)
	at io.netty.util.concurrent.SingleThreadEventExecutor$5.run(SingleThreadEventExecutor.java:886)
	at io.netty.util.concurrent.FastThreadLocalRunnable.run(FastThreadLocalRunnable.java:30)
	at java.lang.Thread.run(Thread.java:748)
HttpClientHelper.java: Received an error for request 2: io.netty.channel.ConnectTimeoutException: connection timed out: /192.168.1.217:8099
io.netty.channel.ConnectTimeoutException: connection timed out: /192.168.1.217:8099
	at io.netty.channel.nio.AbstractNioChannel$AbstractNioUnsafe$1.run(AbstractNioChannel.java:267)
	at io.netty.util.concurrent.PromiseTask$RunnableAdapter.call(PromiseTask.java:38)
	at io.netty.util.concurrent.ScheduledFutureTask.run(ScheduledFutureTask.java:125)
	at io.netty.util.concurrent.AbstractEventExecutor.safeExecute(AbstractEventExecutor.java:163)
	at io.netty.util.concurrent.SingleThreadEventExecutor.runAllTasks(SingleThreadEventExecutor.java:404)
	at io.netty.channel.nio.NioEventLoop.run(NioEventLoop.java:463)
	at io.netty.util.concurrent.SingleThreadEventExecutor$5.run(SingleThreadEventExecutor.java:886)
	at io.netty.util.concurrent.FastThreadLocalRunnable.run(FastThreadLocalRunnable.java:30)
	at java.lang.Thread.run(Thread.java:748)
HttpClientHelper.java: Received an error for request 3: io.netty.channel.ConnectTimeoutException: connection timed out: /192.168.1.217:8099
io.netty.channel.ConnectTimeoutException: connection timed out: /192.168.1.217:8099
	at io.netty.channel.nio.AbstractNioChannel$AbstractNioUnsafe$1.run(AbstractNioChannel.java:267)
	at io.netty.util.concurrent.PromiseTask$RunnableAdapter.call(PromiseTask.java:38)
	at io.netty.util.concurrent.ScheduledFutureTask.run(ScheduledFutureTask.java:125)
	at io.netty.util.concurrent.AbstractEventExecutor.safeExecute(AbstractEventExecutor.java:163)
	at io.netty.util.concurrent.SingleThreadEventExecutor.runAllTasks(SingleThreadEventExecutor.java:404)
	at io.netty.channel.nio.NioEventLoop.run(NioEventLoop.java:463)
	at io.netty.util.concurrent.SingleThreadEventExecutor$5.run(SingleThreadEventExecutor.java:886)
	at io.netty.util.concurrent.FastThreadLocalRunnable.run(FastThreadLocalRunnable.java:30)
	at java.lang.Thread.run(Thread.java:748)
HttpClientHelper.java: Received an error for request 4: io.netty.channel.ConnectTimeoutException: connection timed out: /192.168.1.217:8099
io.netty.channel.ConnectTimeoutException: connection timed out: /192.168.1.217:8099
	at io.netty.channel.nio.AbstractNioChannel$AbstractNioUnsafe$1.run(AbstractNioChannel.java:267)
	at io.netty.util.concurrent.PromiseTask$RunnableAdapter.call(PromiseTask.java:38)
	at io.netty.util.concurrent.ScheduledFutureTask.run(ScheduledFutureTask.java:125)
	at io.netty.util.concurrent.AbstractEventExecutor.safeExecute(AbstractEventExecutor.java:163)
	at io.netty.util.concurrent.SingleThreadEventExecutor.runAllTasks(SingleThreadEventExecutor.java:404)
	at io.netty.channel.nio.NioEventLoop.run(NioEventLoop.java:463)
	at io.netty.util.concurrent.SingleThreadEventExecutor$5.run(SingleThreadEventExecutor.java:886)
	at io.netty.util.concurrent.FastThreadLocalRunnable.run(FastThreadLocalRunnable.java:30)
	at java.lang.Thread.run(Thread.java:748)
HttpClientHelper.java: Received an error for request 5: io.netty.channel.ConnectTimeoutException: connection timed out: /192.168.1.217:8099
io.netty.channel.ConnectTimeoutException: connection timed out: /192.168.1.217:8099
	at io.netty.channel.nio.AbstractNioChannel$AbstractNioUnsafe$1.run(AbstractNioChannel.java:267)
	at io.netty.util.concurrent.PromiseTask$RunnableAdapter.call(PromiseTask.java:38)
	at io.netty.util.concurrent.ScheduledFutureTask.run(ScheduledFutureTask.java:125)
	at io.netty.util.concurrent.AbstractEventExecutor.safeExecute(AbstractEventExecutor.java:163)
	at io.netty.util.concurrent.SingleThreadEventExecutor.runAllTasks(SingleThreadEventExecutor.java:404)
	at io.netty.channel.nio.NioEventLoop.run(NioEventLoop.java:463)
	at io.netty.util.concurrent.SingleThreadEventExecutor$5.run(SingleThreadEventExecutor.java:886)
	at io.netty.util.concurrent.FastThreadLocalRunnable.run(FastThreadLocalRunnable.java:30)
	at java.lang.Thread.run(Thread.java:748)
HttpClientHelper.java: Received an error for request 0: io.netty.channel.ConnectTimeoutException: connection timed out: /192.168.1.217:8099
io.netty.channel.ConnectTimeoutException: connection timed out: /192.168.1.217:8099
	at io.netty.channel.nio.AbstractNioChannel$AbstractNioUnsafe$1.run(AbstractNioChannel.java:267)
	at io.netty.util.concurrent.PromiseTask$RunnableAdapter.call(PromiseTask.java:38)
	at io.netty.util.concurrent.ScheduledFutureTask.run(ScheduledFutureTask.java:125)
	at io.netty.util.concurrent.AbstractEventExecutor.safeExecute(AbstractEventExecutor.java:163)
	at io.netty.util.concurrent.SingleThreadEventExecutor.runAllTasks(SingleThreadEventExecutor.java:404)
	at io.netty.channel.nio.NioEventLoop.run(NioEventLoop.java:463)
	at io.netty.util.concurrent.SingleThreadEventExecutor$5.run(SingleThreadEventExecutor.java:886)
	at io.netty.util.concurrent.FastThreadLocalRunnable.run(FastThreadLocalRunnable.java:30)
	at java.lang.Thread.run(Thread.java:748)
[atomic-processor-1] INFO com.github.sarxos.webcam.ds.cgt.WebcamOpenTask - Opening webcam Dummy Webcam 0
[atomic-processor-1] INFO com.github.sarxos.webcam.ds.cgt.WebcamCloseTask - Closing Dummy Webcam 0
WARNING: Camera: Model stopped before executing actions (e.g. producing outputs) scheduled for execution at times [17.128]
HttpClientHelper.java: Received an error for request 0: io.netty.channel.ConnectTimeoutException: connection timed out: /192.168.1.221:80
io.netty.channel.ConnectTimeoutException: connection timed out: /192.168.1.221:80
	at io.netty.channel.nio.AbstractNioChannel$AbstractNioUnsafe$1.run(AbstractNioChannel.java:267)
	at io.netty.util.concurrent.PromiseTask$RunnableAdapter.call(PromiseTask.java:38)
	at io.netty.util.concurrent.ScheduledFutureTask.run(ScheduledFutureTask.java:125)
	at io.netty.util.concurrent.AbstractEventExecutor.safeExecute(AbstractEventExecutor.java:163)
	at io.netty.util.concurrent.SingleThreadEventExecutor.runAllTasks(SingleThreadEventExecutor.java:404)
	at io.netty.channel.nio.NioEventLoop.run(NioEventLoop.java:463)
	at io.netty.util.concurrent.SingleThreadEventExecutor$5.run(SingleThreadEventExecutor.java:886)
	at io.netty.util.concurrent.FastThreadLocalRunnable.run(FastThreadLocalRunnable.java:30)
	at java.lang.Thread.run(Thread.java:748)
Hue: connection timed out: /192.168.1.221:80
[atomic-processor-1] INFO com.github.sarxos.webcam.ds.cgt.WebcamOpenTask - Opening webcam Dummy Webcam 0
HttpClientHelper.java: Received an error for request 0: io.netty.channel.ConnectTimeoutException: connection timed out: /192.168.2.2:80
io.netty.channel.ConnectTimeoutException: connection timed out: /192.168.2.2:80
	at io.netty.channel.nio.AbstractNioChannel$AbstractNioUnsafe$1.run(AbstractNioChannel.java:267)
	at io.netty.util.concurrent.PromiseTask$RunnableAdapter.call(PromiseTask.java:38)
	at io.netty.util.concurrent.ScheduledFutureTask.run(ScheduledFutureTask.java:125)
	at io.netty.util.concurrent.AbstractEventExecutor.safeExecute(AbstractEventExecutor.java:163)
	at io.netty.util.concurrent.SingleThreadEventExecutor.runAllTasks(SingleThreadEventExecutor.java:404)
	at io.netty.channel.nio.NioEventLoop.run(NioEventLoop.java:463)
	at io.netty.util.concurrent.SingleThreadEventExecutor$5.run(SingleThreadEventExecutor.java:886)
	at io.netty.util.concurrent.FastThreadLocalRunnable.run(FastThreadLocalRunnable.java:30)
	at java.lang.Thread.run(Thread.java:748)
Hue: connection timed out: /192.168.2.2:80
[atomic-processor-1] INFO com.github.sarxos.webcam.ds.cgt.WebcamCloseTask - Closing Dummy Webcam 0
[atomic-processor-1] INFO com.github.sarxos.webcam.ds.cgt.WebcamOpenTask - Opening webcam Dummy Webcam 0
HttpClientHelper.java: Received an error for request 0: io.netty.channel.ConnectTimeoutException: connection timed out: /10.0.0.235:80
io.netty.channel.ConnectTimeoutException: connection timed out: /10.0.0.235:80
	at io.netty.channel.nio.AbstractNioChannel$AbstractNioUnsafe$1.run(AbstractNioChannel.java:267)
	at io.netty.util.concurrent.PromiseTask$RunnableAdapter.call(PromiseTask.java:38)
	at io.netty.util.concurrent.ScheduledFutureTask.run(ScheduledFutureTask.java:125)
	at io.netty.util.concurrent.AbstractEventExecutor.safeExecute(AbstractEventExecutor.java:163)
	at io.netty.util.concurrent.SingleThreadEventExecutor.runAllTasks(SingleThreadEventExecutor.java:404)
	at io.netty.channel.nio.NioEventLoop.run(NioEventLoop.java:463)
	at io.netty.util.concurrent.SingleThreadEventExecutor$5.run(SingleThreadEventExecutor.java:886)
	at io.netty.util.concurrent.FastThreadLocalRunnable.run(FastThreadLocalRunnable.java:30)
	at java.lang.Thread.run(Thread.java:748)
[atomic-processor-1] INFO com.github.sarxos.webcam.ds.cgt.WebcamCloseTask - Closing Dummy Webcam 0
WARNING: Camera: Model stopped before executing actions (e.g. producing outputs) scheduled for execution at times [31.569000000000003, 10.131, 22.357, 32.597, 38.717, 33.632, 43.865, 13.162, 5.009, 26.437, 21.327, 36.67, 52.065000000000005, 25.404, 11.136000000000001, 46.932, 35.636, 53.094, 6.03, 44.869, 42.84, 12.145, 18.265, 8.067, 48.973, 7.065, 47.941, 24.391000000000002, 41.809000000000005, 17.265, 9.099, 50.014, 45.897, 20.309, 39.752, 16.23, 23.36, 19.276, 15.225000000000001, 14.194, 28.497, 34.632, 29.525000000000002, 27.467000000000002, 37.687000000000005, 51.032000000000004, 40.781, 30.557000000000002]
Lifx: Bind failed: java.net.BindException: Address already in use
WARNING: Lifx: Model stopped before executing actions (e.g. producing outputs) scheduled for execution at times [14.1]
WARNING: GenerateQueries: Model stopped before executing actions (e.g. producing outputs) scheduled for execution at times [7.865]
[atomic-processor-1] INFO com.github.sarxos.webcam.ds.cgt.WebcamOpenTask - Opening webcam Dummy Webcam 0
Scarab: Connection failed after 11 tries: connection timed out: /192.168.0.111:9090
Scarab: Connection failed after 11 tries: connection timed out: /192.168.0.111:9090
Scarab: Connection failed after 11 tries: connection timed out: /192.168.0.111:9090
Scarab: Connection failed after 11 tries: connection timed out: /192.168.0.111:9090
Scarab: Connection failed after 11 tries: connection timed out: /192.168.0.111:9090
Scarab: Connection failed after 11 tries: connection timed out: /192.168.0.111:9090
Scarab: Unsent messages remain that were queued before the socket opened: [{"op":"unadvertise","topic":"/scarab/lucy/goal"}]
Scarab: Unsent messages remain that were queued before the socket opened: [{"op":"publish","topic":"/scarab/lucy/cmd_vel","msg":{"angular":{"x":0,"y":0,"z":0},"linear":{"x":0,"y":0,"z":0}}}, {"op":"publish","topic":"/scarab/lucy/cmd_vel","msg":{"angular":{"x":0,"y":0,"z":0.6355436197916666},"linear":{"x":0,"y":0,"z":0}}}, {"op":"publish","topic":"/scarab/lucy/cmd_vel","msg":{"angular":{"x":0,"y":0,"z":2.367255859375},"linear":{"x":0,"y":0,"z":0}}}, {"op":"publish","topic":"/scarab/lucy/cmd_vel","msg":{"angular":{"x":0,"y":0,"z":2.7701021321614583},"linear":{"x":0,"y":0,"z":0}}}, {"op":"publish","topic":"/scarab/lucy/cmd_vel","msg":{"angular":{"x":0,"y":0,"z":0.7719226074218751},"linear":{"x":0,"y":0,"z":0}}}, {"op":"publish","topic":"/scarab/lucy/cmd_vel","msg":{"angular":{"x":0,"y":0,"z":-1.213885498046875},"linear":{"x":0,"y":0,"z":0}}}, {"op":"publish","topic":"/scarab/lucy/cmd_vel","msg":{"angular":{"x":0,"y":0,"z":1.0409242757161459},"linear":{"x":0,"y":0,"z":0}}}, {"op":"publish","topic":"/scarab/lucy/cmd_vel","msg":{"angular":{"x":0,"y":0,"z":0.6851904296875},"linear":{"x":0,"y":0,"z":0}}}, {"op":"publish","topic":"/scarab/lucy/cmd_vel","msg":{"angular":{"x":0,"y":0,"z":1.1172989908854167},"linear":{"x":0,"y":0,"z":0}}}, {"op":"publish","topic":"/scarab/lucy/cmd_vel","msg":{"angular":{"x":0,"y":0,"z":1.5276031494140627},"linear":{"x":0,"y":0,"z":0}}}, {"op":"publish","topic":"/scarab/lucy/cmd_vel","msg":{"angular":{"x":0,"y":0,"z":-0.07871622721354166},"linear":{"x":0,"y":0,"z":0}}}, {"op":"publish","topic":"/scarab/lucy/cmd_vel","msg":{"angular":{"x":0,"y":0,"z":2.535847981770833},"linear":{"x":0,"y":0,"z":0}}}, {"op":"publish","topic":"/scarab/lucy/cmd_vel","msg":{"angular":{"x":0,"y":0,"z":1.3503295898437502},"linear":{"x":0,"y":0,"z":0}}}, {"op":"publish","topic":"/scarab/lucy/cmd_vel","msg":{"angular":{"x":0,"y":0,"z":0.676748046875},"linear":{"x":0,"y":0,"z":0}}}, {"op":"publish","topic":"/scarab/lucy/cmd_vel","msg":{"angular":{"x":0,"y":0,"z":0.8481858317057294},"linear":{"x":0,"y":0,"z":0}}}, {"op":"publish","topic":"/scarab/lucy/cmd_vel","msg":{"angular":{"x":0,"y":0,"z":0.48231343587239583},"linear":{"x":0,"y":0,"z":0}}}, {"op":"publish","topic":"/scarab/lucy/cmd_vel","msg":{"angular":{"x":0,"y":0,"z":1.174581298828125},"linear":{"x":0,"y":0,"z":0}}}, {"op":"publish","topic":"/scarab/lucy/cmd_vel","msg":{"angular":{"x":0,"y":0,"z":0.12312683105468751},"linear":{"x":0,"y":0,"z":0}}}, {"op":"publish","topic":"/scarab/lucy/cmd_vel","msg":{"angular":{"x":0,"y":0,"z":0.025673624674479166},"linear":{"x":0,"y":0,"z":0}}}, {"op":"publish","topic":"/scarab/lucy/cmd_vel","msg":{"angular":{"x":0,"y":0,"z":1.6759399414062504},"linear":{"x":0,"y":0,"z":0}}}, {"op":"publish","topic":"/scarab/lucy/cmd_vel","msg":{"angular":{"x":0,"y":0,"z":1.994739990234375},"linear":{"x":0,"y":0,"z":0}}}, {"op":"publish","topic":"/scarab/lucy/cmd_vel","msg":{"angular":{"x":0,"y":0,"z":2.283026123046875},"linear":{"x":0,"y":0,"z":0}}}, {"op":"publish","topic":"/scarab/lucy/cmd_vel","msg":{"angular":{"x":0,"y":0,"z":1.8733235677083333},"linear":{"x":0,"y":0,"z":0}}}, {"op":"publish","topic":"/scarab/lucy/cmd_vel","msg":{"angular":{"x":0,"y":0,"z":1.1065234375000002},"linear":{"x":0,"y":0,"z":0}}}, {"op":"publish","topic":"/scarab/lucy/cmd_vel","msg":{"angular":{"x":0,"y":0,"z":-1.216036376953125},"linear":{"x":0,"y":0,"z":0}}}, {"op":"publish","topic":"/scarab/lucy/cmd_vel","msg":{"angular":{"x":0,"y":0,"z":-1.348809814453125},"linear":{"x":0,"y":0,"z":0}}}, {"op":"publish","topic":"/scarab/lucy/cmd_vel","msg":{"angular":{"x":0,"y":0,"z":0.4037369791666666},"linear":{"x":0,"y":0,"z":0}}}, {"op":"publish","topic":"/scarab/lucy/cmd_vel","msg":{"angular":{"x":0,"y":0,"z":-0.8173419189453126},"linear":{"x":0,"y":0,"z":0}}}, {"op":"publish","topic":"/scarab/lucy/cmd_vel","msg":{"angular":{"x":0,"y":0,"z":0.05130289713541667},"linear":{"x":0,"y":0,"z":0}}}, {"op":"publish","topic":"/scarab/lucy/cmd_vel","msg":{"angular":{"x":0,"y":0,"z":-0.11774658203125002},"linear":{"x":0,"y":0,"z":0}}}, {"op":"publish","topic":"/scarab/lucy/cmd_vel","msg":{"angular":{"x":0,"y":0,"z":0.5241044108072918},"linear":{"x":0,"y":0,"z":0}}}, {"op":"publish","topic":"/scarab/lucy/cmd_vel","msg":{"angular":{"x":0,"y":0,"z":1.5088861083984377},"linear":{"x":0,"y":0,"z":0}}}, {"op":"publish","topic":"/scarab/lucy/cmd_vel","msg":{"angular":{"x":0,"y":0,"z":0.91968994140625},"linear":{"x":0,"y":0,"z":0}}}, {"op":"publish","topic":"/scarab/lucy/cmd_vel","msg":{"angular":{"x":0,"y":0,"z":0.18338745117187502},"linear":{"x":0,"y":0,"z":0}}}, {"op":"publish","topic":"/scarab/lucy/cmd_vel","msg":{"angular":{"x":0,"y":0,"z":-1.818482666015625},"linear":{"x":0,"y":0,"z":0}}}, {"op":"publish","topic":"/scarab/lucy/cmd_vel","msg":{"angular":{"x":0,"y":0,"z":-1.4746441650390625},"linear":{"x":0,"y":0,"z":0}}}, {"op":"publish","topic":"/scarab/lucy/cmd_vel","msg":{"angular":{"x":0,"y":0,"z":-0.20579874674479165},"linear":{"x":0,"y":0,"z":0}}}, {"op":"publish","topic":"/scarab/lucy/cmd_vel","msg":{"angular":{"x":0,"y":0,"z":-0.6988962809244793},"linear":{"x":0,"y":0,"z":0}}}, {"op":"publish","topic":"/scarab/lucy/cmd_vel","msg":{"angular":{"x":0,"y":0,"z":-1.5176171875000002},"linear":{"x":0,"y":0,"z":0}}}, {"op":"publish","topic":"/scarab/lucy/cmd_vel","msg":{"angular":{"x":0,"y":0,"z":-1.9827355957031247},"linear":{"x":0,"y":0,"z":0}}}, {"op":"publish","topic":"/scarab/lucy/cmd_vel","msg":{"angular":{"x":0,"y":0,"z":1.1324348958333332},"linear":{"x":0,"y":0,"z":0}}}, {"op":"publish","topic":"/scarab/lucy/cmd_vel","msg":{"angular":{"x":0,"y":0,"z":3.466838582356771},"linear":{"x":0,"y":0,"z":0}}}, {"op":"publish","topic":"/scarab/lucy/cmd_vel","msg":{"angular":{"x":0,"y":0,"z":0.6942842610677084},"linear":{"x":0,"y":0,"z":0}}}, {"op":"publish","topic":"/scarab/lucy/cmd_vel","msg":{"angular":{"x":0,"y":0,"z":-0.2080615234375},"linear":{"x":0,"y":0,"z":0}}}, {"op":"publish","topic":"/scarab/lucy/cmd_vel","msg":{"angular":{"x":0,"y":0,"z":0.15056864420572916},"linear":{"x":0,"y":0,"z":0}}}, {"op":"publish","topic":"/scarab/lucy/cmd_vel","msg":{"angular":{"x":0,"y":0,"z":0.9989270019531249},"linear":{"x":0,"y":0,"z":0}}}, {"op":"publish","topic":"/scarab/lucy/cmd_vel","msg":{"angular":{"x":0,"y":0,"z":1.1075358072916666},"linear":{"x":0,"y":0,"z":0}}}, {"op":"publish","topic":"/scarab/lucy/cmd_vel","msg":{"angular":{"x":0,"y":0,"z":2.106103515625},"linear":{"x":0,"y":0,"z":0}}}, {"op":"publish","topic":"/scarab/lucy/cmd_vel","msg":{"angular":{"x":0,"y":0,"z":2.078878173828125},"linear":{"x":0,"y":0,"z":0}}}, {"op":"publish","topic":"/scarab/lucy/cmd_vel","msg":{"angular":{"x":0,"y":0,"z":-1.8550720214843754},"linear":{"x":0,"y":0,"z":0}}}, {"op":"publish","topic":"/scarab/lucy/cmd_vel","msg":{"angular":{"x":0,"y":0,"z":-2.677073974609375},"linear":{"x":0,"y":0,"z":0}}}, {"op":"publish","topic":"/scarab/lucy/cmd_vel","msg":{"angular":{"x":0,"y":0,"z":-0.11872802734375001},"linear":{"x":0,"y":0,"z":0}}}, {"op":"publish","topic":"/scarab/lucy/cmd_vel","msg":{"angular":{"x":0,"y":0,"z":-0.229290771484375},"linear":{"x":0,"y":0,"z":0}}}, {"op":"publish","topic":"/scarab/lucy/cmd_vel","msg":{"angular":{"x":0,"y":0,"z":-1.83853759765625},"linear":{"x":0,"y":0,"z":0}}}, {"op":"publish","topic":"/scarab/lucy/cmd_vel","msg":{"angular":{"x":0,"y":0,"z":-1.6714742024739586},"linear":{"x":0,"y":0,"z":0}}}, {"op":"publish","topic":"/scarab/lucy/cmd_vel","msg":{"angular":{"x":0,"y":0,"z":-0.7156087239583334},"linear":{"x":0,"y":0,"z":0}}}, {"op":"publish","topic":"/scarab/lucy/cmd_vel","msg":{"angular":{"x":0,"y":0,"z":1.2265372721354169},"linear":{"x":0,"y":0,"z":0}}}, {"op":"publish","topic":"/scarab/lucy/cmd_vel","msg":{"angular":{"x":0,"y":0,"z":1.153948974609375},"linear":{"x":0,"y":0,"z":0}}}, {"op":"publish","topic":"/scarab/lucy/cmd_vel","msg":{"angular":{"x":0,"y":0,"z":0.07306457519531251},"linear":{"x":0,"y":0,"z":0}}}, {"op":"publish","topic":"/scarab/lucy/cmd_vel","msg":{"angular":{"x":0,"y":0,"z":2.139386189778646},"linear":{"x":0,"y":0,"z":0}}}, {"op":"publish","topic":"/scarab/lucy/cmd_vel","msg":{"angular":{"x":0,"y":0,"z":0.7328830973307292},"linear":{"x":0,"y":0,"z":0}}}, {"op":"publish","topic":"/scarab/lucy/cmd_vel","msg":{"angular":{"x":0,"y":0,"z":2.2101057942708335},"linear":{"x":0,"y":0,"z":0}}}, {"op":"publish","topic":"/scarab/lucy/cmd_vel","msg":{"angular":{"x":0,"y":0,"z":-0.06785888671875},"linear":{"x":0,"y":0,"z":0}}}, {"op":"publish","topic":"/scarab/lucy/cmd_vel","msg":{"angular":{"x":0,"y":0,"z":0.27226888020833334},"linear":{"x":0,"y":0,"z":0}}}, {"op":"publish","topic":"/scarab/lucy/cmd_vel","msg":{"angular":{"x":0,"y":0,"z":-0.18048095703125},"linear":{"x":0,"y":0,"z":0}}}, {"op":"publish","topic":"/scarab/lucy/cmd_vel","msg":{"angular":{"x":0,"y":0,"z":2.504991455078125},"linear":{"x":0,"y":0,"z":0}}}, {"op":"publish","topic":"/scarab/lucy/cmd_vel","msg":{"angular":{"x":0,"y":0,"z":0.4992643229166667},"linear":{"x":0,"y":0,"z":0}}}, {"op":"publish","topic":"/scarab/lucy/cmd_vel","msg":{"angular":{"x":0,"y":0,"z":-0.7248612467447917},"linear":{"x":0,"y":0,"z":0}}}, {"op":"publish","topic":"/scarab/lucy/cmd_vel","msg":{"angular":{"x":0,"y":0,"z":0.17694824218750002},"linear":{"x":0,"y":0,"z":0}}}, {"op":"publish","topic":"/scarab/lucy/cmd_vel","msg":{"angular":{"x":0,"y":0,"z":2.357135009765625},"linear":{"x":0,"y":0,"z":0}}}, {"op":"publish","topic":"/scarab/lucy/cmd_vel","msg":{"angular":{"x":0,"y":0,"z":0.8223636881510418},"linear":{"x":0,"y":0,"z":0}}}, {"op":"publish","topic":"/scarab/lucy/cmd_vel","msg":{"angular":{"x":0,"y":0,"z":0.29984619140625},"linear":{"x":0,"y":0,"z":0}}}, {"op":"publish","topic":"/scarab/lucy/cmd_vel","msg":{"angular":{"x":0,"y":0,"z":-1.2539046223958334},"linear":{"x":0,"y":0,"z":0}}}, {"op":"publish","topic":"/scarab/lucy/cmd_vel","msg":{"angular":{"x":0,"y":0,"z":-1.7091255696614585},"linear":{"x":0,"y":0,"z":0}}}, {"op":"publish","topic":"/scarab/lucy/cmd_vel","msg":{"angular":{"x":0,"y":0,"z":2.2737516276041667},"linear":{"x":0,"y":0,"z":0}}}, {"op":"publish","topic":"/scarab/lucy/cmd_vel","msg":{"angular":{"x":0,"y":0,"z":1.1611444091796876},"linear":{"x":0,"y":0,"z":0}}}, {"op":"publish","topic":"/scarab/lucy/cmd_vel","msg":{"angular":{"x":0,"y":0,"z":-0.27073588053385417},"linear":{"x":0,"y":0,"z":0}}}, {"op":"publish","topic":"/scarab/lucy/cmd_vel","msg":{"angular":{"x":0,"y":0,"z":1.09760986328125},"linear":{"x":0,"y":0,"z":0}}}, {"op":"publish","topic":"/scarab/lucy/cmd_vel","msg":{"angular":{"x":0,"y":0,"z":2.565104166666667},"linear":{"x":0,"y":0,"z":0}}}, {"op":"publish","topic":"/scarab/lucy/cmd_vel","msg":{"angular":{"x":0,"y":0,"z":2.154080403645833},"linear":{"x":0,"y":0,"z":0}}}, {"op":"publish","topic":"/scarab/lucy/cmd_vel","msg":{"angular":{"x":0,"y":0,"z":-0.05014851888020834},"linear":{"x":0,"y":0,"z":0}}}, {"op":"publish","topic":"/scarab/lucy/cmd_vel","msg":{"angular":{"x":0,"y":0,"z":-0.036059977213541664},"linear":{"x":0,"y":0,"z":0}}}, {"op":"publish","topic":"/scarab/lucy/cmd_vel","msg":{"angular":{"x":0,"y":0,"z":0.14616902669270834},"linear":{"x":0,"y":0,"z":0}}}, {"op":"publish","topic":"/scarab/lucy/cmd_vel","msg":{"angular":{"x":0,"y":0,"z":0.8737996419270834},"linear":{"x":0,"y":0,"z":0}}}, {"op":"publish","topic":"/scarab/lucy/cmd_vel","msg":{"angular":{"x":0,"y":0,"z":1.1311753336588544},"linear":{"x":0,"y":0,"z":0}}}, {"op":"publish","topic":"/scarab/lucy/cmd_vel","msg":{"angular":{"x":0,"y":0,"z":0.8502408854166668},"linear":{"x":0,"y":0,"z":0}}}, {"op":"publish","topic":"/scarab/lucy/cmd_vel","msg":{"angular":{"x":0,"y":0,"z":-1.3200988769531252},"linear":{"x":0,"y":0,"z":0}}}, {"op":"publish","topic":"/scarab/lucy/cmd_vel","msg":{"angular":{"x":0,"y":0,"z":-1.5296323649088541},"linear":{"x":0,"y":0,"z":0}}}, {"op":"publish","topic":"/scarab/lucy/cmd_vel","msg":{"angular":{"x":0,"y":0,"z":-0.9548779296875001},"linear":{"x":0,"y":0,"z":0}}}, {"op":"publish","topic":"/scarab/lucy/cmd_vel","msg":{"angular":{"x":0,"y":0,"z":1.10494384765625},"linear":{"x":0,"y":0,"z":0}}}, {"op":"publish","topic":"/scarab/lucy/cmd_vel","msg":{"angular":{"x":0,"y":0,"z":1.1899871826171875},"linear":{"x":0,"y":0,"z":0}}}, {"op":"publish","topic":"/scarab/lucy/cmd_vel","msg":{"angular":{"x":0,"y":0,"z":-0.36486246744791667},"linear":{"x":0,"y":0,"z":0}}}, {"op":"publish","topic":"/scarab/lucy/cmd_vel","msg":{"angular":{"x":0,"y":0,"z":-1.5113989257812501},"linear":{"x":0,"y":0,"z":0}}}, {"op":"publish","topic":"/scarab/lucy/cmd_vel","msg":{"angular":{"x":0,"y":0,"z":-1.3738216145833335},"linear":{"x":0,"y":0,"z":0}}}, {"op":"publish","topic":"/scarab/lucy/cmd_vel","msg":{"angular":{"x":0,"y":0,"z":-0.3581298828125},"linear":{"x":0,"y":0,"z":0}}}, {"op":"publish","topic":"/scarab/lucy/cmd_vel","msg":{"angular":{"x":0,"y":0,"z":-0.5698819986979167},"linear":{"x":0,"y":0,"z":0}}}, {"op":"publish","topic":"/scarab/lucy/cmd_vel","msg":{"angular":{"x":0,"y":0,"z":1.6220007324218753},"linear":{"x":0,"y":0,"z":0}}}, {"op":"publish","topic":"/scarab/lucy/cmd_vel","msg":{"angular":{"x":0,"y":0,"z":0.6748209635416668},"linear":{"x":0,"y":0,"z":0}}}, {"op":"publish","topic":"/scarab/lucy/cmd_vel","msg":{"angular":{"x":0,"y":0,"z":-1.2708862304687503},"linear":{"x":0,"y":0,"z":0}}}, {"op":"publish","topic":"/scarab/lucy/cmd_vel","msg":{"angular":{"x":0,"y":0,"z":-0.890243123372396},"linear":{"x":0,"y":0,"z":0}}}, {"op":"publish","topic":"/scarab/lucy/cmd_vel","msg":{"angular":{"x":0,"y":0,"z":-1.2507904052734375},"linear":{"x":0,"y":0,"z":0}}}, {"op":"publish","topic":"/scarab/lucy/cmd_vel","msg":{"angular":{"x":0,"y":0,"z":-0.12013163248697918},"linear":{"x":0,"y":0,"z":0}}}, {"op":"publish","topic":"/scarab/lucy/cmd_vel","msg":{"angular":{"x":0,"y":0,"z":2.4910807291666672},"linear":{"x":0,"y":0,"z":0}}}, {"op":"publish","topic":"/scarab/lucy/cmd_vel","msg":{"angular":{"x":0,"y":0,"z":2.419427490234375},"linear":{"x":0,"y":0,"z":0}}}, {"op":"publish","topic":"/scarab/lucy/cmd_vel","msg":{"angular":{"x":0,"y":0,"z":2.8202897135416665},"linear":{"x":0,"y":0,"z":0}}}, {"op":"publish","topic":"/scarab/lucy/cmd_vel","msg":{"angular":{"x":0,"y":0,"z":2.379385986328125},"linear":{"x":0,"y":0,"z":0}}}, {"op":"publish","topic":"/scarab/lucy/cmd_vel","msg":{"angular":{"x":0,"y":0,"z":0.7973388671875},"linear":{"x":0,"y":0,"z":0}}}, {"op":"publish","topic":"/scarab/lucy/cmd_vel","msg":{"angular":{"x":0,"y":0,"z":1.7402636718750002},"linear":{"x":0,"y":0,"z":0}}}, {"op":"publish","topic":"/scarab/lucy/cmd_vel","msg":{"angular":{"x":0,"y":0,"z":-1.4821223958333334},"linear":{"x":0,"y":0,"z":0}}}, {"op":"publish","topic":"/scarab/lucy/cmd_vel","msg":{"angular":{"x":0,"y":0,"z":0.65648193359375},"linear":{"x":0,"y":0,"z":0}}}, {"op":"publish","topic":"/scarab/lucy/cmd_vel","msg":{"angular":{"x":0,"y":0,"z":-0.04925028483072917},"linear":{"x":0,"y":0,"z":0}}}, {"op":"publish","topic":"/scarab/lucy/cmd_vel","msg":{"angular":{"x":0,"y":0,"z":2.2023510742187504},"linear":{"x":0,"y":0,"z":0}}}, {"op":"publish","topic":"/scarab/lucy/cmd_vel","msg":{"angular":{"x":0,"y":0,"z":1.9931677246093753},"linear":{"x":0,"y":0,"z":0}}}, {"op":"publish","topic":"/scarab/lucy/cmd_vel","msg":{"angular":{"x":0,"y":0,"z":-0.2104166666666667},"linear":{"x":0,"y":0,"z":0}}}, {"op":"publish","topic":"/scarab/lucy/cmd_vel","msg":{"angular":{"x":0,"y":0,"z":0.130489501953125},"linear":{"x":0,"y":0,"z":0}}}, {"op":"publish","topic":"/scarab/lucy/cmd_vel","msg":{"angular":{"x":0,"y":0,"z":0.480404052734375},"linear":{"x":0,"y":0,"z":0}}}, {"op":"publish","topic":"/scarab/lucy/cmd_vel","msg":{"angular":{"x":0,"y":0,"z":3.139957682291667},"linear":{"x":0,"y":0,"z":0}}}, {"op":"publish","topic":"/scarab/lucy/cmd_vel","msg":{"angular":{"x":0,"y":0,"z":2.6918294270833334},"linear":{"x":0,"y":0,"z":0}}}, {"op":"publish","topic":"/scarab/lucy/cmd_vel","msg":{"angular":{"x":0,"y":0,"z":1.6581164550781253},"linear":{"x":0,"y":0,"z":0}}}, {"op":"publish","topic":"/scarab/lucy/cmd_vel","msg":{"angular":{"x":0,"y":0,"z":2.282755533854167},"linear":{"x":0,"y":0,"z":0}}}, {"op":"publish","topic":"/scarab/lucy/cmd_vel","msg":{"angular":{"x":0,"y":0,"z":-0.15242207845052083},"linear":{"x":0,"y":0,"z":0}}}, {"op":"publish","topic":"/scarab/lucy/cmd_vel","msg":{"angular":{"x":0,"y":0,"z":1.748841552734375},"linear":{"x":0,"y":0,"z":0}}}, {"op":"publish","topic":"/scarab/lucy/cmd_vel","msg":{"angular":{"x":0,"y":0,"z":1.7287573242187502},"linear":{"x":0,"y":0,"z":0}}}, {"op":"publish","topic":"/scarab/lucy/cmd_vel","msg":{"angular":{"x":0,"y":0,"z":1.8962068684895832},"linear":{"x":0,"y":0,"z":0}}}, {"op":"publish","topic":"/scarab/lucy/cmd_vel","msg":{"angular":{"x":0,"y":0,"z":0.5466471354166667},"linear":{"x":0,"y":0,"z":0}}}, {"op":"publish","topic":"/scarab/lucy/cmd_vel","msg":{"angular":{"x":0,"y":0,"z":-0.7601171875},"linear":{"x":0,"y":0,"z":0}}}, {"op":"publish","topic":"/scarab/lucy/cmd_vel","msg":{"angular":{"x":0,"y":0,"z":-1.918187459309896},"linear":{"x":0,"y":0,"z":0}}}, {"op":"publish","topic":"/scarab/lucy/cmd_vel","msg":{"angular":{"x":0,"y":0,"z":-1.7293003336588544},"linear":{"x":0,"y":0,"z":0}}}, {"op":"publish","topic":"/scarab/lucy/cmd_vel","msg":{"angular":{"x":0,"y":0,"z":-2.3036617024739585},"linear":{"x":0,"y":0,"z":0}}}, {"op":"publish","topic":"/scarab/lucy/cmd_vel","msg":{"angular":{"x":0,"y":0,"z":-1.0996529134114583},"linear":{"x":0,"y":0,"z":0}}}, {"op":"publish","topic":"/scarab/lucy/cmd_vel","msg":{"angular":{"x":0,"y":0,"z":1.97911376953125},"linear":{"x":0,"y":0,"z":0}}}, {"op":"publish","topic":"/scarab/lucy/cmd_vel","msg":{"angular":{"x":0,"y":0,"z":0.11155395507812502},"linear":{"x":0,"y":0,"z":0}}}, {"op":"publish","topic":"/scarab/lucy/cmd_vel","msg":{"angular":{"x":0,"y":0,"z":1.9970023600260418},"linear":{"x":0,"y":0,"z":0}}}, {"op":"publish","topic":"/scarab/lucy/cmd_vel","msg":{"angular":{"x":0,"y":0,"z":0.37103027343750006},"linear":{"x":0,"y":0,"z":0}}}, {"op":"publish","topic":"/scarab/lucy/cmd_vel","msg":{"angular":{"x":0,"y":0,"z":1.34459228515625},"linear":{"x":0,"y":0,"z":0}}}, {"op":"publish","topic":"/scarab/lucy/cmd_vel","msg":{"angular":{"x":0,"y":0,"z":2.8863519287109374},"linear":{"x":0,"y":0,"z":0}}}, {"op":"publish","topic":"/scarab/lucy/cmd_vel","msg":{"angular":{"x":0,"y":0,"z":1.6721842447916668},"linear":{"x":0,"y":0,"z":0}}}, {"op":"publish","topic":"/scarab/lucy/cmd_vel","msg":{"angular":{"x":0,"y":0,"z":-0.5927583821614584},"linear":{"x":0,"y":0,"z":0}}}, {"op":"publish","topic":"/scarab/lucy/cmd_vel","msg":{"angular":{"x":0,"y":0,"z":-1.9431587727864585},"linear":{"x":0,"y":0,"z":0}}}, {"op":"publish","topic":"/scarab/lucy/cmd_vel","msg":{"angular":{"x":0,"y":0,"z":2.5657368977864587},"linear":{"x":0,"y":0,"z":0}}}, {"op":"publish","topic":"/scarab/lucy/cmd_vel","msg":{"angular":{"x":0,"y":0,"z":-2.284033203125},"linear":{"x":0,"y":0,"z":0}}}, {"op":"publish","topic":"/scarab/lucy/cmd_vel","msg":{"angular":{"x":0,"y":0,"z":-3.1357452392578127},"linear":{"x":0,"y":0,"z":0}}}, {"op":"publish","topic":"/scarab/lucy/cmd_vel","msg":{"angular":{"x":0,"y":0,"z":-1.108366495768229},"linear":{"x":0,"y":0,"z":0}}}, {"op":"publish","topic":"/scarab/lucy/cmd_vel","msg":{"angular":{"x":0,"y":0,"z":0.5491048177083334},"linear":{"x":0,"y":0,"z":0}}}, {"op":"publish","topic":"/scarab/lucy/cmd_vel","msg":{"angular":{"x":0,"y":0,"z":1.4673665364583335},"linear":{"x":0,"y":0,"z":0}}}, {"op":"publish","topic":"/scarab/lucy/cmd_vel","msg":{"angular":{"x":0,"y":0,"z":-0.2993570963541667},"linear":{"x":0,"y":0,"z":0}}}, {"op":"publish","topic":"/scarab/lucy/cmd_vel","msg":{"angular":{"x":0,"y":0,"z":-0.5127716064453125},"linear":{"x":0,"y":0,"z":0}}}, {"op":"publish","topic":"/scarab/lucy/cmd_vel","msg":{"angular":{"x":0,"y":0,"z":-0.5007802327473959},"linear":{"x":0,"y":0,"z":0}}}, {"op":"publish","topic":"/scarab/lucy/cmd_vel","msg":{"angular":{"x":0,"y":0,"z":-1.6177085367838544},"linear":{"x":0,"y":0,"z":0}}}, {"op":"publish","topic":"/scarab/lucy/cmd_vel","msg":{"angular":{"x":0,"y":0,"z":-1.8182126871744793},"linear":{"x":0,"y":0,"z":0}}}, {"op":"publish","topic":"/scarab/lucy/cmd_vel","msg":{"angular":{"x":0,"y":0,"z":-0.2648828125},"linear":{"x":0,"y":0,"z":0}}}, {"op":"publish","topic":"/scarab/lucy/cmd_vel","msg":{"angular":{"x":0,"y":0,"z":-0.522323201497396},"linear":{"x":0,"y":0,"z":0}}}, {"op":"publish","topic":"/scarab/lucy/cmd_vel","msg":{"angular":{"x":0,"y":0,"z":-0.41146809895833336},"linear":{"x":0,"y":0,"z":0}}}, {"op":"publish","topic":"/scarab/lucy/cmd_vel","msg":{"angular":{"x":0,"y":0,"z":-1.7972574869791664},"linear":{"x":0,"y":0,"z":0}}}, {"op":"publish","topic":"/scarab/lucy/cmd_vel","msg":{"angular":{"x":0,"y":0,"z":-0.06605875651041668},"linear":{"x":0,"y":0,"z":0}}}, {"op":"publish","topic":"/scarab/lucy/cmd_vel","msg":{"angular":{"x":0,"y":0,"z":-0.038656005859375},"linear":{"x":0,"y":0,"z":0}}}, {"op":"publish","topic":"/scarab/lucy/cmd_vel","msg":{"angular":{"x":0,"y":0,"z":-0.9302172851562501},"linear":{"x":0,"y":0,"z":0}}}, {"op":"publish","topic":"/scarab/lucy/cmd_vel","msg":{"angular":{"x":0,"y":0,"z":0.5123598225911459},"linear":{"x":0,"y":0,"z":0}}}, {"op":"publish","topic":"/scarab/lucy/cmd_vel","msg":{"angular":{"x":0,"y":0,"z":1.82515869140625},"linear":{"x":0,"y":0,"z":0}}}, {"op":"publish","topic":"/scarab/lucy/cmd_vel","msg":{"angular":{"x":0,"y":0,"z":-0.8035017903645834},"linear":{"x":0,"y":0,"z":0}}}, {"op":"publish","topic":"/scarab/lucy/cmd_vel","msg":{"angular":{"x":0,"y":0,"z":-2.1748504638671875},"linear":{"x":0,"y":0,"z":0}}}, {"op":"publish","topic":"/scarab/lucy/cmd_vel","msg":{"angular":{"x":0,"y":0,"z":-2.4700622558593754},"linear":{"x":0,"y":0,"z":0}}}, {"op":"publish","topic":"/scarab/lucy/cmd_vel","msg":{"angular":{"x":0,"y":0,"z":-3.060734049479167},"linear":{"x":0,"y":0,"z":0}}}, {"op":"publish","topic":"/scarab/lucy/cmd_vel","msg":{"angular":{"x":0,"y":0,"z":-0.8011800130208334},"linear":{"x":0,"y":0,"z":0}}}, {"op":"publish","topic":"/scarab/lucy/cmd_vel","msg":{"angular":{"x":0,"y":0,"z":1.814103393554688},"linear":{"x":0,"y":0,"z":0}}}, {"op":"publish","topic":"/scarab/lucy/cmd_vel","msg":{"angular":{"x":0,"y":0,"z":0.4342122395833334},"linear":{"x":0,"y":0,"z":0}}}, {"op":"publish","topic":"/scarab/lucy/cmd_vel","msg":{"angular":{"x":0,"y":0,"z":0.5111004638671874},"linear":{"x":0,"y":0,"z":0}}}, {"op":"publish","topic":"/scarab/lucy/cmd_vel","msg":{"angular":{"x":0,"y":0,"z":-1.8608664957682293},"linear":{"x":0,"y":0,"z":0}}}, {"op":"publish","topic":"/scarab/lucy/cmd_vel","msg":{"angular":{"x":0,"y":0,"z":1.7078173828124998},"linear":{"x":0,"y":0,"z":0}}}, {"op":"publish","topic":"/scarab/lucy/cmd_vel","msg":{"angular":{"x":0,"y":0,"z":0.42146850585937506},"linear":{"x":0,"y":0,"z":0}}}, {"op":"publish","topic":"/scarab/lucy/cmd_vel","msg":{"angular":{"x":0,"y":0,"z":-1.3513785807291667},"linear":{"x":0,"y":0,"z":0}}}, {"op":"publish","topic":"/scarab/lucy/cmd_vel","msg":{"angular":{"x":0,"y":0,"z":-1.4334771728515625},"linear":{"x":0,"y":0,"z":0}}}, {"op":"publish","topic":"/scarab/lucy/cmd_vel","msg":{"angular":{"x":0,"y":0,"z":1.5034798177083333},"linear":{"x":0,"y":0,"z":0}}}, {"op":"publish","topic":"/scarab/lucy/cmd_vel","msg":{"angular":{"x":0,"y":0,"z":2.7575887044270835},"linear":{"x":0,"y":0,"z":0}}}, {"op":"publish","topic":"/scarab/lucy/cmd_vel","msg":{"angular":{"x":0,"y":0,"z":1.9929402669270833},"linear":{"x":0,"y":0,"z":0}}}, {"op":"publish","topic":"/scarab/lucy/cmd_vel","msg":{"angular":{"x":0,"y":0,"z":0.7120686848958335},"linear":{"x":0,"y":0,"z":0}}}, {"op":"publish","topic":"/scarab/lucy/cmd_vel","msg":{"angular":{"x":0,"y":0,"z":-1.1976074218750001},"linear":{"x":0,"y":0,"z":0}}}, {"op":"publish","topic":"/scarab/lucy/cmd_vel","msg":{"angular":{"x":0,"y":0,"z":2.193731689453125},"linear":{"x":0,"y":0,"z":0}}}, {"op":"publish","topic":"/scarab/lucy/cmd_vel","msg":{"angular":{"x":0,"y":0,"z":1.1528381347656251},"linear":{"x":0,"y":0,"z":0}}}, {"op":"publish","topic":"/scarab/lucy/cmd_vel","msg":{"angular":{"x":0,"y":0,"z":1.0035040283203125},"linear":{"x":0,"y":0,"z":0}}}, {"op":"publish","topic":"/scarab/lucy/cmd_vel","msg":{"angular":{"x":0,"y":0,"z":0.2683233642578125},"linear":{"x":0,"y":0,"z":0}}}, {"op":"publish","topic":"/scarab/lucy/cmd_vel","msg":{"angular":{"x":0,"y":0,"z":-0.11698710123697917},"linear":{"x":0,"y":0,"z":0}}}, {"op":"publish","topic":"/scarab/lucy/cmd_vel","msg":{"angular":{"x":0,"y":0,"z":-2.2255712890625},"linear":{"x":0,"y":0,"z":0}}}, {"op":"publish","topic":"/scarab/lucy/cmd_vel","msg":{"angular":{"x":0,"y":0,"z":0.05450846354166666},"linear":{"x":0,"y":0,"z":0}}}, {"op":"publish","topic":"/scarab/lucy/cmd_vel","msg":{"angular":{"x":0,"y":0,"z":1.7066910807291666},"linear":{"x":0,"y":0,"z":0}}}, {"op":"publish","topic":"/scarab/lucy/cmd_vel","msg":{"angular":{"x":0,"y":0,"z":1.8566495768229168},"linear":{"x":0,"y":0,"z":0}}}, {"op":"publish","topic":"/scarab/lucy/cmd_vel","msg":{"angular":{"x":0,"y":0,"z":1.368968505859375},"linear":{"x":0,"y":0,"z":0}}}, {"op":"publish","topic":"/scarab/lucy/cmd_vel","msg":{"angular":{"x":0,"y":0,"z":1.0247265625000002},"linear":{"x":0,"y":0,"z":0}}}, {"op":"publish","topic":"/scarab/lucy/cmd_vel","msg":{"angular":{"x":0,"y":0,"z":0.2371337890625},"linear":{"x":0,"y":0,"z":0}}}, {"op":"publish","topic":"/scarab/lucy/cmd_vel","msg":{"angular":{"x":0,"y":0,"z":-2.0401342773437503},"linear":{"x":0,"y":0,"z":0}}}, {"op":"publish","topic":"/scarab/lucy/cmd_vel","msg":{"angular":{"x":0,"y":0,"z":-1.8348234049479166},"linear":{"x":0,"y":0,"z":0}}}, {"op":"publish","topic":"/scarab/lucy/cmd_vel","msg":{"angular":{"x":0,"y":0,"z":1.7541719563802087},"linear":{"x":0,"y":0,"z":0}}}, {"op":"publish","topic":"/scarab/lucy/cmd_vel","msg":{"angular":{"x":0,"y":0,"z":0.6423402913411458},"linear":{"x":0,"y":0,"z":0}}}, {"op":"publish","topic":"/scarab/lucy/cmd_vel","msg":{"angular":{"x":0,"y":0,"z":1.1393180338541669},"linear":{"x":0,"y":0,"z":0}}}, {"op":"publish","topic":"/scarab/lucy/cmd_vel","msg":{"angular":{"x":0,"y":0,"z":1.03582763671875},"linear":{"x":0,"y":0,"z":0}}}, {"op":"publish","topic":"/scarab/lucy/cmd_vel","msg":{"angular":{"x":0,"y":0,"z":0.4683235677083334},"linear":{"x":0,"y":0,"z":0}}}, {"op":"publish","topic":"/scarab/lucy/cmd_vel","msg":{"angular":{"x":0,"y":0,"z":1.694183349609375},"linear":{"x":0,"y":0,"z":0}}}, {"op":"publish","topic":"/scarab/lucy/cmd_vel","msg":{"angular":{"x":0,"y":0,"z":2.591884765625},"linear":{"x":0,"y":0,"z":0}}}, {"op":"publish","topic":"/scarab/lucy/cmd_vel","msg":{"angular":{"x":0,"y":0,"z":-0.09609049479166668},"linear":{"x":0,"y":0,"z":0}}}, {"op":"publish","topic":"/scarab/lucy/cmd_vel","msg":{"angular":{"x":0,"y":0,"z":-0.1608612060546875},"linear":{"x":0,"y":0,"z":0}}}, {"op":"publish","topic":"/scarab/lucy/cmd_vel","msg":{"angular":{"x":0,"y":0,"z":-0.2245758056640625},"linear":{"x":0,"y":0,"z":0}}}, {"op":"publish","topic":"/scarab/lucy/cmd_vel","msg":{"angular":{"x":0,"y":0,"z":-1.470334676106771},"linear":{"x":0,"y":0,"z":0}}}, {"op":"publish","topic":"/scarab/lucy/cmd_vel","msg":{"angular":{"x":0,"y":0,"z":-1.1180826822916667},"linear":{"x":0,"y":0,"z":0}}}, {"op":"publish","topic":"/scarab/lucy/cmd_vel","msg":{"angular":{"x":0,"y":0,"z":-0.61468505859375},"linear":{"x":0,"y":0,"z":0}}}, {"op":"publish","topic":"/scarab/lucy/cmd_vel","msg":{"angular":{"x":0,"y":0,"z":-0.41009033203125006},"linear":{"x":0,"y":0,"z":0}}}, {"op":"publish","topic":"/scarab/lucy/cmd_vel","msg":{"angular":{"x":0,"y":0,"z":0.9190865071614585},"linear":{"x":0,"y":0,"z":0}}}, {"op":"publish","topic":"/scarab/lucy/cmd_vel","msg":{"angular":{"x":0,"y":0,"z":-0.7035571289062501},"linear":{"x":0,"y":0,"z":0}}}, {"op":"publish","topic":"/scarab/lucy/cmd_vel","msg":{"angular":{"x":0,"y":0,"z":-0.43508056640625004},"linear":{"x":0,"y":0,"z":0}}}, {"op":"publish","topic":"/scarab/lucy/cmd_vel","msg":{"angular":{"x":0,"y":0,"z":-1.424091796875},"linear":{"x":0,"y":0,"z":0}}}, {"op":"publish","topic":"/scarab/lucy/cmd_vel","msg":{"angular":{"x":0,"y":0,"z":2.976123046875},"linear":{"x":0,"y":0,"z":0}}}, {"op":"publish","topic":"/scarab/lucy/cmd_vel","msg":{"angular":{"x":0,"y":0,"z":-0.6763460286458334},"linear":{"x":0,"y":0,"z":0}}}, {"op":"publish","topic":"/scarab/lucy/cmd_vel","msg":{"angular":{"x":0,"y":0,"z":-2.5487921142578127},"linear":{"x":0,"y":0,"z":0}}}, {"op":"publish","topic":"/scarab/lucy/cmd_vel","msg":{"angular":{"x":0,"y":0,"z":-2.0011136881510416},"linear":{"x":0,"y":0,"z":0}}}, {"op":"publish","topic":"/scarab/lucy/cmd_vel","msg":{"angular":{"x":0,"y":0,"z":2.7598258463541665},"linear":{"x":0,"y":0,"z":0}}}, {"op":"publish","topic":"/scarab/lucy/cmd_vel","msg":{"angular":{"x":0,"y":0,"z":2.702801513671875},"linear":{"x":0,"y":0,"z":0}}}, {"op":"publish","topic":"/scarab/lucy/cmd_vel","msg":{"linear":{"x":0,"y":0,"z":0},"angular":{"x":0,"y":0,"z":0}}}, {"op":"unadvertise","topic":"/scarab/lucy/cmd_vel"}]
Scarab: Unsent messages remain that were queued before the socket opened: [{"op":"unadvertise","topic":"/scarab/lucy/cancel"}]
[atomic-processor-1] INFO com.github.sarxos.webcam.ds.cgt.WebcamCloseTask - Closing Dummy Webcam 0
WARNING: Camera: Model stopped before executing actions (e.g. producing outputs) scheduled for execution at times [23.318]
HttpClientHelper.java: Received an error for request 0: io.netty.channel.ConnectTimeoutException: connection timed out: /10.0.0.234:80
io.netty.channel.ConnectTimeoutException: connection timed out: /10.0.0.234:80
	at io.netty.channel.nio.AbstractNioChannel$AbstractNioUnsafe$1.run(AbstractNioChannel.java:267)
	at io.netty.util.concurrent.PromiseTask$RunnableAdapter.call(PromiseTask.java:38)
	at io.netty.util.concurrent.ScheduledFutureTask.run(ScheduledFutureTask.java:125)
	at io.netty.util.concurrent.AbstractEventExecutor.safeExecute(AbstractEventExecutor.java:163)
	at io.netty.util.concurrent.SingleThreadEventExecutor.runAllTasks(SingleThreadEventExecutor.java:404)
	at io.netty.channel.nio.NioEventLoop.run(NioEventLoop.java:463)
	at io.netty.util.concurrent.SingleThreadEventExecutor$5.run(SingleThreadEventExecutor.java:886)
	at io.netty.util.concurrent.FastThreadLocalRunnable.run(FastThreadLocalRunnable.java:30)
	at java.lang.Thread.run(Thread.java:748)
Hue: connection timed out: /10.0.0.234:80
TransformationEditor: Ignoring clone of .Utilities beause we don't known how to import it. Exception was: ptolemy.kernel.util.NameDuplicationException: Attempt to insert object named "Utilities" into container named ".library", which already contains an object with that name.
TransformationEditor: Ignoring clone of .Directors beause we don't known how to import it. Exception was: ptolemy.kernel.util.NameDuplicationException: Attempt to insert object named "Directors" into container named ".library", which already contains an object with that name.
TransformationEditor: Ignoring clone of .Actors beause we don't known how to import it. Exception was: ptolemy.kernel.util.NameDuplicationException: Attempt to insert object named "Actors" into container named ".library", which already contains an object with that name.
TransformationEditor: Ignoring clone of .MoreLibraries beause we don't known how to import it. Exception was: ptolemy.kernel.util.NameDuplicationException: Attempt to insert object named "MoreLibraries" into container named ".library", which already contains an object with that name.
TransformationEditor: Ignoring clone of .Utilities beause we don't known how to import it. Exception was: ptolemy.kernel.util.NameDuplicationException: Attempt to insert object named "Utilities" into container named ".library", which already contains an object with that name.
TransformationEditor: Ignoring clone of .Directors beause we don't known how to import it. Exception was: ptolemy.kernel.util.NameDuplicationException: Attempt to insert object named "Directors" into container named ".library", which already contains an object with that name.
TransformationEditor: Ignoring clone of .Actors beause we don't known how to import it. Exception was: ptolemy.kernel.util.NameDuplicationException: Attempt to insert object named "Actors" into container named ".library", which already contains an object with that name.
TransformationEditor: Ignoring clone of .MoreLibraries beause we don't known how to import it. Exception was: ptolemy.kernel.util.NameDuplicationException: Attempt to insert object named "MoreLibraries" into container named ".library", which already contains an object with that name.
TransformationEditor: Ignoring clone of .Utilities beause we don't known how to import it. Exception was: ptolemy.kernel.util.NameDuplicationException: Attempt to insert object named "Utilities" into container named ".library", which already contains an object with that name.
TransformationEditor: Ignoring clone of .Directors beause we don't known how to import it. Exception was: ptolemy.kernel.util.NameDuplicationException: Attempt to insert object named "Directors" into container named ".library", which already contains an object with that name.
TransformationEditor: Ignoring clone of .Actors beause we don't known how to import it. Exception was: ptolemy.kernel.util.NameDuplicationException: Attempt to insert object named "Actors" into container named ".library", which already contains an object with that name.
TransformationEditor: Ignoring clone of .MoreLibraries beause we don't known how to import it. Exception was: ptolemy.kernel.util.NameDuplicationException: Attempt to insert object named "MoreLibraries" into container named ".library", which already contains an object with that name.
TransformationEditor: Ignoring clone of .Utilities beause we don't known how to import it. Exception was: ptolemy.kernel.util.NameDuplicationException: Attempt to insert object named "Utilities" into container named ".library", which already contains an object with that name.
TransformationEditor: Ignoring clone of .Directors beause we don't known how to import it. Exception was: ptolemy.kernel.util.NameDuplicationException: Attempt to insert object named "Directors" into container named ".library", which already contains an object with that name.
TransformationEditor: Ignoring clone of .Actors beause we don't known how to import it. Exception was: ptolemy.kernel.util.NameDuplicationException: Attempt to insert object named "Actors" into container named ".library", which already contains an object with that name.
TransformationEditor: Ignoring clone of .MoreLibraries beause we don't known how to import it. Exception was: ptolemy.kernel.util.NameDuplicationException: Attempt to insert object named "MoreLibraries" into container named ".library", which already contains an object with that name.
TransformationEditor: Ignoring clone of .Utilities beause we don't known how to import it. Exception was: ptolemy.kernel.util.NameDuplicationException: Attempt to insert object named "Utilities" into container named ".library", which already contains an object with that name.
TransformationEditor: Ignoring clone of .Directors beause we don't known how to import it. Exception was: ptolemy.kernel.util.NameDuplicationException: Attempt to insert object named "Directors" into container named ".library", which already contains an object with that name.
TransformationEditor: Ignoring clone of .Actors beause we don't known how to import it. Exception was: ptolemy.kernel.util.NameDuplicationException: Attempt to insert object named "Actors" into container named ".library", which already contains an object with that name.
TransformationEditor: Ignoring clone of .MoreLibraries beause we don't known how to import it. Exception was: ptolemy.kernel.util.NameDuplicationException: Attempt to insert object named "MoreLibraries" into container named ".library", which already contains an object with that name.
TransformationEditor: Ignoring clone of .Utilities beause we don't known how to import it. Exception was: ptolemy.kernel.util.NameDuplicationException: Attempt to insert object named "Utilities" into container named ".library", which already contains an object with that name.
TransformationEditor: Ignoring clone of .Directors beause we don't known how to import it. Exception was: ptolemy.kernel.util.NameDuplicationException: Attempt to insert object named "Directors" into container named ".library", which already contains an object with that name.
TransformationEditor: Ignoring clone of .Actors beause we don't known how to import it. Exception was: ptolemy.kernel.util.NameDuplicationException: Attempt to insert object named "Actors" into container named ".library", which already contains an object with that name.
TransformationEditor: Ignoring clone of .MoreLibraries beause we don't known how to import it. Exception was: ptolemy.kernel.util.NameDuplicationException: Attempt to insert object named "MoreLibraries" into container named ".library", which already contains an object with that name.
TransformationEditor: Ignoring clone of .Utilities beause we don't known how to import it. Exception was: ptolemy.kernel.util.NameDuplicationException: Attempt to insert object named "Utilities" into container named ".library", which already contains an object with that name.
TransformationEditor: Ignoring clone of .Directors beause we don't known how to import it. Exception was: ptolemy.kernel.util.NameDuplicationException: Attempt to insert object named "Directors" into container named ".library", which already contains an object with that name.
TransformationEditor: Ignoring clone of .Actors beause we don't known how to import it. Exception was: ptolemy.kernel.util.NameDuplicationException: Attempt to insert object named "Actors" into container named ".library", which already contains an object with that name.
TransformationEditor: Ignoring clone of .MoreLibraries beause we don't known how to import it. Exception was: ptolemy.kernel.util.NameDuplicationException: Attempt to insert object named "MoreLibraries" into container named ".library", which already contains an object with that name.
TransformationEditor: Ignoring clone of .Utilities beause we don't known how to import it. Exception was: ptolemy.kernel.util.NameDuplicationException: Attempt to insert object named "Utilities" into container named ".library", which already contains an object with that name.
TransformationEditor: Ignoring clone of .Directors beause we don't known how to import it. Exception was: ptolemy.kernel.util.NameDuplicationException: Attempt to insert object named "Directors" into container named ".library", which already contains an object with that name.
TransformationEditor: Ignoring clone of .Actors beause we don't known how to import it. Exception was: ptolemy.kernel.util.NameDuplicationException: Attempt to insert object named "Actors" into container named ".library", which already contains an object with that name.
TransformationEditor: Ignoring clone of .MoreLibraries beause we don't known how to import it. Exception was: ptolemy.kernel.util.NameDuplicationException: Attempt to insert object named "MoreLibraries" into container named ".library", which already contains an object with that name.
TransformationEditor: Ignoring clone of .Utilities beause we don't known how to import it. Exception was: ptolemy.kernel.util.NameDuplicationException: Attempt to insert object named "Utilities" into container named ".library", which already contains an object with that name.
TransformationEditor: Ignoring clone of .Directors beause we don't known how to import it. Exception was: ptolemy.kernel.util.NameDuplicationException: Attempt to insert object named "Directors" into container named ".library", which already contains an object with that name.
TransformationEditor: Ignoring clone of .Actors beause we don't known how to import it. Exception was: ptolemy.kernel.util.NameDuplicationException: Attempt to insert object named "Actors" into container named ".library", which already contains an object with that name.
TransformationEditor: Ignoring clone of .MoreLibraries beause we don't known how to import it. Exception was: ptolemy.kernel.util.NameDuplicationException: Attempt to insert object named "MoreLibraries" into container named ".library", which already contains an object with that name.
TransformationEditor: Ignoring clone of .Utilities beause we don't known how to import it. Exception was: ptolemy.kernel.util.NameDuplicationException: Attempt to insert object named "Utilities" into container named ".library", which already contains an object with that name.
TransformationEditor: Ignoring clone of .Directors beause we don't known how to import it. Exception was: ptolemy.kernel.util.NameDuplicationException: Attempt to insert object named "Directors" into container named ".library", which already contains an object with that name.
TransformationEditor: Ignoring clone of .Actors beause we don't known how to import it. Exception was: ptolemy.kernel.util.NameDuplicationException: Attempt to insert object named "Actors" into container named ".library", which already contains an object with that name.
TransformationEditor: Ignoring clone of .MoreLibraries beause we don't known how to import it. Exception was: ptolemy.kernel.util.NameDuplicationException: Attempt to insert object named "MoreLibraries" into container named ".library", which already contains an object with that name.
TransformationEditor: Ignoring clone of .Utilities beause we don't known how to import it. Exception was: ptolemy.kernel.util.NameDuplicationException: Attempt to insert object named "Utilities" into container named ".library", which already contains an object with that name.
TransformationEditor: Ignoring clone of .Directors beause we don't known how to import it. Exception was: ptolemy.kernel.util.NameDuplicationException: Attempt to insert object named "Directors" into container named ".library", which already contains an object with that name.
TransformationEditor: Ignoring clone of .Actors beause we don't known how to import it. Exception was: ptolemy.kernel.util.NameDuplicationException: Attempt to insert object named "Actors" into container named ".library", which already contains an object with that name.
TransformationEditor: Ignoring clone of .MoreLibraries beause we don't known how to import it. Exception was: ptolemy.kernel.util.NameDuplicationException: Attempt to insert object named "MoreLibraries" into container named ".library", which already contains an object with that name.
TransformationEditor: Ignoring clone of .Utilities beause we don't known how to import it. Exception was: ptolemy.kernel.util.NameDuplicationException: Attempt to insert object named "Utilities" into container named ".library", which already contains an object with that name.
TransformationEditor: Ignoring clone of .Directors beause we don't known how to import it. Exception was: ptolemy.kernel.util.NameDuplicationException: Attempt to insert object named "Directors" into container named ".library", which already contains an object with that name.
TransformationEditor: Ignoring clone of .Actors beause we don't known how to import it. Exception was: ptolemy.kernel.util.NameDuplicationException: Attempt to insert object named "Actors" into container named ".library", which already contains an object with that name.
TransformationEditor: Ignoring clone of .MoreLibraries beause we don't known how to import it. Exception was: ptolemy.kernel.util.NameDuplicationException: Attempt to insert object named "MoreLibraries" into container named ".library", which already contains an object with that name.
TransformationEditor: Ignoring clone of .Utilities beause we don't known how to import it. Exception was: ptolemy.kernel.util.NameDuplicationException: Attempt to insert object named "Utilities" into container named ".library", which already contains an object with that name.
TransformationEditor: Ignoring clone of .Directors beause we don't known how to import it. Exception was: ptolemy.kernel.util.NameDuplicationException: Attempt to insert object named "Directors" into container named ".library", which already contains an object with that name.
TransformationEditor: Ignoring clone of .Actors beause we don't known how to import it. Exception was: ptolemy.kernel.util.NameDuplicationException: Attempt to insert object named "Actors" into container named ".library", which already contains an object with that name.
TransformationEditor: Ignoring clone of .MoreLibraries beause we don't known how to import it. Exception was: ptolemy.kernel.util.NameDuplicationException: Attempt to insert object named "MoreLibraries" into container named ".library", which already contains an object with that name.
TransformationEditor: Ignoring clone of .Utilities beause we don't known how to import it. Exception was: ptolemy.kernel.util.NameDuplicationException: Attempt to insert object named "Utilities" into container named ".library", which already contains an object with that name.
TransformationEditor: Ignoring clone of .Directors beause we don't known how to import it. Exception was: ptolemy.kernel.util.NameDuplicationException: Attempt to insert object named "Directors" into container named ".library", which already contains an object with that name.
TransformationEditor: Ignoring clone of .Actors beause we don't known how to import it. Exception was: ptolemy.kernel.util.NameDuplicationException: Attempt to insert object named "Actors" into container named ".library", which already contains an object with that name.
TransformationEditor: Ignoring clone of .MoreLibraries beause we don't known how to import it. Exception was: ptolemy.kernel.util.NameDuplicationException: Attempt to insert object named "MoreLibraries" into container named ".library", which already contains an object with that name.
TransformationEditor: Ignoring clone of .Utilities beause we don't known how to import it. Exception was: ptolemy.kernel.util.NameDuplicationException: Attempt to insert object named "Utilities" into container named ".library", which already contains an object with that name.
TransformationEditor: Ignoring clone of .Directors beause we don't known how to import it. Exception was: ptolemy.kernel.util.NameDuplicationException: Attempt to insert object named "Directors" into container named ".library", which already contains an object with that name.
TransformationEditor: Ignoring clone of .Actors beause we don't known how to import it. Exception was: ptolemy.kernel.util.NameDuplicationException: Attempt to insert object named "Actors" into container named ".library", which already contains an object with that name.
TransformationEditor: Ignoring clone of .MoreLibraries beause we don't known how to import it. Exception was: ptolemy.kernel.util.NameDuplicationException: Attempt to insert object named "MoreLibraries" into container named ".library", which already contains an object with that name.
TransformationEditor: Ignoring clone of .Utilities beause we don't known how to import it. Exception was: ptolemy.kernel.util.NameDuplicationException: Attempt to insert object named "Utilities" into container named ".library", which already contains an object with that name.
TransformationEditor: Ignoring clone of .Directors beause we don't known how to import it. Exception was: ptolemy.kernel.util.NameDuplicationException: Attempt to insert object named "Directors" into container named ".library", which already contains an object with that name.
TransformationEditor: Ignoring clone of .Actors beause we don't known how to import it. Exception was: ptolemy.kernel.util.NameDuplicationException: Attempt to insert object named "Actors" into container named ".library", which already contains an object with that name.
TransformationEditor: Ignoring clone of .MoreLibraries beause we don't known how to import it. Exception was: ptolemy.kernel.util.NameDuplicationException: Attempt to insert object named "MoreLibraries" into container named ".library", which already contains an object with that name.
TransformationEditor: Ignoring clone of .Utilities beause we don't known how to import it. Exception was: ptolemy.kernel.util.NameDuplicationException: Attempt to insert object named "Utilities" into container named ".library", which already contains an object with that name.
TransformationEditor: Ignoring clone of .Directors beause we don't known how to import it. Exception was: ptolemy.kernel.util.NameDuplicationException: Attempt to insert object named "Directors" into container named ".library", which already contains an object with that name.
TransformationEditor: Ignoring clone of .Actors beause we don't known how to import it. Exception was: ptolemy.kernel.util.NameDuplicationException: Attempt to insert object named "Actors" into container named ".library", which already contains an object with that name.
TransformationEditor: Ignoring clone of .MoreLibraries beause we don't known how to import it. Exception was: ptolemy.kernel.util.NameDuplicationException: Attempt to insert object named "MoreLibraries" into container named ".library", which already contains an object with that name.
TransformationEditor: Ignoring clone of .Utilities beause we don't known how to import it. Exception was: ptolemy.kernel.util.NameDuplicationException: Attempt to insert object named "Utilities" into container named ".library", which already contains an object with that name.
TransformationEditor: Ignoring clone of .Directors beause we don't known how to import it. Exception was: ptolemy.kernel.util.NameDuplicationException: Attempt to insert object named "Directors" into container named ".library", which already contains an object with that name.
TransformationEditor: Ignoring clone of .Actors beause we don't known how to import it. Exception was: ptolemy.kernel.util.NameDuplicationException: Attempt to insert object named "Actors" into container named ".library", which already contains an object with that name.
TransformationEditor: Ignoring clone of .MoreLibraries beause we don't known how to import it. Exception was: ptolemy.kernel.util.NameDuplicationException: Attempt to insert object named "MoreLibraries" into container named ".library", which already contains an object with that name.
TransformationEditor: Ignoring clone of .Utilities beause we don't known how to import it. Exception was: ptolemy.kernel.util.NameDuplicationException: Attempt to insert object named "Utilities" into container named ".library", which already contains an object with that name.
TransformationEditor: Ignoring clone of .Directors beause we don't known how to import it. Exception was: ptolemy.kernel.util.NameDuplicationException: Attempt to insert object named "Directors" into container named ".library", which already contains an object with that name.
TransformationEditor: Ignoring clone of .Actors beause we don't known how to import it. Exception was: ptolemy.kernel.util.NameDuplicationException: Attempt to insert object named "Actors" into container named ".library", which already contains an object with that name.
TransformationEditor: Ignoring clone of .MoreLibraries beause we don't known how to import it. Exception was: ptolemy.kernel.util.NameDuplicationException: Attempt to insert object named "MoreLibraries" into container named ".library", which already contains an object with that name.
TransformationEditor: Ignoring clone of .Utilities beause we don't known how to import it. Exception was: ptolemy.kernel.util.NameDuplicationException: Attempt to insert object named "Utilities" into container named ".library", which already contains an object with that name.
TransformationEditor: Ignoring clone of .Directors beause we don't known how to import it. Exception was: ptolemy.kernel.util.NameDuplicationException: Attempt to insert object named "Directors" into container named ".library", which already contains an object with that name.
TransformationEditor: Ignoring clone of .Actors beause we don't known how to import it. Exception was: ptolemy.kernel.util.NameDuplicationException: Attempt to insert object named "Actors" into container named ".library", which already contains an object with that name.
TransformationEditor: Ignoring clone of .MoreLibraries beause we don't known how to import it. Exception was: ptolemy.kernel.util.NameDuplicationException: Attempt to insert object named "MoreLibraries" into container named ".library", which already contains an object with that name.
TransformationEditor: Ignoring clone of .Utilities beause we don't known how to import it. Exception was: ptolemy.kernel.util.NameDuplicationException: Attempt to insert object named "Utilities" into container named ".library", which already contains an object with that name.
TransformationEditor: Ignoring clone of .Directors beause we don't known how to import it. Exception was: ptolemy.kernel.util.NameDuplicationException: Attempt to insert object named "Directors" into container named ".library", which already contains an object with that name.
TransformationEditor: Ignoring clone of .Actors beause we don't known how to import it. Exception was: ptolemy.kernel.util.NameDuplicationException: Attempt to insert object named "Actors" into container named ".library", which already contains an object with that name.
TransformationEditor: Ignoring clone of .MoreLibraries beause we don't known how to import it. Exception was: ptolemy.kernel.util.NameDuplicationException: Attempt to insert object named "MoreLibraries" into container named ".library", which already contains an object with that name.
TransformationEditor: Ignoring clone of .Utilities beause we don't known how to import it. Exception was: ptolemy.kernel.util.NameDuplicationException: Attempt to insert object named "Utilities" into container named ".library", which already contains an object with that name.
TransformationEditor: Ignoring clone of .Directors beause we don't known how to import it. Exception was: ptolemy.kernel.util.NameDuplicationException: Attempt to insert object named "Directors" into container named ".library", which already contains an object with that name.
TransformationEditor: Ignoring clone of .Actors beause we don't known how to import it. Exception was: ptolemy.kernel.util.NameDuplicationException: Attempt to insert object named "Actors" into container named ".library", which already contains an object with that name.
TransformationEditor: Ignoring clone of .MoreLibraries beause we don't known how to import it. Exception was: ptolemy.kernel.util.NameDuplicationException: Attempt to insert object named "MoreLibraries" into container named ".library", which already contains an object with that name.
TransformationEditor: Ignoring clone of .Utilities beause we don't known how to import it. Exception was: ptolemy.kernel.util.NameDuplicationException: Attempt to insert object named "Utilities" into container named ".library", which already contains an object with that name.
TransformationEditor: Ignoring clone of .Directors beause we don't known how to import it. Exception was: ptolemy.kernel.util.NameDuplicationException: Attempt to insert object named "Directors" into container named ".library", which already contains an object with that name.
TransformationEditor: Ignoring clone of .Actors beause we don't known how to import it. Exception was: ptolemy.kernel.util.NameDuplicationException: Attempt to insert object named "Actors" into container named ".library", which already contains an object with that name.
TransformationEditor: Ignoring clone of .MoreLibraries beause we don't known how to import it. Exception was: ptolemy.kernel.util.NameDuplicationException: Attempt to insert object named "MoreLibraries" into container named ".library", which already contains an object with that name.
TransformationEditor: Ignoring clone of .Utilities beause we don't known how to import it. Exception was: ptolemy.kernel.util.NameDuplicationException: Attempt to insert object named "Utilities" into container named ".library", which already contains an object with that name.
TransformationEditor: Ignoring clone of .Directors beause we don't known how to import it. Exception was: ptolemy.kernel.util.NameDuplicationException: Attempt to insert object named "Directors" into container named ".library", which already contains an object with that name.
TransformationEditor: Ignoring clone of .Actors beause we don't known how to import it. Exception was: ptolemy.kernel.util.NameDuplicationException: Attempt to insert object named "Actors" into container named ".library", which already contains an object with that name.
TransformationEditor: Ignoring clone of .MoreLibraries beause we don't known how to import it. Exception was: ptolemy.kernel.util.NameDuplicationException: Attempt to insert object named "MoreLibraries" into container named ".library", which already contains an object with that name.
TransformationEditor: Ignoring clone of .Utilities beause we don't known how to import it. Exception was: ptolemy.kernel.util.NameDuplicationException: Attempt to insert object named "Utilities" into container named ".library", which already contains an object with that name.
TransformationEditor: Ignoring clone of .Directors beause we don't known how to import it. Exception was: ptolemy.kernel.util.NameDuplicationException: Attempt to insert object named "Directors" into container named ".library", which already contains an object with that name.
TransformationEditor: Ignoring clone of .Actors beause we don't known how to import it. Exception was: ptolemy.kernel.util.NameDuplicationException: Attempt to insert object named "Actors" into container named ".library", which already contains an object with that name.
TransformationEditor: Ignoring clone of .MoreLibraries beause we don't known how to import it. Exception was: ptolemy.kernel.util.NameDuplicationException: Attempt to insert object named "MoreLibraries" into container named ".library", which already contains an object with that name.
TransformationEditor: Ignoring clone of .Utilities beause we don't known how to import it. Exception was: ptolemy.kernel.util.NameDuplicationException: Attempt to insert object named "Utilities" into container named ".library", which already contains an object with that name.
TransformationEditor: Ignoring clone of .Directors beause we don't known how to import it. Exception was: ptolemy.kernel.util.NameDuplicationException: Attempt to insert object named "Directors" into container named ".library", which already contains an object with that name.
TransformationEditor: Ignoring clone of .Actors beause we don't known how to import it. Exception was: ptolemy.kernel.util.NameDuplicationException: Attempt to insert object named "Actors" into container named ".library", which already contains an object with that name.
TransformationEditor: Ignoring clone of .MoreLibraries beause we don't known how to import it. Exception was: ptolemy.kernel.util.NameDuplicationException: Attempt to insert object named "MoreLibraries" into container named ".library", which already contains an object with that name.
TransformationEditor: Ignoring clone of .Utilities beause we don't known how to import it. Exception was: ptolemy.kernel.util.NameDuplicationException: Attempt to insert object named "Utilities" into container named ".library", which already contains an object with that name.
TransformationEditor: Ignoring clone of .Directors beause we don't known how to import it. Exception was: ptolemy.kernel.util.NameDuplicationException: Attempt to insert object named "Directors" into container named ".library", which already contains an object with that name.
TransformationEditor: Ignoring clone of .Actors beause we don't known how to import it. Exception was: ptolemy.kernel.util.NameDuplicationException: Attempt to insert object named "Actors" into container named ".library", which already contains an object with that name.
TransformationEditor: Ignoring clone of .MoreLibraries beause we don't known how to import it. Exception was: ptolemy.kernel.util.NameDuplicationException: Attempt to insert object named "MoreLibraries" into container named ".library", which already contains an object with that name.
TransformationEditor: Ignoring clone of .Utilities beause we don't known how to import it. Exception was: ptolemy.kernel.util.NameDuplicationException: Attempt to insert object named "Utilities" into container named ".library", which already contains an object with that name.
TransformationEditor: Ignoring clone of .Directors beause we don't known how to import it. Exception was: ptolemy.kernel.util.NameDuplicationException: Attempt to insert object named "Directors" into container named ".library", which already contains an object with that name.
TransformationEditor: Ignoring clone of .Actors beause we don't known how to import it. Exception was: ptolemy.kernel.util.NameDuplicationException: Attempt to insert object named "Actors" into container named ".library", which already contains an object with that name.
TransformationEditor: Ignoring clone of .MoreLibraries beause we don't known how to import it. Exception was: ptolemy.kernel.util.NameDuplicationException: Attempt to insert object named "MoreLibraries" into container named ".library", which already contains an object with that name.
TransformationEditor: Ignoring clone of .Utilities beause we don't known how to import it. Exception was: ptolemy.kernel.util.NameDuplicationException: Attempt to insert object named "Utilities" into container named ".library", which already contains an object with that name.
TransformationEditor: Ignoring clone of .Directors beause we don't known how to import it. Exception was: ptolemy.kernel.util.NameDuplicationException: Attempt to insert object named "Directors" into container named ".library", which already contains an object with that name.
TransformationEditor: Ignoring clone of .Actors beause we don't known how to import it. Exception was: ptolemy.kernel.util.NameDuplicationException: Attempt to insert object named "Actors" into container named ".library", which already contains an object with that name.
TransformationEditor: Ignoring clone of .MoreLibraries beause we don't known how to import it. Exception was: ptolemy.kernel.util.NameDuplicationException: Attempt to insert object named "MoreLibraries" into container named ".library", which already contains an object with that name.
TransformationEditor: Ignoring clone of .Utilities beause we don't known how to import it. Exception was: ptolemy.kernel.util.NameDuplicationException: Attempt to insert object named "Utilities" into container named ".library", which already contains an object with that name.
TransformationEditor: Ignoring clone of .Directors beause we don't known how to import it. Exception was: ptolemy.kernel.util.NameDuplicationException: Attempt to insert object named "Directors" into container named ".library", which already contains an object with that name.
TransformationEditor: Ignoring clone of .Actors beause we don't known how to import it. Exception was: ptolemy.kernel.util.NameDuplicationException: Attempt to insert object named "Actors" into container named ".library", which already contains an object with that name.
TransformationEditor: Ignoring clone of .MoreLibraries beause we don't known how to import it. Exception was: ptolemy.kernel.util.NameDuplicationException: Attempt to insert object named "MoreLibraries" into container named ".library", which already contains an object with that name.
TransformationEditor: Ignoring clone of .Utilities beause we don't known how to import it. Exception was: ptolemy.kernel.util.NameDuplicationException: Attempt to insert object named "Utilities" into container named ".library", which already contains an object with that name.
TransformationEditor: Ignoring clone of .Directors beause we don't known how to import it. Exception was: ptolemy.kernel.util.NameDuplicationException: Attempt to insert object named "Directors" into container named ".library", which already contains an object with that name.
TransformationEditor: Ignoring clone of .Actors beause we don't known how to import it. Exception was: ptolemy.kernel.util.NameDuplicationException: Attempt to insert object named "Actors" into container named ".library", which already contains an object with that name.
TransformationEditor: Ignoring clone of .MoreLibraries beause we don't known how to import it. Exception was: ptolemy.kernel.util.NameDuplicationException: Attempt to insert object named "MoreLibraries" into container named ".library", which already contains an object with that name.
TransformationEditor: Ignoring clone of .Utilities beause we don't known how to import it. Exception was: ptolemy.kernel.util.NameDuplicationException: Attempt to insert object named "Utilities" into container named ".library", which already contains an object with that name.
TransformationEditor: Ignoring clone of .Directors beause we don't known how to import it. Exception was: ptolemy.kernel.util.NameDuplicationException: Attempt to insert object named "Directors" into container named ".library", which already contains an object with that name.
TransformationEditor: Ignoring clone of .Actors beause we don't known how to import it. Exception was: ptolemy.kernel.util.NameDuplicationException: Attempt to insert object named "Actors" into container named ".library", which already contains an object with that name.
TransformationEditor: Ignoring clone of .MoreLibraries beause we don't known how to import it. Exception was: ptolemy.kernel.util.NameDuplicationException: Attempt to insert object named "MoreLibraries" into container named ".library", which already contains an object with that name.
TransformationEditor: Ignoring clone of .Utilities beause we don't known how to import it. Exception was: ptolemy.kernel.util.NameDuplicationException: Attempt to insert object named "Utilities" into container named ".library", which already contains an object with that name.
TransformationEditor: Ignoring clone of .Directors beause we don't known how to import it. Exception was: ptolemy.kernel.util.NameDuplicationException: Attempt to insert object named "Directors" into container named ".library", which already contains an object with that name.
TransformationEditor: Ignoring clone of .Actors beause we don't known how to import it. Exception was: ptolemy.kernel.util.NameDuplicationException: Attempt to insert object named "Actors" into container named ".library", which already contains an object with that name.
TransformationEditor: Ignoring clone of .MoreLibraries beause we don't known how to import it. Exception was: ptolemy.kernel.util.NameDuplicationException: Attempt to insert object named "MoreLibraries" into container named ".library", which already contains an object with that name.
TransformationEditor: Ignoring clone of .Utilities beause we don't known how to import it. Exception was: ptolemy.kernel.util.NameDuplicationException: Attempt to insert object named "Utilities" into container named ".library", which already contains an object with that name.
TransformationEditor: Ignoring clone of .Directors beause we don't known how to import it. Exception was: ptolemy.kernel.util.NameDuplicationException: Attempt to insert object named "Directors" into container named ".library", which already contains an object with that name.
TransformationEditor: Ignoring clone of .Actors beause we don't known how to import it. Exception was: ptolemy.kernel.util.NameDuplicationException: Attempt to insert object named "Actors" into container named ".library", which already contains an object with that name.
TransformationEditor: Ignoring clone of .MoreLibraries beause we don't known how to import it. Exception was: ptolemy.kernel.util.NameDuplicationException: Attempt to insert object named "MoreLibraries" into container named ".library", which already contains an object with that name.
TransformationEditor: Ignoring clone of .Utilities beause we don't known how to import it. Exception was: ptolemy.kernel.util.NameDuplicationException: Attempt to insert object named "Utilities" into container named ".library", which already contains an object with that name.
TransformationEditor: Ignoring clone of .Directors beause we don't known how to import it. Exception was: ptolemy.kernel.util.NameDuplicationException: Attempt to insert object named "Directors" into container named ".library", which already contains an object with that name.
TransformationEditor: Ignoring clone of .Actors beause we don't known how to import it. Exception was: ptolemy.kernel.util.NameDuplicationException: Attempt to insert object named "Actors" into container named ".library", which already contains an object with that name.
TransformationEditor: Ignoring clone of .MoreLibraries beause we don't known how to import it. Exception was: ptolemy.kernel.util.NameDuplicationException: Attempt to insert object named "MoreLibraries" into container named ".library", which already contains an object with that name.
TransformationEditor: Ignoring clone of .Utilities beause we don't known how to import it. Exception was: ptolemy.kernel.util.NameDuplicationException: Attempt to insert object named "Utilities" into container named ".library", which already contains an object with that name.
TransformationEditor: Ignoring clone of .Directors beause we don't known how to import it. Exception was: ptolemy.kernel.util.NameDuplicationException: Attempt to insert object named "Directors" into container named ".library", which already contains an object with that name.
TransformationEditor: Ignoring clone of .Actors beause we don't known how to import it. Exception was: ptolemy.kernel.util.NameDuplicationException: Attempt to insert object named "Actors" into container named ".library", which already contains an object with that name.
TransformationEditor: Ignoring clone of .MoreLibraries beause we don't known how to import it. Exception was: ptolemy.kernel.util.NameDuplicationException: Attempt to insert object named "MoreLibraries" into container named ".library", which already contains an object with that name.
TransformationEditor: Ignoring clone of .Utilities beause we don't known how to import it. Exception was: ptolemy.kernel.util.NameDuplicationException: Attempt to insert object named "Utilities" into container named ".library", which already contains an object with that name.
TransformationEditor: Ignoring clone of .Directors beause we don't known how to import it. Exception was: ptolemy.kernel.util.NameDuplicationException: Attempt to insert object named "Directors" into container named ".library", which already contains an object with that name.
TransformationEditor: Ignoring clone of .Actors beause we don't known how to import it. Exception was: ptolemy.kernel.util.NameDuplicationException: Attempt to insert object named "Actors" into container named ".library", which already contains an object with that name.
TransformationEditor: Ignoring clone of .MoreLibraries beause we don't known how to import it. Exception was: ptolemy.kernel.util.NameDuplicationException: Attempt to insert object named "MoreLibraries" into container named ".library", which already contains an object with that name.
TransformationEditor: Ignoring clone of .Utilities beause we don't known how to import it. Exception was: ptolemy.kernel.util.NameDuplicationException: Attempt to insert object named "Utilities" into container named ".library", which already contains an object with that name.
TransformationEditor: Ignoring clone of .Directors beause we don't known how to import it. Exception was: ptolemy.kernel.util.NameDuplicationException: Attempt to insert object named "Directors" into container named ".library", which already contains an object with that name.
TransformationEditor: Ignoring clone of .Actors beause we don't known how to import it. Exception was: ptolemy.kernel.util.NameDuplicationException: Attempt to insert object named "Actors" into container named ".library", which already contains an object with that name.
TransformationEditor: Ignoring clone of .MoreLibraries beause we don't known how to import it. Exception was: ptolemy.kernel.util.NameDuplicationException: Attempt to insert object named "MoreLibraries" into container named ".library", which already contains an object with that name.
TransformationEditor: Ignoring clone of .Utilities beause we don't known how to import it. Exception was: ptolemy.kernel.util.NameDuplicationException: Attempt to insert object named "Utilities" into container named ".library", which already contains an object with that name.
TransformationEditor: Ignoring clone of .Directors beause we don't known how to import it. Exception was: ptolemy.kernel.util.NameDuplicationException: Attempt to insert object named "Directors" into container named ".library", which already contains an object with that name.
TransformationEditor: Ignoring clone of .Actors beause we don't known how to import it. Exception was: ptolemy.kernel.util.NameDuplicationException: Attempt to insert object named "Actors" into container named ".library", which already contains an object with that name.
TransformationEditor: Ignoring clone of .MoreLibraries beause we don't known how to import it. Exception was: ptolemy.kernel.util.NameDuplicationException: Attempt to insert object named "MoreLibraries" into container named ".library", which already contains an object with that name.
TransformationEditor: Ignoring clone of .Utilities beause we don't known how to import it. Exception was: ptolemy.kernel.util.NameDuplicationException: Attempt to insert object named "Utilities" into container named ".library", which already contains an object with that name.
TransformationEditor: Ignoring clone of .Directors beause we don't known how to import it. Exception was: ptolemy.kernel.util.NameDuplicationException: Attempt to insert object named "Directors" into container named ".library", which already contains an object with that name.
TransformationEditor: Ignoring clone of .Actors beause we don't known how to import it. Exception was: ptolemy.kernel.util.NameDuplicationException: Attempt to insert object named "Actors" into container named ".library", which already contains an object with that name.
TransformationEditor: Ignoring clone of .MoreLibraries beause we don't known how to import it. Exception was: ptolemy.kernel.util.NameDuplicationException: Attempt to insert object named "MoreLibraries" into container named ".library", which already contains an object with that name.
TransformationEditor: Ignoring clone of .Utilities beause we don't known how to import it. Exception was: ptolemy.kernel.util.NameDuplicationException: Attempt to insert object named "Utilities" into container named ".library", which already contains an object with that name.
TransformationEditor: Ignoring clone of .Directors beause we don't known how to import it. Exception was: ptolemy.kernel.util.NameDuplicationException: Attempt to insert object named "Directors" into container named ".library", which already contains an object with that name.
TransformationEditor: Ignoring clone of .Actors beause we don't known how to import it. Exception was: ptolemy.kernel.util.NameDuplicationException: Attempt to insert object named "Actors" into container named ".library", which already contains an object with that name.
TransformationEditor: Ignoring clone of .MoreLibraries beause we don't known how to import it. Exception was: ptolemy.kernel.util.NameDuplicationException: Attempt to insert object named "MoreLibraries" into container named ".library", which already contains an object with that name.
TransformationEditor: Ignoring clone of .Utilities beause we don't known how to import it. Exception was: ptolemy.kernel.util.NameDuplicationException: Attempt to insert object named "Utilities" into container named ".library", which already contains an object with that name.
TransformationEditor: Ignoring clone of .Directors beause we don't known how to import it. Exception was: ptolemy.kernel.util.NameDuplicationException: Attempt to insert object named "Directors" into container named ".library", which already contains an object with that name.
TransformationEditor: Ignoring clone of .Actors beause we don't known how to import it. Exception was: ptolemy.kernel.util.NameDuplicationException: Attempt to insert object named "Actors" into container named ".library", which already contains an object with that name.
TransformationEditor: Ignoring clone of .MoreLibraries beause we don't known how to import it. Exception was: ptolemy.kernel.util.NameDuplicationException: Attempt to insert object named "MoreLibraries" into container named ".library", which already contains an object with that name.
TransformationEditor: Ignoring clone of .Utilities beause we don't known how to import it. Exception was: ptolemy.kernel.util.NameDuplicationException: Attempt to insert object named "Utilities" into container named ".library", which already contains an object with that name.
TransformationEditor: Ignoring clone of .Directors beause we don't known how to import it. Exception was: ptolemy.kernel.util.NameDuplicationException: Attempt to insert object named "Directors" into container named ".library", which already contains an object with that name.
TransformationEditor: Ignoring clone of .Actors beause we don't known how to import it. Exception was: ptolemy.kernel.util.NameDuplicationException: Attempt to insert object named "Actors" into container named ".library", which already contains an object with that name.
TransformationEditor: Ignoring clone of .MoreLibraries beause we don't known how to import it. Exception was: ptolemy.kernel.util.NameDuplicationException: Attempt to insert object named "MoreLibraries" into container named ".library", which already contains an object with that name.
TransformationEditor: Ignoring clone of .Utilities beause we don't known how to import it. Exception was: ptolemy.kernel.util.NameDuplicationException: Attempt to insert object named "Utilities" into container named ".library", which already contains an object with that name.
TransformationEditor: Ignoring clone of .Directors beause we don't known how to import it. Exception was: ptolemy.kernel.util.NameDuplicationException: Attempt to insert object named "Directors" into container named ".library", which already contains an object with that name.
TransformationEditor: Ignoring clone of .Actors beause we don't known how to import it. Exception was: ptolemy.kernel.util.NameDuplicationException: Attempt to insert object named "Actors" into container named ".library", which already contains an object with that name.
TransformationEditor: Ignoring clone of .MoreLibraries beause we don't known how to import it. Exception was: ptolemy.kernel.util.NameDuplicationException: Attempt to insert object named "MoreLibraries" into container named ".library", which already contains an object with that name.
TransformationEditor: Ignoring clone of .Utilities beause we don't known how to import it. Exception was: ptolemy.kernel.util.NameDuplicationException: Attempt to insert object named "Utilities" into container named ".library", which already contains an object with that name.
TransformationEditor: Ignoring clone of .Directors beause we don't known how to import it. Exception was: ptolemy.kernel.util.NameDuplicationException: Attempt to insert object named "Directors" into container named ".library", which already contains an object with that name.
TransformationEditor: Ignoring clone of .Actors beause we don't known how to import it. Exception was: ptolemy.kernel.util.NameDuplicationException: Attempt to insert object named "Actors" into container named ".library", which already contains an object with that name.
TransformationEditor: Ignoring clone of .MoreLibraries beause we don't known how to import it. Exception was: ptolemy.kernel.util.NameDuplicationException: Attempt to insert object named "MoreLibraries" into container named ".library", which already contains an object with that name.
TransformationEditor: Ignoring clone of .Utilities beause we don't known how to import it. Exception was: ptolemy.kernel.util.NameDuplicationException: Attempt to insert object named "Utilities" into container named ".library", which already contains an object with that name.
TransformationEditor: Ignoring clone of .Directors beause we don't known how to import it. Exception was: ptolemy.kernel.util.NameDuplicationException: Attempt to insert object named "Directors" into container named ".library", which already contains an object with that name.
TransformationEditor: Ignoring clone of .Actors beause we don't known how to import it. Exception was: ptolemy.kernel.util.NameDuplicationException: Attempt to insert object named "Actors" into container named ".library", which already contains an object with that name.
TransformationEditor: Ignoring clone of .MoreLibraries beause we don't known how to import it. Exception was: ptolemy.kernel.util.NameDuplicationException: Attempt to insert object named "MoreLibraries" into container named ".library", which already contains an object with that name.
TransformationEditor: Ignoring clone of .Utilities beause we don't known how to import it. Exception was: ptolemy.kernel.util.NameDuplicationException: Attempt to insert object named "Utilities" into container named ".library", which already contains an object with that name.
TransformationEditor: Ignoring clone of .Directors beause we don't known how to import it. Exception was: ptolemy.kernel.util.NameDuplicationException: Attempt to insert object named "Directors" into container named ".library", which already contains an object with that name.
TransformationEditor: Ignoring clone of .Actors beause we don't known how to import it. Exception was: ptolemy.kernel.util.NameDuplicationException: Attempt to insert object named "Actors" into container named ".library", which already contains an object with that name.
TransformationEditor: Ignoring clone of .MoreLibraries beause we don't known how to import it. Exception was: ptolemy.kernel.util.NameDuplicationException: Attempt to insert object named "MoreLibraries" into container named ".library", which already contains an object with that name.
TransformationEditor: Ignoring clone of .Utilities beause we don't known how to import it. Exception was: ptolemy.kernel.util.NameDuplicationException: Attempt to insert object named "Utilities" into container named ".library", which already contains an object with that name.
TransformationEditor: Ignoring clone of .Directors beause we don't known how to import it. Exception was: ptolemy.kernel.util.NameDuplicationException: Attempt to insert object named "Directors" into container named ".library", which already contains an object with that name.
TransformationEditor: Ignoring clone of .Actors beause we don't known how to import it. Exception was: ptolemy.kernel.util.NameDuplicationException: Attempt to insert object named "Actors" into container named ".library", which already contains an object with that name.
TransformationEditor: Ignoring clone of .MoreLibraries beause we don't known how to import it. Exception was: ptolemy.kernel.util.NameDuplicationException: Attempt to insert object named "MoreLibraries" into container named ".library", which already contains an object with that name.
TransformationEditor: Ignoring clone of .Utilities beause we don't known how to import it. Exception was: ptolemy.kernel.util.NameDuplicationException: Attempt to insert object named "Utilities" into container named ".library", which already contains an object with that name.
TransformationEditor: Ignoring clone of .Directors beause we don't known how to import it. Exception was: ptolemy.kernel.util.NameDuplicationException: Attempt to insert object named "Directors" into container named ".library", which already contains an object with that name.
TransformationEditor: Ignoring clone of .Actors beause we don't known how to import it. Exception was: ptolemy.kernel.util.NameDuplicationException: Attempt to insert object named "Actors" into container named ".library", which already contains an object with that name.
TransformationEditor: Ignoring clone of .MoreLibraries beause we don't known how to import it. Exception was: ptolemy.kernel.util.NameDuplicationException: Attempt to insert object named "MoreLibraries" into container named ".library", which already contains an object with that name.
TransformationEditor: Ignoring clone of .Utilities beause we don't known how to import it. Exception was: ptolemy.kernel.util.NameDuplicationException: Attempt to insert object named "Utilities" into container named ".library", which already contains an object with that name.
TransformationEditor: Ignoring clone of .Directors beause we don't known how to import it. Exception was: ptolemy.kernel.util.NameDuplicationException: Attempt to insert object named "Directors" into container named ".library", which already contains an object with that name.
TransformationEditor: Ignoring clone of .Actors beause we don't known how to import it. Exception was: ptolemy.kernel.util.NameDuplicationException: Attempt to insert object named "Actors" into container named ".library", which already contains an object with that name.
TransformationEditor: Ignoring clone of .MoreLibraries beause we don't known how to import it. Exception was: ptolemy.kernel.util.NameDuplicationException: Attempt to insert object named "MoreLibraries" into container named ".library", which already contains an object with that name.
TransformationEditor: Ignoring clone of .Utilities beause we don't known how to import it. Exception was: ptolemy.kernel.util.NameDuplicationException: Attempt to insert object named "Utilities" into container named ".library", which already contains an object with that name.
TransformationEditor: Ignoring clone of .Directors beause we don't known how to import it. Exception was: ptolemy.kernel.util.NameDuplicationException: Attempt to insert object named "Directors" into container named ".library", which already contains an object with that name.
TransformationEditor: Ignoring clone of .Actors beause we don't known how to import it. Exception was: ptolemy.kernel.util.NameDuplicationException: Attempt to insert object named "Actors" into container named ".library", which already contains an object with that name.
TransformationEditor: Ignoring clone of .MoreLibraries beause we don't known how to import it. Exception was: ptolemy.kernel.util.NameDuplicationException: Attempt to insert object named "MoreLibraries" into container named ".library", which already contains an object with that name.
TransformationEditor: Ignoring clone of .Utilities beause we don't known how to import it. Exception was: ptolemy.kernel.util.NameDuplicationException: Attempt to insert object named "Utilities" into container named ".library", which already contains an object with that name.
TransformationEditor: Ignoring clone of .Directors beause we don't known how to import it. Exception was: ptolemy.kernel.util.NameDuplicationException: Attempt to insert object named "Directors" into container named ".library", which already contains an object with that name.
TransformationEditor: Ignoring clone of .Actors beause we don't known how to import it. Exception was: ptolemy.kernel.util.NameDuplicationException: Attempt to insert object named "Actors" into container named ".library", which already contains an object with that name.
TransformationEditor: Ignoring clone of .MoreLibraries beause we don't known how to import it. Exception was: ptolemy.kernel.util.NameDuplicationException: Attempt to insert object named "MoreLibraries" into container named ".library", which already contains an object with that name.
TransformationEditor: Ignoring clone of .Utilities beause we don't known how to import it. Exception was: ptolemy.kernel.util.NameDuplicationException: Attempt to insert object named "Utilities" into container named ".library", which already contains an object with that name.
TransformationEditor: Ignoring clone of .Directors beause we don't known how to import it. Exception was: ptolemy.kernel.util.NameDuplicationException: Attempt to insert object named "Directors" into container named ".library", which already contains an object with that name.
TransformationEditor: Ignoring clone of .Actors beause we don't known how to import it. Exception was: ptolemy.kernel.util.NameDuplicationException: Attempt to insert object named "Actors" into container named ".library", which already contains an object with that name.
TransformationEditor: Ignoring clone of .MoreLibraries beause we don't known how to import it. Exception was: ptolemy.kernel.util.NameDuplicationException: Attempt to insert object named "MoreLibraries" into container named ".library", which already contains an object with that name.
TransformationEditor: Ignoring clone of .Utilities beause we don't known how to import it. Exception was: ptolemy.kernel.util.NameDuplicationException: Attempt to insert object named "Utilities" into container named ".library", which already contains an object with that name.
TransformationEditor: Ignoring clone of .Directors beause we don't known how to import it. Exception was: ptolemy.kernel.util.NameDuplicationException: Attempt to insert object named "Directors" into container named ".library", which already contains an object with that name.
TransformationEditor: Ignoring clone of .Actors beause we don't known how to import it. Exception was: ptolemy.kernel.util.NameDuplicationException: Attempt to insert object named "Actors" into container named ".library", which already contains an object with that name.
TransformationEditor: Ignoring clone of .MoreLibraries beause we don't known how to import it. Exception was: ptolemy.kernel.util.NameDuplicationException: Attempt to insert object named "MoreLibraries" into container named ".library", which already contains an object with that name.
TransformationEditor: Ignoring clone of .Utilities beause we don't known how to import it. Exception was: ptolemy.kernel.util.NameDuplicationException: Attempt to insert object named "Utilities" into container named ".library", which already contains an object with that name.
TransformationEditor: Ignoring clone of .Directors beause we don't known how to import it. Exception was: ptolemy.kernel.util.NameDuplicationException: Attempt to insert object named "Directors" into container named ".library", which already contains an object with that name.
TransformationEditor: Ignoring clone of .Actors beause we don't known how to import it. Exception was: ptolemy.kernel.util.NameDuplicationException: Attempt to insert object named "Actors" into container named ".library", which already contains an object with that name.
TransformationEditor: Ignoring clone of .MoreLibraries beause we don't known how to import it. Exception was: ptolemy.kernel.util.NameDuplicationException: Attempt to insert object named "MoreLibraries" into container named ".library", which already contains an object with that name.
TransformationEditor: Ignoring clone of .Utilities beause we don't known how to import it. Exception was: ptolemy.kernel.util.NameDuplicationException: Attempt to insert object named "Utilities" into container named ".library", which already contains an object with that name.
TransformationEditor: Ignoring clone of .Directors beause we don't known how to import it. Exception was: ptolemy.kernel.util.NameDuplicationException: Attempt to insert object named "Directors" into container named ".library", which already contains an object with that name.
TransformationEditor: Ignoring clone of .Actors beause we don't known how to import it. Exception was: ptolemy.kernel.util.NameDuplicationException: Attempt to insert object named "Actors" into container named ".library", which already contains an object with that name.
TransformationEditor: Ignoring clone of .MoreLibraries beause we don't known how to import it. Exception was: ptolemy.kernel.util.NameDuplicationException: Attempt to insert object named "MoreLibraries" into container named ".library", which already contains an object with that name.
TransformationEditor: Ignoring clone of .Utilities beause we don't known how to import it. Exception was: ptolemy.kernel.util.NameDuplicationException: Attempt to insert object named "Utilities" into container named ".library", which already contains an object with that name.
TransformationEditor: Ignoring clone of .Directors beause we don't known how to import it. Exception was: ptolemy.kernel.util.NameDuplicationException: Attempt to insert object named "Directors" into container named ".library", which already contains an object with that name.
TransformationEditor: Ignoring clone of .Actors beause we don't known how to import it. Exception was: ptolemy.kernel.util.NameDuplicationException: Attempt to insert object named "Actors" into container named ".library", which already contains an object with that name.
TransformationEditor: Ignoring clone of .MoreLibraries beause we don't known how to import it. Exception was: ptolemy.kernel.util.NameDuplicationException: Attempt to insert object named "MoreLibraries" into container named ".library", which already contains an object with that name.
TransformationEditor: Ignoring clone of .Utilities beause we don't known how to import it. Exception was: ptolemy.kernel.util.NameDuplicationException: Attempt to insert object named "Utilities" into container named ".library", which already contains an object with that name.
TransformationEditor: Ignoring clone of .Directors beause we don't known how to import it. Exception was: ptolemy.kernel.util.NameDuplicationException: Attempt to insert object named "Directors" into container named ".library", which already contains an object with that name.
TransformationEditor: Ignoring clone of .Actors beause we don't known how to import it. Exception was: ptolemy.kernel.util.NameDuplicationException: Attempt to insert object named "Actors" into container named ".library", which already contains an object with that name.
TransformationEditor: Ignoring clone of .MoreLibraries beause we don't known how to import it. Exception was: ptolemy.kernel.util.NameDuplicationException: Attempt to insert object named "MoreLibraries" into container named ".library", which already contains an object with that name.
TransformationEditor: Ignoring clone of .Utilities beause we don't known how to import it. Exception was: ptolemy.kernel.util.NameDuplicationException: Attempt to insert object named "Utilities" into container named ".library", which already contains an object with that name.
TransformationEditor: Ignoring clone of .Directors beause we don't known how to import it. Exception was: ptolemy.kernel.util.NameDuplicationException: Attempt to insert object named "Directors" into container named ".library", which already contains an object with that name.
TransformationEditor: Ignoring clone of .Actors beause we don't known how to import it. Exception was: ptolemy.kernel.util.NameDuplicationException: Attempt to insert object named "Actors" into container named ".library", which already contains an object with that name.
TransformationEditor: Ignoring clone of .MoreLibraries beause we don't known how to import it. Exception was: ptolemy.kernel.util.NameDuplicationException: Attempt to insert object named "MoreLibraries" into container named ".library", which already contains an object with that name.
TransformationEditor: Ignoring clone of .Utilities beause we don't known how to import it. Exception was: ptolemy.kernel.util.NameDuplicationException: Attempt to insert object named "Utilities" into container named ".library", which already contains an object with that name.
TransformationEditor: Ignoring clone of .Directors beause we don't known how to import it. Exception was: ptolemy.kernel.util.NameDuplicationException: Attempt to insert object named "Directors" into container named ".library", which already contains an object with that name.
TransformationEditor: Ignoring clone of .Actors beause we don't known how to import it. Exception was: ptolemy.kernel.util.NameDuplicationException: Attempt to insert object named "Actors" into container named ".library", which already contains an object with that name.
TransformationEditor: Ignoring clone of .MoreLibraries beause we don't known how to import it. Exception was: ptolemy.kernel.util.NameDuplicationException: Attempt to insert object named "MoreLibraries" into container named ".library", which already contains an object with that name.
TransformationEditor: Ignoring clone of .Utilities beause we don't known how to import it. Exception was: ptolemy.kernel.util.NameDuplicationException: Attempt to insert object named "Utilities" into container named ".library", which already contains an object with that name.
TransformationEditor: Ignoring clone of .Directors beause we don't known how to import it. Exception was: ptolemy.kernel.util.NameDuplicationException: Attempt to insert object named "Directors" into container named ".library", which already contains an object with that name.
TransformationEditor: Ignoring clone of .Actors beause we don't known how to import it. Exception was: ptolemy.kernel.util.NameDuplicationException: Attempt to insert object named "Actors" into container named ".library", which already contains an object with that name.
TransformationEditor: Ignoring clone of .MoreLibraries beause we don't known how to import it. Exception was: ptolemy.kernel.util.NameDuplicationException: Attempt to insert object named "MoreLibraries" into container named ".library", which already contains an object with that name.
TransformationEditor: Ignoring clone of .Utilities beause we don't known how to import it. Exception was: ptolemy.kernel.util.NameDuplicationException: Attempt to insert object named "Utilities" into container named ".library", which already contains an object with that name.
TransformationEditor: Ignoring clone of .Directors beause we don't known how to import it. Exception was: ptolemy.kernel.util.NameDuplicationException: Attempt to insert object named "Directors" into container named ".library", which already contains an object with that name.
TransformationEditor: Ignoring clone of .Actors beause we don't known how to import it. Exception was: ptolemy.kernel.util.NameDuplicationException: Attempt to insert object named "Actors" into container named ".library", which already contains an object with that name.
TransformationEditor: Ignoring clone of .MoreLibraries beause we don't known how to import it. Exception was: ptolemy.kernel.util.NameDuplicationException: Attempt to insert object named "MoreLibraries" into container named ".library", which already contains an object with that name.
TransformationEditor: Ignoring clone of .Utilities beause we don't known how to import it. Exception was: ptolemy.kernel.util.NameDuplicationException: Attempt to insert object named "Utilities" into container named ".library", which already contains an object with that name.
TransformationEditor: Ignoring clone of .Directors beause we don't known how to import it. Exception was: ptolemy.kernel.util.NameDuplicationException: Attempt to insert object named "Directors" into container named ".library", which already contains an object with that name.
TransformationEditor: Ignoring clone of .Actors beause we don't known how to import it. Exception was: ptolemy.kernel.util.NameDuplicationException: Attempt to insert object named "Actors" into container named ".library", which already contains an object with that name.
TransformationEditor: Ignoring clone of .MoreLibraries beause we don't known how to import it. Exception was: ptolemy.kernel.util.NameDuplicationException: Attempt to insert object named "MoreLibraries" into container named ".library", which already contains an object with that name.
TransformationEditor: Ignoring clone of .Utilities beause we don't known how to import it. Exception was: ptolemy.kernel.util.NameDuplicationException: Attempt to insert object named "Utilities" into container named ".library", which already contains an object with that name.
TransformationEditor: Ignoring clone of .Directors beause we don't known how to import it. Exception was: ptolemy.kernel.util.NameDuplicationException: Attempt to insert object named "Directors" into container named ".library", which already contains an object with that name.
TransformationEditor: Ignoring clone of .Actors beause we don't known how to import it. Exception was: ptolemy.kernel.util.NameDuplicationException: Attempt to insert object named "Actors" into container named ".library", which already contains an object with that name.
TransformationEditor: Ignoring clone of .MoreLibraries beause we don't known how to import it. Exception was: ptolemy.kernel.util.NameDuplicationException: Attempt to insert object named "MoreLibraries" into container named ".library", which already contains an object with that name.
TransformationEditor: Ignoring clone of .Utilities beause we don't known how to import it. Exception was: ptolemy.kernel.util.NameDuplicationException: Attempt to insert object named "Utilities" into container named ".library", which already contains an object with that name.
TransformationEditor: Ignoring clone of .Directors beause we don't known how to import it. Exception was: ptolemy.kernel.util.NameDuplicationException: Attempt to insert object named "Directors" into container named ".library", which already contains an object with that name.
TransformationEditor: Ignoring clone of .Actors beause we don't known how to import it. Exception was: ptolemy.kernel.util.NameDuplicationException: Attempt to insert object named "Actors" into container named ".library", which already contains an object with that name.
TransformationEditor: Ignoring clone of .MoreLibraries beause we don't known how to import it. Exception was: ptolemy.kernel.util.NameDuplicationException: Attempt to insert object named "MoreLibraries" into container named ".library", which already contains an object with that name.
TransformationEditor: Ignoring clone of .Utilities beause we don't known how to import it. Exception was: ptolemy.kernel.util.NameDuplicationException: Attempt to insert object named "Utilities" into container named ".library", which already contains an object with that name.
TransformationEditor: Ignoring clone of .Directors beause we don't known how to import it. Exception was: ptolemy.kernel.util.NameDuplicationException: Attempt to insert object named "Directors" into container named ".library", which already contains an object with that name.
TransformationEditor: Ignoring clone of .Actors beause we don't known how to import it. Exception was: ptolemy.kernel.util.NameDuplicationException: Attempt to insert object named "Actors" into container named ".library", which already contains an object with that name.
TransformationEditor: Ignoring clone of .MoreLibraries beause we don't known how to import it. Exception was: ptolemy.kernel.util.NameDuplicationException: Attempt to insert object named "MoreLibraries" into container named ".library", which already contains an object with that name.
TransformationEditor: Ignoring clone of .Utilities beause we don't known how to import it. Exception was: ptolemy.kernel.util.NameDuplicationException: Attempt to insert object named "Utilities" into container named ".library", which already contains an object with that name.
TransformationEditor: Ignoring clone of .Directors beause we don't known how to import it. Exception was: ptolemy.kernel.util.NameDuplicationException: Attempt to insert object named "Directors" into container named ".library", which already contains an object with that name.
TransformationEditor: Ignoring clone of .Actors beause we don't known how to import it. Exception was: ptolemy.kernel.util.NameDuplicationException: Attempt to insert object named "Actors" into container named ".library", which already contains an object with that name.
TransformationEditor: Ignoring clone of .MoreLibraries beause we don't known how to import it. Exception was: ptolemy.kernel.util.NameDuplicationException: Attempt to insert object named "MoreLibraries" into container named ".library", which already contains an object with that name.
TransformationEditor: Ignoring clone of .Utilities beause we don't known how to import it. Exception was: ptolemy.kernel.util.NameDuplicationException: Attempt to insert object named "Utilities" into container named ".library", which already contains an object with that name.
TransformationEditor: Ignoring clone of .Directors beause we don't known how to import it. Exception was: ptolemy.kernel.util.NameDuplicationException: Attempt to insert object named "Directors" into container named ".library", which already contains an object with that name.
TransformationEditor: Ignoring clone of .Actors beause we don't known how to import it. Exception was: ptolemy.kernel.util.NameDuplicationException: Attempt to insert object named "Actors" into container named ".library", which already contains an object with that name.
TransformationEditor: Ignoring clone of .MoreLibraries beause we don't known how to import it. Exception was: ptolemy.kernel.util.NameDuplicationException: Attempt to insert object named "MoreLibraries" into container named ".library", which already contains an object with that name.
TransformationEditor: Ignoring clone of .Utilities beause we don't known how to import it. Exception was: ptolemy.kernel.util.NameDuplicationException: Attempt to insert object named "Utilities" into container named ".library", which already contains an object with that name.
TransformationEditor: Ignoring clone of .Directors beause we don't known how to import it. Exception was: ptolemy.kernel.util.NameDuplicationException: Attempt to insert object named "Directors" into container named ".library", which already contains an object with that name.
TransformationEditor: Ignoring clone of .Actors beause we don't known how to import it. Exception was: ptolemy.kernel.util.NameDuplicationException: Attempt to insert object named "Actors" into container named ".library", which already contains an object with that name.
TransformationEditor: Ignoring clone of .MoreLibraries beause we don't known how to import it. Exception was: ptolemy.kernel.util.NameDuplicationException: Attempt to insert object named "MoreLibraries" into container named ".library", which already contains an object with that name.
TransformationEditor: Ignoring clone of .Utilities beause we don't known how to import it. Exception was: ptolemy.kernel.util.NameDuplicationException: Attempt to insert object named "Utilities" into container named ".library", which already contains an object with that name.
TransformationEditor: Ignoring clone of .Directors beause we don't known how to import it. Exception was: ptolemy.kernel.util.NameDuplicationException: Attempt to insert object named "Directors" into container named ".library", which already contains an object with that name.
TransformationEditor: Ignoring clone of .Actors beause we don't known how to import it. Exception was: ptolemy.kernel.util.NameDuplicationException: Attempt to insert object named "Actors" into container named ".library", which already contains an object with that name.
TransformationEditor: Ignoring clone of .MoreLibraries beause we don't known how to import it. Exception was: ptolemy.kernel.util.NameDuplicationException: Attempt to insert object named "MoreLibraries" into container named ".library", which already contains an object with that name.
TransformationEditor: Ignoring clone of .Utilities beause we don't known how to import it. Exception was: ptolemy.kernel.util.NameDuplicationException: Attempt to insert object named "Utilities" into container named ".library", which already contains an object with that name.
TransformationEditor: Ignoring clone of .Directors beause we don't known how to import it. Exception was: ptolemy.kernel.util.NameDuplicationException: Attempt to insert object named "Directors" into container named ".library", which already contains an object with that name.
TransformationEditor: Ignoring clone of .Actors beause we don't known how to import it. Exception was: ptolemy.kernel.util.NameDuplicationException: Attempt to insert object named "Actors" into container named ".library", which already contains an object with that name.
TransformationEditor: Ignoring clone of .MoreLibraries beause we don't known how to import it. Exception was: ptolemy.kernel.util.NameDuplicationException: Attempt to insert object named "MoreLibraries" into container named ".library", which already contains an object with that name.
TransformationEditor: Ignoring clone of .Utilities beause we don't known how to import it. Exception was: ptolemy.kernel.util.NameDuplicationException: Attempt to insert object named "Utilities" into container named ".library", which already contains an object with that name.
TransformationEditor: Ignoring clone of .Directors beause we don't known how to import it. Exception was: ptolemy.kernel.util.NameDuplicationException: Attempt to insert object named "Directors" into container named ".library", which already contains an object with that name.
TransformationEditor: Ignoring clone of .Actors beause we don't known how to import it. Exception was: ptolemy.kernel.util.NameDuplicationException: Attempt to insert object named "Actors" into container named ".library", which already contains an object with that name.
TransformationEditor: Ignoring clone of .MoreLibraries beause we don't known how to import it. Exception was: ptolemy.kernel.util.NameDuplicationException: Attempt to insert object named "MoreLibraries" into container named ".library", which already contains an object with that name.
TransformationEditor: Ignoring clone of .Utilities beause we don't known how to import it. Exception was: ptolemy.kernel.util.NameDuplicationException: Attempt to insert object named "Utilities" into container named ".library", which already contains an object with that name.
TransformationEditor: Ignoring clone of .Directors beause we don't known how to import it. Exception was: ptolemy.kernel.util.NameDuplicationException: Attempt to insert object named "Directors" into container named ".library", which already contains an object with that name.
TransformationEditor: Ignoring clone of .Actors beause we don't known how to import it. Exception was: ptolemy.kernel.util.NameDuplicationException: Attempt to insert object named "Actors" into container named ".library", which already contains an object with that name.
TransformationEditor: Ignoring clone of .MoreLibraries beause we don't known how to import it. Exception was: ptolemy.kernel.util.NameDuplicationException: Attempt to insert object named "MoreLibraries" into container named ".library", which already contains an object with that name.
TransformationEditor: Ignoring clone of .Utilities beause we don't known how to import it. Exception was: ptolemy.kernel.util.NameDuplicationException: Attempt to insert object named "Utilities" into container named ".library", which already contains an object with that name.
TransformationEditor: Ignoring clone of .Directors beause we don't known how to import it. Exception was: ptolemy.kernel.util.NameDuplicationException: Attempt to insert object named "Directors" into container named ".library", which already contains an object with that name.
TransformationEditor: Ignoring clone of .Actors beause we don't known how to import it. Exception was: ptolemy.kernel.util.NameDuplicationException: Attempt to insert object named "Actors" into container named ".library", which already contains an object with that name.
TransformationEditor: Ignoring clone of .MoreLibraries beause we don't known how to import it. Exception was: ptolemy.kernel.util.NameDuplicationException: Attempt to insert object named "MoreLibraries" into container named ".library", which already contains an object with that name.
TransformationEditor: Ignoring clone of .Utilities beause we don't known how to import it. Exception was: ptolemy.kernel.util.NameDuplicationException: Attempt to insert object named "Utilities" into container named ".library", which already contains an object with that name.
TransformationEditor: Ignoring clone of .Directors beause we don't known how to import it. Exception was: ptolemy.kernel.util.NameDuplicationException: Attempt to insert object named "Directors" into container named ".library", which already contains an object with that name.
TransformationEditor: Ignoring clone of .Actors beause we don't known how to import it. Exception was: ptolemy.kernel.util.NameDuplicationException: Attempt to insert object named "Actors" into container named ".library", which already contains an object with that name.
TransformationEditor: Ignoring clone of .MoreLibraries beause we don't known how to import it. Exception was: ptolemy.kernel.util.NameDuplicationException: Attempt to insert object named "MoreLibraries" into container named ".library", which already contains an object with that name.
TransformationEditor: Ignoring clone of .Utilities beause we don't known how to import it. Exception was: ptolemy.kernel.util.NameDuplicationException: Attempt to insert object named "Utilities" into container named ".library", which already contains an object with that name.
TransformationEditor: Ignoring clone of .Directors beause we don't known how to import it. Exception was: ptolemy.kernel.util.NameDuplicationException: Attempt to insert object named "Directors" into container named ".library", which already contains an object with that name.
TransformationEditor: Ignoring clone of .Actors beause we don't known how to import it. Exception was: ptolemy.kernel.util.NameDuplicationException: Attempt to insert object named "Actors" into container named ".library", which already contains an object with that name.
TransformationEditor: Ignoring clone of .MoreLibraries beause we don't known how to import it. Exception was: ptolemy.kernel.util.NameDuplicationException: Attempt to insert object named "MoreLibraries" into container named ".library", which already contains an object with that name.
TransformationEditor: Ignoring clone of .Utilities beause we don't known how to import it. Exception was: ptolemy.kernel.util.NameDuplicationException: Attempt to insert object named "Utilities" into container named ".library", which already contains an object with that name.
TransformationEditor: Ignoring clone of .Directors beause we don't known how to import it. Exception was: ptolemy.kernel.util.NameDuplicationException: Attempt to insert object named "Directors" into container named ".library", which already contains an object with that name.
TransformationEditor: Ignoring clone of .Actors beause we don't known how to import it. Exception was: ptolemy.kernel.util.NameDuplicationException: Attempt to insert object named "Actors" into container named ".library", which already contains an object with that name.
TransformationEditor: Ignoring clone of .MoreLibraries beause we don't known how to import it. Exception was: ptolemy.kernel.util.NameDuplicationException: Attempt to insert object named "MoreLibraries" into container named ".library", which already contains an object with that name.
TransformationEditor: Ignoring clone of .Utilities beause we don't known how to import it. Exception was: ptolemy.kernel.util.NameDuplicationException: Attempt to insert object named "Utilities" into container named ".library", which already contains an object with that name.
TransformationEditor: Ignoring clone of .Directors beause we don't known how to import it. Exception was: ptolemy.kernel.util.NameDuplicationException: Attempt to insert object named "Directors" into container named ".library", which already contains an object with that name.
TransformationEditor: Ignoring clone of .Actors beause we don't known how to import it. Exception was: ptolemy.kernel.util.NameDuplicationException: Attempt to insert object named "Actors" into container named ".library", which already contains an object with that name.
TransformationEditor: Ignoring clone of .MoreLibraries beause we don't known how to import it. Exception was: ptolemy.kernel.util.NameDuplicationException: Attempt to insert object named "MoreLibraries" into container named ".library", which already contains an object with that name.
TransformationEditor: Ignoring clone of .Utilities beause we don't known how to import it. Exception was: ptolemy.kernel.util.NameDuplicationException: Attempt to insert object named "Utilities" into container named ".library", which already contains an object with that name.
TransformationEditor: Ignoring clone of .Directors beause we don't known how to import it. Exception was: ptolemy.kernel.util.NameDuplicationException: Attempt to insert object named "Directors" into container named ".library", which already contains an object with that name.
TransformationEditor: Ignoring clone of .Actors beause we don't known how to import it. Exception was: ptolemy.kernel.util.NameDuplicationException: Attempt to insert object named "Actors" into container named ".library", which already contains an object with that name.
TransformationEditor: Ignoring clone of .MoreLibraries beause we don't known how to import it. Exception was: ptolemy.kernel.util.NameDuplicationException: Attempt to insert object named "MoreLibraries" into container named ".library", which already contains an object with that name.
TransformationEditor: Ignoring clone of .Utilities beause we don't known how to import it. Exception was: ptolemy.kernel.util.NameDuplicationException: Attempt to insert object named "Utilities" into container named ".library", which already contains an object with that name.
TransformationEditor: Ignoring clone of .Directors beause we don't known how to import it. Exception was: ptolemy.kernel.util.NameDuplicationException: Attempt to insert object named "Directors" into container named ".library", which already contains an object with that name.
TransformationEditor: Ignoring clone of .Actors beause we don't known how to import it. Exception was: ptolemy.kernel.util.NameDuplicationException: Attempt to insert object named "Actors" into container named ".library", which already contains an object with that name.
TransformationEditor: Ignoring clone of .MoreLibraries beause we don't known how to import it. Exception was: ptolemy.kernel.util.NameDuplicationException: Attempt to insert object named "MoreLibraries" into container named ".library", which already contains an object with that name.
TransformationEditor: Ignoring clone of .Utilities beause we don't known how to import it. Exception was: ptolemy.kernel.util.NameDuplicationException: Attempt to insert object named "Utilities" into container named ".library", which already contains an object with that name.
TransformationEditor: Ignoring clone of .Directors beause we don't known how to import it. Exception was: ptolemy.kernel.util.NameDuplicationException: Attempt to insert object named "Directors" into container named ".library", which already contains an object with that name.
TransformationEditor: Ignoring clone of .Actors beause we don't known how to import it. Exception was: ptolemy.kernel.util.NameDuplicationException: Attempt to insert object named "Actors" into container named ".library", which already contains an object with that name.
TransformationEditor: Ignoring clone of .MoreLibraries beause we don't known how to import it. Exception was: ptolemy.kernel.util.NameDuplicationException: Attempt to insert object named "MoreLibraries" into container named ".library", which already contains an object with that name.
TransformationEditor: Ignoring clone of .Utilities beause we don't known how to import it. Exception was: ptolemy.kernel.util.NameDuplicationException: Attempt to insert object named "Utilities" into container named ".library", which already contains an object with that name.
TransformationEditor: Ignoring clone of .Directors beause we don't known how to import it. Exception was: ptolemy.kernel.util.NameDuplicationException: Attempt to insert object named "Directors" into container named ".library", which already contains an object with that name.
TransformationEditor: Ignoring clone of .Actors beause we don't known how to import it. Exception was: ptolemy.kernel.util.NameDuplicationException: Attempt to insert object named "Actors" into container named ".library", which already contains an object with that name.
TransformationEditor: Ignoring clone of .MoreLibraries beause we don't known how to import it. Exception was: ptolemy.kernel.util.NameDuplicationException: Attempt to insert object named "MoreLibraries" into container named ".library", which already contains an object with that name.
TransformationEditor: Ignoring clone of .Utilities beause we don't known how to import it. Exception was: ptolemy.kernel.util.NameDuplicationException: Attempt to insert object named "Utilities" into container named ".library", which already contains an object with that name.
TransformationEditor: Ignoring clone of .Directors beause we don't known how to import it. Exception was: ptolemy.kernel.util.NameDuplicationException: Attempt to insert object named "Directors" into container named ".library", which already contains an object with that name.
TransformationEditor: Ignoring clone of .Actors beause we don't known how to import it. Exception was: ptolemy.kernel.util.NameDuplicationException: Attempt to insert object named "Actors" into container named ".library", which already contains an object with that name.
TransformationEditor: Ignoring clone of .MoreLibraries beause we don't known how to import it. Exception was: ptolemy.kernel.util.NameDuplicationException: Attempt to insert object named "MoreLibraries" into container named ".library", which already contains an object with that name.
TransformationEditor: Ignoring clone of .Utilities beause we don't known how to import it. Exception was: ptolemy.kernel.util.NameDuplicationException: Attempt to insert object named "Utilities" into container named ".library", which already contains an object with that name.
TransformationEditor: Ignoring clone of .Directors beause we don't known how to import it. Exception was: ptolemy.kernel.util.NameDuplicationException: Attempt to insert object named "Directors" into container named ".library", which already contains an object with that name.
TransformationEditor: Ignoring clone of .Actors beause we don't known how to import it. Exception was: ptolemy.kernel.util.NameDuplicationException: Attempt to insert object named "Actors" into container named ".library", which already contains an object with that name.
TransformationEditor: Ignoring clone of .MoreLibraries beause we don't known how to import it. Exception was: ptolemy.kernel.util.NameDuplicationException: Attempt to insert object named "MoreLibraries" into container named ".library", which already contains an object with that name.
TransformationEditor: Ignoring clone of .Utilities beause we don't known how to import it. Exception was: ptolemy.kernel.util.NameDuplicationException: Attempt to insert object named "Utilities" into container named ".library", which already contains an object with that name.
TransformationEditor: Ignoring clone of .Directors beause we don't known how to import it. Exception was: ptolemy.kernel.util.NameDuplicationException: Attempt to insert object named "Directors" into container named ".library", which already contains an object with that name.
TransformationEditor: Ignoring clone of .Actors beause we don't known how to import it. Exception was: ptolemy.kernel.util.NameDuplicationException: Attempt to insert object named "Actors" into container named ".library", which already contains an object with that name.
TransformationEditor: Ignoring clone of .MoreLibraries beause we don't known how to import it. Exception was: ptolemy.kernel.util.NameDuplicationException: Attempt to insert object named "MoreLibraries" into container named ".library", which already contains an object with that name.
TransformationEditor: Ignoring clone of .Utilities beause we don't known how to import it. Exception was: ptolemy.kernel.util.NameDuplicationException: Attempt to insert object named "Utilities" into container named ".library", which already contains an object with that name.
TransformationEditor: Ignoring clone of .Directors beause we don't known how to import it. Exception was: ptolemy.kernel.util.NameDuplicationException: Attempt to insert object named "Directors" into container named ".library", which already contains an object with that name.
TransformationEditor: Ignoring clone of .Actors beause we don't known how to import it. Exception was: ptolemy.kernel.util.NameDuplicationException: Attempt to insert object named "Actors" into container named ".library", which already contains an object with that name.
TransformationEditor: Ignoring clone of .MoreLibraries beause we don't known how to import it. Exception was: ptolemy.kernel.util.NameDuplicationException: Attempt to insert object named "MoreLibraries" into container named ".library", which already contains an object with that name.
TransformationEditor: Ignoring clone of .Utilities beause we don't known how to import it. Exception was: ptolemy.kernel.util.NameDuplicationException: Attempt to insert object named "Utilities" into container named ".library", which already contains an object with that name.
TransformationEditor: Ignoring clone of .Directors beause we don't known how to import it. Exception was: ptolemy.kernel.util.NameDuplicationException: Attempt to insert object named "Directors" into container named ".library", which already contains an object with that name.
TransformationEditor: Ignoring clone of .Actors beause we don't known how to import it. Exception was: ptolemy.kernel.util.NameDuplicationException: Attempt to insert object named "Actors" into container named ".library", which already contains an object with that name.
TransformationEditor: Ignoring clone of .MoreLibraries beause we don't known how to import it. Exception was: ptolemy.kernel.util.NameDuplicationException: Attempt to insert object named "MoreLibraries" into container named ".library", which already contains an object with that name.
TransformationEditor: Ignoring clone of .Utilities beause we don't known how to import it. Exception was: ptolemy.kernel.util.NameDuplicationException: Attempt to insert object named "Utilities" into container named ".library", which already contains an object with that name.
TransformationEditor: Ignoring clone of .Directors beause we don't known how to import it. Exception was: ptolemy.kernel.util.NameDuplicationException: Attempt to insert object named "Directors" into container named ".library", which already contains an object with that name.
TransformationEditor: Ignoring clone of .Actors beause we don't known how to import it. Exception was: ptolemy.kernel.util.NameDuplicationException: Attempt to insert object named "Actors" into container named ".library", which already contains an object with that name.
TransformationEditor: Ignoring clone of .MoreLibraries beause we don't known how to import it. Exception was: ptolemy.kernel.util.NameDuplicationException: Attempt to insert object named "MoreLibraries" into container named ".library", which already contains an object with that name.
TransformationEditor: Ignoring clone of .Utilities beause we don't known how to import it. Exception was: ptolemy.kernel.util.NameDuplicationException: Attempt to insert object named "Utilities" into container named ".library", which already contains an object with that name.
TransformationEditor: Ignoring clone of .Directors beause we don't known how to import it. Exception was: ptolemy.kernel.util.NameDuplicationException: Attempt to insert object named "Directors" into container named ".library", which already contains an object with that name.
TransformationEditor: Ignoring clone of .Actors beause we don't known how to import it. Exception was: ptolemy.kernel.util.NameDuplicationException: Attempt to insert object named "Actors" into container named ".library", which already contains an object with that name.
TransformationEditor: Ignoring clone of .MoreLibraries beause we don't known how to import it. Exception was: ptolemy.kernel.util.NameDuplicationException: Attempt to insert object named "MoreLibraries" into container named ".library", which already contains an object with that name.
TransformationEditor: Ignoring clone of .Utilities beause we don't known how to import it. Exception was: ptolemy.kernel.util.NameDuplicationException: Attempt to insert object named "Utilities" into container named ".library", which already contains an object with that name.
TransformationEditor: Ignoring clone of .Directors beause we don't known how to import it. Exception was: ptolemy.kernel.util.NameDuplicationException: Attempt to insert object named "Directors" into container named ".library", which already contains an object with that name.
TransformationEditor: Ignoring clone of .Actors beause we don't known how to import it. Exception was: ptolemy.kernel.util.NameDuplicationException: Attempt to insert object named "Actors" into container named ".library", which already contains an object with that name.
TransformationEditor: Ignoring clone of .MoreLibraries beause we don't known how to import it. Exception was: ptolemy.kernel.util.NameDuplicationException: Attempt to insert object named "MoreLibraries" into container named ".library", which already contains an object with that name.
TransformationEditor: Ignoring clone of .Utilities beause we don't known how to import it. Exception was: ptolemy.kernel.util.NameDuplicationException: Attempt to insert object named "Utilities" into container named ".library", which already contains an object with that name.
TransformationEditor: Ignoring clone of .Directors beause we don't known how to import it. Exception was: ptolemy.kernel.util.NameDuplicationException: Attempt to insert object named "Directors" into container named ".library", which already contains an object with that name.
TransformationEditor: Ignoring clone of .Actors beause we don't known how to import it. Exception was: ptolemy.kernel.util.NameDuplicationException: Attempt to insert object named "Actors" into container named ".library", which already contains an object with that name.
TransformationEditor: Ignoring clone of .MoreLibraries beause we don't known how to import it. Exception was: ptolemy.kernel.util.NameDuplicationException: Attempt to insert object named "MoreLibraries" into container named ".library", which already contains an object with that name.
TransformationEditor: Ignoring clone of .Utilities beause we don't known how to import it. Exception was: ptolemy.kernel.util.NameDuplicationException: Attempt to insert object named "Utilities" into container named ".library", which already contains an object with that name.
TransformationEditor: Ignoring clone of .Directors beause we don't known how to import it. Exception was: ptolemy.kernel.util.NameDuplicationException: Attempt to insert object named "Directors" into container named ".library", which already contains an object with that name.
TransformationEditor: Ignoring clone of .Actors beause we don't known how to import it. Exception was: ptolemy.kernel.util.NameDuplicationException: Attempt to insert object named "Actors" into container named ".library", which already contains an object with that name.
TransformationEditor: Ignoring clone of .MoreLibraries beause we don't known how to import it. Exception was: ptolemy.kernel.util.NameDuplicationException: Attempt to insert object named "MoreLibraries" into container named ".library", which already contains an object with that name.
TransformationEditor: Ignoring clone of .Utilities beause we don't known how to import it. Exception was: ptolemy.kernel.util.NameDuplicationException: Attempt to insert object named "Utilities" into container named ".library", which already contains an object with that name.
TransformationEditor: Ignoring clone of .Directors beause we don't known how to import it. Exception was: ptolemy.kernel.util.NameDuplicationException: Attempt to insert object named "Directors" into container named ".library", which already contains an object with that name.
TransformationEditor: Ignoring clone of .Actors beause we don't known how to import it. Exception was: ptolemy.kernel.util.NameDuplicationException: Attempt to insert object named "Actors" into container named ".library", which already contains an object with that name.
TransformationEditor: Ignoring clone of .MoreLibraries beause we don't known how to import it. Exception was: ptolemy.kernel.util.NameDuplicationException: Attempt to insert object named "MoreLibraries" into container named ".library", which already contains an object with that name.
TransformationEditor: Ignoring clone of .Utilities beause we don't known how to import it. Exception was: ptolemy.kernel.util.NameDuplicationException: Attempt to insert object named "Utilities" into container named ".library", which already contains an object with that name.
TransformationEditor: Ignoring clone of .Directors beause we don't known how to import it. Exception was: ptolemy.kernel.util.NameDuplicationException: Attempt to insert object named "Directors" into container named ".library", which already contains an object with that name.
TransformationEditor: Ignoring clone of .Actors beause we don't known how to import it. Exception was: ptolemy.kernel.util.NameDuplicationException: Attempt to insert object named "Actors" into container named ".library", which already contains an object with that name.
TransformationEditor: Ignoring clone of .MoreLibraries beause we don't known how to import it. Exception was: ptolemy.kernel.util.NameDuplicationException: Attempt to insert object named "MoreLibraries" into container named ".library", which already contains an object with that name.
TransformationEditor: Ignoring clone of .Utilities beause we don't known how to import it. Exception was: ptolemy.kernel.util.NameDuplicationException: Attempt to insert object named "Utilities" into container named ".library", which already contains an object with that name.
TransformationEditor: Ignoring clone of .Directors beause we don't known how to import it. Exception was: ptolemy.kernel.util.NameDuplicationException: Attempt to insert object named "Directors" into container named ".library", which already contains an object with that name.
TransformationEditor: Ignoring clone of .Actors beause we don't known how to import it. Exception was: ptolemy.kernel.util.NameDuplicationException: Attempt to insert object named "Actors" into container named ".library", which already contains an object with that name.
TransformationEditor: Ignoring clone of .MoreLibraries beause we don't known how to import it. Exception was: ptolemy.kernel.util.NameDuplicationException: Attempt to insert object named "MoreLibraries" into container named ".library", which already contains an object with that name.
TransformationEditor: Ignoring clone of .Utilities beause we don't known how to import it. Exception was: ptolemy.kernel.util.NameDuplicationException: Attempt to insert object named "Utilities" into container named ".library", which already contains an object with that name.
TransformationEditor: Ignoring clone of .Directors beause we don't known how to import it. Exception was: ptolemy.kernel.util.NameDuplicationException: Attempt to insert object named "Directors" into container named ".library", which already contains an object with that name.
TransformationEditor: Ignoring clone of .Actors beause we don't known how to import it. Exception was: ptolemy.kernel.util.NameDuplicationException: Attempt to insert object named "Actors" into container named ".library", which already contains an object with that name.
TransformationEditor: Ignoring clone of .MoreLibraries beause we don't known how to import it. Exception was: ptolemy.kernel.util.NameDuplicationException: Attempt to insert object named "MoreLibraries" into container named ".library", which already contains an object with that name.
TransformationEditor: Ignoring clone of .Utilities beause we don't known how to import it. Exception was: ptolemy.kernel.util.NameDuplicationException: Attempt to insert object named "Utilities" into container named ".library", which already contains an object with that name.
TransformationEditor: Ignoring clone of .Directors beause we don't known how to import it. Exception was: ptolemy.kernel.util.NameDuplicationException: Attempt to insert object named "Directors" into container named ".library", which already contains an object with that name.
TransformationEditor: Ignoring clone of .Actors beause we don't known how to import it. Exception was: ptolemy.kernel.util.NameDuplicationException: Attempt to insert object named "Actors" into container named ".library", which already contains an object with that name.
TransformationEditor: Ignoring clone of .MoreLibraries beause we don't known how to import it. Exception was: ptolemy.kernel.util.NameDuplicationException: Attempt to insert object named "MoreLibraries" into container named ".library", which already contains an object with that name.
TransformationEditor: Ignoring clone of .Utilities beause we don't known how to import it. Exception was: ptolemy.kernel.util.NameDuplicationException: Attempt to insert object named "Utilities" into container named ".library", which already contains an object with that name.
TransformationEditor: Ignoring clone of .Directors beause we don't known how to import it. Exception was: ptolemy.kernel.util.NameDuplicationException: Attempt to insert object named "Directors" into container named ".library", which already contains an object with that name.
TransformationEditor: Ignoring clone of .Actors beause we don't known how to import it. Exception was: ptolemy.kernel.util.NameDuplicationException: Attempt to insert object named "Actors" into container named ".library", which already contains an object with that name.
TransformationEditor: Ignoring clone of .MoreLibraries beause we don't known how to import it. Exception was: ptolemy.kernel.util.NameDuplicationException: Attempt to insert object named "MoreLibraries" into container named ".library", which already contains an object with that name.
TransformationEditor: Ignoring clone of .Utilities beause we don't known how to import it. Exception was: ptolemy.kernel.util.NameDuplicationException: Attempt to insert object named "Utilities" into container named ".library", which already contains an object with that name.
TransformationEditor: Ignoring clone of .Directors beause we don't known how to import it. Exception was: ptolemy.kernel.util.NameDuplicationException: Attempt to insert object named "Directors" into container named ".library", which already contains an object with that name.
TransformationEditor: Ignoring clone of .Actors beause we don't known how to import it. Exception was: ptolemy.kernel.util.NameDuplicationException: Attempt to insert object named "Actors" into container named ".library", which already contains an object with that name.
TransformationEditor: Ignoring clone of .MoreLibraries beause we don't known how to import it. Exception was: ptolemy.kernel.util.NameDuplicationException: Attempt to insert object named "MoreLibraries" into container named ".library", which already contains an object with that name.
TransformationEditor: Ignoring clone of .Utilities beause we don't known how to import it. Exception was: ptolemy.kernel.util.NameDuplicationException: Attempt to insert object named "Utilities" into container named ".library", which already contains an object with that name.
TransformationEditor: Ignoring clone of .Directors beause we don't known how to import it. Exception was: ptolemy.kernel.util.NameDuplicationException: Attempt to insert object named "Directors" into container named ".library", which already contains an object with that name.
TransformationEditor: Ignoring clone of .Actors beause we don't known how to import it. Exception was: ptolemy.kernel.util.NameDuplicationException: Attempt to insert object named "Actors" into container named ".library", which already contains an object with that name.
TransformationEditor: Ignoring clone of .MoreLibraries beause we don't known how to import it. Exception was: ptolemy.kernel.util.NameDuplicationException: Attempt to insert object named "MoreLibraries" into container named ".library", which already contains an object with that name.
TransformationEditor: Ignoring clone of .Utilities beause we don't known how to import it. Exception was: ptolemy.kernel.util.NameDuplicationException: Attempt to insert object named "Utilities" into container named ".library", which already contains an object with that name.
TransformationEditor: Ignoring clone of .Directors beause we don't known how to import it. Exception was: ptolemy.kernel.util.NameDuplicationException: Attempt to insert object named "Directors" into container named ".library", which already contains an object with that name.
TransformationEditor: Ignoring clone of .Actors beause we don't known how to import it. Exception was: ptolemy.kernel.util.NameDuplicationException: Attempt to insert object named "Actors" into container named ".library", which already contains an object with that name.
TransformationEditor: Ignoring clone of .MoreLibraries beause we don't known how to import it. Exception was: ptolemy.kernel.util.NameDuplicationException: Attempt to insert object named "MoreLibraries" into container named ".library", which already contains an object with that name.
TransformationEditor: Ignoring clone of .Utilities beause we don't known how to import it. Exception was: ptolemy.kernel.util.NameDuplicationException: Attempt to insert object named "Utilities" into container named ".library", which already contains an object with that name.
TransformationEditor: Ignoring clone of .Directors beause we don't known how to import it. Exception was: ptolemy.kernel.util.NameDuplicationException: Attempt to insert object named "Directors" into container named ".library", which already contains an object with that name.
TransformationEditor: Ignoring clone of .Actors beause we don't known how to import it. Exception was: ptolemy.kernel.util.NameDuplicationException: Attempt to insert object named "Actors" into container named ".library", which already contains an object with that name.
TransformationEditor: Ignoring clone of .MoreLibraries beause we don't known how to import it. Exception was: ptolemy.kernel.util.NameDuplicationException: Attempt to insert object named "MoreLibraries" into container named ".library", which already contains an object with that name.
Could not find mediaLib accelerator wrapper classes. Continuing in pure Java mode.
]]></system-err>
</testsuite>
