<?xml version="1.0" encoding="UTF-8" ?>
<testsuite errors="0" failures="1" hostname="travis-job-8d9fa569-7827-44c0-aa82-7b9f96478db8" name="ptolemy.actor.lib.test.junit.JUnitTclTest" skipped="0" tests="518" time="64.282" timestamp="2018-05-10T17:34:19">
  <properties>
    <property name="npm.executable" value="npm" />
    <property name="file.encoding.pkg" value="sun.io" />
    <property name="ptII.mk.exists" value="true" />
    <property name="env.rvm_bin_path" value="/home/travis/.rvm/bin" />
    <property name="java.home" value="/usr/lib/jvm/java-8-oracle/jre" />
    <property name="env.TRAVIS_JOB_NUMBER" value="419.6" />
    <property name="env.DISPLAY" value=":99.0" />
    <property name="java.net.preferIPv4Stack" value="true" />
    <property name="env.SSH_TTY" value="/dev/pts/0" />
    <property name="env.RUN_TESTS" value="true" />
    <property name="timeout.short" value="1000000" />
    <property name="env.TRAVIS_STACK_NODE_ATTRIBUTES" value="/.node-attributes.yml" />
    <property name="junit.formatter" value="xml" />
    <property name="java.endorsed.dirs" value="/usr/lib/jvm/java-8-oracle/jre/lib/endorsed" />
    <property name="env.TRAVIS_SUDO" value="true" />
    <property name="env.LOGNAME" value="travis" />
    <property name="env.PT_TRAVIS_TEST_CORE1_XML" value="true" />
    <property name="jsdoc.home" value="node_modules/@terraswarm/jsdoc" />
    <property name="debuglevel" value="source,lines,vars" />
    <property name="checkstyle.formatter" value="xml" />
    <property name="bin.vergil.makeable" value="true" />
    <property name="env._system_version" value="14.04" />
    <property name="sun.os.patch.level" value="unknown" />
    <property name="java.vendor.url" value="http://java.oracle.com/" />
    <property name="java.version" value="1.8.0_151" />
    <property name="env.TZ" value="UTC" />
    <property name="env.PT_NO_NET" value="true" />
    <property name="env.TRAVIS_PULL_REQUEST_SHA" value="" />
    <property name="env.TRAVIS_SECURE_ENV_VARS" value="true" />
    <property name="env._system_type" value="Linux" />
    <property name="java.vendor.url.bug" value="http://bugreport.sun.com/bugreport/" />
    <property name="env.SSH_CLIENT" value="10.10.16.4 40696 22" />
    <property name="env.GEM_HOME" value="/home/travis/.rvm/gems/ruby-2.4.1" />
    <property name="env.HAS_ANTARES_THREE_LITTLE_FRONZIES_BADGE" value="true" />
    <property name="env.PS4" value="+" />
    <property name="ant.project.invoked-targets" value="build,test.core1.xml" />
    <property name="env.TRAVIS_PULL_REQUEST_BRANCH" value="" />
    <property name="env.TRAVIS_REPO_SLUG" value="icyphy/ptII" />
    <property name="node.in.path" value="true" />
    <property name="java.maxmemory" value="1400m" />
    <property name="env.RUBY_VERSION" value="ruby-2.4.1" />
    <property name="user.name" value="travis" />
    <property name="env.LANG" value="en_US.UTF-8" />
    <property name="sun.io.unicode.encoding" value="UnicodeLittle" />
    <property name="sun.jnu.encoding" value="UTF-8" />
    <property name="java.runtime.name" value="Java(TM) SE Runtime Environment" />
    <property name="usefile" value="false" />
    <property name="return.code" value="0" />
    <property name="junit.single.formatter" value="plain" />
    <property name="env.DYLD_LIBRARY_PATH" value="/home/travis/pthla/certi-tools/lib:" />
    <property name="env.DEBIAN_FRONTEND" value="noninteractive" />
    <property name="env.SSH_CONNECTION" value="10.10.16.4 40696 10.20.0.203 22" />
    <property name="env.MYSQL_UNIX_PORT" value="/var/run/mysqld/mysqld.sock" />
    <property name="env.TRAVIS_ALLOW_FAILURE" value="false" />
    <property name="env.LC_ALL" value="en_US.UTF-8" />
    <property name="java.specification.name" value="Java Platform API Specification" />
    <property name="node.works" value="true" />
    <property name="user.timezone" value="" />
    <property name="path.separator" value=":" />
    <property name="env.PYTHON_CFLAGS" value="-g -fstack-protector --param=ssp-buffer-size=4 -Wformat -Werror=format-security" />
    <property name="timeout.long" value="4000000" />
    <property name="env.CERTI_HOME" value="/home/travis/pthla/certi-tools" />
    <property name="file.encoding" value="UTF-8" />
    <property name="ant.file.ptII" value="/home/travis/build/icyphy/ptII/build.xml" />
    <property name="javadoc.packagenames" value="com.*,diva.*,lbnl.*,org.hlacerti.*,org.json.*,org.ptolemy.*,org.terraswarm.*,ptolemy.*,ptserver.*" />
    <property name="env.TRAVIS_PULL_REQUEST_SLUG" value="" />
    <property name="ant.project.default-target" value="build" />
    <property name="env.GIT_ASKPASS" value="echo" />
    <property name="env.HOME" value="/home/travis" />
    <property name="sun.java.command" value="org.apache.tools.ant.taskdefs.optional.junit.JUnitTestRunner ptolemy.actor.lib.test.junit.JUnitTclTest skipNonTests=false filtertrace=true haltOnError=false haltOnFailure=false formatter=org.apache.tools.ant.taskdefs.optional.junit.OutErrSummaryJUnitResultFormatter showoutput=true outputtoformatters=true logfailedtests=true threadid=0 logtestlistenerevents=false formatter=org.apache.tools.ant.taskdefs.optional.junit.XMLJUnitResultFormatter,/home/travis/build/icyphy/ptII/reports/junit/TEST-ptolemy.actor.lib.test.junit.JUnitTclTest.xml crashfile=/home/travis/build/icyphy/ptII/junitvmwatcher1718832216597383082.properties propsfile=/home/travis/build/icyphy/ptII/junit3576463789467160568.properties" />
    <property name="env.MANPATH" value="/home/travis/.nvm/versions/node/v7.10.1/share/man:/home/travis/.kiex/elixirs/elixir-1.4.5/man:/home/travis/.rvm/rubies/ruby-2.4.1/share/man:/usr/local/man:/usr/local/cmake-3.9.2/man:/usr/local/clang-5.0.0/share/man:/usr/local/share/man:/usr/share/man:/home/travis/.rvm/man" />
    <property name="env.COMPOSER_NO_INTERACTION" value="1" />
    <property name="env.JDK_SWITCHER_DEFAULT" value="oraclejdk8" />
    <property name="ant.file" value="/home/travis/build/icyphy/ptII/build.xml" />
    <property name="env.TRAVIS_COMMIT_RANGE" value="0f63c1191f72...42d60639e0d1" />
    <property name="env._system_name" value="Ubuntu" />
    <property name="timeout" value="2400000" />
    <property name="ptII.classpath.optional.property" value="/home/travis/build/icyphy/ptII/lib/bsh-2.0b4.jar:/home/travis/build/icyphy/ptII/lib/ptCal.jar:/home/travis/build/icyphy/ptII/lib/java_cup.jar:/home/travis/build/icyphy/ptII/lib/saxon8.jar:/home/travis/build/icyphy/ptII/lib/saxon8-dom.jar:/home/travis/build/icyphy/ptII/lib/chic.jar:/home/travis/build/icyphy/ptII/lib/ptcolt.jar:/usr/lib/jvm/java-8-oracle/lib/tools.jar:/usr/lib/eclipse/plugins/org.eclipse.jdt.core_3.8.2.dist.jar:/usr/lib/eclipse/plugins/org.eclipse.core.runtime_3.8.0.dist.jar:/usr/lib/eclipse/plugins/org.eclipse.osgi_3.8.1.dist.jar:/usr/lib/eclipse/plugins/org.eclipse.core.resources_3.8.1.dist.jar:/usr/lib/eclipse/plugins/org.eclipse.equinox.common_3.6.100.dist.jar:/usr/lib/eclipse/plugins/org.eclipse.core.jobs_3.5.200.dist.jar:/usr/lib/eclipse/plugins/org.eclipse.core.contenttype_3.4.200.dist.jar:/usr/lib/eclipse/plugins/org.eclipse.equinox.preferences_3.5.0.dist.jar:/usr/lib/eclipse/plugins/org.eclipse.text_3.5.200.dist.jar:/usr/lib/eclipse/plugins/org.eclipse.ui.workbench_3.8.1.dist.jar:/usr/lib/eclipse/plugins/org.eclipse.jface_3.8.0.dist.jar:/usr/lib/eclipse/plugins/org.eclipse.swt_3.8.2.jar:/usr/lib/eclipse/plugins/org.eclipse.jface.text_3.8.1.dist.jar:/usr/lib/eclipse/plugins/org.eclipse.ui.workbench.texteditor_3.8.0.dist.jar:/usr/lib/eclipse/plugins/org.eclipse.ui.editors_3.8.0.dist.jar:/usr/lib/eclipse/plugins/org.eclipse.core.commands_3.6.1.dist.jar:/usr/lib/eclipse/plugins/org.eclipse.equinox.registry_3.5.200.dist.jar:/usr/lib/eclipse/plugins/org.eclipse.ui.console_3.5.100.dist.jar:/usr/lib/eclipse/plugins/org.eclipse.ui.forms_3.5.200.dist.jar:/usr/lib/eclipse/plugins/org.eclipse.ui.ide_3.8.1.dist.jar:/home/travis/build/icyphy/ptII/vendors/oracle/dbxml.jar:/home/travis/build/icyphy/ptII/vendors/oracle/db.jar:/home/travis/build/icyphy/ptII/vendors/misc/itext/iText.jar:/home/travis/build/icyphy/ptII/lib/g4ltl.jar:/home/travis/build/icyphy/ptII/lib/StructuralCoder.jar:/home/travis/build/icyphy/ptII/lib/org-openide-util.jar:/home/travis/build/icyphy/ptII/lib/org-openide-util-lookup.jar:/home/travis/build/icyphy/ptII/lib/org-netbeans-api-visual.jar:/home/travis/build/icyphy/ptII/vendors/jai-1_1_2_01/lib/jai_core.jar:/home/travis/build/icyphy/ptII/vendors/jai-1_1_2_01/lib/jai_codec.jar:/home/travis/build/icyphy/ptII/lib/jcerti.jar:/home/travis/build/icyphy/ptII/lib/smack.jar:/home/travis/build/icyphy/ptII/lib/smackx.jar:/home/travis/build/icyphy/ptII/lib/jetty-all-8.1.5-v20120716.jar:/home/travis/build/icyphy/ptII/lib/javax.servlet-api-3.0.1.jar:/home/travis/build/icyphy/ptII/lib/javax.mail.jar:/home/travis/build/icyphy/ptII/vendors/JMF-2.1.1e/lib/jmf.jar:/home/travis/build/icyphy/ptII/lib/jna-4.0.0-variadic.jar:/home/travis/build/icyphy/ptII/vendors/misc/joystick/Joystick.jar:/home/travis/build/icyphy/ptII/lib/ptjacl.jar:/home/travis/build/icyphy/ptII/lib/jsoup-1.8.2.jar:/home/travis/build/icyphy/ptII/lib/junit-4.8.2.jar:/home/travis/build/icyphy/ptII/lib/JUnitParams-0.4.0.jar:/home/travis/build/icyphy/ptII/ptolemy/actor/lib/excel/jxl.jar:/home/travis/build/icyphy/ptII/lib/jython.jar:/home/travis/build/icyphy/ptII/lib/kieler.jar:/home/travis/build/icyphy/ptII/vendors/opencv/share/OpenCV/java/opencv-341.jar:/home/travis/build/icyphy/ptII/lib/oscP5.jar:/home/travis/build/icyphy/ptII/lib/nrjavaserial-3.11.0.devel.jar:/usr/share/java/j3dcore.jar:/usr/share/java/j3dutils.jar:/usr/share/java/vecmath.jar:/home/travis/build/icyphy/ptII/ptolemy/distributed/jini/jar/jini-core.jar:/home/travis/build/icyphy/ptII/ptolemy/distributed/jini/jar/jini-ext.jar:/home/travis/build/icyphy/ptII/ptolemy/distributed/jini/jar/sun-util.jar:/home/travis/build/icyphy/ptII/lib/protobuf-java-2.4.1.jar:/home/travis/build/icyphy/ptII/lib/org.eclipse.paho.client.mqttv3.jar:/home/travis/build/icyphy/ptII/ptserver/lib/hessian-4.0.7.jar:/home/travis/build/icyphy/ptII/ptserver/lib/wmqtt.jar:/home/travis/build/icyphy/ptII/lib/mapss.jar:/home/travis/build/icyphy/ptII/ptolemy/actor/ptalon/antlr/antlr.jar:/home/travis/build/icyphy/ptII/lib/JRI.jar:/home/travis/build/icyphy/ptII/lib/commons-lang-2.6.jar:/home/travis/build/icyphy/ptII/lib/commons-logging-1.1.1.jar:/home/travis/build/icyphy/ptII/lib/sootclasses.jar:/home/travis/build/icyphy/ptII/ptolemy/actor/lib/database/mysql-connector-java-5.1.6-bin.jar:/home/travis/build/icyphy/ptII/vendors/misc/sphinx4/sphinx4-data-5prealpha.jar:/home/travis/build/icyphy/ptII/vendors/misc/sphinx4/sphinx4-core-5prealpha.jar:/home/travis/build/icyphy/ptII/lib/PDFRenderer.jar:/home/travis/build/icyphy/ptII/lib/svgSalamander.jar:/home/travis/build/icyphy/ptII/lib/rsyntaxtextarea-2.6.0-SNAPSHOT.jar:/home/travis/build/icyphy/ptII/lib/hazelcast-3.8.2.jar:/home/travis/build/icyphy/ptII/lib/jackson-annotations-2.9.0.jar:/home/travis/build/icyphy/ptII/lib/jackson-core-2.9.3.jar:/home/travis/build/icyphy/ptII/lib/jackson-databind-2.9.3.jar:/home/travis/build/icyphy/ptII/lib/netty-buffer-4.1.19.Final.jar:/home/travis/build/icyphy/ptII/lib/netty-codec-4.1.19.Final.jar:/home/travis/build/icyphy/ptII/lib/netty-codec-dns-4.1.19.Final.jar:/home/travis/build/icyphy/ptII/lib/netty-codec-http-4.1.19.Final.jar:/home/travis/build/icyphy/ptII/lib/netty-codec-http2-4.1.19.Final.jar:/home/travis/build/icyphy/ptII/lib/netty-common-4.1.19.Final.jar:/home/travis/build/icyphy/ptII/lib/netty-handler-4.1.19.Final.jar:/home/travis/build/icyphy/ptII/lib/netty-resolver-4.1.19.Final.jar:/home/travis/build/icyphy/ptII/lib/netty-resolver-dns-4.1.19.Final.jar:/home/travis/build/icyphy/ptII/lib/netty-transport-4.1.19.Final.jar:/home/travis/build/icyphy/ptII/lib/vertx-codegen-3.5.1.jar:/home/travis/build/icyphy/ptII/lib/vertx-core-3.5.2-SNAPSHOT.jar:/home/travis/build/icyphy/ptII/lib/vertx-hazelcast-3.5.1.jar:/home/travis/build/icyphy/ptII/lib/vertx-lang-js-3.5.1.jar:/home/travis/build/icyphy/ptII/lib/vertx-service-proxy-3.5.1.jar:/home/travis/build/icyphy/ptII/lib/vertx-web-3.5.1.jar:/home/travis/build/icyphy/ptII/lib/slf4j-api-1.7.13.jar:/home/travis/build/icyphy/ptII/lib/slf4j-simple-1.7.13.jar:/home/travis/build/icyphy/ptII/lib/webcam-capture-0.3.12.jar:/home/travis/build/icyphy/ptII/lib/bridj-0.7.0.jar:/home/travis/build/icyphy/ptII/lib/xbjlib-1.1.0.nrjavaserial.jar" />
    <property name="test.batch" value="**/junit/*.java" />
    <property name="env._" value="/usr/bin/timeout" />
    <property name="java.io.tmpdir" value="/tmp" />
    <property name="user.language" value="en" />
    <property name="env.HISTCONTROL" value="ignoredups:ignorespace" />
    <property name="env.GOROOT" value="/home/travis/.gimme/versions/go1.7.4.linux.amd64" />
    <property name="line.separator" value="&#xa;" />
    <property name="target" value="1.8" />
    <property name="env.TRAVIS_BUILD_DIR" value="/home/travis/build/icyphy/ptII" />
    <property name="env.ANT_OPTS" value="-Xmx2048m" />
    <property name="ant.file.type" value="file" />
    <property name="ptolemy.ptII.batchMode" value="true" />
    <property name="env.HISTSIZE" value="1000" />
    <property name="env.MERB_ENV" value="test" />
    <property name="java.vm.info" value="mixed mode" />
    <property name="source" value="1.8" />
    <property name="java.vm.specification.name" value="Java Virtual Machine Specification" />
    <property name="env.TRAVIS_TEST_RESULT" value="0" />
    <property name="jsdoc.command" value="node_modules/@terraswarm/jsdoc/jsdoc.js" />
    <property name="npm.works" value="true" />
    <property name="cobertura.dir" value="/home/travis/build/icyphy/ptII/vendors/cobertura-2.0.3" />
    <property name="env.rvm_path" value="/home/travis/.rvm" />
    <property name="env.GEM_PATH" value="/home/travis/.rvm/gems/ruby-2.4.1:/home/travis/.rvm/gems/ruby-2.4.1@global" />
    <property name="env.LC_CTYPE" value="en_US.UTF-8" />
    <property name="java.awt.printerjob" value="sun.print.PSPrinterJob" />
    <property name="env.TRAVIS_STACK_NAME" value="garnet" />
    <property name="ant.version" value="Apache Ant(TM) version 1.10.1 compiled on February 2 2017" />
    <property name="ptII.reports" value="/home/travis/build/icyphy/ptII/reports" />
    <property name="env.TRAVIS_STACK_TIMESTAMP" value="2017-12-05 19:33:09 UTC" />
    <property name="ant.file.type.ptII" value="file" />
    <property name="env.RBENV_SHELL" value="bash" />
    <property name="os.name" value="Linux" />
    <property name="java.specification.vendor" value="Oracle Corporation" />
    <property name="env.rvm_version" value="1.29.3 (latest)" />
    <property name="env.TERM" value="xterm" />
    <property name="java.vm.name" value="Java HotSpot(TM) 64-Bit Server VM" />
    <property name="env.TRAVIS_BUILD_NUMBER" value="419" />
    <property name="env.CI" value="true" />
    <property name="java.library.path" value="/home/travis/pthla/certi-tools/lib:/usr/lib/jni:/usr/local/share/OpenCV/java/:/usr/share/OpenCV/java::/usr/java/packages/lib/amd64:/usr/lib64:/lib64:/lib:/usr/lib" />
    <property name="env.rvm_prefix" value="/home/travis" />
    <property name="env.PATH" value="/home/travis/pthla/certi-tools/share/scripts:/home/travis/.rvm/gems/ruby-2.4.1/bin:/home/travis/.rvm/gems/ruby-2.4.1@global/bin:/home/travis/.rvm/rubies/ruby-2.4.1/bin:/home/travis/.rvm/bin:/home/travis/.nvm/versions/node/v7.10.1/bin:./node_modules/.bin:/home/travis/build/icyphy/ptII/bin:/home/travis/pthla/certi-tools/bin:/home/travis/bin:/home/travis/.local/bin:/opt/pyenv/shims:/home/travis/.phpenv/shims:/home/travis/perl5/perlbrew/bin:/home/travis/.kiex/elixirs/elixir-1.4.5/bin:/home/travis/.kiex/bin:/home/travis/gopath/bin:/home/travis/.gimme/versions/go1.7.4.linux.amd64/bin:/usr/local/phantomjs/bin:/usr/local/phantomjs:/usr/local/neo4j-3.2.7/bin:/usr/local/maven-3.5.2/bin:/usr/local/cmake-3.9.2/bin:/usr/local/clang-5.0.0/bin:/usr/local/sbin:/usr/local/bin:/usr/sbin:/usr/bin:/sbin:/bin:/home/travis/.phpenv/bin:/opt/pyenv/bin:/home/travis/.yarn/bin" />
    <property name="env.TRAVIS_OS_NAME" value="linux" />
    <property name="ant.java.version" value="1.8" />
    <property name="basedir" value="/home/travis/build/icyphy/ptII" />
    <property name="java.class.version" value="52.0" />
    <property name="env.SHLVL" value="3" />
    <property name="env.LD_LIBRARY_PATH" value="/home/travis/pthla/certi-tools/lib:/usr/lib/jni:/usr/local/share/OpenCV/java/:/usr/share/OpenCV/java:" />
    <property name="env.RACK_ENV" value="test" />
    <property name="ant.home" value="/home/travis/build/icyphy/ptII/ant" />
    <property name="env.NVM_DIR" value="/home/travis/.nvm" />
    <property name="env.PERLBREW_BASHRC_VERSION" value="0.80" />
    <property name="env.CERTI_FOM_PATH" value="/home/travis/pthla/certi-tools/share/federations" />
    <property name="env.TRAVIS_BUILD_ID" value="377372592" />
    <property name="env.PYENV_ROOT" value="/opt/pyenv" />
    <property name="env.TRAVIS_UID" value="2000" />
    <property name="env.rvm_pretty_print_flag" value="auto" />
    <property name="env.NVM_BIN" value="/home/travis/.nvm/versions/node/v7.10.1/bin" />
    <property name="env.TRAVIS_COMMIT" value="42d60639e0d1588ed754fb939dc6fe4a050a4162" />
    <property name="env._system_arch" value="x86_64" />
    <property name="node.executable" value="node" />
    <property name="sun.boot.library.path" value="/usr/lib/jvm/java-8-oracle/jre/lib/amd64" />
    <property name="sun.management.compiler" value="HotSpot 64-Bit Tiered Compilers" />
    <property name="env.GOPATH" value="/home/travis/gopath" />
    <property name="java.awt.graphicsenv" value="sun.awt.X11GraphicsEnvironment" />
    <property name="ptolemy.ptII.dir" value="/home/travis/build/icyphy/ptII" />
    <property name="env.USER" value="travis" />
    <property name="env.HISTFILESIZE" value="2000" />
    <property name="timeout.longest" value="19000000" />
    <property name="env.TRAVIS_STACK_FEATURES" value="basic cassandra chromium couchdb disabled-ipv6 docker docker-compose elasticsearch firefox go-toolchain google-chrome jdk memcached mongodb mysql neo4j nodejs_interpreter perl_interpreter perlbrew phantomjs postgresql python_interpreter rabbitmq redis riak ruby_interpreter sqlite xserver" />
    <property name="env.TRAVIS_PULL_REQUEST" value="false" />
    <property name="env.PYENV_SHELL" value="bash" />
    <property name="ant.project.name" value="ptII" />
    <property name="java.vm.specification.version" value="1.8" />
    <property name="env.CERTI_VERSION" value="4.0.0" />
    <property name="env.NLSPATH" value="/usr/dt/lib/nls/msg/%L/%N.cat" />
    <property name="awt.toolkit" value="sun.awt.X11.XToolkit" />
    <property name="env.CERTI_HOST" value="localhost" />
    <property name="env.MY_RUBY_HOME" value="/home/travis/.rvm/rubies/ruby-2.4.1" />
    <property name="sun.cpu.isalist" value="" />
    <property name="java.ext.dirs" value="/usr/lib/jvm/java-8-oracle/jre/lib/ext:/usr/java/packages/lib/ext" />
    <property name="os.version" value="4.4.0-101-generic" />
    <property name="user.home" value="/home/travis" />
    <property name="env.MIX_ARCHIVES" value="/home/travis/.kiex/mix/elixir-1.4.5" />
    <property name="java.vm.vendor" value="Oracle Corporation" />
    <property name="env.TRAVIS_TAG" value="nightly" />
    <property name="env.TRAVIS_FILTERED" value="pty" />
    <property name="env.PTII" value="/home/travis/build/icyphy/ptII" />
    <property name="env.JAVA_HOME" value="/usr/lib/jvm/java-8-oracle" />
    <property name="javadoc.excludepackagenames" value="adm.cvs2svn.*,build.*,config.*,doc.coding.templates.*,jni.test.jni.meaningOfLife.*,jni.test.jni.testDeux.*,jni.test.jni.testTrois.*,org.terraswarm.accessor.accessors.web.node_modules.*,org.terraswarm.accessor.accessors.web.hosts.cordova.demo.*,org.terraswarm.accessor.accessors.web.hosts.cordova.plugins.*,org.terraswarm.accessor.accessors-svn.*,pt-modules.*,ptolemy.apps.agilent.*,ptolemy.apps.anytimecontrol.*,ptolemy.apps.apes.*,ptolemy.apps.charon.*,ptolemy.apps.crazyboard.*,ptolemy.apps.eclipse.*,ptolemy.apps.etherealSting.*,ptolemy.apps.fullscreen.*,ptolemy.apps.giotto.*,ptolemy.apps.ia.*,ptolemy.apps.interfaces.*,ptolemy.apps.jmf.*,ptolemy.apps.kurt.*,ptolemy.apps.kvm.*,ptolemy.apps.lego.*,ptolemy.apps.lejos.*,ptolemy.apps.midp.*,ptolemy.apps.mobileCoding.*,ptolemy.apps.pendulum.*,ptolemy.apps.rijndael.*,ptolemy.apps.robot.*,ptolemy.apps.security.*,ptolemy.apps.sobel.*,ptolemy.apps.soot.*,ptolemy.apps.throttle.*,ptolemy.apps.tini.*,ptolemy.apps.transmission.*,ptolemy.apps.vergil.*,ptolemy.apps.waba.*,ptolemy.apps.websensor.*,ptolemy.apps.webstart.*,ptolemy.apps.xsl.*,ptolemy.apps.zaurus.*,ptolemy.backtrack.eclipse.plugin.*,ptolemy.backtrack.test.*,ptolemy.codegen.c.actor.lib.oldJavaFiles.*,ptolemy.codegen.dsp.lib.*,ptolemy.codegen.kernel.newInterfaces.*,ptolemy.codegen.lib.*,ptolemy.copernicus.kernel.fragment.*,ptolemy.copernicus.shallow.cg.*,ptolemy.domains.giotto.demo.Hierarchy.Hierarchy.*,ptolemy.domains.giotto.demo.Multimode.Multimode.*,ptolemy.domains.giotto.demo.Simple.Simple.*,ptolemy.domains.gr.lib.experimental.*,ptolemy.domains.gro.*,ptolemy.domains.pdf.*,ptolemy.domains.ptinyos.demo.Surge.output.*,ptolemy.moml.test.NoPackageActor.java*,ptolemy.plot.adm.*,ptolemy.plot.servlet.*,reports.*,signed.*,src.*,target.*,vendors.*,ptolemy.copernicus.applet.*,ptolemy.media.viewer.*,ptolemy.cg.adapter.generic.program.procedural.c.mbed*,ptolemy.actor.lib.fmi.fmus.omc*,ptolemy.domains.openmodelica*,ptdb.kernel.bl.save.test.*,ptdb.kernel.bl.load.test.*,ptdb.kernel.bl.search.test.*,ptdb.kernel.bl.migration.test.*,ptdb.kernel.database.test.*,ptdb.test.*,ptdb.gui.test.*,org.ptolemy.scala.*,diva.util.java2d.svg.*,ptolemy.domains.ptinyos.*,ptolemy.actor.lib.fmi.fmipp.*,,org.terraswarm.accessor.accessors.web.node_modules.*,org.terraswarm.accessor.accessors-svn,ptolemy.actor.ptalon.demo.ptinyos.SendAndReceiveCnt.output,ptolemy.actor.ptalon.demo.ptinyos.SenseToLeds.output,ptolemy.domains.ptinyos.demo.CntToLedsAndRfm.output,ptolemy.domains.ptinyos.demo.RfmToLeds.output,ptolemy.domains.ptinyos.demo.SendAndReceiveCnt.output,ptolemy.domains.ptinyos.demo.SenseToLeds.output" />
    <property name="env.TRAVIS_COMMIT_MESSAGE" value="Added third batch of export demos." />
    <property name="keystore" value="ptKeystore" />
    <property name="env.XDG_SESSION_ID" value="2" />
    <property name="junit.output.dir" value="/home/travis/build/icyphy/ptII/reports/junit" />
    <property name="npm.return.code" value="0" />
    <property name="user.dir" value="/home/travis/build/icyphy/ptII/ptolemy/actor/lib/test" />
    <property name="env.XFILESEARCHPATH" value="/usr/dt/app-defaults/%L/Dt" />
    <property name="env.TRAVIS_NODE_VERSION" value="7" />
    <property name="env.TRAVIS_EVENT_TYPE" value="push" />
    <property name="env.MAIL" value="/var/mail/travis" />
    <property name="env.PWD" value="/home/travis/build/icyphy/ptII" />
    <property name="env.PERLBREW_ROOT" value="/home/travis/perl5/perlbrew" />
    <property name="timeout.npm" value="45000" />
    <property name="env.PAGER" value="cat" />
    <property name="sun.cpu.endian" value="little" />
    <property name="env.TRAVIS_BUILD_STAGE_NAME" value="Test" />
    <property name="env.PERLBREW_HOME" value="/home/travis/.perlbrew" />
    <property name="java.vm.version" value="25.151-b12" />
    <property name="env.RAILS_ENV" value="test" />
    <property name="java.class.path" value="/home/travis/.ptolemyII:/home/travis/.ptolemyII/*:/home/travis/build/icyphy/ptII:/home/travis/build/icyphy/ptII/lib/bsh-2.0b4.jar:/home/travis/build/icyphy/ptII/lib/ptCal.jar:/home/travis/build/icyphy/ptII/lib/java_cup.jar:/home/travis/build/icyphy/ptII/lib/saxon8.jar:/home/travis/build/icyphy/ptII/lib/saxon8-dom.jar:/home/travis/build/icyphy/ptII/lib/chic.jar:/home/travis/build/icyphy/ptII/lib/ptcolt.jar:/usr/lib/jvm/java-8-oracle/lib/tools.jar:/usr/lib/eclipse/plugins/org.eclipse.jdt.core_3.8.2.dist.jar:/usr/lib/eclipse/plugins/org.eclipse.core.runtime_3.8.0.dist.jar:/usr/lib/eclipse/plugins/org.eclipse.osgi_3.8.1.dist.jar:/usr/lib/eclipse/plugins/org.eclipse.core.resources_3.8.1.dist.jar:/usr/lib/eclipse/plugins/org.eclipse.equinox.common_3.6.100.dist.jar:/usr/lib/eclipse/plugins/org.eclipse.core.jobs_3.5.200.dist.jar:/usr/lib/eclipse/plugins/org.eclipse.core.contenttype_3.4.200.dist.jar:/usr/lib/eclipse/plugins/org.eclipse.equinox.preferences_3.5.0.dist.jar:/usr/lib/eclipse/plugins/org.eclipse.text_3.5.200.dist.jar:/usr/lib/eclipse/plugins/org.eclipse.ui.workbench_3.8.1.dist.jar:/usr/lib/eclipse/plugins/org.eclipse.jface_3.8.0.dist.jar:/usr/lib/eclipse/plugins/org.eclipse.swt_3.8.2.jar:/usr/lib/eclipse/plugins/org.eclipse.jface.text_3.8.1.dist.jar:/usr/lib/eclipse/plugins/org.eclipse.ui.workbench.texteditor_3.8.0.dist.jar:/usr/lib/eclipse/plugins/org.eclipse.ui.editors_3.8.0.dist.jar:/usr/lib/eclipse/plugins/org.eclipse.core.commands_3.6.1.dist.jar:/usr/lib/eclipse/plugins/org.eclipse.equinox.registry_3.5.200.dist.jar:/usr/lib/eclipse/plugins/org.eclipse.ui.console_3.5.100.dist.jar:/usr/lib/eclipse/plugins/org.eclipse.ui.forms_3.5.200.dist.jar:/usr/lib/eclipse/plugins/org.eclipse.ui.ide_3.8.1.dist.jar:/home/travis/build/icyphy/ptII/vendors/oracle/dbxml.jar:/home/travis/build/icyphy/ptII/vendors/oracle/db.jar:/home/travis/build/icyphy/ptII/vendors/misc/itext/iText.jar:/home/travis/build/icyphy/ptII/lib/g4ltl.jar:/home/travis/build/icyphy/ptII/lib/StructuralCoder.jar:/home/travis/build/icyphy/ptII/lib/org-openide-util.jar:/home/travis/build/icyphy/ptII/lib/org-openide-util-lookup.jar:/home/travis/build/icyphy/ptII/lib/org-netbeans-api-visual.jar:/home/travis/build/icyphy/ptII/vendors/jai-1_1_2_01/lib/jai_core.jar:/home/travis/build/icyphy/ptII/vendors/jai-1_1_2_01/lib/jai_codec.jar:/home/travis/build/icyphy/ptII/lib/jcerti.jar:/home/travis/build/icyphy/ptII/lib/smack.jar:/home/travis/build/icyphy/ptII/lib/smackx.jar:/home/travis/build/icyphy/ptII/lib/jetty-all-8.1.5-v20120716.jar:/home/travis/build/icyphy/ptII/lib/javax.servlet-api-3.0.1.jar:/home/travis/build/icyphy/ptII/lib/javax.mail.jar:/home/travis/build/icyphy/ptII/vendors/JMF-2.1.1e/lib/jmf.jar:/home/travis/build/icyphy/ptII/lib/jna-4.0.0-variadic.jar:/home/travis/build/icyphy/ptII/vendors/misc/joystick/Joystick.jar:/home/travis/build/icyphy/ptII/lib/ptjacl.jar:/home/travis/build/icyphy/ptII/lib/jsoup-1.8.2.jar:/home/travis/build/icyphy/ptII/lib/junit-4.8.2.jar:/home/travis/build/icyphy/ptII/lib/JUnitParams-0.4.0.jar:/home/travis/build/icyphy/ptII/ptolemy/actor/lib/excel/jxl.jar:/home/travis/build/icyphy/ptII/lib/jython.jar:/home/travis/build/icyphy/ptII/lib/kieler.jar:/home/travis/build/icyphy/ptII/vendors/opencv/share/OpenCV/java/opencv-341.jar:/home/travis/build/icyphy/ptII/lib/oscP5.jar:/home/travis/build/icyphy/ptII/lib/nrjavaserial-3.11.0.devel.jar:/usr/share/java/j3dcore.jar:/usr/share/java/j3dutils.jar:/usr/share/java/vecmath.jar:/home/travis/build/icyphy/ptII/ptolemy/distributed/jini/jar/jini-core.jar:/home/travis/build/icyphy/ptII/ptolemy/distributed/jini/jar/jini-ext.jar:/home/travis/build/icyphy/ptII/ptolemy/distributed/jini/jar/sun-util.jar:/home/travis/build/icyphy/ptII/lib/protobuf-java-2.4.1.jar:/home/travis/build/icyphy/ptII/lib/org.eclipse.paho.client.mqttv3.jar:/home/travis/build/icyphy/ptII/ptserver/lib/hessian-4.0.7.jar:/home/travis/build/icyphy/ptII/ptserver/lib/wmqtt.jar:/home/travis/build/icyphy/ptII/lib/mapss.jar:/home/travis/build/icyphy/ptII/ptolemy/actor/ptalon/antlr/antlr.jar:/home/travis/build/icyphy/ptII/lib/JRI.jar:/home/travis/build/icyphy/ptII/lib/commons-lang-2.6.jar:/home/travis/build/icyphy/ptII/lib/commons-logging-1.1.1.jar:/home/travis/build/icyphy/ptII/lib/sootclasses.jar:/home/travis/build/icyphy/ptII/ptolemy/actor/lib/database/mysql-connector-java-5.1.6-bin.jar:/home/travis/build/icyphy/ptII/vendors/misc/sphinx4/sphinx4-data-5prealpha.jar:/home/travis/build/icyphy/ptII/vendors/misc/sphinx4/sphinx4-core-5prealpha.jar:/home/travis/build/icyphy/ptII/lib/PDFRenderer.jar:/home/travis/build/icyphy/ptII/lib/svgSalamander.jar:/home/travis/build/icyphy/ptII/lib/rsyntaxtextarea-2.6.0-SNAPSHOT.jar:/home/travis/build/icyphy/ptII/lib/hazelcast-3.8.2.jar:/home/travis/build/icyphy/ptII/lib/jackson-annotations-2.9.0.jar:/home/travis/build/icyphy/ptII/lib/jackson-core-2.9.3.jar:/home/travis/build/icyphy/ptII/lib/jackson-databind-2.9.3.jar:/home/travis/build/icyphy/ptII/lib/netty-buffer-4.1.19.Final.jar:/home/travis/build/icyphy/ptII/lib/netty-codec-4.1.19.Final.jar:/home/travis/build/icyphy/ptII/lib/netty-codec-dns-4.1.19.Final.jar:/home/travis/build/icyphy/ptII/lib/netty-codec-http-4.1.19.Final.jar:/home/travis/build/icyphy/ptII/lib/netty-codec-http2-4.1.19.Final.jar:/home/travis/build/icyphy/ptII/lib/netty-common-4.1.19.Final.jar:/home/travis/build/icyphy/ptII/lib/netty-handler-4.1.19.Final.jar:/home/travis/build/icyphy/ptII/lib/netty-resolver-4.1.19.Final.jar:/home/travis/build/icyphy/ptII/lib/netty-resolver-dns-4.1.19.Final.jar:/home/travis/build/icyphy/ptII/lib/netty-transport-4.1.19.Final.jar:/home/travis/build/icyphy/ptII/lib/vertx-codegen-3.5.1.jar:/home/travis/build/icyphy/ptII/lib/vertx-core-3.5.2-SNAPSHOT.jar:/home/travis/build/icyphy/ptII/lib/vertx-hazelcast-3.5.1.jar:/home/travis/build/icyphy/ptII/lib/vertx-lang-js-3.5.1.jar:/home/travis/build/icyphy/ptII/lib/vertx-service-proxy-3.5.1.jar:/home/travis/build/icyphy/ptII/lib/vertx-web-3.5.1.jar:/home/travis/build/icyphy/ptII/lib/slf4j-api-1.7.13.jar:/home/travis/build/icyphy/ptII/lib/slf4j-simple-1.7.13.jar:/home/travis/build/icyphy/ptII/lib/webcam-capture-0.3.12.jar:/home/travis/build/icyphy/ptII/lib/bridj-0.7.0.jar:/home/travis/build/icyphy/ptII/lib/xbjlib-1.1.0.nrjavaserial.jar:/home/travis/build/icyphy/ptII/ptolemy/moml/test:/home/travis/build/icyphy/ptII/ant/lib/ant-launcher.jar:/home/travis/build/icyphy/ptII/ant/lib/ant.jar:/home/travis/build/icyphy/ptII/ant/lib/ant-junit.jar:/home/travis/build/icyphy/ptII/ant/lib/ant-junit4.jar" />
    <property name="ant.library.dir" value="/home/travis/build/icyphy/ptII/ant/lib" />
    <property name="os.arch" value="amd64" />
    <property name="env.TRAVIS_LANGUAGE" value="node_js" />
    <property name="env.CONTINUOUS_INTEGRATION" value="true" />
    <property name="env.TRAVIS_STACK_LANGUAGES" value="__garnet__ c c++ clojure cplusplus cpp default go groovy java node_js php pure_java python ruby scala" />
    <property name="test.name" value="ptolemy.actor.lib.test.junit.JUnitTclTest" />
    <property name="sun.java.launcher" value="SUN_STANDARD" />
    <property name="env.PYTHON_CONFIGURE_OPTS" value="--enable-unicode=ucs4 --with-wide-unicode --enable-shared --enable-ipv6 --enable-loadable-sqlite-extensions --with-computed-gotos" />
    <property name="ant.core.lib" value="/home/travis/build/icyphy/ptII/ant/lib/ant.jar" />
    <property name="java.vm.specification.vendor" value="Oracle Corporation" />
    <property name="env.BCVTB_HOME" value="/home/travis/build/icyphy/ptII/lbnl" />
    <property name="file.separator" value="/" />
    <property name="spotbugs.home" value="/home/travis/build/icyphy/ptII/vendors/spotbugs-3.1.1" />
    <property name="java.runtime.version" value="1.8.0_151-b12" />
    <property name="sun.boot.class.path" value="/usr/lib/jvm/java-8-oracle/jre/lib/resources.jar:/usr/lib/jvm/java-8-oracle/jre/lib/rt.jar:/usr/lib/jvm/java-8-oracle/jre/lib/sunrsasign.jar:/usr/lib/jvm/java-8-oracle/jre/lib/jsse.jar:/usr/lib/jvm/java-8-oracle/jre/lib/jce.jar:/usr/lib/jvm/java-8-oracle/jre/lib/charsets.jar:/usr/lib/jvm/java-8-oracle/jre/lib/jfr.jar:/usr/lib/jvm/java-8-oracle/jre/classes" />
    <property name="env.HAS_JOSH_K_SEAL_OF_APPROVAL" value="true" />
    <property name="env.TRAVIS_OSX_IMAGE" value="" />
    <property name="env.XDG_RUNTIME_DIR" value="/run/user/2000" />
    <property name="env.TRAVIS_BRANCH" value="master" />
    <property name="env.TRAVIS_JOB_ID" value="377372599" />
    <property name="user.country" value="US" />
    <property name="env.CERTI_HOME_TRAVIS" value="/home/travis/pthla/certi-tools" />
    <property name="env.SHELL" value="/bin/bash" />
    <property name="java.maxmemory.large" value="5000m" />
    <property name="model" value="" />
    <property name="env.CASHER_DIR" value="/home/travis/.casher" />
    <property name="env.NVM_CD_FLAGS" value="" />
    <property name="jshint.executable" value="/home/travis/node_modules/jshint/bin/jshint" />
    <property name="java.vendor" value="Oracle Corporation" />
    <property name="env.JRUBY_OPTS" value=" --client -J-XX:+TieredCompilation -J-XX:TieredStopAtLevel=1 -J-Xss2m -Xcompile.invokedynamic=false" />
    <property name="env.TRAVIS_PRE_CHEF_BOOTSTRAP_TIME" value="2017-12-05T19:32:55" />
    <property name="env.ELIXIR_VERSION" value="1.4.5" />
    <property name="env.TRAVIS_STACK_JOB_BOARD_REGISTER" value="/.job-board-register.yml" />
    <property name="java.specification.version" value="1.8" />
    <property name="env.IRBRC" value="/home/travis/.rvm/rubies/ruby-2.4.1/.irbrc" />
    <property name="env.TRAVIS" value="true" />
    <property name="sun.arch.data.model" value="64" />
  </properties>
  <testcase classname="ptolemy.util.test.junit.TclTests" name="[0] /home/travis/build/icyphy/ptII/ptolemy/actor/lib/test/AbsoluteValue.tcl (RunTclFile)" time="0.468" />
  <testcase classname="ptolemy.util.test.junit.TclTests" name="[1] /home/travis/build/icyphy/ptII/ptolemy/actor/lib/test/AddSubtract.tcl (RunTclFile)" time="0.075" />
  <testcase classname="ptolemy.util.test.junit.TclTests" name="[2] /home/travis/build/icyphy/ptII/ptolemy/actor/lib/test/Average.tcl (RunTclFile)" time="0.065" />
  <testcase classname="ptolemy.util.test.junit.TclTests" name="[3] /home/travis/build/icyphy/ptII/ptolemy/actor/lib/test/Bernoulli.tcl (RunTclFile)" time="0.037" />
  <testcase classname="ptolemy.util.test.junit.TclTests" name="[4] /home/travis/build/icyphy/ptII/ptolemy/actor/lib/test/Clock.tcl (RunTclFile)" time="0.09" />
  <testcase classname="ptolemy.util.test.junit.TclTests" name="[5] /home/travis/build/icyphy/ptII/ptolemy/actor/lib/test/Commutator.tcl (RunTclFile)" time="0.14" />
  <testcase classname="ptolemy.util.test.junit.TclTests" name="[6] /home/travis/build/icyphy/ptII/ptolemy/actor/lib/test/Const.tcl (RunTclFile)" time="0.166" />
  <testcase classname="ptolemy.util.test.junit.TclTests" name="[7] /home/travis/build/icyphy/ptII/ptolemy/actor/lib/test/CurrentTime.tcl (RunTclFile)" time="0.021" />
  <testcase classname="ptolemy.util.test.junit.TclTests" name="[8] /home/travis/build/icyphy/ptII/ptolemy/actor/lib/test/DB.tcl (RunTclFile)" time="0.021" />
  <testcase classname="ptolemy.util.test.junit.TclTests" name="[9] /home/travis/build/icyphy/ptII/ptolemy/actor/lib/test/DiscreteRandomSource.tcl (RunTclFile)" time="0.025" />
  <testcase classname="ptolemy.util.test.junit.TclTests" name="[10] /home/travis/build/icyphy/ptII/ptolemy/actor/lib/test/Distributor.tcl (RunTclFile)" time="0.063" />
  <testcase classname="ptolemy.util.test.junit.TclTests" name="[11] /home/travis/build/icyphy/ptII/ptolemy/actor/lib/test/Exit.tcl (RunTclFile)" time="0.05" />
  <testcase classname="ptolemy.util.test.junit.TclTests" name="[12] /home/travis/build/icyphy/ptII/ptolemy/actor/lib/test/Expression.tcl (RunTclFile)" time="0.094" />
  <testcase classname="ptolemy.util.test.junit.TclTests" name="[13] /home/travis/build/icyphy/ptII/ptolemy/actor/lib/test/Gaussian.tcl (RunTclFile)" time="0.847" />
  <testcase classname="ptolemy.util.test.junit.TclTests" name="[14] /home/travis/build/icyphy/ptII/ptolemy/actor/lib/test/IIR.tcl (RunTclFile)" time="0.039" />
  <testcase classname="ptolemy.util.test.junit.TclTests" name="[15] /home/travis/build/icyphy/ptII/ptolemy/actor/lib/test/Interpolator.tcl (RunTclFile)" time="0.107" />
  <testcase classname="ptolemy.util.test.junit.TclTests" name="[16] /home/travis/build/icyphy/ptII/ptolemy/actor/lib/test/MathFunction.tcl (RunTclFile)" time="0.083" />
  <testcase classname="ptolemy.util.test.junit.TclTests" name="[17] /home/travis/build/icyphy/ptII/ptolemy/actor/lib/test/Maximum.tcl (RunTclFile)" time="0.042" />
  <testcase classname="ptolemy.util.test.junit.TclTests" name="[18] /home/travis/build/icyphy/ptII/ptolemy/actor/lib/test/Minimum.tcl (RunTclFile)" time="0.02" />
  <testcase classname="ptolemy.util.test.junit.TclTests" name="[19] /home/travis/build/icyphy/ptII/ptolemy/actor/lib/test/MultiplyDivide.tcl (RunTclFile)" time="0.025" />
  <testcase classname="ptolemy.util.test.junit.TclTests" name="[20] /home/travis/build/icyphy/ptII/ptolemy/actor/lib/test/OrderedMerge.tcl (RunTclFile)" time="0.104" />
  <testcase classname="ptolemy.util.test.junit.TclTests" name="[21] /home/travis/build/icyphy/ptII/ptolemy/actor/lib/test/Publisher.tcl (RunTclFile)" time="0.708" />
  <testcase classname="ptolemy.util.test.junit.TclTests" name="[22] /home/travis/build/icyphy/ptII/ptolemy/actor/lib/test/Pulse.tcl (RunTclFile)" time="0.034" />
  <testcase classname="ptolemy.util.test.junit.TclTests" name="[23] /home/travis/build/icyphy/ptII/ptolemy/actor/lib/test/Ramp.tcl (RunTclFile)" time="2.396" />
  <testcase classname="ptolemy.util.test.junit.TclTests" name="[24] /home/travis/build/icyphy/ptII/ptolemy/actor/lib/test/RampContinuous.tcl (RunTclFile)" time="0.017" />
  <testcase classname="ptolemy.util.test.junit.TclTests" name="[25] /home/travis/build/icyphy/ptII/ptolemy/actor/lib/test/RecordAssembler.tcl (RunTclFile)" time="0.019" />
  <testcase classname="ptolemy.util.test.junit.TclTests" name="[26] /home/travis/build/icyphy/ptII/ptolemy/actor/lib/test/RecordDisassembler.tcl (RunTclFile)" time="0.019" />
  <testcase classname="ptolemy.util.test.junit.TclTests" name="[27] /home/travis/build/icyphy/ptII/ptolemy/actor/lib/test/Scale.tcl (RunTclFile)" time="0.019" />
  <testcase classname="ptolemy.util.test.junit.TclTests" name="[28] /home/travis/build/icyphy/ptII/ptolemy/actor/lib/test/SequentialClock.tcl (RunTclFile)" time="0.014" />
  <testcase classname="ptolemy.util.test.junit.TclTests" name="[29] /home/travis/build/icyphy/ptII/ptolemy/actor/lib/test/SetVariable.tcl (RunTclFile)" time="0.016" />
  <testcase classname="ptolemy.util.test.junit.TclTests" name="[30] /home/travis/build/icyphy/ptII/ptolemy/actor/lib/test/Sinewave.tcl (RunTclFile)" time="0.058" />
  <testcase classname="ptolemy.util.test.junit.TclTests" name="[31] /home/travis/build/icyphy/ptII/ptolemy/actor/lib/test/SubscriptionAggregator.tcl (RunTclFile)" time="2.068" />
  <testcase classname="ptolemy.util.test.junit.TclTests" name="[32] /home/travis/build/icyphy/ptII/ptolemy/actor/lib/test/Test.tcl (RunTclFile)" time="0.178">
    <failure message="Number of failed tests is has increased. expected:&lt;0&gt; but was:&lt;1&gt;" type="junit.framework.AssertionFailedError">junit.framework.AssertionFailedError: Number of failed tests is has increased. expected:&lt;0&gt; but was:&lt;1&gt;
	at ptolemy.util.test.junit.TclTests.RunTclFile(TclTests.java:286)
	at junitparams.internal.InvokeParameterisedMethod.evaluate(InvokeParameterisedMethod.java:102)
	at junitparams.internal.ParameterisedTestMethodRunner.runMethodInvoker(ParameterisedTestMethodRunner.java:47)
	at junitparams.internal.ParameterisedTestMethodRunner.runTestMethod(ParameterisedTestMethodRunner.java:41)
	at junitparams.internal.ParameterisedTestClassRunner.runParameterisedTest(ParameterisedTestClassRunner.java:143)
	at junitparams.JUnitParamsRunner.runChild(JUnitParamsRunner.java:237)
	at junitparams.JUnitParamsRunner.runChild(JUnitParamsRunner.java:215)
</failure>
  </testcase>
  <testcase classname="ptolemy.util.test.junit.TclTests" name="[33] /home/travis/build/icyphy/ptII/ptolemy/actor/lib/test/TestExceptionHandler.tcl (RunTclFile)" time="0.012" />
  <testcase classname="ptolemy.util.test.junit.TclTests" name="[34] /home/travis/build/icyphy/ptII/ptolemy/actor/lib/test/UnionDisassembler.tcl (RunTclFile)" time="0.07" />
  <testcase classname="ptolemy.util.test.junit.TclTests" name="[35] /home/travis/build/icyphy/ptII/ptolemy/actor/lib/test/VariableClock.tcl (RunTclFile)" time="0.034" />
  <testcase classname="ptolemy.util.test.junit.AutoKnownFailedTests" name="[0] /home/travis/build/icyphy/ptII/ptolemy/actor/lib/test/auto/knownFailedTests/PublisherPortToplevelSubscriber.xml (RunModel)" time="0.026" />
  <testcase classname="ptolemy.util.test.junit.AutoKnownFailedTests" name="[1] /home/travis/build/icyphy/ptII/ptolemy/actor/lib/test/auto/knownFailedTests/PublisherSubscriberPortToplevel.xml (RunModel)" time="0.029" />
  <testcase classname="ptolemy.util.test.junit.AutoKnownFailedTests" name="[2] /home/travis/build/icyphy/ptII/ptolemy/actor/lib/test/auto/knownFailedTests/PublisherSubscriptionAggregatorPort.xml (RunModel)" time="0.021" />
  <testcase classname="ptolemy.util.test.junit.AutoKnownFailedTests" name="[3] /home/travis/build/icyphy/ptII/ptolemy/actor/lib/test/auto/knownFailedTests/sizedarray3.xml (RunModel)" time="0.023" />
  <testcase classname="ptolemy.util.test.junit.AutoNameArchTests" name="[0] ThereAreNoAutoTests (RunModel)" time="0.001" />
  <testcase classname="ptolemy.util.test.junit.AutoTests" name="[0] /home/travis/build/icyphy/ptII/ptolemy/actor/lib/test/auto/AbsoluteValue.xml (RunModel)" time="0.182" />
  <testcase classname="ptolemy.util.test.junit.AutoTests" name="[1] /home/travis/build/icyphy/ptII/ptolemy/actor/lib/test/auto/AbsoluteValue2.xml (RunModel)" time="0.03" />
  <testcase classname="ptolemy.util.test.junit.AutoTests" name="[2] /home/travis/build/icyphy/ptII/ptolemy/actor/lib/test/auto/Accumulator.xml (RunModel)" time="0.04" />
  <testcase classname="ptolemy.util.test.junit.AutoTests" name="[3] /home/travis/build/icyphy/ptII/ptolemy/actor/lib/test/auto/Accumulator2.xml (RunModel)" time="0.043" />
  <testcase classname="ptolemy.util.test.junit.AutoTests" name="[4] /home/travis/build/icyphy/ptII/ptolemy/actor/lib/test/auto/Accumulator3.xml (RunModel)" time="0.047" />
  <testcase classname="ptolemy.util.test.junit.AutoTests" name="[5] /home/travis/build/icyphy/ptII/ptolemy/actor/lib/test/auto/ArrayAppend.xml (RunModel)" time="0.07" />
  <testcase classname="ptolemy.util.test.junit.AutoTests" name="[6] /home/travis/build/icyphy/ptII/ptolemy/actor/lib/test/auto/ArrayAppend2.xml (RunModel)" time="0.423" />
  <testcase classname="ptolemy.util.test.junit.AutoTests" name="[7] /home/travis/build/icyphy/ptII/ptolemy/actor/lib/test/auto/ArrayAppend3.xml (RunModel)" time="0.05" />
  <testcase classname="ptolemy.util.test.junit.AutoTests" name="[8] /home/travis/build/icyphy/ptII/ptolemy/actor/lib/test/auto/ArrayAppend4.xml (RunModel)" time="0.037" />
  <testcase classname="ptolemy.util.test.junit.AutoTests" name="[9] /home/travis/build/icyphy/ptII/ptolemy/actor/lib/test/auto/ArrayAppend5.xml (RunModel)" time="0.022" />
  <testcase classname="ptolemy.util.test.junit.AutoTests" name="[10] /home/travis/build/icyphy/ptII/ptolemy/actor/lib/test/auto/ArrayAppend6.xml (RunModel)" time="0.032" />
  <testcase classname="ptolemy.util.test.junit.AutoTests" name="[11] /home/travis/build/icyphy/ptII/ptolemy/actor/lib/test/auto/ArrayAppendPerformanceTest.xml (RunModel)" time="0.056" />
  <testcase classname="ptolemy.util.test.junit.AutoTests" name="[12] /home/travis/build/icyphy/ptII/ptolemy/actor/lib/test/auto/ArrayAppendWithEmptyInput.xml (RunModel)" time="0.056" />
  <testcase classname="ptolemy.util.test.junit.AutoTests" name="[13] /home/travis/build/icyphy/ptII/ptolemy/actor/lib/test/auto/ArrayAverage.xml (RunModel)" time="0.061" />
  <testcase classname="ptolemy.util.test.junit.AutoTests" name="[14] /home/travis/build/icyphy/ptII/ptolemy/actor/lib/test/auto/ArrayContains.xml (RunModel)" time="0.025" />
  <testcase classname="ptolemy.util.test.junit.AutoTests" name="[15] /home/travis/build/icyphy/ptII/ptolemy/actor/lib/test/auto/ArrayElement.xml (RunModel)" time="0.023" />
  <testcase classname="ptolemy.util.test.junit.AutoTests" name="[16] /home/travis/build/icyphy/ptII/ptolemy/actor/lib/test/auto/ArrayElementAsMatrix.xml (RunModel)" time="0.063" />
  <testcase classname="ptolemy.util.test.junit.AutoTests" name="[17] /home/travis/build/icyphy/ptII/ptolemy/actor/lib/test/auto/ArrayElementI.xml (RunModel)" time="0.016" />
  <testcase classname="ptolemy.util.test.junit.AutoTests" name="[18] /home/travis/build/icyphy/ptII/ptolemy/actor/lib/test/auto/ArrayExtract.xml (RunModel)" time="0.526" />
  <testcase classname="ptolemy.util.test.junit.AutoTests" name="[19] /home/travis/build/icyphy/ptII/ptolemy/actor/lib/test/auto/ArrayExtract2.xml (RunModel)" time="0.033" />
  <testcase classname="ptolemy.util.test.junit.AutoTests" name="[20] /home/travis/build/icyphy/ptII/ptolemy/actor/lib/test/auto/ArrayLength.xml (RunModel)" time="0.034" />
  <testcase classname="ptolemy.util.test.junit.AutoTests" name="[21] /home/travis/build/icyphy/ptII/ptolemy/actor/lib/test/auto/ArrayLevelCrossing.xml (RunModel)" time="0.045" />
  <testcase classname="ptolemy.util.test.junit.AutoTests" name="[22] /home/travis/build/icyphy/ptII/ptolemy/actor/lib/test/auto/ArrayLevelCrossing2.xml (RunModel)" time="0.033" />
  <testcase classname="ptolemy.util.test.junit.AutoTests" name="[23] /home/travis/build/icyphy/ptII/ptolemy/actor/lib/test/auto/ArrayPeakSearch.xml (RunModel)" time="0.032" />
  <testcase classname="ptolemy.util.test.junit.AutoTests" name="[24] /home/travis/build/icyphy/ptII/ptolemy/actor/lib/test/auto/ArrayPeakSearch2.xml (RunModel)" time="0.044" />
  <testcase classname="ptolemy.util.test.junit.AutoTests" name="[25] /home/travis/build/icyphy/ptII/ptolemy/actor/lib/test/auto/ArrayPeakSearch3.xml (RunModel)" time="0.03" />
  <testcase classname="ptolemy.util.test.junit.AutoTests" name="[26] /home/travis/build/icyphy/ptII/ptolemy/actor/lib/test/auto/ArrayRemoveElement.xml (RunModel)" time="0.036" />
  <testcase classname="ptolemy.util.test.junit.AutoTests" name="[27] /home/travis/build/icyphy/ptII/ptolemy/actor/lib/test/auto/ArraySort.xml (RunModel)" time="0.03" />
  <testcase classname="ptolemy.util.test.junit.AutoTests" name="[28] /home/travis/build/icyphy/ptII/ptolemy/actor/lib/test/auto/ArraySum.xml (RunModel)" time="0.018" />
  <testcase classname="ptolemy.util.test.junit.AutoTests" name="[29] /home/travis/build/icyphy/ptII/ptolemy/actor/lib/test/auto/ArrayToElements.xml (RunModel)" time="0.019" />
  <testcase classname="ptolemy.util.test.junit.AutoTests" name="[30] /home/travis/build/icyphy/ptII/ptolemy/actor/lib/test/auto/ArrayToMatrix.xml (RunModel)" time="0.051" />
  <testcase classname="ptolemy.util.test.junit.AutoTests" name="[31] /home/travis/build/icyphy/ptII/ptolemy/actor/lib/test/auto/ArrayUpdate1.xml (RunModel)" time="0.018" />
  <testcase classname="ptolemy.util.test.junit.AutoTests" name="[32] /home/travis/build/icyphy/ptII/ptolemy/actor/lib/test/auto/ArrayUpdate2.xml (RunModel)" time="0.019" />
  <testcase classname="ptolemy.util.test.junit.AutoTests" name="[33] /home/travis/build/icyphy/ptII/ptolemy/actor/lib/test/auto/ArrayUpdate3.xml (RunModel)" time="0.024" />
  <testcase classname="ptolemy.util.test.junit.AutoTests" name="[34] /home/travis/build/icyphy/ptII/ptolemy/actor/lib/test/auto/Assert1.xml (RunModel)" time="0.025" />
  <testcase classname="ptolemy.util.test.junit.AutoTests" name="[35] /home/travis/build/icyphy/ptII/ptolemy/actor/lib/test/auto/Assert2.xml (RunModel)" time="0.017" />
  <testcase classname="ptolemy.util.test.junit.AutoTests" name="[36] /home/travis/build/icyphy/ptII/ptolemy/actor/lib/test/auto/BooleanMultiplexor.xml (RunModel)" time="0.022" />
  <testcase classname="ptolemy.util.test.junit.AutoTests" name="[37] /home/travis/build/icyphy/ptII/ptolemy/actor/lib/test/auto/BooleanMultiplexor2.xml (RunModel)" time="0.039" />
  <testcase classname="ptolemy.util.test.junit.AutoTests" name="[38] /home/travis/build/icyphy/ptII/ptolemy/actor/lib/test/auto/BooleanMultiplexor3.xml (RunModel)" time="0.019" />
  <testcase classname="ptolemy.util.test.junit.AutoTests" name="[39] /home/travis/build/icyphy/ptII/ptolemy/actor/lib/test/auto/BooleanSelect.xml (RunModel)" time="0.024" />
  <testcase classname="ptolemy.util.test.junit.AutoTests" name="[40] /home/travis/build/icyphy/ptII/ptolemy/actor/lib/test/auto/BooleanSelect2.xml (RunModel)" time="0.02" />
  <testcase classname="ptolemy.util.test.junit.AutoTests" name="[41] /home/travis/build/icyphy/ptII/ptolemy/actor/lib/test/auto/BooleanSwitch.xml (RunModel)" time="0.018" />
  <testcase classname="ptolemy.util.test.junit.AutoTests" name="[42] /home/travis/build/icyphy/ptII/ptolemy/actor/lib/test/auto/BooleanSwitch2.xml (RunModel)" time="0.013" />
  <testcase classname="ptolemy.util.test.junit.AutoTests" name="[43] /home/travis/build/icyphy/ptII/ptolemy/actor/lib/test/auto/BooleanSwitchCloningBugWithClassRelationGroup.xml (RunModel)" time="0.033" />
  <testcase classname="ptolemy.util.test.junit.AutoTests" name="[44] /home/travis/build/icyphy/ptII/ptolemy/actor/lib/test/auto/BusActors.xml (RunModel)" time="0.033" />
  <testcase classname="ptolemy.util.test.junit.AutoTests" name="[45] /home/travis/build/icyphy/ptII/ptolemy/actor/lib/test/auto/ClassWrapper.xml (RunModel)" time="0.01" />
  <testcase classname="ptolemy.util.test.junit.AutoTests" name="[46] /home/travis/build/icyphy/ptII/ptolemy/actor/lib/test/auto/Clock.xml (RunModel)" time="0.008" />
  <testcase classname="ptolemy.util.test.junit.AutoTests" name="[47] /home/travis/build/icyphy/ptII/ptolemy/actor/lib/test/auto/Clock10.xml (RunModel)" time="0.015" />
  <testcase classname="ptolemy.util.test.junit.AutoTests" name="[48] /home/travis/build/icyphy/ptII/ptolemy/actor/lib/test/auto/Clock11.xml (RunModel)" time="0.015" />
  <testcase classname="ptolemy.util.test.junit.AutoTests" name="[49] /home/travis/build/icyphy/ptII/ptolemy/actor/lib/test/auto/Clock12.xml (RunModel)" time="0.013" />
  <testcase classname="ptolemy.util.test.junit.AutoTests" name="[50] /home/travis/build/icyphy/ptII/ptolemy/actor/lib/test/auto/Clock13.xml (RunModel)" time="0.022" />
  <testcase classname="ptolemy.util.test.junit.AutoTests" name="[51] /home/travis/build/icyphy/ptII/ptolemy/actor/lib/test/auto/Clock14.xml (RunModel)" time="0.024" />
  <testcase classname="ptolemy.util.test.junit.AutoTests" name="[52] /home/travis/build/icyphy/ptII/ptolemy/actor/lib/test/auto/Clock15.xml (RunModel)" time="0.018" />
  <testcase classname="ptolemy.util.test.junit.AutoTests" name="[53] /home/travis/build/icyphy/ptII/ptolemy/actor/lib/test/auto/Clock16.xml (RunModel)" time="0.099" />
  <testcase classname="ptolemy.util.test.junit.AutoTests" name="[54] /home/travis/build/icyphy/ptII/ptolemy/actor/lib/test/auto/Clock17.xml (RunModel)" time="0.079" />
  <testcase classname="ptolemy.util.test.junit.AutoTests" name="[55] /home/travis/build/icyphy/ptII/ptolemy/actor/lib/test/auto/Clock18.xml (RunModel)" time="0.064" />
  <testcase classname="ptolemy.util.test.junit.AutoTests" name="[56] /home/travis/build/icyphy/ptII/ptolemy/actor/lib/test/auto/Clock19.xml (RunModel)" time="0.051" />
  <testcase classname="ptolemy.util.test.junit.AutoTests" name="[57] /home/travis/build/icyphy/ptII/ptolemy/actor/lib/test/auto/Clock2.xml (RunModel)" time="0.016" />
  <testcase classname="ptolemy.util.test.junit.AutoTests" name="[58] /home/travis/build/icyphy/ptII/ptolemy/actor/lib/test/auto/Clock20.xml (RunModel)" time="0.025" />
  <testcase classname="ptolemy.util.test.junit.AutoTests" name="[59] /home/travis/build/icyphy/ptII/ptolemy/actor/lib/test/auto/Clock21.xml (RunModel)" time="0.02" />
  <testcase classname="ptolemy.util.test.junit.AutoTests" name="[60] /home/travis/build/icyphy/ptII/ptolemy/actor/lib/test/auto/Clock22.xml (RunModel)" time="0.018" />
  <testcase classname="ptolemy.util.test.junit.AutoTests" name="[61] /home/travis/build/icyphy/ptII/ptolemy/actor/lib/test/auto/Clock23.xml (RunModel)" time="0.021" />
  <testcase classname="ptolemy.util.test.junit.AutoTests" name="[62] /home/travis/build/icyphy/ptII/ptolemy/actor/lib/test/auto/Clock24.xml (RunModel)" time="0.021" />
  <testcase classname="ptolemy.util.test.junit.AutoTests" name="[63] /home/travis/build/icyphy/ptII/ptolemy/actor/lib/test/auto/Clock4.xml (RunModel)" time="0.018" />
  <testcase classname="ptolemy.util.test.junit.AutoTests" name="[64] /home/travis/build/icyphy/ptII/ptolemy/actor/lib/test/auto/Clock5.xml (RunModel)" time="0.013" />
  <testcase classname="ptolemy.util.test.junit.AutoTests" name="[65] /home/travis/build/icyphy/ptII/ptolemy/actor/lib/test/auto/Clock6.xml (RunModel)" time="0.011" />
  <testcase classname="ptolemy.util.test.junit.AutoTests" name="[66] /home/travis/build/icyphy/ptII/ptolemy/actor/lib/test/auto/Clock7.xml (RunModel)" time="0.013" />
  <testcase classname="ptolemy.util.test.junit.AutoTests" name="[67] /home/travis/build/icyphy/ptII/ptolemy/actor/lib/test/auto/Clock8.xml (RunModel)" time="0.023" />
  <testcase classname="ptolemy.util.test.junit.AutoTests" name="[68] /home/travis/build/icyphy/ptII/ptolemy/actor/lib/test/auto/Clock9.xml (RunModel)" time="0.018" />
  <testcase classname="ptolemy.util.test.junit.AutoTests" name="[69] /home/travis/build/icyphy/ptII/ptolemy/actor/lib/test/auto/CommDistDiscard.xml (RunModel)" time="0.023" />
  <testcase classname="ptolemy.util.test.junit.AutoTests" name="[70] /home/travis/build/icyphy/ptII/ptolemy/actor/lib/test/auto/Commutator.xml (RunModel)" time="0.021" />
  <testcase classname="ptolemy.util.test.junit.AutoTests" name="[71] /home/travis/build/icyphy/ptII/ptolemy/actor/lib/test/auto/Commutator2.xml (RunModel)" time="0.012" />
  <testcase classname="ptolemy.util.test.junit.AutoTests" name="[72] /home/travis/build/icyphy/ptII/ptolemy/actor/lib/test/auto/Commutator3.xml (RunModel)" time="0.012" />
  <testcase classname="ptolemy.util.test.junit.AutoTests" name="[73] /home/travis/build/icyphy/ptII/ptolemy/actor/lib/test/auto/Compare.xml (RunModel)" time="0.02" />
  <testcase classname="ptolemy.util.test.junit.AutoTests" name="[74] /home/travis/build/icyphy/ptII/ptolemy/actor/lib/test/auto/CompareDE.xml (RunModel)" time="0.021" />
  <testcase classname="ptolemy.util.test.junit.AutoTests" name="[75] /home/travis/build/icyphy/ptII/ptolemy/actor/lib/test/auto/ComplexDivide.xml (RunModel)" time="0.01" />
  <testcase classname="ptolemy.util.test.junit.AutoTests" name="[76] /home/travis/build/icyphy/ptII/ptolemy/actor/lib/test/auto/ComputeHistogram.xml (RunModel)" time="0.065" />
  <testcase classname="ptolemy.util.test.junit.AutoTests" name="[77] /home/travis/build/icyphy/ptII/ptolemy/actor/lib/test/auto/ConfigurationSelect.xml (RunModel)" time="0.025" />
  <testcase classname="ptolemy.util.test.junit.AutoTests" name="[78] /home/travis/build/icyphy/ptII/ptolemy/actor/lib/test/auto/ConfigurationSelect2.xml (RunModel)" time="0.015" />
  <testcase classname="ptolemy.util.test.junit.AutoTests" name="[79] /home/travis/build/icyphy/ptII/ptolemy/actor/lib/test/auto/ConfigurationSwitch.xml (RunModel)" time="0.028" />
  <testcase classname="ptolemy.util.test.junit.AutoTests" name="[80] /home/travis/build/icyphy/ptII/ptolemy/actor/lib/test/auto/ConfigurationSwitch2.xml (RunModel)" time="0.019" />
  <testcase classname="ptolemy.util.test.junit.AutoTests" name="[81] /home/travis/build/icyphy/ptII/ptolemy/actor/lib/test/auto/ConfigurationSwitchCloningBugWithClassRelationGroup.xml (RunModel)" time="0.022" />
  <testcase classname="ptolemy.util.test.junit.AutoTests" name="[82] /home/travis/build/icyphy/ptII/ptolemy/actor/lib/test/auto/ConfigurationSwitchSelectSDF.xml (RunModel)" time="0.017" />
  <testcase classname="ptolemy.util.test.junit.AutoTests" name="[83] /home/travis/build/icyphy/ptII/ptolemy/actor/lib/test/auto/ConfigurationSwitchSelectSDF2.xml (RunModel)" time="0.027" />
  <testcase classname="ptolemy.util.test.junit.AutoTests" name="[84] /home/travis/build/icyphy/ptII/ptolemy/actor/lib/test/auto/Const.xml (RunModel)" time="0.006" />
  <testcase classname="ptolemy.util.test.junit.AutoTests" name="[85] /home/travis/build/icyphy/ptII/ptolemy/actor/lib/test/auto/Const2.xml (RunModel)" time="0.01" />
  <testcase classname="ptolemy.util.test.junit.AutoTests" name="[86] /home/travis/build/icyphy/ptII/ptolemy/actor/lib/test/auto/Const3.xml (RunModel)" time="0.005" />
  <testcase classname="ptolemy.util.test.junit.AutoTests" name="[87] /home/travis/build/icyphy/ptII/ptolemy/actor/lib/test/auto/ConstantPublisherPort1.xml (RunModel)" time="0.025" />
  <testcase classname="ptolemy.util.test.junit.AutoTests" name="[88] /home/travis/build/icyphy/ptII/ptolemy/actor/lib/test/auto/ConstantPublisherPort2.xml (RunModel)" time="0.027" />
  <testcase classname="ptolemy.util.test.junit.AutoTests" name="[89] /home/travis/build/icyphy/ptII/ptolemy/actor/lib/test/auto/ConstantPublisherPort3.xml (RunModel)" time="0.025" />
  <testcase classname="ptolemy.util.test.junit.AutoTests" name="[90] /home/travis/build/icyphy/ptII/ptolemy/actor/lib/test/auto/ConstantPublisherPort4.xml (RunModel)" time="0.024" />
  <testcase classname="ptolemy.util.test.junit.AutoTests" name="[91] /home/travis/build/icyphy/ptII/ptolemy/actor/lib/test/auto/ConstantPublisherPort5.xml (RunModel)" time="0.042" />
  <testcase classname="ptolemy.util.test.junit.AutoTests" name="[92] /home/travis/build/icyphy/ptII/ptolemy/actor/lib/test/auto/ConstantPublisherPort6.xml (RunModel)" time="0.031" />
  <testcase classname="ptolemy.util.test.junit.AutoTests" name="[93] /home/travis/build/icyphy/ptII/ptolemy/actor/lib/test/auto/ConstantPublisherPort7.xml (RunModel)" time="0.036" />
  <testcase classname="ptolemy.util.test.junit.AutoTests" name="[94] /home/travis/build/icyphy/ptII/ptolemy/actor/lib/test/auto/ConstraintMonitor1.xml (RunModel)" time="0.022" />
  <testcase classname="ptolemy.util.test.junit.AutoTests" name="[95] /home/travis/build/icyphy/ptII/ptolemy/actor/lib/test/auto/ConstraintMonitor2.xml (RunModel)" time="0.016" />
  <testcase classname="ptolemy.util.test.junit.AutoTests" name="[96] /home/travis/build/icyphy/ptII/ptolemy/actor/lib/test/auto/ConstraintMonitor3.xml (RunModel)" time="0.021" />
  <testcase classname="ptolemy.util.test.junit.AutoTests" name="[97] /home/travis/build/icyphy/ptII/ptolemy/actor/lib/test/auto/ConstraintMonitor4.xml (RunModel)" time="0.016" />
  <testcase classname="ptolemy.util.test.junit.AutoTests" name="[98] /home/travis/build/icyphy/ptII/ptolemy/actor/lib/test/auto/ConstraintMonitor5.xml (RunModel)" time="0.012" />
  <testcase classname="ptolemy.util.test.junit.AutoTests" name="[99] /home/travis/build/icyphy/ptII/ptolemy/actor/lib/test/auto/ConstraintMonitor6.xml (RunModel)" time="0.019" />
  <testcase classname="ptolemy.util.test.junit.AutoTests" name="[100] /home/travis/build/icyphy/ptII/ptolemy/actor/lib/test/auto/ConstraintMonitor7.xml (RunModel)" time="0.014" />
  <testcase classname="ptolemy.util.test.junit.AutoTests" name="[101] /home/travis/build/icyphy/ptII/ptolemy/actor/lib/test/auto/ConstraintMonitor8.xml (RunModel)" time="0.018" />
  <testcase classname="ptolemy.util.test.junit.AutoTests" name="[102] /home/travis/build/icyphy/ptII/ptolemy/actor/lib/test/auto/Counter.xml (RunModel)" time="0.013" />
  <testcase classname="ptolemy.util.test.junit.AutoTests" name="[103] /home/travis/build/icyphy/ptII/ptolemy/actor/lib/test/auto/CurrentTimeSDF.xml (RunModel)" time="0.008" />
  <testcase classname="ptolemy.util.test.junit.AutoTests" name="[104] /home/travis/build/icyphy/ptII/ptolemy/actor/lib/test/auto/DB.xml (RunModel)" time="0.014" />
  <testcase classname="ptolemy.util.test.junit.AutoTests" name="[105] /home/travis/build/icyphy/ptII/ptolemy/actor/lib/test/auto/DBDE.xml (RunModel)" time="0.016" />
  <testcase classname="ptolemy.util.test.junit.AutoTests" name="[106] /home/travis/build/icyphy/ptII/ptolemy/actor/lib/test/auto/DateConstructor.xml (RunModel)" time="0.071" />
  <testcase classname="ptolemy.util.test.junit.AutoTests" name="[107] /home/travis/build/icyphy/ptII/ptolemy/actor/lib/test/auto/DelayTime.xml (RunModel)" time="0.021" />
  <testcase classname="ptolemy.util.test.junit.AutoTests" name="[108] /home/travis/build/icyphy/ptII/ptolemy/actor/lib/test/auto/Dictionary1.xml (RunModel)" time="0.015" />
  <testcase classname="ptolemy.util.test.junit.AutoTests" name="[109] /home/travis/build/icyphy/ptII/ptolemy/actor/lib/test/auto/Dictionary2.xml (RunModel)" time="0.016" />
  <testcase classname="ptolemy.util.test.junit.AutoTests" name="[110] /home/travis/build/icyphy/ptII/ptolemy/actor/lib/test/auto/Dictionary3.xml (RunModel)" time="0.015" />
  <testcase classname="ptolemy.util.test.junit.AutoTests" name="[111] /home/travis/build/icyphy/ptII/ptolemy/actor/lib/test/auto/Dictionary4.xml (RunModel)" time="0.026" />
  <testcase classname="ptolemy.util.test.junit.AutoTests" name="[112] /home/travis/build/icyphy/ptII/ptolemy/actor/lib/test/auto/Differential.xml (RunModel)" time="0.012" />
  <testcase classname="ptolemy.util.test.junit.AutoTests" name="[113] /home/travis/build/icyphy/ptII/ptolemy/actor/lib/test/auto/Director.xml (RunModel)" time="0.013" />
  <testcase classname="ptolemy.util.test.junit.AutoTests" name="[114] /home/travis/build/icyphy/ptII/ptolemy/actor/lib/test/auto/DiscreteClock.xml (RunModel)" time="0.009" />
  <testcase classname="ptolemy.util.test.junit.AutoTests" name="[115] /home/travis/build/icyphy/ptII/ptolemy/actor/lib/test/auto/DiscreteClock10.xml (RunModel)" time="0.012" />
  <testcase classname="ptolemy.util.test.junit.AutoTests" name="[116] /home/travis/build/icyphy/ptII/ptolemy/actor/lib/test/auto/DiscreteClock11.xml (RunModel)" time="0.015" />
  <testcase classname="ptolemy.util.test.junit.AutoTests" name="[117] /home/travis/build/icyphy/ptII/ptolemy/actor/lib/test/auto/DiscreteClock12.xml (RunModel)" time="0.015" />
  <testcase classname="ptolemy.util.test.junit.AutoTests" name="[118] /home/travis/build/icyphy/ptII/ptolemy/actor/lib/test/auto/DiscreteClock13.xml (RunModel)" time="0.019" />
  <testcase classname="ptolemy.util.test.junit.AutoTests" name="[119] /home/travis/build/icyphy/ptII/ptolemy/actor/lib/test/auto/DiscreteClock14.xml (RunModel)" time="0.018" />
  <testcase classname="ptolemy.util.test.junit.AutoTests" name="[120] /home/travis/build/icyphy/ptII/ptolemy/actor/lib/test/auto/DiscreteClock15.xml (RunModel)" time="0.019" />
  <testcase classname="ptolemy.util.test.junit.AutoTests" name="[121] /home/travis/build/icyphy/ptII/ptolemy/actor/lib/test/auto/DiscreteClock16.xml (RunModel)" time="0.051" />
  <testcase classname="ptolemy.util.test.junit.AutoTests" name="[122] /home/travis/build/icyphy/ptII/ptolemy/actor/lib/test/auto/DiscreteClock17.xml (RunModel)" time="0.045" />
  <testcase classname="ptolemy.util.test.junit.AutoTests" name="[123] /home/travis/build/icyphy/ptII/ptolemy/actor/lib/test/auto/DiscreteClock18.xml (RunModel)" time="0.054" />
  <testcase classname="ptolemy.util.test.junit.AutoTests" name="[124] /home/travis/build/icyphy/ptII/ptolemy/actor/lib/test/auto/DiscreteClock19.xml (RunModel)" time="0.052" />
  <testcase classname="ptolemy.util.test.junit.AutoTests" name="[125] /home/travis/build/icyphy/ptII/ptolemy/actor/lib/test/auto/DiscreteClock2.xml (RunModel)" time="0.013" />
  <testcase classname="ptolemy.util.test.junit.AutoTests" name="[126] /home/travis/build/icyphy/ptII/ptolemy/actor/lib/test/auto/DiscreteClock20.xml (RunModel)" time="0.024" />
  <testcase classname="ptolemy.util.test.junit.AutoTests" name="[127] /home/travis/build/icyphy/ptII/ptolemy/actor/lib/test/auto/DiscreteClock21.xml (RunModel)" time="0.021" />
  <testcase classname="ptolemy.util.test.junit.AutoTests" name="[128] /home/travis/build/icyphy/ptII/ptolemy/actor/lib/test/auto/DiscreteClock22.xml (RunModel)" time="0.023" />
  <testcase classname="ptolemy.util.test.junit.AutoTests" name="[129] /home/travis/build/icyphy/ptII/ptolemy/actor/lib/test/auto/DiscreteClock23.xml (RunModel)" time="0.024" />
  <testcase classname="ptolemy.util.test.junit.AutoTests" name="[130] /home/travis/build/icyphy/ptII/ptolemy/actor/lib/test/auto/DiscreteClock24.xml (RunModel)" time="0.019" />
  <testcase classname="ptolemy.util.test.junit.AutoTests" name="[131] /home/travis/build/icyphy/ptII/ptolemy/actor/lib/test/auto/DiscreteClock4.xml (RunModel)" time="0.013" />
  <testcase classname="ptolemy.util.test.junit.AutoTests" name="[132] /home/travis/build/icyphy/ptII/ptolemy/actor/lib/test/auto/DiscreteClock5.xml (RunModel)" time="0.011" />
  <testcase classname="ptolemy.util.test.junit.AutoTests" name="[133] /home/travis/build/icyphy/ptII/ptolemy/actor/lib/test/auto/DiscreteClock6.xml (RunModel)" time="0.01" />
  <testcase classname="ptolemy.util.test.junit.AutoTests" name="[134] /home/travis/build/icyphy/ptII/ptolemy/actor/lib/test/auto/DiscreteClock7.xml (RunModel)" time="0.012" />
  <testcase classname="ptolemy.util.test.junit.AutoTests" name="[135] /home/travis/build/icyphy/ptII/ptolemy/actor/lib/test/auto/DiscreteClock8.xml (RunModel)" time="0.016" />
  <testcase classname="ptolemy.util.test.junit.AutoTests" name="[136] /home/travis/build/icyphy/ptII/ptolemy/actor/lib/test/auto/DiscreteClock9.xml (RunModel)" time="0.016" />
  <testcase classname="ptolemy.util.test.junit.AutoTests" name="[137] /home/travis/build/icyphy/ptII/ptolemy/actor/lib/test/auto/DisplayArray.xml (RunModel)" time="0.02" />
  <testcase classname="ptolemy.util.test.junit.AutoTests" name="[138] /home/travis/build/icyphy/ptII/ptolemy/actor/lib/test/auto/Distributor.xml (RunModel)" time="0.01" />
  <testcase classname="ptolemy.util.test.junit.AutoTests" name="[139] /home/travis/build/icyphy/ptII/ptolemy/actor/lib/test/auto/Distributor2.xml (RunModel)" time="0.012" />
  <testcase classname="ptolemy.util.test.junit.AutoTests" name="[140] /home/travis/build/icyphy/ptII/ptolemy/actor/lib/test/auto/DownSample.xml (RunModel)" time="0.011" />
  <testcase classname="ptolemy.util.test.junit.AutoTests" name="[141] /home/travis/build/icyphy/ptII/ptolemy/actor/lib/test/auto/ElectronicUnitBase1.xml (RunModel)" time="0.073" />
  <testcase classname="ptolemy.util.test.junit.AutoTests" name="[142] /home/travis/build/icyphy/ptII/ptolemy/actor/lib/test/auto/ElementsToArray.xml (RunModel)" time="0.011" />
  <testcase classname="ptolemy.util.test.junit.AutoTests" name="[143] /home/travis/build/icyphy/ptII/ptolemy/actor/lib/test/auto/Equals.xml (RunModel)" time="0.015" />
  <testcase classname="ptolemy.util.test.junit.AutoTests" name="[144] /home/travis/build/icyphy/ptII/ptolemy/actor/lib/test/auto/Exec.xml (RunModel)" time="0.025" />
  <testcase classname="ptolemy.util.test.junit.AutoTests" name="[145] /home/travis/build/icyphy/ptII/ptolemy/actor/lib/test/auto/ExecEnvironment.xml (RunModel)" time="0.04" />
  <testcase classname="ptolemy.util.test.junit.AutoTests" name="[146] /home/travis/build/icyphy/ptII/ptolemy/actor/lib/test/auto/ExecNonZeroReturnOutput.xml (RunModel)" time="0.15" />
  <testcase classname="ptolemy.util.test.junit.AutoTests" name="[147] /home/travis/build/icyphy/ptII/ptolemy/actor/lib/test/auto/ExecRunDemos.xml (RunModel)" time="9.665" />
  <testcase classname="ptolemy.util.test.junit.AutoTests" name="[148] /home/travis/build/icyphy/ptII/ptolemy/actor/lib/test/auto/ExecStop.xml (RunModel)" time="5.041" />
  <testcase classname="ptolemy.util.test.junit.AutoTests" name="[149] /home/travis/build/icyphy/ptII/ptolemy/actor/lib/test/auto/ExecutionTimePN.xml (RunModel)" time="2.037" />
  <testcase classname="ptolemy.util.test.junit.AutoTests" name="[150] /home/travis/build/icyphy/ptII/ptolemy/actor/lib/test/auto/ExecutionTimeSDF.xml (RunModel)" time="6.03" />
  <testcase classname="ptolemy.util.test.junit.AutoTests" name="[151] /home/travis/build/icyphy/ptII/ptolemy/actor/lib/test/auto/Expression1.xml (RunModel)" time="0.01" />
  <testcase classname="ptolemy.util.test.junit.AutoTests" name="[152] /home/travis/build/icyphy/ptII/ptolemy/actor/lib/test/auto/Expression10.xml (RunModel)" time="0.034" />
  <testcase classname="ptolemy.util.test.junit.AutoTests" name="[153] /home/travis/build/icyphy/ptII/ptolemy/actor/lib/test/auto/Expression11.xml (RunModel)" time="0.014" />
  <testcase classname="ptolemy.util.test.junit.AutoTests" name="[154] /home/travis/build/icyphy/ptII/ptolemy/actor/lib/test/auto/Expression12.xml (RunModel)" time="0.015" />
  <testcase classname="ptolemy.util.test.junit.AutoTests" name="[155] /home/travis/build/icyphy/ptII/ptolemy/actor/lib/test/auto/Expression13.xml (RunModel)" time="0.013" />
  <testcase classname="ptolemy.util.test.junit.AutoTests" name="[156] /home/travis/build/icyphy/ptII/ptolemy/actor/lib/test/auto/Expression14.xml (RunModel)" time="0.02" />
  <testcase classname="ptolemy.util.test.junit.AutoTests" name="[157] /home/travis/build/icyphy/ptII/ptolemy/actor/lib/test/auto/Expression15.xml (RunModel)" time="0.009" />
  <testcase classname="ptolemy.util.test.junit.AutoTests" name="[158] /home/travis/build/icyphy/ptII/ptolemy/actor/lib/test/auto/Expression16.xml (RunModel)" time="0.012" />
  <testcase classname="ptolemy.util.test.junit.AutoTests" name="[159] /home/travis/build/icyphy/ptII/ptolemy/actor/lib/test/auto/Expression17.xml (RunModel)" time="0.011" />
  <testcase classname="ptolemy.util.test.junit.AutoTests" name="[160] /home/travis/build/icyphy/ptII/ptolemy/actor/lib/test/auto/Expression18.xml (RunModel)" time="0.014" />
  <testcase classname="ptolemy.util.test.junit.AutoTests" name="[161] /home/travis/build/icyphy/ptII/ptolemy/actor/lib/test/auto/Expression2.xml (RunModel)" time="0.012" />
  <testcase classname="ptolemy.util.test.junit.AutoTests" name="[162] /home/travis/build/icyphy/ptII/ptolemy/actor/lib/test/auto/Expression3.xml (RunModel)" time="0.011" />
  <testcase classname="ptolemy.util.test.junit.AutoTests" name="[163] /home/travis/build/icyphy/ptII/ptolemy/actor/lib/test/auto/Expression4.xml (RunModel)" time="0.021" />
  <testcase classname="ptolemy.util.test.junit.AutoTests" name="[164] /home/travis/build/icyphy/ptII/ptolemy/actor/lib/test/auto/Expression5.xml (RunModel)" time="0.012" />
  <testcase classname="ptolemy.util.test.junit.AutoTests" name="[165] /home/travis/build/icyphy/ptII/ptolemy/actor/lib/test/auto/Expression6.xml (RunModel)" time="0.011" />
  <testcase classname="ptolemy.util.test.junit.AutoTests" name="[166] /home/travis/build/icyphy/ptII/ptolemy/actor/lib/test/auto/Expression7.xml (RunModel)" time="0.012" />
  <testcase classname="ptolemy.util.test.junit.AutoTests" name="[167] /home/travis/build/icyphy/ptII/ptolemy/actor/lib/test/auto/Expression8.xml (RunModel)" time="0.011" />
  <testcase classname="ptolemy.util.test.junit.AutoTests" name="[168] /home/travis/build/icyphy/ptII/ptolemy/actor/lib/test/auto/Expression9.xml (RunModel)" time="0.008" />
  <testcase classname="ptolemy.util.test.junit.AutoTests" name="[169] /home/travis/build/icyphy/ptII/ptolemy/actor/lib/test/auto/ExpressionConcatenateArrayType.xml (RunModel)" time="0.025" />
  <testcase classname="ptolemy.util.test.junit.AutoTests" name="[170] /home/travis/build/icyphy/ptII/ptolemy/actor/lib/test/auto/ExpressionConcatenateArrayType2.xml (RunModel)" time="0.017" />
  <testcase classname="ptolemy.util.test.junit.AutoTests" name="[171] /home/travis/build/icyphy/ptII/ptolemy/actor/lib/test/auto/ExpressionFix.xml (RunModel)" time="0.028" />
  <testcase classname="ptolemy.util.test.junit.AutoTests" name="[172] /home/travis/build/icyphy/ptII/ptolemy/actor/lib/test/auto/ExpressionFix2.xml (RunModel)" time="0.009" />
  <testcase classname="ptolemy.util.test.junit.AutoTests" name="[173] /home/travis/build/icyphy/ptII/ptolemy/actor/lib/test/auto/ExpressionFix3.xml (RunModel)" time="0.011" />
  <testcase classname="ptolemy.util.test.junit.AutoTests" name="[174] /home/travis/build/icyphy/ptII/ptolemy/actor/lib/test/auto/FileWriter1.xml (RunModel)" time="0.01" />
  <testcase classname="ptolemy.util.test.junit.AutoTests" name="[175] /home/travis/build/icyphy/ptII/ptolemy/actor/lib/test/auto/FileWriter2.xml (RunModel)" time="0.01" />
  <testcase classname="ptolemy.util.test.junit.AutoTests" name="[176] /home/travis/build/icyphy/ptII/ptolemy/actor/lib/test/auto/FileWriter3.xml (RunModel)" time="0.011" />
  <testcase classname="ptolemy.util.test.junit.AutoTests" name="[177] /home/travis/build/icyphy/ptII/ptolemy/actor/lib/test/auto/Gaussian.xml (RunModel)" time="0.01" />
  <testcase classname="ptolemy.util.test.junit.AutoTests" name="[178] /home/travis/build/icyphy/ptII/ptolemy/actor/lib/test/auto/Gaussian1.xml (RunModel)" time="0.013" />
  <testcase classname="ptolemy.util.test.junit.AutoTests" name="[179] /home/travis/build/icyphy/ptII/ptolemy/actor/lib/test/auto/Gaussian2.xml (RunModel)" time="0.015" />
  <testcase classname="ptolemy.util.test.junit.AutoTests" name="[180] /home/travis/build/icyphy/ptII/ptolemy/actor/lib/test/auto/GradientAdaptiveLattice.xml (RunModel)" time="0.016" />
  <testcase classname="ptolemy.util.test.junit.AutoTests" name="[181] /home/travis/build/icyphy/ptII/ptolemy/actor/lib/test/auto/IIR.xml (RunModel)" time="0.01" />
  <testcase classname="ptolemy.util.test.junit.AutoTests" name="[182] /home/travis/build/icyphy/ptII/ptolemy/actor/lib/test/auto/InputOutputTransparentPorts.xml (RunModel)" time="0.02" />
  <testcase classname="ptolemy.util.test.junit.AutoTests" name="[183] /home/travis/build/icyphy/ptII/ptolemy/actor/lib/test/auto/Interpolator.xml (RunModel)" time="0.013" />
  <testcase classname="ptolemy.util.test.junit.AutoTests" name="[184] /home/travis/build/icyphy/ptII/ptolemy/actor/lib/test/auto/InterpolatorFiringLimitDE.xml (RunModel)" time="0.014" />
  <testcase classname="ptolemy.util.test.junit.AutoTests" name="[185] /home/travis/build/icyphy/ptII/ptolemy/actor/lib/test/auto/Lattice.xml (RunModel)" time="0.01" />
  <testcase classname="ptolemy.util.test.junit.AutoTests" name="[186] /home/travis/build/icyphy/ptII/ptolemy/actor/lib/test/auto/LazyAOCTestLazy.xml (RunModel)" time="0.023" />
  <testcase classname="ptolemy.util.test.junit.AutoTests" name="[187] /home/travis/build/icyphy/ptII/ptolemy/actor/lib/test/auto/LazyAOCTestNonLazy.xml (RunModel)" time="0.019" />
  <testcase classname="ptolemy.util.test.junit.AutoTests" name="[188] /home/travis/build/icyphy/ptII/ptolemy/actor/lib/test/auto/LazyInnerClass.xml (RunModel)" time="0.023" />
  <testcase classname="ptolemy.util.test.junit.AutoTests" name="[189] /home/travis/build/icyphy/ptII/ptolemy/actor/lib/test/auto/LazyPubSub.xml (RunModel)" time="0.028" />
  <testcase classname="ptolemy.util.test.junit.AutoTests" name="[190] /home/travis/build/icyphy/ptII/ptolemy/actor/lib/test/auto/LazyPubSub2.xml (RunModel)" time="0.039" />
  <testcase classname="ptolemy.util.test.junit.AutoTests" name="[191] /home/travis/build/icyphy/ptII/ptolemy/actor/lib/test/auto/LazyPubSub3.xml (RunModel)" time="0.073" />
  <testcase classname="ptolemy.util.test.junit.AutoTests" name="[192] /home/travis/build/icyphy/ptII/ptolemy/actor/lib/test/auto/LazySubClassModel.xml (RunModel)" time="0.059" />
  <testcase classname="ptolemy.util.test.junit.AutoTests" name="[193] /home/travis/build/icyphy/ptII/ptolemy/actor/lib/test/auto/LevelCrossTest1.xml (RunModel)" time="0.012" />
  <testcase classname="ptolemy.util.test.junit.AutoTests" name="[194] /home/travis/build/icyphy/ptII/ptolemy/actor/lib/test/auto/LevelCrossTest10.xml (RunModel)" time="0.015" />
  <testcase classname="ptolemy.util.test.junit.AutoTests" name="[195] /home/travis/build/icyphy/ptII/ptolemy/actor/lib/test/auto/LevelCrossTest11.xml (RunModel)" time="0.013" />
  <testcase classname="ptolemy.util.test.junit.AutoTests" name="[196] /home/travis/build/icyphy/ptII/ptolemy/actor/lib/test/auto/LevelCrossTest12.xml (RunModel)" time="0.015" />
  <testcase classname="ptolemy.util.test.junit.AutoTests" name="[197] /home/travis/build/icyphy/ptII/ptolemy/actor/lib/test/auto/LevelCrossTest13.xml (RunModel)" time="0.015" />
  <testcase classname="ptolemy.util.test.junit.AutoTests" name="[198] /home/travis/build/icyphy/ptII/ptolemy/actor/lib/test/auto/LevelCrossTest2.xml (RunModel)" time="0.011" />
  <testcase classname="ptolemy.util.test.junit.AutoTests" name="[199] /home/travis/build/icyphy/ptII/ptolemy/actor/lib/test/auto/LevelCrossTest3.xml (RunModel)" time="0.016" />
  <testcase classname="ptolemy.util.test.junit.AutoTests" name="[200] /home/travis/build/icyphy/ptII/ptolemy/actor/lib/test/auto/LevelCrossTest4.xml (RunModel)" time="0.011" />
  <testcase classname="ptolemy.util.test.junit.AutoTests" name="[201] /home/travis/build/icyphy/ptII/ptolemy/actor/lib/test/auto/LevelCrossTest5.xml (RunModel)" time="0.014" />
  <testcase classname="ptolemy.util.test.junit.AutoTests" name="[202] /home/travis/build/icyphy/ptII/ptolemy/actor/lib/test/auto/LevelCrossTest6.xml (RunModel)" time="0.014" />
  <testcase classname="ptolemy.util.test.junit.AutoTests" name="[203] /home/travis/build/icyphy/ptII/ptolemy/actor/lib/test/auto/LevelCrossTest7.xml (RunModel)" time="0.014" />
  <testcase classname="ptolemy.util.test.junit.AutoTests" name="[204] /home/travis/build/icyphy/ptII/ptolemy/actor/lib/test/auto/LevelCrossTest8.xml (RunModel)" time="0.014" />
  <testcase classname="ptolemy.util.test.junit.AutoTests" name="[205] /home/travis/build/icyphy/ptII/ptolemy/actor/lib/test/auto/LevelCrossTest9.xml (RunModel)" time="0.015" />
  <testcase classname="ptolemy.util.test.junit.AutoTests" name="[206] /home/travis/build/icyphy/ptII/ptolemy/actor/lib/test/auto/LevinsonDurbin.xml (RunModel)" time="0.009" />
  <testcase classname="ptolemy.util.test.junit.AutoTests" name="[207] /home/travis/build/icyphy/ptII/ptolemy/actor/lib/test/auto/LevinsonDurbin2.xml (RunModel)" time="0.008" />
  <testcase classname="ptolemy.util.test.junit.AutoTests" name="[208] /home/travis/build/icyphy/ptII/ptolemy/actor/lib/test/auto/LevinsonDurbin3.xml (RunModel)" time="0.008" />
  <testcase classname="ptolemy.util.test.junit.AutoTests" name="[209] /home/travis/build/icyphy/ptII/ptolemy/actor/lib/test/auto/Limiter.xml (RunModel)" time="0.025" />
  <testcase classname="ptolemy.util.test.junit.AutoTests" name="[210] /home/travis/build/icyphy/ptII/ptolemy/actor/lib/test/auto/LinearDifferenceEquationSystem.xml (RunModel)" time="0.023" />
  <testcase classname="ptolemy.util.test.junit.AutoTests" name="[211] /home/travis/build/icyphy/ptII/ptolemy/actor/lib/test/auto/LookupTable.xml (RunModel)" time="0.01" />
  <testcase classname="ptolemy.util.test.junit.AutoTests" name="[212] /home/travis/build/icyphy/ptII/ptolemy/actor/lib/test/auto/MathFunction.xml (RunModel)" time="0.024" />
  <testcase classname="ptolemy.util.test.junit.AutoTests" name="[213] /home/travis/build/icyphy/ptII/ptolemy/actor/lib/test/auto/MathFunction2.xml (RunModel)" time="0.009" />
  <testcase classname="ptolemy.util.test.junit.AutoTests" name="[214] /home/travis/build/icyphy/ptII/ptolemy/actor/lib/test/auto/MathFunction3.xml (RunModel)" time="0.021" />
  <testcase classname="ptolemy.util.test.junit.AutoTests" name="[215] /home/travis/build/icyphy/ptII/ptolemy/actor/lib/test/auto/MatrixCropBoolean.xml (RunModel)" time="0.01" />
  <testcase classname="ptolemy.util.test.junit.AutoTests" name="[216] /home/travis/build/icyphy/ptII/ptolemy/actor/lib/test/auto/MatrixCropComplex.xml (RunModel)" time="0.01" />
  <testcase classname="ptolemy.util.test.junit.AutoTests" name="[217] /home/travis/build/icyphy/ptII/ptolemy/actor/lib/test/auto/MatrixCropDouble.xml (RunModel)" time="0.01" />
  <testcase classname="ptolemy.util.test.junit.AutoTests" name="[218] /home/travis/build/icyphy/ptII/ptolemy/actor/lib/test/auto/MatrixCropFix.xml (RunModel)" time="0.014" />
  <testcase classname="ptolemy.util.test.junit.AutoTests" name="[219] /home/travis/build/icyphy/ptII/ptolemy/actor/lib/test/auto/MatrixCropInt.xml (RunModel)" time="0.009" />
  <testcase classname="ptolemy.util.test.junit.AutoTests" name="[220] /home/travis/build/icyphy/ptII/ptolemy/actor/lib/test/auto/MatrixCropLong.xml (RunModel)" time="0.009" />
  <testcase classname="ptolemy.util.test.junit.AutoTests" name="[221] /home/travis/build/icyphy/ptII/ptolemy/actor/lib/test/auto/MatrixToArray.xml (RunModel)" time="0.069" />
  <testcase classname="ptolemy.util.test.junit.AutoTests" name="[222] /home/travis/build/icyphy/ptII/ptolemy/actor/lib/test/auto/MaxIndex.xml (RunModel)" time="0.015" />
  <testcase classname="ptolemy.util.test.junit.AutoTests" name="[223] /home/travis/build/icyphy/ptII/ptolemy/actor/lib/test/auto/Maximum.xml (RunModel)" time="0.015" />
  <testcase classname="ptolemy.util.test.junit.AutoTests" name="[224] /home/travis/build/icyphy/ptII/ptolemy/actor/lib/test/auto/MaximumComplex.xml (RunModel)" time="0.018" />
  <testcase classname="ptolemy.util.test.junit.AutoTests" name="[225] /home/travis/build/icyphy/ptII/ptolemy/actor/lib/test/auto/MethodCallTest.xml (RunModel)" time="0.023" />
  <testcase classname="ptolemy.util.test.junit.AutoTests" name="[226] /home/travis/build/icyphy/ptII/ptolemy/actor/lib/test/auto/Minimum.xml (RunModel)" time="0.014" />
  <testcase classname="ptolemy.util.test.junit.AutoTests" name="[227] /home/travis/build/icyphy/ptII/ptolemy/actor/lib/test/auto/MinimumComplex.xml (RunModel)" time="0.018" />
  <testcase classname="ptolemy.util.test.junit.AutoTests" name="[228] /home/travis/build/icyphy/ptII/ptolemy/actor/lib/test/auto/MinimumMultiports.xml (RunModel)" time="0.025" />
  <testcase classname="ptolemy.util.test.junit.AutoTests" name="[229] /home/travis/build/icyphy/ptII/ptolemy/actor/lib/test/auto/ModifyDate.xml (RunModel)" time="0.051" />
  <testcase classname="ptolemy.util.test.junit.AutoTests" name="[230] /home/travis/build/icyphy/ptII/ptolemy/actor/lib/test/auto/ModifyDate2.xml (RunModel)" time="0.046" />
  <testcase classname="ptolemy.util.test.junit.AutoTests" name="[231] /home/travis/build/icyphy/ptII/ptolemy/actor/lib/test/auto/MovingAverage.xml (RunModel)" time="0.013" />
  <testcase classname="ptolemy.util.test.junit.AutoTests" name="[232] /home/travis/build/icyphy/ptII/ptolemy/actor/lib/test/auto/MovingMaximum.xml (RunModel)" time="0.01" />
  <testcase classname="ptolemy.util.test.junit.AutoTests" name="[233] /home/travis/build/icyphy/ptII/ptolemy/actor/lib/test/auto/MultipleLinksToSameRelation.xml (RunModel)" time="0.008" />
  <testcase classname="ptolemy.util.test.junit.AutoTests" name="[234] /home/travis/build/icyphy/ptII/ptolemy/actor/lib/test/auto/MultipleLinksToSameRelationDE.xml (RunModel)" time="0.011" />
  <testcase classname="ptolemy.util.test.junit.AutoTests" name="[235] /home/travis/build/icyphy/ptII/ptolemy/actor/lib/test/auto/Multiplexor.xml (RunModel)" time="0.011" />
  <testcase classname="ptolemy.util.test.junit.AutoTests" name="[236] /home/travis/build/icyphy/ptII/ptolemy/actor/lib/test/auto/Multiplexor1.xml (RunModel)" time="0.012" />
  <testcase classname="ptolemy.util.test.junit.AutoTests" name="[237] /home/travis/build/icyphy/ptII/ptolemy/actor/lib/test/auto/Multiplexor2.xml (RunModel)" time="0.013" />
  <testcase classname="ptolemy.util.test.junit.AutoTests" name="[238] /home/travis/build/icyphy/ptII/ptolemy/actor/lib/test/auto/Multiplexor3.xml (RunModel)" time="0.008" />
  <testcase classname="ptolemy.util.test.junit.AutoTests" name="[239] /home/travis/build/icyphy/ptII/ptolemy/actor/lib/test/auto/MultiplexorDE.xml (RunModel)" time="0.018" />
  <testcase classname="ptolemy.util.test.junit.AutoTests" name="[240] /home/travis/build/icyphy/ptII/ptolemy/actor/lib/test/auto/MultiportBroadcastTest.xml (RunModel)" time="0.083" />
  <testcase classname="ptolemy.util.test.junit.AutoTests" name="[241] /home/travis/build/icyphy/ptII/ptolemy/actor/lib/test/auto/MultiportOutHangDuringGetWidth.xml (RunModel)" time="0.032" />
  <testcase classname="ptolemy.util.test.junit.AutoTests" name="[242] /home/travis/build/icyphy/ptII/ptolemy/actor/lib/test/auto/NilToken.xml (RunModel)" time="0.007" />
  <testcase classname="ptolemy.util.test.junit.AutoTests" name="[243] /home/travis/build/icyphy/ptII/ptolemy/actor/lib/test/auto/NilTokenNonStrictTest.xml (RunModel)" time="0.011" />
  <testcase classname="ptolemy.util.test.junit.AutoTests" name="[244] /home/travis/build/icyphy/ptII/ptolemy/actor/lib/test/auto/NilTokenRecord.xml (RunModel)" time="0.019" />
  <testcase classname="ptolemy.util.test.junit.AutoTests" name="[245] /home/travis/build/icyphy/ptII/ptolemy/actor/lib/test/auto/NilTokenTypeTest.xml (RunModel)" time="0.029" />
  <testcase classname="ptolemy.util.test.junit.AutoTests" name="[246] /home/travis/build/icyphy/ptII/ptolemy/actor/lib/test/auto/ObjectToken1.xml (RunModel)" time="0.008" />
  <testcase classname="ptolemy.util.test.junit.AutoTests" name="[247] /home/travis/build/icyphy/ptII/ptolemy/actor/lib/test/auto/OrderedMerge.xml (RunModel)" time="0.012" />
  <testcase classname="ptolemy.util.test.junit.AutoTests" name="[248] /home/travis/build/icyphy/ptII/ptolemy/actor/lib/test/auto/OrderedRecordDisassembler.xml (RunModel)" time="0.013" />
  <testcase classname="ptolemy.util.test.junit.AutoTests" name="[249] /home/travis/build/icyphy/ptII/ptolemy/actor/lib/test/auto/OrderedRecordDisassembler2.xml (RunModel)" time="0.018" />
  <testcase classname="ptolemy.util.test.junit.AutoTests" name="[250] /home/travis/build/icyphy/ptII/ptolemy/actor/lib/test/auto/OrderedRecordUpdater.xml (RunModel)" time="0.009" />
  <testcase classname="ptolemy.util.test.junit.AutoTests" name="[251] /home/travis/build/icyphy/ptII/ptolemy/actor/lib/test/auto/OrderedRecordUpdater2.xml (RunModel)" time="0.01" />
  <testcase classname="ptolemy.util.test.junit.AutoTests" name="[252] /home/travis/build/icyphy/ptII/ptolemy/actor/lib/test/auto/PhaseUnwrap.xml (RunModel)" time="0.012" />
  <testcase classname="ptolemy.util.test.junit.AutoTests" name="[253] /home/travis/build/icyphy/ptII/ptolemy/actor/lib/test/auto/PoissonClock.xml (RunModel)" time="0.009" />
  <testcase classname="ptolemy.util.test.junit.AutoTests" name="[254] /home/travis/build/icyphy/ptII/ptolemy/actor/lib/test/auto/PoissonClock2.xml (RunModel)" time="0.01" />
  <testcase classname="ptolemy.util.test.junit.AutoTests" name="[255] /home/travis/build/icyphy/ptII/ptolemy/actor/lib/test/auto/PoissonClock3.xml (RunModel)" time="0.011" />
  <testcase classname="ptolemy.util.test.junit.AutoTests" name="[256] /home/travis/build/icyphy/ptII/ptolemy/actor/lib/test/auto/PubSubWithInitialTokens.xml (RunModel)" time="0.011" />
  <testcase classname="ptolemy.util.test.junit.AutoTests" name="[257] /home/travis/build/icyphy/ptII/ptolemy/actor/lib/test/auto/PubSubWithInitialTokens2.xml (RunModel)" time="0.012" />
  <testcase classname="ptolemy.util.test.junit.AutoTests" name="[258] /home/travis/build/icyphy/ptII/ptolemy/actor/lib/test/auto/PublisherClassNoParameter.xml (RunModel)" time="0.022" />
  <testcase classname="ptolemy.util.test.junit.AutoTests" name="[259] /home/travis/build/icyphy/ptII/ptolemy/actor/lib/test/auto/PublisherClassParameter.xml (RunModel)" time="0.025" />
  <testcase classname="ptolemy.util.test.junit.AutoTests" name="[260] /home/travis/build/icyphy/ptII/ptolemy/actor/lib/test/auto/PublisherNonStrictTest.xml (RunModel)" time="0.018" />
  <testcase classname="ptolemy.util.test.junit.AutoTests" name="[261] /home/travis/build/icyphy/ptII/ptolemy/actor/lib/test/auto/PublisherPort1.xml (RunModel)" time="0.015" />
  <testcase classname="ptolemy.util.test.junit.AutoTests" name="[262] /home/travis/build/icyphy/ptII/ptolemy/actor/lib/test/auto/PublisherPort2.xml (RunModel)" time="0.009" />
  <testcase classname="ptolemy.util.test.junit.AutoTests" name="[263] /home/travis/build/icyphy/ptII/ptolemy/actor/lib/test/auto/PublisherPort3.xml (RunModel)" time="0.013" />
  <testcase classname="ptolemy.util.test.junit.AutoTests" name="[264] /home/travis/build/icyphy/ptII/ptolemy/actor/lib/test/auto/PublisherPort4.xml (RunModel)" time="0.012" />
  <testcase classname="ptolemy.util.test.junit.AutoTests" name="[265] /home/travis/build/icyphy/ptII/ptolemy/actor/lib/test/auto/PublisherPort5.xml (RunModel)" time="0.016" />
  <testcase classname="ptolemy.util.test.junit.AutoTests" name="[266] /home/travis/build/icyphy/ptII/ptolemy/actor/lib/test/auto/PublisherPort5LookAlike.xml (RunModel)" time="0.016" />
  <testcase classname="ptolemy.util.test.junit.AutoTests" name="[267] /home/travis/build/icyphy/ptII/ptolemy/actor/lib/test/auto/PublisherPort6.xml (RunModel)" time="0.014" />
  <testcase classname="ptolemy.util.test.junit.AutoTests" name="[268] /home/travis/build/icyphy/ptII/ptolemy/actor/lib/test/auto/PublisherPort7.xml (RunModel)" time="0.016" />
  <testcase classname="ptolemy.util.test.junit.AutoTests" name="[269] /home/travis/build/icyphy/ptII/ptolemy/actor/lib/test/auto/PublisherPort8.xml (RunModel)" time="0.018" />
  <testcase classname="ptolemy.util.test.junit.AutoTests" name="[270] /home/travis/build/icyphy/ptII/ptolemy/actor/lib/test/auto/PublisherPortSubscriberChannelVariablesAOC2.xml (RunModel)" time="0.034" />
  <testcase classname="ptolemy.util.test.junit.AutoTests" name="[271] /home/travis/build/icyphy/ptII/ptolemy/actor/lib/test/auto/PublisherPortSubscriberOpaqueWidthInference.xml (RunModel)" time="0.019" />
  <testcase classname="ptolemy.util.test.junit.AutoTests" name="[272] /home/travis/build/icyphy/ptII/ptolemy/actor/lib/test/auto/PublisherPortSubscriberPortAdjacent.xml (RunModel)" time="0.019" />
  <testcase classname="ptolemy.util.test.junit.AutoTests" name="[273] /home/travis/build/icyphy/ptII/ptolemy/actor/lib/test/auto/PublisherPortSubscriberPortExpression.xml (RunModel)" time="0.017" />
  <testcase classname="ptolemy.util.test.junit.AutoTests" name="[274] /home/travis/build/icyphy/ptII/ptolemy/actor/lib/test/auto/PublisherPortSubscriberPortOpaqueD3Reverse.xml (RunModel)" time="0.022" />
  <testcase classname="ptolemy.util.test.junit.AutoTests" name="[275] /home/travis/build/icyphy/ptII/ptolemy/actor/lib/test/auto/PublisherPortSubscriberPortOpaqueWidthInference.xml (RunModel)" time="0.017" />
  <testcase classname="ptolemy.util.test.junit.AutoTests" name="[276] /home/travis/build/icyphy/ptII/ptolemy/actor/lib/test/auto/PublisherPortToplevelSubscriberPortAOC.xml (RunModel)" time="0.01" />
  <testcase classname="ptolemy.util.test.junit.AutoTests" name="[277] /home/travis/build/icyphy/ptII/ptolemy/actor/lib/test/auto/PublisherSubscriber.xml (RunModel)" time="0.014" />
  <testcase classname="ptolemy.util.test.junit.AutoTests" name="[278] /home/travis/build/icyphy/ptII/ptolemy/actor/lib/test/auto/PublisherSubscriber10.xml (RunModel)" time="0.021" />
  <testcase classname="ptolemy.util.test.junit.AutoTests" name="[279] /home/travis/build/icyphy/ptII/ptolemy/actor/lib/test/auto/PublisherSubscriber10InitialOutputs.xml (RunModel)" time="0.021" />
  <testcase classname="ptolemy.util.test.junit.AutoTests" name="[280] /home/travis/build/icyphy/ptII/ptolemy/actor/lib/test/auto/PublisherSubscriber11.xml (RunModel)" time="0.012" />
  <testcase classname="ptolemy.util.test.junit.AutoTests" name="[281] /home/travis/build/icyphy/ptII/ptolemy/actor/lib/test/auto/PublisherSubscriber12.xml (RunModel)" time="0.014" />
  <testcase classname="ptolemy.util.test.junit.AutoTests" name="[282] /home/travis/build/icyphy/ptII/ptolemy/actor/lib/test/auto/PublisherSubscriber13.xml (RunModel)" time="0.012" />
  <testcase classname="ptolemy.util.test.junit.AutoTests" name="[283] /home/travis/build/icyphy/ptII/ptolemy/actor/lib/test/auto/PublisherSubscriber14.xml (RunModel)" time="0.019" />
  <testcase classname="ptolemy.util.test.junit.AutoTests" name="[284] /home/travis/build/icyphy/ptII/ptolemy/actor/lib/test/auto/PublisherSubscriber2.xml (RunModel)" time="0.01" />
  <testcase classname="ptolemy.util.test.junit.AutoTests" name="[285] /home/travis/build/icyphy/ptII/ptolemy/actor/lib/test/auto/PublisherSubscriber3.xml (RunModel)" time="0.011" />
  <testcase classname="ptolemy.util.test.junit.AutoTests" name="[286] /home/travis/build/icyphy/ptII/ptolemy/actor/lib/test/auto/PublisherSubscriber4.xml (RunModel)" time="0.01" />
  <testcase classname="ptolemy.util.test.junit.AutoTests" name="[287] /home/travis/build/icyphy/ptII/ptolemy/actor/lib/test/auto/PublisherSubscriber5.xml (RunModel)" time="0.013" />
  <testcase classname="ptolemy.util.test.junit.AutoTests" name="[288] /home/travis/build/icyphy/ptII/ptolemy/actor/lib/test/auto/PublisherSubscriber6.xml (RunModel)" time="0.014" />
  <testcase classname="ptolemy.util.test.junit.AutoTests" name="[289] /home/travis/build/icyphy/ptII/ptolemy/actor/lib/test/auto/PublisherSubscriber7.xml (RunModel)" time="0.014" />
  <testcase classname="ptolemy.util.test.junit.AutoTests" name="[290] /home/travis/build/icyphy/ptII/ptolemy/actor/lib/test/auto/PublisherSubscriber8.xml (RunModel)" time="0.026" />
  <testcase classname="ptolemy.util.test.junit.AutoTests" name="[291] /home/travis/build/icyphy/ptII/ptolemy/actor/lib/test/auto/PublisherSubscriber9.xml (RunModel)" time="0.021" />
  <testcase classname="ptolemy.util.test.junit.AutoTests" name="[292] /home/travis/build/icyphy/ptII/ptolemy/actor/lib/test/auto/PublisherSubscriberAdjacent.xml (RunModel)" time="0.019" />
  <testcase classname="ptolemy.util.test.junit.AutoTests" name="[293] /home/travis/build/icyphy/ptII/ptolemy/actor/lib/test/auto/PublisherSubscriberChannelVariablesAOC2.xml (RunModel)" time="0.029" />
  <testcase classname="ptolemy.util.test.junit.AutoTests" name="[294] /home/travis/build/icyphy/ptII/ptolemy/actor/lib/test/auto/PublisherSubscriberD3.xml (RunModel)" time="0.015" />
  <testcase classname="ptolemy.util.test.junit.AutoTests" name="[295] /home/travis/build/icyphy/ptII/ptolemy/actor/lib/test/auto/PublisherSubscriberD3Reverse.xml (RunModel)" time="0.013" />
  <testcase classname="ptolemy.util.test.junit.AutoTests" name="[296] /home/travis/build/icyphy/ptII/ptolemy/actor/lib/test/auto/PublisherSubscriberExpression.xml (RunModel)" time="0.019" />
  <testcase classname="ptolemy.util.test.junit.AutoTests" name="[297] /home/travis/build/icyphy/ptII/ptolemy/actor/lib/test/auto/PublisherSubscriberOpaque.xml (RunModel)" time="0.017" />
  <testcase classname="ptolemy.util.test.junit.AutoTests" name="[298] /home/travis/build/icyphy/ptII/ptolemy/actor/lib/test/auto/PublisherSubscriberOpaqueD3.xml (RunModel)" time="0.025" />
  <testcase classname="ptolemy.util.test.junit.AutoTests" name="[299] /home/travis/build/icyphy/ptII/ptolemy/actor/lib/test/auto/PublisherSubscriberOpaqueD3Reverse.xml (RunModel)" time="0.026" />
  <testcase classname="ptolemy.util.test.junit.AutoTests" name="[300] /home/travis/build/icyphy/ptII/ptolemy/actor/lib/test/auto/PublisherSubscriberOpaqueWidthInference.xml (RunModel)" time="0.02" />
  <testcase classname="ptolemy.util.test.junit.AutoTests" name="[301] /home/travis/build/icyphy/ptII/ptolemy/actor/lib/test/auto/PublisherTestSubscriber.xml (RunModel)" time="0.017" />
  <testcase classname="ptolemy.util.test.junit.AutoTests" name="[302] /home/travis/build/icyphy/ptII/ptolemy/actor/lib/test/auto/PublisherToplevelSubscriberPortAOC.xml (RunModel)" time="0.012" />
  <testcase classname="ptolemy.util.test.junit.AutoTests" name="[303] /home/travis/build/icyphy/ptII/ptolemy/actor/lib/test/auto/PulseFiringLimitDE.xml (RunModel)" time="0.015" />
  <testcase classname="ptolemy.util.test.junit.AutoTests" name="[304] /home/travis/build/icyphy/ptII/ptolemy/actor/lib/test/auto/Ramp1.xml (RunModel)" time="0.007" />
  <testcase classname="ptolemy.util.test.junit.AutoTests" name="[305] /home/travis/build/icyphy/ptII/ptolemy/actor/lib/test/auto/RampFiringLimitDE.xml (RunModel)" time="0.013" />
  <testcase classname="ptolemy.util.test.junit.AutoTests" name="[306] /home/travis/build/icyphy/ptII/ptolemy/actor/lib/test/auto/RampFiringLimitSDF.xml (RunModel)" time="0.012" />
  <testcase classname="ptolemy.util.test.junit.AutoTests" name="[307] /home/travis/build/icyphy/ptII/ptolemy/actor/lib/test/auto/RandomInteger.xml (RunModel)" time="0.008" />
  <testcase classname="ptolemy.util.test.junit.AutoTests" name="[308] /home/travis/build/icyphy/ptII/ptolemy/actor/lib/test/auto/ReadFile1.xml (RunModel)" time="0.01" />
  <testcase classname="ptolemy.util.test.junit.AutoTests" name="[309] /home/travis/build/icyphy/ptII/ptolemy/actor/lib/test/auto/ReadFile2.xml (RunModel)" time="0.009" />
  <testcase classname="ptolemy.util.test.junit.AutoTests" name="[310] /home/travis/build/icyphy/ptII/ptolemy/actor/lib/test/auto/Reader.xml (RunModel)" time="0.014" />
  <testcase classname="ptolemy.util.test.junit.AutoTests" name="[311] /home/travis/build/icyphy/ptII/ptolemy/actor/lib/test/auto/RecordAssemblerDisplayNameTest.xml (RunModel)" time="3.922" />
  <testcase classname="ptolemy.util.test.junit.AutoTests" name="[312] /home/travis/build/icyphy/ptII/ptolemy/actor/lib/test/auto/RecordAssemblerTypeError.xml (RunModel)" time="0.042" />
  <testcase classname="ptolemy.util.test.junit.AutoTests" name="[313] /home/travis/build/icyphy/ptII/ptolemy/actor/lib/test/auto/RecordDisassember.xml (RunModel)" time="0.013" />
  <testcase classname="ptolemy.util.test.junit.AutoTests" name="[314] /home/travis/build/icyphy/ptII/ptolemy/actor/lib/test/auto/RecordDisassemberDisplayNameTest.xml (RunModel)" time="0.03" />
  <testcase classname="ptolemy.util.test.junit.AutoTests" name="[315] /home/travis/build/icyphy/ptII/ptolemy/actor/lib/test/auto/RecordDisassembler.xml (RunModel)" time="0.016" />
  <testcase classname="ptolemy.util.test.junit.AutoTests" name="[316] /home/travis/build/icyphy/ptII/ptolemy/actor/lib/test/auto/RecordDisassembler2.xml (RunModel)" time="0.012" />
  <testcase classname="ptolemy.util.test.junit.AutoTests" name="[317] /home/travis/build/icyphy/ptII/ptolemy/actor/lib/test/auto/RecordUpdater.xml (RunModel)" time="0.01" />
  <testcase classname="ptolemy.util.test.junit.AutoTests" name="[318] /home/travis/build/icyphy/ptII/ptolemy/actor/lib/test/auto/RecordUpdater2.xml (RunModel)" time="0.015" />
  <testcase classname="ptolemy.util.test.junit.AutoTests" name="[319] /home/travis/build/icyphy/ptII/ptolemy/actor/lib/test/auto/RecursiveLattice.xml (RunModel)" time="0.009" />
  <testcase classname="ptolemy.util.test.junit.AutoTests" name="[320] /home/travis/build/icyphy/ptII/ptolemy/actor/lib/test/auto/Router.xml (RunModel)" time="3.029" />
  <testcase classname="ptolemy.util.test.junit.AutoTests" name="[321] /home/travis/build/icyphy/ptII/ptolemy/actor/lib/test/auto/Router2.xml (RunModel)" time="3.027" />
  <testcase classname="ptolemy.util.test.junit.AutoTests" name="[322] /home/travis/build/icyphy/ptII/ptolemy/actor/lib/test/auto/RunningMaximum.xml (RunModel)" time="0.011" />
  <testcase classname="ptolemy.util.test.junit.AutoTests" name="[323] /home/travis/build/icyphy/ptII/ptolemy/actor/lib/test/auto/RunningMinimum.xml (RunModel)" time="0.01" />
  <testcase classname="ptolemy.util.test.junit.AutoTests" name="[324] /home/travis/build/icyphy/ptII/ptolemy/actor/lib/test/auto/Scale.xml (RunModel)" time="0.007" />
  <testcase classname="ptolemy.util.test.junit.AutoTests" name="[325] /home/travis/build/icyphy/ptII/ptolemy/actor/lib/test/auto/Scale2.xml (RunModel)" time="0.01" />
  <testcase classname="ptolemy.util.test.junit.AutoTests" name="[326] /home/travis/build/icyphy/ptII/ptolemy/actor/lib/test/auto/Scale3.xml (RunModel)" time="0.014" />
  <testcase classname="ptolemy.util.test.junit.AutoTests" name="[327] /home/travis/build/icyphy/ptII/ptolemy/actor/lib/test/auto/ScaleArray.xml (RunModel)" time="0.007" />
  <testcase classname="ptolemy.util.test.junit.AutoTests" name="[328] /home/travis/build/icyphy/ptII/ptolemy/actor/lib/test/auto/ScaleArray2.xml (RunModel)" time="0.007" />
  <testcase classname="ptolemy.util.test.junit.AutoTests" name="[329] /home/travis/build/icyphy/ptII/ptolemy/actor/lib/test/auto/ScaleMatrix.xml (RunModel)" time="0.114" />
  <testcase classname="ptolemy.util.test.junit.AutoTests" name="[330] /home/travis/build/icyphy/ptII/ptolemy/actor/lib/test/auto/Select.xml (RunModel)" time="0.013" />
  <testcase classname="ptolemy.util.test.junit.AutoTests" name="[331] /home/travis/build/icyphy/ptII/ptolemy/actor/lib/test/auto/Select2.xml (RunModel)" time="0.009" />
  <testcase classname="ptolemy.util.test.junit.AutoTests" name="[332] /home/travis/build/icyphy/ptII/ptolemy/actor/lib/test/auto/SequenceToArray2.xml (RunModel)" time="0.128" />
  <testcase classname="ptolemy.util.test.junit.AutoTests" name="[333] /home/travis/build/icyphy/ptII/ptolemy/actor/lib/test/auto/SequentialClock.xml (RunModel)" time="0.011" />
  <testcase classname="ptolemy.util.test.junit.AutoTests" name="[334] /home/travis/build/icyphy/ptII/ptolemy/actor/lib/test/auto/SetVariable.xml (RunModel)" time="0.011" />
  <testcase classname="ptolemy.util.test.junit.AutoTests" name="[335] /home/travis/build/icyphy/ptII/ptolemy/actor/lib/test/auto/SetVariable2.xml (RunModel)" time="0.01" />
  <testcase classname="ptolemy.util.test.junit.AutoTests" name="[336] /home/travis/build/icyphy/ptII/ptolemy/actor/lib/test/auto/SetVariable3.xml (RunModel)" time="0.012" />
  <testcase classname="ptolemy.util.test.junit.AutoTests" name="[337] /home/travis/build/icyphy/ptII/ptolemy/actor/lib/test/auto/SetVariable4.xml (RunModel)" time="0.033" />
  <testcase classname="ptolemy.util.test.junit.AutoTests" name="[338] /home/travis/build/icyphy/ptII/ptolemy/actor/lib/test/auto/SetVariable5.xml (RunModel)" time="0.031" />
  <testcase classname="ptolemy.util.test.junit.AutoTests" name="[339] /home/travis/build/icyphy/ptII/ptolemy/actor/lib/test/auto/Sinewave.xml (RunModel)" time="0.028" />
  <testcase classname="ptolemy.util.test.junit.AutoTests" name="[340] /home/travis/build/icyphy/ptII/ptolemy/actor/lib/test/auto/Sinewave2.xml (RunModel)" time="0.016" />
  <testcase classname="ptolemy.util.test.junit.AutoTests" name="[341] /home/travis/build/icyphy/ptII/ptolemy/actor/lib/test/auto/Sinewave3.xml (RunModel)" time="0.017" />
  <testcase classname="ptolemy.util.test.junit.AutoTests" name="[342] /home/travis/build/icyphy/ptII/ptolemy/actor/lib/test/auto/SingleEvent.xml (RunModel)" time="0.01" />
  <testcase classname="ptolemy.util.test.junit.AutoTests" name="[343] /home/travis/build/icyphy/ptII/ptolemy/actor/lib/test/auto/Sleep.xml (RunModel)" time="6.013" />
  <testcase classname="ptolemy.util.test.junit.AutoTests" name="[344] /home/travis/build/icyphy/ptII/ptolemy/actor/lib/test/auto/SleepMultipleFire.xml (RunModel)" time="1.02" />
  <testcase classname="ptolemy.util.test.junit.AutoTests" name="[345] /home/travis/build/icyphy/ptII/ptolemy/actor/lib/test/auto/StopDE.xml (RunModel)" time="0.018" />
  <testcase classname="ptolemy.util.test.junit.AutoTests" name="[346] /home/travis/build/icyphy/ptII/ptolemy/actor/lib/test/auto/StopSDF.xml (RunModel)" time="0.013" />
  <testcase classname="ptolemy.util.test.junit.AutoTests" name="[347] /home/travis/build/icyphy/ptII/ptolemy/actor/lib/test/auto/StringConstant.xml (RunModel)" time="0.007" />
  <testcase classname="ptolemy.util.test.junit.AutoTests" name="[348] /home/travis/build/icyphy/ptII/ptolemy/actor/lib/test/auto/SubscriberPortInitialValues1.xml (RunModel)" time="0.018" />
  <testcase classname="ptolemy.util.test.junit.AutoTests" name="[349] /home/travis/build/icyphy/ptII/ptolemy/actor/lib/test/auto/SubscriberPortInitialValues13.xml (RunModel)" time="0.021" />
  <testcase classname="ptolemy.util.test.junit.AutoTests" name="[350] /home/travis/build/icyphy/ptII/ptolemy/actor/lib/test/auto/SubscriberPortInitialValues14.xml (RunModel)" time="0.011" />
  <testcase classname="ptolemy.util.test.junit.AutoTests" name="[351] /home/travis/build/icyphy/ptII/ptolemy/actor/lib/test/auto/SubscriberPortInitialValues2.xml (RunModel)" time="0.01" />
  <testcase classname="ptolemy.util.test.junit.AutoTests" name="[352] /home/travis/build/icyphy/ptII/ptolemy/actor/lib/test/auto/SubscriberPortInitialValues3.xml (RunModel)" time="0.015" />
  <testcase classname="ptolemy.util.test.junit.AutoTests" name="[353] /home/travis/build/icyphy/ptII/ptolemy/actor/lib/test/auto/SubscriptionAggregator.xml (RunModel)" time="0.008" />
  <testcase classname="ptolemy.util.test.junit.AutoTests" name="[354] /home/travis/build/icyphy/ptII/ptolemy/actor/lib/test/auto/SubscriptionAggregator2.xml (RunModel)" time="0.011" />
  <testcase classname="ptolemy.util.test.junit.AutoTests" name="[355] /home/travis/build/icyphy/ptII/ptolemy/actor/lib/test/auto/SubscriptionAggregator3.xml (RunModel)" time="0.011" />
  <testcase classname="ptolemy.util.test.junit.AutoTests" name="[356] /home/travis/build/icyphy/ptII/ptolemy/actor/lib/test/auto/SubscriptionAggregatorMultiply.xml (RunModel)" time="0.011" />
  <testcase classname="ptolemy.util.test.junit.AutoTests" name="[357] /home/travis/build/icyphy/ptII/ptolemy/actor/lib/test/auto/SubscriptionAggregatorPortMultiply1.xml (RunModel)" time="0.01" />
  <testcase classname="ptolemy.util.test.junit.AutoTests" name="[358] /home/travis/build/icyphy/ptII/ptolemy/actor/lib/test/auto/Switch.xml (RunModel)" time="0.017" />
  <testcase classname="ptolemy.util.test.junit.AutoTests" name="[359] /home/travis/build/icyphy/ptII/ptolemy/actor/lib/test/auto/Switch2.xml (RunModel)" time="0.01" />
  <testcase classname="ptolemy.util.test.junit.AutoTests" name="[360] /home/travis/build/icyphy/ptII/ptolemy/actor/lib/test/auto/SwitchDE.xml (RunModel)" time="0.008" />
  <testcase classname="ptolemy.util.test.junit.AutoTests" name="[361] /home/travis/build/icyphy/ptII/ptolemy/actor/lib/test/auto/SynchronizerDE.xml (RunModel)" time="0.012" />
  <testcase classname="ptolemy.util.test.junit.AutoTests" name="[362] /home/travis/build/icyphy/ptII/ptolemy/actor/lib/test/auto/Test.xml (RunModel)" time="0.006" />
  <testcase classname="ptolemy.util.test.junit.AutoTests" name="[363] /home/travis/build/icyphy/ptII/ptolemy/actor/lib/test/auto/TestExceptionAttribute1.xml (RunModel)" time="0.004" />
  <testcase classname="ptolemy.util.test.junit.AutoTests" name="[364] /home/travis/build/icyphy/ptII/ptolemy/actor/lib/test/auto/TestExceptionAttribute2.xml (RunModel)" time="0.003" />
  <testcase classname="ptolemy.util.test.junit.AutoTests" name="[365] /home/travis/build/icyphy/ptII/ptolemy/actor/lib/test/auto/TestExceptionAttribute3.xml (RunModel)" time="0.004" />
  <testcase classname="ptolemy.util.test.junit.AutoTests" name="[366] /home/travis/build/icyphy/ptII/ptolemy/actor/lib/test/auto/TestExceptionAttribute4.xml (RunModel)" time="0.005" />
  <testcase classname="ptolemy.util.test.junit.AutoTests" name="[367] /home/travis/build/icyphy/ptII/ptolemy/actor/lib/test/auto/TestExceptionHandler1.xml (RunModel)" time="0.004" />
  <testcase classname="ptolemy.util.test.junit.AutoTests" name="[368] /home/travis/build/icyphy/ptII/ptolemy/actor/lib/test/auto/TestExceptionHandler2.xml (RunModel)" time="0.004" />
  <testcase classname="ptolemy.util.test.junit.AutoTests" name="[369] /home/travis/build/icyphy/ptII/ptolemy/actor/lib/test/auto/TestExceptionHandler3.xml (RunModel)" time="0.003" />
  <testcase classname="ptolemy.util.test.junit.AutoTests" name="[370] /home/travis/build/icyphy/ptII/ptolemy/actor/lib/test/auto/TestExceptionHandler4.xml (RunModel)" time="0.004" />
  <testcase classname="ptolemy.util.test.junit.AutoTests" name="[371] /home/travis/build/icyphy/ptII/ptolemy/actor/lib/test/auto/TestRequireCorrectOrder.xml (RunModel)" time="0.008" />
  <testcase classname="ptolemy.util.test.junit.AutoTests" name="[372] /home/travis/build/icyphy/ptII/ptolemy/actor/lib/test/auto/TestSimple.xml (RunModel)" time="0.004" />
  <testcase classname="ptolemy.util.test.junit.AutoTests" name="[373] /home/travis/build/icyphy/ptII/ptolemy/actor/lib/test/auto/ThrowModelError.xml (RunModel)" time="0.007" />
  <testcase classname="ptolemy.util.test.junit.AutoTests" name="[374] /home/travis/build/icyphy/ptII/ptolemy/actor/lib/test/auto/TimeDelayMicrosteps.xml (RunModel)" time="0.009" />
  <testcase classname="ptolemy.util.test.junit.AutoTests" name="[375] /home/travis/build/icyphy/ptII/ptolemy/actor/lib/test/auto/TimeDelayMicrosteps2.xml (RunModel)" time="0.01" />
  <testcase classname="ptolemy.util.test.junit.AutoTests" name="[376] /home/travis/build/icyphy/ptII/ptolemy/actor/lib/test/auto/TimeDelayMicrosteps3.xml (RunModel)" time="0.009" />
  <testcase classname="ptolemy.util.test.junit.AutoTests" name="[377] /home/travis/build/icyphy/ptII/ptolemy/actor/lib/test/auto/TimeDelayVariableMicrosteps.xml (RunModel)" time="0.008" />
  <testcase classname="ptolemy.util.test.junit.AutoTests" name="[378] /home/travis/build/icyphy/ptII/ptolemy/actor/lib/test/auto/TimeGap.xml (RunModel)" time="0.008" />
  <testcase classname="ptolemy.util.test.junit.AutoTests" name="[379] /home/travis/build/icyphy/ptII/ptolemy/actor/lib/test/auto/TimeGap2.xml (RunModel)" time="0.007" />
  <testcase classname="ptolemy.util.test.junit.AutoTests" name="[380] /home/travis/build/icyphy/ptII/ptolemy/actor/lib/test/auto/TimedSinewave.xml (RunModel)" time="0.029" />
  <testcase classname="ptolemy.util.test.junit.AutoTests" name="[381] /home/travis/build/icyphy/ptII/ptolemy/actor/lib/test/auto/TimedSinewavePhase.xml (RunModel)" time="0.016" />
  <testcase classname="ptolemy.util.test.junit.AutoTests" name="[382] /home/travis/build/icyphy/ptII/ptolemy/actor/lib/test/auto/Timer.xml (RunModel)" time="0.008" />
  <testcase classname="ptolemy.util.test.junit.AutoTests" name="[383] /home/travis/build/icyphy/ptII/ptolemy/actor/lib/test/auto/TriangularDistTestModel.xml (RunModel)" time="0.009" />
  <testcase classname="ptolemy.util.test.junit.AutoTests" name="[384] /home/travis/build/icyphy/ptII/ptolemy/actor/lib/test/auto/TrigFunction.xml (RunModel)" time="0.005" />
  <testcase classname="ptolemy.util.test.junit.AutoTests" name="[385] /home/travis/build/icyphy/ptII/ptolemy/actor/lib/test/auto/TrigFunctionDE.xml (RunModel)" time="0.007" />
  <testcase classname="ptolemy.util.test.junit.AutoTests" name="[386] /home/travis/build/icyphy/ptII/ptolemy/actor/lib/test/auto/TrigFunctionInverse.xml (RunModel)" time="0.006" />
  <testcase classname="ptolemy.util.test.junit.AutoTests" name="[387] /home/travis/build/icyphy/ptII/ptolemy/actor/lib/test/auto/TrigFunctionTan.xml (RunModel)" time="0.004" />
  <testcase classname="ptolemy.util.test.junit.AutoTests" name="[388] /home/travis/build/icyphy/ptII/ptolemy/actor/lib/test/auto/TriggeredClock.xml (RunModel)" time="0.005" />
  <testcase classname="ptolemy.util.test.junit.AutoTests" name="[389] /home/travis/build/icyphy/ptII/ptolemy/actor/lib/test/auto/URLDirectoryReader.xml (RunModel)" time="0.052" />
  <testcase classname="ptolemy.util.test.junit.AutoTests" name="[390] /home/travis/build/icyphy/ptII/ptolemy/actor/lib/test/auto/URLDirectoryReader3.xml (RunModel)" time="1.313" />
  <testcase classname="ptolemy.util.test.junit.AutoTests" name="[391] /home/travis/build/icyphy/ptII/ptolemy/actor/lib/test/auto/UnaryMathFunction.xml (RunModel)" time="0.021" />
  <testcase classname="ptolemy.util.test.junit.AutoTests" name="[392] /home/travis/build/icyphy/ptII/ptolemy/actor/lib/test/auto/Uniform.xml (RunModel)" time="0.013" />
  <testcase classname="ptolemy.util.test.junit.AutoTests" name="[393] /home/travis/build/icyphy/ptII/ptolemy/actor/lib/test/auto/UnionDisassemblerTest.xml (RunModel)" time="0.008" />
  <testcase classname="ptolemy.util.test.junit.AutoTests" name="[394] /home/travis/build/icyphy/ptII/ptolemy/actor/lib/test/auto/UtilityFunctions.xml (RunModel)" time="0.015" />
  <testcase classname="ptolemy.util.test.junit.AutoTests" name="[395] /home/travis/build/icyphy/ptII/ptolemy/actor/lib/test/auto/VariableSleep.xml (RunModel)" time="0.514" />
  <testcase classname="ptolemy.util.test.junit.AutoTests" name="[396] /home/travis/build/icyphy/ptII/ptolemy/actor/lib/test/auto/VectorAssemblerDisassemblerCT.xml (RunModel)" time="0.122" />
  <testcase classname="ptolemy.util.test.junit.AutoTests" name="[397] /home/travis/build/icyphy/ptII/ptolemy/actor/lib/test/auto/VectorAssemblerDisassemblerDE.xml (RunModel)" time="0.016" />
  <testcase classname="ptolemy.util.test.junit.AutoTests" name="[398] /home/travis/build/icyphy/ptII/ptolemy/actor/lib/test/auto/VectorAssemblerDisassemblerSDF.xml (RunModel)" time="0.014" />
  <testcase classname="ptolemy.util.test.junit.AutoTests" name="[399] /home/travis/build/icyphy/ptII/ptolemy/actor/lib/test/auto/WallClockTime.xml (RunModel)" time="1.015" />
  <testcase classname="ptolemy.util.test.junit.AutoTests" name="[400] /home/travis/build/icyphy/ptII/ptolemy/actor/lib/test/auto/WidthTestWithSubscriberPublisher.xml (RunModel)" time="0.072" />
  <testcase classname="ptolemy.util.test.junit.AutoTests" name="[401] /home/travis/build/icyphy/ptII/ptolemy/actor/lib/test/auto/WidthTestWithSubscriberPublisher2.xml (RunModel)" time="0.019" />
  <testcase classname="ptolemy.util.test.junit.AutoTests" name="[402] /home/travis/build/icyphy/ptII/ptolemy/actor/lib/test/auto/WidthTestWithSubscriberPublisher3.xml (RunModel)" time="0.027" />
  <testcase classname="ptolemy.util.test.junit.AutoTests" name="[403] /home/travis/build/icyphy/ptII/ptolemy/actor/lib/test/auto/Writer.xml (RunModel)" time="0.008" />
  <testcase classname="ptolemy.util.test.junit.AutoTests" name="[404] /home/travis/build/icyphy/ptII/ptolemy/actor/lib/test/auto/array.xml (RunModel)" time="0.013" />
  <testcase classname="ptolemy.util.test.junit.AutoTests" name="[405] /home/travis/build/icyphy/ptII/ptolemy/actor/lib/test/auto/array2.xml (RunModel)" time="0.01" />
  <testcase classname="ptolemy.util.test.junit.AutoTests" name="[406] /home/travis/build/icyphy/ptII/ptolemy/actor/lib/test/auto/arrayType.xml (RunModel)" time="0.015" />
  <testcase classname="ptolemy.util.test.junit.AutoTests" name="[407] /home/travis/build/icyphy/ptII/ptolemy/actor/lib/test/auto/arrayType10.xml (RunModel)" time="0.009" />
  <testcase classname="ptolemy.util.test.junit.AutoTests" name="[408] /home/travis/build/icyphy/ptII/ptolemy/actor/lib/test/auto/arrayType11.xml (RunModel)" time="0.01" />
  <testcase classname="ptolemy.util.test.junit.AutoTests" name="[409] /home/travis/build/icyphy/ptII/ptolemy/actor/lib/test/auto/arrayType12.xml (RunModel)" time="0.011" />
  <testcase classname="ptolemy.util.test.junit.AutoTests" name="[410] /home/travis/build/icyphy/ptII/ptolemy/actor/lib/test/auto/arrayType13.xml (RunModel)" time="0.012" />
  <testcase classname="ptolemy.util.test.junit.AutoTests" name="[411] /home/travis/build/icyphy/ptII/ptolemy/actor/lib/test/auto/arrayType14.xml (RunModel)" time="0.012" />
  <testcase classname="ptolemy.util.test.junit.AutoTests" name="[412] /home/travis/build/icyphy/ptII/ptolemy/actor/lib/test/auto/arrayType15.xml (RunModel)" time="0.013" />
  <testcase classname="ptolemy.util.test.junit.AutoTests" name="[413] /home/travis/build/icyphy/ptII/ptolemy/actor/lib/test/auto/arrayType16.xml (RunModel)" time="0.011" />
  <testcase classname="ptolemy.util.test.junit.AutoTests" name="[414] /home/travis/build/icyphy/ptII/ptolemy/actor/lib/test/auto/arrayType17.xml (RunModel)" time="0.011" />
  <testcase classname="ptolemy.util.test.junit.AutoTests" name="[415] /home/travis/build/icyphy/ptII/ptolemy/actor/lib/test/auto/arrayType18.xml (RunModel)" time="0.009" />
  <testcase classname="ptolemy.util.test.junit.AutoTests" name="[416] /home/travis/build/icyphy/ptII/ptolemy/actor/lib/test/auto/arrayType19.xml (RunModel)" time="0.012" />
  <testcase classname="ptolemy.util.test.junit.AutoTests" name="[417] /home/travis/build/icyphy/ptII/ptolemy/actor/lib/test/auto/arrayType2.xml (RunModel)" time="0.012" />
  <testcase classname="ptolemy.util.test.junit.AutoTests" name="[418] /home/travis/build/icyphy/ptII/ptolemy/actor/lib/test/auto/arrayType20.xml (RunModel)" time="0.01" />
  <testcase classname="ptolemy.util.test.junit.AutoTests" name="[419] /home/travis/build/icyphy/ptII/ptolemy/actor/lib/test/auto/arrayType21.xml (RunModel)" time="0.011" />
  <testcase classname="ptolemy.util.test.junit.AutoTests" name="[420] /home/travis/build/icyphy/ptII/ptolemy/actor/lib/test/auto/arrayType22.xml (RunModel)" time="0.009" />
  <testcase classname="ptolemy.util.test.junit.AutoTests" name="[421] /home/travis/build/icyphy/ptII/ptolemy/actor/lib/test/auto/arrayType23.xml (RunModel)" time="0.012" />
  <testcase classname="ptolemy.util.test.junit.AutoTests" name="[422] /home/travis/build/icyphy/ptII/ptolemy/actor/lib/test/auto/arrayType24.xml (RunModel)" time="0.01" />
  <testcase classname="ptolemy.util.test.junit.AutoTests" name="[423] /home/travis/build/icyphy/ptII/ptolemy/actor/lib/test/auto/arrayType25.xml (RunModel)" time="0.01" />
  <testcase classname="ptolemy.util.test.junit.AutoTests" name="[424] /home/travis/build/icyphy/ptII/ptolemy/actor/lib/test/auto/arrayType26.xml (RunModel)" time="0.01" />
  <testcase classname="ptolemy.util.test.junit.AutoTests" name="[425] /home/travis/build/icyphy/ptII/ptolemy/actor/lib/test/auto/arrayType27.xml (RunModel)" time="0.011" />
  <testcase classname="ptolemy.util.test.junit.AutoTests" name="[426] /home/travis/build/icyphy/ptII/ptolemy/actor/lib/test/auto/arrayType28.xml (RunModel)" time="0.01" />
  <testcase classname="ptolemy.util.test.junit.AutoTests" name="[427] /home/travis/build/icyphy/ptII/ptolemy/actor/lib/test/auto/arrayType3.xml (RunModel)" time="0.015" />
  <testcase classname="ptolemy.util.test.junit.AutoTests" name="[428] /home/travis/build/icyphy/ptII/ptolemy/actor/lib/test/auto/arrayType4.xml (RunModel)" time="0.011" />
  <testcase classname="ptolemy.util.test.junit.AutoTests" name="[429] /home/travis/build/icyphy/ptII/ptolemy/actor/lib/test/auto/arrayType5.xml (RunModel)" time="0.01" />
  <testcase classname="ptolemy.util.test.junit.AutoTests" name="[430] /home/travis/build/icyphy/ptII/ptolemy/actor/lib/test/auto/arrayType6.xml (RunModel)" time="0.009" />
  <testcase classname="ptolemy.util.test.junit.AutoTests" name="[431] /home/travis/build/icyphy/ptII/ptolemy/actor/lib/test/auto/arrayType7.xml (RunModel)" time="0.021" />
  <testcase classname="ptolemy.util.test.junit.AutoTests" name="[432] /home/travis/build/icyphy/ptII/ptolemy/actor/lib/test/auto/arrayType8.xml (RunModel)" time="0.011" />
  <testcase classname="ptolemy.util.test.junit.AutoTests" name="[433] /home/travis/build/icyphy/ptII/ptolemy/actor/lib/test/auto/arrayType9.xml (RunModel)" time="0.009" />
  <testcase classname="ptolemy.util.test.junit.AutoTests" name="[434] /home/travis/build/icyphy/ptII/ptolemy/actor/lib/test/auto/cast.xml (RunModel)" time="0.01" />
  <testcase classname="ptolemy.util.test.junit.AutoTests" name="[435] /home/travis/build/icyphy/ptII/ptolemy/actor/lib/test/auto/compositeMultiPort.xml (RunModel)" time="0.02" />
  <testcase classname="ptolemy.util.test.junit.AutoTests" name="[436] /home/travis/build/icyphy/ptII/ptolemy/actor/lib/test/auto/expressionCastInference.xml (RunModel)" time="0.009" />
  <testcase classname="ptolemy.util.test.junit.AutoTests" name="[437] /home/travis/build/icyphy/ptII/ptolemy/actor/lib/test/auto/expressionCastInference2.xml (RunModel)" time="0.009" />
  <testcase classname="ptolemy.util.test.junit.AutoTests" name="[438] /home/travis/build/icyphy/ptII/ptolemy/actor/lib/test/auto/expressionInference.xml (RunModel)" time="0.008" />
  <testcase classname="ptolemy.util.test.junit.AutoTests" name="[439] /home/travis/build/icyphy/ptII/ptolemy/actor/lib/test/auto/expression_bug.xml (RunModel)" time="0.008" />
  <testcase classname="ptolemy.util.test.junit.AutoTests" name="[440] /home/travis/build/icyphy/ptII/ptolemy/actor/lib/test/auto/factorial.xml (RunModel)" time="0.053" />
  <testcase classname="ptolemy.util.test.junit.AutoTests" name="[441] /home/travis/build/icyphy/ptII/ptolemy/actor/lib/test/auto/filterTest1.xml (RunModel)" time="0.015" />
  <testcase classname="ptolemy.util.test.junit.AutoTests" name="[442] /home/travis/build/icyphy/ptII/ptolemy/actor/lib/test/auto/funcApplyInConst.xml (RunModel)" time="0.007" />
  <testcase classname="ptolemy.util.test.junit.AutoTests" name="[443] /home/travis/build/icyphy/ptII/ptolemy/actor/lib/test/auto/funcApplyInExpr.xml (RunModel)" time="0.007" />
  <testcase classname="ptolemy.util.test.junit.AutoTests" name="[444] /home/travis/build/icyphy/ptII/ptolemy/actor/lib/test/auto/function.xml (RunModel)" time="0.011" />
  <testcase classname="ptolemy.util.test.junit.AutoTests" name="[445] /home/travis/build/icyphy/ptII/ptolemy/actor/lib/test/auto/function2.xml (RunModel)" time="0.015" />
  <testcase classname="ptolemy.util.test.junit.AutoTests" name="[446] /home/travis/build/icyphy/ptII/ptolemy/actor/lib/test/auto/function3.xml (RunModel)" time="0.008" />
  <testcase classname="ptolemy.util.test.junit.AutoTests" name="[447] /home/travis/build/icyphy/ptII/ptolemy/actor/lib/test/auto/functionClosureTest1.xml (RunModel)" time="0.011" />
  <testcase classname="ptolemy.util.test.junit.AutoTests" name="[448] /home/travis/build/icyphy/ptII/ptolemy/actor/lib/test/auto/functionClosureTest2.xml (RunModel)" time="0.006" />
  <testcase classname="ptolemy.util.test.junit.AutoTests" name="[449] /home/travis/build/icyphy/ptII/ptolemy/actor/lib/test/auto/functionClosureTest3.xml (RunModel)" time="0.012" />
  <testcase classname="ptolemy.util.test.junit.AutoTests" name="[450] /home/travis/build/icyphy/ptII/ptolemy/actor/lib/test/auto/functionClosureTest4.xml (RunModel)" time="0.017" />
  <testcase classname="ptolemy.util.test.junit.AutoTests" name="[451] /home/travis/build/icyphy/ptII/ptolemy/actor/lib/test/auto/functionClosureTest5.xml (RunModel)" time="0.014" />
  <testcase classname="ptolemy.util.test.junit.AutoTests" name="[452] /home/travis/build/icyphy/ptII/ptolemy/actor/lib/test/auto/functionClosureTest6.xml (RunModel)" time="0.009" />
  <testcase classname="ptolemy.util.test.junit.AutoTests" name="[453] /home/travis/build/icyphy/ptII/ptolemy/actor/lib/test/auto/functionsOnArcs.xml (RunModel)" time="0.011" />
  <testcase classname="ptolemy.util.test.junit.AutoTests" name="[454] /home/travis/build/icyphy/ptII/ptolemy/actor/lib/test/auto/functionsOnArcsHOF.xml (RunModel)" time="0.012" />
  <testcase classname="ptolemy.util.test.junit.AutoTests" name="[455] /home/travis/build/icyphy/ptII/ptolemy/actor/lib/test/auto/logic.xml (RunModel)" time="0.018" />
  <testcase classname="ptolemy.util.test.junit.AutoTests" name="[456] /home/travis/build/icyphy/ptII/ptolemy/actor/lib/test/auto/matrixType.xml (RunModel)" time="0.01" />
  <testcase classname="ptolemy.util.test.junit.AutoTests" name="[457] /home/travis/build/icyphy/ptII/ptolemy/actor/lib/test/auto/matrixType10.xml (RunModel)" time="0.009" />
  <testcase classname="ptolemy.util.test.junit.AutoTests" name="[458] /home/travis/build/icyphy/ptII/ptolemy/actor/lib/test/auto/matrixType11.xml (RunModel)" time="0.009" />
  <testcase classname="ptolemy.util.test.junit.AutoTests" name="[459] /home/travis/build/icyphy/ptII/ptolemy/actor/lib/test/auto/matrixType12.xml (RunModel)" time="0.01" />
  <testcase classname="ptolemy.util.test.junit.AutoTests" name="[460] /home/travis/build/icyphy/ptII/ptolemy/actor/lib/test/auto/matrixType13.xml (RunModel)" time="0.008" />
  <testcase classname="ptolemy.util.test.junit.AutoTests" name="[461] /home/travis/build/icyphy/ptII/ptolemy/actor/lib/test/auto/matrixType14.xml (RunModel)" time="0.01" />
  <testcase classname="ptolemy.util.test.junit.AutoTests" name="[462] /home/travis/build/icyphy/ptII/ptolemy/actor/lib/test/auto/matrixType2.xml (RunModel)" time="0.01" />
  <testcase classname="ptolemy.util.test.junit.AutoTests" name="[463] /home/travis/build/icyphy/ptII/ptolemy/actor/lib/test/auto/matrixType3.xml (RunModel)" time="0.011" />
  <testcase classname="ptolemy.util.test.junit.AutoTests" name="[464] /home/travis/build/icyphy/ptII/ptolemy/actor/lib/test/auto/matrixType4.xml (RunModel)" time="0.009" />
  <testcase classname="ptolemy.util.test.junit.AutoTests" name="[465] /home/travis/build/icyphy/ptII/ptolemy/actor/lib/test/auto/matrixType5.xml (RunModel)" time="0.008" />
  <testcase classname="ptolemy.util.test.junit.AutoTests" name="[466] /home/travis/build/icyphy/ptII/ptolemy/actor/lib/test/auto/matrixType6.xml (RunModel)" time="0.009" />
  <testcase classname="ptolemy.util.test.junit.AutoTests" name="[467] /home/travis/build/icyphy/ptII/ptolemy/actor/lib/test/auto/matrixType7.xml (RunModel)" time="0.009" />
  <testcase classname="ptolemy.util.test.junit.AutoTests" name="[468] /home/travis/build/icyphy/ptII/ptolemy/actor/lib/test/auto/matrixType8.xml (RunModel)" time="0.01" />
  <testcase classname="ptolemy.util.test.junit.AutoTests" name="[469] /home/travis/build/icyphy/ptII/ptolemy/actor/lib/test/auto/matrixType9.xml (RunModel)" time="0.008" />
  <testcase classname="ptolemy.util.test.junit.AutoTests" name="[470] /home/travis/build/icyphy/ptII/ptolemy/actor/lib/test/auto/paraFunctest.xml (RunModel)" time="0.012" />
  <testcase classname="ptolemy.util.test.junit.AutoTests" name="[471] /home/travis/build/icyphy/ptII/ptolemy/actor/lib/test/auto/paraFunctest2.xml (RunModel)" time="0.007" />
  <testcase classname="ptolemy.util.test.junit.AutoTests" name="[472] /home/travis/build/icyphy/ptII/ptolemy/actor/lib/test/auto/parameterPassing.xml (RunModel)" time="0.009" />
  <testcase classname="ptolemy.util.test.junit.AutoTests" name="[473] /home/travis/build/icyphy/ptII/ptolemy/actor/lib/test/auto/record.xml (RunModel)" time="0.008" />
  <testcase classname="ptolemy.util.test.junit.AutoTests" name="[474] /home/travis/build/icyphy/ptII/ptolemy/actor/lib/test/auto/sizedarray1.xml (RunModel)" time="0.01" />
  <testcase classname="ptolemy.util.test.junit.AutoTests" name="[475] /home/travis/build/icyphy/ptII/ptolemy/actor/lib/test/auto/sizedarray2.xml (RunModel)" time="0.011" />
  <testcase classname="ptolemy.util.test.junit.AutoTests" name="[476] /home/travis/build/icyphy/ptII/ptolemy/actor/lib/test/auto/twoPublishers.xml (RunModel)" time="0.026" />
  <system-out><![CDATA[/home/travis/build/icyphy/ptII/ptolemy/actor/lib/test/AbsoluteValue.tcl
testDefs.tcl: setting time out to 9000 seconds at Thu May 10 17:34:19 UTC 2018
61 ms. Memory: 116224K Free: 107888K (93%)
5 ms. Memory: 116224K Free: 106684K (92%)
5 ms. Memory: 116224K Free: 106079K (91%)
4 ms. Memory: 116224K Free: 104883K (90%)
/home/travis/build/icyphy/ptII/ptolemy/actor/lib/test/AddSubtract.tcl
8 ms. Memory: 116224K Free: 103074K (89%)
5 ms. Memory: 116224K Free: 102469K (88%)
5 ms. Memory: 116224K Free: 101273K (87%)
6 ms. Memory: 116224K Free: 100668K (87%)
11 ms. Memory: 116224K Free: 100062K (86%)
11 ms. Memory: 116224K Free: 99472K (86%)
/home/travis/build/icyphy/ptII/ptolemy/actor/lib/test/Average.tcl
6 ms. Memory: 116224K Free: 97695K (84%)
18 ms. Memory: 116224K Free: 96500K (83%)
/home/travis/build/icyphy/ptII/ptolemy/actor/lib/test/Bernoulli.tcl
5 ms. Memory: 116224K Free: 94706K (81%)
10 ms. Memory: 116224K Free: 94117K (81%)
/home/travis/build/icyphy/ptII/ptolemy/actor/lib/test/Clock.tcl
preinitializing
resolving types
initializing
executing number 1
wrapping up
idle
24 ms. Memory: 116224K Free: 91710K (79%)
Completed execution with 5 iterations
preinitializing
resolving types
initializing
executing number 1
wrapping up
idle
4 ms. Memory: 116224K Free: 91112K (78%)
Completed execution with 5 iterations
preinitializing
resolving types
initializing
executing number 1
wrapping up
idle
11 ms. Memory: 116224K Free: 89908K (77%)
Completed execution with 5 iterations
/home/travis/build/icyphy/ptII/ptolemy/actor/lib/test/Commutator.tcl
13 ms. Memory: 116224K Free: 88138K (76%)
12 ms. Memory: 116224K Free: 86951K (75%)
18 ms. Memory: 116224K Free: 82202K (71%)
/home/travis/build/icyphy/ptII/ptolemy/actor/lib/test/Const.tcl
17 ms. Memory: 146944K Free: 140306K (95%)
2 ms. Memory: 146944K Free: 140306K (95%)
7 ms. Memory: 146944K Free: 138708K (94%)
5 ms. Memory: 146944K Free: 138708K (94%)
2 ms. Memory: 146944K Free: 137510K (94%)
28 ms. Memory: 146944K Free: 136312K (93%)
9 ms. Memory: 146944K Free: 135121K (92%)
8 ms. Memory: 146944K Free: 133939K (91%)
/home/travis/build/icyphy/ptII/ptolemy/actor/lib/test/CurrentTime.tcl
preinitializing
resolving types
initializing
executing number 1
wrapping up
idle
7 ms. Memory: 146944K Free: 132741K (90%)
Completed execution with 11 iterations
/home/travis/build/icyphy/ptII/ptolemy/actor/lib/test/DB.tcl
4 ms. Memory: 146944K Free: 130360K (89%)
2 ms. Memory: 146944K Free: 130360K (89%)
2 ms. Memory: 146944K Free: 129177K (88%)
/home/travis/build/icyphy/ptII/ptolemy/actor/lib/test/DiscreteRandomSource.tcl
preinitializing
resolving types
initializing
executing number 1
wrapping up
idle
4 ms. Memory: 146944K Free: 127979K (87%)
Completed execution with 4 iterations
preinitializing
resolving types
initializing
executing number 1
wrapping up
idle
2 ms. Memory: 146944K Free: 127979K (87%)
Completed execution with 4 iterations
preinitializing
resolving types
initializing
executing number 1
wrapping up
idle
2 ms. Memory: 146944K Free: 126789K (86%)
Completed execution with 4 iterations
preinitializing
resolving types
initializing
executing number 1
wrapping up
idle
2 ms. Memory: 146944K Free: 126789K (86%)
Completed execution with 4 iterations
preinitializing
resolving types
initializing
executing number 1
wrapping up
idle
5 ms. Memory: 146944K Free: 125606K (85%)
Completed execution with 4 iterations
/home/travis/build/icyphy/ptII/ptolemy/actor/lib/test/Distributor.tcl
11 ms. Memory: 146944K Free: 124416K (85%)
3 ms. Memory: 146944K Free: 123218K (84%)
StreamChangeRequest.changeExecuted(): <deleteEntity name="rec2"/> succeeded
StreamChangeRequest.changeExecuted(): <deleteRelation name="r2"/> succeeded
StreamChangeRequest.changeExecuted(): Record firings per iteration succeeded
4 ms. Memory: 146944K Free: 120837K (82%)
/home/travis/build/icyphy/ptII/ptolemy/actor/lib/test/Exit.tcl
Exit.tcl: this will print a message about Manager.exitAfterWrapup, which can be ignored.
5 ms. Memory: 146944K Free: 117842K (80%)
/home/travis/build/icyphy/ptII/ptolemy/actor/lib/test/Expression.tcl
5 ms. Memory: 146944K Free: 114249K (78%)
6 ms. Memory: 146944K Free: 114249K (78%)
3 ms. Memory: 146944K Free: 113066K (77%)
preinitializing
resolving types
initializing
executing number 1
wrapping up
idle
6 ms. Memory: 146944K Free: 111868K (76%)
Completed execution with 6 iterations
3 ms. Memory: 146944K Free: 110686K (75%)
3 ms. Memory: 146944K Free: 110686K (75%)
6 ms. Memory: 146944K Free: 109487K (75%)
4 ms. Memory: 146944K Free: 108297K (74%)
10 ms. Memory: 146944K Free: 107115K (73%)
/home/travis/build/icyphy/ptII/ptolemy/actor/lib/test/Gaussian.tcl
11 ms. Memory: 146944K Free: 104734K (71%)
sleeping 1 seconds: .........................................................................................................................................................................................................................................................................................................................................................................................................................................................................................................................................................................................................................................................................................................................................................................................................................................................................................................................................................................................................................................................................................................................................................................................................................................................................................................................................................................................................................................................................................................................................................................................................................................................................................................................................................................................................................................................................................................................................................................................................................................................................................................................................................................................................................................................................................................................................................................................................................................................................................................................................................................................................................................................................................................................................................................................................................................................................................................................................................................................................................................................................................................................................................................................................................................................................................................................................................................................................................................................................................................................................................................................................................................................................................................................................................................................................................................................................................................................................................................................................................................................................................................................................................................................................................................................................................................................................................................................................................................................................................................................................................................................................................................................................................................................................................................................................................................................................................................................................................................................................................................................................................................................................................................................................................................................................................................................................................................................................................................................................................................................................................................................................................................................................................................................................................................................................................................................................................................................................................................................................................................................................................................................................................................................................................................................................................................................................................................................................................................................................................................................................................................................................................................................................................................................................................................................................................................................................................................................................................................................................................................................................................................................................................................................................................................................................................................................................................................................................................................................................................................................................................................................................................................................................................................................................................................................................................................................................................................................................................................................................................................................................................................................................................................................................................................................................................................................................................................................................................................................................................................................................................................................................................................................................................................................................................................................................................................................................................................................................................................................................................................................................................................................................................................................................................................................................................................................................................................................................................................................................................................................................................................................................................................................................................................................................................................................................................................................................................................................................................................................................................................................................................................................................................................................................................................................................................................................................................................................................................................................................................................................................................................................................................................................................................................................................................................................................................................................................................................................................................................................................................................................................................................................................................................................................................................................................................................................................................................................................................................................................................................................................................................................................................................................................................................................................................................................................................................................................................................................................................................................................................................................................................................................................................................................................................................................................................................................................................................................................................................................................................................................................................................................................................................................................................................................................................................................................................................................................................................................................................................................................................................................................................................................................................................................................................................................................................................................................................................................................................................................................................................................................................................................................................................................................................................................................................................................................................................................................................................................................................................................................................................................................................................................................................................................................................................................................................................................................................................................................................................................................................................................................................................................................................................................................................................................................................................................................................................................................................................................................................................................................................................................................................................................................................................................................................................................................................................................................................................................................................................................................................................................................................................................................................................................................................................................................................................................................................................................................................................................................................................................................................................................................................................................................................................................................................................................................................................................................................................................................................................................................................................................................................................................................................................................................................................................................................................................................................................................................................................................................................................................................................................................................................................................................................................................................................................................................................................................................................................................................................................................................................................................................................................................................................................................................................................................................................................................................................................................................................................................................................................................................................................................................................................................................................................................................................................................................................................................................................................................................................................................................................................................................................................................................................................................................................................................................................................................................................................................................................................................................................................................................................................................................................................................................................................................................................................................................................................................................................................................................................................................................................................................................................................................................................................................................................................................................................................................................................................................................................................................................................................................................................................................................................................................................................................................................................................................................................................................................................................................................................................................................................................................................................................................................................................................................................................................................................................................................................................................................................................................................................................................................................................................................................................................................................................................................................................................................................................................................................................................................................................................................................................................................................................................................................................................................................................................................................................................................................................................................................................................................................................................................................................................................................................................................................................................................................................................................................................................................................................................................................................................................................................................................................................................................................................................................................................................................................................................................................................................................................................................................................................................................................................................................................................................................................................................................................................................................................................................................................................................................................................................................................................................................................................................................................................................................................................................................................................................................................................................................................................................................................................................................................................................................................................................................................................................................................................................................................................................................................................................................................................................................................................................................................................................................................................................................................................................................................................................................................................................................................................................................................................................................................................................................................................................................................................................................................................................................................................................................................................................................................................................................................................................................................................................................................................................................................................................................................................................................................................................................................................................................................................................................................................................................................................................................................................................................................................................................................................................................................................................................................................................................................................................................................................................................................................................................................................................................................................................................................................................................................................................................................................................................................................................................................................................................................................................................................................................................................................................................................................................................................................................................................................................................................................................................................................................................................................................................................................................................................................................................................................................................................................................................................................................................................................................................................................................................................................................................................................................................................................................................................................................................................................................................................................................................................................................................................................................................................................................................................................................................................................................................................................................................................................................................................................................................................................................................................................................................................................................................................................................................................................................................................................................................................................................................................................................................................................................................................................................................................................................................................................................................................................................................................................................................................................................................................................................................................................................................................................................................................................................................................................................................................................................................................................................................................................................................................................................................................................................................................................................................................................................................................................................................................................................................................................................................................................................................................................................................................................................................................................................................................................................................................................................................................................................................................................................................................................................................................................................................................................................................................................................................................................................................................................................................................................................................................................................................................................................................................................................................................................................................................................................................................................................................................................................................................................................................................................................................................................................................................................................................................................................................................................................................................................................................................................................................................................................................................................................................................................................................................................................................................................................................................................................................................................................................................................................................................................................................................................................................................................................................................................................................................................................................................................................................................................................................................................................................................................................................................................................................................................................................................................................................................................................................................................................................................................................................................................................................................................................................................................................................................................................................................................................................................................................................................................................................................................................................................................................................................................................................................................................................................................................................................................................................................................................................................................................................................................................................................................................................................................................................................................................................................................................................................................................................................................................................................................................................................................................................................................................................................................................................................................................................................................................................................................................................................................................................................................................................................................................................................................................................................................................................................................................................................................................................................................................................................................................................................................................................................................................................................................................................................................................................................................................................................................................................................................................................................................................................................................................................................................................................................................................................................................................................................................................................................................................................................................................................................................................................................................................................................................................................................................................................................................................................................................................................................................................................................................................................................................................................................................................................................................................................................................................................................................................................................................................................................................................................................................................................................................................................................................................................................................................................................................................................................................................................................................................................................................................................................................................................................................................................................................................................................................................................................................................................................................................................................................................................................................................................................................................................................................................................................................6 ms. Memory: 208384K Free: 122214K (59%)
3 ms. Memory: 208384K Free: 122214K (59%)
2 ms. Memory: 208384K Free: 119828K (58%)
3 ms. Memory: 208384K Free: 119828K (58%)
2 ms. Memory: 208384K Free: 119828K (58%)
/home/travis/build/icyphy/ptII/ptolemy/actor/lib/test/IIR.tcl
/home/travis/build/icyphy/ptII/ptolemy/actor/lib/test/Interpolator.tcl
6 ms. Memory: 208384K Free: 114538K (55%)
4 ms. Memory: 208384K Free: 114538K (55%)
4 ms. Memory: 208384K Free: 114538K (55%)
3 ms. Memory: 208384K Free: 114538K (55%)
11 ms. Memory: 208384K Free: 112152K (54%)
2 ms. Memory: 208384K Free: 112152K (54%)
2 ms. Memory: 208384K Free: 109766K (53%)
6 ms. Memory: 208384K Free: 109766K (53%)
4 ms. Memory: 208384K Free: 109766K (53%)
4 ms. Memory: 208384K Free: 107380K (52%)
/home/travis/build/icyphy/ptII/ptolemy/actor/lib/test/MathFunction.tcl
5 ms. Memory: 208384K Free: 104995K (50%)
6 ms. Memory: 208384K Free: 104995K (50%)
2 ms. Memory: 208384K Free: 104995K (50%)
11 ms. Memory: 208384K Free: 102609K (49%)
4 ms. Memory: 208384K Free: 102609K (49%)
9 ms. Memory: 208384K Free: 100223K (48%)
/home/travis/build/icyphy/ptII/ptolemy/actor/lib/test/Maximum.tcl
9 ms. Memory: 208384K Free: 97837K (47%)
4 ms. Memory: 208384K Free: 97837K (47%)
2 ms. Memory: 208384K Free: 95452K (46%)
2 ms. Memory: 208384K Free: 95452K (46%)
/home/travis/build/icyphy/ptII/ptolemy/actor/lib/test/Minimum.tcl
3 ms. Memory: 208384K Free: 93066K (45%)
2 ms. Memory: 208384K Free: 93066K (45%)
2 ms. Memory: 208384K Free: 93066K (45%)
1 ms. Memory: 208384K Free: 93066K (45%)
/home/travis/build/icyphy/ptII/ptolemy/actor/lib/test/MultiplyDivide.tcl
5 ms. Memory: 208384K Free: 90680K (44%)
2 ms. Memory: 208384K Free: 88294K (42%)
3 ms. Memory: 208384K Free: 88294K (42%)
3 ms. Memory: 208384K Free: 88294K (42%)
2 ms. Memory: 208384K Free: 88294K (42%)
/home/travis/build/icyphy/ptII/ptolemy/actor/lib/test/OrderedMerge.tcl
Connections changed on port: inputA
Connections changed on port: inputB
Connections changed on port: output
Connections changed on port: output
Connections changed on port: output
Connections changed on port: input
.top. Preinitializing ...
Invoking preinitialize():  .top.OrderedMerge
Called preinitialize()
Invoking preinitialize():  .top.Ramp
Called preinitialize()
Invoking preinitialize():  .top.Ramp2
Called preinitialize()
Invoking preinitialize():  .top.Test
Called preinitialize()
Connections changed on port: inputA
Connections changed on port: output
Connections changed on port: inputB
Connections changed on port: output
Connections changed on port: output
Connections changed on port: input
.top. Finished preinitialize().
Called initialize().
Invoking initialize():  .top.OrderedMerge
Initializing actor: .top.OrderedMerge
Adding a thread: .top.OrderedMerge
Invoking initialize():  .top.Ramp
Initializing actor: .top.Ramp
Adding a thread: .top.Ramp
Invoking initialize():  .top.Ramp2
Initializing actor: .top.Ramp2
Adding a thread: .top.Ramp2
Invoking initialize():  .top.Test
Initializing actor: .top.Test
Adding a thread: .top.Test
-- Starting thread.
Called initialize()
Called prefire()
Called fire()
-- Starting thread.
Called initialize()
Called prefire()
Called fire()
Called postfire()
Called prefire()
Called fire()
-- Starting thread.
Called initialize()
Called prefire()
Called fire()
Called postfire()
Called prefire()
Called fire()
Called fire().
Checking for deadlock:
There are 3 Blocked actors, 0 Stopped actors, and 4 active threads.
Waiting for actors to stop.
-- Starting thread.
Called initialize()
Called prefire()
Called fire()
Checking for deadlock:
There are 2 Blocked actors, 0 Stopped actors, and 4 active threads.
Waiting for actors to stop.
Called postfire()
Called prefire()
Called fire()
Checking for deadlock:
There are 3 Blocked actors, 0 Stopped actors, and 4 active threads.
Waiting for actors to stop.
Read input token from inputA with value 0.0
Next port to read input from is inputB
Called postfire()
Called prefire()
Called fire()
Checking for deadlock:
There are 2 Blocked actors, 0 Stopped actors, and 4 active threads.
Waiting for actors to stop.
Called postfire()
Called prefire()
Called fire()
Checking for deadlock:
There are 3 Blocked actors, 0 Stopped actors, and 4 active threads.
Waiting for actors to stop.
Read input token from inputB with value 0.0
Checking for deadlock:
There are 2 Blocked actors, 0 Stopped actors, and 4 active threads.
Waiting for actors to stop.
-- Read input: 0.0, which is expected to match: 0.0
Called prefire()
Called fire()
Checking for deadlock:
There are 3 Blocked actors, 0 Stopped actors, and 4 active threads.
Waiting for actors to stop.
Sent output token with value 0.0
Next port to read input from is inputA
Called postfire()
Called prefire()
Called fire()
Checking for deadlock:
There are 2 Blocked actors, 0 Stopped actors, and 4 active threads.
Waiting for actors to stop.
Called postfire()
Called prefire()
Called fire()
Checking for deadlock:
There are 3 Blocked actors, 0 Stopped actors, and 4 active threads.
Waiting for actors to stop.
Read input token from inputA with value 1.0
Checking for deadlock:
There are 2 Blocked actors, 0 Stopped actors, and 4 active threads.
Waiting for actors to stop.
-- Read input: 0.0, which is expected to match: 0.0
Called prefire()
Called fire()
Checking for deadlock:
There are 3 Blocked actors, 0 Stopped actors, and 4 active threads.
Waiting for actors to stop.
Sent output token with value 0.0
Next port to read input from is inputB
Called postfire()
Called prefire()
Called fire()
Checking for deadlock:
There are 2 Blocked actors, 0 Stopped actors, and 4 active threads.
Waiting for actors to stop.
Called postfire()
Called prefire()
Called fire()
Checking for deadlock:
There are 3 Blocked actors, 0 Stopped actors, and 4 active threads.
Waiting for actors to stop.
Read input token from inputB with value 1.5
Checking for deadlock:
There are 2 Blocked actors, 0 Stopped actors, and 4 active threads.
Waiting for actors to stop.
-- Read input: 1.0, which is expected to match: 1.0
Called prefire()
Called fire()
Checking for deadlock:
There are 3 Blocked actors, 0 Stopped actors, and 4 active threads.
Waiting for actors to stop.
Sent output token with value 1.0
Next port to read input from is inputA
Called postfire()
Called prefire()
Called fire()
Checking for deadlock:
There are 2 Blocked actors, 0 Stopped actors, and 4 active threads.
Waiting for actors to stop.
Called postfire()
Called prefire()
Called fire()
Checking for deadlock:
There are 3 Blocked actors, 0 Stopped actors, and 4 active threads.
Waiting for actors to stop.
Read input token from inputA with value 2.0
Checking for deadlock:
There are 2 Blocked actors, 0 Stopped actors, and 4 active threads.
Waiting for actors to stop.
-- Read input: 1.5, which is expected to match: 1.5
Called prefire()
Called fire()
Checking for deadlock:
There are 3 Blocked actors, 0 Stopped actors, and 4 active threads.
Waiting for actors to stop.
Sent output token with value 1.5
Next port to read input from is inputB
Called postfire()
Called prefire()
Called fire()
Checking for deadlock:
There are 2 Blocked actors, 0 Stopped actors, and 4 active threads.
Waiting for actors to stop.
Called postfire()
Called prefire()
Called fire()
Checking for deadlock:
There are 3 Blocked actors, 0 Stopped actors, and 4 active threads.
Waiting for actors to stop.
Read input token from inputB with value 3.0
Checking for deadlock:
There are 2 Blocked actors, 0 Stopped actors, and 4 active threads.
Waiting for actors to stop.
-- Read input: 2.0, which is expected to match: 2.0
Called prefire()
Called fire()
Checking for deadlock:
There are 3 Blocked actors, 0 Stopped actors, and 4 active threads.
Waiting for actors to stop.
Sent output token with value 2.0
Next port to read input from is inputA
Called postfire()
Called prefire()
Called fire()
Called postfire()
Called prefire()
Called fire()
Checking for deadlock:
There are 3 Blocked actors, 0 Stopped actors, and 4 active threads.
Waiting for actors to stop.
Read input token from inputA with value 3.0
-- Read input: 3.0, which is expected to match: 3.0
Called prefire()
Called fire()
Checking for deadlock:
There are 3 Blocked actors, 0 Stopped actors, and 4 active threads.
Waiting for actors to stop.
Sent output token with value 3.0
Next port to read input from is inputB
Called postfire()
Called prefire()
Called fire()
Checking for deadlock:
There are 2 Blocked actors, 0 Stopped actors, and 4 active threads.
Waiting for actors to stop.
Called postfire()
Called prefire()
Called fire()
Checking for deadlock:
There are 3 Blocked actors, 0 Stopped actors, and 4 active threads.
Waiting for actors to stop.
Read input token from inputB with value 4.5
Checking for deadlock:
There are 2 Blocked actors, 0 Stopped actors, and 4 active threads.
Waiting for actors to stop.
-- Read input: 3.0, which is expected to match: 3.0
Called prefire()
Called fire()
Checking for deadlock:
There are 3 Blocked actors, 0 Stopped actors, and 4 active threads.
Waiting for actors to stop.
Sent output token with value 3.0
Next port to read input from is inputA
Called postfire()
Called prefire()
Called fire()
Called postfire()
Called prefire()
Called fire()
Checking for deadlock:
There are 3 Blocked actors, 0 Stopped actors, and 4 active threads.
Waiting for actors to stop.
Read input token from inputA with value 4.0
-- Read input: 4.0, which is expected to match: 4.0
Called prefire()
Called fire()
Past the end of training data. Read and discard all inputs.
Checking for deadlock:
There are 3 Blocked actors, 0 Stopped actors, and 4 active threads.
Waiting for actors to stop.
Sent output token with value 4.0
Next port to read input from is inputA
Called postfire()
Called prefire()
Called fire()
Called postfire()
Called prefire()
Called fire()
Checking for deadlock:
There are 3 Blocked actors, 0 Stopped actors, and 4 active threads.
Waiting for actors to stop.
Read input token from inputA with value 5.0
Called prefire()
Called fire()
Past the end of training data. Read and discard all inputs.
Checking for deadlock:
There are 3 Blocked actors, 0 Stopped actors, and 4 active threads.
Waiting for actors to stop.
Sent output token with value 4.5
Next port to read input from is inputB
Called postfire()
Called prefire()
Called fire()
Checking for deadlock:
There are 2 Blocked actors, 0 Stopped actors, and 4 active threads.
Waiting for actors to stop.
Called postfire()
Called prefire()
Called fire()
Checking for deadlock:
There are 3 Blocked actors, 0 Stopped actors, and 4 active threads.
Waiting for actors to stop.
Read input token from inputB with value 6.0
Checking for deadlock:
There are 2 Blocked actors, 0 Stopped actors, and 4 active threads.
Waiting for actors to stop.
Called prefire()
Called fire()
Past the end of training data. Read and discard all inputs.
Checking for deadlock:
There are 3 Blocked actors, 0 Stopped actors, and 4 active threads.
Waiting for actors to stop.
Sent output token with value 5.0
Next port to read input from is inputA
Called postfire()
Called prefire()
Called fire()
Called postfire()
Called prefire()
Called fire()
Checking for deadlock:
There are 3 Blocked actors, 0 Stopped actors, and 4 active threads.
Waiting for actors to stop.
Read input token from inputA with value 6.0
Called prefire()
Called fire()
Past the end of training data. Read and discard all inputs.
Checking for deadlock:
There are 3 Blocked actors, 0 Stopped actors, and 4 active threads.
Waiting for actors to stop.
Sent output token with value 6.0
Next port to read input from is inputB
Called postfire()
Called prefire()
Called fire()
Checking for deadlock:
There are 2 Blocked actors, 0 Stopped actors, and 4 active threads.
Waiting for actors to stop.
Called postfire()
Called prefire()
Called fire()
Checking for deadlock:
There are 3 Blocked actors, 0 Stopped actors, and 4 active threads.
Waiting for actors to stop.
Read input token from inputB with value 7.5
Checking for deadlock:
There are 2 Blocked actors, 0 Stopped actors, and 4 active threads.
Waiting for actors to stop.
Called prefire()
Called fire()
Past the end of training data. Read and discard all inputs.
Checking for deadlock:
There are 3 Blocked actors, 0 Stopped actors, and 4 active threads.
Waiting for actors to stop.
Sent output token with value 6.0
Next port to read input from is inputA
Called postfire()
Called prefire()
Called fire()
Called postfire()
Called prefire()
Called fire()
Checking for deadlock:
There are 3 Blocked actors, 0 Stopped actors, and 4 active threads.
Waiting for actors to stop.
Read input token from inputA with value 7.0
Called prefire()
Called fire()
Past the end of training data. Read and discard all inputs.
Checking for deadlock:
There are 3 Blocked actors, 0 Stopped actors, and 4 active threads.
Waiting for actors to stop.
Sent output token with value 7.0
Next port to read input from is inputA
Called postfire()
Called prefire()
Called fire()
-- Thread wrapup() called.
Called wrapup()
Thread .top.Ramp is exiting.
-- Thread stopped.
Checking for deadlock:
There are 2 Blocked actors, 0 Stopped actors, and 3 active threads.
Waiting for actors to stop.
Read input token from inputA with value 8.0
Called prefire()
Called fire()
Past the end of training data. Read and discard all inputs.
Checking for deadlock:
There are 2 Blocked actors, 0 Stopped actors, and 3 active threads.
Waiting for actors to stop.
Sent output token with value 7.5
Next port to read input from is inputB
Called postfire()
Called prefire()
Called fire()
Checking for deadlock:
There are 1 Blocked actors, 0 Stopped actors, and 3 active threads.
Waiting for actors to stop.
Called postfire()
Called prefire()
Called fire()
Checking for deadlock:
There are 2 Blocked actors, 0 Stopped actors, and 3 active threads.
Waiting for actors to stop.
Read input token from inputB with value 9.0
Checking for deadlock:
There are 1 Blocked actors, 0 Stopped actors, and 3 active threads.
Waiting for actors to stop.
Called prefire()
Called fire()
Past the end of training data. Read and discard all inputs.
Checking for deadlock:
There are 2 Blocked actors, 0 Stopped actors, and 3 active threads.
Waiting for actors to stop.
Sent output token with value 8.0
Next port to read input from is inputA
Called postfire()
Called prefire()
Called fire()
Read input token from inputA with value 9.0
Checking for deadlock:
There are 1 Blocked actors, 0 Stopped actors, and 3 active threads.
Waiting for actors to stop.
Called prefire()
Called fire()
Past the end of training data. Read and discard all inputs.
Checking for deadlock:
There are 2 Blocked actors, 0 Stopped actors, and 3 active threads.
Waiting for actors to stop.
Sent output token with value 9.0
Next port to read input from is inputB
Called postfire()
Called prefire()
Called fire()
Checking for deadlock:
There are 1 Blocked actors, 0 Stopped actors, and 3 active threads.
Waiting for actors to stop.
Called postfire()
Called prefire()
Called fire()
Checking for deadlock:
There are 2 Blocked actors, 0 Stopped actors, and 3 active threads.
Waiting for actors to stop.
Read input token from inputB with value 10.5
Checking for deadlock:
There are 1 Blocked actors, 0 Stopped actors, and 3 active threads.
Waiting for actors to stop.
Called prefire()
Called fire()
Past the end of training data. Read and discard all inputs.
Checking for deadlock:
There are 2 Blocked actors, 0 Stopped actors, and 3 active threads.
Waiting for actors to stop.
Sent output token with value 9.0
Next port to read input from is inputA
Called postfire()
Called prefire()
Called fire()
Checking for deadlock:
There are 3 Blocked actors, 0 Stopped actors, and 3 active threads.
Actors have stopped.
Checking for deadlock:
There are 3 Blocked actors, 0 Stopped actors, and 3 active threads.
Deadlock detected.
Resolving Deadlock
Checking for deadlock:
There are 3 Blocked actors, 0 Stopped actors, and 3 active threads.
Artificial Deadlock - increasing queue capacity.
increasing the capacity of receiver ptolemy.actor.TypedIOPort {.top.OrderedMerge.inputB} to 2
Director: Called postfire().
Called postfire().
_stopRequested = false
_stopFireRequested = false
Returning from postfire(): true
Called fire().
Checking for deadlock:
There are 2 Blocked actors, 0 Stopped actors, and 3 active threads.
Waiting for actors to stop.
-- Thread wrapup() called.
Called wrapup()
Thread .top.Ramp2 is exiting.
-- Thread stopped.
Checking for deadlock:
There are 2 Blocked actors, 0 Stopped actors, and 2 active threads.
Actors have stopped.
Checking for deadlock:
There are 2 Blocked actors, 0 Stopped actors, and 2 active threads.
Deadlock detected.
Resolving Deadlock
Checking for deadlock:
There are 2 Blocked actors, 0 Stopped actors, and 2 active threads.
Deadlock detected: no processes blocked on write, but some are blocked on read.
Called postfire().
_stopRequested = false
_stopFireRequested = false
Returning from postfire(): false
Finished deactivating branches.
Called wrapup().
-- Thread wrapup() called.
Called wrapup()
Thread .top.Test is exiting.
-- Thread stopped.
-- Blocked Receiver call threw TerminateProcessException.
-- Thread wrapup() called.
Called wrapup()
Thread .top.OrderedMerge is exiting.
24 ms. Memory: 208384K Free: 80993K (39%)
.top. Preinitializing ...
Invoking preinitialize():  .top.OrderedMerge
Called preinitialize()
Invoking preinitialize():  .top.Ramp
Called preinitialize()
Invoking preinitialize():  .top.Ramp2
Called preinitialize()
Invoking preinitialize():  .top.Test
Called preinitialize()
.top. Finished preinitialize().
Called initialize().
Invoking initialize():  .top.OrderedMerge
Initializing actor: .top.OrderedMerge
Adding a thread: .top.OrderedMerge
Invoking initialize():  .top.Ramp
Initializing actor: .top.Ramp
Adding a thread: .top.Ramp
Invoking initialize():  .top.Ramp2
Initializing actor: .top.Ramp2
Adding a thread: .top.Ramp2
Invoking initialize():  .top.Test
Initializing actor: .top.Test
Adding a thread: .top.Test
-- Thread stopped.
-- Blocked Receiver call threw TerminateProcessException.
Called fire().
Checking for deadlock:
There are 0 Blocked actors, 0 Stopped actors, and 4 active threads.
Waiting for actors to stop.
-- Starting thread.
Called initialize()
Called prefire()
Called fire()
Checking for deadlock:
There are 1 Blocked actors, 0 Stopped actors, and 4 active threads.
Waiting for actors to stop.
-- Starting thread.
Called initialize()
Called prefire()
Called fire()
-- Starting thread.
Called initialize()
Called prefire()
Called fire()
Called postfire()
Called prefire()
Called fire()
-- Starting thread.
Called initialize()
Called prefire()
Called fire()
Called postfire()
Called prefire()
Called fire()
Checking for deadlock:
There are 3 Blocked actors, 0 Stopped actors, and 4 active threads.
Waiting for actors to stop.
Read input token from inputA with value 0.0
Next port to read input from is inputB
Called postfire()
Called prefire()
Called fire()
Read input token from inputB with value 0.0
Sent output token with value 0.0
Next port to read input from is inputA
Called postfire()
Called prefire()
Called fire()
Called postfire()
Called prefire()
Called fire()
-- Read input: 0.0, which is expected to match: 0.0
Called prefire()
Called fire()
Checking for deadlock:
There are 2 Blocked actors, 0 Stopped actors, and 4 active threads.
Waiting for actors to stop.
Called postfire()
Called prefire()
Called fire()
Checking for deadlock:
There are 3 Blocked actors, 0 Stopped actors, and 4 active threads.
Waiting for actors to stop.
Checking for deadlock:
There are 2 Blocked actors, 0 Stopped actors, and 4 active threads.
Waiting for actors to stop.
Called postfire()
Called prefire()
Called fire()
Checking for deadlock:
There are 3 Blocked actors, 0 Stopped actors, and 4 active threads.
Waiting for actors to stop.
Read input token from inputA with value 1.0
-- Read input: 0.0, which is expected to match: 0.0
Called prefire()
Called fire()
Checking for deadlock:
There are 3 Blocked actors, 0 Stopped actors, and 4 active threads.
Waiting for actors to stop.
Sent output token with value 0.0
Next port to read input from is inputB
Called postfire()
Called prefire()
Called fire()
Called postfire()
Called prefire()
Called fire()
Checking for deadlock:
There are 3 Blocked actors, 0 Stopped actors, and 4 active threads.
Waiting for actors to stop.
Read input token from inputB with value 1.5
-- Read input: 1.0, which is expected to match: 1.0
Called prefire()
Called fire()
Checking for deadlock:
There are 3 Blocked actors, 0 Stopped actors, and 4 active threads.
Waiting for actors to stop.
Sent output token with value 1.0
Next port to read input from is inputA
Called postfire()
Called prefire()
Called fire()
Called postfire()
Called prefire()
Called fire()
Checking for deadlock:
There are 3 Blocked actors, 0 Stopped actors, and 4 active threads.
Waiting for actors to stop.
Read input token from inputA with value 2.0
-- Read input: 1.5, which is expected to match: 1.5
Called prefire()
Called fire()
Checking for deadlock:
There are 3 Blocked actors, 0 Stopped actors, and 4 active threads.
Waiting for actors to stop.
Sent output token with value 1.5
Next port to read input from is inputB
Called postfire()
Called prefire()
Called fire()
Called postfire()
Called prefire()
Called fire()
Checking for deadlock:
There are 3 Blocked actors, 0 Stopped actors, and 4 active threads.
Waiting for actors to stop.
Read input token from inputB with value 3.0
-- Read input: 2.0, which is expected to match: 2.0
Called prefire()
Called fire()
Checking for deadlock:
There are 3 Blocked actors, 0 Stopped actors, and 4 active threads.
Waiting for actors to stop.
Sent output token with value 2.0
Next port to read input from is inputA
Called postfire()
Called prefire()
Called fire()
Called postfire()
Called prefire()
Called fire()
Checking for deadlock:
There are 3 Blocked actors, 0 Stopped actors, and 4 active threads.
Waiting for actors to stop.
Read input token from inputA with value 3.0
-- Read input: 3.0, which is expected to match: 3.0
Called prefire()
Called fire()
Checking for deadlock:
There are 3 Blocked actors, 0 Stopped actors, and 4 active threads.
Waiting for actors to stop.
Sent output token with value 3.0
Next port to read input from is inputB
Called postfire()
Called prefire()
Called fire()
Called postfire()
Called prefire()
Called fire()
Checking for deadlock:
There are 3 Blocked actors, 0 Stopped actors, and 4 active threads.
Waiting for actors to stop.
Read input token from inputB with value 4.5
-- Read input: 3.0, which is expected to match: 3.0
Called prefire()
Called fire()
Checking for deadlock:
There are 3 Blocked actors, 0 Stopped actors, and 4 active threads.
Waiting for actors to stop.
Sent output token with value 3.0
Next port to read input from is inputA
Called postfire()
Called prefire()
Called fire()
Called postfire()
Called prefire()
Called fire()
Checking for deadlock:
There are 3 Blocked actors, 0 Stopped actors, and 4 active threads.
Waiting for actors to stop.
Read input token from inputA with value 4.0
-- Read input: 4.0, which is expected to match: 4.0
Called prefire()
Called fire()
Past the end of training data. Read and discard all inputs.
Checking for deadlock:
There are 3 Blocked actors, 0 Stopped actors, and 4 active threads.
Waiting for actors to stop.
Sent output token with value 4.0
Next port to read input from is inputA
Called postfire()
Called prefire()
Called fire()
Called postfire()
Called prefire()
Called fire()
Checking for deadlock:
There are 3 Blocked actors, 0 Stopped actors, and 4 active threads.
Waiting for actors to stop.
Read input token from inputA with value 5.0
Called prefire()
Called fire()
Past the end of training data. Read and discard all inputs.
Checking for deadlock:
There are 3 Blocked actors, 0 Stopped actors, and 4 active threads.
Waiting for actors to stop.
Sent output token with value 4.5
Next port to read input from is inputB
Called postfire()
Called prefire()
Called fire()
Called postfire()
Called prefire()
Called fire()
Checking for deadlock:
There are 3 Blocked actors, 0 Stopped actors, and 4 active threads.
Waiting for actors to stop.
Read input token from inputB with value 6.0
Called prefire()
Called fire()
Past the end of training data. Read and discard all inputs.
Checking for deadlock:
There are 3 Blocked actors, 0 Stopped actors, and 4 active threads.
Waiting for actors to stop.
Sent output token with value 5.0
Next port to read input from is inputA
Called postfire()
Called prefire()
Called fire()
Called postfire()
Called prefire()
Called fire()
Checking for deadlock:
There are 3 Blocked actors, 0 Stopped actors, and 4 active threads.
Waiting for actors to stop.
Read input token from inputA with value 6.0
Called prefire()
Called fire()
Past the end of training data. Read and discard all inputs.
Checking for deadlock:
There are 3 Blocked actors, 0 Stopped actors, and 4 active threads.
Waiting for actors to stop.
Sent output token with value 6.0
Next port to read input from is inputB
Called postfire()
Called prefire()
Called fire()
Called postfire()
Called prefire()
Called fire()
Checking for deadlock:
There are 3 Blocked actors, 0 Stopped actors, and 4 active threads.
Waiting for actors to stop.
Read input token from inputB with value 7.5
Called prefire()
Called fire()
Past the end of training data. Read and discard all inputs.
Checking for deadlock:
There are 3 Blocked actors, 0 Stopped actors, and 4 active threads.
Waiting for actors to stop.
Sent output token with value 6.0
Next port to read input from is inputA
Called postfire()
Called prefire()
Called fire()
Called postfire()
Called prefire()
Called fire()
Checking for deadlock:
There are 3 Blocked actors, 0 Stopped actors, and 4 active threads.
Waiting for actors to stop.
Read input token from inputA with value 7.0
Called prefire()
Called fire()
Past the end of training data. Read and discard all inputs.
Checking for deadlock:
There are 3 Blocked actors, 0 Stopped actors, and 4 active threads.
Waiting for actors to stop.
Sent output token with value 7.0
Next port to read input from is inputA
Called postfire()
Called prefire()
Called fire()
-- Thread wrapup() called.
Called wrapup()
Thread .top.Ramp is exiting.
-- Thread stopped.
Checking for deadlock:
There are 2 Blocked actors, 0 Stopped actors, and 3 active threads.
Waiting for actors to stop.
Read input token from inputA with value 8.0
Called prefire()
Called fire()
Past the end of training data. Read and discard all inputs.
Checking for deadlock:
There are 2 Blocked actors, 0 Stopped actors, and 3 active threads.
Waiting for actors to stop.
Sent output token with value 7.5
Next port to read input from is inputB
Called postfire()
Called prefire()
Called fire()
Called postfire()
Called prefire()
Called fire()
Checking for deadlock:
There are 2 Blocked actors, 0 Stopped actors, and 3 active threads.
Waiting for actors to stop.
Read input token from inputB with value 9.0
Called prefire()
Called fire()
Past the end of training data. Read and discard all inputs.
Checking for deadlock:
There are 2 Blocked actors, 0 Stopped actors, and 3 active threads.
Waiting for actors to stop.
Sent output token with value 8.0
Next port to read input from is inputA
Called postfire()
Called prefire()
Called fire()
Read input token from inputA with value 9.0
Checking for deadlock:
There are 1 Blocked actors, 0 Stopped actors, and 3 active threads.
Waiting for actors to stop.
Called prefire()
Called fire()
Past the end of training data. Read and discard all inputs.
Checking for deadlock:
There are 2 Blocked actors, 0 Stopped actors, and 3 active threads.
Waiting for actors to stop.
Sent output token with value 9.0
Next port to read input from is inputB
Called postfire()
Called prefire()
Called fire()
Called postfire()
Called prefire()
Called fire()
Checking for deadlock:
There are 2 Blocked actors, 0 Stopped actors, and 3 active threads.
Waiting for actors to stop.
Read input token from inputB with value 10.5
Called prefire()
Called fire()
Past the end of training data. Read and discard all inputs.
Checking for deadlock:
There are 2 Blocked actors, 0 Stopped actors, and 3 active threads.
Waiting for actors to stop.
Sent output token with value 9.0
Next port to read input from is inputA
Called postfire()
Called prefire()
Called fire()
Checking for deadlock:
There are 3 Blocked actors, 0 Stopped actors, and 3 active threads.
Actors have stopped.
Checking for deadlock:
There are 3 Blocked actors, 0 Stopped actors, and 3 active threads.
Deadlock detected.
Resolving Deadlock
Checking for deadlock:
There are 3 Blocked actors, 0 Stopped actors, and 3 active threads.
Artificial Deadlock - increasing queue capacity.
increasing the capacity of receiver ptolemy.actor.TypedIOPort {.top.OrderedMerge.inputB} to 2
Director: Called postfire().
Called postfire().
_stopRequested = false
_stopFireRequested = false
Returning from postfire(): true
Called fire().
Checking for deadlock:
There are 2 Blocked actors, 0 Stopped actors, and 3 active threads.
Waiting for actors to stop.
-- Thread wrapup() called.
Called wrapup()
Thread .top.Ramp2 is exiting.
-- Thread stopped.
Checking for deadlock:
There are 2 Blocked actors, 0 Stopped actors, and 2 active threads.
Actors have stopped.
Checking for deadlock:
There are 2 Blocked actors, 0 Stopped actors, and 2 active threads.
Deadlock detected.
Resolving Deadlock
Checking for deadlock:
There are 2 Blocked actors, 0 Stopped actors, and 2 active threads.
Deadlock detected: no processes blocked on write, but some are blocked on read.
Called postfire().
_stopRequested = false
_stopFireRequested = false
Returning from postfire(): false
Finished deactivating branches.
Called wrapup().
-- Thread wrapup() called.
Called wrapup()
Thread .top.OrderedMerge is exiting.
-- Thread stopped.
-- Blocked Receiver call threw TerminateProcessException.
-- Thread wrapup() called.
Called wrapup()
Thread .top.Test is exiting.
-- Thread stopped.
-- Blocked Receiver call threw TerminateProcessException.
53 ms. Memory: 208384K Free: 194820K (93%)
/home/travis/build/icyphy/ptII/ptolemy/actor/lib/test/Publisher.tcl
16 ms. Memory: 208384K Free: 190049K (91%)
7 ms. Memory: 208384K Free: 182893K (88%)
6 ms. Memory: 208384K Free: 178122K (85%)
5 ms. Memory: 208384K Free: 178122K (85%)
5 ms. Memory: 208384K Free: 178122K (85%)
12 ms. Memory: 208384K Free: 175737K (84%)
2 ms. Memory: 208384K Free: 175737K (84%)
8 ms. Memory: 208384K Free: 175737K (84%)
1 ms. Memory: 208384K Free: 166195K (80%)
4 ms. Memory: 208384K Free: 161424K (77%)
3 ms. Memory: 208384K Free: 161424K (77%)
2 ms. Memory: 208384K Free: 159039K (76%)
7 ms. Memory: 208384K Free: 149497K (72%)
6 ms. Memory: 208384K Free: 139955K (67%)
6 ms. Memory: 208384K Free: 128028K (61%)
/home/travis/build/icyphy/ptII/ptolemy/actor/lib/test/Pulse.tcl
3 ms. Memory: 208384K Free: 85087K (41%)
2 ms. Memory: 208384K Free: 85087K (41%)
2 ms. Memory: 208384K Free: 85087K (41%)
1 ms. Memory: 208384K Free: 85087K (41%)
1 ms. Memory: 208384K Free: 82701K (40%)
1 ms. Memory: 208384K Free: 82701K (40%)
2 ms. Memory: 208384K Free: 82701K (40%)
2 ms. Memory: 208384K Free: 80316K (39%)
1 ms. Memory: 208384K Free: 80316K (39%)
/home/travis/build/icyphy/ptII/ptolemy/actor/lib/test/Ramp.tcl
35 ms. Memory: 331264K Free: 318623K (96%)
2 ms. Memory: 331264K Free: 318623K (96%)
2 ms. Memory: 331264K Free: 318623K (96%)
2 ms. Memory: 331264K Free: 318623K (96%)
3 ms. Memory: 331264K Free: 318623K (96%)
4 ms. Memory: 331264K Free: 318623K (96%)
5 ms. Memory: 331264K Free: 313887K (95%)
5 actors
5000 microseconds per iteration to create
6 ms. Memory: 331264K Free: 313887K (95%)
2 ms. Memory: 331264K Free: 313887K (95%)
1 ms. Memory: 331264K Free: 313887K (95%)
3 ms. Memory: 331264K Free: 309150K (93%)
50 actors
41000 microseconds per iteration to create
49 ms. Memory: 331264K Free: 294941K (89%)
18 ms. Memory: 331264K Free: 294941K (89%)
12 ms. Memory: 331264K Free: 294941K (89%)
6 ms. Memory: 331264K Free: 294941K (89%)
500 actors
1747000 microseconds per iteration to create
305 ms. Memory: 331264K Free: 124254K (38%)
37 ms. Memory: 331264K Free: 114781K (35%)
42 ms. Memory: 331264K Free: 110044K (33%)
47 ms. Memory: 331264K Free: 105308K (32%)
/home/travis/build/icyphy/ptII/ptolemy/actor/lib/test/RampContinuous.tcl
7 ms. Memory: 331264K Free: 105308K (32%)
/home/travis/build/icyphy/ptII/ptolemy/actor/lib/test/RecordAssembler.tcl
5 ms. Memory: 331264K Free: 105308K (32%)
3 ms. Memory: 331264K Free: 100564K (30%)
/home/travis/build/icyphy/ptII/ptolemy/actor/lib/test/RecordDisassembler.tcl
5 ms. Memory: 331264K Free: 100564K (30%)
3 ms. Memory: 331264K Free: 100564K (30%)
4 ms. Memory: 331264K Free: 100564K (30%)
/home/travis/build/icyphy/ptII/ptolemy/actor/lib/test/Scale.tcl
3 ms. Memory: 331264K Free: 95827K (29%)
1 ms. Memory: 331264K Free: 95827K (29%)
2 ms. Memory: 331264K Free: 95827K (29%)
2 ms. Memory: 331264K Free: 95827K (29%)
3 ms. Memory: 331264K Free: 91091K (27%)
/home/travis/build/icyphy/ptII/ptolemy/actor/lib/test/SequentialClock.tcl
preinitializing
resolving types
initializing
executing number 1
wrapping up
idle
3 ms. Memory: 331264K Free: 91091K (27%)
Completed execution with 5 iterations
preinitializing
resolving types
initializing
executing number 1
wrapping up
idle
2 ms. Memory: 331264K Free: 91091K (27%)
Completed execution with 5 iterations
preinitializing
resolving types
initializing
executing number 1
wrapping up
idle
1 ms. Memory: 331264K Free: 91091K (27%)
Completed execution with 5 iterations
/home/travis/build/icyphy/ptII/ptolemy/actor/lib/test/SetVariable.tcl
4 ms. Memory: 331264K Free: 91091K (27%)
/home/travis/build/icyphy/ptII/ptolemy/actor/lib/test/Sinewave.tcl
/home/travis/build/icyphy/ptII/ptolemy/actor/lib/test/SubscriptionAggregator.tcl
4 ms. Memory: 332288K Free: 314246K (95%)
8 ms. Memory: 332288K Free: 314246K (95%)
1 ms. Memory: 332288K Free: 314246K (95%)
0 ms. Memory: 332288K Free: 314246K (95%)
1 ms. Memory: 332288K Free: 309438K (93%)
5 ms. Memory: 332288K Free: 309438K (93%)
...............................................................822 ms. Memory: 576000K Free: 257850K (45%)
/home/travis/build/icyphy/ptII/ptolemy/actor/lib/test/Test.tcl
 The next command will produce a warning about training mode,
   which may be ignored.
4 ms. Memory: 576000K Free: 248272K (43%)
59 ms. Memory: 576000K Free: 248272K (43%)
2 ms. Memory: 576000K Free: 248272K (43%)
3 ms. Memory: 576000K Free: 243413K (42%)
2 ms. Memory: 576000K Free: 243413K (42%)
3 ms. Memory: 576000K Free: 243413K (42%)
3 ms. Memory: 576000K Free: 243413K (42%)
 The next command will produce a warning about training mode,
   which may be ignored.
4 ms. Memory: 576000K Free: 243413K (42%)
 The next command will produce a warning about training mode,
   which may be ignored.
4 ms. Memory: 576000K Free: 233819K (41%)
1 ms. Memory: 576000K Free: 233819K (41%)
1 ms. Memory: 576000K Free: 233819K (41%)
1 ms. Memory: 576000K Free: 233819K (41%)


==== $PTII/ptolemy/actor/lib/test/Test.tcl: Test-2.2.3 Fail the array test with insufficient data
==== Contents of test case:

    # Uses 2.2 above
    set value [getParameter $const value]
    $value setToken [java::new ptolemy.data.ArrayToken "{1.0, 2.0, 3.0}"]
   
    set correctValues [getParameter $test correctValues]
    $correctValues setExpression "{{{1.0, 2.0, 3.0}}, {{1.0, 2.0, 3.0}}, {{1.0, 2.0, 3.0}}}"
    set requireAllCorrectValues [getParameter $test requireAllCorrectValues]
    $requireAllCorrectValues setExpression "true" 
    #puts [$e22 exportMoML]
    catch {[$e22 getManager] execute} errMsg
    list $errMsg

==== Result was:
{ptolemy.kernel.util.IllegalActionException: Exceptions occurred during wrapup:
ptolemy.kernel.util.IllegalActionException: The test produced only 2 tokens, yet the correctValues parameter was expecting 3 tokens.
Threads:
Threads: 8
Current Thread (*) _is not_ the Swing Event Dispatch Thread
Name                                Group                Pri Daemon Alive Curr
Reference Handler                   system               10  true   true   
Finalizer                           system               8   true   true   
Signal Dispatcher                   system               9   true   true   
process reaper                      system               10  true   true   
Java2D Disposer                     system               10  true   true   
AWT-XAWT                            system               6   true   true   
main                                main                 5   false  true  *
Timer-0                             main                 5   true   true   

  in .top.test

  in .top.<Unnamed Object>
Because:
The test produced only 2 tokens, yet the correctValues parameter was expecting 3 tokens.
Threads:
Threads: 8
Current Thread (*) _is not_ the Swing Event Dispatch Thread
Name                                Group                Pri Daemon Alive Curr
Reference Handler                   system               10  true   true   
Finalizer                           system               8   true   true   
Signal Dispatcher                   system               9   true   true   
process reaper                      system               10  true   true   
Java2D Disposer                     system               10  true   true   
AWT-XAWT                            system               6   true   true   
main                                main                 5   false  true  *
Timer-0                             main                 5   true   true   

  in .top.test}
---- Result should have been:
{ptolemy.kernel.util.IllegalActionException: Exceptions occurred during wrapup:
ptolemy.kernel.util.IllegalActionException: The test produced only 2 tokens, yet the correctValues parameter was expecting 3 tokens.
  in .top.test

  in .top.<Unnamed Object>
Because:
The test produced only 2 tokens, yet the correctValues parameter was expecting 3 tokens.
  in .top.test}
@@@@@ known results is more than 7 lines long, so we run diff
2a3,15
> Threads:
> Threads: 8
> Current Thread (*) _is not_ the Swing Event Dispatch Thread
> Name                                Group                Pri Daemon Alive Curr
> Reference Handler                   system               10  true   true   
> Finalizer                           system               8   true   true   
> Signal Dispatcher                   system               9   true   true   
> process reaper                      system               10  true   true   
> Java2D Disposer                     system               10  true   true   
> AWT-XAWT                            system               6   true   true   
> main                                main                 5   false  true  *
> Timer-0                             main                 5   true   true   
> 
7a21,33
> Threads:
> Threads: 8
> Current Thread (*) _is not_ the Swing Event Dispatch Thread
> Name                                Group                Pri Daemon Alive Curr
> Reference Handler                   system               10  true   true   
> Finalizer                           system               8   true   true   
> Signal Dispatcher                   system               9   true   true   
> process reaper                      system               10  true   true   
> Java2D Disposer                     system               10  true   true   
> AWT-XAWT                            system               6   true   true   
> main                                main                 5   false  true  *
> Timer-0                             main                 5   true   true   
> 
@@@@@ Done running diffText
---- Test-2.2.3 FAILED
2 ms. Memory: 576000K Free: 219225K (38%)
4 ms. Memory: 576000K Free: 219225K (38%)
/home/travis/build/icyphy/ptII/ptolemy/actor/lib/test/TestExceptionHandler.tcl
 The next command will produce a warning about training mode,
   which may be ignored.
1 ms. Memory: 576000K Free: 219225K (38%)
1 ms. Memory: 576000K Free: 219225K (38%)
2 ms. Memory: 576000K Free: 209639K (36%)
/home/travis/build/icyphy/ptII/ptolemy/actor/lib/test/UnionDisassembler.tcl
26 ms. Memory: 576000K Free: 209639K (36%)
/home/travis/build/icyphy/ptII/ptolemy/actor/lib/test/VariableClock.tcl
preinitializing
resolving types
initializing
executing number 1
wrapping up
idle
10 ms. Memory: 576000K Free: 200045K (35%)
Completed execution with 11 iterations
preinitializing
resolving types
initializing
executing number 1
wrapping up
idle
8 ms. Memory: 576000K Free: 200045K (35%)
Completed execution with 10 iterations
05/10/18 05:34:28
Failed: 1  Total Tests: 234  ((Passed: 233, Newly Passed: 0)  Known Failed: 0) /home/travis/build/icyphy/ptII/ptolemy/actor/lib/test
----------------- testing (KnownFailure) /home/travis/build/icyphy/ptII/ptolemy/actor/lib/test/auto/knownFailedTests/PublisherPortToplevelSubscriber.xml
1 ms. Memory: 576000K Free: 190327K (33%)
Known Failure: java.lang.reflect.InvocationTargetException
----------------- testing (KnownFailure) /home/travis/build/icyphy/ptII/ptolemy/actor/lib/test/auto/knownFailedTests/PublisherSubscriberPortToplevel.xml
1 ms. Memory: 576000K Free: 170891K (30%)
Known Failure: java.lang.reflect.InvocationTargetException
----------------- testing (KnownFailure) /home/travis/build/icyphy/ptII/ptolemy/actor/lib/test/auto/knownFailedTests/PublisherSubscriptionAggregatorPort.xml
1 ms. Memory: 576000K Free: 151456K (26%)
Known Failure: java.lang.reflect.InvocationTargetException
----------------- testing (KnownFailure) /home/travis/build/icyphy/ptII/ptolemy/actor/lib/test/auto/knownFailedTests/sizedarray3.xml
4 ms. Memory: 576000K Free: 132020K (23%)
Known Failure: java.lang.reflect.InvocationTargetException
No auto/*.xml tests in /home/travis/build/icyphy/ptII/ptolemy/actor/lib/test
AutoTests.java: About to close Vertx.
AutoTests.java: Vertx closed.
----------------- testing Thu May 10 17:34:28 UTC 2018 /home/travis/build/icyphy/ptII/ptolemy/actor/lib/test/auto/AbsoluteValue.xml
----------------- Instantiating /home/travis/build/icyphy/ptII/ptolemy/actor/lib/test/auto/AbsoluteValue.xml
23 ms. Memory: 579584K Free: 512955K (89%)
----------------- Invoking toplevel() on ptolemy.moml.MoMLSimpleApplication@25568296
----------------- Done invoking toplevel() on ptolemy.moml.MoMLSimpleApplication@25568296
reloadAllAccessors: .AbsoluteValue
----------------- testing Thu May 10 17:34:28 UTC 2018 /home/travis/build/icyphy/ptII/ptolemy/actor/lib/test/auto/AbsoluteValue2.xml
----------------- Instantiating /home/travis/build/icyphy/ptII/ptolemy/actor/lib/test/auto/AbsoluteValue2.xml
4 ms. Memory: 579584K Free: 494514K (85%)
----------------- Invoking toplevel() on ptolemy.moml.MoMLSimpleApplication@4332f31f
----------------- Done invoking toplevel() on ptolemy.moml.MoMLSimpleApplication@4332f31f
reloadAllAccessors: .AbsoluteValue2
----------------- testing Thu May 10 17:34:28 UTC 2018 /home/travis/build/icyphy/ptII/ptolemy/actor/lib/test/auto/Accumulator.xml
----------------- Instantiating /home/travis/build/icyphy/ptII/ptolemy/actor/lib/test/auto/Accumulator.xml
14 ms. Memory: 579584K Free: 484780K (84%)
----------------- Invoking toplevel() on ptolemy.moml.MoMLSimpleApplication@4a20ebe
----------------- Done invoking toplevel() on ptolemy.moml.MoMLSimpleApplication@4a20ebe
reloadAllAccessors: .Accumulator
----------------- testing Thu May 10 17:34:28 UTC 2018 /home/travis/build/icyphy/ptII/ptolemy/actor/lib/test/auto/Accumulator2.xml
----------------- Instantiating /home/travis/build/icyphy/ptII/ptolemy/actor/lib/test/auto/Accumulator2.xml
4 ms. Memory: 579584K Free: 478301K (83%)
----------------- Invoking toplevel() on ptolemy.moml.MoMLSimpleApplication@1df0bfcb
----------------- Done invoking toplevel() on ptolemy.moml.MoMLSimpleApplication@1df0bfcb
reloadAllAccessors: .Accumulator2
----------------- testing Thu May 10 17:34:28 UTC 2018 /home/travis/build/icyphy/ptII/ptolemy/actor/lib/test/auto/Accumulator3.xml
----------------- Instantiating /home/travis/build/icyphy/ptII/ptolemy/actor/lib/test/auto/Accumulator3.xml
3 ms. Memory: 579584K Free: 463108K (80%)
----------------- Invoking toplevel() on ptolemy.moml.MoMLSimpleApplication@2593aca1
----------------- Done invoking toplevel() on ptolemy.moml.MoMLSimpleApplication@2593aca1
reloadAllAccessors: .Accumulator3
----------------- testing Thu May 10 17:34:29 UTC 2018 /home/travis/build/icyphy/ptII/ptolemy/actor/lib/test/auto/ArrayAppend.xml
----------------- Instantiating /home/travis/build/icyphy/ptII/ptolemy/actor/lib/test/auto/ArrayAppend.xml
13 ms. Memory: 579584K Free: 453374K (78%)
----------------- Invoking toplevel() on ptolemy.moml.MoMLSimpleApplication@541e5b00
----------------- Done invoking toplevel() on ptolemy.moml.MoMLSimpleApplication@541e5b00
reloadAllAccessors: .ArrayAppend
----------------- testing Thu May 10 17:34:29 UTC 2018 /home/travis/build/icyphy/ptII/ptolemy/actor/lib/test/auto/ArrayAppend2.xml
----------------- Instantiating /home/travis/build/icyphy/ptII/ptolemy/actor/lib/test/auto/ArrayAppend2.xml
388 ms. Memory: 579584K Free: 365659K (63%)
----------------- Invoking toplevel() on ptolemy.moml.MoMLSimpleApplication@3a873271
----------------- Done invoking toplevel() on ptolemy.moml.MoMLSimpleApplication@3a873271
reloadAllAccessors: .ArrayAppend2
----------------- testing Thu May 10 17:34:29 UTC 2018 /home/travis/build/icyphy/ptII/ptolemy/actor/lib/test/auto/ArrayAppend3.xml
----------------- Instantiating /home/travis/build/icyphy/ptII/ptolemy/actor/lib/test/auto/ArrayAppend3.xml
14 ms. Memory: 579584K Free: 359180K (62%)
----------------- Invoking toplevel() on ptolemy.moml.MoMLSimpleApplication@29481349
----------------- Done invoking toplevel() on ptolemy.moml.MoMLSimpleApplication@29481349
reloadAllAccessors: .ArrayAppend3
----------------- testing Thu May 10 17:34:29 UTC 2018 /home/travis/build/icyphy/ptII/ptolemy/actor/lib/test/auto/ArrayAppend4.xml
----------------- Instantiating /home/travis/build/icyphy/ptII/ptolemy/actor/lib/test/auto/ArrayAppend4.xml
8 ms. Memory: 579584K Free: 343994K (59%)
----------------- Invoking toplevel() on ptolemy.moml.MoMLSimpleApplication@b5f1d67
----------------- Done invoking toplevel() on ptolemy.moml.MoMLSimpleApplication@b5f1d67
reloadAllAccessors: .ArrayAppend4
----------------- testing Thu May 10 17:34:29 UTC 2018 /home/travis/build/icyphy/ptII/ptolemy/actor/lib/test/auto/ArrayAppend5.xml
----------------- Instantiating /home/travis/build/icyphy/ptII/ptolemy/actor/lib/test/auto/ArrayAppend5.xml
4 ms. Memory: 579584K Free: 337516K (58%)
----------------- Invoking toplevel() on ptolemy.moml.MoMLSimpleApplication@4c872a57
----------------- Done invoking toplevel() on ptolemy.moml.MoMLSimpleApplication@4c872a57
reloadAllAccessors: .ArrayAppend5
----------------- testing Thu May 10 17:34:29 UTC 2018 /home/travis/build/icyphy/ptII/ptolemy/actor/lib/test/auto/ArrayAppend6.xml
----------------- Instantiating /home/travis/build/icyphy/ptII/ptolemy/actor/lib/test/auto/ArrayAppend6.xml
4 ms. Memory: 579584K Free: 331037K (57%)
----------------- Invoking toplevel() on ptolemy.moml.MoMLSimpleApplication@7384867b
----------------- Done invoking toplevel() on ptolemy.moml.MoMLSimpleApplication@7384867b
reloadAllAccessors: .ArrayAppend6
----------------- testing Thu May 10 17:34:29 UTC 2018 /home/travis/build/icyphy/ptII/ptolemy/actor/lib/test/auto/ArrayAppendPerformanceTest.xml
----------------- Instantiating /home/travis/build/icyphy/ptII/ptolemy/actor/lib/test/auto/ArrayAppendPerformanceTest.xml
23 ms. Memory: 579584K Free: 318048K (55%)
----------------- Invoking toplevel() on ptolemy.moml.MoMLSimpleApplication@1ac8cba8
----------------- Done invoking toplevel() on ptolemy.moml.MoMLSimpleApplication@1ac8cba8
reloadAllAccessors: .ArrayAppendPerformanceTest
----------------- testing Thu May 10 17:34:29 UTC 2018 /home/travis/build/icyphy/ptII/ptolemy/actor/lib/test/auto/ArrayAppendWithEmptyInput.xml
----------------- Instantiating /home/travis/build/icyphy/ptII/ptolemy/actor/lib/test/auto/ArrayAppendWithEmptyInput.xml
20 ms. Memory: 579584K Free: 299607K (52%)
----------------- Invoking toplevel() on ptolemy.moml.MoMLSimpleApplication@17c3b9e5
----------------- Done invoking toplevel() on ptolemy.moml.MoMLSimpleApplication@17c3b9e5
reloadAllAccessors: .ArrayAppendWithEmptyInput
----------------- testing Thu May 10 17:34:29 UTC 2018 /home/travis/build/icyphy/ptII/ptolemy/actor/lib/test/auto/ArrayAverage.xml
----------------- Instantiating /home/travis/build/icyphy/ptII/ptolemy/actor/lib/test/auto/ArrayAverage.xml
5 ms. Memory: 579584K Free: 285015K (49%)
----------------- Invoking toplevel() on ptolemy.moml.MoMLSimpleApplication@70ff7096
----------------- Done invoking toplevel() on ptolemy.moml.MoMLSimpleApplication@70ff7096
reloadAllAccessors: .ArrayAverage
----------------- testing Thu May 10 17:34:29 UTC 2018 /home/travis/build/icyphy/ptII/ptolemy/actor/lib/test/auto/ArrayContains.xml
----------------- Instantiating /home/travis/build/icyphy/ptII/ptolemy/actor/lib/test/auto/ArrayContains.xml
2 ms. Memory: 579584K Free: 275281K (47%)
----------------- Invoking toplevel() on ptolemy.moml.MoMLSimpleApplication@7bca3093
----------------- Done invoking toplevel() on ptolemy.moml.MoMLSimpleApplication@7bca3093
reloadAllAccessors: .ArrayContains
----------------- testing Thu May 10 17:34:29 UTC 2018 /home/travis/build/icyphy/ptII/ptolemy/actor/lib/test/auto/ArrayElement.xml
----------------- Instantiating /home/travis/build/icyphy/ptII/ptolemy/actor/lib/test/auto/ArrayElement.xml
7 ms. Memory: 579584K Free: 268802K (46%)
----------------- Invoking toplevel() on ptolemy.moml.MoMLSimpleApplication@7b0b6336
----------------- Done invoking toplevel() on ptolemy.moml.MoMLSimpleApplication@7b0b6336
reloadAllAccessors: .ArrayElement
----------------- testing Thu May 10 17:34:29 UTC 2018 /home/travis/build/icyphy/ptII/ptolemy/actor/lib/test/auto/ArrayElementAsMatrix.xml
----------------- Instantiating /home/travis/build/icyphy/ptII/ptolemy/actor/lib/test/auto/ArrayElementAsMatrix.xml
22 ms. Memory: 579584K Free: 250361K (43%)
----------------- Invoking toplevel() on ptolemy.moml.MoMLSimpleApplication@32a2b91d
----------------- Done invoking toplevel() on ptolemy.moml.MoMLSimpleApplication@32a2b91d
reloadAllAccessors: .ArrayElementAsMatrix
----------------- testing Thu May 10 17:34:30 UTC 2018 /home/travis/build/icyphy/ptII/ptolemy/actor/lib/test/auto/ArrayElementI.xml
----------------- Instantiating /home/travis/build/icyphy/ptII/ptolemy/actor/lib/test/auto/ArrayElementI.xml
3 ms. Memory: 579584K Free: 243883K (42%)
----------------- Invoking toplevel() on ptolemy.moml.MoMLSimpleApplication@7a656e2a
----------------- Done invoking toplevel() on ptolemy.moml.MoMLSimpleApplication@7a656e2a
reloadAllAccessors: .ArrayElementI
----------------- testing Thu May 10 17:34:30 UTC 2018 /home/travis/build/icyphy/ptII/ptolemy/actor/lib/test/auto/ArrayExtract.xml
----------------- Instantiating /home/travis/build/icyphy/ptII/ptolemy/actor/lib/test/auto/ArrayExtract.xml
11 ms. Memory: 892416K Free: 841216K (94%)
----------------- Invoking toplevel() on ptolemy.moml.MoMLSimpleApplication@19ecc840
----------------- Done invoking toplevel() on ptolemy.moml.MoMLSimpleApplication@19ecc840
reloadAllAccessors: .ArrayExtract
----------------- testing Thu May 10 17:34:30 UTC 2018 /home/travis/build/icyphy/ptII/ptolemy/actor/lib/test/auto/ArrayExtract2.xml
----------------- Instantiating /home/travis/build/icyphy/ptII/ptolemy/actor/lib/test/auto/ArrayExtract2.xml
3 ms. Memory: 892416K Free: 823737K (92%)
----------------- Invoking toplevel() on ptolemy.moml.MoMLSimpleApplication@427cd0cd
----------------- Done invoking toplevel() on ptolemy.moml.MoMLSimpleApplication@427cd0cd
reloadAllAccessors: .ArrayExtract2
----------------- testing Thu May 10 17:34:30 UTC 2018 /home/travis/build/icyphy/ptII/ptolemy/actor/lib/test/auto/ArrayLength.xml
----------------- Instantiating /home/travis/build/icyphy/ptII/ptolemy/actor/lib/test/auto/ArrayLength.xml
1 ms. Memory: 892416K Free: 815960K (91%)
----------------- Invoking toplevel() on ptolemy.moml.MoMLSimpleApplication@66ff3932
----------------- Done invoking toplevel() on ptolemy.moml.MoMLSimpleApplication@66ff3932
reloadAllAccessors: .ArrayLength
----------------- testing Thu May 10 17:34:30 UTC 2018 /home/travis/build/icyphy/ptII/ptolemy/actor/lib/test/auto/ArrayLevelCrossing.xml
----------------- Instantiating /home/travis/build/icyphy/ptII/ptolemy/actor/lib/test/auto/ArrayLevelCrossing.xml
11 ms. Memory: 892416K Free: 804278K (90%)
----------------- Invoking toplevel() on ptolemy.moml.MoMLSimpleApplication@568ec31
----------------- Done invoking toplevel() on ptolemy.moml.MoMLSimpleApplication@568ec31
reloadAllAccessors: .ArrayLevelCrossing
----------------- testing Thu May 10 17:34:30 UTC 2018 /home/travis/build/icyphy/ptII/ptolemy/actor/lib/test/auto/ArrayLevelCrossing2.xml
----------------- Instantiating /home/travis/build/icyphy/ptII/ptolemy/actor/lib/test/auto/ArrayLevelCrossing2.xml
3 ms. Memory: 892416K Free: 792612K (89%)
----------------- Invoking toplevel() on ptolemy.moml.MoMLSimpleApplication@77a6468d
----------------- Done invoking toplevel() on ptolemy.moml.MoMLSimpleApplication@77a6468d
reloadAllAccessors: .ArrayLevelCrossing2
----------------- testing Thu May 10 17:34:30 UTC 2018 /home/travis/build/icyphy/ptII/ptolemy/actor/lib/test/auto/ArrayPeakSearch.xml
----------------- Instantiating /home/travis/build/icyphy/ptII/ptolemy/actor/lib/test/auto/ArrayPeakSearch.xml
4 ms. Memory: 892416K Free: 770996K (86%)
----------------- Invoking toplevel() on ptolemy.moml.MoMLSimpleApplication@29db30e5
----------------- Done invoking toplevel() on ptolemy.moml.MoMLSimpleApplication@29db30e5
reloadAllAccessors: .ArrayPeakSearch
----------------- testing Thu May 10 17:34:30 UTC 2018 /home/travis/build/icyphy/ptII/ptolemy/actor/lib/test/auto/ArrayPeakSearch2.xml
----------------- Instantiating /home/travis/build/icyphy/ptII/ptolemy/actor/lib/test/auto/ArrayPeakSearch2.xml
4 ms. Memory: 892416K Free: 755441K (85%)
----------------- Invoking toplevel() on ptolemy.moml.MoMLSimpleApplication@25e4e16b
----------------- Done invoking toplevel() on ptolemy.moml.MoMLSimpleApplication@25e4e16b
reloadAllAccessors: .ArrayPeakSearch2
----------------- testing Thu May 10 17:34:30 UTC 2018 /home/travis/build/icyphy/ptII/ptolemy/actor/lib/test/auto/ArrayPeakSearch3.xml
----------------- Instantiating /home/travis/build/icyphy/ptII/ptolemy/actor/lib/test/auto/ArrayPeakSearch3.xml
3 ms. Memory: 892416K Free: 743767K (83%)
----------------- Invoking toplevel() on ptolemy.moml.MoMLSimpleApplication@75e3629b
----------------- Done invoking toplevel() on ptolemy.moml.MoMLSimpleApplication@75e3629b
reloadAllAccessors: .ArrayPeakSearch3
----------------- testing Thu May 10 17:34:30 UTC 2018 /home/travis/build/icyphy/ptII/ptolemy/actor/lib/test/auto/ArrayRemoveElement.xml
----------------- Instantiating /home/travis/build/icyphy/ptII/ptolemy/actor/lib/test/auto/ArrayRemoveElement.xml
3 ms. Memory: 892416K Free: 732085K (82%)
----------------- Invoking toplevel() on ptolemy.moml.MoMLSimpleApplication@5d9dde82
----------------- Done invoking toplevel() on ptolemy.moml.MoMLSimpleApplication@5d9dde82
reloadAllAccessors: .ArrayRemoveElement
----------------- testing Thu May 10 17:34:30 UTC 2018 /home/travis/build/icyphy/ptII/ptolemy/actor/lib/test/auto/ArraySort.xml
----------------- Instantiating /home/travis/build/icyphy/ptII/ptolemy/actor/lib/test/auto/ArraySort.xml
4 ms. Memory: 892416K Free: 710717K (80%)
----------------- Invoking toplevel() on ptolemy.moml.MoMLSimpleApplication@52ed368b
----------------- Done invoking toplevel() on ptolemy.moml.MoMLSimpleApplication@52ed368b
reloadAllAccessors: .ArraySort
----------------- testing Thu May 10 17:34:30 UTC 2018 /home/travis/build/icyphy/ptII/ptolemy/actor/lib/test/auto/ArraySum.xml
----------------- Instantiating /home/travis/build/icyphy/ptII/ptolemy/actor/lib/test/auto/ArraySum.xml
2 ms. Memory: 892416K Free: 702940K (79%)
----------------- Invoking toplevel() on ptolemy.moml.MoMLSimpleApplication@7e5c8b6b
----------------- Done invoking toplevel() on ptolemy.moml.MoMLSimpleApplication@7e5c8b6b
reloadAllAccessors: .ArraySum
----------------- testing Thu May 10 17:34:30 UTC 2018 /home/travis/build/icyphy/ptII/ptolemy/actor/lib/test/auto/ArrayToElements.xml
----------------- Instantiating /home/travis/build/icyphy/ptII/ptolemy/actor/lib/test/auto/ArrayToElements.xml
4 ms. Memory: 892416K Free: 695162K (78%)
----------------- Invoking toplevel() on ptolemy.moml.MoMLSimpleApplication@13cfc8e8
----------------- Done invoking toplevel() on ptolemy.moml.MoMLSimpleApplication@13cfc8e8
reloadAllAccessors: .ArrayToElements
----------------- testing Thu May 10 17:34:31 UTC 2018 /home/travis/build/icyphy/ptII/ptolemy/actor/lib/test/auto/ArrayToMatrix.xml
----------------- Instantiating /home/travis/build/icyphy/ptII/ptolemy/actor/lib/test/auto/ArrayToMatrix.xml
6 ms. Memory: 892416K Free: 675695K (76%)
----------------- Invoking toplevel() on ptolemy.moml.MoMLSimpleApplication@1ed76703
----------------- Done invoking toplevel() on ptolemy.moml.MoMLSimpleApplication@1ed76703
reloadAllAccessors: .ArrayToMatrix
----------------- testing Thu May 10 17:34:31 UTC 2018 /home/travis/build/icyphy/ptII/ptolemy/actor/lib/test/auto/ArrayUpdate1.xml
----------------- Instantiating /home/travis/build/icyphy/ptII/ptolemy/actor/lib/test/auto/ArrayUpdate1.xml
2 ms. Memory: 892416K Free: 667918K (75%)
----------------- Invoking toplevel() on ptolemy.moml.MoMLSimpleApplication@4291a028
----------------- Done invoking toplevel() on ptolemy.moml.MoMLSimpleApplication@4291a028
reloadAllAccessors: .ArrayUpdate1
----------------- testing Thu May 10 17:34:31 UTC 2018 /home/travis/build/icyphy/ptII/ptolemy/actor/lib/test/auto/ArrayUpdate2.xml
----------------- Instantiating /home/travis/build/icyphy/ptII/ptolemy/actor/lib/test/auto/ArrayUpdate2.xml
3 ms. Memory: 892416K Free: 650439K (73%)
----------------- Invoking toplevel() on ptolemy.moml.MoMLSimpleApplication@2e68b869
----------------- Done invoking toplevel() on ptolemy.moml.MoMLSimpleApplication@2e68b869
reloadAllAccessors: .ArrayUpdate2
----------------- testing Thu May 10 17:34:31 UTC 2018 /home/travis/build/icyphy/ptII/ptolemy/actor/lib/test/auto/ArrayUpdate3.xml
----------------- Instantiating /home/travis/build/icyphy/ptII/ptolemy/actor/lib/test/auto/ArrayUpdate3.xml
6 ms. Memory: 892416K Free: 642661K (72%)
----------------- Invoking toplevel() on ptolemy.moml.MoMLSimpleApplication@66b0c53d
----------------- Done invoking toplevel() on ptolemy.moml.MoMLSimpleApplication@66b0c53d
reloadAllAccessors: .ArrayUpdate3
----------------- testing Thu May 10 17:34:31 UTC 2018 /home/travis/build/icyphy/ptII/ptolemy/actor/lib/test/auto/Assert1.xml
----------------- Instantiating /home/travis/build/icyphy/ptII/ptolemy/actor/lib/test/auto/Assert1.xml
3 ms. Memory: 892416K Free: 634884K (71%)
----------------- Invoking toplevel() on ptolemy.moml.MoMLSimpleApplication@58ec6dd2
----------------- Done invoking toplevel() on ptolemy.moml.MoMLSimpleApplication@58ec6dd2
reloadAllAccessors: .Assert1
----------------- testing Thu May 10 17:34:31 UTC 2018 /home/travis/build/icyphy/ptII/ptolemy/actor/lib/test/auto/Assert2.xml
----------------- Instantiating /home/travis/build/icyphy/ptII/ptolemy/actor/lib/test/auto/Assert2.xml
6 ms. Memory: 892416K Free: 627106K (70%)
----------------- Invoking toplevel() on ptolemy.moml.MoMLSimpleApplication@4a9bd6ce
----------------- Done invoking toplevel() on ptolemy.moml.MoMLSimpleApplication@4a9bd6ce
reloadAllAccessors: .Assert2
----------------- testing Thu May 10 17:34:31 UTC 2018 /home/travis/build/icyphy/ptII/ptolemy/actor/lib/test/auto/BooleanMultiplexor.xml
----------------- Instantiating /home/travis/build/icyphy/ptII/ptolemy/actor/lib/test/auto/BooleanMultiplexor.xml
2 ms. Memory: 892416K Free: 609627K (68%)
----------------- Invoking toplevel() on ptolemy.moml.MoMLSimpleApplication@5972d88
----------------- Done invoking toplevel() on ptolemy.moml.MoMLSimpleApplication@5972d88
reloadAllAccessors: .BooleanMultiplexor
----------------- testing Thu May 10 17:34:31 UTC 2018 /home/travis/build/icyphy/ptII/ptolemy/actor/lib/test/auto/BooleanMultiplexor2.xml
----------------- Instantiating /home/travis/build/icyphy/ptII/ptolemy/actor/lib/test/auto/BooleanMultiplexor2.xml
21 ms. Memory: 892416K Free: 597961K (67%)
----------------- Invoking toplevel() on ptolemy.moml.MoMLSimpleApplication@79d4a7c9
----------------- Done invoking toplevel() on ptolemy.moml.MoMLSimpleApplication@79d4a7c9
reloadAllAccessors: .BooleanMultiplexor2
----------------- testing Thu May 10 17:34:31 UTC 2018 /home/travis/build/icyphy/ptII/ptolemy/actor/lib/test/auto/BooleanMultiplexor3.xml
----------------- Instantiating /home/travis/build/icyphy/ptII/ptolemy/actor/lib/test/auto/BooleanMultiplexor3.xml
2 ms. Memory: 892416K Free: 590183K (66%)
----------------- Invoking toplevel() on ptolemy.moml.MoMLSimpleApplication@15b516fe
----------------- Done invoking toplevel() on ptolemy.moml.MoMLSimpleApplication@15b516fe
reloadAllAccessors: .BooleanMultiplexor3
----------------- testing Thu May 10 17:34:31 UTC 2018 /home/travis/build/icyphy/ptII/ptolemy/actor/lib/test/auto/BooleanSelect.xml
----------------- Instantiating /home/travis/build/icyphy/ptII/ptolemy/actor/lib/test/auto/BooleanSelect.xml
8 ms. Memory: 892416K Free: 582406K (65%)
----------------- Invoking toplevel() on ptolemy.moml.MoMLSimpleApplication@16b1556c
----------------- Done invoking toplevel() on ptolemy.moml.MoMLSimpleApplication@16b1556c
reloadAllAccessors: .BooleanSelect
----------------- testing Thu May 10 17:34:31 UTC 2018 /home/travis/build/icyphy/ptII/ptolemy/actor/lib/test/auto/BooleanSelect2.xml
----------------- Instantiating /home/travis/build/icyphy/ptII/ptolemy/actor/lib/test/auto/BooleanSelect2.xml
2 ms. Memory: 892416K Free: 564927K (63%)
----------------- Invoking toplevel() on ptolemy.moml.MoMLSimpleApplication@673bb0d9
----------------- Done invoking toplevel() on ptolemy.moml.MoMLSimpleApplication@673bb0d9
reloadAllAccessors: .BooleanSelect2
----------------- testing Thu May 10 17:34:31 UTC 2018 /home/travis/build/icyphy/ptII/ptolemy/actor/lib/test/auto/BooleanSwitch.xml
----------------- Instantiating /home/travis/build/icyphy/ptII/ptolemy/actor/lib/test/auto/BooleanSwitch.xml
4 ms. Memory: 892416K Free: 553245K (62%)
----------------- Invoking toplevel() on ptolemy.moml.MoMLSimpleApplication@6a741be0
----------------- Done invoking toplevel() on ptolemy.moml.MoMLSimpleApplication@6a741be0
reloadAllAccessors: .BooleanSwitch
----------------- testing Thu May 10 17:34:31 UTC 2018 /home/travis/build/icyphy/ptII/ptolemy/actor/lib/test/auto/BooleanSwitch2.xml
----------------- Instantiating /home/travis/build/icyphy/ptII/ptolemy/actor/lib/test/auto/BooleanSwitch2.xml
1 ms. Memory: 892416K Free: 545467K (61%)
----------------- Invoking toplevel() on ptolemy.moml.MoMLSimpleApplication@5bf07c91
----------------- Done invoking toplevel() on ptolemy.moml.MoMLSimpleApplication@5bf07c91
reloadAllAccessors: .BooleanSwitch2
----------------- testing Thu May 10 17:34:31 UTC 2018 /home/travis/build/icyphy/ptII/ptolemy/actor/lib/test/auto/BooleanSwitchCloningBugWithClassRelationGroup.xml
----------------- Instantiating /home/travis/build/icyphy/ptII/ptolemy/actor/lib/test/auto/BooleanSwitchCloningBugWithClassRelationGroup.xml
3 ms. Memory: 892416K Free: 533785K (60%)
----------------- Invoking toplevel() on ptolemy.moml.MoMLSimpleApplication@5312c93
----------------- Done invoking toplevel() on ptolemy.moml.MoMLSimpleApplication@5312c93
reloadAllAccessors: .BooleanSwitchCloningBugWithClassRelationGroup
----------------- testing Thu May 10 17:34:31 UTC 2018 /home/travis/build/icyphy/ptII/ptolemy/actor/lib/test/auto/BusActors.xml
----------------- Instantiating /home/travis/build/icyphy/ptII/ptolemy/actor/lib/test/auto/BusActors.xml
3 ms. Memory: 892416K Free: 522119K (59%)
----------------- Invoking toplevel() on ptolemy.moml.MoMLSimpleApplication@3cb60e35
----------------- Done invoking toplevel() on ptolemy.moml.MoMLSimpleApplication@3cb60e35
reloadAllAccessors: .BusActors
----------------- testing Thu May 10 17:34:31 UTC 2018 /home/travis/build/icyphy/ptII/ptolemy/actor/lib/test/auto/ClassWrapper.xml
----------------- Instantiating /home/travis/build/icyphy/ptII/ptolemy/actor/lib/test/auto/ClassWrapper.xml
2 ms. Memory: 892416K Free: 504640K (57%)
----------------- Invoking toplevel() on ptolemy.moml.MoMLSimpleApplication@24443128
----------------- Done invoking toplevel() on ptolemy.moml.MoMLSimpleApplication@24443128
reloadAllAccessors: .ClassWrapper
----------------- testing Thu May 10 17:34:31 UTC 2018 /home/travis/build/icyphy/ptII/ptolemy/actor/lib/test/auto/Clock.xml
----------------- Instantiating /home/travis/build/icyphy/ptII/ptolemy/actor/lib/test/auto/Clock.xml
2 ms. Memory: 892416K Free: 496863K (56%)
----------------- Invoking toplevel() on ptolemy.moml.MoMLSimpleApplication@5584f9b1
----------------- Done invoking toplevel() on ptolemy.moml.MoMLSimpleApplication@5584f9b1
reloadAllAccessors: .Clock
----------------- testing Thu May 10 17:34:31 UTC 2018 /home/travis/build/icyphy/ptII/ptolemy/actor/lib/test/auto/Clock10.xml
----------------- Instantiating /home/travis/build/icyphy/ptII/ptolemy/actor/lib/test/auto/Clock10.xml
2 ms. Memory: 892416K Free: 489085K (55%)
----------------- Invoking toplevel() on ptolemy.moml.MoMLSimpleApplication@51700742
----------------- Done invoking toplevel() on ptolemy.moml.MoMLSimpleApplication@51700742
reloadAllAccessors: .Clock10
----------------- testing Thu May 10 17:34:31 UTC 2018 /home/travis/build/icyphy/ptII/ptolemy/actor/lib/test/auto/Clock11.xml
----------------- Instantiating /home/travis/build/icyphy/ptII/ptolemy/actor/lib/test/auto/Clock11.xml
3 ms. Memory: 892416K Free: 481308K (54%)
----------------- Invoking toplevel() on ptolemy.moml.MoMLSimpleApplication@3b4a63f2
----------------- Done invoking toplevel() on ptolemy.moml.MoMLSimpleApplication@3b4a63f2
reloadAllAccessors: .Clock11
----------------- testing Thu May 10 17:34:31 UTC 2018 /home/travis/build/icyphy/ptII/ptolemy/actor/lib/test/auto/Clock12.xml
----------------- Instantiating /home/travis/build/icyphy/ptII/ptolemy/actor/lib/test/auto/Clock12.xml
2 ms. Memory: 892416K Free: 463829K (52%)
----------------- Invoking toplevel() on ptolemy.moml.MoMLSimpleApplication@3ce8bd5e
----------------- Done invoking toplevel() on ptolemy.moml.MoMLSimpleApplication@3ce8bd5e
reloadAllAccessors: .Clock12
----------------- testing Thu May 10 17:34:31 UTC 2018 /home/travis/build/icyphy/ptII/ptolemy/actor/lib/test/auto/Clock13.xml
----------------- Instantiating /home/travis/build/icyphy/ptII/ptolemy/actor/lib/test/auto/Clock13.xml
8 ms. Memory: 892416K Free: 456051K (51%)
----------------- Invoking toplevel() on ptolemy.moml.MoMLSimpleApplication@7b9af0e9
----------------- Done invoking toplevel() on ptolemy.moml.MoMLSimpleApplication@7b9af0e9
reloadAllAccessors: .Clock13
----------------- testing Thu May 10 17:34:31 UTC 2018 /home/travis/build/icyphy/ptII/ptolemy/actor/lib/test/auto/Clock14.xml
----------------- Instantiating /home/travis/build/icyphy/ptII/ptolemy/actor/lib/test/auto/Clock14.xml
8 ms. Memory: 892416K Free: 448274K (50%)
----------------- Invoking toplevel() on ptolemy.moml.MoMLSimpleApplication@6d18e5b1
----------------- Done invoking toplevel() on ptolemy.moml.MoMLSimpleApplication@6d18e5b1
reloadAllAccessors: .Clock14
----------------- testing Thu May 10 17:34:31 UTC 2018 /home/travis/build/icyphy/ptII/ptolemy/actor/lib/test/auto/Clock15.xml
----------------- Instantiating /home/travis/build/icyphy/ptII/ptolemy/actor/lib/test/auto/Clock15.xml
6 ms. Memory: 892416K Free: 440497K (49%)
----------------- Invoking toplevel() on ptolemy.moml.MoMLSimpleApplication@76d5b736
----------------- Done invoking toplevel() on ptolemy.moml.MoMLSimpleApplication@76d5b736
reloadAllAccessors: .Clock15
----------------- testing Thu May 10 17:34:31 UTC 2018 /home/travis/build/icyphy/ptII/ptolemy/actor/lib/test/auto/Clock16.xml
----------------- Instantiating /home/travis/build/icyphy/ptII/ptolemy/actor/lib/test/auto/Clock16.xml
31 ms. Memory: 892416K Free: 415240K (47%)
----------------- Invoking toplevel() on ptolemy.moml.MoMLSimpleApplication@94cb19a
----------------- Done invoking toplevel() on ptolemy.moml.MoMLSimpleApplication@94cb19a
reloadAllAccessors: .Clock16
----------------- testing Thu May 10 17:34:31 UTC 2018 /home/travis/build/icyphy/ptII/ptolemy/actor/lib/test/auto/Clock17.xml
----------------- Instantiating /home/travis/build/icyphy/ptII/ptolemy/actor/lib/test/auto/Clock17.xml
27 ms. Memory: 892416K Free: 399669K (45%)
----------------- Invoking toplevel() on ptolemy.moml.MoMLSimpleApplication@1857204b
----------------- Done invoking toplevel() on ptolemy.moml.MoMLSimpleApplication@1857204b
reloadAllAccessors: .Clock17
----------------- testing Thu May 10 17:34:31 UTC 2018 /home/travis/build/icyphy/ptII/ptolemy/actor/lib/test/auto/Clock18.xml
----------------- Instantiating /home/travis/build/icyphy/ptII/ptolemy/actor/lib/test/auto/Clock18.xml
23 ms. Memory: 892416K Free: 384114K (43%)
----------------- Invoking toplevel() on ptolemy.moml.MoMLSimpleApplication@1da07846
----------------- Done invoking toplevel() on ptolemy.moml.MoMLSimpleApplication@1da07846
reloadAllAccessors: .Clock18
----------------- testing Thu May 10 17:34:31 UTC 2018 /home/travis/build/icyphy/ptII/ptolemy/actor/lib/test/auto/Clock19.xml
----------------- Instantiating /home/travis/build/icyphy/ptII/ptolemy/actor/lib/test/auto/Clock19.xml
17 ms. Memory: 892416K Free: 368560K (41%)
----------------- Invoking toplevel() on ptolemy.moml.MoMLSimpleApplication@55848d11
----------------- Done invoking toplevel() on ptolemy.moml.MoMLSimpleApplication@55848d11
reloadAllAccessors: .Clock19
----------------- testing Thu May 10 17:34:32 UTC 2018 /home/travis/build/icyphy/ptII/ptolemy/actor/lib/test/auto/Clock2.xml
----------------- Instantiating /home/travis/build/icyphy/ptII/ptolemy/actor/lib/test/auto/Clock2.xml
7 ms. Memory: 892416K Free: 360782K (40%)
----------------- Invoking toplevel() on ptolemy.moml.MoMLSimpleApplication@36d628c1
----------------- Done invoking toplevel() on ptolemy.moml.MoMLSimpleApplication@36d628c1
reloadAllAccessors: .Clock2
----------------- testing Thu May 10 17:34:32 UTC 2018 /home/travis/build/icyphy/ptII/ptolemy/actor/lib/test/auto/Clock20.xml
----------------- Instantiating /home/travis/build/icyphy/ptII/ptolemy/actor/lib/test/auto/Clock20.xml
13 ms. Memory: 892416K Free: 343303K (38%)
----------------- Invoking toplevel() on ptolemy.moml.MoMLSimpleApplication@40afe71d
----------------- Done invoking toplevel() on ptolemy.moml.MoMLSimpleApplication@40afe71d
reloadAllAccessors: .Clock20
----------------- testing Thu May 10 17:34:32 UTC 2018 /home/travis/build/icyphy/ptII/ptolemy/actor/lib/test/auto/Clock21.xml
----------------- Instantiating /home/travis/build/icyphy/ptII/ptolemy/actor/lib/test/auto/Clock21.xml
7 ms. Memory: 892416K Free: 335526K (38%)
----------------- Invoking toplevel() on ptolemy.moml.MoMLSimpleApplication@1adfd089
----------------- Done invoking toplevel() on ptolemy.moml.MoMLSimpleApplication@1adfd089
reloadAllAccessors: .Clock21
----------------- testing Thu May 10 17:34:32 UTC 2018 /home/travis/build/icyphy/ptII/ptolemy/actor/lib/test/auto/Clock22.xml
----------------- Instantiating /home/travis/build/icyphy/ptII/ptolemy/actor/lib/test/auto/Clock22.xml
7 ms. Memory: 892416K Free: 327748K (37%)
----------------- Invoking toplevel() on ptolemy.moml.MoMLSimpleApplication@40234263
----------------- Done invoking toplevel() on ptolemy.moml.MoMLSimpleApplication@40234263
reloadAllAccessors: .Clock22
----------------- testing Thu May 10 17:34:32 UTC 2018 /home/travis/build/icyphy/ptII/ptolemy/actor/lib/test/auto/Clock23.xml
----------------- Instantiating /home/travis/build/icyphy/ptII/ptolemy/actor/lib/test/auto/Clock23.xml
9 ms. Memory: 892416K Free: 319971K (36%)
----------------- Invoking toplevel() on ptolemy.moml.MoMLSimpleApplication@7c45c807
----------------- Done invoking toplevel() on ptolemy.moml.MoMLSimpleApplication@7c45c807
reloadAllAccessors: .Clock23
----------------- testing Thu May 10 17:34:32 UTC 2018 /home/travis/build/icyphy/ptII/ptolemy/actor/lib/test/auto/Clock24.xml
----------------- Instantiating /home/travis/build/icyphy/ptII/ptolemy/actor/lib/test/auto/Clock24.xml
9 ms. Memory: 892416K Free: 302492K (34%)
----------------- Invoking toplevel() on ptolemy.moml.MoMLSimpleApplication@4d84d23d
----------------- Done invoking toplevel() on ptolemy.moml.MoMLSimpleApplication@4d84d23d
reloadAllAccessors: .Clock24
----------------- testing Thu May 10 17:34:32 UTC 2018 /home/travis/build/icyphy/ptII/ptolemy/actor/lib/test/auto/Clock4.xml
----------------- Instantiating /home/travis/build/icyphy/ptII/ptolemy/actor/lib/test/auto/Clock4.xml
7 ms. Memory: 892416K Free: 294714K (33%)
----------------- Invoking toplevel() on ptolemy.moml.MoMLSimpleApplication@ed012a2
----------------- Done invoking toplevel() on ptolemy.moml.MoMLSimpleApplication@ed012a2
reloadAllAccessors: .Clock4
----------------- testing Thu May 10 17:34:32 UTC 2018 /home/travis/build/icyphy/ptII/ptolemy/actor/lib/test/auto/Clock5.xml
----------------- Instantiating /home/travis/build/icyphy/ptII/ptolemy/actor/lib/test/auto/Clock5.xml
2 ms. Memory: 892416K Free: 286937K (32%)
----------------- Invoking toplevel() on ptolemy.moml.MoMLSimpleApplication@7a5e4db8
----------------- Done invoking toplevel() on ptolemy.moml.MoMLSimpleApplication@7a5e4db8
reloadAllAccessors: .Clock5
----------------- testing Thu May 10 17:34:32 UTC 2018 /home/travis/build/icyphy/ptII/ptolemy/actor/lib/test/auto/Clock6.xml
----------------- Instantiating /home/travis/build/icyphy/ptII/ptolemy/actor/lib/test/auto/Clock6.xml
1 ms. Memory: 892416K Free: 279160K (31%)
----------------- Invoking toplevel() on ptolemy.moml.MoMLSimpleApplication@3b7ba9fe
----------------- Done invoking toplevel() on ptolemy.moml.MoMLSimpleApplication@3b7ba9fe
reloadAllAccessors: .Clock6
----------------- testing Thu May 10 17:34:32 UTC 2018 /home/travis/build/icyphy/ptII/ptolemy/actor/lib/test/auto/Clock7.xml
----------------- Instantiating /home/travis/build/icyphy/ptII/ptolemy/actor/lib/test/auto/Clock7.xml
3 ms. Memory: 892416K Free: 261680K (29%)
----------------- Invoking toplevel() on ptolemy.moml.MoMLSimpleApplication@5ef81bb7
----------------- Done invoking toplevel() on ptolemy.moml.MoMLSimpleApplication@5ef81bb7
reloadAllAccessors: .Clock7
----------------- testing Thu May 10 17:34:32 UTC 2018 /home/travis/build/icyphy/ptII/ptolemy/actor/lib/test/auto/Clock8.xml
----------------- Instantiating /home/travis/build/icyphy/ptII/ptolemy/actor/lib/test/auto/Clock8.xml
7 ms. Memory: 892416K Free: 253903K (28%)
----------------- Invoking toplevel() on ptolemy.moml.MoMLSimpleApplication@69b9609d
----------------- Done invoking toplevel() on ptolemy.moml.MoMLSimpleApplication@69b9609d
reloadAllAccessors: .Clock8
----------------- testing Thu May 10 17:34:32 UTC 2018 /home/travis/build/icyphy/ptII/ptolemy/actor/lib/test/auto/Clock9.xml
----------------- Instantiating /home/travis/build/icyphy/ptII/ptolemy/actor/lib/test/auto/Clock9.xml
7 ms. Memory: 892416K Free: 246126K (28%)
----------------- Invoking toplevel() on ptolemy.moml.MoMLSimpleApplication@461b7be
----------------- Done invoking toplevel() on ptolemy.moml.MoMLSimpleApplication@461b7be
reloadAllAccessors: .Clock9
----------------- testing Thu May 10 17:34:32 UTC 2018 /home/travis/build/icyphy/ptII/ptolemy/actor/lib/test/auto/CommDistDiscard.xml
----------------- Instantiating /home/travis/build/icyphy/ptII/ptolemy/actor/lib/test/auto/CommDistDiscard.xml
5 ms. Memory: 892416K Free: 238348K (27%)
----------------- Invoking toplevel() on ptolemy.moml.MoMLSimpleApplication@798cec6f
----------------- Done invoking toplevel() on ptolemy.moml.MoMLSimpleApplication@798cec6f
reloadAllAccessors: .CommDistDiscard
----------------- testing Thu May 10 17:34:32 UTC 2018 /home/travis/build/icyphy/ptII/ptolemy/actor/lib/test/auto/Commutator.xml
----------------- Instantiating /home/travis/build/icyphy/ptII/ptolemy/actor/lib/test/auto/Commutator.xml
4 ms. Memory: 892416K Free: 230571K (26%)
----------------- Invoking toplevel() on ptolemy.moml.MoMLSimpleApplication@3f7d3918
----------------- Done invoking toplevel() on ptolemy.moml.MoMLSimpleApplication@3f7d3918
reloadAllAccessors: .Commutator
----------------- testing Thu May 10 17:34:32 UTC 2018 /home/travis/build/icyphy/ptII/ptolemy/actor/lib/test/auto/Commutator2.xml
----------------- Instantiating /home/travis/build/icyphy/ptII/ptolemy/actor/lib/test/auto/Commutator2.xml
2 ms. Memory: 892416K Free: 213092K (24%)
----------------- Invoking toplevel() on ptolemy.moml.MoMLSimpleApplication@1525fa2e
----------------- Done invoking toplevel() on ptolemy.moml.MoMLSimpleApplication@1525fa2e
reloadAllAccessors: .Commutator2
----------------- testing Thu May 10 17:34:32 UTC 2018 /home/travis/build/icyphy/ptII/ptolemy/actor/lib/test/auto/Commutator3.xml
----------------- Instantiating /home/travis/build/icyphy/ptII/ptolemy/actor/lib/test/auto/Commutator3.xml
2 ms. Memory: 892416K Free: 205314K (23%)
----------------- Invoking toplevel() on ptolemy.moml.MoMLSimpleApplication@6865b035
----------------- Done invoking toplevel() on ptolemy.moml.MoMLSimpleApplication@6865b035
reloadAllAccessors: .Commutator3
----------------- testing Thu May 10 17:34:32 UTC 2018 /home/travis/build/icyphy/ptII/ptolemy/actor/lib/test/auto/Compare.xml
----------------- Instantiating /home/travis/build/icyphy/ptII/ptolemy/actor/lib/test/auto/Compare.xml
3 ms. Memory: 892416K Free: 193632K (22%)
----------------- Invoking toplevel() on ptolemy.moml.MoMLSimpleApplication@65a7ff89
----------------- Done invoking toplevel() on ptolemy.moml.MoMLSimpleApplication@65a7ff89
reloadAllAccessors: .Compare
----------------- testing Thu May 10 17:34:32 UTC 2018 /home/travis/build/icyphy/ptII/ptolemy/actor/lib/test/auto/CompareDE.xml
----------------- Instantiating /home/travis/build/icyphy/ptII/ptolemy/actor/lib/test/auto/CompareDE.xml
4 ms. Memory: 892416K Free: 181950K (20%)
----------------- Invoking toplevel() on ptolemy.moml.MoMLSimpleApplication@7ed10d1f
----------------- Done invoking toplevel() on ptolemy.moml.MoMLSimpleApplication@7ed10d1f
reloadAllAccessors: .CompareDE
----------------- testing Thu May 10 17:34:32 UTC 2018 /home/travis/build/icyphy/ptII/ptolemy/actor/lib/test/auto/ComplexDivide.xml
----------------- Instantiating /home/travis/build/icyphy/ptII/ptolemy/actor/lib/test/auto/ComplexDivide.xml
1 ms. Memory: 892416K Free: 164471K (18%)
----------------- Invoking toplevel() on ptolemy.moml.MoMLSimpleApplication@36c56397
----------------- Done invoking toplevel() on ptolemy.moml.MoMLSimpleApplication@36c56397
reloadAllAccessors: .ComplexDivide
----------------- testing Thu May 10 17:34:32 UTC 2018 /home/travis/build/icyphy/ptII/ptolemy/actor/lib/test/auto/ComputeHistogram.xml
----------------- Instantiating /home/travis/build/icyphy/ptII/ptolemy/actor/lib/test/auto/ComputeHistogram.xml
32 ms. Memory: 892416K Free: 148892K (17%)
----------------- Invoking toplevel() on ptolemy.moml.MoMLSimpleApplication@722435b8
----------------- Done invoking toplevel() on ptolemy.moml.MoMLSimpleApplication@722435b8
reloadAllAccessors: .ComputeHistogram
----------------- testing Thu May 10 17:34:32 UTC 2018 /home/travis/build/icyphy/ptII/ptolemy/actor/lib/test/auto/ConfigurationSelect.xml
----------------- Instantiating /home/travis/build/icyphy/ptII/ptolemy/actor/lib/test/auto/ConfigurationSelect.xml
5 ms. Memory: 892416K Free: 141115K (16%)
----------------- Invoking toplevel() on ptolemy.moml.MoMLSimpleApplication@3aa9572e
----------------- Done invoking toplevel() on ptolemy.moml.MoMLSimpleApplication@3aa9572e
reloadAllAccessors: .ConfigurationSelect
----------------- testing Thu May 10 17:34:32 UTC 2018 /home/travis/build/icyphy/ptII/ptolemy/actor/lib/test/auto/ConfigurationSelect2.xml
----------------- Instantiating /home/travis/build/icyphy/ptII/ptolemy/actor/lib/test/auto/ConfigurationSelect2.xml
3 ms. Memory: 892416K Free: 133338K (15%)
----------------- Invoking toplevel() on ptolemy.moml.MoMLSimpleApplication@106c3169
----------------- Done invoking toplevel() on ptolemy.moml.MoMLSimpleApplication@106c3169
reloadAllAccessors: .ConfigurationSelect2
----------------- testing Thu May 10 17:34:32 UTC 2018 /home/travis/build/icyphy/ptII/ptolemy/actor/lib/test/auto/ConfigurationSwitch.xml
----------------- Instantiating /home/travis/build/icyphy/ptII/ptolemy/actor/lib/test/auto/ConfigurationSwitch.xml
3 ms. Memory: 892416K Free: 115858K (13%)
----------------- Invoking toplevel() on ptolemy.moml.MoMLSimpleApplication@37125332
----------------- Done invoking toplevel() on ptolemy.moml.MoMLSimpleApplication@37125332
reloadAllAccessors: .ConfigurationSwitch
----------------- testing Thu May 10 17:34:32 UTC 2018 /home/travis/build/icyphy/ptII/ptolemy/actor/lib/test/auto/ConfigurationSwitch2.xml
----------------- Instantiating /home/travis/build/icyphy/ptII/ptolemy/actor/lib/test/auto/ConfigurationSwitch2.xml
4 ms. Memory: 892416K Free: 108081K (12%)
----------------- Invoking toplevel() on ptolemy.moml.MoMLSimpleApplication@22bf1111
----------------- Done invoking toplevel() on ptolemy.moml.MoMLSimpleApplication@22bf1111
reloadAllAccessors: .ConfigurationSwitch2
----------------- testing Thu May 10 17:34:32 UTC 2018 /home/travis/build/icyphy/ptII/ptolemy/actor/lib/test/auto/ConfigurationSwitchCloningBugWithClassRelationGroup.xml
----------------- Instantiating /home/travis/build/icyphy/ptII/ptolemy/actor/lib/test/auto/ConfigurationSwitchCloningBugWithClassRelationGroup.xml
2 ms. Memory: 892416K Free: 96399K (11%)
----------------- Invoking toplevel() on ptolemy.moml.MoMLSimpleApplication@11541d87
----------------- Done invoking toplevel() on ptolemy.moml.MoMLSimpleApplication@11541d87
reloadAllAccessors: .ConfigurationSwitchCloningBugWithClassRelationGroup
----------------- testing Thu May 10 17:34:32 UTC 2018 /home/travis/build/icyphy/ptII/ptolemy/actor/lib/test/auto/ConfigurationSwitchSelectSDF.xml
----------------- Instantiating /home/travis/build/icyphy/ptII/ptolemy/actor/lib/test/auto/ConfigurationSwitchSelectSDF.xml
2 ms. Memory: 892416K Free: 88622K (10%)
----------------- Invoking toplevel() on ptolemy.moml.MoMLSimpleApplication@1bb1a7c6
----------------- Done invoking toplevel() on ptolemy.moml.MoMLSimpleApplication@1bb1a7c6
reloadAllAccessors: .ConfigurationSwitchSelectSDF
----------------- testing Thu May 10 17:34:32 UTC 2018 /home/travis/build/icyphy/ptII/ptolemy/actor/lib/test/auto/ConfigurationSwitchSelectSDF2.xml
----------------- Instantiating /home/travis/build/icyphy/ptII/ptolemy/actor/lib/test/auto/ConfigurationSwitchSelectSDF2.xml
2 ms. Memory: 893440K Free: 847404K (95%)
----------------- Invoking toplevel() on ptolemy.moml.MoMLSimpleApplication@566e7dc9
----------------- Done invoking toplevel() on ptolemy.moml.MoMLSimpleApplication@566e7dc9
reloadAllAccessors: .ConfigurationSwitchSelectSDF2
----------------- testing Thu May 10 17:34:32 UTC 2018 /home/travis/build/icyphy/ptII/ptolemy/actor/lib/test/auto/Const.xml
----------------- Instantiating /home/travis/build/icyphy/ptII/ptolemy/actor/lib/test/auto/Const.xml
1 ms. Memory: 893440K Free: 832302K (93%)
----------------- Invoking toplevel() on ptolemy.moml.MoMLSimpleApplication@26b8f77a
----------------- Done invoking toplevel() on ptolemy.moml.MoMLSimpleApplication@26b8f77a
reloadAllAccessors: .Const
----------------- testing Thu May 10 17:34:32 UTC 2018 /home/travis/build/icyphy/ptII/ptolemy/actor/lib/test/auto/Const2.xml
----------------- Instantiating /home/travis/build/icyphy/ptII/ptolemy/actor/lib/test/auto/Const2.xml
1 ms. Memory: 893440K Free: 824524K (92%)
----------------- Invoking toplevel() on ptolemy.moml.MoMLSimpleApplication@12dfe213
----------------- Done invoking toplevel() on ptolemy.moml.MoMLSimpleApplication@12dfe213
reloadAllAccessors: .Const2
----------------- testing Thu May 10 17:34:32 UTC 2018 /home/travis/build/icyphy/ptII/ptolemy/actor/lib/test/auto/Const3.xml
----------------- Instantiating /home/travis/build/icyphy/ptII/ptolemy/actor/lib/test/auto/Const3.xml
1 ms. Memory: 893440K Free: 816586K (91%)
----------------- Invoking toplevel() on ptolemy.moml.MoMLSimpleApplication@ec2669d
----------------- Done invoking toplevel() on ptolemy.moml.MoMLSimpleApplication@ec2669d
reloadAllAccessors: .Const3
----------------- testing Thu May 10 17:34:32 UTC 2018 /home/travis/build/icyphy/ptII/ptolemy/actor/lib/test/auto/ConstantPublisherPort1.xml
----------------- Instantiating /home/travis/build/icyphy/ptII/ptolemy/actor/lib/test/auto/ConstantPublisherPort1.xml
6 ms. Memory: 893440K Free: 797579K (89%)
----------------- Invoking toplevel() on ptolemy.moml.MoMLSimpleApplication@12b8df65
----------------- Done invoking toplevel() on ptolemy.moml.MoMLSimpleApplication@12b8df65
reloadAllAccessors: .ConstantPublisherPort1
----------------- testing Thu May 10 17:34:32 UTC 2018 /home/travis/build/icyphy/ptII/ptolemy/actor/lib/test/auto/ConstantPublisherPort2.xml
----------------- Instantiating /home/travis/build/icyphy/ptII/ptolemy/actor/lib/test/auto/ConstantPublisherPort2.xml
9 ms. Memory: 893440K Free: 785897K (88%)
----------------- Invoking toplevel() on ptolemy.moml.MoMLSimpleApplication@1ca25545
----------------- Done invoking toplevel() on ptolemy.moml.MoMLSimpleApplication@1ca25545
reloadAllAccessors: .ConstantPublisherPort2
----------------- testing Thu May 10 17:34:32 UTC 2018 /home/travis/build/icyphy/ptII/ptolemy/actor/lib/test/auto/ConstantPublisherPort3.xml
----------------- Instantiating /home/travis/build/icyphy/ptII/ptolemy/actor/lib/test/auto/ConstantPublisherPort3.xml
7 ms. Memory: 893440K Free: 774214K (87%)
----------------- Invoking toplevel() on ptolemy.moml.MoMLSimpleApplication@7a609e7c
----------------- Done invoking toplevel() on ptolemy.moml.MoMLSimpleApplication@7a609e7c
reloadAllAccessors: .ConstantPublisherPort3
----------------- testing Thu May 10 17:34:32 UTC 2018 /home/travis/build/icyphy/ptII/ptolemy/actor/lib/test/auto/ConstantPublisherPort4.xml
----------------- Instantiating /home/travis/build/icyphy/ptII/ptolemy/actor/lib/test/auto/ConstantPublisherPort4.xml
3 ms. Memory: 893440K Free: 755216K (85%)
----------------- Invoking toplevel() on ptolemy.moml.MoMLSimpleApplication@25f86015
----------------- Done invoking toplevel() on ptolemy.moml.MoMLSimpleApplication@25f86015
reloadAllAccessors: .ConstantPublisherPort4
----------------- testing Thu May 10 17:34:32 UTC 2018 /home/travis/build/icyphy/ptII/ptolemy/actor/lib/test/auto/ConstantPublisherPort5.xml
----------------- Instantiating /home/travis/build/icyphy/ptII/ptolemy/actor/lib/test/auto/ConstantPublisherPort5.xml
27 ms. Memory: 893440K Free: 735756K (82%)
----------------- Invoking toplevel() on ptolemy.moml.MoMLSimpleApplication@7a56159e
----------------- Done invoking toplevel() on ptolemy.moml.MoMLSimpleApplication@7a56159e
reloadAllAccessors: .ConstantPublisherPort5
----------------- testing Thu May 10 17:34:33 UTC 2018 /home/travis/build/icyphy/ptII/ptolemy/actor/lib/test/auto/ConstantPublisherPort6.xml
----------------- Instantiating /home/travis/build/icyphy/ptII/ptolemy/actor/lib/test/auto/ConstantPublisherPort6.xml
16 ms. Memory: 893440K Free: 712416K (80%)
----------------- Invoking toplevel() on ptolemy.moml.MoMLSimpleApplication@76ff9885
----------------- Done invoking toplevel() on ptolemy.moml.MoMLSimpleApplication@76ff9885
reloadAllAccessors: .ConstantPublisherPort6
----------------- testing Thu May 10 17:34:33 UTC 2018 /home/travis/build/icyphy/ptII/ptolemy/actor/lib/test/auto/ConstantPublisherPort7.xml
----------------- Instantiating /home/travis/build/icyphy/ptII/ptolemy/actor/lib/test/auto/ConstantPublisherPort7.xml
16 ms. Memory: 893440K Free: 681743K (76%)
----------------- Invoking toplevel() on ptolemy.moml.MoMLSimpleApplication@6196a23d
----------------- Done invoking toplevel() on ptolemy.moml.MoMLSimpleApplication@6196a23d
reloadAllAccessors: .ConstantPublisherPort7
----------------- testing Thu May 10 17:34:33 UTC 2018 /home/travis/build/icyphy/ptII/ptolemy/actor/lib/test/auto/ConstraintMonitor1.xml
----------------- Instantiating /home/travis/build/icyphy/ptII/ptolemy/actor/lib/test/auto/ConstraintMonitor1.xml
3 ms. Memory: 893440K Free: 673966K (75%)
----------------- Invoking toplevel() on ptolemy.moml.MoMLSimpleApplication@2eb55938
----------------- Done invoking toplevel() on ptolemy.moml.MoMLSimpleApplication@2eb55938
reloadAllAccessors: .ConstraintMonitor1
----------------- testing Thu May 10 17:34:33 UTC 2018 /home/travis/build/icyphy/ptII/ptolemy/actor/lib/test/auto/ConstraintMonitor2.xml
----------------- Instantiating /home/travis/build/icyphy/ptII/ptolemy/actor/lib/test/auto/ConstraintMonitor2.xml
2 ms. Memory: 893440K Free: 666188K (75%)
----------------- Invoking toplevel() on ptolemy.moml.MoMLSimpleApplication@71c16101
----------------- Done invoking toplevel() on ptolemy.moml.MoMLSimpleApplication@71c16101
reloadAllAccessors: .ConstraintMonitor2
----------------- testing Thu May 10 17:34:33 UTC 2018 /home/travis/build/icyphy/ptII/ptolemy/actor/lib/test/auto/ConstraintMonitor3.xml
----------------- Instantiating /home/travis/build/icyphy/ptII/ptolemy/actor/lib/test/auto/ConstraintMonitor3.xml
6 ms. Memory: 893440K Free: 651086K (73%)
----------------- Invoking toplevel() on ptolemy.moml.MoMLSimpleApplication@687dde6f
----------------- Done invoking toplevel() on ptolemy.moml.MoMLSimpleApplication@687dde6f
reloadAllAccessors: .ConstraintMonitor3
----------------- testing Thu May 10 17:34:33 UTC 2018 /home/travis/build/icyphy/ptII/ptolemy/actor/lib/test/auto/ConstraintMonitor4.xml
----------------- Instantiating /home/travis/build/icyphy/ptII/ptolemy/actor/lib/test/auto/ConstraintMonitor4.xml
6 ms. Memory: 893440K Free: 643309K (72%)
----------------- Invoking toplevel() on ptolemy.moml.MoMLSimpleApplication@5e6e84f
----------------- Done invoking toplevel() on ptolemy.moml.MoMLSimpleApplication@5e6e84f
reloadAllAccessors: .ConstraintMonitor4
----------------- testing Thu May 10 17:34:33 UTC 2018 /home/travis/build/icyphy/ptII/ptolemy/actor/lib/test/auto/ConstraintMonitor5.xml
----------------- Instantiating /home/travis/build/icyphy/ptII/ptolemy/actor/lib/test/auto/ConstraintMonitor5.xml
1 ms. Memory: 893440K Free: 635531K (71%)
----------------- Invoking toplevel() on ptolemy.moml.MoMLSimpleApplication@6022df77
----------------- Done invoking toplevel() on ptolemy.moml.MoMLSimpleApplication@6022df77
reloadAllAccessors: .ConstraintMonitor5
----------------- testing Thu May 10 17:34:33 UTC 2018 /home/travis/build/icyphy/ptII/ptolemy/actor/lib/test/auto/ConstraintMonitor6.xml
----------------- Instantiating /home/travis/build/icyphy/ptII/ptolemy/actor/lib/test/auto/ConstraintMonitor6.xml
7 ms. Memory: 893440K Free: 616524K (69%)
----------------- Invoking toplevel() on ptolemy.moml.MoMLSimpleApplication@3b1b15b8
----------------- Done invoking toplevel() on ptolemy.moml.MoMLSimpleApplication@3b1b15b8
reloadAllAccessors: .ConstraintMonitor6
----------------- testing Thu May 10 17:34:33 UTC 2018 /home/travis/build/icyphy/ptII/ptolemy/actor/lib/test/auto/ConstraintMonitor7.xml
----------------- Instantiating /home/travis/build/icyphy/ptII/ptolemy/actor/lib/test/auto/ConstraintMonitor7.xml
2 ms. Memory: 893440K Free: 604850K (68%)
----------------- Invoking toplevel() on ptolemy.moml.MoMLSimpleApplication@4e9955af
----------------- Done invoking toplevel() on ptolemy.moml.MoMLSimpleApplication@4e9955af
reloadAllAccessors: .ConstraintMonitor7
----------------- testing Thu May 10 17:34:33 UTC 2018 /home/travis/build/icyphy/ptII/ptolemy/actor/lib/test/auto/ConstraintMonitor8.xml
----------------- Instantiating /home/travis/build/icyphy/ptII/ptolemy/actor/lib/test/auto/ConstraintMonitor8.xml
3 ms. Memory: 893440K Free: 593168K (66%)
----------------- Invoking toplevel() on ptolemy.moml.MoMLSimpleApplication@2b663d3e
----------------- Done invoking toplevel() on ptolemy.moml.MoMLSimpleApplication@2b663d3e
reloadAllAccessors: .ConstraintMonitor8
----------------- testing Thu May 10 17:34:33 UTC 2018 /home/travis/build/icyphy/ptII/ptolemy/actor/lib/test/auto/Counter.xml
----------------- Instantiating /home/travis/build/icyphy/ptII/ptolemy/actor/lib/test/auto/Counter.xml
3 ms. Memory: 893440K Free: 585391K (66%)
----------------- Invoking toplevel() on ptolemy.moml.MoMLSimpleApplication@1c2e772b
----------------- Done invoking toplevel() on ptolemy.moml.MoMLSimpleApplication@1c2e772b
reloadAllAccessors: .Counter
----------------- testing Thu May 10 17:34:33 UTC 2018 /home/travis/build/icyphy/ptII/ptolemy/actor/lib/test/auto/CurrentTimeSDF.xml
----------------- Instantiating /home/travis/build/icyphy/ptII/ptolemy/actor/lib/test/auto/CurrentTimeSDF.xml
1 ms. Memory: 893440K Free: 570289K (64%)
----------------- Invoking toplevel() on ptolemy.moml.MoMLSimpleApplication@4080c0f2
----------------- Done invoking toplevel() on ptolemy.moml.MoMLSimpleApplication@4080c0f2
reloadAllAccessors: .CurrentTimeSDF
----------------- testing Thu May 10 17:34:33 UTC 2018 /home/travis/build/icyphy/ptII/ptolemy/actor/lib/test/auto/DB.xml
----------------- Instantiating /home/travis/build/icyphy/ptII/ptolemy/actor/lib/test/auto/DB.xml
3 ms. Memory: 893440K Free: 562511K (63%)
----------------- Invoking toplevel() on ptolemy.moml.MoMLSimpleApplication@69beff7b
----------------- Done invoking toplevel() on ptolemy.moml.MoMLSimpleApplication@69beff7b
reloadAllAccessors: .DB
----------------- testing Thu May 10 17:34:33 UTC 2018 /home/travis/build/icyphy/ptII/ptolemy/actor/lib/test/auto/DBDE.xml
----------------- Instantiating /home/travis/build/icyphy/ptII/ptolemy/actor/lib/test/auto/DBDE.xml
2 ms. Memory: 893440K Free: 550829K (62%)
----------------- Invoking toplevel() on ptolemy.moml.MoMLSimpleApplication@55e66cb2
----------------- Done invoking toplevel() on ptolemy.moml.MoMLSimpleApplication@55e66cb2
reloadAllAccessors: .DBDE
----------------- testing Thu May 10 17:34:33 UTC 2018 /home/travis/build/icyphy/ptII/ptolemy/actor/lib/test/auto/DateConstructor.xml
----------------- Instantiating /home/travis/build/icyphy/ptII/ptolemy/actor/lib/test/auto/DateConstructor.xml
16 ms. Memory: 893440K Free: 524021K (59%)
----------------- Invoking toplevel() on ptolemy.moml.MoMLSimpleApplication@71a3e70f
----------------- Done invoking toplevel() on ptolemy.moml.MoMLSimpleApplication@71a3e70f
reloadAllAccessors: .DateConstructor
----------------- testing Thu May 10 17:34:33 UTC 2018 /home/travis/build/icyphy/ptII/ptolemy/actor/lib/test/auto/DelayTime.xml
----------------- Instantiating /home/travis/build/icyphy/ptII/ptolemy/actor/lib/test/auto/DelayTime.xml
4 ms. Memory: 893440K Free: 516244K (58%)
----------------- Invoking toplevel() on ptolemy.moml.MoMLSimpleApplication@37dd261
----------------- Done invoking toplevel() on ptolemy.moml.MoMLSimpleApplication@37dd261
reloadAllAccessors: .DelayTime
----------------- testing Thu May 10 17:34:33 UTC 2018 /home/travis/build/icyphy/ptII/ptolemy/actor/lib/test/auto/Dictionary1.xml
----------------- Instantiating /home/travis/build/icyphy/ptII/ptolemy/actor/lib/test/auto/Dictionary1.xml
2 ms. Memory: 893440K Free: 508466K (57%)
----------------- Invoking toplevel() on ptolemy.moml.MoMLSimpleApplication@13717f
----------------- Done invoking toplevel() on ptolemy.moml.MoMLSimpleApplication@13717f
reloadAllAccessors: .Dictionary1
----------------- testing Thu May 10 17:34:33 UTC 2018 /home/travis/build/icyphy/ptII/ptolemy/actor/lib/test/auto/Dictionary2.xml
----------------- Instantiating /home/travis/build/icyphy/ptII/ptolemy/actor/lib/test/auto/Dictionary2.xml
3 ms. Memory: 893440K Free: 493364K (55%)
----------------- Invoking toplevel() on ptolemy.moml.MoMLSimpleApplication@678ba051
----------------- Done invoking toplevel() on ptolemy.moml.MoMLSimpleApplication@678ba051
reloadAllAccessors: .Dictionary2
----------------- testing Thu May 10 17:34:33 UTC 2018 /home/travis/build/icyphy/ptII/ptolemy/actor/lib/test/auto/Dictionary3.xml
----------------- Instantiating /home/travis/build/icyphy/ptII/ptolemy/actor/lib/test/auto/Dictionary3.xml
1 ms. Memory: 893440K Free: 485587K (54%)
----------------- Invoking toplevel() on ptolemy.moml.MoMLSimpleApplication@526ea83f
----------------- Done invoking toplevel() on ptolemy.moml.MoMLSimpleApplication@526ea83f
reloadAllAccessors: .Dictionary3
----------------- testing Thu May 10 17:34:33 UTC 2018 /home/travis/build/icyphy/ptII/ptolemy/actor/lib/test/auto/Dictionary4.xml
----------------- Instantiating /home/travis/build/icyphy/ptII/ptolemy/actor/lib/test/auto/Dictionary4.xml
5 ms. Memory: 893440K Free: 473921K (53%)
----------------- Invoking toplevel() on ptolemy.moml.MoMLSimpleApplication@5126c266
----------------- Done invoking toplevel() on ptolemy.moml.MoMLSimpleApplication@5126c266
reloadAllAccessors: .Dictionary4
----------------- testing Thu May 10 17:34:33 UTC 2018 /home/travis/build/icyphy/ptII/ptolemy/actor/lib/test/auto/Differential.xml
----------------- Instantiating /home/travis/build/icyphy/ptII/ptolemy/actor/lib/test/auto/Differential.xml
3 ms. Memory: 893440K Free: 458818K (51%)
----------------- Invoking toplevel() on ptolemy.moml.MoMLSimpleApplication@4e12348d
----------------- Done invoking toplevel() on ptolemy.moml.MoMLSimpleApplication@4e12348d
reloadAllAccessors: .Differential
----------------- testing Thu May 10 17:34:33 UTC 2018 /home/travis/build/icyphy/ptII/ptolemy/actor/lib/test/auto/Director.xml
----------------- Instantiating /home/travis/build/icyphy/ptII/ptolemy/actor/lib/test/auto/Director.xml
4 ms. Memory: 893440K Free: 451041K (50%)
----------------- Invoking toplevel() on ptolemy.moml.MoMLSimpleApplication@5a95bd0b
----------------- Done invoking toplevel() on ptolemy.moml.MoMLSimpleApplication@5a95bd0b
reloadAllAccessors: .Director
----------------- testing Thu May 10 17:34:33 UTC 2018 /home/travis/build/icyphy/ptII/ptolemy/actor/lib/test/auto/DiscreteClock.xml
----------------- Instantiating /home/travis/build/icyphy/ptII/ptolemy/actor/lib/test/auto/DiscreteClock.xml
2 ms. Memory: 893440K Free: 443264K (50%)
----------------- Invoking toplevel() on ptolemy.moml.MoMLSimpleApplication@5be2ad31
----------------- Done invoking toplevel() on ptolemy.moml.MoMLSimpleApplication@5be2ad31
reloadAllAccessors: .DiscreteClock
----------------- testing Thu May 10 17:34:33 UTC 2018 /home/travis/build/icyphy/ptII/ptolemy/actor/lib/test/auto/DiscreteClock10.xml
----------------- Instantiating /home/travis/build/icyphy/ptII/ptolemy/actor/lib/test/auto/DiscreteClock10.xml
2 ms. Memory: 893440K Free: 428162K (48%)
----------------- Invoking toplevel() on ptolemy.moml.MoMLSimpleApplication@7b8347e7
----------------- Done invoking toplevel() on ptolemy.moml.MoMLSimpleApplication@7b8347e7
reloadAllAccessors: .DiscreteClock10
----------------- testing Thu May 10 17:34:33 UTC 2018 /home/travis/build/icyphy/ptII/ptolemy/actor/lib/test/auto/DiscreteClock11.xml
----------------- Instantiating /home/travis/build/icyphy/ptII/ptolemy/actor/lib/test/auto/DiscreteClock11.xml
2 ms. Memory: 893440K Free: 420384K (47%)
----------------- Invoking toplevel() on ptolemy.moml.MoMLSimpleApplication@62b29621
----------------- Done invoking toplevel() on ptolemy.moml.MoMLSimpleApplication@62b29621
reloadAllAccessors: .DiscreteClock11
----------------- testing Thu May 10 17:34:33 UTC 2018 /home/travis/build/icyphy/ptII/ptolemy/actor/lib/test/auto/DiscreteClock12.xml
----------------- Instantiating /home/travis/build/icyphy/ptII/ptolemy/actor/lib/test/auto/DiscreteClock12.xml
3 ms. Memory: 893440K Free: 412607K (46%)
----------------- Invoking toplevel() on ptolemy.moml.MoMLSimpleApplication@2c4c7da0
----------------- Done invoking toplevel() on ptolemy.moml.MoMLSimpleApplication@2c4c7da0
reloadAllAccessors: .DiscreteClock12
----------------- testing Thu May 10 17:34:33 UTC 2018 /home/travis/build/icyphy/ptII/ptolemy/actor/lib/test/auto/DiscreteClock13.xml
----------------- Instantiating /home/travis/build/icyphy/ptII/ptolemy/actor/lib/test/auto/DiscreteClock13.xml
6 ms. Memory: 893440K Free: 397504K (44%)
----------------- Invoking toplevel() on ptolemy.moml.MoMLSimpleApplication@4fc84b21
----------------- Done invoking toplevel() on ptolemy.moml.MoMLSimpleApplication@4fc84b21
reloadAllAccessors: .DiscreteClock13
----------------- testing Thu May 10 17:34:33 UTC 2018 /home/travis/build/icyphy/ptII/ptolemy/actor/lib/test/auto/DiscreteClock14.xml
----------------- Instantiating /home/travis/build/icyphy/ptII/ptolemy/actor/lib/test/auto/DiscreteClock14.xml
7 ms. Memory: 893440K Free: 389727K (44%)
----------------- Invoking toplevel() on ptolemy.moml.MoMLSimpleApplication@65c13fc9
----------------- Done invoking toplevel() on ptolemy.moml.MoMLSimpleApplication@65c13fc9
reloadAllAccessors: .DiscreteClock14
----------------- testing Thu May 10 17:34:33 UTC 2018 /home/travis/build/icyphy/ptII/ptolemy/actor/lib/test/auto/DiscreteClock15.xml
----------------- Instantiating /home/travis/build/icyphy/ptII/ptolemy/actor/lib/test/auto/DiscreteClock15.xml
8 ms. Memory: 893440K Free: 381950K (43%)
----------------- Invoking toplevel() on ptolemy.moml.MoMLSimpleApplication@39497cb7
----------------- Done invoking toplevel() on ptolemy.moml.MoMLSimpleApplication@39497cb7
reloadAllAccessors: .DiscreteClock15
----------------- testing Thu May 10 17:34:33 UTC 2018 /home/travis/build/icyphy/ptII/ptolemy/actor/lib/test/auto/DiscreteClock16.xml
----------------- Instantiating /home/travis/build/icyphy/ptII/ptolemy/actor/lib/test/auto/DiscreteClock16.xml
20 ms. Memory: 893440K Free: 366387K (41%)
----------------- Invoking toplevel() on ptolemy.moml.MoMLSimpleApplication@27d1b460
----------------- Done invoking toplevel() on ptolemy.moml.MoMLSimpleApplication@27d1b460
reloadAllAccessors: .DiscreteClock16
----------------- testing Thu May 10 17:34:33 UTC 2018 /home/travis/build/icyphy/ptII/ptolemy/actor/lib/test/auto/DiscreteClock17.xml
----------------- Instantiating /home/travis/build/icyphy/ptII/ptolemy/actor/lib/test/auto/DiscreteClock17.xml
16 ms. Memory: 893440K Free: 343499K (38%)
----------------- Invoking toplevel() on ptolemy.moml.MoMLSimpleApplication@52792e0c
----------------- Done invoking toplevel() on ptolemy.moml.MoMLSimpleApplication@52792e0c
reloadAllAccessors: .DiscreteClock17
----------------- testing Thu May 10 17:34:33 UTC 2018 /home/travis/build/icyphy/ptII/ptolemy/actor/lib/test/auto/DiscreteClock18.xml
----------------- Instantiating /home/travis/build/icyphy/ptII/ptolemy/actor/lib/test/auto/DiscreteClock18.xml
25 ms. Memory: 893440K Free: 327929K (37%)
----------------- Invoking toplevel() on ptolemy.moml.MoMLSimpleApplication@76c5ccdf
----------------- Done invoking toplevel() on ptolemy.moml.MoMLSimpleApplication@76c5ccdf
reloadAllAccessors: .DiscreteClock18
----------------- testing Thu May 10 17:34:33 UTC 2018 /home/travis/build/icyphy/ptII/ptolemy/actor/lib/test/auto/DiscreteClock19.xml
----------------- Instantiating /home/travis/build/icyphy/ptII/ptolemy/actor/lib/test/auto/DiscreteClock19.xml
20 ms. Memory: 893440K Free: 312358K (35%)
----------------- Invoking toplevel() on ptolemy.moml.MoMLSimpleApplication@158bbc14
----------------- Done invoking toplevel() on ptolemy.moml.MoMLSimpleApplication@158bbc14
reloadAllAccessors: .DiscreteClock19
----------------- testing Thu May 10 17:34:34 UTC 2018 /home/travis/build/icyphy/ptII/ptolemy/actor/lib/test/auto/DiscreteClock2.xml
----------------- Instantiating /home/travis/build/icyphy/ptII/ptolemy/actor/lib/test/auto/DiscreteClock2.xml
6 ms. Memory: 893440K Free: 297256K (33%)
----------------- Invoking toplevel() on ptolemy.moml.MoMLSimpleApplication@5cd8e36b
----------------- Done invoking toplevel() on ptolemy.moml.MoMLSimpleApplication@5cd8e36b
reloadAllAccessors: .DiscreteClock2
----------------- testing Thu May 10 17:34:34 UTC 2018 /home/travis/build/icyphy/ptII/ptolemy/actor/lib/test/auto/DiscreteClock20.xml
----------------- Instantiating /home/travis/build/icyphy/ptII/ptolemy/actor/lib/test/auto/DiscreteClock20.xml
10 ms. Memory: 893440K Free: 289478K (32%)
----------------- Invoking toplevel() on ptolemy.moml.MoMLSimpleApplication@6db085fd
----------------- Done invoking toplevel() on ptolemy.moml.MoMLSimpleApplication@6db085fd
reloadAllAccessors: .DiscreteClock20
----------------- testing Thu May 10 17:34:34 UTC 2018 /home/travis/build/icyphy/ptII/ptolemy/actor/lib/test/auto/DiscreteClock21.xml
----------------- Instantiating /home/travis/build/icyphy/ptII/ptolemy/actor/lib/test/auto/DiscreteClock21.xml
8 ms. Memory: 893440K Free: 281701K (32%)
----------------- Invoking toplevel() on ptolemy.moml.MoMLSimpleApplication@75335062
----------------- Done invoking toplevel() on ptolemy.moml.MoMLSimpleApplication@75335062
reloadAllAccessors: .DiscreteClock21
----------------- testing Thu May 10 17:34:34 UTC 2018 /home/travis/build/icyphy/ptII/ptolemy/actor/lib/test/auto/DiscreteClock22.xml
----------------- Instantiating /home/travis/build/icyphy/ptII/ptolemy/actor/lib/test/auto/DiscreteClock22.xml
8 ms. Memory: 893440K Free: 266598K (30%)
----------------- Invoking toplevel() on ptolemy.moml.MoMLSimpleApplication@4cbf6f9c
----------------- Done invoking toplevel() on ptolemy.moml.MoMLSimpleApplication@4cbf6f9c
reloadAllAccessors: .DiscreteClock22
----------------- testing Thu May 10 17:34:34 UTC 2018 /home/travis/build/icyphy/ptII/ptolemy/actor/lib/test/auto/DiscreteClock23.xml
----------------- Instantiating /home/travis/build/icyphy/ptII/ptolemy/actor/lib/test/auto/DiscreteClock23.xml
12 ms. Memory: 893440K Free: 258821K (29%)
----------------- Invoking toplevel() on ptolemy.moml.MoMLSimpleApplication@da7b620
----------------- Done invoking toplevel() on ptolemy.moml.MoMLSimpleApplication@da7b620
reloadAllAccessors: .DiscreteClock23
----------------- testing Thu May 10 17:34:34 UTC 2018 /home/travis/build/icyphy/ptII/ptolemy/actor/lib/test/auto/DiscreteClock24.xml
----------------- Instantiating /home/travis/build/icyphy/ptII/ptolemy/actor/lib/test/auto/DiscreteClock24.xml
6 ms. Memory: 893440K Free: 251044K (28%)
----------------- Invoking toplevel() on ptolemy.moml.MoMLSimpleApplication@70ef62ce
----------------- Done invoking toplevel() on ptolemy.moml.MoMLSimpleApplication@70ef62ce
reloadAllAccessors: .DiscreteClock24
----------------- testing Thu May 10 17:34:34 UTC 2018 /home/travis/build/icyphy/ptII/ptolemy/actor/lib/test/auto/DiscreteClock4.xml
----------------- Instantiating /home/travis/build/icyphy/ptII/ptolemy/actor/lib/test/auto/DiscreteClock4.xml
3 ms. Memory: 893440K Free: 235942K (26%)
----------------- Invoking toplevel() on ptolemy.moml.MoMLSimpleApplication@7bb0a159
----------------- Done invoking toplevel() on ptolemy.moml.MoMLSimpleApplication@7bb0a159
reloadAllAccessors: .DiscreteClock4
----------------- testing Thu May 10 17:34:34 UTC 2018 /home/travis/build/icyphy/ptII/ptolemy/actor/lib/test/auto/DiscreteClock5.xml
----------------- Instantiating /home/travis/build/icyphy/ptII/ptolemy/actor/lib/test/auto/DiscreteClock5.xml
1 ms. Memory: 893440K Free: 228164K (26%)
----------------- Invoking toplevel() on ptolemy.moml.MoMLSimpleApplication@1e0b472b
----------------- Done invoking toplevel() on ptolemy.moml.MoMLSimpleApplication@1e0b472b
reloadAllAccessors: .DiscreteClock5
----------------- testing Thu May 10 17:34:34 UTC 2018 /home/travis/build/icyphy/ptII/ptolemy/actor/lib/test/auto/DiscreteClock6.xml
----------------- Instantiating /home/travis/build/icyphy/ptII/ptolemy/actor/lib/test/auto/DiscreteClock6.xml
1 ms. Memory: 893440K Free: 220387K (25%)
----------------- Invoking toplevel() on ptolemy.moml.MoMLSimpleApplication@3d02ab
----------------- Done invoking toplevel() on ptolemy.moml.MoMLSimpleApplication@3d02ab
reloadAllAccessors: .DiscreteClock6
----------------- testing Thu May 10 17:34:34 UTC 2018 /home/travis/build/icyphy/ptII/ptolemy/actor/lib/test/auto/DiscreteClock7.xml
----------------- Instantiating /home/travis/build/icyphy/ptII/ptolemy/actor/lib/test/auto/DiscreteClock7.xml
1 ms. Memory: 893440K Free: 205284K (23%)
----------------- Invoking toplevel() on ptolemy.moml.MoMLSimpleApplication@600376e9
----------------- Done invoking toplevel() on ptolemy.moml.MoMLSimpleApplication@600376e9
reloadAllAccessors: .DiscreteClock7
----------------- testing Thu May 10 17:34:34 UTC 2018 /home/travis/build/icyphy/ptII/ptolemy/actor/lib/test/auto/DiscreteClock8.xml
----------------- Instantiating /home/travis/build/icyphy/ptII/ptolemy/actor/lib/test/auto/DiscreteClock8.xml
6 ms. Memory: 893440K Free: 197507K (22%)
----------------- Invoking toplevel() on ptolemy.moml.MoMLSimpleApplication@5aee617
----------------- Done invoking toplevel() on ptolemy.moml.MoMLSimpleApplication@5aee617
reloadAllAccessors: .DiscreteClock8
----------------- testing Thu May 10 17:34:34 UTC 2018 /home/travis/build/icyphy/ptII/ptolemy/actor/lib/test/auto/DiscreteClock9.xml
----------------- Instantiating /home/travis/build/icyphy/ptII/ptolemy/actor/lib/test/auto/DiscreteClock9.xml
6 ms. Memory: 893440K Free: 189730K (21%)
----------------- Invoking toplevel() on ptolemy.moml.MoMLSimpleApplication@2a7c2052
----------------- Done invoking toplevel() on ptolemy.moml.MoMLSimpleApplication@2a7c2052
reloadAllAccessors: .DiscreteClock9
----------------- testing Thu May 10 17:34:34 UTC 2018 /home/travis/build/icyphy/ptII/ptolemy/actor/lib/test/auto/DisplayArray.xml
----------------- Instantiating /home/travis/build/icyphy/ptII/ptolemy/actor/lib/test/auto/DisplayArray.xml
1 ms. Memory: 893440K Free: 174627K (20%)
----------------- Invoking toplevel() on ptolemy.moml.MoMLSimpleApplication@7e3f70b8
----------------- Done invoking toplevel() on ptolemy.moml.MoMLSimpleApplication@7e3f70b8
reloadAllAccessors: .DisplayArray
----------------- testing Thu May 10 17:34:34 UTC 2018 /home/travis/build/icyphy/ptII/ptolemy/actor/lib/test/auto/Distributor.xml
----------------- Instantiating /home/travis/build/icyphy/ptII/ptolemy/actor/lib/test/auto/Distributor.xml
1 ms. Memory: 893440K Free: 166850K (19%)
----------------- Invoking toplevel() on ptolemy.moml.MoMLSimpleApplication@52a01a4a
----------------- Done invoking toplevel() on ptolemy.moml.MoMLSimpleApplication@52a01a4a
reloadAllAccessors: .Distributor
----------------- testing Thu May 10 17:34:34 UTC 2018 /home/travis/build/icyphy/ptII/ptolemy/actor/lib/test/auto/Distributor2.xml
----------------- Instantiating /home/travis/build/icyphy/ptII/ptolemy/actor/lib/test/auto/Distributor2.xml
2 ms. Memory: 893440K Free: 159072K (18%)
----------------- Invoking toplevel() on ptolemy.moml.MoMLSimpleApplication@481fbb4b
----------------- Done invoking toplevel() on ptolemy.moml.MoMLSimpleApplication@481fbb4b
reloadAllAccessors: .Distributor2
----------------- testing Thu May 10 17:34:34 UTC 2018 /home/travis/build/icyphy/ptII/ptolemy/actor/lib/test/auto/DownSample.xml
----------------- Instantiating /home/travis/build/icyphy/ptII/ptolemy/actor/lib/test/auto/DownSample.xml
2 ms. Memory: 893440K Free: 143970K (16%)
----------------- Invoking toplevel() on ptolemy.moml.MoMLSimpleApplication@c4783b0
----------------- Done invoking toplevel() on ptolemy.moml.MoMLSimpleApplication@c4783b0
reloadAllAccessors: .DownSample
----------------- testing Thu May 10 17:34:34 UTC 2018 /home/travis/build/icyphy/ptII/ptolemy/actor/lib/test/auto/ElectronicUnitBase1.xml
----------------- Instantiating /home/travis/build/icyphy/ptII/ptolemy/actor/lib/test/auto/ElectronicUnitBase1.xml
21 ms. Memory: 893440K Free: 124519K (14%)
----------------- Invoking toplevel() on ptolemy.moml.MoMLSimpleApplication@5a59652c
----------------- Done invoking toplevel() on ptolemy.moml.MoMLSimpleApplication@5a59652c
reloadAllAccessors: .ElectronicUnitBase1
----------------- testing Thu May 10 17:34:34 UTC 2018 /home/travis/build/icyphy/ptII/ptolemy/actor/lib/test/auto/ElementsToArray.xml
----------------- Instantiating /home/travis/build/icyphy/ptII/ptolemy/actor/lib/test/auto/ElementsToArray.xml
3 ms. Memory: 893440K Free: 116741K (13%)
----------------- Invoking toplevel() on ptolemy.moml.MoMLSimpleApplication@10c4c265
----------------- Done invoking toplevel() on ptolemy.moml.MoMLSimpleApplication@10c4c265
reloadAllAccessors: .ElementsToArray
----------------- testing Thu May 10 17:34:34 UTC 2018 /home/travis/build/icyphy/ptII/ptolemy/actor/lib/test/auto/Equals.xml
----------------- Instantiating /home/travis/build/icyphy/ptII/ptolemy/actor/lib/test/auto/Equals.xml
4 ms. Memory: 893440K Free: 101639K (11%)
----------------- Invoking toplevel() on ptolemy.moml.MoMLSimpleApplication@2c2650f0
----------------- Done invoking toplevel() on ptolemy.moml.MoMLSimpleApplication@2c2650f0
reloadAllAccessors: .Equals
----------------- testing Thu May 10 17:34:34 UTC 2018 /home/travis/build/icyphy/ptII/ptolemy/actor/lib/test/auto/Exec.xml
----------------- Instantiating /home/travis/build/icyphy/ptII/ptolemy/actor/lib/test/auto/Exec.xml
13 ms. Memory: 893440K Free: 84918K (10%)
----------------- Invoking toplevel() on ptolemy.moml.MoMLSimpleApplication@591c5348
----------------- Done invoking toplevel() on ptolemy.moml.MoMLSimpleApplication@591c5348
reloadAllAccessors: .Exec
----------------- testing Thu May 10 17:34:34 UTC 2018 /home/travis/build/icyphy/ptII/ptolemy/actor/lib/test/auto/ExecEnvironment.xml
----------------- Instantiating /home/travis/build/icyphy/ptII/ptolemy/actor/lib/test/auto/ExecEnvironment.xml
26 ms. Memory: 1016832K Free: 967493K (95%)
----------------- Invoking toplevel() on ptolemy.moml.MoMLSimpleApplication@764ca78a
----------------- Done invoking toplevel() on ptolemy.moml.MoMLSimpleApplication@764ca78a
reloadAllAccessors: .ExecEnvironment
----------------- testing Thu May 10 17:34:34 UTC 2018 /home/travis/build/icyphy/ptII/ptolemy/actor/lib/test/auto/ExecNonZeroReturnOutput.xml
----------------- Instantiating /home/travis/build/icyphy/ptII/ptolemy/actor/lib/test/auto/ExecNonZeroReturnOutput.xml
129 ms. Memory: 1016832K Free: 884875K (87%)
----------------- Invoking toplevel() on ptolemy.moml.MoMLSimpleApplication@247408fd
----------------- Done invoking toplevel() on ptolemy.moml.MoMLSimpleApplication@247408fd
reloadAllAccessors: .ExecNonZeroReturnOutput
----------------- testing Thu May 10 17:34:34 UTC 2018 /home/travis/build/icyphy/ptII/ptolemy/actor/lib/test/auto/ExecRunDemos.xml
----------------- Instantiating /home/travis/build/icyphy/ptII/ptolemy/actor/lib/test/auto/ExecRunDemos.xml
Finished: 55 ms. Memory: 116224K Free: 100789K (87%)

Finished: 55 ms. Memory: 116224K Free: 98283K (85%)

Finished: 82 ms. Memory: 116224K Free: 98206K (84%)

Finished: 56 ms. Memory: 116224K Free: 99536K (86%)

Finished: 41 ms. Memory: 116224K Free: 100805K (87%)

9624 ms. Memory: 1016832K Free: 815805K (80%)
----------------- Invoking toplevel() on ptolemy.moml.MoMLSimpleApplication@15b3dc77
----------------- Done invoking toplevel() on ptolemy.moml.MoMLSimpleApplication@15b3dc77
reloadAllAccessors: .ExecRunDemos
----------------- testing Thu May 10 17:34:44 UTC 2018 /home/travis/build/icyphy/ptII/ptolemy/actor/lib/test/auto/ExecStop.xml
----------------- Instantiating /home/travis/build/icyphy/ptII/ptolemy/actor/lib/test/auto/ExecStop.xml
5010 ms. Memory: 1016832K Free: 652786K (64%)
----------------- Invoking toplevel() on ptolemy.moml.MoMLSimpleApplication@14d6a32c
----------------- Done invoking toplevel() on ptolemy.moml.MoMLSimpleApplication@14d6a32c
reloadAllAccessors: .ExecStop
----------------- testing Thu May 10 17:34:49 UTC 2018 /home/travis/build/icyphy/ptII/ptolemy/actor/lib/test/auto/ExecutionTimePN.xml
----------------- Instantiating /home/travis/build/icyphy/ptII/ptolemy/actor/lib/test/auto/ExecutionTimePN.xml
2010 ms. Memory: 1016832K Free: 602207K (59%)
----------------- Invoking toplevel() on ptolemy.moml.MoMLSimpleApplication@2729701a
----------------- Done invoking toplevel() on ptolemy.moml.MoMLSimpleApplication@2729701a
reloadAllAccessors: .ExecutionTimePN
----------------- testing Thu May 10 17:34:51 UTC 2018 /home/travis/build/icyphy/ptII/ptolemy/actor/lib/test/auto/ExecutionTimeSDF.xml
----------------- Instantiating /home/travis/build/icyphy/ptII/ptolemy/actor/lib/test/auto/ExecutionTimeSDF.xml
6003 ms. Memory: 1016832K Free: 583810K (57%)
----------------- Invoking toplevel() on ptolemy.moml.MoMLSimpleApplication@799759f2
----------------- Done invoking toplevel() on ptolemy.moml.MoMLSimpleApplication@799759f2
reloadAllAccessors: .ExecutionTimeSDF
----------------- testing Thu May 10 17:34:57 UTC 2018 /home/travis/build/icyphy/ptII/ptolemy/actor/lib/test/auto/Expression1.xml
----------------- Instantiating /home/travis/build/icyphy/ptII/ptolemy/actor/lib/test/auto/Expression1.xml
1 ms. Memory: 1016832K Free: 567839K (56%)
----------------- Invoking toplevel() on ptolemy.moml.MoMLSimpleApplication@783e5a37
----------------- Done invoking toplevel() on ptolemy.moml.MoMLSimpleApplication@783e5a37
reloadAllAccessors: .Expression1
----------------- testing Thu May 10 17:34:57 UTC 2018 /home/travis/build/icyphy/ptII/ptolemy/actor/lib/test/auto/Expression10.xml
----------------- Instantiating /home/travis/build/icyphy/ptII/ptolemy/actor/lib/test/auto/Expression10.xml
5 ms. Memory: 1016832K Free: 558648K (55%)
----------------- Invoking toplevel() on ptolemy.moml.MoMLSimpleApplication@3ec657c7
----------------- Done invoking toplevel() on ptolemy.moml.MoMLSimpleApplication@3ec657c7
reloadAllAccessors: .Expression10
----------------- testing Thu May 10 17:34:57 UTC 2018 /home/travis/build/icyphy/ptII/ptolemy/actor/lib/test/auto/Expression11.xml
----------------- Instantiating /home/travis/build/icyphy/ptII/ptolemy/actor/lib/test/auto/Expression11.xml
3 ms. Memory: 1016832K Free: 549458K (54%)
----------------- Invoking toplevel() on ptolemy.moml.MoMLSimpleApplication@60de05de
----------------- Done invoking toplevel() on ptolemy.moml.MoMLSimpleApplication@60de05de
reloadAllAccessors: .Expression11
----------------- testing Thu May 10 17:34:57 UTC 2018 /home/travis/build/icyphy/ptII/ptolemy/actor/lib/test/auto/Expression12.xml
----------------- Instantiating /home/travis/build/icyphy/ptII/ptolemy/actor/lib/test/auto/Expression12.xml
4 ms. Memory: 1016832K Free: 533487K (52%)
----------------- Invoking toplevel() on ptolemy.moml.MoMLSimpleApplication@2d7cf43b
----------------- Done invoking toplevel() on ptolemy.moml.MoMLSimpleApplication@2d7cf43b
reloadAllAccessors: .Expression12
----------------- testing Thu May 10 17:34:57 UTC 2018 /home/travis/build/icyphy/ptII/ptolemy/actor/lib/test/auto/Expression13.xml
----------------- Instantiating /home/travis/build/icyphy/ptII/ptolemy/actor/lib/test/auto/Expression13.xml
3 ms. Memory: 1016832K Free: 524297K (52%)
----------------- Invoking toplevel() on ptolemy.moml.MoMLSimpleApplication@34321888
----------------- Done invoking toplevel() on ptolemy.moml.MoMLSimpleApplication@34321888
reloadAllAccessors: .Expression13
----------------- testing Thu May 10 17:34:57 UTC 2018 /home/travis/build/icyphy/ptII/ptolemy/actor/lib/test/auto/Expression14.xml
----------------- Instantiating /home/travis/build/icyphy/ptII/ptolemy/actor/lib/test/auto/Expression14.xml
8 ms. Memory: 1016832K Free: 515106K (51%)
----------------- Invoking toplevel() on ptolemy.moml.MoMLSimpleApplication@5121e677
----------------- Done invoking toplevel() on ptolemy.moml.MoMLSimpleApplication@5121e677
reloadAllAccessors: .Expression14
----------------- testing Thu May 10 17:34:57 UTC 2018 /home/travis/build/icyphy/ptII/ptolemy/actor/lib/test/auto/Expression15.xml
----------------- Instantiating /home/travis/build/icyphy/ptII/ptolemy/actor/lib/test/auto/Expression15.xml
1 ms. Memory: 1016832K Free: 499135K (49%)
----------------- Invoking toplevel() on ptolemy.moml.MoMLSimpleApplication@56c6a2d
----------------- Done invoking toplevel() on ptolemy.moml.MoMLSimpleApplication@56c6a2d
reloadAllAccessors: .Expression15
----------------- testing Thu May 10 17:34:57 UTC 2018 /home/travis/build/icyphy/ptII/ptolemy/actor/lib/test/auto/Expression16.xml
----------------- Instantiating /home/travis/build/icyphy/ptII/ptolemy/actor/lib/test/auto/Expression16.xml
2 ms. Memory: 1016832K Free: 489945K (48%)
----------------- Invoking toplevel() on ptolemy.moml.MoMLSimpleApplication@46cb811c
----------------- Done invoking toplevel() on ptolemy.moml.MoMLSimpleApplication@46cb811c
reloadAllAccessors: .Expression16
----------------- testing Thu May 10 17:34:57 UTC 2018 /home/travis/build/icyphy/ptII/ptolemy/actor/lib/test/auto/Expression17.xml
----------------- Instantiating /home/travis/build/icyphy/ptII/ptolemy/actor/lib/test/auto/Expression17.xml
3 ms. Memory: 1016832K Free: 480754K (47%)
----------------- Invoking toplevel() on ptolemy.moml.MoMLSimpleApplication@84fa6a0
----------------- Done invoking toplevel() on ptolemy.moml.MoMLSimpleApplication@84fa6a0
reloadAllAccessors: .Expression17
----------------- testing Thu May 10 17:34:57 UTC 2018 /home/travis/build/icyphy/ptII/ptolemy/actor/lib/test/auto/Expression18.xml
----------------- Instantiating /home/travis/build/icyphy/ptII/ptolemy/actor/lib/test/auto/Expression18.xml
1 ms. Memory: 1016832K Free: 464784K (46%)
----------------- Invoking toplevel() on ptolemy.moml.MoMLSimpleApplication@68b45941
----------------- Done invoking toplevel() on ptolemy.moml.MoMLSimpleApplication@68b45941
reloadAllAccessors: .Expression18
----------------- testing Thu May 10 17:34:57 UTC 2018 /home/travis/build/icyphy/ptII/ptolemy/actor/lib/test/auto/Expression2.xml
----------------- Instantiating /home/travis/build/icyphy/ptII/ptolemy/actor/lib/test/auto/Expression2.xml
3 ms. Memory: 1016832K Free: 455593K (45%)
----------------- Invoking toplevel() on ptolemy.moml.MoMLSimpleApplication@7c08171f
----------------- Done invoking toplevel() on ptolemy.moml.MoMLSimpleApplication@7c08171f
reloadAllAccessors: .Expression2
----------------- testing Thu May 10 17:34:57 UTC 2018 /home/travis/build/icyphy/ptII/ptolemy/actor/lib/test/auto/Expression3.xml
----------------- Instantiating /home/travis/build/icyphy/ptII/ptolemy/actor/lib/test/auto/Expression3.xml
3 ms. Memory: 1016832K Free: 446403K (44%)
----------------- Invoking toplevel() on ptolemy.moml.MoMLSimpleApplication@335f3600
----------------- Done invoking toplevel() on ptolemy.moml.MoMLSimpleApplication@335f3600
reloadAllAccessors: .Expression3
----------------- testing Thu May 10 17:34:57 UTC 2018 /home/travis/build/icyphy/ptII/ptolemy/actor/lib/test/auto/Expression4.xml
----------------- Instantiating /home/travis/build/icyphy/ptII/ptolemy/actor/lib/test/auto/Expression4.xml
4 ms. Memory: 1016832K Free: 425829K (42%)
----------------- Invoking toplevel() on ptolemy.moml.MoMLSimpleApplication@362df4ce
----------------- Done invoking toplevel() on ptolemy.moml.MoMLSimpleApplication@362df4ce
reloadAllAccessors: .Expression4
----------------- testing Thu May 10 17:34:57 UTC 2018 /home/travis/build/icyphy/ptII/ptolemy/actor/lib/test/auto/Expression5.xml
----------------- Instantiating /home/travis/build/icyphy/ptII/ptolemy/actor/lib/test/auto/Expression5.xml
2 ms. Memory: 1016832K Free: 416638K (41%)
----------------- Invoking toplevel() on ptolemy.moml.MoMLSimpleApplication@4cb9555e
----------------- Done invoking toplevel() on ptolemy.moml.MoMLSimpleApplication@4cb9555e
reloadAllAccessors: .Expression5
----------------- testing Thu May 10 17:34:57 UTC 2018 /home/travis/build/icyphy/ptII/ptolemy/actor/lib/test/auto/Expression6.xml
----------------- Instantiating /home/travis/build/icyphy/ptII/ptolemy/actor/lib/test/auto/Expression6.xml
2 ms. Memory: 1016832K Free: 407448K (40%)
----------------- Invoking toplevel() on ptolemy.moml.MoMLSimpleApplication@dd72842
----------------- Done invoking toplevel() on ptolemy.moml.MoMLSimpleApplication@dd72842
reloadAllAccessors: .Expression6
----------------- testing Thu May 10 17:34:57 UTC 2018 /home/travis/build/icyphy/ptII/ptolemy/actor/lib/test/auto/Expression7.xml
----------------- Instantiating /home/travis/build/icyphy/ptII/ptolemy/actor/lib/test/auto/Expression7.xml
2 ms. Memory: 1016832K Free: 391477K (38%)
----------------- Invoking toplevel() on ptolemy.moml.MoMLSimpleApplication@27312ca1
----------------- Done invoking toplevel() on ptolemy.moml.MoMLSimpleApplication@27312ca1
reloadAllAccessors: .Expression7
----------------- testing Thu May 10 17:34:57 UTC 2018 /home/travis/build/icyphy/ptII/ptolemy/actor/lib/test/auto/Expression8.xml
----------------- Instantiating /home/travis/build/icyphy/ptII/ptolemy/actor/lib/test/auto/Expression8.xml
3 ms. Memory: 1016832K Free: 382287K (38%)
----------------- Invoking toplevel() on ptolemy.moml.MoMLSimpleApplication@3889ac6d
----------------- Done invoking toplevel() on ptolemy.moml.MoMLSimpleApplication@3889ac6d
reloadAllAccessors: .Expression8
----------------- testing Thu May 10 17:34:57 UTC 2018 /home/travis/build/icyphy/ptII/ptolemy/actor/lib/test/auto/Expression9.xml
----------------- Instantiating /home/travis/build/icyphy/ptII/ptolemy/actor/lib/test/auto/Expression9.xml
1 ms. Memory: 1016832K Free: 373096K (37%)
----------------- Invoking toplevel() on ptolemy.moml.MoMLSimpleApplication@73f1b405
----------------- Done invoking toplevel() on ptolemy.moml.MoMLSimpleApplication@73f1b405
reloadAllAccessors: .Expression9
----------------- testing Thu May 10 17:34:57 UTC 2018 /home/travis/build/icyphy/ptII/ptolemy/actor/lib/test/auto/ExpressionConcatenateArrayType.xml
----------------- Instantiating /home/travis/build/icyphy/ptII/ptolemy/actor/lib/test/auto/ExpressionConcatenateArrayType.xml
2 ms. Memory: 1016832K Free: 352514K (35%)
----------------- Invoking toplevel() on ptolemy.moml.MoMLSimpleApplication@68e16db0
----------------- Done invoking toplevel() on ptolemy.moml.MoMLSimpleApplication@68e16db0
reloadAllAccessors: .ExpressionConcatenateArrayType
----------------- testing Thu May 10 17:34:57 UTC 2018 /home/travis/build/icyphy/ptII/ptolemy/actor/lib/test/auto/ExpressionConcatenateArrayType2.xml
----------------- Instantiating /home/travis/build/icyphy/ptII/ptolemy/actor/lib/test/auto/ExpressionConcatenateArrayType2.xml
1 ms. Memory: 1016832K Free: 338728K (33%)
----------------- Invoking toplevel() on ptolemy.moml.MoMLSimpleApplication@473281f8
----------------- Done invoking toplevel() on ptolemy.moml.MoMLSimpleApplication@473281f8
reloadAllAccessors: .ExpressionConcatenateArrayType2
----------------- testing Thu May 10 17:34:58 UTC 2018 /home/travis/build/icyphy/ptII/ptolemy/actor/lib/test/auto/ExpressionFix.xml
----------------- Instantiating /home/travis/build/icyphy/ptII/ptolemy/actor/lib/test/auto/ExpressionFix.xml
9 ms. Memory: 1016832K Free: 329538K (32%)
----------------- Invoking toplevel() on ptolemy.moml.MoMLSimpleApplication@7edaa95f
----------------- Done invoking toplevel() on ptolemy.moml.MoMLSimpleApplication@7edaa95f
reloadAllAccessors: .ExpressionFix
----------------- testing Thu May 10 17:34:58 UTC 2018 /home/travis/build/icyphy/ptII/ptolemy/actor/lib/test/auto/ExpressionFix2.xml
----------------- Instantiating /home/travis/build/icyphy/ptII/ptolemy/actor/lib/test/auto/ExpressionFix2.xml
2 ms. Memory: 1016832K Free: 313567K (31%)
----------------- Invoking toplevel() on ptolemy.moml.MoMLSimpleApplication@61eedb26
----------------- Done invoking toplevel() on ptolemy.moml.MoMLSimpleApplication@61eedb26
reloadAllAccessors: .ExpressionFix2
----------------- testing Thu May 10 17:34:58 UTC 2018 /home/travis/build/icyphy/ptII/ptolemy/actor/lib/test/auto/ExpressionFix3.xml
----------------- Instantiating /home/travis/build/icyphy/ptII/ptolemy/actor/lib/test/auto/ExpressionFix3.xml
2 ms. Memory: 1016832K Free: 304376K (30%)
----------------- Invoking toplevel() on ptolemy.moml.MoMLSimpleApplication@550c8feb
----------------- Done invoking toplevel() on ptolemy.moml.MoMLSimpleApplication@550c8feb
reloadAllAccessors: .ExpressionFix3
----------------- testing Thu May 10 17:34:58 UTC 2018 /home/travis/build/icyphy/ptII/ptolemy/actor/lib/test/auto/FileWriter1.xml
----------------- Instantiating /home/travis/build/icyphy/ptII/ptolemy/actor/lib/test/auto/FileWriter1.xml
2 ms. Memory: 1016832K Free: 295186K (29%)
----------------- Invoking toplevel() on ptolemy.moml.MoMLSimpleApplication@bc8983
----------------- Done invoking toplevel() on ptolemy.moml.MoMLSimpleApplication@bc8983
reloadAllAccessors: .FileWriter1
----------------- testing Thu May 10 17:34:58 UTC 2018 /home/travis/build/icyphy/ptII/ptolemy/actor/lib/test/auto/FileWriter2.xml
----------------- Instantiating /home/travis/build/icyphy/ptII/ptolemy/actor/lib/test/auto/FileWriter2.xml
3 ms. Memory: 1016832K Free: 279215K (27%)
----------------- Invoking toplevel() on ptolemy.moml.MoMLSimpleApplication@6525df7d
----------------- Done invoking toplevel() on ptolemy.moml.MoMLSimpleApplication@6525df7d
reloadAllAccessors: .FileWriter2
----------------- testing Thu May 10 17:34:58 UTC 2018 /home/travis/build/icyphy/ptII/ptolemy/actor/lib/test/auto/FileWriter3.xml
----------------- Instantiating /home/travis/build/icyphy/ptII/ptolemy/actor/lib/test/auto/FileWriter3.xml
2 ms. Memory: 1016832K Free: 270025K (27%)
----------------- Invoking toplevel() on ptolemy.moml.MoMLSimpleApplication@6c40c13b
----------------- Done invoking toplevel() on ptolemy.moml.MoMLSimpleApplication@6c40c13b
reloadAllAccessors: .FileWriter3
----------------- testing Thu May 10 17:34:58 UTC 2018 /home/travis/build/icyphy/ptII/ptolemy/actor/lib/test/auto/Gaussian.xml
----------------- Instantiating /home/travis/build/icyphy/ptII/ptolemy/actor/lib/test/auto/Gaussian.xml
2 ms. Memory: 1016832K Free: 260834K (26%)
----------------- Invoking toplevel() on ptolemy.moml.MoMLSimpleApplication@3d5e4c8a
----------------- Done invoking toplevel() on ptolemy.moml.MoMLSimpleApplication@3d5e4c8a
reloadAllAccessors: .Gaussian
----------------- testing Thu May 10 17:34:58 UTC 2018 /home/travis/build/icyphy/ptII/ptolemy/actor/lib/test/auto/Gaussian1.xml
----------------- Instantiating /home/travis/build/icyphy/ptII/ptolemy/actor/lib/test/auto/Gaussian1.xml
2 ms. Memory: 1016832K Free: 244863K (24%)
----------------- Invoking toplevel() on ptolemy.moml.MoMLSimpleApplication@46de6876
----------------- Done invoking toplevel() on ptolemy.moml.MoMLSimpleApplication@46de6876
reloadAllAccessors: .Gaussian1
----------------- testing Thu May 10 17:34:58 UTC 2018 /home/travis/build/icyphy/ptII/ptolemy/actor/lib/test/auto/Gaussian2.xml
----------------- Instantiating /home/travis/build/icyphy/ptII/ptolemy/actor/lib/test/auto/Gaussian2.xml
2 ms. Memory: 1016832K Free: 235673K (23%)
----------------- Invoking toplevel() on ptolemy.moml.MoMLSimpleApplication@285319e5
----------------- Done invoking toplevel() on ptolemy.moml.MoMLSimpleApplication@285319e5
reloadAllAccessors: .Gaussian2
----------------- testing Thu May 10 17:34:58 UTC 2018 /home/travis/build/icyphy/ptII/ptolemy/actor/lib/test/auto/GradientAdaptiveLattice.xml
----------------- Instantiating /home/travis/build/icyphy/ptII/ptolemy/actor/lib/test/auto/GradientAdaptiveLattice.xml
2 ms. Memory: 1016832K Free: 226482K (22%)
----------------- Invoking toplevel() on ptolemy.moml.MoMLSimpleApplication@2cd543b4
----------------- Done invoking toplevel() on ptolemy.moml.MoMLSimpleApplication@2cd543b4
reloadAllAccessors: .GradientAdaptiveLattice
----------------- testing Thu May 10 17:34:58 UTC 2018 /home/travis/build/icyphy/ptII/ptolemy/actor/lib/test/auto/IIR.xml
----------------- Instantiating /home/travis/build/icyphy/ptII/ptolemy/actor/lib/test/auto/IIR.xml
2 ms. Memory: 1016832K Free: 210512K (21%)
----------------- Invoking toplevel() on ptolemy.moml.MoMLSimpleApplication@7a6e5486
----------------- Done invoking toplevel() on ptolemy.moml.MoMLSimpleApplication@7a6e5486
reloadAllAccessors: .IIR
----------------- testing Thu May 10 17:34:58 UTC 2018 /home/travis/build/icyphy/ptII/ptolemy/actor/lib/test/auto/InputOutputTransparentPorts.xml
----------------- Instantiating /home/travis/build/icyphy/ptII/ptolemy/actor/lib/test/auto/InputOutputTransparentPorts.xml
1 ms. Memory: 1016832K Free: 196710K (19%)
----------------- Invoking toplevel() on ptolemy.moml.MoMLSimpleApplication@57fa2539
----------------- Done invoking toplevel() on ptolemy.moml.MoMLSimpleApplication@57fa2539
reloadAllAccessors: .InputOutputTransparentPorts
----------------- testing Thu May 10 17:34:58 UTC 2018 /home/travis/build/icyphy/ptII/ptolemy/actor/lib/test/auto/Interpolator.xml
----------------- Instantiating /home/travis/build/icyphy/ptII/ptolemy/actor/lib/test/auto/Interpolator.xml
3 ms. Memory: 1016832K Free: 187519K (18%)
----------------- Invoking toplevel() on ptolemy.moml.MoMLSimpleApplication@3ca6cd0e
----------------- Done invoking toplevel() on ptolemy.moml.MoMLSimpleApplication@3ca6cd0e
reloadAllAccessors: .Interpolator
----------------- testing Thu May 10 17:34:58 UTC 2018 /home/travis/build/icyphy/ptII/ptolemy/actor/lib/test/auto/InterpolatorFiringLimitDE.xml
----------------- Instantiating /home/travis/build/icyphy/ptII/ptolemy/actor/lib/test/auto/InterpolatorFiringLimitDE.xml
2 ms. Memory: 1016832K Free: 171549K (17%)
----------------- Invoking toplevel() on ptolemy.moml.MoMLSimpleApplication@7a9647ac
----------------- Done invoking toplevel() on ptolemy.moml.MoMLSimpleApplication@7a9647ac
reloadAllAccessors: .InterpolatorFiringLimitDE
----------------- testing Thu May 10 17:34:58 UTC 2018 /home/travis/build/icyphy/ptII/ptolemy/actor/lib/test/auto/Lattice.xml
----------------- Instantiating /home/travis/build/icyphy/ptII/ptolemy/actor/lib/test/auto/Lattice.xml
2 ms. Memory: 1016832K Free: 162358K (16%)
----------------- Invoking toplevel() on ptolemy.moml.MoMLSimpleApplication@46053491
----------------- Done invoking toplevel() on ptolemy.moml.MoMLSimpleApplication@46053491
reloadAllAccessors: .Lattice
----------------- testing Thu May 10 17:34:58 UTC 2018 /home/travis/build/icyphy/ptII/ptolemy/actor/lib/test/auto/LazyAOCTestLazy.xml
----------------- Instantiating /home/travis/build/icyphy/ptII/ptolemy/actor/lib/test/auto/LazyAOCTestLazy.xml
7 ms. Memory: 1016832K Free: 153168K (15%)
----------------- Invoking toplevel() on ptolemy.moml.MoMLSimpleApplication@3ff6f9bb
----------------- Done invoking toplevel() on ptolemy.moml.MoMLSimpleApplication@3ff6f9bb
reloadAllAccessors: .LazyAOCTestLazy
----------------- testing Thu May 10 17:34:58 UTC 2018 /home/travis/build/icyphy/ptII/ptolemy/actor/lib/test/auto/LazyAOCTestNonLazy.xml
----------------- Instantiating /home/travis/build/icyphy/ptII/ptolemy/actor/lib/test/auto/LazyAOCTestNonLazy.xml
2 ms. Memory: 1016832K Free: 132602K (13%)
----------------- Invoking toplevel() on ptolemy.moml.MoMLSimpleApplication@26b1bf1b
----------------- Done invoking toplevel() on ptolemy.moml.MoMLSimpleApplication@26b1bf1b
reloadAllAccessors: .LazyAOCTestNonLazy
----------------- testing Thu May 10 17:34:58 UTC 2018 /home/travis/build/icyphy/ptII/ptolemy/actor/lib/test/auto/LazyInnerClass.xml
----------------- Instantiating /home/travis/build/icyphy/ptII/ptolemy/actor/lib/test/auto/LazyInnerClass.xml
13 ms. Memory: 1016832K Free: 118800K (12%)
----------------- Invoking toplevel() on ptolemy.moml.MoMLSimpleApplication@546f49ea
----------------- Done invoking toplevel() on ptolemy.moml.MoMLSimpleApplication@546f49ea
reloadAllAccessors: .LazyInnerClass
----------------- testing Thu May 10 17:34:58 UTC 2018 /home/travis/build/icyphy/ptII/ptolemy/actor/lib/test/auto/LazyPubSub.xml
----------------- Instantiating /home/travis/build/icyphy/ptII/ptolemy/actor/lib/test/auto/LazyPubSub.xml
12 ms. Memory: 1016832K Free: 104998K (10%)
----------------- Invoking toplevel() on ptolemy.moml.MoMLSimpleApplication@680da935
----------------- Done invoking toplevel() on ptolemy.moml.MoMLSimpleApplication@680da935
reloadAllAccessors: .LazyPubSub
----------------- testing Thu May 10 17:34:58 UTC 2018 /home/travis/build/icyphy/ptII/ptolemy/actor/lib/test/auto/LazyPubSub2.xml
----------------- Instantiating /home/travis/build/icyphy/ptII/ptolemy/actor/lib/test/auto/LazyPubSub2.xml
24 ms. Memory: 1016832K Free: 84416K (8%)
----------------- Invoking toplevel() on ptolemy.moml.MoMLSimpleApplication@5982c79c
----------------- Done invoking toplevel() on ptolemy.moml.MoMLSimpleApplication@5982c79c
reloadAllAccessors: .LazyPubSub2
----------------- testing Thu May 10 17:34:58 UTC 2018 /home/travis/build/icyphy/ptII/ptolemy/actor/lib/test/auto/LazyPubSub3.xml
----------------- Instantiating /home/travis/build/icyphy/ptII/ptolemy/actor/lib/test/auto/LazyPubSub3.xml
31 ms. Memory: 1016832K Free: 70623K (7%)
----------------- Invoking toplevel() on ptolemy.moml.MoMLSimpleApplication@343dbfdb
----------------- Done invoking toplevel() on ptolemy.moml.MoMLSimpleApplication@343dbfdb
reloadAllAccessors: .LazyPubSub3
----------------- testing Thu May 10 17:34:58 UTC 2018 /home/travis/build/icyphy/ptII/ptolemy/actor/lib/test/auto/LazySubClassModel.xml
----------------- Instantiating /home/travis/build/icyphy/ptII/ptolemy/actor/lib/test/auto/LazySubClassModel.xml
4 ms. Memory: 1016832K Free: 59229K (6%)
----------------- Invoking toplevel() on ptolemy.moml.MoMLSimpleApplication@1450cfc1
----------------- Done invoking toplevel() on ptolemy.moml.MoMLSimpleApplication@1450cfc1
reloadAllAccessors: .LazySubClassModel
----------------- testing Thu May 10 17:34:58 UTC 2018 /home/travis/build/icyphy/ptII/ptolemy/actor/lib/test/auto/LevelCrossTest1.xml
----------------- Instantiating /home/travis/build/icyphy/ptII/ptolemy/actor/lib/test/auto/LevelCrossTest1.xml
1 ms. Memory: 1042944K Free: 989426K (95%)
----------------- Invoking toplevel() on ptolemy.moml.MoMLSimpleApplication@2cbba4c7
----------------- Done invoking toplevel() on ptolemy.moml.MoMLSimpleApplication@2cbba4c7
reloadAllAccessors: .broken
----------------- testing Thu May 10 17:34:58 UTC 2018 /home/travis/build/icyphy/ptII/ptolemy/actor/lib/test/auto/LevelCrossTest10.xml
----------------- Instantiating /home/travis/build/icyphy/ptII/ptolemy/actor/lib/test/auto/LevelCrossTest10.xml
1 ms. Memory: 1042944K Free: 975525K (94%)
----------------- Invoking toplevel() on ptolemy.moml.MoMLSimpleApplication@127e4395
----------------- Done invoking toplevel() on ptolemy.moml.MoMLSimpleApplication@127e4395
reloadAllAccessors: .LevelCrossTest10
----------------- testing Thu May 10 17:34:58 UTC 2018 /home/travis/build/icyphy/ptII/ptolemy/actor/lib/test/auto/LevelCrossTest11.xml
----------------- Instantiating /home/travis/build/icyphy/ptII/ptolemy/actor/lib/test/auto/LevelCrossTest11.xml
1 ms. Memory: 1042944K Free: 956377K (92%)
----------------- Invoking toplevel() on ptolemy.moml.MoMLSimpleApplication@7beb586
----------------- Done invoking toplevel() on ptolemy.moml.MoMLSimpleApplication@7beb586
reloadAllAccessors: .LevelCrossTest11
----------------- testing Thu May 10 17:34:58 UTC 2018 /home/travis/build/icyphy/ptII/ptolemy/actor/lib/test/auto/LevelCrossTest12.xml
----------------- Instantiating /home/travis/build/icyphy/ptII/ptolemy/actor/lib/test/auto/LevelCrossTest12.xml
1 ms. Memory: 1042944K Free: 942460K (90%)
----------------- Invoking toplevel() on ptolemy.moml.MoMLSimpleApplication@1fc23f5c
----------------- Done invoking toplevel() on ptolemy.moml.MoMLSimpleApplication@1fc23f5c
reloadAllAccessors: .LevelCrossTest12
----------------- testing Thu May 10 17:34:58 UTC 2018 /home/travis/build/icyphy/ptII/ptolemy/actor/lib/test/auto/LevelCrossTest13.xml
----------------- Instantiating /home/travis/build/icyphy/ptII/ptolemy/actor/lib/test/auto/LevelCrossTest13.xml
1 ms. Memory: 1042944K Free: 928551K (89%)
----------------- Invoking toplevel() on ptolemy.moml.MoMLSimpleApplication@10932a02
----------------- Done invoking toplevel() on ptolemy.moml.MoMLSimpleApplication@10932a02
reloadAllAccessors: .LevelCrossTest13
----------------- testing Thu May 10 17:34:58 UTC 2018 /home/travis/build/icyphy/ptII/ptolemy/actor/lib/test/auto/LevelCrossTest2.xml
----------------- Instantiating /home/travis/build/icyphy/ptII/ptolemy/actor/lib/test/auto/LevelCrossTest2.xml
1 ms. Memory: 1042944K Free: 914037K (88%)
----------------- Invoking toplevel() on ptolemy.moml.MoMLSimpleApplication@68609ca4
----------------- Done invoking toplevel() on ptolemy.moml.MoMLSimpleApplication@68609ca4
reloadAllAccessors: .broken
----------------- testing Thu May 10 17:34:58 UTC 2018 /home/travis/build/icyphy/ptII/ptolemy/actor/lib/test/auto/LevelCrossTest3.xml
----------------- Instantiating /home/travis/build/icyphy/ptII/ptolemy/actor/lib/test/auto/LevelCrossTest3.xml
1 ms. Memory: 1042944K Free: 900120K (86%)
----------------- Invoking toplevel() on ptolemy.moml.MoMLSimpleApplication@6f0b4bc4
----------------- Done invoking toplevel() on ptolemy.moml.MoMLSimpleApplication@6f0b4bc4
reloadAllAccessors: .LevelCrossTest3
----------------- testing Thu May 10 17:34:58 UTC 2018 /home/travis/build/icyphy/ptII/ptolemy/actor/lib/test/auto/LevelCrossTest4.xml
----------------- Instantiating /home/travis/build/icyphy/ptII/ptolemy/actor/lib/test/auto/LevelCrossTest4.xml
1 ms. Memory: 1042944K Free: 885606K (85%)
----------------- Invoking toplevel() on ptolemy.moml.MoMLSimpleApplication@11db6c5d
----------------- Done invoking toplevel() on ptolemy.moml.MoMLSimpleApplication@11db6c5d
reloadAllAccessors: .broken
----------------- testing Thu May 10 17:34:58 UTC 2018 /home/travis/build/icyphy/ptII/ptolemy/actor/lib/test/auto/LevelCrossTest5.xml
----------------- Instantiating /home/travis/build/icyphy/ptII/ptolemy/actor/lib/test/auto/LevelCrossTest5.xml
1 ms. Memory: 1042944K Free: 871689K (84%)
----------------- Invoking toplevel() on ptolemy.moml.MoMLSimpleApplication@3c3c7a7d
----------------- Done invoking toplevel() on ptolemy.moml.MoMLSimpleApplication@3c3c7a7d
reloadAllAccessors: .LevelCrossTest5
----------------- testing Thu May 10 17:34:58 UTC 2018 /home/travis/build/icyphy/ptII/ptolemy/actor/lib/test/auto/LevelCrossTest6.xml
----------------- Instantiating /home/travis/build/icyphy/ptII/ptolemy/actor/lib/test/auto/LevelCrossTest6.xml
1 ms. Memory: 1042944K Free: 852541K (82%)
----------------- Invoking toplevel() on ptolemy.moml.MoMLSimpleApplication@54635bc0
----------------- Done invoking toplevel() on ptolemy.moml.MoMLSimpleApplication@54635bc0
reloadAllAccessors: .LevelCrossTest6
----------------- testing Thu May 10 17:34:58 UTC 2018 /home/travis/build/icyphy/ptII/ptolemy/actor/lib/test/auto/LevelCrossTest7.xml
----------------- Instantiating /home/travis/build/icyphy/ptII/ptolemy/actor/lib/test/auto/LevelCrossTest7.xml
1 ms. Memory: 1042944K Free: 838625K (80%)
----------------- Invoking toplevel() on ptolemy.moml.MoMLSimpleApplication@90c023d
----------------- Done invoking toplevel() on ptolemy.moml.MoMLSimpleApplication@90c023d
reloadAllAccessors: .LevelCrossTest7
----------------- testing Thu May 10 17:34:58 UTC 2018 /home/travis/build/icyphy/ptII/ptolemy/actor/lib/test/auto/LevelCrossTest8.xml
----------------- Instantiating /home/travis/build/icyphy/ptII/ptolemy/actor/lib/test/auto/LevelCrossTest8.xml
2 ms. Memory: 1042944K Free: 819477K (79%)
----------------- Invoking toplevel() on ptolemy.moml.MoMLSimpleApplication@534eba2c
----------------- Done invoking toplevel() on ptolemy.moml.MoMLSimpleApplication@534eba2c
reloadAllAccessors: .LevelCrossTest8
----------------- testing Thu May 10 17:34:58 UTC 2018 /home/travis/build/icyphy/ptII/ptolemy/actor/lib/test/auto/LevelCrossTest9.xml
----------------- Instantiating /home/travis/build/icyphy/ptII/ptolemy/actor/lib/test/auto/LevelCrossTest9.xml
2 ms. Memory: 1042944K Free: 805568K (77%)
----------------- Invoking toplevel() on ptolemy.moml.MoMLSimpleApplication@638f6cf0
----------------- Done invoking toplevel() on ptolemy.moml.MoMLSimpleApplication@638f6cf0
reloadAllAccessors: .LevelCrossTest9
----------------- testing Thu May 10 17:34:58 UTC 2018 /home/travis/build/icyphy/ptII/ptolemy/actor/lib/test/auto/LevinsonDurbin.xml
----------------- Instantiating /home/travis/build/icyphy/ptII/ptolemy/actor/lib/test/auto/LevinsonDurbin.xml
1 ms. Memory: 1042944K Free: 796301K (76%)
----------------- Invoking toplevel() on ptolemy.moml.MoMLSimpleApplication@5e0742cd
----------------- Done invoking toplevel() on ptolemy.moml.MoMLSimpleApplication@5e0742cd
reloadAllAccessors: .LevinsonDurbin
----------------- testing Thu May 10 17:34:58 UTC 2018 /home/travis/build/icyphy/ptII/ptolemy/actor/lib/test/auto/LevinsonDurbin2.xml
----------------- Instantiating /home/travis/build/icyphy/ptII/ptolemy/actor/lib/test/auto/LevinsonDurbin2.xml
2 ms. Memory: 1042944K Free: 781787K (75%)
----------------- Invoking toplevel() on ptolemy.moml.MoMLSimpleApplication@77e8319f
----------------- Done invoking toplevel() on ptolemy.moml.MoMLSimpleApplication@77e8319f
reloadAllAccessors: .LevinsonDurbin2
----------------- testing Thu May 10 17:34:58 UTC 2018 /home/travis/build/icyphy/ptII/ptolemy/actor/lib/test/auto/LevinsonDurbin3.xml
----------------- Instantiating /home/travis/build/icyphy/ptII/ptolemy/actor/lib/test/auto/LevinsonDurbin3.xml
1 ms. Memory: 1042944K Free: 772520K (74%)
----------------- Invoking toplevel() on ptolemy.moml.MoMLSimpleApplication@1c6fd319
----------------- Done invoking toplevel() on ptolemy.moml.MoMLSimpleApplication@1c6fd319
reloadAllAccessors: .LevinsonDurbin3
----------------- testing Thu May 10 17:34:58 UTC 2018 /home/travis/build/icyphy/ptII/ptolemy/actor/lib/test/auto/Limiter.xml
----------------- Instantiating /home/travis/build/icyphy/ptII/ptolemy/actor/lib/test/auto/Limiter.xml
4 ms. Memory: 1042944K Free: 753356K (72%)
----------------- Invoking toplevel() on ptolemy.moml.MoMLSimpleApplication@34c0a498
----------------- Done invoking toplevel() on ptolemy.moml.MoMLSimpleApplication@34c0a498
reloadAllAccessors: .Limiter
----------------- testing Thu May 10 17:34:58 UTC 2018 /home/travis/build/icyphy/ptII/ptolemy/actor/lib/test/auto/LinearDifferenceEquationSystem.xml
----------------- Instantiating /home/travis/build/icyphy/ptII/ptolemy/actor/lib/test/auto/LinearDifferenceEquationSystem.xml
2 ms. Memory: 1042944K Free: 739455K (71%)
----------------- Invoking toplevel() on ptolemy.moml.MoMLSimpleApplication@3046d65a
----------------- Done invoking toplevel() on ptolemy.moml.MoMLSimpleApplication@3046d65a
reloadAllAccessors: .LinearDifferenceEquationSystem
----------------- testing Thu May 10 17:34:58 UTC 2018 /home/travis/build/icyphy/ptII/ptolemy/actor/lib/test/auto/LookupTable.xml
----------------- Instantiating /home/travis/build/icyphy/ptII/ptolemy/actor/lib/test/auto/LookupTable.xml
2 ms. Memory: 1042944K Free: 724941K (70%)
----------------- Invoking toplevel() on ptolemy.moml.MoMLSimpleApplication@52c09e0f
----------------- Done invoking toplevel() on ptolemy.moml.MoMLSimpleApplication@52c09e0f
reloadAllAccessors: .LookupTable
----------------- testing Thu May 10 17:34:58 UTC 2018 /home/travis/build/icyphy/ptII/ptolemy/actor/lib/test/auto/MathFunction.xml
----------------- Instantiating /home/travis/build/icyphy/ptII/ptolemy/actor/lib/test/auto/MathFunction.xml
2 ms. Memory: 1042944K Free: 711040K (68%)
----------------- Invoking toplevel() on ptolemy.moml.MoMLSimpleApplication@5491df80
----------------- Done invoking toplevel() on ptolemy.moml.MoMLSimpleApplication@5491df80
reloadAllAccessors: .MathFunction
----------------- testing Thu May 10 17:34:58 UTC 2018 /home/travis/build/icyphy/ptII/ptolemy/actor/lib/test/auto/MathFunction2.xml
----------------- Instantiating /home/travis/build/icyphy/ptII/ptolemy/actor/lib/test/auto/MathFunction2.xml
1 ms. Memory: 1042944K Free: 696526K (67%)
----------------- Invoking toplevel() on ptolemy.moml.MoMLSimpleApplication@2fba3dab
----------------- Done invoking toplevel() on ptolemy.moml.MoMLSimpleApplication@2fba3dab
reloadAllAccessors: .MathFunction2
----------------- testing Thu May 10 17:34:58 UTC 2018 /home/travis/build/icyphy/ptII/ptolemy/actor/lib/test/auto/MathFunction3.xml
----------------- Instantiating /home/travis/build/icyphy/ptII/ptolemy/actor/lib/test/auto/MathFunction3.xml
2 ms. Memory: 1042944K Free: 682617K (65%)
----------------- Invoking toplevel() on ptolemy.moml.MoMLSimpleApplication@715e0a3
----------------- Done invoking toplevel() on ptolemy.moml.MoMLSimpleApplication@715e0a3
reloadAllAccessors: .MathFunction3
----------------- testing Thu May 10 17:34:59 UTC 2018 /home/travis/build/icyphy/ptII/ptolemy/actor/lib/test/auto/MatrixCropBoolean.xml
----------------- Instantiating /home/travis/build/icyphy/ptII/ptolemy/actor/lib/test/auto/MatrixCropBoolean.xml
2 ms. Memory: 1042944K Free: 673350K (65%)
----------------- Invoking toplevel() on ptolemy.moml.MoMLSimpleApplication@3f09dabe
----------------- Done invoking toplevel() on ptolemy.moml.MoMLSimpleApplication@3f09dabe
reloadAllAccessors: .MatrixCropBoolean
----------------- testing Thu May 10 17:34:59 UTC 2018 /home/travis/build/icyphy/ptII/ptolemy/actor/lib/test/auto/MatrixCropComplex.xml
----------------- Instantiating /home/travis/build/icyphy/ptII/ptolemy/actor/lib/test/auto/MatrixCropComplex.xml
2 ms. Memory: 1042944K Free: 658836K (63%)
----------------- Invoking toplevel() on ptolemy.moml.MoMLSimpleApplication@4c24deff
----------------- Done invoking toplevel() on ptolemy.moml.MoMLSimpleApplication@4c24deff
reloadAllAccessors: .MatrixCropComplex
----------------- testing Thu May 10 17:34:59 UTC 2018 /home/travis/build/icyphy/ptII/ptolemy/actor/lib/test/auto/MatrixCropDouble.xml
----------------- Instantiating /home/travis/build/icyphy/ptII/ptolemy/actor/lib/test/auto/MatrixCropDouble.xml
2 ms. Memory: 1042944K Free: 649569K (62%)
----------------- Invoking toplevel() on ptolemy.moml.MoMLSimpleApplication@30b00f74
----------------- Done invoking toplevel() on ptolemy.moml.MoMLSimpleApplication@30b00f74
reloadAllAccessors: .MatrixCropDouble
----------------- testing Thu May 10 17:34:59 UTC 2018 /home/travis/build/icyphy/ptII/ptolemy/actor/lib/test/auto/MatrixCropFix.xml
----------------- Instantiating /home/travis/build/icyphy/ptII/ptolemy/actor/lib/test/auto/MatrixCropFix.xml
2 ms. Memory: 1042944K Free: 635055K (61%)
----------------- Invoking toplevel() on ptolemy.moml.MoMLSimpleApplication@117c109f
----------------- Done invoking toplevel() on ptolemy.moml.MoMLSimpleApplication@117c109f
reloadAllAccessors: .MatrixCropFix
----------------- testing Thu May 10 17:34:59 UTC 2018 /home/travis/build/icyphy/ptII/ptolemy/actor/lib/test/auto/MatrixCropInt.xml
----------------- Instantiating /home/travis/build/icyphy/ptII/ptolemy/actor/lib/test/auto/MatrixCropInt.xml
2 ms. Memory: 1042944K Free: 625788K (60%)
----------------- Invoking toplevel() on ptolemy.moml.MoMLSimpleApplication@349fad56
----------------- Done invoking toplevel() on ptolemy.moml.MoMLSimpleApplication@349fad56
reloadAllAccessors: .MatrixCropInt
----------------- testing Thu May 10 17:34:59 UTC 2018 /home/travis/build/icyphy/ptII/ptolemy/actor/lib/test/auto/MatrixCropLong.xml
----------------- Instantiating /home/travis/build/icyphy/ptII/ptolemy/actor/lib/test/auto/MatrixCropLong.xml
2 ms. Memory: 1042944K Free: 611274K (59%)
----------------- Invoking toplevel() on ptolemy.moml.MoMLSimpleApplication@632d917
----------------- Done invoking toplevel() on ptolemy.moml.MoMLSimpleApplication@632d917
reloadAllAccessors: .MatrixCropLong
----------------- testing Thu May 10 17:34:59 UTC 2018 /home/travis/build/icyphy/ptII/ptolemy/actor/lib/test/auto/MatrixToArray.xml
----------------- Instantiating /home/travis/build/icyphy/ptII/ptolemy/actor/lib/test/auto/MatrixToArray.xml
6 ms. Memory: 1042944K Free: 592724K (57%)
----------------- Invoking toplevel() on ptolemy.moml.MoMLSimpleApplication@436d3ce1
----------------- Done invoking toplevel() on ptolemy.moml.MoMLSimpleApplication@436d3ce1
reloadAllAccessors: .MatrixToArray
----------------- testing Thu May 10 17:34:59 UTC 2018 /home/travis/build/icyphy/ptII/ptolemy/actor/lib/test/auto/MaxIndex.xml
----------------- Instantiating /home/travis/build/icyphy/ptII/ptolemy/actor/lib/test/auto/MaxIndex.xml
2 ms. Memory: 1042944K Free: 578210K (55%)
----------------- Invoking toplevel() on ptolemy.moml.MoMLSimpleApplication@532d7181
----------------- Done invoking toplevel() on ptolemy.moml.MoMLSimpleApplication@532d7181
reloadAllAccessors: .MaxIndex
----------------- testing Thu May 10 17:34:59 UTC 2018 /home/travis/build/icyphy/ptII/ptolemy/actor/lib/test/auto/Maximum.xml
----------------- Instantiating /home/travis/build/icyphy/ptII/ptolemy/actor/lib/test/auto/Maximum.xml
2 ms. Memory: 1042944K Free: 568943K (55%)
----------------- Invoking toplevel() on ptolemy.moml.MoMLSimpleApplication@2e749dee
----------------- Done invoking toplevel() on ptolemy.moml.MoMLSimpleApplication@2e749dee
reloadAllAccessors: .Maximum
----------------- testing Thu May 10 17:34:59 UTC 2018 /home/travis/build/icyphy/ptII/ptolemy/actor/lib/test/auto/MaximumComplex.xml
----------------- Instantiating /home/travis/build/icyphy/ptII/ptolemy/actor/lib/test/auto/MaximumComplex.xml
4 ms. Memory: 1042944K Free: 559676K (54%)
----------------- Invoking toplevel() on ptolemy.moml.MoMLSimpleApplication@33406765
----------------- Done invoking toplevel() on ptolemy.moml.MoMLSimpleApplication@33406765
reloadAllAccessors: .MaximumComplex
----------------- testing Thu May 10 17:34:59 UTC 2018 /home/travis/build/icyphy/ptII/ptolemy/actor/lib/test/auto/MethodCallTest.xml
----------------- Instantiating /home/travis/build/icyphy/ptII/ptolemy/actor/lib/test/auto/MethodCallTest.xml
2 ms. Memory: 1042944K Free: 540512K (52%)
----------------- Invoking toplevel() on ptolemy.moml.MoMLSimpleApplication@27b1041e
----------------- Done invoking toplevel() on ptolemy.moml.MoMLSimpleApplication@27b1041e
reloadAllAccessors: .MethodCallTest
----------------- testing Thu May 10 17:34:59 UTC 2018 /home/travis/build/icyphy/ptII/ptolemy/actor/lib/test/auto/Minimum.xml
----------------- Instantiating /home/travis/build/icyphy/ptII/ptolemy/actor/lib/test/auto/Minimum.xml
2 ms. Memory: 1042944K Free: 531245K (51%)
----------------- Invoking toplevel() on ptolemy.moml.MoMLSimpleApplication@415f6c40
----------------- Done invoking toplevel() on ptolemy.moml.MoMLSimpleApplication@415f6c40
reloadAllAccessors: .Minimum
----------------- testing Thu May 10 17:34:59 UTC 2018 /home/travis/build/icyphy/ptII/ptolemy/actor/lib/test/auto/MinimumComplex.xml
----------------- Instantiating /home/travis/build/icyphy/ptII/ptolemy/actor/lib/test/auto/MinimumComplex.xml
3 ms. Memory: 1042944K Free: 516731K (50%)
----------------- Invoking toplevel() on ptolemy.moml.MoMLSimpleApplication@742c0cb8
----------------- Done invoking toplevel() on ptolemy.moml.MoMLSimpleApplication@742c0cb8
reloadAllAccessors: .MinimumComplex
----------------- testing Thu May 10 17:34:59 UTC 2018 /home/travis/build/icyphy/ptII/ptolemy/actor/lib/test/auto/MinimumMultiports.xml
----------------- Instantiating /home/travis/build/icyphy/ptII/ptolemy/actor/lib/test/auto/MinimumMultiports.xml
3 ms. Memory: 1042944K Free: 502822K (48%)
----------------- Invoking toplevel() on ptolemy.moml.MoMLSimpleApplication@1dfd2b78
----------------- Done invoking toplevel() on ptolemy.moml.MoMLSimpleApplication@1dfd2b78
reloadAllAccessors: .MinimumMultiports
----------------- testing Thu May 10 17:34:59 UTC 2018 /home/travis/build/icyphy/ptII/ptolemy/actor/lib/test/auto/ModifyDate.xml
----------------- Instantiating /home/travis/build/icyphy/ptII/ptolemy/actor/lib/test/auto/ModifyDate.xml
13 ms. Memory: 1042944K Free: 479025K (46%)
----------------- Invoking toplevel() on ptolemy.moml.MoMLSimpleApplication@3b3edaf6
----------------- Done invoking toplevel() on ptolemy.moml.MoMLSimpleApplication@3b3edaf6
reloadAllAccessors: .ModifyDate
----------------- testing Thu May 10 17:34:59 UTC 2018 /home/travis/build/icyphy/ptII/ptolemy/actor/lib/test/auto/ModifyDate2.xml
----------------- Instantiating /home/travis/build/icyphy/ptII/ptolemy/actor/lib/test/auto/ModifyDate2.xml
5 ms. Memory: 1042944K Free: 465124K (45%)
----------------- Invoking toplevel() on ptolemy.moml.MoMLSimpleApplication@598e6c0c
----------------- Done invoking toplevel() on ptolemy.moml.MoMLSimpleApplication@598e6c0c
reloadAllAccessors: .ModifyDate2
----------------- testing Thu May 10 17:34:59 UTC 2018 /home/travis/build/icyphy/ptII/ptolemy/actor/lib/test/auto/MovingAverage.xml
----------------- Instantiating /home/travis/build/icyphy/ptII/ptolemy/actor/lib/test/auto/MovingAverage.xml
1 ms. Memory: 1042944K Free: 450610K (43%)
----------------- Invoking toplevel() on ptolemy.moml.MoMLSimpleApplication@5de75c79
----------------- Done invoking toplevel() on ptolemy.moml.MoMLSimpleApplication@5de75c79
reloadAllAccessors: .MovingAverage
----------------- testing Thu May 10 17:34:59 UTC 2018 /home/travis/build/icyphy/ptII/ptolemy/actor/lib/test/auto/MovingMaximum.xml
----------------- Instantiating /home/travis/build/icyphy/ptII/ptolemy/actor/lib/test/auto/MovingMaximum.xml
2 ms. Memory: 1042944K Free: 441343K (42%)
----------------- Invoking toplevel() on ptolemy.moml.MoMLSimpleApplication@2e7866a5
----------------- Done invoking toplevel() on ptolemy.moml.MoMLSimpleApplication@2e7866a5
reloadAllAccessors: .MovingMaximum
----------------- testing Thu May 10 17:34:59 UTC 2018 /home/travis/build/icyphy/ptII/ptolemy/actor/lib/test/auto/MultipleLinksToSameRelation.xml
----------------- Instantiating /home/travis/build/icyphy/ptII/ptolemy/actor/lib/test/auto/MultipleLinksToSameRelation.xml
2 ms. Memory: 1042944K Free: 426830K (41%)
----------------- Invoking toplevel() on ptolemy.moml.MoMLSimpleApplication@5784f599
----------------- Done invoking toplevel() on ptolemy.moml.MoMLSimpleApplication@5784f599
reloadAllAccessors: .MultipleLinksToSameRelation
----------------- testing Thu May 10 17:34:59 UTC 2018 /home/travis/build/icyphy/ptII/ptolemy/actor/lib/test/auto/MultipleLinksToSameRelationDE.xml
----------------- Instantiating /home/travis/build/icyphy/ptII/ptolemy/actor/lib/test/auto/MultipleLinksToSameRelationDE.xml
1 ms. Memory: 1042944K Free: 417562K (40%)
----------------- Invoking toplevel() on ptolemy.moml.MoMLSimpleApplication@653e0481
----------------- Done invoking toplevel() on ptolemy.moml.MoMLSimpleApplication@653e0481
reloadAllAccessors: .MultipleLinksToSameRelationDE
----------------- testing Thu May 10 17:34:59 UTC 2018 /home/travis/build/icyphy/ptII/ptolemy/actor/lib/test/auto/Multiplexor.xml
----------------- Instantiating /home/travis/build/icyphy/ptII/ptolemy/actor/lib/test/auto/Multiplexor.xml
1 ms. Memory: 1042944K Free: 408295K (39%)
----------------- Invoking toplevel() on ptolemy.moml.MoMLSimpleApplication@4aaee173
----------------- Done invoking toplevel() on ptolemy.moml.MoMLSimpleApplication@4aaee173
reloadAllAccessors: .Multiplexor
----------------- testing Thu May 10 17:34:59 UTC 2018 /home/travis/build/icyphy/ptII/ptolemy/actor/lib/test/auto/Multiplexor1.xml
----------------- Instantiating /home/travis/build/icyphy/ptII/ptolemy/actor/lib/test/auto/Multiplexor1.xml
2 ms. Memory: 1042944K Free: 393781K (38%)
----------------- Invoking toplevel() on ptolemy.moml.MoMLSimpleApplication@77d158bc
----------------- Done invoking toplevel() on ptolemy.moml.MoMLSimpleApplication@77d158bc
reloadAllAccessors: .Multiplexor1
----------------- testing Thu May 10 17:34:59 UTC 2018 /home/travis/build/icyphy/ptII/ptolemy/actor/lib/test/auto/Multiplexor2.xml
----------------- Instantiating /home/travis/build/icyphy/ptII/ptolemy/actor/lib/test/auto/Multiplexor2.xml
2 ms. Memory: 1042944K Free: 384514K (37%)
----------------- Invoking toplevel() on ptolemy.moml.MoMLSimpleApplication@fe91da8
----------------- Done invoking toplevel() on ptolemy.moml.MoMLSimpleApplication@fe91da8
reloadAllAccessors: .Multiplexor2
----------------- testing Thu May 10 17:34:59 UTC 2018 /home/travis/build/icyphy/ptII/ptolemy/actor/lib/test/auto/Multiplexor3.xml
----------------- Instantiating /home/travis/build/icyphy/ptII/ptolemy/actor/lib/test/auto/Multiplexor3.xml
1 ms. Memory: 1042944K Free: 370001K (35%)
----------------- Invoking toplevel() on ptolemy.moml.MoMLSimpleApplication@5bfec5cd
----------------- Done invoking toplevel() on ptolemy.moml.MoMLSimpleApplication@5bfec5cd
reloadAllAccessors: .Multiplexor3
----------------- testing Thu May 10 17:34:59 UTC 2018 /home/travis/build/icyphy/ptII/ptolemy/actor/lib/test/auto/MultiplexorDE.xml
----------------- Instantiating /home/travis/build/icyphy/ptII/ptolemy/actor/lib/test/auto/MultiplexorDE.xml
2 ms. Memory: 1042944K Free: 356084K (34%)
----------------- Invoking toplevel() on ptolemy.moml.MoMLSimpleApplication@2584ee34
----------------- Done invoking toplevel() on ptolemy.moml.MoMLSimpleApplication@2584ee34
reloadAllAccessors: .MultiplexorDE
----------------- testing Thu May 10 17:34:59 UTC 2018 /home/travis/build/icyphy/ptII/ptolemy/actor/lib/test/auto/MultiportBroadcastTest.xml
----------------- Instantiating /home/travis/build/icyphy/ptII/ptolemy/actor/lib/test/auto/MultiportBroadcastTest.xml
74 ms. Memory: 1042944K Free: 341570K (33%)
----------------- Invoking toplevel() on ptolemy.moml.MoMLSimpleApplication@69e8f092
----------------- Done invoking toplevel() on ptolemy.moml.MoMLSimpleApplication@69e8f092
reloadAllAccessors: .MultiportBroadcastTest
----------------- testing Thu May 10 17:34:59 UTC 2018 /home/travis/build/icyphy/ptII/ptolemy/actor/lib/test/auto/MultiportOutHangDuringGetWidth.xml
----------------- Instantiating /home/travis/build/icyphy/ptII/ptolemy/actor/lib/test/auto/MultiportOutHangDuringGetWidth.xml
5 ms. Memory: 1042944K Free: 323019K (31%)
----------------- Invoking toplevel() on ptolemy.moml.MoMLSimpleApplication@321e2fad
----------------- Done invoking toplevel() on ptolemy.moml.MoMLSimpleApplication@321e2fad
reloadAllAccessors: .MultiportOutHangDuringGetWidth
----------------- testing Thu May 10 17:34:59 UTC 2018 /home/travis/build/icyphy/ptII/ptolemy/actor/lib/test/auto/NilToken.xml
----------------- Instantiating /home/travis/build/icyphy/ptII/ptolemy/actor/lib/test/auto/NilToken.xml
1 ms. Memory: 1042944K Free: 308505K (30%)
----------------- Invoking toplevel() on ptolemy.moml.MoMLSimpleApplication@2bf84266
----------------- Done invoking toplevel() on ptolemy.moml.MoMLSimpleApplication@2bf84266
reloadAllAccessors: .NilToken
----------------- testing Thu May 10 17:34:59 UTC 2018 /home/travis/build/icyphy/ptII/ptolemy/actor/lib/test/auto/NilTokenNonStrictTest.xml
----------------- Instantiating /home/travis/build/icyphy/ptII/ptolemy/actor/lib/test/auto/NilTokenNonStrictTest.xml
2 ms. Memory: 1042944K Free: 299238K (29%)
----------------- Invoking toplevel() on ptolemy.moml.MoMLSimpleApplication@7bb73d71
----------------- Done invoking toplevel() on ptolemy.moml.MoMLSimpleApplication@7bb73d71
reloadAllAccessors: .NilTokenNonStrictTest
----------------- testing Thu May 10 17:34:59 UTC 2018 /home/travis/build/icyphy/ptII/ptolemy/actor/lib/test/auto/NilTokenRecord.xml
----------------- Instantiating /home/travis/build/icyphy/ptII/ptolemy/actor/lib/test/auto/NilTokenRecord.xml
5 ms. Memory: 1042944K Free: 289971K (28%)
----------------- Invoking toplevel() on ptolemy.moml.MoMLSimpleApplication@74cd711e
----------------- Done invoking toplevel() on ptolemy.moml.MoMLSimpleApplication@74cd711e
reloadAllAccessors: .NilTokenRecord
----------------- testing Thu May 10 17:34:59 UTC 2018 /home/travis/build/icyphy/ptII/ptolemy/actor/lib/test/auto/NilTokenTypeTest.xml
----------------- Instantiating /home/travis/build/icyphy/ptII/ptolemy/actor/lib/test/auto/NilTokenTypeTest.xml
3 ms. Memory: 1042944K Free: 270807K (26%)
----------------- Invoking toplevel() on ptolemy.moml.MoMLSimpleApplication@34009e67
----------------- Done invoking toplevel() on ptolemy.moml.MoMLSimpleApplication@34009e67
reloadAllAccessors: .NilTokenTypeTest
----------------- testing Thu May 10 17:34:59 UTC 2018 /home/travis/build/icyphy/ptII/ptolemy/actor/lib/test/auto/ObjectToken1.xml
----------------- Instantiating /home/travis/build/icyphy/ptII/ptolemy/actor/lib/test/auto/ObjectToken1.xml
1 ms. Memory: 1042944K Free: 261540K (25%)
----------------- Invoking toplevel() on ptolemy.moml.MoMLSimpleApplication@21bee3e0
----------------- Done invoking toplevel() on ptolemy.moml.MoMLSimpleApplication@21bee3e0
reloadAllAccessors: .ObjectToken1
----------------- testing Thu May 10 17:34:59 UTC 2018 /home/travis/build/icyphy/ptII/ptolemy/actor/lib/test/auto/OrderedMerge.xml
----------------- Instantiating /home/travis/build/icyphy/ptII/ptolemy/actor/lib/test/auto/OrderedMerge.xml
5 ms. Memory: 1042944K Free: 228492K (22%)
----------------- Invoking toplevel() on ptolemy.moml.MoMLSimpleApplication@7cad4836
----------------- Done invoking toplevel() on ptolemy.moml.MoMLSimpleApplication@7cad4836
reloadAllAccessors: .OrderedMerge
----------------- testing Thu May 10 17:34:59 UTC 2018 /home/travis/build/icyphy/ptII/ptolemy/actor/lib/test/auto/OrderedRecordDisassembler.xml
----------------- Instantiating /home/travis/build/icyphy/ptII/ptolemy/actor/lib/test/auto/OrderedRecordDisassembler.xml
3 ms. Memory: 1042944K Free: 219225K (21%)
----------------- Invoking toplevel() on ptolemy.moml.MoMLSimpleApplication@9c2d602
----------------- Done invoking toplevel() on ptolemy.moml.MoMLSimpleApplication@9c2d602
reloadAllAccessors: .OrderedRecordDisassembler
----------------- testing Thu May 10 17:34:59 UTC 2018 /home/travis/build/icyphy/ptII/ptolemy/actor/lib/test/auto/OrderedRecordDisassembler2.xml
----------------- Instantiating /home/travis/build/icyphy/ptII/ptolemy/actor/lib/test/auto/OrderedRecordDisassembler2.xml
3 ms. Memory: 1042944K Free: 200061K (19%)
----------------- Invoking toplevel() on ptolemy.moml.MoMLSimpleApplication@5e9f2f31
----------------- Done invoking toplevel() on ptolemy.moml.MoMLSimpleApplication@5e9f2f31
reloadAllAccessors: .OrderedRecordDisassembler2
----------------- testing Thu May 10 17:34:59 UTC 2018 /home/travis/build/icyphy/ptII/ptolemy/actor/lib/test/auto/OrderedRecordUpdater.xml
----------------- Instantiating /home/travis/build/icyphy/ptII/ptolemy/actor/lib/test/auto/OrderedRecordUpdater.xml
2 ms. Memory: 1042944K Free: 190794K (18%)
----------------- Invoking toplevel() on ptolemy.moml.MoMLSimpleApplication@205f8ed4
----------------- Done invoking toplevel() on ptolemy.moml.MoMLSimpleApplication@205f8ed4
reloadAllAccessors: .RecordUpdater
----------------- testing Thu May 10 17:34:59 UTC 2018 /home/travis/build/icyphy/ptII/ptolemy/actor/lib/test/auto/OrderedRecordUpdater2.xml
----------------- Instantiating /home/travis/build/icyphy/ptII/ptolemy/actor/lib/test/auto/OrderedRecordUpdater2.xml
2 ms. Memory: 1042944K Free: 176280K (17%)
----------------- Invoking toplevel() on ptolemy.moml.MoMLSimpleApplication@36b97413
----------------- Done invoking toplevel() on ptolemy.moml.MoMLSimpleApplication@36b97413
reloadAllAccessors: .RecordUpdater2
----------------- testing Thu May 10 17:34:59 UTC 2018 /home/travis/build/icyphy/ptII/ptolemy/actor/lib/test/auto/PhaseUnwrap.xml
----------------- Instantiating /home/travis/build/icyphy/ptII/ptolemy/actor/lib/test/auto/PhaseUnwrap.xml
1 ms. Memory: 1042944K Free: 167013K (16%)
----------------- Invoking toplevel() on ptolemy.moml.MoMLSimpleApplication@3c3b3e85
----------------- Done invoking toplevel() on ptolemy.moml.MoMLSimpleApplication@3c3b3e85
reloadAllAccessors: .PhaseUnwrap
----------------- testing Thu May 10 17:34:59 UTC 2018 /home/travis/build/icyphy/ptII/ptolemy/actor/lib/test/auto/PoissonClock.xml
----------------- Instantiating /home/travis/build/icyphy/ptII/ptolemy/actor/lib/test/auto/PoissonClock.xml
2 ms. Memory: 1042944K Free: 152499K (15%)
----------------- Invoking toplevel() on ptolemy.moml.MoMLSimpleApplication@2cd0f213
----------------- Done invoking toplevel() on ptolemy.moml.MoMLSimpleApplication@2cd0f213
reloadAllAccessors: .PoissonClock
----------------- testing Thu May 10 17:34:59 UTC 2018 /home/travis/build/icyphy/ptII/ptolemy/actor/lib/test/auto/PoissonClock2.xml
----------------- Instantiating /home/travis/build/icyphy/ptII/ptolemy/actor/lib/test/auto/PoissonClock2.xml
2 ms. Memory: 1042944K Free: 143232K (14%)
----------------- Invoking toplevel() on ptolemy.moml.MoMLSimpleApplication@55257c18
----------------- Done invoking toplevel() on ptolemy.moml.MoMLSimpleApplication@55257c18
reloadAllAccessors: .PoissonClock2
----------------- testing Thu May 10 17:34:59 UTC 2018 /home/travis/build/icyphy/ptII/ptolemy/actor/lib/test/auto/PoissonClock3.xml
----------------- Instantiating /home/travis/build/icyphy/ptII/ptolemy/actor/lib/test/auto/PoissonClock3.xml
2 ms. Memory: 1042944K Free: 133965K (13%)
----------------- Invoking toplevel() on ptolemy.moml.MoMLSimpleApplication@42a86512
----------------- Done invoking toplevel() on ptolemy.moml.MoMLSimpleApplication@42a86512
reloadAllAccessors: .PoissonClock3
----------------- testing Thu May 10 17:34:59 UTC 2018 /home/travis/build/icyphy/ptII/ptolemy/actor/lib/test/auto/PubSubWithInitialTokens.xml
----------------- Instantiating /home/travis/build/icyphy/ptII/ptolemy/actor/lib/test/auto/PubSubWithInitialTokens.xml
2 ms. Memory: 1042944K Free: 119451K (11%)
----------------- Invoking toplevel() on ptolemy.moml.MoMLSimpleApplication@2a9a8446
----------------- Done invoking toplevel() on ptolemy.moml.MoMLSimpleApplication@2a9a8446
reloadAllAccessors: .PubSubWithInitialTokens
----------------- testing Thu May 10 17:34:59 UTC 2018 /home/travis/build/icyphy/ptII/ptolemy/actor/lib/test/auto/PubSubWithInitialTokens2.xml
----------------- Instantiating /home/travis/build/icyphy/ptII/ptolemy/actor/lib/test/auto/PubSubWithInitialTokens2.xml
2 ms. Memory: 1042944K Free: 110184K (11%)
----------------- Invoking toplevel() on ptolemy.moml.MoMLSimpleApplication@56692646
----------------- Done invoking toplevel() on ptolemy.moml.MoMLSimpleApplication@56692646
reloadAllAccessors: .PubSubWithInitialTokens2
----------------- testing Thu May 10 17:35:00 UTC 2018 /home/travis/build/icyphy/ptII/ptolemy/actor/lib/test/auto/PublisherClassNoParameter.xml
----------------- Instantiating /home/travis/build/icyphy/ptII/ptolemy/actor/lib/test/auto/PublisherClassNoParameter.xml
2 ms. Memory: 1042944K Free: 91036K (9%)
----------------- Invoking toplevel() on ptolemy.moml.MoMLSimpleApplication@2a190552
----------------- Done invoking toplevel() on ptolemy.moml.MoMLSimpleApplication@2a190552
reloadAllAccessors: .PublisherClassNoParameter
----------------- testing Thu May 10 17:35:00 UTC 2018 /home/travis/build/icyphy/ptII/ptolemy/actor/lib/test/auto/PublisherClassParameter.xml
----------------- Instantiating /home/travis/build/icyphy/ptII/ptolemy/actor/lib/test/auto/PublisherClassParameter.xml
2 ms. Memory: 1042944K Free: 77301K (7%)
----------------- Invoking toplevel() on ptolemy.moml.MoMLSimpleApplication@74453dff
----------------- Done invoking toplevel() on ptolemy.moml.MoMLSimpleApplication@74453dff
reloadAllAccessors: .PublisherClassParameter
----------------- testing Thu May 10 17:35:00 UTC 2018 /home/travis/build/icyphy/ptII/ptolemy/actor/lib/test/auto/PublisherNonStrictTest.xml
----------------- Instantiating /home/travis/build/icyphy/ptII/ptolemy/actor/lib/test/auto/PublisherNonStrictTest.xml
5 ms. Memory: 1149952K Free: 1091673K (95%)
----------------- Invoking toplevel() on ptolemy.moml.MoMLSimpleApplication@6eb7dea9
----------------- Done invoking toplevel() on ptolemy.moml.MoMLSimpleApplication@6eb7dea9
reloadAllAccessors: .PublisherNonStrictTest
----------------- testing Thu May 10 17:35:00 UTC 2018 /home/travis/build/icyphy/ptII/ptolemy/actor/lib/test/auto/PublisherPort1.xml
----------------- Instantiating /home/travis/build/icyphy/ptII/ptolemy/actor/lib/test/auto/PublisherPort1.xml
2 ms. Memory: 1149952K Free: 1077747K (94%)
----------------- Invoking toplevel() on ptolemy.moml.MoMLSimpleApplication@75adc266
----------------- Done invoking toplevel() on ptolemy.moml.MoMLSimpleApplication@75adc266
reloadAllAccessors: .PublisherPort1
----------------- testing Thu May 10 17:35:00 UTC 2018 /home/travis/build/icyphy/ptII/ptolemy/actor/lib/test/auto/PublisherPort2.xml
----------------- Instantiating /home/travis/build/icyphy/ptII/ptolemy/actor/lib/test/auto/PublisherPort2.xml
2 ms. Memory: 1149952K Free: 1058735K (92%)
----------------- Invoking toplevel() on ptolemy.moml.MoMLSimpleApplication@1dd454c1
----------------- Done invoking toplevel() on ptolemy.moml.MoMLSimpleApplication@1dd454c1
reloadAllAccessors: .PublisherPort2
----------------- testing Thu May 10 17:35:00 UTC 2018 /home/travis/build/icyphy/ptII/ptolemy/actor/lib/test/auto/PublisherPort3.xml
----------------- Instantiating /home/travis/build/icyphy/ptII/ptolemy/actor/lib/test/auto/PublisherPort3.xml
3 ms. Memory: 1149952K Free: 1044808K (91%)
----------------- Invoking toplevel() on ptolemy.moml.MoMLSimpleApplication@7c707ecf
----------------- Done invoking toplevel() on ptolemy.moml.MoMLSimpleApplication@7c707ecf
reloadAllAccessors: .PublisherPort3
----------------- testing Thu May 10 17:35:00 UTC 2018 /home/travis/build/icyphy/ptII/ptolemy/actor/lib/test/auto/PublisherPort4.xml
----------------- Instantiating /home/travis/build/icyphy/ptII/ptolemy/actor/lib/test/auto/PublisherPort4.xml
2 ms. Memory: 1149952K Free: 1025796K (89%)
----------------- Invoking toplevel() on ptolemy.moml.MoMLSimpleApplication@2bd8e143
----------------- Done invoking toplevel() on ptolemy.moml.MoMLSimpleApplication@2bd8e143
reloadAllAccessors: .PublisherPort4
----------------- testing Thu May 10 17:35:00 UTC 2018 /home/travis/build/icyphy/ptII/ptolemy/actor/lib/test/auto/PublisherPort5.xml
----------------- Instantiating /home/travis/build/icyphy/ptII/ptolemy/actor/lib/test/auto/PublisherPort5.xml
3 ms. Memory: 1149952K Free: 1011870K (88%)
----------------- Invoking toplevel() on ptolemy.moml.MoMLSimpleApplication@39f8f13
----------------- Done invoking toplevel() on ptolemy.moml.MoMLSimpleApplication@39f8f13
reloadAllAccessors: .PublisherPort5
----------------- testing Thu May 10 17:35:00 UTC 2018 /home/travis/build/icyphy/ptII/ptolemy/actor/lib/test/auto/PublisherPort5LookAlike.xml
----------------- Instantiating /home/travis/build/icyphy/ptII/ptolemy/actor/lib/test/auto/PublisherPort5LookAlike.xml
3 ms. Memory: 1149952K Free: 992858K (86%)
----------------- Invoking toplevel() on ptolemy.moml.MoMLSimpleApplication@3ec8c0ff
----------------- Done invoking toplevel() on ptolemy.moml.MoMLSimpleApplication@3ec8c0ff
reloadAllAccessors: .PublisherPort5LookAlike
----------------- testing Thu May 10 17:35:00 UTC 2018 /home/travis/build/icyphy/ptII/ptolemy/actor/lib/test/auto/PublisherPort6.xml
----------------- Instantiating /home/travis/build/icyphy/ptII/ptolemy/actor/lib/test/auto/PublisherPort6.xml
2 ms. Memory: 1149952K Free: 978872K (85%)
----------------- Invoking toplevel() on ptolemy.moml.MoMLSimpleApplication@7558257e
----------------- Done invoking toplevel() on ptolemy.moml.MoMLSimpleApplication@7558257e
reloadAllAccessors: .PublisherPort6
----------------- testing Thu May 10 17:35:00 UTC 2018 /home/travis/build/icyphy/ptII/ptolemy/actor/lib/test/auto/PublisherPort7.xml
----------------- Instantiating /home/travis/build/icyphy/ptII/ptolemy/actor/lib/test/auto/PublisherPort7.xml
4 ms. Memory: 1149952K Free: 959860K (83%)
----------------- Invoking toplevel() on ptolemy.moml.MoMLSimpleApplication@5619619b
----------------- Done invoking toplevel() on ptolemy.moml.MoMLSimpleApplication@5619619b
reloadAllAccessors: .PublisherPort7
----------------- testing Thu May 10 17:35:00 UTC 2018 /home/travis/build/icyphy/ptII/ptolemy/actor/lib/test/auto/PublisherPort8.xml
----------------- Instantiating /home/travis/build/icyphy/ptII/ptolemy/actor/lib/test/auto/PublisherPort8.xml
4 ms. Memory: 1149952K Free: 945934K (82%)
----------------- Invoking toplevel() on ptolemy.moml.MoMLSimpleApplication@7281273c
----------------- Done invoking toplevel() on ptolemy.moml.MoMLSimpleApplication@7281273c
reloadAllAccessors: .PublisherPort8
----------------- testing Thu May 10 17:35:00 UTC 2018 /home/travis/build/icyphy/ptII/ptolemy/actor/lib/test/auto/PublisherPortSubscriberChannelVariablesAOC2.xml
----------------- Instantiating /home/travis/build/icyphy/ptII/ptolemy/actor/lib/test/auto/PublisherPortSubscriberChannelVariablesAOC2.xml
3 ms. Memory: 1149952K Free: 912964K (79%)
----------------- Invoking toplevel() on ptolemy.moml.MoMLSimpleApplication@618cf001
----------------- Done invoking toplevel() on ptolemy.moml.MoMLSimpleApplication@618cf001
reloadAllAccessors: .PublisherPortSubscriberChannelVariablesAOC2
----------------- testing Thu May 10 17:35:00 UTC 2018 /home/travis/build/icyphy/ptII/ptolemy/actor/lib/test/auto/PublisherPortSubscriberOpaqueWidthInference.xml
----------------- Instantiating /home/travis/build/icyphy/ptII/ptolemy/actor/lib/test/auto/PublisherPortSubscriberOpaqueWidthInference.xml
4 ms. Memory: 1149952K Free: 899037K (78%)
----------------- Invoking toplevel() on ptolemy.moml.MoMLSimpleApplication@36e6077
----------------- Done invoking toplevel() on ptolemy.moml.MoMLSimpleApplication@36e6077
reloadAllAccessors: .PublisherPortSubscriberOpaqueWidthInference
----------------- testing Thu May 10 17:35:00 UTC 2018 /home/travis/build/icyphy/ptII/ptolemy/actor/lib/test/auto/PublisherPortSubscriberPortAdjacent.xml
----------------- Instantiating /home/travis/build/icyphy/ptII/ptolemy/actor/lib/test/auto/PublisherPortSubscriberPortAdjacent.xml
2 ms. Memory: 1149952K Free: 885111K (77%)
----------------- Invoking toplevel() on ptolemy.moml.MoMLSimpleApplication@448f908c
----------------- Done invoking toplevel() on ptolemy.moml.MoMLSimpleApplication@448f908c
reloadAllAccessors: .PublisherPortSubscriberPortAdjacent
----------------- testing Thu May 10 17:35:00 UTC 2018 /home/travis/build/icyphy/ptII/ptolemy/actor/lib/test/auto/PublisherPortSubscriberPortExpression.xml
----------------- Instantiating /home/travis/build/icyphy/ptII/ptolemy/actor/lib/test/auto/PublisherPortSubscriberPortExpression.xml
4 ms. Memory: 1149952K Free: 866099K (75%)
----------------- Invoking toplevel() on ptolemy.moml.MoMLSimpleApplication@409797dc
----------------- Done invoking toplevel() on ptolemy.moml.MoMLSimpleApplication@409797dc
reloadAllAccessors: .PublisherPortSubscriberPortExpression
----------------- testing Thu May 10 17:35:00 UTC 2018 /home/travis/build/icyphy/ptII/ptolemy/actor/lib/test/auto/PublisherPortSubscriberPortOpaqueD3Reverse.xml
----------------- Instantiating /home/travis/build/icyphy/ptII/ptolemy/actor/lib/test/auto/PublisherPortSubscriberPortOpaqueD3Reverse.xml
6 ms. Memory: 1149952K Free: 852172K (74%)
----------------- Invoking toplevel() on ptolemy.moml.MoMLSimpleApplication@6aec81f2
----------------- Done invoking toplevel() on ptolemy.moml.MoMLSimpleApplication@6aec81f2
reloadAllAccessors: .PublisherPortSubscriberPortOpaqueD3Reverse
----------------- testing Thu May 10 17:35:00 UTC 2018 /home/travis/build/icyphy/ptII/ptolemy/actor/lib/test/auto/PublisherPortSubscriberPortOpaqueWidthInference.xml
----------------- Instantiating /home/travis/build/icyphy/ptII/ptolemy/actor/lib/test/auto/PublisherPortSubscriberPortOpaqueWidthInference.xml
3 ms. Memory: 1149952K Free: 833161K (72%)
----------------- Invoking toplevel() on ptolemy.moml.MoMLSimpleApplication@736c7a11
----------------- Done invoking toplevel() on ptolemy.moml.MoMLSimpleApplication@736c7a11
reloadAllAccessors: .PublisherPortSubscriberPortOpaqueWidthInference
----------------- testing Thu May 10 17:35:00 UTC 2018 /home/travis/build/icyphy/ptII/ptolemy/actor/lib/test/auto/PublisherPortToplevelSubscriberPortAOC.xml
----------------- Instantiating /home/travis/build/icyphy/ptII/ptolemy/actor/lib/test/auto/PublisherPortToplevelSubscriberPortAOC.xml
.PublisherPortToplevelSubscriberPortAOC.TestExceptionAttribute: initialize() was not invoked, but wrapup() was.  This is unusual, but not always a problem.  For example, exporting JNLP will do this.
1 ms. Memory: 1149952K Free: 819234K (71%)
----------------- Invoking toplevel() on ptolemy.moml.MoMLSimpleApplication@74e707dd
----------------- Done invoking toplevel() on ptolemy.moml.MoMLSimpleApplication@74e707dd
reloadAllAccessors: .PublisherPortToplevelSubscriberPortAOC
----------------- testing Thu May 10 17:35:00 UTC 2018 /home/travis/build/icyphy/ptII/ptolemy/actor/lib/test/auto/PublisherSubscriber.xml
----------------- Instantiating /home/travis/build/icyphy/ptII/ptolemy/actor/lib/test/auto/PublisherSubscriber.xml
3 ms. Memory: 1149952K Free: 800222K (70%)
----------------- Invoking toplevel() on ptolemy.moml.MoMLSimpleApplication@5fd503b
----------------- Done invoking toplevel() on ptolemy.moml.MoMLSimpleApplication@5fd503b
reloadAllAccessors: .PublisherSubscriber
----------------- testing Thu May 10 17:35:00 UTC 2018 /home/travis/build/icyphy/ptII/ptolemy/actor/lib/test/auto/PublisherSubscriber10.xml
----------------- Instantiating /home/travis/build/icyphy/ptII/ptolemy/actor/lib/test/auto/PublisherSubscriber10.xml
5 ms. Memory: 1149952K Free: 786296K (68%)
----------------- Invoking toplevel() on ptolemy.moml.MoMLSimpleApplication@3e7314c6
----------------- Done invoking toplevel() on ptolemy.moml.MoMLSimpleApplication@3e7314c6
reloadAllAccessors: .PublisherSubscriber10
----------------- testing Thu May 10 17:35:00 UTC 2018 /home/travis/build/icyphy/ptII/ptolemy/actor/lib/test/auto/PublisherSubscriber10InitialOutputs.xml
----------------- Instantiating /home/travis/build/icyphy/ptII/ptolemy/actor/lib/test/auto/PublisherSubscriber10InitialOutputs.xml
5 ms. Memory: 1149952K Free: 767284K (67%)
----------------- Invoking toplevel() on ptolemy.moml.MoMLSimpleApplication@35dc7ea4
----------------- Done invoking toplevel() on ptolemy.moml.MoMLSimpleApplication@35dc7ea4
reloadAllAccessors: .PublisherSubscriber10InitialOutputs
----------------- testing Thu May 10 17:35:00 UTC 2018 /home/travis/build/icyphy/ptII/ptolemy/actor/lib/test/auto/PublisherSubscriber11.xml
----------------- Instantiating /home/travis/build/icyphy/ptII/ptolemy/actor/lib/test/auto/PublisherSubscriber11.xml
3 ms. Memory: 1149952K Free: 753358K (66%)
----------------- Invoking toplevel() on ptolemy.moml.MoMLSimpleApplication@6317a495
----------------- Done invoking toplevel() on ptolemy.moml.MoMLSimpleApplication@6317a495
reloadAllAccessors: .PublisherSubscriber11
----------------- testing Thu May 10 17:35:00 UTC 2018 /home/travis/build/icyphy/ptII/ptolemy/actor/lib/test/auto/PublisherSubscriber12.xml
----------------- Instantiating /home/travis/build/icyphy/ptII/ptolemy/actor/lib/test/auto/PublisherSubscriber12.xml
2 ms. Memory: 1149952K Free: 734346K (64%)
----------------- Invoking toplevel() on ptolemy.moml.MoMLSimpleApplication@3a5b5d08
----------------- Done invoking toplevel() on ptolemy.moml.MoMLSimpleApplication@3a5b5d08
reloadAllAccessors: .PublisherSubscriber12
----------------- testing Thu May 10 17:35:00 UTC 2018 /home/travis/build/icyphy/ptII/ptolemy/actor/lib/test/auto/PublisherSubscriber13.xml
----------------- Instantiating /home/travis/build/icyphy/ptII/ptolemy/actor/lib/test/auto/PublisherSubscriber13.xml
2 ms. Memory: 1149952K Free: 720419K (63%)
----------------- Invoking toplevel() on ptolemy.moml.MoMLSimpleApplication@5860bb15
----------------- Done invoking toplevel() on ptolemy.moml.MoMLSimpleApplication@5860bb15
reloadAllAccessors: .PublisherSubscriber13
----------------- testing Thu May 10 17:35:00 UTC 2018 /home/travis/build/icyphy/ptII/ptolemy/actor/lib/test/auto/PublisherSubscriber14.xml
----------------- Instantiating /home/travis/build/icyphy/ptII/ptolemy/actor/lib/test/auto/PublisherSubscriber14.xml
2 ms. Memory: 1149952K Free: 701407K (61%)
----------------- Invoking toplevel() on ptolemy.moml.MoMLSimpleApplication@76aa25a2
----------------- Done invoking toplevel() on ptolemy.moml.MoMLSimpleApplication@76aa25a2
reloadAllAccessors: .PublisherSubscriber14
----------------- testing Thu May 10 17:35:00 UTC 2018 /home/travis/build/icyphy/ptII/ptolemy/actor/lib/test/auto/PublisherSubscriber2.xml
----------------- Instantiating /home/travis/build/icyphy/ptII/ptolemy/actor/lib/test/auto/PublisherSubscriber2.xml
2 ms. Memory: 1149952K Free: 687481K (60%)
----------------- Invoking toplevel() on ptolemy.moml.MoMLSimpleApplication@5c7b5c3f
----------------- Done invoking toplevel() on ptolemy.moml.MoMLSimpleApplication@5c7b5c3f
reloadAllAccessors: .PublisherSubscriber2
----------------- testing Thu May 10 17:35:00 UTC 2018 /home/travis/build/icyphy/ptII/ptolemy/actor/lib/test/auto/PublisherSubscriber3.xml
----------------- Instantiating /home/travis/build/icyphy/ptII/ptolemy/actor/lib/test/auto/PublisherSubscriber3.xml
2 ms. Memory: 1149952K Free: 673555K (59%)
----------------- Invoking toplevel() on ptolemy.moml.MoMLSimpleApplication@1ba5267a
----------------- Done invoking toplevel() on ptolemy.moml.MoMLSimpleApplication@1ba5267a
reloadAllAccessors: .PublisherSubscriber3
----------------- testing Thu May 10 17:35:00 UTC 2018 /home/travis/build/icyphy/ptII/ptolemy/actor/lib/test/auto/PublisherSubscriber4.xml
----------------- Instantiating /home/travis/build/icyphy/ptII/ptolemy/actor/lib/test/auto/PublisherSubscriber4.xml
2 ms. Memory: 1149952K Free: 654543K (57%)
----------------- Invoking toplevel() on ptolemy.moml.MoMLSimpleApplication@28b83d9e
----------------- Done invoking toplevel() on ptolemy.moml.MoMLSimpleApplication@28b83d9e
reloadAllAccessors: .PublisherSubscriber4
----------------- testing Thu May 10 17:35:00 UTC 2018 /home/travis/build/icyphy/ptII/ptolemy/actor/lib/test/auto/PublisherSubscriber5.xml
----------------- Instantiating /home/travis/build/icyphy/ptII/ptolemy/actor/lib/test/auto/PublisherSubscriber5.xml
2 ms. Memory: 1149952K Free: 640616K (56%)
----------------- Invoking toplevel() on ptolemy.moml.MoMLSimpleApplication@387bc0eb
----------------- Done invoking toplevel() on ptolemy.moml.MoMLSimpleApplication@387bc0eb
reloadAllAccessors: .PublisherSubscriber5
----------------- testing Thu May 10 17:35:00 UTC 2018 /home/travis/build/icyphy/ptII/ptolemy/actor/lib/test/auto/PublisherSubscriber6.xml
----------------- Instantiating /home/travis/build/icyphy/ptII/ptolemy/actor/lib/test/auto/PublisherSubscriber6.xml
2 ms. Memory: 1149952K Free: 621605K (54%)
----------------- Invoking toplevel() on ptolemy.moml.MoMLSimpleApplication@63787962
----------------- Done invoking toplevel() on ptolemy.moml.MoMLSimpleApplication@63787962
reloadAllAccessors: .PublisherSubscriber6
----------------- testing Thu May 10 17:35:00 UTC 2018 /home/travis/build/icyphy/ptII/ptolemy/actor/lib/test/auto/PublisherSubscriber7.xml
----------------- Instantiating /home/travis/build/icyphy/ptII/ptolemy/actor/lib/test/auto/PublisherSubscriber7.xml
2 ms. Memory: 1149952K Free: 607678K (53%)
----------------- Invoking toplevel() on ptolemy.moml.MoMLSimpleApplication@64744e2c
----------------- Done invoking toplevel() on ptolemy.moml.MoMLSimpleApplication@64744e2c
reloadAllAccessors: .PublisherSubscriber7
----------------- testing Thu May 10 17:35:00 UTC 2018 /home/travis/build/icyphy/ptII/ptolemy/actor/lib/test/auto/PublisherSubscriber8.xml
----------------- Instantiating /home/travis/build/icyphy/ptII/ptolemy/actor/lib/test/auto/PublisherSubscriber8.xml
9 ms. Memory: 1149952K Free: 519034K (45%)
----------------- Invoking toplevel() on ptolemy.moml.MoMLSimpleApplication@6b2e975a
----------------- Done invoking toplevel() on ptolemy.moml.MoMLSimpleApplication@6b2e975a
reloadAllAccessors: .PublisherSubscriber8
----------------- testing Thu May 10 17:35:00 UTC 2018 /home/travis/build/icyphy/ptII/ptolemy/actor/lib/test/auto/PublisherSubscriber9.xml
----------------- Instantiating /home/travis/build/icyphy/ptII/ptolemy/actor/lib/test/auto/PublisherSubscriber9.xml
3 ms. Memory: 1149952K Free: 505107K (44%)
----------------- Invoking toplevel() on ptolemy.moml.MoMLSimpleApplication@64a57bf1
----------------- Done invoking toplevel() on ptolemy.moml.MoMLSimpleApplication@64a57bf1
reloadAllAccessors: .PublisherSubscriber9
----------------- testing Thu May 10 17:35:00 UTC 2018 /home/travis/build/icyphy/ptII/ptolemy/actor/lib/test/auto/PublisherSubscriberAdjacent.xml
----------------- Instantiating /home/travis/build/icyphy/ptII/ptolemy/actor/lib/test/auto/PublisherSubscriberAdjacent.xml
2 ms. Memory: 1149952K Free: 486095K (42%)
----------------- Invoking toplevel() on ptolemy.moml.MoMLSimpleApplication@34423ebf
----------------- Done invoking toplevel() on ptolemy.moml.MoMLSimpleApplication@34423ebf
reloadAllAccessors: .PublisherSubscriberAdjacent
----------------- testing Thu May 10 17:35:00 UTC 2018 /home/travis/build/icyphy/ptII/ptolemy/actor/lib/test/auto/PublisherSubscriberChannelVariablesAOC2.xml
----------------- Instantiating /home/travis/build/icyphy/ptII/ptolemy/actor/lib/test/auto/PublisherSubscriberChannelVariablesAOC2.xml
3 ms. Memory: 1149952K Free: 465190K (40%)
----------------- Invoking toplevel() on ptolemy.moml.MoMLSimpleApplication@51ea3b82
----------------- Done invoking toplevel() on ptolemy.moml.MoMLSimpleApplication@51ea3b82
reloadAllAccessors: .PublisherSubscriberChannelVariablesAOC2
----------------- testing Thu May 10 17:35:00 UTC 2018 /home/travis/build/icyphy/ptII/ptolemy/actor/lib/test/auto/PublisherSubscriberD3.xml
----------------- Instantiating /home/travis/build/icyphy/ptII/ptolemy/actor/lib/test/auto/PublisherSubscriberD3.xml
2 ms. Memory: 1149952K Free: 446178K (39%)
----------------- Invoking toplevel() on ptolemy.moml.MoMLSimpleApplication@1f6ed05d
----------------- Done invoking toplevel() on ptolemy.moml.MoMLSimpleApplication@1f6ed05d
reloadAllAccessors: .PublisherSubscriberD3
----------------- testing Thu May 10 17:35:00 UTC 2018 /home/travis/build/icyphy/ptII/ptolemy/actor/lib/test/auto/PublisherSubscriberD3Reverse.xml
----------------- Instantiating /home/travis/build/icyphy/ptII/ptolemy/actor/lib/test/auto/PublisherSubscriberD3Reverse.xml
2 ms. Memory: 1149952K Free: 432251K (38%)
----------------- Invoking toplevel() on ptolemy.moml.MoMLSimpleApplication@407933bb
----------------- Done invoking toplevel() on ptolemy.moml.MoMLSimpleApplication@407933bb
reloadAllAccessors: .PublisherSubscriberD3Reverse
----------------- testing Thu May 10 17:35:00 UTC 2018 /home/travis/build/icyphy/ptII/ptolemy/actor/lib/test/auto/PublisherSubscriberExpression.xml
----------------- Instantiating /home/travis/build/icyphy/ptII/ptolemy/actor/lib/test/auto/PublisherSubscriberExpression.xml
4 ms. Memory: 1149952K Free: 413240K (36%)
----------------- Invoking toplevel() on ptolemy.moml.MoMLSimpleApplication@60949920
----------------- Done invoking toplevel() on ptolemy.moml.MoMLSimpleApplication@60949920
reloadAllAccessors: .PublisherSubscriberExpression
----------------- testing Thu May 10 17:35:00 UTC 2018 /home/travis/build/icyphy/ptII/ptolemy/actor/lib/test/auto/PublisherSubscriberOpaque.xml
----------------- Instantiating /home/travis/build/icyphy/ptII/ptolemy/actor/lib/test/auto/PublisherSubscriberOpaque.xml
3 ms. Memory: 1149952K Free: 399313K (35%)
----------------- Invoking toplevel() on ptolemy.moml.MoMLSimpleApplication@212ada75
----------------- Done invoking toplevel() on ptolemy.moml.MoMLSimpleApplication@212ada75
reloadAllAccessors: .PublisherSubscriberOpaque
----------------- testing Thu May 10 17:35:00 UTC 2018 /home/travis/build/icyphy/ptII/ptolemy/actor/lib/test/auto/PublisherSubscriberOpaqueD3.xml
----------------- Instantiating /home/travis/build/icyphy/ptII/ptolemy/actor/lib/test/auto/PublisherSubscriberOpaqueD3.xml
5 ms. Memory: 1149952K Free: 373322K (32%)
----------------- Invoking toplevel() on ptolemy.moml.MoMLSimpleApplication@66d0ac00
----------------- Done invoking toplevel() on ptolemy.moml.MoMLSimpleApplication@66d0ac00
reloadAllAccessors: .PublisherSubscriberOpaqueD3
----------------- testing Thu May 10 17:35:00 UTC 2018 /home/travis/build/icyphy/ptII/ptolemy/actor/lib/test/auto/PublisherSubscriberOpaqueD3Reverse.xml
----------------- Instantiating /home/travis/build/icyphy/ptII/ptolemy/actor/lib/test/auto/PublisherSubscriberOpaqueD3Reverse.xml
6 ms. Memory: 1149952K Free: 359396K (31%)
----------------- Invoking toplevel() on ptolemy.moml.MoMLSimpleApplication@51689bf1
----------------- Done invoking toplevel() on ptolemy.moml.MoMLSimpleApplication@51689bf1
reloadAllAccessors: .PublisherSubscriberOpaqueD3Reverse
----------------- testing Thu May 10 17:35:00 UTC 2018 /home/travis/build/icyphy/ptII/ptolemy/actor/lib/test/auto/PublisherSubscriberOpaqueWidthInference.xml
----------------- Instantiating /home/travis/build/icyphy/ptII/ptolemy/actor/lib/test/auto/PublisherSubscriberOpaqueWidthInference.xml
4 ms. Memory: 1149952K Free: 340384K (30%)
----------------- Invoking toplevel() on ptolemy.moml.MoMLSimpleApplication@6eb8ca40
----------------- Done invoking toplevel() on ptolemy.moml.MoMLSimpleApplication@6eb8ca40
reloadAllAccessors: .PublisherSubscriberOpaqueWidthInference
----------------- testing Thu May 10 17:35:00 UTC 2018 /home/travis/build/icyphy/ptII/ptolemy/actor/lib/test/auto/PublisherTestSubscriber.xml
----------------- Instantiating /home/travis/build/icyphy/ptII/ptolemy/actor/lib/test/auto/PublisherTestSubscriber.xml
3 ms. Memory: 1149952K Free: 326457K (28%)
----------------- Invoking toplevel() on ptolemy.moml.MoMLSimpleApplication@28115551
----------------- Done invoking toplevel() on ptolemy.moml.MoMLSimpleApplication@28115551
reloadAllAccessors: .PublisherTestSubscriber
----------------- testing Thu May 10 17:35:00 UTC 2018 /home/travis/build/icyphy/ptII/ptolemy/actor/lib/test/auto/PublisherToplevelSubscriberPortAOC.xml
----------------- Instantiating /home/travis/build/icyphy/ptII/ptolemy/actor/lib/test/auto/PublisherToplevelSubscriberPortAOC.xml
2 ms. Memory: 1149952K Free: 312531K (27%)
----------------- Invoking toplevel() on ptolemy.moml.MoMLSimpleApplication@43b9e7ee
----------------- Done invoking toplevel() on ptolemy.moml.MoMLSimpleApplication@43b9e7ee
reloadAllAccessors: .PublisherToplevelSubscriberPortAOC
----------------- testing Thu May 10 17:35:00 UTC 2018 /home/travis/build/icyphy/ptII/ptolemy/actor/lib/test/auto/PulseFiringLimitDE.xml
----------------- Instantiating /home/travis/build/icyphy/ptII/ptolemy/actor/lib/test/auto/PulseFiringLimitDE.xml
2 ms. Memory: 1149952K Free: 293519K (26%)
----------------- Invoking toplevel() on ptolemy.moml.MoMLSimpleApplication@4aecafa
----------------- Done invoking toplevel() on ptolemy.moml.MoMLSimpleApplication@4aecafa
reloadAllAccessors: .PulseFiringLimitDE
----------------- testing Thu May 10 17:35:01 UTC 2018 /home/travis/build/icyphy/ptII/ptolemy/actor/lib/test/auto/Ramp1.xml
----------------- Instantiating /home/travis/build/icyphy/ptII/ptolemy/actor/lib/test/auto/Ramp1.xml
1 ms. Memory: 1149952K Free: 279593K (24%)
----------------- Invoking toplevel() on ptolemy.moml.MoMLSimpleApplication@38ff49c4
----------------- Done invoking toplevel() on ptolemy.moml.MoMLSimpleApplication@38ff49c4
reloadAllAccessors: .Ramp1
----------------- testing Thu May 10 17:35:01 UTC 2018 /home/travis/build/icyphy/ptII/ptolemy/actor/lib/test/auto/RampFiringLimitDE.xml
----------------- Instantiating /home/travis/build/icyphy/ptII/ptolemy/actor/lib/test/auto/RampFiringLimitDE.xml
3 ms. Memory: 1149952K Free: 260581K (23%)
----------------- Invoking toplevel() on ptolemy.moml.MoMLSimpleApplication@13dda016
----------------- Done invoking toplevel() on ptolemy.moml.MoMLSimpleApplication@13dda016
reloadAllAccessors: .RampFiringLimitDE
----------------- testing Thu May 10 17:35:01 UTC 2018 /home/travis/build/icyphy/ptII/ptolemy/actor/lib/test/auto/RampFiringLimitSDF.xml
----------------- Instantiating /home/travis/build/icyphy/ptII/ptolemy/actor/lib/test/auto/RampFiringLimitSDF.xml
2 ms. Memory: 1149952K Free: 246654K (21%)
----------------- Invoking toplevel() on ptolemy.moml.MoMLSimpleApplication@459f0152
----------------- Done invoking toplevel() on ptolemy.moml.MoMLSimpleApplication@459f0152
reloadAllAccessors: .RampFiringLimitSDF
----------------- testing Thu May 10 17:35:01 UTC 2018 /home/travis/build/icyphy/ptII/ptolemy/actor/lib/test/auto/RandomInteger.xml
----------------- Instantiating /home/travis/build/icyphy/ptII/ptolemy/actor/lib/test/auto/RandomInteger.xml
1 ms. Memory: 1149952K Free: 227642K (20%)
----------------- Invoking toplevel() on ptolemy.moml.MoMLSimpleApplication@4990d4bd
----------------- Done invoking toplevel() on ptolemy.moml.MoMLSimpleApplication@4990d4bd
reloadAllAccessors: .RandomInteger
----------------- testing Thu May 10 17:35:01 UTC 2018 /home/travis/build/icyphy/ptII/ptolemy/actor/lib/test/auto/ReadFile1.xml
----------------- Instantiating /home/travis/build/icyphy/ptII/ptolemy/actor/lib/test/auto/ReadFile1.xml
2 ms. Memory: 1149952K Free: 213716K (19%)
----------------- Invoking toplevel() on ptolemy.moml.MoMLSimpleApplication@6dacd597
----------------- Done invoking toplevel() on ptolemy.moml.MoMLSimpleApplication@6dacd597
reloadAllAccessors: .ReadFile1
----------------- testing Thu May 10 17:35:01 UTC 2018 /home/travis/build/icyphy/ptII/ptolemy/actor/lib/test/auto/ReadFile2.xml
----------------- Instantiating /home/travis/build/icyphy/ptII/ptolemy/actor/lib/test/auto/ReadFile2.xml
1 ms. Memory: 1149952K Free: 194704K (17%)
----------------- Invoking toplevel() on ptolemy.moml.MoMLSimpleApplication@78e750b3
----------------- Done invoking toplevel() on ptolemy.moml.MoMLSimpleApplication@78e750b3
reloadAllAccessors: .ReadFile2
----------------- testing Thu May 10 17:35:01 UTC 2018 /home/travis/build/icyphy/ptII/ptolemy/actor/lib/test/auto/Reader.xml
----------------- Instantiating /home/travis/build/icyphy/ptII/ptolemy/actor/lib/test/auto/Reader.xml
actor.lib.Reader is obsolete, use actor.lib.io.ExpressionReader instead
6 ms. Memory: 1149952K Free: 180778K (16%)
----------------- Invoking toplevel() on ptolemy.moml.MoMLSimpleApplication@7ad90872
----------------- Done invoking toplevel() on ptolemy.moml.MoMLSimpleApplication@7ad90872
reloadAllAccessors: .Reader
----------------- testing Thu May 10 17:35:01 UTC 2018 /home/travis/build/icyphy/ptII/ptolemy/actor/lib/test/auto/RecordAssemblerDisplayNameTest.xml
----------------- Instantiating /home/travis/build/icyphy/ptII/ptolemy/actor/lib/test/auto/RecordAssemblerDisplayNameTest.xml
3909 ms. Memory: 1240064K Free: 1066993K (86%)
----------------- Invoking toplevel() on ptolemy.moml.MoMLSimpleApplication@6ab9f5e0
----------------- Done invoking toplevel() on ptolemy.moml.MoMLSimpleApplication@6ab9f5e0
reloadAllAccessors: .RecordAssemblerDisplayNameTest
----------------- testing Thu May 10 17:35:05 UTC 2018 /home/travis/build/icyphy/ptII/ptolemy/actor/lib/test/auto/RecordAssemblerTypeError.xml
----------------- Instantiating /home/travis/build/icyphy/ptII/ptolemy/actor/lib/test/auto/RecordAssemblerTypeError.xml
4 ms. Memory: 1240064K Free: 1035803K (84%)
----------------- Invoking toplevel() on ptolemy.moml.MoMLSimpleApplication@183626d6
----------------- Done invoking toplevel() on ptolemy.moml.MoMLSimpleApplication@183626d6
reloadAllAccessors: .RecordAssemblerTypeError
----------------- testing Thu May 10 17:35:05 UTC 2018 /home/travis/build/icyphy/ptII/ptolemy/actor/lib/test/auto/RecordDisassember.xml
----------------- Instantiating /home/travis/build/icyphy/ptII/ptolemy/actor/lib/test/auto/RecordDisassember.xml
2 ms. Memory: 1240064K Free: 1016041K (82%)
----------------- Invoking toplevel() on ptolemy.moml.MoMLSimpleApplication@393403a1
----------------- Done invoking toplevel() on ptolemy.moml.MoMLSimpleApplication@393403a1
reloadAllAccessors: .RecordDisassember
----------------- testing Thu May 10 17:35:05 UTC 2018 /home/travis/build/icyphy/ptII/ptolemy/actor/lib/test/auto/RecordDisassemberDisplayNameTest.xml
----------------- Instantiating /home/travis/build/icyphy/ptII/ptolemy/actor/lib/test/auto/RecordDisassemberDisplayNameTest.xml
10 ms. Memory: 1240064K Free: 1000824K (81%)
----------------- Invoking toplevel() on ptolemy.moml.MoMLSimpleApplication@7cbdbe5c
----------------- Done invoking toplevel() on ptolemy.moml.MoMLSimpleApplication@7cbdbe5c
reloadAllAccessors: .RecordDisassemberDisplayNameTest
----------------- testing Thu May 10 17:35:05 UTC 2018 /home/travis/build/icyphy/ptII/ptolemy/actor/lib/test/auto/RecordDisassembler.xml
----------------- Instantiating /home/travis/build/icyphy/ptII/ptolemy/actor/lib/test/auto/RecordDisassembler.xml
2 ms. Memory: 1240064K Free: 981062K (79%)
----------------- Invoking toplevel() on ptolemy.moml.MoMLSimpleApplication@5b05ffe3
----------------- Done invoking toplevel() on ptolemy.moml.MoMLSimpleApplication@5b05ffe3
reloadAllAccessors: .RecordDisassembler
----------------- testing Thu May 10 17:35:05 UTC 2018 /home/travis/build/icyphy/ptII/ptolemy/actor/lib/test/auto/RecordDisassembler2.xml
----------------- Instantiating /home/travis/build/icyphy/ptII/ptolemy/actor/lib/test/auto/RecordDisassembler2.xml
2 ms. Memory: 1240064K Free: 965846K (78%)
----------------- Invoking toplevel() on ptolemy.moml.MoMLSimpleApplication@11629a95
----------------- Done invoking toplevel() on ptolemy.moml.MoMLSimpleApplication@11629a95
reloadAllAccessors: .RecordDisassembler2
----------------- testing Thu May 10 17:35:05 UTC 2018 /home/travis/build/icyphy/ptII/ptolemy/actor/lib/test/auto/RecordUpdater.xml
----------------- Instantiating /home/travis/build/icyphy/ptII/ptolemy/actor/lib/test/auto/RecordUpdater.xml
2 ms. Memory: 1240064K Free: 946083K (76%)
----------------- Invoking toplevel() on ptolemy.moml.MoMLSimpleApplication@1fbf0b09
----------------- Done invoking toplevel() on ptolemy.moml.MoMLSimpleApplication@1fbf0b09
reloadAllAccessors: .RecordUpdater
----------------- testing Thu May 10 17:35:05 UTC 2018 /home/travis/build/icyphy/ptII/ptolemy/actor/lib/test/auto/RecordUpdater2.xml
----------------- Instantiating /home/travis/build/icyphy/ptII/ptolemy/actor/lib/test/auto/RecordUpdater2.xml
2 ms. Memory: 1240064K Free: 930867K (75%)
----------------- Invoking toplevel() on ptolemy.moml.MoMLSimpleApplication@1586d56
----------------- Done invoking toplevel() on ptolemy.moml.MoMLSimpleApplication@1586d56
reloadAllAccessors: .RecordUpdater2
----------------- testing Thu May 10 17:35:05 UTC 2018 /home/travis/build/icyphy/ptII/ptolemy/actor/lib/test/auto/RecursiveLattice.xml
----------------- Instantiating /home/travis/build/icyphy/ptII/ptolemy/actor/lib/test/auto/RecursiveLattice.xml
1 ms. Memory: 1240064K Free: 911105K (73%)
----------------- Invoking toplevel() on ptolemy.moml.MoMLSimpleApplication@1f80a37f
----------------- Done invoking toplevel() on ptolemy.moml.MoMLSimpleApplication@1f80a37f
reloadAllAccessors: .RecursiveLattice
----------------- testing Thu May 10 17:35:05 UTC 2018 /home/travis/build/icyphy/ptII/ptolemy/actor/lib/test/auto/Router.xml
----------------- Instantiating /home/travis/build/icyphy/ptII/ptolemy/actor/lib/test/auto/Router.xml
3004 ms. Memory: 1240064K Free: 895888K (72%)
----------------- Invoking toplevel() on ptolemy.moml.MoMLSimpleApplication@466c8d89
----------------- Done invoking toplevel() on ptolemy.moml.MoMLSimpleApplication@466c8d89
reloadAllAccessors: .Router
----------------- testing Thu May 10 17:35:08 UTC 2018 /home/travis/build/icyphy/ptII/ptolemy/actor/lib/test/auto/Router2.xml
----------------- Instantiating /home/travis/build/icyphy/ptII/ptolemy/actor/lib/test/auto/Router2.xml
3003 ms. Memory: 1240064K Free: 876126K (71%)
----------------- Invoking toplevel() on ptolemy.moml.MoMLSimpleApplication@1204098b
----------------- Done invoking toplevel() on ptolemy.moml.MoMLSimpleApplication@1204098b
reloadAllAccessors: .Router2
----------------- testing Thu May 10 17:35:11 UTC 2018 /home/travis/build/icyphy/ptII/ptolemy/actor/lib/test/auto/RunningMaximum.xml
----------------- Instantiating /home/travis/build/icyphy/ptII/ptolemy/actor/lib/test/auto/RunningMaximum.xml
2 ms. Memory: 1240064K Free: 860910K (69%)
----------------- Invoking toplevel() on ptolemy.moml.MoMLSimpleApplication@7916457e
----------------- Done invoking toplevel() on ptolemy.moml.MoMLSimpleApplication@7916457e
reloadAllAccessors: .RunningMaximum
----------------- testing Thu May 10 17:35:11 UTC 2018 /home/travis/build/icyphy/ptII/ptolemy/actor/lib/test/auto/RunningMinimum.xml
----------------- Instantiating /home/travis/build/icyphy/ptII/ptolemy/actor/lib/test/auto/RunningMinimum.xml
2 ms. Memory: 1240064K Free: 841148K (68%)
----------------- Invoking toplevel() on ptolemy.moml.MoMLSimpleApplication@2224a8ac
----------------- Done invoking toplevel() on ptolemy.moml.MoMLSimpleApplication@2224a8ac
reloadAllAccessors: .RunningMinimum
----------------- testing Thu May 10 17:35:11 UTC 2018 /home/travis/build/icyphy/ptII/ptolemy/actor/lib/test/auto/Scale.xml
----------------- Instantiating /home/travis/build/icyphy/ptII/ptolemy/actor/lib/test/auto/Scale.xml
1 ms. Memory: 1240064K Free: 825931K (67%)
----------------- Invoking toplevel() on ptolemy.moml.MoMLSimpleApplication@5a047bc4
----------------- Done invoking toplevel() on ptolemy.moml.MoMLSimpleApplication@5a047bc4
reloadAllAccessors: .Scale
----------------- testing Thu May 10 17:35:11 UTC 2018 /home/travis/build/icyphy/ptII/ptolemy/actor/lib/test/auto/Scale2.xml
----------------- Instantiating /home/travis/build/icyphy/ptII/ptolemy/actor/lib/test/auto/Scale2.xml
1 ms. Memory: 1240064K Free: 806169K (65%)
----------------- Invoking toplevel() on ptolemy.moml.MoMLSimpleApplication@6549cbc2
----------------- Done invoking toplevel() on ptolemy.moml.MoMLSimpleApplication@6549cbc2
reloadAllAccessors: .Scale2
----------------- testing Thu May 10 17:35:11 UTC 2018 /home/travis/build/icyphy/ptII/ptolemy/actor/lib/test/auto/Scale3.xml
----------------- Instantiating /home/travis/build/icyphy/ptII/ptolemy/actor/lib/test/auto/Scale3.xml
2 ms. Memory: 1240064K Free: 790952K (64%)
----------------- Invoking toplevel() on ptolemy.moml.MoMLSimpleApplication@60e473d7
----------------- Done invoking toplevel() on ptolemy.moml.MoMLSimpleApplication@60e473d7
reloadAllAccessors: .Scale3
----------------- testing Thu May 10 17:35:11 UTC 2018 /home/travis/build/icyphy/ptII/ptolemy/actor/lib/test/auto/ScaleArray.xml
----------------- Instantiating /home/travis/build/icyphy/ptII/ptolemy/actor/lib/test/auto/ScaleArray.xml
2 ms. Memory: 1240064K Free: 771190K (62%)
----------------- Invoking toplevel() on ptolemy.moml.MoMLSimpleApplication@21c85aff
----------------- Done invoking toplevel() on ptolemy.moml.MoMLSimpleApplication@21c85aff
reloadAllAccessors: .ScaleArray
----------------- testing Thu May 10 17:35:11 UTC 2018 /home/travis/build/icyphy/ptII/ptolemy/actor/lib/test/auto/ScaleArray2.xml
----------------- Instantiating /home/travis/build/icyphy/ptII/ptolemy/actor/lib/test/auto/ScaleArray2.xml
1 ms. Memory: 1240064K Free: 751428K (61%)
----------------- Invoking toplevel() on ptolemy.moml.MoMLSimpleApplication@43ada93f
----------------- Done invoking toplevel() on ptolemy.moml.MoMLSimpleApplication@43ada93f
reloadAllAccessors: .ScaleArray2
----------------- testing Thu May 10 17:35:11 UTC 2018 /home/travis/build/icyphy/ptII/ptolemy/actor/lib/test/auto/ScaleMatrix.xml
----------------- Instantiating /home/travis/build/icyphy/ptII/ptolemy/actor/lib/test/auto/ScaleMatrix.xml
107 ms. Memory: 1240064K Free: 728561K (59%)
----------------- Invoking toplevel() on ptolemy.moml.MoMLSimpleApplication@506a55d9
----------------- Done invoking toplevel() on ptolemy.moml.MoMLSimpleApplication@506a55d9
reloadAllAccessors: .ScaleMatrix
----------------- testing Thu May 10 17:35:11 UTC 2018 /home/travis/build/icyphy/ptII/ptolemy/actor/lib/test/auto/Select.xml
----------------- Instantiating /home/travis/build/icyphy/ptII/ptolemy/actor/lib/test/auto/Select.xml
2 ms. Memory: 1240064K Free: 708799K (57%)
----------------- Invoking toplevel() on ptolemy.moml.MoMLSimpleApplication@392389d2
----------------- Done invoking toplevel() on ptolemy.moml.MoMLSimpleApplication@392389d2
reloadAllAccessors: .Select
----------------- testing Thu May 10 17:35:11 UTC 2018 /home/travis/build/icyphy/ptII/ptolemy/actor/lib/test/auto/Select2.xml
----------------- Instantiating /home/travis/build/icyphy/ptII/ptolemy/actor/lib/test/auto/Select2.xml
1 ms. Memory: 1240064K Free: 693582K (56%)
----------------- Invoking toplevel() on ptolemy.moml.MoMLSimpleApplication@16a2731d
----------------- Done invoking toplevel() on ptolemy.moml.MoMLSimpleApplication@16a2731d
reloadAllAccessors: .Select2
----------------- testing Thu May 10 17:35:11 UTC 2018 /home/travis/build/icyphy/ptII/ptolemy/actor/lib/test/auto/SequenceToArray2.xml
----------------- Instantiating /home/travis/build/icyphy/ptII/ptolemy/actor/lib/test/auto/SequenceToArray2.xml
89 ms. Memory: 1240064K Free: 597736K (48%)
----------------- Invoking toplevel() on ptolemy.moml.MoMLSimpleApplication@5b74d29f
----------------- Done invoking toplevel() on ptolemy.moml.MoMLSimpleApplication@5b74d29f
reloadAllAccessors: .SequenceToArray2
----------------- testing Thu May 10 17:35:11 UTC 2018 /home/travis/build/icyphy/ptII/ptolemy/actor/lib/test/auto/SequentialClock.xml
----------------- Instantiating /home/travis/build/icyphy/ptII/ptolemy/actor/lib/test/auto/SequentialClock.xml
1 ms. Memory: 1240064K Free: 582520K (47%)
----------------- Invoking toplevel() on ptolemy.moml.MoMLSimpleApplication@62bb9462
----------------- Done invoking toplevel() on ptolemy.moml.MoMLSimpleApplication@62bb9462
reloadAllAccessors: .SequentialClock
----------------- testing Thu May 10 17:35:11 UTC 2018 /home/travis/build/icyphy/ptII/ptolemy/actor/lib/test/auto/SetVariable.xml
----------------- Instantiating /home/travis/build/icyphy/ptII/ptolemy/actor/lib/test/auto/SetVariable.xml
2 ms. Memory: 1240064K Free: 562758K (45%)
----------------- Invoking toplevel() on ptolemy.moml.MoMLSimpleApplication@1c4f0b94
----------------- Done invoking toplevel() on ptolemy.moml.MoMLSimpleApplication@1c4f0b94
reloadAllAccessors: .SetVariable
----------------- testing Thu May 10 17:35:11 UTC 2018 /home/travis/build/icyphy/ptII/ptolemy/actor/lib/test/auto/SetVariable2.xml
----------------- Instantiating /home/travis/build/icyphy/ptII/ptolemy/actor/lib/test/auto/SetVariable2.xml
2 ms. Memory: 1240064K Free: 547541K (44%)
----------------- Invoking toplevel() on ptolemy.moml.MoMLSimpleApplication@14105135
----------------- Done invoking toplevel() on ptolemy.moml.MoMLSimpleApplication@14105135
reloadAllAccessors: .SetVariable2
----------------- testing Thu May 10 17:35:11 UTC 2018 /home/travis/build/icyphy/ptII/ptolemy/actor/lib/test/auto/SetVariable3.xml
----------------- Instantiating /home/travis/build/icyphy/ptII/ptolemy/actor/lib/test/auto/SetVariable3.xml
2 ms. Memory: 1240064K Free: 527779K (43%)
----------------- Invoking toplevel() on ptolemy.moml.MoMLSimpleApplication@3f177ff4
----------------- Done invoking toplevel() on ptolemy.moml.MoMLSimpleApplication@3f177ff4
reloadAllAccessors: .SetVariable3
----------------- testing Thu May 10 17:35:11 UTC 2018 /home/travis/build/icyphy/ptII/ptolemy/actor/lib/test/auto/SetVariable4.xml
----------------- Instantiating /home/travis/build/icyphy/ptII/ptolemy/actor/lib/test/auto/SetVariable4.xml
17 ms. Memory: 1240064K Free: 459304K (37%)
----------------- Invoking toplevel() on ptolemy.moml.MoMLSimpleApplication@12632f50
----------------- Done invoking toplevel() on ptolemy.moml.MoMLSimpleApplication@12632f50
reloadAllAccessors: .SetVariable4
----------------- testing Thu May 10 17:35:11 UTC 2018 /home/travis/build/icyphy/ptII/ptolemy/actor/lib/test/auto/SetVariable5.xml
----------------- Instantiating /home/travis/build/icyphy/ptII/ptolemy/actor/lib/test/auto/SetVariable5.xml
9 ms. Memory: 1240064K Free: 439542K (35%)
----------------- Invoking toplevel() on ptolemy.moml.MoMLSimpleApplication@23422e8a
----------------- Done invoking toplevel() on ptolemy.moml.MoMLSimpleApplication@23422e8a
reloadAllAccessors: .SetVariable5
----------------- testing Thu May 10 17:35:11 UTC 2018 /home/travis/build/icyphy/ptII/ptolemy/actor/lib/test/auto/Sinewave.xml
----------------- Instantiating /home/travis/build/icyphy/ptII/ptolemy/actor/lib/test/auto/Sinewave.xml
4 ms. Memory: 1240064K Free: 416701K (34%)
----------------- Invoking toplevel() on ptolemy.moml.MoMLSimpleApplication@7d3e4372
----------------- Done invoking toplevel() on ptolemy.moml.MoMLSimpleApplication@7d3e4372
reloadAllAccessors: .Sinewave
----------------- testing Thu May 10 17:35:11 UTC 2018 /home/travis/build/icyphy/ptII/ptolemy/actor/lib/test/auto/Sinewave2.xml
----------------- Instantiating /home/travis/build/icyphy/ptII/ptolemy/actor/lib/test/auto/Sinewave2.xml
4 ms. Memory: 1240064K Free: 396939K (32%)
----------------- Invoking toplevel() on ptolemy.moml.MoMLSimpleApplication@20c2203d
----------------- Done invoking toplevel() on ptolemy.moml.MoMLSimpleApplication@20c2203d
reloadAllAccessors: .Sinewave2
----------------- testing Thu May 10 17:35:11 UTC 2018 /home/travis/build/icyphy/ptII/ptolemy/actor/lib/test/auto/Sinewave3.xml
----------------- Instantiating /home/travis/build/icyphy/ptII/ptolemy/actor/lib/test/auto/Sinewave3.xml
5 ms. Memory: 1240064K Free: 377177K (30%)
----------------- Invoking toplevel() on ptolemy.moml.MoMLSimpleApplication@2477e5b4
----------------- Done invoking toplevel() on ptolemy.moml.MoMLSimpleApplication@2477e5b4
reloadAllAccessors: .Sinewave3
----------------- testing Thu May 10 17:35:11 UTC 2018 /home/travis/build/icyphy/ptII/ptolemy/actor/lib/test/auto/SingleEvent.xml
----------------- Instantiating /home/travis/build/icyphy/ptII/ptolemy/actor/lib/test/auto/SingleEvent.xml
1 ms. Memory: 1240064K Free: 361961K (29%)
----------------- Invoking toplevel() on ptolemy.moml.MoMLSimpleApplication@4398d3d8
----------------- Done invoking toplevel() on ptolemy.moml.MoMLSimpleApplication@4398d3d8
reloadAllAccessors: .SingleEvent
----------------- testing Thu May 10 17:35:11 UTC 2018 /home/travis/build/icyphy/ptII/ptolemy/actor/lib/test/auto/Sleep.xml
----------------- Instantiating /home/travis/build/icyphy/ptII/ptolemy/actor/lib/test/auto/Sleep.xml
6003 ms. Memory: 1240064K Free: 342199K (28%)
----------------- Invoking toplevel() on ptolemy.moml.MoMLSimpleApplication@13077ebd
----------------- Done invoking toplevel() on ptolemy.moml.MoMLSimpleApplication@13077ebd
reloadAllAccessors: .Sleep
----------------- testing Thu May 10 17:35:17 UTC 2018 /home/travis/build/icyphy/ptII/ptolemy/actor/lib/test/auto/SleepMultipleFire.xml
----------------- Instantiating /home/travis/build/icyphy/ptII/ptolemy/actor/lib/test/auto/SleepMultipleFire.xml
1005 ms. Memory: 1240064K Free: 326982K (26%)
----------------- Invoking toplevel() on ptolemy.moml.MoMLSimpleApplication@3bb16835
----------------- Done invoking toplevel() on ptolemy.moml.MoMLSimpleApplication@3bb16835
reloadAllAccessors: .SleepMultipleFire
----------------- testing Thu May 10 17:35:18 UTC 2018 /home/travis/build/icyphy/ptII/ptolemy/actor/lib/test/auto/StopDE.xml
----------------- Instantiating /home/travis/build/icyphy/ptII/ptolemy/actor/lib/test/auto/StopDE.xml
2 ms. Memory: 1240064K Free: 307220K (25%)
----------------- Invoking toplevel() on ptolemy.moml.MoMLSimpleApplication@5f4907a
----------------- Done invoking toplevel() on ptolemy.moml.MoMLSimpleApplication@5f4907a
reloadAllAccessors: .StopDE
----------------- testing Thu May 10 17:35:18 UTC 2018 /home/travis/build/icyphy/ptII/ptolemy/actor/lib/test/auto/StopSDF.xml
----------------- Instantiating /home/travis/build/icyphy/ptII/ptolemy/actor/lib/test/auto/StopSDF.xml
2 ms. Memory: 1240064K Free: 292003K (24%)
----------------- Invoking toplevel() on ptolemy.moml.MoMLSimpleApplication@3c2c36fb
----------------- Done invoking toplevel() on ptolemy.moml.MoMLSimpleApplication@3c2c36fb
reloadAllAccessors: .StopSDF
----------------- testing Thu May 10 17:35:18 UTC 2018 /home/travis/build/icyphy/ptII/ptolemy/actor/lib/test/auto/StringConstant.xml
----------------- Instantiating /home/travis/build/icyphy/ptII/ptolemy/actor/lib/test/auto/StringConstant.xml
1 ms. Memory: 1240064K Free: 272242K (22%)
----------------- Invoking toplevel() on ptolemy.moml.MoMLSimpleApplication@628ac0af
----------------- Done invoking toplevel() on ptolemy.moml.MoMLSimpleApplication@628ac0af
reloadAllAccessors: .StringConstant
----------------- testing Thu May 10 17:35:18 UTC 2018 /home/travis/build/icyphy/ptII/ptolemy/actor/lib/test/auto/SubscriberPortInitialValues1.xml
----------------- Instantiating /home/travis/build/icyphy/ptII/ptolemy/actor/lib/test/auto/SubscriberPortInitialValues1.xml
8 ms. Memory: 1240064K Free: 257025K (21%)
----------------- Invoking toplevel() on ptolemy.moml.MoMLSimpleApplication@5233aef7
----------------- Done invoking toplevel() on ptolemy.moml.MoMLSimpleApplication@5233aef7
reloadAllAccessors: .SubscriberPortInitialValues1
----------------- testing Thu May 10 17:35:19 UTC 2018 /home/travis/build/icyphy/ptII/ptolemy/actor/lib/test/auto/SubscriberPortInitialValues13.xml
----------------- Instantiating /home/travis/build/icyphy/ptII/ptolemy/actor/lib/test/auto/SubscriberPortInitialValues13.xml
3 ms. Memory: 1240064K Free: 229639K (19%)
----------------- Invoking toplevel() on ptolemy.moml.MoMLSimpleApplication@406b8a32
----------------- Done invoking toplevel() on ptolemy.moml.MoMLSimpleApplication@406b8a32
reloadAllAccessors: .SubscriberPortInitialValues13
----------------- testing Thu May 10 17:35:19 UTC 2018 /home/travis/build/icyphy/ptII/ptolemy/actor/lib/test/auto/SubscriberPortInitialValues14.xml
----------------- Instantiating /home/travis/build/icyphy/ptII/ptolemy/actor/lib/test/auto/SubscriberPortInitialValues14.xml
3 ms. Memory: 1240064K Free: 214422K (17%)
----------------- Invoking toplevel() on ptolemy.moml.MoMLSimpleApplication@1b5d069e
----------------- Done invoking toplevel() on ptolemy.moml.MoMLSimpleApplication@1b5d069e
reloadAllAccessors: .SubscriberPortInitialValues14
----------------- testing Thu May 10 17:35:19 UTC 2018 /home/travis/build/icyphy/ptII/ptolemy/actor/lib/test/auto/SubscriberPortInitialValues2.xml
----------------- Instantiating /home/travis/build/icyphy/ptII/ptolemy/actor/lib/test/auto/SubscriberPortInitialValues2.xml
3 ms. Memory: 1240064K Free: 194660K (16%)
----------------- Invoking toplevel() on ptolemy.moml.MoMLSimpleApplication@3e4e9282
----------------- Done invoking toplevel() on ptolemy.moml.MoMLSimpleApplication@3e4e9282
reloadAllAccessors: .SubscriberPortInitialValues2
----------------- testing Thu May 10 17:35:19 UTC 2018 /home/travis/build/icyphy/ptII/ptolemy/actor/lib/test/auto/SubscriberPortInitialValues3.xml
----------------- Instantiating /home/travis/build/icyphy/ptII/ptolemy/actor/lib/test/auto/SubscriberPortInitialValues3.xml
3 ms. Memory: 1240064K Free: 171827K (14%)
----------------- Invoking toplevel() on ptolemy.moml.MoMLSimpleApplication@7b0c2dda
----------------- Done invoking toplevel() on ptolemy.moml.MoMLSimpleApplication@7b0c2dda
reloadAllAccessors: .SubscriberPortInitialValues3
----------------- testing Thu May 10 17:35:19 UTC 2018 /home/travis/build/icyphy/ptII/ptolemy/actor/lib/test/auto/SubscriptionAggregator.xml
----------------- Instantiating /home/travis/build/icyphy/ptII/ptolemy/actor/lib/test/auto/SubscriptionAggregator.xml
2 ms. Memory: 1240064K Free: 152065K (12%)
----------------- Invoking toplevel() on ptolemy.moml.MoMLSimpleApplication@70bfa351
----------------- Done invoking toplevel() on ptolemy.moml.MoMLSimpleApplication@70bfa351
reloadAllAccessors: .SubscriptionAggregator
----------------- testing Thu May 10 17:35:19 UTC 2018 /home/travis/build/icyphy/ptII/ptolemy/actor/lib/test/auto/SubscriptionAggregator2.xml
----------------- Instantiating /home/travis/build/icyphy/ptII/ptolemy/actor/lib/test/auto/SubscriptionAggregator2.xml
3 ms. Memory: 1240064K Free: 132303K (11%)
----------------- Invoking toplevel() on ptolemy.moml.MoMLSimpleApplication@57dc3084
----------------- Done invoking toplevel() on ptolemy.moml.MoMLSimpleApplication@57dc3084
reloadAllAccessors: .SubscriptionAggregator2
----------------- testing Thu May 10 17:35:19 UTC 2018 /home/travis/build/icyphy/ptII/ptolemy/actor/lib/test/auto/SubscriptionAggregator3.xml
----------------- Instantiating /home/travis/build/icyphy/ptII/ptolemy/actor/lib/test/auto/SubscriptionAggregator3.xml
1 ms. Memory: 1240064K Free: 117086K (9%)
----------------- Invoking toplevel() on ptolemy.moml.MoMLSimpleApplication@2ed21157
----------------- Done invoking toplevel() on ptolemy.moml.MoMLSimpleApplication@2ed21157
reloadAllAccessors: .SubscriptionAggregator3
----------------- testing Thu May 10 17:35:19 UTC 2018 /home/travis/build/icyphy/ptII/ptolemy/actor/lib/test/auto/SubscriptionAggregatorMultiply.xml
----------------- Instantiating /home/travis/build/icyphy/ptII/ptolemy/actor/lib/test/auto/SubscriptionAggregatorMultiply.xml
3 ms. Memory: 1240064K Free: 97324K (8%)
----------------- Invoking toplevel() on ptolemy.moml.MoMLSimpleApplication@18c2251a
----------------- Done invoking toplevel() on ptolemy.moml.MoMLSimpleApplication@18c2251a
reloadAllAccessors: .SubscriptionAggregatorMultiply
----------------- testing Thu May 10 17:35:19 UTC 2018 /home/travis/build/icyphy/ptII/ptolemy/actor/lib/test/auto/SubscriptionAggregatorPortMultiply1.xml
----------------- Instantiating /home/travis/build/icyphy/ptII/ptolemy/actor/lib/test/auto/SubscriptionAggregatorPortMultiply1.xml
3 ms. Memory: 1240064K Free: 82107K (7%)
----------------- Invoking toplevel() on ptolemy.moml.MoMLSimpleApplication@6dc6ad44
----------------- Done invoking toplevel() on ptolemy.moml.MoMLSimpleApplication@6dc6ad44
reloadAllAccessors: .SubscriptionAggregatorPortMultiply1
----------------- testing Thu May 10 17:35:19 UTC 2018 /home/travis/build/icyphy/ptII/ptolemy/actor/lib/test/auto/Switch.xml
----------------- Instantiating /home/travis/build/icyphy/ptII/ptolemy/actor/lib/test/auto/Switch.xml
11 ms. Memory: 1257984K Free: 1187566K (94%)
----------------- Invoking toplevel() on ptolemy.moml.MoMLSimpleApplication@5393d2b8
----------------- Done invoking toplevel() on ptolemy.moml.MoMLSimpleApplication@5393d2b8
reloadAllAccessors: .Switch
----------------- testing Thu May 10 17:35:19 UTC 2018 /home/travis/build/icyphy/ptII/ptolemy/actor/lib/test/auto/Switch2.xml
----------------- Instantiating /home/travis/build/icyphy/ptII/ptolemy/actor/lib/test/auto/Switch2.xml
1 ms. Memory: 1257984K Free: 1170844K (93%)
----------------- Invoking toplevel() on ptolemy.moml.MoMLSimpleApplication@951462c
----------------- Done invoking toplevel() on ptolemy.moml.MoMLSimpleApplication@951462c
reloadAllAccessors: .Switch2
----------------- testing Thu May 10 17:35:19 UTC 2018 /home/travis/build/icyphy/ptII/ptolemy/actor/lib/test/auto/SwitchDE.xml
----------------- Instantiating /home/travis/build/icyphy/ptII/ptolemy/actor/lib/test/auto/SwitchDE.xml
1 ms. Memory: 1257984K Free: 1157936K (92%)
----------------- Invoking toplevel() on ptolemy.moml.MoMLSimpleApplication@6d665966
----------------- Done invoking toplevel() on ptolemy.moml.MoMLSimpleApplication@6d665966
reloadAllAccessors: .SwitchDE
----------------- testing Thu May 10 17:35:19 UTC 2018 /home/travis/build/icyphy/ptII/ptolemy/actor/lib/test/auto/SynchronizerDE.xml
----------------- Instantiating /home/travis/build/icyphy/ptII/ptolemy/actor/lib/test/auto/SynchronizerDE.xml
2 ms. Memory: 1257984K Free: 1144210K (91%)
----------------- Invoking toplevel() on ptolemy.moml.MoMLSimpleApplication@4e91c43a
----------------- Done invoking toplevel() on ptolemy.moml.MoMLSimpleApplication@4e91c43a
reloadAllAccessors: .SynchronizerDE
----------------- testing Thu May 10 17:35:19 UTC 2018 /home/travis/build/icyphy/ptII/ptolemy/actor/lib/test/auto/Test.xml
----------------- Instantiating /home/travis/build/icyphy/ptII/ptolemy/actor/lib/test/auto/Test.xml
2 ms. Memory: 1257984K Free: 1131301K (90%)
----------------- Invoking toplevel() on ptolemy.moml.MoMLSimpleApplication@5c07f6f1
----------------- Done invoking toplevel() on ptolemy.moml.MoMLSimpleApplication@5c07f6f1
reloadAllAccessors: .Test
----------------- testing Thu May 10 17:35:19 UTC 2018 /home/travis/build/icyphy/ptII/ptolemy/actor/lib/test/auto/TestExceptionAttribute1.xml
----------------- Instantiating /home/travis/build/icyphy/ptII/ptolemy/actor/lib/test/auto/TestExceptionAttribute1.xml
1 ms. Memory: 1257984K Free: 1118392K (89%)
----------------- Invoking toplevel() on ptolemy.moml.MoMLSimpleApplication@664b8f2d
----------------- Done invoking toplevel() on ptolemy.moml.MoMLSimpleApplication@664b8f2d
reloadAllAccessors: .TestExceptionAttribute1
----------------- testing Thu May 10 17:35:19 UTC 2018 /home/travis/build/icyphy/ptII/ptolemy/actor/lib/test/auto/TestExceptionAttribute2.xml
----------------- Instantiating /home/travis/build/icyphy/ptII/ptolemy/actor/lib/test/auto/TestExceptionAttribute2.xml
0 ms. Memory: 1257984K Free: 1109242K (88%)
----------------- Invoking toplevel() on ptolemy.moml.MoMLSimpleApplication@43df7f1f
----------------- Done invoking toplevel() on ptolemy.moml.MoMLSimpleApplication@43df7f1f
reloadAllAccessors: .TestExceptionAttribute2
----------------- testing Thu May 10 17:35:19 UTC 2018 /home/travis/build/icyphy/ptII/ptolemy/actor/lib/test/auto/TestExceptionAttribute3.xml
----------------- Instantiating /home/travis/build/icyphy/ptII/ptolemy/actor/lib/test/auto/TestExceptionAttribute3.xml
.TestExceptionAttribute3.TestExceptionAttribute: initialize() was not invoked, but wrapup() was.  This is unusual, but not always a problem.  For example, exporting JNLP will do this.
1 ms. Memory: 1257984K Free: 1096333K (87%)
----------------- Invoking toplevel() on ptolemy.moml.MoMLSimpleApplication@3c1eaa1f
----------------- Done invoking toplevel() on ptolemy.moml.MoMLSimpleApplication@3c1eaa1f
reloadAllAccessors: .TestExceptionAttribute3
----------------- testing Thu May 10 17:35:19 UTC 2018 /home/travis/build/icyphy/ptII/ptolemy/actor/lib/test/auto/TestExceptionAttribute4.xml
----------------- Instantiating /home/travis/build/icyphy/ptII/ptolemy/actor/lib/test/auto/TestExceptionAttribute4.xml
.TestExceptionAttribute4.TestExceptionAttribute: initialize() was not invoked, but wrapup() was.  This is unusual, but not always a problem.  For example, exporting JNLP will do this.
.TestExceptionAttribute4.TestExceptionAttribute2: initialize() was not invoked, but wrapup() was.  This is unusual, but not always a problem.  For example, exporting JNLP will do this.
0 ms. Memory: 1257984K Free: 1083424K (86%)
----------------- Invoking toplevel() on ptolemy.moml.MoMLSimpleApplication@76eb38a2
----------------- Done invoking toplevel() on ptolemy.moml.MoMLSimpleApplication@76eb38a2
reloadAllAccessors: .TestExceptionAttribute4
----------------- testing Thu May 10 17:35:19 UTC 2018 /home/travis/build/icyphy/ptII/ptolemy/actor/lib/test/auto/TestExceptionHandler1.xml
----------------- Instantiating /home/travis/build/icyphy/ptII/ptolemy/actor/lib/test/auto/TestExceptionHandler1.xml
1 ms. Memory: 1257984K Free: 1074273K (85%)
----------------- Invoking toplevel() on ptolemy.moml.MoMLSimpleApplication@443b20d3
----------------- Done invoking toplevel() on ptolemy.moml.MoMLSimpleApplication@443b20d3
reloadAllAccessors: .TestExceptionHandler1
----------------- testing Thu May 10 17:35:19 UTC 2018 /home/travis/build/icyphy/ptII/ptolemy/actor/lib/test/auto/TestExceptionHandler2.xml
----------------- Instantiating /home/travis/build/icyphy/ptII/ptolemy/actor/lib/test/auto/TestExceptionHandler2.xml
0 ms. Memory: 1257984K Free: 1061364K (84%)
----------------- Invoking toplevel() on ptolemy.moml.MoMLSimpleApplication@1244307a
----------------- Done invoking toplevel() on ptolemy.moml.MoMLSimpleApplication@1244307a
reloadAllAccessors: .TestExceptionHandler2
----------------- testing Thu May 10 17:35:19 UTC 2018 /home/travis/build/icyphy/ptII/ptolemy/actor/lib/test/auto/TestExceptionHandler3.xml
----------------- Instantiating /home/travis/build/icyphy/ptII/ptolemy/actor/lib/test/auto/TestExceptionHandler3.xml
0 ms. Memory: 1257984K Free: 1048455K (83%)
----------------- Invoking toplevel() on ptolemy.moml.MoMLSimpleApplication@1e0272ee
----------------- Done invoking toplevel() on ptolemy.moml.MoMLSimpleApplication@1e0272ee
reloadAllAccessors: .TestExceptionHandler3
----------------- testing Thu May 10 17:35:19 UTC 2018 /home/travis/build/icyphy/ptII/ptolemy/actor/lib/test/auto/TestExceptionHandler4.xml
----------------- Instantiating /home/travis/build/icyphy/ptII/ptolemy/actor/lib/test/auto/TestExceptionHandler4.xml
0 ms. Memory: 1257984K Free: 1039305K (83%)
----------------- Invoking toplevel() on ptolemy.moml.MoMLSimpleApplication@11582e14
----------------- Done invoking toplevel() on ptolemy.moml.MoMLSimpleApplication@11582e14
reloadAllAccessors: .TestExceptionHandler4
----------------- testing Thu May 10 17:35:19 UTC 2018 /home/travis/build/icyphy/ptII/ptolemy/actor/lib/test/auto/TestRequireCorrectOrder.xml
----------------- Instantiating /home/travis/build/icyphy/ptII/ptolemy/actor/lib/test/auto/TestRequireCorrectOrder.xml
2 ms. Memory: 1257984K Free: 1026396K (82%)
----------------- Invoking toplevel() on ptolemy.moml.MoMLSimpleApplication@748a0517
----------------- Done invoking toplevel() on ptolemy.moml.MoMLSimpleApplication@748a0517
reloadAllAccessors: .TestRequireCorrectOrder
----------------- testing Thu May 10 17:35:19 UTC 2018 /home/travis/build/icyphy/ptII/ptolemy/actor/lib/test/auto/TestSimple.xml
----------------- Instantiating /home/travis/build/icyphy/ptII/ptolemy/actor/lib/test/auto/TestSimple.xml
1 ms. Memory: 1257984K Free: 1013487K (81%)
----------------- Invoking toplevel() on ptolemy.moml.MoMLSimpleApplication@162b3f15
----------------- Done invoking toplevel() on ptolemy.moml.MoMLSimpleApplication@162b3f15
reloadAllAccessors: .TestSimple
----------------- testing Thu May 10 17:35:19 UTC 2018 /home/travis/build/icyphy/ptII/ptolemy/actor/lib/test/auto/ThrowModelError.xml
----------------- Instantiating /home/travis/build/icyphy/ptII/ptolemy/actor/lib/test/auto/ThrowModelError.xml
1 ms. Memory: 1257984K Free: 1004337K (80%)
----------------- Invoking toplevel() on ptolemy.moml.MoMLSimpleApplication@e120966
----------------- Done invoking toplevel() on ptolemy.moml.MoMLSimpleApplication@e120966
reloadAllAccessors: .ThrowModelError
----------------- testing Thu May 10 17:35:19 UTC 2018 /home/travis/build/icyphy/ptII/ptolemy/actor/lib/test/auto/TimeDelayMicrosteps.xml
----------------- Instantiating /home/travis/build/icyphy/ptII/ptolemy/actor/lib/test/auto/TimeDelayMicrosteps.xml
2 ms. Memory: 1257984K Free: 991428K (79%)
----------------- Invoking toplevel() on ptolemy.moml.MoMLSimpleApplication@94a0bf
----------------- Done invoking toplevel() on ptolemy.moml.MoMLSimpleApplication@94a0bf
reloadAllAccessors: .TimeDelayMicrosteps
----------------- testing Thu May 10 17:35:19 UTC 2018 /home/travis/build/icyphy/ptII/ptolemy/actor/lib/test/auto/TimeDelayMicrosteps2.xml
----------------- Instantiating /home/travis/build/icyphy/ptII/ptolemy/actor/lib/test/auto/TimeDelayMicrosteps2.xml
2 ms. Memory: 1257984K Free: 973928K (77%)
----------------- Invoking toplevel() on ptolemy.moml.MoMLSimpleApplication@1ac5483e
----------------- Done invoking toplevel() on ptolemy.moml.MoMLSimpleApplication@1ac5483e
reloadAllAccessors: .TimeDelayMicrosteps2
----------------- testing Thu May 10 17:35:19 UTC 2018 /home/travis/build/icyphy/ptII/ptolemy/actor/lib/test/auto/TimeDelayMicrosteps3.xml
----------------- Instantiating /home/travis/build/icyphy/ptII/ptolemy/actor/lib/test/auto/TimeDelayMicrosteps3.xml
2 ms. Memory: 1257984K Free: 964778K (77%)
----------------- Invoking toplevel() on ptolemy.moml.MoMLSimpleApplication@5844930f
----------------- Done invoking toplevel() on ptolemy.moml.MoMLSimpleApplication@5844930f
reloadAllAccessors: .TimeDelayMicrosteps3
----------------- testing Thu May 10 17:35:19 UTC 2018 /home/travis/build/icyphy/ptII/ptolemy/actor/lib/test/auto/TimeDelayVariableMicrosteps.xml
----------------- Instantiating /home/travis/build/icyphy/ptII/ptolemy/actor/lib/test/auto/TimeDelayVariableMicrosteps.xml
1 ms. Memory: 1257984K Free: 951869K (76%)
----------------- Invoking toplevel() on ptolemy.moml.MoMLSimpleApplication@3e53ef64
----------------- Done invoking toplevel() on ptolemy.moml.MoMLSimpleApplication@3e53ef64
reloadAllAccessors: .TimeDelayVariableMicrosteps
----------------- testing Thu May 10 17:35:19 UTC 2018 /home/travis/build/icyphy/ptII/ptolemy/actor/lib/test/auto/TimeGap.xml
----------------- Instantiating /home/travis/build/icyphy/ptII/ptolemy/actor/lib/test/auto/TimeGap.xml
2 ms. Memory: 1257984K Free: 938960K (75%)
----------------- Invoking toplevel() on ptolemy.moml.MoMLSimpleApplication@7fd546b
----------------- Done invoking toplevel() on ptolemy.moml.MoMLSimpleApplication@7fd546b
reloadAllAccessors: .TimeGap
----------------- testing Thu May 10 17:35:19 UTC 2018 /home/travis/build/icyphy/ptII/ptolemy/actor/lib/test/auto/TimeGap2.xml
----------------- Instantiating /home/travis/build/icyphy/ptII/ptolemy/actor/lib/test/auto/TimeGap2.xml
2 ms. Memory: 1257984K Free: 929809K (74%)
----------------- Invoking toplevel() on ptolemy.moml.MoMLSimpleApplication@5dc8e96b
----------------- Done invoking toplevel() on ptolemy.moml.MoMLSimpleApplication@5dc8e96b
reloadAllAccessors: .TimeGap2
----------------- testing Thu May 10 17:35:19 UTC 2018 /home/travis/build/icyphy/ptII/ptolemy/actor/lib/test/auto/TimedSinewave.xml
----------------- Instantiating /home/travis/build/icyphy/ptII/ptolemy/actor/lib/test/auto/TimedSinewave.xml
9 ms. Memory: 1257984K Free: 907734K (72%)
----------------- Invoking toplevel() on ptolemy.moml.MoMLSimpleApplication@77b59637
----------------- Done invoking toplevel() on ptolemy.moml.MoMLSimpleApplication@77b59637
reloadAllAccessors: .TimedSinewave
----------------- testing Thu May 10 17:35:19 UTC 2018 /home/travis/build/icyphy/ptII/ptolemy/actor/lib/test/auto/TimedSinewavePhase.xml
----------------- Instantiating /home/travis/build/icyphy/ptII/ptolemy/actor/lib/test/auto/TimedSinewavePhase.xml
6 ms. Memory: 1257984K Free: 890249K (71%)
----------------- Invoking toplevel() on ptolemy.moml.MoMLSimpleApplication@552cf721
----------------- Done invoking toplevel() on ptolemy.moml.MoMLSimpleApplication@552cf721
reloadAllAccessors: .TimedSinewavePhase
----------------- testing Thu May 10 17:35:19 UTC 2018 /home/travis/build/icyphy/ptII/ptolemy/actor/lib/test/auto/Timer.xml
----------------- Instantiating /home/travis/build/icyphy/ptII/ptolemy/actor/lib/test/auto/Timer.xml
1 ms. Memory: 1257984K Free: 881099K (70%)
----------------- Invoking toplevel() on ptolemy.moml.MoMLSimpleApplication@3ce9305a
----------------- Done invoking toplevel() on ptolemy.moml.MoMLSimpleApplication@3ce9305a
reloadAllAccessors: .Timer
----------------- testing Thu May 10 17:35:19 UTC 2018 /home/travis/build/icyphy/ptII/ptolemy/actor/lib/test/auto/TriangularDistTestModel.xml
----------------- Instantiating /home/travis/build/icyphy/ptII/ptolemy/actor/lib/test/auto/TriangularDistTestModel.xml
1 ms. Memory: 1257984K Free: 868190K (69%)
----------------- Invoking toplevel() on ptolemy.moml.MoMLSimpleApplication@4bbe8617
----------------- Done invoking toplevel() on ptolemy.moml.MoMLSimpleApplication@4bbe8617
reloadAllAccessors: .TriangularDistTestModel
----------------- testing Thu May 10 17:35:19 UTC 2018 /home/travis/build/icyphy/ptII/ptolemy/actor/lib/test/auto/TrigFunction.xml
----------------- Instantiating /home/travis/build/icyphy/ptII/ptolemy/actor/lib/test/auto/TrigFunction.xml
1 ms. Memory: 1257984K Free: 855282K (68%)
----------------- Invoking toplevel() on ptolemy.moml.MoMLSimpleApplication@1d8df407
----------------- Done invoking toplevel() on ptolemy.moml.MoMLSimpleApplication@1d8df407
reloadAllAccessors: .TrigFunction
----------------- testing Thu May 10 17:35:19 UTC 2018 /home/travis/build/icyphy/ptII/ptolemy/actor/lib/test/auto/TrigFunctionDE.xml
----------------- Instantiating /home/travis/build/icyphy/ptII/ptolemy/actor/lib/test/auto/TrigFunctionDE.xml
1 ms. Memory: 1257984K Free: 846131K (67%)
----------------- Invoking toplevel() on ptolemy.moml.MoMLSimpleApplication@1cf35776
----------------- Done invoking toplevel() on ptolemy.moml.MoMLSimpleApplication@1cf35776
reloadAllAccessors: .TrigFunctionDE
----------------- testing Thu May 10 17:35:19 UTC 2018 /home/travis/build/icyphy/ptII/ptolemy/actor/lib/test/auto/TrigFunctionInverse.xml
----------------- Instantiating /home/travis/build/icyphy/ptII/ptolemy/actor/lib/test/auto/TrigFunctionInverse.xml
2 ms. Memory: 1257984K Free: 833222K (66%)
----------------- Invoking toplevel() on ptolemy.moml.MoMLSimpleApplication@cb15687
----------------- Done invoking toplevel() on ptolemy.moml.MoMLSimpleApplication@cb15687
reloadAllAccessors: .TrigFunctionInverse
----------------- testing Thu May 10 17:35:19 UTC 2018 /home/travis/build/icyphy/ptII/ptolemy/actor/lib/test/auto/TrigFunctionTan.xml
----------------- Instantiating /home/travis/build/icyphy/ptII/ptolemy/actor/lib/test/auto/TrigFunctionTan.xml
1 ms. Memory: 1257984K Free: 820313K (65%)
----------------- Invoking toplevel() on ptolemy.moml.MoMLSimpleApplication@4ffd951f
----------------- Done invoking toplevel() on ptolemy.moml.MoMLSimpleApplication@4ffd951f
reloadAllAccessors: .TrigFunctionTan
----------------- testing Thu May 10 17:35:19 UTC 2018 /home/travis/build/icyphy/ptII/ptolemy/actor/lib/test/auto/TriggeredClock.xml
----------------- Instantiating /home/travis/build/icyphy/ptII/ptolemy/actor/lib/test/auto/TriggeredClock.xml
1 ms. Memory: 1257984K Free: 811163K (64%)
----------------- Invoking toplevel() on ptolemy.moml.MoMLSimpleApplication@41f589c8
----------------- Done invoking toplevel() on ptolemy.moml.MoMLSimpleApplication@41f589c8
reloadAllAccessors: .TriggeredClock
----------------- testing Thu May 10 17:35:19 UTC 2018 /home/travis/build/icyphy/ptII/ptolemy/actor/lib/test/auto/URLDirectoryReader.xml
----------------- Instantiating /home/travis/build/icyphy/ptII/ptolemy/actor/lib/test/auto/URLDirectoryReader.xml
18 ms. Memory: 1257984K Free: 793679K (63%)
----------------- Invoking toplevel() on ptolemy.moml.MoMLSimpleApplication@199905fc
----------------- Done invoking toplevel() on ptolemy.moml.MoMLSimpleApplication@199905fc
reloadAllAccessors: .URLDirectoryReader
----------------- testing Thu May 10 17:35:19 UTC 2018 /home/travis/build/icyphy/ptII/ptolemy/actor/lib/test/auto/URLDirectoryReader3.xml
----------------- Instantiating /home/travis/build/icyphy/ptII/ptolemy/actor/lib/test/auto/URLDirectoryReader3.xml
1119 ms. Memory: 1257984K Free: 748741K (60%)
----------------- Invoking toplevel() on ptolemy.moml.MoMLSimpleApplication@7a908bce
----------------- Done invoking toplevel() on ptolemy.moml.MoMLSimpleApplication@7a908bce
reloadAllAccessors: .URLDirectoryReader3
----------------- testing Thu May 10 17:35:20 UTC 2018 /home/travis/build/icyphy/ptII/ptolemy/actor/lib/test/auto/UnaryMathFunction.xml
----------------- Instantiating /home/travis/build/icyphy/ptII/ptolemy/actor/lib/test/auto/UnaryMathFunction.xml
2 ms. Memory: 1257984K Free: 734999K (58%)
----------------- Invoking toplevel() on ptolemy.moml.MoMLSimpleApplication@b7268aa
----------------- Done invoking toplevel() on ptolemy.moml.MoMLSimpleApplication@b7268aa
reloadAllAccessors: .UnaryMathFunction
----------------- testing Thu May 10 17:35:20 UTC 2018 /home/travis/build/icyphy/ptII/ptolemy/actor/lib/test/auto/Uniform.xml
----------------- Instantiating /home/travis/build/icyphy/ptII/ptolemy/actor/lib/test/auto/Uniform.xml
1 ms. Memory: 1257984K Free: 722090K (57%)
----------------- Invoking toplevel() on ptolemy.moml.MoMLSimpleApplication@241d1fcd
----------------- Done invoking toplevel() on ptolemy.moml.MoMLSimpleApplication@241d1fcd
reloadAllAccessors: .Uniform
----------------- testing Thu May 10 17:35:20 UTC 2018 /home/travis/build/icyphy/ptII/ptolemy/actor/lib/test/auto/UnionDisassemblerTest.xml
----------------- Instantiating /home/travis/build/icyphy/ptII/ptolemy/actor/lib/test/auto/UnionDisassemblerTest.xml
7 ms. Memory: 1257984K Free: 709181K (56%)
----------------- Invoking toplevel() on ptolemy.moml.MoMLSimpleApplication@34e83744
----------------- Done invoking toplevel() on ptolemy.moml.MoMLSimpleApplication@34e83744
reloadAllAccessors: .UnionDisassemblerTest
----------------- testing Thu May 10 17:35:20 UTC 2018 /home/travis/build/icyphy/ptII/ptolemy/actor/lib/test/auto/UtilityFunctions.xml
----------------- Instantiating /home/travis/build/icyphy/ptII/ptolemy/actor/lib/test/auto/UtilityFunctions.xml
1 ms. Memory: 1257984K Free: 700031K (56%)
----------------- Invoking toplevel() on ptolemy.moml.MoMLSimpleApplication@6d052cfc
----------------- Done invoking toplevel() on ptolemy.moml.MoMLSimpleApplication@6d052cfc
reloadAllAccessors: .UtilityFunctions
----------------- testing Thu May 10 17:35:20 UTC 2018 /home/travis/build/icyphy/ptII/ptolemy/actor/lib/test/auto/VariableSleep.xml
----------------- Instantiating /home/travis/build/icyphy/ptII/ptolemy/actor/lib/test/auto/VariableSleep.xml
502 ms. Memory: 1257984K Free: 687122K (55%)
----------------- Invoking toplevel() on ptolemy.moml.MoMLSimpleApplication@5c1718a1
----------------- Done invoking toplevel() on ptolemy.moml.MoMLSimpleApplication@5c1718a1
reloadAllAccessors: .VariableSleep
----------------- testing Thu May 10 17:35:21 UTC 2018 /home/travis/build/icyphy/ptII/ptolemy/actor/lib/test/auto/VectorAssemblerDisassemblerCT.xml
----------------- Instantiating /home/travis/build/icyphy/ptII/ptolemy/actor/lib/test/auto/VectorAssemblerDisassemblerCT.xml
72 ms. Memory: 1257984K Free: 655880K (52%)
----------------- Invoking toplevel() on ptolemy.moml.MoMLSimpleApplication@323ad5c6
----------------- Done invoking toplevel() on ptolemy.moml.MoMLSimpleApplication@323ad5c6
reloadAllAccessors: .VectorAssemblerDisassemblerCT
----------------- testing Thu May 10 17:35:21 UTC 2018 /home/travis/build/icyphy/ptII/ptolemy/actor/lib/test/auto/VectorAssemblerDisassemblerDE.xml
----------------- Instantiating /home/travis/build/icyphy/ptII/ptolemy/actor/lib/test/auto/VectorAssemblerDisassemblerDE.xml
2 ms. Memory: 1257984K Free: 642138K (51%)
----------------- Invoking toplevel() on ptolemy.moml.MoMLSimpleApplication@18d1cabc
----------------- Done invoking toplevel() on ptolemy.moml.MoMLSimpleApplication@18d1cabc
reloadAllAccessors: .VectorAssemblerDisassemblerDE
----------------- testing Thu May 10 17:35:21 UTC 2018 /home/travis/build/icyphy/ptII/ptolemy/actor/lib/test/auto/VectorAssemblerDisassemblerSDF.xml
----------------- Instantiating /home/travis/build/icyphy/ptII/ptolemy/actor/lib/test/auto/VectorAssemblerDisassemblerSDF.xml
2 ms. Memory: 1257984K Free: 629230K (50%)
----------------- Invoking toplevel() on ptolemy.moml.MoMLSimpleApplication@35e6dbff
----------------- Done invoking toplevel() on ptolemy.moml.MoMLSimpleApplication@35e6dbff
reloadAllAccessors: .VectorAssemblerDisassemblerSDF
----------------- testing Thu May 10 17:35:21 UTC 2018 /home/travis/build/icyphy/ptII/ptolemy/actor/lib/test/auto/WallClockTime.xml
----------------- Instantiating /home/travis/build/icyphy/ptII/ptolemy/actor/lib/test/auto/WallClockTime.xml
1004 ms. Memory: 1257984K Free: 616321K (49%)
----------------- Invoking toplevel() on ptolemy.moml.MoMLSimpleApplication@7b2d5886
----------------- Done invoking toplevel() on ptolemy.moml.MoMLSimpleApplication@7b2d5886
reloadAllAccessors: .WallClockTime
----------------- testing Thu May 10 17:35:22 UTC 2018 /home/travis/build/icyphy/ptII/ptolemy/actor/lib/test/auto/WidthTestWithSubscriberPublisher.xml
----------------- Instantiating /home/travis/build/icyphy/ptII/ptolemy/actor/lib/test/auto/WidthTestWithSubscriberPublisher.xml
6 ms. Memory: 1257984K Free: 593429K (47%)
----------------- Invoking toplevel() on ptolemy.moml.MoMLSimpleApplication@76422454
----------------- Done invoking toplevel() on ptolemy.moml.MoMLSimpleApplication@76422454
reloadAllAccessors: .WidthTestWithSubscriberPublisher
----------------- testing Thu May 10 17:35:22 UTC 2018 /home/travis/build/icyphy/ptII/ptolemy/actor/lib/test/auto/WidthTestWithSubscriberPublisher2.xml
----------------- Instantiating /home/travis/build/icyphy/ptII/ptolemy/actor/lib/test/auto/WidthTestWithSubscriberPublisher2.xml
2 ms. Memory: 1257984K Free: 580520K (46%)
----------------- Invoking toplevel() on ptolemy.moml.MoMLSimpleApplication@66559bbf
----------------- Done invoking toplevel() on ptolemy.moml.MoMLSimpleApplication@66559bbf
reloadAllAccessors: .WidthTestWithSubscriberPublisher2
----------------- testing Thu May 10 17:35:22 UTC 2018 /home/travis/build/icyphy/ptII/ptolemy/actor/lib/test/auto/WidthTestWithSubscriberPublisher3.xml
----------------- Instantiating /home/travis/build/icyphy/ptII/ptolemy/actor/lib/test/auto/WidthTestWithSubscriberPublisher3.xml
1 ms. Memory: 1257984K Free: 567611K (45%)
----------------- Invoking toplevel() on ptolemy.moml.MoMLSimpleApplication@d2bdd33
----------------- Done invoking toplevel() on ptolemy.moml.MoMLSimpleApplication@d2bdd33
reloadAllAccessors: .WidthTestWithSubscriberPublisher3
----------------- testing Thu May 10 17:35:22 UTC 2018 /home/travis/build/icyphy/ptII/ptolemy/actor/lib/test/auto/Writer.xml
----------------- Instantiating /home/travis/build/icyphy/ptII/ptolemy/actor/lib/test/auto/Writer.xml
0
1
2
3
4
1 ms. Memory: 1257984K Free: 558461K (44%)
----------------- Invoking toplevel() on ptolemy.moml.MoMLSimpleApplication@72bdae0c
----------------- Done invoking toplevel() on ptolemy.moml.MoMLSimpleApplication@72bdae0c
reloadAllAccessors: .Writer
----------------- testing Thu May 10 17:35:22 UTC 2018 /home/travis/build/icyphy/ptII/ptolemy/actor/lib/test/auto/array.xml
----------------- Instantiating /home/travis/build/icyphy/ptII/ptolemy/actor/lib/test/auto/array.xml
1 ms. Memory: 1257984K Free: 545552K (43%)
----------------- Invoking toplevel() on ptolemy.moml.MoMLSimpleApplication@1694a1d1
----------------- Done invoking toplevel() on ptolemy.moml.MoMLSimpleApplication@1694a1d1
reloadAllAccessors: .array
----------------- testing Thu May 10 17:35:22 UTC 2018 /home/travis/build/icyphy/ptII/ptolemy/actor/lib/test/auto/array2.xml
----------------- Instantiating /home/travis/build/icyphy/ptII/ptolemy/actor/lib/test/auto/array2.xml
3 ms. Memory: 1257984K Free: 532643K (42%)
----------------- Invoking toplevel() on ptolemy.moml.MoMLSimpleApplication@4273cdc8
----------------- Done invoking toplevel() on ptolemy.moml.MoMLSimpleApplication@4273cdc8
reloadAllAccessors: .array2
----------------- testing Thu May 10 17:35:22 UTC 2018 /home/travis/build/icyphy/ptII/ptolemy/actor/lib/test/auto/arrayType.xml
----------------- Instantiating /home/travis/build/icyphy/ptII/ptolemy/actor/lib/test/auto/arrayType.xml
1 ms. Memory: 1257984K Free: 523492K (42%)
----------------- Invoking toplevel() on ptolemy.moml.MoMLSimpleApplication@200f3f93
----------------- Done invoking toplevel() on ptolemy.moml.MoMLSimpleApplication@200f3f93
reloadAllAccessors: .arrayType
----------------- testing Thu May 10 17:35:22 UTC 2018 /home/travis/build/icyphy/ptII/ptolemy/actor/lib/test/auto/arrayType10.xml
----------------- Instantiating /home/travis/build/icyphy/ptII/ptolemy/actor/lib/test/auto/arrayType10.xml
1 ms. Memory: 1257984K Free: 510583K (41%)
----------------- Invoking toplevel() on ptolemy.moml.MoMLSimpleApplication@31d7c363
----------------- Done invoking toplevel() on ptolemy.moml.MoMLSimpleApplication@31d7c363
reloadAllAccessors: .arrayType10
----------------- testing Thu May 10 17:35:22 UTC 2018 /home/travis/build/icyphy/ptII/ptolemy/actor/lib/test/auto/arrayType11.xml
----------------- Instantiating /home/travis/build/icyphy/ptII/ptolemy/actor/lib/test/auto/arrayType11.xml
1 ms. Memory: 1257984K Free: 497674K (40%)
----------------- Invoking toplevel() on ptolemy.moml.MoMLSimpleApplication@40034879
----------------- Done invoking toplevel() on ptolemy.moml.MoMLSimpleApplication@40034879
reloadAllAccessors: .arrayType11
----------------- testing Thu May 10 17:35:22 UTC 2018 /home/travis/build/icyphy/ptII/ptolemy/actor/lib/test/auto/arrayType12.xml
----------------- Instantiating /home/travis/build/icyphy/ptII/ptolemy/actor/lib/test/auto/arrayType12.xml
1 ms. Memory: 1257984K Free: 488524K (39%)
----------------- Invoking toplevel() on ptolemy.moml.MoMLSimpleApplication@634b0c73
----------------- Done invoking toplevel() on ptolemy.moml.MoMLSimpleApplication@634b0c73
reloadAllAccessors: .arrayType12
----------------- testing Thu May 10 17:35:22 UTC 2018 /home/travis/build/icyphy/ptII/ptolemy/actor/lib/test/auto/arrayType13.xml
----------------- Instantiating /home/travis/build/icyphy/ptII/ptolemy/actor/lib/test/auto/arrayType13.xml
1 ms. Memory: 1257984K Free: 475615K (38%)
----------------- Invoking toplevel() on ptolemy.moml.MoMLSimpleApplication@1f669113
----------------- Done invoking toplevel() on ptolemy.moml.MoMLSimpleApplication@1f669113
reloadAllAccessors: .arrayType13
----------------- testing Thu May 10 17:35:22 UTC 2018 /home/travis/build/icyphy/ptII/ptolemy/actor/lib/test/auto/arrayType14.xml
----------------- Instantiating /home/travis/build/icyphy/ptII/ptolemy/actor/lib/test/auto/arrayType14.xml
2 ms. Memory: 1257984K Free: 462706K (37%)
----------------- Invoking toplevel() on ptolemy.moml.MoMLSimpleApplication@21c783d1
----------------- Done invoking toplevel() on ptolemy.moml.MoMLSimpleApplication@21c783d1
reloadAllAccessors: .arrayType14
----------------- testing Thu May 10 17:35:22 UTC 2018 /home/travis/build/icyphy/ptII/ptolemy/actor/lib/test/auto/arrayType15.xml
----------------- Instantiating /home/travis/build/icyphy/ptII/ptolemy/actor/lib/test/auto/arrayType15.xml
4 ms. Memory: 1257984K Free: 453556K (36%)
----------------- Invoking toplevel() on ptolemy.moml.MoMLSimpleApplication@3511efed
----------------- Done invoking toplevel() on ptolemy.moml.MoMLSimpleApplication@3511efed
reloadAllAccessors: .arrayType15
----------------- testing Thu May 10 17:35:22 UTC 2018 /home/travis/build/icyphy/ptII/ptolemy/actor/lib/test/auto/arrayType16.xml
----------------- Instantiating /home/travis/build/icyphy/ptII/ptolemy/actor/lib/test/auto/arrayType16.xml
1 ms. Memory: 1257984K Free: 440646K (35%)
----------------- Invoking toplevel() on ptolemy.moml.MoMLSimpleApplication@4750d682
----------------- Done invoking toplevel() on ptolemy.moml.MoMLSimpleApplication@4750d682
reloadAllAccessors: .arrayType16
----------------- testing Thu May 10 17:35:22 UTC 2018 /home/travis/build/icyphy/ptII/ptolemy/actor/lib/test/auto/arrayType17.xml
----------------- Instantiating /home/travis/build/icyphy/ptII/ptolemy/actor/lib/test/auto/arrayType17.xml
1 ms. Memory: 1257984K Free: 427738K (34%)
----------------- Invoking toplevel() on ptolemy.moml.MoMLSimpleApplication@1b360a57
----------------- Done invoking toplevel() on ptolemy.moml.MoMLSimpleApplication@1b360a57
reloadAllAccessors: .arrayType17
----------------- testing Thu May 10 17:35:22 UTC 2018 /home/travis/build/icyphy/ptII/ptolemy/actor/lib/test/auto/arrayType18.xml
----------------- Instantiating /home/travis/build/icyphy/ptII/ptolemy/actor/lib/test/auto/arrayType18.xml
1 ms. Memory: 1257984K Free: 418587K (33%)
----------------- Invoking toplevel() on ptolemy.moml.MoMLSimpleApplication@2c65c4b4
----------------- Done invoking toplevel() on ptolemy.moml.MoMLSimpleApplication@2c65c4b4
reloadAllAccessors: .arrayType18
----------------- testing Thu May 10 17:35:22 UTC 2018 /home/travis/build/icyphy/ptII/ptolemy/actor/lib/test/auto/arrayType19.xml
----------------- Instantiating /home/travis/build/icyphy/ptII/ptolemy/actor/lib/test/auto/arrayType19.xml
1 ms. Memory: 1257984K Free: 405679K (32%)
----------------- Invoking toplevel() on ptolemy.moml.MoMLSimpleApplication@1159f06f
----------------- Done invoking toplevel() on ptolemy.moml.MoMLSimpleApplication@1159f06f
reloadAllAccessors: .arrayType19
----------------- testing Thu May 10 17:35:22 UTC 2018 /home/travis/build/icyphy/ptII/ptolemy/actor/lib/test/auto/arrayType2.xml
----------------- Instantiating /home/travis/build/icyphy/ptII/ptolemy/actor/lib/test/auto/arrayType2.xml
1 ms. Memory: 1257984K Free: 392770K (31%)
----------------- Invoking toplevel() on ptolemy.moml.MoMLSimpleApplication@71e79d23
----------------- Done invoking toplevel() on ptolemy.moml.MoMLSimpleApplication@71e79d23
reloadAllAccessors: .arrayType2
----------------- testing Thu May 10 17:35:23 UTC 2018 /home/travis/build/icyphy/ptII/ptolemy/actor/lib/test/auto/arrayType20.xml
----------------- Instantiating /home/travis/build/icyphy/ptII/ptolemy/actor/lib/test/auto/arrayType20.xml
1 ms. Memory: 1257984K Free: 383619K (30%)
----------------- Invoking toplevel() on ptolemy.moml.MoMLSimpleApplication@7d0746eb
----------------- Done invoking toplevel() on ptolemy.moml.MoMLSimpleApplication@7d0746eb
reloadAllAccessors: .arrayType20
----------------- testing Thu May 10 17:35:23 UTC 2018 /home/travis/build/icyphy/ptII/ptolemy/actor/lib/test/auto/arrayType21.xml
----------------- Instantiating /home/travis/build/icyphy/ptII/ptolemy/actor/lib/test/auto/arrayType21.xml
3 ms. Memory: 1257984K Free: 370710K (29%)
----------------- Invoking toplevel() on ptolemy.moml.MoMLSimpleApplication@4b934f34
----------------- Done invoking toplevel() on ptolemy.moml.MoMLSimpleApplication@4b934f34
reloadAllAccessors: .arrayType21
----------------- testing Thu May 10 17:35:23 UTC 2018 /home/travis/build/icyphy/ptII/ptolemy/actor/lib/test/auto/arrayType22.xml
----------------- Instantiating /home/travis/build/icyphy/ptII/ptolemy/actor/lib/test/auto/arrayType22.xml
1 ms. Memory: 1257984K Free: 357802K (28%)
----------------- Invoking toplevel() on ptolemy.moml.MoMLSimpleApplication@5fcca719
----------------- Done invoking toplevel() on ptolemy.moml.MoMLSimpleApplication@5fcca719
reloadAllAccessors: .arrayType22
----------------- testing Thu May 10 17:35:23 UTC 2018 /home/travis/build/icyphy/ptII/ptolemy/actor/lib/test/auto/arrayType23.xml
----------------- Instantiating /home/travis/build/icyphy/ptII/ptolemy/actor/lib/test/auto/arrayType23.xml
4 ms. Memory: 1257984K Free: 348651K (28%)
----------------- Invoking toplevel() on ptolemy.moml.MoMLSimpleApplication@4c58e654
----------------- Done invoking toplevel() on ptolemy.moml.MoMLSimpleApplication@4c58e654
reloadAllAccessors: .arrayType23
----------------- testing Thu May 10 17:35:23 UTC 2018 /home/travis/build/icyphy/ptII/ptolemy/actor/lib/test/auto/arrayType24.xml
----------------- Instantiating /home/travis/build/icyphy/ptII/ptolemy/actor/lib/test/auto/arrayType24.xml
2 ms. Memory: 1257984K Free: 335742K (27%)
----------------- Invoking toplevel() on ptolemy.moml.MoMLSimpleApplication@4d5da04c
----------------- Done invoking toplevel() on ptolemy.moml.MoMLSimpleApplication@4d5da04c
reloadAllAccessors: .arrayType24
----------------- testing Thu May 10 17:35:23 UTC 2018 /home/travis/build/icyphy/ptII/ptolemy/actor/lib/test/auto/arrayType25.xml
----------------- Instantiating /home/travis/build/icyphy/ptII/ptolemy/actor/lib/test/auto/arrayType25.xml
2 ms. Memory: 1257984K Free: 322833K (26%)
----------------- Invoking toplevel() on ptolemy.moml.MoMLSimpleApplication@618c3721
----------------- Done invoking toplevel() on ptolemy.moml.MoMLSimpleApplication@618c3721
reloadAllAccessors: .arrayType25
----------------- testing Thu May 10 17:35:23 UTC 2018 /home/travis/build/icyphy/ptII/ptolemy/actor/lib/test/auto/arrayType26.xml
----------------- Instantiating /home/travis/build/icyphy/ptII/ptolemy/actor/lib/test/auto/arrayType26.xml
1 ms. Memory: 1257984K Free: 309925K (25%)
----------------- Invoking toplevel() on ptolemy.moml.MoMLSimpleApplication@3f87ecd1
----------------- Done invoking toplevel() on ptolemy.moml.MoMLSimpleApplication@3f87ecd1
reloadAllAccessors: .arrayType26
----------------- testing Thu May 10 17:35:23 UTC 2018 /home/travis/build/icyphy/ptII/ptolemy/actor/lib/test/auto/arrayType27.xml
----------------- Instantiating /home/travis/build/icyphy/ptII/ptolemy/actor/lib/test/auto/arrayType27.xml
2 ms. Memory: 1257984K Free: 300774K (24%)
----------------- Invoking toplevel() on ptolemy.moml.MoMLSimpleApplication@7a17ff3b
----------------- Done invoking toplevel() on ptolemy.moml.MoMLSimpleApplication@7a17ff3b
reloadAllAccessors: .arrayType27
----------------- testing Thu May 10 17:35:23 UTC 2018 /home/travis/build/icyphy/ptII/ptolemy/actor/lib/test/auto/arrayType28.xml
----------------- Instantiating /home/travis/build/icyphy/ptII/ptolemy/actor/lib/test/auto/arrayType28.xml
1 ms. Memory: 1257984K Free: 287865K (23%)
----------------- Invoking toplevel() on ptolemy.moml.MoMLSimpleApplication@45efe5fc
----------------- Done invoking toplevel() on ptolemy.moml.MoMLSimpleApplication@45efe5fc
reloadAllAccessors: .arrayType28
----------------- testing Thu May 10 17:35:23 UTC 2018 /home/travis/build/icyphy/ptII/ptolemy/actor/lib/test/auto/arrayType3.xml
----------------- Instantiating /home/travis/build/icyphy/ptII/ptolemy/actor/lib/test/auto/arrayType3.xml
6 ms. Memory: 1257984K Free: 274957K (22%)
----------------- Invoking toplevel() on ptolemy.moml.MoMLSimpleApplication@1428c36f
----------------- Done invoking toplevel() on ptolemy.moml.MoMLSimpleApplication@1428c36f
reloadAllAccessors: .arrayType3
----------------- testing Thu May 10 17:35:23 UTC 2018 /home/travis/build/icyphy/ptII/ptolemy/actor/lib/test/auto/arrayType4.xml
----------------- Instantiating /home/travis/build/icyphy/ptII/ptolemy/actor/lib/test/auto/arrayType4.xml
2 ms. Memory: 1257984K Free: 265806K (21%)
----------------- Invoking toplevel() on ptolemy.moml.MoMLSimpleApplication@6c99990d
----------------- Done invoking toplevel() on ptolemy.moml.MoMLSimpleApplication@6c99990d
reloadAllAccessors: .arrayType4
----------------- testing Thu May 10 17:35:23 UTC 2018 /home/travis/build/icyphy/ptII/ptolemy/actor/lib/test/auto/arrayType5.xml
----------------- Instantiating /home/travis/build/icyphy/ptII/ptolemy/actor/lib/test/auto/arrayType5.xml
1 ms. Memory: 1257984K Free: 252897K (20%)
----------------- Invoking toplevel() on ptolemy.moml.MoMLSimpleApplication@3574ee5b
----------------- Done invoking toplevel() on ptolemy.moml.MoMLSimpleApplication@3574ee5b
reloadAllAccessors: .arrayType5
----------------- testing Thu May 10 17:35:23 UTC 2018 /home/travis/build/icyphy/ptII/ptolemy/actor/lib/test/auto/arrayType6.xml
----------------- Instantiating /home/travis/build/icyphy/ptII/ptolemy/actor/lib/test/auto/arrayType6.xml
1 ms. Memory: 1257984K Free: 239988K (19%)
----------------- Invoking toplevel() on ptolemy.moml.MoMLSimpleApplication@58d6a115
----------------- Done invoking toplevel() on ptolemy.moml.MoMLSimpleApplication@58d6a115
reloadAllAccessors: .arrayType6
----------------- testing Thu May 10 17:35:23 UTC 2018 /home/travis/build/icyphy/ptII/ptolemy/actor/lib/test/auto/arrayType7.xml
----------------- Instantiating /home/travis/build/icyphy/ptII/ptolemy/actor/lib/test/auto/arrayType7.xml
1 ms. Memory: 1257984K Free: 230838K (18%)
----------------- Invoking toplevel() on ptolemy.moml.MoMLSimpleApplication@6820694c
----------------- Done invoking toplevel() on ptolemy.moml.MoMLSimpleApplication@6820694c
reloadAllAccessors: .arrayType7
----------------- testing Thu May 10 17:35:23 UTC 2018 /home/travis/build/icyphy/ptII/ptolemy/actor/lib/test/auto/arrayType8.xml
----------------- Instantiating /home/travis/build/icyphy/ptII/ptolemy/actor/lib/test/auto/arrayType8.xml
3 ms. Memory: 1257984K Free: 217929K (17%)
----------------- Invoking toplevel() on ptolemy.moml.MoMLSimpleApplication@4213bb82
----------------- Done invoking toplevel() on ptolemy.moml.MoMLSimpleApplication@4213bb82
reloadAllAccessors: .arrayType8
----------------- testing Thu May 10 17:35:23 UTC 2018 /home/travis/build/icyphy/ptII/ptolemy/actor/lib/test/auto/arrayType9.xml
----------------- Instantiating /home/travis/build/icyphy/ptII/ptolemy/actor/lib/test/auto/arrayType9.xml
1 ms. Memory: 1257984K Free: 205020K (16%)
----------------- Invoking toplevel() on ptolemy.moml.MoMLSimpleApplication@1b68be90
----------------- Done invoking toplevel() on ptolemy.moml.MoMLSimpleApplication@1b68be90
reloadAllAccessors: .arrayType9
----------------- testing Thu May 10 17:35:23 UTC 2018 /home/travis/build/icyphy/ptII/ptolemy/actor/lib/test/auto/cast.xml
----------------- Instantiating /home/travis/build/icyphy/ptII/ptolemy/actor/lib/test/auto/cast.xml
1 ms. Memory: 1257984K Free: 195870K (16%)
----------------- Invoking toplevel() on ptolemy.moml.MoMLSimpleApplication@25c2966e
----------------- Done invoking toplevel() on ptolemy.moml.MoMLSimpleApplication@25c2966e
reloadAllAccessors: .cast
----------------- testing Thu May 10 17:35:23 UTC 2018 /home/travis/build/icyphy/ptII/ptolemy/actor/lib/test/auto/compositeMultiPort.xml
----------------- Instantiating /home/travis/build/icyphy/ptII/ptolemy/actor/lib/test/auto/compositeMultiPort.xml
3 ms. Memory: 1257984K Free: 178370K (14%)
----------------- Invoking toplevel() on ptolemy.moml.MoMLSimpleApplication@2ba0ffa
----------------- Done invoking toplevel() on ptolemy.moml.MoMLSimpleApplication@2ba0ffa
reloadAllAccessors: .compositeMultiPort
----------------- testing Thu May 10 17:35:23 UTC 2018 /home/travis/build/icyphy/ptII/ptolemy/actor/lib/test/auto/expressionCastInference.xml
----------------- Instantiating /home/travis/build/icyphy/ptII/ptolemy/actor/lib/test/auto/expressionCastInference.xml
1 ms. Memory: 1257984K Free: 165461K (13%)
----------------- Invoking toplevel() on ptolemy.moml.MoMLSimpleApplication@7c3254f7
----------------- Done invoking toplevel() on ptolemy.moml.MoMLSimpleApplication@7c3254f7
reloadAllAccessors: .expressionCastInference
----------------- testing Thu May 10 17:35:23 UTC 2018 /home/travis/build/icyphy/ptII/ptolemy/actor/lib/test/auto/expressionCastInference2.xml
----------------- Instantiating /home/travis/build/icyphy/ptII/ptolemy/actor/lib/test/auto/expressionCastInference2.xml
2 ms. Memory: 1257984K Free: 156311K (12%)
----------------- Invoking toplevel() on ptolemy.moml.MoMLSimpleApplication@50cbbab2
----------------- Done invoking toplevel() on ptolemy.moml.MoMLSimpleApplication@50cbbab2
reloadAllAccessors: .expressionCastInference2
----------------- testing Thu May 10 17:35:23 UTC 2018 /home/travis/build/icyphy/ptII/ptolemy/actor/lib/test/auto/expressionInference.xml
----------------- Instantiating /home/travis/build/icyphy/ptII/ptolemy/actor/lib/test/auto/expressionInference.xml
1 ms. Memory: 1257984K Free: 143402K (11%)
----------------- Invoking toplevel() on ptolemy.moml.MoMLSimpleApplication@2769b5c
----------------- Done invoking toplevel() on ptolemy.moml.MoMLSimpleApplication@2769b5c
reloadAllAccessors: .expressionInference
----------------- testing Thu May 10 17:35:23 UTC 2018 /home/travis/build/icyphy/ptII/ptolemy/actor/lib/test/auto/expression_bug.xml
----------------- Instantiating /home/travis/build/icyphy/ptII/ptolemy/actor/lib/test/auto/expression_bug.xml
1 ms. Memory: 1257984K Free: 130493K (10%)
----------------- Invoking toplevel() on ptolemy.moml.MoMLSimpleApplication@5456fe9a
----------------- Done invoking toplevel() on ptolemy.moml.MoMLSimpleApplication@5456fe9a
reloadAllAccessors: .expression_bug
----------------- testing Thu May 10 17:35:23 UTC 2018 /home/travis/build/icyphy/ptII/ptolemy/actor/lib/test/auto/factorial.xml
----------------- Instantiating /home/travis/build/icyphy/ptII/ptolemy/actor/lib/test/auto/factorial.xml
28 ms. Memory: 1257984K Free: 121342K (10%)
----------------- Invoking toplevel() on ptolemy.moml.MoMLSimpleApplication@21859b16
----------------- Done invoking toplevel() on ptolemy.moml.MoMLSimpleApplication@21859b16
reloadAllAccessors: .factorial
----------------- testing Thu May 10 17:35:23 UTC 2018 /home/travis/build/icyphy/ptII/ptolemy/actor/lib/test/auto/filterTest1.xml
----------------- Instantiating /home/travis/build/icyphy/ptII/ptolemy/actor/lib/test/auto/filterTest1.xml
3 ms. Memory: 1257984K Free: 108433K (9%)
----------------- Invoking toplevel() on ptolemy.moml.MoMLSimpleApplication@1019323c
----------------- Done invoking toplevel() on ptolemy.moml.MoMLSimpleApplication@1019323c
reloadAllAccessors: .filterTest1
----------------- testing Thu May 10 17:35:23 UTC 2018 /home/travis/build/icyphy/ptII/ptolemy/actor/lib/test/auto/funcApplyInConst.xml
----------------- Instantiating /home/travis/build/icyphy/ptII/ptolemy/actor/lib/test/auto/funcApplyInConst.xml
1 ms. Memory: 1257984K Free: 95525K (8%)
----------------- Invoking toplevel() on ptolemy.moml.MoMLSimpleApplication@49d90d29
----------------- Done invoking toplevel() on ptolemy.moml.MoMLSimpleApplication@49d90d29
reloadAllAccessors: .funcApplyInConst
----------------- testing Thu May 10 17:35:23 UTC 2018 /home/travis/build/icyphy/ptII/ptolemy/actor/lib/test/auto/funcApplyInExpr.xml
----------------- Instantiating /home/travis/build/icyphy/ptII/ptolemy/actor/lib/test/auto/funcApplyInExpr.xml
1 ms. Memory: 1257984K Free: 86374K (7%)
----------------- Invoking toplevel() on ptolemy.moml.MoMLSimpleApplication@a58f5ef
----------------- Done invoking toplevel() on ptolemy.moml.MoMLSimpleApplication@a58f5ef
reloadAllAccessors: .funcApplyInExpr
----------------- testing Thu May 10 17:35:23 UTC 2018 /home/travis/build/icyphy/ptII/ptolemy/actor/lib/test/auto/function.xml
----------------- Instantiating /home/travis/build/icyphy/ptII/ptolemy/actor/lib/test/auto/function.xml
2 ms. Memory: 1257984K Free: 74287K (6%)
----------------- Invoking toplevel() on ptolemy.moml.MoMLSimpleApplication@7ce64881
----------------- Done invoking toplevel() on ptolemy.moml.MoMLSimpleApplication@7ce64881
reloadAllAccessors: .function
----------------- testing Thu May 10 17:35:23 UTC 2018 /home/travis/build/icyphy/ptII/ptolemy/actor/lib/test/auto/function2.xml
----------------- Instantiating /home/travis/build/icyphy/ptII/ptolemy/actor/lib/test/auto/function2.xml
2 ms. Memory: 1303040K Free: 1237610K (95%)
----------------- Invoking toplevel() on ptolemy.moml.MoMLSimpleApplication@4c8cc97e
----------------- Done invoking toplevel() on ptolemy.moml.MoMLSimpleApplication@4c8cc97e
reloadAllAccessors: .function2
----------------- testing Thu May 10 17:35:23 UTC 2018 /home/travis/build/icyphy/ptII/ptolemy/actor/lib/test/auto/function3.xml
----------------- Instantiating /home/travis/build/icyphy/ptII/ptolemy/actor/lib/test/auto/function3.xml
1 ms. Memory: 1303040K Free: 1225671K (94%)
----------------- Invoking toplevel() on ptolemy.moml.MoMLSimpleApplication@1cdd5e07
----------------- Done invoking toplevel() on ptolemy.moml.MoMLSimpleApplication@1cdd5e07
reloadAllAccessors: .function3
----------------- testing Thu May 10 17:35:23 UTC 2018 /home/travis/build/icyphy/ptII/ptolemy/actor/lib/test/auto/functionClosureTest1.xml
----------------- Instantiating /home/travis/build/icyphy/ptII/ptolemy/actor/lib/test/auto/functionClosureTest1.xml
2 ms. Memory: 1303040K Free: 1209582K (93%)
----------------- Invoking toplevel() on ptolemy.moml.MoMLSimpleApplication@340d6037
----------------- Done invoking toplevel() on ptolemy.moml.MoMLSimpleApplication@340d6037
reloadAllAccessors: .functionClosureTest1
----------------- testing Thu May 10 17:35:23 UTC 2018 /home/travis/build/icyphy/ptII/ptolemy/actor/lib/test/auto/functionClosureTest2.xml
----------------- Instantiating /home/travis/build/icyphy/ptII/ptolemy/actor/lib/test/auto/functionClosureTest2.xml
1 ms. Memory: 1303040K Free: 1193493K (92%)
----------------- Invoking toplevel() on ptolemy.moml.MoMLSimpleApplication@661bfe88
----------------- Done invoking toplevel() on ptolemy.moml.MoMLSimpleApplication@661bfe88
reloadAllAccessors: .functionClosureTest2
----------------- testing Thu May 10 17:35:23 UTC 2018 /home/travis/build/icyphy/ptII/ptolemy/actor/lib/test/auto/functionClosureTest3.xml
----------------- Instantiating /home/travis/build/icyphy/ptII/ptolemy/actor/lib/test/auto/functionClosureTest3.xml
1 ms. Memory: 1303040K Free: 1181553K (91%)
----------------- Invoking toplevel() on ptolemy.moml.MoMLSimpleApplication@287fd74e
----------------- Done invoking toplevel() on ptolemy.moml.MoMLSimpleApplication@287fd74e
reloadAllAccessors: .functionClosureTest3
----------------- testing Thu May 10 17:35:23 UTC 2018 /home/travis/build/icyphy/ptII/ptolemy/actor/lib/test/auto/functionClosureTest4.xml
----------------- Instantiating /home/travis/build/icyphy/ptII/ptolemy/actor/lib/test/auto/functionClosureTest4.xml
3 ms. Memory: 1303040K Free: 1165465K (89%)
----------------- Invoking toplevel() on ptolemy.moml.MoMLSimpleApplication@370b86d5
----------------- Done invoking toplevel() on ptolemy.moml.MoMLSimpleApplication@370b86d5
reloadAllAccessors: .functionClosureTest4
----------------- testing Thu May 10 17:35:23 UTC 2018 /home/travis/build/icyphy/ptII/ptolemy/actor/lib/test/auto/functionClosureTest5.xml
----------------- Instantiating /home/travis/build/icyphy/ptII/ptolemy/actor/lib/test/auto/functionClosureTest5.xml
5 ms. Memory: 1303040K Free: 1149376K (88%)
----------------- Invoking toplevel() on ptolemy.moml.MoMLSimpleApplication@4f8c2ec7
----------------- Done invoking toplevel() on ptolemy.moml.MoMLSimpleApplication@4f8c2ec7
reloadAllAccessors: .functionClosureTest5
----------------- testing Thu May 10 17:35:23 UTC 2018 /home/travis/build/icyphy/ptII/ptolemy/actor/lib/test/auto/functionClosureTest6.xml
----------------- Instantiating /home/travis/build/icyphy/ptII/ptolemy/actor/lib/test/auto/functionClosureTest6.xml
1 ms. Memory: 1303040K Free: 1137436K (87%)
----------------- Invoking toplevel() on ptolemy.moml.MoMLSimpleApplication@1143fd74
----------------- Done invoking toplevel() on ptolemy.moml.MoMLSimpleApplication@1143fd74
reloadAllAccessors: .functionClosureTest6
----------------- testing Thu May 10 17:35:23 UTC 2018 /home/travis/build/icyphy/ptII/ptolemy/actor/lib/test/auto/functionsOnArcs.xml
----------------- Instantiating /home/travis/build/icyphy/ptII/ptolemy/actor/lib/test/auto/functionsOnArcs.xml
2 ms. Memory: 1303040K Free: 1121348K (86%)
----------------- Invoking toplevel() on ptolemy.moml.MoMLSimpleApplication@2da2ffc3
----------------- Done invoking toplevel() on ptolemy.moml.MoMLSimpleApplication@2da2ffc3
reloadAllAccessors: .functionsOnArcs
----------------- testing Thu May 10 17:35:23 UTC 2018 /home/travis/build/icyphy/ptII/ptolemy/actor/lib/test/auto/functionsOnArcsHOF.xml
----------------- Instantiating /home/travis/build/icyphy/ptII/ptolemy/actor/lib/test/auto/functionsOnArcsHOF.xml
2 ms. Memory: 1303040K Free: 1109408K (85%)
----------------- Invoking toplevel() on ptolemy.moml.MoMLSimpleApplication@2e9eb569
----------------- Done invoking toplevel() on ptolemy.moml.MoMLSimpleApplication@2e9eb569
reloadAllAccessors: .functionsOnArcsHOF
----------------- testing Thu May 10 17:35:23 UTC 2018 /home/travis/build/icyphy/ptII/ptolemy/actor/lib/test/auto/logic.xml
----------------- Instantiating /home/travis/build/icyphy/ptII/ptolemy/actor/lib/test/auto/logic.xml
2 ms. Memory: 1303040K Free: 1093319K (84%)
----------------- Invoking toplevel() on ptolemy.moml.MoMLSimpleApplication@740f8bcd
----------------- Done invoking toplevel() on ptolemy.moml.MoMLSimpleApplication@740f8bcd
reloadAllAccessors: .logic
----------------- testing Thu May 10 17:35:23 UTC 2018 /home/travis/build/icyphy/ptII/ptolemy/actor/lib/test/auto/matrixType.xml
----------------- Instantiating /home/travis/build/icyphy/ptII/ptolemy/actor/lib/test/auto/matrixType.xml
1 ms. Memory: 1303040K Free: 1077231K (83%)
----------------- Invoking toplevel() on ptolemy.moml.MoMLSimpleApplication@3ba7ae0f
----------------- Done invoking toplevel() on ptolemy.moml.MoMLSimpleApplication@3ba7ae0f
reloadAllAccessors: .matrixType
----------------- testing Thu May 10 17:35:23 UTC 2018 /home/travis/build/icyphy/ptII/ptolemy/actor/lib/test/auto/matrixType10.xml
----------------- Instantiating /home/travis/build/icyphy/ptII/ptolemy/actor/lib/test/auto/matrixType10.xml
1 ms. Memory: 1303040K Free: 1065291K (82%)
----------------- Invoking toplevel() on ptolemy.moml.MoMLSimpleApplication@5464fa72
----------------- Done invoking toplevel() on ptolemy.moml.MoMLSimpleApplication@5464fa72
reloadAllAccessors: .matrixType10
----------------- testing Thu May 10 17:35:23 UTC 2018 /home/travis/build/icyphy/ptII/ptolemy/actor/lib/test/auto/matrixType11.xml
----------------- Instantiating /home/travis/build/icyphy/ptII/ptolemy/actor/lib/test/auto/matrixType11.xml
1 ms. Memory: 1303040K Free: 1049202K (81%)
----------------- Invoking toplevel() on ptolemy.moml.MoMLSimpleApplication@64ff6108
----------------- Done invoking toplevel() on ptolemy.moml.MoMLSimpleApplication@64ff6108
reloadAllAccessors: .matrixType11
----------------- testing Thu May 10 17:35:23 UTC 2018 /home/travis/build/icyphy/ptII/ptolemy/actor/lib/test/auto/matrixType12.xml
----------------- Instantiating /home/travis/build/icyphy/ptII/ptolemy/actor/lib/test/auto/matrixType12.xml
1 ms. Memory: 1303040K Free: 1033114K (79%)
----------------- Invoking toplevel() on ptolemy.moml.MoMLSimpleApplication@62e7a4d0
----------------- Done invoking toplevel() on ptolemy.moml.MoMLSimpleApplication@62e7a4d0
reloadAllAccessors: .matrixType12
----------------- testing Thu May 10 17:35:23 UTC 2018 /home/travis/build/icyphy/ptII/ptolemy/actor/lib/test/auto/matrixType13.xml
----------------- Instantiating /home/travis/build/icyphy/ptII/ptolemy/actor/lib/test/auto/matrixType13.xml
1 ms. Memory: 1303040K Free: 1021174K (78%)
----------------- Invoking toplevel() on ptolemy.moml.MoMLSimpleApplication@4afbfa57
----------------- Done invoking toplevel() on ptolemy.moml.MoMLSimpleApplication@4afbfa57
reloadAllAccessors: .matrixType13
----------------- testing Thu May 10 17:35:23 UTC 2018 /home/travis/build/icyphy/ptII/ptolemy/actor/lib/test/auto/matrixType14.xml
----------------- Instantiating /home/travis/build/icyphy/ptII/ptolemy/actor/lib/test/auto/matrixType14.xml
1 ms. Memory: 1303040K Free: 1005085K (77%)
----------------- Invoking toplevel() on ptolemy.moml.MoMLSimpleApplication@aaf0f10
----------------- Done invoking toplevel() on ptolemy.moml.MoMLSimpleApplication@aaf0f10
reloadAllAccessors: .matrixType14
----------------- testing Thu May 10 17:35:23 UTC 2018 /home/travis/build/icyphy/ptII/ptolemy/actor/lib/test/auto/matrixType2.xml
----------------- Instantiating /home/travis/build/icyphy/ptII/ptolemy/actor/lib/test/auto/matrixType2.xml
1 ms. Memory: 1303040K Free: 993145K (76%)
----------------- Invoking toplevel() on ptolemy.moml.MoMLSimpleApplication@760c53a7
----------------- Done invoking toplevel() on ptolemy.moml.MoMLSimpleApplication@760c53a7
reloadAllAccessors: .matrixType2
----------------- testing Thu May 10 17:35:23 UTC 2018 /home/travis/build/icyphy/ptII/ptolemy/actor/lib/test/auto/matrixType3.xml
----------------- Instantiating /home/travis/build/icyphy/ptII/ptolemy/actor/lib/test/auto/matrixType3.xml
4 ms. Memory: 1303040K Free: 977057K (75%)
----------------- Invoking toplevel() on ptolemy.moml.MoMLSimpleApplication@2f787973
----------------- Done invoking toplevel() on ptolemy.moml.MoMLSimpleApplication@2f787973
reloadAllAccessors: .matrixType3
----------------- testing Thu May 10 17:35:23 UTC 2018 /home/travis/build/icyphy/ptII/ptolemy/actor/lib/test/auto/matrixType4.xml
----------------- Instantiating /home/travis/build/icyphy/ptII/ptolemy/actor/lib/test/auto/matrixType4.xml
1 ms. Memory: 1303040K Free: 960968K (74%)
----------------- Invoking toplevel() on ptolemy.moml.MoMLSimpleApplication@7624dc0d
----------------- Done invoking toplevel() on ptolemy.moml.MoMLSimpleApplication@7624dc0d
reloadAllAccessors: .matrixType4
----------------- testing Thu May 10 17:35:23 UTC 2018 /home/travis/build/icyphy/ptII/ptolemy/actor/lib/test/auto/matrixType5.xml
----------------- Instantiating /home/travis/build/icyphy/ptII/ptolemy/actor/lib/test/auto/matrixType5.xml
1 ms. Memory: 1303040K Free: 949028K (73%)
----------------- Invoking toplevel() on ptolemy.moml.MoMLSimpleApplication@5d306146
----------------- Done invoking toplevel() on ptolemy.moml.MoMLSimpleApplication@5d306146
reloadAllAccessors: .matrixType5
----------------- testing Thu May 10 17:35:23 UTC 2018 /home/travis/build/icyphy/ptII/ptolemy/actor/lib/test/auto/matrixType6.xml
----------------- Instantiating /home/travis/build/icyphy/ptII/ptolemy/actor/lib/test/auto/matrixType6.xml
2 ms. Memory: 1303040K Free: 932940K (72%)
----------------- Invoking toplevel() on ptolemy.moml.MoMLSimpleApplication@7d40888
----------------- Done invoking toplevel() on ptolemy.moml.MoMLSimpleApplication@7d40888
reloadAllAccessors: .matrixType6
----------------- testing Thu May 10 17:35:23 UTC 2018 /home/travis/build/icyphy/ptII/ptolemy/actor/lib/test/auto/matrixType7.xml
----------------- Instantiating /home/travis/build/icyphy/ptII/ptolemy/actor/lib/test/auto/matrixType7.xml
1 ms. Memory: 1303040K Free: 916851K (70%)
----------------- Invoking toplevel() on ptolemy.moml.MoMLSimpleApplication@ed36f9
----------------- Done invoking toplevel() on ptolemy.moml.MoMLSimpleApplication@ed36f9
reloadAllAccessors: .matrixType7
----------------- testing Thu May 10 17:35:23 UTC 2018 /home/travis/build/icyphy/ptII/ptolemy/actor/lib/test/auto/matrixType8.xml
----------------- Instantiating /home/travis/build/icyphy/ptII/ptolemy/actor/lib/test/auto/matrixType8.xml
2 ms. Memory: 1303040K Free: 904911K (69%)
----------------- Invoking toplevel() on ptolemy.moml.MoMLSimpleApplication@3835da9a
----------------- Done invoking toplevel() on ptolemy.moml.MoMLSimpleApplication@3835da9a
reloadAllAccessors: .matrixType8
----------------- testing Thu May 10 17:35:23 UTC 2018 /home/travis/build/icyphy/ptII/ptolemy/actor/lib/test/auto/matrixType9.xml
----------------- Instantiating /home/travis/build/icyphy/ptII/ptolemy/actor/lib/test/auto/matrixType9.xml
1 ms. Memory: 1303040K Free: 888823K (68%)
----------------- Invoking toplevel() on ptolemy.moml.MoMLSimpleApplication@209f7355
----------------- Done invoking toplevel() on ptolemy.moml.MoMLSimpleApplication@209f7355
reloadAllAccessors: .matrixType9
----------------- testing Thu May 10 17:35:23 UTC 2018 /home/travis/build/icyphy/ptII/ptolemy/actor/lib/test/auto/paraFunctest.xml
----------------- Instantiating /home/travis/build/icyphy/ptII/ptolemy/actor/lib/test/auto/paraFunctest.xml
2 ms. Memory: 1303040K Free: 876883K (67%)
----------------- Invoking toplevel() on ptolemy.moml.MoMLSimpleApplication@69eb7edb
----------------- Done invoking toplevel() on ptolemy.moml.MoMLSimpleApplication@69eb7edb
reloadAllAccessors: .paraFunctest
----------------- testing Thu May 10 17:35:23 UTC 2018 /home/travis/build/icyphy/ptII/ptolemy/actor/lib/test/auto/paraFunctest2.xml
----------------- Instantiating /home/travis/build/icyphy/ptII/ptolemy/actor/lib/test/auto/paraFunctest2.xml
1 ms. Memory: 1303040K Free: 860794K (66%)
----------------- Invoking toplevel() on ptolemy.moml.MoMLSimpleApplication@6c07866d
----------------- Done invoking toplevel() on ptolemy.moml.MoMLSimpleApplication@6c07866d
reloadAllAccessors: .paraFunctest2
----------------- testing Thu May 10 17:35:23 UTC 2018 /home/travis/build/icyphy/ptII/ptolemy/actor/lib/test/auto/parameterPassing.xml
----------------- Instantiating /home/travis/build/icyphy/ptII/ptolemy/actor/lib/test/auto/parameterPassing.xml
1 ms. Memory: 1303040K Free: 844706K (65%)
----------------- Invoking toplevel() on ptolemy.moml.MoMLSimpleApplication@2a4328d1
----------------- Done invoking toplevel() on ptolemy.moml.MoMLSimpleApplication@2a4328d1
reloadAllAccessors: .parameterPassing
----------------- testing Thu May 10 17:35:23 UTC 2018 /home/travis/build/icyphy/ptII/ptolemy/actor/lib/test/auto/record.xml
----------------- Instantiating /home/travis/build/icyphy/ptII/ptolemy/actor/lib/test/auto/record.xml
2 ms. Memory: 1303040K Free: 832766K (64%)
----------------- Invoking toplevel() on ptolemy.moml.MoMLSimpleApplication@2ef7bd4
----------------- Done invoking toplevel() on ptolemy.moml.MoMLSimpleApplication@2ef7bd4
reloadAllAccessors: .record
----------------- testing Thu May 10 17:35:23 UTC 2018 /home/travis/build/icyphy/ptII/ptolemy/actor/lib/test/auto/sizedarray1.xml
----------------- Instantiating /home/travis/build/icyphy/ptII/ptolemy/actor/lib/test/auto/sizedarray1.xml
1 ms. Memory: 1303040K Free: 816677K (63%)
----------------- Invoking toplevel() on ptolemy.moml.MoMLSimpleApplication@1eeea10e
----------------- Done invoking toplevel() on ptolemy.moml.MoMLSimpleApplication@1eeea10e
reloadAllAccessors: .sizedarray1
----------------- testing Thu May 10 17:35:23 UTC 2018 /home/travis/build/icyphy/ptII/ptolemy/actor/lib/test/auto/sizedarray2.xml
----------------- Instantiating /home/travis/build/icyphy/ptII/ptolemy/actor/lib/test/auto/sizedarray2.xml
2 ms. Memory: 1303040K Free: 800589K (61%)
----------------- Invoking toplevel() on ptolemy.moml.MoMLSimpleApplication@6b8f5cfe
----------------- Done invoking toplevel() on ptolemy.moml.MoMLSimpleApplication@6b8f5cfe
reloadAllAccessors: .sizedarray2
----------------- testing Thu May 10 17:35:23 UTC 2018 /home/travis/build/icyphy/ptII/ptolemy/actor/lib/test/auto/twoPublishers.xml
----------------- Instantiating /home/travis/build/icyphy/ptII/ptolemy/actor/lib/test/auto/twoPublishers.xml
6 ms. Memory: 1303040K Free: 782663K (60%)
----------------- Invoking toplevel() on ptolemy.moml.MoMLSimpleApplication@7f2f0d62
----------------- Done invoking toplevel() on ptolemy.moml.MoMLSimpleApplication@7f2f0d62
reloadAllAccessors: .twoPublishers
AutoTests.java: About to close Vertx.
AutoTests.java: Vertx closed.
]]></system-out>
  <system-err><![CDATA[java.lang.RuntimeException: Execution failed
	at ptolemy.moml.MoMLSimpleApplication$UnloadThread.run(MoMLSimpleApplication.java:402)
Caused by: java.lang.RuntimeException: Normally, we would exit here because Manager.exitAfterWrapup() was called.  However, because the ptolemy.ptII.exitAfterWrapup property is set, we throw this exception instead.
	at ptolemy.util.StringUtilities.exit(StringUtilities.java:365)
	at ptolemy.actor.Manager.wrapup(Manager.java:1531)
	at ptolemy.actor.Manager.execute(Manager.java:407)
	at ptolemy.actor.Manager.run(Manager.java:1263)
	at ptolemy.actor.Manager$PtolemyRunThread.run(Manager.java:1915)
Warning: '.top.test' is in training mode, set the trainingMode parameter to false before checking in
Warning: '.top.test' is in training mode, set the trainingMode parameter to false before checking in
Warning: '.top.test' is in training mode, set the trainingMode parameter to false before checking in
Warning: '.BooleanSwitch_RegressionTest_WrongTrainingValues.Test' is in training mode, set the trainingMode parameter to false before checking in
Warning: '.BooleanSwitch_RegressionTest_WrongTrainingValues.Test2' is in training mode, set the trainingMode parameter to false before checking in
Warning: '.BooleanSwitch_RegressionTest_WrongTrainingValues.Test2' The test produced 0 tokens.
Warning: '.top.testExceptionHandler' is in training mode, set the trainingMode parameter to false before checking in
java.lang.RuntimeException: Execution failed
	at ptolemy.moml.MoMLSimpleApplication$UnloadThread.run(MoMLSimpleApplication.java:402)
Caused by: ptolemy.kernel.util.IllegalActionException: PublisherPorts cannot be used at the top level, use a Publisher actor instead.
  in .PublisherPortToplevelSubscriber.PublisherPort
	at ptolemy.actor.PublisherPort.preinitialize(PublisherPort.java:403)
	at ptolemy.actor.CompositeActor.preinitialize(CompositeActor.java:1769)
	at ptolemy.actor.Manager.preinitializeAndResolveTypes(Manager.java:1040)
	at ptolemy.actor.Manager.initialize(Manager.java:710)
	at ptolemy.actor.Manager.execute(Manager.java:356)
	at ptolemy.actor.Manager.run(Manager.java:1263)
	at ptolemy.actor.Manager$PtolemyRunThread.run(Manager.java:1915)
java.lang.reflect.InvocationTargetException
	at sun.reflect.NativeConstructorAccessorImpl.newInstance0(Native Method)
	at sun.reflect.NativeConstructorAccessorImpl.newInstance(NativeConstructorAccessorImpl.java:62)
	at sun.reflect.DelegatingConstructorAccessorImpl.newInstance(DelegatingConstructorAccessorImpl.java:45)
	at java.lang.reflect.Constructor.newInstance(Constructor.java:423)
	at ptolemy.util.test.junit.AutoKnownFailedTests.RunModel(AutoKnownFailedTests.java:107)
	at sun.reflect.NativeMethodAccessorImpl.invoke0(Native Method)
	at sun.reflect.NativeMethodAccessorImpl.invoke(NativeMethodAccessorImpl.java:62)
	at sun.reflect.DelegatingMethodAccessorImpl.invoke(DelegatingMethodAccessorImpl.java:43)
	at java.lang.reflect.Method.invoke(Method.java:498)
	at org.junit.runners.model.FrameworkMethod$1.runReflectiveCall(FrameworkMethod.java:44)
	at org.junit.internal.runners.model.ReflectiveCallable.run(ReflectiveCallable.java:15)
	at org.junit.runners.model.FrameworkMethod.invokeExplosively(FrameworkMethod.java:41)
	at junitparams.internal.InvokeParameterisedMethod.evaluate(InvokeParameterisedMethod.java:102)
	at org.junit.internal.runners.statements.FailOnTimeout$1.run(FailOnTimeout.java:28)
Caused by: ptolemy.kernel.util.IllegalActionException: PublisherPorts cannot be used at the top level, use a Publisher actor instead.
  in .PublisherPortToplevelSubscriber.PublisherPort
	at ptolemy.actor.PublisherPort.preinitialize(PublisherPort.java:403)
	at ptolemy.actor.CompositeActor.preinitialize(CompositeActor.java:1769)
	at ptolemy.actor.Manager.preinitializeAndResolveTypes(Manager.java:1040)
	at ptolemy.actor.Manager.initialize(Manager.java:710)
	at ptolemy.actor.Manager.execute(Manager.java:356)
	at ptolemy.actor.Manager.run(Manager.java:1263)
	at ptolemy.actor.Manager$PtolemyRunThread.run(Manager.java:1915)
java.lang.RuntimeException: Execution failed
	at ptolemy.moml.MoMLSimpleApplication$UnloadThread.run(MoMLSimpleApplication.java:402)
Caused by: ptolemy.kernel.util.IllegalActionException: SubscriberPorts cannot be used at the top level, use a Subscriber actor instead.
  in .PublisherSubscriberPortToplevel.SubscriberPort
	at ptolemy.actor.SubscriberPort.preinitialize(SubscriberPort.java:328)
	at ptolemy.actor.CompositeActor.preinitialize(CompositeActor.java:1769)
	at ptolemy.actor.Manager.preinitializeAndResolveTypes(Manager.java:1040)
	at ptolemy.actor.Manager.initialize(Manager.java:710)
	at ptolemy.actor.Manager.execute(Manager.java:356)
	at ptolemy.actor.Manager.run(Manager.java:1263)
	at ptolemy.actor.Manager$PtolemyRunThread.run(Manager.java:1915)
java.lang.reflect.InvocationTargetException
	at sun.reflect.NativeConstructorAccessorImpl.newInstance0(Native Method)
	at sun.reflect.NativeConstructorAccessorImpl.newInstance(NativeConstructorAccessorImpl.java:62)
	at sun.reflect.DelegatingConstructorAccessorImpl.newInstance(DelegatingConstructorAccessorImpl.java:45)
	at java.lang.reflect.Constructor.newInstance(Constructor.java:423)
	at ptolemy.util.test.junit.AutoKnownFailedTests.RunModel(AutoKnownFailedTests.java:107)
	at sun.reflect.NativeMethodAccessorImpl.invoke0(Native Method)
	at sun.reflect.NativeMethodAccessorImpl.invoke(NativeMethodAccessorImpl.java:62)
	at sun.reflect.DelegatingMethodAccessorImpl.invoke(DelegatingMethodAccessorImpl.java:43)
	at java.lang.reflect.Method.invoke(Method.java:498)
	at org.junit.runners.model.FrameworkMethod$1.runReflectiveCall(FrameworkMethod.java:44)
	at org.junit.internal.runners.model.ReflectiveCallable.run(ReflectiveCallable.java:15)
	at org.junit.runners.model.FrameworkMethod.invokeExplosively(FrameworkMethod.java:41)
	at junitparams.internal.InvokeParameterisedMethod.evaluate(InvokeParameterisedMethod.java:102)
	at org.junit.internal.runners.statements.FailOnTimeout$1.run(FailOnTimeout.java:28)
Caused by: ptolemy.kernel.util.IllegalActionException: SubscriberPorts cannot be used at the top level, use a Subscriber actor instead.
  in .PublisherSubscriberPortToplevel.SubscriberPort
	at ptolemy.actor.SubscriberPort.preinitialize(SubscriberPort.java:328)
	at ptolemy.actor.CompositeActor.preinitialize(CompositeActor.java:1769)
	at ptolemy.actor.Manager.preinitializeAndResolveTypes(Manager.java:1040)
	at ptolemy.actor.Manager.initialize(Manager.java:710)
	at ptolemy.actor.Manager.execute(Manager.java:356)
	at ptolemy.actor.Manager.run(Manager.java:1263)
	at ptolemy.actor.Manager$PtolemyRunThread.run(Manager.java:1915)
java.lang.RuntimeException: Execution failed
	at ptolemy.moml.MoMLSimpleApplication$UnloadThread.run(MoMLSimpleApplication.java:402)
Caused by: ptolemy.kernel.util.IllegalActionException: SubscriptionAggregatorPorts cannot be used at the top level, use a SubscriptionAggregator actor instead.
  in .PublisherSubscriptionAggregatorPort.SubscriptionAggregatorPort
	at ptolemy.actor.SubscriptionAggregatorPort.preinitialize(SubscriptionAggregatorPort.java:353)
	at ptolemy.actor.CompositeActor.preinitialize(CompositeActor.java:1769)
	at ptolemy.actor.Manager.preinitializeAndResolveTypes(Manager.java:1040)
	at ptolemy.actor.Manager.initialize(Manager.java:710)
	at ptolemy.actor.Manager.execute(Manager.java:356)
	at ptolemy.actor.Manager.run(Manager.java:1263)
	at ptolemy.actor.Manager$PtolemyRunThread.run(Manager.java:1915)
java.lang.reflect.InvocationTargetException
	at sun.reflect.NativeConstructorAccessorImpl.newInstance0(Native Method)
	at sun.reflect.NativeConstructorAccessorImpl.newInstance(NativeConstructorAccessorImpl.java:62)
	at sun.reflect.DelegatingConstructorAccessorImpl.newInstance(DelegatingConstructorAccessorImpl.java:45)
	at java.lang.reflect.Constructor.newInstance(Constructor.java:423)
	at ptolemy.util.test.junit.AutoKnownFailedTests.RunModel(AutoKnownFailedTests.java:107)
	at sun.reflect.NativeMethodAccessorImpl.invoke0(Native Method)
	at sun.reflect.NativeMethodAccessorImpl.invoke(NativeMethodAccessorImpl.java:62)
	at sun.reflect.DelegatingMethodAccessorImpl.invoke(DelegatingMethodAccessorImpl.java:43)
	at java.lang.reflect.Method.invoke(Method.java:498)
	at org.junit.runners.model.FrameworkMethod$1.runReflectiveCall(FrameworkMethod.java:44)
	at org.junit.internal.runners.model.ReflectiveCallable.run(ReflectiveCallable.java:15)
	at org.junit.runners.model.FrameworkMethod.invokeExplosively(FrameworkMethod.java:41)
	at junitparams.internal.InvokeParameterisedMethod.evaluate(InvokeParameterisedMethod.java:102)
	at org.junit.internal.runners.statements.FailOnTimeout$1.run(FailOnTimeout.java:28)
Caused by: ptolemy.kernel.util.IllegalActionException: SubscriptionAggregatorPorts cannot be used at the top level, use a SubscriptionAggregator actor instead.
  in .PublisherSubscriptionAggregatorPort.SubscriptionAggregatorPort
	at ptolemy.actor.SubscriptionAggregatorPort.preinitialize(SubscriptionAggregatorPort.java:353)
	at ptolemy.actor.CompositeActor.preinitialize(CompositeActor.java:1769)
	at ptolemy.actor.Manager.preinitializeAndResolveTypes(Manager.java:1040)
	at ptolemy.actor.Manager.initialize(Manager.java:710)
	at ptolemy.actor.Manager.execute(Manager.java:356)
	at ptolemy.actor.Manager.run(Manager.java:1263)
	at ptolemy.actor.Manager$PtolemyRunThread.run(Manager.java:1915)
java.lang.RuntimeException: Execution failed
	at ptolemy.moml.MoMLSimpleApplication$UnloadThread.run(MoMLSimpleApplication.java:402)
Caused by: ptolemy.kernel.util.IllegalActionException: TypeTest actor has no training data.
  in .sizedarray3.TypeTest
	at ptolemy.actor.lib.TypeTest.initialize(TypeTest.java:250)
	at ptolemy.actor.Director.initialize(Director.java:938)
	at ptolemy.actor.Director.initialize(Director.java:907)
	at ptolemy.actor.sched.StaticSchedulingDirector.initialize(StaticSchedulingDirector.java:159)
	at ptolemy.domains.sdf.kernel.SDFDirector.initialize(SDFDirector.java:544)
	at ptolemy.actor.CompositeActor.initialize(CompositeActor.java:935)
	at ptolemy.actor.Manager.initialize(Manager.java:724)
	at ptolemy.actor.Manager.execute(Manager.java:356)
	at ptolemy.actor.Manager.run(Manager.java:1263)
	at ptolemy.actor.Manager$PtolemyRunThread.run(Manager.java:1915)
java.lang.reflect.InvocationTargetException
	at sun.reflect.NativeConstructorAccessorImpl.newInstance0(Native Method)
	at sun.reflect.NativeConstructorAccessorImpl.newInstance(NativeConstructorAccessorImpl.java:62)
	at sun.reflect.DelegatingConstructorAccessorImpl.newInstance(DelegatingConstructorAccessorImpl.java:45)
	at java.lang.reflect.Constructor.newInstance(Constructor.java:423)
	at ptolemy.util.test.junit.AutoKnownFailedTests.RunModel(AutoKnownFailedTests.java:107)
	at sun.reflect.NativeMethodAccessorImpl.invoke0(Native Method)
	at sun.reflect.NativeMethodAccessorImpl.invoke(NativeMethodAccessorImpl.java:62)
	at sun.reflect.DelegatingMethodAccessorImpl.invoke(DelegatingMethodAccessorImpl.java:43)
	at java.lang.reflect.Method.invoke(Method.java:498)
	at org.junit.runners.model.FrameworkMethod$1.runReflectiveCall(FrameworkMethod.java:44)
	at org.junit.internal.runners.model.ReflectiveCallable.run(ReflectiveCallable.java:15)
	at org.junit.runners.model.FrameworkMethod.invokeExplosively(FrameworkMethod.java:41)
	at junitparams.internal.InvokeParameterisedMethod.evaluate(InvokeParameterisedMethod.java:102)
	at org.junit.internal.runners.statements.FailOnTimeout$1.run(FailOnTimeout.java:28)
Caused by: ptolemy.kernel.util.IllegalActionException: TypeTest actor has no training data.
  in .sizedarray3.TypeTest
	at ptolemy.actor.lib.TypeTest.initialize(TypeTest.java:250)
	at ptolemy.actor.Director.initialize(Director.java:938)
	at ptolemy.actor.Director.initialize(Director.java:907)
	at ptolemy.actor.sched.StaticSchedulingDirector.initialize(StaticSchedulingDirector.java:159)
	at ptolemy.domains.sdf.kernel.SDFDirector.initialize(SDFDirector.java:544)
	at ptolemy.actor.CompositeActor.initialize(CompositeActor.java:935)
	at ptolemy.actor.Manager.initialize(Manager.java:724)
	at ptolemy.actor.Manager.execute(Manager.java:356)
	at ptolemy.actor.Manager.run(Manager.java:1263)
	at ptolemy.actor.Manager$PtolemyRunThread.run(Manager.java:1915)
]]></system-err>
</testsuite>
