<?xml version="1.0" encoding="UTF-8" ?>
<testsuite errors="0" failures="5" hostname="travis-job-7342a0a7-a14b-4ead-847b-fd24cd4e86e4" name="ptolemy.vergil.basic.export.test.junit.ExportModelJUnitTestBatch3" skipped="0" tests="70" time="1270.334" timestamp="2018-05-13T01:24:23">
  <properties>
    <property name="npm.executable" value="npm" />
    <property name="file.encoding.pkg" value="sun.io" />
    <property name="ptII.mk.exists" value="true" />
    <property name="env.rvm_bin_path" value="/home/travis/.rvm/bin" />
    <property name="java.home" value="/usr/lib/jvm/java-8-oracle/jre" />
    <property name="env.TRAVIS_JOB_NUMBER" value="434.13" />
    <property name="env.DISPLAY" value=":99.0" />
    <property name="java.net.preferIPv4Stack" value="true" />
    <property name="env.SSH_TTY" value="/dev/pts/0" />
    <property name="env.RUN_TESTS" value="true" />
    <property name="timeout.short" value="1000000" />
    <property name="env.TRAVIS_STACK_NODE_ATTRIBUTES" value="/.node-attributes.yml" />
    <property name="junit.formatter" value="xml" />
    <property name="java.endorsed.dirs" value="/usr/lib/jvm/java-8-oracle/jre/lib/endorsed" />
    <property name="env.TRAVIS_SUDO" value="true" />
    <property name="env.LOGNAME" value="travis" />
    <property name="jsdoc.home" value="node_modules/@terraswarm/jsdoc" />
    <property name="debuglevel" value="source,lines,vars" />
    <property name="checkstyle.formatter" value="xml" />
    <property name="bin.vergil.makeable" value="true" />
    <property name="env._system_version" value="14.04" />
    <property name="sun.os.patch.level" value="unknown" />
    <property name="java.vendor.url" value="http://java.oracle.com/" />
    <property name="java.version" value="1.8.0_151" />
    <property name="env.TZ" value="UTC" />
    <property name="env.PT_NO_NET" value="true" />
    <property name="env.TRAVIS_PULL_REQUEST_SHA" value="" />
    <property name="env.TRAVIS_SECURE_ENV_VARS" value="true" />
    <property name="env._system_type" value="Linux" />
    <property name="java.vendor.url.bug" value="http://bugreport.sun.com/bugreport/" />
    <property name="env.SSH_CLIENT" value="10.10.4.19 56608 22" />
    <property name="env.GEM_HOME" value="/home/travis/.rvm/gems/ruby-2.4.1" />
    <property name="env.HAS_ANTARES_THREE_LITTLE_FRONZIES_BADGE" value="true" />
    <property name="env.PS4" value="+" />
    <property name="ant.project.invoked-targets" value="build,test.export3.xml" />
    <property name="env.TRAVIS_PULL_REQUEST_BRANCH" value="" />
    <property name="env.TRAVIS_REPO_SLUG" value="icyphy/ptII" />
    <property name="node.in.path" value="true" />
    <property name="java.maxmemory" value="1400m" />
    <property name="env.RUBY_VERSION" value="ruby-2.4.1" />
    <property name="user.name" value="travis" />
    <property name="env.LANG" value="en_US.UTF-8" />
    <property name="sun.io.unicode.encoding" value="UnicodeLittle" />
    <property name="sun.jnu.encoding" value="UTF-8" />
    <property name="java.runtime.name" value="Java(TM) SE Runtime Environment" />
    <property name="usefile" value="false" />
    <property name="return.code" value="0" />
    <property name="junit.single.formatter" value="plain" />
    <property name="env.DYLD_LIBRARY_PATH" value="/home/travis/pthla/certi-tools/lib:" />
    <property name="env.DEBIAN_FRONTEND" value="noninteractive" />
    <property name="env.SSH_CONNECTION" value="10.10.4.19 56608 10.20.0.52 22" />
    <property name="env.MYSQL_UNIX_PORT" value="/var/run/mysqld/mysqld.sock" />
    <property name="env.TRAVIS_ALLOW_FAILURE" value="false" />
    <property name="env.LC_ALL" value="en_US.UTF-8" />
    <property name="java.specification.name" value="Java Platform API Specification" />
    <property name="node.works" value="true" />
    <property name="user.timezone" value="" />
    <property name="path.separator" value=":" />
    <property name="env.PYTHON_CFLAGS" value="-g -fstack-protector --param=ssp-buffer-size=4 -Wformat -Werror=format-security" />
    <property name="timeout.long" value="4000000" />
    <property name="env.CERTI_HOME" value="/home/travis/pthla/certi-tools" />
    <property name="file.encoding" value="UTF-8" />
    <property name="ant.file.ptII" value="/home/travis/build/icyphy/ptII/build.xml" />
    <property name="javadoc.packagenames" value="com.*,diva.*,lbnl.*,org.hlacerti.*,org.json.*,org.ptolemy.*,org.terraswarm.*,ptolemy.*,ptserver.*" />
    <property name="env.TRAVIS_PULL_REQUEST_SLUG" value="" />
    <property name="ant.project.default-target" value="build" />
    <property name="env.GIT_ASKPASS" value="echo" />
    <property name="env.HOME" value="/home/travis" />
    <property name="sun.java.command" value="org.apache.tools.ant.taskdefs.optional.junit.JUnitTestRunner ptolemy.vergil.basic.export.test.junit.ExportModelJUnitTestBatch3 skipNonTests=false filtertrace=true haltOnError=false haltOnFailure=false formatter=org.apache.tools.ant.taskdefs.optional.junit.OutErrSummaryJUnitResultFormatter showoutput=true outputtoformatters=true logfailedtests=true threadid=0 logtestlistenerevents=false formatter=org.apache.tools.ant.taskdefs.optional.junit.XMLJUnitResultFormatter,/home/travis/build/icyphy/ptII/reports/junit/TEST-ptolemy.vergil.basic.export.test.junit.ExportModelJUnitTestBatch3.xml crashfile=/home/travis/build/icyphy/ptII/junitvmwatcher4867912988403282462.properties propsfile=/home/travis/build/icyphy/ptII/junit9119367666884934603.properties" />
    <property name="env.MANPATH" value="/home/travis/.nvm/versions/node/v7.10.1/share/man:/home/travis/.kiex/elixirs/elixir-1.4.5/man:/home/travis/.rvm/rubies/ruby-2.4.1/share/man:/usr/local/man:/usr/local/cmake-3.9.2/man:/usr/local/clang-5.0.0/share/man:/usr/local/share/man:/usr/share/man:/home/travis/.rvm/man" />
    <property name="env.COMPOSER_NO_INTERACTION" value="1" />
    <property name="env.JDK_SWITCHER_DEFAULT" value="oraclejdk8" />
    <property name="ant.file" value="/home/travis/build/icyphy/ptII/build.xml" />
    <property name="env.TRAVIS_COMMIT_RANGE" value="19b13553cfd632cf1fc5a7f5e86b681759fef7e7...ed9785f00f2831fae5ac8b3355cbae5f77cfed48" />
    <property name="env._system_name" value="Ubuntu" />
    <property name="timeout" value="2400000" />
    <property name="ptII.classpath.optional.property" value="/home/travis/build/icyphy/ptII/lib/bsh-2.0b4.jar:/home/travis/build/icyphy/ptII/lib/ptCal.jar:/home/travis/build/icyphy/ptII/lib/java_cup.jar:/home/travis/build/icyphy/ptII/lib/saxon8.jar:/home/travis/build/icyphy/ptII/lib/saxon8-dom.jar:/home/travis/build/icyphy/ptII/lib/chic.jar:/home/travis/build/icyphy/ptII/lib/ptcolt.jar:/usr/lib/jvm/java-8-oracle/lib/tools.jar:/usr/lib/eclipse/plugins/org.eclipse.jdt.core_3.8.2.dist.jar:/usr/lib/eclipse/plugins/org.eclipse.core.runtime_3.8.0.dist.jar:/usr/lib/eclipse/plugins/org.eclipse.osgi_3.8.1.dist.jar:/usr/lib/eclipse/plugins/org.eclipse.core.resources_3.8.1.dist.jar:/usr/lib/eclipse/plugins/org.eclipse.equinox.common_3.6.100.dist.jar:/usr/lib/eclipse/plugins/org.eclipse.core.jobs_3.5.200.dist.jar:/usr/lib/eclipse/plugins/org.eclipse.core.contenttype_3.4.200.dist.jar:/usr/lib/eclipse/plugins/org.eclipse.equinox.preferences_3.5.0.dist.jar:/usr/lib/eclipse/plugins/org.eclipse.text_3.5.200.dist.jar:/usr/lib/eclipse/plugins/org.eclipse.ui.workbench_3.8.1.dist.jar:/usr/lib/eclipse/plugins/org.eclipse.jface_3.8.0.dist.jar:/usr/lib/eclipse/plugins/org.eclipse.swt_3.8.2.jar:/usr/lib/eclipse/plugins/org.eclipse.jface.text_3.8.1.dist.jar:/usr/lib/eclipse/plugins/org.eclipse.ui.workbench.texteditor_3.8.0.dist.jar:/usr/lib/eclipse/plugins/org.eclipse.ui.editors_3.8.0.dist.jar:/usr/lib/eclipse/plugins/org.eclipse.core.commands_3.6.1.dist.jar:/usr/lib/eclipse/plugins/org.eclipse.equinox.registry_3.5.200.dist.jar:/usr/lib/eclipse/plugins/org.eclipse.ui.console_3.5.100.dist.jar:/usr/lib/eclipse/plugins/org.eclipse.ui.forms_3.5.200.dist.jar:/usr/lib/eclipse/plugins/org.eclipse.ui.ide_3.8.1.dist.jar:/home/travis/build/icyphy/ptII/vendors/oracle/dbxml.jar:/home/travis/build/icyphy/ptII/vendors/oracle/db.jar:/home/travis/build/icyphy/ptII/vendors/misc/itext/iText.jar:/home/travis/build/icyphy/ptII/lib/g4ltl.jar:/home/travis/build/icyphy/ptII/lib/StructuralCoder.jar:/home/travis/build/icyphy/ptII/lib/org-openide-util.jar:/home/travis/build/icyphy/ptII/lib/org-openide-util-lookup.jar:/home/travis/build/icyphy/ptII/lib/org-netbeans-api-visual.jar:/home/travis/build/icyphy/ptII/vendors/jai-1_1_2_01/lib/jai_core.jar:/home/travis/build/icyphy/ptII/vendors/jai-1_1_2_01/lib/jai_codec.jar:/home/travis/build/icyphy/ptII/lib/jcerti.jar:/home/travis/build/icyphy/ptII/lib/smack.jar:/home/travis/build/icyphy/ptII/lib/smackx.jar:/home/travis/build/icyphy/ptII/lib/jetty-all-8.1.5-v20120716.jar:/home/travis/build/icyphy/ptII/lib/javax.servlet-api-3.0.1.jar:/home/travis/build/icyphy/ptII/lib/javax.mail.jar:/home/travis/build/icyphy/ptII/vendors/JMF-2.1.1e/lib/jmf.jar:/home/travis/build/icyphy/ptII/lib/jna-4.0.0-variadic.jar:/home/travis/build/icyphy/ptII/vendors/misc/joystick/Joystick.jar:/home/travis/build/icyphy/ptII/lib/ptjacl.jar:/home/travis/build/icyphy/ptII/lib/jsoup-1.8.2.jar:/home/travis/build/icyphy/ptII/lib/junit-4.8.2.jar:/home/travis/build/icyphy/ptII/lib/JUnitParams-0.4.0.jar:/home/travis/build/icyphy/ptII/ptolemy/actor/lib/excel/jxl.jar:/home/travis/build/icyphy/ptII/lib/jython.jar:/home/travis/build/icyphy/ptII/lib/kieler.jar:/home/travis/build/icyphy/ptII/vendors/opencv/share/OpenCV/java/opencv-341.jar:/home/travis/build/icyphy/ptII/lib/oscP5.jar:/home/travis/build/icyphy/ptII/lib/nrjavaserial-3.11.0.devel.jar:/usr/share/java/j3dcore.jar:/usr/share/java/j3dutils.jar:/usr/share/java/vecmath.jar:/home/travis/build/icyphy/ptII/ptolemy/distributed/jini/jar/jini-core.jar:/home/travis/build/icyphy/ptII/ptolemy/distributed/jini/jar/jini-ext.jar:/home/travis/build/icyphy/ptII/ptolemy/distributed/jini/jar/sun-util.jar:/home/travis/build/icyphy/ptII/lib/protobuf-java-2.4.1.jar:/home/travis/build/icyphy/ptII/lib/org.eclipse.paho.client.mqttv3.jar:/home/travis/build/icyphy/ptII/ptserver/lib/hessian-4.0.7.jar:/home/travis/build/icyphy/ptII/ptserver/lib/wmqtt.jar:/home/travis/build/icyphy/ptII/lib/mapss.jar:/home/travis/build/icyphy/ptII/ptolemy/actor/ptalon/antlr/antlr.jar:/home/travis/build/icyphy/ptII/lib/JRI.jar:/home/travis/build/icyphy/ptII/lib/commons-lang-2.6.jar:/home/travis/build/icyphy/ptII/lib/commons-logging-1.1.1.jar:/home/travis/build/icyphy/ptII/lib/sootclasses.jar:/home/travis/build/icyphy/ptII/ptolemy/actor/lib/database/mysql-connector-java-5.1.6-bin.jar:/home/travis/build/icyphy/ptII/vendors/misc/sphinx4/sphinx4-data-5prealpha.jar:/home/travis/build/icyphy/ptII/vendors/misc/sphinx4/sphinx4-core-5prealpha.jar:/home/travis/build/icyphy/ptII/lib/PDFRenderer.jar:/home/travis/build/icyphy/ptII/lib/svgSalamander.jar:/home/travis/build/icyphy/ptII/lib/rsyntaxtextarea-2.6.0-SNAPSHOT.jar:/home/travis/build/icyphy/ptII/lib/hazelcast-3.8.2.jar:/home/travis/build/icyphy/ptII/lib/jackson-annotations-2.9.0.jar:/home/travis/build/icyphy/ptII/lib/jackson-core-2.9.3.jar:/home/travis/build/icyphy/ptII/lib/jackson-databind-2.9.3.jar:/home/travis/build/icyphy/ptII/lib/netty-buffer-4.1.19.Final.jar:/home/travis/build/icyphy/ptII/lib/netty-codec-4.1.19.Final.jar:/home/travis/build/icyphy/ptII/lib/netty-codec-dns-4.1.19.Final.jar:/home/travis/build/icyphy/ptII/lib/netty-codec-http-4.1.19.Final.jar:/home/travis/build/icyphy/ptII/lib/netty-codec-http2-4.1.19.Final.jar:/home/travis/build/icyphy/ptII/lib/netty-common-4.1.19.Final.jar:/home/travis/build/icyphy/ptII/lib/netty-handler-4.1.19.Final.jar:/home/travis/build/icyphy/ptII/lib/netty-resolver-4.1.19.Final.jar:/home/travis/build/icyphy/ptII/lib/netty-resolver-dns-4.1.19.Final.jar:/home/travis/build/icyphy/ptII/lib/netty-transport-4.1.19.Final.jar:/home/travis/build/icyphy/ptII/lib/vertx-codegen-3.5.1.jar:/home/travis/build/icyphy/ptII/lib/vertx-core-3.5.2-SNAPSHOT.jar:/home/travis/build/icyphy/ptII/lib/vertx-hazelcast-3.5.1.jar:/home/travis/build/icyphy/ptII/lib/vertx-lang-js-3.5.1.jar:/home/travis/build/icyphy/ptII/lib/vertx-service-proxy-3.5.1.jar:/home/travis/build/icyphy/ptII/lib/vertx-web-3.5.1.jar:/home/travis/build/icyphy/ptII/lib/slf4j-api-1.7.13.jar:/home/travis/build/icyphy/ptII/lib/slf4j-simple-1.7.13.jar:/home/travis/build/icyphy/ptII/lib/webcam-capture-0.3.12.jar:/home/travis/build/icyphy/ptII/lib/bridj-0.7.0.jar:/home/travis/build/icyphy/ptII/lib/xbjlib-1.1.0.nrjavaserial.jar" />
    <property name="test.batch" value="**/junit/*.java" />
    <property name="env._" value="/usr/bin/timeout" />
    <property name="java.io.tmpdir" value="/tmp" />
    <property name="user.language" value="en" />
    <property name="env.HISTCONTROL" value="ignoredups:ignorespace" />
    <property name="env.GOROOT" value="/home/travis/.gimme/versions/go1.7.4.linux.amd64" />
    <property name="line.separator" value="&#xa;" />
    <property name="target" value="1.8" />
    <property name="env.TRAVIS_BUILD_DIR" value="/home/travis/build/icyphy/ptII" />
    <property name="env.ANT_OPTS" value="-Xmx2048m" />
    <property name="ant.file.type" value="file" />
    <property name="ptolemy.ptII.batchMode" value="true" />
    <property name="env.HISTSIZE" value="1000" />
    <property name="env.MERB_ENV" value="test" />
    <property name="java.vm.info" value="mixed mode" />
    <property name="source" value="1.8" />
    <property name="java.vm.specification.name" value="Java Virtual Machine Specification" />
    <property name="env.TRAVIS_TEST_RESULT" value="0" />
    <property name="jsdoc.command" value="node_modules/@terraswarm/jsdoc/jsdoc.js" />
    <property name="npm.works" value="true" />
    <property name="cobertura.dir" value="/home/travis/build/icyphy/ptII/vendors/cobertura-2.0.3" />
    <property name="env.rvm_path" value="/home/travis/.rvm" />
    <property name="env.GEM_PATH" value="/home/travis/.rvm/gems/ruby-2.4.1:/home/travis/.rvm/gems/ruby-2.4.1@global" />
    <property name="env.LC_CTYPE" value="en_US.UTF-8" />
    <property name="java.awt.printerjob" value="sun.print.PSPrinterJob" />
    <property name="env.PT_TRAVIS_TEST_EXPORT3_XML" value="true" />
    <property name="env.TRAVIS_STACK_NAME" value="garnet" />
    <property name="ant.version" value="Apache Ant(TM) version 1.10.1 compiled on February 2 2017" />
    <property name="ptII.reports" value="/home/travis/build/icyphy/ptII/reports" />
    <property name="env.TRAVIS_STACK_TIMESTAMP" value="2017-12-05 19:33:09 UTC" />
    <property name="ant.file.type.ptII" value="file" />
    <property name="env.RBENV_SHELL" value="bash" />
    <property name="os.name" value="Linux" />
    <property name="java.specification.vendor" value="Oracle Corporation" />
    <property name="env.rvm_version" value="1.29.3 (latest)" />
    <property name="env.TERM" value="xterm" />
    <property name="java.vm.name" value="Java HotSpot(TM) 64-Bit Server VM" />
    <property name="env.TRAVIS_BUILD_NUMBER" value="434" />
    <property name="env.CI" value="true" />
    <property name="java.library.path" value="/home/travis/pthla/certi-tools/lib:/usr/lib/jni:/usr/local/share/OpenCV/java/:/usr/share/OpenCV/java::/usr/java/packages/lib/amd64:/usr/lib64:/lib64:/lib:/usr/lib" />
    <property name="env.rvm_prefix" value="/home/travis" />
    <property name="env.PATH" value="/home/travis/pthla/certi-tools/share/scripts:/home/travis/.rvm/gems/ruby-2.4.1/bin:/home/travis/.rvm/gems/ruby-2.4.1@global/bin:/home/travis/.rvm/rubies/ruby-2.4.1/bin:/home/travis/.rvm/bin:/home/travis/.nvm/versions/node/v7.10.1/bin:./node_modules/.bin:/home/travis/build/icyphy/ptII/bin:/home/travis/pthla/certi-tools/bin:/home/travis/bin:/home/travis/.local/bin:/opt/pyenv/shims:/home/travis/.phpenv/shims:/home/travis/perl5/perlbrew/bin:/home/travis/.kiex/elixirs/elixir-1.4.5/bin:/home/travis/.kiex/bin:/home/travis/gopath/bin:/home/travis/.gimme/versions/go1.7.4.linux.amd64/bin:/usr/local/phantomjs/bin:/usr/local/phantomjs:/usr/local/neo4j-3.2.7/bin:/usr/local/maven-3.5.2/bin:/usr/local/cmake-3.9.2/bin:/usr/local/clang-5.0.0/bin:/usr/local/sbin:/usr/local/bin:/usr/sbin:/usr/bin:/sbin:/bin:/home/travis/.phpenv/bin:/opt/pyenv/bin:/home/travis/.yarn/bin" />
    <property name="env.TRAVIS_OS_NAME" value="linux" />
    <property name="ant.java.version" value="1.8" />
    <property name="basedir" value="/home/travis/build/icyphy/ptII" />
    <property name="java.class.version" value="52.0" />
    <property name="env.SHLVL" value="3" />
    <property name="env.LD_LIBRARY_PATH" value="/home/travis/pthla/certi-tools/lib:/usr/lib/jni:/usr/local/share/OpenCV/java/:/usr/share/OpenCV/java:" />
    <property name="env.RACK_ENV" value="test" />
    <property name="ant.home" value="/home/travis/build/icyphy/ptII/ant" />
    <property name="env.NVM_DIR" value="/home/travis/.nvm" />
    <property name="env.PERLBREW_BASHRC_VERSION" value="0.80" />
    <property name="env.CERTI_FOM_PATH" value="/home/travis/pthla/certi-tools/share/federations" />
    <property name="env.TRAVIS_BUILD_ID" value="378239440" />
    <property name="env.PYENV_ROOT" value="/opt/pyenv" />
    <property name="env.TRAVIS_UID" value="2000" />
    <property name="env.rvm_pretty_print_flag" value="auto" />
    <property name="env.NVM_BIN" value="/home/travis/.nvm/versions/node/v7.10.1/bin" />
    <property name="env.TRAVIS_COMMIT" value="ed9785f00f2831fae5ac8b3355cbae5f77cfed48" />
    <property name="env._system_arch" value="x86_64" />
    <property name="node.executable" value="node" />
    <property name="sun.boot.library.path" value="/usr/lib/jvm/java-8-oracle/jre/lib/amd64" />
    <property name="sun.management.compiler" value="HotSpot 64-Bit Tiered Compilers" />
    <property name="env.GOPATH" value="/home/travis/gopath" />
    <property name="java.awt.graphicsenv" value="sun.awt.X11GraphicsEnvironment" />
    <property name="ptolemy.ptII.dir" value="/home/travis/build/icyphy/ptII" />
    <property name="env.USER" value="travis" />
    <property name="env.HISTFILESIZE" value="2000" />
    <property name="timeout.longest" value="19000000" />
    <property name="env.TRAVIS_STACK_FEATURES" value="basic cassandra chromium couchdb disabled-ipv6 docker docker-compose elasticsearch firefox go-toolchain google-chrome jdk memcached mongodb mysql neo4j nodejs_interpreter perl_interpreter perlbrew phantomjs postgresql python_interpreter rabbitmq redis riak ruby_interpreter sqlite xserver" />
    <property name="env.TRAVIS_PULL_REQUEST" value="false" />
    <property name="env.PYENV_SHELL" value="bash" />
    <property name="ant.project.name" value="ptII" />
    <property name="java.vm.specification.version" value="1.8" />
    <property name="env.CERTI_VERSION" value="4.0.0" />
    <property name="env.NLSPATH" value="/usr/dt/lib/nls/msg/%L/%N.cat" />
    <property name="env.CERTI_HOST" value="localhost" />
    <property name="awt.toolkit" value="sun.awt.X11.XToolkit" />
    <property name="env.MY_RUBY_HOME" value="/home/travis/.rvm/rubies/ruby-2.4.1" />
    <property name="sun.cpu.isalist" value="" />
    <property name="java.ext.dirs" value="/usr/lib/jvm/java-8-oracle/jre/lib/ext:/usr/java/packages/lib/ext" />
    <property name="os.version" value="4.4.0-101-generic" />
    <property name="user.home" value="/home/travis" />
    <property name="env.MIX_ARCHIVES" value="/home/travis/.kiex/mix/elixir-1.4.5" />
    <property name="java.vm.vendor" value="Oracle Corporation" />
    <property name="env.TRAVIS_TAG" value="nightly" />
    <property name="env.TRAVIS_FILTERED" value="redirect_io" />
    <property name="env.PTII" value="/home/travis/build/icyphy/ptII" />
    <property name="env.JAVA_HOME" value="/usr/lib/jvm/java-8-oracle" />
    <property name="javadoc.excludepackagenames" value="adm.cvs2svn.*,build.*,config.*,doc.coding.templates.*,jni.test.jni.meaningOfLife.*,jni.test.jni.testDeux.*,jni.test.jni.testTrois.*,org.terraswarm.accessor.accessors.web.node_modules.*,org.terraswarm.accessor.accessors.web.hosts.cordova.demo.*,org.terraswarm.accessor.accessors.web.hosts.cordova.plugins.*,org.terraswarm.accessor.accessors-svn.*,pt-modules.*,ptolemy.apps.agilent.*,ptolemy.apps.anytimecontrol.*,ptolemy.apps.apes.*,ptolemy.apps.charon.*,ptolemy.apps.crazyboard.*,ptolemy.apps.eclipse.*,ptolemy.apps.etherealSting.*,ptolemy.apps.fullscreen.*,ptolemy.apps.giotto.*,ptolemy.apps.ia.*,ptolemy.apps.interfaces.*,ptolemy.apps.jmf.*,ptolemy.apps.kurt.*,ptolemy.apps.kvm.*,ptolemy.apps.lego.*,ptolemy.apps.lejos.*,ptolemy.apps.midp.*,ptolemy.apps.mobileCoding.*,ptolemy.apps.pendulum.*,ptolemy.apps.rijndael.*,ptolemy.apps.robot.*,ptolemy.apps.security.*,ptolemy.apps.sobel.*,ptolemy.apps.soot.*,ptolemy.apps.throttle.*,ptolemy.apps.tini.*,ptolemy.apps.transmission.*,ptolemy.apps.vergil.*,ptolemy.apps.waba.*,ptolemy.apps.websensor.*,ptolemy.apps.webstart.*,ptolemy.apps.xsl.*,ptolemy.apps.zaurus.*,ptolemy.backtrack.eclipse.plugin.*,ptolemy.backtrack.test.*,ptolemy.codegen.c.actor.lib.oldJavaFiles.*,ptolemy.codegen.dsp.lib.*,ptolemy.codegen.kernel.newInterfaces.*,ptolemy.codegen.lib.*,ptolemy.copernicus.kernel.fragment.*,ptolemy.copernicus.shallow.cg.*,ptolemy.domains.giotto.demo.Hierarchy.Hierarchy.*,ptolemy.domains.giotto.demo.Multimode.Multimode.*,ptolemy.domains.giotto.demo.Simple.Simple.*,ptolemy.domains.gr.lib.experimental.*,ptolemy.domains.gro.*,ptolemy.domains.pdf.*,ptolemy.domains.ptinyos.demo.Surge.output.*,ptolemy.moml.test.NoPackageActor.java*,ptolemy.plot.adm.*,ptolemy.plot.servlet.*,reports.*,signed.*,src.*,target.*,vendors.*,ptolemy.cg.adapter.generic.program.procedural.c.mbed*,ptolemy.actor.lib.fmi.fmus.omc*,ptolemy.domains.openmodelica*,ptdb.kernel.bl.save.test.*,ptdb.kernel.bl.load.test.*,ptdb.kernel.bl.search.test.*,ptdb.kernel.bl.migration.test.*,ptdb.kernel.database.test.*,ptdb.test.*,ptdb.gui.test.*,org.ptolemy.scala.*,diva.util.java2d.svg.*,ptolemy.domains.ptinyos.*,ptolemy.actor.lib.fmi.fmipp.*,,org.terraswarm.accessor.accessors.web.node_modules.*,org.terraswarm.accessor.accessors-svn,ptolemy.actor.ptalon.demo.ptinyos.SendAndReceiveCnt.output,ptolemy.actor.ptalon.demo.ptinyos.SenseToLeds.output,ptolemy.domains.ptinyos.demo.CntToLedsAndRfm.output,ptolemy.domains.ptinyos.demo.RfmToLeds.output,ptolemy.domains.ptinyos.demo.SendAndReceiveCnt.output,ptolemy.domains.ptinyos.demo.SenseToLeds.output" />
    <property name="env.TRAVIS_COMMIT_MESSAGE" value="Adjusted model numbers in export batches." />
    <property name="env.XDG_SESSION_ID" value="2" />
    <property name="keystore" value="ptKeystore" />
    <property name="junit.output.dir" value="/home/travis/build/icyphy/ptII/reports/junit" />
    <property name="npm.return.code" value="0" />
    <property name="user.dir" value="/home/travis/build/icyphy/ptII/ptolemy/vergil/basic/export/test" />
    <property name="env.XFILESEARCHPATH" value="/usr/dt/app-defaults/%L/Dt" />
    <property name="env.TRAVIS_NODE_VERSION" value="7" />
    <property name="env.TRAVIS_EVENT_TYPE" value="cron" />
    <property name="env.MAIL" value="/var/mail/travis" />
    <property name="env.PWD" value="/home/travis/build/icyphy/ptII" />
    <property name="env.PERLBREW_ROOT" value="/home/travis/perl5/perlbrew" />
    <property name="timeout.npm" value="45000" />
    <property name="env.PAGER" value="cat" />
    <property name="sun.cpu.endian" value="little" />
    <property name="env.TRAVIS_BUILD_STAGE_NAME" value="Test" />
    <property name="env.PERLBREW_HOME" value="/home/travis/.perlbrew" />
    <property name="env.RAILS_ENV" value="test" />
    <property name="java.vm.version" value="25.151-b12" />
    <property name="java.class.path" value="/home/travis/build/icyphy/ptII:/home/travis/build/icyphy/ptII/lib/bsh-2.0b4.jar:/home/travis/build/icyphy/ptII/lib/ptCal.jar:/home/travis/build/icyphy/ptII/lib/java_cup.jar:/home/travis/build/icyphy/ptII/lib/saxon8.jar:/home/travis/build/icyphy/ptII/lib/saxon8-dom.jar:/home/travis/build/icyphy/ptII/lib/chic.jar:/home/travis/build/icyphy/ptII/lib/ptcolt.jar:/usr/lib/jvm/java-8-oracle/lib/tools.jar:/usr/lib/eclipse/plugins/org.eclipse.jdt.core_3.8.2.dist.jar:/usr/lib/eclipse/plugins/org.eclipse.core.runtime_3.8.0.dist.jar:/usr/lib/eclipse/plugins/org.eclipse.osgi_3.8.1.dist.jar:/usr/lib/eclipse/plugins/org.eclipse.core.resources_3.8.1.dist.jar:/usr/lib/eclipse/plugins/org.eclipse.equinox.common_3.6.100.dist.jar:/usr/lib/eclipse/plugins/org.eclipse.core.jobs_3.5.200.dist.jar:/usr/lib/eclipse/plugins/org.eclipse.core.contenttype_3.4.200.dist.jar:/usr/lib/eclipse/plugins/org.eclipse.equinox.preferences_3.5.0.dist.jar:/usr/lib/eclipse/plugins/org.eclipse.text_3.5.200.dist.jar:/usr/lib/eclipse/plugins/org.eclipse.ui.workbench_3.8.1.dist.jar:/usr/lib/eclipse/plugins/org.eclipse.jface_3.8.0.dist.jar:/usr/lib/eclipse/plugins/org.eclipse.swt_3.8.2.jar:/usr/lib/eclipse/plugins/org.eclipse.jface.text_3.8.1.dist.jar:/usr/lib/eclipse/plugins/org.eclipse.ui.workbench.texteditor_3.8.0.dist.jar:/usr/lib/eclipse/plugins/org.eclipse.ui.editors_3.8.0.dist.jar:/usr/lib/eclipse/plugins/org.eclipse.core.commands_3.6.1.dist.jar:/usr/lib/eclipse/plugins/org.eclipse.equinox.registry_3.5.200.dist.jar:/usr/lib/eclipse/plugins/org.eclipse.ui.console_3.5.100.dist.jar:/usr/lib/eclipse/plugins/org.eclipse.ui.forms_3.5.200.dist.jar:/usr/lib/eclipse/plugins/org.eclipse.ui.ide_3.8.1.dist.jar:/home/travis/build/icyphy/ptII/vendors/oracle/dbxml.jar:/home/travis/build/icyphy/ptII/vendors/oracle/db.jar:/home/travis/build/icyphy/ptII/vendors/misc/itext/iText.jar:/home/travis/build/icyphy/ptII/lib/g4ltl.jar:/home/travis/build/icyphy/ptII/lib/StructuralCoder.jar:/home/travis/build/icyphy/ptII/lib/org-openide-util.jar:/home/travis/build/icyphy/ptII/lib/org-openide-util-lookup.jar:/home/travis/build/icyphy/ptII/lib/org-netbeans-api-visual.jar:/home/travis/build/icyphy/ptII/vendors/jai-1_1_2_01/lib/jai_core.jar:/home/travis/build/icyphy/ptII/vendors/jai-1_1_2_01/lib/jai_codec.jar:/home/travis/build/icyphy/ptII/lib/jcerti.jar:/home/travis/build/icyphy/ptII/lib/smack.jar:/home/travis/build/icyphy/ptII/lib/smackx.jar:/home/travis/build/icyphy/ptII/lib/jetty-all-8.1.5-v20120716.jar:/home/travis/build/icyphy/ptII/lib/javax.servlet-api-3.0.1.jar:/home/travis/build/icyphy/ptII/lib/javax.mail.jar:/home/travis/build/icyphy/ptII/vendors/JMF-2.1.1e/lib/jmf.jar:/home/travis/build/icyphy/ptII/lib/jna-4.0.0-variadic.jar:/home/travis/build/icyphy/ptII/vendors/misc/joystick/Joystick.jar:/home/travis/build/icyphy/ptII/lib/ptjacl.jar:/home/travis/build/icyphy/ptII/lib/jsoup-1.8.2.jar:/home/travis/build/icyphy/ptII/lib/junit-4.8.2.jar:/home/travis/build/icyphy/ptII/lib/JUnitParams-0.4.0.jar:/home/travis/build/icyphy/ptII/ptolemy/actor/lib/excel/jxl.jar:/home/travis/build/icyphy/ptII/lib/jython.jar:/home/travis/build/icyphy/ptII/lib/kieler.jar:/home/travis/build/icyphy/ptII/vendors/opencv/share/OpenCV/java/opencv-341.jar:/home/travis/build/icyphy/ptII/lib/oscP5.jar:/home/travis/build/icyphy/ptII/lib/nrjavaserial-3.11.0.devel.jar:/usr/share/java/j3dcore.jar:/usr/share/java/j3dutils.jar:/usr/share/java/vecmath.jar:/home/travis/build/icyphy/ptII/ptolemy/distributed/jini/jar/jini-core.jar:/home/travis/build/icyphy/ptII/ptolemy/distributed/jini/jar/jini-ext.jar:/home/travis/build/icyphy/ptII/ptolemy/distributed/jini/jar/sun-util.jar:/home/travis/build/icyphy/ptII/lib/protobuf-java-2.4.1.jar:/home/travis/build/icyphy/ptII/lib/org.eclipse.paho.client.mqttv3.jar:/home/travis/build/icyphy/ptII/ptserver/lib/hessian-4.0.7.jar:/home/travis/build/icyphy/ptII/ptserver/lib/wmqtt.jar:/home/travis/build/icyphy/ptII/lib/mapss.jar:/home/travis/build/icyphy/ptII/ptolemy/actor/ptalon/antlr/antlr.jar:/home/travis/build/icyphy/ptII/lib/JRI.jar:/home/travis/build/icyphy/ptII/lib/commons-lang-2.6.jar:/home/travis/build/icyphy/ptII/lib/commons-logging-1.1.1.jar:/home/travis/build/icyphy/ptII/lib/sootclasses.jar:/home/travis/build/icyphy/ptII/ptolemy/actor/lib/database/mysql-connector-java-5.1.6-bin.jar:/home/travis/build/icyphy/ptII/vendors/misc/sphinx4/sphinx4-data-5prealpha.jar:/home/travis/build/icyphy/ptII/vendors/misc/sphinx4/sphinx4-core-5prealpha.jar:/home/travis/build/icyphy/ptII/lib/PDFRenderer.jar:/home/travis/build/icyphy/ptII/lib/svgSalamander.jar:/home/travis/build/icyphy/ptII/lib/rsyntaxtextarea-2.6.0-SNAPSHOT.jar:/home/travis/build/icyphy/ptII/lib/hazelcast-3.8.2.jar:/home/travis/build/icyphy/ptII/lib/jackson-annotations-2.9.0.jar:/home/travis/build/icyphy/ptII/lib/jackson-core-2.9.3.jar:/home/travis/build/icyphy/ptII/lib/jackson-databind-2.9.3.jar:/home/travis/build/icyphy/ptII/lib/netty-buffer-4.1.19.Final.jar:/home/travis/build/icyphy/ptII/lib/netty-codec-4.1.19.Final.jar:/home/travis/build/icyphy/ptII/lib/netty-codec-dns-4.1.19.Final.jar:/home/travis/build/icyphy/ptII/lib/netty-codec-http-4.1.19.Final.jar:/home/travis/build/icyphy/ptII/lib/netty-codec-http2-4.1.19.Final.jar:/home/travis/build/icyphy/ptII/lib/netty-common-4.1.19.Final.jar:/home/travis/build/icyphy/ptII/lib/netty-handler-4.1.19.Final.jar:/home/travis/build/icyphy/ptII/lib/netty-resolver-4.1.19.Final.jar:/home/travis/build/icyphy/ptII/lib/netty-resolver-dns-4.1.19.Final.jar:/home/travis/build/icyphy/ptII/lib/netty-transport-4.1.19.Final.jar:/home/travis/build/icyphy/ptII/lib/vertx-codegen-3.5.1.jar:/home/travis/build/icyphy/ptII/lib/vertx-core-3.5.2-SNAPSHOT.jar:/home/travis/build/icyphy/ptII/lib/vertx-hazelcast-3.5.1.jar:/home/travis/build/icyphy/ptII/lib/vertx-lang-js-3.5.1.jar:/home/travis/build/icyphy/ptII/lib/vertx-service-proxy-3.5.1.jar:/home/travis/build/icyphy/ptII/lib/vertx-web-3.5.1.jar:/home/travis/build/icyphy/ptII/lib/slf4j-api-1.7.13.jar:/home/travis/build/icyphy/ptII/lib/slf4j-simple-1.7.13.jar:/home/travis/build/icyphy/ptII/lib/webcam-capture-0.3.12.jar:/home/travis/build/icyphy/ptII/lib/bridj-0.7.0.jar:/home/travis/build/icyphy/ptII/lib/xbjlib-1.1.0.nrjavaserial.jar:/home/travis/build/icyphy/ptII/ptolemy/moml/test:/home/travis/build/icyphy/ptII/ant/lib/ant-launcher.jar:/home/travis/build/icyphy/ptII/ant/lib/ant.jar:/home/travis/build/icyphy/ptII/ant/lib/ant-junit.jar:/home/travis/build/icyphy/ptII/ant/lib/ant-junit4.jar" />
    <property name="ant.library.dir" value="/home/travis/build/icyphy/ptII/ant/lib" />
    <property name="os.arch" value="amd64" />
    <property name="env.TRAVIS_LANGUAGE" value="node_js" />
    <property name="env.CONTINUOUS_INTEGRATION" value="true" />
    <property name="env.TRAVIS_STACK_LANGUAGES" value="__garnet__ c c++ clojure cplusplus cpp default go groovy java node_js php pure_java python ruby scala" />
    <property name="test.name" value="ptolemy.actor.lib.test.junit.JUnitTclTest" />
    <property name="sun.java.launcher" value="SUN_STANDARD" />
    <property name="env.PYTHON_CONFIGURE_OPTS" value="--enable-unicode=ucs4 --with-wide-unicode --enable-shared --enable-ipv6 --enable-loadable-sqlite-extensions --with-computed-gotos" />
    <property name="ant.core.lib" value="/home/travis/build/icyphy/ptII/ant/lib/ant.jar" />
    <property name="java.vm.specification.vendor" value="Oracle Corporation" />
    <property name="env.BCVTB_HOME" value="/home/travis/build/icyphy/ptII/lbnl" />
    <property name="file.separator" value="/" />
    <property name="java.runtime.version" value="1.8.0_151-b12" />
    <property name="spotbugs.home" value="/home/travis/build/icyphy/ptII/vendors/spotbugs-3.1.1" />
    <property name="sun.boot.class.path" value="/usr/lib/jvm/java-8-oracle/jre/lib/resources.jar:/usr/lib/jvm/java-8-oracle/jre/lib/rt.jar:/usr/lib/jvm/java-8-oracle/jre/lib/sunrsasign.jar:/usr/lib/jvm/java-8-oracle/jre/lib/jsse.jar:/usr/lib/jvm/java-8-oracle/jre/lib/jce.jar:/usr/lib/jvm/java-8-oracle/jre/lib/charsets.jar:/usr/lib/jvm/java-8-oracle/jre/lib/jfr.jar:/usr/lib/jvm/java-8-oracle/jre/classes" />
    <property name="env.HAS_JOSH_K_SEAL_OF_APPROVAL" value="true" />
    <property name="env.TRAVIS_OSX_IMAGE" value="" />
    <property name="env.XDG_RUNTIME_DIR" value="/run/user/2000" />
    <property name="env.TRAVIS_JOB_ID" value="378239454" />
    <property name="env.TRAVIS_BRANCH" value="master" />
    <property name="user.country" value="US" />
    <property name="env.CERTI_HOME_TRAVIS" value="/home/travis/pthla/certi-tools" />
    <property name="env.SHELL" value="/bin/bash" />
    <property name="java.maxmemory.large" value="5000m" />
    <property name="model" value="" />
    <property name="env.CASHER_DIR" value="/home/travis/.casher" />
    <property name="env.NVM_CD_FLAGS" value="" />
    <property name="jshint.executable" value="/home/travis/node_modules/jshint/bin/jshint" />
    <property name="java.vendor" value="Oracle Corporation" />
    <property name="env.JRUBY_OPTS" value=" --client -J-XX:+TieredCompilation -J-XX:TieredStopAtLevel=1 -J-Xss2m -Xcompile.invokedynamic=false" />
    <property name="env.TRAVIS_PRE_CHEF_BOOTSTRAP_TIME" value="2017-12-05T19:32:55" />
    <property name="env.ELIXIR_VERSION" value="1.4.5" />
    <property name="env.TRAVIS_STACK_JOB_BOARD_REGISTER" value="/.job-board-register.yml" />
    <property name="java.specification.version" value="1.8" />
    <property name="env.IRBRC" value="/home/travis/.rvm/rubies/ruby-2.4.1/.irbrc" />
    <property name="env.TRAVIS" value="true" />
    <property name="sun.arch.data.model" value="64" />
  </properties>
  <testcase classname="ptolemy.vergil.basic.export.test.junit.ExportModelJUnitTestBatch3" name="[0] ptolemy/actor/lib/jjs/modules/iotAuth/demo/SecurePubSub/SecurePubSub.xml (RunExportModel)" time="31.603" />
  <testcase classname="ptolemy.vergil.basic.export.test.junit.ExportModelJUnitTestBatch3" name="[1] ptolemy/actor/lib/jjs/modules/localStorage/demo/LocalStorage/LocalStorage.xml (RunExportModel)" time="11.699" />
  <testcase classname="ptolemy.vergil.basic.export.test.junit.ExportModelJUnitTestBatch3" name="[2] ptolemy/actor/lib/jjs/modules/mqtt/demo/MQTTPubSub/MQTTPubSub.xml (RunExportModel)" time="23.177" />
  <testcase classname="ptolemy.vergil.basic.export.test.junit.ExportModelJUnitTestBatch3" name="[3] ptolemy/actor/lib/jjs/modules/socket/demo/SecureSocket/SecureSocket.xml (RunExportModel)" time="22.938" />
  <testcase classname="ptolemy.vergil.basic.export.test.junit.ExportModelJUnitTestBatch3" name="[4] ptolemy/actor/lib/jjs/modules/socket/demo/SocketDoubleArrayBatched/SocketDoubleArrayBatched.xml (RunExportModel)" time="13.981" />
  <testcase classname="ptolemy.vergil.basic.export.test.junit.ExportModelJUnitTestBatch3" name="[5] ptolemy/actor/lib/jjs/modules/socket/demo/SocketImage/SocketImage.xml (RunExportModel)" time="37.587" />
  <testcase classname="ptolemy.vergil.basic.export.test.junit.ExportModelJUnitTestBatch3" name="[6] ptolemy/actor/lib/jjs/modules/socket/demo/SocketString/SocketString.xml (RunExportModel)" time="16.992" />
  <testcase classname="ptolemy.vergil.basic.export.test.junit.ExportModelJUnitTestBatch3" name="[7] ptolemy/actor/lib/jjs/modules/socket/demo/SocketUnsignedShort/SocketUnsignedShort.xml (RunExportModel)" time="13.809" />
  <testcase classname="ptolemy.vergil.basic.export.test.junit.ExportModelJUnitTestBatch3" name="[8] ptolemy/actor/lib/jjs/modules/socket/demo/TCPSocket/TCPSocket.xml (RunExportModel)" time="8.396" />
  <testcase classname="ptolemy.vergil.basic.export.test.junit.ExportModelJUnitTestBatch3" name="[9] ptolemy/actor/lib/jjs/modules/socket/demo/TCPSocket/TCPSocketDoubleArrayBatched.xml (RunExportModel)" time="13.945" />
  <testcase classname="ptolemy.vergil.basic.export.test.junit.ExportModelJUnitTestBatch3" name="[10] ptolemy/actor/lib/jjs/modules/socket/demo/TCPSocket/TCPSocketImage.xml (RunExportModel)" time="33.763" />
  <testcase classname="ptolemy.vergil.basic.export.test.junit.ExportModelJUnitTestBatch3" name="[11] ptolemy/actor/lib/jjs/modules/socket/demo/TCPSocket/TCPSocketSecureServerClient.xml (RunExportModel)" time="22.365" />
  <testcase classname="ptolemy.vergil.basic.export.test.junit.ExportModelJUnitTestBatch3" name="[12] ptolemy/actor/lib/jjs/modules/socket/demo/TCPSocket/TCPSocketTwoClients.xml (RunExportModel)" time="34.369" />
  <testcase classname="ptolemy.vergil.basic.export.test.junit.ExportModelJUnitTestBatch3" name="[13] ptolemy/actor/lib/jjs/modules/socket/demo/TCPSocket/TCPSocketUnsignedShort.xml (RunExportModel)" time="14.78" />
  <testcase classname="ptolemy.vergil.basic.export.test.junit.ExportModelJUnitTestBatch3" name="[14] ptolemy/actor/lib/jjs/modules/speechRecognition/demo/SpeechRecognition/SpeechRecognition.xml (RunExportModel)" time="10.382" />
  <testcase classname="ptolemy.vergil.basic.export.test.junit.ExportModelJUnitTestBatch3" name="[15] ptolemy/actor/lib/jjs/modules/speechRecognition/demo/WatchCommandUpdater/WatchCommandUpdater.xml (RunExportModel)" time="13.315" />
  <testcase classname="ptolemy.vergil.basic.export.test.junit.ExportModelJUnitTestBatch3" name="[16] ptolemy/actor/lib/jjs/modules/testing/demo/Testing/Testing.xml (RunExportModel)" time="28.917" />
  <testcase classname="ptolemy.vergil.basic.export.test.junit.ExportModelJUnitTestBatch3" name="[17] ptolemy/actor/lib/jjs/modules/udpSocket/demo/UDPSocket/UDPSocket.xml (RunExportModel)" time="39.773" />
  <testcase classname="ptolemy.vergil.basic.export.test.junit.ExportModelJUnitTestBatch3" name="[18] ptolemy/actor/lib/jjs/modules/udpSocket/demo/WatchEmulator/WatchEmulator.xml (RunExportModel)" time="18.558">
    <failure message="Exporting HTML for ptolemy/actor/lib/jjs/modules/udpSocket/demo/WatchEmulator/WatchEmulator.xml failed: &#xa;java.lang.reflect.InvocationTargetException&#xa;&#x9;at java.awt.EventQueue.invokeAndWait(EventQueue.java:1321)&#xa;&#x9;at java.awt.EventQueue.invokeAndWait(EventQueue.java:1296)&#xa;&#x9;at javax.swing.SwingUtilities.invokeAndWait(SwingUtilities.java:1348)&#xa;&#x9;at ptolemy.vergil.basic.export.ExportModel.exportModel(ExportModel.java:401)&#xa;&#x9;at ptolemy.vergil.basic.export.test.junit.ExportModelJUnitTest.RunExportModel(ExportModelJUnitTest.java:153)&#xa;&#x9;at ptolemy.vergil.basic.export.test.junit.ExportModelJUnitTestBatch.RunExportModel(ExportModelJUnitTestBatch.java:97)&#xa;&#x9;at sun.reflect.GeneratedMethodAccessor18.invoke(Unknown Source)&#xa;&#x9;at sun.reflect.DelegatingMethodAccessorImpl.invoke(DelegatingMethodAccessorImpl.java:43)&#xa;&#x9;at java.lang.reflect.Method.invoke(Method.java:498)&#xa;&#x9;at org.junit.runners.model.FrameworkMethod$1.runReflectiveCall(FrameworkMethod.java:44)&#xa;&#x9;at org.junit.internal.runners.model.ReflectiveCallable.run(ReflectiveCallable.java:15)&#xa;&#x9;at org.junit.runners.model.FrameworkMethod.invokeExplosively(FrameworkMethod.java:41)&#xa;&#x9;at junitparams.internal.InvokeParameterisedMethod.evaluate(InvokeParameterisedMethod.java:102)&#xa;&#x9;at junitparams.internal.ParameterisedTestMethodRunner.runMethodInvoker(ParameterisedTestMethodRunner.java:47)&#xa;&#x9;at junitparams.internal.ParameterisedTestMethodRunner.runTestMethod(ParameterisedTestMethodRunner.java:41)&#xa;&#x9;at junitparams.internal.ParameterisedTestClassRunner.runParameterisedTest(ParameterisedTestClassRunner.java:143)&#xa;&#x9;at junitparams.JUnitParamsRunner.runChild(JUnitParamsRunner.java:237)&#xa;&#x9;at junitparams.JUnitParamsRunner.runChild(JUnitParamsRunner.java:215)&#xa;&#x9;at org.junit.runners.ParentRunner$3.run(ParentRunner.java:193)&#xa;&#x9;at org.junit.runners.ParentRunner$1.schedule(ParentRunner.java:52)&#xa;&#x9;at org.junit.runners.ParentRunner.runChildren(ParentRunner.java:191)&#xa;&#x9;at org.junit.runners.ParentRunner.access$000(ParentRunner.java:42)&#xa;&#x9;at org.junit.runners.ParentRunner$2.evaluate(ParentRunner.java:184)&#xa;&#x9;at org.junit.runners.ParentRunner.run(ParentRunner.java:236)&#xa;&#x9;at junit.framework.JUnit4TestAdapter.run(JUnit4TestAdapter.java:39)&#xa;&#x9;at org.apache.tools.ant.taskdefs.optional.junit.JUnitTestRunner.run(JUnitTestRunner.java:535)&#xa;&#x9;at org.apache.tools.ant.taskdefs.optional.junit.JUnitTestRunner.launch(JUnitTestRunner.java:1182)&#xa;&#x9;at org.apache.tools.ant.taskdefs.optional.junit.JUnitTestRunner.main(JUnitTestRunner.java:1033)&#xa;Caused by: java.lang.RuntimeException: ptolemy.kernel.util.IllegalActionException: Exceptions occurred during wrapup:&#xa;ptolemy.kernel.util.IllegalActionException: Failure executing the wrapup function: Error: TrainableTest2: The input handler of this accessor was never invoked. Usually, this is an error indicating that starvation is occurring. in &lt;function&gt; at line number 393 at column number 16&#xa;  in .WatchEmulator.TrainableTest2&#xa;Because:&#xa;Error: TrainableTest2: The input handler of this accessor was never invoked. Usually, this is an error indicating that starvation is occurring. in &lt;function&gt; at line number 393 at column number 16&#xa;&#xa;  in .WatchEmulator.DE Director&#xa;Because:&#xa;Failure executing the wrapup function: Error: TrainableTest2: The input handler of this accessor was never invoked. Usually, this is an error indicating that starvation is occurring. in &lt;function&gt; at line number 393 at column number 16&#xa;  in .WatchEmulator.TrainableTest2&#xa;Because:&#xa;Error: TrainableTest2: The input handler of this accessor was never invoked. Usually, this is an error indicating that starvation is occurring. in &lt;function&gt; at line number 393 at column number 16&#xa;&#x9;at ptolemy.vergil.basic.export.ExportModel$2.run(ExportModel.java:397)&#xa;&#x9;at java.awt.event.InvocationEvent.dispatch(InvocationEvent.java:301)&#xa;&#x9;at java.awt.EventQueue.dispatchEventImpl(EventQueue.java:756)&#xa;&#x9;at java.awt.EventQueue.access$500(EventQueue.java:97)&#xa;&#x9;at java.awt.EventQueue$3.run(EventQueue.java:709)&#xa;&#x9;at java.awt.EventQueue$3.run(EventQueue.java:703)&#xa;&#x9;at java.security.AccessController.doPrivileged(Native Method)&#xa;&#x9;at java.security.ProtectionDomain$JavaSecurityAccessImpl.doIntersectionPrivilege(ProtectionDomain.java:80)&#xa;&#x9;at java.awt.EventQueue.dispatchEvent(EventQueue.java:726)&#xa;&#x9;at java.awt.EventDispatchThread.pumpOneEventForFilters(EventDispatchThread.java:201)&#xa;&#x9;at java.awt.EventDispatchThread.pumpEventsForFilter(EventDispatchThread.java:116)&#xa;&#x9;at java.awt.EventDispatchThread.pumpEventsForHierarchy(EventDispatchThread.java:105)&#xa;&#x9;at java.awt.EventDispatchThread.pumpEvents(EventDispatchThread.java:101)&#xa;&#x9;at java.awt.EventDispatchThread.pumpEvents(EventDispatchThread.java:93)&#xa;&#x9;at java.awt.EventDispatchThread.run(EventDispatchThread.java:82)&#xa;Caused by: ptolemy.kernel.util.IllegalActionException: Exceptions occurred during wrapup:&#xa;ptolemy.kernel.util.IllegalActionException: Failure executing the wrapup function: Error: TrainableTest2: The input handler of this accessor was never invoked. Usually, this is an error indicating that starvation is occurring. in &lt;function&gt; at line number 393 at column number 16&#xa;  in .WatchEmulator.TrainableTest2&#xa;Because:&#xa;Error: TrainableTest2: The input handler of this accessor was never invoked. Usually, this is an error indicating that starvation is occurring. in &lt;function&gt; at line number 393 at column number 16&#xa;&#xa;  in .WatchEmulator.DE Director&#xa;Because:&#xa;Failure executing the wrapup function: Error: TrainableTest2: The input handler of this accessor was never invoked. Usually, this is an error indicating that starvation is occurring. in &lt;function&gt; at line number 393 at column number 16&#xa;  in .WatchEmulator.TrainableTest2&#xa;Because:&#xa;Error: TrainableTest2: The input handler of this accessor was never invoked. Usually, this is an error indicating that starvation is occurring. in &lt;function&gt; at line number 393 at column number 16&#xa;&#x9;at ptolemy.actor.Director.wrapup(Director.java:1736)&#xa;&#x9;at ptolemy.domains.de.kernel.DEDirector.wrapup(DEDirector.java:1526)&#xa;&#x9;at ptolemy.actor.CompositeActor.wrapup(CompositeActor.java:2735)&#xa;&#x9;at ptolemy.actor.Manager.wrapup(Manager.java:1512)&#xa;&#x9;at ptolemy.actor.Manager.execute(Manager.java:407)&#xa;&#x9;at ptolemy.vergil.basic.export.ExportModel$2.run(ExportModel.java:390)&#xa;&#x9;... 14 more&#xa;Caused by: ptolemy.kernel.util.IllegalActionException: Failure executing the wrapup function: Error: TrainableTest2: The input handler of this accessor was never invoked. Usually, this is an error indicating that starvation is occurring. in &lt;function&gt; at line number 393 at column number 16&#xa;  in .WatchEmulator.TrainableTest2&#xa;Because:&#xa;Error: TrainableTest2: The input handler of this accessor was never invoked. Usually, this is an error indicating that starvation is occurring. in &lt;function&gt; at line number 393 at column number 16&#xa;&#x9;at ptolemy.actor.lib.jjs.JavaScript._invokeMethodInContext(JavaScript.java:2223)&#xa;&#x9;at ptolemy.actor.lib.jjs.JavaScript.wrapup(JavaScript.java:2118)&#xa;&#x9;at ptolemy.actor.Director.wrapup(Director.java:1722)&#xa;&#x9;... 19 more&#xa;Caused by: javax.script.ScriptException: Error: TrainableTest2: The input handler of this accessor was never invoked. Usually, this is an error indicating that starvation is occurring. in &lt;function&gt; at line number 393 at column number 16&#xa;&#x9;at jdk.nashorn.api.scripting.NashornScriptEngine.throwAsScriptException(NashornScriptEngine.java:470)&#xa;&#x9;at jdk.nashorn.api.scripting.NashornScriptEngine.invokeImpl(NashornScriptEngine.java:392)&#xa;&#x9;at jdk.nashorn.api.scripting.NashornScriptEngine.invokeMethod(NashornScriptEngine.java:199)&#xa;&#x9;at ptolemy.actor.lib.jjs.JavaScript._invokeMethodInContext(JavaScript.java:2200)&#xa;&#x9;... 21 more&#xa;Caused by: &lt;function&gt;:393:16 Error: TrainableTest2: The input handler of this accessor was never invoked. Usually, this is an error indicating that starvation is occurring.&#xa;&#x9;at jdk.nashorn.internal.objects.NativeError.initException(NativeError.java:137)&#xa;&#x9;at jdk.nashorn.internal.objects.NativeError.&lt;init&gt;(NativeError.java:102)&#xa;&#x9;at jdk.nashorn.internal.objects.NativeError.&lt;init&gt;(NativeError.java:106)&#xa;&#x9;at jdk.nashorn.internal.objects.NativeError.&lt;init&gt;(NativeError.java:110)&#xa;&#x9;at jdk.nashorn.internal.objects.NativeError.constructor(NativeError.java:129)&#xa;&#x9;at jdk.nashorn.internal.scripts.Script$Recompilation$17598$18573$\^function\_.L:1#wrapup(&lt;function&gt;:393)&#xa;&#x9;at jdk.nashorn.internal.scripts.Script$Recompilation$17596$30384$require.L:1#Accessor#wrapup(/home/travis/build/icyphy/ptII/ptolemy/actor/lib/jjs/external/require.js#401:30&lt;eval&gt;:675)&#xa;&#x9;at jdk.nashorn.internal.runtime.ScriptFunctionData.invoke(ScriptFunctionData.java:637)&#xa;&#x9;at jdk.nashorn.internal.runtime.ScriptFunction.invoke(ScriptFunction.java:494)&#xa;&#x9;at jdk.nashorn.internal.runtime.ScriptRuntime.apply(ScriptRuntime.java:393)&#xa;&#x9;at jdk.nashorn.api.scripting.ScriptObjectMirror.callMember(ScriptObjectMirror.java:199)&#xa;&#x9;at jdk.nashorn.api.scripting.NashornScriptEngine.invokeImpl(NashornScriptEngine.java:386)&#xa;&#x9;... 23 more&#xa;" type="junit.framework.AssertionFailedError">junit.framework.AssertionFailedError: Exporting HTML for ptolemy/actor/lib/jjs/modules/udpSocket/demo/WatchEmulator/WatchEmulator.xml failed: 
java.lang.reflect.InvocationTargetException
	at java.awt.EventQueue.invokeAndWait(EventQueue.java:1321)
	at java.awt.EventQueue.invokeAndWait(EventQueue.java:1296)
	at javax.swing.SwingUtilities.invokeAndWait(SwingUtilities.java:1348)
	at ptolemy.vergil.basic.export.ExportModel.exportModel(ExportModel.java:401)
	at ptolemy.vergil.basic.export.test.junit.ExportModelJUnitTest.RunExportModel(ExportModelJUnitTest.java:153)
	at ptolemy.vergil.basic.export.test.junit.ExportModelJUnitTestBatch.RunExportModel(ExportModelJUnitTestBatch.java:97)
	at junitparams.internal.InvokeParameterisedMethod.evaluate(InvokeParameterisedMethod.java:102)
	at junitparams.internal.ParameterisedTestMethodRunner.runMethodInvoker(ParameterisedTestMethodRunner.java:47)
	at junitparams.internal.ParameterisedTestMethodRunner.runTestMethod(ParameterisedTestMethodRunner.java:41)
	at junitparams.internal.ParameterisedTestClassRunner.runParameterisedTest(ParameterisedTestClassRunner.java:143)
	at junitparams.JUnitParamsRunner.runChild(JUnitParamsRunner.java:237)
	at junitparams.JUnitParamsRunner.runChild(JUnitParamsRunner.java:215)
Caused by: java.lang.RuntimeException: ptolemy.kernel.util.IllegalActionException: Exceptions occurred during wrapup:
ptolemy.kernel.util.IllegalActionException: Failure executing the wrapup function: Error: TrainableTest2: The input handler of this accessor was never invoked. Usually, this is an error indicating that starvation is occurring. in &lt;function&gt; at line number 393 at column number 16
  in .WatchEmulator.TrainableTest2
Because:
Error: TrainableTest2: The input handler of this accessor was never invoked. Usually, this is an error indicating that starvation is occurring. in &lt;function&gt; at line number 393 at column number 16

  in .WatchEmulator.DE Director
Because:
Failure executing the wrapup function: Error: TrainableTest2: The input handler of this accessor was never invoked. Usually, this is an error indicating that starvation is occurring. in &lt;function&gt; at line number 393 at column number 16
  in .WatchEmulator.TrainableTest2
Because:
Error: TrainableTest2: The input handler of this accessor was never invoked. Usually, this is an error indicating that starvation is occurring. in &lt;function&gt; at line number 393 at column number 16
	at ptolemy.vergil.basic.export.ExportModel$2.run(ExportModel.java:397)
	at java.awt.event.InvocationEvent.dispatch(InvocationEvent.java:301)
	at java.awt.EventQueue.dispatchEventImpl(EventQueue.java:756)
	at java.awt.EventQueue.access$500(EventQueue.java:97)
	at java.awt.EventQueue$3.run(EventQueue.java:709)
	at java.awt.EventQueue$3.run(EventQueue.java:703)
	at java.security.AccessController.doPrivileged(Native Method)
	at java.security.ProtectionDomain$JavaSecurityAccessImpl.doIntersectionPrivilege(ProtectionDomain.java:80)
	at java.awt.EventQueue.dispatchEvent(EventQueue.java:726)
	at java.awt.EventDispatchThread.pumpOneEventForFilters(EventDispatchThread.java:201)
	at java.awt.EventDispatchThread.pumpEventsForFilter(EventDispatchThread.java:116)
	at java.awt.EventDispatchThread.pumpEventsForHierarchy(EventDispatchThread.java:105)
	at java.awt.EventDispatchThread.pumpEvents(EventDispatchThread.java:101)
	at java.awt.EventDispatchThread.pumpEvents(EventDispatchThread.java:93)
	at java.awt.EventDispatchThread.run(EventDispatchThread.java:82)
Caused by: ptolemy.kernel.util.IllegalActionException: Exceptions occurred during wrapup:
ptolemy.kernel.util.IllegalActionException: Failure executing the wrapup function: Error: TrainableTest2: The input handler of this accessor was never invoked. Usually, this is an error indicating that starvation is occurring. in &lt;function&gt; at line number 393 at column number 16
  in .WatchEmulator.TrainableTest2
Because:
Error: TrainableTest2: The input handler of this accessor was never invoked. Usually, this is an error indicating that starvation is occurring. in &lt;function&gt; at line number 393 at column number 16

  in .WatchEmulator.DE Director
Because:
Failure executing the wrapup function: Error: TrainableTest2: The input handler of this accessor was never invoked. Usually, this is an error indicating that starvation is occurring. in &lt;function&gt; at line number 393 at column number 16
  in .WatchEmulator.TrainableTest2
Because:
Error: TrainableTest2: The input handler of this accessor was never invoked. Usually, this is an error indicating that starvation is occurring. in &lt;function&gt; at line number 393 at column number 16
	at ptolemy.actor.Director.wrapup(Director.java:1736)
	at ptolemy.domains.de.kernel.DEDirector.wrapup(DEDirector.java:1526)
	at ptolemy.actor.CompositeActor.wrapup(CompositeActor.java:2735)
	at ptolemy.actor.Manager.wrapup(Manager.java:1512)
	at ptolemy.actor.Manager.execute(Manager.java:407)
	at ptolemy.vergil.basic.export.ExportModel$2.run(ExportModel.java:390)
Caused by: ptolemy.kernel.util.IllegalActionException: Failure executing the wrapup function: Error: TrainableTest2: The input handler of this accessor was never invoked. Usually, this is an error indicating that starvation is occurring. in &lt;function&gt; at line number 393 at column number 16
  in .WatchEmulator.TrainableTest2
Because:
Error: TrainableTest2: The input handler of this accessor was never invoked. Usually, this is an error indicating that starvation is occurring. in &lt;function&gt; at line number 393 at column number 16
	at ptolemy.actor.lib.jjs.JavaScript._invokeMethodInContext(JavaScript.java:2223)
	at ptolemy.actor.lib.jjs.JavaScript.wrapup(JavaScript.java:2118)
	at ptolemy.actor.Director.wrapup(Director.java:1722)
Caused by: javax.script.ScriptException: Error: TrainableTest2: The input handler of this accessor was never invoked. Usually, this is an error indicating that starvation is occurring. in &lt;function&gt; at line number 393 at column number 16
	at jdk.nashorn.api.scripting.NashornScriptEngine.throwAsScriptException(NashornScriptEngine.java:470)
	at jdk.nashorn.api.scripting.NashornScriptEngine.invokeImpl(NashornScriptEngine.java:392)
	at jdk.nashorn.api.scripting.NashornScriptEngine.invokeMethod(NashornScriptEngine.java:199)
	at ptolemy.actor.lib.jjs.JavaScript._invokeMethodInContext(JavaScript.java:2200)
Caused by: &lt;function&gt;:393:16 Error: TrainableTest2: The input handler of this accessor was never invoked. Usually, this is an error indicating that starvation is occurring.
	at jdk.nashorn.internal.objects.NativeError.initException(NativeError.java:137)
	at jdk.nashorn.internal.objects.NativeError.&lt;init&gt;(NativeError.java:102)
	at jdk.nashorn.internal.objects.NativeError.&lt;init&gt;(NativeError.java:106)
	at jdk.nashorn.internal.objects.NativeError.&lt;init&gt;(NativeError.java:110)
	at jdk.nashorn.internal.objects.NativeError.constructor(NativeError.java:129)
	at jdk.nashorn.internal.scripts.Script$Recompilation$17598$18573$\^function\_.L:1#wrapup(&lt;function&gt;:393)
	at jdk.nashorn.internal.scripts.Script$Recompilation$17596$30384$require.L:1#Accessor#wrapup(/home/travis/build/icyphy/ptII/ptolemy/actor/lib/jjs/external/require.js#401:30&lt;eval&gt;:675)
	at jdk.nashorn.internal.runtime.ScriptFunctionData.invoke(ScriptFunctionData.java:637)
	at jdk.nashorn.internal.runtime.ScriptFunction.invoke(ScriptFunction.java:494)
	at jdk.nashorn.internal.runtime.ScriptRuntime.apply(ScriptRuntime.java:393)
	at jdk.nashorn.api.scripting.ScriptObjectMirror.callMember(ScriptObjectMirror.java:199)
	at jdk.nashorn.api.scripting.NashornScriptEngine.invokeImpl(NashornScriptEngine.java:386)

	at ptolemy.vergil.basic.export.test.junit.ExportModelJUnitTest.RunExportModel(ExportModelJUnitTest.java:162)
	at ptolemy.vergil.basic.export.test.junit.ExportModelJUnitTestBatch.RunExportModel(ExportModelJUnitTestBatch.java:97)
	at junitparams.internal.InvokeParameterisedMethod.evaluate(InvokeParameterisedMethod.java:102)
	at junitparams.internal.ParameterisedTestMethodRunner.runMethodInvoker(ParameterisedTestMethodRunner.java:47)
	at junitparams.internal.ParameterisedTestMethodRunner.runTestMethod(ParameterisedTestMethodRunner.java:41)
	at junitparams.internal.ParameterisedTestClassRunner.runParameterisedTest(ParameterisedTestClassRunner.java:143)
	at junitparams.JUnitParamsRunner.runChild(JUnitParamsRunner.java:237)
	at junitparams.JUnitParamsRunner.runChild(JUnitParamsRunner.java:215)
</failure>
  </testcase>
  <testcase classname="ptolemy.vergil.basic.export.test.junit.ExportModelJUnitTestBatch3" name="[19] ptolemy/actor/lib/jjs/modules/userInterface/demo/Dots/Dots.xml (RunExportModel)" time="76.701" />
  <testcase classname="ptolemy.vergil.basic.export.test.junit.ExportModelJUnitTestBatch3" name="[20] ptolemy/actor/lib/jjs/modules/userInterface/demo/HelloUserInterface/HelloUserInterface.xml (RunExportModel)" time="23.139" />
  <testcase classname="ptolemy.vergil.basic.export.test.junit.ExportModelJUnitTestBatch3" name="[21] ptolemy/actor/lib/jjs/modules/userInterface/demo/UserInterface/UserInterface.xml (RunExportModel)" time="14.175" />
  <testcase classname="ptolemy.vergil.basic.export.test.junit.ExportModelJUnitTestBatch3" name="[22] ptolemy/actor/lib/jjs/modules/userInterface/demo/UserInterface/UserInterfaceBrowser.xml (RunExportModel)" time="41.108" />
  <testcase classname="ptolemy.vergil.basic.export.test.junit.ExportModelJUnitTestBatch3" name="[23] ptolemy/actor/lib/jjs/modules/userInterface/demo/UserInterface/UserInterfaceFixedPage.xml (RunExportModel)" time="15.574" />
  <testcase classname="ptolemy.vergil.basic.export.test.junit.ExportModelJUnitTestBatch3" name="[24] ptolemy/actor/lib/jjs/modules/userInterface/demo/UserInterface/UserInterfaceInteractive.xml (RunExportModel)" time="40.245" />
  <testcase classname="ptolemy.vergil.basic.export.test.junit.ExportModelJUnitTestBatch3" name="[25] ptolemy/actor/lib/jjs/modules/userInterface/demo/UserInterface/UserInterfaceRamp.xml (RunExportModel)" time="23.876" />
  <testcase classname="ptolemy.vergil.basic.export.test.junit.ExportModelJUnitTestBatch3" name="[26] ptolemy/actor/lib/jjs/modules/userInterface/demo/UserInterface/UserInterfaceUpdate.xml (RunExportModel)" time="24.788" />
  <testcase classname="ptolemy.vergil.basic.export.test.junit.ExportModelJUnitTestBatch3" name="[27] ptolemy/actor/lib/jjs/modules/userInterface/demo/UserInterface/UserInterfaceVideo.xml (RunExportModel)" time="41.031" />
  <testcase classname="ptolemy.vergil.basic.export.test.junit.ExportModelJUnitTestBatch3" name="[28] ptolemy/actor/lib/jjs/modules/webSocket/demo/SpeakingServerListeningClient/SpeakingServerListeningClient.xml (RunExportModel)" time="17.426" />
  <testcase classname="ptolemy.vergil.basic.export.test.junit.ExportModelJUnitTestBatch3" name="[29] ptolemy/actor/lib/jjs/modules/webSocket/demo/TwoWebSockets/TwoWebSockets.xml (RunExportModel)" time="15.761" />
  <testcase classname="ptolemy.vergil.basic.export.test.junit.ExportModelJUnitTestBatch3" name="[30] ptolemy/actor/lib/jjs/modules/webSocket/demo/WebSocketChat/Client.xml (RunExportModel)" time="9.164" />
  <testcase classname="ptolemy.vergil.basic.export.test.junit.ExportModelJUnitTestBatch3" name="[31] ptolemy/actor/lib/jjs/modules/webSocket/demo/WebSocketChat/SecureClient.xml (RunExportModel)" time="8.721" />
  <testcase classname="ptolemy.vergil.basic.export.test.junit.ExportModelJUnitTestBatch3" name="[32] ptolemy/actor/lib/jjs/modules/webSocket/demo/WebSocketChat/SecureServer.xml (RunExportModel)" time="39.926" />
  <testcase classname="ptolemy.vergil.basic.export.test.junit.ExportModelJUnitTestBatch3" name="[33] ptolemy/actor/lib/jjs/modules/webSocket/demo/WebSocketChat/Server.xml (RunExportModel)" time="39.701" />
  <testcase classname="ptolemy.vergil.basic.export.test.junit.ExportModelJUnitTestBatch3" name="[34] ptolemy/actor/lib/jjs/modules/webSocket/demo/WebSocketChat/WebSocketChat.xml (RunExportModel)" time="8.181" />
  <testcase classname="ptolemy.vergil.basic.export.test.junit.ExportModelJUnitTestBatch3" name="[35] ptolemy/actor/lib/jjs/modules/webSocket/demo/WebSocketClient/WebSocketClient.xml (RunExportModel)" time="8.886" />
  <testcase classname="ptolemy.vergil.basic.export.test.junit.ExportModelJUnitTestBatch3" name="[36] ptolemy/actor/lib/jjs/modules/webSocket/demo/WebSocketClient/WebSocketServer.xml (RunExportModel)" time="40.432" />
  <testcase classname="ptolemy.vergil.basic.export.test.junit.ExportModelJUnitTestBatch3" name="[37] ptolemy/actor/lib/jjs/modules/webSocket/demo/WebSocketFullDuplex/WebSocketFullDuplex.xml (RunExportModel)" time="13.454" />
  <testcase classname="ptolemy.vergil.basic.export.test.junit.ExportModelJUnitTestBatch3" name="[38] ptolemy/actor/lib/jjs/modules/webSocket/demo/WebSocketGraph/WebSocketGraph.xml (RunExportModel)" time="42.989" />
  <testcase classname="ptolemy.vergil.basic.export.test.junit.ExportModelJUnitTestBatch3" name="[39] ptolemy/actor/lib/jjs/modules/webSocket/demo/WebSocketImage/WebSocketImage.xml (RunExportModel)" time="43.243" />
  <testcase classname="ptolemy.vergil.basic.export.test.junit.ExportModelJUnitTestBatch3" name="[40] ptolemy/actor/lib/jjs/modules/webSocket/demo/WebSocketLog/WebSocketLog.xml (RunExportModel)" time="25.674" />
  <testcase classname="ptolemy.vergil.basic.export.test.junit.ExportModelJUnitTestBatch3" name="[41] ptolemy/actor/lib/jjs/modules/webSocket/demo/WebSocketsServerClient/WebSocketsServerClient.xml (RunExportModel)" time="22.921" />
  <testcase classname="ptolemy.vergil.basic.export.test.junit.ExportModelJUnitTestBatch3" name="[42] ptolemy/actor/lib/jjs/modules/xbee/demo/XBeeHelloWorld/XBeeDataTypes.xml (RunExportModel)" time="9.58" />
  <testcase classname="ptolemy.vergil.basic.export.test.junit.ExportModelJUnitTestBatch3" name="[43] ptolemy/actor/lib/jjs/modules/xbee/demo/XBeeHelloWorld/XBeeHelloWorld.xml (RunExportModel)" time="9.736" />
  <testcase classname="ptolemy.vergil.basic.export.test.junit.ExportModelJUnitTestBatch3" name="[44] ptolemy/actor/lib/jmf/demo/JMFJAI/JMFJAI.xml (RunExportModel)" time="3.157" />
  <testcase classname="ptolemy.vergil.basic.export.test.junit.ExportModelJUnitTestBatch3" name="[45] ptolemy/actor/lib/jmf/demo/VideoCapture/VideoCapture.xml (RunExportModel)" time="3.143" />
  <testcase classname="ptolemy.vergil.basic.export.test.junit.ExportModelJUnitTestBatch3" name="[46] ptolemy/actor/lib/mail/demo/ExceptionEmailer/ExceptionEmailer.xml (RunExportModel)" time="4.211" />
  <testcase classname="ptolemy.vergil.basic.export.test.junit.ExportModelJUnitTestBatch3" name="[47] ptolemy/actor/lib/mail/demo/SendMail/SendMail.xml (RunExportModel)" time="4.218" />
  <testcase classname="ptolemy.vergil.basic.export.test.junit.ExportModelJUnitTestBatch3" name="[48] ptolemy/actor/lib/python/demo/Ptolemnizer/Ptolemnizer.xml (RunExportModel)" time="6.531" />
  <testcase classname="ptolemy.vergil.basic.export.test.junit.ExportModelJUnitTestBatch3" name="[49] ptolemy/actor/lib/python/demo/PythonScale/PythonScale.xml (RunExportModel)" time="4.553" />
  <testcase classname="ptolemy.vergil.basic.export.test.junit.ExportModelJUnitTestBatch3" name="[50] ptolemy/actor/lib/python/demo/RecordManipulation/RecordManipulation.xml (RunExportModel)" time="3.311" />
  <testcase classname="ptolemy.vergil.basic.export.test.junit.ExportModelJUnitTestBatch3" name="[51] ptolemy/actor/lib/r/demo/R3DPlot/R3DPlot.xml (RunExportModel)" time="1.245">
    <failure message="Exporting HTML for ptolemy/actor/lib/r/demo/R3DPlot/R3DPlot.xml failed: &#xa;java.lang.reflect.InvocationTargetException&#xa;&#x9;at java.awt.EventQueue.invokeAndWait(EventQueue.java:1321)&#xa;&#x9;at java.awt.EventQueue.invokeAndWait(EventQueue.java:1296)&#xa;&#x9;at javax.swing.SwingUtilities.invokeAndWait(SwingUtilities.java:1348)&#xa;&#x9;at ptolemy.vergil.basic.export.ExportModel.exportModel(ExportModel.java:401)&#xa;&#x9;at ptolemy.vergil.basic.export.test.junit.ExportModelJUnitTest.RunExportModel(ExportModelJUnitTest.java:153)&#xa;&#x9;at ptolemy.vergil.basic.export.test.junit.ExportModelJUnitTestBatch.RunExportModel(ExportModelJUnitTestBatch.java:97)&#xa;&#x9;at sun.reflect.GeneratedMethodAccessor18.invoke(Unknown Source)&#xa;&#x9;at sun.reflect.DelegatingMethodAccessorImpl.invoke(DelegatingMethodAccessorImpl.java:43)&#xa;&#x9;at java.lang.reflect.Method.invoke(Method.java:498)&#xa;&#x9;at org.junit.runners.model.FrameworkMethod$1.runReflectiveCall(FrameworkMethod.java:44)&#xa;&#x9;at org.junit.internal.runners.model.ReflectiveCallable.run(ReflectiveCallable.java:15)&#xa;&#x9;at org.junit.runners.model.FrameworkMethod.invokeExplosively(FrameworkMethod.java:41)&#xa;&#x9;at junitparams.internal.InvokeParameterisedMethod.evaluate(InvokeParameterisedMethod.java:102)&#xa;&#x9;at junitparams.internal.ParameterisedTestMethodRunner.runMethodInvoker(ParameterisedTestMethodRunner.java:47)&#xa;&#x9;at junitparams.internal.ParameterisedTestMethodRunner.runTestMethod(ParameterisedTestMethodRunner.java:41)&#xa;&#x9;at junitparams.internal.ParameterisedTestClassRunner.runParameterisedTest(ParameterisedTestClassRunner.java:143)&#xa;&#x9;at junitparams.JUnitParamsRunner.runChild(JUnitParamsRunner.java:237)&#xa;&#x9;at junitparams.JUnitParamsRunner.runChild(JUnitParamsRunner.java:215)&#xa;&#x9;at org.junit.runners.ParentRunner$3.run(ParentRunner.java:193)&#xa;&#x9;at org.junit.runners.ParentRunner$1.schedule(ParentRunner.java:52)&#xa;&#x9;at org.junit.runners.ParentRunner.runChildren(ParentRunner.java:191)&#xa;&#x9;at org.junit.runners.ParentRunner.access$000(ParentRunner.java:42)&#xa;&#x9;at org.junit.runners.ParentRunner$2.evaluate(ParentRunner.java:184)&#xa;&#x9;at org.junit.runners.ParentRunner.run(ParentRunner.java:236)&#xa;&#x9;at junit.framework.JUnit4TestAdapter.run(JUnit4TestAdapter.java:39)&#xa;&#x9;at org.apache.tools.ant.taskdefs.optional.junit.JUnitTestRunner.run(JUnitTestRunner.java:535)&#xa;&#x9;at org.apache.tools.ant.taskdefs.optional.junit.JUnitTestRunner.launch(JUnitTestRunner.java:1182)&#xa;&#x9;at org.apache.tools.ant.taskdefs.optional.junit.JUnitTestRunner.main(JUnitTestRunner.java:1033)&#xa;Caused by: java.lang.RuntimeException: ptolemy.kernel.util.IllegalActionException: There has been a problem running the R script!&#xa;It may be due to an error in your script, it may be that R is not&#xa;installed on your system, or it may not be on your path and cannot&#xa;be located by Kepler.  Please make sure R is installed and the&#xa;R command line executable is in the path.For more information, see &#xa; section 8.2.2 of the Kepler User Manual.&#xa;  in .R3RPlot.RExpression&#xa;Because:&#xa;java.lang.NullPointerException&#xa;&#x9;at ptolemy.vergil.basic.export.ExportModel$2.run(ExportModel.java:397)&#xa;&#x9;at java.awt.event.InvocationEvent.dispatch(InvocationEvent.java:301)&#xa;&#x9;at java.awt.EventQueue.dispatchEventImpl(EventQueue.java:756)&#xa;&#x9;at java.awt.EventQueue.access$500(EventQueue.java:97)&#xa;&#x9;at java.awt.EventQueue$3.run(EventQueue.java:709)&#xa;&#x9;at java.awt.EventQueue$3.run(EventQueue.java:703)&#xa;&#x9;at java.security.AccessController.doPrivileged(Native Method)&#xa;&#x9;at java.security.ProtectionDomain$JavaSecurityAccessImpl.doIntersectionPrivilege(ProtectionDomain.java:80)&#xa;&#x9;at java.awt.EventQueue.dispatchEvent(EventQueue.java:726)&#xa;&#x9;at java.awt.EventDispatchThread.pumpOneEventForFilters(EventDispatchThread.java:201)&#xa;&#x9;at java.awt.EventDispatchThread.pumpEventsForFilter(EventDispatchThread.java:116)&#xa;&#x9;at java.awt.EventDispatchThread.pumpEventsForHierarchy(EventDispatchThread.java:105)&#xa;&#x9;at java.awt.EventDispatchThread.pumpEvents(EventDispatchThread.java:101)&#xa;&#x9;at java.awt.EventDispatchThread.pumpEvents(EventDispatchThread.java:93)&#xa;&#x9;at java.awt.EventDispatchThread.run(EventDispatchThread.java:82)&#xa;Caused by: ptolemy.kernel.util.IllegalActionException: There has been a problem running the R script!&#xa;It may be due to an error in your script, it may be that R is not&#xa;installed on your system, or it may not be on your path and cannot&#xa;be located by Kepler.  Please make sure R is installed and the&#xa;R command line executable is in the path.For more information, see &#xa; section 8.2.2 of the Kepler User Manual.&#xa;  in .R3RPlot.RExpression&#xa;Because:&#xa;java.lang.NullPointerException&#xa;&#x9;at ptolemy.actor.lib.r.RExpression.fire(RExpression.java:860)&#xa;&#x9;at ptolemy.actor.AtomicActor.iterate(AtomicActor.java:512)&#xa;&#x9;at ptolemy.actor.sched.StaticSchedulingDirector.fire(StaticSchedulingDirector.java:216)&#xa;&#x9;at ptolemy.domains.sdf.kernel.SDFDirector.fire(SDFDirector.java:500)&#xa;&#x9;at ptolemy.actor.CompositeActor.fire(CompositeActor.java:455)&#xa;&#x9;at ptolemy.actor.Manager.iterate(Manager.java:851)&#xa;&#x9;at ptolemy.actor.Manager.execute(Manager.java:369)&#xa;&#x9;at ptolemy.vergil.basic.export.ExportModel$2.run(ExportModel.java:390)&#xa;&#x9;... 14 more&#xa;Caused by: java.lang.NullPointerException&#xa;&#x9;at ptolemy.actor.lib.r.RExpression.fire(RExpression.java:843)&#xa;&#x9;... 21 more&#xa;" type="junit.framework.AssertionFailedError">junit.framework.AssertionFailedError: Exporting HTML for ptolemy/actor/lib/r/demo/R3DPlot/R3DPlot.xml failed: 
java.lang.reflect.InvocationTargetException
	at java.awt.EventQueue.invokeAndWait(EventQueue.java:1321)
	at java.awt.EventQueue.invokeAndWait(EventQueue.java:1296)
	at javax.swing.SwingUtilities.invokeAndWait(SwingUtilities.java:1348)
	at ptolemy.vergil.basic.export.ExportModel.exportModel(ExportModel.java:401)
	at ptolemy.vergil.basic.export.test.junit.ExportModelJUnitTest.RunExportModel(ExportModelJUnitTest.java:153)
	at ptolemy.vergil.basic.export.test.junit.ExportModelJUnitTestBatch.RunExportModel(ExportModelJUnitTestBatch.java:97)
	at junitparams.internal.InvokeParameterisedMethod.evaluate(InvokeParameterisedMethod.java:102)
	at junitparams.internal.ParameterisedTestMethodRunner.runMethodInvoker(ParameterisedTestMethodRunner.java:47)
	at junitparams.internal.ParameterisedTestMethodRunner.runTestMethod(ParameterisedTestMethodRunner.java:41)
	at junitparams.internal.ParameterisedTestClassRunner.runParameterisedTest(ParameterisedTestClassRunner.java:143)
	at junitparams.JUnitParamsRunner.runChild(JUnitParamsRunner.java:237)
	at junitparams.JUnitParamsRunner.runChild(JUnitParamsRunner.java:215)
Caused by: java.lang.RuntimeException: ptolemy.kernel.util.IllegalActionException: There has been a problem running the R script!
It may be due to an error in your script, it may be that R is not
installed on your system, or it may not be on your path and cannot
be located by Kepler.  Please make sure R is installed and the
 section 8.2.2 of the Kepler User Manual.
  in .R3RPlot.RExpression
Because:
java.lang.NullPointerException
	at ptolemy.vergil.basic.export.ExportModel$2.run(ExportModel.java:397)
	at java.awt.event.InvocationEvent.dispatch(InvocationEvent.java:301)
	at java.awt.EventQueue.dispatchEventImpl(EventQueue.java:756)
	at java.awt.EventQueue.access$500(EventQueue.java:97)
	at java.awt.EventQueue$3.run(EventQueue.java:709)
	at java.awt.EventQueue$3.run(EventQueue.java:703)
	at java.security.AccessController.doPrivileged(Native Method)
	at java.security.ProtectionDomain$JavaSecurityAccessImpl.doIntersectionPrivilege(ProtectionDomain.java:80)
	at java.awt.EventQueue.dispatchEvent(EventQueue.java:726)
	at java.awt.EventDispatchThread.pumpOneEventForFilters(EventDispatchThread.java:201)
	at java.awt.EventDispatchThread.pumpEventsForFilter(EventDispatchThread.java:116)
	at java.awt.EventDispatchThread.pumpEventsForHierarchy(EventDispatchThread.java:105)
	at java.awt.EventDispatchThread.pumpEvents(EventDispatchThread.java:101)
	at java.awt.EventDispatchThread.pumpEvents(EventDispatchThread.java:93)
	at java.awt.EventDispatchThread.run(EventDispatchThread.java:82)
Caused by: ptolemy.kernel.util.IllegalActionException: There has been a problem running the R script!
It may be due to an error in your script, it may be that R is not
installed on your system, or it may not be on your path and cannot
be located by Kepler.  Please make sure R is installed and the
 section 8.2.2 of the Kepler User Manual.
  in .R3RPlot.RExpression
Because:
java.lang.NullPointerException
	at ptolemy.actor.lib.r.RExpression.fire(RExpression.java:860)
	at ptolemy.actor.AtomicActor.iterate(AtomicActor.java:512)
	at ptolemy.actor.sched.StaticSchedulingDirector.fire(StaticSchedulingDirector.java:216)
	at ptolemy.domains.sdf.kernel.SDFDirector.fire(SDFDirector.java:500)
	at ptolemy.actor.CompositeActor.fire(CompositeActor.java:455)
	at ptolemy.actor.Manager.iterate(Manager.java:851)
	at ptolemy.actor.Manager.execute(Manager.java:369)
	at ptolemy.vergil.basic.export.ExportModel$2.run(ExportModel.java:390)
Caused by: java.lang.NullPointerException
	at ptolemy.actor.lib.r.RExpression.fire(RExpression.java:843)

	at ptolemy.vergil.basic.export.test.junit.ExportModelJUnitTest.RunExportModel(ExportModelJUnitTest.java:162)
	at ptolemy.vergil.basic.export.test.junit.ExportModelJUnitTestBatch.RunExportModel(ExportModelJUnitTestBatch.java:97)
	at junitparams.internal.InvokeParameterisedMethod.evaluate(InvokeParameterisedMethod.java:102)
	at junitparams.internal.ParameterisedTestMethodRunner.runMethodInvoker(ParameterisedTestMethodRunner.java:47)
	at junitparams.internal.ParameterisedTestMethodRunner.runTestMethod(ParameterisedTestMethodRunner.java:41)
	at junitparams.internal.ParameterisedTestClassRunner.runParameterisedTest(ParameterisedTestClassRunner.java:143)
	at junitparams.JUnitParamsRunner.runChild(JUnitParamsRunner.java:237)
	at junitparams.JUnitParamsRunner.runChild(JUnitParamsRunner.java:215)
</failure>
  </testcase>
  <testcase classname="ptolemy.vergil.basic.export.test.junit.ExportModelJUnitTestBatch3" name="[52] ptolemy/actor/lib/r/demo/RRecordToDataframe/RRecordToDataframe.xml (RunExportModel)" time="1.098">
    <failure message="Exporting HTML for ptolemy/actor/lib/r/demo/RRecordToDataframe/RRecordToDataframe.xml failed: &#xa;java.lang.reflect.InvocationTargetException&#xa;&#x9;at java.awt.EventQueue.invokeAndWait(EventQueue.java:1321)&#xa;&#x9;at java.awt.EventQueue.invokeAndWait(EventQueue.java:1296)&#xa;&#x9;at javax.swing.SwingUtilities.invokeAndWait(SwingUtilities.java:1348)&#xa;&#x9;at ptolemy.vergil.basic.export.ExportModel.exportModel(ExportModel.java:401)&#xa;&#x9;at ptolemy.vergil.basic.export.test.junit.ExportModelJUnitTest.RunExportModel(ExportModelJUnitTest.java:153)&#xa;&#x9;at ptolemy.vergil.basic.export.test.junit.ExportModelJUnitTestBatch.RunExportModel(ExportModelJUnitTestBatch.java:97)&#xa;&#x9;at sun.reflect.GeneratedMethodAccessor18.invoke(Unknown Source)&#xa;&#x9;at sun.reflect.DelegatingMethodAccessorImpl.invoke(DelegatingMethodAccessorImpl.java:43)&#xa;&#x9;at java.lang.reflect.Method.invoke(Method.java:498)&#xa;&#x9;at org.junit.runners.model.FrameworkMethod$1.runReflectiveCall(FrameworkMethod.java:44)&#xa;&#x9;at org.junit.internal.runners.model.ReflectiveCallable.run(ReflectiveCallable.java:15)&#xa;&#x9;at org.junit.runners.model.FrameworkMethod.invokeExplosively(FrameworkMethod.java:41)&#xa;&#x9;at junitparams.internal.InvokeParameterisedMethod.evaluate(InvokeParameterisedMethod.java:102)&#xa;&#x9;at junitparams.internal.ParameterisedTestMethodRunner.runMethodInvoker(ParameterisedTestMethodRunner.java:47)&#xa;&#x9;at junitparams.internal.ParameterisedTestMethodRunner.runTestMethod(ParameterisedTestMethodRunner.java:41)&#xa;&#x9;at junitparams.internal.ParameterisedTestClassRunner.runParameterisedTest(ParameterisedTestClassRunner.java:143)&#xa;&#x9;at junitparams.JUnitParamsRunner.runChild(JUnitParamsRunner.java:237)&#xa;&#x9;at junitparams.JUnitParamsRunner.runChild(JUnitParamsRunner.java:215)&#xa;&#x9;at org.junit.runners.ParentRunner$3.run(ParentRunner.java:193)&#xa;&#x9;at org.junit.runners.ParentRunner$1.schedule(ParentRunner.java:52)&#xa;&#x9;at org.junit.runners.ParentRunner.runChildren(ParentRunner.java:191)&#xa;&#x9;at org.junit.runners.ParentRunner.access$000(ParentRunner.java:42)&#xa;&#x9;at org.junit.runners.ParentRunner$2.evaluate(ParentRunner.java:184)&#xa;&#x9;at org.junit.runners.ParentRunner.run(ParentRunner.java:236)&#xa;&#x9;at junit.framework.JUnit4TestAdapter.run(JUnit4TestAdapter.java:39)&#xa;&#x9;at org.apache.tools.ant.taskdefs.optional.junit.JUnitTestRunner.run(JUnitTestRunner.java:535)&#xa;&#x9;at org.apache.tools.ant.taskdefs.optional.junit.JUnitTestRunner.launch(JUnitTestRunner.java:1182)&#xa;&#x9;at org.apache.tools.ant.taskdefs.optional.junit.JUnitTestRunner.main(JUnitTestRunner.java:1033)&#xa;Caused by: java.lang.RuntimeException: ptolemy.kernel.util.IllegalActionException: There has been a problem running the R script!&#xa;It may be due to an error in your script, it may be that R is not&#xa;installed on your system, or it may not be on your path and cannot&#xa;be located by Kepler.  Please make sure R is installed and the&#xa;R command line executable is in the path.For more information, see &#xa; section 8.2.2 of the Kepler User Manual.&#xa;  in .RRecordToDataframe.RExpression&#xa;Because:&#xa;java.lang.NullPointerException&#xa;&#x9;at ptolemy.vergil.basic.export.ExportModel$2.run(ExportModel.java:397)&#xa;&#x9;at java.awt.event.InvocationEvent.dispatch(InvocationEvent.java:301)&#xa;&#x9;at java.awt.EventQueue.dispatchEventImpl(EventQueue.java:756)&#xa;&#x9;at java.awt.EventQueue.access$500(EventQueue.java:97)&#xa;&#x9;at java.awt.EventQueue$3.run(EventQueue.java:709)&#xa;&#x9;at java.awt.EventQueue$3.run(EventQueue.java:703)&#xa;&#x9;at java.security.AccessController.doPrivileged(Native Method)&#xa;&#x9;at java.security.ProtectionDomain$JavaSecurityAccessImpl.doIntersectionPrivilege(ProtectionDomain.java:80)&#xa;&#x9;at java.awt.EventQueue.dispatchEvent(EventQueue.java:726)&#xa;&#x9;at java.awt.EventDispatchThread.pumpOneEventForFilters(EventDispatchThread.java:201)&#xa;&#x9;at java.awt.EventDispatchThread.pumpEventsForFilter(EventDispatchThread.java:116)&#xa;&#x9;at java.awt.EventDispatchThread.pumpEventsForHierarchy(EventDispatchThread.java:105)&#xa;&#x9;at java.awt.EventDispatchThread.pumpEvents(EventDispatchThread.java:101)&#xa;&#x9;at java.awt.EventDispatchThread.pumpEvents(EventDispatchThread.java:93)&#xa;&#x9;at java.awt.EventDispatchThread.run(EventDispatchThread.java:82)&#xa;Caused by: ptolemy.kernel.util.IllegalActionException: There has been a problem running the R script!&#xa;It may be due to an error in your script, it may be that R is not&#xa;installed on your system, or it may not be on your path and cannot&#xa;be located by Kepler.  Please make sure R is installed and the&#xa;R command line executable is in the path.For more information, see &#xa; section 8.2.2 of the Kepler User Manual.&#xa;  in .RRecordToDataframe.RExpression&#xa;Because:&#xa;java.lang.NullPointerException&#xa;&#x9;at ptolemy.actor.lib.r.RExpression.fire(RExpression.java:860)&#xa;&#x9;at ptolemy.actor.AtomicActor.iterate(AtomicActor.java:512)&#xa;&#x9;at ptolemy.actor.sched.StaticSchedulingDirector.fire(StaticSchedulingDirector.java:216)&#xa;&#x9;at ptolemy.domains.sdf.kernel.SDFDirector.fire(SDFDirector.java:500)&#xa;&#x9;at ptolemy.actor.CompositeActor.fire(CompositeActor.java:455)&#xa;&#x9;at ptolemy.actor.Manager.iterate(Manager.java:851)&#xa;&#x9;at ptolemy.actor.Manager.execute(Manager.java:369)&#xa;&#x9;at ptolemy.vergil.basic.export.ExportModel$2.run(ExportModel.java:390)&#xa;&#x9;... 14 more&#xa;Caused by: java.lang.NullPointerException&#xa;&#x9;at ptolemy.actor.lib.r.RExpression.fire(RExpression.java:843)&#xa;&#x9;... 21 more&#xa;" type="junit.framework.AssertionFailedError">junit.framework.AssertionFailedError: Exporting HTML for ptolemy/actor/lib/r/demo/RRecordToDataframe/RRecordToDataframe.xml failed: 
java.lang.reflect.InvocationTargetException
	at java.awt.EventQueue.invokeAndWait(EventQueue.java:1321)
	at java.awt.EventQueue.invokeAndWait(EventQueue.java:1296)
	at javax.swing.SwingUtilities.invokeAndWait(SwingUtilities.java:1348)
	at ptolemy.vergil.basic.export.ExportModel.exportModel(ExportModel.java:401)
	at ptolemy.vergil.basic.export.test.junit.ExportModelJUnitTest.RunExportModel(ExportModelJUnitTest.java:153)
	at ptolemy.vergil.basic.export.test.junit.ExportModelJUnitTestBatch.RunExportModel(ExportModelJUnitTestBatch.java:97)
	at junitparams.internal.InvokeParameterisedMethod.evaluate(InvokeParameterisedMethod.java:102)
	at junitparams.internal.ParameterisedTestMethodRunner.runMethodInvoker(ParameterisedTestMethodRunner.java:47)
	at junitparams.internal.ParameterisedTestMethodRunner.runTestMethod(ParameterisedTestMethodRunner.java:41)
	at junitparams.internal.ParameterisedTestClassRunner.runParameterisedTest(ParameterisedTestClassRunner.java:143)
	at junitparams.JUnitParamsRunner.runChild(JUnitParamsRunner.java:237)
	at junitparams.JUnitParamsRunner.runChild(JUnitParamsRunner.java:215)
Caused by: java.lang.RuntimeException: ptolemy.kernel.util.IllegalActionException: There has been a problem running the R script!
It may be due to an error in your script, it may be that R is not
installed on your system, or it may not be on your path and cannot
be located by Kepler.  Please make sure R is installed and the
 section 8.2.2 of the Kepler User Manual.
  in .RRecordToDataframe.RExpression
Because:
java.lang.NullPointerException
	at ptolemy.vergil.basic.export.ExportModel$2.run(ExportModel.java:397)
	at java.awt.event.InvocationEvent.dispatch(InvocationEvent.java:301)
	at java.awt.EventQueue.dispatchEventImpl(EventQueue.java:756)
	at java.awt.EventQueue.access$500(EventQueue.java:97)
	at java.awt.EventQueue$3.run(EventQueue.java:709)
	at java.awt.EventQueue$3.run(EventQueue.java:703)
	at java.security.AccessController.doPrivileged(Native Method)
	at java.security.ProtectionDomain$JavaSecurityAccessImpl.doIntersectionPrivilege(ProtectionDomain.java:80)
	at java.awt.EventQueue.dispatchEvent(EventQueue.java:726)
	at java.awt.EventDispatchThread.pumpOneEventForFilters(EventDispatchThread.java:201)
	at java.awt.EventDispatchThread.pumpEventsForFilter(EventDispatchThread.java:116)
	at java.awt.EventDispatchThread.pumpEventsForHierarchy(EventDispatchThread.java:105)
	at java.awt.EventDispatchThread.pumpEvents(EventDispatchThread.java:101)
	at java.awt.EventDispatchThread.pumpEvents(EventDispatchThread.java:93)
	at java.awt.EventDispatchThread.run(EventDispatchThread.java:82)
Caused by: ptolemy.kernel.util.IllegalActionException: There has been a problem running the R script!
It may be due to an error in your script, it may be that R is not
installed on your system, or it may not be on your path and cannot
be located by Kepler.  Please make sure R is installed and the
 section 8.2.2 of the Kepler User Manual.
  in .RRecordToDataframe.RExpression
Because:
java.lang.NullPointerException
	at ptolemy.actor.lib.r.RExpression.fire(RExpression.java:860)
	at ptolemy.actor.AtomicActor.iterate(AtomicActor.java:512)
	at ptolemy.actor.sched.StaticSchedulingDirector.fire(StaticSchedulingDirector.java:216)
	at ptolemy.domains.sdf.kernel.SDFDirector.fire(SDFDirector.java:500)
	at ptolemy.actor.CompositeActor.fire(CompositeActor.java:455)
	at ptolemy.actor.Manager.iterate(Manager.java:851)
	at ptolemy.actor.Manager.execute(Manager.java:369)
	at ptolemy.vergil.basic.export.ExportModel$2.run(ExportModel.java:390)
Caused by: java.lang.NullPointerException
	at ptolemy.actor.lib.r.RExpression.fire(RExpression.java:843)

	at ptolemy.vergil.basic.export.test.junit.ExportModelJUnitTest.RunExportModel(ExportModelJUnitTest.java:162)
	at ptolemy.vergil.basic.export.test.junit.ExportModelJUnitTestBatch.RunExportModel(ExportModelJUnitTestBatch.java:97)
	at junitparams.internal.InvokeParameterisedMethod.evaluate(InvokeParameterisedMethod.java:102)
	at junitparams.internal.ParameterisedTestMethodRunner.runMethodInvoker(ParameterisedTestMethodRunner.java:47)
	at junitparams.internal.ParameterisedTestMethodRunner.runTestMethod(ParameterisedTestMethodRunner.java:41)
	at junitparams.internal.ParameterisedTestClassRunner.runParameterisedTest(ParameterisedTestClassRunner.java:143)
	at junitparams.JUnitParamsRunner.runChild(JUnitParamsRunner.java:237)
	at junitparams.JUnitParamsRunner.runChild(JUnitParamsRunner.java:215)
</failure>
  </testcase>
  <testcase classname="ptolemy.vergil.basic.export.test.junit.ExportModelJUnitTestBatch3" name="[53] ptolemy/actor/lib/security/demo/Signature/Signature.xml (RunExportModel)" time="3.229" />
  <testcase classname="ptolemy.vergil.basic.export.test.junit.ExportModelJUnitTestBatch3" name="[54] ptolemy/actor/lib/video/demo/DCT2x2dc/DCT2x2dc.xml (RunExportModel)" time="4.276" />
  <testcase classname="ptolemy.vergil.basic.export.test.junit.ExportModelJUnitTestBatch3" name="[55] ptolemy/actor/lib/video/demo/DCT4x4dc/DCT4x4dc.xml (RunExportModel)" time="4.234" />
  <testcase classname="ptolemy.vergil.basic.export.test.junit.ExportModelJUnitTestBatch3" name="[56] ptolemy/actor/lib/video/demo/DCT8x8/DCT8x8.xml (RunExportModel)" time="4.175" />
  <testcase classname="ptolemy.vergil.basic.export.test.junit.ExportModelJUnitTestBatch3" name="[57] ptolemy/actor/lib/xslt/demo/MoMLFileTransformation/MoMLFileTransformation.xml (RunExportModel)" time="5.182" />
  <testcase classname="ptolemy.vergil.basic.export.test.junit.ExportModelJUnitTestBatch3" name="[58] ptolemy/actor/lib/xslt/demo/XMLInclusion/XMLInclusion.xml (RunExportModel)" time="4.404" />
  <testcase classname="ptolemy.vergil.basic.export.test.junit.ExportModelJUnitTestBatch3" name="[59] ptolemy/actor/parameters/demo/Bouncer/Bouncer.xml (RunExportModel)" time="14.383" />
  <testcase classname="ptolemy.vergil.basic.export.test.junit.ExportModelJUnitTestBatch3" name="[60] ptolemy/actor/parameters/demo/SliderParameter/SliderParameter.xml (RunExportModel)" time="34.241" />
  <testcase classname="ptolemy.vergil.basic.export.test.junit.ExportModelJUnitTestBatch3" name="[61] ptolemy/actor/ptalon/demo/CruiseControl/CruiseControl.xml (RunExportModel)" time="4.5" />
  <testcase classname="ptolemy.vergil.basic.export.test.junit.ExportModelJUnitTestBatch3" name="[62] ptolemy/actor/ptalon/demo/EightChannelFFT/EightChannelFFT.xml (RunExportModel)" time="5.336" />
  <testcase classname="ptolemy.vergil.basic.export.test.junit.ExportModelJUnitTestBatch3" name="[63] ptolemy/actor/ptalon/demo/GameOfLife/GameOfLife.xml (RunExportModel)" time="34.799" />
  <testcase classname="ptolemy.vergil.basic.export.test.junit.ExportModelJUnitTestBatch3" name="[64] ptolemy/actor/ptalon/demo/MapReduce/MapReduce.xml (RunExportModel)" time="4.952" />
  <testcase classname="ptolemy.vergil.basic.export.test.junit.ExportModelJUnitTestBatch3" name="[65] ptolemy/actor/ptalon/demo/ModelChange/ModelChange.xml (RunExportModel)" time="4.204" />
  <testcase classname="ptolemy.vergil.basic.export.test.junit.ExportModelJUnitTestBatch3" name="[66] ptolemy/actor/ptalon/demo/ptinyos/SendAndReceiveCnt/SendAndReceiveCnt.xml (RunExportModel)" time="1.218">
    <failure message="Exporting HTML for ptolemy/actor/ptalon/demo/ptinyos/SendAndReceiveCnt/SendAndReceiveCnt.xml failed: &#xa;java.lang.reflect.InvocationTargetException&#xa;&#x9;at java.awt.EventQueue.invokeAndWait(EventQueue.java:1321)&#xa;&#x9;at java.awt.EventQueue.invokeAndWait(EventQueue.java:1296)&#xa;&#x9;at javax.swing.SwingUtilities.invokeAndWait(SwingUtilities.java:1348)&#xa;&#x9;at ptolemy.vergil.basic.export.ExportModel.exportModel(ExportModel.java:227)&#xa;&#x9;at ptolemy.vergil.basic.export.test.junit.ExportModelJUnitTest.RunExportModel(ExportModelJUnitTest.java:153)&#xa;&#x9;at ptolemy.vergil.basic.export.test.junit.ExportModelJUnitTestBatch.RunExportModel(ExportModelJUnitTestBatch.java:97)&#xa;&#x9;at sun.reflect.GeneratedMethodAccessor18.invoke(Unknown Source)&#xa;&#x9;at sun.reflect.DelegatingMethodAccessorImpl.invoke(DelegatingMethodAccessorImpl.java:43)&#xa;&#x9;at java.lang.reflect.Method.invoke(Method.java:498)&#xa;&#x9;at org.junit.runners.model.FrameworkMethod$1.runReflectiveCall(FrameworkMethod.java:44)&#xa;&#x9;at org.junit.internal.runners.model.ReflectiveCallable.run(ReflectiveCallable.java:15)&#xa;&#x9;at org.junit.runners.model.FrameworkMethod.invokeExplosively(FrameworkMethod.java:41)&#xa;&#x9;at junitparams.internal.InvokeParameterisedMethod.evaluate(InvokeParameterisedMethod.java:102)&#xa;&#x9;at junitparams.internal.ParameterisedTestMethodRunner.runMethodInvoker(ParameterisedTestMethodRunner.java:47)&#xa;&#x9;at junitparams.internal.ParameterisedTestMethodRunner.runTestMethod(ParameterisedTestMethodRunner.java:41)&#xa;&#x9;at junitparams.internal.ParameterisedTestClassRunner.runParameterisedTest(ParameterisedTestClassRunner.java:143)&#xa;&#x9;at junitparams.JUnitParamsRunner.runChild(JUnitParamsRunner.java:237)&#xa;&#x9;at junitparams.JUnitParamsRunner.runChild(JUnitParamsRunner.java:215)&#xa;&#x9;at org.junit.runners.ParentRunner$3.run(ParentRunner.java:193)&#xa;&#x9;at org.junit.runners.ParentRunner$1.schedule(ParentRunner.java:52)&#xa;&#x9;at org.junit.runners.ParentRunner.runChildren(ParentRunner.java:191)&#xa;&#x9;at org.junit.runners.ParentRunner.access$000(ParentRunner.java:42)&#xa;&#x9;at org.junit.runners.ParentRunner$2.evaluate(ParentRunner.java:184)&#xa;&#x9;at org.junit.runners.ParentRunner.run(ParentRunner.java:236)&#xa;&#x9;at junit.framework.JUnit4TestAdapter.run(JUnit4TestAdapter.java:39)&#xa;&#x9;at org.apache.tools.ant.taskdefs.optional.junit.JUnitTestRunner.run(JUnitTestRunner.java:535)&#xa;&#x9;at org.apache.tools.ant.taskdefs.optional.junit.JUnitTestRunner.launch(JUnitTestRunner.java:1182)&#xa;&#x9;at org.apache.tools.ant.taskdefs.optional.junit.JUnitTestRunner.main(JUnitTestRunner.java:1033)&#xa;Caused by: java.lang.RuntimeException: ptolemy.kernel.util.InternalErrorException: Failed to get the model directory? This can happen in a headless environment when the model attempts to interact with the graphical display.  It can also happen when the model fails to parse because of a missing class.&#xa;&#x9;at ptolemy.vergil.basic.export.ExportModel$1.run(ExportModel.java:223)&#xa;&#x9;at java.awt.event.InvocationEvent.dispatch(InvocationEvent.java:301)&#xa;&#x9;at java.awt.EventQueue.dispatchEventImpl(EventQueue.java:756)&#xa;&#x9;at java.awt.EventQueue.access$500(EventQueue.java:97)&#xa;&#x9;at java.awt.EventQueue$3.run(EventQueue.java:709)&#xa;&#x9;at java.awt.EventQueue$3.run(EventQueue.java:703)&#xa;&#x9;at java.security.AccessController.doPrivileged(Native Method)&#xa;&#x9;at java.security.ProtectionDomain$JavaSecurityAccessImpl.doIntersectionPrivilege(ProtectionDomain.java:80)&#xa;&#x9;at java.awt.EventQueue.dispatchEvent(EventQueue.java:726)&#xa;&#x9;at java.awt.EventDispatchThread.pumpOneEventForFilters(EventDispatchThread.java:201)&#xa;&#x9;at java.awt.EventDispatchThread.pumpEventsForFilter(EventDispatchThread.java:116)&#xa;&#x9;at java.awt.EventDispatchThread.pumpEventsForHierarchy(EventDispatchThread.java:105)&#xa;&#x9;at java.awt.EventDispatchThread.pumpEvents(EventDispatchThread.java:101)&#xa;&#x9;at java.awt.EventDispatchThread.pumpEvents(EventDispatchThread.java:93)&#xa;&#x9;at java.awt.EventDispatchThread.run(EventDispatchThread.java:82)&#xa;Caused by: ptolemy.kernel.util.InternalErrorException: Failed to get the model directory? This can happen in a headless environment when the model attempts to interact with the graphical display.  It can also happen when the model fails to parse because of a missing class.&#xa;&#x9;at ptolemy.actor.gui.ConfigurationApplication.models(ConfigurationApplication.java:548)&#xa;&#x9;at ptolemy.actor.gui.ConfigurationApplication.openModelOrEntity(ConfigurationApplication.java:698)&#xa;&#x9;at ptolemy.vergil.basic.export.ExportModel$1.run(ExportModel.java:220)&#xa;&#x9;... 14 more&#xa;" type="junit.framework.AssertionFailedError">junit.framework.AssertionFailedError: Exporting HTML for ptolemy/actor/ptalon/demo/ptinyos/SendAndReceiveCnt/SendAndReceiveCnt.xml failed: 
java.lang.reflect.InvocationTargetException
	at java.awt.EventQueue.invokeAndWait(EventQueue.java:1321)
	at java.awt.EventQueue.invokeAndWait(EventQueue.java:1296)
	at javax.swing.SwingUtilities.invokeAndWait(SwingUtilities.java:1348)
	at ptolemy.vergil.basic.export.ExportModel.exportModel(ExportModel.java:227)
	at ptolemy.vergil.basic.export.test.junit.ExportModelJUnitTest.RunExportModel(ExportModelJUnitTest.java:153)
	at ptolemy.vergil.basic.export.test.junit.ExportModelJUnitTestBatch.RunExportModel(ExportModelJUnitTestBatch.java:97)
	at junitparams.internal.InvokeParameterisedMethod.evaluate(InvokeParameterisedMethod.java:102)
	at junitparams.internal.ParameterisedTestMethodRunner.runMethodInvoker(ParameterisedTestMethodRunner.java:47)
	at junitparams.internal.ParameterisedTestMethodRunner.runTestMethod(ParameterisedTestMethodRunner.java:41)
	at junitparams.internal.ParameterisedTestClassRunner.runParameterisedTest(ParameterisedTestClassRunner.java:143)
	at junitparams.JUnitParamsRunner.runChild(JUnitParamsRunner.java:237)
	at junitparams.JUnitParamsRunner.runChild(JUnitParamsRunner.java:215)
Caused by: java.lang.RuntimeException: ptolemy.kernel.util.InternalErrorException: Failed to get the model directory? This can happen in a headless environment when the model attempts to interact with the graphical display.  It can also happen when the model fails to parse because of a missing class.
	at ptolemy.vergil.basic.export.ExportModel$1.run(ExportModel.java:223)
	at java.awt.event.InvocationEvent.dispatch(InvocationEvent.java:301)
	at java.awt.EventQueue.dispatchEventImpl(EventQueue.java:756)
	at java.awt.EventQueue.access$500(EventQueue.java:97)
	at java.awt.EventQueue$3.run(EventQueue.java:709)
	at java.awt.EventQueue$3.run(EventQueue.java:703)
	at java.security.AccessController.doPrivileged(Native Method)
	at java.security.ProtectionDomain$JavaSecurityAccessImpl.doIntersectionPrivilege(ProtectionDomain.java:80)
	at java.awt.EventQueue.dispatchEvent(EventQueue.java:726)
	at java.awt.EventDispatchThread.pumpOneEventForFilters(EventDispatchThread.java:201)
	at java.awt.EventDispatchThread.pumpEventsForFilter(EventDispatchThread.java:116)
	at java.awt.EventDispatchThread.pumpEventsForHierarchy(EventDispatchThread.java:105)
	at java.awt.EventDispatchThread.pumpEvents(EventDispatchThread.java:101)
	at java.awt.EventDispatchThread.pumpEvents(EventDispatchThread.java:93)
	at java.awt.EventDispatchThread.run(EventDispatchThread.java:82)
Caused by: ptolemy.kernel.util.InternalErrorException: Failed to get the model directory? This can happen in a headless environment when the model attempts to interact with the graphical display.  It can also happen when the model fails to parse because of a missing class.
	at ptolemy.actor.gui.ConfigurationApplication.models(ConfigurationApplication.java:548)
	at ptolemy.actor.gui.ConfigurationApplication.openModelOrEntity(ConfigurationApplication.java:698)
	at ptolemy.vergil.basic.export.ExportModel$1.run(ExportModel.java:220)

	at ptolemy.vergil.basic.export.test.junit.ExportModelJUnitTest.RunExportModel(ExportModelJUnitTest.java:162)
	at ptolemy.vergil.basic.export.test.junit.ExportModelJUnitTestBatch.RunExportModel(ExportModelJUnitTestBatch.java:97)
	at junitparams.internal.InvokeParameterisedMethod.evaluate(InvokeParameterisedMethod.java:102)
	at junitparams.internal.ParameterisedTestMethodRunner.runMethodInvoker(ParameterisedTestMethodRunner.java:47)
	at junitparams.internal.ParameterisedTestMethodRunner.runTestMethod(ParameterisedTestMethodRunner.java:41)
	at junitparams.internal.ParameterisedTestClassRunner.runParameterisedTest(ParameterisedTestClassRunner.java:143)
	at junitparams.JUnitParamsRunner.runChild(JUnitParamsRunner.java:237)
	at junitparams.JUnitParamsRunner.runChild(JUnitParamsRunner.java:215)
</failure>
  </testcase>
  <testcase classname="ptolemy.vergil.basic.export.test.junit.ExportModelJUnitTestBatch3" name="[67] ptolemy/actor/ptalon/demo/ptinyos/SenseToLeds/SenseToLeds.xml (RunExportModel)" time="1.059">
    <failure message="Exporting HTML for ptolemy/actor/ptalon/demo/ptinyos/SenseToLeds/SenseToLeds.xml failed: &#xa;java.lang.reflect.InvocationTargetException&#xa;&#x9;at java.awt.EventQueue.invokeAndWait(EventQueue.java:1321)&#xa;&#x9;at java.awt.EventQueue.invokeAndWait(EventQueue.java:1296)&#xa;&#x9;at javax.swing.SwingUtilities.invokeAndWait(SwingUtilities.java:1348)&#xa;&#x9;at ptolemy.vergil.basic.export.ExportModel.exportModel(ExportModel.java:227)&#xa;&#x9;at ptolemy.vergil.basic.export.test.junit.ExportModelJUnitTest.RunExportModel(ExportModelJUnitTest.java:153)&#xa;&#x9;at ptolemy.vergil.basic.export.test.junit.ExportModelJUnitTestBatch.RunExportModel(ExportModelJUnitTestBatch.java:97)&#xa;&#x9;at sun.reflect.GeneratedMethodAccessor18.invoke(Unknown Source)&#xa;&#x9;at sun.reflect.DelegatingMethodAccessorImpl.invoke(DelegatingMethodAccessorImpl.java:43)&#xa;&#x9;at java.lang.reflect.Method.invoke(Method.java:498)&#xa;&#x9;at org.junit.runners.model.FrameworkMethod$1.runReflectiveCall(FrameworkMethod.java:44)&#xa;&#x9;at org.junit.internal.runners.model.ReflectiveCallable.run(ReflectiveCallable.java:15)&#xa;&#x9;at org.junit.runners.model.FrameworkMethod.invokeExplosively(FrameworkMethod.java:41)&#xa;&#x9;at junitparams.internal.InvokeParameterisedMethod.evaluate(InvokeParameterisedMethod.java:102)&#xa;&#x9;at junitparams.internal.ParameterisedTestMethodRunner.runMethodInvoker(ParameterisedTestMethodRunner.java:47)&#xa;&#x9;at junitparams.internal.ParameterisedTestMethodRunner.runTestMethod(ParameterisedTestMethodRunner.java:41)&#xa;&#x9;at junitparams.internal.ParameterisedTestClassRunner.runParameterisedTest(ParameterisedTestClassRunner.java:143)&#xa;&#x9;at junitparams.JUnitParamsRunner.runChild(JUnitParamsRunner.java:237)&#xa;&#x9;at junitparams.JUnitParamsRunner.runChild(JUnitParamsRunner.java:215)&#xa;&#x9;at org.junit.runners.ParentRunner$3.run(ParentRunner.java:193)&#xa;&#x9;at org.junit.runners.ParentRunner$1.schedule(ParentRunner.java:52)&#xa;&#x9;at org.junit.runners.ParentRunner.runChildren(ParentRunner.java:191)&#xa;&#x9;at org.junit.runners.ParentRunner.access$000(ParentRunner.java:42)&#xa;&#x9;at org.junit.runners.ParentRunner$2.evaluate(ParentRunner.java:184)&#xa;&#x9;at org.junit.runners.ParentRunner.run(ParentRunner.java:236)&#xa;&#x9;at junit.framework.JUnit4TestAdapter.run(JUnit4TestAdapter.java:39)&#xa;&#x9;at org.apache.tools.ant.taskdefs.optional.junit.JUnitTestRunner.run(JUnitTestRunner.java:535)&#xa;&#x9;at org.apache.tools.ant.taskdefs.optional.junit.JUnitTestRunner.launch(JUnitTestRunner.java:1182)&#xa;&#x9;at org.apache.tools.ant.taskdefs.optional.junit.JUnitTestRunner.main(JUnitTestRunner.java:1033)&#xa;Caused by: java.lang.RuntimeException: ptolemy.kernel.util.InternalErrorException: Failed to get the model directory? This can happen in a headless environment when the model attempts to interact with the graphical display.  It can also happen when the model fails to parse because of a missing class.&#xa;&#x9;at ptolemy.vergil.basic.export.ExportModel$1.run(ExportModel.java:223)&#xa;&#x9;at java.awt.event.InvocationEvent.dispatch(InvocationEvent.java:301)&#xa;&#x9;at java.awt.EventQueue.dispatchEventImpl(EventQueue.java:756)&#xa;&#x9;at java.awt.EventQueue.access$500(EventQueue.java:97)&#xa;&#x9;at java.awt.EventQueue$3.run(EventQueue.java:709)&#xa;&#x9;at java.awt.EventQueue$3.run(EventQueue.java:703)&#xa;&#x9;at java.security.AccessController.doPrivileged(Native Method)&#xa;&#x9;at java.security.ProtectionDomain$JavaSecurityAccessImpl.doIntersectionPrivilege(ProtectionDomain.java:80)&#xa;&#x9;at java.awt.EventQueue.dispatchEvent(EventQueue.java:726)&#xa;&#x9;at java.awt.EventDispatchThread.pumpOneEventForFilters(EventDispatchThread.java:201)&#xa;&#x9;at java.awt.EventDispatchThread.pumpEventsForFilter(EventDispatchThread.java:116)&#xa;&#x9;at java.awt.EventDispatchThread.pumpEventsForHierarchy(EventDispatchThread.java:105)&#xa;&#x9;at java.awt.EventDispatchThread.pumpEvents(EventDispatchThread.java:101)&#xa;&#x9;at java.awt.EventDispatchThread.pumpEvents(EventDispatchThread.java:93)&#xa;&#x9;at java.awt.EventDispatchThread.run(EventDispatchThread.java:82)&#xa;Caused by: ptolemy.kernel.util.InternalErrorException: Failed to get the model directory? This can happen in a headless environment when the model attempts to interact with the graphical display.  It can also happen when the model fails to parse because of a missing class.&#xa;&#x9;at ptolemy.actor.gui.ConfigurationApplication.models(ConfigurationApplication.java:548)&#xa;&#x9;at ptolemy.actor.gui.ConfigurationApplication.openModelOrEntity(ConfigurationApplication.java:698)&#xa;&#x9;at ptolemy.vergil.basic.export.ExportModel$1.run(ExportModel.java:220)&#xa;&#x9;... 14 more&#xa;" type="junit.framework.AssertionFailedError">junit.framework.AssertionFailedError: Exporting HTML for ptolemy/actor/ptalon/demo/ptinyos/SenseToLeds/SenseToLeds.xml failed: 
java.lang.reflect.InvocationTargetException
	at java.awt.EventQueue.invokeAndWait(EventQueue.java:1321)
	at java.awt.EventQueue.invokeAndWait(EventQueue.java:1296)
	at javax.swing.SwingUtilities.invokeAndWait(SwingUtilities.java:1348)
	at ptolemy.vergil.basic.export.ExportModel.exportModel(ExportModel.java:227)
	at ptolemy.vergil.basic.export.test.junit.ExportModelJUnitTest.RunExportModel(ExportModelJUnitTest.java:153)
	at ptolemy.vergil.basic.export.test.junit.ExportModelJUnitTestBatch.RunExportModel(ExportModelJUnitTestBatch.java:97)
	at junitparams.internal.InvokeParameterisedMethod.evaluate(InvokeParameterisedMethod.java:102)
	at junitparams.internal.ParameterisedTestMethodRunner.runMethodInvoker(ParameterisedTestMethodRunner.java:47)
	at junitparams.internal.ParameterisedTestMethodRunner.runTestMethod(ParameterisedTestMethodRunner.java:41)
	at junitparams.internal.ParameterisedTestClassRunner.runParameterisedTest(ParameterisedTestClassRunner.java:143)
	at junitparams.JUnitParamsRunner.runChild(JUnitParamsRunner.java:237)
	at junitparams.JUnitParamsRunner.runChild(JUnitParamsRunner.java:215)
Caused by: java.lang.RuntimeException: ptolemy.kernel.util.InternalErrorException: Failed to get the model directory? This can happen in a headless environment when the model attempts to interact with the graphical display.  It can also happen when the model fails to parse because of a missing class.
	at ptolemy.vergil.basic.export.ExportModel$1.run(ExportModel.java:223)
	at java.awt.event.InvocationEvent.dispatch(InvocationEvent.java:301)
	at java.awt.EventQueue.dispatchEventImpl(EventQueue.java:756)
	at java.awt.EventQueue.access$500(EventQueue.java:97)
	at java.awt.EventQueue$3.run(EventQueue.java:709)
	at java.awt.EventQueue$3.run(EventQueue.java:703)
	at java.security.AccessController.doPrivileged(Native Method)
	at java.security.ProtectionDomain$JavaSecurityAccessImpl.doIntersectionPrivilege(ProtectionDomain.java:80)
	at java.awt.EventQueue.dispatchEvent(EventQueue.java:726)
	at java.awt.EventDispatchThread.pumpOneEventForFilters(EventDispatchThread.java:201)
	at java.awt.EventDispatchThread.pumpEventsForFilter(EventDispatchThread.java:116)
	at java.awt.EventDispatchThread.pumpEventsForHierarchy(EventDispatchThread.java:105)
	at java.awt.EventDispatchThread.pumpEvents(EventDispatchThread.java:101)
	at java.awt.EventDispatchThread.pumpEvents(EventDispatchThread.java:93)
	at java.awt.EventDispatchThread.run(EventDispatchThread.java:82)
Caused by: ptolemy.kernel.util.InternalErrorException: Failed to get the model directory? This can happen in a headless environment when the model attempts to interact with the graphical display.  It can also happen when the model fails to parse because of a missing class.
	at ptolemy.actor.gui.ConfigurationApplication.models(ConfigurationApplication.java:548)
	at ptolemy.actor.gui.ConfigurationApplication.openModelOrEntity(ConfigurationApplication.java:698)
	at ptolemy.vergil.basic.export.ExportModel$1.run(ExportModel.java:220)

	at ptolemy.vergil.basic.export.test.junit.ExportModelJUnitTest.RunExportModel(ExportModelJUnitTest.java:162)
	at ptolemy.vergil.basic.export.test.junit.ExportModelJUnitTestBatch.RunExportModel(ExportModelJUnitTestBatch.java:97)
	at junitparams.internal.InvokeParameterisedMethod.evaluate(InvokeParameterisedMethod.java:102)
	at junitparams.internal.ParameterisedTestMethodRunner.runMethodInvoker(ParameterisedTestMethodRunner.java:47)
	at junitparams.internal.ParameterisedTestMethodRunner.runTestMethod(ParameterisedTestMethodRunner.java:41)
	at junitparams.internal.ParameterisedTestClassRunner.runParameterisedTest(ParameterisedTestClassRunner.java:143)
	at junitparams.JUnitParamsRunner.runChild(JUnitParamsRunner.java:237)
	at junitparams.JUnitParamsRunner.runChild(JUnitParamsRunner.java:215)
</failure>
  </testcase>
  <testcase classname="ptolemy.vergil.basic.export.test.junit.ExportModelJUnitTestBatch3" name="[68] ptolemy/actor/ptalon/demo/SmallWorld/ParameterSweepSmallWorldFSM.xml (RunExportModel)" time="35.445" />
  <testcase classname="ptolemy.vergil.basic.export.test.junit.ExportModelJUnitTestBatch3" name="[69] ptolemy/actor/ptalon/demo/SmallWorld/ParameterSweepSmallWorldSDF.xml (RunExportModel)" time="6.208" />
  <system-out><![CDATA[ExportModeJUnitTestBatch: There are 754 demos. Exporting demos: 221 to 290.
####### 1 Sun May 13 01:24:23 UTC 2018 $PTII/bin/ptinvoke ptolemy.vergil.basic.export.ExportModel -force htm -run -openComposites -timeOut 30000 -whiteBackground ptolemy/actor/lib/jjs/modules/iotAuth/demo/SecurePubSub/SecurePubSub.xml $PTII/ptolemy/actor/lib/jjs/modules/iotAuth/demo/SecurePubSub/SecurePubSub
----------------- Sun May 13 01:24:23 UTC 2018 About to sleep for 5.0 seconds before running or rerunning.  Test is: /home/travis/build/icyphy/ptII/ptolemy/actor/lib/jjs/modules/iotAuth/demo/SecurePubSub/SecurePubSub.xml
Done sleeping
JSAccessor: PT_NO_NET environment variable is set, so git pull and ptdoc are not being run.
Running .SecurePubSub
13580 ms. Memory: 380416K Free: 133603K (35%)
Exported /home/travis/build/icyphy/ptII/ptolemy/actor/lib/jjs/modules/iotAuth/demo/SecurePubSub/SecurePubSub/index.html
26585 ms. Memory: 380416K Free: 70240K (18%)
####### 2 Sun May 13 01:24:55 UTC 2018 $PTII/bin/ptinvoke ptolemy.vergil.basic.export.ExportModel -force htm -run -openComposites -timeOut 30000 -whiteBackground ptolemy/actor/lib/jjs/modules/localStorage/demo/LocalStorage/LocalStorage.xml $PTII/ptolemy/actor/lib/jjs/modules/localStorage/demo/LocalStorage/LocalStorage
----------------- Sun May 13 01:24:55 UTC 2018 About to sleep for 5.0 seconds before running or rerunning.  Test is: /home/travis/build/icyphy/ptII/ptolemy/actor/lib/jjs/modules/localStorage/demo/LocalStorage/LocalStorage.xml
Done sleeping
Running .LocalStorage
1541 ms. Memory: 480256K Free: 355382K (74%)
Exported /home/travis/build/icyphy/ptII/ptolemy/actor/lib/jjs/modules/localStorage/demo/LocalStorage/LocalStorage/index.html
6698 ms. Memory: 480256K Free: 326361K (68%)
####### 3 Sun May 13 01:25:07 UTC 2018 $PTII/bin/ptinvoke ptolemy.vergil.basic.export.ExportModel -force htm -run -openComposites -timeOut 30000 -whiteBackground ptolemy/actor/lib/jjs/modules/mqtt/demo/MQTTPubSub/MQTTPubSub.xml $PTII/ptolemy/actor/lib/jjs/modules/mqtt/demo/MQTTPubSub/MQTTPubSub
----------------- Sun May 13 01:25:07 UTC 2018 About to sleep for 5.0 seconds before running or rerunning.  Test is: /home/travis/build/icyphy/ptII/ptolemy/actor/lib/jjs/modules/mqtt/demo/MQTTPubSub/MQTTPubSub.xml
Done sleeping
Running .MQTTPubSub
12404 ms. Memory: 586752K Free: 326913K (56%)
Exported /home/travis/build/icyphy/ptII/ptolemy/actor/lib/jjs/modules/mqtt/demo/MQTTPubSub/MQTTPubSub/index.html
18177 ms. Memory: 586752K Free: 296581K (51%)
####### 4 Sun May 13 01:25:30 UTC 2018 $PTII/bin/ptinvoke ptolemy.vergil.basic.export.ExportModel -force htm -run -openComposites -timeOut 30000 -whiteBackground ptolemy/actor/lib/jjs/modules/socket/demo/SecureSocket/SecureSocket.xml $PTII/ptolemy/actor/lib/jjs/modules/socket/demo/SecureSocket/SecureSocket
----------------- Sun May 13 01:25:30 UTC 2018 About to sleep for 5.0 seconds before running or rerunning.  Test is: /home/travis/build/icyphy/ptII/ptolemy/actor/lib/jjs/modules/socket/demo/SecureSocket/SecureSocket.xml
Done sleeping
Running .SecureSocket
12653 ms. Memory: 775168K Free: 662081K (85%)
Exported /home/travis/build/icyphy/ptII/ptolemy/actor/lib/jjs/modules/socket/demo/SecureSocket/SecureSocket/index.html
17938 ms. Memory: 775168K Free: 621000K (80%)
####### 5 Sun May 13 01:25:53 UTC 2018 $PTII/bin/ptinvoke ptolemy.vergil.basic.export.ExportModel -force htm -run -openComposites -timeOut 30000 -whiteBackground ptolemy/actor/lib/jjs/modules/socket/demo/SocketDoubleArrayBatched/SocketDoubleArrayBatched.xml $PTII/ptolemy/actor/lib/jjs/modules/socket/demo/SocketDoubleArrayBatched/SocketDoubleArrayBatched
----------------- Sun May 13 01:25:53 UTC 2018 About to sleep for 5.0 seconds before running or rerunning.  Test is: /home/travis/build/icyphy/ptII/ptolemy/actor/lib/jjs/modules/socket/demo/SocketDoubleArrayBatched/SocketDoubleArrayBatched.xml
Done sleeping
Running .SocketDoubleArrayBatched
4040 ms. Memory: 906240K Free: 488583K (54%)
Exported /home/travis/build/icyphy/ptII/ptolemy/actor/lib/jjs/modules/socket/demo/SocketDoubleArrayBatched/SocketDoubleArrayBatched/index.html
8981 ms. Memory: 906240K Free: 453496K (50%)
####### 6 Sun May 13 01:26:07 UTC 2018 $PTII/bin/ptinvoke ptolemy.vergil.basic.export.ExportModel -force htm -run -openComposites -timeOut 30000 -whiteBackground ptolemy/actor/lib/jjs/modules/socket/demo/SocketImage/SocketImage.xml $PTII/ptolemy/actor/lib/jjs/modules/socket/demo/SocketImage/SocketImage
----------------- Sun May 13 01:26:07 UTC 2018 About to sleep for 5.0 seconds before running or rerunning.  Test is: /home/travis/build/icyphy/ptII/ptolemy/actor/lib/jjs/modules/socket/demo/SocketImage/SocketImage.xml
Done sleeping
No physical cameras found, using WebcamDummyDriver.
Running .SocketImage
23352 ms. Memory: 1106432K Free: 917565K (83%)
Exported /home/travis/build/icyphy/ptII/ptolemy/actor/lib/jjs/modules/socket/demo/SocketImage/SocketImage/index.html
32586 ms. Memory: 1106432K Free: 878710K (79%)
####### 7 Sun May 13 01:26:44 UTC 2018 $PTII/bin/ptinvoke ptolemy.vergil.basic.export.ExportModel -force htm -run -openComposites -timeOut 30000 -whiteBackground ptolemy/actor/lib/jjs/modules/socket/demo/SocketString/SocketString.xml $PTII/ptolemy/actor/lib/jjs/modules/socket/demo/SocketString/SocketString
----------------- Sun May 13 01:26:44 UTC 2018 About to sleep for 5.0 seconds before running or rerunning.  Test is: /home/travis/build/icyphy/ptII/ptolemy/actor/lib/jjs/modules/socket/demo/SocketString/SocketString.xml
Done sleeping
Running .SocketString
6803 ms. Memory: 1264640K Free: 1016951K (80%)
Exported /home/travis/build/icyphy/ptII/ptolemy/actor/lib/jjs/modules/socket/demo/SocketString/SocketString/index.html
11991 ms. Memory: 1264640K Free: 985791K (78%)
####### 8 Sun May 13 01:27:01 UTC 2018 $PTII/bin/ptinvoke ptolemy.vergil.basic.export.ExportModel -force htm -run -openComposites -timeOut 30000 -whiteBackground ptolemy/actor/lib/jjs/modules/socket/demo/SocketUnsignedShort/SocketUnsignedShort.xml $PTII/ptolemy/actor/lib/jjs/modules/socket/demo/SocketUnsignedShort/SocketUnsignedShort
----------------- Sun May 13 01:27:01 UTC 2018 About to sleep for 5.0 seconds before running or rerunning.  Test is: /home/travis/build/icyphy/ptII/ptolemy/actor/lib/jjs/modules/socket/demo/SocketUnsignedShort/SocketUnsignedShort.xml
Done sleeping
Running .SocketUnsignedShort
3844 ms. Memory: 1264640K Free: 193575K (15%)
Exported /home/travis/build/icyphy/ptII/ptolemy/actor/lib/jjs/modules/socket/demo/SocketUnsignedShort/SocketUnsignedShort/index.html
8809 ms. Memory: 1264640K Free: 161111K (13%)
####### 9 Sun May 13 01:27:15 UTC 2018 $PTII/bin/ptinvoke ptolemy.vergil.basic.export.ExportModel -force htm  -openComposites -timeOut 30000 -whiteBackground ptolemy/actor/lib/jjs/modules/socket/demo/TCPSocket/TCPSocket.xml $PTII/ptolemy/actor/lib/jjs/modules/socket/demo/TCPSocket/TCPSocket
Warning: not running ptolemy/actor/lib/jjs/modules/socket/demo/TCPSocket/TCPSocket.xml. See ptolemy/vergil/basic/export/test/junit/ExportModelJUnitTest.java
----------------- Sun May 13 01:27:15 UTC 2018 About to sleep for 5.0 seconds before running or rerunning.  Test is: /home/travis/build/icyphy/ptII/ptolemy/actor/lib/jjs/modules/socket/demo/TCPSocket/TCPSocket.xml
Done sleeping
Exported /home/travis/build/icyphy/ptII/ptolemy/actor/lib/jjs/modules/socket/demo/TCPSocket/TCPSocket/index.html
3395 ms. Memory: 1270272K Free: 960373K (76%)
####### 10 Sun May 13 01:27:23 UTC 2018 $PTII/bin/ptinvoke ptolemy.vergil.basic.export.ExportModel -force htm -run -openComposites -timeOut 30000 -whiteBackground ptolemy/actor/lib/jjs/modules/socket/demo/TCPSocket/TCPSocketDoubleArrayBatched.xml $PTII/ptolemy/actor/lib/jjs/modules/socket/demo/TCPSocket/TCPSocketDoubleArrayBatched
----------------- Sun May 13 01:27:23 UTC 2018 About to sleep for 5.0 seconds before running or rerunning.  Test is: /home/travis/build/icyphy/ptII/ptolemy/actor/lib/jjs/modules/socket/demo/TCPSocket/TCPSocketDoubleArrayBatched.xml
Done sleeping
Running .TCPSocketDoubleArrayBatched
3889 ms. Memory: 1270272K Free: 116997K (9%)
Exported /home/travis/build/icyphy/ptII/ptolemy/actor/lib/jjs/modules/socket/demo/TCPSocket/TCPSocketDoubleArrayBatched/index.html
8944 ms. Memory: 1503232K Free: 1345571K (90%)
####### 11 Sun May 13 01:27:37 UTC 2018 $PTII/bin/ptinvoke ptolemy.vergil.basic.export.ExportModel -force htm -run -openComposites -timeOut 30000 -whiteBackground ptolemy/actor/lib/jjs/modules/socket/demo/TCPSocket/TCPSocketImage.xml $PTII/ptolemy/actor/lib/jjs/modules/socket/demo/TCPSocket/TCPSocketImage
----------------- Sun May 13 01:27:37 UTC 2018 About to sleep for 5.0 seconds before running or rerunning.  Test is: /home/travis/build/icyphy/ptII/ptolemy/actor/lib/jjs/modules/socket/demo/TCPSocket/TCPSocketImage.xml
Done sleeping
Running .TCPSocketImage
22997 ms. Memory: 1902080K Free: 1268601K (67%)
Exported /home/travis/build/icyphy/ptII/ptolemy/actor/lib/jjs/modules/socket/demo/TCPSocket/TCPSocketImage/index.html
28762 ms. Memory: 1902080K Free: 1231657K (65%)
####### 12 Sun May 13 01:28:11 UTC 2018 $PTII/bin/ptinvoke ptolemy.vergil.basic.export.ExportModel -force htm -run -openComposites -timeOut 30000 -whiteBackground ptolemy/actor/lib/jjs/modules/socket/demo/TCPSocket/TCPSocketSecureServerClient.xml $PTII/ptolemy/actor/lib/jjs/modules/socket/demo/TCPSocket/TCPSocketSecureServerClient
----------------- Sun May 13 01:28:11 UTC 2018 About to sleep for 5.0 seconds before running or rerunning.  Test is: /home/travis/build/icyphy/ptII/ptolemy/actor/lib/jjs/modules/socket/demo/TCPSocket/TCPSocketSecureServerClient.xml
Done sleeping
Running .TCPSocketSecureServerClient
10542 ms. Memory: 1959424K Free: 1169858K (60%)
Exported /home/travis/build/icyphy/ptII/ptolemy/actor/lib/jjs/modules/socket/demo/TCPSocket/TCPSocketSecureServerClient/index.html
17365 ms. Memory: 1959424K Free: 1131028K (58%)
####### 13 Sun May 13 01:28:34 UTC 2018 $PTII/bin/ptinvoke ptolemy.vergil.basic.export.ExportModel -force htm -run -openComposites -timeOut 30000 -whiteBackground ptolemy/actor/lib/jjs/modules/socket/demo/TCPSocket/TCPSocketTwoClients.xml $PTII/ptolemy/actor/lib/jjs/modules/socket/demo/TCPSocket/TCPSocketTwoClients
----------------- Sun May 13 01:28:34 UTC 2018 About to sleep for 5.0 seconds before running or rerunning.  Test is: /home/travis/build/icyphy/ptII/ptolemy/actor/lib/jjs/modules/socket/demo/TCPSocket/TCPSocketTwoClients.xml
Done sleeping
Running .TCPSocketTwoClients
23580 ms. Memory: 1844736K Free: 1014544K (55%)
Exported /home/travis/build/icyphy/ptII/ptolemy/actor/lib/jjs/modules/socket/demo/TCPSocket/TCPSocketTwoClients/index.html
29369 ms. Memory: 1844736K Free: 974084K (53%)
####### 14 Sun May 13 01:29:08 UTC 2018 $PTII/bin/ptinvoke ptolemy.vergil.basic.export.ExportModel -force htm -run -openComposites -timeOut 30000 -whiteBackground ptolemy/actor/lib/jjs/modules/socket/demo/TCPSocket/TCPSocketUnsignedShort.xml $PTII/ptolemy/actor/lib/jjs/modules/socket/demo/TCPSocket/TCPSocketUnsignedShort
----------------- Sun May 13 01:29:08 UTC 2018 About to sleep for 5.0 seconds before running or rerunning.  Test is: /home/travis/build/icyphy/ptII/ptolemy/actor/lib/jjs/modules/socket/demo/TCPSocket/TCPSocketUnsignedShort.xml
Done sleeping
Running .TCPSocketUnsignedShort
4505 ms. Memory: 1921024K Free: 1397399K (73%)
Exported /home/travis/build/icyphy/ptII/ptolemy/actor/lib/jjs/modules/socket/demo/TCPSocket/TCPSocketUnsignedShort/index.html
9779 ms. Memory: 1921024K Free: 1351760K (70%)
####### 15 Sun May 13 01:29:23 UTC 2018 $PTII/bin/ptinvoke ptolemy.vergil.basic.export.ExportModel -force htm  -openComposites -timeOut 30000 -whiteBackground ptolemy/actor/lib/jjs/modules/speechRecognition/demo/SpeechRecognition/SpeechRecognition.xml $PTII/ptolemy/actor/lib/jjs/modules/speechRecognition/demo/SpeechRecognition/SpeechRecognition
Warning: not running ptolemy/actor/lib/jjs/modules/speechRecognition/demo/SpeechRecognition/SpeechRecognition.xml. See ptolemy/vergil/basic/export/test/junit/ExportModelJUnitTest.java
----------------- Sun May 13 01:29:23 UTC 2018 About to sleep for 5.0 seconds before running or rerunning.  Test is: /home/travis/build/icyphy/ptII/ptolemy/actor/lib/jjs/modules/speechRecognition/demo/SpeechRecognition/SpeechRecognition.xml
Done sleeping
Exported /home/travis/build/icyphy/ptII/ptolemy/actor/lib/jjs/modules/speechRecognition/demo/SpeechRecognition/SpeechRecognition/index.html
5382 ms. Memory: 1921024K Free: 680833K (35%)
####### 16 Sun May 13 01:29:33 UTC 2018 $PTII/bin/ptinvoke ptolemy.vergil.basic.export.ExportModel -force htm  -openComposites -timeOut 30000 -whiteBackground ptolemy/actor/lib/jjs/modules/speechRecognition/demo/WatchCommandUpdater/WatchCommandUpdater.xml $PTII/ptolemy/actor/lib/jjs/modules/speechRecognition/demo/WatchCommandUpdater/WatchCommandUpdater
Warning: not running ptolemy/actor/lib/jjs/modules/speechRecognition/demo/WatchCommandUpdater/WatchCommandUpdater.xml. See ptolemy/vergil/basic/export/test/junit/ExportModelJUnitTest.java
----------------- Sun May 13 01:29:33 UTC 2018 About to sleep for 5.0 seconds before running or rerunning.  Test is: /home/travis/build/icyphy/ptII/ptolemy/actor/lib/jjs/modules/speechRecognition/demo/WatchCommandUpdater/WatchCommandUpdater.xml
Done sleeping
Exported /home/travis/build/icyphy/ptII/ptolemy/actor/lib/jjs/modules/speechRecognition/demo/WatchCommandUpdater/WatchCommandUpdater/index.html
8314 ms. Memory: 1944576K Free: 666077K (34%)
####### 17 Sun May 13 01:29:46 UTC 2018 $PTII/bin/ptinvoke ptolemy.vergil.basic.export.ExportModel -force htm -run -openComposites -timeOut 30000 -whiteBackground ptolemy/actor/lib/jjs/modules/testing/demo/Testing/Testing.xml $PTII/ptolemy/actor/lib/jjs/modules/testing/demo/Testing/Testing
----------------- Sun May 13 01:29:46 UTC 2018 About to sleep for 5.0 seconds before running or rerunning.  Test is: /home/travis/build/icyphy/ptII/ptolemy/actor/lib/jjs/modules/testing/demo/Testing/Testing.xml
Done sleeping
Running .Testing
MochaTest: Start of Common host: Basic (Thread[AWT-EventQueue-0,6,main])
MochaTest: End of Common host: Basic (Thread[AWT-EventQueue-0,6,main])
MochaTest: Start of Common host: Composite accessors (Thread[AWT-EventQueue-0,6,main])
MochaTest: Start of Common host: Spontaneous accessors (Thread[AWT-EventQueue-0,6,main])
MochaTest: Start of Common host: Spontaneous accessors (Thread[AWT-EventQueue-0,6,main])
MochaTest: Before Spontaneous accessor produces correct outputs after 1 and 2 seconds. (Thread[AWT-EventQueue-0,6,main])
MochaTest: After Spontaneous accessor produces correct outputs after 1 and 2 seconds. (Thread[AWT-EventQueue-0,6,main])
MochaTest: End of Common host: Spontaneous accessors (Thread[AWT-EventQueue-0,6,main])
MochaTest: Start of Common host: Inheritance (Thread[AWT-EventQueue-0,6,main])
MochaTest: End of Common host: Inheritance (Thread[AWT-EventQueue-0,6,main])
MochaTest: Instance of TestAccessor: [Circular]
Tests: (Thread[AWT-EventQueue-0,6,main])
MochaTest: TestAccessor.fire() invoked. (Thread[AWT-EventQueue-0,6,main])
MochaTest: TestAdder: fire(): inputLeft: 10 inputRight: 40 (Thread[AWT-EventQueue-0,6,main])
MochaTest: TestAdder: fire(): inputLeft: 5 inputRight: 20 (Thread[AWT-EventQueue-0,6,main])
MochaTest: TestAdder: fire(): inputLeft: 5 inputRight: 20 (Thread[AWT-EventQueue-0,6,main])
MochaTest: TestAccessor.fire() invoked. (Thread[AWT-EventQueue-0,6,main])
MochaTest: <?xml version="1.0" encoding="UTF-8"?>
 <testsuites>
 <testsuite name="Root Suite" tests="0">
 <testsuite name="Common host: Basic" tests="7">
 <testcase name="this.getParameter() returns default value." > </testcase>
 <testcase name="this.getParameter() returns value set by this.setParameter()." > </testcase>
 <testcase name="this.get() returns default value." > </testcase>
 <testcase name="this.get() returns null if no input yet provided." > </testcase>
 <testcase name="this.get() returns null if no input yet provided but type being boolean." > </testcase>
 <testcase name="this.get() returns value provided by provideInput()." > </testcase>
 <testcase name="latestOutput contains value provided by inputHandlers and send()." > </testcase>
 </testsuite>
 <testsuite name="Common host: Composite accessors" tests="2">
 <testcase name="Composite accessor produces correct output when manually scheduled." > </testcase>
 <testcase name="Composite accessor produces correct output when automatically scheduled." > </testcase>
 </testsuite>
 <testsuite name="Common host: Spontaneous accessors" tests="2">
 <testcase name="Spontaneous accessor produces correct outputs after 1 and 2 seconds." > </testcase>
 <testcase name="Composite spontaneous accessor produces correct outputs after 1 and 2 seconds." > </testcase>
 </testsuite>
 <testsuite name="Common host: Inheritance" tests="4">
 <testcase name="Inheritance, function overriding, and variable visiility should work properly." > </testcase>
 <testcase name="Implementing an interface should work properly." > </testcase>
 <testcase name="Exported fields of base classes can be accessed and initialize() is properly scoped." > </testcase>
 <testcase name="Two-level inheritance should work properly." > </testcase>
 </testsuite>
 </testsuite>
 </testsuites>
 (Thread[AWT-EventQueue-0,6,main])
17169 ms. Memory: 1806336K Free: 455334K (25%)
Exported /home/travis/build/icyphy/ptII/ptolemy/actor/lib/jjs/modules/testing/demo/Testing/Testing/index.html
23915 ms. Memory: 1806336K Free: 426311K (24%)
####### 18 Sun May 13 01:30:15 UTC 2018 $PTII/bin/ptinvoke ptolemy.vergil.basic.export.ExportModel -force htm -run -openComposites -timeOut 30000 -whiteBackground ptolemy/actor/lib/jjs/modules/udpSocket/demo/UDPSocket/UDPSocket.xml $PTII/ptolemy/actor/lib/jjs/modules/udpSocket/demo/UDPSocket/UDPSocket
----------------- Sun May 13 01:30:15 UTC 2018 About to sleep for 5.0 seconds before running or rerunning.  Test is: /home/travis/build/icyphy/ptII/ptolemy/actor/lib/jjs/modules/udpSocket/demo/UDPSocket/UDPSocket.xml
Done sleeping
Running .UDPSocket
ExportHTMLTimer went off after 30000 ms., calling getDirector().finish and getDirector().stopFire()
30010 ms. Memory: 1850368K Free: 1458072K (79%)
Exported /home/travis/build/icyphy/ptII/ptolemy/actor/lib/jjs/modules/udpSocket/demo/UDPSocket/UDPSocket/index.html
34772 ms. Memory: 1850368K Free: 1426334K (77%)
####### 19 Sun May 13 01:30:55 UTC 2018 $PTII/bin/ptinvoke ptolemy.vergil.basic.export.ExportModel -force htm -run -openComposites -timeOut 30000 -whiteBackground ptolemy/actor/lib/jjs/modules/udpSocket/demo/WatchEmulator/WatchEmulator.xml $PTII/ptolemy/actor/lib/jjs/modules/udpSocket/demo/WatchEmulator/WatchEmulator
----------------- Sun May 13 01:30:55 UTC 2018 About to sleep for 5.0 seconds before running or rerunning.  Test is: /home/travis/build/icyphy/ptII/ptolemy/actor/lib/jjs/modules/udpSocket/demo/WatchEmulator/WatchEmulator.xml
Done sleeping
Running .WatchEmulator
8671 ms. Memory: 1748992K Free: 953551K (55%)
####### 20 Sun May 13 01:31:14 UTC 2018 $PTII/bin/ptinvoke ptolemy.vergil.basic.export.ExportModel -force htm -run -openComposites -timeOut 30000 -whiteBackground ptolemy/actor/lib/jjs/modules/userInterface/demo/Dots/Dots.xml $PTII/ptolemy/actor/lib/jjs/modules/userInterface/demo/Dots/Dots
----------------- Sun May 13 01:31:14 UTC 2018 About to sleep for 5.0 seconds before running or rerunning.  Test is: /home/travis/build/icyphy/ptII/ptolemy/actor/lib/jjs/modules/userInterface/demo/Dots/Dots.xml
Done sleeping
Running .Dots
BrowserLauncher: UnsupportedOperation: http://localhost:8089: java.lang.UnsupportedOperationException: The BROWSE action is not supported on the current platform!
ExportHTMLTimer went off after 30000 ms., calling getDirector().finish and getDirector().stopFire()
ExportHTMLTimer went off after 60000 ms., calling manager.stop().
65814 ms. Memory: 1888256K Free: 1098639K (58%)
Exported /home/travis/build/icyphy/ptII/ptolemy/actor/lib/jjs/modules/userInterface/demo/Dots/Dots/index.html
71701 ms. Memory: 1888256K Free: 1061890K (56%)
####### 21 Sun May 13 01:32:30 UTC 2018 $PTII/bin/ptinvoke ptolemy.vergil.basic.export.ExportModel -force htm -run -openComposites -timeOut 30000 -whiteBackground ptolemy/actor/lib/jjs/modules/userInterface/demo/HelloUserInterface/HelloUserInterface.xml $PTII/ptolemy/actor/lib/jjs/modules/userInterface/demo/HelloUserInterface/HelloUserInterface
----------------- Sun May 13 01:32:30 UTC 2018 About to sleep for 5.0 seconds before running or rerunning.  Test is: /home/travis/build/icyphy/ptII/ptolemy/actor/lib/jjs/modules/userInterface/demo/HelloUserInterface/HelloUserInterface.xml
Done sleeping
Running .HelloUserInterface
BrowserLauncher: UnsupportedOperation: http://localhost:8089: java.lang.UnsupportedOperationException: The BROWSE action is not supported on the current platform!
UserInterface: Connection closed because model is no longer running. (Thread[AWT-EventQueue-0,6,main])
12869 ms. Memory: 1981952K Free: 1694309K (85%)
Exported /home/travis/build/icyphy/ptII/ptolemy/actor/lib/jjs/modules/userInterface/demo/HelloUserInterface/HelloUserInterface/index.html
18138 ms. Memory: 1981952K Free: 1654712K (83%)
####### 22 Sun May 13 01:32:54 UTC 2018 $PTII/bin/ptinvoke ptolemy.vergil.basic.export.ExportModel -force htm -run -openComposites -timeOut 30000 -whiteBackground ptolemy/actor/lib/jjs/modules/userInterface/demo/UserInterface/UserInterface.xml $PTII/ptolemy/actor/lib/jjs/modules/userInterface/demo/UserInterface/UserInterface
----------------- Sun May 13 01:32:54 UTC 2018 About to sleep for 5.0 seconds before running or rerunning.  Test is: /home/travis/build/icyphy/ptII/ptolemy/actor/lib/jjs/modules/userInterface/demo/UserInterface/UserInterface.xml
Done sleeping
Running .UserInterface
5001 ms. Memory: 1981952K Free: 1558492K (79%)
Exported /home/travis/build/icyphy/ptII/ptolemy/actor/lib/jjs/modules/userInterface/demo/UserInterface/UserInterface/index.html
9175 ms. Memory: 1981952K Free: 1518936K (77%)
####### 23 Sun May 13 01:33:08 UTC 2018 $PTII/bin/ptinvoke ptolemy.vergil.basic.export.ExportModel -force htm -run -openComposites -timeOut 30000 -whiteBackground ptolemy/actor/lib/jjs/modules/userInterface/demo/UserInterface/UserInterfaceBrowser.xml $PTII/ptolemy/actor/lib/jjs/modules/userInterface/demo/UserInterface/UserInterfaceBrowser
----------------- Sun May 13 01:33:08 UTC 2018 About to sleep for 5.0 seconds before running or rerunning.  Test is: /home/travis/build/icyphy/ptII/ptolemy/actor/lib/jjs/modules/userInterface/demo/UserInterface/UserInterfaceBrowser.xml
Done sleeping
Running .UserInterfaceBrowser
BrowserLauncher: UnsupportedOperation: http://localhost:8090: java.lang.UnsupportedOperationException: The BROWSE action is not supported on the current platform!
ExportHTMLTimer went off after 30000 ms., calling getDirector().finish and getDirector().stopFire()
UserInterface: Connection closed because model is no longer running. (Thread[AWT-EventQueue-0,6,main])
30079 ms. Memory: 2000384K Free: 1113544K (56%)
Exported /home/travis/build/icyphy/ptII/ptolemy/actor/lib/jjs/modules/userInterface/demo/UserInterface/UserInterfaceBrowser/index.html
36108 ms. Memory: 2000384K Free: 1091331K (55%)
####### 24 Sun May 13 01:33:49 UTC 2018 $PTII/bin/ptinvoke ptolemy.vergil.basic.export.ExportModel -force htm -run -openComposites -timeOut 30000 -whiteBackground ptolemy/actor/lib/jjs/modules/userInterface/demo/UserInterface/UserInterfaceFixedPage.xml $PTII/ptolemy/actor/lib/jjs/modules/userInterface/demo/UserInterface/UserInterfaceFixedPage
----------------- Sun May 13 01:33:49 UTC 2018 About to sleep for 5.0 seconds before running or rerunning.  Test is: /home/travis/build/icyphy/ptII/ptolemy/actor/lib/jjs/modules/userInterface/demo/UserInterface/UserInterfaceFixedPage.xml
Done sleeping
Running .UserInterfaceFixedPage
BrowserLauncher: UnsupportedOperation: http://localhost:8089: java.lang.UnsupportedOperationException: The BROWSE action is not supported on the current platform!
UserInterface: Connection closed because model is no longer running. (Thread[AWT-EventQueue-0,6,main])
5948 ms. Memory: 2000384K Free: 640391K (32%)
Exported /home/travis/build/icyphy/ptII/ptolemy/actor/lib/jjs/modules/userInterface/demo/UserInterface/UserInterfaceFixedPage/index.html
10573 ms. Memory: 2000384K Free: 618217K (31%)
####### 25 Sun May 13 01:34:04 UTC 2018 $PTII/bin/ptinvoke ptolemy.vergil.basic.export.ExportModel -force htm -run -openComposites -timeOut 30000 -whiteBackground ptolemy/actor/lib/jjs/modules/userInterface/demo/UserInterface/UserInterfaceInteractive.xml $PTII/ptolemy/actor/lib/jjs/modules/userInterface/demo/UserInterface/UserInterfaceInteractive
----------------- Sun May 13 01:34:04 UTC 2018 About to sleep for 5.0 seconds before running or rerunning.  Test is: /home/travis/build/icyphy/ptII/ptolemy/actor/lib/jjs/modules/userInterface/demo/UserInterface/UserInterfaceInteractive.xml
Done sleeping
Running .UserInterfaceInteractive
BrowserLauncher: UnsupportedOperation: http://localhost:8090: java.lang.UnsupportedOperationException: The BROWSE action is not supported on the current platform!
ExportHTMLTimer went off after 30000 ms., calling getDirector().finish and getDirector().stopFire()
UserInterface: Connection closed because model is no longer running. (Thread[AWT-EventQueue-0,6,main])
30024 ms. Memory: 1995264K Free: 940495K (47%)
Exported /home/travis/build/icyphy/ptII/ptolemy/actor/lib/jjs/modules/userInterface/demo/UserInterface/UserInterfaceInteractive/index.html
35244 ms. Memory: 1995264K Free: 897122K (45%)
####### 26 Sun May 13 01:34:45 UTC 2018 $PTII/bin/ptinvoke ptolemy.vergil.basic.export.ExportModel -force htm -run -openComposites -timeOut 30000 -whiteBackground ptolemy/actor/lib/jjs/modules/userInterface/demo/UserInterface/UserInterfaceRamp.xml $PTII/ptolemy/actor/lib/jjs/modules/userInterface/demo/UserInterface/UserInterfaceRamp
----------------- Sun May 13 01:34:45 UTC 2018 About to sleep for 5.0 seconds before running or rerunning.  Test is: /home/travis/build/icyphy/ptII/ptolemy/actor/lib/jjs/modules/userInterface/demo/UserInterface/UserInterfaceRamp.xml
Done sleeping
Running .UserInterfaceRamp
BrowserLauncher: UnsupportedOperation: http://localhost:8089: java.lang.UnsupportedOperationException: The BROWSE action is not supported on the current platform!
UserInterface: Connection closed because model is no longer running. (Thread[AWT-EventQueue-0,6,main])
13306 ms. Memory: 2010624K Free: 915848K (46%)
Exported /home/travis/build/icyphy/ptII/ptolemy/actor/lib/jjs/modules/userInterface/demo/UserInterface/UserInterfaceRamp/index.html
18875 ms. Memory: 2010624K Free: 868791K (43%)
####### 27 Sun May 13 01:35:08 UTC 2018 $PTII/bin/ptinvoke ptolemy.vergil.basic.export.ExportModel -force htm -run -openComposites -timeOut 30000 -whiteBackground ptolemy/actor/lib/jjs/modules/userInterface/demo/UserInterface/UserInterfaceUpdate.xml $PTII/ptolemy/actor/lib/jjs/modules/userInterface/demo/UserInterface/UserInterfaceUpdate
----------------- Sun May 13 01:35:08 UTC 2018 About to sleep for 5.0 seconds before running or rerunning.  Test is: /home/travis/build/icyphy/ptII/ptolemy/actor/lib/jjs/modules/userInterface/demo/UserInterface/UserInterfaceUpdate.xml
Done sleeping
Running .UserInterfaceUpdate
BrowserLauncher: UnsupportedOperation: http://localhost:8090: java.lang.UnsupportedOperationException: The BROWSE action is not supported on the current platform!
UserInterface: Connection closed because model is no longer running. (Thread[AWT-EventQueue-0,6,main])
13515 ms. Memory: 1967104K Free: 459808K (23%)
Exported /home/travis/build/icyphy/ptII/ptolemy/actor/lib/jjs/modules/userInterface/demo/UserInterface/UserInterfaceUpdate/index.html
19788 ms. Memory: 1967104K Free: 435450K (22%)
####### 28 Sun May 13 01:35:33 UTC 2018 $PTII/bin/ptinvoke ptolemy.vergil.basic.export.ExportModel -force htm -run -openComposites -timeOut 30000 -whiteBackground ptolemy/actor/lib/jjs/modules/userInterface/demo/UserInterface/UserInterfaceVideo.xml $PTII/ptolemy/actor/lib/jjs/modules/userInterface/demo/UserInterface/UserInterfaceVideo
----------------- Sun May 13 01:35:33 UTC 2018 About to sleep for 5.0 seconds before running or rerunning.  Test is: /home/travis/build/icyphy/ptII/ptolemy/actor/lib/jjs/modules/userInterface/demo/UserInterface/UserInterfaceVideo.xml
Done sleeping
Running .UserInterfaceVideo
BrowserLauncher: UnsupportedOperation: http://localhost:8090: java.lang.UnsupportedOperationException: The BROWSE action is not supported on the current platform!
ExportHTMLTimer went off after 30000 ms., calling getDirector().finish and getDirector().stopFire()
UserInterface: Connection closed because model is no longer running. (Thread[AWT-EventQueue-0,6,main])
30048 ms. Memory: 2054144K Free: 958484K (47%)
Exported /home/travis/build/icyphy/ptII/ptolemy/actor/lib/jjs/modules/userInterface/demo/UserInterface/UserInterfaceVideo/index.html
36030 ms. Memory: 2054144K Free: 922558K (45%)
####### 29 Sun May 13 01:36:14 UTC 2018 $PTII/bin/ptinvoke ptolemy.vergil.basic.export.ExportModel -force htm -run -openComposites -timeOut 30000 -whiteBackground ptolemy/actor/lib/jjs/modules/webSocket/demo/SpeakingServerListeningClient/SpeakingServerListeningClient.xml $PTII/ptolemy/actor/lib/jjs/modules/webSocket/demo/SpeakingServerListeningClient/SpeakingServerListeningClient
----------------- Sun May 13 01:36:14 UTC 2018 About to sleep for 5.0 seconds before running or rerunning.  Test is: /home/travis/build/icyphy/ptII/ptolemy/actor/lib/jjs/modules/webSocket/demo/SpeakingServerListeningClient/SpeakingServerListeningClient.xml
Done sleeping
Running .SpeakingServerListeningClient
WSServer: *** server initialized. (Thread[AWT-EventQueue-0,6,main])
WSServer: *** server is listenting. (Thread[vert.x-eventloop-thread-0,6,main])
WSClient1: --- client 1 initialized. (Thread[AWT-EventQueue-0,6,main])
WSServer: *** server received connection 0 (Thread[vert.x-eventloop-thread-0,6,main])
WSClient1: --- client 1 connection open. Sending message to server. (Thread[vert.x-eventloop-thread-2,6,main])
WSClient2: +++ client 2 initialized. (Thread[AWT-EventQueue-0,6,main])
WSServer: *** server received message: Hello from the client (Thread[AWT-EventQueue-0,6,main])
WSClient1: --- client 1 received message: Hello to client number 1 (Thread[AWT-EventQueue-0,6,main])
WSServer: *** server wrapping up. (Thread[AWT-EventQueue-0,6,main])
WSClient1: --- client 1 wrapping up. (Thread[AWT-EventQueue-0,6,main])
WSClient1: Connection closed because model is no longer running. (Thread[AWT-EventQueue-0,6,main])
WSClient2: +++ client 2 wrapping up. (Thread[AWT-EventQueue-0,6,main])
WSClient2: Connection closed because model is no longer running. (Thread[AWT-EventQueue-0,6,main])
6239 ms. Memory: 2059776K Free: 848222K (41%)
Exported /home/travis/build/icyphy/ptII/ptolemy/actor/lib/jjs/modules/webSocket/demo/SpeakingServerListeningClient/SpeakingServerListeningClient/index.html
12425 ms. Memory: 2059776K Free: 815654K (40%)
####### 30 Sun May 13 01:36:32 UTC 2018 $PTII/bin/ptinvoke ptolemy.vergil.basic.export.ExportModel -force htm -run -openComposites -timeOut 30000 -whiteBackground ptolemy/actor/lib/jjs/modules/webSocket/demo/TwoWebSockets/TwoWebSockets.xml $PTII/ptolemy/actor/lib/jjs/modules/webSocket/demo/TwoWebSockets/TwoWebSockets
----------------- Sun May 13 01:36:32 UTC 2018 About to sleep for 5.0 seconds before running or rerunning.  Test is: /home/travis/build/icyphy/ptII/ptolemy/actor/lib/jjs/modules/webSocket/demo/TwoWebSockets/TwoWebSockets.xml
Done sleeping
Running .TwoWebSockets
JavaScript: Connection failed. Will try again: Connection refused: localhost/127.0.0.1:8080/nConnection refused (Thread[vert.x-eventloop-thread-1,6,main])
JavaScript: Connection failed. Will try again: Connection refused: localhost/127.0.0.1:1984/nConnection refused (Thread[vert.x-eventloop-thread-1,6,main])
JavaScript: Connection failed. Will try again: Connection refused: localhost/127.0.0.1:8080/nConnection refused (Thread[vert.x-eventloop-thread-1,6,main])
JavaScript: Connection failed. Will try again: Connection refused: localhost/127.0.0.1:1984/nConnection refused (Thread[vert.x-eventloop-thread-1,6,main])
JavaScript: Connection failed. Will try again: Connection refused: localhost/127.0.0.1:8080/nConnection refused (Thread[vert.x-eventloop-thread-1,6,main])
JavaScript: Connection failed. Will try again: Connection refused: localhost/127.0.0.1:1984/nConnection refused (Thread[vert.x-eventloop-thread-1,6,main])
JavaScript: Connection failed. Will try again: Connection refused: localhost/127.0.0.1:8080/nConnection refused (Thread[vert.x-eventloop-thread-1,6,main])
JavaScript: Connection failed. Will try again: Connection refused: localhost/127.0.0.1:1984/nConnection refused (Thread[vert.x-eventloop-thread-1,6,main])
JavaScript: Connection failed. Will try again: Connection refused: localhost/127.0.0.1:8080/nConnection refused (Thread[vert.x-eventloop-thread-1,6,main])
JavaScript: Connection failed. Will try again: Connection refused: localhost/127.0.0.1:1984/nConnection refused (Thread[vert.x-eventloop-thread-1,6,main])
JavaScript: Connection failed. Will try again: Connection refused: localhost/127.0.0.1:8080/nConnection refused (Thread[vert.x-eventloop-thread-1,6,main])
JavaScript: Connection failed. Will try again: Connection refused: localhost/127.0.0.1:1984/nConnection refused (Thread[vert.x-eventloop-thread-1,6,main])
JavaScript: Connection failed. Will try again: Connection refused: localhost/127.0.0.1:8080/nConnection refused (Thread[vert.x-eventloop-thread-1,6,main])
JavaScript: Connection failed. Will try again: Connection refused: localhost/127.0.0.1:1984/nConnection refused (Thread[vert.x-eventloop-thread-1,6,main])
JavaScript: Connection failed. Will try again: Connection refused: localhost/127.0.0.1:8080/nConnection refused (Thread[vert.x-eventloop-thread-1,6,main])
JavaScript: Connection failed. Will try again: Connection refused: localhost/127.0.0.1:1984/nConnection refused (Thread[vert.x-eventloop-thread-1,6,main])
JavaScript: Connection failed. Will try again: Connection refused: localhost/127.0.0.1:8080/nConnection refused (Thread[vert.x-eventloop-thread-1,6,main])
JavaScript: Connection failed. Will try again: Connection refused: localhost/127.0.0.1:1984/nConnection refused (Thread[vert.x-eventloop-thread-1,6,main])
JavaScript: Connection failed. Will try again: Connection refused: localhost/127.0.0.1:8080/nConnection refused (Thread[vert.x-eventloop-thread-1,6,main])
JavaScript: Connection failed. Will try again: Connection refused: localhost/127.0.0.1:1984/nConnection refused (Thread[vert.x-eventloop-thread-1,6,main])
5991 ms. Memory: 2032128K Free: 1303461K (64%)
Exported /home/travis/build/icyphy/ptII/ptolemy/actor/lib/jjs/modules/webSocket/demo/TwoWebSockets/TwoWebSockets/index.html
10761 ms. Memory: 2032128K Free: 1284816K (63%)
####### 31 Sun May 13 01:36:48 UTC 2018 $PTII/bin/ptinvoke ptolemy.vergil.basic.export.ExportModel -force htm -run -openComposites -timeOut 30000 -whiteBackground ptolemy/actor/lib/jjs/modules/webSocket/demo/WebSocketChat/Client.xml $PTII/ptolemy/actor/lib/jjs/modules/webSocket/demo/WebSocketChat/Client
----------------- Sun May 13 01:36:48 UTC 2018 About to sleep for 5.0 seconds before running or rerunning.  Test is: /home/travis/build/icyphy/ptII/ptolemy/actor/lib/jjs/modules/webSocket/demo/WebSocketChat/Client.xml
Done sleeping
.Client.InteractiveDialog invoked SwingUtilities.invokeAndWait()
Model ".Client" contains actors such cannot be run  as part of the export process from ExportModel or it has a WebExportParameters value that runBeforeExport set to false. To export run this model and export it, use vergil.
Exported /home/travis/build/icyphy/ptII/ptolemy/actor/lib/jjs/modules/webSocket/demo/WebSocketChat/Client/index.html
4163 ms. Memory: 2032128K Free: 1027028K (51%)
####### 32 Sun May 13 01:36:57 UTC 2018 $PTII/bin/ptinvoke ptolemy.vergil.basic.export.ExportModel -force htm -run -openComposites -timeOut 30000 -whiteBackground ptolemy/actor/lib/jjs/modules/webSocket/demo/WebSocketChat/SecureClient.xml $PTII/ptolemy/actor/lib/jjs/modules/webSocket/demo/WebSocketChat/SecureClient
----------------- Sun May 13 01:36:57 UTC 2018 About to sleep for 5.0 seconds before running or rerunning.  Test is: /home/travis/build/icyphy/ptII/ptolemy/actor/lib/jjs/modules/webSocket/demo/WebSocketChat/SecureClient.xml
Done sleeping
.SecureClient.InteractiveDialog invoked SwingUtilities.invokeAndWait()
Model ".SecureClient" contains actors such cannot be run  as part of the export process from ExportModel or it has a WebExportParameters value that runBeforeExport set to false. To export run this model and export it, use vergil.
Exported /home/travis/build/icyphy/ptII/ptolemy/actor/lib/jjs/modules/webSocket/demo/WebSocketChat/SecureClient/index.html
3720 ms. Memory: 2032128K Free: 766656K (38%)
####### 33 Sun May 13 01:37:05 UTC 2018 $PTII/bin/ptinvoke ptolemy.vergil.basic.export.ExportModel -force htm -run -openComposites -timeOut 30000 -whiteBackground ptolemy/actor/lib/jjs/modules/webSocket/demo/WebSocketChat/SecureServer.xml $PTII/ptolemy/actor/lib/jjs/modules/webSocket/demo/WebSocketChat/SecureServer
----------------- Sun May 13 01:37:05 UTC 2018 About to sleep for 5.0 seconds before running or rerunning.  Test is: /home/travis/build/icyphy/ptII/ptolemy/actor/lib/jjs/modules/webSocket/demo/WebSocketChat/SecureServer.xml
Done sleeping
Running .SecureServer
ExportHTMLTimer went off after 30000 ms., calling getDirector().finish and getDirector().stopFire()
30012 ms. Memory: 2046464K Free: 1317586K (64%)
Exported /home/travis/build/icyphy/ptII/ptolemy/actor/lib/jjs/modules/webSocket/demo/WebSocketChat/SecureServer/index.html
34925 ms. Memory: 2046464K Free: 1295842K (63%)
####### 34 Sun May 13 01:37:45 UTC 2018 $PTII/bin/ptinvoke ptolemy.vergil.basic.export.ExportModel -force htm -run -openComposites -timeOut 30000 -whiteBackground ptolemy/actor/lib/jjs/modules/webSocket/demo/WebSocketChat/Server.xml $PTII/ptolemy/actor/lib/jjs/modules/webSocket/demo/WebSocketChat/Server
----------------- Sun May 13 01:37:45 UTC 2018 About to sleep for 5.0 seconds before running or rerunning.  Test is: /home/travis/build/icyphy/ptII/ptolemy/actor/lib/jjs/modules/webSocket/demo/WebSocketChat/Server.xml
Done sleeping
Running .Server
ExportHTMLTimer went off after 30000 ms., calling getDirector().finish and getDirector().stopFire()
30014 ms. Memory: 2046464K Free: 857400K (42%)
Exported /home/travis/build/icyphy/ptII/ptolemy/actor/lib/jjs/modules/webSocket/demo/WebSocketChat/Server/index.html
34700 ms. Memory: 2046464K Free: 837518K (41%)
####### 35 Sun May 13 01:38:25 UTC 2018 $PTII/bin/ptinvoke ptolemy.vergil.basic.export.ExportModel -force htm  -openComposites -timeOut 30000 -whiteBackground ptolemy/actor/lib/jjs/modules/webSocket/demo/WebSocketChat/WebSocketChat.xml $PTII/ptolemy/actor/lib/jjs/modules/webSocket/demo/WebSocketChat/WebSocketChat
Warning: not running ptolemy/actor/lib/jjs/modules/webSocket/demo/WebSocketChat/WebSocketChat.xml. See ptolemy/vergil/basic/export/test/junit/ExportModelJUnitTest.java
----------------- Sun May 13 01:38:25 UTC 2018 About to sleep for 5.0 seconds before running or rerunning.  Test is: /home/travis/build/icyphy/ptII/ptolemy/actor/lib/jjs/modules/webSocket/demo/WebSocketChat/WebSocketChat.xml
Done sleeping
Exported /home/travis/build/icyphy/ptII/ptolemy/actor/lib/jjs/modules/webSocket/demo/WebSocketChat/WebSocketChat/index.html
3181 ms. Memory: 2046464K Free: 705333K (34%)
####### 36 Sun May 13 01:38:33 UTC 2018 $PTII/bin/ptinvoke ptolemy.vergil.basic.export.ExportModel -force htm  -openComposites -timeOut 30000 -whiteBackground ptolemy/actor/lib/jjs/modules/webSocket/demo/WebSocketClient/WebSocketClient.xml $PTII/ptolemy/actor/lib/jjs/modules/webSocket/demo/WebSocketClient/WebSocketClient
Warning: not running ptolemy/actor/lib/jjs/modules/webSocket/demo/WebSocketClient/WebSocketClient.xml. See ptolemy/vergil/basic/export/test/junit/ExportModelJUnitTest.java
----------------- Sun May 13 01:38:33 UTC 2018 About to sleep for 5.0 seconds before running or rerunning.  Test is: /home/travis/build/icyphy/ptII/ptolemy/actor/lib/jjs/modules/webSocket/demo/WebSocketClient/WebSocketClient.xml
Done sleeping
Exported /home/travis/build/icyphy/ptII/ptolemy/actor/lib/jjs/modules/webSocket/demo/WebSocketClient/WebSocketClient/index.html
3886 ms. Memory: 2046976K Free: 1406112K (69%)
####### 37 Sun May 13 01:38:42 UTC 2018 $PTII/bin/ptinvoke ptolemy.vergil.basic.export.ExportModel -force htm -run -openComposites -timeOut 30000 -whiteBackground ptolemy/actor/lib/jjs/modules/webSocket/demo/WebSocketClient/WebSocketServer.xml $PTII/ptolemy/actor/lib/jjs/modules/webSocket/demo/WebSocketClient/WebSocketServer
----------------- Sun May 13 01:38:42 UTC 2018 About to sleep for 5.0 seconds before running or rerunning.  Test is: /home/travis/build/icyphy/ptII/ptolemy/actor/lib/jjs/modules/webSocket/demo/WebSocketClient/WebSocketServer.xml
Done sleeping
Running .WebSocketServer
ExportHTMLTimer went off after 30000 ms., calling getDirector().finish and getDirector().stopFire()
30017 ms. Memory: 2046976K Free: 642255K (31%)
Exported /home/travis/build/icyphy/ptII/ptolemy/actor/lib/jjs/modules/webSocket/demo/WebSocketClient/WebSocketServer/index.html
35432 ms. Memory: 2046976K Free: 620936K (30%)
####### 38 Sun May 13 01:39:23 UTC 2018 $PTII/bin/ptinvoke ptolemy.vergil.basic.export.ExportModel -force htm -run -openComposites -timeOut 30000 -whiteBackground ptolemy/actor/lib/jjs/modules/webSocket/demo/WebSocketFullDuplex/WebSocketFullDuplex.xml $PTII/ptolemy/actor/lib/jjs/modules/webSocket/demo/WebSocketFullDuplex/WebSocketFullDuplex
----------------- Sun May 13 01:39:23 UTC 2018 About to sleep for 5.0 seconds before running or rerunning.  Test is: /home/travis/build/icyphy/ptII/ptolemy/actor/lib/jjs/modules/webSocket/demo/WebSocketFullDuplex/WebSocketFullDuplex.xml
Done sleeping
Running .WebSocketFullDuplex
WebSocketServer: WebSocketServer message(): 0, typeof message: number (Thread[AWT-EventQueue-0,6,main])
WebSocketServer: WebSocketServer message(): -1, typeof message: number (Thread[AWT-EventQueue-0,6,main])
WebSocketServer: WebSocketServer message(): -2, typeof message: number (Thread[AWT-EventQueue-0,6,main])
WebSocketServer: WebSocketServer message(): -3, typeof message: number (Thread[AWT-EventQueue-0,6,main])
WebSocketServer: WebSocketServer message(): -4, typeof message: number (Thread[AWT-EventQueue-0,6,main])
WebSocketServer: WebSocketServer message(): -5, typeof message: number (Thread[AWT-EventQueue-0,6,main])
WebSocketServer: WebSocketServer message(): -6, typeof message: number (Thread[AWT-EventQueue-0,6,main])
WebSocketServer: WebSocketServer message(): -7, typeof message: number (Thread[AWT-EventQueue-0,6,main])
WebSocketServer: WebSocketServer message(): -8, typeof message: number (Thread[AWT-EventQueue-0,6,main])
WebSocketServer: WebSocketServer message(): -9, typeof message: number (Thread[AWT-EventQueue-0,6,main])
WebSocketServer: WebSocketServer message(): -10, typeof message: number (Thread[AWT-EventQueue-0,6,main])
WebSocketServer: WebSocketServer message(): -11, typeof message: number (Thread[AWT-EventQueue-0,6,main])
WebSocketServer: WebSocketServer message(): -12, typeof message: number (Thread[AWT-EventQueue-0,6,main])
WebSocketServer: WebSocketServer message(): -13, typeof message: number (Thread[AWT-EventQueue-0,6,main])
WebSocketServer: WebSocketServer message(): -14, typeof message: number (Thread[AWT-EventQueue-0,6,main])
WebSocketServer: WebSocketServer message(): -15, typeof message: number (Thread[AWT-EventQueue-0,6,main])
WebSocketServer: WebSocketServer message(): -16, typeof message: number (Thread[AWT-EventQueue-0,6,main])
WebSocketServer: WebSocketServer message(): -17, typeof message: number (Thread[AWT-EventQueue-0,6,main])
WebSocketServer: WebSocketServer message(): -18, typeof message: number (Thread[AWT-EventQueue-0,6,main])
WebSocketServer: WebSocketServer message(): -19, typeof message: number (Thread[AWT-EventQueue-0,6,main])
WebSocketServer: WebSocketServer message(): -20, typeof message: number (Thread[AWT-EventQueue-0,6,main])
WebSocketServer: WebSocketServer message(): -21, typeof message: number (Thread[AWT-EventQueue-0,6,main])
WebSocketServer: WebSocketServer message(): -22, typeof message: number (Thread[AWT-EventQueue-0,6,main])
WebSocketServer: WebSocketServer message(): -23, typeof message: number (Thread[AWT-EventQueue-0,6,main])
WebSocketServer: WebSocketServer message(): -24, typeof message: number (Thread[AWT-EventQueue-0,6,main])
WebSocketServer: WebSocketServer message(): -25, typeof message: number (Thread[AWT-EventQueue-0,6,main])
WebSocketServer: WebSocketServer message(): -26, typeof message: number (Thread[AWT-EventQueue-0,6,main])
WebSocketServer: WebSocketServer message(): -27, typeof message: number (Thread[AWT-EventQueue-0,6,main])
WebSocketServer: WebSocketServer message(): -28, typeof message: number (Thread[AWT-EventQueue-0,6,main])
WebSocketServer: WebSocketServer message(): -29, typeof message: number (Thread[AWT-EventQueue-0,6,main])
WebSocketServer: WebSocketServer message(): -30, typeof message: number (Thread[AWT-EventQueue-0,6,main])
WebSocketServer: WebSocketServer message(): -31, typeof message: number (Thread[AWT-EventQueue-0,6,main])
WebSocketServer: WebSocketServer message(): -32, typeof message: number (Thread[AWT-EventQueue-0,6,main])
WebSocketServer: WebSocketServer message(): -33, typeof message: number (Thread[AWT-EventQueue-0,6,main])
WebSocketServer: WebSocketServer message(): -34, typeof message: number (Thread[AWT-EventQueue-0,6,main])
WebSocketServer: WebSocketServer message(): -35, typeof message: number (Thread[AWT-EventQueue-0,6,main])
WebSocketServer: WebSocketServer message(): -36, typeof message: number (Thread[AWT-EventQueue-0,6,main])
WebSocketServer: WebSocketServer message(): -37, typeof message: number (Thread[AWT-EventQueue-0,6,main])
WebSocketServer: WebSocketServer message(): -38, typeof message: number (Thread[AWT-EventQueue-0,6,main])
WebSocketServer: WebSocketServer message(): -39, typeof message: number (Thread[AWT-EventQueue-0,6,main])
WebSocketServer: WebSocketServer message(): -40, typeof message: number (Thread[AWT-EventQueue-0,6,main])
WebSocketServer: WebSocketServer message(): -41, typeof message: number (Thread[AWT-EventQueue-0,6,main])
WebSocketServer: WebSocketServer message(): -42, typeof message: number (Thread[AWT-EventQueue-0,6,main])
WebSocketServer: WebSocketServer message(): -43, typeof message: number (Thread[AWT-EventQueue-0,6,main])
WebSocketServer: WebSocketServer message(): -44, typeof message: number (Thread[AWT-EventQueue-0,6,main])
WebSocketServer: WebSocketServer message(): -45, typeof message: number (Thread[AWT-EventQueue-0,6,main])
WebSocketServer: WebSocketServer message(): -46, typeof message: number (Thread[AWT-EventQueue-0,6,main])
WebSocketServer: WebSocketServer message(): -47, typeof message: number (Thread[AWT-EventQueue-0,6,main])
WebSocketServer: WebSocketServer message(): -48, typeof message: number (Thread[AWT-EventQueue-0,6,main])
WebSocketServer: WebSocketServer message(): -49, typeof message: number (Thread[AWT-EventQueue-0,6,main])
WebSocketServer: WebSocketServer message(): -50, typeof message: number (Thread[AWT-EventQueue-0,6,main])
WebSocketServer: WebSocketServer message(): -51, typeof message: number (Thread[AWT-EventQueue-0,6,main])
WebSocketServer: WebSocketServer message(): -52, typeof message: number (Thread[AWT-EventQueue-0,6,main])
WebSocketServer: WebSocketServer message(): -53, typeof message: number (Thread[AWT-EventQueue-0,6,main])
WebSocketServer: WebSocketServer message(): -54, typeof message: number (Thread[AWT-EventQueue-0,6,main])
WebSocketServer: WebSocketServer message(): -55, typeof message: number (Thread[AWT-EventQueue-0,6,main])
WebSocketServer: WebSocketServer message(): -56, typeof message: number (Thread[AWT-EventQueue-0,6,main])
WebSocketServer: WebSocketServer message(): -57, typeof message: number (Thread[AWT-EventQueue-0,6,main])
WebSocketServer: WebSocketServer message(): -58, typeof message: number (Thread[AWT-EventQueue-0,6,main])
WebSocketServer: WebSocketServer message(): -59, typeof message: number (Thread[AWT-EventQueue-0,6,main])
WebSocketServer: WebSocketServer message(): -60, typeof message: number (Thread[AWT-EventQueue-0,6,main])
WebSocketServer: WebSocketServer message(): -61, typeof message: number (Thread[AWT-EventQueue-0,6,main])
WebSocketServer: WebSocketServer message(): -62, typeof message: number (Thread[AWT-EventQueue-0,6,main])
WebSocketServer: WebSocketServer message(): -63, typeof message: number (Thread[AWT-EventQueue-0,6,main])
WebSocketServer: WebSocketServer message(): -64, typeof message: number (Thread[AWT-EventQueue-0,6,main])
WebSocketServer: WebSocketServer message(): -65, typeof message: number (Thread[AWT-EventQueue-0,6,main])
WebSocketServer: WebSocketServer message(): -66, typeof message: number (Thread[AWT-EventQueue-0,6,main])
WebSocketServer: WebSocketServer message(): -67, typeof message: number (Thread[AWT-EventQueue-0,6,main])
WebSocketServer: WebSocketServer message(): -68, typeof message: number (Thread[AWT-EventQueue-0,6,main])
WebSocketServer: WebSocketServer message(): -69, typeof message: number (Thread[AWT-EventQueue-0,6,main])
WebSocketServer: WebSocketServer message(): -70, typeof message: number (Thread[AWT-EventQueue-0,6,main])
WebSocketServer: WebSocketServer message(): -71, typeof message: number (Thread[AWT-EventQueue-0,6,main])
WebSocketServer: WebSocketServer message(): -72, typeof message: number (Thread[AWT-EventQueue-0,6,main])
WebSocketServer: WebSocketServer message(): -73, typeof message: number (Thread[AWT-EventQueue-0,6,main])
WebSocketServer: WebSocketServer message(): -74, typeof message: number (Thread[AWT-EventQueue-0,6,main])
WebSocketServer: WebSocketServer message(): -75, typeof message: number (Thread[AWT-EventQueue-0,6,main])
WebSocketServer: WebSocketServer message(): -76, typeof message: number (Thread[AWT-EventQueue-0,6,main])
WebSocketServer: WebSocketServer message(): -77, typeof message: number (Thread[AWT-EventQueue-0,6,main])
WebSocketServer: WebSocketServer message(): -78, typeof message: number (Thread[AWT-EventQueue-0,6,main])
WebSocketServer: WebSocketServer message(): -79, typeof message: number (Thread[AWT-EventQueue-0,6,main])
WebSocketServer: WebSocketServer message(): -80, typeof message: number (Thread[AWT-EventQueue-0,6,main])
WebSocketServer: WebSocketServer message(): -81, typeof message: number (Thread[AWT-EventQueue-0,6,main])
WebSocketServer: WebSocketServer message(): -82, typeof message: number (Thread[AWT-EventQueue-0,6,main])
WebSocketServer: WebSocketServer message(): -83, typeof message: number (Thread[AWT-EventQueue-0,6,main])
WebSocketServer: WebSocketServer message(): -84, typeof message: number (Thread[AWT-EventQueue-0,6,main])
WebSocketServer: WebSocketServer message(): -85, typeof message: number (Thread[AWT-EventQueue-0,6,main])
WebSocketServer: WebSocketServer message(): -86, typeof message: number (Thread[AWT-EventQueue-0,6,main])
WebSocketServer: WebSocketServer message(): -87, typeof message: number (Thread[AWT-EventQueue-0,6,main])
WebSocketServer: WebSocketServer message(): -88, typeof message: number (Thread[AWT-EventQueue-0,6,main])
WebSocketServer: WebSocketServer message(): -89, typeof message: number (Thread[AWT-EventQueue-0,6,main])
WebSocketServer: WebSocketServer message(): -90, typeof message: number (Thread[AWT-EventQueue-0,6,main])
WebSocketServer: WebSocketServer message(): -91, typeof message: number (Thread[AWT-EventQueue-0,6,main])
WebSocketServer: WebSocketServer message(): -92, typeof message: number (Thread[AWT-EventQueue-0,6,main])
WebSocketServer: WebSocketServer message(): -93, typeof message: number (Thread[AWT-EventQueue-0,6,main])
WebSocketServer: WebSocketServer message(): -94, typeof message: number (Thread[AWT-EventQueue-0,6,main])
WebSocketServer: WebSocketServer message(): -95, typeof message: number (Thread[AWT-EventQueue-0,6,main])
WebSocketServer: WebSocketServer message(): -96, typeof message: number (Thread[AWT-EventQueue-0,6,main])
WebSocketServer: WebSocketServer message(): -97, typeof message: number (Thread[AWT-EventQueue-0,6,main])
WebSocketServer: WebSocketServer message(): -98, typeof message: number (Thread[AWT-EventQueue-0,6,main])
WebSocketServer: WebSocketServer message(): -99, typeof message: number (Thread[AWT-EventQueue-0,6,main])
WebSocketServer: WebSocketServer message(): -100, typeof message: number (Thread[AWT-EventQueue-0,6,main])
WebSocketClient: Connection closed because model is no longer running. (Thread[AWT-EventQueue-0,6,main])
2859 ms. Memory: 2062848K Free: 796658K (39%)
Exported /home/travis/build/icyphy/ptII/ptolemy/actor/lib/jjs/modules/webSocket/demo/WebSocketFullDuplex/WebSocketFullDuplex/index.html
8453 ms. Memory: 2062848K Free: 754847K (37%)
####### 39 Sun May 13 01:39:36 UTC 2018 $PTII/bin/ptinvoke ptolemy.vergil.basic.export.ExportModel -force htm -run -openComposites -timeOut 30000 -whiteBackground ptolemy/actor/lib/jjs/modules/webSocket/demo/WebSocketGraph/WebSocketGraph.xml $PTII/ptolemy/actor/lib/jjs/modules/webSocket/demo/WebSocketGraph/WebSocketGraph
----------------- Sun May 13 01:39:36 UTC 2018 About to sleep for 5.0 seconds before running or rerunning.  Test is: /home/travis/build/icyphy/ptII/ptolemy/actor/lib/jjs/modules/webSocket/demo/WebSocketGraph/WebSocketGraph.xml
Done sleeping
Running .WebSocketGraph
BrowserLauncher: UnsupportedOperation: http://localhost:8089: java.lang.UnsupportedOperationException: The BROWSE action is not supported on the current platform!
ExportHTMLTimer went off after 30000 ms., calling getDirector().finish and getDirector().stopFire()
UserInterface: Connection closed because model is no longer running. (Thread[AWT-EventQueue-0,6,main])
30071 ms. Memory: 2051584K Free: 635207K (31%)
Exported /home/travis/build/icyphy/ptII/ptolemy/actor/lib/jjs/modules/webSocket/demo/WebSocketGraph/WebSocketGraph/index.html
37988 ms. Memory: 2051584K Free: 611765K (30%)
####### 40 Sun May 13 01:40:19 UTC 2018 $PTII/bin/ptinvoke ptolemy.vergil.basic.export.ExportModel -force htm -run -openComposites -timeOut 30000 -whiteBackground ptolemy/actor/lib/jjs/modules/webSocket/demo/WebSocketImage/WebSocketImage.xml $PTII/ptolemy/actor/lib/jjs/modules/webSocket/demo/WebSocketImage/WebSocketImage
----------------- Sun May 13 01:40:19 UTC 2018 About to sleep for 5.0 seconds before running or rerunning.  Test is: /home/travis/build/icyphy/ptII/ptolemy/actor/lib/jjs/modules/webSocket/demo/WebSocketImage/WebSocketImage.xml
Done sleeping
Running .WebSocketImage
WebSocketClient: WebSocketClient: WebSocketClient.js: connect(): portValue: -1, which is less than 0. This could be a signal to close a previously open socket.  Returning. (Thread[AWT-EventQueue-0,6,main])
WebSocketServer: WebSocketServer message(): {type="class ptolemy.data.AWTImageToken", width="640", height="480"}, typeof message: object (Thread[AWT-EventQueue-0,6,main])
WebSocketServer: WebSocketServer message(): {type="class ptolemy.data.AWTImageToken", width="640", height="480"}, typeof message: object (Thread[AWT-EventQueue-0,6,main])
WebSocketServer: WebSocketServer message(): {type="class ptolemy.data.AWTImageToken", width="640", height="480"}, typeof message: object (Thread[AWT-EventQueue-0,6,main])
WebSocketServer: WebSocketServer message(): {type="class ptolemy.data.AWTImageToken", width="640", height="480"}, typeof message: object (Thread[AWT-EventQueue-0,6,main])
WebSocketServer: WebSocketServer message(): {type="class ptolemy.data.AWTImageToken", width="640", height="480"}, typeof message: object (Thread[AWT-EventQueue-0,6,main])
WebSocketServer: WebSocketServer message(): {type="class ptolemy.data.AWTImageToken", width="640", height="480"}, typeof message: object (Thread[AWT-EventQueue-0,6,main])
WebSocketServer: WebSocketServer message(): {type="class ptolemy.data.AWTImageToken", width="640", height="480"}, typeof message: object (Thread[AWT-EventQueue-0,6,main])
WebSocketServer: WebSocketServer message(): {type="class ptolemy.data.AWTImageToken", width="640", height="480"}, typeof message: object (Thread[AWT-EventQueue-0,6,main])
WebSocketServer: WebSocketServer message(): {type="class ptolemy.data.AWTImageToken", width="640", height="480"}, typeof message: object (Thread[AWT-EventQueue-0,6,main])
WebSocketServer: WebSocketServer message(): {type="class ptolemy.data.AWTImageToken", width="640", height="480"}, typeof message: object (Thread[AWT-EventQueue-0,6,main])
WebSocketServer: WebSocketServer message(): {type="class ptolemy.data.AWTImageToken", width="640", height="480"}, typeof message: object (Thread[AWT-EventQueue-0,6,main])
WebSocketServer: WebSocketServer message(): {type="class ptolemy.data.AWTImageToken", width="640", height="480"}, typeof message: object (Thread[AWT-EventQueue-0,6,main])
WebSocketServer: WebSocketServer message(): {type="class ptolemy.data.AWTImageToken", width="640", height="480"}, typeof message: object (Thread[AWT-EventQueue-0,6,main])
WebSocketServer: WebSocketServer message(): {type="class ptolemy.data.AWTImageToken", width="640", height="480"}, typeof message: object (Thread[AWT-EventQueue-0,6,main])
WebSocketServer: WebSocketServer message(): {type="class ptolemy.data.AWTImageToken", width="640", height="480"}, typeof message: object (Thread[AWT-EventQueue-0,6,main])
WebSocketServer: WebSocketServer message(): {type="class ptolemy.data.AWTImageToken", width="640", height="480"}, typeof message: object (Thread[AWT-EventQueue-0,6,main])
WebSocketServer: WebSocketServer message(): {type="class ptolemy.data.AWTImageToken", width="640", height="480"}, typeof message: object (Thread[AWT-EventQueue-0,6,main])
WebSocketServer: WebSocketServer message(): {type="class ptolemy.data.AWTImageToken", width="640", height="480"}, typeof message: object (Thread[AWT-EventQueue-0,6,main])
WebSocketServer: WebSocketServer message(): {type="class ptolemy.data.AWTImageToken", width="640", height="480"}, typeof message: object (Thread[AWT-EventQueue-0,6,main])
WebSocketServer: WebSocketServer message(): {type="class ptolemy.data.AWTImageToken", width="640", height="480"}, typeof message: object (Thread[AWT-EventQueue-0,6,main])
WebSocketServer: WebSocketServer message(): {type="class ptolemy.data.AWTImageToken", width="640", height="480"}, typeof message: object (Thread[AWT-EventQueue-0,6,main])
WebSocketServer: WebSocketServer message(): {type="class ptolemy.data.AWTImageToken", width="640", height="480"}, typeof message: object (Thread[AWT-EventQueue-0,6,main])
WebSocketServer: WebSocketServer message(): {type="class ptolemy.data.AWTImageToken", width="640", height="480"}, typeof message: object (Thread[AWT-EventQueue-0,6,main])
WebSocketServer: WebSocketServer message(): {type="class ptolemy.data.AWTImageToken", width="640", height="480"}, typeof message: object (Thread[AWT-EventQueue-0,6,main])
WebSocketServer: WebSocketServer message(): {type="class ptolemy.data.AWTImageToken", width="640", height="480"}, typeof message: object (Thread[AWT-EventQueue-0,6,main])
WebSocketServer: WebSocketServer message(): {type="class ptolemy.data.AWTImageToken", width="640", height="480"}, typeof message: object (Thread[AWT-EventQueue-0,6,main])
WebSocketServer: WebSocketServer message(): {type="class ptolemy.data.AWTImageToken", width="640", height="480"}, typeof message: object (Thread[AWT-EventQueue-0,6,main])
WebSocketServer: WebSocketServer message(): {type="class ptolemy.data.AWTImageToken", width="640", height="480"}, typeof message: object (Thread[AWT-EventQueue-0,6,main])
WebSocketServer: WebSocketServer message(): {type="class ptolemy.data.AWTImageToken", width="640", height="480"}, typeof message: object (Thread[AWT-EventQueue-0,6,main])
WebSocketServer: WebSocketServer message(): {type="class ptolemy.data.AWTImageToken", width="640", height="480"}, typeof message: object (Thread[AWT-EventQueue-0,6,main])
WebSocketServer: WebSocketServer message(): {type="class ptolemy.data.AWTImageToken", width="640", height="480"}, typeof message: object (Thread[AWT-EventQueue-0,6,main])
WebSocketServer: WebSocketServer message(): {type="class ptolemy.data.AWTImageToken", width="640", height="480"}, typeof message: object (Thread[AWT-EventQueue-0,6,main])
WebSocketServer: WebSocketServer message(): {type="class ptolemy.data.AWTImageToken", width="640", height="480"}, typeof message: object (Thread[AWT-EventQueue-0,6,main])
WebSocketServer: WebSocketServer message(): {type="class ptolemy.data.AWTImageToken", width="640", height="480"}, typeof message: object (Thread[AWT-EventQueue-0,6,main])
WebSocketServer: WebSocketServer message(): {type="class ptolemy.data.AWTImageToken", width="640", height="480"}, typeof message: object (Thread[AWT-EventQueue-0,6,main])
WebSocketServer: WebSocketServer message(): {type="class ptolemy.data.AWTImageToken", width="640", height="480"}, typeof message: object (Thread[AWT-EventQueue-0,6,main])
WebSocketServer: WebSocketServer message(): {type="class ptolemy.data.AWTImageToken", width="640", height="480"}, typeof message: object (Thread[AWT-EventQueue-0,6,main])
WebSocketServer: WebSocketServer message(): {type="class ptolemy.data.AWTImageToken", width="640", height="480"}, typeof message: object (Thread[AWT-EventQueue-0,6,main])
WebSocketServer: WebSocketServer message(): {type="class ptolemy.data.AWTImageToken", width="640", height="480"}, typeof message: object (Thread[AWT-EventQueue-0,6,main])
WebSocketServer: WebSocketServer message(): {type="class ptolemy.data.AWTImageToken", width="640", height="480"}, typeof message: object (Thread[AWT-EventQueue-0,6,main])
WebSocketServer: WebSocketServer message(): {type="class ptolemy.data.AWTImageToken", width="640", height="480"}, typeof message: object (Thread[AWT-EventQueue-0,6,main])
WebSocketServer: WebSocketServer message(): {type="class ptolemy.data.AWTImageToken", width="640", height="480"}, typeof message: object (Thread[AWT-EventQueue-0,6,main])
WebSocketServer: WebSocketServer message(): {type="class ptolemy.data.AWTImageToken", width="640", height="480"}, typeof message: object (Thread[AWT-EventQueue-0,6,main])
WebSocketServer: WebSocketServer message(): {type="class ptolemy.data.AWTImageToken", width="640", height="480"}, typeof message: object (Thread[AWT-EventQueue-0,6,main])
WebSocketServer: WebSocketServer message(): {type="class ptolemy.data.AWTImageToken", width="640", height="480"}, typeof message: object (Thread[AWT-EventQueue-0,6,main])
WebSocketServer: WebSocketServer message(): {type="class ptolemy.data.AWTImageToken", width="640", height="480"}, typeof message: object (Thread[AWT-EventQueue-0,6,main])
WebSocketServer: WebSocketServer message(): {type="class ptolemy.data.AWTImageToken", width="640", height="480"}, typeof message: object (Thread[AWT-EventQueue-0,6,main])
WebSocketServer: WebSocketServer message(): {type="class ptolemy.data.AWTImageToken", width="640", height="480"}, typeof message: object (Thread[AWT-EventQueue-0,6,main])
WebSocketServer: WebSocketServer message(): {type="class ptolemy.data.AWTImageToken", width="640", height="480"}, typeof message: object (Thread[AWT-EventQueue-0,6,main])
WebSocketServer: WebSocketServer message(): {type="class ptolemy.data.AWTImageToken", width="640", height="480"}, typeof message: object (Thread[AWT-EventQueue-0,6,main])
WebSocketServer: WebSocketServer message(): {type="class ptolemy.data.AWTImageToken", width="640", height="480"}, typeof message: object (Thread[AWT-EventQueue-0,6,main])
WebSocketServer: WebSocketServer message(): {type="class ptolemy.data.AWTImageToken", width="640", height="480"}, typeof message: object (Thread[AWT-EventQueue-0,6,main])
WebSocketServer: WebSocketServer message(): {type="class ptolemy.data.AWTImageToken", width="640", height="480"}, typeof message: object (Thread[AWT-EventQueue-0,6,main])
WebSocketServer: WebSocketServer message(): {type="class ptolemy.data.AWTImageToken", width="640", height="480"}, typeof message: object (Thread[AWT-EventQueue-0,6,main])
WebSocketServer: WebSocketServer message(): {type="class ptolemy.data.AWTImageToken", width="640", height="480"}, typeof message: object (Thread[AWT-EventQueue-0,6,main])
WebSocketServer: WebSocketServer message(): {type="class ptolemy.data.AWTImageToken", width="640", height="480"}, typeof message: object (Thread[AWT-EventQueue-0,6,main])
WebSocketServer: WebSocketServer message(): {type="class ptolemy.data.AWTImageToken", width="640", height="480"}, typeof message: object (Thread[AWT-EventQueue-0,6,main])
WebSocketServer: WebSocketServer message(): {type="class ptolemy.data.AWTImageToken", width="640", height="480"}, typeof message: object (Thread[AWT-EventQueue-0,6,main])
WebSocketServer: WebSocketServer message(): {type="class ptolemy.data.AWTImageToken", width="640", height="480"}, typeof message: object (Thread[AWT-EventQueue-0,6,main])
WebSocketServer: WebSocketServer message(): {type="class ptolemy.data.AWTImageToken", width="640", height="480"}, typeof message: object (Thread[AWT-EventQueue-0,6,main])
WebSocketServer: WebSocketServer message(): {type="class ptolemy.data.AWTImageToken", width="640", height="480"}, typeof message: object (Thread[AWT-EventQueue-0,6,main])
WebSocketServer: WebSocketServer message(): {type="class ptolemy.data.AWTImageToken", width="640", height="480"}, typeof message: object (Thread[AWT-EventQueue-0,6,main])
WebSocketServer: WebSocketServer message(): {type="class ptolemy.data.AWTImageToken", width="640", height="480"}, typeof message: object (Thread[AWT-EventQueue-0,6,main])
WebSocketServer: WebSocketServer message(): {type="class ptolemy.data.AWTImageToken", width="640", height="480"}, typeof message: object (Thread[AWT-EventQueue-0,6,main])
WebSocketServer: WebSocketServer message(): {type="class ptolemy.data.AWTImageToken", width="640", height="480"}, typeof message: object (Thread[AWT-EventQueue-0,6,main])
WebSocketServer: WebSocketServer message(): {type="class ptolemy.data.AWTImageToken", width="640", height="480"}, typeof message: object (Thread[AWT-EventQueue-0,6,main])
WebSocketServer: WebSocketServer message(): {type="class ptolemy.data.AWTImageToken", width="640", height="480"}, typeof message: object (Thread[AWT-EventQueue-0,6,main])
WebSocketServer: WebSocketServer message(): {type="class ptolemy.data.AWTImageToken", width="640", height="480"}, typeof message: object (Thread[AWT-EventQueue-0,6,main])
WebSocketServer: WebSocketServer message(): {type="class ptolemy.data.AWTImageToken", width="640", height="480"}, typeof message: object (Thread[AWT-EventQueue-0,6,main])
WebSocketServer: WebSocketServer message(): {type="class ptolemy.data.AWTImageToken", width="640", height="480"}, typeof message: object (Thread[AWT-EventQueue-0,6,main])
WebSocketServer: WebSocketServer message(): {type="class ptolemy.data.AWTImageToken", width="640", height="480"}, typeof message: object (Thread[AWT-EventQueue-0,6,main])
WebSocketServer: WebSocketServer message(): {type="class ptolemy.data.AWTImageToken", width="640", height="480"}, typeof message: object (Thread[AWT-EventQueue-0,6,main])
WebSocketServer: WebSocketServer message(): {type="class ptolemy.data.AWTImageToken", width="640", height="480"}, typeof message: object (Thread[AWT-EventQueue-0,6,main])
WebSocketServer: WebSocketServer message(): {type="class ptolemy.data.AWTImageToken", width="640", height="480"}, typeof message: object (Thread[AWT-EventQueue-0,6,main])
WebSocketServer: WebSocketServer message(): {type="class ptolemy.data.AWTImageToken", width="640", height="480"}, typeof message: object (Thread[AWT-EventQueue-0,6,main])
WebSocketServer: WebSocketServer message(): {type="class ptolemy.data.AWTImageToken", width="640", height="480"}, typeof message: object (Thread[AWT-EventQueue-0,6,main])
WebSocketServer: WebSocketServer message(): {type="class ptolemy.data.AWTImageToken", width="640", height="480"}, typeof message: object (Thread[AWT-EventQueue-0,6,main])
WebSocketServer: WebSocketServer message(): {type="class ptolemy.data.AWTImageToken", width="640", height="480"}, typeof message: object (Thread[AWT-EventQueue-0,6,main])
WebSocketServer: WebSocketServer message(): {type="class ptolemy.data.AWTImageToken", width="640", height="480"}, typeof message: object (Thread[AWT-EventQueue-0,6,main])
WebSocketServer: WebSocketServer message(): {type="class ptolemy.data.AWTImageToken", width="640", height="480"}, typeof message: object (Thread[AWT-EventQueue-0,6,main])
WebSocketServer: WebSocketServer message(): {type="class ptolemy.data.AWTImageToken", width="640", height="480"}, typeof message: object (Thread[AWT-EventQueue-0,6,main])
WebSocketServer: WebSocketServer message(): {type="class ptolemy.data.AWTImageToken", width="640", height="480"}, typeof message: object (Thread[AWT-EventQueue-0,6,main])
WebSocketServer: WebSocketServer message(): {type="class ptolemy.data.AWTImageToken", width="640", height="480"}, typeof message: object (Thread[AWT-EventQueue-0,6,main])
WebSocketServer: WebSocketServer message(): {type="class ptolemy.data.AWTImageToken", width="640", height="480"}, typeof message: object (Thread[AWT-EventQueue-0,6,main])
WebSocketServer: WebSocketServer message(): {type="class ptolemy.data.AWTImageToken", width="640", height="480"}, typeof message: object (Thread[AWT-EventQueue-0,6,main])
WebSocketServer: WebSocketServer message(): {type="class ptolemy.data.AWTImageToken", width="640", height="480"}, typeof message: object (Thread[AWT-EventQueue-0,6,main])
WebSocketServer: WebSocketServer message(): {type="class ptolemy.data.AWTImageToken", width="640", height="480"}, typeof message: object (Thread[AWT-EventQueue-0,6,main])
WebSocketServer: WebSocketServer message(): {type="class ptolemy.data.AWTImageToken", width="640", height="480"}, typeof message: object (Thread[AWT-EventQueue-0,6,main])
WebSocketServer: WebSocketServer message(): {type="class ptolemy.data.AWTImageToken", width="640", height="480"}, typeof message: object (Thread[AWT-EventQueue-0,6,main])
WebSocketServer: WebSocketServer message(): {type="class ptolemy.data.AWTImageToken", width="640", height="480"}, typeof message: object (Thread[AWT-EventQueue-0,6,main])
WebSocketServer: WebSocketServer message(): {type="class ptolemy.data.AWTImageToken", width="640", height="480"}, typeof message: object (Thread[AWT-EventQueue-0,6,main])
WebSocketServer: WebSocketServer message(): {type="class ptolemy.data.AWTImageToken", width="640", height="480"}, typeof message: object (Thread[AWT-EventQueue-0,6,main])
WebSocketServer: WebSocketServer message(): {type="class ptolemy.data.AWTImageToken", width="640", height="480"}, typeof message: object (Thread[AWT-EventQueue-0,6,main])
WebSocketServer: WebSocketServer message(): {type="class ptolemy.data.AWTImageToken", width="640", height="480"}, typeof message: object (Thread[AWT-EventQueue-0,6,main])
WebSocketServer: WebSocketServer message(): {type="class ptolemy.data.AWTImageToken", width="640", height="480"}, typeof message: object (Thread[AWT-EventQueue-0,6,main])
WebSocketServer: WebSocketServer message(): {type="class ptolemy.data.AWTImageToken", width="640", height="480"}, typeof message: object (Thread[AWT-EventQueue-0,6,main])
WebSocketServer: WebSocketServer message(): {type="class ptolemy.data.AWTImageToken", width="640", height="480"}, typeof message: object (Thread[AWT-EventQueue-0,6,main])
WebSocketServer: WebSocketServer message(): {type="class ptolemy.data.AWTImageToken", width="640", height="480"}, typeof message: object (Thread[AWT-EventQueue-0,6,main])
WebSocketServer: WebSocketServer message(): {type="class ptolemy.data.AWTImageToken", width="640", height="480"}, typeof message: object (Thread[AWT-EventQueue-0,6,main])
WebSocketServer: WebSocketServer message(): {type="class ptolemy.data.AWTImageToken", width="640", height="480"}, typeof message: object (Thread[AWT-EventQueue-0,6,main])
WebSocketServer: WebSocketServer message(): {type="class ptolemy.data.AWTImageToken", width="640", height="480"}, typeof message: object (Thread[AWT-EventQueue-0,6,main])
WebSocketServer: WebSocketServer message(): {type="class ptolemy.data.AWTImageToken", width="640", height="480"}, typeof message: object (Thread[AWT-EventQueue-0,6,main])
WebSocketServer: WebSocketServer message(): {type="class ptolemy.data.AWTImageToken", width="640", height="480"}, typeof message: object (Thread[AWT-EventQueue-0,6,main])
WebSocketServer: WebSocketServer message(): {type="class ptolemy.data.AWTImageToken", width="640", height="480"}, typeof message: object (Thread[AWT-EventQueue-0,6,main])
WebSocketServer: WebSocketServer message(): {type="class ptolemy.data.AWTImageToken", width="640", height="480"}, typeof message: object (Thread[AWT-EventQueue-0,6,main])
WebSocketServer: WebSocketServer message(): {type="class ptolemy.data.AWTImageToken", width="640", height="480"}, typeof message: object (Thread[AWT-EventQueue-0,6,main])
WebSocketServer: WebSocketServer message(): {type="class ptolemy.data.AWTImageToken", width="640", height="480"}, typeof message: object (Thread[AWT-EventQueue-0,6,main])
WebSocketServer: WebSocketServer message(): {type="class ptolemy.data.AWTImageToken", width="640", height="480"}, typeof message: object (Thread[AWT-EventQueue-0,6,main])
WebSocketServer: WebSocketServer message(): {type="class ptolemy.data.AWTImageToken", width="640", height="480"}, typeof message: object (Thread[AWT-EventQueue-0,6,main])
WebSocketServer: WebSocketServer message(): {type="class ptolemy.data.AWTImageToken", width="640", height="480"}, typeof message: object (Thread[AWT-EventQueue-0,6,main])
WebSocketServer: WebSocketServer message(): {type="class ptolemy.data.AWTImageToken", width="640", height="480"}, typeof message: object (Thread[AWT-EventQueue-0,6,main])
WebSocketServer: WebSocketServer message(): {type="class ptolemy.data.AWTImageToken", width="640", height="480"}, typeof message: object (Thread[AWT-EventQueue-0,6,main])
WebSocketServer: WebSocketServer message(): {type="class ptolemy.data.AWTImageToken", width="640", height="480"}, typeof message: object (Thread[AWT-EventQueue-0,6,main])
WebSocketServer: WebSocketServer message(): {type="class ptolemy.data.AWTImageToken", width="640", height="480"}, typeof message: object (Thread[AWT-EventQueue-0,6,main])
WebSocketServer: WebSocketServer message(): {type="class ptolemy.data.AWTImageToken", width="640", height="480"}, typeof message: object (Thread[AWT-EventQueue-0,6,main])
WebSocketServer: WebSocketServer message(): {type="class ptolemy.data.AWTImageToken", width="640", height="480"}, typeof message: object (Thread[AWT-EventQueue-0,6,main])
WebSocketServer: WebSocketServer message(): {type="class ptolemy.data.AWTImageToken", width="640", height="480"}, typeof message: object (Thread[AWT-EventQueue-0,6,main])
WebSocketServer: WebSocketServer message(): {type="class ptolemy.data.AWTImageToken", width="640", height="480"}, typeof message: object (Thread[AWT-EventQueue-0,6,main])
WebSocketServer: WebSocketServer message(): {type="class ptolemy.data.AWTImageToken", width="640", height="480"}, typeof message: object (Thread[AWT-EventQueue-0,6,main])
WebSocketServer: WebSocketServer message(): {type="class ptolemy.data.AWTImageToken", width="640", height="480"}, typeof message: object (Thread[AWT-EventQueue-0,6,main])
WebSocketServer: WebSocketServer message(): {type="class ptolemy.data.AWTImageToken", width="640", height="480"}, typeof message: object (Thread[AWT-EventQueue-0,6,main])
WebSocketServer: WebSocketServer message(): {type="class ptolemy.data.AWTImageToken", width="640", height="480"}, typeof message: object (Thread[AWT-EventQueue-0,6,main])
WebSocketServer: WebSocketServer message(): {type="class ptolemy.data.AWTImageToken", width="640", height="480"}, typeof message: object (Thread[AWT-EventQueue-0,6,main])
WebSocketServer: WebSocketServer message(): {type="class ptolemy.data.AWTImageToken", width="640", height="480"}, typeof message: object (Thread[AWT-EventQueue-0,6,main])
WebSocketServer: WebSocketServer message(): {type="class ptolemy.data.AWTImageToken", width="640", height="480"}, typeof message: object (Thread[AWT-EventQueue-0,6,main])
WebSocketServer: WebSocketServer message(): {type="class ptolemy.data.AWTImageToken", width="640", height="480"}, typeof message: object (Thread[AWT-EventQueue-0,6,main])
WebSocketServer: WebSocketServer message(): {type="class ptolemy.data.AWTImageToken", width="640", height="480"}, typeof message: object (Thread[AWT-EventQueue-0,6,main])
WebSocketServer: WebSocketServer message(): {type="class ptolemy.data.AWTImageToken", width="640", height="480"}, typeof message: object (Thread[AWT-EventQueue-0,6,main])
WebSocketServer: WebSocketServer message(): {type="class ptolemy.data.AWTImageToken", width="640", height="480"}, typeof message: object (Thread[AWT-EventQueue-0,6,main])
WebSocketServer: WebSocketServer message(): {type="class ptolemy.data.AWTImageToken", width="640", height="480"}, typeof message: object (Thread[AWT-EventQueue-0,6,main])
WebSocketServer: WebSocketServer message(): {type="class ptolemy.data.AWTImageToken", width="640", height="480"}, typeof message: object (Thread[AWT-EventQueue-0,6,main])
WebSocketServer: WebSocketServer message(): {type="class ptolemy.data.AWTImageToken", width="640", height="480"}, typeof message: object (Thread[AWT-EventQueue-0,6,main])
WebSocketServer: WebSocketServer message(): {type="class ptolemy.data.AWTImageToken", width="640", height="480"}, typeof message: object (Thread[AWT-EventQueue-0,6,main])
WebSocketServer: WebSocketServer message(): {type="class ptolemy.data.AWTImageToken", width="640", height="480"}, typeof message: object (Thread[AWT-EventQueue-0,6,main])
WebSocketServer: WebSocketServer message(): {type="class ptolemy.data.AWTImageToken", width="640", height="480"}, typeof message: object (Thread[AWT-EventQueue-0,6,main])
WebSocketServer: WebSocketServer message(): {type="class ptolemy.data.AWTImageToken", width="640", height="480"}, typeof message: object (Thread[AWT-EventQueue-0,6,main])
WebSocketServer: WebSocketServer message(): {type="class ptolemy.data.AWTImageToken", width="640", height="480"}, typeof message: object (Thread[AWT-EventQueue-0,6,main])
WebSocketServer: WebSocketServer message(): {type="class ptolemy.data.AWTImageToken", width="640", height="480"}, typeof message: object (Thread[AWT-EventQueue-0,6,main])
WebSocketServer: WebSocketServer message(): {type="class ptolemy.data.AWTImageToken", width="640", height="480"}, typeof message: object (Thread[AWT-EventQueue-0,6,main])
WebSocketServer: WebSocketServer message(): {type="class ptolemy.data.AWTImageToken", width="640", height="480"}, typeof message: object (Thread[AWT-EventQueue-0,6,main])
WebSocketServer: WebSocketServer message(): {type="class ptolemy.data.AWTImageToken", width="640", height="480"}, typeof message: object (Thread[AWT-EventQueue-0,6,main])
WebSocketServer: WebSocketServer message(): {type="class ptolemy.data.AWTImageToken", width="640", height="480"}, typeof message: object (Thread[AWT-EventQueue-0,6,main])
WebSocketServer: WebSocketServer message(): {type="class ptolemy.data.AWTImageToken", width="640", height="480"}, typeof message: object (Thread[AWT-EventQueue-0,6,main])
WebSocketServer: WebSocketServer message(): {type="class ptolemy.data.AWTImageToken", width="640", height="480"}, typeof message: object (Thread[AWT-EventQueue-0,6,main])
WebSocketServer: WebSocketServer message(): {type="class ptolemy.data.AWTImageToken", width="640", height="480"}, typeof message: object (Thread[AWT-EventQueue-0,6,main])
WebSocketServer: WebSocketServer message(): {type="class ptolemy.data.AWTImageToken", width="640", height="480"}, typeof message: object (Thread[AWT-EventQueue-0,6,main])
WebSocketServer: WebSocketServer message(): {type="class ptolemy.data.AWTImageToken", width="640", height="480"}, typeof message: object (Thread[AWT-EventQueue-0,6,main])
WebSocketServer: WebSocketServer message(): {type="class ptolemy.data.AWTImageToken", width="640", height="480"}, typeof message: object (Thread[AWT-EventQueue-0,6,main])
WebSocketServer: WebSocketServer message(): {type="class ptolemy.data.AWTImageToken", width="640", height="480"}, typeof message: object (Thread[AWT-EventQueue-0,6,main])
WebSocketServer: WebSocketServer message(): {type="class ptolemy.data.AWTImageToken", width="640", height="480"}, typeof message: object (Thread[AWT-EventQueue-0,6,main])
WebSocketServer: WebSocketServer message(): {type="class ptolemy.data.AWTImageToken", width="640", height="480"}, typeof message: object (Thread[AWT-EventQueue-0,6,main])
WebSocketServer: WebSocketServer message(): {type="class ptolemy.data.AWTImageToken", width="640", height="480"}, typeof message: object (Thread[AWT-EventQueue-0,6,main])
WebSocketServer: WebSocketServer message(): {type="class ptolemy.data.AWTImageToken", width="640", height="480"}, typeof message: object (Thread[AWT-EventQueue-0,6,main])
WebSocketServer: WebSocketServer message(): {type="class ptolemy.data.AWTImageToken", width="640", height="480"}, typeof message: object (Thread[AWT-EventQueue-0,6,main])
WebSocketServer: WebSocketServer message(): {type="class ptolemy.data.AWTImageToken", width="640", height="480"}, typeof message: object (Thread[AWT-EventQueue-0,6,main])
WebSocketServer: WebSocketServer message(): {type="class ptolemy.data.AWTImageToken", width="640", height="480"}, typeof message: object (Thread[AWT-EventQueue-0,6,main])
WebSocketServer: WebSocketServer message(): {type="class ptolemy.data.AWTImageToken", width="640", height="480"}, typeof message: object (Thread[AWT-EventQueue-0,6,main])
WebSocketServer: WebSocketServer message(): {type="class ptolemy.data.AWTImageToken", width="640", height="480"}, typeof message: object (Thread[AWT-EventQueue-0,6,main])
WebSocketServer: WebSocketServer message(): {type="class ptolemy.data.AWTImageToken", width="640", height="480"}, typeof message: object (Thread[AWT-EventQueue-0,6,main])
WebSocketServer: WebSocketServer message(): {type="class ptolemy.data.AWTImageToken", width="640", height="480"}, typeof message: object (Thread[AWT-EventQueue-0,6,main])
WebSocketServer: WebSocketServer message(): {type="class ptolemy.data.AWTImageToken", width="640", height="480"}, typeof message: object (Thread[AWT-EventQueue-0,6,main])
WebSocketServer: WebSocketServer message(): {type="class ptolemy.data.AWTImageToken", width="640", height="480"}, typeof message: object (Thread[AWT-EventQueue-0,6,main])
WebSocketServer: WebSocketServer message(): {type="class ptolemy.data.AWTImageToken", width="640", height="480"}, typeof message: object (Thread[AWT-EventQueue-0,6,main])
WebSocketServer: WebSocketServer message(): {type="class ptolemy.data.AWTImageToken", width="640", height="480"}, typeof message: object (Thread[AWT-EventQueue-0,6,main])
WebSocketServer: WebSocketServer message(): {type="class ptolemy.data.AWTImageToken", width="640", height="480"}, typeof message: object (Thread[AWT-EventQueue-0,6,main])
WebSocketServer: WebSocketServer message(): {type="class ptolemy.data.AWTImageToken", width="640", height="480"}, typeof message: object (Thread[AWT-EventQueue-0,6,main])
WebSocketServer: WebSocketServer message(): {type="class ptolemy.data.AWTImageToken", width="640", height="480"}, typeof message: object (Thread[AWT-EventQueue-0,6,main])
WebSocketServer: WebSocketServer message(): {type="class ptolemy.data.AWTImageToken", width="640", height="480"}, typeof message: object (Thread[AWT-EventQueue-0,6,main])
WebSocketServer: WebSocketServer message(): {type="class ptolemy.data.AWTImageToken", width="640", height="480"}, typeof message: object (Thread[AWT-EventQueue-0,6,main])
WebSocketServer: WebSocketServer message(): {type="class ptolemy.data.AWTImageToken", width="640", height="480"}, typeof message: object (Thread[AWT-EventQueue-0,6,main])
WebSocketServer: WebSocketServer message(): {type="class ptolemy.data.AWTImageToken", width="640", height="480"}, typeof message: object (Thread[AWT-EventQueue-0,6,main])
WebSocketServer: WebSocketServer message(): {type="class ptolemy.data.AWTImageToken", width="640", height="480"}, typeof message: object (Thread[AWT-EventQueue-0,6,main])
WebSocketServer: WebSocketServer message(): {type="class ptolemy.data.AWTImageToken", width="640", height="480"}, typeof message: object (Thread[AWT-EventQueue-0,6,main])
WebSocketServer: WebSocketServer message(): {type="class ptolemy.data.AWTImageToken", width="640", height="480"}, typeof message: object (Thread[AWT-EventQueue-0,6,main])
WebSocketServer: WebSocketServer message(): {type="class ptolemy.data.AWTImageToken", width="640", height="480"}, typeof message: object (Thread[AWT-EventQueue-0,6,main])
WebSocketServer: WebSocketServer message(): {type="class ptolemy.data.AWTImageToken", width="640", height="480"}, typeof message: object (Thread[AWT-EventQueue-0,6,main])
WebSocketServer: WebSocketServer message(): {type="class ptolemy.data.AWTImageToken", width="640", height="480"}, typeof message: object (Thread[AWT-EventQueue-0,6,main])
WebSocketServer: WebSocketServer message(): {type="class ptolemy.data.AWTImageToken", width="640", height="480"}, typeof message: object (Thread[AWT-EventQueue-0,6,main])
WebSocketServer: WebSocketServer message(): {type="class ptolemy.data.AWTImageToken", width="640", height="480"}, typeof message: object (Thread[AWT-EventQueue-0,6,main])
WebSocketServer: WebSocketServer message(): {type="class ptolemy.data.AWTImageToken", width="640", height="480"}, typeof message: object (Thread[AWT-EventQueue-0,6,main])
WebSocketServer: WebSocketServer message(): {type="class ptolemy.data.AWTImageToken", width="640", height="480"}, typeof message: object (Thread[AWT-EventQueue-0,6,main])
WebSocketServer: WebSocketServer message(): {type="class ptolemy.data.AWTImageToken", width="640", height="480"}, typeof message: object (Thread[AWT-EventQueue-0,6,main])
WebSocketServer: WebSocketServer message(): {type="class ptolemy.data.AWTImageToken", width="640", height="480"}, typeof message: object (Thread[AWT-EventQueue-0,6,main])
WebSocketServer: WebSocketServer message(): {type="class ptolemy.data.AWTImageToken", width="640", height="480"}, typeof message: object (Thread[AWT-EventQueue-0,6,main])
WebSocketServer: WebSocketServer message(): {type="class ptolemy.data.AWTImageToken", width="640", height="480"}, typeof message: object (Thread[AWT-EventQueue-0,6,main])
WebSocketServer: WebSocketServer message(): {type="class ptolemy.data.AWTImageToken", width="640", height="480"}, typeof message: object (Thread[AWT-EventQueue-0,6,main])
WebSocketServer: WebSocketServer message(): {type="class ptolemy.data.AWTImageToken", width="640", height="480"}, typeof message: object (Thread[AWT-EventQueue-0,6,main])
WebSocketServer: WebSocketServer message(): {type="class ptolemy.data.AWTImageToken", width="640", height="480"}, typeof message: object (Thread[AWT-EventQueue-0,6,main])
WebSocketServer: WebSocketServer message(): {type="class ptolemy.data.AWTImageToken", width="640", height="480"}, typeof message: object (Thread[AWT-EventQueue-0,6,main])
WebSocketServer: WebSocketServer message(): {type="class ptolemy.data.AWTImageToken", width="640", height="480"}, typeof message: object (Thread[AWT-EventQueue-0,6,main])
WebSocketServer: WebSocketServer message(): {type="class ptolemy.data.AWTImageToken", width="640", height="480"}, typeof message: object (Thread[AWT-EventQueue-0,6,main])
WebSocketServer: WebSocketServer message(): {type="class ptolemy.data.AWTImageToken", width="640", height="480"}, typeof message: object (Thread[AWT-EventQueue-0,6,main])
WebSocketServer: WebSocketServer message(): {type="class ptolemy.data.AWTImageToken", width="640", height="480"}, typeof message: object (Thread[AWT-EventQueue-0,6,main])
WebSocketServer: WebSocketServer message(): {type="class ptolemy.data.AWTImageToken", width="640", height="480"}, typeof message: object (Thread[AWT-EventQueue-0,6,main])
WebSocketServer: WebSocketServer message(): {type="class ptolemy.data.AWTImageToken", width="640", height="480"}, typeof message: object (Thread[AWT-EventQueue-0,6,main])
WebSocketServer: WebSocketServer message(): {type="class ptolemy.data.AWTImageToken", width="640", height="480"}, typeof message: object (Thread[AWT-EventQueue-0,6,main])
WebSocketServer: WebSocketServer message(): {type="class ptolemy.data.AWTImageToken", width="640", height="480"}, typeof message: object (Thread[AWT-EventQueue-0,6,main])
WebSocketServer: WebSocketServer message(): {type="class ptolemy.data.AWTImageToken", width="640", height="480"}, typeof message: object (Thread[AWT-EventQueue-0,6,main])
WebSocketServer: WebSocketServer message(): {type="class ptolemy.data.AWTImageToken", width="640", height="480"}, typeof message: object (Thread[AWT-EventQueue-0,6,main])
WebSocketServer: WebSocketServer message(): {type="class ptolemy.data.AWTImageToken", width="640", height="480"}, typeof message: object (Thread[AWT-EventQueue-0,6,main])
WebSocketServer: WebSocketServer message(): {type="class ptolemy.data.AWTImageToken", width="640", height="480"}, typeof message: object (Thread[AWT-EventQueue-0,6,main])
WebSocketServer: WebSocketServer message(): {type="class ptolemy.data.AWTImageToken", width="640", height="480"}, typeof message: object (Thread[AWT-EventQueue-0,6,main])
WebSocketServer: WebSocketServer message(): {type="class ptolemy.data.AWTImageToken", width="640", height="480"}, typeof message: object (Thread[AWT-EventQueue-0,6,main])
WebSocketServer: WebSocketServer message(): {type="class ptolemy.data.AWTImageToken", width="640", height="480"}, typeof message: object (Thread[AWT-EventQueue-0,6,main])
WebSocketServer: WebSocketServer message(): {type="class ptolemy.data.AWTImageToken", width="640", height="480"}, typeof message: object (Thread[AWT-EventQueue-0,6,main])
WebSocketServer: WebSocketServer message(): {type="class ptolemy.data.AWTImageToken", width="640", height="480"}, typeof message: object (Thread[AWT-EventQueue-0,6,main])
WebSocketServer: WebSocketServer message(): {type="class ptolemy.data.AWTImageToken", width="640", height="480"}, typeof message: object (Thread[AWT-EventQueue-0,6,main])
WebSocketServer: WebSocketServer message(): {type="class ptolemy.data.AWTImageToken", width="640", height="480"}, typeof message: object (Thread[AWT-EventQueue-0,6,main])
WebSocketServer: WebSocketServer message(): {type="class ptolemy.data.AWTImageToken", width="640", height="480"}, typeof message: object (Thread[AWT-EventQueue-0,6,main])
WebSocketServer: WebSocketServer message(): {type="class ptolemy.data.AWTImageToken", width="640", height="480"}, typeof message: object (Thread[AWT-EventQueue-0,6,main])
WebSocketServer: WebSocketServer message(): {type="class ptolemy.data.AWTImageToken", width="640", height="480"}, typeof message: object (Thread[AWT-EventQueue-0,6,main])
WebSocketServer: WebSocketServer message(): {type="class ptolemy.data.AWTImageToken", width="640", height="480"}, typeof message: object (Thread[AWT-EventQueue-0,6,main])
WebSocketServer: WebSocketServer message(): {type="class ptolemy.data.AWTImageToken", width="640", height="480"}, typeof message: object (Thread[AWT-EventQueue-0,6,main])
WebSocketServer: WebSocketServer message(): {type="class ptolemy.data.AWTImageToken", width="640", height="480"}, typeof message: object (Thread[AWT-EventQueue-0,6,main])
WebSocketServer: WebSocketServer message(): {type="class ptolemy.data.AWTImageToken", width="640", height="480"}, typeof message: object (Thread[AWT-EventQueue-0,6,main])
WebSocketServer: WebSocketServer message(): {type="class ptolemy.data.AWTImageToken", width="640", height="480"}, typeof message: object (Thread[AWT-EventQueue-0,6,main])
WebSocketServer: WebSocketServer message(): {type="class ptolemy.data.AWTImageToken", width="640", height="480"}, typeof message: object (Thread[AWT-EventQueue-0,6,main])
WebSocketServer: WebSocketServer message(): {type="class ptolemy.data.AWTImageToken", width="640", height="480"}, typeof message: object (Thread[AWT-EventQueue-0,6,main])
WebSocketServer: WebSocketServer message(): {type="class ptolemy.data.AWTImageToken", width="640", height="480"}, typeof message: object (Thread[AWT-EventQueue-0,6,main])
WebSocketServer: WebSocketServer message(): {type="class ptolemy.data.AWTImageToken", width="640", height="480"}, typeof message: object (Thread[AWT-EventQueue-0,6,main])
WebSocketServer: WebSocketServer message(): {type="class ptolemy.data.AWTImageToken", width="640", height="480"}, typeof message: object (Thread[AWT-EventQueue-0,6,main])
WebSocketServer: WebSocketServer message(): {type="class ptolemy.data.AWTImageToken", width="640", height="480"}, typeof message: object (Thread[AWT-EventQueue-0,6,main])
WebSocketServer: WebSocketServer message(): {type="class ptolemy.data.AWTImageToken", width="640", height="480"}, typeof message: object (Thread[AWT-EventQueue-0,6,main])
WebSocketServer: WebSocketServer message(): {type="class ptolemy.data.AWTImageToken", width="640", height="480"}, typeof message: object (Thread[AWT-EventQueue-0,6,main])
WebSocketServer: WebSocketServer message(): {type="class ptolemy.data.AWTImageToken", width="640", height="480"}, typeof message: object (Thread[AWT-EventQueue-0,6,main])
WebSocketServer: WebSocketServer message(): {type="class ptolemy.data.AWTImageToken", width="640", height="480"}, typeof message: object (Thread[AWT-EventQueue-0,6,main])
WebSocketServer: WebSocketServer message(): {type="class ptolemy.data.AWTImageToken", width="640", height="480"}, typeof message: object (Thread[AWT-EventQueue-0,6,main])
WebSocketServer: WebSocketServer message(): {type="class ptolemy.data.AWTImageToken", width="640", height="480"}, typeof message: object (Thread[AWT-EventQueue-0,6,main])
WebSocketServer: WebSocketServer message(): {type="class ptolemy.data.AWTImageToken", width="640", height="480"}, typeof message: object (Thread[AWT-EventQueue-0,6,main])
WebSocketServer: WebSocketServer message(): {type="class ptolemy.data.AWTImageToken", width="640", height="480"}, typeof message: object (Thread[AWT-EventQueue-0,6,main])
WebSocketServer: WebSocketServer message(): {type="class ptolemy.data.AWTImageToken", width="640", height="480"}, typeof message: object (Thread[AWT-EventQueue-0,6,main])
WebSocketServer: WebSocketServer message(): {type="class ptolemy.data.AWTImageToken", width="640", height="480"}, typeof message: object (Thread[AWT-EventQueue-0,6,main])
WebSocketServer: WebSocketServer message(): {type="class ptolemy.data.AWTImageToken", width="640", height="480"}, typeof message: object (Thread[AWT-EventQueue-0,6,main])
WebSocketServer: WebSocketServer message(): {type="class ptolemy.data.AWTImageToken", width="640", height="480"}, typeof message: object (Thread[AWT-EventQueue-0,6,main])
WebSocketServer: WebSocketServer message(): {type="class ptolemy.data.AWTImageToken", width="640", height="480"}, typeof message: object (Thread[AWT-EventQueue-0,6,main])
WebSocketServer: WebSocketServer message(): {type="class ptolemy.data.AWTImageToken", width="640", height="480"}, typeof message: object (Thread[AWT-EventQueue-0,6,main])
WebSocketServer: WebSocketServer message(): {type="class ptolemy.data.AWTImageToken", width="640", height="480"}, typeof message: object (Thread[AWT-EventQueue-0,6,main])
WebSocketServer: WebSocketServer message(): {type="class ptolemy.data.AWTImageToken", width="640", height="480"}, typeof message: object (Thread[AWT-EventQueue-0,6,main])
WebSocketServer: WebSocketServer message(): {type="class ptolemy.data.AWTImageToken", width="640", height="480"}, typeof message: object (Thread[AWT-EventQueue-0,6,main])
WebSocketServer: WebSocketServer message(): {type="class ptolemy.data.AWTImageToken", width="640", height="480"}, typeof message: object (Thread[AWT-EventQueue-0,6,main])
WebSocketServer: WebSocketServer message(): {type="class ptolemy.data.AWTImageToken", width="640", height="480"}, typeof message: object (Thread[AWT-EventQueue-0,6,main])
WebSocketServer: WebSocketServer message(): {type="class ptolemy.data.AWTImageToken", width="640", height="480"}, typeof message: object (Thread[AWT-EventQueue-0,6,main])
WebSocketServer: WebSocketServer message(): {type="class ptolemy.data.AWTImageToken", width="640", height="480"}, typeof message: object (Thread[AWT-EventQueue-0,6,main])
WebSocketServer: WebSocketServer message(): {type="class ptolemy.data.AWTImageToken", width="640", height="480"}, typeof message: object (Thread[AWT-EventQueue-0,6,main])
WebSocketServer: WebSocketServer message(): {type="class ptolemy.data.AWTImageToken", width="640", height="480"}, typeof message: object (Thread[AWT-EventQueue-0,6,main])
WebSocketServer: WebSocketServer message(): {type="class ptolemy.data.AWTImageToken", width="640", height="480"}, typeof message: object (Thread[AWT-EventQueue-0,6,main])
WebSocketServer: WebSocketServer message(): {type="class ptolemy.data.AWTImageToken", width="640", height="480"}, typeof message: object (Thread[AWT-EventQueue-0,6,main])
WebSocketServer: WebSocketServer message(): {type="class ptolemy.data.AWTImageToken", width="640", height="480"}, typeof message: object (Thread[AWT-EventQueue-0,6,main])
WebSocketServer: WebSocketServer message(): {type="class ptolemy.data.AWTImageToken", width="640", height="480"}, typeof message: object (Thread[AWT-EventQueue-0,6,main])
WebSocketServer: WebSocketServer message(): {type="class ptolemy.data.AWTImageToken", width="640", height="480"}, typeof message: object (Thread[AWT-EventQueue-0,6,main])
WebSocketServer: WebSocketServer message(): {type="class ptolemy.data.AWTImageToken", width="640", height="480"}, typeof message: object (Thread[AWT-EventQueue-0,6,main])
WebSocketServer: WebSocketServer message(): {type="class ptolemy.data.AWTImageToken", width="640", height="480"}, typeof message: object (Thread[AWT-EventQueue-0,6,main])
WebSocketServer: WebSocketServer message(): {type="class ptolemy.data.AWTImageToken", width="640", height="480"}, typeof message: object (Thread[AWT-EventQueue-0,6,main])
WebSocketServer: WebSocketServer message(): {type="class ptolemy.data.AWTImageToken", width="640", height="480"}, typeof message: object (Thread[AWT-EventQueue-0,6,main])
ExportHTMLTimer went off after 30000 ms., calling getDirector().finish and getDirector().stopFire()
WebSocketClient: Connection closed because model is no longer running. (Thread[AWT-EventQueue-0,6,main])
30106 ms. Memory: 2125824K Free: 949883K (45%)
Exported /home/travis/build/icyphy/ptII/ptolemy/actor/lib/jjs/modules/webSocket/demo/WebSocketImage/WebSocketImage/index.html
38242 ms. Memory: 2125824K Free: 913391K (43%)
####### 41 Sun May 13 01:41:02 UTC 2018 $PTII/bin/ptinvoke ptolemy.vergil.basic.export.ExportModel -force htm -run -openComposites -timeOut 30000 -whiteBackground ptolemy/actor/lib/jjs/modules/webSocket/demo/WebSocketLog/WebSocketLog.xml $PTII/ptolemy/actor/lib/jjs/modules/webSocket/demo/WebSocketLog/WebSocketLog
----------------- Sun May 13 01:41:02 UTC 2018 About to sleep for 5.0 seconds before running or rerunning.  Test is: /home/travis/build/icyphy/ptII/ptolemy/actor/lib/jjs/modules/webSocket/demo/WebSocketLog/WebSocketLog.xml
Done sleeping
Running .WebSocketLog
13287 ms. Memory: 2225152K Free: 1098379K (49%)
Exported /home/travis/build/icyphy/ptII/ptolemy/actor/lib/jjs/modules/webSocket/demo/WebSocketLog/WebSocketLog/index.html
20673 ms. Memory: 2225152K Free: 1062562K (48%)
####### 42 Sun May 13 01:41:28 UTC 2018 $PTII/bin/ptinvoke ptolemy.vergil.basic.export.ExportModel -force htm -run -openComposites -timeOut 30000 -whiteBackground ptolemy/actor/lib/jjs/modules/webSocket/demo/WebSocketsServerClient/WebSocketsServerClient.xml $PTII/ptolemy/actor/lib/jjs/modules/webSocket/demo/WebSocketsServerClient/WebSocketsServerClient
----------------- Sun May 13 01:41:28 UTC 2018 About to sleep for 5.0 seconds before running or rerunning.  Test is: /home/travis/build/icyphy/ptII/ptolemy/actor/lib/jjs/modules/webSocket/demo/WebSocketsServerClient/WebSocketsServerClient.xml
Done sleeping
Running .WebSocketsServerClient
WSClient: Connection to socket is open. (Thread[vert.x-eventloop-thread-0,6,main])
WSClient: Connection closed because model is no longer running. (Thread[AWT-EventQueue-0,6,main])
12483 ms. Memory: 2236416K Free: 1332467K (60%)
Exported /home/travis/build/icyphy/ptII/ptolemy/actor/lib/jjs/modules/webSocket/demo/WebSocketsServerClient/WebSocketsServerClient/index.html
17921 ms. Memory: 2236416K Free: 1293640K (58%)
####### 43 Sun May 13 01:41:51 UTC 2018 $PTII/bin/ptinvoke ptolemy.vergil.basic.export.ExportModel -force htm  -openComposites -timeOut 30000 -whiteBackground ptolemy/actor/lib/jjs/modules/xbee/demo/XBeeHelloWorld/XBeeDataTypes.xml $PTII/ptolemy/actor/lib/jjs/modules/xbee/demo/XBeeHelloWorld/XBeeDataTypes
Warning: not running ptolemy/actor/lib/jjs/modules/xbee/demo/XBeeHelloWorld/XBeeDataTypes.xml. See ptolemy/vergil/basic/export/test/junit/ExportModelJUnitTest.java
----------------- Sun May 13 01:41:51 UTC 2018 About to sleep for 5.0 seconds before running or rerunning.  Test is: /home/travis/build/icyphy/ptII/ptolemy/actor/lib/jjs/modules/xbee/demo/XBeeHelloWorld/XBeeDataTypes.xml
Done sleeping
Exported /home/travis/build/icyphy/ptII/ptolemy/actor/lib/jjs/modules/xbee/demo/XBeeHelloWorld/XBeeDataTypes/index.html
4579 ms. Memory: 2236416K Free: 915686K (41%)
####### 44 Sun May 13 01:42:00 UTC 2018 $PTII/bin/ptinvoke ptolemy.vergil.basic.export.ExportModel -force htm  -openComposites -timeOut 30000 -whiteBackground ptolemy/actor/lib/jjs/modules/xbee/demo/XBeeHelloWorld/XBeeHelloWorld.xml $PTII/ptolemy/actor/lib/jjs/modules/xbee/demo/XBeeHelloWorld/XBeeHelloWorld
Warning: not running ptolemy/actor/lib/jjs/modules/xbee/demo/XBeeHelloWorld/XBeeHelloWorld.xml. See ptolemy/vergil/basic/export/test/junit/ExportModelJUnitTest.java
----------------- Sun May 13 01:42:00 UTC 2018 About to sleep for 5.0 seconds before running or rerunning.  Test is: /home/travis/build/icyphy/ptII/ptolemy/actor/lib/jjs/modules/xbee/demo/XBeeHelloWorld/XBeeHelloWorld.xml
Done sleeping
Exported /home/travis/build/icyphy/ptII/ptolemy/actor/lib/jjs/modules/xbee/demo/XBeeHelloWorld/XBeeHelloWorld/index.html
4735 ms. Memory: 2249728K Free: 1532782K (68%)
####### 45 Sun May 13 01:42:10 UTC 2018 $PTII/bin/ptinvoke ptolemy.vergil.basic.export.ExportModel -force htm  -openComposites -timeOut 30000 -whiteBackground ptolemy/actor/lib/jmf/demo/JMFJAI/JMFJAI.xml $PTII/ptolemy/actor/lib/jmf/demo/JMFJAI/JMFJAI
Warning: not running ptolemy/actor/lib/jmf/demo/JMFJAI/JMFJAI.xml. See ptolemy/vergil/basic/export/test/junit/ExportModelJUnitTest.java
Exported /home/travis/build/icyphy/ptII/ptolemy/actor/lib/jmf/demo/JMFJAI/JMFJAI/index.html
3157 ms. Memory: 2249728K Free: 1408005K (63%)
####### 46 Sun May 13 01:42:13 UTC 2018 $PTII/bin/ptinvoke ptolemy.vergil.basic.export.ExportModel -force htm  -openComposites -timeOut 30000 -whiteBackground ptolemy/actor/lib/jmf/demo/VideoCapture/VideoCapture.xml $PTII/ptolemy/actor/lib/jmf/demo/VideoCapture/VideoCapture
Warning: not running ptolemy/actor/lib/jmf/demo/VideoCapture/VideoCapture.xml. See ptolemy/vergil/basic/export/test/junit/ExportModelJUnitTest.java
Exported /home/travis/build/icyphy/ptII/ptolemy/actor/lib/jmf/demo/VideoCapture/VideoCapture/index.html
3143 ms. Memory: 2249728K Free: 1303632K (58%)
####### 47 Sun May 13 01:42:16 UTC 2018 $PTII/bin/ptinvoke ptolemy.vergil.basic.export.ExportModel -force htm -run -openComposites -timeOut 30000 -whiteBackground ptolemy/actor/lib/mail/demo/ExceptionEmailer/ExceptionEmailer.xml $PTII/ptolemy/actor/lib/mail/demo/ExceptionEmailer/ExceptionEmailer
Running .ExceptionEmailer
30 ms. Memory: 2249728K Free: 1178858K (52%)
Exported /home/travis/build/icyphy/ptII/ptolemy/actor/lib/mail/demo/ExceptionEmailer/ExceptionEmailer/index.html
4211 ms. Memory: 2249728K Free: 1136235K (51%)
####### 48 Sun May 13 01:42:21 UTC 2018 $PTII/bin/ptinvoke ptolemy.vergil.basic.export.ExportModel -force htm -run -openComposites -timeOut 30000 -whiteBackground ptolemy/actor/lib/mail/demo/SendMail/SendMail.xml $PTII/ptolemy/actor/lib/mail/demo/SendMail/SendMail
Running .SendMail
39 ms. Memory: 2249728K Free: 1033453K (46%)
Exported /home/travis/build/icyphy/ptII/ptolemy/actor/lib/mail/demo/SendMail/SendMail/index.html
4218 ms. Memory: 2249728K Free: 987532K (44%)
####### 49 Sun May 13 01:42:25 UTC 2018 $PTII/bin/ptinvoke ptolemy.vergil.basic.export.ExportModel -force htm -run -openComposites -timeOut 30000 -whiteBackground ptolemy/actor/lib/python/demo/Ptolemnizer/Ptolemnizer.xml $PTII/ptolemy/actor/lib/python/demo/Ptolemnizer/Ptolemnizer
.Ptolemnizer.InteractiveShell invoked SwingUtilities.invokeAndWait()
Model ".Ptolemnizer" contains actors such cannot be run  as part of the export process from ExportModel or it has a WebExportParameters value that runBeforeExport set to false. To export run this model and export it, use vergil.
Exported /home/travis/build/icyphy/ptII/ptolemy/actor/lib/python/demo/Ptolemnizer/Ptolemnizer/index.html
6531 ms. Memory: 2249728K Free: 554571K (25%)
####### 50 Sun May 13 01:42:31 UTC 2018 $PTII/bin/ptinvoke ptolemy.vergil.basic.export.ExportModel -force htm -run -openComposites -timeOut 30000 -whiteBackground ptolemy/actor/lib/python/demo/PythonScale/PythonScale.xml $PTII/ptolemy/actor/lib/python/demo/PythonScale/PythonScale
Running .PythonScale
65 ms. Memory: 2262528K Free: 1536733K (68%)
Exported /home/travis/build/icyphy/ptII/ptolemy/actor/lib/python/demo/PythonScale/PythonScale/index.html
4553 ms. Memory: 2262528K Free: 1513908K (67%)
####### 51 Sun May 13 01:42:36 UTC 2018 $PTII/bin/ptinvoke ptolemy.vergil.basic.export.ExportModel -force htm  -openComposites -timeOut 30000 -whiteBackground ptolemy/actor/lib/python/demo/RecordManipulation/RecordManipulation.xml $PTII/ptolemy/actor/lib/python/demo/RecordManipulation/RecordManipulation
Warning: not running ptolemy/actor/lib/python/demo/RecordManipulation/RecordManipulation.xml. See ptolemy/vergil/basic/export/test/junit/ExportModelJUnitTest.java
Exported /home/travis/build/icyphy/ptII/ptolemy/actor/lib/python/demo/RecordManipulation/RecordManipulation/index.html
3311 ms. Memory: 2262528K Free: 1364280K (60%)
####### 52 Sun May 13 01:42:39 UTC 2018 $PTII/bin/ptinvoke ptolemy.vergil.basic.export.ExportModel -force htm -run -openComposites -timeOut 30000 -whiteBackground ptolemy/actor/lib/r/demo/R3DPlot/R3DPlot.xml $PTII/ptolemy/actor/lib/r/demo/R3DPlot/R3DPlot
Running .R3RPlot
17 ms. Memory: 2262528K Free: 1279598K (57%)
####### 53 Sun May 13 01:42:41 UTC 2018 $PTII/bin/ptinvoke ptolemy.vergil.basic.export.ExportModel -force htm -run -openComposites -timeOut 30000 -whiteBackground ptolemy/actor/lib/r/demo/RRecordToDataframe/RRecordToDataframe.xml $PTII/ptolemy/actor/lib/r/demo/RRecordToDataframe/RRecordToDataframe
Running .RRecordToDataframe
10 ms. Memory: 2262528K Free: 1257720K (56%)
####### 54 Sun May 13 01:42:42 UTC 2018 $PTII/bin/ptinvoke ptolemy.vergil.basic.export.ExportModel -force htm  -openComposites -timeOut 30000 -whiteBackground ptolemy/actor/lib/security/demo/Signature/Signature.xml $PTII/ptolemy/actor/lib/security/demo/Signature/Signature
Warning: not running ptolemy/actor/lib/security/demo/Signature/Signature.xml. See ptolemy/vergil/basic/export/test/junit/ExportModelJUnitTest.java
Exported /home/travis/build/icyphy/ptII/ptolemy/actor/lib/security/demo/Signature/Signature/index.html
3229 ms. Memory: 2262528K Free: 1170833K (52%)
####### 55 Sun May 13 01:42:45 UTC 2018 $PTII/bin/ptinvoke ptolemy.vergil.basic.export.ExportModel -force htm -run -openComposites -timeOut 30000 -whiteBackground ptolemy/actor/lib/video/demo/DCT2x2dc/DCT2x2dc.xml $PTII/ptolemy/actor/lib/video/demo/DCT2x2dc/DCT2x2dc
Running .DCT2x2dc
91 ms. Memory: 2262528K Free: 1065032K (47%)
Exported /home/travis/build/icyphy/ptII/ptolemy/actor/lib/video/demo/DCT2x2dc/DCT2x2dc/index.html
4276 ms. Memory: 2262528K Free: 1042187K (46%)
####### 56 Sun May 13 01:42:49 UTC 2018 $PTII/bin/ptinvoke ptolemy.vergil.basic.export.ExportModel -force htm -run -openComposites -timeOut 30000 -whiteBackground ptolemy/actor/lib/video/demo/DCT4x4dc/DCT4x4dc.xml $PTII/ptolemy/actor/lib/video/demo/DCT4x4dc/DCT4x4dc
Running .DCT4x4dc
42 ms. Memory: 2262528K Free: 957470K (42%)
Exported /home/travis/build/icyphy/ptII/ptolemy/actor/lib/video/demo/DCT4x4dc/DCT4x4dc/index.html
4233 ms. Memory: 2262528K Free: 934622K (41%)
####### 57 Sun May 13 01:42:53 UTC 2018 $PTII/bin/ptinvoke ptolemy.vergil.basic.export.ExportModel -force htm -run -openComposites -timeOut 30000 -whiteBackground ptolemy/actor/lib/video/demo/DCT8x8/DCT8x8.xml $PTII/ptolemy/actor/lib/video/demo/DCT8x8/DCT8x8
Running .DCT8x8
39 ms. Memory: 2262528K Free: 849021K (38%)
Exported /home/travis/build/icyphy/ptII/ptolemy/actor/lib/video/demo/DCT8x8/DCT8x8/index.html
4175 ms. Memory: 2262528K Free: 805090K (36%)
####### 58 Sun May 13 01:42:58 UTC 2018 $PTII/bin/ptinvoke ptolemy.vergil.basic.export.ExportModel -force htm -run -openComposites -timeOut 30000 -whiteBackground ptolemy/actor/lib/xslt/demo/MoMLFileTransformation/MoMLFileTransformation.xml $PTII/ptolemy/actor/lib/xslt/demo/MoMLFileTransformation/MoMLFileTransformation
Running .MOMLFileTransformation
955 ms. Memory: 2262528K Free: 636035K (28%)
Exported /home/travis/build/icyphy/ptII/ptolemy/actor/lib/xslt/demo/MoMLFileTransformation/MoMLFileTransformation/index.html
5182 ms. Memory: 2262528K Free: 523743K (23%)
####### 59 Sun May 13 01:43:03 UTC 2018 $PTII/bin/ptinvoke ptolemy.vergil.basic.export.ExportModel -force htm -run -openComposites -timeOut 30000 -whiteBackground ptolemy/actor/lib/xslt/demo/XMLInclusion/XMLInclusion.xml $PTII/ptolemy/actor/lib/xslt/demo/XMLInclusion/XMLInclusion
Running .XMLInclusion
31 ms. Memory: 2285056K Free: 1584209K (69%)
Exported /home/travis/build/icyphy/ptII/ptolemy/actor/lib/xslt/demo/XMLInclusion/XMLInclusion/index.html
4403 ms. Memory: 2285056K Free: 1495372K (65%)
####### 60 Sun May 13 01:43:07 UTC 2018 $PTII/bin/ptinvoke ptolemy.vergil.basic.export.ExportModel -force htm -run -openComposites -timeOut 30000 -whiteBackground ptolemy/actor/parameters/demo/Bouncer/Bouncer.xml $PTII/ptolemy/actor/parameters/demo/Bouncer/Bouncer
Running .Bouncer
10019 ms. Memory: 2285056K Free: 1342669K (59%)
Exported /home/travis/build/icyphy/ptII/ptolemy/actor/parameters/demo/Bouncer/Bouncer/index.html
14383 ms. Memory: 2285056K Free: 1252084K (55%)
####### 61 Sun May 13 01:43:22 UTC 2018 $PTII/bin/ptinvoke ptolemy.vergil.basic.export.ExportModel -force htm -run -openComposites -timeOut 30000 -whiteBackground ptolemy/actor/parameters/demo/SliderParameter/SliderParameter.xml $PTII/ptolemy/actor/parameters/demo/SliderParameter/SliderParameter
Running .SliderParameter
ExportHTMLTimer went off after 30000 ms., calling getDirector().finish and getDirector().stopFire()
30002 ms. Memory: 2275840K Free: 580953K (26%)
Exported /home/travis/build/icyphy/ptII/ptolemy/actor/parameters/demo/SliderParameter/SliderParameter/index.html
34241 ms. Memory: 2275840K Free: 529641K (23%)
####### 62 Sun May 13 01:43:56 UTC 2018 $PTII/bin/ptinvoke ptolemy.vergil.basic.export.ExportModel -force htm -run -openComposites -timeOut 30000 -whiteBackground ptolemy/actor/ptalon/demo/CruiseControl/CruiseControl.xml $PTII/ptolemy/actor/ptalon/demo/CruiseControl/CruiseControl
Running .CruiseControl
59 ms. Memory: 2283008K Free: 1563548K (68%)
Exported /home/travis/build/icyphy/ptII/ptolemy/actor/ptalon/demo/CruiseControl/CruiseControl/index.html
4500 ms. Memory: 2283008K Free: 1468486K (64%)
####### 63 Sun May 13 01:44:00 UTC 2018 $PTII/bin/ptinvoke ptolemy.vergil.basic.export.ExportModel -force htm -run -openComposites -timeOut 30000 -whiteBackground ptolemy/actor/ptalon/demo/EightChannelFFT/EightChannelFFT.xml $PTII/ptolemy/actor/ptalon/demo/EightChannelFFT/EightChannelFFT
Running .EightChannelFFT
54 ms. Memory: 2283008K Free: 1308632K (57%)
Exported /home/travis/build/icyphy/ptII/ptolemy/actor/ptalon/demo/EightChannelFFT/EightChannelFFT/index.html
5336 ms. Memory: 2283008K Free: 918848K (40%)
####### 64 Sun May 13 01:44:06 UTC 2018 $PTII/bin/ptinvoke ptolemy.vergil.basic.export.ExportModel -force htm -run -openComposites -timeOut 30000 -whiteBackground ptolemy/actor/ptalon/demo/GameOfLife/GameOfLife.xml $PTII/ptolemy/actor/ptalon/demo/GameOfLife/GameOfLife
Running .GameOfLife
ExportHTMLTimer went off after 30000 ms., calling getDirector().finish and getDirector().stopFire()
30165 ms. Memory: 2283008K Free: 705606K (31%)
Exported /home/travis/build/icyphy/ptII/ptolemy/actor/ptalon/demo/GameOfLife/GameOfLife/index.html
34799 ms. Memory: 2283008K Free: 587662K (26%)
####### 65 Sun May 13 01:44:40 UTC 2018 $PTII/bin/ptinvoke ptolemy.vergil.basic.export.ExportModel -force htm -run -openComposites -timeOut 30000 -whiteBackground ptolemy/actor/ptalon/demo/MapReduce/MapReduce.xml $PTII/ptolemy/actor/ptalon/demo/MapReduce/MapReduce
Running .MapReduce
88 ms. Memory: 2288128K Free: 1426347K (62%)
Exported /home/travis/build/icyphy/ptII/ptolemy/actor/ptalon/demo/MapReduce/MapReduce/index.html
4952 ms. Memory: 2288128K Free: 941421K (41%)
####### 66 Sun May 13 01:44:45 UTC 2018 $PTII/bin/ptinvoke ptolemy.vergil.basic.export.ExportModel -force htm -run -openComposites -timeOut 30000 -whiteBackground ptolemy/actor/ptalon/demo/ModelChange/ModelChange.xml $PTII/ptolemy/actor/ptalon/demo/ModelChange/ModelChange
Running .ModelChange
10 ms. Memory: 2288128K Free: 872460K (38%)
Exported /home/travis/build/icyphy/ptII/ptolemy/actor/ptalon/demo/ModelChange/ModelChange/index.html
4204 ms. Memory: 2288128K Free: 801585K (35%)
####### 67 Sun May 13 01:44:50 UTC 2018 $PTII/bin/ptinvoke ptolemy.vergil.basic.export.ExportModel -force htm -run -openComposites -timeOut 5000 -whiteBackground ptolemy/actor/ptalon/demo/ptinyos/SendAndReceiveCnt/SendAndReceiveCnt.xml $PTII/ptolemy/actor/ptalon/demo/ptinyos/SendAndReceiveCnt/SendAndReceiveCnt
TableauFrame._addMenus: configuration == null?
####### 68 Sun May 13 01:44:51 UTC 2018 $PTII/bin/ptinvoke ptolemy.vergil.basic.export.ExportModel -force htm -run -openComposites -timeOut 30000 -whiteBackground ptolemy/actor/ptalon/demo/ptinyos/SenseToLeds/SenseToLeds.xml $PTII/ptolemy/actor/ptalon/demo/ptinyos/SenseToLeds/SenseToLeds
TableauFrame._addMenus: configuration == null?
####### 69 Sun May 13 01:44:52 UTC 2018 $PTII/bin/ptinvoke ptolemy.vergil.basic.export.ExportModel -force htm -run -openComposites -timeOut 30000 -whiteBackground ptolemy/actor/ptalon/demo/SmallWorld/ParameterSweepSmallWorldFSM.xml $PTII/ptolemy/actor/ptalon/demo/SmallWorld/ParameterSweepSmallWorldFSM
Running .ParameterSweepSmallWorldFSM
1
1
1
1
1
1
1
1
1
2
2
2
2
2
2
2
2
3
3
3
3
3
3
3
3
3
3
3
3
3
3
4
4
4
4
4
4
4
4
4
5
5
5
5
5
5
6
6
302 ms. Memory: 2028544K Free: 384593K (19%)
ExportHTMLTimer went off after 30000 ms., calling getDirector().finish and getDirector().stopFire()
30001 ms. Memory: 2329600K Free: 515073K (22%)
Exported /home/travis/build/icyphy/ptII/ptolemy/actor/ptalon/demo/SmallWorld/ParameterSweepSmallWorldFSM/index.html
35445 ms. Memory: 2329600K Free: 460761K (20%)
####### 70 Sun May 13 01:45:27 UTC 2018 $PTII/bin/ptinvoke ptolemy.vergil.basic.export.ExportModel -force htm -run -openComposites -timeOut 30000 -whiteBackground ptolemy/actor/ptalon/demo/SmallWorld/ParameterSweepSmallWorldSDF.xml $PTII/ptolemy/actor/ptalon/demo/SmallWorld/ParameterSweepSmallWorldSDF
Running .ParameterSweepSmallWorldSDF
163 ms. Memory: 2324480K Free: 657374K (28%)
109 ms. Memory: 2324480K Free: 532349K (23%)
191 ms. Memory: 2343424K Free: 1662263K (71%)
136 ms. Memory: 2343424K Free: 1533771K (65%)
1017 ms. Memory: 2343424K Free: 1533771K (65%)
Exported /home/travis/build/icyphy/ptII/ptolemy/actor/ptalon/demo/SmallWorld/ParameterSweepSmallWorldSDF/index.html
6208 ms. Memory: 2343424K Free: 1504808K (64%)
]]></system-out>
  <system-err><![CDATA[[AWT-EventQueue-0] INFO com.github.sarxos.webcam.Webcam - WebcamDefaultDriver capture driver will be used
[atomic-processor-1] INFO com.github.sarxos.webcam.ds.cgt.WebcamOpenTask - Opening webcam Dummy Webcam 0
[atomic-processor-1] INFO com.github.sarxos.webcam.ds.cgt.WebcamCloseTask - Closing Dummy Webcam 0
May 13, 2018 1:27:27 AM org.eclipse.paho.client.mqttv3.internal.ClientState checkForActivity
SEVERE: mqttpt_-7181547723681041552: Timed out as no activity, keepAlive=60,000 lastOutboundActivity=1,526,174,787,230 lastInboundActivity=1,526,174,723,454 time=1,526,174,847,230 lastPing=1,526,174,787,230
May 13, 2018 1:27:27 AM org.eclipse.paho.client.mqttv3.internal.ClientState checkForActivity
SEVERE: mqttpt_-7181547723681041552: Timed out as no activity, keepAlive=60,000 lastOutboundActivity=1,526,174,787,248 lastInboundActivity=1,526,174,726,405 time=1,526,174,847,248 lastPing=1,526,174,787,248
[atomic-processor-1] INFO com.github.sarxos.webcam.ds.cgt.WebcamOpenTask - Opening webcam Dummy Webcam 0
[atomic-processor-1] INFO com.github.sarxos.webcam.ds.cgt.WebcamCloseTask - Closing Dummy Webcam 0
ptolemy.kernel.util.IllegalActionException: Exceptions occurred during wrapup:
ptolemy.kernel.util.IllegalActionException: Failure executing the wrapup function: Error: TrainableTest2: The input handler of this accessor was never invoked. Usually, this is an error indicating that starvation is occurring. in <function> at line number 393 at column number 16
  in .WatchEmulator.TrainableTest2
Because:
Error: TrainableTest2: The input handler of this accessor was never invoked. Usually, this is an error indicating that starvation is occurring. in <function> at line number 393 at column number 16

  in .WatchEmulator.DE Director
Because:
Failure executing the wrapup function: Error: TrainableTest2: The input handler of this accessor was never invoked. Usually, this is an error indicating that starvation is occurring. in <function> at line number 393 at column number 16
  in .WatchEmulator.TrainableTest2
Because:
Error: TrainableTest2: The input handler of this accessor was never invoked. Usually, this is an error indicating that starvation is occurring. in <function> at line number 393 at column number 16
	at ptolemy.actor.Director.wrapup(Director.java:1736)
	at ptolemy.domains.de.kernel.DEDirector.wrapup(DEDirector.java:1526)
	at ptolemy.actor.CompositeActor.wrapup(CompositeActor.java:2735)
	at ptolemy.actor.Manager.wrapup(Manager.java:1512)
	at ptolemy.actor.Manager.execute(Manager.java:407)
	at ptolemy.vergil.basic.export.ExportModel$2.run(ExportModel.java:390)
	at java.awt.event.InvocationEvent.dispatch(InvocationEvent.java:301)
	at java.awt.EventQueue.dispatchEventImpl(EventQueue.java:756)
	at java.awt.EventQueue.access$500(EventQueue.java:97)
	at java.awt.EventQueue$3.run(EventQueue.java:709)
	at java.awt.EventQueue$3.run(EventQueue.java:703)
	at java.security.AccessController.doPrivileged(Native Method)
	at java.security.ProtectionDomain$JavaSecurityAccessImpl.doIntersectionPrivilege(ProtectionDomain.java:80)
	at java.awt.EventQueue.dispatchEvent(EventQueue.java:726)
	at java.awt.EventDispatchThread.pumpOneEventForFilters(EventDispatchThread.java:201)
	at java.awt.EventDispatchThread.pumpEventsForFilter(EventDispatchThread.java:116)
	at java.awt.EventDispatchThread.pumpEventsForHierarchy(EventDispatchThread.java:105)
	at java.awt.EventDispatchThread.pumpEvents(EventDispatchThread.java:101)
	at java.awt.EventDispatchThread.pumpEvents(EventDispatchThread.java:93)
	at java.awt.EventDispatchThread.run(EventDispatchThread.java:82)
Caused by: ptolemy.kernel.util.IllegalActionException: Failure executing the wrapup function: Error: TrainableTest2: The input handler of this accessor was never invoked. Usually, this is an error indicating that starvation is occurring. in <function> at line number 393 at column number 16
  in .WatchEmulator.TrainableTest2
Because:
Error: TrainableTest2: The input handler of this accessor was never invoked. Usually, this is an error indicating that starvation is occurring. in <function> at line number 393 at column number 16
	at ptolemy.actor.lib.jjs.JavaScript._invokeMethodInContext(JavaScript.java:2223)
	at ptolemy.actor.lib.jjs.JavaScript.wrapup(JavaScript.java:2118)
	at ptolemy.actor.Director.wrapup(Director.java:1722)
	... 19 more
Caused by: javax.script.ScriptException: Error: TrainableTest2: The input handler of this accessor was never invoked. Usually, this is an error indicating that starvation is occurring. in <function> at line number 393 at column number 16
	at jdk.nashorn.api.scripting.NashornScriptEngine.throwAsScriptException(NashornScriptEngine.java:470)
	at jdk.nashorn.api.scripting.NashornScriptEngine.invokeImpl(NashornScriptEngine.java:392)
	at jdk.nashorn.api.scripting.NashornScriptEngine.invokeMethod(NashornScriptEngine.java:199)
	at ptolemy.actor.lib.jjs.JavaScript._invokeMethodInContext(JavaScript.java:2200)
	... 21 more
Caused by: <function>:393:16 Error: TrainableTest2: The input handler of this accessor was never invoked. Usually, this is an error indicating that starvation is occurring.
	at jdk.nashorn.internal.objects.NativeError.initException(NativeError.java:137)
	at jdk.nashorn.internal.objects.NativeError.<init>(NativeError.java:102)
	at jdk.nashorn.internal.objects.NativeError.<init>(NativeError.java:106)
	at jdk.nashorn.internal.objects.NativeError.<init>(NativeError.java:110)
	at jdk.nashorn.internal.objects.NativeError.constructor(NativeError.java:129)
	at jdk.nashorn.internal.scripts.Script$Recompilation$17598$18573$\^function\_.L:1#wrapup(<function>:393)
	at jdk.nashorn.internal.scripts.Script$Recompilation$17596$30384$require.L:1#Accessor#wrapup(/home/travis/build/icyphy/ptII/ptolemy/actor/lib/jjs/external/require.js#401:30<eval>:675)
	at jdk.nashorn.internal.runtime.ScriptFunctionData.invoke(ScriptFunctionData.java:637)
	at jdk.nashorn.internal.runtime.ScriptFunction.invoke(ScriptFunction.java:494)
	at jdk.nashorn.internal.runtime.ScriptRuntime.apply(ScriptRuntime.java:393)
	at jdk.nashorn.api.scripting.ScriptObjectMirror.callMember(ScriptObjectMirror.java:199)
	at jdk.nashorn.api.scripting.NashornScriptEngine.invokeImpl(NashornScriptEngine.java:386)
	... 23 more
Caused by: ptolemy.kernel.util.IllegalActionException: Failure executing the wrapup function: Error: TrainableTest2: The input handler of this accessor was never invoked. Usually, this is an error indicating that starvation is occurring. in <function> at line number 393 at column number 16
  in .WatchEmulator.TrainableTest2
Because:
Error: TrainableTest2: The input handler of this accessor was never invoked. Usually, this is an error indicating that starvation is occurring. in <function> at line number 393 at column number 16
	at ptolemy.actor.lib.jjs.JavaScript._invokeMethodInContext(JavaScript.java:2223)
	at ptolemy.actor.lib.jjs.JavaScript.wrapup(JavaScript.java:2118)
	at ptolemy.actor.Director.wrapup(Director.java:1722)
	at ptolemy.domains.de.kernel.DEDirector.wrapup(DEDirector.java:1526)
	at ptolemy.actor.CompositeActor.wrapup(CompositeActor.java:2735)
	at ptolemy.actor.Manager.wrapup(Manager.java:1512)
	at ptolemy.actor.Manager.execute(Manager.java:407)
	at ptolemy.vergil.basic.export.ExportModel$2.run(ExportModel.java:390)
	at java.awt.event.InvocationEvent.dispatch(InvocationEvent.java:301)
	at java.awt.EventQueue.dispatchEventImpl(EventQueue.java:756)
	at java.awt.EventQueue.access$500(EventQueue.java:97)
	at java.awt.EventQueue$3.run(EventQueue.java:709)
	at java.awt.EventQueue$3.run(EventQueue.java:703)
	at java.security.AccessController.doPrivileged(Native Method)
	at java.security.ProtectionDomain$JavaSecurityAccessImpl.doIntersectionPrivilege(ProtectionDomain.java:80)
	at java.awt.EventQueue.dispatchEvent(EventQueue.java:726)
	at java.awt.EventDispatchThread.pumpOneEventForFilters(EventDispatchThread.java:201)
	at java.awt.EventDispatchThread.pumpEventsForFilter(EventDispatchThread.java:116)
	at java.awt.EventDispatchThread.pumpEventsForHierarchy(EventDispatchThread.java:105)
	at java.awt.EventDispatchThread.pumpEvents(EventDispatchThread.java:101)
	at java.awt.EventDispatchThread.pumpEvents(EventDispatchThread.java:93)
	at java.awt.EventDispatchThread.run(EventDispatchThread.java:82)
Caused by: javax.script.ScriptException: Error: TrainableTest2: The input handler of this accessor was never invoked. Usually, this is an error indicating that starvation is occurring. in <function> at line number 393 at column number 16
	at jdk.nashorn.api.scripting.NashornScriptEngine.throwAsScriptException(NashornScriptEngine.java:470)
	at jdk.nashorn.api.scripting.NashornScriptEngine.invokeImpl(NashornScriptEngine.java:392)
	at jdk.nashorn.api.scripting.NashornScriptEngine.invokeMethod(NashornScriptEngine.java:199)
	at ptolemy.actor.lib.jjs.JavaScript._invokeMethodInContext(JavaScript.java:2200)
	... 21 more
Caused by: <function>:393:16 Error: TrainableTest2: The input handler of this accessor was never invoked. Usually, this is an error indicating that starvation is occurring.
	at jdk.nashorn.internal.objects.NativeError.initException(NativeError.java:137)
	at jdk.nashorn.internal.objects.NativeError.<init>(NativeError.java:102)
	at jdk.nashorn.internal.objects.NativeError.<init>(NativeError.java:106)
	at jdk.nashorn.internal.objects.NativeError.<init>(NativeError.java:110)
	at jdk.nashorn.internal.objects.NativeError.constructor(NativeError.java:129)
	at jdk.nashorn.internal.scripts.Script$Recompilation$17598$18573$\^function\_.L:1#wrapup(<function>:393)
	at jdk.nashorn.internal.scripts.Script$Recompilation$17596$30384$require.L:1#Accessor#wrapup(/home/travis/build/icyphy/ptII/ptolemy/actor/lib/jjs/external/require.js#401:30<eval>:675)
	at jdk.nashorn.internal.runtime.ScriptFunctionData.invoke(ScriptFunctionData.java:637)
	at jdk.nashorn.internal.runtime.ScriptFunction.invoke(ScriptFunction.java:494)
	at jdk.nashorn.internal.runtime.ScriptRuntime.apply(ScriptRuntime.java:393)
	at jdk.nashorn.api.scripting.ScriptObjectMirror.callMember(ScriptObjectMirror.java:199)
	at jdk.nashorn.api.scripting.NashornScriptEngine.invokeImpl(NashornScriptEngine.java:386)
	... 23 more
Caused by: javax.script.ScriptException: Error: TrainableTest2: The input handler of this accessor was never invoked. Usually, this is an error indicating that starvation is occurring. in <function> at line number 393 at column number 16
	at jdk.nashorn.api.scripting.NashornScriptEngine.throwAsScriptException(NashornScriptEngine.java:470)
	at jdk.nashorn.api.scripting.NashornScriptEngine.invokeImpl(NashornScriptEngine.java:392)
	at jdk.nashorn.api.scripting.NashornScriptEngine.invokeMethod(NashornScriptEngine.java:199)
	at ptolemy.actor.lib.jjs.JavaScript._invokeMethodInContext(JavaScript.java:2200)
	at ptolemy.actor.lib.jjs.JavaScript.wrapup(JavaScript.java:2118)
	at ptolemy.actor.Director.wrapup(Director.java:1722)
	at ptolemy.domains.de.kernel.DEDirector.wrapup(DEDirector.java:1526)
	at ptolemy.actor.CompositeActor.wrapup(CompositeActor.java:2735)
	at ptolemy.actor.Manager.wrapup(Manager.java:1512)
	at ptolemy.actor.Manager.execute(Manager.java:407)
	at ptolemy.vergil.basic.export.ExportModel$2.run(ExportModel.java:390)
	at java.awt.event.InvocationEvent.dispatch(InvocationEvent.java:301)
	at java.awt.EventQueue.dispatchEventImpl(EventQueue.java:756)
	at java.awt.EventQueue.access$500(EventQueue.java:97)
	at java.awt.EventQueue$3.run(EventQueue.java:709)
	at java.awt.EventQueue$3.run(EventQueue.java:703)
	at java.security.AccessController.doPrivileged(Native Method)
	at java.security.ProtectionDomain$JavaSecurityAccessImpl.doIntersectionPrivilege(ProtectionDomain.java:80)
	at java.awt.EventQueue.dispatchEvent(EventQueue.java:726)
	at java.awt.EventDispatchThread.pumpOneEventForFilters(EventDispatchThread.java:201)
	at java.awt.EventDispatchThread.pumpEventsForFilter(EventDispatchThread.java:116)
	at java.awt.EventDispatchThread.pumpEventsForHierarchy(EventDispatchThread.java:105)
	at java.awt.EventDispatchThread.pumpEvents(EventDispatchThread.java:101)
	at java.awt.EventDispatchThread.pumpEvents(EventDispatchThread.java:93)
	at java.awt.EventDispatchThread.run(EventDispatchThread.java:82)
Caused by: <function>:393:16 Error: TrainableTest2: The input handler of this accessor was never invoked. Usually, this is an error indicating that starvation is occurring.
	at jdk.nashorn.internal.objects.NativeError.initException(NativeError.java:137)
	at jdk.nashorn.internal.objects.NativeError.<init>(NativeError.java:102)
	at jdk.nashorn.internal.objects.NativeError.<init>(NativeError.java:106)
	at jdk.nashorn.internal.objects.NativeError.<init>(NativeError.java:110)
	at jdk.nashorn.internal.objects.NativeError.constructor(NativeError.java:129)
	at jdk.nashorn.internal.scripts.Script$Recompilation$17598$18573$\^function\_.L:1#wrapup(<function>:393)
	at jdk.nashorn.internal.scripts.Script$Recompilation$17596$30384$require.L:1#Accessor#wrapup(/home/travis/build/icyphy/ptII/ptolemy/actor/lib/jjs/external/require.js#401:30<eval>:675)
	at jdk.nashorn.internal.runtime.ScriptFunctionData.invoke(ScriptFunctionData.java:637)
	at jdk.nashorn.internal.runtime.ScriptFunction.invoke(ScriptFunction.java:494)
	at jdk.nashorn.internal.runtime.ScriptRuntime.apply(ScriptRuntime.java:393)
	at jdk.nashorn.api.scripting.ScriptObjectMirror.callMember(ScriptObjectMirror.java:199)
	at jdk.nashorn.api.scripting.NashornScriptEngine.invokeImpl(NashornScriptEngine.java:386)
	... 23 more
java.lang.reflect.InvocationTargetException
	at java.awt.EventQueue.invokeAndWait(EventQueue.java:1321)
	at java.awt.EventQueue.invokeAndWait(EventQueue.java:1296)
	at javax.swing.SwingUtilities.invokeAndWait(SwingUtilities.java:1348)
	at ptolemy.vergil.basic.export.ExportModel.exportModel(ExportModel.java:401)
	at ptolemy.vergil.basic.export.test.junit.ExportModelJUnitTest.RunExportModel(ExportModelJUnitTest.java:153)
	at ptolemy.vergil.basic.export.test.junit.ExportModelJUnitTestBatch.RunExportModel(ExportModelJUnitTestBatch.java:97)
	at sun.reflect.GeneratedMethodAccessor18.invoke(Unknown Source)
	at sun.reflect.DelegatingMethodAccessorImpl.invoke(DelegatingMethodAccessorImpl.java:43)
	at java.lang.reflect.Method.invoke(Method.java:498)
	at org.junit.runners.model.FrameworkMethod$1.runReflectiveCall(FrameworkMethod.java:44)
	at org.junit.internal.runners.model.ReflectiveCallable.run(ReflectiveCallable.java:15)
	at org.junit.runners.model.FrameworkMethod.invokeExplosively(FrameworkMethod.java:41)
	at junitparams.internal.InvokeParameterisedMethod.evaluate(InvokeParameterisedMethod.java:102)
	at junitparams.internal.ParameterisedTestMethodRunner.runMethodInvoker(ParameterisedTestMethodRunner.java:47)
	at junitparams.internal.ParameterisedTestMethodRunner.runTestMethod(ParameterisedTestMethodRunner.java:41)
	at junitparams.internal.ParameterisedTestClassRunner.runParameterisedTest(ParameterisedTestClassRunner.java:143)
	at junitparams.JUnitParamsRunner.runChild(JUnitParamsRunner.java:237)
	at junitparams.JUnitParamsRunner.runChild(JUnitParamsRunner.java:215)
	at org.junit.runners.ParentRunner$3.run(ParentRunner.java:193)
	at org.junit.runners.ParentRunner$1.schedule(ParentRunner.java:52)
	at org.junit.runners.ParentRunner.runChildren(ParentRunner.java:191)
	at org.junit.runners.ParentRunner.access$000(ParentRunner.java:42)
	at org.junit.runners.ParentRunner$2.evaluate(ParentRunner.java:184)
	at org.junit.runners.ParentRunner.run(ParentRunner.java:236)
	at junit.framework.JUnit4TestAdapter.run(JUnit4TestAdapter.java:39)
	at org.apache.tools.ant.taskdefs.optional.junit.JUnitTestRunner.run(JUnitTestRunner.java:535)
	at org.apache.tools.ant.taskdefs.optional.junit.JUnitTestRunner.launch(JUnitTestRunner.java:1182)
	at org.apache.tools.ant.taskdefs.optional.junit.JUnitTestRunner.main(JUnitTestRunner.java:1033)
Caused by: java.lang.RuntimeException: ptolemy.kernel.util.IllegalActionException: Exceptions occurred during wrapup:
ptolemy.kernel.util.IllegalActionException: Failure executing the wrapup function: Error: TrainableTest2: The input handler of this accessor was never invoked. Usually, this is an error indicating that starvation is occurring. in <function> at line number 393 at column number 16
  in .WatchEmulator.TrainableTest2
Because:
Error: TrainableTest2: The input handler of this accessor was never invoked. Usually, this is an error indicating that starvation is occurring. in <function> at line number 393 at column number 16

  in .WatchEmulator.DE Director
Because:
Failure executing the wrapup function: Error: TrainableTest2: The input handler of this accessor was never invoked. Usually, this is an error indicating that starvation is occurring. in <function> at line number 393 at column number 16
  in .WatchEmulator.TrainableTest2
Because:
Error: TrainableTest2: The input handler of this accessor was never invoked. Usually, this is an error indicating that starvation is occurring. in <function> at line number 393 at column number 16
	at ptolemy.vergil.basic.export.ExportModel$2.run(ExportModel.java:397)
	at java.awt.event.InvocationEvent.dispatch(InvocationEvent.java:301)
	at java.awt.EventQueue.dispatchEventImpl(EventQueue.java:756)
	at java.awt.EventQueue.access$500(EventQueue.java:97)
	at java.awt.EventQueue$3.run(EventQueue.java:709)
	at java.awt.EventQueue$3.run(EventQueue.java:703)
	at java.security.AccessController.doPrivileged(Native Method)
	at java.security.ProtectionDomain$JavaSecurityAccessImpl.doIntersectionPrivilege(ProtectionDomain.java:80)
	at java.awt.EventQueue.dispatchEvent(EventQueue.java:726)
	at java.awt.EventDispatchThread.pumpOneEventForFilters(EventDispatchThread.java:201)
	at java.awt.EventDispatchThread.pumpEventsForFilter(EventDispatchThread.java:116)
	at java.awt.EventDispatchThread.pumpEventsForHierarchy(EventDispatchThread.java:105)
	at java.awt.EventDispatchThread.pumpEvents(EventDispatchThread.java:101)
	at java.awt.EventDispatchThread.pumpEvents(EventDispatchThread.java:93)
	at java.awt.EventDispatchThread.run(EventDispatchThread.java:82)
Caused by: ptolemy.kernel.util.IllegalActionException: Exceptions occurred during wrapup:
ptolemy.kernel.util.IllegalActionException: Failure executing the wrapup function: Error: TrainableTest2: The input handler of this accessor was never invoked. Usually, this is an error indicating that starvation is occurring. in <function> at line number 393 at column number 16
  in .WatchEmulator.TrainableTest2
Because:
Error: TrainableTest2: The input handler of this accessor was never invoked. Usually, this is an error indicating that starvation is occurring. in <function> at line number 393 at column number 16

  in .WatchEmulator.DE Director
Because:
Failure executing the wrapup function: Error: TrainableTest2: The input handler of this accessor was never invoked. Usually, this is an error indicating that starvation is occurring. in <function> at line number 393 at column number 16
  in .WatchEmulator.TrainableTest2
Because:
Error: TrainableTest2: The input handler of this accessor was never invoked. Usually, this is an error indicating that starvation is occurring. in <function> at line number 393 at column number 16
	at ptolemy.actor.Director.wrapup(Director.java:1736)
	at ptolemy.domains.de.kernel.DEDirector.wrapup(DEDirector.java:1526)
	at ptolemy.actor.CompositeActor.wrapup(CompositeActor.java:2735)
	at ptolemy.actor.Manager.wrapup(Manager.java:1512)
	at ptolemy.actor.Manager.execute(Manager.java:407)
	at ptolemy.vergil.basic.export.ExportModel$2.run(ExportModel.java:390)
	... 14 more
Caused by: ptolemy.kernel.util.IllegalActionException: Failure executing the wrapup function: Error: TrainableTest2: The input handler of this accessor was never invoked. Usually, this is an error indicating that starvation is occurring. in <function> at line number 393 at column number 16
  in .WatchEmulator.TrainableTest2
Because:
Error: TrainableTest2: The input handler of this accessor was never invoked. Usually, this is an error indicating that starvation is occurring. in <function> at line number 393 at column number 16
	at ptolemy.actor.lib.jjs.JavaScript._invokeMethodInContext(JavaScript.java:2223)
	at ptolemy.actor.lib.jjs.JavaScript.wrapup(JavaScript.java:2118)
	at ptolemy.actor.Director.wrapup(Director.java:1722)
	... 19 more
Caused by: javax.script.ScriptException: Error: TrainableTest2: The input handler of this accessor was never invoked. Usually, this is an error indicating that starvation is occurring. in <function> at line number 393 at column number 16
	at jdk.nashorn.api.scripting.NashornScriptEngine.throwAsScriptException(NashornScriptEngine.java:470)
	at jdk.nashorn.api.scripting.NashornScriptEngine.invokeImpl(NashornScriptEngine.java:392)
	at jdk.nashorn.api.scripting.NashornScriptEngine.invokeMethod(NashornScriptEngine.java:199)
	at ptolemy.actor.lib.jjs.JavaScript._invokeMethodInContext(JavaScript.java:2200)
	... 21 more
Caused by: <function>:393:16 Error: TrainableTest2: The input handler of this accessor was never invoked. Usually, this is an error indicating that starvation is occurring.
	at jdk.nashorn.internal.objects.NativeError.initException(NativeError.java:137)
	at jdk.nashorn.internal.objects.NativeError.<init>(NativeError.java:102)
	at jdk.nashorn.internal.objects.NativeError.<init>(NativeError.java:106)
	at jdk.nashorn.internal.objects.NativeError.<init>(NativeError.java:110)
	at jdk.nashorn.internal.objects.NativeError.constructor(NativeError.java:129)
	at jdk.nashorn.internal.scripts.Script$Recompilation$17598$18573$\^function\_.L:1#wrapup(<function>:393)
	at jdk.nashorn.internal.scripts.Script$Recompilation$17596$30384$require.L:1#Accessor#wrapup(/home/travis/build/icyphy/ptII/ptolemy/actor/lib/jjs/external/require.js#401:30<eval>:675)
	at jdk.nashorn.internal.runtime.ScriptFunctionData.invoke(ScriptFunctionData.java:637)
	at jdk.nashorn.internal.runtime.ScriptFunction.invoke(ScriptFunction.java:494)
	at jdk.nashorn.internal.runtime.ScriptRuntime.apply(ScriptRuntime.java:393)
	at jdk.nashorn.api.scripting.ScriptObjectMirror.callMember(ScriptObjectMirror.java:199)
	at jdk.nashorn.api.scripting.NashornScriptEngine.invokeImpl(NashornScriptEngine.java:386)
	... 23 more
WARNING: Clock: Model stopped before executing actions (e.g. producing outputs) scheduled for execution at times [27.0]
WARNING: Invoking send() too late (probably in a callback), so WebSocketServer is not able to send the token {socketID = 0, status = "closed"} to the output connection. Token is discarded.
WARNING: Invoking send() too late (probably in a callback), so WebSocketServer is not able to send the token {socketID = 0, status = "closed"} to the output connection. Token is discarded.
WARNING: Clock: Model stopped before executing actions (e.g. producing outputs) scheduled for execution at times [11.0]
WARNING: Clock: Model stopped before executing actions (e.g. producing outputs) scheduled for execution at times [11.0]
WARNING: Invoking send() too late (probably in a callback), so WebSocketServer is not able to send the token {socketID = 0, status = "closed"} to the output connection. Token is discarded.
WARNING: Invoking send() too late (probably in a callback), so WebSocketServer is not able to send the token {socketID = 0, status = "closed"} to the output connection. Token is discarded.
[atomic-processor-1] INFO com.github.sarxos.webcam.ds.cgt.WebcamOpenTask - Opening webcam Dummy Webcam 0
[atomic-processor-1] INFO com.github.sarxos.webcam.ds.cgt.WebcamCloseTask - Closing Dummy Webcam 0
WARNING: Invoking send() too late (probably in a callback), so WebSocketServer is not able to send the token {socketID = 0, status = "closed"} to the output connection. Token is discarded.
WARNING: Invoking send() too late (probably in a callback), so WebSocketServer is not able to send the token {socketID = 0, status = "closed"} to the output connection. Token is discarded.
WARNING: WebSocketClient: Model stopped before executing actions (e.g. producing outputs) scheduled for execution at times [101.0]
WARNING: TestSpontaneous: Model stopped before executing actions (e.g. producing outputs) scheduled for execution at times [24.0]
WARNING: Invoking send() too late (probably in a callback), so WebSocketServer is not able to send the token {socketID = 0, status = "closed"} to the output connection. Token is discarded.
WARNING: Invoking send() too late (probably in a callback), so WebSocketServer is not able to send the token {socketID = 0, status = "closed"} to the output connection. Token is discarded.
[atomic-processor-1] INFO com.github.sarxos.webcam.ds.cgt.WebcamOpenTask - Opening webcam Dummy Webcam 0
WARNING: Invoking send() too late (probably in a callback), so Camera is not able to send the token {type="class ptolemy.data.AWTImageToken", width="640", height="480"} to the output image. Token is discarded.
[atomic-processor-1] INFO com.github.sarxos.webcam.ds.cgt.WebcamCloseTask - Closing Dummy Webcam 0
WARNING: Invoking send() too late (probably in a callback), so WebSocketServer is not able to send the token {socketID = 0, status = "closed"} to the output connection. Token is discarded.
WARNING: Invoking send() too late (probably in a callback), so WebSocketServer is not able to send the token {socketID = 0, status = "closed"} to the output connection. Token is discarded.
WARNING: WebSocketClient: Model stopped before executing actions (e.g. producing outputs) scheduled for execution at times [25.377000000000002]
WARNING: TestSpontaneous: Model stopped before executing actions (e.g. producing outputs) scheduled for execution at times [12.5]
May 13, 2018 1:42:41 AM ptolemy.actor.lib.r.RExpression fire
SEVERE: Error in _exec()
ptolemy.kernel.util.IllegalActionException: There has been a problem running the R script!
It may be due to an error in your script, it may be that R is not
installed on your system, or it may not be on your path and cannot
be located by Kepler.  Please make sure R is installed and the
R command line executable is in the path.For more information, see 
 section 8.2.2 of the Kepler User Manual.
  in .R3RPlot.RExpression
Because:
java.lang.NullPointerException
	at ptolemy.actor.lib.r.RExpression.fire(RExpression.java:860)
	at ptolemy.actor.AtomicActor.iterate(AtomicActor.java:512)
	at ptolemy.actor.sched.StaticSchedulingDirector.fire(StaticSchedulingDirector.java:216)
	at ptolemy.domains.sdf.kernel.SDFDirector.fire(SDFDirector.java:500)
	at ptolemy.actor.CompositeActor.fire(CompositeActor.java:455)
	at ptolemy.actor.Manager.iterate(Manager.java:851)
	at ptolemy.actor.Manager.execute(Manager.java:369)
	at ptolemy.vergil.basic.export.ExportModel$2.run(ExportModel.java:390)
	at java.awt.event.InvocationEvent.dispatch(InvocationEvent.java:301)
	at java.awt.EventQueue.dispatchEventImpl(EventQueue.java:756)
	at java.awt.EventQueue.access$500(EventQueue.java:97)
	at java.awt.EventQueue$3.run(EventQueue.java:709)
	at java.awt.EventQueue$3.run(EventQueue.java:703)
	at java.security.AccessController.doPrivileged(Native Method)
	at java.security.ProtectionDomain$JavaSecurityAccessImpl.doIntersectionPrivilege(ProtectionDomain.java:80)
	at java.awt.EventQueue.dispatchEvent(EventQueue.java:726)
	at java.awt.EventDispatchThread.pumpOneEventForFilters(EventDispatchThread.java:201)
	at java.awt.EventDispatchThread.pumpEventsForFilter(EventDispatchThread.java:116)
	at java.awt.EventDispatchThread.pumpEventsForHierarchy(EventDispatchThread.java:105)
	at java.awt.EventDispatchThread.pumpEvents(EventDispatchThread.java:101)
	at java.awt.EventDispatchThread.pumpEvents(EventDispatchThread.java:93)
	at java.awt.EventDispatchThread.run(EventDispatchThread.java:82)
Caused by: java.lang.NullPointerException
	at ptolemy.actor.lib.r.RExpression.fire(RExpression.java:843)
	... 21 more
Caused by: java.lang.NullPointerException
	at ptolemy.actor.lib.r.RExpression.fire(RExpression.java:843)
	at ptolemy.actor.AtomicActor.iterate(AtomicActor.java:512)
	at ptolemy.actor.sched.StaticSchedulingDirector.fire(StaticSchedulingDirector.java:216)
	at ptolemy.domains.sdf.kernel.SDFDirector.fire(SDFDirector.java:500)
	at ptolemy.actor.CompositeActor.fire(CompositeActor.java:455)
	at ptolemy.actor.Manager.iterate(Manager.java:851)
	at ptolemy.actor.Manager.execute(Manager.java:369)
	at ptolemy.vergil.basic.export.ExportModel$2.run(ExportModel.java:390)
	at java.awt.event.InvocationEvent.dispatch(InvocationEvent.java:301)
	at java.awt.EventQueue.dispatchEventImpl(EventQueue.java:756)
	at java.awt.EventQueue.access$500(EventQueue.java:97)
	at java.awt.EventQueue$3.run(EventQueue.java:709)
	at java.awt.EventQueue$3.run(EventQueue.java:703)
	at java.security.AccessController.doPrivileged(Native Method)
	at java.security.ProtectionDomain$JavaSecurityAccessImpl.doIntersectionPrivilege(ProtectionDomain.java:80)
	at java.awt.EventQueue.dispatchEvent(EventQueue.java:726)
	at java.awt.EventDispatchThread.pumpOneEventForFilters(EventDispatchThread.java:201)
	at java.awt.EventDispatchThread.pumpEventsForFilter(EventDispatchThread.java:116)
	at java.awt.EventDispatchThread.pumpEventsForHierarchy(EventDispatchThread.java:105)
	at java.awt.EventDispatchThread.pumpEvents(EventDispatchThread.java:101)
	at java.awt.EventDispatchThread.pumpEvents(EventDispatchThread.java:93)
	at java.awt.EventDispatchThread.run(EventDispatchThread.java:82)
java.lang.reflect.InvocationTargetException
	at java.awt.EventQueue.invokeAndWait(EventQueue.java:1321)
	at java.awt.EventQueue.invokeAndWait(EventQueue.java:1296)
	at javax.swing.SwingUtilities.invokeAndWait(SwingUtilities.java:1348)
	at ptolemy.vergil.basic.export.ExportModel.exportModel(ExportModel.java:401)
	at ptolemy.vergil.basic.export.test.junit.ExportModelJUnitTest.RunExportModel(ExportModelJUnitTest.java:153)
	at ptolemy.vergil.basic.export.test.junit.ExportModelJUnitTestBatch.RunExportModel(ExportModelJUnitTestBatch.java:97)
	at sun.reflect.GeneratedMethodAccessor18.invoke(Unknown Source)
	at sun.reflect.DelegatingMethodAccessorImpl.invoke(DelegatingMethodAccessorImpl.java:43)
	at java.lang.reflect.Method.invoke(Method.java:498)
	at org.junit.runners.model.FrameworkMethod$1.runReflectiveCall(FrameworkMethod.java:44)
	at org.junit.internal.runners.model.ReflectiveCallable.run(ReflectiveCallable.java:15)
	at org.junit.runners.model.FrameworkMethod.invokeExplosively(FrameworkMethod.java:41)
	at junitparams.internal.InvokeParameterisedMethod.evaluate(InvokeParameterisedMethod.java:102)
	at junitparams.internal.ParameterisedTestMethodRunner.runMethodInvoker(ParameterisedTestMethodRunner.java:47)
	at junitparams.internal.ParameterisedTestMethodRunner.runTestMethod(ParameterisedTestMethodRunner.java:41)
	at junitparams.internal.ParameterisedTestClassRunner.runParameterisedTest(ParameterisedTestClassRunner.java:143)
	at junitparams.JUnitParamsRunner.runChild(JUnitParamsRunner.java:237)
	at junitparams.JUnitParamsRunner.runChild(JUnitParamsRunner.java:215)
	at org.junit.runners.ParentRunner$3.run(ParentRunner.java:193)
	at org.junit.runners.ParentRunner$1.schedule(ParentRunner.java:52)
	at org.junit.runners.ParentRunner.runChildren(ParentRunner.java:191)
	at org.junit.runners.ParentRunner.access$000(ParentRunner.java:42)
	at org.junit.runners.ParentRunner$2.evaluate(ParentRunner.java:184)
	at org.junit.runners.ParentRunner.run(ParentRunner.java:236)
	at junit.framework.JUnit4TestAdapter.run(JUnit4TestAdapter.java:39)
	at org.apache.tools.ant.taskdefs.optional.junit.JUnitTestRunner.run(JUnitTestRunner.java:535)
	at org.apache.tools.ant.taskdefs.optional.junit.JUnitTestRunner.launch(JUnitTestRunner.java:1182)
	at org.apache.tools.ant.taskdefs.optional.junit.JUnitTestRunner.main(JUnitTestRunner.java:1033)
Caused by: java.lang.RuntimeException: ptolemy.kernel.util.IllegalActionException: There has been a problem running the R script!
It may be due to an error in your script, it may be that R is not
installed on your system, or it may not be on your path and cannot
be located by Kepler.  Please make sure R is installed and the
R command line executable is in the path.For more information, see 
 section 8.2.2 of the Kepler User Manual.
  in .R3RPlot.RExpression
Because:
java.lang.NullPointerException
	at ptolemy.vergil.basic.export.ExportModel$2.run(ExportModel.java:397)
	at java.awt.event.InvocationEvent.dispatch(InvocationEvent.java:301)
	at java.awt.EventQueue.dispatchEventImpl(EventQueue.java:756)
	at java.awt.EventQueue.access$500(EventQueue.java:97)
	at java.awt.EventQueue$3.run(EventQueue.java:709)
	at java.awt.EventQueue$3.run(EventQueue.java:703)
	at java.security.AccessController.doPrivileged(Native Method)
	at java.security.ProtectionDomain$JavaSecurityAccessImpl.doIntersectionPrivilege(ProtectionDomain.java:80)
	at java.awt.EventQueue.dispatchEvent(EventQueue.java:726)
	at java.awt.EventDispatchThread.pumpOneEventForFilters(EventDispatchThread.java:201)
	at java.awt.EventDispatchThread.pumpEventsForFilter(EventDispatchThread.java:116)
	at java.awt.EventDispatchThread.pumpEventsForHierarchy(EventDispatchThread.java:105)
	at java.awt.EventDispatchThread.pumpEvents(EventDispatchThread.java:101)
	at java.awt.EventDispatchThread.pumpEvents(EventDispatchThread.java:93)
	at java.awt.EventDispatchThread.run(EventDispatchThread.java:82)
Caused by: ptolemy.kernel.util.IllegalActionException: There has been a problem running the R script!
It may be due to an error in your script, it may be that R is not
installed on your system, or it may not be on your path and cannot
be located by Kepler.  Please make sure R is installed and the
R command line executable is in the path.For more information, see 
 section 8.2.2 of the Kepler User Manual.
  in .R3RPlot.RExpression
Because:
java.lang.NullPointerException
	at ptolemy.actor.lib.r.RExpression.fire(RExpression.java:860)
	at ptolemy.actor.AtomicActor.iterate(AtomicActor.java:512)
	at ptolemy.actor.sched.StaticSchedulingDirector.fire(StaticSchedulingDirector.java:216)
	at ptolemy.domains.sdf.kernel.SDFDirector.fire(SDFDirector.java:500)
	at ptolemy.actor.CompositeActor.fire(CompositeActor.java:455)
	at ptolemy.actor.Manager.iterate(Manager.java:851)
	at ptolemy.actor.Manager.execute(Manager.java:369)
	at ptolemy.vergil.basic.export.ExportModel$2.run(ExportModel.java:390)
	... 14 more
Caused by: java.lang.NullPointerException
	at ptolemy.actor.lib.r.RExpression.fire(RExpression.java:843)
	... 21 more
May 13, 2018 1:42:42 AM ptolemy.actor.lib.r.RExpression fire
SEVERE: Error in _exec()
ptolemy.kernel.util.IllegalActionException: There has been a problem running the R script!
It may be due to an error in your script, it may be that R is not
installed on your system, or it may not be on your path and cannot
be located by Kepler.  Please make sure R is installed and the
R command line executable is in the path.For more information, see 
 section 8.2.2 of the Kepler User Manual.
  in .RRecordToDataframe.RExpression
Because:
java.lang.NullPointerException
	at ptolemy.actor.lib.r.RExpression.fire(RExpression.java:860)
	at ptolemy.actor.AtomicActor.iterate(AtomicActor.java:512)
	at ptolemy.actor.sched.StaticSchedulingDirector.fire(StaticSchedulingDirector.java:216)
	at ptolemy.domains.sdf.kernel.SDFDirector.fire(SDFDirector.java:500)
	at ptolemy.actor.CompositeActor.fire(CompositeActor.java:455)
	at ptolemy.actor.Manager.iterate(Manager.java:851)
	at ptolemy.actor.Manager.execute(Manager.java:369)
	at ptolemy.vergil.basic.export.ExportModel$2.run(ExportModel.java:390)
	at java.awt.event.InvocationEvent.dispatch(InvocationEvent.java:301)
	at java.awt.EventQueue.dispatchEventImpl(EventQueue.java:756)
	at java.awt.EventQueue.access$500(EventQueue.java:97)
	at java.awt.EventQueue$3.run(EventQueue.java:709)
	at java.awt.EventQueue$3.run(EventQueue.java:703)
	at java.security.AccessController.doPrivileged(Native Method)
	at java.security.ProtectionDomain$JavaSecurityAccessImpl.doIntersectionPrivilege(ProtectionDomain.java:80)
	at java.awt.EventQueue.dispatchEvent(EventQueue.java:726)
	at java.awt.EventDispatchThread.pumpOneEventForFilters(EventDispatchThread.java:201)
	at java.awt.EventDispatchThread.pumpEventsForFilter(EventDispatchThread.java:116)
	at java.awt.EventDispatchThread.pumpEventsForHierarchy(EventDispatchThread.java:105)
	at java.awt.EventDispatchThread.pumpEvents(EventDispatchThread.java:101)
	at java.awt.EventDispatchThread.pumpEvents(EventDispatchThread.java:93)
	at java.awt.EventDispatchThread.run(EventDispatchThread.java:82)
Caused by: java.lang.NullPointerException
	at ptolemy.actor.lib.r.RExpression.fire(RExpression.java:843)
	... 21 more
Caused by: java.lang.NullPointerException
	at ptolemy.actor.lib.r.RExpression.fire(RExpression.java:843)
	at ptolemy.actor.AtomicActor.iterate(AtomicActor.java:512)
	at ptolemy.actor.sched.StaticSchedulingDirector.fire(StaticSchedulingDirector.java:216)
	at ptolemy.domains.sdf.kernel.SDFDirector.fire(SDFDirector.java:500)
	at ptolemy.actor.CompositeActor.fire(CompositeActor.java:455)
	at ptolemy.actor.Manager.iterate(Manager.java:851)
	at ptolemy.actor.Manager.execute(Manager.java:369)
	at ptolemy.vergil.basic.export.ExportModel$2.run(ExportModel.java:390)
	at java.awt.event.InvocationEvent.dispatch(InvocationEvent.java:301)
	at java.awt.EventQueue.dispatchEventImpl(EventQueue.java:756)
	at java.awt.EventQueue.access$500(EventQueue.java:97)
	at java.awt.EventQueue$3.run(EventQueue.java:709)
	at java.awt.EventQueue$3.run(EventQueue.java:703)
	at java.security.AccessController.doPrivileged(Native Method)
	at java.security.ProtectionDomain$JavaSecurityAccessImpl.doIntersectionPrivilege(ProtectionDomain.java:80)
	at java.awt.EventQueue.dispatchEvent(EventQueue.java:726)
	at java.awt.EventDispatchThread.pumpOneEventForFilters(EventDispatchThread.java:201)
	at java.awt.EventDispatchThread.pumpEventsForFilter(EventDispatchThread.java:116)
	at java.awt.EventDispatchThread.pumpEventsForHierarchy(EventDispatchThread.java:105)
	at java.awt.EventDispatchThread.pumpEvents(EventDispatchThread.java:101)
	at java.awt.EventDispatchThread.pumpEvents(EventDispatchThread.java:93)
	at java.awt.EventDispatchThread.run(EventDispatchThread.java:82)
java.lang.reflect.InvocationTargetException
	at java.awt.EventQueue.invokeAndWait(EventQueue.java:1321)
	at java.awt.EventQueue.invokeAndWait(EventQueue.java:1296)
	at javax.swing.SwingUtilities.invokeAndWait(SwingUtilities.java:1348)
	at ptolemy.vergil.basic.export.ExportModel.exportModel(ExportModel.java:401)
	at ptolemy.vergil.basic.export.test.junit.ExportModelJUnitTest.RunExportModel(ExportModelJUnitTest.java:153)
	at ptolemy.vergil.basic.export.test.junit.ExportModelJUnitTestBatch.RunExportModel(ExportModelJUnitTestBatch.java:97)
	at sun.reflect.GeneratedMethodAccessor18.invoke(Unknown Source)
	at sun.reflect.DelegatingMethodAccessorImpl.invoke(DelegatingMethodAccessorImpl.java:43)
	at java.lang.reflect.Method.invoke(Method.java:498)
	at org.junit.runners.model.FrameworkMethod$1.runReflectiveCall(FrameworkMethod.java:44)
	at org.junit.internal.runners.model.ReflectiveCallable.run(ReflectiveCallable.java:15)
	at org.junit.runners.model.FrameworkMethod.invokeExplosively(FrameworkMethod.java:41)
	at junitparams.internal.InvokeParameterisedMethod.evaluate(InvokeParameterisedMethod.java:102)
	at junitparams.internal.ParameterisedTestMethodRunner.runMethodInvoker(ParameterisedTestMethodRunner.java:47)
	at junitparams.internal.ParameterisedTestMethodRunner.runTestMethod(ParameterisedTestMethodRunner.java:41)
	at junitparams.internal.ParameterisedTestClassRunner.runParameterisedTest(ParameterisedTestClassRunner.java:143)
	at junitparams.JUnitParamsRunner.runChild(JUnitParamsRunner.java:237)
	at junitparams.JUnitParamsRunner.runChild(JUnitParamsRunner.java:215)
	at org.junit.runners.ParentRunner$3.run(ParentRunner.java:193)
	at org.junit.runners.ParentRunner$1.schedule(ParentRunner.java:52)
	at org.junit.runners.ParentRunner.runChildren(ParentRunner.java:191)
	at org.junit.runners.ParentRunner.access$000(ParentRunner.java:42)
	at org.junit.runners.ParentRunner$2.evaluate(ParentRunner.java:184)
	at org.junit.runners.ParentRunner.run(ParentRunner.java:236)
	at junit.framework.JUnit4TestAdapter.run(JUnit4TestAdapter.java:39)
	at org.apache.tools.ant.taskdefs.optional.junit.JUnitTestRunner.run(JUnitTestRunner.java:535)
	at org.apache.tools.ant.taskdefs.optional.junit.JUnitTestRunner.launch(JUnitTestRunner.java:1182)
	at org.apache.tools.ant.taskdefs.optional.junit.JUnitTestRunner.main(JUnitTestRunner.java:1033)
Caused by: java.lang.RuntimeException: ptolemy.kernel.util.IllegalActionException: There has been a problem running the R script!
It may be due to an error in your script, it may be that R is not
installed on your system, or it may not be on your path and cannot
be located by Kepler.  Please make sure R is installed and the
R command line executable is in the path.For more information, see 
 section 8.2.2 of the Kepler User Manual.
  in .RRecordToDataframe.RExpression
Because:
java.lang.NullPointerException
	at ptolemy.vergil.basic.export.ExportModel$2.run(ExportModel.java:397)
	at java.awt.event.InvocationEvent.dispatch(InvocationEvent.java:301)
	at java.awt.EventQueue.dispatchEventImpl(EventQueue.java:756)
	at java.awt.EventQueue.access$500(EventQueue.java:97)
	at java.awt.EventQueue$3.run(EventQueue.java:709)
	at java.awt.EventQueue$3.run(EventQueue.java:703)
	at java.security.AccessController.doPrivileged(Native Method)
	at java.security.ProtectionDomain$JavaSecurityAccessImpl.doIntersectionPrivilege(ProtectionDomain.java:80)
	at java.awt.EventQueue.dispatchEvent(EventQueue.java:726)
	at java.awt.EventDispatchThread.pumpOneEventForFilters(EventDispatchThread.java:201)
	at java.awt.EventDispatchThread.pumpEventsForFilter(EventDispatchThread.java:116)
	at java.awt.EventDispatchThread.pumpEventsForHierarchy(EventDispatchThread.java:105)
	at java.awt.EventDispatchThread.pumpEvents(EventDispatchThread.java:101)
	at java.awt.EventDispatchThread.pumpEvents(EventDispatchThread.java:93)
	at java.awt.EventDispatchThread.run(EventDispatchThread.java:82)
Caused by: ptolemy.kernel.util.IllegalActionException: There has been a problem running the R script!
It may be due to an error in your script, it may be that R is not
installed on your system, or it may not be on your path and cannot
be located by Kepler.  Please make sure R is installed and the
R command line executable is in the path.For more information, see 
 section 8.2.2 of the Kepler User Manual.
  in .RRecordToDataframe.RExpression
Because:
java.lang.NullPointerException
	at ptolemy.actor.lib.r.RExpression.fire(RExpression.java:860)
	at ptolemy.actor.AtomicActor.iterate(AtomicActor.java:512)
	at ptolemy.actor.sched.StaticSchedulingDirector.fire(StaticSchedulingDirector.java:216)
	at ptolemy.domains.sdf.kernel.SDFDirector.fire(SDFDirector.java:500)
	at ptolemy.actor.CompositeActor.fire(CompositeActor.java:455)
	at ptolemy.actor.Manager.iterate(Manager.java:851)
	at ptolemy.actor.Manager.execute(Manager.java:369)
	at ptolemy.vergil.basic.export.ExportModel$2.run(ExportModel.java:390)
	... 14 more
Caused by: java.lang.NullPointerException
	at ptolemy.actor.lib.r.RExpression.fire(RExpression.java:843)
	... 21 more
Warning: Running an XSLT 1.0 stylesheet with an XSLT 2.0 processor
Warning: Running an XSLT 1.0 stylesheet with an XSLT 2.0 processor
Warning: Running an XSLT 1.0 stylesheet with an XSLT 2.0 processor
ptolemy.kernel.util.IllegalActionException: Failed to process attribute change to PtalonParameter, whose value is "ptolemy.actor.ptalon.PtalonExpressionParameter {.SendAndReceiveCnt.SendAndReceiveCnt.channelName} "AtomicWirelessChannel"".
  in .SendAndReceiveCnt.SendAndReceiveCnt
Because:
Unable to add actor null
	at ptolemy.actor.ptalon.PtalonActor.attributeChanged(PtalonActor.java:211)
	at ptolemy.actor.ptalon.PtalonMLHandler.startElement(PtalonMLHandler.java:134)
	at com.microstar.xml.XmlParser.parseElement(XmlParser.java:921)
	at com.microstar.xml.XmlParser.parseContent(XmlParser.java:1104)
	at com.microstar.xml.XmlParser.parseElement(XmlParser.java:924)
	at com.microstar.xml.XmlParser.parseDocument(XmlParser.java:481)
	at com.microstar.xml.XmlParser.doParse(XmlParser.java:159)
	at com.microstar.xml.XmlParser.parse(XmlParser.java:132)
	at ptolemy.actor.ptalon.PtalonActor.configure(PtalonActor.java:240)
	at ptolemy.moml.MoMLParser.endElement(MoMLParser.java:996)
	at com.microstar.xml.XmlParser.parseETag(XmlParser.java:1026)
	at com.microstar.xml.XmlParser.parseContent(XmlParser.java:1098)
	at com.microstar.xml.XmlParser.parseElement(XmlParser.java:924)
	at com.microstar.xml.XmlParser.parseContent(XmlParser.java:1104)
	at com.microstar.xml.XmlParser.parseElement(XmlParser.java:924)
	at com.microstar.xml.XmlParser.parseContent(XmlParser.java:1104)
	at com.microstar.xml.XmlParser.parseElement(XmlParser.java:924)
	at com.microstar.xml.XmlParser.parseDocument(XmlParser.java:481)
	at com.microstar.xml.XmlParser.doParse(XmlParser.java:159)
	at com.microstar.xml.XmlParser.parse(XmlParser.java:132)
	at ptolemy.moml.MoMLParser.parse(MoMLParser.java:1676)
	at ptolemy.moml.MoMLParser.parse(MoMLParser.java:1595)
	at ptolemy.moml.MoMLParser.parse(MoMLParser.java:1537)
	at ptolemy.actor.gui.PtolemyEffigy$Factory.createEffigy(PtolemyEffigy.java:424)
	at ptolemy.actor.gui.EffigyFactory.createEffigy(EffigyFactory.java:234)
	at ptolemy.actor.gui.Configuration.openModel(Configuration.java:1125)
	at ptolemy.actor.gui.Configuration.openModel(Configuration.java:1051)
	at ptolemy.actor.gui.ConfigurationApplication._openModel(ConfigurationApplication.java:1252)
	at ptolemy.actor.gui.ConfigurationApplication._parseArg(ConfigurationApplication.java:1399)
	at ptolemy.actor.gui.ConfigurationApplication._parseArgs(ConfigurationApplication.java:1478)
	at ptolemy.actor.gui.ConfigurationApplication.<init>(ConfigurationApplication.java:277)
	at ptolemy.actor.gui.ConfigurationApplication.<init>(ConfigurationApplication.java:214)
	at ptolemy.actor.gui.ConfigurationApplication.<init>(ConfigurationApplication.java:201)
	at ptolemy.actor.gui.ConfigurationApplication.openModelOrEntity(ConfigurationApplication.java:680)
	at ptolemy.vergil.basic.export.ExportModel$1.run(ExportModel.java:220)
	at java.awt.event.InvocationEvent.dispatch(InvocationEvent.java:301)
	at java.awt.EventQueue.dispatchEventImpl(EventQueue.java:756)
	at java.awt.EventQueue.access$500(EventQueue.java:97)
	at java.awt.EventQueue$3.run(EventQueue.java:709)
	at java.awt.EventQueue$3.run(EventQueue.java:703)
	at java.security.AccessController.doPrivileged(Native Method)
	at java.security.ProtectionDomain$JavaSecurityAccessImpl.doIntersectionPrivilege(ProtectionDomain.java:80)
	at java.awt.EventQueue.dispatchEvent(EventQueue.java:726)
	at java.awt.EventDispatchThread.pumpOneEventForFilters(EventDispatchThread.java:201)
	at java.awt.EventDispatchThread.pumpEventsForFilter(EventDispatchThread.java:116)
	at java.awt.EventDispatchThread.pumpEventsForHierarchy(EventDispatchThread.java:105)
	at java.awt.EventDispatchThread.pumpEvents(EventDispatchThread.java:101)
	at java.awt.EventDispatchThread.pumpEvents(EventDispatchThread.java:93)
	at java.awt.EventDispatchThread.run(EventDispatchThread.java:82)
Caused by: ptolemy.actor.ptalon.PtalonRuntimeException: Unable to add actor null
	at ptolemy.actor.ptalon.PtalonEvaluator.addActor(PtalonEvaluator.java:300)
	at ptolemy.actor.ptalon.PtalonPopulator.actor_declaration(PtalonPopulator.java:1574)
	at ptolemy.actor.ptalon.PtalonPopulator.atomic_statement(PtalonPopulator.java:1638)
	at ptolemy.actor.ptalon.PtalonPopulator.iterative_statement_evaluator(PtalonPopulator.java:2484)
	at ptolemy.actor.ptalon.AbstractPtalonEvaluator$IfTree.evaluateForScope(AbstractPtalonEvaluator.java:1307)
	at ptolemy.actor.ptalon.AbstractPtalonEvaluator.evaluateForScope(AbstractPtalonEvaluator.java:744)
	at ptolemy.actor.ptalon.PtalonPopulator.iterative_statement(PtalonPopulator.java:2363)
	at ptolemy.actor.ptalon.PtalonPopulator.actor_definition(PtalonPopulator.java:2809)
	at ptolemy.actor.ptalon.PtalonActor.attributeChanged(PtalonActor.java:206)
	... 48 more
Caused by: ptolemy.kernel.util.InternalErrorException: Element <entity name="sender1" class="ptolemy.actor.ptalon.demo.ptinyos.SendAndReceiveCnt.CntToLedsAndRfm"> caused an exception to be thrown.
  in .SendAndReceiveCnt.SendAndReceiveCnt
Because:
Cannot find class: ptolemy.actor.ptalon.demo.ptinyos.SendAndReceiveCnt.CntToLedsAndRfm. In Ptolemy, classes are typically Java .class files. Entities like actors may instead be defined within a .xml file.  In any case, the class was not found. If the class uses a third party package, then the class would be present only if the third party package was found at compile time.  It may be necessary to upgrade Java or install the third party package, reconfigure and recompile.
Because:
Element <entity name="MicaLeds" class="ptolemy.domains.ptinyos.lib.MicaLeds"> caused an exception to be thrown.
  in .CntToLedsAndRfm
Because:
Cannot find class: ptolemy.domains.ptinyos.lib.MicaLeds. In Ptolemy, classes are typically Java .class files. Entities like actors may instead be defined within a .xml file.  In any case, the class was not found. If the class uses a third party package, then the class would be present only if the third party package was found at compile time.  It may be necessary to upgrade Java or install the third party package, reconfigure and recompile.
Because:
-- /home/travis/build/icyphy/ptII/ptolemy/actor/ptalon/demo/ptinyos/SendAndReceiveCnt/ptolemy/domains/ptinyos/lib/MicaLeds.xml (No such file or directory)
-- XML file not found relative to classpath.
-- /home/travis/build/icyphy/ptII/ptolemy/vergil/basic/export/test/ptolemy/domains/ptinyos/lib/MicaLeds.xml
/home/travis/build/icyphy/ptII/ptolemy/vergil/basic/export/test/ptolemy/domains/ptinyos/lib/MicaLeds.xml (No such file or directory)
 in file:/home/travis/build/icyphy/ptII/ptolemy/actor/ptalon/demo/ptinyos/SendAndReceiveCnt/CntToLedsAndRfm.xml at line 132 and column 63
	at ptolemy.moml.SimpleErrorHandler.handleError(SimpleErrorHandler.java:75)
	at ptolemy.moml.MoMLParser.startElement(MoMLParser.java:3805)
	at com.microstar.xml.XmlParser.parseElement(XmlParser.java:931)
	at com.microstar.xml.XmlParser.parseDocument(XmlParser.java:481)
	at com.microstar.xml.XmlParser.doParse(XmlParser.java:159)
	at com.microstar.xml.XmlParser.parse(XmlParser.java:132)
	at ptolemy.moml.MoMLParser.parse(MoMLParser.java:1660)
	at ptolemy.moml.MoMLParser.parse(MoMLParser.java:1617)
	at ptolemy.moml.MoMLParser.parse(MoMLParser.java:1792)
	at ptolemy.actor.ptalon.PtalonEvaluator.addActor(PtalonEvaluator.java:241)
	... 56 more
Caused by: ptolemy.kernel.util.IllegalActionException: Cannot find class: ptolemy.actor.ptalon.demo.ptinyos.SendAndReceiveCnt.CntToLedsAndRfm. In Ptolemy, classes are typically Java .class files. Entities like actors may instead be defined within a .xml file.  In any case, the class was not found. If the class uses a third party package, then the class would be present only if the third party package was found at compile time.  It may be necessary to upgrade Java or install the third party package, reconfigure and recompile.
Because:
Element <entity name="MicaLeds" class="ptolemy.domains.ptinyos.lib.MicaLeds"> caused an exception to be thrown.
  in .CntToLedsAndRfm
Because:
Cannot find class: ptolemy.domains.ptinyos.lib.MicaLeds. In Ptolemy, classes are typically Java .class files. Entities like actors may instead be defined within a .xml file.  In any case, the class was not found. If the class uses a third party package, then the class would be present only if the third party package was found at compile time.  It may be necessary to upgrade Java or install the third party package, reconfigure and recompile.
Because:
-- /home/travis/build/icyphy/ptII/ptolemy/actor/ptalon/demo/ptinyos/SendAndReceiveCnt/ptolemy/domains/ptinyos/lib/MicaLeds.xml (No such file or directory)
-- XML file not found relative to classpath.
-- /home/travis/build/icyphy/ptII/ptolemy/vergil/basic/export/test/ptolemy/domains/ptinyos/lib/MicaLeds.xml
/home/travis/build/icyphy/ptII/ptolemy/vergil/basic/export/test/ptolemy/domains/ptinyos/lib/MicaLeds.xml (No such file or directory)
 in file:/home/travis/build/icyphy/ptII/ptolemy/actor/ptalon/demo/ptinyos/SendAndReceiveCnt/CntToLedsAndRfm.xml at line 132 and column 63
	at ptolemy.moml.MoMLParser._createEntity(MoMLParser.java:4330)
	at ptolemy.moml.MoMLParser.startElement(MoMLParser.java:2864)
	... 64 more
Caused by: ptolemy.kernel.util.InternalErrorException: Element <entity name="MicaLeds" class="ptolemy.domains.ptinyos.lib.MicaLeds"> caused an exception to be thrown.
  in .CntToLedsAndRfm
Because:
Cannot find class: ptolemy.domains.ptinyos.lib.MicaLeds. In Ptolemy, classes are typically Java .class files. Entities like actors may instead be defined within a .xml file.  In any case, the class was not found. If the class uses a third party package, then the class would be present only if the third party package was found at compile time.  It may be necessary to upgrade Java or install the third party package, reconfigure and recompile.
Because:
-- /home/travis/build/icyphy/ptII/ptolemy/actor/ptalon/demo/ptinyos/SendAndReceiveCnt/ptolemy/domains/ptinyos/lib/MicaLeds.xml (No such file or directory)
-- XML file not found relative to classpath.
-- /home/travis/build/icyphy/ptII/ptolemy/vergil/basic/export/test/ptolemy/domains/ptinyos/lib/MicaLeds.xml
/home/travis/build/icyphy/ptII/ptolemy/vergil/basic/export/test/ptolemy/domains/ptinyos/lib/MicaLeds.xml (No such file or directory)
 in file:/home/travis/build/icyphy/ptII/ptolemy/actor/ptalon/demo/ptinyos/SendAndReceiveCnt/CntToLedsAndRfm.xml at line 132 and column 63
	at ptolemy.moml.SimpleErrorHandler.handleError(SimpleErrorHandler.java:75)
	at ptolemy.moml.MoMLParser.startElement(MoMLParser.java:3805)
	at com.microstar.xml.XmlParser.parseElement(XmlParser.java:921)
	at com.microstar.xml.XmlParser.parseContent(XmlParser.java:1104)
	at com.microstar.xml.XmlParser.parseElement(XmlParser.java:924)
	at com.microstar.xml.XmlParser.parseDocument(XmlParser.java:481)
	at com.microstar.xml.XmlParser.doParse(XmlParser.java:159)
	at com.microstar.xml.XmlParser.parse(XmlParser.java:132)
	at ptolemy.moml.MoMLParser.parse(MoMLParser.java:1676)
	at ptolemy.moml.MoMLParser.parse(MoMLParser.java:1595)
	at ptolemy.moml.MoMLParser.parse(MoMLParser.java:1537)
	at ptolemy.moml.MoMLParser._findOrParse(MoMLParser.java:5286)
	at ptolemy.moml.MoMLParser._attemptToFindMoMLClass(MoMLParser.java:4075)
	at ptolemy.moml.MoMLParser._createEntity(MoMLParser.java:4323)
	... 65 more
Caused by: ptolemy.kernel.util.IllegalActionException: Cannot find class: ptolemy.domains.ptinyos.lib.MicaLeds. In Ptolemy, classes are typically Java .class files. Entities like actors may instead be defined within a .xml file.  In any case, the class was not found. If the class uses a third party package, then the class would be present only if the third party package was found at compile time.  It may be necessary to upgrade Java or install the third party package, reconfigure and recompile.
Because:
-- /home/travis/build/icyphy/ptII/ptolemy/actor/ptalon/demo/ptinyos/SendAndReceiveCnt/ptolemy/domains/ptinyos/lib/MicaLeds.xml (No such file or directory)
-- XML file not found relative to classpath.
-- /home/travis/build/icyphy/ptII/ptolemy/vergil/basic/export/test/ptolemy/domains/ptinyos/lib/MicaLeds.xml
/home/travis/build/icyphy/ptII/ptolemy/vergil/basic/export/test/ptolemy/domains/ptinyos/lib/MicaLeds.xml (No such file or directory)
 in file:/home/travis/build/icyphy/ptII/ptolemy/actor/ptalon/demo/ptinyos/SendAndReceiveCnt/CntToLedsAndRfm.xml at line 132 and column 63
	at ptolemy.moml.MoMLParser._createEntity(MoMLParser.java:4330)
	at ptolemy.moml.MoMLParser.startElement(MoMLParser.java:2864)
	... 77 more
Caused by: com.microstar.xml.XmlException: -- /home/travis/build/icyphy/ptII/ptolemy/actor/ptalon/demo/ptinyos/SendAndReceiveCnt/ptolemy/domains/ptinyos/lib/MicaLeds.xml (No such file or directory)
-- XML file not found relative to classpath.
-- /home/travis/build/icyphy/ptII/ptolemy/vergil/basic/export/test/ptolemy/domains/ptinyos/lib/MicaLeds.xml
/home/travis/build/icyphy/ptII/ptolemy/vergil/basic/export/test/ptolemy/domains/ptinyos/lib/MicaLeds.xml (No such file or directory)
 in file:/home/travis/build/icyphy/ptII/ptolemy/actor/ptalon/demo/ptinyos/SendAndReceiveCnt/CntToLedsAndRfm.xml at line 132 and column 63
	at ptolemy.moml.MoMLParser.fileNameToURL(MoMLParser.java:1414)
	at ptolemy.moml.MoMLParser._findOrParse(MoMLParser.java:5283)
	at ptolemy.moml.MoMLParser._attemptToFindMoMLClass(MoMLParser.java:4075)
	at ptolemy.moml.MoMLParser._createEntity(MoMLParser.java:4323)
	... 78 more
Caused by: ptolemy.actor.ptalon.PtalonRuntimeException: Unable to add actor null
	at ptolemy.actor.ptalon.PtalonEvaluator.addActor(PtalonEvaluator.java:300)
	at ptolemy.actor.ptalon.PtalonPopulator.actor_declaration(PtalonPopulator.java:1574)
	at ptolemy.actor.ptalon.PtalonPopulator.atomic_statement(PtalonPopulator.java:1638)
	at ptolemy.actor.ptalon.PtalonPopulator.iterative_statement_evaluator(PtalonPopulator.java:2484)
	at ptolemy.actor.ptalon.AbstractPtalonEvaluator$IfTree.evaluateForScope(AbstractPtalonEvaluator.java:1307)
	at ptolemy.actor.ptalon.AbstractPtalonEvaluator.evaluateForScope(AbstractPtalonEvaluator.java:744)
	at ptolemy.actor.ptalon.PtalonPopulator.iterative_statement(PtalonPopulator.java:2363)
	at ptolemy.actor.ptalon.PtalonPopulator.actor_definition(PtalonPopulator.java:2809)
	at ptolemy.actor.ptalon.PtalonActor.attributeChanged(PtalonActor.java:206)
	at ptolemy.actor.ptalon.PtalonMLHandler.startElement(PtalonMLHandler.java:134)
	at com.microstar.xml.XmlParser.parseElement(XmlParser.java:921)
	at com.microstar.xml.XmlParser.parseContent(XmlParser.java:1104)
	at com.microstar.xml.XmlParser.parseElement(XmlParser.java:924)
	at com.microstar.xml.XmlParser.parseDocument(XmlParser.java:481)
	at com.microstar.xml.XmlParser.doParse(XmlParser.java:159)
	at com.microstar.xml.XmlParser.parse(XmlParser.java:132)
	at ptolemy.actor.ptalon.PtalonActor.configure(PtalonActor.java:240)
	at ptolemy.moml.MoMLParser.endElement(MoMLParser.java:996)
	at com.microstar.xml.XmlParser.parseETag(XmlParser.java:1026)
	at com.microstar.xml.XmlParser.parseContent(XmlParser.java:1098)
	at com.microstar.xml.XmlParser.parseElement(XmlParser.java:924)
	at com.microstar.xml.XmlParser.parseContent(XmlParser.java:1104)
	at com.microstar.xml.XmlParser.parseElement(XmlParser.java:924)
	at com.microstar.xml.XmlParser.parseContent(XmlParser.java:1104)
	at com.microstar.xml.XmlParser.parseElement(XmlParser.java:924)
	at com.microstar.xml.XmlParser.parseDocument(XmlParser.java:481)
	at com.microstar.xml.XmlParser.doParse(XmlParser.java:159)
	at com.microstar.xml.XmlParser.parse(XmlParser.java:132)
	at ptolemy.moml.MoMLParser.parse(MoMLParser.java:1676)
	at ptolemy.moml.MoMLParser.parse(MoMLParser.java:1595)
	at ptolemy.moml.MoMLParser.parse(MoMLParser.java:1537)
	at ptolemy.actor.gui.PtolemyEffigy$Factory.createEffigy(PtolemyEffigy.java:424)
	at ptolemy.actor.gui.EffigyFactory.createEffigy(EffigyFactory.java:234)
	at ptolemy.actor.gui.Configuration.openModel(Configuration.java:1125)
	at ptolemy.actor.gui.Configuration.openModel(Configuration.java:1051)
	at ptolemy.actor.gui.ConfigurationApplication._openModel(ConfigurationApplication.java:1252)
	at ptolemy.actor.gui.ConfigurationApplication._parseArg(ConfigurationApplication.java:1399)
	at ptolemy.actor.gui.ConfigurationApplication._parseArgs(ConfigurationApplication.java:1478)
	at ptolemy.actor.gui.ConfigurationApplication.<init>(ConfigurationApplication.java:277)
	at ptolemy.actor.gui.ConfigurationApplication.<init>(ConfigurationApplication.java:214)
	at ptolemy.actor.gui.ConfigurationApplication.<init>(ConfigurationApplication.java:201)
	at ptolemy.actor.gui.ConfigurationApplication.openModelOrEntity(ConfigurationApplication.java:680)
	at ptolemy.vergil.basic.export.ExportModel$1.run(ExportModel.java:220)
	at java.awt.event.InvocationEvent.dispatch(InvocationEvent.java:301)
	at java.awt.EventQueue.dispatchEventImpl(EventQueue.java:756)
	at java.awt.EventQueue.access$500(EventQueue.java:97)
	at java.awt.EventQueue$3.run(EventQueue.java:709)
	at java.awt.EventQueue$3.run(EventQueue.java:703)
	at java.security.AccessController.doPrivileged(Native Method)
	at java.security.ProtectionDomain$JavaSecurityAccessImpl.doIntersectionPrivilege(ProtectionDomain.java:80)
	at java.awt.EventQueue.dispatchEvent(EventQueue.java:726)
	at java.awt.EventDispatchThread.pumpOneEventForFilters(EventDispatchThread.java:201)
	at java.awt.EventDispatchThread.pumpEventsForFilter(EventDispatchThread.java:116)
	at java.awt.EventDispatchThread.pumpEventsForHierarchy(EventDispatchThread.java:105)
	at java.awt.EventDispatchThread.pumpEvents(EventDispatchThread.java:101)
	at java.awt.EventDispatchThread.pumpEvents(EventDispatchThread.java:93)
	at java.awt.EventDispatchThread.run(EventDispatchThread.java:82)
Caused by: ptolemy.kernel.util.InternalErrorException: Element <entity name="sender1" class="ptolemy.actor.ptalon.demo.ptinyos.SendAndReceiveCnt.CntToLedsAndRfm"> caused an exception to be thrown.
  in .SendAndReceiveCnt.SendAndReceiveCnt
Because:
Cannot find class: ptolemy.actor.ptalon.demo.ptinyos.SendAndReceiveCnt.CntToLedsAndRfm. In Ptolemy, classes are typically Java .class files. Entities like actors may instead be defined within a .xml file.  In any case, the class was not found. If the class uses a third party package, then the class would be present only if the third party package was found at compile time.  It may be necessary to upgrade Java or install the third party package, reconfigure and recompile.
Because:
Element <entity name="MicaLeds" class="ptolemy.domains.ptinyos.lib.MicaLeds"> caused an exception to be thrown.
  in .CntToLedsAndRfm
Because:
Cannot find class: ptolemy.domains.ptinyos.lib.MicaLeds. In Ptolemy, classes are typically Java .class files. Entities like actors may instead be defined within a .xml file.  In any case, the class was not found. If the class uses a third party package, then the class would be present only if the third party package was found at compile time.  It may be necessary to upgrade Java or install the third party package, reconfigure and recompile.
Because:
-- /home/travis/build/icyphy/ptII/ptolemy/actor/ptalon/demo/ptinyos/SendAndReceiveCnt/ptolemy/domains/ptinyos/lib/MicaLeds.xml (No such file or directory)
-- XML file not found relative to classpath.
-- /home/travis/build/icyphy/ptII/ptolemy/vergil/basic/export/test/ptolemy/domains/ptinyos/lib/MicaLeds.xml
/home/travis/build/icyphy/ptII/ptolemy/vergil/basic/export/test/ptolemy/domains/ptinyos/lib/MicaLeds.xml (No such file or directory)
 in file:/home/travis/build/icyphy/ptII/ptolemy/actor/ptalon/demo/ptinyos/SendAndReceiveCnt/CntToLedsAndRfm.xml at line 132 and column 63
	at ptolemy.moml.SimpleErrorHandler.handleError(SimpleErrorHandler.java:75)
	at ptolemy.moml.MoMLParser.startElement(MoMLParser.java:3805)
	at com.microstar.xml.XmlParser.parseElement(XmlParser.java:931)
	at com.microstar.xml.XmlParser.parseDocument(XmlParser.java:481)
	at com.microstar.xml.XmlParser.doParse(XmlParser.java:159)
	at com.microstar.xml.XmlParser.parse(XmlParser.java:132)
	at ptolemy.moml.MoMLParser.parse(MoMLParser.java:1660)
	at ptolemy.moml.MoMLParser.parse(MoMLParser.java:1617)
	at ptolemy.moml.MoMLParser.parse(MoMLParser.java:1792)
	at ptolemy.actor.ptalon.PtalonEvaluator.addActor(PtalonEvaluator.java:241)
	... 56 more
Caused by: ptolemy.kernel.util.IllegalActionException: Cannot find class: ptolemy.actor.ptalon.demo.ptinyos.SendAndReceiveCnt.CntToLedsAndRfm. In Ptolemy, classes are typically Java .class files. Entities like actors may instead be defined within a .xml file.  In any case, the class was not found. If the class uses a third party package, then the class would be present only if the third party package was found at compile time.  It may be necessary to upgrade Java or install the third party package, reconfigure and recompile.
Because:
Element <entity name="MicaLeds" class="ptolemy.domains.ptinyos.lib.MicaLeds"> caused an exception to be thrown.
  in .CntToLedsAndRfm
Because:
Cannot find class: ptolemy.domains.ptinyos.lib.MicaLeds. In Ptolemy, classes are typically Java .class files. Entities like actors may instead be defined within a .xml file.  In any case, the class was not found. If the class uses a third party package, then the class would be present only if the third party package was found at compile time.  It may be necessary to upgrade Java or install the third party package, reconfigure and recompile.
Because:
-- /home/travis/build/icyphy/ptII/ptolemy/actor/ptalon/demo/ptinyos/SendAndReceiveCnt/ptolemy/domains/ptinyos/lib/MicaLeds.xml (No such file or directory)
-- XML file not found relative to classpath.
-- /home/travis/build/icyphy/ptII/ptolemy/vergil/basic/export/test/ptolemy/domains/ptinyos/lib/MicaLeds.xml
/home/travis/build/icyphy/ptII/ptolemy/vergil/basic/export/test/ptolemy/domains/ptinyos/lib/MicaLeds.xml (No such file or directory)
 in file:/home/travis/build/icyphy/ptII/ptolemy/actor/ptalon/demo/ptinyos/SendAndReceiveCnt/CntToLedsAndRfm.xml at line 132 and column 63
	at ptolemy.moml.MoMLParser._createEntity(MoMLParser.java:4330)
	at ptolemy.moml.MoMLParser.startElement(MoMLParser.java:2864)
	... 64 more
Caused by: ptolemy.kernel.util.InternalErrorException: Element <entity name="MicaLeds" class="ptolemy.domains.ptinyos.lib.MicaLeds"> caused an exception to be thrown.
  in .CntToLedsAndRfm
Because:
Cannot find class: ptolemy.domains.ptinyos.lib.MicaLeds. In Ptolemy, classes are typically Java .class files. Entities like actors may instead be defined within a .xml file.  In any case, the class was not found. If the class uses a third party package, then the class would be present only if the third party package was found at compile time.  It may be necessary to upgrade Java or install the third party package, reconfigure and recompile.
Because:
-- /home/travis/build/icyphy/ptII/ptolemy/actor/ptalon/demo/ptinyos/SendAndReceiveCnt/ptolemy/domains/ptinyos/lib/MicaLeds.xml (No such file or directory)
-- XML file not found relative to classpath.
-- /home/travis/build/icyphy/ptII/ptolemy/vergil/basic/export/test/ptolemy/domains/ptinyos/lib/MicaLeds.xml
/home/travis/build/icyphy/ptII/ptolemy/vergil/basic/export/test/ptolemy/domains/ptinyos/lib/MicaLeds.xml (No such file or directory)
 in file:/home/travis/build/icyphy/ptII/ptolemy/actor/ptalon/demo/ptinyos/SendAndReceiveCnt/CntToLedsAndRfm.xml at line 132 and column 63
	at ptolemy.moml.SimpleErrorHandler.handleError(SimpleErrorHandler.java:75)
	at ptolemy.moml.MoMLParser.startElement(MoMLParser.java:3805)
	at com.microstar.xml.XmlParser.parseElement(XmlParser.java:921)
	at com.microstar.xml.XmlParser.parseContent(XmlParser.java:1104)
	at com.microstar.xml.XmlParser.parseElement(XmlParser.java:924)
	at com.microstar.xml.XmlParser.parseDocument(XmlParser.java:481)
	at com.microstar.xml.XmlParser.doParse(XmlParser.java:159)
	at com.microstar.xml.XmlParser.parse(XmlParser.java:132)
	at ptolemy.moml.MoMLParser.parse(MoMLParser.java:1676)
	at ptolemy.moml.MoMLParser.parse(MoMLParser.java:1595)
	at ptolemy.moml.MoMLParser.parse(MoMLParser.java:1537)
	at ptolemy.moml.MoMLParser._findOrParse(MoMLParser.java:5286)
	at ptolemy.moml.MoMLParser._attemptToFindMoMLClass(MoMLParser.java:4075)
	at ptolemy.moml.MoMLParser._createEntity(MoMLParser.java:4323)
	... 65 more
Caused by: ptolemy.kernel.util.IllegalActionException: Cannot find class: ptolemy.domains.ptinyos.lib.MicaLeds. In Ptolemy, classes are typically Java .class files. Entities like actors may instead be defined within a .xml file.  In any case, the class was not found. If the class uses a third party package, then the class would be present only if the third party package was found at compile time.  It may be necessary to upgrade Java or install the third party package, reconfigure and recompile.
Because:
-- /home/travis/build/icyphy/ptII/ptolemy/actor/ptalon/demo/ptinyos/SendAndReceiveCnt/ptolemy/domains/ptinyos/lib/MicaLeds.xml (No such file or directory)
-- XML file not found relative to classpath.
-- /home/travis/build/icyphy/ptII/ptolemy/vergil/basic/export/test/ptolemy/domains/ptinyos/lib/MicaLeds.xml
/home/travis/build/icyphy/ptII/ptolemy/vergil/basic/export/test/ptolemy/domains/ptinyos/lib/MicaLeds.xml (No such file or directory)
 in file:/home/travis/build/icyphy/ptII/ptolemy/actor/ptalon/demo/ptinyos/SendAndReceiveCnt/CntToLedsAndRfm.xml at line 132 and column 63
	at ptolemy.moml.MoMLParser._createEntity(MoMLParser.java:4330)
	at ptolemy.moml.MoMLParser.startElement(MoMLParser.java:2864)
	... 77 more
Caused by: com.microstar.xml.XmlException: -- /home/travis/build/icyphy/ptII/ptolemy/actor/ptalon/demo/ptinyos/SendAndReceiveCnt/ptolemy/domains/ptinyos/lib/MicaLeds.xml (No such file or directory)
-- XML file not found relative to classpath.
-- /home/travis/build/icyphy/ptII/ptolemy/vergil/basic/export/test/ptolemy/domains/ptinyos/lib/MicaLeds.xml
/home/travis/build/icyphy/ptII/ptolemy/vergil/basic/export/test/ptolemy/domains/ptinyos/lib/MicaLeds.xml (No such file or directory)
 in file:/home/travis/build/icyphy/ptII/ptolemy/actor/ptalon/demo/ptinyos/SendAndReceiveCnt/CntToLedsAndRfm.xml at line 132 and column 63
	at ptolemy.moml.MoMLParser.fileNameToURL(MoMLParser.java:1414)
	at ptolemy.moml.MoMLParser._findOrParse(MoMLParser.java:5283)
	at ptolemy.moml.MoMLParser._attemptToFindMoMLClass(MoMLParser.java:4075)
	at ptolemy.moml.MoMLParser._createEntity(MoMLParser.java:4323)
	... 78 more
Failed to read file:/home/travis/build/icyphy/ptII/ptolemy/actor/ptalon/demo/ptinyos/SendAndReceiveCnt/SendAndReceiveCnt.xml
ptolemy.kernel.util.IllegalActionException: Failed to process attribute change to PtalonParameter, whose value is "ptolemy.actor.ptalon.PtalonExpressionParameter {.SendAndReceiveCnt.SendAndReceiveCnt.channelName} "AtomicWirelessChannel"".
  in .SendAndReceiveCnt.SendAndReceiveCnt
Because:
Unable to add actor null
	at ptolemy.actor.ptalon.PtalonActor.attributeChanged(PtalonActor.java:211)
	at ptolemy.actor.ptalon.PtalonMLHandler.startElement(PtalonMLHandler.java:134)
	at com.microstar.xml.XmlParser.parseElement(XmlParser.java:921)
	at com.microstar.xml.XmlParser.parseContent(XmlParser.java:1104)
	at com.microstar.xml.XmlParser.parseElement(XmlParser.java:924)
	at com.microstar.xml.XmlParser.parseDocument(XmlParser.java:481)
	at com.microstar.xml.XmlParser.doParse(XmlParser.java:159)
	at com.microstar.xml.XmlParser.parse(XmlParser.java:132)
	at ptolemy.actor.ptalon.PtalonActor.configure(PtalonActor.java:240)
	at ptolemy.moml.MoMLParser.endElement(MoMLParser.java:996)
	at com.microstar.xml.XmlParser.parseETag(XmlParser.java:1026)
	at com.microstar.xml.XmlParser.parseContent(XmlParser.java:1098)
	at com.microstar.xml.XmlParser.parseElement(XmlParser.java:924)
	at com.microstar.xml.XmlParser.parseContent(XmlParser.java:1104)
	at com.microstar.xml.XmlParser.parseElement(XmlParser.java:924)
	at com.microstar.xml.XmlParser.parseContent(XmlParser.java:1104)
	at com.microstar.xml.XmlParser.parseElement(XmlParser.java:924)
	at com.microstar.xml.XmlParser.parseDocument(XmlParser.java:481)
	at com.microstar.xml.XmlParser.doParse(XmlParser.java:159)
	at com.microstar.xml.XmlParser.parse(XmlParser.java:132)
	at ptolemy.moml.MoMLParser.parse(MoMLParser.java:1676)
	at ptolemy.moml.MoMLParser.parse(MoMLParser.java:1595)
	at ptolemy.moml.MoMLParser.parse(MoMLParser.java:1537)
	at ptolemy.actor.gui.PtolemyEffigy$Factory.createEffigy(PtolemyEffigy.java:424)
	at ptolemy.actor.gui.EffigyFactory.createEffigy(EffigyFactory.java:234)
	at ptolemy.actor.gui.Configuration.openModel(Configuration.java:1125)
	at ptolemy.actor.gui.Configuration.openModel(Configuration.java:1051)
	at ptolemy.actor.gui.ConfigurationApplication._openModel(ConfigurationApplication.java:1252)
	at ptolemy.actor.gui.ConfigurationApplication._parseArg(ConfigurationApplication.java:1399)
	at ptolemy.actor.gui.ConfigurationApplication._parseArgs(ConfigurationApplication.java:1478)
	at ptolemy.actor.gui.ConfigurationApplication.<init>(ConfigurationApplication.java:277)
	at ptolemy.actor.gui.ConfigurationApplication.<init>(ConfigurationApplication.java:214)
	at ptolemy.actor.gui.ConfigurationApplication.<init>(ConfigurationApplication.java:201)
	at ptolemy.actor.gui.ConfigurationApplication.openModelOrEntity(ConfigurationApplication.java:680)
	at ptolemy.vergil.basic.export.ExportModel$1.run(ExportModel.java:220)
	at java.awt.event.InvocationEvent.dispatch(InvocationEvent.java:301)
	at java.awt.EventQueue.dispatchEventImpl(EventQueue.java:756)
	at java.awt.EventQueue.access$500(EventQueue.java:97)
	at java.awt.EventQueue$3.run(EventQueue.java:709)
	at java.awt.EventQueue$3.run(EventQueue.java:703)
	at java.security.AccessController.doPrivileged(Native Method)
	at java.security.ProtectionDomain$JavaSecurityAccessImpl.doIntersectionPrivilege(ProtectionDomain.java:80)
	at java.awt.EventQueue.dispatchEvent(EventQueue.java:726)
	at java.awt.EventDispatchThread.pumpOneEventForFilters(EventDispatchThread.java:201)
	at java.awt.EventDispatchThread.pumpEventsForFilter(EventDispatchThread.java:116)
	at java.awt.EventDispatchThread.pumpEventsForHierarchy(EventDispatchThread.java:105)
	at java.awt.EventDispatchThread.pumpEvents(EventDispatchThread.java:101)
	at java.awt.EventDispatchThread.pumpEvents(EventDispatchThread.java:93)
	at java.awt.EventDispatchThread.run(EventDispatchThread.java:82)
Caused by: ptolemy.actor.ptalon.PtalonRuntimeException: Unable to add actor null
	at ptolemy.actor.ptalon.PtalonEvaluator.addActor(PtalonEvaluator.java:300)
	at ptolemy.actor.ptalon.PtalonPopulator.actor_declaration(PtalonPopulator.java:1574)
	at ptolemy.actor.ptalon.PtalonPopulator.atomic_statement(PtalonPopulator.java:1638)
	at ptolemy.actor.ptalon.PtalonPopulator.iterative_statement_evaluator(PtalonPopulator.java:2484)
	at ptolemy.actor.ptalon.AbstractPtalonEvaluator$IfTree.evaluateForScope(AbstractPtalonEvaluator.java:1307)
	at ptolemy.actor.ptalon.AbstractPtalonEvaluator.evaluateForScope(AbstractPtalonEvaluator.java:744)
	at ptolemy.actor.ptalon.PtalonPopulator.iterative_statement(PtalonPopulator.java:2363)
	at ptolemy.actor.ptalon.PtalonPopulator.actor_definition(PtalonPopulator.java:2809)
	at ptolemy.actor.ptalon.PtalonActor.attributeChanged(PtalonActor.java:206)
	... 48 more
Caused by: ptolemy.kernel.util.InternalErrorException: Element <entity name="sender1" class="ptolemy.actor.ptalon.demo.ptinyos.SendAndReceiveCnt.CntToLedsAndRfm"> caused an exception to be thrown.
  in .SendAndReceiveCnt.SendAndReceiveCnt
Because:
Cannot find class: ptolemy.actor.ptalon.demo.ptinyos.SendAndReceiveCnt.CntToLedsAndRfm. In Ptolemy, classes are typically Java .class files. Entities like actors may instead be defined within a .xml file.  In any case, the class was not found. If the class uses a third party package, then the class would be present only if the third party package was found at compile time.  It may be necessary to upgrade Java or install the third party package, reconfigure and recompile.
Because:
Element <entity name="MicaLeds" class="ptolemy.domains.ptinyos.lib.MicaLeds"> caused an exception to be thrown.
  in .CntToLedsAndRfm
Because:
Cannot find class: ptolemy.domains.ptinyos.lib.MicaLeds. In Ptolemy, classes are typically Java .class files. Entities like actors may instead be defined within a .xml file.  In any case, the class was not found. If the class uses a third party package, then the class would be present only if the third party package was found at compile time.  It may be necessary to upgrade Java or install the third party package, reconfigure and recompile.
Because:
-- /home/travis/build/icyphy/ptII/ptolemy/actor/ptalon/demo/ptinyos/SendAndReceiveCnt/ptolemy/domains/ptinyos/lib/MicaLeds.xml (No such file or directory)
-- XML file not found relative to classpath.
-- /home/travis/build/icyphy/ptII/ptolemy/vergil/basic/export/test/ptolemy/domains/ptinyos/lib/MicaLeds.xml
/home/travis/build/icyphy/ptII/ptolemy/vergil/basic/export/test/ptolemy/domains/ptinyos/lib/MicaLeds.xml (No such file or directory)
 in file:/home/travis/build/icyphy/ptII/ptolemy/actor/ptalon/demo/ptinyos/SendAndReceiveCnt/CntToLedsAndRfm.xml at line 132 and column 63
	at ptolemy.moml.SimpleErrorHandler.handleError(SimpleErrorHandler.java:75)
	at ptolemy.moml.MoMLParser.startElement(MoMLParser.java:3805)
	at com.microstar.xml.XmlParser.parseElement(XmlParser.java:931)
	at com.microstar.xml.XmlParser.parseDocument(XmlParser.java:481)
	at com.microstar.xml.XmlParser.doParse(XmlParser.java:159)
	at com.microstar.xml.XmlParser.parse(XmlParser.java:132)
	at ptolemy.moml.MoMLParser.parse(MoMLParser.java:1660)
	at ptolemy.moml.MoMLParser.parse(MoMLParser.java:1617)
	at ptolemy.moml.MoMLParser.parse(MoMLParser.java:1792)
	at ptolemy.actor.ptalon.PtalonEvaluator.addActor(PtalonEvaluator.java:241)
	... 56 more
Caused by: ptolemy.kernel.util.IllegalActionException: Cannot find class: ptolemy.actor.ptalon.demo.ptinyos.SendAndReceiveCnt.CntToLedsAndRfm. In Ptolemy, classes are typically Java .class files. Entities like actors may instead be defined within a .xml file.  In any case, the class was not found. If the class uses a third party package, then the class would be present only if the third party package was found at compile time.  It may be necessary to upgrade Java or install the third party package, reconfigure and recompile.
Because:
Element <entity name="MicaLeds" class="ptolemy.domains.ptinyos.lib.MicaLeds"> caused an exception to be thrown.
  in .CntToLedsAndRfm
Because:
Cannot find class: ptolemy.domains.ptinyos.lib.MicaLeds. In Ptolemy, classes are typically Java .class files. Entities like actors may instead be defined within a .xml file.  In any case, the class was not found. If the class uses a third party package, then the class would be present only if the third party package was found at compile time.  It may be necessary to upgrade Java or install the third party package, reconfigure and recompile.
Because:
-- /home/travis/build/icyphy/ptII/ptolemy/actor/ptalon/demo/ptinyos/SendAndReceiveCnt/ptolemy/domains/ptinyos/lib/MicaLeds.xml (No such file or directory)
-- XML file not found relative to classpath.
-- /home/travis/build/icyphy/ptII/ptolemy/vergil/basic/export/test/ptolemy/domains/ptinyos/lib/MicaLeds.xml
/home/travis/build/icyphy/ptII/ptolemy/vergil/basic/export/test/ptolemy/domains/ptinyos/lib/MicaLeds.xml (No such file or directory)
 in file:/home/travis/build/icyphy/ptII/ptolemy/actor/ptalon/demo/ptinyos/SendAndReceiveCnt/CntToLedsAndRfm.xml at line 132 and column 63
	at ptolemy.moml.MoMLParser._createEntity(MoMLParser.java:4330)
	at ptolemy.moml.MoMLParser.startElement(MoMLParser.java:2864)
	... 64 more
Caused by: ptolemy.kernel.util.InternalErrorException: Element <entity name="MicaLeds" class="ptolemy.domains.ptinyos.lib.MicaLeds"> caused an exception to be thrown.
  in .CntToLedsAndRfm
Because:
Cannot find class: ptolemy.domains.ptinyos.lib.MicaLeds. In Ptolemy, classes are typically Java .class files. Entities like actors may instead be defined within a .xml file.  In any case, the class was not found. If the class uses a third party package, then the class would be present only if the third party package was found at compile time.  It may be necessary to upgrade Java or install the third party package, reconfigure and recompile.
Because:
-- /home/travis/build/icyphy/ptII/ptolemy/actor/ptalon/demo/ptinyos/SendAndReceiveCnt/ptolemy/domains/ptinyos/lib/MicaLeds.xml (No such file or directory)
-- XML file not found relative to classpath.
-- /home/travis/build/icyphy/ptII/ptolemy/vergil/basic/export/test/ptolemy/domains/ptinyos/lib/MicaLeds.xml
/home/travis/build/icyphy/ptII/ptolemy/vergil/basic/export/test/ptolemy/domains/ptinyos/lib/MicaLeds.xml (No such file or directory)
 in file:/home/travis/build/icyphy/ptII/ptolemy/actor/ptalon/demo/ptinyos/SendAndReceiveCnt/CntToLedsAndRfm.xml at line 132 and column 63
	at ptolemy.moml.SimpleErrorHandler.handleError(SimpleErrorHandler.java:75)
	at ptolemy.moml.MoMLParser.startElement(MoMLParser.java:3805)
	at com.microstar.xml.XmlParser.parseElement(XmlParser.java:921)
	at com.microstar.xml.XmlParser.parseContent(XmlParser.java:1104)
	at com.microstar.xml.XmlParser.parseElement(XmlParser.java:924)
	at com.microstar.xml.XmlParser.parseDocument(XmlParser.java:481)
	at com.microstar.xml.XmlParser.doParse(XmlParser.java:159)
	at com.microstar.xml.XmlParser.parse(XmlParser.java:132)
	at ptolemy.moml.MoMLParser.parse(MoMLParser.java:1676)
	at ptolemy.moml.MoMLParser.parse(MoMLParser.java:1595)
	at ptolemy.moml.MoMLParser.parse(MoMLParser.java:1537)
	at ptolemy.moml.MoMLParser._findOrParse(MoMLParser.java:5286)
	at ptolemy.moml.MoMLParser._attemptToFindMoMLClass(MoMLParser.java:4075)
	at ptolemy.moml.MoMLParser._createEntity(MoMLParser.java:4323)
	... 65 more
Caused by: ptolemy.kernel.util.IllegalActionException: Cannot find class: ptolemy.domains.ptinyos.lib.MicaLeds. In Ptolemy, classes are typically Java .class files. Entities like actors may instead be defined within a .xml file.  In any case, the class was not found. If the class uses a third party package, then the class would be present only if the third party package was found at compile time.  It may be necessary to upgrade Java or install the third party package, reconfigure and recompile.
Because:
-- /home/travis/build/icyphy/ptII/ptolemy/actor/ptalon/demo/ptinyos/SendAndReceiveCnt/ptolemy/domains/ptinyos/lib/MicaLeds.xml (No such file or directory)
-- XML file not found relative to classpath.
-- /home/travis/build/icyphy/ptII/ptolemy/vergil/basic/export/test/ptolemy/domains/ptinyos/lib/MicaLeds.xml
/home/travis/build/icyphy/ptII/ptolemy/vergil/basic/export/test/ptolemy/domains/ptinyos/lib/MicaLeds.xml (No such file or directory)
 in file:/home/travis/build/icyphy/ptII/ptolemy/actor/ptalon/demo/ptinyos/SendAndReceiveCnt/CntToLedsAndRfm.xml at line 132 and column 63
	at ptolemy.moml.MoMLParser._createEntity(MoMLParser.java:4330)
	at ptolemy.moml.MoMLParser.startElement(MoMLParser.java:2864)
	... 77 more
Caused by: com.microstar.xml.XmlException: -- /home/travis/build/icyphy/ptII/ptolemy/actor/ptalon/demo/ptinyos/SendAndReceiveCnt/ptolemy/domains/ptinyos/lib/MicaLeds.xml (No such file or directory)
-- XML file not found relative to classpath.
-- /home/travis/build/icyphy/ptII/ptolemy/vergil/basic/export/test/ptolemy/domains/ptinyos/lib/MicaLeds.xml
/home/travis/build/icyphy/ptII/ptolemy/vergil/basic/export/test/ptolemy/domains/ptinyos/lib/MicaLeds.xml (No such file or directory)
 in file:/home/travis/build/icyphy/ptII/ptolemy/actor/ptalon/demo/ptinyos/SendAndReceiveCnt/CntToLedsAndRfm.xml at line 132 and column 63
	at ptolemy.moml.MoMLParser.fileNameToURL(MoMLParser.java:1414)
	at ptolemy.moml.MoMLParser._findOrParse(MoMLParser.java:5283)
	at ptolemy.moml.MoMLParser._attemptToFindMoMLClass(MoMLParser.java:4075)
	at ptolemy.moml.MoMLParser._createEntity(MoMLParser.java:4323)
	... 78 more
Caused by: ptolemy.actor.ptalon.PtalonRuntimeException: Unable to add actor null
	at ptolemy.actor.ptalon.PtalonEvaluator.addActor(PtalonEvaluator.java:300)
	at ptolemy.actor.ptalon.PtalonPopulator.actor_declaration(PtalonPopulator.java:1574)
	at ptolemy.actor.ptalon.PtalonPopulator.atomic_statement(PtalonPopulator.java:1638)
	at ptolemy.actor.ptalon.PtalonPopulator.iterative_statement_evaluator(PtalonPopulator.java:2484)
	at ptolemy.actor.ptalon.AbstractPtalonEvaluator$IfTree.evaluateForScope(AbstractPtalonEvaluator.java:1307)
	at ptolemy.actor.ptalon.AbstractPtalonEvaluator.evaluateForScope(AbstractPtalonEvaluator.java:744)
	at ptolemy.actor.ptalon.PtalonPopulator.iterative_statement(PtalonPopulator.java:2363)
	at ptolemy.actor.ptalon.PtalonPopulator.actor_definition(PtalonPopulator.java:2809)
	at ptolemy.actor.ptalon.PtalonActor.attributeChanged(PtalonActor.java:206)
	at ptolemy.actor.ptalon.PtalonMLHandler.startElement(PtalonMLHandler.java:134)
	at com.microstar.xml.XmlParser.parseElement(XmlParser.java:921)
	at com.microstar.xml.XmlParser.parseContent(XmlParser.java:1104)
	at com.microstar.xml.XmlParser.parseElement(XmlParser.java:924)
	at com.microstar.xml.XmlParser.parseDocument(XmlParser.java:481)
	at com.microstar.xml.XmlParser.doParse(XmlParser.java:159)
	at com.microstar.xml.XmlParser.parse(XmlParser.java:132)
	at ptolemy.actor.ptalon.PtalonActor.configure(PtalonActor.java:240)
	at ptolemy.moml.MoMLParser.endElement(MoMLParser.java:996)
	at com.microstar.xml.XmlParser.parseETag(XmlParser.java:1026)
	at com.microstar.xml.XmlParser.parseContent(XmlParser.java:1098)
	at com.microstar.xml.XmlParser.parseElement(XmlParser.java:924)
	at com.microstar.xml.XmlParser.parseContent(XmlParser.java:1104)
	at com.microstar.xml.XmlParser.parseElement(XmlParser.java:924)
	at com.microstar.xml.XmlParser.parseContent(XmlParser.java:1104)
	at com.microstar.xml.XmlParser.parseElement(XmlParser.java:924)
	at com.microstar.xml.XmlParser.parseDocument(XmlParser.java:481)
	at com.microstar.xml.XmlParser.doParse(XmlParser.java:159)
	at com.microstar.xml.XmlParser.parse(XmlParser.java:132)
	at ptolemy.moml.MoMLParser.parse(MoMLParser.java:1676)
	at ptolemy.moml.MoMLParser.parse(MoMLParser.java:1595)
	at ptolemy.moml.MoMLParser.parse(MoMLParser.java:1537)
	at ptolemy.actor.gui.PtolemyEffigy$Factory.createEffigy(PtolemyEffigy.java:424)
	at ptolemy.actor.gui.EffigyFactory.createEffigy(EffigyFactory.java:234)
	at ptolemy.actor.gui.Configuration.openModel(Configuration.java:1125)
	at ptolemy.actor.gui.Configuration.openModel(Configuration.java:1051)
	at ptolemy.actor.gui.ConfigurationApplication._openModel(ConfigurationApplication.java:1252)
	at ptolemy.actor.gui.ConfigurationApplication._parseArg(ConfigurationApplication.java:1399)
	at ptolemy.actor.gui.ConfigurationApplication._parseArgs(ConfigurationApplication.java:1478)
	at ptolemy.actor.gui.ConfigurationApplication.<init>(ConfigurationApplication.java:277)
	at ptolemy.actor.gui.ConfigurationApplication.<init>(ConfigurationApplication.java:214)
	at ptolemy.actor.gui.ConfigurationApplication.<init>(ConfigurationApplication.java:201)
	at ptolemy.actor.gui.ConfigurationApplication.openModelOrEntity(ConfigurationApplication.java:680)
	at ptolemy.vergil.basic.export.ExportModel$1.run(ExportModel.java:220)
	at java.awt.event.InvocationEvent.dispatch(InvocationEvent.java:301)
	at java.awt.EventQueue.dispatchEventImpl(EventQueue.java:756)
	at java.awt.EventQueue.access$500(EventQueue.java:97)
	at java.awt.EventQueue$3.run(EventQueue.java:709)
	at java.awt.EventQueue$3.run(EventQueue.java:703)
	at java.security.AccessController.doPrivileged(Native Method)
	at java.security.ProtectionDomain$JavaSecurityAccessImpl.doIntersectionPrivilege(ProtectionDomain.java:80)
	at java.awt.EventQueue.dispatchEvent(EventQueue.java:726)
	at java.awt.EventDispatchThread.pumpOneEventForFilters(EventDispatchThread.java:201)
	at java.awt.EventDispatchThread.pumpEventsForFilter(EventDispatchThread.java:116)
	at java.awt.EventDispatchThread.pumpEventsForHierarchy(EventDispatchThread.java:105)
	at java.awt.EventDispatchThread.pumpEvents(EventDispatchThread.java:101)
	at java.awt.EventDispatchThread.pumpEvents(EventDispatchThread.java:93)
	at java.awt.EventDispatchThread.run(EventDispatchThread.java:82)
Caused by: ptolemy.kernel.util.InternalErrorException: Element <entity name="sender1" class="ptolemy.actor.ptalon.demo.ptinyos.SendAndReceiveCnt.CntToLedsAndRfm"> caused an exception to be thrown.
  in .SendAndReceiveCnt.SendAndReceiveCnt
Because:
Cannot find class: ptolemy.actor.ptalon.demo.ptinyos.SendAndReceiveCnt.CntToLedsAndRfm. In Ptolemy, classes are typically Java .class files. Entities like actors may instead be defined within a .xml file.  In any case, the class was not found. If the class uses a third party package, then the class would be present only if the third party package was found at compile time.  It may be necessary to upgrade Java or install the third party package, reconfigure and recompile.
Because:
Element <entity name="MicaLeds" class="ptolemy.domains.ptinyos.lib.MicaLeds"> caused an exception to be thrown.
  in .CntToLedsAndRfm
Because:
Cannot find class: ptolemy.domains.ptinyos.lib.MicaLeds. In Ptolemy, classes are typically Java .class files. Entities like actors may instead be defined within a .xml file.  In any case, the class was not found. If the class uses a third party package, then the class would be present only if the third party package was found at compile time.  It may be necessary to upgrade Java or install the third party package, reconfigure and recompile.
Because:
-- /home/travis/build/icyphy/ptII/ptolemy/actor/ptalon/demo/ptinyos/SendAndReceiveCnt/ptolemy/domains/ptinyos/lib/MicaLeds.xml (No such file or directory)
-- XML file not found relative to classpath.
-- /home/travis/build/icyphy/ptII/ptolemy/vergil/basic/export/test/ptolemy/domains/ptinyos/lib/MicaLeds.xml
/home/travis/build/icyphy/ptII/ptolemy/vergil/basic/export/test/ptolemy/domains/ptinyos/lib/MicaLeds.xml (No such file or directory)
 in file:/home/travis/build/icyphy/ptII/ptolemy/actor/ptalon/demo/ptinyos/SendAndReceiveCnt/CntToLedsAndRfm.xml at line 132 and column 63
	at ptolemy.moml.SimpleErrorHandler.handleError(SimpleErrorHandler.java:75)
	at ptolemy.moml.MoMLParser.startElement(MoMLParser.java:3805)
	at com.microstar.xml.XmlParser.parseElement(XmlParser.java:931)
	at com.microstar.xml.XmlParser.parseDocument(XmlParser.java:481)
	at com.microstar.xml.XmlParser.doParse(XmlParser.java:159)
	at com.microstar.xml.XmlParser.parse(XmlParser.java:132)
	at ptolemy.moml.MoMLParser.parse(MoMLParser.java:1660)
	at ptolemy.moml.MoMLParser.parse(MoMLParser.java:1617)
	at ptolemy.moml.MoMLParser.parse(MoMLParser.java:1792)
	at ptolemy.actor.ptalon.PtalonEvaluator.addActor(PtalonEvaluator.java:241)
	... 56 more
Caused by: ptolemy.kernel.util.IllegalActionException: Cannot find class: ptolemy.actor.ptalon.demo.ptinyos.SendAndReceiveCnt.CntToLedsAndRfm. In Ptolemy, classes are typically Java .class files. Entities like actors may instead be defined within a .xml file.  In any case, the class was not found. If the class uses a third party package, then the class would be present only if the third party package was found at compile time.  It may be necessary to upgrade Java or install the third party package, reconfigure and recompile.
Because:
Element <entity name="MicaLeds" class="ptolemy.domains.ptinyos.lib.MicaLeds"> caused an exception to be thrown.
  in .CntToLedsAndRfm
Because:
Cannot find class: ptolemy.domains.ptinyos.lib.MicaLeds. In Ptolemy, classes are typically Java .class files. Entities like actors may instead be defined within a .xml file.  In any case, the class was not found. If the class uses a third party package, then the class would be present only if the third party package was found at compile time.  It may be necessary to upgrade Java or install the third party package, reconfigure and recompile.
Because:
-- /home/travis/build/icyphy/ptII/ptolemy/actor/ptalon/demo/ptinyos/SendAndReceiveCnt/ptolemy/domains/ptinyos/lib/MicaLeds.xml (No such file or directory)
-- XML file not found relative to classpath.
-- /home/travis/build/icyphy/ptII/ptolemy/vergil/basic/export/test/ptolemy/domains/ptinyos/lib/MicaLeds.xml
/home/travis/build/icyphy/ptII/ptolemy/vergil/basic/export/test/ptolemy/domains/ptinyos/lib/MicaLeds.xml (No such file or directory)
 in file:/home/travis/build/icyphy/ptII/ptolemy/actor/ptalon/demo/ptinyos/SendAndReceiveCnt/CntToLedsAndRfm.xml at line 132 and column 63
	at ptolemy.moml.MoMLParser._createEntity(MoMLParser.java:4330)
	at ptolemy.moml.MoMLParser.startElement(MoMLParser.java:2864)
	... 64 more
Caused by: ptolemy.kernel.util.InternalErrorException: Element <entity name="MicaLeds" class="ptolemy.domains.ptinyos.lib.MicaLeds"> caused an exception to be thrown.
  in .CntToLedsAndRfm
Because:
Cannot find class: ptolemy.domains.ptinyos.lib.MicaLeds. In Ptolemy, classes are typically Java .class files. Entities like actors may instead be defined within a .xml file.  In any case, the class was not found. If the class uses a third party package, then the class would be present only if the third party package was found at compile time.  It may be necessary to upgrade Java or install the third party package, reconfigure and recompile.
Because:
-- /home/travis/build/icyphy/ptII/ptolemy/actor/ptalon/demo/ptinyos/SendAndReceiveCnt/ptolemy/domains/ptinyos/lib/MicaLeds.xml (No such file or directory)
-- XML file not found relative to classpath.
-- /home/travis/build/icyphy/ptII/ptolemy/vergil/basic/export/test/ptolemy/domains/ptinyos/lib/MicaLeds.xml
/home/travis/build/icyphy/ptII/ptolemy/vergil/basic/export/test/ptolemy/domains/ptinyos/lib/MicaLeds.xml (No such file or directory)
 in file:/home/travis/build/icyphy/ptII/ptolemy/actor/ptalon/demo/ptinyos/SendAndReceiveCnt/CntToLedsAndRfm.xml at line 132 and column 63
	at ptolemy.moml.SimpleErrorHandler.handleError(SimpleErrorHandler.java:75)
	at ptolemy.moml.MoMLParser.startElement(MoMLParser.java:3805)
	at com.microstar.xml.XmlParser.parseElement(XmlParser.java:921)
	at com.microstar.xml.XmlParser.parseContent(XmlParser.java:1104)
	at com.microstar.xml.XmlParser.parseElement(XmlParser.java:924)
	at com.microstar.xml.XmlParser.parseDocument(XmlParser.java:481)
	at com.microstar.xml.XmlParser.doParse(XmlParser.java:159)
	at com.microstar.xml.XmlParser.parse(XmlParser.java:132)
	at ptolemy.moml.MoMLParser.parse(MoMLParser.java:1676)
	at ptolemy.moml.MoMLParser.parse(MoMLParser.java:1595)
	at ptolemy.moml.MoMLParser.parse(MoMLParser.java:1537)
	at ptolemy.moml.MoMLParser._findOrParse(MoMLParser.java:5286)
	at ptolemy.moml.MoMLParser._attemptToFindMoMLClass(MoMLParser.java:4075)
	at ptolemy.moml.MoMLParser._createEntity(MoMLParser.java:4323)
	... 65 more
Caused by: ptolemy.kernel.util.IllegalActionException: Cannot find class: ptolemy.domains.ptinyos.lib.MicaLeds. In Ptolemy, classes are typically Java .class files. Entities like actors may instead be defined within a .xml file.  In any case, the class was not found. If the class uses a third party package, then the class would be present only if the third party package was found at compile time.  It may be necessary to upgrade Java or install the third party package, reconfigure and recompile.
Because:
-- /home/travis/build/icyphy/ptII/ptolemy/actor/ptalon/demo/ptinyos/SendAndReceiveCnt/ptolemy/domains/ptinyos/lib/MicaLeds.xml (No such file or directory)
-- XML file not found relative to classpath.
-- /home/travis/build/icyphy/ptII/ptolemy/vergil/basic/export/test/ptolemy/domains/ptinyos/lib/MicaLeds.xml
/home/travis/build/icyphy/ptII/ptolemy/vergil/basic/export/test/ptolemy/domains/ptinyos/lib/MicaLeds.xml (No such file or directory)
 in file:/home/travis/build/icyphy/ptII/ptolemy/actor/ptalon/demo/ptinyos/SendAndReceiveCnt/CntToLedsAndRfm.xml at line 132 and column 63
	at ptolemy.moml.MoMLParser._createEntity(MoMLParser.java:4330)
	at ptolemy.moml.MoMLParser.startElement(MoMLParser.java:2864)
	... 77 more
Caused by: com.microstar.xml.XmlException: -- /home/travis/build/icyphy/ptII/ptolemy/actor/ptalon/demo/ptinyos/SendAndReceiveCnt/ptolemy/domains/ptinyos/lib/MicaLeds.xml (No such file or directory)
-- XML file not found relative to classpath.
-- /home/travis/build/icyphy/ptII/ptolemy/vergil/basic/export/test/ptolemy/domains/ptinyos/lib/MicaLeds.xml
/home/travis/build/icyphy/ptII/ptolemy/vergil/basic/export/test/ptolemy/domains/ptinyos/lib/MicaLeds.xml (No such file or directory)
 in file:/home/travis/build/icyphy/ptII/ptolemy/actor/ptalon/demo/ptinyos/SendAndReceiveCnt/CntToLedsAndRfm.xml at line 132 and column 63
	at ptolemy.moml.MoMLParser.fileNameToURL(MoMLParser.java:1414)
	at ptolemy.moml.MoMLParser._findOrParse(MoMLParser.java:5283)
	at ptolemy.moml.MoMLParser._attemptToFindMoMLClass(MoMLParser.java:4075)
	at ptolemy.moml.MoMLParser._createEntity(MoMLParser.java:4323)
	... 78 more
Failed to read file:/home/travis/build/icyphy/ptII/ptolemy/actor/ptalon/demo/ptinyos/SendAndReceiveCnt/SendAndReceiveCnt.xml
ptolemy.kernel.util.IllegalActionException: Failed to process attribute change to PtalonParameter, whose value is "ptolemy.actor.ptalon.PtalonExpressionParameter {.SendAndReceiveCnt.SendAndReceiveCnt.channelName} "AtomicWirelessChannel"".
  in .SendAndReceiveCnt.SendAndReceiveCnt
Because:
Unable to add actor null
	at ptolemy.actor.ptalon.PtalonActor.attributeChanged(PtalonActor.java:211)
	at ptolemy.actor.ptalon.PtalonMLHandler.startElement(PtalonMLHandler.java:134)
	at com.microstar.xml.XmlParser.parseElement(XmlParser.java:921)
	at com.microstar.xml.XmlParser.parseContent(XmlParser.java:1104)
	at com.microstar.xml.XmlParser.parseElement(XmlParser.java:924)
	at com.microstar.xml.XmlParser.parseDocument(XmlParser.java:481)
	at com.microstar.xml.XmlParser.doParse(XmlParser.java:159)
	at com.microstar.xml.XmlParser.parse(XmlParser.java:132)
	at ptolemy.actor.ptalon.PtalonActor.configure(PtalonActor.java:240)
	at ptolemy.moml.MoMLParser.endElement(MoMLParser.java:996)
	at com.microstar.xml.XmlParser.parseETag(XmlParser.java:1026)
	at com.microstar.xml.XmlParser.parseContent(XmlParser.java:1098)
	at com.microstar.xml.XmlParser.parseElement(XmlParser.java:924)
	at com.microstar.xml.XmlParser.parseContent(XmlParser.java:1104)
	at com.microstar.xml.XmlParser.parseElement(XmlParser.java:924)
	at com.microstar.xml.XmlParser.parseContent(XmlParser.java:1104)
	at com.microstar.xml.XmlParser.parseElement(XmlParser.java:924)
	at com.microstar.xml.XmlParser.parseDocument(XmlParser.java:481)
	at com.microstar.xml.XmlParser.doParse(XmlParser.java:159)
	at com.microstar.xml.XmlParser.parse(XmlParser.java:132)
	at ptolemy.moml.MoMLParser.parse(MoMLParser.java:1676)
	at ptolemy.moml.MoMLParser.parse(MoMLParser.java:1595)
	at ptolemy.moml.MoMLParser.parse(MoMLParser.java:1537)
	at ptolemy.actor.gui.PtolemyEffigy$Factory.createEffigy(PtolemyEffigy.java:424)
	at ptolemy.actor.gui.EffigyFactory.createEffigy(EffigyFactory.java:234)
	at ptolemy.actor.gui.Configuration.openModel(Configuration.java:1125)
	at ptolemy.actor.gui.Configuration.openModel(Configuration.java:1051)
	at ptolemy.actor.gui.ConfigurationApplication._openModel(ConfigurationApplication.java:1252)
	at ptolemy.actor.gui.ConfigurationApplication._parseArg(ConfigurationApplication.java:1399)
	at ptolemy.actor.gui.ConfigurationApplication._parseArgs(ConfigurationApplication.java:1478)
	at ptolemy.actor.gui.ConfigurationApplication.<init>(ConfigurationApplication.java:277)
	at ptolemy.actor.gui.ConfigurationApplication.<init>(ConfigurationApplication.java:214)
	at ptolemy.actor.gui.ConfigurationApplication.<init>(ConfigurationApplication.java:201)
	at ptolemy.actor.gui.ConfigurationApplication.openModelOrEntity(ConfigurationApplication.java:680)
	at ptolemy.vergil.basic.export.ExportModel$1.run(ExportModel.java:220)
	at java.awt.event.InvocationEvent.dispatch(InvocationEvent.java:301)
	at java.awt.EventQueue.dispatchEventImpl(EventQueue.java:756)
	at java.awt.EventQueue.access$500(EventQueue.java:97)
	at java.awt.EventQueue$3.run(EventQueue.java:709)
	at java.awt.EventQueue$3.run(EventQueue.java:703)
	at java.security.AccessController.doPrivileged(Native Method)
	at java.security.ProtectionDomain$JavaSecurityAccessImpl.doIntersectionPrivilege(ProtectionDomain.java:80)
	at java.awt.EventQueue.dispatchEvent(EventQueue.java:726)
	at java.awt.EventDispatchThread.pumpOneEventForFilters(EventDispatchThread.java:201)
	at java.awt.EventDispatchThread.pumpEventsForFilter(EventDispatchThread.java:116)
	at java.awt.EventDispatchThread.pumpEventsForHierarchy(EventDispatchThread.java:105)
	at java.awt.EventDispatchThread.pumpEvents(EventDispatchThread.java:101)
	at java.awt.EventDispatchThread.pumpEvents(EventDispatchThread.java:93)
	at java.awt.EventDispatchThread.run(EventDispatchThread.java:82)
Caused by: ptolemy.actor.ptalon.PtalonRuntimeException: Unable to add actor null
	at ptolemy.actor.ptalon.PtalonEvaluator.addActor(PtalonEvaluator.java:300)
	at ptolemy.actor.ptalon.PtalonPopulator.actor_declaration(PtalonPopulator.java:1574)
	at ptolemy.actor.ptalon.PtalonPopulator.atomic_statement(PtalonPopulator.java:1638)
	at ptolemy.actor.ptalon.PtalonPopulator.iterative_statement_evaluator(PtalonPopulator.java:2484)
	at ptolemy.actor.ptalon.AbstractPtalonEvaluator$IfTree.evaluateForScope(AbstractPtalonEvaluator.java:1307)
	at ptolemy.actor.ptalon.AbstractPtalonEvaluator.evaluateForScope(AbstractPtalonEvaluator.java:744)
	at ptolemy.actor.ptalon.PtalonPopulator.iterative_statement(PtalonPopulator.java:2363)
	at ptolemy.actor.ptalon.PtalonPopulator.actor_definition(PtalonPopulator.java:2809)
	at ptolemy.actor.ptalon.PtalonActor.attributeChanged(PtalonActor.java:206)
	... 48 more
Caused by: ptolemy.kernel.util.InternalErrorException: Element <entity name="sender1" class="ptolemy.actor.ptalon.demo.ptinyos.SendAndReceiveCnt.CntToLedsAndRfm"> caused an exception to be thrown.
  in .SendAndReceiveCnt.SendAndReceiveCnt
Because:
Cannot find class: ptolemy.actor.ptalon.demo.ptinyos.SendAndReceiveCnt.CntToLedsAndRfm. In Ptolemy, classes are typically Java .class files. Entities like actors may instead be defined within a .xml file.  In any case, the class was not found. If the class uses a third party package, then the class would be present only if the third party package was found at compile time.  It may be necessary to upgrade Java or install the third party package, reconfigure and recompile.
Because:
Element <entity name="MicaLeds" class="ptolemy.domains.ptinyos.lib.MicaLeds"> caused an exception to be thrown.
  in .CntToLedsAndRfm
Because:
Cannot find class: ptolemy.domains.ptinyos.lib.MicaLeds. In Ptolemy, classes are typically Java .class files. Entities like actors may instead be defined within a .xml file.  In any case, the class was not found. If the class uses a third party package, then the class would be present only if the third party package was found at compile time.  It may be necessary to upgrade Java or install the third party package, reconfigure and recompile.
Because:
-- /home/travis/build/icyphy/ptII/ptolemy/actor/ptalon/demo/ptinyos/SendAndReceiveCnt/ptolemy/domains/ptinyos/lib/MicaLeds.xml (No such file or directory)
-- XML file not found relative to classpath.
-- /home/travis/build/icyphy/ptII/ptolemy/vergil/basic/export/test/ptolemy/domains/ptinyos/lib/MicaLeds.xml
/home/travis/build/icyphy/ptII/ptolemy/vergil/basic/export/test/ptolemy/domains/ptinyos/lib/MicaLeds.xml (No such file or directory)
 in file:/home/travis/build/icyphy/ptII/ptolemy/actor/ptalon/demo/ptinyos/SendAndReceiveCnt/CntToLedsAndRfm.xml at line 132 and column 63
	at ptolemy.moml.SimpleErrorHandler.handleError(SimpleErrorHandler.java:75)
	at ptolemy.moml.MoMLParser.startElement(MoMLParser.java:3805)
	at com.microstar.xml.XmlParser.parseElement(XmlParser.java:931)
	at com.microstar.xml.XmlParser.parseDocument(XmlParser.java:481)
	at com.microstar.xml.XmlParser.doParse(XmlParser.java:159)
	at com.microstar.xml.XmlParser.parse(XmlParser.java:132)
	at ptolemy.moml.MoMLParser.parse(MoMLParser.java:1660)
	at ptolemy.moml.MoMLParser.parse(MoMLParser.java:1617)
	at ptolemy.moml.MoMLParser.parse(MoMLParser.java:1792)
	at ptolemy.actor.ptalon.PtalonEvaluator.addActor(PtalonEvaluator.java:241)
	... 56 more
Caused by: ptolemy.kernel.util.IllegalActionException: Cannot find class: ptolemy.actor.ptalon.demo.ptinyos.SendAndReceiveCnt.CntToLedsAndRfm. In Ptolemy, classes are typically Java .class files. Entities like actors may instead be defined within a .xml file.  In any case, the class was not found. If the class uses a third party package, then the class would be present only if the third party package was found at compile time.  It may be necessary to upgrade Java or install the third party package, reconfigure and recompile.
Because:
Element <entity name="MicaLeds" class="ptolemy.domains.ptinyos.lib.MicaLeds"> caused an exception to be thrown.
  in .CntToLedsAndRfm
Because:
Cannot find class: ptolemy.domains.ptinyos.lib.MicaLeds. In Ptolemy, classes are typically Java .class files. Entities like actors may instead be defined within a .xml file.  In any case, the class was not found. If the class uses a third party package, then the class would be present only if the third party package was found at compile time.  It may be necessary to upgrade Java or install the third party package, reconfigure and recompile.
Because:
-- /home/travis/build/icyphy/ptII/ptolemy/actor/ptalon/demo/ptinyos/SendAndReceiveCnt/ptolemy/domains/ptinyos/lib/MicaLeds.xml (No such file or directory)
-- XML file not found relative to classpath.
-- /home/travis/build/icyphy/ptII/ptolemy/vergil/basic/export/test/ptolemy/domains/ptinyos/lib/MicaLeds.xml
/home/travis/build/icyphy/ptII/ptolemy/vergil/basic/export/test/ptolemy/domains/ptinyos/lib/MicaLeds.xml (No such file or directory)
 in file:/home/travis/build/icyphy/ptII/ptolemy/actor/ptalon/demo/ptinyos/SendAndReceiveCnt/CntToLedsAndRfm.xml at line 132 and column 63
	at ptolemy.moml.MoMLParser._createEntity(MoMLParser.java:4330)
	at ptolemy.moml.MoMLParser.startElement(MoMLParser.java:2864)
	... 64 more
Caused by: ptolemy.kernel.util.InternalErrorException: Element <entity name="MicaLeds" class="ptolemy.domains.ptinyos.lib.MicaLeds"> caused an exception to be thrown.
  in .CntToLedsAndRfm
Because:
Cannot find class: ptolemy.domains.ptinyos.lib.MicaLeds. In Ptolemy, classes are typically Java .class files. Entities like actors may instead be defined within a .xml file.  In any case, the class was not found. If the class uses a third party package, then the class would be present only if the third party package was found at compile time.  It may be necessary to upgrade Java or install the third party package, reconfigure and recompile.
Because:
-- /home/travis/build/icyphy/ptII/ptolemy/actor/ptalon/demo/ptinyos/SendAndReceiveCnt/ptolemy/domains/ptinyos/lib/MicaLeds.xml (No such file or directory)
-- XML file not found relative to classpath.
-- /home/travis/build/icyphy/ptII/ptolemy/vergil/basic/export/test/ptolemy/domains/ptinyos/lib/MicaLeds.xml
/home/travis/build/icyphy/ptII/ptolemy/vergil/basic/export/test/ptolemy/domains/ptinyos/lib/MicaLeds.xml (No such file or directory)
 in file:/home/travis/build/icyphy/ptII/ptolemy/actor/ptalon/demo/ptinyos/SendAndReceiveCnt/CntToLedsAndRfm.xml at line 132 and column 63
	at ptolemy.moml.SimpleErrorHandler.handleError(SimpleErrorHandler.java:75)
	at ptolemy.moml.MoMLParser.startElement(MoMLParser.java:3805)
	at com.microstar.xml.XmlParser.parseElement(XmlParser.java:921)
	at com.microstar.xml.XmlParser.parseContent(XmlParser.java:1104)
	at com.microstar.xml.XmlParser.parseElement(XmlParser.java:924)
	at com.microstar.xml.XmlParser.parseDocument(XmlParser.java:481)
	at com.microstar.xml.XmlParser.doParse(XmlParser.java:159)
	at com.microstar.xml.XmlParser.parse(XmlParser.java:132)
	at ptolemy.moml.MoMLParser.parse(MoMLParser.java:1676)
	at ptolemy.moml.MoMLParser.parse(MoMLParser.java:1595)
	at ptolemy.moml.MoMLParser.parse(MoMLParser.java:1537)
	at ptolemy.moml.MoMLParser._findOrParse(MoMLParser.java:5286)
	at ptolemy.moml.MoMLParser._attemptToFindMoMLClass(MoMLParser.java:4075)
	at ptolemy.moml.MoMLParser._createEntity(MoMLParser.java:4323)
	... 65 more
Caused by: ptolemy.kernel.util.IllegalActionException: Cannot find class: ptolemy.domains.ptinyos.lib.MicaLeds. In Ptolemy, classes are typically Java .class files. Entities like actors may instead be defined within a .xml file.  In any case, the class was not found. If the class uses a third party package, then the class would be present only if the third party package was found at compile time.  It may be necessary to upgrade Java or install the third party package, reconfigure and recompile.
Because:
-- /home/travis/build/icyphy/ptII/ptolemy/actor/ptalon/demo/ptinyos/SendAndReceiveCnt/ptolemy/domains/ptinyos/lib/MicaLeds.xml (No such file or directory)
-- XML file not found relative to classpath.
-- /home/travis/build/icyphy/ptII/ptolemy/vergil/basic/export/test/ptolemy/domains/ptinyos/lib/MicaLeds.xml
/home/travis/build/icyphy/ptII/ptolemy/vergil/basic/export/test/ptolemy/domains/ptinyos/lib/MicaLeds.xml (No such file or directory)
 in file:/home/travis/build/icyphy/ptII/ptolemy/actor/ptalon/demo/ptinyos/SendAndReceiveCnt/CntToLedsAndRfm.xml at line 132 and column 63
	at ptolemy.moml.MoMLParser._createEntity(MoMLParser.java:4330)
	at ptolemy.moml.MoMLParser.startElement(MoMLParser.java:2864)
	... 77 more
Caused by: com.microstar.xml.XmlException: -- /home/travis/build/icyphy/ptII/ptolemy/actor/ptalon/demo/ptinyos/SendAndReceiveCnt/ptolemy/domains/ptinyos/lib/MicaLeds.xml (No such file or directory)
-- XML file not found relative to classpath.
-- /home/travis/build/icyphy/ptII/ptolemy/vergil/basic/export/test/ptolemy/domains/ptinyos/lib/MicaLeds.xml
/home/travis/build/icyphy/ptII/ptolemy/vergil/basic/export/test/ptolemy/domains/ptinyos/lib/MicaLeds.xml (No such file or directory)
 in file:/home/travis/build/icyphy/ptII/ptolemy/actor/ptalon/demo/ptinyos/SendAndReceiveCnt/CntToLedsAndRfm.xml at line 132 and column 63
	at ptolemy.moml.MoMLParser.fileNameToURL(MoMLParser.java:1414)
	at ptolemy.moml.MoMLParser._findOrParse(MoMLParser.java:5283)
	at ptolemy.moml.MoMLParser._attemptToFindMoMLClass(MoMLParser.java:4075)
	at ptolemy.moml.MoMLParser._createEntity(MoMLParser.java:4323)
	... 78 more
Caused by: ptolemy.actor.ptalon.PtalonRuntimeException: Unable to add actor null
	at ptolemy.actor.ptalon.PtalonEvaluator.addActor(PtalonEvaluator.java:300)
	at ptolemy.actor.ptalon.PtalonPopulator.actor_declaration(PtalonPopulator.java:1574)
	at ptolemy.actor.ptalon.PtalonPopulator.atomic_statement(PtalonPopulator.java:1638)
	at ptolemy.actor.ptalon.PtalonPopulator.iterative_statement_evaluator(PtalonPopulator.java:2484)
	at ptolemy.actor.ptalon.AbstractPtalonEvaluator$IfTree.evaluateForScope(AbstractPtalonEvaluator.java:1307)
	at ptolemy.actor.ptalon.AbstractPtalonEvaluator.evaluateForScope(AbstractPtalonEvaluator.java:744)
	at ptolemy.actor.ptalon.PtalonPopulator.iterative_statement(PtalonPopulator.java:2363)
	at ptolemy.actor.ptalon.PtalonPopulator.actor_definition(PtalonPopulator.java:2809)
	at ptolemy.actor.ptalon.PtalonActor.attributeChanged(PtalonActor.java:206)
	at ptolemy.actor.ptalon.PtalonMLHandler.startElement(PtalonMLHandler.java:134)
	at com.microstar.xml.XmlParser.parseElement(XmlParser.java:921)
	at com.microstar.xml.XmlParser.parseContent(XmlParser.java:1104)
	at com.microstar.xml.XmlParser.parseElement(XmlParser.java:924)
	at com.microstar.xml.XmlParser.parseDocument(XmlParser.java:481)
	at com.microstar.xml.XmlParser.doParse(XmlParser.java:159)
	at com.microstar.xml.XmlParser.parse(XmlParser.java:132)
	at ptolemy.actor.ptalon.PtalonActor.configure(PtalonActor.java:240)
	at ptolemy.moml.MoMLParser.endElement(MoMLParser.java:996)
	at com.microstar.xml.XmlParser.parseETag(XmlParser.java:1026)
	at com.microstar.xml.XmlParser.parseContent(XmlParser.java:1098)
	at com.microstar.xml.XmlParser.parseElement(XmlParser.java:924)
	at com.microstar.xml.XmlParser.parseContent(XmlParser.java:1104)
	at com.microstar.xml.XmlParser.parseElement(XmlParser.java:924)
	at com.microstar.xml.XmlParser.parseContent(XmlParser.java:1104)
	at com.microstar.xml.XmlParser.parseElement(XmlParser.java:924)
	at com.microstar.xml.XmlParser.parseDocument(XmlParser.java:481)
	at com.microstar.xml.XmlParser.doParse(XmlParser.java:159)
	at com.microstar.xml.XmlParser.parse(XmlParser.java:132)
	at ptolemy.moml.MoMLParser.parse(MoMLParser.java:1676)
	at ptolemy.moml.MoMLParser.parse(MoMLParser.java:1595)
	at ptolemy.moml.MoMLParser.parse(MoMLParser.java:1537)
	at ptolemy.actor.gui.PtolemyEffigy$Factory.createEffigy(PtolemyEffigy.java:424)
	at ptolemy.actor.gui.EffigyFactory.createEffigy(EffigyFactory.java:234)
	at ptolemy.actor.gui.Configuration.openModel(Configuration.java:1125)
	at ptolemy.actor.gui.Configuration.openModel(Configuration.java:1051)
	at ptolemy.actor.gui.ConfigurationApplication._openModel(ConfigurationApplication.java:1252)
	at ptolemy.actor.gui.ConfigurationApplication._parseArg(ConfigurationApplication.java:1399)
	at ptolemy.actor.gui.ConfigurationApplication._parseArgs(ConfigurationApplication.java:1478)
	at ptolemy.actor.gui.ConfigurationApplication.<init>(ConfigurationApplication.java:277)
	at ptolemy.actor.gui.ConfigurationApplication.<init>(ConfigurationApplication.java:214)
	at ptolemy.actor.gui.ConfigurationApplication.<init>(ConfigurationApplication.java:201)
	at ptolemy.actor.gui.ConfigurationApplication.openModelOrEntity(ConfigurationApplication.java:680)
	at ptolemy.vergil.basic.export.ExportModel$1.run(ExportModel.java:220)
	at java.awt.event.InvocationEvent.dispatch(InvocationEvent.java:301)
	at java.awt.EventQueue.dispatchEventImpl(EventQueue.java:756)
	at java.awt.EventQueue.access$500(EventQueue.java:97)
	at java.awt.EventQueue$3.run(EventQueue.java:709)
	at java.awt.EventQueue$3.run(EventQueue.java:703)
	at java.security.AccessController.doPrivileged(Native Method)
	at java.security.ProtectionDomain$JavaSecurityAccessImpl.doIntersectionPrivilege(ProtectionDomain.java:80)
	at java.awt.EventQueue.dispatchEvent(EventQueue.java:726)
	at java.awt.EventDispatchThread.pumpOneEventForFilters(EventDispatchThread.java:201)
	at java.awt.EventDispatchThread.pumpEventsForFilter(EventDispatchThread.java:116)
	at java.awt.EventDispatchThread.pumpEventsForHierarchy(EventDispatchThread.java:105)
	at java.awt.EventDispatchThread.pumpEvents(EventDispatchThread.java:101)
	at java.awt.EventDispatchThread.pumpEvents(EventDispatchThread.java:93)
	at java.awt.EventDispatchThread.run(EventDispatchThread.java:82)
Caused by: ptolemy.kernel.util.InternalErrorException: Element <entity name="sender1" class="ptolemy.actor.ptalon.demo.ptinyos.SendAndReceiveCnt.CntToLedsAndRfm"> caused an exception to be thrown.
  in .SendAndReceiveCnt.SendAndReceiveCnt
Because:
Cannot find class: ptolemy.actor.ptalon.demo.ptinyos.SendAndReceiveCnt.CntToLedsAndRfm. In Ptolemy, classes are typically Java .class files. Entities like actors may instead be defined within a .xml file.  In any case, the class was not found. If the class uses a third party package, then the class would be present only if the third party package was found at compile time.  It may be necessary to upgrade Java or install the third party package, reconfigure and recompile.
Because:
Element <entity name="MicaLeds" class="ptolemy.domains.ptinyos.lib.MicaLeds"> caused an exception to be thrown.
  in .CntToLedsAndRfm
Because:
Cannot find class: ptolemy.domains.ptinyos.lib.MicaLeds. In Ptolemy, classes are typically Java .class files. Entities like actors may instead be defined within a .xml file.  In any case, the class was not found. If the class uses a third party package, then the class would be present only if the third party package was found at compile time.  It may be necessary to upgrade Java or install the third party package, reconfigure and recompile.
Because:
-- /home/travis/build/icyphy/ptII/ptolemy/actor/ptalon/demo/ptinyos/SendAndReceiveCnt/ptolemy/domains/ptinyos/lib/MicaLeds.xml (No such file or directory)
-- XML file not found relative to classpath.
-- /home/travis/build/icyphy/ptII/ptolemy/vergil/basic/export/test/ptolemy/domains/ptinyos/lib/MicaLeds.xml
/home/travis/build/icyphy/ptII/ptolemy/vergil/basic/export/test/ptolemy/domains/ptinyos/lib/MicaLeds.xml (No such file or directory)
 in file:/home/travis/build/icyphy/ptII/ptolemy/actor/ptalon/demo/ptinyos/SendAndReceiveCnt/CntToLedsAndRfm.xml at line 132 and column 63
	at ptolemy.moml.SimpleErrorHandler.handleError(SimpleErrorHandler.java:75)
	at ptolemy.moml.MoMLParser.startElement(MoMLParser.java:3805)
	at com.microstar.xml.XmlParser.parseElement(XmlParser.java:931)
	at com.microstar.xml.XmlParser.parseDocument(XmlParser.java:481)
	at com.microstar.xml.XmlParser.doParse(XmlParser.java:159)
	at com.microstar.xml.XmlParser.parse(XmlParser.java:132)
	at ptolemy.moml.MoMLParser.parse(MoMLParser.java:1660)
	at ptolemy.moml.MoMLParser.parse(MoMLParser.java:1617)
	at ptolemy.moml.MoMLParser.parse(MoMLParser.java:1792)
	at ptolemy.actor.ptalon.PtalonEvaluator.addActor(PtalonEvaluator.java:241)
	... 56 more
Caused by: ptolemy.kernel.util.IllegalActionException: Cannot find class: ptolemy.actor.ptalon.demo.ptinyos.SendAndReceiveCnt.CntToLedsAndRfm. In Ptolemy, classes are typically Java .class files. Entities like actors may instead be defined within a .xml file.  In any case, the class was not found. If the class uses a third party package, then the class would be present only if the third party package was found at compile time.  It may be necessary to upgrade Java or install the third party package, reconfigure and recompile.
Because:
Element <entity name="MicaLeds" class="ptolemy.domains.ptinyos.lib.MicaLeds"> caused an exception to be thrown.
  in .CntToLedsAndRfm
Because:
Cannot find class: ptolemy.domains.ptinyos.lib.MicaLeds. In Ptolemy, classes are typically Java .class files. Entities like actors may instead be defined within a .xml file.  In any case, the class was not found. If the class uses a third party package, then the class would be present only if the third party package was found at compile time.  It may be necessary to upgrade Java or install the third party package, reconfigure and recompile.
Because:
-- /home/travis/build/icyphy/ptII/ptolemy/actor/ptalon/demo/ptinyos/SendAndReceiveCnt/ptolemy/domains/ptinyos/lib/MicaLeds.xml (No such file or directory)
-- XML file not found relative to classpath.
-- /home/travis/build/icyphy/ptII/ptolemy/vergil/basic/export/test/ptolemy/domains/ptinyos/lib/MicaLeds.xml
/home/travis/build/icyphy/ptII/ptolemy/vergil/basic/export/test/ptolemy/domains/ptinyos/lib/MicaLeds.xml (No such file or directory)
 in file:/home/travis/build/icyphy/ptII/ptolemy/actor/ptalon/demo/ptinyos/SendAndReceiveCnt/CntToLedsAndRfm.xml at line 132 and column 63
	at ptolemy.moml.MoMLParser._createEntity(MoMLParser.java:4330)
	at ptolemy.moml.MoMLParser.startElement(MoMLParser.java:2864)
	... 64 more
Caused by: ptolemy.kernel.util.InternalErrorException: Element <entity name="MicaLeds" class="ptolemy.domains.ptinyos.lib.MicaLeds"> caused an exception to be thrown.
  in .CntToLedsAndRfm
Because:
Cannot find class: ptolemy.domains.ptinyos.lib.MicaLeds. In Ptolemy, classes are typically Java .class files. Entities like actors may instead be defined within a .xml file.  In any case, the class was not found. If the class uses a third party package, then the class would be present only if the third party package was found at compile time.  It may be necessary to upgrade Java or install the third party package, reconfigure and recompile.
Because:
-- /home/travis/build/icyphy/ptII/ptolemy/actor/ptalon/demo/ptinyos/SendAndReceiveCnt/ptolemy/domains/ptinyos/lib/MicaLeds.xml (No such file or directory)
-- XML file not found relative to classpath.
-- /home/travis/build/icyphy/ptII/ptolemy/vergil/basic/export/test/ptolemy/domains/ptinyos/lib/MicaLeds.xml
/home/travis/build/icyphy/ptII/ptolemy/vergil/basic/export/test/ptolemy/domains/ptinyos/lib/MicaLeds.xml (No such file or directory)
 in file:/home/travis/build/icyphy/ptII/ptolemy/actor/ptalon/demo/ptinyos/SendAndReceiveCnt/CntToLedsAndRfm.xml at line 132 and column 63
	at ptolemy.moml.SimpleErrorHandler.handleError(SimpleErrorHandler.java:75)
	at ptolemy.moml.MoMLParser.startElement(MoMLParser.java:3805)
	at com.microstar.xml.XmlParser.parseElement(XmlParser.java:921)
	at com.microstar.xml.XmlParser.parseContent(XmlParser.java:1104)
	at com.microstar.xml.XmlParser.parseElement(XmlParser.java:924)
	at com.microstar.xml.XmlParser.parseDocument(XmlParser.java:481)
	at com.microstar.xml.XmlParser.doParse(XmlParser.java:159)
	at com.microstar.xml.XmlParser.parse(XmlParser.java:132)
	at ptolemy.moml.MoMLParser.parse(MoMLParser.java:1676)
	at ptolemy.moml.MoMLParser.parse(MoMLParser.java:1595)
	at ptolemy.moml.MoMLParser.parse(MoMLParser.java:1537)
	at ptolemy.moml.MoMLParser._findOrParse(MoMLParser.java:5286)
	at ptolemy.moml.MoMLParser._attemptToFindMoMLClass(MoMLParser.java:4075)
	at ptolemy.moml.MoMLParser._createEntity(MoMLParser.java:4323)
	... 65 more
Caused by: ptolemy.kernel.util.IllegalActionException: Cannot find class: ptolemy.domains.ptinyos.lib.MicaLeds. In Ptolemy, classes are typically Java .class files. Entities like actors may instead be defined within a .xml file.  In any case, the class was not found. If the class uses a third party package, then the class would be present only if the third party package was found at compile time.  It may be necessary to upgrade Java or install the third party package, reconfigure and recompile.
Because:
-- /home/travis/build/icyphy/ptII/ptolemy/actor/ptalon/demo/ptinyos/SendAndReceiveCnt/ptolemy/domains/ptinyos/lib/MicaLeds.xml (No such file or directory)
-- XML file not found relative to classpath.
-- /home/travis/build/icyphy/ptII/ptolemy/vergil/basic/export/test/ptolemy/domains/ptinyos/lib/MicaLeds.xml
/home/travis/build/icyphy/ptII/ptolemy/vergil/basic/export/test/ptolemy/domains/ptinyos/lib/MicaLeds.xml (No such file or directory)
 in file:/home/travis/build/icyphy/ptII/ptolemy/actor/ptalon/demo/ptinyos/SendAndReceiveCnt/CntToLedsAndRfm.xml at line 132 and column 63
	at ptolemy.moml.MoMLParser._createEntity(MoMLParser.java:4330)
	at ptolemy.moml.MoMLParser.startElement(MoMLParser.java:2864)
	... 77 more
Caused by: com.microstar.xml.XmlException: -- /home/travis/build/icyphy/ptII/ptolemy/actor/ptalon/demo/ptinyos/SendAndReceiveCnt/ptolemy/domains/ptinyos/lib/MicaLeds.xml (No such file or directory)
-- XML file not found relative to classpath.
-- /home/travis/build/icyphy/ptII/ptolemy/vergil/basic/export/test/ptolemy/domains/ptinyos/lib/MicaLeds.xml
/home/travis/build/icyphy/ptII/ptolemy/vergil/basic/export/test/ptolemy/domains/ptinyos/lib/MicaLeds.xml (No such file or directory)
 in file:/home/travis/build/icyphy/ptII/ptolemy/actor/ptalon/demo/ptinyos/SendAndReceiveCnt/CntToLedsAndRfm.xml at line 132 and column 63
	at ptolemy.moml.MoMLParser.fileNameToURL(MoMLParser.java:1414)
	at ptolemy.moml.MoMLParser._findOrParse(MoMLParser.java:5283)
	at ptolemy.moml.MoMLParser._attemptToFindMoMLClass(MoMLParser.java:4075)
	at ptolemy.moml.MoMLParser._createEntity(MoMLParser.java:4323)
	... 78 more
ptolemy.kernel.util.IllegalActionException: Failed to process attribute change to PtalonParameter, whose value is "ptolemy.actor.ptalon.PtalonExpressionParameter {.SendAndReceiveCnt.SendAndReceiveCnt.channelName} "AtomicWirelessChannel"".
  in .SendAndReceiveCnt.SendAndReceiveCnt
Because:
Unable to add actor null
	at ptolemy.actor.ptalon.PtalonActor.attributeChanged(PtalonActor.java:211)
	at ptolemy.actor.ptalon.PtalonMLHandler.startElement(PtalonMLHandler.java:134)
	at com.microstar.xml.XmlParser.parseElement(XmlParser.java:921)
	at com.microstar.xml.XmlParser.parseContent(XmlParser.java:1104)
	at com.microstar.xml.XmlParser.parseElement(XmlParser.java:924)
	at com.microstar.xml.XmlParser.parseDocument(XmlParser.java:481)
	at com.microstar.xml.XmlParser.doParse(XmlParser.java:159)
	at com.microstar.xml.XmlParser.parse(XmlParser.java:132)
	at ptolemy.actor.ptalon.PtalonActor.configure(PtalonActor.java:240)
	at ptolemy.moml.MoMLParser.endElement(MoMLParser.java:996)
	at com.microstar.xml.XmlParser.parseETag(XmlParser.java:1026)
	at com.microstar.xml.XmlParser.parseContent(XmlParser.java:1098)
	at com.microstar.xml.XmlParser.parseElement(XmlParser.java:924)
	at com.microstar.xml.XmlParser.parseContent(XmlParser.java:1104)
	at com.microstar.xml.XmlParser.parseElement(XmlParser.java:924)
	at com.microstar.xml.XmlParser.parseContent(XmlParser.java:1104)
	at com.microstar.xml.XmlParser.parseElement(XmlParser.java:924)
	at com.microstar.xml.XmlParser.parseDocument(XmlParser.java:481)
	at com.microstar.xml.XmlParser.doParse(XmlParser.java:159)
	at com.microstar.xml.XmlParser.parse(XmlParser.java:132)
	at ptolemy.moml.MoMLParser.parse(MoMLParser.java:1676)
	at ptolemy.moml.MoMLParser.parse(MoMLParser.java:1595)
	at ptolemy.moml.MoMLParser.parse(MoMLParser.java:1537)
	at ptolemy.actor.gui.PtolemyEffigy$Factory.createEffigy(PtolemyEffigy.java:424)
	at ptolemy.actor.gui.EffigyFactory.createEffigy(EffigyFactory.java:234)
	at ptolemy.actor.gui.Configuration.openModel(Configuration.java:1125)
	at ptolemy.actor.gui.Configuration.openModel(Configuration.java:1051)
	at ptolemy.actor.gui.ConfigurationApplication._openModel(ConfigurationApplication.java:1252)
	at ptolemy.actor.gui.ConfigurationApplication._parseArg(ConfigurationApplication.java:1399)
	at ptolemy.actor.gui.ConfigurationApplication._parseArgs(ConfigurationApplication.java:1478)
	at ptolemy.actor.gui.ConfigurationApplication.<init>(ConfigurationApplication.java:277)
	at ptolemy.actor.gui.ConfigurationApplication.<init>(ConfigurationApplication.java:214)
	at ptolemy.actor.gui.ConfigurationApplication.<init>(ConfigurationApplication.java:201)
	at ptolemy.actor.gui.ConfigurationApplication.openModelOrEntity(ConfigurationApplication.java:680)
	at ptolemy.vergil.basic.export.ExportModel$1.run(ExportModel.java:220)
	at java.awt.event.InvocationEvent.dispatch(InvocationEvent.java:301)
	at java.awt.EventQueue.dispatchEventImpl(EventQueue.java:756)
	at java.awt.EventQueue.access$500(EventQueue.java:97)
	at java.awt.EventQueue$3.run(EventQueue.java:709)
	at java.awt.EventQueue$3.run(EventQueue.java:703)
	at java.security.AccessController.doPrivileged(Native Method)
	at java.security.ProtectionDomain$JavaSecurityAccessImpl.doIntersectionPrivilege(ProtectionDomain.java:80)
	at java.awt.EventQueue.dispatchEvent(EventQueue.java:726)
	at java.awt.EventDispatchThread.pumpOneEventForFilters(EventDispatchThread.java:201)
	at java.awt.EventDispatchThread.pumpEventsForFilter(EventDispatchThread.java:116)
	at java.awt.EventDispatchThread.pumpEventsForHierarchy(EventDispatchThread.java:105)
	at java.awt.EventDispatchThread.pumpEvents(EventDispatchThread.java:101)
	at java.awt.EventDispatchThread.pumpEvents(EventDispatchThread.java:93)
	at java.awt.EventDispatchThread.run(EventDispatchThread.java:82)
Caused by: ptolemy.actor.ptalon.PtalonRuntimeException: Unable to add actor null
	at ptolemy.actor.ptalon.PtalonEvaluator.addActor(PtalonEvaluator.java:300)
	at ptolemy.actor.ptalon.PtalonPopulator.actor_declaration(PtalonPopulator.java:1574)
	at ptolemy.actor.ptalon.PtalonPopulator.atomic_statement(PtalonPopulator.java:1638)
	at ptolemy.actor.ptalon.PtalonPopulator.iterative_statement_evaluator(PtalonPopulator.java:2484)
	at ptolemy.actor.ptalon.AbstractPtalonEvaluator$IfTree.evaluateForScope(AbstractPtalonEvaluator.java:1307)
	at ptolemy.actor.ptalon.AbstractPtalonEvaluator.evaluateForScope(AbstractPtalonEvaluator.java:744)
	at ptolemy.actor.ptalon.PtalonPopulator.iterative_statement(PtalonPopulator.java:2363)
	at ptolemy.actor.ptalon.PtalonPopulator.actor_definition(PtalonPopulator.java:2809)
	at ptolemy.actor.ptalon.PtalonActor.attributeChanged(PtalonActor.java:206)
	... 48 more
Caused by: ptolemy.kernel.util.InternalErrorException: Element <entity name="sender1" class="ptolemy.actor.ptalon.demo.ptinyos.SendAndReceiveCnt.CntToLedsAndRfm"> caused an exception to be thrown.
  in .SendAndReceiveCnt.SendAndReceiveCnt
Because:
Cannot find class: ptolemy.actor.ptalon.demo.ptinyos.SendAndReceiveCnt.CntToLedsAndRfm. In Ptolemy, classes are typically Java .class files. Entities like actors may instead be defined within a .xml file.  In any case, the class was not found. If the class uses a third party package, then the class would be present only if the third party package was found at compile time.  It may be necessary to upgrade Java or install the third party package, reconfigure and recompile.
Because:
Element <entity name="MicaLeds" class="ptolemy.domains.ptinyos.lib.MicaLeds"> caused an exception to be thrown.
  in .CntToLedsAndRfm
Because:
Cannot find class: ptolemy.domains.ptinyos.lib.MicaLeds. In Ptolemy, classes are typically Java .class files. Entities like actors may instead be defined within a .xml file.  In any case, the class was not found. If the class uses a third party package, then the class would be present only if the third party package was found at compile time.  It may be necessary to upgrade Java or install the third party package, reconfigure and recompile.
Because:
-- /home/travis/build/icyphy/ptII/ptolemy/actor/ptalon/demo/ptinyos/SendAndReceiveCnt/ptolemy/domains/ptinyos/lib/MicaLeds.xml (No such file or directory)
-- XML file not found relative to classpath.
-- /home/travis/build/icyphy/ptII/ptolemy/vergil/basic/export/test/ptolemy/domains/ptinyos/lib/MicaLeds.xml
/home/travis/build/icyphy/ptII/ptolemy/vergil/basic/export/test/ptolemy/domains/ptinyos/lib/MicaLeds.xml (No such file or directory)
 in file:/home/travis/build/icyphy/ptII/ptolemy/actor/ptalon/demo/ptinyos/SendAndReceiveCnt/CntToLedsAndRfm.xml at line 132 and column 63
	at ptolemy.moml.SimpleErrorHandler.handleError(SimpleErrorHandler.java:75)
	at ptolemy.moml.MoMLParser.startElement(MoMLParser.java:3805)
	at com.microstar.xml.XmlParser.parseElement(XmlParser.java:931)
	at com.microstar.xml.XmlParser.parseDocument(XmlParser.java:481)
	at com.microstar.xml.XmlParser.doParse(XmlParser.java:159)
	at com.microstar.xml.XmlParser.parse(XmlParser.java:132)
	at ptolemy.moml.MoMLParser.parse(MoMLParser.java:1660)
	at ptolemy.moml.MoMLParser.parse(MoMLParser.java:1617)
	at ptolemy.moml.MoMLParser.parse(MoMLParser.java:1792)
	at ptolemy.actor.ptalon.PtalonEvaluator.addActor(PtalonEvaluator.java:241)
	... 56 more
Caused by: ptolemy.kernel.util.IllegalActionException: Cannot find class: ptolemy.actor.ptalon.demo.ptinyos.SendAndReceiveCnt.CntToLedsAndRfm. In Ptolemy, classes are typically Java .class files. Entities like actors may instead be defined within a .xml file.  In any case, the class was not found. If the class uses a third party package, then the class would be present only if the third party package was found at compile time.  It may be necessary to upgrade Java or install the third party package, reconfigure and recompile.
Because:
Element <entity name="MicaLeds" class="ptolemy.domains.ptinyos.lib.MicaLeds"> caused an exception to be thrown.
  in .CntToLedsAndRfm
Because:
Cannot find class: ptolemy.domains.ptinyos.lib.MicaLeds. In Ptolemy, classes are typically Java .class files. Entities like actors may instead be defined within a .xml file.  In any case, the class was not found. If the class uses a third party package, then the class would be present only if the third party package was found at compile time.  It may be necessary to upgrade Java or install the third party package, reconfigure and recompile.
Because:
-- /home/travis/build/icyphy/ptII/ptolemy/actor/ptalon/demo/ptinyos/SendAndReceiveCnt/ptolemy/domains/ptinyos/lib/MicaLeds.xml (No such file or directory)
-- XML file not found relative to classpath.
-- /home/travis/build/icyphy/ptII/ptolemy/vergil/basic/export/test/ptolemy/domains/ptinyos/lib/MicaLeds.xml
/home/travis/build/icyphy/ptII/ptolemy/vergil/basic/export/test/ptolemy/domains/ptinyos/lib/MicaLeds.xml (No such file or directory)
 in file:/home/travis/build/icyphy/ptII/ptolemy/actor/ptalon/demo/ptinyos/SendAndReceiveCnt/CntToLedsAndRfm.xml at line 132 and column 63
	at ptolemy.moml.MoMLParser._createEntity(MoMLParser.java:4330)
	at ptolemy.moml.MoMLParser.startElement(MoMLParser.java:2864)
	... 64 more
Caused by: ptolemy.kernel.util.InternalErrorException: Element <entity name="MicaLeds" class="ptolemy.domains.ptinyos.lib.MicaLeds"> caused an exception to be thrown.
  in .CntToLedsAndRfm
Because:
Cannot find class: ptolemy.domains.ptinyos.lib.MicaLeds. In Ptolemy, classes are typically Java .class files. Entities like actors may instead be defined within a .xml file.  In any case, the class was not found. If the class uses a third party package, then the class would be present only if the third party package was found at compile time.  It may be necessary to upgrade Java or install the third party package, reconfigure and recompile.
Because:
-- /home/travis/build/icyphy/ptII/ptolemy/actor/ptalon/demo/ptinyos/SendAndReceiveCnt/ptolemy/domains/ptinyos/lib/MicaLeds.xml (No such file or directory)
-- XML file not found relative to classpath.
-- /home/travis/build/icyphy/ptII/ptolemy/vergil/basic/export/test/ptolemy/domains/ptinyos/lib/MicaLeds.xml
/home/travis/build/icyphy/ptII/ptolemy/vergil/basic/export/test/ptolemy/domains/ptinyos/lib/MicaLeds.xml (No such file or directory)
 in file:/home/travis/build/icyphy/ptII/ptolemy/actor/ptalon/demo/ptinyos/SendAndReceiveCnt/CntToLedsAndRfm.xml at line 132 and column 63
	at ptolemy.moml.SimpleErrorHandler.handleError(SimpleErrorHandler.java:75)
	at ptolemy.moml.MoMLParser.startElement(MoMLParser.java:3805)
	at com.microstar.xml.XmlParser.parseElement(XmlParser.java:921)
	at com.microstar.xml.XmlParser.parseContent(XmlParser.java:1104)
	at com.microstar.xml.XmlParser.parseElement(XmlParser.java:924)
	at com.microstar.xml.XmlParser.parseDocument(XmlParser.java:481)
	at com.microstar.xml.XmlParser.doParse(XmlParser.java:159)
	at com.microstar.xml.XmlParser.parse(XmlParser.java:132)
	at ptolemy.moml.MoMLParser.parse(MoMLParser.java:1676)
	at ptolemy.moml.MoMLParser.parse(MoMLParser.java:1595)
	at ptolemy.moml.MoMLParser.parse(MoMLParser.java:1537)
	at ptolemy.moml.MoMLParser._findOrParse(MoMLParser.java:5286)
	at ptolemy.moml.MoMLParser._attemptToFindMoMLClass(MoMLParser.java:4075)
	at ptolemy.moml.MoMLParser._createEntity(MoMLParser.java:4323)
	... 65 more
Caused by: ptolemy.kernel.util.IllegalActionException: Cannot find class: ptolemy.domains.ptinyos.lib.MicaLeds. In Ptolemy, classes are typically Java .class files. Entities like actors may instead be defined within a .xml file.  In any case, the class was not found. If the class uses a third party package, then the class would be present only if the third party package was found at compile time.  It may be necessary to upgrade Java or install the third party package, reconfigure and recompile.
Because:
-- /home/travis/build/icyphy/ptII/ptolemy/actor/ptalon/demo/ptinyos/SendAndReceiveCnt/ptolemy/domains/ptinyos/lib/MicaLeds.xml (No such file or directory)
-- XML file not found relative to classpath.
-- /home/travis/build/icyphy/ptII/ptolemy/vergil/basic/export/test/ptolemy/domains/ptinyos/lib/MicaLeds.xml
/home/travis/build/icyphy/ptII/ptolemy/vergil/basic/export/test/ptolemy/domains/ptinyos/lib/MicaLeds.xml (No such file or directory)
 in file:/home/travis/build/icyphy/ptII/ptolemy/actor/ptalon/demo/ptinyos/SendAndReceiveCnt/CntToLedsAndRfm.xml at line 132 and column 63
	at ptolemy.moml.MoMLParser._createEntity(MoMLParser.java:4330)
	at ptolemy.moml.MoMLParser.startElement(MoMLParser.java:2864)
	... 77 more
Caused by: com.microstar.xml.XmlException: -- /home/travis/build/icyphy/ptII/ptolemy/actor/ptalon/demo/ptinyos/SendAndReceiveCnt/ptolemy/domains/ptinyos/lib/MicaLeds.xml (No such file or directory)
-- XML file not found relative to classpath.
-- /home/travis/build/icyphy/ptII/ptolemy/vergil/basic/export/test/ptolemy/domains/ptinyos/lib/MicaLeds.xml
/home/travis/build/icyphy/ptII/ptolemy/vergil/basic/export/test/ptolemy/domains/ptinyos/lib/MicaLeds.xml (No such file or directory)
 in file:/home/travis/build/icyphy/ptII/ptolemy/actor/ptalon/demo/ptinyos/SendAndReceiveCnt/CntToLedsAndRfm.xml at line 132 and column 63
	at ptolemy.moml.MoMLParser.fileNameToURL(MoMLParser.java:1414)
	at ptolemy.moml.MoMLParser._findOrParse(MoMLParser.java:5283)
	at ptolemy.moml.MoMLParser._attemptToFindMoMLClass(MoMLParser.java:4075)
	at ptolemy.moml.MoMLParser._createEntity(MoMLParser.java:4323)
	... 78 more
Caused by: ptolemy.actor.ptalon.PtalonRuntimeException: Unable to add actor null
	at ptolemy.actor.ptalon.PtalonEvaluator.addActor(PtalonEvaluator.java:300)
	at ptolemy.actor.ptalon.PtalonPopulator.actor_declaration(PtalonPopulator.java:1574)
	at ptolemy.actor.ptalon.PtalonPopulator.atomic_statement(PtalonPopulator.java:1638)
	at ptolemy.actor.ptalon.PtalonPopulator.iterative_statement_evaluator(PtalonPopulator.java:2484)
	at ptolemy.actor.ptalon.AbstractPtalonEvaluator$IfTree.evaluateForScope(AbstractPtalonEvaluator.java:1307)
	at ptolemy.actor.ptalon.AbstractPtalonEvaluator.evaluateForScope(AbstractPtalonEvaluator.java:744)
	at ptolemy.actor.ptalon.PtalonPopulator.iterative_statement(PtalonPopulator.java:2363)
	at ptolemy.actor.ptalon.PtalonPopulator.actor_definition(PtalonPopulator.java:2809)
	at ptolemy.actor.ptalon.PtalonActor.attributeChanged(PtalonActor.java:206)
	at ptolemy.actor.ptalon.PtalonMLHandler.startElement(PtalonMLHandler.java:134)
	at com.microstar.xml.XmlParser.parseElement(XmlParser.java:921)
	at com.microstar.xml.XmlParser.parseContent(XmlParser.java:1104)
	at com.microstar.xml.XmlParser.parseElement(XmlParser.java:924)
	at com.microstar.xml.XmlParser.parseDocument(XmlParser.java:481)
	at com.microstar.xml.XmlParser.doParse(XmlParser.java:159)
	at com.microstar.xml.XmlParser.parse(XmlParser.java:132)
	at ptolemy.actor.ptalon.PtalonActor.configure(PtalonActor.java:240)
	at ptolemy.moml.MoMLParser.endElement(MoMLParser.java:996)
	at com.microstar.xml.XmlParser.parseETag(XmlParser.java:1026)
	at com.microstar.xml.XmlParser.parseContent(XmlParser.java:1098)
	at com.microstar.xml.XmlParser.parseElement(XmlParser.java:924)
	at com.microstar.xml.XmlParser.parseContent(XmlParser.java:1104)
	at com.microstar.xml.XmlParser.parseElement(XmlParser.java:924)
	at com.microstar.xml.XmlParser.parseContent(XmlParser.java:1104)
	at com.microstar.xml.XmlParser.parseElement(XmlParser.java:924)
	at com.microstar.xml.XmlParser.parseDocument(XmlParser.java:481)
	at com.microstar.xml.XmlParser.doParse(XmlParser.java:159)
	at com.microstar.xml.XmlParser.parse(XmlParser.java:132)
	at ptolemy.moml.MoMLParser.parse(MoMLParser.java:1676)
	at ptolemy.moml.MoMLParser.parse(MoMLParser.java:1595)
	at ptolemy.moml.MoMLParser.parse(MoMLParser.java:1537)
	at ptolemy.actor.gui.PtolemyEffigy$Factory.createEffigy(PtolemyEffigy.java:424)
	at ptolemy.actor.gui.EffigyFactory.createEffigy(EffigyFactory.java:234)
	at ptolemy.actor.gui.Configuration.openModel(Configuration.java:1125)
	at ptolemy.actor.gui.Configuration.openModel(Configuration.java:1051)
	at ptolemy.actor.gui.ConfigurationApplication._openModel(ConfigurationApplication.java:1252)
	at ptolemy.actor.gui.ConfigurationApplication._parseArg(ConfigurationApplication.java:1399)
	at ptolemy.actor.gui.ConfigurationApplication._parseArgs(ConfigurationApplication.java:1478)
	at ptolemy.actor.gui.ConfigurationApplication.<init>(ConfigurationApplication.java:277)
	at ptolemy.actor.gui.ConfigurationApplication.<init>(ConfigurationApplication.java:214)
	at ptolemy.actor.gui.ConfigurationApplication.<init>(ConfigurationApplication.java:201)
	at ptolemy.actor.gui.ConfigurationApplication.openModelOrEntity(ConfigurationApplication.java:680)
	at ptolemy.vergil.basic.export.ExportModel$1.run(ExportModel.java:220)
	at java.awt.event.InvocationEvent.dispatch(InvocationEvent.java:301)
	at java.awt.EventQueue.dispatchEventImpl(EventQueue.java:756)
	at java.awt.EventQueue.access$500(EventQueue.java:97)
	at java.awt.EventQueue$3.run(EventQueue.java:709)
	at java.awt.EventQueue$3.run(EventQueue.java:703)
	at java.security.AccessController.doPrivileged(Native Method)
	at java.security.ProtectionDomain$JavaSecurityAccessImpl.doIntersectionPrivilege(ProtectionDomain.java:80)
	at java.awt.EventQueue.dispatchEvent(EventQueue.java:726)
	at java.awt.EventDispatchThread.pumpOneEventForFilters(EventDispatchThread.java:201)
	at java.awt.EventDispatchThread.pumpEventsForFilter(EventDispatchThread.java:116)
	at java.awt.EventDispatchThread.pumpEventsForHierarchy(EventDispatchThread.java:105)
	at java.awt.EventDispatchThread.pumpEvents(EventDispatchThread.java:101)
	at java.awt.EventDispatchThread.pumpEvents(EventDispatchThread.java:93)
	at java.awt.EventDispatchThread.run(EventDispatchThread.java:82)
Caused by: ptolemy.kernel.util.InternalErrorException: Element <entity name="sender1" class="ptolemy.actor.ptalon.demo.ptinyos.SendAndReceiveCnt.CntToLedsAndRfm"> caused an exception to be thrown.
  in .SendAndReceiveCnt.SendAndReceiveCnt
Because:
Cannot find class: ptolemy.actor.ptalon.demo.ptinyos.SendAndReceiveCnt.CntToLedsAndRfm. In Ptolemy, classes are typically Java .class files. Entities like actors may instead be defined within a .xml file.  In any case, the class was not found. If the class uses a third party package, then the class would be present only if the third party package was found at compile time.  It may be necessary to upgrade Java or install the third party package, reconfigure and recompile.
Because:
Element <entity name="MicaLeds" class="ptolemy.domains.ptinyos.lib.MicaLeds"> caused an exception to be thrown.
  in .CntToLedsAndRfm
Because:
Cannot find class: ptolemy.domains.ptinyos.lib.MicaLeds. In Ptolemy, classes are typically Java .class files. Entities like actors may instead be defined within a .xml file.  In any case, the class was not found. If the class uses a third party package, then the class would be present only if the third party package was found at compile time.  It may be necessary to upgrade Java or install the third party package, reconfigure and recompile.
Because:
-- /home/travis/build/icyphy/ptII/ptolemy/actor/ptalon/demo/ptinyos/SendAndReceiveCnt/ptolemy/domains/ptinyos/lib/MicaLeds.xml (No such file or directory)
-- XML file not found relative to classpath.
-- /home/travis/build/icyphy/ptII/ptolemy/vergil/basic/export/test/ptolemy/domains/ptinyos/lib/MicaLeds.xml
/home/travis/build/icyphy/ptII/ptolemy/vergil/basic/export/test/ptolemy/domains/ptinyos/lib/MicaLeds.xml (No such file or directory)
 in file:/home/travis/build/icyphy/ptII/ptolemy/actor/ptalon/demo/ptinyos/SendAndReceiveCnt/CntToLedsAndRfm.xml at line 132 and column 63
	at ptolemy.moml.SimpleErrorHandler.handleError(SimpleErrorHandler.java:75)
	at ptolemy.moml.MoMLParser.startElement(MoMLParser.java:3805)
	at com.microstar.xml.XmlParser.parseElement(XmlParser.java:931)
	at com.microstar.xml.XmlParser.parseDocument(XmlParser.java:481)
	at com.microstar.xml.XmlParser.doParse(XmlParser.java:159)
	at com.microstar.xml.XmlParser.parse(XmlParser.java:132)
	at ptolemy.moml.MoMLParser.parse(MoMLParser.java:1660)
	at ptolemy.moml.MoMLParser.parse(MoMLParser.java:1617)
	at ptolemy.moml.MoMLParser.parse(MoMLParser.java:1792)
	at ptolemy.actor.ptalon.PtalonEvaluator.addActor(PtalonEvaluator.java:241)
	... 56 more
Caused by: ptolemy.kernel.util.IllegalActionException: Cannot find class: ptolemy.actor.ptalon.demo.ptinyos.SendAndReceiveCnt.CntToLedsAndRfm. In Ptolemy, classes are typically Java .class files. Entities like actors may instead be defined within a .xml file.  In any case, the class was not found. If the class uses a third party package, then the class would be present only if the third party package was found at compile time.  It may be necessary to upgrade Java or install the third party package, reconfigure and recompile.
Because:
Element <entity name="MicaLeds" class="ptolemy.domains.ptinyos.lib.MicaLeds"> caused an exception to be thrown.
  in .CntToLedsAndRfm
Because:
Cannot find class: ptolemy.domains.ptinyos.lib.MicaLeds. In Ptolemy, classes are typically Java .class files. Entities like actors may instead be defined within a .xml file.  In any case, the class was not found. If the class uses a third party package, then the class would be present only if the third party package was found at compile time.  It may be necessary to upgrade Java or install the third party package, reconfigure and recompile.
Because:
-- /home/travis/build/icyphy/ptII/ptolemy/actor/ptalon/demo/ptinyos/SendAndReceiveCnt/ptolemy/domains/ptinyos/lib/MicaLeds.xml (No such file or directory)
-- XML file not found relative to classpath.
-- /home/travis/build/icyphy/ptII/ptolemy/vergil/basic/export/test/ptolemy/domains/ptinyos/lib/MicaLeds.xml
/home/travis/build/icyphy/ptII/ptolemy/vergil/basic/export/test/ptolemy/domains/ptinyos/lib/MicaLeds.xml (No such file or directory)
 in file:/home/travis/build/icyphy/ptII/ptolemy/actor/ptalon/demo/ptinyos/SendAndReceiveCnt/CntToLedsAndRfm.xml at line 132 and column 63
	at ptolemy.moml.MoMLParser._createEntity(MoMLParser.java:4330)
	at ptolemy.moml.MoMLParser.startElement(MoMLParser.java:2864)
	... 64 more
Caused by: ptolemy.kernel.util.InternalErrorException: Element <entity name="MicaLeds" class="ptolemy.domains.ptinyos.lib.MicaLeds"> caused an exception to be thrown.
  in .CntToLedsAndRfm
Because:
Cannot find class: ptolemy.domains.ptinyos.lib.MicaLeds. In Ptolemy, classes are typically Java .class files. Entities like actors may instead be defined within a .xml file.  In any case, the class was not found. If the class uses a third party package, then the class would be present only if the third party package was found at compile time.  It may be necessary to upgrade Java or install the third party package, reconfigure and recompile.
Because:
-- /home/travis/build/icyphy/ptII/ptolemy/actor/ptalon/demo/ptinyos/SendAndReceiveCnt/ptolemy/domains/ptinyos/lib/MicaLeds.xml (No such file or directory)
-- XML file not found relative to classpath.
-- /home/travis/build/icyphy/ptII/ptolemy/vergil/basic/export/test/ptolemy/domains/ptinyos/lib/MicaLeds.xml
/home/travis/build/icyphy/ptII/ptolemy/vergil/basic/export/test/ptolemy/domains/ptinyos/lib/MicaLeds.xml (No such file or directory)
 in file:/home/travis/build/icyphy/ptII/ptolemy/actor/ptalon/demo/ptinyos/SendAndReceiveCnt/CntToLedsAndRfm.xml at line 132 and column 63
	at ptolemy.moml.SimpleErrorHandler.handleError(SimpleErrorHandler.java:75)
	at ptolemy.moml.MoMLParser.startElement(MoMLParser.java:3805)
	at com.microstar.xml.XmlParser.parseElement(XmlParser.java:921)
	at com.microstar.xml.XmlParser.parseContent(XmlParser.java:1104)
	at com.microstar.xml.XmlParser.parseElement(XmlParser.java:924)
	at com.microstar.xml.XmlParser.parseDocument(XmlParser.java:481)
	at com.microstar.xml.XmlParser.doParse(XmlParser.java:159)
	at com.microstar.xml.XmlParser.parse(XmlParser.java:132)
	at ptolemy.moml.MoMLParser.parse(MoMLParser.java:1676)
	at ptolemy.moml.MoMLParser.parse(MoMLParser.java:1595)
	at ptolemy.moml.MoMLParser.parse(MoMLParser.java:1537)
	at ptolemy.moml.MoMLParser._findOrParse(MoMLParser.java:5286)
	at ptolemy.moml.MoMLParser._attemptToFindMoMLClass(MoMLParser.java:4075)
	at ptolemy.moml.MoMLParser._createEntity(MoMLParser.java:4323)
	... 65 more
Caused by: ptolemy.kernel.util.IllegalActionException: Cannot find class: ptolemy.domains.ptinyos.lib.MicaLeds. In Ptolemy, classes are typically Java .class files. Entities like actors may instead be defined within a .xml file.  In any case, the class was not found. If the class uses a third party package, then the class would be present only if the third party package was found at compile time.  It may be necessary to upgrade Java or install the third party package, reconfigure and recompile.
Because:
-- /home/travis/build/icyphy/ptII/ptolemy/actor/ptalon/demo/ptinyos/SendAndReceiveCnt/ptolemy/domains/ptinyos/lib/MicaLeds.xml (No such file or directory)
-- XML file not found relative to classpath.
-- /home/travis/build/icyphy/ptII/ptolemy/vergil/basic/export/test/ptolemy/domains/ptinyos/lib/MicaLeds.xml
/home/travis/build/icyphy/ptII/ptolemy/vergil/basic/export/test/ptolemy/domains/ptinyos/lib/MicaLeds.xml (No such file or directory)
 in file:/home/travis/build/icyphy/ptII/ptolemy/actor/ptalon/demo/ptinyos/SendAndReceiveCnt/CntToLedsAndRfm.xml at line 132 and column 63
	at ptolemy.moml.MoMLParser._createEntity(MoMLParser.java:4330)
	at ptolemy.moml.MoMLParser.startElement(MoMLParser.java:2864)
	... 77 more
Caused by: com.microstar.xml.XmlException: -- /home/travis/build/icyphy/ptII/ptolemy/actor/ptalon/demo/ptinyos/SendAndReceiveCnt/ptolemy/domains/ptinyos/lib/MicaLeds.xml (No such file or directory)
-- XML file not found relative to classpath.
-- /home/travis/build/icyphy/ptII/ptolemy/vergil/basic/export/test/ptolemy/domains/ptinyos/lib/MicaLeds.xml
/home/travis/build/icyphy/ptII/ptolemy/vergil/basic/export/test/ptolemy/domains/ptinyos/lib/MicaLeds.xml (No such file or directory)
 in file:/home/travis/build/icyphy/ptII/ptolemy/actor/ptalon/demo/ptinyos/SendAndReceiveCnt/CntToLedsAndRfm.xml at line 132 and column 63
	at ptolemy.moml.MoMLParser.fileNameToURL(MoMLParser.java:1414)
	at ptolemy.moml.MoMLParser._findOrParse(MoMLParser.java:5283)
	at ptolemy.moml.MoMLParser._attemptToFindMoMLClass(MoMLParser.java:4075)
	at ptolemy.moml.MoMLParser._createEntity(MoMLParser.java:4323)
	... 78 more
Failed to read file:/home/travis/build/icyphy/ptII/ptolemy/actor/ptalon/demo/ptinyos/SendAndReceiveCnt/SendAndReceiveCnt.xml
ptolemy.kernel.util.IllegalActionException: Failed to process attribute change to PtalonParameter, whose value is "ptolemy.actor.ptalon.PtalonExpressionParameter {.SendAndReceiveCnt.SendAndReceiveCnt.channelName} "AtomicWirelessChannel"".
  in .SendAndReceiveCnt.SendAndReceiveCnt
Because:
Unable to add actor null
	at ptolemy.actor.ptalon.PtalonActor.attributeChanged(PtalonActor.java:211)
	at ptolemy.actor.ptalon.PtalonMLHandler.startElement(PtalonMLHandler.java:134)
	at com.microstar.xml.XmlParser.parseElement(XmlParser.java:921)
	at com.microstar.xml.XmlParser.parseContent(XmlParser.java:1104)
	at com.microstar.xml.XmlParser.parseElement(XmlParser.java:924)
	at com.microstar.xml.XmlParser.parseDocument(XmlParser.java:481)
	at com.microstar.xml.XmlParser.doParse(XmlParser.java:159)
	at com.microstar.xml.XmlParser.parse(XmlParser.java:132)
	at ptolemy.actor.ptalon.PtalonActor.configure(PtalonActor.java:240)
	at ptolemy.moml.MoMLParser.endElement(MoMLParser.java:996)
	at com.microstar.xml.XmlParser.parseETag(XmlParser.java:1026)
	at com.microstar.xml.XmlParser.parseContent(XmlParser.java:1098)
	at com.microstar.xml.XmlParser.parseElement(XmlParser.java:924)
	at com.microstar.xml.XmlParser.parseContent(XmlParser.java:1104)
	at com.microstar.xml.XmlParser.parseElement(XmlParser.java:924)
	at com.microstar.xml.XmlParser.parseContent(XmlParser.java:1104)
	at com.microstar.xml.XmlParser.parseElement(XmlParser.java:924)
	at com.microstar.xml.XmlParser.parseDocument(XmlParser.java:481)
	at com.microstar.xml.XmlParser.doParse(XmlParser.java:159)
	at com.microstar.xml.XmlParser.parse(XmlParser.java:132)
	at ptolemy.moml.MoMLParser.parse(MoMLParser.java:1676)
	at ptolemy.moml.MoMLParser.parse(MoMLParser.java:1595)
	at ptolemy.moml.MoMLParser.parse(MoMLParser.java:1537)
	at ptolemy.actor.gui.PtolemyEffigy$Factory.createEffigy(PtolemyEffigy.java:424)
	at ptolemy.actor.gui.EffigyFactory.createEffigy(EffigyFactory.java:234)
	at ptolemy.actor.gui.Configuration.openModel(Configuration.java:1125)
	at ptolemy.actor.gui.Configuration.openModel(Configuration.java:1051)
	at ptolemy.actor.gui.ConfigurationApplication._openModel(ConfigurationApplication.java:1252)
	at ptolemy.actor.gui.ConfigurationApplication._parseArg(ConfigurationApplication.java:1399)
	at ptolemy.actor.gui.ConfigurationApplication._parseArgs(ConfigurationApplication.java:1478)
	at ptolemy.actor.gui.ConfigurationApplication.<init>(ConfigurationApplication.java:277)
	at ptolemy.actor.gui.ConfigurationApplication.<init>(ConfigurationApplication.java:214)
	at ptolemy.actor.gui.ConfigurationApplication.<init>(ConfigurationApplication.java:201)
	at ptolemy.actor.gui.ConfigurationApplication.openModelOrEntity(ConfigurationApplication.java:680)
	at ptolemy.vergil.basic.export.ExportModel$1.run(ExportModel.java:220)
	at java.awt.event.InvocationEvent.dispatch(InvocationEvent.java:301)
	at java.awt.EventQueue.dispatchEventImpl(EventQueue.java:756)
	at java.awt.EventQueue.access$500(EventQueue.java:97)
	at java.awt.EventQueue$3.run(EventQueue.java:709)
	at java.awt.EventQueue$3.run(EventQueue.java:703)
	at java.security.AccessController.doPrivileged(Native Method)
	at java.security.ProtectionDomain$JavaSecurityAccessImpl.doIntersectionPrivilege(ProtectionDomain.java:80)
	at java.awt.EventQueue.dispatchEvent(EventQueue.java:726)
	at java.awt.EventDispatchThread.pumpOneEventForFilters(EventDispatchThread.java:201)
	at java.awt.EventDispatchThread.pumpEventsForFilter(EventDispatchThread.java:116)
	at java.awt.EventDispatchThread.pumpEventsForHierarchy(EventDispatchThread.java:105)
	at java.awt.EventDispatchThread.pumpEvents(EventDispatchThread.java:101)
	at java.awt.EventDispatchThread.pumpEvents(EventDispatchThread.java:93)
	at java.awt.EventDispatchThread.run(EventDispatchThread.java:82)
Caused by: ptolemy.actor.ptalon.PtalonRuntimeException: Unable to add actor null
	at ptolemy.actor.ptalon.PtalonEvaluator.addActor(PtalonEvaluator.java:300)
	at ptolemy.actor.ptalon.PtalonPopulator.actor_declaration(PtalonPopulator.java:1574)
	at ptolemy.actor.ptalon.PtalonPopulator.atomic_statement(PtalonPopulator.java:1638)
	at ptolemy.actor.ptalon.PtalonPopulator.iterative_statement_evaluator(PtalonPopulator.java:2484)
	at ptolemy.actor.ptalon.AbstractPtalonEvaluator$IfTree.evaluateForScope(AbstractPtalonEvaluator.java:1307)
	at ptolemy.actor.ptalon.AbstractPtalonEvaluator.evaluateForScope(AbstractPtalonEvaluator.java:744)
	at ptolemy.actor.ptalon.PtalonPopulator.iterative_statement(PtalonPopulator.java:2363)
	at ptolemy.actor.ptalon.PtalonPopulator.actor_definition(PtalonPopulator.java:2809)
	at ptolemy.actor.ptalon.PtalonActor.attributeChanged(PtalonActor.java:206)
	... 48 more
Caused by: ptolemy.kernel.util.InternalErrorException: Element <entity name="sender1" class="ptolemy.actor.ptalon.demo.ptinyos.SendAndReceiveCnt.CntToLedsAndRfm"> caused an exception to be thrown.
  in .SendAndReceiveCnt.SendAndReceiveCnt
Because:
Cannot find class: ptolemy.actor.ptalon.demo.ptinyos.SendAndReceiveCnt.CntToLedsAndRfm. In Ptolemy, classes are typically Java .class files. Entities like actors may instead be defined within a .xml file.  In any case, the class was not found. If the class uses a third party package, then the class would be present only if the third party package was found at compile time.  It may be necessary to upgrade Java or install the third party package, reconfigure and recompile.
Because:
Element <entity name="MicaLeds" class="ptolemy.domains.ptinyos.lib.MicaLeds"> caused an exception to be thrown.
  in .CntToLedsAndRfm
Because:
Cannot find class: ptolemy.domains.ptinyos.lib.MicaLeds. In Ptolemy, classes are typically Java .class files. Entities like actors may instead be defined within a .xml file.  In any case, the class was not found. If the class uses a third party package, then the class would be present only if the third party package was found at compile time.  It may be necessary to upgrade Java or install the third party package, reconfigure and recompile.
Because:
-- /home/travis/build/icyphy/ptII/ptolemy/actor/ptalon/demo/ptinyos/SendAndReceiveCnt/ptolemy/domains/ptinyos/lib/MicaLeds.xml (No such file or directory)
-- XML file not found relative to classpath.
-- /home/travis/build/icyphy/ptII/ptolemy/vergil/basic/export/test/ptolemy/domains/ptinyos/lib/MicaLeds.xml
/home/travis/build/icyphy/ptII/ptolemy/vergil/basic/export/test/ptolemy/domains/ptinyos/lib/MicaLeds.xml (No such file or directory)
 in file:/home/travis/build/icyphy/ptII/ptolemy/actor/ptalon/demo/ptinyos/SendAndReceiveCnt/CntToLedsAndRfm.xml at line 132 and column 63
	at ptolemy.moml.SimpleErrorHandler.handleError(SimpleErrorHandler.java:75)
	at ptolemy.moml.MoMLParser.startElement(MoMLParser.java:3805)
	at com.microstar.xml.XmlParser.parseElement(XmlParser.java:931)
	at com.microstar.xml.XmlParser.parseDocument(XmlParser.java:481)
	at com.microstar.xml.XmlParser.doParse(XmlParser.java:159)
	at com.microstar.xml.XmlParser.parse(XmlParser.java:132)
	at ptolemy.moml.MoMLParser.parse(MoMLParser.java:1660)
	at ptolemy.moml.MoMLParser.parse(MoMLParser.java:1617)
	at ptolemy.moml.MoMLParser.parse(MoMLParser.java:1792)
	at ptolemy.actor.ptalon.PtalonEvaluator.addActor(PtalonEvaluator.java:241)
	... 56 more
Caused by: ptolemy.kernel.util.IllegalActionException: Cannot find class: ptolemy.actor.ptalon.demo.ptinyos.SendAndReceiveCnt.CntToLedsAndRfm. In Ptolemy, classes are typically Java .class files. Entities like actors may instead be defined within a .xml file.  In any case, the class was not found. If the class uses a third party package, then the class would be present only if the third party package was found at compile time.  It may be necessary to upgrade Java or install the third party package, reconfigure and recompile.
Because:
Element <entity name="MicaLeds" class="ptolemy.domains.ptinyos.lib.MicaLeds"> caused an exception to be thrown.
  in .CntToLedsAndRfm
Because:
Cannot find class: ptolemy.domains.ptinyos.lib.MicaLeds. In Ptolemy, classes are typically Java .class files. Entities like actors may instead be defined within a .xml file.  In any case, the class was not found. If the class uses a third party package, then the class would be present only if the third party package was found at compile time.  It may be necessary to upgrade Java or install the third party package, reconfigure and recompile.
Because:
-- /home/travis/build/icyphy/ptII/ptolemy/actor/ptalon/demo/ptinyos/SendAndReceiveCnt/ptolemy/domains/ptinyos/lib/MicaLeds.xml (No such file or directory)
-- XML file not found relative to classpath.
-- /home/travis/build/icyphy/ptII/ptolemy/vergil/basic/export/test/ptolemy/domains/ptinyos/lib/MicaLeds.xml
/home/travis/build/icyphy/ptII/ptolemy/vergil/basic/export/test/ptolemy/domains/ptinyos/lib/MicaLeds.xml (No such file or directory)
 in file:/home/travis/build/icyphy/ptII/ptolemy/actor/ptalon/demo/ptinyos/SendAndReceiveCnt/CntToLedsAndRfm.xml at line 132 and column 63
	at ptolemy.moml.MoMLParser._createEntity(MoMLParser.java:4330)
	at ptolemy.moml.MoMLParser.startElement(MoMLParser.java:2864)
	... 64 more
Caused by: ptolemy.kernel.util.InternalErrorException: Element <entity name="MicaLeds" class="ptolemy.domains.ptinyos.lib.MicaLeds"> caused an exception to be thrown.
  in .CntToLedsAndRfm
Because:
Cannot find class: ptolemy.domains.ptinyos.lib.MicaLeds. In Ptolemy, classes are typically Java .class files. Entities like actors may instead be defined within a .xml file.  In any case, the class was not found. If the class uses a third party package, then the class would be present only if the third party package was found at compile time.  It may be necessary to upgrade Java or install the third party package, reconfigure and recompile.
Because:
-- /home/travis/build/icyphy/ptII/ptolemy/actor/ptalon/demo/ptinyos/SendAndReceiveCnt/ptolemy/domains/ptinyos/lib/MicaLeds.xml (No such file or directory)
-- XML file not found relative to classpath.
-- /home/travis/build/icyphy/ptII/ptolemy/vergil/basic/export/test/ptolemy/domains/ptinyos/lib/MicaLeds.xml
/home/travis/build/icyphy/ptII/ptolemy/vergil/basic/export/test/ptolemy/domains/ptinyos/lib/MicaLeds.xml (No such file or directory)
 in file:/home/travis/build/icyphy/ptII/ptolemy/actor/ptalon/demo/ptinyos/SendAndReceiveCnt/CntToLedsAndRfm.xml at line 132 and column 63
	at ptolemy.moml.SimpleErrorHandler.handleError(SimpleErrorHandler.java:75)
	at ptolemy.moml.MoMLParser.startElement(MoMLParser.java:3805)
	at com.microstar.xml.XmlParser.parseElement(XmlParser.java:921)
	at com.microstar.xml.XmlParser.parseContent(XmlParser.java:1104)
	at com.microstar.xml.XmlParser.parseElement(XmlParser.java:924)
	at com.microstar.xml.XmlParser.parseDocument(XmlParser.java:481)
	at com.microstar.xml.XmlParser.doParse(XmlParser.java:159)
	at com.microstar.xml.XmlParser.parse(XmlParser.java:132)
	at ptolemy.moml.MoMLParser.parse(MoMLParser.java:1676)
	at ptolemy.moml.MoMLParser.parse(MoMLParser.java:1595)
	at ptolemy.moml.MoMLParser.parse(MoMLParser.java:1537)
	at ptolemy.moml.MoMLParser._findOrParse(MoMLParser.java:5286)
	at ptolemy.moml.MoMLParser._attemptToFindMoMLClass(MoMLParser.java:4075)
	at ptolemy.moml.MoMLParser._createEntity(MoMLParser.java:4323)
	... 65 more
Caused by: ptolemy.kernel.util.IllegalActionException: Cannot find class: ptolemy.domains.ptinyos.lib.MicaLeds. In Ptolemy, classes are typically Java .class files. Entities like actors may instead be defined within a .xml file.  In any case, the class was not found. If the class uses a third party package, then the class would be present only if the third party package was found at compile time.  It may be necessary to upgrade Java or install the third party package, reconfigure and recompile.
Because:
-- /home/travis/build/icyphy/ptII/ptolemy/actor/ptalon/demo/ptinyos/SendAndReceiveCnt/ptolemy/domains/ptinyos/lib/MicaLeds.xml (No such file or directory)
-- XML file not found relative to classpath.
-- /home/travis/build/icyphy/ptII/ptolemy/vergil/basic/export/test/ptolemy/domains/ptinyos/lib/MicaLeds.xml
/home/travis/build/icyphy/ptII/ptolemy/vergil/basic/export/test/ptolemy/domains/ptinyos/lib/MicaLeds.xml (No such file or directory)
 in file:/home/travis/build/icyphy/ptII/ptolemy/actor/ptalon/demo/ptinyos/SendAndReceiveCnt/CntToLedsAndRfm.xml at line 132 and column 63
	at ptolemy.moml.MoMLParser._createEntity(MoMLParser.java:4330)
	at ptolemy.moml.MoMLParser.startElement(MoMLParser.java:2864)
	... 77 more
Caused by: com.microstar.xml.XmlException: -- /home/travis/build/icyphy/ptII/ptolemy/actor/ptalon/demo/ptinyos/SendAndReceiveCnt/ptolemy/domains/ptinyos/lib/MicaLeds.xml (No such file or directory)
-- XML file not found relative to classpath.
-- /home/travis/build/icyphy/ptII/ptolemy/vergil/basic/export/test/ptolemy/domains/ptinyos/lib/MicaLeds.xml
/home/travis/build/icyphy/ptII/ptolemy/vergil/basic/export/test/ptolemy/domains/ptinyos/lib/MicaLeds.xml (No such file or directory)
 in file:/home/travis/build/icyphy/ptII/ptolemy/actor/ptalon/demo/ptinyos/SendAndReceiveCnt/CntToLedsAndRfm.xml at line 132 and column 63
	at ptolemy.moml.MoMLParser.fileNameToURL(MoMLParser.java:1414)
	at ptolemy.moml.MoMLParser._findOrParse(MoMLParser.java:5283)
	at ptolemy.moml.MoMLParser._attemptToFindMoMLClass(MoMLParser.java:4075)
	at ptolemy.moml.MoMLParser._createEntity(MoMLParser.java:4323)
	... 78 more
Caused by: ptolemy.actor.ptalon.PtalonRuntimeException: Unable to add actor null
	at ptolemy.actor.ptalon.PtalonEvaluator.addActor(PtalonEvaluator.java:300)
	at ptolemy.actor.ptalon.PtalonPopulator.actor_declaration(PtalonPopulator.java:1574)
	at ptolemy.actor.ptalon.PtalonPopulator.atomic_statement(PtalonPopulator.java:1638)
	at ptolemy.actor.ptalon.PtalonPopulator.iterative_statement_evaluator(PtalonPopulator.java:2484)
	at ptolemy.actor.ptalon.AbstractPtalonEvaluator$IfTree.evaluateForScope(AbstractPtalonEvaluator.java:1307)
	at ptolemy.actor.ptalon.AbstractPtalonEvaluator.evaluateForScope(AbstractPtalonEvaluator.java:744)
	at ptolemy.actor.ptalon.PtalonPopulator.iterative_statement(PtalonPopulator.java:2363)
	at ptolemy.actor.ptalon.PtalonPopulator.actor_definition(PtalonPopulator.java:2809)
	at ptolemy.actor.ptalon.PtalonActor.attributeChanged(PtalonActor.java:206)
	at ptolemy.actor.ptalon.PtalonMLHandler.startElement(PtalonMLHandler.java:134)
	at com.microstar.xml.XmlParser.parseElement(XmlParser.java:921)
	at com.microstar.xml.XmlParser.parseContent(XmlParser.java:1104)
	at com.microstar.xml.XmlParser.parseElement(XmlParser.java:924)
	at com.microstar.xml.XmlParser.parseDocument(XmlParser.java:481)
	at com.microstar.xml.XmlParser.doParse(XmlParser.java:159)
	at com.microstar.xml.XmlParser.parse(XmlParser.java:132)
	at ptolemy.actor.ptalon.PtalonActor.configure(PtalonActor.java:240)
	at ptolemy.moml.MoMLParser.endElement(MoMLParser.java:996)
	at com.microstar.xml.XmlParser.parseETag(XmlParser.java:1026)
	at com.microstar.xml.XmlParser.parseContent(XmlParser.java:1098)
	at com.microstar.xml.XmlParser.parseElement(XmlParser.java:924)
	at com.microstar.xml.XmlParser.parseContent(XmlParser.java:1104)
	at com.microstar.xml.XmlParser.parseElement(XmlParser.java:924)
	at com.microstar.xml.XmlParser.parseContent(XmlParser.java:1104)
	at com.microstar.xml.XmlParser.parseElement(XmlParser.java:924)
	at com.microstar.xml.XmlParser.parseDocument(XmlParser.java:481)
	at com.microstar.xml.XmlParser.doParse(XmlParser.java:159)
	at com.microstar.xml.XmlParser.parse(XmlParser.java:132)
	at ptolemy.moml.MoMLParser.parse(MoMLParser.java:1676)
	at ptolemy.moml.MoMLParser.parse(MoMLParser.java:1595)
	at ptolemy.moml.MoMLParser.parse(MoMLParser.java:1537)
	at ptolemy.actor.gui.PtolemyEffigy$Factory.createEffigy(PtolemyEffigy.java:424)
	at ptolemy.actor.gui.EffigyFactory.createEffigy(EffigyFactory.java:234)
	at ptolemy.actor.gui.Configuration.openModel(Configuration.java:1125)
	at ptolemy.actor.gui.Configuration.openModel(Configuration.java:1051)
	at ptolemy.actor.gui.ConfigurationApplication._openModel(ConfigurationApplication.java:1252)
	at ptolemy.actor.gui.ConfigurationApplication._parseArg(ConfigurationApplication.java:1399)
	at ptolemy.actor.gui.ConfigurationApplication._parseArgs(ConfigurationApplication.java:1478)
	at ptolemy.actor.gui.ConfigurationApplication.<init>(ConfigurationApplication.java:277)
	at ptolemy.actor.gui.ConfigurationApplication.<init>(ConfigurationApplication.java:214)
	at ptolemy.actor.gui.ConfigurationApplication.<init>(ConfigurationApplication.java:201)
	at ptolemy.actor.gui.ConfigurationApplication.openModelOrEntity(ConfigurationApplication.java:680)
	at ptolemy.vergil.basic.export.ExportModel$1.run(ExportModel.java:220)
	at java.awt.event.InvocationEvent.dispatch(InvocationEvent.java:301)
	at java.awt.EventQueue.dispatchEventImpl(EventQueue.java:756)
	at java.awt.EventQueue.access$500(EventQueue.java:97)
	at java.awt.EventQueue$3.run(EventQueue.java:709)
	at java.awt.EventQueue$3.run(EventQueue.java:703)
	at java.security.AccessController.doPrivileged(Native Method)
	at java.security.ProtectionDomain$JavaSecurityAccessImpl.doIntersectionPrivilege(ProtectionDomain.java:80)
	at java.awt.EventQueue.dispatchEvent(EventQueue.java:726)
	at java.awt.EventDispatchThread.pumpOneEventForFilters(EventDispatchThread.java:201)
	at java.awt.EventDispatchThread.pumpEventsForFilter(EventDispatchThread.java:116)
	at java.awt.EventDispatchThread.pumpEventsForHierarchy(EventDispatchThread.java:105)
	at java.awt.EventDispatchThread.pumpEvents(EventDispatchThread.java:101)
	at java.awt.EventDispatchThread.pumpEvents(EventDispatchThread.java:93)
	at java.awt.EventDispatchThread.run(EventDispatchThread.java:82)
Caused by: ptolemy.kernel.util.InternalErrorException: Element <entity name="sender1" class="ptolemy.actor.ptalon.demo.ptinyos.SendAndReceiveCnt.CntToLedsAndRfm"> caused an exception to be thrown.
  in .SendAndReceiveCnt.SendAndReceiveCnt
Because:
Cannot find class: ptolemy.actor.ptalon.demo.ptinyos.SendAndReceiveCnt.CntToLedsAndRfm. In Ptolemy, classes are typically Java .class files. Entities like actors may instead be defined within a .xml file.  In any case, the class was not found. If the class uses a third party package, then the class would be present only if the third party package was found at compile time.  It may be necessary to upgrade Java or install the third party package, reconfigure and recompile.
Because:
Element <entity name="MicaLeds" class="ptolemy.domains.ptinyos.lib.MicaLeds"> caused an exception to be thrown.
  in .CntToLedsAndRfm
Because:
Cannot find class: ptolemy.domains.ptinyos.lib.MicaLeds. In Ptolemy, classes are typically Java .class files. Entities like actors may instead be defined within a .xml file.  In any case, the class was not found. If the class uses a third party package, then the class would be present only if the third party package was found at compile time.  It may be necessary to upgrade Java or install the third party package, reconfigure and recompile.
Because:
-- /home/travis/build/icyphy/ptII/ptolemy/actor/ptalon/demo/ptinyos/SendAndReceiveCnt/ptolemy/domains/ptinyos/lib/MicaLeds.xml (No such file or directory)
-- XML file not found relative to classpath.
-- /home/travis/build/icyphy/ptII/ptolemy/vergil/basic/export/test/ptolemy/domains/ptinyos/lib/MicaLeds.xml
/home/travis/build/icyphy/ptII/ptolemy/vergil/basic/export/test/ptolemy/domains/ptinyos/lib/MicaLeds.xml (No such file or directory)
 in file:/home/travis/build/icyphy/ptII/ptolemy/actor/ptalon/demo/ptinyos/SendAndReceiveCnt/CntToLedsAndRfm.xml at line 132 and column 63
	at ptolemy.moml.SimpleErrorHandler.handleError(SimpleErrorHandler.java:75)
	at ptolemy.moml.MoMLParser.startElement(MoMLParser.java:3805)
	at com.microstar.xml.XmlParser.parseElement(XmlParser.java:931)
	at com.microstar.xml.XmlParser.parseDocument(XmlParser.java:481)
	at com.microstar.xml.XmlParser.doParse(XmlParser.java:159)
	at com.microstar.xml.XmlParser.parse(XmlParser.java:132)
	at ptolemy.moml.MoMLParser.parse(MoMLParser.java:1660)
	at ptolemy.moml.MoMLParser.parse(MoMLParser.java:1617)
	at ptolemy.moml.MoMLParser.parse(MoMLParser.java:1792)
	at ptolemy.actor.ptalon.PtalonEvaluator.addActor(PtalonEvaluator.java:241)
	... 56 more
Caused by: ptolemy.kernel.util.IllegalActionException: Cannot find class: ptolemy.actor.ptalon.demo.ptinyos.SendAndReceiveCnt.CntToLedsAndRfm. In Ptolemy, classes are typically Java .class files. Entities like actors may instead be defined within a .xml file.  In any case, the class was not found. If the class uses a third party package, then the class would be present only if the third party package was found at compile time.  It may be necessary to upgrade Java or install the third party package, reconfigure and recompile.
Because:
Element <entity name="MicaLeds" class="ptolemy.domains.ptinyos.lib.MicaLeds"> caused an exception to be thrown.
  in .CntToLedsAndRfm
Because:
Cannot find class: ptolemy.domains.ptinyos.lib.MicaLeds. In Ptolemy, classes are typically Java .class files. Entities like actors may instead be defined within a .xml file.  In any case, the class was not found. If the class uses a third party package, then the class would be present only if the third party package was found at compile time.  It may be necessary to upgrade Java or install the third party package, reconfigure and recompile.
Because:
-- /home/travis/build/icyphy/ptII/ptolemy/actor/ptalon/demo/ptinyos/SendAndReceiveCnt/ptolemy/domains/ptinyos/lib/MicaLeds.xml (No such file or directory)
-- XML file not found relative to classpath.
-- /home/travis/build/icyphy/ptII/ptolemy/vergil/basic/export/test/ptolemy/domains/ptinyos/lib/MicaLeds.xml
/home/travis/build/icyphy/ptII/ptolemy/vergil/basic/export/test/ptolemy/domains/ptinyos/lib/MicaLeds.xml (No such file or directory)
 in file:/home/travis/build/icyphy/ptII/ptolemy/actor/ptalon/demo/ptinyos/SendAndReceiveCnt/CntToLedsAndRfm.xml at line 132 and column 63
	at ptolemy.moml.MoMLParser._createEntity(MoMLParser.java:4330)
	at ptolemy.moml.MoMLParser.startElement(MoMLParser.java:2864)
	... 64 more
Caused by: ptolemy.kernel.util.InternalErrorException: Element <entity name="MicaLeds" class="ptolemy.domains.ptinyos.lib.MicaLeds"> caused an exception to be thrown.
  in .CntToLedsAndRfm
Because:
Cannot find class: ptolemy.domains.ptinyos.lib.MicaLeds. In Ptolemy, classes are typically Java .class files. Entities like actors may instead be defined within a .xml file.  In any case, the class was not found. If the class uses a third party package, then the class would be present only if the third party package was found at compile time.  It may be necessary to upgrade Java or install the third party package, reconfigure and recompile.
Because:
-- /home/travis/build/icyphy/ptII/ptolemy/actor/ptalon/demo/ptinyos/SendAndReceiveCnt/ptolemy/domains/ptinyos/lib/MicaLeds.xml (No such file or directory)
-- XML file not found relative to classpath.
-- /home/travis/build/icyphy/ptII/ptolemy/vergil/basic/export/test/ptolemy/domains/ptinyos/lib/MicaLeds.xml
/home/travis/build/icyphy/ptII/ptolemy/vergil/basic/export/test/ptolemy/domains/ptinyos/lib/MicaLeds.xml (No such file or directory)
 in file:/home/travis/build/icyphy/ptII/ptolemy/actor/ptalon/demo/ptinyos/SendAndReceiveCnt/CntToLedsAndRfm.xml at line 132 and column 63
	at ptolemy.moml.SimpleErrorHandler.handleError(SimpleErrorHandler.java:75)
	at ptolemy.moml.MoMLParser.startElement(MoMLParser.java:3805)
	at com.microstar.xml.XmlParser.parseElement(XmlParser.java:921)
	at com.microstar.xml.XmlParser.parseContent(XmlParser.java:1104)
	at com.microstar.xml.XmlParser.parseElement(XmlParser.java:924)
	at com.microstar.xml.XmlParser.parseDocument(XmlParser.java:481)
	at com.microstar.xml.XmlParser.doParse(XmlParser.java:159)
	at com.microstar.xml.XmlParser.parse(XmlParser.java:132)
	at ptolemy.moml.MoMLParser.parse(MoMLParser.java:1676)
	at ptolemy.moml.MoMLParser.parse(MoMLParser.java:1595)
	at ptolemy.moml.MoMLParser.parse(MoMLParser.java:1537)
	at ptolemy.moml.MoMLParser._findOrParse(MoMLParser.java:5286)
	at ptolemy.moml.MoMLParser._attemptToFindMoMLClass(MoMLParser.java:4075)
	at ptolemy.moml.MoMLParser._createEntity(MoMLParser.java:4323)
	... 65 more
Caused by: ptolemy.kernel.util.IllegalActionException: Cannot find class: ptolemy.domains.ptinyos.lib.MicaLeds. In Ptolemy, classes are typically Java .class files. Entities like actors may instead be defined within a .xml file.  In any case, the class was not found. If the class uses a third party package, then the class would be present only if the third party package was found at compile time.  It may be necessary to upgrade Java or install the third party package, reconfigure and recompile.
Because:
-- /home/travis/build/icyphy/ptII/ptolemy/actor/ptalon/demo/ptinyos/SendAndReceiveCnt/ptolemy/domains/ptinyos/lib/MicaLeds.xml (No such file or directory)
-- XML file not found relative to classpath.
-- /home/travis/build/icyphy/ptII/ptolemy/vergil/basic/export/test/ptolemy/domains/ptinyos/lib/MicaLeds.xml
/home/travis/build/icyphy/ptII/ptolemy/vergil/basic/export/test/ptolemy/domains/ptinyos/lib/MicaLeds.xml (No such file or directory)
 in file:/home/travis/build/icyphy/ptII/ptolemy/actor/ptalon/demo/ptinyos/SendAndReceiveCnt/CntToLedsAndRfm.xml at line 132 and column 63
	at ptolemy.moml.MoMLParser._createEntity(MoMLParser.java:4330)
	at ptolemy.moml.MoMLParser.startElement(MoMLParser.java:2864)
	... 77 more
Caused by: com.microstar.xml.XmlException: -- /home/travis/build/icyphy/ptII/ptolemy/actor/ptalon/demo/ptinyos/SendAndReceiveCnt/ptolemy/domains/ptinyos/lib/MicaLeds.xml (No such file or directory)
-- XML file not found relative to classpath.
-- /home/travis/build/icyphy/ptII/ptolemy/vergil/basic/export/test/ptolemy/domains/ptinyos/lib/MicaLeds.xml
/home/travis/build/icyphy/ptII/ptolemy/vergil/basic/export/test/ptolemy/domains/ptinyos/lib/MicaLeds.xml (No such file or directory)
 in file:/home/travis/build/icyphy/ptII/ptolemy/actor/ptalon/demo/ptinyos/SendAndReceiveCnt/CntToLedsAndRfm.xml at line 132 and column 63
	at ptolemy.moml.MoMLParser.fileNameToURL(MoMLParser.java:1414)
	at ptolemy.moml.MoMLParser._findOrParse(MoMLParser.java:5283)
	at ptolemy.moml.MoMLParser._attemptToFindMoMLClass(MoMLParser.java:4075)
	at ptolemy.moml.MoMLParser._createEntity(MoMLParser.java:4323)
	... 78 more
Failed to read file:/home/travis/build/icyphy/ptII/ptolemy/actor/ptalon/demo/ptinyos/SendAndReceiveCnt/SendAndReceiveCnt.xml
ptolemy.kernel.util.IllegalActionException: Failed to process attribute change to PtalonParameter, whose value is "ptolemy.actor.ptalon.PtalonExpressionParameter {.SendAndReceiveCnt.SendAndReceiveCnt.channelName} "AtomicWirelessChannel"".
  in .SendAndReceiveCnt.SendAndReceiveCnt
Because:
Unable to add actor null
	at ptolemy.actor.ptalon.PtalonActor.attributeChanged(PtalonActor.java:211)
	at ptolemy.actor.ptalon.PtalonMLHandler.startElement(PtalonMLHandler.java:134)
	at com.microstar.xml.XmlParser.parseElement(XmlParser.java:921)
	at com.microstar.xml.XmlParser.parseContent(XmlParser.java:1104)
	at com.microstar.xml.XmlParser.parseElement(XmlParser.java:924)
	at com.microstar.xml.XmlParser.parseDocument(XmlParser.java:481)
	at com.microstar.xml.XmlParser.doParse(XmlParser.java:159)
	at com.microstar.xml.XmlParser.parse(XmlParser.java:132)
	at ptolemy.actor.ptalon.PtalonActor.configure(PtalonActor.java:240)
	at ptolemy.moml.MoMLParser.endElement(MoMLParser.java:996)
	at com.microstar.xml.XmlParser.parseETag(XmlParser.java:1026)
	at com.microstar.xml.XmlParser.parseContent(XmlParser.java:1098)
	at com.microstar.xml.XmlParser.parseElement(XmlParser.java:924)
	at com.microstar.xml.XmlParser.parseContent(XmlParser.java:1104)
	at com.microstar.xml.XmlParser.parseElement(XmlParser.java:924)
	at com.microstar.xml.XmlParser.parseContent(XmlParser.java:1104)
	at com.microstar.xml.XmlParser.parseElement(XmlParser.java:924)
	at com.microstar.xml.XmlParser.parseDocument(XmlParser.java:481)
	at com.microstar.xml.XmlParser.doParse(XmlParser.java:159)
	at com.microstar.xml.XmlParser.parse(XmlParser.java:132)
	at ptolemy.moml.MoMLParser.parse(MoMLParser.java:1676)
	at ptolemy.moml.MoMLParser.parse(MoMLParser.java:1595)
	at ptolemy.moml.MoMLParser.parse(MoMLParser.java:1537)
	at ptolemy.actor.gui.PtolemyEffigy$Factory.createEffigy(PtolemyEffigy.java:424)
	at ptolemy.actor.gui.EffigyFactory.createEffigy(EffigyFactory.java:234)
	at ptolemy.actor.gui.Configuration.openModel(Configuration.java:1125)
	at ptolemy.actor.gui.Configuration.openModel(Configuration.java:1051)
	at ptolemy.actor.gui.ConfigurationApplication._openModel(ConfigurationApplication.java:1252)
	at ptolemy.actor.gui.ConfigurationApplication._parseArg(ConfigurationApplication.java:1399)
	at ptolemy.actor.gui.ConfigurationApplication._parseArgs(ConfigurationApplication.java:1478)
	at ptolemy.actor.gui.ConfigurationApplication.<init>(ConfigurationApplication.java:277)
	at ptolemy.actor.gui.ConfigurationApplication.<init>(ConfigurationApplication.java:214)
	at ptolemy.actor.gui.ConfigurationApplication.<init>(ConfigurationApplication.java:201)
	at ptolemy.actor.gui.ConfigurationApplication.openModelOrEntity(ConfigurationApplication.java:680)
	at ptolemy.vergil.basic.export.ExportModel$1.run(ExportModel.java:220)
	at java.awt.event.InvocationEvent.dispatch(InvocationEvent.java:301)
	at java.awt.EventQueue.dispatchEventImpl(EventQueue.java:756)
	at java.awt.EventQueue.access$500(EventQueue.java:97)
	at java.awt.EventQueue$3.run(EventQueue.java:709)
	at java.awt.EventQueue$3.run(EventQueue.java:703)
	at java.security.AccessController.doPrivileged(Native Method)
	at java.security.ProtectionDomain$JavaSecurityAccessImpl.doIntersectionPrivilege(ProtectionDomain.java:80)
	at java.awt.EventQueue.dispatchEvent(EventQueue.java:726)
	at java.awt.EventDispatchThread.pumpOneEventForFilters(EventDispatchThread.java:201)
	at java.awt.EventDispatchThread.pumpEventsForFilter(EventDispatchThread.java:116)
	at java.awt.EventDispatchThread.pumpEventsForHierarchy(EventDispatchThread.java:105)
	at java.awt.EventDispatchThread.pumpEvents(EventDispatchThread.java:101)
	at java.awt.EventDispatchThread.pumpEvents(EventDispatchThread.java:93)
	at java.awt.EventDispatchThread.run(EventDispatchThread.java:82)
Caused by: ptolemy.actor.ptalon.PtalonRuntimeException: Unable to add actor null
	at ptolemy.actor.ptalon.PtalonEvaluator.addActor(PtalonEvaluator.java:300)
	at ptolemy.actor.ptalon.PtalonPopulator.actor_declaration(PtalonPopulator.java:1574)
	at ptolemy.actor.ptalon.PtalonPopulator.atomic_statement(PtalonPopulator.java:1638)
	at ptolemy.actor.ptalon.PtalonPopulator.iterative_statement_evaluator(PtalonPopulator.java:2484)
	at ptolemy.actor.ptalon.AbstractPtalonEvaluator$IfTree.evaluateForScope(AbstractPtalonEvaluator.java:1307)
	at ptolemy.actor.ptalon.AbstractPtalonEvaluator.evaluateForScope(AbstractPtalonEvaluator.java:744)
	at ptolemy.actor.ptalon.PtalonPopulator.iterative_statement(PtalonPopulator.java:2363)
	at ptolemy.actor.ptalon.PtalonPopulator.actor_definition(PtalonPopulator.java:2809)
	at ptolemy.actor.ptalon.PtalonActor.attributeChanged(PtalonActor.java:206)
	... 48 more
Caused by: ptolemy.kernel.util.InternalErrorException: Element <entity name="sender1" class="ptolemy.actor.ptalon.demo.ptinyos.SendAndReceiveCnt.CntToLedsAndRfm"> caused an exception to be thrown.
  in .SendAndReceiveCnt.SendAndReceiveCnt
Because:
Cannot find class: ptolemy.actor.ptalon.demo.ptinyos.SendAndReceiveCnt.CntToLedsAndRfm. In Ptolemy, classes are typically Java .class files. Entities like actors may instead be defined within a .xml file.  In any case, the class was not found. If the class uses a third party package, then the class would be present only if the third party package was found at compile time.  It may be necessary to upgrade Java or install the third party package, reconfigure and recompile.
Because:
Element <entity name="MicaLeds" class="ptolemy.domains.ptinyos.lib.MicaLeds"> caused an exception to be thrown.
  in .CntToLedsAndRfm
Because:
Cannot find class: ptolemy.domains.ptinyos.lib.MicaLeds. In Ptolemy, classes are typically Java .class files. Entities like actors may instead be defined within a .xml file.  In any case, the class was not found. If the class uses a third party package, then the class would be present only if the third party package was found at compile time.  It may be necessary to upgrade Java or install the third party package, reconfigure and recompile.
Because:
-- /home/travis/build/icyphy/ptII/ptolemy/actor/ptalon/demo/ptinyos/SendAndReceiveCnt/ptolemy/domains/ptinyos/lib/MicaLeds.xml (No such file or directory)
-- XML file not found relative to classpath.
-- /home/travis/build/icyphy/ptII/ptolemy/vergil/basic/export/test/ptolemy/domains/ptinyos/lib/MicaLeds.xml
/home/travis/build/icyphy/ptII/ptolemy/vergil/basic/export/test/ptolemy/domains/ptinyos/lib/MicaLeds.xml (No such file or directory)
 in file:/home/travis/build/icyphy/ptII/ptolemy/actor/ptalon/demo/ptinyos/SendAndReceiveCnt/CntToLedsAndRfm.xml at line 132 and column 63
	at ptolemy.moml.SimpleErrorHandler.handleError(SimpleErrorHandler.java:75)
	at ptolemy.moml.MoMLParser.startElement(MoMLParser.java:3805)
	at com.microstar.xml.XmlParser.parseElement(XmlParser.java:931)
	at com.microstar.xml.XmlParser.parseDocument(XmlParser.java:481)
	at com.microstar.xml.XmlParser.doParse(XmlParser.java:159)
	at com.microstar.xml.XmlParser.parse(XmlParser.java:132)
	at ptolemy.moml.MoMLParser.parse(MoMLParser.java:1660)
	at ptolemy.moml.MoMLParser.parse(MoMLParser.java:1617)
	at ptolemy.moml.MoMLParser.parse(MoMLParser.java:1792)
	at ptolemy.actor.ptalon.PtalonEvaluator.addActor(PtalonEvaluator.java:241)
	... 56 more
Caused by: ptolemy.kernel.util.IllegalActionException: Cannot find class: ptolemy.actor.ptalon.demo.ptinyos.SendAndReceiveCnt.CntToLedsAndRfm. In Ptolemy, classes are typically Java .class files. Entities like actors may instead be defined within a .xml file.  In any case, the class was not found. If the class uses a third party package, then the class would be present only if the third party package was found at compile time.  It may be necessary to upgrade Java or install the third party package, reconfigure and recompile.
Because:
Element <entity name="MicaLeds" class="ptolemy.domains.ptinyos.lib.MicaLeds"> caused an exception to be thrown.
  in .CntToLedsAndRfm
Because:
Cannot find class: ptolemy.domains.ptinyos.lib.MicaLeds. In Ptolemy, classes are typically Java .class files. Entities like actors may instead be defined within a .xml file.  In any case, the class was not found. If the class uses a third party package, then the class would be present only if the third party package was found at compile time.  It may be necessary to upgrade Java or install the third party package, reconfigure and recompile.
Because:
-- /home/travis/build/icyphy/ptII/ptolemy/actor/ptalon/demo/ptinyos/SendAndReceiveCnt/ptolemy/domains/ptinyos/lib/MicaLeds.xml (No such file or directory)
-- XML file not found relative to classpath.
-- /home/travis/build/icyphy/ptII/ptolemy/vergil/basic/export/test/ptolemy/domains/ptinyos/lib/MicaLeds.xml
/home/travis/build/icyphy/ptII/ptolemy/vergil/basic/export/test/ptolemy/domains/ptinyos/lib/MicaLeds.xml (No such file or directory)
 in file:/home/travis/build/icyphy/ptII/ptolemy/actor/ptalon/demo/ptinyos/SendAndReceiveCnt/CntToLedsAndRfm.xml at line 132 and column 63
	at ptolemy.moml.MoMLParser._createEntity(MoMLParser.java:4330)
	at ptolemy.moml.MoMLParser.startElement(MoMLParser.java:2864)
	... 64 more
Caused by: ptolemy.kernel.util.InternalErrorException: Element <entity name="MicaLeds" class="ptolemy.domains.ptinyos.lib.MicaLeds"> caused an exception to be thrown.
  in .CntToLedsAndRfm
Because:
Cannot find class: ptolemy.domains.ptinyos.lib.MicaLeds. In Ptolemy, classes are typically Java .class files. Entities like actors may instead be defined within a .xml file.  In any case, the class was not found. If the class uses a third party package, then the class would be present only if the third party package was found at compile time.  It may be necessary to upgrade Java or install the third party package, reconfigure and recompile.
Because:
-- /home/travis/build/icyphy/ptII/ptolemy/actor/ptalon/demo/ptinyos/SendAndReceiveCnt/ptolemy/domains/ptinyos/lib/MicaLeds.xml (No such file or directory)
-- XML file not found relative to classpath.
-- /home/travis/build/icyphy/ptII/ptolemy/vergil/basic/export/test/ptolemy/domains/ptinyos/lib/MicaLeds.xml
/home/travis/build/icyphy/ptII/ptolemy/vergil/basic/export/test/ptolemy/domains/ptinyos/lib/MicaLeds.xml (No such file or directory)
 in file:/home/travis/build/icyphy/ptII/ptolemy/actor/ptalon/demo/ptinyos/SendAndReceiveCnt/CntToLedsAndRfm.xml at line 132 and column 63
	at ptolemy.moml.SimpleErrorHandler.handleError(SimpleErrorHandler.java:75)
	at ptolemy.moml.MoMLParser.startElement(MoMLParser.java:3805)
	at com.microstar.xml.XmlParser.parseElement(XmlParser.java:921)
	at com.microstar.xml.XmlParser.parseContent(XmlParser.java:1104)
	at com.microstar.xml.XmlParser.parseElement(XmlParser.java:924)
	at com.microstar.xml.XmlParser.parseDocument(XmlParser.java:481)
	at com.microstar.xml.XmlParser.doParse(XmlParser.java:159)
	at com.microstar.xml.XmlParser.parse(XmlParser.java:132)
	at ptolemy.moml.MoMLParser.parse(MoMLParser.java:1676)
	at ptolemy.moml.MoMLParser.parse(MoMLParser.java:1595)
	at ptolemy.moml.MoMLParser.parse(MoMLParser.java:1537)
	at ptolemy.moml.MoMLParser._findOrParse(MoMLParser.java:5286)
	at ptolemy.moml.MoMLParser._attemptToFindMoMLClass(MoMLParser.java:4075)
	at ptolemy.moml.MoMLParser._createEntity(MoMLParser.java:4323)
	... 65 more
Caused by: ptolemy.kernel.util.IllegalActionException: Cannot find class: ptolemy.domains.ptinyos.lib.MicaLeds. In Ptolemy, classes are typically Java .class files. Entities like actors may instead be defined within a .xml file.  In any case, the class was not found. If the class uses a third party package, then the class would be present only if the third party package was found at compile time.  It may be necessary to upgrade Java or install the third party package, reconfigure and recompile.
Because:
-- /home/travis/build/icyphy/ptII/ptolemy/actor/ptalon/demo/ptinyos/SendAndReceiveCnt/ptolemy/domains/ptinyos/lib/MicaLeds.xml (No such file or directory)
-- XML file not found relative to classpath.
-- /home/travis/build/icyphy/ptII/ptolemy/vergil/basic/export/test/ptolemy/domains/ptinyos/lib/MicaLeds.xml
/home/travis/build/icyphy/ptII/ptolemy/vergil/basic/export/test/ptolemy/domains/ptinyos/lib/MicaLeds.xml (No such file or directory)
 in file:/home/travis/build/icyphy/ptII/ptolemy/actor/ptalon/demo/ptinyos/SendAndReceiveCnt/CntToLedsAndRfm.xml at line 132 and column 63
	at ptolemy.moml.MoMLParser._createEntity(MoMLParser.java:4330)
	at ptolemy.moml.MoMLParser.startElement(MoMLParser.java:2864)
	... 77 more
Caused by: com.microstar.xml.XmlException: -- /home/travis/build/icyphy/ptII/ptolemy/actor/ptalon/demo/ptinyos/SendAndReceiveCnt/ptolemy/domains/ptinyos/lib/MicaLeds.xml (No such file or directory)
-- XML file not found relative to classpath.
-- /home/travis/build/icyphy/ptII/ptolemy/vergil/basic/export/test/ptolemy/domains/ptinyos/lib/MicaLeds.xml
/home/travis/build/icyphy/ptII/ptolemy/vergil/basic/export/test/ptolemy/domains/ptinyos/lib/MicaLeds.xml (No such file or directory)
 in file:/home/travis/build/icyphy/ptII/ptolemy/actor/ptalon/demo/ptinyos/SendAndReceiveCnt/CntToLedsAndRfm.xml at line 132 and column 63
	at ptolemy.moml.MoMLParser.fileNameToURL(MoMLParser.java:1414)
	at ptolemy.moml.MoMLParser._findOrParse(MoMLParser.java:5283)
	at ptolemy.moml.MoMLParser._attemptToFindMoMLClass(MoMLParser.java:4075)
	at ptolemy.moml.MoMLParser._createEntity(MoMLParser.java:4323)
	... 78 more
Caused by: ptolemy.actor.ptalon.PtalonRuntimeException: Unable to add actor null
	at ptolemy.actor.ptalon.PtalonEvaluator.addActor(PtalonEvaluator.java:300)
	at ptolemy.actor.ptalon.PtalonPopulator.actor_declaration(PtalonPopulator.java:1574)
	at ptolemy.actor.ptalon.PtalonPopulator.atomic_statement(PtalonPopulator.java:1638)
	at ptolemy.actor.ptalon.PtalonPopulator.iterative_statement_evaluator(PtalonPopulator.java:2484)
	at ptolemy.actor.ptalon.AbstractPtalonEvaluator$IfTree.evaluateForScope(AbstractPtalonEvaluator.java:1307)
	at ptolemy.actor.ptalon.AbstractPtalonEvaluator.evaluateForScope(AbstractPtalonEvaluator.java:744)
	at ptolemy.actor.ptalon.PtalonPopulator.iterative_statement(PtalonPopulator.java:2363)
	at ptolemy.actor.ptalon.PtalonPopulator.actor_definition(PtalonPopulator.java:2809)
	at ptolemy.actor.ptalon.PtalonActor.attributeChanged(PtalonActor.java:206)
	at ptolemy.actor.ptalon.PtalonMLHandler.startElement(PtalonMLHandler.java:134)
	at com.microstar.xml.XmlParser.parseElement(XmlParser.java:921)
	at com.microstar.xml.XmlParser.parseContent(XmlParser.java:1104)
	at com.microstar.xml.XmlParser.parseElement(XmlParser.java:924)
	at com.microstar.xml.XmlParser.parseDocument(XmlParser.java:481)
	at com.microstar.xml.XmlParser.doParse(XmlParser.java:159)
	at com.microstar.xml.XmlParser.parse(XmlParser.java:132)
	at ptolemy.actor.ptalon.PtalonActor.configure(PtalonActor.java:240)
	at ptolemy.moml.MoMLParser.endElement(MoMLParser.java:996)
	at com.microstar.xml.XmlParser.parseETag(XmlParser.java:1026)
	at com.microstar.xml.XmlParser.parseContent(XmlParser.java:1098)
	at com.microstar.xml.XmlParser.parseElement(XmlParser.java:924)
	at com.microstar.xml.XmlParser.parseContent(XmlParser.java:1104)
	at com.microstar.xml.XmlParser.parseElement(XmlParser.java:924)
	at com.microstar.xml.XmlParser.parseContent(XmlParser.java:1104)
	at com.microstar.xml.XmlParser.parseElement(XmlParser.java:924)
	at com.microstar.xml.XmlParser.parseDocument(XmlParser.java:481)
	at com.microstar.xml.XmlParser.doParse(XmlParser.java:159)
	at com.microstar.xml.XmlParser.parse(XmlParser.java:132)
	at ptolemy.moml.MoMLParser.parse(MoMLParser.java:1676)
	at ptolemy.moml.MoMLParser.parse(MoMLParser.java:1595)
	at ptolemy.moml.MoMLParser.parse(MoMLParser.java:1537)
	at ptolemy.actor.gui.PtolemyEffigy$Factory.createEffigy(PtolemyEffigy.java:424)
	at ptolemy.actor.gui.EffigyFactory.createEffigy(EffigyFactory.java:234)
	at ptolemy.actor.gui.Configuration.openModel(Configuration.java:1125)
	at ptolemy.actor.gui.Configuration.openModel(Configuration.java:1051)
	at ptolemy.actor.gui.ConfigurationApplication._openModel(ConfigurationApplication.java:1252)
	at ptolemy.actor.gui.ConfigurationApplication._parseArg(ConfigurationApplication.java:1399)
	at ptolemy.actor.gui.ConfigurationApplication._parseArgs(ConfigurationApplication.java:1478)
	at ptolemy.actor.gui.ConfigurationApplication.<init>(ConfigurationApplication.java:277)
	at ptolemy.actor.gui.ConfigurationApplication.<init>(ConfigurationApplication.java:214)
	at ptolemy.actor.gui.ConfigurationApplication.<init>(ConfigurationApplication.java:201)
	at ptolemy.actor.gui.ConfigurationApplication.openModelOrEntity(ConfigurationApplication.java:680)
	at ptolemy.vergil.basic.export.ExportModel$1.run(ExportModel.java:220)
	at java.awt.event.InvocationEvent.dispatch(InvocationEvent.java:301)
	at java.awt.EventQueue.dispatchEventImpl(EventQueue.java:756)
	at java.awt.EventQueue.access$500(EventQueue.java:97)
	at java.awt.EventQueue$3.run(EventQueue.java:709)
	at java.awt.EventQueue$3.run(EventQueue.java:703)
	at java.security.AccessController.doPrivileged(Native Method)
	at java.security.ProtectionDomain$JavaSecurityAccessImpl.doIntersectionPrivilege(ProtectionDomain.java:80)
	at java.awt.EventQueue.dispatchEvent(EventQueue.java:726)
	at java.awt.EventDispatchThread.pumpOneEventForFilters(EventDispatchThread.java:201)
	at java.awt.EventDispatchThread.pumpEventsForFilter(EventDispatchThread.java:116)
	at java.awt.EventDispatchThread.pumpEventsForHierarchy(EventDispatchThread.java:105)
	at java.awt.EventDispatchThread.pumpEvents(EventDispatchThread.java:101)
	at java.awt.EventDispatchThread.pumpEvents(EventDispatchThread.java:93)
	at java.awt.EventDispatchThread.run(EventDispatchThread.java:82)
Caused by: ptolemy.kernel.util.InternalErrorException: Element <entity name="sender1" class="ptolemy.actor.ptalon.demo.ptinyos.SendAndReceiveCnt.CntToLedsAndRfm"> caused an exception to be thrown.
  in .SendAndReceiveCnt.SendAndReceiveCnt
Because:
Cannot find class: ptolemy.actor.ptalon.demo.ptinyos.SendAndReceiveCnt.CntToLedsAndRfm. In Ptolemy, classes are typically Java .class files. Entities like actors may instead be defined within a .xml file.  In any case, the class was not found. If the class uses a third party package, then the class would be present only if the third party package was found at compile time.  It may be necessary to upgrade Java or install the third party package, reconfigure and recompile.
Because:
Element <entity name="MicaLeds" class="ptolemy.domains.ptinyos.lib.MicaLeds"> caused an exception to be thrown.
  in .CntToLedsAndRfm
Because:
Cannot find class: ptolemy.domains.ptinyos.lib.MicaLeds. In Ptolemy, classes are typically Java .class files. Entities like actors may instead be defined within a .xml file.  In any case, the class was not found. If the class uses a third party package, then the class would be present only if the third party package was found at compile time.  It may be necessary to upgrade Java or install the third party package, reconfigure and recompile.
Because:
-- /home/travis/build/icyphy/ptII/ptolemy/actor/ptalon/demo/ptinyos/SendAndReceiveCnt/ptolemy/domains/ptinyos/lib/MicaLeds.xml (No such file or directory)
-- XML file not found relative to classpath.
-- /home/travis/build/icyphy/ptII/ptolemy/vergil/basic/export/test/ptolemy/domains/ptinyos/lib/MicaLeds.xml
/home/travis/build/icyphy/ptII/ptolemy/vergil/basic/export/test/ptolemy/domains/ptinyos/lib/MicaLeds.xml (No such file or directory)
 in file:/home/travis/build/icyphy/ptII/ptolemy/actor/ptalon/demo/ptinyos/SendAndReceiveCnt/CntToLedsAndRfm.xml at line 132 and column 63
	at ptolemy.moml.SimpleErrorHandler.handleError(SimpleErrorHandler.java:75)
	at ptolemy.moml.MoMLParser.startElement(MoMLParser.java:3805)
	at com.microstar.xml.XmlParser.parseElement(XmlParser.java:931)
	at com.microstar.xml.XmlParser.parseDocument(XmlParser.java:481)
	at com.microstar.xml.XmlParser.doParse(XmlParser.java:159)
	at com.microstar.xml.XmlParser.parse(XmlParser.java:132)
	at ptolemy.moml.MoMLParser.parse(MoMLParser.java:1660)
	at ptolemy.moml.MoMLParser.parse(MoMLParser.java:1617)
	at ptolemy.moml.MoMLParser.parse(MoMLParser.java:1792)
	at ptolemy.actor.ptalon.PtalonEvaluator.addActor(PtalonEvaluator.java:241)
	... 56 more
Caused by: ptolemy.kernel.util.IllegalActionException: Cannot find class: ptolemy.actor.ptalon.demo.ptinyos.SendAndReceiveCnt.CntToLedsAndRfm. In Ptolemy, classes are typically Java .class files. Entities like actors may instead be defined within a .xml file.  In any case, the class was not found. If the class uses a third party package, then the class would be present only if the third party package was found at compile time.  It may be necessary to upgrade Java or install the third party package, reconfigure and recompile.
Because:
Element <entity name="MicaLeds" class="ptolemy.domains.ptinyos.lib.MicaLeds"> caused an exception to be thrown.
  in .CntToLedsAndRfm
Because:
Cannot find class: ptolemy.domains.ptinyos.lib.MicaLeds. In Ptolemy, classes are typically Java .class files. Entities like actors may instead be defined within a .xml file.  In any case, the class was not found. If the class uses a third party package, then the class would be present only if the third party package was found at compile time.  It may be necessary to upgrade Java or install the third party package, reconfigure and recompile.
Because:
-- /home/travis/build/icyphy/ptII/ptolemy/actor/ptalon/demo/ptinyos/SendAndReceiveCnt/ptolemy/domains/ptinyos/lib/MicaLeds.xml (No such file or directory)
-- XML file not found relative to classpath.
-- /home/travis/build/icyphy/ptII/ptolemy/vergil/basic/export/test/ptolemy/domains/ptinyos/lib/MicaLeds.xml
/home/travis/build/icyphy/ptII/ptolemy/vergil/basic/export/test/ptolemy/domains/ptinyos/lib/MicaLeds.xml (No such file or directory)
 in file:/home/travis/build/icyphy/ptII/ptolemy/actor/ptalon/demo/ptinyos/SendAndReceiveCnt/CntToLedsAndRfm.xml at line 132 and column 63
	at ptolemy.moml.MoMLParser._createEntity(MoMLParser.java:4330)
	at ptolemy.moml.MoMLParser.startElement(MoMLParser.java:2864)
	... 64 more
Caused by: ptolemy.kernel.util.InternalErrorException: Element <entity name="MicaLeds" class="ptolemy.domains.ptinyos.lib.MicaLeds"> caused an exception to be thrown.
  in .CntToLedsAndRfm
Because:
Cannot find class: ptolemy.domains.ptinyos.lib.MicaLeds. In Ptolemy, classes are typically Java .class files. Entities like actors may instead be defined within a .xml file.  In any case, the class was not found. If the class uses a third party package, then the class would be present only if the third party package was found at compile time.  It may be necessary to upgrade Java or install the third party package, reconfigure and recompile.
Because:
-- /home/travis/build/icyphy/ptII/ptolemy/actor/ptalon/demo/ptinyos/SendAndReceiveCnt/ptolemy/domains/ptinyos/lib/MicaLeds.xml (No such file or directory)
-- XML file not found relative to classpath.
-- /home/travis/build/icyphy/ptII/ptolemy/vergil/basic/export/test/ptolemy/domains/ptinyos/lib/MicaLeds.xml
/home/travis/build/icyphy/ptII/ptolemy/vergil/basic/export/test/ptolemy/domains/ptinyos/lib/MicaLeds.xml (No such file or directory)
 in file:/home/travis/build/icyphy/ptII/ptolemy/actor/ptalon/demo/ptinyos/SendAndReceiveCnt/CntToLedsAndRfm.xml at line 132 and column 63
	at ptolemy.moml.SimpleErrorHandler.handleError(SimpleErrorHandler.java:75)
	at ptolemy.moml.MoMLParser.startElement(MoMLParser.java:3805)
	at com.microstar.xml.XmlParser.parseElement(XmlParser.java:921)
	at com.microstar.xml.XmlParser.parseContent(XmlParser.java:1104)
	at com.microstar.xml.XmlParser.parseElement(XmlParser.java:924)
	at com.microstar.xml.XmlParser.parseDocument(XmlParser.java:481)
	at com.microstar.xml.XmlParser.doParse(XmlParser.java:159)
	at com.microstar.xml.XmlParser.parse(XmlParser.java:132)
	at ptolemy.moml.MoMLParser.parse(MoMLParser.java:1676)
	at ptolemy.moml.MoMLParser.parse(MoMLParser.java:1595)
	at ptolemy.moml.MoMLParser.parse(MoMLParser.java:1537)
	at ptolemy.moml.MoMLParser._findOrParse(MoMLParser.java:5286)
	at ptolemy.moml.MoMLParser._attemptToFindMoMLClass(MoMLParser.java:4075)
	at ptolemy.moml.MoMLParser._createEntity(MoMLParser.java:4323)
	... 65 more
Caused by: ptolemy.kernel.util.IllegalActionException: Cannot find class: ptolemy.domains.ptinyos.lib.MicaLeds. In Ptolemy, classes are typically Java .class files. Entities like actors may instead be defined within a .xml file.  In any case, the class was not found. If the class uses a third party package, then the class would be present only if the third party package was found at compile time.  It may be necessary to upgrade Java or install the third party package, reconfigure and recompile.
Because:
-- /home/travis/build/icyphy/ptII/ptolemy/actor/ptalon/demo/ptinyos/SendAndReceiveCnt/ptolemy/domains/ptinyos/lib/MicaLeds.xml (No such file or directory)
-- XML file not found relative to classpath.
-- /home/travis/build/icyphy/ptII/ptolemy/vergil/basic/export/test/ptolemy/domains/ptinyos/lib/MicaLeds.xml
/home/travis/build/icyphy/ptII/ptolemy/vergil/basic/export/test/ptolemy/domains/ptinyos/lib/MicaLeds.xml (No such file or directory)
 in file:/home/travis/build/icyphy/ptII/ptolemy/actor/ptalon/demo/ptinyos/SendAndReceiveCnt/CntToLedsAndRfm.xml at line 132 and column 63
	at ptolemy.moml.MoMLParser._createEntity(MoMLParser.java:4330)
	at ptolemy.moml.MoMLParser.startElement(MoMLParser.java:2864)
	... 77 more
Caused by: com.microstar.xml.XmlException: -- /home/travis/build/icyphy/ptII/ptolemy/actor/ptalon/demo/ptinyos/SendAndReceiveCnt/ptolemy/domains/ptinyos/lib/MicaLeds.xml (No such file or directory)
-- XML file not found relative to classpath.
-- /home/travis/build/icyphy/ptII/ptolemy/vergil/basic/export/test/ptolemy/domains/ptinyos/lib/MicaLeds.xml
/home/travis/build/icyphy/ptII/ptolemy/vergil/basic/export/test/ptolemy/domains/ptinyos/lib/MicaLeds.xml (No such file or directory)
 in file:/home/travis/build/icyphy/ptII/ptolemy/actor/ptalon/demo/ptinyos/SendAndReceiveCnt/CntToLedsAndRfm.xml at line 132 and column 63
	at ptolemy.moml.MoMLParser.fileNameToURL(MoMLParser.java:1414)
	at ptolemy.moml.MoMLParser._findOrParse(MoMLParser.java:5283)
	at ptolemy.moml.MoMLParser._attemptToFindMoMLClass(MoMLParser.java:4075)
	at ptolemy.moml.MoMLParser._createEntity(MoMLParser.java:4323)
	... 78 more
ptolemy.kernel.util.IllegalActionException: Failed to process attribute change to PtalonParameter, whose value is "ptolemy.actor.ptalon.PtalonExpressionParameter {.SendAndReceiveCnt.SendAndReceiveCnt.channelName} "AtomicWirelessChannel"".
  in .SendAndReceiveCnt.SendAndReceiveCnt
Because:
Unable to add actor null
	at ptolemy.actor.ptalon.PtalonActor.attributeChanged(PtalonActor.java:211)
	at ptolemy.actor.ptalon.PtalonMLHandler.startElement(PtalonMLHandler.java:134)
	at com.microstar.xml.XmlParser.parseElement(XmlParser.java:921)
	at com.microstar.xml.XmlParser.parseContent(XmlParser.java:1104)
	at com.microstar.xml.XmlParser.parseElement(XmlParser.java:924)
	at com.microstar.xml.XmlParser.parseDocument(XmlParser.java:481)
	at com.microstar.xml.XmlParser.doParse(XmlParser.java:159)
	at com.microstar.xml.XmlParser.parse(XmlParser.java:132)
	at ptolemy.actor.ptalon.PtalonActor.configure(PtalonActor.java:240)
	at ptolemy.moml.MoMLParser.endElement(MoMLParser.java:996)
	at com.microstar.xml.XmlParser.parseETag(XmlParser.java:1026)
	at com.microstar.xml.XmlParser.parseContent(XmlParser.java:1098)
	at com.microstar.xml.XmlParser.parseElement(XmlParser.java:924)
	at com.microstar.xml.XmlParser.parseContent(XmlParser.java:1104)
	at com.microstar.xml.XmlParser.parseElement(XmlParser.java:924)
	at com.microstar.xml.XmlParser.parseContent(XmlParser.java:1104)
	at com.microstar.xml.XmlParser.parseElement(XmlParser.java:924)
	at com.microstar.xml.XmlParser.parseDocument(XmlParser.java:481)
	at com.microstar.xml.XmlParser.doParse(XmlParser.java:159)
	at com.microstar.xml.XmlParser.parse(XmlParser.java:132)
	at ptolemy.moml.MoMLParser.parse(MoMLParser.java:1676)
	at ptolemy.moml.MoMLParser.parse(MoMLParser.java:1595)
	at ptolemy.moml.MoMLParser.parse(MoMLParser.java:1537)
	at ptolemy.actor.gui.PtolemyEffigy$Factory.createEffigy(PtolemyEffigy.java:424)
	at ptolemy.actor.gui.EffigyFactory.createEffigy(EffigyFactory.java:234)
	at ptolemy.actor.gui.Configuration.openModel(Configuration.java:1125)
	at ptolemy.actor.gui.Configuration.openModel(Configuration.java:1051)
	at ptolemy.actor.gui.ConfigurationApplication._openModel(ConfigurationApplication.java:1252)
	at ptolemy.actor.gui.ConfigurationApplication._parseArg(ConfigurationApplication.java:1399)
	at ptolemy.actor.gui.ConfigurationApplication._parseArgs(ConfigurationApplication.java:1478)
	at ptolemy.actor.gui.ConfigurationApplication.<init>(ConfigurationApplication.java:277)
	at ptolemy.actor.gui.ConfigurationApplication.<init>(ConfigurationApplication.java:214)
	at ptolemy.actor.gui.ConfigurationApplication.<init>(ConfigurationApplication.java:201)
	at ptolemy.actor.gui.ConfigurationApplication.openModelOrEntity(ConfigurationApplication.java:680)
	at ptolemy.vergil.basic.export.ExportModel$1.run(ExportModel.java:220)
	at java.awt.event.InvocationEvent.dispatch(InvocationEvent.java:301)
	at java.awt.EventQueue.dispatchEventImpl(EventQueue.java:756)
	at java.awt.EventQueue.access$500(EventQueue.java:97)
	at java.awt.EventQueue$3.run(EventQueue.java:709)
	at java.awt.EventQueue$3.run(EventQueue.java:703)
	at java.security.AccessController.doPrivileged(Native Method)
	at java.security.ProtectionDomain$JavaSecurityAccessImpl.doIntersectionPrivilege(ProtectionDomain.java:80)
	at java.awt.EventQueue.dispatchEvent(EventQueue.java:726)
	at java.awt.EventDispatchThread.pumpOneEventForFilters(EventDispatchThread.java:201)
	at java.awt.EventDispatchThread.pumpEventsForFilter(EventDispatchThread.java:116)
	at java.awt.EventDispatchThread.pumpEventsForHierarchy(EventDispatchThread.java:105)
	at java.awt.EventDispatchThread.pumpEvents(EventDispatchThread.java:101)
	at java.awt.EventDispatchThread.pumpEvents(EventDispatchThread.java:93)
	at java.awt.EventDispatchThread.run(EventDispatchThread.java:82)
Caused by: ptolemy.actor.ptalon.PtalonRuntimeException: Unable to add actor null
	at ptolemy.actor.ptalon.PtalonEvaluator.addActor(PtalonEvaluator.java:300)
	at ptolemy.actor.ptalon.PtalonPopulator.actor_declaration(PtalonPopulator.java:1574)
	at ptolemy.actor.ptalon.PtalonPopulator.atomic_statement(PtalonPopulator.java:1638)
	at ptolemy.actor.ptalon.PtalonPopulator.iterative_statement_evaluator(PtalonPopulator.java:2484)
	at ptolemy.actor.ptalon.AbstractPtalonEvaluator$IfTree.evaluateForScope(AbstractPtalonEvaluator.java:1307)
	at ptolemy.actor.ptalon.AbstractPtalonEvaluator.evaluateForScope(AbstractPtalonEvaluator.java:744)
	at ptolemy.actor.ptalon.PtalonPopulator.iterative_statement(PtalonPopulator.java:2363)
	at ptolemy.actor.ptalon.PtalonPopulator.actor_definition(PtalonPopulator.java:2809)
	at ptolemy.actor.ptalon.PtalonActor.attributeChanged(PtalonActor.java:206)
	... 48 more
Caused by: ptolemy.kernel.util.InternalErrorException: Element <entity name="sender1" class="ptolemy.actor.ptalon.demo.ptinyos.SendAndReceiveCnt.CntToLedsAndRfm"> caused an exception to be thrown.
  in .SendAndReceiveCnt.SendAndReceiveCnt
Because:
Cannot find class: ptolemy.actor.ptalon.demo.ptinyos.SendAndReceiveCnt.CntToLedsAndRfm. In Ptolemy, classes are typically Java .class files. Entities like actors may instead be defined within a .xml file.  In any case, the class was not found. If the class uses a third party package, then the class would be present only if the third party package was found at compile time.  It may be necessary to upgrade Java or install the third party package, reconfigure and recompile.
Because:
Element <entity name="MicaLeds" class="ptolemy.domains.ptinyos.lib.MicaLeds"> caused an exception to be thrown.
  in .CntToLedsAndRfm
Because:
Cannot find class: ptolemy.domains.ptinyos.lib.MicaLeds. In Ptolemy, classes are typically Java .class files. Entities like actors may instead be defined within a .xml file.  In any case, the class was not found. If the class uses a third party package, then the class would be present only if the third party package was found at compile time.  It may be necessary to upgrade Java or install the third party package, reconfigure and recompile.
Because:
-- /home/travis/build/icyphy/ptII/ptolemy/actor/ptalon/demo/ptinyos/SendAndReceiveCnt/ptolemy/domains/ptinyos/lib/MicaLeds.xml (No such file or directory)
-- XML file not found relative to classpath.
-- /home/travis/build/icyphy/ptII/ptolemy/vergil/basic/export/test/ptolemy/domains/ptinyos/lib/MicaLeds.xml
/home/travis/build/icyphy/ptII/ptolemy/vergil/basic/export/test/ptolemy/domains/ptinyos/lib/MicaLeds.xml (No such file or directory)
 in file:/home/travis/build/icyphy/ptII/ptolemy/actor/ptalon/demo/ptinyos/SendAndReceiveCnt/CntToLedsAndRfm.xml at line 132 and column 63
	at ptolemy.moml.SimpleErrorHandler.handleError(SimpleErrorHandler.java:75)
	at ptolemy.moml.MoMLParser.startElement(MoMLParser.java:3805)
	at com.microstar.xml.XmlParser.parseElement(XmlParser.java:931)
	at com.microstar.xml.XmlParser.parseDocument(XmlParser.java:481)
	at com.microstar.xml.XmlParser.doParse(XmlParser.java:159)
	at com.microstar.xml.XmlParser.parse(XmlParser.java:132)
	at ptolemy.moml.MoMLParser.parse(MoMLParser.java:1660)
	at ptolemy.moml.MoMLParser.parse(MoMLParser.java:1617)
	at ptolemy.moml.MoMLParser.parse(MoMLParser.java:1792)
	at ptolemy.actor.ptalon.PtalonEvaluator.addActor(PtalonEvaluator.java:241)
	... 56 more
Caused by: ptolemy.kernel.util.IllegalActionException: Cannot find class: ptolemy.actor.ptalon.demo.ptinyos.SendAndReceiveCnt.CntToLedsAndRfm. In Ptolemy, classes are typically Java .class files. Entities like actors may instead be defined within a .xml file.  In any case, the class was not found. If the class uses a third party package, then the class would be present only if the third party package was found at compile time.  It may be necessary to upgrade Java or install the third party package, reconfigure and recompile.
Because:
Element <entity name="MicaLeds" class="ptolemy.domains.ptinyos.lib.MicaLeds"> caused an exception to be thrown.
  in .CntToLedsAndRfm
Because:
Cannot find class: ptolemy.domains.ptinyos.lib.MicaLeds. In Ptolemy, classes are typically Java .class files. Entities like actors may instead be defined within a .xml file.  In any case, the class was not found. If the class uses a third party package, then the class would be present only if the third party package was found at compile time.  It may be necessary to upgrade Java or install the third party package, reconfigure and recompile.
Because:
-- /home/travis/build/icyphy/ptII/ptolemy/actor/ptalon/demo/ptinyos/SendAndReceiveCnt/ptolemy/domains/ptinyos/lib/MicaLeds.xml (No such file or directory)
-- XML file not found relative to classpath.
-- /home/travis/build/icyphy/ptII/ptolemy/vergil/basic/export/test/ptolemy/domains/ptinyos/lib/MicaLeds.xml
/home/travis/build/icyphy/ptII/ptolemy/vergil/basic/export/test/ptolemy/domains/ptinyos/lib/MicaLeds.xml (No such file or directory)
 in file:/home/travis/build/icyphy/ptII/ptolemy/actor/ptalon/demo/ptinyos/SendAndReceiveCnt/CntToLedsAndRfm.xml at line 132 and column 63
	at ptolemy.moml.MoMLParser._createEntity(MoMLParser.java:4330)
	at ptolemy.moml.MoMLParser.startElement(MoMLParser.java:2864)
	... 64 more
Caused by: ptolemy.kernel.util.InternalErrorException: Element <entity name="MicaLeds" class="ptolemy.domains.ptinyos.lib.MicaLeds"> caused an exception to be thrown.
  in .CntToLedsAndRfm
Because:
Cannot find class: ptolemy.domains.ptinyos.lib.MicaLeds. In Ptolemy, classes are typically Java .class files. Entities like actors may instead be defined within a .xml file.  In any case, the class was not found. If the class uses a third party package, then the class would be present only if the third party package was found at compile time.  It may be necessary to upgrade Java or install the third party package, reconfigure and recompile.
Because:
-- /home/travis/build/icyphy/ptII/ptolemy/actor/ptalon/demo/ptinyos/SendAndReceiveCnt/ptolemy/domains/ptinyos/lib/MicaLeds.xml (No such file or directory)
-- XML file not found relative to classpath.
-- /home/travis/build/icyphy/ptII/ptolemy/vergil/basic/export/test/ptolemy/domains/ptinyos/lib/MicaLeds.xml
/home/travis/build/icyphy/ptII/ptolemy/vergil/basic/export/test/ptolemy/domains/ptinyos/lib/MicaLeds.xml (No such file or directory)
 in file:/home/travis/build/icyphy/ptII/ptolemy/actor/ptalon/demo/ptinyos/SendAndReceiveCnt/CntToLedsAndRfm.xml at line 132 and column 63
	at ptolemy.moml.SimpleErrorHandler.handleError(SimpleErrorHandler.java:75)
	at ptolemy.moml.MoMLParser.startElement(MoMLParser.java:3805)
	at com.microstar.xml.XmlParser.parseElement(XmlParser.java:921)
	at com.microstar.xml.XmlParser.parseContent(XmlParser.java:1104)
	at com.microstar.xml.XmlParser.parseElement(XmlParser.java:924)
	at com.microstar.xml.XmlParser.parseDocument(XmlParser.java:481)
	at com.microstar.xml.XmlParser.doParse(XmlParser.java:159)
	at com.microstar.xml.XmlParser.parse(XmlParser.java:132)
	at ptolemy.moml.MoMLParser.parse(MoMLParser.java:1676)
	at ptolemy.moml.MoMLParser.parse(MoMLParser.java:1595)
	at ptolemy.moml.MoMLParser.parse(MoMLParser.java:1537)
	at ptolemy.moml.MoMLParser._findOrParse(MoMLParser.java:5286)
	at ptolemy.moml.MoMLParser._attemptToFindMoMLClass(MoMLParser.java:4075)
	at ptolemy.moml.MoMLParser._createEntity(MoMLParser.java:4323)
	... 65 more
Caused by: ptolemy.kernel.util.IllegalActionException: Cannot find class: ptolemy.domains.ptinyos.lib.MicaLeds. In Ptolemy, classes are typically Java .class files. Entities like actors may instead be defined within a .xml file.  In any case, the class was not found. If the class uses a third party package, then the class would be present only if the third party package was found at compile time.  It may be necessary to upgrade Java or install the third party package, reconfigure and recompile.
Because:
-- /home/travis/build/icyphy/ptII/ptolemy/actor/ptalon/demo/ptinyos/SendAndReceiveCnt/ptolemy/domains/ptinyos/lib/MicaLeds.xml (No such file or directory)
-- XML file not found relative to classpath.
-- /home/travis/build/icyphy/ptII/ptolemy/vergil/basic/export/test/ptolemy/domains/ptinyos/lib/MicaLeds.xml
/home/travis/build/icyphy/ptII/ptolemy/vergil/basic/export/test/ptolemy/domains/ptinyos/lib/MicaLeds.xml (No such file or directory)
 in file:/home/travis/build/icyphy/ptII/ptolemy/actor/ptalon/demo/ptinyos/SendAndReceiveCnt/CntToLedsAndRfm.xml at line 132 and column 63
	at ptolemy.moml.MoMLParser._createEntity(MoMLParser.java:4330)
	at ptolemy.moml.MoMLParser.startElement(MoMLParser.java:2864)
	... 77 more
Caused by: com.microstar.xml.XmlException: -- /home/travis/build/icyphy/ptII/ptolemy/actor/ptalon/demo/ptinyos/SendAndReceiveCnt/ptolemy/domains/ptinyos/lib/MicaLeds.xml (No such file or directory)
-- XML file not found relative to classpath.
-- /home/travis/build/icyphy/ptII/ptolemy/vergil/basic/export/test/ptolemy/domains/ptinyos/lib/MicaLeds.xml
/home/travis/build/icyphy/ptII/ptolemy/vergil/basic/export/test/ptolemy/domains/ptinyos/lib/MicaLeds.xml (No such file or directory)
 in file:/home/travis/build/icyphy/ptII/ptolemy/actor/ptalon/demo/ptinyos/SendAndReceiveCnt/CntToLedsAndRfm.xml at line 132 and column 63
	at ptolemy.moml.MoMLParser.fileNameToURL(MoMLParser.java:1414)
	at ptolemy.moml.MoMLParser._findOrParse(MoMLParser.java:5283)
	at ptolemy.moml.MoMLParser._attemptToFindMoMLClass(MoMLParser.java:4075)
	at ptolemy.moml.MoMLParser._createEntity(MoMLParser.java:4323)
	... 78 more
Caused by: ptolemy.actor.ptalon.PtalonRuntimeException: Unable to add actor null
	at ptolemy.actor.ptalon.PtalonEvaluator.addActor(PtalonEvaluator.java:300)
	at ptolemy.actor.ptalon.PtalonPopulator.actor_declaration(PtalonPopulator.java:1574)
	at ptolemy.actor.ptalon.PtalonPopulator.atomic_statement(PtalonPopulator.java:1638)
	at ptolemy.actor.ptalon.PtalonPopulator.iterative_statement_evaluator(PtalonPopulator.java:2484)
	at ptolemy.actor.ptalon.AbstractPtalonEvaluator$IfTree.evaluateForScope(AbstractPtalonEvaluator.java:1307)
	at ptolemy.actor.ptalon.AbstractPtalonEvaluator.evaluateForScope(AbstractPtalonEvaluator.java:744)
	at ptolemy.actor.ptalon.PtalonPopulator.iterative_statement(PtalonPopulator.java:2363)
	at ptolemy.actor.ptalon.PtalonPopulator.actor_definition(PtalonPopulator.java:2809)
	at ptolemy.actor.ptalon.PtalonActor.attributeChanged(PtalonActor.java:206)
	at ptolemy.actor.ptalon.PtalonMLHandler.startElement(PtalonMLHandler.java:134)
	at com.microstar.xml.XmlParser.parseElement(XmlParser.java:921)
	at com.microstar.xml.XmlParser.parseContent(XmlParser.java:1104)
	at com.microstar.xml.XmlParser.parseElement(XmlParser.java:924)
	at com.microstar.xml.XmlParser.parseDocument(XmlParser.java:481)
	at com.microstar.xml.XmlParser.doParse(XmlParser.java:159)
	at com.microstar.xml.XmlParser.parse(XmlParser.java:132)
	at ptolemy.actor.ptalon.PtalonActor.configure(PtalonActor.java:240)
	at ptolemy.moml.MoMLParser.endElement(MoMLParser.java:996)
	at com.microstar.xml.XmlParser.parseETag(XmlParser.java:1026)
	at com.microstar.xml.XmlParser.parseContent(XmlParser.java:1098)
	at com.microstar.xml.XmlParser.parseElement(XmlParser.java:924)
	at com.microstar.xml.XmlParser.parseContent(XmlParser.java:1104)
	at com.microstar.xml.XmlParser.parseElement(XmlParser.java:924)
	at com.microstar.xml.XmlParser.parseContent(XmlParser.java:1104)
	at com.microstar.xml.XmlParser.parseElement(XmlParser.java:924)
	at com.microstar.xml.XmlParser.parseDocument(XmlParser.java:481)
	at com.microstar.xml.XmlParser.doParse(XmlParser.java:159)
	at com.microstar.xml.XmlParser.parse(XmlParser.java:132)
	at ptolemy.moml.MoMLParser.parse(MoMLParser.java:1676)
	at ptolemy.moml.MoMLParser.parse(MoMLParser.java:1595)
	at ptolemy.moml.MoMLParser.parse(MoMLParser.java:1537)
	at ptolemy.actor.gui.PtolemyEffigy$Factory.createEffigy(PtolemyEffigy.java:424)
	at ptolemy.actor.gui.EffigyFactory.createEffigy(EffigyFactory.java:234)
	at ptolemy.actor.gui.Configuration.openModel(Configuration.java:1125)
	at ptolemy.actor.gui.Configuration.openModel(Configuration.java:1051)
	at ptolemy.actor.gui.ConfigurationApplication._openModel(ConfigurationApplication.java:1252)
	at ptolemy.actor.gui.ConfigurationApplication._parseArg(ConfigurationApplication.java:1399)
	at ptolemy.actor.gui.ConfigurationApplication._parseArgs(ConfigurationApplication.java:1478)
	at ptolemy.actor.gui.ConfigurationApplication.<init>(ConfigurationApplication.java:277)
	at ptolemy.actor.gui.ConfigurationApplication.<init>(ConfigurationApplication.java:214)
	at ptolemy.actor.gui.ConfigurationApplication.<init>(ConfigurationApplication.java:201)
	at ptolemy.actor.gui.ConfigurationApplication.openModelOrEntity(ConfigurationApplication.java:680)
	at ptolemy.vergil.basic.export.ExportModel$1.run(ExportModel.java:220)
	at java.awt.event.InvocationEvent.dispatch(InvocationEvent.java:301)
	at java.awt.EventQueue.dispatchEventImpl(EventQueue.java:756)
	at java.awt.EventQueue.access$500(EventQueue.java:97)
	at java.awt.EventQueue$3.run(EventQueue.java:709)
	at java.awt.EventQueue$3.run(EventQueue.java:703)
	at java.security.AccessController.doPrivileged(Native Method)
	at java.security.ProtectionDomain$JavaSecurityAccessImpl.doIntersectionPrivilege(ProtectionDomain.java:80)
	at java.awt.EventQueue.dispatchEvent(EventQueue.java:726)
	at java.awt.EventDispatchThread.pumpOneEventForFilters(EventDispatchThread.java:201)
	at java.awt.EventDispatchThread.pumpEventsForFilter(EventDispatchThread.java:116)
	at java.awt.EventDispatchThread.pumpEventsForHierarchy(EventDispatchThread.java:105)
	at java.awt.EventDispatchThread.pumpEvents(EventDispatchThread.java:101)
	at java.awt.EventDispatchThread.pumpEvents(EventDispatchThread.java:93)
	at java.awt.EventDispatchThread.run(EventDispatchThread.java:82)
Caused by: ptolemy.kernel.util.InternalErrorException: Element <entity name="sender1" class="ptolemy.actor.ptalon.demo.ptinyos.SendAndReceiveCnt.CntToLedsAndRfm"> caused an exception to be thrown.
  in .SendAndReceiveCnt.SendAndReceiveCnt
Because:
Cannot find class: ptolemy.actor.ptalon.demo.ptinyos.SendAndReceiveCnt.CntToLedsAndRfm. In Ptolemy, classes are typically Java .class files. Entities like actors may instead be defined within a .xml file.  In any case, the class was not found. If the class uses a third party package, then the class would be present only if the third party package was found at compile time.  It may be necessary to upgrade Java or install the third party package, reconfigure and recompile.
Because:
Element <entity name="MicaLeds" class="ptolemy.domains.ptinyos.lib.MicaLeds"> caused an exception to be thrown.
  in .CntToLedsAndRfm
Because:
Cannot find class: ptolemy.domains.ptinyos.lib.MicaLeds. In Ptolemy, classes are typically Java .class files. Entities like actors may instead be defined within a .xml file.  In any case, the class was not found. If the class uses a third party package, then the class would be present only if the third party package was found at compile time.  It may be necessary to upgrade Java or install the third party package, reconfigure and recompile.
Because:
-- /home/travis/build/icyphy/ptII/ptolemy/actor/ptalon/demo/ptinyos/SendAndReceiveCnt/ptolemy/domains/ptinyos/lib/MicaLeds.xml (No such file or directory)
-- XML file not found relative to classpath.
-- /home/travis/build/icyphy/ptII/ptolemy/vergil/basic/export/test/ptolemy/domains/ptinyos/lib/MicaLeds.xml
/home/travis/build/icyphy/ptII/ptolemy/vergil/basic/export/test/ptolemy/domains/ptinyos/lib/MicaLeds.xml (No such file or directory)
 in file:/home/travis/build/icyphy/ptII/ptolemy/actor/ptalon/demo/ptinyos/SendAndReceiveCnt/CntToLedsAndRfm.xml at line 132 and column 63
	at ptolemy.moml.SimpleErrorHandler.handleError(SimpleErrorHandler.java:75)
	at ptolemy.moml.MoMLParser.startElement(MoMLParser.java:3805)
	at com.microstar.xml.XmlParser.parseElement(XmlParser.java:931)
	at com.microstar.xml.XmlParser.parseDocument(XmlParser.java:481)
	at com.microstar.xml.XmlParser.doParse(XmlParser.java:159)
	at com.microstar.xml.XmlParser.parse(XmlParser.java:132)
	at ptolemy.moml.MoMLParser.parse(MoMLParser.java:1660)
	at ptolemy.moml.MoMLParser.parse(MoMLParser.java:1617)
	at ptolemy.moml.MoMLParser.parse(MoMLParser.java:1792)
	at ptolemy.actor.ptalon.PtalonEvaluator.addActor(PtalonEvaluator.java:241)
	... 56 more
Caused by: ptolemy.kernel.util.IllegalActionException: Cannot find class: ptolemy.actor.ptalon.demo.ptinyos.SendAndReceiveCnt.CntToLedsAndRfm. In Ptolemy, classes are typically Java .class files. Entities like actors may instead be defined within a .xml file.  In any case, the class was not found. If the class uses a third party package, then the class would be present only if the third party package was found at compile time.  It may be necessary to upgrade Java or install the third party package, reconfigure and recompile.
Because:
Element <entity name="MicaLeds" class="ptolemy.domains.ptinyos.lib.MicaLeds"> caused an exception to be thrown.
  in .CntToLedsAndRfm
Because:
Cannot find class: ptolemy.domains.ptinyos.lib.MicaLeds. In Ptolemy, classes are typically Java .class files. Entities like actors may instead be defined within a .xml file.  In any case, the class was not found. If the class uses a third party package, then the class would be present only if the third party package was found at compile time.  It may be necessary to upgrade Java or install the third party package, reconfigure and recompile.
Because:
-- /home/travis/build/icyphy/ptII/ptolemy/actor/ptalon/demo/ptinyos/SendAndReceiveCnt/ptolemy/domains/ptinyos/lib/MicaLeds.xml (No such file or directory)
-- XML file not found relative to classpath.
-- /home/travis/build/icyphy/ptII/ptolemy/vergil/basic/export/test/ptolemy/domains/ptinyos/lib/MicaLeds.xml
/home/travis/build/icyphy/ptII/ptolemy/vergil/basic/export/test/ptolemy/domains/ptinyos/lib/MicaLeds.xml (No such file or directory)
 in file:/home/travis/build/icyphy/ptII/ptolemy/actor/ptalon/demo/ptinyos/SendAndReceiveCnt/CntToLedsAndRfm.xml at line 132 and column 63
	at ptolemy.moml.MoMLParser._createEntity(MoMLParser.java:4330)
	at ptolemy.moml.MoMLParser.startElement(MoMLParser.java:2864)
	... 64 more
Caused by: ptolemy.kernel.util.InternalErrorException: Element <entity name="MicaLeds" class="ptolemy.domains.ptinyos.lib.MicaLeds"> caused an exception to be thrown.
  in .CntToLedsAndRfm
Because:
Cannot find class: ptolemy.domains.ptinyos.lib.MicaLeds. In Ptolemy, classes are typically Java .class files. Entities like actors may instead be defined within a .xml file.  In any case, the class was not found. If the class uses a third party package, then the class would be present only if the third party package was found at compile time.  It may be necessary to upgrade Java or install the third party package, reconfigure and recompile.
Because:
-- /home/travis/build/icyphy/ptII/ptolemy/actor/ptalon/demo/ptinyos/SendAndReceiveCnt/ptolemy/domains/ptinyos/lib/MicaLeds.xml (No such file or directory)
-- XML file not found relative to classpath.
-- /home/travis/build/icyphy/ptII/ptolemy/vergil/basic/export/test/ptolemy/domains/ptinyos/lib/MicaLeds.xml
/home/travis/build/icyphy/ptII/ptolemy/vergil/basic/export/test/ptolemy/domains/ptinyos/lib/MicaLeds.xml (No such file or directory)
 in file:/home/travis/build/icyphy/ptII/ptolemy/actor/ptalon/demo/ptinyos/SendAndReceiveCnt/CntToLedsAndRfm.xml at line 132 and column 63
	at ptolemy.moml.SimpleErrorHandler.handleError(SimpleErrorHandler.java:75)
	at ptolemy.moml.MoMLParser.startElement(MoMLParser.java:3805)
	at com.microstar.xml.XmlParser.parseElement(XmlParser.java:921)
	at com.microstar.xml.XmlParser.parseContent(XmlParser.java:1104)
	at com.microstar.xml.XmlParser.parseElement(XmlParser.java:924)
	at com.microstar.xml.XmlParser.parseDocument(XmlParser.java:481)
	at com.microstar.xml.XmlParser.doParse(XmlParser.java:159)
	at com.microstar.xml.XmlParser.parse(XmlParser.java:132)
	at ptolemy.moml.MoMLParser.parse(MoMLParser.java:1676)
	at ptolemy.moml.MoMLParser.parse(MoMLParser.java:1595)
	at ptolemy.moml.MoMLParser.parse(MoMLParser.java:1537)
	at ptolemy.moml.MoMLParser._findOrParse(MoMLParser.java:5286)
	at ptolemy.moml.MoMLParser._attemptToFindMoMLClass(MoMLParser.java:4075)
	at ptolemy.moml.MoMLParser._createEntity(MoMLParser.java:4323)
	... 65 more
Caused by: ptolemy.kernel.util.IllegalActionException: Cannot find class: ptolemy.domains.ptinyos.lib.MicaLeds. In Ptolemy, classes are typically Java .class files. Entities like actors may instead be defined within a .xml file.  In any case, the class was not found. If the class uses a third party package, then the class would be present only if the third party package was found at compile time.  It may be necessary to upgrade Java or install the third party package, reconfigure and recompile.
Because:
-- /home/travis/build/icyphy/ptII/ptolemy/actor/ptalon/demo/ptinyos/SendAndReceiveCnt/ptolemy/domains/ptinyos/lib/MicaLeds.xml (No such file or directory)
-- XML file not found relative to classpath.
-- /home/travis/build/icyphy/ptII/ptolemy/vergil/basic/export/test/ptolemy/domains/ptinyos/lib/MicaLeds.xml
/home/travis/build/icyphy/ptII/ptolemy/vergil/basic/export/test/ptolemy/domains/ptinyos/lib/MicaLeds.xml (No such file or directory)
 in file:/home/travis/build/icyphy/ptII/ptolemy/actor/ptalon/demo/ptinyos/SendAndReceiveCnt/CntToLedsAndRfm.xml at line 132 and column 63
	at ptolemy.moml.MoMLParser._createEntity(MoMLParser.java:4330)
	at ptolemy.moml.MoMLParser.startElement(MoMLParser.java:2864)
	... 77 more
Caused by: com.microstar.xml.XmlException: -- /home/travis/build/icyphy/ptII/ptolemy/actor/ptalon/demo/ptinyos/SendAndReceiveCnt/ptolemy/domains/ptinyos/lib/MicaLeds.xml (No such file or directory)
-- XML file not found relative to classpath.
-- /home/travis/build/icyphy/ptII/ptolemy/vergil/basic/export/test/ptolemy/domains/ptinyos/lib/MicaLeds.xml
/home/travis/build/icyphy/ptII/ptolemy/vergil/basic/export/test/ptolemy/domains/ptinyos/lib/MicaLeds.xml (No such file or directory)
 in file:/home/travis/build/icyphy/ptII/ptolemy/actor/ptalon/demo/ptinyos/SendAndReceiveCnt/CntToLedsAndRfm.xml at line 132 and column 63
	at ptolemy.moml.MoMLParser.fileNameToURL(MoMLParser.java:1414)
	at ptolemy.moml.MoMLParser._findOrParse(MoMLParser.java:5283)
	at ptolemy.moml.MoMLParser._attemptToFindMoMLClass(MoMLParser.java:4075)
	at ptolemy.moml.MoMLParser._createEntity(MoMLParser.java:4323)
	... 78 more
Failed to read file:/home/travis/build/icyphy/ptII/ptolemy/actor/ptalon/demo/ptinyos/SendAndReceiveCnt/SendAndReceiveCnt.xml
ptolemy.kernel.util.IllegalActionException: Failed to process attribute change to PtalonParameter, whose value is "ptolemy.actor.ptalon.PtalonExpressionParameter {.SendAndReceiveCnt.SendAndReceiveCnt.channelName} "AtomicWirelessChannel"".
  in .SendAndReceiveCnt.SendAndReceiveCnt
Because:
Unable to add actor null
	at ptolemy.actor.ptalon.PtalonActor.attributeChanged(PtalonActor.java:211)
	at ptolemy.actor.ptalon.PtalonMLHandler.startElement(PtalonMLHandler.java:134)
	at com.microstar.xml.XmlParser.parseElement(XmlParser.java:921)
	at com.microstar.xml.XmlParser.parseContent(XmlParser.java:1104)
	at com.microstar.xml.XmlParser.parseElement(XmlParser.java:924)
	at com.microstar.xml.XmlParser.parseDocument(XmlParser.java:481)
	at com.microstar.xml.XmlParser.doParse(XmlParser.java:159)
	at com.microstar.xml.XmlParser.parse(XmlParser.java:132)
	at ptolemy.actor.ptalon.PtalonActor.configure(PtalonActor.java:240)
	at ptolemy.moml.MoMLParser.endElement(MoMLParser.java:996)
	at com.microstar.xml.XmlParser.parseETag(XmlParser.java:1026)
	at com.microstar.xml.XmlParser.parseContent(XmlParser.java:1098)
	at com.microstar.xml.XmlParser.parseElement(XmlParser.java:924)
	at com.microstar.xml.XmlParser.parseContent(XmlParser.java:1104)
	at com.microstar.xml.XmlParser.parseElement(XmlParser.java:924)
	at com.microstar.xml.XmlParser.parseContent(XmlParser.java:1104)
	at com.microstar.xml.XmlParser.parseElement(XmlParser.java:924)
	at com.microstar.xml.XmlParser.parseDocument(XmlParser.java:481)
	at com.microstar.xml.XmlParser.doParse(XmlParser.java:159)
	at com.microstar.xml.XmlParser.parse(XmlParser.java:132)
	at ptolemy.moml.MoMLParser.parse(MoMLParser.java:1676)
	at ptolemy.moml.MoMLParser.parse(MoMLParser.java:1595)
	at ptolemy.moml.MoMLParser.parse(MoMLParser.java:1537)
	at ptolemy.actor.gui.PtolemyEffigy$Factory.createEffigy(PtolemyEffigy.java:424)
	at ptolemy.actor.gui.EffigyFactory.createEffigy(EffigyFactory.java:234)
	at ptolemy.actor.gui.Configuration.openModel(Configuration.java:1125)
	at ptolemy.actor.gui.Configuration.openModel(Configuration.java:1051)
	at ptolemy.actor.gui.ConfigurationApplication._openModel(ConfigurationApplication.java:1252)
	at ptolemy.actor.gui.ConfigurationApplication._parseArg(ConfigurationApplication.java:1399)
	at ptolemy.actor.gui.ConfigurationApplication._parseArgs(ConfigurationApplication.java:1478)
	at ptolemy.actor.gui.ConfigurationApplication.<init>(ConfigurationApplication.java:277)
	at ptolemy.actor.gui.ConfigurationApplication.<init>(ConfigurationApplication.java:214)
	at ptolemy.actor.gui.ConfigurationApplication.<init>(ConfigurationApplication.java:201)
	at ptolemy.actor.gui.ConfigurationApplication.openModelOrEntity(ConfigurationApplication.java:680)
	at ptolemy.vergil.basic.export.ExportModel$1.run(ExportModel.java:220)
	at java.awt.event.InvocationEvent.dispatch(InvocationEvent.java:301)
	at java.awt.EventQueue.dispatchEventImpl(EventQueue.java:756)
	at java.awt.EventQueue.access$500(EventQueue.java:97)
	at java.awt.EventQueue$3.run(EventQueue.java:709)
	at java.awt.EventQueue$3.run(EventQueue.java:703)
	at java.security.AccessController.doPrivileged(Native Method)
	at java.security.ProtectionDomain$JavaSecurityAccessImpl.doIntersectionPrivilege(ProtectionDomain.java:80)
	at java.awt.EventQueue.dispatchEvent(EventQueue.java:726)
	at java.awt.EventDispatchThread.pumpOneEventForFilters(EventDispatchThread.java:201)
	at java.awt.EventDispatchThread.pumpEventsForFilter(EventDispatchThread.java:116)
	at java.awt.EventDispatchThread.pumpEventsForHierarchy(EventDispatchThread.java:105)
	at java.awt.EventDispatchThread.pumpEvents(EventDispatchThread.java:101)
	at java.awt.EventDispatchThread.pumpEvents(EventDispatchThread.java:93)
	at java.awt.EventDispatchThread.run(EventDispatchThread.java:82)
Caused by: ptolemy.actor.ptalon.PtalonRuntimeException: Unable to add actor null
	at ptolemy.actor.ptalon.PtalonEvaluator.addActor(PtalonEvaluator.java:300)
	at ptolemy.actor.ptalon.PtalonPopulator.actor_declaration(PtalonPopulator.java:1574)
	at ptolemy.actor.ptalon.PtalonPopulator.atomic_statement(PtalonPopulator.java:1638)
	at ptolemy.actor.ptalon.PtalonPopulator.iterative_statement_evaluator(PtalonPopulator.java:2484)
	at ptolemy.actor.ptalon.AbstractPtalonEvaluator$IfTree.evaluateForScope(AbstractPtalonEvaluator.java:1307)
	at ptolemy.actor.ptalon.AbstractPtalonEvaluator.evaluateForScope(AbstractPtalonEvaluator.java:744)
	at ptolemy.actor.ptalon.PtalonPopulator.iterative_statement(PtalonPopulator.java:2363)
	at ptolemy.actor.ptalon.PtalonPopulator.actor_definition(PtalonPopulator.java:2809)
	at ptolemy.actor.ptalon.PtalonActor.attributeChanged(PtalonActor.java:206)
	... 48 more
Caused by: ptolemy.kernel.util.InternalErrorException: Element <entity name="sender1" class="ptolemy.actor.ptalon.demo.ptinyos.SendAndReceiveCnt.CntToLedsAndRfm"> caused an exception to be thrown.
  in .SendAndReceiveCnt.SendAndReceiveCnt
Because:
Cannot find class: ptolemy.actor.ptalon.demo.ptinyos.SendAndReceiveCnt.CntToLedsAndRfm. In Ptolemy, classes are typically Java .class files. Entities like actors may instead be defined within a .xml file.  In any case, the class was not found. If the class uses a third party package, then the class would be present only if the third party package was found at compile time.  It may be necessary to upgrade Java or install the third party package, reconfigure and recompile.
Because:
Element <entity name="MicaLeds" class="ptolemy.domains.ptinyos.lib.MicaLeds"> caused an exception to be thrown.
  in .CntToLedsAndRfm
Because:
Cannot find class: ptolemy.domains.ptinyos.lib.MicaLeds. In Ptolemy, classes are typically Java .class files. Entities like actors may instead be defined within a .xml file.  In any case, the class was not found. If the class uses a third party package, then the class would be present only if the third party package was found at compile time.  It may be necessary to upgrade Java or install the third party package, reconfigure and recompile.
Because:
-- /home/travis/build/icyphy/ptII/ptolemy/actor/ptalon/demo/ptinyos/SendAndReceiveCnt/ptolemy/domains/ptinyos/lib/MicaLeds.xml (No such file or directory)
-- XML file not found relative to classpath.
-- /home/travis/build/icyphy/ptII/ptolemy/vergil/basic/export/test/ptolemy/domains/ptinyos/lib/MicaLeds.xml
/home/travis/build/icyphy/ptII/ptolemy/vergil/basic/export/test/ptolemy/domains/ptinyos/lib/MicaLeds.xml (No such file or directory)
 in file:/home/travis/build/icyphy/ptII/ptolemy/actor/ptalon/demo/ptinyos/SendAndReceiveCnt/CntToLedsAndRfm.xml at line 132 and column 63
	at ptolemy.moml.SimpleErrorHandler.handleError(SimpleErrorHandler.java:75)
	at ptolemy.moml.MoMLParser.startElement(MoMLParser.java:3805)
	at com.microstar.xml.XmlParser.parseElement(XmlParser.java:931)
	at com.microstar.xml.XmlParser.parseDocument(XmlParser.java:481)
	at com.microstar.xml.XmlParser.doParse(XmlParser.java:159)
	at com.microstar.xml.XmlParser.parse(XmlParser.java:132)
	at ptolemy.moml.MoMLParser.parse(MoMLParser.java:1660)
	at ptolemy.moml.MoMLParser.parse(MoMLParser.java:1617)
	at ptolemy.moml.MoMLParser.parse(MoMLParser.java:1792)
	at ptolemy.actor.ptalon.PtalonEvaluator.addActor(PtalonEvaluator.java:241)
	... 56 more
Caused by: ptolemy.kernel.util.IllegalActionException: Cannot find class: ptolemy.actor.ptalon.demo.ptinyos.SendAndReceiveCnt.CntToLedsAndRfm. In Ptolemy, classes are typically Java .class files. Entities like actors may instead be defined within a .xml file.  In any case, the class was not found. If the class uses a third party package, then the class would be present only if the third party package was found at compile time.  It may be necessary to upgrade Java or install the third party package, reconfigure and recompile.
Because:
Element <entity name="MicaLeds" class="ptolemy.domains.ptinyos.lib.MicaLeds"> caused an exception to be thrown.
  in .CntToLedsAndRfm
Because:
Cannot find class: ptolemy.domains.ptinyos.lib.MicaLeds. In Ptolemy, classes are typically Java .class files. Entities like actors may instead be defined within a .xml file.  In any case, the class was not found. If the class uses a third party package, then the class would be present only if the third party package was found at compile time.  It may be necessary to upgrade Java or install the third party package, reconfigure and recompile.
Because:
-- /home/travis/build/icyphy/ptII/ptolemy/actor/ptalon/demo/ptinyos/SendAndReceiveCnt/ptolemy/domains/ptinyos/lib/MicaLeds.xml (No such file or directory)
-- XML file not found relative to classpath.
-- /home/travis/build/icyphy/ptII/ptolemy/vergil/basic/export/test/ptolemy/domains/ptinyos/lib/MicaLeds.xml
/home/travis/build/icyphy/ptII/ptolemy/vergil/basic/export/test/ptolemy/domains/ptinyos/lib/MicaLeds.xml (No such file or directory)
 in file:/home/travis/build/icyphy/ptII/ptolemy/actor/ptalon/demo/ptinyos/SendAndReceiveCnt/CntToLedsAndRfm.xml at line 132 and column 63
	at ptolemy.moml.MoMLParser._createEntity(MoMLParser.java:4330)
	at ptolemy.moml.MoMLParser.startElement(MoMLParser.java:2864)
	... 64 more
Caused by: ptolemy.kernel.util.InternalErrorException: Element <entity name="MicaLeds" class="ptolemy.domains.ptinyos.lib.MicaLeds"> caused an exception to be thrown.
  in .CntToLedsAndRfm
Because:
Cannot find class: ptolemy.domains.ptinyos.lib.MicaLeds. In Ptolemy, classes are typically Java .class files. Entities like actors may instead be defined within a .xml file.  In any case, the class was not found. If the class uses a third party package, then the class would be present only if the third party package was found at compile time.  It may be necessary to upgrade Java or install the third party package, reconfigure and recompile.
Because:
-- /home/travis/build/icyphy/ptII/ptolemy/actor/ptalon/demo/ptinyos/SendAndReceiveCnt/ptolemy/domains/ptinyos/lib/MicaLeds.xml (No such file or directory)
-- XML file not found relative to classpath.
-- /home/travis/build/icyphy/ptII/ptolemy/vergil/basic/export/test/ptolemy/domains/ptinyos/lib/MicaLeds.xml
/home/travis/build/icyphy/ptII/ptolemy/vergil/basic/export/test/ptolemy/domains/ptinyos/lib/MicaLeds.xml (No such file or directory)
 in file:/home/travis/build/icyphy/ptII/ptolemy/actor/ptalon/demo/ptinyos/SendAndReceiveCnt/CntToLedsAndRfm.xml at line 132 and column 63
	at ptolemy.moml.SimpleErrorHandler.handleError(SimpleErrorHandler.java:75)
	at ptolemy.moml.MoMLParser.startElement(MoMLParser.java:3805)
	at com.microstar.xml.XmlParser.parseElement(XmlParser.java:921)
	at com.microstar.xml.XmlParser.parseContent(XmlParser.java:1104)
	at com.microstar.xml.XmlParser.parseElement(XmlParser.java:924)
	at com.microstar.xml.XmlParser.parseDocument(XmlParser.java:481)
	at com.microstar.xml.XmlParser.doParse(XmlParser.java:159)
	at com.microstar.xml.XmlParser.parse(XmlParser.java:132)
	at ptolemy.moml.MoMLParser.parse(MoMLParser.java:1676)
	at ptolemy.moml.MoMLParser.parse(MoMLParser.java:1595)
	at ptolemy.moml.MoMLParser.parse(MoMLParser.java:1537)
	at ptolemy.moml.MoMLParser._findOrParse(MoMLParser.java:5286)
	at ptolemy.moml.MoMLParser._attemptToFindMoMLClass(MoMLParser.java:4075)
	at ptolemy.moml.MoMLParser._createEntity(MoMLParser.java:4323)
	... 65 more
Caused by: ptolemy.kernel.util.IllegalActionException: Cannot find class: ptolemy.domains.ptinyos.lib.MicaLeds. In Ptolemy, classes are typically Java .class files. Entities like actors may instead be defined within a .xml file.  In any case, the class was not found. If the class uses a third party package, then the class would be present only if the third party package was found at compile time.  It may be necessary to upgrade Java or install the third party package, reconfigure and recompile.
Because:
-- /home/travis/build/icyphy/ptII/ptolemy/actor/ptalon/demo/ptinyos/SendAndReceiveCnt/ptolemy/domains/ptinyos/lib/MicaLeds.xml (No such file or directory)
-- XML file not found relative to classpath.
-- /home/travis/build/icyphy/ptII/ptolemy/vergil/basic/export/test/ptolemy/domains/ptinyos/lib/MicaLeds.xml
/home/travis/build/icyphy/ptII/ptolemy/vergil/basic/export/test/ptolemy/domains/ptinyos/lib/MicaLeds.xml (No such file or directory)
 in file:/home/travis/build/icyphy/ptII/ptolemy/actor/ptalon/demo/ptinyos/SendAndReceiveCnt/CntToLedsAndRfm.xml at line 132 and column 63
	at ptolemy.moml.MoMLParser._createEntity(MoMLParser.java:4330)
	at ptolemy.moml.MoMLParser.startElement(MoMLParser.java:2864)
	... 77 more
Caused by: com.microstar.xml.XmlException: -- /home/travis/build/icyphy/ptII/ptolemy/actor/ptalon/demo/ptinyos/SendAndReceiveCnt/ptolemy/domains/ptinyos/lib/MicaLeds.xml (No such file or directory)
-- XML file not found relative to classpath.
-- /home/travis/build/icyphy/ptII/ptolemy/vergil/basic/export/test/ptolemy/domains/ptinyos/lib/MicaLeds.xml
/home/travis/build/icyphy/ptII/ptolemy/vergil/basic/export/test/ptolemy/domains/ptinyos/lib/MicaLeds.xml (No such file or directory)
 in file:/home/travis/build/icyphy/ptII/ptolemy/actor/ptalon/demo/ptinyos/SendAndReceiveCnt/CntToLedsAndRfm.xml at line 132 and column 63
	at ptolemy.moml.MoMLParser.fileNameToURL(MoMLParser.java:1414)
	at ptolemy.moml.MoMLParser._findOrParse(MoMLParser.java:5283)
	at ptolemy.moml.MoMLParser._attemptToFindMoMLClass(MoMLParser.java:4075)
	at ptolemy.moml.MoMLParser._createEntity(MoMLParser.java:4323)
	... 78 more
Caused by: ptolemy.actor.ptalon.PtalonRuntimeException: Unable to add actor null
	at ptolemy.actor.ptalon.PtalonEvaluator.addActor(PtalonEvaluator.java:300)
	at ptolemy.actor.ptalon.PtalonPopulator.actor_declaration(PtalonPopulator.java:1574)
	at ptolemy.actor.ptalon.PtalonPopulator.atomic_statement(PtalonPopulator.java:1638)
	at ptolemy.actor.ptalon.PtalonPopulator.iterative_statement_evaluator(PtalonPopulator.java:2484)
	at ptolemy.actor.ptalon.AbstractPtalonEvaluator$IfTree.evaluateForScope(AbstractPtalonEvaluator.java:1307)
	at ptolemy.actor.ptalon.AbstractPtalonEvaluator.evaluateForScope(AbstractPtalonEvaluator.java:744)
	at ptolemy.actor.ptalon.PtalonPopulator.iterative_statement(PtalonPopulator.java:2363)
	at ptolemy.actor.ptalon.PtalonPopulator.actor_definition(PtalonPopulator.java:2809)
	at ptolemy.actor.ptalon.PtalonActor.attributeChanged(PtalonActor.java:206)
	at ptolemy.actor.ptalon.PtalonMLHandler.startElement(PtalonMLHandler.java:134)
	at com.microstar.xml.XmlParser.parseElement(XmlParser.java:921)
	at com.microstar.xml.XmlParser.parseContent(XmlParser.java:1104)
	at com.microstar.xml.XmlParser.parseElement(XmlParser.java:924)
	at com.microstar.xml.XmlParser.parseDocument(XmlParser.java:481)
	at com.microstar.xml.XmlParser.doParse(XmlParser.java:159)
	at com.microstar.xml.XmlParser.parse(XmlParser.java:132)
	at ptolemy.actor.ptalon.PtalonActor.configure(PtalonActor.java:240)
	at ptolemy.moml.MoMLParser.endElement(MoMLParser.java:996)
	at com.microstar.xml.XmlParser.parseETag(XmlParser.java:1026)
	at com.microstar.xml.XmlParser.parseContent(XmlParser.java:1098)
	at com.microstar.xml.XmlParser.parseElement(XmlParser.java:924)
	at com.microstar.xml.XmlParser.parseContent(XmlParser.java:1104)
	at com.microstar.xml.XmlParser.parseElement(XmlParser.java:924)
	at com.microstar.xml.XmlParser.parseContent(XmlParser.java:1104)
	at com.microstar.xml.XmlParser.parseElement(XmlParser.java:924)
	at com.microstar.xml.XmlParser.parseDocument(XmlParser.java:481)
	at com.microstar.xml.XmlParser.doParse(XmlParser.java:159)
	at com.microstar.xml.XmlParser.parse(XmlParser.java:132)
	at ptolemy.moml.MoMLParser.parse(MoMLParser.java:1676)
	at ptolemy.moml.MoMLParser.parse(MoMLParser.java:1595)
	at ptolemy.moml.MoMLParser.parse(MoMLParser.java:1537)
	at ptolemy.actor.gui.PtolemyEffigy$Factory.createEffigy(PtolemyEffigy.java:424)
	at ptolemy.actor.gui.EffigyFactory.createEffigy(EffigyFactory.java:234)
	at ptolemy.actor.gui.Configuration.openModel(Configuration.java:1125)
	at ptolemy.actor.gui.Configuration.openModel(Configuration.java:1051)
	at ptolemy.actor.gui.ConfigurationApplication._openModel(ConfigurationApplication.java:1252)
	at ptolemy.actor.gui.ConfigurationApplication._parseArg(ConfigurationApplication.java:1399)
	at ptolemy.actor.gui.ConfigurationApplication._parseArgs(ConfigurationApplication.java:1478)
	at ptolemy.actor.gui.ConfigurationApplication.<init>(ConfigurationApplication.java:277)
	at ptolemy.actor.gui.ConfigurationApplication.<init>(ConfigurationApplication.java:214)
	at ptolemy.actor.gui.ConfigurationApplication.<init>(ConfigurationApplication.java:201)
	at ptolemy.actor.gui.ConfigurationApplication.openModelOrEntity(ConfigurationApplication.java:680)
	at ptolemy.vergil.basic.export.ExportModel$1.run(ExportModel.java:220)
	at java.awt.event.InvocationEvent.dispatch(InvocationEvent.java:301)
	at java.awt.EventQueue.dispatchEventImpl(EventQueue.java:756)
	at java.awt.EventQueue.access$500(EventQueue.java:97)
	at java.awt.EventQueue$3.run(EventQueue.java:709)
	at java.awt.EventQueue$3.run(EventQueue.java:703)
	at java.security.AccessController.doPrivileged(Native Method)
	at java.security.ProtectionDomain$JavaSecurityAccessImpl.doIntersectionPrivilege(ProtectionDomain.java:80)
	at java.awt.EventQueue.dispatchEvent(EventQueue.java:726)
	at java.awt.EventDispatchThread.pumpOneEventForFilters(EventDispatchThread.java:201)
	at java.awt.EventDispatchThread.pumpEventsForFilter(EventDispatchThread.java:116)
	at java.awt.EventDispatchThread.pumpEventsForHierarchy(EventDispatchThread.java:105)
	at java.awt.EventDispatchThread.pumpEvents(EventDispatchThread.java:101)
	at java.awt.EventDispatchThread.pumpEvents(EventDispatchThread.java:93)
	at java.awt.EventDispatchThread.run(EventDispatchThread.java:82)
Caused by: ptolemy.kernel.util.InternalErrorException: Element <entity name="sender1" class="ptolemy.actor.ptalon.demo.ptinyos.SendAndReceiveCnt.CntToLedsAndRfm"> caused an exception to be thrown.
  in .SendAndReceiveCnt.SendAndReceiveCnt
Because:
Cannot find class: ptolemy.actor.ptalon.demo.ptinyos.SendAndReceiveCnt.CntToLedsAndRfm. In Ptolemy, classes are typically Java .class files. Entities like actors may instead be defined within a .xml file.  In any case, the class was not found. If the class uses a third party package, then the class would be present only if the third party package was found at compile time.  It may be necessary to upgrade Java or install the third party package, reconfigure and recompile.
Because:
Element <entity name="MicaLeds" class="ptolemy.domains.ptinyos.lib.MicaLeds"> caused an exception to be thrown.
  in .CntToLedsAndRfm
Because:
Cannot find class: ptolemy.domains.ptinyos.lib.MicaLeds. In Ptolemy, classes are typically Java .class files. Entities like actors may instead be defined within a .xml file.  In any case, the class was not found. If the class uses a third party package, then the class would be present only if the third party package was found at compile time.  It may be necessary to upgrade Java or install the third party package, reconfigure and recompile.
Because:
-- /home/travis/build/icyphy/ptII/ptolemy/actor/ptalon/demo/ptinyos/SendAndReceiveCnt/ptolemy/domains/ptinyos/lib/MicaLeds.xml (No such file or directory)
-- XML file not found relative to classpath.
-- /home/travis/build/icyphy/ptII/ptolemy/vergil/basic/export/test/ptolemy/domains/ptinyos/lib/MicaLeds.xml
/home/travis/build/icyphy/ptII/ptolemy/vergil/basic/export/test/ptolemy/domains/ptinyos/lib/MicaLeds.xml (No such file or directory)
 in file:/home/travis/build/icyphy/ptII/ptolemy/actor/ptalon/demo/ptinyos/SendAndReceiveCnt/CntToLedsAndRfm.xml at line 132 and column 63
	at ptolemy.moml.SimpleErrorHandler.handleError(SimpleErrorHandler.java:75)
	at ptolemy.moml.MoMLParser.startElement(MoMLParser.java:3805)
	at com.microstar.xml.XmlParser.parseElement(XmlParser.java:931)
	at com.microstar.xml.XmlParser.parseDocument(XmlParser.java:481)
	at com.microstar.xml.XmlParser.doParse(XmlParser.java:159)
	at com.microstar.xml.XmlParser.parse(XmlParser.java:132)
	at ptolemy.moml.MoMLParser.parse(MoMLParser.java:1660)
	at ptolemy.moml.MoMLParser.parse(MoMLParser.java:1617)
	at ptolemy.moml.MoMLParser.parse(MoMLParser.java:1792)
	at ptolemy.actor.ptalon.PtalonEvaluator.addActor(PtalonEvaluator.java:241)
	... 56 more
Caused by: ptolemy.kernel.util.IllegalActionException: Cannot find class: ptolemy.actor.ptalon.demo.ptinyos.SendAndReceiveCnt.CntToLedsAndRfm. In Ptolemy, classes are typically Java .class files. Entities like actors may instead be defined within a .xml file.  In any case, the class was not found. If the class uses a third party package, then the class would be present only if the third party package was found at compile time.  It may be necessary to upgrade Java or install the third party package, reconfigure and recompile.
Because:
Element <entity name="MicaLeds" class="ptolemy.domains.ptinyos.lib.MicaLeds"> caused an exception to be thrown.
  in .CntToLedsAndRfm
Because:
Cannot find class: ptolemy.domains.ptinyos.lib.MicaLeds. In Ptolemy, classes are typically Java .class files. Entities like actors may instead be defined within a .xml file.  In any case, the class was not found. If the class uses a third party package, then the class would be present only if the third party package was found at compile time.  It may be necessary to upgrade Java or install the third party package, reconfigure and recompile.
Because:
-- /home/travis/build/icyphy/ptII/ptolemy/actor/ptalon/demo/ptinyos/SendAndReceiveCnt/ptolemy/domains/ptinyos/lib/MicaLeds.xml (No such file or directory)
-- XML file not found relative to classpath.
-- /home/travis/build/icyphy/ptII/ptolemy/vergil/basic/export/test/ptolemy/domains/ptinyos/lib/MicaLeds.xml
/home/travis/build/icyphy/ptII/ptolemy/vergil/basic/export/test/ptolemy/domains/ptinyos/lib/MicaLeds.xml (No such file or directory)
 in file:/home/travis/build/icyphy/ptII/ptolemy/actor/ptalon/demo/ptinyos/SendAndReceiveCnt/CntToLedsAndRfm.xml at line 132 and column 63
	at ptolemy.moml.MoMLParser._createEntity(MoMLParser.java:4330)
	at ptolemy.moml.MoMLParser.startElement(MoMLParser.java:2864)
	... 64 more
Caused by: ptolemy.kernel.util.InternalErrorException: Element <entity name="MicaLeds" class="ptolemy.domains.ptinyos.lib.MicaLeds"> caused an exception to be thrown.
  in .CntToLedsAndRfm
Because:
Cannot find class: ptolemy.domains.ptinyos.lib.MicaLeds. In Ptolemy, classes are typically Java .class files. Entities like actors may instead be defined within a .xml file.  In any case, the class was not found. If the class uses a third party package, then the class would be present only if the third party package was found at compile time.  It may be necessary to upgrade Java or install the third party package, reconfigure and recompile.
Because:
-- /home/travis/build/icyphy/ptII/ptolemy/actor/ptalon/demo/ptinyos/SendAndReceiveCnt/ptolemy/domains/ptinyos/lib/MicaLeds.xml (No such file or directory)
-- XML file not found relative to classpath.
-- /home/travis/build/icyphy/ptII/ptolemy/vergil/basic/export/test/ptolemy/domains/ptinyos/lib/MicaLeds.xml
/home/travis/build/icyphy/ptII/ptolemy/vergil/basic/export/test/ptolemy/domains/ptinyos/lib/MicaLeds.xml (No such file or directory)
 in file:/home/travis/build/icyphy/ptII/ptolemy/actor/ptalon/demo/ptinyos/SendAndReceiveCnt/CntToLedsAndRfm.xml at line 132 and column 63
	at ptolemy.moml.SimpleErrorHandler.handleError(SimpleErrorHandler.java:75)
	at ptolemy.moml.MoMLParser.startElement(MoMLParser.java:3805)
	at com.microstar.xml.XmlParser.parseElement(XmlParser.java:921)
	at com.microstar.xml.XmlParser.parseContent(XmlParser.java:1104)
	at com.microstar.xml.XmlParser.parseElement(XmlParser.java:924)
	at com.microstar.xml.XmlParser.parseDocument(XmlParser.java:481)
	at com.microstar.xml.XmlParser.doParse(XmlParser.java:159)
	at com.microstar.xml.XmlParser.parse(XmlParser.java:132)
	at ptolemy.moml.MoMLParser.parse(MoMLParser.java:1676)
	at ptolemy.moml.MoMLParser.parse(MoMLParser.java:1595)
	at ptolemy.moml.MoMLParser.parse(MoMLParser.java:1537)
	at ptolemy.moml.MoMLParser._findOrParse(MoMLParser.java:5286)
	at ptolemy.moml.MoMLParser._attemptToFindMoMLClass(MoMLParser.java:4075)
	at ptolemy.moml.MoMLParser._createEntity(MoMLParser.java:4323)
	... 65 more
Caused by: ptolemy.kernel.util.IllegalActionException: Cannot find class: ptolemy.domains.ptinyos.lib.MicaLeds. In Ptolemy, classes are typically Java .class files. Entities like actors may instead be defined within a .xml file.  In any case, the class was not found. If the class uses a third party package, then the class would be present only if the third party package was found at compile time.  It may be necessary to upgrade Java or install the third party package, reconfigure and recompile.
Because:
-- /home/travis/build/icyphy/ptII/ptolemy/actor/ptalon/demo/ptinyos/SendAndReceiveCnt/ptolemy/domains/ptinyos/lib/MicaLeds.xml (No such file or directory)
-- XML file not found relative to classpath.
-- /home/travis/build/icyphy/ptII/ptolemy/vergil/basic/export/test/ptolemy/domains/ptinyos/lib/MicaLeds.xml
/home/travis/build/icyphy/ptII/ptolemy/vergil/basic/export/test/ptolemy/domains/ptinyos/lib/MicaLeds.xml (No such file or directory)
 in file:/home/travis/build/icyphy/ptII/ptolemy/actor/ptalon/demo/ptinyos/SendAndReceiveCnt/CntToLedsAndRfm.xml at line 132 and column 63
	at ptolemy.moml.MoMLParser._createEntity(MoMLParser.java:4330)
	at ptolemy.moml.MoMLParser.startElement(MoMLParser.java:2864)
	... 77 more
Caused by: com.microstar.xml.XmlException: -- /home/travis/build/icyphy/ptII/ptolemy/actor/ptalon/demo/ptinyos/SendAndReceiveCnt/ptolemy/domains/ptinyos/lib/MicaLeds.xml (No such file or directory)
-- XML file not found relative to classpath.
-- /home/travis/build/icyphy/ptII/ptolemy/vergil/basic/export/test/ptolemy/domains/ptinyos/lib/MicaLeds.xml
/home/travis/build/icyphy/ptII/ptolemy/vergil/basic/export/test/ptolemy/domains/ptinyos/lib/MicaLeds.xml (No such file or directory)
 in file:/home/travis/build/icyphy/ptII/ptolemy/actor/ptalon/demo/ptinyos/SendAndReceiveCnt/CntToLedsAndRfm.xml at line 132 and column 63
	at ptolemy.moml.MoMLParser.fileNameToURL(MoMLParser.java:1414)
	at ptolemy.moml.MoMLParser._findOrParse(MoMLParser.java:5283)
	at ptolemy.moml.MoMLParser._attemptToFindMoMLClass(MoMLParser.java:4075)
	at ptolemy.moml.MoMLParser._createEntity(MoMLParser.java:4323)
	... 78 more
Failed to read file:/home/travis/build/icyphy/ptII/ptolemy/actor/ptalon/demo/ptinyos/SendAndReceiveCnt/SendAndReceiveCnt.xml
ptolemy.kernel.util.IllegalActionException: Failed to process attribute change to PtalonParameter, whose value is "ptolemy.actor.ptalon.PtalonExpressionParameter {.SendAndReceiveCnt.SendAndReceiveCnt.channelName} "AtomicWirelessChannel"".
  in .SendAndReceiveCnt.SendAndReceiveCnt
Because:
Unable to add actor null
	at ptolemy.actor.ptalon.PtalonActor.attributeChanged(PtalonActor.java:211)
	at ptolemy.actor.ptalon.PtalonMLHandler.startElement(PtalonMLHandler.java:134)
	at com.microstar.xml.XmlParser.parseElement(XmlParser.java:921)
	at com.microstar.xml.XmlParser.parseContent(XmlParser.java:1104)
	at com.microstar.xml.XmlParser.parseElement(XmlParser.java:924)
	at com.microstar.xml.XmlParser.parseDocument(XmlParser.java:481)
	at com.microstar.xml.XmlParser.doParse(XmlParser.java:159)
	at com.microstar.xml.XmlParser.parse(XmlParser.java:132)
	at ptolemy.actor.ptalon.PtalonActor.configure(PtalonActor.java:240)
	at ptolemy.moml.MoMLParser.endElement(MoMLParser.java:996)
	at com.microstar.xml.XmlParser.parseETag(XmlParser.java:1026)
	at com.microstar.xml.XmlParser.parseContent(XmlParser.java:1098)
	at com.microstar.xml.XmlParser.parseElement(XmlParser.java:924)
	at com.microstar.xml.XmlParser.parseContent(XmlParser.java:1104)
	at com.microstar.xml.XmlParser.parseElement(XmlParser.java:924)
	at com.microstar.xml.XmlParser.parseContent(XmlParser.java:1104)
	at com.microstar.xml.XmlParser.parseElement(XmlParser.java:924)
	at com.microstar.xml.XmlParser.parseDocument(XmlParser.java:481)
	at com.microstar.xml.XmlParser.doParse(XmlParser.java:159)
	at com.microstar.xml.XmlParser.parse(XmlParser.java:132)
	at ptolemy.moml.MoMLParser.parse(MoMLParser.java:1676)
	at ptolemy.moml.MoMLParser.parse(MoMLParser.java:1595)
	at ptolemy.moml.MoMLParser.parse(MoMLParser.java:1537)
	at ptolemy.actor.gui.PtolemyEffigy$Factory.createEffigy(PtolemyEffigy.java:424)
	at ptolemy.actor.gui.EffigyFactory.createEffigy(EffigyFactory.java:234)
	at ptolemy.actor.gui.Configuration.openModel(Configuration.java:1125)
	at ptolemy.actor.gui.Configuration.openModel(Configuration.java:1051)
	at ptolemy.actor.gui.ConfigurationApplication._openModel(ConfigurationApplication.java:1252)
	at ptolemy.actor.gui.ConfigurationApplication._parseArg(ConfigurationApplication.java:1399)
	at ptolemy.actor.gui.ConfigurationApplication._parseArgs(ConfigurationApplication.java:1478)
	at ptolemy.actor.gui.ConfigurationApplication.<init>(ConfigurationApplication.java:277)
	at ptolemy.actor.gui.ConfigurationApplication.<init>(ConfigurationApplication.java:214)
	at ptolemy.actor.gui.ConfigurationApplication.<init>(ConfigurationApplication.java:201)
	at ptolemy.actor.gui.ConfigurationApplication.openModelOrEntity(ConfigurationApplication.java:680)
	at ptolemy.vergil.basic.export.ExportModel$1.run(ExportModel.java:220)
	at java.awt.event.InvocationEvent.dispatch(InvocationEvent.java:301)
	at java.awt.EventQueue.dispatchEventImpl(EventQueue.java:756)
	at java.awt.EventQueue.access$500(EventQueue.java:97)
	at java.awt.EventQueue$3.run(EventQueue.java:709)
	at java.awt.EventQueue$3.run(EventQueue.java:703)
	at java.security.AccessController.doPrivileged(Native Method)
	at java.security.ProtectionDomain$JavaSecurityAccessImpl.doIntersectionPrivilege(ProtectionDomain.java:80)
	at java.awt.EventQueue.dispatchEvent(EventQueue.java:726)
	at java.awt.EventDispatchThread.pumpOneEventForFilters(EventDispatchThread.java:201)
	at java.awt.EventDispatchThread.pumpEventsForFilter(EventDispatchThread.java:116)
	at java.awt.EventDispatchThread.pumpEventsForHierarchy(EventDispatchThread.java:105)
	at java.awt.EventDispatchThread.pumpEvents(EventDispatchThread.java:101)
	at java.awt.EventDispatchThread.pumpEvents(EventDispatchThread.java:93)
	at java.awt.EventDispatchThread.run(EventDispatchThread.java:82)
Caused by: ptolemy.actor.ptalon.PtalonRuntimeException: Unable to add actor null
	at ptolemy.actor.ptalon.PtalonEvaluator.addActor(PtalonEvaluator.java:300)
	at ptolemy.actor.ptalon.PtalonPopulator.actor_declaration(PtalonPopulator.java:1574)
	at ptolemy.actor.ptalon.PtalonPopulator.atomic_statement(PtalonPopulator.java:1638)
	at ptolemy.actor.ptalon.PtalonPopulator.iterative_statement_evaluator(PtalonPopulator.java:2484)
	at ptolemy.actor.ptalon.AbstractPtalonEvaluator$IfTree.evaluateForScope(AbstractPtalonEvaluator.java:1307)
	at ptolemy.actor.ptalon.AbstractPtalonEvaluator.evaluateForScope(AbstractPtalonEvaluator.java:744)
	at ptolemy.actor.ptalon.PtalonPopulator.iterative_statement(PtalonPopulator.java:2363)
	at ptolemy.actor.ptalon.PtalonPopulator.actor_definition(PtalonPopulator.java:2809)
	at ptolemy.actor.ptalon.PtalonActor.attributeChanged(PtalonActor.java:206)
	... 48 more
Caused by: ptolemy.kernel.util.InternalErrorException: Element <entity name="sender1" class="ptolemy.actor.ptalon.demo.ptinyos.SendAndReceiveCnt.CntToLedsAndRfm"> caused an exception to be thrown.
  in .SendAndReceiveCnt.SendAndReceiveCnt
Because:
Cannot find class: ptolemy.actor.ptalon.demo.ptinyos.SendAndReceiveCnt.CntToLedsAndRfm. In Ptolemy, classes are typically Java .class files. Entities like actors may instead be defined within a .xml file.  In any case, the class was not found. If the class uses a third party package, then the class would be present only if the third party package was found at compile time.  It may be necessary to upgrade Java or install the third party package, reconfigure and recompile.
Because:
Element <entity name="MicaLeds" class="ptolemy.domains.ptinyos.lib.MicaLeds"> caused an exception to be thrown.
  in .CntToLedsAndRfm
Because:
Cannot find class: ptolemy.domains.ptinyos.lib.MicaLeds. In Ptolemy, classes are typically Java .class files. Entities like actors may instead be defined within a .xml file.  In any case, the class was not found. If the class uses a third party package, then the class would be present only if the third party package was found at compile time.  It may be necessary to upgrade Java or install the third party package, reconfigure and recompile.
Because:
-- /home/travis/build/icyphy/ptII/ptolemy/actor/ptalon/demo/ptinyos/SendAndReceiveCnt/ptolemy/domains/ptinyos/lib/MicaLeds.xml (No such file or directory)
-- XML file not found relative to classpath.
-- /home/travis/build/icyphy/ptII/ptolemy/vergil/basic/export/test/ptolemy/domains/ptinyos/lib/MicaLeds.xml
/home/travis/build/icyphy/ptII/ptolemy/vergil/basic/export/test/ptolemy/domains/ptinyos/lib/MicaLeds.xml (No such file or directory)
 in file:/home/travis/build/icyphy/ptII/ptolemy/actor/ptalon/demo/ptinyos/SendAndReceiveCnt/CntToLedsAndRfm.xml at line 132 and column 63
	at ptolemy.moml.SimpleErrorHandler.handleError(SimpleErrorHandler.java:75)
	at ptolemy.moml.MoMLParser.startElement(MoMLParser.java:3805)
	at com.microstar.xml.XmlParser.parseElement(XmlParser.java:931)
	at com.microstar.xml.XmlParser.parseDocument(XmlParser.java:481)
	at com.microstar.xml.XmlParser.doParse(XmlParser.java:159)
	at com.microstar.xml.XmlParser.parse(XmlParser.java:132)
	at ptolemy.moml.MoMLParser.parse(MoMLParser.java:1660)
	at ptolemy.moml.MoMLParser.parse(MoMLParser.java:1617)
	at ptolemy.moml.MoMLParser.parse(MoMLParser.java:1792)
	at ptolemy.actor.ptalon.PtalonEvaluator.addActor(PtalonEvaluator.java:241)
	... 56 more
Caused by: ptolemy.kernel.util.IllegalActionException: Cannot find class: ptolemy.actor.ptalon.demo.ptinyos.SendAndReceiveCnt.CntToLedsAndRfm. In Ptolemy, classes are typically Java .class files. Entities like actors may instead be defined within a .xml file.  In any case, the class was not found. If the class uses a third party package, then the class would be present only if the third party package was found at compile time.  It may be necessary to upgrade Java or install the third party package, reconfigure and recompile.
Because:
Element <entity name="MicaLeds" class="ptolemy.domains.ptinyos.lib.MicaLeds"> caused an exception to be thrown.
  in .CntToLedsAndRfm
Because:
Cannot find class: ptolemy.domains.ptinyos.lib.MicaLeds. In Ptolemy, classes are typically Java .class files. Entities like actors may instead be defined within a .xml file.  In any case, the class was not found. If the class uses a third party package, then the class would be present only if the third party package was found at compile time.  It may be necessary to upgrade Java or install the third party package, reconfigure and recompile.
Because:
-- /home/travis/build/icyphy/ptII/ptolemy/actor/ptalon/demo/ptinyos/SendAndReceiveCnt/ptolemy/domains/ptinyos/lib/MicaLeds.xml (No such file or directory)
-- XML file not found relative to classpath.
-- /home/travis/build/icyphy/ptII/ptolemy/vergil/basic/export/test/ptolemy/domains/ptinyos/lib/MicaLeds.xml
/home/travis/build/icyphy/ptII/ptolemy/vergil/basic/export/test/ptolemy/domains/ptinyos/lib/MicaLeds.xml (No such file or directory)
 in file:/home/travis/build/icyphy/ptII/ptolemy/actor/ptalon/demo/ptinyos/SendAndReceiveCnt/CntToLedsAndRfm.xml at line 132 and column 63
	at ptolemy.moml.MoMLParser._createEntity(MoMLParser.java:4330)
	at ptolemy.moml.MoMLParser.startElement(MoMLParser.java:2864)
	... 64 more
Caused by: ptolemy.kernel.util.InternalErrorException: Element <entity name="MicaLeds" class="ptolemy.domains.ptinyos.lib.MicaLeds"> caused an exception to be thrown.
  in .CntToLedsAndRfm
Because:
Cannot find class: ptolemy.domains.ptinyos.lib.MicaLeds. In Ptolemy, classes are typically Java .class files. Entities like actors may instead be defined within a .xml file.  In any case, the class was not found. If the class uses a third party package, then the class would be present only if the third party package was found at compile time.  It may be necessary to upgrade Java or install the third party package, reconfigure and recompile.
Because:
-- /home/travis/build/icyphy/ptII/ptolemy/actor/ptalon/demo/ptinyos/SendAndReceiveCnt/ptolemy/domains/ptinyos/lib/MicaLeds.xml (No such file or directory)
-- XML file not found relative to classpath.
-- /home/travis/build/icyphy/ptII/ptolemy/vergil/basic/export/test/ptolemy/domains/ptinyos/lib/MicaLeds.xml
/home/travis/build/icyphy/ptII/ptolemy/vergil/basic/export/test/ptolemy/domains/ptinyos/lib/MicaLeds.xml (No such file or directory)
 in file:/home/travis/build/icyphy/ptII/ptolemy/actor/ptalon/demo/ptinyos/SendAndReceiveCnt/CntToLedsAndRfm.xml at line 132 and column 63
	at ptolemy.moml.SimpleErrorHandler.handleError(SimpleErrorHandler.java:75)
	at ptolemy.moml.MoMLParser.startElement(MoMLParser.java:3805)
	at com.microstar.xml.XmlParser.parseElement(XmlParser.java:921)
	at com.microstar.xml.XmlParser.parseContent(XmlParser.java:1104)
	at com.microstar.xml.XmlParser.parseElement(XmlParser.java:924)
	at com.microstar.xml.XmlParser.parseDocument(XmlParser.java:481)
	at com.microstar.xml.XmlParser.doParse(XmlParser.java:159)
	at com.microstar.xml.XmlParser.parse(XmlParser.java:132)
	at ptolemy.moml.MoMLParser.parse(MoMLParser.java:1676)
	at ptolemy.moml.MoMLParser.parse(MoMLParser.java:1595)
	at ptolemy.moml.MoMLParser.parse(MoMLParser.java:1537)
	at ptolemy.moml.MoMLParser._findOrParse(MoMLParser.java:5286)
	at ptolemy.moml.MoMLParser._attemptToFindMoMLClass(MoMLParser.java:4075)
	at ptolemy.moml.MoMLParser._createEntity(MoMLParser.java:4323)
	... 65 more
Caused by: ptolemy.kernel.util.IllegalActionException: Cannot find class: ptolemy.domains.ptinyos.lib.MicaLeds. In Ptolemy, classes are typically Java .class files. Entities like actors may instead be defined within a .xml file.  In any case, the class was not found. If the class uses a third party package, then the class would be present only if the third party package was found at compile time.  It may be necessary to upgrade Java or install the third party package, reconfigure and recompile.
Because:
-- /home/travis/build/icyphy/ptII/ptolemy/actor/ptalon/demo/ptinyos/SendAndReceiveCnt/ptolemy/domains/ptinyos/lib/MicaLeds.xml (No such file or directory)
-- XML file not found relative to classpath.
-- /home/travis/build/icyphy/ptII/ptolemy/vergil/basic/export/test/ptolemy/domains/ptinyos/lib/MicaLeds.xml
/home/travis/build/icyphy/ptII/ptolemy/vergil/basic/export/test/ptolemy/domains/ptinyos/lib/MicaLeds.xml (No such file or directory)
 in file:/home/travis/build/icyphy/ptII/ptolemy/actor/ptalon/demo/ptinyos/SendAndReceiveCnt/CntToLedsAndRfm.xml at line 132 and column 63
	at ptolemy.moml.MoMLParser._createEntity(MoMLParser.java:4330)
	at ptolemy.moml.MoMLParser.startElement(MoMLParser.java:2864)
	... 77 more
Caused by: com.microstar.xml.XmlException: -- /home/travis/build/icyphy/ptII/ptolemy/actor/ptalon/demo/ptinyos/SendAndReceiveCnt/ptolemy/domains/ptinyos/lib/MicaLeds.xml (No such file or directory)
-- XML file not found relative to classpath.
-- /home/travis/build/icyphy/ptII/ptolemy/vergil/basic/export/test/ptolemy/domains/ptinyos/lib/MicaLeds.xml
/home/travis/build/icyphy/ptII/ptolemy/vergil/basic/export/test/ptolemy/domains/ptinyos/lib/MicaLeds.xml (No such file or directory)
 in file:/home/travis/build/icyphy/ptII/ptolemy/actor/ptalon/demo/ptinyos/SendAndReceiveCnt/CntToLedsAndRfm.xml at line 132 and column 63
	at ptolemy.moml.MoMLParser.fileNameToURL(MoMLParser.java:1414)
	at ptolemy.moml.MoMLParser._findOrParse(MoMLParser.java:5283)
	at ptolemy.moml.MoMLParser._attemptToFindMoMLClass(MoMLParser.java:4075)
	at ptolemy.moml.MoMLParser._createEntity(MoMLParser.java:4323)
	... 78 more
Caused by: ptolemy.actor.ptalon.PtalonRuntimeException: Unable to add actor null
	at ptolemy.actor.ptalon.PtalonEvaluator.addActor(PtalonEvaluator.java:300)
	at ptolemy.actor.ptalon.PtalonPopulator.actor_declaration(PtalonPopulator.java:1574)
	at ptolemy.actor.ptalon.PtalonPopulator.atomic_statement(PtalonPopulator.java:1638)
	at ptolemy.actor.ptalon.PtalonPopulator.iterative_statement_evaluator(PtalonPopulator.java:2484)
	at ptolemy.actor.ptalon.AbstractPtalonEvaluator$IfTree.evaluateForScope(AbstractPtalonEvaluator.java:1307)
	at ptolemy.actor.ptalon.AbstractPtalonEvaluator.evaluateForScope(AbstractPtalonEvaluator.java:744)
	at ptolemy.actor.ptalon.PtalonPopulator.iterative_statement(PtalonPopulator.java:2363)
	at ptolemy.actor.ptalon.PtalonPopulator.actor_definition(PtalonPopulator.java:2809)
	at ptolemy.actor.ptalon.PtalonActor.attributeChanged(PtalonActor.java:206)
	at ptolemy.actor.ptalon.PtalonMLHandler.startElement(PtalonMLHandler.java:134)
	at com.microstar.xml.XmlParser.parseElement(XmlParser.java:921)
	at com.microstar.xml.XmlParser.parseContent(XmlParser.java:1104)
	at com.microstar.xml.XmlParser.parseElement(XmlParser.java:924)
	at com.microstar.xml.XmlParser.parseDocument(XmlParser.java:481)
	at com.microstar.xml.XmlParser.doParse(XmlParser.java:159)
	at com.microstar.xml.XmlParser.parse(XmlParser.java:132)
	at ptolemy.actor.ptalon.PtalonActor.configure(PtalonActor.java:240)
	at ptolemy.moml.MoMLParser.endElement(MoMLParser.java:996)
	at com.microstar.xml.XmlParser.parseETag(XmlParser.java:1026)
	at com.microstar.xml.XmlParser.parseContent(XmlParser.java:1098)
	at com.microstar.xml.XmlParser.parseElement(XmlParser.java:924)
	at com.microstar.xml.XmlParser.parseContent(XmlParser.java:1104)
	at com.microstar.xml.XmlParser.parseElement(XmlParser.java:924)
	at com.microstar.xml.XmlParser.parseContent(XmlParser.java:1104)
	at com.microstar.xml.XmlParser.parseElement(XmlParser.java:924)
	at com.microstar.xml.XmlParser.parseDocument(XmlParser.java:481)
	at com.microstar.xml.XmlParser.doParse(XmlParser.java:159)
	at com.microstar.xml.XmlParser.parse(XmlParser.java:132)
	at ptolemy.moml.MoMLParser.parse(MoMLParser.java:1676)
	at ptolemy.moml.MoMLParser.parse(MoMLParser.java:1595)
	at ptolemy.moml.MoMLParser.parse(MoMLParser.java:1537)
	at ptolemy.actor.gui.PtolemyEffigy$Factory.createEffigy(PtolemyEffigy.java:424)
	at ptolemy.actor.gui.EffigyFactory.createEffigy(EffigyFactory.java:234)
	at ptolemy.actor.gui.Configuration.openModel(Configuration.java:1125)
	at ptolemy.actor.gui.Configuration.openModel(Configuration.java:1051)
	at ptolemy.actor.gui.ConfigurationApplication._openModel(ConfigurationApplication.java:1252)
	at ptolemy.actor.gui.ConfigurationApplication._parseArg(ConfigurationApplication.java:1399)
	at ptolemy.actor.gui.ConfigurationApplication._parseArgs(ConfigurationApplication.java:1478)
	at ptolemy.actor.gui.ConfigurationApplication.<init>(ConfigurationApplication.java:277)
	at ptolemy.actor.gui.ConfigurationApplication.<init>(ConfigurationApplication.java:214)
	at ptolemy.actor.gui.ConfigurationApplication.<init>(ConfigurationApplication.java:201)
	at ptolemy.actor.gui.ConfigurationApplication.openModelOrEntity(ConfigurationApplication.java:680)
	at ptolemy.vergil.basic.export.ExportModel$1.run(ExportModel.java:220)
	at java.awt.event.InvocationEvent.dispatch(InvocationEvent.java:301)
	at java.awt.EventQueue.dispatchEventImpl(EventQueue.java:756)
	at java.awt.EventQueue.access$500(EventQueue.java:97)
	at java.awt.EventQueue$3.run(EventQueue.java:709)
	at java.awt.EventQueue$3.run(EventQueue.java:703)
	at java.security.AccessController.doPrivileged(Native Method)
	at java.security.ProtectionDomain$JavaSecurityAccessImpl.doIntersectionPrivilege(ProtectionDomain.java:80)
	at java.awt.EventQueue.dispatchEvent(EventQueue.java:726)
	at java.awt.EventDispatchThread.pumpOneEventForFilters(EventDispatchThread.java:201)
	at java.awt.EventDispatchThread.pumpEventsForFilter(EventDispatchThread.java:116)
	at java.awt.EventDispatchThread.pumpEventsForHierarchy(EventDispatchThread.java:105)
	at java.awt.EventDispatchThread.pumpEvents(EventDispatchThread.java:101)
	at java.awt.EventDispatchThread.pumpEvents(EventDispatchThread.java:93)
	at java.awt.EventDispatchThread.run(EventDispatchThread.java:82)
Caused by: ptolemy.kernel.util.InternalErrorException: Element <entity name="sender1" class="ptolemy.actor.ptalon.demo.ptinyos.SendAndReceiveCnt.CntToLedsAndRfm"> caused an exception to be thrown.
  in .SendAndReceiveCnt.SendAndReceiveCnt
Because:
Cannot find class: ptolemy.actor.ptalon.demo.ptinyos.SendAndReceiveCnt.CntToLedsAndRfm. In Ptolemy, classes are typically Java .class files. Entities like actors may instead be defined within a .xml file.  In any case, the class was not found. If the class uses a third party package, then the class would be present only if the third party package was found at compile time.  It may be necessary to upgrade Java or install the third party package, reconfigure and recompile.
Because:
Element <entity name="MicaLeds" class="ptolemy.domains.ptinyos.lib.MicaLeds"> caused an exception to be thrown.
  in .CntToLedsAndRfm
Because:
Cannot find class: ptolemy.domains.ptinyos.lib.MicaLeds. In Ptolemy, classes are typically Java .class files. Entities like actors may instead be defined within a .xml file.  In any case, the class was not found. If the class uses a third party package, then the class would be present only if the third party package was found at compile time.  It may be necessary to upgrade Java or install the third party package, reconfigure and recompile.
Because:
-- /home/travis/build/icyphy/ptII/ptolemy/actor/ptalon/demo/ptinyos/SendAndReceiveCnt/ptolemy/domains/ptinyos/lib/MicaLeds.xml (No such file or directory)
-- XML file not found relative to classpath.
-- /home/travis/build/icyphy/ptII/ptolemy/vergil/basic/export/test/ptolemy/domains/ptinyos/lib/MicaLeds.xml
/home/travis/build/icyphy/ptII/ptolemy/vergil/basic/export/test/ptolemy/domains/ptinyos/lib/MicaLeds.xml (No such file or directory)
 in file:/home/travis/build/icyphy/ptII/ptolemy/actor/ptalon/demo/ptinyos/SendAndReceiveCnt/CntToLedsAndRfm.xml at line 132 and column 63
	at ptolemy.moml.SimpleErrorHandler.handleError(SimpleErrorHandler.java:75)
	at ptolemy.moml.MoMLParser.startElement(MoMLParser.java:3805)
	at com.microstar.xml.XmlParser.parseElement(XmlParser.java:931)
	at com.microstar.xml.XmlParser.parseDocument(XmlParser.java:481)
	at com.microstar.xml.XmlParser.doParse(XmlParser.java:159)
	at com.microstar.xml.XmlParser.parse(XmlParser.java:132)
	at ptolemy.moml.MoMLParser.parse(MoMLParser.java:1660)
	at ptolemy.moml.MoMLParser.parse(MoMLParser.java:1617)
	at ptolemy.moml.MoMLParser.parse(MoMLParser.java:1792)
	at ptolemy.actor.ptalon.PtalonEvaluator.addActor(PtalonEvaluator.java:241)
	... 56 more
Caused by: ptolemy.kernel.util.IllegalActionException: Cannot find class: ptolemy.actor.ptalon.demo.ptinyos.SendAndReceiveCnt.CntToLedsAndRfm. In Ptolemy, classes are typically Java .class files. Entities like actors may instead be defined within a .xml file.  In any case, the class was not found. If the class uses a third party package, then the class would be present only if the third party package was found at compile time.  It may be necessary to upgrade Java or install the third party package, reconfigure and recompile.
Because:
Element <entity name="MicaLeds" class="ptolemy.domains.ptinyos.lib.MicaLeds"> caused an exception to be thrown.
  in .CntToLedsAndRfm
Because:
Cannot find class: ptolemy.domains.ptinyos.lib.MicaLeds. In Ptolemy, classes are typically Java .class files. Entities like actors may instead be defined within a .xml file.  In any case, the class was not found. If the class uses a third party package, then the class would be present only if the third party package was found at compile time.  It may be necessary to upgrade Java or install the third party package, reconfigure and recompile.
Because:
-- /home/travis/build/icyphy/ptII/ptolemy/actor/ptalon/demo/ptinyos/SendAndReceiveCnt/ptolemy/domains/ptinyos/lib/MicaLeds.xml (No such file or directory)
-- XML file not found relative to classpath.
-- /home/travis/build/icyphy/ptII/ptolemy/vergil/basic/export/test/ptolemy/domains/ptinyos/lib/MicaLeds.xml
/home/travis/build/icyphy/ptII/ptolemy/vergil/basic/export/test/ptolemy/domains/ptinyos/lib/MicaLeds.xml (No such file or directory)
 in file:/home/travis/build/icyphy/ptII/ptolemy/actor/ptalon/demo/ptinyos/SendAndReceiveCnt/CntToLedsAndRfm.xml at line 132 and column 63
	at ptolemy.moml.MoMLParser._createEntity(MoMLParser.java:4330)
	at ptolemy.moml.MoMLParser.startElement(MoMLParser.java:2864)
	... 64 more
Caused by: ptolemy.kernel.util.InternalErrorException: Element <entity name="MicaLeds" class="ptolemy.domains.ptinyos.lib.MicaLeds"> caused an exception to be thrown.
  in .CntToLedsAndRfm
Because:
Cannot find class: ptolemy.domains.ptinyos.lib.MicaLeds. In Ptolemy, classes are typically Java .class files. Entities like actors may instead be defined within a .xml file.  In any case, the class was not found. If the class uses a third party package, then the class would be present only if the third party package was found at compile time.  It may be necessary to upgrade Java or install the third party package, reconfigure and recompile.
Because:
-- /home/travis/build/icyphy/ptII/ptolemy/actor/ptalon/demo/ptinyos/SendAndReceiveCnt/ptolemy/domains/ptinyos/lib/MicaLeds.xml (No such file or directory)
-- XML file not found relative to classpath.
-- /home/travis/build/icyphy/ptII/ptolemy/vergil/basic/export/test/ptolemy/domains/ptinyos/lib/MicaLeds.xml
/home/travis/build/icyphy/ptII/ptolemy/vergil/basic/export/test/ptolemy/domains/ptinyos/lib/MicaLeds.xml (No such file or directory)
 in file:/home/travis/build/icyphy/ptII/ptolemy/actor/ptalon/demo/ptinyos/SendAndReceiveCnt/CntToLedsAndRfm.xml at line 132 and column 63
	at ptolemy.moml.SimpleErrorHandler.handleError(SimpleErrorHandler.java:75)
	at ptolemy.moml.MoMLParser.startElement(MoMLParser.java:3805)
	at com.microstar.xml.XmlParser.parseElement(XmlParser.java:921)
	at com.microstar.xml.XmlParser.parseContent(XmlParser.java:1104)
	at com.microstar.xml.XmlParser.parseElement(XmlParser.java:924)
	at com.microstar.xml.XmlParser.parseDocument(XmlParser.java:481)
	at com.microstar.xml.XmlParser.doParse(XmlParser.java:159)
	at com.microstar.xml.XmlParser.parse(XmlParser.java:132)
	at ptolemy.moml.MoMLParser.parse(MoMLParser.java:1676)
	at ptolemy.moml.MoMLParser.parse(MoMLParser.java:1595)
	at ptolemy.moml.MoMLParser.parse(MoMLParser.java:1537)
	at ptolemy.moml.MoMLParser._findOrParse(MoMLParser.java:5286)
	at ptolemy.moml.MoMLParser._attemptToFindMoMLClass(MoMLParser.java:4075)
	at ptolemy.moml.MoMLParser._createEntity(MoMLParser.java:4323)
	... 65 more
Caused by: ptolemy.kernel.util.IllegalActionException: Cannot find class: ptolemy.domains.ptinyos.lib.MicaLeds. In Ptolemy, classes are typically Java .class files. Entities like actors may instead be defined within a .xml file.  In any case, the class was not found. If the class uses a third party package, then the class would be present only if the third party package was found at compile time.  It may be necessary to upgrade Java or install the third party package, reconfigure and recompile.
Because:
-- /home/travis/build/icyphy/ptII/ptolemy/actor/ptalon/demo/ptinyos/SendAndReceiveCnt/ptolemy/domains/ptinyos/lib/MicaLeds.xml (No such file or directory)
-- XML file not found relative to classpath.
-- /home/travis/build/icyphy/ptII/ptolemy/vergil/basic/export/test/ptolemy/domains/ptinyos/lib/MicaLeds.xml
/home/travis/build/icyphy/ptII/ptolemy/vergil/basic/export/test/ptolemy/domains/ptinyos/lib/MicaLeds.xml (No such file or directory)
 in file:/home/travis/build/icyphy/ptII/ptolemy/actor/ptalon/demo/ptinyos/SendAndReceiveCnt/CntToLedsAndRfm.xml at line 132 and column 63
	at ptolemy.moml.MoMLParser._createEntity(MoMLParser.java:4330)
	at ptolemy.moml.MoMLParser.startElement(MoMLParser.java:2864)
	... 77 more
Caused by: com.microstar.xml.XmlException: -- /home/travis/build/icyphy/ptII/ptolemy/actor/ptalon/demo/ptinyos/SendAndReceiveCnt/ptolemy/domains/ptinyos/lib/MicaLeds.xml (No such file or directory)
-- XML file not found relative to classpath.
-- /home/travis/build/icyphy/ptII/ptolemy/vergil/basic/export/test/ptolemy/domains/ptinyos/lib/MicaLeds.xml
/home/travis/build/icyphy/ptII/ptolemy/vergil/basic/export/test/ptolemy/domains/ptinyos/lib/MicaLeds.xml (No such file or directory)
 in file:/home/travis/build/icyphy/ptII/ptolemy/actor/ptalon/demo/ptinyos/SendAndReceiveCnt/CntToLedsAndRfm.xml at line 132 and column 63
	at ptolemy.moml.MoMLParser.fileNameToURL(MoMLParser.java:1414)
	at ptolemy.moml.MoMLParser._findOrParse(MoMLParser.java:5283)
	at ptolemy.moml.MoMLParser._attemptToFindMoMLClass(MoMLParser.java:4075)
	at ptolemy.moml.MoMLParser._createEntity(MoMLParser.java:4323)
	... 78 more
ptolemy.kernel.util.IllegalActionException: Failed to process attribute change to PtalonParameter, whose value is "ptolemy.actor.ptalon.PtalonExpressionParameter {.SendAndReceiveCnt.SendAndReceiveCnt.channelName} "AtomicWirelessChannel"".
  in .SendAndReceiveCnt.SendAndReceiveCnt
Because:
Unable to add actor null
	at ptolemy.actor.ptalon.PtalonActor.attributeChanged(PtalonActor.java:211)
	at ptolemy.actor.ptalon.PtalonMLHandler.startElement(PtalonMLHandler.java:134)
	at com.microstar.xml.XmlParser.parseElement(XmlParser.java:921)
	at com.microstar.xml.XmlParser.parseContent(XmlParser.java:1104)
	at com.microstar.xml.XmlParser.parseElement(XmlParser.java:924)
	at com.microstar.xml.XmlParser.parseDocument(XmlParser.java:481)
	at com.microstar.xml.XmlParser.doParse(XmlParser.java:159)
	at com.microstar.xml.XmlParser.parse(XmlParser.java:132)
	at ptolemy.actor.ptalon.PtalonActor.configure(PtalonActor.java:240)
	at ptolemy.moml.MoMLParser.endElement(MoMLParser.java:996)
	at com.microstar.xml.XmlParser.parseETag(XmlParser.java:1026)
	at com.microstar.xml.XmlParser.parseContent(XmlParser.java:1098)
	at com.microstar.xml.XmlParser.parseElement(XmlParser.java:924)
	at com.microstar.xml.XmlParser.parseContent(XmlParser.java:1104)
	at com.microstar.xml.XmlParser.parseElement(XmlParser.java:924)
	at com.microstar.xml.XmlParser.parseContent(XmlParser.java:1104)
	at com.microstar.xml.XmlParser.parseElement(XmlParser.java:924)
	at com.microstar.xml.XmlParser.parseDocument(XmlParser.java:481)
	at com.microstar.xml.XmlParser.doParse(XmlParser.java:159)
	at com.microstar.xml.XmlParser.parse(XmlParser.java:132)
	at ptolemy.moml.MoMLParser.parse(MoMLParser.java:1676)
	at ptolemy.moml.MoMLParser.parse(MoMLParser.java:1595)
	at ptolemy.moml.MoMLParser.parse(MoMLParser.java:1537)
	at ptolemy.actor.gui.PtolemyEffigy$Factory.createEffigy(PtolemyEffigy.java:424)
	at ptolemy.actor.gui.EffigyFactory.createEffigy(EffigyFactory.java:234)
	at ptolemy.actor.gui.Configuration.openModel(Configuration.java:1125)
	at ptolemy.actor.gui.Configuration.openModel(Configuration.java:1051)
	at ptolemy.actor.gui.ConfigurationApplication._openModel(ConfigurationApplication.java:1252)
	at ptolemy.actor.gui.ConfigurationApplication._parseArg(ConfigurationApplication.java:1399)
	at ptolemy.actor.gui.ConfigurationApplication._parseArgs(ConfigurationApplication.java:1478)
	at ptolemy.actor.gui.ConfigurationApplication.<init>(ConfigurationApplication.java:277)
	at ptolemy.actor.gui.ConfigurationApplication.<init>(ConfigurationApplication.java:214)
	at ptolemy.actor.gui.ConfigurationApplication.<init>(ConfigurationApplication.java:201)
	at ptolemy.actor.gui.ConfigurationApplication.openModelOrEntity(ConfigurationApplication.java:680)
	at ptolemy.vergil.basic.export.ExportModel$1.run(ExportModel.java:220)
	at java.awt.event.InvocationEvent.dispatch(InvocationEvent.java:301)
	at java.awt.EventQueue.dispatchEventImpl(EventQueue.java:756)
	at java.awt.EventQueue.access$500(EventQueue.java:97)
	at java.awt.EventQueue$3.run(EventQueue.java:709)
	at java.awt.EventQueue$3.run(EventQueue.java:703)
	at java.security.AccessController.doPrivileged(Native Method)
	at java.security.ProtectionDomain$JavaSecurityAccessImpl.doIntersectionPrivilege(ProtectionDomain.java:80)
	at java.awt.EventQueue.dispatchEvent(EventQueue.java:726)
	at java.awt.EventDispatchThread.pumpOneEventForFilters(EventDispatchThread.java:201)
	at java.awt.EventDispatchThread.pumpEventsForFilter(EventDispatchThread.java:116)
	at java.awt.EventDispatchThread.pumpEventsForHierarchy(EventDispatchThread.java:105)
	at java.awt.EventDispatchThread.pumpEvents(EventDispatchThread.java:101)
	at java.awt.EventDispatchThread.pumpEvents(EventDispatchThread.java:93)
	at java.awt.EventDispatchThread.run(EventDispatchThread.java:82)
Caused by: ptolemy.actor.ptalon.PtalonRuntimeException: Unable to add actor null
	at ptolemy.actor.ptalon.PtalonEvaluator.addActor(PtalonEvaluator.java:300)
	at ptolemy.actor.ptalon.PtalonPopulator.actor_declaration(PtalonPopulator.java:1574)
	at ptolemy.actor.ptalon.PtalonPopulator.atomic_statement(PtalonPopulator.java:1638)
	at ptolemy.actor.ptalon.PtalonPopulator.iterative_statement_evaluator(PtalonPopulator.java:2484)
	at ptolemy.actor.ptalon.AbstractPtalonEvaluator$IfTree.evaluateForScope(AbstractPtalonEvaluator.java:1307)
	at ptolemy.actor.ptalon.AbstractPtalonEvaluator.evaluateForScope(AbstractPtalonEvaluator.java:744)
	at ptolemy.actor.ptalon.PtalonPopulator.iterative_statement(PtalonPopulator.java:2363)
	at ptolemy.actor.ptalon.PtalonPopulator.actor_definition(PtalonPopulator.java:2809)
	at ptolemy.actor.ptalon.PtalonActor.attributeChanged(PtalonActor.java:206)
	... 48 more
Caused by: ptolemy.kernel.util.InternalErrorException: Element <entity name="sender1" class="ptolemy.actor.ptalon.demo.ptinyos.SendAndReceiveCnt.CntToLedsAndRfm"> caused an exception to be thrown.
  in .SendAndReceiveCnt.SendAndReceiveCnt
Because:
Cannot find class: ptolemy.actor.ptalon.demo.ptinyos.SendAndReceiveCnt.CntToLedsAndRfm. In Ptolemy, classes are typically Java .class files. Entities like actors may instead be defined within a .xml file.  In any case, the class was not found. If the class uses a third party package, then the class would be present only if the third party package was found at compile time.  It may be necessary to upgrade Java or install the third party package, reconfigure and recompile.
Because:
Element <entity name="MicaLeds" class="ptolemy.domains.ptinyos.lib.MicaLeds"> caused an exception to be thrown.
  in .CntToLedsAndRfm
Because:
Cannot find class: ptolemy.domains.ptinyos.lib.MicaLeds. In Ptolemy, classes are typically Java .class files. Entities like actors may instead be defined within a .xml file.  In any case, the class was not found. If the class uses a third party package, then the class would be present only if the third party package was found at compile time.  It may be necessary to upgrade Java or install the third party package, reconfigure and recompile.
Because:
-- /home/travis/build/icyphy/ptII/ptolemy/actor/ptalon/demo/ptinyos/SendAndReceiveCnt/ptolemy/domains/ptinyos/lib/MicaLeds.xml (No such file or directory)
-- XML file not found relative to classpath.
-- /home/travis/build/icyphy/ptII/ptolemy/vergil/basic/export/test/ptolemy/domains/ptinyos/lib/MicaLeds.xml
/home/travis/build/icyphy/ptII/ptolemy/vergil/basic/export/test/ptolemy/domains/ptinyos/lib/MicaLeds.xml (No such file or directory)
 in file:/home/travis/build/icyphy/ptII/ptolemy/actor/ptalon/demo/ptinyos/SendAndReceiveCnt/CntToLedsAndRfm.xml at line 132 and column 63
	at ptolemy.moml.SimpleErrorHandler.handleError(SimpleErrorHandler.java:75)
	at ptolemy.moml.MoMLParser.startElement(MoMLParser.java:3805)
	at com.microstar.xml.XmlParser.parseElement(XmlParser.java:931)
	at com.microstar.xml.XmlParser.parseDocument(XmlParser.java:481)
	at com.microstar.xml.XmlParser.doParse(XmlParser.java:159)
	at com.microstar.xml.XmlParser.parse(XmlParser.java:132)
	at ptolemy.moml.MoMLParser.parse(MoMLParser.java:1660)
	at ptolemy.moml.MoMLParser.parse(MoMLParser.java:1617)
	at ptolemy.moml.MoMLParser.parse(MoMLParser.java:1792)
	at ptolemy.actor.ptalon.PtalonEvaluator.addActor(PtalonEvaluator.java:241)
	... 56 more
Caused by: ptolemy.kernel.util.IllegalActionException: Cannot find class: ptolemy.actor.ptalon.demo.ptinyos.SendAndReceiveCnt.CntToLedsAndRfm. In Ptolemy, classes are typically Java .class files. Entities like actors may instead be defined within a .xml file.  In any case, the class was not found. If the class uses a third party package, then the class would be present only if the third party package was found at compile time.  It may be necessary to upgrade Java or install the third party package, reconfigure and recompile.
Because:
Element <entity name="MicaLeds" class="ptolemy.domains.ptinyos.lib.MicaLeds"> caused an exception to be thrown.
  in .CntToLedsAndRfm
Because:
Cannot find class: ptolemy.domains.ptinyos.lib.MicaLeds. In Ptolemy, classes are typically Java .class files. Entities like actors may instead be defined within a .xml file.  In any case, the class was not found. If the class uses a third party package, then the class would be present only if the third party package was found at compile time.  It may be necessary to upgrade Java or install the third party package, reconfigure and recompile.
Because:
-- /home/travis/build/icyphy/ptII/ptolemy/actor/ptalon/demo/ptinyos/SendAndReceiveCnt/ptolemy/domains/ptinyos/lib/MicaLeds.xml (No such file or directory)
-- XML file not found relative to classpath.
-- /home/travis/build/icyphy/ptII/ptolemy/vergil/basic/export/test/ptolemy/domains/ptinyos/lib/MicaLeds.xml
/home/travis/build/icyphy/ptII/ptolemy/vergil/basic/export/test/ptolemy/domains/ptinyos/lib/MicaLeds.xml (No such file or directory)
 in file:/home/travis/build/icyphy/ptII/ptolemy/actor/ptalon/demo/ptinyos/SendAndReceiveCnt/CntToLedsAndRfm.xml at line 132 and column 63
	at ptolemy.moml.MoMLParser._createEntity(MoMLParser.java:4330)
	at ptolemy.moml.MoMLParser.startElement(MoMLParser.java:2864)
	... 64 more
Caused by: ptolemy.kernel.util.InternalErrorException: Element <entity name="MicaLeds" class="ptolemy.domains.ptinyos.lib.MicaLeds"> caused an exception to be thrown.
  in .CntToLedsAndRfm
Because:
Cannot find class: ptolemy.domains.ptinyos.lib.MicaLeds. In Ptolemy, classes are typically Java .class files. Entities like actors may instead be defined within a .xml file.  In any case, the class was not found. If the class uses a third party package, then the class would be present only if the third party package was found at compile time.  It may be necessary to upgrade Java or install the third party package, reconfigure and recompile.
Because:
-- /home/travis/build/icyphy/ptII/ptolemy/actor/ptalon/demo/ptinyos/SendAndReceiveCnt/ptolemy/domains/ptinyos/lib/MicaLeds.xml (No such file or directory)
-- XML file not found relative to classpath.
-- /home/travis/build/icyphy/ptII/ptolemy/vergil/basic/export/test/ptolemy/domains/ptinyos/lib/MicaLeds.xml
/home/travis/build/icyphy/ptII/ptolemy/vergil/basic/export/test/ptolemy/domains/ptinyos/lib/MicaLeds.xml (No such file or directory)
 in file:/home/travis/build/icyphy/ptII/ptolemy/actor/ptalon/demo/ptinyos/SendAndReceiveCnt/CntToLedsAndRfm.xml at line 132 and column 63
	at ptolemy.moml.SimpleErrorHandler.handleError(SimpleErrorHandler.java:75)
	at ptolemy.moml.MoMLParser.startElement(MoMLParser.java:3805)
	at com.microstar.xml.XmlParser.parseElement(XmlParser.java:921)
	at com.microstar.xml.XmlParser.parseContent(XmlParser.java:1104)
	at com.microstar.xml.XmlParser.parseElement(XmlParser.java:924)
	at com.microstar.xml.XmlParser.parseDocument(XmlParser.java:481)
	at com.microstar.xml.XmlParser.doParse(XmlParser.java:159)
	at com.microstar.xml.XmlParser.parse(XmlParser.java:132)
	at ptolemy.moml.MoMLParser.parse(MoMLParser.java:1676)
	at ptolemy.moml.MoMLParser.parse(MoMLParser.java:1595)
	at ptolemy.moml.MoMLParser.parse(MoMLParser.java:1537)
	at ptolemy.moml.MoMLParser._findOrParse(MoMLParser.java:5286)
	at ptolemy.moml.MoMLParser._attemptToFindMoMLClass(MoMLParser.java:4075)
	at ptolemy.moml.MoMLParser._createEntity(MoMLParser.java:4323)
	... 65 more
Caused by: ptolemy.kernel.util.IllegalActionException: Cannot find class: ptolemy.domains.ptinyos.lib.MicaLeds. In Ptolemy, classes are typically Java .class files. Entities like actors may instead be defined within a .xml file.  In any case, the class was not found. If the class uses a third party package, then the class would be present only if the third party package was found at compile time.  It may be necessary to upgrade Java or install the third party package, reconfigure and recompile.
Because:
-- /home/travis/build/icyphy/ptII/ptolemy/actor/ptalon/demo/ptinyos/SendAndReceiveCnt/ptolemy/domains/ptinyos/lib/MicaLeds.xml (No such file or directory)
-- XML file not found relative to classpath.
-- /home/travis/build/icyphy/ptII/ptolemy/vergil/basic/export/test/ptolemy/domains/ptinyos/lib/MicaLeds.xml
/home/travis/build/icyphy/ptII/ptolemy/vergil/basic/export/test/ptolemy/domains/ptinyos/lib/MicaLeds.xml (No such file or directory)
 in file:/home/travis/build/icyphy/ptII/ptolemy/actor/ptalon/demo/ptinyos/SendAndReceiveCnt/CntToLedsAndRfm.xml at line 132 and column 63
	at ptolemy.moml.MoMLParser._createEntity(MoMLParser.java:4330)
	at ptolemy.moml.MoMLParser.startElement(MoMLParser.java:2864)
	... 77 more
Caused by: com.microstar.xml.XmlException: -- /home/travis/build/icyphy/ptII/ptolemy/actor/ptalon/demo/ptinyos/SendAndReceiveCnt/ptolemy/domains/ptinyos/lib/MicaLeds.xml (No such file or directory)
-- XML file not found relative to classpath.
-- /home/travis/build/icyphy/ptII/ptolemy/vergil/basic/export/test/ptolemy/domains/ptinyos/lib/MicaLeds.xml
/home/travis/build/icyphy/ptII/ptolemy/vergil/basic/export/test/ptolemy/domains/ptinyos/lib/MicaLeds.xml (No such file or directory)
 in file:/home/travis/build/icyphy/ptII/ptolemy/actor/ptalon/demo/ptinyos/SendAndReceiveCnt/CntToLedsAndRfm.xml at line 132 and column 63
	at ptolemy.moml.MoMLParser.fileNameToURL(MoMLParser.java:1414)
	at ptolemy.moml.MoMLParser._findOrParse(MoMLParser.java:5283)
	at ptolemy.moml.MoMLParser._attemptToFindMoMLClass(MoMLParser.java:4075)
	at ptolemy.moml.MoMLParser._createEntity(MoMLParser.java:4323)
	... 78 more
Caused by: ptolemy.actor.ptalon.PtalonRuntimeException: Unable to add actor null
	at ptolemy.actor.ptalon.PtalonEvaluator.addActor(PtalonEvaluator.java:300)
	at ptolemy.actor.ptalon.PtalonPopulator.actor_declaration(PtalonPopulator.java:1574)
	at ptolemy.actor.ptalon.PtalonPopulator.atomic_statement(PtalonPopulator.java:1638)
	at ptolemy.actor.ptalon.PtalonPopulator.iterative_statement_evaluator(PtalonPopulator.java:2484)
	at ptolemy.actor.ptalon.AbstractPtalonEvaluator$IfTree.evaluateForScope(AbstractPtalonEvaluator.java:1307)
	at ptolemy.actor.ptalon.AbstractPtalonEvaluator.evaluateForScope(AbstractPtalonEvaluator.java:744)
	at ptolemy.actor.ptalon.PtalonPopulator.iterative_statement(PtalonPopulator.java:2363)
	at ptolemy.actor.ptalon.PtalonPopulator.actor_definition(PtalonPopulator.java:2809)
	at ptolemy.actor.ptalon.PtalonActor.attributeChanged(PtalonActor.java:206)
	at ptolemy.actor.ptalon.PtalonMLHandler.startElement(PtalonMLHandler.java:134)
	at com.microstar.xml.XmlParser.parseElement(XmlParser.java:921)
	at com.microstar.xml.XmlParser.parseContent(XmlParser.java:1104)
	at com.microstar.xml.XmlParser.parseElement(XmlParser.java:924)
	at com.microstar.xml.XmlParser.parseDocument(XmlParser.java:481)
	at com.microstar.xml.XmlParser.doParse(XmlParser.java:159)
	at com.microstar.xml.XmlParser.parse(XmlParser.java:132)
	at ptolemy.actor.ptalon.PtalonActor.configure(PtalonActor.java:240)
	at ptolemy.moml.MoMLParser.endElement(MoMLParser.java:996)
	at com.microstar.xml.XmlParser.parseETag(XmlParser.java:1026)
	at com.microstar.xml.XmlParser.parseContent(XmlParser.java:1098)
	at com.microstar.xml.XmlParser.parseElement(XmlParser.java:924)
	at com.microstar.xml.XmlParser.parseContent(XmlParser.java:1104)
	at com.microstar.xml.XmlParser.parseElement(XmlParser.java:924)
	at com.microstar.xml.XmlParser.parseContent(XmlParser.java:1104)
	at com.microstar.xml.XmlParser.parseElement(XmlParser.java:924)
	at com.microstar.xml.XmlParser.parseDocument(XmlParser.java:481)
	at com.microstar.xml.XmlParser.doParse(XmlParser.java:159)
	at com.microstar.xml.XmlParser.parse(XmlParser.java:132)
	at ptolemy.moml.MoMLParser.parse(MoMLParser.java:1676)
	at ptolemy.moml.MoMLParser.parse(MoMLParser.java:1595)
	at ptolemy.moml.MoMLParser.parse(MoMLParser.java:1537)
	at ptolemy.actor.gui.PtolemyEffigy$Factory.createEffigy(PtolemyEffigy.java:424)
	at ptolemy.actor.gui.EffigyFactory.createEffigy(EffigyFactory.java:234)
	at ptolemy.actor.gui.Configuration.openModel(Configuration.java:1125)
	at ptolemy.actor.gui.Configuration.openModel(Configuration.java:1051)
	at ptolemy.actor.gui.ConfigurationApplication._openModel(ConfigurationApplication.java:1252)
	at ptolemy.actor.gui.ConfigurationApplication._parseArg(ConfigurationApplication.java:1399)
	at ptolemy.actor.gui.ConfigurationApplication._parseArgs(ConfigurationApplication.java:1478)
	at ptolemy.actor.gui.ConfigurationApplication.<init>(ConfigurationApplication.java:277)
	at ptolemy.actor.gui.ConfigurationApplication.<init>(ConfigurationApplication.java:214)
	at ptolemy.actor.gui.ConfigurationApplication.<init>(ConfigurationApplication.java:201)
	at ptolemy.actor.gui.ConfigurationApplication.openModelOrEntity(ConfigurationApplication.java:680)
	at ptolemy.vergil.basic.export.ExportModel$1.run(ExportModel.java:220)
	at java.awt.event.InvocationEvent.dispatch(InvocationEvent.java:301)
	at java.awt.EventQueue.dispatchEventImpl(EventQueue.java:756)
	at java.awt.EventQueue.access$500(EventQueue.java:97)
	at java.awt.EventQueue$3.run(EventQueue.java:709)
	at java.awt.EventQueue$3.run(EventQueue.java:703)
	at java.security.AccessController.doPrivileged(Native Method)
	at java.security.ProtectionDomain$JavaSecurityAccessImpl.doIntersectionPrivilege(ProtectionDomain.java:80)
	at java.awt.EventQueue.dispatchEvent(EventQueue.java:726)
	at java.awt.EventDispatchThread.pumpOneEventForFilters(EventDispatchThread.java:201)
	at java.awt.EventDispatchThread.pumpEventsForFilter(EventDispatchThread.java:116)
	at java.awt.EventDispatchThread.pumpEventsForHierarchy(EventDispatchThread.java:105)
	at java.awt.EventDispatchThread.pumpEvents(EventDispatchThread.java:101)
	at java.awt.EventDispatchThread.pumpEvents(EventDispatchThread.java:93)
	at java.awt.EventDispatchThread.run(EventDispatchThread.java:82)
Caused by: ptolemy.kernel.util.InternalErrorException: Element <entity name="sender1" class="ptolemy.actor.ptalon.demo.ptinyos.SendAndReceiveCnt.CntToLedsAndRfm"> caused an exception to be thrown.
  in .SendAndReceiveCnt.SendAndReceiveCnt
Because:
Cannot find class: ptolemy.actor.ptalon.demo.ptinyos.SendAndReceiveCnt.CntToLedsAndRfm. In Ptolemy, classes are typically Java .class files. Entities like actors may instead be defined within a .xml file.  In any case, the class was not found. If the class uses a third party package, then the class would be present only if the third party package was found at compile time.  It may be necessary to upgrade Java or install the third party package, reconfigure and recompile.
Because:
Element <entity name="MicaLeds" class="ptolemy.domains.ptinyos.lib.MicaLeds"> caused an exception to be thrown.
  in .CntToLedsAndRfm
Because:
Cannot find class: ptolemy.domains.ptinyos.lib.MicaLeds. In Ptolemy, classes are typically Java .class files. Entities like actors may instead be defined within a .xml file.  In any case, the class was not found. If the class uses a third party package, then the class would be present only if the third party package was found at compile time.  It may be necessary to upgrade Java or install the third party package, reconfigure and recompile.
Because:
-- /home/travis/build/icyphy/ptII/ptolemy/actor/ptalon/demo/ptinyos/SendAndReceiveCnt/ptolemy/domains/ptinyos/lib/MicaLeds.xml (No such file or directory)
-- XML file not found relative to classpath.
-- /home/travis/build/icyphy/ptII/ptolemy/vergil/basic/export/test/ptolemy/domains/ptinyos/lib/MicaLeds.xml
/home/travis/build/icyphy/ptII/ptolemy/vergil/basic/export/test/ptolemy/domains/ptinyos/lib/MicaLeds.xml (No such file or directory)
 in file:/home/travis/build/icyphy/ptII/ptolemy/actor/ptalon/demo/ptinyos/SendAndReceiveCnt/CntToLedsAndRfm.xml at line 132 and column 63
	at ptolemy.moml.SimpleErrorHandler.handleError(SimpleErrorHandler.java:75)
	at ptolemy.moml.MoMLParser.startElement(MoMLParser.java:3805)
	at com.microstar.xml.XmlParser.parseElement(XmlParser.java:931)
	at com.microstar.xml.XmlParser.parseDocument(XmlParser.java:481)
	at com.microstar.xml.XmlParser.doParse(XmlParser.java:159)
	at com.microstar.xml.XmlParser.parse(XmlParser.java:132)
	at ptolemy.moml.MoMLParser.parse(MoMLParser.java:1660)
	at ptolemy.moml.MoMLParser.parse(MoMLParser.java:1617)
	at ptolemy.moml.MoMLParser.parse(MoMLParser.java:1792)
	at ptolemy.actor.ptalon.PtalonEvaluator.addActor(PtalonEvaluator.java:241)
	... 56 more
Caused by: ptolemy.kernel.util.IllegalActionException: Cannot find class: ptolemy.actor.ptalon.demo.ptinyos.SendAndReceiveCnt.CntToLedsAndRfm. In Ptolemy, classes are typically Java .class files. Entities like actors may instead be defined within a .xml file.  In any case, the class was not found. If the class uses a third party package, then the class would be present only if the third party package was found at compile time.  It may be necessary to upgrade Java or install the third party package, reconfigure and recompile.
Because:
Element <entity name="MicaLeds" class="ptolemy.domains.ptinyos.lib.MicaLeds"> caused an exception to be thrown.
  in .CntToLedsAndRfm
Because:
Cannot find class: ptolemy.domains.ptinyos.lib.MicaLeds. In Ptolemy, classes are typically Java .class files. Entities like actors may instead be defined within a .xml file.  In any case, the class was not found. If the class uses a third party package, then the class would be present only if the third party package was found at compile time.  It may be necessary to upgrade Java or install the third party package, reconfigure and recompile.
Because:
-- /home/travis/build/icyphy/ptII/ptolemy/actor/ptalon/demo/ptinyos/SendAndReceiveCnt/ptolemy/domains/ptinyos/lib/MicaLeds.xml (No such file or directory)
-- XML file not found relative to classpath.
-- /home/travis/build/icyphy/ptII/ptolemy/vergil/basic/export/test/ptolemy/domains/ptinyos/lib/MicaLeds.xml
/home/travis/build/icyphy/ptII/ptolemy/vergil/basic/export/test/ptolemy/domains/ptinyos/lib/MicaLeds.xml (No such file or directory)
 in file:/home/travis/build/icyphy/ptII/ptolemy/actor/ptalon/demo/ptinyos/SendAndReceiveCnt/CntToLedsAndRfm.xml at line 132 and column 63
	at ptolemy.moml.MoMLParser._createEntity(MoMLParser.java:4330)
	at ptolemy.moml.MoMLParser.startElement(MoMLParser.java:2864)
	... 64 more
Caused by: ptolemy.kernel.util.InternalErrorException: Element <entity name="MicaLeds" class="ptolemy.domains.ptinyos.lib.MicaLeds"> caused an exception to be thrown.
  in .CntToLedsAndRfm
Because:
Cannot find class: ptolemy.domains.ptinyos.lib.MicaLeds. In Ptolemy, classes are typically Java .class files. Entities like actors may instead be defined within a .xml file.  In any case, the class was not found. If the class uses a third party package, then the class would be present only if the third party package was found at compile time.  It may be necessary to upgrade Java or install the third party package, reconfigure and recompile.
Because:
-- /home/travis/build/icyphy/ptII/ptolemy/actor/ptalon/demo/ptinyos/SendAndReceiveCnt/ptolemy/domains/ptinyos/lib/MicaLeds.xml (No such file or directory)
-- XML file not found relative to classpath.
-- /home/travis/build/icyphy/ptII/ptolemy/vergil/basic/export/test/ptolemy/domains/ptinyos/lib/MicaLeds.xml
/home/travis/build/icyphy/ptII/ptolemy/vergil/basic/export/test/ptolemy/domains/ptinyos/lib/MicaLeds.xml (No such file or directory)
 in file:/home/travis/build/icyphy/ptII/ptolemy/actor/ptalon/demo/ptinyos/SendAndReceiveCnt/CntToLedsAndRfm.xml at line 132 and column 63
	at ptolemy.moml.SimpleErrorHandler.handleError(SimpleErrorHandler.java:75)
	at ptolemy.moml.MoMLParser.startElement(MoMLParser.java:3805)
	at com.microstar.xml.XmlParser.parseElement(XmlParser.java:921)
	at com.microstar.xml.XmlParser.parseContent(XmlParser.java:1104)
	at com.microstar.xml.XmlParser.parseElement(XmlParser.java:924)
	at com.microstar.xml.XmlParser.parseDocument(XmlParser.java:481)
	at com.microstar.xml.XmlParser.doParse(XmlParser.java:159)
	at com.microstar.xml.XmlParser.parse(XmlParser.java:132)
	at ptolemy.moml.MoMLParser.parse(MoMLParser.java:1676)
	at ptolemy.moml.MoMLParser.parse(MoMLParser.java:1595)
	at ptolemy.moml.MoMLParser.parse(MoMLParser.java:1537)
	at ptolemy.moml.MoMLParser._findOrParse(MoMLParser.java:5286)
	at ptolemy.moml.MoMLParser._attemptToFindMoMLClass(MoMLParser.java:4075)
	at ptolemy.moml.MoMLParser._createEntity(MoMLParser.java:4323)
	... 65 more
Caused by: ptolemy.kernel.util.IllegalActionException: Cannot find class: ptolemy.domains.ptinyos.lib.MicaLeds. In Ptolemy, classes are typically Java .class files. Entities like actors may instead be defined within a .xml file.  In any case, the class was not found. If the class uses a third party package, then the class would be present only if the third party package was found at compile time.  It may be necessary to upgrade Java or install the third party package, reconfigure and recompile.
Because:
-- /home/travis/build/icyphy/ptII/ptolemy/actor/ptalon/demo/ptinyos/SendAndReceiveCnt/ptolemy/domains/ptinyos/lib/MicaLeds.xml (No such file or directory)
-- XML file not found relative to classpath.
-- /home/travis/build/icyphy/ptII/ptolemy/vergil/basic/export/test/ptolemy/domains/ptinyos/lib/MicaLeds.xml
/home/travis/build/icyphy/ptII/ptolemy/vergil/basic/export/test/ptolemy/domains/ptinyos/lib/MicaLeds.xml (No such file or directory)
 in file:/home/travis/build/icyphy/ptII/ptolemy/actor/ptalon/demo/ptinyos/SendAndReceiveCnt/CntToLedsAndRfm.xml at line 132 and column 63
	at ptolemy.moml.MoMLParser._createEntity(MoMLParser.java:4330)
	at ptolemy.moml.MoMLParser.startElement(MoMLParser.java:2864)
	... 77 more
Caused by: com.microstar.xml.XmlException: -- /home/travis/build/icyphy/ptII/ptolemy/actor/ptalon/demo/ptinyos/SendAndReceiveCnt/ptolemy/domains/ptinyos/lib/MicaLeds.xml (No such file or directory)
-- XML file not found relative to classpath.
-- /home/travis/build/icyphy/ptII/ptolemy/vergil/basic/export/test/ptolemy/domains/ptinyos/lib/MicaLeds.xml
/home/travis/build/icyphy/ptII/ptolemy/vergil/basic/export/test/ptolemy/domains/ptinyos/lib/MicaLeds.xml (No such file or directory)
 in file:/home/travis/build/icyphy/ptII/ptolemy/actor/ptalon/demo/ptinyos/SendAndReceiveCnt/CntToLedsAndRfm.xml at line 132 and column 63
	at ptolemy.moml.MoMLParser.fileNameToURL(MoMLParser.java:1414)
	at ptolemy.moml.MoMLParser._findOrParse(MoMLParser.java:5283)
	at ptolemy.moml.MoMLParser._attemptToFindMoMLClass(MoMLParser.java:4075)
	at ptolemy.moml.MoMLParser._createEntity(MoMLParser.java:4323)
	... 78 more
Failed to read file:/home/travis/build/icyphy/ptII/ptolemy/actor/ptalon/demo/ptinyos/SendAndReceiveCnt/SendAndReceiveCnt.xml
ptolemy.kernel.util.IllegalActionException: Failed to process attribute change to PtalonParameter, whose value is "ptolemy.actor.ptalon.PtalonExpressionParameter {.SendAndReceiveCnt.SendAndReceiveCnt.channelName} "AtomicWirelessChannel"".
  in .SendAndReceiveCnt.SendAndReceiveCnt
Because:
Unable to add actor null
	at ptolemy.actor.ptalon.PtalonActor.attributeChanged(PtalonActor.java:211)
	at ptolemy.actor.ptalon.PtalonMLHandler.startElement(PtalonMLHandler.java:134)
	at com.microstar.xml.XmlParser.parseElement(XmlParser.java:921)
	at com.microstar.xml.XmlParser.parseContent(XmlParser.java:1104)
	at com.microstar.xml.XmlParser.parseElement(XmlParser.java:924)
	at com.microstar.xml.XmlParser.parseDocument(XmlParser.java:481)
	at com.microstar.xml.XmlParser.doParse(XmlParser.java:159)
	at com.microstar.xml.XmlParser.parse(XmlParser.java:132)
	at ptolemy.actor.ptalon.PtalonActor.configure(PtalonActor.java:240)
	at ptolemy.moml.MoMLParser.endElement(MoMLParser.java:996)
	at com.microstar.xml.XmlParser.parseETag(XmlParser.java:1026)
	at com.microstar.xml.XmlParser.parseContent(XmlParser.java:1098)
	at com.microstar.xml.XmlParser.parseElement(XmlParser.java:924)
	at com.microstar.xml.XmlParser.parseContent(XmlParser.java:1104)
	at com.microstar.xml.XmlParser.parseElement(XmlParser.java:924)
	at com.microstar.xml.XmlParser.parseContent(XmlParser.java:1104)
	at com.microstar.xml.XmlParser.parseElement(XmlParser.java:924)
	at com.microstar.xml.XmlParser.parseDocument(XmlParser.java:481)
	at com.microstar.xml.XmlParser.doParse(XmlParser.java:159)
	at com.microstar.xml.XmlParser.parse(XmlParser.java:132)
	at ptolemy.moml.MoMLParser.parse(MoMLParser.java:1676)
	at ptolemy.moml.MoMLParser.parse(MoMLParser.java:1595)
	at ptolemy.moml.MoMLParser.parse(MoMLParser.java:1537)
	at ptolemy.actor.gui.PtolemyEffigy$Factory.createEffigy(PtolemyEffigy.java:424)
	at ptolemy.actor.gui.EffigyFactory.createEffigy(EffigyFactory.java:234)
	at ptolemy.actor.gui.Configuration.openModel(Configuration.java:1125)
	at ptolemy.actor.gui.Configuration.openModel(Configuration.java:1051)
	at ptolemy.actor.gui.ConfigurationApplication._openModel(ConfigurationApplication.java:1252)
	at ptolemy.actor.gui.ConfigurationApplication._parseArg(ConfigurationApplication.java:1399)
	at ptolemy.actor.gui.ConfigurationApplication._parseArgs(ConfigurationApplication.java:1478)
	at ptolemy.actor.gui.ConfigurationApplication.<init>(ConfigurationApplication.java:277)
	at ptolemy.actor.gui.ConfigurationApplication.<init>(ConfigurationApplication.java:214)
	at ptolemy.actor.gui.ConfigurationApplication.<init>(ConfigurationApplication.java:201)
	at ptolemy.actor.gui.ConfigurationApplication.openModelOrEntity(ConfigurationApplication.java:680)
	at ptolemy.vergil.basic.export.ExportModel$1.run(ExportModel.java:220)
	at java.awt.event.InvocationEvent.dispatch(InvocationEvent.java:301)
	at java.awt.EventQueue.dispatchEventImpl(EventQueue.java:756)
	at java.awt.EventQueue.access$500(EventQueue.java:97)
	at java.awt.EventQueue$3.run(EventQueue.java:709)
	at java.awt.EventQueue$3.run(EventQueue.java:703)
	at java.security.AccessController.doPrivileged(Native Method)
	at java.security.ProtectionDomain$JavaSecurityAccessImpl.doIntersectionPrivilege(ProtectionDomain.java:80)
	at java.awt.EventQueue.dispatchEvent(EventQueue.java:726)
	at java.awt.EventDispatchThread.pumpOneEventForFilters(EventDispatchThread.java:201)
	at java.awt.EventDispatchThread.pumpEventsForFilter(EventDispatchThread.java:116)
	at java.awt.EventDispatchThread.pumpEventsForHierarchy(EventDispatchThread.java:105)
	at java.awt.EventDispatchThread.pumpEvents(EventDispatchThread.java:101)
	at java.awt.EventDispatchThread.pumpEvents(EventDispatchThread.java:93)
	at java.awt.EventDispatchThread.run(EventDispatchThread.java:82)
Caused by: ptolemy.actor.ptalon.PtalonRuntimeException: Unable to add actor null
	at ptolemy.actor.ptalon.PtalonEvaluator.addActor(PtalonEvaluator.java:300)
	at ptolemy.actor.ptalon.PtalonPopulator.actor_declaration(PtalonPopulator.java:1574)
	at ptolemy.actor.ptalon.PtalonPopulator.atomic_statement(PtalonPopulator.java:1638)
	at ptolemy.actor.ptalon.PtalonPopulator.iterative_statement_evaluator(PtalonPopulator.java:2484)
	at ptolemy.actor.ptalon.AbstractPtalonEvaluator$IfTree.evaluateForScope(AbstractPtalonEvaluator.java:1307)
	at ptolemy.actor.ptalon.AbstractPtalonEvaluator.evaluateForScope(AbstractPtalonEvaluator.java:744)
	at ptolemy.actor.ptalon.PtalonPopulator.iterative_statement(PtalonPopulator.java:2363)
	at ptolemy.actor.ptalon.PtalonPopulator.actor_definition(PtalonPopulator.java:2809)
	at ptolemy.actor.ptalon.PtalonActor.attributeChanged(PtalonActor.java:206)
	... 48 more
Caused by: ptolemy.kernel.util.InternalErrorException: Element <entity name="sender1" class="ptolemy.actor.ptalon.demo.ptinyos.SendAndReceiveCnt.CntToLedsAndRfm"> caused an exception to be thrown.
  in .SendAndReceiveCnt.SendAndReceiveCnt
Because:
Cannot find class: ptolemy.actor.ptalon.demo.ptinyos.SendAndReceiveCnt.CntToLedsAndRfm. In Ptolemy, classes are typically Java .class files. Entities like actors may instead be defined within a .xml file.  In any case, the class was not found. If the class uses a third party package, then the class would be present only if the third party package was found at compile time.  It may be necessary to upgrade Java or install the third party package, reconfigure and recompile.
Because:
Element <entity name="MicaLeds" class="ptolemy.domains.ptinyos.lib.MicaLeds"> caused an exception to be thrown.
  in .CntToLedsAndRfm
Because:
Cannot find class: ptolemy.domains.ptinyos.lib.MicaLeds. In Ptolemy, classes are typically Java .class files. Entities like actors may instead be defined within a .xml file.  In any case, the class was not found. If the class uses a third party package, then the class would be present only if the third party package was found at compile time.  It may be necessary to upgrade Java or install the third party package, reconfigure and recompile.
Because:
-- /home/travis/build/icyphy/ptII/ptolemy/actor/ptalon/demo/ptinyos/SendAndReceiveCnt/ptolemy/domains/ptinyos/lib/MicaLeds.xml (No such file or directory)
-- XML file not found relative to classpath.
-- /home/travis/build/icyphy/ptII/ptolemy/vergil/basic/export/test/ptolemy/domains/ptinyos/lib/MicaLeds.xml
/home/travis/build/icyphy/ptII/ptolemy/vergil/basic/export/test/ptolemy/domains/ptinyos/lib/MicaLeds.xml (No such file or directory)
 in file:/home/travis/build/icyphy/ptII/ptolemy/actor/ptalon/demo/ptinyos/SendAndReceiveCnt/CntToLedsAndRfm.xml at line 132 and column 63
	at ptolemy.moml.SimpleErrorHandler.handleError(SimpleErrorHandler.java:75)
	at ptolemy.moml.MoMLParser.startElement(MoMLParser.java:3805)
	at com.microstar.xml.XmlParser.parseElement(XmlParser.java:931)
	at com.microstar.xml.XmlParser.parseDocument(XmlParser.java:481)
	at com.microstar.xml.XmlParser.doParse(XmlParser.java:159)
	at com.microstar.xml.XmlParser.parse(XmlParser.java:132)
	at ptolemy.moml.MoMLParser.parse(MoMLParser.java:1660)
	at ptolemy.moml.MoMLParser.parse(MoMLParser.java:1617)
	at ptolemy.moml.MoMLParser.parse(MoMLParser.java:1792)
	at ptolemy.actor.ptalon.PtalonEvaluator.addActor(PtalonEvaluator.java:241)
	... 56 more
Caused by: ptolemy.kernel.util.IllegalActionException: Cannot find class: ptolemy.actor.ptalon.demo.ptinyos.SendAndReceiveCnt.CntToLedsAndRfm. In Ptolemy, classes are typically Java .class files. Entities like actors may instead be defined within a .xml file.  In any case, the class was not found. If the class uses a third party package, then the class would be present only if the third party package was found at compile time.  It may be necessary to upgrade Java or install the third party package, reconfigure and recompile.
Because:
Element <entity name="MicaLeds" class="ptolemy.domains.ptinyos.lib.MicaLeds"> caused an exception to be thrown.
  in .CntToLedsAndRfm
Because:
Cannot find class: ptolemy.domains.ptinyos.lib.MicaLeds. In Ptolemy, classes are typically Java .class files. Entities like actors may instead be defined within a .xml file.  In any case, the class was not found. If the class uses a third party package, then the class would be present only if the third party package was found at compile time.  It may be necessary to upgrade Java or install the third party package, reconfigure and recompile.
Because:
-- /home/travis/build/icyphy/ptII/ptolemy/actor/ptalon/demo/ptinyos/SendAndReceiveCnt/ptolemy/domains/ptinyos/lib/MicaLeds.xml (No such file or directory)
-- XML file not found relative to classpath.
-- /home/travis/build/icyphy/ptII/ptolemy/vergil/basic/export/test/ptolemy/domains/ptinyos/lib/MicaLeds.xml
/home/travis/build/icyphy/ptII/ptolemy/vergil/basic/export/test/ptolemy/domains/ptinyos/lib/MicaLeds.xml (No such file or directory)
 in file:/home/travis/build/icyphy/ptII/ptolemy/actor/ptalon/demo/ptinyos/SendAndReceiveCnt/CntToLedsAndRfm.xml at line 132 and column 63
	at ptolemy.moml.MoMLParser._createEntity(MoMLParser.java:4330)
	at ptolemy.moml.MoMLParser.startElement(MoMLParser.java:2864)
	... 64 more
Caused by: ptolemy.kernel.util.InternalErrorException: Element <entity name="MicaLeds" class="ptolemy.domains.ptinyos.lib.MicaLeds"> caused an exception to be thrown.
  in .CntToLedsAndRfm
Because:
Cannot find class: ptolemy.domains.ptinyos.lib.MicaLeds. In Ptolemy, classes are typically Java .class files. Entities like actors may instead be defined within a .xml file.  In any case, the class was not found. If the class uses a third party package, then the class would be present only if the third party package was found at compile time.  It may be necessary to upgrade Java or install the third party package, reconfigure and recompile.
Because:
-- /home/travis/build/icyphy/ptII/ptolemy/actor/ptalon/demo/ptinyos/SendAndReceiveCnt/ptolemy/domains/ptinyos/lib/MicaLeds.xml (No such file or directory)
-- XML file not found relative to classpath.
-- /home/travis/build/icyphy/ptII/ptolemy/vergil/basic/export/test/ptolemy/domains/ptinyos/lib/MicaLeds.xml
/home/travis/build/icyphy/ptII/ptolemy/vergil/basic/export/test/ptolemy/domains/ptinyos/lib/MicaLeds.xml (No such file or directory)
 in file:/home/travis/build/icyphy/ptII/ptolemy/actor/ptalon/demo/ptinyos/SendAndReceiveCnt/CntToLedsAndRfm.xml at line 132 and column 63
	at ptolemy.moml.SimpleErrorHandler.handleError(SimpleErrorHandler.java:75)
	at ptolemy.moml.MoMLParser.startElement(MoMLParser.java:3805)
	at com.microstar.xml.XmlParser.parseElement(XmlParser.java:921)
	at com.microstar.xml.XmlParser.parseContent(XmlParser.java:1104)
	at com.microstar.xml.XmlParser.parseElement(XmlParser.java:924)
	at com.microstar.xml.XmlParser.parseDocument(XmlParser.java:481)
	at com.microstar.xml.XmlParser.doParse(XmlParser.java:159)
	at com.microstar.xml.XmlParser.parse(XmlParser.java:132)
	at ptolemy.moml.MoMLParser.parse(MoMLParser.java:1676)
	at ptolemy.moml.MoMLParser.parse(MoMLParser.java:1595)
	at ptolemy.moml.MoMLParser.parse(MoMLParser.java:1537)
	at ptolemy.moml.MoMLParser._findOrParse(MoMLParser.java:5286)
	at ptolemy.moml.MoMLParser._attemptToFindMoMLClass(MoMLParser.java:4075)
	at ptolemy.moml.MoMLParser._createEntity(MoMLParser.java:4323)
	... 65 more
Caused by: ptolemy.kernel.util.IllegalActionException: Cannot find class: ptolemy.domains.ptinyos.lib.MicaLeds. In Ptolemy, classes are typically Java .class files. Entities like actors may instead be defined within a .xml file.  In any case, the class was not found. If the class uses a third party package, then the class would be present only if the third party package was found at compile time.  It may be necessary to upgrade Java or install the third party package, reconfigure and recompile.
Because:
-- /home/travis/build/icyphy/ptII/ptolemy/actor/ptalon/demo/ptinyos/SendAndReceiveCnt/ptolemy/domains/ptinyos/lib/MicaLeds.xml (No such file or directory)
-- XML file not found relative to classpath.
-- /home/travis/build/icyphy/ptII/ptolemy/vergil/basic/export/test/ptolemy/domains/ptinyos/lib/MicaLeds.xml
/home/travis/build/icyphy/ptII/ptolemy/vergil/basic/export/test/ptolemy/domains/ptinyos/lib/MicaLeds.xml (No such file or directory)
 in file:/home/travis/build/icyphy/ptII/ptolemy/actor/ptalon/demo/ptinyos/SendAndReceiveCnt/CntToLedsAndRfm.xml at line 132 and column 63
	at ptolemy.moml.MoMLParser._createEntity(MoMLParser.java:4330)
	at ptolemy.moml.MoMLParser.startElement(MoMLParser.java:2864)
	... 77 more
Caused by: com.microstar.xml.XmlException: -- /home/travis/build/icyphy/ptII/ptolemy/actor/ptalon/demo/ptinyos/SendAndReceiveCnt/ptolemy/domains/ptinyos/lib/MicaLeds.xml (No such file or directory)
-- XML file not found relative to classpath.
-- /home/travis/build/icyphy/ptII/ptolemy/vergil/basic/export/test/ptolemy/domains/ptinyos/lib/MicaLeds.xml
/home/travis/build/icyphy/ptII/ptolemy/vergil/basic/export/test/ptolemy/domains/ptinyos/lib/MicaLeds.xml (No such file or directory)
 in file:/home/travis/build/icyphy/ptII/ptolemy/actor/ptalon/demo/ptinyos/SendAndReceiveCnt/CntToLedsAndRfm.xml at line 132 and column 63
	at ptolemy.moml.MoMLParser.fileNameToURL(MoMLParser.java:1414)
	at ptolemy.moml.MoMLParser._findOrParse(MoMLParser.java:5283)
	at ptolemy.moml.MoMLParser._attemptToFindMoMLClass(MoMLParser.java:4075)
	at ptolemy.moml.MoMLParser._createEntity(MoMLParser.java:4323)
	... 78 more
Caused by: ptolemy.actor.ptalon.PtalonRuntimeException: Unable to add actor null
	at ptolemy.actor.ptalon.PtalonEvaluator.addActor(PtalonEvaluator.java:300)
	at ptolemy.actor.ptalon.PtalonPopulator.actor_declaration(PtalonPopulator.java:1574)
	at ptolemy.actor.ptalon.PtalonPopulator.atomic_statement(PtalonPopulator.java:1638)
	at ptolemy.actor.ptalon.PtalonPopulator.iterative_statement_evaluator(PtalonPopulator.java:2484)
	at ptolemy.actor.ptalon.AbstractPtalonEvaluator$IfTree.evaluateForScope(AbstractPtalonEvaluator.java:1307)
	at ptolemy.actor.ptalon.AbstractPtalonEvaluator.evaluateForScope(AbstractPtalonEvaluator.java:744)
	at ptolemy.actor.ptalon.PtalonPopulator.iterative_statement(PtalonPopulator.java:2363)
	at ptolemy.actor.ptalon.PtalonPopulator.actor_definition(PtalonPopulator.java:2809)
	at ptolemy.actor.ptalon.PtalonActor.attributeChanged(PtalonActor.java:206)
	at ptolemy.actor.ptalon.PtalonMLHandler.startElement(PtalonMLHandler.java:134)
	at com.microstar.xml.XmlParser.parseElement(XmlParser.java:921)
	at com.microstar.xml.XmlParser.parseContent(XmlParser.java:1104)
	at com.microstar.xml.XmlParser.parseElement(XmlParser.java:924)
	at com.microstar.xml.XmlParser.parseDocument(XmlParser.java:481)
	at com.microstar.xml.XmlParser.doParse(XmlParser.java:159)
	at com.microstar.xml.XmlParser.parse(XmlParser.java:132)
	at ptolemy.actor.ptalon.PtalonActor.configure(PtalonActor.java:240)
	at ptolemy.moml.MoMLParser.endElement(MoMLParser.java:996)
	at com.microstar.xml.XmlParser.parseETag(XmlParser.java:1026)
	at com.microstar.xml.XmlParser.parseContent(XmlParser.java:1098)
	at com.microstar.xml.XmlParser.parseElement(XmlParser.java:924)
	at com.microstar.xml.XmlParser.parseContent(XmlParser.java:1104)
	at com.microstar.xml.XmlParser.parseElement(XmlParser.java:924)
	at com.microstar.xml.XmlParser.parseContent(XmlParser.java:1104)
	at com.microstar.xml.XmlParser.parseElement(XmlParser.java:924)
	at com.microstar.xml.XmlParser.parseDocument(XmlParser.java:481)
	at com.microstar.xml.XmlParser.doParse(XmlParser.java:159)
	at com.microstar.xml.XmlParser.parse(XmlParser.java:132)
	at ptolemy.moml.MoMLParser.parse(MoMLParser.java:1676)
	at ptolemy.moml.MoMLParser.parse(MoMLParser.java:1595)
	at ptolemy.moml.MoMLParser.parse(MoMLParser.java:1537)
	at ptolemy.actor.gui.PtolemyEffigy$Factory.createEffigy(PtolemyEffigy.java:424)
	at ptolemy.actor.gui.EffigyFactory.createEffigy(EffigyFactory.java:234)
	at ptolemy.actor.gui.Configuration.openModel(Configuration.java:1125)
	at ptolemy.actor.gui.Configuration.openModel(Configuration.java:1051)
	at ptolemy.actor.gui.ConfigurationApplication._openModel(ConfigurationApplication.java:1252)
	at ptolemy.actor.gui.ConfigurationApplication._parseArg(ConfigurationApplication.java:1399)
	at ptolemy.actor.gui.ConfigurationApplication._parseArgs(ConfigurationApplication.java:1478)
	at ptolemy.actor.gui.ConfigurationApplication.<init>(ConfigurationApplication.java:277)
	at ptolemy.actor.gui.ConfigurationApplication.<init>(ConfigurationApplication.java:214)
	at ptolemy.actor.gui.ConfigurationApplication.<init>(ConfigurationApplication.java:201)
	at ptolemy.actor.gui.ConfigurationApplication.openModelOrEntity(ConfigurationApplication.java:680)
	at ptolemy.vergil.basic.export.ExportModel$1.run(ExportModel.java:220)
	at java.awt.event.InvocationEvent.dispatch(InvocationEvent.java:301)
	at java.awt.EventQueue.dispatchEventImpl(EventQueue.java:756)
	at java.awt.EventQueue.access$500(EventQueue.java:97)
	at java.awt.EventQueue$3.run(EventQueue.java:709)
	at java.awt.EventQueue$3.run(EventQueue.java:703)
	at java.security.AccessController.doPrivileged(Native Method)
	at java.security.ProtectionDomain$JavaSecurityAccessImpl.doIntersectionPrivilege(ProtectionDomain.java:80)
	at java.awt.EventQueue.dispatchEvent(EventQueue.java:726)
	at java.awt.EventDispatchThread.pumpOneEventForFilters(EventDispatchThread.java:201)
	at java.awt.EventDispatchThread.pumpEventsForFilter(EventDispatchThread.java:116)
	at java.awt.EventDispatchThread.pumpEventsForHierarchy(EventDispatchThread.java:105)
	at java.awt.EventDispatchThread.pumpEvents(EventDispatchThread.java:101)
	at java.awt.EventDispatchThread.pumpEvents(EventDispatchThread.java:93)
	at java.awt.EventDispatchThread.run(EventDispatchThread.java:82)
Caused by: ptolemy.kernel.util.InternalErrorException: Element <entity name="sender1" class="ptolemy.actor.ptalon.demo.ptinyos.SendAndReceiveCnt.CntToLedsAndRfm"> caused an exception to be thrown.
  in .SendAndReceiveCnt.SendAndReceiveCnt
Because:
Cannot find class: ptolemy.actor.ptalon.demo.ptinyos.SendAndReceiveCnt.CntToLedsAndRfm. In Ptolemy, classes are typically Java .class files. Entities like actors may instead be defined within a .xml file.  In any case, the class was not found. If the class uses a third party package, then the class would be present only if the third party package was found at compile time.  It may be necessary to upgrade Java or install the third party package, reconfigure and recompile.
Because:
Element <entity name="MicaLeds" class="ptolemy.domains.ptinyos.lib.MicaLeds"> caused an exception to be thrown.
  in .CntToLedsAndRfm
Because:
Cannot find class: ptolemy.domains.ptinyos.lib.MicaLeds. In Ptolemy, classes are typically Java .class files. Entities like actors may instead be defined within a .xml file.  In any case, the class was not found. If the class uses a third party package, then the class would be present only if the third party package was found at compile time.  It may be necessary to upgrade Java or install the third party package, reconfigure and recompile.
Because:
-- /home/travis/build/icyphy/ptII/ptolemy/actor/ptalon/demo/ptinyos/SendAndReceiveCnt/ptolemy/domains/ptinyos/lib/MicaLeds.xml (No such file or directory)
-- XML file not found relative to classpath.
-- /home/travis/build/icyphy/ptII/ptolemy/vergil/basic/export/test/ptolemy/domains/ptinyos/lib/MicaLeds.xml
/home/travis/build/icyphy/ptII/ptolemy/vergil/basic/export/test/ptolemy/domains/ptinyos/lib/MicaLeds.xml (No such file or directory)
 in file:/home/travis/build/icyphy/ptII/ptolemy/actor/ptalon/demo/ptinyos/SendAndReceiveCnt/CntToLedsAndRfm.xml at line 132 and column 63
	at ptolemy.moml.SimpleErrorHandler.handleError(SimpleErrorHandler.java:75)
	at ptolemy.moml.MoMLParser.startElement(MoMLParser.java:3805)
	at com.microstar.xml.XmlParser.parseElement(XmlParser.java:931)
	at com.microstar.xml.XmlParser.parseDocument(XmlParser.java:481)
	at com.microstar.xml.XmlParser.doParse(XmlParser.java:159)
	at com.microstar.xml.XmlParser.parse(XmlParser.java:132)
	at ptolemy.moml.MoMLParser.parse(MoMLParser.java:1660)
	at ptolemy.moml.MoMLParser.parse(MoMLParser.java:1617)
	at ptolemy.moml.MoMLParser.parse(MoMLParser.java:1792)
	at ptolemy.actor.ptalon.PtalonEvaluator.addActor(PtalonEvaluator.java:241)
	... 56 more
Caused by: ptolemy.kernel.util.IllegalActionException: Cannot find class: ptolemy.actor.ptalon.demo.ptinyos.SendAndReceiveCnt.CntToLedsAndRfm. In Ptolemy, classes are typically Java .class files. Entities like actors may instead be defined within a .xml file.  In any case, the class was not found. If the class uses a third party package, then the class would be present only if the third party package was found at compile time.  It may be necessary to upgrade Java or install the third party package, reconfigure and recompile.
Because:
Element <entity name="MicaLeds" class="ptolemy.domains.ptinyos.lib.MicaLeds"> caused an exception to be thrown.
  in .CntToLedsAndRfm
Because:
Cannot find class: ptolemy.domains.ptinyos.lib.MicaLeds. In Ptolemy, classes are typically Java .class files. Entities like actors may instead be defined within a .xml file.  In any case, the class was not found. If the class uses a third party package, then the class would be present only if the third party package was found at compile time.  It may be necessary to upgrade Java or install the third party package, reconfigure and recompile.
Because:
-- /home/travis/build/icyphy/ptII/ptolemy/actor/ptalon/demo/ptinyos/SendAndReceiveCnt/ptolemy/domains/ptinyos/lib/MicaLeds.xml (No such file or directory)
-- XML file not found relative to classpath.
-- /home/travis/build/icyphy/ptII/ptolemy/vergil/basic/export/test/ptolemy/domains/ptinyos/lib/MicaLeds.xml
/home/travis/build/icyphy/ptII/ptolemy/vergil/basic/export/test/ptolemy/domains/ptinyos/lib/MicaLeds.xml (No such file or directory)
 in file:/home/travis/build/icyphy/ptII/ptolemy/actor/ptalon/demo/ptinyos/SendAndReceiveCnt/CntToLedsAndRfm.xml at line 132 and column 63
	at ptolemy.moml.MoMLParser._createEntity(MoMLParser.java:4330)
	at ptolemy.moml.MoMLParser.startElement(MoMLParser.java:2864)
	... 64 more
Caused by: ptolemy.kernel.util.InternalErrorException: Element <entity name="MicaLeds" class="ptolemy.domains.ptinyos.lib.MicaLeds"> caused an exception to be thrown.
  in .CntToLedsAndRfm
Because:
Cannot find class: ptolemy.domains.ptinyos.lib.MicaLeds. In Ptolemy, classes are typically Java .class files. Entities like actors may instead be defined within a .xml file.  In any case, the class was not found. If the class uses a third party package, then the class would be present only if the third party package was found at compile time.  It may be necessary to upgrade Java or install the third party package, reconfigure and recompile.
Because:
-- /home/travis/build/icyphy/ptII/ptolemy/actor/ptalon/demo/ptinyos/SendAndReceiveCnt/ptolemy/domains/ptinyos/lib/MicaLeds.xml (No such file or directory)
-- XML file not found relative to classpath.
-- /home/travis/build/icyphy/ptII/ptolemy/vergil/basic/export/test/ptolemy/domains/ptinyos/lib/MicaLeds.xml
/home/travis/build/icyphy/ptII/ptolemy/vergil/basic/export/test/ptolemy/domains/ptinyos/lib/MicaLeds.xml (No such file or directory)
 in file:/home/travis/build/icyphy/ptII/ptolemy/actor/ptalon/demo/ptinyos/SendAndReceiveCnt/CntToLedsAndRfm.xml at line 132 and column 63
	at ptolemy.moml.SimpleErrorHandler.handleError(SimpleErrorHandler.java:75)
	at ptolemy.moml.MoMLParser.startElement(MoMLParser.java:3805)
	at com.microstar.xml.XmlParser.parseElement(XmlParser.java:921)
	at com.microstar.xml.XmlParser.parseContent(XmlParser.java:1104)
	at com.microstar.xml.XmlParser.parseElement(XmlParser.java:924)
	at com.microstar.xml.XmlParser.parseDocument(XmlParser.java:481)
	at com.microstar.xml.XmlParser.doParse(XmlParser.java:159)
	at com.microstar.xml.XmlParser.parse(XmlParser.java:132)
	at ptolemy.moml.MoMLParser.parse(MoMLParser.java:1676)
	at ptolemy.moml.MoMLParser.parse(MoMLParser.java:1595)
	at ptolemy.moml.MoMLParser.parse(MoMLParser.java:1537)
	at ptolemy.moml.MoMLParser._findOrParse(MoMLParser.java:5286)
	at ptolemy.moml.MoMLParser._attemptToFindMoMLClass(MoMLParser.java:4075)
	at ptolemy.moml.MoMLParser._createEntity(MoMLParser.java:4323)
	... 65 more
Caused by: ptolemy.kernel.util.IllegalActionException: Cannot find class: ptolemy.domains.ptinyos.lib.MicaLeds. In Ptolemy, classes are typically Java .class files. Entities like actors may instead be defined within a .xml file.  In any case, the class was not found. If the class uses a third party package, then the class would be present only if the third party package was found at compile time.  It may be necessary to upgrade Java or install the third party package, reconfigure and recompile.
Because:
-- /home/travis/build/icyphy/ptII/ptolemy/actor/ptalon/demo/ptinyos/SendAndReceiveCnt/ptolemy/domains/ptinyos/lib/MicaLeds.xml (No such file or directory)
-- XML file not found relative to classpath.
-- /home/travis/build/icyphy/ptII/ptolemy/vergil/basic/export/test/ptolemy/domains/ptinyos/lib/MicaLeds.xml
/home/travis/build/icyphy/ptII/ptolemy/vergil/basic/export/test/ptolemy/domains/ptinyos/lib/MicaLeds.xml (No such file or directory)
 in file:/home/travis/build/icyphy/ptII/ptolemy/actor/ptalon/demo/ptinyos/SendAndReceiveCnt/CntToLedsAndRfm.xml at line 132 and column 63
	at ptolemy.moml.MoMLParser._createEntity(MoMLParser.java:4330)
	at ptolemy.moml.MoMLParser.startElement(MoMLParser.java:2864)
	... 77 more
Caused by: com.microstar.xml.XmlException: -- /home/travis/build/icyphy/ptII/ptolemy/actor/ptalon/demo/ptinyos/SendAndReceiveCnt/ptolemy/domains/ptinyos/lib/MicaLeds.xml (No such file or directory)
-- XML file not found relative to classpath.
-- /home/travis/build/icyphy/ptII/ptolemy/vergil/basic/export/test/ptolemy/domains/ptinyos/lib/MicaLeds.xml
/home/travis/build/icyphy/ptII/ptolemy/vergil/basic/export/test/ptolemy/domains/ptinyos/lib/MicaLeds.xml (No such file or directory)
 in file:/home/travis/build/icyphy/ptII/ptolemy/actor/ptalon/demo/ptinyos/SendAndReceiveCnt/CntToLedsAndRfm.xml at line 132 and column 63
	at ptolemy.moml.MoMLParser.fileNameToURL(MoMLParser.java:1414)
	at ptolemy.moml.MoMLParser._findOrParse(MoMLParser.java:5283)
	at ptolemy.moml.MoMLParser._attemptToFindMoMLClass(MoMLParser.java:4075)
	at ptolemy.moml.MoMLParser._createEntity(MoMLParser.java:4323)
	... 78 more
Failed to read file:/home/travis/build/icyphy/ptII/ptolemy/actor/ptalon/demo/ptinyos/SendAndReceiveCnt/SendAndReceiveCnt.xml
ptolemy.kernel.util.IllegalActionException: Failed to process attribute change to PtalonParameter, whose value is "ptolemy.actor.ptalon.PtalonExpressionParameter {.SendAndReceiveCnt.SendAndReceiveCnt.channelName} "AtomicWirelessChannel"".
  in .SendAndReceiveCnt.SendAndReceiveCnt
Because:
Unable to add actor null
	at ptolemy.actor.ptalon.PtalonActor.attributeChanged(PtalonActor.java:211)
	at ptolemy.actor.ptalon.PtalonMLHandler.startElement(PtalonMLHandler.java:134)
	at com.microstar.xml.XmlParser.parseElement(XmlParser.java:921)
	at com.microstar.xml.XmlParser.parseContent(XmlParser.java:1104)
	at com.microstar.xml.XmlParser.parseElement(XmlParser.java:924)
	at com.microstar.xml.XmlParser.parseDocument(XmlParser.java:481)
	at com.microstar.xml.XmlParser.doParse(XmlParser.java:159)
	at com.microstar.xml.XmlParser.parse(XmlParser.java:132)
	at ptolemy.actor.ptalon.PtalonActor.configure(PtalonActor.java:240)
	at ptolemy.moml.MoMLParser.endElement(MoMLParser.java:996)
	at com.microstar.xml.XmlParser.parseETag(XmlParser.java:1026)
	at com.microstar.xml.XmlParser.parseContent(XmlParser.java:1098)
	at com.microstar.xml.XmlParser.parseElement(XmlParser.java:924)
	at com.microstar.xml.XmlParser.parseContent(XmlParser.java:1104)
	at com.microstar.xml.XmlParser.parseElement(XmlParser.java:924)
	at com.microstar.xml.XmlParser.parseContent(XmlParser.java:1104)
	at com.microstar.xml.XmlParser.parseElement(XmlParser.java:924)
	at com.microstar.xml.XmlParser.parseDocument(XmlParser.java:481)
	at com.microstar.xml.XmlParser.doParse(XmlParser.java:159)
	at com.microstar.xml.XmlParser.parse(XmlParser.java:132)
	at ptolemy.moml.MoMLParser.parse(MoMLParser.java:1676)
	at ptolemy.moml.MoMLParser.parse(MoMLParser.java:1595)
	at ptolemy.moml.MoMLParser.parse(MoMLParser.java:1537)
	at ptolemy.actor.gui.PtolemyEffigy$Factory.createEffigy(PtolemyEffigy.java:424)
	at ptolemy.actor.gui.EffigyFactory.createEffigy(EffigyFactory.java:234)
	at ptolemy.actor.gui.Configuration.openModel(Configuration.java:1125)
	at ptolemy.actor.gui.Configuration.openModel(Configuration.java:1051)
	at ptolemy.actor.gui.ConfigurationApplication._openModel(ConfigurationApplication.java:1252)
	at ptolemy.actor.gui.ConfigurationApplication._parseArg(ConfigurationApplication.java:1399)
	at ptolemy.actor.gui.ConfigurationApplication._parseArgs(ConfigurationApplication.java:1478)
	at ptolemy.actor.gui.ConfigurationApplication.<init>(ConfigurationApplication.java:277)
	at ptolemy.actor.gui.ConfigurationApplication.<init>(ConfigurationApplication.java:214)
	at ptolemy.actor.gui.ConfigurationApplication.<init>(ConfigurationApplication.java:201)
	at ptolemy.actor.gui.ConfigurationApplication.openModelOrEntity(ConfigurationApplication.java:680)
	at ptolemy.vergil.basic.export.ExportModel$1.run(ExportModel.java:220)
	at java.awt.event.InvocationEvent.dispatch(InvocationEvent.java:301)
	at java.awt.EventQueue.dispatchEventImpl(EventQueue.java:756)
	at java.awt.EventQueue.access$500(EventQueue.java:97)
	at java.awt.EventQueue$3.run(EventQueue.java:709)
	at java.awt.EventQueue$3.run(EventQueue.java:703)
	at java.security.AccessController.doPrivileged(Native Method)
	at java.security.ProtectionDomain$JavaSecurityAccessImpl.doIntersectionPrivilege(ProtectionDomain.java:80)
	at java.awt.EventQueue.dispatchEvent(EventQueue.java:726)
	at java.awt.EventDispatchThread.pumpOneEventForFilters(EventDispatchThread.java:201)
	at java.awt.EventDispatchThread.pumpEventsForFilter(EventDispatchThread.java:116)
	at java.awt.EventDispatchThread.pumpEventsForHierarchy(EventDispatchThread.java:105)
	at java.awt.EventDispatchThread.pumpEvents(EventDispatchThread.java:101)
	at java.awt.EventDispatchThread.pumpEvents(EventDispatchThread.java:93)
	at java.awt.EventDispatchThread.run(EventDispatchThread.java:82)
Caused by: ptolemy.actor.ptalon.PtalonRuntimeException: Unable to add actor null
	at ptolemy.actor.ptalon.PtalonEvaluator.addActor(PtalonEvaluator.java:300)
	at ptolemy.actor.ptalon.PtalonPopulator.actor_declaration(PtalonPopulator.java:1574)
	at ptolemy.actor.ptalon.PtalonPopulator.atomic_statement(PtalonPopulator.java:1638)
	at ptolemy.actor.ptalon.PtalonPopulator.iterative_statement_evaluator(PtalonPopulator.java:2484)
	at ptolemy.actor.ptalon.AbstractPtalonEvaluator$IfTree.evaluateForScope(AbstractPtalonEvaluator.java:1307)
	at ptolemy.actor.ptalon.AbstractPtalonEvaluator.evaluateForScope(AbstractPtalonEvaluator.java:744)
	at ptolemy.actor.ptalon.PtalonPopulator.iterative_statement(PtalonPopulator.java:2363)
	at ptolemy.actor.ptalon.PtalonPopulator.actor_definition(PtalonPopulator.java:2809)
	at ptolemy.actor.ptalon.PtalonActor.attributeChanged(PtalonActor.java:206)
	... 48 more
Caused by: ptolemy.kernel.util.InternalErrorException: Element <entity name="sender1" class="ptolemy.actor.ptalon.demo.ptinyos.SendAndReceiveCnt.CntToLedsAndRfm"> caused an exception to be thrown.
  in .SendAndReceiveCnt.SendAndReceiveCnt
Because:
Cannot find class: ptolemy.actor.ptalon.demo.ptinyos.SendAndReceiveCnt.CntToLedsAndRfm. In Ptolemy, classes are typically Java .class files. Entities like actors may instead be defined within a .xml file.  In any case, the class was not found. If the class uses a third party package, then the class would be present only if the third party package was found at compile time.  It may be necessary to upgrade Java or install the third party package, reconfigure and recompile.
Because:
Element <entity name="MicaLeds" class="ptolemy.domains.ptinyos.lib.MicaLeds"> caused an exception to be thrown.
  in .CntToLedsAndRfm
Because:
Cannot find class: ptolemy.domains.ptinyos.lib.MicaLeds. In Ptolemy, classes are typically Java .class files. Entities like actors may instead be defined within a .xml file.  In any case, the class was not found. If the class uses a third party package, then the class would be present only if the third party package was found at compile time.  It may be necessary to upgrade Java or install the third party package, reconfigure and recompile.
Because:
-- /home/travis/build/icyphy/ptII/ptolemy/actor/ptalon/demo/ptinyos/SendAndReceiveCnt/ptolemy/domains/ptinyos/lib/MicaLeds.xml (No such file or directory)
-- XML file not found relative to classpath.
-- /home/travis/build/icyphy/ptII/ptolemy/vergil/basic/export/test/ptolemy/domains/ptinyos/lib/MicaLeds.xml
/home/travis/build/icyphy/ptII/ptolemy/vergil/basic/export/test/ptolemy/domains/ptinyos/lib/MicaLeds.xml (No such file or directory)
 in file:/home/travis/build/icyphy/ptII/ptolemy/actor/ptalon/demo/ptinyos/SendAndReceiveCnt/CntToLedsAndRfm.xml at line 132 and column 63
	at ptolemy.moml.SimpleErrorHandler.handleError(SimpleErrorHandler.java:75)
	at ptolemy.moml.MoMLParser.startElement(MoMLParser.java:3805)
	at com.microstar.xml.XmlParser.parseElement(XmlParser.java:931)
	at com.microstar.xml.XmlParser.parseDocument(XmlParser.java:481)
	at com.microstar.xml.XmlParser.doParse(XmlParser.java:159)
	at com.microstar.xml.XmlParser.parse(XmlParser.java:132)
	at ptolemy.moml.MoMLParser.parse(MoMLParser.java:1660)
	at ptolemy.moml.MoMLParser.parse(MoMLParser.java:1617)
	at ptolemy.moml.MoMLParser.parse(MoMLParser.java:1792)
	at ptolemy.actor.ptalon.PtalonEvaluator.addActor(PtalonEvaluator.java:241)
	... 56 more
Caused by: ptolemy.kernel.util.IllegalActionException: Cannot find class: ptolemy.actor.ptalon.demo.ptinyos.SendAndReceiveCnt.CntToLedsAndRfm. In Ptolemy, classes are typically Java .class files. Entities like actors may instead be defined within a .xml file.  In any case, the class was not found. If the class uses a third party package, then the class would be present only if the third party package was found at compile time.  It may be necessary to upgrade Java or install the third party package, reconfigure and recompile.
Because:
Element <entity name="MicaLeds" class="ptolemy.domains.ptinyos.lib.MicaLeds"> caused an exception to be thrown.
  in .CntToLedsAndRfm
Because:
Cannot find class: ptolemy.domains.ptinyos.lib.MicaLeds. In Ptolemy, classes are typically Java .class files. Entities like actors may instead be defined within a .xml file.  In any case, the class was not found. If the class uses a third party package, then the class would be present only if the third party package was found at compile time.  It may be necessary to upgrade Java or install the third party package, reconfigure and recompile.
Because:
-- /home/travis/build/icyphy/ptII/ptolemy/actor/ptalon/demo/ptinyos/SendAndReceiveCnt/ptolemy/domains/ptinyos/lib/MicaLeds.xml (No such file or directory)
-- XML file not found relative to classpath.
-- /home/travis/build/icyphy/ptII/ptolemy/vergil/basic/export/test/ptolemy/domains/ptinyos/lib/MicaLeds.xml
/home/travis/build/icyphy/ptII/ptolemy/vergil/basic/export/test/ptolemy/domains/ptinyos/lib/MicaLeds.xml (No such file or directory)
 in file:/home/travis/build/icyphy/ptII/ptolemy/actor/ptalon/demo/ptinyos/SendAndReceiveCnt/CntToLedsAndRfm.xml at line 132 and column 63
	at ptolemy.moml.MoMLParser._createEntity(MoMLParser.java:4330)
	at ptolemy.moml.MoMLParser.startElement(MoMLParser.java:2864)
	... 64 more
Caused by: ptolemy.kernel.util.InternalErrorException: Element <entity name="MicaLeds" class="ptolemy.domains.ptinyos.lib.MicaLeds"> caused an exception to be thrown.
  in .CntToLedsAndRfm
Because:
Cannot find class: ptolemy.domains.ptinyos.lib.MicaLeds. In Ptolemy, classes are typically Java .class files. Entities like actors may instead be defined within a .xml file.  In any case, the class was not found. If the class uses a third party package, then the class would be present only if the third party package was found at compile time.  It may be necessary to upgrade Java or install the third party package, reconfigure and recompile.
Because:
-- /home/travis/build/icyphy/ptII/ptolemy/actor/ptalon/demo/ptinyos/SendAndReceiveCnt/ptolemy/domains/ptinyos/lib/MicaLeds.xml (No such file or directory)
-- XML file not found relative to classpath.
-- /home/travis/build/icyphy/ptII/ptolemy/vergil/basic/export/test/ptolemy/domains/ptinyos/lib/MicaLeds.xml
/home/travis/build/icyphy/ptII/ptolemy/vergil/basic/export/test/ptolemy/domains/ptinyos/lib/MicaLeds.xml (No such file or directory)
 in file:/home/travis/build/icyphy/ptII/ptolemy/actor/ptalon/demo/ptinyos/SendAndReceiveCnt/CntToLedsAndRfm.xml at line 132 and column 63
	at ptolemy.moml.SimpleErrorHandler.handleError(SimpleErrorHandler.java:75)
	at ptolemy.moml.MoMLParser.startElement(MoMLParser.java:3805)
	at com.microstar.xml.XmlParser.parseElement(XmlParser.java:921)
	at com.microstar.xml.XmlParser.parseContent(XmlParser.java:1104)
	at com.microstar.xml.XmlParser.parseElement(XmlParser.java:924)
	at com.microstar.xml.XmlParser.parseDocument(XmlParser.java:481)
	at com.microstar.xml.XmlParser.doParse(XmlParser.java:159)
	at com.microstar.xml.XmlParser.parse(XmlParser.java:132)
	at ptolemy.moml.MoMLParser.parse(MoMLParser.java:1676)
	at ptolemy.moml.MoMLParser.parse(MoMLParser.java:1595)
	at ptolemy.moml.MoMLParser.parse(MoMLParser.java:1537)
	at ptolemy.moml.MoMLParser._findOrParse(MoMLParser.java:5286)
	at ptolemy.moml.MoMLParser._attemptToFindMoMLClass(MoMLParser.java:4075)
	at ptolemy.moml.MoMLParser._createEntity(MoMLParser.java:4323)
	... 65 more
Caused by: ptolemy.kernel.util.IllegalActionException: Cannot find class: ptolemy.domains.ptinyos.lib.MicaLeds. In Ptolemy, classes are typically Java .class files. Entities like actors may instead be defined within a .xml file.  In any case, the class was not found. If the class uses a third party package, then the class would be present only if the third party package was found at compile time.  It may be necessary to upgrade Java or install the third party package, reconfigure and recompile.
Because:
-- /home/travis/build/icyphy/ptII/ptolemy/actor/ptalon/demo/ptinyos/SendAndReceiveCnt/ptolemy/domains/ptinyos/lib/MicaLeds.xml (No such file or directory)
-- XML file not found relative to classpath.
-- /home/travis/build/icyphy/ptII/ptolemy/vergil/basic/export/test/ptolemy/domains/ptinyos/lib/MicaLeds.xml
/home/travis/build/icyphy/ptII/ptolemy/vergil/basic/export/test/ptolemy/domains/ptinyos/lib/MicaLeds.xml (No such file or directory)
 in file:/home/travis/build/icyphy/ptII/ptolemy/actor/ptalon/demo/ptinyos/SendAndReceiveCnt/CntToLedsAndRfm.xml at line 132 and column 63
	at ptolemy.moml.MoMLParser._createEntity(MoMLParser.java:4330)
	at ptolemy.moml.MoMLParser.startElement(MoMLParser.java:2864)
	... 77 more
Caused by: com.microstar.xml.XmlException: -- /home/travis/build/icyphy/ptII/ptolemy/actor/ptalon/demo/ptinyos/SendAndReceiveCnt/ptolemy/domains/ptinyos/lib/MicaLeds.xml (No such file or directory)
-- XML file not found relative to classpath.
-- /home/travis/build/icyphy/ptII/ptolemy/vergil/basic/export/test/ptolemy/domains/ptinyos/lib/MicaLeds.xml
/home/travis/build/icyphy/ptII/ptolemy/vergil/basic/export/test/ptolemy/domains/ptinyos/lib/MicaLeds.xml (No such file or directory)
 in file:/home/travis/build/icyphy/ptII/ptolemy/actor/ptalon/demo/ptinyos/SendAndReceiveCnt/CntToLedsAndRfm.xml at line 132 and column 63
	at ptolemy.moml.MoMLParser.fileNameToURL(MoMLParser.java:1414)
	at ptolemy.moml.MoMLParser._findOrParse(MoMLParser.java:5283)
	at ptolemy.moml.MoMLParser._attemptToFindMoMLClass(MoMLParser.java:4075)
	at ptolemy.moml.MoMLParser._createEntity(MoMLParser.java:4323)
	... 78 more
Caused by: ptolemy.actor.ptalon.PtalonRuntimeException: Unable to add actor null
	at ptolemy.actor.ptalon.PtalonEvaluator.addActor(PtalonEvaluator.java:300)
	at ptolemy.actor.ptalon.PtalonPopulator.actor_declaration(PtalonPopulator.java:1574)
	at ptolemy.actor.ptalon.PtalonPopulator.atomic_statement(PtalonPopulator.java:1638)
	at ptolemy.actor.ptalon.PtalonPopulator.iterative_statement_evaluator(PtalonPopulator.java:2484)
	at ptolemy.actor.ptalon.AbstractPtalonEvaluator$IfTree.evaluateForScope(AbstractPtalonEvaluator.java:1307)
	at ptolemy.actor.ptalon.AbstractPtalonEvaluator.evaluateForScope(AbstractPtalonEvaluator.java:744)
	at ptolemy.actor.ptalon.PtalonPopulator.iterative_statement(PtalonPopulator.java:2363)
	at ptolemy.actor.ptalon.PtalonPopulator.actor_definition(PtalonPopulator.java:2809)
	at ptolemy.actor.ptalon.PtalonActor.attributeChanged(PtalonActor.java:206)
	at ptolemy.actor.ptalon.PtalonMLHandler.startElement(PtalonMLHandler.java:134)
	at com.microstar.xml.XmlParser.parseElement(XmlParser.java:921)
	at com.microstar.xml.XmlParser.parseContent(XmlParser.java:1104)
	at com.microstar.xml.XmlParser.parseElement(XmlParser.java:924)
	at com.microstar.xml.XmlParser.parseDocument(XmlParser.java:481)
	at com.microstar.xml.XmlParser.doParse(XmlParser.java:159)
	at com.microstar.xml.XmlParser.parse(XmlParser.java:132)
	at ptolemy.actor.ptalon.PtalonActor.configure(PtalonActor.java:240)
	at ptolemy.moml.MoMLParser.endElement(MoMLParser.java:996)
	at com.microstar.xml.XmlParser.parseETag(XmlParser.java:1026)
	at com.microstar.xml.XmlParser.parseContent(XmlParser.java:1098)
	at com.microstar.xml.XmlParser.parseElement(XmlParser.java:924)
	at com.microstar.xml.XmlParser.parseContent(XmlParser.java:1104)
	at com.microstar.xml.XmlParser.parseElement(XmlParser.java:924)
	at com.microstar.xml.XmlParser.parseContent(XmlParser.java:1104)
	at com.microstar.xml.XmlParser.parseElement(XmlParser.java:924)
	at com.microstar.xml.XmlParser.parseDocument(XmlParser.java:481)
	at com.microstar.xml.XmlParser.doParse(XmlParser.java:159)
	at com.microstar.xml.XmlParser.parse(XmlParser.java:132)
	at ptolemy.moml.MoMLParser.parse(MoMLParser.java:1676)
	at ptolemy.moml.MoMLParser.parse(MoMLParser.java:1595)
	at ptolemy.moml.MoMLParser.parse(MoMLParser.java:1537)
	at ptolemy.actor.gui.PtolemyEffigy$Factory.createEffigy(PtolemyEffigy.java:424)
	at ptolemy.actor.gui.EffigyFactory.createEffigy(EffigyFactory.java:234)
	at ptolemy.actor.gui.Configuration.openModel(Configuration.java:1125)
	at ptolemy.actor.gui.Configuration.openModel(Configuration.java:1051)
	at ptolemy.actor.gui.ConfigurationApplication._openModel(ConfigurationApplication.java:1252)
	at ptolemy.actor.gui.ConfigurationApplication._parseArg(ConfigurationApplication.java:1399)
	at ptolemy.actor.gui.ConfigurationApplication._parseArgs(ConfigurationApplication.java:1478)
	at ptolemy.actor.gui.ConfigurationApplication.<init>(ConfigurationApplication.java:277)
	at ptolemy.actor.gui.ConfigurationApplication.<init>(ConfigurationApplication.java:214)
	at ptolemy.actor.gui.ConfigurationApplication.<init>(ConfigurationApplication.java:201)
	at ptolemy.actor.gui.ConfigurationApplication.openModelOrEntity(ConfigurationApplication.java:680)
	at ptolemy.vergil.basic.export.ExportModel$1.run(ExportModel.java:220)
	at java.awt.event.InvocationEvent.dispatch(InvocationEvent.java:301)
	at java.awt.EventQueue.dispatchEventImpl(EventQueue.java:756)
	at java.awt.EventQueue.access$500(EventQueue.java:97)
	at java.awt.EventQueue$3.run(EventQueue.java:709)
	at java.awt.EventQueue$3.run(EventQueue.java:703)
	at java.security.AccessController.doPrivileged(Native Method)
	at java.security.ProtectionDomain$JavaSecurityAccessImpl.doIntersectionPrivilege(ProtectionDomain.java:80)
	at java.awt.EventQueue.dispatchEvent(EventQueue.java:726)
	at java.awt.EventDispatchThread.pumpOneEventForFilters(EventDispatchThread.java:201)
	at java.awt.EventDispatchThread.pumpEventsForFilter(EventDispatchThread.java:116)
	at java.awt.EventDispatchThread.pumpEventsForHierarchy(EventDispatchThread.java:105)
	at java.awt.EventDispatchThread.pumpEvents(EventDispatchThread.java:101)
	at java.awt.EventDispatchThread.pumpEvents(EventDispatchThread.java:93)
	at java.awt.EventDispatchThread.run(EventDispatchThread.java:82)
Caused by: ptolemy.kernel.util.InternalErrorException: Element <entity name="sender1" class="ptolemy.actor.ptalon.demo.ptinyos.SendAndReceiveCnt.CntToLedsAndRfm"> caused an exception to be thrown.
  in .SendAndReceiveCnt.SendAndReceiveCnt
Because:
Cannot find class: ptolemy.actor.ptalon.demo.ptinyos.SendAndReceiveCnt.CntToLedsAndRfm. In Ptolemy, classes are typically Java .class files. Entities like actors may instead be defined within a .xml file.  In any case, the class was not found. If the class uses a third party package, then the class would be present only if the third party package was found at compile time.  It may be necessary to upgrade Java or install the third party package, reconfigure and recompile.
Because:
Element <entity name="MicaLeds" class="ptolemy.domains.ptinyos.lib.MicaLeds"> caused an exception to be thrown.
  in .CntToLedsAndRfm
Because:
Cannot find class: ptolemy.domains.ptinyos.lib.MicaLeds. In Ptolemy, classes are typically Java .class files. Entities like actors may instead be defined within a .xml file.  In any case, the class was not found. If the class uses a third party package, then the class would be present only if the third party package was found at compile time.  It may be necessary to upgrade Java or install the third party package, reconfigure and recompile.
Because:
-- /home/travis/build/icyphy/ptII/ptolemy/actor/ptalon/demo/ptinyos/SendAndReceiveCnt/ptolemy/domains/ptinyos/lib/MicaLeds.xml (No such file or directory)
-- XML file not found relative to classpath.
-- /home/travis/build/icyphy/ptII/ptolemy/vergil/basic/export/test/ptolemy/domains/ptinyos/lib/MicaLeds.xml
/home/travis/build/icyphy/ptII/ptolemy/vergil/basic/export/test/ptolemy/domains/ptinyos/lib/MicaLeds.xml (No such file or directory)
 in file:/home/travis/build/icyphy/ptII/ptolemy/actor/ptalon/demo/ptinyos/SendAndReceiveCnt/CntToLedsAndRfm.xml at line 132 and column 63
	at ptolemy.moml.SimpleErrorHandler.handleError(SimpleErrorHandler.java:75)
	at ptolemy.moml.MoMLParser.startElement(MoMLParser.java:3805)
	at com.microstar.xml.XmlParser.parseElement(XmlParser.java:931)
	at com.microstar.xml.XmlParser.parseDocument(XmlParser.java:481)
	at com.microstar.xml.XmlParser.doParse(XmlParser.java:159)
	at com.microstar.xml.XmlParser.parse(XmlParser.java:132)
	at ptolemy.moml.MoMLParser.parse(MoMLParser.java:1660)
	at ptolemy.moml.MoMLParser.parse(MoMLParser.java:1617)
	at ptolemy.moml.MoMLParser.parse(MoMLParser.java:1792)
	at ptolemy.actor.ptalon.PtalonEvaluator.addActor(PtalonEvaluator.java:241)
	... 56 more
Caused by: ptolemy.kernel.util.IllegalActionException: Cannot find class: ptolemy.actor.ptalon.demo.ptinyos.SendAndReceiveCnt.CntToLedsAndRfm. In Ptolemy, classes are typically Java .class files. Entities like actors may instead be defined within a .xml file.  In any case, the class was not found. If the class uses a third party package, then the class would be present only if the third party package was found at compile time.  It may be necessary to upgrade Java or install the third party package, reconfigure and recompile.
Because:
Element <entity name="MicaLeds" class="ptolemy.domains.ptinyos.lib.MicaLeds"> caused an exception to be thrown.
  in .CntToLedsAndRfm
Because:
Cannot find class: ptolemy.domains.ptinyos.lib.MicaLeds. In Ptolemy, classes are typically Java .class files. Entities like actors may instead be defined within a .xml file.  In any case, the class was not found. If the class uses a third party package, then the class would be present only if the third party package was found at compile time.  It may be necessary to upgrade Java or install the third party package, reconfigure and recompile.
Because:
-- /home/travis/build/icyphy/ptII/ptolemy/actor/ptalon/demo/ptinyos/SendAndReceiveCnt/ptolemy/domains/ptinyos/lib/MicaLeds.xml (No such file or directory)
-- XML file not found relative to classpath.
-- /home/travis/build/icyphy/ptII/ptolemy/vergil/basic/export/test/ptolemy/domains/ptinyos/lib/MicaLeds.xml
/home/travis/build/icyphy/ptII/ptolemy/vergil/basic/export/test/ptolemy/domains/ptinyos/lib/MicaLeds.xml (No such file or directory)
 in file:/home/travis/build/icyphy/ptII/ptolemy/actor/ptalon/demo/ptinyos/SendAndReceiveCnt/CntToLedsAndRfm.xml at line 132 and column 63
	at ptolemy.moml.MoMLParser._createEntity(MoMLParser.java:4330)
	at ptolemy.moml.MoMLParser.startElement(MoMLParser.java:2864)
	... 64 more
Caused by: ptolemy.kernel.util.InternalErrorException: Element <entity name="MicaLeds" class="ptolemy.domains.ptinyos.lib.MicaLeds"> caused an exception to be thrown.
  in .CntToLedsAndRfm
Because:
Cannot find class: ptolemy.domains.ptinyos.lib.MicaLeds. In Ptolemy, classes are typically Java .class files. Entities like actors may instead be defined within a .xml file.  In any case, the class was not found. If the class uses a third party package, then the class would be present only if the third party package was found at compile time.  It may be necessary to upgrade Java or install the third party package, reconfigure and recompile.
Because:
-- /home/travis/build/icyphy/ptII/ptolemy/actor/ptalon/demo/ptinyos/SendAndReceiveCnt/ptolemy/domains/ptinyos/lib/MicaLeds.xml (No such file or directory)
-- XML file not found relative to classpath.
-- /home/travis/build/icyphy/ptII/ptolemy/vergil/basic/export/test/ptolemy/domains/ptinyos/lib/MicaLeds.xml
/home/travis/build/icyphy/ptII/ptolemy/vergil/basic/export/test/ptolemy/domains/ptinyos/lib/MicaLeds.xml (No such file or directory)
 in file:/home/travis/build/icyphy/ptII/ptolemy/actor/ptalon/demo/ptinyos/SendAndReceiveCnt/CntToLedsAndRfm.xml at line 132 and column 63
	at ptolemy.moml.SimpleErrorHandler.handleError(SimpleErrorHandler.java:75)
	at ptolemy.moml.MoMLParser.startElement(MoMLParser.java:3805)
	at com.microstar.xml.XmlParser.parseElement(XmlParser.java:921)
	at com.microstar.xml.XmlParser.parseContent(XmlParser.java:1104)
	at com.microstar.xml.XmlParser.parseElement(XmlParser.java:924)
	at com.microstar.xml.XmlParser.parseDocument(XmlParser.java:481)
	at com.microstar.xml.XmlParser.doParse(XmlParser.java:159)
	at com.microstar.xml.XmlParser.parse(XmlParser.java:132)
	at ptolemy.moml.MoMLParser.parse(MoMLParser.java:1676)
	at ptolemy.moml.MoMLParser.parse(MoMLParser.java:1595)
	at ptolemy.moml.MoMLParser.parse(MoMLParser.java:1537)
	at ptolemy.moml.MoMLParser._findOrParse(MoMLParser.java:5286)
	at ptolemy.moml.MoMLParser._attemptToFindMoMLClass(MoMLParser.java:4075)
	at ptolemy.moml.MoMLParser._createEntity(MoMLParser.java:4323)
	... 65 more
Caused by: ptolemy.kernel.util.IllegalActionException: Cannot find class: ptolemy.domains.ptinyos.lib.MicaLeds. In Ptolemy, classes are typically Java .class files. Entities like actors may instead be defined within a .xml file.  In any case, the class was not found. If the class uses a third party package, then the class would be present only if the third party package was found at compile time.  It may be necessary to upgrade Java or install the third party package, reconfigure and recompile.
Because:
-- /home/travis/build/icyphy/ptII/ptolemy/actor/ptalon/demo/ptinyos/SendAndReceiveCnt/ptolemy/domains/ptinyos/lib/MicaLeds.xml (No such file or directory)
-- XML file not found relative to classpath.
-- /home/travis/build/icyphy/ptII/ptolemy/vergil/basic/export/test/ptolemy/domains/ptinyos/lib/MicaLeds.xml
/home/travis/build/icyphy/ptII/ptolemy/vergil/basic/export/test/ptolemy/domains/ptinyos/lib/MicaLeds.xml (No such file or directory)
 in file:/home/travis/build/icyphy/ptII/ptolemy/actor/ptalon/demo/ptinyos/SendAndReceiveCnt/CntToLedsAndRfm.xml at line 132 and column 63
	at ptolemy.moml.MoMLParser._createEntity(MoMLParser.java:4330)
	at ptolemy.moml.MoMLParser.startElement(MoMLParser.java:2864)
	... 77 more
Caused by: com.microstar.xml.XmlException: -- /home/travis/build/icyphy/ptII/ptolemy/actor/ptalon/demo/ptinyos/SendAndReceiveCnt/ptolemy/domains/ptinyos/lib/MicaLeds.xml (No such file or directory)
-- XML file not found relative to classpath.
-- /home/travis/build/icyphy/ptII/ptolemy/vergil/basic/export/test/ptolemy/domains/ptinyos/lib/MicaLeds.xml
/home/travis/build/icyphy/ptII/ptolemy/vergil/basic/export/test/ptolemy/domains/ptinyos/lib/MicaLeds.xml (No such file or directory)
 in file:/home/travis/build/icyphy/ptII/ptolemy/actor/ptalon/demo/ptinyos/SendAndReceiveCnt/CntToLedsAndRfm.xml at line 132 and column 63
	at ptolemy.moml.MoMLParser.fileNameToURL(MoMLParser.java:1414)
	at ptolemy.moml.MoMLParser._findOrParse(MoMLParser.java:5283)
	at ptolemy.moml.MoMLParser._attemptToFindMoMLClass(MoMLParser.java:4075)
	at ptolemy.moml.MoMLParser._createEntity(MoMLParser.java:4323)
	... 78 more
ptolemy.kernel.util.IllegalActionException: Failed to process attribute change to PtalonParameter, whose value is "ptolemy.actor.ptalon.PtalonExpressionParameter {.SendAndReceiveCnt.SendAndReceiveCnt.channelName} "AtomicWirelessChannel"".
  in .SendAndReceiveCnt.SendAndReceiveCnt
Because:
Unable to add actor null
	at ptolemy.actor.ptalon.PtalonActor.attributeChanged(PtalonActor.java:211)
	at ptolemy.actor.ptalon.PtalonMLHandler.startElement(PtalonMLHandler.java:134)
	at com.microstar.xml.XmlParser.parseElement(XmlParser.java:921)
	at com.microstar.xml.XmlParser.parseContent(XmlParser.java:1104)
	at com.microstar.xml.XmlParser.parseElement(XmlParser.java:924)
	at com.microstar.xml.XmlParser.parseDocument(XmlParser.java:481)
	at com.microstar.xml.XmlParser.doParse(XmlParser.java:159)
	at com.microstar.xml.XmlParser.parse(XmlParser.java:132)
	at ptolemy.actor.ptalon.PtalonActor.configure(PtalonActor.java:240)
	at ptolemy.moml.MoMLParser.endElement(MoMLParser.java:996)
	at com.microstar.xml.XmlParser.parseETag(XmlParser.java:1026)
	at com.microstar.xml.XmlParser.parseContent(XmlParser.java:1098)
	at com.microstar.xml.XmlParser.parseElement(XmlParser.java:924)
	at com.microstar.xml.XmlParser.parseContent(XmlParser.java:1104)
	at com.microstar.xml.XmlParser.parseElement(XmlParser.java:924)
	at com.microstar.xml.XmlParser.parseContent(XmlParser.java:1104)
	at com.microstar.xml.XmlParser.parseElement(XmlParser.java:924)
	at com.microstar.xml.XmlParser.parseDocument(XmlParser.java:481)
	at com.microstar.xml.XmlParser.doParse(XmlParser.java:159)
	at com.microstar.xml.XmlParser.parse(XmlParser.java:132)
	at ptolemy.moml.MoMLParser.parse(MoMLParser.java:1676)
	at ptolemy.moml.MoMLParser.parse(MoMLParser.java:1595)
	at ptolemy.moml.MoMLParser.parse(MoMLParser.java:1537)
	at ptolemy.actor.gui.PtolemyEffigy$Factory.createEffigy(PtolemyEffigy.java:424)
	at ptolemy.actor.gui.EffigyFactory.createEffigy(EffigyFactory.java:234)
	at ptolemy.actor.gui.Configuration.openModel(Configuration.java:1125)
	at ptolemy.actor.gui.Configuration.openModel(Configuration.java:1051)
	at ptolemy.actor.gui.ConfigurationApplication._openModel(ConfigurationApplication.java:1252)
	at ptolemy.actor.gui.ConfigurationApplication._parseArg(ConfigurationApplication.java:1399)
	at ptolemy.actor.gui.ConfigurationApplication._parseArgs(ConfigurationApplication.java:1478)
	at ptolemy.actor.gui.ConfigurationApplication.<init>(ConfigurationApplication.java:277)
	at ptolemy.actor.gui.ConfigurationApplication.<init>(ConfigurationApplication.java:214)
	at ptolemy.actor.gui.ConfigurationApplication.<init>(ConfigurationApplication.java:201)
	at ptolemy.actor.gui.ConfigurationApplication.openModelOrEntity(ConfigurationApplication.java:680)
	at ptolemy.vergil.basic.export.ExportModel$1.run(ExportModel.java:220)
	at java.awt.event.InvocationEvent.dispatch(InvocationEvent.java:301)
	at java.awt.EventQueue.dispatchEventImpl(EventQueue.java:756)
	at java.awt.EventQueue.access$500(EventQueue.java:97)
	at java.awt.EventQueue$3.run(EventQueue.java:709)
	at java.awt.EventQueue$3.run(EventQueue.java:703)
	at java.security.AccessController.doPrivileged(Native Method)
	at java.security.ProtectionDomain$JavaSecurityAccessImpl.doIntersectionPrivilege(ProtectionDomain.java:80)
	at java.awt.EventQueue.dispatchEvent(EventQueue.java:726)
	at java.awt.EventDispatchThread.pumpOneEventForFilters(EventDispatchThread.java:201)
	at java.awt.EventDispatchThread.pumpEventsForFilter(EventDispatchThread.java:116)
	at java.awt.EventDispatchThread.pumpEventsForHierarchy(EventDispatchThread.java:105)
	at java.awt.EventDispatchThread.pumpEvents(EventDispatchThread.java:101)
	at java.awt.EventDispatchThread.pumpEvents(EventDispatchThread.java:93)
	at java.awt.EventDispatchThread.run(EventDispatchThread.java:82)
Caused by: ptolemy.actor.ptalon.PtalonRuntimeException: Unable to add actor null
	at ptolemy.actor.ptalon.PtalonEvaluator.addActor(PtalonEvaluator.java:300)
	at ptolemy.actor.ptalon.PtalonPopulator.actor_declaration(PtalonPopulator.java:1574)
	at ptolemy.actor.ptalon.PtalonPopulator.atomic_statement(PtalonPopulator.java:1638)
	at ptolemy.actor.ptalon.PtalonPopulator.iterative_statement_evaluator(PtalonPopulator.java:2484)
	at ptolemy.actor.ptalon.AbstractPtalonEvaluator$IfTree.evaluateForScope(AbstractPtalonEvaluator.java:1307)
	at ptolemy.actor.ptalon.AbstractPtalonEvaluator.evaluateForScope(AbstractPtalonEvaluator.java:744)
	at ptolemy.actor.ptalon.PtalonPopulator.iterative_statement(PtalonPopulator.java:2363)
	at ptolemy.actor.ptalon.PtalonPopulator.actor_definition(PtalonPopulator.java:2809)
	at ptolemy.actor.ptalon.PtalonActor.attributeChanged(PtalonActor.java:206)
	... 48 more
Caused by: ptolemy.kernel.util.InternalErrorException: Element <entity name="sender1" class="ptolemy.actor.ptalon.demo.ptinyos.SendAndReceiveCnt.CntToLedsAndRfm"> caused an exception to be thrown.
  in .SendAndReceiveCnt.SendAndReceiveCnt
Because:
Cannot find class: ptolemy.actor.ptalon.demo.ptinyos.SendAndReceiveCnt.CntToLedsAndRfm. In Ptolemy, classes are typically Java .class files. Entities like actors may instead be defined within a .xml file.  In any case, the class was not found. If the class uses a third party package, then the class would be present only if the third party package was found at compile time.  It may be necessary to upgrade Java or install the third party package, reconfigure and recompile.
Because:
Element <entity name="MicaLeds" class="ptolemy.domains.ptinyos.lib.MicaLeds"> caused an exception to be thrown.
  in .CntToLedsAndRfm
Because:
Cannot find class: ptolemy.domains.ptinyos.lib.MicaLeds. In Ptolemy, classes are typically Java .class files. Entities like actors may instead be defined within a .xml file.  In any case, the class was not found. If the class uses a third party package, then the class would be present only if the third party package was found at compile time.  It may be necessary to upgrade Java or install the third party package, reconfigure and recompile.
Because:
-- /home/travis/build/icyphy/ptII/ptolemy/actor/ptalon/demo/ptinyos/SendAndReceiveCnt/ptolemy/domains/ptinyos/lib/MicaLeds.xml (No such file or directory)
-- XML file not found relative to classpath.
-- /home/travis/build/icyphy/ptII/ptolemy/vergil/basic/export/test/ptolemy/domains/ptinyos/lib/MicaLeds.xml
/home/travis/build/icyphy/ptII/ptolemy/vergil/basic/export/test/ptolemy/domains/ptinyos/lib/MicaLeds.xml (No such file or directory)
 in file:/home/travis/build/icyphy/ptII/ptolemy/actor/ptalon/demo/ptinyos/SendAndReceiveCnt/CntToLedsAndRfm.xml at line 132 and column 63
	at ptolemy.moml.SimpleErrorHandler.handleError(SimpleErrorHandler.java:75)
	at ptolemy.moml.MoMLParser.startElement(MoMLParser.java:3805)
	at com.microstar.xml.XmlParser.parseElement(XmlParser.java:931)
	at com.microstar.xml.XmlParser.parseDocument(XmlParser.java:481)
	at com.microstar.xml.XmlParser.doParse(XmlParser.java:159)
	at com.microstar.xml.XmlParser.parse(XmlParser.java:132)
	at ptolemy.moml.MoMLParser.parse(MoMLParser.java:1660)
	at ptolemy.moml.MoMLParser.parse(MoMLParser.java:1617)
	at ptolemy.moml.MoMLParser.parse(MoMLParser.java:1792)
	at ptolemy.actor.ptalon.PtalonEvaluator.addActor(PtalonEvaluator.java:241)
	... 56 more
Caused by: ptolemy.kernel.util.IllegalActionException: Cannot find class: ptolemy.actor.ptalon.demo.ptinyos.SendAndReceiveCnt.CntToLedsAndRfm. In Ptolemy, classes are typically Java .class files. Entities like actors may instead be defined within a .xml file.  In any case, the class was not found. If the class uses a third party package, then the class would be present only if the third party package was found at compile time.  It may be necessary to upgrade Java or install the third party package, reconfigure and recompile.
Because:
Element <entity name="MicaLeds" class="ptolemy.domains.ptinyos.lib.MicaLeds"> caused an exception to be thrown.
  in .CntToLedsAndRfm
Because:
Cannot find class: ptolemy.domains.ptinyos.lib.MicaLeds. In Ptolemy, classes are typically Java .class files. Entities like actors may instead be defined within a .xml file.  In any case, the class was not found. If the class uses a third party package, then the class would be present only if the third party package was found at compile time.  It may be necessary to upgrade Java or install the third party package, reconfigure and recompile.
Because:
-- /home/travis/build/icyphy/ptII/ptolemy/actor/ptalon/demo/ptinyos/SendAndReceiveCnt/ptolemy/domains/ptinyos/lib/MicaLeds.xml (No such file or directory)
-- XML file not found relative to classpath.
-- /home/travis/build/icyphy/ptII/ptolemy/vergil/basic/export/test/ptolemy/domains/ptinyos/lib/MicaLeds.xml
/home/travis/build/icyphy/ptII/ptolemy/vergil/basic/export/test/ptolemy/domains/ptinyos/lib/MicaLeds.xml (No such file or directory)
 in file:/home/travis/build/icyphy/ptII/ptolemy/actor/ptalon/demo/ptinyos/SendAndReceiveCnt/CntToLedsAndRfm.xml at line 132 and column 63
	at ptolemy.moml.MoMLParser._createEntity(MoMLParser.java:4330)
	at ptolemy.moml.MoMLParser.startElement(MoMLParser.java:2864)
	... 64 more
Caused by: ptolemy.kernel.util.InternalErrorException: Element <entity name="MicaLeds" class="ptolemy.domains.ptinyos.lib.MicaLeds"> caused an exception to be thrown.
  in .CntToLedsAndRfm
Because:
Cannot find class: ptolemy.domains.ptinyos.lib.MicaLeds. In Ptolemy, classes are typically Java .class files. Entities like actors may instead be defined within a .xml file.  In any case, the class was not found. If the class uses a third party package, then the class would be present only if the third party package was found at compile time.  It may be necessary to upgrade Java or install the third party package, reconfigure and recompile.
Because:
-- /home/travis/build/icyphy/ptII/ptolemy/actor/ptalon/demo/ptinyos/SendAndReceiveCnt/ptolemy/domains/ptinyos/lib/MicaLeds.xml (No such file or directory)
-- XML file not found relative to classpath.
-- /home/travis/build/icyphy/ptII/ptolemy/vergil/basic/export/test/ptolemy/domains/ptinyos/lib/MicaLeds.xml
/home/travis/build/icyphy/ptII/ptolemy/vergil/basic/export/test/ptolemy/domains/ptinyos/lib/MicaLeds.xml (No such file or directory)
 in file:/home/travis/build/icyphy/ptII/ptolemy/actor/ptalon/demo/ptinyos/SendAndReceiveCnt/CntToLedsAndRfm.xml at line 132 and column 63
	at ptolemy.moml.SimpleErrorHandler.handleError(SimpleErrorHandler.java:75)
	at ptolemy.moml.MoMLParser.startElement(MoMLParser.java:3805)
	at com.microstar.xml.XmlParser.parseElement(XmlParser.java:921)
	at com.microstar.xml.XmlParser.parseContent(XmlParser.java:1104)
	at com.microstar.xml.XmlParser.parseElement(XmlParser.java:924)
	at com.microstar.xml.XmlParser.parseDocument(XmlParser.java:481)
	at com.microstar.xml.XmlParser.doParse(XmlParser.java:159)
	at com.microstar.xml.XmlParser.parse(XmlParser.java:132)
	at ptolemy.moml.MoMLParser.parse(MoMLParser.java:1676)
	at ptolemy.moml.MoMLParser.parse(MoMLParser.java:1595)
	at ptolemy.moml.MoMLParser.parse(MoMLParser.java:1537)
	at ptolemy.moml.MoMLParser._findOrParse(MoMLParser.java:5286)
	at ptolemy.moml.MoMLParser._attemptToFindMoMLClass(MoMLParser.java:4075)
	at ptolemy.moml.MoMLParser._createEntity(MoMLParser.java:4323)
	... 65 more
Caused by: ptolemy.kernel.util.IllegalActionException: Cannot find class: ptolemy.domains.ptinyos.lib.MicaLeds. In Ptolemy, classes are typically Java .class files. Entities like actors may instead be defined within a .xml file.  In any case, the class was not found. If the class uses a third party package, then the class would be present only if the third party package was found at compile time.  It may be necessary to upgrade Java or install the third party package, reconfigure and recompile.
Because:
-- /home/travis/build/icyphy/ptII/ptolemy/actor/ptalon/demo/ptinyos/SendAndReceiveCnt/ptolemy/domains/ptinyos/lib/MicaLeds.xml (No such file or directory)
-- XML file not found relative to classpath.
-- /home/travis/build/icyphy/ptII/ptolemy/vergil/basic/export/test/ptolemy/domains/ptinyos/lib/MicaLeds.xml
/home/travis/build/icyphy/ptII/ptolemy/vergil/basic/export/test/ptolemy/domains/ptinyos/lib/MicaLeds.xml (No such file or directory)
 in file:/home/travis/build/icyphy/ptII/ptolemy/actor/ptalon/demo/ptinyos/SendAndReceiveCnt/CntToLedsAndRfm.xml at line 132 and column 63
	at ptolemy.moml.MoMLParser._createEntity(MoMLParser.java:4330)
	at ptolemy.moml.MoMLParser.startElement(MoMLParser.java:2864)
	... 77 more
Caused by: com.microstar.xml.XmlException: -- /home/travis/build/icyphy/ptII/ptolemy/actor/ptalon/demo/ptinyos/SendAndReceiveCnt/ptolemy/domains/ptinyos/lib/MicaLeds.xml (No such file or directory)
-- XML file not found relative to classpath.
-- /home/travis/build/icyphy/ptII/ptolemy/vergil/basic/export/test/ptolemy/domains/ptinyos/lib/MicaLeds.xml
/home/travis/build/icyphy/ptII/ptolemy/vergil/basic/export/test/ptolemy/domains/ptinyos/lib/MicaLeds.xml (No such file or directory)
 in file:/home/travis/build/icyphy/ptII/ptolemy/actor/ptalon/demo/ptinyos/SendAndReceiveCnt/CntToLedsAndRfm.xml at line 132 and column 63
	at ptolemy.moml.MoMLParser.fileNameToURL(MoMLParser.java:1414)
	at ptolemy.moml.MoMLParser._findOrParse(MoMLParser.java:5283)
	at ptolemy.moml.MoMLParser._attemptToFindMoMLClass(MoMLParser.java:4075)
	at ptolemy.moml.MoMLParser._createEntity(MoMLParser.java:4323)
	... 78 more
Caused by: ptolemy.actor.ptalon.PtalonRuntimeException: Unable to add actor null
	at ptolemy.actor.ptalon.PtalonEvaluator.addActor(PtalonEvaluator.java:300)
	at ptolemy.actor.ptalon.PtalonPopulator.actor_declaration(PtalonPopulator.java:1574)
	at ptolemy.actor.ptalon.PtalonPopulator.atomic_statement(PtalonPopulator.java:1638)
	at ptolemy.actor.ptalon.PtalonPopulator.iterative_statement_evaluator(PtalonPopulator.java:2484)
	at ptolemy.actor.ptalon.AbstractPtalonEvaluator$IfTree.evaluateForScope(AbstractPtalonEvaluator.java:1307)
	at ptolemy.actor.ptalon.AbstractPtalonEvaluator.evaluateForScope(AbstractPtalonEvaluator.java:744)
	at ptolemy.actor.ptalon.PtalonPopulator.iterative_statement(PtalonPopulator.java:2363)
	at ptolemy.actor.ptalon.PtalonPopulator.actor_definition(PtalonPopulator.java:2809)
	at ptolemy.actor.ptalon.PtalonActor.attributeChanged(PtalonActor.java:206)
	at ptolemy.actor.ptalon.PtalonMLHandler.startElement(PtalonMLHandler.java:134)
	at com.microstar.xml.XmlParser.parseElement(XmlParser.java:921)
	at com.microstar.xml.XmlParser.parseContent(XmlParser.java:1104)
	at com.microstar.xml.XmlParser.parseElement(XmlParser.java:924)
	at com.microstar.xml.XmlParser.parseDocument(XmlParser.java:481)
	at com.microstar.xml.XmlParser.doParse(XmlParser.java:159)
	at com.microstar.xml.XmlParser.parse(XmlParser.java:132)
	at ptolemy.actor.ptalon.PtalonActor.configure(PtalonActor.java:240)
	at ptolemy.moml.MoMLParser.endElement(MoMLParser.java:996)
	at com.microstar.xml.XmlParser.parseETag(XmlParser.java:1026)
	at com.microstar.xml.XmlParser.parseContent(XmlParser.java:1098)
	at com.microstar.xml.XmlParser.parseElement(XmlParser.java:924)
	at com.microstar.xml.XmlParser.parseContent(XmlParser.java:1104)
	at com.microstar.xml.XmlParser.parseElement(XmlParser.java:924)
	at com.microstar.xml.XmlParser.parseContent(XmlParser.java:1104)
	at com.microstar.xml.XmlParser.parseElement(XmlParser.java:924)
	at com.microstar.xml.XmlParser.parseDocument(XmlParser.java:481)
	at com.microstar.xml.XmlParser.doParse(XmlParser.java:159)
	at com.microstar.xml.XmlParser.parse(XmlParser.java:132)
	at ptolemy.moml.MoMLParser.parse(MoMLParser.java:1676)
	at ptolemy.moml.MoMLParser.parse(MoMLParser.java:1595)
	at ptolemy.moml.MoMLParser.parse(MoMLParser.java:1537)
	at ptolemy.actor.gui.PtolemyEffigy$Factory.createEffigy(PtolemyEffigy.java:424)
	at ptolemy.actor.gui.EffigyFactory.createEffigy(EffigyFactory.java:234)
	at ptolemy.actor.gui.Configuration.openModel(Configuration.java:1125)
	at ptolemy.actor.gui.Configuration.openModel(Configuration.java:1051)
	at ptolemy.actor.gui.ConfigurationApplication._openModel(ConfigurationApplication.java:1252)
	at ptolemy.actor.gui.ConfigurationApplication._parseArg(ConfigurationApplication.java:1399)
	at ptolemy.actor.gui.ConfigurationApplication._parseArgs(ConfigurationApplication.java:1478)
	at ptolemy.actor.gui.ConfigurationApplication.<init>(ConfigurationApplication.java:277)
	at ptolemy.actor.gui.ConfigurationApplication.<init>(ConfigurationApplication.java:214)
	at ptolemy.actor.gui.ConfigurationApplication.<init>(ConfigurationApplication.java:201)
	at ptolemy.actor.gui.ConfigurationApplication.openModelOrEntity(ConfigurationApplication.java:680)
	at ptolemy.vergil.basic.export.ExportModel$1.run(ExportModel.java:220)
	at java.awt.event.InvocationEvent.dispatch(InvocationEvent.java:301)
	at java.awt.EventQueue.dispatchEventImpl(EventQueue.java:756)
	at java.awt.EventQueue.access$500(EventQueue.java:97)
	at java.awt.EventQueue$3.run(EventQueue.java:709)
	at java.awt.EventQueue$3.run(EventQueue.java:703)
	at java.security.AccessController.doPrivileged(Native Method)
	at java.security.ProtectionDomain$JavaSecurityAccessImpl.doIntersectionPrivilege(ProtectionDomain.java:80)
	at java.awt.EventQueue.dispatchEvent(EventQueue.java:726)
	at java.awt.EventDispatchThread.pumpOneEventForFilters(EventDispatchThread.java:201)
	at java.awt.EventDispatchThread.pumpEventsForFilter(EventDispatchThread.java:116)
	at java.awt.EventDispatchThread.pumpEventsForHierarchy(EventDispatchThread.java:105)
	at java.awt.EventDispatchThread.pumpEvents(EventDispatchThread.java:101)
	at java.awt.EventDispatchThread.pumpEvents(EventDispatchThread.java:93)
	at java.awt.EventDispatchThread.run(EventDispatchThread.java:82)
Caused by: ptolemy.kernel.util.InternalErrorException: Element <entity name="sender1" class="ptolemy.actor.ptalon.demo.ptinyos.SendAndReceiveCnt.CntToLedsAndRfm"> caused an exception to be thrown.
  in .SendAndReceiveCnt.SendAndReceiveCnt
Because:
Cannot find class: ptolemy.actor.ptalon.demo.ptinyos.SendAndReceiveCnt.CntToLedsAndRfm. In Ptolemy, classes are typically Java .class files. Entities like actors may instead be defined within a .xml file.  In any case, the class was not found. If the class uses a third party package, then the class would be present only if the third party package was found at compile time.  It may be necessary to upgrade Java or install the third party package, reconfigure and recompile.
Because:
Element <entity name="MicaLeds" class="ptolemy.domains.ptinyos.lib.MicaLeds"> caused an exception to be thrown.
  in .CntToLedsAndRfm
Because:
Cannot find class: ptolemy.domains.ptinyos.lib.MicaLeds. In Ptolemy, classes are typically Java .class files. Entities like actors may instead be defined within a .xml file.  In any case, the class was not found. If the class uses a third party package, then the class would be present only if the third party package was found at compile time.  It may be necessary to upgrade Java or install the third party package, reconfigure and recompile.
Because:
-- /home/travis/build/icyphy/ptII/ptolemy/actor/ptalon/demo/ptinyos/SendAndReceiveCnt/ptolemy/domains/ptinyos/lib/MicaLeds.xml (No such file or directory)
-- XML file not found relative to classpath.
-- /home/travis/build/icyphy/ptII/ptolemy/vergil/basic/export/test/ptolemy/domains/ptinyos/lib/MicaLeds.xml
/home/travis/build/icyphy/ptII/ptolemy/vergil/basic/export/test/ptolemy/domains/ptinyos/lib/MicaLeds.xml (No such file or directory)
 in file:/home/travis/build/icyphy/ptII/ptolemy/actor/ptalon/demo/ptinyos/SendAndReceiveCnt/CntToLedsAndRfm.xml at line 132 and column 63
	at ptolemy.moml.SimpleErrorHandler.handleError(SimpleErrorHandler.java:75)
	at ptolemy.moml.MoMLParser.startElement(MoMLParser.java:3805)
	at com.microstar.xml.XmlParser.parseElement(XmlParser.java:931)
	at com.microstar.xml.XmlParser.parseDocument(XmlParser.java:481)
	at com.microstar.xml.XmlParser.doParse(XmlParser.java:159)
	at com.microstar.xml.XmlParser.parse(XmlParser.java:132)
	at ptolemy.moml.MoMLParser.parse(MoMLParser.java:1660)
	at ptolemy.moml.MoMLParser.parse(MoMLParser.java:1617)
	at ptolemy.moml.MoMLParser.parse(MoMLParser.java:1792)
	at ptolemy.actor.ptalon.PtalonEvaluator.addActor(PtalonEvaluator.java:241)
	... 56 more
Caused by: ptolemy.kernel.util.IllegalActionException: Cannot find class: ptolemy.actor.ptalon.demo.ptinyos.SendAndReceiveCnt.CntToLedsAndRfm. In Ptolemy, classes are typically Java .class files. Entities like actors may instead be defined within a .xml file.  In any case, the class was not found. If the class uses a third party package, then the class would be present only if the third party package was found at compile time.  It may be necessary to upgrade Java or install the third party package, reconfigure and recompile.
Because:
Element <entity name="MicaLeds" class="ptolemy.domains.ptinyos.lib.MicaLeds"> caused an exception to be thrown.
  in .CntToLedsAndRfm
Because:
Cannot find class: ptolemy.domains.ptinyos.lib.MicaLeds. In Ptolemy, classes are typically Java .class files. Entities like actors may instead be defined within a .xml file.  In any case, the class was not found. If the class uses a third party package, then the class would be present only if the third party package was found at compile time.  It may be necessary to upgrade Java or install the third party package, reconfigure and recompile.
Because:
-- /home/travis/build/icyphy/ptII/ptolemy/actor/ptalon/demo/ptinyos/SendAndReceiveCnt/ptolemy/domains/ptinyos/lib/MicaLeds.xml (No such file or directory)
-- XML file not found relative to classpath.
-- /home/travis/build/icyphy/ptII/ptolemy/vergil/basic/export/test/ptolemy/domains/ptinyos/lib/MicaLeds.xml
/home/travis/build/icyphy/ptII/ptolemy/vergil/basic/export/test/ptolemy/domains/ptinyos/lib/MicaLeds.xml (No such file or directory)
 in file:/home/travis/build/icyphy/ptII/ptolemy/actor/ptalon/demo/ptinyos/SendAndReceiveCnt/CntToLedsAndRfm.xml at line 132 and column 63
	at ptolemy.moml.MoMLParser._createEntity(MoMLParser.java:4330)
	at ptolemy.moml.MoMLParser.startElement(MoMLParser.java:2864)
	... 64 more
Caused by: ptolemy.kernel.util.InternalErrorException: Element <entity name="MicaLeds" class="ptolemy.domains.ptinyos.lib.MicaLeds"> caused an exception to be thrown.
  in .CntToLedsAndRfm
Because:
Cannot find class: ptolemy.domains.ptinyos.lib.MicaLeds. In Ptolemy, classes are typically Java .class files. Entities like actors may instead be defined within a .xml file.  In any case, the class was not found. If the class uses a third party package, then the class would be present only if the third party package was found at compile time.  It may be necessary to upgrade Java or install the third party package, reconfigure and recompile.
Because:
-- /home/travis/build/icyphy/ptII/ptolemy/actor/ptalon/demo/ptinyos/SendAndReceiveCnt/ptolemy/domains/ptinyos/lib/MicaLeds.xml (No such file or directory)
-- XML file not found relative to classpath.
-- /home/travis/build/icyphy/ptII/ptolemy/vergil/basic/export/test/ptolemy/domains/ptinyos/lib/MicaLeds.xml
/home/travis/build/icyphy/ptII/ptolemy/vergil/basic/export/test/ptolemy/domains/ptinyos/lib/MicaLeds.xml (No such file or directory)
 in file:/home/travis/build/icyphy/ptII/ptolemy/actor/ptalon/demo/ptinyos/SendAndReceiveCnt/CntToLedsAndRfm.xml at line 132 and column 63
	at ptolemy.moml.SimpleErrorHandler.handleError(SimpleErrorHandler.java:75)
	at ptolemy.moml.MoMLParser.startElement(MoMLParser.java:3805)
	at com.microstar.xml.XmlParser.parseElement(XmlParser.java:921)
	at com.microstar.xml.XmlParser.parseContent(XmlParser.java:1104)
	at com.microstar.xml.XmlParser.parseElement(XmlParser.java:924)
	at com.microstar.xml.XmlParser.parseDocument(XmlParser.java:481)
	at com.microstar.xml.XmlParser.doParse(XmlParser.java:159)
	at com.microstar.xml.XmlParser.parse(XmlParser.java:132)
	at ptolemy.moml.MoMLParser.parse(MoMLParser.java:1676)
	at ptolemy.moml.MoMLParser.parse(MoMLParser.java:1595)
	at ptolemy.moml.MoMLParser.parse(MoMLParser.java:1537)
	at ptolemy.moml.MoMLParser._findOrParse(MoMLParser.java:5286)
	at ptolemy.moml.MoMLParser._attemptToFindMoMLClass(MoMLParser.java:4075)
	at ptolemy.moml.MoMLParser._createEntity(MoMLParser.java:4323)
	... 65 more
Caused by: ptolemy.kernel.util.IllegalActionException: Cannot find class: ptolemy.domains.ptinyos.lib.MicaLeds. In Ptolemy, classes are typically Java .class files. Entities like actors may instead be defined within a .xml file.  In any case, the class was not found. If the class uses a third party package, then the class would be present only if the third party package was found at compile time.  It may be necessary to upgrade Java or install the third party package, reconfigure and recompile.
Because:
-- /home/travis/build/icyphy/ptII/ptolemy/actor/ptalon/demo/ptinyos/SendAndReceiveCnt/ptolemy/domains/ptinyos/lib/MicaLeds.xml (No such file or directory)
-- XML file not found relative to classpath.
-- /home/travis/build/icyphy/ptII/ptolemy/vergil/basic/export/test/ptolemy/domains/ptinyos/lib/MicaLeds.xml
/home/travis/build/icyphy/ptII/ptolemy/vergil/basic/export/test/ptolemy/domains/ptinyos/lib/MicaLeds.xml (No such file or directory)
 in file:/home/travis/build/icyphy/ptII/ptolemy/actor/ptalon/demo/ptinyos/SendAndReceiveCnt/CntToLedsAndRfm.xml at line 132 and column 63
	at ptolemy.moml.MoMLParser._createEntity(MoMLParser.java:4330)
	at ptolemy.moml.MoMLParser.startElement(MoMLParser.java:2864)
	... 77 more
Caused by: com.microstar.xml.XmlException: -- /home/travis/build/icyphy/ptII/ptolemy/actor/ptalon/demo/ptinyos/SendAndReceiveCnt/ptolemy/domains/ptinyos/lib/MicaLeds.xml (No such file or directory)
-- XML file not found relative to classpath.
-- /home/travis/build/icyphy/ptII/ptolemy/vergil/basic/export/test/ptolemy/domains/ptinyos/lib/MicaLeds.xml
/home/travis/build/icyphy/ptII/ptolemy/vergil/basic/export/test/ptolemy/domains/ptinyos/lib/MicaLeds.xml (No such file or directory)
 in file:/home/travis/build/icyphy/ptII/ptolemy/actor/ptalon/demo/ptinyos/SendAndReceiveCnt/CntToLedsAndRfm.xml at line 132 and column 63
	at ptolemy.moml.MoMLParser.fileNameToURL(MoMLParser.java:1414)
	at ptolemy.moml.MoMLParser._findOrParse(MoMLParser.java:5283)
	at ptolemy.moml.MoMLParser._attemptToFindMoMLClass(MoMLParser.java:4075)
	at ptolemy.moml.MoMLParser._createEntity(MoMLParser.java:4323)
	... 78 more
Failed to read file:/home/travis/build/icyphy/ptII/ptolemy/actor/ptalon/demo/ptinyos/SendAndReceiveCnt/SendAndReceiveCnt.xml
ptolemy.kernel.util.IllegalActionException: Failed to process attribute change to PtalonParameter, whose value is "ptolemy.actor.ptalon.PtalonExpressionParameter {.SendAndReceiveCnt.SendAndReceiveCnt.channelName} "AtomicWirelessChannel"".
  in .SendAndReceiveCnt.SendAndReceiveCnt
Because:
Unable to add actor null
	at ptolemy.actor.ptalon.PtalonActor.attributeChanged(PtalonActor.java:211)
	at ptolemy.actor.ptalon.PtalonMLHandler.startElement(PtalonMLHandler.java:134)
	at com.microstar.xml.XmlParser.parseElement(XmlParser.java:921)
	at com.microstar.xml.XmlParser.parseContent(XmlParser.java:1104)
	at com.microstar.xml.XmlParser.parseElement(XmlParser.java:924)
	at com.microstar.xml.XmlParser.parseDocument(XmlParser.java:481)
	at com.microstar.xml.XmlParser.doParse(XmlParser.java:159)
	at com.microstar.xml.XmlParser.parse(XmlParser.java:132)
	at ptolemy.actor.ptalon.PtalonActor.configure(PtalonActor.java:240)
	at ptolemy.moml.MoMLParser.endElement(MoMLParser.java:996)
	at com.microstar.xml.XmlParser.parseETag(XmlParser.java:1026)
	at com.microstar.xml.XmlParser.parseContent(XmlParser.java:1098)
	at com.microstar.xml.XmlParser.parseElement(XmlParser.java:924)
	at com.microstar.xml.XmlParser.parseContent(XmlParser.java:1104)
	at com.microstar.xml.XmlParser.parseElement(XmlParser.java:924)
	at com.microstar.xml.XmlParser.parseContent(XmlParser.java:1104)
	at com.microstar.xml.XmlParser.parseElement(XmlParser.java:924)
	at com.microstar.xml.XmlParser.parseDocument(XmlParser.java:481)
	at com.microstar.xml.XmlParser.doParse(XmlParser.java:159)
	at com.microstar.xml.XmlParser.parse(XmlParser.java:132)
	at ptolemy.moml.MoMLParser.parse(MoMLParser.java:1676)
	at ptolemy.moml.MoMLParser.parse(MoMLParser.java:1595)
	at ptolemy.moml.MoMLParser.parse(MoMLParser.java:1537)
	at ptolemy.actor.gui.PtolemyEffigy$Factory.createEffigy(PtolemyEffigy.java:424)
	at ptolemy.actor.gui.EffigyFactory.createEffigy(EffigyFactory.java:234)
	at ptolemy.actor.gui.Configuration.openModel(Configuration.java:1125)
	at ptolemy.actor.gui.Configuration.openModel(Configuration.java:1051)
	at ptolemy.actor.gui.ConfigurationApplication._openModel(ConfigurationApplication.java:1252)
	at ptolemy.actor.gui.ConfigurationApplication._parseArg(ConfigurationApplication.java:1399)
	at ptolemy.actor.gui.ConfigurationApplication._parseArgs(ConfigurationApplication.java:1478)
	at ptolemy.actor.gui.ConfigurationApplication.<init>(ConfigurationApplication.java:277)
	at ptolemy.actor.gui.ConfigurationApplication.<init>(ConfigurationApplication.java:214)
	at ptolemy.actor.gui.ConfigurationApplication.<init>(ConfigurationApplication.java:201)
	at ptolemy.actor.gui.ConfigurationApplication.openModelOrEntity(ConfigurationApplication.java:680)
	at ptolemy.vergil.basic.export.ExportModel$1.run(ExportModel.java:220)
	at java.awt.event.InvocationEvent.dispatch(InvocationEvent.java:301)
	at java.awt.EventQueue.dispatchEventImpl(EventQueue.java:756)
	at java.awt.EventQueue.access$500(EventQueue.java:97)
	at java.awt.EventQueue$3.run(EventQueue.java:709)
	at java.awt.EventQueue$3.run(EventQueue.java:703)
	at java.security.AccessController.doPrivileged(Native Method)
	at java.security.ProtectionDomain$JavaSecurityAccessImpl.doIntersectionPrivilege(ProtectionDomain.java:80)
	at java.awt.EventQueue.dispatchEvent(EventQueue.java:726)
	at java.awt.EventDispatchThread.pumpOneEventForFilters(EventDispatchThread.java:201)
	at java.awt.EventDispatchThread.pumpEventsForFilter(EventDispatchThread.java:116)
	at java.awt.EventDispatchThread.pumpEventsForHierarchy(EventDispatchThread.java:105)
	at java.awt.EventDispatchThread.pumpEvents(EventDispatchThread.java:101)
	at java.awt.EventDispatchThread.pumpEvents(EventDispatchThread.java:93)
	at java.awt.EventDispatchThread.run(EventDispatchThread.java:82)
Caused by: ptolemy.actor.ptalon.PtalonRuntimeException: Unable to add actor null
	at ptolemy.actor.ptalon.PtalonEvaluator.addActor(PtalonEvaluator.java:300)
	at ptolemy.actor.ptalon.PtalonPopulator.actor_declaration(PtalonPopulator.java:1574)
	at ptolemy.actor.ptalon.PtalonPopulator.atomic_statement(PtalonPopulator.java:1638)
	at ptolemy.actor.ptalon.PtalonPopulator.iterative_statement_evaluator(PtalonPopulator.java:2484)
	at ptolemy.actor.ptalon.AbstractPtalonEvaluator$IfTree.evaluateForScope(AbstractPtalonEvaluator.java:1307)
	at ptolemy.actor.ptalon.AbstractPtalonEvaluator.evaluateForScope(AbstractPtalonEvaluator.java:744)
	at ptolemy.actor.ptalon.PtalonPopulator.iterative_statement(PtalonPopulator.java:2363)
	at ptolemy.actor.ptalon.PtalonPopulator.actor_definition(PtalonPopulator.java:2809)
	at ptolemy.actor.ptalon.PtalonActor.attributeChanged(PtalonActor.java:206)
	... 48 more
Caused by: ptolemy.kernel.util.InternalErrorException: Element <entity name="sender1" class="ptolemy.actor.ptalon.demo.ptinyos.SendAndReceiveCnt.CntToLedsAndRfm"> caused an exception to be thrown.
  in .SendAndReceiveCnt.SendAndReceiveCnt
Because:
Cannot find class: ptolemy.actor.ptalon.demo.ptinyos.SendAndReceiveCnt.CntToLedsAndRfm. In Ptolemy, classes are typically Java .class files. Entities like actors may instead be defined within a .xml file.  In any case, the class was not found. If the class uses a third party package, then the class would be present only if the third party package was found at compile time.  It may be necessary to upgrade Java or install the third party package, reconfigure and recompile.
Because:
Element <entity name="MicaLeds" class="ptolemy.domains.ptinyos.lib.MicaLeds"> caused an exception to be thrown.
  in .CntToLedsAndRfm
Because:
Cannot find class: ptolemy.domains.ptinyos.lib.MicaLeds. In Ptolemy, classes are typically Java .class files. Entities like actors may instead be defined within a .xml file.  In any case, the class was not found. If the class uses a third party package, then the class would be present only if the third party package was found at compile time.  It may be necessary to upgrade Java or install the third party package, reconfigure and recompile.
Because:
-- /home/travis/build/icyphy/ptII/ptolemy/actor/ptalon/demo/ptinyos/SendAndReceiveCnt/ptolemy/domains/ptinyos/lib/MicaLeds.xml (No such file or directory)
-- XML file not found relative to classpath.
-- /home/travis/build/icyphy/ptII/ptolemy/vergil/basic/export/test/ptolemy/domains/ptinyos/lib/MicaLeds.xml
/home/travis/build/icyphy/ptII/ptolemy/vergil/basic/export/test/ptolemy/domains/ptinyos/lib/MicaLeds.xml (No such file or directory)
 in file:/home/travis/build/icyphy/ptII/ptolemy/actor/ptalon/demo/ptinyos/SendAndReceiveCnt/CntToLedsAndRfm.xml at line 132 and column 63
	at ptolemy.moml.SimpleErrorHandler.handleError(SimpleErrorHandler.java:75)
	at ptolemy.moml.MoMLParser.startElement(MoMLParser.java:3805)
	at com.microstar.xml.XmlParser.parseElement(XmlParser.java:931)
	at com.microstar.xml.XmlParser.parseDocument(XmlParser.java:481)
	at com.microstar.xml.XmlParser.doParse(XmlParser.java:159)
	at com.microstar.xml.XmlParser.parse(XmlParser.java:132)
	at ptolemy.moml.MoMLParser.parse(MoMLParser.java:1660)
	at ptolemy.moml.MoMLParser.parse(MoMLParser.java:1617)
	at ptolemy.moml.MoMLParser.parse(MoMLParser.java:1792)
	at ptolemy.actor.ptalon.PtalonEvaluator.addActor(PtalonEvaluator.java:241)
	... 56 more
Caused by: ptolemy.kernel.util.IllegalActionException: Cannot find class: ptolemy.actor.ptalon.demo.ptinyos.SendAndReceiveCnt.CntToLedsAndRfm. In Ptolemy, classes are typically Java .class files. Entities like actors may instead be defined within a .xml file.  In any case, the class was not found. If the class uses a third party package, then the class would be present only if the third party package was found at compile time.  It may be necessary to upgrade Java or install the third party package, reconfigure and recompile.
Because:
Element <entity name="MicaLeds" class="ptolemy.domains.ptinyos.lib.MicaLeds"> caused an exception to be thrown.
  in .CntToLedsAndRfm
Because:
Cannot find class: ptolemy.domains.ptinyos.lib.MicaLeds. In Ptolemy, classes are typically Java .class files. Entities like actors may instead be defined within a .xml file.  In any case, the class was not found. If the class uses a third party package, then the class would be present only if the third party package was found at compile time.  It may be necessary to upgrade Java or install the third party package, reconfigure and recompile.
Because:
-- /home/travis/build/icyphy/ptII/ptolemy/actor/ptalon/demo/ptinyos/SendAndReceiveCnt/ptolemy/domains/ptinyos/lib/MicaLeds.xml (No such file or directory)
-- XML file not found relative to classpath.
-- /home/travis/build/icyphy/ptII/ptolemy/vergil/basic/export/test/ptolemy/domains/ptinyos/lib/MicaLeds.xml
/home/travis/build/icyphy/ptII/ptolemy/vergil/basic/export/test/ptolemy/domains/ptinyos/lib/MicaLeds.xml (No such file or directory)
 in file:/home/travis/build/icyphy/ptII/ptolemy/actor/ptalon/demo/ptinyos/SendAndReceiveCnt/CntToLedsAndRfm.xml at line 132 and column 63
	at ptolemy.moml.MoMLParser._createEntity(MoMLParser.java:4330)
	at ptolemy.moml.MoMLParser.startElement(MoMLParser.java:2864)
	... 64 more
Caused by: ptolemy.kernel.util.InternalErrorException: Element <entity name="MicaLeds" class="ptolemy.domains.ptinyos.lib.MicaLeds"> caused an exception to be thrown.
  in .CntToLedsAndRfm
Because:
Cannot find class: ptolemy.domains.ptinyos.lib.MicaLeds. In Ptolemy, classes are typically Java .class files. Entities like actors may instead be defined within a .xml file.  In any case, the class was not found. If the class uses a third party package, then the class would be present only if the third party package was found at compile time.  It may be necessary to upgrade Java or install the third party package, reconfigure and recompile.
Because:
-- /home/travis/build/icyphy/ptII/ptolemy/actor/ptalon/demo/ptinyos/SendAndReceiveCnt/ptolemy/domains/ptinyos/lib/MicaLeds.xml (No such file or directory)
-- XML file not found relative to classpath.
-- /home/travis/build/icyphy/ptII/ptolemy/vergil/basic/export/test/ptolemy/domains/ptinyos/lib/MicaLeds.xml
/home/travis/build/icyphy/ptII/ptolemy/vergil/basic/export/test/ptolemy/domains/ptinyos/lib/MicaLeds.xml (No such file or directory)
 in file:/home/travis/build/icyphy/ptII/ptolemy/actor/ptalon/demo/ptinyos/SendAndReceiveCnt/CntToLedsAndRfm.xml at line 132 and column 63
	at ptolemy.moml.SimpleErrorHandler.handleError(SimpleErrorHandler.java:75)
	at ptolemy.moml.MoMLParser.startElement(MoMLParser.java:3805)
	at com.microstar.xml.XmlParser.parseElement(XmlParser.java:921)
	at com.microstar.xml.XmlParser.parseContent(XmlParser.java:1104)
	at com.microstar.xml.XmlParser.parseElement(XmlParser.java:924)
	at com.microstar.xml.XmlParser.parseDocument(XmlParser.java:481)
	at com.microstar.xml.XmlParser.doParse(XmlParser.java:159)
	at com.microstar.xml.XmlParser.parse(XmlParser.java:132)
	at ptolemy.moml.MoMLParser.parse(MoMLParser.java:1676)
	at ptolemy.moml.MoMLParser.parse(MoMLParser.java:1595)
	at ptolemy.moml.MoMLParser.parse(MoMLParser.java:1537)
	at ptolemy.moml.MoMLParser._findOrParse(MoMLParser.java:5286)
	at ptolemy.moml.MoMLParser._attemptToFindMoMLClass(MoMLParser.java:4075)
	at ptolemy.moml.MoMLParser._createEntity(MoMLParser.java:4323)
	... 65 more
Caused by: ptolemy.kernel.util.IllegalActionException: Cannot find class: ptolemy.domains.ptinyos.lib.MicaLeds. In Ptolemy, classes are typically Java .class files. Entities like actors may instead be defined within a .xml file.  In any case, the class was not found. If the class uses a third party package, then the class would be present only if the third party package was found at compile time.  It may be necessary to upgrade Java or install the third party package, reconfigure and recompile.
Because:
-- /home/travis/build/icyphy/ptII/ptolemy/actor/ptalon/demo/ptinyos/SendAndReceiveCnt/ptolemy/domains/ptinyos/lib/MicaLeds.xml (No such file or directory)
-- XML file not found relative to classpath.
-- /home/travis/build/icyphy/ptII/ptolemy/vergil/basic/export/test/ptolemy/domains/ptinyos/lib/MicaLeds.xml
/home/travis/build/icyphy/ptII/ptolemy/vergil/basic/export/test/ptolemy/domains/ptinyos/lib/MicaLeds.xml (No such file or directory)
 in file:/home/travis/build/icyphy/ptII/ptolemy/actor/ptalon/demo/ptinyos/SendAndReceiveCnt/CntToLedsAndRfm.xml at line 132 and column 63
	at ptolemy.moml.MoMLParser._createEntity(MoMLParser.java:4330)
	at ptolemy.moml.MoMLParser.startElement(MoMLParser.java:2864)
	... 77 more
Caused by: com.microstar.xml.XmlException: -- /home/travis/build/icyphy/ptII/ptolemy/actor/ptalon/demo/ptinyos/SendAndReceiveCnt/ptolemy/domains/ptinyos/lib/MicaLeds.xml (No such file or directory)
-- XML file not found relative to classpath.
-- /home/travis/build/icyphy/ptII/ptolemy/vergil/basic/export/test/ptolemy/domains/ptinyos/lib/MicaLeds.xml
/home/travis/build/icyphy/ptII/ptolemy/vergil/basic/export/test/ptolemy/domains/ptinyos/lib/MicaLeds.xml (No such file or directory)
 in file:/home/travis/build/icyphy/ptII/ptolemy/actor/ptalon/demo/ptinyos/SendAndReceiveCnt/CntToLedsAndRfm.xml at line 132 and column 63
	at ptolemy.moml.MoMLParser.fileNameToURL(MoMLParser.java:1414)
	at ptolemy.moml.MoMLParser._findOrParse(MoMLParser.java:5283)
	at ptolemy.moml.MoMLParser._attemptToFindMoMLClass(MoMLParser.java:4075)
	at ptolemy.moml.MoMLParser._createEntity(MoMLParser.java:4323)
	... 78 more
Caused by: ptolemy.actor.ptalon.PtalonRuntimeException: Unable to add actor null
	at ptolemy.actor.ptalon.PtalonEvaluator.addActor(PtalonEvaluator.java:300)
	at ptolemy.actor.ptalon.PtalonPopulator.actor_declaration(PtalonPopulator.java:1574)
	at ptolemy.actor.ptalon.PtalonPopulator.atomic_statement(PtalonPopulator.java:1638)
	at ptolemy.actor.ptalon.PtalonPopulator.iterative_statement_evaluator(PtalonPopulator.java:2484)
	at ptolemy.actor.ptalon.AbstractPtalonEvaluator$IfTree.evaluateForScope(AbstractPtalonEvaluator.java:1307)
	at ptolemy.actor.ptalon.AbstractPtalonEvaluator.evaluateForScope(AbstractPtalonEvaluator.java:744)
	at ptolemy.actor.ptalon.PtalonPopulator.iterative_statement(PtalonPopulator.java:2363)
	at ptolemy.actor.ptalon.PtalonPopulator.actor_definition(PtalonPopulator.java:2809)
	at ptolemy.actor.ptalon.PtalonActor.attributeChanged(PtalonActor.java:206)
	at ptolemy.actor.ptalon.PtalonMLHandler.startElement(PtalonMLHandler.java:134)
	at com.microstar.xml.XmlParser.parseElement(XmlParser.java:921)
	at com.microstar.xml.XmlParser.parseContent(XmlParser.java:1104)
	at com.microstar.xml.XmlParser.parseElement(XmlParser.java:924)
	at com.microstar.xml.XmlParser.parseDocument(XmlParser.java:481)
	at com.microstar.xml.XmlParser.doParse(XmlParser.java:159)
	at com.microstar.xml.XmlParser.parse(XmlParser.java:132)
	at ptolemy.actor.ptalon.PtalonActor.configure(PtalonActor.java:240)
	at ptolemy.moml.MoMLParser.endElement(MoMLParser.java:996)
	at com.microstar.xml.XmlParser.parseETag(XmlParser.java:1026)
	at com.microstar.xml.XmlParser.parseContent(XmlParser.java:1098)
	at com.microstar.xml.XmlParser.parseElement(XmlParser.java:924)
	at com.microstar.xml.XmlParser.parseContent(XmlParser.java:1104)
	at com.microstar.xml.XmlParser.parseElement(XmlParser.java:924)
	at com.microstar.xml.XmlParser.parseContent(XmlParser.java:1104)
	at com.microstar.xml.XmlParser.parseElement(XmlParser.java:924)
	at com.microstar.xml.XmlParser.parseDocument(XmlParser.java:481)
	at com.microstar.xml.XmlParser.doParse(XmlParser.java:159)
	at com.microstar.xml.XmlParser.parse(XmlParser.java:132)
	at ptolemy.moml.MoMLParser.parse(MoMLParser.java:1676)
	at ptolemy.moml.MoMLParser.parse(MoMLParser.java:1595)
	at ptolemy.moml.MoMLParser.parse(MoMLParser.java:1537)
	at ptolemy.actor.gui.PtolemyEffigy$Factory.createEffigy(PtolemyEffigy.java:424)
	at ptolemy.actor.gui.EffigyFactory.createEffigy(EffigyFactory.java:234)
	at ptolemy.actor.gui.Configuration.openModel(Configuration.java:1125)
	at ptolemy.actor.gui.Configuration.openModel(Configuration.java:1051)
	at ptolemy.actor.gui.ConfigurationApplication._openModel(ConfigurationApplication.java:1252)
	at ptolemy.actor.gui.ConfigurationApplication._parseArg(ConfigurationApplication.java:1399)
	at ptolemy.actor.gui.ConfigurationApplication._parseArgs(ConfigurationApplication.java:1478)
	at ptolemy.actor.gui.ConfigurationApplication.<init>(ConfigurationApplication.java:277)
	at ptolemy.actor.gui.ConfigurationApplication.<init>(ConfigurationApplication.java:214)
	at ptolemy.actor.gui.ConfigurationApplication.<init>(ConfigurationApplication.java:201)
	at ptolemy.actor.gui.ConfigurationApplication.openModelOrEntity(ConfigurationApplication.java:680)
	at ptolemy.vergil.basic.export.ExportModel$1.run(ExportModel.java:220)
	at java.awt.event.InvocationEvent.dispatch(InvocationEvent.java:301)
	at java.awt.EventQueue.dispatchEventImpl(EventQueue.java:756)
	at java.awt.EventQueue.access$500(EventQueue.java:97)
	at java.awt.EventQueue$3.run(EventQueue.java:709)
	at java.awt.EventQueue$3.run(EventQueue.java:703)
	at java.security.AccessController.doPrivileged(Native Method)
	at java.security.ProtectionDomain$JavaSecurityAccessImpl.doIntersectionPrivilege(ProtectionDomain.java:80)
	at java.awt.EventQueue.dispatchEvent(EventQueue.java:726)
	at java.awt.EventDispatchThread.pumpOneEventForFilters(EventDispatchThread.java:201)
	at java.awt.EventDispatchThread.pumpEventsForFilter(EventDispatchThread.java:116)
	at java.awt.EventDispatchThread.pumpEventsForHierarchy(EventDispatchThread.java:105)
	at java.awt.EventDispatchThread.pumpEvents(EventDispatchThread.java:101)
	at java.awt.EventDispatchThread.pumpEvents(EventDispatchThread.java:93)
	at java.awt.EventDispatchThread.run(EventDispatchThread.java:82)
Caused by: ptolemy.kernel.util.InternalErrorException: Element <entity name="sender1" class="ptolemy.actor.ptalon.demo.ptinyos.SendAndReceiveCnt.CntToLedsAndRfm"> caused an exception to be thrown.
  in .SendAndReceiveCnt.SendAndReceiveCnt
Because:
Cannot find class: ptolemy.actor.ptalon.demo.ptinyos.SendAndReceiveCnt.CntToLedsAndRfm. In Ptolemy, classes are typically Java .class files. Entities like actors may instead be defined within a .xml file.  In any case, the class was not found. If the class uses a third party package, then the class would be present only if the third party package was found at compile time.  It may be necessary to upgrade Java or install the third party package, reconfigure and recompile.
Because:
Element <entity name="MicaLeds" class="ptolemy.domains.ptinyos.lib.MicaLeds"> caused an exception to be thrown.
  in .CntToLedsAndRfm
Because:
Cannot find class: ptolemy.domains.ptinyos.lib.MicaLeds. In Ptolemy, classes are typically Java .class files. Entities like actors may instead be defined within a .xml file.  In any case, the class was not found. If the class uses a third party package, then the class would be present only if the third party package was found at compile time.  It may be necessary to upgrade Java or install the third party package, reconfigure and recompile.
Because:
-- /home/travis/build/icyphy/ptII/ptolemy/actor/ptalon/demo/ptinyos/SendAndReceiveCnt/ptolemy/domains/ptinyos/lib/MicaLeds.xml (No such file or directory)
-- XML file not found relative to classpath.
-- /home/travis/build/icyphy/ptII/ptolemy/vergil/basic/export/test/ptolemy/domains/ptinyos/lib/MicaLeds.xml
/home/travis/build/icyphy/ptII/ptolemy/vergil/basic/export/test/ptolemy/domains/ptinyos/lib/MicaLeds.xml (No such file or directory)
 in file:/home/travis/build/icyphy/ptII/ptolemy/actor/ptalon/demo/ptinyos/SendAndReceiveCnt/CntToLedsAndRfm.xml at line 132 and column 63
	at ptolemy.moml.SimpleErrorHandler.handleError(SimpleErrorHandler.java:75)
	at ptolemy.moml.MoMLParser.startElement(MoMLParser.java:3805)
	at com.microstar.xml.XmlParser.parseElement(XmlParser.java:931)
	at com.microstar.xml.XmlParser.parseDocument(XmlParser.java:481)
	at com.microstar.xml.XmlParser.doParse(XmlParser.java:159)
	at com.microstar.xml.XmlParser.parse(XmlParser.java:132)
	at ptolemy.moml.MoMLParser.parse(MoMLParser.java:1660)
	at ptolemy.moml.MoMLParser.parse(MoMLParser.java:1617)
	at ptolemy.moml.MoMLParser.parse(MoMLParser.java:1792)
	at ptolemy.actor.ptalon.PtalonEvaluator.addActor(PtalonEvaluator.java:241)
	... 56 more
Caused by: ptolemy.kernel.util.IllegalActionException: Cannot find class: ptolemy.actor.ptalon.demo.ptinyos.SendAndReceiveCnt.CntToLedsAndRfm. In Ptolemy, classes are typically Java .class files. Entities like actors may instead be defined within a .xml file.  In any case, the class was not found. If the class uses a third party package, then the class would be present only if the third party package was found at compile time.  It may be necessary to upgrade Java or install the third party package, reconfigure and recompile.
Because:
Element <entity name="MicaLeds" class="ptolemy.domains.ptinyos.lib.MicaLeds"> caused an exception to be thrown.
  in .CntToLedsAndRfm
Because:
Cannot find class: ptolemy.domains.ptinyos.lib.MicaLeds. In Ptolemy, classes are typically Java .class files. Entities like actors may instead be defined within a .xml file.  In any case, the class was not found. If the class uses a third party package, then the class would be present only if the third party package was found at compile time.  It may be necessary to upgrade Java or install the third party package, reconfigure and recompile.
Because:
-- /home/travis/build/icyphy/ptII/ptolemy/actor/ptalon/demo/ptinyos/SendAndReceiveCnt/ptolemy/domains/ptinyos/lib/MicaLeds.xml (No such file or directory)
-- XML file not found relative to classpath.
-- /home/travis/build/icyphy/ptII/ptolemy/vergil/basic/export/test/ptolemy/domains/ptinyos/lib/MicaLeds.xml
/home/travis/build/icyphy/ptII/ptolemy/vergil/basic/export/test/ptolemy/domains/ptinyos/lib/MicaLeds.xml (No such file or directory)
 in file:/home/travis/build/icyphy/ptII/ptolemy/actor/ptalon/demo/ptinyos/SendAndReceiveCnt/CntToLedsAndRfm.xml at line 132 and column 63
	at ptolemy.moml.MoMLParser._createEntity(MoMLParser.java:4330)
	at ptolemy.moml.MoMLParser.startElement(MoMLParser.java:2864)
	... 64 more
Caused by: ptolemy.kernel.util.InternalErrorException: Element <entity name="MicaLeds" class="ptolemy.domains.ptinyos.lib.MicaLeds"> caused an exception to be thrown.
  in .CntToLedsAndRfm
Because:
Cannot find class: ptolemy.domains.ptinyos.lib.MicaLeds. In Ptolemy, classes are typically Java .class files. Entities like actors may instead be defined within a .xml file.  In any case, the class was not found. If the class uses a third party package, then the class would be present only if the third party package was found at compile time.  It may be necessary to upgrade Java or install the third party package, reconfigure and recompile.
Because:
-- /home/travis/build/icyphy/ptII/ptolemy/actor/ptalon/demo/ptinyos/SendAndReceiveCnt/ptolemy/domains/ptinyos/lib/MicaLeds.xml (No such file or directory)
-- XML file not found relative to classpath.
-- /home/travis/build/icyphy/ptII/ptolemy/vergil/basic/export/test/ptolemy/domains/ptinyos/lib/MicaLeds.xml
/home/travis/build/icyphy/ptII/ptolemy/vergil/basic/export/test/ptolemy/domains/ptinyos/lib/MicaLeds.xml (No such file or directory)
 in file:/home/travis/build/icyphy/ptII/ptolemy/actor/ptalon/demo/ptinyos/SendAndReceiveCnt/CntToLedsAndRfm.xml at line 132 and column 63
	at ptolemy.moml.SimpleErrorHandler.handleError(SimpleErrorHandler.java:75)
	at ptolemy.moml.MoMLParser.startElement(MoMLParser.java:3805)
	at com.microstar.xml.XmlParser.parseElement(XmlParser.java:921)
	at com.microstar.xml.XmlParser.parseContent(XmlParser.java:1104)
	at com.microstar.xml.XmlParser.parseElement(XmlParser.java:924)
	at com.microstar.xml.XmlParser.parseDocument(XmlParser.java:481)
	at com.microstar.xml.XmlParser.doParse(XmlParser.java:159)
	at com.microstar.xml.XmlParser.parse(XmlParser.java:132)
	at ptolemy.moml.MoMLParser.parse(MoMLParser.java:1676)
	at ptolemy.moml.MoMLParser.parse(MoMLParser.java:1595)
	at ptolemy.moml.MoMLParser.parse(MoMLParser.java:1537)
	at ptolemy.moml.MoMLParser._findOrParse(MoMLParser.java:5286)
	at ptolemy.moml.MoMLParser._attemptToFindMoMLClass(MoMLParser.java:4075)
	at ptolemy.moml.MoMLParser._createEntity(MoMLParser.java:4323)
	... 65 more
Caused by: ptolemy.kernel.util.IllegalActionException: Cannot find class: ptolemy.domains.ptinyos.lib.MicaLeds. In Ptolemy, classes are typically Java .class files. Entities like actors may instead be defined within a .xml file.  In any case, the class was not found. If the class uses a third party package, then the class would be present only if the third party package was found at compile time.  It may be necessary to upgrade Java or install the third party package, reconfigure and recompile.
Because:
-- /home/travis/build/icyphy/ptII/ptolemy/actor/ptalon/demo/ptinyos/SendAndReceiveCnt/ptolemy/domains/ptinyos/lib/MicaLeds.xml (No such file or directory)
-- XML file not found relative to classpath.
-- /home/travis/build/icyphy/ptII/ptolemy/vergil/basic/export/test/ptolemy/domains/ptinyos/lib/MicaLeds.xml
/home/travis/build/icyphy/ptII/ptolemy/vergil/basic/export/test/ptolemy/domains/ptinyos/lib/MicaLeds.xml (No such file or directory)
 in file:/home/travis/build/icyphy/ptII/ptolemy/actor/ptalon/demo/ptinyos/SendAndReceiveCnt/CntToLedsAndRfm.xml at line 132 and column 63
	at ptolemy.moml.MoMLParser._createEntity(MoMLParser.java:4330)
	at ptolemy.moml.MoMLParser.startElement(MoMLParser.java:2864)
	... 77 more
Caused by: com.microstar.xml.XmlException: -- /home/travis/build/icyphy/ptII/ptolemy/actor/ptalon/demo/ptinyos/SendAndReceiveCnt/ptolemy/domains/ptinyos/lib/MicaLeds.xml (No such file or directory)
-- XML file not found relative to classpath.
-- /home/travis/build/icyphy/ptII/ptolemy/vergil/basic/export/test/ptolemy/domains/ptinyos/lib/MicaLeds.xml
/home/travis/build/icyphy/ptII/ptolemy/vergil/basic/export/test/ptolemy/domains/ptinyos/lib/MicaLeds.xml (No such file or directory)
 in file:/home/travis/build/icyphy/ptII/ptolemy/actor/ptalon/demo/ptinyos/SendAndReceiveCnt/CntToLedsAndRfm.xml at line 132 and column 63
	at ptolemy.moml.MoMLParser.fileNameToURL(MoMLParser.java:1414)
	at ptolemy.moml.MoMLParser._findOrParse(MoMLParser.java:5283)
	at ptolemy.moml.MoMLParser._attemptToFindMoMLClass(MoMLParser.java:4075)
	at ptolemy.moml.MoMLParser._createEntity(MoMLParser.java:4323)
	... 78 more
Failed to read file:/home/travis/build/icyphy/ptII/ptolemy/actor/ptalon/demo/ptinyos/SendAndReceiveCnt/SendAndReceiveCnt.xml
ptolemy.kernel.util.IllegalActionException: Failed to process attribute change to PtalonParameter, whose value is "ptolemy.actor.ptalon.PtalonExpressionParameter {.SendAndReceiveCnt.SendAndReceiveCnt.channelName} "AtomicWirelessChannel"".
  in .SendAndReceiveCnt.SendAndReceiveCnt
Because:
Unable to add actor null
	at ptolemy.actor.ptalon.PtalonActor.attributeChanged(PtalonActor.java:211)
	at ptolemy.actor.ptalon.PtalonMLHandler.startElement(PtalonMLHandler.java:134)
	at com.microstar.xml.XmlParser.parseElement(XmlParser.java:921)
	at com.microstar.xml.XmlParser.parseContent(XmlParser.java:1104)
	at com.microstar.xml.XmlParser.parseElement(XmlParser.java:924)
	at com.microstar.xml.XmlParser.parseDocument(XmlParser.java:481)
	at com.microstar.xml.XmlParser.doParse(XmlParser.java:159)
	at com.microstar.xml.XmlParser.parse(XmlParser.java:132)
	at ptolemy.actor.ptalon.PtalonActor.configure(PtalonActor.java:240)
	at ptolemy.moml.MoMLParser.endElement(MoMLParser.java:996)
	at com.microstar.xml.XmlParser.parseETag(XmlParser.java:1026)
	at com.microstar.xml.XmlParser.parseContent(XmlParser.java:1098)
	at com.microstar.xml.XmlParser.parseElement(XmlParser.java:924)
	at com.microstar.xml.XmlParser.parseContent(XmlParser.java:1104)
	at com.microstar.xml.XmlParser.parseElement(XmlParser.java:924)
	at com.microstar.xml.XmlParser.parseContent(XmlParser.java:1104)
	at com.microstar.xml.XmlParser.parseElement(XmlParser.java:924)
	at com.microstar.xml.XmlParser.parseDocument(XmlParser.java:481)
	at com.microstar.xml.XmlParser.doParse(XmlParser.java:159)
	at com.microstar.xml.XmlParser.parse(XmlParser.java:132)
	at ptolemy.moml.MoMLParser.parse(MoMLParser.java:1676)
	at ptolemy.moml.MoMLParser.parse(MoMLParser.java:1595)
	at ptolemy.moml.MoMLParser.parse(MoMLParser.java:1537)
	at ptolemy.actor.gui.PtolemyEffigy$Factory.createEffigy(PtolemyEffigy.java:424)
	at ptolemy.actor.gui.EffigyFactory.createEffigy(EffigyFactory.java:234)
	at ptolemy.actor.gui.Configuration.openModel(Configuration.java:1125)
	at ptolemy.actor.gui.Configuration.openModel(Configuration.java:1051)
	at ptolemy.actor.gui.ConfigurationApplication._openModel(ConfigurationApplication.java:1252)
	at ptolemy.actor.gui.ConfigurationApplication._parseArg(ConfigurationApplication.java:1399)
	at ptolemy.actor.gui.ConfigurationApplication._parseArgs(ConfigurationApplication.java:1478)
	at ptolemy.actor.gui.ConfigurationApplication.<init>(ConfigurationApplication.java:277)
	at ptolemy.actor.gui.ConfigurationApplication.<init>(ConfigurationApplication.java:214)
	at ptolemy.actor.gui.ConfigurationApplication.<init>(ConfigurationApplication.java:201)
	at ptolemy.actor.gui.ConfigurationApplication.openModelOrEntity(ConfigurationApplication.java:680)
	at ptolemy.vergil.basic.export.ExportModel$1.run(ExportModel.java:220)
	at java.awt.event.InvocationEvent.dispatch(InvocationEvent.java:301)
	at java.awt.EventQueue.dispatchEventImpl(EventQueue.java:756)
	at java.awt.EventQueue.access$500(EventQueue.java:97)
	at java.awt.EventQueue$3.run(EventQueue.java:709)
	at java.awt.EventQueue$3.run(EventQueue.java:703)
	at java.security.AccessController.doPrivileged(Native Method)
	at java.security.ProtectionDomain$JavaSecurityAccessImpl.doIntersectionPrivilege(ProtectionDomain.java:80)
	at java.awt.EventQueue.dispatchEvent(EventQueue.java:726)
	at java.awt.EventDispatchThread.pumpOneEventForFilters(EventDispatchThread.java:201)
	at java.awt.EventDispatchThread.pumpEventsForFilter(EventDispatchThread.java:116)
	at java.awt.EventDispatchThread.pumpEventsForHierarchy(EventDispatchThread.java:105)
	at java.awt.EventDispatchThread.pumpEvents(EventDispatchThread.java:101)
	at java.awt.EventDispatchThread.pumpEvents(EventDispatchThread.java:93)
	at java.awt.EventDispatchThread.run(EventDispatchThread.java:82)
Caused by: ptolemy.actor.ptalon.PtalonRuntimeException: Unable to add actor null
	at ptolemy.actor.ptalon.PtalonEvaluator.addActor(PtalonEvaluator.java:300)
	at ptolemy.actor.ptalon.PtalonPopulator.actor_declaration(PtalonPopulator.java:1574)
	at ptolemy.actor.ptalon.PtalonPopulator.atomic_statement(PtalonPopulator.java:1638)
	at ptolemy.actor.ptalon.PtalonPopulator.iterative_statement_evaluator(PtalonPopulator.java:2484)
	at ptolemy.actor.ptalon.AbstractPtalonEvaluator$IfTree.evaluateForScope(AbstractPtalonEvaluator.java:1307)
	at ptolemy.actor.ptalon.AbstractPtalonEvaluator.evaluateForScope(AbstractPtalonEvaluator.java:744)
	at ptolemy.actor.ptalon.PtalonPopulator.iterative_statement(PtalonPopulator.java:2363)
	at ptolemy.actor.ptalon.PtalonPopulator.actor_definition(PtalonPopulator.java:2809)
	at ptolemy.actor.ptalon.PtalonActor.attributeChanged(PtalonActor.java:206)
	... 48 more
Caused by: ptolemy.kernel.util.InternalErrorException: Element <entity name="sender1" class="ptolemy.actor.ptalon.demo.ptinyos.SendAndReceiveCnt.CntToLedsAndRfm"> caused an exception to be thrown.
  in .SendAndReceiveCnt.SendAndReceiveCnt
Because:
Cannot find class: ptolemy.actor.ptalon.demo.ptinyos.SendAndReceiveCnt.CntToLedsAndRfm. In Ptolemy, classes are typically Java .class files. Entities like actors may instead be defined within a .xml file.  In any case, the class was not found. If the class uses a third party package, then the class would be present only if the third party package was found at compile time.  It may be necessary to upgrade Java or install the third party package, reconfigure and recompile.
Because:
Element <entity name="MicaLeds" class="ptolemy.domains.ptinyos.lib.MicaLeds"> caused an exception to be thrown.
  in .CntToLedsAndRfm
Because:
Cannot find class: ptolemy.domains.ptinyos.lib.MicaLeds. In Ptolemy, classes are typically Java .class files. Entities like actors may instead be defined within a .xml file.  In any case, the class was not found. If the class uses a third party package, then the class would be present only if the third party package was found at compile time.  It may be necessary to upgrade Java or install the third party package, reconfigure and recompile.
Because:
-- /home/travis/build/icyphy/ptII/ptolemy/actor/ptalon/demo/ptinyos/SendAndReceiveCnt/ptolemy/domains/ptinyos/lib/MicaLeds.xml (No such file or directory)
-- XML file not found relative to classpath.
-- /home/travis/build/icyphy/ptII/ptolemy/vergil/basic/export/test/ptolemy/domains/ptinyos/lib/MicaLeds.xml
/home/travis/build/icyphy/ptII/ptolemy/vergil/basic/export/test/ptolemy/domains/ptinyos/lib/MicaLeds.xml (No such file or directory)
 in file:/home/travis/build/icyphy/ptII/ptolemy/actor/ptalon/demo/ptinyos/SendAndReceiveCnt/CntToLedsAndRfm.xml at line 132 and column 63
	at ptolemy.moml.SimpleErrorHandler.handleError(SimpleErrorHandler.java:75)
	at ptolemy.moml.MoMLParser.startElement(MoMLParser.java:3805)
	at com.microstar.xml.XmlParser.parseElement(XmlParser.java:931)
	at com.microstar.xml.XmlParser.parseDocument(XmlParser.java:481)
	at com.microstar.xml.XmlParser.doParse(XmlParser.java:159)
	at com.microstar.xml.XmlParser.parse(XmlParser.java:132)
	at ptolemy.moml.MoMLParser.parse(MoMLParser.java:1660)
	at ptolemy.moml.MoMLParser.parse(MoMLParser.java:1617)
	at ptolemy.moml.MoMLParser.parse(MoMLParser.java:1792)
	at ptolemy.actor.ptalon.PtalonEvaluator.addActor(PtalonEvaluator.java:241)
	... 56 more
Caused by: ptolemy.kernel.util.IllegalActionException: Cannot find class: ptolemy.actor.ptalon.demo.ptinyos.SendAndReceiveCnt.CntToLedsAndRfm. In Ptolemy, classes are typically Java .class files. Entities like actors may instead be defined within a .xml file.  In any case, the class was not found. If the class uses a third party package, then the class would be present only if the third party package was found at compile time.  It may be necessary to upgrade Java or install the third party package, reconfigure and recompile.
Because:
Element <entity name="MicaLeds" class="ptolemy.domains.ptinyos.lib.MicaLeds"> caused an exception to be thrown.
  in .CntToLedsAndRfm
Because:
Cannot find class: ptolemy.domains.ptinyos.lib.MicaLeds. In Ptolemy, classes are typically Java .class files. Entities like actors may instead be defined within a .xml file.  In any case, the class was not found. If the class uses a third party package, then the class would be present only if the third party package was found at compile time.  It may be necessary to upgrade Java or install the third party package, reconfigure and recompile.
Because:
-- /home/travis/build/icyphy/ptII/ptolemy/actor/ptalon/demo/ptinyos/SendAndReceiveCnt/ptolemy/domains/ptinyos/lib/MicaLeds.xml (No such file or directory)
-- XML file not found relative to classpath.
-- /home/travis/build/icyphy/ptII/ptolemy/vergil/basic/export/test/ptolemy/domains/ptinyos/lib/MicaLeds.xml
/home/travis/build/icyphy/ptII/ptolemy/vergil/basic/export/test/ptolemy/domains/ptinyos/lib/MicaLeds.xml (No such file or directory)
 in file:/home/travis/build/icyphy/ptII/ptolemy/actor/ptalon/demo/ptinyos/SendAndReceiveCnt/CntToLedsAndRfm.xml at line 132 and column 63
	at ptolemy.moml.MoMLParser._createEntity(MoMLParser.java:4330)
	at ptolemy.moml.MoMLParser.startElement(MoMLParser.java:2864)
	... 64 more
Caused by: ptolemy.kernel.util.InternalErrorException: Element <entity name="MicaLeds" class="ptolemy.domains.ptinyos.lib.MicaLeds"> caused an exception to be thrown.
  in .CntToLedsAndRfm
Because:
Cannot find class: ptolemy.domains.ptinyos.lib.MicaLeds. In Ptolemy, classes are typically Java .class files. Entities like actors may instead be defined within a .xml file.  In any case, the class was not found. If the class uses a third party package, then the class would be present only if the third party package was found at compile time.  It may be necessary to upgrade Java or install the third party package, reconfigure and recompile.
Because:
-- /home/travis/build/icyphy/ptII/ptolemy/actor/ptalon/demo/ptinyos/SendAndReceiveCnt/ptolemy/domains/ptinyos/lib/MicaLeds.xml (No such file or directory)
-- XML file not found relative to classpath.
-- /home/travis/build/icyphy/ptII/ptolemy/vergil/basic/export/test/ptolemy/domains/ptinyos/lib/MicaLeds.xml
/home/travis/build/icyphy/ptII/ptolemy/vergil/basic/export/test/ptolemy/domains/ptinyos/lib/MicaLeds.xml (No such file or directory)
 in file:/home/travis/build/icyphy/ptII/ptolemy/actor/ptalon/demo/ptinyos/SendAndReceiveCnt/CntToLedsAndRfm.xml at line 132 and column 63
	at ptolemy.moml.SimpleErrorHandler.handleError(SimpleErrorHandler.java:75)
	at ptolemy.moml.MoMLParser.startElement(MoMLParser.java:3805)
	at com.microstar.xml.XmlParser.parseElement(XmlParser.java:921)
	at com.microstar.xml.XmlParser.parseContent(XmlParser.java:1104)
	at com.microstar.xml.XmlParser.parseElement(XmlParser.java:924)
	at com.microstar.xml.XmlParser.parseDocument(XmlParser.java:481)
	at com.microstar.xml.XmlParser.doParse(XmlParser.java:159)
	at com.microstar.xml.XmlParser.parse(XmlParser.java:132)
	at ptolemy.moml.MoMLParser.parse(MoMLParser.java:1676)
	at ptolemy.moml.MoMLParser.parse(MoMLParser.java:1595)
	at ptolemy.moml.MoMLParser.parse(MoMLParser.java:1537)
	at ptolemy.moml.MoMLParser._findOrParse(MoMLParser.java:5286)
	at ptolemy.moml.MoMLParser._attemptToFindMoMLClass(MoMLParser.java:4075)
	at ptolemy.moml.MoMLParser._createEntity(MoMLParser.java:4323)
	... 65 more
Caused by: ptolemy.kernel.util.IllegalActionException: Cannot find class: ptolemy.domains.ptinyos.lib.MicaLeds. In Ptolemy, classes are typically Java .class files. Entities like actors may instead be defined within a .xml file.  In any case, the class was not found. If the class uses a third party package, then the class would be present only if the third party package was found at compile time.  It may be necessary to upgrade Java or install the third party package, reconfigure and recompile.
Because:
-- /home/travis/build/icyphy/ptII/ptolemy/actor/ptalon/demo/ptinyos/SendAndReceiveCnt/ptolemy/domains/ptinyos/lib/MicaLeds.xml (No such file or directory)
-- XML file not found relative to classpath.
-- /home/travis/build/icyphy/ptII/ptolemy/vergil/basic/export/test/ptolemy/domains/ptinyos/lib/MicaLeds.xml
/home/travis/build/icyphy/ptII/ptolemy/vergil/basic/export/test/ptolemy/domains/ptinyos/lib/MicaLeds.xml (No such file or directory)
 in file:/home/travis/build/icyphy/ptII/ptolemy/actor/ptalon/demo/ptinyos/SendAndReceiveCnt/CntToLedsAndRfm.xml at line 132 and column 63
	at ptolemy.moml.MoMLParser._createEntity(MoMLParser.java:4330)
	at ptolemy.moml.MoMLParser.startElement(MoMLParser.java:2864)
	... 77 more
Caused by: com.microstar.xml.XmlException: -- /home/travis/build/icyphy/ptII/ptolemy/actor/ptalon/demo/ptinyos/SendAndReceiveCnt/ptolemy/domains/ptinyos/lib/MicaLeds.xml (No such file or directory)
-- XML file not found relative to classpath.
-- /home/travis/build/icyphy/ptII/ptolemy/vergil/basic/export/test/ptolemy/domains/ptinyos/lib/MicaLeds.xml
/home/travis/build/icyphy/ptII/ptolemy/vergil/basic/export/test/ptolemy/domains/ptinyos/lib/MicaLeds.xml (No such file or directory)
 in file:/home/travis/build/icyphy/ptII/ptolemy/actor/ptalon/demo/ptinyos/SendAndReceiveCnt/CntToLedsAndRfm.xml at line 132 and column 63
	at ptolemy.moml.MoMLParser.fileNameToURL(MoMLParser.java:1414)
	at ptolemy.moml.MoMLParser._findOrParse(MoMLParser.java:5283)
	at ptolemy.moml.MoMLParser._attemptToFindMoMLClass(MoMLParser.java:4075)
	at ptolemy.moml.MoMLParser._createEntity(MoMLParser.java:4323)
	... 78 more
Caused by: ptolemy.actor.ptalon.PtalonRuntimeException: Unable to add actor null
	at ptolemy.actor.ptalon.PtalonEvaluator.addActor(PtalonEvaluator.java:300)
	at ptolemy.actor.ptalon.PtalonPopulator.actor_declaration(PtalonPopulator.java:1574)
	at ptolemy.actor.ptalon.PtalonPopulator.atomic_statement(PtalonPopulator.java:1638)
	at ptolemy.actor.ptalon.PtalonPopulator.iterative_statement_evaluator(PtalonPopulator.java:2484)
	at ptolemy.actor.ptalon.AbstractPtalonEvaluator$IfTree.evaluateForScope(AbstractPtalonEvaluator.java:1307)
	at ptolemy.actor.ptalon.AbstractPtalonEvaluator.evaluateForScope(AbstractPtalonEvaluator.java:744)
	at ptolemy.actor.ptalon.PtalonPopulator.iterative_statement(PtalonPopulator.java:2363)
	at ptolemy.actor.ptalon.PtalonPopulator.actor_definition(PtalonPopulator.java:2809)
	at ptolemy.actor.ptalon.PtalonActor.attributeChanged(PtalonActor.java:206)
	at ptolemy.actor.ptalon.PtalonMLHandler.startElement(PtalonMLHandler.java:134)
	at com.microstar.xml.XmlParser.parseElement(XmlParser.java:921)
	at com.microstar.xml.XmlParser.parseContent(XmlParser.java:1104)
	at com.microstar.xml.XmlParser.parseElement(XmlParser.java:924)
	at com.microstar.xml.XmlParser.parseDocument(XmlParser.java:481)
	at com.microstar.xml.XmlParser.doParse(XmlParser.java:159)
	at com.microstar.xml.XmlParser.parse(XmlParser.java:132)
	at ptolemy.actor.ptalon.PtalonActor.configure(PtalonActor.java:240)
	at ptolemy.moml.MoMLParser.endElement(MoMLParser.java:996)
	at com.microstar.xml.XmlParser.parseETag(XmlParser.java:1026)
	at com.microstar.xml.XmlParser.parseContent(XmlParser.java:1098)
	at com.microstar.xml.XmlParser.parseElement(XmlParser.java:924)
	at com.microstar.xml.XmlParser.parseContent(XmlParser.java:1104)
	at com.microstar.xml.XmlParser.parseElement(XmlParser.java:924)
	at com.microstar.xml.XmlParser.parseContent(XmlParser.java:1104)
	at com.microstar.xml.XmlParser.parseElement(XmlParser.java:924)
	at com.microstar.xml.XmlParser.parseDocument(XmlParser.java:481)
	at com.microstar.xml.XmlParser.doParse(XmlParser.java:159)
	at com.microstar.xml.XmlParser.parse(XmlParser.java:132)
	at ptolemy.moml.MoMLParser.parse(MoMLParser.java:1676)
	at ptolemy.moml.MoMLParser.parse(MoMLParser.java:1595)
	at ptolemy.moml.MoMLParser.parse(MoMLParser.java:1537)
	at ptolemy.actor.gui.PtolemyEffigy$Factory.createEffigy(PtolemyEffigy.java:424)
	at ptolemy.actor.gui.EffigyFactory.createEffigy(EffigyFactory.java:234)
	at ptolemy.actor.gui.Configuration.openModel(Configuration.java:1125)
	at ptolemy.actor.gui.Configuration.openModel(Configuration.java:1051)
	at ptolemy.actor.gui.ConfigurationApplication._openModel(ConfigurationApplication.java:1252)
	at ptolemy.actor.gui.ConfigurationApplication._parseArg(ConfigurationApplication.java:1399)
	at ptolemy.actor.gui.ConfigurationApplication._parseArgs(ConfigurationApplication.java:1478)
	at ptolemy.actor.gui.ConfigurationApplication.<init>(ConfigurationApplication.java:277)
	at ptolemy.actor.gui.ConfigurationApplication.<init>(ConfigurationApplication.java:214)
	at ptolemy.actor.gui.ConfigurationApplication.<init>(ConfigurationApplication.java:201)
	at ptolemy.actor.gui.ConfigurationApplication.openModelOrEntity(ConfigurationApplication.java:680)
	at ptolemy.vergil.basic.export.ExportModel$1.run(ExportModel.java:220)
	at java.awt.event.InvocationEvent.dispatch(InvocationEvent.java:301)
	at java.awt.EventQueue.dispatchEventImpl(EventQueue.java:756)
	at java.awt.EventQueue.access$500(EventQueue.java:97)
	at java.awt.EventQueue$3.run(EventQueue.java:709)
	at java.awt.EventQueue$3.run(EventQueue.java:703)
	at java.security.AccessController.doPrivileged(Native Method)
	at java.security.ProtectionDomain$JavaSecurityAccessImpl.doIntersectionPrivilege(ProtectionDomain.java:80)
	at java.awt.EventQueue.dispatchEvent(EventQueue.java:726)
	at java.awt.EventDispatchThread.pumpOneEventForFilters(EventDispatchThread.java:201)
	at java.awt.EventDispatchThread.pumpEventsForFilter(EventDispatchThread.java:116)
	at java.awt.EventDispatchThread.pumpEventsForHierarchy(EventDispatchThread.java:105)
	at java.awt.EventDispatchThread.pumpEvents(EventDispatchThread.java:101)
	at java.awt.EventDispatchThread.pumpEvents(EventDispatchThread.java:93)
	at java.awt.EventDispatchThread.run(EventDispatchThread.java:82)
Caused by: ptolemy.kernel.util.InternalErrorException: Element <entity name="sender1" class="ptolemy.actor.ptalon.demo.ptinyos.SendAndReceiveCnt.CntToLedsAndRfm"> caused an exception to be thrown.
  in .SendAndReceiveCnt.SendAndReceiveCnt
Because:
Cannot find class: ptolemy.actor.ptalon.demo.ptinyos.SendAndReceiveCnt.CntToLedsAndRfm. In Ptolemy, classes are typically Java .class files. Entities like actors may instead be defined within a .xml file.  In any case, the class was not found. If the class uses a third party package, then the class would be present only if the third party package was found at compile time.  It may be necessary to upgrade Java or install the third party package, reconfigure and recompile.
Because:
Element <entity name="MicaLeds" class="ptolemy.domains.ptinyos.lib.MicaLeds"> caused an exception to be thrown.
  in .CntToLedsAndRfm
Because:
Cannot find class: ptolemy.domains.ptinyos.lib.MicaLeds. In Ptolemy, classes are typically Java .class files. Entities like actors may instead be defined within a .xml file.  In any case, the class was not found. If the class uses a third party package, then the class would be present only if the third party package was found at compile time.  It may be necessary to upgrade Java or install the third party package, reconfigure and recompile.
Because:
-- /home/travis/build/icyphy/ptII/ptolemy/actor/ptalon/demo/ptinyos/SendAndReceiveCnt/ptolemy/domains/ptinyos/lib/MicaLeds.xml (No such file or directory)
-- XML file not found relative to classpath.
-- /home/travis/build/icyphy/ptII/ptolemy/vergil/basic/export/test/ptolemy/domains/ptinyos/lib/MicaLeds.xml
/home/travis/build/icyphy/ptII/ptolemy/vergil/basic/export/test/ptolemy/domains/ptinyos/lib/MicaLeds.xml (No such file or directory)
 in file:/home/travis/build/icyphy/ptII/ptolemy/actor/ptalon/demo/ptinyos/SendAndReceiveCnt/CntToLedsAndRfm.xml at line 132 and column 63
	at ptolemy.moml.SimpleErrorHandler.handleError(SimpleErrorHandler.java:75)
	at ptolemy.moml.MoMLParser.startElement(MoMLParser.java:3805)
	at com.microstar.xml.XmlParser.parseElement(XmlParser.java:931)
	at com.microstar.xml.XmlParser.parseDocument(XmlParser.java:481)
	at com.microstar.xml.XmlParser.doParse(XmlParser.java:159)
	at com.microstar.xml.XmlParser.parse(XmlParser.java:132)
	at ptolemy.moml.MoMLParser.parse(MoMLParser.java:1660)
	at ptolemy.moml.MoMLParser.parse(MoMLParser.java:1617)
	at ptolemy.moml.MoMLParser.parse(MoMLParser.java:1792)
	at ptolemy.actor.ptalon.PtalonEvaluator.addActor(PtalonEvaluator.java:241)
	... 56 more
Caused by: ptolemy.kernel.util.IllegalActionException: Cannot find class: ptolemy.actor.ptalon.demo.ptinyos.SendAndReceiveCnt.CntToLedsAndRfm. In Ptolemy, classes are typically Java .class files. Entities like actors may instead be defined within a .xml file.  In any case, the class was not found. If the class uses a third party package, then the class would be present only if the third party package was found at compile time.  It may be necessary to upgrade Java or install the third party package, reconfigure and recompile.
Because:
Element <entity name="MicaLeds" class="ptolemy.domains.ptinyos.lib.MicaLeds"> caused an exception to be thrown.
  in .CntToLedsAndRfm
Because:
Cannot find class: ptolemy.domains.ptinyos.lib.MicaLeds. In Ptolemy, classes are typically Java .class files. Entities like actors may instead be defined within a .xml file.  In any case, the class was not found. If the class uses a third party package, then the class would be present only if the third party package was found at compile time.  It may be necessary to upgrade Java or install the third party package, reconfigure and recompile.
Because:
-- /home/travis/build/icyphy/ptII/ptolemy/actor/ptalon/demo/ptinyos/SendAndReceiveCnt/ptolemy/domains/ptinyos/lib/MicaLeds.xml (No such file or directory)
-- XML file not found relative to classpath.
-- /home/travis/build/icyphy/ptII/ptolemy/vergil/basic/export/test/ptolemy/domains/ptinyos/lib/MicaLeds.xml
/home/travis/build/icyphy/ptII/ptolemy/vergil/basic/export/test/ptolemy/domains/ptinyos/lib/MicaLeds.xml (No such file or directory)
 in file:/home/travis/build/icyphy/ptII/ptolemy/actor/ptalon/demo/ptinyos/SendAndReceiveCnt/CntToLedsAndRfm.xml at line 132 and column 63
	at ptolemy.moml.MoMLParser._createEntity(MoMLParser.java:4330)
	at ptolemy.moml.MoMLParser.startElement(MoMLParser.java:2864)
	... 64 more
Caused by: ptolemy.kernel.util.InternalErrorException: Element <entity name="MicaLeds" class="ptolemy.domains.ptinyos.lib.MicaLeds"> caused an exception to be thrown.
  in .CntToLedsAndRfm
Because:
Cannot find class: ptolemy.domains.ptinyos.lib.MicaLeds. In Ptolemy, classes are typically Java .class files. Entities like actors may instead be defined within a .xml file.  In any case, the class was not found. If the class uses a third party package, then the class would be present only if the third party package was found at compile time.  It may be necessary to upgrade Java or install the third party package, reconfigure and recompile.
Because:
-- /home/travis/build/icyphy/ptII/ptolemy/actor/ptalon/demo/ptinyos/SendAndReceiveCnt/ptolemy/domains/ptinyos/lib/MicaLeds.xml (No such file or directory)
-- XML file not found relative to classpath.
-- /home/travis/build/icyphy/ptII/ptolemy/vergil/basic/export/test/ptolemy/domains/ptinyos/lib/MicaLeds.xml
/home/travis/build/icyphy/ptII/ptolemy/vergil/basic/export/test/ptolemy/domains/ptinyos/lib/MicaLeds.xml (No such file or directory)
 in file:/home/travis/build/icyphy/ptII/ptolemy/actor/ptalon/demo/ptinyos/SendAndReceiveCnt/CntToLedsAndRfm.xml at line 132 and column 63
	at ptolemy.moml.SimpleErrorHandler.handleError(SimpleErrorHandler.java:75)
	at ptolemy.moml.MoMLParser.startElement(MoMLParser.java:3805)
	at com.microstar.xml.XmlParser.parseElement(XmlParser.java:921)
	at com.microstar.xml.XmlParser.parseContent(XmlParser.java:1104)
	at com.microstar.xml.XmlParser.parseElement(XmlParser.java:924)
	at com.microstar.xml.XmlParser.parseDocument(XmlParser.java:481)
	at com.microstar.xml.XmlParser.doParse(XmlParser.java:159)
	at com.microstar.xml.XmlParser.parse(XmlParser.java:132)
	at ptolemy.moml.MoMLParser.parse(MoMLParser.java:1676)
	at ptolemy.moml.MoMLParser.parse(MoMLParser.java:1595)
	at ptolemy.moml.MoMLParser.parse(MoMLParser.java:1537)
	at ptolemy.moml.MoMLParser._findOrParse(MoMLParser.java:5286)
	at ptolemy.moml.MoMLParser._attemptToFindMoMLClass(MoMLParser.java:4075)
	at ptolemy.moml.MoMLParser._createEntity(MoMLParser.java:4323)
	... 65 more
Caused by: ptolemy.kernel.util.IllegalActionException: Cannot find class: ptolemy.domains.ptinyos.lib.MicaLeds. In Ptolemy, classes are typically Java .class files. Entities like actors may instead be defined within a .xml file.  In any case, the class was not found. If the class uses a third party package, then the class would be present only if the third party package was found at compile time.  It may be necessary to upgrade Java or install the third party package, reconfigure and recompile.
Because:
-- /home/travis/build/icyphy/ptII/ptolemy/actor/ptalon/demo/ptinyos/SendAndReceiveCnt/ptolemy/domains/ptinyos/lib/MicaLeds.xml (No such file or directory)
-- XML file not found relative to classpath.
-- /home/travis/build/icyphy/ptII/ptolemy/vergil/basic/export/test/ptolemy/domains/ptinyos/lib/MicaLeds.xml
/home/travis/build/icyphy/ptII/ptolemy/vergil/basic/export/test/ptolemy/domains/ptinyos/lib/MicaLeds.xml (No such file or directory)
 in file:/home/travis/build/icyphy/ptII/ptolemy/actor/ptalon/demo/ptinyos/SendAndReceiveCnt/CntToLedsAndRfm.xml at line 132 and column 63
	at ptolemy.moml.MoMLParser._createEntity(MoMLParser.java:4330)
	at ptolemy.moml.MoMLParser.startElement(MoMLParser.java:2864)
	... 77 more
Caused by: com.microstar.xml.XmlException: -- /home/travis/build/icyphy/ptII/ptolemy/actor/ptalon/demo/ptinyos/SendAndReceiveCnt/ptolemy/domains/ptinyos/lib/MicaLeds.xml (No such file or directory)
-- XML file not found relative to classpath.
-- /home/travis/build/icyphy/ptII/ptolemy/vergil/basic/export/test/ptolemy/domains/ptinyos/lib/MicaLeds.xml
/home/travis/build/icyphy/ptII/ptolemy/vergil/basic/export/test/ptolemy/domains/ptinyos/lib/MicaLeds.xml (No such file or directory)
 in file:/home/travis/build/icyphy/ptII/ptolemy/actor/ptalon/demo/ptinyos/SendAndReceiveCnt/CntToLedsAndRfm.xml at line 132 and column 63
	at ptolemy.moml.MoMLParser.fileNameToURL(MoMLParser.java:1414)
	at ptolemy.moml.MoMLParser._findOrParse(MoMLParser.java:5283)
	at ptolemy.moml.MoMLParser._attemptToFindMoMLClass(MoMLParser.java:4075)
	at ptolemy.moml.MoMLParser._createEntity(MoMLParser.java:4323)
	... 78 more
ptolemy.kernel.util.IllegalActionException: Failed to process attribute change to PtalonParameter, whose value is "ptolemy.actor.ptalon.PtalonExpressionParameter {.SendAndReceiveCnt.SendAndReceiveCnt.channelName} "AtomicWirelessChannel"".
  in .SendAndReceiveCnt.SendAndReceiveCnt
Because:
Unable to add actor null
	at ptolemy.actor.ptalon.PtalonActor.attributeChanged(PtalonActor.java:211)
	at ptolemy.actor.ptalon.PtalonMLHandler.startElement(PtalonMLHandler.java:134)
	at com.microstar.xml.XmlParser.parseElement(XmlParser.java:921)
	at com.microstar.xml.XmlParser.parseContent(XmlParser.java:1104)
	at com.microstar.xml.XmlParser.parseElement(XmlParser.java:924)
	at com.microstar.xml.XmlParser.parseDocument(XmlParser.java:481)
	at com.microstar.xml.XmlParser.doParse(XmlParser.java:159)
	at com.microstar.xml.XmlParser.parse(XmlParser.java:132)
	at ptolemy.actor.ptalon.PtalonActor.configure(PtalonActor.java:240)
	at ptolemy.moml.MoMLParser.endElement(MoMLParser.java:996)
	at com.microstar.xml.XmlParser.parseETag(XmlParser.java:1026)
	at com.microstar.xml.XmlParser.parseContent(XmlParser.java:1098)
	at com.microstar.xml.XmlParser.parseElement(XmlParser.java:924)
	at com.microstar.xml.XmlParser.parseContent(XmlParser.java:1104)
	at com.microstar.xml.XmlParser.parseElement(XmlParser.java:924)
	at com.microstar.xml.XmlParser.parseContent(XmlParser.java:1104)
	at com.microstar.xml.XmlParser.parseElement(XmlParser.java:924)
	at com.microstar.xml.XmlParser.parseDocument(XmlParser.java:481)
	at com.microstar.xml.XmlParser.doParse(XmlParser.java:159)
	at com.microstar.xml.XmlParser.parse(XmlParser.java:132)
	at ptolemy.moml.MoMLParser.parse(MoMLParser.java:1676)
	at ptolemy.moml.MoMLParser.parse(MoMLParser.java:1595)
	at ptolemy.moml.MoMLParser.parse(MoMLParser.java:1537)
	at ptolemy.actor.gui.PtolemyEffigy$Factory.createEffigy(PtolemyEffigy.java:424)
	at ptolemy.actor.gui.EffigyFactory.createEffigy(EffigyFactory.java:234)
	at ptolemy.actor.gui.Configuration.openModel(Configuration.java:1125)
	at ptolemy.actor.gui.Configuration.openModel(Configuration.java:1051)
	at ptolemy.actor.gui.ConfigurationApplication._openModel(ConfigurationApplication.java:1252)
	at ptolemy.actor.gui.ConfigurationApplication._parseArg(ConfigurationApplication.java:1399)
	at ptolemy.actor.gui.ConfigurationApplication._parseArgs(ConfigurationApplication.java:1478)
	at ptolemy.actor.gui.ConfigurationApplication.<init>(ConfigurationApplication.java:277)
	at ptolemy.actor.gui.ConfigurationApplication.<init>(ConfigurationApplication.java:214)
	at ptolemy.actor.gui.ConfigurationApplication.<init>(ConfigurationApplication.java:201)
	at ptolemy.actor.gui.ConfigurationApplication.openModelOrEntity(ConfigurationApplication.java:680)
	at ptolemy.vergil.basic.export.ExportModel$1.run(ExportModel.java:220)
	at java.awt.event.InvocationEvent.dispatch(InvocationEvent.java:301)
	at java.awt.EventQueue.dispatchEventImpl(EventQueue.java:756)
	at java.awt.EventQueue.access$500(EventQueue.java:97)
	at java.awt.EventQueue$3.run(EventQueue.java:709)
	at java.awt.EventQueue$3.run(EventQueue.java:703)
	at java.security.AccessController.doPrivileged(Native Method)
	at java.security.ProtectionDomain$JavaSecurityAccessImpl.doIntersectionPrivilege(ProtectionDomain.java:80)
	at java.awt.EventQueue.dispatchEvent(EventQueue.java:726)
	at java.awt.EventDispatchThread.pumpOneEventForFilters(EventDispatchThread.java:201)
	at java.awt.EventDispatchThread.pumpEventsForFilter(EventDispatchThread.java:116)
	at java.awt.EventDispatchThread.pumpEventsForHierarchy(EventDispatchThread.java:105)
	at java.awt.EventDispatchThread.pumpEvents(EventDispatchThread.java:101)
	at java.awt.EventDispatchThread.pumpEvents(EventDispatchThread.java:93)
	at java.awt.EventDispatchThread.run(EventDispatchThread.java:82)
Caused by: ptolemy.actor.ptalon.PtalonRuntimeException: Unable to add actor null
	at ptolemy.actor.ptalon.PtalonEvaluator.addActor(PtalonEvaluator.java:300)
	at ptolemy.actor.ptalon.PtalonPopulator.actor_declaration(PtalonPopulator.java:1574)
	at ptolemy.actor.ptalon.PtalonPopulator.atomic_statement(PtalonPopulator.java:1638)
	at ptolemy.actor.ptalon.PtalonPopulator.iterative_statement_evaluator(PtalonPopulator.java:2484)
	at ptolemy.actor.ptalon.AbstractPtalonEvaluator$IfTree.evaluateForScope(AbstractPtalonEvaluator.java:1307)
	at ptolemy.actor.ptalon.AbstractPtalonEvaluator.evaluateForScope(AbstractPtalonEvaluator.java:744)
	at ptolemy.actor.ptalon.PtalonPopulator.iterative_statement(PtalonPopulator.java:2363)
	at ptolemy.actor.ptalon.PtalonPopulator.actor_definition(PtalonPopulator.java:2809)
	at ptolemy.actor.ptalon.PtalonActor.attributeChanged(PtalonActor.java:206)
	... 48 more
Caused by: ptolemy.kernel.util.InternalErrorException: Element <entity name="sender1" class="ptolemy.actor.ptalon.demo.ptinyos.SendAndReceiveCnt.CntToLedsAndRfm"> caused an exception to be thrown.
  in .SendAndReceiveCnt.SendAndReceiveCnt
Because:
Cannot find class: ptolemy.actor.ptalon.demo.ptinyos.SendAndReceiveCnt.CntToLedsAndRfm. In Ptolemy, classes are typically Java .class files. Entities like actors may instead be defined within a .xml file.  In any case, the class was not found. If the class uses a third party package, then the class would be present only if the third party package was found at compile time.  It may be necessary to upgrade Java or install the third party package, reconfigure and recompile.
Because:
Element <entity name="MicaLeds" class="ptolemy.domains.ptinyos.lib.MicaLeds"> caused an exception to be thrown.
  in .CntToLedsAndRfm
Because:
Cannot find class: ptolemy.domains.ptinyos.lib.MicaLeds. In Ptolemy, classes are typically Java .class files. Entities like actors may instead be defined within a .xml file.  In any case, the class was not found. If the class uses a third party package, then the class would be present only if the third party package was found at compile time.  It may be necessary to upgrade Java or install the third party package, reconfigure and recompile.
Because:
-- /home/travis/build/icyphy/ptII/ptolemy/actor/ptalon/demo/ptinyos/SendAndReceiveCnt/ptolemy/domains/ptinyos/lib/MicaLeds.xml (No such file or directory)
-- XML file not found relative to classpath.
-- /home/travis/build/icyphy/ptII/ptolemy/vergil/basic/export/test/ptolemy/domains/ptinyos/lib/MicaLeds.xml
/home/travis/build/icyphy/ptII/ptolemy/vergil/basic/export/test/ptolemy/domains/ptinyos/lib/MicaLeds.xml (No such file or directory)
 in file:/home/travis/build/icyphy/ptII/ptolemy/actor/ptalon/demo/ptinyos/SendAndReceiveCnt/CntToLedsAndRfm.xml at line 132 and column 63
	at ptolemy.moml.SimpleErrorHandler.handleError(SimpleErrorHandler.java:75)
	at ptolemy.moml.MoMLParser.startElement(MoMLParser.java:3805)
	at com.microstar.xml.XmlParser.parseElement(XmlParser.java:931)
	at com.microstar.xml.XmlParser.parseDocument(XmlParser.java:481)
	at com.microstar.xml.XmlParser.doParse(XmlParser.java:159)
	at com.microstar.xml.XmlParser.parse(XmlParser.java:132)
	at ptolemy.moml.MoMLParser.parse(MoMLParser.java:1660)
	at ptolemy.moml.MoMLParser.parse(MoMLParser.java:1617)
	at ptolemy.moml.MoMLParser.parse(MoMLParser.java:1792)
	at ptolemy.actor.ptalon.PtalonEvaluator.addActor(PtalonEvaluator.java:241)
	... 56 more
Caused by: ptolemy.kernel.util.IllegalActionException: Cannot find class: ptolemy.actor.ptalon.demo.ptinyos.SendAndReceiveCnt.CntToLedsAndRfm. In Ptolemy, classes are typically Java .class files. Entities like actors may instead be defined within a .xml file.  In any case, the class was not found. If the class uses a third party package, then the class would be present only if the third party package was found at compile time.  It may be necessary to upgrade Java or install the third party package, reconfigure and recompile.
Because:
Element <entity name="MicaLeds" class="ptolemy.domains.ptinyos.lib.MicaLeds"> caused an exception to be thrown.
  in .CntToLedsAndRfm
Because:
Cannot find class: ptolemy.domains.ptinyos.lib.MicaLeds. In Ptolemy, classes are typically Java .class files. Entities like actors may instead be defined within a .xml file.  In any case, the class was not found. If the class uses a third party package, then the class would be present only if the third party package was found at compile time.  It may be necessary to upgrade Java or install the third party package, reconfigure and recompile.
Because:
-- /home/travis/build/icyphy/ptII/ptolemy/actor/ptalon/demo/ptinyos/SendAndReceiveCnt/ptolemy/domains/ptinyos/lib/MicaLeds.xml (No such file or directory)
-- XML file not found relative to classpath.
-- /home/travis/build/icyphy/ptII/ptolemy/vergil/basic/export/test/ptolemy/domains/ptinyos/lib/MicaLeds.xml
/home/travis/build/icyphy/ptII/ptolemy/vergil/basic/export/test/ptolemy/domains/ptinyos/lib/MicaLeds.xml (No such file or directory)
 in file:/home/travis/build/icyphy/ptII/ptolemy/actor/ptalon/demo/ptinyos/SendAndReceiveCnt/CntToLedsAndRfm.xml at line 132 and column 63
	at ptolemy.moml.MoMLParser._createEntity(MoMLParser.java:4330)
	at ptolemy.moml.MoMLParser.startElement(MoMLParser.java:2864)
	... 64 more
Caused by: ptolemy.kernel.util.InternalErrorException: Element <entity name="MicaLeds" class="ptolemy.domains.ptinyos.lib.MicaLeds"> caused an exception to be thrown.
  in .CntToLedsAndRfm
Because:
Cannot find class: ptolemy.domains.ptinyos.lib.MicaLeds. In Ptolemy, classes are typically Java .class files. Entities like actors may instead be defined within a .xml file.  In any case, the class was not found. If the class uses a third party package, then the class would be present only if the third party package was found at compile time.  It may be necessary to upgrade Java or install the third party package, reconfigure and recompile.
Because:
-- /home/travis/build/icyphy/ptII/ptolemy/actor/ptalon/demo/ptinyos/SendAndReceiveCnt/ptolemy/domains/ptinyos/lib/MicaLeds.xml (No such file or directory)
-- XML file not found relative to classpath.
-- /home/travis/build/icyphy/ptII/ptolemy/vergil/basic/export/test/ptolemy/domains/ptinyos/lib/MicaLeds.xml
/home/travis/build/icyphy/ptII/ptolemy/vergil/basic/export/test/ptolemy/domains/ptinyos/lib/MicaLeds.xml (No such file or directory)
 in file:/home/travis/build/icyphy/ptII/ptolemy/actor/ptalon/demo/ptinyos/SendAndReceiveCnt/CntToLedsAndRfm.xml at line 132 and column 63
	at ptolemy.moml.SimpleErrorHandler.handleError(SimpleErrorHandler.java:75)
	at ptolemy.moml.MoMLParser.startElement(MoMLParser.java:3805)
	at com.microstar.xml.XmlParser.parseElement(XmlParser.java:921)
	at com.microstar.xml.XmlParser.parseContent(XmlParser.java:1104)
	at com.microstar.xml.XmlParser.parseElement(XmlParser.java:924)
	at com.microstar.xml.XmlParser.parseDocument(XmlParser.java:481)
	at com.microstar.xml.XmlParser.doParse(XmlParser.java:159)
	at com.microstar.xml.XmlParser.parse(XmlParser.java:132)
	at ptolemy.moml.MoMLParser.parse(MoMLParser.java:1676)
	at ptolemy.moml.MoMLParser.parse(MoMLParser.java:1595)
	at ptolemy.moml.MoMLParser.parse(MoMLParser.java:1537)
	at ptolemy.moml.MoMLParser._findOrParse(MoMLParser.java:5286)
	at ptolemy.moml.MoMLParser._attemptToFindMoMLClass(MoMLParser.java:4075)
	at ptolemy.moml.MoMLParser._createEntity(MoMLParser.java:4323)
	... 65 more
Caused by: ptolemy.kernel.util.IllegalActionException: Cannot find class: ptolemy.domains.ptinyos.lib.MicaLeds. In Ptolemy, classes are typically Java .class files. Entities like actors may instead be defined within a .xml file.  In any case, the class was not found. If the class uses a third party package, then the class would be present only if the third party package was found at compile time.  It may be necessary to upgrade Java or install the third party package, reconfigure and recompile.
Because:
-- /home/travis/build/icyphy/ptII/ptolemy/actor/ptalon/demo/ptinyos/SendAndReceiveCnt/ptolemy/domains/ptinyos/lib/MicaLeds.xml (No such file or directory)
-- XML file not found relative to classpath.
-- /home/travis/build/icyphy/ptII/ptolemy/vergil/basic/export/test/ptolemy/domains/ptinyos/lib/MicaLeds.xml
/home/travis/build/icyphy/ptII/ptolemy/vergil/basic/export/test/ptolemy/domains/ptinyos/lib/MicaLeds.xml (No such file or directory)
 in file:/home/travis/build/icyphy/ptII/ptolemy/actor/ptalon/demo/ptinyos/SendAndReceiveCnt/CntToLedsAndRfm.xml at line 132 and column 63
	at ptolemy.moml.MoMLParser._createEntity(MoMLParser.java:4330)
	at ptolemy.moml.MoMLParser.startElement(MoMLParser.java:2864)
	... 77 more
Caused by: com.microstar.xml.XmlException: -- /home/travis/build/icyphy/ptII/ptolemy/actor/ptalon/demo/ptinyos/SendAndReceiveCnt/ptolemy/domains/ptinyos/lib/MicaLeds.xml (No such file or directory)
-- XML file not found relative to classpath.
-- /home/travis/build/icyphy/ptII/ptolemy/vergil/basic/export/test/ptolemy/domains/ptinyos/lib/MicaLeds.xml
/home/travis/build/icyphy/ptII/ptolemy/vergil/basic/export/test/ptolemy/domains/ptinyos/lib/MicaLeds.xml (No such file or directory)
 in file:/home/travis/build/icyphy/ptII/ptolemy/actor/ptalon/demo/ptinyos/SendAndReceiveCnt/CntToLedsAndRfm.xml at line 132 and column 63
	at ptolemy.moml.MoMLParser.fileNameToURL(MoMLParser.java:1414)
	at ptolemy.moml.MoMLParser._findOrParse(MoMLParser.java:5283)
	at ptolemy.moml.MoMLParser._attemptToFindMoMLClass(MoMLParser.java:4075)
	at ptolemy.moml.MoMLParser._createEntity(MoMLParser.java:4323)
	... 78 more
Caused by: ptolemy.actor.ptalon.PtalonRuntimeException: Unable to add actor null
	at ptolemy.actor.ptalon.PtalonEvaluator.addActor(PtalonEvaluator.java:300)
	at ptolemy.actor.ptalon.PtalonPopulator.actor_declaration(PtalonPopulator.java:1574)
	at ptolemy.actor.ptalon.PtalonPopulator.atomic_statement(PtalonPopulator.java:1638)
	at ptolemy.actor.ptalon.PtalonPopulator.iterative_statement_evaluator(PtalonPopulator.java:2484)
	at ptolemy.actor.ptalon.AbstractPtalonEvaluator$IfTree.evaluateForScope(AbstractPtalonEvaluator.java:1307)
	at ptolemy.actor.ptalon.AbstractPtalonEvaluator.evaluateForScope(AbstractPtalonEvaluator.java:744)
	at ptolemy.actor.ptalon.PtalonPopulator.iterative_statement(PtalonPopulator.java:2363)
	at ptolemy.actor.ptalon.PtalonPopulator.actor_definition(PtalonPopulator.java:2809)
	at ptolemy.actor.ptalon.PtalonActor.attributeChanged(PtalonActor.java:206)
	at ptolemy.actor.ptalon.PtalonMLHandler.startElement(PtalonMLHandler.java:134)
	at com.microstar.xml.XmlParser.parseElement(XmlParser.java:921)
	at com.microstar.xml.XmlParser.parseContent(XmlParser.java:1104)
	at com.microstar.xml.XmlParser.parseElement(XmlParser.java:924)
	at com.microstar.xml.XmlParser.parseDocument(XmlParser.java:481)
	at com.microstar.xml.XmlParser.doParse(XmlParser.java:159)
	at com.microstar.xml.XmlParser.parse(XmlParser.java:132)
	at ptolemy.actor.ptalon.PtalonActor.configure(PtalonActor.java:240)
	at ptolemy.moml.MoMLParser.endElement(MoMLParser.java:996)
	at com.microstar.xml.XmlParser.parseETag(XmlParser.java:1026)
	at com.microstar.xml.XmlParser.parseContent(XmlParser.java:1098)
	at com.microstar.xml.XmlParser.parseElement(XmlParser.java:924)
	at com.microstar.xml.XmlParser.parseContent(XmlParser.java:1104)
	at com.microstar.xml.XmlParser.parseElement(XmlParser.java:924)
	at com.microstar.xml.XmlParser.parseContent(XmlParser.java:1104)
	at com.microstar.xml.XmlParser.parseElement(XmlParser.java:924)
	at com.microstar.xml.XmlParser.parseDocument(XmlParser.java:481)
	at com.microstar.xml.XmlParser.doParse(XmlParser.java:159)
	at com.microstar.xml.XmlParser.parse(XmlParser.java:132)
	at ptolemy.moml.MoMLParser.parse(MoMLParser.java:1676)
	at ptolemy.moml.MoMLParser.parse(MoMLParser.java:1595)
	at ptolemy.moml.MoMLParser.parse(MoMLParser.java:1537)
	at ptolemy.actor.gui.PtolemyEffigy$Factory.createEffigy(PtolemyEffigy.java:424)
	at ptolemy.actor.gui.EffigyFactory.createEffigy(EffigyFactory.java:234)
	at ptolemy.actor.gui.Configuration.openModel(Configuration.java:1125)
	at ptolemy.actor.gui.Configuration.openModel(Configuration.java:1051)
	at ptolemy.actor.gui.ConfigurationApplication._openModel(ConfigurationApplication.java:1252)
	at ptolemy.actor.gui.ConfigurationApplication._parseArg(ConfigurationApplication.java:1399)
	at ptolemy.actor.gui.ConfigurationApplication._parseArgs(ConfigurationApplication.java:1478)
	at ptolemy.actor.gui.ConfigurationApplication.<init>(ConfigurationApplication.java:277)
	at ptolemy.actor.gui.ConfigurationApplication.<init>(ConfigurationApplication.java:214)
	at ptolemy.actor.gui.ConfigurationApplication.<init>(ConfigurationApplication.java:201)
	at ptolemy.actor.gui.ConfigurationApplication.openModelOrEntity(ConfigurationApplication.java:680)
	at ptolemy.vergil.basic.export.ExportModel$1.run(ExportModel.java:220)
	at java.awt.event.InvocationEvent.dispatch(InvocationEvent.java:301)
	at java.awt.EventQueue.dispatchEventImpl(EventQueue.java:756)
	at java.awt.EventQueue.access$500(EventQueue.java:97)
	at java.awt.EventQueue$3.run(EventQueue.java:709)
	at java.awt.EventQueue$3.run(EventQueue.java:703)
	at java.security.AccessController.doPrivileged(Native Method)
	at java.security.ProtectionDomain$JavaSecurityAccessImpl.doIntersectionPrivilege(ProtectionDomain.java:80)
	at java.awt.EventQueue.dispatchEvent(EventQueue.java:726)
	at java.awt.EventDispatchThread.pumpOneEventForFilters(EventDispatchThread.java:201)
	at java.awt.EventDispatchThread.pumpEventsForFilter(EventDispatchThread.java:116)
	at java.awt.EventDispatchThread.pumpEventsForHierarchy(EventDispatchThread.java:105)
	at java.awt.EventDispatchThread.pumpEvents(EventDispatchThread.java:101)
	at java.awt.EventDispatchThread.pumpEvents(EventDispatchThread.java:93)
	at java.awt.EventDispatchThread.run(EventDispatchThread.java:82)
Caused by: ptolemy.kernel.util.InternalErrorException: Element <entity name="sender1" class="ptolemy.actor.ptalon.demo.ptinyos.SendAndReceiveCnt.CntToLedsAndRfm"> caused an exception to be thrown.
  in .SendAndReceiveCnt.SendAndReceiveCnt
Because:
Cannot find class: ptolemy.actor.ptalon.demo.ptinyos.SendAndReceiveCnt.CntToLedsAndRfm. In Ptolemy, classes are typically Java .class files. Entities like actors may instead be defined within a .xml file.  In any case, the class was not found. If the class uses a third party package, then the class would be present only if the third party package was found at compile time.  It may be necessary to upgrade Java or install the third party package, reconfigure and recompile.
Because:
Element <entity name="MicaLeds" class="ptolemy.domains.ptinyos.lib.MicaLeds"> caused an exception to be thrown.
  in .CntToLedsAndRfm
Because:
Cannot find class: ptolemy.domains.ptinyos.lib.MicaLeds. In Ptolemy, classes are typically Java .class files. Entities like actors may instead be defined within a .xml file.  In any case, the class was not found. If the class uses a third party package, then the class would be present only if the third party package was found at compile time.  It may be necessary to upgrade Java or install the third party package, reconfigure and recompile.
Because:
-- /home/travis/build/icyphy/ptII/ptolemy/actor/ptalon/demo/ptinyos/SendAndReceiveCnt/ptolemy/domains/ptinyos/lib/MicaLeds.xml (No such file or directory)
-- XML file not found relative to classpath.
-- /home/travis/build/icyphy/ptII/ptolemy/vergil/basic/export/test/ptolemy/domains/ptinyos/lib/MicaLeds.xml
/home/travis/build/icyphy/ptII/ptolemy/vergil/basic/export/test/ptolemy/domains/ptinyos/lib/MicaLeds.xml (No such file or directory)
 in file:/home/travis/build/icyphy/ptII/ptolemy/actor/ptalon/demo/ptinyos/SendAndReceiveCnt/CntToLedsAndRfm.xml at line 132 and column 63
	at ptolemy.moml.SimpleErrorHandler.handleError(SimpleErrorHandler.java:75)
	at ptolemy.moml.MoMLParser.startElement(MoMLParser.java:3805)
	at com.microstar.xml.XmlParser.parseElement(XmlParser.java:931)
	at com.microstar.xml.XmlParser.parseDocument(XmlParser.java:481)
	at com.microstar.xml.XmlParser.doParse(XmlParser.java:159)
	at com.microstar.xml.XmlParser.parse(XmlParser.java:132)
	at ptolemy.moml.MoMLParser.parse(MoMLParser.java:1660)
	at ptolemy.moml.MoMLParser.parse(MoMLParser.java:1617)
	at ptolemy.moml.MoMLParser.parse(MoMLParser.java:1792)
	at ptolemy.actor.ptalon.PtalonEvaluator.addActor(PtalonEvaluator.java:241)
	... 56 more
Caused by: ptolemy.kernel.util.IllegalActionException: Cannot find class: ptolemy.actor.ptalon.demo.ptinyos.SendAndReceiveCnt.CntToLedsAndRfm. In Ptolemy, classes are typically Java .class files. Entities like actors may instead be defined within a .xml file.  In any case, the class was not found. If the class uses a third party package, then the class would be present only if the third party package was found at compile time.  It may be necessary to upgrade Java or install the third party package, reconfigure and recompile.
Because:
Element <entity name="MicaLeds" class="ptolemy.domains.ptinyos.lib.MicaLeds"> caused an exception to be thrown.
  in .CntToLedsAndRfm
Because:
Cannot find class: ptolemy.domains.ptinyos.lib.MicaLeds. In Ptolemy, classes are typically Java .class files. Entities like actors may instead be defined within a .xml file.  In any case, the class was not found. If the class uses a third party package, then the class would be present only if the third party package was found at compile time.  It may be necessary to upgrade Java or install the third party package, reconfigure and recompile.
Because:
-- /home/travis/build/icyphy/ptII/ptolemy/actor/ptalon/demo/ptinyos/SendAndReceiveCnt/ptolemy/domains/ptinyos/lib/MicaLeds.xml (No such file or directory)
-- XML file not found relative to classpath.
-- /home/travis/build/icyphy/ptII/ptolemy/vergil/basic/export/test/ptolemy/domains/ptinyos/lib/MicaLeds.xml
/home/travis/build/icyphy/ptII/ptolemy/vergil/basic/export/test/ptolemy/domains/ptinyos/lib/MicaLeds.xml (No such file or directory)
 in file:/home/travis/build/icyphy/ptII/ptolemy/actor/ptalon/demo/ptinyos/SendAndReceiveCnt/CntToLedsAndRfm.xml at line 132 and column 63
	at ptolemy.moml.MoMLParser._createEntity(MoMLParser.java:4330)
	at ptolemy.moml.MoMLParser.startElement(MoMLParser.java:2864)
	... 64 more
Caused by: ptolemy.kernel.util.InternalErrorException: Element <entity name="MicaLeds" class="ptolemy.domains.ptinyos.lib.MicaLeds"> caused an exception to be thrown.
  in .CntToLedsAndRfm
Because:
Cannot find class: ptolemy.domains.ptinyos.lib.MicaLeds. In Ptolemy, classes are typically Java .class files. Entities like actors may instead be defined within a .xml file.  In any case, the class was not found. If the class uses a third party package, then the class would be present only if the third party package was found at compile time.  It may be necessary to upgrade Java or install the third party package, reconfigure and recompile.
Because:
-- /home/travis/build/icyphy/ptII/ptolemy/actor/ptalon/demo/ptinyos/SendAndReceiveCnt/ptolemy/domains/ptinyos/lib/MicaLeds.xml (No such file or directory)
-- XML file not found relative to classpath.
-- /home/travis/build/icyphy/ptII/ptolemy/vergil/basic/export/test/ptolemy/domains/ptinyos/lib/MicaLeds.xml
/home/travis/build/icyphy/ptII/ptolemy/vergil/basic/export/test/ptolemy/domains/ptinyos/lib/MicaLeds.xml (No such file or directory)
 in file:/home/travis/build/icyphy/ptII/ptolemy/actor/ptalon/demo/ptinyos/SendAndReceiveCnt/CntToLedsAndRfm.xml at line 132 and column 63
	at ptolemy.moml.SimpleErrorHandler.handleError(SimpleErrorHandler.java:75)
	at ptolemy.moml.MoMLParser.startElement(MoMLParser.java:3805)
	at com.microstar.xml.XmlParser.parseElement(XmlParser.java:921)
	at com.microstar.xml.XmlParser.parseContent(XmlParser.java:1104)
	at com.microstar.xml.XmlParser.parseElement(XmlParser.java:924)
	at com.microstar.xml.XmlParser.parseDocument(XmlParser.java:481)
	at com.microstar.xml.XmlParser.doParse(XmlParser.java:159)
	at com.microstar.xml.XmlParser.parse(XmlParser.java:132)
	at ptolemy.moml.MoMLParser.parse(MoMLParser.java:1676)
	at ptolemy.moml.MoMLParser.parse(MoMLParser.java:1595)
	at ptolemy.moml.MoMLParser.parse(MoMLParser.java:1537)
	at ptolemy.moml.MoMLParser._findOrParse(MoMLParser.java:5286)
	at ptolemy.moml.MoMLParser._attemptToFindMoMLClass(MoMLParser.java:4075)
	at ptolemy.moml.MoMLParser._createEntity(MoMLParser.java:4323)
	... 65 more
Caused by: ptolemy.kernel.util.IllegalActionException: Cannot find class: ptolemy.domains.ptinyos.lib.MicaLeds. In Ptolemy, classes are typically Java .class files. Entities like actors may instead be defined within a .xml file.  In any case, the class was not found. If the class uses a third party package, then the class would be present only if the third party package was found at compile time.  It may be necessary to upgrade Java or install the third party package, reconfigure and recompile.
Because:
-- /home/travis/build/icyphy/ptII/ptolemy/actor/ptalon/demo/ptinyos/SendAndReceiveCnt/ptolemy/domains/ptinyos/lib/MicaLeds.xml (No such file or directory)
-- XML file not found relative to classpath.
-- /home/travis/build/icyphy/ptII/ptolemy/vergil/basic/export/test/ptolemy/domains/ptinyos/lib/MicaLeds.xml
/home/travis/build/icyphy/ptII/ptolemy/vergil/basic/export/test/ptolemy/domains/ptinyos/lib/MicaLeds.xml (No such file or directory)
 in file:/home/travis/build/icyphy/ptII/ptolemy/actor/ptalon/demo/ptinyos/SendAndReceiveCnt/CntToLedsAndRfm.xml at line 132 and column 63
	at ptolemy.moml.MoMLParser._createEntity(MoMLParser.java:4330)
	at ptolemy.moml.MoMLParser.startElement(MoMLParser.java:2864)
	... 77 more
Caused by: com.microstar.xml.XmlException: -- /home/travis/build/icyphy/ptII/ptolemy/actor/ptalon/demo/ptinyos/SendAndReceiveCnt/ptolemy/domains/ptinyos/lib/MicaLeds.xml (No such file or directory)
-- XML file not found relative to classpath.
-- /home/travis/build/icyphy/ptII/ptolemy/vergil/basic/export/test/ptolemy/domains/ptinyos/lib/MicaLeds.xml
/home/travis/build/icyphy/ptII/ptolemy/vergil/basic/export/test/ptolemy/domains/ptinyos/lib/MicaLeds.xml (No such file or directory)
 in file:/home/travis/build/icyphy/ptII/ptolemy/actor/ptalon/demo/ptinyos/SendAndReceiveCnt/CntToLedsAndRfm.xml at line 132 and column 63
	at ptolemy.moml.MoMLParser.fileNameToURL(MoMLParser.java:1414)
	at ptolemy.moml.MoMLParser._findOrParse(MoMLParser.java:5283)
	at ptolemy.moml.MoMLParser._attemptToFindMoMLClass(MoMLParser.java:4075)
	at ptolemy.moml.MoMLParser._createEntity(MoMLParser.java:4323)
	... 78 more
Failed to read file:/home/travis/build/icyphy/ptII/ptolemy/actor/ptalon/demo/ptinyos/SendAndReceiveCnt/SendAndReceiveCnt.xml
ptolemy.kernel.util.IllegalActionException: Failed to process attribute change to PtalonParameter, whose value is "ptolemy.actor.ptalon.PtalonExpressionParameter {.SendAndReceiveCnt.SendAndReceiveCnt.channelName} "AtomicWirelessChannel"".
  in .SendAndReceiveCnt.SendAndReceiveCnt
Because:
Unable to add actor null
	at ptolemy.actor.ptalon.PtalonActor.attributeChanged(PtalonActor.java:211)
	at ptolemy.actor.ptalon.PtalonMLHandler.startElement(PtalonMLHandler.java:134)
	at com.microstar.xml.XmlParser.parseElement(XmlParser.java:921)
	at com.microstar.xml.XmlParser.parseContent(XmlParser.java:1104)
	at com.microstar.xml.XmlParser.parseElement(XmlParser.java:924)
	at com.microstar.xml.XmlParser.parseDocument(XmlParser.java:481)
	at com.microstar.xml.XmlParser.doParse(XmlParser.java:159)
	at com.microstar.xml.XmlParser.parse(XmlParser.java:132)
	at ptolemy.actor.ptalon.PtalonActor.configure(PtalonActor.java:240)
	at ptolemy.moml.MoMLParser.endElement(MoMLParser.java:996)
	at com.microstar.xml.XmlParser.parseETag(XmlParser.java:1026)
	at com.microstar.xml.XmlParser.parseContent(XmlParser.java:1098)
	at com.microstar.xml.XmlParser.parseElement(XmlParser.java:924)
	at com.microstar.xml.XmlParser.parseContent(XmlParser.java:1104)
	at com.microstar.xml.XmlParser.parseElement(XmlParser.java:924)
	at com.microstar.xml.XmlParser.parseContent(XmlParser.java:1104)
	at com.microstar.xml.XmlParser.parseElement(XmlParser.java:924)
	at com.microstar.xml.XmlParser.parseDocument(XmlParser.java:481)
	at com.microstar.xml.XmlParser.doParse(XmlParser.java:159)
	at com.microstar.xml.XmlParser.parse(XmlParser.java:132)
	at ptolemy.moml.MoMLParser.parse(MoMLParser.java:1676)
	at ptolemy.moml.MoMLParser.parse(MoMLParser.java:1595)
	at ptolemy.moml.MoMLParser.parse(MoMLParser.java:1537)
	at ptolemy.actor.gui.PtolemyEffigy$Factory.createEffigy(PtolemyEffigy.java:424)
	at ptolemy.actor.gui.EffigyFactory.createEffigy(EffigyFactory.java:234)
	at ptolemy.actor.gui.Configuration.openModel(Configuration.java:1125)
	at ptolemy.actor.gui.Configuration.openModel(Configuration.java:1051)
	at ptolemy.actor.gui.ConfigurationApplication._openModel(ConfigurationApplication.java:1252)
	at ptolemy.actor.gui.ConfigurationApplication._parseArg(ConfigurationApplication.java:1399)
	at ptolemy.actor.gui.ConfigurationApplication._parseArgs(ConfigurationApplication.java:1478)
	at ptolemy.actor.gui.ConfigurationApplication.<init>(ConfigurationApplication.java:277)
	at ptolemy.actor.gui.ConfigurationApplication.<init>(ConfigurationApplication.java:214)
	at ptolemy.actor.gui.ConfigurationApplication.<init>(ConfigurationApplication.java:201)
	at ptolemy.actor.gui.ConfigurationApplication.openModelOrEntity(ConfigurationApplication.java:680)
	at ptolemy.vergil.basic.export.ExportModel$1.run(ExportModel.java:220)
	at java.awt.event.InvocationEvent.dispatch(InvocationEvent.java:301)
	at java.awt.EventQueue.dispatchEventImpl(EventQueue.java:756)
	at java.awt.EventQueue.access$500(EventQueue.java:97)
	at java.awt.EventQueue$3.run(EventQueue.java:709)
	at java.awt.EventQueue$3.run(EventQueue.java:703)
	at java.security.AccessController.doPrivileged(Native Method)
	at java.security.ProtectionDomain$JavaSecurityAccessImpl.doIntersectionPrivilege(ProtectionDomain.java:80)
	at java.awt.EventQueue.dispatchEvent(EventQueue.java:726)
	at java.awt.EventDispatchThread.pumpOneEventForFilters(EventDispatchThread.java:201)
	at java.awt.EventDispatchThread.pumpEventsForFilter(EventDispatchThread.java:116)
	at java.awt.EventDispatchThread.pumpEventsForHierarchy(EventDispatchThread.java:105)
	at java.awt.EventDispatchThread.pumpEvents(EventDispatchThread.java:101)
	at java.awt.EventDispatchThread.pumpEvents(EventDispatchThread.java:93)
	at java.awt.EventDispatchThread.run(EventDispatchThread.java:82)
Caused by: ptolemy.actor.ptalon.PtalonRuntimeException: Unable to add actor null
	at ptolemy.actor.ptalon.PtalonEvaluator.addActor(PtalonEvaluator.java:300)
	at ptolemy.actor.ptalon.PtalonPopulator.actor_declaration(PtalonPopulator.java:1574)
	at ptolemy.actor.ptalon.PtalonPopulator.atomic_statement(PtalonPopulator.java:1638)
	at ptolemy.actor.ptalon.PtalonPopulator.iterative_statement_evaluator(PtalonPopulator.java:2484)
	at ptolemy.actor.ptalon.AbstractPtalonEvaluator$IfTree.evaluateForScope(AbstractPtalonEvaluator.java:1307)
	at ptolemy.actor.ptalon.AbstractPtalonEvaluator.evaluateForScope(AbstractPtalonEvaluator.java:744)
	at ptolemy.actor.ptalon.PtalonPopulator.iterative_statement(PtalonPopulator.java:2363)
	at ptolemy.actor.ptalon.PtalonPopulator.actor_definition(PtalonPopulator.java:2809)
	at ptolemy.actor.ptalon.PtalonActor.attributeChanged(PtalonActor.java:206)
	... 48 more
Caused by: ptolemy.kernel.util.InternalErrorException: Element <entity name="sender1" class="ptolemy.actor.ptalon.demo.ptinyos.SendAndReceiveCnt.CntToLedsAndRfm"> caused an exception to be thrown.
  in .SendAndReceiveCnt.SendAndReceiveCnt
Because:
Cannot find class: ptolemy.actor.ptalon.demo.ptinyos.SendAndReceiveCnt.CntToLedsAndRfm. In Ptolemy, classes are typically Java .class files. Entities like actors may instead be defined within a .xml file.  In any case, the class was not found. If the class uses a third party package, then the class would be present only if the third party package was found at compile time.  It may be necessary to upgrade Java or install the third party package, reconfigure and recompile.
Because:
Element <entity name="MicaLeds" class="ptolemy.domains.ptinyos.lib.MicaLeds"> caused an exception to be thrown.
  in .CntToLedsAndRfm
Because:
Cannot find class: ptolemy.domains.ptinyos.lib.MicaLeds. In Ptolemy, classes are typically Java .class files. Entities like actors may instead be defined within a .xml file.  In any case, the class was not found. If the class uses a third party package, then the class would be present only if the third party package was found at compile time.  It may be necessary to upgrade Java or install the third party package, reconfigure and recompile.
Because:
-- /home/travis/build/icyphy/ptII/ptolemy/actor/ptalon/demo/ptinyos/SendAndReceiveCnt/ptolemy/domains/ptinyos/lib/MicaLeds.xml (No such file or directory)
-- XML file not found relative to classpath.
-- /home/travis/build/icyphy/ptII/ptolemy/vergil/basic/export/test/ptolemy/domains/ptinyos/lib/MicaLeds.xml
/home/travis/build/icyphy/ptII/ptolemy/vergil/basic/export/test/ptolemy/domains/ptinyos/lib/MicaLeds.xml (No such file or directory)
 in file:/home/travis/build/icyphy/ptII/ptolemy/actor/ptalon/demo/ptinyos/SendAndReceiveCnt/CntToLedsAndRfm.xml at line 132 and column 63
	at ptolemy.moml.SimpleErrorHandler.handleError(SimpleErrorHandler.java:75)
	at ptolemy.moml.MoMLParser.startElement(MoMLParser.java:3805)
	at com.microstar.xml.XmlParser.parseElement(XmlParser.java:931)
	at com.microstar.xml.XmlParser.parseDocument(XmlParser.java:481)
	at com.microstar.xml.XmlParser.doParse(XmlParser.java:159)
	at com.microstar.xml.XmlParser.parse(XmlParser.java:132)
	at ptolemy.moml.MoMLParser.parse(MoMLParser.java:1660)
	at ptolemy.moml.MoMLParser.parse(MoMLParser.java:1617)
	at ptolemy.moml.MoMLParser.parse(MoMLParser.java:1792)
	at ptolemy.actor.ptalon.PtalonEvaluator.addActor(PtalonEvaluator.java:241)
	... 56 more
Caused by: ptolemy.kernel.util.IllegalActionException: Cannot find class: ptolemy.actor.ptalon.demo.ptinyos.SendAndReceiveCnt.CntToLedsAndRfm. In Ptolemy, classes are typically Java .class files. Entities like actors may instead be defined within a .xml file.  In any case, the class was not found. If the class uses a third party package, then the class would be present only if the third party package was found at compile time.  It may be necessary to upgrade Java or install the third party package, reconfigure and recompile.
Because:
Element <entity name="MicaLeds" class="ptolemy.domains.ptinyos.lib.MicaLeds"> caused an exception to be thrown.
  in .CntToLedsAndRfm
Because:
Cannot find class: ptolemy.domains.ptinyos.lib.MicaLeds. In Ptolemy, classes are typically Java .class files. Entities like actors may instead be defined within a .xml file.  In any case, the class was not found. If the class uses a third party package, then the class would be present only if the third party package was found at compile time.  It may be necessary to upgrade Java or install the third party package, reconfigure and recompile.
Because:
-- /home/travis/build/icyphy/ptII/ptolemy/actor/ptalon/demo/ptinyos/SendAndReceiveCnt/ptolemy/domains/ptinyos/lib/MicaLeds.xml (No such file or directory)
-- XML file not found relative to classpath.
-- /home/travis/build/icyphy/ptII/ptolemy/vergil/basic/export/test/ptolemy/domains/ptinyos/lib/MicaLeds.xml
/home/travis/build/icyphy/ptII/ptolemy/vergil/basic/export/test/ptolemy/domains/ptinyos/lib/MicaLeds.xml (No such file or directory)
 in file:/home/travis/build/icyphy/ptII/ptolemy/actor/ptalon/demo/ptinyos/SendAndReceiveCnt/CntToLedsAndRfm.xml at line 132 and column 63
	at ptolemy.moml.MoMLParser._createEntity(MoMLParser.java:4330)
	at ptolemy.moml.MoMLParser.startElement(MoMLParser.java:2864)
	... 64 more
Caused by: ptolemy.kernel.util.InternalErrorException: Element <entity name="MicaLeds" class="ptolemy.domains.ptinyos.lib.MicaLeds"> caused an exception to be thrown.
  in .CntToLedsAndRfm
Because:
Cannot find class: ptolemy.domains.ptinyos.lib.MicaLeds. In Ptolemy, classes are typically Java .class files. Entities like actors may instead be defined within a .xml file.  In any case, the class was not found. If the class uses a third party package, then the class would be present only if the third party package was found at compile time.  It may be necessary to upgrade Java or install the third party package, reconfigure and recompile.
Because:
-- /home/travis/build/icyphy/ptII/ptolemy/actor/ptalon/demo/ptinyos/SendAndReceiveCnt/ptolemy/domains/ptinyos/lib/MicaLeds.xml (No such file or directory)
-- XML file not found relative to classpath.
-- /home/travis/build/icyphy/ptII/ptolemy/vergil/basic/export/test/ptolemy/domains/ptinyos/lib/MicaLeds.xml
/home/travis/build/icyphy/ptII/ptolemy/vergil/basic/export/test/ptolemy/domains/ptinyos/lib/MicaLeds.xml (No such file or directory)
 in file:/home/travis/build/icyphy/ptII/ptolemy/actor/ptalon/demo/ptinyos/SendAndReceiveCnt/CntToLedsAndRfm.xml at line 132 and column 63
	at ptolemy.moml.SimpleErrorHandler.handleError(SimpleErrorHandler.java:75)
	at ptolemy.moml.MoMLParser.startElement(MoMLParser.java:3805)
	at com.microstar.xml.XmlParser.parseElement(XmlParser.java:921)
	at com.microstar.xml.XmlParser.parseContent(XmlParser.java:1104)
	at com.microstar.xml.XmlParser.parseElement(XmlParser.java:924)
	at com.microstar.xml.XmlParser.parseDocument(XmlParser.java:481)
	at com.microstar.xml.XmlParser.doParse(XmlParser.java:159)
	at com.microstar.xml.XmlParser.parse(XmlParser.java:132)
	at ptolemy.moml.MoMLParser.parse(MoMLParser.java:1676)
	at ptolemy.moml.MoMLParser.parse(MoMLParser.java:1595)
	at ptolemy.moml.MoMLParser.parse(MoMLParser.java:1537)
	at ptolemy.moml.MoMLParser._findOrParse(MoMLParser.java:5286)
	at ptolemy.moml.MoMLParser._attemptToFindMoMLClass(MoMLParser.java:4075)
	at ptolemy.moml.MoMLParser._createEntity(MoMLParser.java:4323)
	... 65 more
Caused by: ptolemy.kernel.util.IllegalActionException: Cannot find class: ptolemy.domains.ptinyos.lib.MicaLeds. In Ptolemy, classes are typically Java .class files. Entities like actors may instead be defined within a .xml file.  In any case, the class was not found. If the class uses a third party package, then the class would be present only if the third party package was found at compile time.  It may be necessary to upgrade Java or install the third party package, reconfigure and recompile.
Because:
-- /home/travis/build/icyphy/ptII/ptolemy/actor/ptalon/demo/ptinyos/SendAndReceiveCnt/ptolemy/domains/ptinyos/lib/MicaLeds.xml (No such file or directory)
-- XML file not found relative to classpath.
-- /home/travis/build/icyphy/ptII/ptolemy/vergil/basic/export/test/ptolemy/domains/ptinyos/lib/MicaLeds.xml
/home/travis/build/icyphy/ptII/ptolemy/vergil/basic/export/test/ptolemy/domains/ptinyos/lib/MicaLeds.xml (No such file or directory)
 in file:/home/travis/build/icyphy/ptII/ptolemy/actor/ptalon/demo/ptinyos/SendAndReceiveCnt/CntToLedsAndRfm.xml at line 132 and column 63
	at ptolemy.moml.MoMLParser._createEntity(MoMLParser.java:4330)
	at ptolemy.moml.MoMLParser.startElement(MoMLParser.java:2864)
	... 77 more
Caused by: com.microstar.xml.XmlException: -- /home/travis/build/icyphy/ptII/ptolemy/actor/ptalon/demo/ptinyos/SendAndReceiveCnt/ptolemy/domains/ptinyos/lib/MicaLeds.xml (No such file or directory)
-- XML file not found relative to classpath.
-- /home/travis/build/icyphy/ptII/ptolemy/vergil/basic/export/test/ptolemy/domains/ptinyos/lib/MicaLeds.xml
/home/travis/build/icyphy/ptII/ptolemy/vergil/basic/export/test/ptolemy/domains/ptinyos/lib/MicaLeds.xml (No such file or directory)
 in file:/home/travis/build/icyphy/ptII/ptolemy/actor/ptalon/demo/ptinyos/SendAndReceiveCnt/CntToLedsAndRfm.xml at line 132 and column 63
	at ptolemy.moml.MoMLParser.fileNameToURL(MoMLParser.java:1414)
	at ptolemy.moml.MoMLParser._findOrParse(MoMLParser.java:5283)
	at ptolemy.moml.MoMLParser._attemptToFindMoMLClass(MoMLParser.java:4075)
	at ptolemy.moml.MoMLParser._createEntity(MoMLParser.java:4323)
	... 78 more
Caused by: ptolemy.actor.ptalon.PtalonRuntimeException: Unable to add actor null
	at ptolemy.actor.ptalon.PtalonEvaluator.addActor(PtalonEvaluator.java:300)
	at ptolemy.actor.ptalon.PtalonPopulator.actor_declaration(PtalonPopulator.java:1574)
	at ptolemy.actor.ptalon.PtalonPopulator.atomic_statement(PtalonPopulator.java:1638)
	at ptolemy.actor.ptalon.PtalonPopulator.iterative_statement_evaluator(PtalonPopulator.java:2484)
	at ptolemy.actor.ptalon.AbstractPtalonEvaluator$IfTree.evaluateForScope(AbstractPtalonEvaluator.java:1307)
	at ptolemy.actor.ptalon.AbstractPtalonEvaluator.evaluateForScope(AbstractPtalonEvaluator.java:744)
	at ptolemy.actor.ptalon.PtalonPopulator.iterative_statement(PtalonPopulator.java:2363)
	at ptolemy.actor.ptalon.PtalonPopulator.actor_definition(PtalonPopulator.java:2809)
	at ptolemy.actor.ptalon.PtalonActor.attributeChanged(PtalonActor.java:206)
	at ptolemy.actor.ptalon.PtalonMLHandler.startElement(PtalonMLHandler.java:134)
	at com.microstar.xml.XmlParser.parseElement(XmlParser.java:921)
	at com.microstar.xml.XmlParser.parseContent(XmlParser.java:1104)
	at com.microstar.xml.XmlParser.parseElement(XmlParser.java:924)
	at com.microstar.xml.XmlParser.parseDocument(XmlParser.java:481)
	at com.microstar.xml.XmlParser.doParse(XmlParser.java:159)
	at com.microstar.xml.XmlParser.parse(XmlParser.java:132)
	at ptolemy.actor.ptalon.PtalonActor.configure(PtalonActor.java:240)
	at ptolemy.moml.MoMLParser.endElement(MoMLParser.java:996)
	at com.microstar.xml.XmlParser.parseETag(XmlParser.java:1026)
	at com.microstar.xml.XmlParser.parseContent(XmlParser.java:1098)
	at com.microstar.xml.XmlParser.parseElement(XmlParser.java:924)
	at com.microstar.xml.XmlParser.parseContent(XmlParser.java:1104)
	at com.microstar.xml.XmlParser.parseElement(XmlParser.java:924)
	at com.microstar.xml.XmlParser.parseContent(XmlParser.java:1104)
	at com.microstar.xml.XmlParser.parseElement(XmlParser.java:924)
	at com.microstar.xml.XmlParser.parseDocument(XmlParser.java:481)
	at com.microstar.xml.XmlParser.doParse(XmlParser.java:159)
	at com.microstar.xml.XmlParser.parse(XmlParser.java:132)
	at ptolemy.moml.MoMLParser.parse(MoMLParser.java:1676)
	at ptolemy.moml.MoMLParser.parse(MoMLParser.java:1595)
	at ptolemy.moml.MoMLParser.parse(MoMLParser.java:1537)
	at ptolemy.actor.gui.PtolemyEffigy$Factory.createEffigy(PtolemyEffigy.java:424)
	at ptolemy.actor.gui.EffigyFactory.createEffigy(EffigyFactory.java:234)
	at ptolemy.actor.gui.Configuration.openModel(Configuration.java:1125)
	at ptolemy.actor.gui.Configuration.openModel(Configuration.java:1051)
	at ptolemy.actor.gui.ConfigurationApplication._openModel(ConfigurationApplication.java:1252)
	at ptolemy.actor.gui.ConfigurationApplication._parseArg(ConfigurationApplication.java:1399)
	at ptolemy.actor.gui.ConfigurationApplication._parseArgs(ConfigurationApplication.java:1478)
	at ptolemy.actor.gui.ConfigurationApplication.<init>(ConfigurationApplication.java:277)
	at ptolemy.actor.gui.ConfigurationApplication.<init>(ConfigurationApplication.java:214)
	at ptolemy.actor.gui.ConfigurationApplication.<init>(ConfigurationApplication.java:201)
	at ptolemy.actor.gui.ConfigurationApplication.openModelOrEntity(ConfigurationApplication.java:680)
	at ptolemy.vergil.basic.export.ExportModel$1.run(ExportModel.java:220)
	at java.awt.event.InvocationEvent.dispatch(InvocationEvent.java:301)
	at java.awt.EventQueue.dispatchEventImpl(EventQueue.java:756)
	at java.awt.EventQueue.access$500(EventQueue.java:97)
	at java.awt.EventQueue$3.run(EventQueue.java:709)
	at java.awt.EventQueue$3.run(EventQueue.java:703)
	at java.security.AccessController.doPrivileged(Native Method)
	at java.security.ProtectionDomain$JavaSecurityAccessImpl.doIntersectionPrivilege(ProtectionDomain.java:80)
	at java.awt.EventQueue.dispatchEvent(EventQueue.java:726)
	at java.awt.EventDispatchThread.pumpOneEventForFilters(EventDispatchThread.java:201)
	at java.awt.EventDispatchThread.pumpEventsForFilter(EventDispatchThread.java:116)
	at java.awt.EventDispatchThread.pumpEventsForHierarchy(EventDispatchThread.java:105)
	at java.awt.EventDispatchThread.pumpEvents(EventDispatchThread.java:101)
	at java.awt.EventDispatchThread.pumpEvents(EventDispatchThread.java:93)
	at java.awt.EventDispatchThread.run(EventDispatchThread.java:82)
Caused by: ptolemy.kernel.util.InternalErrorException: Element <entity name="sender1" class="ptolemy.actor.ptalon.demo.ptinyos.SendAndReceiveCnt.CntToLedsAndRfm"> caused an exception to be thrown.
  in .SendAndReceiveCnt.SendAndReceiveCnt
Because:
Cannot find class: ptolemy.actor.ptalon.demo.ptinyos.SendAndReceiveCnt.CntToLedsAndRfm. In Ptolemy, classes are typically Java .class files. Entities like actors may instead be defined within a .xml file.  In any case, the class was not found. If the class uses a third party package, then the class would be present only if the third party package was found at compile time.  It may be necessary to upgrade Java or install the third party package, reconfigure and recompile.
Because:
Element <entity name="MicaLeds" class="ptolemy.domains.ptinyos.lib.MicaLeds"> caused an exception to be thrown.
  in .CntToLedsAndRfm
Because:
Cannot find class: ptolemy.domains.ptinyos.lib.MicaLeds. In Ptolemy, classes are typically Java .class files. Entities like actors may instead be defined within a .xml file.  In any case, the class was not found. If the class uses a third party package, then the class would be present only if the third party package was found at compile time.  It may be necessary to upgrade Java or install the third party package, reconfigure and recompile.
Because:
-- /home/travis/build/icyphy/ptII/ptolemy/actor/ptalon/demo/ptinyos/SendAndReceiveCnt/ptolemy/domains/ptinyos/lib/MicaLeds.xml (No such file or directory)
-- XML file not found relative to classpath.
-- /home/travis/build/icyphy/ptII/ptolemy/vergil/basic/export/test/ptolemy/domains/ptinyos/lib/MicaLeds.xml
/home/travis/build/icyphy/ptII/ptolemy/vergil/basic/export/test/ptolemy/domains/ptinyos/lib/MicaLeds.xml (No such file or directory)
 in file:/home/travis/build/icyphy/ptII/ptolemy/actor/ptalon/demo/ptinyos/SendAndReceiveCnt/CntToLedsAndRfm.xml at line 132 and column 63
	at ptolemy.moml.SimpleErrorHandler.handleError(SimpleErrorHandler.java:75)
	at ptolemy.moml.MoMLParser.startElement(MoMLParser.java:3805)
	at com.microstar.xml.XmlParser.parseElement(XmlParser.java:931)
	at com.microstar.xml.XmlParser.parseDocument(XmlParser.java:481)
	at com.microstar.xml.XmlParser.doParse(XmlParser.java:159)
	at com.microstar.xml.XmlParser.parse(XmlParser.java:132)
	at ptolemy.moml.MoMLParser.parse(MoMLParser.java:1660)
	at ptolemy.moml.MoMLParser.parse(MoMLParser.java:1617)
	at ptolemy.moml.MoMLParser.parse(MoMLParser.java:1792)
	at ptolemy.actor.ptalon.PtalonEvaluator.addActor(PtalonEvaluator.java:241)
	... 56 more
Caused by: ptolemy.kernel.util.IllegalActionException: Cannot find class: ptolemy.actor.ptalon.demo.ptinyos.SendAndReceiveCnt.CntToLedsAndRfm. In Ptolemy, classes are typically Java .class files. Entities like actors may instead be defined within a .xml file.  In any case, the class was not found. If the class uses a third party package, then the class would be present only if the third party package was found at compile time.  It may be necessary to upgrade Java or install the third party package, reconfigure and recompile.
Because:
Element <entity name="MicaLeds" class="ptolemy.domains.ptinyos.lib.MicaLeds"> caused an exception to be thrown.
  in .CntToLedsAndRfm
Because:
Cannot find class: ptolemy.domains.ptinyos.lib.MicaLeds. In Ptolemy, classes are typically Java .class files. Entities like actors may instead be defined within a .xml file.  In any case, the class was not found. If the class uses a third party package, then the class would be present only if the third party package was found at compile time.  It may be necessary to upgrade Java or install the third party package, reconfigure and recompile.
Because:
-- /home/travis/build/icyphy/ptII/ptolemy/actor/ptalon/demo/ptinyos/SendAndReceiveCnt/ptolemy/domains/ptinyos/lib/MicaLeds.xml (No such file or directory)
-- XML file not found relative to classpath.
-- /home/travis/build/icyphy/ptII/ptolemy/vergil/basic/export/test/ptolemy/domains/ptinyos/lib/MicaLeds.xml
/home/travis/build/icyphy/ptII/ptolemy/vergil/basic/export/test/ptolemy/domains/ptinyos/lib/MicaLeds.xml (No such file or directory)
 in file:/home/travis/build/icyphy/ptII/ptolemy/actor/ptalon/demo/ptinyos/SendAndReceiveCnt/CntToLedsAndRfm.xml at line 132 and column 63
	at ptolemy.moml.MoMLParser._createEntity(MoMLParser.java:4330)
	at ptolemy.moml.MoMLParser.startElement(MoMLParser.java:2864)
	... 64 more
Caused by: ptolemy.kernel.util.InternalErrorException: Element <entity name="MicaLeds" class="ptolemy.domains.ptinyos.lib.MicaLeds"> caused an exception to be thrown.
  in .CntToLedsAndRfm
Because:
Cannot find class: ptolemy.domains.ptinyos.lib.MicaLeds. In Ptolemy, classes are typically Java .class files. Entities like actors may instead be defined within a .xml file.  In any case, the class was not found. If the class uses a third party package, then the class would be present only if the third party package was found at compile time.  It may be necessary to upgrade Java or install the third party package, reconfigure and recompile.
Because:
-- /home/travis/build/icyphy/ptII/ptolemy/actor/ptalon/demo/ptinyos/SendAndReceiveCnt/ptolemy/domains/ptinyos/lib/MicaLeds.xml (No such file or directory)
-- XML file not found relative to classpath.
-- /home/travis/build/icyphy/ptII/ptolemy/vergil/basic/export/test/ptolemy/domains/ptinyos/lib/MicaLeds.xml
/home/travis/build/icyphy/ptII/ptolemy/vergil/basic/export/test/ptolemy/domains/ptinyos/lib/MicaLeds.xml (No such file or directory)
 in file:/home/travis/build/icyphy/ptII/ptolemy/actor/ptalon/demo/ptinyos/SendAndReceiveCnt/CntToLedsAndRfm.xml at line 132 and column 63
	at ptolemy.moml.SimpleErrorHandler.handleError(SimpleErrorHandler.java:75)
	at ptolemy.moml.MoMLParser.startElement(MoMLParser.java:3805)
	at com.microstar.xml.XmlParser.parseElement(XmlParser.java:921)
	at com.microstar.xml.XmlParser.parseContent(XmlParser.java:1104)
	at com.microstar.xml.XmlParser.parseElement(XmlParser.java:924)
	at com.microstar.xml.XmlParser.parseDocument(XmlParser.java:481)
	at com.microstar.xml.XmlParser.doParse(XmlParser.java:159)
	at com.microstar.xml.XmlParser.parse(XmlParser.java:132)
	at ptolemy.moml.MoMLParser.parse(MoMLParser.java:1676)
	at ptolemy.moml.MoMLParser.parse(MoMLParser.java:1595)
	at ptolemy.moml.MoMLParser.parse(MoMLParser.java:1537)
	at ptolemy.moml.MoMLParser._findOrParse(MoMLParser.java:5286)
	at ptolemy.moml.MoMLParser._attemptToFindMoMLClass(MoMLParser.java:4075)
	at ptolemy.moml.MoMLParser._createEntity(MoMLParser.java:4323)
	... 65 more
Caused by: ptolemy.kernel.util.IllegalActionException: Cannot find class: ptolemy.domains.ptinyos.lib.MicaLeds. In Ptolemy, classes are typically Java .class files. Entities like actors may instead be defined within a .xml file.  In any case, the class was not found. If the class uses a third party package, then the class would be present only if the third party package was found at compile time.  It may be necessary to upgrade Java or install the third party package, reconfigure and recompile.
Because:
-- /home/travis/build/icyphy/ptII/ptolemy/actor/ptalon/demo/ptinyos/SendAndReceiveCnt/ptolemy/domains/ptinyos/lib/MicaLeds.xml (No such file or directory)
-- XML file not found relative to classpath.
-- /home/travis/build/icyphy/ptII/ptolemy/vergil/basic/export/test/ptolemy/domains/ptinyos/lib/MicaLeds.xml
/home/travis/build/icyphy/ptII/ptolemy/vergil/basic/export/test/ptolemy/domains/ptinyos/lib/MicaLeds.xml (No such file or directory)
 in file:/home/travis/build/icyphy/ptII/ptolemy/actor/ptalon/demo/ptinyos/SendAndReceiveCnt/CntToLedsAndRfm.xml at line 132 and column 63
	at ptolemy.moml.MoMLParser._createEntity(MoMLParser.java:4330)
	at ptolemy.moml.MoMLParser.startElement(MoMLParser.java:2864)
	... 77 more
Caused by: com.microstar.xml.XmlException: -- /home/travis/build/icyphy/ptII/ptolemy/actor/ptalon/demo/ptinyos/SendAndReceiveCnt/ptolemy/domains/ptinyos/lib/MicaLeds.xml (No such file or directory)
-- XML file not found relative to classpath.
-- /home/travis/build/icyphy/ptII/ptolemy/vergil/basic/export/test/ptolemy/domains/ptinyos/lib/MicaLeds.xml
/home/travis/build/icyphy/ptII/ptolemy/vergil/basic/export/test/ptolemy/domains/ptinyos/lib/MicaLeds.xml (No such file or directory)
 in file:/home/travis/build/icyphy/ptII/ptolemy/actor/ptalon/demo/ptinyos/SendAndReceiveCnt/CntToLedsAndRfm.xml at line 132 and column 63
	at ptolemy.moml.MoMLParser.fileNameToURL(MoMLParser.java:1414)
	at ptolemy.moml.MoMLParser._findOrParse(MoMLParser.java:5283)
	at ptolemy.moml.MoMLParser._attemptToFindMoMLClass(MoMLParser.java:4075)
	at ptolemy.moml.MoMLParser._createEntity(MoMLParser.java:4323)
	... 78 more
Failed to read file:/home/travis/build/icyphy/ptII/ptolemy/actor/ptalon/demo/ptinyos/SendAndReceiveCnt/SendAndReceiveCnt.xml
ptolemy.kernel.util.IllegalActionException: Failed to process attribute change to PtalonParameter, whose value is "ptolemy.actor.ptalon.PtalonExpressionParameter {.SendAndReceiveCnt.SendAndReceiveCnt.channelName} "AtomicWirelessChannel"".
  in .SendAndReceiveCnt.SendAndReceiveCnt
Because:
Unable to add actor null
	at ptolemy.actor.ptalon.PtalonActor.attributeChanged(PtalonActor.java:211)
	at ptolemy.actor.ptalon.PtalonMLHandler.startElement(PtalonMLHandler.java:134)
	at com.microstar.xml.XmlParser.parseElement(XmlParser.java:921)
	at com.microstar.xml.XmlParser.parseContent(XmlParser.java:1104)
	at com.microstar.xml.XmlParser.parseElement(XmlParser.java:924)
	at com.microstar.xml.XmlParser.parseDocument(XmlParser.java:481)
	at com.microstar.xml.XmlParser.doParse(XmlParser.java:159)
	at com.microstar.xml.XmlParser.parse(XmlParser.java:132)
	at ptolemy.actor.ptalon.PtalonActor.configure(PtalonActor.java:240)
	at ptolemy.moml.MoMLParser.endElement(MoMLParser.java:996)
	at com.microstar.xml.XmlParser.parseETag(XmlParser.java:1026)
	at com.microstar.xml.XmlParser.parseContent(XmlParser.java:1098)
	at com.microstar.xml.XmlParser.parseElement(XmlParser.java:924)
	at com.microstar.xml.XmlParser.parseContent(XmlParser.java:1104)
	at com.microstar.xml.XmlParser.parseElement(XmlParser.java:924)
	at com.microstar.xml.XmlParser.parseContent(XmlParser.java:1104)
	at com.microstar.xml.XmlParser.parseElement(XmlParser.java:924)
	at com.microstar.xml.XmlParser.parseDocument(XmlParser.java:481)
	at com.microstar.xml.XmlParser.doParse(XmlParser.java:159)
	at com.microstar.xml.XmlParser.parse(XmlParser.java:132)
	at ptolemy.moml.MoMLParser.parse(MoMLParser.java:1676)
	at ptolemy.moml.MoMLParser.parse(MoMLParser.java:1595)
	at ptolemy.moml.MoMLParser.parse(MoMLParser.java:1537)
	at ptolemy.actor.gui.PtolemyEffigy$Factory.createEffigy(PtolemyEffigy.java:424)
	at ptolemy.actor.gui.EffigyFactory.createEffigy(EffigyFactory.java:234)
	at ptolemy.actor.gui.Configuration.openModel(Configuration.java:1125)
	at ptolemy.actor.gui.Configuration.openModel(Configuration.java:1051)
	at ptolemy.actor.gui.ConfigurationApplication._openModel(ConfigurationApplication.java:1252)
	at ptolemy.actor.gui.ConfigurationApplication._parseArg(ConfigurationApplication.java:1399)
	at ptolemy.actor.gui.ConfigurationApplication._parseArgs(ConfigurationApplication.java:1478)
	at ptolemy.actor.gui.ConfigurationApplication.<init>(ConfigurationApplication.java:277)
	at ptolemy.actor.gui.ConfigurationApplication.<init>(ConfigurationApplication.java:214)
	at ptolemy.actor.gui.ConfigurationApplication.<init>(ConfigurationApplication.java:201)
	at ptolemy.actor.gui.ConfigurationApplication.openModelOrEntity(ConfigurationApplication.java:680)
	at ptolemy.vergil.basic.export.ExportModel$1.run(ExportModel.java:220)
	at java.awt.event.InvocationEvent.dispatch(InvocationEvent.java:301)
	at java.awt.EventQueue.dispatchEventImpl(EventQueue.java:756)
	at java.awt.EventQueue.access$500(EventQueue.java:97)
	at java.awt.EventQueue$3.run(EventQueue.java:709)
	at java.awt.EventQueue$3.run(EventQueue.java:703)
	at java.security.AccessController.doPrivileged(Native Method)
	at java.security.ProtectionDomain$JavaSecurityAccessImpl.doIntersectionPrivilege(ProtectionDomain.java:80)
	at java.awt.EventQueue.dispatchEvent(EventQueue.java:726)
	at java.awt.EventDispatchThread.pumpOneEventForFilters(EventDispatchThread.java:201)
	at java.awt.EventDispatchThread.pumpEventsForFilter(EventDispatchThread.java:116)
	at java.awt.EventDispatchThread.pumpEventsForHierarchy(EventDispatchThread.java:105)
	at java.awt.EventDispatchThread.pumpEvents(EventDispatchThread.java:101)
	at java.awt.EventDispatchThread.pumpEvents(EventDispatchThread.java:93)
	at java.awt.EventDispatchThread.run(EventDispatchThread.java:82)
Caused by: ptolemy.actor.ptalon.PtalonRuntimeException: Unable to add actor null
	at ptolemy.actor.ptalon.PtalonEvaluator.addActor(PtalonEvaluator.java:300)
	at ptolemy.actor.ptalon.PtalonPopulator.actor_declaration(PtalonPopulator.java:1574)
	at ptolemy.actor.ptalon.PtalonPopulator.atomic_statement(PtalonPopulator.java:1638)
	at ptolemy.actor.ptalon.PtalonPopulator.iterative_statement_evaluator(PtalonPopulator.java:2484)
	at ptolemy.actor.ptalon.AbstractPtalonEvaluator$IfTree.evaluateForScope(AbstractPtalonEvaluator.java:1307)
	at ptolemy.actor.ptalon.AbstractPtalonEvaluator.evaluateForScope(AbstractPtalonEvaluator.java:744)
	at ptolemy.actor.ptalon.PtalonPopulator.iterative_statement(PtalonPopulator.java:2363)
	at ptolemy.actor.ptalon.PtalonPopulator.actor_definition(PtalonPopulator.java:2809)
	at ptolemy.actor.ptalon.PtalonActor.attributeChanged(PtalonActor.java:206)
	... 48 more
Caused by: ptolemy.kernel.util.InternalErrorException: Element <entity name="sender1" class="ptolemy.actor.ptalon.demo.ptinyos.SendAndReceiveCnt.CntToLedsAndRfm"> caused an exception to be thrown.
  in .SendAndReceiveCnt.SendAndReceiveCnt
Because:
Cannot find class: ptolemy.actor.ptalon.demo.ptinyos.SendAndReceiveCnt.CntToLedsAndRfm. In Ptolemy, classes are typically Java .class files. Entities like actors may instead be defined within a .xml file.  In any case, the class was not found. If the class uses a third party package, then the class would be present only if the third party package was found at compile time.  It may be necessary to upgrade Java or install the third party package, reconfigure and recompile.
Because:
Element <entity name="MicaLeds" class="ptolemy.domains.ptinyos.lib.MicaLeds"> caused an exception to be thrown.
  in .CntToLedsAndRfm
Because:
Cannot find class: ptolemy.domains.ptinyos.lib.MicaLeds. In Ptolemy, classes are typically Java .class files. Entities like actors may instead be defined within a .xml file.  In any case, the class was not found. If the class uses a third party package, then the class would be present only if the third party package was found at compile time.  It may be necessary to upgrade Java or install the third party package, reconfigure and recompile.
Because:
-- /home/travis/build/icyphy/ptII/ptolemy/actor/ptalon/demo/ptinyos/SendAndReceiveCnt/ptolemy/domains/ptinyos/lib/MicaLeds.xml (No such file or directory)
-- XML file not found relative to classpath.
-- /home/travis/build/icyphy/ptII/ptolemy/vergil/basic/export/test/ptolemy/domains/ptinyos/lib/MicaLeds.xml
/home/travis/build/icyphy/ptII/ptolemy/vergil/basic/export/test/ptolemy/domains/ptinyos/lib/MicaLeds.xml (No such file or directory)
 in file:/home/travis/build/icyphy/ptII/ptolemy/actor/ptalon/demo/ptinyos/SendAndReceiveCnt/CntToLedsAndRfm.xml at line 132 and column 63
	at ptolemy.moml.SimpleErrorHandler.handleError(SimpleErrorHandler.java:75)
	at ptolemy.moml.MoMLParser.startElement(MoMLParser.java:3805)
	at com.microstar.xml.XmlParser.parseElement(XmlParser.java:931)
	at com.microstar.xml.XmlParser.parseDocument(XmlParser.java:481)
	at com.microstar.xml.XmlParser.doParse(XmlParser.java:159)
	at com.microstar.xml.XmlParser.parse(XmlParser.java:132)
	at ptolemy.moml.MoMLParser.parse(MoMLParser.java:1660)
	at ptolemy.moml.MoMLParser.parse(MoMLParser.java:1617)
	at ptolemy.moml.MoMLParser.parse(MoMLParser.java:1792)
	at ptolemy.actor.ptalon.PtalonEvaluator.addActor(PtalonEvaluator.java:241)
	... 56 more
Caused by: ptolemy.kernel.util.IllegalActionException: Cannot find class: ptolemy.actor.ptalon.demo.ptinyos.SendAndReceiveCnt.CntToLedsAndRfm. In Ptolemy, classes are typically Java .class files. Entities like actors may instead be defined within a .xml file.  In any case, the class was not found. If the class uses a third party package, then the class would be present only if the third party package was found at compile time.  It may be necessary to upgrade Java or install the third party package, reconfigure and recompile.
Because:
Element <entity name="MicaLeds" class="ptolemy.domains.ptinyos.lib.MicaLeds"> caused an exception to be thrown.
  in .CntToLedsAndRfm
Because:
Cannot find class: ptolemy.domains.ptinyos.lib.MicaLeds. In Ptolemy, classes are typically Java .class files. Entities like actors may instead be defined within a .xml file.  In any case, the class was not found. If the class uses a third party package, then the class would be present only if the third party package was found at compile time.  It may be necessary to upgrade Java or install the third party package, reconfigure and recompile.
Because:
-- /home/travis/build/icyphy/ptII/ptolemy/actor/ptalon/demo/ptinyos/SendAndReceiveCnt/ptolemy/domains/ptinyos/lib/MicaLeds.xml (No such file or directory)
-- XML file not found relative to classpath.
-- /home/travis/build/icyphy/ptII/ptolemy/vergil/basic/export/test/ptolemy/domains/ptinyos/lib/MicaLeds.xml
/home/travis/build/icyphy/ptII/ptolemy/vergil/basic/export/test/ptolemy/domains/ptinyos/lib/MicaLeds.xml (No such file or directory)
 in file:/home/travis/build/icyphy/ptII/ptolemy/actor/ptalon/demo/ptinyos/SendAndReceiveCnt/CntToLedsAndRfm.xml at line 132 and column 63
	at ptolemy.moml.MoMLParser._createEntity(MoMLParser.java:4330)
	at ptolemy.moml.MoMLParser.startElement(MoMLParser.java:2864)
	... 64 more
Caused by: ptolemy.kernel.util.InternalErrorException: Element <entity name="MicaLeds" class="ptolemy.domains.ptinyos.lib.MicaLeds"> caused an exception to be thrown.
  in .CntToLedsAndRfm
Because:
Cannot find class: ptolemy.domains.ptinyos.lib.MicaLeds. In Ptolemy, classes are typically Java .class files. Entities like actors may instead be defined within a .xml file.  In any case, the class was not found. If the class uses a third party package, then the class would be present only if the third party package was found at compile time.  It may be necessary to upgrade Java or install the third party package, reconfigure and recompile.
Because:
-- /home/travis/build/icyphy/ptII/ptolemy/actor/ptalon/demo/ptinyos/SendAndReceiveCnt/ptolemy/domains/ptinyos/lib/MicaLeds.xml (No such file or directory)
-- XML file not found relative to classpath.
-- /home/travis/build/icyphy/ptII/ptolemy/vergil/basic/export/test/ptolemy/domains/ptinyos/lib/MicaLeds.xml
/home/travis/build/icyphy/ptII/ptolemy/vergil/basic/export/test/ptolemy/domains/ptinyos/lib/MicaLeds.xml (No such file or directory)
 in file:/home/travis/build/icyphy/ptII/ptolemy/actor/ptalon/demo/ptinyos/SendAndReceiveCnt/CntToLedsAndRfm.xml at line 132 and column 63
	at ptolemy.moml.SimpleErrorHandler.handleError(SimpleErrorHandler.java:75)
	at ptolemy.moml.MoMLParser.startElement(MoMLParser.java:3805)
	at com.microstar.xml.XmlParser.parseElement(XmlParser.java:921)
	at com.microstar.xml.XmlParser.parseContent(XmlParser.java:1104)
	at com.microstar.xml.XmlParser.parseElement(XmlParser.java:924)
	at com.microstar.xml.XmlParser.parseDocument(XmlParser.java:481)
	at com.microstar.xml.XmlParser.doParse(XmlParser.java:159)
	at com.microstar.xml.XmlParser.parse(XmlParser.java:132)
	at ptolemy.moml.MoMLParser.parse(MoMLParser.java:1676)
	at ptolemy.moml.MoMLParser.parse(MoMLParser.java:1595)
	at ptolemy.moml.MoMLParser.parse(MoMLParser.java:1537)
	at ptolemy.moml.MoMLParser._findOrParse(MoMLParser.java:5286)
	at ptolemy.moml.MoMLParser._attemptToFindMoMLClass(MoMLParser.java:4075)
	at ptolemy.moml.MoMLParser._createEntity(MoMLParser.java:4323)
	... 65 more
Caused by: ptolemy.kernel.util.IllegalActionException: Cannot find class: ptolemy.domains.ptinyos.lib.MicaLeds. In Ptolemy, classes are typically Java .class files. Entities like actors may instead be defined within a .xml file.  In any case, the class was not found. If the class uses a third party package, then the class would be present only if the third party package was found at compile time.  It may be necessary to upgrade Java or install the third party package, reconfigure and recompile.
Because:
-- /home/travis/build/icyphy/ptII/ptolemy/actor/ptalon/demo/ptinyos/SendAndReceiveCnt/ptolemy/domains/ptinyos/lib/MicaLeds.xml (No such file or directory)
-- XML file not found relative to classpath.
-- /home/travis/build/icyphy/ptII/ptolemy/vergil/basic/export/test/ptolemy/domains/ptinyos/lib/MicaLeds.xml
/home/travis/build/icyphy/ptII/ptolemy/vergil/basic/export/test/ptolemy/domains/ptinyos/lib/MicaLeds.xml (No such file or directory)
 in file:/home/travis/build/icyphy/ptII/ptolemy/actor/ptalon/demo/ptinyos/SendAndReceiveCnt/CntToLedsAndRfm.xml at line 132 and column 63
	at ptolemy.moml.MoMLParser._createEntity(MoMLParser.java:4330)
	at ptolemy.moml.MoMLParser.startElement(MoMLParser.java:2864)
	... 77 more
Caused by: com.microstar.xml.XmlException: -- /home/travis/build/icyphy/ptII/ptolemy/actor/ptalon/demo/ptinyos/SendAndReceiveCnt/ptolemy/domains/ptinyos/lib/MicaLeds.xml (No such file or directory)
-- XML file not found relative to classpath.
-- /home/travis/build/icyphy/ptII/ptolemy/vergil/basic/export/test/ptolemy/domains/ptinyos/lib/MicaLeds.xml
/home/travis/build/icyphy/ptII/ptolemy/vergil/basic/export/test/ptolemy/domains/ptinyos/lib/MicaLeds.xml (No such file or directory)
 in file:/home/travis/build/icyphy/ptII/ptolemy/actor/ptalon/demo/ptinyos/SendAndReceiveCnt/CntToLedsAndRfm.xml at line 132 and column 63
	at ptolemy.moml.MoMLParser.fileNameToURL(MoMLParser.java:1414)
	at ptolemy.moml.MoMLParser._findOrParse(MoMLParser.java:5283)
	at ptolemy.moml.MoMLParser._attemptToFindMoMLClass(MoMLParser.java:4075)
	at ptolemy.moml.MoMLParser._createEntity(MoMLParser.java:4323)
	... 78 more
Caused by: ptolemy.actor.ptalon.PtalonRuntimeException: Unable to add actor null
	at ptolemy.actor.ptalon.PtalonEvaluator.addActor(PtalonEvaluator.java:300)
	at ptolemy.actor.ptalon.PtalonPopulator.actor_declaration(PtalonPopulator.java:1574)
	at ptolemy.actor.ptalon.PtalonPopulator.atomic_statement(PtalonPopulator.java:1638)
	at ptolemy.actor.ptalon.PtalonPopulator.iterative_statement_evaluator(PtalonPopulator.java:2484)
	at ptolemy.actor.ptalon.AbstractPtalonEvaluator$IfTree.evaluateForScope(AbstractPtalonEvaluator.java:1307)
	at ptolemy.actor.ptalon.AbstractPtalonEvaluator.evaluateForScope(AbstractPtalonEvaluator.java:744)
	at ptolemy.actor.ptalon.PtalonPopulator.iterative_statement(PtalonPopulator.java:2363)
	at ptolemy.actor.ptalon.PtalonPopulator.actor_definition(PtalonPopulator.java:2809)
	at ptolemy.actor.ptalon.PtalonActor.attributeChanged(PtalonActor.java:206)
	at ptolemy.actor.ptalon.PtalonMLHandler.startElement(PtalonMLHandler.java:134)
	at com.microstar.xml.XmlParser.parseElement(XmlParser.java:921)
	at com.microstar.xml.XmlParser.parseContent(XmlParser.java:1104)
	at com.microstar.xml.XmlParser.parseElement(XmlParser.java:924)
	at com.microstar.xml.XmlParser.parseDocument(XmlParser.java:481)
	at com.microstar.xml.XmlParser.doParse(XmlParser.java:159)
	at com.microstar.xml.XmlParser.parse(XmlParser.java:132)
	at ptolemy.actor.ptalon.PtalonActor.configure(PtalonActor.java:240)
	at ptolemy.moml.MoMLParser.endElement(MoMLParser.java:996)
	at com.microstar.xml.XmlParser.parseETag(XmlParser.java:1026)
	at com.microstar.xml.XmlParser.parseContent(XmlParser.java:1098)
	at com.microstar.xml.XmlParser.parseElement(XmlParser.java:924)
	at com.microstar.xml.XmlParser.parseContent(XmlParser.java:1104)
	at com.microstar.xml.XmlParser.parseElement(XmlParser.java:924)
	at com.microstar.xml.XmlParser.parseContent(XmlParser.java:1104)
	at com.microstar.xml.XmlParser.parseElement(XmlParser.java:924)
	at com.microstar.xml.XmlParser.parseDocument(XmlParser.java:481)
	at com.microstar.xml.XmlParser.doParse(XmlParser.java:159)
	at com.microstar.xml.XmlParser.parse(XmlParser.java:132)
	at ptolemy.moml.MoMLParser.parse(MoMLParser.java:1676)
	at ptolemy.moml.MoMLParser.parse(MoMLParser.java:1595)
	at ptolemy.moml.MoMLParser.parse(MoMLParser.java:1537)
	at ptolemy.actor.gui.PtolemyEffigy$Factory.createEffigy(PtolemyEffigy.java:424)
	at ptolemy.actor.gui.EffigyFactory.createEffigy(EffigyFactory.java:234)
	at ptolemy.actor.gui.Configuration.openModel(Configuration.java:1125)
	at ptolemy.actor.gui.Configuration.openModel(Configuration.java:1051)
	at ptolemy.actor.gui.ConfigurationApplication._openModel(ConfigurationApplication.java:1252)
	at ptolemy.actor.gui.ConfigurationApplication._parseArg(ConfigurationApplication.java:1399)
	at ptolemy.actor.gui.ConfigurationApplication._parseArgs(ConfigurationApplication.java:1478)
	at ptolemy.actor.gui.ConfigurationApplication.<init>(ConfigurationApplication.java:277)
	at ptolemy.actor.gui.ConfigurationApplication.<init>(ConfigurationApplication.java:214)
	at ptolemy.actor.gui.ConfigurationApplication.<init>(ConfigurationApplication.java:201)
	at ptolemy.actor.gui.ConfigurationApplication.openModelOrEntity(ConfigurationApplication.java:680)
	at ptolemy.vergil.basic.export.ExportModel$1.run(ExportModel.java:220)
	at java.awt.event.InvocationEvent.dispatch(InvocationEvent.java:301)
	at java.awt.EventQueue.dispatchEventImpl(EventQueue.java:756)
	at java.awt.EventQueue.access$500(EventQueue.java:97)
	at java.awt.EventQueue$3.run(EventQueue.java:709)
	at java.awt.EventQueue$3.run(EventQueue.java:703)
	at java.security.AccessController.doPrivileged(Native Method)
	at java.security.ProtectionDomain$JavaSecurityAccessImpl.doIntersectionPrivilege(ProtectionDomain.java:80)
	at java.awt.EventQueue.dispatchEvent(EventQueue.java:726)
	at java.awt.EventDispatchThread.pumpOneEventForFilters(EventDispatchThread.java:201)
	at java.awt.EventDispatchThread.pumpEventsForFilter(EventDispatchThread.java:116)
	at java.awt.EventDispatchThread.pumpEventsForHierarchy(EventDispatchThread.java:105)
	at java.awt.EventDispatchThread.pumpEvents(EventDispatchThread.java:101)
	at java.awt.EventDispatchThread.pumpEvents(EventDispatchThread.java:93)
	at java.awt.EventDispatchThread.run(EventDispatchThread.java:82)
Caused by: ptolemy.kernel.util.InternalErrorException: Element <entity name="sender1" class="ptolemy.actor.ptalon.demo.ptinyos.SendAndReceiveCnt.CntToLedsAndRfm"> caused an exception to be thrown.
  in .SendAndReceiveCnt.SendAndReceiveCnt
Because:
Cannot find class: ptolemy.actor.ptalon.demo.ptinyos.SendAndReceiveCnt.CntToLedsAndRfm. In Ptolemy, classes are typically Java .class files. Entities like actors may instead be defined within a .xml file.  In any case, the class was not found. If the class uses a third party package, then the class would be present only if the third party package was found at compile time.  It may be necessary to upgrade Java or install the third party package, reconfigure and recompile.
Because:
Element <entity name="MicaLeds" class="ptolemy.domains.ptinyos.lib.MicaLeds"> caused an exception to be thrown.
  in .CntToLedsAndRfm
Because:
Cannot find class: ptolemy.domains.ptinyos.lib.MicaLeds. In Ptolemy, classes are typically Java .class files. Entities like actors may instead be defined within a .xml file.  In any case, the class was not found. If the class uses a third party package, then the class would be present only if the third party package was found at compile time.  It may be necessary to upgrade Java or install the third party package, reconfigure and recompile.
Because:
-- /home/travis/build/icyphy/ptII/ptolemy/actor/ptalon/demo/ptinyos/SendAndReceiveCnt/ptolemy/domains/ptinyos/lib/MicaLeds.xml (No such file or directory)
-- XML file not found relative to classpath.
-- /home/travis/build/icyphy/ptII/ptolemy/vergil/basic/export/test/ptolemy/domains/ptinyos/lib/MicaLeds.xml
/home/travis/build/icyphy/ptII/ptolemy/vergil/basic/export/test/ptolemy/domains/ptinyos/lib/MicaLeds.xml (No such file or directory)
 in file:/home/travis/build/icyphy/ptII/ptolemy/actor/ptalon/demo/ptinyos/SendAndReceiveCnt/CntToLedsAndRfm.xml at line 132 and column 63
	at ptolemy.moml.SimpleErrorHandler.handleError(SimpleErrorHandler.java:75)
	at ptolemy.moml.MoMLParser.startElement(MoMLParser.java:3805)
	at com.microstar.xml.XmlParser.parseElement(XmlParser.java:931)
	at com.microstar.xml.XmlParser.parseDocument(XmlParser.java:481)
	at com.microstar.xml.XmlParser.doParse(XmlParser.java:159)
	at com.microstar.xml.XmlParser.parse(XmlParser.java:132)
	at ptolemy.moml.MoMLParser.parse(MoMLParser.java:1660)
	at ptolemy.moml.MoMLParser.parse(MoMLParser.java:1617)
	at ptolemy.moml.MoMLParser.parse(MoMLParser.java:1792)
	at ptolemy.actor.ptalon.PtalonEvaluator.addActor(PtalonEvaluator.java:241)
	... 56 more
Caused by: ptolemy.kernel.util.IllegalActionException: Cannot find class: ptolemy.actor.ptalon.demo.ptinyos.SendAndReceiveCnt.CntToLedsAndRfm. In Ptolemy, classes are typically Java .class files. Entities like actors may instead be defined within a .xml file.  In any case, the class was not found. If the class uses a third party package, then the class would be present only if the third party package was found at compile time.  It may be necessary to upgrade Java or install the third party package, reconfigure and recompile.
Because:
Element <entity name="MicaLeds" class="ptolemy.domains.ptinyos.lib.MicaLeds"> caused an exception to be thrown.
  in .CntToLedsAndRfm
Because:
Cannot find class: ptolemy.domains.ptinyos.lib.MicaLeds. In Ptolemy, classes are typically Java .class files. Entities like actors may instead be defined within a .xml file.  In any case, the class was not found. If the class uses a third party package, then the class would be present only if the third party package was found at compile time.  It may be necessary to upgrade Java or install the third party package, reconfigure and recompile.
Because:
-- /home/travis/build/icyphy/ptII/ptolemy/actor/ptalon/demo/ptinyos/SendAndReceiveCnt/ptolemy/domains/ptinyos/lib/MicaLeds.xml (No such file or directory)
-- XML file not found relative to classpath.
-- /home/travis/build/icyphy/ptII/ptolemy/vergil/basic/export/test/ptolemy/domains/ptinyos/lib/MicaLeds.xml
/home/travis/build/icyphy/ptII/ptolemy/vergil/basic/export/test/ptolemy/domains/ptinyos/lib/MicaLeds.xml (No such file or directory)
 in file:/home/travis/build/icyphy/ptII/ptolemy/actor/ptalon/demo/ptinyos/SendAndReceiveCnt/CntToLedsAndRfm.xml at line 132 and column 63
	at ptolemy.moml.MoMLParser._createEntity(MoMLParser.java:4330)
	at ptolemy.moml.MoMLParser.startElement(MoMLParser.java:2864)
	... 64 more
Caused by: ptolemy.kernel.util.InternalErrorException: Element <entity name="MicaLeds" class="ptolemy.domains.ptinyos.lib.MicaLeds"> caused an exception to be thrown.
  in .CntToLedsAndRfm
Because:
Cannot find class: ptolemy.domains.ptinyos.lib.MicaLeds. In Ptolemy, classes are typically Java .class files. Entities like actors may instead be defined within a .xml file.  In any case, the class was not found. If the class uses a third party package, then the class would be present only if the third party package was found at compile time.  It may be necessary to upgrade Java or install the third party package, reconfigure and recompile.
Because:
-- /home/travis/build/icyphy/ptII/ptolemy/actor/ptalon/demo/ptinyos/SendAndReceiveCnt/ptolemy/domains/ptinyos/lib/MicaLeds.xml (No such file or directory)
-- XML file not found relative to classpath.
-- /home/travis/build/icyphy/ptII/ptolemy/vergil/basic/export/test/ptolemy/domains/ptinyos/lib/MicaLeds.xml
/home/travis/build/icyphy/ptII/ptolemy/vergil/basic/export/test/ptolemy/domains/ptinyos/lib/MicaLeds.xml (No such file or directory)
 in file:/home/travis/build/icyphy/ptII/ptolemy/actor/ptalon/demo/ptinyos/SendAndReceiveCnt/CntToLedsAndRfm.xml at line 132 and column 63
	at ptolemy.moml.SimpleErrorHandler.handleError(SimpleErrorHandler.java:75)
	at ptolemy.moml.MoMLParser.startElement(MoMLParser.java:3805)
	at com.microstar.xml.XmlParser.parseElement(XmlParser.java:921)
	at com.microstar.xml.XmlParser.parseContent(XmlParser.java:1104)
	at com.microstar.xml.XmlParser.parseElement(XmlParser.java:924)
	at com.microstar.xml.XmlParser.parseDocument(XmlParser.java:481)
	at com.microstar.xml.XmlParser.doParse(XmlParser.java:159)
	at com.microstar.xml.XmlParser.parse(XmlParser.java:132)
	at ptolemy.moml.MoMLParser.parse(MoMLParser.java:1676)
	at ptolemy.moml.MoMLParser.parse(MoMLParser.java:1595)
	at ptolemy.moml.MoMLParser.parse(MoMLParser.java:1537)
	at ptolemy.moml.MoMLParser._findOrParse(MoMLParser.java:5286)
	at ptolemy.moml.MoMLParser._attemptToFindMoMLClass(MoMLParser.java:4075)
	at ptolemy.moml.MoMLParser._createEntity(MoMLParser.java:4323)
	... 65 more
Caused by: ptolemy.kernel.util.IllegalActionException: Cannot find class: ptolemy.domains.ptinyos.lib.MicaLeds. In Ptolemy, classes are typically Java .class files. Entities like actors may instead be defined within a .xml file.  In any case, the class was not found. If the class uses a third party package, then the class would be present only if the third party package was found at compile time.  It may be necessary to upgrade Java or install the third party package, reconfigure and recompile.
Because:
-- /home/travis/build/icyphy/ptII/ptolemy/actor/ptalon/demo/ptinyos/SendAndReceiveCnt/ptolemy/domains/ptinyos/lib/MicaLeds.xml (No such file or directory)
-- XML file not found relative to classpath.
-- /home/travis/build/icyphy/ptII/ptolemy/vergil/basic/export/test/ptolemy/domains/ptinyos/lib/MicaLeds.xml
/home/travis/build/icyphy/ptII/ptolemy/vergil/basic/export/test/ptolemy/domains/ptinyos/lib/MicaLeds.xml (No such file or directory)
 in file:/home/travis/build/icyphy/ptII/ptolemy/actor/ptalon/demo/ptinyos/SendAndReceiveCnt/CntToLedsAndRfm.xml at line 132 and column 63
	at ptolemy.moml.MoMLParser._createEntity(MoMLParser.java:4330)
	at ptolemy.moml.MoMLParser.startElement(MoMLParser.java:2864)
	... 77 more
Caused by: com.microstar.xml.XmlException: -- /home/travis/build/icyphy/ptII/ptolemy/actor/ptalon/demo/ptinyos/SendAndReceiveCnt/ptolemy/domains/ptinyos/lib/MicaLeds.xml (No such file or directory)
-- XML file not found relative to classpath.
-- /home/travis/build/icyphy/ptII/ptolemy/vergil/basic/export/test/ptolemy/domains/ptinyos/lib/MicaLeds.xml
/home/travis/build/icyphy/ptII/ptolemy/vergil/basic/export/test/ptolemy/domains/ptinyos/lib/MicaLeds.xml (No such file or directory)
 in file:/home/travis/build/icyphy/ptII/ptolemy/actor/ptalon/demo/ptinyos/SendAndReceiveCnt/CntToLedsAndRfm.xml at line 132 and column 63
	at ptolemy.moml.MoMLParser.fileNameToURL(MoMLParser.java:1414)
	at ptolemy.moml.MoMLParser._findOrParse(MoMLParser.java:5283)
	at ptolemy.moml.MoMLParser._attemptToFindMoMLClass(MoMLParser.java:4075)
	at ptolemy.moml.MoMLParser._createEntity(MoMLParser.java:4323)
	... 78 more
ptolemy.kernel.util.IllegalActionException: Failed to process attribute change to PtalonParameter, whose value is "ptolemy.actor.ptalon.PtalonExpressionParameter {.SendAndReceiveCnt.SendAndReceiveCnt.channelName} "AtomicWirelessChannel"".
  in .SendAndReceiveCnt.SendAndReceiveCnt
Because:
Unable to add actor null
	at ptolemy.actor.ptalon.PtalonActor.attributeChanged(PtalonActor.java:211)
	at ptolemy.actor.ptalon.PtalonMLHandler.startElement(PtalonMLHandler.java:134)
	at com.microstar.xml.XmlParser.parseElement(XmlParser.java:921)
	at com.microstar.xml.XmlParser.parseContent(XmlParser.java:1104)
	at com.microstar.xml.XmlParser.parseElement(XmlParser.java:924)
	at com.microstar.xml.XmlParser.parseDocument(XmlParser.java:481)
	at com.microstar.xml.XmlParser.doParse(XmlParser.java:159)
	at com.microstar.xml.XmlParser.parse(XmlParser.java:132)
	at ptolemy.actor.ptalon.PtalonActor.configure(PtalonActor.java:240)
	at ptolemy.moml.MoMLParser.endElement(MoMLParser.java:996)
	at com.microstar.xml.XmlParser.parseETag(XmlParser.java:1026)
	at com.microstar.xml.XmlParser.parseContent(XmlParser.java:1098)
	at com.microstar.xml.XmlParser.parseElement(XmlParser.java:924)
	at com.microstar.xml.XmlParser.parseContent(XmlParser.java:1104)
	at com.microstar.xml.XmlParser.parseElement(XmlParser.java:924)
	at com.microstar.xml.XmlParser.parseContent(XmlParser.java:1104)
	at com.microstar.xml.XmlParser.parseElement(XmlParser.java:924)
	at com.microstar.xml.XmlParser.parseDocument(XmlParser.java:481)
	at com.microstar.xml.XmlParser.doParse(XmlParser.java:159)
	at com.microstar.xml.XmlParser.parse(XmlParser.java:132)
	at ptolemy.moml.MoMLParser.parse(MoMLParser.java:1676)
	at ptolemy.moml.MoMLParser.parse(MoMLParser.java:1595)
	at ptolemy.moml.MoMLParser.parse(MoMLParser.java:1537)
	at ptolemy.actor.gui.PtolemyEffigy$Factory.createEffigy(PtolemyEffigy.java:424)
	at ptolemy.actor.gui.EffigyFactory.createEffigy(EffigyFactory.java:234)
	at ptolemy.actor.gui.Configuration.openModel(Configuration.java:1125)
	at ptolemy.actor.gui.Configuration.openModel(Configuration.java:1051)
	at ptolemy.actor.gui.ConfigurationApplication._openModel(ConfigurationApplication.java:1252)
	at ptolemy.actor.gui.ConfigurationApplication._parseArg(ConfigurationApplication.java:1399)
	at ptolemy.actor.gui.ConfigurationApplication._parseArgs(ConfigurationApplication.java:1478)
	at ptolemy.actor.gui.ConfigurationApplication.<init>(ConfigurationApplication.java:277)
	at ptolemy.actor.gui.ConfigurationApplication.<init>(ConfigurationApplication.java:214)
	at ptolemy.actor.gui.ConfigurationApplication.<init>(ConfigurationApplication.java:201)
	at ptolemy.actor.gui.ConfigurationApplication.openModelOrEntity(ConfigurationApplication.java:680)
	at ptolemy.vergil.basic.export.ExportModel$1.run(ExportModel.java:220)
	at java.awt.event.InvocationEvent.dispatch(InvocationEvent.java:301)
	at java.awt.EventQueue.dispatchEventImpl(EventQueue.java:756)
	at java.awt.EventQueue.access$500(EventQueue.java:97)
	at java.awt.EventQueue$3.run(EventQueue.java:709)
	at java.awt.EventQueue$3.run(EventQueue.java:703)
	at java.security.AccessController.doPrivileged(Native Method)
	at java.security.ProtectionDomain$JavaSecurityAccessImpl.doIntersectionPrivilege(ProtectionDomain.java:80)
	at java.awt.EventQueue.dispatchEvent(EventQueue.java:726)
	at java.awt.EventDispatchThread.pumpOneEventForFilters(EventDispatchThread.java:201)
	at java.awt.EventDispatchThread.pumpEventsForFilter(EventDispatchThread.java:116)
	at java.awt.EventDispatchThread.pumpEventsForHierarchy(EventDispatchThread.java:105)
	at java.awt.EventDispatchThread.pumpEvents(EventDispatchThread.java:101)
	at java.awt.EventDispatchThread.pumpEvents(EventDispatchThread.java:93)
	at java.awt.EventDispatchThread.run(EventDispatchThread.java:82)
Caused by: ptolemy.actor.ptalon.PtalonRuntimeException: Unable to add actor null
	at ptolemy.actor.ptalon.PtalonEvaluator.addActor(PtalonEvaluator.java:300)
	at ptolemy.actor.ptalon.PtalonPopulator.actor_declaration(PtalonPopulator.java:1574)
	at ptolemy.actor.ptalon.PtalonPopulator.atomic_statement(PtalonPopulator.java:1638)
	at ptolemy.actor.ptalon.PtalonPopulator.iterative_statement_evaluator(PtalonPopulator.java:2484)
	at ptolemy.actor.ptalon.AbstractPtalonEvaluator$IfTree.evaluateForScope(AbstractPtalonEvaluator.java:1307)
	at ptolemy.actor.ptalon.AbstractPtalonEvaluator.evaluateForScope(AbstractPtalonEvaluator.java:744)
	at ptolemy.actor.ptalon.PtalonPopulator.iterative_statement(PtalonPopulator.java:2363)
	at ptolemy.actor.ptalon.PtalonPopulator.actor_definition(PtalonPopulator.java:2809)
	at ptolemy.actor.ptalon.PtalonActor.attributeChanged(PtalonActor.java:206)
	... 48 more
Caused by: ptolemy.kernel.util.InternalErrorException: Element <entity name="sender1" class="ptolemy.actor.ptalon.demo.ptinyos.SendAndReceiveCnt.CntToLedsAndRfm"> caused an exception to be thrown.
  in .SendAndReceiveCnt.SendAndReceiveCnt
Because:
Cannot find class: ptolemy.actor.ptalon.demo.ptinyos.SendAndReceiveCnt.CntToLedsAndRfm. In Ptolemy, classes are typically Java .class files. Entities like actors may instead be defined within a .xml file.  In any case, the class was not found. If the class uses a third party package, then the class would be present only if the third party package was found at compile time.  It may be necessary to upgrade Java or install the third party package, reconfigure and recompile.
Because:
Element <entity name="MicaLeds" class="ptolemy.domains.ptinyos.lib.MicaLeds"> caused an exception to be thrown.
  in .CntToLedsAndRfm
Because:
Cannot find class: ptolemy.domains.ptinyos.lib.MicaLeds. In Ptolemy, classes are typically Java .class files. Entities like actors may instead be defined within a .xml file.  In any case, the class was not found. If the class uses a third party package, then the class would be present only if the third party package was found at compile time.  It may be necessary to upgrade Java or install the third party package, reconfigure and recompile.
Because:
-- /home/travis/build/icyphy/ptII/ptolemy/actor/ptalon/demo/ptinyos/SendAndReceiveCnt/ptolemy/domains/ptinyos/lib/MicaLeds.xml (No such file or directory)
-- XML file not found relative to classpath.
-- /home/travis/build/icyphy/ptII/ptolemy/vergil/basic/export/test/ptolemy/domains/ptinyos/lib/MicaLeds.xml
/home/travis/build/icyphy/ptII/ptolemy/vergil/basic/export/test/ptolemy/domains/ptinyos/lib/MicaLeds.xml (No such file or directory)
 in file:/home/travis/build/icyphy/ptII/ptolemy/actor/ptalon/demo/ptinyos/SendAndReceiveCnt/CntToLedsAndRfm.xml at line 132 and column 63
	at ptolemy.moml.SimpleErrorHandler.handleError(SimpleErrorHandler.java:75)
	at ptolemy.moml.MoMLParser.startElement(MoMLParser.java:3805)
	at com.microstar.xml.XmlParser.parseElement(XmlParser.java:931)
	at com.microstar.xml.XmlParser.parseDocument(XmlParser.java:481)
	at com.microstar.xml.XmlParser.doParse(XmlParser.java:159)
	at com.microstar.xml.XmlParser.parse(XmlParser.java:132)
	at ptolemy.moml.MoMLParser.parse(MoMLParser.java:1660)
	at ptolemy.moml.MoMLParser.parse(MoMLParser.java:1617)
	at ptolemy.moml.MoMLParser.parse(MoMLParser.java:1792)
	at ptolemy.actor.ptalon.PtalonEvaluator.addActor(PtalonEvaluator.java:241)
	... 56 more
Caused by: ptolemy.kernel.util.IllegalActionException: Cannot find class: ptolemy.actor.ptalon.demo.ptinyos.SendAndReceiveCnt.CntToLedsAndRfm. In Ptolemy, classes are typically Java .class files. Entities like actors may instead be defined within a .xml file.  In any case, the class was not found. If the class uses a third party package, then the class would be present only if the third party package was found at compile time.  It may be necessary to upgrade Java or install the third party package, reconfigure and recompile.
Because:
Element <entity name="MicaLeds" class="ptolemy.domains.ptinyos.lib.MicaLeds"> caused an exception to be thrown.
  in .CntToLedsAndRfm
Because:
Cannot find class: ptolemy.domains.ptinyos.lib.MicaLeds. In Ptolemy, classes are typically Java .class files. Entities like actors may instead be defined within a .xml file.  In any case, the class was not found. If the class uses a third party package, then the class would be present only if the third party package was found at compile time.  It may be necessary to upgrade Java or install the third party package, reconfigure and recompile.
Because:
-- /home/travis/build/icyphy/ptII/ptolemy/actor/ptalon/demo/ptinyos/SendAndReceiveCnt/ptolemy/domains/ptinyos/lib/MicaLeds.xml (No such file or directory)
-- XML file not found relative to classpath.
-- /home/travis/build/icyphy/ptII/ptolemy/vergil/basic/export/test/ptolemy/domains/ptinyos/lib/MicaLeds.xml
/home/travis/build/icyphy/ptII/ptolemy/vergil/basic/export/test/ptolemy/domains/ptinyos/lib/MicaLeds.xml (No such file or directory)
 in file:/home/travis/build/icyphy/ptII/ptolemy/actor/ptalon/demo/ptinyos/SendAndReceiveCnt/CntToLedsAndRfm.xml at line 132 and column 63
	at ptolemy.moml.MoMLParser._createEntity(MoMLParser.java:4330)
	at ptolemy.moml.MoMLParser.startElement(MoMLParser.java:2864)
	... 64 more
Caused by: ptolemy.kernel.util.InternalErrorException: Element <entity name="MicaLeds" class="ptolemy.domains.ptinyos.lib.MicaLeds"> caused an exception to be thrown.
  in .CntToLedsAndRfm
Because:
Cannot find class: ptolemy.domains.ptinyos.lib.MicaLeds. In Ptolemy, classes are typically Java .class files. Entities like actors may instead be defined within a .xml file.  In any case, the class was not found. If the class uses a third party package, then the class would be present only if the third party package was found at compile time.  It may be necessary to upgrade Java or install the third party package, reconfigure and recompile.
Because:
-- /home/travis/build/icyphy/ptII/ptolemy/actor/ptalon/demo/ptinyos/SendAndReceiveCnt/ptolemy/domains/ptinyos/lib/MicaLeds.xml (No such file or directory)
-- XML file not found relative to classpath.
-- /home/travis/build/icyphy/ptII/ptolemy/vergil/basic/export/test/ptolemy/domains/ptinyos/lib/MicaLeds.xml
/home/travis/build/icyphy/ptII/ptolemy/vergil/basic/export/test/ptolemy/domains/ptinyos/lib/MicaLeds.xml (No such file or directory)
 in file:/home/travis/build/icyphy/ptII/ptolemy/actor/ptalon/demo/ptinyos/SendAndReceiveCnt/CntToLedsAndRfm.xml at line 132 and column 63
	at ptolemy.moml.SimpleErrorHandler.handleError(SimpleErrorHandler.java:75)
	at ptolemy.moml.MoMLParser.startElement(MoMLParser.java:3805)
	at com.microstar.xml.XmlParser.parseElement(XmlParser.java:921)
	at com.microstar.xml.XmlParser.parseContent(XmlParser.java:1104)
	at com.microstar.xml.XmlParser.parseElement(XmlParser.java:924)
	at com.microstar.xml.XmlParser.parseDocument(XmlParser.java:481)
	at com.microstar.xml.XmlParser.doParse(XmlParser.java:159)
	at com.microstar.xml.XmlParser.parse(XmlParser.java:132)
	at ptolemy.moml.MoMLParser.parse(MoMLParser.java:1676)
	at ptolemy.moml.MoMLParser.parse(MoMLParser.java:1595)
	at ptolemy.moml.MoMLParser.parse(MoMLParser.java:1537)
	at ptolemy.moml.MoMLParser._findOrParse(MoMLParser.java:5286)
	at ptolemy.moml.MoMLParser._attemptToFindMoMLClass(MoMLParser.java:4075)
	at ptolemy.moml.MoMLParser._createEntity(MoMLParser.java:4323)
	... 65 more
Caused by: ptolemy.kernel.util.IllegalActionException: Cannot find class: ptolemy.domains.ptinyos.lib.MicaLeds. In Ptolemy, classes are typically Java .class files. Entities like actors may instead be defined within a .xml file.  In any case, the class was not found. If the class uses a third party package, then the class would be present only if the third party package was found at compile time.  It may be necessary to upgrade Java or install the third party package, reconfigure and recompile.
Because:
-- /home/travis/build/icyphy/ptII/ptolemy/actor/ptalon/demo/ptinyos/SendAndReceiveCnt/ptolemy/domains/ptinyos/lib/MicaLeds.xml (No such file or directory)
-- XML file not found relative to classpath.
-- /home/travis/build/icyphy/ptII/ptolemy/vergil/basic/export/test/ptolemy/domains/ptinyos/lib/MicaLeds.xml
/home/travis/build/icyphy/ptII/ptolemy/vergil/basic/export/test/ptolemy/domains/ptinyos/lib/MicaLeds.xml (No such file or directory)
 in file:/home/travis/build/icyphy/ptII/ptolemy/actor/ptalon/demo/ptinyos/SendAndReceiveCnt/CntToLedsAndRfm.xml at line 132 and column 63
	at ptolemy.moml.MoMLParser._createEntity(MoMLParser.java:4330)
	at ptolemy.moml.MoMLParser.startElement(MoMLParser.java:2864)
	... 77 more
Caused by: com.microstar.xml.XmlException: -- /home/travis/build/icyphy/ptII/ptolemy/actor/ptalon/demo/ptinyos/SendAndReceiveCnt/ptolemy/domains/ptinyos/lib/MicaLeds.xml (No such file or directory)
-- XML file not found relative to classpath.
-- /home/travis/build/icyphy/ptII/ptolemy/vergil/basic/export/test/ptolemy/domains/ptinyos/lib/MicaLeds.xml
/home/travis/build/icyphy/ptII/ptolemy/vergil/basic/export/test/ptolemy/domains/ptinyos/lib/MicaLeds.xml (No such file or directory)
 in file:/home/travis/build/icyphy/ptII/ptolemy/actor/ptalon/demo/ptinyos/SendAndReceiveCnt/CntToLedsAndRfm.xml at line 132 and column 63
	at ptolemy.moml.MoMLParser.fileNameToURL(MoMLParser.java:1414)
	at ptolemy.moml.MoMLParser._findOrParse(MoMLParser.java:5283)
	at ptolemy.moml.MoMLParser._attemptToFindMoMLClass(MoMLParser.java:4075)
	at ptolemy.moml.MoMLParser._createEntity(MoMLParser.java:4323)
	... 78 more
Caused by: ptolemy.actor.ptalon.PtalonRuntimeException: Unable to add actor null
	at ptolemy.actor.ptalon.PtalonEvaluator.addActor(PtalonEvaluator.java:300)
	at ptolemy.actor.ptalon.PtalonPopulator.actor_declaration(PtalonPopulator.java:1574)
	at ptolemy.actor.ptalon.PtalonPopulator.atomic_statement(PtalonPopulator.java:1638)
	at ptolemy.actor.ptalon.PtalonPopulator.iterative_statement_evaluator(PtalonPopulator.java:2484)
	at ptolemy.actor.ptalon.AbstractPtalonEvaluator$IfTree.evaluateForScope(AbstractPtalonEvaluator.java:1307)
	at ptolemy.actor.ptalon.AbstractPtalonEvaluator.evaluateForScope(AbstractPtalonEvaluator.java:744)
	at ptolemy.actor.ptalon.PtalonPopulator.iterative_statement(PtalonPopulator.java:2363)
	at ptolemy.actor.ptalon.PtalonPopulator.actor_definition(PtalonPopulator.java:2809)
	at ptolemy.actor.ptalon.PtalonActor.attributeChanged(PtalonActor.java:206)
	at ptolemy.actor.ptalon.PtalonMLHandler.startElement(PtalonMLHandler.java:134)
	at com.microstar.xml.XmlParser.parseElement(XmlParser.java:921)
	at com.microstar.xml.XmlParser.parseContent(XmlParser.java:1104)
	at com.microstar.xml.XmlParser.parseElement(XmlParser.java:924)
	at com.microstar.xml.XmlParser.parseDocument(XmlParser.java:481)
	at com.microstar.xml.XmlParser.doParse(XmlParser.java:159)
	at com.microstar.xml.XmlParser.parse(XmlParser.java:132)
	at ptolemy.actor.ptalon.PtalonActor.configure(PtalonActor.java:240)
	at ptolemy.moml.MoMLParser.endElement(MoMLParser.java:996)
	at com.microstar.xml.XmlParser.parseETag(XmlParser.java:1026)
	at com.microstar.xml.XmlParser.parseContent(XmlParser.java:1098)
	at com.microstar.xml.XmlParser.parseElement(XmlParser.java:924)
	at com.microstar.xml.XmlParser.parseContent(XmlParser.java:1104)
	at com.microstar.xml.XmlParser.parseElement(XmlParser.java:924)
	at com.microstar.xml.XmlParser.parseContent(XmlParser.java:1104)
	at com.microstar.xml.XmlParser.parseElement(XmlParser.java:924)
	at com.microstar.xml.XmlParser.parseDocument(XmlParser.java:481)
	at com.microstar.xml.XmlParser.doParse(XmlParser.java:159)
	at com.microstar.xml.XmlParser.parse(XmlParser.java:132)
	at ptolemy.moml.MoMLParser.parse(MoMLParser.java:1676)
	at ptolemy.moml.MoMLParser.parse(MoMLParser.java:1595)
	at ptolemy.moml.MoMLParser.parse(MoMLParser.java:1537)
	at ptolemy.actor.gui.PtolemyEffigy$Factory.createEffigy(PtolemyEffigy.java:424)
	at ptolemy.actor.gui.EffigyFactory.createEffigy(EffigyFactory.java:234)
	at ptolemy.actor.gui.Configuration.openModel(Configuration.java:1125)
	at ptolemy.actor.gui.Configuration.openModel(Configuration.java:1051)
	at ptolemy.actor.gui.ConfigurationApplication._openModel(ConfigurationApplication.java:1252)
	at ptolemy.actor.gui.ConfigurationApplication._parseArg(ConfigurationApplication.java:1399)
	at ptolemy.actor.gui.ConfigurationApplication._parseArgs(ConfigurationApplication.java:1478)
	at ptolemy.actor.gui.ConfigurationApplication.<init>(ConfigurationApplication.java:277)
	at ptolemy.actor.gui.ConfigurationApplication.<init>(ConfigurationApplication.java:214)
	at ptolemy.actor.gui.ConfigurationApplication.<init>(ConfigurationApplication.java:201)
	at ptolemy.actor.gui.ConfigurationApplication.openModelOrEntity(ConfigurationApplication.java:680)
	at ptolemy.vergil.basic.export.ExportModel$1.run(ExportModel.java:220)
	at java.awt.event.InvocationEvent.dispatch(InvocationEvent.java:301)
	at java.awt.EventQueue.dispatchEventImpl(EventQueue.java:756)
	at java.awt.EventQueue.access$500(EventQueue.java:97)
	at java.awt.EventQueue$3.run(EventQueue.java:709)
	at java.awt.EventQueue$3.run(EventQueue.java:703)
	at java.security.AccessController.doPrivileged(Native Method)
	at java.security.ProtectionDomain$JavaSecurityAccessImpl.doIntersectionPrivilege(ProtectionDomain.java:80)
	at java.awt.EventQueue.dispatchEvent(EventQueue.java:726)
	at java.awt.EventDispatchThread.pumpOneEventForFilters(EventDispatchThread.java:201)
	at java.awt.EventDispatchThread.pumpEventsForFilter(EventDispatchThread.java:116)
	at java.awt.EventDispatchThread.pumpEventsForHierarchy(EventDispatchThread.java:105)
	at java.awt.EventDispatchThread.pumpEvents(EventDispatchThread.java:101)
	at java.awt.EventDispatchThread.pumpEvents(EventDispatchThread.java:93)
	at java.awt.EventDispatchThread.run(EventDispatchThread.java:82)
Caused by: ptolemy.kernel.util.InternalErrorException: Element <entity name="sender1" class="ptolemy.actor.ptalon.demo.ptinyos.SendAndReceiveCnt.CntToLedsAndRfm"> caused an exception to be thrown.
  in .SendAndReceiveCnt.SendAndReceiveCnt
Because:
Cannot find class: ptolemy.actor.ptalon.demo.ptinyos.SendAndReceiveCnt.CntToLedsAndRfm. In Ptolemy, classes are typically Java .class files. Entities like actors may instead be defined within a .xml file.  In any case, the class was not found. If the class uses a third party package, then the class would be present only if the third party package was found at compile time.  It may be necessary to upgrade Java or install the third party package, reconfigure and recompile.
Because:
Element <entity name="MicaLeds" class="ptolemy.domains.ptinyos.lib.MicaLeds"> caused an exception to be thrown.
  in .CntToLedsAndRfm
Because:
Cannot find class: ptolemy.domains.ptinyos.lib.MicaLeds. In Ptolemy, classes are typically Java .class files. Entities like actors may instead be defined within a .xml file.  In any case, the class was not found. If the class uses a third party package, then the class would be present only if the third party package was found at compile time.  It may be necessary to upgrade Java or install the third party package, reconfigure and recompile.
Because:
-- /home/travis/build/icyphy/ptII/ptolemy/actor/ptalon/demo/ptinyos/SendAndReceiveCnt/ptolemy/domains/ptinyos/lib/MicaLeds.xml (No such file or directory)
-- XML file not found relative to classpath.
-- /home/travis/build/icyphy/ptII/ptolemy/vergil/basic/export/test/ptolemy/domains/ptinyos/lib/MicaLeds.xml
/home/travis/build/icyphy/ptII/ptolemy/vergil/basic/export/test/ptolemy/domains/ptinyos/lib/MicaLeds.xml (No such file or directory)
 in file:/home/travis/build/icyphy/ptII/ptolemy/actor/ptalon/demo/ptinyos/SendAndReceiveCnt/CntToLedsAndRfm.xml at line 132 and column 63
	at ptolemy.moml.SimpleErrorHandler.handleError(SimpleErrorHandler.java:75)
	at ptolemy.moml.MoMLParser.startElement(MoMLParser.java:3805)
	at com.microstar.xml.XmlParser.parseElement(XmlParser.java:931)
	at com.microstar.xml.XmlParser.parseDocument(XmlParser.java:481)
	at com.microstar.xml.XmlParser.doParse(XmlParser.java:159)
	at com.microstar.xml.XmlParser.parse(XmlParser.java:132)
	at ptolemy.moml.MoMLParser.parse(MoMLParser.java:1660)
	at ptolemy.moml.MoMLParser.parse(MoMLParser.java:1617)
	at ptolemy.moml.MoMLParser.parse(MoMLParser.java:1792)
	at ptolemy.actor.ptalon.PtalonEvaluator.addActor(PtalonEvaluator.java:241)
	... 56 more
Caused by: ptolemy.kernel.util.IllegalActionException: Cannot find class: ptolemy.actor.ptalon.demo.ptinyos.SendAndReceiveCnt.CntToLedsAndRfm. In Ptolemy, classes are typically Java .class files. Entities like actors may instead be defined within a .xml file.  In any case, the class was not found. If the class uses a third party package, then the class would be present only if the third party package was found at compile time.  It may be necessary to upgrade Java or install the third party package, reconfigure and recompile.
Because:
Element <entity name="MicaLeds" class="ptolemy.domains.ptinyos.lib.MicaLeds"> caused an exception to be thrown.
  in .CntToLedsAndRfm
Because:
Cannot find class: ptolemy.domains.ptinyos.lib.MicaLeds. In Ptolemy, classes are typically Java .class files. Entities like actors may instead be defined within a .xml file.  In any case, the class was not found. If the class uses a third party package, then the class would be present only if the third party package was found at compile time.  It may be necessary to upgrade Java or install the third party package, reconfigure and recompile.
Because:
-- /home/travis/build/icyphy/ptII/ptolemy/actor/ptalon/demo/ptinyos/SendAndReceiveCnt/ptolemy/domains/ptinyos/lib/MicaLeds.xml (No such file or directory)
-- XML file not found relative to classpath.
-- /home/travis/build/icyphy/ptII/ptolemy/vergil/basic/export/test/ptolemy/domains/ptinyos/lib/MicaLeds.xml
/home/travis/build/icyphy/ptII/ptolemy/vergil/basic/export/test/ptolemy/domains/ptinyos/lib/MicaLeds.xml (No such file or directory)
 in file:/home/travis/build/icyphy/ptII/ptolemy/actor/ptalon/demo/ptinyos/SendAndReceiveCnt/CntToLedsAndRfm.xml at line 132 and column 63
	at ptolemy.moml.MoMLParser._createEntity(MoMLParser.java:4330)
	at ptolemy.moml.MoMLParser.startElement(MoMLParser.java:2864)
	... 64 more
Caused by: ptolemy.kernel.util.InternalErrorException: Element <entity name="MicaLeds" class="ptolemy.domains.ptinyos.lib.MicaLeds"> caused an exception to be thrown.
  in .CntToLedsAndRfm
Because:
Cannot find class: ptolemy.domains.ptinyos.lib.MicaLeds. In Ptolemy, classes are typically Java .class files. Entities like actors may instead be defined within a .xml file.  In any case, the class was not found. If the class uses a third party package, then the class would be present only if the third party package was found at compile time.  It may be necessary to upgrade Java or install the third party package, reconfigure and recompile.
Because:
-- /home/travis/build/icyphy/ptII/ptolemy/actor/ptalon/demo/ptinyos/SendAndReceiveCnt/ptolemy/domains/ptinyos/lib/MicaLeds.xml (No such file or directory)
-- XML file not found relative to classpath.
-- /home/travis/build/icyphy/ptII/ptolemy/vergil/basic/export/test/ptolemy/domains/ptinyos/lib/MicaLeds.xml
/home/travis/build/icyphy/ptII/ptolemy/vergil/basic/export/test/ptolemy/domains/ptinyos/lib/MicaLeds.xml (No such file or directory)
 in file:/home/travis/build/icyphy/ptII/ptolemy/actor/ptalon/demo/ptinyos/SendAndReceiveCnt/CntToLedsAndRfm.xml at line 132 and column 63
	at ptolemy.moml.SimpleErrorHandler.handleError(SimpleErrorHandler.java:75)
	at ptolemy.moml.MoMLParser.startElement(MoMLParser.java:3805)
	at com.microstar.xml.XmlParser.parseElement(XmlParser.java:921)
	at com.microstar.xml.XmlParser.parseContent(XmlParser.java:1104)
	at com.microstar.xml.XmlParser.parseElement(XmlParser.java:924)
	at com.microstar.xml.XmlParser.parseDocument(XmlParser.java:481)
	at com.microstar.xml.XmlParser.doParse(XmlParser.java:159)
	at com.microstar.xml.XmlParser.parse(XmlParser.java:132)
	at ptolemy.moml.MoMLParser.parse(MoMLParser.java:1676)
	at ptolemy.moml.MoMLParser.parse(MoMLParser.java:1595)
	at ptolemy.moml.MoMLParser.parse(MoMLParser.java:1537)
	at ptolemy.moml.MoMLParser._findOrParse(MoMLParser.java:5286)
	at ptolemy.moml.MoMLParser._attemptToFindMoMLClass(MoMLParser.java:4075)
	at ptolemy.moml.MoMLParser._createEntity(MoMLParser.java:4323)
	... 65 more
Caused by: ptolemy.kernel.util.IllegalActionException: Cannot find class: ptolemy.domains.ptinyos.lib.MicaLeds. In Ptolemy, classes are typically Java .class files. Entities like actors may instead be defined within a .xml file.  In any case, the class was not found. If the class uses a third party package, then the class would be present only if the third party package was found at compile time.  It may be necessary to upgrade Java or install the third party package, reconfigure and recompile.
Because:
-- /home/travis/build/icyphy/ptII/ptolemy/actor/ptalon/demo/ptinyos/SendAndReceiveCnt/ptolemy/domains/ptinyos/lib/MicaLeds.xml (No such file or directory)
-- XML file not found relative to classpath.
-- /home/travis/build/icyphy/ptII/ptolemy/vergil/basic/export/test/ptolemy/domains/ptinyos/lib/MicaLeds.xml
/home/travis/build/icyphy/ptII/ptolemy/vergil/basic/export/test/ptolemy/domains/ptinyos/lib/MicaLeds.xml (No such file or directory)
 in file:/home/travis/build/icyphy/ptII/ptolemy/actor/ptalon/demo/ptinyos/SendAndReceiveCnt/CntToLedsAndRfm.xml at line 132 and column 63
	at ptolemy.moml.MoMLParser._createEntity(MoMLParser.java:4330)
	at ptolemy.moml.MoMLParser.startElement(MoMLParser.java:2864)
	... 77 more
Caused by: com.microstar.xml.XmlException: -- /home/travis/build/icyphy/ptII/ptolemy/actor/ptalon/demo/ptinyos/SendAndReceiveCnt/ptolemy/domains/ptinyos/lib/MicaLeds.xml (No such file or directory)
-- XML file not found relative to classpath.
-- /home/travis/build/icyphy/ptII/ptolemy/vergil/basic/export/test/ptolemy/domains/ptinyos/lib/MicaLeds.xml
/home/travis/build/icyphy/ptII/ptolemy/vergil/basic/export/test/ptolemy/domains/ptinyos/lib/MicaLeds.xml (No such file or directory)
 in file:/home/travis/build/icyphy/ptII/ptolemy/actor/ptalon/demo/ptinyos/SendAndReceiveCnt/CntToLedsAndRfm.xml at line 132 and column 63
	at ptolemy.moml.MoMLParser.fileNameToURL(MoMLParser.java:1414)
	at ptolemy.moml.MoMLParser._findOrParse(MoMLParser.java:5283)
	at ptolemy.moml.MoMLParser._attemptToFindMoMLClass(MoMLParser.java:4075)
	at ptolemy.moml.MoMLParser._createEntity(MoMLParser.java:4323)
	... 78 more
Failed to read file:/home/travis/build/icyphy/ptII/ptolemy/actor/ptalon/demo/ptinyos/SendAndReceiveCnt/SendAndReceiveCnt.xml
ptolemy.kernel.util.IllegalActionException: Failed to process attribute change to PtalonParameter, whose value is "ptolemy.actor.ptalon.PtalonExpressionParameter {.SendAndReceiveCnt.SendAndReceiveCnt.channelName} "AtomicWirelessChannel"".
  in .SendAndReceiveCnt.SendAndReceiveCnt
Because:
Unable to add actor null
	at ptolemy.actor.ptalon.PtalonActor.attributeChanged(PtalonActor.java:211)
	at ptolemy.actor.ptalon.PtalonMLHandler.startElement(PtalonMLHandler.java:134)
	at com.microstar.xml.XmlParser.parseElement(XmlParser.java:921)
	at com.microstar.xml.XmlParser.parseContent(XmlParser.java:1104)
	at com.microstar.xml.XmlParser.parseElement(XmlParser.java:924)
	at com.microstar.xml.XmlParser.parseDocument(XmlParser.java:481)
	at com.microstar.xml.XmlParser.doParse(XmlParser.java:159)
	at com.microstar.xml.XmlParser.parse(XmlParser.java:132)
	at ptolemy.actor.ptalon.PtalonActor.configure(PtalonActor.java:240)
	at ptolemy.moml.MoMLParser.endElement(MoMLParser.java:996)
	at com.microstar.xml.XmlParser.parseETag(XmlParser.java:1026)
	at com.microstar.xml.XmlParser.parseContent(XmlParser.java:1098)
	at com.microstar.xml.XmlParser.parseElement(XmlParser.java:924)
	at com.microstar.xml.XmlParser.parseContent(XmlParser.java:1104)
	at com.microstar.xml.XmlParser.parseElement(XmlParser.java:924)
	at com.microstar.xml.XmlParser.parseContent(XmlParser.java:1104)
	at com.microstar.xml.XmlParser.parseElement(XmlParser.java:924)
	at com.microstar.xml.XmlParser.parseDocument(XmlParser.java:481)
	at com.microstar.xml.XmlParser.doParse(XmlParser.java:159)
	at com.microstar.xml.XmlParser.parse(XmlParser.java:132)
	at ptolemy.moml.MoMLParser.parse(MoMLParser.java:1676)
	at ptolemy.moml.MoMLParser.parse(MoMLParser.java:1595)
	at ptolemy.moml.MoMLParser.parse(MoMLParser.java:1537)
	at ptolemy.actor.gui.PtolemyEffigy$Factory.createEffigy(PtolemyEffigy.java:424)
	at ptolemy.actor.gui.EffigyFactory.createEffigy(EffigyFactory.java:234)
	at ptolemy.actor.gui.Configuration.openModel(Configuration.java:1125)
	at ptolemy.actor.gui.Configuration.openModel(Configuration.java:1051)
	at ptolemy.actor.gui.ConfigurationApplication._openModel(ConfigurationApplication.java:1252)
	at ptolemy.actor.gui.ConfigurationApplication._parseArg(ConfigurationApplication.java:1399)
	at ptolemy.actor.gui.ConfigurationApplication._parseArgs(ConfigurationApplication.java:1478)
	at ptolemy.actor.gui.ConfigurationApplication.<init>(ConfigurationApplication.java:277)
	at ptolemy.actor.gui.ConfigurationApplication.<init>(ConfigurationApplication.java:214)
	at ptolemy.actor.gui.ConfigurationApplication.<init>(ConfigurationApplication.java:201)
	at ptolemy.actor.gui.ConfigurationApplication.openModelOrEntity(ConfigurationApplication.java:680)
	at ptolemy.vergil.basic.export.ExportModel$1.run(ExportModel.java:220)
	at java.awt.event.InvocationEvent.dispatch(InvocationEvent.java:301)
	at java.awt.EventQueue.dispatchEventImpl(EventQueue.java:756)
	at java.awt.EventQueue.access$500(EventQueue.java:97)
	at java.awt.EventQueue$3.run(EventQueue.java:709)
	at java.awt.EventQueue$3.run(EventQueue.java:703)
	at java.security.AccessController.doPrivileged(Native Method)
	at java.security.ProtectionDomain$JavaSecurityAccessImpl.doIntersectionPrivilege(ProtectionDomain.java:80)
	at java.awt.EventQueue.dispatchEvent(EventQueue.java:726)
	at java.awt.EventDispatchThread.pumpOneEventForFilters(EventDispatchThread.java:201)
	at java.awt.EventDispatchThread.pumpEventsForFilter(EventDispatchThread.java:116)
	at java.awt.EventDispatchThread.pumpEventsForHierarchy(EventDispatchThread.java:105)
	at java.awt.EventDispatchThread.pumpEvents(EventDispatchThread.java:101)
	at java.awt.EventDispatchThread.pumpEvents(EventDispatchThread.java:93)
	at java.awt.EventDispatchThread.run(EventDispatchThread.java:82)
Caused by: ptolemy.actor.ptalon.PtalonRuntimeException: Unable to add actor null
	at ptolemy.actor.ptalon.PtalonEvaluator.addActor(PtalonEvaluator.java:300)
	at ptolemy.actor.ptalon.PtalonPopulator.actor_declaration(PtalonPopulator.java:1574)
	at ptolemy.actor.ptalon.PtalonPopulator.atomic_statement(PtalonPopulator.java:1638)
	at ptolemy.actor.ptalon.PtalonPopulator.iterative_statement_evaluator(PtalonPopulator.java:2484)
	at ptolemy.actor.ptalon.AbstractPtalonEvaluator$IfTree.evaluateForScope(AbstractPtalonEvaluator.java:1307)
	at ptolemy.actor.ptalon.AbstractPtalonEvaluator.evaluateForScope(AbstractPtalonEvaluator.java:744)
	at ptolemy.actor.ptalon.PtalonPopulator.iterative_statement(PtalonPopulator.java:2363)
	at ptolemy.actor.ptalon.PtalonPopulator.actor_definition(PtalonPopulator.java:2809)
	at ptolemy.actor.ptalon.PtalonActor.attributeChanged(PtalonActor.java:206)
	... 48 more
Caused by: ptolemy.kernel.util.InternalErrorException: Element <entity name="sender1" class="ptolemy.actor.ptalon.demo.ptinyos.SendAndReceiveCnt.CntToLedsAndRfm"> caused an exception to be thrown.
  in .SendAndReceiveCnt.SendAndReceiveCnt
Because:
Cannot find class: ptolemy.actor.ptalon.demo.ptinyos.SendAndReceiveCnt.CntToLedsAndRfm. In Ptolemy, classes are typically Java .class files. Entities like actors may instead be defined within a .xml file.  In any case, the class was not found. If the class uses a third party package, then the class would be present only if the third party package was found at compile time.  It may be necessary to upgrade Java or install the third party package, reconfigure and recompile.
Because:
Element <entity name="MicaLeds" class="ptolemy.domains.ptinyos.lib.MicaLeds"> caused an exception to be thrown.
  in .CntToLedsAndRfm
Because:
Cannot find class: ptolemy.domains.ptinyos.lib.MicaLeds. In Ptolemy, classes are typically Java .class files. Entities like actors may instead be defined within a .xml file.  In any case, the class was not found. If the class uses a third party package, then the class would be present only if the third party package was found at compile time.  It may be necessary to upgrade Java or install the third party package, reconfigure and recompile.
Because:
-- /home/travis/build/icyphy/ptII/ptolemy/actor/ptalon/demo/ptinyos/SendAndReceiveCnt/ptolemy/domains/ptinyos/lib/MicaLeds.xml (No such file or directory)
-- XML file not found relative to classpath.
-- /home/travis/build/icyphy/ptII/ptolemy/vergil/basic/export/test/ptolemy/domains/ptinyos/lib/MicaLeds.xml
/home/travis/build/icyphy/ptII/ptolemy/vergil/basic/export/test/ptolemy/domains/ptinyos/lib/MicaLeds.xml (No such file or directory)
 in file:/home/travis/build/icyphy/ptII/ptolemy/actor/ptalon/demo/ptinyos/SendAndReceiveCnt/CntToLedsAndRfm.xml at line 132 and column 63
	at ptolemy.moml.SimpleErrorHandler.handleError(SimpleErrorHandler.java:75)
	at ptolemy.moml.MoMLParser.startElement(MoMLParser.java:3805)
	at com.microstar.xml.XmlParser.parseElement(XmlParser.java:931)
	at com.microstar.xml.XmlParser.parseDocument(XmlParser.java:481)
	at com.microstar.xml.XmlParser.doParse(XmlParser.java:159)
	at com.microstar.xml.XmlParser.parse(XmlParser.java:132)
	at ptolemy.moml.MoMLParser.parse(MoMLParser.java:1660)
	at ptolemy.moml.MoMLParser.parse(MoMLParser.java:1617)
	at ptolemy.moml.MoMLParser.parse(MoMLParser.java:1792)
	at ptolemy.actor.ptalon.PtalonEvaluator.addActor(PtalonEvaluator.java:241)
	... 56 more
Caused by: ptolemy.kernel.util.IllegalActionException: Cannot find class: ptolemy.actor.ptalon.demo.ptinyos.SendAndReceiveCnt.CntToLedsAndRfm. In Ptolemy, classes are typically Java .class files. Entities like actors may instead be defined within a .xml file.  In any case, the class was not found. If the class uses a third party package, then the class would be present only if the third party package was found at compile time.  It may be necessary to upgrade Java or install the third party package, reconfigure and recompile.
Because:
Element <entity name="MicaLeds" class="ptolemy.domains.ptinyos.lib.MicaLeds"> caused an exception to be thrown.
  in .CntToLedsAndRfm
Because:
Cannot find class: ptolemy.domains.ptinyos.lib.MicaLeds. In Ptolemy, classes are typically Java .class files. Entities like actors may instead be defined within a .xml file.  In any case, the class was not found. If the class uses a third party package, then the class would be present only if the third party package was found at compile time.  It may be necessary to upgrade Java or install the third party package, reconfigure and recompile.
Because:
-- /home/travis/build/icyphy/ptII/ptolemy/actor/ptalon/demo/ptinyos/SendAndReceiveCnt/ptolemy/domains/ptinyos/lib/MicaLeds.xml (No such file or directory)
-- XML file not found relative to classpath.
-- /home/travis/build/icyphy/ptII/ptolemy/vergil/basic/export/test/ptolemy/domains/ptinyos/lib/MicaLeds.xml
/home/travis/build/icyphy/ptII/ptolemy/vergil/basic/export/test/ptolemy/domains/ptinyos/lib/MicaLeds.xml (No such file or directory)
 in file:/home/travis/build/icyphy/ptII/ptolemy/actor/ptalon/demo/ptinyos/SendAndReceiveCnt/CntToLedsAndRfm.xml at line 132 and column 63
	at ptolemy.moml.MoMLParser._createEntity(MoMLParser.java:4330)
	at ptolemy.moml.MoMLParser.startElement(MoMLParser.java:2864)
	... 64 more
Caused by: ptolemy.kernel.util.InternalErrorException: Element <entity name="MicaLeds" class="ptolemy.domains.ptinyos.lib.MicaLeds"> caused an exception to be thrown.
  in .CntToLedsAndRfm
Because:
Cannot find class: ptolemy.domains.ptinyos.lib.MicaLeds. In Ptolemy, classes are typically Java .class files. Entities like actors may instead be defined within a .xml file.  In any case, the class was not found. If the class uses a third party package, then the class would be present only if the third party package was found at compile time.  It may be necessary to upgrade Java or install the third party package, reconfigure and recompile.
Because:
-- /home/travis/build/icyphy/ptII/ptolemy/actor/ptalon/demo/ptinyos/SendAndReceiveCnt/ptolemy/domains/ptinyos/lib/MicaLeds.xml (No such file or directory)
-- XML file not found relative to classpath.
-- /home/travis/build/icyphy/ptII/ptolemy/vergil/basic/export/test/ptolemy/domains/ptinyos/lib/MicaLeds.xml
/home/travis/build/icyphy/ptII/ptolemy/vergil/basic/export/test/ptolemy/domains/ptinyos/lib/MicaLeds.xml (No such file or directory)
 in file:/home/travis/build/icyphy/ptII/ptolemy/actor/ptalon/demo/ptinyos/SendAndReceiveCnt/CntToLedsAndRfm.xml at line 132 and column 63
	at ptolemy.moml.SimpleErrorHandler.handleError(SimpleErrorHandler.java:75)
	at ptolemy.moml.MoMLParser.startElement(MoMLParser.java:3805)
	at com.microstar.xml.XmlParser.parseElement(XmlParser.java:921)
	at com.microstar.xml.XmlParser.parseContent(XmlParser.java:1104)
	at com.microstar.xml.XmlParser.parseElement(XmlParser.java:924)
	at com.microstar.xml.XmlParser.parseDocument(XmlParser.java:481)
	at com.microstar.xml.XmlParser.doParse(XmlParser.java:159)
	at com.microstar.xml.XmlParser.parse(XmlParser.java:132)
	at ptolemy.moml.MoMLParser.parse(MoMLParser.java:1676)
	at ptolemy.moml.MoMLParser.parse(MoMLParser.java:1595)
	at ptolemy.moml.MoMLParser.parse(MoMLParser.java:1537)
	at ptolemy.moml.MoMLParser._findOrParse(MoMLParser.java:5286)
	at ptolemy.moml.MoMLParser._attemptToFindMoMLClass(MoMLParser.java:4075)
	at ptolemy.moml.MoMLParser._createEntity(MoMLParser.java:4323)
	... 65 more
Caused by: ptolemy.kernel.util.IllegalActionException: Cannot find class: ptolemy.domains.ptinyos.lib.MicaLeds. In Ptolemy, classes are typically Java .class files. Entities like actors may instead be defined within a .xml file.  In any case, the class was not found. If the class uses a third party package, then the class would be present only if the third party package was found at compile time.  It may be necessary to upgrade Java or install the third party package, reconfigure and recompile.
Because:
-- /home/travis/build/icyphy/ptII/ptolemy/actor/ptalon/demo/ptinyos/SendAndReceiveCnt/ptolemy/domains/ptinyos/lib/MicaLeds.xml (No such file or directory)
-- XML file not found relative to classpath.
-- /home/travis/build/icyphy/ptII/ptolemy/vergil/basic/export/test/ptolemy/domains/ptinyos/lib/MicaLeds.xml
/home/travis/build/icyphy/ptII/ptolemy/vergil/basic/export/test/ptolemy/domains/ptinyos/lib/MicaLeds.xml (No such file or directory)
 in file:/home/travis/build/icyphy/ptII/ptolemy/actor/ptalon/demo/ptinyos/SendAndReceiveCnt/CntToLedsAndRfm.xml at line 132 and column 63
	at ptolemy.moml.MoMLParser._createEntity(MoMLParser.java:4330)
	at ptolemy.moml.MoMLParser.startElement(MoMLParser.java:2864)
	... 77 more
Caused by: com.microstar.xml.XmlException: -- /home/travis/build/icyphy/ptII/ptolemy/actor/ptalon/demo/ptinyos/SendAndReceiveCnt/ptolemy/domains/ptinyos/lib/MicaLeds.xml (No such file or directory)
-- XML file not found relative to classpath.
-- /home/travis/build/icyphy/ptII/ptolemy/vergil/basic/export/test/ptolemy/domains/ptinyos/lib/MicaLeds.xml
/home/travis/build/icyphy/ptII/ptolemy/vergil/basic/export/test/ptolemy/domains/ptinyos/lib/MicaLeds.xml (No such file or directory)
 in file:/home/travis/build/icyphy/ptII/ptolemy/actor/ptalon/demo/ptinyos/SendAndReceiveCnt/CntToLedsAndRfm.xml at line 132 and column 63
	at ptolemy.moml.MoMLParser.fileNameToURL(MoMLParser.java:1414)
	at ptolemy.moml.MoMLParser._findOrParse(MoMLParser.java:5283)
	at ptolemy.moml.MoMLParser._attemptToFindMoMLClass(MoMLParser.java:4075)
	at ptolemy.moml.MoMLParser._createEntity(MoMLParser.java:4323)
	... 78 more
Caused by: ptolemy.actor.ptalon.PtalonRuntimeException: Unable to add actor null
	at ptolemy.actor.ptalon.PtalonEvaluator.addActor(PtalonEvaluator.java:300)
	at ptolemy.actor.ptalon.PtalonPopulator.actor_declaration(PtalonPopulator.java:1574)
	at ptolemy.actor.ptalon.PtalonPopulator.atomic_statement(PtalonPopulator.java:1638)
	at ptolemy.actor.ptalon.PtalonPopulator.iterative_statement_evaluator(PtalonPopulator.java:2484)
	at ptolemy.actor.ptalon.AbstractPtalonEvaluator$IfTree.evaluateForScope(AbstractPtalonEvaluator.java:1307)
	at ptolemy.actor.ptalon.AbstractPtalonEvaluator.evaluateForScope(AbstractPtalonEvaluator.java:744)
	at ptolemy.actor.ptalon.PtalonPopulator.iterative_statement(PtalonPopulator.java:2363)
	at ptolemy.actor.ptalon.PtalonPopulator.actor_definition(PtalonPopulator.java:2809)
	at ptolemy.actor.ptalon.PtalonActor.attributeChanged(PtalonActor.java:206)
	at ptolemy.actor.ptalon.PtalonMLHandler.startElement(PtalonMLHandler.java:134)
	at com.microstar.xml.XmlParser.parseElement(XmlParser.java:921)
	at com.microstar.xml.XmlParser.parseContent(XmlParser.java:1104)
	at com.microstar.xml.XmlParser.parseElement(XmlParser.java:924)
	at com.microstar.xml.XmlParser.parseDocument(XmlParser.java:481)
	at com.microstar.xml.XmlParser.doParse(XmlParser.java:159)
	at com.microstar.xml.XmlParser.parse(XmlParser.java:132)
	at ptolemy.actor.ptalon.PtalonActor.configure(PtalonActor.java:240)
	at ptolemy.moml.MoMLParser.endElement(MoMLParser.java:996)
	at com.microstar.xml.XmlParser.parseETag(XmlParser.java:1026)
	at com.microstar.xml.XmlParser.parseContent(XmlParser.java:1098)
	at com.microstar.xml.XmlParser.parseElement(XmlParser.java:924)
	at com.microstar.xml.XmlParser.parseContent(XmlParser.java:1104)
	at com.microstar.xml.XmlParser.parseElement(XmlParser.java:924)
	at com.microstar.xml.XmlParser.parseContent(XmlParser.java:1104)
	at com.microstar.xml.XmlParser.parseElement(XmlParser.java:924)
	at com.microstar.xml.XmlParser.parseDocument(XmlParser.java:481)
	at com.microstar.xml.XmlParser.doParse(XmlParser.java:159)
	at com.microstar.xml.XmlParser.parse(XmlParser.java:132)
	at ptolemy.moml.MoMLParser.parse(MoMLParser.java:1676)
	at ptolemy.moml.MoMLParser.parse(MoMLParser.java:1595)
	at ptolemy.moml.MoMLParser.parse(MoMLParser.java:1537)
	at ptolemy.actor.gui.PtolemyEffigy$Factory.createEffigy(PtolemyEffigy.java:424)
	at ptolemy.actor.gui.EffigyFactory.createEffigy(EffigyFactory.java:234)
	at ptolemy.actor.gui.Configuration.openModel(Configuration.java:1125)
	at ptolemy.actor.gui.Configuration.openModel(Configuration.java:1051)
	at ptolemy.actor.gui.ConfigurationApplication._openModel(ConfigurationApplication.java:1252)
	at ptolemy.actor.gui.ConfigurationApplication._parseArg(ConfigurationApplication.java:1399)
	at ptolemy.actor.gui.ConfigurationApplication._parseArgs(ConfigurationApplication.java:1478)
	at ptolemy.actor.gui.ConfigurationApplication.<init>(ConfigurationApplication.java:277)
	at ptolemy.actor.gui.ConfigurationApplication.<init>(ConfigurationApplication.java:214)
	at ptolemy.actor.gui.ConfigurationApplication.<init>(ConfigurationApplication.java:201)
	at ptolemy.actor.gui.ConfigurationApplication.openModelOrEntity(ConfigurationApplication.java:680)
	at ptolemy.vergil.basic.export.ExportModel$1.run(ExportModel.java:220)
	at java.awt.event.InvocationEvent.dispatch(InvocationEvent.java:301)
	at java.awt.EventQueue.dispatchEventImpl(EventQueue.java:756)
	at java.awt.EventQueue.access$500(EventQueue.java:97)
	at java.awt.EventQueue$3.run(EventQueue.java:709)
	at java.awt.EventQueue$3.run(EventQueue.java:703)
	at java.security.AccessController.doPrivileged(Native Method)
	at java.security.ProtectionDomain$JavaSecurityAccessImpl.doIntersectionPrivilege(ProtectionDomain.java:80)
	at java.awt.EventQueue.dispatchEvent(EventQueue.java:726)
	at java.awt.EventDispatchThread.pumpOneEventForFilters(EventDispatchThread.java:201)
	at java.awt.EventDispatchThread.pumpEventsForFilter(EventDispatchThread.java:116)
	at java.awt.EventDispatchThread.pumpEventsForHierarchy(EventDispatchThread.java:105)
	at java.awt.EventDispatchThread.pumpEvents(EventDispatchThread.java:101)
	at java.awt.EventDispatchThread.pumpEvents(EventDispatchThread.java:93)
	at java.awt.EventDispatchThread.run(EventDispatchThread.java:82)
Caused by: ptolemy.kernel.util.InternalErrorException: Element <entity name="sender1" class="ptolemy.actor.ptalon.demo.ptinyos.SendAndReceiveCnt.CntToLedsAndRfm"> caused an exception to be thrown.
  in .SendAndReceiveCnt.SendAndReceiveCnt
Because:
Cannot find class: ptolemy.actor.ptalon.demo.ptinyos.SendAndReceiveCnt.CntToLedsAndRfm. In Ptolemy, classes are typically Java .class files. Entities like actors may instead be defined within a .xml file.  In any case, the class was not found. If the class uses a third party package, then the class would be present only if the third party package was found at compile time.  It may be necessary to upgrade Java or install the third party package, reconfigure and recompile.
Because:
Element <entity name="MicaLeds" class="ptolemy.domains.ptinyos.lib.MicaLeds"> caused an exception to be thrown.
  in .CntToLedsAndRfm
Because:
Cannot find class: ptolemy.domains.ptinyos.lib.MicaLeds. In Ptolemy, classes are typically Java .class files. Entities like actors may instead be defined within a .xml file.  In any case, the class was not found. If the class uses a third party package, then the class would be present only if the third party package was found at compile time.  It may be necessary to upgrade Java or install the third party package, reconfigure and recompile.
Because:
-- /home/travis/build/icyphy/ptII/ptolemy/actor/ptalon/demo/ptinyos/SendAndReceiveCnt/ptolemy/domains/ptinyos/lib/MicaLeds.xml (No such file or directory)
-- XML file not found relative to classpath.
-- /home/travis/build/icyphy/ptII/ptolemy/vergil/basic/export/test/ptolemy/domains/ptinyos/lib/MicaLeds.xml
/home/travis/build/icyphy/ptII/ptolemy/vergil/basic/export/test/ptolemy/domains/ptinyos/lib/MicaLeds.xml (No such file or directory)
 in file:/home/travis/build/icyphy/ptII/ptolemy/actor/ptalon/demo/ptinyos/SendAndReceiveCnt/CntToLedsAndRfm.xml at line 132 and column 63
	at ptolemy.moml.SimpleErrorHandler.handleError(SimpleErrorHandler.java:75)
	at ptolemy.moml.MoMLParser.startElement(MoMLParser.java:3805)
	at com.microstar.xml.XmlParser.parseElement(XmlParser.java:931)
	at com.microstar.xml.XmlParser.parseDocument(XmlParser.java:481)
	at com.microstar.xml.XmlParser.doParse(XmlParser.java:159)
	at com.microstar.xml.XmlParser.parse(XmlParser.java:132)
	at ptolemy.moml.MoMLParser.parse(MoMLParser.java:1660)
	at ptolemy.moml.MoMLParser.parse(MoMLParser.java:1617)
	at ptolemy.moml.MoMLParser.parse(MoMLParser.java:1792)
	at ptolemy.actor.ptalon.PtalonEvaluator.addActor(PtalonEvaluator.java:241)
	... 56 more
Caused by: ptolemy.kernel.util.IllegalActionException: Cannot find class: ptolemy.actor.ptalon.demo.ptinyos.SendAndReceiveCnt.CntToLedsAndRfm. In Ptolemy, classes are typically Java .class files. Entities like actors may instead be defined within a .xml file.  In any case, the class was not found. If the class uses a third party package, then the class would be present only if the third party package was found at compile time.  It may be necessary to upgrade Java or install the third party package, reconfigure and recompile.
Because:
Element <entity name="MicaLeds" class="ptolemy.domains.ptinyos.lib.MicaLeds"> caused an exception to be thrown.
  in .CntToLedsAndRfm
Because:
Cannot find class: ptolemy.domains.ptinyos.lib.MicaLeds. In Ptolemy, classes are typically Java .class files. Entities like actors may instead be defined within a .xml file.  In any case, the class was not found. If the class uses a third party package, then the class would be present only if the third party package was found at compile time.  It may be necessary to upgrade Java or install the third party package, reconfigure and recompile.
Because:
-- /home/travis/build/icyphy/ptII/ptolemy/actor/ptalon/demo/ptinyos/SendAndReceiveCnt/ptolemy/domains/ptinyos/lib/MicaLeds.xml (No such file or directory)
-- XML file not found relative to classpath.
-- /home/travis/build/icyphy/ptII/ptolemy/vergil/basic/export/test/ptolemy/domains/ptinyos/lib/MicaLeds.xml
/home/travis/build/icyphy/ptII/ptolemy/vergil/basic/export/test/ptolemy/domains/ptinyos/lib/MicaLeds.xml (No such file or directory)
 in file:/home/travis/build/icyphy/ptII/ptolemy/actor/ptalon/demo/ptinyos/SendAndReceiveCnt/CntToLedsAndRfm.xml at line 132 and column 63
	at ptolemy.moml.MoMLParser._createEntity(MoMLParser.java:4330)
	at ptolemy.moml.MoMLParser.startElement(MoMLParser.java:2864)
	... 64 more
Caused by: ptolemy.kernel.util.InternalErrorException: Element <entity name="MicaLeds" class="ptolemy.domains.ptinyos.lib.MicaLeds"> caused an exception to be thrown.
  in .CntToLedsAndRfm
Because:
Cannot find class: ptolemy.domains.ptinyos.lib.MicaLeds. In Ptolemy, classes are typically Java .class files. Entities like actors may instead be defined within a .xml file.  In any case, the class was not found. If the class uses a third party package, then the class would be present only if the third party package was found at compile time.  It may be necessary to upgrade Java or install the third party package, reconfigure and recompile.
Because:
-- /home/travis/build/icyphy/ptII/ptolemy/actor/ptalon/demo/ptinyos/SendAndReceiveCnt/ptolemy/domains/ptinyos/lib/MicaLeds.xml (No such file or directory)
-- XML file not found relative to classpath.
-- /home/travis/build/icyphy/ptII/ptolemy/vergil/basic/export/test/ptolemy/domains/ptinyos/lib/MicaLeds.xml
/home/travis/build/icyphy/ptII/ptolemy/vergil/basic/export/test/ptolemy/domains/ptinyos/lib/MicaLeds.xml (No such file or directory)
 in file:/home/travis/build/icyphy/ptII/ptolemy/actor/ptalon/demo/ptinyos/SendAndReceiveCnt/CntToLedsAndRfm.xml at line 132 and column 63
	at ptolemy.moml.SimpleErrorHandler.handleError(SimpleErrorHandler.java:75)
	at ptolemy.moml.MoMLParser.startElement(MoMLParser.java:3805)
	at com.microstar.xml.XmlParser.parseElement(XmlParser.java:921)
	at com.microstar.xml.XmlParser.parseContent(XmlParser.java:1104)
	at com.microstar.xml.XmlParser.parseElement(XmlParser.java:924)
	at com.microstar.xml.XmlParser.parseDocument(XmlParser.java:481)
	at com.microstar.xml.XmlParser.doParse(XmlParser.java:159)
	at com.microstar.xml.XmlParser.parse(XmlParser.java:132)
	at ptolemy.moml.MoMLParser.parse(MoMLParser.java:1676)
	at ptolemy.moml.MoMLParser.parse(MoMLParser.java:1595)
	at ptolemy.moml.MoMLParser.parse(MoMLParser.java:1537)
	at ptolemy.moml.MoMLParser._findOrParse(MoMLParser.java:5286)
	at ptolemy.moml.MoMLParser._attemptToFindMoMLClass(MoMLParser.java:4075)
	at ptolemy.moml.MoMLParser._createEntity(MoMLParser.java:4323)
	... 65 more
Caused by: ptolemy.kernel.util.IllegalActionException: Cannot find class: ptolemy.domains.ptinyos.lib.MicaLeds. In Ptolemy, classes are typically Java .class files. Entities like actors may instead be defined within a .xml file.  In any case, the class was not found. If the class uses a third party package, then the class would be present only if the third party package was found at compile time.  It may be necessary to upgrade Java or install the third party package, reconfigure and recompile.
Because:
-- /home/travis/build/icyphy/ptII/ptolemy/actor/ptalon/demo/ptinyos/SendAndReceiveCnt/ptolemy/domains/ptinyos/lib/MicaLeds.xml (No such file or directory)
-- XML file not found relative to classpath.
-- /home/travis/build/icyphy/ptII/ptolemy/vergil/basic/export/test/ptolemy/domains/ptinyos/lib/MicaLeds.xml
/home/travis/build/icyphy/ptII/ptolemy/vergil/basic/export/test/ptolemy/domains/ptinyos/lib/MicaLeds.xml (No such file or directory)
 in file:/home/travis/build/icyphy/ptII/ptolemy/actor/ptalon/demo/ptinyos/SendAndReceiveCnt/CntToLedsAndRfm.xml at line 132 and column 63
	at ptolemy.moml.MoMLParser._createEntity(MoMLParser.java:4330)
	at ptolemy.moml.MoMLParser.startElement(MoMLParser.java:2864)
	... 77 more
Caused by: com.microstar.xml.XmlException: -- /home/travis/build/icyphy/ptII/ptolemy/actor/ptalon/demo/ptinyos/SendAndReceiveCnt/ptolemy/domains/ptinyos/lib/MicaLeds.xml (No such file or directory)
-- XML file not found relative to classpath.
-- /home/travis/build/icyphy/ptII/ptolemy/vergil/basic/export/test/ptolemy/domains/ptinyos/lib/MicaLeds.xml
/home/travis/build/icyphy/ptII/ptolemy/vergil/basic/export/test/ptolemy/domains/ptinyos/lib/MicaLeds.xml (No such file or directory)
 in file:/home/travis/build/icyphy/ptII/ptolemy/actor/ptalon/demo/ptinyos/SendAndReceiveCnt/CntToLedsAndRfm.xml at line 132 and column 63
	at ptolemy.moml.MoMLParser.fileNameToURL(MoMLParser.java:1414)
	at ptolemy.moml.MoMLParser._findOrParse(MoMLParser.java:5283)
	at ptolemy.moml.MoMLParser._attemptToFindMoMLClass(MoMLParser.java:4075)
	at ptolemy.moml.MoMLParser._createEntity(MoMLParser.java:4323)
	... 78 more
Failed to read file:/home/travis/build/icyphy/ptII/ptolemy/actor/ptalon/demo/ptinyos/SendAndReceiveCnt/SendAndReceiveCnt.xml
ptolemy.kernel.util.IllegalActionException: Failed to process attribute change to PtalonParameter, whose value is "ptolemy.actor.ptalon.PtalonExpressionParameter {.SendAndReceiveCnt.SendAndReceiveCnt.channelName} "AtomicWirelessChannel"".
  in .SendAndReceiveCnt.SendAndReceiveCnt
Because:
Unable to add actor null
	at ptolemy.actor.ptalon.PtalonActor.attributeChanged(PtalonActor.java:211)
	at ptolemy.actor.ptalon.PtalonMLHandler.startElement(PtalonMLHandler.java:134)
	at com.microstar.xml.XmlParser.parseElement(XmlParser.java:921)
	at com.microstar.xml.XmlParser.parseContent(XmlParser.java:1104)
	at com.microstar.xml.XmlParser.parseElement(XmlParser.java:924)
	at com.microstar.xml.XmlParser.parseDocument(XmlParser.java:481)
	at com.microstar.xml.XmlParser.doParse(XmlParser.java:159)
	at com.microstar.xml.XmlParser.parse(XmlParser.java:132)
	at ptolemy.actor.ptalon.PtalonActor.configure(PtalonActor.java:240)
	at ptolemy.moml.MoMLParser.endElement(MoMLParser.java:996)
	at com.microstar.xml.XmlParser.parseETag(XmlParser.java:1026)
	at com.microstar.xml.XmlParser.parseContent(XmlParser.java:1098)
	at com.microstar.xml.XmlParser.parseElement(XmlParser.java:924)
	at com.microstar.xml.XmlParser.parseContent(XmlParser.java:1104)
	at com.microstar.xml.XmlParser.parseElement(XmlParser.java:924)
	at com.microstar.xml.XmlParser.parseContent(XmlParser.java:1104)
	at com.microstar.xml.XmlParser.parseElement(XmlParser.java:924)
	at com.microstar.xml.XmlParser.parseDocument(XmlParser.java:481)
	at com.microstar.xml.XmlParser.doParse(XmlParser.java:159)
	at com.microstar.xml.XmlParser.parse(XmlParser.java:132)
	at ptolemy.moml.MoMLParser.parse(MoMLParser.java:1676)
	at ptolemy.moml.MoMLParser.parse(MoMLParser.java:1595)
	at ptolemy.moml.MoMLParser.parse(MoMLParser.java:1537)
	at ptolemy.actor.gui.PtolemyEffigy$Factory.createEffigy(PtolemyEffigy.java:424)
	at ptolemy.actor.gui.EffigyFactory.createEffigy(EffigyFactory.java:234)
	at ptolemy.actor.gui.Configuration.openModel(Configuration.java:1125)
	at ptolemy.actor.gui.Configuration.openModel(Configuration.java:1051)
	at ptolemy.actor.gui.ConfigurationApplication._openModel(ConfigurationApplication.java:1252)
	at ptolemy.actor.gui.ConfigurationApplication._parseArg(ConfigurationApplication.java:1399)
	at ptolemy.actor.gui.ConfigurationApplication._parseArgs(ConfigurationApplication.java:1478)
	at ptolemy.actor.gui.ConfigurationApplication.<init>(ConfigurationApplication.java:277)
	at ptolemy.actor.gui.ConfigurationApplication.<init>(ConfigurationApplication.java:214)
	at ptolemy.actor.gui.ConfigurationApplication.<init>(ConfigurationApplication.java:201)
	at ptolemy.actor.gui.ConfigurationApplication.openModelOrEntity(ConfigurationApplication.java:680)
	at ptolemy.vergil.basic.export.ExportModel$1.run(ExportModel.java:220)
	at java.awt.event.InvocationEvent.dispatch(InvocationEvent.java:301)
	at java.awt.EventQueue.dispatchEventImpl(EventQueue.java:756)
	at java.awt.EventQueue.access$500(EventQueue.java:97)
	at java.awt.EventQueue$3.run(EventQueue.java:709)
	at java.awt.EventQueue$3.run(EventQueue.java:703)
	at java.security.AccessController.doPrivileged(Native Method)
	at java.security.ProtectionDomain$JavaSecurityAccessImpl.doIntersectionPrivilege(ProtectionDomain.java:80)
	at java.awt.EventQueue.dispatchEvent(EventQueue.java:726)
	at java.awt.EventDispatchThread.pumpOneEventForFilters(EventDispatchThread.java:201)
	at java.awt.EventDispatchThread.pumpEventsForFilter(EventDispatchThread.java:116)
	at java.awt.EventDispatchThread.pumpEventsForHierarchy(EventDispatchThread.java:105)
	at java.awt.EventDispatchThread.pumpEvents(EventDispatchThread.java:101)
	at java.awt.EventDispatchThread.pumpEvents(EventDispatchThread.java:93)
	at java.awt.EventDispatchThread.run(EventDispatchThread.java:82)
Caused by: ptolemy.actor.ptalon.PtalonRuntimeException: Unable to add actor null
	at ptolemy.actor.ptalon.PtalonEvaluator.addActor(PtalonEvaluator.java:300)
	at ptolemy.actor.ptalon.PtalonPopulator.actor_declaration(PtalonPopulator.java:1574)
	at ptolemy.actor.ptalon.PtalonPopulator.atomic_statement(PtalonPopulator.java:1638)
	at ptolemy.actor.ptalon.PtalonPopulator.iterative_statement_evaluator(PtalonPopulator.java:2484)
	at ptolemy.actor.ptalon.AbstractPtalonEvaluator$IfTree.evaluateForScope(AbstractPtalonEvaluator.java:1307)
	at ptolemy.actor.ptalon.AbstractPtalonEvaluator.evaluateForScope(AbstractPtalonEvaluator.java:744)
	at ptolemy.actor.ptalon.PtalonPopulator.iterative_statement(PtalonPopulator.java:2363)
	at ptolemy.actor.ptalon.PtalonPopulator.actor_definition(PtalonPopulator.java:2809)
	at ptolemy.actor.ptalon.PtalonActor.attributeChanged(PtalonActor.java:206)
	... 48 more
Caused by: ptolemy.kernel.util.InternalErrorException: Element <entity name="sender1" class="ptolemy.actor.ptalon.demo.ptinyos.SendAndReceiveCnt.CntToLedsAndRfm"> caused an exception to be thrown.
  in .SendAndReceiveCnt.SendAndReceiveCnt
Because:
Cannot find class: ptolemy.actor.ptalon.demo.ptinyos.SendAndReceiveCnt.CntToLedsAndRfm. In Ptolemy, classes are typically Java .class files. Entities like actors may instead be defined within a .xml file.  In any case, the class was not found. If the class uses a third party package, then the class would be present only if the third party package was found at compile time.  It may be necessary to upgrade Java or install the third party package, reconfigure and recompile.
Because:
Element <entity name="MicaLeds" class="ptolemy.domains.ptinyos.lib.MicaLeds"> caused an exception to be thrown.
  in .CntToLedsAndRfm
Because:
Cannot find class: ptolemy.domains.ptinyos.lib.MicaLeds. In Ptolemy, classes are typically Java .class files. Entities like actors may instead be defined within a .xml file.  In any case, the class was not found. If the class uses a third party package, then the class would be present only if the third party package was found at compile time.  It may be necessary to upgrade Java or install the third party package, reconfigure and recompile.
Because:
-- /home/travis/build/icyphy/ptII/ptolemy/actor/ptalon/demo/ptinyos/SendAndReceiveCnt/ptolemy/domains/ptinyos/lib/MicaLeds.xml (No such file or directory)
-- XML file not found relative to classpath.
-- /home/travis/build/icyphy/ptII/ptolemy/vergil/basic/export/test/ptolemy/domains/ptinyos/lib/MicaLeds.xml
/home/travis/build/icyphy/ptII/ptolemy/vergil/basic/export/test/ptolemy/domains/ptinyos/lib/MicaLeds.xml (No such file or directory)
 in file:/home/travis/build/icyphy/ptII/ptolemy/actor/ptalon/demo/ptinyos/SendAndReceiveCnt/CntToLedsAndRfm.xml at line 132 and column 63
	at ptolemy.moml.SimpleErrorHandler.handleError(SimpleErrorHandler.java:75)
	at ptolemy.moml.MoMLParser.startElement(MoMLParser.java:3805)
	at com.microstar.xml.XmlParser.parseElement(XmlParser.java:931)
	at com.microstar.xml.XmlParser.parseDocument(XmlParser.java:481)
	at com.microstar.xml.XmlParser.doParse(XmlParser.java:159)
	at com.microstar.xml.XmlParser.parse(XmlParser.java:132)
	at ptolemy.moml.MoMLParser.parse(MoMLParser.java:1660)
	at ptolemy.moml.MoMLParser.parse(MoMLParser.java:1617)
	at ptolemy.moml.MoMLParser.parse(MoMLParser.java:1792)
	at ptolemy.actor.ptalon.PtalonEvaluator.addActor(PtalonEvaluator.java:241)
	... 56 more
Caused by: ptolemy.kernel.util.IllegalActionException: Cannot find class: ptolemy.actor.ptalon.demo.ptinyos.SendAndReceiveCnt.CntToLedsAndRfm. In Ptolemy, classes are typically Java .class files. Entities like actors may instead be defined within a .xml file.  In any case, the class was not found. If the class uses a third party package, then the class would be present only if the third party package was found at compile time.  It may be necessary to upgrade Java or install the third party package, reconfigure and recompile.
Because:
Element <entity name="MicaLeds" class="ptolemy.domains.ptinyos.lib.MicaLeds"> caused an exception to be thrown.
  in .CntToLedsAndRfm
Because:
Cannot find class: ptolemy.domains.ptinyos.lib.MicaLeds. In Ptolemy, classes are typically Java .class files. Entities like actors may instead be defined within a .xml file.  In any case, the class was not found. If the class uses a third party package, then the class would be present only if the third party package was found at compile time.  It may be necessary to upgrade Java or install the third party package, reconfigure and recompile.
Because:
-- /home/travis/build/icyphy/ptII/ptolemy/actor/ptalon/demo/ptinyos/SendAndReceiveCnt/ptolemy/domains/ptinyos/lib/MicaLeds.xml (No such file or directory)
-- XML file not found relative to classpath.
-- /home/travis/build/icyphy/ptII/ptolemy/vergil/basic/export/test/ptolemy/domains/ptinyos/lib/MicaLeds.xml
/home/travis/build/icyphy/ptII/ptolemy/vergil/basic/export/test/ptolemy/domains/ptinyos/lib/MicaLeds.xml (No such file or directory)
 in file:/home/travis/build/icyphy/ptII/ptolemy/actor/ptalon/demo/ptinyos/SendAndReceiveCnt/CntToLedsAndRfm.xml at line 132 and column 63
	at ptolemy.moml.MoMLParser._createEntity(MoMLParser.java:4330)
	at ptolemy.moml.MoMLParser.startElement(MoMLParser.java:2864)
	... 64 more
Caused by: ptolemy.kernel.util.InternalErrorException: Element <entity name="MicaLeds" class="ptolemy.domains.ptinyos.lib.MicaLeds"> caused an exception to be thrown.
  in .CntToLedsAndRfm
Because:
Cannot find class: ptolemy.domains.ptinyos.lib.MicaLeds. In Ptolemy, classes are typically Java .class files. Entities like actors may instead be defined within a .xml file.  In any case, the class was not found. If the class uses a third party package, then the class would be present only if the third party package was found at compile time.  It may be necessary to upgrade Java or install the third party package, reconfigure and recompile.
Because:
-- /home/travis/build/icyphy/ptII/ptolemy/actor/ptalon/demo/ptinyos/SendAndReceiveCnt/ptolemy/domains/ptinyos/lib/MicaLeds.xml (No such file or directory)
-- XML file not found relative to classpath.
-- /home/travis/build/icyphy/ptII/ptolemy/vergil/basic/export/test/ptolemy/domains/ptinyos/lib/MicaLeds.xml
/home/travis/build/icyphy/ptII/ptolemy/vergil/basic/export/test/ptolemy/domains/ptinyos/lib/MicaLeds.xml (No such file or directory)
 in file:/home/travis/build/icyphy/ptII/ptolemy/actor/ptalon/demo/ptinyos/SendAndReceiveCnt/CntToLedsAndRfm.xml at line 132 and column 63
	at ptolemy.moml.SimpleErrorHandler.handleError(SimpleErrorHandler.java:75)
	at ptolemy.moml.MoMLParser.startElement(MoMLParser.java:3805)
	at com.microstar.xml.XmlParser.parseElement(XmlParser.java:921)
	at com.microstar.xml.XmlParser.parseContent(XmlParser.java:1104)
	at com.microstar.xml.XmlParser.parseElement(XmlParser.java:924)
	at com.microstar.xml.XmlParser.parseDocument(XmlParser.java:481)
	at com.microstar.xml.XmlParser.doParse(XmlParser.java:159)
	at com.microstar.xml.XmlParser.parse(XmlParser.java:132)
	at ptolemy.moml.MoMLParser.parse(MoMLParser.java:1676)
	at ptolemy.moml.MoMLParser.parse(MoMLParser.java:1595)
	at ptolemy.moml.MoMLParser.parse(MoMLParser.java:1537)
	at ptolemy.moml.MoMLParser._findOrParse(MoMLParser.java:5286)
	at ptolemy.moml.MoMLParser._attemptToFindMoMLClass(MoMLParser.java:4075)
	at ptolemy.moml.MoMLParser._createEntity(MoMLParser.java:4323)
	... 65 more
Caused by: ptolemy.kernel.util.IllegalActionException: Cannot find class: ptolemy.domains.ptinyos.lib.MicaLeds. In Ptolemy, classes are typically Java .class files. Entities like actors may instead be defined within a .xml file.  In any case, the class was not found. If the class uses a third party package, then the class would be present only if the third party package was found at compile time.  It may be necessary to upgrade Java or install the third party package, reconfigure and recompile.
Because:
-- /home/travis/build/icyphy/ptII/ptolemy/actor/ptalon/demo/ptinyos/SendAndReceiveCnt/ptolemy/domains/ptinyos/lib/MicaLeds.xml (No such file or directory)
-- XML file not found relative to classpath.
-- /home/travis/build/icyphy/ptII/ptolemy/vergil/basic/export/test/ptolemy/domains/ptinyos/lib/MicaLeds.xml
/home/travis/build/icyphy/ptII/ptolemy/vergil/basic/export/test/ptolemy/domains/ptinyos/lib/MicaLeds.xml (No such file or directory)
 in file:/home/travis/build/icyphy/ptII/ptolemy/actor/ptalon/demo/ptinyos/SendAndReceiveCnt/CntToLedsAndRfm.xml at line 132 and column 63
	at ptolemy.moml.MoMLParser._createEntity(MoMLParser.java:4330)
	at ptolemy.moml.MoMLParser.startElement(MoMLParser.java:2864)
	... 77 more
Caused by: com.microstar.xml.XmlException: -- /home/travis/build/icyphy/ptII/ptolemy/actor/ptalon/demo/ptinyos/SendAndReceiveCnt/ptolemy/domains/ptinyos/lib/MicaLeds.xml (No such file or directory)
-- XML file not found relative to classpath.
-- /home/travis/build/icyphy/ptII/ptolemy/vergil/basic/export/test/ptolemy/domains/ptinyos/lib/MicaLeds.xml
/home/travis/build/icyphy/ptII/ptolemy/vergil/basic/export/test/ptolemy/domains/ptinyos/lib/MicaLeds.xml (No such file or directory)
 in file:/home/travis/build/icyphy/ptII/ptolemy/actor/ptalon/demo/ptinyos/SendAndReceiveCnt/CntToLedsAndRfm.xml at line 132 and column 63
	at ptolemy.moml.MoMLParser.fileNameToURL(MoMLParser.java:1414)
	at ptolemy.moml.MoMLParser._findOrParse(MoMLParser.java:5283)
	at ptolemy.moml.MoMLParser._attemptToFindMoMLClass(MoMLParser.java:4075)
	at ptolemy.moml.MoMLParser._createEntity(MoMLParser.java:4323)
	... 78 more
Caused by: ptolemy.actor.ptalon.PtalonRuntimeException: Unable to add actor null
	at ptolemy.actor.ptalon.PtalonEvaluator.addActor(PtalonEvaluator.java:300)
	at ptolemy.actor.ptalon.PtalonPopulator.actor_declaration(PtalonPopulator.java:1574)
	at ptolemy.actor.ptalon.PtalonPopulator.atomic_statement(PtalonPopulator.java:1638)
	at ptolemy.actor.ptalon.PtalonPopulator.iterative_statement_evaluator(PtalonPopulator.java:2484)
	at ptolemy.actor.ptalon.AbstractPtalonEvaluator$IfTree.evaluateForScope(AbstractPtalonEvaluator.java:1307)
	at ptolemy.actor.ptalon.AbstractPtalonEvaluator.evaluateForScope(AbstractPtalonEvaluator.java:744)
	at ptolemy.actor.ptalon.PtalonPopulator.iterative_statement(PtalonPopulator.java:2363)
	at ptolemy.actor.ptalon.PtalonPopulator.actor_definition(PtalonPopulator.java:2809)
	at ptolemy.actor.ptalon.PtalonActor.attributeChanged(PtalonActor.java:206)
	at ptolemy.actor.ptalon.PtalonMLHandler.startElement(PtalonMLHandler.java:134)
	at com.microstar.xml.XmlParser.parseElement(XmlParser.java:921)
	at com.microstar.xml.XmlParser.parseContent(XmlParser.java:1104)
	at com.microstar.xml.XmlParser.parseElement(XmlParser.java:924)
	at com.microstar.xml.XmlParser.parseDocument(XmlParser.java:481)
	at com.microstar.xml.XmlParser.doParse(XmlParser.java:159)
	at com.microstar.xml.XmlParser.parse(XmlParser.java:132)
	at ptolemy.actor.ptalon.PtalonActor.configure(PtalonActor.java:240)
	at ptolemy.moml.MoMLParser.endElement(MoMLParser.java:996)
	at com.microstar.xml.XmlParser.parseETag(XmlParser.java:1026)
	at com.microstar.xml.XmlParser.parseContent(XmlParser.java:1098)
	at com.microstar.xml.XmlParser.parseElement(XmlParser.java:924)
	at com.microstar.xml.XmlParser.parseContent(XmlParser.java:1104)
	at com.microstar.xml.XmlParser.parseElement(XmlParser.java:924)
	at com.microstar.xml.XmlParser.parseContent(XmlParser.java:1104)
	at com.microstar.xml.XmlParser.parseElement(XmlParser.java:924)
	at com.microstar.xml.XmlParser.parseDocument(XmlParser.java:481)
	at com.microstar.xml.XmlParser.doParse(XmlParser.java:159)
	at com.microstar.xml.XmlParser.parse(XmlParser.java:132)
	at ptolemy.moml.MoMLParser.parse(MoMLParser.java:1676)
	at ptolemy.moml.MoMLParser.parse(MoMLParser.java:1595)
	at ptolemy.moml.MoMLParser.parse(MoMLParser.java:1537)
	at ptolemy.actor.gui.PtolemyEffigy$Factory.createEffigy(PtolemyEffigy.java:424)
	at ptolemy.actor.gui.EffigyFactory.createEffigy(EffigyFactory.java:234)
	at ptolemy.actor.gui.Configuration.openModel(Configuration.java:1125)
	at ptolemy.actor.gui.Configuration.openModel(Configuration.java:1051)
	at ptolemy.actor.gui.ConfigurationApplication._openModel(ConfigurationApplication.java:1252)
	at ptolemy.actor.gui.ConfigurationApplication._parseArg(ConfigurationApplication.java:1399)
	at ptolemy.actor.gui.ConfigurationApplication._parseArgs(ConfigurationApplication.java:1478)
	at ptolemy.actor.gui.ConfigurationApplication.<init>(ConfigurationApplication.java:277)
	at ptolemy.actor.gui.ConfigurationApplication.<init>(ConfigurationApplication.java:214)
	at ptolemy.actor.gui.ConfigurationApplication.<init>(ConfigurationApplication.java:201)
	at ptolemy.actor.gui.ConfigurationApplication.openModelOrEntity(ConfigurationApplication.java:680)
	at ptolemy.vergil.basic.export.ExportModel$1.run(ExportModel.java:220)
	at java.awt.event.InvocationEvent.dispatch(InvocationEvent.java:301)
	at java.awt.EventQueue.dispatchEventImpl(EventQueue.java:756)
	at java.awt.EventQueue.access$500(EventQueue.java:97)
	at java.awt.EventQueue$3.run(EventQueue.java:709)
	at java.awt.EventQueue$3.run(EventQueue.java:703)
	at java.security.AccessController.doPrivileged(Native Method)
	at java.security.ProtectionDomain$JavaSecurityAccessImpl.doIntersectionPrivilege(ProtectionDomain.java:80)
	at java.awt.EventQueue.dispatchEvent(EventQueue.java:726)
	at java.awt.EventDispatchThread.pumpOneEventForFilters(EventDispatchThread.java:201)
	at java.awt.EventDispatchThread.pumpEventsForFilter(EventDispatchThread.java:116)
	at java.awt.EventDispatchThread.pumpEventsForHierarchy(EventDispatchThread.java:105)
	at java.awt.EventDispatchThread.pumpEvents(EventDispatchThread.java:101)
	at java.awt.EventDispatchThread.pumpEvents(EventDispatchThread.java:93)
	at java.awt.EventDispatchThread.run(EventDispatchThread.java:82)
Caused by: ptolemy.kernel.util.InternalErrorException: Element <entity name="sender1" class="ptolemy.actor.ptalon.demo.ptinyos.SendAndReceiveCnt.CntToLedsAndRfm"> caused an exception to be thrown.
  in .SendAndReceiveCnt.SendAndReceiveCnt
Because:
Cannot find class: ptolemy.actor.ptalon.demo.ptinyos.SendAndReceiveCnt.CntToLedsAndRfm. In Ptolemy, classes are typically Java .class files. Entities like actors may instead be defined within a .xml file.  In any case, the class was not found. If the class uses a third party package, then the class would be present only if the third party package was found at compile time.  It may be necessary to upgrade Java or install the third party package, reconfigure and recompile.
Because:
Element <entity name="MicaLeds" class="ptolemy.domains.ptinyos.lib.MicaLeds"> caused an exception to be thrown.
  in .CntToLedsAndRfm
Because:
Cannot find class: ptolemy.domains.ptinyos.lib.MicaLeds. In Ptolemy, classes are typically Java .class files. Entities like actors may instead be defined within a .xml file.  In any case, the class was not found. If the class uses a third party package, then the class would be present only if the third party package was found at compile time.  It may be necessary to upgrade Java or install the third party package, reconfigure and recompile.
Because:
-- /home/travis/build/icyphy/ptII/ptolemy/actor/ptalon/demo/ptinyos/SendAndReceiveCnt/ptolemy/domains/ptinyos/lib/MicaLeds.xml (No such file or directory)
-- XML file not found relative to classpath.
-- /home/travis/build/icyphy/ptII/ptolemy/vergil/basic/export/test/ptolemy/domains/ptinyos/lib/MicaLeds.xml
/home/travis/build/icyphy/ptII/ptolemy/vergil/basic/export/test/ptolemy/domains/ptinyos/lib/MicaLeds.xml (No such file or directory)
 in file:/home/travis/build/icyphy/ptII/ptolemy/actor/ptalon/demo/ptinyos/SendAndReceiveCnt/CntToLedsAndRfm.xml at line 132 and column 63
	at ptolemy.moml.SimpleErrorHandler.handleError(SimpleErrorHandler.java:75)
	at ptolemy.moml.MoMLParser.startElement(MoMLParser.java:3805)
	at com.microstar.xml.XmlParser.parseElement(XmlParser.java:931)
	at com.microstar.xml.XmlParser.parseDocument(XmlParser.java:481)
	at com.microstar.xml.XmlParser.doParse(XmlParser.java:159)
	at com.microstar.xml.XmlParser.parse(XmlParser.java:132)
	at ptolemy.moml.MoMLParser.parse(MoMLParser.java:1660)
	at ptolemy.moml.MoMLParser.parse(MoMLParser.java:1617)
	at ptolemy.moml.MoMLParser.parse(MoMLParser.java:1792)
	at ptolemy.actor.ptalon.PtalonEvaluator.addActor(PtalonEvaluator.java:241)
	... 56 more
Caused by: ptolemy.kernel.util.IllegalActionException: Cannot find class: ptolemy.actor.ptalon.demo.ptinyos.SendAndReceiveCnt.CntToLedsAndRfm. In Ptolemy, classes are typically Java .class files. Entities like actors may instead be defined within a .xml file.  In any case, the class was not found. If the class uses a third party package, then the class would be present only if the third party package was found at compile time.  It may be necessary to upgrade Java or install the third party package, reconfigure and recompile.
Because:
Element <entity name="MicaLeds" class="ptolemy.domains.ptinyos.lib.MicaLeds"> caused an exception to be thrown.
  in .CntToLedsAndRfm
Because:
Cannot find class: ptolemy.domains.ptinyos.lib.MicaLeds. In Ptolemy, classes are typically Java .class files. Entities like actors may instead be defined within a .xml file.  In any case, the class was not found. If the class uses a third party package, then the class would be present only if the third party package was found at compile time.  It may be necessary to upgrade Java or install the third party package, reconfigure and recompile.
Because:
-- /home/travis/build/icyphy/ptII/ptolemy/actor/ptalon/demo/ptinyos/SendAndReceiveCnt/ptolemy/domains/ptinyos/lib/MicaLeds.xml (No such file or directory)
-- XML file not found relative to classpath.
-- /home/travis/build/icyphy/ptII/ptolemy/vergil/basic/export/test/ptolemy/domains/ptinyos/lib/MicaLeds.xml
/home/travis/build/icyphy/ptII/ptolemy/vergil/basic/export/test/ptolemy/domains/ptinyos/lib/MicaLeds.xml (No such file or directory)
 in file:/home/travis/build/icyphy/ptII/ptolemy/actor/ptalon/demo/ptinyos/SendAndReceiveCnt/CntToLedsAndRfm.xml at line 132 and column 63
	at ptolemy.moml.MoMLParser._createEntity(MoMLParser.java:4330)
	at ptolemy.moml.MoMLParser.startElement(MoMLParser.java:2864)
	... 64 more
Caused by: ptolemy.kernel.util.InternalErrorException: Element <entity name="MicaLeds" class="ptolemy.domains.ptinyos.lib.MicaLeds"> caused an exception to be thrown.
  in .CntToLedsAndRfm
Because:
Cannot find class: ptolemy.domains.ptinyos.lib.MicaLeds. In Ptolemy, classes are typically Java .class files. Entities like actors may instead be defined within a .xml file.  In any case, the class was not found. If the class uses a third party package, then the class would be present only if the third party package was found at compile time.  It may be necessary to upgrade Java or install the third party package, reconfigure and recompile.
Because:
-- /home/travis/build/icyphy/ptII/ptolemy/actor/ptalon/demo/ptinyos/SendAndReceiveCnt/ptolemy/domains/ptinyos/lib/MicaLeds.xml (No such file or directory)
-- XML file not found relative to classpath.
-- /home/travis/build/icyphy/ptII/ptolemy/vergil/basic/export/test/ptolemy/domains/ptinyos/lib/MicaLeds.xml
/home/travis/build/icyphy/ptII/ptolemy/vergil/basic/export/test/ptolemy/domains/ptinyos/lib/MicaLeds.xml (No such file or directory)
 in file:/home/travis/build/icyphy/ptII/ptolemy/actor/ptalon/demo/ptinyos/SendAndReceiveCnt/CntToLedsAndRfm.xml at line 132 and column 63
	at ptolemy.moml.SimpleErrorHandler.handleError(SimpleErrorHandler.java:75)
	at ptolemy.moml.MoMLParser.startElement(MoMLParser.java:3805)
	at com.microstar.xml.XmlParser.parseElement(XmlParser.java:921)
	at com.microstar.xml.XmlParser.parseContent(XmlParser.java:1104)
	at com.microstar.xml.XmlParser.parseElement(XmlParser.java:924)
	at com.microstar.xml.XmlParser.parseDocument(XmlParser.java:481)
	at com.microstar.xml.XmlParser.doParse(XmlParser.java:159)
	at com.microstar.xml.XmlParser.parse(XmlParser.java:132)
	at ptolemy.moml.MoMLParser.parse(MoMLParser.java:1676)
	at ptolemy.moml.MoMLParser.parse(MoMLParser.java:1595)
	at ptolemy.moml.MoMLParser.parse(MoMLParser.java:1537)
	at ptolemy.moml.MoMLParser._findOrParse(MoMLParser.java:5286)
	at ptolemy.moml.MoMLParser._attemptToFindMoMLClass(MoMLParser.java:4075)
	at ptolemy.moml.MoMLParser._createEntity(MoMLParser.java:4323)
	... 65 more
Caused by: ptolemy.kernel.util.IllegalActionException: Cannot find class: ptolemy.domains.ptinyos.lib.MicaLeds. In Ptolemy, classes are typically Java .class files. Entities like actors may instead be defined within a .xml file.  In any case, the class was not found. If the class uses a third party package, then the class would be present only if the third party package was found at compile time.  It may be necessary to upgrade Java or install the third party package, reconfigure and recompile.
Because:
-- /home/travis/build/icyphy/ptII/ptolemy/actor/ptalon/demo/ptinyos/SendAndReceiveCnt/ptolemy/domains/ptinyos/lib/MicaLeds.xml (No such file or directory)
-- XML file not found relative to classpath.
-- /home/travis/build/icyphy/ptII/ptolemy/vergil/basic/export/test/ptolemy/domains/ptinyos/lib/MicaLeds.xml
/home/travis/build/icyphy/ptII/ptolemy/vergil/basic/export/test/ptolemy/domains/ptinyos/lib/MicaLeds.xml (No such file or directory)
 in file:/home/travis/build/icyphy/ptII/ptolemy/actor/ptalon/demo/ptinyos/SendAndReceiveCnt/CntToLedsAndRfm.xml at line 132 and column 63
	at ptolemy.moml.MoMLParser._createEntity(MoMLParser.java:4330)
	at ptolemy.moml.MoMLParser.startElement(MoMLParser.java:2864)
	... 77 more
Caused by: com.microstar.xml.XmlException: -- /home/travis/build/icyphy/ptII/ptolemy/actor/ptalon/demo/ptinyos/SendAndReceiveCnt/ptolemy/domains/ptinyos/lib/MicaLeds.xml (No such file or directory)
-- XML file not found relative to classpath.
-- /home/travis/build/icyphy/ptII/ptolemy/vergil/basic/export/test/ptolemy/domains/ptinyos/lib/MicaLeds.xml
/home/travis/build/icyphy/ptII/ptolemy/vergil/basic/export/test/ptolemy/domains/ptinyos/lib/MicaLeds.xml (No such file or directory)
 in file:/home/travis/build/icyphy/ptII/ptolemy/actor/ptalon/demo/ptinyos/SendAndReceiveCnt/CntToLedsAndRfm.xml at line 132 and column 63
	at ptolemy.moml.MoMLParser.fileNameToURL(MoMLParser.java:1414)
	at ptolemy.moml.MoMLParser._findOrParse(MoMLParser.java:5283)
	at ptolemy.moml.MoMLParser._attemptToFindMoMLClass(MoMLParser.java:4075)
	at ptolemy.moml.MoMLParser._createEntity(MoMLParser.java:4323)
	... 78 more
ptolemy.kernel.util.IllegalActionException: Failed to process attribute change to PtalonParameter, whose value is "ptolemy.actor.ptalon.PtalonExpressionParameter {.SendAndReceiveCnt.SendAndReceiveCnt.channelName} "AtomicWirelessChannel"".
  in .SendAndReceiveCnt.SendAndReceiveCnt
Because:
Unable to add actor null
	at ptolemy.actor.ptalon.PtalonActor.attributeChanged(PtalonActor.java:211)
	at ptolemy.actor.ptalon.PtalonMLHandler.startElement(PtalonMLHandler.java:134)
	at com.microstar.xml.XmlParser.parseElement(XmlParser.java:921)
	at com.microstar.xml.XmlParser.parseContent(XmlParser.java:1104)
	at com.microstar.xml.XmlParser.parseElement(XmlParser.java:924)
	at com.microstar.xml.XmlParser.parseDocument(XmlParser.java:481)
	at com.microstar.xml.XmlParser.doParse(XmlParser.java:159)
	at com.microstar.xml.XmlParser.parse(XmlParser.java:132)
	at ptolemy.actor.ptalon.PtalonActor.configure(PtalonActor.java:240)
	at ptolemy.moml.MoMLParser.endElement(MoMLParser.java:996)
	at com.microstar.xml.XmlParser.parseETag(XmlParser.java:1026)
	at com.microstar.xml.XmlParser.parseContent(XmlParser.java:1098)
	at com.microstar.xml.XmlParser.parseElement(XmlParser.java:924)
	at com.microstar.xml.XmlParser.parseContent(XmlParser.java:1104)
	at com.microstar.xml.XmlParser.parseElement(XmlParser.java:924)
	at com.microstar.xml.XmlParser.parseContent(XmlParser.java:1104)
	at com.microstar.xml.XmlParser.parseElement(XmlParser.java:924)
	at com.microstar.xml.XmlParser.parseDocument(XmlParser.java:481)
	at com.microstar.xml.XmlParser.doParse(XmlParser.java:159)
	at com.microstar.xml.XmlParser.parse(XmlParser.java:132)
	at ptolemy.moml.MoMLParser.parse(MoMLParser.java:1676)
	at ptolemy.moml.MoMLParser.parse(MoMLParser.java:1595)
	at ptolemy.moml.MoMLParser.parse(MoMLParser.java:1537)
	at ptolemy.actor.gui.PtolemyEffigy$Factory.createEffigy(PtolemyEffigy.java:424)
	at ptolemy.actor.gui.EffigyFactory.createEffigy(EffigyFactory.java:234)
	at ptolemy.actor.gui.Configuration.openModel(Configuration.java:1125)
	at ptolemy.actor.gui.Configuration.openModel(Configuration.java:1051)
	at ptolemy.actor.gui.ConfigurationApplication._openModel(ConfigurationApplication.java:1252)
	at ptolemy.actor.gui.ConfigurationApplication._parseArg(ConfigurationApplication.java:1399)
	at ptolemy.actor.gui.ConfigurationApplication._parseArgs(ConfigurationApplication.java:1478)
	at ptolemy.actor.gui.ConfigurationApplication.<init>(ConfigurationApplication.java:277)
	at ptolemy.actor.gui.ConfigurationApplication.<init>(ConfigurationApplication.java:214)
	at ptolemy.actor.gui.ConfigurationApplication.<init>(ConfigurationApplication.java:201)
	at ptolemy.actor.gui.ConfigurationApplication.openModelOrEntity(ConfigurationApplication.java:680)
	at ptolemy.vergil.basic.export.ExportModel$1.run(ExportModel.java:220)
	at java.awt.event.InvocationEvent.dispatch(InvocationEvent.java:301)
	at java.awt.EventQueue.dispatchEventImpl(EventQueue.java:756)
	at java.awt.EventQueue.access$500(EventQueue.java:97)
	at java.awt.EventQueue$3.run(EventQueue.java:709)
	at java.awt.EventQueue$3.run(EventQueue.java:703)
	at java.security.AccessController.doPrivileged(Native Method)
	at java.security.ProtectionDomain$JavaSecurityAccessImpl.doIntersectionPrivilege(ProtectionDomain.java:80)
	at java.awt.EventQueue.dispatchEvent(EventQueue.java:726)
	at java.awt.EventDispatchThread.pumpOneEventForFilters(EventDispatchThread.java:201)
	at java.awt.EventDispatchThread.pumpEventsForFilter(EventDispatchThread.java:116)
	at java.awt.EventDispatchThread.pumpEventsForHierarchy(EventDispatchThread.java:105)
	at java.awt.EventDispatchThread.pumpEvents(EventDispatchThread.java:101)
	at java.awt.EventDispatchThread.pumpEvents(EventDispatchThread.java:93)
	at java.awt.EventDispatchThread.run(EventDispatchThread.java:82)
Caused by: ptolemy.actor.ptalon.PtalonRuntimeException: Unable to add actor null
	at ptolemy.actor.ptalon.PtalonEvaluator.addActor(PtalonEvaluator.java:300)
	at ptolemy.actor.ptalon.PtalonPopulator.actor_declaration(PtalonPopulator.java:1574)
	at ptolemy.actor.ptalon.PtalonPopulator.atomic_statement(PtalonPopulator.java:1638)
	at ptolemy.actor.ptalon.PtalonPopulator.iterative_statement_evaluator(PtalonPopulator.java:2484)
	at ptolemy.actor.ptalon.AbstractPtalonEvaluator$IfTree.evaluateForScope(AbstractPtalonEvaluator.java:1307)
	at ptolemy.actor.ptalon.AbstractPtalonEvaluator.evaluateForScope(AbstractPtalonEvaluator.java:744)
	at ptolemy.actor.ptalon.PtalonPopulator.iterative_statement(PtalonPopulator.java:2363)
	at ptolemy.actor.ptalon.PtalonPopulator.actor_definition(PtalonPopulator.java:2809)
	at ptolemy.actor.ptalon.PtalonActor.attributeChanged(PtalonActor.java:206)
	... 48 more
Caused by: ptolemy.kernel.util.InternalErrorException: Element <entity name="sender1" class="ptolemy.actor.ptalon.demo.ptinyos.SendAndReceiveCnt.CntToLedsAndRfm"> caused an exception to be thrown.
  in .SendAndReceiveCnt.SendAndReceiveCnt
Because:
Cannot find class: ptolemy.actor.ptalon.demo.ptinyos.SendAndReceiveCnt.CntToLedsAndRfm. In Ptolemy, classes are typically Java .class files. Entities like actors may instead be defined within a .xml file.  In any case, the class was not found. If the class uses a third party package, then the class would be present only if the third party package was found at compile time.  It may be necessary to upgrade Java or install the third party package, reconfigure and recompile.
Because:
Element <entity name="MicaLeds" class="ptolemy.domains.ptinyos.lib.MicaLeds"> caused an exception to be thrown.
  in .CntToLedsAndRfm
Because:
Cannot find class: ptolemy.domains.ptinyos.lib.MicaLeds. In Ptolemy, classes are typically Java .class files. Entities like actors may instead be defined within a .xml file.  In any case, the class was not found. If the class uses a third party package, then the class would be present only if the third party package was found at compile time.  It may be necessary to upgrade Java or install the third party package, reconfigure and recompile.
Because:
-- /home/travis/build/icyphy/ptII/ptolemy/actor/ptalon/demo/ptinyos/SendAndReceiveCnt/ptolemy/domains/ptinyos/lib/MicaLeds.xml (No such file or directory)
-- XML file not found relative to classpath.
-- /home/travis/build/icyphy/ptII/ptolemy/vergil/basic/export/test/ptolemy/domains/ptinyos/lib/MicaLeds.xml
/home/travis/build/icyphy/ptII/ptolemy/vergil/basic/export/test/ptolemy/domains/ptinyos/lib/MicaLeds.xml (No such file or directory)
 in file:/home/travis/build/icyphy/ptII/ptolemy/actor/ptalon/demo/ptinyos/SendAndReceiveCnt/CntToLedsAndRfm.xml at line 132 and column 63
	at ptolemy.moml.SimpleErrorHandler.handleError(SimpleErrorHandler.java:75)
	at ptolemy.moml.MoMLParser.startElement(MoMLParser.java:3805)
	at com.microstar.xml.XmlParser.parseElement(XmlParser.java:931)
	at com.microstar.xml.XmlParser.parseDocument(XmlParser.java:481)
	at com.microstar.xml.XmlParser.doParse(XmlParser.java:159)
	at com.microstar.xml.XmlParser.parse(XmlParser.java:132)
	at ptolemy.moml.MoMLParser.parse(MoMLParser.java:1660)
	at ptolemy.moml.MoMLParser.parse(MoMLParser.java:1617)
	at ptolemy.moml.MoMLParser.parse(MoMLParser.java:1792)
	at ptolemy.actor.ptalon.PtalonEvaluator.addActor(PtalonEvaluator.java:241)
	... 56 more
Caused by: ptolemy.kernel.util.IllegalActionException: Cannot find class: ptolemy.actor.ptalon.demo.ptinyos.SendAndReceiveCnt.CntToLedsAndRfm. In Ptolemy, classes are typically Java .class files. Entities like actors may instead be defined within a .xml file.  In any case, the class was not found. If the class uses a third party package, then the class would be present only if the third party package was found at compile time.  It may be necessary to upgrade Java or install the third party package, reconfigure and recompile.
Because:
Element <entity name="MicaLeds" class="ptolemy.domains.ptinyos.lib.MicaLeds"> caused an exception to be thrown.
  in .CntToLedsAndRfm
Because:
Cannot find class: ptolemy.domains.ptinyos.lib.MicaLeds. In Ptolemy, classes are typically Java .class files. Entities like actors may instead be defined within a .xml file.  In any case, the class was not found. If the class uses a third party package, then the class would be present only if the third party package was found at compile time.  It may be necessary to upgrade Java or install the third party package, reconfigure and recompile.
Because:
-- /home/travis/build/icyphy/ptII/ptolemy/actor/ptalon/demo/ptinyos/SendAndReceiveCnt/ptolemy/domains/ptinyos/lib/MicaLeds.xml (No such file or directory)
-- XML file not found relative to classpath.
-- /home/travis/build/icyphy/ptII/ptolemy/vergil/basic/export/test/ptolemy/domains/ptinyos/lib/MicaLeds.xml
/home/travis/build/icyphy/ptII/ptolemy/vergil/basic/export/test/ptolemy/domains/ptinyos/lib/MicaLeds.xml (No such file or directory)
 in file:/home/travis/build/icyphy/ptII/ptolemy/actor/ptalon/demo/ptinyos/SendAndReceiveCnt/CntToLedsAndRfm.xml at line 132 and column 63
	at ptolemy.moml.MoMLParser._createEntity(MoMLParser.java:4330)
	at ptolemy.moml.MoMLParser.startElement(MoMLParser.java:2864)
	... 64 more
Caused by: ptolemy.kernel.util.InternalErrorException: Element <entity name="MicaLeds" class="ptolemy.domains.ptinyos.lib.MicaLeds"> caused an exception to be thrown.
  in .CntToLedsAndRfm
Because:
Cannot find class: ptolemy.domains.ptinyos.lib.MicaLeds. In Ptolemy, classes are typically Java .class files. Entities like actors may instead be defined within a .xml file.  In any case, the class was not found. If the class uses a third party package, then the class would be present only if the third party package was found at compile time.  It may be necessary to upgrade Java or install the third party package, reconfigure and recompile.
Because:
-- /home/travis/build/icyphy/ptII/ptolemy/actor/ptalon/demo/ptinyos/SendAndReceiveCnt/ptolemy/domains/ptinyos/lib/MicaLeds.xml (No such file or directory)
-- XML file not found relative to classpath.
-- /home/travis/build/icyphy/ptII/ptolemy/vergil/basic/export/test/ptolemy/domains/ptinyos/lib/MicaLeds.xml
/home/travis/build/icyphy/ptII/ptolemy/vergil/basic/export/test/ptolemy/domains/ptinyos/lib/MicaLeds.xml (No such file or directory)
 in file:/home/travis/build/icyphy/ptII/ptolemy/actor/ptalon/demo/ptinyos/SendAndReceiveCnt/CntToLedsAndRfm.xml at line 132 and column 63
	at ptolemy.moml.SimpleErrorHandler.handleError(SimpleErrorHandler.java:75)
	at ptolemy.moml.MoMLParser.startElement(MoMLParser.java:3805)
	at com.microstar.xml.XmlParser.parseElement(XmlParser.java:921)
	at com.microstar.xml.XmlParser.parseContent(XmlParser.java:1104)
	at com.microstar.xml.XmlParser.parseElement(XmlParser.java:924)
	at com.microstar.xml.XmlParser.parseDocument(XmlParser.java:481)
	at com.microstar.xml.XmlParser.doParse(XmlParser.java:159)
	at com.microstar.xml.XmlParser.parse(XmlParser.java:132)
	at ptolemy.moml.MoMLParser.parse(MoMLParser.java:1676)
	at ptolemy.moml.MoMLParser.parse(MoMLParser.java:1595)
	at ptolemy.moml.MoMLParser.parse(MoMLParser.java:1537)
	at ptolemy.moml.MoMLParser._findOrParse(MoMLParser.java:5286)
	at ptolemy.moml.MoMLParser._attemptToFindMoMLClass(MoMLParser.java:4075)
	at ptolemy.moml.MoMLParser._createEntity(MoMLParser.java:4323)
	... 65 more
Caused by: ptolemy.kernel.util.IllegalActionException: Cannot find class: ptolemy.domains.ptinyos.lib.MicaLeds. In Ptolemy, classes are typically Java .class files. Entities like actors may instead be defined within a .xml file.  In any case, the class was not found. If the class uses a third party package, then the class would be present only if the third party package was found at compile time.  It may be necessary to upgrade Java or install the third party package, reconfigure and recompile.
Because:
-- /home/travis/build/icyphy/ptII/ptolemy/actor/ptalon/demo/ptinyos/SendAndReceiveCnt/ptolemy/domains/ptinyos/lib/MicaLeds.xml (No such file or directory)
-- XML file not found relative to classpath.
-- /home/travis/build/icyphy/ptII/ptolemy/vergil/basic/export/test/ptolemy/domains/ptinyos/lib/MicaLeds.xml
/home/travis/build/icyphy/ptII/ptolemy/vergil/basic/export/test/ptolemy/domains/ptinyos/lib/MicaLeds.xml (No such file or directory)
 in file:/home/travis/build/icyphy/ptII/ptolemy/actor/ptalon/demo/ptinyos/SendAndReceiveCnt/CntToLedsAndRfm.xml at line 132 and column 63
	at ptolemy.moml.MoMLParser._createEntity(MoMLParser.java:4330)
	at ptolemy.moml.MoMLParser.startElement(MoMLParser.java:2864)
	... 77 more
Caused by: com.microstar.xml.XmlException: -- /home/travis/build/icyphy/ptII/ptolemy/actor/ptalon/demo/ptinyos/SendAndReceiveCnt/ptolemy/domains/ptinyos/lib/MicaLeds.xml (No such file or directory)
-- XML file not found relative to classpath.
-- /home/travis/build/icyphy/ptII/ptolemy/vergil/basic/export/test/ptolemy/domains/ptinyos/lib/MicaLeds.xml
/home/travis/build/icyphy/ptII/ptolemy/vergil/basic/export/test/ptolemy/domains/ptinyos/lib/MicaLeds.xml (No such file or directory)
 in file:/home/travis/build/icyphy/ptII/ptolemy/actor/ptalon/demo/ptinyos/SendAndReceiveCnt/CntToLedsAndRfm.xml at line 132 and column 63
	at ptolemy.moml.MoMLParser.fileNameToURL(MoMLParser.java:1414)
	at ptolemy.moml.MoMLParser._findOrParse(MoMLParser.java:5283)
	at ptolemy.moml.MoMLParser._attemptToFindMoMLClass(MoMLParser.java:4075)
	at ptolemy.moml.MoMLParser._createEntity(MoMLParser.java:4323)
	... 78 more
Caused by: ptolemy.actor.ptalon.PtalonRuntimeException: Unable to add actor null
	at ptolemy.actor.ptalon.PtalonEvaluator.addActor(PtalonEvaluator.java:300)
	at ptolemy.actor.ptalon.PtalonPopulator.actor_declaration(PtalonPopulator.java:1574)
	at ptolemy.actor.ptalon.PtalonPopulator.atomic_statement(PtalonPopulator.java:1638)
	at ptolemy.actor.ptalon.PtalonPopulator.iterative_statement_evaluator(PtalonPopulator.java:2484)
	at ptolemy.actor.ptalon.AbstractPtalonEvaluator$IfTree.evaluateForScope(AbstractPtalonEvaluator.java:1307)
	at ptolemy.actor.ptalon.AbstractPtalonEvaluator.evaluateForScope(AbstractPtalonEvaluator.java:744)
	at ptolemy.actor.ptalon.PtalonPopulator.iterative_statement(PtalonPopulator.java:2363)
	at ptolemy.actor.ptalon.PtalonPopulator.actor_definition(PtalonPopulator.java:2809)
	at ptolemy.actor.ptalon.PtalonActor.attributeChanged(PtalonActor.java:206)
	at ptolemy.actor.ptalon.PtalonMLHandler.startElement(PtalonMLHandler.java:134)
	at com.microstar.xml.XmlParser.parseElement(XmlParser.java:921)
	at com.microstar.xml.XmlParser.parseContent(XmlParser.java:1104)
	at com.microstar.xml.XmlParser.parseElement(XmlParser.java:924)
	at com.microstar.xml.XmlParser.parseDocument(XmlParser.java:481)
	at com.microstar.xml.XmlParser.doParse(XmlParser.java:159)
	at com.microstar.xml.XmlParser.parse(XmlParser.java:132)
	at ptolemy.actor.ptalon.PtalonActor.configure(PtalonActor.java:240)
	at ptolemy.moml.MoMLParser.endElement(MoMLParser.java:996)
	at com.microstar.xml.XmlParser.parseETag(XmlParser.java:1026)
	at com.microstar.xml.XmlParser.parseContent(XmlParser.java:1098)
	at com.microstar.xml.XmlParser.parseElement(XmlParser.java:924)
	at com.microstar.xml.XmlParser.parseContent(XmlParser.java:1104)
	at com.microstar.xml.XmlParser.parseElement(XmlParser.java:924)
	at com.microstar.xml.XmlParser.parseContent(XmlParser.java:1104)
	at com.microstar.xml.XmlParser.parseElement(XmlParser.java:924)
	at com.microstar.xml.XmlParser.parseDocument(XmlParser.java:481)
	at com.microstar.xml.XmlParser.doParse(XmlParser.java:159)
	at com.microstar.xml.XmlParser.parse(XmlParser.java:132)
	at ptolemy.moml.MoMLParser.parse(MoMLParser.java:1676)
	at ptolemy.moml.MoMLParser.parse(MoMLParser.java:1595)
	at ptolemy.moml.MoMLParser.parse(MoMLParser.java:1537)
	at ptolemy.actor.gui.PtolemyEffigy$Factory.createEffigy(PtolemyEffigy.java:424)
	at ptolemy.actor.gui.EffigyFactory.createEffigy(EffigyFactory.java:234)
	at ptolemy.actor.gui.Configuration.openModel(Configuration.java:1125)
	at ptolemy.actor.gui.Configuration.openModel(Configuration.java:1051)
	at ptolemy.actor.gui.ConfigurationApplication._openModel(ConfigurationApplication.java:1252)
	at ptolemy.actor.gui.ConfigurationApplication._parseArg(ConfigurationApplication.java:1399)
	at ptolemy.actor.gui.ConfigurationApplication._parseArgs(ConfigurationApplication.java:1478)
	at ptolemy.actor.gui.ConfigurationApplication.<init>(ConfigurationApplication.java:277)
	at ptolemy.actor.gui.ConfigurationApplication.<init>(ConfigurationApplication.java:214)
	at ptolemy.actor.gui.ConfigurationApplication.<init>(ConfigurationApplication.java:201)
	at ptolemy.actor.gui.ConfigurationApplication.openModelOrEntity(ConfigurationApplication.java:680)
	at ptolemy.vergil.basic.export.ExportModel$1.run(ExportModel.java:220)
	at java.awt.event.InvocationEvent.dispatch(InvocationEvent.java:301)
	at java.awt.EventQueue.dispatchEventImpl(EventQueue.java:756)
	at java.awt.EventQueue.access$500(EventQueue.java:97)
	at java.awt.EventQueue$3.run(EventQueue.java:709)
	at java.awt.EventQueue$3.run(EventQueue.java:703)
	at java.security.AccessController.doPrivileged(Native Method)
	at java.security.ProtectionDomain$JavaSecurityAccessImpl.doIntersectionPrivilege(ProtectionDomain.java:80)
	at java.awt.EventQueue.dispatchEvent(EventQueue.java:726)
	at java.awt.EventDispatchThread.pumpOneEventForFilters(EventDispatchThread.java:201)
	at java.awt.EventDispatchThread.pumpEventsForFilter(EventDispatchThread.java:116)
	at java.awt.EventDispatchThread.pumpEventsForHierarchy(EventDispatchThread.java:105)
	at java.awt.EventDispatchThread.pumpEvents(EventDispatchThread.java:101)
	at java.awt.EventDispatchThread.pumpEvents(EventDispatchThread.java:93)
	at java.awt.EventDispatchThread.run(EventDispatchThread.java:82)
Caused by: ptolemy.kernel.util.InternalErrorException: Element <entity name="sender1" class="ptolemy.actor.ptalon.demo.ptinyos.SendAndReceiveCnt.CntToLedsAndRfm"> caused an exception to be thrown.
  in .SendAndReceiveCnt.SendAndReceiveCnt
Because:
Cannot find class: ptolemy.actor.ptalon.demo.ptinyos.SendAndReceiveCnt.CntToLedsAndRfm. In Ptolemy, classes are typically Java .class files. Entities like actors may instead be defined within a .xml file.  In any case, the class was not found. If the class uses a third party package, then the class would be present only if the third party package was found at compile time.  It may be necessary to upgrade Java or install the third party package, reconfigure and recompile.
Because:
Element <entity name="MicaLeds" class="ptolemy.domains.ptinyos.lib.MicaLeds"> caused an exception to be thrown.
  in .CntToLedsAndRfm
Because:
Cannot find class: ptolemy.domains.ptinyos.lib.MicaLeds. In Ptolemy, classes are typically Java .class files. Entities like actors may instead be defined within a .xml file.  In any case, the class was not found. If the class uses a third party package, then the class would be present only if the third party package was found at compile time.  It may be necessary to upgrade Java or install the third party package, reconfigure and recompile.
Because:
-- /home/travis/build/icyphy/ptII/ptolemy/actor/ptalon/demo/ptinyos/SendAndReceiveCnt/ptolemy/domains/ptinyos/lib/MicaLeds.xml (No such file or directory)
-- XML file not found relative to classpath.
-- /home/travis/build/icyphy/ptII/ptolemy/vergil/basic/export/test/ptolemy/domains/ptinyos/lib/MicaLeds.xml
/home/travis/build/icyphy/ptII/ptolemy/vergil/basic/export/test/ptolemy/domains/ptinyos/lib/MicaLeds.xml (No such file or directory)
 in file:/home/travis/build/icyphy/ptII/ptolemy/actor/ptalon/demo/ptinyos/SendAndReceiveCnt/CntToLedsAndRfm.xml at line 132 and column 63
	at ptolemy.moml.SimpleErrorHandler.handleError(SimpleErrorHandler.java:75)
	at ptolemy.moml.MoMLParser.startElement(MoMLParser.java:3805)
	at com.microstar.xml.XmlParser.parseElement(XmlParser.java:931)
	at com.microstar.xml.XmlParser.parseDocument(XmlParser.java:481)
	at com.microstar.xml.XmlParser.doParse(XmlParser.java:159)
	at com.microstar.xml.XmlParser.parse(XmlParser.java:132)
	at ptolemy.moml.MoMLParser.parse(MoMLParser.java:1660)
	at ptolemy.moml.MoMLParser.parse(MoMLParser.java:1617)
	at ptolemy.moml.MoMLParser.parse(MoMLParser.java:1792)
	at ptolemy.actor.ptalon.PtalonEvaluator.addActor(PtalonEvaluator.java:241)
	... 56 more
Caused by: ptolemy.kernel.util.IllegalActionException: Cannot find class: ptolemy.actor.ptalon.demo.ptinyos.SendAndReceiveCnt.CntToLedsAndRfm. In Ptolemy, classes are typically Java .class files. Entities like actors may instead be defined within a .xml file.  In any case, the class was not found. If the class uses a third party package, then the class would be present only if the third party package was found at compile time.  It may be necessary to upgrade Java or install the third party package, reconfigure and recompile.
Because:
Element <entity name="MicaLeds" class="ptolemy.domains.ptinyos.lib.MicaLeds"> caused an exception to be thrown.
  in .CntToLedsAndRfm
Because:
Cannot find class: ptolemy.domains.ptinyos.lib.MicaLeds. In Ptolemy, classes are typically Java .class files. Entities like actors may instead be defined within a .xml file.  In any case, the class was not found. If the class uses a third party package, then the class would be present only if the third party package was found at compile time.  It may be necessary to upgrade Java or install the third party package, reconfigure and recompile.
Because:
-- /home/travis/build/icyphy/ptII/ptolemy/actor/ptalon/demo/ptinyos/SendAndReceiveCnt/ptolemy/domains/ptinyos/lib/MicaLeds.xml (No such file or directory)
-- XML file not found relative to classpath.
-- /home/travis/build/icyphy/ptII/ptolemy/vergil/basic/export/test/ptolemy/domains/ptinyos/lib/MicaLeds.xml
/home/travis/build/icyphy/ptII/ptolemy/vergil/basic/export/test/ptolemy/domains/ptinyos/lib/MicaLeds.xml (No such file or directory)
 in file:/home/travis/build/icyphy/ptII/ptolemy/actor/ptalon/demo/ptinyos/SendAndReceiveCnt/CntToLedsAndRfm.xml at line 132 and column 63
	at ptolemy.moml.MoMLParser._createEntity(MoMLParser.java:4330)
	at ptolemy.moml.MoMLParser.startElement(MoMLParser.java:2864)
	... 64 more
Caused by: ptolemy.kernel.util.InternalErrorException: Element <entity name="MicaLeds" class="ptolemy.domains.ptinyos.lib.MicaLeds"> caused an exception to be thrown.
  in .CntToLedsAndRfm
Because:
Cannot find class: ptolemy.domains.ptinyos.lib.MicaLeds. In Ptolemy, classes are typically Java .class files. Entities like actors may instead be defined within a .xml file.  In any case, the class was not found. If the class uses a third party package, then the class would be present only if the third party package was found at compile time.  It may be necessary to upgrade Java or install the third party package, reconfigure and recompile.
Because:
-- /home/travis/build/icyphy/ptII/ptolemy/actor/ptalon/demo/ptinyos/SendAndReceiveCnt/ptolemy/domains/ptinyos/lib/MicaLeds.xml (No such file or directory)
-- XML file not found relative to classpath.
-- /home/travis/build/icyphy/ptII/ptolemy/vergil/basic/export/test/ptolemy/domains/ptinyos/lib/MicaLeds.xml
/home/travis/build/icyphy/ptII/ptolemy/vergil/basic/export/test/ptolemy/domains/ptinyos/lib/MicaLeds.xml (No such file or directory)
 in file:/home/travis/build/icyphy/ptII/ptolemy/actor/ptalon/demo/ptinyos/SendAndReceiveCnt/CntToLedsAndRfm.xml at line 132 and column 63
	at ptolemy.moml.SimpleErrorHandler.handleError(SimpleErrorHandler.java:75)
	at ptolemy.moml.MoMLParser.startElement(MoMLParser.java:3805)
	at com.microstar.xml.XmlParser.parseElement(XmlParser.java:921)
	at com.microstar.xml.XmlParser.parseContent(XmlParser.java:1104)
	at com.microstar.xml.XmlParser.parseElement(XmlParser.java:924)
	at com.microstar.xml.XmlParser.parseDocument(XmlParser.java:481)
	at com.microstar.xml.XmlParser.doParse(XmlParser.java:159)
	at com.microstar.xml.XmlParser.parse(XmlParser.java:132)
	at ptolemy.moml.MoMLParser.parse(MoMLParser.java:1676)
	at ptolemy.moml.MoMLParser.parse(MoMLParser.java:1595)
	at ptolemy.moml.MoMLParser.parse(MoMLParser.java:1537)
	at ptolemy.moml.MoMLParser._findOrParse(MoMLParser.java:5286)
	at ptolemy.moml.MoMLParser._attemptToFindMoMLClass(MoMLParser.java:4075)
	at ptolemy.moml.MoMLParser._createEntity(MoMLParser.java:4323)
	... 65 more
Caused by: ptolemy.kernel.util.IllegalActionException: Cannot find class: ptolemy.domains.ptinyos.lib.MicaLeds. In Ptolemy, classes are typically Java .class files. Entities like actors may instead be defined within a .xml file.  In any case, the class was not found. If the class uses a third party package, then the class would be present only if the third party package was found at compile time.  It may be necessary to upgrade Java or install the third party package, reconfigure and recompile.
Because:
-- /home/travis/build/icyphy/ptII/ptolemy/actor/ptalon/demo/ptinyos/SendAndReceiveCnt/ptolemy/domains/ptinyos/lib/MicaLeds.xml (No such file or directory)
-- XML file not found relative to classpath.
-- /home/travis/build/icyphy/ptII/ptolemy/vergil/basic/export/test/ptolemy/domains/ptinyos/lib/MicaLeds.xml
/home/travis/build/icyphy/ptII/ptolemy/vergil/basic/export/test/ptolemy/domains/ptinyos/lib/MicaLeds.xml (No such file or directory)
 in file:/home/travis/build/icyphy/ptII/ptolemy/actor/ptalon/demo/ptinyos/SendAndReceiveCnt/CntToLedsAndRfm.xml at line 132 and column 63
	at ptolemy.moml.MoMLParser._createEntity(MoMLParser.java:4330)
	at ptolemy.moml.MoMLParser.startElement(MoMLParser.java:2864)
	... 77 more
Caused by: com.microstar.xml.XmlException: -- /home/travis/build/icyphy/ptII/ptolemy/actor/ptalon/demo/ptinyos/SendAndReceiveCnt/ptolemy/domains/ptinyos/lib/MicaLeds.xml (No such file or directory)
-- XML file not found relative to classpath.
-- /home/travis/build/icyphy/ptII/ptolemy/vergil/basic/export/test/ptolemy/domains/ptinyos/lib/MicaLeds.xml
/home/travis/build/icyphy/ptII/ptolemy/vergil/basic/export/test/ptolemy/domains/ptinyos/lib/MicaLeds.xml (No such file or directory)
 in file:/home/travis/build/icyphy/ptII/ptolemy/actor/ptalon/demo/ptinyos/SendAndReceiveCnt/CntToLedsAndRfm.xml at line 132 and column 63
	at ptolemy.moml.MoMLParser.fileNameToURL(MoMLParser.java:1414)
	at ptolemy.moml.MoMLParser._findOrParse(MoMLParser.java:5283)
	at ptolemy.moml.MoMLParser._attemptToFindMoMLClass(MoMLParser.java:4075)
	at ptolemy.moml.MoMLParser._createEntity(MoMLParser.java:4323)
	... 78 more
Failed to read file:/home/travis/build/icyphy/ptII/ptolemy/actor/ptalon/demo/ptinyos/SendAndReceiveCnt/SendAndReceiveCnt.xml
ptolemy.kernel.util.IllegalActionException: Failed to process attribute change to PtalonParameter, whose value is "ptolemy.actor.ptalon.PtalonExpressionParameter {.SendAndReceiveCnt.SendAndReceiveCnt.channelName} "AtomicWirelessChannel"".
  in .SendAndReceiveCnt.SendAndReceiveCnt
Because:
Unable to add actor null
	at ptolemy.actor.ptalon.PtalonActor.attributeChanged(PtalonActor.java:211)
	at ptolemy.actor.ptalon.PtalonMLHandler.startElement(PtalonMLHandler.java:134)
	at com.microstar.xml.XmlParser.parseElement(XmlParser.java:921)
	at com.microstar.xml.XmlParser.parseContent(XmlParser.java:1104)
	at com.microstar.xml.XmlParser.parseElement(XmlParser.java:924)
	at com.microstar.xml.XmlParser.parseDocument(XmlParser.java:481)
	at com.microstar.xml.XmlParser.doParse(XmlParser.java:159)
	at com.microstar.xml.XmlParser.parse(XmlParser.java:132)
	at ptolemy.actor.ptalon.PtalonActor.configure(PtalonActor.java:240)
	at ptolemy.moml.MoMLParser.endElement(MoMLParser.java:996)
	at com.microstar.xml.XmlParser.parseETag(XmlParser.java:1026)
	at com.microstar.xml.XmlParser.parseContent(XmlParser.java:1098)
	at com.microstar.xml.XmlParser.parseElement(XmlParser.java:924)
	at com.microstar.xml.XmlParser.parseContent(XmlParser.java:1104)
	at com.microstar.xml.XmlParser.parseElement(XmlParser.java:924)
	at com.microstar.xml.XmlParser.parseContent(XmlParser.java:1104)
	at com.microstar.xml.XmlParser.parseElement(XmlParser.java:924)
	at com.microstar.xml.XmlParser.parseDocument(XmlParser.java:481)
	at com.microstar.xml.XmlParser.doParse(XmlParser.java:159)
	at com.microstar.xml.XmlParser.parse(XmlParser.java:132)
	at ptolemy.moml.MoMLParser.parse(MoMLParser.java:1676)
	at ptolemy.moml.MoMLParser.parse(MoMLParser.java:1595)
	at ptolemy.moml.MoMLParser.parse(MoMLParser.java:1537)
	at ptolemy.actor.gui.PtolemyEffigy$Factory.createEffigy(PtolemyEffigy.java:424)
	at ptolemy.actor.gui.EffigyFactory.createEffigy(EffigyFactory.java:234)
	at ptolemy.actor.gui.Configuration.openModel(Configuration.java:1125)
	at ptolemy.actor.gui.Configuration.openModel(Configuration.java:1051)
	at ptolemy.actor.gui.ConfigurationApplication._openModel(ConfigurationApplication.java:1252)
	at ptolemy.actor.gui.ConfigurationApplication._parseArg(ConfigurationApplication.java:1399)
	at ptolemy.actor.gui.ConfigurationApplication._parseArgs(ConfigurationApplication.java:1478)
	at ptolemy.actor.gui.ConfigurationApplication.<init>(ConfigurationApplication.java:277)
	at ptolemy.actor.gui.ConfigurationApplication.<init>(ConfigurationApplication.java:214)
	at ptolemy.actor.gui.ConfigurationApplication.<init>(ConfigurationApplication.java:201)
	at ptolemy.actor.gui.ConfigurationApplication.openModelOrEntity(ConfigurationApplication.java:680)
	at ptolemy.vergil.basic.export.ExportModel$1.run(ExportModel.java:220)
	at java.awt.event.InvocationEvent.dispatch(InvocationEvent.java:301)
	at java.awt.EventQueue.dispatchEventImpl(EventQueue.java:756)
	at java.awt.EventQueue.access$500(EventQueue.java:97)
	at java.awt.EventQueue$3.run(EventQueue.java:709)
	at java.awt.EventQueue$3.run(EventQueue.java:703)
	at java.security.AccessController.doPrivileged(Native Method)
	at java.security.ProtectionDomain$JavaSecurityAccessImpl.doIntersectionPrivilege(ProtectionDomain.java:80)
	at java.awt.EventQueue.dispatchEvent(EventQueue.java:726)
	at java.awt.EventDispatchThread.pumpOneEventForFilters(EventDispatchThread.java:201)
	at java.awt.EventDispatchThread.pumpEventsForFilter(EventDispatchThread.java:116)
	at java.awt.EventDispatchThread.pumpEventsForHierarchy(EventDispatchThread.java:105)
	at java.awt.EventDispatchThread.pumpEvents(EventDispatchThread.java:101)
	at java.awt.EventDispatchThread.pumpEvents(EventDispatchThread.java:93)
	at java.awt.EventDispatchThread.run(EventDispatchThread.java:82)
Caused by: ptolemy.actor.ptalon.PtalonRuntimeException: Unable to add actor null
	at ptolemy.actor.ptalon.PtalonEvaluator.addActor(PtalonEvaluator.java:300)
	at ptolemy.actor.ptalon.PtalonPopulator.actor_declaration(PtalonPopulator.java:1574)
	at ptolemy.actor.ptalon.PtalonPopulator.atomic_statement(PtalonPopulator.java:1638)
	at ptolemy.actor.ptalon.PtalonPopulator.iterative_statement_evaluator(PtalonPopulator.java:2484)
	at ptolemy.actor.ptalon.AbstractPtalonEvaluator$IfTree.evaluateForScope(AbstractPtalonEvaluator.java:1307)
	at ptolemy.actor.ptalon.AbstractPtalonEvaluator.evaluateForScope(AbstractPtalonEvaluator.java:744)
	at ptolemy.actor.ptalon.PtalonPopulator.iterative_statement(PtalonPopulator.java:2363)
	at ptolemy.actor.ptalon.PtalonPopulator.actor_definition(PtalonPopulator.java:2809)
	at ptolemy.actor.ptalon.PtalonActor.attributeChanged(PtalonActor.java:206)
	... 48 more
Caused by: ptolemy.kernel.util.InternalErrorException: Element <entity name="sender1" class="ptolemy.actor.ptalon.demo.ptinyos.SendAndReceiveCnt.CntToLedsAndRfm"> caused an exception to be thrown.
  in .SendAndReceiveCnt.SendAndReceiveCnt
Because:
Cannot find class: ptolemy.actor.ptalon.demo.ptinyos.SendAndReceiveCnt.CntToLedsAndRfm. In Ptolemy, classes are typically Java .class files. Entities like actors may instead be defined within a .xml file.  In any case, the class was not found. If the class uses a third party package, then the class would be present only if the third party package was found at compile time.  It may be necessary to upgrade Java or install the third party package, reconfigure and recompile.
Because:
Element <entity name="MicaLeds" class="ptolemy.domains.ptinyos.lib.MicaLeds"> caused an exception to be thrown.
  in .CntToLedsAndRfm
Because:
Cannot find class: ptolemy.domains.ptinyos.lib.MicaLeds. In Ptolemy, classes are typically Java .class files. Entities like actors may instead be defined within a .xml file.  In any case, the class was not found. If the class uses a third party package, then the class would be present only if the third party package was found at compile time.  It may be necessary to upgrade Java or install the third party package, reconfigure and recompile.
Because:
-- /home/travis/build/icyphy/ptII/ptolemy/actor/ptalon/demo/ptinyos/SendAndReceiveCnt/ptolemy/domains/ptinyos/lib/MicaLeds.xml (No such file or directory)
-- XML file not found relative to classpath.
-- /home/travis/build/icyphy/ptII/ptolemy/vergil/basic/export/test/ptolemy/domains/ptinyos/lib/MicaLeds.xml
/home/travis/build/icyphy/ptII/ptolemy/vergil/basic/export/test/ptolemy/domains/ptinyos/lib/MicaLeds.xml (No such file or directory)
 in file:/home/travis/build/icyphy/ptII/ptolemy/actor/ptalon/demo/ptinyos/SendAndReceiveCnt/CntToLedsAndRfm.xml at line 132 and column 63
	at ptolemy.moml.SimpleErrorHandler.handleError(SimpleErrorHandler.java:75)
	at ptolemy.moml.MoMLParser.startElement(MoMLParser.java:3805)
	at com.microstar.xml.XmlParser.parseElement(XmlParser.java:931)
	at com.microstar.xml.XmlParser.parseDocument(XmlParser.java:481)
	at com.microstar.xml.XmlParser.doParse(XmlParser.java:159)
	at com.microstar.xml.XmlParser.parse(XmlParser.java:132)
	at ptolemy.moml.MoMLParser.parse(MoMLParser.java:1660)
	at ptolemy.moml.MoMLParser.parse(MoMLParser.java:1617)
	at ptolemy.moml.MoMLParser.parse(MoMLParser.java:1792)
	at ptolemy.actor.ptalon.PtalonEvaluator.addActor(PtalonEvaluator.java:241)
	... 56 more
Caused by: ptolemy.kernel.util.IllegalActionException: Cannot find class: ptolemy.actor.ptalon.demo.ptinyos.SendAndReceiveCnt.CntToLedsAndRfm. In Ptolemy, classes are typically Java .class files. Entities like actors may instead be defined within a .xml file.  In any case, the class was not found. If the class uses a third party package, then the class would be present only if the third party package was found at compile time.  It may be necessary to upgrade Java or install the third party package, reconfigure and recompile.
Because:
Element <entity name="MicaLeds" class="ptolemy.domains.ptinyos.lib.MicaLeds"> caused an exception to be thrown.
  in .CntToLedsAndRfm
Because:
Cannot find class: ptolemy.domains.ptinyos.lib.MicaLeds. In Ptolemy, classes are typically Java .class files. Entities like actors may instead be defined within a .xml file.  In any case, the class was not found. If the class uses a third party package, then the class would be present only if the third party package was found at compile time.  It may be necessary to upgrade Java or install the third party package, reconfigure and recompile.
Because:
-- /home/travis/build/icyphy/ptII/ptolemy/actor/ptalon/demo/ptinyos/SendAndReceiveCnt/ptolemy/domains/ptinyos/lib/MicaLeds.xml (No such file or directory)
-- XML file not found relative to classpath.
-- /home/travis/build/icyphy/ptII/ptolemy/vergil/basic/export/test/ptolemy/domains/ptinyos/lib/MicaLeds.xml
/home/travis/build/icyphy/ptII/ptolemy/vergil/basic/export/test/ptolemy/domains/ptinyos/lib/MicaLeds.xml (No such file or directory)
 in file:/home/travis/build/icyphy/ptII/ptolemy/actor/ptalon/demo/ptinyos/SendAndReceiveCnt/CntToLedsAndRfm.xml at line 132 and column 63
	at ptolemy.moml.MoMLParser._createEntity(MoMLParser.java:4330)
	at ptolemy.moml.MoMLParser.startElement(MoMLParser.java:2864)
	... 64 more
Caused by: ptolemy.kernel.util.InternalErrorException: Element <entity name="MicaLeds" class="ptolemy.domains.ptinyos.lib.MicaLeds"> caused an exception to be thrown.
  in .CntToLedsAndRfm
Because:
Cannot find class: ptolemy.domains.ptinyos.lib.MicaLeds. In Ptolemy, classes are typically Java .class files. Entities like actors may instead be defined within a .xml file.  In any case, the class was not found. If the class uses a third party package, then the class would be present only if the third party package was found at compile time.  It may be necessary to upgrade Java or install the third party package, reconfigure and recompile.
Because:
-- /home/travis/build/icyphy/ptII/ptolemy/actor/ptalon/demo/ptinyos/SendAndReceiveCnt/ptolemy/domains/ptinyos/lib/MicaLeds.xml (No such file or directory)
-- XML file not found relative to classpath.
-- /home/travis/build/icyphy/ptII/ptolemy/vergil/basic/export/test/ptolemy/domains/ptinyos/lib/MicaLeds.xml
/home/travis/build/icyphy/ptII/ptolemy/vergil/basic/export/test/ptolemy/domains/ptinyos/lib/MicaLeds.xml (No such file or directory)
 in file:/home/travis/build/icyphy/ptII/ptolemy/actor/ptalon/demo/ptinyos/SendAndReceiveCnt/CntToLedsAndRfm.xml at line 132 and column 63
	at ptolemy.moml.SimpleErrorHandler.handleError(SimpleErrorHandler.java:75)
	at ptolemy.moml.MoMLParser.startElement(MoMLParser.java:3805)
	at com.microstar.xml.XmlParser.parseElement(XmlParser.java:921)
	at com.microstar.xml.XmlParser.parseContent(XmlParser.java:1104)
	at com.microstar.xml.XmlParser.parseElement(XmlParser.java:924)
	at com.microstar.xml.XmlParser.parseDocument(XmlParser.java:481)
	at com.microstar.xml.XmlParser.doParse(XmlParser.java:159)
	at com.microstar.xml.XmlParser.parse(XmlParser.java:132)
	at ptolemy.moml.MoMLParser.parse(MoMLParser.java:1676)
	at ptolemy.moml.MoMLParser.parse(MoMLParser.java:1595)
	at ptolemy.moml.MoMLParser.parse(MoMLParser.java:1537)
	at ptolemy.moml.MoMLParser._findOrParse(MoMLParser.java:5286)
	at ptolemy.moml.MoMLParser._attemptToFindMoMLClass(MoMLParser.java:4075)
	at ptolemy.moml.MoMLParser._createEntity(MoMLParser.java:4323)
	... 65 more
Caused by: ptolemy.kernel.util.IllegalActionException: Cannot find class: ptolemy.domains.ptinyos.lib.MicaLeds. In Ptolemy, classes are typically Java .class files. Entities like actors may instead be defined within a .xml file.  In any case, the class was not found. If the class uses a third party package, then the class would be present only if the third party package was found at compile time.  It may be necessary to upgrade Java or install the third party package, reconfigure and recompile.
Because:
-- /home/travis/build/icyphy/ptII/ptolemy/actor/ptalon/demo/ptinyos/SendAndReceiveCnt/ptolemy/domains/ptinyos/lib/MicaLeds.xml (No such file or directory)
-- XML file not found relative to classpath.
-- /home/travis/build/icyphy/ptII/ptolemy/vergil/basic/export/test/ptolemy/domains/ptinyos/lib/MicaLeds.xml
/home/travis/build/icyphy/ptII/ptolemy/vergil/basic/export/test/ptolemy/domains/ptinyos/lib/MicaLeds.xml (No such file or directory)
 in file:/home/travis/build/icyphy/ptII/ptolemy/actor/ptalon/demo/ptinyos/SendAndReceiveCnt/CntToLedsAndRfm.xml at line 132 and column 63
	at ptolemy.moml.MoMLParser._createEntity(MoMLParser.java:4330)
	at ptolemy.moml.MoMLParser.startElement(MoMLParser.java:2864)
	... 77 more
Caused by: com.microstar.xml.XmlException: -- /home/travis/build/icyphy/ptII/ptolemy/actor/ptalon/demo/ptinyos/SendAndReceiveCnt/ptolemy/domains/ptinyos/lib/MicaLeds.xml (No such file or directory)
-- XML file not found relative to classpath.
-- /home/travis/build/icyphy/ptII/ptolemy/vergil/basic/export/test/ptolemy/domains/ptinyos/lib/MicaLeds.xml
/home/travis/build/icyphy/ptII/ptolemy/vergil/basic/export/test/ptolemy/domains/ptinyos/lib/MicaLeds.xml (No such file or directory)
 in file:/home/travis/build/icyphy/ptII/ptolemy/actor/ptalon/demo/ptinyos/SendAndReceiveCnt/CntToLedsAndRfm.xml at line 132 and column 63
	at ptolemy.moml.MoMLParser.fileNameToURL(MoMLParser.java:1414)
	at ptolemy.moml.MoMLParser._findOrParse(MoMLParser.java:5283)
	at ptolemy.moml.MoMLParser._attemptToFindMoMLClass(MoMLParser.java:4075)
	at ptolemy.moml.MoMLParser._createEntity(MoMLParser.java:4323)
	... 78 more
Caused by: ptolemy.actor.ptalon.PtalonRuntimeException: Unable to add actor null
	at ptolemy.actor.ptalon.PtalonEvaluator.addActor(PtalonEvaluator.java:300)
	at ptolemy.actor.ptalon.PtalonPopulator.actor_declaration(PtalonPopulator.java:1574)
	at ptolemy.actor.ptalon.PtalonPopulator.atomic_statement(PtalonPopulator.java:1638)
	at ptolemy.actor.ptalon.PtalonPopulator.iterative_statement_evaluator(PtalonPopulator.java:2484)
	at ptolemy.actor.ptalon.AbstractPtalonEvaluator$IfTree.evaluateForScope(AbstractPtalonEvaluator.java:1307)
	at ptolemy.actor.ptalon.AbstractPtalonEvaluator.evaluateForScope(AbstractPtalonEvaluator.java:744)
	at ptolemy.actor.ptalon.PtalonPopulator.iterative_statement(PtalonPopulator.java:2363)
	at ptolemy.actor.ptalon.PtalonPopulator.actor_definition(PtalonPopulator.java:2809)
	at ptolemy.actor.ptalon.PtalonActor.attributeChanged(PtalonActor.java:206)
	at ptolemy.actor.ptalon.PtalonMLHandler.startElement(PtalonMLHandler.java:134)
	at com.microstar.xml.XmlParser.parseElement(XmlParser.java:921)
	at com.microstar.xml.XmlParser.parseContent(XmlParser.java:1104)
	at com.microstar.xml.XmlParser.parseElement(XmlParser.java:924)
	at com.microstar.xml.XmlParser.parseDocument(XmlParser.java:481)
	at com.microstar.xml.XmlParser.doParse(XmlParser.java:159)
	at com.microstar.xml.XmlParser.parse(XmlParser.java:132)
	at ptolemy.actor.ptalon.PtalonActor.configure(PtalonActor.java:240)
	at ptolemy.moml.MoMLParser.endElement(MoMLParser.java:996)
	at com.microstar.xml.XmlParser.parseETag(XmlParser.java:1026)
	at com.microstar.xml.XmlParser.parseContent(XmlParser.java:1098)
	at com.microstar.xml.XmlParser.parseElement(XmlParser.java:924)
	at com.microstar.xml.XmlParser.parseContent(XmlParser.java:1104)
	at com.microstar.xml.XmlParser.parseElement(XmlParser.java:924)
	at com.microstar.xml.XmlParser.parseContent(XmlParser.java:1104)
	at com.microstar.xml.XmlParser.parseElement(XmlParser.java:924)
	at com.microstar.xml.XmlParser.parseDocument(XmlParser.java:481)
	at com.microstar.xml.XmlParser.doParse(XmlParser.java:159)
	at com.microstar.xml.XmlParser.parse(XmlParser.java:132)
	at ptolemy.moml.MoMLParser.parse(MoMLParser.java:1676)
	at ptolemy.moml.MoMLParser.parse(MoMLParser.java:1595)
	at ptolemy.moml.MoMLParser.parse(MoMLParser.java:1537)
	at ptolemy.actor.gui.PtolemyEffigy$Factory.createEffigy(PtolemyEffigy.java:424)
	at ptolemy.actor.gui.EffigyFactory.createEffigy(EffigyFactory.java:234)
	at ptolemy.actor.gui.Configuration.openModel(Configuration.java:1125)
	at ptolemy.actor.gui.Configuration.openModel(Configuration.java:1051)
	at ptolemy.actor.gui.ConfigurationApplication._openModel(ConfigurationApplication.java:1252)
	at ptolemy.actor.gui.ConfigurationApplication._parseArg(ConfigurationApplication.java:1399)
	at ptolemy.actor.gui.ConfigurationApplication._parseArgs(ConfigurationApplication.java:1478)
	at ptolemy.actor.gui.ConfigurationApplication.<init>(ConfigurationApplication.java:277)
	at ptolemy.actor.gui.ConfigurationApplication.<init>(ConfigurationApplication.java:214)
	at ptolemy.actor.gui.ConfigurationApplication.<init>(ConfigurationApplication.java:201)
	at ptolemy.actor.gui.ConfigurationApplication.openModelOrEntity(ConfigurationApplication.java:680)
	at ptolemy.vergil.basic.export.ExportModel$1.run(ExportModel.java:220)
	at java.awt.event.InvocationEvent.dispatch(InvocationEvent.java:301)
	at java.awt.EventQueue.dispatchEventImpl(EventQueue.java:756)
	at java.awt.EventQueue.access$500(EventQueue.java:97)
	at java.awt.EventQueue$3.run(EventQueue.java:709)
	at java.awt.EventQueue$3.run(EventQueue.java:703)
	at java.security.AccessController.doPrivileged(Native Method)
	at java.security.ProtectionDomain$JavaSecurityAccessImpl.doIntersectionPrivilege(ProtectionDomain.java:80)
	at java.awt.EventQueue.dispatchEvent(EventQueue.java:726)
	at java.awt.EventDispatchThread.pumpOneEventForFilters(EventDispatchThread.java:201)
	at java.awt.EventDispatchThread.pumpEventsForFilter(EventDispatchThread.java:116)
	at java.awt.EventDispatchThread.pumpEventsForHierarchy(EventDispatchThread.java:105)
	at java.awt.EventDispatchThread.pumpEvents(EventDispatchThread.java:101)
	at java.awt.EventDispatchThread.pumpEvents(EventDispatchThread.java:93)
	at java.awt.EventDispatchThread.run(EventDispatchThread.java:82)
Caused by: ptolemy.kernel.util.InternalErrorException: Element <entity name="sender1" class="ptolemy.actor.ptalon.demo.ptinyos.SendAndReceiveCnt.CntToLedsAndRfm"> caused an exception to be thrown.
  in .SendAndReceiveCnt.SendAndReceiveCnt
Because:
Cannot find class: ptolemy.actor.ptalon.demo.ptinyos.SendAndReceiveCnt.CntToLedsAndRfm. In Ptolemy, classes are typically Java .class files. Entities like actors may instead be defined within a .xml file.  In any case, the class was not found. If the class uses a third party package, then the class would be present only if the third party package was found at compile time.  It may be necessary to upgrade Java or install the third party package, reconfigure and recompile.
Because:
Element <entity name="MicaLeds" class="ptolemy.domains.ptinyos.lib.MicaLeds"> caused an exception to be thrown.
  in .CntToLedsAndRfm
Because:
Cannot find class: ptolemy.domains.ptinyos.lib.MicaLeds. In Ptolemy, classes are typically Java .class files. Entities like actors may instead be defined within a .xml file.  In any case, the class was not found. If the class uses a third party package, then the class would be present only if the third party package was found at compile time.  It may be necessary to upgrade Java or install the third party package, reconfigure and recompile.
Because:
-- /home/travis/build/icyphy/ptII/ptolemy/actor/ptalon/demo/ptinyos/SendAndReceiveCnt/ptolemy/domains/ptinyos/lib/MicaLeds.xml (No such file or directory)
-- XML file not found relative to classpath.
-- /home/travis/build/icyphy/ptII/ptolemy/vergil/basic/export/test/ptolemy/domains/ptinyos/lib/MicaLeds.xml
/home/travis/build/icyphy/ptII/ptolemy/vergil/basic/export/test/ptolemy/domains/ptinyos/lib/MicaLeds.xml (No such file or directory)
 in file:/home/travis/build/icyphy/ptII/ptolemy/actor/ptalon/demo/ptinyos/SendAndReceiveCnt/CntToLedsAndRfm.xml at line 132 and column 63
	at ptolemy.moml.SimpleErrorHandler.handleError(SimpleErrorHandler.java:75)
	at ptolemy.moml.MoMLParser.startElement(MoMLParser.java:3805)
	at com.microstar.xml.XmlParser.parseElement(XmlParser.java:931)
	at com.microstar.xml.XmlParser.parseDocument(XmlParser.java:481)
	at com.microstar.xml.XmlParser.doParse(XmlParser.java:159)
	at com.microstar.xml.XmlParser.parse(XmlParser.java:132)
	at ptolemy.moml.MoMLParser.parse(MoMLParser.java:1660)
	at ptolemy.moml.MoMLParser.parse(MoMLParser.java:1617)
	at ptolemy.moml.MoMLParser.parse(MoMLParser.java:1792)
	at ptolemy.actor.ptalon.PtalonEvaluator.addActor(PtalonEvaluator.java:241)
	... 56 more
Caused by: ptolemy.kernel.util.IllegalActionException: Cannot find class: ptolemy.actor.ptalon.demo.ptinyos.SendAndReceiveCnt.CntToLedsAndRfm. In Ptolemy, classes are typically Java .class files. Entities like actors may instead be defined within a .xml file.  In any case, the class was not found. If the class uses a third party package, then the class would be present only if the third party package was found at compile time.  It may be necessary to upgrade Java or install the third party package, reconfigure and recompile.
Because:
Element <entity name="MicaLeds" class="ptolemy.domains.ptinyos.lib.MicaLeds"> caused an exception to be thrown.
  in .CntToLedsAndRfm
Because:
Cannot find class: ptolemy.domains.ptinyos.lib.MicaLeds. In Ptolemy, classes are typically Java .class files. Entities like actors may instead be defined within a .xml file.  In any case, the class was not found. If the class uses a third party package, then the class would be present only if the third party package was found at compile time.  It may be necessary to upgrade Java or install the third party package, reconfigure and recompile.
Because:
-- /home/travis/build/icyphy/ptII/ptolemy/actor/ptalon/demo/ptinyos/SendAndReceiveCnt/ptolemy/domains/ptinyos/lib/MicaLeds.xml (No such file or directory)
-- XML file not found relative to classpath.
-- /home/travis/build/icyphy/ptII/ptolemy/vergil/basic/export/test/ptolemy/domains/ptinyos/lib/MicaLeds.xml
/home/travis/build/icyphy/ptII/ptolemy/vergil/basic/export/test/ptolemy/domains/ptinyos/lib/MicaLeds.xml (No such file or directory)
 in file:/home/travis/build/icyphy/ptII/ptolemy/actor/ptalon/demo/ptinyos/SendAndReceiveCnt/CntToLedsAndRfm.xml at line 132 and column 63
	at ptolemy.moml.MoMLParser._createEntity(MoMLParser.java:4330)
	at ptolemy.moml.MoMLParser.startElement(MoMLParser.java:2864)
	... 64 more
Caused by: ptolemy.kernel.util.InternalErrorException: Element <entity name="MicaLeds" class="ptolemy.domains.ptinyos.lib.MicaLeds"> caused an exception to be thrown.
  in .CntToLedsAndRfm
Because:
Cannot find class: ptolemy.domains.ptinyos.lib.MicaLeds. In Ptolemy, classes are typically Java .class files. Entities like actors may instead be defined within a .xml file.  In any case, the class was not found. If the class uses a third party package, then the class would be present only if the third party package was found at compile time.  It may be necessary to upgrade Java or install the third party package, reconfigure and recompile.
Because:
-- /home/travis/build/icyphy/ptII/ptolemy/actor/ptalon/demo/ptinyos/SendAndReceiveCnt/ptolemy/domains/ptinyos/lib/MicaLeds.xml (No such file or directory)
-- XML file not found relative to classpath.
-- /home/travis/build/icyphy/ptII/ptolemy/vergil/basic/export/test/ptolemy/domains/ptinyos/lib/MicaLeds.xml
/home/travis/build/icyphy/ptII/ptolemy/vergil/basic/export/test/ptolemy/domains/ptinyos/lib/MicaLeds.xml (No such file or directory)
 in file:/home/travis/build/icyphy/ptII/ptolemy/actor/ptalon/demo/ptinyos/SendAndReceiveCnt/CntToLedsAndRfm.xml at line 132 and column 63
	at ptolemy.moml.SimpleErrorHandler.handleError(SimpleErrorHandler.java:75)
	at ptolemy.moml.MoMLParser.startElement(MoMLParser.java:3805)
	at com.microstar.xml.XmlParser.parseElement(XmlParser.java:921)
	at com.microstar.xml.XmlParser.parseContent(XmlParser.java:1104)
	at com.microstar.xml.XmlParser.parseElement(XmlParser.java:924)
	at com.microstar.xml.XmlParser.parseDocument(XmlParser.java:481)
	at com.microstar.xml.XmlParser.doParse(XmlParser.java:159)
	at com.microstar.xml.XmlParser.parse(XmlParser.java:132)
	at ptolemy.moml.MoMLParser.parse(MoMLParser.java:1676)
	at ptolemy.moml.MoMLParser.parse(MoMLParser.java:1595)
	at ptolemy.moml.MoMLParser.parse(MoMLParser.java:1537)
	at ptolemy.moml.MoMLParser._findOrParse(MoMLParser.java:5286)
	at ptolemy.moml.MoMLParser._attemptToFindMoMLClass(MoMLParser.java:4075)
	at ptolemy.moml.MoMLParser._createEntity(MoMLParser.java:4323)
	... 65 more
Caused by: ptolemy.kernel.util.IllegalActionException: Cannot find class: ptolemy.domains.ptinyos.lib.MicaLeds. In Ptolemy, classes are typically Java .class files. Entities like actors may instead be defined within a .xml file.  In any case, the class was not found. If the class uses a third party package, then the class would be present only if the third party package was found at compile time.  It may be necessary to upgrade Java or install the third party package, reconfigure and recompile.
Because:
-- /home/travis/build/icyphy/ptII/ptolemy/actor/ptalon/demo/ptinyos/SendAndReceiveCnt/ptolemy/domains/ptinyos/lib/MicaLeds.xml (No such file or directory)
-- XML file not found relative to classpath.
-- /home/travis/build/icyphy/ptII/ptolemy/vergil/basic/export/test/ptolemy/domains/ptinyos/lib/MicaLeds.xml
/home/travis/build/icyphy/ptII/ptolemy/vergil/basic/export/test/ptolemy/domains/ptinyos/lib/MicaLeds.xml (No such file or directory)
 in file:/home/travis/build/icyphy/ptII/ptolemy/actor/ptalon/demo/ptinyos/SendAndReceiveCnt/CntToLedsAndRfm.xml at line 132 and column 63
	at ptolemy.moml.MoMLParser._createEntity(MoMLParser.java:4330)
	at ptolemy.moml.MoMLParser.startElement(MoMLParser.java:2864)
	... 77 more
Caused by: com.microstar.xml.XmlException: -- /home/travis/build/icyphy/ptII/ptolemy/actor/ptalon/demo/ptinyos/SendAndReceiveCnt/ptolemy/domains/ptinyos/lib/MicaLeds.xml (No such file or directory)
-- XML file not found relative to classpath.
-- /home/travis/build/icyphy/ptII/ptolemy/vergil/basic/export/test/ptolemy/domains/ptinyos/lib/MicaLeds.xml
/home/travis/build/icyphy/ptII/ptolemy/vergil/basic/export/test/ptolemy/domains/ptinyos/lib/MicaLeds.xml (No such file or directory)
 in file:/home/travis/build/icyphy/ptII/ptolemy/actor/ptalon/demo/ptinyos/SendAndReceiveCnt/CntToLedsAndRfm.xml at line 132 and column 63
	at ptolemy.moml.MoMLParser.fileNameToURL(MoMLParser.java:1414)
	at ptolemy.moml.MoMLParser._findOrParse(MoMLParser.java:5283)
	at ptolemy.moml.MoMLParser._attemptToFindMoMLClass(MoMLParser.java:4075)
	at ptolemy.moml.MoMLParser._createEntity(MoMLParser.java:4323)
	... 78 more
Failed to read file:/home/travis/build/icyphy/ptII/ptolemy/actor/ptalon/demo/ptinyos/SendAndReceiveCnt/SendAndReceiveCnt.xml
ptolemy.kernel.util.IllegalActionException: Failed to process attribute change to PtalonParameter, whose value is "ptolemy.actor.ptalon.PtalonExpressionParameter {.SendAndReceiveCnt.SendAndReceiveCnt.channelName} "AtomicWirelessChannel"".
  in .SendAndReceiveCnt.SendAndReceiveCnt
Because:
Unable to add actor null
	at ptolemy.actor.ptalon.PtalonActor.attributeChanged(PtalonActor.java:211)
	at ptolemy.actor.ptalon.PtalonMLHandler.startElement(PtalonMLHandler.java:134)
	at com.microstar.xml.XmlParser.parseElement(XmlParser.java:921)
	at com.microstar.xml.XmlParser.parseContent(XmlParser.java:1104)
	at com.microstar.xml.XmlParser.parseElement(XmlParser.java:924)
	at com.microstar.xml.XmlParser.parseDocument(XmlParser.java:481)
	at com.microstar.xml.XmlParser.doParse(XmlParser.java:159)
	at com.microstar.xml.XmlParser.parse(XmlParser.java:132)
	at ptolemy.actor.ptalon.PtalonActor.configure(PtalonActor.java:240)
	at ptolemy.moml.MoMLParser.endElement(MoMLParser.java:996)
	at com.microstar.xml.XmlParser.parseETag(XmlParser.java:1026)
	at com.microstar.xml.XmlParser.parseContent(XmlParser.java:1098)
	at com.microstar.xml.XmlParser.parseElement(XmlParser.java:924)
	at com.microstar.xml.XmlParser.parseContent(XmlParser.java:1104)
	at com.microstar.xml.XmlParser.parseElement(XmlParser.java:924)
	at com.microstar.xml.XmlParser.parseContent(XmlParser.java:1104)
	at com.microstar.xml.XmlParser.parseElement(XmlParser.java:924)
	at com.microstar.xml.XmlParser.parseDocument(XmlParser.java:481)
	at com.microstar.xml.XmlParser.doParse(XmlParser.java:159)
	at com.microstar.xml.XmlParser.parse(XmlParser.java:132)
	at ptolemy.moml.MoMLParser.parse(MoMLParser.java:1676)
	at ptolemy.moml.MoMLParser.parse(MoMLParser.java:1595)
	at ptolemy.moml.MoMLParser.parse(MoMLParser.java:1537)
	at ptolemy.actor.gui.PtolemyEffigy$Factory.createEffigy(PtolemyEffigy.java:424)
	at ptolemy.actor.gui.EffigyFactory.createEffigy(EffigyFactory.java:234)
	at ptolemy.actor.gui.Configuration.openModel(Configuration.java:1125)
	at ptolemy.actor.gui.Configuration.openModel(Configuration.java:1051)
	at ptolemy.actor.gui.ConfigurationApplication._openModel(ConfigurationApplication.java:1252)
	at ptolemy.actor.gui.ConfigurationApplication._parseArg(ConfigurationApplication.java:1399)
	at ptolemy.actor.gui.ConfigurationApplication._parseArgs(ConfigurationApplication.java:1478)
	at ptolemy.actor.gui.ConfigurationApplication.<init>(ConfigurationApplication.java:277)
	at ptolemy.actor.gui.ConfigurationApplication.<init>(ConfigurationApplication.java:214)
	at ptolemy.actor.gui.ConfigurationApplication.<init>(ConfigurationApplication.java:201)
	at ptolemy.actor.gui.ConfigurationApplication.openModelOrEntity(ConfigurationApplication.java:680)
	at ptolemy.vergil.basic.export.ExportModel$1.run(ExportModel.java:220)
	at java.awt.event.InvocationEvent.dispatch(InvocationEvent.java:301)
	at java.awt.EventQueue.dispatchEventImpl(EventQueue.java:756)
	at java.awt.EventQueue.access$500(EventQueue.java:97)
	at java.awt.EventQueue$3.run(EventQueue.java:709)
	at java.awt.EventQueue$3.run(EventQueue.java:703)
	at java.security.AccessController.doPrivileged(Native Method)
	at java.security.ProtectionDomain$JavaSecurityAccessImpl.doIntersectionPrivilege(ProtectionDomain.java:80)
	at java.awt.EventQueue.dispatchEvent(EventQueue.java:726)
	at java.awt.EventDispatchThread.pumpOneEventForFilters(EventDispatchThread.java:201)
	at java.awt.EventDispatchThread.pumpEventsForFilter(EventDispatchThread.java:116)
	at java.awt.EventDispatchThread.pumpEventsForHierarchy(EventDispatchThread.java:105)
	at java.awt.EventDispatchThread.pumpEvents(EventDispatchThread.java:101)
	at java.awt.EventDispatchThread.pumpEvents(EventDispatchThread.java:93)
	at java.awt.EventDispatchThread.run(EventDispatchThread.java:82)
Caused by: ptolemy.actor.ptalon.PtalonRuntimeException: Unable to add actor null
	at ptolemy.actor.ptalon.PtalonEvaluator.addActor(PtalonEvaluator.java:300)
	at ptolemy.actor.ptalon.PtalonPopulator.actor_declaration(PtalonPopulator.java:1574)
	at ptolemy.actor.ptalon.PtalonPopulator.atomic_statement(PtalonPopulator.java:1638)
	at ptolemy.actor.ptalon.PtalonPopulator.iterative_statement_evaluator(PtalonPopulator.java:2484)
	at ptolemy.actor.ptalon.AbstractPtalonEvaluator$IfTree.evaluateForScope(AbstractPtalonEvaluator.java:1307)
	at ptolemy.actor.ptalon.AbstractPtalonEvaluator.evaluateForScope(AbstractPtalonEvaluator.java:744)
	at ptolemy.actor.ptalon.PtalonPopulator.iterative_statement(PtalonPopulator.java:2363)
	at ptolemy.actor.ptalon.PtalonPopulator.actor_definition(PtalonPopulator.java:2809)
	at ptolemy.actor.ptalon.PtalonActor.attributeChanged(PtalonActor.java:206)
	... 48 more
Caused by: ptolemy.kernel.util.InternalErrorException: Element <entity name="sender1" class="ptolemy.actor.ptalon.demo.ptinyos.SendAndReceiveCnt.CntToLedsAndRfm"> caused an exception to be thrown.
  in .SendAndReceiveCnt.SendAndReceiveCnt
Because:
Cannot find class: ptolemy.actor.ptalon.demo.ptinyos.SendAndReceiveCnt.CntToLedsAndRfm. In Ptolemy, classes are typically Java .class files. Entities like actors may instead be defined within a .xml file.  In any case, the class was not found. If the class uses a third party package, then the class would be present only if the third party package was found at compile time.  It may be necessary to upgrade Java or install the third party package, reconfigure and recompile.
Because:
Element <entity name="MicaLeds" class="ptolemy.domains.ptinyos.lib.MicaLeds"> caused an exception to be thrown.
  in .CntToLedsAndRfm
Because:
Cannot find class: ptolemy.domains.ptinyos.lib.MicaLeds. In Ptolemy, classes are typically Java .class files. Entities like actors may instead be defined within a .xml file.  In any case, the class was not found. If the class uses a third party package, then the class would be present only if the third party package was found at compile time.  It may be necessary to upgrade Java or install the third party package, reconfigure and recompile.
Because:
-- /home/travis/build/icyphy/ptII/ptolemy/actor/ptalon/demo/ptinyos/SendAndReceiveCnt/ptolemy/domains/ptinyos/lib/MicaLeds.xml (No such file or directory)
-- XML file not found relative to classpath.
-- /home/travis/build/icyphy/ptII/ptolemy/vergil/basic/export/test/ptolemy/domains/ptinyos/lib/MicaLeds.xml
/home/travis/build/icyphy/ptII/ptolemy/vergil/basic/export/test/ptolemy/domains/ptinyos/lib/MicaLeds.xml (No such file or directory)
 in file:/home/travis/build/icyphy/ptII/ptolemy/actor/ptalon/demo/ptinyos/SendAndReceiveCnt/CntToLedsAndRfm.xml at line 132 and column 63
	at ptolemy.moml.SimpleErrorHandler.handleError(SimpleErrorHandler.java:75)
	at ptolemy.moml.MoMLParser.startElement(MoMLParser.java:3805)
	at com.microstar.xml.XmlParser.parseElement(XmlParser.java:931)
	at com.microstar.xml.XmlParser.parseDocument(XmlParser.java:481)
	at com.microstar.xml.XmlParser.doParse(XmlParser.java:159)
	at com.microstar.xml.XmlParser.parse(XmlParser.java:132)
	at ptolemy.moml.MoMLParser.parse(MoMLParser.java:1660)
	at ptolemy.moml.MoMLParser.parse(MoMLParser.java:1617)
	at ptolemy.moml.MoMLParser.parse(MoMLParser.java:1792)
	at ptolemy.actor.ptalon.PtalonEvaluator.addActor(PtalonEvaluator.java:241)
	... 56 more
Caused by: ptolemy.kernel.util.IllegalActionException: Cannot find class: ptolemy.actor.ptalon.demo.ptinyos.SendAndReceiveCnt.CntToLedsAndRfm. In Ptolemy, classes are typically Java .class files. Entities like actors may instead be defined within a .xml file.  In any case, the class was not found. If the class uses a third party package, then the class would be present only if the third party package was found at compile time.  It may be necessary to upgrade Java or install the third party package, reconfigure and recompile.
Because:
Element <entity name="MicaLeds" class="ptolemy.domains.ptinyos.lib.MicaLeds"> caused an exception to be thrown.
  in .CntToLedsAndRfm
Because:
Cannot find class: ptolemy.domains.ptinyos.lib.MicaLeds. In Ptolemy, classes are typically Java .class files. Entities like actors may instead be defined within a .xml file.  In any case, the class was not found. If the class uses a third party package, then the class would be present only if the third party package was found at compile time.  It may be necessary to upgrade Java or install the third party package, reconfigure and recompile.
Because:
-- /home/travis/build/icyphy/ptII/ptolemy/actor/ptalon/demo/ptinyos/SendAndReceiveCnt/ptolemy/domains/ptinyos/lib/MicaLeds.xml (No such file or directory)
-- XML file not found relative to classpath.
-- /home/travis/build/icyphy/ptII/ptolemy/vergil/basic/export/test/ptolemy/domains/ptinyos/lib/MicaLeds.xml
/home/travis/build/icyphy/ptII/ptolemy/vergil/basic/export/test/ptolemy/domains/ptinyos/lib/MicaLeds.xml (No such file or directory)
 in file:/home/travis/build/icyphy/ptII/ptolemy/actor/ptalon/demo/ptinyos/SendAndReceiveCnt/CntToLedsAndRfm.xml at line 132 and column 63
	at ptolemy.moml.MoMLParser._createEntity(MoMLParser.java:4330)
	at ptolemy.moml.MoMLParser.startElement(MoMLParser.java:2864)
	... 64 more
Caused by: ptolemy.kernel.util.InternalErrorException: Element <entity name="MicaLeds" class="ptolemy.domains.ptinyos.lib.MicaLeds"> caused an exception to be thrown.
  in .CntToLedsAndRfm
Because:
Cannot find class: ptolemy.domains.ptinyos.lib.MicaLeds. In Ptolemy, classes are typically Java .class files. Entities like actors may instead be defined within a .xml file.  In any case, the class was not found. If the class uses a third party package, then the class would be present only if the third party package was found at compile time.  It may be necessary to upgrade Java or install the third party package, reconfigure and recompile.
Because:
-- /home/travis/build/icyphy/ptII/ptolemy/actor/ptalon/demo/ptinyos/SendAndReceiveCnt/ptolemy/domains/ptinyos/lib/MicaLeds.xml (No such file or directory)
-- XML file not found relative to classpath.
-- /home/travis/build/icyphy/ptII/ptolemy/vergil/basic/export/test/ptolemy/domains/ptinyos/lib/MicaLeds.xml
/home/travis/build/icyphy/ptII/ptolemy/vergil/basic/export/test/ptolemy/domains/ptinyos/lib/MicaLeds.xml (No such file or directory)
 in file:/home/travis/build/icyphy/ptII/ptolemy/actor/ptalon/demo/ptinyos/SendAndReceiveCnt/CntToLedsAndRfm.xml at line 132 and column 63
	at ptolemy.moml.SimpleErrorHandler.handleError(SimpleErrorHandler.java:75)
	at ptolemy.moml.MoMLParser.startElement(MoMLParser.java:3805)
	at com.microstar.xml.XmlParser.parseElement(XmlParser.java:921)
	at com.microstar.xml.XmlParser.parseContent(XmlParser.java:1104)
	at com.microstar.xml.XmlParser.parseElement(XmlParser.java:924)
	at com.microstar.xml.XmlParser.parseDocument(XmlParser.java:481)
	at com.microstar.xml.XmlParser.doParse(XmlParser.java:159)
	at com.microstar.xml.XmlParser.parse(XmlParser.java:132)
	at ptolemy.moml.MoMLParser.parse(MoMLParser.java:1676)
	at ptolemy.moml.MoMLParser.parse(MoMLParser.java:1595)
	at ptolemy.moml.MoMLParser.parse(MoMLParser.java:1537)
	at ptolemy.moml.MoMLParser._findOrParse(MoMLParser.java:5286)
	at ptolemy.moml.MoMLParser._attemptToFindMoMLClass(MoMLParser.java:4075)
	at ptolemy.moml.MoMLParser._createEntity(MoMLParser.java:4323)
	... 65 more
Caused by: ptolemy.kernel.util.IllegalActionException: Cannot find class: ptolemy.domains.ptinyos.lib.MicaLeds. In Ptolemy, classes are typically Java .class files. Entities like actors may instead be defined within a .xml file.  In any case, the class was not found. If the class uses a third party package, then the class would be present only if the third party package was found at compile time.  It may be necessary to upgrade Java or install the third party package, reconfigure and recompile.
Because:
-- /home/travis/build/icyphy/ptII/ptolemy/actor/ptalon/demo/ptinyos/SendAndReceiveCnt/ptolemy/domains/ptinyos/lib/MicaLeds.xml (No such file or directory)
-- XML file not found relative to classpath.
-- /home/travis/build/icyphy/ptII/ptolemy/vergil/basic/export/test/ptolemy/domains/ptinyos/lib/MicaLeds.xml
/home/travis/build/icyphy/ptII/ptolemy/vergil/basic/export/test/ptolemy/domains/ptinyos/lib/MicaLeds.xml (No such file or directory)
 in file:/home/travis/build/icyphy/ptII/ptolemy/actor/ptalon/demo/ptinyos/SendAndReceiveCnt/CntToLedsAndRfm.xml at line 132 and column 63
	at ptolemy.moml.MoMLParser._createEntity(MoMLParser.java:4330)
	at ptolemy.moml.MoMLParser.startElement(MoMLParser.java:2864)
	... 77 more
Caused by: com.microstar.xml.XmlException: -- /home/travis/build/icyphy/ptII/ptolemy/actor/ptalon/demo/ptinyos/SendAndReceiveCnt/ptolemy/domains/ptinyos/lib/MicaLeds.xml (No such file or directory)
-- XML file not found relative to classpath.
-- /home/travis/build/icyphy/ptII/ptolemy/vergil/basic/export/test/ptolemy/domains/ptinyos/lib/MicaLeds.xml
/home/travis/build/icyphy/ptII/ptolemy/vergil/basic/export/test/ptolemy/domains/ptinyos/lib/MicaLeds.xml (No such file or directory)
 in file:/home/travis/build/icyphy/ptII/ptolemy/actor/ptalon/demo/ptinyos/SendAndReceiveCnt/CntToLedsAndRfm.xml at line 132 and column 63
	at ptolemy.moml.MoMLParser.fileNameToURL(MoMLParser.java:1414)
	at ptolemy.moml.MoMLParser._findOrParse(MoMLParser.java:5283)
	at ptolemy.moml.MoMLParser._attemptToFindMoMLClass(MoMLParser.java:4075)
	at ptolemy.moml.MoMLParser._createEntity(MoMLParser.java:4323)
	... 78 more
Caused by: ptolemy.actor.ptalon.PtalonRuntimeException: Unable to add actor null
	at ptolemy.actor.ptalon.PtalonEvaluator.addActor(PtalonEvaluator.java:300)
	at ptolemy.actor.ptalon.PtalonPopulator.actor_declaration(PtalonPopulator.java:1574)
	at ptolemy.actor.ptalon.PtalonPopulator.atomic_statement(PtalonPopulator.java:1638)
	at ptolemy.actor.ptalon.PtalonPopulator.iterative_statement_evaluator(PtalonPopulator.java:2484)
	at ptolemy.actor.ptalon.AbstractPtalonEvaluator$IfTree.evaluateForScope(AbstractPtalonEvaluator.java:1307)
	at ptolemy.actor.ptalon.AbstractPtalonEvaluator.evaluateForScope(AbstractPtalonEvaluator.java:744)
	at ptolemy.actor.ptalon.PtalonPopulator.iterative_statement(PtalonPopulator.java:2363)
	at ptolemy.actor.ptalon.PtalonPopulator.actor_definition(PtalonPopulator.java:2809)
	at ptolemy.actor.ptalon.PtalonActor.attributeChanged(PtalonActor.java:206)
	at ptolemy.actor.ptalon.PtalonMLHandler.startElement(PtalonMLHandler.java:134)
	at com.microstar.xml.XmlParser.parseElement(XmlParser.java:921)
	at com.microstar.xml.XmlParser.parseContent(XmlParser.java:1104)
	at com.microstar.xml.XmlParser.parseElement(XmlParser.java:924)
	at com.microstar.xml.XmlParser.parseDocument(XmlParser.java:481)
	at com.microstar.xml.XmlParser.doParse(XmlParser.java:159)
	at com.microstar.xml.XmlParser.parse(XmlParser.java:132)
	at ptolemy.actor.ptalon.PtalonActor.configure(PtalonActor.java:240)
	at ptolemy.moml.MoMLParser.endElement(MoMLParser.java:996)
	at com.microstar.xml.XmlParser.parseETag(XmlParser.java:1026)
	at com.microstar.xml.XmlParser.parseContent(XmlParser.java:1098)
	at com.microstar.xml.XmlParser.parseElement(XmlParser.java:924)
	at com.microstar.xml.XmlParser.parseContent(XmlParser.java:1104)
	at com.microstar.xml.XmlParser.parseElement(XmlParser.java:924)
	at com.microstar.xml.XmlParser.parseContent(XmlParser.java:1104)
	at com.microstar.xml.XmlParser.parseElement(XmlParser.java:924)
	at com.microstar.xml.XmlParser.parseDocument(XmlParser.java:481)
	at com.microstar.xml.XmlParser.doParse(XmlParser.java:159)
	at com.microstar.xml.XmlParser.parse(XmlParser.java:132)
	at ptolemy.moml.MoMLParser.parse(MoMLParser.java:1676)
	at ptolemy.moml.MoMLParser.parse(MoMLParser.java:1595)
	at ptolemy.moml.MoMLParser.parse(MoMLParser.java:1537)
	at ptolemy.actor.gui.PtolemyEffigy$Factory.createEffigy(PtolemyEffigy.java:424)
	at ptolemy.actor.gui.EffigyFactory.createEffigy(EffigyFactory.java:234)
	at ptolemy.actor.gui.Configuration.openModel(Configuration.java:1125)
	at ptolemy.actor.gui.Configuration.openModel(Configuration.java:1051)
	at ptolemy.actor.gui.ConfigurationApplication._openModel(ConfigurationApplication.java:1252)
	at ptolemy.actor.gui.ConfigurationApplication._parseArg(ConfigurationApplication.java:1399)
	at ptolemy.actor.gui.ConfigurationApplication._parseArgs(ConfigurationApplication.java:1478)
	at ptolemy.actor.gui.ConfigurationApplication.<init>(ConfigurationApplication.java:277)
	at ptolemy.actor.gui.ConfigurationApplication.<init>(ConfigurationApplication.java:214)
	at ptolemy.actor.gui.ConfigurationApplication.<init>(ConfigurationApplication.java:201)
	at ptolemy.actor.gui.ConfigurationApplication.openModelOrEntity(ConfigurationApplication.java:680)
	at ptolemy.vergil.basic.export.ExportModel$1.run(ExportModel.java:220)
	at java.awt.event.InvocationEvent.dispatch(InvocationEvent.java:301)
	at java.awt.EventQueue.dispatchEventImpl(EventQueue.java:756)
	at java.awt.EventQueue.access$500(EventQueue.java:97)
	at java.awt.EventQueue$3.run(EventQueue.java:709)
	at java.awt.EventQueue$3.run(EventQueue.java:703)
	at java.security.AccessController.doPrivileged(Native Method)
	at java.security.ProtectionDomain$JavaSecurityAccessImpl.doIntersectionPrivilege(ProtectionDomain.java:80)
	at java.awt.EventQueue.dispatchEvent(EventQueue.java:726)
	at java.awt.EventDispatchThread.pumpOneEventForFilters(EventDispatchThread.java:201)
	at java.awt.EventDispatchThread.pumpEventsForFilter(EventDispatchThread.java:116)
	at java.awt.EventDispatchThread.pumpEventsForHierarchy(EventDispatchThread.java:105)
	at java.awt.EventDispatchThread.pumpEvents(EventDispatchThread.java:101)
	at java.awt.EventDispatchThread.pumpEvents(EventDispatchThread.java:93)
	at java.awt.EventDispatchThread.run(EventDispatchThread.java:82)
Caused by: ptolemy.kernel.util.InternalErrorException: Element <entity name="sender1" class="ptolemy.actor.ptalon.demo.ptinyos.SendAndReceiveCnt.CntToLedsAndRfm"> caused an exception to be thrown.
  in .SendAndReceiveCnt.SendAndReceiveCnt
Because:
Cannot find class: ptolemy.actor.ptalon.demo.ptinyos.SendAndReceiveCnt.CntToLedsAndRfm. In Ptolemy, classes are typically Java .class files. Entities like actors may instead be defined within a .xml file.  In any case, the class was not found. If the class uses a third party package, then the class would be present only if the third party package was found at compile time.  It may be necessary to upgrade Java or install the third party package, reconfigure and recompile.
Because:
Element <entity name="MicaLeds" class="ptolemy.domains.ptinyos.lib.MicaLeds"> caused an exception to be thrown.
  in .CntToLedsAndRfm
Because:
Cannot find class: ptolemy.domains.ptinyos.lib.MicaLeds. In Ptolemy, classes are typically Java .class files. Entities like actors may instead be defined within a .xml file.  In any case, the class was not found. If the class uses a third party package, then the class would be present only if the third party package was found at compile time.  It may be necessary to upgrade Java or install the third party package, reconfigure and recompile.
Because:
-- /home/travis/build/icyphy/ptII/ptolemy/actor/ptalon/demo/ptinyos/SendAndReceiveCnt/ptolemy/domains/ptinyos/lib/MicaLeds.xml (No such file or directory)
-- XML file not found relative to classpath.
-- /home/travis/build/icyphy/ptII/ptolemy/vergil/basic/export/test/ptolemy/domains/ptinyos/lib/MicaLeds.xml
/home/travis/build/icyphy/ptII/ptolemy/vergil/basic/export/test/ptolemy/domains/ptinyos/lib/MicaLeds.xml (No such file or directory)
 in file:/home/travis/build/icyphy/ptII/ptolemy/actor/ptalon/demo/ptinyos/SendAndReceiveCnt/CntToLedsAndRfm.xml at line 132 and column 63
	at ptolemy.moml.SimpleErrorHandler.handleError(SimpleErrorHandler.java:75)
	at ptolemy.moml.MoMLParser.startElement(MoMLParser.java:3805)
	at com.microstar.xml.XmlParser.parseElement(XmlParser.java:931)
	at com.microstar.xml.XmlParser.parseDocument(XmlParser.java:481)
	at com.microstar.xml.XmlParser.doParse(XmlParser.java:159)
	at com.microstar.xml.XmlParser.parse(XmlParser.java:132)
	at ptolemy.moml.MoMLParser.parse(MoMLParser.java:1660)
	at ptolemy.moml.MoMLParser.parse(MoMLParser.java:1617)
	at ptolemy.moml.MoMLParser.parse(MoMLParser.java:1792)
	at ptolemy.actor.ptalon.PtalonEvaluator.addActor(PtalonEvaluator.java:241)
	... 56 more
Caused by: ptolemy.kernel.util.IllegalActionException: Cannot find class: ptolemy.actor.ptalon.demo.ptinyos.SendAndReceiveCnt.CntToLedsAndRfm. In Ptolemy, classes are typically Java .class files. Entities like actors may instead be defined within a .xml file.  In any case, the class was not found. If the class uses a third party package, then the class would be present only if the third party package was found at compile time.  It may be necessary to upgrade Java or install the third party package, reconfigure and recompile.
Because:
Element <entity name="MicaLeds" class="ptolemy.domains.ptinyos.lib.MicaLeds"> caused an exception to be thrown.
  in .CntToLedsAndRfm
Because:
Cannot find class: ptolemy.domains.ptinyos.lib.MicaLeds. In Ptolemy, classes are typically Java .class files. Entities like actors may instead be defined within a .xml file.  In any case, the class was not found. If the class uses a third party package, then the class would be present only if the third party package was found at compile time.  It may be necessary to upgrade Java or install the third party package, reconfigure and recompile.
Because:
-- /home/travis/build/icyphy/ptII/ptolemy/actor/ptalon/demo/ptinyos/SendAndReceiveCnt/ptolemy/domains/ptinyos/lib/MicaLeds.xml (No such file or directory)
-- XML file not found relative to classpath.
-- /home/travis/build/icyphy/ptII/ptolemy/vergil/basic/export/test/ptolemy/domains/ptinyos/lib/MicaLeds.xml
/home/travis/build/icyphy/ptII/ptolemy/vergil/basic/export/test/ptolemy/domains/ptinyos/lib/MicaLeds.xml (No such file or directory)
 in file:/home/travis/build/icyphy/ptII/ptolemy/actor/ptalon/demo/ptinyos/SendAndReceiveCnt/CntToLedsAndRfm.xml at line 132 and column 63
	at ptolemy.moml.MoMLParser._createEntity(MoMLParser.java:4330)
	at ptolemy.moml.MoMLParser.startElement(MoMLParser.java:2864)
	... 64 more
Caused by: ptolemy.kernel.util.InternalErrorException: Element <entity name="MicaLeds" class="ptolemy.domains.ptinyos.lib.MicaLeds"> caused an exception to be thrown.
  in .CntToLedsAndRfm
Because:
Cannot find class: ptolemy.domains.ptinyos.lib.MicaLeds. In Ptolemy, classes are typically Java .class files. Entities like actors may instead be defined within a .xml file.  In any case, the class was not found. If the class uses a third party package, then the class would be present only if the third party package was found at compile time.  It may be necessary to upgrade Java or install the third party package, reconfigure and recompile.
Because:
-- /home/travis/build/icyphy/ptII/ptolemy/actor/ptalon/demo/ptinyos/SendAndReceiveCnt/ptolemy/domains/ptinyos/lib/MicaLeds.xml (No such file or directory)
-- XML file not found relative to classpath.
-- /home/travis/build/icyphy/ptII/ptolemy/vergil/basic/export/test/ptolemy/domains/ptinyos/lib/MicaLeds.xml
/home/travis/build/icyphy/ptII/ptolemy/vergil/basic/export/test/ptolemy/domains/ptinyos/lib/MicaLeds.xml (No such file or directory)
 in file:/home/travis/build/icyphy/ptII/ptolemy/actor/ptalon/demo/ptinyos/SendAndReceiveCnt/CntToLedsAndRfm.xml at line 132 and column 63
	at ptolemy.moml.SimpleErrorHandler.handleError(SimpleErrorHandler.java:75)
	at ptolemy.moml.MoMLParser.startElement(MoMLParser.java:3805)
	at com.microstar.xml.XmlParser.parseElement(XmlParser.java:921)
	at com.microstar.xml.XmlParser.parseContent(XmlParser.java:1104)
	at com.microstar.xml.XmlParser.parseElement(XmlParser.java:924)
	at com.microstar.xml.XmlParser.parseDocument(XmlParser.java:481)
	at com.microstar.xml.XmlParser.doParse(XmlParser.java:159)
	at com.microstar.xml.XmlParser.parse(XmlParser.java:132)
	at ptolemy.moml.MoMLParser.parse(MoMLParser.java:1676)
	at ptolemy.moml.MoMLParser.parse(MoMLParser.java:1595)
	at ptolemy.moml.MoMLParser.parse(MoMLParser.java:1537)
	at ptolemy.moml.MoMLParser._findOrParse(MoMLParser.java:5286)
	at ptolemy.moml.MoMLParser._attemptToFindMoMLClass(MoMLParser.java:4075)
	at ptolemy.moml.MoMLParser._createEntity(MoMLParser.java:4323)
	... 65 more
Caused by: ptolemy.kernel.util.IllegalActionException: Cannot find class: ptolemy.domains.ptinyos.lib.MicaLeds. In Ptolemy, classes are typically Java .class files. Entities like actors may instead be defined within a .xml file.  In any case, the class was not found. If the class uses a third party package, then the class would be present only if the third party package was found at compile time.  It may be necessary to upgrade Java or install the third party package, reconfigure and recompile.
Because:
-- /home/travis/build/icyphy/ptII/ptolemy/actor/ptalon/demo/ptinyos/SendAndReceiveCnt/ptolemy/domains/ptinyos/lib/MicaLeds.xml (No such file or directory)
-- XML file not found relative to classpath.
-- /home/travis/build/icyphy/ptII/ptolemy/vergil/basic/export/test/ptolemy/domains/ptinyos/lib/MicaLeds.xml
/home/travis/build/icyphy/ptII/ptolemy/vergil/basic/export/test/ptolemy/domains/ptinyos/lib/MicaLeds.xml (No such file or directory)
 in file:/home/travis/build/icyphy/ptII/ptolemy/actor/ptalon/demo/ptinyos/SendAndReceiveCnt/CntToLedsAndRfm.xml at line 132 and column 63
	at ptolemy.moml.MoMLParser._createEntity(MoMLParser.java:4330)
	at ptolemy.moml.MoMLParser.startElement(MoMLParser.java:2864)
	... 77 more
Caused by: com.microstar.xml.XmlException: -- /home/travis/build/icyphy/ptII/ptolemy/actor/ptalon/demo/ptinyos/SendAndReceiveCnt/ptolemy/domains/ptinyos/lib/MicaLeds.xml (No such file or directory)
-- XML file not found relative to classpath.
-- /home/travis/build/icyphy/ptII/ptolemy/vergil/basic/export/test/ptolemy/domains/ptinyos/lib/MicaLeds.xml
/home/travis/build/icyphy/ptII/ptolemy/vergil/basic/export/test/ptolemy/domains/ptinyos/lib/MicaLeds.xml (No such file or directory)
 in file:/home/travis/build/icyphy/ptII/ptolemy/actor/ptalon/demo/ptinyos/SendAndReceiveCnt/CntToLedsAndRfm.xml at line 132 and column 63
	at ptolemy.moml.MoMLParser.fileNameToURL(MoMLParser.java:1414)
	at ptolemy.moml.MoMLParser._findOrParse(MoMLParser.java:5283)
	at ptolemy.moml.MoMLParser._attemptToFindMoMLClass(MoMLParser.java:4075)
	at ptolemy.moml.MoMLParser._createEntity(MoMLParser.java:4323)
	... 78 more
ptolemy.kernel.util.InternalErrorException: Failed to get the model directory? This can happen in a headless environment when the model attempts to interact with the graphical display.  It can also happen when the model fails to parse because of a missing class.
	at ptolemy.actor.gui.ConfigurationApplication.models(ConfigurationApplication.java:548)
	at ptolemy.actor.gui.ConfigurationApplication.openModelOrEntity(ConfigurationApplication.java:698)
	at ptolemy.vergil.basic.export.ExportModel$1.run(ExportModel.java:220)
	at java.awt.event.InvocationEvent.dispatch(InvocationEvent.java:301)
	at java.awt.EventQueue.dispatchEventImpl(EventQueue.java:756)
	at java.awt.EventQueue.access$500(EventQueue.java:97)
	at java.awt.EventQueue$3.run(EventQueue.java:709)
	at java.awt.EventQueue$3.run(EventQueue.java:703)
	at java.security.AccessController.doPrivileged(Native Method)
	at java.security.ProtectionDomain$JavaSecurityAccessImpl.doIntersectionPrivilege(ProtectionDomain.java:80)
	at java.awt.EventQueue.dispatchEvent(EventQueue.java:726)
	at java.awt.EventDispatchThread.pumpOneEventForFilters(EventDispatchThread.java:201)
	at java.awt.EventDispatchThread.pumpEventsForFilter(EventDispatchThread.java:116)
	at java.awt.EventDispatchThread.pumpEventsForHierarchy(EventDispatchThread.java:105)
	at java.awt.EventDispatchThread.pumpEvents(EventDispatchThread.java:101)
	at java.awt.EventDispatchThread.pumpEvents(EventDispatchThread.java:93)
	at java.awt.EventDispatchThread.run(EventDispatchThread.java:82)
ptolemy.kernel.util.InternalErrorException: Failed to get the model directory? This can happen in a headless environment when the model attempts to interact with the graphical display.  It can also happen when the model fails to parse because of a missing class.
	at ptolemy.actor.gui.ConfigurationApplication.models(ConfigurationApplication.java:548)
	at ptolemy.actor.gui.ConfigurationApplication.openModelOrEntity(ConfigurationApplication.java:698)
	at ptolemy.vergil.basic.export.ExportModel$1.run(ExportModel.java:220)
	at java.awt.event.InvocationEvent.dispatch(InvocationEvent.java:301)
	at java.awt.EventQueue.dispatchEventImpl(EventQueue.java:756)
	at java.awt.EventQueue.access$500(EventQueue.java:97)
	at java.awt.EventQueue$3.run(EventQueue.java:709)
	at java.awt.EventQueue$3.run(EventQueue.java:703)
	at java.security.AccessController.doPrivileged(Native Method)
	at java.security.ProtectionDomain$JavaSecurityAccessImpl.doIntersectionPrivilege(ProtectionDomain.java:80)
	at java.awt.EventQueue.dispatchEvent(EventQueue.java:726)
	at java.awt.EventDispatchThread.pumpOneEventForFilters(EventDispatchThread.java:201)
	at java.awt.EventDispatchThread.pumpEventsForFilter(EventDispatchThread.java:116)
	at java.awt.EventDispatchThread.pumpEventsForHierarchy(EventDispatchThread.java:105)
	at java.awt.EventDispatchThread.pumpEvents(EventDispatchThread.java:101)
	at java.awt.EventDispatchThread.pumpEvents(EventDispatchThread.java:93)
	at java.awt.EventDispatchThread.run(EventDispatchThread.java:82)
java.lang.reflect.InvocationTargetException
	at java.awt.EventQueue.invokeAndWait(EventQueue.java:1321)
	at java.awt.EventQueue.invokeAndWait(EventQueue.java:1296)
	at javax.swing.SwingUtilities.invokeAndWait(SwingUtilities.java:1348)
	at ptolemy.vergil.basic.export.ExportModel.exportModel(ExportModel.java:227)
	at ptolemy.vergil.basic.export.test.junit.ExportModelJUnitTest.RunExportModel(ExportModelJUnitTest.java:153)
	at ptolemy.vergil.basic.export.test.junit.ExportModelJUnitTestBatch.RunExportModel(ExportModelJUnitTestBatch.java:97)
	at sun.reflect.GeneratedMethodAccessor18.invoke(Unknown Source)
	at sun.reflect.DelegatingMethodAccessorImpl.invoke(DelegatingMethodAccessorImpl.java:43)
	at java.lang.reflect.Method.invoke(Method.java:498)
	at org.junit.runners.model.FrameworkMethod$1.runReflectiveCall(FrameworkMethod.java:44)
	at org.junit.internal.runners.model.ReflectiveCallable.run(ReflectiveCallable.java:15)
	at org.junit.runners.model.FrameworkMethod.invokeExplosively(FrameworkMethod.java:41)
	at junitparams.internal.InvokeParameterisedMethod.evaluate(InvokeParameterisedMethod.java:102)
	at junitparams.internal.ParameterisedTestMethodRunner.runMethodInvoker(ParameterisedTestMethodRunner.java:47)
	at junitparams.internal.ParameterisedTestMethodRunner.runTestMethod(ParameterisedTestMethodRunner.java:41)
	at junitparams.internal.ParameterisedTestClassRunner.runParameterisedTest(ParameterisedTestClassRunner.java:143)
	at junitparams.JUnitParamsRunner.runChild(JUnitParamsRunner.java:237)
	at junitparams.JUnitParamsRunner.runChild(JUnitParamsRunner.java:215)
	at org.junit.runners.ParentRunner$3.run(ParentRunner.java:193)
	at org.junit.runners.ParentRunner$1.schedule(ParentRunner.java:52)
	at org.junit.runners.ParentRunner.runChildren(ParentRunner.java:191)
	at org.junit.runners.ParentRunner.access$000(ParentRunner.java:42)
	at org.junit.runners.ParentRunner$2.evaluate(ParentRunner.java:184)
	at org.junit.runners.ParentRunner.run(ParentRunner.java:236)
	at junit.framework.JUnit4TestAdapter.run(JUnit4TestAdapter.java:39)
	at org.apache.tools.ant.taskdefs.optional.junit.JUnitTestRunner.run(JUnitTestRunner.java:535)
	at org.apache.tools.ant.taskdefs.optional.junit.JUnitTestRunner.launch(JUnitTestRunner.java:1182)
	at org.apache.tools.ant.taskdefs.optional.junit.JUnitTestRunner.main(JUnitTestRunner.java:1033)
Caused by: java.lang.RuntimeException: ptolemy.kernel.util.InternalErrorException: Failed to get the model directory? This can happen in a headless environment when the model attempts to interact with the graphical display.  It can also happen when the model fails to parse because of a missing class.
	at ptolemy.vergil.basic.export.ExportModel$1.run(ExportModel.java:223)
	at java.awt.event.InvocationEvent.dispatch(InvocationEvent.java:301)
	at java.awt.EventQueue.dispatchEventImpl(EventQueue.java:756)
	at java.awt.EventQueue.access$500(EventQueue.java:97)
	at java.awt.EventQueue$3.run(EventQueue.java:709)
	at java.awt.EventQueue$3.run(EventQueue.java:703)
	at java.security.AccessController.doPrivileged(Native Method)
	at java.security.ProtectionDomain$JavaSecurityAccessImpl.doIntersectionPrivilege(ProtectionDomain.java:80)
	at java.awt.EventQueue.dispatchEvent(EventQueue.java:726)
	at java.awt.EventDispatchThread.pumpOneEventForFilters(EventDispatchThread.java:201)
	at java.awt.EventDispatchThread.pumpEventsForFilter(EventDispatchThread.java:116)
	at java.awt.EventDispatchThread.pumpEventsForHierarchy(EventDispatchThread.java:105)
	at java.awt.EventDispatchThread.pumpEvents(EventDispatchThread.java:101)
	at java.awt.EventDispatchThread.pumpEvents(EventDispatchThread.java:93)
	at java.awt.EventDispatchThread.run(EventDispatchThread.java:82)
Caused by: ptolemy.kernel.util.InternalErrorException: Failed to get the model directory? This can happen in a headless environment when the model attempts to interact with the graphical display.  It can also happen when the model fails to parse because of a missing class.
	at ptolemy.actor.gui.ConfigurationApplication.models(ConfigurationApplication.java:548)
	at ptolemy.actor.gui.ConfigurationApplication.openModelOrEntity(ConfigurationApplication.java:698)
	at ptolemy.vergil.basic.export.ExportModel$1.run(ExportModel.java:220)
	... 14 more
ptolemy.kernel.util.IllegalActionException: Failed to process attribute change to PtalonParameter, whose value is "ptolemy.actor.ptalon.PtalonExpressionParameter {.SenseToLeds.SenseToLeds.n} 2".
  in .SenseToLeds.SenseToLeds
Because:
Unable to add actor null
	at ptolemy.actor.ptalon.PtalonActor.attributeChanged(PtalonActor.java:211)
	at ptolemy.actor.ptalon.PtalonMLHandler.startElement(PtalonMLHandler.java:134)
	at com.microstar.xml.XmlParser.parseElement(XmlParser.java:921)
	at com.microstar.xml.XmlParser.parseContent(XmlParser.java:1104)
	at com.microstar.xml.XmlParser.parseElement(XmlParser.java:924)
	at com.microstar.xml.XmlParser.parseDocument(XmlParser.java:481)
	at com.microstar.xml.XmlParser.doParse(XmlParser.java:159)
	at com.microstar.xml.XmlParser.parse(XmlParser.java:132)
	at ptolemy.actor.ptalon.PtalonActor.configure(PtalonActor.java:240)
	at ptolemy.moml.MoMLParser.endElement(MoMLParser.java:996)
	at com.microstar.xml.XmlParser.parseETag(XmlParser.java:1026)
	at com.microstar.xml.XmlParser.parseContent(XmlParser.java:1098)
	at com.microstar.xml.XmlParser.parseElement(XmlParser.java:924)
	at com.microstar.xml.XmlParser.parseContent(XmlParser.java:1104)
	at com.microstar.xml.XmlParser.parseElement(XmlParser.java:924)
	at com.microstar.xml.XmlParser.parseContent(XmlParser.java:1104)
	at com.microstar.xml.XmlParser.parseElement(XmlParser.java:924)
	at com.microstar.xml.XmlParser.parseDocument(XmlParser.java:481)
	at com.microstar.xml.XmlParser.doParse(XmlParser.java:159)
	at com.microstar.xml.XmlParser.parse(XmlParser.java:132)
	at ptolemy.moml.MoMLParser.parse(MoMLParser.java:1676)
	at ptolemy.moml.MoMLParser.parse(MoMLParser.java:1595)
	at ptolemy.moml.MoMLParser.parse(MoMLParser.java:1537)
	at ptolemy.actor.gui.PtolemyEffigy$Factory.createEffigy(PtolemyEffigy.java:424)
	at ptolemy.actor.gui.EffigyFactory.createEffigy(EffigyFactory.java:234)
	at ptolemy.actor.gui.Configuration.openModel(Configuration.java:1125)
	at ptolemy.actor.gui.Configuration.openModel(Configuration.java:1051)
	at ptolemy.actor.gui.ConfigurationApplication._openModel(ConfigurationApplication.java:1252)
	at ptolemy.actor.gui.ConfigurationApplication._parseArg(ConfigurationApplication.java:1399)
	at ptolemy.actor.gui.ConfigurationApplication._parseArgs(ConfigurationApplication.java:1478)
	at ptolemy.actor.gui.ConfigurationApplication.<init>(ConfigurationApplication.java:277)
	at ptolemy.actor.gui.ConfigurationApplication.<init>(ConfigurationApplication.java:214)
	at ptolemy.actor.gui.ConfigurationApplication.<init>(ConfigurationApplication.java:201)
	at ptolemy.actor.gui.ConfigurationApplication.openModelOrEntity(ConfigurationApplication.java:680)
	at ptolemy.vergil.basic.export.ExportModel$1.run(ExportModel.java:220)
	at java.awt.event.InvocationEvent.dispatch(InvocationEvent.java:301)
	at java.awt.EventQueue.dispatchEventImpl(EventQueue.java:756)
	at java.awt.EventQueue.access$500(EventQueue.java:97)
	at java.awt.EventQueue$3.run(EventQueue.java:709)
	at java.awt.EventQueue$3.run(EventQueue.java:703)
	at java.security.AccessController.doPrivileged(Native Method)
	at java.security.ProtectionDomain$JavaSecurityAccessImpl.doIntersectionPrivilege(ProtectionDomain.java:80)
	at java.awt.EventQueue.dispatchEvent(EventQueue.java:726)
	at java.awt.EventDispatchThread.pumpOneEventForFilters(EventDispatchThread.java:201)
	at java.awt.EventDispatchThread.pumpEventsForFilter(EventDispatchThread.java:116)
	at java.awt.EventDispatchThread.pumpEventsForHierarchy(EventDispatchThread.java:105)
	at java.awt.EventDispatchThread.pumpEvents(EventDispatchThread.java:101)
	at java.awt.EventDispatchThread.pumpEvents(EventDispatchThread.java:93)
	at java.awt.EventDispatchThread.run(EventDispatchThread.java:82)
Caused by: ptolemy.actor.ptalon.PtalonRuntimeException: Unable to add actor null
	at ptolemy.actor.ptalon.PtalonEvaluator.addActor(PtalonEvaluator.java:300)
	at ptolemy.actor.ptalon.PtalonPopulator.actor_declaration(PtalonPopulator.java:1574)
	at ptolemy.actor.ptalon.PtalonPopulator.atomic_statement(PtalonPopulator.java:1638)
	at ptolemy.actor.ptalon.PtalonPopulator.iterative_statement_evaluator(PtalonPopulator.java:2484)
	at ptolemy.actor.ptalon.AbstractPtalonEvaluator$IfTree.evaluateForScope(AbstractPtalonEvaluator.java:1307)
	at ptolemy.actor.ptalon.AbstractPtalonEvaluator.evaluateForScope(AbstractPtalonEvaluator.java:744)
	at ptolemy.actor.ptalon.PtalonPopulator.iterative_statement(PtalonPopulator.java:2363)
	at ptolemy.actor.ptalon.PtalonPopulator.actor_definition(PtalonPopulator.java:2809)
	at ptolemy.actor.ptalon.PtalonActor.attributeChanged(PtalonActor.java:206)
	... 48 more
Caused by: ptolemy.kernel.util.InternalErrorException: Element <entity name="node1" class="ptolemy.actor.ptalon.demo.ptinyos.SenseToLeds.MicaBoard"> caused an exception to be thrown.
  in .SenseToLeds.SenseToLeds
Because:
Cannot find class: ptolemy.actor.ptalon.demo.ptinyos.SenseToLeds.MicaBoard. In Ptolemy, classes are typically Java .class files. Entities like actors may instead be defined within a .xml file.  In any case, the class was not found. If the class uses a third party package, then the class would be present only if the third party package was found at compile time.  It may be necessary to upgrade Java or install the third party package, reconfigure and recompile.
Because:
Element <entity name="MicaLeds" class="ptolemy.domains.ptinyos.lib.MicaLeds"> caused an exception to be thrown.
  in .MicaBoard
Because:
Cannot find class: ptolemy.domains.ptinyos.lib.MicaLeds. In Ptolemy, classes are typically Java .class files. Entities like actors may instead be defined within a .xml file.  In any case, the class was not found. If the class uses a third party package, then the class would be present only if the third party package was found at compile time.  It may be necessary to upgrade Java or install the third party package, reconfigure and recompile.
Because:
-- /home/travis/build/icyphy/ptII/ptolemy/actor/ptalon/demo/ptinyos/SenseToLeds/ptolemy/domains/ptinyos/lib/MicaLeds.xml (No such file or directory)
-- XML file not found relative to classpath.
-- /home/travis/build/icyphy/ptII/ptolemy/vergil/basic/export/test/ptolemy/domains/ptinyos/lib/MicaLeds.xml
/home/travis/build/icyphy/ptII/ptolemy/vergil/basic/export/test/ptolemy/domains/ptinyos/lib/MicaLeds.xml (No such file or directory)
 in file:/home/travis/build/icyphy/ptII/ptolemy/actor/ptalon/demo/ptinyos/SenseToLeds/MicaBoard.xml at line 134 and column 63
	at ptolemy.moml.SimpleErrorHandler.handleError(SimpleErrorHandler.java:75)
	at ptolemy.moml.MoMLParser.startElement(MoMLParser.java:3805)
	at com.microstar.xml.XmlParser.parseElement(XmlParser.java:931)
	at com.microstar.xml.XmlParser.parseDocument(XmlParser.java:481)
	at com.microstar.xml.XmlParser.doParse(XmlParser.java:159)
	at com.microstar.xml.XmlParser.parse(XmlParser.java:132)
	at ptolemy.moml.MoMLParser.parse(MoMLParser.java:1660)
	at ptolemy.moml.MoMLParser.parse(MoMLParser.java:1617)
	at ptolemy.moml.MoMLParser.parse(MoMLParser.java:1792)
	at ptolemy.actor.ptalon.PtalonEvaluator.addActor(PtalonEvaluator.java:241)
	... 56 more
Caused by: ptolemy.kernel.util.IllegalActionException: Cannot find class: ptolemy.actor.ptalon.demo.ptinyos.SenseToLeds.MicaBoard. In Ptolemy, classes are typically Java .class files. Entities like actors may instead be defined within a .xml file.  In any case, the class was not found. If the class uses a third party package, then the class would be present only if the third party package was found at compile time.  It may be necessary to upgrade Java or install the third party package, reconfigure and recompile.
Because:
Element <entity name="MicaLeds" class="ptolemy.domains.ptinyos.lib.MicaLeds"> caused an exception to be thrown.
  in .MicaBoard
Because:
Cannot find class: ptolemy.domains.ptinyos.lib.MicaLeds. In Ptolemy, classes are typically Java .class files. Entities like actors may instead be defined within a .xml file.  In any case, the class was not found. If the class uses a third party package, then the class would be present only if the third party package was found at compile time.  It may be necessary to upgrade Java or install the third party package, reconfigure and recompile.
Because:
-- /home/travis/build/icyphy/ptII/ptolemy/actor/ptalon/demo/ptinyos/SenseToLeds/ptolemy/domains/ptinyos/lib/MicaLeds.xml (No such file or directory)
-- XML file not found relative to classpath.
-- /home/travis/build/icyphy/ptII/ptolemy/vergil/basic/export/test/ptolemy/domains/ptinyos/lib/MicaLeds.xml
/home/travis/build/icyphy/ptII/ptolemy/vergil/basic/export/test/ptolemy/domains/ptinyos/lib/MicaLeds.xml (No such file or directory)
 in file:/home/travis/build/icyphy/ptII/ptolemy/actor/ptalon/demo/ptinyos/SenseToLeds/MicaBoard.xml at line 134 and column 63
	at ptolemy.moml.MoMLParser._createEntity(MoMLParser.java:4330)
	at ptolemy.moml.MoMLParser.startElement(MoMLParser.java:2864)
	... 64 more
Caused by: ptolemy.kernel.util.InternalErrorException: Element <entity name="MicaLeds" class="ptolemy.domains.ptinyos.lib.MicaLeds"> caused an exception to be thrown.
  in .MicaBoard
Because:
Cannot find class: ptolemy.domains.ptinyos.lib.MicaLeds. In Ptolemy, classes are typically Java .class files. Entities like actors may instead be defined within a .xml file.  In any case, the class was not found. If the class uses a third party package, then the class would be present only if the third party package was found at compile time.  It may be necessary to upgrade Java or install the third party package, reconfigure and recompile.
Because:
-- /home/travis/build/icyphy/ptII/ptolemy/actor/ptalon/demo/ptinyos/SenseToLeds/ptolemy/domains/ptinyos/lib/MicaLeds.xml (No such file or directory)
-- XML file not found relative to classpath.
-- /home/travis/build/icyphy/ptII/ptolemy/vergil/basic/export/test/ptolemy/domains/ptinyos/lib/MicaLeds.xml
/home/travis/build/icyphy/ptII/ptolemy/vergil/basic/export/test/ptolemy/domains/ptinyos/lib/MicaLeds.xml (No such file or directory)
 in file:/home/travis/build/icyphy/ptII/ptolemy/actor/ptalon/demo/ptinyos/SenseToLeds/MicaBoard.xml at line 134 and column 63
	at ptolemy.moml.SimpleErrorHandler.handleError(SimpleErrorHandler.java:75)
	at ptolemy.moml.MoMLParser.startElement(MoMLParser.java:3805)
	at com.microstar.xml.XmlParser.parseElement(XmlParser.java:921)
	at com.microstar.xml.XmlParser.parseContent(XmlParser.java:1104)
	at com.microstar.xml.XmlParser.parseElement(XmlParser.java:924)
	at com.microstar.xml.XmlParser.parseDocument(XmlParser.java:481)
	at com.microstar.xml.XmlParser.doParse(XmlParser.java:159)
	at com.microstar.xml.XmlParser.parse(XmlParser.java:132)
	at ptolemy.moml.MoMLParser.parse(MoMLParser.java:1676)
	at ptolemy.moml.MoMLParser.parse(MoMLParser.java:1595)
	at ptolemy.moml.MoMLParser.parse(MoMLParser.java:1537)
	at ptolemy.moml.MoMLParser._findOrParse(MoMLParser.java:5286)
	at ptolemy.moml.MoMLParser._attemptToFindMoMLClass(MoMLParser.java:4075)
	at ptolemy.moml.MoMLParser._createEntity(MoMLParser.java:4323)
	... 65 more
Caused by: ptolemy.kernel.util.IllegalActionException: Cannot find class: ptolemy.domains.ptinyos.lib.MicaLeds. In Ptolemy, classes are typically Java .class files. Entities like actors may instead be defined within a .xml file.  In any case, the class was not found. If the class uses a third party package, then the class would be present only if the third party package was found at compile time.  It may be necessary to upgrade Java or install the third party package, reconfigure and recompile.
Because:
-- /home/travis/build/icyphy/ptII/ptolemy/actor/ptalon/demo/ptinyos/SenseToLeds/ptolemy/domains/ptinyos/lib/MicaLeds.xml (No such file or directory)
-- XML file not found relative to classpath.
-- /home/travis/build/icyphy/ptII/ptolemy/vergil/basic/export/test/ptolemy/domains/ptinyos/lib/MicaLeds.xml
/home/travis/build/icyphy/ptII/ptolemy/vergil/basic/export/test/ptolemy/domains/ptinyos/lib/MicaLeds.xml (No such file or directory)
 in file:/home/travis/build/icyphy/ptII/ptolemy/actor/ptalon/demo/ptinyos/SenseToLeds/MicaBoard.xml at line 134 and column 63
	at ptolemy.moml.MoMLParser._createEntity(MoMLParser.java:4330)
	at ptolemy.moml.MoMLParser.startElement(MoMLParser.java:2864)
	... 77 more
Caused by: com.microstar.xml.XmlException: -- /home/travis/build/icyphy/ptII/ptolemy/actor/ptalon/demo/ptinyos/SenseToLeds/ptolemy/domains/ptinyos/lib/MicaLeds.xml (No such file or directory)
-- XML file not found relative to classpath.
-- /home/travis/build/icyphy/ptII/ptolemy/vergil/basic/export/test/ptolemy/domains/ptinyos/lib/MicaLeds.xml
/home/travis/build/icyphy/ptII/ptolemy/vergil/basic/export/test/ptolemy/domains/ptinyos/lib/MicaLeds.xml (No such file or directory)
 in file:/home/travis/build/icyphy/ptII/ptolemy/actor/ptalon/demo/ptinyos/SenseToLeds/MicaBoard.xml at line 134 and column 63
	at ptolemy.moml.MoMLParser.fileNameToURL(MoMLParser.java:1414)
	at ptolemy.moml.MoMLParser._findOrParse(MoMLParser.java:5283)
	at ptolemy.moml.MoMLParser._attemptToFindMoMLClass(MoMLParser.java:4075)
	at ptolemy.moml.MoMLParser._createEntity(MoMLParser.java:4323)
	... 78 more
Caused by: ptolemy.actor.ptalon.PtalonRuntimeException: Unable to add actor null
	at ptolemy.actor.ptalon.PtalonEvaluator.addActor(PtalonEvaluator.java:300)
	at ptolemy.actor.ptalon.PtalonPopulator.actor_declaration(PtalonPopulator.java:1574)
	at ptolemy.actor.ptalon.PtalonPopulator.atomic_statement(PtalonPopulator.java:1638)
	at ptolemy.actor.ptalon.PtalonPopulator.iterative_statement_evaluator(PtalonPopulator.java:2484)
	at ptolemy.actor.ptalon.AbstractPtalonEvaluator$IfTree.evaluateForScope(AbstractPtalonEvaluator.java:1307)
	at ptolemy.actor.ptalon.AbstractPtalonEvaluator.evaluateForScope(AbstractPtalonEvaluator.java:744)
	at ptolemy.actor.ptalon.PtalonPopulator.iterative_statement(PtalonPopulator.java:2363)
	at ptolemy.actor.ptalon.PtalonPopulator.actor_definition(PtalonPopulator.java:2809)
	at ptolemy.actor.ptalon.PtalonActor.attributeChanged(PtalonActor.java:206)
	at ptolemy.actor.ptalon.PtalonMLHandler.startElement(PtalonMLHandler.java:134)
	at com.microstar.xml.XmlParser.parseElement(XmlParser.java:921)
	at com.microstar.xml.XmlParser.parseContent(XmlParser.java:1104)
	at com.microstar.xml.XmlParser.parseElement(XmlParser.java:924)
	at com.microstar.xml.XmlParser.parseDocument(XmlParser.java:481)
	at com.microstar.xml.XmlParser.doParse(XmlParser.java:159)
	at com.microstar.xml.XmlParser.parse(XmlParser.java:132)
	at ptolemy.actor.ptalon.PtalonActor.configure(PtalonActor.java:240)
	at ptolemy.moml.MoMLParser.endElement(MoMLParser.java:996)
	at com.microstar.xml.XmlParser.parseETag(XmlParser.java:1026)
	at com.microstar.xml.XmlParser.parseContent(XmlParser.java:1098)
	at com.microstar.xml.XmlParser.parseElement(XmlParser.java:924)
	at com.microstar.xml.XmlParser.parseContent(XmlParser.java:1104)
	at com.microstar.xml.XmlParser.parseElement(XmlParser.java:924)
	at com.microstar.xml.XmlParser.parseContent(XmlParser.java:1104)
	at com.microstar.xml.XmlParser.parseElement(XmlParser.java:924)
	at com.microstar.xml.XmlParser.parseDocument(XmlParser.java:481)
	at com.microstar.xml.XmlParser.doParse(XmlParser.java:159)
	at com.microstar.xml.XmlParser.parse(XmlParser.java:132)
	at ptolemy.moml.MoMLParser.parse(MoMLParser.java:1676)
	at ptolemy.moml.MoMLParser.parse(MoMLParser.java:1595)
	at ptolemy.moml.MoMLParser.parse(MoMLParser.java:1537)
	at ptolemy.actor.gui.PtolemyEffigy$Factory.createEffigy(PtolemyEffigy.java:424)
	at ptolemy.actor.gui.EffigyFactory.createEffigy(EffigyFactory.java:234)
	at ptolemy.actor.gui.Configuration.openModel(Configuration.java:1125)
	at ptolemy.actor.gui.Configuration.openModel(Configuration.java:1051)
	at ptolemy.actor.gui.ConfigurationApplication._openModel(ConfigurationApplication.java:1252)
	at ptolemy.actor.gui.ConfigurationApplication._parseArg(ConfigurationApplication.java:1399)
	at ptolemy.actor.gui.ConfigurationApplication._parseArgs(ConfigurationApplication.java:1478)
	at ptolemy.actor.gui.ConfigurationApplication.<init>(ConfigurationApplication.java:277)
	at ptolemy.actor.gui.ConfigurationApplication.<init>(ConfigurationApplication.java:214)
	at ptolemy.actor.gui.ConfigurationApplication.<init>(ConfigurationApplication.java:201)
	at ptolemy.actor.gui.ConfigurationApplication.openModelOrEntity(ConfigurationApplication.java:680)
	at ptolemy.vergil.basic.export.ExportModel$1.run(ExportModel.java:220)
	at java.awt.event.InvocationEvent.dispatch(InvocationEvent.java:301)
	at java.awt.EventQueue.dispatchEventImpl(EventQueue.java:756)
	at java.awt.EventQueue.access$500(EventQueue.java:97)
	at java.awt.EventQueue$3.run(EventQueue.java:709)
	at java.awt.EventQueue$3.run(EventQueue.java:703)
	at java.security.AccessController.doPrivileged(Native Method)
	at java.security.ProtectionDomain$JavaSecurityAccessImpl.doIntersectionPrivilege(ProtectionDomain.java:80)
	at java.awt.EventQueue.dispatchEvent(EventQueue.java:726)
	at java.awt.EventDispatchThread.pumpOneEventForFilters(EventDispatchThread.java:201)
	at java.awt.EventDispatchThread.pumpEventsForFilter(EventDispatchThread.java:116)
	at java.awt.EventDispatchThread.pumpEventsForHierarchy(EventDispatchThread.java:105)
	at java.awt.EventDispatchThread.pumpEvents(EventDispatchThread.java:101)
	at java.awt.EventDispatchThread.pumpEvents(EventDispatchThread.java:93)
	at java.awt.EventDispatchThread.run(EventDispatchThread.java:82)
Caused by: ptolemy.kernel.util.InternalErrorException: Element <entity name="node1" class="ptolemy.actor.ptalon.demo.ptinyos.SenseToLeds.MicaBoard"> caused an exception to be thrown.
  in .SenseToLeds.SenseToLeds
Because:
Cannot find class: ptolemy.actor.ptalon.demo.ptinyos.SenseToLeds.MicaBoard. In Ptolemy, classes are typically Java .class files. Entities like actors may instead be defined within a .xml file.  In any case, the class was not found. If the class uses a third party package, then the class would be present only if the third party package was found at compile time.  It may be necessary to upgrade Java or install the third party package, reconfigure and recompile.
Because:
Element <entity name="MicaLeds" class="ptolemy.domains.ptinyos.lib.MicaLeds"> caused an exception to be thrown.
  in .MicaBoard
Because:
Cannot find class: ptolemy.domains.ptinyos.lib.MicaLeds. In Ptolemy, classes are typically Java .class files. Entities like actors may instead be defined within a .xml file.  In any case, the class was not found. If the class uses a third party package, then the class would be present only if the third party package was found at compile time.  It may be necessary to upgrade Java or install the third party package, reconfigure and recompile.
Because:
-- /home/travis/build/icyphy/ptII/ptolemy/actor/ptalon/demo/ptinyos/SenseToLeds/ptolemy/domains/ptinyos/lib/MicaLeds.xml (No such file or directory)
-- XML file not found relative to classpath.
-- /home/travis/build/icyphy/ptII/ptolemy/vergil/basic/export/test/ptolemy/domains/ptinyos/lib/MicaLeds.xml
/home/travis/build/icyphy/ptII/ptolemy/vergil/basic/export/test/ptolemy/domains/ptinyos/lib/MicaLeds.xml (No such file or directory)
 in file:/home/travis/build/icyphy/ptII/ptolemy/actor/ptalon/demo/ptinyos/SenseToLeds/MicaBoard.xml at line 134 and column 63
	at ptolemy.moml.SimpleErrorHandler.handleError(SimpleErrorHandler.java:75)
	at ptolemy.moml.MoMLParser.startElement(MoMLParser.java:3805)
	at com.microstar.xml.XmlParser.parseElement(XmlParser.java:931)
	at com.microstar.xml.XmlParser.parseDocument(XmlParser.java:481)
	at com.microstar.xml.XmlParser.doParse(XmlParser.java:159)
	at com.microstar.xml.XmlParser.parse(XmlParser.java:132)
	at ptolemy.moml.MoMLParser.parse(MoMLParser.java:1660)
	at ptolemy.moml.MoMLParser.parse(MoMLParser.java:1617)
	at ptolemy.moml.MoMLParser.parse(MoMLParser.java:1792)
	at ptolemy.actor.ptalon.PtalonEvaluator.addActor(PtalonEvaluator.java:241)
	... 56 more
Caused by: ptolemy.kernel.util.IllegalActionException: Cannot find class: ptolemy.actor.ptalon.demo.ptinyos.SenseToLeds.MicaBoard. In Ptolemy, classes are typically Java .class files. Entities like actors may instead be defined within a .xml file.  In any case, the class was not found. If the class uses a third party package, then the class would be present only if the third party package was found at compile time.  It may be necessary to upgrade Java or install the third party package, reconfigure and recompile.
Because:
Element <entity name="MicaLeds" class="ptolemy.domains.ptinyos.lib.MicaLeds"> caused an exception to be thrown.
  in .MicaBoard
Because:
Cannot find class: ptolemy.domains.ptinyos.lib.MicaLeds. In Ptolemy, classes are typically Java .class files. Entities like actors may instead be defined within a .xml file.  In any case, the class was not found. If the class uses a third party package, then the class would be present only if the third party package was found at compile time.  It may be necessary to upgrade Java or install the third party package, reconfigure and recompile.
Because:
-- /home/travis/build/icyphy/ptII/ptolemy/actor/ptalon/demo/ptinyos/SenseToLeds/ptolemy/domains/ptinyos/lib/MicaLeds.xml (No such file or directory)
-- XML file not found relative to classpath.
-- /home/travis/build/icyphy/ptII/ptolemy/vergil/basic/export/test/ptolemy/domains/ptinyos/lib/MicaLeds.xml
/home/travis/build/icyphy/ptII/ptolemy/vergil/basic/export/test/ptolemy/domains/ptinyos/lib/MicaLeds.xml (No such file or directory)
 in file:/home/travis/build/icyphy/ptII/ptolemy/actor/ptalon/demo/ptinyos/SenseToLeds/MicaBoard.xml at line 134 and column 63
	at ptolemy.moml.MoMLParser._createEntity(MoMLParser.java:4330)
	at ptolemy.moml.MoMLParser.startElement(MoMLParser.java:2864)
	... 64 more
Caused by: ptolemy.kernel.util.InternalErrorException: Element <entity name="MicaLeds" class="ptolemy.domains.ptinyos.lib.MicaLeds"> caused an exception to be thrown.
  in .MicaBoard
Because:
Cannot find class: ptolemy.domains.ptinyos.lib.MicaLeds. In Ptolemy, classes are typically Java .class files. Entities like actors may instead be defined within a .xml file.  In any case, the class was not found. If the class uses a third party package, then the class would be present only if the third party package was found at compile time.  It may be necessary to upgrade Java or install the third party package, reconfigure and recompile.
Because:
-- /home/travis/build/icyphy/ptII/ptolemy/actor/ptalon/demo/ptinyos/SenseToLeds/ptolemy/domains/ptinyos/lib/MicaLeds.xml (No such file or directory)
-- XML file not found relative to classpath.
-- /home/travis/build/icyphy/ptII/ptolemy/vergil/basic/export/test/ptolemy/domains/ptinyos/lib/MicaLeds.xml
/home/travis/build/icyphy/ptII/ptolemy/vergil/basic/export/test/ptolemy/domains/ptinyos/lib/MicaLeds.xml (No such file or directory)
 in file:/home/travis/build/icyphy/ptII/ptolemy/actor/ptalon/demo/ptinyos/SenseToLeds/MicaBoard.xml at line 134 and column 63
	at ptolemy.moml.SimpleErrorHandler.handleError(SimpleErrorHandler.java:75)
	at ptolemy.moml.MoMLParser.startElement(MoMLParser.java:3805)
	at com.microstar.xml.XmlParser.parseElement(XmlParser.java:921)
	at com.microstar.xml.XmlParser.parseContent(XmlParser.java:1104)
	at com.microstar.xml.XmlParser.parseElement(XmlParser.java:924)
	at com.microstar.xml.XmlParser.parseDocument(XmlParser.java:481)
	at com.microstar.xml.XmlParser.doParse(XmlParser.java:159)
	at com.microstar.xml.XmlParser.parse(XmlParser.java:132)
	at ptolemy.moml.MoMLParser.parse(MoMLParser.java:1676)
	at ptolemy.moml.MoMLParser.parse(MoMLParser.java:1595)
	at ptolemy.moml.MoMLParser.parse(MoMLParser.java:1537)
	at ptolemy.moml.MoMLParser._findOrParse(MoMLParser.java:5286)
	at ptolemy.moml.MoMLParser._attemptToFindMoMLClass(MoMLParser.java:4075)
	at ptolemy.moml.MoMLParser._createEntity(MoMLParser.java:4323)
	... 65 more
Caused by: ptolemy.kernel.util.IllegalActionException: Cannot find class: ptolemy.domains.ptinyos.lib.MicaLeds. In Ptolemy, classes are typically Java .class files. Entities like actors may instead be defined within a .xml file.  In any case, the class was not found. If the class uses a third party package, then the class would be present only if the third party package was found at compile time.  It may be necessary to upgrade Java or install the third party package, reconfigure and recompile.
Because:
-- /home/travis/build/icyphy/ptII/ptolemy/actor/ptalon/demo/ptinyos/SenseToLeds/ptolemy/domains/ptinyos/lib/MicaLeds.xml (No such file or directory)
-- XML file not found relative to classpath.
-- /home/travis/build/icyphy/ptII/ptolemy/vergil/basic/export/test/ptolemy/domains/ptinyos/lib/MicaLeds.xml
/home/travis/build/icyphy/ptII/ptolemy/vergil/basic/export/test/ptolemy/domains/ptinyos/lib/MicaLeds.xml (No such file or directory)
 in file:/home/travis/build/icyphy/ptII/ptolemy/actor/ptalon/demo/ptinyos/SenseToLeds/MicaBoard.xml at line 134 and column 63
	at ptolemy.moml.MoMLParser._createEntity(MoMLParser.java:4330)
	at ptolemy.moml.MoMLParser.startElement(MoMLParser.java:2864)
	... 77 more
Caused by: com.microstar.xml.XmlException: -- /home/travis/build/icyphy/ptII/ptolemy/actor/ptalon/demo/ptinyos/SenseToLeds/ptolemy/domains/ptinyos/lib/MicaLeds.xml (No such file or directory)
-- XML file not found relative to classpath.
-- /home/travis/build/icyphy/ptII/ptolemy/vergil/basic/export/test/ptolemy/domains/ptinyos/lib/MicaLeds.xml
/home/travis/build/icyphy/ptII/ptolemy/vergil/basic/export/test/ptolemy/domains/ptinyos/lib/MicaLeds.xml (No such file or directory)
 in file:/home/travis/build/icyphy/ptII/ptolemy/actor/ptalon/demo/ptinyos/SenseToLeds/MicaBoard.xml at line 134 and column 63
	at ptolemy.moml.MoMLParser.fileNameToURL(MoMLParser.java:1414)
	at ptolemy.moml.MoMLParser._findOrParse(MoMLParser.java:5283)
	at ptolemy.moml.MoMLParser._attemptToFindMoMLClass(MoMLParser.java:4075)
	at ptolemy.moml.MoMLParser._createEntity(MoMLParser.java:4323)
	... 78 more
Failed to read file:/home/travis/build/icyphy/ptII/ptolemy/actor/ptalon/demo/ptinyos/SenseToLeds/SenseToLeds.xml
ptolemy.kernel.util.IllegalActionException: Failed to process attribute change to PtalonParameter, whose value is "ptolemy.actor.ptalon.PtalonExpressionParameter {.SenseToLeds.SenseToLeds.n} 2".
  in .SenseToLeds.SenseToLeds
Because:
Unable to add actor null
	at ptolemy.actor.ptalon.PtalonActor.attributeChanged(PtalonActor.java:211)
	at ptolemy.actor.ptalon.PtalonMLHandler.startElement(PtalonMLHandler.java:134)
	at com.microstar.xml.XmlParser.parseElement(XmlParser.java:921)
	at com.microstar.xml.XmlParser.parseContent(XmlParser.java:1104)
	at com.microstar.xml.XmlParser.parseElement(XmlParser.java:924)
	at com.microstar.xml.XmlParser.parseDocument(XmlParser.java:481)
	at com.microstar.xml.XmlParser.doParse(XmlParser.java:159)
	at com.microstar.xml.XmlParser.parse(XmlParser.java:132)
	at ptolemy.actor.ptalon.PtalonActor.configure(PtalonActor.java:240)
	at ptolemy.moml.MoMLParser.endElement(MoMLParser.java:996)
	at com.microstar.xml.XmlParser.parseETag(XmlParser.java:1026)
	at com.microstar.xml.XmlParser.parseContent(XmlParser.java:1098)
	at com.microstar.xml.XmlParser.parseElement(XmlParser.java:924)
	at com.microstar.xml.XmlParser.parseContent(XmlParser.java:1104)
	at com.microstar.xml.XmlParser.parseElement(XmlParser.java:924)
	at com.microstar.xml.XmlParser.parseContent(XmlParser.java:1104)
	at com.microstar.xml.XmlParser.parseElement(XmlParser.java:924)
	at com.microstar.xml.XmlParser.parseDocument(XmlParser.java:481)
	at com.microstar.xml.XmlParser.doParse(XmlParser.java:159)
	at com.microstar.xml.XmlParser.parse(XmlParser.java:132)
	at ptolemy.moml.MoMLParser.parse(MoMLParser.java:1676)
	at ptolemy.moml.MoMLParser.parse(MoMLParser.java:1595)
	at ptolemy.moml.MoMLParser.parse(MoMLParser.java:1537)
	at ptolemy.actor.gui.PtolemyEffigy$Factory.createEffigy(PtolemyEffigy.java:424)
	at ptolemy.actor.gui.EffigyFactory.createEffigy(EffigyFactory.java:234)
	at ptolemy.actor.gui.Configuration.openModel(Configuration.java:1125)
	at ptolemy.actor.gui.Configuration.openModel(Configuration.java:1051)
	at ptolemy.actor.gui.ConfigurationApplication._openModel(ConfigurationApplication.java:1252)
	at ptolemy.actor.gui.ConfigurationApplication._parseArg(ConfigurationApplication.java:1399)
	at ptolemy.actor.gui.ConfigurationApplication._parseArgs(ConfigurationApplication.java:1478)
	at ptolemy.actor.gui.ConfigurationApplication.<init>(ConfigurationApplication.java:277)
	at ptolemy.actor.gui.ConfigurationApplication.<init>(ConfigurationApplication.java:214)
	at ptolemy.actor.gui.ConfigurationApplication.<init>(ConfigurationApplication.java:201)
	at ptolemy.actor.gui.ConfigurationApplication.openModelOrEntity(ConfigurationApplication.java:680)
	at ptolemy.vergil.basic.export.ExportModel$1.run(ExportModel.java:220)
	at java.awt.event.InvocationEvent.dispatch(InvocationEvent.java:301)
	at java.awt.EventQueue.dispatchEventImpl(EventQueue.java:756)
	at java.awt.EventQueue.access$500(EventQueue.java:97)
	at java.awt.EventQueue$3.run(EventQueue.java:709)
	at java.awt.EventQueue$3.run(EventQueue.java:703)
	at java.security.AccessController.doPrivileged(Native Method)
	at java.security.ProtectionDomain$JavaSecurityAccessImpl.doIntersectionPrivilege(ProtectionDomain.java:80)
	at java.awt.EventQueue.dispatchEvent(EventQueue.java:726)
	at java.awt.EventDispatchThread.pumpOneEventForFilters(EventDispatchThread.java:201)
	at java.awt.EventDispatchThread.pumpEventsForFilter(EventDispatchThread.java:116)
	at java.awt.EventDispatchThread.pumpEventsForHierarchy(EventDispatchThread.java:105)
	at java.awt.EventDispatchThread.pumpEvents(EventDispatchThread.java:101)
	at java.awt.EventDispatchThread.pumpEvents(EventDispatchThread.java:93)
	at java.awt.EventDispatchThread.run(EventDispatchThread.java:82)
Caused by: ptolemy.actor.ptalon.PtalonRuntimeException: Unable to add actor null
	at ptolemy.actor.ptalon.PtalonEvaluator.addActor(PtalonEvaluator.java:300)
	at ptolemy.actor.ptalon.PtalonPopulator.actor_declaration(PtalonPopulator.java:1574)
	at ptolemy.actor.ptalon.PtalonPopulator.atomic_statement(PtalonPopulator.java:1638)
	at ptolemy.actor.ptalon.PtalonPopulator.iterative_statement_evaluator(PtalonPopulator.java:2484)
	at ptolemy.actor.ptalon.AbstractPtalonEvaluator$IfTree.evaluateForScope(AbstractPtalonEvaluator.java:1307)
	at ptolemy.actor.ptalon.AbstractPtalonEvaluator.evaluateForScope(AbstractPtalonEvaluator.java:744)
	at ptolemy.actor.ptalon.PtalonPopulator.iterative_statement(PtalonPopulator.java:2363)
	at ptolemy.actor.ptalon.PtalonPopulator.actor_definition(PtalonPopulator.java:2809)
	at ptolemy.actor.ptalon.PtalonActor.attributeChanged(PtalonActor.java:206)
	... 48 more
Caused by: ptolemy.kernel.util.InternalErrorException: Element <entity name="node1" class="ptolemy.actor.ptalon.demo.ptinyos.SenseToLeds.MicaBoard"> caused an exception to be thrown.
  in .SenseToLeds.SenseToLeds
Because:
Cannot find class: ptolemy.actor.ptalon.demo.ptinyos.SenseToLeds.MicaBoard. In Ptolemy, classes are typically Java .class files. Entities like actors may instead be defined within a .xml file.  In any case, the class was not found. If the class uses a third party package, then the class would be present only if the third party package was found at compile time.  It may be necessary to upgrade Java or install the third party package, reconfigure and recompile.
Because:
Element <entity name="MicaLeds" class="ptolemy.domains.ptinyos.lib.MicaLeds"> caused an exception to be thrown.
  in .MicaBoard
Because:
Cannot find class: ptolemy.domains.ptinyos.lib.MicaLeds. In Ptolemy, classes are typically Java .class files. Entities like actors may instead be defined within a .xml file.  In any case, the class was not found. If the class uses a third party package, then the class would be present only if the third party package was found at compile time.  It may be necessary to upgrade Java or install the third party package, reconfigure and recompile.
Because:
-- /home/travis/build/icyphy/ptII/ptolemy/actor/ptalon/demo/ptinyos/SenseToLeds/ptolemy/domains/ptinyos/lib/MicaLeds.xml (No such file or directory)
-- XML file not found relative to classpath.
-- /home/travis/build/icyphy/ptII/ptolemy/vergil/basic/export/test/ptolemy/domains/ptinyos/lib/MicaLeds.xml
/home/travis/build/icyphy/ptII/ptolemy/vergil/basic/export/test/ptolemy/domains/ptinyos/lib/MicaLeds.xml (No such file or directory)
 in file:/home/travis/build/icyphy/ptII/ptolemy/actor/ptalon/demo/ptinyos/SenseToLeds/MicaBoard.xml at line 134 and column 63
	at ptolemy.moml.SimpleErrorHandler.handleError(SimpleErrorHandler.java:75)
	at ptolemy.moml.MoMLParser.startElement(MoMLParser.java:3805)
	at com.microstar.xml.XmlParser.parseElement(XmlParser.java:931)
	at com.microstar.xml.XmlParser.parseDocument(XmlParser.java:481)
	at com.microstar.xml.XmlParser.doParse(XmlParser.java:159)
	at com.microstar.xml.XmlParser.parse(XmlParser.java:132)
	at ptolemy.moml.MoMLParser.parse(MoMLParser.java:1660)
	at ptolemy.moml.MoMLParser.parse(MoMLParser.java:1617)
	at ptolemy.moml.MoMLParser.parse(MoMLParser.java:1792)
	at ptolemy.actor.ptalon.PtalonEvaluator.addActor(PtalonEvaluator.java:241)
	... 56 more
Caused by: ptolemy.kernel.util.IllegalActionException: Cannot find class: ptolemy.actor.ptalon.demo.ptinyos.SenseToLeds.MicaBoard. In Ptolemy, classes are typically Java .class files. Entities like actors may instead be defined within a .xml file.  In any case, the class was not found. If the class uses a third party package, then the class would be present only if the third party package was found at compile time.  It may be necessary to upgrade Java or install the third party package, reconfigure and recompile.
Because:
Element <entity name="MicaLeds" class="ptolemy.domains.ptinyos.lib.MicaLeds"> caused an exception to be thrown.
  in .MicaBoard
Because:
Cannot find class: ptolemy.domains.ptinyos.lib.MicaLeds. In Ptolemy, classes are typically Java .class files. Entities like actors may instead be defined within a .xml file.  In any case, the class was not found. If the class uses a third party package, then the class would be present only if the third party package was found at compile time.  It may be necessary to upgrade Java or install the third party package, reconfigure and recompile.
Because:
-- /home/travis/build/icyphy/ptII/ptolemy/actor/ptalon/demo/ptinyos/SenseToLeds/ptolemy/domains/ptinyos/lib/MicaLeds.xml (No such file or directory)
-- XML file not found relative to classpath.
-- /home/travis/build/icyphy/ptII/ptolemy/vergil/basic/export/test/ptolemy/domains/ptinyos/lib/MicaLeds.xml
/home/travis/build/icyphy/ptII/ptolemy/vergil/basic/export/test/ptolemy/domains/ptinyos/lib/MicaLeds.xml (No such file or directory)
 in file:/home/travis/build/icyphy/ptII/ptolemy/actor/ptalon/demo/ptinyos/SenseToLeds/MicaBoard.xml at line 134 and column 63
	at ptolemy.moml.MoMLParser._createEntity(MoMLParser.java:4330)
	at ptolemy.moml.MoMLParser.startElement(MoMLParser.java:2864)
	... 64 more
Caused by: ptolemy.kernel.util.InternalErrorException: Element <entity name="MicaLeds" class="ptolemy.domains.ptinyos.lib.MicaLeds"> caused an exception to be thrown.
  in .MicaBoard
Because:
Cannot find class: ptolemy.domains.ptinyos.lib.MicaLeds. In Ptolemy, classes are typically Java .class files. Entities like actors may instead be defined within a .xml file.  In any case, the class was not found. If the class uses a third party package, then the class would be present only if the third party package was found at compile time.  It may be necessary to upgrade Java or install the third party package, reconfigure and recompile.
Because:
-- /home/travis/build/icyphy/ptII/ptolemy/actor/ptalon/demo/ptinyos/SenseToLeds/ptolemy/domains/ptinyos/lib/MicaLeds.xml (No such file or directory)
-- XML file not found relative to classpath.
-- /home/travis/build/icyphy/ptII/ptolemy/vergil/basic/export/test/ptolemy/domains/ptinyos/lib/MicaLeds.xml
/home/travis/build/icyphy/ptII/ptolemy/vergil/basic/export/test/ptolemy/domains/ptinyos/lib/MicaLeds.xml (No such file or directory)
 in file:/home/travis/build/icyphy/ptII/ptolemy/actor/ptalon/demo/ptinyos/SenseToLeds/MicaBoard.xml at line 134 and column 63
	at ptolemy.moml.SimpleErrorHandler.handleError(SimpleErrorHandler.java:75)
	at ptolemy.moml.MoMLParser.startElement(MoMLParser.java:3805)
	at com.microstar.xml.XmlParser.parseElement(XmlParser.java:921)
	at com.microstar.xml.XmlParser.parseContent(XmlParser.java:1104)
	at com.microstar.xml.XmlParser.parseElement(XmlParser.java:924)
	at com.microstar.xml.XmlParser.parseDocument(XmlParser.java:481)
	at com.microstar.xml.XmlParser.doParse(XmlParser.java:159)
	at com.microstar.xml.XmlParser.parse(XmlParser.java:132)
	at ptolemy.moml.MoMLParser.parse(MoMLParser.java:1676)
	at ptolemy.moml.MoMLParser.parse(MoMLParser.java:1595)
	at ptolemy.moml.MoMLParser.parse(MoMLParser.java:1537)
	at ptolemy.moml.MoMLParser._findOrParse(MoMLParser.java:5286)
	at ptolemy.moml.MoMLParser._attemptToFindMoMLClass(MoMLParser.java:4075)
	at ptolemy.moml.MoMLParser._createEntity(MoMLParser.java:4323)
	... 65 more
Caused by: ptolemy.kernel.util.IllegalActionException: Cannot find class: ptolemy.domains.ptinyos.lib.MicaLeds. In Ptolemy, classes are typically Java .class files. Entities like actors may instead be defined within a .xml file.  In any case, the class was not found. If the class uses a third party package, then the class would be present only if the third party package was found at compile time.  It may be necessary to upgrade Java or install the third party package, reconfigure and recompile.
Because:
-- /home/travis/build/icyphy/ptII/ptolemy/actor/ptalon/demo/ptinyos/SenseToLeds/ptolemy/domains/ptinyos/lib/MicaLeds.xml (No such file or directory)
-- XML file not found relative to classpath.
-- /home/travis/build/icyphy/ptII/ptolemy/vergil/basic/export/test/ptolemy/domains/ptinyos/lib/MicaLeds.xml
/home/travis/build/icyphy/ptII/ptolemy/vergil/basic/export/test/ptolemy/domains/ptinyos/lib/MicaLeds.xml (No such file or directory)
 in file:/home/travis/build/icyphy/ptII/ptolemy/actor/ptalon/demo/ptinyos/SenseToLeds/MicaBoard.xml at line 134 and column 63
	at ptolemy.moml.MoMLParser._createEntity(MoMLParser.java:4330)
	at ptolemy.moml.MoMLParser.startElement(MoMLParser.java:2864)
	... 77 more
Caused by: com.microstar.xml.XmlException: -- /home/travis/build/icyphy/ptII/ptolemy/actor/ptalon/demo/ptinyos/SenseToLeds/ptolemy/domains/ptinyos/lib/MicaLeds.xml (No such file or directory)
-- XML file not found relative to classpath.
-- /home/travis/build/icyphy/ptII/ptolemy/vergil/basic/export/test/ptolemy/domains/ptinyos/lib/MicaLeds.xml
/home/travis/build/icyphy/ptII/ptolemy/vergil/basic/export/test/ptolemy/domains/ptinyos/lib/MicaLeds.xml (No such file or directory)
 in file:/home/travis/build/icyphy/ptII/ptolemy/actor/ptalon/demo/ptinyos/SenseToLeds/MicaBoard.xml at line 134 and column 63
	at ptolemy.moml.MoMLParser.fileNameToURL(MoMLParser.java:1414)
	at ptolemy.moml.MoMLParser._findOrParse(MoMLParser.java:5283)
	at ptolemy.moml.MoMLParser._attemptToFindMoMLClass(MoMLParser.java:4075)
	at ptolemy.moml.MoMLParser._createEntity(MoMLParser.java:4323)
	... 78 more
Caused by: ptolemy.actor.ptalon.PtalonRuntimeException: Unable to add actor null
	at ptolemy.actor.ptalon.PtalonEvaluator.addActor(PtalonEvaluator.java:300)
	at ptolemy.actor.ptalon.PtalonPopulator.actor_declaration(PtalonPopulator.java:1574)
	at ptolemy.actor.ptalon.PtalonPopulator.atomic_statement(PtalonPopulator.java:1638)
	at ptolemy.actor.ptalon.PtalonPopulator.iterative_statement_evaluator(PtalonPopulator.java:2484)
	at ptolemy.actor.ptalon.AbstractPtalonEvaluator$IfTree.evaluateForScope(AbstractPtalonEvaluator.java:1307)
	at ptolemy.actor.ptalon.AbstractPtalonEvaluator.evaluateForScope(AbstractPtalonEvaluator.java:744)
	at ptolemy.actor.ptalon.PtalonPopulator.iterative_statement(PtalonPopulator.java:2363)
	at ptolemy.actor.ptalon.PtalonPopulator.actor_definition(PtalonPopulator.java:2809)
	at ptolemy.actor.ptalon.PtalonActor.attributeChanged(PtalonActor.java:206)
	at ptolemy.actor.ptalon.PtalonMLHandler.startElement(PtalonMLHandler.java:134)
	at com.microstar.xml.XmlParser.parseElement(XmlParser.java:921)
	at com.microstar.xml.XmlParser.parseContent(XmlParser.java:1104)
	at com.microstar.xml.XmlParser.parseElement(XmlParser.java:924)
	at com.microstar.xml.XmlParser.parseDocument(XmlParser.java:481)
	at com.microstar.xml.XmlParser.doParse(XmlParser.java:159)
	at com.microstar.xml.XmlParser.parse(XmlParser.java:132)
	at ptolemy.actor.ptalon.PtalonActor.configure(PtalonActor.java:240)
	at ptolemy.moml.MoMLParser.endElement(MoMLParser.java:996)
	at com.microstar.xml.XmlParser.parseETag(XmlParser.java:1026)
	at com.microstar.xml.XmlParser.parseContent(XmlParser.java:1098)
	at com.microstar.xml.XmlParser.parseElement(XmlParser.java:924)
	at com.microstar.xml.XmlParser.parseContent(XmlParser.java:1104)
	at com.microstar.xml.XmlParser.parseElement(XmlParser.java:924)
	at com.microstar.xml.XmlParser.parseContent(XmlParser.java:1104)
	at com.microstar.xml.XmlParser.parseElement(XmlParser.java:924)
	at com.microstar.xml.XmlParser.parseDocument(XmlParser.java:481)
	at com.microstar.xml.XmlParser.doParse(XmlParser.java:159)
	at com.microstar.xml.XmlParser.parse(XmlParser.java:132)
	at ptolemy.moml.MoMLParser.parse(MoMLParser.java:1676)
	at ptolemy.moml.MoMLParser.parse(MoMLParser.java:1595)
	at ptolemy.moml.MoMLParser.parse(MoMLParser.java:1537)
	at ptolemy.actor.gui.PtolemyEffigy$Factory.createEffigy(PtolemyEffigy.java:424)
	at ptolemy.actor.gui.EffigyFactory.createEffigy(EffigyFactory.java:234)
	at ptolemy.actor.gui.Configuration.openModel(Configuration.java:1125)
	at ptolemy.actor.gui.Configuration.openModel(Configuration.java:1051)
	at ptolemy.actor.gui.ConfigurationApplication._openModel(ConfigurationApplication.java:1252)
	at ptolemy.actor.gui.ConfigurationApplication._parseArg(ConfigurationApplication.java:1399)
	at ptolemy.actor.gui.ConfigurationApplication._parseArgs(ConfigurationApplication.java:1478)
	at ptolemy.actor.gui.ConfigurationApplication.<init>(ConfigurationApplication.java:277)
	at ptolemy.actor.gui.ConfigurationApplication.<init>(ConfigurationApplication.java:214)
	at ptolemy.actor.gui.ConfigurationApplication.<init>(ConfigurationApplication.java:201)
	at ptolemy.actor.gui.ConfigurationApplication.openModelOrEntity(ConfigurationApplication.java:680)
	at ptolemy.vergil.basic.export.ExportModel$1.run(ExportModel.java:220)
	at java.awt.event.InvocationEvent.dispatch(InvocationEvent.java:301)
	at java.awt.EventQueue.dispatchEventImpl(EventQueue.java:756)
	at java.awt.EventQueue.access$500(EventQueue.java:97)
	at java.awt.EventQueue$3.run(EventQueue.java:709)
	at java.awt.EventQueue$3.run(EventQueue.java:703)
	at java.security.AccessController.doPrivileged(Native Method)
	at java.security.ProtectionDomain$JavaSecurityAccessImpl.doIntersectionPrivilege(ProtectionDomain.java:80)
	at java.awt.EventQueue.dispatchEvent(EventQueue.java:726)
	at java.awt.EventDispatchThread.pumpOneEventForFilters(EventDispatchThread.java:201)
	at java.awt.EventDispatchThread.pumpEventsForFilter(EventDispatchThread.java:116)
	at java.awt.EventDispatchThread.pumpEventsForHierarchy(EventDispatchThread.java:105)
	at java.awt.EventDispatchThread.pumpEvents(EventDispatchThread.java:101)
	at java.awt.EventDispatchThread.pumpEvents(EventDispatchThread.java:93)
	at java.awt.EventDispatchThread.run(EventDispatchThread.java:82)
Caused by: ptolemy.kernel.util.InternalErrorException: Element <entity name="node1" class="ptolemy.actor.ptalon.demo.ptinyos.SenseToLeds.MicaBoard"> caused an exception to be thrown.
  in .SenseToLeds.SenseToLeds
Because:
Cannot find class: ptolemy.actor.ptalon.demo.ptinyos.SenseToLeds.MicaBoard. In Ptolemy, classes are typically Java .class files. Entities like actors may instead be defined within a .xml file.  In any case, the class was not found. If the class uses a third party package, then the class would be present only if the third party package was found at compile time.  It may be necessary to upgrade Java or install the third party package, reconfigure and recompile.
Because:
Element <entity name="MicaLeds" class="ptolemy.domains.ptinyos.lib.MicaLeds"> caused an exception to be thrown.
  in .MicaBoard
Because:
Cannot find class: ptolemy.domains.ptinyos.lib.MicaLeds. In Ptolemy, classes are typically Java .class files. Entities like actors may instead be defined within a .xml file.  In any case, the class was not found. If the class uses a third party package, then the class would be present only if the third party package was found at compile time.  It may be necessary to upgrade Java or install the third party package, reconfigure and recompile.
Because:
-- /home/travis/build/icyphy/ptII/ptolemy/actor/ptalon/demo/ptinyos/SenseToLeds/ptolemy/domains/ptinyos/lib/MicaLeds.xml (No such file or directory)
-- XML file not found relative to classpath.
-- /home/travis/build/icyphy/ptII/ptolemy/vergil/basic/export/test/ptolemy/domains/ptinyos/lib/MicaLeds.xml
/home/travis/build/icyphy/ptII/ptolemy/vergil/basic/export/test/ptolemy/domains/ptinyos/lib/MicaLeds.xml (No such file or directory)
 in file:/home/travis/build/icyphy/ptII/ptolemy/actor/ptalon/demo/ptinyos/SenseToLeds/MicaBoard.xml at line 134 and column 63
	at ptolemy.moml.SimpleErrorHandler.handleError(SimpleErrorHandler.java:75)
	at ptolemy.moml.MoMLParser.startElement(MoMLParser.java:3805)
	at com.microstar.xml.XmlParser.parseElement(XmlParser.java:931)
	at com.microstar.xml.XmlParser.parseDocument(XmlParser.java:481)
	at com.microstar.xml.XmlParser.doParse(XmlParser.java:159)
	at com.microstar.xml.XmlParser.parse(XmlParser.java:132)
	at ptolemy.moml.MoMLParser.parse(MoMLParser.java:1660)
	at ptolemy.moml.MoMLParser.parse(MoMLParser.java:1617)
	at ptolemy.moml.MoMLParser.parse(MoMLParser.java:1792)
	at ptolemy.actor.ptalon.PtalonEvaluator.addActor(PtalonEvaluator.java:241)
	... 56 more
Caused by: ptolemy.kernel.util.IllegalActionException: Cannot find class: ptolemy.actor.ptalon.demo.ptinyos.SenseToLeds.MicaBoard. In Ptolemy, classes are typically Java .class files. Entities like actors may instead be defined within a .xml file.  In any case, the class was not found. If the class uses a third party package, then the class would be present only if the third party package was found at compile time.  It may be necessary to upgrade Java or install the third party package, reconfigure and recompile.
Because:
Element <entity name="MicaLeds" class="ptolemy.domains.ptinyos.lib.MicaLeds"> caused an exception to be thrown.
  in .MicaBoard
Because:
Cannot find class: ptolemy.domains.ptinyos.lib.MicaLeds. In Ptolemy, classes are typically Java .class files. Entities like actors may instead be defined within a .xml file.  In any case, the class was not found. If the class uses a third party package, then the class would be present only if the third party package was found at compile time.  It may be necessary to upgrade Java or install the third party package, reconfigure and recompile.
Because:
-- /home/travis/build/icyphy/ptII/ptolemy/actor/ptalon/demo/ptinyos/SenseToLeds/ptolemy/domains/ptinyos/lib/MicaLeds.xml (No such file or directory)
-- XML file not found relative to classpath.
-- /home/travis/build/icyphy/ptII/ptolemy/vergil/basic/export/test/ptolemy/domains/ptinyos/lib/MicaLeds.xml
/home/travis/build/icyphy/ptII/ptolemy/vergil/basic/export/test/ptolemy/domains/ptinyos/lib/MicaLeds.xml (No such file or directory)
 in file:/home/travis/build/icyphy/ptII/ptolemy/actor/ptalon/demo/ptinyos/SenseToLeds/MicaBoard.xml at line 134 and column 63
	at ptolemy.moml.MoMLParser._createEntity(MoMLParser.java:4330)
	at ptolemy.moml.MoMLParser.startElement(MoMLParser.java:2864)
	... 64 more
Caused by: ptolemy.kernel.util.InternalErrorException: Element <entity name="MicaLeds" class="ptolemy.domains.ptinyos.lib.MicaLeds"> caused an exception to be thrown.
  in .MicaBoard
Because:
Cannot find class: ptolemy.domains.ptinyos.lib.MicaLeds. In Ptolemy, classes are typically Java .class files. Entities like actors may instead be defined within a .xml file.  In any case, the class was not found. If the class uses a third party package, then the class would be present only if the third party package was found at compile time.  It may be necessary to upgrade Java or install the third party package, reconfigure and recompile.
Because:
-- /home/travis/build/icyphy/ptII/ptolemy/actor/ptalon/demo/ptinyos/SenseToLeds/ptolemy/domains/ptinyos/lib/MicaLeds.xml (No such file or directory)
-- XML file not found relative to classpath.
-- /home/travis/build/icyphy/ptII/ptolemy/vergil/basic/export/test/ptolemy/domains/ptinyos/lib/MicaLeds.xml
/home/travis/build/icyphy/ptII/ptolemy/vergil/basic/export/test/ptolemy/domains/ptinyos/lib/MicaLeds.xml (No such file or directory)
 in file:/home/travis/build/icyphy/ptII/ptolemy/actor/ptalon/demo/ptinyos/SenseToLeds/MicaBoard.xml at line 134 and column 63
	at ptolemy.moml.SimpleErrorHandler.handleError(SimpleErrorHandler.java:75)
	at ptolemy.moml.MoMLParser.startElement(MoMLParser.java:3805)
	at com.microstar.xml.XmlParser.parseElement(XmlParser.java:921)
	at com.microstar.xml.XmlParser.parseContent(XmlParser.java:1104)
	at com.microstar.xml.XmlParser.parseElement(XmlParser.java:924)
	at com.microstar.xml.XmlParser.parseDocument(XmlParser.java:481)
	at com.microstar.xml.XmlParser.doParse(XmlParser.java:159)
	at com.microstar.xml.XmlParser.parse(XmlParser.java:132)
	at ptolemy.moml.MoMLParser.parse(MoMLParser.java:1676)
	at ptolemy.moml.MoMLParser.parse(MoMLParser.java:1595)
	at ptolemy.moml.MoMLParser.parse(MoMLParser.java:1537)
	at ptolemy.moml.MoMLParser._findOrParse(MoMLParser.java:5286)
	at ptolemy.moml.MoMLParser._attemptToFindMoMLClass(MoMLParser.java:4075)
	at ptolemy.moml.MoMLParser._createEntity(MoMLParser.java:4323)
	... 65 more
Caused by: ptolemy.kernel.util.IllegalActionException: Cannot find class: ptolemy.domains.ptinyos.lib.MicaLeds. In Ptolemy, classes are typically Java .class files. Entities like actors may instead be defined within a .xml file.  In any case, the class was not found. If the class uses a third party package, then the class would be present only if the third party package was found at compile time.  It may be necessary to upgrade Java or install the third party package, reconfigure and recompile.
Because:
-- /home/travis/build/icyphy/ptII/ptolemy/actor/ptalon/demo/ptinyos/SenseToLeds/ptolemy/domains/ptinyos/lib/MicaLeds.xml (No such file or directory)
-- XML file not found relative to classpath.
-- /home/travis/build/icyphy/ptII/ptolemy/vergil/basic/export/test/ptolemy/domains/ptinyos/lib/MicaLeds.xml
/home/travis/build/icyphy/ptII/ptolemy/vergil/basic/export/test/ptolemy/domains/ptinyos/lib/MicaLeds.xml (No such file or directory)
 in file:/home/travis/build/icyphy/ptII/ptolemy/actor/ptalon/demo/ptinyos/SenseToLeds/MicaBoard.xml at line 134 and column 63
	at ptolemy.moml.MoMLParser._createEntity(MoMLParser.java:4330)
	at ptolemy.moml.MoMLParser.startElement(MoMLParser.java:2864)
	... 77 more
Caused by: com.microstar.xml.XmlException: -- /home/travis/build/icyphy/ptII/ptolemy/actor/ptalon/demo/ptinyos/SenseToLeds/ptolemy/domains/ptinyos/lib/MicaLeds.xml (No such file or directory)
-- XML file not found relative to classpath.
-- /home/travis/build/icyphy/ptII/ptolemy/vergil/basic/export/test/ptolemy/domains/ptinyos/lib/MicaLeds.xml
/home/travis/build/icyphy/ptII/ptolemy/vergil/basic/export/test/ptolemy/domains/ptinyos/lib/MicaLeds.xml (No such file or directory)
 in file:/home/travis/build/icyphy/ptII/ptolemy/actor/ptalon/demo/ptinyos/SenseToLeds/MicaBoard.xml at line 134 and column 63
	at ptolemy.moml.MoMLParser.fileNameToURL(MoMLParser.java:1414)
	at ptolemy.moml.MoMLParser._findOrParse(MoMLParser.java:5283)
	at ptolemy.moml.MoMLParser._attemptToFindMoMLClass(MoMLParser.java:4075)
	at ptolemy.moml.MoMLParser._createEntity(MoMLParser.java:4323)
	... 78 more
Failed to read file:/home/travis/build/icyphy/ptII/ptolemy/actor/ptalon/demo/ptinyos/SenseToLeds/SenseToLeds.xml
ptolemy.kernel.util.IllegalActionException: Failed to process attribute change to PtalonParameter, whose value is "ptolemy.actor.ptalon.PtalonExpressionParameter {.SenseToLeds.SenseToLeds.n} 2".
  in .SenseToLeds.SenseToLeds
Because:
Unable to add actor null
	at ptolemy.actor.ptalon.PtalonActor.attributeChanged(PtalonActor.java:211)
	at ptolemy.actor.ptalon.PtalonMLHandler.startElement(PtalonMLHandler.java:134)
	at com.microstar.xml.XmlParser.parseElement(XmlParser.java:921)
	at com.microstar.xml.XmlParser.parseContent(XmlParser.java:1104)
	at com.microstar.xml.XmlParser.parseElement(XmlParser.java:924)
	at com.microstar.xml.XmlParser.parseDocument(XmlParser.java:481)
	at com.microstar.xml.XmlParser.doParse(XmlParser.java:159)
	at com.microstar.xml.XmlParser.parse(XmlParser.java:132)
	at ptolemy.actor.ptalon.PtalonActor.configure(PtalonActor.java:240)
	at ptolemy.moml.MoMLParser.endElement(MoMLParser.java:996)
	at com.microstar.xml.XmlParser.parseETag(XmlParser.java:1026)
	at com.microstar.xml.XmlParser.parseContent(XmlParser.java:1098)
	at com.microstar.xml.XmlParser.parseElement(XmlParser.java:924)
	at com.microstar.xml.XmlParser.parseContent(XmlParser.java:1104)
	at com.microstar.xml.XmlParser.parseElement(XmlParser.java:924)
	at com.microstar.xml.XmlParser.parseContent(XmlParser.java:1104)
	at com.microstar.xml.XmlParser.parseElement(XmlParser.java:924)
	at com.microstar.xml.XmlParser.parseDocument(XmlParser.java:481)
	at com.microstar.xml.XmlParser.doParse(XmlParser.java:159)
	at com.microstar.xml.XmlParser.parse(XmlParser.java:132)
	at ptolemy.moml.MoMLParser.parse(MoMLParser.java:1676)
	at ptolemy.moml.MoMLParser.parse(MoMLParser.java:1595)
	at ptolemy.moml.MoMLParser.parse(MoMLParser.java:1537)
	at ptolemy.actor.gui.PtolemyEffigy$Factory.createEffigy(PtolemyEffigy.java:424)
	at ptolemy.actor.gui.EffigyFactory.createEffigy(EffigyFactory.java:234)
	at ptolemy.actor.gui.Configuration.openModel(Configuration.java:1125)
	at ptolemy.actor.gui.Configuration.openModel(Configuration.java:1051)
	at ptolemy.actor.gui.ConfigurationApplication._openModel(ConfigurationApplication.java:1252)
	at ptolemy.actor.gui.ConfigurationApplication._parseArg(ConfigurationApplication.java:1399)
	at ptolemy.actor.gui.ConfigurationApplication._parseArgs(ConfigurationApplication.java:1478)
	at ptolemy.actor.gui.ConfigurationApplication.<init>(ConfigurationApplication.java:277)
	at ptolemy.actor.gui.ConfigurationApplication.<init>(ConfigurationApplication.java:214)
	at ptolemy.actor.gui.ConfigurationApplication.<init>(ConfigurationApplication.java:201)
	at ptolemy.actor.gui.ConfigurationApplication.openModelOrEntity(ConfigurationApplication.java:680)
	at ptolemy.vergil.basic.export.ExportModel$1.run(ExportModel.java:220)
	at java.awt.event.InvocationEvent.dispatch(InvocationEvent.java:301)
	at java.awt.EventQueue.dispatchEventImpl(EventQueue.java:756)
	at java.awt.EventQueue.access$500(EventQueue.java:97)
	at java.awt.EventQueue$3.run(EventQueue.java:709)
	at java.awt.EventQueue$3.run(EventQueue.java:703)
	at java.security.AccessController.doPrivileged(Native Method)
	at java.security.ProtectionDomain$JavaSecurityAccessImpl.doIntersectionPrivilege(ProtectionDomain.java:80)
	at java.awt.EventQueue.dispatchEvent(EventQueue.java:726)
	at java.awt.EventDispatchThread.pumpOneEventForFilters(EventDispatchThread.java:201)
	at java.awt.EventDispatchThread.pumpEventsForFilter(EventDispatchThread.java:116)
	at java.awt.EventDispatchThread.pumpEventsForHierarchy(EventDispatchThread.java:105)
	at java.awt.EventDispatchThread.pumpEvents(EventDispatchThread.java:101)
	at java.awt.EventDispatchThread.pumpEvents(EventDispatchThread.java:93)
	at java.awt.EventDispatchThread.run(EventDispatchThread.java:82)
Caused by: ptolemy.actor.ptalon.PtalonRuntimeException: Unable to add actor null
	at ptolemy.actor.ptalon.PtalonEvaluator.addActor(PtalonEvaluator.java:300)
	at ptolemy.actor.ptalon.PtalonPopulator.actor_declaration(PtalonPopulator.java:1574)
	at ptolemy.actor.ptalon.PtalonPopulator.atomic_statement(PtalonPopulator.java:1638)
	at ptolemy.actor.ptalon.PtalonPopulator.iterative_statement_evaluator(PtalonPopulator.java:2484)
	at ptolemy.actor.ptalon.AbstractPtalonEvaluator$IfTree.evaluateForScope(AbstractPtalonEvaluator.java:1307)
	at ptolemy.actor.ptalon.AbstractPtalonEvaluator.evaluateForScope(AbstractPtalonEvaluator.java:744)
	at ptolemy.actor.ptalon.PtalonPopulator.iterative_statement(PtalonPopulator.java:2363)
	at ptolemy.actor.ptalon.PtalonPopulator.actor_definition(PtalonPopulator.java:2809)
	at ptolemy.actor.ptalon.PtalonActor.attributeChanged(PtalonActor.java:206)
	... 48 more
Caused by: ptolemy.kernel.util.InternalErrorException: Element <entity name="node1" class="ptolemy.actor.ptalon.demo.ptinyos.SenseToLeds.MicaBoard"> caused an exception to be thrown.
  in .SenseToLeds.SenseToLeds
Because:
Cannot find class: ptolemy.actor.ptalon.demo.ptinyos.SenseToLeds.MicaBoard. In Ptolemy, classes are typically Java .class files. Entities like actors may instead be defined within a .xml file.  In any case, the class was not found. If the class uses a third party package, then the class would be present only if the third party package was found at compile time.  It may be necessary to upgrade Java or install the third party package, reconfigure and recompile.
Because:
Element <entity name="MicaLeds" class="ptolemy.domains.ptinyos.lib.MicaLeds"> caused an exception to be thrown.
  in .MicaBoard
Because:
Cannot find class: ptolemy.domains.ptinyos.lib.MicaLeds. In Ptolemy, classes are typically Java .class files. Entities like actors may instead be defined within a .xml file.  In any case, the class was not found. If the class uses a third party package, then the class would be present only if the third party package was found at compile time.  It may be necessary to upgrade Java or install the third party package, reconfigure and recompile.
Because:
-- /home/travis/build/icyphy/ptII/ptolemy/actor/ptalon/demo/ptinyos/SenseToLeds/ptolemy/domains/ptinyos/lib/MicaLeds.xml (No such file or directory)
-- XML file not found relative to classpath.
-- /home/travis/build/icyphy/ptII/ptolemy/vergil/basic/export/test/ptolemy/domains/ptinyos/lib/MicaLeds.xml
/home/travis/build/icyphy/ptII/ptolemy/vergil/basic/export/test/ptolemy/domains/ptinyos/lib/MicaLeds.xml (No such file or directory)
 in file:/home/travis/build/icyphy/ptII/ptolemy/actor/ptalon/demo/ptinyos/SenseToLeds/MicaBoard.xml at line 134 and column 63
	at ptolemy.moml.SimpleErrorHandler.handleError(SimpleErrorHandler.java:75)
	at ptolemy.moml.MoMLParser.startElement(MoMLParser.java:3805)
	at com.microstar.xml.XmlParser.parseElement(XmlParser.java:931)
	at com.microstar.xml.XmlParser.parseDocument(XmlParser.java:481)
	at com.microstar.xml.XmlParser.doParse(XmlParser.java:159)
	at com.microstar.xml.XmlParser.parse(XmlParser.java:132)
	at ptolemy.moml.MoMLParser.parse(MoMLParser.java:1660)
	at ptolemy.moml.MoMLParser.parse(MoMLParser.java:1617)
	at ptolemy.moml.MoMLParser.parse(MoMLParser.java:1792)
	at ptolemy.actor.ptalon.PtalonEvaluator.addActor(PtalonEvaluator.java:241)
	... 56 more
Caused by: ptolemy.kernel.util.IllegalActionException: Cannot find class: ptolemy.actor.ptalon.demo.ptinyos.SenseToLeds.MicaBoard. In Ptolemy, classes are typically Java .class files. Entities like actors may instead be defined within a .xml file.  In any case, the class was not found. If the class uses a third party package, then the class would be present only if the third party package was found at compile time.  It may be necessary to upgrade Java or install the third party package, reconfigure and recompile.
Because:
Element <entity name="MicaLeds" class="ptolemy.domains.ptinyos.lib.MicaLeds"> caused an exception to be thrown.
  in .MicaBoard
Because:
Cannot find class: ptolemy.domains.ptinyos.lib.MicaLeds. In Ptolemy, classes are typically Java .class files. Entities like actors may instead be defined within a .xml file.  In any case, the class was not found. If the class uses a third party package, then the class would be present only if the third party package was found at compile time.  It may be necessary to upgrade Java or install the third party package, reconfigure and recompile.
Because:
-- /home/travis/build/icyphy/ptII/ptolemy/actor/ptalon/demo/ptinyos/SenseToLeds/ptolemy/domains/ptinyos/lib/MicaLeds.xml (No such file or directory)
-- XML file not found relative to classpath.
-- /home/travis/build/icyphy/ptII/ptolemy/vergil/basic/export/test/ptolemy/domains/ptinyos/lib/MicaLeds.xml
/home/travis/build/icyphy/ptII/ptolemy/vergil/basic/export/test/ptolemy/domains/ptinyos/lib/MicaLeds.xml (No such file or directory)
 in file:/home/travis/build/icyphy/ptII/ptolemy/actor/ptalon/demo/ptinyos/SenseToLeds/MicaBoard.xml at line 134 and column 63
	at ptolemy.moml.MoMLParser._createEntity(MoMLParser.java:4330)
	at ptolemy.moml.MoMLParser.startElement(MoMLParser.java:2864)
	... 64 more
Caused by: ptolemy.kernel.util.InternalErrorException: Element <entity name="MicaLeds" class="ptolemy.domains.ptinyos.lib.MicaLeds"> caused an exception to be thrown.
  in .MicaBoard
Because:
Cannot find class: ptolemy.domains.ptinyos.lib.MicaLeds. In Ptolemy, classes are typically Java .class files. Entities like actors may instead be defined within a .xml file.  In any case, the class was not found. If the class uses a third party package, then the class would be present only if the third party package was found at compile time.  It may be necessary to upgrade Java or install the third party package, reconfigure and recompile.
Because:
-- /home/travis/build/icyphy/ptII/ptolemy/actor/ptalon/demo/ptinyos/SenseToLeds/ptolemy/domains/ptinyos/lib/MicaLeds.xml (No such file or directory)
-- XML file not found relative to classpath.
-- /home/travis/build/icyphy/ptII/ptolemy/vergil/basic/export/test/ptolemy/domains/ptinyos/lib/MicaLeds.xml
/home/travis/build/icyphy/ptII/ptolemy/vergil/basic/export/test/ptolemy/domains/ptinyos/lib/MicaLeds.xml (No such file or directory)
 in file:/home/travis/build/icyphy/ptII/ptolemy/actor/ptalon/demo/ptinyos/SenseToLeds/MicaBoard.xml at line 134 and column 63
	at ptolemy.moml.SimpleErrorHandler.handleError(SimpleErrorHandler.java:75)
	at ptolemy.moml.MoMLParser.startElement(MoMLParser.java:3805)
	at com.microstar.xml.XmlParser.parseElement(XmlParser.java:921)
	at com.microstar.xml.XmlParser.parseContent(XmlParser.java:1104)
	at com.microstar.xml.XmlParser.parseElement(XmlParser.java:924)
	at com.microstar.xml.XmlParser.parseDocument(XmlParser.java:481)
	at com.microstar.xml.XmlParser.doParse(XmlParser.java:159)
	at com.microstar.xml.XmlParser.parse(XmlParser.java:132)
	at ptolemy.moml.MoMLParser.parse(MoMLParser.java:1676)
	at ptolemy.moml.MoMLParser.parse(MoMLParser.java:1595)
	at ptolemy.moml.MoMLParser.parse(MoMLParser.java:1537)
	at ptolemy.moml.MoMLParser._findOrParse(MoMLParser.java:5286)
	at ptolemy.moml.MoMLParser._attemptToFindMoMLClass(MoMLParser.java:4075)
	at ptolemy.moml.MoMLParser._createEntity(MoMLParser.java:4323)
	... 65 more
Caused by: ptolemy.kernel.util.IllegalActionException: Cannot find class: ptolemy.domains.ptinyos.lib.MicaLeds. In Ptolemy, classes are typically Java .class files. Entities like actors may instead be defined within a .xml file.  In any case, the class was not found. If the class uses a third party package, then the class would be present only if the third party package was found at compile time.  It may be necessary to upgrade Java or install the third party package, reconfigure and recompile.
Because:
-- /home/travis/build/icyphy/ptII/ptolemy/actor/ptalon/demo/ptinyos/SenseToLeds/ptolemy/domains/ptinyos/lib/MicaLeds.xml (No such file or directory)
-- XML file not found relative to classpath.
-- /home/travis/build/icyphy/ptII/ptolemy/vergil/basic/export/test/ptolemy/domains/ptinyos/lib/MicaLeds.xml
/home/travis/build/icyphy/ptII/ptolemy/vergil/basic/export/test/ptolemy/domains/ptinyos/lib/MicaLeds.xml (No such file or directory)
 in file:/home/travis/build/icyphy/ptII/ptolemy/actor/ptalon/demo/ptinyos/SenseToLeds/MicaBoard.xml at line 134 and column 63
	at ptolemy.moml.MoMLParser._createEntity(MoMLParser.java:4330)
	at ptolemy.moml.MoMLParser.startElement(MoMLParser.java:2864)
	... 77 more
Caused by: com.microstar.xml.XmlException: -- /home/travis/build/icyphy/ptII/ptolemy/actor/ptalon/demo/ptinyos/SenseToLeds/ptolemy/domains/ptinyos/lib/MicaLeds.xml (No such file or directory)
-- XML file not found relative to classpath.
-- /home/travis/build/icyphy/ptII/ptolemy/vergil/basic/export/test/ptolemy/domains/ptinyos/lib/MicaLeds.xml
/home/travis/build/icyphy/ptII/ptolemy/vergil/basic/export/test/ptolemy/domains/ptinyos/lib/MicaLeds.xml (No such file or directory)
 in file:/home/travis/build/icyphy/ptII/ptolemy/actor/ptalon/demo/ptinyos/SenseToLeds/MicaBoard.xml at line 134 and column 63
	at ptolemy.moml.MoMLParser.fileNameToURL(MoMLParser.java:1414)
	at ptolemy.moml.MoMLParser._findOrParse(MoMLParser.java:5283)
	at ptolemy.moml.MoMLParser._attemptToFindMoMLClass(MoMLParser.java:4075)
	at ptolemy.moml.MoMLParser._createEntity(MoMLParser.java:4323)
	... 78 more
Caused by: ptolemy.actor.ptalon.PtalonRuntimeException: Unable to add actor null
	at ptolemy.actor.ptalon.PtalonEvaluator.addActor(PtalonEvaluator.java:300)
	at ptolemy.actor.ptalon.PtalonPopulator.actor_declaration(PtalonPopulator.java:1574)
	at ptolemy.actor.ptalon.PtalonPopulator.atomic_statement(PtalonPopulator.java:1638)
	at ptolemy.actor.ptalon.PtalonPopulator.iterative_statement_evaluator(PtalonPopulator.java:2484)
	at ptolemy.actor.ptalon.AbstractPtalonEvaluator$IfTree.evaluateForScope(AbstractPtalonEvaluator.java:1307)
	at ptolemy.actor.ptalon.AbstractPtalonEvaluator.evaluateForScope(AbstractPtalonEvaluator.java:744)
	at ptolemy.actor.ptalon.PtalonPopulator.iterative_statement(PtalonPopulator.java:2363)
	at ptolemy.actor.ptalon.PtalonPopulator.actor_definition(PtalonPopulator.java:2809)
	at ptolemy.actor.ptalon.PtalonActor.attributeChanged(PtalonActor.java:206)
	at ptolemy.actor.ptalon.PtalonMLHandler.startElement(PtalonMLHandler.java:134)
	at com.microstar.xml.XmlParser.parseElement(XmlParser.java:921)
	at com.microstar.xml.XmlParser.parseContent(XmlParser.java:1104)
	at com.microstar.xml.XmlParser.parseElement(XmlParser.java:924)
	at com.microstar.xml.XmlParser.parseDocument(XmlParser.java:481)
	at com.microstar.xml.XmlParser.doParse(XmlParser.java:159)
	at com.microstar.xml.XmlParser.parse(XmlParser.java:132)
	at ptolemy.actor.ptalon.PtalonActor.configure(PtalonActor.java:240)
	at ptolemy.moml.MoMLParser.endElement(MoMLParser.java:996)
	at com.microstar.xml.XmlParser.parseETag(XmlParser.java:1026)
	at com.microstar.xml.XmlParser.parseContent(XmlParser.java:1098)
	at com.microstar.xml.XmlParser.parseElement(XmlParser.java:924)
	at com.microstar.xml.XmlParser.parseContent(XmlParser.java:1104)
	at com.microstar.xml.XmlParser.parseElement(XmlParser.java:924)
	at com.microstar.xml.XmlParser.parseContent(XmlParser.java:1104)
	at com.microstar.xml.XmlParser.parseElement(XmlParser.java:924)
	at com.microstar.xml.XmlParser.parseDocument(XmlParser.java:481)
	at com.microstar.xml.XmlParser.doParse(XmlParser.java:159)
	at com.microstar.xml.XmlParser.parse(XmlParser.java:132)
	at ptolemy.moml.MoMLParser.parse(MoMLParser.java:1676)
	at ptolemy.moml.MoMLParser.parse(MoMLParser.java:1595)
	at ptolemy.moml.MoMLParser.parse(MoMLParser.java:1537)
	at ptolemy.actor.gui.PtolemyEffigy$Factory.createEffigy(PtolemyEffigy.java:424)
	at ptolemy.actor.gui.EffigyFactory.createEffigy(EffigyFactory.java:234)
	at ptolemy.actor.gui.Configuration.openModel(Configuration.java:1125)
	at ptolemy.actor.gui.Configuration.openModel(Configuration.java:1051)
	at ptolemy.actor.gui.ConfigurationApplication._openModel(ConfigurationApplication.java:1252)
	at ptolemy.actor.gui.ConfigurationApplication._parseArg(ConfigurationApplication.java:1399)
	at ptolemy.actor.gui.ConfigurationApplication._parseArgs(ConfigurationApplication.java:1478)
	at ptolemy.actor.gui.ConfigurationApplication.<init>(ConfigurationApplication.java:277)
	at ptolemy.actor.gui.ConfigurationApplication.<init>(ConfigurationApplication.java:214)
	at ptolemy.actor.gui.ConfigurationApplication.<init>(ConfigurationApplication.java:201)
	at ptolemy.actor.gui.ConfigurationApplication.openModelOrEntity(ConfigurationApplication.java:680)
	at ptolemy.vergil.basic.export.ExportModel$1.run(ExportModel.java:220)
	at java.awt.event.InvocationEvent.dispatch(InvocationEvent.java:301)
	at java.awt.EventQueue.dispatchEventImpl(EventQueue.java:756)
	at java.awt.EventQueue.access$500(EventQueue.java:97)
	at java.awt.EventQueue$3.run(EventQueue.java:709)
	at java.awt.EventQueue$3.run(EventQueue.java:703)
	at java.security.AccessController.doPrivileged(Native Method)
	at java.security.ProtectionDomain$JavaSecurityAccessImpl.doIntersectionPrivilege(ProtectionDomain.java:80)
	at java.awt.EventQueue.dispatchEvent(EventQueue.java:726)
	at java.awt.EventDispatchThread.pumpOneEventForFilters(EventDispatchThread.java:201)
	at java.awt.EventDispatchThread.pumpEventsForFilter(EventDispatchThread.java:116)
	at java.awt.EventDispatchThread.pumpEventsForHierarchy(EventDispatchThread.java:105)
	at java.awt.EventDispatchThread.pumpEvents(EventDispatchThread.java:101)
	at java.awt.EventDispatchThread.pumpEvents(EventDispatchThread.java:93)
	at java.awt.EventDispatchThread.run(EventDispatchThread.java:82)
Caused by: ptolemy.kernel.util.InternalErrorException: Element <entity name="node1" class="ptolemy.actor.ptalon.demo.ptinyos.SenseToLeds.MicaBoard"> caused an exception to be thrown.
  in .SenseToLeds.SenseToLeds
Because:
Cannot find class: ptolemy.actor.ptalon.demo.ptinyos.SenseToLeds.MicaBoard. In Ptolemy, classes are typically Java .class files. Entities like actors may instead be defined within a .xml file.  In any case, the class was not found. If the class uses a third party package, then the class would be present only if the third party package was found at compile time.  It may be necessary to upgrade Java or install the third party package, reconfigure and recompile.
Because:
Element <entity name="MicaLeds" class="ptolemy.domains.ptinyos.lib.MicaLeds"> caused an exception to be thrown.
  in .MicaBoard
Because:
Cannot find class: ptolemy.domains.ptinyos.lib.MicaLeds. In Ptolemy, classes are typically Java .class files. Entities like actors may instead be defined within a .xml file.  In any case, the class was not found. If the class uses a third party package, then the class would be present only if the third party package was found at compile time.  It may be necessary to upgrade Java or install the third party package, reconfigure and recompile.
Because:
-- /home/travis/build/icyphy/ptII/ptolemy/actor/ptalon/demo/ptinyos/SenseToLeds/ptolemy/domains/ptinyos/lib/MicaLeds.xml (No such file or directory)
-- XML file not found relative to classpath.
-- /home/travis/build/icyphy/ptII/ptolemy/vergil/basic/export/test/ptolemy/domains/ptinyos/lib/MicaLeds.xml
/home/travis/build/icyphy/ptII/ptolemy/vergil/basic/export/test/ptolemy/domains/ptinyos/lib/MicaLeds.xml (No such file or directory)
 in file:/home/travis/build/icyphy/ptII/ptolemy/actor/ptalon/demo/ptinyos/SenseToLeds/MicaBoard.xml at line 134 and column 63
	at ptolemy.moml.SimpleErrorHandler.handleError(SimpleErrorHandler.java:75)
	at ptolemy.moml.MoMLParser.startElement(MoMLParser.java:3805)
	at com.microstar.xml.XmlParser.parseElement(XmlParser.java:931)
	at com.microstar.xml.XmlParser.parseDocument(XmlParser.java:481)
	at com.microstar.xml.XmlParser.doParse(XmlParser.java:159)
	at com.microstar.xml.XmlParser.parse(XmlParser.java:132)
	at ptolemy.moml.MoMLParser.parse(MoMLParser.java:1660)
	at ptolemy.moml.MoMLParser.parse(MoMLParser.java:1617)
	at ptolemy.moml.MoMLParser.parse(MoMLParser.java:1792)
	at ptolemy.actor.ptalon.PtalonEvaluator.addActor(PtalonEvaluator.java:241)
	... 56 more
Caused by: ptolemy.kernel.util.IllegalActionException: Cannot find class: ptolemy.actor.ptalon.demo.ptinyos.SenseToLeds.MicaBoard. In Ptolemy, classes are typically Java .class files. Entities like actors may instead be defined within a .xml file.  In any case, the class was not found. If the class uses a third party package, then the class would be present only if the third party package was found at compile time.  It may be necessary to upgrade Java or install the third party package, reconfigure and recompile.
Because:
Element <entity name="MicaLeds" class="ptolemy.domains.ptinyos.lib.MicaLeds"> caused an exception to be thrown.
  in .MicaBoard
Because:
Cannot find class: ptolemy.domains.ptinyos.lib.MicaLeds. In Ptolemy, classes are typically Java .class files. Entities like actors may instead be defined within a .xml file.  In any case, the class was not found. If the class uses a third party package, then the class would be present only if the third party package was found at compile time.  It may be necessary to upgrade Java or install the third party package, reconfigure and recompile.
Because:
-- /home/travis/build/icyphy/ptII/ptolemy/actor/ptalon/demo/ptinyos/SenseToLeds/ptolemy/domains/ptinyos/lib/MicaLeds.xml (No such file or directory)
-- XML file not found relative to classpath.
-- /home/travis/build/icyphy/ptII/ptolemy/vergil/basic/export/test/ptolemy/domains/ptinyos/lib/MicaLeds.xml
/home/travis/build/icyphy/ptII/ptolemy/vergil/basic/export/test/ptolemy/domains/ptinyos/lib/MicaLeds.xml (No such file or directory)
 in file:/home/travis/build/icyphy/ptII/ptolemy/actor/ptalon/demo/ptinyos/SenseToLeds/MicaBoard.xml at line 134 and column 63
	at ptolemy.moml.MoMLParser._createEntity(MoMLParser.java:4330)
	at ptolemy.moml.MoMLParser.startElement(MoMLParser.java:2864)
	... 64 more
Caused by: ptolemy.kernel.util.InternalErrorException: Element <entity name="MicaLeds" class="ptolemy.domains.ptinyos.lib.MicaLeds"> caused an exception to be thrown.
  in .MicaBoard
Because:
Cannot find class: ptolemy.domains.ptinyos.lib.MicaLeds. In Ptolemy, classes are typically Java .class files. Entities like actors may instead be defined within a .xml file.  In any case, the class was not found. If the class uses a third party package, then the class would be present only if the third party package was found at compile time.  It may be necessary to upgrade Java or install the third party package, reconfigure and recompile.
Because:
-- /home/travis/build/icyphy/ptII/ptolemy/actor/ptalon/demo/ptinyos/SenseToLeds/ptolemy/domains/ptinyos/lib/MicaLeds.xml (No such file or directory)
-- XML file not found relative to classpath.
-- /home/travis/build/icyphy/ptII/ptolemy/vergil/basic/export/test/ptolemy/domains/ptinyos/lib/MicaLeds.xml
/home/travis/build/icyphy/ptII/ptolemy/vergil/basic/export/test/ptolemy/domains/ptinyos/lib/MicaLeds.xml (No such file or directory)
 in file:/home/travis/build/icyphy/ptII/ptolemy/actor/ptalon/demo/ptinyos/SenseToLeds/MicaBoard.xml at line 134 and column 63
	at ptolemy.moml.SimpleErrorHandler.handleError(SimpleErrorHandler.java:75)
	at ptolemy.moml.MoMLParser.startElement(MoMLParser.java:3805)
	at com.microstar.xml.XmlParser.parseElement(XmlParser.java:921)
	at com.microstar.xml.XmlParser.parseContent(XmlParser.java:1104)
	at com.microstar.xml.XmlParser.parseElement(XmlParser.java:924)
	at com.microstar.xml.XmlParser.parseDocument(XmlParser.java:481)
	at com.microstar.xml.XmlParser.doParse(XmlParser.java:159)
	at com.microstar.xml.XmlParser.parse(XmlParser.java:132)
	at ptolemy.moml.MoMLParser.parse(MoMLParser.java:1676)
	at ptolemy.moml.MoMLParser.parse(MoMLParser.java:1595)
	at ptolemy.moml.MoMLParser.parse(MoMLParser.java:1537)
	at ptolemy.moml.MoMLParser._findOrParse(MoMLParser.java:5286)
	at ptolemy.moml.MoMLParser._attemptToFindMoMLClass(MoMLParser.java:4075)
	at ptolemy.moml.MoMLParser._createEntity(MoMLParser.java:4323)
	... 65 more
Caused by: ptolemy.kernel.util.IllegalActionException: Cannot find class: ptolemy.domains.ptinyos.lib.MicaLeds. In Ptolemy, classes are typically Java .class files. Entities like actors may instead be defined within a .xml file.  In any case, the class was not found. If the class uses a third party package, then the class would be present only if the third party package was found at compile time.  It may be necessary to upgrade Java or install the third party package, reconfigure and recompile.
Because:
-- /home/travis/build/icyphy/ptII/ptolemy/actor/ptalon/demo/ptinyos/SenseToLeds/ptolemy/domains/ptinyos/lib/MicaLeds.xml (No such file or directory)
-- XML file not found relative to classpath.
-- /home/travis/build/icyphy/ptII/ptolemy/vergil/basic/export/test/ptolemy/domains/ptinyos/lib/MicaLeds.xml
/home/travis/build/icyphy/ptII/ptolemy/vergil/basic/export/test/ptolemy/domains/ptinyos/lib/MicaLeds.xml (No such file or directory)
 in file:/home/travis/build/icyphy/ptII/ptolemy/actor/ptalon/demo/ptinyos/SenseToLeds/MicaBoard.xml at line 134 and column 63
	at ptolemy.moml.MoMLParser._createEntity(MoMLParser.java:4330)
	at ptolemy.moml.MoMLParser.startElement(MoMLParser.java:2864)
	... 77 more
Caused by: com.microstar.xml.XmlException: -- /home/travis/build/icyphy/ptII/ptolemy/actor/ptalon/demo/ptinyos/SenseToLeds/ptolemy/domains/ptinyos/lib/MicaLeds.xml (No such file or directory)
-- XML file not found relative to classpath.
-- /home/travis/build/icyphy/ptII/ptolemy/vergil/basic/export/test/ptolemy/domains/ptinyos/lib/MicaLeds.xml
/home/travis/build/icyphy/ptII/ptolemy/vergil/basic/export/test/ptolemy/domains/ptinyos/lib/MicaLeds.xml (No such file or directory)
 in file:/home/travis/build/icyphy/ptII/ptolemy/actor/ptalon/demo/ptinyos/SenseToLeds/MicaBoard.xml at line 134 and column 63
	at ptolemy.moml.MoMLParser.fileNameToURL(MoMLParser.java:1414)
	at ptolemy.moml.MoMLParser._findOrParse(MoMLParser.java:5283)
	at ptolemy.moml.MoMLParser._attemptToFindMoMLClass(MoMLParser.java:4075)
	at ptolemy.moml.MoMLParser._createEntity(MoMLParser.java:4323)
	... 78 more
ptolemy.kernel.util.IllegalActionException: Failed to process attribute change to PtalonParameter, whose value is "ptolemy.actor.ptalon.PtalonExpressionParameter {.SenseToLeds.SenseToLeds.n} 2".
  in .SenseToLeds.SenseToLeds
Because:
Unable to add actor null
	at ptolemy.actor.ptalon.PtalonActor.attributeChanged(PtalonActor.java:211)
	at ptolemy.actor.ptalon.PtalonMLHandler.startElement(PtalonMLHandler.java:134)
	at com.microstar.xml.XmlParser.parseElement(XmlParser.java:921)
	at com.microstar.xml.XmlParser.parseContent(XmlParser.java:1104)
	at com.microstar.xml.XmlParser.parseElement(XmlParser.java:924)
	at com.microstar.xml.XmlParser.parseDocument(XmlParser.java:481)
	at com.microstar.xml.XmlParser.doParse(XmlParser.java:159)
	at com.microstar.xml.XmlParser.parse(XmlParser.java:132)
	at ptolemy.actor.ptalon.PtalonActor.configure(PtalonActor.java:240)
	at ptolemy.moml.MoMLParser.endElement(MoMLParser.java:996)
	at com.microstar.xml.XmlParser.parseETag(XmlParser.java:1026)
	at com.microstar.xml.XmlParser.parseContent(XmlParser.java:1098)
	at com.microstar.xml.XmlParser.parseElement(XmlParser.java:924)
	at com.microstar.xml.XmlParser.parseContent(XmlParser.java:1104)
	at com.microstar.xml.XmlParser.parseElement(XmlParser.java:924)
	at com.microstar.xml.XmlParser.parseContent(XmlParser.java:1104)
	at com.microstar.xml.XmlParser.parseElement(XmlParser.java:924)
	at com.microstar.xml.XmlParser.parseDocument(XmlParser.java:481)
	at com.microstar.xml.XmlParser.doParse(XmlParser.java:159)
	at com.microstar.xml.XmlParser.parse(XmlParser.java:132)
	at ptolemy.moml.MoMLParser.parse(MoMLParser.java:1676)
	at ptolemy.moml.MoMLParser.parse(MoMLParser.java:1595)
	at ptolemy.moml.MoMLParser.parse(MoMLParser.java:1537)
	at ptolemy.actor.gui.PtolemyEffigy$Factory.createEffigy(PtolemyEffigy.java:424)
	at ptolemy.actor.gui.EffigyFactory.createEffigy(EffigyFactory.java:234)
	at ptolemy.actor.gui.Configuration.openModel(Configuration.java:1125)
	at ptolemy.actor.gui.Configuration.openModel(Configuration.java:1051)
	at ptolemy.actor.gui.ConfigurationApplication._openModel(ConfigurationApplication.java:1252)
	at ptolemy.actor.gui.ConfigurationApplication._parseArg(ConfigurationApplication.java:1399)
	at ptolemy.actor.gui.ConfigurationApplication._parseArgs(ConfigurationApplication.java:1478)
	at ptolemy.actor.gui.ConfigurationApplication.<init>(ConfigurationApplication.java:277)
	at ptolemy.actor.gui.ConfigurationApplication.<init>(ConfigurationApplication.java:214)
	at ptolemy.actor.gui.ConfigurationApplication.<init>(ConfigurationApplication.java:201)
	at ptolemy.actor.gui.ConfigurationApplication.openModelOrEntity(ConfigurationApplication.java:680)
	at ptolemy.vergil.basic.export.ExportModel$1.run(ExportModel.java:220)
	at java.awt.event.InvocationEvent.dispatch(InvocationEvent.java:301)
	at java.awt.EventQueue.dispatchEventImpl(EventQueue.java:756)
	at java.awt.EventQueue.access$500(EventQueue.java:97)
	at java.awt.EventQueue$3.run(EventQueue.java:709)
	at java.awt.EventQueue$3.run(EventQueue.java:703)
	at java.security.AccessController.doPrivileged(Native Method)
	at java.security.ProtectionDomain$JavaSecurityAccessImpl.doIntersectionPrivilege(ProtectionDomain.java:80)
	at java.awt.EventQueue.dispatchEvent(EventQueue.java:726)
	at java.awt.EventDispatchThread.pumpOneEventForFilters(EventDispatchThread.java:201)
	at java.awt.EventDispatchThread.pumpEventsForFilter(EventDispatchThread.java:116)
	at java.awt.EventDispatchThread.pumpEventsForHierarchy(EventDispatchThread.java:105)
	at java.awt.EventDispatchThread.pumpEvents(EventDispatchThread.java:101)
	at java.awt.EventDispatchThread.pumpEvents(EventDispatchThread.java:93)
	at java.awt.EventDispatchThread.run(EventDispatchThread.java:82)
Caused by: ptolemy.actor.ptalon.PtalonRuntimeException: Unable to add actor null
	at ptolemy.actor.ptalon.PtalonEvaluator.addActor(PtalonEvaluator.java:300)
	at ptolemy.actor.ptalon.PtalonPopulator.actor_declaration(PtalonPopulator.java:1574)
	at ptolemy.actor.ptalon.PtalonPopulator.atomic_statement(PtalonPopulator.java:1638)
	at ptolemy.actor.ptalon.PtalonPopulator.iterative_statement_evaluator(PtalonPopulator.java:2484)
	at ptolemy.actor.ptalon.AbstractPtalonEvaluator$IfTree.evaluateForScope(AbstractPtalonEvaluator.java:1307)
	at ptolemy.actor.ptalon.AbstractPtalonEvaluator.evaluateForScope(AbstractPtalonEvaluator.java:744)
	at ptolemy.actor.ptalon.PtalonPopulator.iterative_statement(PtalonPopulator.java:2363)
	at ptolemy.actor.ptalon.PtalonPopulator.actor_definition(PtalonPopulator.java:2809)
	at ptolemy.actor.ptalon.PtalonActor.attributeChanged(PtalonActor.java:206)
	... 48 more
Caused by: ptolemy.kernel.util.InternalErrorException: Element <entity name="node1" class="ptolemy.actor.ptalon.demo.ptinyos.SenseToLeds.MicaBoard"> caused an exception to be thrown.
  in .SenseToLeds.SenseToLeds
Because:
Cannot find class: ptolemy.actor.ptalon.demo.ptinyos.SenseToLeds.MicaBoard. In Ptolemy, classes are typically Java .class files. Entities like actors may instead be defined within a .xml file.  In any case, the class was not found. If the class uses a third party package, then the class would be present only if the third party package was found at compile time.  It may be necessary to upgrade Java or install the third party package, reconfigure and recompile.
Because:
Element <entity name="MicaLeds" class="ptolemy.domains.ptinyos.lib.MicaLeds"> caused an exception to be thrown.
  in .MicaBoard
Because:
Cannot find class: ptolemy.domains.ptinyos.lib.MicaLeds. In Ptolemy, classes are typically Java .class files. Entities like actors may instead be defined within a .xml file.  In any case, the class was not found. If the class uses a third party package, then the class would be present only if the third party package was found at compile time.  It may be necessary to upgrade Java or install the third party package, reconfigure and recompile.
Because:
-- /home/travis/build/icyphy/ptII/ptolemy/actor/ptalon/demo/ptinyos/SenseToLeds/ptolemy/domains/ptinyos/lib/MicaLeds.xml (No such file or directory)
-- XML file not found relative to classpath.
-- /home/travis/build/icyphy/ptII/ptolemy/vergil/basic/export/test/ptolemy/domains/ptinyos/lib/MicaLeds.xml
/home/travis/build/icyphy/ptII/ptolemy/vergil/basic/export/test/ptolemy/domains/ptinyos/lib/MicaLeds.xml (No such file or directory)
 in file:/home/travis/build/icyphy/ptII/ptolemy/actor/ptalon/demo/ptinyos/SenseToLeds/MicaBoard.xml at line 134 and column 63
	at ptolemy.moml.SimpleErrorHandler.handleError(SimpleErrorHandler.java:75)
	at ptolemy.moml.MoMLParser.startElement(MoMLParser.java:3805)
	at com.microstar.xml.XmlParser.parseElement(XmlParser.java:931)
	at com.microstar.xml.XmlParser.parseDocument(XmlParser.java:481)
	at com.microstar.xml.XmlParser.doParse(XmlParser.java:159)
	at com.microstar.xml.XmlParser.parse(XmlParser.java:132)
	at ptolemy.moml.MoMLParser.parse(MoMLParser.java:1660)
	at ptolemy.moml.MoMLParser.parse(MoMLParser.java:1617)
	at ptolemy.moml.MoMLParser.parse(MoMLParser.java:1792)
	at ptolemy.actor.ptalon.PtalonEvaluator.addActor(PtalonEvaluator.java:241)
	... 56 more
Caused by: ptolemy.kernel.util.IllegalActionException: Cannot find class: ptolemy.actor.ptalon.demo.ptinyos.SenseToLeds.MicaBoard. In Ptolemy, classes are typically Java .class files. Entities like actors may instead be defined within a .xml file.  In any case, the class was not found. If the class uses a third party package, then the class would be present only if the third party package was found at compile time.  It may be necessary to upgrade Java or install the third party package, reconfigure and recompile.
Because:
Element <entity name="MicaLeds" class="ptolemy.domains.ptinyos.lib.MicaLeds"> caused an exception to be thrown.
  in .MicaBoard
Because:
Cannot find class: ptolemy.domains.ptinyos.lib.MicaLeds. In Ptolemy, classes are typically Java .class files. Entities like actors may instead be defined within a .xml file.  In any case, the class was not found. If the class uses a third party package, then the class would be present only if the third party package was found at compile time.  It may be necessary to upgrade Java or install the third party package, reconfigure and recompile.
Because:
-- /home/travis/build/icyphy/ptII/ptolemy/actor/ptalon/demo/ptinyos/SenseToLeds/ptolemy/domains/ptinyos/lib/MicaLeds.xml (No such file or directory)
-- XML file not found relative to classpath.
-- /home/travis/build/icyphy/ptII/ptolemy/vergil/basic/export/test/ptolemy/domains/ptinyos/lib/MicaLeds.xml
/home/travis/build/icyphy/ptII/ptolemy/vergil/basic/export/test/ptolemy/domains/ptinyos/lib/MicaLeds.xml (No such file or directory)
 in file:/home/travis/build/icyphy/ptII/ptolemy/actor/ptalon/demo/ptinyos/SenseToLeds/MicaBoard.xml at line 134 and column 63
	at ptolemy.moml.MoMLParser._createEntity(MoMLParser.java:4330)
	at ptolemy.moml.MoMLParser.startElement(MoMLParser.java:2864)
	... 64 more
Caused by: ptolemy.kernel.util.InternalErrorException: Element <entity name="MicaLeds" class="ptolemy.domains.ptinyos.lib.MicaLeds"> caused an exception to be thrown.
  in .MicaBoard
Because:
Cannot find class: ptolemy.domains.ptinyos.lib.MicaLeds. In Ptolemy, classes are typically Java .class files. Entities like actors may instead be defined within a .xml file.  In any case, the class was not found. If the class uses a third party package, then the class would be present only if the third party package was found at compile time.  It may be necessary to upgrade Java or install the third party package, reconfigure and recompile.
Because:
-- /home/travis/build/icyphy/ptII/ptolemy/actor/ptalon/demo/ptinyos/SenseToLeds/ptolemy/domains/ptinyos/lib/MicaLeds.xml (No such file or directory)
-- XML file not found relative to classpath.
-- /home/travis/build/icyphy/ptII/ptolemy/vergil/basic/export/test/ptolemy/domains/ptinyos/lib/MicaLeds.xml
/home/travis/build/icyphy/ptII/ptolemy/vergil/basic/export/test/ptolemy/domains/ptinyos/lib/MicaLeds.xml (No such file or directory)
 in file:/home/travis/build/icyphy/ptII/ptolemy/actor/ptalon/demo/ptinyos/SenseToLeds/MicaBoard.xml at line 134 and column 63
	at ptolemy.moml.SimpleErrorHandler.handleError(SimpleErrorHandler.java:75)
	at ptolemy.moml.MoMLParser.startElement(MoMLParser.java:3805)
	at com.microstar.xml.XmlParser.parseElement(XmlParser.java:921)
	at com.microstar.xml.XmlParser.parseContent(XmlParser.java:1104)
	at com.microstar.xml.XmlParser.parseElement(XmlParser.java:924)
	at com.microstar.xml.XmlParser.parseDocument(XmlParser.java:481)
	at com.microstar.xml.XmlParser.doParse(XmlParser.java:159)
	at com.microstar.xml.XmlParser.parse(XmlParser.java:132)
	at ptolemy.moml.MoMLParser.parse(MoMLParser.java:1676)
	at ptolemy.moml.MoMLParser.parse(MoMLParser.java:1595)
	at ptolemy.moml.MoMLParser.parse(MoMLParser.java:1537)
	at ptolemy.moml.MoMLParser._findOrParse(MoMLParser.java:5286)
	at ptolemy.moml.MoMLParser._attemptToFindMoMLClass(MoMLParser.java:4075)
	at ptolemy.moml.MoMLParser._createEntity(MoMLParser.java:4323)
	... 65 more
Caused by: ptolemy.kernel.util.IllegalActionException: Cannot find class: ptolemy.domains.ptinyos.lib.MicaLeds. In Ptolemy, classes are typically Java .class files. Entities like actors may instead be defined within a .xml file.  In any case, the class was not found. If the class uses a third party package, then the class would be present only if the third party package was found at compile time.  It may be necessary to upgrade Java or install the third party package, reconfigure and recompile.
Because:
-- /home/travis/build/icyphy/ptII/ptolemy/actor/ptalon/demo/ptinyos/SenseToLeds/ptolemy/domains/ptinyos/lib/MicaLeds.xml (No such file or directory)
-- XML file not found relative to classpath.
-- /home/travis/build/icyphy/ptII/ptolemy/vergil/basic/export/test/ptolemy/domains/ptinyos/lib/MicaLeds.xml
/home/travis/build/icyphy/ptII/ptolemy/vergil/basic/export/test/ptolemy/domains/ptinyos/lib/MicaLeds.xml (No such file or directory)
 in file:/home/travis/build/icyphy/ptII/ptolemy/actor/ptalon/demo/ptinyos/SenseToLeds/MicaBoard.xml at line 134 and column 63
	at ptolemy.moml.MoMLParser._createEntity(MoMLParser.java:4330)
	at ptolemy.moml.MoMLParser.startElement(MoMLParser.java:2864)
	... 77 more
Caused by: com.microstar.xml.XmlException: -- /home/travis/build/icyphy/ptII/ptolemy/actor/ptalon/demo/ptinyos/SenseToLeds/ptolemy/domains/ptinyos/lib/MicaLeds.xml (No such file or directory)
-- XML file not found relative to classpath.
-- /home/travis/build/icyphy/ptII/ptolemy/vergil/basic/export/test/ptolemy/domains/ptinyos/lib/MicaLeds.xml
/home/travis/build/icyphy/ptII/ptolemy/vergil/basic/export/test/ptolemy/domains/ptinyos/lib/MicaLeds.xml (No such file or directory)
 in file:/home/travis/build/icyphy/ptII/ptolemy/actor/ptalon/demo/ptinyos/SenseToLeds/MicaBoard.xml at line 134 and column 63
	at ptolemy.moml.MoMLParser.fileNameToURL(MoMLParser.java:1414)
	at ptolemy.moml.MoMLParser._findOrParse(MoMLParser.java:5283)
	at ptolemy.moml.MoMLParser._attemptToFindMoMLClass(MoMLParser.java:4075)
	at ptolemy.moml.MoMLParser._createEntity(MoMLParser.java:4323)
	... 78 more
Caused by: ptolemy.actor.ptalon.PtalonRuntimeException: Unable to add actor null
	at ptolemy.actor.ptalon.PtalonEvaluator.addActor(PtalonEvaluator.java:300)
	at ptolemy.actor.ptalon.PtalonPopulator.actor_declaration(PtalonPopulator.java:1574)
	at ptolemy.actor.ptalon.PtalonPopulator.atomic_statement(PtalonPopulator.java:1638)
	at ptolemy.actor.ptalon.PtalonPopulator.iterative_statement_evaluator(PtalonPopulator.java:2484)
	at ptolemy.actor.ptalon.AbstractPtalonEvaluator$IfTree.evaluateForScope(AbstractPtalonEvaluator.java:1307)
	at ptolemy.actor.ptalon.AbstractPtalonEvaluator.evaluateForScope(AbstractPtalonEvaluator.java:744)
	at ptolemy.actor.ptalon.PtalonPopulator.iterative_statement(PtalonPopulator.java:2363)
	at ptolemy.actor.ptalon.PtalonPopulator.actor_definition(PtalonPopulator.java:2809)
	at ptolemy.actor.ptalon.PtalonActor.attributeChanged(PtalonActor.java:206)
	at ptolemy.actor.ptalon.PtalonMLHandler.startElement(PtalonMLHandler.java:134)
	at com.microstar.xml.XmlParser.parseElement(XmlParser.java:921)
	at com.microstar.xml.XmlParser.parseContent(XmlParser.java:1104)
	at com.microstar.xml.XmlParser.parseElement(XmlParser.java:924)
	at com.microstar.xml.XmlParser.parseDocument(XmlParser.java:481)
	at com.microstar.xml.XmlParser.doParse(XmlParser.java:159)
	at com.microstar.xml.XmlParser.parse(XmlParser.java:132)
	at ptolemy.actor.ptalon.PtalonActor.configure(PtalonActor.java:240)
	at ptolemy.moml.MoMLParser.endElement(MoMLParser.java:996)
	at com.microstar.xml.XmlParser.parseETag(XmlParser.java:1026)
	at com.microstar.xml.XmlParser.parseContent(XmlParser.java:1098)
	at com.microstar.xml.XmlParser.parseElement(XmlParser.java:924)
	at com.microstar.xml.XmlParser.parseContent(XmlParser.java:1104)
	at com.microstar.xml.XmlParser.parseElement(XmlParser.java:924)
	at com.microstar.xml.XmlParser.parseContent(XmlParser.java:1104)
	at com.microstar.xml.XmlParser.parseElement(XmlParser.java:924)
	at com.microstar.xml.XmlParser.parseDocument(XmlParser.java:481)
	at com.microstar.xml.XmlParser.doParse(XmlParser.java:159)
	at com.microstar.xml.XmlParser.parse(XmlParser.java:132)
	at ptolemy.moml.MoMLParser.parse(MoMLParser.java:1676)
	at ptolemy.moml.MoMLParser.parse(MoMLParser.java:1595)
	at ptolemy.moml.MoMLParser.parse(MoMLParser.java:1537)
	at ptolemy.actor.gui.PtolemyEffigy$Factory.createEffigy(PtolemyEffigy.java:424)
	at ptolemy.actor.gui.EffigyFactory.createEffigy(EffigyFactory.java:234)
	at ptolemy.actor.gui.Configuration.openModel(Configuration.java:1125)
	at ptolemy.actor.gui.Configuration.openModel(Configuration.java:1051)
	at ptolemy.actor.gui.ConfigurationApplication._openModel(ConfigurationApplication.java:1252)
	at ptolemy.actor.gui.ConfigurationApplication._parseArg(ConfigurationApplication.java:1399)
	at ptolemy.actor.gui.ConfigurationApplication._parseArgs(ConfigurationApplication.java:1478)
	at ptolemy.actor.gui.ConfigurationApplication.<init>(ConfigurationApplication.java:277)
	at ptolemy.actor.gui.ConfigurationApplication.<init>(ConfigurationApplication.java:214)
	at ptolemy.actor.gui.ConfigurationApplication.<init>(ConfigurationApplication.java:201)
	at ptolemy.actor.gui.ConfigurationApplication.openModelOrEntity(ConfigurationApplication.java:680)
	at ptolemy.vergil.basic.export.ExportModel$1.run(ExportModel.java:220)
	at java.awt.event.InvocationEvent.dispatch(InvocationEvent.java:301)
	at java.awt.EventQueue.dispatchEventImpl(EventQueue.java:756)
	at java.awt.EventQueue.access$500(EventQueue.java:97)
	at java.awt.EventQueue$3.run(EventQueue.java:709)
	at java.awt.EventQueue$3.run(EventQueue.java:703)
	at java.security.AccessController.doPrivileged(Native Method)
	at java.security.ProtectionDomain$JavaSecurityAccessImpl.doIntersectionPrivilege(ProtectionDomain.java:80)
	at java.awt.EventQueue.dispatchEvent(EventQueue.java:726)
	at java.awt.EventDispatchThread.pumpOneEventForFilters(EventDispatchThread.java:201)
	at java.awt.EventDispatchThread.pumpEventsForFilter(EventDispatchThread.java:116)
	at java.awt.EventDispatchThread.pumpEventsForHierarchy(EventDispatchThread.java:105)
	at java.awt.EventDispatchThread.pumpEvents(EventDispatchThread.java:101)
	at java.awt.EventDispatchThread.pumpEvents(EventDispatchThread.java:93)
	at java.awt.EventDispatchThread.run(EventDispatchThread.java:82)
Caused by: ptolemy.kernel.util.InternalErrorException: Element <entity name="node1" class="ptolemy.actor.ptalon.demo.ptinyos.SenseToLeds.MicaBoard"> caused an exception to be thrown.
  in .SenseToLeds.SenseToLeds
Because:
Cannot find class: ptolemy.actor.ptalon.demo.ptinyos.SenseToLeds.MicaBoard. In Ptolemy, classes are typically Java .class files. Entities like actors may instead be defined within a .xml file.  In any case, the class was not found. If the class uses a third party package, then the class would be present only if the third party package was found at compile time.  It may be necessary to upgrade Java or install the third party package, reconfigure and recompile.
Because:
Element <entity name="MicaLeds" class="ptolemy.domains.ptinyos.lib.MicaLeds"> caused an exception to be thrown.
  in .MicaBoard
Because:
Cannot find class: ptolemy.domains.ptinyos.lib.MicaLeds. In Ptolemy, classes are typically Java .class files. Entities like actors may instead be defined within a .xml file.  In any case, the class was not found. If the class uses a third party package, then the class would be present only if the third party package was found at compile time.  It may be necessary to upgrade Java or install the third party package, reconfigure and recompile.
Because:
-- /home/travis/build/icyphy/ptII/ptolemy/actor/ptalon/demo/ptinyos/SenseToLeds/ptolemy/domains/ptinyos/lib/MicaLeds.xml (No such file or directory)
-- XML file not found relative to classpath.
-- /home/travis/build/icyphy/ptII/ptolemy/vergil/basic/export/test/ptolemy/domains/ptinyos/lib/MicaLeds.xml
/home/travis/build/icyphy/ptII/ptolemy/vergil/basic/export/test/ptolemy/domains/ptinyos/lib/MicaLeds.xml (No such file or directory)
 in file:/home/travis/build/icyphy/ptII/ptolemy/actor/ptalon/demo/ptinyos/SenseToLeds/MicaBoard.xml at line 134 and column 63
	at ptolemy.moml.SimpleErrorHandler.handleError(SimpleErrorHandler.java:75)
	at ptolemy.moml.MoMLParser.startElement(MoMLParser.java:3805)
	at com.microstar.xml.XmlParser.parseElement(XmlParser.java:931)
	at com.microstar.xml.XmlParser.parseDocument(XmlParser.java:481)
	at com.microstar.xml.XmlParser.doParse(XmlParser.java:159)
	at com.microstar.xml.XmlParser.parse(XmlParser.java:132)
	at ptolemy.moml.MoMLParser.parse(MoMLParser.java:1660)
	at ptolemy.moml.MoMLParser.parse(MoMLParser.java:1617)
	at ptolemy.moml.MoMLParser.parse(MoMLParser.java:1792)
	at ptolemy.actor.ptalon.PtalonEvaluator.addActor(PtalonEvaluator.java:241)
	... 56 more
Caused by: ptolemy.kernel.util.IllegalActionException: Cannot find class: ptolemy.actor.ptalon.demo.ptinyos.SenseToLeds.MicaBoard. In Ptolemy, classes are typically Java .class files. Entities like actors may instead be defined within a .xml file.  In any case, the class was not found. If the class uses a third party package, then the class would be present only if the third party package was found at compile time.  It may be necessary to upgrade Java or install the third party package, reconfigure and recompile.
Because:
Element <entity name="MicaLeds" class="ptolemy.domains.ptinyos.lib.MicaLeds"> caused an exception to be thrown.
  in .MicaBoard
Because:
Cannot find class: ptolemy.domains.ptinyos.lib.MicaLeds. In Ptolemy, classes are typically Java .class files. Entities like actors may instead be defined within a .xml file.  In any case, the class was not found. If the class uses a third party package, then the class would be present only if the third party package was found at compile time.  It may be necessary to upgrade Java or install the third party package, reconfigure and recompile.
Because:
-- /home/travis/build/icyphy/ptII/ptolemy/actor/ptalon/demo/ptinyos/SenseToLeds/ptolemy/domains/ptinyos/lib/MicaLeds.xml (No such file or directory)
-- XML file not found relative to classpath.
-- /home/travis/build/icyphy/ptII/ptolemy/vergil/basic/export/test/ptolemy/domains/ptinyos/lib/MicaLeds.xml
/home/travis/build/icyphy/ptII/ptolemy/vergil/basic/export/test/ptolemy/domains/ptinyos/lib/MicaLeds.xml (No such file or directory)
 in file:/home/travis/build/icyphy/ptII/ptolemy/actor/ptalon/demo/ptinyos/SenseToLeds/MicaBoard.xml at line 134 and column 63
	at ptolemy.moml.MoMLParser._createEntity(MoMLParser.java:4330)
	at ptolemy.moml.MoMLParser.startElement(MoMLParser.java:2864)
	... 64 more
Caused by: ptolemy.kernel.util.InternalErrorException: Element <entity name="MicaLeds" class="ptolemy.domains.ptinyos.lib.MicaLeds"> caused an exception to be thrown.
  in .MicaBoard
Because:
Cannot find class: ptolemy.domains.ptinyos.lib.MicaLeds. In Ptolemy, classes are typically Java .class files. Entities like actors may instead be defined within a .xml file.  In any case, the class was not found. If the class uses a third party package, then the class would be present only if the third party package was found at compile time.  It may be necessary to upgrade Java or install the third party package, reconfigure and recompile.
Because:
-- /home/travis/build/icyphy/ptII/ptolemy/actor/ptalon/demo/ptinyos/SenseToLeds/ptolemy/domains/ptinyos/lib/MicaLeds.xml (No such file or directory)
-- XML file not found relative to classpath.
-- /home/travis/build/icyphy/ptII/ptolemy/vergil/basic/export/test/ptolemy/domains/ptinyos/lib/MicaLeds.xml
/home/travis/build/icyphy/ptII/ptolemy/vergil/basic/export/test/ptolemy/domains/ptinyos/lib/MicaLeds.xml (No such file or directory)
 in file:/home/travis/build/icyphy/ptII/ptolemy/actor/ptalon/demo/ptinyos/SenseToLeds/MicaBoard.xml at line 134 and column 63
	at ptolemy.moml.SimpleErrorHandler.handleError(SimpleErrorHandler.java:75)
	at ptolemy.moml.MoMLParser.startElement(MoMLParser.java:3805)
	at com.microstar.xml.XmlParser.parseElement(XmlParser.java:921)
	at com.microstar.xml.XmlParser.parseContent(XmlParser.java:1104)
	at com.microstar.xml.XmlParser.parseElement(XmlParser.java:924)
	at com.microstar.xml.XmlParser.parseDocument(XmlParser.java:481)
	at com.microstar.xml.XmlParser.doParse(XmlParser.java:159)
	at com.microstar.xml.XmlParser.parse(XmlParser.java:132)
	at ptolemy.moml.MoMLParser.parse(MoMLParser.java:1676)
	at ptolemy.moml.MoMLParser.parse(MoMLParser.java:1595)
	at ptolemy.moml.MoMLParser.parse(MoMLParser.java:1537)
	at ptolemy.moml.MoMLParser._findOrParse(MoMLParser.java:5286)
	at ptolemy.moml.MoMLParser._attemptToFindMoMLClass(MoMLParser.java:4075)
	at ptolemy.moml.MoMLParser._createEntity(MoMLParser.java:4323)
	... 65 more
Caused by: ptolemy.kernel.util.IllegalActionException: Cannot find class: ptolemy.domains.ptinyos.lib.MicaLeds. In Ptolemy, classes are typically Java .class files. Entities like actors may instead be defined within a .xml file.  In any case, the class was not found. If the class uses a third party package, then the class would be present only if the third party package was found at compile time.  It may be necessary to upgrade Java or install the third party package, reconfigure and recompile.
Because:
-- /home/travis/build/icyphy/ptII/ptolemy/actor/ptalon/demo/ptinyos/SenseToLeds/ptolemy/domains/ptinyos/lib/MicaLeds.xml (No such file or directory)
-- XML file not found relative to classpath.
-- /home/travis/build/icyphy/ptII/ptolemy/vergil/basic/export/test/ptolemy/domains/ptinyos/lib/MicaLeds.xml
/home/travis/build/icyphy/ptII/ptolemy/vergil/basic/export/test/ptolemy/domains/ptinyos/lib/MicaLeds.xml (No such file or directory)
 in file:/home/travis/build/icyphy/ptII/ptolemy/actor/ptalon/demo/ptinyos/SenseToLeds/MicaBoard.xml at line 134 and column 63
	at ptolemy.moml.MoMLParser._createEntity(MoMLParser.java:4330)
	at ptolemy.moml.MoMLParser.startElement(MoMLParser.java:2864)
	... 77 more
Caused by: com.microstar.xml.XmlException: -- /home/travis/build/icyphy/ptII/ptolemy/actor/ptalon/demo/ptinyos/SenseToLeds/ptolemy/domains/ptinyos/lib/MicaLeds.xml (No such file or directory)
-- XML file not found relative to classpath.
-- /home/travis/build/icyphy/ptII/ptolemy/vergil/basic/export/test/ptolemy/domains/ptinyos/lib/MicaLeds.xml
/home/travis/build/icyphy/ptII/ptolemy/vergil/basic/export/test/ptolemy/domains/ptinyos/lib/MicaLeds.xml (No such file or directory)
 in file:/home/travis/build/icyphy/ptII/ptolemy/actor/ptalon/demo/ptinyos/SenseToLeds/MicaBoard.xml at line 134 and column 63
	at ptolemy.moml.MoMLParser.fileNameToURL(MoMLParser.java:1414)
	at ptolemy.moml.MoMLParser._findOrParse(MoMLParser.java:5283)
	at ptolemy.moml.MoMLParser._attemptToFindMoMLClass(MoMLParser.java:4075)
	at ptolemy.moml.MoMLParser._createEntity(MoMLParser.java:4323)
	... 78 more
Failed to read file:/home/travis/build/icyphy/ptII/ptolemy/actor/ptalon/demo/ptinyos/SenseToLeds/SenseToLeds.xml
ptolemy.kernel.util.IllegalActionException: Failed to process attribute change to PtalonParameter, whose value is "ptolemy.actor.ptalon.PtalonExpressionParameter {.SenseToLeds.SenseToLeds.n} 2".
  in .SenseToLeds.SenseToLeds
Because:
Unable to add actor null
	at ptolemy.actor.ptalon.PtalonActor.attributeChanged(PtalonActor.java:211)
	at ptolemy.actor.ptalon.PtalonMLHandler.startElement(PtalonMLHandler.java:134)
	at com.microstar.xml.XmlParser.parseElement(XmlParser.java:921)
	at com.microstar.xml.XmlParser.parseContent(XmlParser.java:1104)
	at com.microstar.xml.XmlParser.parseElement(XmlParser.java:924)
	at com.microstar.xml.XmlParser.parseDocument(XmlParser.java:481)
	at com.microstar.xml.XmlParser.doParse(XmlParser.java:159)
	at com.microstar.xml.XmlParser.parse(XmlParser.java:132)
	at ptolemy.actor.ptalon.PtalonActor.configure(PtalonActor.java:240)
	at ptolemy.moml.MoMLParser.endElement(MoMLParser.java:996)
	at com.microstar.xml.XmlParser.parseETag(XmlParser.java:1026)
	at com.microstar.xml.XmlParser.parseContent(XmlParser.java:1098)
	at com.microstar.xml.XmlParser.parseElement(XmlParser.java:924)
	at com.microstar.xml.XmlParser.parseContent(XmlParser.java:1104)
	at com.microstar.xml.XmlParser.parseElement(XmlParser.java:924)
	at com.microstar.xml.XmlParser.parseContent(XmlParser.java:1104)
	at com.microstar.xml.XmlParser.parseElement(XmlParser.java:924)
	at com.microstar.xml.XmlParser.parseDocument(XmlParser.java:481)
	at com.microstar.xml.XmlParser.doParse(XmlParser.java:159)
	at com.microstar.xml.XmlParser.parse(XmlParser.java:132)
	at ptolemy.moml.MoMLParser.parse(MoMLParser.java:1676)
	at ptolemy.moml.MoMLParser.parse(MoMLParser.java:1595)
	at ptolemy.moml.MoMLParser.parse(MoMLParser.java:1537)
	at ptolemy.actor.gui.PtolemyEffigy$Factory.createEffigy(PtolemyEffigy.java:424)
	at ptolemy.actor.gui.EffigyFactory.createEffigy(EffigyFactory.java:234)
	at ptolemy.actor.gui.Configuration.openModel(Configuration.java:1125)
	at ptolemy.actor.gui.Configuration.openModel(Configuration.java:1051)
	at ptolemy.actor.gui.ConfigurationApplication._openModel(ConfigurationApplication.java:1252)
	at ptolemy.actor.gui.ConfigurationApplication._parseArg(ConfigurationApplication.java:1399)
	at ptolemy.actor.gui.ConfigurationApplication._parseArgs(ConfigurationApplication.java:1478)
	at ptolemy.actor.gui.ConfigurationApplication.<init>(ConfigurationApplication.java:277)
	at ptolemy.actor.gui.ConfigurationApplication.<init>(ConfigurationApplication.java:214)
	at ptolemy.actor.gui.ConfigurationApplication.<init>(ConfigurationApplication.java:201)
	at ptolemy.actor.gui.ConfigurationApplication.openModelOrEntity(ConfigurationApplication.java:680)
	at ptolemy.vergil.basic.export.ExportModel$1.run(ExportModel.java:220)
	at java.awt.event.InvocationEvent.dispatch(InvocationEvent.java:301)
	at java.awt.EventQueue.dispatchEventImpl(EventQueue.java:756)
	at java.awt.EventQueue.access$500(EventQueue.java:97)
	at java.awt.EventQueue$3.run(EventQueue.java:709)
	at java.awt.EventQueue$3.run(EventQueue.java:703)
	at java.security.AccessController.doPrivileged(Native Method)
	at java.security.ProtectionDomain$JavaSecurityAccessImpl.doIntersectionPrivilege(ProtectionDomain.java:80)
	at java.awt.EventQueue.dispatchEvent(EventQueue.java:726)
	at java.awt.EventDispatchThread.pumpOneEventForFilters(EventDispatchThread.java:201)
	at java.awt.EventDispatchThread.pumpEventsForFilter(EventDispatchThread.java:116)
	at java.awt.EventDispatchThread.pumpEventsForHierarchy(EventDispatchThread.java:105)
	at java.awt.EventDispatchThread.pumpEvents(EventDispatchThread.java:101)
	at java.awt.EventDispatchThread.pumpEvents(EventDispatchThread.java:93)
	at java.awt.EventDispatchThread.run(EventDispatchThread.java:82)
Caused by: ptolemy.actor.ptalon.PtalonRuntimeException: Unable to add actor null
	at ptolemy.actor.ptalon.PtalonEvaluator.addActor(PtalonEvaluator.java:300)
	at ptolemy.actor.ptalon.PtalonPopulator.actor_declaration(PtalonPopulator.java:1574)
	at ptolemy.actor.ptalon.PtalonPopulator.atomic_statement(PtalonPopulator.java:1638)
	at ptolemy.actor.ptalon.PtalonPopulator.iterative_statement_evaluator(PtalonPopulator.java:2484)
	at ptolemy.actor.ptalon.AbstractPtalonEvaluator$IfTree.evaluateForScope(AbstractPtalonEvaluator.java:1307)
	at ptolemy.actor.ptalon.AbstractPtalonEvaluator.evaluateForScope(AbstractPtalonEvaluator.java:744)
	at ptolemy.actor.ptalon.PtalonPopulator.iterative_statement(PtalonPopulator.java:2363)
	at ptolemy.actor.ptalon.PtalonPopulator.actor_definition(PtalonPopulator.java:2809)
	at ptolemy.actor.ptalon.PtalonActor.attributeChanged(PtalonActor.java:206)
	... 48 more
Caused by: ptolemy.kernel.util.InternalErrorException: Element <entity name="node1" class="ptolemy.actor.ptalon.demo.ptinyos.SenseToLeds.MicaBoard"> caused an exception to be thrown.
  in .SenseToLeds.SenseToLeds
Because:
Cannot find class: ptolemy.actor.ptalon.demo.ptinyos.SenseToLeds.MicaBoard. In Ptolemy, classes are typically Java .class files. Entities like actors may instead be defined within a .xml file.  In any case, the class was not found. If the class uses a third party package, then the class would be present only if the third party package was found at compile time.  It may be necessary to upgrade Java or install the third party package, reconfigure and recompile.
Because:
Element <entity name="MicaLeds" class="ptolemy.domains.ptinyos.lib.MicaLeds"> caused an exception to be thrown.
  in .MicaBoard
Because:
Cannot find class: ptolemy.domains.ptinyos.lib.MicaLeds. In Ptolemy, classes are typically Java .class files. Entities like actors may instead be defined within a .xml file.  In any case, the class was not found. If the class uses a third party package, then the class would be present only if the third party package was found at compile time.  It may be necessary to upgrade Java or install the third party package, reconfigure and recompile.
Because:
-- /home/travis/build/icyphy/ptII/ptolemy/actor/ptalon/demo/ptinyos/SenseToLeds/ptolemy/domains/ptinyos/lib/MicaLeds.xml (No such file or directory)
-- XML file not found relative to classpath.
-- /home/travis/build/icyphy/ptII/ptolemy/vergil/basic/export/test/ptolemy/domains/ptinyos/lib/MicaLeds.xml
/home/travis/build/icyphy/ptII/ptolemy/vergil/basic/export/test/ptolemy/domains/ptinyos/lib/MicaLeds.xml (No such file or directory)
 in file:/home/travis/build/icyphy/ptII/ptolemy/actor/ptalon/demo/ptinyos/SenseToLeds/MicaBoard.xml at line 134 and column 63
	at ptolemy.moml.SimpleErrorHandler.handleError(SimpleErrorHandler.java:75)
	at ptolemy.moml.MoMLParser.startElement(MoMLParser.java:3805)
	at com.microstar.xml.XmlParser.parseElement(XmlParser.java:931)
	at com.microstar.xml.XmlParser.parseDocument(XmlParser.java:481)
	at com.microstar.xml.XmlParser.doParse(XmlParser.java:159)
	at com.microstar.xml.XmlParser.parse(XmlParser.java:132)
	at ptolemy.moml.MoMLParser.parse(MoMLParser.java:1660)
	at ptolemy.moml.MoMLParser.parse(MoMLParser.java:1617)
	at ptolemy.moml.MoMLParser.parse(MoMLParser.java:1792)
	at ptolemy.actor.ptalon.PtalonEvaluator.addActor(PtalonEvaluator.java:241)
	... 56 more
Caused by: ptolemy.kernel.util.IllegalActionException: Cannot find class: ptolemy.actor.ptalon.demo.ptinyos.SenseToLeds.MicaBoard. In Ptolemy, classes are typically Java .class files. Entities like actors may instead be defined within a .xml file.  In any case, the class was not found. If the class uses a third party package, then the class would be present only if the third party package was found at compile time.  It may be necessary to upgrade Java or install the third party package, reconfigure and recompile.
Because:
Element <entity name="MicaLeds" class="ptolemy.domains.ptinyos.lib.MicaLeds"> caused an exception to be thrown.
  in .MicaBoard
Because:
Cannot find class: ptolemy.domains.ptinyos.lib.MicaLeds. In Ptolemy, classes are typically Java .class files. Entities like actors may instead be defined within a .xml file.  In any case, the class was not found. If the class uses a third party package, then the class would be present only if the third party package was found at compile time.  It may be necessary to upgrade Java or install the third party package, reconfigure and recompile.
Because:
-- /home/travis/build/icyphy/ptII/ptolemy/actor/ptalon/demo/ptinyos/SenseToLeds/ptolemy/domains/ptinyos/lib/MicaLeds.xml (No such file or directory)
-- XML file not found relative to classpath.
-- /home/travis/build/icyphy/ptII/ptolemy/vergil/basic/export/test/ptolemy/domains/ptinyos/lib/MicaLeds.xml
/home/travis/build/icyphy/ptII/ptolemy/vergil/basic/export/test/ptolemy/domains/ptinyos/lib/MicaLeds.xml (No such file or directory)
 in file:/home/travis/build/icyphy/ptII/ptolemy/actor/ptalon/demo/ptinyos/SenseToLeds/MicaBoard.xml at line 134 and column 63
	at ptolemy.moml.MoMLParser._createEntity(MoMLParser.java:4330)
	at ptolemy.moml.MoMLParser.startElement(MoMLParser.java:2864)
	... 64 more
Caused by: ptolemy.kernel.util.InternalErrorException: Element <entity name="MicaLeds" class="ptolemy.domains.ptinyos.lib.MicaLeds"> caused an exception to be thrown.
  in .MicaBoard
Because:
Cannot find class: ptolemy.domains.ptinyos.lib.MicaLeds. In Ptolemy, classes are typically Java .class files. Entities like actors may instead be defined within a .xml file.  In any case, the class was not found. If the class uses a third party package, then the class would be present only if the third party package was found at compile time.  It may be necessary to upgrade Java or install the third party package, reconfigure and recompile.
Because:
-- /home/travis/build/icyphy/ptII/ptolemy/actor/ptalon/demo/ptinyos/SenseToLeds/ptolemy/domains/ptinyos/lib/MicaLeds.xml (No such file or directory)
-- XML file not found relative to classpath.
-- /home/travis/build/icyphy/ptII/ptolemy/vergil/basic/export/test/ptolemy/domains/ptinyos/lib/MicaLeds.xml
/home/travis/build/icyphy/ptII/ptolemy/vergil/basic/export/test/ptolemy/domains/ptinyos/lib/MicaLeds.xml (No such file or directory)
 in file:/home/travis/build/icyphy/ptII/ptolemy/actor/ptalon/demo/ptinyos/SenseToLeds/MicaBoard.xml at line 134 and column 63
	at ptolemy.moml.SimpleErrorHandler.handleError(SimpleErrorHandler.java:75)
	at ptolemy.moml.MoMLParser.startElement(MoMLParser.java:3805)
	at com.microstar.xml.XmlParser.parseElement(XmlParser.java:921)
	at com.microstar.xml.XmlParser.parseContent(XmlParser.java:1104)
	at com.microstar.xml.XmlParser.parseElement(XmlParser.java:924)
	at com.microstar.xml.XmlParser.parseDocument(XmlParser.java:481)
	at com.microstar.xml.XmlParser.doParse(XmlParser.java:159)
	at com.microstar.xml.XmlParser.parse(XmlParser.java:132)
	at ptolemy.moml.MoMLParser.parse(MoMLParser.java:1676)
	at ptolemy.moml.MoMLParser.parse(MoMLParser.java:1595)
	at ptolemy.moml.MoMLParser.parse(MoMLParser.java:1537)
	at ptolemy.moml.MoMLParser._findOrParse(MoMLParser.java:5286)
	at ptolemy.moml.MoMLParser._attemptToFindMoMLClass(MoMLParser.java:4075)
	at ptolemy.moml.MoMLParser._createEntity(MoMLParser.java:4323)
	... 65 more
Caused by: ptolemy.kernel.util.IllegalActionException: Cannot find class: ptolemy.domains.ptinyos.lib.MicaLeds. In Ptolemy, classes are typically Java .class files. Entities like actors may instead be defined within a .xml file.  In any case, the class was not found. If the class uses a third party package, then the class would be present only if the third party package was found at compile time.  It may be necessary to upgrade Java or install the third party package, reconfigure and recompile.
Because:
-- /home/travis/build/icyphy/ptII/ptolemy/actor/ptalon/demo/ptinyos/SenseToLeds/ptolemy/domains/ptinyos/lib/MicaLeds.xml (No such file or directory)
-- XML file not found relative to classpath.
-- /home/travis/build/icyphy/ptII/ptolemy/vergil/basic/export/test/ptolemy/domains/ptinyos/lib/MicaLeds.xml
/home/travis/build/icyphy/ptII/ptolemy/vergil/basic/export/test/ptolemy/domains/ptinyos/lib/MicaLeds.xml (No such file or directory)
 in file:/home/travis/build/icyphy/ptII/ptolemy/actor/ptalon/demo/ptinyos/SenseToLeds/MicaBoard.xml at line 134 and column 63
	at ptolemy.moml.MoMLParser._createEntity(MoMLParser.java:4330)
	at ptolemy.moml.MoMLParser.startElement(MoMLParser.java:2864)
	... 77 more
Caused by: com.microstar.xml.XmlException: -- /home/travis/build/icyphy/ptII/ptolemy/actor/ptalon/demo/ptinyos/SenseToLeds/ptolemy/domains/ptinyos/lib/MicaLeds.xml (No such file or directory)
-- XML file not found relative to classpath.
-- /home/travis/build/icyphy/ptII/ptolemy/vergil/basic/export/test/ptolemy/domains/ptinyos/lib/MicaLeds.xml
/home/travis/build/icyphy/ptII/ptolemy/vergil/basic/export/test/ptolemy/domains/ptinyos/lib/MicaLeds.xml (No such file or directory)
 in file:/home/travis/build/icyphy/ptII/ptolemy/actor/ptalon/demo/ptinyos/SenseToLeds/MicaBoard.xml at line 134 and column 63
	at ptolemy.moml.MoMLParser.fileNameToURL(MoMLParser.java:1414)
	at ptolemy.moml.MoMLParser._findOrParse(MoMLParser.java:5283)
	at ptolemy.moml.MoMLParser._attemptToFindMoMLClass(MoMLParser.java:4075)
	at ptolemy.moml.MoMLParser._createEntity(MoMLParser.java:4323)
	... 78 more
Caused by: ptolemy.actor.ptalon.PtalonRuntimeException: Unable to add actor null
	at ptolemy.actor.ptalon.PtalonEvaluator.addActor(PtalonEvaluator.java:300)
	at ptolemy.actor.ptalon.PtalonPopulator.actor_declaration(PtalonPopulator.java:1574)
	at ptolemy.actor.ptalon.PtalonPopulator.atomic_statement(PtalonPopulator.java:1638)
	at ptolemy.actor.ptalon.PtalonPopulator.iterative_statement_evaluator(PtalonPopulator.java:2484)
	at ptolemy.actor.ptalon.AbstractPtalonEvaluator$IfTree.evaluateForScope(AbstractPtalonEvaluator.java:1307)
	at ptolemy.actor.ptalon.AbstractPtalonEvaluator.evaluateForScope(AbstractPtalonEvaluator.java:744)
	at ptolemy.actor.ptalon.PtalonPopulator.iterative_statement(PtalonPopulator.java:2363)
	at ptolemy.actor.ptalon.PtalonPopulator.actor_definition(PtalonPopulator.java:2809)
	at ptolemy.actor.ptalon.PtalonActor.attributeChanged(PtalonActor.java:206)
	at ptolemy.actor.ptalon.PtalonMLHandler.startElement(PtalonMLHandler.java:134)
	at com.microstar.xml.XmlParser.parseElement(XmlParser.java:921)
	at com.microstar.xml.XmlParser.parseContent(XmlParser.java:1104)
	at com.microstar.xml.XmlParser.parseElement(XmlParser.java:924)
	at com.microstar.xml.XmlParser.parseDocument(XmlParser.java:481)
	at com.microstar.xml.XmlParser.doParse(XmlParser.java:159)
	at com.microstar.xml.XmlParser.parse(XmlParser.java:132)
	at ptolemy.actor.ptalon.PtalonActor.configure(PtalonActor.java:240)
	at ptolemy.moml.MoMLParser.endElement(MoMLParser.java:996)
	at com.microstar.xml.XmlParser.parseETag(XmlParser.java:1026)
	at com.microstar.xml.XmlParser.parseContent(XmlParser.java:1098)
	at com.microstar.xml.XmlParser.parseElement(XmlParser.java:924)
	at com.microstar.xml.XmlParser.parseContent(XmlParser.java:1104)
	at com.microstar.xml.XmlParser.parseElement(XmlParser.java:924)
	at com.microstar.xml.XmlParser.parseContent(XmlParser.java:1104)
	at com.microstar.xml.XmlParser.parseElement(XmlParser.java:924)
	at com.microstar.xml.XmlParser.parseDocument(XmlParser.java:481)
	at com.microstar.xml.XmlParser.doParse(XmlParser.java:159)
	at com.microstar.xml.XmlParser.parse(XmlParser.java:132)
	at ptolemy.moml.MoMLParser.parse(MoMLParser.java:1676)
	at ptolemy.moml.MoMLParser.parse(MoMLParser.java:1595)
	at ptolemy.moml.MoMLParser.parse(MoMLParser.java:1537)
	at ptolemy.actor.gui.PtolemyEffigy$Factory.createEffigy(PtolemyEffigy.java:424)
	at ptolemy.actor.gui.EffigyFactory.createEffigy(EffigyFactory.java:234)
	at ptolemy.actor.gui.Configuration.openModel(Configuration.java:1125)
	at ptolemy.actor.gui.Configuration.openModel(Configuration.java:1051)
	at ptolemy.actor.gui.ConfigurationApplication._openModel(ConfigurationApplication.java:1252)
	at ptolemy.actor.gui.ConfigurationApplication._parseArg(ConfigurationApplication.java:1399)
	at ptolemy.actor.gui.ConfigurationApplication._parseArgs(ConfigurationApplication.java:1478)
	at ptolemy.actor.gui.ConfigurationApplication.<init>(ConfigurationApplication.java:277)
	at ptolemy.actor.gui.ConfigurationApplication.<init>(ConfigurationApplication.java:214)
	at ptolemy.actor.gui.ConfigurationApplication.<init>(ConfigurationApplication.java:201)
	at ptolemy.actor.gui.ConfigurationApplication.openModelOrEntity(ConfigurationApplication.java:680)
	at ptolemy.vergil.basic.export.ExportModel$1.run(ExportModel.java:220)
	at java.awt.event.InvocationEvent.dispatch(InvocationEvent.java:301)
	at java.awt.EventQueue.dispatchEventImpl(EventQueue.java:756)
	at java.awt.EventQueue.access$500(EventQueue.java:97)
	at java.awt.EventQueue$3.run(EventQueue.java:709)
	at java.awt.EventQueue$3.run(EventQueue.java:703)
	at java.security.AccessController.doPrivileged(Native Method)
	at java.security.ProtectionDomain$JavaSecurityAccessImpl.doIntersectionPrivilege(ProtectionDomain.java:80)
	at java.awt.EventQueue.dispatchEvent(EventQueue.java:726)
	at java.awt.EventDispatchThread.pumpOneEventForFilters(EventDispatchThread.java:201)
	at java.awt.EventDispatchThread.pumpEventsForFilter(EventDispatchThread.java:116)
	at java.awt.EventDispatchThread.pumpEventsForHierarchy(EventDispatchThread.java:105)
	at java.awt.EventDispatchThread.pumpEvents(EventDispatchThread.java:101)
	at java.awt.EventDispatchThread.pumpEvents(EventDispatchThread.java:93)
	at java.awt.EventDispatchThread.run(EventDispatchThread.java:82)
Caused by: ptolemy.kernel.util.InternalErrorException: Element <entity name="node1" class="ptolemy.actor.ptalon.demo.ptinyos.SenseToLeds.MicaBoard"> caused an exception to be thrown.
  in .SenseToLeds.SenseToLeds
Because:
Cannot find class: ptolemy.actor.ptalon.demo.ptinyos.SenseToLeds.MicaBoard. In Ptolemy, classes are typically Java .class files. Entities like actors may instead be defined within a .xml file.  In any case, the class was not found. If the class uses a third party package, then the class would be present only if the third party package was found at compile time.  It may be necessary to upgrade Java or install the third party package, reconfigure and recompile.
Because:
Element <entity name="MicaLeds" class="ptolemy.domains.ptinyos.lib.MicaLeds"> caused an exception to be thrown.
  in .MicaBoard
Because:
Cannot find class: ptolemy.domains.ptinyos.lib.MicaLeds. In Ptolemy, classes are typically Java .class files. Entities like actors may instead be defined within a .xml file.  In any case, the class was not found. If the class uses a third party package, then the class would be present only if the third party package was found at compile time.  It may be necessary to upgrade Java or install the third party package, reconfigure and recompile.
Because:
-- /home/travis/build/icyphy/ptII/ptolemy/actor/ptalon/demo/ptinyos/SenseToLeds/ptolemy/domains/ptinyos/lib/MicaLeds.xml (No such file or directory)
-- XML file not found relative to classpath.
-- /home/travis/build/icyphy/ptII/ptolemy/vergil/basic/export/test/ptolemy/domains/ptinyos/lib/MicaLeds.xml
/home/travis/build/icyphy/ptII/ptolemy/vergil/basic/export/test/ptolemy/domains/ptinyos/lib/MicaLeds.xml (No such file or directory)
 in file:/home/travis/build/icyphy/ptII/ptolemy/actor/ptalon/demo/ptinyos/SenseToLeds/MicaBoard.xml at line 134 and column 63
	at ptolemy.moml.SimpleErrorHandler.handleError(SimpleErrorHandler.java:75)
	at ptolemy.moml.MoMLParser.startElement(MoMLParser.java:3805)
	at com.microstar.xml.XmlParser.parseElement(XmlParser.java:931)
	at com.microstar.xml.XmlParser.parseDocument(XmlParser.java:481)
	at com.microstar.xml.XmlParser.doParse(XmlParser.java:159)
	at com.microstar.xml.XmlParser.parse(XmlParser.java:132)
	at ptolemy.moml.MoMLParser.parse(MoMLParser.java:1660)
	at ptolemy.moml.MoMLParser.parse(MoMLParser.java:1617)
	at ptolemy.moml.MoMLParser.parse(MoMLParser.java:1792)
	at ptolemy.actor.ptalon.PtalonEvaluator.addActor(PtalonEvaluator.java:241)
	... 56 more
Caused by: ptolemy.kernel.util.IllegalActionException: Cannot find class: ptolemy.actor.ptalon.demo.ptinyos.SenseToLeds.MicaBoard. In Ptolemy, classes are typically Java .class files. Entities like actors may instead be defined within a .xml file.  In any case, the class was not found. If the class uses a third party package, then the class would be present only if the third party package was found at compile time.  It may be necessary to upgrade Java or install the third party package, reconfigure and recompile.
Because:
Element <entity name="MicaLeds" class="ptolemy.domains.ptinyos.lib.MicaLeds"> caused an exception to be thrown.
  in .MicaBoard
Because:
Cannot find class: ptolemy.domains.ptinyos.lib.MicaLeds. In Ptolemy, classes are typically Java .class files. Entities like actors may instead be defined within a .xml file.  In any case, the class was not found. If the class uses a third party package, then the class would be present only if the third party package was found at compile time.  It may be necessary to upgrade Java or install the third party package, reconfigure and recompile.
Because:
-- /home/travis/build/icyphy/ptII/ptolemy/actor/ptalon/demo/ptinyos/SenseToLeds/ptolemy/domains/ptinyos/lib/MicaLeds.xml (No such file or directory)
-- XML file not found relative to classpath.
-- /home/travis/build/icyphy/ptII/ptolemy/vergil/basic/export/test/ptolemy/domains/ptinyos/lib/MicaLeds.xml
/home/travis/build/icyphy/ptII/ptolemy/vergil/basic/export/test/ptolemy/domains/ptinyos/lib/MicaLeds.xml (No such file or directory)
 in file:/home/travis/build/icyphy/ptII/ptolemy/actor/ptalon/demo/ptinyos/SenseToLeds/MicaBoard.xml at line 134 and column 63
	at ptolemy.moml.MoMLParser._createEntity(MoMLParser.java:4330)
	at ptolemy.moml.MoMLParser.startElement(MoMLParser.java:2864)
	... 64 more
Caused by: ptolemy.kernel.util.InternalErrorException: Element <entity name="MicaLeds" class="ptolemy.domains.ptinyos.lib.MicaLeds"> caused an exception to be thrown.
  in .MicaBoard
Because:
Cannot find class: ptolemy.domains.ptinyos.lib.MicaLeds. In Ptolemy, classes are typically Java .class files. Entities like actors may instead be defined within a .xml file.  In any case, the class was not found. If the class uses a third party package, then the class would be present only if the third party package was found at compile time.  It may be necessary to upgrade Java or install the third party package, reconfigure and recompile.
Because:
-- /home/travis/build/icyphy/ptII/ptolemy/actor/ptalon/demo/ptinyos/SenseToLeds/ptolemy/domains/ptinyos/lib/MicaLeds.xml (No such file or directory)
-- XML file not found relative to classpath.
-- /home/travis/build/icyphy/ptII/ptolemy/vergil/basic/export/test/ptolemy/domains/ptinyos/lib/MicaLeds.xml
/home/travis/build/icyphy/ptII/ptolemy/vergil/basic/export/test/ptolemy/domains/ptinyos/lib/MicaLeds.xml (No such file or directory)
 in file:/home/travis/build/icyphy/ptII/ptolemy/actor/ptalon/demo/ptinyos/SenseToLeds/MicaBoard.xml at line 134 and column 63
	at ptolemy.moml.SimpleErrorHandler.handleError(SimpleErrorHandler.java:75)
	at ptolemy.moml.MoMLParser.startElement(MoMLParser.java:3805)
	at com.microstar.xml.XmlParser.parseElement(XmlParser.java:921)
	at com.microstar.xml.XmlParser.parseContent(XmlParser.java:1104)
	at com.microstar.xml.XmlParser.parseElement(XmlParser.java:924)
	at com.microstar.xml.XmlParser.parseDocument(XmlParser.java:481)
	at com.microstar.xml.XmlParser.doParse(XmlParser.java:159)
	at com.microstar.xml.XmlParser.parse(XmlParser.java:132)
	at ptolemy.moml.MoMLParser.parse(MoMLParser.java:1676)
	at ptolemy.moml.MoMLParser.parse(MoMLParser.java:1595)
	at ptolemy.moml.MoMLParser.parse(MoMLParser.java:1537)
	at ptolemy.moml.MoMLParser._findOrParse(MoMLParser.java:5286)
	at ptolemy.moml.MoMLParser._attemptToFindMoMLClass(MoMLParser.java:4075)
	at ptolemy.moml.MoMLParser._createEntity(MoMLParser.java:4323)
	... 65 more
Caused by: ptolemy.kernel.util.IllegalActionException: Cannot find class: ptolemy.domains.ptinyos.lib.MicaLeds. In Ptolemy, classes are typically Java .class files. Entities like actors may instead be defined within a .xml file.  In any case, the class was not found. If the class uses a third party package, then the class would be present only if the third party package was found at compile time.  It may be necessary to upgrade Java or install the third party package, reconfigure and recompile.
Because:
-- /home/travis/build/icyphy/ptII/ptolemy/actor/ptalon/demo/ptinyos/SenseToLeds/ptolemy/domains/ptinyos/lib/MicaLeds.xml (No such file or directory)
-- XML file not found relative to classpath.
-- /home/travis/build/icyphy/ptII/ptolemy/vergil/basic/export/test/ptolemy/domains/ptinyos/lib/MicaLeds.xml
/home/travis/build/icyphy/ptII/ptolemy/vergil/basic/export/test/ptolemy/domains/ptinyos/lib/MicaLeds.xml (No such file or directory)
 in file:/home/travis/build/icyphy/ptII/ptolemy/actor/ptalon/demo/ptinyos/SenseToLeds/MicaBoard.xml at line 134 and column 63
	at ptolemy.moml.MoMLParser._createEntity(MoMLParser.java:4330)
	at ptolemy.moml.MoMLParser.startElement(MoMLParser.java:2864)
	... 77 more
Caused by: com.microstar.xml.XmlException: -- /home/travis/build/icyphy/ptII/ptolemy/actor/ptalon/demo/ptinyos/SenseToLeds/ptolemy/domains/ptinyos/lib/MicaLeds.xml (No such file or directory)
-- XML file not found relative to classpath.
-- /home/travis/build/icyphy/ptII/ptolemy/vergil/basic/export/test/ptolemy/domains/ptinyos/lib/MicaLeds.xml
/home/travis/build/icyphy/ptII/ptolemy/vergil/basic/export/test/ptolemy/domains/ptinyos/lib/MicaLeds.xml (No such file or directory)
 in file:/home/travis/build/icyphy/ptII/ptolemy/actor/ptalon/demo/ptinyos/SenseToLeds/MicaBoard.xml at line 134 and column 63
	at ptolemy.moml.MoMLParser.fileNameToURL(MoMLParser.java:1414)
	at ptolemy.moml.MoMLParser._findOrParse(MoMLParser.java:5283)
	at ptolemy.moml.MoMLParser._attemptToFindMoMLClass(MoMLParser.java:4075)
	at ptolemy.moml.MoMLParser._createEntity(MoMLParser.java:4323)
	... 78 more
Failed to read file:/home/travis/build/icyphy/ptII/ptolemy/actor/ptalon/demo/ptinyos/SenseToLeds/SenseToLeds.xml
ptolemy.kernel.util.IllegalActionException: Failed to process attribute change to PtalonParameter, whose value is "ptolemy.actor.ptalon.PtalonExpressionParameter {.SenseToLeds.SenseToLeds.n} 2".
  in .SenseToLeds.SenseToLeds
Because:
Unable to add actor null
	at ptolemy.actor.ptalon.PtalonActor.attributeChanged(PtalonActor.java:211)
	at ptolemy.actor.ptalon.PtalonMLHandler.startElement(PtalonMLHandler.java:134)
	at com.microstar.xml.XmlParser.parseElement(XmlParser.java:921)
	at com.microstar.xml.XmlParser.parseContent(XmlParser.java:1104)
	at com.microstar.xml.XmlParser.parseElement(XmlParser.java:924)
	at com.microstar.xml.XmlParser.parseDocument(XmlParser.java:481)
	at com.microstar.xml.XmlParser.doParse(XmlParser.java:159)
	at com.microstar.xml.XmlParser.parse(XmlParser.java:132)
	at ptolemy.actor.ptalon.PtalonActor.configure(PtalonActor.java:240)
	at ptolemy.moml.MoMLParser.endElement(MoMLParser.java:996)
	at com.microstar.xml.XmlParser.parseETag(XmlParser.java:1026)
	at com.microstar.xml.XmlParser.parseContent(XmlParser.java:1098)
	at com.microstar.xml.XmlParser.parseElement(XmlParser.java:924)
	at com.microstar.xml.XmlParser.parseContent(XmlParser.java:1104)
	at com.microstar.xml.XmlParser.parseElement(XmlParser.java:924)
	at com.microstar.xml.XmlParser.parseContent(XmlParser.java:1104)
	at com.microstar.xml.XmlParser.parseElement(XmlParser.java:924)
	at com.microstar.xml.XmlParser.parseDocument(XmlParser.java:481)
	at com.microstar.xml.XmlParser.doParse(XmlParser.java:159)
	at com.microstar.xml.XmlParser.parse(XmlParser.java:132)
	at ptolemy.moml.MoMLParser.parse(MoMLParser.java:1676)
	at ptolemy.moml.MoMLParser.parse(MoMLParser.java:1595)
	at ptolemy.moml.MoMLParser.parse(MoMLParser.java:1537)
	at ptolemy.actor.gui.PtolemyEffigy$Factory.createEffigy(PtolemyEffigy.java:424)
	at ptolemy.actor.gui.EffigyFactory.createEffigy(EffigyFactory.java:234)
	at ptolemy.actor.gui.Configuration.openModel(Configuration.java:1125)
	at ptolemy.actor.gui.Configuration.openModel(Configuration.java:1051)
	at ptolemy.actor.gui.ConfigurationApplication._openModel(ConfigurationApplication.java:1252)
	at ptolemy.actor.gui.ConfigurationApplication._parseArg(ConfigurationApplication.java:1399)
	at ptolemy.actor.gui.ConfigurationApplication._parseArgs(ConfigurationApplication.java:1478)
	at ptolemy.actor.gui.ConfigurationApplication.<init>(ConfigurationApplication.java:277)
	at ptolemy.actor.gui.ConfigurationApplication.<init>(ConfigurationApplication.java:214)
	at ptolemy.actor.gui.ConfigurationApplication.<init>(ConfigurationApplication.java:201)
	at ptolemy.actor.gui.ConfigurationApplication.openModelOrEntity(ConfigurationApplication.java:680)
	at ptolemy.vergil.basic.export.ExportModel$1.run(ExportModel.java:220)
	at java.awt.event.InvocationEvent.dispatch(InvocationEvent.java:301)
	at java.awt.EventQueue.dispatchEventImpl(EventQueue.java:756)
	at java.awt.EventQueue.access$500(EventQueue.java:97)
	at java.awt.EventQueue$3.run(EventQueue.java:709)
	at java.awt.EventQueue$3.run(EventQueue.java:703)
	at java.security.AccessController.doPrivileged(Native Method)
	at java.security.ProtectionDomain$JavaSecurityAccessImpl.doIntersectionPrivilege(ProtectionDomain.java:80)
	at java.awt.EventQueue.dispatchEvent(EventQueue.java:726)
	at java.awt.EventDispatchThread.pumpOneEventForFilters(EventDispatchThread.java:201)
	at java.awt.EventDispatchThread.pumpEventsForFilter(EventDispatchThread.java:116)
	at java.awt.EventDispatchThread.pumpEventsForHierarchy(EventDispatchThread.java:105)
	at java.awt.EventDispatchThread.pumpEvents(EventDispatchThread.java:101)
	at java.awt.EventDispatchThread.pumpEvents(EventDispatchThread.java:93)
	at java.awt.EventDispatchThread.run(EventDispatchThread.java:82)
Caused by: ptolemy.actor.ptalon.PtalonRuntimeException: Unable to add actor null
	at ptolemy.actor.ptalon.PtalonEvaluator.addActor(PtalonEvaluator.java:300)
	at ptolemy.actor.ptalon.PtalonPopulator.actor_declaration(PtalonPopulator.java:1574)
	at ptolemy.actor.ptalon.PtalonPopulator.atomic_statement(PtalonPopulator.java:1638)
	at ptolemy.actor.ptalon.PtalonPopulator.iterative_statement_evaluator(PtalonPopulator.java:2484)
	at ptolemy.actor.ptalon.AbstractPtalonEvaluator$IfTree.evaluateForScope(AbstractPtalonEvaluator.java:1307)
	at ptolemy.actor.ptalon.AbstractPtalonEvaluator.evaluateForScope(AbstractPtalonEvaluator.java:744)
	at ptolemy.actor.ptalon.PtalonPopulator.iterative_statement(PtalonPopulator.java:2363)
	at ptolemy.actor.ptalon.PtalonPopulator.actor_definition(PtalonPopulator.java:2809)
	at ptolemy.actor.ptalon.PtalonActor.attributeChanged(PtalonActor.java:206)
	... 48 more
Caused by: ptolemy.kernel.util.InternalErrorException: Element <entity name="node1" class="ptolemy.actor.ptalon.demo.ptinyos.SenseToLeds.MicaBoard"> caused an exception to be thrown.
  in .SenseToLeds.SenseToLeds
Because:
Cannot find class: ptolemy.actor.ptalon.demo.ptinyos.SenseToLeds.MicaBoard. In Ptolemy, classes are typically Java .class files. Entities like actors may instead be defined within a .xml file.  In any case, the class was not found. If the class uses a third party package, then the class would be present only if the third party package was found at compile time.  It may be necessary to upgrade Java or install the third party package, reconfigure and recompile.
Because:
Element <entity name="MicaLeds" class="ptolemy.domains.ptinyos.lib.MicaLeds"> caused an exception to be thrown.
  in .MicaBoard
Because:
Cannot find class: ptolemy.domains.ptinyos.lib.MicaLeds. In Ptolemy, classes are typically Java .class files. Entities like actors may instead be defined within a .xml file.  In any case, the class was not found. If the class uses a third party package, then the class would be present only if the third party package was found at compile time.  It may be necessary to upgrade Java or install the third party package, reconfigure and recompile.
Because:
-- /home/travis/build/icyphy/ptII/ptolemy/actor/ptalon/demo/ptinyos/SenseToLeds/ptolemy/domains/ptinyos/lib/MicaLeds.xml (No such file or directory)
-- XML file not found relative to classpath.
-- /home/travis/build/icyphy/ptII/ptolemy/vergil/basic/export/test/ptolemy/domains/ptinyos/lib/MicaLeds.xml
/home/travis/build/icyphy/ptII/ptolemy/vergil/basic/export/test/ptolemy/domains/ptinyos/lib/MicaLeds.xml (No such file or directory)
 in file:/home/travis/build/icyphy/ptII/ptolemy/actor/ptalon/demo/ptinyos/SenseToLeds/MicaBoard.xml at line 134 and column 63
	at ptolemy.moml.SimpleErrorHandler.handleError(SimpleErrorHandler.java:75)
	at ptolemy.moml.MoMLParser.startElement(MoMLParser.java:3805)
	at com.microstar.xml.XmlParser.parseElement(XmlParser.java:931)
	at com.microstar.xml.XmlParser.parseDocument(XmlParser.java:481)
	at com.microstar.xml.XmlParser.doParse(XmlParser.java:159)
	at com.microstar.xml.XmlParser.parse(XmlParser.java:132)
	at ptolemy.moml.MoMLParser.parse(MoMLParser.java:1660)
	at ptolemy.moml.MoMLParser.parse(MoMLParser.java:1617)
	at ptolemy.moml.MoMLParser.parse(MoMLParser.java:1792)
	at ptolemy.actor.ptalon.PtalonEvaluator.addActor(PtalonEvaluator.java:241)
	... 56 more
Caused by: ptolemy.kernel.util.IllegalActionException: Cannot find class: ptolemy.actor.ptalon.demo.ptinyos.SenseToLeds.MicaBoard. In Ptolemy, classes are typically Java .class files. Entities like actors may instead be defined within a .xml file.  In any case, the class was not found. If the class uses a third party package, then the class would be present only if the third party package was found at compile time.  It may be necessary to upgrade Java or install the third party package, reconfigure and recompile.
Because:
Element <entity name="MicaLeds" class="ptolemy.domains.ptinyos.lib.MicaLeds"> caused an exception to be thrown.
  in .MicaBoard
Because:
Cannot find class: ptolemy.domains.ptinyos.lib.MicaLeds. In Ptolemy, classes are typically Java .class files. Entities like actors may instead be defined within a .xml file.  In any case, the class was not found. If the class uses a third party package, then the class would be present only if the third party package was found at compile time.  It may be necessary to upgrade Java or install the third party package, reconfigure and recompile.
Because:
-- /home/travis/build/icyphy/ptII/ptolemy/actor/ptalon/demo/ptinyos/SenseToLeds/ptolemy/domains/ptinyos/lib/MicaLeds.xml (No such file or directory)
-- XML file not found relative to classpath.
-- /home/travis/build/icyphy/ptII/ptolemy/vergil/basic/export/test/ptolemy/domains/ptinyos/lib/MicaLeds.xml
/home/travis/build/icyphy/ptII/ptolemy/vergil/basic/export/test/ptolemy/domains/ptinyos/lib/MicaLeds.xml (No such file or directory)
 in file:/home/travis/build/icyphy/ptII/ptolemy/actor/ptalon/demo/ptinyos/SenseToLeds/MicaBoard.xml at line 134 and column 63
	at ptolemy.moml.MoMLParser._createEntity(MoMLParser.java:4330)
	at ptolemy.moml.MoMLParser.startElement(MoMLParser.java:2864)
	... 64 more
Caused by: ptolemy.kernel.util.InternalErrorException: Element <entity name="MicaLeds" class="ptolemy.domains.ptinyos.lib.MicaLeds"> caused an exception to be thrown.
  in .MicaBoard
Because:
Cannot find class: ptolemy.domains.ptinyos.lib.MicaLeds. In Ptolemy, classes are typically Java .class files. Entities like actors may instead be defined within a .xml file.  In any case, the class was not found. If the class uses a third party package, then the class would be present only if the third party package was found at compile time.  It may be necessary to upgrade Java or install the third party package, reconfigure and recompile.
Because:
-- /home/travis/build/icyphy/ptII/ptolemy/actor/ptalon/demo/ptinyos/SenseToLeds/ptolemy/domains/ptinyos/lib/MicaLeds.xml (No such file or directory)
-- XML file not found relative to classpath.
-- /home/travis/build/icyphy/ptII/ptolemy/vergil/basic/export/test/ptolemy/domains/ptinyos/lib/MicaLeds.xml
/home/travis/build/icyphy/ptII/ptolemy/vergil/basic/export/test/ptolemy/domains/ptinyos/lib/MicaLeds.xml (No such file or directory)
 in file:/home/travis/build/icyphy/ptII/ptolemy/actor/ptalon/demo/ptinyos/SenseToLeds/MicaBoard.xml at line 134 and column 63
	at ptolemy.moml.SimpleErrorHandler.handleError(SimpleErrorHandler.java:75)
	at ptolemy.moml.MoMLParser.startElement(MoMLParser.java:3805)
	at com.microstar.xml.XmlParser.parseElement(XmlParser.java:921)
	at com.microstar.xml.XmlParser.parseContent(XmlParser.java:1104)
	at com.microstar.xml.XmlParser.parseElement(XmlParser.java:924)
	at com.microstar.xml.XmlParser.parseDocument(XmlParser.java:481)
	at com.microstar.xml.XmlParser.doParse(XmlParser.java:159)
	at com.microstar.xml.XmlParser.parse(XmlParser.java:132)
	at ptolemy.moml.MoMLParser.parse(MoMLParser.java:1676)
	at ptolemy.moml.MoMLParser.parse(MoMLParser.java:1595)
	at ptolemy.moml.MoMLParser.parse(MoMLParser.java:1537)
	at ptolemy.moml.MoMLParser._findOrParse(MoMLParser.java:5286)
	at ptolemy.moml.MoMLParser._attemptToFindMoMLClass(MoMLParser.java:4075)
	at ptolemy.moml.MoMLParser._createEntity(MoMLParser.java:4323)
	... 65 more
Caused by: ptolemy.kernel.util.IllegalActionException: Cannot find class: ptolemy.domains.ptinyos.lib.MicaLeds. In Ptolemy, classes are typically Java .class files. Entities like actors may instead be defined within a .xml file.  In any case, the class was not found. If the class uses a third party package, then the class would be present only if the third party package was found at compile time.  It may be necessary to upgrade Java or install the third party package, reconfigure and recompile.
Because:
-- /home/travis/build/icyphy/ptII/ptolemy/actor/ptalon/demo/ptinyos/SenseToLeds/ptolemy/domains/ptinyos/lib/MicaLeds.xml (No such file or directory)
-- XML file not found relative to classpath.
-- /home/travis/build/icyphy/ptII/ptolemy/vergil/basic/export/test/ptolemy/domains/ptinyos/lib/MicaLeds.xml
/home/travis/build/icyphy/ptII/ptolemy/vergil/basic/export/test/ptolemy/domains/ptinyos/lib/MicaLeds.xml (No such file or directory)
 in file:/home/travis/build/icyphy/ptII/ptolemy/actor/ptalon/demo/ptinyos/SenseToLeds/MicaBoard.xml at line 134 and column 63
	at ptolemy.moml.MoMLParser._createEntity(MoMLParser.java:4330)
	at ptolemy.moml.MoMLParser.startElement(MoMLParser.java:2864)
	... 77 more
Caused by: com.microstar.xml.XmlException: -- /home/travis/build/icyphy/ptII/ptolemy/actor/ptalon/demo/ptinyos/SenseToLeds/ptolemy/domains/ptinyos/lib/MicaLeds.xml (No such file or directory)
-- XML file not found relative to classpath.
-- /home/travis/build/icyphy/ptII/ptolemy/vergil/basic/export/test/ptolemy/domains/ptinyos/lib/MicaLeds.xml
/home/travis/build/icyphy/ptII/ptolemy/vergil/basic/export/test/ptolemy/domains/ptinyos/lib/MicaLeds.xml (No such file or directory)
 in file:/home/travis/build/icyphy/ptII/ptolemy/actor/ptalon/demo/ptinyos/SenseToLeds/MicaBoard.xml at line 134 and column 63
	at ptolemy.moml.MoMLParser.fileNameToURL(MoMLParser.java:1414)
	at ptolemy.moml.MoMLParser._findOrParse(MoMLParser.java:5283)
	at ptolemy.moml.MoMLParser._attemptToFindMoMLClass(MoMLParser.java:4075)
	at ptolemy.moml.MoMLParser._createEntity(MoMLParser.java:4323)
	... 78 more
Caused by: ptolemy.actor.ptalon.PtalonRuntimeException: Unable to add actor null
	at ptolemy.actor.ptalon.PtalonEvaluator.addActor(PtalonEvaluator.java:300)
	at ptolemy.actor.ptalon.PtalonPopulator.actor_declaration(PtalonPopulator.java:1574)
	at ptolemy.actor.ptalon.PtalonPopulator.atomic_statement(PtalonPopulator.java:1638)
	at ptolemy.actor.ptalon.PtalonPopulator.iterative_statement_evaluator(PtalonPopulator.java:2484)
	at ptolemy.actor.ptalon.AbstractPtalonEvaluator$IfTree.evaluateForScope(AbstractPtalonEvaluator.java:1307)
	at ptolemy.actor.ptalon.AbstractPtalonEvaluator.evaluateForScope(AbstractPtalonEvaluator.java:744)
	at ptolemy.actor.ptalon.PtalonPopulator.iterative_statement(PtalonPopulator.java:2363)
	at ptolemy.actor.ptalon.PtalonPopulator.actor_definition(PtalonPopulator.java:2809)
	at ptolemy.actor.ptalon.PtalonActor.attributeChanged(PtalonActor.java:206)
	at ptolemy.actor.ptalon.PtalonMLHandler.startElement(PtalonMLHandler.java:134)
	at com.microstar.xml.XmlParser.parseElement(XmlParser.java:921)
	at com.microstar.xml.XmlParser.parseContent(XmlParser.java:1104)
	at com.microstar.xml.XmlParser.parseElement(XmlParser.java:924)
	at com.microstar.xml.XmlParser.parseDocument(XmlParser.java:481)
	at com.microstar.xml.XmlParser.doParse(XmlParser.java:159)
	at com.microstar.xml.XmlParser.parse(XmlParser.java:132)
	at ptolemy.actor.ptalon.PtalonActor.configure(PtalonActor.java:240)
	at ptolemy.moml.MoMLParser.endElement(MoMLParser.java:996)
	at com.microstar.xml.XmlParser.parseETag(XmlParser.java:1026)
	at com.microstar.xml.XmlParser.parseContent(XmlParser.java:1098)
	at com.microstar.xml.XmlParser.parseElement(XmlParser.java:924)
	at com.microstar.xml.XmlParser.parseContent(XmlParser.java:1104)
	at com.microstar.xml.XmlParser.parseElement(XmlParser.java:924)
	at com.microstar.xml.XmlParser.parseContent(XmlParser.java:1104)
	at com.microstar.xml.XmlParser.parseElement(XmlParser.java:924)
	at com.microstar.xml.XmlParser.parseDocument(XmlParser.java:481)
	at com.microstar.xml.XmlParser.doParse(XmlParser.java:159)
	at com.microstar.xml.XmlParser.parse(XmlParser.java:132)
	at ptolemy.moml.MoMLParser.parse(MoMLParser.java:1676)
	at ptolemy.moml.MoMLParser.parse(MoMLParser.java:1595)
	at ptolemy.moml.MoMLParser.parse(MoMLParser.java:1537)
	at ptolemy.actor.gui.PtolemyEffigy$Factory.createEffigy(PtolemyEffigy.java:424)
	at ptolemy.actor.gui.EffigyFactory.createEffigy(EffigyFactory.java:234)
	at ptolemy.actor.gui.Configuration.openModel(Configuration.java:1125)
	at ptolemy.actor.gui.Configuration.openModel(Configuration.java:1051)
	at ptolemy.actor.gui.ConfigurationApplication._openModel(ConfigurationApplication.java:1252)
	at ptolemy.actor.gui.ConfigurationApplication._parseArg(ConfigurationApplication.java:1399)
	at ptolemy.actor.gui.ConfigurationApplication._parseArgs(ConfigurationApplication.java:1478)
	at ptolemy.actor.gui.ConfigurationApplication.<init>(ConfigurationApplication.java:277)
	at ptolemy.actor.gui.ConfigurationApplication.<init>(ConfigurationApplication.java:214)
	at ptolemy.actor.gui.ConfigurationApplication.<init>(ConfigurationApplication.java:201)
	at ptolemy.actor.gui.ConfigurationApplication.openModelOrEntity(ConfigurationApplication.java:680)
	at ptolemy.vergil.basic.export.ExportModel$1.run(ExportModel.java:220)
	at java.awt.event.InvocationEvent.dispatch(InvocationEvent.java:301)
	at java.awt.EventQueue.dispatchEventImpl(EventQueue.java:756)
	at java.awt.EventQueue.access$500(EventQueue.java:97)
	at java.awt.EventQueue$3.run(EventQueue.java:709)
	at java.awt.EventQueue$3.run(EventQueue.java:703)
	at java.security.AccessController.doPrivileged(Native Method)
	at java.security.ProtectionDomain$JavaSecurityAccessImpl.doIntersectionPrivilege(ProtectionDomain.java:80)
	at java.awt.EventQueue.dispatchEvent(EventQueue.java:726)
	at java.awt.EventDispatchThread.pumpOneEventForFilters(EventDispatchThread.java:201)
	at java.awt.EventDispatchThread.pumpEventsForFilter(EventDispatchThread.java:116)
	at java.awt.EventDispatchThread.pumpEventsForHierarchy(EventDispatchThread.java:105)
	at java.awt.EventDispatchThread.pumpEvents(EventDispatchThread.java:101)
	at java.awt.EventDispatchThread.pumpEvents(EventDispatchThread.java:93)
	at java.awt.EventDispatchThread.run(EventDispatchThread.java:82)
Caused by: ptolemy.kernel.util.InternalErrorException: Element <entity name="node1" class="ptolemy.actor.ptalon.demo.ptinyos.SenseToLeds.MicaBoard"> caused an exception to be thrown.
  in .SenseToLeds.SenseToLeds
Because:
Cannot find class: ptolemy.actor.ptalon.demo.ptinyos.SenseToLeds.MicaBoard. In Ptolemy, classes are typically Java .class files. Entities like actors may instead be defined within a .xml file.  In any case, the class was not found. If the class uses a third party package, then the class would be present only if the third party package was found at compile time.  It may be necessary to upgrade Java or install the third party package, reconfigure and recompile.
Because:
Element <entity name="MicaLeds" class="ptolemy.domains.ptinyos.lib.MicaLeds"> caused an exception to be thrown.
  in .MicaBoard
Because:
Cannot find class: ptolemy.domains.ptinyos.lib.MicaLeds. In Ptolemy, classes are typically Java .class files. Entities like actors may instead be defined within a .xml file.  In any case, the class was not found. If the class uses a third party package, then the class would be present only if the third party package was found at compile time.  It may be necessary to upgrade Java or install the third party package, reconfigure and recompile.
Because:
-- /home/travis/build/icyphy/ptII/ptolemy/actor/ptalon/demo/ptinyos/SenseToLeds/ptolemy/domains/ptinyos/lib/MicaLeds.xml (No such file or directory)
-- XML file not found relative to classpath.
-- /home/travis/build/icyphy/ptII/ptolemy/vergil/basic/export/test/ptolemy/domains/ptinyos/lib/MicaLeds.xml
/home/travis/build/icyphy/ptII/ptolemy/vergil/basic/export/test/ptolemy/domains/ptinyos/lib/MicaLeds.xml (No such file or directory)
 in file:/home/travis/build/icyphy/ptII/ptolemy/actor/ptalon/demo/ptinyos/SenseToLeds/MicaBoard.xml at line 134 and column 63
	at ptolemy.moml.SimpleErrorHandler.handleError(SimpleErrorHandler.java:75)
	at ptolemy.moml.MoMLParser.startElement(MoMLParser.java:3805)
	at com.microstar.xml.XmlParser.parseElement(XmlParser.java:931)
	at com.microstar.xml.XmlParser.parseDocument(XmlParser.java:481)
	at com.microstar.xml.XmlParser.doParse(XmlParser.java:159)
	at com.microstar.xml.XmlParser.parse(XmlParser.java:132)
	at ptolemy.moml.MoMLParser.parse(MoMLParser.java:1660)
	at ptolemy.moml.MoMLParser.parse(MoMLParser.java:1617)
	at ptolemy.moml.MoMLParser.parse(MoMLParser.java:1792)
	at ptolemy.actor.ptalon.PtalonEvaluator.addActor(PtalonEvaluator.java:241)
	... 56 more
Caused by: ptolemy.kernel.util.IllegalActionException: Cannot find class: ptolemy.actor.ptalon.demo.ptinyos.SenseToLeds.MicaBoard. In Ptolemy, classes are typically Java .class files. Entities like actors may instead be defined within a .xml file.  In any case, the class was not found. If the class uses a third party package, then the class would be present only if the third party package was found at compile time.  It may be necessary to upgrade Java or install the third party package, reconfigure and recompile.
Because:
Element <entity name="MicaLeds" class="ptolemy.domains.ptinyos.lib.MicaLeds"> caused an exception to be thrown.
  in .MicaBoard
Because:
Cannot find class: ptolemy.domains.ptinyos.lib.MicaLeds. In Ptolemy, classes are typically Java .class files. Entities like actors may instead be defined within a .xml file.  In any case, the class was not found. If the class uses a third party package, then the class would be present only if the third party package was found at compile time.  It may be necessary to upgrade Java or install the third party package, reconfigure and recompile.
Because:
-- /home/travis/build/icyphy/ptII/ptolemy/actor/ptalon/demo/ptinyos/SenseToLeds/ptolemy/domains/ptinyos/lib/MicaLeds.xml (No such file or directory)
-- XML file not found relative to classpath.
-- /home/travis/build/icyphy/ptII/ptolemy/vergil/basic/export/test/ptolemy/domains/ptinyos/lib/MicaLeds.xml
/home/travis/build/icyphy/ptII/ptolemy/vergil/basic/export/test/ptolemy/domains/ptinyos/lib/MicaLeds.xml (No such file or directory)
 in file:/home/travis/build/icyphy/ptII/ptolemy/actor/ptalon/demo/ptinyos/SenseToLeds/MicaBoard.xml at line 134 and column 63
	at ptolemy.moml.MoMLParser._createEntity(MoMLParser.java:4330)
	at ptolemy.moml.MoMLParser.startElement(MoMLParser.java:2864)
	... 64 more
Caused by: ptolemy.kernel.util.InternalErrorException: Element <entity name="MicaLeds" class="ptolemy.domains.ptinyos.lib.MicaLeds"> caused an exception to be thrown.
  in .MicaBoard
Because:
Cannot find class: ptolemy.domains.ptinyos.lib.MicaLeds. In Ptolemy, classes are typically Java .class files. Entities like actors may instead be defined within a .xml file.  In any case, the class was not found. If the class uses a third party package, then the class would be present only if the third party package was found at compile time.  It may be necessary to upgrade Java or install the third party package, reconfigure and recompile.
Because:
-- /home/travis/build/icyphy/ptII/ptolemy/actor/ptalon/demo/ptinyos/SenseToLeds/ptolemy/domains/ptinyos/lib/MicaLeds.xml (No such file or directory)
-- XML file not found relative to classpath.
-- /home/travis/build/icyphy/ptII/ptolemy/vergil/basic/export/test/ptolemy/domains/ptinyos/lib/MicaLeds.xml
/home/travis/build/icyphy/ptII/ptolemy/vergil/basic/export/test/ptolemy/domains/ptinyos/lib/MicaLeds.xml (No such file or directory)
 in file:/home/travis/build/icyphy/ptII/ptolemy/actor/ptalon/demo/ptinyos/SenseToLeds/MicaBoard.xml at line 134 and column 63
	at ptolemy.moml.SimpleErrorHandler.handleError(SimpleErrorHandler.java:75)
	at ptolemy.moml.MoMLParser.startElement(MoMLParser.java:3805)
	at com.microstar.xml.XmlParser.parseElement(XmlParser.java:921)
	at com.microstar.xml.XmlParser.parseContent(XmlParser.java:1104)
	at com.microstar.xml.XmlParser.parseElement(XmlParser.java:924)
	at com.microstar.xml.XmlParser.parseDocument(XmlParser.java:481)
	at com.microstar.xml.XmlParser.doParse(XmlParser.java:159)
	at com.microstar.xml.XmlParser.parse(XmlParser.java:132)
	at ptolemy.moml.MoMLParser.parse(MoMLParser.java:1676)
	at ptolemy.moml.MoMLParser.parse(MoMLParser.java:1595)
	at ptolemy.moml.MoMLParser.parse(MoMLParser.java:1537)
	at ptolemy.moml.MoMLParser._findOrParse(MoMLParser.java:5286)
	at ptolemy.moml.MoMLParser._attemptToFindMoMLClass(MoMLParser.java:4075)
	at ptolemy.moml.MoMLParser._createEntity(MoMLParser.java:4323)
	... 65 more
Caused by: ptolemy.kernel.util.IllegalActionException: Cannot find class: ptolemy.domains.ptinyos.lib.MicaLeds. In Ptolemy, classes are typically Java .class files. Entities like actors may instead be defined within a .xml file.  In any case, the class was not found. If the class uses a third party package, then the class would be present only if the third party package was found at compile time.  It may be necessary to upgrade Java or install the third party package, reconfigure and recompile.
Because:
-- /home/travis/build/icyphy/ptII/ptolemy/actor/ptalon/demo/ptinyos/SenseToLeds/ptolemy/domains/ptinyos/lib/MicaLeds.xml (No such file or directory)
-- XML file not found relative to classpath.
-- /home/travis/build/icyphy/ptII/ptolemy/vergil/basic/export/test/ptolemy/domains/ptinyos/lib/MicaLeds.xml
/home/travis/build/icyphy/ptII/ptolemy/vergil/basic/export/test/ptolemy/domains/ptinyos/lib/MicaLeds.xml (No such file or directory)
 in file:/home/travis/build/icyphy/ptII/ptolemy/actor/ptalon/demo/ptinyos/SenseToLeds/MicaBoard.xml at line 134 and column 63
	at ptolemy.moml.MoMLParser._createEntity(MoMLParser.java:4330)
	at ptolemy.moml.MoMLParser.startElement(MoMLParser.java:2864)
	... 77 more
Caused by: com.microstar.xml.XmlException: -- /home/travis/build/icyphy/ptII/ptolemy/actor/ptalon/demo/ptinyos/SenseToLeds/ptolemy/domains/ptinyos/lib/MicaLeds.xml (No such file or directory)
-- XML file not found relative to classpath.
-- /home/travis/build/icyphy/ptII/ptolemy/vergil/basic/export/test/ptolemy/domains/ptinyos/lib/MicaLeds.xml
/home/travis/build/icyphy/ptII/ptolemy/vergil/basic/export/test/ptolemy/domains/ptinyos/lib/MicaLeds.xml (No such file or directory)
 in file:/home/travis/build/icyphy/ptII/ptolemy/actor/ptalon/demo/ptinyos/SenseToLeds/MicaBoard.xml at line 134 and column 63
	at ptolemy.moml.MoMLParser.fileNameToURL(MoMLParser.java:1414)
	at ptolemy.moml.MoMLParser._findOrParse(MoMLParser.java:5283)
	at ptolemy.moml.MoMLParser._attemptToFindMoMLClass(MoMLParser.java:4075)
	at ptolemy.moml.MoMLParser._createEntity(MoMLParser.java:4323)
	... 78 more
ptolemy.kernel.util.IllegalActionException: Failed to process attribute change to PtalonParameter, whose value is "ptolemy.actor.ptalon.PtalonExpressionParameter {.SenseToLeds.SenseToLeds.n} 2".
  in .SenseToLeds.SenseToLeds
Because:
Unable to add actor null
	at ptolemy.actor.ptalon.PtalonActor.attributeChanged(PtalonActor.java:211)
	at ptolemy.actor.ptalon.PtalonMLHandler.startElement(PtalonMLHandler.java:134)
	at com.microstar.xml.XmlParser.parseElement(XmlParser.java:921)
	at com.microstar.xml.XmlParser.parseContent(XmlParser.java:1104)
	at com.microstar.xml.XmlParser.parseElement(XmlParser.java:924)
	at com.microstar.xml.XmlParser.parseDocument(XmlParser.java:481)
	at com.microstar.xml.XmlParser.doParse(XmlParser.java:159)
	at com.microstar.xml.XmlParser.parse(XmlParser.java:132)
	at ptolemy.actor.ptalon.PtalonActor.configure(PtalonActor.java:240)
	at ptolemy.moml.MoMLParser.endElement(MoMLParser.java:996)
	at com.microstar.xml.XmlParser.parseETag(XmlParser.java:1026)
	at com.microstar.xml.XmlParser.parseContent(XmlParser.java:1098)
	at com.microstar.xml.XmlParser.parseElement(XmlParser.java:924)
	at com.microstar.xml.XmlParser.parseContent(XmlParser.java:1104)
	at com.microstar.xml.XmlParser.parseElement(XmlParser.java:924)
	at com.microstar.xml.XmlParser.parseContent(XmlParser.java:1104)
	at com.microstar.xml.XmlParser.parseElement(XmlParser.java:924)
	at com.microstar.xml.XmlParser.parseDocument(XmlParser.java:481)
	at com.microstar.xml.XmlParser.doParse(XmlParser.java:159)
	at com.microstar.xml.XmlParser.parse(XmlParser.java:132)
	at ptolemy.moml.MoMLParser.parse(MoMLParser.java:1676)
	at ptolemy.moml.MoMLParser.parse(MoMLParser.java:1595)
	at ptolemy.moml.MoMLParser.parse(MoMLParser.java:1537)
	at ptolemy.actor.gui.PtolemyEffigy$Factory.createEffigy(PtolemyEffigy.java:424)
	at ptolemy.actor.gui.EffigyFactory.createEffigy(EffigyFactory.java:234)
	at ptolemy.actor.gui.Configuration.openModel(Configuration.java:1125)
	at ptolemy.actor.gui.Configuration.openModel(Configuration.java:1051)
	at ptolemy.actor.gui.ConfigurationApplication._openModel(ConfigurationApplication.java:1252)
	at ptolemy.actor.gui.ConfigurationApplication._parseArg(ConfigurationApplication.java:1399)
	at ptolemy.actor.gui.ConfigurationApplication._parseArgs(ConfigurationApplication.java:1478)
	at ptolemy.actor.gui.ConfigurationApplication.<init>(ConfigurationApplication.java:277)
	at ptolemy.actor.gui.ConfigurationApplication.<init>(ConfigurationApplication.java:214)
	at ptolemy.actor.gui.ConfigurationApplication.<init>(ConfigurationApplication.java:201)
	at ptolemy.actor.gui.ConfigurationApplication.openModelOrEntity(ConfigurationApplication.java:680)
	at ptolemy.vergil.basic.export.ExportModel$1.run(ExportModel.java:220)
	at java.awt.event.InvocationEvent.dispatch(InvocationEvent.java:301)
	at java.awt.EventQueue.dispatchEventImpl(EventQueue.java:756)
	at java.awt.EventQueue.access$500(EventQueue.java:97)
	at java.awt.EventQueue$3.run(EventQueue.java:709)
	at java.awt.EventQueue$3.run(EventQueue.java:703)
	at java.security.AccessController.doPrivileged(Native Method)
	at java.security.ProtectionDomain$JavaSecurityAccessImpl.doIntersectionPrivilege(ProtectionDomain.java:80)
	at java.awt.EventQueue.dispatchEvent(EventQueue.java:726)
	at java.awt.EventDispatchThread.pumpOneEventForFilters(EventDispatchThread.java:201)
	at java.awt.EventDispatchThread.pumpEventsForFilter(EventDispatchThread.java:116)
	at java.awt.EventDispatchThread.pumpEventsForHierarchy(EventDispatchThread.java:105)
	at java.awt.EventDispatchThread.pumpEvents(EventDispatchThread.java:101)
	at java.awt.EventDispatchThread.pumpEvents(EventDispatchThread.java:93)
	at java.awt.EventDispatchThread.run(EventDispatchThread.java:82)
Caused by: ptolemy.actor.ptalon.PtalonRuntimeException: Unable to add actor null
	at ptolemy.actor.ptalon.PtalonEvaluator.addActor(PtalonEvaluator.java:300)
	at ptolemy.actor.ptalon.PtalonPopulator.actor_declaration(PtalonPopulator.java:1574)
	at ptolemy.actor.ptalon.PtalonPopulator.atomic_statement(PtalonPopulator.java:1638)
	at ptolemy.actor.ptalon.PtalonPopulator.iterative_statement_evaluator(PtalonPopulator.java:2484)
	at ptolemy.actor.ptalon.AbstractPtalonEvaluator$IfTree.evaluateForScope(AbstractPtalonEvaluator.java:1307)
	at ptolemy.actor.ptalon.AbstractPtalonEvaluator.evaluateForScope(AbstractPtalonEvaluator.java:744)
	at ptolemy.actor.ptalon.PtalonPopulator.iterative_statement(PtalonPopulator.java:2363)
	at ptolemy.actor.ptalon.PtalonPopulator.actor_definition(PtalonPopulator.java:2809)
	at ptolemy.actor.ptalon.PtalonActor.attributeChanged(PtalonActor.java:206)
	... 48 more
Caused by: ptolemy.kernel.util.InternalErrorException: Element <entity name="node1" class="ptolemy.actor.ptalon.demo.ptinyos.SenseToLeds.MicaBoard"> caused an exception to be thrown.
  in .SenseToLeds.SenseToLeds
Because:
Cannot find class: ptolemy.actor.ptalon.demo.ptinyos.SenseToLeds.MicaBoard. In Ptolemy, classes are typically Java .class files. Entities like actors may instead be defined within a .xml file.  In any case, the class was not found. If the class uses a third party package, then the class would be present only if the third party package was found at compile time.  It may be necessary to upgrade Java or install the third party package, reconfigure and recompile.
Because:
Element <entity name="MicaLeds" class="ptolemy.domains.ptinyos.lib.MicaLeds"> caused an exception to be thrown.
  in .MicaBoard
Because:
Cannot find class: ptolemy.domains.ptinyos.lib.MicaLeds. In Ptolemy, classes are typically Java .class files. Entities like actors may instead be defined within a .xml file.  In any case, the class was not found. If the class uses a third party package, then the class would be present only if the third party package was found at compile time.  It may be necessary to upgrade Java or install the third party package, reconfigure and recompile.
Because:
-- /home/travis/build/icyphy/ptII/ptolemy/actor/ptalon/demo/ptinyos/SenseToLeds/ptolemy/domains/ptinyos/lib/MicaLeds.xml (No such file or directory)
-- XML file not found relative to classpath.
-- /home/travis/build/icyphy/ptII/ptolemy/vergil/basic/export/test/ptolemy/domains/ptinyos/lib/MicaLeds.xml
/home/travis/build/icyphy/ptII/ptolemy/vergil/basic/export/test/ptolemy/domains/ptinyos/lib/MicaLeds.xml (No such file or directory)
 in file:/home/travis/build/icyphy/ptII/ptolemy/actor/ptalon/demo/ptinyos/SenseToLeds/MicaBoard.xml at line 134 and column 63
	at ptolemy.moml.SimpleErrorHandler.handleError(SimpleErrorHandler.java:75)
	at ptolemy.moml.MoMLParser.startElement(MoMLParser.java:3805)
	at com.microstar.xml.XmlParser.parseElement(XmlParser.java:931)
	at com.microstar.xml.XmlParser.parseDocument(XmlParser.java:481)
	at com.microstar.xml.XmlParser.doParse(XmlParser.java:159)
	at com.microstar.xml.XmlParser.parse(XmlParser.java:132)
	at ptolemy.moml.MoMLParser.parse(MoMLParser.java:1660)
	at ptolemy.moml.MoMLParser.parse(MoMLParser.java:1617)
	at ptolemy.moml.MoMLParser.parse(MoMLParser.java:1792)
	at ptolemy.actor.ptalon.PtalonEvaluator.addActor(PtalonEvaluator.java:241)
	... 56 more
Caused by: ptolemy.kernel.util.IllegalActionException: Cannot find class: ptolemy.actor.ptalon.demo.ptinyos.SenseToLeds.MicaBoard. In Ptolemy, classes are typically Java .class files. Entities like actors may instead be defined within a .xml file.  In any case, the class was not found. If the class uses a third party package, then the class would be present only if the third party package was found at compile time.  It may be necessary to upgrade Java or install the third party package, reconfigure and recompile.
Because:
Element <entity name="MicaLeds" class="ptolemy.domains.ptinyos.lib.MicaLeds"> caused an exception to be thrown.
  in .MicaBoard
Because:
Cannot find class: ptolemy.domains.ptinyos.lib.MicaLeds. In Ptolemy, classes are typically Java .class files. Entities like actors may instead be defined within a .xml file.  In any case, the class was not found. If the class uses a third party package, then the class would be present only if the third party package was found at compile time.  It may be necessary to upgrade Java or install the third party package, reconfigure and recompile.
Because:
-- /home/travis/build/icyphy/ptII/ptolemy/actor/ptalon/demo/ptinyos/SenseToLeds/ptolemy/domains/ptinyos/lib/MicaLeds.xml (No such file or directory)
-- XML file not found relative to classpath.
-- /home/travis/build/icyphy/ptII/ptolemy/vergil/basic/export/test/ptolemy/domains/ptinyos/lib/MicaLeds.xml
/home/travis/build/icyphy/ptII/ptolemy/vergil/basic/export/test/ptolemy/domains/ptinyos/lib/MicaLeds.xml (No such file or directory)
 in file:/home/travis/build/icyphy/ptII/ptolemy/actor/ptalon/demo/ptinyos/SenseToLeds/MicaBoard.xml at line 134 and column 63
	at ptolemy.moml.MoMLParser._createEntity(MoMLParser.java:4330)
	at ptolemy.moml.MoMLParser.startElement(MoMLParser.java:2864)
	... 64 more
Caused by: ptolemy.kernel.util.InternalErrorException: Element <entity name="MicaLeds" class="ptolemy.domains.ptinyos.lib.MicaLeds"> caused an exception to be thrown.
  in .MicaBoard
Because:
Cannot find class: ptolemy.domains.ptinyos.lib.MicaLeds. In Ptolemy, classes are typically Java .class files. Entities like actors may instead be defined within a .xml file.  In any case, the class was not found. If the class uses a third party package, then the class would be present only if the third party package was found at compile time.  It may be necessary to upgrade Java or install the third party package, reconfigure and recompile.
Because:
-- /home/travis/build/icyphy/ptII/ptolemy/actor/ptalon/demo/ptinyos/SenseToLeds/ptolemy/domains/ptinyos/lib/MicaLeds.xml (No such file or directory)
-- XML file not found relative to classpath.
-- /home/travis/build/icyphy/ptII/ptolemy/vergil/basic/export/test/ptolemy/domains/ptinyos/lib/MicaLeds.xml
/home/travis/build/icyphy/ptII/ptolemy/vergil/basic/export/test/ptolemy/domains/ptinyos/lib/MicaLeds.xml (No such file or directory)
 in file:/home/travis/build/icyphy/ptII/ptolemy/actor/ptalon/demo/ptinyos/SenseToLeds/MicaBoard.xml at line 134 and column 63
	at ptolemy.moml.SimpleErrorHandler.handleError(SimpleErrorHandler.java:75)
	at ptolemy.moml.MoMLParser.startElement(MoMLParser.java:3805)
	at com.microstar.xml.XmlParser.parseElement(XmlParser.java:921)
	at com.microstar.xml.XmlParser.parseContent(XmlParser.java:1104)
	at com.microstar.xml.XmlParser.parseElement(XmlParser.java:924)
	at com.microstar.xml.XmlParser.parseDocument(XmlParser.java:481)
	at com.microstar.xml.XmlParser.doParse(XmlParser.java:159)
	at com.microstar.xml.XmlParser.parse(XmlParser.java:132)
	at ptolemy.moml.MoMLParser.parse(MoMLParser.java:1676)
	at ptolemy.moml.MoMLParser.parse(MoMLParser.java:1595)
	at ptolemy.moml.MoMLParser.parse(MoMLParser.java:1537)
	at ptolemy.moml.MoMLParser._findOrParse(MoMLParser.java:5286)
	at ptolemy.moml.MoMLParser._attemptToFindMoMLClass(MoMLParser.java:4075)
	at ptolemy.moml.MoMLParser._createEntity(MoMLParser.java:4323)
	... 65 more
Caused by: ptolemy.kernel.util.IllegalActionException: Cannot find class: ptolemy.domains.ptinyos.lib.MicaLeds. In Ptolemy, classes are typically Java .class files. Entities like actors may instead be defined within a .xml file.  In any case, the class was not found. If the class uses a third party package, then the class would be present only if the third party package was found at compile time.  It may be necessary to upgrade Java or install the third party package, reconfigure and recompile.
Because:
-- /home/travis/build/icyphy/ptII/ptolemy/actor/ptalon/demo/ptinyos/SenseToLeds/ptolemy/domains/ptinyos/lib/MicaLeds.xml (No such file or directory)
-- XML file not found relative to classpath.
-- /home/travis/build/icyphy/ptII/ptolemy/vergil/basic/export/test/ptolemy/domains/ptinyos/lib/MicaLeds.xml
/home/travis/build/icyphy/ptII/ptolemy/vergil/basic/export/test/ptolemy/domains/ptinyos/lib/MicaLeds.xml (No such file or directory)
 in file:/home/travis/build/icyphy/ptII/ptolemy/actor/ptalon/demo/ptinyos/SenseToLeds/MicaBoard.xml at line 134 and column 63
	at ptolemy.moml.MoMLParser._createEntity(MoMLParser.java:4330)
	at ptolemy.moml.MoMLParser.startElement(MoMLParser.java:2864)
	... 77 more
Caused by: com.microstar.xml.XmlException: -- /home/travis/build/icyphy/ptII/ptolemy/actor/ptalon/demo/ptinyos/SenseToLeds/ptolemy/domains/ptinyos/lib/MicaLeds.xml (No such file or directory)
-- XML file not found relative to classpath.
-- /home/travis/build/icyphy/ptII/ptolemy/vergil/basic/export/test/ptolemy/domains/ptinyos/lib/MicaLeds.xml
/home/travis/build/icyphy/ptII/ptolemy/vergil/basic/export/test/ptolemy/domains/ptinyos/lib/MicaLeds.xml (No such file or directory)
 in file:/home/travis/build/icyphy/ptII/ptolemy/actor/ptalon/demo/ptinyos/SenseToLeds/MicaBoard.xml at line 134 and column 63
	at ptolemy.moml.MoMLParser.fileNameToURL(MoMLParser.java:1414)
	at ptolemy.moml.MoMLParser._findOrParse(MoMLParser.java:5283)
	at ptolemy.moml.MoMLParser._attemptToFindMoMLClass(MoMLParser.java:4075)
	at ptolemy.moml.MoMLParser._createEntity(MoMLParser.java:4323)
	... 78 more
Caused by: ptolemy.actor.ptalon.PtalonRuntimeException: Unable to add actor null
	at ptolemy.actor.ptalon.PtalonEvaluator.addActor(PtalonEvaluator.java:300)
	at ptolemy.actor.ptalon.PtalonPopulator.actor_declaration(PtalonPopulator.java:1574)
	at ptolemy.actor.ptalon.PtalonPopulator.atomic_statement(PtalonPopulator.java:1638)
	at ptolemy.actor.ptalon.PtalonPopulator.iterative_statement_evaluator(PtalonPopulator.java:2484)
	at ptolemy.actor.ptalon.AbstractPtalonEvaluator$IfTree.evaluateForScope(AbstractPtalonEvaluator.java:1307)
	at ptolemy.actor.ptalon.AbstractPtalonEvaluator.evaluateForScope(AbstractPtalonEvaluator.java:744)
	at ptolemy.actor.ptalon.PtalonPopulator.iterative_statement(PtalonPopulator.java:2363)
	at ptolemy.actor.ptalon.PtalonPopulator.actor_definition(PtalonPopulator.java:2809)
	at ptolemy.actor.ptalon.PtalonActor.attributeChanged(PtalonActor.java:206)
	at ptolemy.actor.ptalon.PtalonMLHandler.startElement(PtalonMLHandler.java:134)
	at com.microstar.xml.XmlParser.parseElement(XmlParser.java:921)
	at com.microstar.xml.XmlParser.parseContent(XmlParser.java:1104)
	at com.microstar.xml.XmlParser.parseElement(XmlParser.java:924)
	at com.microstar.xml.XmlParser.parseDocument(XmlParser.java:481)
	at com.microstar.xml.XmlParser.doParse(XmlParser.java:159)
	at com.microstar.xml.XmlParser.parse(XmlParser.java:132)
	at ptolemy.actor.ptalon.PtalonActor.configure(PtalonActor.java:240)
	at ptolemy.moml.MoMLParser.endElement(MoMLParser.java:996)
	at com.microstar.xml.XmlParser.parseETag(XmlParser.java:1026)
	at com.microstar.xml.XmlParser.parseContent(XmlParser.java:1098)
	at com.microstar.xml.XmlParser.parseElement(XmlParser.java:924)
	at com.microstar.xml.XmlParser.parseContent(XmlParser.java:1104)
	at com.microstar.xml.XmlParser.parseElement(XmlParser.java:924)
	at com.microstar.xml.XmlParser.parseContent(XmlParser.java:1104)
	at com.microstar.xml.XmlParser.parseElement(XmlParser.java:924)
	at com.microstar.xml.XmlParser.parseDocument(XmlParser.java:481)
	at com.microstar.xml.XmlParser.doParse(XmlParser.java:159)
	at com.microstar.xml.XmlParser.parse(XmlParser.java:132)
	at ptolemy.moml.MoMLParser.parse(MoMLParser.java:1676)
	at ptolemy.moml.MoMLParser.parse(MoMLParser.java:1595)
	at ptolemy.moml.MoMLParser.parse(MoMLParser.java:1537)
	at ptolemy.actor.gui.PtolemyEffigy$Factory.createEffigy(PtolemyEffigy.java:424)
	at ptolemy.actor.gui.EffigyFactory.createEffigy(EffigyFactory.java:234)
	at ptolemy.actor.gui.Configuration.openModel(Configuration.java:1125)
	at ptolemy.actor.gui.Configuration.openModel(Configuration.java:1051)
	at ptolemy.actor.gui.ConfigurationApplication._openModel(ConfigurationApplication.java:1252)
	at ptolemy.actor.gui.ConfigurationApplication._parseArg(ConfigurationApplication.java:1399)
	at ptolemy.actor.gui.ConfigurationApplication._parseArgs(ConfigurationApplication.java:1478)
	at ptolemy.actor.gui.ConfigurationApplication.<init>(ConfigurationApplication.java:277)
	at ptolemy.actor.gui.ConfigurationApplication.<init>(ConfigurationApplication.java:214)
	at ptolemy.actor.gui.ConfigurationApplication.<init>(ConfigurationApplication.java:201)
	at ptolemy.actor.gui.ConfigurationApplication.openModelOrEntity(ConfigurationApplication.java:680)
	at ptolemy.vergil.basic.export.ExportModel$1.run(ExportModel.java:220)
	at java.awt.event.InvocationEvent.dispatch(InvocationEvent.java:301)
	at java.awt.EventQueue.dispatchEventImpl(EventQueue.java:756)
	at java.awt.EventQueue.access$500(EventQueue.java:97)
	at java.awt.EventQueue$3.run(EventQueue.java:709)
	at java.awt.EventQueue$3.run(EventQueue.java:703)
	at java.security.AccessController.doPrivileged(Native Method)
	at java.security.ProtectionDomain$JavaSecurityAccessImpl.doIntersectionPrivilege(ProtectionDomain.java:80)
	at java.awt.EventQueue.dispatchEvent(EventQueue.java:726)
	at java.awt.EventDispatchThread.pumpOneEventForFilters(EventDispatchThread.java:201)
	at java.awt.EventDispatchThread.pumpEventsForFilter(EventDispatchThread.java:116)
	at java.awt.EventDispatchThread.pumpEventsForHierarchy(EventDispatchThread.java:105)
	at java.awt.EventDispatchThread.pumpEvents(EventDispatchThread.java:101)
	at java.awt.EventDispatchThread.pumpEvents(EventDispatchThread.java:93)
	at java.awt.EventDispatchThread.run(EventDispatchThread.java:82)
Caused by: ptolemy.kernel.util.InternalErrorException: Element <entity name="node1" class="ptolemy.actor.ptalon.demo.ptinyos.SenseToLeds.MicaBoard"> caused an exception to be thrown.
  in .SenseToLeds.SenseToLeds
Because:
Cannot find class: ptolemy.actor.ptalon.demo.ptinyos.SenseToLeds.MicaBoard. In Ptolemy, classes are typically Java .class files. Entities like actors may instead be defined within a .xml file.  In any case, the class was not found. If the class uses a third party package, then the class would be present only if the third party package was found at compile time.  It may be necessary to upgrade Java or install the third party package, reconfigure and recompile.
Because:
Element <entity name="MicaLeds" class="ptolemy.domains.ptinyos.lib.MicaLeds"> caused an exception to be thrown.
  in .MicaBoard
Because:
Cannot find class: ptolemy.domains.ptinyos.lib.MicaLeds. In Ptolemy, classes are typically Java .class files. Entities like actors may instead be defined within a .xml file.  In any case, the class was not found. If the class uses a third party package, then the class would be present only if the third party package was found at compile time.  It may be necessary to upgrade Java or install the third party package, reconfigure and recompile.
Because:
-- /home/travis/build/icyphy/ptII/ptolemy/actor/ptalon/demo/ptinyos/SenseToLeds/ptolemy/domains/ptinyos/lib/MicaLeds.xml (No such file or directory)
-- XML file not found relative to classpath.
-- /home/travis/build/icyphy/ptII/ptolemy/vergil/basic/export/test/ptolemy/domains/ptinyos/lib/MicaLeds.xml
/home/travis/build/icyphy/ptII/ptolemy/vergil/basic/export/test/ptolemy/domains/ptinyos/lib/MicaLeds.xml (No such file or directory)
 in file:/home/travis/build/icyphy/ptII/ptolemy/actor/ptalon/demo/ptinyos/SenseToLeds/MicaBoard.xml at line 134 and column 63
	at ptolemy.moml.SimpleErrorHandler.handleError(SimpleErrorHandler.java:75)
	at ptolemy.moml.MoMLParser.startElement(MoMLParser.java:3805)
	at com.microstar.xml.XmlParser.parseElement(XmlParser.java:931)
	at com.microstar.xml.XmlParser.parseDocument(XmlParser.java:481)
	at com.microstar.xml.XmlParser.doParse(XmlParser.java:159)
	at com.microstar.xml.XmlParser.parse(XmlParser.java:132)
	at ptolemy.moml.MoMLParser.parse(MoMLParser.java:1660)
	at ptolemy.moml.MoMLParser.parse(MoMLParser.java:1617)
	at ptolemy.moml.MoMLParser.parse(MoMLParser.java:1792)
	at ptolemy.actor.ptalon.PtalonEvaluator.addActor(PtalonEvaluator.java:241)
	... 56 more
Caused by: ptolemy.kernel.util.IllegalActionException: Cannot find class: ptolemy.actor.ptalon.demo.ptinyos.SenseToLeds.MicaBoard. In Ptolemy, classes are typically Java .class files. Entities like actors may instead be defined within a .xml file.  In any case, the class was not found. If the class uses a third party package, then the class would be present only if the third party package was found at compile time.  It may be necessary to upgrade Java or install the third party package, reconfigure and recompile.
Because:
Element <entity name="MicaLeds" class="ptolemy.domains.ptinyos.lib.MicaLeds"> caused an exception to be thrown.
  in .MicaBoard
Because:
Cannot find class: ptolemy.domains.ptinyos.lib.MicaLeds. In Ptolemy, classes are typically Java .class files. Entities like actors may instead be defined within a .xml file.  In any case, the class was not found. If the class uses a third party package, then the class would be present only if the third party package was found at compile time.  It may be necessary to upgrade Java or install the third party package, reconfigure and recompile.
Because:
-- /home/travis/build/icyphy/ptII/ptolemy/actor/ptalon/demo/ptinyos/SenseToLeds/ptolemy/domains/ptinyos/lib/MicaLeds.xml (No such file or directory)
-- XML file not found relative to classpath.
-- /home/travis/build/icyphy/ptII/ptolemy/vergil/basic/export/test/ptolemy/domains/ptinyos/lib/MicaLeds.xml
/home/travis/build/icyphy/ptII/ptolemy/vergil/basic/export/test/ptolemy/domains/ptinyos/lib/MicaLeds.xml (No such file or directory)
 in file:/home/travis/build/icyphy/ptII/ptolemy/actor/ptalon/demo/ptinyos/SenseToLeds/MicaBoard.xml at line 134 and column 63
	at ptolemy.moml.MoMLParser._createEntity(MoMLParser.java:4330)
	at ptolemy.moml.MoMLParser.startElement(MoMLParser.java:2864)
	... 64 more
Caused by: ptolemy.kernel.util.InternalErrorException: Element <entity name="MicaLeds" class="ptolemy.domains.ptinyos.lib.MicaLeds"> caused an exception to be thrown.
  in .MicaBoard
Because:
Cannot find class: ptolemy.domains.ptinyos.lib.MicaLeds. In Ptolemy, classes are typically Java .class files. Entities like actors may instead be defined within a .xml file.  In any case, the class was not found. If the class uses a third party package, then the class would be present only if the third party package was found at compile time.  It may be necessary to upgrade Java or install the third party package, reconfigure and recompile.
Because:
-- /home/travis/build/icyphy/ptII/ptolemy/actor/ptalon/demo/ptinyos/SenseToLeds/ptolemy/domains/ptinyos/lib/MicaLeds.xml (No such file or directory)
-- XML file not found relative to classpath.
-- /home/travis/build/icyphy/ptII/ptolemy/vergil/basic/export/test/ptolemy/domains/ptinyos/lib/MicaLeds.xml
/home/travis/build/icyphy/ptII/ptolemy/vergil/basic/export/test/ptolemy/domains/ptinyos/lib/MicaLeds.xml (No such file or directory)
 in file:/home/travis/build/icyphy/ptII/ptolemy/actor/ptalon/demo/ptinyos/SenseToLeds/MicaBoard.xml at line 134 and column 63
	at ptolemy.moml.SimpleErrorHandler.handleError(SimpleErrorHandler.java:75)
	at ptolemy.moml.MoMLParser.startElement(MoMLParser.java:3805)
	at com.microstar.xml.XmlParser.parseElement(XmlParser.java:921)
	at com.microstar.xml.XmlParser.parseContent(XmlParser.java:1104)
	at com.microstar.xml.XmlParser.parseElement(XmlParser.java:924)
	at com.microstar.xml.XmlParser.parseDocument(XmlParser.java:481)
	at com.microstar.xml.XmlParser.doParse(XmlParser.java:159)
	at com.microstar.xml.XmlParser.parse(XmlParser.java:132)
	at ptolemy.moml.MoMLParser.parse(MoMLParser.java:1676)
	at ptolemy.moml.MoMLParser.parse(MoMLParser.java:1595)
	at ptolemy.moml.MoMLParser.parse(MoMLParser.java:1537)
	at ptolemy.moml.MoMLParser._findOrParse(MoMLParser.java:5286)
	at ptolemy.moml.MoMLParser._attemptToFindMoMLClass(MoMLParser.java:4075)
	at ptolemy.moml.MoMLParser._createEntity(MoMLParser.java:4323)
	... 65 more
Caused by: ptolemy.kernel.util.IllegalActionException: Cannot find class: ptolemy.domains.ptinyos.lib.MicaLeds. In Ptolemy, classes are typically Java .class files. Entities like actors may instead be defined within a .xml file.  In any case, the class was not found. If the class uses a third party package, then the class would be present only if the third party package was found at compile time.  It may be necessary to upgrade Java or install the third party package, reconfigure and recompile.
Because:
-- /home/travis/build/icyphy/ptII/ptolemy/actor/ptalon/demo/ptinyos/SenseToLeds/ptolemy/domains/ptinyos/lib/MicaLeds.xml (No such file or directory)
-- XML file not found relative to classpath.
-- /home/travis/build/icyphy/ptII/ptolemy/vergil/basic/export/test/ptolemy/domains/ptinyos/lib/MicaLeds.xml
/home/travis/build/icyphy/ptII/ptolemy/vergil/basic/export/test/ptolemy/domains/ptinyos/lib/MicaLeds.xml (No such file or directory)
 in file:/home/travis/build/icyphy/ptII/ptolemy/actor/ptalon/demo/ptinyos/SenseToLeds/MicaBoard.xml at line 134 and column 63
	at ptolemy.moml.MoMLParser._createEntity(MoMLParser.java:4330)
	at ptolemy.moml.MoMLParser.startElement(MoMLParser.java:2864)
	... 77 more
Caused by: com.microstar.xml.XmlException: -- /home/travis/build/icyphy/ptII/ptolemy/actor/ptalon/demo/ptinyos/SenseToLeds/ptolemy/domains/ptinyos/lib/MicaLeds.xml (No such file or directory)
-- XML file not found relative to classpath.
-- /home/travis/build/icyphy/ptII/ptolemy/vergil/basic/export/test/ptolemy/domains/ptinyos/lib/MicaLeds.xml
/home/travis/build/icyphy/ptII/ptolemy/vergil/basic/export/test/ptolemy/domains/ptinyos/lib/MicaLeds.xml (No such file or directory)
 in file:/home/travis/build/icyphy/ptII/ptolemy/actor/ptalon/demo/ptinyos/SenseToLeds/MicaBoard.xml at line 134 and column 63
	at ptolemy.moml.MoMLParser.fileNameToURL(MoMLParser.java:1414)
	at ptolemy.moml.MoMLParser._findOrParse(MoMLParser.java:5283)
	at ptolemy.moml.MoMLParser._attemptToFindMoMLClass(MoMLParser.java:4075)
	at ptolemy.moml.MoMLParser._createEntity(MoMLParser.java:4323)
	... 78 more
Failed to read file:/home/travis/build/icyphy/ptII/ptolemy/actor/ptalon/demo/ptinyos/SenseToLeds/SenseToLeds.xml
ptolemy.kernel.util.IllegalActionException: Failed to process attribute change to PtalonParameter, whose value is "ptolemy.actor.ptalon.PtalonExpressionParameter {.SenseToLeds.SenseToLeds.n} 2".
  in .SenseToLeds.SenseToLeds
Because:
Unable to add actor null
	at ptolemy.actor.ptalon.PtalonActor.attributeChanged(PtalonActor.java:211)
	at ptolemy.actor.ptalon.PtalonMLHandler.startElement(PtalonMLHandler.java:134)
	at com.microstar.xml.XmlParser.parseElement(XmlParser.java:921)
	at com.microstar.xml.XmlParser.parseContent(XmlParser.java:1104)
	at com.microstar.xml.XmlParser.parseElement(XmlParser.java:924)
	at com.microstar.xml.XmlParser.parseDocument(XmlParser.java:481)
	at com.microstar.xml.XmlParser.doParse(XmlParser.java:159)
	at com.microstar.xml.XmlParser.parse(XmlParser.java:132)
	at ptolemy.actor.ptalon.PtalonActor.configure(PtalonActor.java:240)
	at ptolemy.moml.MoMLParser.endElement(MoMLParser.java:996)
	at com.microstar.xml.XmlParser.parseETag(XmlParser.java:1026)
	at com.microstar.xml.XmlParser.parseContent(XmlParser.java:1098)
	at com.microstar.xml.XmlParser.parseElement(XmlParser.java:924)
	at com.microstar.xml.XmlParser.parseContent(XmlParser.java:1104)
	at com.microstar.xml.XmlParser.parseElement(XmlParser.java:924)
	at com.microstar.xml.XmlParser.parseContent(XmlParser.java:1104)
	at com.microstar.xml.XmlParser.parseElement(XmlParser.java:924)
	at com.microstar.xml.XmlParser.parseDocument(XmlParser.java:481)
	at com.microstar.xml.XmlParser.doParse(XmlParser.java:159)
	at com.microstar.xml.XmlParser.parse(XmlParser.java:132)
	at ptolemy.moml.MoMLParser.parse(MoMLParser.java:1676)
	at ptolemy.moml.MoMLParser.parse(MoMLParser.java:1595)
	at ptolemy.moml.MoMLParser.parse(MoMLParser.java:1537)
	at ptolemy.actor.gui.PtolemyEffigy$Factory.createEffigy(PtolemyEffigy.java:424)
	at ptolemy.actor.gui.EffigyFactory.createEffigy(EffigyFactory.java:234)
	at ptolemy.actor.gui.Configuration.openModel(Configuration.java:1125)
	at ptolemy.actor.gui.Configuration.openModel(Configuration.java:1051)
	at ptolemy.actor.gui.ConfigurationApplication._openModel(ConfigurationApplication.java:1252)
	at ptolemy.actor.gui.ConfigurationApplication._parseArg(ConfigurationApplication.java:1399)
	at ptolemy.actor.gui.ConfigurationApplication._parseArgs(ConfigurationApplication.java:1478)
	at ptolemy.actor.gui.ConfigurationApplication.<init>(ConfigurationApplication.java:277)
	at ptolemy.actor.gui.ConfigurationApplication.<init>(ConfigurationApplication.java:214)
	at ptolemy.actor.gui.ConfigurationApplication.<init>(ConfigurationApplication.java:201)
	at ptolemy.actor.gui.ConfigurationApplication.openModelOrEntity(ConfigurationApplication.java:680)
	at ptolemy.vergil.basic.export.ExportModel$1.run(ExportModel.java:220)
	at java.awt.event.InvocationEvent.dispatch(InvocationEvent.java:301)
	at java.awt.EventQueue.dispatchEventImpl(EventQueue.java:756)
	at java.awt.EventQueue.access$500(EventQueue.java:97)
	at java.awt.EventQueue$3.run(EventQueue.java:709)
	at java.awt.EventQueue$3.run(EventQueue.java:703)
	at java.security.AccessController.doPrivileged(Native Method)
	at java.security.ProtectionDomain$JavaSecurityAccessImpl.doIntersectionPrivilege(ProtectionDomain.java:80)
	at java.awt.EventQueue.dispatchEvent(EventQueue.java:726)
	at java.awt.EventDispatchThread.pumpOneEventForFilters(EventDispatchThread.java:201)
	at java.awt.EventDispatchThread.pumpEventsForFilter(EventDispatchThread.java:116)
	at java.awt.EventDispatchThread.pumpEventsForHierarchy(EventDispatchThread.java:105)
	at java.awt.EventDispatchThread.pumpEvents(EventDispatchThread.java:101)
	at java.awt.EventDispatchThread.pumpEvents(EventDispatchThread.java:93)
	at java.awt.EventDispatchThread.run(EventDispatchThread.java:82)
Caused by: ptolemy.actor.ptalon.PtalonRuntimeException: Unable to add actor null
	at ptolemy.actor.ptalon.PtalonEvaluator.addActor(PtalonEvaluator.java:300)
	at ptolemy.actor.ptalon.PtalonPopulator.actor_declaration(PtalonPopulator.java:1574)
	at ptolemy.actor.ptalon.PtalonPopulator.atomic_statement(PtalonPopulator.java:1638)
	at ptolemy.actor.ptalon.PtalonPopulator.iterative_statement_evaluator(PtalonPopulator.java:2484)
	at ptolemy.actor.ptalon.AbstractPtalonEvaluator$IfTree.evaluateForScope(AbstractPtalonEvaluator.java:1307)
	at ptolemy.actor.ptalon.AbstractPtalonEvaluator.evaluateForScope(AbstractPtalonEvaluator.java:744)
	at ptolemy.actor.ptalon.PtalonPopulator.iterative_statement(PtalonPopulator.java:2363)
	at ptolemy.actor.ptalon.PtalonPopulator.actor_definition(PtalonPopulator.java:2809)
	at ptolemy.actor.ptalon.PtalonActor.attributeChanged(PtalonActor.java:206)
	... 48 more
Caused by: ptolemy.kernel.util.InternalErrorException: Element <entity name="node1" class="ptolemy.actor.ptalon.demo.ptinyos.SenseToLeds.MicaBoard"> caused an exception to be thrown.
  in .SenseToLeds.SenseToLeds
Because:
Cannot find class: ptolemy.actor.ptalon.demo.ptinyos.SenseToLeds.MicaBoard. In Ptolemy, classes are typically Java .class files. Entities like actors may instead be defined within a .xml file.  In any case, the class was not found. If the class uses a third party package, then the class would be present only if the third party package was found at compile time.  It may be necessary to upgrade Java or install the third party package, reconfigure and recompile.
Because:
Element <entity name="MicaLeds" class="ptolemy.domains.ptinyos.lib.MicaLeds"> caused an exception to be thrown.
  in .MicaBoard
Because:
Cannot find class: ptolemy.domains.ptinyos.lib.MicaLeds. In Ptolemy, classes are typically Java .class files. Entities like actors may instead be defined within a .xml file.  In any case, the class was not found. If the class uses a third party package, then the class would be present only if the third party package was found at compile time.  It may be necessary to upgrade Java or install the third party package, reconfigure and recompile.
Because:
-- /home/travis/build/icyphy/ptII/ptolemy/actor/ptalon/demo/ptinyos/SenseToLeds/ptolemy/domains/ptinyos/lib/MicaLeds.xml (No such file or directory)
-- XML file not found relative to classpath.
-- /home/travis/build/icyphy/ptII/ptolemy/vergil/basic/export/test/ptolemy/domains/ptinyos/lib/MicaLeds.xml
/home/travis/build/icyphy/ptII/ptolemy/vergil/basic/export/test/ptolemy/domains/ptinyos/lib/MicaLeds.xml (No such file or directory)
 in file:/home/travis/build/icyphy/ptII/ptolemy/actor/ptalon/demo/ptinyos/SenseToLeds/MicaBoard.xml at line 134 and column 63
	at ptolemy.moml.SimpleErrorHandler.handleError(SimpleErrorHandler.java:75)
	at ptolemy.moml.MoMLParser.startElement(MoMLParser.java:3805)
	at com.microstar.xml.XmlParser.parseElement(XmlParser.java:931)
	at com.microstar.xml.XmlParser.parseDocument(XmlParser.java:481)
	at com.microstar.xml.XmlParser.doParse(XmlParser.java:159)
	at com.microstar.xml.XmlParser.parse(XmlParser.java:132)
	at ptolemy.moml.MoMLParser.parse(MoMLParser.java:1660)
	at ptolemy.moml.MoMLParser.parse(MoMLParser.java:1617)
	at ptolemy.moml.MoMLParser.parse(MoMLParser.java:1792)
	at ptolemy.actor.ptalon.PtalonEvaluator.addActor(PtalonEvaluator.java:241)
	... 56 more
Caused by: ptolemy.kernel.util.IllegalActionException: Cannot find class: ptolemy.actor.ptalon.demo.ptinyos.SenseToLeds.MicaBoard. In Ptolemy, classes are typically Java .class files. Entities like actors may instead be defined within a .xml file.  In any case, the class was not found. If the class uses a third party package, then the class would be present only if the third party package was found at compile time.  It may be necessary to upgrade Java or install the third party package, reconfigure and recompile.
Because:
Element <entity name="MicaLeds" class="ptolemy.domains.ptinyos.lib.MicaLeds"> caused an exception to be thrown.
  in .MicaBoard
Because:
Cannot find class: ptolemy.domains.ptinyos.lib.MicaLeds. In Ptolemy, classes are typically Java .class files. Entities like actors may instead be defined within a .xml file.  In any case, the class was not found. If the class uses a third party package, then the class would be present only if the third party package was found at compile time.  It may be necessary to upgrade Java or install the third party package, reconfigure and recompile.
Because:
-- /home/travis/build/icyphy/ptII/ptolemy/actor/ptalon/demo/ptinyos/SenseToLeds/ptolemy/domains/ptinyos/lib/MicaLeds.xml (No such file or directory)
-- XML file not found relative to classpath.
-- /home/travis/build/icyphy/ptII/ptolemy/vergil/basic/export/test/ptolemy/domains/ptinyos/lib/MicaLeds.xml
/home/travis/build/icyphy/ptII/ptolemy/vergil/basic/export/test/ptolemy/domains/ptinyos/lib/MicaLeds.xml (No such file or directory)
 in file:/home/travis/build/icyphy/ptII/ptolemy/actor/ptalon/demo/ptinyos/SenseToLeds/MicaBoard.xml at line 134 and column 63
	at ptolemy.moml.MoMLParser._createEntity(MoMLParser.java:4330)
	at ptolemy.moml.MoMLParser.startElement(MoMLParser.java:2864)
	... 64 more
Caused by: ptolemy.kernel.util.InternalErrorException: Element <entity name="MicaLeds" class="ptolemy.domains.ptinyos.lib.MicaLeds"> caused an exception to be thrown.
  in .MicaBoard
Because:
Cannot find class: ptolemy.domains.ptinyos.lib.MicaLeds. In Ptolemy, classes are typically Java .class files. Entities like actors may instead be defined within a .xml file.  In any case, the class was not found. If the class uses a third party package, then the class would be present only if the third party package was found at compile time.  It may be necessary to upgrade Java or install the third party package, reconfigure and recompile.
Because:
-- /home/travis/build/icyphy/ptII/ptolemy/actor/ptalon/demo/ptinyos/SenseToLeds/ptolemy/domains/ptinyos/lib/MicaLeds.xml (No such file or directory)
-- XML file not found relative to classpath.
-- /home/travis/build/icyphy/ptII/ptolemy/vergil/basic/export/test/ptolemy/domains/ptinyos/lib/MicaLeds.xml
/home/travis/build/icyphy/ptII/ptolemy/vergil/basic/export/test/ptolemy/domains/ptinyos/lib/MicaLeds.xml (No such file or directory)
 in file:/home/travis/build/icyphy/ptII/ptolemy/actor/ptalon/demo/ptinyos/SenseToLeds/MicaBoard.xml at line 134 and column 63
	at ptolemy.moml.SimpleErrorHandler.handleError(SimpleErrorHandler.java:75)
	at ptolemy.moml.MoMLParser.startElement(MoMLParser.java:3805)
	at com.microstar.xml.XmlParser.parseElement(XmlParser.java:921)
	at com.microstar.xml.XmlParser.parseContent(XmlParser.java:1104)
	at com.microstar.xml.XmlParser.parseElement(XmlParser.java:924)
	at com.microstar.xml.XmlParser.parseDocument(XmlParser.java:481)
	at com.microstar.xml.XmlParser.doParse(XmlParser.java:159)
	at com.microstar.xml.XmlParser.parse(XmlParser.java:132)
	at ptolemy.moml.MoMLParser.parse(MoMLParser.java:1676)
	at ptolemy.moml.MoMLParser.parse(MoMLParser.java:1595)
	at ptolemy.moml.MoMLParser.parse(MoMLParser.java:1537)
	at ptolemy.moml.MoMLParser._findOrParse(MoMLParser.java:5286)
	at ptolemy.moml.MoMLParser._attemptToFindMoMLClass(MoMLParser.java:4075)
	at ptolemy.moml.MoMLParser._createEntity(MoMLParser.java:4323)
	... 65 more
Caused by: ptolemy.kernel.util.IllegalActionException: Cannot find class: ptolemy.domains.ptinyos.lib.MicaLeds. In Ptolemy, classes are typically Java .class files. Entities like actors may instead be defined within a .xml file.  In any case, the class was not found. If the class uses a third party package, then the class would be present only if the third party package was found at compile time.  It may be necessary to upgrade Java or install the third party package, reconfigure and recompile.
Because:
-- /home/travis/build/icyphy/ptII/ptolemy/actor/ptalon/demo/ptinyos/SenseToLeds/ptolemy/domains/ptinyos/lib/MicaLeds.xml (No such file or directory)
-- XML file not found relative to classpath.
-- /home/travis/build/icyphy/ptII/ptolemy/vergil/basic/export/test/ptolemy/domains/ptinyos/lib/MicaLeds.xml
/home/travis/build/icyphy/ptII/ptolemy/vergil/basic/export/test/ptolemy/domains/ptinyos/lib/MicaLeds.xml (No such file or directory)
 in file:/home/travis/build/icyphy/ptII/ptolemy/actor/ptalon/demo/ptinyos/SenseToLeds/MicaBoard.xml at line 134 and column 63
	at ptolemy.moml.MoMLParser._createEntity(MoMLParser.java:4330)
	at ptolemy.moml.MoMLParser.startElement(MoMLParser.java:2864)
	... 77 more
Caused by: com.microstar.xml.XmlException: -- /home/travis/build/icyphy/ptII/ptolemy/actor/ptalon/demo/ptinyos/SenseToLeds/ptolemy/domains/ptinyos/lib/MicaLeds.xml (No such file or directory)
-- XML file not found relative to classpath.
-- /home/travis/build/icyphy/ptII/ptolemy/vergil/basic/export/test/ptolemy/domains/ptinyos/lib/MicaLeds.xml
/home/travis/build/icyphy/ptII/ptolemy/vergil/basic/export/test/ptolemy/domains/ptinyos/lib/MicaLeds.xml (No such file or directory)
 in file:/home/travis/build/icyphy/ptII/ptolemy/actor/ptalon/demo/ptinyos/SenseToLeds/MicaBoard.xml at line 134 and column 63
	at ptolemy.moml.MoMLParser.fileNameToURL(MoMLParser.java:1414)
	at ptolemy.moml.MoMLParser._findOrParse(MoMLParser.java:5283)
	at ptolemy.moml.MoMLParser._attemptToFindMoMLClass(MoMLParser.java:4075)
	at ptolemy.moml.MoMLParser._createEntity(MoMLParser.java:4323)
	... 78 more
Caused by: ptolemy.actor.ptalon.PtalonRuntimeException: Unable to add actor null
	at ptolemy.actor.ptalon.PtalonEvaluator.addActor(PtalonEvaluator.java:300)
	at ptolemy.actor.ptalon.PtalonPopulator.actor_declaration(PtalonPopulator.java:1574)
	at ptolemy.actor.ptalon.PtalonPopulator.atomic_statement(PtalonPopulator.java:1638)
	at ptolemy.actor.ptalon.PtalonPopulator.iterative_statement_evaluator(PtalonPopulator.java:2484)
	at ptolemy.actor.ptalon.AbstractPtalonEvaluator$IfTree.evaluateForScope(AbstractPtalonEvaluator.java:1307)
	at ptolemy.actor.ptalon.AbstractPtalonEvaluator.evaluateForScope(AbstractPtalonEvaluator.java:744)
	at ptolemy.actor.ptalon.PtalonPopulator.iterative_statement(PtalonPopulator.java:2363)
	at ptolemy.actor.ptalon.PtalonPopulator.actor_definition(PtalonPopulator.java:2809)
	at ptolemy.actor.ptalon.PtalonActor.attributeChanged(PtalonActor.java:206)
	at ptolemy.actor.ptalon.PtalonMLHandler.startElement(PtalonMLHandler.java:134)
	at com.microstar.xml.XmlParser.parseElement(XmlParser.java:921)
	at com.microstar.xml.XmlParser.parseContent(XmlParser.java:1104)
	at com.microstar.xml.XmlParser.parseElement(XmlParser.java:924)
	at com.microstar.xml.XmlParser.parseDocument(XmlParser.java:481)
	at com.microstar.xml.XmlParser.doParse(XmlParser.java:159)
	at com.microstar.xml.XmlParser.parse(XmlParser.java:132)
	at ptolemy.actor.ptalon.PtalonActor.configure(PtalonActor.java:240)
	at ptolemy.moml.MoMLParser.endElement(MoMLParser.java:996)
	at com.microstar.xml.XmlParser.parseETag(XmlParser.java:1026)
	at com.microstar.xml.XmlParser.parseContent(XmlParser.java:1098)
	at com.microstar.xml.XmlParser.parseElement(XmlParser.java:924)
	at com.microstar.xml.XmlParser.parseContent(XmlParser.java:1104)
	at com.microstar.xml.XmlParser.parseElement(XmlParser.java:924)
	at com.microstar.xml.XmlParser.parseContent(XmlParser.java:1104)
	at com.microstar.xml.XmlParser.parseElement(XmlParser.java:924)
	at com.microstar.xml.XmlParser.parseDocument(XmlParser.java:481)
	at com.microstar.xml.XmlParser.doParse(XmlParser.java:159)
	at com.microstar.xml.XmlParser.parse(XmlParser.java:132)
	at ptolemy.moml.MoMLParser.parse(MoMLParser.java:1676)
	at ptolemy.moml.MoMLParser.parse(MoMLParser.java:1595)
	at ptolemy.moml.MoMLParser.parse(MoMLParser.java:1537)
	at ptolemy.actor.gui.PtolemyEffigy$Factory.createEffigy(PtolemyEffigy.java:424)
	at ptolemy.actor.gui.EffigyFactory.createEffigy(EffigyFactory.java:234)
	at ptolemy.actor.gui.Configuration.openModel(Configuration.java:1125)
	at ptolemy.actor.gui.Configuration.openModel(Configuration.java:1051)
	at ptolemy.actor.gui.ConfigurationApplication._openModel(ConfigurationApplication.java:1252)
	at ptolemy.actor.gui.ConfigurationApplication._parseArg(ConfigurationApplication.java:1399)
	at ptolemy.actor.gui.ConfigurationApplication._parseArgs(ConfigurationApplication.java:1478)
	at ptolemy.actor.gui.ConfigurationApplication.<init>(ConfigurationApplication.java:277)
	at ptolemy.actor.gui.ConfigurationApplication.<init>(ConfigurationApplication.java:214)
	at ptolemy.actor.gui.ConfigurationApplication.<init>(ConfigurationApplication.java:201)
	at ptolemy.actor.gui.ConfigurationApplication.openModelOrEntity(ConfigurationApplication.java:680)
	at ptolemy.vergil.basic.export.ExportModel$1.run(ExportModel.java:220)
	at java.awt.event.InvocationEvent.dispatch(InvocationEvent.java:301)
	at java.awt.EventQueue.dispatchEventImpl(EventQueue.java:756)
	at java.awt.EventQueue.access$500(EventQueue.java:97)
	at java.awt.EventQueue$3.run(EventQueue.java:709)
	at java.awt.EventQueue$3.run(EventQueue.java:703)
	at java.security.AccessController.doPrivileged(Native Method)
	at java.security.ProtectionDomain$JavaSecurityAccessImpl.doIntersectionPrivilege(ProtectionDomain.java:80)
	at java.awt.EventQueue.dispatchEvent(EventQueue.java:726)
	at java.awt.EventDispatchThread.pumpOneEventForFilters(EventDispatchThread.java:201)
	at java.awt.EventDispatchThread.pumpEventsForFilter(EventDispatchThread.java:116)
	at java.awt.EventDispatchThread.pumpEventsForHierarchy(EventDispatchThread.java:105)
	at java.awt.EventDispatchThread.pumpEvents(EventDispatchThread.java:101)
	at java.awt.EventDispatchThread.pumpEvents(EventDispatchThread.java:93)
	at java.awt.EventDispatchThread.run(EventDispatchThread.java:82)
Caused by: ptolemy.kernel.util.InternalErrorException: Element <entity name="node1" class="ptolemy.actor.ptalon.demo.ptinyos.SenseToLeds.MicaBoard"> caused an exception to be thrown.
  in .SenseToLeds.SenseToLeds
Because:
Cannot find class: ptolemy.actor.ptalon.demo.ptinyos.SenseToLeds.MicaBoard. In Ptolemy, classes are typically Java .class files. Entities like actors may instead be defined within a .xml file.  In any case, the class was not found. If the class uses a third party package, then the class would be present only if the third party package was found at compile time.  It may be necessary to upgrade Java or install the third party package, reconfigure and recompile.
Because:
Element <entity name="MicaLeds" class="ptolemy.domains.ptinyos.lib.MicaLeds"> caused an exception to be thrown.
  in .MicaBoard
Because:
Cannot find class: ptolemy.domains.ptinyos.lib.MicaLeds. In Ptolemy, classes are typically Java .class files. Entities like actors may instead be defined within a .xml file.  In any case, the class was not found. If the class uses a third party package, then the class would be present only if the third party package was found at compile time.  It may be necessary to upgrade Java or install the third party package, reconfigure and recompile.
Because:
-- /home/travis/build/icyphy/ptII/ptolemy/actor/ptalon/demo/ptinyos/SenseToLeds/ptolemy/domains/ptinyos/lib/MicaLeds.xml (No such file or directory)
-- XML file not found relative to classpath.
-- /home/travis/build/icyphy/ptII/ptolemy/vergil/basic/export/test/ptolemy/domains/ptinyos/lib/MicaLeds.xml
/home/travis/build/icyphy/ptII/ptolemy/vergil/basic/export/test/ptolemy/domains/ptinyos/lib/MicaLeds.xml (No such file or directory)
 in file:/home/travis/build/icyphy/ptII/ptolemy/actor/ptalon/demo/ptinyos/SenseToLeds/MicaBoard.xml at line 134 and column 63
	at ptolemy.moml.SimpleErrorHandler.handleError(SimpleErrorHandler.java:75)
	at ptolemy.moml.MoMLParser.startElement(MoMLParser.java:3805)
	at com.microstar.xml.XmlParser.parseElement(XmlParser.java:931)
	at com.microstar.xml.XmlParser.parseDocument(XmlParser.java:481)
	at com.microstar.xml.XmlParser.doParse(XmlParser.java:159)
	at com.microstar.xml.XmlParser.parse(XmlParser.java:132)
	at ptolemy.moml.MoMLParser.parse(MoMLParser.java:1660)
	at ptolemy.moml.MoMLParser.parse(MoMLParser.java:1617)
	at ptolemy.moml.MoMLParser.parse(MoMLParser.java:1792)
	at ptolemy.actor.ptalon.PtalonEvaluator.addActor(PtalonEvaluator.java:241)
	... 56 more
Caused by: ptolemy.kernel.util.IllegalActionException: Cannot find class: ptolemy.actor.ptalon.demo.ptinyos.SenseToLeds.MicaBoard. In Ptolemy, classes are typically Java .class files. Entities like actors may instead be defined within a .xml file.  In any case, the class was not found. If the class uses a third party package, then the class would be present only if the third party package was found at compile time.  It may be necessary to upgrade Java or install the third party package, reconfigure and recompile.
Because:
Element <entity name="MicaLeds" class="ptolemy.domains.ptinyos.lib.MicaLeds"> caused an exception to be thrown.
  in .MicaBoard
Because:
Cannot find class: ptolemy.domains.ptinyos.lib.MicaLeds. In Ptolemy, classes are typically Java .class files. Entities like actors may instead be defined within a .xml file.  In any case, the class was not found. If the class uses a third party package, then the class would be present only if the third party package was found at compile time.  It may be necessary to upgrade Java or install the third party package, reconfigure and recompile.
Because:
-- /home/travis/build/icyphy/ptII/ptolemy/actor/ptalon/demo/ptinyos/SenseToLeds/ptolemy/domains/ptinyos/lib/MicaLeds.xml (No such file or directory)
-- XML file not found relative to classpath.
-- /home/travis/build/icyphy/ptII/ptolemy/vergil/basic/export/test/ptolemy/domains/ptinyos/lib/MicaLeds.xml
/home/travis/build/icyphy/ptII/ptolemy/vergil/basic/export/test/ptolemy/domains/ptinyos/lib/MicaLeds.xml (No such file or directory)
 in file:/home/travis/build/icyphy/ptII/ptolemy/actor/ptalon/demo/ptinyos/SenseToLeds/MicaBoard.xml at line 134 and column 63
	at ptolemy.moml.MoMLParser._createEntity(MoMLParser.java:4330)
	at ptolemy.moml.MoMLParser.startElement(MoMLParser.java:2864)
	... 64 more
Caused by: ptolemy.kernel.util.InternalErrorException: Element <entity name="MicaLeds" class="ptolemy.domains.ptinyos.lib.MicaLeds"> caused an exception to be thrown.
  in .MicaBoard
Because:
Cannot find class: ptolemy.domains.ptinyos.lib.MicaLeds. In Ptolemy, classes are typically Java .class files. Entities like actors may instead be defined within a .xml file.  In any case, the class was not found. If the class uses a third party package, then the class would be present only if the third party package was found at compile time.  It may be necessary to upgrade Java or install the third party package, reconfigure and recompile.
Because:
-- /home/travis/build/icyphy/ptII/ptolemy/actor/ptalon/demo/ptinyos/SenseToLeds/ptolemy/domains/ptinyos/lib/MicaLeds.xml (No such file or directory)
-- XML file not found relative to classpath.
-- /home/travis/build/icyphy/ptII/ptolemy/vergil/basic/export/test/ptolemy/domains/ptinyos/lib/MicaLeds.xml
/home/travis/build/icyphy/ptII/ptolemy/vergil/basic/export/test/ptolemy/domains/ptinyos/lib/MicaLeds.xml (No such file or directory)
 in file:/home/travis/build/icyphy/ptII/ptolemy/actor/ptalon/demo/ptinyos/SenseToLeds/MicaBoard.xml at line 134 and column 63
	at ptolemy.moml.SimpleErrorHandler.handleError(SimpleErrorHandler.java:75)
	at ptolemy.moml.MoMLParser.startElement(MoMLParser.java:3805)
	at com.microstar.xml.XmlParser.parseElement(XmlParser.java:921)
	at com.microstar.xml.XmlParser.parseContent(XmlParser.java:1104)
	at com.microstar.xml.XmlParser.parseElement(XmlParser.java:924)
	at com.microstar.xml.XmlParser.parseDocument(XmlParser.java:481)
	at com.microstar.xml.XmlParser.doParse(XmlParser.java:159)
	at com.microstar.xml.XmlParser.parse(XmlParser.java:132)
	at ptolemy.moml.MoMLParser.parse(MoMLParser.java:1676)
	at ptolemy.moml.MoMLParser.parse(MoMLParser.java:1595)
	at ptolemy.moml.MoMLParser.parse(MoMLParser.java:1537)
	at ptolemy.moml.MoMLParser._findOrParse(MoMLParser.java:5286)
	at ptolemy.moml.MoMLParser._attemptToFindMoMLClass(MoMLParser.java:4075)
	at ptolemy.moml.MoMLParser._createEntity(MoMLParser.java:4323)
	... 65 more
Caused by: ptolemy.kernel.util.IllegalActionException: Cannot find class: ptolemy.domains.ptinyos.lib.MicaLeds. In Ptolemy, classes are typically Java .class files. Entities like actors may instead be defined within a .xml file.  In any case, the class was not found. If the class uses a third party package, then the class would be present only if the third party package was found at compile time.  It may be necessary to upgrade Java or install the third party package, reconfigure and recompile.
Because:
-- /home/travis/build/icyphy/ptII/ptolemy/actor/ptalon/demo/ptinyos/SenseToLeds/ptolemy/domains/ptinyos/lib/MicaLeds.xml (No such file or directory)
-- XML file not found relative to classpath.
-- /home/travis/build/icyphy/ptII/ptolemy/vergil/basic/export/test/ptolemy/domains/ptinyos/lib/MicaLeds.xml
/home/travis/build/icyphy/ptII/ptolemy/vergil/basic/export/test/ptolemy/domains/ptinyos/lib/MicaLeds.xml (No such file or directory)
 in file:/home/travis/build/icyphy/ptII/ptolemy/actor/ptalon/demo/ptinyos/SenseToLeds/MicaBoard.xml at line 134 and column 63
	at ptolemy.moml.MoMLParser._createEntity(MoMLParser.java:4330)
	at ptolemy.moml.MoMLParser.startElement(MoMLParser.java:2864)
	... 77 more
Caused by: com.microstar.xml.XmlException: -- /home/travis/build/icyphy/ptII/ptolemy/actor/ptalon/demo/ptinyos/SenseToLeds/ptolemy/domains/ptinyos/lib/MicaLeds.xml (No such file or directory)
-- XML file not found relative to classpath.
-- /home/travis/build/icyphy/ptII/ptolemy/vergil/basic/export/test/ptolemy/domains/ptinyos/lib/MicaLeds.xml
/home/travis/build/icyphy/ptII/ptolemy/vergil/basic/export/test/ptolemy/domains/ptinyos/lib/MicaLeds.xml (No such file or directory)
 in file:/home/travis/build/icyphy/ptII/ptolemy/actor/ptalon/demo/ptinyos/SenseToLeds/MicaBoard.xml at line 134 and column 63
	at ptolemy.moml.MoMLParser.fileNameToURL(MoMLParser.java:1414)
	at ptolemy.moml.MoMLParser._findOrParse(MoMLParser.java:5283)
	at ptolemy.moml.MoMLParser._attemptToFindMoMLClass(MoMLParser.java:4075)
	at ptolemy.moml.MoMLParser._createEntity(MoMLParser.java:4323)
	... 78 more
Failed to read file:/home/travis/build/icyphy/ptII/ptolemy/actor/ptalon/demo/ptinyos/SenseToLeds/SenseToLeds.xml
ptolemy.kernel.util.IllegalActionException: Failed to process attribute change to PtalonParameter, whose value is "ptolemy.actor.ptalon.PtalonExpressionParameter {.SenseToLeds.SenseToLeds.n} 2".
  in .SenseToLeds.SenseToLeds
Because:
Unable to add actor null
	at ptolemy.actor.ptalon.PtalonActor.attributeChanged(PtalonActor.java:211)
	at ptolemy.actor.ptalon.PtalonMLHandler.startElement(PtalonMLHandler.java:134)
	at com.microstar.xml.XmlParser.parseElement(XmlParser.java:921)
	at com.microstar.xml.XmlParser.parseContent(XmlParser.java:1104)
	at com.microstar.xml.XmlParser.parseElement(XmlParser.java:924)
	at com.microstar.xml.XmlParser.parseDocument(XmlParser.java:481)
	at com.microstar.xml.XmlParser.doParse(XmlParser.java:159)
	at com.microstar.xml.XmlParser.parse(XmlParser.java:132)
	at ptolemy.actor.ptalon.PtalonActor.configure(PtalonActor.java:240)
	at ptolemy.moml.MoMLParser.endElement(MoMLParser.java:996)
	at com.microstar.xml.XmlParser.parseETag(XmlParser.java:1026)
	at com.microstar.xml.XmlParser.parseContent(XmlParser.java:1098)
	at com.microstar.xml.XmlParser.parseElement(XmlParser.java:924)
	at com.microstar.xml.XmlParser.parseContent(XmlParser.java:1104)
	at com.microstar.xml.XmlParser.parseElement(XmlParser.java:924)
	at com.microstar.xml.XmlParser.parseContent(XmlParser.java:1104)
	at com.microstar.xml.XmlParser.parseElement(XmlParser.java:924)
	at com.microstar.xml.XmlParser.parseDocument(XmlParser.java:481)
	at com.microstar.xml.XmlParser.doParse(XmlParser.java:159)
	at com.microstar.xml.XmlParser.parse(XmlParser.java:132)
	at ptolemy.moml.MoMLParser.parse(MoMLParser.java:1676)
	at ptolemy.moml.MoMLParser.parse(MoMLParser.java:1595)
	at ptolemy.moml.MoMLParser.parse(MoMLParser.java:1537)
	at ptolemy.actor.gui.PtolemyEffigy$Factory.createEffigy(PtolemyEffigy.java:424)
	at ptolemy.actor.gui.EffigyFactory.createEffigy(EffigyFactory.java:234)
	at ptolemy.actor.gui.Configuration.openModel(Configuration.java:1125)
	at ptolemy.actor.gui.Configuration.openModel(Configuration.java:1051)
	at ptolemy.actor.gui.ConfigurationApplication._openModel(ConfigurationApplication.java:1252)
	at ptolemy.actor.gui.ConfigurationApplication._parseArg(ConfigurationApplication.java:1399)
	at ptolemy.actor.gui.ConfigurationApplication._parseArgs(ConfigurationApplication.java:1478)
	at ptolemy.actor.gui.ConfigurationApplication.<init>(ConfigurationApplication.java:277)
	at ptolemy.actor.gui.ConfigurationApplication.<init>(ConfigurationApplication.java:214)
	at ptolemy.actor.gui.ConfigurationApplication.<init>(ConfigurationApplication.java:201)
	at ptolemy.actor.gui.ConfigurationApplication.openModelOrEntity(ConfigurationApplication.java:680)
	at ptolemy.vergil.basic.export.ExportModel$1.run(ExportModel.java:220)
	at java.awt.event.InvocationEvent.dispatch(InvocationEvent.java:301)
	at java.awt.EventQueue.dispatchEventImpl(EventQueue.java:756)
	at java.awt.EventQueue.access$500(EventQueue.java:97)
	at java.awt.EventQueue$3.run(EventQueue.java:709)
	at java.awt.EventQueue$3.run(EventQueue.java:703)
	at java.security.AccessController.doPrivileged(Native Method)
	at java.security.ProtectionDomain$JavaSecurityAccessImpl.doIntersectionPrivilege(ProtectionDomain.java:80)
	at java.awt.EventQueue.dispatchEvent(EventQueue.java:726)
	at java.awt.EventDispatchThread.pumpOneEventForFilters(EventDispatchThread.java:201)
	at java.awt.EventDispatchThread.pumpEventsForFilter(EventDispatchThread.java:116)
	at java.awt.EventDispatchThread.pumpEventsForHierarchy(EventDispatchThread.java:105)
	at java.awt.EventDispatchThread.pumpEvents(EventDispatchThread.java:101)
	at java.awt.EventDispatchThread.pumpEvents(EventDispatchThread.java:93)
	at java.awt.EventDispatchThread.run(EventDispatchThread.java:82)
Caused by: ptolemy.actor.ptalon.PtalonRuntimeException: Unable to add actor null
	at ptolemy.actor.ptalon.PtalonEvaluator.addActor(PtalonEvaluator.java:300)
	at ptolemy.actor.ptalon.PtalonPopulator.actor_declaration(PtalonPopulator.java:1574)
	at ptolemy.actor.ptalon.PtalonPopulator.atomic_statement(PtalonPopulator.java:1638)
	at ptolemy.actor.ptalon.PtalonPopulator.iterative_statement_evaluator(PtalonPopulator.java:2484)
	at ptolemy.actor.ptalon.AbstractPtalonEvaluator$IfTree.evaluateForScope(AbstractPtalonEvaluator.java:1307)
	at ptolemy.actor.ptalon.AbstractPtalonEvaluator.evaluateForScope(AbstractPtalonEvaluator.java:744)
	at ptolemy.actor.ptalon.PtalonPopulator.iterative_statement(PtalonPopulator.java:2363)
	at ptolemy.actor.ptalon.PtalonPopulator.actor_definition(PtalonPopulator.java:2809)
	at ptolemy.actor.ptalon.PtalonActor.attributeChanged(PtalonActor.java:206)
	... 48 more
Caused by: ptolemy.kernel.util.InternalErrorException: Element <entity name="node1" class="ptolemy.actor.ptalon.demo.ptinyos.SenseToLeds.MicaBoard"> caused an exception to be thrown.
  in .SenseToLeds.SenseToLeds
Because:
Cannot find class: ptolemy.actor.ptalon.demo.ptinyos.SenseToLeds.MicaBoard. In Ptolemy, classes are typically Java .class files. Entities like actors may instead be defined within a .xml file.  In any case, the class was not found. If the class uses a third party package, then the class would be present only if the third party package was found at compile time.  It may be necessary to upgrade Java or install the third party package, reconfigure and recompile.
Because:
Element <entity name="MicaLeds" class="ptolemy.domains.ptinyos.lib.MicaLeds"> caused an exception to be thrown.
  in .MicaBoard
Because:
Cannot find class: ptolemy.domains.ptinyos.lib.MicaLeds. In Ptolemy, classes are typically Java .class files. Entities like actors may instead be defined within a .xml file.  In any case, the class was not found. If the class uses a third party package, then the class would be present only if the third party package was found at compile time.  It may be necessary to upgrade Java or install the third party package, reconfigure and recompile.
Because:
-- /home/travis/build/icyphy/ptII/ptolemy/actor/ptalon/demo/ptinyos/SenseToLeds/ptolemy/domains/ptinyos/lib/MicaLeds.xml (No such file or directory)
-- XML file not found relative to classpath.
-- /home/travis/build/icyphy/ptII/ptolemy/vergil/basic/export/test/ptolemy/domains/ptinyos/lib/MicaLeds.xml
/home/travis/build/icyphy/ptII/ptolemy/vergil/basic/export/test/ptolemy/domains/ptinyos/lib/MicaLeds.xml (No such file or directory)
 in file:/home/travis/build/icyphy/ptII/ptolemy/actor/ptalon/demo/ptinyos/SenseToLeds/MicaBoard.xml at line 134 and column 63
	at ptolemy.moml.SimpleErrorHandler.handleError(SimpleErrorHandler.java:75)
	at ptolemy.moml.MoMLParser.startElement(MoMLParser.java:3805)
	at com.microstar.xml.XmlParser.parseElement(XmlParser.java:931)
	at com.microstar.xml.XmlParser.parseDocument(XmlParser.java:481)
	at com.microstar.xml.XmlParser.doParse(XmlParser.java:159)
	at com.microstar.xml.XmlParser.parse(XmlParser.java:132)
	at ptolemy.moml.MoMLParser.parse(MoMLParser.java:1660)
	at ptolemy.moml.MoMLParser.parse(MoMLParser.java:1617)
	at ptolemy.moml.MoMLParser.parse(MoMLParser.java:1792)
	at ptolemy.actor.ptalon.PtalonEvaluator.addActor(PtalonEvaluator.java:241)
	... 56 more
Caused by: ptolemy.kernel.util.IllegalActionException: Cannot find class: ptolemy.actor.ptalon.demo.ptinyos.SenseToLeds.MicaBoard. In Ptolemy, classes are typically Java .class files. Entities like actors may instead be defined within a .xml file.  In any case, the class was not found. If the class uses a third party package, then the class would be present only if the third party package was found at compile time.  It may be necessary to upgrade Java or install the third party package, reconfigure and recompile.
Because:
Element <entity name="MicaLeds" class="ptolemy.domains.ptinyos.lib.MicaLeds"> caused an exception to be thrown.
  in .MicaBoard
Because:
Cannot find class: ptolemy.domains.ptinyos.lib.MicaLeds. In Ptolemy, classes are typically Java .class files. Entities like actors may instead be defined within a .xml file.  In any case, the class was not found. If the class uses a third party package, then the class would be present only if the third party package was found at compile time.  It may be necessary to upgrade Java or install the third party package, reconfigure and recompile.
Because:
-- /home/travis/build/icyphy/ptII/ptolemy/actor/ptalon/demo/ptinyos/SenseToLeds/ptolemy/domains/ptinyos/lib/MicaLeds.xml (No such file or directory)
-- XML file not found relative to classpath.
-- /home/travis/build/icyphy/ptII/ptolemy/vergil/basic/export/test/ptolemy/domains/ptinyos/lib/MicaLeds.xml
/home/travis/build/icyphy/ptII/ptolemy/vergil/basic/export/test/ptolemy/domains/ptinyos/lib/MicaLeds.xml (No such file or directory)
 in file:/home/travis/build/icyphy/ptII/ptolemy/actor/ptalon/demo/ptinyos/SenseToLeds/MicaBoard.xml at line 134 and column 63
	at ptolemy.moml.MoMLParser._createEntity(MoMLParser.java:4330)
	at ptolemy.moml.MoMLParser.startElement(MoMLParser.java:2864)
	... 64 more
Caused by: ptolemy.kernel.util.InternalErrorException: Element <entity name="MicaLeds" class="ptolemy.domains.ptinyos.lib.MicaLeds"> caused an exception to be thrown.
  in .MicaBoard
Because:
Cannot find class: ptolemy.domains.ptinyos.lib.MicaLeds. In Ptolemy, classes are typically Java .class files. Entities like actors may instead be defined within a .xml file.  In any case, the class was not found. If the class uses a third party package, then the class would be present only if the third party package was found at compile time.  It may be necessary to upgrade Java or install the third party package, reconfigure and recompile.
Because:
-- /home/travis/build/icyphy/ptII/ptolemy/actor/ptalon/demo/ptinyos/SenseToLeds/ptolemy/domains/ptinyos/lib/MicaLeds.xml (No such file or directory)
-- XML file not found relative to classpath.
-- /home/travis/build/icyphy/ptII/ptolemy/vergil/basic/export/test/ptolemy/domains/ptinyos/lib/MicaLeds.xml
/home/travis/build/icyphy/ptII/ptolemy/vergil/basic/export/test/ptolemy/domains/ptinyos/lib/MicaLeds.xml (No such file or directory)
 in file:/home/travis/build/icyphy/ptII/ptolemy/actor/ptalon/demo/ptinyos/SenseToLeds/MicaBoard.xml at line 134 and column 63
	at ptolemy.moml.SimpleErrorHandler.handleError(SimpleErrorHandler.java:75)
	at ptolemy.moml.MoMLParser.startElement(MoMLParser.java:3805)
	at com.microstar.xml.XmlParser.parseElement(XmlParser.java:921)
	at com.microstar.xml.XmlParser.parseContent(XmlParser.java:1104)
	at com.microstar.xml.XmlParser.parseElement(XmlParser.java:924)
	at com.microstar.xml.XmlParser.parseDocument(XmlParser.java:481)
	at com.microstar.xml.XmlParser.doParse(XmlParser.java:159)
	at com.microstar.xml.XmlParser.parse(XmlParser.java:132)
	at ptolemy.moml.MoMLParser.parse(MoMLParser.java:1676)
	at ptolemy.moml.MoMLParser.parse(MoMLParser.java:1595)
	at ptolemy.moml.MoMLParser.parse(MoMLParser.java:1537)
	at ptolemy.moml.MoMLParser._findOrParse(MoMLParser.java:5286)
	at ptolemy.moml.MoMLParser._attemptToFindMoMLClass(MoMLParser.java:4075)
	at ptolemy.moml.MoMLParser._createEntity(MoMLParser.java:4323)
	... 65 more
Caused by: ptolemy.kernel.util.IllegalActionException: Cannot find class: ptolemy.domains.ptinyos.lib.MicaLeds. In Ptolemy, classes are typically Java .class files. Entities like actors may instead be defined within a .xml file.  In any case, the class was not found. If the class uses a third party package, then the class would be present only if the third party package was found at compile time.  It may be necessary to upgrade Java or install the third party package, reconfigure and recompile.
Because:
-- /home/travis/build/icyphy/ptII/ptolemy/actor/ptalon/demo/ptinyos/SenseToLeds/ptolemy/domains/ptinyos/lib/MicaLeds.xml (No such file or directory)
-- XML file not found relative to classpath.
-- /home/travis/build/icyphy/ptII/ptolemy/vergil/basic/export/test/ptolemy/domains/ptinyos/lib/MicaLeds.xml
/home/travis/build/icyphy/ptII/ptolemy/vergil/basic/export/test/ptolemy/domains/ptinyos/lib/MicaLeds.xml (No such file or directory)
 in file:/home/travis/build/icyphy/ptII/ptolemy/actor/ptalon/demo/ptinyos/SenseToLeds/MicaBoard.xml at line 134 and column 63
	at ptolemy.moml.MoMLParser._createEntity(MoMLParser.java:4330)
	at ptolemy.moml.MoMLParser.startElement(MoMLParser.java:2864)
	... 77 more
Caused by: com.microstar.xml.XmlException: -- /home/travis/build/icyphy/ptII/ptolemy/actor/ptalon/demo/ptinyos/SenseToLeds/ptolemy/domains/ptinyos/lib/MicaLeds.xml (No such file or directory)
-- XML file not found relative to classpath.
-- /home/travis/build/icyphy/ptII/ptolemy/vergil/basic/export/test/ptolemy/domains/ptinyos/lib/MicaLeds.xml
/home/travis/build/icyphy/ptII/ptolemy/vergil/basic/export/test/ptolemy/domains/ptinyos/lib/MicaLeds.xml (No such file or directory)
 in file:/home/travis/build/icyphy/ptII/ptolemy/actor/ptalon/demo/ptinyos/SenseToLeds/MicaBoard.xml at line 134 and column 63
	at ptolemy.moml.MoMLParser.fileNameToURL(MoMLParser.java:1414)
	at ptolemy.moml.MoMLParser._findOrParse(MoMLParser.java:5283)
	at ptolemy.moml.MoMLParser._attemptToFindMoMLClass(MoMLParser.java:4075)
	at ptolemy.moml.MoMLParser._createEntity(MoMLParser.java:4323)
	... 78 more
Caused by: ptolemy.actor.ptalon.PtalonRuntimeException: Unable to add actor null
	at ptolemy.actor.ptalon.PtalonEvaluator.addActor(PtalonEvaluator.java:300)
	at ptolemy.actor.ptalon.PtalonPopulator.actor_declaration(PtalonPopulator.java:1574)
	at ptolemy.actor.ptalon.PtalonPopulator.atomic_statement(PtalonPopulator.java:1638)
	at ptolemy.actor.ptalon.PtalonPopulator.iterative_statement_evaluator(PtalonPopulator.java:2484)
	at ptolemy.actor.ptalon.AbstractPtalonEvaluator$IfTree.evaluateForScope(AbstractPtalonEvaluator.java:1307)
	at ptolemy.actor.ptalon.AbstractPtalonEvaluator.evaluateForScope(AbstractPtalonEvaluator.java:744)
	at ptolemy.actor.ptalon.PtalonPopulator.iterative_statement(PtalonPopulator.java:2363)
	at ptolemy.actor.ptalon.PtalonPopulator.actor_definition(PtalonPopulator.java:2809)
	at ptolemy.actor.ptalon.PtalonActor.attributeChanged(PtalonActor.java:206)
	at ptolemy.actor.ptalon.PtalonMLHandler.startElement(PtalonMLHandler.java:134)
	at com.microstar.xml.XmlParser.parseElement(XmlParser.java:921)
	at com.microstar.xml.XmlParser.parseContent(XmlParser.java:1104)
	at com.microstar.xml.XmlParser.parseElement(XmlParser.java:924)
	at com.microstar.xml.XmlParser.parseDocument(XmlParser.java:481)
	at com.microstar.xml.XmlParser.doParse(XmlParser.java:159)
	at com.microstar.xml.XmlParser.parse(XmlParser.java:132)
	at ptolemy.actor.ptalon.PtalonActor.configure(PtalonActor.java:240)
	at ptolemy.moml.MoMLParser.endElement(MoMLParser.java:996)
	at com.microstar.xml.XmlParser.parseETag(XmlParser.java:1026)
	at com.microstar.xml.XmlParser.parseContent(XmlParser.java:1098)
	at com.microstar.xml.XmlParser.parseElement(XmlParser.java:924)
	at com.microstar.xml.XmlParser.parseContent(XmlParser.java:1104)
	at com.microstar.xml.XmlParser.parseElement(XmlParser.java:924)
	at com.microstar.xml.XmlParser.parseContent(XmlParser.java:1104)
	at com.microstar.xml.XmlParser.parseElement(XmlParser.java:924)
	at com.microstar.xml.XmlParser.parseDocument(XmlParser.java:481)
	at com.microstar.xml.XmlParser.doParse(XmlParser.java:159)
	at com.microstar.xml.XmlParser.parse(XmlParser.java:132)
	at ptolemy.moml.MoMLParser.parse(MoMLParser.java:1676)
	at ptolemy.moml.MoMLParser.parse(MoMLParser.java:1595)
	at ptolemy.moml.MoMLParser.parse(MoMLParser.java:1537)
	at ptolemy.actor.gui.PtolemyEffigy$Factory.createEffigy(PtolemyEffigy.java:424)
	at ptolemy.actor.gui.EffigyFactory.createEffigy(EffigyFactory.java:234)
	at ptolemy.actor.gui.Configuration.openModel(Configuration.java:1125)
	at ptolemy.actor.gui.Configuration.openModel(Configuration.java:1051)
	at ptolemy.actor.gui.ConfigurationApplication._openModel(ConfigurationApplication.java:1252)
	at ptolemy.actor.gui.ConfigurationApplication._parseArg(ConfigurationApplication.java:1399)
	at ptolemy.actor.gui.ConfigurationApplication._parseArgs(ConfigurationApplication.java:1478)
	at ptolemy.actor.gui.ConfigurationApplication.<init>(ConfigurationApplication.java:277)
	at ptolemy.actor.gui.ConfigurationApplication.<init>(ConfigurationApplication.java:214)
	at ptolemy.actor.gui.ConfigurationApplication.<init>(ConfigurationApplication.java:201)
	at ptolemy.actor.gui.ConfigurationApplication.openModelOrEntity(ConfigurationApplication.java:680)
	at ptolemy.vergil.basic.export.ExportModel$1.run(ExportModel.java:220)
	at java.awt.event.InvocationEvent.dispatch(InvocationEvent.java:301)
	at java.awt.EventQueue.dispatchEventImpl(EventQueue.java:756)
	at java.awt.EventQueue.access$500(EventQueue.java:97)
	at java.awt.EventQueue$3.run(EventQueue.java:709)
	at java.awt.EventQueue$3.run(EventQueue.java:703)
	at java.security.AccessController.doPrivileged(Native Method)
	at java.security.ProtectionDomain$JavaSecurityAccessImpl.doIntersectionPrivilege(ProtectionDomain.java:80)
	at java.awt.EventQueue.dispatchEvent(EventQueue.java:726)
	at java.awt.EventDispatchThread.pumpOneEventForFilters(EventDispatchThread.java:201)
	at java.awt.EventDispatchThread.pumpEventsForFilter(EventDispatchThread.java:116)
	at java.awt.EventDispatchThread.pumpEventsForHierarchy(EventDispatchThread.java:105)
	at java.awt.EventDispatchThread.pumpEvents(EventDispatchThread.java:101)
	at java.awt.EventDispatchThread.pumpEvents(EventDispatchThread.java:93)
	at java.awt.EventDispatchThread.run(EventDispatchThread.java:82)
Caused by: ptolemy.kernel.util.InternalErrorException: Element <entity name="node1" class="ptolemy.actor.ptalon.demo.ptinyos.SenseToLeds.MicaBoard"> caused an exception to be thrown.
  in .SenseToLeds.SenseToLeds
Because:
Cannot find class: ptolemy.actor.ptalon.demo.ptinyos.SenseToLeds.MicaBoard. In Ptolemy, classes are typically Java .class files. Entities like actors may instead be defined within a .xml file.  In any case, the class was not found. If the class uses a third party package, then the class would be present only if the third party package was found at compile time.  It may be necessary to upgrade Java or install the third party package, reconfigure and recompile.
Because:
Element <entity name="MicaLeds" class="ptolemy.domains.ptinyos.lib.MicaLeds"> caused an exception to be thrown.
  in .MicaBoard
Because:
Cannot find class: ptolemy.domains.ptinyos.lib.MicaLeds. In Ptolemy, classes are typically Java .class files. Entities like actors may instead be defined within a .xml file.  In any case, the class was not found. If the class uses a third party package, then the class would be present only if the third party package was found at compile time.  It may be necessary to upgrade Java or install the third party package, reconfigure and recompile.
Because:
-- /home/travis/build/icyphy/ptII/ptolemy/actor/ptalon/demo/ptinyos/SenseToLeds/ptolemy/domains/ptinyos/lib/MicaLeds.xml (No such file or directory)
-- XML file not found relative to classpath.
-- /home/travis/build/icyphy/ptII/ptolemy/vergil/basic/export/test/ptolemy/domains/ptinyos/lib/MicaLeds.xml
/home/travis/build/icyphy/ptII/ptolemy/vergil/basic/export/test/ptolemy/domains/ptinyos/lib/MicaLeds.xml (No such file or directory)
 in file:/home/travis/build/icyphy/ptII/ptolemy/actor/ptalon/demo/ptinyos/SenseToLeds/MicaBoard.xml at line 134 and column 63
	at ptolemy.moml.SimpleErrorHandler.handleError(SimpleErrorHandler.java:75)
	at ptolemy.moml.MoMLParser.startElement(MoMLParser.java:3805)
	at com.microstar.xml.XmlParser.parseElement(XmlParser.java:931)
	at com.microstar.xml.XmlParser.parseDocument(XmlParser.java:481)
	at com.microstar.xml.XmlParser.doParse(XmlParser.java:159)
	at com.microstar.xml.XmlParser.parse(XmlParser.java:132)
	at ptolemy.moml.MoMLParser.parse(MoMLParser.java:1660)
	at ptolemy.moml.MoMLParser.parse(MoMLParser.java:1617)
	at ptolemy.moml.MoMLParser.parse(MoMLParser.java:1792)
	at ptolemy.actor.ptalon.PtalonEvaluator.addActor(PtalonEvaluator.java:241)
	... 56 more
Caused by: ptolemy.kernel.util.IllegalActionException: Cannot find class: ptolemy.actor.ptalon.demo.ptinyos.SenseToLeds.MicaBoard. In Ptolemy, classes are typically Java .class files. Entities like actors may instead be defined within a .xml file.  In any case, the class was not found. If the class uses a third party package, then the class would be present only if the third party package was found at compile time.  It may be necessary to upgrade Java or install the third party package, reconfigure and recompile.
Because:
Element <entity name="MicaLeds" class="ptolemy.domains.ptinyos.lib.MicaLeds"> caused an exception to be thrown.
  in .MicaBoard
Because:
Cannot find class: ptolemy.domains.ptinyos.lib.MicaLeds. In Ptolemy, classes are typically Java .class files. Entities like actors may instead be defined within a .xml file.  In any case, the class was not found. If the class uses a third party package, then the class would be present only if the third party package was found at compile time.  It may be necessary to upgrade Java or install the third party package, reconfigure and recompile.
Because:
-- /home/travis/build/icyphy/ptII/ptolemy/actor/ptalon/demo/ptinyos/SenseToLeds/ptolemy/domains/ptinyos/lib/MicaLeds.xml (No such file or directory)
-- XML file not found relative to classpath.
-- /home/travis/build/icyphy/ptII/ptolemy/vergil/basic/export/test/ptolemy/domains/ptinyos/lib/MicaLeds.xml
/home/travis/build/icyphy/ptII/ptolemy/vergil/basic/export/test/ptolemy/domains/ptinyos/lib/MicaLeds.xml (No such file or directory)
 in file:/home/travis/build/icyphy/ptII/ptolemy/actor/ptalon/demo/ptinyos/SenseToLeds/MicaBoard.xml at line 134 and column 63
	at ptolemy.moml.MoMLParser._createEntity(MoMLParser.java:4330)
	at ptolemy.moml.MoMLParser.startElement(MoMLParser.java:2864)
	... 64 more
Caused by: ptolemy.kernel.util.InternalErrorException: Element <entity name="MicaLeds" class="ptolemy.domains.ptinyos.lib.MicaLeds"> caused an exception to be thrown.
  in .MicaBoard
Because:
Cannot find class: ptolemy.domains.ptinyos.lib.MicaLeds. In Ptolemy, classes are typically Java .class files. Entities like actors may instead be defined within a .xml file.  In any case, the class was not found. If the class uses a third party package, then the class would be present only if the third party package was found at compile time.  It may be necessary to upgrade Java or install the third party package, reconfigure and recompile.
Because:
-- /home/travis/build/icyphy/ptII/ptolemy/actor/ptalon/demo/ptinyos/SenseToLeds/ptolemy/domains/ptinyos/lib/MicaLeds.xml (No such file or directory)
-- XML file not found relative to classpath.
-- /home/travis/build/icyphy/ptII/ptolemy/vergil/basic/export/test/ptolemy/domains/ptinyos/lib/MicaLeds.xml
/home/travis/build/icyphy/ptII/ptolemy/vergil/basic/export/test/ptolemy/domains/ptinyos/lib/MicaLeds.xml (No such file or directory)
 in file:/home/travis/build/icyphy/ptII/ptolemy/actor/ptalon/demo/ptinyos/SenseToLeds/MicaBoard.xml at line 134 and column 63
	at ptolemy.moml.SimpleErrorHandler.handleError(SimpleErrorHandler.java:75)
	at ptolemy.moml.MoMLParser.startElement(MoMLParser.java:3805)
	at com.microstar.xml.XmlParser.parseElement(XmlParser.java:921)
	at com.microstar.xml.XmlParser.parseContent(XmlParser.java:1104)
	at com.microstar.xml.XmlParser.parseElement(XmlParser.java:924)
	at com.microstar.xml.XmlParser.parseDocument(XmlParser.java:481)
	at com.microstar.xml.XmlParser.doParse(XmlParser.java:159)
	at com.microstar.xml.XmlParser.parse(XmlParser.java:132)
	at ptolemy.moml.MoMLParser.parse(MoMLParser.java:1676)
	at ptolemy.moml.MoMLParser.parse(MoMLParser.java:1595)
	at ptolemy.moml.MoMLParser.parse(MoMLParser.java:1537)
	at ptolemy.moml.MoMLParser._findOrParse(MoMLParser.java:5286)
	at ptolemy.moml.MoMLParser._attemptToFindMoMLClass(MoMLParser.java:4075)
	at ptolemy.moml.MoMLParser._createEntity(MoMLParser.java:4323)
	... 65 more
Caused by: ptolemy.kernel.util.IllegalActionException: Cannot find class: ptolemy.domains.ptinyos.lib.MicaLeds. In Ptolemy, classes are typically Java .class files. Entities like actors may instead be defined within a .xml file.  In any case, the class was not found. If the class uses a third party package, then the class would be present only if the third party package was found at compile time.  It may be necessary to upgrade Java or install the third party package, reconfigure and recompile.
Because:
-- /home/travis/build/icyphy/ptII/ptolemy/actor/ptalon/demo/ptinyos/SenseToLeds/ptolemy/domains/ptinyos/lib/MicaLeds.xml (No such file or directory)
-- XML file not found relative to classpath.
-- /home/travis/build/icyphy/ptII/ptolemy/vergil/basic/export/test/ptolemy/domains/ptinyos/lib/MicaLeds.xml
/home/travis/build/icyphy/ptII/ptolemy/vergil/basic/export/test/ptolemy/domains/ptinyos/lib/MicaLeds.xml (No such file or directory)
 in file:/home/travis/build/icyphy/ptII/ptolemy/actor/ptalon/demo/ptinyos/SenseToLeds/MicaBoard.xml at line 134 and column 63
	at ptolemy.moml.MoMLParser._createEntity(MoMLParser.java:4330)
	at ptolemy.moml.MoMLParser.startElement(MoMLParser.java:2864)
	... 77 more
Caused by: com.microstar.xml.XmlException: -- /home/travis/build/icyphy/ptII/ptolemy/actor/ptalon/demo/ptinyos/SenseToLeds/ptolemy/domains/ptinyos/lib/MicaLeds.xml (No such file or directory)
-- XML file not found relative to classpath.
-- /home/travis/build/icyphy/ptII/ptolemy/vergil/basic/export/test/ptolemy/domains/ptinyos/lib/MicaLeds.xml
/home/travis/build/icyphy/ptII/ptolemy/vergil/basic/export/test/ptolemy/domains/ptinyos/lib/MicaLeds.xml (No such file or directory)
 in file:/home/travis/build/icyphy/ptII/ptolemy/actor/ptalon/demo/ptinyos/SenseToLeds/MicaBoard.xml at line 134 and column 63
	at ptolemy.moml.MoMLParser.fileNameToURL(MoMLParser.java:1414)
	at ptolemy.moml.MoMLParser._findOrParse(MoMLParser.java:5283)
	at ptolemy.moml.MoMLParser._attemptToFindMoMLClass(MoMLParser.java:4075)
	at ptolemy.moml.MoMLParser._createEntity(MoMLParser.java:4323)
	... 78 more
ptolemy.kernel.util.IllegalActionException: Failed to process attribute change to PtalonParameter, whose value is "ptolemy.actor.ptalon.PtalonExpressionParameter {.SenseToLeds.SenseToLeds.n} 2".
  in .SenseToLeds.SenseToLeds
Because:
Unable to add actor null
	at ptolemy.actor.ptalon.PtalonActor.attributeChanged(PtalonActor.java:211)
	at ptolemy.actor.ptalon.PtalonMLHandler.startElement(PtalonMLHandler.java:134)
	at com.microstar.xml.XmlParser.parseElement(XmlParser.java:921)
	at com.microstar.xml.XmlParser.parseContent(XmlParser.java:1104)
	at com.microstar.xml.XmlParser.parseElement(XmlParser.java:924)
	at com.microstar.xml.XmlParser.parseDocument(XmlParser.java:481)
	at com.microstar.xml.XmlParser.doParse(XmlParser.java:159)
	at com.microstar.xml.XmlParser.parse(XmlParser.java:132)
	at ptolemy.actor.ptalon.PtalonActor.configure(PtalonActor.java:240)
	at ptolemy.moml.MoMLParser.endElement(MoMLParser.java:996)
	at com.microstar.xml.XmlParser.parseETag(XmlParser.java:1026)
	at com.microstar.xml.XmlParser.parseContent(XmlParser.java:1098)
	at com.microstar.xml.XmlParser.parseElement(XmlParser.java:924)
	at com.microstar.xml.XmlParser.parseContent(XmlParser.java:1104)
	at com.microstar.xml.XmlParser.parseElement(XmlParser.java:924)
	at com.microstar.xml.XmlParser.parseContent(XmlParser.java:1104)
	at com.microstar.xml.XmlParser.parseElement(XmlParser.java:924)
	at com.microstar.xml.XmlParser.parseDocument(XmlParser.java:481)
	at com.microstar.xml.XmlParser.doParse(XmlParser.java:159)
	at com.microstar.xml.XmlParser.parse(XmlParser.java:132)
	at ptolemy.moml.MoMLParser.parse(MoMLParser.java:1676)
	at ptolemy.moml.MoMLParser.parse(MoMLParser.java:1595)
	at ptolemy.moml.MoMLParser.parse(MoMLParser.java:1537)
	at ptolemy.actor.gui.PtolemyEffigy$Factory.createEffigy(PtolemyEffigy.java:424)
	at ptolemy.actor.gui.EffigyFactory.createEffigy(EffigyFactory.java:234)
	at ptolemy.actor.gui.Configuration.openModel(Configuration.java:1125)
	at ptolemy.actor.gui.Configuration.openModel(Configuration.java:1051)
	at ptolemy.actor.gui.ConfigurationApplication._openModel(ConfigurationApplication.java:1252)
	at ptolemy.actor.gui.ConfigurationApplication._parseArg(ConfigurationApplication.java:1399)
	at ptolemy.actor.gui.ConfigurationApplication._parseArgs(ConfigurationApplication.java:1478)
	at ptolemy.actor.gui.ConfigurationApplication.<init>(ConfigurationApplication.java:277)
	at ptolemy.actor.gui.ConfigurationApplication.<init>(ConfigurationApplication.java:214)
	at ptolemy.actor.gui.ConfigurationApplication.<init>(ConfigurationApplication.java:201)
	at ptolemy.actor.gui.ConfigurationApplication.openModelOrEntity(ConfigurationApplication.java:680)
	at ptolemy.vergil.basic.export.ExportModel$1.run(ExportModel.java:220)
	at java.awt.event.InvocationEvent.dispatch(InvocationEvent.java:301)
	at java.awt.EventQueue.dispatchEventImpl(EventQueue.java:756)
	at java.awt.EventQueue.access$500(EventQueue.java:97)
	at java.awt.EventQueue$3.run(EventQueue.java:709)
	at java.awt.EventQueue$3.run(EventQueue.java:703)
	at java.security.AccessController.doPrivileged(Native Method)
	at java.security.ProtectionDomain$JavaSecurityAccessImpl.doIntersectionPrivilege(ProtectionDomain.java:80)
	at java.awt.EventQueue.dispatchEvent(EventQueue.java:726)
	at java.awt.EventDispatchThread.pumpOneEventForFilters(EventDispatchThread.java:201)
	at java.awt.EventDispatchThread.pumpEventsForFilter(EventDispatchThread.java:116)
	at java.awt.EventDispatchThread.pumpEventsForHierarchy(EventDispatchThread.java:105)
	at java.awt.EventDispatchThread.pumpEvents(EventDispatchThread.java:101)
	at java.awt.EventDispatchThread.pumpEvents(EventDispatchThread.java:93)
	at java.awt.EventDispatchThread.run(EventDispatchThread.java:82)
Caused by: ptolemy.actor.ptalon.PtalonRuntimeException: Unable to add actor null
	at ptolemy.actor.ptalon.PtalonEvaluator.addActor(PtalonEvaluator.java:300)
	at ptolemy.actor.ptalon.PtalonPopulator.actor_declaration(PtalonPopulator.java:1574)
	at ptolemy.actor.ptalon.PtalonPopulator.atomic_statement(PtalonPopulator.java:1638)
	at ptolemy.actor.ptalon.PtalonPopulator.iterative_statement_evaluator(PtalonPopulator.java:2484)
	at ptolemy.actor.ptalon.AbstractPtalonEvaluator$IfTree.evaluateForScope(AbstractPtalonEvaluator.java:1307)
	at ptolemy.actor.ptalon.AbstractPtalonEvaluator.evaluateForScope(AbstractPtalonEvaluator.java:744)
	at ptolemy.actor.ptalon.PtalonPopulator.iterative_statement(PtalonPopulator.java:2363)
	at ptolemy.actor.ptalon.PtalonPopulator.actor_definition(PtalonPopulator.java:2809)
	at ptolemy.actor.ptalon.PtalonActor.attributeChanged(PtalonActor.java:206)
	... 48 more
Caused by: ptolemy.kernel.util.InternalErrorException: Element <entity name="node1" class="ptolemy.actor.ptalon.demo.ptinyos.SenseToLeds.MicaBoard"> caused an exception to be thrown.
  in .SenseToLeds.SenseToLeds
Because:
Cannot find class: ptolemy.actor.ptalon.demo.ptinyos.SenseToLeds.MicaBoard. In Ptolemy, classes are typically Java .class files. Entities like actors may instead be defined within a .xml file.  In any case, the class was not found. If the class uses a third party package, then the class would be present only if the third party package was found at compile time.  It may be necessary to upgrade Java or install the third party package, reconfigure and recompile.
Because:
Element <entity name="MicaLeds" class="ptolemy.domains.ptinyos.lib.MicaLeds"> caused an exception to be thrown.
  in .MicaBoard
Because:
Cannot find class: ptolemy.domains.ptinyos.lib.MicaLeds. In Ptolemy, classes are typically Java .class files. Entities like actors may instead be defined within a .xml file.  In any case, the class was not found. If the class uses a third party package, then the class would be present only if the third party package was found at compile time.  It may be necessary to upgrade Java or install the third party package, reconfigure and recompile.
Because:
-- /home/travis/build/icyphy/ptII/ptolemy/actor/ptalon/demo/ptinyos/SenseToLeds/ptolemy/domains/ptinyos/lib/MicaLeds.xml (No such file or directory)
-- XML file not found relative to classpath.
-- /home/travis/build/icyphy/ptII/ptolemy/vergil/basic/export/test/ptolemy/domains/ptinyos/lib/MicaLeds.xml
/home/travis/build/icyphy/ptII/ptolemy/vergil/basic/export/test/ptolemy/domains/ptinyos/lib/MicaLeds.xml (No such file or directory)
 in file:/home/travis/build/icyphy/ptII/ptolemy/actor/ptalon/demo/ptinyos/SenseToLeds/MicaBoard.xml at line 134 and column 63
	at ptolemy.moml.SimpleErrorHandler.handleError(SimpleErrorHandler.java:75)
	at ptolemy.moml.MoMLParser.startElement(MoMLParser.java:3805)
	at com.microstar.xml.XmlParser.parseElement(XmlParser.java:931)
	at com.microstar.xml.XmlParser.parseDocument(XmlParser.java:481)
	at com.microstar.xml.XmlParser.doParse(XmlParser.java:159)
	at com.microstar.xml.XmlParser.parse(XmlParser.java:132)
	at ptolemy.moml.MoMLParser.parse(MoMLParser.java:1660)
	at ptolemy.moml.MoMLParser.parse(MoMLParser.java:1617)
	at ptolemy.moml.MoMLParser.parse(MoMLParser.java:1792)
	at ptolemy.actor.ptalon.PtalonEvaluator.addActor(PtalonEvaluator.java:241)
	... 56 more
Caused by: ptolemy.kernel.util.IllegalActionException: Cannot find class: ptolemy.actor.ptalon.demo.ptinyos.SenseToLeds.MicaBoard. In Ptolemy, classes are typically Java .class files. Entities like actors may instead be defined within a .xml file.  In any case, the class was not found. If the class uses a third party package, then the class would be present only if the third party package was found at compile time.  It may be necessary to upgrade Java or install the third party package, reconfigure and recompile.
Because:
Element <entity name="MicaLeds" class="ptolemy.domains.ptinyos.lib.MicaLeds"> caused an exception to be thrown.
  in .MicaBoard
Because:
Cannot find class: ptolemy.domains.ptinyos.lib.MicaLeds. In Ptolemy, classes are typically Java .class files. Entities like actors may instead be defined within a .xml file.  In any case, the class was not found. If the class uses a third party package, then the class would be present only if the third party package was found at compile time.  It may be necessary to upgrade Java or install the third party package, reconfigure and recompile.
Because:
-- /home/travis/build/icyphy/ptII/ptolemy/actor/ptalon/demo/ptinyos/SenseToLeds/ptolemy/domains/ptinyos/lib/MicaLeds.xml (No such file or directory)
-- XML file not found relative to classpath.
-- /home/travis/build/icyphy/ptII/ptolemy/vergil/basic/export/test/ptolemy/domains/ptinyos/lib/MicaLeds.xml
/home/travis/build/icyphy/ptII/ptolemy/vergil/basic/export/test/ptolemy/domains/ptinyos/lib/MicaLeds.xml (No such file or directory)
 in file:/home/travis/build/icyphy/ptII/ptolemy/actor/ptalon/demo/ptinyos/SenseToLeds/MicaBoard.xml at line 134 and column 63
	at ptolemy.moml.MoMLParser._createEntity(MoMLParser.java:4330)
	at ptolemy.moml.MoMLParser.startElement(MoMLParser.java:2864)
	... 64 more
Caused by: ptolemy.kernel.util.InternalErrorException: Element <entity name="MicaLeds" class="ptolemy.domains.ptinyos.lib.MicaLeds"> caused an exception to be thrown.
  in .MicaBoard
Because:
Cannot find class: ptolemy.domains.ptinyos.lib.MicaLeds. In Ptolemy, classes are typically Java .class files. Entities like actors may instead be defined within a .xml file.  In any case, the class was not found. If the class uses a third party package, then the class would be present only if the third party package was found at compile time.  It may be necessary to upgrade Java or install the third party package, reconfigure and recompile.
Because:
-- /home/travis/build/icyphy/ptII/ptolemy/actor/ptalon/demo/ptinyos/SenseToLeds/ptolemy/domains/ptinyos/lib/MicaLeds.xml (No such file or directory)
-- XML file not found relative to classpath.
-- /home/travis/build/icyphy/ptII/ptolemy/vergil/basic/export/test/ptolemy/domains/ptinyos/lib/MicaLeds.xml
/home/travis/build/icyphy/ptII/ptolemy/vergil/basic/export/test/ptolemy/domains/ptinyos/lib/MicaLeds.xml (No such file or directory)
 in file:/home/travis/build/icyphy/ptII/ptolemy/actor/ptalon/demo/ptinyos/SenseToLeds/MicaBoard.xml at line 134 and column 63
	at ptolemy.moml.SimpleErrorHandler.handleError(SimpleErrorHandler.java:75)
	at ptolemy.moml.MoMLParser.startElement(MoMLParser.java:3805)
	at com.microstar.xml.XmlParser.parseElement(XmlParser.java:921)
	at com.microstar.xml.XmlParser.parseContent(XmlParser.java:1104)
	at com.microstar.xml.XmlParser.parseElement(XmlParser.java:924)
	at com.microstar.xml.XmlParser.parseDocument(XmlParser.java:481)
	at com.microstar.xml.XmlParser.doParse(XmlParser.java:159)
	at com.microstar.xml.XmlParser.parse(XmlParser.java:132)
	at ptolemy.moml.MoMLParser.parse(MoMLParser.java:1676)
	at ptolemy.moml.MoMLParser.parse(MoMLParser.java:1595)
	at ptolemy.moml.MoMLParser.parse(MoMLParser.java:1537)
	at ptolemy.moml.MoMLParser._findOrParse(MoMLParser.java:5286)
	at ptolemy.moml.MoMLParser._attemptToFindMoMLClass(MoMLParser.java:4075)
	at ptolemy.moml.MoMLParser._createEntity(MoMLParser.java:4323)
	... 65 more
Caused by: ptolemy.kernel.util.IllegalActionException: Cannot find class: ptolemy.domains.ptinyos.lib.MicaLeds. In Ptolemy, classes are typically Java .class files. Entities like actors may instead be defined within a .xml file.  In any case, the class was not found. If the class uses a third party package, then the class would be present only if the third party package was found at compile time.  It may be necessary to upgrade Java or install the third party package, reconfigure and recompile.
Because:
-- /home/travis/build/icyphy/ptII/ptolemy/actor/ptalon/demo/ptinyos/SenseToLeds/ptolemy/domains/ptinyos/lib/MicaLeds.xml (No such file or directory)
-- XML file not found relative to classpath.
-- /home/travis/build/icyphy/ptII/ptolemy/vergil/basic/export/test/ptolemy/domains/ptinyos/lib/MicaLeds.xml
/home/travis/build/icyphy/ptII/ptolemy/vergil/basic/export/test/ptolemy/domains/ptinyos/lib/MicaLeds.xml (No such file or directory)
 in file:/home/travis/build/icyphy/ptII/ptolemy/actor/ptalon/demo/ptinyos/SenseToLeds/MicaBoard.xml at line 134 and column 63
	at ptolemy.moml.MoMLParser._createEntity(MoMLParser.java:4330)
	at ptolemy.moml.MoMLParser.startElement(MoMLParser.java:2864)
	... 77 more
Caused by: com.microstar.xml.XmlException: -- /home/travis/build/icyphy/ptII/ptolemy/actor/ptalon/demo/ptinyos/SenseToLeds/ptolemy/domains/ptinyos/lib/MicaLeds.xml (No such file or directory)
-- XML file not found relative to classpath.
-- /home/travis/build/icyphy/ptII/ptolemy/vergil/basic/export/test/ptolemy/domains/ptinyos/lib/MicaLeds.xml
/home/travis/build/icyphy/ptII/ptolemy/vergil/basic/export/test/ptolemy/domains/ptinyos/lib/MicaLeds.xml (No such file or directory)
 in file:/home/travis/build/icyphy/ptII/ptolemy/actor/ptalon/demo/ptinyos/SenseToLeds/MicaBoard.xml at line 134 and column 63
	at ptolemy.moml.MoMLParser.fileNameToURL(MoMLParser.java:1414)
	at ptolemy.moml.MoMLParser._findOrParse(MoMLParser.java:5283)
	at ptolemy.moml.MoMLParser._attemptToFindMoMLClass(MoMLParser.java:4075)
	at ptolemy.moml.MoMLParser._createEntity(MoMLParser.java:4323)
	... 78 more
Caused by: ptolemy.actor.ptalon.PtalonRuntimeException: Unable to add actor null
	at ptolemy.actor.ptalon.PtalonEvaluator.addActor(PtalonEvaluator.java:300)
	at ptolemy.actor.ptalon.PtalonPopulator.actor_declaration(PtalonPopulator.java:1574)
	at ptolemy.actor.ptalon.PtalonPopulator.atomic_statement(PtalonPopulator.java:1638)
	at ptolemy.actor.ptalon.PtalonPopulator.iterative_statement_evaluator(PtalonPopulator.java:2484)
	at ptolemy.actor.ptalon.AbstractPtalonEvaluator$IfTree.evaluateForScope(AbstractPtalonEvaluator.java:1307)
	at ptolemy.actor.ptalon.AbstractPtalonEvaluator.evaluateForScope(AbstractPtalonEvaluator.java:744)
	at ptolemy.actor.ptalon.PtalonPopulator.iterative_statement(PtalonPopulator.java:2363)
	at ptolemy.actor.ptalon.PtalonPopulator.actor_definition(PtalonPopulator.java:2809)
	at ptolemy.actor.ptalon.PtalonActor.attributeChanged(PtalonActor.java:206)
	at ptolemy.actor.ptalon.PtalonMLHandler.startElement(PtalonMLHandler.java:134)
	at com.microstar.xml.XmlParser.parseElement(XmlParser.java:921)
	at com.microstar.xml.XmlParser.parseContent(XmlParser.java:1104)
	at com.microstar.xml.XmlParser.parseElement(XmlParser.java:924)
	at com.microstar.xml.XmlParser.parseDocument(XmlParser.java:481)
	at com.microstar.xml.XmlParser.doParse(XmlParser.java:159)
	at com.microstar.xml.XmlParser.parse(XmlParser.java:132)
	at ptolemy.actor.ptalon.PtalonActor.configure(PtalonActor.java:240)
	at ptolemy.moml.MoMLParser.endElement(MoMLParser.java:996)
	at com.microstar.xml.XmlParser.parseETag(XmlParser.java:1026)
	at com.microstar.xml.XmlParser.parseContent(XmlParser.java:1098)
	at com.microstar.xml.XmlParser.parseElement(XmlParser.java:924)
	at com.microstar.xml.XmlParser.parseContent(XmlParser.java:1104)
	at com.microstar.xml.XmlParser.parseElement(XmlParser.java:924)
	at com.microstar.xml.XmlParser.parseContent(XmlParser.java:1104)
	at com.microstar.xml.XmlParser.parseElement(XmlParser.java:924)
	at com.microstar.xml.XmlParser.parseDocument(XmlParser.java:481)
	at com.microstar.xml.XmlParser.doParse(XmlParser.java:159)
	at com.microstar.xml.XmlParser.parse(XmlParser.java:132)
	at ptolemy.moml.MoMLParser.parse(MoMLParser.java:1676)
	at ptolemy.moml.MoMLParser.parse(MoMLParser.java:1595)
	at ptolemy.moml.MoMLParser.parse(MoMLParser.java:1537)
	at ptolemy.actor.gui.PtolemyEffigy$Factory.createEffigy(PtolemyEffigy.java:424)
	at ptolemy.actor.gui.EffigyFactory.createEffigy(EffigyFactory.java:234)
	at ptolemy.actor.gui.Configuration.openModel(Configuration.java:1125)
	at ptolemy.actor.gui.Configuration.openModel(Configuration.java:1051)
	at ptolemy.actor.gui.ConfigurationApplication._openModel(ConfigurationApplication.java:1252)
	at ptolemy.actor.gui.ConfigurationApplication._parseArg(ConfigurationApplication.java:1399)
	at ptolemy.actor.gui.ConfigurationApplication._parseArgs(ConfigurationApplication.java:1478)
	at ptolemy.actor.gui.ConfigurationApplication.<init>(ConfigurationApplication.java:277)
	at ptolemy.actor.gui.ConfigurationApplication.<init>(ConfigurationApplication.java:214)
	at ptolemy.actor.gui.ConfigurationApplication.<init>(ConfigurationApplication.java:201)
	at ptolemy.actor.gui.ConfigurationApplication.openModelOrEntity(ConfigurationApplication.java:680)
	at ptolemy.vergil.basic.export.ExportModel$1.run(ExportModel.java:220)
	at java.awt.event.InvocationEvent.dispatch(InvocationEvent.java:301)
	at java.awt.EventQueue.dispatchEventImpl(EventQueue.java:756)
	at java.awt.EventQueue.access$500(EventQueue.java:97)
	at java.awt.EventQueue$3.run(EventQueue.java:709)
	at java.awt.EventQueue$3.run(EventQueue.java:703)
	at java.security.AccessController.doPrivileged(Native Method)
	at java.security.ProtectionDomain$JavaSecurityAccessImpl.doIntersectionPrivilege(ProtectionDomain.java:80)
	at java.awt.EventQueue.dispatchEvent(EventQueue.java:726)
	at java.awt.EventDispatchThread.pumpOneEventForFilters(EventDispatchThread.java:201)
	at java.awt.EventDispatchThread.pumpEventsForFilter(EventDispatchThread.java:116)
	at java.awt.EventDispatchThread.pumpEventsForHierarchy(EventDispatchThread.java:105)
	at java.awt.EventDispatchThread.pumpEvents(EventDispatchThread.java:101)
	at java.awt.EventDispatchThread.pumpEvents(EventDispatchThread.java:93)
	at java.awt.EventDispatchThread.run(EventDispatchThread.java:82)
Caused by: ptolemy.kernel.util.InternalErrorException: Element <entity name="node1" class="ptolemy.actor.ptalon.demo.ptinyos.SenseToLeds.MicaBoard"> caused an exception to be thrown.
  in .SenseToLeds.SenseToLeds
Because:
Cannot find class: ptolemy.actor.ptalon.demo.ptinyos.SenseToLeds.MicaBoard. In Ptolemy, classes are typically Java .class files. Entities like actors may instead be defined within a .xml file.  In any case, the class was not found. If the class uses a third party package, then the class would be present only if the third party package was found at compile time.  It may be necessary to upgrade Java or install the third party package, reconfigure and recompile.
Because:
Element <entity name="MicaLeds" class="ptolemy.domains.ptinyos.lib.MicaLeds"> caused an exception to be thrown.
  in .MicaBoard
Because:
Cannot find class: ptolemy.domains.ptinyos.lib.MicaLeds. In Ptolemy, classes are typically Java .class files. Entities like actors may instead be defined within a .xml file.  In any case, the class was not found. If the class uses a third party package, then the class would be present only if the third party package was found at compile time.  It may be necessary to upgrade Java or install the third party package, reconfigure and recompile.
Because:
-- /home/travis/build/icyphy/ptII/ptolemy/actor/ptalon/demo/ptinyos/SenseToLeds/ptolemy/domains/ptinyos/lib/MicaLeds.xml (No such file or directory)
-- XML file not found relative to classpath.
-- /home/travis/build/icyphy/ptII/ptolemy/vergil/basic/export/test/ptolemy/domains/ptinyos/lib/MicaLeds.xml
/home/travis/build/icyphy/ptII/ptolemy/vergil/basic/export/test/ptolemy/domains/ptinyos/lib/MicaLeds.xml (No such file or directory)
 in file:/home/travis/build/icyphy/ptII/ptolemy/actor/ptalon/demo/ptinyos/SenseToLeds/MicaBoard.xml at line 134 and column 63
	at ptolemy.moml.SimpleErrorHandler.handleError(SimpleErrorHandler.java:75)
	at ptolemy.moml.MoMLParser.startElement(MoMLParser.java:3805)
	at com.microstar.xml.XmlParser.parseElement(XmlParser.java:931)
	at com.microstar.xml.XmlParser.parseDocument(XmlParser.java:481)
	at com.microstar.xml.XmlParser.doParse(XmlParser.java:159)
	at com.microstar.xml.XmlParser.parse(XmlParser.java:132)
	at ptolemy.moml.MoMLParser.parse(MoMLParser.java:1660)
	at ptolemy.moml.MoMLParser.parse(MoMLParser.java:1617)
	at ptolemy.moml.MoMLParser.parse(MoMLParser.java:1792)
	at ptolemy.actor.ptalon.PtalonEvaluator.addActor(PtalonEvaluator.java:241)
	... 56 more
Caused by: ptolemy.kernel.util.IllegalActionException: Cannot find class: ptolemy.actor.ptalon.demo.ptinyos.SenseToLeds.MicaBoard. In Ptolemy, classes are typically Java .class files. Entities like actors may instead be defined within a .xml file.  In any case, the class was not found. If the class uses a third party package, then the class would be present only if the third party package was found at compile time.  It may be necessary to upgrade Java or install the third party package, reconfigure and recompile.
Because:
Element <entity name="MicaLeds" class="ptolemy.domains.ptinyos.lib.MicaLeds"> caused an exception to be thrown.
  in .MicaBoard
Because:
Cannot find class: ptolemy.domains.ptinyos.lib.MicaLeds. In Ptolemy, classes are typically Java .class files. Entities like actors may instead be defined within a .xml file.  In any case, the class was not found. If the class uses a third party package, then the class would be present only if the third party package was found at compile time.  It may be necessary to upgrade Java or install the third party package, reconfigure and recompile.
Because:
-- /home/travis/build/icyphy/ptII/ptolemy/actor/ptalon/demo/ptinyos/SenseToLeds/ptolemy/domains/ptinyos/lib/MicaLeds.xml (No such file or directory)
-- XML file not found relative to classpath.
-- /home/travis/build/icyphy/ptII/ptolemy/vergil/basic/export/test/ptolemy/domains/ptinyos/lib/MicaLeds.xml
/home/travis/build/icyphy/ptII/ptolemy/vergil/basic/export/test/ptolemy/domains/ptinyos/lib/MicaLeds.xml (No such file or directory)
 in file:/home/travis/build/icyphy/ptII/ptolemy/actor/ptalon/demo/ptinyos/SenseToLeds/MicaBoard.xml at line 134 and column 63
	at ptolemy.moml.MoMLParser._createEntity(MoMLParser.java:4330)
	at ptolemy.moml.MoMLParser.startElement(MoMLParser.java:2864)
	... 64 more
Caused by: ptolemy.kernel.util.InternalErrorException: Element <entity name="MicaLeds" class="ptolemy.domains.ptinyos.lib.MicaLeds"> caused an exception to be thrown.
  in .MicaBoard
Because:
Cannot find class: ptolemy.domains.ptinyos.lib.MicaLeds. In Ptolemy, classes are typically Java .class files. Entities like actors may instead be defined within a .xml file.  In any case, the class was not found. If the class uses a third party package, then the class would be present only if the third party package was found at compile time.  It may be necessary to upgrade Java or install the third party package, reconfigure and recompile.
Because:
-- /home/travis/build/icyphy/ptII/ptolemy/actor/ptalon/demo/ptinyos/SenseToLeds/ptolemy/domains/ptinyos/lib/MicaLeds.xml (No such file or directory)
-- XML file not found relative to classpath.
-- /home/travis/build/icyphy/ptII/ptolemy/vergil/basic/export/test/ptolemy/domains/ptinyos/lib/MicaLeds.xml
/home/travis/build/icyphy/ptII/ptolemy/vergil/basic/export/test/ptolemy/domains/ptinyos/lib/MicaLeds.xml (No such file or directory)
 in file:/home/travis/build/icyphy/ptII/ptolemy/actor/ptalon/demo/ptinyos/SenseToLeds/MicaBoard.xml at line 134 and column 63
	at ptolemy.moml.SimpleErrorHandler.handleError(SimpleErrorHandler.java:75)
	at ptolemy.moml.MoMLParser.startElement(MoMLParser.java:3805)
	at com.microstar.xml.XmlParser.parseElement(XmlParser.java:921)
	at com.microstar.xml.XmlParser.parseContent(XmlParser.java:1104)
	at com.microstar.xml.XmlParser.parseElement(XmlParser.java:924)
	at com.microstar.xml.XmlParser.parseDocument(XmlParser.java:481)
	at com.microstar.xml.XmlParser.doParse(XmlParser.java:159)
	at com.microstar.xml.XmlParser.parse(XmlParser.java:132)
	at ptolemy.moml.MoMLParser.parse(MoMLParser.java:1676)
	at ptolemy.moml.MoMLParser.parse(MoMLParser.java:1595)
	at ptolemy.moml.MoMLParser.parse(MoMLParser.java:1537)
	at ptolemy.moml.MoMLParser._findOrParse(MoMLParser.java:5286)
	at ptolemy.moml.MoMLParser._attemptToFindMoMLClass(MoMLParser.java:4075)
	at ptolemy.moml.MoMLParser._createEntity(MoMLParser.java:4323)
	... 65 more
Caused by: ptolemy.kernel.util.IllegalActionException: Cannot find class: ptolemy.domains.ptinyos.lib.MicaLeds. In Ptolemy, classes are typically Java .class files. Entities like actors may instead be defined within a .xml file.  In any case, the class was not found. If the class uses a third party package, then the class would be present only if the third party package was found at compile time.  It may be necessary to upgrade Java or install the third party package, reconfigure and recompile.
Because:
-- /home/travis/build/icyphy/ptII/ptolemy/actor/ptalon/demo/ptinyos/SenseToLeds/ptolemy/domains/ptinyos/lib/MicaLeds.xml (No such file or directory)
-- XML file not found relative to classpath.
-- /home/travis/build/icyphy/ptII/ptolemy/vergil/basic/export/test/ptolemy/domains/ptinyos/lib/MicaLeds.xml
/home/travis/build/icyphy/ptII/ptolemy/vergil/basic/export/test/ptolemy/domains/ptinyos/lib/MicaLeds.xml (No such file or directory)
 in file:/home/travis/build/icyphy/ptII/ptolemy/actor/ptalon/demo/ptinyos/SenseToLeds/MicaBoard.xml at line 134 and column 63
	at ptolemy.moml.MoMLParser._createEntity(MoMLParser.java:4330)
	at ptolemy.moml.MoMLParser.startElement(MoMLParser.java:2864)
	... 77 more
Caused by: com.microstar.xml.XmlException: -- /home/travis/build/icyphy/ptII/ptolemy/actor/ptalon/demo/ptinyos/SenseToLeds/ptolemy/domains/ptinyos/lib/MicaLeds.xml (No such file or directory)
-- XML file not found relative to classpath.
-- /home/travis/build/icyphy/ptII/ptolemy/vergil/basic/export/test/ptolemy/domains/ptinyos/lib/MicaLeds.xml
/home/travis/build/icyphy/ptII/ptolemy/vergil/basic/export/test/ptolemy/domains/ptinyos/lib/MicaLeds.xml (No such file or directory)
 in file:/home/travis/build/icyphy/ptII/ptolemy/actor/ptalon/demo/ptinyos/SenseToLeds/MicaBoard.xml at line 134 and column 63
	at ptolemy.moml.MoMLParser.fileNameToURL(MoMLParser.java:1414)
	at ptolemy.moml.MoMLParser._findOrParse(MoMLParser.java:5283)
	at ptolemy.moml.MoMLParser._attemptToFindMoMLClass(MoMLParser.java:4075)
	at ptolemy.moml.MoMLParser._createEntity(MoMLParser.java:4323)
	... 78 more
Failed to read file:/home/travis/build/icyphy/ptII/ptolemy/actor/ptalon/demo/ptinyos/SenseToLeds/SenseToLeds.xml
ptolemy.kernel.util.IllegalActionException: Failed to process attribute change to PtalonParameter, whose value is "ptolemy.actor.ptalon.PtalonExpressionParameter {.SenseToLeds.SenseToLeds.n} 2".
  in .SenseToLeds.SenseToLeds
Because:
Unable to add actor null
	at ptolemy.actor.ptalon.PtalonActor.attributeChanged(PtalonActor.java:211)
	at ptolemy.actor.ptalon.PtalonMLHandler.startElement(PtalonMLHandler.java:134)
	at com.microstar.xml.XmlParser.parseElement(XmlParser.java:921)
	at com.microstar.xml.XmlParser.parseContent(XmlParser.java:1104)
	at com.microstar.xml.XmlParser.parseElement(XmlParser.java:924)
	at com.microstar.xml.XmlParser.parseDocument(XmlParser.java:481)
	at com.microstar.xml.XmlParser.doParse(XmlParser.java:159)
	at com.microstar.xml.XmlParser.parse(XmlParser.java:132)
	at ptolemy.actor.ptalon.PtalonActor.configure(PtalonActor.java:240)
	at ptolemy.moml.MoMLParser.endElement(MoMLParser.java:996)
	at com.microstar.xml.XmlParser.parseETag(XmlParser.java:1026)
	at com.microstar.xml.XmlParser.parseContent(XmlParser.java:1098)
	at com.microstar.xml.XmlParser.parseElement(XmlParser.java:924)
	at com.microstar.xml.XmlParser.parseContent(XmlParser.java:1104)
	at com.microstar.xml.XmlParser.parseElement(XmlParser.java:924)
	at com.microstar.xml.XmlParser.parseContent(XmlParser.java:1104)
	at com.microstar.xml.XmlParser.parseElement(XmlParser.java:924)
	at com.microstar.xml.XmlParser.parseDocument(XmlParser.java:481)
	at com.microstar.xml.XmlParser.doParse(XmlParser.java:159)
	at com.microstar.xml.XmlParser.parse(XmlParser.java:132)
	at ptolemy.moml.MoMLParser.parse(MoMLParser.java:1676)
	at ptolemy.moml.MoMLParser.parse(MoMLParser.java:1595)
	at ptolemy.moml.MoMLParser.parse(MoMLParser.java:1537)
	at ptolemy.actor.gui.PtolemyEffigy$Factory.createEffigy(PtolemyEffigy.java:424)
	at ptolemy.actor.gui.EffigyFactory.createEffigy(EffigyFactory.java:234)
	at ptolemy.actor.gui.Configuration.openModel(Configuration.java:1125)
	at ptolemy.actor.gui.Configuration.openModel(Configuration.java:1051)
	at ptolemy.actor.gui.ConfigurationApplication._openModel(ConfigurationApplication.java:1252)
	at ptolemy.actor.gui.ConfigurationApplication._parseArg(ConfigurationApplication.java:1399)
	at ptolemy.actor.gui.ConfigurationApplication._parseArgs(ConfigurationApplication.java:1478)
	at ptolemy.actor.gui.ConfigurationApplication.<init>(ConfigurationApplication.java:277)
	at ptolemy.actor.gui.ConfigurationApplication.<init>(ConfigurationApplication.java:214)
	at ptolemy.actor.gui.ConfigurationApplication.<init>(ConfigurationApplication.java:201)
	at ptolemy.actor.gui.ConfigurationApplication.openModelOrEntity(ConfigurationApplication.java:680)
	at ptolemy.vergil.basic.export.ExportModel$1.run(ExportModel.java:220)
	at java.awt.event.InvocationEvent.dispatch(InvocationEvent.java:301)
	at java.awt.EventQueue.dispatchEventImpl(EventQueue.java:756)
	at java.awt.EventQueue.access$500(EventQueue.java:97)
	at java.awt.EventQueue$3.run(EventQueue.java:709)
	at java.awt.EventQueue$3.run(EventQueue.java:703)
	at java.security.AccessController.doPrivileged(Native Method)
	at java.security.ProtectionDomain$JavaSecurityAccessImpl.doIntersectionPrivilege(ProtectionDomain.java:80)
	at java.awt.EventQueue.dispatchEvent(EventQueue.java:726)
	at java.awt.EventDispatchThread.pumpOneEventForFilters(EventDispatchThread.java:201)
	at java.awt.EventDispatchThread.pumpEventsForFilter(EventDispatchThread.java:116)
	at java.awt.EventDispatchThread.pumpEventsForHierarchy(EventDispatchThread.java:105)
	at java.awt.EventDispatchThread.pumpEvents(EventDispatchThread.java:101)
	at java.awt.EventDispatchThread.pumpEvents(EventDispatchThread.java:93)
	at java.awt.EventDispatchThread.run(EventDispatchThread.java:82)
Caused by: ptolemy.actor.ptalon.PtalonRuntimeException: Unable to add actor null
	at ptolemy.actor.ptalon.PtalonEvaluator.addActor(PtalonEvaluator.java:300)
	at ptolemy.actor.ptalon.PtalonPopulator.actor_declaration(PtalonPopulator.java:1574)
	at ptolemy.actor.ptalon.PtalonPopulator.atomic_statement(PtalonPopulator.java:1638)
	at ptolemy.actor.ptalon.PtalonPopulator.iterative_statement_evaluator(PtalonPopulator.java:2484)
	at ptolemy.actor.ptalon.AbstractPtalonEvaluator$IfTree.evaluateForScope(AbstractPtalonEvaluator.java:1307)
	at ptolemy.actor.ptalon.AbstractPtalonEvaluator.evaluateForScope(AbstractPtalonEvaluator.java:744)
	at ptolemy.actor.ptalon.PtalonPopulator.iterative_statement(PtalonPopulator.java:2363)
	at ptolemy.actor.ptalon.PtalonPopulator.actor_definition(PtalonPopulator.java:2809)
	at ptolemy.actor.ptalon.PtalonActor.attributeChanged(PtalonActor.java:206)
	... 48 more
Caused by: ptolemy.kernel.util.InternalErrorException: Element <entity name="node1" class="ptolemy.actor.ptalon.demo.ptinyos.SenseToLeds.MicaBoard"> caused an exception to be thrown.
  in .SenseToLeds.SenseToLeds
Because:
Cannot find class: ptolemy.actor.ptalon.demo.ptinyos.SenseToLeds.MicaBoard. In Ptolemy, classes are typically Java .class files. Entities like actors may instead be defined within a .xml file.  In any case, the class was not found. If the class uses a third party package, then the class would be present only if the third party package was found at compile time.  It may be necessary to upgrade Java or install the third party package, reconfigure and recompile.
Because:
Element <entity name="MicaLeds" class="ptolemy.domains.ptinyos.lib.MicaLeds"> caused an exception to be thrown.
  in .MicaBoard
Because:
Cannot find class: ptolemy.domains.ptinyos.lib.MicaLeds. In Ptolemy, classes are typically Java .class files. Entities like actors may instead be defined within a .xml file.  In any case, the class was not found. If the class uses a third party package, then the class would be present only if the third party package was found at compile time.  It may be necessary to upgrade Java or install the third party package, reconfigure and recompile.
Because:
-- /home/travis/build/icyphy/ptII/ptolemy/actor/ptalon/demo/ptinyos/SenseToLeds/ptolemy/domains/ptinyos/lib/MicaLeds.xml (No such file or directory)
-- XML file not found relative to classpath.
-- /home/travis/build/icyphy/ptII/ptolemy/vergil/basic/export/test/ptolemy/domains/ptinyos/lib/MicaLeds.xml
/home/travis/build/icyphy/ptII/ptolemy/vergil/basic/export/test/ptolemy/domains/ptinyos/lib/MicaLeds.xml (No such file or directory)
 in file:/home/travis/build/icyphy/ptII/ptolemy/actor/ptalon/demo/ptinyos/SenseToLeds/MicaBoard.xml at line 134 and column 63
	at ptolemy.moml.SimpleErrorHandler.handleError(SimpleErrorHandler.java:75)
	at ptolemy.moml.MoMLParser.startElement(MoMLParser.java:3805)
	at com.microstar.xml.XmlParser.parseElement(XmlParser.java:931)
	at com.microstar.xml.XmlParser.parseDocument(XmlParser.java:481)
	at com.microstar.xml.XmlParser.doParse(XmlParser.java:159)
	at com.microstar.xml.XmlParser.parse(XmlParser.java:132)
	at ptolemy.moml.MoMLParser.parse(MoMLParser.java:1660)
	at ptolemy.moml.MoMLParser.parse(MoMLParser.java:1617)
	at ptolemy.moml.MoMLParser.parse(MoMLParser.java:1792)
	at ptolemy.actor.ptalon.PtalonEvaluator.addActor(PtalonEvaluator.java:241)
	... 56 more
Caused by: ptolemy.kernel.util.IllegalActionException: Cannot find class: ptolemy.actor.ptalon.demo.ptinyos.SenseToLeds.MicaBoard. In Ptolemy, classes are typically Java .class files. Entities like actors may instead be defined within a .xml file.  In any case, the class was not found. If the class uses a third party package, then the class would be present only if the third party package was found at compile time.  It may be necessary to upgrade Java or install the third party package, reconfigure and recompile.
Because:
Element <entity name="MicaLeds" class="ptolemy.domains.ptinyos.lib.MicaLeds"> caused an exception to be thrown.
  in .MicaBoard
Because:
Cannot find class: ptolemy.domains.ptinyos.lib.MicaLeds. In Ptolemy, classes are typically Java .class files. Entities like actors may instead be defined within a .xml file.  In any case, the class was not found. If the class uses a third party package, then the class would be present only if the third party package was found at compile time.  It may be necessary to upgrade Java or install the third party package, reconfigure and recompile.
Because:
-- /home/travis/build/icyphy/ptII/ptolemy/actor/ptalon/demo/ptinyos/SenseToLeds/ptolemy/domains/ptinyos/lib/MicaLeds.xml (No such file or directory)
-- XML file not found relative to classpath.
-- /home/travis/build/icyphy/ptII/ptolemy/vergil/basic/export/test/ptolemy/domains/ptinyos/lib/MicaLeds.xml
/home/travis/build/icyphy/ptII/ptolemy/vergil/basic/export/test/ptolemy/domains/ptinyos/lib/MicaLeds.xml (No such file or directory)
 in file:/home/travis/build/icyphy/ptII/ptolemy/actor/ptalon/demo/ptinyos/SenseToLeds/MicaBoard.xml at line 134 and column 63
	at ptolemy.moml.MoMLParser._createEntity(MoMLParser.java:4330)
	at ptolemy.moml.MoMLParser.startElement(MoMLParser.java:2864)
	... 64 more
Caused by: ptolemy.kernel.util.InternalErrorException: Element <entity name="MicaLeds" class="ptolemy.domains.ptinyos.lib.MicaLeds"> caused an exception to be thrown.
  in .MicaBoard
Because:
Cannot find class: ptolemy.domains.ptinyos.lib.MicaLeds. In Ptolemy, classes are typically Java .class files. Entities like actors may instead be defined within a .xml file.  In any case, the class was not found. If the class uses a third party package, then the class would be present only if the third party package was found at compile time.  It may be necessary to upgrade Java or install the third party package, reconfigure and recompile.
Because:
-- /home/travis/build/icyphy/ptII/ptolemy/actor/ptalon/demo/ptinyos/SenseToLeds/ptolemy/domains/ptinyos/lib/MicaLeds.xml (No such file or directory)
-- XML file not found relative to classpath.
-- /home/travis/build/icyphy/ptII/ptolemy/vergil/basic/export/test/ptolemy/domains/ptinyos/lib/MicaLeds.xml
/home/travis/build/icyphy/ptII/ptolemy/vergil/basic/export/test/ptolemy/domains/ptinyos/lib/MicaLeds.xml (No such file or directory)
 in file:/home/travis/build/icyphy/ptII/ptolemy/actor/ptalon/demo/ptinyos/SenseToLeds/MicaBoard.xml at line 134 and column 63
	at ptolemy.moml.SimpleErrorHandler.handleError(SimpleErrorHandler.java:75)
	at ptolemy.moml.MoMLParser.startElement(MoMLParser.java:3805)
	at com.microstar.xml.XmlParser.parseElement(XmlParser.java:921)
	at com.microstar.xml.XmlParser.parseContent(XmlParser.java:1104)
	at com.microstar.xml.XmlParser.parseElement(XmlParser.java:924)
	at com.microstar.xml.XmlParser.parseDocument(XmlParser.java:481)
	at com.microstar.xml.XmlParser.doParse(XmlParser.java:159)
	at com.microstar.xml.XmlParser.parse(XmlParser.java:132)
	at ptolemy.moml.MoMLParser.parse(MoMLParser.java:1676)
	at ptolemy.moml.MoMLParser.parse(MoMLParser.java:1595)
	at ptolemy.moml.MoMLParser.parse(MoMLParser.java:1537)
	at ptolemy.moml.MoMLParser._findOrParse(MoMLParser.java:5286)
	at ptolemy.moml.MoMLParser._attemptToFindMoMLClass(MoMLParser.java:4075)
	at ptolemy.moml.MoMLParser._createEntity(MoMLParser.java:4323)
	... 65 more
Caused by: ptolemy.kernel.util.IllegalActionException: Cannot find class: ptolemy.domains.ptinyos.lib.MicaLeds. In Ptolemy, classes are typically Java .class files. Entities like actors may instead be defined within a .xml file.  In any case, the class was not found. If the class uses a third party package, then the class would be present only if the third party package was found at compile time.  It may be necessary to upgrade Java or install the third party package, reconfigure and recompile.
Because:
-- /home/travis/build/icyphy/ptII/ptolemy/actor/ptalon/demo/ptinyos/SenseToLeds/ptolemy/domains/ptinyos/lib/MicaLeds.xml (No such file or directory)
-- XML file not found relative to classpath.
-- /home/travis/build/icyphy/ptII/ptolemy/vergil/basic/export/test/ptolemy/domains/ptinyos/lib/MicaLeds.xml
/home/travis/build/icyphy/ptII/ptolemy/vergil/basic/export/test/ptolemy/domains/ptinyos/lib/MicaLeds.xml (No such file or directory)
 in file:/home/travis/build/icyphy/ptII/ptolemy/actor/ptalon/demo/ptinyos/SenseToLeds/MicaBoard.xml at line 134 and column 63
	at ptolemy.moml.MoMLParser._createEntity(MoMLParser.java:4330)
	at ptolemy.moml.MoMLParser.startElement(MoMLParser.java:2864)
	... 77 more
Caused by: com.microstar.xml.XmlException: -- /home/travis/build/icyphy/ptII/ptolemy/actor/ptalon/demo/ptinyos/SenseToLeds/ptolemy/domains/ptinyos/lib/MicaLeds.xml (No such file or directory)
-- XML file not found relative to classpath.
-- /home/travis/build/icyphy/ptII/ptolemy/vergil/basic/export/test/ptolemy/domains/ptinyos/lib/MicaLeds.xml
/home/travis/build/icyphy/ptII/ptolemy/vergil/basic/export/test/ptolemy/domains/ptinyos/lib/MicaLeds.xml (No such file or directory)
 in file:/home/travis/build/icyphy/ptII/ptolemy/actor/ptalon/demo/ptinyos/SenseToLeds/MicaBoard.xml at line 134 and column 63
	at ptolemy.moml.MoMLParser.fileNameToURL(MoMLParser.java:1414)
	at ptolemy.moml.MoMLParser._findOrParse(MoMLParser.java:5283)
	at ptolemy.moml.MoMLParser._attemptToFindMoMLClass(MoMLParser.java:4075)
	at ptolemy.moml.MoMLParser._createEntity(MoMLParser.java:4323)
	... 78 more
Caused by: ptolemy.actor.ptalon.PtalonRuntimeException: Unable to add actor null
	at ptolemy.actor.ptalon.PtalonEvaluator.addActor(PtalonEvaluator.java:300)
	at ptolemy.actor.ptalon.PtalonPopulator.actor_declaration(PtalonPopulator.java:1574)
	at ptolemy.actor.ptalon.PtalonPopulator.atomic_statement(PtalonPopulator.java:1638)
	at ptolemy.actor.ptalon.PtalonPopulator.iterative_statement_evaluator(PtalonPopulator.java:2484)
	at ptolemy.actor.ptalon.AbstractPtalonEvaluator$IfTree.evaluateForScope(AbstractPtalonEvaluator.java:1307)
	at ptolemy.actor.ptalon.AbstractPtalonEvaluator.evaluateForScope(AbstractPtalonEvaluator.java:744)
	at ptolemy.actor.ptalon.PtalonPopulator.iterative_statement(PtalonPopulator.java:2363)
	at ptolemy.actor.ptalon.PtalonPopulator.actor_definition(PtalonPopulator.java:2809)
	at ptolemy.actor.ptalon.PtalonActor.attributeChanged(PtalonActor.java:206)
	at ptolemy.actor.ptalon.PtalonMLHandler.startElement(PtalonMLHandler.java:134)
	at com.microstar.xml.XmlParser.parseElement(XmlParser.java:921)
	at com.microstar.xml.XmlParser.parseContent(XmlParser.java:1104)
	at com.microstar.xml.XmlParser.parseElement(XmlParser.java:924)
	at com.microstar.xml.XmlParser.parseDocument(XmlParser.java:481)
	at com.microstar.xml.XmlParser.doParse(XmlParser.java:159)
	at com.microstar.xml.XmlParser.parse(XmlParser.java:132)
	at ptolemy.actor.ptalon.PtalonActor.configure(PtalonActor.java:240)
	at ptolemy.moml.MoMLParser.endElement(MoMLParser.java:996)
	at com.microstar.xml.XmlParser.parseETag(XmlParser.java:1026)
	at com.microstar.xml.XmlParser.parseContent(XmlParser.java:1098)
	at com.microstar.xml.XmlParser.parseElement(XmlParser.java:924)
	at com.microstar.xml.XmlParser.parseContent(XmlParser.java:1104)
	at com.microstar.xml.XmlParser.parseElement(XmlParser.java:924)
	at com.microstar.xml.XmlParser.parseContent(XmlParser.java:1104)
	at com.microstar.xml.XmlParser.parseElement(XmlParser.java:924)
	at com.microstar.xml.XmlParser.parseDocument(XmlParser.java:481)
	at com.microstar.xml.XmlParser.doParse(XmlParser.java:159)
	at com.microstar.xml.XmlParser.parse(XmlParser.java:132)
	at ptolemy.moml.MoMLParser.parse(MoMLParser.java:1676)
	at ptolemy.moml.MoMLParser.parse(MoMLParser.java:1595)
	at ptolemy.moml.MoMLParser.parse(MoMLParser.java:1537)
	at ptolemy.actor.gui.PtolemyEffigy$Factory.createEffigy(PtolemyEffigy.java:424)
	at ptolemy.actor.gui.EffigyFactory.createEffigy(EffigyFactory.java:234)
	at ptolemy.actor.gui.Configuration.openModel(Configuration.java:1125)
	at ptolemy.actor.gui.Configuration.openModel(Configuration.java:1051)
	at ptolemy.actor.gui.ConfigurationApplication._openModel(ConfigurationApplication.java:1252)
	at ptolemy.actor.gui.ConfigurationApplication._parseArg(ConfigurationApplication.java:1399)
	at ptolemy.actor.gui.ConfigurationApplication._parseArgs(ConfigurationApplication.java:1478)
	at ptolemy.actor.gui.ConfigurationApplication.<init>(ConfigurationApplication.java:277)
	at ptolemy.actor.gui.ConfigurationApplication.<init>(ConfigurationApplication.java:214)
	at ptolemy.actor.gui.ConfigurationApplication.<init>(ConfigurationApplication.java:201)
	at ptolemy.actor.gui.ConfigurationApplication.openModelOrEntity(ConfigurationApplication.java:680)
	at ptolemy.vergil.basic.export.ExportModel$1.run(ExportModel.java:220)
	at java.awt.event.InvocationEvent.dispatch(InvocationEvent.java:301)
	at java.awt.EventQueue.dispatchEventImpl(EventQueue.java:756)
	at java.awt.EventQueue.access$500(EventQueue.java:97)
	at java.awt.EventQueue$3.run(EventQueue.java:709)
	at java.awt.EventQueue$3.run(EventQueue.java:703)
	at java.security.AccessController.doPrivileged(Native Method)
	at java.security.ProtectionDomain$JavaSecurityAccessImpl.doIntersectionPrivilege(ProtectionDomain.java:80)
	at java.awt.EventQueue.dispatchEvent(EventQueue.java:726)
	at java.awt.EventDispatchThread.pumpOneEventForFilters(EventDispatchThread.java:201)
	at java.awt.EventDispatchThread.pumpEventsForFilter(EventDispatchThread.java:116)
	at java.awt.EventDispatchThread.pumpEventsForHierarchy(EventDispatchThread.java:105)
	at java.awt.EventDispatchThread.pumpEvents(EventDispatchThread.java:101)
	at java.awt.EventDispatchThread.pumpEvents(EventDispatchThread.java:93)
	at java.awt.EventDispatchThread.run(EventDispatchThread.java:82)
Caused by: ptolemy.kernel.util.InternalErrorException: Element <entity name="node1" class="ptolemy.actor.ptalon.demo.ptinyos.SenseToLeds.MicaBoard"> caused an exception to be thrown.
  in .SenseToLeds.SenseToLeds
Because:
Cannot find class: ptolemy.actor.ptalon.demo.ptinyos.SenseToLeds.MicaBoard. In Ptolemy, classes are typically Java .class files. Entities like actors may instead be defined within a .xml file.  In any case, the class was not found. If the class uses a third party package, then the class would be present only if the third party package was found at compile time.  It may be necessary to upgrade Java or install the third party package, reconfigure and recompile.
Because:
Element <entity name="MicaLeds" class="ptolemy.domains.ptinyos.lib.MicaLeds"> caused an exception to be thrown.
  in .MicaBoard
Because:
Cannot find class: ptolemy.domains.ptinyos.lib.MicaLeds. In Ptolemy, classes are typically Java .class files. Entities like actors may instead be defined within a .xml file.  In any case, the class was not found. If the class uses a third party package, then the class would be present only if the third party package was found at compile time.  It may be necessary to upgrade Java or install the third party package, reconfigure and recompile.
Because:
-- /home/travis/build/icyphy/ptII/ptolemy/actor/ptalon/demo/ptinyos/SenseToLeds/ptolemy/domains/ptinyos/lib/MicaLeds.xml (No such file or directory)
-- XML file not found relative to classpath.
-- /home/travis/build/icyphy/ptII/ptolemy/vergil/basic/export/test/ptolemy/domains/ptinyos/lib/MicaLeds.xml
/home/travis/build/icyphy/ptII/ptolemy/vergil/basic/export/test/ptolemy/domains/ptinyos/lib/MicaLeds.xml (No such file or directory)
 in file:/home/travis/build/icyphy/ptII/ptolemy/actor/ptalon/demo/ptinyos/SenseToLeds/MicaBoard.xml at line 134 and column 63
	at ptolemy.moml.SimpleErrorHandler.handleError(SimpleErrorHandler.java:75)
	at ptolemy.moml.MoMLParser.startElement(MoMLParser.java:3805)
	at com.microstar.xml.XmlParser.parseElement(XmlParser.java:931)
	at com.microstar.xml.XmlParser.parseDocument(XmlParser.java:481)
	at com.microstar.xml.XmlParser.doParse(XmlParser.java:159)
	at com.microstar.xml.XmlParser.parse(XmlParser.java:132)
	at ptolemy.moml.MoMLParser.parse(MoMLParser.java:1660)
	at ptolemy.moml.MoMLParser.parse(MoMLParser.java:1617)
	at ptolemy.moml.MoMLParser.parse(MoMLParser.java:1792)
	at ptolemy.actor.ptalon.PtalonEvaluator.addActor(PtalonEvaluator.java:241)
	... 56 more
Caused by: ptolemy.kernel.util.IllegalActionException: Cannot find class: ptolemy.actor.ptalon.demo.ptinyos.SenseToLeds.MicaBoard. In Ptolemy, classes are typically Java .class files. Entities like actors may instead be defined within a .xml file.  In any case, the class was not found. If the class uses a third party package, then the class would be present only if the third party package was found at compile time.  It may be necessary to upgrade Java or install the third party package, reconfigure and recompile.
Because:
Element <entity name="MicaLeds" class="ptolemy.domains.ptinyos.lib.MicaLeds"> caused an exception to be thrown.
  in .MicaBoard
Because:
Cannot find class: ptolemy.domains.ptinyos.lib.MicaLeds. In Ptolemy, classes are typically Java .class files. Entities like actors may instead be defined within a .xml file.  In any case, the class was not found. If the class uses a third party package, then the class would be present only if the third party package was found at compile time.  It may be necessary to upgrade Java or install the third party package, reconfigure and recompile.
Because:
-- /home/travis/build/icyphy/ptII/ptolemy/actor/ptalon/demo/ptinyos/SenseToLeds/ptolemy/domains/ptinyos/lib/MicaLeds.xml (No such file or directory)
-- XML file not found relative to classpath.
-- /home/travis/build/icyphy/ptII/ptolemy/vergil/basic/export/test/ptolemy/domains/ptinyos/lib/MicaLeds.xml
/home/travis/build/icyphy/ptII/ptolemy/vergil/basic/export/test/ptolemy/domains/ptinyos/lib/MicaLeds.xml (No such file or directory)
 in file:/home/travis/build/icyphy/ptII/ptolemy/actor/ptalon/demo/ptinyos/SenseToLeds/MicaBoard.xml at line 134 and column 63
	at ptolemy.moml.MoMLParser._createEntity(MoMLParser.java:4330)
	at ptolemy.moml.MoMLParser.startElement(MoMLParser.java:2864)
	... 64 more
Caused by: ptolemy.kernel.util.InternalErrorException: Element <entity name="MicaLeds" class="ptolemy.domains.ptinyos.lib.MicaLeds"> caused an exception to be thrown.
  in .MicaBoard
Because:
Cannot find class: ptolemy.domains.ptinyos.lib.MicaLeds. In Ptolemy, classes are typically Java .class files. Entities like actors may instead be defined within a .xml file.  In any case, the class was not found. If the class uses a third party package, then the class would be present only if the third party package was found at compile time.  It may be necessary to upgrade Java or install the third party package, reconfigure and recompile.
Because:
-- /home/travis/build/icyphy/ptII/ptolemy/actor/ptalon/demo/ptinyos/SenseToLeds/ptolemy/domains/ptinyos/lib/MicaLeds.xml (No such file or directory)
-- XML file not found relative to classpath.
-- /home/travis/build/icyphy/ptII/ptolemy/vergil/basic/export/test/ptolemy/domains/ptinyos/lib/MicaLeds.xml
/home/travis/build/icyphy/ptII/ptolemy/vergil/basic/export/test/ptolemy/domains/ptinyos/lib/MicaLeds.xml (No such file or directory)
 in file:/home/travis/build/icyphy/ptII/ptolemy/actor/ptalon/demo/ptinyos/SenseToLeds/MicaBoard.xml at line 134 and column 63
	at ptolemy.moml.SimpleErrorHandler.handleError(SimpleErrorHandler.java:75)
	at ptolemy.moml.MoMLParser.startElement(MoMLParser.java:3805)
	at com.microstar.xml.XmlParser.parseElement(XmlParser.java:921)
	at com.microstar.xml.XmlParser.parseContent(XmlParser.java:1104)
	at com.microstar.xml.XmlParser.parseElement(XmlParser.java:924)
	at com.microstar.xml.XmlParser.parseDocument(XmlParser.java:481)
	at com.microstar.xml.XmlParser.doParse(XmlParser.java:159)
	at com.microstar.xml.XmlParser.parse(XmlParser.java:132)
	at ptolemy.moml.MoMLParser.parse(MoMLParser.java:1676)
	at ptolemy.moml.MoMLParser.parse(MoMLParser.java:1595)
	at ptolemy.moml.MoMLParser.parse(MoMLParser.java:1537)
	at ptolemy.moml.MoMLParser._findOrParse(MoMLParser.java:5286)
	at ptolemy.moml.MoMLParser._attemptToFindMoMLClass(MoMLParser.java:4075)
	at ptolemy.moml.MoMLParser._createEntity(MoMLParser.java:4323)
	... 65 more
Caused by: ptolemy.kernel.util.IllegalActionException: Cannot find class: ptolemy.domains.ptinyos.lib.MicaLeds. In Ptolemy, classes are typically Java .class files. Entities like actors may instead be defined within a .xml file.  In any case, the class was not found. If the class uses a third party package, then the class would be present only if the third party package was found at compile time.  It may be necessary to upgrade Java or install the third party package, reconfigure and recompile.
Because:
-- /home/travis/build/icyphy/ptII/ptolemy/actor/ptalon/demo/ptinyos/SenseToLeds/ptolemy/domains/ptinyos/lib/MicaLeds.xml (No such file or directory)
-- XML file not found relative to classpath.
-- /home/travis/build/icyphy/ptII/ptolemy/vergil/basic/export/test/ptolemy/domains/ptinyos/lib/MicaLeds.xml
/home/travis/build/icyphy/ptII/ptolemy/vergil/basic/export/test/ptolemy/domains/ptinyos/lib/MicaLeds.xml (No such file or directory)
 in file:/home/travis/build/icyphy/ptII/ptolemy/actor/ptalon/demo/ptinyos/SenseToLeds/MicaBoard.xml at line 134 and column 63
	at ptolemy.moml.MoMLParser._createEntity(MoMLParser.java:4330)
	at ptolemy.moml.MoMLParser.startElement(MoMLParser.java:2864)
	... 77 more
Caused by: com.microstar.xml.XmlException: -- /home/travis/build/icyphy/ptII/ptolemy/actor/ptalon/demo/ptinyos/SenseToLeds/ptolemy/domains/ptinyos/lib/MicaLeds.xml (No such file or directory)
-- XML file not found relative to classpath.
-- /home/travis/build/icyphy/ptII/ptolemy/vergil/basic/export/test/ptolemy/domains/ptinyos/lib/MicaLeds.xml
/home/travis/build/icyphy/ptII/ptolemy/vergil/basic/export/test/ptolemy/domains/ptinyos/lib/MicaLeds.xml (No such file or directory)
 in file:/home/travis/build/icyphy/ptII/ptolemy/actor/ptalon/demo/ptinyos/SenseToLeds/MicaBoard.xml at line 134 and column 63
	at ptolemy.moml.MoMLParser.fileNameToURL(MoMLParser.java:1414)
	at ptolemy.moml.MoMLParser._findOrParse(MoMLParser.java:5283)
	at ptolemy.moml.MoMLParser._attemptToFindMoMLClass(MoMLParser.java:4075)
	at ptolemy.moml.MoMLParser._createEntity(MoMLParser.java:4323)
	... 78 more
Failed to read file:/home/travis/build/icyphy/ptII/ptolemy/actor/ptalon/demo/ptinyos/SenseToLeds/SenseToLeds.xml
ptolemy.kernel.util.IllegalActionException: Failed to process attribute change to PtalonParameter, whose value is "ptolemy.actor.ptalon.PtalonExpressionParameter {.SenseToLeds.SenseToLeds.n} 2".
  in .SenseToLeds.SenseToLeds
Because:
Unable to add actor null
	at ptolemy.actor.ptalon.PtalonActor.attributeChanged(PtalonActor.java:211)
	at ptolemy.actor.ptalon.PtalonMLHandler.startElement(PtalonMLHandler.java:134)
	at com.microstar.xml.XmlParser.parseElement(XmlParser.java:921)
	at com.microstar.xml.XmlParser.parseContent(XmlParser.java:1104)
	at com.microstar.xml.XmlParser.parseElement(XmlParser.java:924)
	at com.microstar.xml.XmlParser.parseDocument(XmlParser.java:481)
	at com.microstar.xml.XmlParser.doParse(XmlParser.java:159)
	at com.microstar.xml.XmlParser.parse(XmlParser.java:132)
	at ptolemy.actor.ptalon.PtalonActor.configure(PtalonActor.java:240)
	at ptolemy.moml.MoMLParser.endElement(MoMLParser.java:996)
	at com.microstar.xml.XmlParser.parseETag(XmlParser.java:1026)
	at com.microstar.xml.XmlParser.parseContent(XmlParser.java:1098)
	at com.microstar.xml.XmlParser.parseElement(XmlParser.java:924)
	at com.microstar.xml.XmlParser.parseContent(XmlParser.java:1104)
	at com.microstar.xml.XmlParser.parseElement(XmlParser.java:924)
	at com.microstar.xml.XmlParser.parseContent(XmlParser.java:1104)
	at com.microstar.xml.XmlParser.parseElement(XmlParser.java:924)
	at com.microstar.xml.XmlParser.parseDocument(XmlParser.java:481)
	at com.microstar.xml.XmlParser.doParse(XmlParser.java:159)
	at com.microstar.xml.XmlParser.parse(XmlParser.java:132)
	at ptolemy.moml.MoMLParser.parse(MoMLParser.java:1676)
	at ptolemy.moml.MoMLParser.parse(MoMLParser.java:1595)
	at ptolemy.moml.MoMLParser.parse(MoMLParser.java:1537)
	at ptolemy.actor.gui.PtolemyEffigy$Factory.createEffigy(PtolemyEffigy.java:424)
	at ptolemy.actor.gui.EffigyFactory.createEffigy(EffigyFactory.java:234)
	at ptolemy.actor.gui.Configuration.openModel(Configuration.java:1125)
	at ptolemy.actor.gui.Configuration.openModel(Configuration.java:1051)
	at ptolemy.actor.gui.ConfigurationApplication._openModel(ConfigurationApplication.java:1252)
	at ptolemy.actor.gui.ConfigurationApplication._parseArg(ConfigurationApplication.java:1399)
	at ptolemy.actor.gui.ConfigurationApplication._parseArgs(ConfigurationApplication.java:1478)
	at ptolemy.actor.gui.ConfigurationApplication.<init>(ConfigurationApplication.java:277)
	at ptolemy.actor.gui.ConfigurationApplication.<init>(ConfigurationApplication.java:214)
	at ptolemy.actor.gui.ConfigurationApplication.<init>(ConfigurationApplication.java:201)
	at ptolemy.actor.gui.ConfigurationApplication.openModelOrEntity(ConfigurationApplication.java:680)
	at ptolemy.vergil.basic.export.ExportModel$1.run(ExportModel.java:220)
	at java.awt.event.InvocationEvent.dispatch(InvocationEvent.java:301)
	at java.awt.EventQueue.dispatchEventImpl(EventQueue.java:756)
	at java.awt.EventQueue.access$500(EventQueue.java:97)
	at java.awt.EventQueue$3.run(EventQueue.java:709)
	at java.awt.EventQueue$3.run(EventQueue.java:703)
	at java.security.AccessController.doPrivileged(Native Method)
	at java.security.ProtectionDomain$JavaSecurityAccessImpl.doIntersectionPrivilege(ProtectionDomain.java:80)
	at java.awt.EventQueue.dispatchEvent(EventQueue.java:726)
	at java.awt.EventDispatchThread.pumpOneEventForFilters(EventDispatchThread.java:201)
	at java.awt.EventDispatchThread.pumpEventsForFilter(EventDispatchThread.java:116)
	at java.awt.EventDispatchThread.pumpEventsForHierarchy(EventDispatchThread.java:105)
	at java.awt.EventDispatchThread.pumpEvents(EventDispatchThread.java:101)
	at java.awt.EventDispatchThread.pumpEvents(EventDispatchThread.java:93)
	at java.awt.EventDispatchThread.run(EventDispatchThread.java:82)
Caused by: ptolemy.actor.ptalon.PtalonRuntimeException: Unable to add actor null
	at ptolemy.actor.ptalon.PtalonEvaluator.addActor(PtalonEvaluator.java:300)
	at ptolemy.actor.ptalon.PtalonPopulator.actor_declaration(PtalonPopulator.java:1574)
	at ptolemy.actor.ptalon.PtalonPopulator.atomic_statement(PtalonPopulator.java:1638)
	at ptolemy.actor.ptalon.PtalonPopulator.iterative_statement_evaluator(PtalonPopulator.java:2484)
	at ptolemy.actor.ptalon.AbstractPtalonEvaluator$IfTree.evaluateForScope(AbstractPtalonEvaluator.java:1307)
	at ptolemy.actor.ptalon.AbstractPtalonEvaluator.evaluateForScope(AbstractPtalonEvaluator.java:744)
	at ptolemy.actor.ptalon.PtalonPopulator.iterative_statement(PtalonPopulator.java:2363)
	at ptolemy.actor.ptalon.PtalonPopulator.actor_definition(PtalonPopulator.java:2809)
	at ptolemy.actor.ptalon.PtalonActor.attributeChanged(PtalonActor.java:206)
	... 48 more
Caused by: ptolemy.kernel.util.InternalErrorException: Element <entity name="node1" class="ptolemy.actor.ptalon.demo.ptinyos.SenseToLeds.MicaBoard"> caused an exception to be thrown.
  in .SenseToLeds.SenseToLeds
Because:
Cannot find class: ptolemy.actor.ptalon.demo.ptinyos.SenseToLeds.MicaBoard. In Ptolemy, classes are typically Java .class files. Entities like actors may instead be defined within a .xml file.  In any case, the class was not found. If the class uses a third party package, then the class would be present only if the third party package was found at compile time.  It may be necessary to upgrade Java or install the third party package, reconfigure and recompile.
Because:
Element <entity name="MicaLeds" class="ptolemy.domains.ptinyos.lib.MicaLeds"> caused an exception to be thrown.
  in .MicaBoard
Because:
Cannot find class: ptolemy.domains.ptinyos.lib.MicaLeds. In Ptolemy, classes are typically Java .class files. Entities like actors may instead be defined within a .xml file.  In any case, the class was not found. If the class uses a third party package, then the class would be present only if the third party package was found at compile time.  It may be necessary to upgrade Java or install the third party package, reconfigure and recompile.
Because:
-- /home/travis/build/icyphy/ptII/ptolemy/actor/ptalon/demo/ptinyos/SenseToLeds/ptolemy/domains/ptinyos/lib/MicaLeds.xml (No such file or directory)
-- XML file not found relative to classpath.
-- /home/travis/build/icyphy/ptII/ptolemy/vergil/basic/export/test/ptolemy/domains/ptinyos/lib/MicaLeds.xml
/home/travis/build/icyphy/ptII/ptolemy/vergil/basic/export/test/ptolemy/domains/ptinyos/lib/MicaLeds.xml (No such file or directory)
 in file:/home/travis/build/icyphy/ptII/ptolemy/actor/ptalon/demo/ptinyos/SenseToLeds/MicaBoard.xml at line 134 and column 63
	at ptolemy.moml.SimpleErrorHandler.handleError(SimpleErrorHandler.java:75)
	at ptolemy.moml.MoMLParser.startElement(MoMLParser.java:3805)
	at com.microstar.xml.XmlParser.parseElement(XmlParser.java:931)
	at com.microstar.xml.XmlParser.parseDocument(XmlParser.java:481)
	at com.microstar.xml.XmlParser.doParse(XmlParser.java:159)
	at com.microstar.xml.XmlParser.parse(XmlParser.java:132)
	at ptolemy.moml.MoMLParser.parse(MoMLParser.java:1660)
	at ptolemy.moml.MoMLParser.parse(MoMLParser.java:1617)
	at ptolemy.moml.MoMLParser.parse(MoMLParser.java:1792)
	at ptolemy.actor.ptalon.PtalonEvaluator.addActor(PtalonEvaluator.java:241)
	... 56 more
Caused by: ptolemy.kernel.util.IllegalActionException: Cannot find class: ptolemy.actor.ptalon.demo.ptinyos.SenseToLeds.MicaBoard. In Ptolemy, classes are typically Java .class files. Entities like actors may instead be defined within a .xml file.  In any case, the class was not found. If the class uses a third party package, then the class would be present only if the third party package was found at compile time.  It may be necessary to upgrade Java or install the third party package, reconfigure and recompile.
Because:
Element <entity name="MicaLeds" class="ptolemy.domains.ptinyos.lib.MicaLeds"> caused an exception to be thrown.
  in .MicaBoard
Because:
Cannot find class: ptolemy.domains.ptinyos.lib.MicaLeds. In Ptolemy, classes are typically Java .class files. Entities like actors may instead be defined within a .xml file.  In any case, the class was not found. If the class uses a third party package, then the class would be present only if the third party package was found at compile time.  It may be necessary to upgrade Java or install the third party package, reconfigure and recompile.
Because:
-- /home/travis/build/icyphy/ptII/ptolemy/actor/ptalon/demo/ptinyos/SenseToLeds/ptolemy/domains/ptinyos/lib/MicaLeds.xml (No such file or directory)
-- XML file not found relative to classpath.
-- /home/travis/build/icyphy/ptII/ptolemy/vergil/basic/export/test/ptolemy/domains/ptinyos/lib/MicaLeds.xml
/home/travis/build/icyphy/ptII/ptolemy/vergil/basic/export/test/ptolemy/domains/ptinyos/lib/MicaLeds.xml (No such file or directory)
 in file:/home/travis/build/icyphy/ptII/ptolemy/actor/ptalon/demo/ptinyos/SenseToLeds/MicaBoard.xml at line 134 and column 63
	at ptolemy.moml.MoMLParser._createEntity(MoMLParser.java:4330)
	at ptolemy.moml.MoMLParser.startElement(MoMLParser.java:2864)
	... 64 more
Caused by: ptolemy.kernel.util.InternalErrorException: Element <entity name="MicaLeds" class="ptolemy.domains.ptinyos.lib.MicaLeds"> caused an exception to be thrown.
  in .MicaBoard
Because:
Cannot find class: ptolemy.domains.ptinyos.lib.MicaLeds. In Ptolemy, classes are typically Java .class files. Entities like actors may instead be defined within a .xml file.  In any case, the class was not found. If the class uses a third party package, then the class would be present only if the third party package was found at compile time.  It may be necessary to upgrade Java or install the third party package, reconfigure and recompile.
Because:
-- /home/travis/build/icyphy/ptII/ptolemy/actor/ptalon/demo/ptinyos/SenseToLeds/ptolemy/domains/ptinyos/lib/MicaLeds.xml (No such file or directory)
-- XML file not found relative to classpath.
-- /home/travis/build/icyphy/ptII/ptolemy/vergil/basic/export/test/ptolemy/domains/ptinyos/lib/MicaLeds.xml
/home/travis/build/icyphy/ptII/ptolemy/vergil/basic/export/test/ptolemy/domains/ptinyos/lib/MicaLeds.xml (No such file or directory)
 in file:/home/travis/build/icyphy/ptII/ptolemy/actor/ptalon/demo/ptinyos/SenseToLeds/MicaBoard.xml at line 134 and column 63
	at ptolemy.moml.SimpleErrorHandler.handleError(SimpleErrorHandler.java:75)
	at ptolemy.moml.MoMLParser.startElement(MoMLParser.java:3805)
	at com.microstar.xml.XmlParser.parseElement(XmlParser.java:921)
	at com.microstar.xml.XmlParser.parseContent(XmlParser.java:1104)
	at com.microstar.xml.XmlParser.parseElement(XmlParser.java:924)
	at com.microstar.xml.XmlParser.parseDocument(XmlParser.java:481)
	at com.microstar.xml.XmlParser.doParse(XmlParser.java:159)
	at com.microstar.xml.XmlParser.parse(XmlParser.java:132)
	at ptolemy.moml.MoMLParser.parse(MoMLParser.java:1676)
	at ptolemy.moml.MoMLParser.parse(MoMLParser.java:1595)
	at ptolemy.moml.MoMLParser.parse(MoMLParser.java:1537)
	at ptolemy.moml.MoMLParser._findOrParse(MoMLParser.java:5286)
	at ptolemy.moml.MoMLParser._attemptToFindMoMLClass(MoMLParser.java:4075)
	at ptolemy.moml.MoMLParser._createEntity(MoMLParser.java:4323)
	... 65 more
Caused by: ptolemy.kernel.util.IllegalActionException: Cannot find class: ptolemy.domains.ptinyos.lib.MicaLeds. In Ptolemy, classes are typically Java .class files. Entities like actors may instead be defined within a .xml file.  In any case, the class was not found. If the class uses a third party package, then the class would be present only if the third party package was found at compile time.  It may be necessary to upgrade Java or install the third party package, reconfigure and recompile.
Because:
-- /home/travis/build/icyphy/ptII/ptolemy/actor/ptalon/demo/ptinyos/SenseToLeds/ptolemy/domains/ptinyos/lib/MicaLeds.xml (No such file or directory)
-- XML file not found relative to classpath.
-- /home/travis/build/icyphy/ptII/ptolemy/vergil/basic/export/test/ptolemy/domains/ptinyos/lib/MicaLeds.xml
/home/travis/build/icyphy/ptII/ptolemy/vergil/basic/export/test/ptolemy/domains/ptinyos/lib/MicaLeds.xml (No such file or directory)
 in file:/home/travis/build/icyphy/ptII/ptolemy/actor/ptalon/demo/ptinyos/SenseToLeds/MicaBoard.xml at line 134 and column 63
	at ptolemy.moml.MoMLParser._createEntity(MoMLParser.java:4330)
	at ptolemy.moml.MoMLParser.startElement(MoMLParser.java:2864)
	... 77 more
Caused by: com.microstar.xml.XmlException: -- /home/travis/build/icyphy/ptII/ptolemy/actor/ptalon/demo/ptinyos/SenseToLeds/ptolemy/domains/ptinyos/lib/MicaLeds.xml (No such file or directory)
-- XML file not found relative to classpath.
-- /home/travis/build/icyphy/ptII/ptolemy/vergil/basic/export/test/ptolemy/domains/ptinyos/lib/MicaLeds.xml
/home/travis/build/icyphy/ptII/ptolemy/vergil/basic/export/test/ptolemy/domains/ptinyos/lib/MicaLeds.xml (No such file or directory)
 in file:/home/travis/build/icyphy/ptII/ptolemy/actor/ptalon/demo/ptinyos/SenseToLeds/MicaBoard.xml at line 134 and column 63
	at ptolemy.moml.MoMLParser.fileNameToURL(MoMLParser.java:1414)
	at ptolemy.moml.MoMLParser._findOrParse(MoMLParser.java:5283)
	at ptolemy.moml.MoMLParser._attemptToFindMoMLClass(MoMLParser.java:4075)
	at ptolemy.moml.MoMLParser._createEntity(MoMLParser.java:4323)
	... 78 more
Caused by: ptolemy.actor.ptalon.PtalonRuntimeException: Unable to add actor null
	at ptolemy.actor.ptalon.PtalonEvaluator.addActor(PtalonEvaluator.java:300)
	at ptolemy.actor.ptalon.PtalonPopulator.actor_declaration(PtalonPopulator.java:1574)
	at ptolemy.actor.ptalon.PtalonPopulator.atomic_statement(PtalonPopulator.java:1638)
	at ptolemy.actor.ptalon.PtalonPopulator.iterative_statement_evaluator(PtalonPopulator.java:2484)
	at ptolemy.actor.ptalon.AbstractPtalonEvaluator$IfTree.evaluateForScope(AbstractPtalonEvaluator.java:1307)
	at ptolemy.actor.ptalon.AbstractPtalonEvaluator.evaluateForScope(AbstractPtalonEvaluator.java:744)
	at ptolemy.actor.ptalon.PtalonPopulator.iterative_statement(PtalonPopulator.java:2363)
	at ptolemy.actor.ptalon.PtalonPopulator.actor_definition(PtalonPopulator.java:2809)
	at ptolemy.actor.ptalon.PtalonActor.attributeChanged(PtalonActor.java:206)
	at ptolemy.actor.ptalon.PtalonMLHandler.startElement(PtalonMLHandler.java:134)
	at com.microstar.xml.XmlParser.parseElement(XmlParser.java:921)
	at com.microstar.xml.XmlParser.parseContent(XmlParser.java:1104)
	at com.microstar.xml.XmlParser.parseElement(XmlParser.java:924)
	at com.microstar.xml.XmlParser.parseDocument(XmlParser.java:481)
	at com.microstar.xml.XmlParser.doParse(XmlParser.java:159)
	at com.microstar.xml.XmlParser.parse(XmlParser.java:132)
	at ptolemy.actor.ptalon.PtalonActor.configure(PtalonActor.java:240)
	at ptolemy.moml.MoMLParser.endElement(MoMLParser.java:996)
	at com.microstar.xml.XmlParser.parseETag(XmlParser.java:1026)
	at com.microstar.xml.XmlParser.parseContent(XmlParser.java:1098)
	at com.microstar.xml.XmlParser.parseElement(XmlParser.java:924)
	at com.microstar.xml.XmlParser.parseContent(XmlParser.java:1104)
	at com.microstar.xml.XmlParser.parseElement(XmlParser.java:924)
	at com.microstar.xml.XmlParser.parseContent(XmlParser.java:1104)
	at com.microstar.xml.XmlParser.parseElement(XmlParser.java:924)
	at com.microstar.xml.XmlParser.parseDocument(XmlParser.java:481)
	at com.microstar.xml.XmlParser.doParse(XmlParser.java:159)
	at com.microstar.xml.XmlParser.parse(XmlParser.java:132)
	at ptolemy.moml.MoMLParser.parse(MoMLParser.java:1676)
	at ptolemy.moml.MoMLParser.parse(MoMLParser.java:1595)
	at ptolemy.moml.MoMLParser.parse(MoMLParser.java:1537)
	at ptolemy.actor.gui.PtolemyEffigy$Factory.createEffigy(PtolemyEffigy.java:424)
	at ptolemy.actor.gui.EffigyFactory.createEffigy(EffigyFactory.java:234)
	at ptolemy.actor.gui.Configuration.openModel(Configuration.java:1125)
	at ptolemy.actor.gui.Configuration.openModel(Configuration.java:1051)
	at ptolemy.actor.gui.ConfigurationApplication._openModel(ConfigurationApplication.java:1252)
	at ptolemy.actor.gui.ConfigurationApplication._parseArg(ConfigurationApplication.java:1399)
	at ptolemy.actor.gui.ConfigurationApplication._parseArgs(ConfigurationApplication.java:1478)
	at ptolemy.actor.gui.ConfigurationApplication.<init>(ConfigurationApplication.java:277)
	at ptolemy.actor.gui.ConfigurationApplication.<init>(ConfigurationApplication.java:214)
	at ptolemy.actor.gui.ConfigurationApplication.<init>(ConfigurationApplication.java:201)
	at ptolemy.actor.gui.ConfigurationApplication.openModelOrEntity(ConfigurationApplication.java:680)
	at ptolemy.vergil.basic.export.ExportModel$1.run(ExportModel.java:220)
	at java.awt.event.InvocationEvent.dispatch(InvocationEvent.java:301)
	at java.awt.EventQueue.dispatchEventImpl(EventQueue.java:756)
	at java.awt.EventQueue.access$500(EventQueue.java:97)
	at java.awt.EventQueue$3.run(EventQueue.java:709)
	at java.awt.EventQueue$3.run(EventQueue.java:703)
	at java.security.AccessController.doPrivileged(Native Method)
	at java.security.ProtectionDomain$JavaSecurityAccessImpl.doIntersectionPrivilege(ProtectionDomain.java:80)
	at java.awt.EventQueue.dispatchEvent(EventQueue.java:726)
	at java.awt.EventDispatchThread.pumpOneEventForFilters(EventDispatchThread.java:201)
	at java.awt.EventDispatchThread.pumpEventsForFilter(EventDispatchThread.java:116)
	at java.awt.EventDispatchThread.pumpEventsForHierarchy(EventDispatchThread.java:105)
	at java.awt.EventDispatchThread.pumpEvents(EventDispatchThread.java:101)
	at java.awt.EventDispatchThread.pumpEvents(EventDispatchThread.java:93)
	at java.awt.EventDispatchThread.run(EventDispatchThread.java:82)
Caused by: ptolemy.kernel.util.InternalErrorException: Element <entity name="node1" class="ptolemy.actor.ptalon.demo.ptinyos.SenseToLeds.MicaBoard"> caused an exception to be thrown.
  in .SenseToLeds.SenseToLeds
Because:
Cannot find class: ptolemy.actor.ptalon.demo.ptinyos.SenseToLeds.MicaBoard. In Ptolemy, classes are typically Java .class files. Entities like actors may instead be defined within a .xml file.  In any case, the class was not found. If the class uses a third party package, then the class would be present only if the third party package was found at compile time.  It may be necessary to upgrade Java or install the third party package, reconfigure and recompile.
Because:
Element <entity name="MicaLeds" class="ptolemy.domains.ptinyos.lib.MicaLeds"> caused an exception to be thrown.
  in .MicaBoard
Because:
Cannot find class: ptolemy.domains.ptinyos.lib.MicaLeds. In Ptolemy, classes are typically Java .class files. Entities like actors may instead be defined within a .xml file.  In any case, the class was not found. If the class uses a third party package, then the class would be present only if the third party package was found at compile time.  It may be necessary to upgrade Java or install the third party package, reconfigure and recompile.
Because:
-- /home/travis/build/icyphy/ptII/ptolemy/actor/ptalon/demo/ptinyos/SenseToLeds/ptolemy/domains/ptinyos/lib/MicaLeds.xml (No such file or directory)
-- XML file not found relative to classpath.
-- /home/travis/build/icyphy/ptII/ptolemy/vergil/basic/export/test/ptolemy/domains/ptinyos/lib/MicaLeds.xml
/home/travis/build/icyphy/ptII/ptolemy/vergil/basic/export/test/ptolemy/domains/ptinyos/lib/MicaLeds.xml (No such file or directory)
 in file:/home/travis/build/icyphy/ptII/ptolemy/actor/ptalon/demo/ptinyos/SenseToLeds/MicaBoard.xml at line 134 and column 63
	at ptolemy.moml.SimpleErrorHandler.handleError(SimpleErrorHandler.java:75)
	at ptolemy.moml.MoMLParser.startElement(MoMLParser.java:3805)
	at com.microstar.xml.XmlParser.parseElement(XmlParser.java:931)
	at com.microstar.xml.XmlParser.parseDocument(XmlParser.java:481)
	at com.microstar.xml.XmlParser.doParse(XmlParser.java:159)
	at com.microstar.xml.XmlParser.parse(XmlParser.java:132)
	at ptolemy.moml.MoMLParser.parse(MoMLParser.java:1660)
	at ptolemy.moml.MoMLParser.parse(MoMLParser.java:1617)
	at ptolemy.moml.MoMLParser.parse(MoMLParser.java:1792)
	at ptolemy.actor.ptalon.PtalonEvaluator.addActor(PtalonEvaluator.java:241)
	... 56 more
Caused by: ptolemy.kernel.util.IllegalActionException: Cannot find class: ptolemy.actor.ptalon.demo.ptinyos.SenseToLeds.MicaBoard. In Ptolemy, classes are typically Java .class files. Entities like actors may instead be defined within a .xml file.  In any case, the class was not found. If the class uses a third party package, then the class would be present only if the third party package was found at compile time.  It may be necessary to upgrade Java or install the third party package, reconfigure and recompile.
Because:
Element <entity name="MicaLeds" class="ptolemy.domains.ptinyos.lib.MicaLeds"> caused an exception to be thrown.
  in .MicaBoard
Because:
Cannot find class: ptolemy.domains.ptinyos.lib.MicaLeds. In Ptolemy, classes are typically Java .class files. Entities like actors may instead be defined within a .xml file.  In any case, the class was not found. If the class uses a third party package, then the class would be present only if the third party package was found at compile time.  It may be necessary to upgrade Java or install the third party package, reconfigure and recompile.
Because:
-- /home/travis/build/icyphy/ptII/ptolemy/actor/ptalon/demo/ptinyos/SenseToLeds/ptolemy/domains/ptinyos/lib/MicaLeds.xml (No such file or directory)
-- XML file not found relative to classpath.
-- /home/travis/build/icyphy/ptII/ptolemy/vergil/basic/export/test/ptolemy/domains/ptinyos/lib/MicaLeds.xml
/home/travis/build/icyphy/ptII/ptolemy/vergil/basic/export/test/ptolemy/domains/ptinyos/lib/MicaLeds.xml (No such file or directory)
 in file:/home/travis/build/icyphy/ptII/ptolemy/actor/ptalon/demo/ptinyos/SenseToLeds/MicaBoard.xml at line 134 and column 63
	at ptolemy.moml.MoMLParser._createEntity(MoMLParser.java:4330)
	at ptolemy.moml.MoMLParser.startElement(MoMLParser.java:2864)
	... 64 more
Caused by: ptolemy.kernel.util.InternalErrorException: Element <entity name="MicaLeds" class="ptolemy.domains.ptinyos.lib.MicaLeds"> caused an exception to be thrown.
  in .MicaBoard
Because:
Cannot find class: ptolemy.domains.ptinyos.lib.MicaLeds. In Ptolemy, classes are typically Java .class files. Entities like actors may instead be defined within a .xml file.  In any case, the class was not found. If the class uses a third party package, then the class would be present only if the third party package was found at compile time.  It may be necessary to upgrade Java or install the third party package, reconfigure and recompile.
Because:
-- /home/travis/build/icyphy/ptII/ptolemy/actor/ptalon/demo/ptinyos/SenseToLeds/ptolemy/domains/ptinyos/lib/MicaLeds.xml (No such file or directory)
-- XML file not found relative to classpath.
-- /home/travis/build/icyphy/ptII/ptolemy/vergil/basic/export/test/ptolemy/domains/ptinyos/lib/MicaLeds.xml
/home/travis/build/icyphy/ptII/ptolemy/vergil/basic/export/test/ptolemy/domains/ptinyos/lib/MicaLeds.xml (No such file or directory)
 in file:/home/travis/build/icyphy/ptII/ptolemy/actor/ptalon/demo/ptinyos/SenseToLeds/MicaBoard.xml at line 134 and column 63
	at ptolemy.moml.SimpleErrorHandler.handleError(SimpleErrorHandler.java:75)
	at ptolemy.moml.MoMLParser.startElement(MoMLParser.java:3805)
	at com.microstar.xml.XmlParser.parseElement(XmlParser.java:921)
	at com.microstar.xml.XmlParser.parseContent(XmlParser.java:1104)
	at com.microstar.xml.XmlParser.parseElement(XmlParser.java:924)
	at com.microstar.xml.XmlParser.parseDocument(XmlParser.java:481)
	at com.microstar.xml.XmlParser.doParse(XmlParser.java:159)
	at com.microstar.xml.XmlParser.parse(XmlParser.java:132)
	at ptolemy.moml.MoMLParser.parse(MoMLParser.java:1676)
	at ptolemy.moml.MoMLParser.parse(MoMLParser.java:1595)
	at ptolemy.moml.MoMLParser.parse(MoMLParser.java:1537)
	at ptolemy.moml.MoMLParser._findOrParse(MoMLParser.java:5286)
	at ptolemy.moml.MoMLParser._attemptToFindMoMLClass(MoMLParser.java:4075)
	at ptolemy.moml.MoMLParser._createEntity(MoMLParser.java:4323)
	... 65 more
Caused by: ptolemy.kernel.util.IllegalActionException: Cannot find class: ptolemy.domains.ptinyos.lib.MicaLeds. In Ptolemy, classes are typically Java .class files. Entities like actors may instead be defined within a .xml file.  In any case, the class was not found. If the class uses a third party package, then the class would be present only if the third party package was found at compile time.  It may be necessary to upgrade Java or install the third party package, reconfigure and recompile.
Because:
-- /home/travis/build/icyphy/ptII/ptolemy/actor/ptalon/demo/ptinyos/SenseToLeds/ptolemy/domains/ptinyos/lib/MicaLeds.xml (No such file or directory)
-- XML file not found relative to classpath.
-- /home/travis/build/icyphy/ptII/ptolemy/vergil/basic/export/test/ptolemy/domains/ptinyos/lib/MicaLeds.xml
/home/travis/build/icyphy/ptII/ptolemy/vergil/basic/export/test/ptolemy/domains/ptinyos/lib/MicaLeds.xml (No such file or directory)
 in file:/home/travis/build/icyphy/ptII/ptolemy/actor/ptalon/demo/ptinyos/SenseToLeds/MicaBoard.xml at line 134 and column 63
	at ptolemy.moml.MoMLParser._createEntity(MoMLParser.java:4330)
	at ptolemy.moml.MoMLParser.startElement(MoMLParser.java:2864)
	... 77 more
Caused by: com.microstar.xml.XmlException: -- /home/travis/build/icyphy/ptII/ptolemy/actor/ptalon/demo/ptinyos/SenseToLeds/ptolemy/domains/ptinyos/lib/MicaLeds.xml (No such file or directory)
-- XML file not found relative to classpath.
-- /home/travis/build/icyphy/ptII/ptolemy/vergil/basic/export/test/ptolemy/domains/ptinyos/lib/MicaLeds.xml
/home/travis/build/icyphy/ptII/ptolemy/vergil/basic/export/test/ptolemy/domains/ptinyos/lib/MicaLeds.xml (No such file or directory)
 in file:/home/travis/build/icyphy/ptII/ptolemy/actor/ptalon/demo/ptinyos/SenseToLeds/MicaBoard.xml at line 134 and column 63
	at ptolemy.moml.MoMLParser.fileNameToURL(MoMLParser.java:1414)
	at ptolemy.moml.MoMLParser._findOrParse(MoMLParser.java:5283)
	at ptolemy.moml.MoMLParser._attemptToFindMoMLClass(MoMLParser.java:4075)
	at ptolemy.moml.MoMLParser._createEntity(MoMLParser.java:4323)
	... 78 more
ptolemy.kernel.util.IllegalActionException: Failed to process attribute change to PtalonParameter, whose value is "ptolemy.actor.ptalon.PtalonExpressionParameter {.SenseToLeds.SenseToLeds.n} 2".
  in .SenseToLeds.SenseToLeds
Because:
Unable to add actor null
	at ptolemy.actor.ptalon.PtalonActor.attributeChanged(PtalonActor.java:211)
	at ptolemy.actor.ptalon.PtalonMLHandler.startElement(PtalonMLHandler.java:134)
	at com.microstar.xml.XmlParser.parseElement(XmlParser.java:921)
	at com.microstar.xml.XmlParser.parseContent(XmlParser.java:1104)
	at com.microstar.xml.XmlParser.parseElement(XmlParser.java:924)
	at com.microstar.xml.XmlParser.parseDocument(XmlParser.java:481)
	at com.microstar.xml.XmlParser.doParse(XmlParser.java:159)
	at com.microstar.xml.XmlParser.parse(XmlParser.java:132)
	at ptolemy.actor.ptalon.PtalonActor.configure(PtalonActor.java:240)
	at ptolemy.moml.MoMLParser.endElement(MoMLParser.java:996)
	at com.microstar.xml.XmlParser.parseETag(XmlParser.java:1026)
	at com.microstar.xml.XmlParser.parseContent(XmlParser.java:1098)
	at com.microstar.xml.XmlParser.parseElement(XmlParser.java:924)
	at com.microstar.xml.XmlParser.parseContent(XmlParser.java:1104)
	at com.microstar.xml.XmlParser.parseElement(XmlParser.java:924)
	at com.microstar.xml.XmlParser.parseContent(XmlParser.java:1104)
	at com.microstar.xml.XmlParser.parseElement(XmlParser.java:924)
	at com.microstar.xml.XmlParser.parseDocument(XmlParser.java:481)
	at com.microstar.xml.XmlParser.doParse(XmlParser.java:159)
	at com.microstar.xml.XmlParser.parse(XmlParser.java:132)
	at ptolemy.moml.MoMLParser.parse(MoMLParser.java:1676)
	at ptolemy.moml.MoMLParser.parse(MoMLParser.java:1595)
	at ptolemy.moml.MoMLParser.parse(MoMLParser.java:1537)
	at ptolemy.actor.gui.PtolemyEffigy$Factory.createEffigy(PtolemyEffigy.java:424)
	at ptolemy.actor.gui.EffigyFactory.createEffigy(EffigyFactory.java:234)
	at ptolemy.actor.gui.Configuration.openModel(Configuration.java:1125)
	at ptolemy.actor.gui.Configuration.openModel(Configuration.java:1051)
	at ptolemy.actor.gui.ConfigurationApplication._openModel(ConfigurationApplication.java:1252)
	at ptolemy.actor.gui.ConfigurationApplication._parseArg(ConfigurationApplication.java:1399)
	at ptolemy.actor.gui.ConfigurationApplication._parseArgs(ConfigurationApplication.java:1478)
	at ptolemy.actor.gui.ConfigurationApplication.<init>(ConfigurationApplication.java:277)
	at ptolemy.actor.gui.ConfigurationApplication.<init>(ConfigurationApplication.java:214)
	at ptolemy.actor.gui.ConfigurationApplication.<init>(ConfigurationApplication.java:201)
	at ptolemy.actor.gui.ConfigurationApplication.openModelOrEntity(ConfigurationApplication.java:680)
	at ptolemy.vergil.basic.export.ExportModel$1.run(ExportModel.java:220)
	at java.awt.event.InvocationEvent.dispatch(InvocationEvent.java:301)
	at java.awt.EventQueue.dispatchEventImpl(EventQueue.java:756)
	at java.awt.EventQueue.access$500(EventQueue.java:97)
	at java.awt.EventQueue$3.run(EventQueue.java:709)
	at java.awt.EventQueue$3.run(EventQueue.java:703)
	at java.security.AccessController.doPrivileged(Native Method)
	at java.security.ProtectionDomain$JavaSecurityAccessImpl.doIntersectionPrivilege(ProtectionDomain.java:80)
	at java.awt.EventQueue.dispatchEvent(EventQueue.java:726)
	at java.awt.EventDispatchThread.pumpOneEventForFilters(EventDispatchThread.java:201)
	at java.awt.EventDispatchThread.pumpEventsForFilter(EventDispatchThread.java:116)
	at java.awt.EventDispatchThread.pumpEventsForHierarchy(EventDispatchThread.java:105)
	at java.awt.EventDispatchThread.pumpEvents(EventDispatchThread.java:101)
	at java.awt.EventDispatchThread.pumpEvents(EventDispatchThread.java:93)
	at java.awt.EventDispatchThread.run(EventDispatchThread.java:82)
Caused by: ptolemy.actor.ptalon.PtalonRuntimeException: Unable to add actor null
	at ptolemy.actor.ptalon.PtalonEvaluator.addActor(PtalonEvaluator.java:300)
	at ptolemy.actor.ptalon.PtalonPopulator.actor_declaration(PtalonPopulator.java:1574)
	at ptolemy.actor.ptalon.PtalonPopulator.atomic_statement(PtalonPopulator.java:1638)
	at ptolemy.actor.ptalon.PtalonPopulator.iterative_statement_evaluator(PtalonPopulator.java:2484)
	at ptolemy.actor.ptalon.AbstractPtalonEvaluator$IfTree.evaluateForScope(AbstractPtalonEvaluator.java:1307)
	at ptolemy.actor.ptalon.AbstractPtalonEvaluator.evaluateForScope(AbstractPtalonEvaluator.java:744)
	at ptolemy.actor.ptalon.PtalonPopulator.iterative_statement(PtalonPopulator.java:2363)
	at ptolemy.actor.ptalon.PtalonPopulator.actor_definition(PtalonPopulator.java:2809)
	at ptolemy.actor.ptalon.PtalonActor.attributeChanged(PtalonActor.java:206)
	... 48 more
Caused by: ptolemy.kernel.util.InternalErrorException: Element <entity name="node1" class="ptolemy.actor.ptalon.demo.ptinyos.SenseToLeds.MicaBoard"> caused an exception to be thrown.
  in .SenseToLeds.SenseToLeds
Because:
Cannot find class: ptolemy.actor.ptalon.demo.ptinyos.SenseToLeds.MicaBoard. In Ptolemy, classes are typically Java .class files. Entities like actors may instead be defined within a .xml file.  In any case, the class was not found. If the class uses a third party package, then the class would be present only if the third party package was found at compile time.  It may be necessary to upgrade Java or install the third party package, reconfigure and recompile.
Because:
Element <entity name="MicaLeds" class="ptolemy.domains.ptinyos.lib.MicaLeds"> caused an exception to be thrown.
  in .MicaBoard
Because:
Cannot find class: ptolemy.domains.ptinyos.lib.MicaLeds. In Ptolemy, classes are typically Java .class files. Entities like actors may instead be defined within a .xml file.  In any case, the class was not found. If the class uses a third party package, then the class would be present only if the third party package was found at compile time.  It may be necessary to upgrade Java or install the third party package, reconfigure and recompile.
Because:
-- /home/travis/build/icyphy/ptII/ptolemy/actor/ptalon/demo/ptinyos/SenseToLeds/ptolemy/domains/ptinyos/lib/MicaLeds.xml (No such file or directory)
-- XML file not found relative to classpath.
-- /home/travis/build/icyphy/ptII/ptolemy/vergil/basic/export/test/ptolemy/domains/ptinyos/lib/MicaLeds.xml
/home/travis/build/icyphy/ptII/ptolemy/vergil/basic/export/test/ptolemy/domains/ptinyos/lib/MicaLeds.xml (No such file or directory)
 in file:/home/travis/build/icyphy/ptII/ptolemy/actor/ptalon/demo/ptinyos/SenseToLeds/MicaBoard.xml at line 134 and column 63
	at ptolemy.moml.SimpleErrorHandler.handleError(SimpleErrorHandler.java:75)
	at ptolemy.moml.MoMLParser.startElement(MoMLParser.java:3805)
	at com.microstar.xml.XmlParser.parseElement(XmlParser.java:931)
	at com.microstar.xml.XmlParser.parseDocument(XmlParser.java:481)
	at com.microstar.xml.XmlParser.doParse(XmlParser.java:159)
	at com.microstar.xml.XmlParser.parse(XmlParser.java:132)
	at ptolemy.moml.MoMLParser.parse(MoMLParser.java:1660)
	at ptolemy.moml.MoMLParser.parse(MoMLParser.java:1617)
	at ptolemy.moml.MoMLParser.parse(MoMLParser.java:1792)
	at ptolemy.actor.ptalon.PtalonEvaluator.addActor(PtalonEvaluator.java:241)
	... 56 more
Caused by: ptolemy.kernel.util.IllegalActionException: Cannot find class: ptolemy.actor.ptalon.demo.ptinyos.SenseToLeds.MicaBoard. In Ptolemy, classes are typically Java .class files. Entities like actors may instead be defined within a .xml file.  In any case, the class was not found. If the class uses a third party package, then the class would be present only if the third party package was found at compile time.  It may be necessary to upgrade Java or install the third party package, reconfigure and recompile.
Because:
Element <entity name="MicaLeds" class="ptolemy.domains.ptinyos.lib.MicaLeds"> caused an exception to be thrown.
  in .MicaBoard
Because:
Cannot find class: ptolemy.domains.ptinyos.lib.MicaLeds. In Ptolemy, classes are typically Java .class files. Entities like actors may instead be defined within a .xml file.  In any case, the class was not found. If the class uses a third party package, then the class would be present only if the third party package was found at compile time.  It may be necessary to upgrade Java or install the third party package, reconfigure and recompile.
Because:
-- /home/travis/build/icyphy/ptII/ptolemy/actor/ptalon/demo/ptinyos/SenseToLeds/ptolemy/domains/ptinyos/lib/MicaLeds.xml (No such file or directory)
-- XML file not found relative to classpath.
-- /home/travis/build/icyphy/ptII/ptolemy/vergil/basic/export/test/ptolemy/domains/ptinyos/lib/MicaLeds.xml
/home/travis/build/icyphy/ptII/ptolemy/vergil/basic/export/test/ptolemy/domains/ptinyos/lib/MicaLeds.xml (No such file or directory)
 in file:/home/travis/build/icyphy/ptII/ptolemy/actor/ptalon/demo/ptinyos/SenseToLeds/MicaBoard.xml at line 134 and column 63
	at ptolemy.moml.MoMLParser._createEntity(MoMLParser.java:4330)
	at ptolemy.moml.MoMLParser.startElement(MoMLParser.java:2864)
	... 64 more
Caused by: ptolemy.kernel.util.InternalErrorException: Element <entity name="MicaLeds" class="ptolemy.domains.ptinyos.lib.MicaLeds"> caused an exception to be thrown.
  in .MicaBoard
Because:
Cannot find class: ptolemy.domains.ptinyos.lib.MicaLeds. In Ptolemy, classes are typically Java .class files. Entities like actors may instead be defined within a .xml file.  In any case, the class was not found. If the class uses a third party package, then the class would be present only if the third party package was found at compile time.  It may be necessary to upgrade Java or install the third party package, reconfigure and recompile.
Because:
-- /home/travis/build/icyphy/ptII/ptolemy/actor/ptalon/demo/ptinyos/SenseToLeds/ptolemy/domains/ptinyos/lib/MicaLeds.xml (No such file or directory)
-- XML file not found relative to classpath.
-- /home/travis/build/icyphy/ptII/ptolemy/vergil/basic/export/test/ptolemy/domains/ptinyos/lib/MicaLeds.xml
/home/travis/build/icyphy/ptII/ptolemy/vergil/basic/export/test/ptolemy/domains/ptinyos/lib/MicaLeds.xml (No such file or directory)
 in file:/home/travis/build/icyphy/ptII/ptolemy/actor/ptalon/demo/ptinyos/SenseToLeds/MicaBoard.xml at line 134 and column 63
	at ptolemy.moml.SimpleErrorHandler.handleError(SimpleErrorHandler.java:75)
	at ptolemy.moml.MoMLParser.startElement(MoMLParser.java:3805)
	at com.microstar.xml.XmlParser.parseElement(XmlParser.java:921)
	at com.microstar.xml.XmlParser.parseContent(XmlParser.java:1104)
	at com.microstar.xml.XmlParser.parseElement(XmlParser.java:924)
	at com.microstar.xml.XmlParser.parseDocument(XmlParser.java:481)
	at com.microstar.xml.XmlParser.doParse(XmlParser.java:159)
	at com.microstar.xml.XmlParser.parse(XmlParser.java:132)
	at ptolemy.moml.MoMLParser.parse(MoMLParser.java:1676)
	at ptolemy.moml.MoMLParser.parse(MoMLParser.java:1595)
	at ptolemy.moml.MoMLParser.parse(MoMLParser.java:1537)
	at ptolemy.moml.MoMLParser._findOrParse(MoMLParser.java:5286)
	at ptolemy.moml.MoMLParser._attemptToFindMoMLClass(MoMLParser.java:4075)
	at ptolemy.moml.MoMLParser._createEntity(MoMLParser.java:4323)
	... 65 more
Caused by: ptolemy.kernel.util.IllegalActionException: Cannot find class: ptolemy.domains.ptinyos.lib.MicaLeds. In Ptolemy, classes are typically Java .class files. Entities like actors may instead be defined within a .xml file.  In any case, the class was not found. If the class uses a third party package, then the class would be present only if the third party package was found at compile time.  It may be necessary to upgrade Java or install the third party package, reconfigure and recompile.
Because:
-- /home/travis/build/icyphy/ptII/ptolemy/actor/ptalon/demo/ptinyos/SenseToLeds/ptolemy/domains/ptinyos/lib/MicaLeds.xml (No such file or directory)
-- XML file not found relative to classpath.
-- /home/travis/build/icyphy/ptII/ptolemy/vergil/basic/export/test/ptolemy/domains/ptinyos/lib/MicaLeds.xml
/home/travis/build/icyphy/ptII/ptolemy/vergil/basic/export/test/ptolemy/domains/ptinyos/lib/MicaLeds.xml (No such file or directory)
 in file:/home/travis/build/icyphy/ptII/ptolemy/actor/ptalon/demo/ptinyos/SenseToLeds/MicaBoard.xml at line 134 and column 63
	at ptolemy.moml.MoMLParser._createEntity(MoMLParser.java:4330)
	at ptolemy.moml.MoMLParser.startElement(MoMLParser.java:2864)
	... 77 more
Caused by: com.microstar.xml.XmlException: -- /home/travis/build/icyphy/ptII/ptolemy/actor/ptalon/demo/ptinyos/SenseToLeds/ptolemy/domains/ptinyos/lib/MicaLeds.xml (No such file or directory)
-- XML file not found relative to classpath.
-- /home/travis/build/icyphy/ptII/ptolemy/vergil/basic/export/test/ptolemy/domains/ptinyos/lib/MicaLeds.xml
/home/travis/build/icyphy/ptII/ptolemy/vergil/basic/export/test/ptolemy/domains/ptinyos/lib/MicaLeds.xml (No such file or directory)
 in file:/home/travis/build/icyphy/ptII/ptolemy/actor/ptalon/demo/ptinyos/SenseToLeds/MicaBoard.xml at line 134 and column 63
	at ptolemy.moml.MoMLParser.fileNameToURL(MoMLParser.java:1414)
	at ptolemy.moml.MoMLParser._findOrParse(MoMLParser.java:5283)
	at ptolemy.moml.MoMLParser._attemptToFindMoMLClass(MoMLParser.java:4075)
	at ptolemy.moml.MoMLParser._createEntity(MoMLParser.java:4323)
	... 78 more
Caused by: ptolemy.actor.ptalon.PtalonRuntimeException: Unable to add actor null
	at ptolemy.actor.ptalon.PtalonEvaluator.addActor(PtalonEvaluator.java:300)
	at ptolemy.actor.ptalon.PtalonPopulator.actor_declaration(PtalonPopulator.java:1574)
	at ptolemy.actor.ptalon.PtalonPopulator.atomic_statement(PtalonPopulator.java:1638)
	at ptolemy.actor.ptalon.PtalonPopulator.iterative_statement_evaluator(PtalonPopulator.java:2484)
	at ptolemy.actor.ptalon.AbstractPtalonEvaluator$IfTree.evaluateForScope(AbstractPtalonEvaluator.java:1307)
	at ptolemy.actor.ptalon.AbstractPtalonEvaluator.evaluateForScope(AbstractPtalonEvaluator.java:744)
	at ptolemy.actor.ptalon.PtalonPopulator.iterative_statement(PtalonPopulator.java:2363)
	at ptolemy.actor.ptalon.PtalonPopulator.actor_definition(PtalonPopulator.java:2809)
	at ptolemy.actor.ptalon.PtalonActor.attributeChanged(PtalonActor.java:206)
	at ptolemy.actor.ptalon.PtalonMLHandler.startElement(PtalonMLHandler.java:134)
	at com.microstar.xml.XmlParser.parseElement(XmlParser.java:921)
	at com.microstar.xml.XmlParser.parseContent(XmlParser.java:1104)
	at com.microstar.xml.XmlParser.parseElement(XmlParser.java:924)
	at com.microstar.xml.XmlParser.parseDocument(XmlParser.java:481)
	at com.microstar.xml.XmlParser.doParse(XmlParser.java:159)
	at com.microstar.xml.XmlParser.parse(XmlParser.java:132)
	at ptolemy.actor.ptalon.PtalonActor.configure(PtalonActor.java:240)
	at ptolemy.moml.MoMLParser.endElement(MoMLParser.java:996)
	at com.microstar.xml.XmlParser.parseETag(XmlParser.java:1026)
	at com.microstar.xml.XmlParser.parseContent(XmlParser.java:1098)
	at com.microstar.xml.XmlParser.parseElement(XmlParser.java:924)
	at com.microstar.xml.XmlParser.parseContent(XmlParser.java:1104)
	at com.microstar.xml.XmlParser.parseElement(XmlParser.java:924)
	at com.microstar.xml.XmlParser.parseContent(XmlParser.java:1104)
	at com.microstar.xml.XmlParser.parseElement(XmlParser.java:924)
	at com.microstar.xml.XmlParser.parseDocument(XmlParser.java:481)
	at com.microstar.xml.XmlParser.doParse(XmlParser.java:159)
	at com.microstar.xml.XmlParser.parse(XmlParser.java:132)
	at ptolemy.moml.MoMLParser.parse(MoMLParser.java:1676)
	at ptolemy.moml.MoMLParser.parse(MoMLParser.java:1595)
	at ptolemy.moml.MoMLParser.parse(MoMLParser.java:1537)
	at ptolemy.actor.gui.PtolemyEffigy$Factory.createEffigy(PtolemyEffigy.java:424)
	at ptolemy.actor.gui.EffigyFactory.createEffigy(EffigyFactory.java:234)
	at ptolemy.actor.gui.Configuration.openModel(Configuration.java:1125)
	at ptolemy.actor.gui.Configuration.openModel(Configuration.java:1051)
	at ptolemy.actor.gui.ConfigurationApplication._openModel(ConfigurationApplication.java:1252)
	at ptolemy.actor.gui.ConfigurationApplication._parseArg(ConfigurationApplication.java:1399)
	at ptolemy.actor.gui.ConfigurationApplication._parseArgs(ConfigurationApplication.java:1478)
	at ptolemy.actor.gui.ConfigurationApplication.<init>(ConfigurationApplication.java:277)
	at ptolemy.actor.gui.ConfigurationApplication.<init>(ConfigurationApplication.java:214)
	at ptolemy.actor.gui.ConfigurationApplication.<init>(ConfigurationApplication.java:201)
	at ptolemy.actor.gui.ConfigurationApplication.openModelOrEntity(ConfigurationApplication.java:680)
	at ptolemy.vergil.basic.export.ExportModel$1.run(ExportModel.java:220)
	at java.awt.event.InvocationEvent.dispatch(InvocationEvent.java:301)
	at java.awt.EventQueue.dispatchEventImpl(EventQueue.java:756)
	at java.awt.EventQueue.access$500(EventQueue.java:97)
	at java.awt.EventQueue$3.run(EventQueue.java:709)
	at java.awt.EventQueue$3.run(EventQueue.java:703)
	at java.security.AccessController.doPrivileged(Native Method)
	at java.security.ProtectionDomain$JavaSecurityAccessImpl.doIntersectionPrivilege(ProtectionDomain.java:80)
	at java.awt.EventQueue.dispatchEvent(EventQueue.java:726)
	at java.awt.EventDispatchThread.pumpOneEventForFilters(EventDispatchThread.java:201)
	at java.awt.EventDispatchThread.pumpEventsForFilter(EventDispatchThread.java:116)
	at java.awt.EventDispatchThread.pumpEventsForHierarchy(EventDispatchThread.java:105)
	at java.awt.EventDispatchThread.pumpEvents(EventDispatchThread.java:101)
	at java.awt.EventDispatchThread.pumpEvents(EventDispatchThread.java:93)
	at java.awt.EventDispatchThread.run(EventDispatchThread.java:82)
Caused by: ptolemy.kernel.util.InternalErrorException: Element <entity name="node1" class="ptolemy.actor.ptalon.demo.ptinyos.SenseToLeds.MicaBoard"> caused an exception to be thrown.
  in .SenseToLeds.SenseToLeds
Because:
Cannot find class: ptolemy.actor.ptalon.demo.ptinyos.SenseToLeds.MicaBoard. In Ptolemy, classes are typically Java .class files. Entities like actors may instead be defined within a .xml file.  In any case, the class was not found. If the class uses a third party package, then the class would be present only if the third party package was found at compile time.  It may be necessary to upgrade Java or install the third party package, reconfigure and recompile.
Because:
Element <entity name="MicaLeds" class="ptolemy.domains.ptinyos.lib.MicaLeds"> caused an exception to be thrown.
  in .MicaBoard
Because:
Cannot find class: ptolemy.domains.ptinyos.lib.MicaLeds. In Ptolemy, classes are typically Java .class files. Entities like actors may instead be defined within a .xml file.  In any case, the class was not found. If the class uses a third party package, then the class would be present only if the third party package was found at compile time.  It may be necessary to upgrade Java or install the third party package, reconfigure and recompile.
Because:
-- /home/travis/build/icyphy/ptII/ptolemy/actor/ptalon/demo/ptinyos/SenseToLeds/ptolemy/domains/ptinyos/lib/MicaLeds.xml (No such file or directory)
-- XML file not found relative to classpath.
-- /home/travis/build/icyphy/ptII/ptolemy/vergil/basic/export/test/ptolemy/domains/ptinyos/lib/MicaLeds.xml
/home/travis/build/icyphy/ptII/ptolemy/vergil/basic/export/test/ptolemy/domains/ptinyos/lib/MicaLeds.xml (No such file or directory)
 in file:/home/travis/build/icyphy/ptII/ptolemy/actor/ptalon/demo/ptinyos/SenseToLeds/MicaBoard.xml at line 134 and column 63
	at ptolemy.moml.SimpleErrorHandler.handleError(SimpleErrorHandler.java:75)
	at ptolemy.moml.MoMLParser.startElement(MoMLParser.java:3805)
	at com.microstar.xml.XmlParser.parseElement(XmlParser.java:931)
	at com.microstar.xml.XmlParser.parseDocument(XmlParser.java:481)
	at com.microstar.xml.XmlParser.doParse(XmlParser.java:159)
	at com.microstar.xml.XmlParser.parse(XmlParser.java:132)
	at ptolemy.moml.MoMLParser.parse(MoMLParser.java:1660)
	at ptolemy.moml.MoMLParser.parse(MoMLParser.java:1617)
	at ptolemy.moml.MoMLParser.parse(MoMLParser.java:1792)
	at ptolemy.actor.ptalon.PtalonEvaluator.addActor(PtalonEvaluator.java:241)
	... 56 more
Caused by: ptolemy.kernel.util.IllegalActionException: Cannot find class: ptolemy.actor.ptalon.demo.ptinyos.SenseToLeds.MicaBoard. In Ptolemy, classes are typically Java .class files. Entities like actors may instead be defined within a .xml file.  In any case, the class was not found. If the class uses a third party package, then the class would be present only if the third party package was found at compile time.  It may be necessary to upgrade Java or install the third party package, reconfigure and recompile.
Because:
Element <entity name="MicaLeds" class="ptolemy.domains.ptinyos.lib.MicaLeds"> caused an exception to be thrown.
  in .MicaBoard
Because:
Cannot find class: ptolemy.domains.ptinyos.lib.MicaLeds. In Ptolemy, classes are typically Java .class files. Entities like actors may instead be defined within a .xml file.  In any case, the class was not found. If the class uses a third party package, then the class would be present only if the third party package was found at compile time.  It may be necessary to upgrade Java or install the third party package, reconfigure and recompile.
Because:
-- /home/travis/build/icyphy/ptII/ptolemy/actor/ptalon/demo/ptinyos/SenseToLeds/ptolemy/domains/ptinyos/lib/MicaLeds.xml (No such file or directory)
-- XML file not found relative to classpath.
-- /home/travis/build/icyphy/ptII/ptolemy/vergil/basic/export/test/ptolemy/domains/ptinyos/lib/MicaLeds.xml
/home/travis/build/icyphy/ptII/ptolemy/vergil/basic/export/test/ptolemy/domains/ptinyos/lib/MicaLeds.xml (No such file or directory)
 in file:/home/travis/build/icyphy/ptII/ptolemy/actor/ptalon/demo/ptinyos/SenseToLeds/MicaBoard.xml at line 134 and column 63
	at ptolemy.moml.MoMLParser._createEntity(MoMLParser.java:4330)
	at ptolemy.moml.MoMLParser.startElement(MoMLParser.java:2864)
	... 64 more
Caused by: ptolemy.kernel.util.InternalErrorException: Element <entity name="MicaLeds" class="ptolemy.domains.ptinyos.lib.MicaLeds"> caused an exception to be thrown.
  in .MicaBoard
Because:
Cannot find class: ptolemy.domains.ptinyos.lib.MicaLeds. In Ptolemy, classes are typically Java .class files. Entities like actors may instead be defined within a .xml file.  In any case, the class was not found. If the class uses a third party package, then the class would be present only if the third party package was found at compile time.  It may be necessary to upgrade Java or install the third party package, reconfigure and recompile.
Because:
-- /home/travis/build/icyphy/ptII/ptolemy/actor/ptalon/demo/ptinyos/SenseToLeds/ptolemy/domains/ptinyos/lib/MicaLeds.xml (No such file or directory)
-- XML file not found relative to classpath.
-- /home/travis/build/icyphy/ptII/ptolemy/vergil/basic/export/test/ptolemy/domains/ptinyos/lib/MicaLeds.xml
/home/travis/build/icyphy/ptII/ptolemy/vergil/basic/export/test/ptolemy/domains/ptinyos/lib/MicaLeds.xml (No such file or directory)
 in file:/home/travis/build/icyphy/ptII/ptolemy/actor/ptalon/demo/ptinyos/SenseToLeds/MicaBoard.xml at line 134 and column 63
	at ptolemy.moml.SimpleErrorHandler.handleError(SimpleErrorHandler.java:75)
	at ptolemy.moml.MoMLParser.startElement(MoMLParser.java:3805)
	at com.microstar.xml.XmlParser.parseElement(XmlParser.java:921)
	at com.microstar.xml.XmlParser.parseContent(XmlParser.java:1104)
	at com.microstar.xml.XmlParser.parseElement(XmlParser.java:924)
	at com.microstar.xml.XmlParser.parseDocument(XmlParser.java:481)
	at com.microstar.xml.XmlParser.doParse(XmlParser.java:159)
	at com.microstar.xml.XmlParser.parse(XmlParser.java:132)
	at ptolemy.moml.MoMLParser.parse(MoMLParser.java:1676)
	at ptolemy.moml.MoMLParser.parse(MoMLParser.java:1595)
	at ptolemy.moml.MoMLParser.parse(MoMLParser.java:1537)
	at ptolemy.moml.MoMLParser._findOrParse(MoMLParser.java:5286)
	at ptolemy.moml.MoMLParser._attemptToFindMoMLClass(MoMLParser.java:4075)
	at ptolemy.moml.MoMLParser._createEntity(MoMLParser.java:4323)
	... 65 more
Caused by: ptolemy.kernel.util.IllegalActionException: Cannot find class: ptolemy.domains.ptinyos.lib.MicaLeds. In Ptolemy, classes are typically Java .class files. Entities like actors may instead be defined within a .xml file.  In any case, the class was not found. If the class uses a third party package, then the class would be present only if the third party package was found at compile time.  It may be necessary to upgrade Java or install the third party package, reconfigure and recompile.
Because:
-- /home/travis/build/icyphy/ptII/ptolemy/actor/ptalon/demo/ptinyos/SenseToLeds/ptolemy/domains/ptinyos/lib/MicaLeds.xml (No such file or directory)
-- XML file not found relative to classpath.
-- /home/travis/build/icyphy/ptII/ptolemy/vergil/basic/export/test/ptolemy/domains/ptinyos/lib/MicaLeds.xml
/home/travis/build/icyphy/ptII/ptolemy/vergil/basic/export/test/ptolemy/domains/ptinyos/lib/MicaLeds.xml (No such file or directory)
 in file:/home/travis/build/icyphy/ptII/ptolemy/actor/ptalon/demo/ptinyos/SenseToLeds/MicaBoard.xml at line 134 and column 63
	at ptolemy.moml.MoMLParser._createEntity(MoMLParser.java:4330)
	at ptolemy.moml.MoMLParser.startElement(MoMLParser.java:2864)
	... 77 more
Caused by: com.microstar.xml.XmlException: -- /home/travis/build/icyphy/ptII/ptolemy/actor/ptalon/demo/ptinyos/SenseToLeds/ptolemy/domains/ptinyos/lib/MicaLeds.xml (No such file or directory)
-- XML file not found relative to classpath.
-- /home/travis/build/icyphy/ptII/ptolemy/vergil/basic/export/test/ptolemy/domains/ptinyos/lib/MicaLeds.xml
/home/travis/build/icyphy/ptII/ptolemy/vergil/basic/export/test/ptolemy/domains/ptinyos/lib/MicaLeds.xml (No such file or directory)
 in file:/home/travis/build/icyphy/ptII/ptolemy/actor/ptalon/demo/ptinyos/SenseToLeds/MicaBoard.xml at line 134 and column 63
	at ptolemy.moml.MoMLParser.fileNameToURL(MoMLParser.java:1414)
	at ptolemy.moml.MoMLParser._findOrParse(MoMLParser.java:5283)
	at ptolemy.moml.MoMLParser._attemptToFindMoMLClass(MoMLParser.java:4075)
	at ptolemy.moml.MoMLParser._createEntity(MoMLParser.java:4323)
	... 78 more
Failed to read file:/home/travis/build/icyphy/ptII/ptolemy/actor/ptalon/demo/ptinyos/SenseToLeds/SenseToLeds.xml
ptolemy.kernel.util.IllegalActionException: Failed to process attribute change to PtalonParameter, whose value is "ptolemy.actor.ptalon.PtalonExpressionParameter {.SenseToLeds.SenseToLeds.n} 2".
  in .SenseToLeds.SenseToLeds
Because:
Unable to add actor null
	at ptolemy.actor.ptalon.PtalonActor.attributeChanged(PtalonActor.java:211)
	at ptolemy.actor.ptalon.PtalonMLHandler.startElement(PtalonMLHandler.java:134)
	at com.microstar.xml.XmlParser.parseElement(XmlParser.java:921)
	at com.microstar.xml.XmlParser.parseContent(XmlParser.java:1104)
	at com.microstar.xml.XmlParser.parseElement(XmlParser.java:924)
	at com.microstar.xml.XmlParser.parseDocument(XmlParser.java:481)
	at com.microstar.xml.XmlParser.doParse(XmlParser.java:159)
	at com.microstar.xml.XmlParser.parse(XmlParser.java:132)
	at ptolemy.actor.ptalon.PtalonActor.configure(PtalonActor.java:240)
	at ptolemy.moml.MoMLParser.endElement(MoMLParser.java:996)
	at com.microstar.xml.XmlParser.parseETag(XmlParser.java:1026)
	at com.microstar.xml.XmlParser.parseContent(XmlParser.java:1098)
	at com.microstar.xml.XmlParser.parseElement(XmlParser.java:924)
	at com.microstar.xml.XmlParser.parseContent(XmlParser.java:1104)
	at com.microstar.xml.XmlParser.parseElement(XmlParser.java:924)
	at com.microstar.xml.XmlParser.parseContent(XmlParser.java:1104)
	at com.microstar.xml.XmlParser.parseElement(XmlParser.java:924)
	at com.microstar.xml.XmlParser.parseDocument(XmlParser.java:481)
	at com.microstar.xml.XmlParser.doParse(XmlParser.java:159)
	at com.microstar.xml.XmlParser.parse(XmlParser.java:132)
	at ptolemy.moml.MoMLParser.parse(MoMLParser.java:1676)
	at ptolemy.moml.MoMLParser.parse(MoMLParser.java:1595)
	at ptolemy.moml.MoMLParser.parse(MoMLParser.java:1537)
	at ptolemy.actor.gui.PtolemyEffigy$Factory.createEffigy(PtolemyEffigy.java:424)
	at ptolemy.actor.gui.EffigyFactory.createEffigy(EffigyFactory.java:234)
	at ptolemy.actor.gui.Configuration.openModel(Configuration.java:1125)
	at ptolemy.actor.gui.Configuration.openModel(Configuration.java:1051)
	at ptolemy.actor.gui.ConfigurationApplication._openModel(ConfigurationApplication.java:1252)
	at ptolemy.actor.gui.ConfigurationApplication._parseArg(ConfigurationApplication.java:1399)
	at ptolemy.actor.gui.ConfigurationApplication._parseArgs(ConfigurationApplication.java:1478)
	at ptolemy.actor.gui.ConfigurationApplication.<init>(ConfigurationApplication.java:277)
	at ptolemy.actor.gui.ConfigurationApplication.<init>(ConfigurationApplication.java:214)
	at ptolemy.actor.gui.ConfigurationApplication.<init>(ConfigurationApplication.java:201)
	at ptolemy.actor.gui.ConfigurationApplication.openModelOrEntity(ConfigurationApplication.java:680)
	at ptolemy.vergil.basic.export.ExportModel$1.run(ExportModel.java:220)
	at java.awt.event.InvocationEvent.dispatch(InvocationEvent.java:301)
	at java.awt.EventQueue.dispatchEventImpl(EventQueue.java:756)
	at java.awt.EventQueue.access$500(EventQueue.java:97)
	at java.awt.EventQueue$3.run(EventQueue.java:709)
	at java.awt.EventQueue$3.run(EventQueue.java:703)
	at java.security.AccessController.doPrivileged(Native Method)
	at java.security.ProtectionDomain$JavaSecurityAccessImpl.doIntersectionPrivilege(ProtectionDomain.java:80)
	at java.awt.EventQueue.dispatchEvent(EventQueue.java:726)
	at java.awt.EventDispatchThread.pumpOneEventForFilters(EventDispatchThread.java:201)
	at java.awt.EventDispatchThread.pumpEventsForFilter(EventDispatchThread.java:116)
	at java.awt.EventDispatchThread.pumpEventsForHierarchy(EventDispatchThread.java:105)
	at java.awt.EventDispatchThread.pumpEvents(EventDispatchThread.java:101)
	at java.awt.EventDispatchThread.pumpEvents(EventDispatchThread.java:93)
	at java.awt.EventDispatchThread.run(EventDispatchThread.java:82)
Caused by: ptolemy.actor.ptalon.PtalonRuntimeException: Unable to add actor null
	at ptolemy.actor.ptalon.PtalonEvaluator.addActor(PtalonEvaluator.java:300)
	at ptolemy.actor.ptalon.PtalonPopulator.actor_declaration(PtalonPopulator.java:1574)
	at ptolemy.actor.ptalon.PtalonPopulator.atomic_statement(PtalonPopulator.java:1638)
	at ptolemy.actor.ptalon.PtalonPopulator.iterative_statement_evaluator(PtalonPopulator.java:2484)
	at ptolemy.actor.ptalon.AbstractPtalonEvaluator$IfTree.evaluateForScope(AbstractPtalonEvaluator.java:1307)
	at ptolemy.actor.ptalon.AbstractPtalonEvaluator.evaluateForScope(AbstractPtalonEvaluator.java:744)
	at ptolemy.actor.ptalon.PtalonPopulator.iterative_statement(PtalonPopulator.java:2363)
	at ptolemy.actor.ptalon.PtalonPopulator.actor_definition(PtalonPopulator.java:2809)
	at ptolemy.actor.ptalon.PtalonActor.attributeChanged(PtalonActor.java:206)
	... 48 more
Caused by: ptolemy.kernel.util.InternalErrorException: Element <entity name="node1" class="ptolemy.actor.ptalon.demo.ptinyos.SenseToLeds.MicaBoard"> caused an exception to be thrown.
  in .SenseToLeds.SenseToLeds
Because:
Cannot find class: ptolemy.actor.ptalon.demo.ptinyos.SenseToLeds.MicaBoard. In Ptolemy, classes are typically Java .class files. Entities like actors may instead be defined within a .xml file.  In any case, the class was not found. If the class uses a third party package, then the class would be present only if the third party package was found at compile time.  It may be necessary to upgrade Java or install the third party package, reconfigure and recompile.
Because:
Element <entity name="MicaLeds" class="ptolemy.domains.ptinyos.lib.MicaLeds"> caused an exception to be thrown.
  in .MicaBoard
Because:
Cannot find class: ptolemy.domains.ptinyos.lib.MicaLeds. In Ptolemy, classes are typically Java .class files. Entities like actors may instead be defined within a .xml file.  In any case, the class was not found. If the class uses a third party package, then the class would be present only if the third party package was found at compile time.  It may be necessary to upgrade Java or install the third party package, reconfigure and recompile.
Because:
-- /home/travis/build/icyphy/ptII/ptolemy/actor/ptalon/demo/ptinyos/SenseToLeds/ptolemy/domains/ptinyos/lib/MicaLeds.xml (No such file or directory)
-- XML file not found relative to classpath.
-- /home/travis/build/icyphy/ptII/ptolemy/vergil/basic/export/test/ptolemy/domains/ptinyos/lib/MicaLeds.xml
/home/travis/build/icyphy/ptII/ptolemy/vergil/basic/export/test/ptolemy/domains/ptinyos/lib/MicaLeds.xml (No such file or directory)
 in file:/home/travis/build/icyphy/ptII/ptolemy/actor/ptalon/demo/ptinyos/SenseToLeds/MicaBoard.xml at line 134 and column 63
	at ptolemy.moml.SimpleErrorHandler.handleError(SimpleErrorHandler.java:75)
	at ptolemy.moml.MoMLParser.startElement(MoMLParser.java:3805)
	at com.microstar.xml.XmlParser.parseElement(XmlParser.java:931)
	at com.microstar.xml.XmlParser.parseDocument(XmlParser.java:481)
	at com.microstar.xml.XmlParser.doParse(XmlParser.java:159)
	at com.microstar.xml.XmlParser.parse(XmlParser.java:132)
	at ptolemy.moml.MoMLParser.parse(MoMLParser.java:1660)
	at ptolemy.moml.MoMLParser.parse(MoMLParser.java:1617)
	at ptolemy.moml.MoMLParser.parse(MoMLParser.java:1792)
	at ptolemy.actor.ptalon.PtalonEvaluator.addActor(PtalonEvaluator.java:241)
	... 56 more
Caused by: ptolemy.kernel.util.IllegalActionException: Cannot find class: ptolemy.actor.ptalon.demo.ptinyos.SenseToLeds.MicaBoard. In Ptolemy, classes are typically Java .class files. Entities like actors may instead be defined within a .xml file.  In any case, the class was not found. If the class uses a third party package, then the class would be present only if the third party package was found at compile time.  It may be necessary to upgrade Java or install the third party package, reconfigure and recompile.
Because:
Element <entity name="MicaLeds" class="ptolemy.domains.ptinyos.lib.MicaLeds"> caused an exception to be thrown.
  in .MicaBoard
Because:
Cannot find class: ptolemy.domains.ptinyos.lib.MicaLeds. In Ptolemy, classes are typically Java .class files. Entities like actors may instead be defined within a .xml file.  In any case, the class was not found. If the class uses a third party package, then the class would be present only if the third party package was found at compile time.  It may be necessary to upgrade Java or install the third party package, reconfigure and recompile.
Because:
-- /home/travis/build/icyphy/ptII/ptolemy/actor/ptalon/demo/ptinyos/SenseToLeds/ptolemy/domains/ptinyos/lib/MicaLeds.xml (No such file or directory)
-- XML file not found relative to classpath.
-- /home/travis/build/icyphy/ptII/ptolemy/vergil/basic/export/test/ptolemy/domains/ptinyos/lib/MicaLeds.xml
/home/travis/build/icyphy/ptII/ptolemy/vergil/basic/export/test/ptolemy/domains/ptinyos/lib/MicaLeds.xml (No such file or directory)
 in file:/home/travis/build/icyphy/ptII/ptolemy/actor/ptalon/demo/ptinyos/SenseToLeds/MicaBoard.xml at line 134 and column 63
	at ptolemy.moml.MoMLParser._createEntity(MoMLParser.java:4330)
	at ptolemy.moml.MoMLParser.startElement(MoMLParser.java:2864)
	... 64 more
Caused by: ptolemy.kernel.util.InternalErrorException: Element <entity name="MicaLeds" class="ptolemy.domains.ptinyos.lib.MicaLeds"> caused an exception to be thrown.
  in .MicaBoard
Because:
Cannot find class: ptolemy.domains.ptinyos.lib.MicaLeds. In Ptolemy, classes are typically Java .class files. Entities like actors may instead be defined within a .xml file.  In any case, the class was not found. If the class uses a third party package, then the class would be present only if the third party package was found at compile time.  It may be necessary to upgrade Java or install the third party package, reconfigure and recompile.
Because:
-- /home/travis/build/icyphy/ptII/ptolemy/actor/ptalon/demo/ptinyos/SenseToLeds/ptolemy/domains/ptinyos/lib/MicaLeds.xml (No such file or directory)
-- XML file not found relative to classpath.
-- /home/travis/build/icyphy/ptII/ptolemy/vergil/basic/export/test/ptolemy/domains/ptinyos/lib/MicaLeds.xml
/home/travis/build/icyphy/ptII/ptolemy/vergil/basic/export/test/ptolemy/domains/ptinyos/lib/MicaLeds.xml (No such file or directory)
 in file:/home/travis/build/icyphy/ptII/ptolemy/actor/ptalon/demo/ptinyos/SenseToLeds/MicaBoard.xml at line 134 and column 63
	at ptolemy.moml.SimpleErrorHandler.handleError(SimpleErrorHandler.java:75)
	at ptolemy.moml.MoMLParser.startElement(MoMLParser.java:3805)
	at com.microstar.xml.XmlParser.parseElement(XmlParser.java:921)
	at com.microstar.xml.XmlParser.parseContent(XmlParser.java:1104)
	at com.microstar.xml.XmlParser.parseElement(XmlParser.java:924)
	at com.microstar.xml.XmlParser.parseDocument(XmlParser.java:481)
	at com.microstar.xml.XmlParser.doParse(XmlParser.java:159)
	at com.microstar.xml.XmlParser.parse(XmlParser.java:132)
	at ptolemy.moml.MoMLParser.parse(MoMLParser.java:1676)
	at ptolemy.moml.MoMLParser.parse(MoMLParser.java:1595)
	at ptolemy.moml.MoMLParser.parse(MoMLParser.java:1537)
	at ptolemy.moml.MoMLParser._findOrParse(MoMLParser.java:5286)
	at ptolemy.moml.MoMLParser._attemptToFindMoMLClass(MoMLParser.java:4075)
	at ptolemy.moml.MoMLParser._createEntity(MoMLParser.java:4323)
	... 65 more
Caused by: ptolemy.kernel.util.IllegalActionException: Cannot find class: ptolemy.domains.ptinyos.lib.MicaLeds. In Ptolemy, classes are typically Java .class files. Entities like actors may instead be defined within a .xml file.  In any case, the class was not found. If the class uses a third party package, then the class would be present only if the third party package was found at compile time.  It may be necessary to upgrade Java or install the third party package, reconfigure and recompile.
Because:
-- /home/travis/build/icyphy/ptII/ptolemy/actor/ptalon/demo/ptinyos/SenseToLeds/ptolemy/domains/ptinyos/lib/MicaLeds.xml (No such file or directory)
-- XML file not found relative to classpath.
-- /home/travis/build/icyphy/ptII/ptolemy/vergil/basic/export/test/ptolemy/domains/ptinyos/lib/MicaLeds.xml
/home/travis/build/icyphy/ptII/ptolemy/vergil/basic/export/test/ptolemy/domains/ptinyos/lib/MicaLeds.xml (No such file or directory)
 in file:/home/travis/build/icyphy/ptII/ptolemy/actor/ptalon/demo/ptinyos/SenseToLeds/MicaBoard.xml at line 134 and column 63
	at ptolemy.moml.MoMLParser._createEntity(MoMLParser.java:4330)
	at ptolemy.moml.MoMLParser.startElement(MoMLParser.java:2864)
	... 77 more
Caused by: com.microstar.xml.XmlException: -- /home/travis/build/icyphy/ptII/ptolemy/actor/ptalon/demo/ptinyos/SenseToLeds/ptolemy/domains/ptinyos/lib/MicaLeds.xml (No such file or directory)
-- XML file not found relative to classpath.
-- /home/travis/build/icyphy/ptII/ptolemy/vergil/basic/export/test/ptolemy/domains/ptinyos/lib/MicaLeds.xml
/home/travis/build/icyphy/ptII/ptolemy/vergil/basic/export/test/ptolemy/domains/ptinyos/lib/MicaLeds.xml (No such file or directory)
 in file:/home/travis/build/icyphy/ptII/ptolemy/actor/ptalon/demo/ptinyos/SenseToLeds/MicaBoard.xml at line 134 and column 63
	at ptolemy.moml.MoMLParser.fileNameToURL(MoMLParser.java:1414)
	at ptolemy.moml.MoMLParser._findOrParse(MoMLParser.java:5283)
	at ptolemy.moml.MoMLParser._attemptToFindMoMLClass(MoMLParser.java:4075)
	at ptolemy.moml.MoMLParser._createEntity(MoMLParser.java:4323)
	... 78 more
Caused by: ptolemy.actor.ptalon.PtalonRuntimeException: Unable to add actor null
	at ptolemy.actor.ptalon.PtalonEvaluator.addActor(PtalonEvaluator.java:300)
	at ptolemy.actor.ptalon.PtalonPopulator.actor_declaration(PtalonPopulator.java:1574)
	at ptolemy.actor.ptalon.PtalonPopulator.atomic_statement(PtalonPopulator.java:1638)
	at ptolemy.actor.ptalon.PtalonPopulator.iterative_statement_evaluator(PtalonPopulator.java:2484)
	at ptolemy.actor.ptalon.AbstractPtalonEvaluator$IfTree.evaluateForScope(AbstractPtalonEvaluator.java:1307)
	at ptolemy.actor.ptalon.AbstractPtalonEvaluator.evaluateForScope(AbstractPtalonEvaluator.java:744)
	at ptolemy.actor.ptalon.PtalonPopulator.iterative_statement(PtalonPopulator.java:2363)
	at ptolemy.actor.ptalon.PtalonPopulator.actor_definition(PtalonPopulator.java:2809)
	at ptolemy.actor.ptalon.PtalonActor.attributeChanged(PtalonActor.java:206)
	at ptolemy.actor.ptalon.PtalonMLHandler.startElement(PtalonMLHandler.java:134)
	at com.microstar.xml.XmlParser.parseElement(XmlParser.java:921)
	at com.microstar.xml.XmlParser.parseContent(XmlParser.java:1104)
	at com.microstar.xml.XmlParser.parseElement(XmlParser.java:924)
	at com.microstar.xml.XmlParser.parseDocument(XmlParser.java:481)
	at com.microstar.xml.XmlParser.doParse(XmlParser.java:159)
	at com.microstar.xml.XmlParser.parse(XmlParser.java:132)
	at ptolemy.actor.ptalon.PtalonActor.configure(PtalonActor.java:240)
	at ptolemy.moml.MoMLParser.endElement(MoMLParser.java:996)
	at com.microstar.xml.XmlParser.parseETag(XmlParser.java:1026)
	at com.microstar.xml.XmlParser.parseContent(XmlParser.java:1098)
	at com.microstar.xml.XmlParser.parseElement(XmlParser.java:924)
	at com.microstar.xml.XmlParser.parseContent(XmlParser.java:1104)
	at com.microstar.xml.XmlParser.parseElement(XmlParser.java:924)
	at com.microstar.xml.XmlParser.parseContent(XmlParser.java:1104)
	at com.microstar.xml.XmlParser.parseElement(XmlParser.java:924)
	at com.microstar.xml.XmlParser.parseDocument(XmlParser.java:481)
	at com.microstar.xml.XmlParser.doParse(XmlParser.java:159)
	at com.microstar.xml.XmlParser.parse(XmlParser.java:132)
	at ptolemy.moml.MoMLParser.parse(MoMLParser.java:1676)
	at ptolemy.moml.MoMLParser.parse(MoMLParser.java:1595)
	at ptolemy.moml.MoMLParser.parse(MoMLParser.java:1537)
	at ptolemy.actor.gui.PtolemyEffigy$Factory.createEffigy(PtolemyEffigy.java:424)
	at ptolemy.actor.gui.EffigyFactory.createEffigy(EffigyFactory.java:234)
	at ptolemy.actor.gui.Configuration.openModel(Configuration.java:1125)
	at ptolemy.actor.gui.Configuration.openModel(Configuration.java:1051)
	at ptolemy.actor.gui.ConfigurationApplication._openModel(ConfigurationApplication.java:1252)
	at ptolemy.actor.gui.ConfigurationApplication._parseArg(ConfigurationApplication.java:1399)
	at ptolemy.actor.gui.ConfigurationApplication._parseArgs(ConfigurationApplication.java:1478)
	at ptolemy.actor.gui.ConfigurationApplication.<init>(ConfigurationApplication.java:277)
	at ptolemy.actor.gui.ConfigurationApplication.<init>(ConfigurationApplication.java:214)
	at ptolemy.actor.gui.ConfigurationApplication.<init>(ConfigurationApplication.java:201)
	at ptolemy.actor.gui.ConfigurationApplication.openModelOrEntity(ConfigurationApplication.java:680)
	at ptolemy.vergil.basic.export.ExportModel$1.run(ExportModel.java:220)
	at java.awt.event.InvocationEvent.dispatch(InvocationEvent.java:301)
	at java.awt.EventQueue.dispatchEventImpl(EventQueue.java:756)
	at java.awt.EventQueue.access$500(EventQueue.java:97)
	at java.awt.EventQueue$3.run(EventQueue.java:709)
	at java.awt.EventQueue$3.run(EventQueue.java:703)
	at java.security.AccessController.doPrivileged(Native Method)
	at java.security.ProtectionDomain$JavaSecurityAccessImpl.doIntersectionPrivilege(ProtectionDomain.java:80)
	at java.awt.EventQueue.dispatchEvent(EventQueue.java:726)
	at java.awt.EventDispatchThread.pumpOneEventForFilters(EventDispatchThread.java:201)
	at java.awt.EventDispatchThread.pumpEventsForFilter(EventDispatchThread.java:116)
	at java.awt.EventDispatchThread.pumpEventsForHierarchy(EventDispatchThread.java:105)
	at java.awt.EventDispatchThread.pumpEvents(EventDispatchThread.java:101)
	at java.awt.EventDispatchThread.pumpEvents(EventDispatchThread.java:93)
	at java.awt.EventDispatchThread.run(EventDispatchThread.java:82)
Caused by: ptolemy.kernel.util.InternalErrorException: Element <entity name="node1" class="ptolemy.actor.ptalon.demo.ptinyos.SenseToLeds.MicaBoard"> caused an exception to be thrown.
  in .SenseToLeds.SenseToLeds
Because:
Cannot find class: ptolemy.actor.ptalon.demo.ptinyos.SenseToLeds.MicaBoard. In Ptolemy, classes are typically Java .class files. Entities like actors may instead be defined within a .xml file.  In any case, the class was not found. If the class uses a third party package, then the class would be present only if the third party package was found at compile time.  It may be necessary to upgrade Java or install the third party package, reconfigure and recompile.
Because:
Element <entity name="MicaLeds" class="ptolemy.domains.ptinyos.lib.MicaLeds"> caused an exception to be thrown.
  in .MicaBoard
Because:
Cannot find class: ptolemy.domains.ptinyos.lib.MicaLeds. In Ptolemy, classes are typically Java .class files. Entities like actors may instead be defined within a .xml file.  In any case, the class was not found. If the class uses a third party package, then the class would be present only if the third party package was found at compile time.  It may be necessary to upgrade Java or install the third party package, reconfigure and recompile.
Because:
-- /home/travis/build/icyphy/ptII/ptolemy/actor/ptalon/demo/ptinyos/SenseToLeds/ptolemy/domains/ptinyos/lib/MicaLeds.xml (No such file or directory)
-- XML file not found relative to classpath.
-- /home/travis/build/icyphy/ptII/ptolemy/vergil/basic/export/test/ptolemy/domains/ptinyos/lib/MicaLeds.xml
/home/travis/build/icyphy/ptII/ptolemy/vergil/basic/export/test/ptolemy/domains/ptinyos/lib/MicaLeds.xml (No such file or directory)
 in file:/home/travis/build/icyphy/ptII/ptolemy/actor/ptalon/demo/ptinyos/SenseToLeds/MicaBoard.xml at line 134 and column 63
	at ptolemy.moml.SimpleErrorHandler.handleError(SimpleErrorHandler.java:75)
	at ptolemy.moml.MoMLParser.startElement(MoMLParser.java:3805)
	at com.microstar.xml.XmlParser.parseElement(XmlParser.java:931)
	at com.microstar.xml.XmlParser.parseDocument(XmlParser.java:481)
	at com.microstar.xml.XmlParser.doParse(XmlParser.java:159)
	at com.microstar.xml.XmlParser.parse(XmlParser.java:132)
	at ptolemy.moml.MoMLParser.parse(MoMLParser.java:1660)
	at ptolemy.moml.MoMLParser.parse(MoMLParser.java:1617)
	at ptolemy.moml.MoMLParser.parse(MoMLParser.java:1792)
	at ptolemy.actor.ptalon.PtalonEvaluator.addActor(PtalonEvaluator.java:241)
	... 56 more
Caused by: ptolemy.kernel.util.IllegalActionException: Cannot find class: ptolemy.actor.ptalon.demo.ptinyos.SenseToLeds.MicaBoard. In Ptolemy, classes are typically Java .class files. Entities like actors may instead be defined within a .xml file.  In any case, the class was not found. If the class uses a third party package, then the class would be present only if the third party package was found at compile time.  It may be necessary to upgrade Java or install the third party package, reconfigure and recompile.
Because:
Element <entity name="MicaLeds" class="ptolemy.domains.ptinyos.lib.MicaLeds"> caused an exception to be thrown.
  in .MicaBoard
Because:
Cannot find class: ptolemy.domains.ptinyos.lib.MicaLeds. In Ptolemy, classes are typically Java .class files. Entities like actors may instead be defined within a .xml file.  In any case, the class was not found. If the class uses a third party package, then the class would be present only if the third party package was found at compile time.  It may be necessary to upgrade Java or install the third party package, reconfigure and recompile.
Because:
-- /home/travis/build/icyphy/ptII/ptolemy/actor/ptalon/demo/ptinyos/SenseToLeds/ptolemy/domains/ptinyos/lib/MicaLeds.xml (No such file or directory)
-- XML file not found relative to classpath.
-- /home/travis/build/icyphy/ptII/ptolemy/vergil/basic/export/test/ptolemy/domains/ptinyos/lib/MicaLeds.xml
/home/travis/build/icyphy/ptII/ptolemy/vergil/basic/export/test/ptolemy/domains/ptinyos/lib/MicaLeds.xml (No such file or directory)
 in file:/home/travis/build/icyphy/ptII/ptolemy/actor/ptalon/demo/ptinyos/SenseToLeds/MicaBoard.xml at line 134 and column 63
	at ptolemy.moml.MoMLParser._createEntity(MoMLParser.java:4330)
	at ptolemy.moml.MoMLParser.startElement(MoMLParser.java:2864)
	... 64 more
Caused by: ptolemy.kernel.util.InternalErrorException: Element <entity name="MicaLeds" class="ptolemy.domains.ptinyos.lib.MicaLeds"> caused an exception to be thrown.
  in .MicaBoard
Because:
Cannot find class: ptolemy.domains.ptinyos.lib.MicaLeds. In Ptolemy, classes are typically Java .class files. Entities like actors may instead be defined within a .xml file.  In any case, the class was not found. If the class uses a third party package, then the class would be present only if the third party package was found at compile time.  It may be necessary to upgrade Java or install the third party package, reconfigure and recompile.
Because:
-- /home/travis/build/icyphy/ptII/ptolemy/actor/ptalon/demo/ptinyos/SenseToLeds/ptolemy/domains/ptinyos/lib/MicaLeds.xml (No such file or directory)
-- XML file not found relative to classpath.
-- /home/travis/build/icyphy/ptII/ptolemy/vergil/basic/export/test/ptolemy/domains/ptinyos/lib/MicaLeds.xml
/home/travis/build/icyphy/ptII/ptolemy/vergil/basic/export/test/ptolemy/domains/ptinyos/lib/MicaLeds.xml (No such file or directory)
 in file:/home/travis/build/icyphy/ptII/ptolemy/actor/ptalon/demo/ptinyos/SenseToLeds/MicaBoard.xml at line 134 and column 63
	at ptolemy.moml.SimpleErrorHandler.handleError(SimpleErrorHandler.java:75)
	at ptolemy.moml.MoMLParser.startElement(MoMLParser.java:3805)
	at com.microstar.xml.XmlParser.parseElement(XmlParser.java:921)
	at com.microstar.xml.XmlParser.parseContent(XmlParser.java:1104)
	at com.microstar.xml.XmlParser.parseElement(XmlParser.java:924)
	at com.microstar.xml.XmlParser.parseDocument(XmlParser.java:481)
	at com.microstar.xml.XmlParser.doParse(XmlParser.java:159)
	at com.microstar.xml.XmlParser.parse(XmlParser.java:132)
	at ptolemy.moml.MoMLParser.parse(MoMLParser.java:1676)
	at ptolemy.moml.MoMLParser.parse(MoMLParser.java:1595)
	at ptolemy.moml.MoMLParser.parse(MoMLParser.java:1537)
	at ptolemy.moml.MoMLParser._findOrParse(MoMLParser.java:5286)
	at ptolemy.moml.MoMLParser._attemptToFindMoMLClass(MoMLParser.java:4075)
	at ptolemy.moml.MoMLParser._createEntity(MoMLParser.java:4323)
	... 65 more
Caused by: ptolemy.kernel.util.IllegalActionException: Cannot find class: ptolemy.domains.ptinyos.lib.MicaLeds. In Ptolemy, classes are typically Java .class files. Entities like actors may instead be defined within a .xml file.  In any case, the class was not found. If the class uses a third party package, then the class would be present only if the third party package was found at compile time.  It may be necessary to upgrade Java or install the third party package, reconfigure and recompile.
Because:
-- /home/travis/build/icyphy/ptII/ptolemy/actor/ptalon/demo/ptinyos/SenseToLeds/ptolemy/domains/ptinyos/lib/MicaLeds.xml (No such file or directory)
-- XML file not found relative to classpath.
-- /home/travis/build/icyphy/ptII/ptolemy/vergil/basic/export/test/ptolemy/domains/ptinyos/lib/MicaLeds.xml
/home/travis/build/icyphy/ptII/ptolemy/vergil/basic/export/test/ptolemy/domains/ptinyos/lib/MicaLeds.xml (No such file or directory)
 in file:/home/travis/build/icyphy/ptII/ptolemy/actor/ptalon/demo/ptinyos/SenseToLeds/MicaBoard.xml at line 134 and column 63
	at ptolemy.moml.MoMLParser._createEntity(MoMLParser.java:4330)
	at ptolemy.moml.MoMLParser.startElement(MoMLParser.java:2864)
	... 77 more
Caused by: com.microstar.xml.XmlException: -- /home/travis/build/icyphy/ptII/ptolemy/actor/ptalon/demo/ptinyos/SenseToLeds/ptolemy/domains/ptinyos/lib/MicaLeds.xml (No such file or directory)
-- XML file not found relative to classpath.
-- /home/travis/build/icyphy/ptII/ptolemy/vergil/basic/export/test/ptolemy/domains/ptinyos/lib/MicaLeds.xml
/home/travis/build/icyphy/ptII/ptolemy/vergil/basic/export/test/ptolemy/domains/ptinyos/lib/MicaLeds.xml (No such file or directory)
 in file:/home/travis/build/icyphy/ptII/ptolemy/actor/ptalon/demo/ptinyos/SenseToLeds/MicaBoard.xml at line 134 and column 63
	at ptolemy.moml.MoMLParser.fileNameToURL(MoMLParser.java:1414)
	at ptolemy.moml.MoMLParser._findOrParse(MoMLParser.java:5283)
	at ptolemy.moml.MoMLParser._attemptToFindMoMLClass(MoMLParser.java:4075)
	at ptolemy.moml.MoMLParser._createEntity(MoMLParser.java:4323)
	... 78 more
Failed to read file:/home/travis/build/icyphy/ptII/ptolemy/actor/ptalon/demo/ptinyos/SenseToLeds/SenseToLeds.xml
ptolemy.kernel.util.IllegalActionException: Failed to process attribute change to PtalonParameter, whose value is "ptolemy.actor.ptalon.PtalonExpressionParameter {.SenseToLeds.SenseToLeds.n} 2".
  in .SenseToLeds.SenseToLeds
Because:
Unable to add actor null
	at ptolemy.actor.ptalon.PtalonActor.attributeChanged(PtalonActor.java:211)
	at ptolemy.actor.ptalon.PtalonMLHandler.startElement(PtalonMLHandler.java:134)
	at com.microstar.xml.XmlParser.parseElement(XmlParser.java:921)
	at com.microstar.xml.XmlParser.parseContent(XmlParser.java:1104)
	at com.microstar.xml.XmlParser.parseElement(XmlParser.java:924)
	at com.microstar.xml.XmlParser.parseDocument(XmlParser.java:481)
	at com.microstar.xml.XmlParser.doParse(XmlParser.java:159)
	at com.microstar.xml.XmlParser.parse(XmlParser.java:132)
	at ptolemy.actor.ptalon.PtalonActor.configure(PtalonActor.java:240)
	at ptolemy.moml.MoMLParser.endElement(MoMLParser.java:996)
	at com.microstar.xml.XmlParser.parseETag(XmlParser.java:1026)
	at com.microstar.xml.XmlParser.parseContent(XmlParser.java:1098)
	at com.microstar.xml.XmlParser.parseElement(XmlParser.java:924)
	at com.microstar.xml.XmlParser.parseContent(XmlParser.java:1104)
	at com.microstar.xml.XmlParser.parseElement(XmlParser.java:924)
	at com.microstar.xml.XmlParser.parseContent(XmlParser.java:1104)
	at com.microstar.xml.XmlParser.parseElement(XmlParser.java:924)
	at com.microstar.xml.XmlParser.parseDocument(XmlParser.java:481)
	at com.microstar.xml.XmlParser.doParse(XmlParser.java:159)
	at com.microstar.xml.XmlParser.parse(XmlParser.java:132)
	at ptolemy.moml.MoMLParser.parse(MoMLParser.java:1676)
	at ptolemy.moml.MoMLParser.parse(MoMLParser.java:1595)
	at ptolemy.moml.MoMLParser.parse(MoMLParser.java:1537)
	at ptolemy.actor.gui.PtolemyEffigy$Factory.createEffigy(PtolemyEffigy.java:424)
	at ptolemy.actor.gui.EffigyFactory.createEffigy(EffigyFactory.java:234)
	at ptolemy.actor.gui.Configuration.openModel(Configuration.java:1125)
	at ptolemy.actor.gui.Configuration.openModel(Configuration.java:1051)
	at ptolemy.actor.gui.ConfigurationApplication._openModel(ConfigurationApplication.java:1252)
	at ptolemy.actor.gui.ConfigurationApplication._parseArg(ConfigurationApplication.java:1399)
	at ptolemy.actor.gui.ConfigurationApplication._parseArgs(ConfigurationApplication.java:1478)
	at ptolemy.actor.gui.ConfigurationApplication.<init>(ConfigurationApplication.java:277)
	at ptolemy.actor.gui.ConfigurationApplication.<init>(ConfigurationApplication.java:214)
	at ptolemy.actor.gui.ConfigurationApplication.<init>(ConfigurationApplication.java:201)
	at ptolemy.actor.gui.ConfigurationApplication.openModelOrEntity(ConfigurationApplication.java:680)
	at ptolemy.vergil.basic.export.ExportModel$1.run(ExportModel.java:220)
	at java.awt.event.InvocationEvent.dispatch(InvocationEvent.java:301)
	at java.awt.EventQueue.dispatchEventImpl(EventQueue.java:756)
	at java.awt.EventQueue.access$500(EventQueue.java:97)
	at java.awt.EventQueue$3.run(EventQueue.java:709)
	at java.awt.EventQueue$3.run(EventQueue.java:703)
	at java.security.AccessController.doPrivileged(Native Method)
	at java.security.ProtectionDomain$JavaSecurityAccessImpl.doIntersectionPrivilege(ProtectionDomain.java:80)
	at java.awt.EventQueue.dispatchEvent(EventQueue.java:726)
	at java.awt.EventDispatchThread.pumpOneEventForFilters(EventDispatchThread.java:201)
	at java.awt.EventDispatchThread.pumpEventsForFilter(EventDispatchThread.java:116)
	at java.awt.EventDispatchThread.pumpEventsForHierarchy(EventDispatchThread.java:105)
	at java.awt.EventDispatchThread.pumpEvents(EventDispatchThread.java:101)
	at java.awt.EventDispatchThread.pumpEvents(EventDispatchThread.java:93)
	at java.awt.EventDispatchThread.run(EventDispatchThread.java:82)
Caused by: ptolemy.actor.ptalon.PtalonRuntimeException: Unable to add actor null
	at ptolemy.actor.ptalon.PtalonEvaluator.addActor(PtalonEvaluator.java:300)
	at ptolemy.actor.ptalon.PtalonPopulator.actor_declaration(PtalonPopulator.java:1574)
	at ptolemy.actor.ptalon.PtalonPopulator.atomic_statement(PtalonPopulator.java:1638)
	at ptolemy.actor.ptalon.PtalonPopulator.iterative_statement_evaluator(PtalonPopulator.java:2484)
	at ptolemy.actor.ptalon.AbstractPtalonEvaluator$IfTree.evaluateForScope(AbstractPtalonEvaluator.java:1307)
	at ptolemy.actor.ptalon.AbstractPtalonEvaluator.evaluateForScope(AbstractPtalonEvaluator.java:744)
	at ptolemy.actor.ptalon.PtalonPopulator.iterative_statement(PtalonPopulator.java:2363)
	at ptolemy.actor.ptalon.PtalonPopulator.actor_definition(PtalonPopulator.java:2809)
	at ptolemy.actor.ptalon.PtalonActor.attributeChanged(PtalonActor.java:206)
	... 48 more
Caused by: ptolemy.kernel.util.InternalErrorException: Element <entity name="node1" class="ptolemy.actor.ptalon.demo.ptinyos.SenseToLeds.MicaBoard"> caused an exception to be thrown.
  in .SenseToLeds.SenseToLeds
Because:
Cannot find class: ptolemy.actor.ptalon.demo.ptinyos.SenseToLeds.MicaBoard. In Ptolemy, classes are typically Java .class files. Entities like actors may instead be defined within a .xml file.  In any case, the class was not found. If the class uses a third party package, then the class would be present only if the third party package was found at compile time.  It may be necessary to upgrade Java or install the third party package, reconfigure and recompile.
Because:
Element <entity name="MicaLeds" class="ptolemy.domains.ptinyos.lib.MicaLeds"> caused an exception to be thrown.
  in .MicaBoard
Because:
Cannot find class: ptolemy.domains.ptinyos.lib.MicaLeds. In Ptolemy, classes are typically Java .class files. Entities like actors may instead be defined within a .xml file.  In any case, the class was not found. If the class uses a third party package, then the class would be present only if the third party package was found at compile time.  It may be necessary to upgrade Java or install the third party package, reconfigure and recompile.
Because:
-- /home/travis/build/icyphy/ptII/ptolemy/actor/ptalon/demo/ptinyos/SenseToLeds/ptolemy/domains/ptinyos/lib/MicaLeds.xml (No such file or directory)
-- XML file not found relative to classpath.
-- /home/travis/build/icyphy/ptII/ptolemy/vergil/basic/export/test/ptolemy/domains/ptinyos/lib/MicaLeds.xml
/home/travis/build/icyphy/ptII/ptolemy/vergil/basic/export/test/ptolemy/domains/ptinyos/lib/MicaLeds.xml (No such file or directory)
 in file:/home/travis/build/icyphy/ptII/ptolemy/actor/ptalon/demo/ptinyos/SenseToLeds/MicaBoard.xml at line 134 and column 63
	at ptolemy.moml.SimpleErrorHandler.handleError(SimpleErrorHandler.java:75)
	at ptolemy.moml.MoMLParser.startElement(MoMLParser.java:3805)
	at com.microstar.xml.XmlParser.parseElement(XmlParser.java:931)
	at com.microstar.xml.XmlParser.parseDocument(XmlParser.java:481)
	at com.microstar.xml.XmlParser.doParse(XmlParser.java:159)
	at com.microstar.xml.XmlParser.parse(XmlParser.java:132)
	at ptolemy.moml.MoMLParser.parse(MoMLParser.java:1660)
	at ptolemy.moml.MoMLParser.parse(MoMLParser.java:1617)
	at ptolemy.moml.MoMLParser.parse(MoMLParser.java:1792)
	at ptolemy.actor.ptalon.PtalonEvaluator.addActor(PtalonEvaluator.java:241)
	... 56 more
Caused by: ptolemy.kernel.util.IllegalActionException: Cannot find class: ptolemy.actor.ptalon.demo.ptinyos.SenseToLeds.MicaBoard. In Ptolemy, classes are typically Java .class files. Entities like actors may instead be defined within a .xml file.  In any case, the class was not found. If the class uses a third party package, then the class would be present only if the third party package was found at compile time.  It may be necessary to upgrade Java or install the third party package, reconfigure and recompile.
Because:
Element <entity name="MicaLeds" class="ptolemy.domains.ptinyos.lib.MicaLeds"> caused an exception to be thrown.
  in .MicaBoard
Because:
Cannot find class: ptolemy.domains.ptinyos.lib.MicaLeds. In Ptolemy, classes are typically Java .class files. Entities like actors may instead be defined within a .xml file.  In any case, the class was not found. If the class uses a third party package, then the class would be present only if the third party package was found at compile time.  It may be necessary to upgrade Java or install the third party package, reconfigure and recompile.
Because:
-- /home/travis/build/icyphy/ptII/ptolemy/actor/ptalon/demo/ptinyos/SenseToLeds/ptolemy/domains/ptinyos/lib/MicaLeds.xml (No such file or directory)
-- XML file not found relative to classpath.
-- /home/travis/build/icyphy/ptII/ptolemy/vergil/basic/export/test/ptolemy/domains/ptinyos/lib/MicaLeds.xml
/home/travis/build/icyphy/ptII/ptolemy/vergil/basic/export/test/ptolemy/domains/ptinyos/lib/MicaLeds.xml (No such file or directory)
 in file:/home/travis/build/icyphy/ptII/ptolemy/actor/ptalon/demo/ptinyos/SenseToLeds/MicaBoard.xml at line 134 and column 63
	at ptolemy.moml.MoMLParser._createEntity(MoMLParser.java:4330)
	at ptolemy.moml.MoMLParser.startElement(MoMLParser.java:2864)
	... 64 more
Caused by: ptolemy.kernel.util.InternalErrorException: Element <entity name="MicaLeds" class="ptolemy.domains.ptinyos.lib.MicaLeds"> caused an exception to be thrown.
  in .MicaBoard
Because:
Cannot find class: ptolemy.domains.ptinyos.lib.MicaLeds. In Ptolemy, classes are typically Java .class files. Entities like actors may instead be defined within a .xml file.  In any case, the class was not found. If the class uses a third party package, then the class would be present only if the third party package was found at compile time.  It may be necessary to upgrade Java or install the third party package, reconfigure and recompile.
Because:
-- /home/travis/build/icyphy/ptII/ptolemy/actor/ptalon/demo/ptinyos/SenseToLeds/ptolemy/domains/ptinyos/lib/MicaLeds.xml (No such file or directory)
-- XML file not found relative to classpath.
-- /home/travis/build/icyphy/ptII/ptolemy/vergil/basic/export/test/ptolemy/domains/ptinyos/lib/MicaLeds.xml
/home/travis/build/icyphy/ptII/ptolemy/vergil/basic/export/test/ptolemy/domains/ptinyos/lib/MicaLeds.xml (No such file or directory)
 in file:/home/travis/build/icyphy/ptII/ptolemy/actor/ptalon/demo/ptinyos/SenseToLeds/MicaBoard.xml at line 134 and column 63
	at ptolemy.moml.SimpleErrorHandler.handleError(SimpleErrorHandler.java:75)
	at ptolemy.moml.MoMLParser.startElement(MoMLParser.java:3805)
	at com.microstar.xml.XmlParser.parseElement(XmlParser.java:921)
	at com.microstar.xml.XmlParser.parseContent(XmlParser.java:1104)
	at com.microstar.xml.XmlParser.parseElement(XmlParser.java:924)
	at com.microstar.xml.XmlParser.parseDocument(XmlParser.java:481)
	at com.microstar.xml.XmlParser.doParse(XmlParser.java:159)
	at com.microstar.xml.XmlParser.parse(XmlParser.java:132)
	at ptolemy.moml.MoMLParser.parse(MoMLParser.java:1676)
	at ptolemy.moml.MoMLParser.parse(MoMLParser.java:1595)
	at ptolemy.moml.MoMLParser.parse(MoMLParser.java:1537)
	at ptolemy.moml.MoMLParser._findOrParse(MoMLParser.java:5286)
	at ptolemy.moml.MoMLParser._attemptToFindMoMLClass(MoMLParser.java:4075)
	at ptolemy.moml.MoMLParser._createEntity(MoMLParser.java:4323)
	... 65 more
Caused by: ptolemy.kernel.util.IllegalActionException: Cannot find class: ptolemy.domains.ptinyos.lib.MicaLeds. In Ptolemy, classes are typically Java .class files. Entities like actors may instead be defined within a .xml file.  In any case, the class was not found. If the class uses a third party package, then the class would be present only if the third party package was found at compile time.  It may be necessary to upgrade Java or install the third party package, reconfigure and recompile.
Because:
-- /home/travis/build/icyphy/ptII/ptolemy/actor/ptalon/demo/ptinyos/SenseToLeds/ptolemy/domains/ptinyos/lib/MicaLeds.xml (No such file or directory)
-- XML file not found relative to classpath.
-- /home/travis/build/icyphy/ptII/ptolemy/vergil/basic/export/test/ptolemy/domains/ptinyos/lib/MicaLeds.xml
/home/travis/build/icyphy/ptII/ptolemy/vergil/basic/export/test/ptolemy/domains/ptinyos/lib/MicaLeds.xml (No such file or directory)
 in file:/home/travis/build/icyphy/ptII/ptolemy/actor/ptalon/demo/ptinyos/SenseToLeds/MicaBoard.xml at line 134 and column 63
	at ptolemy.moml.MoMLParser._createEntity(MoMLParser.java:4330)
	at ptolemy.moml.MoMLParser.startElement(MoMLParser.java:2864)
	... 77 more
Caused by: com.microstar.xml.XmlException: -- /home/travis/build/icyphy/ptII/ptolemy/actor/ptalon/demo/ptinyos/SenseToLeds/ptolemy/domains/ptinyos/lib/MicaLeds.xml (No such file or directory)
-- XML file not found relative to classpath.
-- /home/travis/build/icyphy/ptII/ptolemy/vergil/basic/export/test/ptolemy/domains/ptinyos/lib/MicaLeds.xml
/home/travis/build/icyphy/ptII/ptolemy/vergil/basic/export/test/ptolemy/domains/ptinyos/lib/MicaLeds.xml (No such file or directory)
 in file:/home/travis/build/icyphy/ptII/ptolemy/actor/ptalon/demo/ptinyos/SenseToLeds/MicaBoard.xml at line 134 and column 63
	at ptolemy.moml.MoMLParser.fileNameToURL(MoMLParser.java:1414)
	at ptolemy.moml.MoMLParser._findOrParse(MoMLParser.java:5283)
	at ptolemy.moml.MoMLParser._attemptToFindMoMLClass(MoMLParser.java:4075)
	at ptolemy.moml.MoMLParser._createEntity(MoMLParser.java:4323)
	... 78 more
Caused by: ptolemy.actor.ptalon.PtalonRuntimeException: Unable to add actor null
	at ptolemy.actor.ptalon.PtalonEvaluator.addActor(PtalonEvaluator.java:300)
	at ptolemy.actor.ptalon.PtalonPopulator.actor_declaration(PtalonPopulator.java:1574)
	at ptolemy.actor.ptalon.PtalonPopulator.atomic_statement(PtalonPopulator.java:1638)
	at ptolemy.actor.ptalon.PtalonPopulator.iterative_statement_evaluator(PtalonPopulator.java:2484)
	at ptolemy.actor.ptalon.AbstractPtalonEvaluator$IfTree.evaluateForScope(AbstractPtalonEvaluator.java:1307)
	at ptolemy.actor.ptalon.AbstractPtalonEvaluator.evaluateForScope(AbstractPtalonEvaluator.java:744)
	at ptolemy.actor.ptalon.PtalonPopulator.iterative_statement(PtalonPopulator.java:2363)
	at ptolemy.actor.ptalon.PtalonPopulator.actor_definition(PtalonPopulator.java:2809)
	at ptolemy.actor.ptalon.PtalonActor.attributeChanged(PtalonActor.java:206)
	at ptolemy.actor.ptalon.PtalonMLHandler.startElement(PtalonMLHandler.java:134)
	at com.microstar.xml.XmlParser.parseElement(XmlParser.java:921)
	at com.microstar.xml.XmlParser.parseContent(XmlParser.java:1104)
	at com.microstar.xml.XmlParser.parseElement(XmlParser.java:924)
	at com.microstar.xml.XmlParser.parseDocument(XmlParser.java:481)
	at com.microstar.xml.XmlParser.doParse(XmlParser.java:159)
	at com.microstar.xml.XmlParser.parse(XmlParser.java:132)
	at ptolemy.actor.ptalon.PtalonActor.configure(PtalonActor.java:240)
	at ptolemy.moml.MoMLParser.endElement(MoMLParser.java:996)
	at com.microstar.xml.XmlParser.parseETag(XmlParser.java:1026)
	at com.microstar.xml.XmlParser.parseContent(XmlParser.java:1098)
	at com.microstar.xml.XmlParser.parseElement(XmlParser.java:924)
	at com.microstar.xml.XmlParser.parseContent(XmlParser.java:1104)
	at com.microstar.xml.XmlParser.parseElement(XmlParser.java:924)
	at com.microstar.xml.XmlParser.parseContent(XmlParser.java:1104)
	at com.microstar.xml.XmlParser.parseElement(XmlParser.java:924)
	at com.microstar.xml.XmlParser.parseDocument(XmlParser.java:481)
	at com.microstar.xml.XmlParser.doParse(XmlParser.java:159)
	at com.microstar.xml.XmlParser.parse(XmlParser.java:132)
	at ptolemy.moml.MoMLParser.parse(MoMLParser.java:1676)
	at ptolemy.moml.MoMLParser.parse(MoMLParser.java:1595)
	at ptolemy.moml.MoMLParser.parse(MoMLParser.java:1537)
	at ptolemy.actor.gui.PtolemyEffigy$Factory.createEffigy(PtolemyEffigy.java:424)
	at ptolemy.actor.gui.EffigyFactory.createEffigy(EffigyFactory.java:234)
	at ptolemy.actor.gui.Configuration.openModel(Configuration.java:1125)
	at ptolemy.actor.gui.Configuration.openModel(Configuration.java:1051)
	at ptolemy.actor.gui.ConfigurationApplication._openModel(ConfigurationApplication.java:1252)
	at ptolemy.actor.gui.ConfigurationApplication._parseArg(ConfigurationApplication.java:1399)
	at ptolemy.actor.gui.ConfigurationApplication._parseArgs(ConfigurationApplication.java:1478)
	at ptolemy.actor.gui.ConfigurationApplication.<init>(ConfigurationApplication.java:277)
	at ptolemy.actor.gui.ConfigurationApplication.<init>(ConfigurationApplication.java:214)
	at ptolemy.actor.gui.ConfigurationApplication.<init>(ConfigurationApplication.java:201)
	at ptolemy.actor.gui.ConfigurationApplication.openModelOrEntity(ConfigurationApplication.java:680)
	at ptolemy.vergil.basic.export.ExportModel$1.run(ExportModel.java:220)
	at java.awt.event.InvocationEvent.dispatch(InvocationEvent.java:301)
	at java.awt.EventQueue.dispatchEventImpl(EventQueue.java:756)
	at java.awt.EventQueue.access$500(EventQueue.java:97)
	at java.awt.EventQueue$3.run(EventQueue.java:709)
	at java.awt.EventQueue$3.run(EventQueue.java:703)
	at java.security.AccessController.doPrivileged(Native Method)
	at java.security.ProtectionDomain$JavaSecurityAccessImpl.doIntersectionPrivilege(ProtectionDomain.java:80)
	at java.awt.EventQueue.dispatchEvent(EventQueue.java:726)
	at java.awt.EventDispatchThread.pumpOneEventForFilters(EventDispatchThread.java:201)
	at java.awt.EventDispatchThread.pumpEventsForFilter(EventDispatchThread.java:116)
	at java.awt.EventDispatchThread.pumpEventsForHierarchy(EventDispatchThread.java:105)
	at java.awt.EventDispatchThread.pumpEvents(EventDispatchThread.java:101)
	at java.awt.EventDispatchThread.pumpEvents(EventDispatchThread.java:93)
	at java.awt.EventDispatchThread.run(EventDispatchThread.java:82)
Caused by: ptolemy.kernel.util.InternalErrorException: Element <entity name="node1" class="ptolemy.actor.ptalon.demo.ptinyos.SenseToLeds.MicaBoard"> caused an exception to be thrown.
  in .SenseToLeds.SenseToLeds
Because:
Cannot find class: ptolemy.actor.ptalon.demo.ptinyos.SenseToLeds.MicaBoard. In Ptolemy, classes are typically Java .class files. Entities like actors may instead be defined within a .xml file.  In any case, the class was not found. If the class uses a third party package, then the class would be present only if the third party package was found at compile time.  It may be necessary to upgrade Java or install the third party package, reconfigure and recompile.
Because:
Element <entity name="MicaLeds" class="ptolemy.domains.ptinyos.lib.MicaLeds"> caused an exception to be thrown.
  in .MicaBoard
Because:
Cannot find class: ptolemy.domains.ptinyos.lib.MicaLeds. In Ptolemy, classes are typically Java .class files. Entities like actors may instead be defined within a .xml file.  In any case, the class was not found. If the class uses a third party package, then the class would be present only if the third party package was found at compile time.  It may be necessary to upgrade Java or install the third party package, reconfigure and recompile.
Because:
-- /home/travis/build/icyphy/ptII/ptolemy/actor/ptalon/demo/ptinyos/SenseToLeds/ptolemy/domains/ptinyos/lib/MicaLeds.xml (No such file or directory)
-- XML file not found relative to classpath.
-- /home/travis/build/icyphy/ptII/ptolemy/vergil/basic/export/test/ptolemy/domains/ptinyos/lib/MicaLeds.xml
/home/travis/build/icyphy/ptII/ptolemy/vergil/basic/export/test/ptolemy/domains/ptinyos/lib/MicaLeds.xml (No such file or directory)
 in file:/home/travis/build/icyphy/ptII/ptolemy/actor/ptalon/demo/ptinyos/SenseToLeds/MicaBoard.xml at line 134 and column 63
	at ptolemy.moml.SimpleErrorHandler.handleError(SimpleErrorHandler.java:75)
	at ptolemy.moml.MoMLParser.startElement(MoMLParser.java:3805)
	at com.microstar.xml.XmlParser.parseElement(XmlParser.java:931)
	at com.microstar.xml.XmlParser.parseDocument(XmlParser.java:481)
	at com.microstar.xml.XmlParser.doParse(XmlParser.java:159)
	at com.microstar.xml.XmlParser.parse(XmlParser.java:132)
	at ptolemy.moml.MoMLParser.parse(MoMLParser.java:1660)
	at ptolemy.moml.MoMLParser.parse(MoMLParser.java:1617)
	at ptolemy.moml.MoMLParser.parse(MoMLParser.java:1792)
	at ptolemy.actor.ptalon.PtalonEvaluator.addActor(PtalonEvaluator.java:241)
	... 56 more
Caused by: ptolemy.kernel.util.IllegalActionException: Cannot find class: ptolemy.actor.ptalon.demo.ptinyos.SenseToLeds.MicaBoard. In Ptolemy, classes are typically Java .class files. Entities like actors may instead be defined within a .xml file.  In any case, the class was not found. If the class uses a third party package, then the class would be present only if the third party package was found at compile time.  It may be necessary to upgrade Java or install the third party package, reconfigure and recompile.
Because:
Element <entity name="MicaLeds" class="ptolemy.domains.ptinyos.lib.MicaLeds"> caused an exception to be thrown.
  in .MicaBoard
Because:
Cannot find class: ptolemy.domains.ptinyos.lib.MicaLeds. In Ptolemy, classes are typically Java .class files. Entities like actors may instead be defined within a .xml file.  In any case, the class was not found. If the class uses a third party package, then the class would be present only if the third party package was found at compile time.  It may be necessary to upgrade Java or install the third party package, reconfigure and recompile.
Because:
-- /home/travis/build/icyphy/ptII/ptolemy/actor/ptalon/demo/ptinyos/SenseToLeds/ptolemy/domains/ptinyos/lib/MicaLeds.xml (No such file or directory)
-- XML file not found relative to classpath.
-- /home/travis/build/icyphy/ptII/ptolemy/vergil/basic/export/test/ptolemy/domains/ptinyos/lib/MicaLeds.xml
/home/travis/build/icyphy/ptII/ptolemy/vergil/basic/export/test/ptolemy/domains/ptinyos/lib/MicaLeds.xml (No such file or directory)
 in file:/home/travis/build/icyphy/ptII/ptolemy/actor/ptalon/demo/ptinyos/SenseToLeds/MicaBoard.xml at line 134 and column 63
	at ptolemy.moml.MoMLParser._createEntity(MoMLParser.java:4330)
	at ptolemy.moml.MoMLParser.startElement(MoMLParser.java:2864)
	... 64 more
Caused by: ptolemy.kernel.util.InternalErrorException: Element <entity name="MicaLeds" class="ptolemy.domains.ptinyos.lib.MicaLeds"> caused an exception to be thrown.
  in .MicaBoard
Because:
Cannot find class: ptolemy.domains.ptinyos.lib.MicaLeds. In Ptolemy, classes are typically Java .class files. Entities like actors may instead be defined within a .xml file.  In any case, the class was not found. If the class uses a third party package, then the class would be present only if the third party package was found at compile time.  It may be necessary to upgrade Java or install the third party package, reconfigure and recompile.
Because:
-- /home/travis/build/icyphy/ptII/ptolemy/actor/ptalon/demo/ptinyos/SenseToLeds/ptolemy/domains/ptinyos/lib/MicaLeds.xml (No such file or directory)
-- XML file not found relative to classpath.
-- /home/travis/build/icyphy/ptII/ptolemy/vergil/basic/export/test/ptolemy/domains/ptinyos/lib/MicaLeds.xml
/home/travis/build/icyphy/ptII/ptolemy/vergil/basic/export/test/ptolemy/domains/ptinyos/lib/MicaLeds.xml (No such file or directory)
 in file:/home/travis/build/icyphy/ptII/ptolemy/actor/ptalon/demo/ptinyos/SenseToLeds/MicaBoard.xml at line 134 and column 63
	at ptolemy.moml.SimpleErrorHandler.handleError(SimpleErrorHandler.java:75)
	at ptolemy.moml.MoMLParser.startElement(MoMLParser.java:3805)
	at com.microstar.xml.XmlParser.parseElement(XmlParser.java:921)
	at com.microstar.xml.XmlParser.parseContent(XmlParser.java:1104)
	at com.microstar.xml.XmlParser.parseElement(XmlParser.java:924)
	at com.microstar.xml.XmlParser.parseDocument(XmlParser.java:481)
	at com.microstar.xml.XmlParser.doParse(XmlParser.java:159)
	at com.microstar.xml.XmlParser.parse(XmlParser.java:132)
	at ptolemy.moml.MoMLParser.parse(MoMLParser.java:1676)
	at ptolemy.moml.MoMLParser.parse(MoMLParser.java:1595)
	at ptolemy.moml.MoMLParser.parse(MoMLParser.java:1537)
	at ptolemy.moml.MoMLParser._findOrParse(MoMLParser.java:5286)
	at ptolemy.moml.MoMLParser._attemptToFindMoMLClass(MoMLParser.java:4075)
	at ptolemy.moml.MoMLParser._createEntity(MoMLParser.java:4323)
	... 65 more
Caused by: ptolemy.kernel.util.IllegalActionException: Cannot find class: ptolemy.domains.ptinyos.lib.MicaLeds. In Ptolemy, classes are typically Java .class files. Entities like actors may instead be defined within a .xml file.  In any case, the class was not found. If the class uses a third party package, then the class would be present only if the third party package was found at compile time.  It may be necessary to upgrade Java or install the third party package, reconfigure and recompile.
Because:
-- /home/travis/build/icyphy/ptII/ptolemy/actor/ptalon/demo/ptinyos/SenseToLeds/ptolemy/domains/ptinyos/lib/MicaLeds.xml (No such file or directory)
-- XML file not found relative to classpath.
-- /home/travis/build/icyphy/ptII/ptolemy/vergil/basic/export/test/ptolemy/domains/ptinyos/lib/MicaLeds.xml
/home/travis/build/icyphy/ptII/ptolemy/vergil/basic/export/test/ptolemy/domains/ptinyos/lib/MicaLeds.xml (No such file or directory)
 in file:/home/travis/build/icyphy/ptII/ptolemy/actor/ptalon/demo/ptinyos/SenseToLeds/MicaBoard.xml at line 134 and column 63
	at ptolemy.moml.MoMLParser._createEntity(MoMLParser.java:4330)
	at ptolemy.moml.MoMLParser.startElement(MoMLParser.java:2864)
	... 77 more
Caused by: com.microstar.xml.XmlException: -- /home/travis/build/icyphy/ptII/ptolemy/actor/ptalon/demo/ptinyos/SenseToLeds/ptolemy/domains/ptinyos/lib/MicaLeds.xml (No such file or directory)
-- XML file not found relative to classpath.
-- /home/travis/build/icyphy/ptII/ptolemy/vergil/basic/export/test/ptolemy/domains/ptinyos/lib/MicaLeds.xml
/home/travis/build/icyphy/ptII/ptolemy/vergil/basic/export/test/ptolemy/domains/ptinyos/lib/MicaLeds.xml (No such file or directory)
 in file:/home/travis/build/icyphy/ptII/ptolemy/actor/ptalon/demo/ptinyos/SenseToLeds/MicaBoard.xml at line 134 and column 63
	at ptolemy.moml.MoMLParser.fileNameToURL(MoMLParser.java:1414)
	at ptolemy.moml.MoMLParser._findOrParse(MoMLParser.java:5283)
	at ptolemy.moml.MoMLParser._attemptToFindMoMLClass(MoMLParser.java:4075)
	at ptolemy.moml.MoMLParser._createEntity(MoMLParser.java:4323)
	... 78 more
ptolemy.kernel.util.IllegalActionException: Failed to process attribute change to PtalonParameter, whose value is "ptolemy.actor.ptalon.PtalonExpressionParameter {.SenseToLeds.SenseToLeds.n} 2".
  in .SenseToLeds.SenseToLeds
Because:
Unable to add actor null
	at ptolemy.actor.ptalon.PtalonActor.attributeChanged(PtalonActor.java:211)
	at ptolemy.actor.ptalon.PtalonMLHandler.startElement(PtalonMLHandler.java:134)
	at com.microstar.xml.XmlParser.parseElement(XmlParser.java:921)
	at com.microstar.xml.XmlParser.parseContent(XmlParser.java:1104)
	at com.microstar.xml.XmlParser.parseElement(XmlParser.java:924)
	at com.microstar.xml.XmlParser.parseDocument(XmlParser.java:481)
	at com.microstar.xml.XmlParser.doParse(XmlParser.java:159)
	at com.microstar.xml.XmlParser.parse(XmlParser.java:132)
	at ptolemy.actor.ptalon.PtalonActor.configure(PtalonActor.java:240)
	at ptolemy.moml.MoMLParser.endElement(MoMLParser.java:996)
	at com.microstar.xml.XmlParser.parseETag(XmlParser.java:1026)
	at com.microstar.xml.XmlParser.parseContent(XmlParser.java:1098)
	at com.microstar.xml.XmlParser.parseElement(XmlParser.java:924)
	at com.microstar.xml.XmlParser.parseContent(XmlParser.java:1104)
	at com.microstar.xml.XmlParser.parseElement(XmlParser.java:924)
	at com.microstar.xml.XmlParser.parseContent(XmlParser.java:1104)
	at com.microstar.xml.XmlParser.parseElement(XmlParser.java:924)
	at com.microstar.xml.XmlParser.parseDocument(XmlParser.java:481)
	at com.microstar.xml.XmlParser.doParse(XmlParser.java:159)
	at com.microstar.xml.XmlParser.parse(XmlParser.java:132)
	at ptolemy.moml.MoMLParser.parse(MoMLParser.java:1676)
	at ptolemy.moml.MoMLParser.parse(MoMLParser.java:1595)
	at ptolemy.moml.MoMLParser.parse(MoMLParser.java:1537)
	at ptolemy.actor.gui.PtolemyEffigy$Factory.createEffigy(PtolemyEffigy.java:424)
	at ptolemy.actor.gui.EffigyFactory.createEffigy(EffigyFactory.java:234)
	at ptolemy.actor.gui.Configuration.openModel(Configuration.java:1125)
	at ptolemy.actor.gui.Configuration.openModel(Configuration.java:1051)
	at ptolemy.actor.gui.ConfigurationApplication._openModel(ConfigurationApplication.java:1252)
	at ptolemy.actor.gui.ConfigurationApplication._parseArg(ConfigurationApplication.java:1399)
	at ptolemy.actor.gui.ConfigurationApplication._parseArgs(ConfigurationApplication.java:1478)
	at ptolemy.actor.gui.ConfigurationApplication.<init>(ConfigurationApplication.java:277)
	at ptolemy.actor.gui.ConfigurationApplication.<init>(ConfigurationApplication.java:214)
	at ptolemy.actor.gui.ConfigurationApplication.<init>(ConfigurationApplication.java:201)
	at ptolemy.actor.gui.ConfigurationApplication.openModelOrEntity(ConfigurationApplication.java:680)
	at ptolemy.vergil.basic.export.ExportModel$1.run(ExportModel.java:220)
	at java.awt.event.InvocationEvent.dispatch(InvocationEvent.java:301)
	at java.awt.EventQueue.dispatchEventImpl(EventQueue.java:756)
	at java.awt.EventQueue.access$500(EventQueue.java:97)
	at java.awt.EventQueue$3.run(EventQueue.java:709)
	at java.awt.EventQueue$3.run(EventQueue.java:703)
	at java.security.AccessController.doPrivileged(Native Method)
	at java.security.ProtectionDomain$JavaSecurityAccessImpl.doIntersectionPrivilege(ProtectionDomain.java:80)
	at java.awt.EventQueue.dispatchEvent(EventQueue.java:726)
	at java.awt.EventDispatchThread.pumpOneEventForFilters(EventDispatchThread.java:201)
	at java.awt.EventDispatchThread.pumpEventsForFilter(EventDispatchThread.java:116)
	at java.awt.EventDispatchThread.pumpEventsForHierarchy(EventDispatchThread.java:105)
	at java.awt.EventDispatchThread.pumpEvents(EventDispatchThread.java:101)
	at java.awt.EventDispatchThread.pumpEvents(EventDispatchThread.java:93)
	at java.awt.EventDispatchThread.run(EventDispatchThread.java:82)
Caused by: ptolemy.actor.ptalon.PtalonRuntimeException: Unable to add actor null
	at ptolemy.actor.ptalon.PtalonEvaluator.addActor(PtalonEvaluator.java:300)
	at ptolemy.actor.ptalon.PtalonPopulator.actor_declaration(PtalonPopulator.java:1574)
	at ptolemy.actor.ptalon.PtalonPopulator.atomic_statement(PtalonPopulator.java:1638)
	at ptolemy.actor.ptalon.PtalonPopulator.iterative_statement_evaluator(PtalonPopulator.java:2484)
	at ptolemy.actor.ptalon.AbstractPtalonEvaluator$IfTree.evaluateForScope(AbstractPtalonEvaluator.java:1307)
	at ptolemy.actor.ptalon.AbstractPtalonEvaluator.evaluateForScope(AbstractPtalonEvaluator.java:744)
	at ptolemy.actor.ptalon.PtalonPopulator.iterative_statement(PtalonPopulator.java:2363)
	at ptolemy.actor.ptalon.PtalonPopulator.actor_definition(PtalonPopulator.java:2809)
	at ptolemy.actor.ptalon.PtalonActor.attributeChanged(PtalonActor.java:206)
	... 48 more
Caused by: ptolemy.kernel.util.InternalErrorException: Element <entity name="node1" class="ptolemy.actor.ptalon.demo.ptinyos.SenseToLeds.MicaBoard"> caused an exception to be thrown.
  in .SenseToLeds.SenseToLeds
Because:
Cannot find class: ptolemy.actor.ptalon.demo.ptinyos.SenseToLeds.MicaBoard. In Ptolemy, classes are typically Java .class files. Entities like actors may instead be defined within a .xml file.  In any case, the class was not found. If the class uses a third party package, then the class would be present only if the third party package was found at compile time.  It may be necessary to upgrade Java or install the third party package, reconfigure and recompile.
Because:
Element <entity name="MicaLeds" class="ptolemy.domains.ptinyos.lib.MicaLeds"> caused an exception to be thrown.
  in .MicaBoard
Because:
Cannot find class: ptolemy.domains.ptinyos.lib.MicaLeds. In Ptolemy, classes are typically Java .class files. Entities like actors may instead be defined within a .xml file.  In any case, the class was not found. If the class uses a third party package, then the class would be present only if the third party package was found at compile time.  It may be necessary to upgrade Java or install the third party package, reconfigure and recompile.
Because:
-- /home/travis/build/icyphy/ptII/ptolemy/actor/ptalon/demo/ptinyos/SenseToLeds/ptolemy/domains/ptinyos/lib/MicaLeds.xml (No such file or directory)
-- XML file not found relative to classpath.
-- /home/travis/build/icyphy/ptII/ptolemy/vergil/basic/export/test/ptolemy/domains/ptinyos/lib/MicaLeds.xml
/home/travis/build/icyphy/ptII/ptolemy/vergil/basic/export/test/ptolemy/domains/ptinyos/lib/MicaLeds.xml (No such file or directory)
 in file:/home/travis/build/icyphy/ptII/ptolemy/actor/ptalon/demo/ptinyos/SenseToLeds/MicaBoard.xml at line 134 and column 63
	at ptolemy.moml.SimpleErrorHandler.handleError(SimpleErrorHandler.java:75)
	at ptolemy.moml.MoMLParser.startElement(MoMLParser.java:3805)
	at com.microstar.xml.XmlParser.parseElement(XmlParser.java:931)
	at com.microstar.xml.XmlParser.parseDocument(XmlParser.java:481)
	at com.microstar.xml.XmlParser.doParse(XmlParser.java:159)
	at com.microstar.xml.XmlParser.parse(XmlParser.java:132)
	at ptolemy.moml.MoMLParser.parse(MoMLParser.java:1660)
	at ptolemy.moml.MoMLParser.parse(MoMLParser.java:1617)
	at ptolemy.moml.MoMLParser.parse(MoMLParser.java:1792)
	at ptolemy.actor.ptalon.PtalonEvaluator.addActor(PtalonEvaluator.java:241)
	... 56 more
Caused by: ptolemy.kernel.util.IllegalActionException: Cannot find class: ptolemy.actor.ptalon.demo.ptinyos.SenseToLeds.MicaBoard. In Ptolemy, classes are typically Java .class files. Entities like actors may instead be defined within a .xml file.  In any case, the class was not found. If the class uses a third party package, then the class would be present only if the third party package was found at compile time.  It may be necessary to upgrade Java or install the third party package, reconfigure and recompile.
Because:
Element <entity name="MicaLeds" class="ptolemy.domains.ptinyos.lib.MicaLeds"> caused an exception to be thrown.
  in .MicaBoard
Because:
Cannot find class: ptolemy.domains.ptinyos.lib.MicaLeds. In Ptolemy, classes are typically Java .class files. Entities like actors may instead be defined within a .xml file.  In any case, the class was not found. If the class uses a third party package, then the class would be present only if the third party package was found at compile time.  It may be necessary to upgrade Java or install the third party package, reconfigure and recompile.
Because:
-- /home/travis/build/icyphy/ptII/ptolemy/actor/ptalon/demo/ptinyos/SenseToLeds/ptolemy/domains/ptinyos/lib/MicaLeds.xml (No such file or directory)
-- XML file not found relative to classpath.
-- /home/travis/build/icyphy/ptII/ptolemy/vergil/basic/export/test/ptolemy/domains/ptinyos/lib/MicaLeds.xml
/home/travis/build/icyphy/ptII/ptolemy/vergil/basic/export/test/ptolemy/domains/ptinyos/lib/MicaLeds.xml (No such file or directory)
 in file:/home/travis/build/icyphy/ptII/ptolemy/actor/ptalon/demo/ptinyos/SenseToLeds/MicaBoard.xml at line 134 and column 63
	at ptolemy.moml.MoMLParser._createEntity(MoMLParser.java:4330)
	at ptolemy.moml.MoMLParser.startElement(MoMLParser.java:2864)
	... 64 more
Caused by: ptolemy.kernel.util.InternalErrorException: Element <entity name="MicaLeds" class="ptolemy.domains.ptinyos.lib.MicaLeds"> caused an exception to be thrown.
  in .MicaBoard
Because:
Cannot find class: ptolemy.domains.ptinyos.lib.MicaLeds. In Ptolemy, classes are typically Java .class files. Entities like actors may instead be defined within a .xml file.  In any case, the class was not found. If the class uses a third party package, then the class would be present only if the third party package was found at compile time.  It may be necessary to upgrade Java or install the third party package, reconfigure and recompile.
Because:
-- /home/travis/build/icyphy/ptII/ptolemy/actor/ptalon/demo/ptinyos/SenseToLeds/ptolemy/domains/ptinyos/lib/MicaLeds.xml (No such file or directory)
-- XML file not found relative to classpath.
-- /home/travis/build/icyphy/ptII/ptolemy/vergil/basic/export/test/ptolemy/domains/ptinyos/lib/MicaLeds.xml
/home/travis/build/icyphy/ptII/ptolemy/vergil/basic/export/test/ptolemy/domains/ptinyos/lib/MicaLeds.xml (No such file or directory)
 in file:/home/travis/build/icyphy/ptII/ptolemy/actor/ptalon/demo/ptinyos/SenseToLeds/MicaBoard.xml at line 134 and column 63
	at ptolemy.moml.SimpleErrorHandler.handleError(SimpleErrorHandler.java:75)
	at ptolemy.moml.MoMLParser.startElement(MoMLParser.java:3805)
	at com.microstar.xml.XmlParser.parseElement(XmlParser.java:921)
	at com.microstar.xml.XmlParser.parseContent(XmlParser.java:1104)
	at com.microstar.xml.XmlParser.parseElement(XmlParser.java:924)
	at com.microstar.xml.XmlParser.parseDocument(XmlParser.java:481)
	at com.microstar.xml.XmlParser.doParse(XmlParser.java:159)
	at com.microstar.xml.XmlParser.parse(XmlParser.java:132)
	at ptolemy.moml.MoMLParser.parse(MoMLParser.java:1676)
	at ptolemy.moml.MoMLParser.parse(MoMLParser.java:1595)
	at ptolemy.moml.MoMLParser.parse(MoMLParser.java:1537)
	at ptolemy.moml.MoMLParser._findOrParse(MoMLParser.java:5286)
	at ptolemy.moml.MoMLParser._attemptToFindMoMLClass(MoMLParser.java:4075)
	at ptolemy.moml.MoMLParser._createEntity(MoMLParser.java:4323)
	... 65 more
Caused by: ptolemy.kernel.util.IllegalActionException: Cannot find class: ptolemy.domains.ptinyos.lib.MicaLeds. In Ptolemy, classes are typically Java .class files. Entities like actors may instead be defined within a .xml file.  In any case, the class was not found. If the class uses a third party package, then the class would be present only if the third party package was found at compile time.  It may be necessary to upgrade Java or install the third party package, reconfigure and recompile.
Because:
-- /home/travis/build/icyphy/ptII/ptolemy/actor/ptalon/demo/ptinyos/SenseToLeds/ptolemy/domains/ptinyos/lib/MicaLeds.xml (No such file or directory)
-- XML file not found relative to classpath.
-- /home/travis/build/icyphy/ptII/ptolemy/vergil/basic/export/test/ptolemy/domains/ptinyos/lib/MicaLeds.xml
/home/travis/build/icyphy/ptII/ptolemy/vergil/basic/export/test/ptolemy/domains/ptinyos/lib/MicaLeds.xml (No such file or directory)
 in file:/home/travis/build/icyphy/ptII/ptolemy/actor/ptalon/demo/ptinyos/SenseToLeds/MicaBoard.xml at line 134 and column 63
	at ptolemy.moml.MoMLParser._createEntity(MoMLParser.java:4330)
	at ptolemy.moml.MoMLParser.startElement(MoMLParser.java:2864)
	... 77 more
Caused by: com.microstar.xml.XmlException: -- /home/travis/build/icyphy/ptII/ptolemy/actor/ptalon/demo/ptinyos/SenseToLeds/ptolemy/domains/ptinyos/lib/MicaLeds.xml (No such file or directory)
-- XML file not found relative to classpath.
-- /home/travis/build/icyphy/ptII/ptolemy/vergil/basic/export/test/ptolemy/domains/ptinyos/lib/MicaLeds.xml
/home/travis/build/icyphy/ptII/ptolemy/vergil/basic/export/test/ptolemy/domains/ptinyos/lib/MicaLeds.xml (No such file or directory)
 in file:/home/travis/build/icyphy/ptII/ptolemy/actor/ptalon/demo/ptinyos/SenseToLeds/MicaBoard.xml at line 134 and column 63
	at ptolemy.moml.MoMLParser.fileNameToURL(MoMLParser.java:1414)
	at ptolemy.moml.MoMLParser._findOrParse(MoMLParser.java:5283)
	at ptolemy.moml.MoMLParser._attemptToFindMoMLClass(MoMLParser.java:4075)
	at ptolemy.moml.MoMLParser._createEntity(MoMLParser.java:4323)
	... 78 more
Caused by: ptolemy.actor.ptalon.PtalonRuntimeException: Unable to add actor null
	at ptolemy.actor.ptalon.PtalonEvaluator.addActor(PtalonEvaluator.java:300)
	at ptolemy.actor.ptalon.PtalonPopulator.actor_declaration(PtalonPopulator.java:1574)
	at ptolemy.actor.ptalon.PtalonPopulator.atomic_statement(PtalonPopulator.java:1638)
	at ptolemy.actor.ptalon.PtalonPopulator.iterative_statement_evaluator(PtalonPopulator.java:2484)
	at ptolemy.actor.ptalon.AbstractPtalonEvaluator$IfTree.evaluateForScope(AbstractPtalonEvaluator.java:1307)
	at ptolemy.actor.ptalon.AbstractPtalonEvaluator.evaluateForScope(AbstractPtalonEvaluator.java:744)
	at ptolemy.actor.ptalon.PtalonPopulator.iterative_statement(PtalonPopulator.java:2363)
	at ptolemy.actor.ptalon.PtalonPopulator.actor_definition(PtalonPopulator.java:2809)
	at ptolemy.actor.ptalon.PtalonActor.attributeChanged(PtalonActor.java:206)
	at ptolemy.actor.ptalon.PtalonMLHandler.startElement(PtalonMLHandler.java:134)
	at com.microstar.xml.XmlParser.parseElement(XmlParser.java:921)
	at com.microstar.xml.XmlParser.parseContent(XmlParser.java:1104)
	at com.microstar.xml.XmlParser.parseElement(XmlParser.java:924)
	at com.microstar.xml.XmlParser.parseDocument(XmlParser.java:481)
	at com.microstar.xml.XmlParser.doParse(XmlParser.java:159)
	at com.microstar.xml.XmlParser.parse(XmlParser.java:132)
	at ptolemy.actor.ptalon.PtalonActor.configure(PtalonActor.java:240)
	at ptolemy.moml.MoMLParser.endElement(MoMLParser.java:996)
	at com.microstar.xml.XmlParser.parseETag(XmlParser.java:1026)
	at com.microstar.xml.XmlParser.parseContent(XmlParser.java:1098)
	at com.microstar.xml.XmlParser.parseElement(XmlParser.java:924)
	at com.microstar.xml.XmlParser.parseContent(XmlParser.java:1104)
	at com.microstar.xml.XmlParser.parseElement(XmlParser.java:924)
	at com.microstar.xml.XmlParser.parseContent(XmlParser.java:1104)
	at com.microstar.xml.XmlParser.parseElement(XmlParser.java:924)
	at com.microstar.xml.XmlParser.parseDocument(XmlParser.java:481)
	at com.microstar.xml.XmlParser.doParse(XmlParser.java:159)
	at com.microstar.xml.XmlParser.parse(XmlParser.java:132)
	at ptolemy.moml.MoMLParser.parse(MoMLParser.java:1676)
	at ptolemy.moml.MoMLParser.parse(MoMLParser.java:1595)
	at ptolemy.moml.MoMLParser.parse(MoMLParser.java:1537)
	at ptolemy.actor.gui.PtolemyEffigy$Factory.createEffigy(PtolemyEffigy.java:424)
	at ptolemy.actor.gui.EffigyFactory.createEffigy(EffigyFactory.java:234)
	at ptolemy.actor.gui.Configuration.openModel(Configuration.java:1125)
	at ptolemy.actor.gui.Configuration.openModel(Configuration.java:1051)
	at ptolemy.actor.gui.ConfigurationApplication._openModel(ConfigurationApplication.java:1252)
	at ptolemy.actor.gui.ConfigurationApplication._parseArg(ConfigurationApplication.java:1399)
	at ptolemy.actor.gui.ConfigurationApplication._parseArgs(ConfigurationApplication.java:1478)
	at ptolemy.actor.gui.ConfigurationApplication.<init>(ConfigurationApplication.java:277)
	at ptolemy.actor.gui.ConfigurationApplication.<init>(ConfigurationApplication.java:214)
	at ptolemy.actor.gui.ConfigurationApplication.<init>(ConfigurationApplication.java:201)
	at ptolemy.actor.gui.ConfigurationApplication.openModelOrEntity(ConfigurationApplication.java:680)
	at ptolemy.vergil.basic.export.ExportModel$1.run(ExportModel.java:220)
	at java.awt.event.InvocationEvent.dispatch(InvocationEvent.java:301)
	at java.awt.EventQueue.dispatchEventImpl(EventQueue.java:756)
	at java.awt.EventQueue.access$500(EventQueue.java:97)
	at java.awt.EventQueue$3.run(EventQueue.java:709)
	at java.awt.EventQueue$3.run(EventQueue.java:703)
	at java.security.AccessController.doPrivileged(Native Method)
	at java.security.ProtectionDomain$JavaSecurityAccessImpl.doIntersectionPrivilege(ProtectionDomain.java:80)
	at java.awt.EventQueue.dispatchEvent(EventQueue.java:726)
	at java.awt.EventDispatchThread.pumpOneEventForFilters(EventDispatchThread.java:201)
	at java.awt.EventDispatchThread.pumpEventsForFilter(EventDispatchThread.java:116)
	at java.awt.EventDispatchThread.pumpEventsForHierarchy(EventDispatchThread.java:105)
	at java.awt.EventDispatchThread.pumpEvents(EventDispatchThread.java:101)
	at java.awt.EventDispatchThread.pumpEvents(EventDispatchThread.java:93)
	at java.awt.EventDispatchThread.run(EventDispatchThread.java:82)
Caused by: ptolemy.kernel.util.InternalErrorException: Element <entity name="node1" class="ptolemy.actor.ptalon.demo.ptinyos.SenseToLeds.MicaBoard"> caused an exception to be thrown.
  in .SenseToLeds.SenseToLeds
Because:
Cannot find class: ptolemy.actor.ptalon.demo.ptinyos.SenseToLeds.MicaBoard. In Ptolemy, classes are typically Java .class files. Entities like actors may instead be defined within a .xml file.  In any case, the class was not found. If the class uses a third party package, then the class would be present only if the third party package was found at compile time.  It may be necessary to upgrade Java or install the third party package, reconfigure and recompile.
Because:
Element <entity name="MicaLeds" class="ptolemy.domains.ptinyos.lib.MicaLeds"> caused an exception to be thrown.
  in .MicaBoard
Because:
Cannot find class: ptolemy.domains.ptinyos.lib.MicaLeds. In Ptolemy, classes are typically Java .class files. Entities like actors may instead be defined within a .xml file.  In any case, the class was not found. If the class uses a third party package, then the class would be present only if the third party package was found at compile time.  It may be necessary to upgrade Java or install the third party package, reconfigure and recompile.
Because:
-- /home/travis/build/icyphy/ptII/ptolemy/actor/ptalon/demo/ptinyos/SenseToLeds/ptolemy/domains/ptinyos/lib/MicaLeds.xml (No such file or directory)
-- XML file not found relative to classpath.
-- /home/travis/build/icyphy/ptII/ptolemy/vergil/basic/export/test/ptolemy/domains/ptinyos/lib/MicaLeds.xml
/home/travis/build/icyphy/ptII/ptolemy/vergil/basic/export/test/ptolemy/domains/ptinyos/lib/MicaLeds.xml (No such file or directory)
 in file:/home/travis/build/icyphy/ptII/ptolemy/actor/ptalon/demo/ptinyos/SenseToLeds/MicaBoard.xml at line 134 and column 63
	at ptolemy.moml.SimpleErrorHandler.handleError(SimpleErrorHandler.java:75)
	at ptolemy.moml.MoMLParser.startElement(MoMLParser.java:3805)
	at com.microstar.xml.XmlParser.parseElement(XmlParser.java:931)
	at com.microstar.xml.XmlParser.parseDocument(XmlParser.java:481)
	at com.microstar.xml.XmlParser.doParse(XmlParser.java:159)
	at com.microstar.xml.XmlParser.parse(XmlParser.java:132)
	at ptolemy.moml.MoMLParser.parse(MoMLParser.java:1660)
	at ptolemy.moml.MoMLParser.parse(MoMLParser.java:1617)
	at ptolemy.moml.MoMLParser.parse(MoMLParser.java:1792)
	at ptolemy.actor.ptalon.PtalonEvaluator.addActor(PtalonEvaluator.java:241)
	... 56 more
Caused by: ptolemy.kernel.util.IllegalActionException: Cannot find class: ptolemy.actor.ptalon.demo.ptinyos.SenseToLeds.MicaBoard. In Ptolemy, classes are typically Java .class files. Entities like actors may instead be defined within a .xml file.  In any case, the class was not found. If the class uses a third party package, then the class would be present only if the third party package was found at compile time.  It may be necessary to upgrade Java or install the third party package, reconfigure and recompile.
Because:
Element <entity name="MicaLeds" class="ptolemy.domains.ptinyos.lib.MicaLeds"> caused an exception to be thrown.
  in .MicaBoard
Because:
Cannot find class: ptolemy.domains.ptinyos.lib.MicaLeds. In Ptolemy, classes are typically Java .class files. Entities like actors may instead be defined within a .xml file.  In any case, the class was not found. If the class uses a third party package, then the class would be present only if the third party package was found at compile time.  It may be necessary to upgrade Java or install the third party package, reconfigure and recompile.
Because:
-- /home/travis/build/icyphy/ptII/ptolemy/actor/ptalon/demo/ptinyos/SenseToLeds/ptolemy/domains/ptinyos/lib/MicaLeds.xml (No such file or directory)
-- XML file not found relative to classpath.
-- /home/travis/build/icyphy/ptII/ptolemy/vergil/basic/export/test/ptolemy/domains/ptinyos/lib/MicaLeds.xml
/home/travis/build/icyphy/ptII/ptolemy/vergil/basic/export/test/ptolemy/domains/ptinyos/lib/MicaLeds.xml (No such file or directory)
 in file:/home/travis/build/icyphy/ptII/ptolemy/actor/ptalon/demo/ptinyos/SenseToLeds/MicaBoard.xml at line 134 and column 63
	at ptolemy.moml.MoMLParser._createEntity(MoMLParser.java:4330)
	at ptolemy.moml.MoMLParser.startElement(MoMLParser.java:2864)
	... 64 more
Caused by: ptolemy.kernel.util.InternalErrorException: Element <entity name="MicaLeds" class="ptolemy.domains.ptinyos.lib.MicaLeds"> caused an exception to be thrown.
  in .MicaBoard
Because:
Cannot find class: ptolemy.domains.ptinyos.lib.MicaLeds. In Ptolemy, classes are typically Java .class files. Entities like actors may instead be defined within a .xml file.  In any case, the class was not found. If the class uses a third party package, then the class would be present only if the third party package was found at compile time.  It may be necessary to upgrade Java or install the third party package, reconfigure and recompile.
Because:
-- /home/travis/build/icyphy/ptII/ptolemy/actor/ptalon/demo/ptinyos/SenseToLeds/ptolemy/domains/ptinyos/lib/MicaLeds.xml (No such file or directory)
-- XML file not found relative to classpath.
-- /home/travis/build/icyphy/ptII/ptolemy/vergil/basic/export/test/ptolemy/domains/ptinyos/lib/MicaLeds.xml
/home/travis/build/icyphy/ptII/ptolemy/vergil/basic/export/test/ptolemy/domains/ptinyos/lib/MicaLeds.xml (No such file or directory)
 in file:/home/travis/build/icyphy/ptII/ptolemy/actor/ptalon/demo/ptinyos/SenseToLeds/MicaBoard.xml at line 134 and column 63
	at ptolemy.moml.SimpleErrorHandler.handleError(SimpleErrorHandler.java:75)
	at ptolemy.moml.MoMLParser.startElement(MoMLParser.java:3805)
	at com.microstar.xml.XmlParser.parseElement(XmlParser.java:921)
	at com.microstar.xml.XmlParser.parseContent(XmlParser.java:1104)
	at com.microstar.xml.XmlParser.parseElement(XmlParser.java:924)
	at com.microstar.xml.XmlParser.parseDocument(XmlParser.java:481)
	at com.microstar.xml.XmlParser.doParse(XmlParser.java:159)
	at com.microstar.xml.XmlParser.parse(XmlParser.java:132)
	at ptolemy.moml.MoMLParser.parse(MoMLParser.java:1676)
	at ptolemy.moml.MoMLParser.parse(MoMLParser.java:1595)
	at ptolemy.moml.MoMLParser.parse(MoMLParser.java:1537)
	at ptolemy.moml.MoMLParser._findOrParse(MoMLParser.java:5286)
	at ptolemy.moml.MoMLParser._attemptToFindMoMLClass(MoMLParser.java:4075)
	at ptolemy.moml.MoMLParser._createEntity(MoMLParser.java:4323)
	... 65 more
Caused by: ptolemy.kernel.util.IllegalActionException: Cannot find class: ptolemy.domains.ptinyos.lib.MicaLeds. In Ptolemy, classes are typically Java .class files. Entities like actors may instead be defined within a .xml file.  In any case, the class was not found. If the class uses a third party package, then the class would be present only if the third party package was found at compile time.  It may be necessary to upgrade Java or install the third party package, reconfigure and recompile.
Because:
-- /home/travis/build/icyphy/ptII/ptolemy/actor/ptalon/demo/ptinyos/SenseToLeds/ptolemy/domains/ptinyos/lib/MicaLeds.xml (No such file or directory)
-- XML file not found relative to classpath.
-- /home/travis/build/icyphy/ptII/ptolemy/vergil/basic/export/test/ptolemy/domains/ptinyos/lib/MicaLeds.xml
/home/travis/build/icyphy/ptII/ptolemy/vergil/basic/export/test/ptolemy/domains/ptinyos/lib/MicaLeds.xml (No such file or directory)
 in file:/home/travis/build/icyphy/ptII/ptolemy/actor/ptalon/demo/ptinyos/SenseToLeds/MicaBoard.xml at line 134 and column 63
	at ptolemy.moml.MoMLParser._createEntity(MoMLParser.java:4330)
	at ptolemy.moml.MoMLParser.startElement(MoMLParser.java:2864)
	... 77 more
Caused by: com.microstar.xml.XmlException: -- /home/travis/build/icyphy/ptII/ptolemy/actor/ptalon/demo/ptinyos/SenseToLeds/ptolemy/domains/ptinyos/lib/MicaLeds.xml (No such file or directory)
-- XML file not found relative to classpath.
-- /home/travis/build/icyphy/ptII/ptolemy/vergil/basic/export/test/ptolemy/domains/ptinyos/lib/MicaLeds.xml
/home/travis/build/icyphy/ptII/ptolemy/vergil/basic/export/test/ptolemy/domains/ptinyos/lib/MicaLeds.xml (No such file or directory)
 in file:/home/travis/build/icyphy/ptII/ptolemy/actor/ptalon/demo/ptinyos/SenseToLeds/MicaBoard.xml at line 134 and column 63
	at ptolemy.moml.MoMLParser.fileNameToURL(MoMLParser.java:1414)
	at ptolemy.moml.MoMLParser._findOrParse(MoMLParser.java:5283)
	at ptolemy.moml.MoMLParser._attemptToFindMoMLClass(MoMLParser.java:4075)
	at ptolemy.moml.MoMLParser._createEntity(MoMLParser.java:4323)
	... 78 more
Failed to read file:/home/travis/build/icyphy/ptII/ptolemy/actor/ptalon/demo/ptinyos/SenseToLeds/SenseToLeds.xml
ptolemy.kernel.util.IllegalActionException: Failed to process attribute change to PtalonParameter, whose value is "ptolemy.actor.ptalon.PtalonExpressionParameter {.SenseToLeds.SenseToLeds.n} 2".
  in .SenseToLeds.SenseToLeds
Because:
Unable to add actor null
	at ptolemy.actor.ptalon.PtalonActor.attributeChanged(PtalonActor.java:211)
	at ptolemy.actor.ptalon.PtalonMLHandler.startElement(PtalonMLHandler.java:134)
	at com.microstar.xml.XmlParser.parseElement(XmlParser.java:921)
	at com.microstar.xml.XmlParser.parseContent(XmlParser.java:1104)
	at com.microstar.xml.XmlParser.parseElement(XmlParser.java:924)
	at com.microstar.xml.XmlParser.parseDocument(XmlParser.java:481)
	at com.microstar.xml.XmlParser.doParse(XmlParser.java:159)
	at com.microstar.xml.XmlParser.parse(XmlParser.java:132)
	at ptolemy.actor.ptalon.PtalonActor.configure(PtalonActor.java:240)
	at ptolemy.moml.MoMLParser.endElement(MoMLParser.java:996)
	at com.microstar.xml.XmlParser.parseETag(XmlParser.java:1026)
	at com.microstar.xml.XmlParser.parseContent(XmlParser.java:1098)
	at com.microstar.xml.XmlParser.parseElement(XmlParser.java:924)
	at com.microstar.xml.XmlParser.parseContent(XmlParser.java:1104)
	at com.microstar.xml.XmlParser.parseElement(XmlParser.java:924)
	at com.microstar.xml.XmlParser.parseContent(XmlParser.java:1104)
	at com.microstar.xml.XmlParser.parseElement(XmlParser.java:924)
	at com.microstar.xml.XmlParser.parseDocument(XmlParser.java:481)
	at com.microstar.xml.XmlParser.doParse(XmlParser.java:159)
	at com.microstar.xml.XmlParser.parse(XmlParser.java:132)
	at ptolemy.moml.MoMLParser.parse(MoMLParser.java:1676)
	at ptolemy.moml.MoMLParser.parse(MoMLParser.java:1595)
	at ptolemy.moml.MoMLParser.parse(MoMLParser.java:1537)
	at ptolemy.actor.gui.PtolemyEffigy$Factory.createEffigy(PtolemyEffigy.java:424)
	at ptolemy.actor.gui.EffigyFactory.createEffigy(EffigyFactory.java:234)
	at ptolemy.actor.gui.Configuration.openModel(Configuration.java:1125)
	at ptolemy.actor.gui.Configuration.openModel(Configuration.java:1051)
	at ptolemy.actor.gui.ConfigurationApplication._openModel(ConfigurationApplication.java:1252)
	at ptolemy.actor.gui.ConfigurationApplication._parseArg(ConfigurationApplication.java:1399)
	at ptolemy.actor.gui.ConfigurationApplication._parseArgs(ConfigurationApplication.java:1478)
	at ptolemy.actor.gui.ConfigurationApplication.<init>(ConfigurationApplication.java:277)
	at ptolemy.actor.gui.ConfigurationApplication.<init>(ConfigurationApplication.java:214)
	at ptolemy.actor.gui.ConfigurationApplication.<init>(ConfigurationApplication.java:201)
	at ptolemy.actor.gui.ConfigurationApplication.openModelOrEntity(ConfigurationApplication.java:680)
	at ptolemy.vergil.basic.export.ExportModel$1.run(ExportModel.java:220)
	at java.awt.event.InvocationEvent.dispatch(InvocationEvent.java:301)
	at java.awt.EventQueue.dispatchEventImpl(EventQueue.java:756)
	at java.awt.EventQueue.access$500(EventQueue.java:97)
	at java.awt.EventQueue$3.run(EventQueue.java:709)
	at java.awt.EventQueue$3.run(EventQueue.java:703)
	at java.security.AccessController.doPrivileged(Native Method)
	at java.security.ProtectionDomain$JavaSecurityAccessImpl.doIntersectionPrivilege(ProtectionDomain.java:80)
	at java.awt.EventQueue.dispatchEvent(EventQueue.java:726)
	at java.awt.EventDispatchThread.pumpOneEventForFilters(EventDispatchThread.java:201)
	at java.awt.EventDispatchThread.pumpEventsForFilter(EventDispatchThread.java:116)
	at java.awt.EventDispatchThread.pumpEventsForHierarchy(EventDispatchThread.java:105)
	at java.awt.EventDispatchThread.pumpEvents(EventDispatchThread.java:101)
	at java.awt.EventDispatchThread.pumpEvents(EventDispatchThread.java:93)
	at java.awt.EventDispatchThread.run(EventDispatchThread.java:82)
Caused by: ptolemy.actor.ptalon.PtalonRuntimeException: Unable to add actor null
	at ptolemy.actor.ptalon.PtalonEvaluator.addActor(PtalonEvaluator.java:300)
	at ptolemy.actor.ptalon.PtalonPopulator.actor_declaration(PtalonPopulator.java:1574)
	at ptolemy.actor.ptalon.PtalonPopulator.atomic_statement(PtalonPopulator.java:1638)
	at ptolemy.actor.ptalon.PtalonPopulator.iterative_statement_evaluator(PtalonPopulator.java:2484)
	at ptolemy.actor.ptalon.AbstractPtalonEvaluator$IfTree.evaluateForScope(AbstractPtalonEvaluator.java:1307)
	at ptolemy.actor.ptalon.AbstractPtalonEvaluator.evaluateForScope(AbstractPtalonEvaluator.java:744)
	at ptolemy.actor.ptalon.PtalonPopulator.iterative_statement(PtalonPopulator.java:2363)
	at ptolemy.actor.ptalon.PtalonPopulator.actor_definition(PtalonPopulator.java:2809)
	at ptolemy.actor.ptalon.PtalonActor.attributeChanged(PtalonActor.java:206)
	... 48 more
Caused by: ptolemy.kernel.util.InternalErrorException: Element <entity name="node1" class="ptolemy.actor.ptalon.demo.ptinyos.SenseToLeds.MicaBoard"> caused an exception to be thrown.
  in .SenseToLeds.SenseToLeds
Because:
Cannot find class: ptolemy.actor.ptalon.demo.ptinyos.SenseToLeds.MicaBoard. In Ptolemy, classes are typically Java .class files. Entities like actors may instead be defined within a .xml file.  In any case, the class was not found. If the class uses a third party package, then the class would be present only if the third party package was found at compile time.  It may be necessary to upgrade Java or install the third party package, reconfigure and recompile.
Because:
Element <entity name="MicaLeds" class="ptolemy.domains.ptinyos.lib.MicaLeds"> caused an exception to be thrown.
  in .MicaBoard
Because:
Cannot find class: ptolemy.domains.ptinyos.lib.MicaLeds. In Ptolemy, classes are typically Java .class files. Entities like actors may instead be defined within a .xml file.  In any case, the class was not found. If the class uses a third party package, then the class would be present only if the third party package was found at compile time.  It may be necessary to upgrade Java or install the third party package, reconfigure and recompile.
Because:
-- /home/travis/build/icyphy/ptII/ptolemy/actor/ptalon/demo/ptinyos/SenseToLeds/ptolemy/domains/ptinyos/lib/MicaLeds.xml (No such file or directory)
-- XML file not found relative to classpath.
-- /home/travis/build/icyphy/ptII/ptolemy/vergil/basic/export/test/ptolemy/domains/ptinyos/lib/MicaLeds.xml
/home/travis/build/icyphy/ptII/ptolemy/vergil/basic/export/test/ptolemy/domains/ptinyos/lib/MicaLeds.xml (No such file or directory)
 in file:/home/travis/build/icyphy/ptII/ptolemy/actor/ptalon/demo/ptinyos/SenseToLeds/MicaBoard.xml at line 134 and column 63
	at ptolemy.moml.SimpleErrorHandler.handleError(SimpleErrorHandler.java:75)
	at ptolemy.moml.MoMLParser.startElement(MoMLParser.java:3805)
	at com.microstar.xml.XmlParser.parseElement(XmlParser.java:931)
	at com.microstar.xml.XmlParser.parseDocument(XmlParser.java:481)
	at com.microstar.xml.XmlParser.doParse(XmlParser.java:159)
	at com.microstar.xml.XmlParser.parse(XmlParser.java:132)
	at ptolemy.moml.MoMLParser.parse(MoMLParser.java:1660)
	at ptolemy.moml.MoMLParser.parse(MoMLParser.java:1617)
	at ptolemy.moml.MoMLParser.parse(MoMLParser.java:1792)
	at ptolemy.actor.ptalon.PtalonEvaluator.addActor(PtalonEvaluator.java:241)
	... 56 more
Caused by: ptolemy.kernel.util.IllegalActionException: Cannot find class: ptolemy.actor.ptalon.demo.ptinyos.SenseToLeds.MicaBoard. In Ptolemy, classes are typically Java .class files. Entities like actors may instead be defined within a .xml file.  In any case, the class was not found. If the class uses a third party package, then the class would be present only if the third party package was found at compile time.  It may be necessary to upgrade Java or install the third party package, reconfigure and recompile.
Because:
Element <entity name="MicaLeds" class="ptolemy.domains.ptinyos.lib.MicaLeds"> caused an exception to be thrown.
  in .MicaBoard
Because:
Cannot find class: ptolemy.domains.ptinyos.lib.MicaLeds. In Ptolemy, classes are typically Java .class files. Entities like actors may instead be defined within a .xml file.  In any case, the class was not found. If the class uses a third party package, then the class would be present only if the third party package was found at compile time.  It may be necessary to upgrade Java or install the third party package, reconfigure and recompile.
Because:
-- /home/travis/build/icyphy/ptII/ptolemy/actor/ptalon/demo/ptinyos/SenseToLeds/ptolemy/domains/ptinyos/lib/MicaLeds.xml (No such file or directory)
-- XML file not found relative to classpath.
-- /home/travis/build/icyphy/ptII/ptolemy/vergil/basic/export/test/ptolemy/domains/ptinyos/lib/MicaLeds.xml
/home/travis/build/icyphy/ptII/ptolemy/vergil/basic/export/test/ptolemy/domains/ptinyos/lib/MicaLeds.xml (No such file or directory)
 in file:/home/travis/build/icyphy/ptII/ptolemy/actor/ptalon/demo/ptinyos/SenseToLeds/MicaBoard.xml at line 134 and column 63
	at ptolemy.moml.MoMLParser._createEntity(MoMLParser.java:4330)
	at ptolemy.moml.MoMLParser.startElement(MoMLParser.java:2864)
	... 64 more
Caused by: ptolemy.kernel.util.InternalErrorException: Element <entity name="MicaLeds" class="ptolemy.domains.ptinyos.lib.MicaLeds"> caused an exception to be thrown.
  in .MicaBoard
Because:
Cannot find class: ptolemy.domains.ptinyos.lib.MicaLeds. In Ptolemy, classes are typically Java .class files. Entities like actors may instead be defined within a .xml file.  In any case, the class was not found. If the class uses a third party package, then the class would be present only if the third party package was found at compile time.  It may be necessary to upgrade Java or install the third party package, reconfigure and recompile.
Because:
-- /home/travis/build/icyphy/ptII/ptolemy/actor/ptalon/demo/ptinyos/SenseToLeds/ptolemy/domains/ptinyos/lib/MicaLeds.xml (No such file or directory)
-- XML file not found relative to classpath.
-- /home/travis/build/icyphy/ptII/ptolemy/vergil/basic/export/test/ptolemy/domains/ptinyos/lib/MicaLeds.xml
/home/travis/build/icyphy/ptII/ptolemy/vergil/basic/export/test/ptolemy/domains/ptinyos/lib/MicaLeds.xml (No such file or directory)
 in file:/home/travis/build/icyphy/ptII/ptolemy/actor/ptalon/demo/ptinyos/SenseToLeds/MicaBoard.xml at line 134 and column 63
	at ptolemy.moml.SimpleErrorHandler.handleError(SimpleErrorHandler.java:75)
	at ptolemy.moml.MoMLParser.startElement(MoMLParser.java:3805)
	at com.microstar.xml.XmlParser.parseElement(XmlParser.java:921)
	at com.microstar.xml.XmlParser.parseContent(XmlParser.java:1104)
	at com.microstar.xml.XmlParser.parseElement(XmlParser.java:924)
	at com.microstar.xml.XmlParser.parseDocument(XmlParser.java:481)
	at com.microstar.xml.XmlParser.doParse(XmlParser.java:159)
	at com.microstar.xml.XmlParser.parse(XmlParser.java:132)
	at ptolemy.moml.MoMLParser.parse(MoMLParser.java:1676)
	at ptolemy.moml.MoMLParser.parse(MoMLParser.java:1595)
	at ptolemy.moml.MoMLParser.parse(MoMLParser.java:1537)
	at ptolemy.moml.MoMLParser._findOrParse(MoMLParser.java:5286)
	at ptolemy.moml.MoMLParser._attemptToFindMoMLClass(MoMLParser.java:4075)
	at ptolemy.moml.MoMLParser._createEntity(MoMLParser.java:4323)
	... 65 more
Caused by: ptolemy.kernel.util.IllegalActionException: Cannot find class: ptolemy.domains.ptinyos.lib.MicaLeds. In Ptolemy, classes are typically Java .class files. Entities like actors may instead be defined within a .xml file.  In any case, the class was not found. If the class uses a third party package, then the class would be present only if the third party package was found at compile time.  It may be necessary to upgrade Java or install the third party package, reconfigure and recompile.
Because:
-- /home/travis/build/icyphy/ptII/ptolemy/actor/ptalon/demo/ptinyos/SenseToLeds/ptolemy/domains/ptinyos/lib/MicaLeds.xml (No such file or directory)
-- XML file not found relative to classpath.
-- /home/travis/build/icyphy/ptII/ptolemy/vergil/basic/export/test/ptolemy/domains/ptinyos/lib/MicaLeds.xml
/home/travis/build/icyphy/ptII/ptolemy/vergil/basic/export/test/ptolemy/domains/ptinyos/lib/MicaLeds.xml (No such file or directory)
 in file:/home/travis/build/icyphy/ptII/ptolemy/actor/ptalon/demo/ptinyos/SenseToLeds/MicaBoard.xml at line 134 and column 63
	at ptolemy.moml.MoMLParser._createEntity(MoMLParser.java:4330)
	at ptolemy.moml.MoMLParser.startElement(MoMLParser.java:2864)
	... 77 more
Caused by: com.microstar.xml.XmlException: -- /home/travis/build/icyphy/ptII/ptolemy/actor/ptalon/demo/ptinyos/SenseToLeds/ptolemy/domains/ptinyos/lib/MicaLeds.xml (No such file or directory)
-- XML file not found relative to classpath.
-- /home/travis/build/icyphy/ptII/ptolemy/vergil/basic/export/test/ptolemy/domains/ptinyos/lib/MicaLeds.xml
/home/travis/build/icyphy/ptII/ptolemy/vergil/basic/export/test/ptolemy/domains/ptinyos/lib/MicaLeds.xml (No such file or directory)
 in file:/home/travis/build/icyphy/ptII/ptolemy/actor/ptalon/demo/ptinyos/SenseToLeds/MicaBoard.xml at line 134 and column 63
	at ptolemy.moml.MoMLParser.fileNameToURL(MoMLParser.java:1414)
	at ptolemy.moml.MoMLParser._findOrParse(MoMLParser.java:5283)
	at ptolemy.moml.MoMLParser._attemptToFindMoMLClass(MoMLParser.java:4075)
	at ptolemy.moml.MoMLParser._createEntity(MoMLParser.java:4323)
	... 78 more
Caused by: ptolemy.actor.ptalon.PtalonRuntimeException: Unable to add actor null
	at ptolemy.actor.ptalon.PtalonEvaluator.addActor(PtalonEvaluator.java:300)
	at ptolemy.actor.ptalon.PtalonPopulator.actor_declaration(PtalonPopulator.java:1574)
	at ptolemy.actor.ptalon.PtalonPopulator.atomic_statement(PtalonPopulator.java:1638)
	at ptolemy.actor.ptalon.PtalonPopulator.iterative_statement_evaluator(PtalonPopulator.java:2484)
	at ptolemy.actor.ptalon.AbstractPtalonEvaluator$IfTree.evaluateForScope(AbstractPtalonEvaluator.java:1307)
	at ptolemy.actor.ptalon.AbstractPtalonEvaluator.evaluateForScope(AbstractPtalonEvaluator.java:744)
	at ptolemy.actor.ptalon.PtalonPopulator.iterative_statement(PtalonPopulator.java:2363)
	at ptolemy.actor.ptalon.PtalonPopulator.actor_definition(PtalonPopulator.java:2809)
	at ptolemy.actor.ptalon.PtalonActor.attributeChanged(PtalonActor.java:206)
	at ptolemy.actor.ptalon.PtalonMLHandler.startElement(PtalonMLHandler.java:134)
	at com.microstar.xml.XmlParser.parseElement(XmlParser.java:921)
	at com.microstar.xml.XmlParser.parseContent(XmlParser.java:1104)
	at com.microstar.xml.XmlParser.parseElement(XmlParser.java:924)
	at com.microstar.xml.XmlParser.parseDocument(XmlParser.java:481)
	at com.microstar.xml.XmlParser.doParse(XmlParser.java:159)
	at com.microstar.xml.XmlParser.parse(XmlParser.java:132)
	at ptolemy.actor.ptalon.PtalonActor.configure(PtalonActor.java:240)
	at ptolemy.moml.MoMLParser.endElement(MoMLParser.java:996)
	at com.microstar.xml.XmlParser.parseETag(XmlParser.java:1026)
	at com.microstar.xml.XmlParser.parseContent(XmlParser.java:1098)
	at com.microstar.xml.XmlParser.parseElement(XmlParser.java:924)
	at com.microstar.xml.XmlParser.parseContent(XmlParser.java:1104)
	at com.microstar.xml.XmlParser.parseElement(XmlParser.java:924)
	at com.microstar.xml.XmlParser.parseContent(XmlParser.java:1104)
	at com.microstar.xml.XmlParser.parseElement(XmlParser.java:924)
	at com.microstar.xml.XmlParser.parseDocument(XmlParser.java:481)
	at com.microstar.xml.XmlParser.doParse(XmlParser.java:159)
	at com.microstar.xml.XmlParser.parse(XmlParser.java:132)
	at ptolemy.moml.MoMLParser.parse(MoMLParser.java:1676)
	at ptolemy.moml.MoMLParser.parse(MoMLParser.java:1595)
	at ptolemy.moml.MoMLParser.parse(MoMLParser.java:1537)
	at ptolemy.actor.gui.PtolemyEffigy$Factory.createEffigy(PtolemyEffigy.java:424)
	at ptolemy.actor.gui.EffigyFactory.createEffigy(EffigyFactory.java:234)
	at ptolemy.actor.gui.Configuration.openModel(Configuration.java:1125)
	at ptolemy.actor.gui.Configuration.openModel(Configuration.java:1051)
	at ptolemy.actor.gui.ConfigurationApplication._openModel(ConfigurationApplication.java:1252)
	at ptolemy.actor.gui.ConfigurationApplication._parseArg(ConfigurationApplication.java:1399)
	at ptolemy.actor.gui.ConfigurationApplication._parseArgs(ConfigurationApplication.java:1478)
	at ptolemy.actor.gui.ConfigurationApplication.<init>(ConfigurationApplication.java:277)
	at ptolemy.actor.gui.ConfigurationApplication.<init>(ConfigurationApplication.java:214)
	at ptolemy.actor.gui.ConfigurationApplication.<init>(ConfigurationApplication.java:201)
	at ptolemy.actor.gui.ConfigurationApplication.openModelOrEntity(ConfigurationApplication.java:680)
	at ptolemy.vergil.basic.export.ExportModel$1.run(ExportModel.java:220)
	at java.awt.event.InvocationEvent.dispatch(InvocationEvent.java:301)
	at java.awt.EventQueue.dispatchEventImpl(EventQueue.java:756)
	at java.awt.EventQueue.access$500(EventQueue.java:97)
	at java.awt.EventQueue$3.run(EventQueue.java:709)
	at java.awt.EventQueue$3.run(EventQueue.java:703)
	at java.security.AccessController.doPrivileged(Native Method)
	at java.security.ProtectionDomain$JavaSecurityAccessImpl.doIntersectionPrivilege(ProtectionDomain.java:80)
	at java.awt.EventQueue.dispatchEvent(EventQueue.java:726)
	at java.awt.EventDispatchThread.pumpOneEventForFilters(EventDispatchThread.java:201)
	at java.awt.EventDispatchThread.pumpEventsForFilter(EventDispatchThread.java:116)
	at java.awt.EventDispatchThread.pumpEventsForHierarchy(EventDispatchThread.java:105)
	at java.awt.EventDispatchThread.pumpEvents(EventDispatchThread.java:101)
	at java.awt.EventDispatchThread.pumpEvents(EventDispatchThread.java:93)
	at java.awt.EventDispatchThread.run(EventDispatchThread.java:82)
Caused by: ptolemy.kernel.util.InternalErrorException: Element <entity name="node1" class="ptolemy.actor.ptalon.demo.ptinyos.SenseToLeds.MicaBoard"> caused an exception to be thrown.
  in .SenseToLeds.SenseToLeds
Because:
Cannot find class: ptolemy.actor.ptalon.demo.ptinyos.SenseToLeds.MicaBoard. In Ptolemy, classes are typically Java .class files. Entities like actors may instead be defined within a .xml file.  In any case, the class was not found. If the class uses a third party package, then the class would be present only if the third party package was found at compile time.  It may be necessary to upgrade Java or install the third party package, reconfigure and recompile.
Because:
Element <entity name="MicaLeds" class="ptolemy.domains.ptinyos.lib.MicaLeds"> caused an exception to be thrown.
  in .MicaBoard
Because:
Cannot find class: ptolemy.domains.ptinyos.lib.MicaLeds. In Ptolemy, classes are typically Java .class files. Entities like actors may instead be defined within a .xml file.  In any case, the class was not found. If the class uses a third party package, then the class would be present only if the third party package was found at compile time.  It may be necessary to upgrade Java or install the third party package, reconfigure and recompile.
Because:
-- /home/travis/build/icyphy/ptII/ptolemy/actor/ptalon/demo/ptinyos/SenseToLeds/ptolemy/domains/ptinyos/lib/MicaLeds.xml (No such file or directory)
-- XML file not found relative to classpath.
-- /home/travis/build/icyphy/ptII/ptolemy/vergil/basic/export/test/ptolemy/domains/ptinyos/lib/MicaLeds.xml
/home/travis/build/icyphy/ptII/ptolemy/vergil/basic/export/test/ptolemy/domains/ptinyos/lib/MicaLeds.xml (No such file or directory)
 in file:/home/travis/build/icyphy/ptII/ptolemy/actor/ptalon/demo/ptinyos/SenseToLeds/MicaBoard.xml at line 134 and column 63
	at ptolemy.moml.SimpleErrorHandler.handleError(SimpleErrorHandler.java:75)
	at ptolemy.moml.MoMLParser.startElement(MoMLParser.java:3805)
	at com.microstar.xml.XmlParser.parseElement(XmlParser.java:931)
	at com.microstar.xml.XmlParser.parseDocument(XmlParser.java:481)
	at com.microstar.xml.XmlParser.doParse(XmlParser.java:159)
	at com.microstar.xml.XmlParser.parse(XmlParser.java:132)
	at ptolemy.moml.MoMLParser.parse(MoMLParser.java:1660)
	at ptolemy.moml.MoMLParser.parse(MoMLParser.java:1617)
	at ptolemy.moml.MoMLParser.parse(MoMLParser.java:1792)
	at ptolemy.actor.ptalon.PtalonEvaluator.addActor(PtalonEvaluator.java:241)
	... 56 more
Caused by: ptolemy.kernel.util.IllegalActionException: Cannot find class: ptolemy.actor.ptalon.demo.ptinyos.SenseToLeds.MicaBoard. In Ptolemy, classes are typically Java .class files. Entities like actors may instead be defined within a .xml file.  In any case, the class was not found. If the class uses a third party package, then the class would be present only if the third party package was found at compile time.  It may be necessary to upgrade Java or install the third party package, reconfigure and recompile.
Because:
Element <entity name="MicaLeds" class="ptolemy.domains.ptinyos.lib.MicaLeds"> caused an exception to be thrown.
  in .MicaBoard
Because:
Cannot find class: ptolemy.domains.ptinyos.lib.MicaLeds. In Ptolemy, classes are typically Java .class files. Entities like actors may instead be defined within a .xml file.  In any case, the class was not found. If the class uses a third party package, then the class would be present only if the third party package was found at compile time.  It may be necessary to upgrade Java or install the third party package, reconfigure and recompile.
Because:
-- /home/travis/build/icyphy/ptII/ptolemy/actor/ptalon/demo/ptinyos/SenseToLeds/ptolemy/domains/ptinyos/lib/MicaLeds.xml (No such file or directory)
-- XML file not found relative to classpath.
-- /home/travis/build/icyphy/ptII/ptolemy/vergil/basic/export/test/ptolemy/domains/ptinyos/lib/MicaLeds.xml
/home/travis/build/icyphy/ptII/ptolemy/vergil/basic/export/test/ptolemy/domains/ptinyos/lib/MicaLeds.xml (No such file or directory)
 in file:/home/travis/build/icyphy/ptII/ptolemy/actor/ptalon/demo/ptinyos/SenseToLeds/MicaBoard.xml at line 134 and column 63
	at ptolemy.moml.MoMLParser._createEntity(MoMLParser.java:4330)
	at ptolemy.moml.MoMLParser.startElement(MoMLParser.java:2864)
	... 64 more
Caused by: ptolemy.kernel.util.InternalErrorException: Element <entity name="MicaLeds" class="ptolemy.domains.ptinyos.lib.MicaLeds"> caused an exception to be thrown.
  in .MicaBoard
Because:
Cannot find class: ptolemy.domains.ptinyos.lib.MicaLeds. In Ptolemy, classes are typically Java .class files. Entities like actors may instead be defined within a .xml file.  In any case, the class was not found. If the class uses a third party package, then the class would be present only if the third party package was found at compile time.  It may be necessary to upgrade Java or install the third party package, reconfigure and recompile.
Because:
-- /home/travis/build/icyphy/ptII/ptolemy/actor/ptalon/demo/ptinyos/SenseToLeds/ptolemy/domains/ptinyos/lib/MicaLeds.xml (No such file or directory)
-- XML file not found relative to classpath.
-- /home/travis/build/icyphy/ptII/ptolemy/vergil/basic/export/test/ptolemy/domains/ptinyos/lib/MicaLeds.xml
/home/travis/build/icyphy/ptII/ptolemy/vergil/basic/export/test/ptolemy/domains/ptinyos/lib/MicaLeds.xml (No such file or directory)
 in file:/home/travis/build/icyphy/ptII/ptolemy/actor/ptalon/demo/ptinyos/SenseToLeds/MicaBoard.xml at line 134 and column 63
	at ptolemy.moml.SimpleErrorHandler.handleError(SimpleErrorHandler.java:75)
	at ptolemy.moml.MoMLParser.startElement(MoMLParser.java:3805)
	at com.microstar.xml.XmlParser.parseElement(XmlParser.java:921)
	at com.microstar.xml.XmlParser.parseContent(XmlParser.java:1104)
	at com.microstar.xml.XmlParser.parseElement(XmlParser.java:924)
	at com.microstar.xml.XmlParser.parseDocument(XmlParser.java:481)
	at com.microstar.xml.XmlParser.doParse(XmlParser.java:159)
	at com.microstar.xml.XmlParser.parse(XmlParser.java:132)
	at ptolemy.moml.MoMLParser.parse(MoMLParser.java:1676)
	at ptolemy.moml.MoMLParser.parse(MoMLParser.java:1595)
	at ptolemy.moml.MoMLParser.parse(MoMLParser.java:1537)
	at ptolemy.moml.MoMLParser._findOrParse(MoMLParser.java:5286)
	at ptolemy.moml.MoMLParser._attemptToFindMoMLClass(MoMLParser.java:4075)
	at ptolemy.moml.MoMLParser._createEntity(MoMLParser.java:4323)
	... 65 more
Caused by: ptolemy.kernel.util.IllegalActionException: Cannot find class: ptolemy.domains.ptinyos.lib.MicaLeds. In Ptolemy, classes are typically Java .class files. Entities like actors may instead be defined within a .xml file.  In any case, the class was not found. If the class uses a third party package, then the class would be present only if the third party package was found at compile time.  It may be necessary to upgrade Java or install the third party package, reconfigure and recompile.
Because:
-- /home/travis/build/icyphy/ptII/ptolemy/actor/ptalon/demo/ptinyos/SenseToLeds/ptolemy/domains/ptinyos/lib/MicaLeds.xml (No such file or directory)
-- XML file not found relative to classpath.
-- /home/travis/build/icyphy/ptII/ptolemy/vergil/basic/export/test/ptolemy/domains/ptinyos/lib/MicaLeds.xml
/home/travis/build/icyphy/ptII/ptolemy/vergil/basic/export/test/ptolemy/domains/ptinyos/lib/MicaLeds.xml (No such file or directory)
 in file:/home/travis/build/icyphy/ptII/ptolemy/actor/ptalon/demo/ptinyos/SenseToLeds/MicaBoard.xml at line 134 and column 63
	at ptolemy.moml.MoMLParser._createEntity(MoMLParser.java:4330)
	at ptolemy.moml.MoMLParser.startElement(MoMLParser.java:2864)
	... 77 more
Caused by: com.microstar.xml.XmlException: -- /home/travis/build/icyphy/ptII/ptolemy/actor/ptalon/demo/ptinyos/SenseToLeds/ptolemy/domains/ptinyos/lib/MicaLeds.xml (No such file or directory)
-- XML file not found relative to classpath.
-- /home/travis/build/icyphy/ptII/ptolemy/vergil/basic/export/test/ptolemy/domains/ptinyos/lib/MicaLeds.xml
/home/travis/build/icyphy/ptII/ptolemy/vergil/basic/export/test/ptolemy/domains/ptinyos/lib/MicaLeds.xml (No such file or directory)
 in file:/home/travis/build/icyphy/ptII/ptolemy/actor/ptalon/demo/ptinyos/SenseToLeds/MicaBoard.xml at line 134 and column 63
	at ptolemy.moml.MoMLParser.fileNameToURL(MoMLParser.java:1414)
	at ptolemy.moml.MoMLParser._findOrParse(MoMLParser.java:5283)
	at ptolemy.moml.MoMLParser._attemptToFindMoMLClass(MoMLParser.java:4075)
	at ptolemy.moml.MoMLParser._createEntity(MoMLParser.java:4323)
	... 78 more
Failed to read file:/home/travis/build/icyphy/ptII/ptolemy/actor/ptalon/demo/ptinyos/SenseToLeds/SenseToLeds.xml
ptolemy.kernel.util.IllegalActionException: Failed to process attribute change to PtalonParameter, whose value is "ptolemy.actor.ptalon.PtalonExpressionParameter {.SenseToLeds.SenseToLeds.n} 2".
  in .SenseToLeds.SenseToLeds
Because:
Unable to add actor null
	at ptolemy.actor.ptalon.PtalonActor.attributeChanged(PtalonActor.java:211)
	at ptolemy.actor.ptalon.PtalonMLHandler.startElement(PtalonMLHandler.java:134)
	at com.microstar.xml.XmlParser.parseElement(XmlParser.java:921)
	at com.microstar.xml.XmlParser.parseContent(XmlParser.java:1104)
	at com.microstar.xml.XmlParser.parseElement(XmlParser.java:924)
	at com.microstar.xml.XmlParser.parseDocument(XmlParser.java:481)
	at com.microstar.xml.XmlParser.doParse(XmlParser.java:159)
	at com.microstar.xml.XmlParser.parse(XmlParser.java:132)
	at ptolemy.actor.ptalon.PtalonActor.configure(PtalonActor.java:240)
	at ptolemy.moml.MoMLParser.endElement(MoMLParser.java:996)
	at com.microstar.xml.XmlParser.parseETag(XmlParser.java:1026)
	at com.microstar.xml.XmlParser.parseContent(XmlParser.java:1098)
	at com.microstar.xml.XmlParser.parseElement(XmlParser.java:924)
	at com.microstar.xml.XmlParser.parseContent(XmlParser.java:1104)
	at com.microstar.xml.XmlParser.parseElement(XmlParser.java:924)
	at com.microstar.xml.XmlParser.parseContent(XmlParser.java:1104)
	at com.microstar.xml.XmlParser.parseElement(XmlParser.java:924)
	at com.microstar.xml.XmlParser.parseDocument(XmlParser.java:481)
	at com.microstar.xml.XmlParser.doParse(XmlParser.java:159)
	at com.microstar.xml.XmlParser.parse(XmlParser.java:132)
	at ptolemy.moml.MoMLParser.parse(MoMLParser.java:1676)
	at ptolemy.moml.MoMLParser.parse(MoMLParser.java:1595)
	at ptolemy.moml.MoMLParser.parse(MoMLParser.java:1537)
	at ptolemy.actor.gui.PtolemyEffigy$Factory.createEffigy(PtolemyEffigy.java:424)
	at ptolemy.actor.gui.EffigyFactory.createEffigy(EffigyFactory.java:234)
	at ptolemy.actor.gui.Configuration.openModel(Configuration.java:1125)
	at ptolemy.actor.gui.Configuration.openModel(Configuration.java:1051)
	at ptolemy.actor.gui.ConfigurationApplication._openModel(ConfigurationApplication.java:1252)
	at ptolemy.actor.gui.ConfigurationApplication._parseArg(ConfigurationApplication.java:1399)
	at ptolemy.actor.gui.ConfigurationApplication._parseArgs(ConfigurationApplication.java:1478)
	at ptolemy.actor.gui.ConfigurationApplication.<init>(ConfigurationApplication.java:277)
	at ptolemy.actor.gui.ConfigurationApplication.<init>(ConfigurationApplication.java:214)
	at ptolemy.actor.gui.ConfigurationApplication.<init>(ConfigurationApplication.java:201)
	at ptolemy.actor.gui.ConfigurationApplication.openModelOrEntity(ConfigurationApplication.java:680)
	at ptolemy.vergil.basic.export.ExportModel$1.run(ExportModel.java:220)
	at java.awt.event.InvocationEvent.dispatch(InvocationEvent.java:301)
	at java.awt.EventQueue.dispatchEventImpl(EventQueue.java:756)
	at java.awt.EventQueue.access$500(EventQueue.java:97)
	at java.awt.EventQueue$3.run(EventQueue.java:709)
	at java.awt.EventQueue$3.run(EventQueue.java:703)
	at java.security.AccessController.doPrivileged(Native Method)
	at java.security.ProtectionDomain$JavaSecurityAccessImpl.doIntersectionPrivilege(ProtectionDomain.java:80)
	at java.awt.EventQueue.dispatchEvent(EventQueue.java:726)
	at java.awt.EventDispatchThread.pumpOneEventForFilters(EventDispatchThread.java:201)
	at java.awt.EventDispatchThread.pumpEventsForFilter(EventDispatchThread.java:116)
	at java.awt.EventDispatchThread.pumpEventsForHierarchy(EventDispatchThread.java:105)
	at java.awt.EventDispatchThread.pumpEvents(EventDispatchThread.java:101)
	at java.awt.EventDispatchThread.pumpEvents(EventDispatchThread.java:93)
	at java.awt.EventDispatchThread.run(EventDispatchThread.java:82)
Caused by: ptolemy.actor.ptalon.PtalonRuntimeException: Unable to add actor null
	at ptolemy.actor.ptalon.PtalonEvaluator.addActor(PtalonEvaluator.java:300)
	at ptolemy.actor.ptalon.PtalonPopulator.actor_declaration(PtalonPopulator.java:1574)
	at ptolemy.actor.ptalon.PtalonPopulator.atomic_statement(PtalonPopulator.java:1638)
	at ptolemy.actor.ptalon.PtalonPopulator.iterative_statement_evaluator(PtalonPopulator.java:2484)
	at ptolemy.actor.ptalon.AbstractPtalonEvaluator$IfTree.evaluateForScope(AbstractPtalonEvaluator.java:1307)
	at ptolemy.actor.ptalon.AbstractPtalonEvaluator.evaluateForScope(AbstractPtalonEvaluator.java:744)
	at ptolemy.actor.ptalon.PtalonPopulator.iterative_statement(PtalonPopulator.java:2363)
	at ptolemy.actor.ptalon.PtalonPopulator.actor_definition(PtalonPopulator.java:2809)
	at ptolemy.actor.ptalon.PtalonActor.attributeChanged(PtalonActor.java:206)
	... 48 more
Caused by: ptolemy.kernel.util.InternalErrorException: Element <entity name="node1" class="ptolemy.actor.ptalon.demo.ptinyos.SenseToLeds.MicaBoard"> caused an exception to be thrown.
  in .SenseToLeds.SenseToLeds
Because:
Cannot find class: ptolemy.actor.ptalon.demo.ptinyos.SenseToLeds.MicaBoard. In Ptolemy, classes are typically Java .class files. Entities like actors may instead be defined within a .xml file.  In any case, the class was not found. If the class uses a third party package, then the class would be present only if the third party package was found at compile time.  It may be necessary to upgrade Java or install the third party package, reconfigure and recompile.
Because:
Element <entity name="MicaLeds" class="ptolemy.domains.ptinyos.lib.MicaLeds"> caused an exception to be thrown.
  in .MicaBoard
Because:
Cannot find class: ptolemy.domains.ptinyos.lib.MicaLeds. In Ptolemy, classes are typically Java .class files. Entities like actors may instead be defined within a .xml file.  In any case, the class was not found. If the class uses a third party package, then the class would be present only if the third party package was found at compile time.  It may be necessary to upgrade Java or install the third party package, reconfigure and recompile.
Because:
-- /home/travis/build/icyphy/ptII/ptolemy/actor/ptalon/demo/ptinyos/SenseToLeds/ptolemy/domains/ptinyos/lib/MicaLeds.xml (No such file or directory)
-- XML file not found relative to classpath.
-- /home/travis/build/icyphy/ptII/ptolemy/vergil/basic/export/test/ptolemy/domains/ptinyos/lib/MicaLeds.xml
/home/travis/build/icyphy/ptII/ptolemy/vergil/basic/export/test/ptolemy/domains/ptinyos/lib/MicaLeds.xml (No such file or directory)
 in file:/home/travis/build/icyphy/ptII/ptolemy/actor/ptalon/demo/ptinyos/SenseToLeds/MicaBoard.xml at line 134 and column 63
	at ptolemy.moml.SimpleErrorHandler.handleError(SimpleErrorHandler.java:75)
	at ptolemy.moml.MoMLParser.startElement(MoMLParser.java:3805)
	at com.microstar.xml.XmlParser.parseElement(XmlParser.java:931)
	at com.microstar.xml.XmlParser.parseDocument(XmlParser.java:481)
	at com.microstar.xml.XmlParser.doParse(XmlParser.java:159)
	at com.microstar.xml.XmlParser.parse(XmlParser.java:132)
	at ptolemy.moml.MoMLParser.parse(MoMLParser.java:1660)
	at ptolemy.moml.MoMLParser.parse(MoMLParser.java:1617)
	at ptolemy.moml.MoMLParser.parse(MoMLParser.java:1792)
	at ptolemy.actor.ptalon.PtalonEvaluator.addActor(PtalonEvaluator.java:241)
	... 56 more
Caused by: ptolemy.kernel.util.IllegalActionException: Cannot find class: ptolemy.actor.ptalon.demo.ptinyos.SenseToLeds.MicaBoard. In Ptolemy, classes are typically Java .class files. Entities like actors may instead be defined within a .xml file.  In any case, the class was not found. If the class uses a third party package, then the class would be present only if the third party package was found at compile time.  It may be necessary to upgrade Java or install the third party package, reconfigure and recompile.
Because:
Element <entity name="MicaLeds" class="ptolemy.domains.ptinyos.lib.MicaLeds"> caused an exception to be thrown.
  in .MicaBoard
Because:
Cannot find class: ptolemy.domains.ptinyos.lib.MicaLeds. In Ptolemy, classes are typically Java .class files. Entities like actors may instead be defined within a .xml file.  In any case, the class was not found. If the class uses a third party package, then the class would be present only if the third party package was found at compile time.  It may be necessary to upgrade Java or install the third party package, reconfigure and recompile.
Because:
-- /home/travis/build/icyphy/ptII/ptolemy/actor/ptalon/demo/ptinyos/SenseToLeds/ptolemy/domains/ptinyos/lib/MicaLeds.xml (No such file or directory)
-- XML file not found relative to classpath.
-- /home/travis/build/icyphy/ptII/ptolemy/vergil/basic/export/test/ptolemy/domains/ptinyos/lib/MicaLeds.xml
/home/travis/build/icyphy/ptII/ptolemy/vergil/basic/export/test/ptolemy/domains/ptinyos/lib/MicaLeds.xml (No such file or directory)
 in file:/home/travis/build/icyphy/ptII/ptolemy/actor/ptalon/demo/ptinyos/SenseToLeds/MicaBoard.xml at line 134 and column 63
	at ptolemy.moml.MoMLParser._createEntity(MoMLParser.java:4330)
	at ptolemy.moml.MoMLParser.startElement(MoMLParser.java:2864)
	... 64 more
Caused by: ptolemy.kernel.util.InternalErrorException: Element <entity name="MicaLeds" class="ptolemy.domains.ptinyos.lib.MicaLeds"> caused an exception to be thrown.
  in .MicaBoard
Because:
Cannot find class: ptolemy.domains.ptinyos.lib.MicaLeds. In Ptolemy, classes are typically Java .class files. Entities like actors may instead be defined within a .xml file.  In any case, the class was not found. If the class uses a third party package, then the class would be present only if the third party package was found at compile time.  It may be necessary to upgrade Java or install the third party package, reconfigure and recompile.
Because:
-- /home/travis/build/icyphy/ptII/ptolemy/actor/ptalon/demo/ptinyos/SenseToLeds/ptolemy/domains/ptinyos/lib/MicaLeds.xml (No such file or directory)
-- XML file not found relative to classpath.
-- /home/travis/build/icyphy/ptII/ptolemy/vergil/basic/export/test/ptolemy/domains/ptinyos/lib/MicaLeds.xml
/home/travis/build/icyphy/ptII/ptolemy/vergil/basic/export/test/ptolemy/domains/ptinyos/lib/MicaLeds.xml (No such file or directory)
 in file:/home/travis/build/icyphy/ptII/ptolemy/actor/ptalon/demo/ptinyos/SenseToLeds/MicaBoard.xml at line 134 and column 63
	at ptolemy.moml.SimpleErrorHandler.handleError(SimpleErrorHandler.java:75)
	at ptolemy.moml.MoMLParser.startElement(MoMLParser.java:3805)
	at com.microstar.xml.XmlParser.parseElement(XmlParser.java:921)
	at com.microstar.xml.XmlParser.parseContent(XmlParser.java:1104)
	at com.microstar.xml.XmlParser.parseElement(XmlParser.java:924)
	at com.microstar.xml.XmlParser.parseDocument(XmlParser.java:481)
	at com.microstar.xml.XmlParser.doParse(XmlParser.java:159)
	at com.microstar.xml.XmlParser.parse(XmlParser.java:132)
	at ptolemy.moml.MoMLParser.parse(MoMLParser.java:1676)
	at ptolemy.moml.MoMLParser.parse(MoMLParser.java:1595)
	at ptolemy.moml.MoMLParser.parse(MoMLParser.java:1537)
	at ptolemy.moml.MoMLParser._findOrParse(MoMLParser.java:5286)
	at ptolemy.moml.MoMLParser._attemptToFindMoMLClass(MoMLParser.java:4075)
	at ptolemy.moml.MoMLParser._createEntity(MoMLParser.java:4323)
	... 65 more
Caused by: ptolemy.kernel.util.IllegalActionException: Cannot find class: ptolemy.domains.ptinyos.lib.MicaLeds. In Ptolemy, classes are typically Java .class files. Entities like actors may instead be defined within a .xml file.  In any case, the class was not found. If the class uses a third party package, then the class would be present only if the third party package was found at compile time.  It may be necessary to upgrade Java or install the third party package, reconfigure and recompile.
Because:
-- /home/travis/build/icyphy/ptII/ptolemy/actor/ptalon/demo/ptinyos/SenseToLeds/ptolemy/domains/ptinyos/lib/MicaLeds.xml (No such file or directory)
-- XML file not found relative to classpath.
-- /home/travis/build/icyphy/ptII/ptolemy/vergil/basic/export/test/ptolemy/domains/ptinyos/lib/MicaLeds.xml
/home/travis/build/icyphy/ptII/ptolemy/vergil/basic/export/test/ptolemy/domains/ptinyos/lib/MicaLeds.xml (No such file or directory)
 in file:/home/travis/build/icyphy/ptII/ptolemy/actor/ptalon/demo/ptinyos/SenseToLeds/MicaBoard.xml at line 134 and column 63
	at ptolemy.moml.MoMLParser._createEntity(MoMLParser.java:4330)
	at ptolemy.moml.MoMLParser.startElement(MoMLParser.java:2864)
	... 77 more
Caused by: com.microstar.xml.XmlException: -- /home/travis/build/icyphy/ptII/ptolemy/actor/ptalon/demo/ptinyos/SenseToLeds/ptolemy/domains/ptinyos/lib/MicaLeds.xml (No such file or directory)
-- XML file not found relative to classpath.
-- /home/travis/build/icyphy/ptII/ptolemy/vergil/basic/export/test/ptolemy/domains/ptinyos/lib/MicaLeds.xml
/home/travis/build/icyphy/ptII/ptolemy/vergil/basic/export/test/ptolemy/domains/ptinyos/lib/MicaLeds.xml (No such file or directory)
 in file:/home/travis/build/icyphy/ptII/ptolemy/actor/ptalon/demo/ptinyos/SenseToLeds/MicaBoard.xml at line 134 and column 63
	at ptolemy.moml.MoMLParser.fileNameToURL(MoMLParser.java:1414)
	at ptolemy.moml.MoMLParser._findOrParse(MoMLParser.java:5283)
	at ptolemy.moml.MoMLParser._attemptToFindMoMLClass(MoMLParser.java:4075)
	at ptolemy.moml.MoMLParser._createEntity(MoMLParser.java:4323)
	... 78 more
Caused by: ptolemy.actor.ptalon.PtalonRuntimeException: Unable to add actor null
	at ptolemy.actor.ptalon.PtalonEvaluator.addActor(PtalonEvaluator.java:300)
	at ptolemy.actor.ptalon.PtalonPopulator.actor_declaration(PtalonPopulator.java:1574)
	at ptolemy.actor.ptalon.PtalonPopulator.atomic_statement(PtalonPopulator.java:1638)
	at ptolemy.actor.ptalon.PtalonPopulator.iterative_statement_evaluator(PtalonPopulator.java:2484)
	at ptolemy.actor.ptalon.AbstractPtalonEvaluator$IfTree.evaluateForScope(AbstractPtalonEvaluator.java:1307)
	at ptolemy.actor.ptalon.AbstractPtalonEvaluator.evaluateForScope(AbstractPtalonEvaluator.java:744)
	at ptolemy.actor.ptalon.PtalonPopulator.iterative_statement(PtalonPopulator.java:2363)
	at ptolemy.actor.ptalon.PtalonPopulator.actor_definition(PtalonPopulator.java:2809)
	at ptolemy.actor.ptalon.PtalonActor.attributeChanged(PtalonActor.java:206)
	at ptolemy.actor.ptalon.PtalonMLHandler.startElement(PtalonMLHandler.java:134)
	at com.microstar.xml.XmlParser.parseElement(XmlParser.java:921)
	at com.microstar.xml.XmlParser.parseContent(XmlParser.java:1104)
	at com.microstar.xml.XmlParser.parseElement(XmlParser.java:924)
	at com.microstar.xml.XmlParser.parseDocument(XmlParser.java:481)
	at com.microstar.xml.XmlParser.doParse(XmlParser.java:159)
	at com.microstar.xml.XmlParser.parse(XmlParser.java:132)
	at ptolemy.actor.ptalon.PtalonActor.configure(PtalonActor.java:240)
	at ptolemy.moml.MoMLParser.endElement(MoMLParser.java:996)
	at com.microstar.xml.XmlParser.parseETag(XmlParser.java:1026)
	at com.microstar.xml.XmlParser.parseContent(XmlParser.java:1098)
	at com.microstar.xml.XmlParser.parseElement(XmlParser.java:924)
	at com.microstar.xml.XmlParser.parseContent(XmlParser.java:1104)
	at com.microstar.xml.XmlParser.parseElement(XmlParser.java:924)
	at com.microstar.xml.XmlParser.parseContent(XmlParser.java:1104)
	at com.microstar.xml.XmlParser.parseElement(XmlParser.java:924)
	at com.microstar.xml.XmlParser.parseDocument(XmlParser.java:481)
	at com.microstar.xml.XmlParser.doParse(XmlParser.java:159)
	at com.microstar.xml.XmlParser.parse(XmlParser.java:132)
	at ptolemy.moml.MoMLParser.parse(MoMLParser.java:1676)
	at ptolemy.moml.MoMLParser.parse(MoMLParser.java:1595)
	at ptolemy.moml.MoMLParser.parse(MoMLParser.java:1537)
	at ptolemy.actor.gui.PtolemyEffigy$Factory.createEffigy(PtolemyEffigy.java:424)
	at ptolemy.actor.gui.EffigyFactory.createEffigy(EffigyFactory.java:234)
	at ptolemy.actor.gui.Configuration.openModel(Configuration.java:1125)
	at ptolemy.actor.gui.Configuration.openModel(Configuration.java:1051)
	at ptolemy.actor.gui.ConfigurationApplication._openModel(ConfigurationApplication.java:1252)
	at ptolemy.actor.gui.ConfigurationApplication._parseArg(ConfigurationApplication.java:1399)
	at ptolemy.actor.gui.ConfigurationApplication._parseArgs(ConfigurationApplication.java:1478)
	at ptolemy.actor.gui.ConfigurationApplication.<init>(ConfigurationApplication.java:277)
	at ptolemy.actor.gui.ConfigurationApplication.<init>(ConfigurationApplication.java:214)
	at ptolemy.actor.gui.ConfigurationApplication.<init>(ConfigurationApplication.java:201)
	at ptolemy.actor.gui.ConfigurationApplication.openModelOrEntity(ConfigurationApplication.java:680)
	at ptolemy.vergil.basic.export.ExportModel$1.run(ExportModel.java:220)
	at java.awt.event.InvocationEvent.dispatch(InvocationEvent.java:301)
	at java.awt.EventQueue.dispatchEventImpl(EventQueue.java:756)
	at java.awt.EventQueue.access$500(EventQueue.java:97)
	at java.awt.EventQueue$3.run(EventQueue.java:709)
	at java.awt.EventQueue$3.run(EventQueue.java:703)
	at java.security.AccessController.doPrivileged(Native Method)
	at java.security.ProtectionDomain$JavaSecurityAccessImpl.doIntersectionPrivilege(ProtectionDomain.java:80)
	at java.awt.EventQueue.dispatchEvent(EventQueue.java:726)
	at java.awt.EventDispatchThread.pumpOneEventForFilters(EventDispatchThread.java:201)
	at java.awt.EventDispatchThread.pumpEventsForFilter(EventDispatchThread.java:116)
	at java.awt.EventDispatchThread.pumpEventsForHierarchy(EventDispatchThread.java:105)
	at java.awt.EventDispatchThread.pumpEvents(EventDispatchThread.java:101)
	at java.awt.EventDispatchThread.pumpEvents(EventDispatchThread.java:93)
	at java.awt.EventDispatchThread.run(EventDispatchThread.java:82)
Caused by: ptolemy.kernel.util.InternalErrorException: Element <entity name="node1" class="ptolemy.actor.ptalon.demo.ptinyos.SenseToLeds.MicaBoard"> caused an exception to be thrown.
  in .SenseToLeds.SenseToLeds
Because:
Cannot find class: ptolemy.actor.ptalon.demo.ptinyos.SenseToLeds.MicaBoard. In Ptolemy, classes are typically Java .class files. Entities like actors may instead be defined within a .xml file.  In any case, the class was not found. If the class uses a third party package, then the class would be present only if the third party package was found at compile time.  It may be necessary to upgrade Java or install the third party package, reconfigure and recompile.
Because:
Element <entity name="MicaLeds" class="ptolemy.domains.ptinyos.lib.MicaLeds"> caused an exception to be thrown.
  in .MicaBoard
Because:
Cannot find class: ptolemy.domains.ptinyos.lib.MicaLeds. In Ptolemy, classes are typically Java .class files. Entities like actors may instead be defined within a .xml file.  In any case, the class was not found. If the class uses a third party package, then the class would be present only if the third party package was found at compile time.  It may be necessary to upgrade Java or install the third party package, reconfigure and recompile.
Because:
-- /home/travis/build/icyphy/ptII/ptolemy/actor/ptalon/demo/ptinyos/SenseToLeds/ptolemy/domains/ptinyos/lib/MicaLeds.xml (No such file or directory)
-- XML file not found relative to classpath.
-- /home/travis/build/icyphy/ptII/ptolemy/vergil/basic/export/test/ptolemy/domains/ptinyos/lib/MicaLeds.xml
/home/travis/build/icyphy/ptII/ptolemy/vergil/basic/export/test/ptolemy/domains/ptinyos/lib/MicaLeds.xml (No such file or directory)
 in file:/home/travis/build/icyphy/ptII/ptolemy/actor/ptalon/demo/ptinyos/SenseToLeds/MicaBoard.xml at line 134 and column 63
	at ptolemy.moml.SimpleErrorHandler.handleError(SimpleErrorHandler.java:75)
	at ptolemy.moml.MoMLParser.startElement(MoMLParser.java:3805)
	at com.microstar.xml.XmlParser.parseElement(XmlParser.java:931)
	at com.microstar.xml.XmlParser.parseDocument(XmlParser.java:481)
	at com.microstar.xml.XmlParser.doParse(XmlParser.java:159)
	at com.microstar.xml.XmlParser.parse(XmlParser.java:132)
	at ptolemy.moml.MoMLParser.parse(MoMLParser.java:1660)
	at ptolemy.moml.MoMLParser.parse(MoMLParser.java:1617)
	at ptolemy.moml.MoMLParser.parse(MoMLParser.java:1792)
	at ptolemy.actor.ptalon.PtalonEvaluator.addActor(PtalonEvaluator.java:241)
	... 56 more
Caused by: ptolemy.kernel.util.IllegalActionException: Cannot find class: ptolemy.actor.ptalon.demo.ptinyos.SenseToLeds.MicaBoard. In Ptolemy, classes are typically Java .class files. Entities like actors may instead be defined within a .xml file.  In any case, the class was not found. If the class uses a third party package, then the class would be present only if the third party package was found at compile time.  It may be necessary to upgrade Java or install the third party package, reconfigure and recompile.
Because:
Element <entity name="MicaLeds" class="ptolemy.domains.ptinyos.lib.MicaLeds"> caused an exception to be thrown.
  in .MicaBoard
Because:
Cannot find class: ptolemy.domains.ptinyos.lib.MicaLeds. In Ptolemy, classes are typically Java .class files. Entities like actors may instead be defined within a .xml file.  In any case, the class was not found. If the class uses a third party package, then the class would be present only if the third party package was found at compile time.  It may be necessary to upgrade Java or install the third party package, reconfigure and recompile.
Because:
-- /home/travis/build/icyphy/ptII/ptolemy/actor/ptalon/demo/ptinyos/SenseToLeds/ptolemy/domains/ptinyos/lib/MicaLeds.xml (No such file or directory)
-- XML file not found relative to classpath.
-- /home/travis/build/icyphy/ptII/ptolemy/vergil/basic/export/test/ptolemy/domains/ptinyos/lib/MicaLeds.xml
/home/travis/build/icyphy/ptII/ptolemy/vergil/basic/export/test/ptolemy/domains/ptinyos/lib/MicaLeds.xml (No such file or directory)
 in file:/home/travis/build/icyphy/ptII/ptolemy/actor/ptalon/demo/ptinyos/SenseToLeds/MicaBoard.xml at line 134 and column 63
	at ptolemy.moml.MoMLParser._createEntity(MoMLParser.java:4330)
	at ptolemy.moml.MoMLParser.startElement(MoMLParser.java:2864)
	... 64 more
Caused by: ptolemy.kernel.util.InternalErrorException: Element <entity name="MicaLeds" class="ptolemy.domains.ptinyos.lib.MicaLeds"> caused an exception to be thrown.
  in .MicaBoard
Because:
Cannot find class: ptolemy.domains.ptinyos.lib.MicaLeds. In Ptolemy, classes are typically Java .class files. Entities like actors may instead be defined within a .xml file.  In any case, the class was not found. If the class uses a third party package, then the class would be present only if the third party package was found at compile time.  It may be necessary to upgrade Java or install the third party package, reconfigure and recompile.
Because:
-- /home/travis/build/icyphy/ptII/ptolemy/actor/ptalon/demo/ptinyos/SenseToLeds/ptolemy/domains/ptinyos/lib/MicaLeds.xml (No such file or directory)
-- XML file not found relative to classpath.
-- /home/travis/build/icyphy/ptII/ptolemy/vergil/basic/export/test/ptolemy/domains/ptinyos/lib/MicaLeds.xml
/home/travis/build/icyphy/ptII/ptolemy/vergil/basic/export/test/ptolemy/domains/ptinyos/lib/MicaLeds.xml (No such file or directory)
 in file:/home/travis/build/icyphy/ptII/ptolemy/actor/ptalon/demo/ptinyos/SenseToLeds/MicaBoard.xml at line 134 and column 63
	at ptolemy.moml.SimpleErrorHandler.handleError(SimpleErrorHandler.java:75)
	at ptolemy.moml.MoMLParser.startElement(MoMLParser.java:3805)
	at com.microstar.xml.XmlParser.parseElement(XmlParser.java:921)
	at com.microstar.xml.XmlParser.parseContent(XmlParser.java:1104)
	at com.microstar.xml.XmlParser.parseElement(XmlParser.java:924)
	at com.microstar.xml.XmlParser.parseDocument(XmlParser.java:481)
	at com.microstar.xml.XmlParser.doParse(XmlParser.java:159)
	at com.microstar.xml.XmlParser.parse(XmlParser.java:132)
	at ptolemy.moml.MoMLParser.parse(MoMLParser.java:1676)
	at ptolemy.moml.MoMLParser.parse(MoMLParser.java:1595)
	at ptolemy.moml.MoMLParser.parse(MoMLParser.java:1537)
	at ptolemy.moml.MoMLParser._findOrParse(MoMLParser.java:5286)
	at ptolemy.moml.MoMLParser._attemptToFindMoMLClass(MoMLParser.java:4075)
	at ptolemy.moml.MoMLParser._createEntity(MoMLParser.java:4323)
	... 65 more
Caused by: ptolemy.kernel.util.IllegalActionException: Cannot find class: ptolemy.domains.ptinyos.lib.MicaLeds. In Ptolemy, classes are typically Java .class files. Entities like actors may instead be defined within a .xml file.  In any case, the class was not found. If the class uses a third party package, then the class would be present only if the third party package was found at compile time.  It may be necessary to upgrade Java or install the third party package, reconfigure and recompile.
Because:
-- /home/travis/build/icyphy/ptII/ptolemy/actor/ptalon/demo/ptinyos/SenseToLeds/ptolemy/domains/ptinyos/lib/MicaLeds.xml (No such file or directory)
-- XML file not found relative to classpath.
-- /home/travis/build/icyphy/ptII/ptolemy/vergil/basic/export/test/ptolemy/domains/ptinyos/lib/MicaLeds.xml
/home/travis/build/icyphy/ptII/ptolemy/vergil/basic/export/test/ptolemy/domains/ptinyos/lib/MicaLeds.xml (No such file or directory)
 in file:/home/travis/build/icyphy/ptII/ptolemy/actor/ptalon/demo/ptinyos/SenseToLeds/MicaBoard.xml at line 134 and column 63
	at ptolemy.moml.MoMLParser._createEntity(MoMLParser.java:4330)
	at ptolemy.moml.MoMLParser.startElement(MoMLParser.java:2864)
	... 77 more
Caused by: com.microstar.xml.XmlException: -- /home/travis/build/icyphy/ptII/ptolemy/actor/ptalon/demo/ptinyos/SenseToLeds/ptolemy/domains/ptinyos/lib/MicaLeds.xml (No such file or directory)
-- XML file not found relative to classpath.
-- /home/travis/build/icyphy/ptII/ptolemy/vergil/basic/export/test/ptolemy/domains/ptinyos/lib/MicaLeds.xml
/home/travis/build/icyphy/ptII/ptolemy/vergil/basic/export/test/ptolemy/domains/ptinyos/lib/MicaLeds.xml (No such file or directory)
 in file:/home/travis/build/icyphy/ptII/ptolemy/actor/ptalon/demo/ptinyos/SenseToLeds/MicaBoard.xml at line 134 and column 63
	at ptolemy.moml.MoMLParser.fileNameToURL(MoMLParser.java:1414)
	at ptolemy.moml.MoMLParser._findOrParse(MoMLParser.java:5283)
	at ptolemy.moml.MoMLParser._attemptToFindMoMLClass(MoMLParser.java:4075)
	at ptolemy.moml.MoMLParser._createEntity(MoMLParser.java:4323)
	... 78 more
ptolemy.kernel.util.IllegalActionException: Failed to process attribute change to PtalonParameter, whose value is "ptolemy.actor.ptalon.PtalonExpressionParameter {.SenseToLeds.SenseToLeds.n} 2".
  in .SenseToLeds.SenseToLeds
Because:
Unable to add actor null
	at ptolemy.actor.ptalon.PtalonActor.attributeChanged(PtalonActor.java:211)
	at ptolemy.actor.ptalon.PtalonMLHandler.startElement(PtalonMLHandler.java:134)
	at com.microstar.xml.XmlParser.parseElement(XmlParser.java:921)
	at com.microstar.xml.XmlParser.parseContent(XmlParser.java:1104)
	at com.microstar.xml.XmlParser.parseElement(XmlParser.java:924)
	at com.microstar.xml.XmlParser.parseDocument(XmlParser.java:481)
	at com.microstar.xml.XmlParser.doParse(XmlParser.java:159)
	at com.microstar.xml.XmlParser.parse(XmlParser.java:132)
	at ptolemy.actor.ptalon.PtalonActor.configure(PtalonActor.java:240)
	at ptolemy.moml.MoMLParser.endElement(MoMLParser.java:996)
	at com.microstar.xml.XmlParser.parseETag(XmlParser.java:1026)
	at com.microstar.xml.XmlParser.parseContent(XmlParser.java:1098)
	at com.microstar.xml.XmlParser.parseElement(XmlParser.java:924)
	at com.microstar.xml.XmlParser.parseContent(XmlParser.java:1104)
	at com.microstar.xml.XmlParser.parseElement(XmlParser.java:924)
	at com.microstar.xml.XmlParser.parseContent(XmlParser.java:1104)
	at com.microstar.xml.XmlParser.parseElement(XmlParser.java:924)
	at com.microstar.xml.XmlParser.parseDocument(XmlParser.java:481)
	at com.microstar.xml.XmlParser.doParse(XmlParser.java:159)
	at com.microstar.xml.XmlParser.parse(XmlParser.java:132)
	at ptolemy.moml.MoMLParser.parse(MoMLParser.java:1676)
	at ptolemy.moml.MoMLParser.parse(MoMLParser.java:1595)
	at ptolemy.moml.MoMLParser.parse(MoMLParser.java:1537)
	at ptolemy.actor.gui.PtolemyEffigy$Factory.createEffigy(PtolemyEffigy.java:424)
	at ptolemy.actor.gui.EffigyFactory.createEffigy(EffigyFactory.java:234)
	at ptolemy.actor.gui.Configuration.openModel(Configuration.java:1125)
	at ptolemy.actor.gui.Configuration.openModel(Configuration.java:1051)
	at ptolemy.actor.gui.ConfigurationApplication._openModel(ConfigurationApplication.java:1252)
	at ptolemy.actor.gui.ConfigurationApplication._parseArg(ConfigurationApplication.java:1399)
	at ptolemy.actor.gui.ConfigurationApplication._parseArgs(ConfigurationApplication.java:1478)
	at ptolemy.actor.gui.ConfigurationApplication.<init>(ConfigurationApplication.java:277)
	at ptolemy.actor.gui.ConfigurationApplication.<init>(ConfigurationApplication.java:214)
	at ptolemy.actor.gui.ConfigurationApplication.<init>(ConfigurationApplication.java:201)
	at ptolemy.actor.gui.ConfigurationApplication.openModelOrEntity(ConfigurationApplication.java:680)
	at ptolemy.vergil.basic.export.ExportModel$1.run(ExportModel.java:220)
	at java.awt.event.InvocationEvent.dispatch(InvocationEvent.java:301)
	at java.awt.EventQueue.dispatchEventImpl(EventQueue.java:756)
	at java.awt.EventQueue.access$500(EventQueue.java:97)
	at java.awt.EventQueue$3.run(EventQueue.java:709)
	at java.awt.EventQueue$3.run(EventQueue.java:703)
	at java.security.AccessController.doPrivileged(Native Method)
	at java.security.ProtectionDomain$JavaSecurityAccessImpl.doIntersectionPrivilege(ProtectionDomain.java:80)
	at java.awt.EventQueue.dispatchEvent(EventQueue.java:726)
	at java.awt.EventDispatchThread.pumpOneEventForFilters(EventDispatchThread.java:201)
	at java.awt.EventDispatchThread.pumpEventsForFilter(EventDispatchThread.java:116)
	at java.awt.EventDispatchThread.pumpEventsForHierarchy(EventDispatchThread.java:105)
	at java.awt.EventDispatchThread.pumpEvents(EventDispatchThread.java:101)
	at java.awt.EventDispatchThread.pumpEvents(EventDispatchThread.java:93)
	at java.awt.EventDispatchThread.run(EventDispatchThread.java:82)
Caused by: ptolemy.actor.ptalon.PtalonRuntimeException: Unable to add actor null
	at ptolemy.actor.ptalon.PtalonEvaluator.addActor(PtalonEvaluator.java:300)
	at ptolemy.actor.ptalon.PtalonPopulator.actor_declaration(PtalonPopulator.java:1574)
	at ptolemy.actor.ptalon.PtalonPopulator.atomic_statement(PtalonPopulator.java:1638)
	at ptolemy.actor.ptalon.PtalonPopulator.iterative_statement_evaluator(PtalonPopulator.java:2484)
	at ptolemy.actor.ptalon.AbstractPtalonEvaluator$IfTree.evaluateForScope(AbstractPtalonEvaluator.java:1307)
	at ptolemy.actor.ptalon.AbstractPtalonEvaluator.evaluateForScope(AbstractPtalonEvaluator.java:744)
	at ptolemy.actor.ptalon.PtalonPopulator.iterative_statement(PtalonPopulator.java:2363)
	at ptolemy.actor.ptalon.PtalonPopulator.actor_definition(PtalonPopulator.java:2809)
	at ptolemy.actor.ptalon.PtalonActor.attributeChanged(PtalonActor.java:206)
	... 48 more
Caused by: ptolemy.kernel.util.InternalErrorException: Element <entity name="node1" class="ptolemy.actor.ptalon.demo.ptinyos.SenseToLeds.MicaBoard"> caused an exception to be thrown.
  in .SenseToLeds.SenseToLeds
Because:
Cannot find class: ptolemy.actor.ptalon.demo.ptinyos.SenseToLeds.MicaBoard. In Ptolemy, classes are typically Java .class files. Entities like actors may instead be defined within a .xml file.  In any case, the class was not found. If the class uses a third party package, then the class would be present only if the third party package was found at compile time.  It may be necessary to upgrade Java or install the third party package, reconfigure and recompile.
Because:
Element <entity name="MicaLeds" class="ptolemy.domains.ptinyos.lib.MicaLeds"> caused an exception to be thrown.
  in .MicaBoard
Because:
Cannot find class: ptolemy.domains.ptinyos.lib.MicaLeds. In Ptolemy, classes are typically Java .class files. Entities like actors may instead be defined within a .xml file.  In any case, the class was not found. If the class uses a third party package, then the class would be present only if the third party package was found at compile time.  It may be necessary to upgrade Java or install the third party package, reconfigure and recompile.
Because:
-- /home/travis/build/icyphy/ptII/ptolemy/actor/ptalon/demo/ptinyos/SenseToLeds/ptolemy/domains/ptinyos/lib/MicaLeds.xml (No such file or directory)
-- XML file not found relative to classpath.
-- /home/travis/build/icyphy/ptII/ptolemy/vergil/basic/export/test/ptolemy/domains/ptinyos/lib/MicaLeds.xml
/home/travis/build/icyphy/ptII/ptolemy/vergil/basic/export/test/ptolemy/domains/ptinyos/lib/MicaLeds.xml (No such file or directory)
 in file:/home/travis/build/icyphy/ptII/ptolemy/actor/ptalon/demo/ptinyos/SenseToLeds/MicaBoard.xml at line 134 and column 63
	at ptolemy.moml.SimpleErrorHandler.handleError(SimpleErrorHandler.java:75)
	at ptolemy.moml.MoMLParser.startElement(MoMLParser.java:3805)
	at com.microstar.xml.XmlParser.parseElement(XmlParser.java:931)
	at com.microstar.xml.XmlParser.parseDocument(XmlParser.java:481)
	at com.microstar.xml.XmlParser.doParse(XmlParser.java:159)
	at com.microstar.xml.XmlParser.parse(XmlParser.java:132)
	at ptolemy.moml.MoMLParser.parse(MoMLParser.java:1660)
	at ptolemy.moml.MoMLParser.parse(MoMLParser.java:1617)
	at ptolemy.moml.MoMLParser.parse(MoMLParser.java:1792)
	at ptolemy.actor.ptalon.PtalonEvaluator.addActor(PtalonEvaluator.java:241)
	... 56 more
Caused by: ptolemy.kernel.util.IllegalActionException: Cannot find class: ptolemy.actor.ptalon.demo.ptinyos.SenseToLeds.MicaBoard. In Ptolemy, classes are typically Java .class files. Entities like actors may instead be defined within a .xml file.  In any case, the class was not found. If the class uses a third party package, then the class would be present only if the third party package was found at compile time.  It may be necessary to upgrade Java or install the third party package, reconfigure and recompile.
Because:
Element <entity name="MicaLeds" class="ptolemy.domains.ptinyos.lib.MicaLeds"> caused an exception to be thrown.
  in .MicaBoard
Because:
Cannot find class: ptolemy.domains.ptinyos.lib.MicaLeds. In Ptolemy, classes are typically Java .class files. Entities like actors may instead be defined within a .xml file.  In any case, the class was not found. If the class uses a third party package, then the class would be present only if the third party package was found at compile time.  It may be necessary to upgrade Java or install the third party package, reconfigure and recompile.
Because:
-- /home/travis/build/icyphy/ptII/ptolemy/actor/ptalon/demo/ptinyos/SenseToLeds/ptolemy/domains/ptinyos/lib/MicaLeds.xml (No such file or directory)
-- XML file not found relative to classpath.
-- /home/travis/build/icyphy/ptII/ptolemy/vergil/basic/export/test/ptolemy/domains/ptinyos/lib/MicaLeds.xml
/home/travis/build/icyphy/ptII/ptolemy/vergil/basic/export/test/ptolemy/domains/ptinyos/lib/MicaLeds.xml (No such file or directory)
 in file:/home/travis/build/icyphy/ptII/ptolemy/actor/ptalon/demo/ptinyos/SenseToLeds/MicaBoard.xml at line 134 and column 63
	at ptolemy.moml.MoMLParser._createEntity(MoMLParser.java:4330)
	at ptolemy.moml.MoMLParser.startElement(MoMLParser.java:2864)
	... 64 more
Caused by: ptolemy.kernel.util.InternalErrorException: Element <entity name="MicaLeds" class="ptolemy.domains.ptinyos.lib.MicaLeds"> caused an exception to be thrown.
  in .MicaBoard
Because:
Cannot find class: ptolemy.domains.ptinyos.lib.MicaLeds. In Ptolemy, classes are typically Java .class files. Entities like actors may instead be defined within a .xml file.  In any case, the class was not found. If the class uses a third party package, then the class would be present only if the third party package was found at compile time.  It may be necessary to upgrade Java or install the third party package, reconfigure and recompile.
Because:
-- /home/travis/build/icyphy/ptII/ptolemy/actor/ptalon/demo/ptinyos/SenseToLeds/ptolemy/domains/ptinyos/lib/MicaLeds.xml (No such file or directory)
-- XML file not found relative to classpath.
-- /home/travis/build/icyphy/ptII/ptolemy/vergil/basic/export/test/ptolemy/domains/ptinyos/lib/MicaLeds.xml
/home/travis/build/icyphy/ptII/ptolemy/vergil/basic/export/test/ptolemy/domains/ptinyos/lib/MicaLeds.xml (No such file or directory)
 in file:/home/travis/build/icyphy/ptII/ptolemy/actor/ptalon/demo/ptinyos/SenseToLeds/MicaBoard.xml at line 134 and column 63
	at ptolemy.moml.SimpleErrorHandler.handleError(SimpleErrorHandler.java:75)
	at ptolemy.moml.MoMLParser.startElement(MoMLParser.java:3805)
	at com.microstar.xml.XmlParser.parseElement(XmlParser.java:921)
	at com.microstar.xml.XmlParser.parseContent(XmlParser.java:1104)
	at com.microstar.xml.XmlParser.parseElement(XmlParser.java:924)
	at com.microstar.xml.XmlParser.parseDocument(XmlParser.java:481)
	at com.microstar.xml.XmlParser.doParse(XmlParser.java:159)
	at com.microstar.xml.XmlParser.parse(XmlParser.java:132)
	at ptolemy.moml.MoMLParser.parse(MoMLParser.java:1676)
	at ptolemy.moml.MoMLParser.parse(MoMLParser.java:1595)
	at ptolemy.moml.MoMLParser.parse(MoMLParser.java:1537)
	at ptolemy.moml.MoMLParser._findOrParse(MoMLParser.java:5286)
	at ptolemy.moml.MoMLParser._attemptToFindMoMLClass(MoMLParser.java:4075)
	at ptolemy.moml.MoMLParser._createEntity(MoMLParser.java:4323)
	... 65 more
Caused by: ptolemy.kernel.util.IllegalActionException: Cannot find class: ptolemy.domains.ptinyos.lib.MicaLeds. In Ptolemy, classes are typically Java .class files. Entities like actors may instead be defined within a .xml file.  In any case, the class was not found. If the class uses a third party package, then the class would be present only if the third party package was found at compile time.  It may be necessary to upgrade Java or install the third party package, reconfigure and recompile.
Because:
-- /home/travis/build/icyphy/ptII/ptolemy/actor/ptalon/demo/ptinyos/SenseToLeds/ptolemy/domains/ptinyos/lib/MicaLeds.xml (No such file or directory)
-- XML file not found relative to classpath.
-- /home/travis/build/icyphy/ptII/ptolemy/vergil/basic/export/test/ptolemy/domains/ptinyos/lib/MicaLeds.xml
/home/travis/build/icyphy/ptII/ptolemy/vergil/basic/export/test/ptolemy/domains/ptinyos/lib/MicaLeds.xml (No such file or directory)
 in file:/home/travis/build/icyphy/ptII/ptolemy/actor/ptalon/demo/ptinyos/SenseToLeds/MicaBoard.xml at line 134 and column 63
	at ptolemy.moml.MoMLParser._createEntity(MoMLParser.java:4330)
	at ptolemy.moml.MoMLParser.startElement(MoMLParser.java:2864)
	... 77 more
Caused by: com.microstar.xml.XmlException: -- /home/travis/build/icyphy/ptII/ptolemy/actor/ptalon/demo/ptinyos/SenseToLeds/ptolemy/domains/ptinyos/lib/MicaLeds.xml (No such file or directory)
-- XML file not found relative to classpath.
-- /home/travis/build/icyphy/ptII/ptolemy/vergil/basic/export/test/ptolemy/domains/ptinyos/lib/MicaLeds.xml
/home/travis/build/icyphy/ptII/ptolemy/vergil/basic/export/test/ptolemy/domains/ptinyos/lib/MicaLeds.xml (No such file or directory)
 in file:/home/travis/build/icyphy/ptII/ptolemy/actor/ptalon/demo/ptinyos/SenseToLeds/MicaBoard.xml at line 134 and column 63
	at ptolemy.moml.MoMLParser.fileNameToURL(MoMLParser.java:1414)
	at ptolemy.moml.MoMLParser._findOrParse(MoMLParser.java:5283)
	at ptolemy.moml.MoMLParser._attemptToFindMoMLClass(MoMLParser.java:4075)
	at ptolemy.moml.MoMLParser._createEntity(MoMLParser.java:4323)
	... 78 more
Caused by: ptolemy.actor.ptalon.PtalonRuntimeException: Unable to add actor null
	at ptolemy.actor.ptalon.PtalonEvaluator.addActor(PtalonEvaluator.java:300)
	at ptolemy.actor.ptalon.PtalonPopulator.actor_declaration(PtalonPopulator.java:1574)
	at ptolemy.actor.ptalon.PtalonPopulator.atomic_statement(PtalonPopulator.java:1638)
	at ptolemy.actor.ptalon.PtalonPopulator.iterative_statement_evaluator(PtalonPopulator.java:2484)
	at ptolemy.actor.ptalon.AbstractPtalonEvaluator$IfTree.evaluateForScope(AbstractPtalonEvaluator.java:1307)
	at ptolemy.actor.ptalon.AbstractPtalonEvaluator.evaluateForScope(AbstractPtalonEvaluator.java:744)
	at ptolemy.actor.ptalon.PtalonPopulator.iterative_statement(PtalonPopulator.java:2363)
	at ptolemy.actor.ptalon.PtalonPopulator.actor_definition(PtalonPopulator.java:2809)
	at ptolemy.actor.ptalon.PtalonActor.attributeChanged(PtalonActor.java:206)
	at ptolemy.actor.ptalon.PtalonMLHandler.startElement(PtalonMLHandler.java:134)
	at com.microstar.xml.XmlParser.parseElement(XmlParser.java:921)
	at com.microstar.xml.XmlParser.parseContent(XmlParser.java:1104)
	at com.microstar.xml.XmlParser.parseElement(XmlParser.java:924)
	at com.microstar.xml.XmlParser.parseDocument(XmlParser.java:481)
	at com.microstar.xml.XmlParser.doParse(XmlParser.java:159)
	at com.microstar.xml.XmlParser.parse(XmlParser.java:132)
	at ptolemy.actor.ptalon.PtalonActor.configure(PtalonActor.java:240)
	at ptolemy.moml.MoMLParser.endElement(MoMLParser.java:996)
	at com.microstar.xml.XmlParser.parseETag(XmlParser.java:1026)
	at com.microstar.xml.XmlParser.parseContent(XmlParser.java:1098)
	at com.microstar.xml.XmlParser.parseElement(XmlParser.java:924)
	at com.microstar.xml.XmlParser.parseContent(XmlParser.java:1104)
	at com.microstar.xml.XmlParser.parseElement(XmlParser.java:924)
	at com.microstar.xml.XmlParser.parseContent(XmlParser.java:1104)
	at com.microstar.xml.XmlParser.parseElement(XmlParser.java:924)
	at com.microstar.xml.XmlParser.parseDocument(XmlParser.java:481)
	at com.microstar.xml.XmlParser.doParse(XmlParser.java:159)
	at com.microstar.xml.XmlParser.parse(XmlParser.java:132)
	at ptolemy.moml.MoMLParser.parse(MoMLParser.java:1676)
	at ptolemy.moml.MoMLParser.parse(MoMLParser.java:1595)
	at ptolemy.moml.MoMLParser.parse(MoMLParser.java:1537)
	at ptolemy.actor.gui.PtolemyEffigy$Factory.createEffigy(PtolemyEffigy.java:424)
	at ptolemy.actor.gui.EffigyFactory.createEffigy(EffigyFactory.java:234)
	at ptolemy.actor.gui.Configuration.openModel(Configuration.java:1125)
	at ptolemy.actor.gui.Configuration.openModel(Configuration.java:1051)
	at ptolemy.actor.gui.ConfigurationApplication._openModel(ConfigurationApplication.java:1252)
	at ptolemy.actor.gui.ConfigurationApplication._parseArg(ConfigurationApplication.java:1399)
	at ptolemy.actor.gui.ConfigurationApplication._parseArgs(ConfigurationApplication.java:1478)
	at ptolemy.actor.gui.ConfigurationApplication.<init>(ConfigurationApplication.java:277)
	at ptolemy.actor.gui.ConfigurationApplication.<init>(ConfigurationApplication.java:214)
	at ptolemy.actor.gui.ConfigurationApplication.<init>(ConfigurationApplication.java:201)
	at ptolemy.actor.gui.ConfigurationApplication.openModelOrEntity(ConfigurationApplication.java:680)
	at ptolemy.vergil.basic.export.ExportModel$1.run(ExportModel.java:220)
	at java.awt.event.InvocationEvent.dispatch(InvocationEvent.java:301)
	at java.awt.EventQueue.dispatchEventImpl(EventQueue.java:756)
	at java.awt.EventQueue.access$500(EventQueue.java:97)
	at java.awt.EventQueue$3.run(EventQueue.java:709)
	at java.awt.EventQueue$3.run(EventQueue.java:703)
	at java.security.AccessController.doPrivileged(Native Method)
	at java.security.ProtectionDomain$JavaSecurityAccessImpl.doIntersectionPrivilege(ProtectionDomain.java:80)
	at java.awt.EventQueue.dispatchEvent(EventQueue.java:726)
	at java.awt.EventDispatchThread.pumpOneEventForFilters(EventDispatchThread.java:201)
	at java.awt.EventDispatchThread.pumpEventsForFilter(EventDispatchThread.java:116)
	at java.awt.EventDispatchThread.pumpEventsForHierarchy(EventDispatchThread.java:105)
	at java.awt.EventDispatchThread.pumpEvents(EventDispatchThread.java:101)
	at java.awt.EventDispatchThread.pumpEvents(EventDispatchThread.java:93)
	at java.awt.EventDispatchThread.run(EventDispatchThread.java:82)
Caused by: ptolemy.kernel.util.InternalErrorException: Element <entity name="node1" class="ptolemy.actor.ptalon.demo.ptinyos.SenseToLeds.MicaBoard"> caused an exception to be thrown.
  in .SenseToLeds.SenseToLeds
Because:
Cannot find class: ptolemy.actor.ptalon.demo.ptinyos.SenseToLeds.MicaBoard. In Ptolemy, classes are typically Java .class files. Entities like actors may instead be defined within a .xml file.  In any case, the class was not found. If the class uses a third party package, then the class would be present only if the third party package was found at compile time.  It may be necessary to upgrade Java or install the third party package, reconfigure and recompile.
Because:
Element <entity name="MicaLeds" class="ptolemy.domains.ptinyos.lib.MicaLeds"> caused an exception to be thrown.
  in .MicaBoard
Because:
Cannot find class: ptolemy.domains.ptinyos.lib.MicaLeds. In Ptolemy, classes are typically Java .class files. Entities like actors may instead be defined within a .xml file.  In any case, the class was not found. If the class uses a third party package, then the class would be present only if the third party package was found at compile time.  It may be necessary to upgrade Java or install the third party package, reconfigure and recompile.
Because:
-- /home/travis/build/icyphy/ptII/ptolemy/actor/ptalon/demo/ptinyos/SenseToLeds/ptolemy/domains/ptinyos/lib/MicaLeds.xml (No such file or directory)
-- XML file not found relative to classpath.
-- /home/travis/build/icyphy/ptII/ptolemy/vergil/basic/export/test/ptolemy/domains/ptinyos/lib/MicaLeds.xml
/home/travis/build/icyphy/ptII/ptolemy/vergil/basic/export/test/ptolemy/domains/ptinyos/lib/MicaLeds.xml (No such file or directory)
 in file:/home/travis/build/icyphy/ptII/ptolemy/actor/ptalon/demo/ptinyos/SenseToLeds/MicaBoard.xml at line 134 and column 63
	at ptolemy.moml.SimpleErrorHandler.handleError(SimpleErrorHandler.java:75)
	at ptolemy.moml.MoMLParser.startElement(MoMLParser.java:3805)
	at com.microstar.xml.XmlParser.parseElement(XmlParser.java:931)
	at com.microstar.xml.XmlParser.parseDocument(XmlParser.java:481)
	at com.microstar.xml.XmlParser.doParse(XmlParser.java:159)
	at com.microstar.xml.XmlParser.parse(XmlParser.java:132)
	at ptolemy.moml.MoMLParser.parse(MoMLParser.java:1660)
	at ptolemy.moml.MoMLParser.parse(MoMLParser.java:1617)
	at ptolemy.moml.MoMLParser.parse(MoMLParser.java:1792)
	at ptolemy.actor.ptalon.PtalonEvaluator.addActor(PtalonEvaluator.java:241)
	... 56 more
Caused by: ptolemy.kernel.util.IllegalActionException: Cannot find class: ptolemy.actor.ptalon.demo.ptinyos.SenseToLeds.MicaBoard. In Ptolemy, classes are typically Java .class files. Entities like actors may instead be defined within a .xml file.  In any case, the class was not found. If the class uses a third party package, then the class would be present only if the third party package was found at compile time.  It may be necessary to upgrade Java or install the third party package, reconfigure and recompile.
Because:
Element <entity name="MicaLeds" class="ptolemy.domains.ptinyos.lib.MicaLeds"> caused an exception to be thrown.
  in .MicaBoard
Because:
Cannot find class: ptolemy.domains.ptinyos.lib.MicaLeds. In Ptolemy, classes are typically Java .class files. Entities like actors may instead be defined within a .xml file.  In any case, the class was not found. If the class uses a third party package, then the class would be present only if the third party package was found at compile time.  It may be necessary to upgrade Java or install the third party package, reconfigure and recompile.
Because:
-- /home/travis/build/icyphy/ptII/ptolemy/actor/ptalon/demo/ptinyos/SenseToLeds/ptolemy/domains/ptinyos/lib/MicaLeds.xml (No such file or directory)
-- XML file not found relative to classpath.
-- /home/travis/build/icyphy/ptII/ptolemy/vergil/basic/export/test/ptolemy/domains/ptinyos/lib/MicaLeds.xml
/home/travis/build/icyphy/ptII/ptolemy/vergil/basic/export/test/ptolemy/domains/ptinyos/lib/MicaLeds.xml (No such file or directory)
 in file:/home/travis/build/icyphy/ptII/ptolemy/actor/ptalon/demo/ptinyos/SenseToLeds/MicaBoard.xml at line 134 and column 63
	at ptolemy.moml.MoMLParser._createEntity(MoMLParser.java:4330)
	at ptolemy.moml.MoMLParser.startElement(MoMLParser.java:2864)
	... 64 more
Caused by: ptolemy.kernel.util.InternalErrorException: Element <entity name="MicaLeds" class="ptolemy.domains.ptinyos.lib.MicaLeds"> caused an exception to be thrown.
  in .MicaBoard
Because:
Cannot find class: ptolemy.domains.ptinyos.lib.MicaLeds. In Ptolemy, classes are typically Java .class files. Entities like actors may instead be defined within a .xml file.  In any case, the class was not found. If the class uses a third party package, then the class would be present only if the third party package was found at compile time.  It may be necessary to upgrade Java or install the third party package, reconfigure and recompile.
Because:
-- /home/travis/build/icyphy/ptII/ptolemy/actor/ptalon/demo/ptinyos/SenseToLeds/ptolemy/domains/ptinyos/lib/MicaLeds.xml (No such file or directory)
-- XML file not found relative to classpath.
-- /home/travis/build/icyphy/ptII/ptolemy/vergil/basic/export/test/ptolemy/domains/ptinyos/lib/MicaLeds.xml
/home/travis/build/icyphy/ptII/ptolemy/vergil/basic/export/test/ptolemy/domains/ptinyos/lib/MicaLeds.xml (No such file or directory)
 in file:/home/travis/build/icyphy/ptII/ptolemy/actor/ptalon/demo/ptinyos/SenseToLeds/MicaBoard.xml at line 134 and column 63
	at ptolemy.moml.SimpleErrorHandler.handleError(SimpleErrorHandler.java:75)
	at ptolemy.moml.MoMLParser.startElement(MoMLParser.java:3805)
	at com.microstar.xml.XmlParser.parseElement(XmlParser.java:921)
	at com.microstar.xml.XmlParser.parseContent(XmlParser.java:1104)
	at com.microstar.xml.XmlParser.parseElement(XmlParser.java:924)
	at com.microstar.xml.XmlParser.parseDocument(XmlParser.java:481)
	at com.microstar.xml.XmlParser.doParse(XmlParser.java:159)
	at com.microstar.xml.XmlParser.parse(XmlParser.java:132)
	at ptolemy.moml.MoMLParser.parse(MoMLParser.java:1676)
	at ptolemy.moml.MoMLParser.parse(MoMLParser.java:1595)
	at ptolemy.moml.MoMLParser.parse(MoMLParser.java:1537)
	at ptolemy.moml.MoMLParser._findOrParse(MoMLParser.java:5286)
	at ptolemy.moml.MoMLParser._attemptToFindMoMLClass(MoMLParser.java:4075)
	at ptolemy.moml.MoMLParser._createEntity(MoMLParser.java:4323)
	... 65 more
Caused by: ptolemy.kernel.util.IllegalActionException: Cannot find class: ptolemy.domains.ptinyos.lib.MicaLeds. In Ptolemy, classes are typically Java .class files. Entities like actors may instead be defined within a .xml file.  In any case, the class was not found. If the class uses a third party package, then the class would be present only if the third party package was found at compile time.  It may be necessary to upgrade Java or install the third party package, reconfigure and recompile.
Because:
-- /home/travis/build/icyphy/ptII/ptolemy/actor/ptalon/demo/ptinyos/SenseToLeds/ptolemy/domains/ptinyos/lib/MicaLeds.xml (No such file or directory)
-- XML file not found relative to classpath.
-- /home/travis/build/icyphy/ptII/ptolemy/vergil/basic/export/test/ptolemy/domains/ptinyos/lib/MicaLeds.xml
/home/travis/build/icyphy/ptII/ptolemy/vergil/basic/export/test/ptolemy/domains/ptinyos/lib/MicaLeds.xml (No such file or directory)
 in file:/home/travis/build/icyphy/ptII/ptolemy/actor/ptalon/demo/ptinyos/SenseToLeds/MicaBoard.xml at line 134 and column 63
	at ptolemy.moml.MoMLParser._createEntity(MoMLParser.java:4330)
	at ptolemy.moml.MoMLParser.startElement(MoMLParser.java:2864)
	... 77 more
Caused by: com.microstar.xml.XmlException: -- /home/travis/build/icyphy/ptII/ptolemy/actor/ptalon/demo/ptinyos/SenseToLeds/ptolemy/domains/ptinyos/lib/MicaLeds.xml (No such file or directory)
-- XML file not found relative to classpath.
-- /home/travis/build/icyphy/ptII/ptolemy/vergil/basic/export/test/ptolemy/domains/ptinyos/lib/MicaLeds.xml
/home/travis/build/icyphy/ptII/ptolemy/vergil/basic/export/test/ptolemy/domains/ptinyos/lib/MicaLeds.xml (No such file or directory)
 in file:/home/travis/build/icyphy/ptII/ptolemy/actor/ptalon/demo/ptinyos/SenseToLeds/MicaBoard.xml at line 134 and column 63
	at ptolemy.moml.MoMLParser.fileNameToURL(MoMLParser.java:1414)
	at ptolemy.moml.MoMLParser._findOrParse(MoMLParser.java:5283)
	at ptolemy.moml.MoMLParser._attemptToFindMoMLClass(MoMLParser.java:4075)
	at ptolemy.moml.MoMLParser._createEntity(MoMLParser.java:4323)
	... 78 more
Failed to read file:/home/travis/build/icyphy/ptII/ptolemy/actor/ptalon/demo/ptinyos/SenseToLeds/SenseToLeds.xml
ptolemy.kernel.util.IllegalActionException: Failed to process attribute change to PtalonParameter, whose value is "ptolemy.actor.ptalon.PtalonExpressionParameter {.SenseToLeds.SenseToLeds.n} 2".
  in .SenseToLeds.SenseToLeds
Because:
Unable to add actor null
	at ptolemy.actor.ptalon.PtalonActor.attributeChanged(PtalonActor.java:211)
	at ptolemy.actor.ptalon.PtalonMLHandler.startElement(PtalonMLHandler.java:134)
	at com.microstar.xml.XmlParser.parseElement(XmlParser.java:921)
	at com.microstar.xml.XmlParser.parseContent(XmlParser.java:1104)
	at com.microstar.xml.XmlParser.parseElement(XmlParser.java:924)
	at com.microstar.xml.XmlParser.parseDocument(XmlParser.java:481)
	at com.microstar.xml.XmlParser.doParse(XmlParser.java:159)
	at com.microstar.xml.XmlParser.parse(XmlParser.java:132)
	at ptolemy.actor.ptalon.PtalonActor.configure(PtalonActor.java:240)
	at ptolemy.moml.MoMLParser.endElement(MoMLParser.java:996)
	at com.microstar.xml.XmlParser.parseETag(XmlParser.java:1026)
	at com.microstar.xml.XmlParser.parseContent(XmlParser.java:1098)
	at com.microstar.xml.XmlParser.parseElement(XmlParser.java:924)
	at com.microstar.xml.XmlParser.parseContent(XmlParser.java:1104)
	at com.microstar.xml.XmlParser.parseElement(XmlParser.java:924)
	at com.microstar.xml.XmlParser.parseContent(XmlParser.java:1104)
	at com.microstar.xml.XmlParser.parseElement(XmlParser.java:924)
	at com.microstar.xml.XmlParser.parseDocument(XmlParser.java:481)
	at com.microstar.xml.XmlParser.doParse(XmlParser.java:159)
	at com.microstar.xml.XmlParser.parse(XmlParser.java:132)
	at ptolemy.moml.MoMLParser.parse(MoMLParser.java:1676)
	at ptolemy.moml.MoMLParser.parse(MoMLParser.java:1595)
	at ptolemy.moml.MoMLParser.parse(MoMLParser.java:1537)
	at ptolemy.actor.gui.PtolemyEffigy$Factory.createEffigy(PtolemyEffigy.java:424)
	at ptolemy.actor.gui.EffigyFactory.createEffigy(EffigyFactory.java:234)
	at ptolemy.actor.gui.Configuration.openModel(Configuration.java:1125)
	at ptolemy.actor.gui.Configuration.openModel(Configuration.java:1051)
	at ptolemy.actor.gui.ConfigurationApplication._openModel(ConfigurationApplication.java:1252)
	at ptolemy.actor.gui.ConfigurationApplication._parseArg(ConfigurationApplication.java:1399)
	at ptolemy.actor.gui.ConfigurationApplication._parseArgs(ConfigurationApplication.java:1478)
	at ptolemy.actor.gui.ConfigurationApplication.<init>(ConfigurationApplication.java:277)
	at ptolemy.actor.gui.ConfigurationApplication.<init>(ConfigurationApplication.java:214)
	at ptolemy.actor.gui.ConfigurationApplication.<init>(ConfigurationApplication.java:201)
	at ptolemy.actor.gui.ConfigurationApplication.openModelOrEntity(ConfigurationApplication.java:680)
	at ptolemy.vergil.basic.export.ExportModel$1.run(ExportModel.java:220)
	at java.awt.event.InvocationEvent.dispatch(InvocationEvent.java:301)
	at java.awt.EventQueue.dispatchEventImpl(EventQueue.java:756)
	at java.awt.EventQueue.access$500(EventQueue.java:97)
	at java.awt.EventQueue$3.run(EventQueue.java:709)
	at java.awt.EventQueue$3.run(EventQueue.java:703)
	at java.security.AccessController.doPrivileged(Native Method)
	at java.security.ProtectionDomain$JavaSecurityAccessImpl.doIntersectionPrivilege(ProtectionDomain.java:80)
	at java.awt.EventQueue.dispatchEvent(EventQueue.java:726)
	at java.awt.EventDispatchThread.pumpOneEventForFilters(EventDispatchThread.java:201)
	at java.awt.EventDispatchThread.pumpEventsForFilter(EventDispatchThread.java:116)
	at java.awt.EventDispatchThread.pumpEventsForHierarchy(EventDispatchThread.java:105)
	at java.awt.EventDispatchThread.pumpEvents(EventDispatchThread.java:101)
	at java.awt.EventDispatchThread.pumpEvents(EventDispatchThread.java:93)
	at java.awt.EventDispatchThread.run(EventDispatchThread.java:82)
Caused by: ptolemy.actor.ptalon.PtalonRuntimeException: Unable to add actor null
	at ptolemy.actor.ptalon.PtalonEvaluator.addActor(PtalonEvaluator.java:300)
	at ptolemy.actor.ptalon.PtalonPopulator.actor_declaration(PtalonPopulator.java:1574)
	at ptolemy.actor.ptalon.PtalonPopulator.atomic_statement(PtalonPopulator.java:1638)
	at ptolemy.actor.ptalon.PtalonPopulator.iterative_statement_evaluator(PtalonPopulator.java:2484)
	at ptolemy.actor.ptalon.AbstractPtalonEvaluator$IfTree.evaluateForScope(AbstractPtalonEvaluator.java:1307)
	at ptolemy.actor.ptalon.AbstractPtalonEvaluator.evaluateForScope(AbstractPtalonEvaluator.java:744)
	at ptolemy.actor.ptalon.PtalonPopulator.iterative_statement(PtalonPopulator.java:2363)
	at ptolemy.actor.ptalon.PtalonPopulator.actor_definition(PtalonPopulator.java:2809)
	at ptolemy.actor.ptalon.PtalonActor.attributeChanged(PtalonActor.java:206)
	... 48 more
Caused by: ptolemy.kernel.util.InternalErrorException: Element <entity name="node1" class="ptolemy.actor.ptalon.demo.ptinyos.SenseToLeds.MicaBoard"> caused an exception to be thrown.
  in .SenseToLeds.SenseToLeds
Because:
Cannot find class: ptolemy.actor.ptalon.demo.ptinyos.SenseToLeds.MicaBoard. In Ptolemy, classes are typically Java .class files. Entities like actors may instead be defined within a .xml file.  In any case, the class was not found. If the class uses a third party package, then the class would be present only if the third party package was found at compile time.  It may be necessary to upgrade Java or install the third party package, reconfigure and recompile.
Because:
Element <entity name="MicaLeds" class="ptolemy.domains.ptinyos.lib.MicaLeds"> caused an exception to be thrown.
  in .MicaBoard
Because:
Cannot find class: ptolemy.domains.ptinyos.lib.MicaLeds. In Ptolemy, classes are typically Java .class files. Entities like actors may instead be defined within a .xml file.  In any case, the class was not found. If the class uses a third party package, then the class would be present only if the third party package was found at compile time.  It may be necessary to upgrade Java or install the third party package, reconfigure and recompile.
Because:
-- /home/travis/build/icyphy/ptII/ptolemy/actor/ptalon/demo/ptinyos/SenseToLeds/ptolemy/domains/ptinyos/lib/MicaLeds.xml (No such file or directory)
-- XML file not found relative to classpath.
-- /home/travis/build/icyphy/ptII/ptolemy/vergil/basic/export/test/ptolemy/domains/ptinyos/lib/MicaLeds.xml
/home/travis/build/icyphy/ptII/ptolemy/vergil/basic/export/test/ptolemy/domains/ptinyos/lib/MicaLeds.xml (No such file or directory)
 in file:/home/travis/build/icyphy/ptII/ptolemy/actor/ptalon/demo/ptinyos/SenseToLeds/MicaBoard.xml at line 134 and column 63
	at ptolemy.moml.SimpleErrorHandler.handleError(SimpleErrorHandler.java:75)
	at ptolemy.moml.MoMLParser.startElement(MoMLParser.java:3805)
	at com.microstar.xml.XmlParser.parseElement(XmlParser.java:931)
	at com.microstar.xml.XmlParser.parseDocument(XmlParser.java:481)
	at com.microstar.xml.XmlParser.doParse(XmlParser.java:159)
	at com.microstar.xml.XmlParser.parse(XmlParser.java:132)
	at ptolemy.moml.MoMLParser.parse(MoMLParser.java:1660)
	at ptolemy.moml.MoMLParser.parse(MoMLParser.java:1617)
	at ptolemy.moml.MoMLParser.parse(MoMLParser.java:1792)
	at ptolemy.actor.ptalon.PtalonEvaluator.addActor(PtalonEvaluator.java:241)
	... 56 more
Caused by: ptolemy.kernel.util.IllegalActionException: Cannot find class: ptolemy.actor.ptalon.demo.ptinyos.SenseToLeds.MicaBoard. In Ptolemy, classes are typically Java .class files. Entities like actors may instead be defined within a .xml file.  In any case, the class was not found. If the class uses a third party package, then the class would be present only if the third party package was found at compile time.  It may be necessary to upgrade Java or install the third party package, reconfigure and recompile.
Because:
Element <entity name="MicaLeds" class="ptolemy.domains.ptinyos.lib.MicaLeds"> caused an exception to be thrown.
  in .MicaBoard
Because:
Cannot find class: ptolemy.domains.ptinyos.lib.MicaLeds. In Ptolemy, classes are typically Java .class files. Entities like actors may instead be defined within a .xml file.  In any case, the class was not found. If the class uses a third party package, then the class would be present only if the third party package was found at compile time.  It may be necessary to upgrade Java or install the third party package, reconfigure and recompile.
Because:
-- /home/travis/build/icyphy/ptII/ptolemy/actor/ptalon/demo/ptinyos/SenseToLeds/ptolemy/domains/ptinyos/lib/MicaLeds.xml (No such file or directory)
-- XML file not found relative to classpath.
-- /home/travis/build/icyphy/ptII/ptolemy/vergil/basic/export/test/ptolemy/domains/ptinyos/lib/MicaLeds.xml
/home/travis/build/icyphy/ptII/ptolemy/vergil/basic/export/test/ptolemy/domains/ptinyos/lib/MicaLeds.xml (No such file or directory)
 in file:/home/travis/build/icyphy/ptII/ptolemy/actor/ptalon/demo/ptinyos/SenseToLeds/MicaBoard.xml at line 134 and column 63
	at ptolemy.moml.MoMLParser._createEntity(MoMLParser.java:4330)
	at ptolemy.moml.MoMLParser.startElement(MoMLParser.java:2864)
	... 64 more
Caused by: ptolemy.kernel.util.InternalErrorException: Element <entity name="MicaLeds" class="ptolemy.domains.ptinyos.lib.MicaLeds"> caused an exception to be thrown.
  in .MicaBoard
Because:
Cannot find class: ptolemy.domains.ptinyos.lib.MicaLeds. In Ptolemy, classes are typically Java .class files. Entities like actors may instead be defined within a .xml file.  In any case, the class was not found. If the class uses a third party package, then the class would be present only if the third party package was found at compile time.  It may be necessary to upgrade Java or install the third party package, reconfigure and recompile.
Because:
-- /home/travis/build/icyphy/ptII/ptolemy/actor/ptalon/demo/ptinyos/SenseToLeds/ptolemy/domains/ptinyos/lib/MicaLeds.xml (No such file or directory)
-- XML file not found relative to classpath.
-- /home/travis/build/icyphy/ptII/ptolemy/vergil/basic/export/test/ptolemy/domains/ptinyos/lib/MicaLeds.xml
/home/travis/build/icyphy/ptII/ptolemy/vergil/basic/export/test/ptolemy/domains/ptinyos/lib/MicaLeds.xml (No such file or directory)
 in file:/home/travis/build/icyphy/ptII/ptolemy/actor/ptalon/demo/ptinyos/SenseToLeds/MicaBoard.xml at line 134 and column 63
	at ptolemy.moml.SimpleErrorHandler.handleError(SimpleErrorHandler.java:75)
	at ptolemy.moml.MoMLParser.startElement(MoMLParser.java:3805)
	at com.microstar.xml.XmlParser.parseElement(XmlParser.java:921)
	at com.microstar.xml.XmlParser.parseContent(XmlParser.java:1104)
	at com.microstar.xml.XmlParser.parseElement(XmlParser.java:924)
	at com.microstar.xml.XmlParser.parseDocument(XmlParser.java:481)
	at com.microstar.xml.XmlParser.doParse(XmlParser.java:159)
	at com.microstar.xml.XmlParser.parse(XmlParser.java:132)
	at ptolemy.moml.MoMLParser.parse(MoMLParser.java:1676)
	at ptolemy.moml.MoMLParser.parse(MoMLParser.java:1595)
	at ptolemy.moml.MoMLParser.parse(MoMLParser.java:1537)
	at ptolemy.moml.MoMLParser._findOrParse(MoMLParser.java:5286)
	at ptolemy.moml.MoMLParser._attemptToFindMoMLClass(MoMLParser.java:4075)
	at ptolemy.moml.MoMLParser._createEntity(MoMLParser.java:4323)
	... 65 more
Caused by: ptolemy.kernel.util.IllegalActionException: Cannot find class: ptolemy.domains.ptinyos.lib.MicaLeds. In Ptolemy, classes are typically Java .class files. Entities like actors may instead be defined within a .xml file.  In any case, the class was not found. If the class uses a third party package, then the class would be present only if the third party package was found at compile time.  It may be necessary to upgrade Java or install the third party package, reconfigure and recompile.
Because:
-- /home/travis/build/icyphy/ptII/ptolemy/actor/ptalon/demo/ptinyos/SenseToLeds/ptolemy/domains/ptinyos/lib/MicaLeds.xml (No such file or directory)
-- XML file not found relative to classpath.
-- /home/travis/build/icyphy/ptII/ptolemy/vergil/basic/export/test/ptolemy/domains/ptinyos/lib/MicaLeds.xml
/home/travis/build/icyphy/ptII/ptolemy/vergil/basic/export/test/ptolemy/domains/ptinyos/lib/MicaLeds.xml (No such file or directory)
 in file:/home/travis/build/icyphy/ptII/ptolemy/actor/ptalon/demo/ptinyos/SenseToLeds/MicaBoard.xml at line 134 and column 63
	at ptolemy.moml.MoMLParser._createEntity(MoMLParser.java:4330)
	at ptolemy.moml.MoMLParser.startElement(MoMLParser.java:2864)
	... 77 more
Caused by: com.microstar.xml.XmlException: -- /home/travis/build/icyphy/ptII/ptolemy/actor/ptalon/demo/ptinyos/SenseToLeds/ptolemy/domains/ptinyos/lib/MicaLeds.xml (No such file or directory)
-- XML file not found relative to classpath.
-- /home/travis/build/icyphy/ptII/ptolemy/vergil/basic/export/test/ptolemy/domains/ptinyos/lib/MicaLeds.xml
/home/travis/build/icyphy/ptII/ptolemy/vergil/basic/export/test/ptolemy/domains/ptinyos/lib/MicaLeds.xml (No such file or directory)
 in file:/home/travis/build/icyphy/ptII/ptolemy/actor/ptalon/demo/ptinyos/SenseToLeds/MicaBoard.xml at line 134 and column 63
	at ptolemy.moml.MoMLParser.fileNameToURL(MoMLParser.java:1414)
	at ptolemy.moml.MoMLParser._findOrParse(MoMLParser.java:5283)
	at ptolemy.moml.MoMLParser._attemptToFindMoMLClass(MoMLParser.java:4075)
	at ptolemy.moml.MoMLParser._createEntity(MoMLParser.java:4323)
	... 78 more
Caused by: ptolemy.actor.ptalon.PtalonRuntimeException: Unable to add actor null
	at ptolemy.actor.ptalon.PtalonEvaluator.addActor(PtalonEvaluator.java:300)
	at ptolemy.actor.ptalon.PtalonPopulator.actor_declaration(PtalonPopulator.java:1574)
	at ptolemy.actor.ptalon.PtalonPopulator.atomic_statement(PtalonPopulator.java:1638)
	at ptolemy.actor.ptalon.PtalonPopulator.iterative_statement_evaluator(PtalonPopulator.java:2484)
	at ptolemy.actor.ptalon.AbstractPtalonEvaluator$IfTree.evaluateForScope(AbstractPtalonEvaluator.java:1307)
	at ptolemy.actor.ptalon.AbstractPtalonEvaluator.evaluateForScope(AbstractPtalonEvaluator.java:744)
	at ptolemy.actor.ptalon.PtalonPopulator.iterative_statement(PtalonPopulator.java:2363)
	at ptolemy.actor.ptalon.PtalonPopulator.actor_definition(PtalonPopulator.java:2809)
	at ptolemy.actor.ptalon.PtalonActor.attributeChanged(PtalonActor.java:206)
	at ptolemy.actor.ptalon.PtalonMLHandler.startElement(PtalonMLHandler.java:134)
	at com.microstar.xml.XmlParser.parseElement(XmlParser.java:921)
	at com.microstar.xml.XmlParser.parseContent(XmlParser.java:1104)
	at com.microstar.xml.XmlParser.parseElement(XmlParser.java:924)
	at com.microstar.xml.XmlParser.parseDocument(XmlParser.java:481)
	at com.microstar.xml.XmlParser.doParse(XmlParser.java:159)
	at com.microstar.xml.XmlParser.parse(XmlParser.java:132)
	at ptolemy.actor.ptalon.PtalonActor.configure(PtalonActor.java:240)
	at ptolemy.moml.MoMLParser.endElement(MoMLParser.java:996)
	at com.microstar.xml.XmlParser.parseETag(XmlParser.java:1026)
	at com.microstar.xml.XmlParser.parseContent(XmlParser.java:1098)
	at com.microstar.xml.XmlParser.parseElement(XmlParser.java:924)
	at com.microstar.xml.XmlParser.parseContent(XmlParser.java:1104)
	at com.microstar.xml.XmlParser.parseElement(XmlParser.java:924)
	at com.microstar.xml.XmlParser.parseContent(XmlParser.java:1104)
	at com.microstar.xml.XmlParser.parseElement(XmlParser.java:924)
	at com.microstar.xml.XmlParser.parseDocument(XmlParser.java:481)
	at com.microstar.xml.XmlParser.doParse(XmlParser.java:159)
	at com.microstar.xml.XmlParser.parse(XmlParser.java:132)
	at ptolemy.moml.MoMLParser.parse(MoMLParser.java:1676)
	at ptolemy.moml.MoMLParser.parse(MoMLParser.java:1595)
	at ptolemy.moml.MoMLParser.parse(MoMLParser.java:1537)
	at ptolemy.actor.gui.PtolemyEffigy$Factory.createEffigy(PtolemyEffigy.java:424)
	at ptolemy.actor.gui.EffigyFactory.createEffigy(EffigyFactory.java:234)
	at ptolemy.actor.gui.Configuration.openModel(Configuration.java:1125)
	at ptolemy.actor.gui.Configuration.openModel(Configuration.java:1051)
	at ptolemy.actor.gui.ConfigurationApplication._openModel(ConfigurationApplication.java:1252)
	at ptolemy.actor.gui.ConfigurationApplication._parseArg(ConfigurationApplication.java:1399)
	at ptolemy.actor.gui.ConfigurationApplication._parseArgs(ConfigurationApplication.java:1478)
	at ptolemy.actor.gui.ConfigurationApplication.<init>(ConfigurationApplication.java:277)
	at ptolemy.actor.gui.ConfigurationApplication.<init>(ConfigurationApplication.java:214)
	at ptolemy.actor.gui.ConfigurationApplication.<init>(ConfigurationApplication.java:201)
	at ptolemy.actor.gui.ConfigurationApplication.openModelOrEntity(ConfigurationApplication.java:680)
	at ptolemy.vergil.basic.export.ExportModel$1.run(ExportModel.java:220)
	at java.awt.event.InvocationEvent.dispatch(InvocationEvent.java:301)
	at java.awt.EventQueue.dispatchEventImpl(EventQueue.java:756)
	at java.awt.EventQueue.access$500(EventQueue.java:97)
	at java.awt.EventQueue$3.run(EventQueue.java:709)
	at java.awt.EventQueue$3.run(EventQueue.java:703)
	at java.security.AccessController.doPrivileged(Native Method)
	at java.security.ProtectionDomain$JavaSecurityAccessImpl.doIntersectionPrivilege(ProtectionDomain.java:80)
	at java.awt.EventQueue.dispatchEvent(EventQueue.java:726)
	at java.awt.EventDispatchThread.pumpOneEventForFilters(EventDispatchThread.java:201)
	at java.awt.EventDispatchThread.pumpEventsForFilter(EventDispatchThread.java:116)
	at java.awt.EventDispatchThread.pumpEventsForHierarchy(EventDispatchThread.java:105)
	at java.awt.EventDispatchThread.pumpEvents(EventDispatchThread.java:101)
	at java.awt.EventDispatchThread.pumpEvents(EventDispatchThread.java:93)
	at java.awt.EventDispatchThread.run(EventDispatchThread.java:82)
Caused by: ptolemy.kernel.util.InternalErrorException: Element <entity name="node1" class="ptolemy.actor.ptalon.demo.ptinyos.SenseToLeds.MicaBoard"> caused an exception to be thrown.
  in .SenseToLeds.SenseToLeds
Because:
Cannot find class: ptolemy.actor.ptalon.demo.ptinyos.SenseToLeds.MicaBoard. In Ptolemy, classes are typically Java .class files. Entities like actors may instead be defined within a .xml file.  In any case, the class was not found. If the class uses a third party package, then the class would be present only if the third party package was found at compile time.  It may be necessary to upgrade Java or install the third party package, reconfigure and recompile.
Because:
Element <entity name="MicaLeds" class="ptolemy.domains.ptinyos.lib.MicaLeds"> caused an exception to be thrown.
  in .MicaBoard
Because:
Cannot find class: ptolemy.domains.ptinyos.lib.MicaLeds. In Ptolemy, classes are typically Java .class files. Entities like actors may instead be defined within a .xml file.  In any case, the class was not found. If the class uses a third party package, then the class would be present only if the third party package was found at compile time.  It may be necessary to upgrade Java or install the third party package, reconfigure and recompile.
Because:
-- /home/travis/build/icyphy/ptII/ptolemy/actor/ptalon/demo/ptinyos/SenseToLeds/ptolemy/domains/ptinyos/lib/MicaLeds.xml (No such file or directory)
-- XML file not found relative to classpath.
-- /home/travis/build/icyphy/ptII/ptolemy/vergil/basic/export/test/ptolemy/domains/ptinyos/lib/MicaLeds.xml
/home/travis/build/icyphy/ptII/ptolemy/vergil/basic/export/test/ptolemy/domains/ptinyos/lib/MicaLeds.xml (No such file or directory)
 in file:/home/travis/build/icyphy/ptII/ptolemy/actor/ptalon/demo/ptinyos/SenseToLeds/MicaBoard.xml at line 134 and column 63
	at ptolemy.moml.SimpleErrorHandler.handleError(SimpleErrorHandler.java:75)
	at ptolemy.moml.MoMLParser.startElement(MoMLParser.java:3805)
	at com.microstar.xml.XmlParser.parseElement(XmlParser.java:931)
	at com.microstar.xml.XmlParser.parseDocument(XmlParser.java:481)
	at com.microstar.xml.XmlParser.doParse(XmlParser.java:159)
	at com.microstar.xml.XmlParser.parse(XmlParser.java:132)
	at ptolemy.moml.MoMLParser.parse(MoMLParser.java:1660)
	at ptolemy.moml.MoMLParser.parse(MoMLParser.java:1617)
	at ptolemy.moml.MoMLParser.parse(MoMLParser.java:1792)
	at ptolemy.actor.ptalon.PtalonEvaluator.addActor(PtalonEvaluator.java:241)
	... 56 more
Caused by: ptolemy.kernel.util.IllegalActionException: Cannot find class: ptolemy.actor.ptalon.demo.ptinyos.SenseToLeds.MicaBoard. In Ptolemy, classes are typically Java .class files. Entities like actors may instead be defined within a .xml file.  In any case, the class was not found. If the class uses a third party package, then the class would be present only if the third party package was found at compile time.  It may be necessary to upgrade Java or install the third party package, reconfigure and recompile.
Because:
Element <entity name="MicaLeds" class="ptolemy.domains.ptinyos.lib.MicaLeds"> caused an exception to be thrown.
  in .MicaBoard
Because:
Cannot find class: ptolemy.domains.ptinyos.lib.MicaLeds. In Ptolemy, classes are typically Java .class files. Entities like actors may instead be defined within a .xml file.  In any case, the class was not found. If the class uses a third party package, then the class would be present only if the third party package was found at compile time.  It may be necessary to upgrade Java or install the third party package, reconfigure and recompile.
Because:
-- /home/travis/build/icyphy/ptII/ptolemy/actor/ptalon/demo/ptinyos/SenseToLeds/ptolemy/domains/ptinyos/lib/MicaLeds.xml (No such file or directory)
-- XML file not found relative to classpath.
-- /home/travis/build/icyphy/ptII/ptolemy/vergil/basic/export/test/ptolemy/domains/ptinyos/lib/MicaLeds.xml
/home/travis/build/icyphy/ptII/ptolemy/vergil/basic/export/test/ptolemy/domains/ptinyos/lib/MicaLeds.xml (No such file or directory)
 in file:/home/travis/build/icyphy/ptII/ptolemy/actor/ptalon/demo/ptinyos/SenseToLeds/MicaBoard.xml at line 134 and column 63
	at ptolemy.moml.MoMLParser._createEntity(MoMLParser.java:4330)
	at ptolemy.moml.MoMLParser.startElement(MoMLParser.java:2864)
	... 64 more
Caused by: ptolemy.kernel.util.InternalErrorException: Element <entity name="MicaLeds" class="ptolemy.domains.ptinyos.lib.MicaLeds"> caused an exception to be thrown.
  in .MicaBoard
Because:
Cannot find class: ptolemy.domains.ptinyos.lib.MicaLeds. In Ptolemy, classes are typically Java .class files. Entities like actors may instead be defined within a .xml file.  In any case, the class was not found. If the class uses a third party package, then the class would be present only if the third party package was found at compile time.  It may be necessary to upgrade Java or install the third party package, reconfigure and recompile.
Because:
-- /home/travis/build/icyphy/ptII/ptolemy/actor/ptalon/demo/ptinyos/SenseToLeds/ptolemy/domains/ptinyos/lib/MicaLeds.xml (No such file or directory)
-- XML file not found relative to classpath.
-- /home/travis/build/icyphy/ptII/ptolemy/vergil/basic/export/test/ptolemy/domains/ptinyos/lib/MicaLeds.xml
/home/travis/build/icyphy/ptII/ptolemy/vergil/basic/export/test/ptolemy/domains/ptinyos/lib/MicaLeds.xml (No such file or directory)
 in file:/home/travis/build/icyphy/ptII/ptolemy/actor/ptalon/demo/ptinyos/SenseToLeds/MicaBoard.xml at line 134 and column 63
	at ptolemy.moml.SimpleErrorHandler.handleError(SimpleErrorHandler.java:75)
	at ptolemy.moml.MoMLParser.startElement(MoMLParser.java:3805)
	at com.microstar.xml.XmlParser.parseElement(XmlParser.java:921)
	at com.microstar.xml.XmlParser.parseContent(XmlParser.java:1104)
	at com.microstar.xml.XmlParser.parseElement(XmlParser.java:924)
	at com.microstar.xml.XmlParser.parseDocument(XmlParser.java:481)
	at com.microstar.xml.XmlParser.doParse(XmlParser.java:159)
	at com.microstar.xml.XmlParser.parse(XmlParser.java:132)
	at ptolemy.moml.MoMLParser.parse(MoMLParser.java:1676)
	at ptolemy.moml.MoMLParser.parse(MoMLParser.java:1595)
	at ptolemy.moml.MoMLParser.parse(MoMLParser.java:1537)
	at ptolemy.moml.MoMLParser._findOrParse(MoMLParser.java:5286)
	at ptolemy.moml.MoMLParser._attemptToFindMoMLClass(MoMLParser.java:4075)
	at ptolemy.moml.MoMLParser._createEntity(MoMLParser.java:4323)
	... 65 more
Caused by: ptolemy.kernel.util.IllegalActionException: Cannot find class: ptolemy.domains.ptinyos.lib.MicaLeds. In Ptolemy, classes are typically Java .class files. Entities like actors may instead be defined within a .xml file.  In any case, the class was not found. If the class uses a third party package, then the class would be present only if the third party package was found at compile time.  It may be necessary to upgrade Java or install the third party package, reconfigure and recompile.
Because:
-- /home/travis/build/icyphy/ptII/ptolemy/actor/ptalon/demo/ptinyos/SenseToLeds/ptolemy/domains/ptinyos/lib/MicaLeds.xml (No such file or directory)
-- XML file not found relative to classpath.
-- /home/travis/build/icyphy/ptII/ptolemy/vergil/basic/export/test/ptolemy/domains/ptinyos/lib/MicaLeds.xml
/home/travis/build/icyphy/ptII/ptolemy/vergil/basic/export/test/ptolemy/domains/ptinyos/lib/MicaLeds.xml (No such file or directory)
 in file:/home/travis/build/icyphy/ptII/ptolemy/actor/ptalon/demo/ptinyos/SenseToLeds/MicaBoard.xml at line 134 and column 63
	at ptolemy.moml.MoMLParser._createEntity(MoMLParser.java:4330)
	at ptolemy.moml.MoMLParser.startElement(MoMLParser.java:2864)
	... 77 more
Caused by: com.microstar.xml.XmlException: -- /home/travis/build/icyphy/ptII/ptolemy/actor/ptalon/demo/ptinyos/SenseToLeds/ptolemy/domains/ptinyos/lib/MicaLeds.xml (No such file or directory)
-- XML file not found relative to classpath.
-- /home/travis/build/icyphy/ptII/ptolemy/vergil/basic/export/test/ptolemy/domains/ptinyos/lib/MicaLeds.xml
/home/travis/build/icyphy/ptII/ptolemy/vergil/basic/export/test/ptolemy/domains/ptinyos/lib/MicaLeds.xml (No such file or directory)
 in file:/home/travis/build/icyphy/ptII/ptolemy/actor/ptalon/demo/ptinyos/SenseToLeds/MicaBoard.xml at line 134 and column 63
	at ptolemy.moml.MoMLParser.fileNameToURL(MoMLParser.java:1414)
	at ptolemy.moml.MoMLParser._findOrParse(MoMLParser.java:5283)
	at ptolemy.moml.MoMLParser._attemptToFindMoMLClass(MoMLParser.java:4075)
	at ptolemy.moml.MoMLParser._createEntity(MoMLParser.java:4323)
	... 78 more
Failed to read file:/home/travis/build/icyphy/ptII/ptolemy/actor/ptalon/demo/ptinyos/SenseToLeds/SenseToLeds.xml
ptolemy.kernel.util.IllegalActionException: Failed to process attribute change to PtalonParameter, whose value is "ptolemy.actor.ptalon.PtalonExpressionParameter {.SenseToLeds.SenseToLeds.n} 2".
  in .SenseToLeds.SenseToLeds
Because:
Unable to add actor null
	at ptolemy.actor.ptalon.PtalonActor.attributeChanged(PtalonActor.java:211)
	at ptolemy.actor.ptalon.PtalonMLHandler.startElement(PtalonMLHandler.java:134)
	at com.microstar.xml.XmlParser.parseElement(XmlParser.java:921)
	at com.microstar.xml.XmlParser.parseContent(XmlParser.java:1104)
	at com.microstar.xml.XmlParser.parseElement(XmlParser.java:924)
	at com.microstar.xml.XmlParser.parseDocument(XmlParser.java:481)
	at com.microstar.xml.XmlParser.doParse(XmlParser.java:159)
	at com.microstar.xml.XmlParser.parse(XmlParser.java:132)
	at ptolemy.actor.ptalon.PtalonActor.configure(PtalonActor.java:240)
	at ptolemy.moml.MoMLParser.endElement(MoMLParser.java:996)
	at com.microstar.xml.XmlParser.parseETag(XmlParser.java:1026)
	at com.microstar.xml.XmlParser.parseContent(XmlParser.java:1098)
	at com.microstar.xml.XmlParser.parseElement(XmlParser.java:924)
	at com.microstar.xml.XmlParser.parseContent(XmlParser.java:1104)
	at com.microstar.xml.XmlParser.parseElement(XmlParser.java:924)
	at com.microstar.xml.XmlParser.parseContent(XmlParser.java:1104)
	at com.microstar.xml.XmlParser.parseElement(XmlParser.java:924)
	at com.microstar.xml.XmlParser.parseDocument(XmlParser.java:481)
	at com.microstar.xml.XmlParser.doParse(XmlParser.java:159)
	at com.microstar.xml.XmlParser.parse(XmlParser.java:132)
	at ptolemy.moml.MoMLParser.parse(MoMLParser.java:1676)
	at ptolemy.moml.MoMLParser.parse(MoMLParser.java:1595)
	at ptolemy.moml.MoMLParser.parse(MoMLParser.java:1537)
	at ptolemy.actor.gui.PtolemyEffigy$Factory.createEffigy(PtolemyEffigy.java:424)
	at ptolemy.actor.gui.EffigyFactory.createEffigy(EffigyFactory.java:234)
	at ptolemy.actor.gui.Configuration.openModel(Configuration.java:1125)
	at ptolemy.actor.gui.Configuration.openModel(Configuration.java:1051)
	at ptolemy.actor.gui.ConfigurationApplication._openModel(ConfigurationApplication.java:1252)
	at ptolemy.actor.gui.ConfigurationApplication._parseArg(ConfigurationApplication.java:1399)
	at ptolemy.actor.gui.ConfigurationApplication._parseArgs(ConfigurationApplication.java:1478)
	at ptolemy.actor.gui.ConfigurationApplication.<init>(ConfigurationApplication.java:277)
	at ptolemy.actor.gui.ConfigurationApplication.<init>(ConfigurationApplication.java:214)
	at ptolemy.actor.gui.ConfigurationApplication.<init>(ConfigurationApplication.java:201)
	at ptolemy.actor.gui.ConfigurationApplication.openModelOrEntity(ConfigurationApplication.java:680)
	at ptolemy.vergil.basic.export.ExportModel$1.run(ExportModel.java:220)
	at java.awt.event.InvocationEvent.dispatch(InvocationEvent.java:301)
	at java.awt.EventQueue.dispatchEventImpl(EventQueue.java:756)
	at java.awt.EventQueue.access$500(EventQueue.java:97)
	at java.awt.EventQueue$3.run(EventQueue.java:709)
	at java.awt.EventQueue$3.run(EventQueue.java:703)
	at java.security.AccessController.doPrivileged(Native Method)
	at java.security.ProtectionDomain$JavaSecurityAccessImpl.doIntersectionPrivilege(ProtectionDomain.java:80)
	at java.awt.EventQueue.dispatchEvent(EventQueue.java:726)
	at java.awt.EventDispatchThread.pumpOneEventForFilters(EventDispatchThread.java:201)
	at java.awt.EventDispatchThread.pumpEventsForFilter(EventDispatchThread.java:116)
	at java.awt.EventDispatchThread.pumpEventsForHierarchy(EventDispatchThread.java:105)
	at java.awt.EventDispatchThread.pumpEvents(EventDispatchThread.java:101)
	at java.awt.EventDispatchThread.pumpEvents(EventDispatchThread.java:93)
	at java.awt.EventDispatchThread.run(EventDispatchThread.java:82)
Caused by: ptolemy.actor.ptalon.PtalonRuntimeException: Unable to add actor null
	at ptolemy.actor.ptalon.PtalonEvaluator.addActor(PtalonEvaluator.java:300)
	at ptolemy.actor.ptalon.PtalonPopulator.actor_declaration(PtalonPopulator.java:1574)
	at ptolemy.actor.ptalon.PtalonPopulator.atomic_statement(PtalonPopulator.java:1638)
	at ptolemy.actor.ptalon.PtalonPopulator.iterative_statement_evaluator(PtalonPopulator.java:2484)
	at ptolemy.actor.ptalon.AbstractPtalonEvaluator$IfTree.evaluateForScope(AbstractPtalonEvaluator.java:1307)
	at ptolemy.actor.ptalon.AbstractPtalonEvaluator.evaluateForScope(AbstractPtalonEvaluator.java:744)
	at ptolemy.actor.ptalon.PtalonPopulator.iterative_statement(PtalonPopulator.java:2363)
	at ptolemy.actor.ptalon.PtalonPopulator.actor_definition(PtalonPopulator.java:2809)
	at ptolemy.actor.ptalon.PtalonActor.attributeChanged(PtalonActor.java:206)
	... 48 more
Caused by: ptolemy.kernel.util.InternalErrorException: Element <entity name="node1" class="ptolemy.actor.ptalon.demo.ptinyos.SenseToLeds.MicaBoard"> caused an exception to be thrown.
  in .SenseToLeds.SenseToLeds
Because:
Cannot find class: ptolemy.actor.ptalon.demo.ptinyos.SenseToLeds.MicaBoard. In Ptolemy, classes are typically Java .class files. Entities like actors may instead be defined within a .xml file.  In any case, the class was not found. If the class uses a third party package, then the class would be present only if the third party package was found at compile time.  It may be necessary to upgrade Java or install the third party package, reconfigure and recompile.
Because:
Element <entity name="MicaLeds" class="ptolemy.domains.ptinyos.lib.MicaLeds"> caused an exception to be thrown.
  in .MicaBoard
Because:
Cannot find class: ptolemy.domains.ptinyos.lib.MicaLeds. In Ptolemy, classes are typically Java .class files. Entities like actors may instead be defined within a .xml file.  In any case, the class was not found. If the class uses a third party package, then the class would be present only if the third party package was found at compile time.  It may be necessary to upgrade Java or install the third party package, reconfigure and recompile.
Because:
-- /home/travis/build/icyphy/ptII/ptolemy/actor/ptalon/demo/ptinyos/SenseToLeds/ptolemy/domains/ptinyos/lib/MicaLeds.xml (No such file or directory)
-- XML file not found relative to classpath.
-- /home/travis/build/icyphy/ptII/ptolemy/vergil/basic/export/test/ptolemy/domains/ptinyos/lib/MicaLeds.xml
/home/travis/build/icyphy/ptII/ptolemy/vergil/basic/export/test/ptolemy/domains/ptinyos/lib/MicaLeds.xml (No such file or directory)
 in file:/home/travis/build/icyphy/ptII/ptolemy/actor/ptalon/demo/ptinyos/SenseToLeds/MicaBoard.xml at line 134 and column 63
	at ptolemy.moml.SimpleErrorHandler.handleError(SimpleErrorHandler.java:75)
	at ptolemy.moml.MoMLParser.startElement(MoMLParser.java:3805)
	at com.microstar.xml.XmlParser.parseElement(XmlParser.java:931)
	at com.microstar.xml.XmlParser.parseDocument(XmlParser.java:481)
	at com.microstar.xml.XmlParser.doParse(XmlParser.java:159)
	at com.microstar.xml.XmlParser.parse(XmlParser.java:132)
	at ptolemy.moml.MoMLParser.parse(MoMLParser.java:1660)
	at ptolemy.moml.MoMLParser.parse(MoMLParser.java:1617)
	at ptolemy.moml.MoMLParser.parse(MoMLParser.java:1792)
	at ptolemy.actor.ptalon.PtalonEvaluator.addActor(PtalonEvaluator.java:241)
	... 56 more
Caused by: ptolemy.kernel.util.IllegalActionException: Cannot find class: ptolemy.actor.ptalon.demo.ptinyos.SenseToLeds.MicaBoard. In Ptolemy, classes are typically Java .class files. Entities like actors may instead be defined within a .xml file.  In any case, the class was not found. If the class uses a third party package, then the class would be present only if the third party package was found at compile time.  It may be necessary to upgrade Java or install the third party package, reconfigure and recompile.
Because:
Element <entity name="MicaLeds" class="ptolemy.domains.ptinyos.lib.MicaLeds"> caused an exception to be thrown.
  in .MicaBoard
Because:
Cannot find class: ptolemy.domains.ptinyos.lib.MicaLeds. In Ptolemy, classes are typically Java .class files. Entities like actors may instead be defined within a .xml file.  In any case, the class was not found. If the class uses a third party package, then the class would be present only if the third party package was found at compile time.  It may be necessary to upgrade Java or install the third party package, reconfigure and recompile.
Because:
-- /home/travis/build/icyphy/ptII/ptolemy/actor/ptalon/demo/ptinyos/SenseToLeds/ptolemy/domains/ptinyos/lib/MicaLeds.xml (No such file or directory)
-- XML file not found relative to classpath.
-- /home/travis/build/icyphy/ptII/ptolemy/vergil/basic/export/test/ptolemy/domains/ptinyos/lib/MicaLeds.xml
/home/travis/build/icyphy/ptII/ptolemy/vergil/basic/export/test/ptolemy/domains/ptinyos/lib/MicaLeds.xml (No such file or directory)
 in file:/home/travis/build/icyphy/ptII/ptolemy/actor/ptalon/demo/ptinyos/SenseToLeds/MicaBoard.xml at line 134 and column 63
	at ptolemy.moml.MoMLParser._createEntity(MoMLParser.java:4330)
	at ptolemy.moml.MoMLParser.startElement(MoMLParser.java:2864)
	... 64 more
Caused by: ptolemy.kernel.util.InternalErrorException: Element <entity name="MicaLeds" class="ptolemy.domains.ptinyos.lib.MicaLeds"> caused an exception to be thrown.
  in .MicaBoard
Because:
Cannot find class: ptolemy.domains.ptinyos.lib.MicaLeds. In Ptolemy, classes are typically Java .class files. Entities like actors may instead be defined within a .xml file.  In any case, the class was not found. If the class uses a third party package, then the class would be present only if the third party package was found at compile time.  It may be necessary to upgrade Java or install the third party package, reconfigure and recompile.
Because:
-- /home/travis/build/icyphy/ptII/ptolemy/actor/ptalon/demo/ptinyos/SenseToLeds/ptolemy/domains/ptinyos/lib/MicaLeds.xml (No such file or directory)
-- XML file not found relative to classpath.
-- /home/travis/build/icyphy/ptII/ptolemy/vergil/basic/export/test/ptolemy/domains/ptinyos/lib/MicaLeds.xml
/home/travis/build/icyphy/ptII/ptolemy/vergil/basic/export/test/ptolemy/domains/ptinyos/lib/MicaLeds.xml (No such file or directory)
 in file:/home/travis/build/icyphy/ptII/ptolemy/actor/ptalon/demo/ptinyos/SenseToLeds/MicaBoard.xml at line 134 and column 63
	at ptolemy.moml.SimpleErrorHandler.handleError(SimpleErrorHandler.java:75)
	at ptolemy.moml.MoMLParser.startElement(MoMLParser.java:3805)
	at com.microstar.xml.XmlParser.parseElement(XmlParser.java:921)
	at com.microstar.xml.XmlParser.parseContent(XmlParser.java:1104)
	at com.microstar.xml.XmlParser.parseElement(XmlParser.java:924)
	at com.microstar.xml.XmlParser.parseDocument(XmlParser.java:481)
	at com.microstar.xml.XmlParser.doParse(XmlParser.java:159)
	at com.microstar.xml.XmlParser.parse(XmlParser.java:132)
	at ptolemy.moml.MoMLParser.parse(MoMLParser.java:1676)
	at ptolemy.moml.MoMLParser.parse(MoMLParser.java:1595)
	at ptolemy.moml.MoMLParser.parse(MoMLParser.java:1537)
	at ptolemy.moml.MoMLParser._findOrParse(MoMLParser.java:5286)
	at ptolemy.moml.MoMLParser._attemptToFindMoMLClass(MoMLParser.java:4075)
	at ptolemy.moml.MoMLParser._createEntity(MoMLParser.java:4323)
	... 65 more
Caused by: ptolemy.kernel.util.IllegalActionException: Cannot find class: ptolemy.domains.ptinyos.lib.MicaLeds. In Ptolemy, classes are typically Java .class files. Entities like actors may instead be defined within a .xml file.  In any case, the class was not found. If the class uses a third party package, then the class would be present only if the third party package was found at compile time.  It may be necessary to upgrade Java or install the third party package, reconfigure and recompile.
Because:
-- /home/travis/build/icyphy/ptII/ptolemy/actor/ptalon/demo/ptinyos/SenseToLeds/ptolemy/domains/ptinyos/lib/MicaLeds.xml (No such file or directory)
-- XML file not found relative to classpath.
-- /home/travis/build/icyphy/ptII/ptolemy/vergil/basic/export/test/ptolemy/domains/ptinyos/lib/MicaLeds.xml
/home/travis/build/icyphy/ptII/ptolemy/vergil/basic/export/test/ptolemy/domains/ptinyos/lib/MicaLeds.xml (No such file or directory)
 in file:/home/travis/build/icyphy/ptII/ptolemy/actor/ptalon/demo/ptinyos/SenseToLeds/MicaBoard.xml at line 134 and column 63
	at ptolemy.moml.MoMLParser._createEntity(MoMLParser.java:4330)
	at ptolemy.moml.MoMLParser.startElement(MoMLParser.java:2864)
	... 77 more
Caused by: com.microstar.xml.XmlException: -- /home/travis/build/icyphy/ptII/ptolemy/actor/ptalon/demo/ptinyos/SenseToLeds/ptolemy/domains/ptinyos/lib/MicaLeds.xml (No such file or directory)
-- XML file not found relative to classpath.
-- /home/travis/build/icyphy/ptII/ptolemy/vergil/basic/export/test/ptolemy/domains/ptinyos/lib/MicaLeds.xml
/home/travis/build/icyphy/ptII/ptolemy/vergil/basic/export/test/ptolemy/domains/ptinyos/lib/MicaLeds.xml (No such file or directory)
 in file:/home/travis/build/icyphy/ptII/ptolemy/actor/ptalon/demo/ptinyos/SenseToLeds/MicaBoard.xml at line 134 and column 63
	at ptolemy.moml.MoMLParser.fileNameToURL(MoMLParser.java:1414)
	at ptolemy.moml.MoMLParser._findOrParse(MoMLParser.java:5283)
	at ptolemy.moml.MoMLParser._attemptToFindMoMLClass(MoMLParser.java:4075)
	at ptolemy.moml.MoMLParser._createEntity(MoMLParser.java:4323)
	... 78 more
Caused by: ptolemy.actor.ptalon.PtalonRuntimeException: Unable to add actor null
	at ptolemy.actor.ptalon.PtalonEvaluator.addActor(PtalonEvaluator.java:300)
	at ptolemy.actor.ptalon.PtalonPopulator.actor_declaration(PtalonPopulator.java:1574)
	at ptolemy.actor.ptalon.PtalonPopulator.atomic_statement(PtalonPopulator.java:1638)
	at ptolemy.actor.ptalon.PtalonPopulator.iterative_statement_evaluator(PtalonPopulator.java:2484)
	at ptolemy.actor.ptalon.AbstractPtalonEvaluator$IfTree.evaluateForScope(AbstractPtalonEvaluator.java:1307)
	at ptolemy.actor.ptalon.AbstractPtalonEvaluator.evaluateForScope(AbstractPtalonEvaluator.java:744)
	at ptolemy.actor.ptalon.PtalonPopulator.iterative_statement(PtalonPopulator.java:2363)
	at ptolemy.actor.ptalon.PtalonPopulator.actor_definition(PtalonPopulator.java:2809)
	at ptolemy.actor.ptalon.PtalonActor.attributeChanged(PtalonActor.java:206)
	at ptolemy.actor.ptalon.PtalonMLHandler.startElement(PtalonMLHandler.java:134)
	at com.microstar.xml.XmlParser.parseElement(XmlParser.java:921)
	at com.microstar.xml.XmlParser.parseContent(XmlParser.java:1104)
	at com.microstar.xml.XmlParser.parseElement(XmlParser.java:924)
	at com.microstar.xml.XmlParser.parseDocument(XmlParser.java:481)
	at com.microstar.xml.XmlParser.doParse(XmlParser.java:159)
	at com.microstar.xml.XmlParser.parse(XmlParser.java:132)
	at ptolemy.actor.ptalon.PtalonActor.configure(PtalonActor.java:240)
	at ptolemy.moml.MoMLParser.endElement(MoMLParser.java:996)
	at com.microstar.xml.XmlParser.parseETag(XmlParser.java:1026)
	at com.microstar.xml.XmlParser.parseContent(XmlParser.java:1098)
	at com.microstar.xml.XmlParser.parseElement(XmlParser.java:924)
	at com.microstar.xml.XmlParser.parseContent(XmlParser.java:1104)
	at com.microstar.xml.XmlParser.parseElement(XmlParser.java:924)
	at com.microstar.xml.XmlParser.parseContent(XmlParser.java:1104)
	at com.microstar.xml.XmlParser.parseElement(XmlParser.java:924)
	at com.microstar.xml.XmlParser.parseDocument(XmlParser.java:481)
	at com.microstar.xml.XmlParser.doParse(XmlParser.java:159)
	at com.microstar.xml.XmlParser.parse(XmlParser.java:132)
	at ptolemy.moml.MoMLParser.parse(MoMLParser.java:1676)
	at ptolemy.moml.MoMLParser.parse(MoMLParser.java:1595)
	at ptolemy.moml.MoMLParser.parse(MoMLParser.java:1537)
	at ptolemy.actor.gui.PtolemyEffigy$Factory.createEffigy(PtolemyEffigy.java:424)
	at ptolemy.actor.gui.EffigyFactory.createEffigy(EffigyFactory.java:234)
	at ptolemy.actor.gui.Configuration.openModel(Configuration.java:1125)
	at ptolemy.actor.gui.Configuration.openModel(Configuration.java:1051)
	at ptolemy.actor.gui.ConfigurationApplication._openModel(ConfigurationApplication.java:1252)
	at ptolemy.actor.gui.ConfigurationApplication._parseArg(ConfigurationApplication.java:1399)
	at ptolemy.actor.gui.ConfigurationApplication._parseArgs(ConfigurationApplication.java:1478)
	at ptolemy.actor.gui.ConfigurationApplication.<init>(ConfigurationApplication.java:277)
	at ptolemy.actor.gui.ConfigurationApplication.<init>(ConfigurationApplication.java:214)
	at ptolemy.actor.gui.ConfigurationApplication.<init>(ConfigurationApplication.java:201)
	at ptolemy.actor.gui.ConfigurationApplication.openModelOrEntity(ConfigurationApplication.java:680)
	at ptolemy.vergil.basic.export.ExportModel$1.run(ExportModel.java:220)
	at java.awt.event.InvocationEvent.dispatch(InvocationEvent.java:301)
	at java.awt.EventQueue.dispatchEventImpl(EventQueue.java:756)
	at java.awt.EventQueue.access$500(EventQueue.java:97)
	at java.awt.EventQueue$3.run(EventQueue.java:709)
	at java.awt.EventQueue$3.run(EventQueue.java:703)
	at java.security.AccessController.doPrivileged(Native Method)
	at java.security.ProtectionDomain$JavaSecurityAccessImpl.doIntersectionPrivilege(ProtectionDomain.java:80)
	at java.awt.EventQueue.dispatchEvent(EventQueue.java:726)
	at java.awt.EventDispatchThread.pumpOneEventForFilters(EventDispatchThread.java:201)
	at java.awt.EventDispatchThread.pumpEventsForFilter(EventDispatchThread.java:116)
	at java.awt.EventDispatchThread.pumpEventsForHierarchy(EventDispatchThread.java:105)
	at java.awt.EventDispatchThread.pumpEvents(EventDispatchThread.java:101)
	at java.awt.EventDispatchThread.pumpEvents(EventDispatchThread.java:93)
	at java.awt.EventDispatchThread.run(EventDispatchThread.java:82)
Caused by: ptolemy.kernel.util.InternalErrorException: Element <entity name="node1" class="ptolemy.actor.ptalon.demo.ptinyos.SenseToLeds.MicaBoard"> caused an exception to be thrown.
  in .SenseToLeds.SenseToLeds
Because:
Cannot find class: ptolemy.actor.ptalon.demo.ptinyos.SenseToLeds.MicaBoard. In Ptolemy, classes are typically Java .class files. Entities like actors may instead be defined within a .xml file.  In any case, the class was not found. If the class uses a third party package, then the class would be present only if the third party package was found at compile time.  It may be necessary to upgrade Java or install the third party package, reconfigure and recompile.
Because:
Element <entity name="MicaLeds" class="ptolemy.domains.ptinyos.lib.MicaLeds"> caused an exception to be thrown.
  in .MicaBoard
Because:
Cannot find class: ptolemy.domains.ptinyos.lib.MicaLeds. In Ptolemy, classes are typically Java .class files. Entities like actors may instead be defined within a .xml file.  In any case, the class was not found. If the class uses a third party package, then the class would be present only if the third party package was found at compile time.  It may be necessary to upgrade Java or install the third party package, reconfigure and recompile.
Because:
-- /home/travis/build/icyphy/ptII/ptolemy/actor/ptalon/demo/ptinyos/SenseToLeds/ptolemy/domains/ptinyos/lib/MicaLeds.xml (No such file or directory)
-- XML file not found relative to classpath.
-- /home/travis/build/icyphy/ptII/ptolemy/vergil/basic/export/test/ptolemy/domains/ptinyos/lib/MicaLeds.xml
/home/travis/build/icyphy/ptII/ptolemy/vergil/basic/export/test/ptolemy/domains/ptinyos/lib/MicaLeds.xml (No such file or directory)
 in file:/home/travis/build/icyphy/ptII/ptolemy/actor/ptalon/demo/ptinyos/SenseToLeds/MicaBoard.xml at line 134 and column 63
	at ptolemy.moml.SimpleErrorHandler.handleError(SimpleErrorHandler.java:75)
	at ptolemy.moml.MoMLParser.startElement(MoMLParser.java:3805)
	at com.microstar.xml.XmlParser.parseElement(XmlParser.java:931)
	at com.microstar.xml.XmlParser.parseDocument(XmlParser.java:481)
	at com.microstar.xml.XmlParser.doParse(XmlParser.java:159)
	at com.microstar.xml.XmlParser.parse(XmlParser.java:132)
	at ptolemy.moml.MoMLParser.parse(MoMLParser.java:1660)
	at ptolemy.moml.MoMLParser.parse(MoMLParser.java:1617)
	at ptolemy.moml.MoMLParser.parse(MoMLParser.java:1792)
	at ptolemy.actor.ptalon.PtalonEvaluator.addActor(PtalonEvaluator.java:241)
	... 56 more
Caused by: ptolemy.kernel.util.IllegalActionException: Cannot find class: ptolemy.actor.ptalon.demo.ptinyos.SenseToLeds.MicaBoard. In Ptolemy, classes are typically Java .class files. Entities like actors may instead be defined within a .xml file.  In any case, the class was not found. If the class uses a third party package, then the class would be present only if the third party package was found at compile time.  It may be necessary to upgrade Java or install the third party package, reconfigure and recompile.
Because:
Element <entity name="MicaLeds" class="ptolemy.domains.ptinyos.lib.MicaLeds"> caused an exception to be thrown.
  in .MicaBoard
Because:
Cannot find class: ptolemy.domains.ptinyos.lib.MicaLeds. In Ptolemy, classes are typically Java .class files. Entities like actors may instead be defined within a .xml file.  In any case, the class was not found. If the class uses a third party package, then the class would be present only if the third party package was found at compile time.  It may be necessary to upgrade Java or install the third party package, reconfigure and recompile.
Because:
-- /home/travis/build/icyphy/ptII/ptolemy/actor/ptalon/demo/ptinyos/SenseToLeds/ptolemy/domains/ptinyos/lib/MicaLeds.xml (No such file or directory)
-- XML file not found relative to classpath.
-- /home/travis/build/icyphy/ptII/ptolemy/vergil/basic/export/test/ptolemy/domains/ptinyos/lib/MicaLeds.xml
/home/travis/build/icyphy/ptII/ptolemy/vergil/basic/export/test/ptolemy/domains/ptinyos/lib/MicaLeds.xml (No such file or directory)
 in file:/home/travis/build/icyphy/ptII/ptolemy/actor/ptalon/demo/ptinyos/SenseToLeds/MicaBoard.xml at line 134 and column 63
	at ptolemy.moml.MoMLParser._createEntity(MoMLParser.java:4330)
	at ptolemy.moml.MoMLParser.startElement(MoMLParser.java:2864)
	... 64 more
Caused by: ptolemy.kernel.util.InternalErrorException: Element <entity name="MicaLeds" class="ptolemy.domains.ptinyos.lib.MicaLeds"> caused an exception to be thrown.
  in .MicaBoard
Because:
Cannot find class: ptolemy.domains.ptinyos.lib.MicaLeds. In Ptolemy, classes are typically Java .class files. Entities like actors may instead be defined within a .xml file.  In any case, the class was not found. If the class uses a third party package, then the class would be present only if the third party package was found at compile time.  It may be necessary to upgrade Java or install the third party package, reconfigure and recompile.
Because:
-- /home/travis/build/icyphy/ptII/ptolemy/actor/ptalon/demo/ptinyos/SenseToLeds/ptolemy/domains/ptinyos/lib/MicaLeds.xml (No such file or directory)
-- XML file not found relative to classpath.
-- /home/travis/build/icyphy/ptII/ptolemy/vergil/basic/export/test/ptolemy/domains/ptinyos/lib/MicaLeds.xml
/home/travis/build/icyphy/ptII/ptolemy/vergil/basic/export/test/ptolemy/domains/ptinyos/lib/MicaLeds.xml (No such file or directory)
 in file:/home/travis/build/icyphy/ptII/ptolemy/actor/ptalon/demo/ptinyos/SenseToLeds/MicaBoard.xml at line 134 and column 63
	at ptolemy.moml.SimpleErrorHandler.handleError(SimpleErrorHandler.java:75)
	at ptolemy.moml.MoMLParser.startElement(MoMLParser.java:3805)
	at com.microstar.xml.XmlParser.parseElement(XmlParser.java:921)
	at com.microstar.xml.XmlParser.parseContent(XmlParser.java:1104)
	at com.microstar.xml.XmlParser.parseElement(XmlParser.java:924)
	at com.microstar.xml.XmlParser.parseDocument(XmlParser.java:481)
	at com.microstar.xml.XmlParser.doParse(XmlParser.java:159)
	at com.microstar.xml.XmlParser.parse(XmlParser.java:132)
	at ptolemy.moml.MoMLParser.parse(MoMLParser.java:1676)
	at ptolemy.moml.MoMLParser.parse(MoMLParser.java:1595)
	at ptolemy.moml.MoMLParser.parse(MoMLParser.java:1537)
	at ptolemy.moml.MoMLParser._findOrParse(MoMLParser.java:5286)
	at ptolemy.moml.MoMLParser._attemptToFindMoMLClass(MoMLParser.java:4075)
	at ptolemy.moml.MoMLParser._createEntity(MoMLParser.java:4323)
	... 65 more
Caused by: ptolemy.kernel.util.IllegalActionException: Cannot find class: ptolemy.domains.ptinyos.lib.MicaLeds. In Ptolemy, classes are typically Java .class files. Entities like actors may instead be defined within a .xml file.  In any case, the class was not found. If the class uses a third party package, then the class would be present only if the third party package was found at compile time.  It may be necessary to upgrade Java or install the third party package, reconfigure and recompile.
Because:
-- /home/travis/build/icyphy/ptII/ptolemy/actor/ptalon/demo/ptinyos/SenseToLeds/ptolemy/domains/ptinyos/lib/MicaLeds.xml (No such file or directory)
-- XML file not found relative to classpath.
-- /home/travis/build/icyphy/ptII/ptolemy/vergil/basic/export/test/ptolemy/domains/ptinyos/lib/MicaLeds.xml
/home/travis/build/icyphy/ptII/ptolemy/vergil/basic/export/test/ptolemy/domains/ptinyos/lib/MicaLeds.xml (No such file or directory)
 in file:/home/travis/build/icyphy/ptII/ptolemy/actor/ptalon/demo/ptinyos/SenseToLeds/MicaBoard.xml at line 134 and column 63
	at ptolemy.moml.MoMLParser._createEntity(MoMLParser.java:4330)
	at ptolemy.moml.MoMLParser.startElement(MoMLParser.java:2864)
	... 77 more
Caused by: com.microstar.xml.XmlException: -- /home/travis/build/icyphy/ptII/ptolemy/actor/ptalon/demo/ptinyos/SenseToLeds/ptolemy/domains/ptinyos/lib/MicaLeds.xml (No such file or directory)
-- XML file not found relative to classpath.
-- /home/travis/build/icyphy/ptII/ptolemy/vergil/basic/export/test/ptolemy/domains/ptinyos/lib/MicaLeds.xml
/home/travis/build/icyphy/ptII/ptolemy/vergil/basic/export/test/ptolemy/domains/ptinyos/lib/MicaLeds.xml (No such file or directory)
 in file:/home/travis/build/icyphy/ptII/ptolemy/actor/ptalon/demo/ptinyos/SenseToLeds/MicaBoard.xml at line 134 and column 63
	at ptolemy.moml.MoMLParser.fileNameToURL(MoMLParser.java:1414)
	at ptolemy.moml.MoMLParser._findOrParse(MoMLParser.java:5283)
	at ptolemy.moml.MoMLParser._attemptToFindMoMLClass(MoMLParser.java:4075)
	at ptolemy.moml.MoMLParser._createEntity(MoMLParser.java:4323)
	... 78 more
ptolemy.kernel.util.IllegalActionException: Failed to process attribute change to PtalonParameter, whose value is "ptolemy.actor.ptalon.PtalonExpressionParameter {.SenseToLeds.SenseToLeds.n} 2".
  in .SenseToLeds.SenseToLeds
Because:
Unable to add actor null
	at ptolemy.actor.ptalon.PtalonActor.attributeChanged(PtalonActor.java:211)
	at ptolemy.actor.ptalon.PtalonMLHandler.startElement(PtalonMLHandler.java:134)
	at com.microstar.xml.XmlParser.parseElement(XmlParser.java:921)
	at com.microstar.xml.XmlParser.parseContent(XmlParser.java:1104)
	at com.microstar.xml.XmlParser.parseElement(XmlParser.java:924)
	at com.microstar.xml.XmlParser.parseDocument(XmlParser.java:481)
	at com.microstar.xml.XmlParser.doParse(XmlParser.java:159)
	at com.microstar.xml.XmlParser.parse(XmlParser.java:132)
	at ptolemy.actor.ptalon.PtalonActor.configure(PtalonActor.java:240)
	at ptolemy.moml.MoMLParser.endElement(MoMLParser.java:996)
	at com.microstar.xml.XmlParser.parseETag(XmlParser.java:1026)
	at com.microstar.xml.XmlParser.parseContent(XmlParser.java:1098)
	at com.microstar.xml.XmlParser.parseElement(XmlParser.java:924)
	at com.microstar.xml.XmlParser.parseContent(XmlParser.java:1104)
	at com.microstar.xml.XmlParser.parseElement(XmlParser.java:924)
	at com.microstar.xml.XmlParser.parseContent(XmlParser.java:1104)
	at com.microstar.xml.XmlParser.parseElement(XmlParser.java:924)
	at com.microstar.xml.XmlParser.parseDocument(XmlParser.java:481)
	at com.microstar.xml.XmlParser.doParse(XmlParser.java:159)
	at com.microstar.xml.XmlParser.parse(XmlParser.java:132)
	at ptolemy.moml.MoMLParser.parse(MoMLParser.java:1676)
	at ptolemy.moml.MoMLParser.parse(MoMLParser.java:1595)
	at ptolemy.moml.MoMLParser.parse(MoMLParser.java:1537)
	at ptolemy.actor.gui.PtolemyEffigy$Factory.createEffigy(PtolemyEffigy.java:424)
	at ptolemy.actor.gui.EffigyFactory.createEffigy(EffigyFactory.java:234)
	at ptolemy.actor.gui.Configuration.openModel(Configuration.java:1125)
	at ptolemy.actor.gui.Configuration.openModel(Configuration.java:1051)
	at ptolemy.actor.gui.ConfigurationApplication._openModel(ConfigurationApplication.java:1252)
	at ptolemy.actor.gui.ConfigurationApplication._parseArg(ConfigurationApplication.java:1399)
	at ptolemy.actor.gui.ConfigurationApplication._parseArgs(ConfigurationApplication.java:1478)
	at ptolemy.actor.gui.ConfigurationApplication.<init>(ConfigurationApplication.java:277)
	at ptolemy.actor.gui.ConfigurationApplication.<init>(ConfigurationApplication.java:214)
	at ptolemy.actor.gui.ConfigurationApplication.<init>(ConfigurationApplication.java:201)
	at ptolemy.actor.gui.ConfigurationApplication.openModelOrEntity(ConfigurationApplication.java:680)
	at ptolemy.vergil.basic.export.ExportModel$1.run(ExportModel.java:220)
	at java.awt.event.InvocationEvent.dispatch(InvocationEvent.java:301)
	at java.awt.EventQueue.dispatchEventImpl(EventQueue.java:756)
	at java.awt.EventQueue.access$500(EventQueue.java:97)
	at java.awt.EventQueue$3.run(EventQueue.java:709)
	at java.awt.EventQueue$3.run(EventQueue.java:703)
	at java.security.AccessController.doPrivileged(Native Method)
	at java.security.ProtectionDomain$JavaSecurityAccessImpl.doIntersectionPrivilege(ProtectionDomain.java:80)
	at java.awt.EventQueue.dispatchEvent(EventQueue.java:726)
	at java.awt.EventDispatchThread.pumpOneEventForFilters(EventDispatchThread.java:201)
	at java.awt.EventDispatchThread.pumpEventsForFilter(EventDispatchThread.java:116)
	at java.awt.EventDispatchThread.pumpEventsForHierarchy(EventDispatchThread.java:105)
	at java.awt.EventDispatchThread.pumpEvents(EventDispatchThread.java:101)
	at java.awt.EventDispatchThread.pumpEvents(EventDispatchThread.java:93)
	at java.awt.EventDispatchThread.run(EventDispatchThread.java:82)
Caused by: ptolemy.actor.ptalon.PtalonRuntimeException: Unable to add actor null
	at ptolemy.actor.ptalon.PtalonEvaluator.addActor(PtalonEvaluator.java:300)
	at ptolemy.actor.ptalon.PtalonPopulator.actor_declaration(PtalonPopulator.java:1574)
	at ptolemy.actor.ptalon.PtalonPopulator.atomic_statement(PtalonPopulator.java:1638)
	at ptolemy.actor.ptalon.PtalonPopulator.iterative_statement_evaluator(PtalonPopulator.java:2484)
	at ptolemy.actor.ptalon.AbstractPtalonEvaluator$IfTree.evaluateForScope(AbstractPtalonEvaluator.java:1307)
	at ptolemy.actor.ptalon.AbstractPtalonEvaluator.evaluateForScope(AbstractPtalonEvaluator.java:744)
	at ptolemy.actor.ptalon.PtalonPopulator.iterative_statement(PtalonPopulator.java:2363)
	at ptolemy.actor.ptalon.PtalonPopulator.actor_definition(PtalonPopulator.java:2809)
	at ptolemy.actor.ptalon.PtalonActor.attributeChanged(PtalonActor.java:206)
	... 48 more
Caused by: ptolemy.kernel.util.InternalErrorException: Element <entity name="node1" class="ptolemy.actor.ptalon.demo.ptinyos.SenseToLeds.MicaBoard"> caused an exception to be thrown.
  in .SenseToLeds.SenseToLeds
Because:
Cannot find class: ptolemy.actor.ptalon.demo.ptinyos.SenseToLeds.MicaBoard. In Ptolemy, classes are typically Java .class files. Entities like actors may instead be defined within a .xml file.  In any case, the class was not found. If the class uses a third party package, then the class would be present only if the third party package was found at compile time.  It may be necessary to upgrade Java or install the third party package, reconfigure and recompile.
Because:
Element <entity name="MicaLeds" class="ptolemy.domains.ptinyos.lib.MicaLeds"> caused an exception to be thrown.
  in .MicaBoard
Because:
Cannot find class: ptolemy.domains.ptinyos.lib.MicaLeds. In Ptolemy, classes are typically Java .class files. Entities like actors may instead be defined within a .xml file.  In any case, the class was not found. If the class uses a third party package, then the class would be present only if the third party package was found at compile time.  It may be necessary to upgrade Java or install the third party package, reconfigure and recompile.
Because:
-- /home/travis/build/icyphy/ptII/ptolemy/actor/ptalon/demo/ptinyos/SenseToLeds/ptolemy/domains/ptinyos/lib/MicaLeds.xml (No such file or directory)
-- XML file not found relative to classpath.
-- /home/travis/build/icyphy/ptII/ptolemy/vergil/basic/export/test/ptolemy/domains/ptinyos/lib/MicaLeds.xml
/home/travis/build/icyphy/ptII/ptolemy/vergil/basic/export/test/ptolemy/domains/ptinyos/lib/MicaLeds.xml (No such file or directory)
 in file:/home/travis/build/icyphy/ptII/ptolemy/actor/ptalon/demo/ptinyos/SenseToLeds/MicaBoard.xml at line 134 and column 63
	at ptolemy.moml.SimpleErrorHandler.handleError(SimpleErrorHandler.java:75)
	at ptolemy.moml.MoMLParser.startElement(MoMLParser.java:3805)
	at com.microstar.xml.XmlParser.parseElement(XmlParser.java:931)
	at com.microstar.xml.XmlParser.parseDocument(XmlParser.java:481)
	at com.microstar.xml.XmlParser.doParse(XmlParser.java:159)
	at com.microstar.xml.XmlParser.parse(XmlParser.java:132)
	at ptolemy.moml.MoMLParser.parse(MoMLParser.java:1660)
	at ptolemy.moml.MoMLParser.parse(MoMLParser.java:1617)
	at ptolemy.moml.MoMLParser.parse(MoMLParser.java:1792)
	at ptolemy.actor.ptalon.PtalonEvaluator.addActor(PtalonEvaluator.java:241)
	... 56 more
Caused by: ptolemy.kernel.util.IllegalActionException: Cannot find class: ptolemy.actor.ptalon.demo.ptinyos.SenseToLeds.MicaBoard. In Ptolemy, classes are typically Java .class files. Entities like actors may instead be defined within a .xml file.  In any case, the class was not found. If the class uses a third party package, then the class would be present only if the third party package was found at compile time.  It may be necessary to upgrade Java or install the third party package, reconfigure and recompile.
Because:
Element <entity name="MicaLeds" class="ptolemy.domains.ptinyos.lib.MicaLeds"> caused an exception to be thrown.
  in .MicaBoard
Because:
Cannot find class: ptolemy.domains.ptinyos.lib.MicaLeds. In Ptolemy, classes are typically Java .class files. Entities like actors may instead be defined within a .xml file.  In any case, the class was not found. If the class uses a third party package, then the class would be present only if the third party package was found at compile time.  It may be necessary to upgrade Java or install the third party package, reconfigure and recompile.
Because:
-- /home/travis/build/icyphy/ptII/ptolemy/actor/ptalon/demo/ptinyos/SenseToLeds/ptolemy/domains/ptinyos/lib/MicaLeds.xml (No such file or directory)
-- XML file not found relative to classpath.
-- /home/travis/build/icyphy/ptII/ptolemy/vergil/basic/export/test/ptolemy/domains/ptinyos/lib/MicaLeds.xml
/home/travis/build/icyphy/ptII/ptolemy/vergil/basic/export/test/ptolemy/domains/ptinyos/lib/MicaLeds.xml (No such file or directory)
 in file:/home/travis/build/icyphy/ptII/ptolemy/actor/ptalon/demo/ptinyos/SenseToLeds/MicaBoard.xml at line 134 and column 63
	at ptolemy.moml.MoMLParser._createEntity(MoMLParser.java:4330)
	at ptolemy.moml.MoMLParser.startElement(MoMLParser.java:2864)
	... 64 more
Caused by: ptolemy.kernel.util.InternalErrorException: Element <entity name="MicaLeds" class="ptolemy.domains.ptinyos.lib.MicaLeds"> caused an exception to be thrown.
  in .MicaBoard
Because:
Cannot find class: ptolemy.domains.ptinyos.lib.MicaLeds. In Ptolemy, classes are typically Java .class files. Entities like actors may instead be defined within a .xml file.  In any case, the class was not found. If the class uses a third party package, then the class would be present only if the third party package was found at compile time.  It may be necessary to upgrade Java or install the third party package, reconfigure and recompile.
Because:
-- /home/travis/build/icyphy/ptII/ptolemy/actor/ptalon/demo/ptinyos/SenseToLeds/ptolemy/domains/ptinyos/lib/MicaLeds.xml (No such file or directory)
-- XML file not found relative to classpath.
-- /home/travis/build/icyphy/ptII/ptolemy/vergil/basic/export/test/ptolemy/domains/ptinyos/lib/MicaLeds.xml
/home/travis/build/icyphy/ptII/ptolemy/vergil/basic/export/test/ptolemy/domains/ptinyos/lib/MicaLeds.xml (No such file or directory)
 in file:/home/travis/build/icyphy/ptII/ptolemy/actor/ptalon/demo/ptinyos/SenseToLeds/MicaBoard.xml at line 134 and column 63
	at ptolemy.moml.SimpleErrorHandler.handleError(SimpleErrorHandler.java:75)
	at ptolemy.moml.MoMLParser.startElement(MoMLParser.java:3805)
	at com.microstar.xml.XmlParser.parseElement(XmlParser.java:921)
	at com.microstar.xml.XmlParser.parseContent(XmlParser.java:1104)
	at com.microstar.xml.XmlParser.parseElement(XmlParser.java:924)
	at com.microstar.xml.XmlParser.parseDocument(XmlParser.java:481)
	at com.microstar.xml.XmlParser.doParse(XmlParser.java:159)
	at com.microstar.xml.XmlParser.parse(XmlParser.java:132)
	at ptolemy.moml.MoMLParser.parse(MoMLParser.java:1676)
	at ptolemy.moml.MoMLParser.parse(MoMLParser.java:1595)
	at ptolemy.moml.MoMLParser.parse(MoMLParser.java:1537)
	at ptolemy.moml.MoMLParser._findOrParse(MoMLParser.java:5286)
	at ptolemy.moml.MoMLParser._attemptToFindMoMLClass(MoMLParser.java:4075)
	at ptolemy.moml.MoMLParser._createEntity(MoMLParser.java:4323)
	... 65 more
Caused by: ptolemy.kernel.util.IllegalActionException: Cannot find class: ptolemy.domains.ptinyos.lib.MicaLeds. In Ptolemy, classes are typically Java .class files. Entities like actors may instead be defined within a .xml file.  In any case, the class was not found. If the class uses a third party package, then the class would be present only if the third party package was found at compile time.  It may be necessary to upgrade Java or install the third party package, reconfigure and recompile.
Because:
-- /home/travis/build/icyphy/ptII/ptolemy/actor/ptalon/demo/ptinyos/SenseToLeds/ptolemy/domains/ptinyos/lib/MicaLeds.xml (No such file or directory)
-- XML file not found relative to classpath.
-- /home/travis/build/icyphy/ptII/ptolemy/vergil/basic/export/test/ptolemy/domains/ptinyos/lib/MicaLeds.xml
/home/travis/build/icyphy/ptII/ptolemy/vergil/basic/export/test/ptolemy/domains/ptinyos/lib/MicaLeds.xml (No such file or directory)
 in file:/home/travis/build/icyphy/ptII/ptolemy/actor/ptalon/demo/ptinyos/SenseToLeds/MicaBoard.xml at line 134 and column 63
	at ptolemy.moml.MoMLParser._createEntity(MoMLParser.java:4330)
	at ptolemy.moml.MoMLParser.startElement(MoMLParser.java:2864)
	... 77 more
Caused by: com.microstar.xml.XmlException: -- /home/travis/build/icyphy/ptII/ptolemy/actor/ptalon/demo/ptinyos/SenseToLeds/ptolemy/domains/ptinyos/lib/MicaLeds.xml (No such file or directory)
-- XML file not found relative to classpath.
-- /home/travis/build/icyphy/ptII/ptolemy/vergil/basic/export/test/ptolemy/domains/ptinyos/lib/MicaLeds.xml
/home/travis/build/icyphy/ptII/ptolemy/vergil/basic/export/test/ptolemy/domains/ptinyos/lib/MicaLeds.xml (No such file or directory)
 in file:/home/travis/build/icyphy/ptII/ptolemy/actor/ptalon/demo/ptinyos/SenseToLeds/MicaBoard.xml at line 134 and column 63
	at ptolemy.moml.MoMLParser.fileNameToURL(MoMLParser.java:1414)
	at ptolemy.moml.MoMLParser._findOrParse(MoMLParser.java:5283)
	at ptolemy.moml.MoMLParser._attemptToFindMoMLClass(MoMLParser.java:4075)
	at ptolemy.moml.MoMLParser._createEntity(MoMLParser.java:4323)
	... 78 more
Caused by: ptolemy.actor.ptalon.PtalonRuntimeException: Unable to add actor null
	at ptolemy.actor.ptalon.PtalonEvaluator.addActor(PtalonEvaluator.java:300)
	at ptolemy.actor.ptalon.PtalonPopulator.actor_declaration(PtalonPopulator.java:1574)
	at ptolemy.actor.ptalon.PtalonPopulator.atomic_statement(PtalonPopulator.java:1638)
	at ptolemy.actor.ptalon.PtalonPopulator.iterative_statement_evaluator(PtalonPopulator.java:2484)
	at ptolemy.actor.ptalon.AbstractPtalonEvaluator$IfTree.evaluateForScope(AbstractPtalonEvaluator.java:1307)
	at ptolemy.actor.ptalon.AbstractPtalonEvaluator.evaluateForScope(AbstractPtalonEvaluator.java:744)
	at ptolemy.actor.ptalon.PtalonPopulator.iterative_statement(PtalonPopulator.java:2363)
	at ptolemy.actor.ptalon.PtalonPopulator.actor_definition(PtalonPopulator.java:2809)
	at ptolemy.actor.ptalon.PtalonActor.attributeChanged(PtalonActor.java:206)
	at ptolemy.actor.ptalon.PtalonMLHandler.startElement(PtalonMLHandler.java:134)
	at com.microstar.xml.XmlParser.parseElement(XmlParser.java:921)
	at com.microstar.xml.XmlParser.parseContent(XmlParser.java:1104)
	at com.microstar.xml.XmlParser.parseElement(XmlParser.java:924)
	at com.microstar.xml.XmlParser.parseDocument(XmlParser.java:481)
	at com.microstar.xml.XmlParser.doParse(XmlParser.java:159)
	at com.microstar.xml.XmlParser.parse(XmlParser.java:132)
	at ptolemy.actor.ptalon.PtalonActor.configure(PtalonActor.java:240)
	at ptolemy.moml.MoMLParser.endElement(MoMLParser.java:996)
	at com.microstar.xml.XmlParser.parseETag(XmlParser.java:1026)
	at com.microstar.xml.XmlParser.parseContent(XmlParser.java:1098)
	at com.microstar.xml.XmlParser.parseElement(XmlParser.java:924)
	at com.microstar.xml.XmlParser.parseContent(XmlParser.java:1104)
	at com.microstar.xml.XmlParser.parseElement(XmlParser.java:924)
	at com.microstar.xml.XmlParser.parseContent(XmlParser.java:1104)
	at com.microstar.xml.XmlParser.parseElement(XmlParser.java:924)
	at com.microstar.xml.XmlParser.parseDocument(XmlParser.java:481)
	at com.microstar.xml.XmlParser.doParse(XmlParser.java:159)
	at com.microstar.xml.XmlParser.parse(XmlParser.java:132)
	at ptolemy.moml.MoMLParser.parse(MoMLParser.java:1676)
	at ptolemy.moml.MoMLParser.parse(MoMLParser.java:1595)
	at ptolemy.moml.MoMLParser.parse(MoMLParser.java:1537)
	at ptolemy.actor.gui.PtolemyEffigy$Factory.createEffigy(PtolemyEffigy.java:424)
	at ptolemy.actor.gui.EffigyFactory.createEffigy(EffigyFactory.java:234)
	at ptolemy.actor.gui.Configuration.openModel(Configuration.java:1125)
	at ptolemy.actor.gui.Configuration.openModel(Configuration.java:1051)
	at ptolemy.actor.gui.ConfigurationApplication._openModel(ConfigurationApplication.java:1252)
	at ptolemy.actor.gui.ConfigurationApplication._parseArg(ConfigurationApplication.java:1399)
	at ptolemy.actor.gui.ConfigurationApplication._parseArgs(ConfigurationApplication.java:1478)
	at ptolemy.actor.gui.ConfigurationApplication.<init>(ConfigurationApplication.java:277)
	at ptolemy.actor.gui.ConfigurationApplication.<init>(ConfigurationApplication.java:214)
	at ptolemy.actor.gui.ConfigurationApplication.<init>(ConfigurationApplication.java:201)
	at ptolemy.actor.gui.ConfigurationApplication.openModelOrEntity(ConfigurationApplication.java:680)
	at ptolemy.vergil.basic.export.ExportModel$1.run(ExportModel.java:220)
	at java.awt.event.InvocationEvent.dispatch(InvocationEvent.java:301)
	at java.awt.EventQueue.dispatchEventImpl(EventQueue.java:756)
	at java.awt.EventQueue.access$500(EventQueue.java:97)
	at java.awt.EventQueue$3.run(EventQueue.java:709)
	at java.awt.EventQueue$3.run(EventQueue.java:703)
	at java.security.AccessController.doPrivileged(Native Method)
	at java.security.ProtectionDomain$JavaSecurityAccessImpl.doIntersectionPrivilege(ProtectionDomain.java:80)
	at java.awt.EventQueue.dispatchEvent(EventQueue.java:726)
	at java.awt.EventDispatchThread.pumpOneEventForFilters(EventDispatchThread.java:201)
	at java.awt.EventDispatchThread.pumpEventsForFilter(EventDispatchThread.java:116)
	at java.awt.EventDispatchThread.pumpEventsForHierarchy(EventDispatchThread.java:105)
	at java.awt.EventDispatchThread.pumpEvents(EventDispatchThread.java:101)
	at java.awt.EventDispatchThread.pumpEvents(EventDispatchThread.java:93)
	at java.awt.EventDispatchThread.run(EventDispatchThread.java:82)
Caused by: ptolemy.kernel.util.InternalErrorException: Element <entity name="node1" class="ptolemy.actor.ptalon.demo.ptinyos.SenseToLeds.MicaBoard"> caused an exception to be thrown.
  in .SenseToLeds.SenseToLeds
Because:
Cannot find class: ptolemy.actor.ptalon.demo.ptinyos.SenseToLeds.MicaBoard. In Ptolemy, classes are typically Java .class files. Entities like actors may instead be defined within a .xml file.  In any case, the class was not found. If the class uses a third party package, then the class would be present only if the third party package was found at compile time.  It may be necessary to upgrade Java or install the third party package, reconfigure and recompile.
Because:
Element <entity name="MicaLeds" class="ptolemy.domains.ptinyos.lib.MicaLeds"> caused an exception to be thrown.
  in .MicaBoard
Because:
Cannot find class: ptolemy.domains.ptinyos.lib.MicaLeds. In Ptolemy, classes are typically Java .class files. Entities like actors may instead be defined within a .xml file.  In any case, the class was not found. If the class uses a third party package, then the class would be present only if the third party package was found at compile time.  It may be necessary to upgrade Java or install the third party package, reconfigure and recompile.
Because:
-- /home/travis/build/icyphy/ptII/ptolemy/actor/ptalon/demo/ptinyos/SenseToLeds/ptolemy/domains/ptinyos/lib/MicaLeds.xml (No such file or directory)
-- XML file not found relative to classpath.
-- /home/travis/build/icyphy/ptII/ptolemy/vergil/basic/export/test/ptolemy/domains/ptinyos/lib/MicaLeds.xml
/home/travis/build/icyphy/ptII/ptolemy/vergil/basic/export/test/ptolemy/domains/ptinyos/lib/MicaLeds.xml (No such file or directory)
 in file:/home/travis/build/icyphy/ptII/ptolemy/actor/ptalon/demo/ptinyos/SenseToLeds/MicaBoard.xml at line 134 and column 63
	at ptolemy.moml.SimpleErrorHandler.handleError(SimpleErrorHandler.java:75)
	at ptolemy.moml.MoMLParser.startElement(MoMLParser.java:3805)
	at com.microstar.xml.XmlParser.parseElement(XmlParser.java:931)
	at com.microstar.xml.XmlParser.parseDocument(XmlParser.java:481)
	at com.microstar.xml.XmlParser.doParse(XmlParser.java:159)
	at com.microstar.xml.XmlParser.parse(XmlParser.java:132)
	at ptolemy.moml.MoMLParser.parse(MoMLParser.java:1660)
	at ptolemy.moml.MoMLParser.parse(MoMLParser.java:1617)
	at ptolemy.moml.MoMLParser.parse(MoMLParser.java:1792)
	at ptolemy.actor.ptalon.PtalonEvaluator.addActor(PtalonEvaluator.java:241)
	... 56 more
Caused by: ptolemy.kernel.util.IllegalActionException: Cannot find class: ptolemy.actor.ptalon.demo.ptinyos.SenseToLeds.MicaBoard. In Ptolemy, classes are typically Java .class files. Entities like actors may instead be defined within a .xml file.  In any case, the class was not found. If the class uses a third party package, then the class would be present only if the third party package was found at compile time.  It may be necessary to upgrade Java or install the third party package, reconfigure and recompile.
Because:
Element <entity name="MicaLeds" class="ptolemy.domains.ptinyos.lib.MicaLeds"> caused an exception to be thrown.
  in .MicaBoard
Because:
Cannot find class: ptolemy.domains.ptinyos.lib.MicaLeds. In Ptolemy, classes are typically Java .class files. Entities like actors may instead be defined within a .xml file.  In any case, the class was not found. If the class uses a third party package, then the class would be present only if the third party package was found at compile time.  It may be necessary to upgrade Java or install the third party package, reconfigure and recompile.
Because:
-- /home/travis/build/icyphy/ptII/ptolemy/actor/ptalon/demo/ptinyos/SenseToLeds/ptolemy/domains/ptinyos/lib/MicaLeds.xml (No such file or directory)
-- XML file not found relative to classpath.
-- /home/travis/build/icyphy/ptII/ptolemy/vergil/basic/export/test/ptolemy/domains/ptinyos/lib/MicaLeds.xml
/home/travis/build/icyphy/ptII/ptolemy/vergil/basic/export/test/ptolemy/domains/ptinyos/lib/MicaLeds.xml (No such file or directory)
 in file:/home/travis/build/icyphy/ptII/ptolemy/actor/ptalon/demo/ptinyos/SenseToLeds/MicaBoard.xml at line 134 and column 63
	at ptolemy.moml.MoMLParser._createEntity(MoMLParser.java:4330)
	at ptolemy.moml.MoMLParser.startElement(MoMLParser.java:2864)
	... 64 more
Caused by: ptolemy.kernel.util.InternalErrorException: Element <entity name="MicaLeds" class="ptolemy.domains.ptinyos.lib.MicaLeds"> caused an exception to be thrown.
  in .MicaBoard
Because:
Cannot find class: ptolemy.domains.ptinyos.lib.MicaLeds. In Ptolemy, classes are typically Java .class files. Entities like actors may instead be defined within a .xml file.  In any case, the class was not found. If the class uses a third party package, then the class would be present only if the third party package was found at compile time.  It may be necessary to upgrade Java or install the third party package, reconfigure and recompile.
Because:
-- /home/travis/build/icyphy/ptII/ptolemy/actor/ptalon/demo/ptinyos/SenseToLeds/ptolemy/domains/ptinyos/lib/MicaLeds.xml (No such file or directory)
-- XML file not found relative to classpath.
-- /home/travis/build/icyphy/ptII/ptolemy/vergil/basic/export/test/ptolemy/domains/ptinyos/lib/MicaLeds.xml
/home/travis/build/icyphy/ptII/ptolemy/vergil/basic/export/test/ptolemy/domains/ptinyos/lib/MicaLeds.xml (No such file or directory)
 in file:/home/travis/build/icyphy/ptII/ptolemy/actor/ptalon/demo/ptinyos/SenseToLeds/MicaBoard.xml at line 134 and column 63
	at ptolemy.moml.SimpleErrorHandler.handleError(SimpleErrorHandler.java:75)
	at ptolemy.moml.MoMLParser.startElement(MoMLParser.java:3805)
	at com.microstar.xml.XmlParser.parseElement(XmlParser.java:921)
	at com.microstar.xml.XmlParser.parseContent(XmlParser.java:1104)
	at com.microstar.xml.XmlParser.parseElement(XmlParser.java:924)
	at com.microstar.xml.XmlParser.parseDocument(XmlParser.java:481)
	at com.microstar.xml.XmlParser.doParse(XmlParser.java:159)
	at com.microstar.xml.XmlParser.parse(XmlParser.java:132)
	at ptolemy.moml.MoMLParser.parse(MoMLParser.java:1676)
	at ptolemy.moml.MoMLParser.parse(MoMLParser.java:1595)
	at ptolemy.moml.MoMLParser.parse(MoMLParser.java:1537)
	at ptolemy.moml.MoMLParser._findOrParse(MoMLParser.java:5286)
	at ptolemy.moml.MoMLParser._attemptToFindMoMLClass(MoMLParser.java:4075)
	at ptolemy.moml.MoMLParser._createEntity(MoMLParser.java:4323)
	... 65 more
Caused by: ptolemy.kernel.util.IllegalActionException: Cannot find class: ptolemy.domains.ptinyos.lib.MicaLeds. In Ptolemy, classes are typically Java .class files. Entities like actors may instead be defined within a .xml file.  In any case, the class was not found. If the class uses a third party package, then the class would be present only if the third party package was found at compile time.  It may be necessary to upgrade Java or install the third party package, reconfigure and recompile.
Because:
-- /home/travis/build/icyphy/ptII/ptolemy/actor/ptalon/demo/ptinyos/SenseToLeds/ptolemy/domains/ptinyos/lib/MicaLeds.xml (No such file or directory)
-- XML file not found relative to classpath.
-- /home/travis/build/icyphy/ptII/ptolemy/vergil/basic/export/test/ptolemy/domains/ptinyos/lib/MicaLeds.xml
/home/travis/build/icyphy/ptII/ptolemy/vergil/basic/export/test/ptolemy/domains/ptinyos/lib/MicaLeds.xml (No such file or directory)
 in file:/home/travis/build/icyphy/ptII/ptolemy/actor/ptalon/demo/ptinyos/SenseToLeds/MicaBoard.xml at line 134 and column 63
	at ptolemy.moml.MoMLParser._createEntity(MoMLParser.java:4330)
	at ptolemy.moml.MoMLParser.startElement(MoMLParser.java:2864)
	... 77 more
Caused by: com.microstar.xml.XmlException: -- /home/travis/build/icyphy/ptII/ptolemy/actor/ptalon/demo/ptinyos/SenseToLeds/ptolemy/domains/ptinyos/lib/MicaLeds.xml (No such file or directory)
-- XML file not found relative to classpath.
-- /home/travis/build/icyphy/ptII/ptolemy/vergil/basic/export/test/ptolemy/domains/ptinyos/lib/MicaLeds.xml
/home/travis/build/icyphy/ptII/ptolemy/vergil/basic/export/test/ptolemy/domains/ptinyos/lib/MicaLeds.xml (No such file or directory)
 in file:/home/travis/build/icyphy/ptII/ptolemy/actor/ptalon/demo/ptinyos/SenseToLeds/MicaBoard.xml at line 134 and column 63
	at ptolemy.moml.MoMLParser.fileNameToURL(MoMLParser.java:1414)
	at ptolemy.moml.MoMLParser._findOrParse(MoMLParser.java:5283)
	at ptolemy.moml.MoMLParser._attemptToFindMoMLClass(MoMLParser.java:4075)
	at ptolemy.moml.MoMLParser._createEntity(MoMLParser.java:4323)
	... 78 more
Failed to read file:/home/travis/build/icyphy/ptII/ptolemy/actor/ptalon/demo/ptinyos/SenseToLeds/SenseToLeds.xml
ptolemy.kernel.util.IllegalActionException: Failed to process attribute change to PtalonParameter, whose value is "ptolemy.actor.ptalon.PtalonExpressionParameter {.SenseToLeds.SenseToLeds.n} 2".
  in .SenseToLeds.SenseToLeds
Because:
Unable to add actor null
	at ptolemy.actor.ptalon.PtalonActor.attributeChanged(PtalonActor.java:211)
	at ptolemy.actor.ptalon.PtalonMLHandler.startElement(PtalonMLHandler.java:134)
	at com.microstar.xml.XmlParser.parseElement(XmlParser.java:921)
	at com.microstar.xml.XmlParser.parseContent(XmlParser.java:1104)
	at com.microstar.xml.XmlParser.parseElement(XmlParser.java:924)
	at com.microstar.xml.XmlParser.parseDocument(XmlParser.java:481)
	at com.microstar.xml.XmlParser.doParse(XmlParser.java:159)
	at com.microstar.xml.XmlParser.parse(XmlParser.java:132)
	at ptolemy.actor.ptalon.PtalonActor.configure(PtalonActor.java:240)
	at ptolemy.moml.MoMLParser.endElement(MoMLParser.java:996)
	at com.microstar.xml.XmlParser.parseETag(XmlParser.java:1026)
	at com.microstar.xml.XmlParser.parseContent(XmlParser.java:1098)
	at com.microstar.xml.XmlParser.parseElement(XmlParser.java:924)
	at com.microstar.xml.XmlParser.parseContent(XmlParser.java:1104)
	at com.microstar.xml.XmlParser.parseElement(XmlParser.java:924)
	at com.microstar.xml.XmlParser.parseContent(XmlParser.java:1104)
	at com.microstar.xml.XmlParser.parseElement(XmlParser.java:924)
	at com.microstar.xml.XmlParser.parseDocument(XmlParser.java:481)
	at com.microstar.xml.XmlParser.doParse(XmlParser.java:159)
	at com.microstar.xml.XmlParser.parse(XmlParser.java:132)
	at ptolemy.moml.MoMLParser.parse(MoMLParser.java:1676)
	at ptolemy.moml.MoMLParser.parse(MoMLParser.java:1595)
	at ptolemy.moml.MoMLParser.parse(MoMLParser.java:1537)
	at ptolemy.actor.gui.PtolemyEffigy$Factory.createEffigy(PtolemyEffigy.java:424)
	at ptolemy.actor.gui.EffigyFactory.createEffigy(EffigyFactory.java:234)
	at ptolemy.actor.gui.Configuration.openModel(Configuration.java:1125)
	at ptolemy.actor.gui.Configuration.openModel(Configuration.java:1051)
	at ptolemy.actor.gui.ConfigurationApplication._openModel(ConfigurationApplication.java:1252)
	at ptolemy.actor.gui.ConfigurationApplication._parseArg(ConfigurationApplication.java:1399)
	at ptolemy.actor.gui.ConfigurationApplication._parseArgs(ConfigurationApplication.java:1478)
	at ptolemy.actor.gui.ConfigurationApplication.<init>(ConfigurationApplication.java:277)
	at ptolemy.actor.gui.ConfigurationApplication.<init>(ConfigurationApplication.java:214)
	at ptolemy.actor.gui.ConfigurationApplication.<init>(ConfigurationApplication.java:201)
	at ptolemy.actor.gui.ConfigurationApplication.openModelOrEntity(ConfigurationApplication.java:680)
	at ptolemy.vergil.basic.export.ExportModel$1.run(ExportModel.java:220)
	at java.awt.event.InvocationEvent.dispatch(InvocationEvent.java:301)
	at java.awt.EventQueue.dispatchEventImpl(EventQueue.java:756)
	at java.awt.EventQueue.access$500(EventQueue.java:97)
	at java.awt.EventQueue$3.run(EventQueue.java:709)
	at java.awt.EventQueue$3.run(EventQueue.java:703)
	at java.security.AccessController.doPrivileged(Native Method)
	at java.security.ProtectionDomain$JavaSecurityAccessImpl.doIntersectionPrivilege(ProtectionDomain.java:80)
	at java.awt.EventQueue.dispatchEvent(EventQueue.java:726)
	at java.awt.EventDispatchThread.pumpOneEventForFilters(EventDispatchThread.java:201)
	at java.awt.EventDispatchThread.pumpEventsForFilter(EventDispatchThread.java:116)
	at java.awt.EventDispatchThread.pumpEventsForHierarchy(EventDispatchThread.java:105)
	at java.awt.EventDispatchThread.pumpEvents(EventDispatchThread.java:101)
	at java.awt.EventDispatchThread.pumpEvents(EventDispatchThread.java:93)
	at java.awt.EventDispatchThread.run(EventDispatchThread.java:82)
Caused by: ptolemy.actor.ptalon.PtalonRuntimeException: Unable to add actor null
	at ptolemy.actor.ptalon.PtalonEvaluator.addActor(PtalonEvaluator.java:300)
	at ptolemy.actor.ptalon.PtalonPopulator.actor_declaration(PtalonPopulator.java:1574)
	at ptolemy.actor.ptalon.PtalonPopulator.atomic_statement(PtalonPopulator.java:1638)
	at ptolemy.actor.ptalon.PtalonPopulator.iterative_statement_evaluator(PtalonPopulator.java:2484)
	at ptolemy.actor.ptalon.AbstractPtalonEvaluator$IfTree.evaluateForScope(AbstractPtalonEvaluator.java:1307)
	at ptolemy.actor.ptalon.AbstractPtalonEvaluator.evaluateForScope(AbstractPtalonEvaluator.java:744)
	at ptolemy.actor.ptalon.PtalonPopulator.iterative_statement(PtalonPopulator.java:2363)
	at ptolemy.actor.ptalon.PtalonPopulator.actor_definition(PtalonPopulator.java:2809)
	at ptolemy.actor.ptalon.PtalonActor.attributeChanged(PtalonActor.java:206)
	... 48 more
Caused by: ptolemy.kernel.util.InternalErrorException: Element <entity name="node1" class="ptolemy.actor.ptalon.demo.ptinyos.SenseToLeds.MicaBoard"> caused an exception to be thrown.
  in .SenseToLeds.SenseToLeds
Because:
Cannot find class: ptolemy.actor.ptalon.demo.ptinyos.SenseToLeds.MicaBoard. In Ptolemy, classes are typically Java .class files. Entities like actors may instead be defined within a .xml file.  In any case, the class was not found. If the class uses a third party package, then the class would be present only if the third party package was found at compile time.  It may be necessary to upgrade Java or install the third party package, reconfigure and recompile.
Because:
Element <entity name="MicaLeds" class="ptolemy.domains.ptinyos.lib.MicaLeds"> caused an exception to be thrown.
  in .MicaBoard
Because:
Cannot find class: ptolemy.domains.ptinyos.lib.MicaLeds. In Ptolemy, classes are typically Java .class files. Entities like actors may instead be defined within a .xml file.  In any case, the class was not found. If the class uses a third party package, then the class would be present only if the third party package was found at compile time.  It may be necessary to upgrade Java or install the third party package, reconfigure and recompile.
Because:
-- /home/travis/build/icyphy/ptII/ptolemy/actor/ptalon/demo/ptinyos/SenseToLeds/ptolemy/domains/ptinyos/lib/MicaLeds.xml (No such file or directory)
-- XML file not found relative to classpath.
-- /home/travis/build/icyphy/ptII/ptolemy/vergil/basic/export/test/ptolemy/domains/ptinyos/lib/MicaLeds.xml
/home/travis/build/icyphy/ptII/ptolemy/vergil/basic/export/test/ptolemy/domains/ptinyos/lib/MicaLeds.xml (No such file or directory)
 in file:/home/travis/build/icyphy/ptII/ptolemy/actor/ptalon/demo/ptinyos/SenseToLeds/MicaBoard.xml at line 134 and column 63
	at ptolemy.moml.SimpleErrorHandler.handleError(SimpleErrorHandler.java:75)
	at ptolemy.moml.MoMLParser.startElement(MoMLParser.java:3805)
	at com.microstar.xml.XmlParser.parseElement(XmlParser.java:931)
	at com.microstar.xml.XmlParser.parseDocument(XmlParser.java:481)
	at com.microstar.xml.XmlParser.doParse(XmlParser.java:159)
	at com.microstar.xml.XmlParser.parse(XmlParser.java:132)
	at ptolemy.moml.MoMLParser.parse(MoMLParser.java:1660)
	at ptolemy.moml.MoMLParser.parse(MoMLParser.java:1617)
	at ptolemy.moml.MoMLParser.parse(MoMLParser.java:1792)
	at ptolemy.actor.ptalon.PtalonEvaluator.addActor(PtalonEvaluator.java:241)
	... 56 more
Caused by: ptolemy.kernel.util.IllegalActionException: Cannot find class: ptolemy.actor.ptalon.demo.ptinyos.SenseToLeds.MicaBoard. In Ptolemy, classes are typically Java .class files. Entities like actors may instead be defined within a .xml file.  In any case, the class was not found. If the class uses a third party package, then the class would be present only if the third party package was found at compile time.  It may be necessary to upgrade Java or install the third party package, reconfigure and recompile.
Because:
Element <entity name="MicaLeds" class="ptolemy.domains.ptinyos.lib.MicaLeds"> caused an exception to be thrown.
  in .MicaBoard
Because:
Cannot find class: ptolemy.domains.ptinyos.lib.MicaLeds. In Ptolemy, classes are typically Java .class files. Entities like actors may instead be defined within a .xml file.  In any case, the class was not found. If the class uses a third party package, then the class would be present only if the third party package was found at compile time.  It may be necessary to upgrade Java or install the third party package, reconfigure and recompile.
Because:
-- /home/travis/build/icyphy/ptII/ptolemy/actor/ptalon/demo/ptinyos/SenseToLeds/ptolemy/domains/ptinyos/lib/MicaLeds.xml (No such file or directory)
-- XML file not found relative to classpath.
-- /home/travis/build/icyphy/ptII/ptolemy/vergil/basic/export/test/ptolemy/domains/ptinyos/lib/MicaLeds.xml
/home/travis/build/icyphy/ptII/ptolemy/vergil/basic/export/test/ptolemy/domains/ptinyos/lib/MicaLeds.xml (No such file or directory)
 in file:/home/travis/build/icyphy/ptII/ptolemy/actor/ptalon/demo/ptinyos/SenseToLeds/MicaBoard.xml at line 134 and column 63
	at ptolemy.moml.MoMLParser._createEntity(MoMLParser.java:4330)
	at ptolemy.moml.MoMLParser.startElement(MoMLParser.java:2864)
	... 64 more
Caused by: ptolemy.kernel.util.InternalErrorException: Element <entity name="MicaLeds" class="ptolemy.domains.ptinyos.lib.MicaLeds"> caused an exception to be thrown.
  in .MicaBoard
Because:
Cannot find class: ptolemy.domains.ptinyos.lib.MicaLeds. In Ptolemy, classes are typically Java .class files. Entities like actors may instead be defined within a .xml file.  In any case, the class was not found. If the class uses a third party package, then the class would be present only if the third party package was found at compile time.  It may be necessary to upgrade Java or install the third party package, reconfigure and recompile.
Because:
-- /home/travis/build/icyphy/ptII/ptolemy/actor/ptalon/demo/ptinyos/SenseToLeds/ptolemy/domains/ptinyos/lib/MicaLeds.xml (No such file or directory)
-- XML file not found relative to classpath.
-- /home/travis/build/icyphy/ptII/ptolemy/vergil/basic/export/test/ptolemy/domains/ptinyos/lib/MicaLeds.xml
/home/travis/build/icyphy/ptII/ptolemy/vergil/basic/export/test/ptolemy/domains/ptinyos/lib/MicaLeds.xml (No such file or directory)
 in file:/home/travis/build/icyphy/ptII/ptolemy/actor/ptalon/demo/ptinyos/SenseToLeds/MicaBoard.xml at line 134 and column 63
	at ptolemy.moml.SimpleErrorHandler.handleError(SimpleErrorHandler.java:75)
	at ptolemy.moml.MoMLParser.startElement(MoMLParser.java:3805)
	at com.microstar.xml.XmlParser.parseElement(XmlParser.java:921)
	at com.microstar.xml.XmlParser.parseContent(XmlParser.java:1104)
	at com.microstar.xml.XmlParser.parseElement(XmlParser.java:924)
	at com.microstar.xml.XmlParser.parseDocument(XmlParser.java:481)
	at com.microstar.xml.XmlParser.doParse(XmlParser.java:159)
	at com.microstar.xml.XmlParser.parse(XmlParser.java:132)
	at ptolemy.moml.MoMLParser.parse(MoMLParser.java:1676)
	at ptolemy.moml.MoMLParser.parse(MoMLParser.java:1595)
	at ptolemy.moml.MoMLParser.parse(MoMLParser.java:1537)
	at ptolemy.moml.MoMLParser._findOrParse(MoMLParser.java:5286)
	at ptolemy.moml.MoMLParser._attemptToFindMoMLClass(MoMLParser.java:4075)
	at ptolemy.moml.MoMLParser._createEntity(MoMLParser.java:4323)
	... 65 more
Caused by: ptolemy.kernel.util.IllegalActionException: Cannot find class: ptolemy.domains.ptinyos.lib.MicaLeds. In Ptolemy, classes are typically Java .class files. Entities like actors may instead be defined within a .xml file.  In any case, the class was not found. If the class uses a third party package, then the class would be present only if the third party package was found at compile time.  It may be necessary to upgrade Java or install the third party package, reconfigure and recompile.
Because:
-- /home/travis/build/icyphy/ptII/ptolemy/actor/ptalon/demo/ptinyos/SenseToLeds/ptolemy/domains/ptinyos/lib/MicaLeds.xml (No such file or directory)
-- XML file not found relative to classpath.
-- /home/travis/build/icyphy/ptII/ptolemy/vergil/basic/export/test/ptolemy/domains/ptinyos/lib/MicaLeds.xml
/home/travis/build/icyphy/ptII/ptolemy/vergil/basic/export/test/ptolemy/domains/ptinyos/lib/MicaLeds.xml (No such file or directory)
 in file:/home/travis/build/icyphy/ptII/ptolemy/actor/ptalon/demo/ptinyos/SenseToLeds/MicaBoard.xml at line 134 and column 63
	at ptolemy.moml.MoMLParser._createEntity(MoMLParser.java:4330)
	at ptolemy.moml.MoMLParser.startElement(MoMLParser.java:2864)
	... 77 more
Caused by: com.microstar.xml.XmlException: -- /home/travis/build/icyphy/ptII/ptolemy/actor/ptalon/demo/ptinyos/SenseToLeds/ptolemy/domains/ptinyos/lib/MicaLeds.xml (No such file or directory)
-- XML file not found relative to classpath.
-- /home/travis/build/icyphy/ptII/ptolemy/vergil/basic/export/test/ptolemy/domains/ptinyos/lib/MicaLeds.xml
/home/travis/build/icyphy/ptII/ptolemy/vergil/basic/export/test/ptolemy/domains/ptinyos/lib/MicaLeds.xml (No such file or directory)
 in file:/home/travis/build/icyphy/ptII/ptolemy/actor/ptalon/demo/ptinyos/SenseToLeds/MicaBoard.xml at line 134 and column 63
	at ptolemy.moml.MoMLParser.fileNameToURL(MoMLParser.java:1414)
	at ptolemy.moml.MoMLParser._findOrParse(MoMLParser.java:5283)
	at ptolemy.moml.MoMLParser._attemptToFindMoMLClass(MoMLParser.java:4075)
	at ptolemy.moml.MoMLParser._createEntity(MoMLParser.java:4323)
	... 78 more
Caused by: ptolemy.actor.ptalon.PtalonRuntimeException: Unable to add actor null
	at ptolemy.actor.ptalon.PtalonEvaluator.addActor(PtalonEvaluator.java:300)
	at ptolemy.actor.ptalon.PtalonPopulator.actor_declaration(PtalonPopulator.java:1574)
	at ptolemy.actor.ptalon.PtalonPopulator.atomic_statement(PtalonPopulator.java:1638)
	at ptolemy.actor.ptalon.PtalonPopulator.iterative_statement_evaluator(PtalonPopulator.java:2484)
	at ptolemy.actor.ptalon.AbstractPtalonEvaluator$IfTree.evaluateForScope(AbstractPtalonEvaluator.java:1307)
	at ptolemy.actor.ptalon.AbstractPtalonEvaluator.evaluateForScope(AbstractPtalonEvaluator.java:744)
	at ptolemy.actor.ptalon.PtalonPopulator.iterative_statement(PtalonPopulator.java:2363)
	at ptolemy.actor.ptalon.PtalonPopulator.actor_definition(PtalonPopulator.java:2809)
	at ptolemy.actor.ptalon.PtalonActor.attributeChanged(PtalonActor.java:206)
	at ptolemy.actor.ptalon.PtalonMLHandler.startElement(PtalonMLHandler.java:134)
	at com.microstar.xml.XmlParser.parseElement(XmlParser.java:921)
	at com.microstar.xml.XmlParser.parseContent(XmlParser.java:1104)
	at com.microstar.xml.XmlParser.parseElement(XmlParser.java:924)
	at com.microstar.xml.XmlParser.parseDocument(XmlParser.java:481)
	at com.microstar.xml.XmlParser.doParse(XmlParser.java:159)
	at com.microstar.xml.XmlParser.parse(XmlParser.java:132)
	at ptolemy.actor.ptalon.PtalonActor.configure(PtalonActor.java:240)
	at ptolemy.moml.MoMLParser.endElement(MoMLParser.java:996)
	at com.microstar.xml.XmlParser.parseETag(XmlParser.java:1026)
	at com.microstar.xml.XmlParser.parseContent(XmlParser.java:1098)
	at com.microstar.xml.XmlParser.parseElement(XmlParser.java:924)
	at com.microstar.xml.XmlParser.parseContent(XmlParser.java:1104)
	at com.microstar.xml.XmlParser.parseElement(XmlParser.java:924)
	at com.microstar.xml.XmlParser.parseContent(XmlParser.java:1104)
	at com.microstar.xml.XmlParser.parseElement(XmlParser.java:924)
	at com.microstar.xml.XmlParser.parseDocument(XmlParser.java:481)
	at com.microstar.xml.XmlParser.doParse(XmlParser.java:159)
	at com.microstar.xml.XmlParser.parse(XmlParser.java:132)
	at ptolemy.moml.MoMLParser.parse(MoMLParser.java:1676)
	at ptolemy.moml.MoMLParser.parse(MoMLParser.java:1595)
	at ptolemy.moml.MoMLParser.parse(MoMLParser.java:1537)
	at ptolemy.actor.gui.PtolemyEffigy$Factory.createEffigy(PtolemyEffigy.java:424)
	at ptolemy.actor.gui.EffigyFactory.createEffigy(EffigyFactory.java:234)
	at ptolemy.actor.gui.Configuration.openModel(Configuration.java:1125)
	at ptolemy.actor.gui.Configuration.openModel(Configuration.java:1051)
	at ptolemy.actor.gui.ConfigurationApplication._openModel(ConfigurationApplication.java:1252)
	at ptolemy.actor.gui.ConfigurationApplication._parseArg(ConfigurationApplication.java:1399)
	at ptolemy.actor.gui.ConfigurationApplication._parseArgs(ConfigurationApplication.java:1478)
	at ptolemy.actor.gui.ConfigurationApplication.<init>(ConfigurationApplication.java:277)
	at ptolemy.actor.gui.ConfigurationApplication.<init>(ConfigurationApplication.java:214)
	at ptolemy.actor.gui.ConfigurationApplication.<init>(ConfigurationApplication.java:201)
	at ptolemy.actor.gui.ConfigurationApplication.openModelOrEntity(ConfigurationApplication.java:680)
	at ptolemy.vergil.basic.export.ExportModel$1.run(ExportModel.java:220)
	at java.awt.event.InvocationEvent.dispatch(InvocationEvent.java:301)
	at java.awt.EventQueue.dispatchEventImpl(EventQueue.java:756)
	at java.awt.EventQueue.access$500(EventQueue.java:97)
	at java.awt.EventQueue$3.run(EventQueue.java:709)
	at java.awt.EventQueue$3.run(EventQueue.java:703)
	at java.security.AccessController.doPrivileged(Native Method)
	at java.security.ProtectionDomain$JavaSecurityAccessImpl.doIntersectionPrivilege(ProtectionDomain.java:80)
	at java.awt.EventQueue.dispatchEvent(EventQueue.java:726)
	at java.awt.EventDispatchThread.pumpOneEventForFilters(EventDispatchThread.java:201)
	at java.awt.EventDispatchThread.pumpEventsForFilter(EventDispatchThread.java:116)
	at java.awt.EventDispatchThread.pumpEventsForHierarchy(EventDispatchThread.java:105)
	at java.awt.EventDispatchThread.pumpEvents(EventDispatchThread.java:101)
	at java.awt.EventDispatchThread.pumpEvents(EventDispatchThread.java:93)
	at java.awt.EventDispatchThread.run(EventDispatchThread.java:82)
Caused by: ptolemy.kernel.util.InternalErrorException: Element <entity name="node1" class="ptolemy.actor.ptalon.demo.ptinyos.SenseToLeds.MicaBoard"> caused an exception to be thrown.
  in .SenseToLeds.SenseToLeds
Because:
Cannot find class: ptolemy.actor.ptalon.demo.ptinyos.SenseToLeds.MicaBoard. In Ptolemy, classes are typically Java .class files. Entities like actors may instead be defined within a .xml file.  In any case, the class was not found. If the class uses a third party package, then the class would be present only if the third party package was found at compile time.  It may be necessary to upgrade Java or install the third party package, reconfigure and recompile.
Because:
Element <entity name="MicaLeds" class="ptolemy.domains.ptinyos.lib.MicaLeds"> caused an exception to be thrown.
  in .MicaBoard
Because:
Cannot find class: ptolemy.domains.ptinyos.lib.MicaLeds. In Ptolemy, classes are typically Java .class files. Entities like actors may instead be defined within a .xml file.  In any case, the class was not found. If the class uses a third party package, then the class would be present only if the third party package was found at compile time.  It may be necessary to upgrade Java or install the third party package, reconfigure and recompile.
Because:
-- /home/travis/build/icyphy/ptII/ptolemy/actor/ptalon/demo/ptinyos/SenseToLeds/ptolemy/domains/ptinyos/lib/MicaLeds.xml (No such file or directory)
-- XML file not found relative to classpath.
-- /home/travis/build/icyphy/ptII/ptolemy/vergil/basic/export/test/ptolemy/domains/ptinyos/lib/MicaLeds.xml
/home/travis/build/icyphy/ptII/ptolemy/vergil/basic/export/test/ptolemy/domains/ptinyos/lib/MicaLeds.xml (No such file or directory)
 in file:/home/travis/build/icyphy/ptII/ptolemy/actor/ptalon/demo/ptinyos/SenseToLeds/MicaBoard.xml at line 134 and column 63
	at ptolemy.moml.SimpleErrorHandler.handleError(SimpleErrorHandler.java:75)
	at ptolemy.moml.MoMLParser.startElement(MoMLParser.java:3805)
	at com.microstar.xml.XmlParser.parseElement(XmlParser.java:931)
	at com.microstar.xml.XmlParser.parseDocument(XmlParser.java:481)
	at com.microstar.xml.XmlParser.doParse(XmlParser.java:159)
	at com.microstar.xml.XmlParser.parse(XmlParser.java:132)
	at ptolemy.moml.MoMLParser.parse(MoMLParser.java:1660)
	at ptolemy.moml.MoMLParser.parse(MoMLParser.java:1617)
	at ptolemy.moml.MoMLParser.parse(MoMLParser.java:1792)
	at ptolemy.actor.ptalon.PtalonEvaluator.addActor(PtalonEvaluator.java:241)
	... 56 more
Caused by: ptolemy.kernel.util.IllegalActionException: Cannot find class: ptolemy.actor.ptalon.demo.ptinyos.SenseToLeds.MicaBoard. In Ptolemy, classes are typically Java .class files. Entities like actors may instead be defined within a .xml file.  In any case, the class was not found. If the class uses a third party package, then the class would be present only if the third party package was found at compile time.  It may be necessary to upgrade Java or install the third party package, reconfigure and recompile.
Because:
Element <entity name="MicaLeds" class="ptolemy.domains.ptinyos.lib.MicaLeds"> caused an exception to be thrown.
  in .MicaBoard
Because:
Cannot find class: ptolemy.domains.ptinyos.lib.MicaLeds. In Ptolemy, classes are typically Java .class files. Entities like actors may instead be defined within a .xml file.  In any case, the class was not found. If the class uses a third party package, then the class would be present only if the third party package was found at compile time.  It may be necessary to upgrade Java or install the third party package, reconfigure and recompile.
Because:
-- /home/travis/build/icyphy/ptII/ptolemy/actor/ptalon/demo/ptinyos/SenseToLeds/ptolemy/domains/ptinyos/lib/MicaLeds.xml (No such file or directory)
-- XML file not found relative to classpath.
-- /home/travis/build/icyphy/ptII/ptolemy/vergil/basic/export/test/ptolemy/domains/ptinyos/lib/MicaLeds.xml
/home/travis/build/icyphy/ptII/ptolemy/vergil/basic/export/test/ptolemy/domains/ptinyos/lib/MicaLeds.xml (No such file or directory)
 in file:/home/travis/build/icyphy/ptII/ptolemy/actor/ptalon/demo/ptinyos/SenseToLeds/MicaBoard.xml at line 134 and column 63
	at ptolemy.moml.MoMLParser._createEntity(MoMLParser.java:4330)
	at ptolemy.moml.MoMLParser.startElement(MoMLParser.java:2864)
	... 64 more
Caused by: ptolemy.kernel.util.InternalErrorException: Element <entity name="MicaLeds" class="ptolemy.domains.ptinyos.lib.MicaLeds"> caused an exception to be thrown.
  in .MicaBoard
Because:
Cannot find class: ptolemy.domains.ptinyos.lib.MicaLeds. In Ptolemy, classes are typically Java .class files. Entities like actors may instead be defined within a .xml file.  In any case, the class was not found. If the class uses a third party package, then the class would be present only if the third party package was found at compile time.  It may be necessary to upgrade Java or install the third party package, reconfigure and recompile.
Because:
-- /home/travis/build/icyphy/ptII/ptolemy/actor/ptalon/demo/ptinyos/SenseToLeds/ptolemy/domains/ptinyos/lib/MicaLeds.xml (No such file or directory)
-- XML file not found relative to classpath.
-- /home/travis/build/icyphy/ptII/ptolemy/vergil/basic/export/test/ptolemy/domains/ptinyos/lib/MicaLeds.xml
/home/travis/build/icyphy/ptII/ptolemy/vergil/basic/export/test/ptolemy/domains/ptinyos/lib/MicaLeds.xml (No such file or directory)
 in file:/home/travis/build/icyphy/ptII/ptolemy/actor/ptalon/demo/ptinyos/SenseToLeds/MicaBoard.xml at line 134 and column 63
	at ptolemy.moml.SimpleErrorHandler.handleError(SimpleErrorHandler.java:75)
	at ptolemy.moml.MoMLParser.startElement(MoMLParser.java:3805)
	at com.microstar.xml.XmlParser.parseElement(XmlParser.java:921)
	at com.microstar.xml.XmlParser.parseContent(XmlParser.java:1104)
	at com.microstar.xml.XmlParser.parseElement(XmlParser.java:924)
	at com.microstar.xml.XmlParser.parseDocument(XmlParser.java:481)
	at com.microstar.xml.XmlParser.doParse(XmlParser.java:159)
	at com.microstar.xml.XmlParser.parse(XmlParser.java:132)
	at ptolemy.moml.MoMLParser.parse(MoMLParser.java:1676)
	at ptolemy.moml.MoMLParser.parse(MoMLParser.java:1595)
	at ptolemy.moml.MoMLParser.parse(MoMLParser.java:1537)
	at ptolemy.moml.MoMLParser._findOrParse(MoMLParser.java:5286)
	at ptolemy.moml.MoMLParser._attemptToFindMoMLClass(MoMLParser.java:4075)
	at ptolemy.moml.MoMLParser._createEntity(MoMLParser.java:4323)
	... 65 more
Caused by: ptolemy.kernel.util.IllegalActionException: Cannot find class: ptolemy.domains.ptinyos.lib.MicaLeds. In Ptolemy, classes are typically Java .class files. Entities like actors may instead be defined within a .xml file.  In any case, the class was not found. If the class uses a third party package, then the class would be present only if the third party package was found at compile time.  It may be necessary to upgrade Java or install the third party package, reconfigure and recompile.
Because:
-- /home/travis/build/icyphy/ptII/ptolemy/actor/ptalon/demo/ptinyos/SenseToLeds/ptolemy/domains/ptinyos/lib/MicaLeds.xml (No such file or directory)
-- XML file not found relative to classpath.
-- /home/travis/build/icyphy/ptII/ptolemy/vergil/basic/export/test/ptolemy/domains/ptinyos/lib/MicaLeds.xml
/home/travis/build/icyphy/ptII/ptolemy/vergil/basic/export/test/ptolemy/domains/ptinyos/lib/MicaLeds.xml (No such file or directory)
 in file:/home/travis/build/icyphy/ptII/ptolemy/actor/ptalon/demo/ptinyos/SenseToLeds/MicaBoard.xml at line 134 and column 63
	at ptolemy.moml.MoMLParser._createEntity(MoMLParser.java:4330)
	at ptolemy.moml.MoMLParser.startElement(MoMLParser.java:2864)
	... 77 more
Caused by: com.microstar.xml.XmlException: -- /home/travis/build/icyphy/ptII/ptolemy/actor/ptalon/demo/ptinyos/SenseToLeds/ptolemy/domains/ptinyos/lib/MicaLeds.xml (No such file or directory)
-- XML file not found relative to classpath.
-- /home/travis/build/icyphy/ptII/ptolemy/vergil/basic/export/test/ptolemy/domains/ptinyos/lib/MicaLeds.xml
/home/travis/build/icyphy/ptII/ptolemy/vergil/basic/export/test/ptolemy/domains/ptinyos/lib/MicaLeds.xml (No such file or directory)
 in file:/home/travis/build/icyphy/ptII/ptolemy/actor/ptalon/demo/ptinyos/SenseToLeds/MicaBoard.xml at line 134 and column 63
	at ptolemy.moml.MoMLParser.fileNameToURL(MoMLParser.java:1414)
	at ptolemy.moml.MoMLParser._findOrParse(MoMLParser.java:5283)
	at ptolemy.moml.MoMLParser._attemptToFindMoMLClass(MoMLParser.java:4075)
	at ptolemy.moml.MoMLParser._createEntity(MoMLParser.java:4323)
	... 78 more
Failed to read file:/home/travis/build/icyphy/ptII/ptolemy/actor/ptalon/demo/ptinyos/SenseToLeds/SenseToLeds.xml
ptolemy.kernel.util.IllegalActionException: Failed to process attribute change to PtalonParameter, whose value is "ptolemy.actor.ptalon.PtalonExpressionParameter {.SenseToLeds.SenseToLeds.n} 2".
  in .SenseToLeds.SenseToLeds
Because:
Unable to add actor null
	at ptolemy.actor.ptalon.PtalonActor.attributeChanged(PtalonActor.java:211)
	at ptolemy.actor.ptalon.PtalonMLHandler.startElement(PtalonMLHandler.java:134)
	at com.microstar.xml.XmlParser.parseElement(XmlParser.java:921)
	at com.microstar.xml.XmlParser.parseContent(XmlParser.java:1104)
	at com.microstar.xml.XmlParser.parseElement(XmlParser.java:924)
	at com.microstar.xml.XmlParser.parseDocument(XmlParser.java:481)
	at com.microstar.xml.XmlParser.doParse(XmlParser.java:159)
	at com.microstar.xml.XmlParser.parse(XmlParser.java:132)
	at ptolemy.actor.ptalon.PtalonActor.configure(PtalonActor.java:240)
	at ptolemy.moml.MoMLParser.endElement(MoMLParser.java:996)
	at com.microstar.xml.XmlParser.parseETag(XmlParser.java:1026)
	at com.microstar.xml.XmlParser.parseContent(XmlParser.java:1098)
	at com.microstar.xml.XmlParser.parseElement(XmlParser.java:924)
	at com.microstar.xml.XmlParser.parseContent(XmlParser.java:1104)
	at com.microstar.xml.XmlParser.parseElement(XmlParser.java:924)
	at com.microstar.xml.XmlParser.parseContent(XmlParser.java:1104)
	at com.microstar.xml.XmlParser.parseElement(XmlParser.java:924)
	at com.microstar.xml.XmlParser.parseDocument(XmlParser.java:481)
	at com.microstar.xml.XmlParser.doParse(XmlParser.java:159)
	at com.microstar.xml.XmlParser.parse(XmlParser.java:132)
	at ptolemy.moml.MoMLParser.parse(MoMLParser.java:1676)
	at ptolemy.moml.MoMLParser.parse(MoMLParser.java:1595)
	at ptolemy.moml.MoMLParser.parse(MoMLParser.java:1537)
	at ptolemy.actor.gui.PtolemyEffigy$Factory.createEffigy(PtolemyEffigy.java:424)
	at ptolemy.actor.gui.EffigyFactory.createEffigy(EffigyFactory.java:234)
	at ptolemy.actor.gui.Configuration.openModel(Configuration.java:1125)
	at ptolemy.actor.gui.Configuration.openModel(Configuration.java:1051)
	at ptolemy.actor.gui.ConfigurationApplication._openModel(ConfigurationApplication.java:1252)
	at ptolemy.actor.gui.ConfigurationApplication._parseArg(ConfigurationApplication.java:1399)
	at ptolemy.actor.gui.ConfigurationApplication._parseArgs(ConfigurationApplication.java:1478)
	at ptolemy.actor.gui.ConfigurationApplication.<init>(ConfigurationApplication.java:277)
	at ptolemy.actor.gui.ConfigurationApplication.<init>(ConfigurationApplication.java:214)
	at ptolemy.actor.gui.ConfigurationApplication.<init>(ConfigurationApplication.java:201)
	at ptolemy.actor.gui.ConfigurationApplication.openModelOrEntity(ConfigurationApplication.java:680)
	at ptolemy.vergil.basic.export.ExportModel$1.run(ExportModel.java:220)
	at java.awt.event.InvocationEvent.dispatch(InvocationEvent.java:301)
	at java.awt.EventQueue.dispatchEventImpl(EventQueue.java:756)
	at java.awt.EventQueue.access$500(EventQueue.java:97)
	at java.awt.EventQueue$3.run(EventQueue.java:709)
	at java.awt.EventQueue$3.run(EventQueue.java:703)
	at java.security.AccessController.doPrivileged(Native Method)
	at java.security.ProtectionDomain$JavaSecurityAccessImpl.doIntersectionPrivilege(ProtectionDomain.java:80)
	at java.awt.EventQueue.dispatchEvent(EventQueue.java:726)
	at java.awt.EventDispatchThread.pumpOneEventForFilters(EventDispatchThread.java:201)
	at java.awt.EventDispatchThread.pumpEventsForFilter(EventDispatchThread.java:116)
	at java.awt.EventDispatchThread.pumpEventsForHierarchy(EventDispatchThread.java:105)
	at java.awt.EventDispatchThread.pumpEvents(EventDispatchThread.java:101)
	at java.awt.EventDispatchThread.pumpEvents(EventDispatchThread.java:93)
	at java.awt.EventDispatchThread.run(EventDispatchThread.java:82)
Caused by: ptolemy.actor.ptalon.PtalonRuntimeException: Unable to add actor null
	at ptolemy.actor.ptalon.PtalonEvaluator.addActor(PtalonEvaluator.java:300)
	at ptolemy.actor.ptalon.PtalonPopulator.actor_declaration(PtalonPopulator.java:1574)
	at ptolemy.actor.ptalon.PtalonPopulator.atomic_statement(PtalonPopulator.java:1638)
	at ptolemy.actor.ptalon.PtalonPopulator.iterative_statement_evaluator(PtalonPopulator.java:2484)
	at ptolemy.actor.ptalon.AbstractPtalonEvaluator$IfTree.evaluateForScope(AbstractPtalonEvaluator.java:1307)
	at ptolemy.actor.ptalon.AbstractPtalonEvaluator.evaluateForScope(AbstractPtalonEvaluator.java:744)
	at ptolemy.actor.ptalon.PtalonPopulator.iterative_statement(PtalonPopulator.java:2363)
	at ptolemy.actor.ptalon.PtalonPopulator.actor_definition(PtalonPopulator.java:2809)
	at ptolemy.actor.ptalon.PtalonActor.attributeChanged(PtalonActor.java:206)
	... 48 more
Caused by: ptolemy.kernel.util.InternalErrorException: Element <entity name="node1" class="ptolemy.actor.ptalon.demo.ptinyos.SenseToLeds.MicaBoard"> caused an exception to be thrown.
  in .SenseToLeds.SenseToLeds
Because:
Cannot find class: ptolemy.actor.ptalon.demo.ptinyos.SenseToLeds.MicaBoard. In Ptolemy, classes are typically Java .class files. Entities like actors may instead be defined within a .xml file.  In any case, the class was not found. If the class uses a third party package, then the class would be present only if the third party package was found at compile time.  It may be necessary to upgrade Java or install the third party package, reconfigure and recompile.
Because:
Element <entity name="MicaLeds" class="ptolemy.domains.ptinyos.lib.MicaLeds"> caused an exception to be thrown.
  in .MicaBoard
Because:
Cannot find class: ptolemy.domains.ptinyos.lib.MicaLeds. In Ptolemy, classes are typically Java .class files. Entities like actors may instead be defined within a .xml file.  In any case, the class was not found. If the class uses a third party package, then the class would be present only if the third party package was found at compile time.  It may be necessary to upgrade Java or install the third party package, reconfigure and recompile.
Because:
-- /home/travis/build/icyphy/ptII/ptolemy/actor/ptalon/demo/ptinyos/SenseToLeds/ptolemy/domains/ptinyos/lib/MicaLeds.xml (No such file or directory)
-- XML file not found relative to classpath.
-- /home/travis/build/icyphy/ptII/ptolemy/vergil/basic/export/test/ptolemy/domains/ptinyos/lib/MicaLeds.xml
/home/travis/build/icyphy/ptII/ptolemy/vergil/basic/export/test/ptolemy/domains/ptinyos/lib/MicaLeds.xml (No such file or directory)
 in file:/home/travis/build/icyphy/ptII/ptolemy/actor/ptalon/demo/ptinyos/SenseToLeds/MicaBoard.xml at line 134 and column 63
	at ptolemy.moml.SimpleErrorHandler.handleError(SimpleErrorHandler.java:75)
	at ptolemy.moml.MoMLParser.startElement(MoMLParser.java:3805)
	at com.microstar.xml.XmlParser.parseElement(XmlParser.java:931)
	at com.microstar.xml.XmlParser.parseDocument(XmlParser.java:481)
	at com.microstar.xml.XmlParser.doParse(XmlParser.java:159)
	at com.microstar.xml.XmlParser.parse(XmlParser.java:132)
	at ptolemy.moml.MoMLParser.parse(MoMLParser.java:1660)
	at ptolemy.moml.MoMLParser.parse(MoMLParser.java:1617)
	at ptolemy.moml.MoMLParser.parse(MoMLParser.java:1792)
	at ptolemy.actor.ptalon.PtalonEvaluator.addActor(PtalonEvaluator.java:241)
	... 56 more
Caused by: ptolemy.kernel.util.IllegalActionException: Cannot find class: ptolemy.actor.ptalon.demo.ptinyos.SenseToLeds.MicaBoard. In Ptolemy, classes are typically Java .class files. Entities like actors may instead be defined within a .xml file.  In any case, the class was not found. If the class uses a third party package, then the class would be present only if the third party package was found at compile time.  It may be necessary to upgrade Java or install the third party package, reconfigure and recompile.
Because:
Element <entity name="MicaLeds" class="ptolemy.domains.ptinyos.lib.MicaLeds"> caused an exception to be thrown.
  in .MicaBoard
Because:
Cannot find class: ptolemy.domains.ptinyos.lib.MicaLeds. In Ptolemy, classes are typically Java .class files. Entities like actors may instead be defined within a .xml file.  In any case, the class was not found. If the class uses a third party package, then the class would be present only if the third party package was found at compile time.  It may be necessary to upgrade Java or install the third party package, reconfigure and recompile.
Because:
-- /home/travis/build/icyphy/ptII/ptolemy/actor/ptalon/demo/ptinyos/SenseToLeds/ptolemy/domains/ptinyos/lib/MicaLeds.xml (No such file or directory)
-- XML file not found relative to classpath.
-- /home/travis/build/icyphy/ptII/ptolemy/vergil/basic/export/test/ptolemy/domains/ptinyos/lib/MicaLeds.xml
/home/travis/build/icyphy/ptII/ptolemy/vergil/basic/export/test/ptolemy/domains/ptinyos/lib/MicaLeds.xml (No such file or directory)
 in file:/home/travis/build/icyphy/ptII/ptolemy/actor/ptalon/demo/ptinyos/SenseToLeds/MicaBoard.xml at line 134 and column 63
	at ptolemy.moml.MoMLParser._createEntity(MoMLParser.java:4330)
	at ptolemy.moml.MoMLParser.startElement(MoMLParser.java:2864)
	... 64 more
Caused by: ptolemy.kernel.util.InternalErrorException: Element <entity name="MicaLeds" class="ptolemy.domains.ptinyos.lib.MicaLeds"> caused an exception to be thrown.
  in .MicaBoard
Because:
Cannot find class: ptolemy.domains.ptinyos.lib.MicaLeds. In Ptolemy, classes are typically Java .class files. Entities like actors may instead be defined within a .xml file.  In any case, the class was not found. If the class uses a third party package, then the class would be present only if the third party package was found at compile time.  It may be necessary to upgrade Java or install the third party package, reconfigure and recompile.
Because:
-- /home/travis/build/icyphy/ptII/ptolemy/actor/ptalon/demo/ptinyos/SenseToLeds/ptolemy/domains/ptinyos/lib/MicaLeds.xml (No such file or directory)
-- XML file not found relative to classpath.
-- /home/travis/build/icyphy/ptII/ptolemy/vergil/basic/export/test/ptolemy/domains/ptinyos/lib/MicaLeds.xml
/home/travis/build/icyphy/ptII/ptolemy/vergil/basic/export/test/ptolemy/domains/ptinyos/lib/MicaLeds.xml (No such file or directory)
 in file:/home/travis/build/icyphy/ptII/ptolemy/actor/ptalon/demo/ptinyos/SenseToLeds/MicaBoard.xml at line 134 and column 63
	at ptolemy.moml.SimpleErrorHandler.handleError(SimpleErrorHandler.java:75)
	at ptolemy.moml.MoMLParser.startElement(MoMLParser.java:3805)
	at com.microstar.xml.XmlParser.parseElement(XmlParser.java:921)
	at com.microstar.xml.XmlParser.parseContent(XmlParser.java:1104)
	at com.microstar.xml.XmlParser.parseElement(XmlParser.java:924)
	at com.microstar.xml.XmlParser.parseDocument(XmlParser.java:481)
	at com.microstar.xml.XmlParser.doParse(XmlParser.java:159)
	at com.microstar.xml.XmlParser.parse(XmlParser.java:132)
	at ptolemy.moml.MoMLParser.parse(MoMLParser.java:1676)
	at ptolemy.moml.MoMLParser.parse(MoMLParser.java:1595)
	at ptolemy.moml.MoMLParser.parse(MoMLParser.java:1537)
	at ptolemy.moml.MoMLParser._findOrParse(MoMLParser.java:5286)
	at ptolemy.moml.MoMLParser._attemptToFindMoMLClass(MoMLParser.java:4075)
	at ptolemy.moml.MoMLParser._createEntity(MoMLParser.java:4323)
	... 65 more
Caused by: ptolemy.kernel.util.IllegalActionException: Cannot find class: ptolemy.domains.ptinyos.lib.MicaLeds. In Ptolemy, classes are typically Java .class files. Entities like actors may instead be defined within a .xml file.  In any case, the class was not found. If the class uses a third party package, then the class would be present only if the third party package was found at compile time.  It may be necessary to upgrade Java or install the third party package, reconfigure and recompile.
Because:
-- /home/travis/build/icyphy/ptII/ptolemy/actor/ptalon/demo/ptinyos/SenseToLeds/ptolemy/domains/ptinyos/lib/MicaLeds.xml (No such file or directory)
-- XML file not found relative to classpath.
-- /home/travis/build/icyphy/ptII/ptolemy/vergil/basic/export/test/ptolemy/domains/ptinyos/lib/MicaLeds.xml
/home/travis/build/icyphy/ptII/ptolemy/vergil/basic/export/test/ptolemy/domains/ptinyos/lib/MicaLeds.xml (No such file or directory)
 in file:/home/travis/build/icyphy/ptII/ptolemy/actor/ptalon/demo/ptinyos/SenseToLeds/MicaBoard.xml at line 134 and column 63
	at ptolemy.moml.MoMLParser._createEntity(MoMLParser.java:4330)
	at ptolemy.moml.MoMLParser.startElement(MoMLParser.java:2864)
	... 77 more
Caused by: com.microstar.xml.XmlException: -- /home/travis/build/icyphy/ptII/ptolemy/actor/ptalon/demo/ptinyos/SenseToLeds/ptolemy/domains/ptinyos/lib/MicaLeds.xml (No such file or directory)
-- XML file not found relative to classpath.
-- /home/travis/build/icyphy/ptII/ptolemy/vergil/basic/export/test/ptolemy/domains/ptinyos/lib/MicaLeds.xml
/home/travis/build/icyphy/ptII/ptolemy/vergil/basic/export/test/ptolemy/domains/ptinyos/lib/MicaLeds.xml (No such file or directory)
 in file:/home/travis/build/icyphy/ptII/ptolemy/actor/ptalon/demo/ptinyos/SenseToLeds/MicaBoard.xml at line 134 and column 63
	at ptolemy.moml.MoMLParser.fileNameToURL(MoMLParser.java:1414)
	at ptolemy.moml.MoMLParser._findOrParse(MoMLParser.java:5283)
	at ptolemy.moml.MoMLParser._attemptToFindMoMLClass(MoMLParser.java:4075)
	at ptolemy.moml.MoMLParser._createEntity(MoMLParser.java:4323)
	... 78 more
Caused by: ptolemy.actor.ptalon.PtalonRuntimeException: Unable to add actor null
	at ptolemy.actor.ptalon.PtalonEvaluator.addActor(PtalonEvaluator.java:300)
	at ptolemy.actor.ptalon.PtalonPopulator.actor_declaration(PtalonPopulator.java:1574)
	at ptolemy.actor.ptalon.PtalonPopulator.atomic_statement(PtalonPopulator.java:1638)
	at ptolemy.actor.ptalon.PtalonPopulator.iterative_statement_evaluator(PtalonPopulator.java:2484)
	at ptolemy.actor.ptalon.AbstractPtalonEvaluator$IfTree.evaluateForScope(AbstractPtalonEvaluator.java:1307)
	at ptolemy.actor.ptalon.AbstractPtalonEvaluator.evaluateForScope(AbstractPtalonEvaluator.java:744)
	at ptolemy.actor.ptalon.PtalonPopulator.iterative_statement(PtalonPopulator.java:2363)
	at ptolemy.actor.ptalon.PtalonPopulator.actor_definition(PtalonPopulator.java:2809)
	at ptolemy.actor.ptalon.PtalonActor.attributeChanged(PtalonActor.java:206)
	at ptolemy.actor.ptalon.PtalonMLHandler.startElement(PtalonMLHandler.java:134)
	at com.microstar.xml.XmlParser.parseElement(XmlParser.java:921)
	at com.microstar.xml.XmlParser.parseContent(XmlParser.java:1104)
	at com.microstar.xml.XmlParser.parseElement(XmlParser.java:924)
	at com.microstar.xml.XmlParser.parseDocument(XmlParser.java:481)
	at com.microstar.xml.XmlParser.doParse(XmlParser.java:159)
	at com.microstar.xml.XmlParser.parse(XmlParser.java:132)
	at ptolemy.actor.ptalon.PtalonActor.configure(PtalonActor.java:240)
	at ptolemy.moml.MoMLParser.endElement(MoMLParser.java:996)
	at com.microstar.xml.XmlParser.parseETag(XmlParser.java:1026)
	at com.microstar.xml.XmlParser.parseContent(XmlParser.java:1098)
	at com.microstar.xml.XmlParser.parseElement(XmlParser.java:924)
	at com.microstar.xml.XmlParser.parseContent(XmlParser.java:1104)
	at com.microstar.xml.XmlParser.parseElement(XmlParser.java:924)
	at com.microstar.xml.XmlParser.parseContent(XmlParser.java:1104)
	at com.microstar.xml.XmlParser.parseElement(XmlParser.java:924)
	at com.microstar.xml.XmlParser.parseDocument(XmlParser.java:481)
	at com.microstar.xml.XmlParser.doParse(XmlParser.java:159)
	at com.microstar.xml.XmlParser.parse(XmlParser.java:132)
	at ptolemy.moml.MoMLParser.parse(MoMLParser.java:1676)
	at ptolemy.moml.MoMLParser.parse(MoMLParser.java:1595)
	at ptolemy.moml.MoMLParser.parse(MoMLParser.java:1537)
	at ptolemy.actor.gui.PtolemyEffigy$Factory.createEffigy(PtolemyEffigy.java:424)
	at ptolemy.actor.gui.EffigyFactory.createEffigy(EffigyFactory.java:234)
	at ptolemy.actor.gui.Configuration.openModel(Configuration.java:1125)
	at ptolemy.actor.gui.Configuration.openModel(Configuration.java:1051)
	at ptolemy.actor.gui.ConfigurationApplication._openModel(ConfigurationApplication.java:1252)
	at ptolemy.actor.gui.ConfigurationApplication._parseArg(ConfigurationApplication.java:1399)
	at ptolemy.actor.gui.ConfigurationApplication._parseArgs(ConfigurationApplication.java:1478)
	at ptolemy.actor.gui.ConfigurationApplication.<init>(ConfigurationApplication.java:277)
	at ptolemy.actor.gui.ConfigurationApplication.<init>(ConfigurationApplication.java:214)
	at ptolemy.actor.gui.ConfigurationApplication.<init>(ConfigurationApplication.java:201)
	at ptolemy.actor.gui.ConfigurationApplication.openModelOrEntity(ConfigurationApplication.java:680)
	at ptolemy.vergil.basic.export.ExportModel$1.run(ExportModel.java:220)
	at java.awt.event.InvocationEvent.dispatch(InvocationEvent.java:301)
	at java.awt.EventQueue.dispatchEventImpl(EventQueue.java:756)
	at java.awt.EventQueue.access$500(EventQueue.java:97)
	at java.awt.EventQueue$3.run(EventQueue.java:709)
	at java.awt.EventQueue$3.run(EventQueue.java:703)
	at java.security.AccessController.doPrivileged(Native Method)
	at java.security.ProtectionDomain$JavaSecurityAccessImpl.doIntersectionPrivilege(ProtectionDomain.java:80)
	at java.awt.EventQueue.dispatchEvent(EventQueue.java:726)
	at java.awt.EventDispatchThread.pumpOneEventForFilters(EventDispatchThread.java:201)
	at java.awt.EventDispatchThread.pumpEventsForFilter(EventDispatchThread.java:116)
	at java.awt.EventDispatchThread.pumpEventsForHierarchy(EventDispatchThread.java:105)
	at java.awt.EventDispatchThread.pumpEvents(EventDispatchThread.java:101)
	at java.awt.EventDispatchThread.pumpEvents(EventDispatchThread.java:93)
	at java.awt.EventDispatchThread.run(EventDispatchThread.java:82)
Caused by: ptolemy.kernel.util.InternalErrorException: Element <entity name="node1" class="ptolemy.actor.ptalon.demo.ptinyos.SenseToLeds.MicaBoard"> caused an exception to be thrown.
  in .SenseToLeds.SenseToLeds
Because:
Cannot find class: ptolemy.actor.ptalon.demo.ptinyos.SenseToLeds.MicaBoard. In Ptolemy, classes are typically Java .class files. Entities like actors may instead be defined within a .xml file.  In any case, the class was not found. If the class uses a third party package, then the class would be present only if the third party package was found at compile time.  It may be necessary to upgrade Java or install the third party package, reconfigure and recompile.
Because:
Element <entity name="MicaLeds" class="ptolemy.domains.ptinyos.lib.MicaLeds"> caused an exception to be thrown.
  in .MicaBoard
Because:
Cannot find class: ptolemy.domains.ptinyos.lib.MicaLeds. In Ptolemy, classes are typically Java .class files. Entities like actors may instead be defined within a .xml file.  In any case, the class was not found. If the class uses a third party package, then the class would be present only if the third party package was found at compile time.  It may be necessary to upgrade Java or install the third party package, reconfigure and recompile.
Because:
-- /home/travis/build/icyphy/ptII/ptolemy/actor/ptalon/demo/ptinyos/SenseToLeds/ptolemy/domains/ptinyos/lib/MicaLeds.xml (No such file or directory)
-- XML file not found relative to classpath.
-- /home/travis/build/icyphy/ptII/ptolemy/vergil/basic/export/test/ptolemy/domains/ptinyos/lib/MicaLeds.xml
/home/travis/build/icyphy/ptII/ptolemy/vergil/basic/export/test/ptolemy/domains/ptinyos/lib/MicaLeds.xml (No such file or directory)
 in file:/home/travis/build/icyphy/ptII/ptolemy/actor/ptalon/demo/ptinyos/SenseToLeds/MicaBoard.xml at line 134 and column 63
	at ptolemy.moml.SimpleErrorHandler.handleError(SimpleErrorHandler.java:75)
	at ptolemy.moml.MoMLParser.startElement(MoMLParser.java:3805)
	at com.microstar.xml.XmlParser.parseElement(XmlParser.java:931)
	at com.microstar.xml.XmlParser.parseDocument(XmlParser.java:481)
	at com.microstar.xml.XmlParser.doParse(XmlParser.java:159)
	at com.microstar.xml.XmlParser.parse(XmlParser.java:132)
	at ptolemy.moml.MoMLParser.parse(MoMLParser.java:1660)
	at ptolemy.moml.MoMLParser.parse(MoMLParser.java:1617)
	at ptolemy.moml.MoMLParser.parse(MoMLParser.java:1792)
	at ptolemy.actor.ptalon.PtalonEvaluator.addActor(PtalonEvaluator.java:241)
	... 56 more
Caused by: ptolemy.kernel.util.IllegalActionException: Cannot find class: ptolemy.actor.ptalon.demo.ptinyos.SenseToLeds.MicaBoard. In Ptolemy, classes are typically Java .class files. Entities like actors may instead be defined within a .xml file.  In any case, the class was not found. If the class uses a third party package, then the class would be present only if the third party package was found at compile time.  It may be necessary to upgrade Java or install the third party package, reconfigure and recompile.
Because:
Element <entity name="MicaLeds" class="ptolemy.domains.ptinyos.lib.MicaLeds"> caused an exception to be thrown.
  in .MicaBoard
Because:
Cannot find class: ptolemy.domains.ptinyos.lib.MicaLeds. In Ptolemy, classes are typically Java .class files. Entities like actors may instead be defined within a .xml file.  In any case, the class was not found. If the class uses a third party package, then the class would be present only if the third party package was found at compile time.  It may be necessary to upgrade Java or install the third party package, reconfigure and recompile.
Because:
-- /home/travis/build/icyphy/ptII/ptolemy/actor/ptalon/demo/ptinyos/SenseToLeds/ptolemy/domains/ptinyos/lib/MicaLeds.xml (No such file or directory)
-- XML file not found relative to classpath.
-- /home/travis/build/icyphy/ptII/ptolemy/vergil/basic/export/test/ptolemy/domains/ptinyos/lib/MicaLeds.xml
/home/travis/build/icyphy/ptII/ptolemy/vergil/basic/export/test/ptolemy/domains/ptinyos/lib/MicaLeds.xml (No such file or directory)
 in file:/home/travis/build/icyphy/ptII/ptolemy/actor/ptalon/demo/ptinyos/SenseToLeds/MicaBoard.xml at line 134 and column 63
	at ptolemy.moml.MoMLParser._createEntity(MoMLParser.java:4330)
	at ptolemy.moml.MoMLParser.startElement(MoMLParser.java:2864)
	... 64 more
Caused by: ptolemy.kernel.util.InternalErrorException: Element <entity name="MicaLeds" class="ptolemy.domains.ptinyos.lib.MicaLeds"> caused an exception to be thrown.
  in .MicaBoard
Because:
Cannot find class: ptolemy.domains.ptinyos.lib.MicaLeds. In Ptolemy, classes are typically Java .class files. Entities like actors may instead be defined within a .xml file.  In any case, the class was not found. If the class uses a third party package, then the class would be present only if the third party package was found at compile time.  It may be necessary to upgrade Java or install the third party package, reconfigure and recompile.
Because:
-- /home/travis/build/icyphy/ptII/ptolemy/actor/ptalon/demo/ptinyos/SenseToLeds/ptolemy/domains/ptinyos/lib/MicaLeds.xml (No such file or directory)
-- XML file not found relative to classpath.
-- /home/travis/build/icyphy/ptII/ptolemy/vergil/basic/export/test/ptolemy/domains/ptinyos/lib/MicaLeds.xml
/home/travis/build/icyphy/ptII/ptolemy/vergil/basic/export/test/ptolemy/domains/ptinyos/lib/MicaLeds.xml (No such file or directory)
 in file:/home/travis/build/icyphy/ptII/ptolemy/actor/ptalon/demo/ptinyos/SenseToLeds/MicaBoard.xml at line 134 and column 63
	at ptolemy.moml.SimpleErrorHandler.handleError(SimpleErrorHandler.java:75)
	at ptolemy.moml.MoMLParser.startElement(MoMLParser.java:3805)
	at com.microstar.xml.XmlParser.parseElement(XmlParser.java:921)
	at com.microstar.xml.XmlParser.parseContent(XmlParser.java:1104)
	at com.microstar.xml.XmlParser.parseElement(XmlParser.java:924)
	at com.microstar.xml.XmlParser.parseDocument(XmlParser.java:481)
	at com.microstar.xml.XmlParser.doParse(XmlParser.java:159)
	at com.microstar.xml.XmlParser.parse(XmlParser.java:132)
	at ptolemy.moml.MoMLParser.parse(MoMLParser.java:1676)
	at ptolemy.moml.MoMLParser.parse(MoMLParser.java:1595)
	at ptolemy.moml.MoMLParser.parse(MoMLParser.java:1537)
	at ptolemy.moml.MoMLParser._findOrParse(MoMLParser.java:5286)
	at ptolemy.moml.MoMLParser._attemptToFindMoMLClass(MoMLParser.java:4075)
	at ptolemy.moml.MoMLParser._createEntity(MoMLParser.java:4323)
	... 65 more
Caused by: ptolemy.kernel.util.IllegalActionException: Cannot find class: ptolemy.domains.ptinyos.lib.MicaLeds. In Ptolemy, classes are typically Java .class files. Entities like actors may instead be defined within a .xml file.  In any case, the class was not found. If the class uses a third party package, then the class would be present only if the third party package was found at compile time.  It may be necessary to upgrade Java or install the third party package, reconfigure and recompile.
Because:
-- /home/travis/build/icyphy/ptII/ptolemy/actor/ptalon/demo/ptinyos/SenseToLeds/ptolemy/domains/ptinyos/lib/MicaLeds.xml (No such file or directory)
-- XML file not found relative to classpath.
-- /home/travis/build/icyphy/ptII/ptolemy/vergil/basic/export/test/ptolemy/domains/ptinyos/lib/MicaLeds.xml
/home/travis/build/icyphy/ptII/ptolemy/vergil/basic/export/test/ptolemy/domains/ptinyos/lib/MicaLeds.xml (No such file or directory)
 in file:/home/travis/build/icyphy/ptII/ptolemy/actor/ptalon/demo/ptinyos/SenseToLeds/MicaBoard.xml at line 134 and column 63
	at ptolemy.moml.MoMLParser._createEntity(MoMLParser.java:4330)
	at ptolemy.moml.MoMLParser.startElement(MoMLParser.java:2864)
	... 77 more
Caused by: com.microstar.xml.XmlException: -- /home/travis/build/icyphy/ptII/ptolemy/actor/ptalon/demo/ptinyos/SenseToLeds/ptolemy/domains/ptinyos/lib/MicaLeds.xml (No such file or directory)
-- XML file not found relative to classpath.
-- /home/travis/build/icyphy/ptII/ptolemy/vergil/basic/export/test/ptolemy/domains/ptinyos/lib/MicaLeds.xml
/home/travis/build/icyphy/ptII/ptolemy/vergil/basic/export/test/ptolemy/domains/ptinyos/lib/MicaLeds.xml (No such file or directory)
 in file:/home/travis/build/icyphy/ptII/ptolemy/actor/ptalon/demo/ptinyos/SenseToLeds/MicaBoard.xml at line 134 and column 63
	at ptolemy.moml.MoMLParser.fileNameToURL(MoMLParser.java:1414)
	at ptolemy.moml.MoMLParser._findOrParse(MoMLParser.java:5283)
	at ptolemy.moml.MoMLParser._attemptToFindMoMLClass(MoMLParser.java:4075)
	at ptolemy.moml.MoMLParser._createEntity(MoMLParser.java:4323)
	... 78 more
ptolemy.kernel.util.InternalErrorException: Failed to get the model directory? This can happen in a headless environment when the model attempts to interact with the graphical display.  It can also happen when the model fails to parse because of a missing class.
	at ptolemy.actor.gui.ConfigurationApplication.models(ConfigurationApplication.java:548)
	at ptolemy.actor.gui.ConfigurationApplication.openModelOrEntity(ConfigurationApplication.java:698)
	at ptolemy.vergil.basic.export.ExportModel$1.run(ExportModel.java:220)
	at java.awt.event.InvocationEvent.dispatch(InvocationEvent.java:301)
	at java.awt.EventQueue.dispatchEventImpl(EventQueue.java:756)
	at java.awt.EventQueue.access$500(EventQueue.java:97)
	at java.awt.EventQueue$3.run(EventQueue.java:709)
	at java.awt.EventQueue$3.run(EventQueue.java:703)
	at java.security.AccessController.doPrivileged(Native Method)
	at java.security.ProtectionDomain$JavaSecurityAccessImpl.doIntersectionPrivilege(ProtectionDomain.java:80)
	at java.awt.EventQueue.dispatchEvent(EventQueue.java:726)
	at java.awt.EventDispatchThread.pumpOneEventForFilters(EventDispatchThread.java:201)
	at java.awt.EventDispatchThread.pumpEventsForFilter(EventDispatchThread.java:116)
	at java.awt.EventDispatchThread.pumpEventsForHierarchy(EventDispatchThread.java:105)
	at java.awt.EventDispatchThread.pumpEvents(EventDispatchThread.java:101)
	at java.awt.EventDispatchThread.pumpEvents(EventDispatchThread.java:93)
	at java.awt.EventDispatchThread.run(EventDispatchThread.java:82)
ptolemy.kernel.util.InternalErrorException: Failed to get the model directory? This can happen in a headless environment when the model attempts to interact with the graphical display.  It can also happen when the model fails to parse because of a missing class.
	at ptolemy.actor.gui.ConfigurationApplication.models(ConfigurationApplication.java:548)
	at ptolemy.actor.gui.ConfigurationApplication.openModelOrEntity(ConfigurationApplication.java:698)
	at ptolemy.vergil.basic.export.ExportModel$1.run(ExportModel.java:220)
	at java.awt.event.InvocationEvent.dispatch(InvocationEvent.java:301)
	at java.awt.EventQueue.dispatchEventImpl(EventQueue.java:756)
	at java.awt.EventQueue.access$500(EventQueue.java:97)
	at java.awt.EventQueue$3.run(EventQueue.java:709)
	at java.awt.EventQueue$3.run(EventQueue.java:703)
	at java.security.AccessController.doPrivileged(Native Method)
	at java.security.ProtectionDomain$JavaSecurityAccessImpl.doIntersectionPrivilege(ProtectionDomain.java:80)
	at java.awt.EventQueue.dispatchEvent(EventQueue.java:726)
	at java.awt.EventDispatchThread.pumpOneEventForFilters(EventDispatchThread.java:201)
	at java.awt.EventDispatchThread.pumpEventsForFilter(EventDispatchThread.java:116)
	at java.awt.EventDispatchThread.pumpEventsForHierarchy(EventDispatchThread.java:105)
	at java.awt.EventDispatchThread.pumpEvents(EventDispatchThread.java:101)
	at java.awt.EventDispatchThread.pumpEvents(EventDispatchThread.java:93)
	at java.awt.EventDispatchThread.run(EventDispatchThread.java:82)
java.lang.reflect.InvocationTargetException
	at java.awt.EventQueue.invokeAndWait(EventQueue.java:1321)
	at java.awt.EventQueue.invokeAndWait(EventQueue.java:1296)
	at javax.swing.SwingUtilities.invokeAndWait(SwingUtilities.java:1348)
	at ptolemy.vergil.basic.export.ExportModel.exportModel(ExportModel.java:227)
	at ptolemy.vergil.basic.export.test.junit.ExportModelJUnitTest.RunExportModel(ExportModelJUnitTest.java:153)
	at ptolemy.vergil.basic.export.test.junit.ExportModelJUnitTestBatch.RunExportModel(ExportModelJUnitTestBatch.java:97)
	at sun.reflect.GeneratedMethodAccessor18.invoke(Unknown Source)
	at sun.reflect.DelegatingMethodAccessorImpl.invoke(DelegatingMethodAccessorImpl.java:43)
	at java.lang.reflect.Method.invoke(Method.java:498)
	at org.junit.runners.model.FrameworkMethod$1.runReflectiveCall(FrameworkMethod.java:44)
	at org.junit.internal.runners.model.ReflectiveCallable.run(ReflectiveCallable.java:15)
	at org.junit.runners.model.FrameworkMethod.invokeExplosively(FrameworkMethod.java:41)
	at junitparams.internal.InvokeParameterisedMethod.evaluate(InvokeParameterisedMethod.java:102)
	at junitparams.internal.ParameterisedTestMethodRunner.runMethodInvoker(ParameterisedTestMethodRunner.java:47)
	at junitparams.internal.ParameterisedTestMethodRunner.runTestMethod(ParameterisedTestMethodRunner.java:41)
	at junitparams.internal.ParameterisedTestClassRunner.runParameterisedTest(ParameterisedTestClassRunner.java:143)
	at junitparams.JUnitParamsRunner.runChild(JUnitParamsRunner.java:237)
	at junitparams.JUnitParamsRunner.runChild(JUnitParamsRunner.java:215)
	at org.junit.runners.ParentRunner$3.run(ParentRunner.java:193)
	at org.junit.runners.ParentRunner$1.schedule(ParentRunner.java:52)
	at org.junit.runners.ParentRunner.runChildren(ParentRunner.java:191)
	at org.junit.runners.ParentRunner.access$000(ParentRunner.java:42)
	at org.junit.runners.ParentRunner$2.evaluate(ParentRunner.java:184)
	at org.junit.runners.ParentRunner.run(ParentRunner.java:236)
	at junit.framework.JUnit4TestAdapter.run(JUnit4TestAdapter.java:39)
	at org.apache.tools.ant.taskdefs.optional.junit.JUnitTestRunner.run(JUnitTestRunner.java:535)
	at org.apache.tools.ant.taskdefs.optional.junit.JUnitTestRunner.launch(JUnitTestRunner.java:1182)
	at org.apache.tools.ant.taskdefs.optional.junit.JUnitTestRunner.main(JUnitTestRunner.java:1033)
Caused by: java.lang.RuntimeException: ptolemy.kernel.util.InternalErrorException: Failed to get the model directory? This can happen in a headless environment when the model attempts to interact with the graphical display.  It can also happen when the model fails to parse because of a missing class.
	at ptolemy.vergil.basic.export.ExportModel$1.run(ExportModel.java:223)
	at java.awt.event.InvocationEvent.dispatch(InvocationEvent.java:301)
	at java.awt.EventQueue.dispatchEventImpl(EventQueue.java:756)
	at java.awt.EventQueue.access$500(EventQueue.java:97)
	at java.awt.EventQueue$3.run(EventQueue.java:709)
	at java.awt.EventQueue$3.run(EventQueue.java:703)
	at java.security.AccessController.doPrivileged(Native Method)
	at java.security.ProtectionDomain$JavaSecurityAccessImpl.doIntersectionPrivilege(ProtectionDomain.java:80)
	at java.awt.EventQueue.dispatchEvent(EventQueue.java:726)
	at java.awt.EventDispatchThread.pumpOneEventForFilters(EventDispatchThread.java:201)
	at java.awt.EventDispatchThread.pumpEventsForFilter(EventDispatchThread.java:116)
	at java.awt.EventDispatchThread.pumpEventsForHierarchy(EventDispatchThread.java:105)
	at java.awt.EventDispatchThread.pumpEvents(EventDispatchThread.java:101)
	at java.awt.EventDispatchThread.pumpEvents(EventDispatchThread.java:93)
	at java.awt.EventDispatchThread.run(EventDispatchThread.java:82)
Caused by: ptolemy.kernel.util.InternalErrorException: Failed to get the model directory? This can happen in a headless environment when the model attempts to interact with the graphical display.  It can also happen when the model fails to parse because of a missing class.
	at ptolemy.actor.gui.ConfigurationApplication.models(ConfigurationApplication.java:548)
	at ptolemy.actor.gui.ConfigurationApplication.openModelOrEntity(ConfigurationApplication.java:698)
	at ptolemy.vergil.basic.export.ExportModel$1.run(ExportModel.java:220)
	... 14 more
]]></system-err>
</testsuite>
