<?xml version="1.0" encoding="UTF-8" ?>
<testsuite errors="0" failures="0" hostname="travis-job-6c0cc67c-dd87-4d24-af99-77fb6b105fbb" name="ptolemy.domains.de.test.junit.JUnitTclTest" skipped="0" tests="101" time="145.788" timestamp="2018-05-27T01:19:01">
  <properties>
    <property name="npm.executable" value="npm" />
    <property name="file.encoding.pkg" value="sun.io" />
    <property name="ptII.mk.exists" value="true" />
    <property name="env.rvm_bin_path" value="/home/travis/.rvm/bin" />
    <property name="java.home" value="/usr/lib/jvm/java-8-oracle/jre" />
    <property name="env.TRAVIS_JOB_NUMBER" value="478.8" />
    <property name="env.DISPLAY" value=":99.0" />
    <property name="java.net.preferIPv4Stack" value="true" />
    <property name="env.SSH_TTY" value="/dev/pts/0" />
    <property name="env.RUN_TESTS" value="false" />
    <property name="timeout.short" value="1000000" />
    <property name="env.TRAVIS_STACK_NODE_ATTRIBUTES" value="/.node-attributes.yml" />
    <property name="junit.formatter" value="xml" />
    <property name="java.endorsed.dirs" value="/usr/lib/jvm/java-8-oracle/jre/lib/endorsed" />
    <property name="env.TRAVIS_SUDO" value="true" />
    <property name="env.LOGNAME" value="travis" />
    <property name="jsdoc.home" value="node_modules/@terraswarm/jsdoc" />
    <property name="debuglevel" value="source,lines,vars" />
    <property name="checkstyle.formatter" value="xml" />
    <property name="bin.vergil.makeable" value="true" />
    <property name="env._system_version" value="14.04" />
    <property name="sun.os.patch.level" value="unknown" />
    <property name="java.vendor.url" value="http://java.oracle.com/" />
    <property name="java.version" value="1.8.0_151" />
    <property name="env.TZ" value="UTC" />
    <property name="env.PT_NO_NET" value="true" />
    <property name="env.TRAVIS_PULL_REQUEST_SHA" value="" />
    <property name="env.TRAVIS_SECURE_ENV_VARS" value="true" />
    <property name="env._system_type" value="Linux" />
    <property name="java.vendor.url.bug" value="http://bugreport.sun.com/bugreport/" />
    <property name="env.SSH_CLIENT" value="10.10.4.38 45954 22" />
    <property name="npmjs-org-is-up" value="true" />
    <property name="env.GEM_HOME" value="/home/travis/.rvm/gems/ruby-2.4.1" />
    <property name="env.HAS_ANTARES_THREE_LITTLE_FRONZIES_BADGE" value="true" />
    <property name="env.PS4" value="+" />
    <property name="ant.project.invoked-targets" value="build,test.core2.xml" />
    <property name="env.TRAVIS_PULL_REQUEST_BRANCH" value="" />
    <property name="env.TRAVIS_REPO_SLUG" value="icyphy/ptII" />
    <property name="node.in.path" value="true" />
    <property name="java.maxmemory" value="1400m" />
    <property name="env.RUBY_VERSION" value="ruby-2.4.1" />
    <property name="user.name" value="travis" />
    <property name="env.LANG" value="en_US.UTF-8" />
    <property name="sun.io.unicode.encoding" value="UnicodeLittle" />
    <property name="sun.jnu.encoding" value="UTF-8" />
    <property name="java.runtime.name" value="Java(TM) SE Runtime Environment" />
    <property name="usefile" value="false" />
    <property name="return.code" value="0" />
    <property name="junit.single.formatter" value="plain" />
    <property name="env.DYLD_LIBRARY_PATH" value="/home/travis/pthla/certi-tools/lib:" />
    <property name="env.DEBIAN_FRONTEND" value="noninteractive" />
    <property name="env.SSH_CONNECTION" value="10.10.4.38 45954 10.20.0.47 22" />
    <property name="env.MYSQL_UNIX_PORT" value="/var/run/mysqld/mysqld.sock" />
    <property name="env.TRAVIS_ALLOW_FAILURE" value="false" />
    <property name="env.LC_ALL" value="en_US.UTF-8" />
    <property name="java.specification.name" value="Java Platform API Specification" />
    <property name="node.works" value="true" />
    <property name="user.timezone" value="" />
    <property name="path.separator" value=":" />
    <property name="env.PYTHON_CFLAGS" value="-g -fstack-protector --param=ssp-buffer-size=4 -Wformat -Werror=format-security" />
    <property name="timeout.long" value="4000000" />
    <property name="env.CERTI_HOME" value="/home/travis/pthla/certi-tools" />
    <property name="file.encoding" value="UTF-8" />
    <property name="ant.file.ptII" value="/home/travis/build/icyphy/ptII/build.xml" />
    <property name="javadoc.packagenames" value="com.*,diva.*,lbnl.*,org.hlacerti.*,org.json.*,org.ptolemy.*,org.terraswarm.*,ptolemy.*,ptserver.*" />
    <property name="env.TRAVIS_PULL_REQUEST_SLUG" value="" />
    <property name="ant.project.default-target" value="build" />
    <property name="env.GIT_ASKPASS" value="echo" />
    <property name="env.HOME" value="/home/travis" />
    <property name="sun.java.command" value="org.apache.tools.ant.taskdefs.optional.junit.JUnitTestRunner ptolemy.domains.de.test.junit.JUnitTclTest skipNonTests=false filtertrace=true haltOnError=false haltOnFailure=false formatter=org.apache.tools.ant.taskdefs.optional.junit.OutErrSummaryJUnitResultFormatter showoutput=true outputtoformatters=true logfailedtests=true threadid=0 logtestlistenerevents=false formatter=org.apache.tools.ant.taskdefs.optional.junit.XMLJUnitResultFormatter,/home/travis/build/icyphy/ptII/reports/junit/TEST-ptolemy.domains.de.test.junit.JUnitTclTest.xml crashfile=/home/travis/build/icyphy/ptII/junitvmwatcher3924731691153865844.properties propsfile=/home/travis/build/icyphy/ptII/junit48226617849405770.properties" />
    <property name="env.MANPATH" value="/home/travis/.nvm/versions/node/v7.10.1/share/man:/home/travis/.kiex/elixirs/elixir-1.4.5/man:/home/travis/.rvm/rubies/ruby-2.4.1/share/man:/usr/local/man:/usr/local/cmake-3.9.2/man:/usr/local/clang-5.0.0/share/man:/usr/local/share/man:/usr/share/man:/home/travis/.rvm/man" />
    <property name="env.COMPOSER_NO_INTERACTION" value="1" />
    <property name="env.JDK_SWITCHER_DEFAULT" value="oraclejdk8" />
    <property name="ant.file" value="/home/travis/build/icyphy/ptII/build.xml" />
    <property name="env.TRAVIS_COMMIT_RANGE" value="9d3048d20b406cafcac19533e47d2c563945ffd7...e1d1896f7b292ece0aa46a6f28090894993d239f" />
    <property name="env._system_name" value="Ubuntu" />
    <property name="timeout" value="2400000" />
    <property name="ptII.classpath.optional.property" value="/home/travis/build/icyphy/ptII/lib/bsh-2.0b4.jar:/home/travis/build/icyphy/ptII/lib/ptCal.jar:/home/travis/build/icyphy/ptII/lib/java_cup.jar:/home/travis/build/icyphy/ptII/lib/saxon8.jar:/home/travis/build/icyphy/ptII/lib/saxon8-dom.jar:/home/travis/build/icyphy/ptII/lib/chic.jar:/home/travis/build/icyphy/ptII/lib/ptcolt.jar:/usr/lib/jvm/java-8-oracle/lib/tools.jar:/usr/lib/eclipse/plugins/org.eclipse.jdt.core_3.8.2.dist.jar:/usr/lib/eclipse/plugins/org.eclipse.core.runtime_3.8.0.dist.jar:/usr/lib/eclipse/plugins/org.eclipse.osgi_3.8.1.dist.jar:/usr/lib/eclipse/plugins/org.eclipse.core.resources_3.8.1.dist.jar:/usr/lib/eclipse/plugins/org.eclipse.equinox.common_3.6.100.dist.jar:/usr/lib/eclipse/plugins/org.eclipse.core.jobs_3.5.200.dist.jar:/usr/lib/eclipse/plugins/org.eclipse.core.contenttype_3.4.200.dist.jar:/usr/lib/eclipse/plugins/org.eclipse.equinox.preferences_3.5.0.dist.jar:/usr/lib/eclipse/plugins/org.eclipse.text_3.5.200.dist.jar:/usr/lib/eclipse/plugins/org.eclipse.ui.workbench_3.8.1.dist.jar:/usr/lib/eclipse/plugins/org.eclipse.jface_3.8.0.dist.jar:/usr/lib/eclipse/plugins/org.eclipse.swt_3.8.2.jar:/usr/lib/eclipse/plugins/org.eclipse.jface.text_3.8.1.dist.jar:/usr/lib/eclipse/plugins/org.eclipse.ui.workbench.texteditor_3.8.0.dist.jar:/usr/lib/eclipse/plugins/org.eclipse.ui.editors_3.8.0.dist.jar:/usr/lib/eclipse/plugins/org.eclipse.core.commands_3.6.1.dist.jar:/usr/lib/eclipse/plugins/org.eclipse.equinox.registry_3.5.200.dist.jar:/usr/lib/eclipse/plugins/org.eclipse.ui.console_3.5.100.dist.jar:/usr/lib/eclipse/plugins/org.eclipse.ui.forms_3.5.200.dist.jar:/usr/lib/eclipse/plugins/org.eclipse.ui.ide_3.8.1.dist.jar:/home/travis/build/icyphy/ptII/vendors/oracle/dbxml.jar:/home/travis/build/icyphy/ptII/vendors/oracle/db.jar:/home/travis/build/icyphy/ptII/vendors/misc/itext/iText.jar:/home/travis/build/icyphy/ptII/lib/g4ltl.jar:/home/travis/build/icyphy/ptII/lib/StructuralCoder.jar:/home/travis/build/icyphy/ptII/lib/org-openide-util.jar:/home/travis/build/icyphy/ptII/lib/org-openide-util-lookup.jar:/home/travis/build/icyphy/ptII/lib/org-netbeans-api-visual.jar:/home/travis/build/icyphy/ptII/vendors/jai-1_1_2_01/lib/jai_core.jar:/home/travis/build/icyphy/ptII/vendors/jai-1_1_2_01/lib/jai_codec.jar:/home/travis/build/icyphy/ptII/lib/jcerti.jar:/home/travis/build/icyphy/ptII/lib/smack.jar:/home/travis/build/icyphy/ptII/lib/smackx.jar:/home/travis/build/icyphy/ptII/lib/jetty-all-8.1.5-v20120716.jar:/home/travis/build/icyphy/ptII/lib/javax.servlet-api-3.0.1.jar:/home/travis/build/icyphy/ptII/lib/javax.mail.jar:/home/travis/build/icyphy/ptII/vendors/JMF-2.1.1e/lib/jmf.jar:/home/travis/build/icyphy/ptII/lib/jna-4.0.0-variadic.jar:/home/travis/build/icyphy/ptII/vendors/misc/joystick/Joystick.jar:/home/travis/build/icyphy/ptII/lib/ptjacl.jar:/home/travis/build/icyphy/ptII/lib/jsoup-1.8.2.jar:/home/travis/build/icyphy/ptII/lib/junit-4.8.2.jar:/home/travis/build/icyphy/ptII/lib/JUnitParams-0.4.0.jar:/home/travis/build/icyphy/ptII/ptolemy/actor/lib/excel/jxl.jar:/home/travis/build/icyphy/ptII/lib/jython.jar:/home/travis/build/icyphy/ptII/lib/kieler.jar:/home/travis/build/icyphy/ptII/vendors/opencv/share/OpenCV/java/opencv-341.jar:/home/travis/build/icyphy/ptII/lib/oscP5.jar:/home/travis/build/icyphy/ptII/lib/nrjavaserial-3.11.0.devel.jar:/usr/share/java/j3dcore.jar:/usr/share/java/j3dutils.jar:/usr/share/java/vecmath.jar:/home/travis/build/icyphy/ptII/ptolemy/distributed/jini/jar/jini-core.jar:/home/travis/build/icyphy/ptII/ptolemy/distributed/jini/jar/jini-ext.jar:/home/travis/build/icyphy/ptII/ptolemy/distributed/jini/jar/sun-util.jar:/home/travis/build/icyphy/ptII/lib/protobuf-java-2.4.1.jar:/home/travis/build/icyphy/ptII/lib/org.eclipse.paho.client.mqttv3.jar:/home/travis/build/icyphy/ptII/ptserver/lib/hessian-4.0.7.jar:/home/travis/build/icyphy/ptII/ptserver/lib/wmqtt.jar:/home/travis/build/icyphy/ptII/lib/mapss.jar:/home/travis/build/icyphy/ptII/ptolemy/actor/ptalon/antlr/antlr.jar:/home/travis/build/icyphy/ptII/lib/JRI.jar:/home/travis/build/icyphy/ptII/lib/commons-lang-2.6.jar:/home/travis/build/icyphy/ptII/lib/commons-logging-1.1.1.jar:/home/travis/build/icyphy/ptII/lib/sootclasses.jar:/home/travis/build/icyphy/ptII/ptolemy/actor/lib/database/mysql-connector-java-5.1.6-bin.jar:/home/travis/build/icyphy/ptII/vendors/misc/sphinx4/sphinx4-data-5prealpha.jar:/home/travis/build/icyphy/ptII/vendors/misc/sphinx4/sphinx4-core-5prealpha.jar:/home/travis/build/icyphy/ptII/lib/PDFRenderer.jar:/home/travis/build/icyphy/ptII/lib/svgSalamander.jar:/home/travis/build/icyphy/ptII/lib/rsyntaxtextarea-2.6.0-SNAPSHOT.jar:/home/travis/build/icyphy/ptII/lib/hazelcast-3.8.2.jar:/home/travis/build/icyphy/ptII/lib/jackson-annotations-2.9.0.jar:/home/travis/build/icyphy/ptII/lib/jackson-core-2.9.3.jar:/home/travis/build/icyphy/ptII/lib/jackson-databind-2.9.3.jar:/home/travis/build/icyphy/ptII/lib/netty-buffer-4.1.19.Final.jar:/home/travis/build/icyphy/ptII/lib/netty-codec-4.1.19.Final.jar:/home/travis/build/icyphy/ptII/lib/netty-codec-dns-4.1.19.Final.jar:/home/travis/build/icyphy/ptII/lib/netty-codec-http-4.1.19.Final.jar:/home/travis/build/icyphy/ptII/lib/netty-codec-http2-4.1.19.Final.jar:/home/travis/build/icyphy/ptII/lib/netty-common-4.1.19.Final.jar:/home/travis/build/icyphy/ptII/lib/netty-handler-4.1.19.Final.jar:/home/travis/build/icyphy/ptII/lib/netty-resolver-4.1.19.Final.jar:/home/travis/build/icyphy/ptII/lib/netty-resolver-dns-4.1.19.Final.jar:/home/travis/build/icyphy/ptII/lib/netty-transport-4.1.19.Final.jar:/home/travis/build/icyphy/ptII/lib/vertx-codegen-3.5.1.jar:/home/travis/build/icyphy/ptII/lib/vertx-core-3.5.2-SNAPSHOT.jar:/home/travis/build/icyphy/ptII/lib/vertx-hazelcast-3.5.1.jar:/home/travis/build/icyphy/ptII/lib/vertx-lang-js-3.5.1.jar:/home/travis/build/icyphy/ptII/lib/vertx-service-proxy-3.5.1.jar:/home/travis/build/icyphy/ptII/lib/vertx-web-3.5.1.jar:/home/travis/build/icyphy/ptII/lib/slf4j-api-1.7.13.jar:/home/travis/build/icyphy/ptII/lib/slf4j-simple-1.7.13.jar:/home/travis/build/icyphy/ptII/lib/webcam-capture-0.3.12.jar:/home/travis/build/icyphy/ptII/lib/bridj-0.7.0.jar:/home/travis/build/icyphy/ptII/lib/xbjlib-1.1.0.nrjavaserial.jar" />
    <property name="test.batch" value="**/junit/*.java" />
    <property name="env._" value="/usr/bin/timeout" />
    <property name="java.io.tmpdir" value="/tmp" />
    <property name="user.language" value="en" />
    <property name="env.HISTCONTROL" value="ignoredups:ignorespace" />
    <property name="env.GOROOT" value="/home/travis/.gimme/versions/go1.7.4.linux.amd64" />
    <property name="line.separator" value="&#xa;" />
    <property name="target" value="1.8" />
    <property name="env.TRAVIS_BUILD_DIR" value="/home/travis/build/icyphy/ptII" />
    <property name="env.ANT_OPTS" value="-Xmx2048m" />
    <property name="ant.file.type" value="file" />
    <property name="ptolemy.ptII.batchMode" value="true" />
    <property name="env.HISTSIZE" value="1000" />
    <property name="env.MERB_ENV" value="test" />
    <property name="java.vm.info" value="mixed mode" />
    <property name="source" value="1.8" />
    <property name="java.vm.specification.name" value="Java Virtual Machine Specification" />
    <property name="env.TRAVIS_TEST_RESULT" value="0" />
    <property name="jsdoc.command" value="node_modules/@terraswarm/jsdoc/jsdoc.js" />
    <property name="npm.works" value="true" />
    <property name="cobertura.dir" value="/home/travis/build/icyphy/ptII/vendors/cobertura-2.0.3" />
    <property name="env.rvm_path" value="/home/travis/.rvm" />
    <property name="env.GEM_PATH" value="/home/travis/.rvm/gems/ruby-2.4.1:/home/travis/.rvm/gems/ruby-2.4.1@global" />
    <property name="env.LC_CTYPE" value="en_US.UTF-8" />
    <property name="java.awt.printerjob" value="sun.print.PSPrinterJob" />
    <property name="env.TRAVIS_STACK_NAME" value="garnet" />
    <property name="ant.version" value="Apache Ant(TM) version 1.10.1 compiled on February 2 2017" />
    <property name="ptII.reports" value="/home/travis/build/icyphy/ptII/reports" />
    <property name="env.TRAVIS_STACK_TIMESTAMP" value="2017-12-05 19:33:09 UTC" />
    <property name="ant.file.type.ptII" value="file" />
    <property name="env.RBENV_SHELL" value="bash" />
    <property name="os.name" value="Linux" />
    <property name="java.specification.vendor" value="Oracle Corporation" />
    <property name="env.rvm_version" value="1.29.3 (latest)" />
    <property name="env.TERM" value="xterm" />
    <property name="java.vm.name" value="Java HotSpot(TM) 64-Bit Server VM" />
    <property name="env.TRAVIS_BUILD_NUMBER" value="478" />
    <property name="env.CI" value="true" />
    <property name="java.library.path" value="/home/travis/pthla/certi-tools/lib:/usr/lib/jni:/usr/local/share/OpenCV/java/:/usr/share/OpenCV/java::/usr/java/packages/lib/amd64:/usr/lib64:/lib64:/lib:/usr/lib" />
    <property name="env.rvm_prefix" value="/home/travis" />
    <property name="env.PATH" value="/home/travis/pthla/certi-tools/share/scripts:/home/travis/.rvm/gems/ruby-2.4.1/bin:/home/travis/.rvm/gems/ruby-2.4.1@global/bin:/home/travis/.rvm/rubies/ruby-2.4.1/bin:/home/travis/.rvm/bin:/home/travis/.nvm/versions/node/v7.10.1/bin:./node_modules/.bin:/home/travis/build/icyphy/ptII/bin:/home/travis/pthla/certi-tools/bin:/home/travis/bin:/home/travis/.local/bin:/opt/pyenv/shims:/home/travis/.phpenv/shims:/home/travis/perl5/perlbrew/bin:/home/travis/.kiex/elixirs/elixir-1.4.5/bin:/home/travis/.kiex/bin:/home/travis/gopath/bin:/home/travis/.gimme/versions/go1.7.4.linux.amd64/bin:/usr/local/phantomjs/bin:/usr/local/phantomjs:/usr/local/neo4j-3.2.7/bin:/usr/local/maven-3.5.2/bin:/usr/local/cmake-3.9.2/bin:/usr/local/clang-5.0.0/bin:/usr/local/sbin:/usr/local/bin:/usr/sbin:/usr/bin:/sbin:/bin:/home/travis/.phpenv/bin:/opt/pyenv/bin:/home/travis/.yarn/bin" />
    <property name="env.TRAVIS_OS_NAME" value="linux" />
    <property name="ant.java.version" value="1.8" />
    <property name="basedir" value="/home/travis/build/icyphy/ptII" />
    <property name="java.class.version" value="52.0" />
    <property name="env.SHLVL" value="3" />
    <property name="env.LD_LIBRARY_PATH" value="/home/travis/pthla/certi-tools/lib:/usr/lib/jni:/usr/local/share/OpenCV/java/:/usr/share/OpenCV/java:" />
    <property name="env.RACK_ENV" value="test" />
    <property name="ant.home" value="/home/travis/build/icyphy/ptII/ant" />
    <property name="env.NVM_DIR" value="/home/travis/.nvm" />
    <property name="env.PERLBREW_BASHRC_VERSION" value="0.80" />
    <property name="env.CERTI_FOM_PATH" value="/home/travis/pthla/certi-tools/share/federations" />
    <property name="env.TRAVIS_BUILD_ID" value="384240471" />
    <property name="env.PYENV_ROOT" value="/opt/pyenv" />
    <property name="env.TRAVIS_UID" value="2000" />
    <property name="env.rvm_pretty_print_flag" value="auto" />
    <property name="env.NVM_BIN" value="/home/travis/.nvm/versions/node/v7.10.1/bin" />
    <property name="env.TRAVIS_COMMIT" value="e1d1896f7b292ece0aa46a6f28090894993d239f" />
    <property name="env._system_arch" value="x86_64" />
    <property name="node.executable" value="node" />
    <property name="sun.boot.library.path" value="/usr/lib/jvm/java-8-oracle/jre/lib/amd64" />
    <property name="sun.management.compiler" value="HotSpot 64-Bit Tiered Compilers" />
    <property name="env.GOPATH" value="/home/travis/gopath" />
    <property name="java.awt.graphicsenv" value="sun.awt.X11GraphicsEnvironment" />
    <property name="ptolemy.ptII.dir" value="/home/travis/build/icyphy/ptII" />
    <property name="env.USER" value="travis" />
    <property name="env.HISTFILESIZE" value="2000" />
    <property name="timeout.longest" value="19000000" />
    <property name="env.TRAVIS_STACK_FEATURES" value="basic cassandra chromium couchdb disabled-ipv6 docker docker-compose elasticsearch firefox go-toolchain google-chrome jdk memcached mongodb mysql neo4j nodejs_interpreter perl_interpreter perlbrew phantomjs postgresql python_interpreter rabbitmq redis riak ruby_interpreter sqlite xserver" />
    <property name="env.TRAVIS_PULL_REQUEST" value="false" />
    <property name="env.PYENV_SHELL" value="bash" />
    <property name="ant.project.name" value="ptII" />
    <property name="java.vm.specification.version" value="1.8" />
    <property name="env.CERTI_VERSION" value="4.0.0" />
    <property name="env.NLSPATH" value="/usr/dt/lib/nls/msg/%L/%N.cat" />
    <property name="awt.toolkit" value="sun.awt.X11.XToolkit" />
    <property name="env.CERTI_HOST" value="localhost" />
    <property name="env.MY_RUBY_HOME" value="/home/travis/.rvm/rubies/ruby-2.4.1" />
    <property name="sun.cpu.isalist" value="" />
    <property name="java.ext.dirs" value="/usr/lib/jvm/java-8-oracle/jre/lib/ext:/usr/java/packages/lib/ext" />
    <property name="os.version" value="4.4.0-101-generic" />
    <property name="user.home" value="/home/travis" />
    <property name="env.MIX_ARCHIVES" value="/home/travis/.kiex/mix/elixir-1.4.5" />
    <property name="java.vm.vendor" value="Oracle Corporation" />
    <property name="env.TRAVIS_TAG" value="nightly" />
    <property name="env.TRAVIS_FILTERED" value="redirect_io" />
    <property name="javadoc.excludepackagenames" value="adm.cvs2svn.*,build.*,config.*,doc.coding.templates.*,jni.test.jni.meaningOfLife.*,jni.test.jni.testDeux.*,jni.test.jni.testTrois.*,org.terraswarm.accessor.accessors.web.node_modules.*,org.terraswarm.accessor.accessors.web.hosts.cordova.demo.*,org.terraswarm.accessor.accessors.web.hosts.cordova.plugins.*,org.terraswarm.accessor.accessors-svn.*,pt-modules.*,ptolemy.apps.agilent.*,ptolemy.apps.anytimecontrol.*,ptolemy.apps.apes.*,ptolemy.apps.charon.*,ptolemy.apps.crazyboard.*,ptolemy.apps.eclipse.*,ptolemy.apps.etherealSting.*,ptolemy.apps.fullscreen.*,ptolemy.apps.giotto.*,ptolemy.apps.ia.*,ptolemy.apps.interfaces.*,ptolemy.apps.jmf.*,ptolemy.apps.kurt.*,ptolemy.apps.kvm.*,ptolemy.apps.lego.*,ptolemy.apps.lejos.*,ptolemy.apps.midp.*,ptolemy.apps.mobileCoding.*,ptolemy.apps.pendulum.*,ptolemy.apps.rijndael.*,ptolemy.apps.robot.*,ptolemy.apps.security.*,ptolemy.apps.sobel.*,ptolemy.apps.soot.*,ptolemy.apps.throttle.*,ptolemy.apps.tini.*,ptolemy.apps.transmission.*,ptolemy.apps.vergil.*,ptolemy.apps.waba.*,ptolemy.apps.websensor.*,ptolemy.apps.webstart.*,ptolemy.apps.xsl.*,ptolemy.apps.zaurus.*,ptolemy.backtrack.eclipse.plugin.*,ptolemy.backtrack.test.*,ptolemy.codegen.c.actor.lib.oldJavaFiles.*,ptolemy.codegen.dsp.lib.*,ptolemy.codegen.kernel.newInterfaces.*,ptolemy.codegen.lib.*,ptolemy.copernicus.kernel.fragment.*,ptolemy.copernicus.shallow.cg.*,ptolemy.domains.giotto.demo.Hierarchy.Hierarchy.*,ptolemy.domains.giotto.demo.Multimode.Multimode.*,ptolemy.domains.giotto.demo.Simple.Simple.*,ptolemy.domains.gr.lib.experimental.*,ptolemy.domains.gro.*,ptolemy.domains.pdf.*,ptolemy.domains.ptinyos.demo.Surge.output.*,ptolemy.moml.test.NoPackageActor.java*,ptolemy.plot.adm.*,ptolemy.plot.servlet.*,reports.*,signed.*,src.*,target.*,vendors.*,ptolemy.cg.adapter.generic.program.procedural.c.mbed*,ptolemy.actor.lib.fmi.fmus.omc*,ptolemy.domains.openmodelica*,ptdb.kernel.bl.save.test.*,ptdb.kernel.bl.load.test.*,ptdb.kernel.bl.search.test.*,ptdb.kernel.bl.migration.test.*,ptdb.kernel.database.test.*,ptdb.test.*,ptdb.gui.test.*,org.ptolemy.scala.*,diva.util.java2d.svg.*,ptolemy.domains.ptinyos.*,ptolemy.actor.lib.fmi.fmipp.*,,org.terraswarm.accessor.accessors.web.node_modules.*,org.terraswarm.accessor.accessors-svn,ptolemy.actor.ptalon.demo.ptinyos.SendAndReceiveCnt.output,ptolemy.actor.ptalon.demo.ptinyos.SenseToLeds.output,ptolemy.domains.ptinyos.demo.CntToLedsAndRfm.output,ptolemy.domains.ptinyos.demo.RfmToLeds.output,ptolemy.domains.ptinyos.demo.SendAndReceiveCnt.output,ptolemy.domains.ptinyos.demo.SenseToLeds.output" />
    <property name="env.JAVA_HOME" value="/usr/lib/jvm/java-8-oracle" />
    <property name="env.PTII" value="/home/travis/build/icyphy/ptII" />
    <property name="env.TRAVIS_COMMIT_MESSAGE" value="add debug prints when using FED file information&#xa;&#xa;Signed-off-by: Gilles Lasnier &lt;gilles.lasnier@ciele.fr&gt;" />
    <property name="keystore" value="ptKeystore" />
    <property name="env.XDG_SESSION_ID" value="2" />
    <property name="junit.output.dir" value="/home/travis/build/icyphy/ptII/reports/junit" />
    <property name="npm.return.code" value="0" />
    <property name="user.dir" value="/home/travis/build/icyphy/ptII/ptolemy/domains/de/test" />
    <property name="env.TRAVIS_NODE_VERSION" value="7" />
    <property name="env.XFILESEARCHPATH" value="/usr/dt/app-defaults/%L/Dt" />
    <property name="env.TRAVIS_EVENT_TYPE" value="cron" />
    <property name="env.MAIL" value="/var/mail/travis" />
    <property name="env.PWD" value="/home/travis/build/icyphy/ptII" />
    <property name="env.PERLBREW_ROOT" value="/home/travis/perl5/perlbrew" />
    <property name="timeout.npm" value="45000" />
    <property name="env.PT_TRAVIS_TEST_CORE2_XML" value="true" />
    <property name="env.PAGER" value="cat" />
    <property name="sun.cpu.endian" value="little" />
    <property name="env.TRAVIS_BUILD_STAGE_NAME" value="Test" />
    <property name="env.PERLBREW_HOME" value="/home/travis/.perlbrew" />
    <property name="env.RAILS_ENV" value="test" />
    <property name="java.vm.version" value="25.151-b12" />
    <property name="java.class.path" value="/home/travis/build/icyphy/ptII:/home/travis/build/icyphy/ptII/lib/bsh-2.0b4.jar:/home/travis/build/icyphy/ptII/lib/ptCal.jar:/home/travis/build/icyphy/ptII/lib/java_cup.jar:/home/travis/build/icyphy/ptII/lib/saxon8.jar:/home/travis/build/icyphy/ptII/lib/saxon8-dom.jar:/home/travis/build/icyphy/ptII/lib/chic.jar:/home/travis/build/icyphy/ptII/lib/ptcolt.jar:/usr/lib/jvm/java-8-oracle/lib/tools.jar:/usr/lib/eclipse/plugins/org.eclipse.jdt.core_3.8.2.dist.jar:/usr/lib/eclipse/plugins/org.eclipse.core.runtime_3.8.0.dist.jar:/usr/lib/eclipse/plugins/org.eclipse.osgi_3.8.1.dist.jar:/usr/lib/eclipse/plugins/org.eclipse.core.resources_3.8.1.dist.jar:/usr/lib/eclipse/plugins/org.eclipse.equinox.common_3.6.100.dist.jar:/usr/lib/eclipse/plugins/org.eclipse.core.jobs_3.5.200.dist.jar:/usr/lib/eclipse/plugins/org.eclipse.core.contenttype_3.4.200.dist.jar:/usr/lib/eclipse/plugins/org.eclipse.equinox.preferences_3.5.0.dist.jar:/usr/lib/eclipse/plugins/org.eclipse.text_3.5.200.dist.jar:/usr/lib/eclipse/plugins/org.eclipse.ui.workbench_3.8.1.dist.jar:/usr/lib/eclipse/plugins/org.eclipse.jface_3.8.0.dist.jar:/usr/lib/eclipse/plugins/org.eclipse.swt_3.8.2.jar:/usr/lib/eclipse/plugins/org.eclipse.jface.text_3.8.1.dist.jar:/usr/lib/eclipse/plugins/org.eclipse.ui.workbench.texteditor_3.8.0.dist.jar:/usr/lib/eclipse/plugins/org.eclipse.ui.editors_3.8.0.dist.jar:/usr/lib/eclipse/plugins/org.eclipse.core.commands_3.6.1.dist.jar:/usr/lib/eclipse/plugins/org.eclipse.equinox.registry_3.5.200.dist.jar:/usr/lib/eclipse/plugins/org.eclipse.ui.console_3.5.100.dist.jar:/usr/lib/eclipse/plugins/org.eclipse.ui.forms_3.5.200.dist.jar:/usr/lib/eclipse/plugins/org.eclipse.ui.ide_3.8.1.dist.jar:/home/travis/build/icyphy/ptII/vendors/oracle/dbxml.jar:/home/travis/build/icyphy/ptII/vendors/oracle/db.jar:/home/travis/build/icyphy/ptII/vendors/misc/itext/iText.jar:/home/travis/build/icyphy/ptII/lib/g4ltl.jar:/home/travis/build/icyphy/ptII/lib/StructuralCoder.jar:/home/travis/build/icyphy/ptII/lib/org-openide-util.jar:/home/travis/build/icyphy/ptII/lib/org-openide-util-lookup.jar:/home/travis/build/icyphy/ptII/lib/org-netbeans-api-visual.jar:/home/travis/build/icyphy/ptII/vendors/jai-1_1_2_01/lib/jai_core.jar:/home/travis/build/icyphy/ptII/vendors/jai-1_1_2_01/lib/jai_codec.jar:/home/travis/build/icyphy/ptII/lib/jcerti.jar:/home/travis/build/icyphy/ptII/lib/smack.jar:/home/travis/build/icyphy/ptII/lib/smackx.jar:/home/travis/build/icyphy/ptII/lib/jetty-all-8.1.5-v20120716.jar:/home/travis/build/icyphy/ptII/lib/javax.servlet-api-3.0.1.jar:/home/travis/build/icyphy/ptII/lib/javax.mail.jar:/home/travis/build/icyphy/ptII/vendors/JMF-2.1.1e/lib/jmf.jar:/home/travis/build/icyphy/ptII/lib/jna-4.0.0-variadic.jar:/home/travis/build/icyphy/ptII/vendors/misc/joystick/Joystick.jar:/home/travis/build/icyphy/ptII/lib/ptjacl.jar:/home/travis/build/icyphy/ptII/lib/jsoup-1.8.2.jar:/home/travis/build/icyphy/ptII/lib/junit-4.8.2.jar:/home/travis/build/icyphy/ptII/lib/JUnitParams-0.4.0.jar:/home/travis/build/icyphy/ptII/ptolemy/actor/lib/excel/jxl.jar:/home/travis/build/icyphy/ptII/lib/jython.jar:/home/travis/build/icyphy/ptII/lib/kieler.jar:/home/travis/build/icyphy/ptII/vendors/opencv/share/OpenCV/java/opencv-341.jar:/home/travis/build/icyphy/ptII/lib/oscP5.jar:/home/travis/build/icyphy/ptII/lib/nrjavaserial-3.11.0.devel.jar:/usr/share/java/j3dcore.jar:/usr/share/java/j3dutils.jar:/usr/share/java/vecmath.jar:/home/travis/build/icyphy/ptII/ptolemy/distributed/jini/jar/jini-core.jar:/home/travis/build/icyphy/ptII/ptolemy/distributed/jini/jar/jini-ext.jar:/home/travis/build/icyphy/ptII/ptolemy/distributed/jini/jar/sun-util.jar:/home/travis/build/icyphy/ptII/lib/protobuf-java-2.4.1.jar:/home/travis/build/icyphy/ptII/lib/org.eclipse.paho.client.mqttv3.jar:/home/travis/build/icyphy/ptII/ptserver/lib/hessian-4.0.7.jar:/home/travis/build/icyphy/ptII/ptserver/lib/wmqtt.jar:/home/travis/build/icyphy/ptII/lib/mapss.jar:/home/travis/build/icyphy/ptII/ptolemy/actor/ptalon/antlr/antlr.jar:/home/travis/build/icyphy/ptII/lib/JRI.jar:/home/travis/build/icyphy/ptII/lib/commons-lang-2.6.jar:/home/travis/build/icyphy/ptII/lib/commons-logging-1.1.1.jar:/home/travis/build/icyphy/ptII/lib/sootclasses.jar:/home/travis/build/icyphy/ptII/ptolemy/actor/lib/database/mysql-connector-java-5.1.6-bin.jar:/home/travis/build/icyphy/ptII/vendors/misc/sphinx4/sphinx4-data-5prealpha.jar:/home/travis/build/icyphy/ptII/vendors/misc/sphinx4/sphinx4-core-5prealpha.jar:/home/travis/build/icyphy/ptII/lib/PDFRenderer.jar:/home/travis/build/icyphy/ptII/lib/svgSalamander.jar:/home/travis/build/icyphy/ptII/lib/rsyntaxtextarea-2.6.0-SNAPSHOT.jar:/home/travis/build/icyphy/ptII/lib/hazelcast-3.8.2.jar:/home/travis/build/icyphy/ptII/lib/jackson-annotations-2.9.0.jar:/home/travis/build/icyphy/ptII/lib/jackson-core-2.9.3.jar:/home/travis/build/icyphy/ptII/lib/jackson-databind-2.9.3.jar:/home/travis/build/icyphy/ptII/lib/netty-buffer-4.1.19.Final.jar:/home/travis/build/icyphy/ptII/lib/netty-codec-4.1.19.Final.jar:/home/travis/build/icyphy/ptII/lib/netty-codec-dns-4.1.19.Final.jar:/home/travis/build/icyphy/ptII/lib/netty-codec-http-4.1.19.Final.jar:/home/travis/build/icyphy/ptII/lib/netty-codec-http2-4.1.19.Final.jar:/home/travis/build/icyphy/ptII/lib/netty-common-4.1.19.Final.jar:/home/travis/build/icyphy/ptII/lib/netty-handler-4.1.19.Final.jar:/home/travis/build/icyphy/ptII/lib/netty-resolver-4.1.19.Final.jar:/home/travis/build/icyphy/ptII/lib/netty-resolver-dns-4.1.19.Final.jar:/home/travis/build/icyphy/ptII/lib/netty-transport-4.1.19.Final.jar:/home/travis/build/icyphy/ptII/lib/vertx-codegen-3.5.1.jar:/home/travis/build/icyphy/ptII/lib/vertx-core-3.5.2-SNAPSHOT.jar:/home/travis/build/icyphy/ptII/lib/vertx-hazelcast-3.5.1.jar:/home/travis/build/icyphy/ptII/lib/vertx-lang-js-3.5.1.jar:/home/travis/build/icyphy/ptII/lib/vertx-service-proxy-3.5.1.jar:/home/travis/build/icyphy/ptII/lib/vertx-web-3.5.1.jar:/home/travis/build/icyphy/ptII/lib/slf4j-api-1.7.13.jar:/home/travis/build/icyphy/ptII/lib/slf4j-simple-1.7.13.jar:/home/travis/build/icyphy/ptII/lib/webcam-capture-0.3.12.jar:/home/travis/build/icyphy/ptII/lib/bridj-0.7.0.jar:/home/travis/build/icyphy/ptII/lib/xbjlib-1.1.0.nrjavaserial.jar:/home/travis/build/icyphy/ptII/ptolemy/moml/test:/home/travis/build/icyphy/ptII/ant/lib/ant-launcher.jar:/home/travis/build/icyphy/ptII/ant/lib/ant.jar:/home/travis/build/icyphy/ptII/ant/lib/ant-junit.jar:/home/travis/build/icyphy/ptII/ant/lib/ant-junit4.jar" />
    <property name="ant.library.dir" value="/home/travis/build/icyphy/ptII/ant/lib" />
    <property name="os.arch" value="amd64" />
    <property name="env.TRAVIS_LANGUAGE" value="node_js" />
    <property name="env.CONTINUOUS_INTEGRATION" value="true" />
    <property name="env.TRAVIS_STACK_LANGUAGES" value="__garnet__ c c++ clojure cplusplus cpp default go groovy java node_js php pure_java python ruby scala" />
    <property name="test.name" value="ptolemy.actor.lib.test.junit.JUnitTclTest" />
    <property name="sun.java.launcher" value="SUN_STANDARD" />
    <property name="env.PYTHON_CONFIGURE_OPTS" value="--enable-unicode=ucs4 --with-wide-unicode --enable-shared --enable-ipv6 --enable-loadable-sqlite-extensions --with-computed-gotos" />
    <property name="ant.core.lib" value="/home/travis/build/icyphy/ptII/ant/lib/ant.jar" />
    <property name="java.vm.specification.vendor" value="Oracle Corporation" />
    <property name="env.BCVTB_HOME" value="/home/travis/build/icyphy/ptII/lbnl" />
    <property name="file.separator" value="/" />
    <property name="java.runtime.version" value="1.8.0_151-b12" />
    <property name="spotbugs.home" value="/home/travis/build/icyphy/ptII/vendors/spotbugs-3.1.1" />
    <property name="sun.boot.class.path" value="/usr/lib/jvm/java-8-oracle/jre/lib/resources.jar:/usr/lib/jvm/java-8-oracle/jre/lib/rt.jar:/usr/lib/jvm/java-8-oracle/jre/lib/sunrsasign.jar:/usr/lib/jvm/java-8-oracle/jre/lib/jsse.jar:/usr/lib/jvm/java-8-oracle/jre/lib/jce.jar:/usr/lib/jvm/java-8-oracle/jre/lib/charsets.jar:/usr/lib/jvm/java-8-oracle/jre/lib/jfr.jar:/usr/lib/jvm/java-8-oracle/jre/classes" />
    <property name="env.HAS_JOSH_K_SEAL_OF_APPROVAL" value="true" />
    <property name="env.TRAVIS_OSX_IMAGE" value="" />
    <property name="env.XDG_RUNTIME_DIR" value="/run/user/2000" />
    <property name="env.TRAVIS_BRANCH" value="master" />
    <property name="env.TRAVIS_JOB_ID" value="384240479" />
    <property name="env.CERTI_HOME_TRAVIS" value="/home/travis/pthla/certi-tools" />
    <property name="user.country" value="US" />
    <property name="env.SHELL" value="/bin/bash" />
    <property name="java.maxmemory.large" value="5000m" />
    <property name="model" value="" />
    <property name="env.CASHER_DIR" value="/home/travis/.casher" />
    <property name="env.NVM_CD_FLAGS" value="" />
    <property name="jshint.executable" value="/home/travis/node_modules/jshint/bin/jshint" />
    <property name="java.vendor" value="Oracle Corporation" />
    <property name="env.JRUBY_OPTS" value=" --client -J-XX:+TieredCompilation -J-XX:TieredStopAtLevel=1 -J-Xss2m -Xcompile.invokedynamic=false" />
    <property name="env.TRAVIS_PRE_CHEF_BOOTSTRAP_TIME" value="2017-12-05T19:32:55" />
    <property name="env.TRAVIS_STACK_JOB_BOARD_REGISTER" value="/.job-board-register.yml" />
    <property name="env.ELIXIR_VERSION" value="1.4.5" />
    <property name="java.specification.version" value="1.8" />
    <property name="env.IRBRC" value="/home/travis/.rvm/rubies/ruby-2.4.1/.irbrc" />
    <property name="env.TRAVIS" value="true" />
    <property name="sun.arch.data.model" value="64" />
  </properties>
  <testcase classname="ptolemy.util.test.junit.TclTests" name="[0] /home/travis/build/icyphy/ptII/ptolemy/domains/de/test/DependencyLoop.tcl (RunTclFile)" time="0.92" />
  <testcase classname="ptolemy.util.test.junit.TclTests" name="[1] /home/travis/build/icyphy/ptII/ptolemy/domains/de/test/RunDETestsAsQSS.tcl (RunTclFile)" time="99.432" />
  <testcase classname="ptolemy.util.test.junit.AutoKnownFailedTests" name="[0] /home/travis/build/icyphy/ptII/ptolemy/domains/de/test/auto/knownFailedTests/DESDFClockTest.xml (RunModel)" time="2.048" />
  <testcase classname="ptolemy.util.test.junit.AutoKnownFailedTests" name="[1] /home/travis/build/icyphy/ptII/ptolemy/domains/de/test/auto/knownFailedTests/DirectFeedback.xml (RunModel)" time="0.016" />
  <testcase classname="ptolemy.util.test.junit.AutoKnownFailedTests" name="[2] /home/travis/build/icyphy/ptII/ptolemy/domains/de/test/auto/knownFailedTests/FSMSource.xml (RunModel)" time="0.023" />
  <testcase classname="ptolemy.util.test.junit.AutoKnownFailedTests" name="[3] /home/travis/build/icyphy/ptII/ptolemy/domains/de/test/auto/knownFailedTests/HierarchicalModel.xml (RunModel)" time="0.048" />
  <testcase classname="ptolemy.util.test.junit.AutoKnownFailedTests" name="[4] /home/travis/build/icyphy/ptII/ptolemy/domains/de/test/auto/knownFailedTests/dependencyLoop.xml (RunModel)" time="0.046" />
  <testcase classname="ptolemy.util.test.junit.AutoKnownFailedTests" name="[5] /home/travis/build/icyphy/ptII/ptolemy/domains/de/test/auto/knownFailedTests/dependencyLoop2.xml (RunModel)" time="0.039" />
  <testcase classname="ptolemy.util.test.junit.AutoNameArchTests" name="[0] ThereAreNoAutoTests (RunModel)" time="0.0" />
  <testcase classname="ptolemy.util.test.junit.AutoTests" name="[0] /home/travis/build/icyphy/ptII/ptolemy/domains/de/test/auto/ActorDepthCalculation_actorWithoutPorts.xml (RunModel)" time="0.015" />
  <testcase classname="ptolemy.util.test.junit.AutoTests" name="[1] /home/travis/build/icyphy/ptII/ptolemy/domains/de/test/auto/AssemblyLine.xml (RunModel)" time="0.022" />
  <testcase classname="ptolemy.util.test.junit.AutoTests" name="[2] /home/travis/build/icyphy/ptII/ptolemy/domains/de/test/auto/CQBug1.xml (RunModel)" time="0.011" />
  <testcase classname="ptolemy.util.test.junit.AutoTests" name="[3] /home/travis/build/icyphy/ptII/ptolemy/domains/de/test/auto/CancelFireAt.xml (RunModel)" time="0.009" />
  <testcase classname="ptolemy.util.test.junit.AutoTests" name="[4] /home/travis/build/icyphy/ptII/ptolemy/domains/de/test/auto/CausalityAndComposabilityAnalysis.xml (RunModel)" time="0.01" />
  <testcase classname="ptolemy.util.test.junit.AutoTests" name="[5] /home/travis/build/icyphy/ptII/ptolemy/domains/de/test/auto/CausalityInterface1.xml (RunModel)" time="0.014" />
  <testcase classname="ptolemy.util.test.junit.AutoTests" name="[6] /home/travis/build/icyphy/ptII/ptolemy/domains/de/test/auto/CausalityInterface15.xml (RunModel)" time="0.014" />
  <testcase classname="ptolemy.util.test.junit.AutoTests" name="[7] /home/travis/build/icyphy/ptII/ptolemy/domains/de/test/auto/CausalityInterface2.xml (RunModel)" time="0.013" />
  <testcase classname="ptolemy.util.test.junit.AutoTests" name="[8] /home/travis/build/icyphy/ptII/ptolemy/domains/de/test/auto/CausalityInterface3.xml (RunModel)" time="0.015" />
  <testcase classname="ptolemy.util.test.junit.AutoTests" name="[9] /home/travis/build/icyphy/ptII/ptolemy/domains/de/test/auto/ClockDrift.xml (RunModel)" time="0.038" />
  <testcase classname="ptolemy.util.test.junit.AutoTests" name="[10] /home/travis/build/icyphy/ptII/ptolemy/domains/de/test/auto/ClockDriftAndValueChange.xml (RunModel)" time="0.03" />
  <testcase classname="ptolemy.util.test.junit.AutoTests" name="[11] /home/travis/build/icyphy/ptII/ptolemy/domains/de/test/auto/ClockDriftChange.xml (RunModel)" time="0.035" />
  <testcase classname="ptolemy.util.test.junit.AutoTests" name="[12] /home/travis/build/icyphy/ptII/ptolemy/domains/de/test/auto/ComposableCausalityAnalysis.xml (RunModel)" time="0.012" />
  <testcase classname="ptolemy.util.test.junit.AutoTests" name="[13] /home/travis/build/icyphy/ptII/ptolemy/domains/de/test/auto/DEFixedPointLimitation.xml (RunModel)" time="0.01" />
  <testcase classname="ptolemy.util.test.junit.AutoTests" name="[14] /home/travis/build/icyphy/ptII/ptolemy/domains/de/test/auto/DEScheduleTest.xml (RunModel)" time="0.025" />
  <testcase classname="ptolemy.util.test.junit.AutoTests" name="[15] /home/travis/build/icyphy/ptII/ptolemy/domains/de/test/auto/DEinDEwithStartTimes.xml (RunModel)" time="0.033" />
  <testcase classname="ptolemy.util.test.junit.AutoTests" name="[16] /home/travis/build/icyphy/ptII/ptolemy/domains/de/test/auto/DEinDEwithStartTimes2.xml (RunModel)" time="0.018" />
  <testcase classname="ptolemy.util.test.junit.AutoTests" name="[17] /home/travis/build/icyphy/ptII/ptolemy/domains/de/test/auto/DateDemo.xml (RunModel)" time="0.031" />
  <testcase classname="ptolemy.util.test.junit.AutoTests" name="[18] /home/travis/build/icyphy/ptII/ptolemy/domains/de/test/auto/DateToEvent.xml (RunModel)" time="2.042" />
  <testcase classname="ptolemy.util.test.junit.AutoTests" name="[19] /home/travis/build/icyphy/ptII/ptolemy/domains/de/test/auto/DepthTest1.xml (RunModel)" time="0.013" />
  <testcase classname="ptolemy.util.test.junit.AutoTests" name="[20] /home/travis/build/icyphy/ptII/ptolemy/domains/de/test/auto/DepthTest2.xml (RunModel)" time="0.021" />
  <testcase classname="ptolemy.util.test.junit.AutoTests" name="[21] /home/travis/build/icyphy/ptII/ptolemy/domains/de/test/auto/DepthTest3.xml (RunModel)" time="0.011" />
  <testcase classname="ptolemy.util.test.junit.AutoTests" name="[22] /home/travis/build/icyphy/ptII/ptolemy/domains/de/test/auto/DepthTest4.xml (RunModel)" time="0.024" />
  <testcase classname="ptolemy.util.test.junit.AutoTests" name="[23] /home/travis/build/icyphy/ptII/ptolemy/domains/de/test/auto/DepthTest5.xml (RunModel)" time="0.018" />
  <testcase classname="ptolemy.util.test.junit.AutoTests" name="[24] /home/travis/build/icyphy/ptII/ptolemy/domains/de/test/auto/DepthTest6.xml (RunModel)" time="0.02" />
  <testcase classname="ptolemy.util.test.junit.AutoTests" name="[25] /home/travis/build/icyphy/ptII/ptolemy/domains/de/test/auto/DepthTest7.xml (RunModel)" time="0.015" />
  <testcase classname="ptolemy.util.test.junit.AutoTests" name="[26] /home/travis/build/icyphy/ptII/ptolemy/domains/de/test/auto/EventToDate.xml (RunModel)" time="3.046" />
  <testcase classname="ptolemy.util.test.junit.AutoTests" name="[27] /home/travis/build/icyphy/ptII/ptolemy/domains/de/test/auto/FSM1.xml (RunModel)" time="0.043" />
  <testcase classname="ptolemy.util.test.junit.AutoTests" name="[28] /home/travis/build/icyphy/ptII/ptolemy/domains/de/test/auto/FSM7.xml (RunModel)" time="0.055" />
  <testcase classname="ptolemy.util.test.junit.AutoTests" name="[29] /home/travis/build/icyphy/ptII/ptolemy/domains/de/test/auto/Inspection.xml (RunModel)" time="0.053" />
  <testcase classname="ptolemy.util.test.junit.AutoTests" name="[30] /home/travis/build/icyphy/ptII/ptolemy/domains/de/test/auto/Iteration.xml (RunModel)" time="0.033" />
  <testcase classname="ptolemy.util.test.junit.AutoTests" name="[31] /home/travis/build/icyphy/ptII/ptolemy/domains/de/test/auto/LineFault.xml (RunModel)" time="0.836" />
  <testcase classname="ptolemy.util.test.junit.AutoTests" name="[32] /home/travis/build/icyphy/ptII/ptolemy/domains/de/test/auto/MergeModel1Add.xml (RunModel)" time="0.069" />
  <testcase classname="ptolemy.util.test.junit.AutoTests" name="[33] /home/travis/build/icyphy/ptII/ptolemy/domains/de/test/auto/MergeModel2Add.xml (RunModel)" time="0.058" />
  <testcase classname="ptolemy.util.test.junit.AutoTests" name="[34] /home/travis/build/icyphy/ptII/ptolemy/domains/de/test/auto/MergeModel3Add.xml (RunModel)" time="0.055" />
  <testcase classname="ptolemy.util.test.junit.AutoTests" name="[35] /home/travis/build/icyphy/ptII/ptolemy/domains/de/test/auto/MergeWithoutDiscard.xml (RunModel)" time="0.016" />
  <testcase classname="ptolemy.util.test.junit.AutoTests" name="[36] /home/travis/build/icyphy/ptII/ptolemy/domains/de/test/auto/Modal1.xml (RunModel)" time="0.04" />
  <testcase classname="ptolemy.util.test.junit.AutoTests" name="[37] /home/travis/build/icyphy/ptII/ptolemy/domains/de/test/auto/Modal2.xml (RunModel)" time="0.041" />
  <testcase classname="ptolemy.util.test.junit.AutoTests" name="[38] /home/travis/build/icyphy/ptII/ptolemy/domains/de/test/auto/Modal3.xml (RunModel)" time="0.047" />
  <testcase classname="ptolemy.util.test.junit.AutoTests" name="[39] /home/travis/build/icyphy/ptII/ptolemy/domains/de/test/auto/Modal4.xml (RunModel)" time="0.039" />
  <testcase classname="ptolemy.util.test.junit.AutoTests" name="[40] /home/travis/build/icyphy/ptII/ptolemy/domains/de/test/auto/Modal5.xml (RunModel)" time="0.04" />
  <testcase classname="ptolemy.util.test.junit.AutoTests" name="[41] /home/travis/build/icyphy/ptII/ptolemy/domains/de/test/auto/Modal6.xml (RunModel)" time="0.042" />
  <testcase classname="ptolemy.util.test.junit.AutoTests" name="[42] /home/travis/build/icyphy/ptII/ptolemy/domains/de/test/auto/Modal7.xml (RunModel)" time="0.041" />
  <testcase classname="ptolemy.util.test.junit.AutoTests" name="[43] /home/travis/build/icyphy/ptII/ptolemy/domains/de/test/auto/ModalModel.xml (RunModel)" time="0.261" />
  <testcase classname="ptolemy.util.test.junit.AutoTests" name="[44] /home/travis/build/icyphy/ptII/ptolemy/domains/de/test/auto/ModalSource.xml (RunModel)" time="0.023" />
  <testcase classname="ptolemy.util.test.junit.AutoTests" name="[45] /home/travis/build/icyphy/ptII/ptolemy/domains/de/test/auto/NonInterruptibleTimerZeroDelay.xml (RunModel)" time="0.015" />
  <testcase classname="ptolemy.util.test.junit.AutoTests" name="[46] /home/travis/build/icyphy/ptII/ptolemy/domains/de/test/auto/OpenQueueingNetwork.xml (RunModel)" time="3.248" />
  <testcase classname="ptolemy.util.test.junit.AutoTests" name="[47] /home/travis/build/icyphy/ptII/ptolemy/domains/de/test/auto/OpenQueuingNetwork.xml (RunModel)" time="0.446" />
  <testcase classname="ptolemy.util.test.junit.AutoTests" name="[48] /home/travis/build/icyphy/ptII/ptolemy/domains/de/test/auto/PeriodicSampler.xml (RunModel)" time="0.011" />
  <testcase classname="ptolemy.util.test.junit.AutoTests" name="[49] /home/travis/build/icyphy/ptII/ptolemy/domains/de/test/auto/PersistentIO.xml (RunModel)" time="0.024" />
  <testcase classname="ptolemy.util.test.junit.AutoTests" name="[50] /home/travis/build/icyphy/ptII/ptolemy/domains/de/test/auto/PortParameterResetOnInitialize.xml (RunModel)" time="0.011" />
  <testcase classname="ptolemy.util.test.junit.AutoTests" name="[51] /home/travis/build/icyphy/ptII/ptolemy/domains/de/test/auto/PortParameterUpdates.xml (RunModel)" time="0.017" />
  <testcase classname="ptolemy.util.test.junit.AutoTests" name="[52] /home/travis/build/icyphy/ptII/ptolemy/domains/de/test/auto/QueueAndServer.xml (RunModel)" time="0.023" />
  <testcase classname="ptolemy.util.test.junit.AutoTests" name="[53] /home/travis/build/icyphy/ptII/ptolemy/domains/de/test/auto/Records.xml (RunModel)" time="0.015" />
  <testcase classname="ptolemy.util.test.junit.AutoTests" name="[54] /home/travis/build/icyphy/ptII/ptolemy/domains/de/test/auto/ResetTransitionWithStartTime1.xml (RunModel)" time="0.025" />
  <testcase classname="ptolemy.util.test.junit.AutoTests" name="[55] /home/travis/build/icyphy/ptII/ptolemy/domains/de/test/auto/ResetTransitionWithStartTime2.xml (RunModel)" time="0.021" />
  <testcase classname="ptolemy.util.test.junit.AutoTests" name="[56] /home/travis/build/icyphy/ptII/ptolemy/domains/de/test/auto/ResetTransitionWithStartTime3.xml (RunModel)" time="0.022" />
  <testcase classname="ptolemy.util.test.junit.AutoTests" name="[57] /home/travis/build/icyphy/ptII/ptolemy/domains/de/test/auto/ResetTransitionWithStartTime4.xml (RunModel)" time="0.05" />
  <testcase classname="ptolemy.util.test.junit.AutoTests" name="[58] /home/travis/build/icyphy/ptII/ptolemy/domains/de/test/auto/ResettableTimer1.xml (RunModel)" time="0.013" />
  <testcase classname="ptolemy.util.test.junit.AutoTests" name="[59] /home/travis/build/icyphy/ptII/ptolemy/domains/de/test/auto/ResettableTimer2.xml (RunModel)" time="0.012" />
  <testcase classname="ptolemy.util.test.junit.AutoTests" name="[60] /home/travis/build/icyphy/ptII/ptolemy/domains/de/test/auto/ResettableTimer3.xml (RunModel)" time="0.011" />
  <testcase classname="ptolemy.util.test.junit.AutoTests" name="[61] /home/travis/build/icyphy/ptII/ptolemy/domains/de/test/auto/ResettableTimer4.xml (RunModel)" time="0.011" />
  <testcase classname="ptolemy.util.test.junit.AutoTests" name="[62] /home/travis/build/icyphy/ptII/ptolemy/domains/de/test/auto/ResettableTimer5.xml (RunModel)" time="0.013" />
  <testcase classname="ptolemy.util.test.junit.AutoTests" name="[63] /home/travis/build/icyphy/ptII/ptolemy/domains/de/test/auto/ResettableTimer6.xml (RunModel)" time="0.027" />
  <testcase classname="ptolemy.util.test.junit.AutoTests" name="[64] /home/travis/build/icyphy/ptII/ptolemy/domains/de/test/auto/ServerZeroDelay.xml (RunModel)" time="0.011" />
  <testcase classname="ptolemy.util.test.junit.AutoTests" name="[65] /home/travis/build/icyphy/ptII/ptolemy/domains/de/test/auto/SmartSender.xml (RunModel)" time="3.011" />
  <testcase classname="ptolemy.util.test.junit.AutoTests" name="[66] /home/travis/build/icyphy/ptII/ptolemy/domains/de/test/auto/ThreadedComposite.xml (RunModel)" time="0.225" />
  <testcase classname="ptolemy.util.test.junit.AutoTests" name="[67] /home/travis/build/icyphy/ptII/ptolemy/domains/de/test/auto/Time.xml (RunModel)" time="0.612" />
  <testcase classname="ptolemy.util.test.junit.AutoTests" name="[68] /home/travis/build/icyphy/ptII/ptolemy/domains/de/test/auto/TimeDelayZeroDelay.xml (RunModel)" time="0.013" />
  <testcase classname="ptolemy.util.test.junit.AutoTests" name="[69] /home/travis/build/icyphy/ptII/ptolemy/domains/de/test/auto/TimerZeroDelay.xml (RunModel)" time="0.012" />
  <testcase classname="ptolemy.util.test.junit.AutoTests" name="[70] /home/travis/build/icyphy/ptII/ptolemy/domains/de/test/auto/TimingParadox.xml (RunModel)" time="0.481" />
  <testcase classname="ptolemy.util.test.junit.AutoTests" name="[71] /home/travis/build/icyphy/ptII/ptolemy/domains/de/test/auto/TransferInputs.xml (RunModel)" time="0.021" />
  <testcase classname="ptolemy.util.test.junit.AutoTests" name="[72] /home/travis/build/icyphy/ptII/ptolemy/domains/de/test/auto/TransferOutputs2.xml (RunModel)" time="0.023" />
  <testcase classname="ptolemy.util.test.junit.AutoTests" name="[73] /home/travis/build/icyphy/ptII/ptolemy/domains/de/test/auto/Trilateration.xml (RunModel)" time="14.078" />
  <testcase classname="ptolemy.util.test.junit.AutoTests" name="[74] /home/travis/build/icyphy/ptII/ptolemy/domains/de/test/auto/TwoSigmaDelta.xml (RunModel)" time="2.654" />
  <testcase classname="ptolemy.util.test.junit.AutoTests" name="[75] /home/travis/build/icyphy/ptII/ptolemy/domains/de/test/auto/VariableDelay.xml (RunModel)" time="0.018" />
  <testcase classname="ptolemy.util.test.junit.AutoTests" name="[76] /home/travis/build/icyphy/ptII/ptolemy/domains/de/test/auto/VariableDelay2.xml (RunModel)" time="0.011" />
  <testcase classname="ptolemy.util.test.junit.AutoTests" name="[77] /home/travis/build/icyphy/ptII/ptolemy/domains/de/test/auto/VariableDelayZeroDelay.xml (RunModel)" time="0.019" />
  <testcase classname="ptolemy.util.test.junit.AutoTests" name="[78] /home/travis/build/icyphy/ptII/ptolemy/domains/de/test/auto/VariableDelayZeroDelay2.xml (RunModel)" time="0.025" />
  <testcase classname="ptolemy.util.test.junit.AutoTests" name="[79] /home/travis/build/icyphy/ptII/ptolemy/domains/de/test/auto/deInCt.xml (RunModel)" time="0.021" />
  <testcase classname="ptolemy.util.test.junit.AutoTests" name="[80] /home/travis/build/icyphy/ptII/ptolemy/domains/de/test/auto/deInCt2.xml (RunModel)" time="0.019" />
  <testcase classname="ptolemy.util.test.junit.AutoTests" name="[81] /home/travis/build/icyphy/ptII/ptolemy/domains/de/test/auto/dynamicCausalityInterface1.xml (RunModel)" time="0.03" />
  <testcase classname="ptolemy.util.test.junit.AutoTests" name="[82] /home/travis/build/icyphy/ptII/ptolemy/domains/de/test/auto/fsm_de_test.xml (RunModel)" time="0.036" />
  <testcase classname="ptolemy.util.test.junit.AutoTests" name="[83] /home/travis/build/icyphy/ptII/ptolemy/domains/de/test/auto/functionDependencyReconstruction.xml (RunModel)" time="0.05" />
  <testcase classname="ptolemy.util.test.junit.AutoTests" name="[84] /home/travis/build/icyphy/ptII/ptolemy/domains/de/test/auto/multirate.xml (RunModel)" time="0.025" />
  <testcase classname="ptolemy.util.test.junit.AutoTests" name="[85] /home/travis/build/icyphy/ptII/ptolemy/domains/de/test/auto/multirate2.xml (RunModel)" time="0.022" />
  <testcase classname="ptolemy.util.test.junit.AutoTests" name="[86] /home/travis/build/icyphy/ptII/ptolemy/domains/de/test/auto/realtime.xml (RunModel)" time="10.016" />
  <testcase classname="ptolemy.util.test.junit.AutoTests" name="[87] /home/travis/build/icyphy/ptII/ptolemy/domains/de/test/auto/relationGroup.xml (RunModel)" time="0.009" />
  <testcase classname="ptolemy.util.test.junit.AutoTests" name="[88] /home/travis/build/icyphy/ptII/ptolemy/domains/de/test/auto/relationGroup2.xml (RunModel)" time="0.005" />
  <testcase classname="ptolemy.util.test.junit.AutoTests" name="[89] /home/travis/build/icyphy/ptII/ptolemy/domains/de/test/auto/sortWithOpaquePorts.xml (RunModel)" time="0.007" />
  <testcase classname="ptolemy.util.test.junit.AutoTests" name="[90] /home/travis/build/icyphy/ptII/ptolemy/domains/de/test/auto/transferInputsandOutputs.xml (RunModel)" time="0.015" />
  <testcase classname="ptolemy.util.test.junit.AutoTests" name="[91] /home/travis/build/icyphy/ptII/ptolemy/domains/de/test/auto/triggerType.xml (RunModel)" time="0.011" />
  <system-out><![CDATA[/home/travis/build/icyphy/ptII/ptolemy/domains/de/test/DependencyLoop.tcl
testDefs.tcl: setting time out to 9000 seconds at Sun May 27 01:19:01 UTC 2018
17 ms. Memory: 116224K Free: 95063K (82%)
8 ms. Memory: 116224K Free: 107636K (93%)
/home/travis/build/icyphy/ptII/ptolemy/domains/de/test/RunDETestsAsQSS.tcl
Run the DE tests using ptolemy.domains.qss.test.QSSDirectorTest, which extends QSSDirector and prints a message in the constructors.
------------------ testing $PTII/ptolemy/domains/de/test/auto/knownFailedTests/dependencyLoop.xml (Known Failure) 
14 ms. Memory: 116224K Free: 104480K (90%)


==== $PTIIhome/travis/build/icyphy/ptII/ptolemy/domains/de/test/../../../../: Auto Automatic test in file $PTII/ptolemy/domains/de/test/auto/knownFailedTests/dependencyLoop.xml
==== Contents of test case:

	    # FIXME: we should use $relativeFilename here, but it
	    # might have backslashes under Windows, which causes no end
	    # of trouble.
	    createAndExecute $file
	    list {}
	
.... Test generated KNOWN error:
    while executing
ptolemy.kernel.util.IllegalActionException: Found a zero delay loop containing .dependencyLoop.original
  in .dependencyLoop and .dependencyLoop.original
	at ptolemy.actor.util.CausalityInterfaceForComposites._computeOutputPortDepth(CausalityInterfaceForComposites.java:759)
	at ptolemy.actor.util.CausalityInterfaceForComposites._computeInputDepth(CausalityInterfaceForComposites.java:696)
	at ptolemy.actor.util.CausalityInterfaceForComposites._computeOutputPortDepth(CausalityInterfaceForComposites.java:765)
	at ptolemy.actor.util.CausalityInterfaceForComposites._computeInputDepth(CausalityInterfaceForComposites.java:696)
	at ptolemy.actor.util.CausalityInterfaceForComposites._computeOutputPortDepth(CausalityInterfaceForComposites.java:765)
	at ptolemy.actor.util.CausalityInterfaceForComposites._computeInputDepth(CausalityInterfaceForComposites.java:696)
	at ptolemy.actor.util.CausalityInterfaceForComposites._computeActorDepth(CausalityInterfaceForComposites.java:532)
	at ptolemy.actor.util.CausalityInterfaceForComposites.checkForCycles(CausalityInterfaceForComposites.java:96)
	at ptolemy.domains.de.kernel.DEDirector.preinitialize(DEDirector.java:1337)
	at ptolemy.actor.CompositeActor.preinitialize(CompositeActor.java:1828)
	at ptolemy.actor.Manager.preinitializeAndResolveTypes(Manager.java:1040)
	at ptolemy.actor.Manager.initialize(Manager.java:710)
	at ptolemy.actor.Manager.execute(Manager.java:356)
	at ptolemy.actor.Manager.run(Manager.java:1263)
	at ptolemy.actor.Manager$PtolemyRunThread.run(Manager.java:1915)

    while executing
ptolemy.kernel.util.IllegalActionException: Found a zero delay loop containing .dependencyLoop.original
  in .dependencyLoop and .dependencyLoop.original
    while executing
"java::new ptolemy.moml.MoMLSimpleApplication $file
"
    (procedure "createAndExecute" line 2)
    invoked from within
"createAndExecute $file"
    ("uplevel" body line 5)
    invoked from within
"uplevel $contents_of_test"
------------------ testing $PTII/ptolemy/domains/de/test/auto/knownFailedTests/DESDFClockTest.xml (Known Failure) 
2114 ms. Memory: 116224K Free: 89437K (77%)


==== $PTIIhome/travis/build/icyphy/ptII/ptolemy/domains/de/test/../../../../: Auto Automatic test in file $PTII/ptolemy/domains/de/test/auto/knownFailedTests/DESDFClockTest.xml
==== Contents of test case:

	    # FIXME: we should use $relativeFilename here, but it
	    # might have backslashes under Windows, which causes no end
	    # of trouble.
	    createAndExecute $file
	    list {}
	
.... Test generated KNOWN error:
    while executing
ptolemy.kernel.util.IllegalActionException: Actor is not ready to fire.  Perhaps UpSample.prefire() returned false? Try debugging the actor by selecting "Listen to Actor".  Also, for SDF check moml for tokenConsumptionRate on input.
  in .DESDFClockTest.Play Bell.Copy1:SDF Director and .DESDFClockTest.Play Bell.UpSample
	at ptolemy.actor.sched.StaticSchedulingDirector.fire(StaticSchedulingDirector.java:227)
	at ptolemy.domains.sdf.kernel.SDFDirector.fire(SDFDirector.java:500)
	at ptolemy.actor.CompositeActor.fire(CompositeActor.java:455)
	at ptolemy.domains.de.kernel.DEDirector._fire(DEDirector.java:1948)
	at ptolemy.domains.de.kernel.DEDirector.fire(DEDirector.java:502)
	at ptolemy.actor.CompositeActor.fire(CompositeActor.java:455)
	at ptolemy.actor.Manager.iterate(Manager.java:851)
	at ptolemy.actor.Manager.execute(Manager.java:369)
	at ptolemy.actor.Manager.run(Manager.java:1263)
	at ptolemy.actor.Manager$PtolemyRunThread.run(Manager.java:1915)

    while executing
ptolemy.kernel.util.IllegalActionException: Actor is not ready to fire.  Perhaps UpSample.prefire() returned false? Try debugging the actor by selecting "Listen to Actor".  Also, for SDF check moml for tokenConsumptionRate on input.
  in .DESDFClockTest.Play Bell.Copy1:SDF Director and .DESDFClockTest.Play Bell.UpSample
    while executing
"java::new ptolemy.moml.MoMLSimpleApplication $file
"
    (procedure "createAndExecute" line 2)
    invoked from within
"createAndExecute $file"
    ("uplevel" body line 5)
    invoked from within
"uplevel $contents_of_test"
------------------ testing $PTII/ptolemy/domains/de/test/auto/knownFailedTests/FSMSource.xml (Known Failure) 
49 ms. Memory: 116224K Free: 111894K (96%)
!!!! Auto was marked as failing, but now passes
------------------ testing $PTII/ptolemy/domains/de/test/auto/knownFailedTests/dependencyLoop2.xml (Known Failure) 
12 ms. Memory: 116224K Free: 94416K (81%)


==== $PTIIhome/travis/build/icyphy/ptII/ptolemy/domains/de/test/../../../../: Auto Automatic test in file $PTII/ptolemy/domains/de/test/auto/knownFailedTests/dependencyLoop2.xml
==== Contents of test case:

	    # FIXME: we should use $relativeFilename here, but it
	    # might have backslashes under Windows, which causes no end
	    # of trouble.
	    createAndExecute $file
	    list {}
	
.... Test generated KNOWN error:
    while executing
ptolemy.kernel.util.IllegalActionException: Found a zero delay loop containing .dependencyLoop2.original
  in .dependencyLoop2 and .dependencyLoop2.original
	at ptolemy.actor.util.CausalityInterfaceForComposites._computeOutputPortDepth(CausalityInterfaceForComposites.java:759)
	at ptolemy.actor.util.CausalityInterfaceForComposites._computeInputDepth(CausalityInterfaceForComposites.java:696)
	at ptolemy.actor.util.CausalityInterfaceForComposites._computeOutputPortDepth(CausalityInterfaceForComposites.java:765)
	at ptolemy.actor.util.CausalityInterfaceForComposites._computeInputDepth(CausalityInterfaceForComposites.java:696)
	at ptolemy.actor.util.CausalityInterfaceForComposites._computeOutputPortDepth(CausalityInterfaceForComposites.java:765)
	at ptolemy.actor.util.CausalityInterfaceForComposites._computeInputDepth(CausalityInterfaceForComposites.java:696)
	at ptolemy.actor.util.CausalityInterfaceForComposites._computeActorDepth(CausalityInterfaceForComposites.java:532)
	at ptolemy.actor.util.CausalityInterfaceForComposites.checkForCycles(CausalityInterfaceForComposites.java:96)
	at ptolemy.domains.de.kernel.DEDirector.preinitialize(DEDirector.java:1337)
	at ptolemy.actor.CompositeActor.preinitialize(CompositeActor.java:1828)
	at ptolemy.actor.Manager.preinitializeAndResolveTypes(Manager.java:1040)
	at ptolemy.actor.Manager.initialize(Manager.java:710)
	at ptolemy.actor.Manager.execute(Manager.java:356)
	at ptolemy.actor.Manager.run(Manager.java:1263)
	at ptolemy.actor.Manager$PtolemyRunThread.run(Manager.java:1915)

    while executing
ptolemy.kernel.util.IllegalActionException: Found a zero delay loop containing .dependencyLoop2.original
  in .dependencyLoop2 and .dependencyLoop2.original
    while executing
"java::new ptolemy.moml.MoMLSimpleApplication $file
"
    (procedure "createAndExecute" line 2)
    invoked from within
"createAndExecute $file"
    ("uplevel" body line 5)
    invoked from within
"uplevel $contents_of_test"
------------------ testing $PTII/ptolemy/domains/de/test/auto/knownFailedTests/HierarchicalModel.xml (Known Failure) 
32 ms. Memory: 146944K Free: 135558K (92%)


==== $PTIIhome/travis/build/icyphy/ptII/ptolemy/domains/de/test/../../../../: Auto Automatic test in file $PTII/ptolemy/domains/de/test/auto/knownFailedTests/HierarchicalModel.xml
==== Contents of test case:

	    # FIXME: we should use $relativeFilename here, but it
	    # might have backslashes under Windows, which causes no end
	    # of trouble.
	    createAndExecute $file
	    list {}
	
.... Test generated KNOWN error:
    while executing
ptolemy.kernel.util.IllegalActionException: Found a zero delay loop containing .HierarchicalModel.A
  in .HierarchicalModel and .HierarchicalModel.A
	at ptolemy.actor.util.CausalityInterfaceForComposites._computeOutputPortDepth(CausalityInterfaceForComposites.java:759)
	at ptolemy.actor.util.CausalityInterfaceForComposites._computeInputDepth(CausalityInterfaceForComposites.java:696)
	at ptolemy.actor.util.CausalityInterfaceForComposites._computeOutputPortDepth(CausalityInterfaceForComposites.java:765)
	at ptolemy.actor.util.CausalityInterfaceForComposites._computeInputDepth(CausalityInterfaceForComposites.java:696)
	at ptolemy.actor.util.CausalityInterfaceForComposites._computeOutputPortDepth(CausalityInterfaceForComposites.java:765)
	at ptolemy.actor.util.CausalityInterfaceForComposites._computeInputDepth(CausalityInterfaceForComposites.java:696)
	at ptolemy.actor.util.CausalityInterfaceForComposites._computeActorDepth(CausalityInterfaceForComposites.java:532)
	at ptolemy.actor.util.CausalityInterfaceForComposites.checkForCycles(CausalityInterfaceForComposites.java:96)
	at ptolemy.domains.de.kernel.DEDirector.preinitialize(DEDirector.java:1337)
	at ptolemy.actor.CompositeActor.preinitialize(CompositeActor.java:1828)
	at ptolemy.actor.Manager.preinitializeAndResolveTypes(Manager.java:1040)
	at ptolemy.actor.Manager.initialize(Manager.java:710)
	at ptolemy.actor.Manager.execute(Manager.java:356)
	at ptolemy.actor.Manager.run(Manager.java:1263)
	at ptolemy.actor.Manager$PtolemyRunThread.run(Manager.java:1915)

    while executing
ptolemy.kernel.util.IllegalActionException: Found a zero delay loop containing .HierarchicalModel.A
  in .HierarchicalModel and .HierarchicalModel.A
    while executing
"java::new ptolemy.moml.MoMLSimpleApplication $file
"
    (procedure "createAndExecute" line 2)
    invoked from within
"createAndExecute $file"
    ("uplevel" body line 5)
    invoked from within
"uplevel $contents_of_test"
------------------ testing $PTII/ptolemy/domains/de/test/auto/knownFailedTests/DirectFeedback.xml (Known Failure) 
12 ms. Memory: 146944K Free: 130506K (89%)


==== $PTIIhome/travis/build/icyphy/ptII/ptolemy/domains/de/test/../../../../: Auto Automatic test in file $PTII/ptolemy/domains/de/test/auto/knownFailedTests/DirectFeedback.xml
==== Contents of test case:

	    # FIXME: we should use $relativeFilename here, but it
	    # might have backslashes under Windows, which causes no end
	    # of trouble.
	    createAndExecute $file
	    list {}
	
.... Test generated KNOWN error:
    while executing
ptolemy.kernel.util.IllegalActionException: Test fails in iteration 1.
Value was: 1.0. Should have been: 2.0
  in .DirectFeedback.Test
	at ptolemy.actor.lib.Test.fire(Test.java:268)
	at ptolemy.domains.de.kernel.DEDirector._fire(DEDirector.java:1948)
	at ptolemy.domains.de.kernel.DEDirector.fire(DEDirector.java:502)
	at ptolemy.actor.CompositeActor.fire(CompositeActor.java:455)
	at ptolemy.actor.Manager.iterate(Manager.java:851)
	at ptolemy.actor.Manager.execute(Manager.java:369)
	at ptolemy.actor.Manager.run(Manager.java:1263)
	at ptolemy.actor.Manager$PtolemyRunThread.run(Manager.java:1915)

    while executing
ptolemy.kernel.util.IllegalActionException: Test fails in iteration 1.
Value was: 1.0. Should have been: 2.0
  in .DirectFeedback.Test
    while executing
"java::new ptolemy.moml.MoMLSimpleApplication $file
"
    (procedure "createAndExecute" line 2)
    invoked from within
"createAndExecute $file"
    ("uplevel" body line 5)
    invoked from within
"uplevel $contents_of_test"
------------------ testing $PTII/ptolemy/domains/de/test/auto/ActorDepthCalculation_actorWithoutPorts.xml
auto.tcl: Setting watchdog for 200 seconds at Sun May 27 01:19:05 UTC 2018
13 ms. Memory: 146944K Free: 121697K (83%)
ptolemy.util.test.WatchDog.cancel(): canceling Sun May 27 01:19:05 UTC 2018
auto.tcl: Setting watchdog for 200 seconds at Sun May 27 01:19:05 UTC 2018
11 ms. Memory: 146944K Free: 120638K (82%)
ptolemy.util.test.WatchDog.cancel(): canceling Sun May 27 01:19:05 UTC 2018
------------------ testing $PTII/ptolemy/domains/de/test/auto/AssemblyLine.xml
auto.tcl: Setting watchdog for 200 seconds at Sun May 27 01:19:05 UTC 2018
11 ms. Memory: 146944K Free: 129252K (88%)
ptolemy.util.test.WatchDog.cancel(): canceling Sun May 27 01:19:06 UTC 2018
auto.tcl: Setting watchdog for 200 seconds at Sun May 27 01:19:06 UTC 2018
7 ms. Memory: 146944K Free: 128211K (87%)
ptolemy.util.test.WatchDog.cancel(): canceling Sun May 27 01:19:06 UTC 2018
------------------ testing $PTII/ptolemy/domains/de/test/auto/CQBug1.xml
auto.tcl: Setting watchdog for 200 seconds at Sun May 27 01:19:06 UTC 2018
3 ms. Memory: 146944K Free: 138337K (94%)
ptolemy.util.test.WatchDog.cancel(): canceling Sun May 27 01:19:06 UTC 2018
auto.tcl: Setting watchdog for 200 seconds at Sun May 27 01:19:06 UTC 2018
2 ms. Memory: 146944K Free: 138337K (94%)
ptolemy.util.test.WatchDog.cancel(): canceling Sun May 27 01:19:06 UTC 2018
------------------ testing $PTII/ptolemy/domains/de/test/auto/CancelFireAt.xml
auto.tcl: Setting watchdog for 200 seconds at Sun May 27 01:19:06 UTC 2018
3 ms. Memory: 146944K Free: 139376K (95%)
ptolemy.util.test.WatchDog.cancel(): canceling Sun May 27 01:19:06 UTC 2018
auto.tcl: Setting watchdog for 200 seconds at Sun May 27 01:19:06 UTC 2018
2 ms. Memory: 146944K Free: 139376K (95%)
ptolemy.util.test.WatchDog.cancel(): canceling Sun May 27 01:19:06 UTC 2018
------------------ testing $PTII/ptolemy/domains/de/test/auto/CausalityAndComposabilityAnalysis.xml
auto.tcl: Setting watchdog for 200 seconds at Sun May 27 01:19:06 UTC 2018
12 ms. Memory: 146944K Free: 136986K (93%)
ptolemy.util.test.WatchDog.cancel(): canceling Sun May 27 01:19:06 UTC 2018
auto.tcl: Setting watchdog for 200 seconds at Sun May 27 01:19:06 UTC 2018
7 ms. Memory: 146944K Free: 136986K (93%)
ptolemy.util.test.WatchDog.cancel(): canceling Sun May 27 01:19:06 UTC 2018
------------------ testing $PTII/ptolemy/domains/de/test/auto/CausalityInterface1.xml
auto.tcl: Setting watchdog for 200 seconds at Sun May 27 01:19:06 UTC 2018
21 ms. Memory: 146944K Free: 136309K (93%)
ptolemy.util.test.WatchDog.cancel(): canceling Sun May 27 01:19:06 UTC 2018
auto.tcl: Setting watchdog for 200 seconds at Sun May 27 01:19:06 UTC 2018
5 ms. Memory: 146944K Free: 136309K (93%)
ptolemy.util.test.WatchDog.cancel(): canceling Sun May 27 01:19:06 UTC 2018
------------------ testing $PTII/ptolemy/domains/de/test/auto/CausalityInterface15.xml
auto.tcl: Setting watchdog for 200 seconds at Sun May 27 01:19:06 UTC 2018
17 ms. Memory: 146944K Free: 135260K (92%)
ptolemy.util.test.WatchDog.cancel(): canceling Sun May 27 01:19:06 UTC 2018
auto.tcl: Setting watchdog for 200 seconds at Sun May 27 01:19:06 UTC 2018
7 ms. Memory: 146944K Free: 134218K (91%)
ptolemy.util.test.WatchDog.cancel(): canceling Sun May 27 01:19:06 UTC 2018
------------------ testing $PTII/ptolemy/domains/de/test/auto/CausalityInterface2.xml
auto.tcl: Setting watchdog for 200 seconds at Sun May 27 01:19:06 UTC 2018
9 ms. Memory: 146944K Free: 136285K (93%)
ptolemy.util.test.WatchDog.cancel(): canceling Sun May 27 01:19:06 UTC 2018
auto.tcl: Setting watchdog for 200 seconds at Sun May 27 01:19:06 UTC 2018
3 ms. Memory: 146944K Free: 136285K (93%)
ptolemy.util.test.WatchDog.cancel(): canceling Sun May 27 01:19:06 UTC 2018
------------------ testing $PTII/ptolemy/domains/de/test/auto/CausalityInterface3.xml
auto.tcl: Setting watchdog for 200 seconds at Sun May 27 01:19:06 UTC 2018
7 ms. Memory: 146944K Free: 136406K (93%)
ptolemy.util.test.WatchDog.cancel(): canceling Sun May 27 01:19:06 UTC 2018
auto.tcl: Setting watchdog for 200 seconds at Sun May 27 01:19:06 UTC 2018
3 ms. Memory: 146944K Free: 135255K (92%)
ptolemy.util.test.WatchDog.cancel(): canceling Sun May 27 01:19:06 UTC 2018
------------------ testing $PTII/ptolemy/domains/de/test/auto/ClockDrift.xml
auto.tcl: Setting watchdog for 200 seconds at Sun May 27 01:19:07 UTC 2018
87 ms. Memory: 146944K Free: 128193K (87%)
ptolemy.util.test.WatchDog.cancel(): canceling Sun May 27 01:19:07 UTC 2018
auto.tcl: Setting watchdog for 200 seconds at Sun May 27 01:19:07 UTC 2018
102 ms. Memory: 146944K Free: 125069K (85%)
ptolemy.util.test.WatchDog.cancel(): canceling Sun May 27 01:19:07 UTC 2018
------------------ testing $PTII/ptolemy/domains/de/test/auto/ClockDriftAndValueChange.xml
auto.tcl: Setting watchdog for 200 seconds at Sun May 27 01:19:07 UTC 2018
57 ms. Memory: 146944K Free: 128023K (87%)
ptolemy.util.test.WatchDog.cancel(): canceling Sun May 27 01:19:07 UTC 2018
auto.tcl: Setting watchdog for 200 seconds at Sun May 27 01:19:07 UTC 2018
53 ms. Memory: 146944K Free: 124900K (85%)
ptolemy.util.test.WatchDog.cancel(): canceling Sun May 27 01:19:07 UTC 2018
------------------ testing $PTII/ptolemy/domains/de/test/auto/ClockDriftChange.xml
auto.tcl: Setting watchdog for 200 seconds at Sun May 27 01:19:07 UTC 2018
55 ms. Memory: 146944K Free: 130703K (89%)
ptolemy.util.test.WatchDog.cancel(): canceling Sun May 27 01:19:07 UTC 2018
auto.tcl: Setting watchdog for 200 seconds at Sun May 27 01:19:07 UTC 2018
36 ms. Memory: 146944K Free: 127579K (87%)
ptolemy.util.test.WatchDog.cancel(): canceling Sun May 27 01:19:07 UTC 2018
------------------ testing $PTII/ptolemy/domains/de/test/auto/ComposableCausalityAnalysis.xml
auto.tcl: Setting watchdog for 200 seconds at Sun May 27 01:19:07 UTC 2018
3 ms. Memory: 146944K Free: 135111K (92%)
ptolemy.util.test.WatchDog.cancel(): canceling Sun May 27 01:19:07 UTC 2018
auto.tcl: Setting watchdog for 200 seconds at Sun May 27 01:19:07 UTC 2018
3 ms. Memory: 146944K Free: 134070K (91%)
ptolemy.util.test.WatchDog.cancel(): canceling Sun May 27 01:19:07 UTC 2018
------------------ testing $PTII/ptolemy/domains/de/test/auto/DEFixedPointLimitation.xml
auto.tcl: Setting watchdog for 200 seconds at Sun May 27 01:19:07 UTC 2018
6 ms. Memory: 146944K Free: 136233K (93%)
ptolemy.util.test.WatchDog.cancel(): canceling Sun May 27 01:19:07 UTC 2018
auto.tcl: Setting watchdog for 200 seconds at Sun May 27 01:19:07 UTC 2018
2 ms. Memory: 146944K Free: 136233K (93%)
ptolemy.util.test.WatchDog.cancel(): canceling Sun May 27 01:19:07 UTC 2018
------------------ testing $PTII/ptolemy/domains/de/test/auto/DEScheduleTest.xml
auto.tcl: Setting watchdog for 200 seconds at Sun May 27 01:19:07 UTC 2018
8 ms. Memory: 146944K Free: 137309K (93%)
ptolemy.util.test.WatchDog.cancel(): canceling Sun May 27 01:19:08 UTC 2018
auto.tcl: Setting watchdog for 200 seconds at Sun May 27 01:19:08 UTC 2018
4 ms. Memory: 146944K Free: 136268K (93%)
ptolemy.util.test.WatchDog.cancel(): canceling Sun May 27 01:19:08 UTC 2018
------------------ testing $PTII/ptolemy/domains/de/test/auto/DEinDEwithStartTimes.xml
auto.tcl: Setting watchdog for 200 seconds at Sun May 27 01:19:08 UTC 2018
4 ms. Memory: 146944K Free: 135196K (92%)
ptolemy.util.test.WatchDog.cancel(): canceling Sun May 27 01:19:08 UTC 2018
auto.tcl: Setting watchdog for 200 seconds at Sun May 27 01:19:08 UTC 2018
6 ms. Memory: 146944K Free: 134155K (91%)
ptolemy.util.test.WatchDog.cancel(): canceling Sun May 27 01:19:08 UTC 2018
------------------ testing $PTII/ptolemy/domains/de/test/auto/DEinDEwithStartTimes2.xml
auto.tcl: Setting watchdog for 200 seconds at Sun May 27 01:19:08 UTC 2018
9 ms. Memory: 146944K Free: 135285K (92%)
ptolemy.util.test.WatchDog.cancel(): canceling Sun May 27 01:19:08 UTC 2018
auto.tcl: Setting watchdog for 200 seconds at Sun May 27 01:19:08 UTC 2018
6 ms. Memory: 146944K Free: 134243K (91%)
ptolemy.util.test.WatchDog.cancel(): canceling Sun May 27 01:19:08 UTC 2018
------------------ testing $PTII/ptolemy/domains/de/test/auto/DateDemo.xml
auto.tcl: Setting watchdog for 200 seconds at Sun May 27 01:19:08 UTC 2018
15 ms. Memory: 146944K Free: 129330K (88%)
ptolemy.util.test.WatchDog.cancel(): canceling Sun May 27 01:19:08 UTC 2018
auto.tcl: Setting watchdog for 200 seconds at Sun May 27 01:19:08 UTC 2018
13 ms. Memory: 146944K Free: 127248K (87%)
ptolemy.util.test.WatchDog.cancel(): canceling Sun May 27 01:19:08 UTC 2018
------------------ testing $PTII/ptolemy/domains/de/test/auto/DateToEvent.xml
auto.tcl: Setting watchdog for 200 seconds at Sun May 27 01:19:08 UTC 2018
2018 ms. Memory: 146944K Free: 122444K (83%)
ptolemy.util.test.WatchDog.cancel(): canceling Sun May 27 01:19:10 UTC 2018
auto.tcl: Setting watchdog for 200 seconds at Sun May 27 01:19:10 UTC 2018
2006 ms. Memory: 146944K Free: 121403K (83%)
ptolemy.util.test.WatchDog.cancel(): canceling Sun May 27 01:19:12 UTC 2018
------------------ testing $PTII/ptolemy/domains/de/test/auto/DepthTest1.xml
auto.tcl: Setting watchdog for 200 seconds at Sun May 27 01:19:12 UTC 2018
4 ms. Memory: 146944K Free: 138605K (94%)
ptolemy.util.test.WatchDog.cancel(): canceling Sun May 27 01:19:12 UTC 2018
auto.tcl: Setting watchdog for 200 seconds at Sun May 27 01:19:12 UTC 2018
2 ms. Memory: 146944K Free: 138605K (94%)
ptolemy.util.test.WatchDog.cancel(): canceling Sun May 27 01:19:12 UTC 2018
------------------ testing $PTII/ptolemy/domains/de/test/auto/DepthTest2.xml
auto.tcl: Setting watchdog for 200 seconds at Sun May 27 01:19:12 UTC 2018
5 ms. Memory: 146944K Free: 134193K (91%)
ptolemy.util.test.WatchDog.cancel(): canceling Sun May 27 01:19:12 UTC 2018
auto.tcl: Setting watchdog for 200 seconds at Sun May 27 01:19:12 UTC 2018
3 ms. Memory: 146944K Free: 134193K (91%)
ptolemy.util.test.WatchDog.cancel(): canceling Sun May 27 01:19:12 UTC 2018
------------------ testing $PTII/ptolemy/domains/de/test/auto/DepthTest3.xml
auto.tcl: Setting watchdog for 200 seconds at Sun May 27 01:19:12 UTC 2018
3 ms. Memory: 146944K Free: 138806K (94%)
ptolemy.util.test.WatchDog.cancel(): canceling Sun May 27 01:19:12 UTC 2018
auto.tcl: Setting watchdog for 200 seconds at Sun May 27 01:19:12 UTC 2018
2 ms. Memory: 146944K Free: 138806K (94%)
ptolemy.util.test.WatchDog.cancel(): canceling Sun May 27 01:19:12 UTC 2018
------------------ testing $PTII/ptolemy/domains/de/test/auto/DepthTest4.xml
auto.tcl: Setting watchdog for 200 seconds at Sun May 27 01:19:12 UTC 2018
8 ms. Memory: 146944K Free: 136210K (93%)
ptolemy.util.test.WatchDog.cancel(): canceling Sun May 27 01:19:12 UTC 2018
auto.tcl: Setting watchdog for 200 seconds at Sun May 27 01:19:12 UTC 2018
2 ms. Memory: 146944K Free: 135153K (92%)
ptolemy.util.test.WatchDog.cancel(): canceling Sun May 27 01:19:12 UTC 2018
------------------ testing $PTII/ptolemy/domains/de/test/auto/DepthTest5.xml
auto.tcl: Setting watchdog for 200 seconds at Sun May 27 01:19:12 UTC 2018
3 ms. Memory: 146944K Free: 135092K (92%)
ptolemy.util.test.WatchDog.cancel(): canceling Sun May 27 01:19:12 UTC 2018
auto.tcl: Setting watchdog for 200 seconds at Sun May 27 01:19:12 UTC 2018
4 ms. Memory: 146944K Free: 135092K (92%)
ptolemy.util.test.WatchDog.cancel(): canceling Sun May 27 01:19:12 UTC 2018
------------------ testing $PTII/ptolemy/domains/de/test/auto/DepthTest6.xml
auto.tcl: Setting watchdog for 200 seconds at Sun May 27 01:19:13 UTC 2018
14 ms. Memory: 146944K Free: 135171K (92%)
ptolemy.util.test.WatchDog.cancel(): canceling Sun May 27 01:19:13 UTC 2018
auto.tcl: Setting watchdog for 200 seconds at Sun May 27 01:19:13 UTC 2018
2 ms. Memory: 146944K Free: 135171K (92%)
ptolemy.util.test.WatchDog.cancel(): canceling Sun May 27 01:19:13 UTC 2018
------------------ testing $PTII/ptolemy/domains/de/test/auto/DepthTest7.xml
auto.tcl: Setting watchdog for 200 seconds at Sun May 27 01:19:13 UTC 2018
4 ms. Memory: 146944K Free: 136100K (93%)
ptolemy.util.test.WatchDog.cancel(): canceling Sun May 27 01:19:13 UTC 2018
auto.tcl: Setting watchdog for 200 seconds at Sun May 27 01:19:13 UTC 2018
3 ms. Memory: 146944K Free: 135058K (92%)
ptolemy.util.test.WatchDog.cancel(): canceling Sun May 27 01:19:13 UTC 2018
------------------ testing $PTII/ptolemy/domains/de/test/auto/EventToDate.xml
auto.tcl: Setting watchdog for 200 seconds at Sun May 27 01:19:13 UTC 2018
3011 ms. Memory: 146944K Free: 125660K (86%)
ptolemy.util.test.WatchDog.cancel(): canceling Sun May 27 01:19:16 UTC 2018
auto.tcl: Setting watchdog for 200 seconds at Sun May 27 01:19:16 UTC 2018
3004 ms. Memory: 146944K Free: 125660K (86%)
ptolemy.util.test.WatchDog.cancel(): canceling Sun May 27 01:19:19 UTC 2018
------------------ testing $PTII/ptolemy/domains/de/test/auto/FSM1.xml
auto.tcl: Setting watchdog for 200 seconds at Sun May 27 01:19:19 UTC 2018
44 ms. Memory: 146944K Free: 126852K (86%)
ptolemy.util.test.WatchDog.cancel(): canceling Sun May 27 01:19:19 UTC 2018
auto.tcl: Setting watchdog for 200 seconds at Sun May 27 01:19:19 UTC 2018
26 ms. Memory: 146944K Free: 123696K (84%)
ptolemy.util.test.WatchDog.cancel(): canceling Sun May 27 01:19:19 UTC 2018
------------------ testing $PTII/ptolemy/domains/de/test/auto/FSM7.xml
auto.tcl: Setting watchdog for 200 seconds at Sun May 27 01:19:19 UTC 2018
17 ms. Memory: 146944K Free: 127214K (87%)
ptolemy.util.test.WatchDog.cancel(): canceling Sun May 27 01:19:19 UTC 2018
auto.tcl: Setting watchdog for 200 seconds at Sun May 27 01:19:19 UTC 2018
22 ms. Memory: 146944K Free: 124066K (84%)
ptolemy.util.test.WatchDog.cancel(): canceling Sun May 27 01:19:19 UTC 2018
------------------ testing $PTII/ptolemy/domains/de/test/auto/Inspection.xml
auto.tcl: Setting watchdog for 200 seconds at Sun May 27 01:19:19 UTC 2018
55 ms. Memory: 146944K Free: 128035K (87%)
ptolemy.util.test.WatchDog.cancel(): canceling Sun May 27 01:19:19 UTC 2018
auto.tcl: Setting watchdog for 200 seconds at Sun May 27 01:19:19 UTC 2018
50 ms. Memory: 146944K Free: 125952K (86%)
ptolemy.util.test.WatchDog.cancel(): canceling Sun May 27 01:19:19 UTC 2018
------------------ testing $PTII/ptolemy/domains/de/test/auto/Iteration.xml
auto.tcl: Setting watchdog for 200 seconds at Sun May 27 01:19:19 UTC 2018
20 ms. Memory: 146944K Free: 134838K (92%)
ptolemy.util.test.WatchDog.cancel(): canceling Sun May 27 01:19:19 UTC 2018
auto.tcl: Setting watchdog for 200 seconds at Sun May 27 01:19:19 UTC 2018
9 ms. Memory: 146944K Free: 132754K (90%)
ptolemy.util.test.WatchDog.cancel(): canceling Sun May 27 01:19:19 UTC 2018
------------------ testing $PTII/ptolemy/domains/de/test/auto/LineFault.xml
auto.tcl: Setting watchdog for 200 seconds at Sun May 27 01:19:20 UTC 2018
1069 ms. Memory: 146944K Free: 138075K (94%)
ptolemy.util.test.WatchDog.cancel(): canceling Sun May 27 01:19:21 UTC 2018
auto.tcl: Setting watchdog for 200 seconds at Sun May 27 01:19:21 UTC 2018
1057 ms. Memory: 146944K Free: 82070K (56%)
ptolemy.util.test.WatchDog.cancel(): canceling Sun May 27 01:19:22 UTC 2018
------------------ testing $PTII/ptolemy/domains/de/test/auto/MergeModel1Add.xml
auto.tcl: Setting watchdog for 200 seconds at Sun May 27 01:19:22 UTC 2018
22 ms. Memory: 209920K Free: 180598K (86%)
ptolemy.util.test.WatchDog.cancel(): canceling Sun May 27 01:19:22 UTC 2018
auto.tcl: Setting watchdog for 200 seconds at Sun May 27 01:19:22 UTC 2018
14 ms. Memory: 209920K Free: 178718K (85%)
ptolemy.util.test.WatchDog.cancel(): canceling Sun May 27 01:19:22 UTC 2018
------------------ testing $PTII/ptolemy/domains/de/test/auto/MergeModel2Add.xml
auto.tcl: Setting watchdog for 200 seconds at Sun May 27 01:19:22 UTC 2018
14 ms. Memory: 210432K Free: 182449K (87%)
ptolemy.util.test.WatchDog.cancel(): canceling Sun May 27 01:19:22 UTC 2018
auto.tcl: Setting watchdog for 200 seconds at Sun May 27 01:19:22 UTC 2018
15 ms. Memory: 210432K Free: 180569K (86%)
ptolemy.util.test.WatchDog.cancel(): canceling Sun May 27 01:19:22 UTC 2018
------------------ testing $PTII/ptolemy/domains/de/test/auto/MergeModel3Add.xml
auto.tcl: Setting watchdog for 200 seconds at Sun May 27 01:19:22 UTC 2018
15 ms. Memory: 209920K Free: 183692K (88%)
ptolemy.util.test.WatchDog.cancel(): canceling Sun May 27 01:19:23 UTC 2018
auto.tcl: Setting watchdog for 200 seconds at Sun May 27 01:19:23 UTC 2018
15 ms. Memory: 209920K Free: 181804K (87%)
ptolemy.util.test.WatchDog.cancel(): canceling Sun May 27 01:19:23 UTC 2018
------------------ testing $PTII/ptolemy/domains/de/test/auto/MergeWithoutDiscard.xml
auto.tcl: Setting watchdog for 200 seconds at Sun May 27 01:19:23 UTC 2018
6 ms. Memory: 210432K Free: 198395K (94%)
ptolemy.util.test.WatchDog.cancel(): canceling Sun May 27 01:19:23 UTC 2018
auto.tcl: Setting watchdog for 200 seconds at Sun May 27 01:19:23 UTC 2018
2 ms. Memory: 210432K Free: 198395K (94%)
ptolemy.util.test.WatchDog.cancel(): canceling Sun May 27 01:19:23 UTC 2018
------------------ testing $PTII/ptolemy/domains/de/test/auto/Modal1.xml
auto.tcl: Setting watchdog for 200 seconds at Sun May 27 01:19:23 UTC 2018
21 ms. Memory: 210432K Free: 190065K (90%)
ptolemy.util.test.WatchDog.cancel(): canceling Sun May 27 01:19:23 UTC 2018
auto.tcl: Setting watchdog for 200 seconds at Sun May 27 01:19:23 UTC 2018
23 ms. Memory: 210432K Free: 186258K (89%)
ptolemy.util.test.WatchDog.cancel(): canceling Sun May 27 01:19:23 UTC 2018
------------------ testing $PTII/ptolemy/domains/de/test/auto/Modal2.xml
auto.tcl: Setting watchdog for 200 seconds at Sun May 27 01:19:23 UTC 2018
23 ms. Memory: 210432K Free: 189930K (90%)
ptolemy.util.test.WatchDog.cancel(): canceling Sun May 27 01:19:23 UTC 2018
auto.tcl: Setting watchdog for 200 seconds at Sun May 27 01:19:23 UTC 2018
24 ms. Memory: 210432K Free: 186123K (88%)
ptolemy.util.test.WatchDog.cancel(): canceling Sun May 27 01:19:23 UTC 2018
------------------ testing $PTII/ptolemy/domains/de/test/auto/Modal3.xml
auto.tcl: Setting watchdog for 200 seconds at Sun May 27 01:19:23 UTC 2018
18 ms. Memory: 210432K Free: 189781K (90%)
ptolemy.util.test.WatchDog.cancel(): canceling Sun May 27 01:19:23 UTC 2018
auto.tcl: Setting watchdog for 200 seconds at Sun May 27 01:19:23 UTC 2018
13 ms. Memory: 210432K Free: 185990K (88%)
ptolemy.util.test.WatchDog.cancel(): canceling Sun May 27 01:19:23 UTC 2018
------------------ testing $PTII/ptolemy/domains/de/test/auto/Modal4.xml
auto.tcl: Setting watchdog for 200 seconds at Sun May 27 01:19:23 UTC 2018
15 ms. Memory: 208384K Free: 187675K (90%)
ptolemy.util.test.WatchDog.cancel(): canceling Sun May 27 01:19:23 UTC 2018
auto.tcl: Setting watchdog for 200 seconds at Sun May 27 01:19:23 UTC 2018
28 ms. Memory: 208384K Free: 183899K (88%)
ptolemy.util.test.WatchDog.cancel(): canceling Sun May 27 01:19:23 UTC 2018
------------------ testing $PTII/ptolemy/domains/de/test/auto/Modal5.xml
auto.tcl: Setting watchdog for 200 seconds at Sun May 27 01:19:23 UTC 2018
19 ms. Memory: 209920K Free: 189197K (90%)
ptolemy.util.test.WatchDog.cancel(): canceling Sun May 27 01:19:23 UTC 2018
auto.tcl: Setting watchdog for 200 seconds at Sun May 27 01:19:23 UTC 2018
17 ms. Memory: 209920K Free: 185390K (88%)
ptolemy.util.test.WatchDog.cancel(): canceling Sun May 27 01:19:23 UTC 2018
------------------ testing $PTII/ptolemy/domains/de/test/auto/Modal6.xml
auto.tcl: Setting watchdog for 200 seconds at Sun May 27 01:19:23 UTC 2018
15 ms. Memory: 209920K Free: 189154K (90%)
ptolemy.util.test.WatchDog.cancel(): canceling Sun May 27 01:19:23 UTC 2018
auto.tcl: Setting watchdog for 200 seconds at Sun May 27 01:19:23 UTC 2018
18 ms. Memory: 209920K Free: 185364K (88%)
ptolemy.util.test.WatchDog.cancel(): canceling Sun May 27 01:19:23 UTC 2018
------------------ testing $PTII/ptolemy/domains/de/test/auto/Modal7.xml
auto.tcl: Setting watchdog for 200 seconds at Sun May 27 01:19:23 UTC 2018
13 ms. Memory: 209920K Free: 187292K (89%)
ptolemy.util.test.WatchDog.cancel(): canceling Sun May 27 01:19:24 UTC 2018
auto.tcl: Setting watchdog for 200 seconds at Sun May 27 01:19:24 UTC 2018
14 ms. Memory: 209920K Free: 185389K (88%)
ptolemy.util.test.WatchDog.cancel(): canceling Sun May 27 01:19:24 UTC 2018
------------------ testing $PTII/ptolemy/domains/de/test/auto/ModalModel.xml
auto.tcl: Setting watchdog for 200 seconds at Sun May 27 01:19:24 UTC 2018
253 ms. Memory: 209920K Free: 128463K (61%)
ptolemy.util.test.WatchDog.cancel(): canceling Sun May 27 01:19:24 UTC 2018
auto.tcl: Setting watchdog for 200 seconds at Sun May 27 01:19:24 UTC 2018
284 ms. Memory: 209920K Free: 196463K (94%)
ptolemy.util.test.WatchDog.cancel(): canceling Sun May 27 01:19:24 UTC 2018
------------------ testing $PTII/ptolemy/domains/de/test/auto/ModalSource.xml
auto.tcl: Setting watchdog for 200 seconds at Sun May 27 01:19:24 UTC 2018
13 ms. Memory: 209920K Free: 194219K (93%)
ptolemy.util.test.WatchDog.cancel(): canceling Sun May 27 01:19:24 UTC 2018
auto.tcl: Setting watchdog for 200 seconds at Sun May 27 01:19:24 UTC 2018
8 ms. Memory: 209920K Free: 192464K (92%)
ptolemy.util.test.WatchDog.cancel(): canceling Sun May 27 01:19:24 UTC 2018
------------------ testing $PTII/ptolemy/domains/de/test/auto/NonInterruptibleTimerZeroDelay.xml
auto.tcl: Setting watchdog for 200 seconds at Sun May 27 01:19:24 UTC 2018
5 ms. Memory: 336896K Free: 325443K (97%)
ptolemy.util.test.WatchDog.cancel(): canceling Sun May 27 01:19:24 UTC 2018
auto.tcl: Setting watchdog for 200 seconds at Sun May 27 01:19:24 UTC 2018
3 ms. Memory: 336896K Free: 321917K (96%)
ptolemy.util.test.WatchDog.cancel(): canceling Sun May 27 01:19:24 UTC 2018
------------------ testing $PTII/ptolemy/domains/de/test/auto/OpenQueueingNetwork.xml
auto.tcl: Setting watchdog for 200 seconds at Sun May 27 01:19:24 UTC 2018
4443 ms. Memory: 313344K Free: 189789K (61%)
ptolemy.util.test.WatchDog.cancel(): canceling Sun May 27 01:19:29 UTC 2018
auto.tcl: Setting watchdog for 200 seconds at Sun May 27 01:19:29 UTC 2018
2635 ms. Memory: 294912K Free: 75574K (26%)
ptolemy.util.test.WatchDog.cancel(): canceling Sun May 27 01:19:32 UTC 2018
------------------ testing $PTII/ptolemy/domains/de/test/auto/OpenQueuingNetwork.xml
auto.tcl: Setting watchdog for 200 seconds at Sun May 27 01:19:32 UTC 2018
372 ms. Memory: 293376K Free: 188294K (64%)
ptolemy.util.test.WatchDog.cancel(): canceling Sun May 27 01:19:32 UTC 2018
auto.tcl: Setting watchdog for 200 seconds at Sun May 27 01:19:32 UTC 2018
354 ms. Memory: 293376K Free: 128212K (44%)
ptolemy.util.test.WatchDog.cancel(): canceling Sun May 27 01:19:33 UTC 2018
------------------ testing $PTII/ptolemy/domains/de/test/auto/PeriodicSampler.xml
auto.tcl: Setting watchdog for 200 seconds at Sun May 27 01:19:33 UTC 2018
3 ms. Memory: 294912K Free: 283790K (96%)
ptolemy.util.test.WatchDog.cancel(): canceling Sun May 27 01:19:33 UTC 2018
auto.tcl: Setting watchdog for 200 seconds at Sun May 27 01:19:33 UTC 2018
3 ms. Memory: 294912K Free: 280789K (95%)
ptolemy.util.test.WatchDog.cancel(): canceling Sun May 27 01:19:33 UTC 2018
------------------ testing $PTII/ptolemy/domains/de/test/auto/PersistentIO.xml
auto.tcl: Setting watchdog for 200 seconds at Sun May 27 01:19:33 UTC 2018
7 ms. Memory: 293376K Free: 274748K (94%)
ptolemy.util.test.WatchDog.cancel(): canceling Sun May 27 01:19:33 UTC 2018
auto.tcl: Setting watchdog for 200 seconds at Sun May 27 01:19:33 UTC 2018
6 ms. Memory: 293376K Free: 271748K (93%)
ptolemy.util.test.WatchDog.cancel(): canceling Sun May 27 01:19:33 UTC 2018
------------------ testing $PTII/ptolemy/domains/de/test/auto/PortParameterResetOnInitialize.xml
auto.tcl: Setting watchdog for 200 seconds at Sun May 27 01:19:33 UTC 2018
3 ms. Memory: 294912K Free: 281251K (95%)
ptolemy.util.test.WatchDog.cancel(): canceling Sun May 27 01:19:33 UTC 2018
auto.tcl: Setting watchdog for 200 seconds at Sun May 27 01:19:33 UTC 2018
2 ms. Memory: 294912K Free: 281251K (95%)
ptolemy.util.test.WatchDog.cancel(): canceling Sun May 27 01:19:33 UTC 2018
------------------ testing $PTII/ptolemy/domains/de/test/auto/PortParameterUpdates.xml
auto.tcl: Setting watchdog for 200 seconds at Sun May 27 01:19:33 UTC 2018
5 ms. Memory: 293376K Free: 279863K (95%)
ptolemy.util.test.WatchDog.cancel(): canceling Sun May 27 01:19:33 UTC 2018
auto.tcl: Setting watchdog for 200 seconds at Sun May 27 01:19:33 UTC 2018
5 ms. Memory: 293376K Free: 276878K (94%)
ptolemy.util.test.WatchDog.cancel(): canceling Sun May 27 01:19:33 UTC 2018
------------------ testing $PTII/ptolemy/domains/de/test/auto/QueueAndServer.xml
auto.tcl: Setting watchdog for 200 seconds at Sun May 27 01:19:33 UTC 2018
11 ms. Memory: 294400K Free: 277814K (94%)
ptolemy.util.test.WatchDog.cancel(): canceling Sun May 27 01:19:33 UTC 2018
auto.tcl: Setting watchdog for 200 seconds at Sun May 27 01:19:33 UTC 2018
11 ms. Memory: 294400K Free: 277814K (94%)
ptolemy.util.test.WatchDog.cancel(): canceling Sun May 27 01:19:33 UTC 2018
------------------ testing $PTII/ptolemy/domains/de/test/auto/Records.xml
auto.tcl: Setting watchdog for 200 seconds at Sun May 27 01:19:33 UTC 2018
4 ms. Memory: 293376K Free: 279752K (95%)
ptolemy.util.test.WatchDog.cancel(): canceling Sun May 27 01:19:33 UTC 2018
auto.tcl: Setting watchdog for 200 seconds at Sun May 27 01:19:33 UTC 2018
3 ms. Memory: 293376K Free: 279752K (95%)
ptolemy.util.test.WatchDog.cancel(): canceling Sun May 27 01:19:33 UTC 2018
------------------ testing $PTII/ptolemy/domains/de/test/auto/ResetTransitionWithStartTime1.xml
auto.tcl: Setting watchdog for 200 seconds at Sun May 27 01:19:33 UTC 2018
19 ms. Memory: 294400K Free: 277780K (94%)
ptolemy.util.test.WatchDog.cancel(): canceling Sun May 27 01:19:33 UTC 2018
auto.tcl: Setting watchdog for 200 seconds at Sun May 27 01:19:33 UTC 2018
12 ms. Memory: 294400K Free: 277780K (94%)
ptolemy.util.test.WatchDog.cancel(): canceling Sun May 27 01:19:33 UTC 2018
------------------ testing $PTII/ptolemy/domains/de/test/auto/ResetTransitionWithStartTime2.xml
auto.tcl: Setting watchdog for 200 seconds at Sun May 27 01:19:33 UTC 2018
10 ms. Memory: 293376K Free: 276783K (94%)
ptolemy.util.test.WatchDog.cancel(): canceling Sun May 27 01:19:33 UTC 2018
auto.tcl: Setting watchdog for 200 seconds at Sun May 27 01:19:33 UTC 2018
7 ms. Memory: 293376K Free: 276783K (94%)
ptolemy.util.test.WatchDog.cancel(): canceling Sun May 27 01:19:33 UTC 2018
------------------ testing $PTII/ptolemy/domains/de/test/auto/ResetTransitionWithStartTime3.xml
auto.tcl: Setting watchdog for 200 seconds at Sun May 27 01:19:33 UTC 2018
9 ms. Memory: 294400K Free: 275657K (94%)
ptolemy.util.test.WatchDog.cancel(): canceling Sun May 27 01:19:33 UTC 2018
auto.tcl: Setting watchdog for 200 seconds at Sun May 27 01:19:33 UTC 2018
8 ms. Memory: 294400K Free: 275657K (94%)
ptolemy.util.test.WatchDog.cancel(): canceling Sun May 27 01:19:33 UTC 2018
------------------ testing $PTII/ptolemy/domains/de/test/auto/ResetTransitionWithStartTime4.xml
auto.tcl: Setting watchdog for 200 seconds at Sun May 27 01:19:34 UTC 2018
5 ms. Memory: 293376K Free: 276764K (94%)
ptolemy.util.test.WatchDog.cancel(): canceling Sun May 27 01:19:34 UTC 2018
auto.tcl: Setting watchdog for 200 seconds at Sun May 27 01:19:34 UTC 2018
7 ms. Memory: 293376K Free: 276764K (94%)
ptolemy.util.test.WatchDog.cancel(): canceling Sun May 27 01:19:34 UTC 2018
------------------ testing $PTII/ptolemy/domains/de/test/auto/ResettableTimer1.xml
auto.tcl: Setting watchdog for 200 seconds at Sun May 27 01:19:34 UTC 2018
7 ms. Memory: 293888K Free: 278168K (95%)
ptolemy.util.test.WatchDog.cancel(): canceling Sun May 27 01:19:34 UTC 2018
auto.tcl: Setting watchdog for 200 seconds at Sun May 27 01:19:34 UTC 2018
3 ms. Memory: 293888K Free: 278168K (95%)
ptolemy.util.test.WatchDog.cancel(): canceling Sun May 27 01:19:34 UTC 2018
------------------ testing $PTII/ptolemy/domains/de/test/auto/ResettableTimer2.xml
auto.tcl: Setting watchdog for 200 seconds at Sun May 27 01:19:34 UTC 2018
4 ms. Memory: 293376K Free: 277698K (95%)
ptolemy.util.test.WatchDog.cancel(): canceling Sun May 27 01:19:34 UTC 2018
auto.tcl: Setting watchdog for 200 seconds at Sun May 27 01:19:34 UTC 2018
4 ms. Memory: 293376K Free: 277698K (95%)
ptolemy.util.test.WatchDog.cancel(): canceling Sun May 27 01:19:34 UTC 2018
------------------ testing $PTII/ptolemy/domains/de/test/auto/ResettableTimer3.xml
auto.tcl: Setting watchdog for 200 seconds at Sun May 27 01:19:34 UTC 2018
1 ms. Memory: 293888K Free: 278190K (95%)
ptolemy.util.test.WatchDog.cancel(): canceling Sun May 27 01:19:34 UTC 2018
auto.tcl: Setting watchdog for 200 seconds at Sun May 27 01:19:34 UTC 2018
1 ms. Memory: 293888K Free: 278190K (95%)
ptolemy.util.test.WatchDog.cancel(): canceling Sun May 27 01:19:34 UTC 2018
------------------ testing $PTII/ptolemy/domains/de/test/auto/ResettableTimer4.xml
auto.tcl: Setting watchdog for 200 seconds at Sun May 27 01:19:34 UTC 2018
2 ms. Memory: 293376K Free: 277711K (95%)
ptolemy.util.test.WatchDog.cancel(): canceling Sun May 27 01:19:34 UTC 2018
auto.tcl: Setting watchdog for 200 seconds at Sun May 27 01:19:34 UTC 2018
2 ms. Memory: 293376K Free: 277711K (95%)
ptolemy.util.test.WatchDog.cancel(): canceling Sun May 27 01:19:34 UTC 2018
------------------ testing $PTII/ptolemy/domains/de/test/auto/ResettableTimer5.xml
auto.tcl: Setting watchdog for 200 seconds at Sun May 27 01:19:34 UTC 2018
2 ms. Memory: 293888K Free: 278209K (95%)
ptolemy.util.test.WatchDog.cancel(): canceling Sun May 27 01:19:34 UTC 2018
auto.tcl: Setting watchdog for 200 seconds at Sun May 27 01:19:34 UTC 2018
2 ms. Memory: 293888K Free: 278209K (95%)
ptolemy.util.test.WatchDog.cancel(): canceling Sun May 27 01:19:34 UTC 2018
------------------ testing $PTII/ptolemy/domains/de/test/auto/ResettableTimer6.xml
auto.tcl: Setting watchdog for 200 seconds at Sun May 27 01:19:34 UTC 2018
2 ms. Memory: 293376K Free: 279749K (95%)
ptolemy.util.test.WatchDog.cancel(): canceling Sun May 27 01:19:34 UTC 2018
auto.tcl: Setting watchdog for 200 seconds at Sun May 27 01:19:34 UTC 2018
2 ms. Memory: 293376K Free: 279749K (95%)
ptolemy.util.test.WatchDog.cancel(): canceling Sun May 27 01:19:34 UTC 2018
------------------ testing $PTII/ptolemy/domains/de/test/auto/ServerZeroDelay.xml
auto.tcl: Setting watchdog for 200 seconds at Sun May 27 01:19:34 UTC 2018
9 ms. Memory: 293888K Free: 280279K (95%)
ptolemy.util.test.WatchDog.cancel(): canceling Sun May 27 01:19:34 UTC 2018
auto.tcl: Setting watchdog for 200 seconds at Sun May 27 01:19:34 UTC 2018
5 ms. Memory: 293888K Free: 280279K (95%)
ptolemy.util.test.WatchDog.cancel(): canceling Sun May 27 01:19:34 UTC 2018
------------------ testing $PTII/ptolemy/domains/de/test/auto/SmartSender.xml
auto.tcl: Setting watchdog for 200 seconds at Sun May 27 01:19:34 UTC 2018
3001 ms. Memory: 293376K Free: 277642K (95%)
ptolemy.util.test.WatchDog.cancel(): canceling Sun May 27 01:19:37 UTC 2018
auto.tcl: Setting watchdog for 200 seconds at Sun May 27 01:19:37 UTC 2018
3002 ms. Memory: 293376K Free: 277642K (95%)
ptolemy.util.test.WatchDog.cancel(): canceling Sun May 27 01:19:40 UTC 2018
------------------ testing $PTII/ptolemy/domains/de/test/auto/ThreadedComposite.xml
auto.tcl: Setting watchdog for 200 seconds at Sun May 27 01:19:40 UTC 2018
415 ms. Memory: 293888K Free: 256467K (87%)
ptolemy.util.test.WatchDog.cancel(): canceling Sun May 27 01:19:41 UTC 2018
auto.tcl: Setting watchdog for 200 seconds at Sun May 27 01:19:41 UTC 2018
275 ms. Memory: 293888K Free: 245003K (83%)
ptolemy.util.test.WatchDog.cancel(): canceling Sun May 27 01:19:41 UTC 2018
------------------ testing $PTII/ptolemy/domains/de/test/auto/Time.xml
auto.tcl: Setting watchdog for 200 seconds at Sun May 27 01:19:41 UTC 2018
905 ms. Memory: 293376K Free: 228601K (78%)
ptolemy.util.test.WatchDog.cancel(): canceling Sun May 27 01:19:42 UTC 2018
auto.tcl: Setting watchdog for 200 seconds at Sun May 27 01:19:42 UTC 2018
802 ms. Memory: 293376K Free: 177863K (61%)
ptolemy.util.test.WatchDog.cancel(): canceling Sun May 27 01:19:43 UTC 2018
------------------ testing $PTII/ptolemy/domains/de/test/auto/TimeDelayZeroDelay.xml
auto.tcl: Setting watchdog for 200 seconds at Sun May 27 01:19:43 UTC 2018
3 ms. Memory: 293888K Free: 280775K (96%)
ptolemy.util.test.WatchDog.cancel(): canceling Sun May 27 01:19:43 UTC 2018
auto.tcl: Setting watchdog for 200 seconds at Sun May 27 01:19:43 UTC 2018
3 ms. Memory: 293888K Free: 280775K (96%)
ptolemy.util.test.WatchDog.cancel(): canceling Sun May 27 01:19:43 UTC 2018
------------------ testing $PTII/ptolemy/domains/de/test/auto/TimerZeroDelay.xml
auto.tcl: Setting watchdog for 200 seconds at Sun May 27 01:19:43 UTC 2018
3 ms. Memory: 293376K Free: 280341K (96%)
ptolemy.util.test.WatchDog.cancel(): canceling Sun May 27 01:19:43 UTC 2018
auto.tcl: Setting watchdog for 200 seconds at Sun May 27 01:19:43 UTC 2018
2 ms. Memory: 293376K Free: 280341K (96%)
ptolemy.util.test.WatchDog.cancel(): canceling Sun May 27 01:19:43 UTC 2018
------------------ testing $PTII/ptolemy/domains/de/test/auto/TimingParadox.xml
auto.tcl: Setting watchdog for 200 seconds at Sun May 27 01:19:43 UTC 2018
514 ms. Memory: 293888K Free: 214617K (73%)
ptolemy.util.test.WatchDog.cancel(): canceling Sun May 27 01:19:44 UTC 2018
auto.tcl: Setting watchdog for 200 seconds at Sun May 27 01:19:44 UTC 2018
534 ms. Memory: 293888K Free: 179693K (61%)
ptolemy.util.test.WatchDog.cancel(): canceling Sun May 27 01:19:44 UTC 2018
------------------ testing $PTII/ptolemy/domains/de/test/auto/TransferInputs.xml
auto.tcl: Setting watchdog for 200 seconds at Sun May 27 01:19:44 UTC 2018
8 ms. Memory: 293888K Free: 279712K (95%)
ptolemy.util.test.WatchDog.cancel(): canceling Sun May 27 01:19:44 UTC 2018
auto.tcl: Setting watchdog for 200 seconds at Sun May 27 01:19:44 UTC 2018
3 ms. Memory: 293888K Free: 279712K (95%)
ptolemy.util.test.WatchDog.cancel(): canceling Sun May 27 01:19:44 UTC 2018
------------------ testing $PTII/ptolemy/domains/de/test/auto/TransferOutputs2.xml
auto.tcl: Setting watchdog for 200 seconds at Sun May 27 01:19:44 UTC 2018
13 ms. Memory: 293376K Free: 275481K (94%)
ptolemy.util.test.WatchDog.cancel(): canceling Sun May 27 01:19:44 UTC 2018
auto.tcl: Setting watchdog for 200 seconds at Sun May 27 01:19:44 UTC 2018
4 ms. Memory: 293376K Free: 272764K (93%)
ptolemy.util.test.WatchDog.cancel(): canceling Sun May 27 01:19:44 UTC 2018
------------------ testing $PTII/ptolemy/domains/de/test/auto/Trilateration.xml
auto.tcl: Setting watchdog for 200 seconds at Sun May 27 01:19:44 UTC 2018
15328 ms. Memory: 229888K Free: 69230K (30%)
ptolemy.util.test.WatchDog.cancel(): canceling Sun May 27 01:20:01 UTC 2018
auto.tcl: Setting watchdog for 200 seconds at Sun May 27 01:20:01 UTC 2018
12763 ms. Memory: 136192K Free: 76473K (56%)
ptolemy.util.test.WatchDog.cancel(): canceling Sun May 27 01:20:14 UTC 2018
------------------ testing $PTII/ptolemy/domains/de/test/auto/TwoSigmaDelta.xml
auto.tcl: Setting watchdog for 200 seconds at Sun May 27 01:20:14 UTC 2018
3722 ms. Memory: 129024K Free: 88794K (69%)
ptolemy.util.test.WatchDog.cancel(): canceling Sun May 27 01:20:18 UTC 2018
auto.tcl: Setting watchdog for 200 seconds at Sun May 27 01:20:18 UTC 2018
2340 ms. Memory: 123904K Free: 79109K (64%)
ptolemy.util.test.WatchDog.cancel(): canceling Sun May 27 01:20:20 UTC 2018
------------------ testing $PTII/ptolemy/domains/de/test/auto/VariableDelay.xml
auto.tcl: Setting watchdog for 200 seconds at Sun May 27 01:20:20 UTC 2018
3 ms. Memory: 123904K Free: 112894K (91%)
ptolemy.util.test.WatchDog.cancel(): canceling Sun May 27 01:20:20 UTC 2018
auto.tcl: Setting watchdog for 200 seconds at Sun May 27 01:20:20 UTC 2018
3 ms. Memory: 123904K Free: 112060K (90%)
ptolemy.util.test.WatchDog.cancel(): canceling Sun May 27 01:20:20 UTC 2018
------------------ testing $PTII/ptolemy/domains/de/test/auto/VariableDelay2.xml
auto.tcl: Setting watchdog for 200 seconds at Sun May 27 01:20:20 UTC 2018
3 ms. Memory: 123904K Free: 113302K (91%)
ptolemy.util.test.WatchDog.cancel(): canceling Sun May 27 01:20:20 UTC 2018
auto.tcl: Setting watchdog for 200 seconds at Sun May 27 01:20:20 UTC 2018
2 ms. Memory: 123904K Free: 112491K (91%)
ptolemy.util.test.WatchDog.cancel(): canceling Sun May 27 01:20:20 UTC 2018
------------------ testing $PTII/ptolemy/domains/de/test/auto/VariableDelayZeroDelay.xml
auto.tcl: Setting watchdog for 200 seconds at Sun May 27 01:20:20 UTC 2018
2 ms. Memory: 123904K Free: 114128K (92%)
ptolemy.util.test.WatchDog.cancel(): canceling Sun May 27 01:20:20 UTC 2018
auto.tcl: Setting watchdog for 200 seconds at Sun May 27 01:20:20 UTC 2018
2 ms. Memory: 123904K Free: 113309K (91%)
ptolemy.util.test.WatchDog.cancel(): canceling Sun May 27 01:20:20 UTC 2018
------------------ testing $PTII/ptolemy/domains/de/test/auto/VariableDelayZeroDelay2.xml
auto.tcl: Setting watchdog for 200 seconds at Sun May 27 01:20:20 UTC 2018
2 ms. Memory: 123904K Free: 113260K (91%)
ptolemy.util.test.WatchDog.cancel(): canceling Sun May 27 01:20:20 UTC 2018
auto.tcl: Setting watchdog for 200 seconds at Sun May 27 01:20:20 UTC 2018
3 ms. Memory: 123904K Free: 112433K (91%)
ptolemy.util.test.WatchDog.cancel(): canceling Sun May 27 01:20:20 UTC 2018
------------------ testing $PTII/ptolemy/domains/de/test/auto/deInCt.xml
auto.tcl: Setting watchdog for 200 seconds at Sun May 27 01:20:20 UTC 2018
0
1
1
1
0
0
1
1
0
0
0
1
1
1
1
0
0
0
1
1
1
0
0
0
1
1
1
1
1
0
0
1
1
1
0
0
0
0
0
0
13 ms. Memory: 123904K Free: 112461K (91%)
ptolemy.util.test.WatchDog.cancel(): canceling Sun May 27 01:20:21 UTC 2018
auto.tcl: Setting watchdog for 200 seconds at Sun May 27 01:20:21 UTC 2018
0
1
1
0
0
1
1
1
1
1
0
0
0
1
1
1
1
0
0
0
1
1
1
0
0
0
1
1
0
0
0
1
1
0
0
0
0
1
1
1
1
0
0
0
0
10 ms. Memory: 123904K Free: 110784K (89%)
ptolemy.util.test.WatchDog.cancel(): canceling Sun May 27 01:20:21 UTC 2018
------------------ testing $PTII/ptolemy/domains/de/test/auto/deInCt2.xml
auto.tcl: Setting watchdog for 200 seconds at Sun May 27 01:20:21 UTC 2018
0
1
1
1
0
0
1
1
1
0
0
1
1
1
0
0
1
1
1
0
0
1
1
1
0
0
1
1
1
0
0
1
1
1
0
0
1
1
1
0
0
0
15 ms. Memory: 123904K Free: 112444K (91%)
ptolemy.util.test.WatchDog.cancel(): canceling Sun May 27 01:20:21 UTC 2018
auto.tcl: Setting watchdog for 200 seconds at Sun May 27 01:20:21 UTC 2018
0
1
1
1
0
0
1
1
1
0
0
1
1
1
0
0
1
1
1
0
0
1
1
1
0
0
1
1
1
0
0
1
1
1
0
0
1
1
1
0
0
0
11 ms. Memory: 123904K Free: 110775K (89%)
ptolemy.util.test.WatchDog.cancel(): canceling Sun May 27 01:20:21 UTC 2018
------------------ testing $PTII/ptolemy/domains/de/test/auto/dynamicCausalityInterface1.xml
auto.tcl: Setting watchdog for 200 seconds at Sun May 27 01:20:21 UTC 2018
1 ms. Memory: 123904K Free: 107980K (87%)
ptolemy.util.test.WatchDog.cancel(): canceling Sun May 27 01:20:21 UTC 2018
auto.tcl: Setting watchdog for 200 seconds at Sun May 27 01:20:21 UTC 2018
1 ms. Memory: 123904K Free: 107162K (86%)
ptolemy.util.test.WatchDog.cancel(): canceling Sun May 27 01:20:21 UTC 2018
------------------ testing $PTII/ptolemy/domains/de/test/auto/fsm_de_test.xml
auto.tcl: Setting watchdog for 200 seconds at Sun May 27 01:20:21 UTC 2018
13 ms. Memory: 123904K Free: 107369K (87%)
ptolemy.util.test.WatchDog.cancel(): canceling Sun May 27 01:20:21 UTC 2018
auto.tcl: Setting watchdog for 200 seconds at Sun May 27 01:20:21 UTC 2018
8 ms. Memory: 123904K Free: 104930K (85%)
ptolemy.util.test.WatchDog.cancel(): canceling Sun May 27 01:20:21 UTC 2018
------------------ testing $PTII/ptolemy/domains/de/test/auto/functionDependencyReconstruction.xml
auto.tcl: Setting watchdog for 200 seconds at Sun May 27 01:20:21 UTC 2018
2 ms. Memory: 123904K Free: 99985K (81%)
ptolemy.util.test.WatchDog.cancel(): canceling Sun May 27 01:20:21 UTC 2018
auto.tcl: Setting watchdog for 200 seconds at Sun May 27 01:20:21 UTC 2018
3 ms. Memory: 123904K Free: 97506K (79%)
ptolemy.util.test.WatchDog.cancel(): canceling Sun May 27 01:20:21 UTC 2018
------------------ testing $PTII/ptolemy/domains/de/test/auto/multirate.xml
auto.tcl: Setting watchdog for 200 seconds at Sun May 27 01:20:21 UTC 2018
5 ms. Memory: 123904K Free: 110174K (89%)
ptolemy.util.test.WatchDog.cancel(): canceling Sun May 27 01:20:21 UTC 2018
auto.tcl: Setting watchdog for 200 seconds at Sun May 27 01:20:21 UTC 2018
5 ms. Memory: 123904K Free: 109346K (88%)
ptolemy.util.test.WatchDog.cancel(): canceling Sun May 27 01:20:21 UTC 2018
------------------ testing $PTII/ptolemy/domains/de/test/auto/multirate2.xml
auto.tcl: Setting watchdog for 200 seconds at Sun May 27 01:20:21 UTC 2018
4 ms. Memory: 123904K Free: 111130K (90%)
ptolemy.util.test.WatchDog.cancel(): canceling Sun May 27 01:20:21 UTC 2018
auto.tcl: Setting watchdog for 200 seconds at Sun May 27 01:20:21 UTC 2018
5 ms. Memory: 123904K Free: 109494K (88%)
ptolemy.util.test.WatchDog.cancel(): canceling Sun May 27 01:20:21 UTC 2018
------------------ testing $PTII/ptolemy/domains/de/test/auto/realtime.xml
auto.tcl: Setting watchdog for 200 seconds at Sun May 27 01:20:21 UTC 2018
10003 ms. Memory: 123904K Free: 113247K (91%)
ptolemy.util.test.WatchDog.cancel(): canceling Sun May 27 01:20:31 UTC 2018
auto.tcl: Setting watchdog for 200 seconds at Sun May 27 01:20:31 UTC 2018
10002 ms. Memory: 123904K Free: 112428K (91%)
ptolemy.util.test.WatchDog.cancel(): canceling Sun May 27 01:20:41 UTC 2018
------------------ testing $PTII/ptolemy/domains/de/test/auto/relationGroup.xml
auto.tcl: Setting watchdog for 200 seconds at Sun May 27 01:20:41 UTC 2018
2 ms. Memory: 123904K Free: 114085K (92%)
ptolemy.util.test.WatchDog.cancel(): canceling Sun May 27 01:20:41 UTC 2018
auto.tcl: Setting watchdog for 200 seconds at Sun May 27 01:20:41 UTC 2018
1 ms. Memory: 123904K Free: 113275K (91%)
ptolemy.util.test.WatchDog.cancel(): canceling Sun May 27 01:20:41 UTC 2018
------------------ testing $PTII/ptolemy/domains/de/test/auto/relationGroup2.xml
auto.tcl: Setting watchdog for 200 seconds at Sun May 27 01:20:41 UTC 2018
1 ms. Memory: 123904K Free: 114096K (92%)
ptolemy.util.test.WatchDog.cancel(): canceling Sun May 27 01:20:41 UTC 2018
auto.tcl: Setting watchdog for 200 seconds at Sun May 27 01:20:41 UTC 2018
1 ms. Memory: 123904K Free: 114096K (92%)
ptolemy.util.test.WatchDog.cancel(): canceling Sun May 27 01:20:41 UTC 2018
------------------ testing $PTII/ptolemy/domains/de/test/auto/sortWithOpaquePorts.xml
auto.tcl: Setting watchdog for 200 seconds at Sun May 27 01:20:41 UTC 2018
2 ms. Memory: 123904K Free: 112437K (91%)
ptolemy.util.test.WatchDog.cancel(): canceling Sun May 27 01:20:41 UTC 2018
auto.tcl: Setting watchdog for 200 seconds at Sun May 27 01:20:41 UTC 2018
1 ms. Memory: 123904K Free: 111602K (90%)
ptolemy.util.test.WatchDog.cancel(): canceling Sun May 27 01:20:41 UTC 2018
------------------ testing $PTII/ptolemy/domains/de/test/auto/transferInputsandOutputs.xml
auto.tcl: Setting watchdog for 200 seconds at Sun May 27 01:20:41 UTC 2018
2 ms. Memory: 123904K Free: 109992K (89%)
ptolemy.util.test.WatchDog.cancel(): canceling Sun May 27 01:20:41 UTC 2018
auto.tcl: Setting watchdog for 200 seconds at Sun May 27 01:20:41 UTC 2018
2 ms. Memory: 123904K Free: 109166K (88%)
ptolemy.util.test.WatchDog.cancel(): canceling Sun May 27 01:20:41 UTC 2018
------------------ testing $PTII/ptolemy/domains/de/test/auto/triggerType.xml
auto.tcl: Setting watchdog for 200 seconds at Sun May 27 01:20:41 UTC 2018
1 ms. Memory: 123904K Free: 112366K (91%)
ptolemy.util.test.WatchDog.cancel(): canceling Sun May 27 01:20:41 UTC 2018
auto.tcl: Setting watchdog for 200 seconds at Sun May 27 01:20:41 UTC 2018
1 ms. Memory: 123904K Free: 111547K (90%)
ptolemy.util.test.WatchDog.cancel(): canceling Sun May 27 01:20:41 UTC 2018
05/27/18 01:20:41
Failed: 0  Total Tests: 192  ((Passed: 187, Newly Passed: 1)  Known Failed: 5) /home/travis/build/icyphy/ptII/ptolemy/domains/de/test
05/27/18 01:20:41
Failed: 0  Total Tests: 192  ((Passed: 187, Newly Passed: 1)  Known Failed: 5) /home/travis/build/icyphy/ptII/ptolemy/domains/de/test
----------------- testing (KnownFailure) /home/travis/build/icyphy/ptII/ptolemy/domains/de/test/auto/knownFailedTests/DESDFClockTest.xml
2025 ms. Memory: 123904K Free: 105418K (85%)
Known Failure: java.lang.reflect.InvocationTargetException
----------------- testing (KnownFailure) /home/travis/build/icyphy/ptII/ptolemy/domains/de/test/auto/knownFailedTests/DirectFeedback.xml
2 ms. Memory: 123904K Free: 100270K (81%)
Known Failure: java.lang.reflect.InvocationTargetException
----------------- testing (KnownFailure) /home/travis/build/icyphy/ptII/ptolemy/domains/de/test/auto/knownFailedTests/FSMSource.xml
11 ms. Memory: 123904K Free: 90849K (73%)
----------------- testing (KnownFailure) /home/travis/build/icyphy/ptII/ptolemy/domains/de/test/auto/knownFailedTests/HierarchicalModel.xml
2 ms. Memory: 122880K Free: 113293K (92%)
Known Failure: java.lang.reflect.InvocationTargetException
----------------- testing (KnownFailure) /home/travis/build/icyphy/ptII/ptolemy/domains/de/test/auto/knownFailedTests/dependencyLoop.xml
6 ms. Memory: 122880K Free: 94851K (77%)
Known Failure: java.lang.reflect.InvocationTargetException
----------------- testing (KnownFailure) /home/travis/build/icyphy/ptII/ptolemy/domains/de/test/auto/knownFailedTests/dependencyLoop2.xml
5 ms. Memory: 122880K Free: 76949K (63%)
Known Failure: java.lang.reflect.InvocationTargetException
No auto/*.xml tests in /home/travis/build/icyphy/ptII/ptolemy/domains/de/test
AutoTests.java: About to close Vertx.
AutoTests.java: Vertx closed.
----------------- testing Sun May 27 01:20:44 UTC 2018 /home/travis/build/icyphy/ptII/ptolemy/domains/de/test/auto/ActorDepthCalculation_actorWithoutPorts.xml
----------------- Instantiating /home/travis/build/icyphy/ptII/ptolemy/domains/de/test/auto/ActorDepthCalculation_actorWithoutPorts.xml
2 ms. Memory: 121856K Free: 109797K (90%)
----------------- Invoking toplevel() on ptolemy.moml.MoMLSimpleApplication@24dcb703
----------------- Done invoking toplevel() on ptolemy.moml.MoMLSimpleApplication@24dcb703
reloadAllAccessors: .ActorDepthCalculation_actorWithoutPorts
----------------- testing Sun May 27 01:20:44 UTC 2018 /home/travis/build/icyphy/ptII/ptolemy/domains/de/test/auto/AssemblyLine.xml
----------------- Instantiating /home/travis/build/icyphy/ptII/ptolemy/domains/de/test/auto/AssemblyLine.xml
2 ms. Memory: 121856K Free: 101163K (83%)
----------------- Invoking toplevel() on ptolemy.moml.MoMLSimpleApplication@152cbe1c
----------------- Done invoking toplevel() on ptolemy.moml.MoMLSimpleApplication@152cbe1c
reloadAllAccessors: .AssemblyLine
----------------- testing Sun May 27 01:20:44 UTC 2018 /home/travis/build/icyphy/ptII/ptolemy/domains/de/test/auto/CQBug1.xml
----------------- Instantiating /home/travis/build/icyphy/ptII/ptolemy/domains/de/test/auto/CQBug1.xml
0 ms. Memory: 121856K Free: 97886K (80%)
----------------- Invoking toplevel() on ptolemy.moml.MoMLSimpleApplication@5cbe2b86
----------------- Done invoking toplevel() on ptolemy.moml.MoMLSimpleApplication@5cbe2b86
reloadAllAccessors: .CQBug1
----------------- testing Sun May 27 01:20:44 UTC 2018 /home/travis/build/icyphy/ptII/ptolemy/domains/de/test/auto/CancelFireAt.xml
----------------- Instantiating /home/travis/build/icyphy/ptII/ptolemy/domains/de/test/auto/CancelFireAt.xml
1 ms. Memory: 121856K Free: 95045K (78%)
----------------- Invoking toplevel() on ptolemy.moml.MoMLSimpleApplication@7823463a
----------------- Done invoking toplevel() on ptolemy.moml.MoMLSimpleApplication@7823463a
reloadAllAccessors: .CancelFireAt
----------------- testing Sun May 27 01:20:44 UTC 2018 /home/travis/build/icyphy/ptII/ptolemy/domains/de/test/auto/CausalityAndComposabilityAnalysis.xml
----------------- Instantiating /home/travis/build/icyphy/ptII/ptolemy/domains/de/test/auto/CausalityAndComposabilityAnalysis.xml
1 ms. Memory: 121856K Free: 89412K (73%)
----------------- Invoking toplevel() on ptolemy.moml.MoMLSimpleApplication@3d2328f4
----------------- Done invoking toplevel() on ptolemy.moml.MoMLSimpleApplication@3d2328f4
reloadAllAccessors: .CausalityAndComposabilityAnalysis
----------------- testing Sun May 27 01:20:44 UTC 2018 /home/travis/build/icyphy/ptII/ptolemy/domains/de/test/auto/CausalityInterface1.xml
----------------- Instantiating /home/travis/build/icyphy/ptII/ptolemy/domains/de/test/auto/CausalityInterface1.xml
4 ms. Memory: 121856K Free: 83731K (69%)
----------------- Invoking toplevel() on ptolemy.moml.MoMLSimpleApplication@5adb0097
----------------- Done invoking toplevel() on ptolemy.moml.MoMLSimpleApplication@5adb0097
reloadAllAccessors: .CausalityInterface1
----------------- testing Sun May 27 01:20:44 UTC 2018 /home/travis/build/icyphy/ptII/ptolemy/domains/de/test/auto/CausalityInterface15.xml
----------------- Instantiating /home/travis/build/icyphy/ptII/ptolemy/domains/de/test/auto/CausalityInterface15.xml
2 ms. Memory: 121856K Free: 76765K (63%)
----------------- Invoking toplevel() on ptolemy.moml.MoMLSimpleApplication@3c6d5984
----------------- Done invoking toplevel() on ptolemy.moml.MoMLSimpleApplication@3c6d5984
reloadAllAccessors: .CausalityInterface15
----------------- testing Sun May 27 01:20:44 UTC 2018 /home/travis/build/icyphy/ptII/ptolemy/domains/de/test/auto/CausalityInterface2.xml
----------------- Instantiating /home/travis/build/icyphy/ptII/ptolemy/domains/de/test/auto/CausalityInterface2.xml
1 ms. Memory: 120832K Free: 110343K (91%)
----------------- Invoking toplevel() on ptolemy.moml.MoMLSimpleApplication@21f62841
----------------- Done invoking toplevel() on ptolemy.moml.MoMLSimpleApplication@21f62841
reloadAllAccessors: .CausalityInterface2
----------------- testing Sun May 27 01:20:44 UTC 2018 /home/travis/build/icyphy/ptII/ptolemy/domains/de/test/auto/CausalityInterface3.xml
----------------- Instantiating /home/travis/build/icyphy/ptII/ptolemy/domains/de/test/auto/CausalityInterface3.xml
1 ms. Memory: 120832K Free: 104281K (86%)
----------------- Invoking toplevel() on ptolemy.moml.MoMLSimpleApplication@1411d44d
----------------- Done invoking toplevel() on ptolemy.moml.MoMLSimpleApplication@1411d44d
reloadAllAccessors: .CausalityInterface3
----------------- testing Sun May 27 01:20:44 UTC 2018 /home/travis/build/icyphy/ptII/ptolemy/domains/de/test/auto/ClockDrift.xml
----------------- Instantiating /home/travis/build/icyphy/ptII/ptolemy/domains/de/test/auto/ClockDrift.xml
17 ms. Memory: 120832K Free: 90102K (75%)
----------------- Invoking toplevel() on ptolemy.moml.MoMLSimpleApplication@54fe1a0f
----------------- Done invoking toplevel() on ptolemy.moml.MoMLSimpleApplication@54fe1a0f
reloadAllAccessors: .ClockDrift
----------------- testing Sun May 27 01:20:44 UTC 2018 /home/travis/build/icyphy/ptII/ptolemy/domains/de/test/auto/ClockDriftAndValueChange.xml
----------------- Instantiating /home/travis/build/icyphy/ptII/ptolemy/domains/de/test/auto/ClockDriftAndValueChange.xml
11 ms. Memory: 120832K Free: 76214K (63%)
----------------- Invoking toplevel() on ptolemy.moml.MoMLSimpleApplication@1a9a9dae
----------------- Done invoking toplevel() on ptolemy.moml.MoMLSimpleApplication@1a9a9dae
reloadAllAccessors: .ClockDriftAndValueChange
----------------- testing Sun May 27 01:20:44 UTC 2018 /home/travis/build/icyphy/ptII/ptolemy/domains/de/test/auto/ClockDriftChange.xml
----------------- Instantiating /home/travis/build/icyphy/ptII/ptolemy/domains/de/test/auto/ClockDriftChange.xml
10 ms. Memory: 119808K Free: 103175K (86%)
----------------- Invoking toplevel() on ptolemy.moml.MoMLSimpleApplication@46c5a8b3
----------------- Done invoking toplevel() on ptolemy.moml.MoMLSimpleApplication@46c5a8b3
reloadAllAccessors: .ClockDriftChange
----------------- testing Sun May 27 01:20:44 UTC 2018 /home/travis/build/icyphy/ptII/ptolemy/domains/de/test/auto/ComposableCausalityAnalysis.xml
----------------- Instantiating /home/travis/build/icyphy/ptII/ptolemy/domains/de/test/auto/ComposableCausalityAnalysis.xml
1 ms. Memory: 119808K Free: 96134K (80%)
----------------- Invoking toplevel() on ptolemy.moml.MoMLSimpleApplication@3783ee6c
----------------- Done invoking toplevel() on ptolemy.moml.MoMLSimpleApplication@3783ee6c
reloadAllAccessors: .ComposableCausalityAnalysis
----------------- testing Sun May 27 01:20:44 UTC 2018 /home/travis/build/icyphy/ptII/ptolemy/domains/de/test/auto/DEFixedPointLimitation.xml
----------------- Instantiating /home/travis/build/icyphy/ptII/ptolemy/domains/de/test/auto/DEFixedPointLimitation.xml
0 ms. Memory: 119808K Free: 90948K (76%)
----------------- Invoking toplevel() on ptolemy.moml.MoMLSimpleApplication@cc63a1f
----------------- Done invoking toplevel() on ptolemy.moml.MoMLSimpleApplication@cc63a1f
reloadAllAccessors: .DEFixedPointLimitation
----------------- testing Sun May 27 01:20:44 UTC 2018 /home/travis/build/icyphy/ptII/ptolemy/domains/de/test/auto/DEScheduleTest.xml
----------------- Instantiating /home/travis/build/icyphy/ptII/ptolemy/domains/de/test/auto/DEScheduleTest.xml
2 ms. Memory: 119808K Free: 86140K (72%)
----------------- Invoking toplevel() on ptolemy.moml.MoMLSimpleApplication@256a2500
----------------- Done invoking toplevel() on ptolemy.moml.MoMLSimpleApplication@256a2500
reloadAllAccessors: .DEScheduleTest
----------------- testing Sun May 27 01:20:44 UTC 2018 /home/travis/build/icyphy/ptII/ptolemy/domains/de/test/auto/DEinDEwithStartTimes.xml
----------------- Instantiating /home/travis/build/icyphy/ptII/ptolemy/domains/de/test/auto/DEinDEwithStartTimes.xml
2 ms. Memory: 119808K Free: 79338K (66%)
----------------- Invoking toplevel() on ptolemy.moml.MoMLSimpleApplication@69ec1f1e
----------------- Done invoking toplevel() on ptolemy.moml.MoMLSimpleApplication@69ec1f1e
reloadAllAccessors: .DEinDEwithStartTimes
----------------- testing Sun May 27 01:20:44 UTC 2018 /home/travis/build/icyphy/ptII/ptolemy/domains/de/test/auto/DEinDEwithStartTimes2.xml
----------------- Instantiating /home/travis/build/icyphy/ptII/ptolemy/domains/de/test/auto/DEinDEwithStartTimes2.xml
2 ms. Memory: 127488K Free: 117605K (92%)
----------------- Invoking toplevel() on ptolemy.moml.MoMLSimpleApplication@72558e7e
----------------- Done invoking toplevel() on ptolemy.moml.MoMLSimpleApplication@72558e7e
reloadAllAccessors: .DEinDEwithStartTimes2
----------------- testing Sun May 27 01:20:44 UTC 2018 /home/travis/build/icyphy/ptII/ptolemy/domains/de/test/auto/DateDemo.xml
----------------- Instantiating /home/travis/build/icyphy/ptII/ptolemy/domains/de/test/auto/DateDemo.xml
5 ms. Memory: 127488K Free: 104220K (82%)
----------------- Invoking toplevel() on ptolemy.moml.MoMLSimpleApplication@75b563e4
----------------- Done invoking toplevel() on ptolemy.moml.MoMLSimpleApplication@75b563e4
reloadAllAccessors: .DateDemo
----------------- testing Sun May 27 01:20:44 UTC 2018 /home/travis/build/icyphy/ptII/ptolemy/domains/de/test/auto/DateToEvent.xml
----------------- Instantiating /home/travis/build/icyphy/ptII/ptolemy/domains/de/test/auto/DateToEvent.xml
2004 ms. Memory: 127488K Free: 85759K (67%)
----------------- Invoking toplevel() on ptolemy.moml.MoMLSimpleApplication@4667a4d4
----------------- Done invoking toplevel() on ptolemy.moml.MoMLSimpleApplication@4667a4d4
reloadAllAccessors: .DateToEvent
----------------- testing Sun May 27 01:20:46 UTC 2018 /home/travis/build/icyphy/ptII/ptolemy/domains/de/test/auto/DepthTest1.xml
----------------- Instantiating /home/travis/build/icyphy/ptII/ptolemy/domains/de/test/auto/DepthTest1.xml
2 ms. Memory: 127488K Free: 82042K (64%)
----------------- Invoking toplevel() on ptolemy.moml.MoMLSimpleApplication@393b20ce
----------------- Done invoking toplevel() on ptolemy.moml.MoMLSimpleApplication@393b20ce
reloadAllAccessors: .DepthTest1
----------------- testing Sun May 27 01:20:46 UTC 2018 /home/travis/build/icyphy/ptII/ptolemy/domains/de/test/auto/DepthTest2.xml
----------------- Instantiating /home/travis/build/icyphy/ptII/ptolemy/domains/de/test/auto/DepthTest2.xml
2 ms. Memory: 127488K Free: 74501K (58%)
----------------- Invoking toplevel() on ptolemy.moml.MoMLSimpleApplication@3e54f963
----------------- Done invoking toplevel() on ptolemy.moml.MoMLSimpleApplication@3e54f963
reloadAllAccessors: .DepthTest2
----------------- testing Sun May 27 01:20:46 UTC 2018 /home/travis/build/icyphy/ptII/ptolemy/domains/de/test/auto/DepthTest3.xml
----------------- Instantiating /home/travis/build/icyphy/ptII/ptolemy/domains/de/test/auto/DepthTest3.xml
1 ms. Memory: 126464K Free: 115175K (91%)
----------------- Invoking toplevel() on ptolemy.moml.MoMLSimpleApplication@3ef5c823
----------------- Done invoking toplevel() on ptolemy.moml.MoMLSimpleApplication@3ef5c823
reloadAllAccessors: .DepthTest3
----------------- testing Sun May 27 01:20:46 UTC 2018 /home/travis/build/icyphy/ptII/ptolemy/domains/de/test/auto/DepthTest4.xml
----------------- Instantiating /home/travis/build/icyphy/ptII/ptolemy/domains/de/test/auto/DepthTest4.xml
2 ms. Memory: 126464K Free: 109192K (86%)
----------------- Invoking toplevel() on ptolemy.moml.MoMLSimpleApplication@253c635
----------------- Done invoking toplevel() on ptolemy.moml.MoMLSimpleApplication@253c635
reloadAllAccessors: .DepthTest4
----------------- testing Sun May 27 01:20:46 UTC 2018 /home/travis/build/icyphy/ptII/ptolemy/domains/de/test/auto/DepthTest5.xml
----------------- Instantiating /home/travis/build/icyphy/ptII/ptolemy/domains/de/test/auto/DepthTest5.xml
2 ms. Memory: 126464K Free: 102798K (81%)
----------------- Invoking toplevel() on ptolemy.moml.MoMLSimpleApplication@3b8f3b40
----------------- Done invoking toplevel() on ptolemy.moml.MoMLSimpleApplication@3b8f3b40
reloadAllAccessors: .DepthTest5
----------------- testing Sun May 27 01:20:46 UTC 2018 /home/travis/build/icyphy/ptII/ptolemy/domains/de/test/auto/DepthTest6.xml
----------------- Instantiating /home/travis/build/icyphy/ptII/ptolemy/domains/de/test/auto/DepthTest6.xml
2 ms. Memory: 126464K Free: 96315K (76%)
----------------- Invoking toplevel() on ptolemy.moml.MoMLSimpleApplication@2505e3ff
----------------- Done invoking toplevel() on ptolemy.moml.MoMLSimpleApplication@2505e3ff
reloadAllAccessors: .DepthTest6
----------------- testing Sun May 27 01:20:46 UTC 2018 /home/travis/build/icyphy/ptII/ptolemy/domains/de/test/auto/DepthTest7.xml
----------------- Instantiating /home/travis/build/icyphy/ptII/ptolemy/domains/de/test/auto/DepthTest7.xml
2 ms. Memory: 126464K Free: 90362K (71%)
----------------- Invoking toplevel() on ptolemy.moml.MoMLSimpleApplication@239affb6
----------------- Done invoking toplevel() on ptolemy.moml.MoMLSimpleApplication@239affb6
reloadAllAccessors: .DepthTest7
----------------- testing Sun May 27 01:20:46 UTC 2018 /home/travis/build/icyphy/ptII/ptolemy/domains/de/test/auto/EventToDate.xml
----------------- Instantiating /home/travis/build/icyphy/ptII/ptolemy/domains/de/test/auto/EventToDate.xml
3004 ms. Memory: 126464K Free: 74484K (59%)
----------------- Invoking toplevel() on ptolemy.moml.MoMLSimpleApplication@321c81b2
----------------- Done invoking toplevel() on ptolemy.moml.MoMLSimpleApplication@321c81b2
reloadAllAccessors: .EventToDate
----------------- testing Sun May 27 01:20:49 UTC 2018 /home/travis/build/icyphy/ptII/ptolemy/domains/de/test/auto/FSM1.xml
----------------- Instantiating /home/travis/build/icyphy/ptII/ptolemy/domains/de/test/auto/FSM1.xml
15 ms. Memory: 125952K Free: 105113K (83%)
----------------- Invoking toplevel() on ptolemy.moml.MoMLSimpleApplication@48d4e370
----------------- Done invoking toplevel() on ptolemy.moml.MoMLSimpleApplication@48d4e370
reloadAllAccessors: .FSM1
----------------- testing Sun May 27 01:20:49 UTC 2018 /home/travis/build/icyphy/ptII/ptolemy/domains/de/test/auto/FSM7.xml
----------------- Instantiating /home/travis/build/icyphy/ptII/ptolemy/domains/de/test/auto/FSM7.xml
19 ms. Memory: 125952K Free: 91144K (72%)
----------------- Invoking toplevel() on ptolemy.moml.MoMLSimpleApplication@6f6dc762
----------------- Done invoking toplevel() on ptolemy.moml.MoMLSimpleApplication@6f6dc762
reloadAllAccessors: .FSM7
----------------- testing Sun May 27 01:20:49 UTC 2018 /home/travis/build/icyphy/ptII/ptolemy/domains/de/test/auto/Inspection.xml
----------------- Instantiating /home/travis/build/icyphy/ptII/ptolemy/domains/de/test/auto/Inspection.xml
20 ms. Memory: 125952K Free: 76824K (61%)
----------------- Invoking toplevel() on ptolemy.moml.MoMLSimpleApplication@60000485
----------------- Done invoking toplevel() on ptolemy.moml.MoMLSimpleApplication@60000485
reloadAllAccessors: .Inspection
----------------- testing Sun May 27 01:20:49 UTC 2018 /home/travis/build/icyphy/ptII/ptolemy/domains/de/test/auto/Iteration.xml
----------------- Instantiating /home/travis/build/icyphy/ptII/ptolemy/domains/de/test/auto/Iteration.xml
9 ms. Memory: 124416K Free: 111122K (89%)
----------------- Invoking toplevel() on ptolemy.moml.MoMLSimpleApplication@572d9f8
----------------- Done invoking toplevel() on ptolemy.moml.MoMLSimpleApplication@572d9f8
reloadAllAccessors: .Iteration
----------------- testing Sun May 27 01:20:49 UTC 2018 /home/travis/build/icyphy/ptII/ptolemy/domains/de/test/auto/LineFault.xml
----------------- Instantiating /home/travis/build/icyphy/ptII/ptolemy/domains/de/test/auto/LineFault.xml
653 ms. Memory: 143872K Free: 105131K (73%)
----------------- Invoking toplevel() on ptolemy.moml.MoMLSimpleApplication@4c9d98ec
----------------- Done invoking toplevel() on ptolemy.moml.MoMLSimpleApplication@4c9d98ec
reloadAllAccessors: .LineFault
----------------- testing Sun May 27 01:20:50 UTC 2018 /home/travis/build/icyphy/ptII/ptolemy/domains/de/test/auto/MergeModel1Add.xml
----------------- Instantiating /home/travis/build/icyphy/ptII/ptolemy/domains/de/test/auto/MergeModel1Add.xml
14 ms. Memory: 143872K Free: 84002K (58%)
----------------- Invoking toplevel() on ptolemy.moml.MoMLSimpleApplication@61a49ffc
----------------- Done invoking toplevel() on ptolemy.moml.MoMLSimpleApplication@61a49ffc
reloadAllAccessors: .MergeModel1Add
----------------- testing Sun May 27 01:20:50 UTC 2018 /home/travis/build/icyphy/ptII/ptolemy/domains/de/test/auto/MergeModel2Add.xml
----------------- Instantiating /home/travis/build/icyphy/ptII/ptolemy/domains/de/test/auto/MergeModel2Add.xml
10 ms. Memory: 157696K Free: 139831K (89%)
----------------- Invoking toplevel() on ptolemy.moml.MoMLSimpleApplication@7c1d8e02
----------------- Done invoking toplevel() on ptolemy.moml.MoMLSimpleApplication@7c1d8e02
reloadAllAccessors: .MergeModel2Add
----------------- testing Sun May 27 01:20:50 UTC 2018 /home/travis/build/icyphy/ptII/ptolemy/domains/de/test/auto/MergeModel3Add.xml
----------------- Instantiating /home/travis/build/icyphy/ptII/ptolemy/domains/de/test/auto/MergeModel3Add.xml
8 ms. Memory: 157696K Free: 119635K (76%)
----------------- Invoking toplevel() on ptolemy.moml.MoMLSimpleApplication@639cac0c
----------------- Done invoking toplevel() on ptolemy.moml.MoMLSimpleApplication@639cac0c
reloadAllAccessors: .MergeModel3Add
----------------- testing Sun May 27 01:20:50 UTC 2018 /home/travis/build/icyphy/ptII/ptolemy/domains/de/test/auto/MergeWithoutDiscard.xml
----------------- Instantiating /home/travis/build/icyphy/ptII/ptolemy/domains/de/test/auto/MergeWithoutDiscard.xml
1 ms. Memory: 157696K Free: 114603K (73%)
----------------- Invoking toplevel() on ptolemy.moml.MoMLSimpleApplication@28b1ea25
----------------- Done invoking toplevel() on ptolemy.moml.MoMLSimpleApplication@28b1ea25
reloadAllAccessors: .MergeWithoutDiscard
----------------- testing Sun May 27 01:20:50 UTC 2018 /home/travis/build/icyphy/ptII/ptolemy/domains/de/test/auto/Modal1.xml
----------------- Instantiating /home/travis/build/icyphy/ptII/ptolemy/domains/de/test/auto/Modal1.xml
12 ms. Memory: 157696K Free: 100388K (64%)
----------------- Invoking toplevel() on ptolemy.moml.MoMLSimpleApplication@212e35a
----------------- Done invoking toplevel() on ptolemy.moml.MoMLSimpleApplication@212e35a
reloadAllAccessors: .Modal1
----------------- testing Sun May 27 01:20:51 UTC 2018 /home/travis/build/icyphy/ptII/ptolemy/domains/de/test/auto/Modal2.xml
----------------- Instantiating /home/travis/build/icyphy/ptII/ptolemy/domains/de/test/auto/Modal2.xml
14 ms. Memory: 157696K Free: 86181K (55%)
----------------- Invoking toplevel() on ptolemy.moml.MoMLSimpleApplication@64099996
----------------- Done invoking toplevel() on ptolemy.moml.MoMLSimpleApplication@64099996
reloadAllAccessors: .Modal2
----------------- testing Sun May 27 01:20:51 UTC 2018 /home/travis/build/icyphy/ptII/ptolemy/domains/de/test/auto/Modal3.xml
----------------- Instantiating /home/travis/build/icyphy/ptII/ptolemy/domains/de/test/auto/Modal3.xml
17 ms. Memory: 172032K Free: 161169K (94%)
----------------- Invoking toplevel() on ptolemy.moml.MoMLSimpleApplication@23202b
----------------- Done invoking toplevel() on ptolemy.moml.MoMLSimpleApplication@23202b
reloadAllAccessors: .Modal3
----------------- testing Sun May 27 01:20:51 UTC 2018 /home/travis/build/icyphy/ptII/ptolemy/domains/de/test/auto/Modal4.xml
----------------- Instantiating /home/travis/build/icyphy/ptII/ptolemy/domains/de/test/auto/Modal4.xml
13 ms. Memory: 172032K Free: 145886K (85%)
----------------- Invoking toplevel() on ptolemy.moml.MoMLSimpleApplication@3fde4d70
----------------- Done invoking toplevel() on ptolemy.moml.MoMLSimpleApplication@3fde4d70
reloadAllAccessors: .Modal4
----------------- testing Sun May 27 01:20:51 UTC 2018 /home/travis/build/icyphy/ptII/ptolemy/domains/de/test/auto/Modal5.xml
----------------- Instantiating /home/travis/build/icyphy/ptII/ptolemy/domains/de/test/auto/Modal5.xml
13 ms. Memory: 172032K Free: 131316K (76%)
----------------- Invoking toplevel() on ptolemy.moml.MoMLSimpleApplication@4014800f
----------------- Done invoking toplevel() on ptolemy.moml.MoMLSimpleApplication@4014800f
reloadAllAccessors: .Modal5
----------------- testing Sun May 27 01:20:51 UTC 2018 /home/travis/build/icyphy/ptII/ptolemy/domains/de/test/auto/Modal6.xml
----------------- Instantiating /home/travis/build/icyphy/ptII/ptolemy/domains/de/test/auto/Modal6.xml
13 ms. Memory: 172032K Free: 117269K (68%)
----------------- Invoking toplevel() on ptolemy.moml.MoMLSimpleApplication@2a0d8e6
----------------- Done invoking toplevel() on ptolemy.moml.MoMLSimpleApplication@2a0d8e6
reloadAllAccessors: .Modal6
----------------- testing Sun May 27 01:20:51 UTC 2018 /home/travis/build/icyphy/ptII/ptolemy/domains/de/test/auto/Modal7.xml
----------------- Instantiating /home/travis/build/icyphy/ptII/ptolemy/domains/de/test/auto/Modal7.xml
11 ms. Memory: 172032K Free: 102094K (59%)
----------------- Invoking toplevel() on ptolemy.moml.MoMLSimpleApplication@5370886d
----------------- Done invoking toplevel() on ptolemy.moml.MoMLSimpleApplication@5370886d
reloadAllAccessors: .Modal7
----------------- testing Sun May 27 01:20:51 UTC 2018 /home/travis/build/icyphy/ptII/ptolemy/domains/de/test/auto/ModalModel.xml
----------------- Instantiating /home/travis/build/icyphy/ptII/ptolemy/domains/de/test/auto/ModalModel.xml
206 ms. Memory: 190976K Free: 140306K (73%)
----------------- Invoking toplevel() on ptolemy.moml.MoMLSimpleApplication@5ffa83a0
----------------- Done invoking toplevel() on ptolemy.moml.MoMLSimpleApplication@5ffa83a0
reloadAllAccessors: .ModalModel
----------------- testing Sun May 27 01:20:51 UTC 2018 /home/travis/build/icyphy/ptII/ptolemy/domains/de/test/auto/ModalSource.xml
----------------- Instantiating /home/travis/build/icyphy/ptII/ptolemy/domains/de/test/auto/ModalSource.xml
6 ms. Memory: 190976K Free: 130357K (68%)
----------------- Invoking toplevel() on ptolemy.moml.MoMLSimpleApplication@2d3c216a
----------------- Done invoking toplevel() on ptolemy.moml.MoMLSimpleApplication@2d3c216a
reloadAllAccessors: .ModalSource
----------------- testing Sun May 27 01:20:51 UTC 2018 /home/travis/build/icyphy/ptII/ptolemy/domains/de/test/auto/NonInterruptibleTimerZeroDelay.xml
----------------- Instantiating /home/travis/build/icyphy/ptII/ptolemy/domains/de/test/auto/NonInterruptibleTimerZeroDelay.xml
2 ms. Memory: 190976K Free: 126190K (66%)
----------------- Invoking toplevel() on ptolemy.moml.MoMLSimpleApplication@1293cf62
----------------- Done invoking toplevel() on ptolemy.moml.MoMLSimpleApplication@1293cf62
reloadAllAccessors: .NonInterruptibleTimerZeroDelay
----------------- testing Sun May 27 01:20:51 UTC 2018 /home/travis/build/icyphy/ptII/ptolemy/domains/de/test/auto/OpenQueueingNetwork.xml
----------------- Instantiating /home/travis/build/icyphy/ptII/ptolemy/domains/de/test/auto/OpenQueueingNetwork.xml
3135 ms. Memory: 228352K Free: 138126K (60%)
----------------- Invoking toplevel() on ptolemy.moml.MoMLSimpleApplication@3f2fab0f
----------------- Done invoking toplevel() on ptolemy.moml.MoMLSimpleApplication@3f2fab0f
reloadAllAccessors: .OpenQueueingNetwork
----------------- testing Sun May 27 01:20:54 UTC 2018 /home/travis/build/icyphy/ptII/ptolemy/domains/de/test/auto/OpenQueuingNetwork.xml
----------------- Instantiating /home/travis/build/icyphy/ptII/ptolemy/domains/de/test/auto/OpenQueuingNetwork.xml
372 ms. Memory: 221696K Free: 189320K (85%)
----------------- Invoking toplevel() on ptolemy.moml.MoMLSimpleApplication@6cc7742
----------------- Done invoking toplevel() on ptolemy.moml.MoMLSimpleApplication@6cc7742
reloadAllAccessors: .OpenQueuingNetwork
----------------- testing Sun May 27 01:20:55 UTC 2018 /home/travis/build/icyphy/ptII/ptolemy/domains/de/test/auto/PeriodicSampler.xml
----------------- Instantiating /home/travis/build/icyphy/ptII/ptolemy/domains/de/test/auto/PeriodicSampler.xml
2 ms. Memory: 221696K Free: 183634K (83%)
----------------- Invoking toplevel() on ptolemy.moml.MoMLSimpleApplication@126efb12
----------------- Done invoking toplevel() on ptolemy.moml.MoMLSimpleApplication@126efb12
reloadAllAccessors: .PeriodicSampler
----------------- testing Sun May 27 01:20:55 UTC 2018 /home/travis/build/icyphy/ptII/ptolemy/domains/de/test/auto/PersistentIO.xml
----------------- Instantiating /home/travis/build/icyphy/ptII/ptolemy/domains/de/test/auto/PersistentIO.xml
5 ms. Memory: 221696K Free: 173259K (78%)
----------------- Invoking toplevel() on ptolemy.moml.MoMLSimpleApplication@b4cbae4
----------------- Done invoking toplevel() on ptolemy.moml.MoMLSimpleApplication@b4cbae4
reloadAllAccessors: .PersistentIO
----------------- testing Sun May 27 01:20:55 UTC 2018 /home/travis/build/icyphy/ptII/ptolemy/domains/de/test/auto/PortParameterResetOnInitialize.xml
----------------- Instantiating /home/travis/build/icyphy/ptII/ptolemy/domains/de/test/auto/PortParameterResetOnInitialize.xml
2 ms. Memory: 221696K Free: 167177K (75%)
----------------- Invoking toplevel() on ptolemy.moml.MoMLSimpleApplication@2188329a
----------------- Done invoking toplevel() on ptolemy.moml.MoMLSimpleApplication@2188329a
reloadAllAccessors: .PortParameterResetOnInitialize
----------------- testing Sun May 27 01:20:55 UTC 2018 /home/travis/build/icyphy/ptII/ptolemy/domains/de/test/auto/PortParameterUpdates.xml
----------------- Instantiating /home/travis/build/icyphy/ptII/ptolemy/domains/de/test/auto/PortParameterUpdates.xml
3 ms. Memory: 221696K Free: 159637K (72%)
----------------- Invoking toplevel() on ptolemy.moml.MoMLSimpleApplication@53b5f78a
----------------- Done invoking toplevel() on ptolemy.moml.MoMLSimpleApplication@53b5f78a
reloadAllAccessors: .PortParameterUpdates
----------------- testing Sun May 27 01:20:55 UTC 2018 /home/travis/build/icyphy/ptII/ptolemy/domains/de/test/auto/QueueAndServer.xml
----------------- Instantiating /home/travis/build/icyphy/ptII/ptolemy/domains/de/test/auto/QueueAndServer.xml
7 ms. Memory: 221696K Free: 150729K (68%)
----------------- Invoking toplevel() on ptolemy.moml.MoMLSimpleApplication@40b8c203
----------------- Done invoking toplevel() on ptolemy.moml.MoMLSimpleApplication@40b8c203
reloadAllAccessors: .QueueAndServer
----------------- testing Sun May 27 01:20:55 UTC 2018 /home/travis/build/icyphy/ptII/ptolemy/domains/de/test/auto/Records.xml
----------------- Instantiating /home/travis/build/icyphy/ptII/ptolemy/domains/de/test/auto/Records.xml
3 ms. Memory: 221696K Free: 143181K (65%)
----------------- Invoking toplevel() on ptolemy.moml.MoMLSimpleApplication@5035c25e
----------------- Done invoking toplevel() on ptolemy.moml.MoMLSimpleApplication@5035c25e
reloadAllAccessors: .Records
----------------- testing Sun May 27 01:20:55 UTC 2018 /home/travis/build/icyphy/ptII/ptolemy/domains/de/test/auto/ResetTransitionWithStartTime1.xml
----------------- Instantiating /home/travis/build/icyphy/ptII/ptolemy/domains/de/test/auto/ResetTransitionWithStartTime1.xml
6 ms. Memory: 221696K Free: 132814K (60%)
----------------- Invoking toplevel() on ptolemy.moml.MoMLSimpleApplication@57b8e826
----------------- Done invoking toplevel() on ptolemy.moml.MoMLSimpleApplication@57b8e826
reloadAllAccessors: .ResetTransitionWithStartTime1
----------------- testing Sun May 27 01:20:55 UTC 2018 /home/travis/build/icyphy/ptII/ptolemy/domains/de/test/auto/ResetTransitionWithStartTime2.xml
----------------- Instantiating /home/travis/build/icyphy/ptII/ptolemy/domains/de/test/auto/ResetTransitionWithStartTime2.xml
5 ms. Memory: 221696K Free: 122430K (55%)
----------------- Invoking toplevel() on ptolemy.moml.MoMLSimpleApplication@363b41f3
----------------- Done invoking toplevel() on ptolemy.moml.MoMLSimpleApplication@363b41f3
reloadAllAccessors: .ResetTransitionWithStartTime2
----------------- testing Sun May 27 01:20:55 UTC 2018 /home/travis/build/icyphy/ptII/ptolemy/domains/de/test/auto/ResetTransitionWithStartTime3.xml
----------------- Instantiating /home/travis/build/icyphy/ptII/ptolemy/domains/de/test/auto/ResetTransitionWithStartTime3.xml
5 ms. Memory: 221696K Free: 112133K (51%)
----------------- Invoking toplevel() on ptolemy.moml.MoMLSimpleApplication@6cc8c91d
----------------- Done invoking toplevel() on ptolemy.moml.MoMLSimpleApplication@6cc8c91d
reloadAllAccessors: .ResetTransitionWithStartTime3
----------------- testing Sun May 27 01:20:55 UTC 2018 /home/travis/build/icyphy/ptII/ptolemy/domains/de/test/auto/ResetTransitionWithStartTime4.xml
----------------- Instantiating /home/travis/build/icyphy/ptII/ptolemy/domains/de/test/auto/ResetTransitionWithStartTime4.xml
6 ms. Memory: 221696K Free: 103188K (47%)
----------------- Invoking toplevel() on ptolemy.moml.MoMLSimpleApplication@2ba48274
----------------- Done invoking toplevel() on ptolemy.moml.MoMLSimpleApplication@2ba48274
reloadAllAccessors: .ResetTransitionWithStartTime4
----------------- testing Sun May 27 01:20:55 UTC 2018 /home/travis/build/icyphy/ptII/ptolemy/domains/de/test/auto/ResettableTimer1.xml
----------------- Instantiating /home/travis/build/icyphy/ptII/ptolemy/domains/de/test/auto/ResettableTimer1.xml
2 ms. Memory: 221696K Free: 97054K (44%)
----------------- Invoking toplevel() on ptolemy.moml.MoMLSimpleApplication@3b6a2006
----------------- Done invoking toplevel() on ptolemy.moml.MoMLSimpleApplication@3b6a2006
reloadAllAccessors: .ResettableTimer1
----------------- testing Sun May 27 01:20:55 UTC 2018 /home/travis/build/icyphy/ptII/ptolemy/domains/de/test/auto/ResettableTimer2.xml
----------------- Instantiating /home/travis/build/icyphy/ptII/ptolemy/domains/de/test/auto/ResettableTimer2.xml
2 ms. Memory: 221696K Free: 90922K (41%)
----------------- Invoking toplevel() on ptolemy.moml.MoMLSimpleApplication@6cc46fc1
----------------- Done invoking toplevel() on ptolemy.moml.MoMLSimpleApplication@6cc46fc1
reloadAllAccessors: .ResettableTimer2
----------------- testing Sun May 27 01:20:55 UTC 2018 /home/travis/build/icyphy/ptII/ptolemy/domains/de/test/auto/ResettableTimer3.xml
----------------- Instantiating /home/travis/build/icyphy/ptII/ptolemy/domains/de/test/auto/ResettableTimer3.xml
2 ms. Memory: 221696K Free: 84789K (38%)
----------------- Invoking toplevel() on ptolemy.moml.MoMLSimpleApplication@77499830
----------------- Done invoking toplevel() on ptolemy.moml.MoMLSimpleApplication@77499830
reloadAllAccessors: .ResettableTimer3
----------------- testing Sun May 27 01:20:55 UTC 2018 /home/travis/build/icyphy/ptII/ptolemy/domains/de/test/auto/ResettableTimer4.xml
----------------- Instantiating /home/travis/build/icyphy/ptII/ptolemy/domains/de/test/auto/ResettableTimer4.xml
1 ms. Memory: 221696K Free: 78701K (35%)
----------------- Invoking toplevel() on ptolemy.moml.MoMLSimpleApplication@678635bb
----------------- Done invoking toplevel() on ptolemy.moml.MoMLSimpleApplication@678635bb
reloadAllAccessors: .ResettableTimer4
----------------- testing Sun May 27 01:20:55 UTC 2018 /home/travis/build/icyphy/ptII/ptolemy/domains/de/test/auto/ResettableTimer5.xml
----------------- Instantiating /home/travis/build/icyphy/ptII/ptolemy/domains/de/test/auto/ResettableTimer5.xml
1 ms. Memory: 221696K Free: 72567K (33%)
----------------- Invoking toplevel() on ptolemy.moml.MoMLSimpleApplication@14f22110
----------------- Done invoking toplevel() on ptolemy.moml.MoMLSimpleApplication@14f22110
reloadAllAccessors: .ResettableTimer5
----------------- testing Sun May 27 01:20:55 UTC 2018 /home/travis/build/icyphy/ptII/ptolemy/domains/de/test/auto/ResettableTimer6.xml
----------------- Instantiating /home/travis/build/icyphy/ptII/ptolemy/domains/de/test/auto/ResettableTimer6.xml
5 ms. Memory: 216064K Free: 200116K (93%)
----------------- Invoking toplevel() on ptolemy.moml.MoMLSimpleApplication@561a48a2
----------------- Done invoking toplevel() on ptolemy.moml.MoMLSimpleApplication@561a48a2
reloadAllAccessors: .ResettableTimer6
----------------- testing Sun May 27 01:20:55 UTC 2018 /home/travis/build/icyphy/ptII/ptolemy/domains/de/test/auto/ServerZeroDelay.xml
----------------- Instantiating /home/travis/build/icyphy/ptII/ptolemy/domains/de/test/auto/ServerZeroDelay.xml
2 ms. Memory: 216064K Free: 195078K (90%)
----------------- Invoking toplevel() on ptolemy.moml.MoMLSimpleApplication@e183fda
----------------- Done invoking toplevel() on ptolemy.moml.MoMLSimpleApplication@e183fda
reloadAllAccessors: .ServerZeroDelay
----------------- testing Sun May 27 01:20:55 UTC 2018 /home/travis/build/icyphy/ptII/ptolemy/domains/de/test/auto/SmartSender.xml
----------------- Instantiating /home/travis/build/icyphy/ptII/ptolemy/domains/de/test/auto/SmartSender.xml
3002 ms. Memory: 216064K Free: 190030K (88%)
----------------- Invoking toplevel() on ptolemy.moml.MoMLSimpleApplication@5aabfbba
----------------- Done invoking toplevel() on ptolemy.moml.MoMLSimpleApplication@5aabfbba
reloadAllAccessors: .SmartSender
----------------- testing Sun May 27 01:20:58 UTC 2018 /home/travis/build/icyphy/ptII/ptolemy/domains/de/test/auto/ThreadedComposite.xml
----------------- Instantiating /home/travis/build/icyphy/ptII/ptolemy/domains/de/test/auto/ThreadedComposite.xml
194 ms. Memory: 216064K Free: 166130K (77%)
----------------- Invoking toplevel() on ptolemy.moml.MoMLSimpleApplication@79798bef
----------------- Done invoking toplevel() on ptolemy.moml.MoMLSimpleApplication@79798bef
reloadAllAccessors: .ThreadedComposite
----------------- testing Sun May 27 01:20:58 UTC 2018 /home/travis/build/icyphy/ptII/ptolemy/domains/de/test/auto/Time.xml
----------------- Instantiating /home/travis/build/icyphy/ptII/ptolemy/domains/de/test/auto/Time.xml
600 ms. Memory: 216064K Free: 111887K (52%)
----------------- Invoking toplevel() on ptolemy.moml.MoMLSimpleApplication@65079c5e
----------------- Done invoking toplevel() on ptolemy.moml.MoMLSimpleApplication@65079c5e
reloadAllAccessors: .Time
----------------- testing Sun May 27 01:20:59 UTC 2018 /home/travis/build/icyphy/ptII/ptolemy/domains/de/test/auto/TimeDelayZeroDelay.xml
----------------- Instantiating /home/travis/build/icyphy/ptII/ptolemy/domains/de/test/auto/TimeDelayZeroDelay.xml
2 ms. Memory: 216064K Free: 106800K (49%)
----------------- Invoking toplevel() on ptolemy.moml.MoMLSimpleApplication@56731608
----------------- Done invoking toplevel() on ptolemy.moml.MoMLSimpleApplication@56731608
reloadAllAccessors: .TimeDelayZeroDelay
----------------- testing Sun May 27 01:20:59 UTC 2018 /home/travis/build/icyphy/ptII/ptolemy/domains/de/test/auto/TimerZeroDelay.xml
----------------- Instantiating /home/travis/build/icyphy/ptII/ptolemy/domains/de/test/auto/TimerZeroDelay.xml
3 ms. Memory: 216064K Free: 101704K (47%)
----------------- Invoking toplevel() on ptolemy.moml.MoMLSimpleApplication@1a4c023b
----------------- Done invoking toplevel() on ptolemy.moml.MoMLSimpleApplication@1a4c023b
reloadAllAccessors: .TimerZeroDelay
----------------- testing Sun May 27 01:20:59 UTC 2018 /home/travis/build/icyphy/ptII/ptolemy/domains/de/test/auto/TimingParadox.xml
----------------- Instantiating /home/travis/build/icyphy/ptII/ptolemy/domains/de/test/auto/TimingParadox.xml
403 ms. Memory: 211968K Free: 161841K (76%)
----------------- Invoking toplevel() on ptolemy.moml.MoMLSimpleApplication@5c2c431e
----------------- Done invoking toplevel() on ptolemy.moml.MoMLSimpleApplication@5c2c431e
reloadAllAccessors: .TimingParadox
----------------- testing Sun May 27 01:21:00 UTC 2018 /home/travis/build/icyphy/ptII/ptolemy/domains/de/test/auto/TransferInputs.xml
----------------- Instantiating /home/travis/build/icyphy/ptII/ptolemy/domains/de/test/auto/TransferInputs.xml
2 ms. Memory: 211968K Free: 156967K (74%)
----------------- Invoking toplevel() on ptolemy.moml.MoMLSimpleApplication@224d0328
----------------- Done invoking toplevel() on ptolemy.moml.MoMLSimpleApplication@224d0328
reloadAllAccessors: .TransferInputs
----------------- testing Sun May 27 01:21:00 UTC 2018 /home/travis/build/icyphy/ptII/ptolemy/domains/de/test/auto/TransferOutputs2.xml
----------------- Instantiating /home/travis/build/icyphy/ptII/ptolemy/domains/de/test/auto/TransferOutputs2.xml
3 ms. Memory: 211968K Free: 147711K (70%)
----------------- Invoking toplevel() on ptolemy.moml.MoMLSimpleApplication@66c45d43
----------------- Done invoking toplevel() on ptolemy.moml.MoMLSimpleApplication@66c45d43
reloadAllAccessors: .TransferOutputs2
----------------- testing Sun May 27 01:21:00 UTC 2018 /home/travis/build/icyphy/ptII/ptolemy/domains/de/test/auto/Trilateration.xml
----------------- Instantiating /home/travis/build/icyphy/ptII/ptolemy/domains/de/test/auto/Trilateration.xml
13163 ms. Memory: 347136K Free: 190929K (55%)
----------------- Invoking toplevel() on ptolemy.moml.MoMLSimpleApplication@27a5c62d
----------------- Done invoking toplevel() on ptolemy.moml.MoMLSimpleApplication@27a5c62d
reloadAllAccessors: .Trilateration
----------------- testing Sun May 27 01:21:14 UTC 2018 /home/travis/build/icyphy/ptII/ptolemy/domains/de/test/auto/TwoSigmaDelta.xml
----------------- Instantiating /home/travis/build/icyphy/ptII/ptolemy/domains/de/test/auto/TwoSigmaDelta.xml
2606 ms. Memory: 332288K Free: 148199K (45%)
----------------- Invoking toplevel() on ptolemy.moml.MoMLSimpleApplication@19c26a89
----------------- Done invoking toplevel() on ptolemy.moml.MoMLSimpleApplication@19c26a89
reloadAllAccessors: .TwoSigmaDelta
----------------- testing Sun May 27 01:21:16 UTC 2018 /home/travis/build/icyphy/ptII/ptolemy/domains/de/test/auto/VariableDelay.xml
----------------- Instantiating /home/travis/build/icyphy/ptII/ptolemy/domains/de/test/auto/VariableDelay.xml
3 ms. Memory: 332288K Free: 137449K (41%)
----------------- Invoking toplevel() on ptolemy.moml.MoMLSimpleApplication@1c0a2d6e
----------------- Done invoking toplevel() on ptolemy.moml.MoMLSimpleApplication@1c0a2d6e
reloadAllAccessors: .VariableDelay
----------------- testing Sun May 27 01:21:16 UTC 2018 /home/travis/build/icyphy/ptII/ptolemy/domains/de/test/auto/VariableDelay2.xml
----------------- Instantiating /home/travis/build/icyphy/ptII/ptolemy/domains/de/test/auto/VariableDelay2.xml
2 ms. Memory: 332288K Free: 129421K (39%)
----------------- Invoking toplevel() on ptolemy.moml.MoMLSimpleApplication@6fca64f8
----------------- Done invoking toplevel() on ptolemy.moml.MoMLSimpleApplication@6fca64f8
reloadAllAccessors: .VariableDelay2
----------------- testing Sun May 27 01:21:16 UTC 2018 /home/travis/build/icyphy/ptII/ptolemy/domains/de/test/auto/VariableDelayZeroDelay.xml
----------------- Instantiating /home/travis/build/icyphy/ptII/ptolemy/domains/de/test/auto/VariableDelayZeroDelay.xml
6 ms. Memory: 332288K Free: 121325K (37%)
----------------- Invoking toplevel() on ptolemy.moml.MoMLSimpleApplication@4ac2e609
----------------- Done invoking toplevel() on ptolemy.moml.MoMLSimpleApplication@4ac2e609
reloadAllAccessors: .VariableDelayZeroDelay
----------------- testing Sun May 27 01:21:16 UTC 2018 /home/travis/build/icyphy/ptII/ptolemy/domains/de/test/auto/VariableDelayZeroDelay2.xml
----------------- Instantiating /home/travis/build/icyphy/ptII/ptolemy/domains/de/test/auto/VariableDelayZeroDelay2.xml
2 ms. Memory: 332288K Free: 113297K (34%)
----------------- Invoking toplevel() on ptolemy.moml.MoMLSimpleApplication@7beaf9f2
----------------- Done invoking toplevel() on ptolemy.moml.MoMLSimpleApplication@7beaf9f2
reloadAllAccessors: .VariableDelayZeroDelay2
----------------- testing Sun May 27 01:21:16 UTC 2018 /home/travis/build/icyphy/ptII/ptolemy/domains/de/test/auto/deInCt.xml
----------------- Instantiating /home/travis/build/icyphy/ptII/ptolemy/domains/de/test/auto/deInCt.xml
0
1
1
1
1
1
1
1
1
1
0
0
0
1
1
1
1
0
0
0
0
0
9 ms. Memory: 332288K Free: 105182K (32%)
----------------- Invoking toplevel() on ptolemy.moml.MoMLSimpleApplication@55e54dde
----------------- Done invoking toplevel() on ptolemy.moml.MoMLSimpleApplication@55e54dde
reloadAllAccessors: .deInCt
----------------- testing Sun May 27 01:21:16 UTC 2018 /home/travis/build/icyphy/ptII/ptolemy/domains/de/test/auto/deInCt2.xml
----------------- Instantiating /home/travis/build/icyphy/ptII/ptolemy/domains/de/test/auto/deInCt2.xml
0
1
1
1
0
0
1
1
1
0
0
1
1
1
0
0
1
1
1
0
0
1
1
1
0
0
1
1
1
0
0
1
1
1
0
0
1
1
1
0
0
0
8 ms. Memory: 332288K Free: 97153K (29%)
----------------- Invoking toplevel() on ptolemy.moml.MoMLSimpleApplication@26a3eb50
----------------- Done invoking toplevel() on ptolemy.moml.MoMLSimpleApplication@26a3eb50
reloadAllAccessors: .deInCt2
----------------- testing Sun May 27 01:21:16 UTC 2018 /home/travis/build/icyphy/ptII/ptolemy/domains/de/test/auto/dynamicCausalityInterface1.xml
----------------- Instantiating /home/travis/build/icyphy/ptII/ptolemy/domains/de/test/auto/dynamicCausalityInterface1.xml
1 ms. Memory: 332288K Free: 84016K (25%)
----------------- Invoking toplevel() on ptolemy.moml.MoMLSimpleApplication@2a588d65
----------------- Done invoking toplevel() on ptolemy.moml.MoMLSimpleApplication@2a588d65
reloadAllAccessors: .dynamicCausalityInterface1
----------------- testing Sun May 27 01:21:16 UTC 2018 /home/travis/build/icyphy/ptII/ptolemy/domains/de/test/auto/fsm_de_test.xml
----------------- Instantiating /home/travis/build/icyphy/ptII/ptolemy/domains/de/test/auto/fsm_de_test.xml
8 ms. Memory: 332288K Free: 70972K (21%)
----------------- Invoking toplevel() on ptolemy.moml.MoMLSimpleApplication@6cf05916
----------------- Done invoking toplevel() on ptolemy.moml.MoMLSimpleApplication@6cf05916
reloadAllAccessors: .fsm_de_test
----------------- testing Sun May 27 01:21:17 UTC 2018 /home/travis/build/icyphy/ptII/ptolemy/domains/de/test/auto/functionDependencyReconstruction.xml
----------------- Instantiating /home/travis/build/icyphy/ptII/ptolemy/domains/de/test/auto/functionDependencyReconstruction.xml
3 ms. Memory: 332288K Free: 53516K (16%)
----------------- Invoking toplevel() on ptolemy.moml.MoMLSimpleApplication@79358911
----------------- Done invoking toplevel() on ptolemy.moml.MoMLSimpleApplication@79358911
reloadAllAccessors: .functionDependencyReconstruction
----------------- testing Sun May 27 01:21:17 UTC 2018 /home/travis/build/icyphy/ptII/ptolemy/domains/de/test/auto/multirate.xml
----------------- Instantiating /home/travis/build/icyphy/ptII/ptolemy/domains/de/test/auto/multirate.xml
4 ms. Memory: 321024K Free: 282066K (88%)
----------------- Invoking toplevel() on ptolemy.moml.MoMLSimpleApplication@7d4ad21a
----------------- Done invoking toplevel() on ptolemy.moml.MoMLSimpleApplication@7d4ad21a
reloadAllAccessors: .multirate
----------------- testing Sun May 27 01:21:17 UTC 2018 /home/travis/build/icyphy/ptII/ptolemy/domains/de/test/auto/multirate2.xml
----------------- Instantiating /home/travis/build/icyphy/ptII/ptolemy/domains/de/test/auto/multirate2.xml
5 ms. Memory: 321024K Free: 271934K (85%)
----------------- Invoking toplevel() on ptolemy.moml.MoMLSimpleApplication@2d175eab
----------------- Done invoking toplevel() on ptolemy.moml.MoMLSimpleApplication@2d175eab
reloadAllAccessors: .multirate2
----------------- testing Sun May 27 01:21:17 UTC 2018 /home/travis/build/icyphy/ptII/ptolemy/domains/de/test/auto/realtime.xml
----------------- Instantiating /home/travis/build/icyphy/ptII/ptolemy/domains/de/test/auto/realtime.xml
10002 ms. Memory: 321024K Free: 264214K (82%)
----------------- Invoking toplevel() on ptolemy.moml.MoMLSimpleApplication@6263de8f
----------------- Done invoking toplevel() on ptolemy.moml.MoMLSimpleApplication@6263de8f
reloadAllAccessors: .realtime
----------------- testing Sun May 27 01:21:27 UTC 2018 /home/travis/build/icyphy/ptII/ptolemy/domains/de/test/auto/relationGroup.xml
----------------- Instantiating /home/travis/build/icyphy/ptII/ptolemy/domains/de/test/auto/relationGroup.xml
2 ms. Memory: 321024K Free: 258820K (81%)
----------------- Invoking toplevel() on ptolemy.moml.MoMLSimpleApplication@6f93e592
----------------- Done invoking toplevel() on ptolemy.moml.MoMLSimpleApplication@6f93e592
reloadAllAccessors: .relationGroup
----------------- testing Sun May 27 01:21:27 UTC 2018 /home/travis/build/icyphy/ptII/ptolemy/domains/de/test/auto/relationGroup2.xml
----------------- Instantiating /home/travis/build/icyphy/ptII/ptolemy/domains/de/test/auto/relationGroup2.xml
1 ms. Memory: 321024K Free: 253512K (79%)
----------------- Invoking toplevel() on ptolemy.moml.MoMLSimpleApplication@37838713
----------------- Done invoking toplevel() on ptolemy.moml.MoMLSimpleApplication@37838713
reloadAllAccessors: .relationGroup2
----------------- testing Sun May 27 01:21:27 UTC 2018 /home/travis/build/icyphy/ptII/ptolemy/domains/de/test/auto/sortWithOpaquePorts.xml
----------------- Instantiating /home/travis/build/icyphy/ptII/ptolemy/domains/de/test/auto/sortWithOpaquePorts.xml
1 ms. Memory: 321024K Free: 245707K (77%)
----------------- Invoking toplevel() on ptolemy.moml.MoMLSimpleApplication@7d6e459a
----------------- Done invoking toplevel() on ptolemy.moml.MoMLSimpleApplication@7d6e459a
reloadAllAccessors: .sortWithOpaquePorts
----------------- testing Sun May 27 01:21:27 UTC 2018 /home/travis/build/icyphy/ptII/ptolemy/domains/de/test/auto/transferInputsandOutputs.xml
----------------- Instantiating /home/travis/build/icyphy/ptII/ptolemy/domains/de/test/auto/transferInputsandOutputs.xml
2 ms. Memory: 321024K Free: 235591K (73%)
----------------- Invoking toplevel() on ptolemy.moml.MoMLSimpleApplication@6eb7a2f7
----------------- Done invoking toplevel() on ptolemy.moml.MoMLSimpleApplication@6eb7a2f7
reloadAllAccessors: .transferInputsandOutputs
----------------- testing Sun May 27 01:21:27 UTC 2018 /home/travis/build/icyphy/ptII/ptolemy/domains/de/test/auto/triggerType.xml
----------------- Instantiating /home/travis/build/icyphy/ptII/ptolemy/domains/de/test/auto/triggerType.xml
2 ms. Memory: 321024K Free: 227786K (71%)
----------------- Invoking toplevel() on ptolemy.moml.MoMLSimpleApplication@28f2b3e9
----------------- Done invoking toplevel() on ptolemy.moml.MoMLSimpleApplication@28f2b3e9
reloadAllAccessors: .triggerType
AutoTests.java: About to close Vertx.
AutoTests.java: Vertx closed.
]]></system-out>
  <system-err><![CDATA[java.lang.RuntimeException: Execution failed
	at ptolemy.moml.MoMLSimpleApplication$UnloadThread.run(MoMLSimpleApplication.java:402)
Caused by: ptolemy.kernel.util.IllegalActionException: Found a zero delay loop containing .dependencyLoop.original
  in .dependencyLoop and .dependencyLoop.original
	at ptolemy.actor.util.CausalityInterfaceForComposites._computeOutputPortDepth(CausalityInterfaceForComposites.java:759)
	at ptolemy.actor.util.CausalityInterfaceForComposites._computeInputDepth(CausalityInterfaceForComposites.java:696)
	at ptolemy.actor.util.CausalityInterfaceForComposites._computeOutputPortDepth(CausalityInterfaceForComposites.java:765)
	at ptolemy.actor.util.CausalityInterfaceForComposites._computeInputDepth(CausalityInterfaceForComposites.java:696)
	at ptolemy.actor.util.CausalityInterfaceForComposites._computeOutputPortDepth(CausalityInterfaceForComposites.java:765)
	at ptolemy.actor.util.CausalityInterfaceForComposites._computeInputDepth(CausalityInterfaceForComposites.java:696)
	at ptolemy.actor.util.CausalityInterfaceForComposites._computeActorDepth(CausalityInterfaceForComposites.java:532)
	at ptolemy.actor.util.CausalityInterfaceForComposites.checkForCycles(CausalityInterfaceForComposites.java:96)
	at ptolemy.domains.de.kernel.DEDirector.preinitialize(DEDirector.java:1337)
	at ptolemy.actor.CompositeActor.preinitialize(CompositeActor.java:1828)
	at ptolemy.actor.Manager.preinitializeAndResolveTypes(Manager.java:1040)
	at ptolemy.actor.Manager.initialize(Manager.java:710)
	at ptolemy.actor.Manager.execute(Manager.java:356)
	at ptolemy.actor.Manager.run(Manager.java:1263)
	at ptolemy.actor.Manager$PtolemyRunThread.run(Manager.java:1915)
java.lang.RuntimeException: Execution failed
	at ptolemy.moml.MoMLSimpleApplication$UnloadThread.run(MoMLSimpleApplication.java:402)
Caused by: ptolemy.kernel.util.IllegalActionException: Found a zero delay loop containing .dependencyLoop2.original
  in .dependencyLoop2 and .dependencyLoop2.original
	at ptolemy.actor.util.CausalityInterfaceForComposites._computeOutputPortDepth(CausalityInterfaceForComposites.java:759)
	at ptolemy.actor.util.CausalityInterfaceForComposites._computeInputDepth(CausalityInterfaceForComposites.java:696)
	at ptolemy.actor.util.CausalityInterfaceForComposites._computeOutputPortDepth(CausalityInterfaceForComposites.java:765)
	at ptolemy.actor.util.CausalityInterfaceForComposites._computeInputDepth(CausalityInterfaceForComposites.java:696)
	at ptolemy.actor.util.CausalityInterfaceForComposites._computeOutputPortDepth(CausalityInterfaceForComposites.java:765)
	at ptolemy.actor.util.CausalityInterfaceForComposites._computeInputDepth(CausalityInterfaceForComposites.java:696)
	at ptolemy.actor.util.CausalityInterfaceForComposites._computeActorDepth(CausalityInterfaceForComposites.java:532)
	at ptolemy.actor.util.CausalityInterfaceForComposites.checkForCycles(CausalityInterfaceForComposites.java:96)
	at ptolemy.domains.de.kernel.DEDirector.preinitialize(DEDirector.java:1337)
	at ptolemy.actor.CompositeActor.preinitialize(CompositeActor.java:1828)
	at ptolemy.actor.Manager.preinitializeAndResolveTypes(Manager.java:1040)
	at ptolemy.actor.Manager.initialize(Manager.java:710)
	at ptolemy.actor.Manager.execute(Manager.java:356)
	at ptolemy.actor.Manager.run(Manager.java:1263)
	at ptolemy.actor.Manager$PtolemyRunThread.run(Manager.java:1915)
java.lang.RuntimeException: Execution failed
	at ptolemy.moml.MoMLSimpleApplication$UnloadThread.run(MoMLSimpleApplication.java:402)
Caused by: ptolemy.kernel.util.IllegalActionException: Found a zero delay loop containing .dependencyLoop.original
  in .dependencyLoop and .dependencyLoop.original
	at ptolemy.actor.util.CausalityInterfaceForComposites._computeOutputPortDepth(CausalityInterfaceForComposites.java:759)
	at ptolemy.actor.util.CausalityInterfaceForComposites._computeInputDepth(CausalityInterfaceForComposites.java:696)
	at ptolemy.actor.util.CausalityInterfaceForComposites._computeOutputPortDepth(CausalityInterfaceForComposites.java:765)
	at ptolemy.actor.util.CausalityInterfaceForComposites._computeInputDepth(CausalityInterfaceForComposites.java:696)
	at ptolemy.actor.util.CausalityInterfaceForComposites._computeOutputPortDepth(CausalityInterfaceForComposites.java:765)
	at ptolemy.actor.util.CausalityInterfaceForComposites._computeInputDepth(CausalityInterfaceForComposites.java:696)
	at ptolemy.actor.util.CausalityInterfaceForComposites._computeActorDepth(CausalityInterfaceForComposites.java:532)
	at ptolemy.actor.util.CausalityInterfaceForComposites.checkForCycles(CausalityInterfaceForComposites.java:96)
	at ptolemy.domains.de.kernel.DEDirector.preinitialize(DEDirector.java:1337)
	at ptolemy.actor.CompositeActor.preinitialize(CompositeActor.java:1828)
	at ptolemy.actor.Manager.preinitializeAndResolveTypes(Manager.java:1040)
	at ptolemy.actor.Manager.initialize(Manager.java:710)
	at ptolemy.actor.Manager.execute(Manager.java:356)
	at ptolemy.actor.Manager.run(Manager.java:1263)
	at ptolemy.actor.Manager$PtolemyRunThread.run(Manager.java:1915)
java.lang.RuntimeException: Execution failed
	at ptolemy.moml.MoMLSimpleApplication$UnloadThread.run(MoMLSimpleApplication.java:402)
Caused by: ptolemy.kernel.util.IllegalActionException: Actor is not ready to fire.  Perhaps UpSample.prefire() returned false? Try debugging the actor by selecting "Listen to Actor".  Also, for SDF check moml for tokenConsumptionRate on input.
  in .DESDFClockTest.Play Bell.Copy1:SDF Director and .DESDFClockTest.Play Bell.UpSample
	at ptolemy.actor.sched.StaticSchedulingDirector.fire(StaticSchedulingDirector.java:227)
	at ptolemy.domains.sdf.kernel.SDFDirector.fire(SDFDirector.java:500)
	at ptolemy.actor.CompositeActor.fire(CompositeActor.java:455)
	at ptolemy.domains.de.kernel.DEDirector._fire(DEDirector.java:1948)
	at ptolemy.domains.de.kernel.DEDirector.fire(DEDirector.java:502)
	at ptolemy.actor.CompositeActor.fire(CompositeActor.java:455)
	at ptolemy.actor.Manager.iterate(Manager.java:851)
	at ptolemy.actor.Manager.execute(Manager.java:369)
	at ptolemy.actor.Manager.run(Manager.java:1263)
	at ptolemy.actor.Manager$PtolemyRunThread.run(Manager.java:1915)
java.lang.RuntimeException: Execution failed
	at ptolemy.moml.MoMLSimpleApplication$UnloadThread.run(MoMLSimpleApplication.java:402)
Caused by: ptolemy.kernel.util.IllegalActionException: Found a zero delay loop containing .dependencyLoop2.original
  in .dependencyLoop2 and .dependencyLoop2.original
	at ptolemy.actor.util.CausalityInterfaceForComposites._computeOutputPortDepth(CausalityInterfaceForComposites.java:759)
	at ptolemy.actor.util.CausalityInterfaceForComposites._computeInputDepth(CausalityInterfaceForComposites.java:696)
	at ptolemy.actor.util.CausalityInterfaceForComposites._computeOutputPortDepth(CausalityInterfaceForComposites.java:765)
	at ptolemy.actor.util.CausalityInterfaceForComposites._computeInputDepth(CausalityInterfaceForComposites.java:696)
	at ptolemy.actor.util.CausalityInterfaceForComposites._computeOutputPortDepth(CausalityInterfaceForComposites.java:765)
	at ptolemy.actor.util.CausalityInterfaceForComposites._computeInputDepth(CausalityInterfaceForComposites.java:696)
	at ptolemy.actor.util.CausalityInterfaceForComposites._computeActorDepth(CausalityInterfaceForComposites.java:532)
	at ptolemy.actor.util.CausalityInterfaceForComposites.checkForCycles(CausalityInterfaceForComposites.java:96)
	at ptolemy.domains.de.kernel.DEDirector.preinitialize(DEDirector.java:1337)
	at ptolemy.actor.CompositeActor.preinitialize(CompositeActor.java:1828)
	at ptolemy.actor.Manager.preinitializeAndResolveTypes(Manager.java:1040)
	at ptolemy.actor.Manager.initialize(Manager.java:710)
	at ptolemy.actor.Manager.execute(Manager.java:356)
	at ptolemy.actor.Manager.run(Manager.java:1263)
	at ptolemy.actor.Manager$PtolemyRunThread.run(Manager.java:1915)
java.lang.RuntimeException: Execution failed
	at ptolemy.moml.MoMLSimpleApplication$UnloadThread.run(MoMLSimpleApplication.java:402)
Caused by: ptolemy.kernel.util.IllegalActionException: Found a zero delay loop containing .HierarchicalModel.A
  in .HierarchicalModel and .HierarchicalModel.A
	at ptolemy.actor.util.CausalityInterfaceForComposites._computeOutputPortDepth(CausalityInterfaceForComposites.java:759)
	at ptolemy.actor.util.CausalityInterfaceForComposites._computeInputDepth(CausalityInterfaceForComposites.java:696)
	at ptolemy.actor.util.CausalityInterfaceForComposites._computeOutputPortDepth(CausalityInterfaceForComposites.java:765)
	at ptolemy.actor.util.CausalityInterfaceForComposites._computeInputDepth(CausalityInterfaceForComposites.java:696)
	at ptolemy.actor.util.CausalityInterfaceForComposites._computeOutputPortDepth(CausalityInterfaceForComposites.java:765)
	at ptolemy.actor.util.CausalityInterfaceForComposites._computeInputDepth(CausalityInterfaceForComposites.java:696)
	at ptolemy.actor.util.CausalityInterfaceForComposites._computeActorDepth(CausalityInterfaceForComposites.java:532)
	at ptolemy.actor.util.CausalityInterfaceForComposites.checkForCycles(CausalityInterfaceForComposites.java:96)
	at ptolemy.domains.de.kernel.DEDirector.preinitialize(DEDirector.java:1337)
	at ptolemy.actor.CompositeActor.preinitialize(CompositeActor.java:1828)
	at ptolemy.actor.Manager.preinitializeAndResolveTypes(Manager.java:1040)
	at ptolemy.actor.Manager.initialize(Manager.java:710)
	at ptolemy.actor.Manager.execute(Manager.java:356)
	at ptolemy.actor.Manager.run(Manager.java:1263)
	at ptolemy.actor.Manager$PtolemyRunThread.run(Manager.java:1915)
java.lang.RuntimeException: Execution failed
	at ptolemy.moml.MoMLSimpleApplication$UnloadThread.run(MoMLSimpleApplication.java:402)
Caused by: ptolemy.kernel.util.IllegalActionException: Test fails in iteration 1.
Value was: 1.0. Should have been: 2.0
  in .DirectFeedback.Test
	at ptolemy.actor.lib.Test.fire(Test.java:268)
	at ptolemy.domains.de.kernel.DEDirector._fire(DEDirector.java:1948)
	at ptolemy.domains.de.kernel.DEDirector.fire(DEDirector.java:502)
	at ptolemy.actor.CompositeActor.fire(CompositeActor.java:455)
	at ptolemy.actor.Manager.iterate(Manager.java:851)
	at ptolemy.actor.Manager.execute(Manager.java:369)
	at ptolemy.actor.Manager.run(Manager.java:1263)
	at ptolemy.actor.Manager$PtolemyRunThread.run(Manager.java:1915)
java.lang.RuntimeException: Execution failed
	at ptolemy.moml.MoMLSimpleApplication$UnloadThread.run(MoMLSimpleApplication.java:402)
Caused by: ptolemy.kernel.util.IllegalActionException: Actor is not ready to fire.  Perhaps UpSample.prefire() returned false? Try debugging the actor by selecting "Listen to Actor".  Also, for SDF check moml for tokenConsumptionRate on input.
  in .DESDFClockTest.Play Bell.Copy1:SDF Director and .DESDFClockTest.Play Bell.UpSample
	at ptolemy.actor.sched.StaticSchedulingDirector.fire(StaticSchedulingDirector.java:227)
	at ptolemy.domains.sdf.kernel.SDFDirector.fire(SDFDirector.java:500)
	at ptolemy.actor.CompositeActor.fire(CompositeActor.java:455)
	at ptolemy.domains.de.kernel.DEDirector._fire(DEDirector.java:1948)
	at ptolemy.domains.de.kernel.DEDirector.fire(DEDirector.java:502)
	at ptolemy.actor.CompositeActor.fire(CompositeActor.java:455)
	at ptolemy.actor.Manager.iterate(Manager.java:851)
	at ptolemy.actor.Manager.execute(Manager.java:369)
	at ptolemy.actor.Manager.run(Manager.java:1263)
	at ptolemy.actor.Manager$PtolemyRunThread.run(Manager.java:1915)
java.lang.reflect.InvocationTargetException
	at sun.reflect.NativeConstructorAccessorImpl.newInstance0(Native Method)
	at sun.reflect.NativeConstructorAccessorImpl.newInstance(NativeConstructorAccessorImpl.java:62)
	at sun.reflect.DelegatingConstructorAccessorImpl.newInstance(DelegatingConstructorAccessorImpl.java:45)
	at java.lang.reflect.Constructor.newInstance(Constructor.java:423)
	at ptolemy.util.test.junit.AutoKnownFailedTests.RunModel(AutoKnownFailedTests.java:107)
	at sun.reflect.NativeMethodAccessorImpl.invoke0(Native Method)
	at sun.reflect.NativeMethodAccessorImpl.invoke(NativeMethodAccessorImpl.java:62)
	at sun.reflect.DelegatingMethodAccessorImpl.invoke(DelegatingMethodAccessorImpl.java:43)
	at java.lang.reflect.Method.invoke(Method.java:498)
	at org.junit.runners.model.FrameworkMethod$1.runReflectiveCall(FrameworkMethod.java:44)
	at org.junit.internal.runners.model.ReflectiveCallable.run(ReflectiveCallable.java:15)
	at org.junit.runners.model.FrameworkMethod.invokeExplosively(FrameworkMethod.java:41)
	at junitparams.internal.InvokeParameterisedMethod.evaluate(InvokeParameterisedMethod.java:102)
	at org.junit.internal.runners.statements.FailOnTimeout$1.run(FailOnTimeout.java:28)
Caused by: ptolemy.kernel.util.IllegalActionException: Actor is not ready to fire.  Perhaps UpSample.prefire() returned false? Try debugging the actor by selecting "Listen to Actor".  Also, for SDF check moml for tokenConsumptionRate on input.
  in .DESDFClockTest.Play Bell.Copy1:SDF Director and .DESDFClockTest.Play Bell.UpSample
	at ptolemy.actor.sched.StaticSchedulingDirector.fire(StaticSchedulingDirector.java:227)
	at ptolemy.domains.sdf.kernel.SDFDirector.fire(SDFDirector.java:500)
	at ptolemy.actor.CompositeActor.fire(CompositeActor.java:455)
	at ptolemy.domains.de.kernel.DEDirector._fire(DEDirector.java:1948)
	at ptolemy.domains.de.kernel.DEDirector.fire(DEDirector.java:502)
	at ptolemy.actor.CompositeActor.fire(CompositeActor.java:455)
	at ptolemy.actor.Manager.iterate(Manager.java:851)
	at ptolemy.actor.Manager.execute(Manager.java:369)
	at ptolemy.actor.Manager.run(Manager.java:1263)
	at ptolemy.actor.Manager$PtolemyRunThread.run(Manager.java:1915)
java.lang.RuntimeException: Execution failed
	at ptolemy.moml.MoMLSimpleApplication$UnloadThread.run(MoMLSimpleApplication.java:402)
Caused by: ptolemy.kernel.util.IllegalActionException: Test fails in iteration 1.
Value was: 1.0. Should have been: 2.0
  in .DirectFeedback.Test
	at ptolemy.actor.lib.Test.fire(Test.java:268)
	at ptolemy.domains.de.kernel.DEDirector._fire(DEDirector.java:1948)
	at ptolemy.domains.de.kernel.DEDirector.fire(DEDirector.java:502)
	at ptolemy.actor.CompositeActor.fire(CompositeActor.java:455)
	at ptolemy.actor.Manager.iterate(Manager.java:851)
	at ptolemy.actor.Manager.execute(Manager.java:369)
	at ptolemy.actor.Manager.run(Manager.java:1263)
	at ptolemy.actor.Manager$PtolemyRunThread.run(Manager.java:1915)
java.lang.reflect.InvocationTargetException
	at sun.reflect.NativeConstructorAccessorImpl.newInstance0(Native Method)
	at sun.reflect.NativeConstructorAccessorImpl.newInstance(NativeConstructorAccessorImpl.java:62)
	at sun.reflect.DelegatingConstructorAccessorImpl.newInstance(DelegatingConstructorAccessorImpl.java:45)
	at java.lang.reflect.Constructor.newInstance(Constructor.java:423)
	at ptolemy.util.test.junit.AutoKnownFailedTests.RunModel(AutoKnownFailedTests.java:107)
	at sun.reflect.NativeMethodAccessorImpl.invoke0(Native Method)
	at sun.reflect.NativeMethodAccessorImpl.invoke(NativeMethodAccessorImpl.java:62)
	at sun.reflect.DelegatingMethodAccessorImpl.invoke(DelegatingMethodAccessorImpl.java:43)
	at java.lang.reflect.Method.invoke(Method.java:498)
	at org.junit.runners.model.FrameworkMethod$1.runReflectiveCall(FrameworkMethod.java:44)
	at org.junit.internal.runners.model.ReflectiveCallable.run(ReflectiveCallable.java:15)
	at org.junit.runners.model.FrameworkMethod.invokeExplosively(FrameworkMethod.java:41)
	at junitparams.internal.InvokeParameterisedMethod.evaluate(InvokeParameterisedMethod.java:102)
	at org.junit.internal.runners.statements.FailOnTimeout$1.run(FailOnTimeout.java:28)
Caused by: ptolemy.kernel.util.IllegalActionException: Test fails in iteration 1.
Value was: 1.0. Should have been: 2.0
  in .DirectFeedback.Test
	at ptolemy.actor.lib.Test.fire(Test.java:268)
	at ptolemy.domains.de.kernel.DEDirector._fire(DEDirector.java:1948)
	at ptolemy.domains.de.kernel.DEDirector.fire(DEDirector.java:502)
	at ptolemy.actor.CompositeActor.fire(CompositeActor.java:455)
	at ptolemy.actor.Manager.iterate(Manager.java:851)
	at ptolemy.actor.Manager.execute(Manager.java:369)
	at ptolemy.actor.Manager.run(Manager.java:1263)
	at ptolemy.actor.Manager$PtolemyRunThread.run(Manager.java:1915)
java.lang.RuntimeException: Execution failed
	at ptolemy.moml.MoMLSimpleApplication$UnloadThread.run(MoMLSimpleApplication.java:402)
Caused by: ptolemy.kernel.util.IllegalActionException: Found a zero delay loop containing .HierarchicalModel.A
  in .HierarchicalModel and .HierarchicalModel.A
	at ptolemy.actor.util.CausalityInterfaceForComposites._computeOutputPortDepth(CausalityInterfaceForComposites.java:759)
	at ptolemy.actor.util.CausalityInterfaceForComposites._computeInputDepth(CausalityInterfaceForComposites.java:696)
	at ptolemy.actor.util.CausalityInterfaceForComposites._computeOutputPortDepth(CausalityInterfaceForComposites.java:765)
	at ptolemy.actor.util.CausalityInterfaceForComposites._computeInputDepth(CausalityInterfaceForComposites.java:696)
	at ptolemy.actor.util.CausalityInterfaceForComposites._computeOutputPortDepth(CausalityInterfaceForComposites.java:765)
	at ptolemy.actor.util.CausalityInterfaceForComposites._computeInputDepth(CausalityInterfaceForComposites.java:696)
	at ptolemy.actor.util.CausalityInterfaceForComposites._computeActorDepth(CausalityInterfaceForComposites.java:532)
	at ptolemy.actor.util.CausalityInterfaceForComposites.checkForCycles(CausalityInterfaceForComposites.java:96)
	at ptolemy.domains.de.kernel.DEDirector.preinitialize(DEDirector.java:1337)
	at ptolemy.actor.CompositeActor.preinitialize(CompositeActor.java:1828)
	at ptolemy.actor.Manager.preinitializeAndResolveTypes(Manager.java:1040)
	at ptolemy.actor.Manager.initialize(Manager.java:710)
	at ptolemy.actor.Manager.execute(Manager.java:356)
	at ptolemy.actor.Manager.run(Manager.java:1263)
	at ptolemy.actor.Manager$PtolemyRunThread.run(Manager.java:1915)
java.lang.reflect.InvocationTargetException
	at sun.reflect.NativeConstructorAccessorImpl.newInstance0(Native Method)
	at sun.reflect.NativeConstructorAccessorImpl.newInstance(NativeConstructorAccessorImpl.java:62)
	at sun.reflect.DelegatingConstructorAccessorImpl.newInstance(DelegatingConstructorAccessorImpl.java:45)
	at java.lang.reflect.Constructor.newInstance(Constructor.java:423)
	at ptolemy.util.test.junit.AutoKnownFailedTests.RunModel(AutoKnownFailedTests.java:107)
	at sun.reflect.NativeMethodAccessorImpl.invoke0(Native Method)
	at sun.reflect.NativeMethodAccessorImpl.invoke(NativeMethodAccessorImpl.java:62)
	at sun.reflect.DelegatingMethodAccessorImpl.invoke(DelegatingMethodAccessorImpl.java:43)
	at java.lang.reflect.Method.invoke(Method.java:498)
	at org.junit.runners.model.FrameworkMethod$1.runReflectiveCall(FrameworkMethod.java:44)
	at org.junit.internal.runners.model.ReflectiveCallable.run(ReflectiveCallable.java:15)
	at org.junit.runners.model.FrameworkMethod.invokeExplosively(FrameworkMethod.java:41)
	at junitparams.internal.InvokeParameterisedMethod.evaluate(InvokeParameterisedMethod.java:102)
	at org.junit.internal.runners.statements.FailOnTimeout$1.run(FailOnTimeout.java:28)
Caused by: ptolemy.kernel.util.IllegalActionException: Found a zero delay loop containing .HierarchicalModel.A
  in .HierarchicalModel and .HierarchicalModel.A
	at ptolemy.actor.util.CausalityInterfaceForComposites._computeOutputPortDepth(CausalityInterfaceForComposites.java:759)
	at ptolemy.actor.util.CausalityInterfaceForComposites._computeInputDepth(CausalityInterfaceForComposites.java:696)
	at ptolemy.actor.util.CausalityInterfaceForComposites._computeOutputPortDepth(CausalityInterfaceForComposites.java:765)
	at ptolemy.actor.util.CausalityInterfaceForComposites._computeInputDepth(CausalityInterfaceForComposites.java:696)
	at ptolemy.actor.util.CausalityInterfaceForComposites._computeOutputPortDepth(CausalityInterfaceForComposites.java:765)
	at ptolemy.actor.util.CausalityInterfaceForComposites._computeInputDepth(CausalityInterfaceForComposites.java:696)
	at ptolemy.actor.util.CausalityInterfaceForComposites._computeActorDepth(CausalityInterfaceForComposites.java:532)
	at ptolemy.actor.util.CausalityInterfaceForComposites.checkForCycles(CausalityInterfaceForComposites.java:96)
	at ptolemy.domains.de.kernel.DEDirector.preinitialize(DEDirector.java:1337)
	at ptolemy.actor.CompositeActor.preinitialize(CompositeActor.java:1828)
	at ptolemy.actor.Manager.preinitializeAndResolveTypes(Manager.java:1040)
	at ptolemy.actor.Manager.initialize(Manager.java:710)
	at ptolemy.actor.Manager.execute(Manager.java:356)
	at ptolemy.actor.Manager.run(Manager.java:1263)
	at ptolemy.actor.Manager$PtolemyRunThread.run(Manager.java:1915)
java.lang.RuntimeException: Execution failed
	at ptolemy.moml.MoMLSimpleApplication$UnloadThread.run(MoMLSimpleApplication.java:402)
Caused by: ptolemy.kernel.util.IllegalActionException: Found a zero delay loop containing .dependencyLoop.original
  in .dependencyLoop and .dependencyLoop.original
	at ptolemy.actor.util.CausalityInterfaceForComposites._computeOutputPortDepth(CausalityInterfaceForComposites.java:759)
	at ptolemy.actor.util.CausalityInterfaceForComposites._computeInputDepth(CausalityInterfaceForComposites.java:696)
	at ptolemy.actor.util.CausalityInterfaceForComposites._computeOutputPortDepth(CausalityInterfaceForComposites.java:765)
	at ptolemy.actor.util.CausalityInterfaceForComposites._computeInputDepth(CausalityInterfaceForComposites.java:696)
	at ptolemy.actor.util.CausalityInterfaceForComposites._computeOutputPortDepth(CausalityInterfaceForComposites.java:765)
	at ptolemy.actor.util.CausalityInterfaceForComposites._computeInputDepth(CausalityInterfaceForComposites.java:696)
	at ptolemy.actor.util.CausalityInterfaceForComposites._computeActorDepth(CausalityInterfaceForComposites.java:532)
	at ptolemy.actor.util.CausalityInterfaceForComposites.checkForCycles(CausalityInterfaceForComposites.java:96)
	at ptolemy.domains.de.kernel.DEDirector.preinitialize(DEDirector.java:1337)
	at ptolemy.actor.CompositeActor.preinitialize(CompositeActor.java:1828)
	at ptolemy.actor.Manager.preinitializeAndResolveTypes(Manager.java:1040)
	at ptolemy.actor.Manager.initialize(Manager.java:710)
	at ptolemy.actor.Manager.execute(Manager.java:356)
	at ptolemy.actor.Manager.run(Manager.java:1263)
	at ptolemy.actor.Manager$PtolemyRunThread.run(Manager.java:1915)
java.lang.reflect.InvocationTargetException
	at sun.reflect.NativeConstructorAccessorImpl.newInstance0(Native Method)
	at sun.reflect.NativeConstructorAccessorImpl.newInstance(NativeConstructorAccessorImpl.java:62)
	at sun.reflect.DelegatingConstructorAccessorImpl.newInstance(DelegatingConstructorAccessorImpl.java:45)
	at java.lang.reflect.Constructor.newInstance(Constructor.java:423)
	at ptolemy.util.test.junit.AutoKnownFailedTests.RunModel(AutoKnownFailedTests.java:107)
	at sun.reflect.NativeMethodAccessorImpl.invoke0(Native Method)
	at sun.reflect.NativeMethodAccessorImpl.invoke(NativeMethodAccessorImpl.java:62)
	at sun.reflect.DelegatingMethodAccessorImpl.invoke(DelegatingMethodAccessorImpl.java:43)
	at java.lang.reflect.Method.invoke(Method.java:498)
	at org.junit.runners.model.FrameworkMethod$1.runReflectiveCall(FrameworkMethod.java:44)
	at org.junit.internal.runners.model.ReflectiveCallable.run(ReflectiveCallable.java:15)
	at org.junit.runners.model.FrameworkMethod.invokeExplosively(FrameworkMethod.java:41)
	at junitparams.internal.InvokeParameterisedMethod.evaluate(InvokeParameterisedMethod.java:102)
	at org.junit.internal.runners.statements.FailOnTimeout$1.run(FailOnTimeout.java:28)
Caused by: ptolemy.kernel.util.IllegalActionException: Found a zero delay loop containing .dependencyLoop.original
  in .dependencyLoop and .dependencyLoop.original
	at ptolemy.actor.util.CausalityInterfaceForComposites._computeOutputPortDepth(CausalityInterfaceForComposites.java:759)
	at ptolemy.actor.util.CausalityInterfaceForComposites._computeInputDepth(CausalityInterfaceForComposites.java:696)
	at ptolemy.actor.util.CausalityInterfaceForComposites._computeOutputPortDepth(CausalityInterfaceForComposites.java:765)
	at ptolemy.actor.util.CausalityInterfaceForComposites._computeInputDepth(CausalityInterfaceForComposites.java:696)
	at ptolemy.actor.util.CausalityInterfaceForComposites._computeOutputPortDepth(CausalityInterfaceForComposites.java:765)
	at ptolemy.actor.util.CausalityInterfaceForComposites._computeInputDepth(CausalityInterfaceForComposites.java:696)
	at ptolemy.actor.util.CausalityInterfaceForComposites._computeActorDepth(CausalityInterfaceForComposites.java:532)
	at ptolemy.actor.util.CausalityInterfaceForComposites.checkForCycles(CausalityInterfaceForComposites.java:96)
	at ptolemy.domains.de.kernel.DEDirector.preinitialize(DEDirector.java:1337)
	at ptolemy.actor.CompositeActor.preinitialize(CompositeActor.java:1828)
	at ptolemy.actor.Manager.preinitializeAndResolveTypes(Manager.java:1040)
	at ptolemy.actor.Manager.initialize(Manager.java:710)
	at ptolemy.actor.Manager.execute(Manager.java:356)
	at ptolemy.actor.Manager.run(Manager.java:1263)
	at ptolemy.actor.Manager$PtolemyRunThread.run(Manager.java:1915)
java.lang.RuntimeException: Execution failed
	at ptolemy.moml.MoMLSimpleApplication$UnloadThread.run(MoMLSimpleApplication.java:402)
Caused by: ptolemy.kernel.util.IllegalActionException: Found a zero delay loop containing .dependencyLoop2.original
  in .dependencyLoop2 and .dependencyLoop2.original
	at ptolemy.actor.util.CausalityInterfaceForComposites._computeOutputPortDepth(CausalityInterfaceForComposites.java:759)
	at ptolemy.actor.util.CausalityInterfaceForComposites._computeInputDepth(CausalityInterfaceForComposites.java:696)
	at ptolemy.actor.util.CausalityInterfaceForComposites._computeOutputPortDepth(CausalityInterfaceForComposites.java:765)
	at ptolemy.actor.util.CausalityInterfaceForComposites._computeInputDepth(CausalityInterfaceForComposites.java:696)
	at ptolemy.actor.util.CausalityInterfaceForComposites._computeOutputPortDepth(CausalityInterfaceForComposites.java:765)
	at ptolemy.actor.util.CausalityInterfaceForComposites._computeInputDepth(CausalityInterfaceForComposites.java:696)
	at ptolemy.actor.util.CausalityInterfaceForComposites._computeActorDepth(CausalityInterfaceForComposites.java:532)
	at ptolemy.actor.util.CausalityInterfaceForComposites.checkForCycles(CausalityInterfaceForComposites.java:96)
	at ptolemy.domains.de.kernel.DEDirector.preinitialize(DEDirector.java:1337)
	at ptolemy.actor.CompositeActor.preinitialize(CompositeActor.java:1828)
	at ptolemy.actor.Manager.preinitializeAndResolveTypes(Manager.java:1040)
	at ptolemy.actor.Manager.initialize(Manager.java:710)
	at ptolemy.actor.Manager.execute(Manager.java:356)
	at ptolemy.actor.Manager.run(Manager.java:1263)
	at ptolemy.actor.Manager$PtolemyRunThread.run(Manager.java:1915)
java.lang.reflect.InvocationTargetException
	at sun.reflect.NativeConstructorAccessorImpl.newInstance0(Native Method)
	at sun.reflect.NativeConstructorAccessorImpl.newInstance(NativeConstructorAccessorImpl.java:62)
	at sun.reflect.DelegatingConstructorAccessorImpl.newInstance(DelegatingConstructorAccessorImpl.java:45)
	at java.lang.reflect.Constructor.newInstance(Constructor.java:423)
	at ptolemy.util.test.junit.AutoKnownFailedTests.RunModel(AutoKnownFailedTests.java:107)
	at sun.reflect.NativeMethodAccessorImpl.invoke0(Native Method)
	at sun.reflect.NativeMethodAccessorImpl.invoke(NativeMethodAccessorImpl.java:62)
	at sun.reflect.DelegatingMethodAccessorImpl.invoke(DelegatingMethodAccessorImpl.java:43)
	at java.lang.reflect.Method.invoke(Method.java:498)
	at org.junit.runners.model.FrameworkMethod$1.runReflectiveCall(FrameworkMethod.java:44)
	at org.junit.internal.runners.model.ReflectiveCallable.run(ReflectiveCallable.java:15)
	at org.junit.runners.model.FrameworkMethod.invokeExplosively(FrameworkMethod.java:41)
	at junitparams.internal.InvokeParameterisedMethod.evaluate(InvokeParameterisedMethod.java:102)
	at org.junit.internal.runners.statements.FailOnTimeout$1.run(FailOnTimeout.java:28)
Caused by: ptolemy.kernel.util.IllegalActionException: Found a zero delay loop containing .dependencyLoop2.original
  in .dependencyLoop2 and .dependencyLoop2.original
	at ptolemy.actor.util.CausalityInterfaceForComposites._computeOutputPortDepth(CausalityInterfaceForComposites.java:759)
	at ptolemy.actor.util.CausalityInterfaceForComposites._computeInputDepth(CausalityInterfaceForComposites.java:696)
	at ptolemy.actor.util.CausalityInterfaceForComposites._computeOutputPortDepth(CausalityInterfaceForComposites.java:765)
	at ptolemy.actor.util.CausalityInterfaceForComposites._computeInputDepth(CausalityInterfaceForComposites.java:696)
	at ptolemy.actor.util.CausalityInterfaceForComposites._computeOutputPortDepth(CausalityInterfaceForComposites.java:765)
	at ptolemy.actor.util.CausalityInterfaceForComposites._computeInputDepth(CausalityInterfaceForComposites.java:696)
	at ptolemy.actor.util.CausalityInterfaceForComposites._computeActorDepth(CausalityInterfaceForComposites.java:532)
	at ptolemy.actor.util.CausalityInterfaceForComposites.checkForCycles(CausalityInterfaceForComposites.java:96)
	at ptolemy.domains.de.kernel.DEDirector.preinitialize(DEDirector.java:1337)
	at ptolemy.actor.CompositeActor.preinitialize(CompositeActor.java:1828)
	at ptolemy.actor.Manager.preinitializeAndResolveTypes(Manager.java:1040)
	at ptolemy.actor.Manager.initialize(Manager.java:710)
	at ptolemy.actor.Manager.execute(Manager.java:356)
	at ptolemy.actor.Manager.run(Manager.java:1263)
	at ptolemy.actor.Manager$PtolemyRunThread.run(Manager.java:1915)
]]></system-err>
</testsuite>
