<?xml version="1.0" encoding="UTF-8" ?>
<testsuite errors="0" failures="0" hostname="travis-job-0cb7c0f3-2996-42b9-b299-3ba21e8ec72e" name="ptolemy.domains.ptides.test.junit.JUnitTclTest" skipped="0" tests="70" time="69.515" timestamp="2018-05-23T18:26:29">
  <properties>
    <property name="npm.executable" value="npm" />
    <property name="file.encoding.pkg" value="sun.io" />
    <property name="ptII.mk.exists" value="true" />
    <property name="env.rvm_bin_path" value="/home/travis/.rvm/bin" />
    <property name="java.home" value="/usr/lib/jvm/java-8-oracle/jre" />
    <property name="env.TRAVIS_JOB_NUMBER" value="470.8" />
    <property name="env.DISPLAY" value=":99.0" />
    <property name="java.net.preferIPv4Stack" value="true" />
    <property name="env.SSH_TTY" value="/dev/pts/0" />
    <property name="env.RUN_TESTS" value="true" />
    <property name="timeout.short" value="1000000" />
    <property name="env.TRAVIS_STACK_NODE_ATTRIBUTES" value="/.node-attributes.yml" />
    <property name="junit.formatter" value="xml" />
    <property name="java.endorsed.dirs" value="/usr/lib/jvm/java-8-oracle/jre/lib/endorsed" />
    <property name="env.TRAVIS_SUDO" value="true" />
    <property name="env.LOGNAME" value="travis" />
    <property name="jsdoc.home" value="node_modules/@terraswarm/jsdoc" />
    <property name="debuglevel" value="source,lines,vars" />
    <property name="checkstyle.formatter" value="xml" />
    <property name="bin.vergil.makeable" value="true" />
    <property name="env._system_version" value="14.04" />
    <property name="sun.os.patch.level" value="unknown" />
    <property name="java.vendor.url" value="http://java.oracle.com/" />
    <property name="java.version" value="1.8.0_151" />
    <property name="env.TZ" value="UTC" />
    <property name="env.PT_NO_NET" value="true" />
    <property name="env.TRAVIS_PULL_REQUEST_SHA" value="" />
    <property name="env.TRAVIS_SECURE_ENV_VARS" value="true" />
    <property name="env._system_type" value="Linux" />
    <property name="java.vendor.url.bug" value="http://bugreport.sun.com/bugreport/" />
    <property name="env.SSH_CLIENT" value="10.10.16.4 51132 22" />
    <property name="npmjs-org-is-up" value="true" />
    <property name="env.GEM_HOME" value="/home/travis/.rvm/gems/ruby-2.4.1" />
    <property name="env.HAS_ANTARES_THREE_LITTLE_FRONZIES_BADGE" value="true" />
    <property name="env.PS4" value="+" />
    <property name="ant.project.invoked-targets" value="build,test.core2.xml" />
    <property name="env.TRAVIS_PULL_REQUEST_BRANCH" value="" />
    <property name="env.TRAVIS_REPO_SLUG" value="icyphy/ptII" />
    <property name="node.in.path" value="true" />
    <property name="java.maxmemory" value="1400m" />
    <property name="env.RUBY_VERSION" value="ruby-2.4.1" />
    <property name="user.name" value="travis" />
    <property name="env.LANG" value="en_US.UTF-8" />
    <property name="sun.io.unicode.encoding" value="UnicodeLittle" />
    <property name="sun.jnu.encoding" value="UTF-8" />
    <property name="java.runtime.name" value="Java(TM) SE Runtime Environment" />
    <property name="usefile" value="false" />
    <property name="return.code" value="0" />
    <property name="junit.single.formatter" value="plain" />
    <property name="env.DYLD_LIBRARY_PATH" value="/home/travis/pthla/certi-tools/lib:" />
    <property name="env.DEBIAN_FRONTEND" value="noninteractive" />
    <property name="env.SSH_CONNECTION" value="10.10.16.4 51132 10.20.255.42 22" />
    <property name="env.MYSQL_UNIX_PORT" value="/var/run/mysqld/mysqld.sock" />
    <property name="env.TRAVIS_ALLOW_FAILURE" value="false" />
    <property name="env.LC_ALL" value="en_US.UTF-8" />
    <property name="java.specification.name" value="Java Platform API Specification" />
    <property name="node.works" value="true" />
    <property name="user.timezone" value="" />
    <property name="path.separator" value=":" />
    <property name="env.PYTHON_CFLAGS" value="-g -fstack-protector --param=ssp-buffer-size=4 -Wformat -Werror=format-security" />
    <property name="timeout.long" value="4000000" />
    <property name="env.CERTI_HOME" value="/home/travis/pthla/certi-tools" />
    <property name="file.encoding" value="UTF-8" />
    <property name="ant.file.ptII" value="/home/travis/build/icyphy/ptII/build.xml" />
    <property name="javadoc.packagenames" value="com.*,diva.*,lbnl.*,org.hlacerti.*,org.json.*,org.ptolemy.*,org.terraswarm.*,ptolemy.*,ptserver.*" />
    <property name="env.TRAVIS_PULL_REQUEST_SLUG" value="" />
    <property name="ant.project.default-target" value="build" />
    <property name="env.GIT_ASKPASS" value="echo" />
    <property name="env.HOME" value="/home/travis" />
    <property name="sun.java.command" value="org.apache.tools.ant.taskdefs.optional.junit.JUnitTestRunner ptolemy.domains.ptides.test.junit.JUnitTclTest skipNonTests=false filtertrace=true haltOnError=false haltOnFailure=false formatter=org.apache.tools.ant.taskdefs.optional.junit.OutErrSummaryJUnitResultFormatter showoutput=true outputtoformatters=true logfailedtests=true threadid=0 logtestlistenerevents=false formatter=org.apache.tools.ant.taskdefs.optional.junit.XMLJUnitResultFormatter,/home/travis/build/icyphy/ptII/reports/junit/TEST-ptolemy.domains.ptides.test.junit.JUnitTclTest.xml crashfile=/home/travis/build/icyphy/ptII/junitvmwatcher7796032876032042407.properties propsfile=/home/travis/build/icyphy/ptII/junit6692213886698114645.properties" />
    <property name="env.MANPATH" value="/home/travis/.nvm/versions/node/v7.10.1/share/man:/home/travis/.kiex/elixirs/elixir-1.4.5/man:/home/travis/.rvm/rubies/ruby-2.4.1/share/man:/usr/local/man:/usr/local/cmake-3.9.2/man:/usr/local/clang-5.0.0/share/man:/usr/local/share/man:/usr/share/man:/home/travis/.rvm/man" />
    <property name="env.COMPOSER_NO_INTERACTION" value="1" />
    <property name="env.JDK_SWITCHER_DEFAULT" value="oraclejdk8" />
    <property name="ant.file" value="/home/travis/build/icyphy/ptII/build.xml" />
    <property name="env.TRAVIS_COMMIT_RANGE" value="311b38842e57...c7923f9e500c" />
    <property name="env._system_name" value="Ubuntu" />
    <property name="timeout" value="2400000" />
    <property name="ptII.classpath.optional.property" value="/home/travis/build/icyphy/ptII/lib/bsh-2.0b4.jar:/home/travis/build/icyphy/ptII/lib/ptCal.jar:/home/travis/build/icyphy/ptII/lib/java_cup.jar:/home/travis/build/icyphy/ptII/lib/saxon8.jar:/home/travis/build/icyphy/ptII/lib/saxon8-dom.jar:/home/travis/build/icyphy/ptII/lib/chic.jar:/home/travis/build/icyphy/ptII/lib/ptcolt.jar:/usr/lib/jvm/java-8-oracle/lib/tools.jar:/usr/lib/eclipse/plugins/org.eclipse.jdt.core_3.8.2.dist.jar:/usr/lib/eclipse/plugins/org.eclipse.core.runtime_3.8.0.dist.jar:/usr/lib/eclipse/plugins/org.eclipse.osgi_3.8.1.dist.jar:/usr/lib/eclipse/plugins/org.eclipse.core.resources_3.8.1.dist.jar:/usr/lib/eclipse/plugins/org.eclipse.equinox.common_3.6.100.dist.jar:/usr/lib/eclipse/plugins/org.eclipse.core.jobs_3.5.200.dist.jar:/usr/lib/eclipse/plugins/org.eclipse.core.contenttype_3.4.200.dist.jar:/usr/lib/eclipse/plugins/org.eclipse.equinox.preferences_3.5.0.dist.jar:/usr/lib/eclipse/plugins/org.eclipse.text_3.5.200.dist.jar:/usr/lib/eclipse/plugins/org.eclipse.ui.workbench_3.8.1.dist.jar:/usr/lib/eclipse/plugins/org.eclipse.jface_3.8.0.dist.jar:/usr/lib/eclipse/plugins/org.eclipse.swt_3.8.2.jar:/usr/lib/eclipse/plugins/org.eclipse.jface.text_3.8.1.dist.jar:/usr/lib/eclipse/plugins/org.eclipse.ui.workbench.texteditor_3.8.0.dist.jar:/usr/lib/eclipse/plugins/org.eclipse.ui.editors_3.8.0.dist.jar:/usr/lib/eclipse/plugins/org.eclipse.core.commands_3.6.1.dist.jar:/usr/lib/eclipse/plugins/org.eclipse.equinox.registry_3.5.200.dist.jar:/usr/lib/eclipse/plugins/org.eclipse.ui.console_3.5.100.dist.jar:/usr/lib/eclipse/plugins/org.eclipse.ui.forms_3.5.200.dist.jar:/usr/lib/eclipse/plugins/org.eclipse.ui.ide_3.8.1.dist.jar:/home/travis/build/icyphy/ptII/vendors/oracle/dbxml.jar:/home/travis/build/icyphy/ptII/vendors/oracle/db.jar:/home/travis/build/icyphy/ptII/vendors/misc/itext/iText.jar:/home/travis/build/icyphy/ptII/lib/g4ltl.jar:/home/travis/build/icyphy/ptII/lib/StructuralCoder.jar:/home/travis/build/icyphy/ptII/lib/org-openide-util.jar:/home/travis/build/icyphy/ptII/lib/org-openide-util-lookup.jar:/home/travis/build/icyphy/ptII/lib/org-netbeans-api-visual.jar:/home/travis/build/icyphy/ptII/vendors/jai-1_1_2_01/lib/jai_core.jar:/home/travis/build/icyphy/ptII/vendors/jai-1_1_2_01/lib/jai_codec.jar:/home/travis/build/icyphy/ptII/lib/jcerti.jar:/home/travis/build/icyphy/ptII/lib/smack.jar:/home/travis/build/icyphy/ptII/lib/smackx.jar:/home/travis/build/icyphy/ptII/lib/jetty-all-8.1.5-v20120716.jar:/home/travis/build/icyphy/ptII/lib/javax.servlet-api-3.0.1.jar:/home/travis/build/icyphy/ptII/lib/javax.mail.jar:/home/travis/build/icyphy/ptII/vendors/JMF-2.1.1e/lib/jmf.jar:/home/travis/build/icyphy/ptII/lib/jna-4.0.0-variadic.jar:/home/travis/build/icyphy/ptII/vendors/misc/joystick/Joystick.jar:/home/travis/build/icyphy/ptII/lib/ptjacl.jar:/home/travis/build/icyphy/ptII/lib/jsoup-1.8.2.jar:/home/travis/build/icyphy/ptII/lib/junit-4.8.2.jar:/home/travis/build/icyphy/ptII/lib/JUnitParams-0.4.0.jar:/home/travis/build/icyphy/ptII/ptolemy/actor/lib/excel/jxl.jar:/home/travis/build/icyphy/ptII/lib/jython.jar:/home/travis/build/icyphy/ptII/lib/kieler.jar:/home/travis/build/icyphy/ptII/vendors/opencv/share/OpenCV/java/opencv-341.jar:/home/travis/build/icyphy/ptII/lib/oscP5.jar:/home/travis/build/icyphy/ptII/lib/nrjavaserial-3.11.0.devel.jar:/usr/share/java/j3dcore.jar:/usr/share/java/j3dutils.jar:/usr/share/java/vecmath.jar:/home/travis/build/icyphy/ptII/ptolemy/distributed/jini/jar/jini-core.jar:/home/travis/build/icyphy/ptII/ptolemy/distributed/jini/jar/jini-ext.jar:/home/travis/build/icyphy/ptII/ptolemy/distributed/jini/jar/sun-util.jar:/home/travis/build/icyphy/ptII/lib/protobuf-java-2.4.1.jar:/home/travis/build/icyphy/ptII/lib/org.eclipse.paho.client.mqttv3.jar:/home/travis/build/icyphy/ptII/ptserver/lib/hessian-4.0.7.jar:/home/travis/build/icyphy/ptII/ptserver/lib/wmqtt.jar:/home/travis/build/icyphy/ptII/lib/mapss.jar:/home/travis/build/icyphy/ptII/ptolemy/actor/ptalon/antlr/antlr.jar:/home/travis/build/icyphy/ptII/lib/JRI.jar:/home/travis/build/icyphy/ptII/lib/commons-lang-2.6.jar:/home/travis/build/icyphy/ptII/lib/commons-logging-1.1.1.jar:/home/travis/build/icyphy/ptII/lib/sootclasses.jar:/home/travis/build/icyphy/ptII/ptolemy/actor/lib/database/mysql-connector-java-5.1.6-bin.jar:/home/travis/build/icyphy/ptII/vendors/misc/sphinx4/sphinx4-data-5prealpha.jar:/home/travis/build/icyphy/ptII/vendors/misc/sphinx4/sphinx4-core-5prealpha.jar:/home/travis/build/icyphy/ptII/lib/PDFRenderer.jar:/home/travis/build/icyphy/ptII/lib/svgSalamander.jar:/home/travis/build/icyphy/ptII/lib/rsyntaxtextarea-2.6.0-SNAPSHOT.jar:/home/travis/build/icyphy/ptII/lib/hazelcast-3.8.2.jar:/home/travis/build/icyphy/ptII/lib/jackson-annotations-2.9.0.jar:/home/travis/build/icyphy/ptII/lib/jackson-core-2.9.3.jar:/home/travis/build/icyphy/ptII/lib/jackson-databind-2.9.3.jar:/home/travis/build/icyphy/ptII/lib/netty-buffer-4.1.19.Final.jar:/home/travis/build/icyphy/ptII/lib/netty-codec-4.1.19.Final.jar:/home/travis/build/icyphy/ptII/lib/netty-codec-dns-4.1.19.Final.jar:/home/travis/build/icyphy/ptII/lib/netty-codec-http-4.1.19.Final.jar:/home/travis/build/icyphy/ptII/lib/netty-codec-http2-4.1.19.Final.jar:/home/travis/build/icyphy/ptII/lib/netty-common-4.1.19.Final.jar:/home/travis/build/icyphy/ptII/lib/netty-handler-4.1.19.Final.jar:/home/travis/build/icyphy/ptII/lib/netty-resolver-4.1.19.Final.jar:/home/travis/build/icyphy/ptII/lib/netty-resolver-dns-4.1.19.Final.jar:/home/travis/build/icyphy/ptII/lib/netty-transport-4.1.19.Final.jar:/home/travis/build/icyphy/ptII/lib/vertx-codegen-3.5.1.jar:/home/travis/build/icyphy/ptII/lib/vertx-core-3.5.2-SNAPSHOT.jar:/home/travis/build/icyphy/ptII/lib/vertx-hazelcast-3.5.1.jar:/home/travis/build/icyphy/ptII/lib/vertx-lang-js-3.5.1.jar:/home/travis/build/icyphy/ptII/lib/vertx-service-proxy-3.5.1.jar:/home/travis/build/icyphy/ptII/lib/vertx-web-3.5.1.jar:/home/travis/build/icyphy/ptII/lib/slf4j-api-1.7.13.jar:/home/travis/build/icyphy/ptII/lib/slf4j-simple-1.7.13.jar:/home/travis/build/icyphy/ptII/lib/webcam-capture-0.3.12.jar:/home/travis/build/icyphy/ptII/lib/bridj-0.7.0.jar:/home/travis/build/icyphy/ptII/lib/xbjlib-1.1.0.nrjavaserial.jar" />
    <property name="test.batch" value="**/junit/*.java" />
    <property name="env._" value="/usr/bin/timeout" />
    <property name="java.io.tmpdir" value="/tmp" />
    <property name="user.language" value="en" />
    <property name="env.HISTCONTROL" value="ignoredups:ignorespace" />
    <property name="env.GOROOT" value="/home/travis/.gimme/versions/go1.7.4.linux.amd64" />
    <property name="line.separator" value="&#xa;" />
    <property name="target" value="1.8" />
    <property name="env.TRAVIS_BUILD_DIR" value="/home/travis/build/icyphy/ptII" />
    <property name="env.ANT_OPTS" value="-Xmx2048m" />
    <property name="ant.file.type" value="file" />
    <property name="ptolemy.ptII.batchMode" value="true" />
    <property name="env.HISTSIZE" value="1000" />
    <property name="env.MERB_ENV" value="test" />
    <property name="java.vm.info" value="mixed mode" />
    <property name="source" value="1.8" />
    <property name="java.vm.specification.name" value="Java Virtual Machine Specification" />
    <property name="env.TRAVIS_TEST_RESULT" value="0" />
    <property name="jsdoc.command" value="node_modules/@terraswarm/jsdoc/jsdoc.js" />
    <property name="npm.works" value="true" />
    <property name="cobertura.dir" value="/home/travis/build/icyphy/ptII/vendors/cobertura-2.0.3" />
    <property name="env.rvm_path" value="/home/travis/.rvm" />
    <property name="env.GEM_PATH" value="/home/travis/.rvm/gems/ruby-2.4.1:/home/travis/.rvm/gems/ruby-2.4.1@global" />
    <property name="env.LC_CTYPE" value="en_US.UTF-8" />
    <property name="java.awt.printerjob" value="sun.print.PSPrinterJob" />
    <property name="env.TRAVIS_STACK_NAME" value="garnet" />
    <property name="ant.version" value="Apache Ant(TM) version 1.10.1 compiled on February 2 2017" />
    <property name="ptII.reports" value="/home/travis/build/icyphy/ptII/reports" />
    <property name="env.TRAVIS_STACK_TIMESTAMP" value="2017-12-05 19:33:09 UTC" />
    <property name="ant.file.type.ptII" value="file" />
    <property name="env.RBENV_SHELL" value="bash" />
    <property name="os.name" value="Linux" />
    <property name="java.specification.vendor" value="Oracle Corporation" />
    <property name="env.rvm_version" value="1.29.3 (latest)" />
    <property name="env.TERM" value="xterm" />
    <property name="java.vm.name" value="Java HotSpot(TM) 64-Bit Server VM" />
    <property name="env.TRAVIS_BUILD_NUMBER" value="470" />
    <property name="env.CI" value="true" />
    <property name="java.library.path" value="/home/travis/pthla/certi-tools/lib:/usr/lib/jni:/usr/local/share/OpenCV/java/:/usr/share/OpenCV/java::/usr/java/packages/lib/amd64:/usr/lib64:/lib64:/lib:/usr/lib" />
    <property name="env.rvm_prefix" value="/home/travis" />
    <property name="env.PATH" value="/home/travis/pthla/certi-tools/share/scripts:/home/travis/.rvm/gems/ruby-2.4.1/bin:/home/travis/.rvm/gems/ruby-2.4.1@global/bin:/home/travis/.rvm/rubies/ruby-2.4.1/bin:/home/travis/.rvm/bin:/home/travis/.nvm/versions/node/v7.10.1/bin:./node_modules/.bin:/home/travis/build/icyphy/ptII/bin:/home/travis/pthla/certi-tools/bin:/home/travis/bin:/home/travis/.local/bin:/opt/pyenv/shims:/home/travis/.phpenv/shims:/home/travis/perl5/perlbrew/bin:/home/travis/.kiex/elixirs/elixir-1.4.5/bin:/home/travis/.kiex/bin:/home/travis/gopath/bin:/home/travis/.gimme/versions/go1.7.4.linux.amd64/bin:/usr/local/phantomjs/bin:/usr/local/phantomjs:/usr/local/neo4j-3.2.7/bin:/usr/local/maven-3.5.2/bin:/usr/local/cmake-3.9.2/bin:/usr/local/clang-5.0.0/bin:/usr/local/sbin:/usr/local/bin:/usr/sbin:/usr/bin:/sbin:/bin:/home/travis/.phpenv/bin:/opt/pyenv/bin:/home/travis/.yarn/bin" />
    <property name="env.TRAVIS_OS_NAME" value="linux" />
    <property name="ant.java.version" value="1.8" />
    <property name="basedir" value="/home/travis/build/icyphy/ptII" />
    <property name="java.class.version" value="52.0" />
    <property name="env.SHLVL" value="3" />
    <property name="env.LD_LIBRARY_PATH" value="/home/travis/pthla/certi-tools/lib:/usr/lib/jni:/usr/local/share/OpenCV/java/:/usr/share/OpenCV/java:" />
    <property name="env.RACK_ENV" value="test" />
    <property name="ant.home" value="/home/travis/build/icyphy/ptII/ant" />
    <property name="env.NVM_DIR" value="/home/travis/.nvm" />
    <property name="env.PERLBREW_BASHRC_VERSION" value="0.80" />
    <property name="env.CERTI_FOM_PATH" value="/home/travis/pthla/certi-tools/share/federations" />
    <property name="env.TRAVIS_BUILD_ID" value="382777882" />
    <property name="env.PYENV_ROOT" value="/opt/pyenv" />
    <property name="env.TRAVIS_UID" value="2000" />
    <property name="env.rvm_pretty_print_flag" value="auto" />
    <property name="env.NVM_BIN" value="/home/travis/.nvm/versions/node/v7.10.1/bin" />
    <property name="env.TRAVIS_COMMIT" value="c7923f9e500c12277f4fd069415f8e0725688263" />
    <property name="env._system_arch" value="x86_64" />
    <property name="node.executable" value="node" />
    <property name="sun.boot.library.path" value="/usr/lib/jvm/java-8-oracle/jre/lib/amd64" />
    <property name="sun.management.compiler" value="HotSpot 64-Bit Tiered Compilers" />
    <property name="env.GOPATH" value="/home/travis/gopath" />
    <property name="java.awt.graphicsenv" value="sun.awt.X11GraphicsEnvironment" />
    <property name="ptolemy.ptII.dir" value="/home/travis/build/icyphy/ptII" />
    <property name="env.USER" value="travis" />
    <property name="env.HISTFILESIZE" value="2000" />
    <property name="timeout.longest" value="19000000" />
    <property name="env.TRAVIS_STACK_FEATURES" value="basic cassandra chromium couchdb disabled-ipv6 docker docker-compose elasticsearch firefox go-toolchain google-chrome jdk memcached mongodb mysql neo4j nodejs_interpreter perl_interpreter perlbrew phantomjs postgresql python_interpreter rabbitmq redis riak ruby_interpreter sqlite xserver" />
    <property name="env.TRAVIS_PULL_REQUEST" value="false" />
    <property name="env.PYENV_SHELL" value="bash" />
    <property name="ant.project.name" value="ptII" />
    <property name="java.vm.specification.version" value="1.8" />
    <property name="env.CERTI_VERSION" value="4.0.0" />
    <property name="env.NLSPATH" value="/usr/dt/lib/nls/msg/%L/%N.cat" />
    <property name="awt.toolkit" value="sun.awt.X11.XToolkit" />
    <property name="env.CERTI_HOST" value="localhost" />
    <property name="env.MY_RUBY_HOME" value="/home/travis/.rvm/rubies/ruby-2.4.1" />
    <property name="sun.cpu.isalist" value="" />
    <property name="java.ext.dirs" value="/usr/lib/jvm/java-8-oracle/jre/lib/ext:/usr/java/packages/lib/ext" />
    <property name="os.version" value="4.4.0-101-generic" />
    <property name="user.home" value="/home/travis" />
    <property name="env.MIX_ARCHIVES" value="/home/travis/.kiex/mix/elixir-1.4.5" />
    <property name="java.vm.vendor" value="Oracle Corporation" />
    <property name="env.TRAVIS_TAG" value="nightly" />
    <property name="env.TRAVIS_FILTERED" value="redirect_io" />
    <property name="javadoc.excludepackagenames" value="adm.cvs2svn.*,build.*,config.*,doc.coding.templates.*,jni.test.jni.meaningOfLife.*,jni.test.jni.testDeux.*,jni.test.jni.testTrois.*,org.terraswarm.accessor.accessors.web.node_modules.*,org.terraswarm.accessor.accessors.web.hosts.cordova.demo.*,org.terraswarm.accessor.accessors.web.hosts.cordova.plugins.*,org.terraswarm.accessor.accessors-svn.*,pt-modules.*,ptolemy.apps.agilent.*,ptolemy.apps.anytimecontrol.*,ptolemy.apps.apes.*,ptolemy.apps.charon.*,ptolemy.apps.crazyboard.*,ptolemy.apps.eclipse.*,ptolemy.apps.etherealSting.*,ptolemy.apps.fullscreen.*,ptolemy.apps.giotto.*,ptolemy.apps.ia.*,ptolemy.apps.interfaces.*,ptolemy.apps.jmf.*,ptolemy.apps.kurt.*,ptolemy.apps.kvm.*,ptolemy.apps.lego.*,ptolemy.apps.lejos.*,ptolemy.apps.midp.*,ptolemy.apps.mobileCoding.*,ptolemy.apps.pendulum.*,ptolemy.apps.rijndael.*,ptolemy.apps.robot.*,ptolemy.apps.security.*,ptolemy.apps.sobel.*,ptolemy.apps.soot.*,ptolemy.apps.throttle.*,ptolemy.apps.tini.*,ptolemy.apps.transmission.*,ptolemy.apps.vergil.*,ptolemy.apps.waba.*,ptolemy.apps.websensor.*,ptolemy.apps.webstart.*,ptolemy.apps.xsl.*,ptolemy.apps.zaurus.*,ptolemy.backtrack.eclipse.plugin.*,ptolemy.backtrack.test.*,ptolemy.codegen.c.actor.lib.oldJavaFiles.*,ptolemy.codegen.dsp.lib.*,ptolemy.codegen.kernel.newInterfaces.*,ptolemy.codegen.lib.*,ptolemy.copernicus.kernel.fragment.*,ptolemy.copernicus.shallow.cg.*,ptolemy.domains.giotto.demo.Hierarchy.Hierarchy.*,ptolemy.domains.giotto.demo.Multimode.Multimode.*,ptolemy.domains.giotto.demo.Simple.Simple.*,ptolemy.domains.gr.lib.experimental.*,ptolemy.domains.gro.*,ptolemy.domains.pdf.*,ptolemy.domains.ptinyos.demo.Surge.output.*,ptolemy.moml.test.NoPackageActor.java*,ptolemy.plot.adm.*,ptolemy.plot.servlet.*,reports.*,signed.*,src.*,target.*,vendors.*,ptolemy.cg.adapter.generic.program.procedural.c.mbed*,ptolemy.actor.lib.fmi.fmus.omc*,ptolemy.domains.openmodelica*,ptdb.kernel.bl.save.test.*,ptdb.kernel.bl.load.test.*,ptdb.kernel.bl.search.test.*,ptdb.kernel.bl.migration.test.*,ptdb.kernel.database.test.*,ptdb.test.*,ptdb.gui.test.*,org.ptolemy.scala.*,diva.util.java2d.svg.*,ptolemy.domains.ptinyos.*,ptolemy.actor.lib.fmi.fmipp.*,,org.terraswarm.accessor.accessors.web.node_modules.*,org.terraswarm.accessor.accessors-svn,ptolemy.actor.ptalon.demo.ptinyos.SendAndReceiveCnt.output,ptolemy.actor.ptalon.demo.ptinyos.SenseToLeds.output,ptolemy.domains.ptinyos.demo.CntToLedsAndRfm.output,ptolemy.domains.ptinyos.demo.RfmToLeds.output,ptolemy.domains.ptinyos.demo.SendAndReceiveCnt.output,ptolemy.domains.ptinyos.demo.SenseToLeds.output" />
    <property name="env.JAVA_HOME" value="/usr/lib/jvm/java-8-oracle" />
    <property name="env.PTII" value="/home/travis/build/icyphy/ptII" />
    <property name="env.TRAVIS_COMMIT_MESSAGE" value="Create the CERTI_INSTALL/lib" />
    <property name="keystore" value="ptKeystore" />
    <property name="env.XDG_SESSION_ID" value="2" />
    <property name="junit.output.dir" value="/home/travis/build/icyphy/ptII/reports/junit" />
    <property name="npm.return.code" value="0" />
    <property name="user.dir" value="/home/travis/build/icyphy/ptII/ptolemy/domains/ptides/test" />
    <property name="env.TRAVIS_NODE_VERSION" value="7" />
    <property name="env.XFILESEARCHPATH" value="/usr/dt/app-defaults/%L/Dt" />
    <property name="env.TRAVIS_EVENT_TYPE" value="push" />
    <property name="env.MAIL" value="/var/mail/travis" />
    <property name="env.PWD" value="/home/travis/build/icyphy/ptII" />
    <property name="env.PERLBREW_ROOT" value="/home/travis/perl5/perlbrew" />
    <property name="timeout.npm" value="45000" />
    <property name="env.PT_TRAVIS_TEST_CORE2_XML" value="true" />
    <property name="env.PAGER" value="cat" />
    <property name="sun.cpu.endian" value="little" />
    <property name="env.TRAVIS_BUILD_STAGE_NAME" value="Test" />
    <property name="env.PERLBREW_HOME" value="/home/travis/.perlbrew" />
    <property name="env.RAILS_ENV" value="test" />
    <property name="java.vm.version" value="25.151-b12" />
    <property name="java.class.path" value="/home/travis/build/icyphy/ptII:/home/travis/build/icyphy/ptII/lib/bsh-2.0b4.jar:/home/travis/build/icyphy/ptII/lib/ptCal.jar:/home/travis/build/icyphy/ptII/lib/java_cup.jar:/home/travis/build/icyphy/ptII/lib/saxon8.jar:/home/travis/build/icyphy/ptII/lib/saxon8-dom.jar:/home/travis/build/icyphy/ptII/lib/chic.jar:/home/travis/build/icyphy/ptII/lib/ptcolt.jar:/usr/lib/jvm/java-8-oracle/lib/tools.jar:/usr/lib/eclipse/plugins/org.eclipse.jdt.core_3.8.2.dist.jar:/usr/lib/eclipse/plugins/org.eclipse.core.runtime_3.8.0.dist.jar:/usr/lib/eclipse/plugins/org.eclipse.osgi_3.8.1.dist.jar:/usr/lib/eclipse/plugins/org.eclipse.core.resources_3.8.1.dist.jar:/usr/lib/eclipse/plugins/org.eclipse.equinox.common_3.6.100.dist.jar:/usr/lib/eclipse/plugins/org.eclipse.core.jobs_3.5.200.dist.jar:/usr/lib/eclipse/plugins/org.eclipse.core.contenttype_3.4.200.dist.jar:/usr/lib/eclipse/plugins/org.eclipse.equinox.preferences_3.5.0.dist.jar:/usr/lib/eclipse/plugins/org.eclipse.text_3.5.200.dist.jar:/usr/lib/eclipse/plugins/org.eclipse.ui.workbench_3.8.1.dist.jar:/usr/lib/eclipse/plugins/org.eclipse.jface_3.8.0.dist.jar:/usr/lib/eclipse/plugins/org.eclipse.swt_3.8.2.jar:/usr/lib/eclipse/plugins/org.eclipse.jface.text_3.8.1.dist.jar:/usr/lib/eclipse/plugins/org.eclipse.ui.workbench.texteditor_3.8.0.dist.jar:/usr/lib/eclipse/plugins/org.eclipse.ui.editors_3.8.0.dist.jar:/usr/lib/eclipse/plugins/org.eclipse.core.commands_3.6.1.dist.jar:/usr/lib/eclipse/plugins/org.eclipse.equinox.registry_3.5.200.dist.jar:/usr/lib/eclipse/plugins/org.eclipse.ui.console_3.5.100.dist.jar:/usr/lib/eclipse/plugins/org.eclipse.ui.forms_3.5.200.dist.jar:/usr/lib/eclipse/plugins/org.eclipse.ui.ide_3.8.1.dist.jar:/home/travis/build/icyphy/ptII/vendors/oracle/dbxml.jar:/home/travis/build/icyphy/ptII/vendors/oracle/db.jar:/home/travis/build/icyphy/ptII/vendors/misc/itext/iText.jar:/home/travis/build/icyphy/ptII/lib/g4ltl.jar:/home/travis/build/icyphy/ptII/lib/StructuralCoder.jar:/home/travis/build/icyphy/ptII/lib/org-openide-util.jar:/home/travis/build/icyphy/ptII/lib/org-openide-util-lookup.jar:/home/travis/build/icyphy/ptII/lib/org-netbeans-api-visual.jar:/home/travis/build/icyphy/ptII/vendors/jai-1_1_2_01/lib/jai_core.jar:/home/travis/build/icyphy/ptII/vendors/jai-1_1_2_01/lib/jai_codec.jar:/home/travis/build/icyphy/ptII/lib/jcerti.jar:/home/travis/build/icyphy/ptII/lib/smack.jar:/home/travis/build/icyphy/ptII/lib/smackx.jar:/home/travis/build/icyphy/ptII/lib/jetty-all-8.1.5-v20120716.jar:/home/travis/build/icyphy/ptII/lib/javax.servlet-api-3.0.1.jar:/home/travis/build/icyphy/ptII/lib/javax.mail.jar:/home/travis/build/icyphy/ptII/vendors/JMF-2.1.1e/lib/jmf.jar:/home/travis/build/icyphy/ptII/lib/jna-4.0.0-variadic.jar:/home/travis/build/icyphy/ptII/vendors/misc/joystick/Joystick.jar:/home/travis/build/icyphy/ptII/lib/ptjacl.jar:/home/travis/build/icyphy/ptII/lib/jsoup-1.8.2.jar:/home/travis/build/icyphy/ptII/lib/junit-4.8.2.jar:/home/travis/build/icyphy/ptII/lib/JUnitParams-0.4.0.jar:/home/travis/build/icyphy/ptII/ptolemy/actor/lib/excel/jxl.jar:/home/travis/build/icyphy/ptII/lib/jython.jar:/home/travis/build/icyphy/ptII/lib/kieler.jar:/home/travis/build/icyphy/ptII/vendors/opencv/share/OpenCV/java/opencv-341.jar:/home/travis/build/icyphy/ptII/lib/oscP5.jar:/home/travis/build/icyphy/ptII/lib/nrjavaserial-3.11.0.devel.jar:/usr/share/java/j3dcore.jar:/usr/share/java/j3dutils.jar:/usr/share/java/vecmath.jar:/home/travis/build/icyphy/ptII/ptolemy/distributed/jini/jar/jini-core.jar:/home/travis/build/icyphy/ptII/ptolemy/distributed/jini/jar/jini-ext.jar:/home/travis/build/icyphy/ptII/ptolemy/distributed/jini/jar/sun-util.jar:/home/travis/build/icyphy/ptII/lib/protobuf-java-2.4.1.jar:/home/travis/build/icyphy/ptII/lib/org.eclipse.paho.client.mqttv3.jar:/home/travis/build/icyphy/ptII/ptserver/lib/hessian-4.0.7.jar:/home/travis/build/icyphy/ptII/ptserver/lib/wmqtt.jar:/home/travis/build/icyphy/ptII/lib/mapss.jar:/home/travis/build/icyphy/ptII/ptolemy/actor/ptalon/antlr/antlr.jar:/home/travis/build/icyphy/ptII/lib/JRI.jar:/home/travis/build/icyphy/ptII/lib/commons-lang-2.6.jar:/home/travis/build/icyphy/ptII/lib/commons-logging-1.1.1.jar:/home/travis/build/icyphy/ptII/lib/sootclasses.jar:/home/travis/build/icyphy/ptII/ptolemy/actor/lib/database/mysql-connector-java-5.1.6-bin.jar:/home/travis/build/icyphy/ptII/vendors/misc/sphinx4/sphinx4-data-5prealpha.jar:/home/travis/build/icyphy/ptII/vendors/misc/sphinx4/sphinx4-core-5prealpha.jar:/home/travis/build/icyphy/ptII/lib/PDFRenderer.jar:/home/travis/build/icyphy/ptII/lib/svgSalamander.jar:/home/travis/build/icyphy/ptII/lib/rsyntaxtextarea-2.6.0-SNAPSHOT.jar:/home/travis/build/icyphy/ptII/lib/hazelcast-3.8.2.jar:/home/travis/build/icyphy/ptII/lib/jackson-annotations-2.9.0.jar:/home/travis/build/icyphy/ptII/lib/jackson-core-2.9.3.jar:/home/travis/build/icyphy/ptII/lib/jackson-databind-2.9.3.jar:/home/travis/build/icyphy/ptII/lib/netty-buffer-4.1.19.Final.jar:/home/travis/build/icyphy/ptII/lib/netty-codec-4.1.19.Final.jar:/home/travis/build/icyphy/ptII/lib/netty-codec-dns-4.1.19.Final.jar:/home/travis/build/icyphy/ptII/lib/netty-codec-http-4.1.19.Final.jar:/home/travis/build/icyphy/ptII/lib/netty-codec-http2-4.1.19.Final.jar:/home/travis/build/icyphy/ptII/lib/netty-common-4.1.19.Final.jar:/home/travis/build/icyphy/ptII/lib/netty-handler-4.1.19.Final.jar:/home/travis/build/icyphy/ptII/lib/netty-resolver-4.1.19.Final.jar:/home/travis/build/icyphy/ptII/lib/netty-resolver-dns-4.1.19.Final.jar:/home/travis/build/icyphy/ptII/lib/netty-transport-4.1.19.Final.jar:/home/travis/build/icyphy/ptII/lib/vertx-codegen-3.5.1.jar:/home/travis/build/icyphy/ptII/lib/vertx-core-3.5.2-SNAPSHOT.jar:/home/travis/build/icyphy/ptII/lib/vertx-hazelcast-3.5.1.jar:/home/travis/build/icyphy/ptII/lib/vertx-lang-js-3.5.1.jar:/home/travis/build/icyphy/ptII/lib/vertx-service-proxy-3.5.1.jar:/home/travis/build/icyphy/ptII/lib/vertx-web-3.5.1.jar:/home/travis/build/icyphy/ptII/lib/slf4j-api-1.7.13.jar:/home/travis/build/icyphy/ptII/lib/slf4j-simple-1.7.13.jar:/home/travis/build/icyphy/ptII/lib/webcam-capture-0.3.12.jar:/home/travis/build/icyphy/ptII/lib/bridj-0.7.0.jar:/home/travis/build/icyphy/ptII/lib/xbjlib-1.1.0.nrjavaserial.jar:/home/travis/build/icyphy/ptII/ptolemy/moml/test:/home/travis/build/icyphy/ptII/ant/lib/ant-launcher.jar:/home/travis/build/icyphy/ptII/ant/lib/ant.jar:/home/travis/build/icyphy/ptII/ant/lib/ant-junit.jar:/home/travis/build/icyphy/ptII/ant/lib/ant-junit4.jar" />
    <property name="ant.library.dir" value="/home/travis/build/icyphy/ptII/ant/lib" />
    <property name="os.arch" value="amd64" />
    <property name="env.TRAVIS_LANGUAGE" value="node_js" />
    <property name="env.CONTINUOUS_INTEGRATION" value="true" />
    <property name="env.TRAVIS_STACK_LANGUAGES" value="__garnet__ c c++ clojure cplusplus cpp default go groovy java node_js php pure_java python ruby scala" />
    <property name="test.name" value="ptolemy.actor.lib.test.junit.JUnitTclTest" />
    <property name="sun.java.launcher" value="SUN_STANDARD" />
    <property name="env.PYTHON_CONFIGURE_OPTS" value="--enable-unicode=ucs4 --with-wide-unicode --enable-shared --enable-ipv6 --enable-loadable-sqlite-extensions --with-computed-gotos" />
    <property name="ant.core.lib" value="/home/travis/build/icyphy/ptII/ant/lib/ant.jar" />
    <property name="java.vm.specification.vendor" value="Oracle Corporation" />
    <property name="env.BCVTB_HOME" value="/home/travis/build/icyphy/ptII/lbnl" />
    <property name="file.separator" value="/" />
    <property name="java.runtime.version" value="1.8.0_151-b12" />
    <property name="spotbugs.home" value="/home/travis/build/icyphy/ptII/vendors/spotbugs-3.1.1" />
    <property name="sun.boot.class.path" value="/usr/lib/jvm/java-8-oracle/jre/lib/resources.jar:/usr/lib/jvm/java-8-oracle/jre/lib/rt.jar:/usr/lib/jvm/java-8-oracle/jre/lib/sunrsasign.jar:/usr/lib/jvm/java-8-oracle/jre/lib/jsse.jar:/usr/lib/jvm/java-8-oracle/jre/lib/jce.jar:/usr/lib/jvm/java-8-oracle/jre/lib/charsets.jar:/usr/lib/jvm/java-8-oracle/jre/lib/jfr.jar:/usr/lib/jvm/java-8-oracle/jre/classes" />
    <property name="env.HAS_JOSH_K_SEAL_OF_APPROVAL" value="true" />
    <property name="env.TRAVIS_OSX_IMAGE" value="" />
    <property name="env.XDG_RUNTIME_DIR" value="/run/user/2000" />
    <property name="env.TRAVIS_BRANCH" value="master" />
    <property name="env.TRAVIS_JOB_ID" value="382777890" />
    <property name="env.CERTI_HOME_TRAVIS" value="/home/travis/pthla/certi-tools" />
    <property name="user.country" value="US" />
    <property name="env.SHELL" value="/bin/bash" />
    <property name="java.maxmemory.large" value="5000m" />
    <property name="model" value="" />
    <property name="env.CASHER_DIR" value="/home/travis/.casher" />
    <property name="env.NVM_CD_FLAGS" value="" />
    <property name="jshint.executable" value="/home/travis/node_modules/jshint/bin/jshint" />
    <property name="java.vendor" value="Oracle Corporation" />
    <property name="env.JRUBY_OPTS" value=" --client -J-XX:+TieredCompilation -J-XX:TieredStopAtLevel=1 -J-Xss2m -Xcompile.invokedynamic=false" />
    <property name="env.TRAVIS_PRE_CHEF_BOOTSTRAP_TIME" value="2017-12-05T19:32:55" />
    <property name="env.TRAVIS_STACK_JOB_BOARD_REGISTER" value="/.job-board-register.yml" />
    <property name="env.ELIXIR_VERSION" value="1.4.5" />
    <property name="java.specification.version" value="1.8" />
    <property name="env.IRBRC" value="/home/travis/.rvm/rubies/ruby-2.4.1/.irbrc" />
    <property name="env.TRAVIS" value="true" />
    <property name="sun.arch.data.model" value="64" />
  </properties>
  <testcase classname="ptolemy.util.test.junit.TclTests" name="[0] ThereAreNoTclTests (RunTclFile)" time="0.001" />
  <testcase classname="ptolemy.util.test.junit.AutoKnownFailedTests" name="[0] ThereAreNoKnowFailedTests (RunModel)" time="0.001" />
  <testcase classname="ptolemy.util.test.junit.AutoNameArchTests" name="[0] ThereAreNoAutoTests (RunModel)" time="0.001" />
  <testcase classname="ptolemy.util.test.junit.AutoTests" name="[0] /home/travis/build/icyphy/ptII/ptolemy/domains/ptides/test/auto/2FPSchedulers.xml (RunModel)" time="0.53" />
  <testcase classname="ptolemy.util.test.junit.AutoTests" name="[1] /home/travis/build/icyphy/ptII/ptolemy/domains/ptides/test/auto/AddEDFDelayOffset.xml (RunModel)" time="0.172" />
  <testcase classname="ptolemy.util.test.junit.AutoTests" name="[2] /home/travis/build/icyphy/ptII/ptolemy/domains/ptides/test/auto/AutoThrottling.xml (RunModel)" time="0.073" />
  <testcase classname="ptolemy.util.test.junit.AutoTests" name="[3] /home/travis/build/icyphy/ptII/ptolemy/domains/ptides/test/auto/ClockDrift.xml (RunModel)" time="0.076" />
  <testcase classname="ptolemy.util.test.junit.AutoTests" name="[4] /home/travis/build/icyphy/ptII/ptolemy/domains/ptides/test/auto/ClockDrift1.xml (RunModel)" time="0.064" />
  <testcase classname="ptolemy.util.test.junit.AutoTests" name="[5] /home/travis/build/icyphy/ptII/ptolemy/domains/ptides/test/auto/CoSimulation.xml (RunModel)" time="2.447" />
  <testcase classname="ptolemy.util.test.junit.AutoTests" name="[6] /home/travis/build/icyphy/ptII/ptolemy/domains/ptides/test/auto/Continuous.xml (RunModel)" time="0.12" />
  <testcase classname="ptolemy.util.test.junit.AutoTests" name="[7] /home/travis/build/icyphy/ptII/ptolemy/domains/ptides/test/auto/Controller.xml (RunModel)" time="2.637" />
  <testcase classname="ptolemy.util.test.junit.AutoTests" name="[8] /home/travis/build/icyphy/ptII/ptolemy/domains/ptides/test/auto/DCASwith1FCFSScheduler.xml (RunModel)" time="0.108" />
  <testcase classname="ptolemy.util.test.junit.AutoTests" name="[9] /home/travis/build/icyphy/ptII/ptolemy/domains/ptides/test/auto/DCASwith2FCFSSchedulers.xml (RunModel)" time="0.094" />
  <testcase classname="ptolemy.util.test.junit.AutoTests" name="[10] /home/travis/build/icyphy/ptII/ptolemy/domains/ptides/test/auto/DistributedPowerPlant.xml (RunModel)" time="0.721" />
  <testcase classname="ptolemy.util.test.junit.AutoTests" name="[11] /home/travis/build/icyphy/ptII/ptolemy/domains/ptides/test/auto/EDFPreempt.xml (RunModel)" time="0.076" />
  <testcase classname="ptolemy.util.test.junit.AutoTests" name="[12] /home/travis/build/icyphy/ptII/ptolemy/domains/ptides/test/auto/EDFPreempt1.xml (RunModel)" time="0.138" />
  <testcase classname="ptolemy.util.test.junit.AutoTests" name="[13] /home/travis/build/icyphy/ptII/ptolemy/domains/ptides/test/auto/EDFScheduler.xml (RunModel)" time="0.087" />
  <testcase classname="ptolemy.util.test.junit.AutoTests" name="[14] /home/travis/build/icyphy/ptII/ptolemy/domains/ptides/test/auto/EDFScheduler1.xml (RunModel)" time="0.085" />
  <testcase classname="ptolemy.util.test.junit.AutoTests" name="[15] /home/travis/build/icyphy/ptII/ptolemy/domains/ptides/test/auto/EDFTwoAddSub.xml (RunModel)" time="0.177" />
  <testcase classname="ptolemy.util.test.junit.AutoTests" name="[16] /home/travis/build/icyphy/ptII/ptolemy/domains/ptides/test/auto/FCFSScheduler.xml (RunModel)" time="0.056" />
  <testcase classname="ptolemy.util.test.junit.AutoTests" name="[17] /home/travis/build/icyphy/ptII/ptolemy/domains/ptides/test/auto/FPScheduler1.xml (RunModel)" time="0.048" />
  <testcase classname="ptolemy.util.test.junit.AutoTests" name="[18] /home/travis/build/icyphy/ptII/ptolemy/domains/ptides/test/auto/Feedback.xml (RunModel)" time="0.057" />
  <testcase classname="ptolemy.util.test.junit.AutoTests" name="[19] /home/travis/build/icyphy/ptII/ptolemy/domains/ptides/test/auto/Feedback2.xml (RunModel)" time="0.045" />
  <testcase classname="ptolemy.util.test.junit.AutoTests" name="[20] /home/travis/build/icyphy/ptII/ptolemy/domains/ptides/test/auto/LocalSource.xml (RunModel)" time="0.078" />
  <testcase classname="ptolemy.util.test.junit.AutoTests" name="[21] /home/travis/build/icyphy/ptII/ptolemy/domains/ptides/test/auto/LocalSource3.xml (RunModel)" time="0.081" />
  <testcase classname="ptolemy.util.test.junit.AutoTests" name="[22] /home/travis/build/icyphy/ptII/ptolemy/domains/ptides/test/auto/LocalSourceActuator.xml (RunModel)" time="0.046" />
  <testcase classname="ptolemy.util.test.junit.AutoTests" name="[23] /home/travis/build/icyphy/ptII/ptolemy/domains/ptides/test/auto/Microstep.xml (RunModel)" time="0.066" />
  <testcase classname="ptolemy.util.test.junit.AutoTests" name="[24] /home/travis/build/icyphy/ptII/ptolemy/domains/ptides/test/auto/MixedSimulator.xml (RunModel)" time="0.079" />
  <testcase classname="ptolemy.util.test.junit.AutoTests" name="[25] /home/travis/build/icyphy/ptII/ptolemy/domains/ptides/test/auto/ModelDelay.xml (RunModel)" time="0.099" />
  <testcase classname="ptolemy.util.test.junit.AutoTests" name="[26] /home/travis/build/icyphy/ptII/ptolemy/domains/ptides/test/auto/MultiPlatformTDMA.xml (RunModel)" time="0.327" />
  <testcase classname="ptolemy.util.test.junit.AutoTests" name="[27] /home/travis/build/icyphy/ptII/ptolemy/domains/ptides/test/auto/MultiPlatformTDMA2.xml (RunModel)" time="0.202" />
  <testcase classname="ptolemy.util.test.junit.AutoTests" name="[28] /home/travis/build/icyphy/ptII/ptolemy/domains/ptides/test/auto/Network.xml (RunModel)" time="0.065" />
  <testcase classname="ptolemy.util.test.junit.AutoTests" name="[29] /home/travis/build/icyphy/ptII/ptolemy/domains/ptides/test/auto/Network1.xml (RunModel)" time="0.066" />
  <testcase classname="ptolemy.util.test.junit.AutoTests" name="[30] /home/travis/build/icyphy/ptII/ptolemy/domains/ptides/test/auto/Network2.xml (RunModel)" time="0.06" />
  <testcase classname="ptolemy.util.test.junit.AutoTests" name="[31] /home/travis/build/icyphy/ptII/ptolemy/domains/ptides/test/auto/Network3.xml (RunModel)" time="0.095" />
  <testcase classname="ptolemy.util.test.junit.AutoTests" name="[32] /home/travis/build/icyphy/ptII/ptolemy/domains/ptides/test/auto/Network4.xml (RunModel)" time="0.06" />
  <testcase classname="ptolemy.util.test.junit.AutoTests" name="[33] /home/travis/build/icyphy/ptII/ptolemy/domains/ptides/test/auto/NetworkMicrostepTest.xml (RunModel)" time="0.071" />
  <testcase classname="ptolemy.util.test.junit.AutoTests" name="[34] /home/travis/build/icyphy/ptII/ptolemy/domains/ptides/test/auto/NetworkPorts.xml (RunModel)" time="0.075" />
  <testcase classname="ptolemy.util.test.junit.AutoTests" name="[35] /home/travis/build/icyphy/ptII/ptolemy/domains/ptides/test/auto/OneMerger.xml (RunModel)" time="0.057" />
  <testcase classname="ptolemy.util.test.junit.AutoTests" name="[36] /home/travis/build/icyphy/ptII/ptolemy/domains/ptides/test/auto/OnePlatform.xml (RunModel)" time="0.091" />
  <testcase classname="ptolemy.util.test.junit.AutoTests" name="[37] /home/travis/build/icyphy/ptII/ptolemy/domains/ptides/test/auto/OnePlatform1.xml (RunModel)" time="0.07" />
  <testcase classname="ptolemy.util.test.junit.AutoTests" name="[38] /home/travis/build/icyphy/ptII/ptolemy/domains/ptides/test/auto/OnePlatform2.xml (RunModel)" time="0.075" />
  <testcase classname="ptolemy.util.test.junit.AutoTests" name="[39] /home/travis/build/icyphy/ptII/ptolemy/domains/ptides/test/auto/OnePlatform3.xml (RunModel)" time="0.066" />
  <testcase classname="ptolemy.util.test.junit.AutoTests" name="[40] /home/travis/build/icyphy/ptII/ptolemy/domains/ptides/test/auto/OnePlatform4.xml (RunModel)" time="0.079" />
  <testcase classname="ptolemy.util.test.junit.AutoTests" name="[41] /home/travis/build/icyphy/ptII/ptolemy/domains/ptides/test/auto/OnePlatform5.xml (RunModel)" time="0.07" />
  <testcase classname="ptolemy.util.test.junit.AutoTests" name="[42] /home/travis/build/icyphy/ptII/ptolemy/domains/ptides/test/auto/OnePlatformCausalLoop.xml (RunModel)" time="0.059" />
  <testcase classname="ptolemy.util.test.junit.AutoTests" name="[43] /home/travis/build/icyphy/ptII/ptolemy/domains/ptides/test/auto/OnePlatformRealTime.xml (RunModel)" time="0.039" />
  <testcase classname="ptolemy.util.test.junit.AutoTests" name="[44] /home/travis/build/icyphy/ptII/ptolemy/domains/ptides/test/auto/OnePlatformThreePathsRealDelay.xml (RunModel)" time="0.094" />
  <testcase classname="ptolemy.util.test.junit.AutoTests" name="[45] /home/travis/build/icyphy/ptII/ptolemy/domains/ptides/test/auto/OnePlatformminDelay.xml (RunModel)" time="0.053" />
  <testcase classname="ptolemy.util.test.junit.AutoTests" name="[46] /home/travis/build/icyphy/ptII/ptolemy/domains/ptides/test/auto/PowerManagementUnitSamplingWithCurrentLocalTime.xml (RunModel)" time="0.386" />
  <testcase classname="ptolemy.util.test.junit.AutoTests" name="[47] /home/travis/build/icyphy/ptII/ptolemy/domains/ptides/test/auto/PowerPlant.xml (RunModel)" time="0.543" />
  <testcase classname="ptolemy.util.test.junit.AutoTests" name="[48] /home/travis/build/icyphy/ptII/ptolemy/domains/ptides/test/auto/PreemptDeadline.xml (RunModel)" time="0.059" />
  <testcase classname="ptolemy.util.test.junit.AutoTests" name="[49] /home/travis/build/icyphy/ptII/ptolemy/domains/ptides/test/auto/PreemptEDFOnePlatformTwoPaths.xml (RunModel)" time="0.051" />
  <testcase classname="ptolemy.util.test.junit.AutoTests" name="[50] /home/travis/build/icyphy/ptII/ptolemy/domains/ptides/test/auto/PreemptOnePlatform.xml (RunModel)" time="0.039" />
  <testcase classname="ptolemy.util.test.junit.AutoTests" name="[51] /home/travis/build/icyphy/ptII/ptolemy/domains/ptides/test/auto/PrintingPress.xml (RunModel)" time="53.216" />
  <testcase classname="ptolemy.util.test.junit.AutoTests" name="[52] /home/travis/build/icyphy/ptII/ptolemy/domains/ptides/test/auto/PtidesMulticoreDirector.xml (RunModel)" time="0.071" />
  <testcase classname="ptolemy.util.test.junit.AutoTests" name="[53] /home/travis/build/icyphy/ptII/ptolemy/domains/ptides/test/auto/PtidesSynchrophasor.xml (RunModel)" time="2.198" />
  <testcase classname="ptolemy.util.test.junit.AutoTests" name="[54] /home/travis/build/icyphy/ptII/ptolemy/domains/ptides/test/auto/SafeToProcessInsideTransparent.xml (RunModel)" time="0.03" />
  <testcase classname="ptolemy.util.test.junit.AutoTests" name="[55] /home/travis/build/icyphy/ptII/ptolemy/domains/ptides/test/auto/SafeToProcessTwoPaths.xml (RunModel)" time="0.046" />
  <testcase classname="ptolemy.util.test.junit.AutoTests" name="[56] /home/travis/build/icyphy/ptII/ptolemy/domains/ptides/test/auto/Sensor.xml (RunModel)" time="0.028" />
  <testcase classname="ptolemy.util.test.junit.AutoTests" name="[57] /home/travis/build/icyphy/ptII/ptolemy/domains/ptides/test/auto/SensorActuatorModelDelayOnly.xml (RunModel)" time="0.036" />
  <testcase classname="ptolemy.util.test.junit.AutoTests" name="[58] /home/travis/build/icyphy/ptII/ptolemy/domains/ptides/test/auto/SensorActuatorNoDelay.xml (RunModel)" time="0.034" />
  <testcase classname="ptolemy.util.test.junit.AutoTests" name="[59] /home/travis/build/icyphy/ptII/ptolemy/domains/ptides/test/auto/TIIModalExample.xml (RunModel)" time="0.105" />
  <testcase classname="ptolemy.util.test.junit.AutoTests" name="[60] /home/travis/build/icyphy/ptII/ptolemy/domains/ptides/test/auto/TIIMultiPlatformPowerSupply.xml (RunModel)" time="1.219" />
  <testcase classname="ptolemy.util.test.junit.AutoTests" name="[61] /home/travis/build/icyphy/ptII/ptolemy/domains/ptides/test/auto/TIIPowerPlant.xml (RunModel)" time="0.419" />
  <testcase classname="ptolemy.util.test.junit.AutoTests" name="[62] /home/travis/build/icyphy/ptII/ptolemy/domains/ptides/test/auto/TIIPowerPlantHeartbeat.xml (RunModel)" time="0.147" />
  <testcase classname="ptolemy.util.test.junit.AutoTests" name="[63] /home/travis/build/icyphy/ptII/ptolemy/domains/ptides/test/auto/TwoMergers.xml (RunModel)" time="0.046" />
  <testcase classname="ptolemy.util.test.junit.AutoTests" name="[64] /home/travis/build/icyphy/ptII/ptolemy/domains/ptides/test/auto/TwoTasks.xml (RunModel)" time="0.058" />
  <testcase classname="ptolemy.util.test.junit.AutoTests" name="[65] /home/travis/build/icyphy/ptII/ptolemy/domains/ptides/test/auto/TwoTasksInSequence.xml (RunModel)" time="0.074" />
  <testcase classname="ptolemy.util.test.junit.AutoTests" name="[66] /home/travis/build/icyphy/ptII/ptolemy/domains/ptides/test/auto/VariableDelay.xml (RunModel)" time="0.03" />
  <system-out><![CDATA[No tcl tests in /home/travis/build/icyphy/ptII/ptolemy/domains/ptides/test
No auto/knownFailedTests/*.xml tests in /home/travis/build/icyphy/ptII/ptolemy/domains/ptides/test
No auto/*.xml tests in /home/travis/build/icyphy/ptII/ptolemy/domains/ptides/test
AutoTests.java: About to close Vertx.
AutoTests.java: Vertx closed.
----------------- testing Wed May 23 18:26:29 UTC 2018 /home/travis/build/icyphy/ptII/ptolemy/domains/ptides/test/auto/2FPSchedulers.xml
----------------- Instantiating /home/travis/build/icyphy/ptII/ptolemy/domains/ptides/test/auto/2FPSchedulers.xml
64 ms. Memory: 116224K Free: 99266K (85%)
----------------- Invoking toplevel() on ptolemy.moml.MoMLSimpleApplication@2faa8112
----------------- Done invoking toplevel() on ptolemy.moml.MoMLSimpleApplication@2faa8112
reloadAllAccessors: .2FPSchedulers
----------------- testing Wed May 23 18:26:30 UTC 2018 /home/travis/build/icyphy/ptII/ptolemy/domains/ptides/test/auto/AddEDFDelayOffset.xml
----------------- Instantiating /home/travis/build/icyphy/ptII/ptolemy/domains/ptides/test/auto/AddEDFDelayOffset.xml
33 ms. Memory: 116224K Free: 83920K (72%)
----------------- Invoking toplevel() on ptolemy.moml.MoMLSimpleApplication@1d61c318
----------------- Done invoking toplevel() on ptolemy.moml.MoMLSimpleApplication@1d61c318
reloadAllAccessors: .AddEDFDelayOffset
----------------- testing Wed May 23 18:26:30 UTC 2018 /home/travis/build/icyphy/ptII/ptolemy/domains/ptides/test/auto/AutoThrottling.xml
----------------- Instantiating /home/travis/build/icyphy/ptII/ptolemy/domains/ptides/test/auto/AutoThrottling.xml
25 ms. Memory: 116224K Free: 107888K (93%)
----------------- Invoking toplevel() on ptolemy.moml.MoMLSimpleApplication@72d70109
----------------- Done invoking toplevel() on ptolemy.moml.MoMLSimpleApplication@72d70109
reloadAllAccessors: .AutoThrottling
----------------- testing Wed May 23 18:26:30 UTC 2018 /home/travis/build/icyphy/ptII/ptolemy/domains/ptides/test/auto/ClockDrift.xml
----------------- Instantiating /home/travis/build/icyphy/ptII/ptolemy/domains/ptides/test/auto/ClockDrift.xml
16 ms. Memory: 116224K Free: 98999K (85%)
----------------- Invoking toplevel() on ptolemy.moml.MoMLSimpleApplication@22a6df36
----------------- Done invoking toplevel() on ptolemy.moml.MoMLSimpleApplication@22a6df36
reloadAllAccessors: .ClockDrift
----------------- testing Wed May 23 18:26:30 UTC 2018 /home/travis/build/icyphy/ptII/ptolemy/domains/ptides/test/auto/ClockDrift1.xml
----------------- Instantiating /home/travis/build/icyphy/ptII/ptolemy/domains/ptides/test/auto/ClockDrift1.xml
17 ms. Memory: 116224K Free: 89661K (77%)
----------------- Invoking toplevel() on ptolemy.moml.MoMLSimpleApplication@2839ac66
----------------- Done invoking toplevel() on ptolemy.moml.MoMLSimpleApplication@2839ac66
reloadAllAccessors: .ClockDrift1
----------------- testing Wed May 23 18:26:30 UTC 2018 /home/travis/build/icyphy/ptII/ptolemy/domains/ptides/test/auto/CoSimulation.xml
----------------- Instantiating /home/travis/build/icyphy/ptII/ptolemy/domains/ptides/test/auto/CoSimulation.xml
1565 ms. Memory: 209920K Free: 164330K (78%)
----------------- Invoking toplevel() on ptolemy.moml.MoMLSimpleApplication@2287a264
----------------- Done invoking toplevel() on ptolemy.moml.MoMLSimpleApplication@2287a264
reloadAllAccessors: .CoSimulation
----------------- testing Wed May 23 18:26:33 UTC 2018 /home/travis/build/icyphy/ptII/ptolemy/domains/ptides/test/auto/Continuous.xml
----------------- Instantiating /home/travis/build/icyphy/ptII/ptolemy/domains/ptides/test/auto/Continuous.xml
33 ms. Memory: 209920K Free: 147077K (70%)
----------------- Invoking toplevel() on ptolemy.moml.MoMLSimpleApplication@6f3c203a
----------------- Done invoking toplevel() on ptolemy.moml.MoMLSimpleApplication@6f3c203a
reloadAllAccessors: .Continuous
----------------- testing Wed May 23 18:26:33 UTC 2018 /home/travis/build/icyphy/ptII/ptolemy/domains/ptides/test/auto/Controller.xml
----------------- Instantiating /home/travis/build/icyphy/ptII/ptolemy/domains/ptides/test/auto/Controller.xml
2373 ms. Memory: 332800K Free: 202443K (61%)
----------------- Invoking toplevel() on ptolemy.moml.MoMLSimpleApplication@c56dd98
----------------- Done invoking toplevel() on ptolemy.moml.MoMLSimpleApplication@c56dd98
reloadAllAccessors: .Controller
----------------- testing Wed May 23 18:26:35 UTC 2018 /home/travis/build/icyphy/ptII/ptolemy/domains/ptides/test/auto/DCASwith1FCFSScheduler.xml
----------------- Instantiating /home/travis/build/icyphy/ptII/ptolemy/domains/ptides/test/auto/DCASwith1FCFSScheduler.xml
16 ms. Memory: 332800K Free: 179869K (54%)
----------------- Invoking toplevel() on ptolemy.moml.MoMLSimpleApplication@2be181de
----------------- Done invoking toplevel() on ptolemy.moml.MoMLSimpleApplication@2be181de
reloadAllAccessors: .DCASwith1FCFSScheduler
----------------- testing Wed May 23 18:26:35 UTC 2018 /home/travis/build/icyphy/ptII/ptolemy/domains/ptides/test/auto/DCASwith2FCFSSchedulers.xml
----------------- Instantiating /home/travis/build/icyphy/ptII/ptolemy/domains/ptides/test/auto/DCASwith2FCFSSchedulers.xml
11 ms. Memory: 332800K Free: 155293K (47%)
----------------- Invoking toplevel() on ptolemy.moml.MoMLSimpleApplication@1c4463e
----------------- Done invoking toplevel() on ptolemy.moml.MoMLSimpleApplication@1c4463e
reloadAllAccessors: .DCASwith2FCFSSchedulers
----------------- testing Wed May 23 18:26:36 UTC 2018 /home/travis/build/icyphy/ptII/ptolemy/domains/ptides/test/auto/DistributedPowerPlant.xml
----------------- Instantiating /home/travis/build/icyphy/ptII/ptolemy/domains/ptides/test/auto/DistributedPowerPlant.xml
414 ms. Memory: 332800K Free: 276532K (83%)
----------------- Invoking toplevel() on ptolemy.moml.MoMLSimpleApplication@de89139
----------------- Done invoking toplevel() on ptolemy.moml.MoMLSimpleApplication@de89139
reloadAllAccessors: .DistributedPowerPlant
----------------- testing Wed May 23 18:26:36 UTC 2018 /home/travis/build/icyphy/ptII/ptolemy/domains/ptides/test/auto/EDFPreempt.xml
----------------- Instantiating /home/travis/build/icyphy/ptII/ptolemy/domains/ptides/test/auto/EDFPreempt.xml
25 ms. Memory: 332800K Free: 261102K (78%)
----------------- Invoking toplevel() on ptolemy.moml.MoMLSimpleApplication@5c27f6d7
----------------- Done invoking toplevel() on ptolemy.moml.MoMLSimpleApplication@5c27f6d7
reloadAllAccessors: .EDFPreempt
----------------- testing Wed May 23 18:26:36 UTC 2018 /home/travis/build/icyphy/ptII/ptolemy/domains/ptides/test/auto/EDFPreempt1.xml
----------------- Instantiating /home/travis/build/icyphy/ptII/ptolemy/domains/ptides/test/auto/EDFPreempt1.xml
45 ms. Memory: 332800K Free: 237480K (71%)
----------------- Invoking toplevel() on ptolemy.moml.MoMLSimpleApplication@4d90d1b6
----------------- Done invoking toplevel() on ptolemy.moml.MoMLSimpleApplication@4d90d1b6
reloadAllAccessors: .EDFPreempt1
----------------- testing Wed May 23 18:26:36 UTC 2018 /home/travis/build/icyphy/ptII/ptolemy/domains/ptides/test/auto/EDFScheduler.xml
----------------- Instantiating /home/travis/build/icyphy/ptII/ptolemy/domains/ptides/test/auto/EDFScheduler.xml
10 ms. Memory: 332800K Free: 217803K (65%)
----------------- Invoking toplevel() on ptolemy.moml.MoMLSimpleApplication@4a4dcab3
----------------- Done invoking toplevel() on ptolemy.moml.MoMLSimpleApplication@4a4dcab3
reloadAllAccessors: .EDFScheduler
----------------- testing Wed May 23 18:26:37 UTC 2018 /home/travis/build/icyphy/ptII/ptolemy/domains/ptides/test/auto/EDFScheduler1.xml
----------------- Instantiating /home/travis/build/icyphy/ptII/ptolemy/domains/ptides/test/auto/EDFScheduler1.xml
16 ms. Memory: 332800K Free: 197458K (59%)
----------------- Invoking toplevel() on ptolemy.moml.MoMLSimpleApplication@3cc68eea
----------------- Done invoking toplevel() on ptolemy.moml.MoMLSimpleApplication@3cc68eea
reloadAllAccessors: .EDFScheduler1
----------------- testing Wed May 23 18:26:37 UTC 2018 /home/travis/build/icyphy/ptII/ptolemy/domains/ptides/test/auto/EDFTwoAddSub.xml
----------------- Instantiating /home/travis/build/icyphy/ptII/ptolemy/domains/ptides/test/auto/EDFTwoAddSub.xml
72 ms. Memory: 332800K Free: 161412K (49%)
----------------- Invoking toplevel() on ptolemy.moml.MoMLSimpleApplication@1cce94d0
----------------- Done invoking toplevel() on ptolemy.moml.MoMLSimpleApplication@1cce94d0
reloadAllAccessors: .EDFTwoAddSub
----------------- testing Wed May 23 18:26:37 UTC 2018 /home/travis/build/icyphy/ptII/ptolemy/domains/ptides/test/auto/FCFSScheduler.xml
----------------- Instantiating /home/travis/build/icyphy/ptII/ptolemy/domains/ptides/test/auto/FCFSScheduler.xml
9 ms. Memory: 332800K Free: 144343K (43%)
----------------- Invoking toplevel() on ptolemy.moml.MoMLSimpleApplication@424facdc
----------------- Done invoking toplevel() on ptolemy.moml.MoMLSimpleApplication@424facdc
reloadAllAccessors: .FCFSScheduler
----------------- testing Wed May 23 18:26:37 UTC 2018 /home/travis/build/icyphy/ptII/ptolemy/domains/ptides/test/auto/FPScheduler1.xml
----------------- Instantiating /home/travis/build/icyphy/ptII/ptolemy/domains/ptides/test/auto/FPScheduler1.xml
8 ms. Memory: 332800K Free: 129597K (39%)
----------------- Invoking toplevel() on ptolemy.moml.MoMLSimpleApplication@49a4d4f3
----------------- Done invoking toplevel() on ptolemy.moml.MoMLSimpleApplication@49a4d4f3
reloadAllAccessors: .FPScheduler1
----------------- testing Wed May 23 18:26:37 UTC 2018 /home/travis/build/icyphy/ptII/ptolemy/domains/ptides/test/auto/Feedback.xml
----------------- Instantiating /home/travis/build/icyphy/ptII/ptolemy/domains/ptides/test/auto/Feedback.xml
26 ms. Memory: 332800K Free: 115797K (35%)
----------------- Invoking toplevel() on ptolemy.moml.MoMLSimpleApplication@2a9ef959
----------------- Done invoking toplevel() on ptolemy.moml.MoMLSimpleApplication@2a9ef959
reloadAllAccessors: .Feedback
----------------- testing Wed May 23 18:26:37 UTC 2018 /home/travis/build/icyphy/ptII/ptolemy/domains/ptides/test/auto/Feedback2.xml
----------------- Instantiating /home/travis/build/icyphy/ptII/ptolemy/domains/ptides/test/auto/Feedback2.xml
13 ms. Memory: 332800K Free: 102674K (31%)
----------------- Invoking toplevel() on ptolemy.moml.MoMLSimpleApplication@107ad904
----------------- Done invoking toplevel() on ptolemy.moml.MoMLSimpleApplication@107ad904
reloadAllAccessors: .Feedback2
----------------- testing Wed May 23 18:26:37 UTC 2018 /home/travis/build/icyphy/ptII/ptolemy/domains/ptides/test/auto/LocalSource.xml
----------------- Instantiating /home/travis/build/icyphy/ptII/ptolemy/domains/ptides/test/auto/LocalSource.xml
22 ms. Memory: 332800K Free: 83967K (25%)
----------------- Invoking toplevel() on ptolemy.moml.MoMLSimpleApplication@130753b0
----------------- Done invoking toplevel() on ptolemy.moml.MoMLSimpleApplication@130753b0
reloadAllAccessors: .LocalSource
----------------- testing Wed May 23 18:26:37 UTC 2018 /home/travis/build/icyphy/ptII/ptolemy/domains/ptides/test/auto/LocalSource3.xml
----------------- Instantiating /home/travis/build/icyphy/ptII/ptolemy/domains/ptides/test/auto/LocalSource3.xml
25 ms. Memory: 479744K Free: 462113K (96%)
----------------- Invoking toplevel() on ptolemy.moml.MoMLSimpleApplication@5957329e
----------------- Done invoking toplevel() on ptolemy.moml.MoMLSimpleApplication@5957329e
reloadAllAccessors: .LocalSource3
----------------- testing Wed May 23 18:26:37 UTC 2018 /home/travis/build/icyphy/ptII/ptolemy/domains/ptides/test/auto/LocalSourceActuator.xml
----------------- Instantiating /home/travis/build/icyphy/ptII/ptolemy/domains/ptides/test/auto/LocalSourceActuator.xml
14 ms. Memory: 479744K Free: 448136K (93%)
----------------- Invoking toplevel() on ptolemy.moml.MoMLSimpleApplication@4c9ea95b
----------------- Done invoking toplevel() on ptolemy.moml.MoMLSimpleApplication@4c9ea95b
reloadAllAccessors: .LocalSourceActuator
----------------- testing Wed May 23 18:26:37 UTC 2018 /home/travis/build/icyphy/ptII/ptolemy/domains/ptides/test/auto/Microstep.xml
----------------- Instantiating /home/travis/build/icyphy/ptII/ptolemy/domains/ptides/test/auto/Microstep.xml
18 ms. Memory: 479744K Free: 435046K (91%)
----------------- Invoking toplevel() on ptolemy.moml.MoMLSimpleApplication@291e61eb
----------------- Done invoking toplevel() on ptolemy.moml.MoMLSimpleApplication@291e61eb
reloadAllAccessors: .Microstep
----------------- testing Wed May 23 18:26:37 UTC 2018 /home/travis/build/icyphy/ptII/ptolemy/domains/ptides/test/auto/MixedSimulator.xml
----------------- Instantiating /home/travis/build/icyphy/ptII/ptolemy/domains/ptides/test/auto/MixedSimulator.xml
27 ms. Memory: 479744K Free: 413341K (86%)
----------------- Invoking toplevel() on ptolemy.moml.MoMLSimpleApplication@14e2b758
----------------- Done invoking toplevel() on ptolemy.moml.MoMLSimpleApplication@14e2b758
reloadAllAccessors: .MixedSimulator
----------------- testing Wed May 23 18:26:37 UTC 2018 /home/travis/build/icyphy/ptII/ptolemy/domains/ptides/test/auto/ModelDelay.xml
----------------- Instantiating /home/travis/build/icyphy/ptII/ptolemy/domains/ptides/test/auto/ModelDelay.xml
22 ms. Memory: 479744K Free: 400250K (83%)
----------------- Invoking toplevel() on ptolemy.moml.MoMLSimpleApplication@647fccab
----------------- Done invoking toplevel() on ptolemy.moml.MoMLSimpleApplication@647fccab
reloadAllAccessors: .ModelDelay
----------------- testing Wed May 23 18:26:38 UTC 2018 /home/travis/build/icyphy/ptII/ptolemy/domains/ptides/test/auto/MultiPlatformTDMA.xml
----------------- Instantiating /home/travis/build/icyphy/ptII/ptolemy/domains/ptides/test/auto/MultiPlatformTDMA.xml
82 ms. Memory: 479744K Free: 349746K (73%)
----------------- Invoking toplevel() on ptolemy.moml.MoMLSimpleApplication@712a3fb7
----------------- Done invoking toplevel() on ptolemy.moml.MoMLSimpleApplication@712a3fb7
reloadAllAccessors: .MultiPlatformTDMA
----------------- testing Wed May 23 18:26:38 UTC 2018 /home/travis/build/icyphy/ptII/ptolemy/domains/ptides/test/auto/MultiPlatformTDMA2.xml
----------------- Instantiating /home/travis/build/icyphy/ptII/ptolemy/domains/ptides/test/auto/MultiPlatformTDMA2.xml
88 ms. Memory: 479744K Free: 299995K (63%)
----------------- Invoking toplevel() on ptolemy.moml.MoMLSimpleApplication@3ea45300
----------------- Done invoking toplevel() on ptolemy.moml.MoMLSimpleApplication@3ea45300
reloadAllAccessors: .MultiPlatformTDMA2
----------------- testing Wed May 23 18:26:38 UTC 2018 /home/travis/build/icyphy/ptII/ptolemy/domains/ptides/test/auto/Network.xml
----------------- Instantiating /home/travis/build/icyphy/ptII/ptolemy/domains/ptides/test/auto/Network.xml
9 ms. Memory: 479744K Free: 280909K (59%)
----------------- Invoking toplevel() on ptolemy.moml.MoMLSimpleApplication@9caffcc
----------------- Done invoking toplevel() on ptolemy.moml.MoMLSimpleApplication@9caffcc
reloadAllAccessors: .Network
----------------- testing Wed May 23 18:26:38 UTC 2018 /home/travis/build/icyphy/ptII/ptolemy/domains/ptides/test/auto/Network1.xml
----------------- Instantiating /home/travis/build/icyphy/ptII/ptolemy/domains/ptides/test/auto/Network1.xml
15 ms. Memory: 479744K Free: 262582K (55%)
----------------- Invoking toplevel() on ptolemy.moml.MoMLSimpleApplication@5a8b12cd
----------------- Done invoking toplevel() on ptolemy.moml.MoMLSimpleApplication@5a8b12cd
reloadAllAccessors: .Network1
----------------- testing Wed May 23 18:26:38 UTC 2018 /home/travis/build/icyphy/ptII/ptolemy/domains/ptides/test/auto/Network2.xml
----------------- Instantiating /home/travis/build/icyphy/ptII/ptolemy/domains/ptides/test/auto/Network2.xml
14 ms. Memory: 479744K Free: 246113K (51%)
----------------- Invoking toplevel() on ptolemy.moml.MoMLSimpleApplication@6f8a345f
----------------- Done invoking toplevel() on ptolemy.moml.MoMLSimpleApplication@6f8a345f
reloadAllAccessors: .Network2
----------------- testing Wed May 23 18:26:38 UTC 2018 /home/travis/build/icyphy/ptII/ptolemy/domains/ptides/test/auto/Network3.xml
----------------- Instantiating /home/travis/build/icyphy/ptII/ptolemy/domains/ptides/test/auto/Network3.xml
14 ms. Memory: 479744K Free: 214681K (45%)
----------------- Invoking toplevel() on ptolemy.moml.MoMLSimpleApplication@7f347468
----------------- Done invoking toplevel() on ptolemy.moml.MoMLSimpleApplication@7f347468
reloadAllAccessors: .Network3
----------------- testing Wed May 23 18:26:38 UTC 2018 /home/travis/build/icyphy/ptII/ptolemy/domains/ptides/test/auto/Network4.xml
----------------- Instantiating /home/travis/build/icyphy/ptII/ptolemy/domains/ptides/test/auto/Network4.xml
7 ms. Memory: 479744K Free: 195594K (41%)
----------------- Invoking toplevel() on ptolemy.moml.MoMLSimpleApplication@152909c3
----------------- Done invoking toplevel() on ptolemy.moml.MoMLSimpleApplication@152909c3
reloadAllAccessors: .Network4
----------------- testing Wed May 23 18:26:38 UTC 2018 /home/travis/build/icyphy/ptII/ptolemy/domains/ptides/test/auto/NetworkMicrostepTest.xml
----------------- Instantiating /home/travis/build/icyphy/ptII/ptolemy/domains/ptides/test/auto/NetworkMicrostepTest.xml
12 ms. Memory: 479744K Free: 177268K (37%)
----------------- Invoking toplevel() on ptolemy.moml.MoMLSimpleApplication@66f609e7
----------------- Done invoking toplevel() on ptolemy.moml.MoMLSimpleApplication@66f609e7
reloadAllAccessors: .NetworkMicrostepTest
----------------- testing Wed May 23 18:26:38 UTC 2018 /home/travis/build/icyphy/ptII/ptolemy/domains/ptides/test/auto/NetworkPorts.xml
----------------- Instantiating /home/travis/build/icyphy/ptII/ptolemy/domains/ptides/test/auto/NetworkPorts.xml
10 ms. Memory: 479744K Free: 155563K (32%)
----------------- Invoking toplevel() on ptolemy.moml.MoMLSimpleApplication@6874b57b
----------------- Done invoking toplevel() on ptolemy.moml.MoMLSimpleApplication@6874b57b
reloadAllAccessors: .NetworkPorts
----------------- testing Wed May 23 18:26:39 UTC 2018 /home/travis/build/icyphy/ptII/ptolemy/domains/ptides/test/auto/OneMerger.xml
----------------- Instantiating /home/travis/build/icyphy/ptII/ptolemy/domains/ptides/test/auto/OneMerger.xml
6 ms. Memory: 479744K Free: 137236K (29%)
----------------- Invoking toplevel() on ptolemy.moml.MoMLSimpleApplication@e1be352
----------------- Done invoking toplevel() on ptolemy.moml.MoMLSimpleApplication@e1be352
reloadAllAccessors: .OneMerger
----------------- testing Wed May 23 18:26:39 UTC 2018 /home/travis/build/icyphy/ptII/ptolemy/domains/ptides/test/auto/OnePlatform.xml
----------------- Instantiating /home/travis/build/icyphy/ptII/ptolemy/domains/ptides/test/auto/OnePlatform.xml
23 ms. Memory: 479744K Free: 112913K (24%)
----------------- Invoking toplevel() on ptolemy.moml.MoMLSimpleApplication@150cfe89
----------------- Done invoking toplevel() on ptolemy.moml.MoMLSimpleApplication@150cfe89
reloadAllAccessors: .OnePlatform
----------------- testing Wed May 23 18:26:39 UTC 2018 /home/travis/build/icyphy/ptII/ptolemy/domains/ptides/test/auto/OnePlatform1.xml
----------------- Instantiating /home/travis/build/icyphy/ptII/ptolemy/domains/ptides/test/auto/OnePlatform1.xml
14 ms. Memory: 479744K Free: 94587K (20%)
----------------- Invoking toplevel() on ptolemy.moml.MoMLSimpleApplication@5e9ff8c
----------------- Done invoking toplevel() on ptolemy.moml.MoMLSimpleApplication@5e9ff8c
reloadAllAccessors: .OnePlatform1
----------------- testing Wed May 23 18:26:39 UTC 2018 /home/travis/build/icyphy/ptII/ptolemy/domains/ptides/test/auto/OnePlatform2.xml
----------------- Instantiating /home/travis/build/icyphy/ptII/ptolemy/domains/ptides/test/auto/OnePlatform2.xml
21 ms. Memory: 480256K Free: 467139K (97%)
----------------- Invoking toplevel() on ptolemy.moml.MoMLSimpleApplication@6e2a4d65
----------------- Done invoking toplevel() on ptolemy.moml.MoMLSimpleApplication@6e2a4d65
reloadAllAccessors: .OnePlatform2
----------------- testing Wed May 23 18:26:39 UTC 2018 /home/travis/build/icyphy/ptII/ptolemy/domains/ptides/test/auto/OnePlatform3.xml
----------------- Instantiating /home/travis/build/icyphy/ptII/ptolemy/domains/ptides/test/auto/OnePlatform3.xml
19 ms. Memory: 480256K Free: 446832K (93%)
----------------- Invoking toplevel() on ptolemy.moml.MoMLSimpleApplication@3b6ffcad
----------------- Done invoking toplevel() on ptolemy.moml.MoMLSimpleApplication@3b6ffcad
reloadAllAccessors: .OnePlatform3
----------------- testing Wed May 23 18:26:39 UTC 2018 /home/travis/build/icyphy/ptII/ptolemy/domains/ptides/test/auto/OnePlatform4.xml
----------------- Instantiating /home/travis/build/icyphy/ptII/ptolemy/domains/ptides/test/auto/OnePlatform4.xml
17 ms. Memory: 480256K Free: 422729K (88%)
----------------- Invoking toplevel() on ptolemy.moml.MoMLSimpleApplication@2ef00791
----------------- Done invoking toplevel() on ptolemy.moml.MoMLSimpleApplication@2ef00791
reloadAllAccessors: .OnePlatform4
----------------- testing Wed May 23 18:26:39 UTC 2018 /home/travis/build/icyphy/ptII/ptolemy/domains/ptides/test/auto/OnePlatform5.xml
----------------- Instantiating /home/travis/build/icyphy/ptII/ptolemy/domains/ptides/test/auto/OnePlatform5.xml
15 ms. Memory: 480256K Free: 403862K (84%)
----------------- Invoking toplevel() on ptolemy.moml.MoMLSimpleApplication@7b6b9f8
----------------- Done invoking toplevel() on ptolemy.moml.MoMLSimpleApplication@7b6b9f8
reloadAllAccessors: .OnePlatform5
----------------- testing Wed May 23 18:26:39 UTC 2018 /home/travis/build/icyphy/ptII/ptolemy/domains/ptides/test/auto/OnePlatformCausalLoop.xml
----------------- Instantiating /home/travis/build/icyphy/ptII/ptolemy/domains/ptides/test/auto/OnePlatformCausalLoop.xml
12 ms. Memory: 480256K Free: 385536K (80%)
----------------- Invoking toplevel() on ptolemy.moml.MoMLSimpleApplication@860cb52
----------------- Done invoking toplevel() on ptolemy.moml.MoMLSimpleApplication@860cb52
reloadAllAccessors: .OnePlatformCausalLoop
----------------- testing Wed May 23 18:26:39 UTC 2018 /home/travis/build/icyphy/ptII/ptolemy/domains/ptides/test/auto/OnePlatformRealTime.xml
----------------- Instantiating /home/travis/build/icyphy/ptII/ptolemy/domains/ptides/test/auto/OnePlatformRealTime.xml
10 ms. Memory: 480256K Free: 369287K (77%)
----------------- Invoking toplevel() on ptolemy.moml.MoMLSimpleApplication@198c5ac2
----------------- Done invoking toplevel() on ptolemy.moml.MoMLSimpleApplication@198c5ac2
reloadAllAccessors: .OnePlatformRealTime
----------------- testing Wed May 23 18:26:39 UTC 2018 /home/travis/build/icyphy/ptII/ptolemy/domains/ptides/test/auto/OnePlatformThreePathsRealDelay.xml
----------------- Instantiating /home/travis/build/icyphy/ptII/ptolemy/domains/ptides/test/auto/OnePlatformThreePathsRealDelay.xml
26 ms. Memory: 480256K Free: 339948K (71%)
----------------- Invoking toplevel() on ptolemy.moml.MoMLSimpleApplication@1446fb1a
----------------- Done invoking toplevel() on ptolemy.moml.MoMLSimpleApplication@1446fb1a
reloadAllAccessors: .OnePlatformThreePathsRealDelay
----------------- testing Wed May 23 18:26:39 UTC 2018 /home/travis/build/icyphy/ptII/ptolemy/domains/ptides/test/auto/OnePlatformminDelay.xml
----------------- Instantiating /home/travis/build/icyphy/ptII/ptolemy/domains/ptides/test/auto/OnePlatformminDelay.xml
10 ms. Memory: 480256K Free: 321082K (67%)
----------------- Invoking toplevel() on ptolemy.moml.MoMLSimpleApplication@774761e5
----------------- Done invoking toplevel() on ptolemy.moml.MoMLSimpleApplication@774761e5
reloadAllAccessors: .OnePlatformminDelay
----------------- testing Wed May 23 18:26:39 UTC 2018 /home/travis/build/icyphy/ptII/ptolemy/domains/ptides/test/auto/PowerManagementUnitSamplingWithCurrentLocalTime.xml
----------------- Instantiating /home/travis/build/icyphy/ptII/ptolemy/domains/ptides/test/auto/PowerManagementUnitSamplingWithCurrentLocalTime.xml
186 ms. Memory: 480256K Free: 211123K (44%)
----------------- Invoking toplevel() on ptolemy.moml.MoMLSimpleApplication@4f0ba6c9
----------------- Done invoking toplevel() on ptolemy.moml.MoMLSimpleApplication@4f0ba6c9
reloadAllAccessors: .PowerManagementUnitSamplingWithCurrentLocalTime
----------------- testing Wed May 23 18:26:40 UTC 2018 /home/travis/build/icyphy/ptII/ptolemy/domains/ptides/test/auto/PowerPlant.xml
----------------- Instantiating /home/travis/build/icyphy/ptII/ptolemy/domains/ptides/test/auto/PowerPlant.xml
325 ms. Memory: 480256K Free: 90152K (19%)
----------------- Invoking toplevel() on ptolemy.moml.MoMLSimpleApplication@471f3387
----------------- Done invoking toplevel() on ptolemy.moml.MoMLSimpleApplication@471f3387
reloadAllAccessors: .PowerPlant
----------------- testing Wed May 23 18:26:40 UTC 2018 /home/travis/build/icyphy/ptII/ptolemy/domains/ptides/test/auto/PreemptDeadline.xml
----------------- Instantiating /home/travis/build/icyphy/ptII/ptolemy/domains/ptides/test/auto/PreemptDeadline.xml
9 ms. Memory: 716288K Free: 698900K (98%)
----------------- Invoking toplevel() on ptolemy.moml.MoMLSimpleApplication@bb8e851
----------------- Done invoking toplevel() on ptolemy.moml.MoMLSimpleApplication@bb8e851
reloadAllAccessors: .PtidesBasicPreemptDeadline
----------------- testing Wed May 23 18:26:40 UTC 2018 /home/travis/build/icyphy/ptII/ptolemy/domains/ptides/test/auto/PreemptEDFOnePlatformTwoPaths.xml
----------------- Instantiating /home/travis/build/icyphy/ptII/ptolemy/domains/ptides/test/auto/PreemptEDFOnePlatformTwoPaths.xml
10 ms. Memory: 716288K Free: 677335K (95%)
----------------- Invoking toplevel() on ptolemy.moml.MoMLSimpleApplication@6605b0c
----------------- Done invoking toplevel() on ptolemy.moml.MoMLSimpleApplication@6605b0c
reloadAllAccessors: .PreemptEDFOnePlatformTwoPaths
----------------- testing Wed May 23 18:26:40 UTC 2018 /home/travis/build/icyphy/ptII/ptolemy/domains/ptides/test/auto/PreemptOnePlatform.xml
----------------- Instantiating /home/travis/build/icyphy/ptII/ptolemy/domains/ptides/test/auto/PreemptOnePlatform.xml
7 ms. Memory: 716288K Free: 655769K (92%)
----------------- Invoking toplevel() on ptolemy.moml.MoMLSimpleApplication@3e2a4a52
----------------- Done invoking toplevel() on ptolemy.moml.MoMLSimpleApplication@3e2a4a52
reloadAllAccessors: .PreemptOnePlatform
----------------- testing Wed May 23 18:26:40 UTC 2018 /home/travis/build/icyphy/ptII/ptolemy/domains/ptides/test/auto/PrintingPress.xml
----------------- Instantiating /home/travis/build/icyphy/ptII/ptolemy/domains/ptides/test/auto/PrintingPress.xml
52123 ms. Memory: 794624K Free: 684697K (86%)
----------------- Invoking toplevel() on ptolemy.moml.MoMLSimpleApplication@5469148a
----------------- Done invoking toplevel() on ptolemy.moml.MoMLSimpleApplication@5469148a
reloadAllAccessors: .PrintingPress
----------------- testing Wed May 23 18:27:34 UTC 2018 /home/travis/build/icyphy/ptII/ptolemy/domains/ptides/test/auto/PtidesMulticoreDirector.xml
----------------- Instantiating /home/travis/build/icyphy/ptII/ptolemy/domains/ptides/test/auto/PtidesMulticoreDirector.xml
12 ms. Memory: 794624K Free: 635220K (80%)
----------------- Invoking toplevel() on ptolemy.moml.MoMLSimpleApplication@58b4cde6
----------------- Done invoking toplevel() on ptolemy.moml.MoMLSimpleApplication@58b4cde6
reloadAllAccessors: .PtidesMulticoreDirector
----------------- testing Wed May 23 18:27:34 UTC 2018 /home/travis/build/icyphy/ptII/ptolemy/domains/ptides/test/auto/PtidesSynchrophasor.xml
----------------- Instantiating /home/travis/build/icyphy/ptII/ptolemy/domains/ptides/test/auto/PtidesSynchrophasor.xml
1992 ms. Memory: 794624K Free: 335086K (42%)
----------------- Invoking toplevel() on ptolemy.moml.MoMLSimpleApplication@22ac4caa
----------------- Done invoking toplevel() on ptolemy.moml.MoMLSimpleApplication@22ac4caa
reloadAllAccessors: .PtidesSynchrophasor
----------------- testing Wed May 23 18:27:36 UTC 2018 /home/travis/build/icyphy/ptII/ptolemy/domains/ptides/test/auto/SafeToProcessInsideTransparent.xml
----------------- Instantiating /home/travis/build/icyphy/ptII/ptolemy/domains/ptides/test/auto/SafeToProcessInsideTransparent.xml
5 ms. Memory: 794624K Free: 306104K (39%)
----------------- Invoking toplevel() on ptolemy.moml.MoMLSimpleApplication@5c9ec89a
----------------- Done invoking toplevel() on ptolemy.moml.MoMLSimpleApplication@5c9ec89a
reloadAllAccessors: .SafeToProcessInsideTransparent
----------------- testing Wed May 23 18:27:36 UTC 2018 /home/travis/build/icyphy/ptII/ptolemy/domains/ptides/test/auto/SafeToProcessTwoPaths.xml
----------------- Instantiating /home/travis/build/icyphy/ptII/ptolemy/domains/ptides/test/auto/SafeToProcessTwoPaths.xml
5 ms. Memory: 794624K Free: 277121K (35%)
----------------- Invoking toplevel() on ptolemy.moml.MoMLSimpleApplication@6e699f36
----------------- Done invoking toplevel() on ptolemy.moml.MoMLSimpleApplication@6e699f36
reloadAllAccessors: .SafeToProcessTwoPaths
----------------- testing Wed May 23 18:27:36 UTC 2018 /home/travis/build/icyphy/ptII/ptolemy/domains/ptides/test/auto/Sensor.xml
----------------- Instantiating /home/travis/build/icyphy/ptII/ptolemy/domains/ptides/test/auto/Sensor.xml
11 ms. Memory: 794624K Free: 248138K (31%)
----------------- Invoking toplevel() on ptolemy.moml.MoMLSimpleApplication@73148b6d
----------------- Done invoking toplevel() on ptolemy.moml.MoMLSimpleApplication@73148b6d
reloadAllAccessors: .Sensor
----------------- testing Wed May 23 18:27:36 UTC 2018 /home/travis/build/icyphy/ptII/ptolemy/domains/ptides/test/auto/SensorActuatorModelDelayOnly.xml
----------------- Instantiating /home/travis/build/icyphy/ptII/ptolemy/domains/ptides/test/auto/SensorActuatorModelDelayOnly.xml
10 ms. Memory: 794624K Free: 219156K (28%)
----------------- Invoking toplevel() on ptolemy.moml.MoMLSimpleApplication@4bf645b
----------------- Done invoking toplevel() on ptolemy.moml.MoMLSimpleApplication@4bf645b
reloadAllAccessors: .SensorActuatorModelDelayOnly
----------------- testing Wed May 23 18:27:36 UTC 2018 /home/travis/build/icyphy/ptII/ptolemy/domains/ptides/test/auto/SensorActuatorNoDelay.xml
----------------- Instantiating /home/travis/build/icyphy/ptII/ptolemy/domains/ptides/test/auto/SensorActuatorNoDelay.xml
8 ms. Memory: 794624K Free: 190173K (24%)
----------------- Invoking toplevel() on ptolemy.moml.MoMLSimpleApplication@7ff3b778
----------------- Done invoking toplevel() on ptolemy.moml.MoMLSimpleApplication@7ff3b778
reloadAllAccessors: .SensorActuatorNoDelay
----------------- testing Wed May 23 18:27:36 UTC 2018 /home/travis/build/icyphy/ptII/ptolemy/domains/ptides/test/auto/TIIModalExample.xml
----------------- Instantiating /home/travis/build/icyphy/ptII/ptolemy/domains/ptides/test/auto/TIIModalExample.xml
17 ms. Memory: 794624K Free: 146910K (18%)
----------------- Invoking toplevel() on ptolemy.moml.MoMLSimpleApplication@5d73bc8b
----------------- Done invoking toplevel() on ptolemy.moml.MoMLSimpleApplication@5d73bc8b
reloadAllAccessors: .TIIModalExample
----------------- testing Wed May 23 18:27:36 UTC 2018 /home/travis/build/icyphy/ptII/ptolemy/domains/ptides/test/auto/TIIMultiPlatformPowerSupply.xml
----------------- Instantiating /home/travis/build/icyphy/ptII/ptolemy/domains/ptides/test/auto/TIIMultiPlatformPowerSupply.xml
662 ms. Memory: 764416K Free: 448169K (59%)
----------------- Invoking toplevel() on ptolemy.moml.MoMLSimpleApplication@453ce2b6
----------------- Done invoking toplevel() on ptolemy.moml.MoMLSimpleApplication@453ce2b6
reloadAllAccessors: .TIIMultiPlatformPowerSupply
----------------- testing Wed May 23 18:27:37 UTC 2018 /home/travis/build/icyphy/ptII/ptolemy/domains/ptides/test/auto/TIIPowerPlant.xml
----------------- Instantiating /home/travis/build/icyphy/ptII/ptolemy/domains/ptides/test/auto/TIIPowerPlant.xml
237 ms. Memory: 764416K Free: 325125K (43%)
----------------- Invoking toplevel() on ptolemy.moml.MoMLSimpleApplication@2877c659
----------------- Done invoking toplevel() on ptolemy.moml.MoMLSimpleApplication@2877c659
reloadAllAccessors: .PP_TIIPtidesBasicPowerPlant
----------------- testing Wed May 23 18:27:38 UTC 2018 /home/travis/build/icyphy/ptII/ptolemy/domains/ptides/test/auto/TIIPowerPlantHeartbeat.xml
----------------- Instantiating /home/travis/build/icyphy/ptII/ptolemy/domains/ptides/test/auto/TIIPowerPlantHeartbeat.xml
65 ms. Memory: 764416K Free: 256852K (34%)
----------------- Invoking toplevel() on ptolemy.moml.MoMLSimpleApplication@211c6f83
----------------- Done invoking toplevel() on ptolemy.moml.MoMLSimpleApplication@211c6f83
reloadAllAccessors: .PP_TIIPtidesBasicPowerPlantHeartbeat
----------------- testing Wed May 23 18:27:38 UTC 2018 /home/travis/build/icyphy/ptII/ptolemy/domains/ptides/test/auto/TwoMergers.xml
----------------- Instantiating /home/travis/build/icyphy/ptII/ptolemy/domains/ptides/test/auto/TwoMergers.xml
4 ms. Memory: 764416K Free: 229048K (30%)
----------------- Invoking toplevel() on ptolemy.moml.MoMLSimpleApplication@7eb71214
----------------- Done invoking toplevel() on ptolemy.moml.MoMLSimpleApplication@7eb71214
reloadAllAccessors: .TwoMergers
----------------- testing Wed May 23 18:27:38 UTC 2018 /home/travis/build/icyphy/ptII/ptolemy/domains/ptides/test/auto/TwoTasks.xml
----------------- Instantiating /home/travis/build/icyphy/ptII/ptolemy/domains/ptides/test/auto/TwoTasks.xml
11 ms. Memory: 764416K Free: 201550K (26%)
----------------- Invoking toplevel() on ptolemy.moml.MoMLSimpleApplication@2b0207c9
----------------- Done invoking toplevel() on ptolemy.moml.MoMLSimpleApplication@2b0207c9
reloadAllAccessors: .TwoTasks
----------------- testing Wed May 23 18:27:38 UTC 2018 /home/travis/build/icyphy/ptII/ptolemy/domains/ptides/test/auto/TwoTasksInSequence.xml
----------------- Instantiating /home/travis/build/icyphy/ptII/ptolemy/domains/ptides/test/auto/TwoTasksInSequence.xml
30 ms. Memory: 764416K Free: 174060K (23%)
----------------- Invoking toplevel() on ptolemy.moml.MoMLSimpleApplication@743f18e5
----------------- Done invoking toplevel() on ptolemy.moml.MoMLSimpleApplication@743f18e5
reloadAllAccessors: .TwoTasksInSequence
----------------- testing Wed May 23 18:27:38 UTC 2018 /home/travis/build/icyphy/ptII/ptolemy/domains/ptides/test/auto/VariableDelay.xml
----------------- Instantiating /home/travis/build/icyphy/ptII/ptolemy/domains/ptides/test/auto/VariableDelay.xml
5 ms. Memory: 764416K Free: 153059K (20%)
----------------- Invoking toplevel() on ptolemy.moml.MoMLSimpleApplication@d357f5f
----------------- Done invoking toplevel() on ptolemy.moml.MoMLSimpleApplication@d357f5f
reloadAllAccessors: .VariableDelay
AutoTests.java: About to close Vertx.
AutoTests.java: Vertx closed.
]]></system-out>
  <system-err><![CDATA[]]></system-err>
</testsuite>
