<?xml version="1.0" encoding="UTF-8" ?>
<testsuite errors="0" failures="0" hostname="travis-job-804219e4-950b-4341-b828-0a613e2157f8" name="ptolemy.domains.de.test.junit.JUnitTclTest" skipped="0" tests="101" time="132.148" timestamp="2018-05-11T17:13:31">
  <properties>
    <property name="npm.executable" value="npm" />
    <property name="file.encoding.pkg" value="sun.io" />
    <property name="ptII.mk.exists" value="true" />
    <property name="env.rvm_bin_path" value="/home/travis/.rvm/bin" />
    <property name="java.home" value="/usr/lib/jvm/java-8-oracle/jre" />
    <property name="env.TRAVIS_JOB_NUMBER" value="428.7" />
    <property name="env.DISPLAY" value=":99.0" />
    <property name="java.net.preferIPv4Stack" value="true" />
    <property name="env.SSH_TTY" value="/dev/pts/0" />
    <property name="env.RUN_TESTS" value="true" />
    <property name="timeout.short" value="1000000" />
    <property name="env.TRAVIS_STACK_NODE_ATTRIBUTES" value="/.node-attributes.yml" />
    <property name="junit.formatter" value="xml" />
    <property name="java.endorsed.dirs" value="/usr/lib/jvm/java-8-oracle/jre/lib/endorsed" />
    <property name="env.TRAVIS_SUDO" value="true" />
    <property name="env.LOGNAME" value="travis" />
    <property name="jsdoc.home" value="node_modules/@terraswarm/jsdoc" />
    <property name="debuglevel" value="source,lines,vars" />
    <property name="checkstyle.formatter" value="xml" />
    <property name="bin.vergil.makeable" value="true" />
    <property name="env._system_version" value="14.04" />
    <property name="sun.os.patch.level" value="unknown" />
    <property name="java.vendor.url" value="http://java.oracle.com/" />
    <property name="java.version" value="1.8.0_151" />
    <property name="env.TZ" value="UTC" />
    <property name="env.PT_NO_NET" value="true" />
    <property name="env.TRAVIS_PULL_REQUEST_SHA" value="" />
    <property name="env.TRAVIS_SECURE_ENV_VARS" value="true" />
    <property name="env._system_type" value="Linux" />
    <property name="java.vendor.url.bug" value="http://bugreport.sun.com/bugreport/" />
    <property name="env.SSH_CLIENT" value="10.10.16.4 48142 22" />
    <property name="env.GEM_HOME" value="/home/travis/.rvm/gems/ruby-2.4.1" />
    <property name="env.HAS_ANTARES_THREE_LITTLE_FRONZIES_BADGE" value="true" />
    <property name="env.PS4" value="+" />
    <property name="ant.project.invoked-targets" value="build,test.core2.xml" />
    <property name="env.TRAVIS_PULL_REQUEST_BRANCH" value="" />
    <property name="env.TRAVIS_REPO_SLUG" value="icyphy/ptII" />
    <property name="node.in.path" value="true" />
    <property name="java.maxmemory" value="1400m" />
    <property name="env.RUBY_VERSION" value="ruby-2.4.1" />
    <property name="user.name" value="travis" />
    <property name="env.LANG" value="en_US.UTF-8" />
    <property name="sun.io.unicode.encoding" value="UnicodeLittle" />
    <property name="sun.jnu.encoding" value="UTF-8" />
    <property name="java.runtime.name" value="Java(TM) SE Runtime Environment" />
    <property name="usefile" value="false" />
    <property name="return.code" value="0" />
    <property name="junit.single.formatter" value="plain" />
    <property name="env.DYLD_LIBRARY_PATH" value="/home/travis/pthla/certi-tools/lib:" />
    <property name="env.DEBIAN_FRONTEND" value="noninteractive" />
    <property name="env.SSH_CONNECTION" value="10.10.16.4 48142 10.20.0.50 22" />
    <property name="env.MYSQL_UNIX_PORT" value="/var/run/mysqld/mysqld.sock" />
    <property name="env.TRAVIS_ALLOW_FAILURE" value="false" />
    <property name="env.LC_ALL" value="en_US.UTF-8" />
    <property name="java.specification.name" value="Java Platform API Specification" />
    <property name="node.works" value="true" />
    <property name="user.timezone" value="" />
    <property name="path.separator" value=":" />
    <property name="env.PYTHON_CFLAGS" value="-g -fstack-protector --param=ssp-buffer-size=4 -Wformat -Werror=format-security" />
    <property name="timeout.long" value="4000000" />
    <property name="env.CERTI_HOME" value="/home/travis/pthla/certi-tools" />
    <property name="file.encoding" value="UTF-8" />
    <property name="ant.file.ptII" value="/home/travis/build/icyphy/ptII/build.xml" />
    <property name="javadoc.packagenames" value="com.*,diva.*,lbnl.*,org.hlacerti.*,org.json.*,org.ptolemy.*,org.terraswarm.*,ptolemy.*,ptserver.*" />
    <property name="env.TRAVIS_PULL_REQUEST_SLUG" value="" />
    <property name="ant.project.default-target" value="build" />
    <property name="env.GIT_ASKPASS" value="echo" />
    <property name="env.HOME" value="/home/travis" />
    <property name="sun.java.command" value="org.apache.tools.ant.taskdefs.optional.junit.JUnitTestRunner ptolemy.domains.de.test.junit.JUnitTclTest skipNonTests=false filtertrace=true haltOnError=false haltOnFailure=false formatter=org.apache.tools.ant.taskdefs.optional.junit.OutErrSummaryJUnitResultFormatter showoutput=true outputtoformatters=true logfailedtests=true threadid=0 logtestlistenerevents=false formatter=org.apache.tools.ant.taskdefs.optional.junit.XMLJUnitResultFormatter,/home/travis/build/icyphy/ptII/reports/junit/TEST-ptolemy.domains.de.test.junit.JUnitTclTest.xml crashfile=/home/travis/build/icyphy/ptII/junitvmwatcher8213431494096622605.properties propsfile=/home/travis/build/icyphy/ptII/junit2121601492263005446.properties" />
    <property name="env.MANPATH" value="/home/travis/.nvm/versions/node/v7.10.1/share/man:/home/travis/.kiex/elixirs/elixir-1.4.5/man:/home/travis/.rvm/rubies/ruby-2.4.1/share/man:/usr/local/man:/usr/local/cmake-3.9.2/man:/usr/local/clang-5.0.0/share/man:/usr/local/share/man:/usr/share/man:/home/travis/.rvm/man" />
    <property name="env.COMPOSER_NO_INTERACTION" value="1" />
    <property name="env.JDK_SWITCHER_DEFAULT" value="oraclejdk8" />
    <property name="ant.file" value="/home/travis/build/icyphy/ptII/build.xml" />
    <property name="env.TRAVIS_COMMIT_RANGE" value="66ba64ccb1c8...725a0242f4ab" />
    <property name="env._system_name" value="Ubuntu" />
    <property name="timeout" value="2400000" />
    <property name="ptII.classpath.optional.property" value="/home/travis/build/icyphy/ptII/lib/bsh-2.0b4.jar:/home/travis/build/icyphy/ptII/lib/ptCal.jar:/home/travis/build/icyphy/ptII/lib/java_cup.jar:/home/travis/build/icyphy/ptII/lib/saxon8.jar:/home/travis/build/icyphy/ptII/lib/saxon8-dom.jar:/home/travis/build/icyphy/ptII/lib/chic.jar:/home/travis/build/icyphy/ptII/lib/ptcolt.jar:/usr/lib/jvm/java-8-oracle/lib/tools.jar:/usr/lib/eclipse/plugins/org.eclipse.jdt.core_3.8.2.dist.jar:/usr/lib/eclipse/plugins/org.eclipse.core.runtime_3.8.0.dist.jar:/usr/lib/eclipse/plugins/org.eclipse.osgi_3.8.1.dist.jar:/usr/lib/eclipse/plugins/org.eclipse.core.resources_3.8.1.dist.jar:/usr/lib/eclipse/plugins/org.eclipse.equinox.common_3.6.100.dist.jar:/usr/lib/eclipse/plugins/org.eclipse.core.jobs_3.5.200.dist.jar:/usr/lib/eclipse/plugins/org.eclipse.core.contenttype_3.4.200.dist.jar:/usr/lib/eclipse/plugins/org.eclipse.equinox.preferences_3.5.0.dist.jar:/usr/lib/eclipse/plugins/org.eclipse.text_3.5.200.dist.jar:/usr/lib/eclipse/plugins/org.eclipse.ui.workbench_3.8.1.dist.jar:/usr/lib/eclipse/plugins/org.eclipse.jface_3.8.0.dist.jar:/usr/lib/eclipse/plugins/org.eclipse.swt_3.8.2.jar:/usr/lib/eclipse/plugins/org.eclipse.jface.text_3.8.1.dist.jar:/usr/lib/eclipse/plugins/org.eclipse.ui.workbench.texteditor_3.8.0.dist.jar:/usr/lib/eclipse/plugins/org.eclipse.ui.editors_3.8.0.dist.jar:/usr/lib/eclipse/plugins/org.eclipse.core.commands_3.6.1.dist.jar:/usr/lib/eclipse/plugins/org.eclipse.equinox.registry_3.5.200.dist.jar:/usr/lib/eclipse/plugins/org.eclipse.ui.console_3.5.100.dist.jar:/usr/lib/eclipse/plugins/org.eclipse.ui.forms_3.5.200.dist.jar:/usr/lib/eclipse/plugins/org.eclipse.ui.ide_3.8.1.dist.jar:/home/travis/build/icyphy/ptII/vendors/oracle/dbxml.jar:/home/travis/build/icyphy/ptII/vendors/oracle/db.jar:/home/travis/build/icyphy/ptII/vendors/misc/itext/iText.jar:/home/travis/build/icyphy/ptII/lib/g4ltl.jar:/home/travis/build/icyphy/ptII/lib/StructuralCoder.jar:/home/travis/build/icyphy/ptII/lib/org-openide-util.jar:/home/travis/build/icyphy/ptII/lib/org-openide-util-lookup.jar:/home/travis/build/icyphy/ptII/lib/org-netbeans-api-visual.jar:/home/travis/build/icyphy/ptII/vendors/jai-1_1_2_01/lib/jai_core.jar:/home/travis/build/icyphy/ptII/vendors/jai-1_1_2_01/lib/jai_codec.jar:/home/travis/build/icyphy/ptII/lib/jcerti.jar:/home/travis/build/icyphy/ptII/lib/smack.jar:/home/travis/build/icyphy/ptII/lib/smackx.jar:/home/travis/build/icyphy/ptII/lib/jetty-all-8.1.5-v20120716.jar:/home/travis/build/icyphy/ptII/lib/javax.servlet-api-3.0.1.jar:/home/travis/build/icyphy/ptII/lib/javax.mail.jar:/home/travis/build/icyphy/ptII/vendors/JMF-2.1.1e/lib/jmf.jar:/home/travis/build/icyphy/ptII/lib/jna-4.0.0-variadic.jar:/home/travis/build/icyphy/ptII/vendors/misc/joystick/Joystick.jar:/home/travis/build/icyphy/ptII/lib/ptjacl.jar:/home/travis/build/icyphy/ptII/lib/jsoup-1.8.2.jar:/home/travis/build/icyphy/ptII/lib/junit-4.8.2.jar:/home/travis/build/icyphy/ptII/lib/JUnitParams-0.4.0.jar:/home/travis/build/icyphy/ptII/ptolemy/actor/lib/excel/jxl.jar:/home/travis/build/icyphy/ptII/lib/jython.jar:/home/travis/build/icyphy/ptII/lib/kieler.jar:/home/travis/build/icyphy/ptII/vendors/opencv/share/OpenCV/java/opencv-341.jar:/home/travis/build/icyphy/ptII/lib/oscP5.jar:/home/travis/build/icyphy/ptII/lib/nrjavaserial-3.11.0.devel.jar:/usr/share/java/j3dcore.jar:/usr/share/java/j3dutils.jar:/usr/share/java/vecmath.jar:/home/travis/build/icyphy/ptII/ptolemy/distributed/jini/jar/jini-core.jar:/home/travis/build/icyphy/ptII/ptolemy/distributed/jini/jar/jini-ext.jar:/home/travis/build/icyphy/ptII/ptolemy/distributed/jini/jar/sun-util.jar:/home/travis/build/icyphy/ptII/lib/protobuf-java-2.4.1.jar:/home/travis/build/icyphy/ptII/lib/org.eclipse.paho.client.mqttv3.jar:/home/travis/build/icyphy/ptII/ptserver/lib/hessian-4.0.7.jar:/home/travis/build/icyphy/ptII/ptserver/lib/wmqtt.jar:/home/travis/build/icyphy/ptII/lib/mapss.jar:/home/travis/build/icyphy/ptII/ptolemy/actor/ptalon/antlr/antlr.jar:/home/travis/build/icyphy/ptII/lib/JRI.jar:/home/travis/build/icyphy/ptII/lib/commons-lang-2.6.jar:/home/travis/build/icyphy/ptII/lib/commons-logging-1.1.1.jar:/home/travis/build/icyphy/ptII/lib/sootclasses.jar:/home/travis/build/icyphy/ptII/ptolemy/actor/lib/database/mysql-connector-java-5.1.6-bin.jar:/home/travis/build/icyphy/ptII/vendors/misc/sphinx4/sphinx4-data-5prealpha.jar:/home/travis/build/icyphy/ptII/vendors/misc/sphinx4/sphinx4-core-5prealpha.jar:/home/travis/build/icyphy/ptII/lib/PDFRenderer.jar:/home/travis/build/icyphy/ptII/lib/svgSalamander.jar:/home/travis/build/icyphy/ptII/lib/rsyntaxtextarea-2.6.0-SNAPSHOT.jar:/home/travis/build/icyphy/ptII/lib/hazelcast-3.8.2.jar:/home/travis/build/icyphy/ptII/lib/jackson-annotations-2.9.0.jar:/home/travis/build/icyphy/ptII/lib/jackson-core-2.9.3.jar:/home/travis/build/icyphy/ptII/lib/jackson-databind-2.9.3.jar:/home/travis/build/icyphy/ptII/lib/netty-buffer-4.1.19.Final.jar:/home/travis/build/icyphy/ptII/lib/netty-codec-4.1.19.Final.jar:/home/travis/build/icyphy/ptII/lib/netty-codec-dns-4.1.19.Final.jar:/home/travis/build/icyphy/ptII/lib/netty-codec-http-4.1.19.Final.jar:/home/travis/build/icyphy/ptII/lib/netty-codec-http2-4.1.19.Final.jar:/home/travis/build/icyphy/ptII/lib/netty-common-4.1.19.Final.jar:/home/travis/build/icyphy/ptII/lib/netty-handler-4.1.19.Final.jar:/home/travis/build/icyphy/ptII/lib/netty-resolver-4.1.19.Final.jar:/home/travis/build/icyphy/ptII/lib/netty-resolver-dns-4.1.19.Final.jar:/home/travis/build/icyphy/ptII/lib/netty-transport-4.1.19.Final.jar:/home/travis/build/icyphy/ptII/lib/vertx-codegen-3.5.1.jar:/home/travis/build/icyphy/ptII/lib/vertx-core-3.5.2-SNAPSHOT.jar:/home/travis/build/icyphy/ptII/lib/vertx-hazelcast-3.5.1.jar:/home/travis/build/icyphy/ptII/lib/vertx-lang-js-3.5.1.jar:/home/travis/build/icyphy/ptII/lib/vertx-service-proxy-3.5.1.jar:/home/travis/build/icyphy/ptII/lib/vertx-web-3.5.1.jar:/home/travis/build/icyphy/ptII/lib/slf4j-api-1.7.13.jar:/home/travis/build/icyphy/ptII/lib/slf4j-simple-1.7.13.jar:/home/travis/build/icyphy/ptII/lib/webcam-capture-0.3.12.jar:/home/travis/build/icyphy/ptII/lib/bridj-0.7.0.jar:/home/travis/build/icyphy/ptII/lib/xbjlib-1.1.0.nrjavaserial.jar" />
    <property name="test.batch" value="**/junit/*.java" />
    <property name="env._" value="/usr/bin/timeout" />
    <property name="java.io.tmpdir" value="/tmp" />
    <property name="user.language" value="en" />
    <property name="env.HISTCONTROL" value="ignoredups:ignorespace" />
    <property name="env.GOROOT" value="/home/travis/.gimme/versions/go1.7.4.linux.amd64" />
    <property name="line.separator" value="&#xa;" />
    <property name="target" value="1.8" />
    <property name="env.TRAVIS_BUILD_DIR" value="/home/travis/build/icyphy/ptII" />
    <property name="env.ANT_OPTS" value="-Xmx2048m" />
    <property name="ant.file.type" value="file" />
    <property name="ptolemy.ptII.batchMode" value="true" />
    <property name="env.HISTSIZE" value="1000" />
    <property name="env.MERB_ENV" value="test" />
    <property name="java.vm.info" value="mixed mode" />
    <property name="source" value="1.8" />
    <property name="java.vm.specification.name" value="Java Virtual Machine Specification" />
    <property name="env.TRAVIS_TEST_RESULT" value="0" />
    <property name="jsdoc.command" value="node_modules/@terraswarm/jsdoc/jsdoc.js" />
    <property name="npm.works" value="true" />
    <property name="cobertura.dir" value="/home/travis/build/icyphy/ptII/vendors/cobertura-2.0.3" />
    <property name="env.rvm_path" value="/home/travis/.rvm" />
    <property name="env.GEM_PATH" value="/home/travis/.rvm/gems/ruby-2.4.1:/home/travis/.rvm/gems/ruby-2.4.1@global" />
    <property name="env.LC_CTYPE" value="en_US.UTF-8" />
    <property name="java.awt.printerjob" value="sun.print.PSPrinterJob" />
    <property name="env.TRAVIS_STACK_NAME" value="garnet" />
    <property name="ant.version" value="Apache Ant(TM) version 1.10.1 compiled on February 2 2017" />
    <property name="ptII.reports" value="/home/travis/build/icyphy/ptII/reports" />
    <property name="env.TRAVIS_STACK_TIMESTAMP" value="2017-12-05 19:33:09 UTC" />
    <property name="ant.file.type.ptII" value="file" />
    <property name="env.RBENV_SHELL" value="bash" />
    <property name="os.name" value="Linux" />
    <property name="java.specification.vendor" value="Oracle Corporation" />
    <property name="env.rvm_version" value="1.29.3 (latest)" />
    <property name="env.TERM" value="xterm" />
    <property name="java.vm.name" value="Java HotSpot(TM) 64-Bit Server VM" />
    <property name="env.TRAVIS_BUILD_NUMBER" value="428" />
    <property name="env.CI" value="true" />
    <property name="java.library.path" value="/home/travis/pthla/certi-tools/lib:/usr/lib/jni:/usr/local/share/OpenCV/java/:/usr/share/OpenCV/java::/usr/java/packages/lib/amd64:/usr/lib64:/lib64:/lib:/usr/lib" />
    <property name="env.rvm_prefix" value="/home/travis" />
    <property name="env.PATH" value="/home/travis/pthla/certi-tools/share/scripts:/home/travis/.rvm/gems/ruby-2.4.1/bin:/home/travis/.rvm/gems/ruby-2.4.1@global/bin:/home/travis/.rvm/rubies/ruby-2.4.1/bin:/home/travis/.rvm/bin:/home/travis/.nvm/versions/node/v7.10.1/bin:./node_modules/.bin:/home/travis/build/icyphy/ptII/bin:/home/travis/pthla/certi-tools/bin:/home/travis/bin:/home/travis/.local/bin:/opt/pyenv/shims:/home/travis/.phpenv/shims:/home/travis/perl5/perlbrew/bin:/home/travis/.kiex/elixirs/elixir-1.4.5/bin:/home/travis/.kiex/bin:/home/travis/gopath/bin:/home/travis/.gimme/versions/go1.7.4.linux.amd64/bin:/usr/local/phantomjs/bin:/usr/local/phantomjs:/usr/local/neo4j-3.2.7/bin:/usr/local/maven-3.5.2/bin:/usr/local/cmake-3.9.2/bin:/usr/local/clang-5.0.0/bin:/usr/local/sbin:/usr/local/bin:/usr/sbin:/usr/bin:/sbin:/bin:/home/travis/.phpenv/bin:/opt/pyenv/bin:/home/travis/.yarn/bin" />
    <property name="env.TRAVIS_OS_NAME" value="linux" />
    <property name="ant.java.version" value="1.8" />
    <property name="basedir" value="/home/travis/build/icyphy/ptII" />
    <property name="java.class.version" value="52.0" />
    <property name="env.SHLVL" value="3" />
    <property name="env.LD_LIBRARY_PATH" value="/home/travis/pthla/certi-tools/lib:/usr/lib/jni:/usr/local/share/OpenCV/java/:/usr/share/OpenCV/java:" />
    <property name="env.RACK_ENV" value="test" />
    <property name="ant.home" value="/home/travis/build/icyphy/ptII/ant" />
    <property name="env.NVM_DIR" value="/home/travis/.nvm" />
    <property name="env.PERLBREW_BASHRC_VERSION" value="0.80" />
    <property name="env.CERTI_FOM_PATH" value="/home/travis/pthla/certi-tools/share/federations" />
    <property name="env.TRAVIS_BUILD_ID" value="377815986" />
    <property name="env.PYENV_ROOT" value="/opt/pyenv" />
    <property name="env.TRAVIS_UID" value="2000" />
    <property name="env.rvm_pretty_print_flag" value="auto" />
    <property name="env.NVM_BIN" value="/home/travis/.nvm/versions/node/v7.10.1/bin" />
    <property name="env.TRAVIS_COMMIT" value="725a0242f4ab3d43c92d9a90174a9497e4a379c9" />
    <property name="env._system_arch" value="x86_64" />
    <property name="node.executable" value="node" />
    <property name="sun.boot.library.path" value="/usr/lib/jvm/java-8-oracle/jre/lib/amd64" />
    <property name="sun.management.compiler" value="HotSpot 64-Bit Tiered Compilers" />
    <property name="java.awt.graphicsenv" value="sun.awt.X11GraphicsEnvironment" />
    <property name="env.GOPATH" value="/home/travis/gopath" />
    <property name="ptolemy.ptII.dir" value="/home/travis/build/icyphy/ptII" />
    <property name="env.USER" value="travis" />
    <property name="env.HISTFILESIZE" value="2000" />
    <property name="timeout.longest" value="19000000" />
    <property name="env.TRAVIS_STACK_FEATURES" value="basic cassandra chromium couchdb disabled-ipv6 docker docker-compose elasticsearch firefox go-toolchain google-chrome jdk memcached mongodb mysql neo4j nodejs_interpreter perl_interpreter perlbrew phantomjs postgresql python_interpreter rabbitmq redis riak ruby_interpreter sqlite xserver" />
    <property name="env.TRAVIS_PULL_REQUEST" value="false" />
    <property name="env.PYENV_SHELL" value="bash" />
    <property name="ant.project.name" value="ptII" />
    <property name="java.vm.specification.version" value="1.8" />
    <property name="env.CERTI_VERSION" value="4.0.0" />
    <property name="env.NLSPATH" value="/usr/dt/lib/nls/msg/%L/%N.cat" />
    <property name="env.CERTI_HOST" value="localhost" />
    <property name="awt.toolkit" value="sun.awt.X11.XToolkit" />
    <property name="env.MY_RUBY_HOME" value="/home/travis/.rvm/rubies/ruby-2.4.1" />
    <property name="sun.cpu.isalist" value="" />
    <property name="java.ext.dirs" value="/usr/lib/jvm/java-8-oracle/jre/lib/ext:/usr/java/packages/lib/ext" />
    <property name="os.version" value="4.4.0-101-generic" />
    <property name="user.home" value="/home/travis" />
    <property name="env.MIX_ARCHIVES" value="/home/travis/.kiex/mix/elixir-1.4.5" />
    <property name="java.vm.vendor" value="Oracle Corporation" />
    <property name="env.TRAVIS_TAG" value="nightly" />
    <property name="env.TRAVIS_FILTERED" value="redirect_io" />
    <property name="env.PTII" value="/home/travis/build/icyphy/ptII" />
    <property name="env.JAVA_HOME" value="/usr/lib/jvm/java-8-oracle" />
    <property name="javadoc.excludepackagenames" value="adm.cvs2svn.*,build.*,config.*,doc.coding.templates.*,jni.test.jni.meaningOfLife.*,jni.test.jni.testDeux.*,jni.test.jni.testTrois.*,org.terraswarm.accessor.accessors.web.node_modules.*,org.terraswarm.accessor.accessors.web.hosts.cordova.demo.*,org.terraswarm.accessor.accessors.web.hosts.cordova.plugins.*,org.terraswarm.accessor.accessors-svn.*,pt-modules.*,ptolemy.apps.agilent.*,ptolemy.apps.anytimecontrol.*,ptolemy.apps.apes.*,ptolemy.apps.charon.*,ptolemy.apps.crazyboard.*,ptolemy.apps.eclipse.*,ptolemy.apps.etherealSting.*,ptolemy.apps.fullscreen.*,ptolemy.apps.giotto.*,ptolemy.apps.ia.*,ptolemy.apps.interfaces.*,ptolemy.apps.jmf.*,ptolemy.apps.kurt.*,ptolemy.apps.kvm.*,ptolemy.apps.lego.*,ptolemy.apps.lejos.*,ptolemy.apps.midp.*,ptolemy.apps.mobileCoding.*,ptolemy.apps.pendulum.*,ptolemy.apps.rijndael.*,ptolemy.apps.robot.*,ptolemy.apps.security.*,ptolemy.apps.sobel.*,ptolemy.apps.soot.*,ptolemy.apps.throttle.*,ptolemy.apps.tini.*,ptolemy.apps.transmission.*,ptolemy.apps.vergil.*,ptolemy.apps.waba.*,ptolemy.apps.websensor.*,ptolemy.apps.webstart.*,ptolemy.apps.xsl.*,ptolemy.apps.zaurus.*,ptolemy.backtrack.eclipse.plugin.*,ptolemy.backtrack.test.*,ptolemy.codegen.c.actor.lib.oldJavaFiles.*,ptolemy.codegen.dsp.lib.*,ptolemy.codegen.kernel.newInterfaces.*,ptolemy.codegen.lib.*,ptolemy.copernicus.kernel.fragment.*,ptolemy.copernicus.shallow.cg.*,ptolemy.domains.giotto.demo.Hierarchy.Hierarchy.*,ptolemy.domains.giotto.demo.Multimode.Multimode.*,ptolemy.domains.giotto.demo.Simple.Simple.*,ptolemy.domains.gr.lib.experimental.*,ptolemy.domains.gro.*,ptolemy.domains.pdf.*,ptolemy.domains.ptinyos.demo.Surge.output.*,ptolemy.moml.test.NoPackageActor.java*,ptolemy.plot.adm.*,ptolemy.plot.servlet.*,reports.*,signed.*,src.*,target.*,vendors.*,ptolemy.cg.adapter.generic.program.procedural.c.mbed*,ptolemy.actor.lib.fmi.fmus.omc*,ptolemy.domains.openmodelica*,ptdb.kernel.bl.save.test.*,ptdb.kernel.bl.load.test.*,ptdb.kernel.bl.search.test.*,ptdb.kernel.bl.migration.test.*,ptdb.kernel.database.test.*,ptdb.test.*,ptdb.gui.test.*,org.ptolemy.scala.*,diva.util.java2d.svg.*,ptolemy.domains.ptinyos.*,ptolemy.actor.lib.fmi.fmipp.*,,org.terraswarm.accessor.accessors.web.node_modules.*,org.terraswarm.accessor.accessors-svn,ptolemy.actor.ptalon.demo.ptinyos.SendAndReceiveCnt.output,ptolemy.actor.ptalon.demo.ptinyos.SenseToLeds.output,ptolemy.domains.ptinyos.demo.CntToLedsAndRfm.output,ptolemy.domains.ptinyos.demo.RfmToLeds.output,ptolemy.domains.ptinyos.demo.SendAndReceiveCnt.output,ptolemy.domains.ptinyos.demo.SenseToLeds.output" />
    <property name="env.TRAVIS_COMMIT_MESSAGE" value="Increased the stop time from 60 to 120 for travis." />
    <property name="env.XDG_SESSION_ID" value="2" />
    <property name="keystore" value="ptKeystore" />
    <property name="junit.output.dir" value="/home/travis/build/icyphy/ptII/reports/junit" />
    <property name="npm.return.code" value="0" />
    <property name="user.dir" value="/home/travis/build/icyphy/ptII/ptolemy/domains/de/test" />
    <property name="env.XFILESEARCHPATH" value="/usr/dt/app-defaults/%L/Dt" />
    <property name="env.TRAVIS_NODE_VERSION" value="7" />
    <property name="env.TRAVIS_EVENT_TYPE" value="push" />
    <property name="env.MAIL" value="/var/mail/travis" />
    <property name="env.PWD" value="/home/travis/build/icyphy/ptII" />
    <property name="env.PERLBREW_ROOT" value="/home/travis/perl5/perlbrew" />
    <property name="timeout.npm" value="45000" />
    <property name="env.PT_TRAVIS_TEST_CORE2_XML" value="true" />
    <property name="env.PAGER" value="cat" />
    <property name="sun.cpu.endian" value="little" />
    <property name="env.TRAVIS_BUILD_STAGE_NAME" value="Test" />
    <property name="env.PERLBREW_HOME" value="/home/travis/.perlbrew" />
    <property name="env.RAILS_ENV" value="test" />
    <property name="java.vm.version" value="25.151-b12" />
    <property name="java.class.path" value="/home/travis/build/icyphy/ptII:/home/travis/build/icyphy/ptII/lib/bsh-2.0b4.jar:/home/travis/build/icyphy/ptII/lib/ptCal.jar:/home/travis/build/icyphy/ptII/lib/java_cup.jar:/home/travis/build/icyphy/ptII/lib/saxon8.jar:/home/travis/build/icyphy/ptII/lib/saxon8-dom.jar:/home/travis/build/icyphy/ptII/lib/chic.jar:/home/travis/build/icyphy/ptII/lib/ptcolt.jar:/usr/lib/jvm/java-8-oracle/lib/tools.jar:/usr/lib/eclipse/plugins/org.eclipse.jdt.core_3.8.2.dist.jar:/usr/lib/eclipse/plugins/org.eclipse.core.runtime_3.8.0.dist.jar:/usr/lib/eclipse/plugins/org.eclipse.osgi_3.8.1.dist.jar:/usr/lib/eclipse/plugins/org.eclipse.core.resources_3.8.1.dist.jar:/usr/lib/eclipse/plugins/org.eclipse.equinox.common_3.6.100.dist.jar:/usr/lib/eclipse/plugins/org.eclipse.core.jobs_3.5.200.dist.jar:/usr/lib/eclipse/plugins/org.eclipse.core.contenttype_3.4.200.dist.jar:/usr/lib/eclipse/plugins/org.eclipse.equinox.preferences_3.5.0.dist.jar:/usr/lib/eclipse/plugins/org.eclipse.text_3.5.200.dist.jar:/usr/lib/eclipse/plugins/org.eclipse.ui.workbench_3.8.1.dist.jar:/usr/lib/eclipse/plugins/org.eclipse.jface_3.8.0.dist.jar:/usr/lib/eclipse/plugins/org.eclipse.swt_3.8.2.jar:/usr/lib/eclipse/plugins/org.eclipse.jface.text_3.8.1.dist.jar:/usr/lib/eclipse/plugins/org.eclipse.ui.workbench.texteditor_3.8.0.dist.jar:/usr/lib/eclipse/plugins/org.eclipse.ui.editors_3.8.0.dist.jar:/usr/lib/eclipse/plugins/org.eclipse.core.commands_3.6.1.dist.jar:/usr/lib/eclipse/plugins/org.eclipse.equinox.registry_3.5.200.dist.jar:/usr/lib/eclipse/plugins/org.eclipse.ui.console_3.5.100.dist.jar:/usr/lib/eclipse/plugins/org.eclipse.ui.forms_3.5.200.dist.jar:/usr/lib/eclipse/plugins/org.eclipse.ui.ide_3.8.1.dist.jar:/home/travis/build/icyphy/ptII/vendors/oracle/dbxml.jar:/home/travis/build/icyphy/ptII/vendors/oracle/db.jar:/home/travis/build/icyphy/ptII/vendors/misc/itext/iText.jar:/home/travis/build/icyphy/ptII/lib/g4ltl.jar:/home/travis/build/icyphy/ptII/lib/StructuralCoder.jar:/home/travis/build/icyphy/ptII/lib/org-openide-util.jar:/home/travis/build/icyphy/ptII/lib/org-openide-util-lookup.jar:/home/travis/build/icyphy/ptII/lib/org-netbeans-api-visual.jar:/home/travis/build/icyphy/ptII/vendors/jai-1_1_2_01/lib/jai_core.jar:/home/travis/build/icyphy/ptII/vendors/jai-1_1_2_01/lib/jai_codec.jar:/home/travis/build/icyphy/ptII/lib/jcerti.jar:/home/travis/build/icyphy/ptII/lib/smack.jar:/home/travis/build/icyphy/ptII/lib/smackx.jar:/home/travis/build/icyphy/ptII/lib/jetty-all-8.1.5-v20120716.jar:/home/travis/build/icyphy/ptII/lib/javax.servlet-api-3.0.1.jar:/home/travis/build/icyphy/ptII/lib/javax.mail.jar:/home/travis/build/icyphy/ptII/vendors/JMF-2.1.1e/lib/jmf.jar:/home/travis/build/icyphy/ptII/lib/jna-4.0.0-variadic.jar:/home/travis/build/icyphy/ptII/vendors/misc/joystick/Joystick.jar:/home/travis/build/icyphy/ptII/lib/ptjacl.jar:/home/travis/build/icyphy/ptII/lib/jsoup-1.8.2.jar:/home/travis/build/icyphy/ptII/lib/junit-4.8.2.jar:/home/travis/build/icyphy/ptII/lib/JUnitParams-0.4.0.jar:/home/travis/build/icyphy/ptII/ptolemy/actor/lib/excel/jxl.jar:/home/travis/build/icyphy/ptII/lib/jython.jar:/home/travis/build/icyphy/ptII/lib/kieler.jar:/home/travis/build/icyphy/ptII/vendors/opencv/share/OpenCV/java/opencv-341.jar:/home/travis/build/icyphy/ptII/lib/oscP5.jar:/home/travis/build/icyphy/ptII/lib/nrjavaserial-3.11.0.devel.jar:/usr/share/java/j3dcore.jar:/usr/share/java/j3dutils.jar:/usr/share/java/vecmath.jar:/home/travis/build/icyphy/ptII/ptolemy/distributed/jini/jar/jini-core.jar:/home/travis/build/icyphy/ptII/ptolemy/distributed/jini/jar/jini-ext.jar:/home/travis/build/icyphy/ptII/ptolemy/distributed/jini/jar/sun-util.jar:/home/travis/build/icyphy/ptII/lib/protobuf-java-2.4.1.jar:/home/travis/build/icyphy/ptII/lib/org.eclipse.paho.client.mqttv3.jar:/home/travis/build/icyphy/ptII/ptserver/lib/hessian-4.0.7.jar:/home/travis/build/icyphy/ptII/ptserver/lib/wmqtt.jar:/home/travis/build/icyphy/ptII/lib/mapss.jar:/home/travis/build/icyphy/ptII/ptolemy/actor/ptalon/antlr/antlr.jar:/home/travis/build/icyphy/ptII/lib/JRI.jar:/home/travis/build/icyphy/ptII/lib/commons-lang-2.6.jar:/home/travis/build/icyphy/ptII/lib/commons-logging-1.1.1.jar:/home/travis/build/icyphy/ptII/lib/sootclasses.jar:/home/travis/build/icyphy/ptII/ptolemy/actor/lib/database/mysql-connector-java-5.1.6-bin.jar:/home/travis/build/icyphy/ptII/vendors/misc/sphinx4/sphinx4-data-5prealpha.jar:/home/travis/build/icyphy/ptII/vendors/misc/sphinx4/sphinx4-core-5prealpha.jar:/home/travis/build/icyphy/ptII/lib/PDFRenderer.jar:/home/travis/build/icyphy/ptII/lib/svgSalamander.jar:/home/travis/build/icyphy/ptII/lib/rsyntaxtextarea-2.6.0-SNAPSHOT.jar:/home/travis/build/icyphy/ptII/lib/hazelcast-3.8.2.jar:/home/travis/build/icyphy/ptII/lib/jackson-annotations-2.9.0.jar:/home/travis/build/icyphy/ptII/lib/jackson-core-2.9.3.jar:/home/travis/build/icyphy/ptII/lib/jackson-databind-2.9.3.jar:/home/travis/build/icyphy/ptII/lib/netty-buffer-4.1.19.Final.jar:/home/travis/build/icyphy/ptII/lib/netty-codec-4.1.19.Final.jar:/home/travis/build/icyphy/ptII/lib/netty-codec-dns-4.1.19.Final.jar:/home/travis/build/icyphy/ptII/lib/netty-codec-http-4.1.19.Final.jar:/home/travis/build/icyphy/ptII/lib/netty-codec-http2-4.1.19.Final.jar:/home/travis/build/icyphy/ptII/lib/netty-common-4.1.19.Final.jar:/home/travis/build/icyphy/ptII/lib/netty-handler-4.1.19.Final.jar:/home/travis/build/icyphy/ptII/lib/netty-resolver-4.1.19.Final.jar:/home/travis/build/icyphy/ptII/lib/netty-resolver-dns-4.1.19.Final.jar:/home/travis/build/icyphy/ptII/lib/netty-transport-4.1.19.Final.jar:/home/travis/build/icyphy/ptII/lib/vertx-codegen-3.5.1.jar:/home/travis/build/icyphy/ptII/lib/vertx-core-3.5.2-SNAPSHOT.jar:/home/travis/build/icyphy/ptII/lib/vertx-hazelcast-3.5.1.jar:/home/travis/build/icyphy/ptII/lib/vertx-lang-js-3.5.1.jar:/home/travis/build/icyphy/ptII/lib/vertx-service-proxy-3.5.1.jar:/home/travis/build/icyphy/ptII/lib/vertx-web-3.5.1.jar:/home/travis/build/icyphy/ptII/lib/slf4j-api-1.7.13.jar:/home/travis/build/icyphy/ptII/lib/slf4j-simple-1.7.13.jar:/home/travis/build/icyphy/ptII/lib/webcam-capture-0.3.12.jar:/home/travis/build/icyphy/ptII/lib/bridj-0.7.0.jar:/home/travis/build/icyphy/ptII/lib/xbjlib-1.1.0.nrjavaserial.jar:/home/travis/build/icyphy/ptII/ptolemy/moml/test:/home/travis/build/icyphy/ptII/ant/lib/ant-launcher.jar:/home/travis/build/icyphy/ptII/ant/lib/ant.jar:/home/travis/build/icyphy/ptII/ant/lib/ant-junit.jar:/home/travis/build/icyphy/ptII/ant/lib/ant-junit4.jar" />
    <property name="ant.library.dir" value="/home/travis/build/icyphy/ptII/ant/lib" />
    <property name="os.arch" value="amd64" />
    <property name="env.TRAVIS_LANGUAGE" value="node_js" />
    <property name="env.CONTINUOUS_INTEGRATION" value="true" />
    <property name="env.TRAVIS_STACK_LANGUAGES" value="__garnet__ c c++ clojure cplusplus cpp default go groovy java node_js php pure_java python ruby scala" />
    <property name="test.name" value="ptolemy.actor.lib.test.junit.JUnitTclTest" />
    <property name="sun.java.launcher" value="SUN_STANDARD" />
    <property name="env.PYTHON_CONFIGURE_OPTS" value="--enable-unicode=ucs4 --with-wide-unicode --enable-shared --enable-ipv6 --enable-loadable-sqlite-extensions --with-computed-gotos" />
    <property name="ant.core.lib" value="/home/travis/build/icyphy/ptII/ant/lib/ant.jar" />
    <property name="java.vm.specification.vendor" value="Oracle Corporation" />
    <property name="env.BCVTB_HOME" value="/home/travis/build/icyphy/ptII/lbnl" />
    <property name="file.separator" value="/" />
    <property name="java.runtime.version" value="1.8.0_151-b12" />
    <property name="spotbugs.home" value="/home/travis/build/icyphy/ptII/vendors/spotbugs-3.1.1" />
    <property name="sun.boot.class.path" value="/usr/lib/jvm/java-8-oracle/jre/lib/resources.jar:/usr/lib/jvm/java-8-oracle/jre/lib/rt.jar:/usr/lib/jvm/java-8-oracle/jre/lib/sunrsasign.jar:/usr/lib/jvm/java-8-oracle/jre/lib/jsse.jar:/usr/lib/jvm/java-8-oracle/jre/lib/jce.jar:/usr/lib/jvm/java-8-oracle/jre/lib/charsets.jar:/usr/lib/jvm/java-8-oracle/jre/lib/jfr.jar:/usr/lib/jvm/java-8-oracle/jre/classes" />
    <property name="env.HAS_JOSH_K_SEAL_OF_APPROVAL" value="true" />
    <property name="env.TRAVIS_OSX_IMAGE" value="" />
    <property name="env.XDG_RUNTIME_DIR" value="/run/user/2000" />
    <property name="env.TRAVIS_JOB_ID" value="377815993" />
    <property name="env.TRAVIS_BRANCH" value="master" />
    <property name="user.country" value="US" />
    <property name="env.CERTI_HOME_TRAVIS" value="/home/travis/pthla/certi-tools" />
    <property name="env.SHELL" value="/bin/bash" />
    <property name="java.maxmemory.large" value="5000m" />
    <property name="model" value="" />
    <property name="env.CASHER_DIR" value="/home/travis/.casher" />
    <property name="env.NVM_CD_FLAGS" value="" />
    <property name="jshint.executable" value="/home/travis/node_modules/jshint/bin/jshint" />
    <property name="java.vendor" value="Oracle Corporation" />
    <property name="env.JRUBY_OPTS" value=" --client -J-XX:+TieredCompilation -J-XX:TieredStopAtLevel=1 -J-Xss2m -Xcompile.invokedynamic=false" />
    <property name="env.TRAVIS_PRE_CHEF_BOOTSTRAP_TIME" value="2017-12-05T19:32:55" />
    <property name="env.ELIXIR_VERSION" value="1.4.5" />
    <property name="env.TRAVIS_STACK_JOB_BOARD_REGISTER" value="/.job-board-register.yml" />
    <property name="java.specification.version" value="1.8" />
    <property name="env.IRBRC" value="/home/travis/.rvm/rubies/ruby-2.4.1/.irbrc" />
    <property name="env.TRAVIS" value="true" />
    <property name="sun.arch.data.model" value="64" />
  </properties>
  <testcase classname="ptolemy.util.test.junit.TclTests" name="[0] /home/travis/build/icyphy/ptII/ptolemy/domains/de/test/DependencyLoop.tcl (RunTclFile)" time="0.798" />
  <testcase classname="ptolemy.util.test.junit.TclTests" name="[1] /home/travis/build/icyphy/ptII/ptolemy/domains/de/test/RunDETestsAsQSS.tcl (RunTclFile)" time="90.477" />
  <testcase classname="ptolemy.util.test.junit.AutoKnownFailedTests" name="[0] /home/travis/build/icyphy/ptII/ptolemy/domains/de/test/auto/knownFailedTests/DESDFClockTest.xml (RunModel)" time="2.026" />
  <testcase classname="ptolemy.util.test.junit.AutoKnownFailedTests" name="[1] /home/travis/build/icyphy/ptII/ptolemy/domains/de/test/auto/knownFailedTests/DirectFeedback.xml (RunModel)" time="0.018" />
  <testcase classname="ptolemy.util.test.junit.AutoKnownFailedTests" name="[2] /home/travis/build/icyphy/ptII/ptolemy/domains/de/test/auto/knownFailedTests/FSMSource.xml (RunModel)" time="0.022" />
  <testcase classname="ptolemy.util.test.junit.AutoKnownFailedTests" name="[3] /home/travis/build/icyphy/ptII/ptolemy/domains/de/test/auto/knownFailedTests/HierarchicalModel.xml (RunModel)" time="0.035" />
  <testcase classname="ptolemy.util.test.junit.AutoKnownFailedTests" name="[4] /home/travis/build/icyphy/ptII/ptolemy/domains/de/test/auto/knownFailedTests/dependencyLoop.xml (RunModel)" time="0.034" />
  <testcase classname="ptolemy.util.test.junit.AutoKnownFailedTests" name="[5] /home/travis/build/icyphy/ptII/ptolemy/domains/de/test/auto/knownFailedTests/dependencyLoop2.xml (RunModel)" time="0.033" />
  <testcase classname="ptolemy.util.test.junit.AutoNameArchTests" name="[0] ThereAreNoAutoTests (RunModel)" time="0.002" />
  <testcase classname="ptolemy.util.test.junit.AutoTests" name="[0] /home/travis/build/icyphy/ptII/ptolemy/domains/de/test/auto/ActorDepthCalculation_actorWithoutPorts.xml (RunModel)" time="0.011" />
  <testcase classname="ptolemy.util.test.junit.AutoTests" name="[1] /home/travis/build/icyphy/ptII/ptolemy/domains/de/test/auto/AssemblyLine.xml (RunModel)" time="0.016" />
  <testcase classname="ptolemy.util.test.junit.AutoTests" name="[2] /home/travis/build/icyphy/ptII/ptolemy/domains/de/test/auto/CQBug1.xml (RunModel)" time="0.008" />
  <testcase classname="ptolemy.util.test.junit.AutoTests" name="[3] /home/travis/build/icyphy/ptII/ptolemy/domains/de/test/auto/CancelFireAt.xml (RunModel)" time="0.006" />
  <testcase classname="ptolemy.util.test.junit.AutoTests" name="[4] /home/travis/build/icyphy/ptII/ptolemy/domains/de/test/auto/CausalityAndComposabilityAnalysis.xml (RunModel)" time="0.011" />
  <testcase classname="ptolemy.util.test.junit.AutoTests" name="[5] /home/travis/build/icyphy/ptII/ptolemy/domains/de/test/auto/CausalityInterface1.xml (RunModel)" time="0.01" />
  <testcase classname="ptolemy.util.test.junit.AutoTests" name="[6] /home/travis/build/icyphy/ptII/ptolemy/domains/de/test/auto/CausalityInterface15.xml (RunModel)" time="0.017" />
  <testcase classname="ptolemy.util.test.junit.AutoTests" name="[7] /home/travis/build/icyphy/ptII/ptolemy/domains/de/test/auto/CausalityInterface2.xml (RunModel)" time="0.009" />
  <testcase classname="ptolemy.util.test.junit.AutoTests" name="[8] /home/travis/build/icyphy/ptII/ptolemy/domains/de/test/auto/CausalityInterface3.xml (RunModel)" time="0.012" />
  <testcase classname="ptolemy.util.test.junit.AutoTests" name="[9] /home/travis/build/icyphy/ptII/ptolemy/domains/de/test/auto/ClockDrift.xml (RunModel)" time="0.031" />
  <testcase classname="ptolemy.util.test.junit.AutoTests" name="[10] /home/travis/build/icyphy/ptII/ptolemy/domains/de/test/auto/ClockDriftAndValueChange.xml (RunModel)" time="0.03" />
  <testcase classname="ptolemy.util.test.junit.AutoTests" name="[11] /home/travis/build/icyphy/ptII/ptolemy/domains/de/test/auto/ClockDriftChange.xml (RunModel)" time="0.031" />
  <testcase classname="ptolemy.util.test.junit.AutoTests" name="[12] /home/travis/build/icyphy/ptII/ptolemy/domains/de/test/auto/ComposableCausalityAnalysis.xml (RunModel)" time="0.018" />
  <testcase classname="ptolemy.util.test.junit.AutoTests" name="[13] /home/travis/build/icyphy/ptII/ptolemy/domains/de/test/auto/DEFixedPointLimitation.xml (RunModel)" time="0.01" />
  <testcase classname="ptolemy.util.test.junit.AutoTests" name="[14] /home/travis/build/icyphy/ptII/ptolemy/domains/de/test/auto/DEScheduleTest.xml (RunModel)" time="0.013" />
  <testcase classname="ptolemy.util.test.junit.AutoTests" name="[15] /home/travis/build/icyphy/ptII/ptolemy/domains/de/test/auto/DEinDEwithStartTimes.xml (RunModel)" time="0.015" />
  <testcase classname="ptolemy.util.test.junit.AutoTests" name="[16] /home/travis/build/icyphy/ptII/ptolemy/domains/de/test/auto/DEinDEwithStartTimes2.xml (RunModel)" time="0.015" />
  <testcase classname="ptolemy.util.test.junit.AutoTests" name="[17] /home/travis/build/icyphy/ptII/ptolemy/domains/de/test/auto/DateDemo.xml (RunModel)" time="0.031" />
  <testcase classname="ptolemy.util.test.junit.AutoTests" name="[18] /home/travis/build/icyphy/ptII/ptolemy/domains/de/test/auto/DateToEvent.xml (RunModel)" time="2.046" />
  <testcase classname="ptolemy.util.test.junit.AutoTests" name="[19] /home/travis/build/icyphy/ptII/ptolemy/domains/de/test/auto/DepthTest1.xml (RunModel)" time="0.006" />
  <testcase classname="ptolemy.util.test.junit.AutoTests" name="[20] /home/travis/build/icyphy/ptII/ptolemy/domains/de/test/auto/DepthTest2.xml (RunModel)" time="0.014" />
  <testcase classname="ptolemy.util.test.junit.AutoTests" name="[21] /home/travis/build/icyphy/ptII/ptolemy/domains/de/test/auto/DepthTest3.xml (RunModel)" time="0.006" />
  <testcase classname="ptolemy.util.test.junit.AutoTests" name="[22] /home/travis/build/icyphy/ptII/ptolemy/domains/de/test/auto/DepthTest4.xml (RunModel)" time="0.009" />
  <testcase classname="ptolemy.util.test.junit.AutoTests" name="[23] /home/travis/build/icyphy/ptII/ptolemy/domains/de/test/auto/DepthTest5.xml (RunModel)" time="0.011" />
  <testcase classname="ptolemy.util.test.junit.AutoTests" name="[24] /home/travis/build/icyphy/ptII/ptolemy/domains/de/test/auto/DepthTest6.xml (RunModel)" time="0.011" />
  <testcase classname="ptolemy.util.test.junit.AutoTests" name="[25] /home/travis/build/icyphy/ptII/ptolemy/domains/de/test/auto/DepthTest7.xml (RunModel)" time="0.01" />
  <testcase classname="ptolemy.util.test.junit.AutoTests" name="[26] /home/travis/build/icyphy/ptII/ptolemy/domains/de/test/auto/EventToDate.xml (RunModel)" time="3.035" />
  <testcase classname="ptolemy.util.test.junit.AutoTests" name="[27] /home/travis/build/icyphy/ptII/ptolemy/domains/de/test/auto/FSM1.xml (RunModel)" time="0.028" />
  <testcase classname="ptolemy.util.test.junit.AutoTests" name="[28] /home/travis/build/icyphy/ptII/ptolemy/domains/de/test/auto/FSM7.xml (RunModel)" time="0.022" />
  <testcase classname="ptolemy.util.test.junit.AutoTests" name="[29] /home/travis/build/icyphy/ptII/ptolemy/domains/de/test/auto/Inspection.xml (RunModel)" time="0.026" />
  <testcase classname="ptolemy.util.test.junit.AutoTests" name="[30] /home/travis/build/icyphy/ptII/ptolemy/domains/de/test/auto/Iteration.xml (RunModel)" time="0.014" />
  <testcase classname="ptolemy.util.test.junit.AutoTests" name="[31] /home/travis/build/icyphy/ptII/ptolemy/domains/de/test/auto/LineFault.xml (RunModel)" time="0.407" />
  <testcase classname="ptolemy.util.test.junit.AutoTests" name="[32] /home/travis/build/icyphy/ptII/ptolemy/domains/de/test/auto/MergeModel1Add.xml (RunModel)" time="0.034" />
  <testcase classname="ptolemy.util.test.junit.AutoTests" name="[33] /home/travis/build/icyphy/ptII/ptolemy/domains/de/test/auto/MergeModel2Add.xml (RunModel)" time="0.031" />
  <testcase classname="ptolemy.util.test.junit.AutoTests" name="[34] /home/travis/build/icyphy/ptII/ptolemy/domains/de/test/auto/MergeModel3Add.xml (RunModel)" time="0.029" />
  <testcase classname="ptolemy.util.test.junit.AutoTests" name="[35] /home/travis/build/icyphy/ptII/ptolemy/domains/de/test/auto/MergeWithoutDiscard.xml (RunModel)" time="0.009" />
  <testcase classname="ptolemy.util.test.junit.AutoTests" name="[36] /home/travis/build/icyphy/ptII/ptolemy/domains/de/test/auto/Modal1.xml (RunModel)" time="0.027" />
  <testcase classname="ptolemy.util.test.junit.AutoTests" name="[37] /home/travis/build/icyphy/ptII/ptolemy/domains/de/test/auto/Modal2.xml (RunModel)" time="0.022" />
  <testcase classname="ptolemy.util.test.junit.AutoTests" name="[38] /home/travis/build/icyphy/ptII/ptolemy/domains/de/test/auto/Modal3.xml (RunModel)" time="0.025" />
  <testcase classname="ptolemy.util.test.junit.AutoTests" name="[39] /home/travis/build/icyphy/ptII/ptolemy/domains/de/test/auto/Modal4.xml (RunModel)" time="0.023" />
  <testcase classname="ptolemy.util.test.junit.AutoTests" name="[40] /home/travis/build/icyphy/ptII/ptolemy/domains/de/test/auto/Modal5.xml (RunModel)" time="0.024" />
  <testcase classname="ptolemy.util.test.junit.AutoTests" name="[41] /home/travis/build/icyphy/ptII/ptolemy/domains/de/test/auto/Modal6.xml (RunModel)" time="0.024" />
  <testcase classname="ptolemy.util.test.junit.AutoTests" name="[42] /home/travis/build/icyphy/ptII/ptolemy/domains/de/test/auto/Modal7.xml (RunModel)" time="0.023" />
  <testcase classname="ptolemy.util.test.junit.AutoTests" name="[43] /home/travis/build/icyphy/ptII/ptolemy/domains/de/test/auto/ModalModel.xml (RunModel)" time="0.135" />
  <testcase classname="ptolemy.util.test.junit.AutoTests" name="[44] /home/travis/build/icyphy/ptII/ptolemy/domains/de/test/auto/ModalSource.xml (RunModel)" time="0.014" />
  <testcase classname="ptolemy.util.test.junit.AutoTests" name="[45] /home/travis/build/icyphy/ptII/ptolemy/domains/de/test/auto/NonInterruptibleTimerZeroDelay.xml (RunModel)" time="0.007" />
  <testcase classname="ptolemy.util.test.junit.AutoTests" name="[46] /home/travis/build/icyphy/ptII/ptolemy/domains/de/test/auto/OpenQueueingNetwork.xml (RunModel)" time="2.523" />
  <testcase classname="ptolemy.util.test.junit.AutoTests" name="[47] /home/travis/build/icyphy/ptII/ptolemy/domains/de/test/auto/OpenQueuingNetwork.xml (RunModel)" time="0.281" />
  <testcase classname="ptolemy.util.test.junit.AutoTests" name="[48] /home/travis/build/icyphy/ptII/ptolemy/domains/de/test/auto/PeriodicSampler.xml (RunModel)" time="0.009" />
  <testcase classname="ptolemy.util.test.junit.AutoTests" name="[49] /home/travis/build/icyphy/ptII/ptolemy/domains/de/test/auto/PersistentIO.xml (RunModel)" time="0.024" />
  <testcase classname="ptolemy.util.test.junit.AutoTests" name="[50] /home/travis/build/icyphy/ptII/ptolemy/domains/de/test/auto/PortParameterResetOnInitialize.xml (RunModel)" time="0.01" />
  <testcase classname="ptolemy.util.test.junit.AutoTests" name="[51] /home/travis/build/icyphy/ptII/ptolemy/domains/de/test/auto/PortParameterUpdates.xml (RunModel)" time="0.027" />
  <testcase classname="ptolemy.util.test.junit.AutoTests" name="[52] /home/travis/build/icyphy/ptII/ptolemy/domains/de/test/auto/QueueAndServer.xml (RunModel)" time="0.025" />
  <testcase classname="ptolemy.util.test.junit.AutoTests" name="[53] /home/travis/build/icyphy/ptII/ptolemy/domains/de/test/auto/Records.xml (RunModel)" time="0.015" />
  <testcase classname="ptolemy.util.test.junit.AutoTests" name="[54] /home/travis/build/icyphy/ptII/ptolemy/domains/de/test/auto/ResetTransitionWithStartTime1.xml (RunModel)" time="0.02" />
  <testcase classname="ptolemy.util.test.junit.AutoTests" name="[55] /home/travis/build/icyphy/ptII/ptolemy/domains/de/test/auto/ResetTransitionWithStartTime2.xml (RunModel)" time="0.02" />
  <testcase classname="ptolemy.util.test.junit.AutoTests" name="[56] /home/travis/build/icyphy/ptII/ptolemy/domains/de/test/auto/ResetTransitionWithStartTime3.xml (RunModel)" time="0.023" />
  <testcase classname="ptolemy.util.test.junit.AutoTests" name="[57] /home/travis/build/icyphy/ptII/ptolemy/domains/de/test/auto/ResetTransitionWithStartTime4.xml (RunModel)" time="0.021" />
  <testcase classname="ptolemy.util.test.junit.AutoTests" name="[58] /home/travis/build/icyphy/ptII/ptolemy/domains/de/test/auto/ResettableTimer1.xml (RunModel)" time="0.01" />
  <testcase classname="ptolemy.util.test.junit.AutoTests" name="[59] /home/travis/build/icyphy/ptII/ptolemy/domains/de/test/auto/ResettableTimer2.xml (RunModel)" time="0.011" />
  <testcase classname="ptolemy.util.test.junit.AutoTests" name="[60] /home/travis/build/icyphy/ptII/ptolemy/domains/de/test/auto/ResettableTimer3.xml (RunModel)" time="0.01" />
  <testcase classname="ptolemy.util.test.junit.AutoTests" name="[61] /home/travis/build/icyphy/ptII/ptolemy/domains/de/test/auto/ResettableTimer4.xml (RunModel)" time="0.011" />
  <testcase classname="ptolemy.util.test.junit.AutoTests" name="[62] /home/travis/build/icyphy/ptII/ptolemy/domains/de/test/auto/ResettableTimer5.xml (RunModel)" time="0.01" />
  <testcase classname="ptolemy.util.test.junit.AutoTests" name="[63] /home/travis/build/icyphy/ptII/ptolemy/domains/de/test/auto/ResettableTimer6.xml (RunModel)" time="0.019" />
  <testcase classname="ptolemy.util.test.junit.AutoTests" name="[64] /home/travis/build/icyphy/ptII/ptolemy/domains/de/test/auto/ServerZeroDelay.xml (RunModel)" time="0.016" />
  <testcase classname="ptolemy.util.test.junit.AutoTests" name="[65] /home/travis/build/icyphy/ptII/ptolemy/domains/de/test/auto/SmartSender.xml (RunModel)" time="3.012" />
  <testcase classname="ptolemy.util.test.junit.AutoTests" name="[66] /home/travis/build/icyphy/ptII/ptolemy/domains/de/test/auto/ThreadedComposite.xml (RunModel)" time="0.158" />
  <testcase classname="ptolemy.util.test.junit.AutoTests" name="[67] /home/travis/build/icyphy/ptII/ptolemy/domains/de/test/auto/Time.xml (RunModel)" time="0.476" />
  <testcase classname="ptolemy.util.test.junit.AutoTests" name="[68] /home/travis/build/icyphy/ptII/ptolemy/domains/de/test/auto/TimeDelayZeroDelay.xml (RunModel)" time="0.011" />
  <testcase classname="ptolemy.util.test.junit.AutoTests" name="[69] /home/travis/build/icyphy/ptII/ptolemy/domains/de/test/auto/TimerZeroDelay.xml (RunModel)" time="0.01" />
  <testcase classname="ptolemy.util.test.junit.AutoTests" name="[70] /home/travis/build/icyphy/ptII/ptolemy/domains/de/test/auto/TimingParadox.xml (RunModel)" time="0.393" />
  <testcase classname="ptolemy.util.test.junit.AutoTests" name="[71] /home/travis/build/icyphy/ptII/ptolemy/domains/de/test/auto/TransferInputs.xml (RunModel)" time="0.02" />
  <testcase classname="ptolemy.util.test.junit.AutoTests" name="[72] /home/travis/build/icyphy/ptII/ptolemy/domains/de/test/auto/TransferOutputs2.xml (RunModel)" time="0.024" />
  <testcase classname="ptolemy.util.test.junit.AutoTests" name="[73] /home/travis/build/icyphy/ptII/ptolemy/domains/de/test/auto/Trilateration.xml (RunModel)" time="12.379" />
  <testcase classname="ptolemy.util.test.junit.AutoTests" name="[74] /home/travis/build/icyphy/ptII/ptolemy/domains/de/test/auto/TwoSigmaDelta.xml (RunModel)" time="2.224" />
  <testcase classname="ptolemy.util.test.junit.AutoTests" name="[75] /home/travis/build/icyphy/ptII/ptolemy/domains/de/test/auto/VariableDelay.xml (RunModel)" time="0.011" />
  <testcase classname="ptolemy.util.test.junit.AutoTests" name="[76] /home/travis/build/icyphy/ptII/ptolemy/domains/de/test/auto/VariableDelay2.xml (RunModel)" time="0.01" />
  <testcase classname="ptolemy.util.test.junit.AutoTests" name="[77] /home/travis/build/icyphy/ptII/ptolemy/domains/de/test/auto/VariableDelayZeroDelay.xml (RunModel)" time="0.013" />
  <testcase classname="ptolemy.util.test.junit.AutoTests" name="[78] /home/travis/build/icyphy/ptII/ptolemy/domains/de/test/auto/VariableDelayZeroDelay2.xml (RunModel)" time="0.01" />
  <testcase classname="ptolemy.util.test.junit.AutoTests" name="[79] /home/travis/build/icyphy/ptII/ptolemy/domains/de/test/auto/deInCt.xml (RunModel)" time="0.018" />
  <testcase classname="ptolemy.util.test.junit.AutoTests" name="[80] /home/travis/build/icyphy/ptII/ptolemy/domains/de/test/auto/deInCt2.xml (RunModel)" time="0.019" />
  <testcase classname="ptolemy.util.test.junit.AutoTests" name="[81] /home/travis/build/icyphy/ptII/ptolemy/domains/de/test/auto/dynamicCausalityInterface1.xml (RunModel)" time="0.02" />
  <testcase classname="ptolemy.util.test.junit.AutoTests" name="[82] /home/travis/build/icyphy/ptII/ptolemy/domains/de/test/auto/fsm_de_test.xml (RunModel)" time="0.03" />
  <testcase classname="ptolemy.util.test.junit.AutoTests" name="[83] /home/travis/build/icyphy/ptII/ptolemy/domains/de/test/auto/functionDependencyReconstruction.xml (RunModel)" time="0.041" />
  <testcase classname="ptolemy.util.test.junit.AutoTests" name="[84] /home/travis/build/icyphy/ptII/ptolemy/domains/de/test/auto/multirate.xml (RunModel)" time="0.017" />
  <testcase classname="ptolemy.util.test.junit.AutoTests" name="[85] /home/travis/build/icyphy/ptII/ptolemy/domains/de/test/auto/multirate2.xml (RunModel)" time="0.022" />
  <testcase classname="ptolemy.util.test.junit.AutoTests" name="[86] /home/travis/build/icyphy/ptII/ptolemy/domains/de/test/auto/realtime.xml (RunModel)" time="10.012" />
  <testcase classname="ptolemy.util.test.junit.AutoTests" name="[87] /home/travis/build/icyphy/ptII/ptolemy/domains/de/test/auto/relationGroup.xml (RunModel)" time="0.007" />
  <testcase classname="ptolemy.util.test.junit.AutoTests" name="[88] /home/travis/build/icyphy/ptII/ptolemy/domains/de/test/auto/relationGroup2.xml (RunModel)" time="0.008" />
  <testcase classname="ptolemy.util.test.junit.AutoTests" name="[89] /home/travis/build/icyphy/ptII/ptolemy/domains/de/test/auto/sortWithOpaquePorts.xml (RunModel)" time="0.01" />
  <testcase classname="ptolemy.util.test.junit.AutoTests" name="[90] /home/travis/build/icyphy/ptII/ptolemy/domains/de/test/auto/transferInputsandOutputs.xml (RunModel)" time="0.016" />
  <testcase classname="ptolemy.util.test.junit.AutoTests" name="[91] /home/travis/build/icyphy/ptII/ptolemy/domains/de/test/auto/triggerType.xml (RunModel)" time="0.011" />
  <system-out><![CDATA[/home/travis/build/icyphy/ptII/ptolemy/domains/de/test/DependencyLoop.tcl
testDefs.tcl: setting time out to 9000 seconds at Fri May 11 17:13:31 UTC 2018
15 ms. Memory: 116224K Free: 95092K (82%)
7 ms. Memory: 146944K Free: 137794K (94%)
/home/travis/build/icyphy/ptII/ptolemy/domains/de/test/RunDETestsAsQSS.tcl
Run the DE tests using ptolemy.domains.qss.test.QSSDirectorTest, which extends QSSDirector and prints a message in the constructors.
------------------ testing $PTII/ptolemy/domains/de/test/auto/knownFailedTests/dependencyLoop.xml (Known Failure) 
7 ms. Memory: 146944K Free: 133519K (91%)


==== $PTIIhome/travis/build/icyphy/ptII/ptolemy/domains/de/test/../../../../: Auto Automatic test in file $PTII/ptolemy/domains/de/test/auto/knownFailedTests/dependencyLoop.xml
==== Contents of test case:

	    # FIXME: we should use $relativeFilename here, but it
	    # might have backslashes under Windows, which causes no end
	    # of trouble.
	    createAndExecute $file
	    list {}
	
.... Test generated KNOWN error:
    while executing
ptolemy.kernel.util.IllegalActionException: Found a zero delay loop containing .dependencyLoop.original
  in .dependencyLoop and .dependencyLoop.original
	at ptolemy.actor.util.CausalityInterfaceForComposites._computeOutputPortDepth(CausalityInterfaceForComposites.java:759)
	at ptolemy.actor.util.CausalityInterfaceForComposites._computeInputDepth(CausalityInterfaceForComposites.java:696)
	at ptolemy.actor.util.CausalityInterfaceForComposites._computeOutputPortDepth(CausalityInterfaceForComposites.java:765)
	at ptolemy.actor.util.CausalityInterfaceForComposites._computeInputDepth(CausalityInterfaceForComposites.java:696)
	at ptolemy.actor.util.CausalityInterfaceForComposites._computeOutputPortDepth(CausalityInterfaceForComposites.java:765)
	at ptolemy.actor.util.CausalityInterfaceForComposites._computeInputDepth(CausalityInterfaceForComposites.java:696)
	at ptolemy.actor.util.CausalityInterfaceForComposites._computeActorDepth(CausalityInterfaceForComposites.java:532)
	at ptolemy.actor.util.CausalityInterfaceForComposites.checkForCycles(CausalityInterfaceForComposites.java:96)
	at ptolemy.domains.de.kernel.DEDirector.preinitialize(DEDirector.java:1337)
	at ptolemy.actor.CompositeActor.preinitialize(CompositeActor.java:1828)
	at ptolemy.actor.Manager.preinitializeAndResolveTypes(Manager.java:1040)
	at ptolemy.actor.Manager.initialize(Manager.java:710)
	at ptolemy.actor.Manager.execute(Manager.java:356)
	at ptolemy.actor.Manager.run(Manager.java:1263)
	at ptolemy.actor.Manager$PtolemyRunThread.run(Manager.java:1915)

    while executing
ptolemy.kernel.util.IllegalActionException: Found a zero delay loop containing .dependencyLoop.original
  in .dependencyLoop and .dependencyLoop.original
    while executing
"java::new ptolemy.moml.MoMLSimpleApplication $file
"
    (procedure "createAndExecute" line 2)
    invoked from within
"createAndExecute $file"
    ("uplevel" body line 5)
    invoked from within
"uplevel $contents_of_test"
------------------ testing $PTII/ptolemy/domains/de/test/auto/knownFailedTests/DESDFClockTest.xml (Known Failure) 
2083 ms. Memory: 146944K Free: 117676K (80%)


==== $PTIIhome/travis/build/icyphy/ptII/ptolemy/domains/de/test/../../../../: Auto Automatic test in file $PTII/ptolemy/domains/de/test/auto/knownFailedTests/DESDFClockTest.xml
==== Contents of test case:

	    # FIXME: we should use $relativeFilename here, but it
	    # might have backslashes under Windows, which causes no end
	    # of trouble.
	    createAndExecute $file
	    list {}
	
.... Test generated KNOWN error:
    while executing
ptolemy.kernel.util.IllegalActionException: Actor is not ready to fire.  Perhaps UpSample.prefire() returned false? Try debugging the actor by selecting "Listen to Actor".  Also, for SDF check moml for tokenConsumptionRate on input.
  in .DESDFClockTest.Play Bell.Copy1:SDF Director and .DESDFClockTest.Play Bell.UpSample
	at ptolemy.actor.sched.StaticSchedulingDirector.fire(StaticSchedulingDirector.java:227)
	at ptolemy.domains.sdf.kernel.SDFDirector.fire(SDFDirector.java:500)
	at ptolemy.actor.CompositeActor.fire(CompositeActor.java:455)
	at ptolemy.domains.de.kernel.DEDirector._fire(DEDirector.java:1948)
	at ptolemy.domains.de.kernel.DEDirector.fire(DEDirector.java:502)
	at ptolemy.actor.CompositeActor.fire(CompositeActor.java:455)
	at ptolemy.actor.Manager.iterate(Manager.java:851)
	at ptolemy.actor.Manager.execute(Manager.java:369)
	at ptolemy.actor.Manager.run(Manager.java:1263)
	at ptolemy.actor.Manager$PtolemyRunThread.run(Manager.java:1915)

    while executing
ptolemy.kernel.util.IllegalActionException: Actor is not ready to fire.  Perhaps UpSample.prefire() returned false? Try debugging the actor by selecting "Listen to Actor".  Also, for SDF check moml for tokenConsumptionRate on input.
  in .DESDFClockTest.Play Bell.Copy1:SDF Director and .DESDFClockTest.Play Bell.UpSample
    while executing
"java::new ptolemy.moml.MoMLSimpleApplication $file
"
    (procedure "createAndExecute" line 2)
    invoked from within
"createAndExecute $file"
    ("uplevel" body line 5)
    invoked from within
"uplevel $contents_of_test"
------------------ testing $PTII/ptolemy/domains/de/test/auto/knownFailedTests/FSMSource.xml (Known Failure) 
38 ms. Memory: 146944K Free: 108693K (74%)
!!!! Auto was marked as failing, but now passes
------------------ testing $PTII/ptolemy/domains/de/test/auto/knownFailedTests/dependencyLoop2.xml (Known Failure) 
6 ms. Memory: 146944K Free: 106810K (73%)


==== $PTIIhome/travis/build/icyphy/ptII/ptolemy/domains/de/test/../../../../: Auto Automatic test in file $PTII/ptolemy/domains/de/test/auto/knownFailedTests/dependencyLoop2.xml
==== Contents of test case:

	    # FIXME: we should use $relativeFilename here, but it
	    # might have backslashes under Windows, which causes no end
	    # of trouble.
	    createAndExecute $file
	    list {}
	
.... Test generated KNOWN error:
    while executing
ptolemy.kernel.util.IllegalActionException: Found a zero delay loop containing .dependencyLoop2.original
  in .dependencyLoop2 and .dependencyLoop2.original
	at ptolemy.actor.util.CausalityInterfaceForComposites._computeOutputPortDepth(CausalityInterfaceForComposites.java:759)
	at ptolemy.actor.util.CausalityInterfaceForComposites._computeInputDepth(CausalityInterfaceForComposites.java:696)
	at ptolemy.actor.util.CausalityInterfaceForComposites._computeOutputPortDepth(CausalityInterfaceForComposites.java:765)
	at ptolemy.actor.util.CausalityInterfaceForComposites._computeInputDepth(CausalityInterfaceForComposites.java:696)
	at ptolemy.actor.util.CausalityInterfaceForComposites._computeOutputPortDepth(CausalityInterfaceForComposites.java:765)
	at ptolemy.actor.util.CausalityInterfaceForComposites._computeInputDepth(CausalityInterfaceForComposites.java:696)
	at ptolemy.actor.util.CausalityInterfaceForComposites._computeActorDepth(CausalityInterfaceForComposites.java:532)
	at ptolemy.actor.util.CausalityInterfaceForComposites.checkForCycles(CausalityInterfaceForComposites.java:96)
	at ptolemy.domains.de.kernel.DEDirector.preinitialize(DEDirector.java:1337)
	at ptolemy.actor.CompositeActor.preinitialize(CompositeActor.java:1828)
	at ptolemy.actor.Manager.preinitializeAndResolveTypes(Manager.java:1040)
	at ptolemy.actor.Manager.initialize(Manager.java:710)
	at ptolemy.actor.Manager.execute(Manager.java:356)
	at ptolemy.actor.Manager.run(Manager.java:1263)
	at ptolemy.actor.Manager$PtolemyRunThread.run(Manager.java:1915)

    while executing
ptolemy.kernel.util.IllegalActionException: Found a zero delay loop containing .dependencyLoop2.original
  in .dependencyLoop2 and .dependencyLoop2.original
    while executing
"java::new ptolemy.moml.MoMLSimpleApplication $file
"
    (procedure "createAndExecute" line 2)
    invoked from within
"createAndExecute $file"
    ("uplevel" body line 5)
    invoked from within
"uplevel $contents_of_test"
------------------ testing $PTII/ptolemy/domains/de/test/auto/knownFailedTests/HierarchicalModel.xml (Known Failure) 
5 ms. Memory: 146944K Free: 86177K (59%)


==== $PTIIhome/travis/build/icyphy/ptII/ptolemy/domains/de/test/../../../../: Auto Automatic test in file $PTII/ptolemy/domains/de/test/auto/knownFailedTests/HierarchicalModel.xml
==== Contents of test case:

	    # FIXME: we should use $relativeFilename here, but it
	    # might have backslashes under Windows, which causes no end
	    # of trouble.
	    createAndExecute $file
	    list {}
	
.... Test generated KNOWN error:
    while executing
ptolemy.kernel.util.IllegalActionException: Found a zero delay loop containing .HierarchicalModel.A
  in .HierarchicalModel and .HierarchicalModel.A
	at ptolemy.actor.util.CausalityInterfaceForComposites._computeOutputPortDepth(CausalityInterfaceForComposites.java:759)
	at ptolemy.actor.util.CausalityInterfaceForComposites._computeInputDepth(CausalityInterfaceForComposites.java:696)
	at ptolemy.actor.util.CausalityInterfaceForComposites._computeOutputPortDepth(CausalityInterfaceForComposites.java:765)
	at ptolemy.actor.util.CausalityInterfaceForComposites._computeInputDepth(CausalityInterfaceForComposites.java:696)
	at ptolemy.actor.util.CausalityInterfaceForComposites._computeOutputPortDepth(CausalityInterfaceForComposites.java:765)
	at ptolemy.actor.util.CausalityInterfaceForComposites._computeInputDepth(CausalityInterfaceForComposites.java:696)
	at ptolemy.actor.util.CausalityInterfaceForComposites._computeActorDepth(CausalityInterfaceForComposites.java:532)
	at ptolemy.actor.util.CausalityInterfaceForComposites.checkForCycles(CausalityInterfaceForComposites.java:96)
	at ptolemy.domains.de.kernel.DEDirector.preinitialize(DEDirector.java:1337)
	at ptolemy.actor.CompositeActor.preinitialize(CompositeActor.java:1828)
	at ptolemy.actor.Manager.preinitializeAndResolveTypes(Manager.java:1040)
	at ptolemy.actor.Manager.initialize(Manager.java:710)
	at ptolemy.actor.Manager.execute(Manager.java:356)
	at ptolemy.actor.Manager.run(Manager.java:1263)
	at ptolemy.actor.Manager$PtolemyRunThread.run(Manager.java:1915)

    while executing
ptolemy.kernel.util.IllegalActionException: Found a zero delay loop containing .HierarchicalModel.A
  in .HierarchicalModel and .HierarchicalModel.A
    while executing
"java::new ptolemy.moml.MoMLSimpleApplication $file
"
    (procedure "createAndExecute" line 2)
    invoked from within
"createAndExecute $file"
    ("uplevel" body line 5)
    invoked from within
"uplevel $contents_of_test"
------------------ testing $PTII/ptolemy/domains/de/test/auto/knownFailedTests/DirectFeedback.xml (Known Failure) 
17 ms. Memory: 146944K Free: 142524K (97%)


==== $PTIIhome/travis/build/icyphy/ptII/ptolemy/domains/de/test/../../../../: Auto Automatic test in file $PTII/ptolemy/domains/de/test/auto/knownFailedTests/DirectFeedback.xml
==== Contents of test case:

	    # FIXME: we should use $relativeFilename here, but it
	    # might have backslashes under Windows, which causes no end
	    # of trouble.
	    createAndExecute $file
	    list {}
	
.... Test generated KNOWN error:
    while executing
ptolemy.kernel.util.IllegalActionException: Test fails in iteration 1.
Value was: 1.0. Should have been: 2.0
  in .DirectFeedback.Test
	at ptolemy.actor.lib.Test.fire(Test.java:268)
	at ptolemy.domains.de.kernel.DEDirector._fire(DEDirector.java:1948)
	at ptolemy.domains.de.kernel.DEDirector.fire(DEDirector.java:502)
	at ptolemy.actor.CompositeActor.fire(CompositeActor.java:455)
	at ptolemy.actor.Manager.iterate(Manager.java:851)
	at ptolemy.actor.Manager.execute(Manager.java:369)
	at ptolemy.actor.Manager.run(Manager.java:1263)
	at ptolemy.actor.Manager$PtolemyRunThread.run(Manager.java:1915)

    while executing
ptolemy.kernel.util.IllegalActionException: Test fails in iteration 1.
Value was: 1.0. Should have been: 2.0
  in .DirectFeedback.Test
    while executing
"java::new ptolemy.moml.MoMLSimpleApplication $file
"
    (procedure "createAndExecute" line 2)
    invoked from within
"createAndExecute $file"
    ("uplevel" body line 5)
    invoked from within
"uplevel $contents_of_test"
------------------ testing $PTII/ptolemy/domains/de/test/auto/ActorDepthCalculation_actorWithoutPorts.xml
auto.tcl: Setting watchdog for 200 seconds at Fri May 11 17:13:34 UTC 2018
4 ms. Memory: 146944K Free: 133583K (91%)
ptolemy.util.test.WatchDog.cancel(): canceling Fri May 11 17:13:34 UTC 2018
auto.tcl: Setting watchdog for 200 seconds at Fri May 11 17:13:34 UTC 2018
5 ms. Memory: 146944K Free: 132550K (90%)
ptolemy.util.test.WatchDog.cancel(): canceling Fri May 11 17:13:34 UTC 2018
------------------ testing $PTII/ptolemy/domains/de/test/auto/AssemblyLine.xml
auto.tcl: Setting watchdog for 200 seconds at Fri May 11 17:13:35 UTC 2018
39 ms. Memory: 208384K Free: 182869K (88%)
ptolemy.util.test.WatchDog.cancel(): canceling Fri May 11 17:13:35 UTC 2018
auto.tcl: Setting watchdog for 200 seconds at Fri May 11 17:13:35 UTC 2018
9 ms. Memory: 208384K Free: 182869K (88%)
ptolemy.util.test.WatchDog.cancel(): canceling Fri May 11 17:13:35 UTC 2018
------------------ testing $PTII/ptolemy/domains/de/test/auto/CQBug1.xml
auto.tcl: Setting watchdog for 200 seconds at Fri May 11 17:13:35 UTC 2018
4 ms. Memory: 208384K Free: 197732K (95%)
ptolemy.util.test.WatchDog.cancel(): canceling Fri May 11 17:13:35 UTC 2018
auto.tcl: Setting watchdog for 200 seconds at Fri May 11 17:13:35 UTC 2018
2 ms. Memory: 208384K Free: 197732K (95%)
ptolemy.util.test.WatchDog.cancel(): canceling Fri May 11 17:13:35 UTC 2018
------------------ testing $PTII/ptolemy/domains/de/test/auto/CancelFireAt.xml
auto.tcl: Setting watchdog for 200 seconds at Fri May 11 17:13:35 UTC 2018
9 ms. Memory: 208384K Free: 200966K (96%)
ptolemy.util.test.WatchDog.cancel(): canceling Fri May 11 17:13:35 UTC 2018
auto.tcl: Setting watchdog for 200 seconds at Fri May 11 17:13:35 UTC 2018
3 ms. Memory: 208384K Free: 198868K (95%)
ptolemy.util.test.WatchDog.cancel(): canceling Fri May 11 17:13:35 UTC 2018
------------------ testing $PTII/ptolemy/domains/de/test/auto/CausalityAndComposabilityAnalysis.xml
auto.tcl: Setting watchdog for 200 seconds at Fri May 11 17:13:35 UTC 2018
8 ms. Memory: 208384K Free: 196709K (94%)
ptolemy.util.test.WatchDog.cancel(): canceling Fri May 11 17:13:35 UTC 2018
auto.tcl: Setting watchdog for 200 seconds at Fri May 11 17:13:35 UTC 2018
6 ms. Memory: 208384K Free: 196372K (94%)
ptolemy.util.test.WatchDog.cancel(): canceling Fri May 11 17:13:35 UTC 2018
------------------ testing $PTII/ptolemy/domains/de/test/auto/CausalityInterface1.xml
auto.tcl: Setting watchdog for 200 seconds at Fri May 11 17:13:35 UTC 2018
19 ms. Memory: 208384K Free: 196309K (94%)
ptolemy.util.test.WatchDog.cancel(): canceling Fri May 11 17:13:36 UTC 2018
auto.tcl: Setting watchdog for 200 seconds at Fri May 11 17:13:36 UTC 2018
4 ms. Memory: 208384K Free: 196309K (94%)
ptolemy.util.test.WatchDog.cancel(): canceling Fri May 11 17:13:36 UTC 2018
------------------ testing $PTII/ptolemy/domains/de/test/auto/CausalityInterface15.xml
auto.tcl: Setting watchdog for 200 seconds at Fri May 11 17:13:36 UTC 2018
8 ms. Memory: 208384K Free: 196299K (94%)
ptolemy.util.test.WatchDog.cancel(): canceling Fri May 11 17:13:36 UTC 2018
auto.tcl: Setting watchdog for 200 seconds at Fri May 11 17:13:36 UTC 2018
4 ms. Memory: 208384K Free: 196299K (94%)
ptolemy.util.test.WatchDog.cancel(): canceling Fri May 11 17:13:36 UTC 2018
------------------ testing $PTII/ptolemy/domains/de/test/auto/CausalityInterface2.xml
auto.tcl: Setting watchdog for 200 seconds at Fri May 11 17:13:36 UTC 2018
9 ms. Memory: 208384K Free: 196283K (94%)
ptolemy.util.test.WatchDog.cancel(): canceling Fri May 11 17:13:36 UTC 2018
auto.tcl: Setting watchdog for 200 seconds at Fri May 11 17:13:36 UTC 2018
3 ms. Memory: 208384K Free: 196283K (94%)
ptolemy.util.test.WatchDog.cancel(): canceling Fri May 11 17:13:36 UTC 2018
------------------ testing $PTII/ptolemy/domains/de/test/auto/CausalityInterface3.xml
auto.tcl: Setting watchdog for 200 seconds at Fri May 11 17:13:36 UTC 2018
3 ms. Memory: 208384K Free: 196297K (94%)
ptolemy.util.test.WatchDog.cancel(): canceling Fri May 11 17:13:36 UTC 2018
auto.tcl: Setting watchdog for 200 seconds at Fri May 11 17:13:36 UTC 2018
4 ms. Memory: 208384K Free: 196297K (94%)
ptolemy.util.test.WatchDog.cancel(): canceling Fri May 11 17:13:36 UTC 2018
------------------ testing $PTII/ptolemy/domains/de/test/auto/ClockDrift.xml
auto.tcl: Setting watchdog for 200 seconds at Fri May 11 17:13:36 UTC 2018
118 ms. Memory: 208384K Free: 187542K (90%)
ptolemy.util.test.WatchDog.cancel(): canceling Fri May 11 17:13:36 UTC 2018
auto.tcl: Setting watchdog for 200 seconds at Fri May 11 17:13:36 UTC 2018
81 ms. Memory: 208384K Free: 185447K (89%)
ptolemy.util.test.WatchDog.cancel(): canceling Fri May 11 17:13:36 UTC 2018
------------------ testing $PTII/ptolemy/domains/de/test/auto/ClockDriftAndValueChange.xml
auto.tcl: Setting watchdog for 200 seconds at Fri May 11 17:13:36 UTC 2018
63 ms. Memory: 208384K Free: 187374K (90%)
ptolemy.util.test.WatchDog.cancel(): canceling Fri May 11 17:13:36 UTC 2018
auto.tcl: Setting watchdog for 200 seconds at Fri May 11 17:13:36 UTC 2018
28 ms. Memory: 208384K Free: 185278K (89%)
ptolemy.util.test.WatchDog.cancel(): canceling Fri May 11 17:13:36 UTC 2018
------------------ testing $PTII/ptolemy/domains/de/test/auto/ClockDriftChange.xml
auto.tcl: Setting watchdog for 200 seconds at Fri May 11 17:13:36 UTC 2018
34 ms. Memory: 208384K Free: 190693K (92%)
ptolemy.util.test.WatchDog.cancel(): canceling Fri May 11 17:13:37 UTC 2018
auto.tcl: Setting watchdog for 200 seconds at Fri May 11 17:13:37 UTC 2018
31 ms. Memory: 208384K Free: 188598K (91%)
ptolemy.util.test.WatchDog.cancel(): canceling Fri May 11 17:13:37 UTC 2018
------------------ testing $PTII/ptolemy/domains/de/test/auto/ComposableCausalityAnalysis.xml
auto.tcl: Setting watchdog for 200 seconds at Fri May 11 17:13:37 UTC 2018
3 ms. Memory: 208384K Free: 196149K (94%)
ptolemy.util.test.WatchDog.cancel(): canceling Fri May 11 17:13:37 UTC 2018
auto.tcl: Setting watchdog for 200 seconds at Fri May 11 17:13:37 UTC 2018
2 ms. Memory: 208384K Free: 194054K (93%)
ptolemy.util.test.WatchDog.cancel(): canceling Fri May 11 17:13:37 UTC 2018
------------------ testing $PTII/ptolemy/domains/de/test/auto/DEFixedPointLimitation.xml
auto.tcl: Setting watchdog for 200 seconds at Fri May 11 17:13:37 UTC 2018
5 ms. Memory: 208384K Free: 196230K (94%)
ptolemy.util.test.WatchDog.cancel(): canceling Fri May 11 17:13:37 UTC 2018
auto.tcl: Setting watchdog for 200 seconds at Fri May 11 17:13:37 UTC 2018
2 ms. Memory: 208384K Free: 196230K (94%)
ptolemy.util.test.WatchDog.cancel(): canceling Fri May 11 17:13:37 UTC 2018
------------------ testing $PTII/ptolemy/domains/de/test/auto/DEScheduleTest.xml
auto.tcl: Setting watchdog for 200 seconds at Fri May 11 17:13:37 UTC 2018
5 ms. Memory: 208384K Free: 198360K (95%)
ptolemy.util.test.WatchDog.cancel(): canceling Fri May 11 17:13:37 UTC 2018
auto.tcl: Setting watchdog for 200 seconds at Fri May 11 17:13:37 UTC 2018
4 ms. Memory: 208384K Free: 196265K (94%)
ptolemy.util.test.WatchDog.cancel(): canceling Fri May 11 17:13:37 UTC 2018
------------------ testing $PTII/ptolemy/domains/de/test/auto/DEinDEwithStartTimes.xml
auto.tcl: Setting watchdog for 200 seconds at Fri May 11 17:13:37 UTC 2018
8 ms. Memory: 208384K Free: 196235K (94%)
ptolemy.util.test.WatchDog.cancel(): canceling Fri May 11 17:13:37 UTC 2018
auto.tcl: Setting watchdog for 200 seconds at Fri May 11 17:13:37 UTC 2018
8 ms. Memory: 208384K Free: 194140K (93%)
ptolemy.util.test.WatchDog.cancel(): canceling Fri May 11 17:13:37 UTC 2018
------------------ testing $PTII/ptolemy/domains/de/test/auto/DEinDEwithStartTimes2.xml
auto.tcl: Setting watchdog for 200 seconds at Fri May 11 17:13:37 UTC 2018
8 ms. Memory: 208384K Free: 196552K (94%)
ptolemy.util.test.WatchDog.cancel(): canceling Fri May 11 17:13:37 UTC 2018
auto.tcl: Setting watchdog for 200 seconds at Fri May 11 17:13:37 UTC 2018
6 ms. Memory: 208384K Free: 194119K (93%)
ptolemy.util.test.WatchDog.cancel(): canceling Fri May 11 17:13:37 UTC 2018
------------------ testing $PTII/ptolemy/domains/de/test/auto/DateDemo.xml
auto.tcl: Setting watchdog for 200 seconds at Fri May 11 17:13:37 UTC 2018
8 ms. Memory: 208384K Free: 188666K (91%)
ptolemy.util.test.WatchDog.cancel(): canceling Fri May 11 17:13:37 UTC 2018
auto.tcl: Setting watchdog for 200 seconds at Fri May 11 17:13:37 UTC 2018
7 ms. Memory: 208384K Free: 186571K (90%)
ptolemy.util.test.WatchDog.cancel(): canceling Fri May 11 17:13:37 UTC 2018
------------------ testing $PTII/ptolemy/domains/de/test/auto/DateToEvent.xml
auto.tcl: Setting watchdog for 200 seconds at Fri May 11 17:13:37 UTC 2018
2018 ms. Memory: 208384K Free: 183404K (88%)
ptolemy.util.test.WatchDog.cancel(): canceling Fri May 11 17:13:39 UTC 2018
auto.tcl: Setting watchdog for 200 seconds at Fri May 11 17:13:39 UTC 2018
2007 ms. Memory: 208384K Free: 180946K (87%)
ptolemy.util.test.WatchDog.cancel(): canceling Fri May 11 17:13:41 UTC 2018
------------------ testing $PTII/ptolemy/domains/de/test/auto/DepthTest1.xml
auto.tcl: Setting watchdog for 200 seconds at Fri May 11 17:13:41 UTC 2018
7 ms. Memory: 208384K Free: 197888K (95%)
ptolemy.util.test.WatchDog.cancel(): canceling Fri May 11 17:13:41 UTC 2018
auto.tcl: Setting watchdog for 200 seconds at Fri May 11 17:13:41 UTC 2018
3 ms. Memory: 208384K Free: 197888K (95%)
ptolemy.util.test.WatchDog.cancel(): canceling Fri May 11 17:13:41 UTC 2018
------------------ testing $PTII/ptolemy/domains/de/test/auto/DepthTest2.xml
auto.tcl: Setting watchdog for 200 seconds at Fri May 11 17:13:41 UTC 2018
4 ms. Memory: 208384K Free: 194100K (93%)
ptolemy.util.test.WatchDog.cancel(): canceling Fri May 11 17:13:41 UTC 2018
auto.tcl: Setting watchdog for 200 seconds at Fri May 11 17:13:41 UTC 2018
2 ms. Memory: 208384K Free: 194100K (93%)
ptolemy.util.test.WatchDog.cancel(): canceling Fri May 11 17:13:41 UTC 2018
------------------ testing $PTII/ptolemy/domains/de/test/auto/DepthTest3.xml
auto.tcl: Setting watchdog for 200 seconds at Fri May 11 17:13:41 UTC 2018
8 ms. Memory: 208384K Free: 198223K (95%)
ptolemy.util.test.WatchDog.cancel(): canceling Fri May 11 17:13:41 UTC 2018
auto.tcl: Setting watchdog for 200 seconds at Fri May 11 17:13:41 UTC 2018
1 ms. Memory: 208384K Free: 198223K (95%)
ptolemy.util.test.WatchDog.cancel(): canceling Fri May 11 17:13:41 UTC 2018
------------------ testing $PTII/ptolemy/domains/de/test/auto/DepthTest4.xml
auto.tcl: Setting watchdog for 200 seconds at Fri May 11 17:13:42 UTC 2018
6 ms. Memory: 208384K Free: 196215K (94%)
ptolemy.util.test.WatchDog.cancel(): canceling Fri May 11 17:13:42 UTC 2018
auto.tcl: Setting watchdog for 200 seconds at Fri May 11 17:13:42 UTC 2018
2 ms. Memory: 208384K Free: 196215K (94%)
ptolemy.util.test.WatchDog.cancel(): canceling Fri May 11 17:13:42 UTC 2018
------------------ testing $PTII/ptolemy/domains/de/test/auto/DepthTest5.xml
auto.tcl: Setting watchdog for 200 seconds at Fri May 11 17:13:42 UTC 2018
4 ms. Memory: 208384K Free: 196500K (94%)
ptolemy.util.test.WatchDog.cancel(): canceling Fri May 11 17:13:42 UTC 2018
auto.tcl: Setting watchdog for 200 seconds at Fri May 11 17:13:42 UTC 2018
4 ms. Memory: 208384K Free: 196500K (94%)
ptolemy.util.test.WatchDog.cancel(): canceling Fri May 11 17:13:42 UTC 2018
------------------ testing $PTII/ptolemy/domains/de/test/auto/DepthTest6.xml
auto.tcl: Setting watchdog for 200 seconds at Fri May 11 17:13:42 UTC 2018
8 ms. Memory: 208384K Free: 196131K (94%)
ptolemy.util.test.WatchDog.cancel(): canceling Fri May 11 17:13:42 UTC 2018
auto.tcl: Setting watchdog for 200 seconds at Fri May 11 17:13:42 UTC 2018
3 ms. Memory: 208384K Free: 196131K (94%)
ptolemy.util.test.WatchDog.cancel(): canceling Fri May 11 17:13:42 UTC 2018
------------------ testing $PTII/ptolemy/domains/de/test/auto/DepthTest7.xml
auto.tcl: Setting watchdog for 200 seconds at Fri May 11 17:13:42 UTC 2018
2 ms. Memory: 208384K Free: 196119K (94%)
ptolemy.util.test.WatchDog.cancel(): canceling Fri May 11 17:13:42 UTC 2018
auto.tcl: Setting watchdog for 200 seconds at Fri May 11 17:13:42 UTC 2018
2 ms. Memory: 208384K Free: 196119K (94%)
ptolemy.util.test.WatchDog.cancel(): canceling Fri May 11 17:13:42 UTC 2018
------------------ testing $PTII/ptolemy/domains/de/test/auto/EventToDate.xml
auto.tcl: Setting watchdog for 200 seconds at Fri May 11 17:13:42 UTC 2018
3010 ms. Memory: 208384K Free: 185666K (89%)
ptolemy.util.test.WatchDog.cancel(): canceling Fri May 11 17:13:45 UTC 2018
auto.tcl: Setting watchdog for 200 seconds at Fri May 11 17:13:45 UTC 2018
3004 ms. Memory: 208384K Free: 185666K (89%)
ptolemy.util.test.WatchDog.cancel(): canceling Fri May 11 17:13:48 UTC 2018
------------------ testing $PTII/ptolemy/domains/de/test/auto/FSM1.xml
auto.tcl: Setting watchdog for 200 seconds at Fri May 11 17:13:48 UTC 2018
36 ms. Memory: 208384K Free: 187086K (90%)
ptolemy.util.test.WatchDog.cancel(): canceling Fri May 11 17:13:48 UTC 2018
auto.tcl: Setting watchdog for 200 seconds at Fri May 11 17:13:48 UTC 2018
40 ms. Memory: 208384K Free: 184991K (89%)
ptolemy.util.test.WatchDog.cancel(): canceling Fri May 11 17:13:48 UTC 2018
------------------ testing $PTII/ptolemy/domains/de/test/auto/FSM7.xml
auto.tcl: Setting watchdog for 200 seconds at Fri May 11 17:13:48 UTC 2018
23 ms. Memory: 208384K Free: 187289K (90%)
ptolemy.util.test.WatchDog.cancel(): canceling Fri May 11 17:13:48 UTC 2018
auto.tcl: Setting watchdog for 200 seconds at Fri May 11 17:13:48 UTC 2018
29 ms. Memory: 208384K Free: 185194K (89%)
ptolemy.util.test.WatchDog.cancel(): canceling Fri May 11 17:13:48 UTC 2018
------------------ testing $PTII/ptolemy/domains/de/test/auto/Inspection.xml
auto.tcl: Setting watchdog for 200 seconds at Fri May 11 17:13:48 UTC 2018
48 ms. Memory: 208384K Free: 188841K (91%)
ptolemy.util.test.WatchDog.cancel(): canceling Fri May 11 17:13:48 UTC 2018
auto.tcl: Setting watchdog for 200 seconds at Fri May 11 17:13:48 UTC 2018
39 ms. Memory: 208384K Free: 186745K (90%)
ptolemy.util.test.WatchDog.cancel(): canceling Fri May 11 17:13:49 UTC 2018
------------------ testing $PTII/ptolemy/domains/de/test/auto/Iteration.xml
auto.tcl: Setting watchdog for 200 seconds at Fri May 11 17:13:49 UTC 2018
15 ms. Memory: 208384K Free: 193830K (93%)
ptolemy.util.test.WatchDog.cancel(): canceling Fri May 11 17:13:49 UTC 2018
auto.tcl: Setting watchdog for 200 seconds at Fri May 11 17:13:49 UTC 2018
11 ms. Memory: 208384K Free: 193830K (93%)
ptolemy.util.test.WatchDog.cancel(): canceling Fri May 11 17:13:49 UTC 2018
------------------ testing $PTII/ptolemy/domains/de/test/auto/LineFault.xml
auto.tcl: Setting watchdog for 200 seconds at Fri May 11 17:13:49 UTC 2018
880 ms. Memory: 208384K Free: 196113K (94%)
ptolemy.util.test.WatchDog.cancel(): canceling Fri May 11 17:13:50 UTC 2018
auto.tcl: Setting watchdog for 200 seconds at Fri May 11 17:13:50 UTC 2018
812 ms. Memory: 208384K Free: 138913K (67%)
ptolemy.util.test.WatchDog.cancel(): canceling Fri May 11 17:13:51 UTC 2018
------------------ testing $PTII/ptolemy/domains/de/test/auto/MergeModel1Add.xml
auto.tcl: Setting watchdog for 200 seconds at Fri May 11 17:13:51 UTC 2018
27 ms. Memory: 331264K Free: 302449K (91%)
ptolemy.util.test.WatchDog.cancel(): canceling Fri May 11 17:13:51 UTC 2018
auto.tcl: Setting watchdog for 200 seconds at Fri May 11 17:13:51 UTC 2018
13 ms. Memory: 331264K Free: 298489K (90%)
ptolemy.util.test.WatchDog.cancel(): canceling Fri May 11 17:13:51 UTC 2018
------------------ testing $PTII/ptolemy/domains/de/test/auto/MergeModel2Add.xml
auto.tcl: Setting watchdog for 200 seconds at Fri May 11 17:13:51 UTC 2018
13 ms. Memory: 331264K Free: 303788K (92%)
ptolemy.util.test.WatchDog.cancel(): canceling Fri May 11 17:13:51 UTC 2018
auto.tcl: Setting watchdog for 200 seconds at Fri May 11 17:13:51 UTC 2018
15 ms. Memory: 331264K Free: 299827K (91%)
ptolemy.util.test.WatchDog.cancel(): canceling Fri May 11 17:13:51 UTC 2018
------------------ testing $PTII/ptolemy/domains/de/test/auto/MergeModel3Add.xml
auto.tcl: Setting watchdog for 200 seconds at Fri May 11 17:13:51 UTC 2018
10 ms. Memory: 331264K Free: 303798K (92%)
ptolemy.util.test.WatchDog.cancel(): canceling Fri May 11 17:13:51 UTC 2018
auto.tcl: Setting watchdog for 200 seconds at Fri May 11 17:13:51 UTC 2018
9 ms. Memory: 331264K Free: 299837K (91%)
ptolemy.util.test.WatchDog.cancel(): canceling Fri May 11 17:13:51 UTC 2018
------------------ testing $PTII/ptolemy/domains/de/test/auto/MergeWithoutDiscard.xml
auto.tcl: Setting watchdog for 200 seconds at Fri May 11 17:13:51 UTC 2018
5 ms. Memory: 331264K Free: 319924K (97%)
ptolemy.util.test.WatchDog.cancel(): canceling Fri May 11 17:13:51 UTC 2018
auto.tcl: Setting watchdog for 200 seconds at Fri May 11 17:13:51 UTC 2018
1 ms. Memory: 331264K Free: 315963K (95%)
ptolemy.util.test.WatchDog.cancel(): canceling Fri May 11 17:13:51 UTC 2018
------------------ testing $PTII/ptolemy/domains/de/test/auto/Modal1.xml
auto.tcl: Setting watchdog for 200 seconds at Fri May 11 17:13:51 UTC 2018
17 ms. Memory: 331264K Free: 309557K (93%)
ptolemy.util.test.WatchDog.cancel(): canceling Fri May 11 17:13:51 UTC 2018
auto.tcl: Setting watchdog for 200 seconds at Fri May 11 17:13:51 UTC 2018
14 ms. Memory: 331264K Free: 305596K (92%)
ptolemy.util.test.WatchDog.cancel(): canceling Fri May 11 17:13:51 UTC 2018
------------------ testing $PTII/ptolemy/domains/de/test/auto/Modal2.xml
auto.tcl: Setting watchdog for 200 seconds at Fri May 11 17:13:51 UTC 2018
19 ms. Memory: 331264K Free: 309432K (93%)
ptolemy.util.test.WatchDog.cancel(): canceling Fri May 11 17:13:52 UTC 2018
auto.tcl: Setting watchdog for 200 seconds at Fri May 11 17:13:52 UTC 2018
20 ms. Memory: 331264K Free: 305471K (92%)
ptolemy.util.test.WatchDog.cancel(): canceling Fri May 11 17:13:52 UTC 2018
------------------ testing $PTII/ptolemy/domains/de/test/auto/Modal3.xml
auto.tcl: Setting watchdog for 200 seconds at Fri May 11 17:13:52 UTC 2018
17 ms. Memory: 331264K Free: 309430K (93%)
ptolemy.util.test.WatchDog.cancel(): canceling Fri May 11 17:13:52 UTC 2018
auto.tcl: Setting watchdog for 200 seconds at Fri May 11 17:13:52 UTC 2018
17 ms. Memory: 331264K Free: 305469K (92%)
ptolemy.util.test.WatchDog.cancel(): canceling Fri May 11 17:13:52 UTC 2018
------------------ testing $PTII/ptolemy/domains/de/test/auto/Modal4.xml
auto.tcl: Setting watchdog for 200 seconds at Fri May 11 17:13:52 UTC 2018
14 ms. Memory: 331264K Free: 309729K (93%)
ptolemy.util.test.WatchDog.cancel(): canceling Fri May 11 17:13:52 UTC 2018
auto.tcl: Setting watchdog for 200 seconds at Fri May 11 17:13:52 UTC 2018
23 ms. Memory: 331264K Free: 305482K (92%)
ptolemy.util.test.WatchDog.cancel(): canceling Fri May 11 17:13:52 UTC 2018
------------------ testing $PTII/ptolemy/domains/de/test/auto/Modal5.xml
auto.tcl: Setting watchdog for 200 seconds at Fri May 11 17:13:52 UTC 2018
19 ms. Memory: 331264K Free: 304515K (92%)
ptolemy.util.test.WatchDog.cancel(): canceling Fri May 11 17:13:52 UTC 2018
auto.tcl: Setting watchdog for 200 seconds at Fri May 11 17:13:52 UTC 2018
17 ms. Memory: 331264K Free: 300554K (91%)
ptolemy.util.test.WatchDog.cancel(): canceling Fri May 11 17:13:52 UTC 2018
------------------ testing $PTII/ptolemy/domains/de/test/auto/Modal6.xml
auto.tcl: Setting watchdog for 200 seconds at Fri May 11 17:13:52 UTC 2018
19 ms. Memory: 331264K Free: 309427K (93%)
ptolemy.util.test.WatchDog.cancel(): canceling Fri May 11 17:13:52 UTC 2018
auto.tcl: Setting watchdog for 200 seconds at Fri May 11 17:13:52 UTC 2018
21 ms. Memory: 331264K Free: 305466K (92%)
ptolemy.util.test.WatchDog.cancel(): canceling Fri May 11 17:13:52 UTC 2018
------------------ testing $PTII/ptolemy/domains/de/test/auto/Modal7.xml
auto.tcl: Setting watchdog for 200 seconds at Fri May 11 17:13:52 UTC 2018
20 ms. Memory: 331264K Free: 309427K (93%)
ptolemy.util.test.WatchDog.cancel(): canceling Fri May 11 17:13:52 UTC 2018
auto.tcl: Setting watchdog for 200 seconds at Fri May 11 17:13:52 UTC 2018
19 ms. Memory: 331264K Free: 305466K (92%)
ptolemy.util.test.WatchDog.cancel(): canceling Fri May 11 17:13:52 UTC 2018
------------------ testing $PTII/ptolemy/domains/de/test/auto/ModalModel.xml
auto.tcl: Setting watchdog for 200 seconds at Fri May 11 17:13:52 UTC 2018
217 ms. Memory: 331264K Free: 245902K (74%)
ptolemy.util.test.WatchDog.cancel(): canceling Fri May 11 17:13:53 UTC 2018
auto.tcl: Setting watchdog for 200 seconds at Fri May 11 17:13:53 UTC 2018
235 ms. Memory: 331264K Free: 190402K (57%)
ptolemy.util.test.WatchDog.cancel(): canceling Fri May 11 17:13:53 UTC 2018
------------------ testing $PTII/ptolemy/domains/de/test/auto/ModalSource.xml
auto.tcl: Setting watchdog for 200 seconds at Fri May 11 17:13:53 UTC 2018
12 ms. Memory: 331264K Free: 315968K (95%)
ptolemy.util.test.WatchDog.cancel(): canceling Fri May 11 17:13:53 UTC 2018
auto.tcl: Setting watchdog for 200 seconds at Fri May 11 17:13:53 UTC 2018
7 ms. Memory: 331264K Free: 312443K (94%)
ptolemy.util.test.WatchDog.cancel(): canceling Fri May 11 17:13:53 UTC 2018
------------------ testing $PTII/ptolemy/domains/de/test/auto/NonInterruptibleTimerZeroDelay.xml
auto.tcl: Setting watchdog for 200 seconds at Fri May 11 17:13:53 UTC 2018
4 ms. Memory: 331264K Free: 320347K (97%)
ptolemy.util.test.WatchDog.cancel(): canceling Fri May 11 17:13:53 UTC 2018
auto.tcl: Setting watchdog for 200 seconds at Fri May 11 17:13:53 UTC 2018
3 ms. Memory: 331264K Free: 316805K (96%)
ptolemy.util.test.WatchDog.cancel(): canceling Fri May 11 17:13:53 UTC 2018
------------------ testing $PTII/ptolemy/domains/de/test/auto/OpenQueueingNetwork.xml
auto.tcl: Setting watchdog for 200 seconds at Fri May 11 17:13:53 UTC 2018
3544 ms. Memory: 573952K Free: 413111K (72%)
ptolemy.util.test.WatchDog.cancel(): canceling Fri May 11 17:13:57 UTC 2018
auto.tcl: Setting watchdog for 200 seconds at Fri May 11 17:13:57 UTC 2018
2839 ms. Memory: 550912K Free: 316413K (57%)
ptolemy.util.test.WatchDog.cancel(): canceling Fri May 11 17:13:59 UTC 2018
------------------ testing $PTII/ptolemy/domains/de/test/auto/OpenQueuingNetwork.xml
auto.tcl: Setting watchdog for 200 seconds at Fri May 11 17:14:00 UTC 2018
286 ms. Memory: 549888K Free: 445194K (81%)
ptolemy.util.test.WatchDog.cancel(): canceling Fri May 11 17:14:00 UTC 2018
auto.tcl: Setting watchdog for 200 seconds at Fri May 11 17:14:00 UTC 2018
255 ms. Memory: 549888K Free: 385551K (70%)
ptolemy.util.test.WatchDog.cancel(): canceling Fri May 11 17:14:00 UTC 2018
------------------ testing $PTII/ptolemy/domains/de/test/auto/PeriodicSampler.xml
auto.tcl: Setting watchdog for 200 seconds at Fri May 11 17:14:00 UTC 2018
2 ms. Memory: 551936K Free: 531607K (96%)
ptolemy.util.test.WatchDog.cancel(): canceling Fri May 11 17:14:00 UTC 2018
auto.tcl: Setting watchdog for 200 seconds at Fri May 11 17:14:00 UTC 2018
2 ms. Memory: 551936K Free: 531607K (96%)
ptolemy.util.test.WatchDog.cancel(): canceling Fri May 11 17:14:00 UTC 2018
------------------ testing $PTII/ptolemy/domains/de/test/auto/PersistentIO.xml
auto.tcl: Setting watchdog for 200 seconds at Fri May 11 17:14:00 UTC 2018
5 ms. Memory: 549376K Free: 524225K (95%)
ptolemy.util.test.WatchDog.cancel(): canceling Fri May 11 17:14:00 UTC 2018
auto.tcl: Setting watchdog for 200 seconds at Fri May 11 17:14:00 UTC 2018
5 ms. Memory: 549376K Free: 524225K (95%)
ptolemy.util.test.WatchDog.cancel(): canceling Fri May 11 17:14:00 UTC 2018
------------------ testing $PTII/ptolemy/domains/de/test/auto/PortParameterResetOnInitialize.xml
auto.tcl: Setting watchdog for 200 seconds at Fri May 11 17:14:00 UTC 2018
4 ms. Memory: 551424K Free: 531327K (96%)
ptolemy.util.test.WatchDog.cancel(): canceling Fri May 11 17:14:00 UTC 2018
auto.tcl: Setting watchdog for 200 seconds at Fri May 11 17:14:00 UTC 2018
3 ms. Memory: 551424K Free: 531327K (96%)
ptolemy.util.test.WatchDog.cancel(): canceling Fri May 11 17:14:00 UTC 2018
------------------ testing $PTII/ptolemy/domains/de/test/auto/PortParameterUpdates.xml
auto.tcl: Setting watchdog for 200 seconds at Fri May 11 17:14:00 UTC 2018
5 ms. Memory: 549376K Free: 523983K (95%)
ptolemy.util.test.WatchDog.cancel(): canceling Fri May 11 17:14:00 UTC 2018
auto.tcl: Setting watchdog for 200 seconds at Fri May 11 17:14:00 UTC 2018
3 ms. Memory: 549376K Free: 523983K (95%)
ptolemy.util.test.WatchDog.cancel(): canceling Fri May 11 17:14:01 UTC 2018
------------------ testing $PTII/ptolemy/domains/de/test/auto/QueueAndServer.xml
auto.tcl: Setting watchdog for 200 seconds at Fri May 11 17:14:01 UTC 2018
7 ms. Memory: 551424K Free: 530682K (96%)
ptolemy.util.test.WatchDog.cancel(): canceling Fri May 11 17:14:01 UTC 2018
auto.tcl: Setting watchdog for 200 seconds at Fri May 11 17:14:01 UTC 2018
6 ms. Memory: 551424K Free: 530682K (96%)
ptolemy.util.test.WatchDog.cancel(): canceling Fri May 11 17:14:01 UTC 2018
------------------ testing $PTII/ptolemy/domains/de/test/auto/Records.xml
auto.tcl: Setting watchdog for 200 seconds at Fri May 11 17:14:01 UTC 2018
4 ms. Memory: 549376K Free: 533997K (97%)
ptolemy.util.test.WatchDog.cancel(): canceling Fri May 11 17:14:01 UTC 2018
auto.tcl: Setting watchdog for 200 seconds at Fri May 11 17:14:01 UTC 2018
2 ms. Memory: 549376K Free: 528575K (96%)
ptolemy.util.test.WatchDog.cancel(): canceling Fri May 11 17:14:01 UTC 2018
------------------ testing $PTII/ptolemy/domains/de/test/auto/ResetTransitionWithStartTime1.xml
auto.tcl: Setting watchdog for 200 seconds at Fri May 11 17:14:01 UTC 2018
7 ms. Memory: 551424K Free: 530879K (96%)
ptolemy.util.test.WatchDog.cancel(): canceling Fri May 11 17:14:01 UTC 2018
auto.tcl: Setting watchdog for 200 seconds at Fri May 11 17:14:01 UTC 2018
6 ms. Memory: 551424K Free: 530649K (96%)
ptolemy.util.test.WatchDog.cancel(): canceling Fri May 11 17:14:01 UTC 2018
------------------ testing $PTII/ptolemy/domains/de/test/auto/ResetTransitionWithStartTime2.xml
auto.tcl: Setting watchdog for 200 seconds at Fri May 11 17:14:01 UTC 2018
6 ms. Memory: 549376K Free: 528805K (96%)
ptolemy.util.test.WatchDog.cancel(): canceling Fri May 11 17:14:01 UTC 2018
auto.tcl: Setting watchdog for 200 seconds at Fri May 11 17:14:01 UTC 2018
7 ms. Memory: 549376K Free: 528805K (96%)
ptolemy.util.test.WatchDog.cancel(): canceling Fri May 11 17:14:01 UTC 2018
------------------ testing $PTII/ptolemy/domains/de/test/auto/ResetTransitionWithStartTime3.xml
auto.tcl: Setting watchdog for 200 seconds at Fri May 11 17:14:01 UTC 2018
7 ms. Memory: 550912K Free: 530110K (96%)
ptolemy.util.test.WatchDog.cancel(): canceling Fri May 11 17:14:01 UTC 2018
auto.tcl: Setting watchdog for 200 seconds at Fri May 11 17:14:01 UTC 2018
9 ms. Memory: 550912K Free: 530110K (96%)
ptolemy.util.test.WatchDog.cancel(): canceling Fri May 11 17:14:01 UTC 2018
------------------ testing $PTII/ptolemy/domains/de/test/auto/ResetTransitionWithStartTime4.xml
auto.tcl: Setting watchdog for 200 seconds at Fri May 11 17:14:01 UTC 2018
5 ms. Memory: 549376K Free: 528588K (96%)
ptolemy.util.test.WatchDog.cancel(): canceling Fri May 11 17:14:01 UTC 2018
auto.tcl: Setting watchdog for 200 seconds at Fri May 11 17:14:01 UTC 2018
3 ms. Memory: 549376K Free: 528588K (96%)
ptolemy.util.test.WatchDog.cancel(): canceling Fri May 11 17:14:01 UTC 2018
------------------ testing $PTII/ptolemy/domains/de/test/auto/ResettableTimer1.xml
auto.tcl: Setting watchdog for 200 seconds at Fri May 11 17:14:01 UTC 2018
6 ms. Memory: 550912K Free: 535540K (97%)
ptolemy.util.test.WatchDog.cancel(): canceling Fri May 11 17:14:01 UTC 2018
auto.tcl: Setting watchdog for 200 seconds at Fri May 11 17:14:01 UTC 2018
2 ms. Memory: 550912K Free: 535540K (97%)
ptolemy.util.test.WatchDog.cancel(): canceling Fri May 11 17:14:01 UTC 2018
------------------ testing $PTII/ptolemy/domains/de/test/auto/ResettableTimer2.xml
auto.tcl: Setting watchdog for 200 seconds at Fri May 11 17:14:01 UTC 2018
3 ms. Memory: 549376K Free: 534290K (97%)
ptolemy.util.test.WatchDog.cancel(): canceling Fri May 11 17:14:01 UTC 2018
auto.tcl: Setting watchdog for 200 seconds at Fri May 11 17:14:01 UTC 2018
3 ms. Memory: 549376K Free: 534290K (97%)
ptolemy.util.test.WatchDog.cancel(): canceling Fri May 11 17:14:01 UTC 2018
------------------ testing $PTII/ptolemy/domains/de/test/auto/ResettableTimer3.xml
auto.tcl: Setting watchdog for 200 seconds at Fri May 11 17:14:01 UTC 2018
3 ms. Memory: 550912K Free: 535596K (97%)
ptolemy.util.test.WatchDog.cancel(): canceling Fri May 11 17:14:01 UTC 2018
auto.tcl: Setting watchdog for 200 seconds at Fri May 11 17:14:01 UTC 2018
1 ms. Memory: 550912K Free: 535596K (97%)
ptolemy.util.test.WatchDog.cancel(): canceling Fri May 11 17:14:01 UTC 2018
------------------ testing $PTII/ptolemy/domains/de/test/auto/ResettableTimer4.xml
auto.tcl: Setting watchdog for 200 seconds at Fri May 11 17:14:01 UTC 2018
2 ms. Memory: 549376K Free: 534303K (97%)
ptolemy.util.test.WatchDog.cancel(): canceling Fri May 11 17:14:01 UTC 2018
auto.tcl: Setting watchdog for 200 seconds at Fri May 11 17:14:01 UTC 2018
2 ms. Memory: 549376K Free: 534303K (97%)
ptolemy.util.test.WatchDog.cancel(): canceling Fri May 11 17:14:01 UTC 2018
------------------ testing $PTII/ptolemy/domains/de/test/auto/ResettableTimer5.xml
auto.tcl: Setting watchdog for 200 seconds at Fri May 11 17:14:01 UTC 2018
2 ms. Memory: 550400K Free: 530645K (96%)
ptolemy.util.test.WatchDog.cancel(): canceling Fri May 11 17:14:01 UTC 2018
auto.tcl: Setting watchdog for 200 seconds at Fri May 11 17:14:01 UTC 2018
1 ms. Memory: 550400K Free: 530645K (96%)
ptolemy.util.test.WatchDog.cancel(): canceling Fri May 11 17:14:01 UTC 2018
------------------ testing $PTII/ptolemy/domains/de/test/auto/ResettableTimer6.xml
auto.tcl: Setting watchdog for 200 seconds at Fri May 11 17:14:01 UTC 2018
2 ms. Memory: 549376K Free: 529341K (96%)
ptolemy.util.test.WatchDog.cancel(): canceling Fri May 11 17:14:01 UTC 2018
auto.tcl: Setting watchdog for 200 seconds at Fri May 11 17:14:01 UTC 2018
1 ms. Memory: 549376K Free: 529341K (96%)
ptolemy.util.test.WatchDog.cancel(): canceling Fri May 11 17:14:01 UTC 2018
------------------ testing $PTII/ptolemy/domains/de/test/auto/ServerZeroDelay.xml
auto.tcl: Setting watchdog for 200 seconds at Fri May 11 17:14:01 UTC 2018
3 ms. Memory: 550400K Free: 535265K (97%)
ptolemy.util.test.WatchDog.cancel(): canceling Fri May 11 17:14:01 UTC 2018
auto.tcl: Setting watchdog for 200 seconds at Fri May 11 17:14:01 UTC 2018
3 ms. Memory: 550400K Free: 535265K (97%)
ptolemy.util.test.WatchDog.cancel(): canceling Fri May 11 17:14:01 UTC 2018
------------------ testing $PTII/ptolemy/domains/de/test/auto/SmartSender.xml
auto.tcl: Setting watchdog for 200 seconds at Fri May 11 17:14:01 UTC 2018
3001 ms. Memory: 549376K Free: 529556K (96%)
ptolemy.util.test.WatchDog.cancel(): canceling Fri May 11 17:14:04 UTC 2018
auto.tcl: Setting watchdog for 200 seconds at Fri May 11 17:14:04 UTC 2018
3002 ms. Memory: 549376K Free: 529556K (96%)
ptolemy.util.test.WatchDog.cancel(): canceling Fri May 11 17:14:07 UTC 2018
------------------ testing $PTII/ptolemy/domains/de/test/auto/ThreadedComposite.xml
auto.tcl: Setting watchdog for 200 seconds at Fri May 11 17:14:08 UTC 2018
238 ms. Memory: 550400K Free: 510143K (93%)
ptolemy.util.test.WatchDog.cancel(): canceling Fri May 11 17:14:08 UTC 2018
auto.tcl: Setting watchdog for 200 seconds at Fri May 11 17:14:08 UTC 2018
224 ms. Memory: 550400K Free: 495362K (90%)
ptolemy.util.test.WatchDog.cancel(): canceling Fri May 11 17:14:08 UTC 2018
------------------ testing $PTII/ptolemy/domains/de/test/auto/Time.xml
auto.tcl: Setting watchdog for 200 seconds at Fri May 11 17:14:08 UTC 2018
578 ms. Memory: 549376K Free: 486932K (89%)
ptolemy.util.test.WatchDog.cancel(): canceling Fri May 11 17:14:09 UTC 2018
auto.tcl: Setting watchdog for 200 seconds at Fri May 11 17:14:09 UTC 2018
519 ms. Memory: 549376K Free: 432712K (79%)
ptolemy.util.test.WatchDog.cancel(): canceling Fri May 11 17:14:09 UTC 2018
------------------ testing $PTII/ptolemy/domains/de/test/auto/TimeDelayZeroDelay.xml
auto.tcl: Setting watchdog for 200 seconds at Fri May 11 17:14:09 UTC 2018
3 ms. Memory: 550400K Free: 534951K (97%)
ptolemy.util.test.WatchDog.cancel(): canceling Fri May 11 17:14:09 UTC 2018
auto.tcl: Setting watchdog for 200 seconds at Fri May 11 17:14:09 UTC 2018
2 ms. Memory: 550400K Free: 534951K (97%)
ptolemy.util.test.WatchDog.cancel(): canceling Fri May 11 17:14:09 UTC 2018
------------------ testing $PTII/ptolemy/domains/de/test/auto/TimerZeroDelay.xml
auto.tcl: Setting watchdog for 200 seconds at Fri May 11 17:14:09 UTC 2018
3 ms. Memory: 549376K Free: 534200K (97%)
ptolemy.util.test.WatchDog.cancel(): canceling Fri May 11 17:14:09 UTC 2018
auto.tcl: Setting watchdog for 200 seconds at Fri May 11 17:14:09 UTC 2018
2 ms. Memory: 549376K Free: 534200K (97%)
ptolemy.util.test.WatchDog.cancel(): canceling Fri May 11 17:14:09 UTC 2018
------------------ testing $PTII/ptolemy/domains/de/test/auto/TimingParadox.xml
auto.tcl: Setting watchdog for 200 seconds at Fri May 11 17:14:09 UTC 2018
412 ms. Memory: 549888K Free: 469176K (85%)
ptolemy.util.test.WatchDog.cancel(): canceling Fri May 11 17:14:10 UTC 2018
auto.tcl: Setting watchdog for 200 seconds at Fri May 11 17:14:10 UTC 2018
390 ms. Memory: 549888K Free: 436644K (79%)
ptolemy.util.test.WatchDog.cancel(): canceling Fri May 11 17:14:10 UTC 2018
------------------ testing $PTII/ptolemy/domains/de/test/auto/TransferInputs.xml
auto.tcl: Setting watchdog for 200 seconds at Fri May 11 17:14:10 UTC 2018
2 ms. Memory: 549888K Free: 533616K (97%)
ptolemy.util.test.WatchDog.cancel(): canceling Fri May 11 17:14:10 UTC 2018
auto.tcl: Setting watchdog for 200 seconds at Fri May 11 17:14:10 UTC 2018
2 ms. Memory: 549888K Free: 533616K (97%)
ptolemy.util.test.WatchDog.cancel(): canceling Fri May 11 17:14:10 UTC 2018
------------------ testing $PTII/ptolemy/domains/de/test/auto/TransferOutputs2.xml
auto.tcl: Setting watchdog for 200 seconds at Fri May 11 17:14:11 UTC 2018
3 ms. Memory: 549376K Free: 524096K (95%)
ptolemy.util.test.WatchDog.cancel(): canceling Fri May 11 17:14:11 UTC 2018
auto.tcl: Setting watchdog for 200 seconds at Fri May 11 17:14:11 UTC 2018
3 ms. Memory: 549376K Free: 524096K (95%)
ptolemy.util.test.WatchDog.cancel(): canceling Fri May 11 17:14:11 UTC 2018
------------------ testing $PTII/ptolemy/domains/de/test/auto/Trilateration.xml
auto.tcl: Setting watchdog for 200 seconds at Fri May 11 17:14:11 UTC 2018
12866 ms. Memory: 453632K Free: 145284K (32%)
ptolemy.util.test.WatchDog.cancel(): canceling Fri May 11 17:14:25 UTC 2018
auto.tcl: Setting watchdog for 200 seconds at Fri May 11 17:14:25 UTC 2018
10629 ms. Memory: 331264K Free: 259897K (78%)
ptolemy.util.test.WatchDog.cancel(): canceling Fri May 11 17:14:35 UTC 2018
------------------ testing $PTII/ptolemy/domains/de/test/auto/TwoSigmaDelta.xml
auto.tcl: Setting watchdog for 200 seconds at Fri May 11 17:14:36 UTC 2018
2967 ms. Memory: 320000K Free: 275302K (86%)
ptolemy.util.test.WatchDog.cancel(): canceling Fri May 11 17:14:39 UTC 2018
auto.tcl: Setting watchdog for 200 seconds at Fri May 11 17:14:39 UTC 2018
2256 ms. Memory: 307712K Free: 269734K (88%)
ptolemy.util.test.WatchDog.cancel(): canceling Fri May 11 17:14:41 UTC 2018
------------------ testing $PTII/ptolemy/domains/de/test/auto/VariableDelay.xml
auto.tcl: Setting watchdog for 200 seconds at Fri May 11 17:14:41 UTC 2018
3 ms. Memory: 309760K Free: 292840K (95%)
ptolemy.util.test.WatchDog.cancel(): canceling Fri May 11 17:14:41 UTC 2018
auto.tcl: Setting watchdog for 200 seconds at Fri May 11 17:14:41 UTC 2018
2 ms. Memory: 309760K Free: 292840K (95%)
ptolemy.util.test.WatchDog.cancel(): canceling Fri May 11 17:14:41 UTC 2018
------------------ testing $PTII/ptolemy/domains/de/test/auto/VariableDelay2.xml
auto.tcl: Setting watchdog for 200 seconds at Fri May 11 17:14:41 UTC 2018
2 ms. Memory: 307712K Free: 293469K (95%)
ptolemy.util.test.WatchDog.cancel(): canceling Fri May 11 17:14:41 UTC 2018
auto.tcl: Setting watchdog for 200 seconds at Fri May 11 17:14:41 UTC 2018
2 ms. Memory: 307712K Free: 293469K (95%)
ptolemy.util.test.WatchDog.cancel(): canceling Fri May 11 17:14:41 UTC 2018
------------------ testing $PTII/ptolemy/domains/de/test/auto/VariableDelayZeroDelay.xml
auto.tcl: Setting watchdog for 200 seconds at Fri May 11 17:14:41 UTC 2018
2 ms. Memory: 309248K Free: 296135K (96%)
ptolemy.util.test.WatchDog.cancel(): canceling Fri May 11 17:14:41 UTC 2018
auto.tcl: Setting watchdog for 200 seconds at Fri May 11 17:14:41 UTC 2018
2 ms. Memory: 309248K Free: 292742K (95%)
ptolemy.util.test.WatchDog.cancel(): canceling Fri May 11 17:14:41 UTC 2018
------------------ testing $PTII/ptolemy/domains/de/test/auto/VariableDelayZeroDelay2.xml
auto.tcl: Setting watchdog for 200 seconds at Fri May 11 17:14:41 UTC 2018
2 ms. Memory: 307712K Free: 294597K (96%)
ptolemy.util.test.WatchDog.cancel(): canceling Fri May 11 17:14:41 UTC 2018
auto.tcl: Setting watchdog for 200 seconds at Fri May 11 17:14:41 UTC 2018
3 ms. Memory: 307712K Free: 291219K (95%)
ptolemy.util.test.WatchDog.cancel(): canceling Fri May 11 17:14:41 UTC 2018
------------------ testing $PTII/ptolemy/domains/de/test/auto/deInCt.xml
auto.tcl: Setting watchdog for 200 seconds at Fri May 11 17:14:41 UTC 2018
0
1
1
1
1
0
0
0
1
1
1
0
0
0
1
1
1
0
0
0
1
1
1
1
1
0
0
0
1
1
1
0
0
1
1
1
1
0
0
0
0
14 ms. Memory: 309248K Free: 292728K (95%)
ptolemy.util.test.WatchDog.cancel(): canceling Fri May 11 17:14:41 UTC 2018
auto.tcl: Setting watchdog for 200 seconds at Fri May 11 17:14:41 UTC 2018
0
1
1
1
1
1
0
0
0
1
1
1
0
0
0
1
1
1
1
0
0
1
1
1
0
0
0
1
1
1
1
1
7 ms. Memory: 309248K Free: 292728K (95%)
ptolemy.util.test.WatchDog.cancel(): canceling Fri May 11 17:14:41 UTC 2018
------------------ testing $PTII/ptolemy/domains/de/test/auto/deInCt2.xml
auto.tcl: Setting watchdog for 200 seconds at Fri May 11 17:14:41 UTC 2018
0
1
1
1
0
0
1
1
1
0
0
1
1
1
0
0
1
1
1
0
0
1
1
1
0
0
1
1
1
0
0
1
1
1
0
0
1
1
1
0
0
0
10 ms. Memory: 307712K Free: 291201K (95%)
ptolemy.util.test.WatchDog.cancel(): canceling Fri May 11 17:14:41 UTC 2018
auto.tcl: Setting watchdog for 200 seconds at Fri May 11 17:14:41 UTC 2018
0
1
1
1
0
0
1
1
1
0
0
1
1
1
0
0
1
1
1
0
0
1
1
1
0
0
1
1
1
0
0
1
1
1
0
0
1
1
1
0
0
0
11 ms. Memory: 307712K Free: 291201K (95%)
ptolemy.util.test.WatchDog.cancel(): canceling Fri May 11 17:14:41 UTC 2018
------------------ testing $PTII/ptolemy/domains/de/test/auto/dynamicCausalityInterface1.xml
auto.tcl: Setting watchdog for 200 seconds at Fri May 11 17:14:42 UTC 2018
2 ms. Memory: 308736K Free: 288843K (94%)
ptolemy.util.test.WatchDog.cancel(): canceling Fri May 11 17:14:42 UTC 2018
auto.tcl: Setting watchdog for 200 seconds at Fri May 11 17:14:42 UTC 2018
0 ms. Memory: 308736K Free: 288843K (94%)
ptolemy.util.test.WatchDog.cancel(): canceling Fri May 11 17:14:42 UTC 2018
------------------ testing $PTII/ptolemy/domains/de/test/auto/fsm_de_test.xml
auto.tcl: Setting watchdog for 200 seconds at Fri May 11 17:14:42 UTC 2018
6 ms. Memory: 307712K Free: 287714K (94%)
ptolemy.util.test.WatchDog.cancel(): canceling Fri May 11 17:14:42 UTC 2018
auto.tcl: Setting watchdog for 200 seconds at Fri May 11 17:14:42 UTC 2018
5 ms. Memory: 307712K Free: 287714K (94%)
ptolemy.util.test.WatchDog.cancel(): canceling Fri May 11 17:14:42 UTC 2018
------------------ testing $PTII/ptolemy/domains/de/test/auto/functionDependencyReconstruction.xml
auto.tcl: Setting watchdog for 200 seconds at Fri May 11 17:14:42 UTC 2018
3 ms. Memory: 308736K Free: 281966K (91%)
ptolemy.util.test.WatchDog.cancel(): canceling Fri May 11 17:14:42 UTC 2018
auto.tcl: Setting watchdog for 200 seconds at Fri May 11 17:14:42 UTC 2018
3 ms. Memory: 308736K Free: 278572K (90%)
ptolemy.util.test.WatchDog.cancel(): canceling Fri May 11 17:14:42 UTC 2018
------------------ testing $PTII/ptolemy/domains/de/test/auto/multirate.xml
auto.tcl: Setting watchdog for 200 seconds at Fri May 11 17:14:42 UTC 2018
6 ms. Memory: 307712K Free: 290974K (95%)
ptolemy.util.test.WatchDog.cancel(): canceling Fri May 11 17:14:42 UTC 2018
auto.tcl: Setting watchdog for 200 seconds at Fri May 11 17:14:42 UTC 2018
3 ms. Memory: 307712K Free: 287580K (93%)
ptolemy.util.test.WatchDog.cancel(): canceling Fri May 11 17:14:42 UTC 2018
------------------ testing $PTII/ptolemy/domains/de/test/auto/multirate2.xml
auto.tcl: Setting watchdog for 200 seconds at Fri May 11 17:14:42 UTC 2018
2 ms. Memory: 308736K Free: 292170K (95%)
ptolemy.util.test.WatchDog.cancel(): canceling Fri May 11 17:14:42 UTC 2018
auto.tcl: Setting watchdog for 200 seconds at Fri May 11 17:14:42 UTC 2018
3 ms. Memory: 308736K Free: 288793K (94%)
ptolemy.util.test.WatchDog.cancel(): canceling Fri May 11 17:14:42 UTC 2018
------------------ testing $PTII/ptolemy/domains/de/test/auto/realtime.xml
auto.tcl: Setting watchdog for 200 seconds at Fri May 11 17:14:42 UTC 2018
10001 ms. Memory: 307712K Free: 291137K (95%)
ptolemy.util.test.WatchDog.cancel(): canceling Fri May 11 17:14:52 UTC 2018
auto.tcl: Setting watchdog for 200 seconds at Fri May 11 17:14:52 UTC 2018
10001 ms. Memory: 307712K Free: 291137K (95%)
ptolemy.util.test.WatchDog.cancel(): canceling Fri May 11 17:15:02 UTC 2018
------------------ testing $PTII/ptolemy/domains/de/test/auto/relationGroup.xml
auto.tcl: Setting watchdog for 200 seconds at Fri May 11 17:15:02 UTC 2018
6 ms. Memory: 308224K Free: 295077K (96%)
ptolemy.util.test.WatchDog.cancel(): canceling Fri May 11 17:15:02 UTC 2018
auto.tcl: Setting watchdog for 200 seconds at Fri May 11 17:15:02 UTC 2018
1 ms. Memory: 308224K Free: 295077K (96%)
ptolemy.util.test.WatchDog.cancel(): canceling Fri May 11 17:15:02 UTC 2018
------------------ testing $PTII/ptolemy/domains/de/test/auto/relationGroup2.xml
auto.tcl: Setting watchdog for 200 seconds at Fri May 11 17:15:02 UTC 2018
1 ms. Memory: 307712K Free: 294592K (96%)
ptolemy.util.test.WatchDog.cancel(): canceling Fri May 11 17:15:02 UTC 2018
auto.tcl: Setting watchdog for 200 seconds at Fri May 11 17:15:02 UTC 2018
1 ms. Memory: 307712K Free: 294592K (96%)
ptolemy.util.test.WatchDog.cancel(): canceling Fri May 11 17:15:02 UTC 2018
------------------ testing $PTII/ptolemy/domains/de/test/auto/sortWithOpaquePorts.xml
auto.tcl: Setting watchdog for 200 seconds at Fri May 11 17:15:02 UTC 2018
1 ms. Memory: 308224K Free: 291711K (95%)
ptolemy.util.test.WatchDog.cancel(): canceling Fri May 11 17:15:02 UTC 2018
auto.tcl: Setting watchdog for 200 seconds at Fri May 11 17:15:02 UTC 2018
1 ms. Memory: 308224K Free: 291711K (95%)
ptolemy.util.test.WatchDog.cancel(): canceling Fri May 11 17:15:02 UTC 2018
------------------ testing $PTII/ptolemy/domains/de/test/auto/transferInputsandOutputs.xml
auto.tcl: Setting watchdog for 200 seconds at Fri May 11 17:15:02 UTC 2018
2 ms. Memory: 307712K Free: 291186K (95%)
ptolemy.util.test.WatchDog.cancel(): canceling Fri May 11 17:15:02 UTC 2018
auto.tcl: Setting watchdog for 200 seconds at Fri May 11 17:15:02 UTC 2018
2 ms. Memory: 307712K Free: 287793K (94%)
ptolemy.util.test.WatchDog.cancel(): canceling Fri May 11 17:15:02 UTC 2018
------------------ testing $PTII/ptolemy/domains/de/test/auto/triggerType.xml
auto.tcl: Setting watchdog for 200 seconds at Fri May 11 17:15:02 UTC 2018
2 ms. Memory: 308224K Free: 295043K (96%)
ptolemy.util.test.WatchDog.cancel(): canceling Fri May 11 17:15:02 UTC 2018
auto.tcl: Setting watchdog for 200 seconds at Fri May 11 17:15:02 UTC 2018
1 ms. Memory: 308224K Free: 291649K (95%)
ptolemy.util.test.WatchDog.cancel(): canceling Fri May 11 17:15:02 UTC 2018
05/11/18 05:15:02
Failed: 0  Total Tests: 192  ((Passed: 187, Newly Passed: 1)  Known Failed: 5) /home/travis/build/icyphy/ptII/ptolemy/domains/de/test
05/11/18 05:15:02
Failed: 0  Total Tests: 192  ((Passed: 187, Newly Passed: 1)  Known Failed: 5) /home/travis/build/icyphy/ptII/ptolemy/domains/de/test
----------------- testing (KnownFailure) /home/travis/build/icyphy/ptII/ptolemy/domains/de/test/auto/knownFailedTests/DESDFClockTest.xml
2009 ms. Memory: 307712K Free: 285508K (93%)
Known Failure: java.lang.reflect.InvocationTargetException
----------------- testing (KnownFailure) /home/travis/build/icyphy/ptII/ptolemy/domains/de/test/auto/knownFailedTests/DirectFeedback.xml
1 ms. Memory: 307712K Free: 267403K (87%)
Known Failure: java.lang.reflect.InvocationTargetException
----------------- testing (KnownFailure) /home/travis/build/icyphy/ptII/ptolemy/domains/de/test/auto/knownFailedTests/FSMSource.xml
7 ms. Memory: 307712K Free: 244756K (80%)
----------------- testing (KnownFailure) /home/travis/build/icyphy/ptII/ptolemy/domains/de/test/auto/knownFailedTests/HierarchicalModel.xml
2 ms. Memory: 307712K Free: 222094K (72%)
Known Failure: java.lang.reflect.InvocationTargetException
----------------- testing (KnownFailure) /home/travis/build/icyphy/ptII/ptolemy/domains/de/test/auto/knownFailedTests/dependencyLoop.xml
2 ms. Memory: 307712K Free: 190394K (62%)
Known Failure: java.lang.reflect.InvocationTargetException
----------------- testing (KnownFailure) /home/travis/build/icyphy/ptII/ptolemy/domains/de/test/auto/knownFailedTests/dependencyLoop2.xml
2 ms. Memory: 307712K Free: 158688K (52%)
Known Failure: java.lang.reflect.InvocationTargetException
No auto/*.xml tests in /home/travis/build/icyphy/ptII/ptolemy/domains/de/test
AutoTests.java: About to close Vertx.
AutoTests.java: Vertx closed.
----------------- testing Fri May 11 17:15:04 UTC 2018 /home/travis/build/icyphy/ptII/ptolemy/domains/de/test/auto/ActorDepthCalculation_actorWithoutPorts.xml
----------------- Instantiating /home/travis/build/icyphy/ptII/ptolemy/domains/de/test/auto/ActorDepthCalculation_actorWithoutPorts.xml
2 ms. Memory: 307712K Free: 131531K (43%)
----------------- Invoking toplevel() on ptolemy.moml.MoMLSimpleApplication@75ba1c5d
----------------- Done invoking toplevel() on ptolemy.moml.MoMLSimpleApplication@75ba1c5d
reloadAllAccessors: .ActorDepthCalculation_actorWithoutPorts
----------------- testing Fri May 11 17:15:05 UTC 2018 /home/travis/build/icyphy/ptII/ptolemy/domains/de/test/auto/AssemblyLine.xml
----------------- Instantiating /home/travis/build/icyphy/ptII/ptolemy/domains/de/test/auto/AssemblyLine.xml
1 ms. Memory: 307712K Free: 117952K (38%)
----------------- Invoking toplevel() on ptolemy.moml.MoMLSimpleApplication@b53e34
----------------- Done invoking toplevel() on ptolemy.moml.MoMLSimpleApplication@b53e34
reloadAllAccessors: .AssemblyLine
----------------- testing Fri May 11 17:15:05 UTC 2018 /home/travis/build/icyphy/ptII/ptolemy/domains/de/test/auto/CQBug1.xml
----------------- Instantiating /home/travis/build/icyphy/ptII/ptolemy/domains/de/test/auto/CQBug1.xml
1 ms. Memory: 307712K Free: 108900K (35%)
----------------- Invoking toplevel() on ptolemy.moml.MoMLSimpleApplication@4c3eedaf
----------------- Done invoking toplevel() on ptolemy.moml.MoMLSimpleApplication@4c3eedaf
reloadAllAccessors: .CQBug1
----------------- testing Fri May 11 17:15:05 UTC 2018 /home/travis/build/icyphy/ptII/ptolemy/domains/de/test/auto/CancelFireAt.xml
----------------- Instantiating /home/travis/build/icyphy/ptII/ptolemy/domains/de/test/auto/CancelFireAt.xml
1 ms. Memory: 307712K Free: 99848K (32%)
----------------- Invoking toplevel() on ptolemy.moml.MoMLSimpleApplication@7ea9a93
----------------- Done invoking toplevel() on ptolemy.moml.MoMLSimpleApplication@7ea9a93
reloadAllAccessors: .CancelFireAt
----------------- testing Fri May 11 17:15:05 UTC 2018 /home/travis/build/icyphy/ptII/ptolemy/domains/de/test/auto/CausalityAndComposabilityAnalysis.xml
----------------- Instantiating /home/travis/build/icyphy/ptII/ptolemy/domains/de/test/auto/CausalityAndComposabilityAnalysis.xml
1 ms. Memory: 307712K Free: 90796K (30%)
----------------- Invoking toplevel() on ptolemy.moml.MoMLSimpleApplication@2b659a99
----------------- Done invoking toplevel() on ptolemy.moml.MoMLSimpleApplication@2b659a99
reloadAllAccessors: .CausalityAndComposabilityAnalysis
----------------- testing Fri May 11 17:15:05 UTC 2018 /home/travis/build/icyphy/ptII/ptolemy/domains/de/test/auto/CausalityInterface1.xml
----------------- Instantiating /home/travis/build/icyphy/ptII/ptolemy/domains/de/test/auto/CausalityInterface1.xml
3 ms. Memory: 307712K Free: 78365K (25%)
----------------- Invoking toplevel() on ptolemy.moml.MoMLSimpleApplication@7c237a25
----------------- Done invoking toplevel() on ptolemy.moml.MoMLSimpleApplication@7c237a25
reloadAllAccessors: .CausalityInterface1
----------------- testing Fri May 11 17:15:05 UTC 2018 /home/travis/build/icyphy/ptII/ptolemy/domains/de/test/auto/CausalityInterface15.xml
----------------- Instantiating /home/travis/build/icyphy/ptII/ptolemy/domains/de/test/auto/CausalityInterface15.xml
2 ms. Memory: 298496K Free: 286156K (96%)
----------------- Invoking toplevel() on ptolemy.moml.MoMLSimpleApplication@74094b01
----------------- Done invoking toplevel() on ptolemy.moml.MoMLSimpleApplication@74094b01
reloadAllAccessors: .CausalityInterface15
----------------- testing Fri May 11 17:15:05 UTC 2018 /home/travis/build/icyphy/ptII/ptolemy/domains/de/test/auto/CausalityInterface2.xml
----------------- Instantiating /home/travis/build/icyphy/ptII/ptolemy/domains/de/test/auto/CausalityInterface2.xml
2 ms. Memory: 298496K Free: 277519K (93%)
----------------- Invoking toplevel() on ptolemy.moml.MoMLSimpleApplication@384b4727
----------------- Done invoking toplevel() on ptolemy.moml.MoMLSimpleApplication@384b4727
reloadAllAccessors: .CausalityInterface2
----------------- testing Fri May 11 17:15:05 UTC 2018 /home/travis/build/icyphy/ptII/ptolemy/domains/de/test/auto/CausalityInterface3.xml
----------------- Instantiating /home/travis/build/icyphy/ptII/ptolemy/domains/de/test/auto/CausalityInterface3.xml
1 ms. Memory: 298496K Free: 268834K (90%)
----------------- Invoking toplevel() on ptolemy.moml.MoMLSimpleApplication@2eb82b66
----------------- Done invoking toplevel() on ptolemy.moml.MoMLSimpleApplication@2eb82b66
reloadAllAccessors: .CausalityInterface3
----------------- testing Fri May 11 17:15:05 UTC 2018 /home/travis/build/icyphy/ptII/ptolemy/domains/de/test/auto/ClockDrift.xml
----------------- Instantiating /home/travis/build/icyphy/ptII/ptolemy/domains/de/test/auto/ClockDrift.xml
11 ms. Memory: 298496K Free: 253649K (85%)
----------------- Invoking toplevel() on ptolemy.moml.MoMLSimpleApplication@12883769
----------------- Done invoking toplevel() on ptolemy.moml.MoMLSimpleApplication@12883769
reloadAllAccessors: .ClockDrift
----------------- testing Fri May 11 17:15:05 UTC 2018 /home/travis/build/icyphy/ptII/ptolemy/domains/de/test/auto/ClockDriftAndValueChange.xml
----------------- Instantiating /home/travis/build/icyphy/ptII/ptolemy/domains/de/test/auto/ClockDriftAndValueChange.xml
11 ms. Memory: 298496K Free: 238473K (80%)
----------------- Invoking toplevel() on ptolemy.moml.MoMLSimpleApplication@27d16e6a
----------------- Done invoking toplevel() on ptolemy.moml.MoMLSimpleApplication@27d16e6a
reloadAllAccessors: .ClockDriftAndValueChange
----------------- testing Fri May 11 17:15:05 UTC 2018 /home/travis/build/icyphy/ptII/ptolemy/domains/de/test/auto/ClockDriftChange.xml
----------------- Instantiating /home/travis/build/icyphy/ptII/ptolemy/domains/de/test/auto/ClockDriftChange.xml
11 ms. Memory: 298496K Free: 223338K (75%)
----------------- Invoking toplevel() on ptolemy.moml.MoMLSimpleApplication@601d9b56
----------------- Done invoking toplevel() on ptolemy.moml.MoMLSimpleApplication@601d9b56
reloadAllAccessors: .ClockDriftChange
----------------- testing Fri May 11 17:15:05 UTC 2018 /home/travis/build/icyphy/ptII/ptolemy/domains/de/test/auto/ComposableCausalityAnalysis.xml
----------------- Instantiating /home/travis/build/icyphy/ptII/ptolemy/domains/de/test/auto/ComposableCausalityAnalysis.xml
2 ms. Memory: 298496K Free: 214659K (72%)
----------------- Invoking toplevel() on ptolemy.moml.MoMLSimpleApplication@1a90b77f
----------------- Done invoking toplevel() on ptolemy.moml.MoMLSimpleApplication@1a90b77f
reloadAllAccessors: .ComposableCausalityAnalysis
----------------- testing Fri May 11 17:15:05 UTC 2018 /home/travis/build/icyphy/ptII/ptolemy/domains/de/test/auto/DEFixedPointLimitation.xml
----------------- Instantiating /home/travis/build/icyphy/ptII/ptolemy/domains/de/test/auto/DEFixedPointLimitation.xml
1 ms. Memory: 298496K Free: 208153K (70%)
----------------- Invoking toplevel() on ptolemy.moml.MoMLSimpleApplication@25e7c787
----------------- Done invoking toplevel() on ptolemy.moml.MoMLSimpleApplication@25e7c787
reloadAllAccessors: .DEFixedPointLimitation
----------------- testing Fri May 11 17:15:05 UTC 2018 /home/travis/build/icyphy/ptII/ptolemy/domains/de/test/auto/DEScheduleTest.xml
----------------- Instantiating /home/travis/build/icyphy/ptII/ptolemy/domains/de/test/auto/DEScheduleTest.xml
2 ms. Memory: 298496K Free: 201656K (68%)
----------------- Invoking toplevel() on ptolemy.moml.MoMLSimpleApplication@59bedd38
----------------- Done invoking toplevel() on ptolemy.moml.MoMLSimpleApplication@59bedd38
reloadAllAccessors: .DEScheduleTest
----------------- testing Fri May 11 17:15:05 UTC 2018 /home/travis/build/icyphy/ptII/ptolemy/domains/de/test/auto/DEinDEwithStartTimes.xml
----------------- Instantiating /home/travis/build/icyphy/ptII/ptolemy/domains/de/test/auto/DEinDEwithStartTimes.xml
2 ms. Memory: 298496K Free: 192969K (65%)
----------------- Invoking toplevel() on ptolemy.moml.MoMLSimpleApplication@4848de99
----------------- Done invoking toplevel() on ptolemy.moml.MoMLSimpleApplication@4848de99
reloadAllAccessors: .DEinDEwithStartTimes
----------------- testing Fri May 11 17:15:05 UTC 2018 /home/travis/build/icyphy/ptII/ptolemy/domains/de/test/auto/DEinDEwithStartTimes2.xml
----------------- Instantiating /home/travis/build/icyphy/ptII/ptolemy/domains/de/test/auto/DEinDEwithStartTimes2.xml
2 ms. Memory: 298496K Free: 182182K (61%)
----------------- Invoking toplevel() on ptolemy.moml.MoMLSimpleApplication@184068d6
----------------- Done invoking toplevel() on ptolemy.moml.MoMLSimpleApplication@184068d6
reloadAllAccessors: .DEinDEwithStartTimes2
----------------- testing Fri May 11 17:15:05 UTC 2018 /home/travis/build/icyphy/ptII/ptolemy/domains/de/test/auto/DateDemo.xml
----------------- Instantiating /home/travis/build/icyphy/ptII/ptolemy/domains/de/test/auto/DateDemo.xml
4 ms. Memory: 298496K Free: 169163K (57%)
----------------- Invoking toplevel() on ptolemy.moml.MoMLSimpleApplication@120b3e9c
----------------- Done invoking toplevel() on ptolemy.moml.MoMLSimpleApplication@120b3e9c
reloadAllAccessors: .DateDemo
----------------- testing Fri May 11 17:15:05 UTC 2018 /home/travis/build/icyphy/ptII/ptolemy/domains/de/test/auto/DateToEvent.xml
----------------- Instantiating /home/travis/build/icyphy/ptII/ptolemy/domains/de/test/auto/DateToEvent.xml
2004 ms. Memory: 298496K Free: 149622K (50%)
----------------- Invoking toplevel() on ptolemy.moml.MoMLSimpleApplication@6cf59fa4
----------------- Done invoking toplevel() on ptolemy.moml.MoMLSimpleApplication@6cf59fa4
reloadAllAccessors: .DateToEvent
----------------- testing Fri May 11 17:15:07 UTC 2018 /home/travis/build/icyphy/ptII/ptolemy/domains/de/test/auto/DepthTest1.xml
----------------- Instantiating /home/travis/build/icyphy/ptII/ptolemy/domains/de/test/auto/DepthTest1.xml
1 ms. Memory: 298496K Free: 143109K (48%)
----------------- Invoking toplevel() on ptolemy.moml.MoMLSimpleApplication@65783e70
----------------- Done invoking toplevel() on ptolemy.moml.MoMLSimpleApplication@65783e70
reloadAllAccessors: .DepthTest1
----------------- testing Fri May 11 17:15:07 UTC 2018 /home/travis/build/icyphy/ptII/ptolemy/domains/de/test/auto/DepthTest2.xml
----------------- Instantiating /home/travis/build/icyphy/ptII/ptolemy/domains/de/test/auto/DepthTest2.xml
2 ms. Memory: 298496K Free: 132322K (44%)
----------------- Invoking toplevel() on ptolemy.moml.MoMLSimpleApplication@1d7ad4af
----------------- Done invoking toplevel() on ptolemy.moml.MoMLSimpleApplication@1d7ad4af
reloadAllAccessors: .DepthTest2
----------------- testing Fri May 11 17:15:07 UTC 2018 /home/travis/build/icyphy/ptII/ptolemy/domains/de/test/auto/DepthTest3.xml
----------------- Instantiating /home/travis/build/icyphy/ptII/ptolemy/domains/de/test/auto/DepthTest3.xml
1 ms. Memory: 298496K Free: 125808K (42%)
----------------- Invoking toplevel() on ptolemy.moml.MoMLSimpleApplication@5bc1045e
----------------- Done invoking toplevel() on ptolemy.moml.MoMLSimpleApplication@5bc1045e
reloadAllAccessors: .DepthTest3
----------------- testing Fri May 11 17:15:07 UTC 2018 /home/travis/build/icyphy/ptII/ptolemy/domains/de/test/auto/DepthTest4.xml
----------------- Instantiating /home/travis/build/icyphy/ptII/ptolemy/domains/de/test/auto/DepthTest4.xml
1 ms. Memory: 298496K Free: 117121K (39%)
----------------- Invoking toplevel() on ptolemy.moml.MoMLSimpleApplication@3cee1f42
----------------- Done invoking toplevel() on ptolemy.moml.MoMLSimpleApplication@3cee1f42
reloadAllAccessors: .DepthTest4
----------------- testing Fri May 11 17:15:07 UTC 2018 /home/travis/build/icyphy/ptII/ptolemy/domains/de/test/auto/DepthTest5.xml
----------------- Instantiating /home/travis/build/icyphy/ptII/ptolemy/domains/de/test/auto/DepthTest5.xml
2 ms. Memory: 298496K Free: 108442K (36%)
----------------- Invoking toplevel() on ptolemy.moml.MoMLSimpleApplication@67e9f124
----------------- Done invoking toplevel() on ptolemy.moml.MoMLSimpleApplication@67e9f124
reloadAllAccessors: .DepthTest5
----------------- testing Fri May 11 17:15:07 UTC 2018 /home/travis/build/icyphy/ptII/ptolemy/domains/de/test/auto/DepthTest6.xml
----------------- Instantiating /home/travis/build/icyphy/ptII/ptolemy/domains/de/test/auto/DepthTest6.xml
2 ms. Memory: 298496K Free: 99755K (33%)
----------------- Invoking toplevel() on ptolemy.moml.MoMLSimpleApplication@34dcc96f
----------------- Done invoking toplevel() on ptolemy.moml.MoMLSimpleApplication@34dcc96f
reloadAllAccessors: .DepthTest6
----------------- testing Fri May 11 17:15:07 UTC 2018 /home/travis/build/icyphy/ptII/ptolemy/domains/de/test/auto/DepthTest7.xml
----------------- Instantiating /home/travis/build/icyphy/ptII/ptolemy/domains/de/test/auto/DepthTest7.xml
1 ms. Memory: 298496K Free: 88936K (30%)
----------------- Invoking toplevel() on ptolemy.moml.MoMLSimpleApplication@240adba4
----------------- Done invoking toplevel() on ptolemy.moml.MoMLSimpleApplication@240adba4
reloadAllAccessors: .DepthTest7
----------------- testing Fri May 11 17:15:07 UTC 2018 /home/travis/build/icyphy/ptII/ptolemy/domains/de/test/auto/EventToDate.xml
----------------- Instantiating /home/travis/build/icyphy/ptII/ptolemy/domains/de/test/auto/EventToDate.xml
3008 ms. Memory: 289280K Free: 278636K (96%)
----------------- Invoking toplevel() on ptolemy.moml.MoMLSimpleApplication@798e0d4c
----------------- Done invoking toplevel() on ptolemy.moml.MoMLSimpleApplication@798e0d4c
reloadAllAccessors: .EventToDate
----------------- testing Fri May 11 17:15:10 UTC 2018 /home/travis/build/icyphy/ptII/ptolemy/domains/de/test/auto/FSM1.xml
----------------- Instantiating /home/travis/build/icyphy/ptII/ptolemy/domains/de/test/auto/FSM1.xml
8 ms. Memory: 289280K Free: 262713K (91%)
----------------- Invoking toplevel() on ptolemy.moml.MoMLSimpleApplication@7b5c6e1a
----------------- Done invoking toplevel() on ptolemy.moml.MoMLSimpleApplication@7b5c6e1a
reloadAllAccessors: .FSM1
----------------- testing Fri May 11 17:15:10 UTC 2018 /home/travis/build/icyphy/ptII/ptolemy/domains/de/test/auto/FSM7.xml
----------------- Instantiating /home/travis/build/icyphy/ptII/ptolemy/domains/de/test/auto/FSM7.xml
7 ms. Memory: 289280K Free: 248181K (86%)
----------------- Invoking toplevel() on ptolemy.moml.MoMLSimpleApplication@7da50e37
----------------- Done invoking toplevel() on ptolemy.moml.MoMLSimpleApplication@7da50e37
reloadAllAccessors: .FSM7
----------------- testing Fri May 11 17:15:10 UTC 2018 /home/travis/build/icyphy/ptII/ptolemy/domains/de/test/auto/Inspection.xml
----------------- Instantiating /home/travis/build/icyphy/ptII/ptolemy/domains/de/test/auto/Inspection.xml
8 ms. Memory: 289280K Free: 232242K (80%)
----------------- Invoking toplevel() on ptolemy.moml.MoMLSimpleApplication@1b6d884d
----------------- Done invoking toplevel() on ptolemy.moml.MoMLSimpleApplication@1b6d884d
reloadAllAccessors: .Inspection
----------------- testing Fri May 11 17:15:10 UTC 2018 /home/travis/build/icyphy/ptII/ptolemy/domains/de/test/auto/Iteration.xml
----------------- Instantiating /home/travis/build/icyphy/ptII/ptolemy/domains/de/test/auto/Iteration.xml
3 ms. Memory: 289280K Free: 223939K (77%)
----------------- Invoking toplevel() on ptolemy.moml.MoMLSimpleApplication@6675156e
----------------- Done invoking toplevel() on ptolemy.moml.MoMLSimpleApplication@6675156e
reloadAllAccessors: .Iteration
----------------- testing Fri May 11 17:15:10 UTC 2018 /home/travis/build/icyphy/ptII/ptolemy/domains/de/test/auto/LineFault.xml
----------------- Instantiating /home/travis/build/icyphy/ptII/ptolemy/domains/de/test/auto/LineFault.xml
311 ms. Memory: 289280K Free: 103435K (36%)
----------------- Invoking toplevel() on ptolemy.moml.MoMLSimpleApplication@738c5d37
----------------- Done invoking toplevel() on ptolemy.moml.MoMLSimpleApplication@738c5d37
reloadAllAccessors: .LineFault
----------------- testing Fri May 11 17:15:11 UTC 2018 /home/travis/build/icyphy/ptII/ptolemy/domains/de/test/auto/MergeModel1Add.xml
----------------- Instantiating /home/travis/build/icyphy/ptII/ptolemy/domains/de/test/auto/MergeModel1Add.xml
5 ms. Memory: 289280K Free: 81243K (28%)
----------------- Invoking toplevel() on ptolemy.moml.MoMLSimpleApplication@76465c18
----------------- Done invoking toplevel() on ptolemy.moml.MoMLSimpleApplication@76465c18
reloadAllAccessors: .MergeModel1Add
----------------- testing Fri May 11 17:15:11 UTC 2018 /home/travis/build/icyphy/ptII/ptolemy/domains/de/test/auto/MergeModel2Add.xml
----------------- Instantiating /home/travis/build/icyphy/ptII/ptolemy/domains/de/test/auto/MergeModel2Add.xml
4 ms. Memory: 280576K Free: 259063K (92%)
----------------- Invoking toplevel() on ptolemy.moml.MoMLSimpleApplication@18b13c65
----------------- Done invoking toplevel() on ptolemy.moml.MoMLSimpleApplication@18b13c65
reloadAllAccessors: .MergeModel2Add
----------------- testing Fri May 11 17:15:11 UTC 2018 /home/travis/build/icyphy/ptII/ptolemy/domains/de/test/auto/MergeModel3Add.xml
----------------- Instantiating /home/travis/build/icyphy/ptII/ptolemy/domains/de/test/auto/MergeModel3Add.xml
4 ms. Memory: 280576K Free: 238248K (85%)
----------------- Invoking toplevel() on ptolemy.moml.MoMLSimpleApplication@3eed979d
----------------- Done invoking toplevel() on ptolemy.moml.MoMLSimpleApplication@3eed979d
reloadAllAccessors: .MergeModel3Add
----------------- testing Fri May 11 17:15:11 UTC 2018 /home/travis/build/icyphy/ptII/ptolemy/domains/de/test/auto/MergeWithoutDiscard.xml
----------------- Instantiating /home/travis/build/icyphy/ptII/ptolemy/domains/de/test/auto/MergeWithoutDiscard.xml
1 ms. Memory: 280576K Free: 231387K (82%)
----------------- Invoking toplevel() on ptolemy.moml.MoMLSimpleApplication@767f43f5
----------------- Done invoking toplevel() on ptolemy.moml.MoMLSimpleApplication@767f43f5
reloadAllAccessors: .MergeWithoutDiscard
----------------- testing Fri May 11 17:15:11 UTC 2018 /home/travis/build/icyphy/ptII/ptolemy/domains/de/test/auto/Modal1.xml
----------------- Instantiating /home/travis/build/icyphy/ptII/ptolemy/domains/de/test/auto/Modal1.xml
7 ms. Memory: 280576K Free: 217449K (78%)
----------------- Invoking toplevel() on ptolemy.moml.MoMLSimpleApplication@16f29410
----------------- Done invoking toplevel() on ptolemy.moml.MoMLSimpleApplication@16f29410
reloadAllAccessors: .Modal1
----------------- testing Fri May 11 17:15:11 UTC 2018 /home/travis/build/icyphy/ptII/ptolemy/domains/de/test/auto/Modal2.xml
----------------- Instantiating /home/travis/build/icyphy/ptII/ptolemy/domains/de/test/auto/Modal2.xml
5 ms. Memory: 280576K Free: 202609K (72%)
----------------- Invoking toplevel() on ptolemy.moml.MoMLSimpleApplication@2dbd0e21
----------------- Done invoking toplevel() on ptolemy.moml.MoMLSimpleApplication@2dbd0e21
reloadAllAccessors: .Modal2
----------------- testing Fri May 11 17:15:11 UTC 2018 /home/travis/build/icyphy/ptII/ptolemy/domains/de/test/auto/Modal3.xml
----------------- Instantiating /home/travis/build/icyphy/ptII/ptolemy/domains/de/test/auto/Modal3.xml
7 ms. Memory: 280576K Free: 186668K (67%)
----------------- Invoking toplevel() on ptolemy.moml.MoMLSimpleApplication@25978131
----------------- Done invoking toplevel() on ptolemy.moml.MoMLSimpleApplication@25978131
reloadAllAccessors: .Modal3
----------------- testing Fri May 11 17:15:11 UTC 2018 /home/travis/build/icyphy/ptII/ptolemy/domains/de/test/auto/Modal4.xml
----------------- Instantiating /home/travis/build/icyphy/ptII/ptolemy/domains/de/test/auto/Modal4.xml
7 ms. Memory: 280576K Free: 169849K (61%)
----------------- Invoking toplevel() on ptolemy.moml.MoMLSimpleApplication@6721dca0
----------------- Done invoking toplevel() on ptolemy.moml.MoMLSimpleApplication@6721dca0
reloadAllAccessors: .Modal4
----------------- testing Fri May 11 17:15:11 UTC 2018 /home/travis/build/icyphy/ptII/ptolemy/domains/de/test/auto/Modal5.xml
----------------- Instantiating /home/travis/build/icyphy/ptII/ptolemy/domains/de/test/auto/Modal5.xml
6 ms. Memory: 280576K Free: 153909K (55%)
----------------- Invoking toplevel() on ptolemy.moml.MoMLSimpleApplication@5c02bf0b
----------------- Done invoking toplevel() on ptolemy.moml.MoMLSimpleApplication@5c02bf0b
reloadAllAccessors: .Modal5
----------------- testing Fri May 11 17:15:11 UTC 2018 /home/travis/build/icyphy/ptII/ptolemy/domains/de/test/auto/Modal6.xml
----------------- Instantiating /home/travis/build/icyphy/ptII/ptolemy/domains/de/test/auto/Modal6.xml
8 ms. Memory: 280576K Free: 139077K (50%)
----------------- Invoking toplevel() on ptolemy.moml.MoMLSimpleApplication@42431c7a
----------------- Done invoking toplevel() on ptolemy.moml.MoMLSimpleApplication@42431c7a
reloadAllAccessors: .Modal6
----------------- testing Fri May 11 17:15:11 UTC 2018 /home/travis/build/icyphy/ptII/ptolemy/domains/de/test/auto/Modal7.xml
----------------- Instantiating /home/travis/build/icyphy/ptII/ptolemy/domains/de/test/auto/Modal7.xml
5 ms. Memory: 280576K Free: 123145K (44%)
----------------- Invoking toplevel() on ptolemy.moml.MoMLSimpleApplication@abaeabc
----------------- Done invoking toplevel() on ptolemy.moml.MoMLSimpleApplication@abaeabc
reloadAllAccessors: .Modal7
----------------- testing Fri May 11 17:15:11 UTC 2018 /home/travis/build/icyphy/ptII/ptolemy/domains/de/test/auto/ModalModel.xml
----------------- Instantiating /home/travis/build/icyphy/ptII/ptolemy/domains/de/test/auto/ModalModel.xml
105 ms. Memory: 271872K Free: 239211K (88%)
----------------- Invoking toplevel() on ptolemy.moml.MoMLSimpleApplication@5e10d51c
----------------- Done invoking toplevel() on ptolemy.moml.MoMLSimpleApplication@5e10d51c
reloadAllAccessors: .ModalModel
----------------- testing Fri May 11 17:15:11 UTC 2018 /home/travis/build/icyphy/ptII/ptolemy/domains/de/test/auto/ModalSource.xml
----------------- Instantiating /home/travis/build/icyphy/ptII/ptolemy/domains/de/test/auto/ModalSource.xml
3 ms. Memory: 271872K Free: 228582K (84%)
----------------- Invoking toplevel() on ptolemy.moml.MoMLSimpleApplication@68e078c1
----------------- Done invoking toplevel() on ptolemy.moml.MoMLSimpleApplication@68e078c1
reloadAllAccessors: .ModalSource
----------------- testing Fri May 11 17:15:11 UTC 2018 /home/travis/build/icyphy/ptII/ptolemy/domains/de/test/auto/NonInterruptibleTimerZeroDelay.xml
----------------- Instantiating /home/travis/build/icyphy/ptII/ptolemy/domains/de/test/auto/NonInterruptibleTimerZeroDelay.xml
2 ms. Memory: 271872K Free: 222909K (82%)
----------------- Invoking toplevel() on ptolemy.moml.MoMLSimpleApplication@5b488f1d
----------------- Done invoking toplevel() on ptolemy.moml.MoMLSimpleApplication@5b488f1d
reloadAllAccessors: .NonInterruptibleTimerZeroDelay
----------------- testing Fri May 11 17:15:11 UTC 2018 /home/travis/build/icyphy/ptII/ptolemy/domains/de/test/auto/OpenQueueingNetwork.xml
----------------- Instantiating /home/travis/build/icyphy/ptII/ptolemy/domains/de/test/auto/OpenQueueingNetwork.xml
2462 ms. Memory: 250880K Free: 144175K (57%)
----------------- Invoking toplevel() on ptolemy.moml.MoMLSimpleApplication@33ddd51
----------------- Done invoking toplevel() on ptolemy.moml.MoMLSimpleApplication@33ddd51
reloadAllAccessors: .OpenQueueingNetwork
----------------- testing Fri May 11 17:15:13 UTC 2018 /home/travis/build/icyphy/ptII/ptolemy/domains/de/test/auto/OpenQueuingNetwork.xml
----------------- Instantiating /home/travis/build/icyphy/ptII/ptolemy/domains/de/test/auto/OpenQueuingNetwork.xml
226 ms. Memory: 242688K Free: 216034K (89%)
----------------- Invoking toplevel() on ptolemy.moml.MoMLSimpleApplication@7b21071
----------------- Done invoking toplevel() on ptolemy.moml.MoMLSimpleApplication@7b21071
reloadAllAccessors: .OpenQueuingNetwork
----------------- testing Fri May 11 17:15:14 UTC 2018 /home/travis/build/icyphy/ptII/ptolemy/domains/de/test/auto/PeriodicSampler.xml
----------------- Instantiating /home/travis/build/icyphy/ptII/ptolemy/domains/de/test/auto/PeriodicSampler.xml
2 ms. Memory: 242688K Free: 209498K (86%)
----------------- Invoking toplevel() on ptolemy.moml.MoMLSimpleApplication@5173c30d
----------------- Done invoking toplevel() on ptolemy.moml.MoMLSimpleApplication@5173c30d
reloadAllAccessors: .PeriodicSampler
----------------- testing Fri May 11 17:15:14 UTC 2018 /home/travis/build/icyphy/ptII/ptolemy/domains/de/test/auto/PersistentIO.xml
----------------- Instantiating /home/travis/build/icyphy/ptII/ptolemy/domains/de/test/auto/PersistentIO.xml
4 ms. Memory: 242688K Free: 197777K (81%)
----------------- Invoking toplevel() on ptolemy.moml.MoMLSimpleApplication@76d65061
----------------- Done invoking toplevel() on ptolemy.moml.MoMLSimpleApplication@76d65061
reloadAllAccessors: .PersistentIO
----------------- testing Fri May 11 17:15:14 UTC 2018 /home/travis/build/icyphy/ptII/ptolemy/domains/de/test/auto/PortParameterResetOnInitialize.xml
----------------- Instantiating /home/travis/build/icyphy/ptII/ptolemy/domains/de/test/auto/PortParameterResetOnInitialize.xml
2 ms. Memory: 242688K Free: 192502K (79%)
----------------- Invoking toplevel() on ptolemy.moml.MoMLSimpleApplication@7944b939
----------------- Done invoking toplevel() on ptolemy.moml.MoMLSimpleApplication@7944b939
reloadAllAccessors: .PortParameterResetOnInitialize
----------------- testing Fri May 11 17:15:14 UTC 2018 /home/travis/build/icyphy/ptII/ptolemy/domains/de/test/auto/PortParameterUpdates.xml
----------------- Instantiating /home/travis/build/icyphy/ptII/ptolemy/domains/de/test/auto/PortParameterUpdates.xml
7 ms. Memory: 242688K Free: 183778K (76%)
----------------- Invoking toplevel() on ptolemy.moml.MoMLSimpleApplication@1aa5bd10
----------------- Done invoking toplevel() on ptolemy.moml.MoMLSimpleApplication@1aa5bd10
reloadAllAccessors: .PortParameterUpdates
----------------- testing Fri May 11 17:15:14 UTC 2018 /home/travis/build/icyphy/ptII/ptolemy/domains/de/test/auto/QueueAndServer.xml
----------------- Instantiating /home/travis/build/icyphy/ptII/ptolemy/domains/de/test/auto/QueueAndServer.xml
6 ms. Memory: 242688K Free: 175281K (72%)
----------------- Invoking toplevel() on ptolemy.moml.MoMLSimpleApplication@1c467eda
----------------- Done invoking toplevel() on ptolemy.moml.MoMLSimpleApplication@1c467eda
reloadAllAccessors: .QueueAndServer
----------------- testing Fri May 11 17:15:14 UTC 2018 /home/travis/build/icyphy/ptII/ptolemy/domains/de/test/auto/Records.xml
----------------- Instantiating /home/travis/build/icyphy/ptII/ptolemy/domains/de/test/auto/Records.xml
4 ms. Memory: 242688K Free: 168399K (69%)
----------------- Invoking toplevel() on ptolemy.moml.MoMLSimpleApplication@2fd8db43
----------------- Done invoking toplevel() on ptolemy.moml.MoMLSimpleApplication@2fd8db43
reloadAllAccessors: .Records
----------------- testing Fri May 11 17:15:14 UTC 2018 /home/travis/build/icyphy/ptII/ptolemy/domains/de/test/auto/ResetTransitionWithStartTime1.xml
----------------- Instantiating /home/travis/build/icyphy/ptII/ptolemy/domains/de/test/auto/ResetTransitionWithStartTime1.xml
5 ms. Memory: 242688K Free: 158052K (65%)
----------------- Invoking toplevel() on ptolemy.moml.MoMLSimpleApplication@3018a6be
----------------- Done invoking toplevel() on ptolemy.moml.MoMLSimpleApplication@3018a6be
reloadAllAccessors: .ResetTransitionWithStartTime1
----------------- testing Fri May 11 17:15:14 UTC 2018 /home/travis/build/icyphy/ptII/ptolemy/domains/de/test/auto/ResetTransitionWithStartTime2.xml
----------------- Instantiating /home/travis/build/icyphy/ptII/ptolemy/domains/de/test/auto/ResetTransitionWithStartTime2.xml
5 ms. Memory: 242688K Free: 147931K (61%)
----------------- Invoking toplevel() on ptolemy.moml.MoMLSimpleApplication@279428f9
----------------- Done invoking toplevel() on ptolemy.moml.MoMLSimpleApplication@279428f9
reloadAllAccessors: .ResetTransitionWithStartTime2
----------------- testing Fri May 11 17:15:14 UTC 2018 /home/travis/build/icyphy/ptII/ptolemy/domains/de/test/auto/ResetTransitionWithStartTime3.xml
----------------- Instantiating /home/travis/build/icyphy/ptII/ptolemy/domains/de/test/auto/ResetTransitionWithStartTime3.xml
7 ms. Memory: 242688K Free: 137601K (57%)
----------------- Invoking toplevel() on ptolemy.moml.MoMLSimpleApplication@bddcbf7
----------------- Done invoking toplevel() on ptolemy.moml.MoMLSimpleApplication@bddcbf7
reloadAllAccessors: .ResetTransitionWithStartTime3
----------------- testing Fri May 11 17:15:14 UTC 2018 /home/travis/build/icyphy/ptII/ptolemy/domains/de/test/auto/ResetTransitionWithStartTime4.xml
----------------- Instantiating /home/travis/build/icyphy/ptII/ptolemy/domains/de/test/auto/ResetTransitionWithStartTime4.xml
6 ms. Memory: 242688K Free: 127495K (53%)
----------------- Invoking toplevel() on ptolemy.moml.MoMLSimpleApplication@7516c7cf
----------------- Done invoking toplevel() on ptolemy.moml.MoMLSimpleApplication@7516c7cf
reloadAllAccessors: .ResetTransitionWithStartTime4
----------------- testing Fri May 11 17:15:14 UTC 2018 /home/travis/build/icyphy/ptII/ptolemy/domains/de/test/auto/ResettableTimer1.xml
----------------- Instantiating /home/travis/build/icyphy/ptII/ptolemy/domains/de/test/auto/ResettableTimer1.xml
2 ms. Memory: 242688K Free: 122237K (50%)
----------------- Invoking toplevel() on ptolemy.moml.MoMLSimpleApplication@3d360890
----------------- Done invoking toplevel() on ptolemy.moml.MoMLSimpleApplication@3d360890
reloadAllAccessors: .ResettableTimer1
----------------- testing Fri May 11 17:15:14 UTC 2018 /home/travis/build/icyphy/ptII/ptolemy/domains/de/test/auto/ResettableTimer2.xml
----------------- Instantiating /home/travis/build/icyphy/ptII/ptolemy/domains/de/test/auto/ResettableTimer2.xml
2 ms. Memory: 242688K Free: 116761K (48%)
----------------- Invoking toplevel() on ptolemy.moml.MoMLSimpleApplication@420bc7f3
----------------- Done invoking toplevel() on ptolemy.moml.MoMLSimpleApplication@420bc7f3
reloadAllAccessors: .ResettableTimer2
----------------- testing Fri May 11 17:15:14 UTC 2018 /home/travis/build/icyphy/ptII/ptolemy/domains/de/test/auto/ResettableTimer3.xml
----------------- Instantiating /home/travis/build/icyphy/ptII/ptolemy/domains/de/test/auto/ResettableTimer3.xml
1 ms. Memory: 242688K Free: 111487K (46%)
----------------- Invoking toplevel() on ptolemy.moml.MoMLSimpleApplication@2b2af642
----------------- Done invoking toplevel() on ptolemy.moml.MoMLSimpleApplication@2b2af642
reloadAllAccessors: .ResettableTimer3
----------------- testing Fri May 11 17:15:14 UTC 2018 /home/travis/build/icyphy/ptII/ptolemy/domains/de/test/auto/ResettableTimer4.xml
----------------- Instantiating /home/travis/build/icyphy/ptII/ptolemy/domains/de/test/auto/ResettableTimer4.xml
1 ms. Memory: 242688K Free: 106213K (44%)
----------------- Invoking toplevel() on ptolemy.moml.MoMLSimpleApplication@503c131f
----------------- Done invoking toplevel() on ptolemy.moml.MoMLSimpleApplication@503c131f
reloadAllAccessors: .ResettableTimer4
----------------- testing Fri May 11 17:15:14 UTC 2018 /home/travis/build/icyphy/ptII/ptolemy/domains/de/test/auto/ResettableTimer5.xml
----------------- Instantiating /home/travis/build/icyphy/ptII/ptolemy/domains/de/test/auto/ResettableTimer5.xml
1 ms. Memory: 242688K Free: 99114K (41%)
----------------- Invoking toplevel() on ptolemy.moml.MoMLSimpleApplication@79b679e5
----------------- Done invoking toplevel() on ptolemy.moml.MoMLSimpleApplication@79b679e5
reloadAllAccessors: .ResettableTimer5
----------------- testing Fri May 11 17:15:14 UTC 2018 /home/travis/build/icyphy/ptII/ptolemy/domains/de/test/auto/ResettableTimer6.xml
----------------- Instantiating /home/travis/build/icyphy/ptII/ptolemy/domains/de/test/auto/ResettableTimer6.xml
5 ms. Memory: 242688K Free: 92232K (38%)
----------------- Invoking toplevel() on ptolemy.moml.MoMLSimpleApplication@31711df
----------------- Done invoking toplevel() on ptolemy.moml.MoMLSimpleApplication@31711df
reloadAllAccessors: .ResettableTimer6
----------------- testing Fri May 11 17:15:14 UTC 2018 /home/travis/build/icyphy/ptII/ptolemy/domains/de/test/auto/ServerZeroDelay.xml
----------------- Instantiating /home/travis/build/icyphy/ptII/ptolemy/domains/de/test/auto/ServerZeroDelay.xml
1 ms. Memory: 242688K Free: 86741K (36%)
----------------- Invoking toplevel() on ptolemy.moml.MoMLSimpleApplication@4eb2ba6f
----------------- Done invoking toplevel() on ptolemy.moml.MoMLSimpleApplication@4eb2ba6f
reloadAllAccessors: .ServerZeroDelay
----------------- testing Fri May 11 17:15:14 UTC 2018 /home/travis/build/icyphy/ptII/ptolemy/domains/de/test/auto/SmartSender.xml
----------------- Instantiating /home/travis/build/icyphy/ptII/ptolemy/domains/de/test/auto/SmartSender.xml
3002 ms. Memory: 242688K Free: 79843K (33%)
----------------- Invoking toplevel() on ptolemy.moml.MoMLSimpleApplication@79e967e3
----------------- Done invoking toplevel() on ptolemy.moml.MoMLSimpleApplication@79e967e3
reloadAllAccessors: .SmartSender
----------------- testing Fri May 11 17:15:17 UTC 2018 /home/travis/build/icyphy/ptII/ptolemy/domains/de/test/auto/ThreadedComposite.xml
----------------- Instantiating /home/travis/build/icyphy/ptII/ptolemy/domains/de/test/auto/ThreadedComposite.xml
125 ms. Memory: 236032K Free: 208490K (88%)
----------------- Invoking toplevel() on ptolemy.moml.MoMLSimpleApplication@a43869
----------------- Done invoking toplevel() on ptolemy.moml.MoMLSimpleApplication@a43869
reloadAllAccessors: .ThreadedComposite
----------------- testing Fri May 11 17:15:17 UTC 2018 /home/travis/build/icyphy/ptII/ptolemy/domains/de/test/auto/Time.xml
----------------- Instantiating /home/travis/build/icyphy/ptII/ptolemy/domains/de/test/auto/Time.xml
465 ms. Memory: 236032K Free: 153927K (65%)
----------------- Invoking toplevel() on ptolemy.moml.MoMLSimpleApplication@11839646
----------------- Done invoking toplevel() on ptolemy.moml.MoMLSimpleApplication@11839646
reloadAllAccessors: .Time
----------------- testing Fri May 11 17:15:18 UTC 2018 /home/travis/build/icyphy/ptII/ptolemy/domains/de/test/auto/TimeDelayZeroDelay.xml
----------------- Instantiating /home/travis/build/icyphy/ptII/ptolemy/domains/de/test/auto/TimeDelayZeroDelay.xml
2 ms. Memory: 236032K Free: 148697K (63%)
----------------- Invoking toplevel() on ptolemy.moml.MoMLSimpleApplication@1ba67bd6
----------------- Done invoking toplevel() on ptolemy.moml.MoMLSimpleApplication@1ba67bd6
reloadAllAccessors: .TimeDelayZeroDelay
----------------- testing Fri May 11 17:15:18 UTC 2018 /home/travis/build/icyphy/ptII/ptolemy/domains/de/test/auto/TimerZeroDelay.xml
----------------- Instantiating /home/travis/build/icyphy/ptII/ptolemy/domains/de/test/auto/TimerZeroDelay.xml
2 ms. Memory: 236032K Free: 143653K (61%)
----------------- Invoking toplevel() on ptolemy.moml.MoMLSimpleApplication@5d0a0d76
----------------- Done invoking toplevel() on ptolemy.moml.MoMLSimpleApplication@5d0a0d76
reloadAllAccessors: .TimerZeroDelay
----------------- testing Fri May 11 17:15:18 UTC 2018 /home/travis/build/icyphy/ptII/ptolemy/domains/de/test/auto/TimingParadox.xml
----------------- Instantiating /home/travis/build/icyphy/ptII/ptolemy/domains/de/test/auto/TimingParadox.xml
327 ms. Memory: 236032K Free: 75084K (32%)
----------------- Invoking toplevel() on ptolemy.moml.MoMLSimpleApplication@469bf20
----------------- Done invoking toplevel() on ptolemy.moml.MoMLSimpleApplication@469bf20
reloadAllAccessors: .TimingParadox
----------------- testing Fri May 11 17:15:18 UTC 2018 /home/travis/build/icyphy/ptII/ptolemy/domains/de/test/auto/TransferInputs.xml
----------------- Instantiating /home/travis/build/icyphy/ptII/ptolemy/domains/de/test/auto/TransferInputs.xml
4 ms. Memory: 229376K Free: 215989K (94%)
----------------- Invoking toplevel() on ptolemy.moml.MoMLSimpleApplication@47161b0a
----------------- Done invoking toplevel() on ptolemy.moml.MoMLSimpleApplication@47161b0a
reloadAllAccessors: .TransferInputs
----------------- testing Fri May 11 17:15:18 UTC 2018 /home/travis/build/icyphy/ptII/ptolemy/domains/de/test/auto/TransferOutputs2.xml
----------------- Instantiating /home/travis/build/icyphy/ptII/ptolemy/domains/de/test/auto/TransferOutputs2.xml
7 ms. Memory: 229376K Free: 205662K (90%)
----------------- Invoking toplevel() on ptolemy.moml.MoMLSimpleApplication@12166247
----------------- Done invoking toplevel() on ptolemy.moml.MoMLSimpleApplication@12166247
reloadAllAccessors: .TransferOutputs2
----------------- testing Fri May 11 17:15:18 UTC 2018 /home/travis/build/icyphy/ptII/ptolemy/domains/de/test/auto/Trilateration.xml
----------------- Instantiating /home/travis/build/icyphy/ptII/ptolemy/domains/de/test/auto/Trilateration.xml
11450 ms. Memory: 475648K Free: 91425K (19%)
----------------- Invoking toplevel() on ptolemy.moml.MoMLSimpleApplication@3ab79265
----------------- Done invoking toplevel() on ptolemy.moml.MoMLSimpleApplication@3ab79265
reloadAllAccessors: .Trilateration
----------------- testing Fri May 11 17:15:31 UTC 2018 /home/travis/build/icyphy/ptII/ptolemy/domains/de/test/auto/TwoSigmaDelta.xml
----------------- Instantiating /home/travis/build/icyphy/ptII/ptolemy/domains/de/test/auto/TwoSigmaDelta.xml
2176 ms. Memory: 462336K Free: 183606K (40%)
----------------- Invoking toplevel() on ptolemy.moml.MoMLSimpleApplication@4c8c3767
----------------- Done invoking toplevel() on ptolemy.moml.MoMLSimpleApplication@4c8c3767
reloadAllAccessors: .TwoSigmaDelta
----------------- testing Fri May 11 17:15:33 UTC 2018 /home/travis/build/icyphy/ptII/ptolemy/domains/de/test/auto/VariableDelay.xml
----------------- Instantiating /home/travis/build/icyphy/ptII/ptolemy/domains/de/test/auto/VariableDelay.xml
2 ms. Memory: 462336K Free: 171485K (37%)
----------------- Invoking toplevel() on ptolemy.moml.MoMLSimpleApplication@1a6ca90f
----------------- Done invoking toplevel() on ptolemy.moml.MoMLSimpleApplication@1a6ca90f
reloadAllAccessors: .VariableDelay
----------------- testing Fri May 11 17:15:33 UTC 2018 /home/travis/build/icyphy/ptII/ptolemy/domains/de/test/auto/VariableDelay2.xml
----------------- Instantiating /home/travis/build/icyphy/ptII/ptolemy/domains/de/test/auto/VariableDelay2.xml
2 ms. Memory: 462336K Free: 163448K (35%)
----------------- Invoking toplevel() on ptolemy.moml.MoMLSimpleApplication@6ff5d6a3
----------------- Done invoking toplevel() on ptolemy.moml.MoMLSimpleApplication@6ff5d6a3
reloadAllAccessors: .VariableDelay2
----------------- testing Fri May 11 17:15:33 UTC 2018 /home/travis/build/icyphy/ptII/ptolemy/domains/de/test/auto/VariableDelayZeroDelay.xml
----------------- Instantiating /home/travis/build/icyphy/ptII/ptolemy/domains/de/test/auto/VariableDelayZeroDelay.xml
4 ms. Memory: 462336K Free: 155411K (34%)
----------------- Invoking toplevel() on ptolemy.moml.MoMLSimpleApplication@6e5f0a25
----------------- Done invoking toplevel() on ptolemy.moml.MoMLSimpleApplication@6e5f0a25
reloadAllAccessors: .VariableDelayZeroDelay
----------------- testing Fri May 11 17:15:33 UTC 2018 /home/travis/build/icyphy/ptII/ptolemy/domains/de/test/auto/VariableDelayZeroDelay2.xml
----------------- Instantiating /home/travis/build/icyphy/ptII/ptolemy/domains/de/test/auto/VariableDelayZeroDelay2.xml
2 ms. Memory: 462336K Free: 147374K (32%)
----------------- Invoking toplevel() on ptolemy.moml.MoMLSimpleApplication@69206172
----------------- Done invoking toplevel() on ptolemy.moml.MoMLSimpleApplication@69206172
reloadAllAccessors: .VariableDelayZeroDelay2
----------------- testing Fri May 11 17:15:33 UTC 2018 /home/travis/build/icyphy/ptII/ptolemy/domains/de/test/auto/deInCt.xml
----------------- Instantiating /home/travis/build/icyphy/ptII/ptolemy/domains/de/test/auto/deInCt.xml
0
1
1
1
0
0
0
1
1
1
0
0
0
0
1
1
1
0
0
0
1
1
1
1
0
0
0
1
1
1
0
0
0
0
1
1
0
0
0
1
1
1
0
0
0
1
1
1
0
0
0
0
7 ms. Memory: 462336K Free: 139337K (30%)
----------------- Invoking toplevel() on ptolemy.moml.MoMLSimpleApplication@20360ae6
----------------- Done invoking toplevel() on ptolemy.moml.MoMLSimpleApplication@20360ae6
reloadAllAccessors: .deInCt
----------------- testing Fri May 11 17:15:33 UTC 2018 /home/travis/build/icyphy/ptII/ptolemy/domains/de/test/auto/deInCt2.xml
----------------- Instantiating /home/travis/build/icyphy/ptII/ptolemy/domains/de/test/auto/deInCt2.xml
0
1
1
1
0
0
1
1
1
0
0
1
1
1
0
0
1
1
1
0
0
1
1
1
0
0
1
1
1
0
0
1
1
1
0
0
1
1
1
0
0
0
6 ms. Memory: 462336K Free: 131127K (28%)
----------------- Invoking toplevel() on ptolemy.moml.MoMLSimpleApplication@1d3c8fcd
----------------- Done invoking toplevel() on ptolemy.moml.MoMLSimpleApplication@1d3c8fcd
reloadAllAccessors: .deInCt2
----------------- testing Fri May 11 17:15:33 UTC 2018 /home/travis/build/icyphy/ptII/ptolemy/domains/de/test/auto/dynamicCausalityInterface1.xml
----------------- Instantiating /home/travis/build/icyphy/ptII/ptolemy/domains/de/test/auto/dynamicCausalityInterface1.xml
1 ms. Memory: 462336K Free: 115547K (25%)
----------------- Invoking toplevel() on ptolemy.moml.MoMLSimpleApplication@1a98f773
----------------- Done invoking toplevel() on ptolemy.moml.MoMLSimpleApplication@1a98f773
reloadAllAccessors: .dynamicCausalityInterface1
----------------- testing Fri May 11 17:15:33 UTC 2018 /home/travis/build/icyphy/ptII/ptolemy/domains/de/test/auto/fsm_de_test.xml
----------------- Instantiating /home/travis/build/icyphy/ptII/ptolemy/domains/de/test/auto/fsm_de_test.xml
7 ms. Memory: 462336K Free: 99952K (22%)
----------------- Invoking toplevel() on ptolemy.moml.MoMLSimpleApplication@e55847d
----------------- Done invoking toplevel() on ptolemy.moml.MoMLSimpleApplication@e55847d
reloadAllAccessors: .fsm_de_test
----------------- testing Fri May 11 17:15:33 UTC 2018 /home/travis/build/icyphy/ptII/ptolemy/domains/de/test/auto/functionDependencyReconstruction.xml
----------------- Instantiating /home/travis/build/icyphy/ptII/ptolemy/domains/de/test/auto/functionDependencyReconstruction.xml
2 ms. Memory: 462336K Free: 80609K (17%)
----------------- Invoking toplevel() on ptolemy.moml.MoMLSimpleApplication@3bd71213
----------------- Done invoking toplevel() on ptolemy.moml.MoMLSimpleApplication@3bd71213
reloadAllAccessors: .functionDependencyReconstruction
----------------- testing Fri May 11 17:15:33 UTC 2018 /home/travis/build/icyphy/ptII/ptolemy/domains/de/test/auto/multirate.xml
----------------- Instantiating /home/travis/build/icyphy/ptII/ptolemy/domains/de/test/auto/multirate.xml
3 ms. Memory: 462336K Free: 68784K (15%)
----------------- Invoking toplevel() on ptolemy.moml.MoMLSimpleApplication@662b36a4
----------------- Done invoking toplevel() on ptolemy.moml.MoMLSimpleApplication@662b36a4
reloadAllAccessors: .multirate
----------------- testing Fri May 11 17:15:33 UTC 2018 /home/travis/build/icyphy/ptII/ptolemy/domains/de/test/auto/multirate2.xml
----------------- Instantiating /home/travis/build/icyphy/ptII/ptolemy/domains/de/test/auto/multirate2.xml
8 ms. Memory: 440832K Free: 412673K (94%)
----------------- Invoking toplevel() on ptolemy.moml.MoMLSimpleApplication@348a43d2
----------------- Done invoking toplevel() on ptolemy.moml.MoMLSimpleApplication@348a43d2
reloadAllAccessors: .multirate2
----------------- testing Fri May 11 17:15:33 UTC 2018 /home/travis/build/icyphy/ptII/ptolemy/domains/de/test/auto/realtime.xml
----------------- Instantiating /home/travis/build/icyphy/ptII/ptolemy/domains/de/test/auto/realtime.xml
10002 ms. Memory: 440832K Free: 403053K (91%)
----------------- Invoking toplevel() on ptolemy.moml.MoMLSimpleApplication@4ae14a4e
----------------- Done invoking toplevel() on ptolemy.moml.MoMLSimpleApplication@4ae14a4e
reloadAllAccessors: .realtime
----------------- testing Fri May 11 17:15:43 UTC 2018 /home/travis/build/icyphy/ptII/ptolemy/domains/de/test/auto/relationGroup.xml
----------------- Instantiating /home/travis/build/icyphy/ptII/ptolemy/domains/de/test/auto/relationGroup.xml
1 ms. Memory: 440832K Free: 397679K (90%)
----------------- Invoking toplevel() on ptolemy.moml.MoMLSimpleApplication@3897281c
----------------- Done invoking toplevel() on ptolemy.moml.MoMLSimpleApplication@3897281c
reloadAllAccessors: .relationGroup
----------------- testing Fri May 11 17:15:43 UTC 2018 /home/travis/build/icyphy/ptII/ptolemy/domains/de/test/auto/relationGroup2.xml
----------------- Instantiating /home/travis/build/icyphy/ptII/ptolemy/domains/de/test/auto/relationGroup2.xml
1 ms. Memory: 440832K Free: 392304K (89%)
----------------- Invoking toplevel() on ptolemy.moml.MoMLSimpleApplication@418501df
----------------- Done invoking toplevel() on ptolemy.moml.MoMLSimpleApplication@418501df
reloadAllAccessors: .relationGroup2
----------------- testing Fri May 11 17:15:43 UTC 2018 /home/travis/build/icyphy/ptII/ptolemy/domains/de/test/auto/sortWithOpaquePorts.xml
----------------- Instantiating /home/travis/build/icyphy/ptII/ptolemy/domains/de/test/auto/sortWithOpaquePorts.xml
2 ms. Memory: 440832K Free: 384518K (87%)
----------------- Invoking toplevel() on ptolemy.moml.MoMLSimpleApplication@6540529f
----------------- Done invoking toplevel() on ptolemy.moml.MoMLSimpleApplication@6540529f
reloadAllAccessors: .sortWithOpaquePorts
----------------- testing Fri May 11 17:15:43 UTC 2018 /home/travis/build/icyphy/ptII/ptolemy/domains/de/test/auto/transferInputsandOutputs.xml
----------------- Instantiating /home/travis/build/icyphy/ptII/ptolemy/domains/de/test/auto/transferInputsandOutputs.xml
2 ms. Memory: 440832K Free: 374343K (85%)
----------------- Invoking toplevel() on ptolemy.moml.MoMLSimpleApplication@22cb8faa
----------------- Done invoking toplevel() on ptolemy.moml.MoMLSimpleApplication@22cb8faa
reloadAllAccessors: .transferInputsandOutputs
----------------- testing Fri May 11 17:15:43 UTC 2018 /home/travis/build/icyphy/ptII/ptolemy/domains/de/test/auto/triggerType.xml
----------------- Instantiating /home/travis/build/icyphy/ptII/ptolemy/domains/de/test/auto/triggerType.xml
1 ms. Memory: 440832K Free: 366702K (83%)
----------------- Invoking toplevel() on ptolemy.moml.MoMLSimpleApplication@119a0868
----------------- Done invoking toplevel() on ptolemy.moml.MoMLSimpleApplication@119a0868
reloadAllAccessors: .triggerType
AutoTests.java: About to close Vertx.
AutoTests.java: Vertx closed.
]]></system-out>
  <system-err><![CDATA[java.lang.RuntimeException: Execution failed
	at ptolemy.moml.MoMLSimpleApplication$UnloadThread.run(MoMLSimpleApplication.java:402)
Caused by: ptolemy.kernel.util.IllegalActionException: Found a zero delay loop containing .dependencyLoop.original
  in .dependencyLoop and .dependencyLoop.original
	at ptolemy.actor.util.CausalityInterfaceForComposites._computeOutputPortDepth(CausalityInterfaceForComposites.java:759)
	at ptolemy.actor.util.CausalityInterfaceForComposites._computeInputDepth(CausalityInterfaceForComposites.java:696)
	at ptolemy.actor.util.CausalityInterfaceForComposites._computeOutputPortDepth(CausalityInterfaceForComposites.java:765)
	at ptolemy.actor.util.CausalityInterfaceForComposites._computeInputDepth(CausalityInterfaceForComposites.java:696)
	at ptolemy.actor.util.CausalityInterfaceForComposites._computeOutputPortDepth(CausalityInterfaceForComposites.java:765)
	at ptolemy.actor.util.CausalityInterfaceForComposites._computeInputDepth(CausalityInterfaceForComposites.java:696)
	at ptolemy.actor.util.CausalityInterfaceForComposites._computeActorDepth(CausalityInterfaceForComposites.java:532)
	at ptolemy.actor.util.CausalityInterfaceForComposites.checkForCycles(CausalityInterfaceForComposites.java:96)
	at ptolemy.domains.de.kernel.DEDirector.preinitialize(DEDirector.java:1337)
	at ptolemy.actor.CompositeActor.preinitialize(CompositeActor.java:1828)
	at ptolemy.actor.Manager.preinitializeAndResolveTypes(Manager.java:1040)
	at ptolemy.actor.Manager.initialize(Manager.java:710)
	at ptolemy.actor.Manager.execute(Manager.java:356)
	at ptolemy.actor.Manager.run(Manager.java:1263)
	at ptolemy.actor.Manager$PtolemyRunThread.run(Manager.java:1915)
java.lang.RuntimeException: Execution failed
	at ptolemy.moml.MoMLSimpleApplication$UnloadThread.run(MoMLSimpleApplication.java:402)
Caused by: ptolemy.kernel.util.IllegalActionException: Found a zero delay loop containing .dependencyLoop2.original
  in .dependencyLoop2 and .dependencyLoop2.original
	at ptolemy.actor.util.CausalityInterfaceForComposites._computeOutputPortDepth(CausalityInterfaceForComposites.java:759)
	at ptolemy.actor.util.CausalityInterfaceForComposites._computeInputDepth(CausalityInterfaceForComposites.java:696)
	at ptolemy.actor.util.CausalityInterfaceForComposites._computeOutputPortDepth(CausalityInterfaceForComposites.java:765)
	at ptolemy.actor.util.CausalityInterfaceForComposites._computeInputDepth(CausalityInterfaceForComposites.java:696)
	at ptolemy.actor.util.CausalityInterfaceForComposites._computeOutputPortDepth(CausalityInterfaceForComposites.java:765)
	at ptolemy.actor.util.CausalityInterfaceForComposites._computeInputDepth(CausalityInterfaceForComposites.java:696)
	at ptolemy.actor.util.CausalityInterfaceForComposites._computeActorDepth(CausalityInterfaceForComposites.java:532)
	at ptolemy.actor.util.CausalityInterfaceForComposites.checkForCycles(CausalityInterfaceForComposites.java:96)
	at ptolemy.domains.de.kernel.DEDirector.preinitialize(DEDirector.java:1337)
	at ptolemy.actor.CompositeActor.preinitialize(CompositeActor.java:1828)
	at ptolemy.actor.Manager.preinitializeAndResolveTypes(Manager.java:1040)
	at ptolemy.actor.Manager.initialize(Manager.java:710)
	at ptolemy.actor.Manager.execute(Manager.java:356)
	at ptolemy.actor.Manager.run(Manager.java:1263)
	at ptolemy.actor.Manager$PtolemyRunThread.run(Manager.java:1915)
java.lang.RuntimeException: Execution failed
	at ptolemy.moml.MoMLSimpleApplication$UnloadThread.run(MoMLSimpleApplication.java:402)
Caused by: ptolemy.kernel.util.IllegalActionException: Found a zero delay loop containing .dependencyLoop.original
  in .dependencyLoop and .dependencyLoop.original
	at ptolemy.actor.util.CausalityInterfaceForComposites._computeOutputPortDepth(CausalityInterfaceForComposites.java:759)
	at ptolemy.actor.util.CausalityInterfaceForComposites._computeInputDepth(CausalityInterfaceForComposites.java:696)
	at ptolemy.actor.util.CausalityInterfaceForComposites._computeOutputPortDepth(CausalityInterfaceForComposites.java:765)
	at ptolemy.actor.util.CausalityInterfaceForComposites._computeInputDepth(CausalityInterfaceForComposites.java:696)
	at ptolemy.actor.util.CausalityInterfaceForComposites._computeOutputPortDepth(CausalityInterfaceForComposites.java:765)
	at ptolemy.actor.util.CausalityInterfaceForComposites._computeInputDepth(CausalityInterfaceForComposites.java:696)
	at ptolemy.actor.util.CausalityInterfaceForComposites._computeActorDepth(CausalityInterfaceForComposites.java:532)
	at ptolemy.actor.util.CausalityInterfaceForComposites.checkForCycles(CausalityInterfaceForComposites.java:96)
	at ptolemy.domains.de.kernel.DEDirector.preinitialize(DEDirector.java:1337)
	at ptolemy.actor.CompositeActor.preinitialize(CompositeActor.java:1828)
	at ptolemy.actor.Manager.preinitializeAndResolveTypes(Manager.java:1040)
	at ptolemy.actor.Manager.initialize(Manager.java:710)
	at ptolemy.actor.Manager.execute(Manager.java:356)
	at ptolemy.actor.Manager.run(Manager.java:1263)
	at ptolemy.actor.Manager$PtolemyRunThread.run(Manager.java:1915)
java.lang.RuntimeException: Execution failed
	at ptolemy.moml.MoMLSimpleApplication$UnloadThread.run(MoMLSimpleApplication.java:402)
Caused by: ptolemy.kernel.util.IllegalActionException: Actor is not ready to fire.  Perhaps UpSample.prefire() returned false? Try debugging the actor by selecting "Listen to Actor".  Also, for SDF check moml for tokenConsumptionRate on input.
  in .DESDFClockTest.Play Bell.Copy1:SDF Director and .DESDFClockTest.Play Bell.UpSample
	at ptolemy.actor.sched.StaticSchedulingDirector.fire(StaticSchedulingDirector.java:227)
	at ptolemy.domains.sdf.kernel.SDFDirector.fire(SDFDirector.java:500)
	at ptolemy.actor.CompositeActor.fire(CompositeActor.java:455)
	at ptolemy.domains.de.kernel.DEDirector._fire(DEDirector.java:1948)
	at ptolemy.domains.de.kernel.DEDirector.fire(DEDirector.java:502)
	at ptolemy.actor.CompositeActor.fire(CompositeActor.java:455)
	at ptolemy.actor.Manager.iterate(Manager.java:851)
	at ptolemy.actor.Manager.execute(Manager.java:369)
	at ptolemy.actor.Manager.run(Manager.java:1263)
	at ptolemy.actor.Manager$PtolemyRunThread.run(Manager.java:1915)
java.lang.RuntimeException: Execution failed
	at ptolemy.moml.MoMLSimpleApplication$UnloadThread.run(MoMLSimpleApplication.java:402)
Caused by: ptolemy.kernel.util.IllegalActionException: Found a zero delay loop containing .dependencyLoop2.original
  in .dependencyLoop2 and .dependencyLoop2.original
	at ptolemy.actor.util.CausalityInterfaceForComposites._computeOutputPortDepth(CausalityInterfaceForComposites.java:759)
	at ptolemy.actor.util.CausalityInterfaceForComposites._computeInputDepth(CausalityInterfaceForComposites.java:696)
	at ptolemy.actor.util.CausalityInterfaceForComposites._computeOutputPortDepth(CausalityInterfaceForComposites.java:765)
	at ptolemy.actor.util.CausalityInterfaceForComposites._computeInputDepth(CausalityInterfaceForComposites.java:696)
	at ptolemy.actor.util.CausalityInterfaceForComposites._computeOutputPortDepth(CausalityInterfaceForComposites.java:765)
	at ptolemy.actor.util.CausalityInterfaceForComposites._computeInputDepth(CausalityInterfaceForComposites.java:696)
	at ptolemy.actor.util.CausalityInterfaceForComposites._computeActorDepth(CausalityInterfaceForComposites.java:532)
	at ptolemy.actor.util.CausalityInterfaceForComposites.checkForCycles(CausalityInterfaceForComposites.java:96)
	at ptolemy.domains.de.kernel.DEDirector.preinitialize(DEDirector.java:1337)
	at ptolemy.actor.CompositeActor.preinitialize(CompositeActor.java:1828)
	at ptolemy.actor.Manager.preinitializeAndResolveTypes(Manager.java:1040)
	at ptolemy.actor.Manager.initialize(Manager.java:710)
	at ptolemy.actor.Manager.execute(Manager.java:356)
	at ptolemy.actor.Manager.run(Manager.java:1263)
	at ptolemy.actor.Manager$PtolemyRunThread.run(Manager.java:1915)
java.lang.RuntimeException: Execution failed
	at ptolemy.moml.MoMLSimpleApplication$UnloadThread.run(MoMLSimpleApplication.java:402)
Caused by: ptolemy.kernel.util.IllegalActionException: Found a zero delay loop containing .HierarchicalModel.A
  in .HierarchicalModel and .HierarchicalModel.A
	at ptolemy.actor.util.CausalityInterfaceForComposites._computeOutputPortDepth(CausalityInterfaceForComposites.java:759)
	at ptolemy.actor.util.CausalityInterfaceForComposites._computeInputDepth(CausalityInterfaceForComposites.java:696)
	at ptolemy.actor.util.CausalityInterfaceForComposites._computeOutputPortDepth(CausalityInterfaceForComposites.java:765)
	at ptolemy.actor.util.CausalityInterfaceForComposites._computeInputDepth(CausalityInterfaceForComposites.java:696)
	at ptolemy.actor.util.CausalityInterfaceForComposites._computeOutputPortDepth(CausalityInterfaceForComposites.java:765)
	at ptolemy.actor.util.CausalityInterfaceForComposites._computeInputDepth(CausalityInterfaceForComposites.java:696)
	at ptolemy.actor.util.CausalityInterfaceForComposites._computeActorDepth(CausalityInterfaceForComposites.java:532)
	at ptolemy.actor.util.CausalityInterfaceForComposites.checkForCycles(CausalityInterfaceForComposites.java:96)
	at ptolemy.domains.de.kernel.DEDirector.preinitialize(DEDirector.java:1337)
	at ptolemy.actor.CompositeActor.preinitialize(CompositeActor.java:1828)
	at ptolemy.actor.Manager.preinitializeAndResolveTypes(Manager.java:1040)
	at ptolemy.actor.Manager.initialize(Manager.java:710)
	at ptolemy.actor.Manager.execute(Manager.java:356)
	at ptolemy.actor.Manager.run(Manager.java:1263)
	at ptolemy.actor.Manager$PtolemyRunThread.run(Manager.java:1915)
java.lang.RuntimeException: Execution failed
	at ptolemy.moml.MoMLSimpleApplication$UnloadThread.run(MoMLSimpleApplication.java:402)
Caused by: ptolemy.kernel.util.IllegalActionException: Test fails in iteration 1.
Value was: 1.0. Should have been: 2.0
  in .DirectFeedback.Test
	at ptolemy.actor.lib.Test.fire(Test.java:268)
	at ptolemy.domains.de.kernel.DEDirector._fire(DEDirector.java:1948)
	at ptolemy.domains.de.kernel.DEDirector.fire(DEDirector.java:502)
	at ptolemy.actor.CompositeActor.fire(CompositeActor.java:455)
	at ptolemy.actor.Manager.iterate(Manager.java:851)
	at ptolemy.actor.Manager.execute(Manager.java:369)
	at ptolemy.actor.Manager.run(Manager.java:1263)
	at ptolemy.actor.Manager$PtolemyRunThread.run(Manager.java:1915)
java.lang.RuntimeException: Execution failed
	at ptolemy.moml.MoMLSimpleApplication$UnloadThread.run(MoMLSimpleApplication.java:402)
Caused by: ptolemy.kernel.util.IllegalActionException: Actor is not ready to fire.  Perhaps UpSample.prefire() returned false? Try debugging the actor by selecting "Listen to Actor".  Also, for SDF check moml for tokenConsumptionRate on input.
  in .DESDFClockTest.Play Bell.Copy1:SDF Director and .DESDFClockTest.Play Bell.UpSample
	at ptolemy.actor.sched.StaticSchedulingDirector.fire(StaticSchedulingDirector.java:227)
	at ptolemy.domains.sdf.kernel.SDFDirector.fire(SDFDirector.java:500)
	at ptolemy.actor.CompositeActor.fire(CompositeActor.java:455)
	at ptolemy.domains.de.kernel.DEDirector._fire(DEDirector.java:1948)
	at ptolemy.domains.de.kernel.DEDirector.fire(DEDirector.java:502)
	at ptolemy.actor.CompositeActor.fire(CompositeActor.java:455)
	at ptolemy.actor.Manager.iterate(Manager.java:851)
	at ptolemy.actor.Manager.execute(Manager.java:369)
	at ptolemy.actor.Manager.run(Manager.java:1263)
	at ptolemy.actor.Manager$PtolemyRunThread.run(Manager.java:1915)
java.lang.reflect.InvocationTargetException
	at sun.reflect.NativeConstructorAccessorImpl.newInstance0(Native Method)
	at sun.reflect.NativeConstructorAccessorImpl.newInstance(NativeConstructorAccessorImpl.java:62)
	at sun.reflect.DelegatingConstructorAccessorImpl.newInstance(DelegatingConstructorAccessorImpl.java:45)
	at java.lang.reflect.Constructor.newInstance(Constructor.java:423)
	at ptolemy.util.test.junit.AutoKnownFailedTests.RunModel(AutoKnownFailedTests.java:107)
	at sun.reflect.NativeMethodAccessorImpl.invoke0(Native Method)
	at sun.reflect.NativeMethodAccessorImpl.invoke(NativeMethodAccessorImpl.java:62)
	at sun.reflect.DelegatingMethodAccessorImpl.invoke(DelegatingMethodAccessorImpl.java:43)
	at java.lang.reflect.Method.invoke(Method.java:498)
	at org.junit.runners.model.FrameworkMethod$1.runReflectiveCall(FrameworkMethod.java:44)
	at org.junit.internal.runners.model.ReflectiveCallable.run(ReflectiveCallable.java:15)
	at org.junit.runners.model.FrameworkMethod.invokeExplosively(FrameworkMethod.java:41)
	at junitparams.internal.InvokeParameterisedMethod.evaluate(InvokeParameterisedMethod.java:102)
	at org.junit.internal.runners.statements.FailOnTimeout$1.run(FailOnTimeout.java:28)
Caused by: ptolemy.kernel.util.IllegalActionException: Actor is not ready to fire.  Perhaps UpSample.prefire() returned false? Try debugging the actor by selecting "Listen to Actor".  Also, for SDF check moml for tokenConsumptionRate on input.
  in .DESDFClockTest.Play Bell.Copy1:SDF Director and .DESDFClockTest.Play Bell.UpSample
	at ptolemy.actor.sched.StaticSchedulingDirector.fire(StaticSchedulingDirector.java:227)
	at ptolemy.domains.sdf.kernel.SDFDirector.fire(SDFDirector.java:500)
	at ptolemy.actor.CompositeActor.fire(CompositeActor.java:455)
	at ptolemy.domains.de.kernel.DEDirector._fire(DEDirector.java:1948)
	at ptolemy.domains.de.kernel.DEDirector.fire(DEDirector.java:502)
	at ptolemy.actor.CompositeActor.fire(CompositeActor.java:455)
	at ptolemy.actor.Manager.iterate(Manager.java:851)
	at ptolemy.actor.Manager.execute(Manager.java:369)
	at ptolemy.actor.Manager.run(Manager.java:1263)
	at ptolemy.actor.Manager$PtolemyRunThread.run(Manager.java:1915)
java.lang.RuntimeException: Execution failed
	at ptolemy.moml.MoMLSimpleApplication$UnloadThread.run(MoMLSimpleApplication.java:402)
Caused by: ptolemy.kernel.util.IllegalActionException: Test fails in iteration 1.
Value was: 1.0. Should have been: 2.0
  in .DirectFeedback.Test
	at ptolemy.actor.lib.Test.fire(Test.java:268)
	at ptolemy.domains.de.kernel.DEDirector._fire(DEDirector.java:1948)
	at ptolemy.domains.de.kernel.DEDirector.fire(DEDirector.java:502)
	at ptolemy.actor.CompositeActor.fire(CompositeActor.java:455)
	at ptolemy.actor.Manager.iterate(Manager.java:851)
	at ptolemy.actor.Manager.execute(Manager.java:369)
	at ptolemy.actor.Manager.run(Manager.java:1263)
	at ptolemy.actor.Manager$PtolemyRunThread.run(Manager.java:1915)
java.lang.reflect.InvocationTargetException
	at sun.reflect.NativeConstructorAccessorImpl.newInstance0(Native Method)
	at sun.reflect.NativeConstructorAccessorImpl.newInstance(NativeConstructorAccessorImpl.java:62)
	at sun.reflect.DelegatingConstructorAccessorImpl.newInstance(DelegatingConstructorAccessorImpl.java:45)
	at java.lang.reflect.Constructor.newInstance(Constructor.java:423)
	at ptolemy.util.test.junit.AutoKnownFailedTests.RunModel(AutoKnownFailedTests.java:107)
	at sun.reflect.NativeMethodAccessorImpl.invoke0(Native Method)
	at sun.reflect.NativeMethodAccessorImpl.invoke(NativeMethodAccessorImpl.java:62)
	at sun.reflect.DelegatingMethodAccessorImpl.invoke(DelegatingMethodAccessorImpl.java:43)
	at java.lang.reflect.Method.invoke(Method.java:498)
	at org.junit.runners.model.FrameworkMethod$1.runReflectiveCall(FrameworkMethod.java:44)
	at org.junit.internal.runners.model.ReflectiveCallable.run(ReflectiveCallable.java:15)
	at org.junit.runners.model.FrameworkMethod.invokeExplosively(FrameworkMethod.java:41)
	at junitparams.internal.InvokeParameterisedMethod.evaluate(InvokeParameterisedMethod.java:102)
	at org.junit.internal.runners.statements.FailOnTimeout$1.run(FailOnTimeout.java:28)
Caused by: ptolemy.kernel.util.IllegalActionException: Test fails in iteration 1.
Value was: 1.0. Should have been: 2.0
  in .DirectFeedback.Test
	at ptolemy.actor.lib.Test.fire(Test.java:268)
	at ptolemy.domains.de.kernel.DEDirector._fire(DEDirector.java:1948)
	at ptolemy.domains.de.kernel.DEDirector.fire(DEDirector.java:502)
	at ptolemy.actor.CompositeActor.fire(CompositeActor.java:455)
	at ptolemy.actor.Manager.iterate(Manager.java:851)
	at ptolemy.actor.Manager.execute(Manager.java:369)
	at ptolemy.actor.Manager.run(Manager.java:1263)
	at ptolemy.actor.Manager$PtolemyRunThread.run(Manager.java:1915)
java.lang.RuntimeException: Execution failed
	at ptolemy.moml.MoMLSimpleApplication$UnloadThread.run(MoMLSimpleApplication.java:402)
Caused by: ptolemy.kernel.util.IllegalActionException: Found a zero delay loop containing .HierarchicalModel.A
  in .HierarchicalModel and .HierarchicalModel.A
	at ptolemy.actor.util.CausalityInterfaceForComposites._computeOutputPortDepth(CausalityInterfaceForComposites.java:759)
	at ptolemy.actor.util.CausalityInterfaceForComposites._computeInputDepth(CausalityInterfaceForComposites.java:696)
	at ptolemy.actor.util.CausalityInterfaceForComposites._computeOutputPortDepth(CausalityInterfaceForComposites.java:765)
	at ptolemy.actor.util.CausalityInterfaceForComposites._computeInputDepth(CausalityInterfaceForComposites.java:696)
	at ptolemy.actor.util.CausalityInterfaceForComposites._computeOutputPortDepth(CausalityInterfaceForComposites.java:765)
	at ptolemy.actor.util.CausalityInterfaceForComposites._computeInputDepth(CausalityInterfaceForComposites.java:696)
	at ptolemy.actor.util.CausalityInterfaceForComposites._computeActorDepth(CausalityInterfaceForComposites.java:532)
	at ptolemy.actor.util.CausalityInterfaceForComposites.checkForCycles(CausalityInterfaceForComposites.java:96)
	at ptolemy.domains.de.kernel.DEDirector.preinitialize(DEDirector.java:1337)
	at ptolemy.actor.CompositeActor.preinitialize(CompositeActor.java:1828)
	at ptolemy.actor.Manager.preinitializeAndResolveTypes(Manager.java:1040)
	at ptolemy.actor.Manager.initialize(Manager.java:710)
	at ptolemy.actor.Manager.execute(Manager.java:356)
	at ptolemy.actor.Manager.run(Manager.java:1263)
	at ptolemy.actor.Manager$PtolemyRunThread.run(Manager.java:1915)
java.lang.reflect.InvocationTargetException
	at sun.reflect.NativeConstructorAccessorImpl.newInstance0(Native Method)
	at sun.reflect.NativeConstructorAccessorImpl.newInstance(NativeConstructorAccessorImpl.java:62)
	at sun.reflect.DelegatingConstructorAccessorImpl.newInstance(DelegatingConstructorAccessorImpl.java:45)
	at java.lang.reflect.Constructor.newInstance(Constructor.java:423)
	at ptolemy.util.test.junit.AutoKnownFailedTests.RunModel(AutoKnownFailedTests.java:107)
	at sun.reflect.NativeMethodAccessorImpl.invoke0(Native Method)
	at sun.reflect.NativeMethodAccessorImpl.invoke(NativeMethodAccessorImpl.java:62)
	at sun.reflect.DelegatingMethodAccessorImpl.invoke(DelegatingMethodAccessorImpl.java:43)
	at java.lang.reflect.Method.invoke(Method.java:498)
	at org.junit.runners.model.FrameworkMethod$1.runReflectiveCall(FrameworkMethod.java:44)
	at org.junit.internal.runners.model.ReflectiveCallable.run(ReflectiveCallable.java:15)
	at org.junit.runners.model.FrameworkMethod.invokeExplosively(FrameworkMethod.java:41)
	at junitparams.internal.InvokeParameterisedMethod.evaluate(InvokeParameterisedMethod.java:102)
	at org.junit.internal.runners.statements.FailOnTimeout$1.run(FailOnTimeout.java:28)
Caused by: ptolemy.kernel.util.IllegalActionException: Found a zero delay loop containing .HierarchicalModel.A
  in .HierarchicalModel and .HierarchicalModel.A
	at ptolemy.actor.util.CausalityInterfaceForComposites._computeOutputPortDepth(CausalityInterfaceForComposites.java:759)
	at ptolemy.actor.util.CausalityInterfaceForComposites._computeInputDepth(CausalityInterfaceForComposites.java:696)
	at ptolemy.actor.util.CausalityInterfaceForComposites._computeOutputPortDepth(CausalityInterfaceForComposites.java:765)
	at ptolemy.actor.util.CausalityInterfaceForComposites._computeInputDepth(CausalityInterfaceForComposites.java:696)
	at ptolemy.actor.util.CausalityInterfaceForComposites._computeOutputPortDepth(CausalityInterfaceForComposites.java:765)
	at ptolemy.actor.util.CausalityInterfaceForComposites._computeInputDepth(CausalityInterfaceForComposites.java:696)
	at ptolemy.actor.util.CausalityInterfaceForComposites._computeActorDepth(CausalityInterfaceForComposites.java:532)
	at ptolemy.actor.util.CausalityInterfaceForComposites.checkForCycles(CausalityInterfaceForComposites.java:96)
	at ptolemy.domains.de.kernel.DEDirector.preinitialize(DEDirector.java:1337)
	at ptolemy.actor.CompositeActor.preinitialize(CompositeActor.java:1828)
	at ptolemy.actor.Manager.preinitializeAndResolveTypes(Manager.java:1040)
	at ptolemy.actor.Manager.initialize(Manager.java:710)
	at ptolemy.actor.Manager.execute(Manager.java:356)
	at ptolemy.actor.Manager.run(Manager.java:1263)
	at ptolemy.actor.Manager$PtolemyRunThread.run(Manager.java:1915)
java.lang.RuntimeException: Execution failed
	at ptolemy.moml.MoMLSimpleApplication$UnloadThread.run(MoMLSimpleApplication.java:402)
Caused by: ptolemy.kernel.util.IllegalActionException: Found a zero delay loop containing .dependencyLoop.original
  in .dependencyLoop and .dependencyLoop.original
	at ptolemy.actor.util.CausalityInterfaceForComposites._computeOutputPortDepth(CausalityInterfaceForComposites.java:759)
	at ptolemy.actor.util.CausalityInterfaceForComposites._computeInputDepth(CausalityInterfaceForComposites.java:696)
	at ptolemy.actor.util.CausalityInterfaceForComposites._computeOutputPortDepth(CausalityInterfaceForComposites.java:765)
	at ptolemy.actor.util.CausalityInterfaceForComposites._computeInputDepth(CausalityInterfaceForComposites.java:696)
	at ptolemy.actor.util.CausalityInterfaceForComposites._computeOutputPortDepth(CausalityInterfaceForComposites.java:765)
	at ptolemy.actor.util.CausalityInterfaceForComposites._computeInputDepth(CausalityInterfaceForComposites.java:696)
	at ptolemy.actor.util.CausalityInterfaceForComposites._computeActorDepth(CausalityInterfaceForComposites.java:532)
	at ptolemy.actor.util.CausalityInterfaceForComposites.checkForCycles(CausalityInterfaceForComposites.java:96)
	at ptolemy.domains.de.kernel.DEDirector.preinitialize(DEDirector.java:1337)
	at ptolemy.actor.CompositeActor.preinitialize(CompositeActor.java:1828)
	at ptolemy.actor.Manager.preinitializeAndResolveTypes(Manager.java:1040)
	at ptolemy.actor.Manager.initialize(Manager.java:710)
	at ptolemy.actor.Manager.execute(Manager.java:356)
	at ptolemy.actor.Manager.run(Manager.java:1263)
	at ptolemy.actor.Manager$PtolemyRunThread.run(Manager.java:1915)
java.lang.reflect.InvocationTargetException
	at sun.reflect.NativeConstructorAccessorImpl.newInstance0(Native Method)
	at sun.reflect.NativeConstructorAccessorImpl.newInstance(NativeConstructorAccessorImpl.java:62)
	at sun.reflect.DelegatingConstructorAccessorImpl.newInstance(DelegatingConstructorAccessorImpl.java:45)
	at java.lang.reflect.Constructor.newInstance(Constructor.java:423)
	at ptolemy.util.test.junit.AutoKnownFailedTests.RunModel(AutoKnownFailedTests.java:107)
	at sun.reflect.NativeMethodAccessorImpl.invoke0(Native Method)
	at sun.reflect.NativeMethodAccessorImpl.invoke(NativeMethodAccessorImpl.java:62)
	at sun.reflect.DelegatingMethodAccessorImpl.invoke(DelegatingMethodAccessorImpl.java:43)
	at java.lang.reflect.Method.invoke(Method.java:498)
	at org.junit.runners.model.FrameworkMethod$1.runReflectiveCall(FrameworkMethod.java:44)
	at org.junit.internal.runners.model.ReflectiveCallable.run(ReflectiveCallable.java:15)
	at org.junit.runners.model.FrameworkMethod.invokeExplosively(FrameworkMethod.java:41)
	at junitparams.internal.InvokeParameterisedMethod.evaluate(InvokeParameterisedMethod.java:102)
	at org.junit.internal.runners.statements.FailOnTimeout$1.run(FailOnTimeout.java:28)
Caused by: ptolemy.kernel.util.IllegalActionException: Found a zero delay loop containing .dependencyLoop.original
  in .dependencyLoop and .dependencyLoop.original
	at ptolemy.actor.util.CausalityInterfaceForComposites._computeOutputPortDepth(CausalityInterfaceForComposites.java:759)
	at ptolemy.actor.util.CausalityInterfaceForComposites._computeInputDepth(CausalityInterfaceForComposites.java:696)
	at ptolemy.actor.util.CausalityInterfaceForComposites._computeOutputPortDepth(CausalityInterfaceForComposites.java:765)
	at ptolemy.actor.util.CausalityInterfaceForComposites._computeInputDepth(CausalityInterfaceForComposites.java:696)
	at ptolemy.actor.util.CausalityInterfaceForComposites._computeOutputPortDepth(CausalityInterfaceForComposites.java:765)
	at ptolemy.actor.util.CausalityInterfaceForComposites._computeInputDepth(CausalityInterfaceForComposites.java:696)
	at ptolemy.actor.util.CausalityInterfaceForComposites._computeActorDepth(CausalityInterfaceForComposites.java:532)
	at ptolemy.actor.util.CausalityInterfaceForComposites.checkForCycles(CausalityInterfaceForComposites.java:96)
	at ptolemy.domains.de.kernel.DEDirector.preinitialize(DEDirector.java:1337)
	at ptolemy.actor.CompositeActor.preinitialize(CompositeActor.java:1828)
	at ptolemy.actor.Manager.preinitializeAndResolveTypes(Manager.java:1040)
	at ptolemy.actor.Manager.initialize(Manager.java:710)
	at ptolemy.actor.Manager.execute(Manager.java:356)
	at ptolemy.actor.Manager.run(Manager.java:1263)
	at ptolemy.actor.Manager$PtolemyRunThread.run(Manager.java:1915)
java.lang.RuntimeException: Execution failed
	at ptolemy.moml.MoMLSimpleApplication$UnloadThread.run(MoMLSimpleApplication.java:402)
Caused by: ptolemy.kernel.util.IllegalActionException: Found a zero delay loop containing .dependencyLoop2.original
  in .dependencyLoop2 and .dependencyLoop2.original
	at ptolemy.actor.util.CausalityInterfaceForComposites._computeOutputPortDepth(CausalityInterfaceForComposites.java:759)
	at ptolemy.actor.util.CausalityInterfaceForComposites._computeInputDepth(CausalityInterfaceForComposites.java:696)
	at ptolemy.actor.util.CausalityInterfaceForComposites._computeOutputPortDepth(CausalityInterfaceForComposites.java:765)
	at ptolemy.actor.util.CausalityInterfaceForComposites._computeInputDepth(CausalityInterfaceForComposites.java:696)
	at ptolemy.actor.util.CausalityInterfaceForComposites._computeOutputPortDepth(CausalityInterfaceForComposites.java:765)
	at ptolemy.actor.util.CausalityInterfaceForComposites._computeInputDepth(CausalityInterfaceForComposites.java:696)
	at ptolemy.actor.util.CausalityInterfaceForComposites._computeActorDepth(CausalityInterfaceForComposites.java:532)
	at ptolemy.actor.util.CausalityInterfaceForComposites.checkForCycles(CausalityInterfaceForComposites.java:96)
	at ptolemy.domains.de.kernel.DEDirector.preinitialize(DEDirector.java:1337)
	at ptolemy.actor.CompositeActor.preinitialize(CompositeActor.java:1828)
	at ptolemy.actor.Manager.preinitializeAndResolveTypes(Manager.java:1040)
	at ptolemy.actor.Manager.initialize(Manager.java:710)
	at ptolemy.actor.Manager.execute(Manager.java:356)
	at ptolemy.actor.Manager.run(Manager.java:1263)
	at ptolemy.actor.Manager$PtolemyRunThread.run(Manager.java:1915)
java.lang.reflect.InvocationTargetException
	at sun.reflect.NativeConstructorAccessorImpl.newInstance0(Native Method)
	at sun.reflect.NativeConstructorAccessorImpl.newInstance(NativeConstructorAccessorImpl.java:62)
	at sun.reflect.DelegatingConstructorAccessorImpl.newInstance(DelegatingConstructorAccessorImpl.java:45)
	at java.lang.reflect.Constructor.newInstance(Constructor.java:423)
	at ptolemy.util.test.junit.AutoKnownFailedTests.RunModel(AutoKnownFailedTests.java:107)
	at sun.reflect.NativeMethodAccessorImpl.invoke0(Native Method)
	at sun.reflect.NativeMethodAccessorImpl.invoke(NativeMethodAccessorImpl.java:62)
	at sun.reflect.DelegatingMethodAccessorImpl.invoke(DelegatingMethodAccessorImpl.java:43)
	at java.lang.reflect.Method.invoke(Method.java:498)
	at org.junit.runners.model.FrameworkMethod$1.runReflectiveCall(FrameworkMethod.java:44)
	at org.junit.internal.runners.model.ReflectiveCallable.run(ReflectiveCallable.java:15)
	at org.junit.runners.model.FrameworkMethod.invokeExplosively(FrameworkMethod.java:41)
	at junitparams.internal.InvokeParameterisedMethod.evaluate(InvokeParameterisedMethod.java:102)
	at org.junit.internal.runners.statements.FailOnTimeout$1.run(FailOnTimeout.java:28)
Caused by: ptolemy.kernel.util.IllegalActionException: Found a zero delay loop containing .dependencyLoop2.original
  in .dependencyLoop2 and .dependencyLoop2.original
	at ptolemy.actor.util.CausalityInterfaceForComposites._computeOutputPortDepth(CausalityInterfaceForComposites.java:759)
	at ptolemy.actor.util.CausalityInterfaceForComposites._computeInputDepth(CausalityInterfaceForComposites.java:696)
	at ptolemy.actor.util.CausalityInterfaceForComposites._computeOutputPortDepth(CausalityInterfaceForComposites.java:765)
	at ptolemy.actor.util.CausalityInterfaceForComposites._computeInputDepth(CausalityInterfaceForComposites.java:696)
	at ptolemy.actor.util.CausalityInterfaceForComposites._computeOutputPortDepth(CausalityInterfaceForComposites.java:765)
	at ptolemy.actor.util.CausalityInterfaceForComposites._computeInputDepth(CausalityInterfaceForComposites.java:696)
	at ptolemy.actor.util.CausalityInterfaceForComposites._computeActorDepth(CausalityInterfaceForComposites.java:532)
	at ptolemy.actor.util.CausalityInterfaceForComposites.checkForCycles(CausalityInterfaceForComposites.java:96)
	at ptolemy.domains.de.kernel.DEDirector.preinitialize(DEDirector.java:1337)
	at ptolemy.actor.CompositeActor.preinitialize(CompositeActor.java:1828)
	at ptolemy.actor.Manager.preinitializeAndResolveTypes(Manager.java:1040)
	at ptolemy.actor.Manager.initialize(Manager.java:710)
	at ptolemy.actor.Manager.execute(Manager.java:356)
	at ptolemy.actor.Manager.run(Manager.java:1263)
	at ptolemy.actor.Manager$PtolemyRunThread.run(Manager.java:1915)
]]></system-err>
</testsuite>
