<?xml version="1.0" encoding="UTF-8" ?>
<testsuite errors="0" failures="0" hostname="travis-job-19728a33-7aca-4e5e-bdd6-891169f1a6a4" name="ptolemy.cg.adapter.generic.program.procedural.c.adapters.ptolemy.domains.ptides.lib.test.junit.JUnitCGCNoInlineTest" skipped="0" tests="18" time="56.306" timestamp="2018-04-19T03:40:12">
  <properties>
    <property name="npm.executable" value="npm" />
    <property name="file.encoding.pkg" value="sun.io" />
    <property name="ptII.mk.exists" value="true" />
    <property name="env.rvm_bin_path" value="/home/travis/.rvm/bin" />
    <property name="java.home" value="/usr/lib/jvm/java-8-oracle/jre" />
    <property name="env.TRAVIS_JOB_NUMBER" value="270.6" />
    <property name="env.DISPLAY" value=":99.0" />
    <property name="java.net.preferIPv4Stack" value="true" />
    <property name="env.SSH_TTY" value="/dev/pts/0" />
    <property name="timeout.short" value="1000000" />
    <property name="env.TRAVIS_STACK_NODE_ATTRIBUTES" value="/.node-attributes.yml" />
    <property name="junit.formatter" value="xml" />
    <property name="java.endorsed.dirs" value="/usr/lib/jvm/java-8-oracle/jre/lib/endorsed" />
    <property name="env.TRAVIS_SUDO" value="true" />
    <property name="env.LOGNAME" value="travis" />
    <property name="jsdoc.home" value="node_modules/@terraswarm/jsdoc" />
    <property name="debuglevel" value="source,lines,vars" />
    <property name="checkstyle.formatter" value="xml" />
    <property name="bin.vergil.makeable" value="true" />
    <property name="env._system_version" value="14.04" />
    <property name="sun.os.patch.level" value="unknown" />
    <property name="java.vendor.url" value="http://java.oracle.com/" />
    <property name="java.version" value="1.8.0_151" />
    <property name="env.TZ" value="UTC" />
    <property name="env.PT_NO_NET" value="true" />
    <property name="env.TRAVIS_PULL_REQUEST_SHA" value="" />
    <property name="env.TRAVIS_SECURE_ENV_VARS" value="true" />
    <property name="env._system_type" value="Linux" />
    <property name="java.vendor.url.bug" value="http://bugreport.sun.com/bugreport/" />
    <property name="env.SSH_CLIENT" value="10.10.16.9 49804 22" />
    <property name="npmjs-org-is-up" value="true" />
    <property name="env.GEM_HOME" value="/home/travis/.rvm/gems/ruby-2.4.1" />
    <property name="env.HAS_ANTARES_THREE_LITTLE_FRONZIES_BADGE" value="true" />
    <property name="env.PS4" value="+" />
    <property name="ant.project.invoked-targets" value="build-all,test.report.short" />
    <property name="env.TRAVIS_PULL_REQUEST_BRANCH" value="" />
    <property name="env.TRAVIS_REPO_SLUG" value="icyphy/ptII" />
    <property name="node.in.path" value="true" />
    <property name="java.maxmemory" value="1400m" />
    <property name="env.RUBY_VERSION" value="ruby-2.4.1" />
    <property name="user.name" value="travis" />
    <property name="env.LANG" value="en_US.UTF-8" />
    <property name="sun.io.unicode.encoding" value="UnicodeLittle" />
    <property name="sun.jnu.encoding" value="UTF-8" />
    <property name="java.runtime.name" value="Java(TM) SE Runtime Environment" />
    <property name="usefile" value="false" />
    <property name="return.code" value="0" />
    <property name="junit.single.formatter" value="plain" />
    <property name="env.DYLD_LIBRARY_PATH" value="/home/travis/pthla/certi-tools/lib:" />
    <property name="env.DEBIAN_FRONTEND" value="noninteractive" />
    <property name="env.SSH_CONNECTION" value="10.10.16.9 49804 10.20.0.18 22" />
    <property name="env.MYSQL_UNIX_PORT" value="/var/run/mysqld/mysqld.sock" />
    <property name="env.TRAVIS_ALLOW_FAILURE" value="false" />
    <property name="env.LC_ALL" value="en_US.UTF-8" />
    <property name="java.specification.name" value="Java Platform API Specification" />
    <property name="node.works" value="true" />
    <property name="user.timezone" value="" />
    <property name="path.separator" value=":" />
    <property name="env.PYTHON_CFLAGS" value="-g -fstack-protector --param=ssp-buffer-size=4 -Wformat -Werror=format-security" />
    <property name="timeout.long" value="4000000" />
    <property name="env.CERTI_HOME" value="/home/travis/pthla/certi-tools" />
    <property name="file.encoding" value="UTF-8" />
    <property name="ant.file.ptII" value="/home/travis/build/icyphy/ptII/build.xml" />
    <property name="javadoc.packagenames" value="com.*,diva.*,lbnl.*,org.hlacerti.*,org.json.*,org.ptolemy.*,org.terraswarm.*,ptolemy.*,ptserver.*" />
    <property name="env.TRAVIS_PULL_REQUEST_SLUG" value="" />
    <property name="ant.project.default-target" value="build" />
    <property name="env.GIT_ASKPASS" value="echo" />
    <property name="env.HOME" value="/home/travis" />
    <property name="sun.java.command" value="org.apache.tools.ant.taskdefs.optional.junit.JUnitTestRunner ptolemy.cg.adapter.generic.program.procedural.c.adapters.ptolemy.domains.ptides.lib.test.junit.JUnitCGCNoInlineTest skipNonTests=false filtertrace=true haltOnError=false haltOnFailure=false formatter=org.apache.tools.ant.taskdefs.optional.junit.OutErrSummaryJUnitResultFormatter showoutput=true outputtoformatters=true logfailedtests=true threadid=0 logtestlistenerevents=false formatter=org.apache.tools.ant.taskdefs.optional.junit.XMLJUnitResultFormatter,/home/travis/build/icyphy/ptII/reports/junit/TEST-ptolemy.cg.adapter.generic.program.procedural.c.adapters.ptolemy.domains.ptides.lib.test.junit.JUnitCGCNoInlineTest.xml crashfile=/home/travis/build/icyphy/ptII/junitvmwatcher2054947953075852388.properties propsfile=/home/travis/build/icyphy/ptII/junit8619634427117299240.properties" />
    <property name="env.MANPATH" value="/home/travis/.nvm/versions/node/v7.10.1/share/man:/home/travis/.kiex/elixirs/elixir-1.4.5/man:/home/travis/.rvm/rubies/ruby-2.4.1/share/man:/usr/local/man:/usr/local/cmake-3.9.2/man:/usr/local/clang-5.0.0/share/man:/usr/local/share/man:/usr/share/man:/home/travis/.rvm/man" />
    <property name="env.COMPOSER_NO_INTERACTION" value="1" />
    <property name="env.JDK_SWITCHER_DEFAULT" value="oraclejdk8" />
    <property name="ant.file" value="/home/travis/build/icyphy/ptII/build.xml" />
    <property name="env.TRAVIS_COMMIT_RANGE" value="1147a6b8c9bd...32d59bbacfa8" />
    <property name="env._system_name" value="Ubuntu" />
    <property name="timeout" value="2400000" />
    <property name="ptII.classpath.optional.property" value="/home/travis/build/icyphy/ptII/lib/bsh-2.0b4.jar:/home/travis/build/icyphy/ptII/lib/ptCal.jar:/home/travis/build/icyphy/ptII/lib/java_cup.jar:/home/travis/build/icyphy/ptII/lib/saxon8.jar:/home/travis/build/icyphy/ptII/lib/saxon8-dom.jar:/home/travis/build/icyphy/ptII/lib/chic.jar:/home/travis/build/icyphy/ptII/lib/ptcolt.jar:/usr/lib/jvm/java-8-oracle/lib/tools.jar:/usr/lib/eclipse/plugins/org.eclipse.jdt.core_3.8.2.dist.jar:/usr/lib/eclipse/plugins/org.eclipse.core.runtime_3.8.0.dist.jar:/usr/lib/eclipse/plugins/org.eclipse.osgi_3.8.1.dist.jar:/usr/lib/eclipse/plugins/org.eclipse.core.resources_3.8.1.dist.jar:/usr/lib/eclipse/plugins/org.eclipse.equinox.common_3.6.100.dist.jar:/usr/lib/eclipse/plugins/org.eclipse.core.jobs_3.5.200.dist.jar:/usr/lib/eclipse/plugins/org.eclipse.core.contenttype_3.4.200.dist.jar:/usr/lib/eclipse/plugins/org.eclipse.equinox.preferences_3.5.0.dist.jar:/usr/lib/eclipse/plugins/org.eclipse.text_3.5.200.dist.jar:/usr/lib/eclipse/plugins/org.eclipse.ui.workbench_3.8.1.dist.jar:/usr/lib/eclipse/plugins/org.eclipse.jface_3.8.0.dist.jar:/usr/lib/eclipse/plugins/org.eclipse.swt_3.8.2.jar:/usr/lib/eclipse/plugins/org.eclipse.jface.text_3.8.1.dist.jar:/usr/lib/eclipse/plugins/org.eclipse.ui.workbench.texteditor_3.8.0.dist.jar:/usr/lib/eclipse/plugins/org.eclipse.ui.editors_3.8.0.dist.jar:/usr/lib/eclipse/plugins/org.eclipse.core.commands_3.6.1.dist.jar:/usr/lib/eclipse/plugins/org.eclipse.equinox.registry_3.5.200.dist.jar:/usr/lib/eclipse/plugins/org.eclipse.ui.console_3.5.100.dist.jar:/usr/lib/eclipse/plugins/org.eclipse.ui.forms_3.5.200.dist.jar:/usr/lib/eclipse/plugins/org.eclipse.ui.ide_3.8.1.dist.jar:/home/travis/build/icyphy/ptII/vendors/oracle/dbxml.jar:/home/travis/build/icyphy/ptII/vendors/oracle/db.jar:/home/travis/build/icyphy/ptII/vendors/misc/itext/iText.jar:/home/travis/build/icyphy/ptII/lib/g4ltl.jar:/home/travis/build/icyphy/ptII/lib/StructuralCoder.jar:/home/travis/build/icyphy/ptII/lib/org-openide-util.jar:/home/travis/build/icyphy/ptII/lib/org-openide-util-lookup.jar:/home/travis/build/icyphy/ptII/lib/org-netbeans-api-visual.jar:/home/travis/build/icyphy/ptII/vendors/jai-1_1_2_01/lib/jai_core.jar:/home/travis/build/icyphy/ptII/vendors/jai-1_1_2_01/lib/jai_codec.jar:/home/travis/build/icyphy/ptII/lib/jcerti.jar:/home/travis/build/icyphy/ptII/lib/smack.jar:/home/travis/build/icyphy/ptII/lib/smackx.jar:/home/travis/build/icyphy/ptII/lib/jetty-all-8.1.5-v20120716.jar:/home/travis/build/icyphy/ptII/lib/javax.servlet-api-3.0.1.jar:/home/travis/build/icyphy/ptII/lib/javax.mail.jar:/home/travis/build/icyphy/ptII/vendors/JMF-2.1.1e/lib/jmf.jar:/home/travis/build/icyphy/ptII/lib/jna-4.0.0-variadic.jar:/home/travis/build/icyphy/ptII/vendors/misc/joystick/Joystick.jar:/home/travis/build/icyphy/ptII/lib/ptjacl.jar:/home/travis/build/icyphy/ptII/lib/jsoup-1.8.2.jar:/home/travis/build/icyphy/ptII/lib/junit-4.8.2.jar:/home/travis/build/icyphy/ptII/lib/JUnitParams-0.4.0.jar:/home/travis/build/icyphy/ptII/ptolemy/actor/lib/excel/jxl.jar:/home/travis/build/icyphy/ptII/lib/jython.jar:/home/travis/build/icyphy/ptII/lib/kieler.jar:/home/travis/build/icyphy/ptII/vendors/opencv/share/OpenCV/java/opencv-341.jar:/home/travis/build/icyphy/ptII/lib/oscP5.jar:/home/travis/build/icyphy/ptII/lib/nrjavaserial-3.11.0.devel.jar:/usr/share/java/j3dcore.jar:/usr/share/java/j3dutils.jar:/usr/share/java/vecmath.jar:/home/travis/build/icyphy/ptII/ptolemy/distributed/jini/jar/jini-core.jar:/home/travis/build/icyphy/ptII/ptolemy/distributed/jini/jar/jini-ext.jar:/home/travis/build/icyphy/ptII/ptolemy/distributed/jini/jar/sun-util.jar:/home/travis/build/icyphy/ptII/lib/protobuf-java-2.4.1.jar:/home/travis/build/icyphy/ptII/lib/org.eclipse.paho.client.mqttv3.jar:/home/travis/build/icyphy/ptII/ptserver/lib/hessian-4.0.7.jar:/home/travis/build/icyphy/ptII/ptserver/lib/wmqtt.jar:/home/travis/build/icyphy/ptII/lib/mapss.jar:/home/travis/build/icyphy/ptII/ptolemy/actor/ptalon/antlr/antlr.jar:/home/travis/build/icyphy/ptII/lib/JRI.jar:/home/travis/build/icyphy/ptII/lib/commons-lang-2.6.jar:/home/travis/build/icyphy/ptII/lib/commons-logging-1.1.1.jar:/home/travis/build/icyphy/ptII/lib/sootclasses.jar:/home/travis/build/icyphy/ptII/ptolemy/actor/lib/database/mysql-connector-java-5.1.6-bin.jar:/home/travis/build/icyphy/ptII/vendors/misc/sphinx4/sphinx4-data-5prealpha.jar:/home/travis/build/icyphy/ptII/vendors/misc/sphinx4/sphinx4-core-5prealpha.jar:/home/travis/build/icyphy/ptII/lib/PDFRenderer.jar:/home/travis/build/icyphy/ptII/lib/svgSalamander.jar:/home/travis/build/icyphy/ptII/lib/rsyntaxtextarea-2.6.0-SNAPSHOT.jar:/home/travis/build/icyphy/ptII/lib/hazelcast-3.8.2.jar:/home/travis/build/icyphy/ptII/lib/jackson-annotations-2.9.0.jar:/home/travis/build/icyphy/ptII/lib/jackson-core-2.9.3.jar:/home/travis/build/icyphy/ptII/lib/jackson-databind-2.9.3.jar:/home/travis/build/icyphy/ptII/lib/netty-buffer-4.1.19.Final.jar:/home/travis/build/icyphy/ptII/lib/netty-codec-4.1.19.Final.jar:/home/travis/build/icyphy/ptII/lib/netty-codec-dns-4.1.19.Final.jar:/home/travis/build/icyphy/ptII/lib/netty-codec-http-4.1.19.Final.jar:/home/travis/build/icyphy/ptII/lib/netty-codec-http2-4.1.19.Final.jar:/home/travis/build/icyphy/ptII/lib/netty-common-4.1.19.Final.jar:/home/travis/build/icyphy/ptII/lib/netty-handler-4.1.19.Final.jar:/home/travis/build/icyphy/ptII/lib/netty-resolver-4.1.19.Final.jar:/home/travis/build/icyphy/ptII/lib/netty-resolver-dns-4.1.19.Final.jar:/home/travis/build/icyphy/ptII/lib/netty-transport-4.1.19.Final.jar:/home/travis/build/icyphy/ptII/lib/vertx-codegen-3.5.1.jar:/home/travis/build/icyphy/ptII/lib/vertx-core-3.5.1.jar:/home/travis/build/icyphy/ptII/lib/vertx-hazelcast-3.5.1.jar:/home/travis/build/icyphy/ptII/lib/vertx-lang-js-3.5.1.jar:/home/travis/build/icyphy/ptII/lib/vertx-service-proxy-3.5.1.jar:/home/travis/build/icyphy/ptII/lib/vertx-web-3.5.1.jar:/home/travis/build/icyphy/ptII/lib/slf4j-api-1.7.13.jar:/home/travis/build/icyphy/ptII/lib/slf4j-simple-1.7.13.jar:/home/travis/build/icyphy/ptII/lib/webcam-capture-0.3.12.jar:/home/travis/build/icyphy/ptII/lib/bridj-0.7.0.jar:/home/travis/build/icyphy/ptII/lib/xbjlib-1.1.0.nrjavaserial.jar" />
    <property name="test.batch" value="**/junit/*.java" />
    <property name="env._" value="/usr/bin/perl" />
    <property name="java.io.tmpdir" value="/tmp" />
    <property name="user.language" value="en" />
    <property name="env.HISTCONTROL" value="ignoredups:ignorespace" />
    <property name="env.GOROOT" value="/home/travis/.gimme/versions/go1.7.4.linux.amd64" />
    <property name="line.separator" value="&#xa;" />
    <property name="target" value="1.8" />
    <property name="env.TRAVIS_BUILD_DIR" value="/home/travis/build/icyphy/ptII" />
    <property name="env.ANT_OPTS" value="-Xmx1024m" />
    <property name="ant.file.type" value="file" />
    <property name="ptolemy.ptII.batchMode" value="true" />
    <property name="env.HISTSIZE" value="1000" />
    <property name="env.MERB_ENV" value="test" />
    <property name="java.vm.info" value="mixed mode" />
    <property name="source" value="1.8" />
    <property name="java.vm.specification.name" value="Java Virtual Machine Specification" />
    <property name="env.TRAVIS_TEST_RESULT" value="0" />
    <property name="jsdoc.command" value="node_modules/@terraswarm/jsdoc/jsdoc.js" />
    <property name="npm.works" value="true" />
    <property name="cobertura.dir" value="/home/travis/build/icyphy/ptII/vendors/cobertura-2.0.3" />
    <property name="jsdoc.command.exists" value="true" />
    <property name="env.rvm_path" value="/home/travis/.rvm" />
    <property name="env.GEM_PATH" value="/home/travis/.rvm/gems/ruby-2.4.1:/home/travis/.rvm/gems/ruby-2.4.1@global" />
    <property name="env.LC_CTYPE" value="en_US.UTF-8" />
    <property name="java.awt.printerjob" value="sun.print.PSPrinterJob" />
    <property name="env.TRAVIS_STACK_NAME" value="garnet" />
    <property name="env.PT_TRAVIS_TEST_REPORT_SHORT" value="true" />
    <property name="ant.version" value="Apache Ant(TM) version 1.10.1 compiled on February 2 2017" />
    <property name="ptII.reports" value="/home/travis/build/icyphy/ptII/reports" />
    <property name="env.TRAVIS_STACK_TIMESTAMP" value="2017-12-05 19:33:09 UTC" />
    <property name="ant.file.type.ptII" value="file" />
    <property name="env.RBENV_SHELL" value="bash" />
    <property name="os.name" value="Linux" />
    <property name="java.specification.vendor" value="Oracle Corporation" />
    <property name="env.rvm_version" value="1.29.3 (latest)" />
    <property name="env.TERM" value="xterm" />
    <property name="java.vm.name" value="Java HotSpot(TM) 64-Bit Server VM" />
    <property name="env.TRAVIS_BUILD_NUMBER" value="270" />
    <property name="env.CI" value="true" />
    <property name="java.library.path" value="/home/travis/pthla/certi-tools/lib:/usr/lib/jni:/usr/local/share/OpenCV/java/:/usr/share/OpenCV/java::/usr/java/packages/lib/amd64:/usr/lib64:/lib64:/lib:/usr/lib" />
    <property name="env.rvm_prefix" value="/home/travis" />
    <property name="env.PATH" value="/home/travis/pthla/certi-tools/share/scripts:/home/travis/.rvm/gems/ruby-2.4.1/bin:/home/travis/.rvm/gems/ruby-2.4.1@global/bin:/home/travis/.rvm/rubies/ruby-2.4.1/bin:/home/travis/.rvm/bin:/home/travis/.nvm/versions/node/v7.10.1/bin:./node_modules/.bin:/home/travis/build/icyphy/ptII/bin:/home/travis/pthla/certi-tools/bin:/home/travis/bin:/home/travis/.local/bin:/opt/pyenv/shims:/home/travis/.phpenv/shims:/home/travis/perl5/perlbrew/bin:/home/travis/.kiex/elixirs/elixir-1.4.5/bin:/home/travis/.kiex/bin:/home/travis/gopath/bin:/home/travis/.gimme/versions/go1.7.4.linux.amd64/bin:/usr/local/phantomjs/bin:/usr/local/phantomjs:/usr/local/neo4j-3.2.7/bin:/usr/local/maven-3.5.2/bin:/usr/local/cmake-3.9.2/bin:/usr/local/clang-5.0.0/bin:/usr/local/sbin:/usr/local/bin:/usr/sbin:/usr/bin:/sbin:/bin:/home/travis/.phpenv/bin:/opt/pyenv/bin:/home/travis/.yarn/bin" />
    <property name="env.TRAVIS_OS_NAME" value="linux" />
    <property name="ant.java.version" value="1.8" />
    <property name="basedir" value="/home/travis/build/icyphy/ptII" />
    <property name="java.class.version" value="52.0" />
    <property name="env.SHLVL" value="3" />
    <property name="env.LD_LIBRARY_PATH" value="/home/travis/pthla/certi-tools/lib:/usr/lib/jni:/usr/local/share/OpenCV/java/:/usr/share/OpenCV/java:" />
    <property name="env.RACK_ENV" value="test" />
    <property name="ant.home" value="/home/travis/build/icyphy/ptII/ant" />
    <property name="env.NVM_DIR" value="/home/travis/.nvm" />
    <property name="env.PERLBREW_BASHRC_VERSION" value="0.80" />
    <property name="env.CERTI_FOM_PATH" value="/home/travis/pthla/certi-tools/share/federations" />
    <property name="env.TRAVIS_BUILD_ID" value="368453190" />
    <property name="env.PYENV_ROOT" value="/opt/pyenv" />
    <property name="env.TRAVIS_UID" value="2000" />
    <property name="env.rvm_pretty_print_flag" value="auto" />
    <property name="env.NVM_BIN" value="/home/travis/.nvm/versions/node/v7.10.1/bin" />
    <property name="env.TRAVIS_COMMIT" value="32d59bbacfa84219be80788cc221143a56b570af" />
    <property name="env._system_arch" value="x86_64" />
    <property name="node.executable" value="node" />
    <property name="sun.boot.library.path" value="/usr/lib/jvm/java-8-oracle/jre/lib/amd64" />
    <property name="sun.management.compiler" value="HotSpot 64-Bit Tiered Compilers" />
    <property name="java.awt.graphicsenv" value="sun.awt.X11GraphicsEnvironment" />
    <property name="env.GOPATH" value="/home/travis/gopath" />
    <property name="ptolemy.ptII.dir" value="/home/travis/build/icyphy/ptII" />
    <property name="env.USER" value="travis" />
    <property name="env.HISTFILESIZE" value="2000" />
    <property name="timeout.longest" value="19000000" />
    <property name="env.TRAVIS_STACK_FEATURES" value="basic cassandra chromium couchdb disabled-ipv6 docker docker-compose elasticsearch firefox go-toolchain google-chrome jdk memcached mongodb mysql neo4j nodejs_interpreter perl_interpreter perlbrew phantomjs postgresql python_interpreter rabbitmq redis riak ruby_interpreter sqlite xserver" />
    <property name="env.TRAVIS_PULL_REQUEST" value="false" />
    <property name="env.PYENV_SHELL" value="bash" />
    <property name="ant.project.name" value="ptII" />
    <property name="bin.vergil.exists" value="true" />
    <property name="java.vm.specification.version" value="1.8" />
    <property name="env.CERTI_VERSION" value="4.0.0" />
    <property name="env.NLSPATH" value="/usr/dt/lib/nls/msg/%L/%N.cat" />
    <property name="env.CERTI_HOST" value="localhost" />
    <property name="awt.toolkit" value="sun.awt.X11.XToolkit" />
    <property name="env.MY_RUBY_HOME" value="/home/travis/.rvm/rubies/ruby-2.4.1" />
    <property name="sun.cpu.isalist" value="" />
    <property name="java.ext.dirs" value="/usr/lib/jvm/java-8-oracle/jre/lib/ext:/usr/java/packages/lib/ext" />
    <property name="os.version" value="4.4.0-101-generic" />
    <property name="user.home" value="/home/travis" />
    <property name="env.MIX_ARCHIVES" value="/home/travis/.kiex/mix/elixir-1.4.5" />
    <property name="java.vm.vendor" value="Oracle Corporation" />
    <property name="env.TRAVIS_TAG" value="nightly" />
    <property name="env.TRAVIS_FILTERED" value="redirect_io" />
    <property name="env.JAVA_HOME" value="/usr/lib/jvm/java-8-oracle" />
    <property name="javadoc.excludepackagenames" value="adm.cvs2svn.*,build.*,config.*,doc.coding.templates.*,jni.test.jni.meaningOfLife.*,jni.test.jni.testDeux.*,jni.test.jni.testTrois.*,org.terraswarm.accessor.accessors.web.node_modules.*,org.terraswarm.accessor.accessors.web.hosts.cordova.demo.*,org.terraswarm.accessor.accessors.web.hosts.cordova.plugins.*,org.terraswarm.accessor.accessors-svn.*,pt-modules.*,ptolemy.apps.agilent.*,ptolemy.apps.anytimecontrol.*,ptolemy.apps.apes.*,ptolemy.apps.charon.*,ptolemy.apps.crazyboard.*,ptolemy.apps.eclipse.*,ptolemy.apps.etherealSting.*,ptolemy.apps.fullscreen.*,ptolemy.apps.giotto.*,ptolemy.apps.ia.*,ptolemy.apps.interfaces.*,ptolemy.apps.jmf.*,ptolemy.apps.kurt.*,ptolemy.apps.kvm.*,ptolemy.apps.lego.*,ptolemy.apps.lejos.*,ptolemy.apps.midp.*,ptolemy.apps.mobileCoding.*,ptolemy.apps.pendulum.*,ptolemy.apps.rijndael.*,ptolemy.apps.robot.*,ptolemy.apps.security.*,ptolemy.apps.sobel.*,ptolemy.apps.soot.*,ptolemy.apps.throttle.*,ptolemy.apps.tini.*,ptolemy.apps.transmission.*,ptolemy.apps.vergil.*,ptolemy.apps.waba.*,ptolemy.apps.websensor.*,ptolemy.apps.webstart.*,ptolemy.apps.xsl.*,ptolemy.apps.zaurus.*,ptolemy.backtrack.eclipse.plugin.*,ptolemy.backtrack.test.*,ptolemy.codegen.c.actor.lib.oldJavaFiles.*,ptolemy.codegen.dsp.lib.*,ptolemy.codegen.kernel.newInterfaces.*,ptolemy.codegen.lib.*,ptolemy.copernicus.kernel.fragment.*,ptolemy.copernicus.shallow.cg.*,ptolemy.domains.giotto.demo.Hierarchy.Hierarchy.*,ptolemy.domains.giotto.demo.Multimode.Multimode.*,ptolemy.domains.giotto.demo.Simple.Simple.*,ptolemy.domains.gr.lib.experimental.*,ptolemy.domains.gro.*,ptolemy.domains.pdf.*,ptolemy.domains.ptinyos.demo.Surge.output.*,ptolemy.moml.test.NoPackageActor.java*,ptolemy.plot.adm.*,ptolemy.plot.servlet.*,reports.*,signed.*,src.*,target.*,vendors.*,ptolemy.copernicus.applet.*,ptolemy.media.viewer.*,ptolemy.cg.adapter.generic.program.procedural.c.mbed*,ptolemy.matlab.*,ptolemy.actor.lib.fmi.fmus.omc*,ptolemy.domains.openmodelica*,ptdb.kernel.bl.save.test.*,ptdb.kernel.bl.load.test.*,ptdb.kernel.bl.search.test.*,ptdb.kernel.bl.migration.test.*,ptdb.kernel.database.test.*,ptdb.test.*,ptdb.gui.test.*,org.ptolemy.scala.*,diva.util.java2d.svg.*,ptolemy.domains.ptinyos.*,ptolemy.actor.lib.fmi.fmipp.*,,org.terraswarm.accessor.accessors.web.node_modules.*,org.terraswarm.accessor.accessors-svn,ptolemy.actor.ptalon.demo.ptinyos.SendAndReceiveCnt.output,ptolemy.actor.ptalon.demo.ptinyos.SenseToLeds.output,ptolemy.domains.ptinyos.demo.CntToLedsAndRfm.output,ptolemy.domains.ptinyos.demo.RfmToLeds.output,ptolemy.domains.ptinyos.demo.SendAndReceiveCnt.output,ptolemy.domains.ptinyos.demo.SenseToLeds.output" />
    <property name="env.PTII" value="/home/travis/build/icyphy/ptII" />
    <property name="env.TRAVIS_COMMIT_MESSAGE" value="After Test completes, invoke Stop." />
    <property name="env.XDG_SESSION_ID" value="2" />
    <property name="keystore" value="ptKeystore" />
    <property name="junit.output.dir" value="/home/travis/build/icyphy/ptII/reports/junit" />
    <property name="npm.return.code" value="0" />
    <property name="user.dir" value="/home/travis/build/icyphy/ptII/ptolemy/cg/adapter/generic/program/procedural/c/adapters/ptolemy/domains/ptides/lib/test" />
    <property name="env.XFILESEARCHPATH" value="/usr/dt/app-defaults/%L/Dt" />
    <property name="env.TRAVIS_NODE_VERSION" value="7" />
    <property name="env.TRAVIS_EVENT_TYPE" value="push" />
    <property name="env.MAIL" value="/var/mail/travis" />
    <property name="env.PWD" value="/home/travis/build/icyphy/ptII" />
    <property name="env.PERLBREW_ROOT" value="/home/travis/perl5/perlbrew" />
    <property name="timeout.npm" value="45000" />
    <property name="env.PAGER" value="cat" />
    <property name="sun.cpu.endian" value="little" />
    <property name="env.TRAVIS_BUILD_STAGE_NAME" value="" />
    <property name="env.PERLBREW_HOME" value="/home/travis/.perlbrew" />
    <property name="java.vm.version" value="25.151-b12" />
    <property name="env.RAILS_ENV" value="test" />
    <property name="java.class.path" value="/home/travis/.ptolemyII:/home/travis/.ptolemyII/*:/home/travis/build/icyphy/ptII:/home/travis/build/icyphy/ptII/lib/bsh-2.0b4.jar:/home/travis/build/icyphy/ptII/lib/ptCal.jar:/home/travis/build/icyphy/ptII/lib/java_cup.jar:/home/travis/build/icyphy/ptII/lib/saxon8.jar:/home/travis/build/icyphy/ptII/lib/saxon8-dom.jar:/home/travis/build/icyphy/ptII/lib/chic.jar:/home/travis/build/icyphy/ptII/lib/ptcolt.jar:/usr/lib/jvm/java-8-oracle/lib/tools.jar:/usr/lib/eclipse/plugins/org.eclipse.jdt.core_3.8.2.dist.jar:/usr/lib/eclipse/plugins/org.eclipse.core.runtime_3.8.0.dist.jar:/usr/lib/eclipse/plugins/org.eclipse.osgi_3.8.1.dist.jar:/usr/lib/eclipse/plugins/org.eclipse.core.resources_3.8.1.dist.jar:/usr/lib/eclipse/plugins/org.eclipse.equinox.common_3.6.100.dist.jar:/usr/lib/eclipse/plugins/org.eclipse.core.jobs_3.5.200.dist.jar:/usr/lib/eclipse/plugins/org.eclipse.core.contenttype_3.4.200.dist.jar:/usr/lib/eclipse/plugins/org.eclipse.equinox.preferences_3.5.0.dist.jar:/usr/lib/eclipse/plugins/org.eclipse.text_3.5.200.dist.jar:/usr/lib/eclipse/plugins/org.eclipse.ui.workbench_3.8.1.dist.jar:/usr/lib/eclipse/plugins/org.eclipse.jface_3.8.0.dist.jar:/usr/lib/eclipse/plugins/org.eclipse.swt_3.8.2.jar:/usr/lib/eclipse/plugins/org.eclipse.jface.text_3.8.1.dist.jar:/usr/lib/eclipse/plugins/org.eclipse.ui.workbench.texteditor_3.8.0.dist.jar:/usr/lib/eclipse/plugins/org.eclipse.ui.editors_3.8.0.dist.jar:/usr/lib/eclipse/plugins/org.eclipse.core.commands_3.6.1.dist.jar:/usr/lib/eclipse/plugins/org.eclipse.equinox.registry_3.5.200.dist.jar:/usr/lib/eclipse/plugins/org.eclipse.ui.console_3.5.100.dist.jar:/usr/lib/eclipse/plugins/org.eclipse.ui.forms_3.5.200.dist.jar:/usr/lib/eclipse/plugins/org.eclipse.ui.ide_3.8.1.dist.jar:/home/travis/build/icyphy/ptII/vendors/oracle/dbxml.jar:/home/travis/build/icyphy/ptII/vendors/oracle/db.jar:/home/travis/build/icyphy/ptII/vendors/misc/itext/iText.jar:/home/travis/build/icyphy/ptII/lib/g4ltl.jar:/home/travis/build/icyphy/ptII/lib/StructuralCoder.jar:/home/travis/build/icyphy/ptII/lib/org-openide-util.jar:/home/travis/build/icyphy/ptII/lib/org-openide-util-lookup.jar:/home/travis/build/icyphy/ptII/lib/org-netbeans-api-visual.jar:/home/travis/build/icyphy/ptII/vendors/jai-1_1_2_01/lib/jai_core.jar:/home/travis/build/icyphy/ptII/vendors/jai-1_1_2_01/lib/jai_codec.jar:/home/travis/build/icyphy/ptII/lib/jcerti.jar:/home/travis/build/icyphy/ptII/lib/smack.jar:/home/travis/build/icyphy/ptII/lib/smackx.jar:/home/travis/build/icyphy/ptII/lib/jetty-all-8.1.5-v20120716.jar:/home/travis/build/icyphy/ptII/lib/javax.servlet-api-3.0.1.jar:/home/travis/build/icyphy/ptII/lib/javax.mail.jar:/home/travis/build/icyphy/ptII/vendors/JMF-2.1.1e/lib/jmf.jar:/home/travis/build/icyphy/ptII/lib/jna-4.0.0-variadic.jar:/home/travis/build/icyphy/ptII/vendors/misc/joystick/Joystick.jar:/home/travis/build/icyphy/ptII/lib/ptjacl.jar:/home/travis/build/icyphy/ptII/lib/jsoup-1.8.2.jar:/home/travis/build/icyphy/ptII/lib/junit-4.8.2.jar:/home/travis/build/icyphy/ptII/lib/JUnitParams-0.4.0.jar:/home/travis/build/icyphy/ptII/ptolemy/actor/lib/excel/jxl.jar:/home/travis/build/icyphy/ptII/lib/jython.jar:/home/travis/build/icyphy/ptII/lib/kieler.jar:/home/travis/build/icyphy/ptII/vendors/opencv/share/OpenCV/java/opencv-341.jar:/home/travis/build/icyphy/ptII/lib/oscP5.jar:/home/travis/build/icyphy/ptII/lib/nrjavaserial-3.11.0.devel.jar:/usr/share/java/j3dcore.jar:/usr/share/java/j3dutils.jar:/usr/share/java/vecmath.jar:/home/travis/build/icyphy/ptII/ptolemy/distributed/jini/jar/jini-core.jar:/home/travis/build/icyphy/ptII/ptolemy/distributed/jini/jar/jini-ext.jar:/home/travis/build/icyphy/ptII/ptolemy/distributed/jini/jar/sun-util.jar:/home/travis/build/icyphy/ptII/lib/protobuf-java-2.4.1.jar:/home/travis/build/icyphy/ptII/lib/org.eclipse.paho.client.mqttv3.jar:/home/travis/build/icyphy/ptII/ptserver/lib/hessian-4.0.7.jar:/home/travis/build/icyphy/ptII/ptserver/lib/wmqtt.jar:/home/travis/build/icyphy/ptII/lib/mapss.jar:/home/travis/build/icyphy/ptII/ptolemy/actor/ptalon/antlr/antlr.jar:/home/travis/build/icyphy/ptII/lib/JRI.jar:/home/travis/build/icyphy/ptII/lib/commons-lang-2.6.jar:/home/travis/build/icyphy/ptII/lib/commons-logging-1.1.1.jar:/home/travis/build/icyphy/ptII/lib/sootclasses.jar:/home/travis/build/icyphy/ptII/ptolemy/actor/lib/database/mysql-connector-java-5.1.6-bin.jar:/home/travis/build/icyphy/ptII/vendors/misc/sphinx4/sphinx4-data-5prealpha.jar:/home/travis/build/icyphy/ptII/vendors/misc/sphinx4/sphinx4-core-5prealpha.jar:/home/travis/build/icyphy/ptII/lib/PDFRenderer.jar:/home/travis/build/icyphy/ptII/lib/svgSalamander.jar:/home/travis/build/icyphy/ptII/lib/rsyntaxtextarea-2.6.0-SNAPSHOT.jar:/home/travis/build/icyphy/ptII/lib/hazelcast-3.8.2.jar:/home/travis/build/icyphy/ptII/lib/jackson-annotations-2.9.0.jar:/home/travis/build/icyphy/ptII/lib/jackson-core-2.9.3.jar:/home/travis/build/icyphy/ptII/lib/jackson-databind-2.9.3.jar:/home/travis/build/icyphy/ptII/lib/netty-buffer-4.1.19.Final.jar:/home/travis/build/icyphy/ptII/lib/netty-codec-4.1.19.Final.jar:/home/travis/build/icyphy/ptII/lib/netty-codec-dns-4.1.19.Final.jar:/home/travis/build/icyphy/ptII/lib/netty-codec-http-4.1.19.Final.jar:/home/travis/build/icyphy/ptII/lib/netty-codec-http2-4.1.19.Final.jar:/home/travis/build/icyphy/ptII/lib/netty-common-4.1.19.Final.jar:/home/travis/build/icyphy/ptII/lib/netty-handler-4.1.19.Final.jar:/home/travis/build/icyphy/ptII/lib/netty-resolver-4.1.19.Final.jar:/home/travis/build/icyphy/ptII/lib/netty-resolver-dns-4.1.19.Final.jar:/home/travis/build/icyphy/ptII/lib/netty-transport-4.1.19.Final.jar:/home/travis/build/icyphy/ptII/lib/vertx-codegen-3.5.1.jar:/home/travis/build/icyphy/ptII/lib/vertx-core-3.5.1.jar:/home/travis/build/icyphy/ptII/lib/vertx-hazelcast-3.5.1.jar:/home/travis/build/icyphy/ptII/lib/vertx-lang-js-3.5.1.jar:/home/travis/build/icyphy/ptII/lib/vertx-service-proxy-3.5.1.jar:/home/travis/build/icyphy/ptII/lib/vertx-web-3.5.1.jar:/home/travis/build/icyphy/ptII/lib/slf4j-api-1.7.13.jar:/home/travis/build/icyphy/ptII/lib/slf4j-simple-1.7.13.jar:/home/travis/build/icyphy/ptII/lib/webcam-capture-0.3.12.jar:/home/travis/build/icyphy/ptII/lib/bridj-0.7.0.jar:/home/travis/build/icyphy/ptII/lib/xbjlib-1.1.0.nrjavaserial.jar:/home/travis/build/icyphy/ptII/ptolemy/moml/test:/home/travis/build/icyphy/ptII/ant/lib/ant-launcher.jar:/home/travis/build/icyphy/ptII/ant/lib/ant.jar:/home/travis/build/icyphy/ptII/ant/lib/ant-junit.jar:/home/travis/build/icyphy/ptII/ant/lib/ant-junit4.jar" />
    <property name="ant.library.dir" value="/home/travis/build/icyphy/ptII/ant/lib" />
    <property name="os.arch" value="amd64" />
    <property name="env.TRAVIS_LANGUAGE" value="node_js" />
    <property name="env.CONTINUOUS_INTEGRATION" value="true" />
    <property name="env.TRAVIS_STACK_LANGUAGES" value="__garnet__ c c++ clojure cplusplus cpp default go groovy java node_js php pure_java python ruby scala" />
    <property name="test.name" value="ptolemy.actor.lib.test.junit.JUnitTclTest" />
    <property name="sun.java.launcher" value="SUN_STANDARD" />
    <property name="env.PYTHON_CONFIGURE_OPTS" value="--enable-unicode=ucs4 --with-wide-unicode --enable-shared --enable-ipv6 --enable-loadable-sqlite-extensions --with-computed-gotos" />
    <property name="ant.core.lib" value="/home/travis/build/icyphy/ptII/ant/lib/ant.jar" />
    <property name="java.vm.specification.vendor" value="Oracle Corporation" />
    <property name="env.BCVTB_HOME" value="/home/travis/build/icyphy/ptII/lbnl" />
    <property name="file.separator" value="/" />
    <property name="java.runtime.version" value="1.8.0_151-b12" />
    <property name="spotbugs.home" value="/home/travis/build/icyphy/ptII/vendors/spotbugs-3.1.1" />
    <property name="sun.boot.class.path" value="/usr/lib/jvm/java-8-oracle/jre/lib/resources.jar:/usr/lib/jvm/java-8-oracle/jre/lib/rt.jar:/usr/lib/jvm/java-8-oracle/jre/lib/sunrsasign.jar:/usr/lib/jvm/java-8-oracle/jre/lib/jsse.jar:/usr/lib/jvm/java-8-oracle/jre/lib/jce.jar:/usr/lib/jvm/java-8-oracle/jre/lib/charsets.jar:/usr/lib/jvm/java-8-oracle/jre/lib/jfr.jar:/usr/lib/jvm/java-8-oracle/jre/classes" />
    <property name="env.HAS_JOSH_K_SEAL_OF_APPROVAL" value="true" />
    <property name="env.XDG_RUNTIME_DIR" value="/run/user/2000" />
    <property name="env.TRAVIS_OSX_IMAGE" value="" />
    <property name="env.TRAVIS_BRANCH" value="master" />
    <property name="env.TRAVIS_JOB_ID" value="368453196" />
    <property name="user.country" value="US" />
    <property name="env.CERTI_HOME_TRAVIS" value="/home/travis/pthla/certi-tools" />
    <property name="env.SHELL" value="/bin/bash" />
    <property name="model" value="" />
    <property name="java.maxmemory.large" value="8000m" />
    <property name="env.CASHER_DIR" value="/home/travis/.casher" />
    <property name="env.NVM_CD_FLAGS" value="" />
    <property name="jshint.executable" value="/home/travis/node_modules/jshint/bin/jshint" />
    <property name="java.vendor" value="Oracle Corporation" />
    <property name="env.JRUBY_OPTS" value=" --client -J-XX:+TieredCompilation -J-XX:TieredStopAtLevel=1 -J-Xss2m -Xcompile.invokedynamic=false" />
    <property name="env.TRAVIS_PRE_CHEF_BOOTSTRAP_TIME" value="2017-12-05T19:32:55" />
    <property name="env.ELIXIR_VERSION" value="1.4.5" />
    <property name="env.TRAVIS_STACK_JOB_BOARD_REGISTER" value="/.job-board-register.yml" />
    <property name="java.specification.version" value="1.8" />
    <property name="env.TRAVIS" value="true" />
    <property name="env.IRBRC" value="/home/travis/.rvm/rubies/ruby-2.4.1/.irbrc" />
    <property name="sun.arch.data.model" value="64" />
  </properties>
  <testcase classname="ptolemy.util.test.junit.AutoCGCKnownFailedTests" name="[0] /home/travis/build/icyphy/ptII/ptolemy/cg/adapter/generic/program/procedural/c/adapters/ptolemy/domains/ptides/lib/test/auto/knownFailedTests/Network1.xml (runModelInline)" time="4.75" />
  <testcase classname="ptolemy.util.test.junit.AutoCGCKnownFailedTests" name="[1] /home/travis/build/icyphy/ptII/ptolemy/cg/adapter/generic/program/procedural/c/adapters/ptolemy/domains/ptides/lib/test/auto/knownFailedTests/Network2.xml (runModelInline)" time="3.235" />
  <testcase classname="ptolemy.util.test.junit.AutoCGCKnownFailedTests" name="[2] /home/travis/build/icyphy/ptII/ptolemy/cg/adapter/generic/program/procedural/c/adapters/ptolemy/domains/ptides/lib/test/auto/knownFailedTests/TIIModalExample.xml (runModelInline)" time="4.307" />
  <testcase classname="ptolemy.util.test.junit.AutoCGCKnownFailedTests" name="[0] /home/travis/build/icyphy/ptII/ptolemy/cg/adapter/generic/program/procedural/c/adapters/ptolemy/domains/ptides/lib/test/auto/knownFailedTests/Network1.xml (runModelNoInline)" time="3.483" />
  <testcase classname="ptolemy.util.test.junit.AutoCGCKnownFailedTests" name="[1] /home/travis/build/icyphy/ptII/ptolemy/cg/adapter/generic/program/procedural/c/adapters/ptolemy/domains/ptides/lib/test/auto/knownFailedTests/Network2.xml (runModelNoInline)" time="3.325" />
  <testcase classname="ptolemy.util.test.junit.AutoCGCKnownFailedTests" name="[2] /home/travis/build/icyphy/ptII/ptolemy/cg/adapter/generic/program/procedural/c/adapters/ptolemy/domains/ptides/lib/test/auto/knownFailedTests/TIIModalExample.xml (runModelNoInline)" time="4.051" />
  <testcase classname="ptolemy.util.test.junit.AutoCGCNoInlineTests" name="[0] /home/travis/build/icyphy/ptII/ptolemy/cg/adapter/generic/program/procedural/c/adapters/ptolemy/domains/ptides/lib/test/auto/Feedback.xml (runModelNoInline)" time="2.803" />
  <testcase classname="ptolemy.util.test.junit.AutoCGCNoInlineTests" name="[1] /home/travis/build/icyphy/ptII/ptolemy/cg/adapter/generic/program/procedural/c/adapters/ptolemy/domains/ptides/lib/test/auto/Feedback2.xml (runModelNoInline)" time="2.767" />
  <testcase classname="ptolemy.util.test.junit.AutoCGCNoInlineTests" name="[2] /home/travis/build/icyphy/ptII/ptolemy/cg/adapter/generic/program/procedural/c/adapters/ptolemy/domains/ptides/lib/test/auto/Microstep.xml (runModelNoInline)" time="3.059" />
  <testcase classname="ptolemy.util.test.junit.AutoCGCNoInlineTests" name="[3] /home/travis/build/icyphy/ptII/ptolemy/cg/adapter/generic/program/procedural/c/adapters/ptolemy/domains/ptides/lib/test/auto/ModelDelay.xml (runModelNoInline)" time="2.303" />
  <testcase classname="ptolemy.util.test.junit.AutoCGCNoInlineTests" name="[4] /home/travis/build/icyphy/ptII/ptolemy/cg/adapter/generic/program/procedural/c/adapters/ptolemy/domains/ptides/lib/test/auto/Network.xml (runModelNoInline)" time="2.681" />
  <testcase classname="ptolemy.util.test.junit.AutoCGCNoInlineTests" name="[5] /home/travis/build/icyphy/ptII/ptolemy/cg/adapter/generic/program/procedural/c/adapters/ptolemy/domains/ptides/lib/test/auto/Network3.xml (runModelNoInline)" time="3.871" />
  <testcase classname="ptolemy.util.test.junit.AutoCGCNoInlineTests" name="[6] /home/travis/build/icyphy/ptII/ptolemy/cg/adapter/generic/program/procedural/c/adapters/ptolemy/domains/ptides/lib/test/auto/NetworkPorts.xml (runModelNoInline)" time="3.61" />
  <testcase classname="ptolemy.util.test.junit.AutoCGCNoInlineTests" name="[7] /home/travis/build/icyphy/ptII/ptolemy/cg/adapter/generic/program/procedural/c/adapters/ptolemy/domains/ptides/lib/test/auto/SafeToProcessInsideTransparent.xml (runModelNoInline)" time="2.631" />
  <testcase classname="ptolemy.util.test.junit.AutoCGCNoInlineTests" name="[8] /home/travis/build/icyphy/ptII/ptolemy/cg/adapter/generic/program/procedural/c/adapters/ptolemy/domains/ptides/lib/test/auto/SafeToProcessTwoPaths.xml (runModelNoInline)" time="2.833" />
  <testcase classname="ptolemy.util.test.junit.AutoCGCNoInlineTests" name="[9] /home/travis/build/icyphy/ptII/ptolemy/cg/adapter/generic/program/procedural/c/adapters/ptolemy/domains/ptides/lib/test/auto/Sensor.xml (runModelNoInline)" time="2.093" />
  <testcase classname="ptolemy.util.test.junit.AutoCGCNoInlineTests" name="[10] /home/travis/build/icyphy/ptII/ptolemy/cg/adapter/generic/program/procedural/c/adapters/ptolemy/domains/ptides/lib/test/auto/SensorActuatorModelDelayOnly.xml (runModelNoInline)" time="2.28" />
  <testcase classname="ptolemy.util.test.junit.AutoCGCNoInlineTests" name="[11] /home/travis/build/icyphy/ptII/ptolemy/cg/adapter/generic/program/procedural/c/adapters/ptolemy/domains/ptides/lib/test/auto/SensorActuatorNoDelay.xml (runModelNoInline)" time="2.125" />
  <system-out><![CDATA[----------------- (Known Failure) AutoCG $PTII/bin/ptcg -language c -generateInSubdirectory false -inline true -maximumLinesPerBlock 2500 -variablesAsArrays false /home/travis/build/icyphy/ptII/ptolemy/cg/adapter/generic/program/procedural/c/adapters/ptolemy/domains/ptides/lib/test/auto/knownFailedTests/Network1.xmlWarning: '-inline true' is not relevant for a DE model, forcing the value to false.
CCodeGenerator._generateCode(): Deleting /home/travis/cg/
CCodeGenerator set the container? : actor.getContainer(): null _isTopLevel: true generateEmbeddedCode: false
CCodeGenerator include the container .h? : container.getContainer(): null _isTopLevel: true generateEmbeddedCode: false
CCodeGenerator set the container? : actor.getContainer(): ptolemy.actor.TypedCompositeActor {.Network1} _isTopLevel: true generateEmbeddedCode: false
CCodeGenerator include the container .h? : container.getContainer(): ptolemy.actor.TypedCompositeActor {.Network1} _isTopLevel: true generateEmbeddedCode: false
CCodeGenerator set the container? : actor.getContainer(): ptolemy.domains.ptides.kernel.PtidesPlatform {.Network1.PtidesPlatform} _isTopLevel: true generateEmbeddedCode: false
CCodeGenerator include the container .h? : container.getContainer(): ptolemy.domains.ptides.kernel.PtidesPlatform {.Network1.PtidesPlatform} _isTopLevel: true generateEmbeddedCode: false
CCodeGenerator set the container? : actor.getContainer(): ptolemy.actor.TypedCompositeActor {.Network1} _isTopLevel: true generateEmbeddedCode: false
CCodeGenerator include the container .h? : container.getContainer(): ptolemy.actor.TypedCompositeActor {.Network1} _isTopLevel: true generateEmbeddedCode: false
CCodeGenerator set the container? : actor.getContainer(): ptolemy.domains.ptides.kernel.PtidesPlatform {.Network1.PtidesPlatform2} _isTopLevel: true generateEmbeddedCode: false
CCodeGenerator include the container .h? : container.getContainer(): ptolemy.domains.ptides.kernel.PtidesPlatform {.Network1.PtidesPlatform2} _isTopLevel: true generateEmbeddedCode: false
Warning -- missing function defintion: Record_delete()
Warning -- missing function defintion: Record_isCloseTo()
Reading "ptolemy/cg/kernel/generic/program/procedural/c/makefile.in",
    writing "/home/travis/cg/Network1.mk"
Using ptolemy/cg/kernel/generic/program/procedural/c/makefile.in
In "/home/travis/cg", about to execute:
    make -f Network1.mk
gcc -D__int64="long long" -Wall -std=c99  -ggdb  -I /home/travis/cg//_Network1/_PtidesPlatform2/_PtidesPlatformContents -I /home/travis/cg/commons/ -I /home/travis/cg//_Network1/_PtidesPlatform2 -I /home/travis/cg//_Network1 -I /home/travis/cg//_Network1/_PtidesPlatform -I /home/travis/cg//_Network1/_PtidesPlatform/_PtidesPlatformContents Network1_Main.c _Network1/Network1_TimeDelay.c _Network1/Network1_Test.c _Network1/Network1_SingleEvent2.c _Network1/_PtidesPlatform/Network1_PtidesPlatform.c _Network1/_PtidesPlatform/_PtidesPlatformContents/Network1_PtidesPlatform_PtidesPlatformContents.c _Network1/_PtidesPlatform/_PtidesPlatformContents/Network1_PtidesPlatform_PtidesPlatformContents_Test.c _Network1/_PtidesPlatform/_PtidesPlatformContents/Network1_PtidesPlatform_PtidesPlatformContents_Test2.c _Network1/_PtidesPlatform/_PtidesPlatformContents/Network1_PtidesPlatform_PtidesPlatformContents_TimeDelay.c _Network1/Network1_CurrentTime.c _Network1/Network1.c _Network1/_PtidesPlatform2/_PtidesPlatformContents/Network1_PtidesPlatform2_PtidesPlatformContents.c _Network1/_PtidesPlatform2/_PtidesPlatformContents/Network1_PtidesPlatform2_PtidesPlatformContents_Test4.c _Network1/_PtidesPlatform2/_PtidesPlatformContents/Network1_PtidesPlatform2_PtidesPlatformContents_Test2.c _Network1/_PtidesPlatform2/_PtidesPlatformContents/Network1_PtidesPlatform2_PtidesPlatformContents_TimeDelay.c _Network1/_PtidesPlatform2/_PtidesPlatformContents/Network1_PtidesPlatform2_PtidesPlatformContents_AddSubtract.c _Network1/_PtidesPlatform2/_PtidesPlatformContents/Network1_PtidesPlatform2_PtidesPlatformContents_Test3.c _Network1/_PtidesPlatform2/_PtidesPlatformContents/Network1_PtidesPlatform2_PtidesPlatformContents_Test.c _Network1/_PtidesPlatform2/Network1_PtidesPlatform2.c _Network1/Network1_Test2.c _Network1/Network1_SingleEvent.c commons/_CompositeActor.c commons/_DEEvent.c commons/_AtomicActor.c commons/_Director.c commons/pblSet.c commons/_PtidesPort.c commons/pblHeap.c commons/_PtidesMirrorPort.c commons/_LocalClock.c commons/_PtidesPlatformDirector.c commons/pblIterator.c commons/_CalendarQueue.c commons/_Receiver.c commons/_PtidesEvent.c commons/_PtidesReceiver.c commons/_IOPort.c commons/pblMap.c commons/_Actor.c commons/pblList.c commons/_ptTypes.c commons/pblCollection.c commons/pblPriorityQueue.c commons/pblhash.c commons/_DEDirector.c commons/_PtidesDirector.c commons/_TypedIOPort.c commons/pbl.c commons/_DEReceiver.c -o Network1 -lm 
In "/home/travis/cg", about to execute:
    make -f Network1.mk run
./Network1
commons/_CompositeActor.c:119: CompositeActorFire():(1) director did not transfer inputs?.
commons/_CompositeActor.c:119: CompositeActorFire():(2) director did not transfer inputs?.
commons/_CompositeActor.c:119: CompositeActorFire():(3) director did not transfer inputs?.

Test Network1_PtidesPlatform2_PtidesPlatformContents_Test__0 fails in iteration 0.
 Value was:         -5. Should have been between: -4.00000000100000008274037099909 and -3.99999999899999991725962900091
All Done
Known Failure: Return value of the last command executed was not zero, it was: 2
make: *** [run] Error 255
----------------- (Known Failure) AutoCG $PTII/bin/ptcg -language c -generateInSubdirectory false -inline true -maximumLinesPerBlock 2500 -variablesAsArrays false /home/travis/build/icyphy/ptII/ptolemy/cg/adapter/generic/program/procedural/c/adapters/ptolemy/domains/ptides/lib/test/auto/knownFailedTests/Network2.xmlWarning: '-inline true' is not relevant for a DE model, forcing the value to false.
CCodeGenerator._generateCode(): Deleting /home/travis/cg/
CCodeGenerator set the container? : actor.getContainer(): null _isTopLevel: true generateEmbeddedCode: false
CCodeGenerator include the container .h? : container.getContainer(): null _isTopLevel: true generateEmbeddedCode: false
CCodeGenerator set the container? : actor.getContainer(): ptolemy.actor.TypedCompositeActor {.Network2} _isTopLevel: true generateEmbeddedCode: false
CCodeGenerator include the container .h? : container.getContainer(): ptolemy.actor.TypedCompositeActor {.Network2} _isTopLevel: true generateEmbeddedCode: false
CCodeGenerator set the container? : actor.getContainer(): ptolemy.domains.ptides.kernel.PtidesPlatform {.Network2.PtidesPlatform} _isTopLevel: true generateEmbeddedCode: false
CCodeGenerator include the container .h? : container.getContainer(): ptolemy.domains.ptides.kernel.PtidesPlatform {.Network2.PtidesPlatform} _isTopLevel: true generateEmbeddedCode: false
CCodeGenerator set the container? : actor.getContainer(): ptolemy.actor.TypedCompositeActor {.Network2} _isTopLevel: true generateEmbeddedCode: false
CCodeGenerator include the container .h? : container.getContainer(): ptolemy.actor.TypedCompositeActor {.Network2} _isTopLevel: true generateEmbeddedCode: false
CCodeGenerator set the container? : actor.getContainer(): ptolemy.domains.ptides.kernel.PtidesPlatform {.Network2.PtidesPlatform2} _isTopLevel: true generateEmbeddedCode: false
CCodeGenerator include the container .h? : container.getContainer(): ptolemy.domains.ptides.kernel.PtidesPlatform {.Network2.PtidesPlatform2} _isTopLevel: true generateEmbeddedCode: false
Reading "ptolemy/cg/kernel/generic/program/procedural/c/makefile.in",
    writing "/home/travis/cg/Network2.mk"
Using ptolemy/cg/kernel/generic/program/procedural/c/makefile.in
In "/home/travis/cg", about to execute:
    make -f Network2.mk
gcc -D__int64="long long" -Wall -std=c99  -ggdb  -I /home/travis/cg/commons/ -I /home/travis/cg//_Network2/_PtidesPlatform/_PtidesPlatformContents -I /home/travis/cg//_Network2/_PtidesPlatform2 -I /home/travis/cg//_Network2/_PtidesPlatform2/_PtidesPlatformContents -I /home/travis/cg//_Network2/_PtidesPlatform -I /home/travis/cg//_Network2 Network2_Main.c _Network2/Network2_SingleEvent2.c _Network2/Network2_Test.c _Network2/Network2_Test2.c _Network2/Network2_TimeDelay.c _Network2/_PtidesPlatform/_PtidesPlatformContents/Network2_PtidesPlatform_PtidesPlatformContents_TimeDelay.c _Network2/_PtidesPlatform/_PtidesPlatformContents/Network2_PtidesPlatform_PtidesPlatformContents.c _Network2/_PtidesPlatform/Network2_PtidesPlatform.c _Network2/Network2.c _Network2/Network2_CurrentTime.c _Network2/Network2_SingleEvent.c _Network2/_PtidesPlatform2/_PtidesPlatformContents/Network2_PtidesPlatform2_PtidesPlatformContents_AddSubtract.c _Network2/_PtidesPlatform2/_PtidesPlatformContents/Network2_PtidesPlatform2_PtidesPlatformContents_TimeDelay.c _Network2/_PtidesPlatform2/_PtidesPlatformContents/Network2_PtidesPlatform2_PtidesPlatformContents.c _Network2/_PtidesPlatform2/Network2_PtidesPlatform2.c commons/_CompositeActor.c commons/_DEEvent.c commons/_AtomicActor.c commons/_Director.c commons/pblSet.c commons/_PtidesPort.c commons/pblHeap.c commons/_PtidesMirrorPort.c commons/_LocalClock.c commons/_PtidesPlatformDirector.c commons/pblIterator.c commons/_CalendarQueue.c commons/_Receiver.c commons/_PtidesEvent.c commons/_PtidesReceiver.c commons/_IOPort.c commons/pblMap.c commons/_Actor.c commons/pblList.c commons/_ptTypes.c commons/pblCollection.c commons/pblPriorityQueue.c commons/pblhash.c commons/_DEDirector.c commons/_PtidesDirector.c commons/_TypedIOPort.c commons/pbl.c commons/_DEReceiver.c -o Network2 -lm 
In "/home/travis/cg", about to execute:
    make -f Network2.mk run
./Network2
commons/_CompositeActor.c:119: CompositeActorFire():(1) director did not transfer inputs?.
commons/_CompositeActor.c:119: CompositeActorFire():(2) director did not transfer inputs?.
commons/_CompositeActor.c:119: CompositeActorFire():(3) director did not transfer inputs?.
commons/_CompositeActor.c:119: CompositeActorFire():(4) director did not transfer inputs?.
commons/_CompositeActor.c:119: CompositeActorFire():(5) director did not transfer inputs?.
commons/_CompositeActor.c:119: CompositeActorFire():(6) director did not transfer inputs?.

Test Network2_Test__0 fails in iteration 0.
 Value was:         -5. Should have been between: -4.00000000100000008274037099909 and -3.99999999899999991725962900091
make: *** [run] Error 255
All Done
Known Failure: Return value of the last command executed was not zero, it was: 2
----------------- (Known Failure) AutoCG $PTII/bin/ptcg -language c -generateInSubdirectory false -inline true -maximumLinesPerBlock 2500 -variablesAsArrays false /home/travis/build/icyphy/ptII/ptolemy/cg/adapter/generic/program/procedural/c/adapters/ptolemy/domains/ptides/lib/test/auto/knownFailedTests/TIIModalExample.xmlWarning: '-inline true' is not relevant for a DE model, forcing the value to false.
CCodeGenerator._generateCode(): Deleting /home/travis/cg/
CCodeGenerator set the container? : actor.getContainer(): null _isTopLevel: true generateEmbeddedCode: false
CCodeGenerator include the container .h? : container.getContainer(): null _isTopLevel: true generateEmbeddedCode: false
CCodeGenerator set the container? : actor.getContainer(): ptolemy.actor.TypedCompositeActor {.TIIModalExample} _isTopLevel: true generateEmbeddedCode: false
CCodeGenerator include the container .h? : container.getContainer(): ptolemy.actor.TypedCompositeActor {.TIIModalExample} _isTopLevel: true generateEmbeddedCode: false
CCodeGenerator set the container? : actor.getContainer(): ptolemy.domains.ptides.kernel.PtidesPlatform {.TIIModalExample.PtidesPlatform} _isTopLevel: true generateEmbeddedCode: false
CCodeGenerator include the container .h? : container.getContainer(): ptolemy.domains.ptides.kernel.PtidesPlatform {.TIIModalExample.PtidesPlatform} _isTopLevel: true generateEmbeddedCode: false
CCodeGenerator set the container? : actor.getContainer(): ptolemy.domains.ptides.kernel.PtidesPlatform$PtidesPlatformContents {.TIIModalExample.PtidesPlatform.PtidesPlatformContents} _isTopLevel: true generateEmbeddedCode: false
CCodeGenerator include the container .h? : container.getContainer(): ptolemy.domains.ptides.kernel.PtidesPlatform$PtidesPlatformContents {.TIIModalExample.PtidesPlatform.PtidesPlatformContents} _isTopLevel: true generateEmbeddedCode: false
CCodeGenerator set the container? : actor.getContainer(): ptolemy.domains.modal.modal.ModalModel {.TIIModalExample.PtidesPlatform.PtidesPlatformContents.ModalModel} _isTopLevel: true generateEmbeddedCode: false
CCodeGenerator include the container .h? : container.getContainer(): ptolemy.domains.modal.modal.ModalModel {.TIIModalExample.PtidesPlatform.PtidesPlatformContents.ModalModel} _isTopLevel: true generateEmbeddedCode: false
CCodeGenerator set the container? : actor.getContainer(): ptolemy.domains.modal.modal.ModalModel {.TIIModalExample.PtidesPlatform.PtidesPlatformContents.ModalModel} _isTopLevel: true generateEmbeddedCode: false
CCodeGenerator include the container .h? : container.getContainer(): ptolemy.domains.modal.modal.ModalModel {.TIIModalExample.PtidesPlatform.PtidesPlatformContents.ModalModel} _isTopLevel: true generateEmbeddedCode: false
CCodeGenerator set the container? : actor.getContainer(): ptolemy.domains.modal.modal.ModalModel {.TIIModalExample.PtidesPlatform.PtidesPlatformContents.ModalModel} _isTopLevel: true generateEmbeddedCode: false
CCodeGenerator include the container .h? : container.getContainer(): ptolemy.domains.modal.modal.ModalModel {.TIIModalExample.PtidesPlatform.PtidesPlatformContents.ModalModel} _isTopLevel: true generateEmbeddedCode: false
Reading "ptolemy/cg/kernel/generic/program/procedural/c/makefile.in",
    writing "/home/travis/cg/TIIModalExample.mk"
Using ptolemy/cg/kernel/generic/program/procedural/c/makefile.in
In "/home/travis/cg", about to execute:
    make -f TIIModalExample.mk
gcc -D__int64="long long" -Wall -std=c99  -ggdb  -I /home/travis/cg//_TIIModalExample/_PtidesPlatform/_PtidesPlatformContents/_ModalModel/_state2 -I /home/travis/cg//_TIIModalExample/_PtidesPlatform/_PtidesPlatformContents/_ModalModel -I /home/travis/cg//_TIIModalExample/_PtidesPlatform/_PtidesPlatformContents/_ModalModel/_state3 -I /home/travis/cg//_TIIModalExample/_PtidesPlatform -I /home/travis/cg//_TIIModalExample/_PtidesPlatform/_PtidesPlatformContents/_ModalModel/_state -I /home/travis/cg//_TIIModalExample/_PtidesPlatform/_PtidesPlatformContents -I /home/travis/cg/commons/ -I /home/travis/cg//_TIIModalExample TIIModalExample_Main.c commons/_FSMDirector.c commons/_FSMActor.c commons/_CompositeActor.c commons/_DEEvent.c commons/_AtomicActor.c commons/_Director.c commons/pblSet.c commons/_PtidesPort.c commons/pblHeap.c commons/_PtidesMirrorPort.c commons/_LocalClock.c commons/_PtidesPlatformDirector.c commons/_FSMReceiver.c commons/pblIterator.c commons/_CalendarQueue.c commons/_Receiver.c commons/_PtidesEvent.c commons/_PtidesReceiver.c commons/_IOPort.c commons/pblMap.c commons/_Actor.c commons/pblList.c commons/_ptTypes.c commons/pblCollection.c commons/pblPriorityQueue.c commons/pblhash.c commons/_DEDirector.c commons/_PtidesDirector.c commons/_TypedIOPort.c commons/pbl.c commons/_DEReceiver.c _TIIModalExample/TIIModalExample_Test6.c _TIIModalExample/TIIModalExample_Test2.c _TIIModalExample/TIIModalExample_Test4.c _TIIModalExample/TIIModalExample_Test.c _TIIModalExample/TIIModalExample_Test7.c _TIIModalExample/TIIModalExample_DiscreteClock.c _TIIModalExample/TIIModalExample_CurrentTime3.c _TIIModalExample/_PtidesPlatform/_PtidesPlatformContents/_ModalModel/_state2/TIIModalExample_PtidesPlatform_PtidesPlatformContents_ModalModel_state2_Scale.c _TIIModalExample/_PtidesPlatform/_PtidesPlatformContents/_ModalModel/_state2/TIIModalExample_PtidesPlatform_PtidesPlatformContents_ModalModel_state2.c _TIIModalExample/_PtidesPlatform/_PtidesPlatformContents/_ModalModel/TIIModalExample_PtidesPlatform_PtidesPlatformContents_ModalModel_FSMTransitionCode.c _TIIModalExample/_PtidesPlatform/_PtidesPlatformContents/_ModalModel/TIIModalExample_PtidesPlatform_PtidesPlatformContents_ModalModel.c _TIIModalExample/_PtidesPlatform/_PtidesPlatformContents/_ModalModel/_state3/TIIModalExample_PtidesPlatform_PtidesPlatformContents_ModalModel_state3_Test2.c _TIIModalExample/_PtidesPlatform/_PtidesPlatformContents/_ModalModel/_state3/TIIModalExample_PtidesPlatform_PtidesPlatformContents_ModalModel_state3.c _TIIModalExample/_PtidesPlatform/_PtidesPlatformContents/_ModalModel/_state3/TIIModalExample_PtidesPlatform_PtidesPlatformContents_ModalModel_state3_Test.c _TIIModalExample/_PtidesPlatform/_PtidesPlatformContents/_ModalModel/_state3/TIIModalExample_PtidesPlatform_PtidesPlatformContents_ModalModel_state3_Scale.c _TIIModalExample/_PtidesPlatform/_PtidesPlatformContents/_ModalModel/_state/TIIModalExample_PtidesPlatform_PtidesPlatformContents_ModalModel_state.c _TIIModalExample/_PtidesPlatform/_PtidesPlatformContents/_ModalModel/_state/TIIModalExample_PtidesPlatform_PtidesPlatformContents_ModalModel_state_Test2.c _TIIModalExample/_PtidesPlatform/_PtidesPlatformContents/_ModalModel/_state/TIIModalExample_PtidesPlatform_PtidesPlatformContents_ModalModel_state_Scale.c _TIIModalExample/_PtidesPlatform/_PtidesPlatformContents/_ModalModel/_state/TIIModalExample_PtidesPlatform_PtidesPlatformContents_ModalModel_state_Test.c _TIIModalExample/_PtidesPlatform/_PtidesPlatformContents/_ModalModel/_state/TIIModalExample_PtidesPlatform_PtidesPlatformContents_ModalModel_state_TimeDelay.c _TIIModalExample/_PtidesPlatform/_PtidesPlatformContents/TIIModalExample_PtidesPlatform_PtidesPlatformContents_Test.c _TIIModalExample/_PtidesPlatform/_PtidesPlatformContents/TIIModalExample_PtidesPlatform_PtidesPlatformContents.c _TIIModalExample/_PtidesPlatform/_PtidesPlatformContents/TIIModalExample_PtidesPlatform_PtidesPlatformContents_Test2.c _TIIModalExample/_PtidesPlatform/TIIModalExample_PtidesPlatform.c _TIIModalExample/TIIModalExample_SingleEvent.c _TIIModalExample/TIIModalExample_Test3.c _TIIModalExample/TIIModalExample.c _TIIModalExample/TIIModalExample_CurrentTime2.c -o TIIModalExample -lm 
In "/home/travis/cg", about to execute:
    make -f TIIModalExample.mk run
./TIIModalExample
commons/_CompositeActor.c:119: CompositeActorFire():(1) director did not transfer inputs?.
commons/_CompositeActor.c:119: CompositeActorFire():(2) director did not transfer inputs?.
FSM_Receiver_HasToken: receiver 0x14c69b0: token was null?
commons/_CompositeActor.c:119: CompositeActorFire():(3) director did not transfer inputs?.
FSM_Receiver_HasToken: receiver 0x14cdb50: token was null?
FSM_Receiver_HasToken: receiver 0x14cdff0: token was null?
FSM_Receiver_HasToken: receiver 0x14cdb50: token was null?
FSM_Receiver_HasToken: receiver 0x14cdff0: token was null?
FSM_Receiver_HasToken: receiver 0x14cdb50: token was null?
FSM_Receiver_HasToken: receiver 0x14cdff0: token was null?
commons/_CompositeActor.c:119: CompositeActorFire():(4) director did not transfer inputs?.
commons/_CompositeActor.c:119: CompositeActorFire():(5) director did not transfer inputs?.
FSM_Receiver_HasToken: receiver 0x14c69b0: token was null?
commons/_CompositeActor.c:119: CompositeActorFire():(6) director did not transfer inputs?.
FSM_Receiver_HasToken: receiver 0x14cdb50: token was null?
FSM_Receiver_HasToken: receiver 0x14cdff0: token was null?
FSM_Receiver_HasToken: receiver 0x14cdb50: token was null?
FSM_Receiver_HasToken: receiver 0x14cdff0: token was null?
FSM_Receiver_HasToken: receiver 0x14cdb50: token was null?
FSM_Receiver_HasToken: receiver 0x14cdff0: token was null?
commons/_CompositeActor.c:119: CompositeActorFire():(7) director did not transfer inputs?.
commons/_CompositeActor.c:119: CompositeActorFire():(8) director did not transfer inputs?.
commons/_CompositeActor.c:119: CompositeActorFire():(9) director did not transfer inputs?.
commons/_CompositeActor.c:119: CompositeActorFire():(10) director did not transfer inputs?.
FSM_Receiver_HasToken: receiver 0x14c69b0: token was null?
FSM_Receiver_HasToken: receiver 0x14cdff0: token was null?
FSM_Receiver_HasToken: receiver 0x14cdff0: token was null?
FSM_Receiver_HasToken: receiver 0x14cdff0: token was null?
FSM_Receiver_HasToken: receiver 0x14c69b0: token was null?
Int_convert(): Conversion from an unsupported type. (0)
FSM_Receiver_HasToken: receiver 0x14cdff0: token was null?
FSM_Receiver_HasToken: receiver 0x14cdff0: token was null?
FSM_Receiver_HasToken: receiver 0x14cdff0: token was null?

Test TIIModalExample_PtidesPlatform_PtidesPlatformContents_Test__0 fails in iteration 1.
 Value was: 0. Should have been between: 3.99999999899999991725962900091 and 4.00000000100000008274037099909
make: *** [run] Error 255
All Done
Known Failure: Return value of the last command executed was not zero, it was: 2
----------------- (Known Failure) AutoCG $PTII/bin/ptcg -language c -generateInSubdirectory false -inline false -maximumLinesPerBlock 2500 -variablesAsArrays false /home/travis/build/icyphy/ptII/ptolemy/cg/adapter/generic/program/procedural/c/adapters/ptolemy/domains/ptides/lib/test/auto/knownFailedTests/Network1.xmlCCodeGenerator._generateCode(): Deleting /home/travis/cg/
CCodeGenerator set the container? : actor.getContainer(): null _isTopLevel: true generateEmbeddedCode: false
CCodeGenerator include the container .h? : container.getContainer(): null _isTopLevel: true generateEmbeddedCode: false
CCodeGenerator set the container? : actor.getContainer(): ptolemy.actor.TypedCompositeActor {.Network1} _isTopLevel: true generateEmbeddedCode: false
CCodeGenerator include the container .h? : container.getContainer(): ptolemy.actor.TypedCompositeActor {.Network1} _isTopLevel: true generateEmbeddedCode: false
CCodeGenerator set the container? : actor.getContainer(): ptolemy.domains.ptides.kernel.PtidesPlatform {.Network1.PtidesPlatform} _isTopLevel: true generateEmbeddedCode: false
CCodeGenerator include the container .h? : container.getContainer(): ptolemy.domains.ptides.kernel.PtidesPlatform {.Network1.PtidesPlatform} _isTopLevel: true generateEmbeddedCode: false
CCodeGenerator set the container? : actor.getContainer(): ptolemy.actor.TypedCompositeActor {.Network1} _isTopLevel: true generateEmbeddedCode: false
CCodeGenerator include the container .h? : container.getContainer(): ptolemy.actor.TypedCompositeActor {.Network1} _isTopLevel: true generateEmbeddedCode: false
CCodeGenerator set the container? : actor.getContainer(): ptolemy.domains.ptides.kernel.PtidesPlatform {.Network1.PtidesPlatform2} _isTopLevel: true generateEmbeddedCode: false
CCodeGenerator include the container .h? : container.getContainer(): ptolemy.domains.ptides.kernel.PtidesPlatform {.Network1.PtidesPlatform2} _isTopLevel: true generateEmbeddedCode: false
Reading "ptolemy/cg/kernel/generic/program/procedural/c/makefile.in",
    writing "/home/travis/cg/Network1.mk"
Using ptolemy/cg/kernel/generic/program/procedural/c/makefile.in
In "/home/travis/cg", about to execute:
    make -f Network1.mk
gcc -D__int64="long long" -Wall -std=c99  -ggdb  -I /home/travis/cg//_Network1/_PtidesPlatform2/_PtidesPlatformContents -I /home/travis/cg/commons/ -I /home/travis/cg//_Network1/_PtidesPlatform2 -I /home/travis/cg//_Network1 -I /home/travis/cg//_Network1/_PtidesPlatform -I /home/travis/cg//_Network1/_PtidesPlatform/_PtidesPlatformContents Network1_Main.c _Network1/Network1_TimeDelay.c _Network1/Network1_Test.c _Network1/Network1_SingleEvent2.c _Network1/_PtidesPlatform/Network1_PtidesPlatform.c _Network1/_PtidesPlatform/_PtidesPlatformContents/Network1_PtidesPlatform_PtidesPlatformContents.c _Network1/_PtidesPlatform/_PtidesPlatformContents/Network1_PtidesPlatform_PtidesPlatformContents_Test.c _Network1/_PtidesPlatform/_PtidesPlatformContents/Network1_PtidesPlatform_PtidesPlatformContents_Test2.c _Network1/_PtidesPlatform/_PtidesPlatformContents/Network1_PtidesPlatform_PtidesPlatformContents_TimeDelay.c _Network1/Network1_CurrentTime.c _Network1/Network1.c _Network1/_PtidesPlatform2/_PtidesPlatformContents/Network1_PtidesPlatform2_PtidesPlatformContents.c _Network1/_PtidesPlatform2/_PtidesPlatformContents/Network1_PtidesPlatform2_PtidesPlatformContents_Test4.c _Network1/_PtidesPlatform2/_PtidesPlatformContents/Network1_PtidesPlatform2_PtidesPlatformContents_Test2.c _Network1/_PtidesPlatform2/_PtidesPlatformContents/Network1_PtidesPlatform2_PtidesPlatformContents_TimeDelay.c _Network1/_PtidesPlatform2/_PtidesPlatformContents/Network1_PtidesPlatform2_PtidesPlatformContents_AddSubtract.c _Network1/_PtidesPlatform2/_PtidesPlatformContents/Network1_PtidesPlatform2_PtidesPlatformContents_Test3.c _Network1/_PtidesPlatform2/_PtidesPlatformContents/Network1_PtidesPlatform2_PtidesPlatformContents_Test.c _Network1/_PtidesPlatform2/Network1_PtidesPlatform2.c _Network1/Network1_Test2.c _Network1/Network1_SingleEvent.c commons/_CompositeActor.c commons/_DEEvent.c commons/_AtomicActor.c commons/_Director.c commons/pblSet.c commons/_PtidesPort.c commons/pblHeap.c commons/_PtidesMirrorPort.c commons/_LocalClock.c commons/_PtidesPlatformDirector.c commons/pblIterator.c commons/_CalendarQueue.c commons/_Receiver.c commons/_PtidesEvent.c commons/_PtidesReceiver.c commons/_IOPort.c commons/pblMap.c commons/_Actor.c commons/pblList.c commons/_ptTypes.c commons/pblCollection.c commons/pblPriorityQueue.c commons/pblhash.c commons/_DEDirector.c commons/_PtidesDirector.c commons/_TypedIOPort.c commons/pbl.c commons/_DEReceiver.c -o Network1 -lm 
In "/home/travis/cg", about to execute:
    make -f Network1.mk run
./Network1
commons/_CompositeActor.c:119: CompositeActorFire():(1) director did not transfer inputs?.
commons/_CompositeActor.c:119: CompositeActorFire():(2) director did not transfer inputs?.
commons/_CompositeActor.c:119: CompositeActorFire():(3) director did not transfer inputs?.

Test Network1_PtidesPlatform2_PtidesPlatformContents_Test__0 fails in iteration 0.
 Value was:         -5. Should have been between: -4.00000000100000008274037099909 and -3.99999999899999991725962900091
make: *** [run] Error 255
All Done
Known Failure: Return value of the last command executed was not zero, it was: 2
----------------- (Known Failure) AutoCG $PTII/bin/ptcg -language c -generateInSubdirectory false -inline false -maximumLinesPerBlock 2500 -variablesAsArrays false /home/travis/build/icyphy/ptII/ptolemy/cg/adapter/generic/program/procedural/c/adapters/ptolemy/domains/ptides/lib/test/auto/knownFailedTests/Network2.xmlCCodeGenerator._generateCode(): Deleting /home/travis/cg/
CCodeGenerator set the container? : actor.getContainer(): null _isTopLevel: true generateEmbeddedCode: false
CCodeGenerator include the container .h? : container.getContainer(): null _isTopLevel: true generateEmbeddedCode: false
CCodeGenerator set the container? : actor.getContainer(): ptolemy.actor.TypedCompositeActor {.Network2} _isTopLevel: true generateEmbeddedCode: false
CCodeGenerator include the container .h? : container.getContainer(): ptolemy.actor.TypedCompositeActor {.Network2} _isTopLevel: true generateEmbeddedCode: false
CCodeGenerator set the container? : actor.getContainer(): ptolemy.domains.ptides.kernel.PtidesPlatform {.Network2.PtidesPlatform} _isTopLevel: true generateEmbeddedCode: false
CCodeGenerator include the container .h? : container.getContainer(): ptolemy.domains.ptides.kernel.PtidesPlatform {.Network2.PtidesPlatform} _isTopLevel: true generateEmbeddedCode: false
CCodeGenerator set the container? : actor.getContainer(): ptolemy.actor.TypedCompositeActor {.Network2} _isTopLevel: true generateEmbeddedCode: false
CCodeGenerator include the container .h? : container.getContainer(): ptolemy.actor.TypedCompositeActor {.Network2} _isTopLevel: true generateEmbeddedCode: false
CCodeGenerator set the container? : actor.getContainer(): ptolemy.domains.ptides.kernel.PtidesPlatform {.Network2.PtidesPlatform2} _isTopLevel: true generateEmbeddedCode: false
CCodeGenerator include the container .h? : container.getContainer(): ptolemy.domains.ptides.kernel.PtidesPlatform {.Network2.PtidesPlatform2} _isTopLevel: true generateEmbeddedCode: false
Reading "ptolemy/cg/kernel/generic/program/procedural/c/makefile.in",
    writing "/home/travis/cg/Network2.mk"
Using ptolemy/cg/kernel/generic/program/procedural/c/makefile.in
In "/home/travis/cg", about to execute:
    make -f Network2.mk
gcc -D__int64="long long" -Wall -std=c99  -ggdb  -I /home/travis/cg/commons/ -I /home/travis/cg//_Network2/_PtidesPlatform/_PtidesPlatformContents -I /home/travis/cg//_Network2/_PtidesPlatform2 -I /home/travis/cg//_Network2/_PtidesPlatform2/_PtidesPlatformContents -I /home/travis/cg//_Network2/_PtidesPlatform -I /home/travis/cg//_Network2 Network2_Main.c _Network2/Network2_SingleEvent2.c _Network2/Network2_Test.c _Network2/Network2_Test2.c _Network2/Network2_TimeDelay.c _Network2/_PtidesPlatform/_PtidesPlatformContents/Network2_PtidesPlatform_PtidesPlatformContents_TimeDelay.c _Network2/_PtidesPlatform/_PtidesPlatformContents/Network2_PtidesPlatform_PtidesPlatformContents.c _Network2/_PtidesPlatform/Network2_PtidesPlatform.c _Network2/Network2.c _Network2/Network2_CurrentTime.c _Network2/Network2_SingleEvent.c _Network2/_PtidesPlatform2/_PtidesPlatformContents/Network2_PtidesPlatform2_PtidesPlatformContents_AddSubtract.c _Network2/_PtidesPlatform2/_PtidesPlatformContents/Network2_PtidesPlatform2_PtidesPlatformContents_TimeDelay.c _Network2/_PtidesPlatform2/_PtidesPlatformContents/Network2_PtidesPlatform2_PtidesPlatformContents.c _Network2/_PtidesPlatform2/Network2_PtidesPlatform2.c commons/_CompositeActor.c commons/_DEEvent.c commons/_AtomicActor.c commons/_Director.c commons/pblSet.c commons/_PtidesPort.c commons/pblHeap.c commons/_PtidesMirrorPort.c commons/_LocalClock.c commons/_PtidesPlatformDirector.c commons/pblIterator.c commons/_CalendarQueue.c commons/_Receiver.c commons/_PtidesEvent.c commons/_PtidesReceiver.c commons/_IOPort.c commons/pblMap.c commons/_Actor.c commons/pblList.c commons/_ptTypes.c commons/pblCollection.c commons/pblPriorityQueue.c commons/pblhash.c commons/_DEDirector.c commons/_PtidesDirector.c commons/_TypedIOPort.c commons/pbl.c commons/_DEReceiver.c -o Network2 -lm 
In "/home/travis/cg", about to execute:
    make -f Network2.mk run
./Network2
commons/_CompositeActor.c:119: CompositeActorFire():(1) director did not transfer inputs?.
commons/_CompositeActor.c:119: CompositeActorFire():(2) director did not transfer inputs?.
commons/_CompositeActor.c:119: CompositeActorFire():(3) director did not transfer inputs?.
commons/_CompositeActor.c:119: CompositeActorFire():(4) director did not transfer inputs?.
commons/_CompositeActor.c:119: CompositeActorFire():(5) director did not transfer inputs?.
commons/_CompositeActor.c:119: CompositeActorFire():(6) director did not transfer inputs?.

Test Network2_Test__0 fails in iteration 0.
 Value was:         -5. Should have been between: -4.00000000100000008274037099909 and -3.99999999899999991725962900091
make: *** [run] Error 255
All Done
Known Failure: Return value of the last command executed was not zero, it was: 2
----------------- (Known Failure) AutoCG $PTII/bin/ptcg -language c -generateInSubdirectory false -inline false -maximumLinesPerBlock 2500 -variablesAsArrays false /home/travis/build/icyphy/ptII/ptolemy/cg/adapter/generic/program/procedural/c/adapters/ptolemy/domains/ptides/lib/test/auto/knownFailedTests/TIIModalExample.xmlCCodeGenerator._generateCode(): Deleting /home/travis/cg/
CCodeGenerator set the container? : actor.getContainer(): null _isTopLevel: true generateEmbeddedCode: false
CCodeGenerator include the container .h? : container.getContainer(): null _isTopLevel: true generateEmbeddedCode: false
CCodeGenerator set the container? : actor.getContainer(): ptolemy.actor.TypedCompositeActor {.TIIModalExample} _isTopLevel: true generateEmbeddedCode: false
CCodeGenerator include the container .h? : container.getContainer(): ptolemy.actor.TypedCompositeActor {.TIIModalExample} _isTopLevel: true generateEmbeddedCode: false
CCodeGenerator set the container? : actor.getContainer(): ptolemy.domains.ptides.kernel.PtidesPlatform {.TIIModalExample.PtidesPlatform} _isTopLevel: true generateEmbeddedCode: false
CCodeGenerator include the container .h? : container.getContainer(): ptolemy.domains.ptides.kernel.PtidesPlatform {.TIIModalExample.PtidesPlatform} _isTopLevel: true generateEmbeddedCode: false
CCodeGenerator set the container? : actor.getContainer(): ptolemy.domains.ptides.kernel.PtidesPlatform$PtidesPlatformContents {.TIIModalExample.PtidesPlatform.PtidesPlatformContents} _isTopLevel: true generateEmbeddedCode: false
CCodeGenerator include the container .h? : container.getContainer(): ptolemy.domains.ptides.kernel.PtidesPlatform$PtidesPlatformContents {.TIIModalExample.PtidesPlatform.PtidesPlatformContents} _isTopLevel: true generateEmbeddedCode: false
CCodeGenerator set the container? : actor.getContainer(): ptolemy.domains.modal.modal.ModalModel {.TIIModalExample.PtidesPlatform.PtidesPlatformContents.ModalModel} _isTopLevel: true generateEmbeddedCode: false
CCodeGenerator include the container .h? : container.getContainer(): ptolemy.domains.modal.modal.ModalModel {.TIIModalExample.PtidesPlatform.PtidesPlatformContents.ModalModel} _isTopLevel: true generateEmbeddedCode: false
CCodeGenerator set the container? : actor.getContainer(): ptolemy.domains.modal.modal.ModalModel {.TIIModalExample.PtidesPlatform.PtidesPlatformContents.ModalModel} _isTopLevel: true generateEmbeddedCode: false
CCodeGenerator include the container .h? : container.getContainer(): ptolemy.domains.modal.modal.ModalModel {.TIIModalExample.PtidesPlatform.PtidesPlatformContents.ModalModel} _isTopLevel: true generateEmbeddedCode: false
CCodeGenerator set the container? : actor.getContainer(): ptolemy.domains.modal.modal.ModalModel {.TIIModalExample.PtidesPlatform.PtidesPlatformContents.ModalModel} _isTopLevel: true generateEmbeddedCode: false
CCodeGenerator include the container .h? : container.getContainer(): ptolemy.domains.modal.modal.ModalModel {.TIIModalExample.PtidesPlatform.PtidesPlatformContents.ModalModel} _isTopLevel: true generateEmbeddedCode: false
Reading "ptolemy/cg/kernel/generic/program/procedural/c/makefile.in",
    writing "/home/travis/cg/TIIModalExample.mk"
Using ptolemy/cg/kernel/generic/program/procedural/c/makefile.in
In "/home/travis/cg", about to execute:
    make -f TIIModalExample.mk
gcc -D__int64="long long" -Wall -std=c99  -ggdb  -I /home/travis/cg//_TIIModalExample/_PtidesPlatform/_PtidesPlatformContents/_ModalModel/_state2 -I /home/travis/cg//_TIIModalExample/_PtidesPlatform/_PtidesPlatformContents/_ModalModel -I /home/travis/cg//_TIIModalExample/_PtidesPlatform/_PtidesPlatformContents/_ModalModel/_state3 -I /home/travis/cg//_TIIModalExample/_PtidesPlatform -I /home/travis/cg//_TIIModalExample/_PtidesPlatform/_PtidesPlatformContents/_ModalModel/_state -I /home/travis/cg//_TIIModalExample/_PtidesPlatform/_PtidesPlatformContents -I /home/travis/cg/commons/ -I /home/travis/cg//_TIIModalExample TIIModalExample_Main.c commons/_FSMDirector.c commons/_FSMActor.c commons/_CompositeActor.c commons/_DEEvent.c commons/_AtomicActor.c commons/_Director.c commons/pblSet.c commons/_PtidesPort.c commons/pblHeap.c commons/_PtidesMirrorPort.c commons/_LocalClock.c commons/_PtidesPlatformDirector.c commons/_FSMReceiver.c commons/pblIterator.c commons/_CalendarQueue.c commons/_Receiver.c commons/_PtidesEvent.c commons/_PtidesReceiver.c commons/_IOPort.c commons/pblMap.c commons/_Actor.c commons/pblList.c commons/_ptTypes.c commons/pblCollection.c commons/pblPriorityQueue.c commons/pblhash.c commons/_DEDirector.c commons/_PtidesDirector.c commons/_TypedIOPort.c commons/pbl.c commons/_DEReceiver.c _TIIModalExample/TIIModalExample_Test6.c _TIIModalExample/TIIModalExample_Test2.c _TIIModalExample/TIIModalExample_Test4.c _TIIModalExample/TIIModalExample_Test.c _TIIModalExample/TIIModalExample_Test7.c _TIIModalExample/TIIModalExample_DiscreteClock.c _TIIModalExample/TIIModalExample_CurrentTime3.c _TIIModalExample/_PtidesPlatform/_PtidesPlatformContents/_ModalModel/_state2/TIIModalExample_PtidesPlatform_PtidesPlatformContents_ModalModel_state2_Scale.c _TIIModalExample/_PtidesPlatform/_PtidesPlatformContents/_ModalModel/_state2/TIIModalExample_PtidesPlatform_PtidesPlatformContents_ModalModel_state2.c _TIIModalExample/_PtidesPlatform/_PtidesPlatformContents/_ModalModel/TIIModalExample_PtidesPlatform_PtidesPlatformContents_ModalModel_FSMTransitionCode.c _TIIModalExample/_PtidesPlatform/_PtidesPlatformContents/_ModalModel/TIIModalExample_PtidesPlatform_PtidesPlatformContents_ModalModel.c _TIIModalExample/_PtidesPlatform/_PtidesPlatformContents/_ModalModel/_state3/TIIModalExample_PtidesPlatform_PtidesPlatformContents_ModalModel_state3_Test2.c _TIIModalExample/_PtidesPlatform/_PtidesPlatformContents/_ModalModel/_state3/TIIModalExample_PtidesPlatform_PtidesPlatformContents_ModalModel_state3.c _TIIModalExample/_PtidesPlatform/_PtidesPlatformContents/_ModalModel/_state3/TIIModalExample_PtidesPlatform_PtidesPlatformContents_ModalModel_state3_Test.c _TIIModalExample/_PtidesPlatform/_PtidesPlatformContents/_ModalModel/_state3/TIIModalExample_PtidesPlatform_PtidesPlatformContents_ModalModel_state3_Scale.c _TIIModalExample/_PtidesPlatform/_PtidesPlatformContents/_ModalModel/_state/TIIModalExample_PtidesPlatform_PtidesPlatformContents_ModalModel_state.c _TIIModalExample/_PtidesPlatform/_PtidesPlatformContents/_ModalModel/_state/TIIModalExample_PtidesPlatform_PtidesPlatformContents_ModalModel_state_Test2.c _TIIModalExample/_PtidesPlatform/_PtidesPlatformContents/_ModalModel/_state/TIIModalExample_PtidesPlatform_PtidesPlatformContents_ModalModel_state_Scale.c _TIIModalExample/_PtidesPlatform/_PtidesPlatformContents/_ModalModel/_state/TIIModalExample_PtidesPlatform_PtidesPlatformContents_ModalModel_state_Test.c _TIIModalExample/_PtidesPlatform/_PtidesPlatformContents/_ModalModel/_state/TIIModalExample_PtidesPlatform_PtidesPlatformContents_ModalModel_state_TimeDelay.c _TIIModalExample/_PtidesPlatform/_PtidesPlatformContents/TIIModalExample_PtidesPlatform_PtidesPlatformContents_Test.c _TIIModalExample/_PtidesPlatform/_PtidesPlatformContents/TIIModalExample_PtidesPlatform_PtidesPlatformContents.c _TIIModalExample/_PtidesPlatform/_PtidesPlatformContents/TIIModalExample_PtidesPlatform_PtidesPlatformContents_Test2.c _TIIModalExample/_PtidesPlatform/TIIModalExample_PtidesPlatform.c _TIIModalExample/TIIModalExample_SingleEvent.c _TIIModalExample/TIIModalExample_Test3.c _TIIModalExample/TIIModalExample.c _TIIModalExample/TIIModalExample_CurrentTime2.c -o TIIModalExample -lm 
In "/home/travis/cg", about to execute:
    make -f TIIModalExample.mk run
./TIIModalExample
commons/_CompositeActor.c:119: CompositeActorFire():(1) director did not transfer inputs?.
commons/_CompositeActor.c:119: CompositeActorFire():(2) director did not transfer inputs?.
FSM_Receiver_HasToken: receiver 0x173d9b0: token was null?
commons/_CompositeActor.c:119: CompositeActorFire():(3) director did not transfer inputs?.
FSM_Receiver_HasToken: receiver 0x1744b50: token was null?
FSM_Receiver_HasToken: receiver 0x1744ff0: token was null?
FSM_Receiver_HasToken: receiver 0x1744b50: token was null?
FSM_Receiver_HasToken: receiver 0x1744ff0: token was null?
FSM_Receiver_HasToken: receiver 0x1744b50: token was null?
FSM_Receiver_HasToken: receiver 0x1744ff0: token was null?
commons/_CompositeActor.c:119: CompositeActorFire():(4) director did not transfer inputs?.
commons/_CompositeActor.c:119: CompositeActorFire():(5) director did not transfer inputs?.
FSM_Receiver_HasToken: receiver 0x173d9b0: token was null?
commons/_CompositeActor.c:119: CompositeActorFire():(6) director did not transfer inputs?.
FSM_Receiver_HasToken: receiver 0x1744b50: token was null?
FSM_Receiver_HasToken: receiver 0x1744ff0: token was null?
FSM_Receiver_HasToken: receiver 0x1744b50: token was null?
FSM_Receiver_HasToken: receiver 0x1744ff0: token was null?
FSM_Receiver_HasToken: receiver 0x1744b50: token was null?
FSM_Receiver_HasToken: receiver 0x1744ff0: token was null?
commons/_CompositeActor.c:119: CompositeActorFire():(7) director did not transfer inputs?.
commons/_CompositeActor.c:119: CompositeActorFire():(8) director did not transfer inputs?.
commons/_CompositeActor.c:119: CompositeActorFire():(9) director did not transfer inputs?.
commons/_CompositeActor.c:119: CompositeActorFire():(10) director did not transfer inputs?.
FSM_Receiver_HasToken: receiver 0x173d9b0: token was null?
FSM_Receiver_HasToken: receiver 0x1744ff0: token was null?
FSM_Receiver_HasToken: receiver 0x1744ff0: token was null?
FSM_Receiver_HasToken: receiver 0x1744ff0: token was null?
FSM_Receiver_HasToken: receiver 0x173d9b0: token was null?
Int_convert(): Conversion from an unsupported type. (0)
FSM_Receiver_HasToken: receiver 0x1744ff0: token was null?
FSM_Receiver_HasToken: receiver 0x1744ff0: token was null?
FSM_Receiver_HasToken: receiver 0x1744ff0: token was null?

Test TIIModalExample_PtidesPlatform_PtidesPlatformContents_Test__0 fails in iteration 1.
 Value was: 0. Should have been between: 3.99999999899999991725962900091 and 4.00000000100000008274037099909
make: *** [run] Error 255
All Done
Known Failure: Return value of the last command executed was not zero, it was: 2
----------------- AutoCG $PTII/bin/ptcg -language c -generateInSubdirectory false -inline false -maximumLinesPerBlock 2500 -variablesAsArrays false /home/travis/build/icyphy/ptII/ptolemy/cg/adapter/generic/program/procedural/c/adapters/ptolemy/domains/ptides/lib/test/auto/Feedback.xmlCCodeGenerator._generateCode(): Deleting /home/travis/cg/
CCodeGenerator set the container? : actor.getContainer(): null _isTopLevel: true generateEmbeddedCode: false
CCodeGenerator include the container .h? : container.getContainer(): null _isTopLevel: true generateEmbeddedCode: false
CCodeGenerator set the container? : actor.getContainer(): ptolemy.actor.TypedCompositeActor {.Feedback} _isTopLevel: true generateEmbeddedCode: false
CCodeGenerator include the container .h? : container.getContainer(): ptolemy.actor.TypedCompositeActor {.Feedback} _isTopLevel: true generateEmbeddedCode: false
CCodeGenerator set the container? : actor.getContainer(): ptolemy.domains.ptides.kernel.PtidesPlatform {.Feedback.PtidesPlatform} _isTopLevel: true generateEmbeddedCode: false
CCodeGenerator include the container .h? : container.getContainer(): ptolemy.domains.ptides.kernel.PtidesPlatform {.Feedback.PtidesPlatform} _isTopLevel: true generateEmbeddedCode: false
Reading "ptolemy/cg/kernel/generic/program/procedural/c/makefile.in",
    writing "/home/travis/cg/Feedback.mk"
Using ptolemy/cg/kernel/generic/program/procedural/c/makefile.in
In "/home/travis/cg", about to execute:
    make -f Feedback.mk
gcc -D__int64="long long" -Wall -std=c99  -ggdb  -I /home/travis/cg//_Feedback/_PtidesPlatform -I /home/travis/cg/commons/ -I /home/travis/cg//_Feedback -I /home/travis/cg//_Feedback/_PtidesPlatform/_PtidesPlatformContents Feedback_Main.c commons/_CompositeActor.c commons/_DEEvent.c commons/_AtomicActor.c commons/_Director.c commons/pblSet.c commons/_PtidesPort.c commons/pblHeap.c commons/_PtidesMirrorPort.c commons/_LocalClock.c commons/_PtidesPlatformDirector.c commons/pblIterator.c commons/_CalendarQueue.c commons/_Receiver.c commons/_PtidesEvent.c commons/_PtidesReceiver.c commons/_IOPort.c commons/pblMap.c commons/_Actor.c commons/pblList.c commons/_ptTypes.c commons/pblCollection.c commons/pblPriorityQueue.c commons/pblhash.c commons/_DEDirector.c commons/_PtidesDirector.c commons/_TypedIOPort.c commons/pbl.c commons/_DEReceiver.c _Feedback/Feedback_CurrentTime.c _Feedback/Feedback_Test.c _Feedback/_PtidesPlatform/_PtidesPlatformContents/Feedback_PtidesPlatform_PtidesPlatformContents.c _Feedback/_PtidesPlatform/_PtidesPlatformContents/Feedback_PtidesPlatform_PtidesPlatformContents_AddSubtract.c _Feedback/_PtidesPlatform/_PtidesPlatformContents/Feedback_PtidesPlatform_PtidesPlatformContents_TimeDelay2.c _Feedback/_PtidesPlatform/_PtidesPlatformContents/Feedback_PtidesPlatform_PtidesPlatformContents_TimeDelay.c _Feedback/_PtidesPlatform/_PtidesPlatformContents/Feedback_PtidesPlatform_PtidesPlatformContents_Scale.c _Feedback/_PtidesPlatform/Feedback_PtidesPlatform.c _Feedback/Feedback.c _Feedback/Feedback_DiscreteClock.c _Feedback/Feedback_Test2.c -o Feedback -lm 
In "/home/travis/cg", about to execute:
    make -f Feedback.mk run
./Feedback
commons/_CompositeActor.c:119: CompositeActorFire():(1) director did not transfer inputs?.
commons/_CompositeActor.c:119: CompositeActorFire():(2) director did not transfer inputs?.
commons/_CompositeActor.c:119: CompositeActorFire():(3) director did not transfer inputs?.
commons/_CompositeActor.c:119: CompositeActorFire():(4) director did not transfer inputs?.
commons/_CompositeActor.c:119: CompositeActorFire():(5) director did not transfer inputs?.
commons/_CompositeActor.c:119: CompositeActorFire():(6) director did not transfer inputs?.
commons/_CompositeActor.c:119: CompositeActorFire():(7) director did not transfer inputs?.
commons/_CompositeActor.c:119: CompositeActorFire():(8) director did not transfer inputs?.
commons/_CompositeActor.c:119: CompositeActorFire():(9) director did not transfer inputs?.
commons/_CompositeActor.c:119: CompositeActorFire():(10) director did not transfer inputs?.
All Done
----------------- AutoCG $PTII/bin/ptcg -language c -generateInSubdirectory false -inline false -maximumLinesPerBlock 2500 -variablesAsArrays false /home/travis/build/icyphy/ptII/ptolemy/cg/adapter/generic/program/procedural/c/adapters/ptolemy/domains/ptides/lib/test/auto/Feedback2.xmlCCodeGenerator._generateCode(): Deleting /home/travis/cg/
CCodeGenerator set the container? : actor.getContainer(): null _isTopLevel: true generateEmbeddedCode: false
CCodeGenerator include the container .h? : container.getContainer(): null _isTopLevel: true generateEmbeddedCode: false
CCodeGenerator set the container? : actor.getContainer(): ptolemy.actor.TypedCompositeActor {.Feedback2} _isTopLevel: true generateEmbeddedCode: false
CCodeGenerator include the container .h? : container.getContainer(): ptolemy.actor.TypedCompositeActor {.Feedback2} _isTopLevel: true generateEmbeddedCode: false
CCodeGenerator set the container? : actor.getContainer(): ptolemy.domains.ptides.kernel.PtidesPlatform {.Feedback2.PtidesPlatform} _isTopLevel: true generateEmbeddedCode: false
CCodeGenerator include the container .h? : container.getContainer(): ptolemy.domains.ptides.kernel.PtidesPlatform {.Feedback2.PtidesPlatform} _isTopLevel: true generateEmbeddedCode: false
Reading "ptolemy/cg/kernel/generic/program/procedural/c/makefile.in",
    writing "/home/travis/cg/Feedback2.mk"
Using ptolemy/cg/kernel/generic/program/procedural/c/makefile.in
In "/home/travis/cg", about to execute:
    make -f Feedback2.mk
gcc -D__int64="long long" -Wall -std=c99  -ggdb  -I /home/travis/cg//_Feedback2/_PtidesPlatform/_PtidesPlatformContents -I /home/travis/cg/commons/ -I /home/travis/cg//_Feedback2/_PtidesPlatform -I /home/travis/cg//_Feedback2 Feedback2_Main.c commons/_CompositeActor.c commons/_DEEvent.c commons/_AtomicActor.c commons/_Director.c commons/pblSet.c commons/_PtidesPort.c commons/pblHeap.c commons/_PtidesMirrorPort.c commons/_LocalClock.c commons/_PtidesPlatformDirector.c commons/pblIterator.c commons/_CalendarQueue.c commons/_Receiver.c commons/_PtidesEvent.c commons/_PtidesReceiver.c commons/_IOPort.c commons/pblMap.c commons/_Actor.c commons/pblList.c commons/_ptTypes.c commons/pblCollection.c commons/pblPriorityQueue.c commons/pblhash.c commons/_DEDirector.c commons/_PtidesDirector.c commons/_TypedIOPort.c commons/pbl.c commons/_DEReceiver.c _Feedback2/Feedback2_DiscreteClock.c _Feedback2/_PtidesPlatform/_PtidesPlatformContents/Feedback2_PtidesPlatform_PtidesPlatformContents_Scale.c _Feedback2/_PtidesPlatform/_PtidesPlatformContents/Feedback2_PtidesPlatform_PtidesPlatformContents.c _Feedback2/_PtidesPlatform/_PtidesPlatformContents/Feedback2_PtidesPlatform_PtidesPlatformContents_TimeDelay2.c _Feedback2/_PtidesPlatform/_PtidesPlatformContents/Feedback2_PtidesPlatform_PtidesPlatformContents_AddSubtract.c _Feedback2/_PtidesPlatform/_PtidesPlatformContents/Feedback2_PtidesPlatform_PtidesPlatformContents_TimeDelay.c _Feedback2/_PtidesPlatform/Feedback2_PtidesPlatform.c _Feedback2/Feedback2.c _Feedback2/Feedback2_Test.c _Feedback2/Feedback2_Test2.c _Feedback2/Feedback2_CurrentTime.c -o Feedback2 -lm 
In "/home/travis/cg", about to execute:
    make -f Feedback2.mk run
./Feedback2
commons/_CompositeActor.c:119: CompositeActorFire():(1) director did not transfer inputs?.
commons/_CompositeActor.c:119: CompositeActorFire():(2) director did not transfer inputs?.
commons/_CompositeActor.c:119: CompositeActorFire():(3) director did not transfer inputs?.
commons/_CompositeActor.c:119: CompositeActorFire():(4) director did not transfer inputs?.
commons/_CompositeActor.c:119: CompositeActorFire():(5) director did not transfer inputs?.
commons/_CompositeActor.c:119: CompositeActorFire():(6) director did not transfer inputs?.
commons/_CompositeActor.c:119: CompositeActorFire():(7) director did not transfer inputs?.
commons/_CompositeActor.c:119: CompositeActorFire():(8) director did not transfer inputs?.
commons/_CompositeActor.c:119: CompositeActorFire():(9) director did not transfer inputs?.
commons/_CompositeActor.c:119: CompositeActorFire():(10) director did not transfer inputs?.
All Done
----------------- AutoCG $PTII/bin/ptcg -language c -generateInSubdirectory false -inline false -maximumLinesPerBlock 2500 -variablesAsArrays false /home/travis/build/icyphy/ptII/ptolemy/cg/adapter/generic/program/procedural/c/adapters/ptolemy/domains/ptides/lib/test/auto/Microstep.xmlCCodeGenerator._generateCode(): Deleting /home/travis/cg/
CCodeGenerator set the container? : actor.getContainer(): null _isTopLevel: true generateEmbeddedCode: false
CCodeGenerator include the container .h? : container.getContainer(): null _isTopLevel: true generateEmbeddedCode: false
CCodeGenerator set the container? : actor.getContainer(): ptolemy.actor.TypedCompositeActor {.Microstep} _isTopLevel: true generateEmbeddedCode: false
CCodeGenerator include the container .h? : container.getContainer(): ptolemy.actor.TypedCompositeActor {.Microstep} _isTopLevel: true generateEmbeddedCode: false
CCodeGenerator set the container? : actor.getContainer(): ptolemy.domains.ptides.kernel.PtidesPlatform {.Microstep.PtidesPlatform} _isTopLevel: true generateEmbeddedCode: false
CCodeGenerator include the container .h? : container.getContainer(): ptolemy.domains.ptides.kernel.PtidesPlatform {.Microstep.PtidesPlatform} _isTopLevel: true generateEmbeddedCode: false
Reading "ptolemy/cg/kernel/generic/program/procedural/c/makefile.in",
    writing "/home/travis/cg/Microstep.mk"
Using ptolemy/cg/kernel/generic/program/procedural/c/makefile.in
In "/home/travis/cg", about to execute:
    make -f Microstep.mk
gcc -D__int64="long long" -Wall -std=c99  -ggdb  -I /home/travis/cg//_Microstep/_PtidesPlatform/_PtidesPlatformContents -I /home/travis/cg/commons/ -I /home/travis/cg//_Microstep -I /home/travis/cg//_Microstep/_PtidesPlatform Microstep_Main.c commons/_CompositeActor.c commons/_DEEvent.c commons/_AtomicActor.c commons/_Director.c commons/pblSet.c commons/_PtidesPort.c commons/pblHeap.c commons/_PtidesMirrorPort.c commons/_LocalClock.c commons/_PtidesPlatformDirector.c commons/pblIterator.c commons/_CalendarQueue.c commons/_Receiver.c commons/_PtidesEvent.c commons/_PtidesReceiver.c commons/_IOPort.c commons/pblMap.c commons/_Actor.c commons/pblList.c commons/_ptTypes.c commons/pblCollection.c commons/pblPriorityQueue.c commons/pblhash.c commons/_DEDirector.c commons/_PtidesDirector.c commons/_TypedIOPort.c commons/pbl.c commons/_DEReceiver.c _Microstep/Microstep_CurrentTime.c _Microstep/Microstep_Test.c _Microstep/Microstep_Const.c _Microstep/Microstep_Test2.c _Microstep/Microstep.c _Microstep/_PtidesPlatform/_PtidesPlatformContents/Microstep_PtidesPlatform_PtidesPlatformContents.c _Microstep/_PtidesPlatform/_PtidesPlatformContents/Microstep_PtidesPlatform_PtidesPlatformContents_Test2.c _Microstep/_PtidesPlatform/_PtidesPlatformContents/Microstep_PtidesPlatform_PtidesPlatformContents_CurrentTime.c _Microstep/_PtidesPlatform/_PtidesPlatformContents/Microstep_PtidesPlatform_PtidesPlatformContents_Test.c _Microstep/_PtidesPlatform/_PtidesPlatformContents/Microstep_PtidesPlatform_PtidesPlatformContents_Ramp.c _Microstep/_PtidesPlatform/Microstep_PtidesPlatform.c _Microstep/Microstep_Register.c _Microstep/Microstep_Merge.c _Microstep/Microstep_TimeDelay.c _Microstep/Microstep_TrueGate.c _Microstep/Microstep_Comparator.c _Microstep/Microstep_SingleEvent.c -o Microstep -lm 
In "/home/travis/cg", about to execute:
    make -f Microstep.mk run
./Microstep
All Done
----------------- AutoCG $PTII/bin/ptcg -language c -generateInSubdirectory false -inline false -maximumLinesPerBlock 2500 -variablesAsArrays false /home/travis/build/icyphy/ptII/ptolemy/cg/adapter/generic/program/procedural/c/adapters/ptolemy/domains/ptides/lib/test/auto/ModelDelay.xmlCCodeGenerator._generateCode(): Deleting /home/travis/cg/
CCodeGenerator set the container? : actor.getContainer(): null _isTopLevel: true generateEmbeddedCode: false
CCodeGenerator include the container .h? : container.getContainer(): null _isTopLevel: true generateEmbeddedCode: false
CCodeGenerator set the container? : actor.getContainer(): ptolemy.actor.TypedCompositeActor {.ModelDelay} _isTopLevel: true generateEmbeddedCode: false
CCodeGenerator include the container .h? : container.getContainer(): ptolemy.actor.TypedCompositeActor {.ModelDelay} _isTopLevel: true generateEmbeddedCode: false
CCodeGenerator set the container? : actor.getContainer(): ptolemy.domains.ptides.kernel.PtidesPlatform {.ModelDelay.PtidesPlatform} _isTopLevel: true generateEmbeddedCode: false
CCodeGenerator include the container .h? : container.getContainer(): ptolemy.domains.ptides.kernel.PtidesPlatform {.ModelDelay.PtidesPlatform} _isTopLevel: true generateEmbeddedCode: false
Reading "ptolemy/cg/kernel/generic/program/procedural/c/makefile.in",
    writing "/home/travis/cg/ModelDelay.mk"
Using ptolemy/cg/kernel/generic/program/procedural/c/makefile.in
In "/home/travis/cg", about to execute:
    make -f ModelDelay.mk
gcc -D__int64="long long" -Wall -std=c99  -ggdb  -I /home/travis/cg//_ModelDelay -I /home/travis/cg//_ModelDelay/_PtidesPlatform/_PtidesPlatformContents -I /home/travis/cg/commons/ -I /home/travis/cg//_ModelDelay/_PtidesPlatform ModelDelay_Main.c _ModelDelay/ModelDelay_DiscreteClock.c _ModelDelay/ModelDelay_Test2.c _ModelDelay/ModelDelay.c _ModelDelay/_PtidesPlatform/_PtidesPlatformContents/ModelDelay_PtidesPlatform_PtidesPlatformContents.c _ModelDelay/_PtidesPlatform/_PtidesPlatformContents/ModelDelay_PtidesPlatform_PtidesPlatformContents_TimeDelay.c _ModelDelay/_PtidesPlatform/ModelDelay_PtidesPlatform.c _ModelDelay/ModelDelay_CurrentTime.c _ModelDelay/ModelDelay_Test.c commons/_CompositeActor.c commons/_DEEvent.c commons/_AtomicActor.c commons/_Director.c commons/pblSet.c commons/_PtidesPort.c commons/pblHeap.c commons/_PtidesMirrorPort.c commons/_LocalClock.c commons/_PtidesPlatformDirector.c commons/pblIterator.c commons/_CalendarQueue.c commons/_Receiver.c commons/_PtidesEvent.c commons/_PtidesReceiver.c commons/_IOPort.c commons/pblMap.c commons/_Actor.c commons/pblList.c commons/_ptTypes.c commons/pblCollection.c commons/pblPriorityQueue.c commons/pblhash.c commons/_DEDirector.c commons/_PtidesDirector.c commons/_TypedIOPort.c commons/pbl.c commons/_DEReceiver.c -o ModelDelay -lm 
In "/home/travis/cg", about to execute:
    make -f ModelDelay.mk run
./ModelDelay
commons/_CompositeActor.c:119: CompositeActorFire():(1) director did not transfer inputs?.
commons/_CompositeActor.c:119: CompositeActorFire():(2) director did not transfer inputs?.
commons/_CompositeActor.c:119: CompositeActorFire():(3) director did not transfer inputs?.
commons/_CompositeActor.c:119: CompositeActorFire():(4) director did not transfer inputs?.
commons/_CompositeActor.c:119: CompositeActorFire():(5) director did not transfer inputs?.
commons/_CompositeActor.c:119: CompositeActorFire():(6) director did not transfer inputs?.
commons/_CompositeActor.c:119: CompositeActorFire():(7) director did not transfer inputs?.
commons/_CompositeActor.c:119: CompositeActorFire():(8) director did not transfer inputs?.
commons/_CompositeActor.c:119: CompositeActorFire():(9) director did not transfer inputs?.
commons/_CompositeActor.c:119: CompositeActorFire():(10) director did not transfer inputs?.
All Done
----------------- AutoCG $PTII/bin/ptcg -language c -generateInSubdirectory false -inline false -maximumLinesPerBlock 2500 -variablesAsArrays false /home/travis/build/icyphy/ptII/ptolemy/cg/adapter/generic/program/procedural/c/adapters/ptolemy/domains/ptides/lib/test/auto/Network.xmlCCodeGenerator._generateCode(): Deleting /home/travis/cg/
CCodeGenerator set the container? : actor.getContainer(): null _isTopLevel: true generateEmbeddedCode: false
CCodeGenerator include the container .h? : container.getContainer(): null _isTopLevel: true generateEmbeddedCode: false
CCodeGenerator set the container? : actor.getContainer(): ptolemy.actor.TypedCompositeActor {.Network} _isTopLevel: true generateEmbeddedCode: false
CCodeGenerator include the container .h? : container.getContainer(): ptolemy.actor.TypedCompositeActor {.Network} _isTopLevel: true generateEmbeddedCode: false
CCodeGenerator set the container? : actor.getContainer(): ptolemy.domains.ptides.kernel.PtidesPlatform {.Network.PtidesPlatform} _isTopLevel: true generateEmbeddedCode: false
CCodeGenerator include the container .h? : container.getContainer(): ptolemy.domains.ptides.kernel.PtidesPlatform {.Network.PtidesPlatform} _isTopLevel: true generateEmbeddedCode: false
CCodeGenerator set the container? : actor.getContainer(): ptolemy.actor.TypedCompositeActor {.Network} _isTopLevel: true generateEmbeddedCode: false
CCodeGenerator include the container .h? : container.getContainer(): ptolemy.actor.TypedCompositeActor {.Network} _isTopLevel: true generateEmbeddedCode: false
CCodeGenerator set the container? : actor.getContainer(): ptolemy.domains.ptides.kernel.PtidesPlatform {.Network.PtidesPlatform2} _isTopLevel: true generateEmbeddedCode: false
CCodeGenerator include the container .h? : container.getContainer(): ptolemy.domains.ptides.kernel.PtidesPlatform {.Network.PtidesPlatform2} _isTopLevel: true generateEmbeddedCode: false
Reading "ptolemy/cg/kernel/generic/program/procedural/c/makefile.in",
    writing "/home/travis/cg/Network.mk"
Using ptolemy/cg/kernel/generic/program/procedural/c/makefile.in
In "/home/travis/cg", about to execute:
    make -f Network.mk
gcc -D__int64="long long" -Wall -std=c99  -ggdb  -I /home/travis/cg//_Network/_PtidesPlatform2 -I /home/travis/cg//_Network/_PtidesPlatform2/_PtidesPlatformContents -I /home/travis/cg/commons/ -I /home/travis/cg//_Network -I /home/travis/cg//_Network/_PtidesPlatform -I /home/travis/cg//_Network/_PtidesPlatform/_PtidesPlatformContents Network_Main.c commons/_CompositeActor.c commons/_DEEvent.c commons/_AtomicActor.c commons/_Director.c commons/pblSet.c commons/_PtidesPort.c commons/pblHeap.c commons/_PtidesMirrorPort.c commons/_LocalClock.c commons/_PtidesPlatformDirector.c commons/pblIterator.c commons/_CalendarQueue.c commons/_Receiver.c commons/_PtidesEvent.c commons/_PtidesReceiver.c commons/_IOPort.c commons/pblMap.c commons/_Actor.c commons/pblList.c commons/_ptTypes.c commons/pblCollection.c commons/pblPriorityQueue.c commons/pblhash.c commons/_DEDirector.c commons/_PtidesDirector.c commons/_TypedIOPort.c commons/pbl.c commons/_DEReceiver.c _Network/Network_Test2.c _Network/Network_SingleEvent2.c _Network/Network.c _Network/_PtidesPlatform/_PtidesPlatformContents/Network_PtidesPlatform_PtidesPlatformContents.c _Network/_PtidesPlatform/_PtidesPlatformContents/Network_PtidesPlatform_PtidesPlatformContents_TimeDelay.c _Network/_PtidesPlatform/Network_PtidesPlatform.c _Network/Network_CurrentTime.c _Network/_PtidesPlatform2/_PtidesPlatformContents/Network_PtidesPlatform2_PtidesPlatformContents.c _Network/_PtidesPlatform2/_PtidesPlatformContents/Network_PtidesPlatform2_PtidesPlatformContents_TimeDelay.c _Network/_PtidesPlatform2/_PtidesPlatformContents/Network_PtidesPlatform2_PtidesPlatformContents_AddSubtract.c _Network/_PtidesPlatform2/Network_PtidesPlatform2.c _Network/Network_Test.c _Network/Network_SingleEvent.c -o Network -lm 
In "/home/travis/cg", about to execute:
    make -f Network.mk run
./Network
commons/_CompositeActor.c:119: CompositeActorFire():(1) director did not transfer inputs?.
commons/_CompositeActor.c:119: CompositeActorFire():(2) director did not transfer inputs?.
commons/_CompositeActor.c:119: CompositeActorFire():(3) director did not transfer inputs?.
All Done
----------------- AutoCG $PTII/bin/ptcg -language c -generateInSubdirectory false -inline false -maximumLinesPerBlock 2500 -variablesAsArrays false /home/travis/build/icyphy/ptII/ptolemy/cg/adapter/generic/program/procedural/c/adapters/ptolemy/domains/ptides/lib/test/auto/Network3.xmlCCodeGenerator._generateCode(): Deleting /home/travis/cg/
CCodeGenerator set the container? : actor.getContainer(): null _isTopLevel: true generateEmbeddedCode: false
CCodeGenerator include the container .h? : container.getContainer(): null _isTopLevel: true generateEmbeddedCode: false
CCodeGenerator set the container? : actor.getContainer(): ptolemy.actor.TypedCompositeActor {.Network3} _isTopLevel: true generateEmbeddedCode: false
CCodeGenerator include the container .h? : container.getContainer(): ptolemy.actor.TypedCompositeActor {.Network3} _isTopLevel: true generateEmbeddedCode: false
CCodeGenerator set the container? : actor.getContainer(): ptolemy.domains.ptides.kernel.PtidesPlatform {.Network3.PtidesPlatform} _isTopLevel: true generateEmbeddedCode: false
CCodeGenerator include the container .h? : container.getContainer(): ptolemy.domains.ptides.kernel.PtidesPlatform {.Network3.PtidesPlatform} _isTopLevel: true generateEmbeddedCode: false
CCodeGenerator set the container? : actor.getContainer(): ptolemy.actor.TypedCompositeActor {.Network3} _isTopLevel: true generateEmbeddedCode: false
CCodeGenerator include the container .h? : container.getContainer(): ptolemy.actor.TypedCompositeActor {.Network3} _isTopLevel: true generateEmbeddedCode: false
CCodeGenerator set the container? : actor.getContainer(): ptolemy.domains.ptides.kernel.PtidesPlatform {.Network3.PtidesPlatform2} _isTopLevel: true generateEmbeddedCode: false
CCodeGenerator include the container .h? : container.getContainer(): ptolemy.domains.ptides.kernel.PtidesPlatform {.Network3.PtidesPlatform2} _isTopLevel: true generateEmbeddedCode: false
CCodeGenerator set the container? : actor.getContainer(): ptolemy.actor.TypedCompositeActor {.Network3} _isTopLevel: true generateEmbeddedCode: false
CCodeGenerator include the container .h? : container.getContainer(): ptolemy.actor.TypedCompositeActor {.Network3} _isTopLevel: true generateEmbeddedCode: false
CCodeGenerator set the container? : actor.getContainer(): ptolemy.domains.ptides.kernel.PtidesPlatform {.Network3.PtidesPlatform3} _isTopLevel: true generateEmbeddedCode: false
CCodeGenerator include the container .h? : container.getContainer(): ptolemy.domains.ptides.kernel.PtidesPlatform {.Network3.PtidesPlatform3} _isTopLevel: true generateEmbeddedCode: false
Reading "ptolemy/cg/kernel/generic/program/procedural/c/makefile.in",
    writing "/home/travis/cg/Network3.mk"
Using ptolemy/cg/kernel/generic/program/procedural/c/makefile.in
In "/home/travis/cg", about to execute:
    make -f Network3.mk
gcc -D__int64="long long" -Wall -std=c99  -ggdb  -I /home/travis/cg//_Network3/_PtidesPlatform -I /home/travis/cg//_Network3/_PtidesPlatform2/_PtidesPlatformContents -I /home/travis/cg//_Network3/_PtidesPlatform3/_PtidesPlatformContents -I /home/travis/cg//_Network3/_PtidesPlatform2 -I /home/travis/cg/commons/ -I /home/travis/cg//_Network3/_PtidesPlatform/_PtidesPlatformContents -I /home/travis/cg//_Network3/_PtidesPlatform3 -I /home/travis/cg//_Network3 Network3_Main.c _Network3/Network3_CurrentTime3.c _Network3/Network3_Test5.c _Network3/Network3_Test6.c _Network3/Network3_Test2.c _Network3/Network3_SingleEvent.c _Network3/Network3_Test4.c _Network3/_PtidesPlatform/_PtidesPlatformContents/Network3_PtidesPlatform_PtidesPlatformContents_TimeDelay.c _Network3/_PtidesPlatform/_PtidesPlatformContents/Network3_PtidesPlatform_PtidesPlatformContents_Scale2.c _Network3/_PtidesPlatform/_PtidesPlatformContents/Network3_PtidesPlatform_PtidesPlatformContents_Scale.c _Network3/_PtidesPlatform/_PtidesPlatformContents/Network3_PtidesPlatform_PtidesPlatformContents.c _Network3/_PtidesPlatform/Network3_PtidesPlatform.c _Network3/Network3_Test.c _Network3/_PtidesPlatform2/_PtidesPlatformContents/Network3_PtidesPlatform2_PtidesPlatformContents_TimeDelay.c _Network3/_PtidesPlatform2/_PtidesPlatformContents/Network3_PtidesPlatform2_PtidesPlatformContents_Merge.c _Network3/_PtidesPlatform2/_PtidesPlatformContents/Network3_PtidesPlatform2_PtidesPlatformContents.c _Network3/_PtidesPlatform2/Network3_PtidesPlatform2.c _Network3/Network3_CurrentTime2.c _Network3/Network3_TimeDelay.c _Network3/Network3_CurrentTime.c _Network3/_PtidesPlatform3/_PtidesPlatformContents/Network3_PtidesPlatform3_PtidesPlatformContents_TimeDelay.c _Network3/_PtidesPlatform3/_PtidesPlatformContents/Network3_PtidesPlatform3_PtidesPlatformContents.c _Network3/_PtidesPlatform3/_PtidesPlatformContents/Network3_PtidesPlatform3_PtidesPlatformContents_Accumulator.c _Network3/_PtidesPlatform3/_PtidesPlatformContents/Network3_PtidesPlatform3_PtidesPlatformContents_Merge.c _Network3/_PtidesPlatform3/Network3_PtidesPlatform3.c _Network3/Network3.c _Network3/Network3_Test3.c commons/_CompositeActor.c commons/_DEEvent.c commons/_AtomicActor.c commons/_Director.c commons/pblSet.c commons/_PtidesPort.c commons/pblHeap.c commons/_PtidesMirrorPort.c commons/_LocalClock.c commons/_PtidesPlatformDirector.c commons/pblIterator.c commons/_CalendarQueue.c commons/_Receiver.c commons/_PtidesEvent.c commons/_PtidesReceiver.c commons/_IOPort.c commons/pblMap.c commons/_Actor.c commons/pblList.c commons/_ptTypes.c commons/pblCollection.c commons/pblPriorityQueue.c commons/pblhash.c commons/_DEDirector.c commons/_PtidesDirector.c commons/_TypedIOPort.c commons/pbl.c commons/_DEReceiver.c -o Network3 -lm 
In "/home/travis/cg", about to execute:
    make -f Network3.mk run
./Network3
commons/_CompositeActor.c:119: CompositeActorFire():(1) director did not transfer inputs?.
commons/_CompositeActor.c:119: CompositeActorFire():(2) director did not transfer inputs?.
commons/_CompositeActor.c:119: CompositeActorFire():(3) director did not transfer inputs?.
commons/_CompositeActor.c:119: CompositeActorFire():(4) director did not transfer inputs?.
commons/_CompositeActor.c:119: CompositeActorFire():(5) director did not transfer inputs?.
commons/_CompositeActor.c:119: CompositeActorFire():(6) director did not transfer inputs?.
commons/_CompositeActor.c:119: CompositeActorFire():(7) director did not transfer inputs?.
commons/_CompositeActor.c:119: CompositeActorFire():(8) director did not transfer inputs?.
commons/_CompositeActor.c:119: CompositeActorFire():(9) director did not transfer inputs?.
commons/_CompositeActor.c:119: CompositeActorFire():(10) director did not transfer inputs?.
All Done
----------------- AutoCG $PTII/bin/ptcg -language c -generateInSubdirectory false -inline false -maximumLinesPerBlock 2500 -variablesAsArrays false /home/travis/build/icyphy/ptII/ptolemy/cg/adapter/generic/program/procedural/c/adapters/ptolemy/domains/ptides/lib/test/auto/NetworkPorts.xmlCCodeGenerator._generateCode(): Deleting /home/travis/cg/
CCodeGenerator set the container? : actor.getContainer(): null _isTopLevel: true generateEmbeddedCode: false
CCodeGenerator include the container .h? : container.getContainer(): null _isTopLevel: true generateEmbeddedCode: false
CCodeGenerator set the container? : actor.getContainer(): ptolemy.actor.TypedCompositeActor {.NetworkPorts} _isTopLevel: true generateEmbeddedCode: false
CCodeGenerator include the container .h? : container.getContainer(): ptolemy.actor.TypedCompositeActor {.NetworkPorts} _isTopLevel: true generateEmbeddedCode: false
CCodeGenerator set the container? : actor.getContainer(): ptolemy.domains.ptides.kernel.PtidesPlatform {.NetworkPorts.PtidesPlatform} _isTopLevel: true generateEmbeddedCode: false
CCodeGenerator include the container .h? : container.getContainer(): ptolemy.domains.ptides.kernel.PtidesPlatform {.NetworkPorts.PtidesPlatform} _isTopLevel: true generateEmbeddedCode: false
CCodeGenerator set the container? : actor.getContainer(): ptolemy.actor.TypedCompositeActor {.NetworkPorts} _isTopLevel: true generateEmbeddedCode: false
CCodeGenerator include the container .h? : container.getContainer(): ptolemy.actor.TypedCompositeActor {.NetworkPorts} _isTopLevel: true generateEmbeddedCode: false
CCodeGenerator set the container? : actor.getContainer(): ptolemy.domains.ptides.kernel.PtidesPlatform {.NetworkPorts.PtidesPlatform2} _isTopLevel: true generateEmbeddedCode: false
CCodeGenerator include the container .h? : container.getContainer(): ptolemy.domains.ptides.kernel.PtidesPlatform {.NetworkPorts.PtidesPlatform2} _isTopLevel: true generateEmbeddedCode: false
Reading "ptolemy/cg/kernel/generic/program/procedural/c/makefile.in",
    writing "/home/travis/cg/NetworkPorts.mk"
Using ptolemy/cg/kernel/generic/program/procedural/c/makefile.in
In "/home/travis/cg", about to execute:
    make -f NetworkPorts.mk
gcc -D__int64="long long" -Wall -std=c99  -ggdb  -I /home/travis/cg//_NetworkPorts/_PtidesPlatform2 -I /home/travis/cg//_NetworkPorts/_PtidesPlatform -I /home/travis/cg//_NetworkPorts/_PtidesPlatform2/_PtidesPlatformContents -I /home/travis/cg/commons/ -I /home/travis/cg//_NetworkPorts -I /home/travis/cg//_NetworkPorts/_PtidesPlatform/_PtidesPlatformContents NetworkPorts_Main.c commons/_CompositeActor.c commons/_DEEvent.c commons/_AtomicActor.c commons/_Director.c commons/pblSet.c commons/_PtidesPort.c commons/pblHeap.c commons/_PtidesMirrorPort.c commons/_LocalClock.c commons/_PtidesPlatformDirector.c commons/pblIterator.c commons/_CalendarQueue.c commons/_Receiver.c commons/_PtidesEvent.c commons/_PtidesReceiver.c commons/_IOPort.c commons/pblMap.c commons/_Actor.c commons/pblList.c commons/_ptTypes.c commons/pblCollection.c commons/pblPriorityQueue.c commons/pblhash.c commons/_DEDirector.c commons/_PtidesDirector.c commons/_TypedIOPort.c commons/pbl.c commons/_DEReceiver.c _NetworkPorts/NetworkPorts_Test7.c _NetworkPorts/NetworkPorts_CurrentTime2.c _NetworkPorts/NetworkPorts_Test4.c _NetworkPorts/NetworkPorts_CurrentTime4.c _NetworkPorts/_PtidesPlatform/_PtidesPlatformContents/NetworkPorts_PtidesPlatform_PtidesPlatformContents.c _NetworkPorts/_PtidesPlatform/_PtidesPlatformContents/NetworkPorts_PtidesPlatform_PtidesPlatformContents_TimeDelay.c _NetworkPorts/_PtidesPlatform/NetworkPorts_PtidesPlatform.c _NetworkPorts/NetworkPorts.c _NetworkPorts/NetworkPorts_Test3.c _NetworkPorts/NetworkPorts_Test5.c _NetworkPorts/NetworkPorts_Test6.c _NetworkPorts/NetworkPorts_SingleEvent.c _NetworkPorts/_PtidesPlatform2/_PtidesPlatformContents/NetworkPorts_PtidesPlatform2_PtidesPlatformContents_TimeDelay.c _NetworkPorts/_PtidesPlatform2/_PtidesPlatformContents/NetworkPorts_PtidesPlatform2_PtidesPlatformContents_Scale.c _NetworkPorts/_PtidesPlatform2/_PtidesPlatformContents/NetworkPorts_PtidesPlatform2_PtidesPlatformContents_Scale3.c _NetworkPorts/_PtidesPlatform2/_PtidesPlatformContents/NetworkPorts_PtidesPlatform2_PtidesPlatformContents_Scale2.c _NetworkPorts/_PtidesPlatform2/_PtidesPlatformContents/NetworkPorts_PtidesPlatform2_PtidesPlatformContents.c _NetworkPorts/_PtidesPlatform2/NetworkPorts_PtidesPlatform2.c _NetworkPorts/NetworkPorts_CurrentTime3.c _NetworkPorts/NetworkPorts_Test8.c _NetworkPorts/NetworkPorts_Merge.c _NetworkPorts/NetworkPorts_Test2.c _NetworkPorts/NetworkPorts_Test.c _NetworkPorts/NetworkPorts_CurrentTime.c -o NetworkPorts -lm 
In "/home/travis/cg", about to execute:
    make -f NetworkPorts.mk run
./NetworkPorts
commons/_CompositeActor.c:119: CompositeActorFire():(1) director did not transfer inputs?.
commons/_CompositeActor.c:119: CompositeActorFire():(2) director did not transfer inputs?.
commons/_CompositeActor.c:119: CompositeActorFire():(3) director did not transfer inputs?.
All Done
----------------- AutoCG $PTII/bin/ptcg -language c -generateInSubdirectory false -inline false -maximumLinesPerBlock 2500 -variablesAsArrays false /home/travis/build/icyphy/ptII/ptolemy/cg/adapter/generic/program/procedural/c/adapters/ptolemy/domains/ptides/lib/test/auto/SafeToProcessInsideTransparent.xmlCCodeGenerator._generateCode(): Deleting /home/travis/cg/
CCodeGenerator set the container? : actor.getContainer(): null _isTopLevel: true generateEmbeddedCode: false
CCodeGenerator include the container .h? : container.getContainer(): null _isTopLevel: true generateEmbeddedCode: false
CCodeGenerator set the container? : actor.getContainer(): ptolemy.actor.TypedCompositeActor {.SafeToProcessInsideTransparent} _isTopLevel: true generateEmbeddedCode: false
CCodeGenerator include the container .h? : container.getContainer(): ptolemy.actor.TypedCompositeActor {.SafeToProcessInsideTransparent} _isTopLevel: true generateEmbeddedCode: false
CCodeGenerator set the container? : actor.getContainer(): ptolemy.domains.ptides.kernel.PtidesPlatform {.SafeToProcessInsideTransparent.PtidesPlatform} _isTopLevel: true generateEmbeddedCode: false
CCodeGenerator include the container .h? : container.getContainer(): ptolemy.domains.ptides.kernel.PtidesPlatform {.SafeToProcessInsideTransparent.PtidesPlatform} _isTopLevel: true generateEmbeddedCode: false
Reading "ptolemy/cg/kernel/generic/program/procedural/c/makefile.in",
    writing "/home/travis/cg/SafeToProcessInsideTransparent.mk"
Using ptolemy/cg/kernel/generic/program/procedural/c/makefile.in
In "/home/travis/cg", about to execute:
    make -f SafeToProcessInsideTransparent.mk
gcc -D__int64="long long" -Wall -std=c99  -ggdb  -I /home/travis/cg//_SafeToProcessInsideTransparent/_PtidesPlatform/_PtidesPlatformContents -I /home/travis/cg/commons/ -I /home/travis/cg//_SafeToProcessInsideTransparent -I /home/travis/cg//_SafeToProcessInsideTransparent/_PtidesPlatform SafeToProcessInsideTransparent_Main.c _SafeToProcessInsideTransparent/SafeToProcessInsideTransparent_Test4.c _SafeToProcessInsideTransparent/SafeToProcessInsideTransparent_Test7.c _SafeToProcessInsideTransparent/_PtidesPlatform/_PtidesPlatformContents/SafeToProcessInsideTransparent_PtidesPlatform_PtidesPlatformContents_CompositeActor_Const.c _SafeToProcessInsideTransparent/_PtidesPlatform/_PtidesPlatformContents/SafeToProcessInsideTransparent_PtidesPlatform_PtidesPlatformContents.c _SafeToProcessInsideTransparent/_PtidesPlatform/_PtidesPlatformContents/SafeToProcessInsideTransparent_PtidesPlatform_PtidesPlatformContents_CompositeActor_TimeDelay.c _SafeToProcessInsideTransparent/_PtidesPlatform/SafeToProcessInsideTransparent_PtidesPlatform.c _SafeToProcessInsideTransparent/SafeToProcessInsideTransparent_DiscreteClock.c _SafeToProcessInsideTransparent/SafeToProcessInsideTransparent_Test3.c _SafeToProcessInsideTransparent/SafeToProcessInsideTransparent_CurrentTime2.c _SafeToProcessInsideTransparent/SafeToProcessInsideTransparent_Test8.c _SafeToProcessInsideTransparent/SafeToProcessInsideTransparent.c _SafeToProcessInsideTransparent/SafeToProcessInsideTransparent_CurrentTime4.c commons/_CompositeActor.c commons/_DEEvent.c commons/_AtomicActor.c commons/_Director.c commons/pblSet.c commons/_PtidesPort.c commons/pblHeap.c commons/_PtidesMirrorPort.c commons/_LocalClock.c commons/_PtidesPlatformDirector.c commons/pblIterator.c commons/_CalendarQueue.c commons/_Receiver.c commons/_PtidesEvent.c commons/_PtidesReceiver.c commons/_IOPort.c commons/pblMap.c commons/_Actor.c commons/pblList.c commons/_ptTypes.c commons/pblCollection.c commons/pblPriorityQueue.c commons/pblhash.c commons/_DEDirector.c commons/_PtidesDirector.c commons/_TypedIOPort.c commons/pbl.c commons/_DEReceiver.c -o SafeToProcessInsideTransparent -lm 
In "/home/travis/cg", about to execute:
    make -f SafeToProcessInsideTransparent.mk run
./SafeToProcessInsideTransparent
All Done
----------------- AutoCG $PTII/bin/ptcg -language c -generateInSubdirectory false -inline false -maximumLinesPerBlock 2500 -variablesAsArrays false /home/travis/build/icyphy/ptII/ptolemy/cg/adapter/generic/program/procedural/c/adapters/ptolemy/domains/ptides/lib/test/auto/SafeToProcessTwoPaths.xmlCCodeGenerator._generateCode(): Deleting /home/travis/cg/
CCodeGenerator set the container? : actor.getContainer(): null _isTopLevel: true generateEmbeddedCode: false
CCodeGenerator include the container .h? : container.getContainer(): null _isTopLevel: true generateEmbeddedCode: false
CCodeGenerator set the container? : actor.getContainer(): ptolemy.actor.TypedCompositeActor {.SafeToProcessTwoPaths} _isTopLevel: true generateEmbeddedCode: false
CCodeGenerator include the container .h? : container.getContainer(): ptolemy.actor.TypedCompositeActor {.SafeToProcessTwoPaths} _isTopLevel: true generateEmbeddedCode: false
CCodeGenerator set the container? : actor.getContainer(): ptolemy.domains.ptides.kernel.PtidesPlatform {.SafeToProcessTwoPaths.PtidesPlatform} _isTopLevel: true generateEmbeddedCode: false
CCodeGenerator include the container .h? : container.getContainer(): ptolemy.domains.ptides.kernel.PtidesPlatform {.SafeToProcessTwoPaths.PtidesPlatform} _isTopLevel: true generateEmbeddedCode: false
Reading "ptolemy/cg/kernel/generic/program/procedural/c/makefile.in",
    writing "/home/travis/cg/SafeToProcessTwoPaths.mk"
Using ptolemy/cg/kernel/generic/program/procedural/c/makefile.in
In "/home/travis/cg", about to execute:
    make -f SafeToProcessTwoPaths.mk
gcc -D__int64="long long" -Wall -std=c99  -ggdb  -I /home/travis/cg//_SafeToProcessTwoPaths/_PtidesPlatform/_PtidesPlatformContents -I /home/travis/cg//_SafeToProcessTwoPaths -I /home/travis/cg//_SafeToProcessTwoPaths/_PtidesPlatform -I /home/travis/cg/commons/ SafeToProcessTwoPaths_Main.c commons/_CompositeActor.c commons/_DEEvent.c commons/_AtomicActor.c commons/_Director.c commons/pblSet.c commons/_PtidesPort.c commons/pblHeap.c commons/_PtidesMirrorPort.c commons/_LocalClock.c commons/_PtidesPlatformDirector.c commons/pblIterator.c commons/_CalendarQueue.c commons/_Receiver.c commons/_PtidesEvent.c commons/_PtidesReceiver.c commons/_IOPort.c commons/pblMap.c commons/_Actor.c commons/pblList.c commons/_ptTypes.c commons/pblCollection.c commons/pblPriorityQueue.c commons/pblhash.c commons/_DEDirector.c commons/_PtidesDirector.c commons/_TypedIOPort.c commons/pbl.c commons/_DEReceiver.c _SafeToProcessTwoPaths/SafeToProcessTwoPaths_CurrentTime3.c _SafeToProcessTwoPaths/SafeToProcessTwoPaths_Test6.c _SafeToProcessTwoPaths/SafeToProcessTwoPaths_DiscreteClock.c _SafeToProcessTwoPaths/SafeToProcessTwoPaths_DiscreteClock2.c _SafeToProcessTwoPaths/SafeToProcessTwoPaths_Test3.c _SafeToProcessTwoPaths/_PtidesPlatform/_PtidesPlatformContents/SafeToProcessTwoPaths_PtidesPlatform_PtidesPlatformContents_TimeDelay2.c _SafeToProcessTwoPaths/_PtidesPlatform/_PtidesPlatformContents/SafeToProcessTwoPaths_PtidesPlatform_PtidesPlatformContents_CompositeActor2_Const.c _SafeToProcessTwoPaths/_PtidesPlatform/_PtidesPlatformContents/SafeToProcessTwoPaths_PtidesPlatform_PtidesPlatformContents.c _SafeToProcessTwoPaths/_PtidesPlatform/_PtidesPlatformContents/SafeToProcessTwoPaths_PtidesPlatform_PtidesPlatformContents_TimeDelay.c _SafeToProcessTwoPaths/_PtidesPlatform/_PtidesPlatformContents/SafeToProcessTwoPaths_PtidesPlatform_PtidesPlatformContents_CompositeActor2_Scale.c _SafeToProcessTwoPaths/_PtidesPlatform/SafeToProcessTwoPaths_PtidesPlatform.c _SafeToProcessTwoPaths/SafeToProcessTwoPaths_CurrentTime2.c _SafeToProcessTwoPaths/SafeToProcessTwoPaths.c _SafeToProcessTwoPaths/SafeToProcessTwoPaths_Test4.c _SafeToProcessTwoPaths/SafeToProcessTwoPaths_Test5.c -o SafeToProcessTwoPaths -lm 
In "/home/travis/cg", about to execute:
    make -f SafeToProcessTwoPaths.mk run
./SafeToProcessTwoPaths
All Done
----------------- AutoCG $PTII/bin/ptcg -language c -generateInSubdirectory false -inline false -maximumLinesPerBlock 2500 -variablesAsArrays false /home/travis/build/icyphy/ptII/ptolemy/cg/adapter/generic/program/procedural/c/adapters/ptolemy/domains/ptides/lib/test/auto/Sensor.xmlCCodeGenerator._generateCode(): Deleting /home/travis/cg/
CCodeGenerator set the container? : actor.getContainer(): null _isTopLevel: true generateEmbeddedCode: false
CCodeGenerator include the container .h? : container.getContainer(): null _isTopLevel: true generateEmbeddedCode: false
CCodeGenerator set the container? : actor.getContainer(): ptolemy.actor.TypedCompositeActor {.Sensor} _isTopLevel: true generateEmbeddedCode: false
CCodeGenerator include the container .h? : container.getContainer(): ptolemy.actor.TypedCompositeActor {.Sensor} _isTopLevel: true generateEmbeddedCode: false
CCodeGenerator set the container? : actor.getContainer(): ptolemy.domains.ptides.kernel.PtidesPlatform {.Sensor.PtidesPlatform} _isTopLevel: true generateEmbeddedCode: false
CCodeGenerator include the container .h? : container.getContainer(): ptolemy.domains.ptides.kernel.PtidesPlatform {.Sensor.PtidesPlatform} _isTopLevel: true generateEmbeddedCode: false
Reading "ptolemy/cg/kernel/generic/program/procedural/c/makefile.in",
    writing "/home/travis/cg/Sensor.mk"
Using ptolemy/cg/kernel/generic/program/procedural/c/makefile.in
In "/home/travis/cg", about to execute:
    make -f Sensor.mk
gcc -D__int64="long long" -Wall -std=c99  -ggdb  -I /home/travis/cg/commons/ -I /home/travis/cg//_Sensor -I /home/travis/cg//_Sensor/_PtidesPlatform/_PtidesPlatformContents -I /home/travis/cg//_Sensor/_PtidesPlatform Sensor_Main.c commons/_CompositeActor.c commons/_DEEvent.c commons/_AtomicActor.c commons/_Director.c commons/pblSet.c commons/_PtidesPort.c commons/pblHeap.c commons/_PtidesMirrorPort.c commons/_LocalClock.c commons/_PtidesPlatformDirector.c commons/pblIterator.c commons/_CalendarQueue.c commons/_Receiver.c commons/_PtidesEvent.c commons/_PtidesReceiver.c commons/_IOPort.c commons/pblMap.c commons/_Actor.c commons/pblList.c commons/_ptTypes.c commons/pblCollection.c commons/pblPriorityQueue.c commons/pblhash.c commons/_DEDirector.c commons/_PtidesDirector.c commons/_TypedIOPort.c commons/pbl.c commons/_DEReceiver.c _Sensor/_PtidesPlatform/_PtidesPlatformContents/Sensor_PtidesPlatform_PtidesPlatformContents.c _Sensor/_PtidesPlatform/_PtidesPlatformContents/Sensor_PtidesPlatform_PtidesPlatformContents_Test.c _Sensor/_PtidesPlatform/_PtidesPlatformContents/Sensor_PtidesPlatform_PtidesPlatformContents_CurrentTime.c _Sensor/_PtidesPlatform/_PtidesPlatformContents/Sensor_PtidesPlatform_PtidesPlatformContents_Test2.c _Sensor/_PtidesPlatform/Sensor_PtidesPlatform.c _Sensor/Sensor_DiscreteClock.c _Sensor/Sensor.c -o Sensor -lm 
In "/home/travis/cg", about to execute:
    make -f Sensor.mk run
./Sensor
All Done
----------------- AutoCG $PTII/bin/ptcg -language c -generateInSubdirectory false -inline false -maximumLinesPerBlock 2500 -variablesAsArrays false /home/travis/build/icyphy/ptII/ptolemy/cg/adapter/generic/program/procedural/c/adapters/ptolemy/domains/ptides/lib/test/auto/SensorActuatorModelDelayOnly.xmlCCodeGenerator._generateCode(): Deleting /home/travis/cg/
CCodeGenerator set the container? : actor.getContainer(): null _isTopLevel: true generateEmbeddedCode: false
CCodeGenerator include the container .h? : container.getContainer(): null _isTopLevel: true generateEmbeddedCode: false
CCodeGenerator set the container? : actor.getContainer(): ptolemy.actor.TypedCompositeActor {.SensorActuatorModelDelayOnly} _isTopLevel: true generateEmbeddedCode: false
CCodeGenerator include the container .h? : container.getContainer(): ptolemy.actor.TypedCompositeActor {.SensorActuatorModelDelayOnly} _isTopLevel: true generateEmbeddedCode: false
CCodeGenerator set the container? : actor.getContainer(): ptolemy.domains.ptides.kernel.PtidesPlatform {.SensorActuatorModelDelayOnly.PtidesPlatform} _isTopLevel: true generateEmbeddedCode: false
CCodeGenerator include the container .h? : container.getContainer(): ptolemy.domains.ptides.kernel.PtidesPlatform {.SensorActuatorModelDelayOnly.PtidesPlatform} _isTopLevel: true generateEmbeddedCode: false
Reading "ptolemy/cg/kernel/generic/program/procedural/c/makefile.in",
    writing "/home/travis/cg/SensorActuatorModelDelayOnly.mk"
Using ptolemy/cg/kernel/generic/program/procedural/c/makefile.in
In "/home/travis/cg", about to execute:
    make -f SensorActuatorModelDelayOnly.mk
gcc -D__int64="long long" -Wall -std=c99  -ggdb  -I /home/travis/cg/commons/ -I /home/travis/cg//_SensorActuatorModelDelayOnly -I /home/travis/cg//_SensorActuatorModelDelayOnly/_PtidesPlatform -I /home/travis/cg//_SensorActuatorModelDelayOnly/_PtidesPlatform/_PtidesPlatformContents SensorActuatorModelDelayOnly_Main.c _SensorActuatorModelDelayOnly/SensorActuatorModelDelayOnly.c _SensorActuatorModelDelayOnly/SensorActuatorModelDelayOnly_DiscreteClock.c _SensorActuatorModelDelayOnly/SensorActuatorModelDelayOnly_CurrentTime.c _SensorActuatorModelDelayOnly/_PtidesPlatform/_PtidesPlatformContents/SensorActuatorModelDelayOnly_PtidesPlatform_PtidesPlatformContents_TimeDelay.c _SensorActuatorModelDelayOnly/_PtidesPlatform/_PtidesPlatformContents/SensorActuatorModelDelayOnly_PtidesPlatform_PtidesPlatformContents.c _SensorActuatorModelDelayOnly/_PtidesPlatform/SensorActuatorModelDelayOnly_PtidesPlatform.c _SensorActuatorModelDelayOnly/SensorActuatorModelDelayOnly_Test2.c _SensorActuatorModelDelayOnly/SensorActuatorModelDelayOnly_Test.c commons/_CompositeActor.c commons/_DEEvent.c commons/_AtomicActor.c commons/_Director.c commons/pblSet.c commons/_PtidesPort.c commons/pblHeap.c commons/_PtidesMirrorPort.c commons/_LocalClock.c commons/_PtidesPlatformDirector.c commons/pblIterator.c commons/_CalendarQueue.c commons/_Receiver.c commons/_PtidesEvent.c commons/_PtidesReceiver.c commons/_IOPort.c commons/pblMap.c commons/_Actor.c commons/pblList.c commons/_ptTypes.c commons/pblCollection.c commons/pblPriorityQueue.c commons/pblhash.c commons/_DEDirector.c commons/_PtidesDirector.c commons/_TypedIOPort.c commons/pbl.c commons/_DEReceiver.c -o SensorActuatorModelDelayOnly -lm 
In "/home/travis/cg", about to execute:
    make -f SensorActuatorModelDelayOnly.mk run
./SensorActuatorModelDelayOnly
All Done
----------------- AutoCG $PTII/bin/ptcg -language c -generateInSubdirectory false -inline false -maximumLinesPerBlock 2500 -variablesAsArrays false /home/travis/build/icyphy/ptII/ptolemy/cg/adapter/generic/program/procedural/c/adapters/ptolemy/domains/ptides/lib/test/auto/SensorActuatorNoDelay.xmlCCodeGenerator._generateCode(): Deleting /home/travis/cg/
CCodeGenerator set the container? : actor.getContainer(): null _isTopLevel: true generateEmbeddedCode: false
CCodeGenerator include the container .h? : container.getContainer(): null _isTopLevel: true generateEmbeddedCode: false
CCodeGenerator set the container? : actor.getContainer(): ptolemy.actor.TypedCompositeActor {.SensorActuatorNoDelay} _isTopLevel: true generateEmbeddedCode: false
CCodeGenerator include the container .h? : container.getContainer(): ptolemy.actor.TypedCompositeActor {.SensorActuatorNoDelay} _isTopLevel: true generateEmbeddedCode: false
CCodeGenerator set the container? : actor.getContainer(): ptolemy.domains.ptides.kernel.PtidesPlatform {.SensorActuatorNoDelay.PtidesPlatform} _isTopLevel: true generateEmbeddedCode: false
CCodeGenerator include the container .h? : container.getContainer(): ptolemy.domains.ptides.kernel.PtidesPlatform {.SensorActuatorNoDelay.PtidesPlatform} _isTopLevel: true generateEmbeddedCode: false
Reading "ptolemy/cg/kernel/generic/program/procedural/c/makefile.in",
    writing "/home/travis/cg/SensorActuatorNoDelay.mk"
Using ptolemy/cg/kernel/generic/program/procedural/c/makefile.in
In "/home/travis/cg", about to execute:
    make -f SensorActuatorNoDelay.mk
gcc -D__int64="long long" -Wall -std=c99  -ggdb  -I /home/travis/cg//_SensorActuatorNoDelay -I /home/travis/cg//_SensorActuatorNoDelay/_PtidesPlatform -I /home/travis/cg/commons/ -I /home/travis/cg//_SensorActuatorNoDelay/_PtidesPlatform/_PtidesPlatformContents SensorActuatorNoDelay_Main.c _SensorActuatorNoDelay/SensorActuatorNoDelay_DiscreteClock.c _SensorActuatorNoDelay/SensorActuatorNoDelay_CurrentTime.c _SensorActuatorNoDelay/SensorActuatorNoDelay_Test2.c _SensorActuatorNoDelay/_PtidesPlatform/SensorActuatorNoDelay_PtidesPlatform.c _SensorActuatorNoDelay/_PtidesPlatform/_PtidesPlatformContents/SensorActuatorNoDelay_PtidesPlatform_PtidesPlatformContents.c _SensorActuatorNoDelay/SensorActuatorNoDelay_Test.c _SensorActuatorNoDelay/SensorActuatorNoDelay.c commons/_CompositeActor.c commons/_DEEvent.c commons/_AtomicActor.c commons/_Director.c commons/pblSet.c commons/_PtidesPort.c commons/pblHeap.c commons/_PtidesMirrorPort.c commons/_LocalClock.c commons/_PtidesPlatformDirector.c commons/pblIterator.c commons/_CalendarQueue.c commons/_Receiver.c commons/_PtidesEvent.c commons/_PtidesReceiver.c commons/_IOPort.c commons/pblMap.c commons/_Actor.c commons/pblList.c commons/_ptTypes.c commons/pblCollection.c commons/pblPriorityQueue.c commons/pblhash.c commons/_DEDirector.c commons/_PtidesDirector.c commons/_TypedIOPort.c commons/pbl.c commons/_DEReceiver.c -o SensorActuatorNoDelay -lm 
In "/home/travis/cg", about to execute:
    make -f SensorActuatorNoDelay.mk run
./SensorActuatorNoDelay
All Done
]]></system-out>
  <system-err><![CDATA[]]></system-err>
</testsuite>
