<?xml version="1.0" encoding="UTF-8" ?>
<testsuite errors="4" failures="0" hostname="travis-job-499c75ec-747c-4e8d-b14f-b94cd85e030d" name="ptolemy.actor.lib.jjs.modules.httpClient.test.junit.JUnitTclTest" skipped="0" tests="15" time="269.69" timestamp="2018-05-21T00:50:39">
  <properties>
    <property name="npm.executable" value="npm" />
    <property name="file.encoding.pkg" value="sun.io" />
    <property name="ptII.mk.exists" value="true" />
    <property name="env.rvm_bin_path" value="/home/travis/.rvm/bin" />
    <property name="java.home" value="/usr/lib/jvm/java-8-oracle/jre" />
    <property name="env.TRAVIS_JOB_NUMBER" value="461.4" />
    <property name="env.DISPLAY" value=":99.0" />
    <property name="java.net.preferIPv4Stack" value="true" />
    <property name="env.SSH_TTY" value="/dev/pts/0" />
    <property name="env.RUN_TESTS" value="false" />
    <property name="timeout.short" value="1000000" />
    <property name="env.TRAVIS_STACK_NODE_ATTRIBUTES" value="/.node-attributes.yml" />
    <property name="junit.formatter" value="xml" />
    <property name="java.endorsed.dirs" value="/usr/lib/jvm/java-8-oracle/jre/lib/endorsed" />
    <property name="env.TRAVIS_SUDO" value="true" />
    <property name="env.LOGNAME" value="travis" />
    <property name="jsdoc.home" value="node_modules/@terraswarm/jsdoc" />
    <property name="debuglevel" value="source,lines,vars" />
    <property name="checkstyle.formatter" value="xml" />
    <property name="bin.vergil.makeable" value="true" />
    <property name="env._system_version" value="14.04" />
    <property name="sun.os.patch.level" value="unknown" />
    <property name="java.vendor.url" value="http://java.oracle.com/" />
    <property name="java.version" value="1.8.0_151" />
    <property name="env.TZ" value="UTC" />
    <property name="env.PT_NO_NET" value="true" />
    <property name="env.TRAVIS_PULL_REQUEST_SHA" value="" />
    <property name="env.TRAVIS_SECURE_ENV_VARS" value="true" />
    <property name="env._system_type" value="Linux" />
    <property name="java.vendor.url.bug" value="http://bugreport.sun.com/bugreport/" />
    <property name="env.SSH_CLIENT" value="10.10.16.10 51066 22" />
    <property name="npmjs-org-is-up" value="true" />
    <property name="env.GEM_HOME" value="/home/travis/.rvm/gems/ruby-2.4.1" />
    <property name="env.HAS_ANTARES_THREE_LITTLE_FRONZIES_BADGE" value="true" />
    <property name="env.PS4" value="+" />
    <property name="ant.project.invoked-targets" value="build,test.capecode1.xml" />
    <property name="env.TRAVIS_PULL_REQUEST_BRANCH" value="" />
    <property name="env.TRAVIS_REPO_SLUG" value="icyphy/ptII" />
    <property name="node.in.path" value="true" />
    <property name="java.maxmemory" value="1400m" />
    <property name="env.RUBY_VERSION" value="ruby-2.4.1" />
    <property name="user.name" value="travis" />
    <property name="env.LANG" value="en_US.UTF-8" />
    <property name="sun.io.unicode.encoding" value="UnicodeLittle" />
    <property name="sun.jnu.encoding" value="UTF-8" />
    <property name="java.runtime.name" value="Java(TM) SE Runtime Environment" />
    <property name="usefile" value="false" />
    <property name="return.code" value="0" />
    <property name="junit.single.formatter" value="plain" />
    <property name="env.DYLD_LIBRARY_PATH" value="/home/travis/pthla/certi-tools/lib:" />
    <property name="env.DEBIAN_FRONTEND" value="noninteractive" />
    <property name="env.SSH_CONNECTION" value="10.10.16.10 51066 10.20.0.44 22" />
    <property name="env.MYSQL_UNIX_PORT" value="/var/run/mysqld/mysqld.sock" />
    <property name="env.TRAVIS_ALLOW_FAILURE" value="false" />
    <property name="env.LC_ALL" value="en_US.UTF-8" />
    <property name="java.specification.name" value="Java Platform API Specification" />
    <property name="node.works" value="true" />
    <property name="user.timezone" value="" />
    <property name="path.separator" value=":" />
    <property name="env.PYTHON_CFLAGS" value="-g -fstack-protector --param=ssp-buffer-size=4 -Wformat -Werror=format-security" />
    <property name="timeout.long" value="4000000" />
    <property name="env.CERTI_HOME" value="/home/travis/pthla/certi-tools" />
    <property name="file.encoding" value="UTF-8" />
    <property name="ant.file.ptII" value="/home/travis/build/icyphy/ptII/build.xml" />
    <property name="javadoc.packagenames" value="com.*,diva.*,lbnl.*,org.hlacerti.*,org.json.*,org.ptolemy.*,org.terraswarm.*,ptolemy.*,ptserver.*" />
    <property name="env.TRAVIS_PULL_REQUEST_SLUG" value="" />
    <property name="ant.project.default-target" value="build" />
    <property name="env.GIT_ASKPASS" value="echo" />
    <property name="env.HOME" value="/home/travis" />
    <property name="sun.java.command" value="org.apache.tools.ant.taskdefs.optional.junit.JUnitTestRunner ptolemy.actor.lib.jjs.modules.httpClient.test.junit.JUnitTclTest skipNonTests=false filtertrace=true haltOnError=false haltOnFailure=false formatter=org.apache.tools.ant.taskdefs.optional.junit.OutErrSummaryJUnitResultFormatter showoutput=true outputtoformatters=true logfailedtests=true threadid=0 logtestlistenerevents=false formatter=org.apache.tools.ant.taskdefs.optional.junit.XMLJUnitResultFormatter,/home/travis/build/icyphy/ptII/reports/junit/TEST-ptolemy.actor.lib.jjs.modules.httpClient.test.junit.JUnitTclTest.xml crashfile=/home/travis/build/icyphy/ptII/junitvmwatcher2669275741244354625.properties propsfile=/home/travis/build/icyphy/ptII/junit4204708727805239048.properties" />
    <property name="env.MANPATH" value="/home/travis/.nvm/versions/node/v7.10.1/share/man:/home/travis/.kiex/elixirs/elixir-1.4.5/man:/home/travis/.rvm/rubies/ruby-2.4.1/share/man:/usr/local/man:/usr/local/cmake-3.9.2/man:/usr/local/clang-5.0.0/share/man:/usr/local/share/man:/usr/share/man:/home/travis/.rvm/man" />
    <property name="env.COMPOSER_NO_INTERACTION" value="1" />
    <property name="env.JDK_SWITCHER_DEFAULT" value="oraclejdk8" />
    <property name="ant.file" value="/home/travis/build/icyphy/ptII/build.xml" />
    <property name="env.TRAVIS_COMMIT_RANGE" value="a755c9ed95d844d6e0b8b45f6bddd676044237f0...603ebf3c7f2e8b0fd9c39dbf8798ca3794bb3ecb" />
    <property name="env._system_name" value="Ubuntu" />
    <property name="timeout" value="2400000" />
    <property name="ptII.classpath.optional.property" value="/home/travis/build/icyphy/ptII/lib/bsh-2.0b4.jar:/home/travis/build/icyphy/ptII/lib/ptCal.jar:/home/travis/build/icyphy/ptII/lib/java_cup.jar:/home/travis/build/icyphy/ptII/lib/saxon8.jar:/home/travis/build/icyphy/ptII/lib/saxon8-dom.jar:/home/travis/build/icyphy/ptII/lib/chic.jar:/home/travis/build/icyphy/ptII/lib/ptcolt.jar:/usr/lib/jvm/java-8-oracle/lib/tools.jar:/usr/lib/eclipse/plugins/org.eclipse.jdt.core_3.8.2.dist.jar:/usr/lib/eclipse/plugins/org.eclipse.core.runtime_3.8.0.dist.jar:/usr/lib/eclipse/plugins/org.eclipse.osgi_3.8.1.dist.jar:/usr/lib/eclipse/plugins/org.eclipse.core.resources_3.8.1.dist.jar:/usr/lib/eclipse/plugins/org.eclipse.equinox.common_3.6.100.dist.jar:/usr/lib/eclipse/plugins/org.eclipse.core.jobs_3.5.200.dist.jar:/usr/lib/eclipse/plugins/org.eclipse.core.contenttype_3.4.200.dist.jar:/usr/lib/eclipse/plugins/org.eclipse.equinox.preferences_3.5.0.dist.jar:/usr/lib/eclipse/plugins/org.eclipse.text_3.5.200.dist.jar:/usr/lib/eclipse/plugins/org.eclipse.ui.workbench_3.8.1.dist.jar:/usr/lib/eclipse/plugins/org.eclipse.jface_3.8.0.dist.jar:/usr/lib/eclipse/plugins/org.eclipse.swt_3.8.2.jar:/usr/lib/eclipse/plugins/org.eclipse.jface.text_3.8.1.dist.jar:/usr/lib/eclipse/plugins/org.eclipse.ui.workbench.texteditor_3.8.0.dist.jar:/usr/lib/eclipse/plugins/org.eclipse.ui.editors_3.8.0.dist.jar:/usr/lib/eclipse/plugins/org.eclipse.core.commands_3.6.1.dist.jar:/usr/lib/eclipse/plugins/org.eclipse.equinox.registry_3.5.200.dist.jar:/usr/lib/eclipse/plugins/org.eclipse.ui.console_3.5.100.dist.jar:/usr/lib/eclipse/plugins/org.eclipse.ui.forms_3.5.200.dist.jar:/usr/lib/eclipse/plugins/org.eclipse.ui.ide_3.8.1.dist.jar:/home/travis/build/icyphy/ptII/vendors/oracle/dbxml.jar:/home/travis/build/icyphy/ptII/vendors/oracle/db.jar:/home/travis/build/icyphy/ptII/vendors/misc/itext/iText.jar:/home/travis/build/icyphy/ptII/lib/g4ltl.jar:/home/travis/build/icyphy/ptII/lib/StructuralCoder.jar:/home/travis/build/icyphy/ptII/lib/org-openide-util.jar:/home/travis/build/icyphy/ptII/lib/org-openide-util-lookup.jar:/home/travis/build/icyphy/ptII/lib/org-netbeans-api-visual.jar:/home/travis/build/icyphy/ptII/vendors/jai-1_1_2_01/lib/jai_core.jar:/home/travis/build/icyphy/ptII/vendors/jai-1_1_2_01/lib/jai_codec.jar:/home/travis/build/icyphy/ptII/lib/jcerti.jar:/home/travis/build/icyphy/ptII/lib/smack.jar:/home/travis/build/icyphy/ptII/lib/smackx.jar:/home/travis/build/icyphy/ptII/lib/jetty-all-8.1.5-v20120716.jar:/home/travis/build/icyphy/ptII/lib/javax.servlet-api-3.0.1.jar:/home/travis/build/icyphy/ptII/lib/javax.mail.jar:/home/travis/build/icyphy/ptII/vendors/JMF-2.1.1e/lib/jmf.jar:/home/travis/build/icyphy/ptII/lib/jna-4.0.0-variadic.jar:/home/travis/build/icyphy/ptII/vendors/misc/joystick/Joystick.jar:/home/travis/build/icyphy/ptII/lib/ptjacl.jar:/home/travis/build/icyphy/ptII/lib/jsoup-1.8.2.jar:/home/travis/build/icyphy/ptII/lib/junit-4.8.2.jar:/home/travis/build/icyphy/ptII/lib/JUnitParams-0.4.0.jar:/home/travis/build/icyphy/ptII/ptolemy/actor/lib/excel/jxl.jar:/home/travis/build/icyphy/ptII/lib/jython.jar:/home/travis/build/icyphy/ptII/lib/kieler.jar:/home/travis/build/icyphy/ptII/vendors/opencv/share/OpenCV/java/opencv-341.jar:/home/travis/build/icyphy/ptII/lib/oscP5.jar:/home/travis/build/icyphy/ptII/lib/nrjavaserial-3.11.0.devel.jar:/usr/share/java/j3dcore.jar:/usr/share/java/j3dutils.jar:/usr/share/java/vecmath.jar:/home/travis/build/icyphy/ptII/ptolemy/distributed/jini/jar/jini-core.jar:/home/travis/build/icyphy/ptII/ptolemy/distributed/jini/jar/jini-ext.jar:/home/travis/build/icyphy/ptII/ptolemy/distributed/jini/jar/sun-util.jar:/home/travis/build/icyphy/ptII/lib/protobuf-java-2.4.1.jar:/home/travis/build/icyphy/ptII/lib/org.eclipse.paho.client.mqttv3.jar:/home/travis/build/icyphy/ptII/ptserver/lib/hessian-4.0.7.jar:/home/travis/build/icyphy/ptII/ptserver/lib/wmqtt.jar:/home/travis/build/icyphy/ptII/lib/mapss.jar:/home/travis/build/icyphy/ptII/ptolemy/actor/ptalon/antlr/antlr.jar:/home/travis/build/icyphy/ptII/lib/JRI.jar:/home/travis/build/icyphy/ptII/lib/commons-lang-2.6.jar:/home/travis/build/icyphy/ptII/lib/commons-logging-1.1.1.jar:/home/travis/build/icyphy/ptII/lib/sootclasses.jar:/home/travis/build/icyphy/ptII/ptolemy/actor/lib/database/mysql-connector-java-5.1.6-bin.jar:/home/travis/build/icyphy/ptII/vendors/misc/sphinx4/sphinx4-data-5prealpha.jar:/home/travis/build/icyphy/ptII/vendors/misc/sphinx4/sphinx4-core-5prealpha.jar:/home/travis/build/icyphy/ptII/lib/PDFRenderer.jar:/home/travis/build/icyphy/ptII/lib/svgSalamander.jar:/home/travis/build/icyphy/ptII/lib/rsyntaxtextarea-2.6.0-SNAPSHOT.jar:/home/travis/build/icyphy/ptII/lib/hazelcast-3.8.2.jar:/home/travis/build/icyphy/ptII/lib/jackson-annotations-2.9.0.jar:/home/travis/build/icyphy/ptII/lib/jackson-core-2.9.3.jar:/home/travis/build/icyphy/ptII/lib/jackson-databind-2.9.3.jar:/home/travis/build/icyphy/ptII/lib/netty-buffer-4.1.19.Final.jar:/home/travis/build/icyphy/ptII/lib/netty-codec-4.1.19.Final.jar:/home/travis/build/icyphy/ptII/lib/netty-codec-dns-4.1.19.Final.jar:/home/travis/build/icyphy/ptII/lib/netty-codec-http-4.1.19.Final.jar:/home/travis/build/icyphy/ptII/lib/netty-codec-http2-4.1.19.Final.jar:/home/travis/build/icyphy/ptII/lib/netty-common-4.1.19.Final.jar:/home/travis/build/icyphy/ptII/lib/netty-handler-4.1.19.Final.jar:/home/travis/build/icyphy/ptII/lib/netty-resolver-4.1.19.Final.jar:/home/travis/build/icyphy/ptII/lib/netty-resolver-dns-4.1.19.Final.jar:/home/travis/build/icyphy/ptII/lib/netty-transport-4.1.19.Final.jar:/home/travis/build/icyphy/ptII/lib/vertx-codegen-3.5.1.jar:/home/travis/build/icyphy/ptII/lib/vertx-core-3.5.2-SNAPSHOT.jar:/home/travis/build/icyphy/ptII/lib/vertx-hazelcast-3.5.1.jar:/home/travis/build/icyphy/ptII/lib/vertx-lang-js-3.5.1.jar:/home/travis/build/icyphy/ptII/lib/vertx-service-proxy-3.5.1.jar:/home/travis/build/icyphy/ptII/lib/vertx-web-3.5.1.jar:/home/travis/build/icyphy/ptII/lib/slf4j-api-1.7.13.jar:/home/travis/build/icyphy/ptII/lib/slf4j-simple-1.7.13.jar:/home/travis/build/icyphy/ptII/lib/webcam-capture-0.3.12.jar:/home/travis/build/icyphy/ptII/lib/bridj-0.7.0.jar:/home/travis/build/icyphy/ptII/lib/xbjlib-1.1.0.nrjavaserial.jar" />
    <property name="test.batch" value="**/junit/*.java" />
    <property name="env._" value="/usr/bin/timeout" />
    <property name="java.io.tmpdir" value="/tmp" />
    <property name="user.language" value="en" />
    <property name="env.HISTCONTROL" value="ignoredups:ignorespace" />
    <property name="env.GOROOT" value="/home/travis/.gimme/versions/go1.7.4.linux.amd64" />
    <property name="line.separator" value="&#xa;" />
    <property name="target" value="1.8" />
    <property name="env.TRAVIS_BUILD_DIR" value="/home/travis/build/icyphy/ptII" />
    <property name="env.ANT_OPTS" value="-Xmx2048m" />
    <property name="ant.file.type" value="file" />
    <property name="ptolemy.ptII.batchMode" value="true" />
    <property name="env.HISTSIZE" value="1000" />
    <property name="env.MERB_ENV" value="test" />
    <property name="java.vm.info" value="mixed mode" />
    <property name="source" value="1.8" />
    <property name="java.vm.specification.name" value="Java Virtual Machine Specification" />
    <property name="env.TRAVIS_TEST_RESULT" value="0" />
    <property name="jsdoc.command" value="node_modules/@terraswarm/jsdoc/jsdoc.js" />
    <property name="npm.works" value="true" />
    <property name="cobertura.dir" value="/home/travis/build/icyphy/ptII/vendors/cobertura-2.0.3" />
    <property name="env.rvm_path" value="/home/travis/.rvm" />
    <property name="env.GEM_PATH" value="/home/travis/.rvm/gems/ruby-2.4.1:/home/travis/.rvm/gems/ruby-2.4.1@global" />
    <property name="env.LC_CTYPE" value="en_US.UTF-8" />
    <property name="java.awt.printerjob" value="sun.print.PSPrinterJob" />
    <property name="env.TRAVIS_STACK_NAME" value="garnet" />
    <property name="ant.version" value="Apache Ant(TM) version 1.10.1 compiled on February 2 2017" />
    <property name="ptII.reports" value="/home/travis/build/icyphy/ptII/reports" />
    <property name="env.TRAVIS_STACK_TIMESTAMP" value="2017-12-05 19:33:09 UTC" />
    <property name="ant.file.type.ptII" value="file" />
    <property name="env.RBENV_SHELL" value="bash" />
    <property name="os.name" value="Linux" />
    <property name="java.specification.vendor" value="Oracle Corporation" />
    <property name="env.rvm_version" value="1.29.3 (latest)" />
    <property name="env.TERM" value="xterm" />
    <property name="java.vm.name" value="Java HotSpot(TM) 64-Bit Server VM" />
    <property name="env.TRAVIS_BUILD_NUMBER" value="461" />
    <property name="env.CI" value="true" />
    <property name="java.library.path" value="/home/travis/pthla/certi-tools/lib:/usr/lib/jni:/usr/local/share/OpenCV/java/:/usr/share/OpenCV/java::/usr/java/packages/lib/amd64:/usr/lib64:/lib64:/lib:/usr/lib" />
    <property name="env.rvm_prefix" value="/home/travis" />
    <property name="env.PATH" value="/home/travis/pthla/certi-tools/share/scripts:/home/travis/.rvm/gems/ruby-2.4.1/bin:/home/travis/.rvm/gems/ruby-2.4.1@global/bin:/home/travis/.rvm/rubies/ruby-2.4.1/bin:/home/travis/.rvm/bin:/home/travis/.nvm/versions/node/v7.10.1/bin:./node_modules/.bin:/home/travis/build/icyphy/ptII/bin:/home/travis/pthla/certi-tools/bin:/home/travis/bin:/home/travis/.local/bin:/opt/pyenv/shims:/home/travis/.phpenv/shims:/home/travis/perl5/perlbrew/bin:/home/travis/.kiex/elixirs/elixir-1.4.5/bin:/home/travis/.kiex/bin:/home/travis/gopath/bin:/home/travis/.gimme/versions/go1.7.4.linux.amd64/bin:/usr/local/phantomjs/bin:/usr/local/phantomjs:/usr/local/neo4j-3.2.7/bin:/usr/local/maven-3.5.2/bin:/usr/local/cmake-3.9.2/bin:/usr/local/clang-5.0.0/bin:/usr/local/sbin:/usr/local/bin:/usr/sbin:/usr/bin:/sbin:/bin:/home/travis/.phpenv/bin:/opt/pyenv/bin:/home/travis/.yarn/bin" />
    <property name="env.TRAVIS_OS_NAME" value="linux" />
    <property name="ant.java.version" value="1.8" />
    <property name="basedir" value="/home/travis/build/icyphy/ptII" />
    <property name="java.class.version" value="52.0" />
    <property name="env.SHLVL" value="3" />
    <property name="env.LD_LIBRARY_PATH" value="/home/travis/pthla/certi-tools/lib:/usr/lib/jni:/usr/local/share/OpenCV/java/:/usr/share/OpenCV/java:" />
    <property name="env.RACK_ENV" value="test" />
    <property name="ant.home" value="/home/travis/build/icyphy/ptII/ant" />
    <property name="env.NVM_DIR" value="/home/travis/.nvm" />
    <property name="env.PERLBREW_BASHRC_VERSION" value="0.80" />
    <property name="env.CERTI_FOM_PATH" value="/home/travis/pthla/certi-tools/share/federations" />
    <property name="env.TRAVIS_BUILD_ID" value="381471280" />
    <property name="env.PYENV_ROOT" value="/opt/pyenv" />
    <property name="env.TRAVIS_UID" value="2000" />
    <property name="env.rvm_pretty_print_flag" value="auto" />
    <property name="env.NVM_BIN" value="/home/travis/.nvm/versions/node/v7.10.1/bin" />
    <property name="env.TRAVIS_COMMIT" value="603ebf3c7f2e8b0fd9c39dbf8798ca3794bb3ecb" />
    <property name="env._system_arch" value="x86_64" />
    <property name="node.executable" value="node" />
    <property name="sun.boot.library.path" value="/usr/lib/jvm/java-8-oracle/jre/lib/amd64" />
    <property name="sun.management.compiler" value="HotSpot 64-Bit Tiered Compilers" />
    <property name="env.GOPATH" value="/home/travis/gopath" />
    <property name="java.awt.graphicsenv" value="sun.awt.X11GraphicsEnvironment" />
    <property name="ptolemy.ptII.dir" value="/home/travis/build/icyphy/ptII" />
    <property name="env.USER" value="travis" />
    <property name="env.HISTFILESIZE" value="2000" />
    <property name="timeout.longest" value="19000000" />
    <property name="env.TRAVIS_STACK_FEATURES" value="basic cassandra chromium couchdb disabled-ipv6 docker docker-compose elasticsearch firefox go-toolchain google-chrome jdk memcached mongodb mysql neo4j nodejs_interpreter perl_interpreter perlbrew phantomjs postgresql python_interpreter rabbitmq redis riak ruby_interpreter sqlite xserver" />
    <property name="env.TRAVIS_PULL_REQUEST" value="false" />
    <property name="env.PYENV_SHELL" value="bash" />
    <property name="ant.project.name" value="ptII" />
    <property name="java.vm.specification.version" value="1.8" />
    <property name="env.CERTI_VERSION" value="4.0.0" />
    <property name="env.NLSPATH" value="/usr/dt/lib/nls/msg/%L/%N.cat" />
    <property name="awt.toolkit" value="sun.awt.X11.XToolkit" />
    <property name="env.CERTI_HOST" value="localhost" />
    <property name="env.MY_RUBY_HOME" value="/home/travis/.rvm/rubies/ruby-2.4.1" />
    <property name="sun.cpu.isalist" value="" />
    <property name="env.PT_TRAVIS_TEST_CAPECODE1_XML" value="true" />
    <property name="java.ext.dirs" value="/usr/lib/jvm/java-8-oracle/jre/lib/ext:/usr/java/packages/lib/ext" />
    <property name="os.version" value="4.4.0-101-generic" />
    <property name="user.home" value="/home/travis" />
    <property name="env.MIX_ARCHIVES" value="/home/travis/.kiex/mix/elixir-1.4.5" />
    <property name="java.vm.vendor" value="Oracle Corporation" />
    <property name="env.TRAVIS_TAG" value="nightly" />
    <property name="env.TRAVIS_FILTERED" value="redirect_io" />
    <property name="javadoc.excludepackagenames" value="adm.cvs2svn.*,build.*,config.*,doc.coding.templates.*,jni.test.jni.meaningOfLife.*,jni.test.jni.testDeux.*,jni.test.jni.testTrois.*,org.terraswarm.accessor.accessors.web.node_modules.*,org.terraswarm.accessor.accessors.web.hosts.cordova.demo.*,org.terraswarm.accessor.accessors.web.hosts.cordova.plugins.*,org.terraswarm.accessor.accessors-svn.*,pt-modules.*,ptolemy.apps.agilent.*,ptolemy.apps.anytimecontrol.*,ptolemy.apps.apes.*,ptolemy.apps.charon.*,ptolemy.apps.crazyboard.*,ptolemy.apps.eclipse.*,ptolemy.apps.etherealSting.*,ptolemy.apps.fullscreen.*,ptolemy.apps.giotto.*,ptolemy.apps.ia.*,ptolemy.apps.interfaces.*,ptolemy.apps.jmf.*,ptolemy.apps.kurt.*,ptolemy.apps.kvm.*,ptolemy.apps.lego.*,ptolemy.apps.lejos.*,ptolemy.apps.midp.*,ptolemy.apps.mobileCoding.*,ptolemy.apps.pendulum.*,ptolemy.apps.rijndael.*,ptolemy.apps.robot.*,ptolemy.apps.security.*,ptolemy.apps.sobel.*,ptolemy.apps.soot.*,ptolemy.apps.throttle.*,ptolemy.apps.tini.*,ptolemy.apps.transmission.*,ptolemy.apps.vergil.*,ptolemy.apps.waba.*,ptolemy.apps.websensor.*,ptolemy.apps.webstart.*,ptolemy.apps.xsl.*,ptolemy.apps.zaurus.*,ptolemy.backtrack.eclipse.plugin.*,ptolemy.backtrack.test.*,ptolemy.codegen.c.actor.lib.oldJavaFiles.*,ptolemy.codegen.dsp.lib.*,ptolemy.codegen.kernel.newInterfaces.*,ptolemy.codegen.lib.*,ptolemy.copernicus.kernel.fragment.*,ptolemy.copernicus.shallow.cg.*,ptolemy.domains.giotto.demo.Hierarchy.Hierarchy.*,ptolemy.domains.giotto.demo.Multimode.Multimode.*,ptolemy.domains.giotto.demo.Simple.Simple.*,ptolemy.domains.gr.lib.experimental.*,ptolemy.domains.gro.*,ptolemy.domains.pdf.*,ptolemy.domains.ptinyos.demo.Surge.output.*,ptolemy.moml.test.NoPackageActor.java*,ptolemy.plot.adm.*,ptolemy.plot.servlet.*,reports.*,signed.*,src.*,target.*,vendors.*,ptolemy.cg.adapter.generic.program.procedural.c.mbed*,ptolemy.actor.lib.fmi.fmus.omc*,ptolemy.domains.openmodelica*,ptdb.kernel.bl.save.test.*,ptdb.kernel.bl.load.test.*,ptdb.kernel.bl.search.test.*,ptdb.kernel.bl.migration.test.*,ptdb.kernel.database.test.*,ptdb.test.*,ptdb.gui.test.*,org.ptolemy.scala.*,diva.util.java2d.svg.*,ptolemy.domains.ptinyos.*,ptolemy.actor.lib.fmi.fmipp.*,,org.terraswarm.accessor.accessors.web.node_modules.*,org.terraswarm.accessor.accessors-svn,ptolemy.actor.ptalon.demo.ptinyos.SendAndReceiveCnt.output,ptolemy.actor.ptalon.demo.ptinyos.SenseToLeds.output,ptolemy.domains.ptinyos.demo.CntToLedsAndRfm.output,ptolemy.domains.ptinyos.demo.RfmToLeds.output,ptolemy.domains.ptinyos.demo.SendAndReceiveCnt.output,ptolemy.domains.ptinyos.demo.SenseToLeds.output" />
    <property name="env.JAVA_HOME" value="/usr/lib/jvm/java-8-oracle" />
    <property name="env.PTII" value="/home/travis/build/icyphy/ptII" />
    <property name="env.TRAVIS_COMMIT_MESSAGE" value="Renaming fed file with the federation name (for having different names).&#xa;Federates are updated with new .fed file name." />
    <property name="keystore" value="ptKeystore" />
    <property name="env.XDG_SESSION_ID" value="2" />
    <property name="junit.output.dir" value="/home/travis/build/icyphy/ptII/reports/junit" />
    <property name="npm.return.code" value="0" />
    <property name="user.dir" value="/home/travis/build/icyphy/ptII/ptolemy/actor/lib/jjs/modules/httpClient/test" />
    <property name="env.TRAVIS_NODE_VERSION" value="7" />
    <property name="env.XFILESEARCHPATH" value="/usr/dt/app-defaults/%L/Dt" />
    <property name="env.TRAVIS_EVENT_TYPE" value="cron" />
    <property name="env.MAIL" value="/var/mail/travis" />
    <property name="env.PWD" value="/home/travis/build/icyphy/ptII" />
    <property name="env.PERLBREW_ROOT" value="/home/travis/perl5/perlbrew" />
    <property name="timeout.npm" value="45000" />
    <property name="env.PAGER" value="cat" />
    <property name="sun.cpu.endian" value="little" />
    <property name="env.TRAVIS_BUILD_STAGE_NAME" value="Test" />
    <property name="env.PERLBREW_HOME" value="/home/travis/.perlbrew" />
    <property name="env.RAILS_ENV" value="test" />
    <property name="java.vm.version" value="25.151-b12" />
    <property name="java.class.path" value="/home/travis/build/icyphy/ptII:/home/travis/build/icyphy/ptII/lib/bsh-2.0b4.jar:/home/travis/build/icyphy/ptII/lib/ptCal.jar:/home/travis/build/icyphy/ptII/lib/java_cup.jar:/home/travis/build/icyphy/ptII/lib/saxon8.jar:/home/travis/build/icyphy/ptII/lib/saxon8-dom.jar:/home/travis/build/icyphy/ptII/lib/chic.jar:/home/travis/build/icyphy/ptII/lib/ptcolt.jar:/usr/lib/jvm/java-8-oracle/lib/tools.jar:/usr/lib/eclipse/plugins/org.eclipse.jdt.core_3.8.2.dist.jar:/usr/lib/eclipse/plugins/org.eclipse.core.runtime_3.8.0.dist.jar:/usr/lib/eclipse/plugins/org.eclipse.osgi_3.8.1.dist.jar:/usr/lib/eclipse/plugins/org.eclipse.core.resources_3.8.1.dist.jar:/usr/lib/eclipse/plugins/org.eclipse.equinox.common_3.6.100.dist.jar:/usr/lib/eclipse/plugins/org.eclipse.core.jobs_3.5.200.dist.jar:/usr/lib/eclipse/plugins/org.eclipse.core.contenttype_3.4.200.dist.jar:/usr/lib/eclipse/plugins/org.eclipse.equinox.preferences_3.5.0.dist.jar:/usr/lib/eclipse/plugins/org.eclipse.text_3.5.200.dist.jar:/usr/lib/eclipse/plugins/org.eclipse.ui.workbench_3.8.1.dist.jar:/usr/lib/eclipse/plugins/org.eclipse.jface_3.8.0.dist.jar:/usr/lib/eclipse/plugins/org.eclipse.swt_3.8.2.jar:/usr/lib/eclipse/plugins/org.eclipse.jface.text_3.8.1.dist.jar:/usr/lib/eclipse/plugins/org.eclipse.ui.workbench.texteditor_3.8.0.dist.jar:/usr/lib/eclipse/plugins/org.eclipse.ui.editors_3.8.0.dist.jar:/usr/lib/eclipse/plugins/org.eclipse.core.commands_3.6.1.dist.jar:/usr/lib/eclipse/plugins/org.eclipse.equinox.registry_3.5.200.dist.jar:/usr/lib/eclipse/plugins/org.eclipse.ui.console_3.5.100.dist.jar:/usr/lib/eclipse/plugins/org.eclipse.ui.forms_3.5.200.dist.jar:/usr/lib/eclipse/plugins/org.eclipse.ui.ide_3.8.1.dist.jar:/home/travis/build/icyphy/ptII/vendors/oracle/dbxml.jar:/home/travis/build/icyphy/ptII/vendors/oracle/db.jar:/home/travis/build/icyphy/ptII/vendors/misc/itext/iText.jar:/home/travis/build/icyphy/ptII/lib/g4ltl.jar:/home/travis/build/icyphy/ptII/lib/StructuralCoder.jar:/home/travis/build/icyphy/ptII/lib/org-openide-util.jar:/home/travis/build/icyphy/ptII/lib/org-openide-util-lookup.jar:/home/travis/build/icyphy/ptII/lib/org-netbeans-api-visual.jar:/home/travis/build/icyphy/ptII/vendors/jai-1_1_2_01/lib/jai_core.jar:/home/travis/build/icyphy/ptII/vendors/jai-1_1_2_01/lib/jai_codec.jar:/home/travis/build/icyphy/ptII/lib/jcerti.jar:/home/travis/build/icyphy/ptII/lib/smack.jar:/home/travis/build/icyphy/ptII/lib/smackx.jar:/home/travis/build/icyphy/ptII/lib/jetty-all-8.1.5-v20120716.jar:/home/travis/build/icyphy/ptII/lib/javax.servlet-api-3.0.1.jar:/home/travis/build/icyphy/ptII/lib/javax.mail.jar:/home/travis/build/icyphy/ptII/vendors/JMF-2.1.1e/lib/jmf.jar:/home/travis/build/icyphy/ptII/lib/jna-4.0.0-variadic.jar:/home/travis/build/icyphy/ptII/vendors/misc/joystick/Joystick.jar:/home/travis/build/icyphy/ptII/lib/ptjacl.jar:/home/travis/build/icyphy/ptII/lib/jsoup-1.8.2.jar:/home/travis/build/icyphy/ptII/lib/junit-4.8.2.jar:/home/travis/build/icyphy/ptII/lib/JUnitParams-0.4.0.jar:/home/travis/build/icyphy/ptII/ptolemy/actor/lib/excel/jxl.jar:/home/travis/build/icyphy/ptII/lib/jython.jar:/home/travis/build/icyphy/ptII/lib/kieler.jar:/home/travis/build/icyphy/ptII/vendors/opencv/share/OpenCV/java/opencv-341.jar:/home/travis/build/icyphy/ptII/lib/oscP5.jar:/home/travis/build/icyphy/ptII/lib/nrjavaserial-3.11.0.devel.jar:/usr/share/java/j3dcore.jar:/usr/share/java/j3dutils.jar:/usr/share/java/vecmath.jar:/home/travis/build/icyphy/ptII/ptolemy/distributed/jini/jar/jini-core.jar:/home/travis/build/icyphy/ptII/ptolemy/distributed/jini/jar/jini-ext.jar:/home/travis/build/icyphy/ptII/ptolemy/distributed/jini/jar/sun-util.jar:/home/travis/build/icyphy/ptII/lib/protobuf-java-2.4.1.jar:/home/travis/build/icyphy/ptII/lib/org.eclipse.paho.client.mqttv3.jar:/home/travis/build/icyphy/ptII/ptserver/lib/hessian-4.0.7.jar:/home/travis/build/icyphy/ptII/ptserver/lib/wmqtt.jar:/home/travis/build/icyphy/ptII/lib/mapss.jar:/home/travis/build/icyphy/ptII/ptolemy/actor/ptalon/antlr/antlr.jar:/home/travis/build/icyphy/ptII/lib/JRI.jar:/home/travis/build/icyphy/ptII/lib/commons-lang-2.6.jar:/home/travis/build/icyphy/ptII/lib/commons-logging-1.1.1.jar:/home/travis/build/icyphy/ptII/lib/sootclasses.jar:/home/travis/build/icyphy/ptII/ptolemy/actor/lib/database/mysql-connector-java-5.1.6-bin.jar:/home/travis/build/icyphy/ptII/vendors/misc/sphinx4/sphinx4-data-5prealpha.jar:/home/travis/build/icyphy/ptII/vendors/misc/sphinx4/sphinx4-core-5prealpha.jar:/home/travis/build/icyphy/ptII/lib/PDFRenderer.jar:/home/travis/build/icyphy/ptII/lib/svgSalamander.jar:/home/travis/build/icyphy/ptII/lib/rsyntaxtextarea-2.6.0-SNAPSHOT.jar:/home/travis/build/icyphy/ptII/lib/hazelcast-3.8.2.jar:/home/travis/build/icyphy/ptII/lib/jackson-annotations-2.9.0.jar:/home/travis/build/icyphy/ptII/lib/jackson-core-2.9.3.jar:/home/travis/build/icyphy/ptII/lib/jackson-databind-2.9.3.jar:/home/travis/build/icyphy/ptII/lib/netty-buffer-4.1.19.Final.jar:/home/travis/build/icyphy/ptII/lib/netty-codec-4.1.19.Final.jar:/home/travis/build/icyphy/ptII/lib/netty-codec-dns-4.1.19.Final.jar:/home/travis/build/icyphy/ptII/lib/netty-codec-http-4.1.19.Final.jar:/home/travis/build/icyphy/ptII/lib/netty-codec-http2-4.1.19.Final.jar:/home/travis/build/icyphy/ptII/lib/netty-common-4.1.19.Final.jar:/home/travis/build/icyphy/ptII/lib/netty-handler-4.1.19.Final.jar:/home/travis/build/icyphy/ptII/lib/netty-resolver-4.1.19.Final.jar:/home/travis/build/icyphy/ptII/lib/netty-resolver-dns-4.1.19.Final.jar:/home/travis/build/icyphy/ptII/lib/netty-transport-4.1.19.Final.jar:/home/travis/build/icyphy/ptII/lib/vertx-codegen-3.5.1.jar:/home/travis/build/icyphy/ptII/lib/vertx-core-3.5.2-SNAPSHOT.jar:/home/travis/build/icyphy/ptII/lib/vertx-hazelcast-3.5.1.jar:/home/travis/build/icyphy/ptII/lib/vertx-lang-js-3.5.1.jar:/home/travis/build/icyphy/ptII/lib/vertx-service-proxy-3.5.1.jar:/home/travis/build/icyphy/ptII/lib/vertx-web-3.5.1.jar:/home/travis/build/icyphy/ptII/lib/slf4j-api-1.7.13.jar:/home/travis/build/icyphy/ptII/lib/slf4j-simple-1.7.13.jar:/home/travis/build/icyphy/ptII/lib/webcam-capture-0.3.12.jar:/home/travis/build/icyphy/ptII/lib/bridj-0.7.0.jar:/home/travis/build/icyphy/ptII/lib/xbjlib-1.1.0.nrjavaserial.jar:/home/travis/build/icyphy/ptII/ptolemy/moml/test:/home/travis/build/icyphy/ptII/ant/lib/ant-launcher.jar:/home/travis/build/icyphy/ptII/ant/lib/ant.jar:/home/travis/build/icyphy/ptII/ant/lib/ant-junit.jar:/home/travis/build/icyphy/ptII/ant/lib/ant-junit4.jar" />
    <property name="ant.library.dir" value="/home/travis/build/icyphy/ptII/ant/lib" />
    <property name="os.arch" value="amd64" />
    <property name="env.TRAVIS_LANGUAGE" value="node_js" />
    <property name="env.CONTINUOUS_INTEGRATION" value="true" />
    <property name="env.TRAVIS_STACK_LANGUAGES" value="__garnet__ c c++ clojure cplusplus cpp default go groovy java node_js php pure_java python ruby scala" />
    <property name="test.name" value="ptolemy.actor.lib.test.junit.JUnitTclTest" />
    <property name="sun.java.launcher" value="SUN_STANDARD" />
    <property name="env.PYTHON_CONFIGURE_OPTS" value="--enable-unicode=ucs4 --with-wide-unicode --enable-shared --enable-ipv6 --enable-loadable-sqlite-extensions --with-computed-gotos" />
    <property name="ant.core.lib" value="/home/travis/build/icyphy/ptII/ant/lib/ant.jar" />
    <property name="java.vm.specification.vendor" value="Oracle Corporation" />
    <property name="env.BCVTB_HOME" value="/home/travis/build/icyphy/ptII/lbnl" />
    <property name="file.separator" value="/" />
    <property name="java.runtime.version" value="1.8.0_151-b12" />
    <property name="spotbugs.home" value="/home/travis/build/icyphy/ptII/vendors/spotbugs-3.1.1" />
    <property name="sun.boot.class.path" value="/usr/lib/jvm/java-8-oracle/jre/lib/resources.jar:/usr/lib/jvm/java-8-oracle/jre/lib/rt.jar:/usr/lib/jvm/java-8-oracle/jre/lib/sunrsasign.jar:/usr/lib/jvm/java-8-oracle/jre/lib/jsse.jar:/usr/lib/jvm/java-8-oracle/jre/lib/jce.jar:/usr/lib/jvm/java-8-oracle/jre/lib/charsets.jar:/usr/lib/jvm/java-8-oracle/jre/lib/jfr.jar:/usr/lib/jvm/java-8-oracle/jre/classes" />
    <property name="env.HAS_JOSH_K_SEAL_OF_APPROVAL" value="true" />
    <property name="env.TRAVIS_OSX_IMAGE" value="" />
    <property name="env.XDG_RUNTIME_DIR" value="/run/user/2000" />
    <property name="env.TRAVIS_BRANCH" value="master" />
    <property name="env.TRAVIS_JOB_ID" value="381471284" />
    <property name="env.CERTI_HOME_TRAVIS" value="/home/travis/pthla/certi-tools" />
    <property name="user.country" value="US" />
    <property name="env.SHELL" value="/bin/bash" />
    <property name="java.maxmemory.large" value="5000m" />
    <property name="model" value="" />
    <property name="env.CASHER_DIR" value="/home/travis/.casher" />
    <property name="env.NVM_CD_FLAGS" value="" />
    <property name="jshint.executable" value="/home/travis/node_modules/jshint/bin/jshint" />
    <property name="java.vendor" value="Oracle Corporation" />
    <property name="env.JRUBY_OPTS" value=" --client -J-XX:+TieredCompilation -J-XX:TieredStopAtLevel=1 -J-Xss2m -Xcompile.invokedynamic=false" />
    <property name="env.TRAVIS_PRE_CHEF_BOOTSTRAP_TIME" value="2017-12-05T19:32:55" />
    <property name="env.TRAVIS_STACK_JOB_BOARD_REGISTER" value="/.job-board-register.yml" />
    <property name="env.ELIXIR_VERSION" value="1.4.5" />
    <property name="java.specification.version" value="1.8" />
    <property name="env.IRBRC" value="/home/travis/.rvm/rubies/ruby-2.4.1/.irbrc" />
    <property name="env.TRAVIS" value="true" />
    <property name="sun.arch.data.model" value="64" />
  </properties>
  <testcase classname="ptolemy.util.test.junit.TclTests" name="[0] ThereAreNoTclTests (RunTclFile)" time="0.001" />
  <testcase classname="ptolemy.util.test.junit.AutoKnownFailedTests" name="[0] ThereAreNoKnowFailedTests (RunModel)" time="0.002" />
  <testcase classname="ptolemy.util.test.junit.AutoNameArchTests" name="[0] ThereAreNoAutoTests (RunModel)" time="0.001" />
  <testcase classname="ptolemy.util.test.junit.AutoTests" name="[0] /home/travis/build/icyphy/ptII/ptolemy/actor/lib/jjs/modules/httpClient/test/auto/GeoCoderWeather.xml (RunModel)" time="27.775" />
  <testcase classname="ptolemy.util.test.junit.AutoTests" name="[1] /home/travis/build/icyphy/ptII/ptolemy/actor/lib/jjs/modules/httpClient/test/auto/RESTComposite.xml (RunModel)" time="15.526" />
  <testcase classname="ptolemy.util.test.junit.AutoTests" name="[2] /home/travis/build/icyphy/ptII/ptolemy/actor/lib/jjs/modules/httpClient/test/auto/RESTGet.xml (RunModel)" time="24.795" />
  <testcase classname="ptolemy.util.test.junit.AutoTests" name="[3] /home/travis/build/icyphy/ptII/ptolemy/actor/lib/jjs/modules/httpClient/test/auto/RESTGetCompleteResponseOnly.xml (RunModel)" time="24.994">
    <error type="java.lang.reflect.InvocationTargetException">java.lang.reflect.InvocationTargetException
	at java.lang.reflect.Constructor.newInstance(Constructor.java:423)
	at ptolemy.util.test.junit.AutoTests.RunModel(AutoTests.java:185)
	at junitparams.internal.InvokeParameterisedMethod.evaluate(InvokeParameterisedMethod.java:102)
Caused by: java.lang.RuntimeException: REST2: The timeout period of 7000ms has been exceeded.
	at ptolemy.util.SimpleMessageHandler._error(SimpleMessageHandler.java:53)
	at ptolemy.util.MessageHandler.error(MessageHandler.java:84)
	at ptolemy.actor.lib.jjs.JavaScript.error(JavaScript.java:828)
	at ptolemy.actor.lib.jjs.RestrictedJavaScriptInterface.error(RestrictedJavaScriptInterface.java:108)
	at jdk.nashorn.internal.scripts.Script$Recompilation$12577$3477A$\^eval\_.error(&lt;eval&gt;:98)
	at jdk.nashorn.internal.scripts.Script$Recompilation$12540$11119$\^function\_.L:1#issueCommand#L:254(&lt;function&gt;:257)
	at jdk.nashorn.javaadapters.java.lang.Runnable.run(Unknown Source)
	at ptolemy.actor.lib.jjs.JavaScript.fire(JavaScript.java:1081)
	at ptolemy.domains.de.kernel.DEDirector._fire(DEDirector.java:1948)
	at ptolemy.domains.de.kernel.DEDirector.fire(DEDirector.java:502)
	at ptolemy.actor.CompositeActor.fire(CompositeActor.java:455)
	at ptolemy.actor.Manager.iterate(Manager.java:851)
	at ptolemy.actor.Manager.execute(Manager.java:369)
	at ptolemy.actor.Manager.run(Manager.java:1263)
	at ptolemy.actor.Manager$PtolemyRunThread.run(Manager.java:1915)
</error>
  </testcase>
  <testcase classname="ptolemy.util.test.junit.AutoTests" name="[4] /home/travis/build/icyphy/ptII/ptolemy/actor/lib/jjs/modules/httpClient/test/auto/RESTPost.xml (RunModel)" time="20.578" />
  <testcase classname="ptolemy.util.test.junit.AutoTests" name="[5] /home/travis/build/icyphy/ptII/ptolemy/actor/lib/jjs/modules/httpClient/test/auto/RESTPostDataTypes.xml (RunModel)" time="37.304">
    <error type="java.lang.reflect.InvocationTargetException">java.lang.reflect.InvocationTargetException
	at java.lang.reflect.Constructor.newInstance(Constructor.java:423)
	at ptolemy.util.test.junit.AutoTests.RunModel(AutoTests.java:185)
	at junitparams.internal.InvokeParameterisedMethod.evaluate(InvokeParameterisedMethod.java:102)
Caused by: java.lang.RuntimeException: REST: Connection refused: localhost/127.0.0.1:8003
	at ptolemy.util.SimpleMessageHandler._error(SimpleMessageHandler.java:53)
	at ptolemy.util.MessageHandler.error(MessageHandler.java:84)
	at ptolemy.actor.lib.jjs.JavaScript.error(JavaScript.java:828)
	at ptolemy.actor.lib.jjs.RestrictedJavaScriptInterface.error(RestrictedJavaScriptInterface.java:108)
	at jdk.nashorn.internal.scripts.Script$Recompilation$23928$3477A$\^eval\_.error(&lt;eval&gt;:98)
	at jdk.nashorn.internal.scripts.Script$Recompilation$23926$15986A$require.L:1#_handleError(/home/travis/build/icyphy/ptII/ptolemy/actor/lib/jjs/external/require.js#401:30&lt;eval&gt;:375)
	at jdk.nashorn.internal.scripts.Script$Recompilation$23925$17609AA$require.L:1#_errorResponse(/home/travis/build/icyphy/ptII/ptolemy/actor/lib/jjs/external/require.js#401:30&lt;eval&gt;:412)
	at jdk.nashorn.internal.runtime.ScriptFunctionData.invoke(ScriptFunctionData.java:641)
	at jdk.nashorn.internal.runtime.ScriptFunction.invoke(ScriptFunction.java:494)
	at jdk.nashorn.internal.runtime.ScriptRuntime.apply(ScriptRuntime.java:393)
	at jdk.nashorn.api.scripting.ScriptObjectMirror.callMember(ScriptObjectMirror.java:199)
	at ptolemy.actor.lib.jjs.modules.httpClient.HttpClientHelper$HttpClientExceptionHandler$1.run(HttpClientHelper.java:282)
	at ptolemy.actor.lib.jjs.JavaScript.fire(JavaScript.java:1050)
	at ptolemy.domains.de.kernel.DEDirector._fire(DEDirector.java:1948)
	at ptolemy.domains.de.kernel.DEDirector.fire(DEDirector.java:502)
	at ptolemy.actor.CompositeActor.fire(CompositeActor.java:455)
	at ptolemy.actor.Manager.iterate(Manager.java:851)
	at ptolemy.actor.Manager.execute(Manager.java:369)
	at ptolemy.actor.Manager.run(Manager.java:1263)
	at ptolemy.actor.Manager$PtolemyRunThread.run(Manager.java:1915)
</error>
  </testcase>
  <testcase classname="ptolemy.util.test.junit.AutoTests" name="[6] /home/travis/build/icyphy/ptII/ptolemy/actor/lib/jjs/modules/httpClient/test/auto/RESTPut.xml (RunModel)" time="23.494" />
  <testcase classname="ptolemy.util.test.junit.AutoTests" name="[7] /home/travis/build/icyphy/ptII/ptolemy/actor/lib/jjs/modules/httpClient/test/auto/RESTReceiveImage.xml (RunModel)" time="29.348">
    <error type="java.lang.reflect.InvocationTargetException">java.lang.reflect.InvocationTargetException
	at java.lang.reflect.Constructor.newInstance(Constructor.java:423)
	at ptolemy.util.test.junit.AutoTests.RunModel(AutoTests.java:185)
	at junitparams.internal.InvokeParameterisedMethod.evaluate(InvokeParameterisedMethod.java:102)
Caused by: java.lang.RuntimeException: REST2: The timeout period of 5000ms has been exceeded.
	at ptolemy.util.SimpleMessageHandler._error(SimpleMessageHandler.java:53)
	at ptolemy.util.MessageHandler.error(MessageHandler.java:84)
	at ptolemy.actor.lib.jjs.JavaScript.error(JavaScript.java:828)
	at ptolemy.actor.lib.jjs.RestrictedJavaScriptInterface.error(RestrictedJavaScriptInterface.java:108)
	at jdk.nashorn.internal.scripts.Script$Recompilation$32308$3477A$\^eval\_.error(&lt;eval&gt;:98)
	at jdk.nashorn.internal.scripts.Script$Recompilation$32241$11119$\^function\_.L:1#issueCommand#L:254(&lt;function&gt;:257)
	at jdk.nashorn.javaadapters.java.lang.Runnable.run(Unknown Source)
	at ptolemy.actor.lib.jjs.JavaScript.fire(JavaScript.java:1081)
	at ptolemy.domains.de.kernel.DEDirector._fire(DEDirector.java:1948)
	at ptolemy.domains.de.kernel.DEDirector.fire(DEDirector.java:502)
	at ptolemy.actor.CompositeActor.fire(CompositeActor.java:455)
	at ptolemy.actor.Manager.iterate(Manager.java:851)
	at ptolemy.actor.Manager.execute(Manager.java:369)
	at ptolemy.actor.Manager.run(Manager.java:1263)
	at ptolemy.actor.Manager$PtolemyRunThread.run(Manager.java:1915)
</error>
  </testcase>
  <testcase classname="ptolemy.util.test.junit.AutoTests" name="[8] /home/travis/build/icyphy/ptII/ptolemy/actor/lib/jjs/modules/httpClient/test/auto/RESTSendImage.xml (RunModel)" time="33.871">
    <error type="java.lang.reflect.InvocationTargetException">java.lang.reflect.InvocationTargetException
	at java.lang.reflect.Constructor.newInstance(Constructor.java:423)
	at ptolemy.util.test.junit.AutoTests.RunModel(AutoTests.java:185)
	at junitparams.internal.InvokeParameterisedMethod.evaluate(InvokeParameterisedMethod.java:102)
Caused by: java.lang.RuntimeException: REST2: The timeout period of 5000ms has been exceeded.
	at ptolemy.util.SimpleMessageHandler._error(SimpleMessageHandler.java:53)
	at ptolemy.util.MessageHandler.error(MessageHandler.java:84)
	at ptolemy.actor.lib.jjs.JavaScript.error(JavaScript.java:828)
	at ptolemy.actor.lib.jjs.RestrictedJavaScriptInterface.error(RestrictedJavaScriptInterface.java:108)
	at jdk.nashorn.internal.scripts.Script$Recompilation$38281$3477A$\^eval\_.error(&lt;eval&gt;:98)
	at jdk.nashorn.internal.scripts.Script$Recompilation$38277$11119$\^function\_.L:1#issueCommand#L:254(&lt;function&gt;:257)
	at jdk.nashorn.javaadapters.java.lang.Runnable.run(Unknown Source)
	at ptolemy.actor.lib.jjs.JavaScript.fire(JavaScript.java:1081)
	at ptolemy.domains.de.kernel.DEDirector._fire(DEDirector.java:1948)
	at ptolemy.domains.de.kernel.DEDirector.fire(DEDirector.java:502)
	at ptolemy.actor.CompositeActor.fire(CompositeActor.java:455)
	at ptolemy.actor.Manager.iterate(Manager.java:851)
	at ptolemy.actor.Manager.execute(Manager.java:369)
	at ptolemy.actor.Manager.run(Manager.java:1263)
	at ptolemy.actor.Manager$PtolemyRunThread.run(Manager.java:1915)
</error>
  </testcase>
  <testcase classname="ptolemy.util.test.junit.AutoTests" name="[9] /home/travis/build/icyphy/ptII/ptolemy/actor/lib/jjs/modules/httpClient/test/auto/RESTStringURL.xml (RunModel)" time="13.468" />
  <testcase classname="ptolemy.util.test.junit.AutoTests" name="[10] /home/travis/build/icyphy/ptII/ptolemy/actor/lib/jjs/modules/httpClient/test/auto/RESTTimeout.xml (RunModel)" time="11.147" />
  <testcase classname="ptolemy.util.test.junit.AutoTests" name="[11] /home/travis/build/icyphy/ptII/ptolemy/actor/lib/jjs/modules/httpClient/test/auto/RESTWithTimeout.xml (RunModel)" time="6.93" />
  <system-out><![CDATA[No tcl tests in /home/travis/build/icyphy/ptII/ptolemy/actor/lib/jjs/modules/httpClient/test
No auto/knownFailedTests/*.xml tests in /home/travis/build/icyphy/ptII/ptolemy/actor/lib/jjs/modules/httpClient/test
No auto/*.xml tests in /home/travis/build/icyphy/ptII/ptolemy/actor/lib/jjs/modules/httpClient/test
AutoTests.java: About to close Vertx.
AutoTests.java: Vertx closed.
----------------- testing Mon May 21 00:50:40 UTC 2018 /home/travis/build/icyphy/ptII/ptolemy/actor/lib/jjs/modules/httpClient/test/auto/GeoCoderWeather.xml
----------------- Mon May 21 00:50:40 UTC 2018 About to sleep for 5.0 seconds before running or rerunning.  Test is: /home/travis/build/icyphy/ptII/ptolemy/actor/lib/jjs/modules/httpClient/test/auto/GeoCoderWeather.xml
Done sleeping
----------------- Instantiating /home/travis/build/icyphy/ptII/ptolemy/actor/lib/jjs/modules/httpClient/test/auto/GeoCoderWeather.xml
JSAccessor: PT_NO_NET environment variable is set, so git pull and ptdoc are not being run.
GeoCoder: Making an HTTP request. (Thread[GeoCoderWeather,1,main])
Weather: Making an HTTP request. (Thread[GeoCoderWeather,1,main])
11052 ms. Memory: 697856K Free: 457458K (66%)
----------------- Invoking toplevel() on ptolemy.moml.MoMLSimpleApplication@48be978f
----------------- Done invoking toplevel() on ptolemy.moml.MoMLSimpleApplication@48be978f
reloadAllAccessors: .GeoCoderWeather
This is the first time that the reloadAllAccessors method has been invoked in this JVM, so the the accessors repo will be checked out or updated and JSDoc invoked. Note that running the tests may end up invoking a new JVM for each directory, so the repo may be checked out or updated and JSDoc invoked more than once when the tests are run.
-------------- Reloaded accessors, but skipping rerun for now. Mon May 21 00:51:08 UTC 2018 /home/travis/build/icyphy/ptII/ptolemy/actor/lib/jjs/modules/httpClient/test/auto/GeoCoderWeather.xml
----------------- testing Mon May 21 00:51:08 UTC 2018 /home/travis/build/icyphy/ptII/ptolemy/actor/lib/jjs/modules/httpClient/test/auto/RESTComposite.xml
----------------- Mon May 21 00:51:08 UTC 2018 About to sleep for 5.0 seconds before running or rerunning.  Test is: /home/travis/build/icyphy/ptII/ptolemy/actor/lib/jjs/modules/httpClient/test/auto/RESTComposite.xml
Done sleeping
----------------- Instantiating /home/travis/build/icyphy/ptII/ptolemy/actor/lib/jjs/modules/httpClient/test/auto/RESTComposite.xml
JavaScript: Making an HTTP request. (Thread[RESTComposite,1,main])
6174 ms. Memory: 907264K Free: 243934K (27%)
----------------- Invoking toplevel() on ptolemy.moml.MoMLSimpleApplication@32b1cfb0
----------------- Done invoking toplevel() on ptolemy.moml.MoMLSimpleApplication@32b1cfb0
reloadAllAccessors: .RESTComposite
-------------- Reloaded accessors, but skipping rerun for now. Mon May 21 00:51:23 UTC 2018 /home/travis/build/icyphy/ptII/ptolemy/actor/lib/jjs/modules/httpClient/test/auto/RESTComposite.xml
----------------- testing Mon May 21 00:51:23 UTC 2018 /home/travis/build/icyphy/ptII/ptolemy/actor/lib/jjs/modules/httpClient/test/auto/RESTGet.xml
----------------- Mon May 21 00:51:23 UTC 2018 About to sleep for 5.0 seconds before running or rerunning.  Test is: /home/travis/build/icyphy/ptII/ptolemy/actor/lib/jjs/modules/httpClient/test/auto/RESTGet.xml
Done sleeping
----------------- Instantiating /home/travis/build/icyphy/ptII/ptolemy/actor/lib/jjs/modules/httpClient/test/auto/RESTGet.xml
REST: Making an HTTP request. (Thread[RESTGet,1,main])
REST2: Making an HTTP request. (Thread[RESTGet,1,main])
REST3: Making an HTTP request. (Thread[RESTGet,1,main])
10702 ms. Memory: 1630208K Free: 1340287K (82%)
----------------- Invoking toplevel() on ptolemy.moml.MoMLSimpleApplication@791a0203
----------------- Done invoking toplevel() on ptolemy.moml.MoMLSimpleApplication@791a0203
reloadAllAccessors: .RESTGet
-------------- Reloaded accessors, but skipping rerun for now. Mon May 21 00:51:48 UTC 2018 /home/travis/build/icyphy/ptII/ptolemy/actor/lib/jjs/modules/httpClient/test/auto/RESTGet.xml
----------------- testing Mon May 21 00:51:48 UTC 2018 /home/travis/build/icyphy/ptII/ptolemy/actor/lib/jjs/modules/httpClient/test/auto/RESTGetCompleteResponseOnly.xml
----------------- Mon May 21 00:51:48 UTC 2018 About to sleep for 5.0 seconds before running or rerunning.  Test is: /home/travis/build/icyphy/ptII/ptolemy/actor/lib/jjs/modules/httpClient/test/auto/RESTGetCompleteResponseOnly.xml
Done sleeping
----------------- Instantiating /home/travis/build/icyphy/ptII/ptolemy/actor/lib/jjs/modules/httpClient/test/auto/RESTGetCompleteResponseOnly.xml
REST: Making an HTTP request. (Thread[RESTGetCompleteResponseOnly,1,main])
REST2: Making an HTTP request. (Thread[RESTGetCompleteResponseOnly,1,main])
15749 ms. Memory: 1950208K Free: 1729722K (89%)
----------------- testing Mon May 21 00:52:13 UTC 2018 /home/travis/build/icyphy/ptII/ptolemy/actor/lib/jjs/modules/httpClient/test/auto/RESTPost.xml
----------------- Mon May 21 00:52:13 UTC 2018 About to sleep for 5.0 seconds before running or rerunning.  Test is: /home/travis/build/icyphy/ptII/ptolemy/actor/lib/jjs/modules/httpClient/test/auto/RESTPost.xml
Done sleeping
----------------- Instantiating /home/travis/build/icyphy/ptII/ptolemy/actor/lib/jjs/modules/httpClient/test/auto/RESTPost.xml
REST: Making an HTTP request. (Thread[RESTPost,1,main])
REST2: Making an HTTP request. (Thread[RESTPost,1,main])
9078 ms. Memory: 1910784K Free: 726739K (38%)
----------------- Invoking toplevel() on ptolemy.moml.MoMLSimpleApplication@18535725
----------------- Done invoking toplevel() on ptolemy.moml.MoMLSimpleApplication@18535725
reloadAllAccessors: .RESTPost
-------------- Reloaded accessors, but skipping rerun for now. Mon May 21 00:52:34 UTC 2018 /home/travis/build/icyphy/ptII/ptolemy/actor/lib/jjs/modules/httpClient/test/auto/RESTPost.xml
----------------- testing Mon May 21 00:52:34 UTC 2018 /home/travis/build/icyphy/ptII/ptolemy/actor/lib/jjs/modules/httpClient/test/auto/RESTPostDataTypes.xml
----------------- Mon May 21 00:52:34 UTC 2018 About to sleep for 5.0 seconds before running or rerunning.  Test is: /home/travis/build/icyphy/ptII/ptolemy/actor/lib/jjs/modules/httpClient/test/auto/RESTPostDataTypes.xml
Done sleeping
----------------- Instantiating /home/travis/build/icyphy/ptII/ptolemy/actor/lib/jjs/modules/httpClient/test/auto/RESTPostDataTypes.xml
preinitialize() finished: 10075 ms. Memory: 2066432K Free: 815191K (39%)
WebServer: WebServer: Creating new server. (Thread[RESTPostDataTypes,1,main])
Manager.initialize() finished: 16820 ms. Memory: 2123264K Free: 1621616K (76%)
REST: Making an HTTP request. (Thread[RESTPostDataTypes,1,main])
WebServer: WebServer: Stopping the server. (Thread[RESTPostDataTypes,1,main])
22033 ms. Memory: 2123264K Free: 1555828K (73%)
----------------- testing Mon May 21 00:53:11 UTC 2018 /home/travis/build/icyphy/ptII/ptolemy/actor/lib/jjs/modules/httpClient/test/auto/RESTPut.xml
----------------- Mon May 21 00:53:11 UTC 2018 About to sleep for 5.0 seconds before running or rerunning.  Test is: /home/travis/build/icyphy/ptII/ptolemy/actor/lib/jjs/modules/httpClient/test/auto/RESTPut.xml
Done sleeping
----------------- Instantiating /home/travis/build/icyphy/ptII/ptolemy/actor/lib/jjs/modules/httpClient/test/auto/RESTPut.xml
REST: Making an HTTP request. (Thread[RESTPut,1,main])
REST2: Making an HTTP request. (Thread[RESTPut,1,main])
10160 ms. Memory: 2190848K Free: 486130K (22%)
----------------- Invoking toplevel() on ptolemy.moml.MoMLSimpleApplication@745cc845
----------------- Done invoking toplevel() on ptolemy.moml.MoMLSimpleApplication@745cc845
reloadAllAccessors: .RESTPut
-------------- Reloaded accessors, but skipping rerun for now. Mon May 21 00:53:34 UTC 2018 /home/travis/build/icyphy/ptII/ptolemy/actor/lib/jjs/modules/httpClient/test/auto/RESTPut.xml
----------------- testing Mon May 21 00:53:34 UTC 2018 /home/travis/build/icyphy/ptII/ptolemy/actor/lib/jjs/modules/httpClient/test/auto/RESTReceiveImage.xml
----------------- Mon May 21 00:53:34 UTC 2018 About to sleep for 5.0 seconds before running or rerunning.  Test is: /home/travis/build/icyphy/ptII/ptolemy/actor/lib/jjs/modules/httpClient/test/auto/RESTReceiveImage.xml
Done sleeping
----------------- Instantiating /home/travis/build/icyphy/ptII/ptolemy/actor/lib/jjs/modules/httpClient/test/auto/RESTReceiveImage.xml
REST2: Making an HTTP request. (Thread[RESTReceiveImage,1,main])
REST3: Making an HTTP request. (Thread[RESTReceiveImage,1,main])
REST: Making an HTTP request. (Thread[RESTReceiveImage,1,main])
18048 ms. Memory: 2263040K Free: 1402546K (62%)
----------------- testing Mon May 21 00:54:04 UTC 2018 /home/travis/build/icyphy/ptII/ptolemy/actor/lib/jjs/modules/httpClient/test/auto/RESTSendImage.xml
----------------- Mon May 21 00:54:04 UTC 2018 About to sleep for 5.0 seconds before running or rerunning.  Test is: /home/travis/build/icyphy/ptII/ptolemy/actor/lib/jjs/modules/httpClient/test/auto/RESTSendImage.xml
Done sleeping
----------------- Instantiating /home/travis/build/icyphy/ptII/ptolemy/actor/lib/jjs/modules/httpClient/test/auto/RESTSendImage.xml
WebServer: WebServer: Creating new server. (Thread[RESTSendImage,1,main])
WebServer: WebServer: Listening for requests. (Thread[vert.x-eventloop-thread-2,1,main])
Manager.initialize() finished: 15720 ms. Memory: 2365952K Free: 1153023K (49%)
REST: Making an HTTP request. (Thread[RESTSendImage,1,main])
WebServer: Server received request. (Thread[RESTSendImage,1,main])
REST2: Making an HTTP request. (Thread[RESTSendImage,1,main])
WebServer: WebServer: Stopping the server. (Thread[RESTSendImage,1,main])
21244 ms. Memory: 2365952K Free: 1032033K (44%)
----------------- testing Mon May 21 00:54:38 UTC 2018 /home/travis/build/icyphy/ptII/ptolemy/actor/lib/jjs/modules/httpClient/test/auto/RESTStringURL.xml
----------------- Mon May 21 00:54:38 UTC 2018 About to sleep for 5.0 seconds before running or rerunning.  Test is: /home/travis/build/icyphy/ptII/ptolemy/actor/lib/jjs/modules/httpClient/test/auto/RESTStringURL.xml
Done sleeping
----------------- Instantiating /home/travis/build/icyphy/ptII/ptolemy/actor/lib/jjs/modules/httpClient/test/auto/RESTStringURL.xml
REST: Making an HTTP request. (Thread[RESTStringURL,1,main])
5309 ms. Memory: 2365440K Free: 988451K (42%)
----------------- Invoking toplevel() on ptolemy.moml.MoMLSimpleApplication@45780cb8
----------------- Done invoking toplevel() on ptolemy.moml.MoMLSimpleApplication@45780cb8
reloadAllAccessors: .RESTStringURL
-------------- Reloaded accessors, but skipping rerun for now. Mon May 21 00:54:51 UTC 2018 /home/travis/build/icyphy/ptII/ptolemy/actor/lib/jjs/modules/httpClient/test/auto/RESTStringURL.xml
----------------- testing Mon May 21 00:54:51 UTC 2018 /home/travis/build/icyphy/ptII/ptolemy/actor/lib/jjs/modules/httpClient/test/auto/RESTTimeout.xml
----------------- Mon May 21 00:54:51 UTC 2018 About to sleep for 5.0 seconds before running or rerunning.  Test is: /home/travis/build/icyphy/ptII/ptolemy/actor/lib/jjs/modules/httpClient/test/auto/RESTTimeout.xml
Done sleeping
----------------- Instantiating /home/travis/build/icyphy/ptII/ptolemy/actor/lib/jjs/modules/httpClient/test/auto/RESTTimeout.xml
WebServer: WebServer: Creating new server. (Thread[RESTTimeout,1,main])
WebServer: WebServer: Listening for requests. (Thread[vert.x-eventloop-thread-1,1,main])
REST: Making an HTTP request. (Thread[RESTTimeout,1,main])
WebServer: Server received request. (Thread[RESTTimeout,1,main])
WebServer: WebServer: Stopping the server. (Thread[RESTTimeout,1,main])
4262 ms. Memory: 2427392K Free: 1664821K (69%)
----------------- Invoking toplevel() on ptolemy.moml.MoMLSimpleApplication@120716e5
----------------- Done invoking toplevel() on ptolemy.moml.MoMLSimpleApplication@120716e5
reloadAllAccessors: .RESTTimeout
-------------- Reloaded accessors, but skipping rerun for now. Mon May 21 00:55:02 UTC 2018 /home/travis/build/icyphy/ptII/ptolemy/actor/lib/jjs/modules/httpClient/test/auto/RESTTimeout.xml
----------------- testing Mon May 21 00:55:02 UTC 2018 /home/travis/build/icyphy/ptII/ptolemy/actor/lib/jjs/modules/httpClient/test/auto/RESTWithTimeout.xml
----------------- Mon May 21 00:55:02 UTC 2018 About to sleep for 5.0 seconds before running or rerunning.  Test is: /home/travis/build/icyphy/ptII/ptolemy/actor/lib/jjs/modules/httpClient/test/auto/RESTWithTimeout.xml
Done sleeping
----------------- Instantiating /home/travis/build/icyphy/ptII/ptolemy/actor/lib/jjs/modules/httpClient/test/auto/RESTWithTimeout.xml
REST: Making an HTTP request. (Thread[RESTWithTimeout,1,main])
909 ms. Memory: 2427392K Free: 1100191K (45%)
----------------- Invoking toplevel() on ptolemy.moml.MoMLSimpleApplication@2304503f
----------------- Done invoking toplevel() on ptolemy.moml.MoMLSimpleApplication@2304503f
reloadAllAccessors: .RESTWithTimeout
-------------- Reloaded accessors, but skipping rerun for now. Mon May 21 00:55:09 UTC 2018 /home/travis/build/icyphy/ptII/ptolemy/actor/lib/jjs/modules/httpClient/test/auto/RESTWithTimeout.xml
AutoTests.java: About to close Vertx.
AutoTests.java: Vertx closed.
]]></system-out>
  <system-err><![CDATA[WARNING: GeoCoder: Model stopped before executing actions (e.g. producing outputs) scheduled for execution at times [11.0]
WARNING: Weather: Model stopped before executing actions (e.g. producing outputs) scheduled for execution at times [12.474]
WARNING: JavaScript: Model stopped before executing actions (e.g. producing outputs) scheduled for execution at times [46.678000000000004]
WARNING: REST: Model stopped before executing actions (e.g. producing outputs) scheduled for execution at times [26.0]
WARNING: REST2: Model stopped before executing actions (e.g. producing outputs) scheduled for execution at times [26.0]
WARNING: REST3: Model stopped before executing actions (e.g. producing outputs) scheduled for execution at times [26.0]
WARNING: REST2: Model stopped before executing actions (e.g. producing outputs) scheduled for execution at times [8.0]
java.lang.RuntimeException: Execution failed
	at ptolemy.moml.MoMLSimpleApplication$UnloadThread.run(MoMLSimpleApplication.java:402)
Caused by: java.lang.RuntimeException: REST2: The timeout period of 7000ms has been exceeded.
	at ptolemy.util.SimpleMessageHandler._error(SimpleMessageHandler.java:53)
	at ptolemy.util.MessageHandler.error(MessageHandler.java:84)
	at ptolemy.actor.lib.jjs.JavaScript.error(JavaScript.java:828)
	at ptolemy.actor.lib.jjs.RestrictedJavaScriptInterface.error(RestrictedJavaScriptInterface.java:108)
	at jdk.nashorn.internal.scripts.Script$Recompilation$12577$3477A$\^eval\_.error(<eval>:98)
	at jdk.nashorn.internal.scripts.Script$Recompilation$12540$11119$\^function\_.L:1#issueCommand#L:254(<function>:257)
	at jdk.nashorn.javaadapters.java.lang.Runnable.run(Unknown Source)
	at ptolemy.actor.lib.jjs.JavaScript.fire(JavaScript.java:1081)
	at ptolemy.domains.de.kernel.DEDirector._fire(DEDirector.java:1948)
	at ptolemy.domains.de.kernel.DEDirector.fire(DEDirector.java:502)
	at ptolemy.actor.CompositeActor.fire(CompositeActor.java:455)
	at ptolemy.actor.Manager.iterate(Manager.java:851)
	at ptolemy.actor.Manager.execute(Manager.java:369)
	at ptolemy.actor.Manager.run(Manager.java:1263)
	at ptolemy.actor.Manager$PtolemyRunThread.run(Manager.java:1915)
WARNING: REST: Model stopped before executing actions (e.g. producing outputs) scheduled for execution at times [6.0]
WARNING: REST2: Model stopped before executing actions (e.g. producing outputs) scheduled for execution at times [6.0]
HttpClientHelper.java: Received an error for request 0: io.netty.channel.AbstractChannel$AnnotatedConnectException: Connection refused: localhost/127.0.0.1:8003
io.netty.channel.AbstractChannel$AnnotatedConnectException: Connection refused: localhost/127.0.0.1:8003
	at sun.nio.ch.SocketChannelImpl.checkConnect(Native Method)
	at sun.nio.ch.SocketChannelImpl.finishConnect(SocketChannelImpl.java:717)
	at io.netty.channel.socket.nio.NioSocketChannel.doFinishConnect(NioSocketChannel.java:325)
	at io.netty.channel.nio.AbstractNioChannel$AbstractNioUnsafe.finishConnect(AbstractNioChannel.java:340)
	at io.netty.channel.nio.NioEventLoop.processSelectedKey(NioEventLoop.java:633)
	at io.netty.channel.nio.NioEventLoop.processSelectedKeysOptimized(NioEventLoop.java:580)
	at io.netty.channel.nio.NioEventLoop.processSelectedKeys(NioEventLoop.java:497)
	at io.netty.channel.nio.NioEventLoop.run(NioEventLoop.java:459)
	at io.netty.util.concurrent.SingleThreadEventExecutor$5.run(SingleThreadEventExecutor.java:886)
	at io.netty.util.concurrent.FastThreadLocalRunnable.run(FastThreadLocalRunnable.java:30)
	at java.lang.Thread.run(Thread.java:748)
Caused by: java.net.ConnectException: Connection refused
	... 11 more
WARNING: REST: Model stopped before executing actions (e.g. producing outputs) scheduled for execution at times [15.0]
WARNING: JavaScriptBarrier: Model stopped before executing actions (e.g. producing outputs) scheduled for execution at times [200.0]
java.lang.RuntimeException: Execution failed
	at ptolemy.moml.MoMLSimpleApplication$UnloadThread.run(MoMLSimpleApplication.java:402)
Caused by: java.lang.RuntimeException: REST: Connection refused: localhost/127.0.0.1:8003
	at ptolemy.util.SimpleMessageHandler._error(SimpleMessageHandler.java:53)
	at ptolemy.util.MessageHandler.error(MessageHandler.java:84)
	at ptolemy.actor.lib.jjs.JavaScript.error(JavaScript.java:828)
	at ptolemy.actor.lib.jjs.RestrictedJavaScriptInterface.error(RestrictedJavaScriptInterface.java:108)
	at jdk.nashorn.internal.scripts.Script$Recompilation$23928$3477A$\^eval\_.error(<eval>:98)
	at jdk.nashorn.internal.scripts.Script$Recompilation$23926$15986A$require.L:1#_handleError(/home/travis/build/icyphy/ptII/ptolemy/actor/lib/jjs/external/require.js#401:30<eval>:375)
	at jdk.nashorn.internal.scripts.Script$Recompilation$23925$17609AA$require.L:1#_errorResponse(/home/travis/build/icyphy/ptII/ptolemy/actor/lib/jjs/external/require.js#401:30<eval>:412)
	at jdk.nashorn.internal.runtime.ScriptFunctionData.invoke(ScriptFunctionData.java:641)
	at jdk.nashorn.internal.runtime.ScriptFunction.invoke(ScriptFunction.java:494)
	at jdk.nashorn.internal.runtime.ScriptRuntime.apply(ScriptRuntime.java:393)
	at jdk.nashorn.api.scripting.ScriptObjectMirror.callMember(ScriptObjectMirror.java:199)
	at ptolemy.actor.lib.jjs.modules.httpClient.HttpClientHelper$HttpClientExceptionHandler$1.run(HttpClientHelper.java:282)
	at ptolemy.actor.lib.jjs.JavaScript.fire(JavaScript.java:1050)
	at ptolemy.domains.de.kernel.DEDirector._fire(DEDirector.java:1948)
	at ptolemy.domains.de.kernel.DEDirector.fire(DEDirector.java:502)
	at ptolemy.actor.CompositeActor.fire(CompositeActor.java:455)
	at ptolemy.actor.Manager.iterate(Manager.java:851)
	at ptolemy.actor.Manager.execute(Manager.java:369)
	at ptolemy.actor.Manager.run(Manager.java:1263)
	at ptolemy.actor.Manager$PtolemyRunThread.run(Manager.java:1915)
WARNING: REST: Model stopped before executing actions (e.g. producing outputs) scheduled for execution at times [11.0]
WARNING: REST2: Model stopped before executing actions (e.g. producing outputs) scheduled for execution at times [11.0]
WARNING: REST2: Model stopped before executing actions (e.g. producing outputs) scheduled for execution at times [10.0]
WARNING: REST3: Model stopped before executing actions (e.g. producing outputs) scheduled for execution at times [10.0]
WARNING: REST: Model stopped before executing actions (e.g. producing outputs) scheduled for execution at times [10.0]
java.lang.RuntimeException: Execution failed
	at ptolemy.moml.MoMLSimpleApplication$UnloadThread.run(MoMLSimpleApplication.java:402)
Caused by: java.lang.RuntimeException: REST2: The timeout period of 5000ms has been exceeded.
	at ptolemy.util.SimpleMessageHandler._error(SimpleMessageHandler.java:53)
	at ptolemy.util.MessageHandler.error(MessageHandler.java:84)
	at ptolemy.actor.lib.jjs.JavaScript.error(JavaScript.java:828)
	at ptolemy.actor.lib.jjs.RestrictedJavaScriptInterface.error(RestrictedJavaScriptInterface.java:108)
	at jdk.nashorn.internal.scripts.Script$Recompilation$32308$3477A$\^eval\_.error(<eval>:98)
	at jdk.nashorn.internal.scripts.Script$Recompilation$32241$11119$\^function\_.L:1#issueCommand#L:254(<function>:257)
	at jdk.nashorn.javaadapters.java.lang.Runnable.run(Unknown Source)
	at ptolemy.actor.lib.jjs.JavaScript.fire(JavaScript.java:1081)
	at ptolemy.domains.de.kernel.DEDirector._fire(DEDirector.java:1948)
	at ptolemy.domains.de.kernel.DEDirector.fire(DEDirector.java:502)
	at ptolemy.actor.CompositeActor.fire(CompositeActor.java:455)
	at ptolemy.actor.Manager.iterate(Manager.java:851)
	at ptolemy.actor.Manager.execute(Manager.java:369)
	at ptolemy.actor.Manager.run(Manager.java:1263)
	at ptolemy.actor.Manager$PtolemyRunThread.run(Manager.java:1915)
WARNING: WebServer: Model stopped before executing actions (e.g. producing outputs) scheduled for execution at times [10.207]
WARNING: REST2: Model stopped before executing actions (e.g. producing outputs) scheduled for execution at times [5.3870000000000005]
WARNING: JavaScriptBarrier: Model stopped before executing actions (e.g. producing outputs) scheduled for execution at times [150.0]
java.lang.RuntimeException: Execution failed
	at ptolemy.moml.MoMLSimpleApplication$UnloadThread.run(MoMLSimpleApplication.java:402)
Caused by: java.lang.RuntimeException: REST2: The timeout period of 5000ms has been exceeded.
	at ptolemy.util.SimpleMessageHandler._error(SimpleMessageHandler.java:53)
	at ptolemy.util.MessageHandler.error(MessageHandler.java:84)
	at ptolemy.actor.lib.jjs.JavaScript.error(JavaScript.java:828)
	at ptolemy.actor.lib.jjs.RestrictedJavaScriptInterface.error(RestrictedJavaScriptInterface.java:108)
	at jdk.nashorn.internal.scripts.Script$Recompilation$38281$3477A$\^eval\_.error(<eval>:98)
	at jdk.nashorn.internal.scripts.Script$Recompilation$38277$11119$\^function\_.L:1#issueCommand#L:254(<function>:257)
	at jdk.nashorn.javaadapters.java.lang.Runnable.run(Unknown Source)
	at ptolemy.actor.lib.jjs.JavaScript.fire(JavaScript.java:1081)
	at ptolemy.domains.de.kernel.DEDirector._fire(DEDirector.java:1948)
	at ptolemy.domains.de.kernel.DEDirector.fire(DEDirector.java:502)
	at ptolemy.actor.CompositeActor.fire(CompositeActor.java:455)
	at ptolemy.actor.Manager.iterate(Manager.java:851)
	at ptolemy.actor.Manager.execute(Manager.java:369)
	at ptolemy.actor.Manager.run(Manager.java:1263)
	at ptolemy.actor.Manager$PtolemyRunThread.run(Manager.java:1915)
WARNING: REST: Model stopped before executing actions (e.g. producing outputs) scheduled for execution at times [11.0]
WARNING: WebServer: Model stopped before executing actions (e.g. producing outputs) scheduled for execution at times [10.057]
HttpClientHelper.java: Received an error for request 0: io.vertx.core.VertxException: Connection was closed
io.vertx.core.VertxException: Connection was closed
HttpClientHelper.java: Received an error for request 0: io.vertx.core.VertxException: Connection was closed
io.vertx.core.VertxException: Connection was closed
]]></system-err>
</testsuite>
