<?xml version="1.0" encoding="UTF-8" ?>
<testsuite errors="0" failures="0" hostname="travis-job-2bfec96f-2ce4-4f9d-a2ad-052871c64d08" name="ptolemy.domains.de.test.junit.JUnitTclTest" skipped="0" tests="101" time="125.864" timestamp="2018-05-10T15:03:08">
  <properties>
    <property name="npm.executable" value="npm" />
    <property name="file.encoding.pkg" value="sun.io" />
    <property name="ptII.mk.exists" value="true" />
    <property name="env.rvm_bin_path" value="/home/travis/.rvm/bin" />
    <property name="java.home" value="/usr/lib/jvm/java-8-oracle/jre" />
    <property name="env.TRAVIS_JOB_NUMBER" value="416.7" />
    <property name="env.DISPLAY" value=":99.0" />
    <property name="java.net.preferIPv4Stack" value="true" />
    <property name="env.SSH_TTY" value="/dev/pts/0" />
    <property name="env.RUN_TESTS" value="true" />
    <property name="timeout.short" value="1000000" />
    <property name="env.TRAVIS_STACK_NODE_ATTRIBUTES" value="/.node-attributes.yml" />
    <property name="junit.formatter" value="xml" />
    <property name="java.endorsed.dirs" value="/usr/lib/jvm/java-8-oracle/jre/lib/endorsed" />
    <property name="env.TRAVIS_SUDO" value="true" />
    <property name="env.LOGNAME" value="travis" />
    <property name="jsdoc.home" value="node_modules/@terraswarm/jsdoc" />
    <property name="debuglevel" value="source,lines,vars" />
    <property name="checkstyle.formatter" value="xml" />
    <property name="bin.vergil.makeable" value="true" />
    <property name="env._system_version" value="14.04" />
    <property name="sun.os.patch.level" value="unknown" />
    <property name="java.vendor.url" value="http://java.oracle.com/" />
    <property name="java.version" value="1.8.0_151" />
    <property name="env.TZ" value="UTC" />
    <property name="env.PT_NO_NET" value="true" />
    <property name="env.TRAVIS_PULL_REQUEST_SHA" value="" />
    <property name="env.TRAVIS_SECURE_ENV_VARS" value="true" />
    <property name="env._system_type" value="Linux" />
    <property name="java.vendor.url.bug" value="http://bugreport.sun.com/bugreport/" />
    <property name="env.SSH_CLIENT" value="10.10.4.36 52624 22" />
    <property name="env.GEM_HOME" value="/home/travis/.rvm/gems/ruby-2.4.1" />
    <property name="env.HAS_ANTARES_THREE_LITTLE_FRONZIES_BADGE" value="true" />
    <property name="env.PS4" value="+" />
    <property name="ant.project.invoked-targets" value="build,test.core2.xml" />
    <property name="env.TRAVIS_PULL_REQUEST_BRANCH" value="" />
    <property name="env.TRAVIS_REPO_SLUG" value="icyphy/ptII" />
    <property name="node.in.path" value="true" />
    <property name="java.maxmemory" value="1400m" />
    <property name="env.RUBY_VERSION" value="ruby-2.4.1" />
    <property name="user.name" value="travis" />
    <property name="env.LANG" value="en_US.UTF-8" />
    <property name="sun.io.unicode.encoding" value="UnicodeLittle" />
    <property name="sun.jnu.encoding" value="UTF-8" />
    <property name="java.runtime.name" value="Java(TM) SE Runtime Environment" />
    <property name="usefile" value="false" />
    <property name="return.code" value="0" />
    <property name="junit.single.formatter" value="plain" />
    <property name="env.DYLD_LIBRARY_PATH" value="/home/travis/pthla/certi-tools/lib:" />
    <property name="env.DEBIAN_FRONTEND" value="noninteractive" />
    <property name="env.SSH_CONNECTION" value="10.10.4.36 52624 10.20.1.3 22" />
    <property name="env.MYSQL_UNIX_PORT" value="/var/run/mysqld/mysqld.sock" />
    <property name="env.TRAVIS_ALLOW_FAILURE" value="false" />
    <property name="env.LC_ALL" value="en_US.UTF-8" />
    <property name="java.specification.name" value="Java Platform API Specification" />
    <property name="node.works" value="true" />
    <property name="user.timezone" value="" />
    <property name="path.separator" value=":" />
    <property name="env.PYTHON_CFLAGS" value="-g -fstack-protector --param=ssp-buffer-size=4 -Wformat -Werror=format-security" />
    <property name="timeout.long" value="4000000" />
    <property name="env.CERTI_HOME" value="/home/travis/pthla/certi-tools" />
    <property name="file.encoding" value="UTF-8" />
    <property name="ant.file.ptII" value="/home/travis/build/icyphy/ptII/build.xml" />
    <property name="javadoc.packagenames" value="com.*,diva.*,lbnl.*,org.hlacerti.*,org.json.*,org.ptolemy.*,org.terraswarm.*,ptolemy.*,ptserver.*" />
    <property name="env.TRAVIS_PULL_REQUEST_SLUG" value="" />
    <property name="ant.project.default-target" value="build" />
    <property name="env.GIT_ASKPASS" value="echo" />
    <property name="env.HOME" value="/home/travis" />
    <property name="sun.java.command" value="org.apache.tools.ant.taskdefs.optional.junit.JUnitTestRunner ptolemy.domains.de.test.junit.JUnitTclTest skipNonTests=false filtertrace=true haltOnError=false haltOnFailure=false formatter=org.apache.tools.ant.taskdefs.optional.junit.OutErrSummaryJUnitResultFormatter showoutput=true outputtoformatters=true logfailedtests=true threadid=0 logtestlistenerevents=false formatter=org.apache.tools.ant.taskdefs.optional.junit.XMLJUnitResultFormatter,/home/travis/build/icyphy/ptII/reports/junit/TEST-ptolemy.domains.de.test.junit.JUnitTclTest.xml crashfile=/home/travis/build/icyphy/ptII/junitvmwatcher296108762158781031.properties propsfile=/home/travis/build/icyphy/ptII/junit9129569397251828408.properties" />
    <property name="env.MANPATH" value="/home/travis/.nvm/versions/node/v7.10.1/share/man:/home/travis/.kiex/elixirs/elixir-1.4.5/man:/home/travis/.rvm/rubies/ruby-2.4.1/share/man:/usr/local/man:/usr/local/cmake-3.9.2/man:/usr/local/clang-5.0.0/share/man:/usr/local/share/man:/usr/share/man:/home/travis/.rvm/man" />
    <property name="env.COMPOSER_NO_INTERACTION" value="1" />
    <property name="env.JDK_SWITCHER_DEFAULT" value="oraclejdk8" />
    <property name="ant.file" value="/home/travis/build/icyphy/ptII/build.xml" />
    <property name="env.TRAVIS_COMMIT_RANGE" value="6115f0ac09d4...7f7223a67197" />
    <property name="env._system_name" value="Ubuntu" />
    <property name="timeout" value="2400000" />
    <property name="ptII.classpath.optional.property" value="/home/travis/build/icyphy/ptII/lib/bsh-2.0b4.jar:/home/travis/build/icyphy/ptII/lib/ptCal.jar:/home/travis/build/icyphy/ptII/lib/java_cup.jar:/home/travis/build/icyphy/ptII/lib/saxon8.jar:/home/travis/build/icyphy/ptII/lib/saxon8-dom.jar:/home/travis/build/icyphy/ptII/lib/chic.jar:/home/travis/build/icyphy/ptII/lib/ptcolt.jar:/usr/lib/jvm/java-8-oracle/lib/tools.jar:/usr/lib/eclipse/plugins/org.eclipse.jdt.core_3.8.2.dist.jar:/usr/lib/eclipse/plugins/org.eclipse.core.runtime_3.8.0.dist.jar:/usr/lib/eclipse/plugins/org.eclipse.osgi_3.8.1.dist.jar:/usr/lib/eclipse/plugins/org.eclipse.core.resources_3.8.1.dist.jar:/usr/lib/eclipse/plugins/org.eclipse.equinox.common_3.6.100.dist.jar:/usr/lib/eclipse/plugins/org.eclipse.core.jobs_3.5.200.dist.jar:/usr/lib/eclipse/plugins/org.eclipse.core.contenttype_3.4.200.dist.jar:/usr/lib/eclipse/plugins/org.eclipse.equinox.preferences_3.5.0.dist.jar:/usr/lib/eclipse/plugins/org.eclipse.text_3.5.200.dist.jar:/usr/lib/eclipse/plugins/org.eclipse.ui.workbench_3.8.1.dist.jar:/usr/lib/eclipse/plugins/org.eclipse.jface_3.8.0.dist.jar:/usr/lib/eclipse/plugins/org.eclipse.swt_3.8.2.jar:/usr/lib/eclipse/plugins/org.eclipse.jface.text_3.8.1.dist.jar:/usr/lib/eclipse/plugins/org.eclipse.ui.workbench.texteditor_3.8.0.dist.jar:/usr/lib/eclipse/plugins/org.eclipse.ui.editors_3.8.0.dist.jar:/usr/lib/eclipse/plugins/org.eclipse.core.commands_3.6.1.dist.jar:/usr/lib/eclipse/plugins/org.eclipse.equinox.registry_3.5.200.dist.jar:/usr/lib/eclipse/plugins/org.eclipse.ui.console_3.5.100.dist.jar:/usr/lib/eclipse/plugins/org.eclipse.ui.forms_3.5.200.dist.jar:/usr/lib/eclipse/plugins/org.eclipse.ui.ide_3.8.1.dist.jar:/home/travis/build/icyphy/ptII/vendors/oracle/dbxml.jar:/home/travis/build/icyphy/ptII/vendors/oracle/db.jar:/home/travis/build/icyphy/ptII/vendors/misc/itext/iText.jar:/home/travis/build/icyphy/ptII/lib/g4ltl.jar:/home/travis/build/icyphy/ptII/lib/StructuralCoder.jar:/home/travis/build/icyphy/ptII/lib/org-openide-util.jar:/home/travis/build/icyphy/ptII/lib/org-openide-util-lookup.jar:/home/travis/build/icyphy/ptII/lib/org-netbeans-api-visual.jar:/home/travis/build/icyphy/ptII/vendors/jai-1_1_2_01/lib/jai_core.jar:/home/travis/build/icyphy/ptII/vendors/jai-1_1_2_01/lib/jai_codec.jar:/home/travis/build/icyphy/ptII/lib/jcerti.jar:/home/travis/build/icyphy/ptII/lib/smack.jar:/home/travis/build/icyphy/ptII/lib/smackx.jar:/home/travis/build/icyphy/ptII/lib/jetty-all-8.1.5-v20120716.jar:/home/travis/build/icyphy/ptII/lib/javax.servlet-api-3.0.1.jar:/home/travis/build/icyphy/ptII/lib/javax.mail.jar:/home/travis/build/icyphy/ptII/vendors/JMF-2.1.1e/lib/jmf.jar:/home/travis/build/icyphy/ptII/lib/jna-4.0.0-variadic.jar:/home/travis/build/icyphy/ptII/vendors/misc/joystick/Joystick.jar:/home/travis/build/icyphy/ptII/lib/ptjacl.jar:/home/travis/build/icyphy/ptII/lib/jsoup-1.8.2.jar:/home/travis/build/icyphy/ptII/lib/junit-4.8.2.jar:/home/travis/build/icyphy/ptII/lib/JUnitParams-0.4.0.jar:/home/travis/build/icyphy/ptII/ptolemy/actor/lib/excel/jxl.jar:/home/travis/build/icyphy/ptII/lib/jython.jar:/home/travis/build/icyphy/ptII/lib/kieler.jar:/home/travis/build/icyphy/ptII/vendors/opencv/share/OpenCV/java/opencv-341.jar:/home/travis/build/icyphy/ptII/lib/oscP5.jar:/home/travis/build/icyphy/ptII/lib/nrjavaserial-3.11.0.devel.jar:/usr/share/java/j3dcore.jar:/usr/share/java/j3dutils.jar:/usr/share/java/vecmath.jar:/home/travis/build/icyphy/ptII/ptolemy/distributed/jini/jar/jini-core.jar:/home/travis/build/icyphy/ptII/ptolemy/distributed/jini/jar/jini-ext.jar:/home/travis/build/icyphy/ptII/ptolemy/distributed/jini/jar/sun-util.jar:/home/travis/build/icyphy/ptII/lib/protobuf-java-2.4.1.jar:/home/travis/build/icyphy/ptII/lib/org.eclipse.paho.client.mqttv3.jar:/home/travis/build/icyphy/ptII/ptserver/lib/hessian-4.0.7.jar:/home/travis/build/icyphy/ptII/ptserver/lib/wmqtt.jar:/home/travis/build/icyphy/ptII/lib/mapss.jar:/home/travis/build/icyphy/ptII/ptolemy/actor/ptalon/antlr/antlr.jar:/home/travis/build/icyphy/ptII/lib/JRI.jar:/home/travis/build/icyphy/ptII/lib/commons-lang-2.6.jar:/home/travis/build/icyphy/ptII/lib/commons-logging-1.1.1.jar:/home/travis/build/icyphy/ptII/lib/sootclasses.jar:/home/travis/build/icyphy/ptII/ptolemy/actor/lib/database/mysql-connector-java-5.1.6-bin.jar:/home/travis/build/icyphy/ptII/vendors/misc/sphinx4/sphinx4-data-5prealpha.jar:/home/travis/build/icyphy/ptII/vendors/misc/sphinx4/sphinx4-core-5prealpha.jar:/home/travis/build/icyphy/ptII/lib/PDFRenderer.jar:/home/travis/build/icyphy/ptII/lib/svgSalamander.jar:/home/travis/build/icyphy/ptII/lib/rsyntaxtextarea-2.6.0-SNAPSHOT.jar:/home/travis/build/icyphy/ptII/lib/hazelcast-3.8.2.jar:/home/travis/build/icyphy/ptII/lib/jackson-annotations-2.9.0.jar:/home/travis/build/icyphy/ptII/lib/jackson-core-2.9.3.jar:/home/travis/build/icyphy/ptII/lib/jackson-databind-2.9.3.jar:/home/travis/build/icyphy/ptII/lib/netty-buffer-4.1.19.Final.jar:/home/travis/build/icyphy/ptII/lib/netty-codec-4.1.19.Final.jar:/home/travis/build/icyphy/ptII/lib/netty-codec-dns-4.1.19.Final.jar:/home/travis/build/icyphy/ptII/lib/netty-codec-http-4.1.19.Final.jar:/home/travis/build/icyphy/ptII/lib/netty-codec-http2-4.1.19.Final.jar:/home/travis/build/icyphy/ptII/lib/netty-common-4.1.19.Final.jar:/home/travis/build/icyphy/ptII/lib/netty-handler-4.1.19.Final.jar:/home/travis/build/icyphy/ptII/lib/netty-resolver-4.1.19.Final.jar:/home/travis/build/icyphy/ptII/lib/netty-resolver-dns-4.1.19.Final.jar:/home/travis/build/icyphy/ptII/lib/netty-transport-4.1.19.Final.jar:/home/travis/build/icyphy/ptII/lib/vertx-codegen-3.5.1.jar:/home/travis/build/icyphy/ptII/lib/vertx-core-3.5.2-SNAPSHOT.jar:/home/travis/build/icyphy/ptII/lib/vertx-hazelcast-3.5.1.jar:/home/travis/build/icyphy/ptII/lib/vertx-lang-js-3.5.1.jar:/home/travis/build/icyphy/ptII/lib/vertx-service-proxy-3.5.1.jar:/home/travis/build/icyphy/ptII/lib/vertx-web-3.5.1.jar:/home/travis/build/icyphy/ptII/lib/slf4j-api-1.7.13.jar:/home/travis/build/icyphy/ptII/lib/slf4j-simple-1.7.13.jar:/home/travis/build/icyphy/ptII/lib/webcam-capture-0.3.12.jar:/home/travis/build/icyphy/ptII/lib/bridj-0.7.0.jar:/home/travis/build/icyphy/ptII/lib/xbjlib-1.1.0.nrjavaserial.jar" />
    <property name="test.batch" value="**/junit/*.java" />
    <property name="env._" value="/usr/bin/timeout" />
    <property name="java.io.tmpdir" value="/tmp" />
    <property name="user.language" value="en" />
    <property name="env.HISTCONTROL" value="ignoredups:ignorespace" />
    <property name="env.GOROOT" value="/home/travis/.gimme/versions/go1.7.4.linux.amd64" />
    <property name="line.separator" value="&#xa;" />
    <property name="target" value="1.8" />
    <property name="env.TRAVIS_BUILD_DIR" value="/home/travis/build/icyphy/ptII" />
    <property name="env.ANT_OPTS" value="-Xmx2048m" />
    <property name="ant.file.type" value="file" />
    <property name="ptolemy.ptII.batchMode" value="true" />
    <property name="env.HISTSIZE" value="1000" />
    <property name="env.MERB_ENV" value="test" />
    <property name="java.vm.info" value="mixed mode" />
    <property name="source" value="1.8" />
    <property name="java.vm.specification.name" value="Java Virtual Machine Specification" />
    <property name="env.TRAVIS_TEST_RESULT" value="0" />
    <property name="jsdoc.command" value="node_modules/@terraswarm/jsdoc/jsdoc.js" />
    <property name="npm.works" value="true" />
    <property name="cobertura.dir" value="/home/travis/build/icyphy/ptII/vendors/cobertura-2.0.3" />
    <property name="env.rvm_path" value="/home/travis/.rvm" />
    <property name="env.GEM_PATH" value="/home/travis/.rvm/gems/ruby-2.4.1:/home/travis/.rvm/gems/ruby-2.4.1@global" />
    <property name="env.LC_CTYPE" value="en_US.UTF-8" />
    <property name="java.awt.printerjob" value="sun.print.PSPrinterJob" />
    <property name="env.TRAVIS_STACK_NAME" value="garnet" />
    <property name="ant.version" value="Apache Ant(TM) version 1.10.1 compiled on February 2 2017" />
    <property name="ptII.reports" value="/home/travis/build/icyphy/ptII/reports" />
    <property name="env.TRAVIS_STACK_TIMESTAMP" value="2017-12-05 19:33:09 UTC" />
    <property name="ant.file.type.ptII" value="file" />
    <property name="env.RBENV_SHELL" value="bash" />
    <property name="os.name" value="Linux" />
    <property name="java.specification.vendor" value="Oracle Corporation" />
    <property name="env.rvm_version" value="1.29.3 (latest)" />
    <property name="env.TERM" value="xterm" />
    <property name="java.vm.name" value="Java HotSpot(TM) 64-Bit Server VM" />
    <property name="env.TRAVIS_BUILD_NUMBER" value="416" />
    <property name="env.CI" value="true" />
    <property name="java.library.path" value="/home/travis/pthla/certi-tools/lib:/usr/lib/jni:/usr/local/share/OpenCV/java/:/usr/share/OpenCV/java::/usr/java/packages/lib/amd64:/usr/lib64:/lib64:/lib:/usr/lib" />
    <property name="env.rvm_prefix" value="/home/travis" />
    <property name="env.PATH" value="/home/travis/pthla/certi-tools/share/scripts:/home/travis/.rvm/gems/ruby-2.4.1/bin:/home/travis/.rvm/gems/ruby-2.4.1@global/bin:/home/travis/.rvm/rubies/ruby-2.4.1/bin:/home/travis/.rvm/bin:/home/travis/.nvm/versions/node/v7.10.1/bin:./node_modules/.bin:/home/travis/build/icyphy/ptII/bin:/home/travis/pthla/certi-tools/bin:/home/travis/bin:/home/travis/.local/bin:/opt/pyenv/shims:/home/travis/.phpenv/shims:/home/travis/perl5/perlbrew/bin:/home/travis/.kiex/elixirs/elixir-1.4.5/bin:/home/travis/.kiex/bin:/home/travis/gopath/bin:/home/travis/.gimme/versions/go1.7.4.linux.amd64/bin:/usr/local/phantomjs/bin:/usr/local/phantomjs:/usr/local/neo4j-3.2.7/bin:/usr/local/maven-3.5.2/bin:/usr/local/cmake-3.9.2/bin:/usr/local/clang-5.0.0/bin:/usr/local/sbin:/usr/local/bin:/usr/sbin:/usr/bin:/sbin:/bin:/home/travis/.phpenv/bin:/opt/pyenv/bin:/home/travis/.yarn/bin" />
    <property name="env.TRAVIS_OS_NAME" value="linux" />
    <property name="ant.java.version" value="1.8" />
    <property name="basedir" value="/home/travis/build/icyphy/ptII" />
    <property name="java.class.version" value="52.0" />
    <property name="env.SHLVL" value="3" />
    <property name="env.LD_LIBRARY_PATH" value="/home/travis/pthla/certi-tools/lib:/usr/lib/jni:/usr/local/share/OpenCV/java/:/usr/share/OpenCV/java:" />
    <property name="env.RACK_ENV" value="test" />
    <property name="ant.home" value="/home/travis/build/icyphy/ptII/ant" />
    <property name="env.NVM_DIR" value="/home/travis/.nvm" />
    <property name="env.PERLBREW_BASHRC_VERSION" value="0.80" />
    <property name="env.CERTI_FOM_PATH" value="/home/travis/pthla/certi-tools/share/federations" />
    <property name="env.TRAVIS_BUILD_ID" value="377305014" />
    <property name="env.PYENV_ROOT" value="/opt/pyenv" />
    <property name="env.TRAVIS_UID" value="2000" />
    <property name="env.rvm_pretty_print_flag" value="auto" />
    <property name="env.NVM_BIN" value="/home/travis/.nvm/versions/node/v7.10.1/bin" />
    <property name="env.TRAVIS_COMMIT" value="7f7223a671976c0d47442ed481b4fd459e9d4bce" />
    <property name="env._system_arch" value="x86_64" />
    <property name="node.executable" value="node" />
    <property name="sun.boot.library.path" value="/usr/lib/jvm/java-8-oracle/jre/lib/amd64" />
    <property name="sun.management.compiler" value="HotSpot 64-Bit Tiered Compilers" />
    <property name="env.GOPATH" value="/home/travis/gopath" />
    <property name="java.awt.graphicsenv" value="sun.awt.X11GraphicsEnvironment" />
    <property name="ptolemy.ptII.dir" value="/home/travis/build/icyphy/ptII" />
    <property name="env.USER" value="travis" />
    <property name="env.HISTFILESIZE" value="2000" />
    <property name="timeout.longest" value="19000000" />
    <property name="env.TRAVIS_STACK_FEATURES" value="basic cassandra chromium couchdb disabled-ipv6 docker docker-compose elasticsearch firefox go-toolchain google-chrome jdk memcached mongodb mysql neo4j nodejs_interpreter perl_interpreter perlbrew phantomjs postgresql python_interpreter rabbitmq redis riak ruby_interpreter sqlite xserver" />
    <property name="env.TRAVIS_PULL_REQUEST" value="false" />
    <property name="env.PYENV_SHELL" value="bash" />
    <property name="ant.project.name" value="ptII" />
    <property name="java.vm.specification.version" value="1.8" />
    <property name="env.CERTI_VERSION" value="4.0.0" />
    <property name="env.NLSPATH" value="/usr/dt/lib/nls/msg/%L/%N.cat" />
    <property name="awt.toolkit" value="sun.awt.X11.XToolkit" />
    <property name="env.CERTI_HOST" value="localhost" />
    <property name="env.MY_RUBY_HOME" value="/home/travis/.rvm/rubies/ruby-2.4.1" />
    <property name="sun.cpu.isalist" value="" />
    <property name="java.ext.dirs" value="/usr/lib/jvm/java-8-oracle/jre/lib/ext:/usr/java/packages/lib/ext" />
    <property name="os.version" value="4.4.0-101-generic" />
    <property name="user.home" value="/home/travis" />
    <property name="env.MIX_ARCHIVES" value="/home/travis/.kiex/mix/elixir-1.4.5" />
    <property name="java.vm.vendor" value="Oracle Corporation" />
    <property name="env.TRAVIS_TAG" value="nightly" />
    <property name="env.TRAVIS_FILTERED" value="pty" />
    <property name="env.PTII" value="/home/travis/build/icyphy/ptII" />
    <property name="env.JAVA_HOME" value="/usr/lib/jvm/java-8-oracle" />
    <property name="javadoc.excludepackagenames" value="adm.cvs2svn.*,build.*,config.*,doc.coding.templates.*,jni.test.jni.meaningOfLife.*,jni.test.jni.testDeux.*,jni.test.jni.testTrois.*,org.terraswarm.accessor.accessors.web.node_modules.*,org.terraswarm.accessor.accessors.web.hosts.cordova.demo.*,org.terraswarm.accessor.accessors.web.hosts.cordova.plugins.*,org.terraswarm.accessor.accessors-svn.*,pt-modules.*,ptolemy.apps.agilent.*,ptolemy.apps.anytimecontrol.*,ptolemy.apps.apes.*,ptolemy.apps.charon.*,ptolemy.apps.crazyboard.*,ptolemy.apps.eclipse.*,ptolemy.apps.etherealSting.*,ptolemy.apps.fullscreen.*,ptolemy.apps.giotto.*,ptolemy.apps.ia.*,ptolemy.apps.interfaces.*,ptolemy.apps.jmf.*,ptolemy.apps.kurt.*,ptolemy.apps.kvm.*,ptolemy.apps.lego.*,ptolemy.apps.lejos.*,ptolemy.apps.midp.*,ptolemy.apps.mobileCoding.*,ptolemy.apps.pendulum.*,ptolemy.apps.rijndael.*,ptolemy.apps.robot.*,ptolemy.apps.security.*,ptolemy.apps.sobel.*,ptolemy.apps.soot.*,ptolemy.apps.throttle.*,ptolemy.apps.tini.*,ptolemy.apps.transmission.*,ptolemy.apps.vergil.*,ptolemy.apps.waba.*,ptolemy.apps.websensor.*,ptolemy.apps.webstart.*,ptolemy.apps.xsl.*,ptolemy.apps.zaurus.*,ptolemy.backtrack.eclipse.plugin.*,ptolemy.backtrack.test.*,ptolemy.codegen.c.actor.lib.oldJavaFiles.*,ptolemy.codegen.dsp.lib.*,ptolemy.codegen.kernel.newInterfaces.*,ptolemy.codegen.lib.*,ptolemy.copernicus.kernel.fragment.*,ptolemy.copernicus.shallow.cg.*,ptolemy.domains.giotto.demo.Hierarchy.Hierarchy.*,ptolemy.domains.giotto.demo.Multimode.Multimode.*,ptolemy.domains.giotto.demo.Simple.Simple.*,ptolemy.domains.gr.lib.experimental.*,ptolemy.domains.gro.*,ptolemy.domains.pdf.*,ptolemy.domains.ptinyos.demo.Surge.output.*,ptolemy.moml.test.NoPackageActor.java*,ptolemy.plot.adm.*,ptolemy.plot.servlet.*,reports.*,signed.*,src.*,target.*,vendors.*,ptolemy.copernicus.applet.*,ptolemy.media.viewer.*,ptolemy.cg.adapter.generic.program.procedural.c.mbed*,ptolemy.actor.lib.fmi.fmus.omc*,ptolemy.domains.openmodelica*,ptdb.kernel.bl.save.test.*,ptdb.kernel.bl.load.test.*,ptdb.kernel.bl.search.test.*,ptdb.kernel.bl.migration.test.*,ptdb.kernel.database.test.*,ptdb.test.*,ptdb.gui.test.*,org.ptolemy.scala.*,diva.util.java2d.svg.*,ptolemy.domains.ptinyos.*,ptolemy.actor.lib.fmi.fmipp.*,,org.terraswarm.accessor.accessors.web.node_modules.*,org.terraswarm.accessor.accessors-svn,ptolemy.actor.ptalon.demo.ptinyos.SendAndReceiveCnt.output,ptolemy.actor.ptalon.demo.ptinyos.SenseToLeds.output,ptolemy.domains.ptinyos.demo.CntToLedsAndRfm.output,ptolemy.domains.ptinyos.demo.RfmToLeds.output,ptolemy.domains.ptinyos.demo.SendAndReceiveCnt.output,ptolemy.domains.ptinyos.demo.SenseToLeds.output" />
    <property name="env.TRAVIS_COMMIT_MESSAGE" value="Added second batch of export demos." />
    <property name="keystore" value="ptKeystore" />
    <property name="env.XDG_SESSION_ID" value="2" />
    <property name="junit.output.dir" value="/home/travis/build/icyphy/ptII/reports/junit" />
    <property name="npm.return.code" value="0" />
    <property name="user.dir" value="/home/travis/build/icyphy/ptII/ptolemy/domains/de/test" />
    <property name="env.XFILESEARCHPATH" value="/usr/dt/app-defaults/%L/Dt" />
    <property name="env.TRAVIS_NODE_VERSION" value="7" />
    <property name="env.TRAVIS_EVENT_TYPE" value="push" />
    <property name="env.MAIL" value="/var/mail/travis" />
    <property name="env.PWD" value="/home/travis/build/icyphy/ptII" />
    <property name="env.PERLBREW_ROOT" value="/home/travis/perl5/perlbrew" />
    <property name="timeout.npm" value="45000" />
    <property name="env.PT_TRAVIS_TEST_CORE2_XML" value="true" />
    <property name="env.PAGER" value="cat" />
    <property name="sun.cpu.endian" value="little" />
    <property name="env.TRAVIS_BUILD_STAGE_NAME" value="Test" />
    <property name="env.PERLBREW_HOME" value="/home/travis/.perlbrew" />
    <property name="java.vm.version" value="25.151-b12" />
    <property name="env.RAILS_ENV" value="test" />
    <property name="java.class.path" value="/home/travis/build/icyphy/ptII:/home/travis/build/icyphy/ptII/lib/bsh-2.0b4.jar:/home/travis/build/icyphy/ptII/lib/ptCal.jar:/home/travis/build/icyphy/ptII/lib/java_cup.jar:/home/travis/build/icyphy/ptII/lib/saxon8.jar:/home/travis/build/icyphy/ptII/lib/saxon8-dom.jar:/home/travis/build/icyphy/ptII/lib/chic.jar:/home/travis/build/icyphy/ptII/lib/ptcolt.jar:/usr/lib/jvm/java-8-oracle/lib/tools.jar:/usr/lib/eclipse/plugins/org.eclipse.jdt.core_3.8.2.dist.jar:/usr/lib/eclipse/plugins/org.eclipse.core.runtime_3.8.0.dist.jar:/usr/lib/eclipse/plugins/org.eclipse.osgi_3.8.1.dist.jar:/usr/lib/eclipse/plugins/org.eclipse.core.resources_3.8.1.dist.jar:/usr/lib/eclipse/plugins/org.eclipse.equinox.common_3.6.100.dist.jar:/usr/lib/eclipse/plugins/org.eclipse.core.jobs_3.5.200.dist.jar:/usr/lib/eclipse/plugins/org.eclipse.core.contenttype_3.4.200.dist.jar:/usr/lib/eclipse/plugins/org.eclipse.equinox.preferences_3.5.0.dist.jar:/usr/lib/eclipse/plugins/org.eclipse.text_3.5.200.dist.jar:/usr/lib/eclipse/plugins/org.eclipse.ui.workbench_3.8.1.dist.jar:/usr/lib/eclipse/plugins/org.eclipse.jface_3.8.0.dist.jar:/usr/lib/eclipse/plugins/org.eclipse.swt_3.8.2.jar:/usr/lib/eclipse/plugins/org.eclipse.jface.text_3.8.1.dist.jar:/usr/lib/eclipse/plugins/org.eclipse.ui.workbench.texteditor_3.8.0.dist.jar:/usr/lib/eclipse/plugins/org.eclipse.ui.editors_3.8.0.dist.jar:/usr/lib/eclipse/plugins/org.eclipse.core.commands_3.6.1.dist.jar:/usr/lib/eclipse/plugins/org.eclipse.equinox.registry_3.5.200.dist.jar:/usr/lib/eclipse/plugins/org.eclipse.ui.console_3.5.100.dist.jar:/usr/lib/eclipse/plugins/org.eclipse.ui.forms_3.5.200.dist.jar:/usr/lib/eclipse/plugins/org.eclipse.ui.ide_3.8.1.dist.jar:/home/travis/build/icyphy/ptII/vendors/oracle/dbxml.jar:/home/travis/build/icyphy/ptII/vendors/oracle/db.jar:/home/travis/build/icyphy/ptII/vendors/misc/itext/iText.jar:/home/travis/build/icyphy/ptII/lib/g4ltl.jar:/home/travis/build/icyphy/ptII/lib/StructuralCoder.jar:/home/travis/build/icyphy/ptII/lib/org-openide-util.jar:/home/travis/build/icyphy/ptII/lib/org-openide-util-lookup.jar:/home/travis/build/icyphy/ptII/lib/org-netbeans-api-visual.jar:/home/travis/build/icyphy/ptII/vendors/jai-1_1_2_01/lib/jai_core.jar:/home/travis/build/icyphy/ptII/vendors/jai-1_1_2_01/lib/jai_codec.jar:/home/travis/build/icyphy/ptII/lib/jcerti.jar:/home/travis/build/icyphy/ptII/lib/smack.jar:/home/travis/build/icyphy/ptII/lib/smackx.jar:/home/travis/build/icyphy/ptII/lib/jetty-all-8.1.5-v20120716.jar:/home/travis/build/icyphy/ptII/lib/javax.servlet-api-3.0.1.jar:/home/travis/build/icyphy/ptII/lib/javax.mail.jar:/home/travis/build/icyphy/ptII/vendors/JMF-2.1.1e/lib/jmf.jar:/home/travis/build/icyphy/ptII/lib/jna-4.0.0-variadic.jar:/home/travis/build/icyphy/ptII/vendors/misc/joystick/Joystick.jar:/home/travis/build/icyphy/ptII/lib/ptjacl.jar:/home/travis/build/icyphy/ptII/lib/jsoup-1.8.2.jar:/home/travis/build/icyphy/ptII/lib/junit-4.8.2.jar:/home/travis/build/icyphy/ptII/lib/JUnitParams-0.4.0.jar:/home/travis/build/icyphy/ptII/ptolemy/actor/lib/excel/jxl.jar:/home/travis/build/icyphy/ptII/lib/jython.jar:/home/travis/build/icyphy/ptII/lib/kieler.jar:/home/travis/build/icyphy/ptII/vendors/opencv/share/OpenCV/java/opencv-341.jar:/home/travis/build/icyphy/ptII/lib/oscP5.jar:/home/travis/build/icyphy/ptII/lib/nrjavaserial-3.11.0.devel.jar:/usr/share/java/j3dcore.jar:/usr/share/java/j3dutils.jar:/usr/share/java/vecmath.jar:/home/travis/build/icyphy/ptII/ptolemy/distributed/jini/jar/jini-core.jar:/home/travis/build/icyphy/ptII/ptolemy/distributed/jini/jar/jini-ext.jar:/home/travis/build/icyphy/ptII/ptolemy/distributed/jini/jar/sun-util.jar:/home/travis/build/icyphy/ptII/lib/protobuf-java-2.4.1.jar:/home/travis/build/icyphy/ptII/lib/org.eclipse.paho.client.mqttv3.jar:/home/travis/build/icyphy/ptII/ptserver/lib/hessian-4.0.7.jar:/home/travis/build/icyphy/ptII/ptserver/lib/wmqtt.jar:/home/travis/build/icyphy/ptII/lib/mapss.jar:/home/travis/build/icyphy/ptII/ptolemy/actor/ptalon/antlr/antlr.jar:/home/travis/build/icyphy/ptII/lib/JRI.jar:/home/travis/build/icyphy/ptII/lib/commons-lang-2.6.jar:/home/travis/build/icyphy/ptII/lib/commons-logging-1.1.1.jar:/home/travis/build/icyphy/ptII/lib/sootclasses.jar:/home/travis/build/icyphy/ptII/ptolemy/actor/lib/database/mysql-connector-java-5.1.6-bin.jar:/home/travis/build/icyphy/ptII/vendors/misc/sphinx4/sphinx4-data-5prealpha.jar:/home/travis/build/icyphy/ptII/vendors/misc/sphinx4/sphinx4-core-5prealpha.jar:/home/travis/build/icyphy/ptII/lib/PDFRenderer.jar:/home/travis/build/icyphy/ptII/lib/svgSalamander.jar:/home/travis/build/icyphy/ptII/lib/rsyntaxtextarea-2.6.0-SNAPSHOT.jar:/home/travis/build/icyphy/ptII/lib/hazelcast-3.8.2.jar:/home/travis/build/icyphy/ptII/lib/jackson-annotations-2.9.0.jar:/home/travis/build/icyphy/ptII/lib/jackson-core-2.9.3.jar:/home/travis/build/icyphy/ptII/lib/jackson-databind-2.9.3.jar:/home/travis/build/icyphy/ptII/lib/netty-buffer-4.1.19.Final.jar:/home/travis/build/icyphy/ptII/lib/netty-codec-4.1.19.Final.jar:/home/travis/build/icyphy/ptII/lib/netty-codec-dns-4.1.19.Final.jar:/home/travis/build/icyphy/ptII/lib/netty-codec-http-4.1.19.Final.jar:/home/travis/build/icyphy/ptII/lib/netty-codec-http2-4.1.19.Final.jar:/home/travis/build/icyphy/ptII/lib/netty-common-4.1.19.Final.jar:/home/travis/build/icyphy/ptII/lib/netty-handler-4.1.19.Final.jar:/home/travis/build/icyphy/ptII/lib/netty-resolver-4.1.19.Final.jar:/home/travis/build/icyphy/ptII/lib/netty-resolver-dns-4.1.19.Final.jar:/home/travis/build/icyphy/ptII/lib/netty-transport-4.1.19.Final.jar:/home/travis/build/icyphy/ptII/lib/vertx-codegen-3.5.1.jar:/home/travis/build/icyphy/ptII/lib/vertx-core-3.5.2-SNAPSHOT.jar:/home/travis/build/icyphy/ptII/lib/vertx-hazelcast-3.5.1.jar:/home/travis/build/icyphy/ptII/lib/vertx-lang-js-3.5.1.jar:/home/travis/build/icyphy/ptII/lib/vertx-service-proxy-3.5.1.jar:/home/travis/build/icyphy/ptII/lib/vertx-web-3.5.1.jar:/home/travis/build/icyphy/ptII/lib/slf4j-api-1.7.13.jar:/home/travis/build/icyphy/ptII/lib/slf4j-simple-1.7.13.jar:/home/travis/build/icyphy/ptII/lib/webcam-capture-0.3.12.jar:/home/travis/build/icyphy/ptII/lib/bridj-0.7.0.jar:/home/travis/build/icyphy/ptII/lib/xbjlib-1.1.0.nrjavaserial.jar:/home/travis/build/icyphy/ptII/ptolemy/moml/test:/home/travis/build/icyphy/ptII/ant/lib/ant-launcher.jar:/home/travis/build/icyphy/ptII/ant/lib/ant.jar:/home/travis/build/icyphy/ptII/ant/lib/ant-junit.jar:/home/travis/build/icyphy/ptII/ant/lib/ant-junit4.jar" />
    <property name="ant.library.dir" value="/home/travis/build/icyphy/ptII/ant/lib" />
    <property name="os.arch" value="amd64" />
    <property name="env.TRAVIS_LANGUAGE" value="node_js" />
    <property name="env.CONTINUOUS_INTEGRATION" value="true" />
    <property name="env.TRAVIS_STACK_LANGUAGES" value="__garnet__ c c++ clojure cplusplus cpp default go groovy java node_js php pure_java python ruby scala" />
    <property name="test.name" value="ptolemy.actor.lib.test.junit.JUnitTclTest" />
    <property name="sun.java.launcher" value="SUN_STANDARD" />
    <property name="env.PYTHON_CONFIGURE_OPTS" value="--enable-unicode=ucs4 --with-wide-unicode --enable-shared --enable-ipv6 --enable-loadable-sqlite-extensions --with-computed-gotos" />
    <property name="ant.core.lib" value="/home/travis/build/icyphy/ptII/ant/lib/ant.jar" />
    <property name="java.vm.specification.vendor" value="Oracle Corporation" />
    <property name="env.BCVTB_HOME" value="/home/travis/build/icyphy/ptII/lbnl" />
    <property name="file.separator" value="/" />
    <property name="spotbugs.home" value="/home/travis/build/icyphy/ptII/vendors/spotbugs-3.1.1" />
    <property name="java.runtime.version" value="1.8.0_151-b12" />
    <property name="sun.boot.class.path" value="/usr/lib/jvm/java-8-oracle/jre/lib/resources.jar:/usr/lib/jvm/java-8-oracle/jre/lib/rt.jar:/usr/lib/jvm/java-8-oracle/jre/lib/sunrsasign.jar:/usr/lib/jvm/java-8-oracle/jre/lib/jsse.jar:/usr/lib/jvm/java-8-oracle/jre/lib/jce.jar:/usr/lib/jvm/java-8-oracle/jre/lib/charsets.jar:/usr/lib/jvm/java-8-oracle/jre/lib/jfr.jar:/usr/lib/jvm/java-8-oracle/jre/classes" />
    <property name="env.HAS_JOSH_K_SEAL_OF_APPROVAL" value="true" />
    <property name="env.TRAVIS_OSX_IMAGE" value="" />
    <property name="env.XDG_RUNTIME_DIR" value="/run/user/2000" />
    <property name="env.TRAVIS_BRANCH" value="master" />
    <property name="env.TRAVIS_JOB_ID" value="377305021" />
    <property name="user.country" value="US" />
    <property name="env.CERTI_HOME_TRAVIS" value="/home/travis/pthla/certi-tools" />
    <property name="env.SHELL" value="/bin/bash" />
    <property name="java.maxmemory.large" value="5000m" />
    <property name="model" value="" />
    <property name="env.CASHER_DIR" value="/home/travis/.casher" />
    <property name="env.NVM_CD_FLAGS" value="" />
    <property name="jshint.executable" value="/home/travis/node_modules/jshint/bin/jshint" />
    <property name="java.vendor" value="Oracle Corporation" />
    <property name="env.JRUBY_OPTS" value=" --client -J-XX:+TieredCompilation -J-XX:TieredStopAtLevel=1 -J-Xss2m -Xcompile.invokedynamic=false" />
    <property name="env.TRAVIS_PRE_CHEF_BOOTSTRAP_TIME" value="2017-12-05T19:32:55" />
    <property name="env.ELIXIR_VERSION" value="1.4.5" />
    <property name="env.TRAVIS_STACK_JOB_BOARD_REGISTER" value="/.job-board-register.yml" />
    <property name="java.specification.version" value="1.8" />
    <property name="env.IRBRC" value="/home/travis/.rvm/rubies/ruby-2.4.1/.irbrc" />
    <property name="env.TRAVIS" value="true" />
    <property name="sun.arch.data.model" value="64" />
  </properties>
  <testcase classname="ptolemy.util.test.junit.TclTests" name="[0] /home/travis/build/icyphy/ptII/ptolemy/domains/de/test/DependencyLoop.tcl (RunTclFile)" time="0.704" />
  <testcase classname="ptolemy.util.test.junit.TclTests" name="[1] /home/travis/build/icyphy/ptII/ptolemy/domains/de/test/RunDETestsAsQSS.tcl (RunTclFile)" time="86.437" />
  <testcase classname="ptolemy.util.test.junit.AutoKnownFailedTests" name="[0] /home/travis/build/icyphy/ptII/ptolemy/domains/de/test/auto/knownFailedTests/DESDFClockTest.xml (RunModel)" time="2.023" />
  <testcase classname="ptolemy.util.test.junit.AutoKnownFailedTests" name="[1] /home/travis/build/icyphy/ptII/ptolemy/domains/de/test/auto/knownFailedTests/DirectFeedback.xml (RunModel)" time="0.013" />
  <testcase classname="ptolemy.util.test.junit.AutoKnownFailedTests" name="[2] /home/travis/build/icyphy/ptII/ptolemy/domains/de/test/auto/knownFailedTests/FSMSource.xml (RunModel)" time="0.022" />
  <testcase classname="ptolemy.util.test.junit.AutoKnownFailedTests" name="[3] /home/travis/build/icyphy/ptII/ptolemy/domains/de/test/auto/knownFailedTests/HierarchicalModel.xml (RunModel)" time="0.028" />
  <testcase classname="ptolemy.util.test.junit.AutoKnownFailedTests" name="[4] /home/travis/build/icyphy/ptII/ptolemy/domains/de/test/auto/knownFailedTests/dependencyLoop.xml (RunModel)" time="0.024" />
  <testcase classname="ptolemy.util.test.junit.AutoKnownFailedTests" name="[5] /home/travis/build/icyphy/ptII/ptolemy/domains/de/test/auto/knownFailedTests/dependencyLoop2.xml (RunModel)" time="0.04" />
  <testcase classname="ptolemy.util.test.junit.AutoNameArchTests" name="[0] ThereAreNoAutoTests (RunModel)" time="0.001" />
  <testcase classname="ptolemy.util.test.junit.AutoTests" name="[0] /home/travis/build/icyphy/ptII/ptolemy/domains/de/test/auto/ActorDepthCalculation_actorWithoutPorts.xml (RunModel)" time="0.015" />
  <testcase classname="ptolemy.util.test.junit.AutoTests" name="[1] /home/travis/build/icyphy/ptII/ptolemy/domains/de/test/auto/AssemblyLine.xml (RunModel)" time="0.015" />
  <testcase classname="ptolemy.util.test.junit.AutoTests" name="[2] /home/travis/build/icyphy/ptII/ptolemy/domains/de/test/auto/CQBug1.xml (RunModel)" time="0.014" />
  <testcase classname="ptolemy.util.test.junit.AutoTests" name="[3] /home/travis/build/icyphy/ptII/ptolemy/domains/de/test/auto/CancelFireAt.xml (RunModel)" time="0.013" />
  <testcase classname="ptolemy.util.test.junit.AutoTests" name="[4] /home/travis/build/icyphy/ptII/ptolemy/domains/de/test/auto/CausalityAndComposabilityAnalysis.xml (RunModel)" time="0.011" />
  <testcase classname="ptolemy.util.test.junit.AutoTests" name="[5] /home/travis/build/icyphy/ptII/ptolemy/domains/de/test/auto/CausalityInterface1.xml (RunModel)" time="0.015" />
  <testcase classname="ptolemy.util.test.junit.AutoTests" name="[6] /home/travis/build/icyphy/ptII/ptolemy/domains/de/test/auto/CausalityInterface15.xml (RunModel)" time="0.01" />
  <testcase classname="ptolemy.util.test.junit.AutoTests" name="[7] /home/travis/build/icyphy/ptII/ptolemy/domains/de/test/auto/CausalityInterface2.xml (RunModel)" time="0.008" />
  <testcase classname="ptolemy.util.test.junit.AutoTests" name="[8] /home/travis/build/icyphy/ptII/ptolemy/domains/de/test/auto/CausalityInterface3.xml (RunModel)" time="0.012" />
  <testcase classname="ptolemy.util.test.junit.AutoTests" name="[9] /home/travis/build/icyphy/ptII/ptolemy/domains/de/test/auto/ClockDrift.xml (RunModel)" time="0.025" />
  <testcase classname="ptolemy.util.test.junit.AutoTests" name="[10] /home/travis/build/icyphy/ptII/ptolemy/domains/de/test/auto/ClockDriftAndValueChange.xml (RunModel)" time="0.023" />
  <testcase classname="ptolemy.util.test.junit.AutoTests" name="[11] /home/travis/build/icyphy/ptII/ptolemy/domains/de/test/auto/ClockDriftChange.xml (RunModel)" time="0.019" />
  <testcase classname="ptolemy.util.test.junit.AutoTests" name="[12] /home/travis/build/icyphy/ptII/ptolemy/domains/de/test/auto/ComposableCausalityAnalysis.xml (RunModel)" time="0.021" />
  <testcase classname="ptolemy.util.test.junit.AutoTests" name="[13] /home/travis/build/icyphy/ptII/ptolemy/domains/de/test/auto/DEFixedPointLimitation.xml (RunModel)" time="0.007" />
  <testcase classname="ptolemy.util.test.junit.AutoTests" name="[14] /home/travis/build/icyphy/ptII/ptolemy/domains/de/test/auto/DEScheduleTest.xml (RunModel)" time="0.008" />
  <testcase classname="ptolemy.util.test.junit.AutoTests" name="[15] /home/travis/build/icyphy/ptII/ptolemy/domains/de/test/auto/DEinDEwithStartTimes.xml (RunModel)" time="0.01" />
  <testcase classname="ptolemy.util.test.junit.AutoTests" name="[16] /home/travis/build/icyphy/ptII/ptolemy/domains/de/test/auto/DEinDEwithStartTimes2.xml (RunModel)" time="0.012" />
  <testcase classname="ptolemy.util.test.junit.AutoTests" name="[17] /home/travis/build/icyphy/ptII/ptolemy/domains/de/test/auto/DateDemo.xml (RunModel)" time="0.025" />
  <testcase classname="ptolemy.util.test.junit.AutoTests" name="[18] /home/travis/build/icyphy/ptII/ptolemy/domains/de/test/auto/DateToEvent.xml (RunModel)" time="2.031" />
  <testcase classname="ptolemy.util.test.junit.AutoTests" name="[19] /home/travis/build/icyphy/ptII/ptolemy/domains/de/test/auto/DepthTest1.xml (RunModel)" time="0.007" />
  <testcase classname="ptolemy.util.test.junit.AutoTests" name="[20] /home/travis/build/icyphy/ptII/ptolemy/domains/de/test/auto/DepthTest2.xml (RunModel)" time="0.014" />
  <testcase classname="ptolemy.util.test.junit.AutoTests" name="[21] /home/travis/build/icyphy/ptII/ptolemy/domains/de/test/auto/DepthTest3.xml (RunModel)" time="0.006" />
  <testcase classname="ptolemy.util.test.junit.AutoTests" name="[22] /home/travis/build/icyphy/ptII/ptolemy/domains/de/test/auto/DepthTest4.xml (RunModel)" time="0.01" />
  <testcase classname="ptolemy.util.test.junit.AutoTests" name="[23] /home/travis/build/icyphy/ptII/ptolemy/domains/de/test/auto/DepthTest5.xml (RunModel)" time="0.012" />
  <testcase classname="ptolemy.util.test.junit.AutoTests" name="[24] /home/travis/build/icyphy/ptII/ptolemy/domains/de/test/auto/DepthTest6.xml (RunModel)" time="0.011" />
  <testcase classname="ptolemy.util.test.junit.AutoTests" name="[25] /home/travis/build/icyphy/ptII/ptolemy/domains/de/test/auto/DepthTest7.xml (RunModel)" time="0.011" />
  <testcase classname="ptolemy.util.test.junit.AutoTests" name="[26] /home/travis/build/icyphy/ptII/ptolemy/domains/de/test/auto/EventToDate.xml (RunModel)" time="3.031" />
  <testcase classname="ptolemy.util.test.junit.AutoTests" name="[27] /home/travis/build/icyphy/ptII/ptolemy/domains/de/test/auto/FSM1.xml (RunModel)" time="0.029" />
  <testcase classname="ptolemy.util.test.junit.AutoTests" name="[28] /home/travis/build/icyphy/ptII/ptolemy/domains/de/test/auto/FSM7.xml (RunModel)" time="0.04" />
  <testcase classname="ptolemy.util.test.junit.AutoTests" name="[29] /home/travis/build/icyphy/ptII/ptolemy/domains/de/test/auto/Inspection.xml (RunModel)" time="0.041" />
  <testcase classname="ptolemy.util.test.junit.AutoTests" name="[30] /home/travis/build/icyphy/ptII/ptolemy/domains/de/test/auto/Iteration.xml (RunModel)" time="0.026" />
  <testcase classname="ptolemy.util.test.junit.AutoTests" name="[31] /home/travis/build/icyphy/ptII/ptolemy/domains/de/test/auto/LineFault.xml (RunModel)" time="0.5" />
  <testcase classname="ptolemy.util.test.junit.AutoTests" name="[32] /home/travis/build/icyphy/ptII/ptolemy/domains/de/test/auto/MergeModel1Add.xml (RunModel)" time="0.039" />
  <testcase classname="ptolemy.util.test.junit.AutoTests" name="[33] /home/travis/build/icyphy/ptII/ptolemy/domains/de/test/auto/MergeModel2Add.xml (RunModel)" time="0.033" />
  <testcase classname="ptolemy.util.test.junit.AutoTests" name="[34] /home/travis/build/icyphy/ptII/ptolemy/domains/de/test/auto/MergeModel3Add.xml (RunModel)" time="0.037" />
  <testcase classname="ptolemy.util.test.junit.AutoTests" name="[35] /home/travis/build/icyphy/ptII/ptolemy/domains/de/test/auto/MergeWithoutDiscard.xml (RunModel)" time="0.012" />
  <testcase classname="ptolemy.util.test.junit.AutoTests" name="[36] /home/travis/build/icyphy/ptII/ptolemy/domains/de/test/auto/Modal1.xml (RunModel)" time="0.023" />
  <testcase classname="ptolemy.util.test.junit.AutoTests" name="[37] /home/travis/build/icyphy/ptII/ptolemy/domains/de/test/auto/Modal2.xml (RunModel)" time="0.031" />
  <testcase classname="ptolemy.util.test.junit.AutoTests" name="[38] /home/travis/build/icyphy/ptII/ptolemy/domains/de/test/auto/Modal3.xml (RunModel)" time="0.026" />
  <testcase classname="ptolemy.util.test.junit.AutoTests" name="[39] /home/travis/build/icyphy/ptII/ptolemy/domains/de/test/auto/Modal4.xml (RunModel)" time="0.03" />
  <testcase classname="ptolemy.util.test.junit.AutoTests" name="[40] /home/travis/build/icyphy/ptII/ptolemy/domains/de/test/auto/Modal5.xml (RunModel)" time="0.027" />
  <testcase classname="ptolemy.util.test.junit.AutoTests" name="[41] /home/travis/build/icyphy/ptII/ptolemy/domains/de/test/auto/Modal6.xml (RunModel)" time="0.024" />
  <testcase classname="ptolemy.util.test.junit.AutoTests" name="[42] /home/travis/build/icyphy/ptII/ptolemy/domains/de/test/auto/Modal7.xml (RunModel)" time="0.025" />
  <testcase classname="ptolemy.util.test.junit.AutoTests" name="[43] /home/travis/build/icyphy/ptII/ptolemy/domains/de/test/auto/ModalModel.xml (RunModel)" time="0.132" />
  <testcase classname="ptolemy.util.test.junit.AutoTests" name="[44] /home/travis/build/icyphy/ptII/ptolemy/domains/de/test/auto/ModalSource.xml (RunModel)" time="0.017" />
  <testcase classname="ptolemy.util.test.junit.AutoTests" name="[45] /home/travis/build/icyphy/ptII/ptolemy/domains/de/test/auto/NonInterruptibleTimerZeroDelay.xml (RunModel)" time="0.009" />
  <testcase classname="ptolemy.util.test.junit.AutoTests" name="[46] /home/travis/build/icyphy/ptII/ptolemy/domains/de/test/auto/OpenQueueingNetwork.xml (RunModel)" time="2.119" />
  <testcase classname="ptolemy.util.test.junit.AutoTests" name="[47] /home/travis/build/icyphy/ptII/ptolemy/domains/de/test/auto/OpenQueuingNetwork.xml (RunModel)" time="0.251" />
  <testcase classname="ptolemy.util.test.junit.AutoTests" name="[48] /home/travis/build/icyphy/ptII/ptolemy/domains/de/test/auto/PeriodicSampler.xml (RunModel)" time="0.006" />
  <testcase classname="ptolemy.util.test.junit.AutoTests" name="[49] /home/travis/build/icyphy/ptII/ptolemy/domains/de/test/auto/PersistentIO.xml (RunModel)" time="0.021" />
  <testcase classname="ptolemy.util.test.junit.AutoTests" name="[50] /home/travis/build/icyphy/ptII/ptolemy/domains/de/test/auto/PortParameterResetOnInitialize.xml (RunModel)" time="0.009" />
  <testcase classname="ptolemy.util.test.junit.AutoTests" name="[51] /home/travis/build/icyphy/ptII/ptolemy/domains/de/test/auto/PortParameterUpdates.xml (RunModel)" time="0.013" />
  <testcase classname="ptolemy.util.test.junit.AutoTests" name="[52] /home/travis/build/icyphy/ptII/ptolemy/domains/de/test/auto/QueueAndServer.xml (RunModel)" time="0.018" />
  <testcase classname="ptolemy.util.test.junit.AutoTests" name="[53] /home/travis/build/icyphy/ptII/ptolemy/domains/de/test/auto/Records.xml (RunModel)" time="0.012" />
  <testcase classname="ptolemy.util.test.junit.AutoTests" name="[54] /home/travis/build/icyphy/ptII/ptolemy/domains/de/test/auto/ResetTransitionWithStartTime1.xml (RunModel)" time="0.018" />
  <testcase classname="ptolemy.util.test.junit.AutoTests" name="[55] /home/travis/build/icyphy/ptII/ptolemy/domains/de/test/auto/ResetTransitionWithStartTime2.xml (RunModel)" time="0.016" />
  <testcase classname="ptolemy.util.test.junit.AutoTests" name="[56] /home/travis/build/icyphy/ptII/ptolemy/domains/de/test/auto/ResetTransitionWithStartTime3.xml (RunModel)" time="0.016" />
  <testcase classname="ptolemy.util.test.junit.AutoTests" name="[57] /home/travis/build/icyphy/ptII/ptolemy/domains/de/test/auto/ResetTransitionWithStartTime4.xml (RunModel)" time="0.021" />
  <testcase classname="ptolemy.util.test.junit.AutoTests" name="[58] /home/travis/build/icyphy/ptII/ptolemy/domains/de/test/auto/ResettableTimer1.xml (RunModel)" time="0.01" />
  <testcase classname="ptolemy.util.test.junit.AutoTests" name="[59] /home/travis/build/icyphy/ptII/ptolemy/domains/de/test/auto/ResettableTimer2.xml (RunModel)" time="0.01" />
  <testcase classname="ptolemy.util.test.junit.AutoTests" name="[60] /home/travis/build/icyphy/ptII/ptolemy/domains/de/test/auto/ResettableTimer3.xml (RunModel)" time="0.009" />
  <testcase classname="ptolemy.util.test.junit.AutoTests" name="[61] /home/travis/build/icyphy/ptII/ptolemy/domains/de/test/auto/ResettableTimer4.xml (RunModel)" time="0.008" />
  <testcase classname="ptolemy.util.test.junit.AutoTests" name="[62] /home/travis/build/icyphy/ptII/ptolemy/domains/de/test/auto/ResettableTimer5.xml (RunModel)" time="0.009" />
  <testcase classname="ptolemy.util.test.junit.AutoTests" name="[63] /home/travis/build/icyphy/ptII/ptolemy/domains/de/test/auto/ResettableTimer6.xml (RunModel)" time="0.01" />
  <testcase classname="ptolemy.util.test.junit.AutoTests" name="[64] /home/travis/build/icyphy/ptII/ptolemy/domains/de/test/auto/ServerZeroDelay.xml (RunModel)" time="0.008" />
  <testcase classname="ptolemy.util.test.junit.AutoTests" name="[65] /home/travis/build/icyphy/ptII/ptolemy/domains/de/test/auto/SmartSender.xml (RunModel)" time="3.007" />
  <testcase classname="ptolemy.util.test.junit.AutoTests" name="[66] /home/travis/build/icyphy/ptII/ptolemy/domains/de/test/auto/ThreadedComposite.xml (RunModel)" time="0.207" />
  <testcase classname="ptolemy.util.test.junit.AutoTests" name="[67] /home/travis/build/icyphy/ptII/ptolemy/domains/de/test/auto/Time.xml (RunModel)" time="0.428" />
  <testcase classname="ptolemy.util.test.junit.AutoTests" name="[68] /home/travis/build/icyphy/ptII/ptolemy/domains/de/test/auto/TimeDelayZeroDelay.xml (RunModel)" time="0.01" />
  <testcase classname="ptolemy.util.test.junit.AutoTests" name="[69] /home/travis/build/icyphy/ptII/ptolemy/domains/de/test/auto/TimerZeroDelay.xml (RunModel)" time="0.009" />
  <testcase classname="ptolemy.util.test.junit.AutoTests" name="[70] /home/travis/build/icyphy/ptII/ptolemy/domains/de/test/auto/TimingParadox.xml (RunModel)" time="0.34" />
  <testcase classname="ptolemy.util.test.junit.AutoTests" name="[71] /home/travis/build/icyphy/ptII/ptolemy/domains/de/test/auto/TransferInputs.xml (RunModel)" time="0.008" />
  <testcase classname="ptolemy.util.test.junit.AutoTests" name="[72] /home/travis/build/icyphy/ptII/ptolemy/domains/de/test/auto/TransferOutputs2.xml (RunModel)" time="0.017" />
  <testcase classname="ptolemy.util.test.junit.AutoTests" name="[73] /home/travis/build/icyphy/ptII/ptolemy/domains/de/test/auto/Trilateration.xml (RunModel)" time="11.036" />
  <testcase classname="ptolemy.util.test.junit.AutoTests" name="[74] /home/travis/build/icyphy/ptII/ptolemy/domains/de/test/auto/TwoSigmaDelta.xml (RunModel)" time="1.944" />
  <testcase classname="ptolemy.util.test.junit.AutoTests" name="[75] /home/travis/build/icyphy/ptII/ptolemy/domains/de/test/auto/VariableDelay.xml (RunModel)" time="0.01" />
  <testcase classname="ptolemy.util.test.junit.AutoTests" name="[76] /home/travis/build/icyphy/ptII/ptolemy/domains/de/test/auto/VariableDelay2.xml (RunModel)" time="0.009" />
  <testcase classname="ptolemy.util.test.junit.AutoTests" name="[77] /home/travis/build/icyphy/ptII/ptolemy/domains/de/test/auto/VariableDelayZeroDelay.xml (RunModel)" time="0.009" />
  <testcase classname="ptolemy.util.test.junit.AutoTests" name="[78] /home/travis/build/icyphy/ptII/ptolemy/domains/de/test/auto/VariableDelayZeroDelay2.xml (RunModel)" time="0.009" />
  <testcase classname="ptolemy.util.test.junit.AutoTests" name="[79] /home/travis/build/icyphy/ptII/ptolemy/domains/de/test/auto/deInCt.xml (RunModel)" time="0.017" />
  <testcase classname="ptolemy.util.test.junit.AutoTests" name="[80] /home/travis/build/icyphy/ptII/ptolemy/domains/de/test/auto/deInCt2.xml (RunModel)" time="0.019" />
  <testcase classname="ptolemy.util.test.junit.AutoTests" name="[81] /home/travis/build/icyphy/ptII/ptolemy/domains/de/test/auto/dynamicCausalityInterface1.xml (RunModel)" time="0.018" />
  <testcase classname="ptolemy.util.test.junit.AutoTests" name="[82] /home/travis/build/icyphy/ptII/ptolemy/domains/de/test/auto/fsm_de_test.xml (RunModel)" time="0.028" />
  <testcase classname="ptolemy.util.test.junit.AutoTests" name="[83] /home/travis/build/icyphy/ptII/ptolemy/domains/de/test/auto/functionDependencyReconstruction.xml (RunModel)" time="0.037" />
  <testcase classname="ptolemy.util.test.junit.AutoTests" name="[84] /home/travis/build/icyphy/ptII/ptolemy/domains/de/test/auto/multirate.xml (RunModel)" time="0.015" />
  <testcase classname="ptolemy.util.test.junit.AutoTests" name="[85] /home/travis/build/icyphy/ptII/ptolemy/domains/de/test/auto/multirate2.xml (RunModel)" time="0.018" />
  <testcase classname="ptolemy.util.test.junit.AutoTests" name="[86] /home/travis/build/icyphy/ptII/ptolemy/domains/de/test/auto/realtime.xml (RunModel)" time="10.01" />
  <testcase classname="ptolemy.util.test.junit.AutoTests" name="[87] /home/travis/build/icyphy/ptII/ptolemy/domains/de/test/auto/relationGroup.xml (RunModel)" time="0.006" />
  <testcase classname="ptolemy.util.test.junit.AutoTests" name="[88] /home/travis/build/icyphy/ptII/ptolemy/domains/de/test/auto/relationGroup2.xml (RunModel)" time="0.006" />
  <testcase classname="ptolemy.util.test.junit.AutoTests" name="[89] /home/travis/build/icyphy/ptII/ptolemy/domains/de/test/auto/sortWithOpaquePorts.xml (RunModel)" time="0.015" />
  <testcase classname="ptolemy.util.test.junit.AutoTests" name="[90] /home/travis/build/icyphy/ptII/ptolemy/domains/de/test/auto/transferInputsandOutputs.xml (RunModel)" time="0.024" />
  <testcase classname="ptolemy.util.test.junit.AutoTests" name="[91] /home/travis/build/icyphy/ptII/ptolemy/domains/de/test/auto/triggerType.xml (RunModel)" time="0.008" />
  <system-out><![CDATA[/home/travis/build/icyphy/ptII/ptolemy/domains/de/test/DependencyLoop.tcl
testDefs.tcl: setting time out to 9000 seconds at Thu May 10 15:03:08 UTC 2018
13 ms. Memory: 116224K Free: 95065K (82%)
6 ms. Memory: 146944K Free: 138642K (94%)
/home/travis/build/icyphy/ptII/ptolemy/domains/de/test/RunDETestsAsQSS.tcl
Run the DE tests using ptolemy.domains.qss.test.QSSDirectorTest, which extends QSSDirector and prints a message in the constructors.
------------------ testing $PTII/ptolemy/domains/de/test/auto/knownFailedTests/dependencyLoop.xml (Known Failure) 
14 ms. Memory: 146944K Free: 134369K (91%)


==== $PTIIhome/travis/build/icyphy/ptII/ptolemy/domains/de/test/../../../../: Auto Automatic test in file $PTII/ptolemy/domains/de/test/auto/knownFailedTests/dependencyLoop.xml
==== Contents of test case:

	    # FIXME: we should use $relativeFilename here, but it
	    # might have backslashes under Windows, which causes no end
	    # of trouble.
	    createAndExecute $file
	    list {}
	
.... Test generated KNOWN error:
    while executing
ptolemy.kernel.util.IllegalActionException: Found a zero delay loop containing .dependencyLoop.original
  in .dependencyLoop and .dependencyLoop.original
	at ptolemy.actor.util.CausalityInterfaceForComposites._computeOutputPortDepth(CausalityInterfaceForComposites.java:759)
	at ptolemy.actor.util.CausalityInterfaceForComposites._computeInputDepth(CausalityInterfaceForComposites.java:696)
	at ptolemy.actor.util.CausalityInterfaceForComposites._computeOutputPortDepth(CausalityInterfaceForComposites.java:765)
	at ptolemy.actor.util.CausalityInterfaceForComposites._computeInputDepth(CausalityInterfaceForComposites.java:696)
	at ptolemy.actor.util.CausalityInterfaceForComposites._computeOutputPortDepth(CausalityInterfaceForComposites.java:765)
	at ptolemy.actor.util.CausalityInterfaceForComposites._computeInputDepth(CausalityInterfaceForComposites.java:696)
	at ptolemy.actor.util.CausalityInterfaceForComposites._computeActorDepth(CausalityInterfaceForComposites.java:532)
	at ptolemy.actor.util.CausalityInterfaceForComposites.checkForCycles(CausalityInterfaceForComposites.java:96)
	at ptolemy.domains.de.kernel.DEDirector.preinitialize(DEDirector.java:1337)
	at ptolemy.actor.CompositeActor.preinitialize(CompositeActor.java:1828)
	at ptolemy.actor.Manager.preinitializeAndResolveTypes(Manager.java:1040)
	at ptolemy.actor.Manager.initialize(Manager.java:710)
	at ptolemy.actor.Manager.execute(Manager.java:356)
	at ptolemy.actor.Manager.run(Manager.java:1263)
	at ptolemy.actor.Manager$PtolemyRunThread.run(Manager.java:1915)

    while executing
ptolemy.kernel.util.IllegalActionException: Found a zero delay loop containing .dependencyLoop.original
  in .dependencyLoop and .dependencyLoop.original
    while executing
"java::new ptolemy.moml.MoMLSimpleApplication $file
"
    (procedure "createAndExecute" line 2)
    invoked from within
"createAndExecute $file"
    ("uplevel" body line 5)
    invoked from within
"uplevel $contents_of_test"
------------------ testing $PTII/ptolemy/domains/de/test/auto/knownFailedTests/DESDFClockTest.xml (Known Failure) 
2136 ms. Memory: 146944K Free: 118316K (81%)


==== $PTIIhome/travis/build/icyphy/ptII/ptolemy/domains/de/test/../../../../: Auto Automatic test in file $PTII/ptolemy/domains/de/test/auto/knownFailedTests/DESDFClockTest.xml
==== Contents of test case:

	    # FIXME: we should use $relativeFilename here, but it
	    # might have backslashes under Windows, which causes no end
	    # of trouble.
	    createAndExecute $file
	    list {}
	
.... Test generated KNOWN error:
    while executing
ptolemy.kernel.util.IllegalActionException: Actor is not ready to fire.  Perhaps UpSample.prefire() returned false? Try debugging the actor by selecting "Listen to Actor".  Also, for SDF check moml for tokenConsumptionRate on input.
  in .DESDFClockTest.Play Bell.Copy1:SDF Director and .DESDFClockTest.Play Bell.UpSample
	at ptolemy.actor.sched.StaticSchedulingDirector.fire(StaticSchedulingDirector.java:227)
	at ptolemy.domains.sdf.kernel.SDFDirector.fire(SDFDirector.java:500)
	at ptolemy.actor.CompositeActor.fire(CompositeActor.java:455)
	at ptolemy.domains.de.kernel.DEDirector._fire(DEDirector.java:1948)
	at ptolemy.domains.de.kernel.DEDirector.fire(DEDirector.java:502)
	at ptolemy.actor.CompositeActor.fire(CompositeActor.java:455)
	at ptolemy.actor.Manager.iterate(Manager.java:851)
	at ptolemy.actor.Manager.execute(Manager.java:369)
	at ptolemy.actor.Manager.run(Manager.java:1263)
	at ptolemy.actor.Manager$PtolemyRunThread.run(Manager.java:1915)

    while executing
ptolemy.kernel.util.IllegalActionException: Actor is not ready to fire.  Perhaps UpSample.prefire() returned false? Try debugging the actor by selecting "Listen to Actor".  Also, for SDF check moml for tokenConsumptionRate on input.
  in .DESDFClockTest.Play Bell.Copy1:SDF Director and .DESDFClockTest.Play Bell.UpSample
    while executing
"java::new ptolemy.moml.MoMLSimpleApplication $file
"
    (procedure "createAndExecute" line 2)
    invoked from within
"createAndExecute $file"
    ("uplevel" body line 5)
    invoked from within
"uplevel $contents_of_test"
------------------ testing $PTII/ptolemy/domains/de/test/auto/knownFailedTests/FSMSource.xml (Known Failure) 
54 ms. Memory: 146944K Free: 109350K (74%)
!!!! Auto was marked as failing, but now passes
------------------ testing $PTII/ptolemy/domains/de/test/auto/knownFailedTests/dependencyLoop2.xml (Known Failure) 
12 ms. Memory: 146944K Free: 107466K (73%)


==== $PTIIhome/travis/build/icyphy/ptII/ptolemy/domains/de/test/../../../../: Auto Automatic test in file $PTII/ptolemy/domains/de/test/auto/knownFailedTests/dependencyLoop2.xml
==== Contents of test case:

	    # FIXME: we should use $relativeFilename here, but it
	    # might have backslashes under Windows, which causes no end
	    # of trouble.
	    createAndExecute $file
	    list {}
	
.... Test generated KNOWN error:
    while executing
ptolemy.kernel.util.IllegalActionException: Found a zero delay loop containing .dependencyLoop2.original
  in .dependencyLoop2 and .dependencyLoop2.original
	at ptolemy.actor.util.CausalityInterfaceForComposites._computeOutputPortDepth(CausalityInterfaceForComposites.java:759)
	at ptolemy.actor.util.CausalityInterfaceForComposites._computeInputDepth(CausalityInterfaceForComposites.java:696)
	at ptolemy.actor.util.CausalityInterfaceForComposites._computeOutputPortDepth(CausalityInterfaceForComposites.java:765)
	at ptolemy.actor.util.CausalityInterfaceForComposites._computeInputDepth(CausalityInterfaceForComposites.java:696)
	at ptolemy.actor.util.CausalityInterfaceForComposites._computeOutputPortDepth(CausalityInterfaceForComposites.java:765)
	at ptolemy.actor.util.CausalityInterfaceForComposites._computeInputDepth(CausalityInterfaceForComposites.java:696)
	at ptolemy.actor.util.CausalityInterfaceForComposites._computeActorDepth(CausalityInterfaceForComposites.java:532)
	at ptolemy.actor.util.CausalityInterfaceForComposites.checkForCycles(CausalityInterfaceForComposites.java:96)
	at ptolemy.domains.de.kernel.DEDirector.preinitialize(DEDirector.java:1337)
	at ptolemy.actor.CompositeActor.preinitialize(CompositeActor.java:1828)
	at ptolemy.actor.Manager.preinitializeAndResolveTypes(Manager.java:1040)
	at ptolemy.actor.Manager.initialize(Manager.java:710)
	at ptolemy.actor.Manager.execute(Manager.java:356)
	at ptolemy.actor.Manager.run(Manager.java:1263)
	at ptolemy.actor.Manager$PtolemyRunThread.run(Manager.java:1915)

    while executing
ptolemy.kernel.util.IllegalActionException: Found a zero delay loop containing .dependencyLoop2.original
  in .dependencyLoop2 and .dependencyLoop2.original
    while executing
"java::new ptolemy.moml.MoMLSimpleApplication $file
"
    (procedure "createAndExecute" line 2)
    invoked from within
"createAndExecute $file"
    ("uplevel" body line 5)
    invoked from within
"uplevel $contents_of_test"
------------------ testing $PTII/ptolemy/domains/de/test/auto/knownFailedTests/HierarchicalModel.xml (Known Failure) 
4 ms. Memory: 146944K Free: 86960K (59%)


==== $PTIIhome/travis/build/icyphy/ptII/ptolemy/domains/de/test/../../../../: Auto Automatic test in file $PTII/ptolemy/domains/de/test/auto/knownFailedTests/HierarchicalModel.xml
==== Contents of test case:

	    # FIXME: we should use $relativeFilename here, but it
	    # might have backslashes under Windows, which causes no end
	    # of trouble.
	    createAndExecute $file
	    list {}
	
.... Test generated KNOWN error:
    while executing
ptolemy.kernel.util.IllegalActionException: Found a zero delay loop containing .HierarchicalModel.A
  in .HierarchicalModel and .HierarchicalModel.A
	at ptolemy.actor.util.CausalityInterfaceForComposites._computeOutputPortDepth(CausalityInterfaceForComposites.java:759)
	at ptolemy.actor.util.CausalityInterfaceForComposites._computeInputDepth(CausalityInterfaceForComposites.java:696)
	at ptolemy.actor.util.CausalityInterfaceForComposites._computeOutputPortDepth(CausalityInterfaceForComposites.java:765)
	at ptolemy.actor.util.CausalityInterfaceForComposites._computeInputDepth(CausalityInterfaceForComposites.java:696)
	at ptolemy.actor.util.CausalityInterfaceForComposites._computeOutputPortDepth(CausalityInterfaceForComposites.java:765)
	at ptolemy.actor.util.CausalityInterfaceForComposites._computeInputDepth(CausalityInterfaceForComposites.java:696)
	at ptolemy.actor.util.CausalityInterfaceForComposites._computeActorDepth(CausalityInterfaceForComposites.java:532)
	at ptolemy.actor.util.CausalityInterfaceForComposites.checkForCycles(CausalityInterfaceForComposites.java:96)
	at ptolemy.domains.de.kernel.DEDirector.preinitialize(DEDirector.java:1337)
	at ptolemy.actor.CompositeActor.preinitialize(CompositeActor.java:1828)
	at ptolemy.actor.Manager.preinitializeAndResolveTypes(Manager.java:1040)
	at ptolemy.actor.Manager.initialize(Manager.java:710)
	at ptolemy.actor.Manager.execute(Manager.java:356)
	at ptolemy.actor.Manager.run(Manager.java:1263)
	at ptolemy.actor.Manager$PtolemyRunThread.run(Manager.java:1915)

    while executing
ptolemy.kernel.util.IllegalActionException: Found a zero delay loop containing .HierarchicalModel.A
  in .HierarchicalModel and .HierarchicalModel.A
    while executing
"java::new ptolemy.moml.MoMLSimpleApplication $file
"
    (procedure "createAndExecute" line 2)
    invoked from within
"createAndExecute $file"
    ("uplevel" body line 5)
    invoked from within
"uplevel $contents_of_test"
------------------ testing $PTII/ptolemy/domains/de/test/auto/knownFailedTests/DirectFeedback.xml (Known Failure) 
15 ms. Memory: 146944K Free: 141464K (96%)


==== $PTIIhome/travis/build/icyphy/ptII/ptolemy/domains/de/test/../../../../: Auto Automatic test in file $PTII/ptolemy/domains/de/test/auto/knownFailedTests/DirectFeedback.xml
==== Contents of test case:

	    # FIXME: we should use $relativeFilename here, but it
	    # might have backslashes under Windows, which causes no end
	    # of trouble.
	    createAndExecute $file
	    list {}
	
.... Test generated KNOWN error:
    while executing
ptolemy.kernel.util.IllegalActionException: Test fails in iteration 1.
Value was: 1.0. Should have been: 2.0
  in .DirectFeedback.Test
	at ptolemy.actor.lib.Test.fire(Test.java:268)
	at ptolemy.domains.de.kernel.DEDirector._fire(DEDirector.java:1948)
	at ptolemy.domains.de.kernel.DEDirector.fire(DEDirector.java:502)
	at ptolemy.actor.CompositeActor.fire(CompositeActor.java:455)
	at ptolemy.actor.Manager.iterate(Manager.java:851)
	at ptolemy.actor.Manager.execute(Manager.java:369)
	at ptolemy.actor.Manager.run(Manager.java:1263)
	at ptolemy.actor.Manager$PtolemyRunThread.run(Manager.java:1915)

    while executing
ptolemy.kernel.util.IllegalActionException: Test fails in iteration 1.
Value was: 1.0. Should have been: 2.0
  in .DirectFeedback.Test
    while executing
"java::new ptolemy.moml.MoMLSimpleApplication $file
"
    (procedure "createAndExecute" line 2)
    invoked from within
"createAndExecute $file"
    ("uplevel" body line 5)
    invoked from within
"uplevel $contents_of_test"
------------------ testing $PTII/ptolemy/domains/de/test/auto/ActorDepthCalculation_actorWithoutPorts.xml
auto.tcl: Setting watchdog for 200 seconds at Thu May 10 15:03:12 UTC 2018
4 ms. Memory: 146944K Free: 132723K (90%)
ptolemy.util.test.WatchDog.cancel(): canceling Thu May 10 15:03:12 UTC 2018
auto.tcl: Setting watchdog for 200 seconds at Thu May 10 15:03:12 UTC 2018
4 ms. Memory: 146944K Free: 131692K (90%)
ptolemy.util.test.WatchDog.cancel(): canceling Thu May 10 15:03:12 UTC 2018
------------------ testing $PTII/ptolemy/domains/de/test/auto/AssemblyLine.xml
auto.tcl: Setting watchdog for 200 seconds at Thu May 10 15:03:12 UTC 2018
35 ms. Memory: 208384K Free: 186038K (89%)
ptolemy.util.test.WatchDog.cancel(): canceling Thu May 10 15:03:13 UTC 2018
auto.tcl: Setting watchdog for 200 seconds at Thu May 10 15:03:13 UTC 2018
7 ms. Memory: 208384K Free: 186038K (89%)
ptolemy.util.test.WatchDog.cancel(): canceling Thu May 10 15:03:13 UTC 2018
------------------ testing $PTII/ptolemy/domains/de/test/auto/CQBug1.xml
auto.tcl: Setting watchdog for 200 seconds at Thu May 10 15:03:13 UTC 2018
3 ms. Memory: 208384K Free: 197249K (95%)
ptolemy.util.test.WatchDog.cancel(): canceling Thu May 10 15:03:13 UTC 2018
auto.tcl: Setting watchdog for 200 seconds at Thu May 10 15:03:13 UTC 2018
2 ms. Memory: 208384K Free: 197249K (95%)
ptolemy.util.test.WatchDog.cancel(): canceling Thu May 10 15:03:13 UTC 2018
------------------ testing $PTII/ptolemy/domains/de/test/auto/CancelFireAt.xml
auto.tcl: Setting watchdog for 200 seconds at Thu May 10 15:03:13 UTC 2018
10 ms. Memory: 208384K Free: 200943K (96%)
ptolemy.util.test.WatchDog.cancel(): canceling Thu May 10 15:03:13 UTC 2018
auto.tcl: Setting watchdog for 200 seconds at Thu May 10 15:03:13 UTC 2018
2 ms. Memory: 208384K Free: 198865K (95%)
ptolemy.util.test.WatchDog.cancel(): canceling Thu May 10 15:03:13 UTC 2018
------------------ testing $PTII/ptolemy/domains/de/test/auto/CausalityAndComposabilityAnalysis.xml
auto.tcl: Setting watchdog for 200 seconds at Thu May 10 15:03:13 UTC 2018
18 ms. Memory: 208384K Free: 196800K (94%)
ptolemy.util.test.WatchDog.cancel(): canceling Thu May 10 15:03:13 UTC 2018
auto.tcl: Setting watchdog for 200 seconds at Thu May 10 15:03:13 UTC 2018
4 ms. Memory: 208384K Free: 196800K (94%)
ptolemy.util.test.WatchDog.cancel(): canceling Thu May 10 15:03:13 UTC 2018
------------------ testing $PTII/ptolemy/domains/de/test/auto/CausalityInterface1.xml
auto.tcl: Setting watchdog for 200 seconds at Thu May 10 15:03:13 UTC 2018
24 ms. Memory: 208384K Free: 196328K (94%)
ptolemy.util.test.WatchDog.cancel(): canceling Thu May 10 15:03:13 UTC 2018
auto.tcl: Setting watchdog for 200 seconds at Thu May 10 15:03:13 UTC 2018
4 ms. Memory: 208384K Free: 196328K (94%)
ptolemy.util.test.WatchDog.cancel(): canceling Thu May 10 15:03:13 UTC 2018
------------------ testing $PTII/ptolemy/domains/de/test/auto/CausalityInterface15.xml
auto.tcl: Setting watchdog for 200 seconds at Thu May 10 15:03:13 UTC 2018
12 ms. Memory: 208384K Free: 196311K (94%)
ptolemy.util.test.WatchDog.cancel(): canceling Thu May 10 15:03:13 UTC 2018
auto.tcl: Setting watchdog for 200 seconds at Thu May 10 15:03:13 UTC 2018
4 ms. Memory: 208384K Free: 194236K (93%)
ptolemy.util.test.WatchDog.cancel(): canceling Thu May 10 15:03:13 UTC 2018
------------------ testing $PTII/ptolemy/domains/de/test/auto/CausalityInterface2.xml
auto.tcl: Setting watchdog for 200 seconds at Thu May 10 15:03:13 UTC 2018
10 ms. Memory: 208384K Free: 196296K (94%)
ptolemy.util.test.WatchDog.cancel(): canceling Thu May 10 15:03:13 UTC 2018
auto.tcl: Setting watchdog for 200 seconds at Thu May 10 15:03:13 UTC 2018
2 ms. Memory: 208384K Free: 196296K (94%)
ptolemy.util.test.WatchDog.cancel(): canceling Thu May 10 15:03:13 UTC 2018
------------------ testing $PTII/ptolemy/domains/de/test/auto/CausalityInterface3.xml
auto.tcl: Setting watchdog for 200 seconds at Thu May 10 15:03:13 UTC 2018
6 ms. Memory: 208384K Free: 196641K (94%)
ptolemy.util.test.WatchDog.cancel(): canceling Thu May 10 15:03:13 UTC 2018
auto.tcl: Setting watchdog for 200 seconds at Thu May 10 15:03:13 UTC 2018
2 ms. Memory: 208384K Free: 196303K (94%)
ptolemy.util.test.WatchDog.cancel(): canceling Thu May 10 15:03:13 UTC 2018
------------------ testing $PTII/ptolemy/domains/de/test/auto/ClockDrift.xml
auto.tcl: Setting watchdog for 200 seconds at Thu May 10 15:03:13 UTC 2018
88 ms. Memory: 208384K Free: 187610K (90%)
ptolemy.util.test.WatchDog.cancel(): canceling Thu May 10 15:03:13 UTC 2018
auto.tcl: Setting watchdog for 200 seconds at Thu May 10 15:03:13 UTC 2018
63 ms. Memory: 208384K Free: 185535K (89%)
ptolemy.util.test.WatchDog.cancel(): canceling Thu May 10 15:03:14 UTC 2018
------------------ testing $PTII/ptolemy/domains/de/test/auto/ClockDriftAndValueChange.xml
auto.tcl: Setting watchdog for 200 seconds at Thu May 10 15:03:14 UTC 2018
33 ms. Memory: 208384K Free: 187445K (90%)
ptolemy.util.test.WatchDog.cancel(): canceling Thu May 10 15:03:14 UTC 2018
auto.tcl: Setting watchdog for 200 seconds at Thu May 10 15:03:14 UTC 2018
36 ms. Memory: 208384K Free: 185370K (89%)
ptolemy.util.test.WatchDog.cancel(): canceling Thu May 10 15:03:14 UTC 2018
------------------ testing $PTII/ptolemy/domains/de/test/auto/ClockDriftChange.xml
auto.tcl: Setting watchdog for 200 seconds at Thu May 10 15:03:14 UTC 2018
21 ms. Memory: 208384K Free: 190748K (92%)
ptolemy.util.test.WatchDog.cancel(): canceling Thu May 10 15:03:14 UTC 2018
auto.tcl: Setting watchdog for 200 seconds at Thu May 10 15:03:14 UTC 2018
27 ms. Memory: 208384K Free: 188674K (91%)
ptolemy.util.test.WatchDog.cancel(): canceling Thu May 10 15:03:14 UTC 2018
------------------ testing $PTII/ptolemy/domains/de/test/auto/ComposableCausalityAnalysis.xml
auto.tcl: Setting watchdog for 200 seconds at Thu May 10 15:03:14 UTC 2018
2 ms. Memory: 208384K Free: 196165K (94%)
ptolemy.util.test.WatchDog.cancel(): canceling Thu May 10 15:03:14 UTC 2018
auto.tcl: Setting watchdog for 200 seconds at Thu May 10 15:03:14 UTC 2018
2 ms. Memory: 208384K Free: 194090K (93%)
ptolemy.util.test.WatchDog.cancel(): canceling Thu May 10 15:03:14 UTC 2018
------------------ testing $PTII/ptolemy/domains/de/test/auto/DEFixedPointLimitation.xml
auto.tcl: Setting watchdog for 200 seconds at Thu May 10 15:03:14 UTC 2018
2 ms. Memory: 208384K Free: 196244K (94%)
ptolemy.util.test.WatchDog.cancel(): canceling Thu May 10 15:03:14 UTC 2018
auto.tcl: Setting watchdog for 200 seconds at Thu May 10 15:03:14 UTC 2018
1 ms. Memory: 208384K Free: 196244K (94%)
ptolemy.util.test.WatchDog.cancel(): canceling Thu May 10 15:03:14 UTC 2018
------------------ testing $PTII/ptolemy/domains/de/test/auto/DEScheduleTest.xml
auto.tcl: Setting watchdog for 200 seconds at Thu May 10 15:03:14 UTC 2018
5 ms. Memory: 208384K Free: 198692K (95%)
ptolemy.util.test.WatchDog.cancel(): canceling Thu May 10 15:03:14 UTC 2018
auto.tcl: Setting watchdog for 200 seconds at Thu May 10 15:03:14 UTC 2018
5 ms. Memory: 208384K Free: 196280K (94%)
ptolemy.util.test.WatchDog.cancel(): canceling Thu May 10 15:03:14 UTC 2018
------------------ testing $PTII/ptolemy/domains/de/test/auto/DEinDEwithStartTimes.xml
auto.tcl: Setting watchdog for 200 seconds at Thu May 10 15:03:14 UTC 2018
6 ms. Memory: 208384K Free: 196249K (94%)
ptolemy.util.test.WatchDog.cancel(): canceling Thu May 10 15:03:14 UTC 2018
auto.tcl: Setting watchdog for 200 seconds at Thu May 10 15:03:14 UTC 2018
3 ms. Memory: 208384K Free: 194174K (93%)
ptolemy.util.test.WatchDog.cancel(): canceling Thu May 10 15:03:14 UTC 2018
------------------ testing $PTII/ptolemy/domains/de/test/auto/DEinDEwithStartTimes2.xml
auto.tcl: Setting watchdog for 200 seconds at Thu May 10 15:03:14 UTC 2018
9 ms. Memory: 208384K Free: 196229K (94%)
ptolemy.util.test.WatchDog.cancel(): canceling Thu May 10 15:03:14 UTC 2018
auto.tcl: Setting watchdog for 200 seconds at Thu May 10 15:03:14 UTC 2018
5 ms. Memory: 208384K Free: 194154K (93%)
ptolemy.util.test.WatchDog.cancel(): canceling Thu May 10 15:03:14 UTC 2018
------------------ testing $PTII/ptolemy/domains/de/test/auto/DateDemo.xml
auto.tcl: Setting watchdog for 200 seconds at Thu May 10 15:03:14 UTC 2018
15 ms. Memory: 208384K Free: 188752K (91%)
ptolemy.util.test.WatchDog.cancel(): canceling Thu May 10 15:03:14 UTC 2018
auto.tcl: Setting watchdog for 200 seconds at Thu May 10 15:03:14 UTC 2018
9 ms. Memory: 208384K Free: 186677K (90%)
ptolemy.util.test.WatchDog.cancel(): canceling Thu May 10 15:03:14 UTC 2018
------------------ testing $PTII/ptolemy/domains/de/test/auto/DateToEvent.xml
auto.tcl: Setting watchdog for 200 seconds at Thu May 10 15:03:15 UTC 2018
2018 ms. Memory: 208384K Free: 183551K (88%)
ptolemy.util.test.WatchDog.cancel(): canceling Thu May 10 15:03:17 UTC 2018
auto.tcl: Setting watchdog for 200 seconds at Thu May 10 15:03:17 UTC 2018
2004 ms. Memory: 208384K Free: 179019K (86%)
ptolemy.util.test.WatchDog.cancel(): canceling Thu May 10 15:03:19 UTC 2018
------------------ testing $PTII/ptolemy/domains/de/test/auto/DepthTest1.xml
auto.tcl: Setting watchdog for 200 seconds at Thu May 10 15:03:19 UTC 2018
11 ms. Memory: 208384K Free: 197541K (95%)
ptolemy.util.test.WatchDog.cancel(): canceling Thu May 10 15:03:19 UTC 2018
auto.tcl: Setting watchdog for 200 seconds at Thu May 10 15:03:19 UTC 2018
10 ms. Memory: 208384K Free: 197541K (95%)
ptolemy.util.test.WatchDog.cancel(): canceling Thu May 10 15:03:19 UTC 2018
------------------ testing $PTII/ptolemy/domains/de/test/auto/DepthTest2.xml
auto.tcl: Setting watchdog for 200 seconds at Thu May 10 15:03:19 UTC 2018
3 ms. Memory: 208384K Free: 193793K (93%)
ptolemy.util.test.WatchDog.cancel(): canceling Thu May 10 15:03:19 UTC 2018
auto.tcl: Setting watchdog for 200 seconds at Thu May 10 15:03:19 UTC 2018
5 ms. Memory: 208384K Free: 193793K (93%)
ptolemy.util.test.WatchDog.cancel(): canceling Thu May 10 15:03:19 UTC 2018
------------------ testing $PTII/ptolemy/domains/de/test/auto/DepthTest3.xml
auto.tcl: Setting watchdog for 200 seconds at Thu May 10 15:03:19 UTC 2018
3 ms. Memory: 208384K Free: 197875K (95%)
ptolemy.util.test.WatchDog.cancel(): canceling Thu May 10 15:03:19 UTC 2018
auto.tcl: Setting watchdog for 200 seconds at Thu May 10 15:03:19 UTC 2018
2 ms. Memory: 208384K Free: 197875K (95%)
ptolemy.util.test.WatchDog.cancel(): canceling Thu May 10 15:03:19 UTC 2018
------------------ testing $PTII/ptolemy/domains/de/test/auto/DepthTest4.xml
auto.tcl: Setting watchdog for 200 seconds at Thu May 10 15:03:19 UTC 2018
6 ms. Memory: 208384K Free: 195887K (94%)
ptolemy.util.test.WatchDog.cancel(): canceling Thu May 10 15:03:19 UTC 2018
auto.tcl: Setting watchdog for 200 seconds at Thu May 10 15:03:19 UTC 2018
2 ms. Memory: 208384K Free: 195887K (94%)
ptolemy.util.test.WatchDog.cancel(): canceling Thu May 10 15:03:19 UTC 2018
------------------ testing $PTII/ptolemy/domains/de/test/auto/DepthTest5.xml
auto.tcl: Setting watchdog for 200 seconds at Thu May 10 15:03:19 UTC 2018
5 ms. Memory: 208384K Free: 195835K (94%)
ptolemy.util.test.WatchDog.cancel(): canceling Thu May 10 15:03:19 UTC 2018
auto.tcl: Setting watchdog for 200 seconds at Thu May 10 15:03:19 UTC 2018
3 ms. Memory: 208384K Free: 195835K (94%)
ptolemy.util.test.WatchDog.cancel(): canceling Thu May 10 15:03:19 UTC 2018
------------------ testing $PTII/ptolemy/domains/de/test/auto/DepthTest6.xml
auto.tcl: Setting watchdog for 200 seconds at Thu May 10 15:03:19 UTC 2018
4 ms. Memory: 208384K Free: 195811K (94%)
ptolemy.util.test.WatchDog.cancel(): canceling Thu May 10 15:03:19 UTC 2018
auto.tcl: Setting watchdog for 200 seconds at Thu May 10 15:03:19 UTC 2018
2 ms. Memory: 208384K Free: 195811K (94%)
ptolemy.util.test.WatchDog.cancel(): canceling Thu May 10 15:03:19 UTC 2018
------------------ testing $PTII/ptolemy/domains/de/test/auto/DepthTest7.xml
auto.tcl: Setting watchdog for 200 seconds at Thu May 10 15:03:19 UTC 2018
3 ms. Memory: 208384K Free: 195807K (94%)
ptolemy.util.test.WatchDog.cancel(): canceling Thu May 10 15:03:19 UTC 2018
auto.tcl: Setting watchdog for 200 seconds at Thu May 10 15:03:19 UTC 2018
2 ms. Memory: 208384K Free: 195807K (94%)
ptolemy.util.test.WatchDog.cancel(): canceling Thu May 10 15:03:19 UTC 2018
------------------ testing $PTII/ptolemy/domains/de/test/auto/EventToDate.xml
auto.tcl: Setting watchdog for 200 seconds at Thu May 10 15:03:19 UTC 2018
3015 ms. Memory: 208384K Free: 182999K (88%)
ptolemy.util.test.WatchDog.cancel(): canceling Thu May 10 15:03:22 UTC 2018
auto.tcl: Setting watchdog for 200 seconds at Thu May 10 15:03:22 UTC 2018
3005 ms. Memory: 208384K Free: 182999K (88%)
ptolemy.util.test.WatchDog.cancel(): canceling Thu May 10 15:03:25 UTC 2018
------------------ testing $PTII/ptolemy/domains/de/test/auto/FSM1.xml
auto.tcl: Setting watchdog for 200 seconds at Thu May 10 15:03:25 UTC 2018
17 ms. Memory: 208384K Free: 186835K (90%)
ptolemy.util.test.WatchDog.cancel(): canceling Thu May 10 15:03:25 UTC 2018
auto.tcl: Setting watchdog for 200 seconds at Thu May 10 15:03:25 UTC 2018
14 ms. Memory: 208384K Free: 184761K (89%)
ptolemy.util.test.WatchDog.cancel(): canceling Thu May 10 15:03:25 UTC 2018
------------------ testing $PTII/ptolemy/domains/de/test/auto/FSM7.xml
auto.tcl: Setting watchdog for 200 seconds at Thu May 10 15:03:25 UTC 2018
17 ms. Memory: 208384K Free: 187039K (90%)
ptolemy.util.test.WatchDog.cancel(): canceling Thu May 10 15:03:26 UTC 2018
auto.tcl: Setting watchdog for 200 seconds at Thu May 10 15:03:26 UTC 2018
18 ms. Memory: 208384K Free: 184948K (89%)
ptolemy.util.test.WatchDog.cancel(): canceling Thu May 10 15:03:26 UTC 2018
------------------ testing $PTII/ptolemy/domains/de/test/auto/Inspection.xml
auto.tcl: Setting watchdog for 200 seconds at Thu May 10 15:03:26 UTC 2018
41 ms. Memory: 208384K Free: 188238K (90%)
ptolemy.util.test.WatchDog.cancel(): canceling Thu May 10 15:03:26 UTC 2018
auto.tcl: Setting watchdog for 200 seconds at Thu May 10 15:03:26 UTC 2018
24 ms. Memory: 208384K Free: 186148K (89%)
ptolemy.util.test.WatchDog.cancel(): canceling Thu May 10 15:03:26 UTC 2018
------------------ testing $PTII/ptolemy/domains/de/test/auto/Iteration.xml
auto.tcl: Setting watchdog for 200 seconds at Thu May 10 15:03:26 UTC 2018
11 ms. Memory: 208384K Free: 193517K (93%)
ptolemy.util.test.WatchDog.cancel(): canceling Thu May 10 15:03:26 UTC 2018
auto.tcl: Setting watchdog for 200 seconds at Thu May 10 15:03:26 UTC 2018
7 ms. Memory: 208384K Free: 193517K (93%)
ptolemy.util.test.WatchDog.cancel(): canceling Thu May 10 15:03:26 UTC 2018
------------------ testing $PTII/ptolemy/domains/de/test/auto/LineFault.xml
auto.tcl: Setting watchdog for 200 seconds at Thu May 10 15:03:26 UTC 2018
686 ms. Memory: 208384K Free: 196863K (94%)
ptolemy.util.test.WatchDog.cancel(): canceling Thu May 10 15:03:27 UTC 2018
auto.tcl: Setting watchdog for 200 seconds at Thu May 10 15:03:27 UTC 2018
599 ms. Memory: 208384K Free: 140139K (67%)
ptolemy.util.test.WatchDog.cancel(): canceling Thu May 10 15:03:27 UTC 2018
------------------ testing $PTII/ptolemy/domains/de/test/auto/MergeModel1Add.xml
auto.tcl: Setting watchdog for 200 seconds at Thu May 10 15:03:27 UTC 2018
26 ms. Memory: 331264K Free: 302237K (91%)
ptolemy.util.test.WatchDog.cancel(): canceling Thu May 10 15:03:27 UTC 2018
auto.tcl: Setting watchdog for 200 seconds at Thu May 10 15:03:27 UTC 2018
13 ms. Memory: 331264K Free: 298281K (90%)
ptolemy.util.test.WatchDog.cancel(): canceling Thu May 10 15:03:27 UTC 2018
------------------ testing $PTII/ptolemy/domains/de/test/auto/MergeModel2Add.xml
auto.tcl: Setting watchdog for 200 seconds at Thu May 10 15:03:28 UTC 2018
13 ms. Memory: 331264K Free: 303569K (92%)
ptolemy.util.test.WatchDog.cancel(): canceling Thu May 10 15:03:28 UTC 2018
auto.tcl: Setting watchdog for 200 seconds at Thu May 10 15:03:28 UTC 2018
10 ms. Memory: 331264K Free: 299612K (90%)
ptolemy.util.test.WatchDog.cancel(): canceling Thu May 10 15:03:28 UTC 2018
------------------ testing $PTII/ptolemy/domains/de/test/auto/MergeModel3Add.xml
auto.tcl: Setting watchdog for 200 seconds at Thu May 10 15:03:28 UTC 2018
11 ms. Memory: 331264K Free: 303586K (92%)
ptolemy.util.test.WatchDog.cancel(): canceling Thu May 10 15:03:28 UTC 2018
auto.tcl: Setting watchdog for 200 seconds at Thu May 10 15:03:28 UTC 2018
10 ms. Memory: 331264K Free: 299630K (90%)
ptolemy.util.test.WatchDog.cancel(): canceling Thu May 10 15:03:28 UTC 2018
------------------ testing $PTII/ptolemy/domains/de/test/auto/MergeWithoutDiscard.xml
auto.tcl: Setting watchdog for 200 seconds at Thu May 10 15:03:28 UTC 2018
5 ms. Memory: 331264K Free: 319425K (96%)
ptolemy.util.test.WatchDog.cancel(): canceling Thu May 10 15:03:28 UTC 2018
auto.tcl: Setting watchdog for 200 seconds at Thu May 10 15:03:28 UTC 2018
2 ms. Memory: 331264K Free: 315469K (95%)
ptolemy.util.test.WatchDog.cancel(): canceling Thu May 10 15:03:28 UTC 2018
------------------ testing $PTII/ptolemy/domains/de/test/auto/Modal1.xml
auto.tcl: Setting watchdog for 200 seconds at Thu May 10 15:03:28 UTC 2018
16 ms. Memory: 331264K Free: 309320K (93%)
ptolemy.util.test.WatchDog.cancel(): canceling Thu May 10 15:03:28 UTC 2018
auto.tcl: Setting watchdog for 200 seconds at Thu May 10 15:03:28 UTC 2018
27 ms. Memory: 331264K Free: 305364K (92%)
ptolemy.util.test.WatchDog.cancel(): canceling Thu May 10 15:03:28 UTC 2018
------------------ testing $PTII/ptolemy/domains/de/test/auto/Modal2.xml
auto.tcl: Setting watchdog for 200 seconds at Thu May 10 15:03:28 UTC 2018
17 ms. Memory: 331264K Free: 304294K (92%)
ptolemy.util.test.WatchDog.cancel(): canceling Thu May 10 15:03:28 UTC 2018
auto.tcl: Setting watchdog for 200 seconds at Thu May 10 15:03:28 UTC 2018
10 ms. Memory: 331264K Free: 300338K (91%)
ptolemy.util.test.WatchDog.cancel(): canceling Thu May 10 15:03:28 UTC 2018
------------------ testing $PTII/ptolemy/domains/de/test/auto/Modal3.xml
auto.tcl: Setting watchdog for 200 seconds at Thu May 10 15:03:28 UTC 2018
10 ms. Memory: 331264K Free: 309477K (93%)
ptolemy.util.test.WatchDog.cancel(): canceling Thu May 10 15:03:28 UTC 2018
auto.tcl: Setting watchdog for 200 seconds at Thu May 10 15:03:28 UTC 2018
10 ms. Memory: 331264K Free: 305219K (92%)
ptolemy.util.test.WatchDog.cancel(): canceling Thu May 10 15:03:28 UTC 2018
------------------ testing $PTII/ptolemy/domains/de/test/auto/Modal4.xml
auto.tcl: Setting watchdog for 200 seconds at Thu May 10 15:03:28 UTC 2018
14 ms. Memory: 331264K Free: 309221K (93%)
ptolemy.util.test.WatchDog.cancel(): canceling Thu May 10 15:03:28 UTC 2018
auto.tcl: Setting watchdog for 200 seconds at Thu May 10 15:03:28 UTC 2018
16 ms. Memory: 331264K Free: 305265K (92%)
ptolemy.util.test.WatchDog.cancel(): canceling Thu May 10 15:03:28 UTC 2018
------------------ testing $PTII/ptolemy/domains/de/test/auto/Modal5.xml
auto.tcl: Setting watchdog for 200 seconds at Thu May 10 15:03:28 UTC 2018
20 ms. Memory: 331264K Free: 309217K (93%)
ptolemy.util.test.WatchDog.cancel(): canceling Thu May 10 15:03:28 UTC 2018
auto.tcl: Setting watchdog for 200 seconds at Thu May 10 15:03:28 UTC 2018
21 ms. Memory: 331264K Free: 305244K (92%)
ptolemy.util.test.WatchDog.cancel(): canceling Thu May 10 15:03:28 UTC 2018
------------------ testing $PTII/ptolemy/domains/de/test/auto/Modal6.xml
auto.tcl: Setting watchdog for 200 seconds at Thu May 10 15:03:28 UTC 2018
17 ms. Memory: 331264K Free: 309222K (93%)
ptolemy.util.test.WatchDog.cancel(): canceling Thu May 10 15:03:29 UTC 2018
auto.tcl: Setting watchdog for 200 seconds at Thu May 10 15:03:29 UTC 2018
13 ms. Memory: 331264K Free: 305249K (92%)
ptolemy.util.test.WatchDog.cancel(): canceling Thu May 10 15:03:29 UTC 2018
------------------ testing $PTII/ptolemy/domains/de/test/auto/Modal7.xml
auto.tcl: Setting watchdog for 200 seconds at Thu May 10 15:03:29 UTC 2018
18 ms. Memory: 331264K Free: 309214K (93%)
ptolemy.util.test.WatchDog.cancel(): canceling Thu May 10 15:03:29 UTC 2018
auto.tcl: Setting watchdog for 200 seconds at Thu May 10 15:03:29 UTC 2018
10 ms. Memory: 331264K Free: 305242K (92%)
ptolemy.util.test.WatchDog.cancel(): canceling Thu May 10 15:03:29 UTC 2018
------------------ testing $PTII/ptolemy/domains/de/test/auto/ModalModel.xml
auto.tcl: Setting watchdog for 200 seconds at Thu May 10 15:03:29 UTC 2018
211 ms. Memory: 331264K Free: 247936K (75%)
ptolemy.util.test.WatchDog.cancel(): canceling Thu May 10 15:03:29 UTC 2018
auto.tcl: Setting watchdog for 200 seconds at Thu May 10 15:03:29 UTC 2018
170 ms. Memory: 331264K Free: 192353K (58%)
ptolemy.util.test.WatchDog.cancel(): canceling Thu May 10 15:03:29 UTC 2018
------------------ testing $PTII/ptolemy/domains/de/test/auto/ModalSource.xml
auto.tcl: Setting watchdog for 200 seconds at Thu May 10 15:03:29 UTC 2018
7 ms. Memory: 331264K Free: 316166K (95%)
ptolemy.util.test.WatchDog.cancel(): canceling Thu May 10 15:03:29 UTC 2018
auto.tcl: Setting watchdog for 200 seconds at Thu May 10 15:03:29 UTC 2018
6 ms. Memory: 331264K Free: 312627K (94%)
ptolemy.util.test.WatchDog.cancel(): canceling Thu May 10 15:03:29 UTC 2018
------------------ testing $PTII/ptolemy/domains/de/test/auto/NonInterruptibleTimerZeroDelay.xml
auto.tcl: Setting watchdog for 200 seconds at Thu May 10 15:03:29 UTC 2018
4 ms. Memory: 331264K Free: 320365K (97%)
ptolemy.util.test.WatchDog.cancel(): canceling Thu May 10 15:03:29 UTC 2018
auto.tcl: Setting watchdog for 200 seconds at Thu May 10 15:03:29 UTC 2018
3 ms. Memory: 331264K Free: 316826K (96%)
ptolemy.util.test.WatchDog.cancel(): canceling Thu May 10 15:03:29 UTC 2018
------------------ testing $PTII/ptolemy/domains/de/test/auto/OpenQueueingNetwork.xml
auto.tcl: Setting watchdog for 200 seconds at Thu May 10 15:03:29 UTC 2018
2601 ms. Memory: 573952K Free: 418003K (73%)
ptolemy.util.test.WatchDog.cancel(): canceling Thu May 10 15:03:32 UTC 2018
auto.tcl: Setting watchdog for 200 seconds at Thu May 10 15:03:32 UTC 2018
2325 ms. Memory: 550912K Free: 319962K (58%)
ptolemy.util.test.WatchDog.cancel(): canceling Thu May 10 15:03:34 UTC 2018
------------------ testing $PTII/ptolemy/domains/de/test/auto/OpenQueuingNetwork.xml
auto.tcl: Setting watchdog for 200 seconds at Thu May 10 15:03:35 UTC 2018
242 ms. Memory: 549888K Free: 444976K (81%)
ptolemy.util.test.WatchDog.cancel(): canceling Thu May 10 15:03:35 UTC 2018
auto.tcl: Setting watchdog for 200 seconds at Thu May 10 15:03:35 UTC 2018
213 ms. Memory: 549888K Free: 384824K (70%)
ptolemy.util.test.WatchDog.cancel(): canceling Thu May 10 15:03:35 UTC 2018
------------------ testing $PTII/ptolemy/domains/de/test/auto/PeriodicSampler.xml
auto.tcl: Setting watchdog for 200 seconds at Thu May 10 15:03:35 UTC 2018
2 ms. Memory: 551936K Free: 531589K (96%)
ptolemy.util.test.WatchDog.cancel(): canceling Thu May 10 15:03:35 UTC 2018
auto.tcl: Setting watchdog for 200 seconds at Thu May 10 15:03:35 UTC 2018
2 ms. Memory: 551936K Free: 531589K (96%)
ptolemy.util.test.WatchDog.cancel(): canceling Thu May 10 15:03:35 UTC 2018
------------------ testing $PTII/ptolemy/domains/de/test/auto/PersistentIO.xml
auto.tcl: Setting watchdog for 200 seconds at Thu May 10 15:03:35 UTC 2018
12 ms. Memory: 549376K Free: 523915K (95%)
ptolemy.util.test.WatchDog.cancel(): canceling Thu May 10 15:03:35 UTC 2018
auto.tcl: Setting watchdog for 200 seconds at Thu May 10 15:03:35 UTC 2018
4 ms. Memory: 549376K Free: 523915K (95%)
ptolemy.util.test.WatchDog.cancel(): canceling Thu May 10 15:03:35 UTC 2018
------------------ testing $PTII/ptolemy/domains/de/test/auto/PortParameterResetOnInitialize.xml
auto.tcl: Setting watchdog for 200 seconds at Thu May 10 15:03:35 UTC 2018
2 ms. Memory: 551424K Free: 531537K (96%)
ptolemy.util.test.WatchDog.cancel(): canceling Thu May 10 15:03:35 UTC 2018
auto.tcl: Setting watchdog for 200 seconds at Thu May 10 15:03:35 UTC 2018
2 ms. Memory: 551424K Free: 531537K (96%)
ptolemy.util.test.WatchDog.cancel(): canceling Thu May 10 15:03:35 UTC 2018
------------------ testing $PTII/ptolemy/domains/de/test/auto/PortParameterUpdates.xml
auto.tcl: Setting watchdog for 200 seconds at Thu May 10 15:03:35 UTC 2018
4 ms. Memory: 549376K Free: 529393K (96%)
ptolemy.util.test.WatchDog.cancel(): canceling Thu May 10 15:03:35 UTC 2018
auto.tcl: Setting watchdog for 200 seconds at Thu May 10 15:03:35 UTC 2018
3 ms. Memory: 549376K Free: 523908K (95%)
ptolemy.util.test.WatchDog.cancel(): canceling Thu May 10 15:03:35 UTC 2018
------------------ testing $PTII/ptolemy/domains/de/test/auto/QueueAndServer.xml
auto.tcl: Setting watchdog for 200 seconds at Thu May 10 15:03:35 UTC 2018
11 ms. Memory: 551424K Free: 530615K (96%)
ptolemy.util.test.WatchDog.cancel(): canceling Thu May 10 15:03:35 UTC 2018
auto.tcl: Setting watchdog for 200 seconds at Thu May 10 15:03:35 UTC 2018
5 ms. Memory: 551424K Free: 530615K (96%)
ptolemy.util.test.WatchDog.cancel(): canceling Thu May 10 15:03:35 UTC 2018
------------------ testing $PTII/ptolemy/domains/de/test/auto/Records.xml
auto.tcl: Setting watchdog for 200 seconds at Thu May 10 15:03:35 UTC 2018
8 ms. Memory: 549376K Free: 533978K (97%)
ptolemy.util.test.WatchDog.cancel(): canceling Thu May 10 15:03:36 UTC 2018
auto.tcl: Setting watchdog for 200 seconds at Thu May 10 15:03:36 UTC 2018
2 ms. Memory: 549376K Free: 533978K (97%)
ptolemy.util.test.WatchDog.cancel(): canceling Thu May 10 15:03:36 UTC 2018
------------------ testing $PTII/ptolemy/domains/de/test/auto/ResetTransitionWithStartTime1.xml
auto.tcl: Setting watchdog for 200 seconds at Thu May 10 15:03:36 UTC 2018
16 ms. Memory: 551424K Free: 530567K (96%)
ptolemy.util.test.WatchDog.cancel(): canceling Thu May 10 15:03:36 UTC 2018
auto.tcl: Setting watchdog for 200 seconds at Thu May 10 15:03:36 UTC 2018
6 ms. Memory: 551424K Free: 530567K (96%)
ptolemy.util.test.WatchDog.cancel(): canceling Thu May 10 15:03:36 UTC 2018
------------------ testing $PTII/ptolemy/domains/de/test/auto/ResetTransitionWithStartTime2.xml
auto.tcl: Setting watchdog for 200 seconds at Thu May 10 15:03:36 UTC 2018
8 ms. Memory: 549376K Free: 528739K (96%)
ptolemy.util.test.WatchDog.cancel(): canceling Thu May 10 15:03:36 UTC 2018
auto.tcl: Setting watchdog for 200 seconds at Thu May 10 15:03:36 UTC 2018
6 ms. Memory: 549376K Free: 528739K (96%)
ptolemy.util.test.WatchDog.cancel(): canceling Thu May 10 15:03:36 UTC 2018
------------------ testing $PTII/ptolemy/domains/de/test/auto/ResetTransitionWithStartTime3.xml
auto.tcl: Setting watchdog for 200 seconds at Thu May 10 15:03:36 UTC 2018
7 ms. Memory: 550912K Free: 530044K (96%)
ptolemy.util.test.WatchDog.cancel(): canceling Thu May 10 15:03:36 UTC 2018
auto.tcl: Setting watchdog for 200 seconds at Thu May 10 15:03:36 UTC 2018
4 ms. Memory: 550912K Free: 530044K (96%)
ptolemy.util.test.WatchDog.cancel(): canceling Thu May 10 15:03:36 UTC 2018
------------------ testing $PTII/ptolemy/domains/de/test/auto/ResetTransitionWithStartTime4.xml
auto.tcl: Setting watchdog for 200 seconds at Thu May 10 15:03:36 UTC 2018
4 ms. Memory: 549376K Free: 528506K (96%)
ptolemy.util.test.WatchDog.cancel(): canceling Thu May 10 15:03:36 UTC 2018
auto.tcl: Setting watchdog for 200 seconds at Thu May 10 15:03:36 UTC 2018
4 ms. Memory: 549376K Free: 528506K (96%)
ptolemy.util.test.WatchDog.cancel(): canceling Thu May 10 15:03:36 UTC 2018
------------------ testing $PTII/ptolemy/domains/de/test/auto/ResettableTimer1.xml
auto.tcl: Setting watchdog for 200 seconds at Thu May 10 15:03:36 UTC 2018
3 ms. Memory: 550912K Free: 535752K (97%)
ptolemy.util.test.WatchDog.cancel(): canceling Thu May 10 15:03:36 UTC 2018
auto.tcl: Setting watchdog for 200 seconds at Thu May 10 15:03:36 UTC 2018
2 ms. Memory: 550912K Free: 535752K (97%)
ptolemy.util.test.WatchDog.cancel(): canceling Thu May 10 15:03:36 UTC 2018
------------------ testing $PTII/ptolemy/domains/de/test/auto/ResettableTimer2.xml
auto.tcl: Setting watchdog for 200 seconds at Thu May 10 15:03:36 UTC 2018
2 ms. Memory: 549376K Free: 534274K (97%)
ptolemy.util.test.WatchDog.cancel(): canceling Thu May 10 15:03:36 UTC 2018
auto.tcl: Setting watchdog for 200 seconds at Thu May 10 15:03:36 UTC 2018
2 ms. Memory: 549376K Free: 534274K (97%)
ptolemy.util.test.WatchDog.cancel(): canceling Thu May 10 15:03:36 UTC 2018
------------------ testing $PTII/ptolemy/domains/de/test/auto/ResettableTimer3.xml
auto.tcl: Setting watchdog for 200 seconds at Thu May 10 15:03:36 UTC 2018
1 ms. Memory: 550912K Free: 530900K (96%)
ptolemy.util.test.WatchDog.cancel(): canceling Thu May 10 15:03:36 UTC 2018
auto.tcl: Setting watchdog for 200 seconds at Thu May 10 15:03:36 UTC 2018
1 ms. Memory: 550912K Free: 530900K (96%)
ptolemy.util.test.WatchDog.cancel(): canceling Thu May 10 15:03:36 UTC 2018
------------------ testing $PTII/ptolemy/domains/de/test/auto/ResettableTimer4.xml
auto.tcl: Setting watchdog for 200 seconds at Thu May 10 15:03:36 UTC 2018
2 ms. Memory: 549376K Free: 534287K (97%)
ptolemy.util.test.WatchDog.cancel(): canceling Thu May 10 15:03:36 UTC 2018
auto.tcl: Setting watchdog for 200 seconds at Thu May 10 15:03:36 UTC 2018
1 ms. Memory: 549376K Free: 534287K (97%)
ptolemy.util.test.WatchDog.cancel(): canceling Thu May 10 15:03:36 UTC 2018
------------------ testing $PTII/ptolemy/domains/de/test/auto/ResettableTimer5.xml
auto.tcl: Setting watchdog for 200 seconds at Thu May 10 15:03:36 UTC 2018
2 ms. Memory: 550400K Free: 530629K (96%)
ptolemy.util.test.WatchDog.cancel(): canceling Thu May 10 15:03:36 UTC 2018
auto.tcl: Setting watchdog for 200 seconds at Thu May 10 15:03:36 UTC 2018
1 ms. Memory: 550400K Free: 530629K (96%)
ptolemy.util.test.WatchDog.cancel(): canceling Thu May 10 15:03:36 UTC 2018
------------------ testing $PTII/ptolemy/domains/de/test/auto/ResettableTimer6.xml
auto.tcl: Setting watchdog for 200 seconds at Thu May 10 15:03:36 UTC 2018
1 ms. Memory: 549376K Free: 529325K (96%)
ptolemy.util.test.WatchDog.cancel(): canceling Thu May 10 15:03:36 UTC 2018
auto.tcl: Setting watchdog for 200 seconds at Thu May 10 15:03:36 UTC 2018
1 ms. Memory: 549376K Free: 529325K (96%)
ptolemy.util.test.WatchDog.cancel(): canceling Thu May 10 15:03:36 UTC 2018
------------------ testing $PTII/ptolemy/domains/de/test/auto/ServerZeroDelay.xml
auto.tcl: Setting watchdog for 200 seconds at Thu May 10 15:03:36 UTC 2018
7 ms. Memory: 550400K Free: 535249K (97%)
ptolemy.util.test.WatchDog.cancel(): canceling Thu May 10 15:03:36 UTC 2018
auto.tcl: Setting watchdog for 200 seconds at Thu May 10 15:03:36 UTC 2018
2 ms. Memory: 550400K Free: 535249K (97%)
ptolemy.util.test.WatchDog.cancel(): canceling Thu May 10 15:03:36 UTC 2018
------------------ testing $PTII/ptolemy/domains/de/test/auto/SmartSender.xml
auto.tcl: Setting watchdog for 200 seconds at Thu May 10 15:03:36 UTC 2018
3001 ms. Memory: 549376K Free: 529541K (96%)
ptolemy.util.test.WatchDog.cancel(): canceling Thu May 10 15:03:39 UTC 2018
auto.tcl: Setting watchdog for 200 seconds at Thu May 10 15:03:39 UTC 2018
3002 ms. Memory: 549376K Free: 529541K (96%)
ptolemy.util.test.WatchDog.cancel(): canceling Thu May 10 15:03:42 UTC 2018
------------------ testing $PTII/ptolemy/domains/de/test/auto/ThreadedComposite.xml
auto.tcl: Setting watchdog for 200 seconds at Thu May 10 15:03:42 UTC 2018
189 ms. Memory: 550400K Free: 510045K (93%)
ptolemy.util.test.WatchDog.cancel(): canceling Thu May 10 15:03:43 UTC 2018
auto.tcl: Setting watchdog for 200 seconds at Thu May 10 15:03:43 UTC 2018
113 ms. Memory: 550400K Free: 495217K (90%)
ptolemy.util.test.WatchDog.cancel(): canceling Thu May 10 15:03:43 UTC 2018
------------------ testing $PTII/ptolemy/domains/de/test/auto/Time.xml
auto.tcl: Setting watchdog for 200 seconds at Thu May 10 15:03:43 UTC 2018
517 ms. Memory: 549376K Free: 482240K (88%)
ptolemy.util.test.WatchDog.cancel(): canceling Thu May 10 15:03:43 UTC 2018
auto.tcl: Setting watchdog for 200 seconds at Thu May 10 15:03:43 UTC 2018
457 ms. Memory: 549376K Free: 427557K (78%)
ptolemy.util.test.WatchDog.cancel(): canceling Thu May 10 15:03:44 UTC 2018
------------------ testing $PTII/ptolemy/domains/de/test/auto/TimeDelayZeroDelay.xml
auto.tcl: Setting watchdog for 200 seconds at Thu May 10 15:03:44 UTC 2018
1 ms. Memory: 550400K Free: 534938K (97%)
ptolemy.util.test.WatchDog.cancel(): canceling Thu May 10 15:03:44 UTC 2018
auto.tcl: Setting watchdog for 200 seconds at Thu May 10 15:03:44 UTC 2018
2 ms. Memory: 550400K Free: 534938K (97%)
ptolemy.util.test.WatchDog.cancel(): canceling Thu May 10 15:03:44 UTC 2018
------------------ testing $PTII/ptolemy/domains/de/test/auto/TimerZeroDelay.xml
auto.tcl: Setting watchdog for 200 seconds at Thu May 10 15:03:44 UTC 2018
2 ms. Memory: 549376K Free: 534188K (97%)
ptolemy.util.test.WatchDog.cancel(): canceling Thu May 10 15:03:44 UTC 2018
auto.tcl: Setting watchdog for 200 seconds at Thu May 10 15:03:44 UTC 2018
2 ms. Memory: 549376K Free: 534188K (97%)
ptolemy.util.test.WatchDog.cancel(): canceling Thu May 10 15:03:44 UTC 2018
------------------ testing $PTII/ptolemy/domains/de/test/auto/TimingParadox.xml
auto.tcl: Setting watchdog for 200 seconds at Thu May 10 15:03:44 UTC 2018
326 ms. Memory: 549888K Free: 464158K (84%)
ptolemy.util.test.WatchDog.cancel(): canceling Thu May 10 15:03:44 UTC 2018
auto.tcl: Setting watchdog for 200 seconds at Thu May 10 15:03:44 UTC 2018
306 ms. Memory: 549888K Free: 425880K (77%)
ptolemy.util.test.WatchDog.cancel(): canceling Thu May 10 15:03:45 UTC 2018
------------------ testing $PTII/ptolemy/domains/de/test/auto/TransferInputs.xml
auto.tcl: Setting watchdog for 200 seconds at Thu May 10 15:03:45 UTC 2018
2 ms. Memory: 549888K Free: 533604K (97%)
ptolemy.util.test.WatchDog.cancel(): canceling Thu May 10 15:03:45 UTC 2018
auto.tcl: Setting watchdog for 200 seconds at Thu May 10 15:03:45 UTC 2018
1 ms. Memory: 549888K Free: 533604K (97%)
ptolemy.util.test.WatchDog.cancel(): canceling Thu May 10 15:03:45 UTC 2018
------------------ testing $PTII/ptolemy/domains/de/test/auto/TransferOutputs2.xml
auto.tcl: Setting watchdog for 200 seconds at Thu May 10 15:03:45 UTC 2018
3 ms. Memory: 549376K Free: 524030K (95%)
ptolemy.util.test.WatchDog.cancel(): canceling Thu May 10 15:03:45 UTC 2018
auto.tcl: Setting watchdog for 200 seconds at Thu May 10 15:03:45 UTC 2018
3 ms. Memory: 549376K Free: 524030K (95%)
ptolemy.util.test.WatchDog.cancel(): canceling Thu May 10 15:03:45 UTC 2018
------------------ testing $PTII/ptolemy/domains/de/test/auto/Trilateration.xml
auto.tcl: Setting watchdog for 200 seconds at Thu May 10 15:03:45 UTC 2018
12982 ms. Memory: 766976K Free: 214460K (28%)
ptolemy.util.test.WatchDog.cancel(): canceling Thu May 10 15:03:59 UTC 2018
auto.tcl: Setting watchdog for 200 seconds at Thu May 10 15:03:59 UTC 2018
10756 ms. Memory: 646144K Free: 70767K (11%)
ptolemy.util.test.WatchDog.cancel(): canceling Thu May 10 15:04:10 UTC 2018
------------------ testing $PTII/ptolemy/domains/de/test/auto/TwoSigmaDelta.xml
auto.tcl: Setting watchdog for 200 seconds at Thu May 10 15:04:10 UTC 2018
2539 ms. Memory: 649728K Free: 342072K (53%)
ptolemy.util.test.WatchDog.cancel(): canceling Thu May 10 15:04:12 UTC 2018
auto.tcl: Setting watchdog for 200 seconds at Thu May 10 15:04:12 UTC 2018
1928 ms. Memory: 649728K Free: 116806K (18%)
ptolemy.util.test.WatchDog.cancel(): canceling Thu May 10 15:04:14 UTC 2018
------------------ testing $PTII/ptolemy/domains/de/test/auto/VariableDelay.xml
auto.tcl: Setting watchdog for 200 seconds at Thu May 10 15:04:14 UTC 2018
2 ms. Memory: 646656K Free: 626858K (97%)
ptolemy.util.test.WatchDog.cancel(): canceling Thu May 10 15:04:14 UTC 2018
auto.tcl: Setting watchdog for 200 seconds at Thu May 10 15:04:14 UTC 2018
2 ms. Memory: 646656K Free: 626858K (97%)
ptolemy.util.test.WatchDog.cancel(): canceling Thu May 10 15:04:14 UTC 2018
------------------ testing $PTII/ptolemy/domains/de/test/auto/VariableDelay2.xml
auto.tcl: Setting watchdog for 200 seconds at Thu May 10 15:04:14 UTC 2018
2 ms. Memory: 646144K Free: 626792K (97%)
ptolemy.util.test.WatchDog.cancel(): canceling Thu May 10 15:04:14 UTC 2018
auto.tcl: Setting watchdog for 200 seconds at Thu May 10 15:04:14 UTC 2018
2 ms. Memory: 646144K Free: 626792K (97%)
ptolemy.util.test.WatchDog.cancel(): canceling Thu May 10 15:04:14 UTC 2018
------------------ testing $PTII/ptolemy/domains/de/test/auto/VariableDelayZeroDelay.xml
auto.tcl: Setting watchdog for 200 seconds at Thu May 10 15:04:14 UTC 2018
2 ms. Memory: 646144K Free: 621144K (96%)
ptolemy.util.test.WatchDog.cancel(): canceling Thu May 10 15:04:15 UTC 2018
auto.tcl: Setting watchdog for 200 seconds at Thu May 10 15:04:15 UTC 2018
2 ms. Memory: 646144K Free: 621144K (96%)
ptolemy.util.test.WatchDog.cancel(): canceling Thu May 10 15:04:15 UTC 2018
------------------ testing $PTII/ptolemy/domains/de/test/auto/VariableDelayZeroDelay2.xml
auto.tcl: Setting watchdog for 200 seconds at Thu May 10 15:04:15 UTC 2018
1 ms. Memory: 649216K Free: 624214K (96%)
ptolemy.util.test.WatchDog.cancel(): canceling Thu May 10 15:04:15 UTC 2018
auto.tcl: Setting watchdog for 200 seconds at Thu May 10 15:04:15 UTC 2018
2 ms. Memory: 649216K Free: 624214K (96%)
ptolemy.util.test.WatchDog.cancel(): canceling Thu May 10 15:04:15 UTC 2018
------------------ testing $PTII/ptolemy/domains/de/test/auto/deInCt.xml
auto.tcl: Setting watchdog for 200 seconds at Thu May 10 15:04:15 UTC 2018
0
1
1
1
1
0
0
0
1
1
1
0
0
0
1
1
1
1
0
0
1
1
1
0
0
0
0
1
1
1
0
0
0
0
0
1
1
1
0
0
0
0
19 ms. Memory: 646144K Free: 621107K (96%)
ptolemy.util.test.WatchDog.cancel(): canceling Thu May 10 15:04:15 UTC 2018
auto.tcl: Setting watchdog for 200 seconds at Thu May 10 15:04:15 UTC 2018
0
1
1
1
1
0
0
0
1
1
1
0
0
0
0
1
1
1
1
1
0
0
0
1
1
1
0
0
0
1
1
1
1
1
8 ms. Memory: 646144K Free: 621107K (96%)
ptolemy.util.test.WatchDog.cancel(): canceling Thu May 10 15:04:15 UTC 2018
------------------ testing $PTII/ptolemy/domains/de/test/auto/deInCt2.xml
auto.tcl: Setting watchdog for 200 seconds at Thu May 10 15:04:15 UTC 2018
0
1
1
1
0
0
1
1
1
0
0
1
1
1
0
0
1
1
1
0
0
1
1
1
0
0
1
1
1
0
0
1
1
1
0
0
1
1
1
0
0
0
6 ms. Memory: 648704K Free: 629346K (97%)
ptolemy.util.test.WatchDog.cancel(): canceling Thu May 10 15:04:15 UTC 2018
auto.tcl: Setting watchdog for 200 seconds at Thu May 10 15:04:15 UTC 2018
0
1
1
1
0
0
1
1
1
0
0
1
1
1
0
0
1
1
1
0
0
1
1
1
0
0
1
1
1
0
0
1
1
1
0
0
1
1
1
0
0
0
6 ms. Memory: 648704K Free: 629346K (97%)
ptolemy.util.test.WatchDog.cancel(): canceling Thu May 10 15:04:15 UTC 2018
------------------ testing $PTII/ptolemy/domains/de/test/auto/dynamicCausalityInterface1.xml
auto.tcl: Setting watchdog for 200 seconds at Thu May 10 15:04:15 UTC 2018
2 ms. Memory: 646144K Free: 618227K (96%)
ptolemy.util.test.WatchDog.cancel(): canceling Thu May 10 15:04:15 UTC 2018
auto.tcl: Setting watchdog for 200 seconds at Thu May 10 15:04:15 UTC 2018
1 ms. Memory: 646144K Free: 618227K (96%)
ptolemy.util.test.WatchDog.cancel(): canceling Thu May 10 15:04:15 UTC 2018
------------------ testing $PTII/ptolemy/domains/de/test/auto/fsm_de_test.xml
auto.tcl: Setting watchdog for 200 seconds at Thu May 10 15:04:15 UTC 2018
12 ms. Memory: 648192K Free: 623078K (96%)
ptolemy.util.test.WatchDog.cancel(): canceling Thu May 10 15:04:15 UTC 2018
auto.tcl: Setting watchdog for 200 seconds at Thu May 10 15:04:15 UTC 2018
3 ms. Memory: 648192K Free: 614539K (95%)
ptolemy.util.test.WatchDog.cancel(): canceling Thu May 10 15:04:15 UTC 2018
------------------ testing $PTII/ptolemy/domains/de/test/auto/functionDependencyReconstruction.xml
auto.tcl: Setting watchdog for 200 seconds at Thu May 10 15:04:15 UTC 2018
2 ms. Memory: 646144K Free: 612482K (95%)
ptolemy.util.test.WatchDog.cancel(): canceling Thu May 10 15:04:15 UTC 2018
auto.tcl: Setting watchdog for 200 seconds at Thu May 10 15:04:15 UTC 2018
3 ms. Memory: 646144K Free: 603943K (93%)
ptolemy.util.test.WatchDog.cancel(): canceling Thu May 10 15:04:15 UTC 2018
------------------ testing $PTII/ptolemy/domains/de/test/auto/multirate.xml
auto.tcl: Setting watchdog for 200 seconds at Thu May 10 15:04:15 UTC 2018
2 ms. Memory: 648192K Free: 622944K (96%)
ptolemy.util.test.WatchDog.cancel(): canceling Thu May 10 15:04:15 UTC 2018
auto.tcl: Setting watchdog for 200 seconds at Thu May 10 15:04:15 UTC 2018
3 ms. Memory: 648192K Free: 622912K (96%)
ptolemy.util.test.WatchDog.cancel(): canceling Thu May 10 15:04:15 UTC 2018
------------------ testing $PTII/ptolemy/domains/de/test/auto/multirate2.xml
auto.tcl: Setting watchdog for 200 seconds at Thu May 10 15:04:15 UTC 2018
4 ms. Memory: 646144K Free: 621085K (96%)
ptolemy.util.test.WatchDog.cancel(): canceling Thu May 10 15:04:15 UTC 2018
auto.tcl: Setting watchdog for 200 seconds at Thu May 10 15:04:15 UTC 2018
4 ms. Memory: 646144K Free: 621085K (96%)
ptolemy.util.test.WatchDog.cancel(): canceling Thu May 10 15:04:15 UTC 2018
------------------ testing $PTII/ptolemy/domains/de/test/auto/realtime.xml
auto.tcl: Setting watchdog for 200 seconds at Thu May 10 15:04:15 UTC 2018
10002 ms. Memory: 647680K Free: 622588K (96%)
ptolemy.util.test.WatchDog.cancel(): canceling Thu May 10 15:04:25 UTC 2018
auto.tcl: Setting watchdog for 200 seconds at Thu May 10 15:04:25 UTC 2018
10001 ms. Memory: 647680K Free: 622588K (96%)
ptolemy.util.test.WatchDog.cancel(): canceling Thu May 10 15:04:35 UTC 2018
------------------ testing $PTII/ptolemy/domains/de/test/auto/relationGroup.xml
auto.tcl: Setting watchdog for 200 seconds at Thu May 10 15:04:35 UTC 2018
2 ms. Memory: 646144K Free: 626757K (97%)
ptolemy.util.test.WatchDog.cancel(): canceling Thu May 10 15:04:35 UTC 2018
auto.tcl: Setting watchdog for 200 seconds at Thu May 10 15:04:35 UTC 2018
1 ms. Memory: 646144K Free: 626757K (97%)
ptolemy.util.test.WatchDog.cancel(): canceling Thu May 10 15:04:35 UTC 2018
------------------ testing $PTII/ptolemy/domains/de/test/auto/relationGroup2.xml
auto.tcl: Setting watchdog for 200 seconds at Thu May 10 15:04:35 UTC 2018
5 ms. Memory: 647680K Free: 622673K (96%)
ptolemy.util.test.WatchDog.cancel(): canceling Thu May 10 15:04:35 UTC 2018
auto.tcl: Setting watchdog for 200 seconds at Thu May 10 15:04:35 UTC 2018
1 ms. Memory: 647680K Free: 622673K (96%)
ptolemy.util.test.WatchDog.cancel(): canceling Thu May 10 15:04:35 UTC 2018
------------------ testing $PTII/ptolemy/domains/de/test/auto/sortWithOpaquePorts.xml
auto.tcl: Setting watchdog for 200 seconds at Thu May 10 15:04:35 UTC 2018
1 ms. Memory: 646144K Free: 621138K (96%)
ptolemy.util.test.WatchDog.cancel(): canceling Thu May 10 15:04:35 UTC 2018
auto.tcl: Setting watchdog for 200 seconds at Thu May 10 15:04:35 UTC 2018
1 ms. Memory: 646144K Free: 621138K (96%)
ptolemy.util.test.WatchDog.cancel(): canceling Thu May 10 15:04:35 UTC 2018
------------------ testing $PTII/ptolemy/domains/de/test/auto/transferInputsandOutputs.xml
auto.tcl: Setting watchdog for 200 seconds at Thu May 10 15:04:35 UTC 2018
2 ms. Memory: 647168K Free: 622116K (96%)
ptolemy.util.test.WatchDog.cancel(): canceling Thu May 10 15:04:35 UTC 2018
auto.tcl: Setting watchdog for 200 seconds at Thu May 10 15:04:35 UTC 2018
1 ms. Memory: 647168K Free: 622116K (96%)
ptolemy.util.test.WatchDog.cancel(): canceling Thu May 10 15:04:35 UTC 2018
------------------ testing $PTII/ptolemy/domains/de/test/auto/triggerType.xml
auto.tcl: Setting watchdog for 200 seconds at Thu May 10 15:04:36 UTC 2018
1 ms. Memory: 646144K Free: 621075K (96%)
ptolemy.util.test.WatchDog.cancel(): canceling Thu May 10 15:04:36 UTC 2018
auto.tcl: Setting watchdog for 200 seconds at Thu May 10 15:04:36 UTC 2018
1 ms. Memory: 646144K Free: 621075K (96%)
ptolemy.util.test.WatchDog.cancel(): canceling Thu May 10 15:04:36 UTC 2018
05/10/18 03:04:36
Failed: 0  Total Tests: 192  ((Passed: 187, Newly Passed: 1)  Known Failed: 5) /home/travis/build/icyphy/ptII/ptolemy/domains/de/test
05/10/18 03:04:36
Failed: 0  Total Tests: 192  ((Passed: 187, Newly Passed: 1)  Known Failed: 5) /home/travis/build/icyphy/ptII/ptolemy/domains/de/test
----------------- testing (KnownFailure) /home/travis/build/icyphy/ptII/ptolemy/domains/de/test/auto/knownFailedTests/DESDFClockTest.xml
2007 ms. Memory: 647168K Free: 610825K (94%)
Known Failure: java.lang.reflect.InvocationTargetException
----------------- testing (KnownFailure) /home/travis/build/icyphy/ptII/ptolemy/domains/de/test/auto/knownFailedTests/DirectFeedback.xml
1 ms. Memory: 647168K Free: 565646K (87%)
Known Failure: java.lang.reflect.InvocationTargetException
----------------- testing (KnownFailure) /home/travis/build/icyphy/ptII/ptolemy/domains/de/test/auto/knownFailedTests/FSMSource.xml
4 ms. Memory: 647168K Free: 520467K (80%)
----------------- testing (KnownFailure) /home/travis/build/icyphy/ptII/ptolemy/domains/de/test/auto/knownFailedTests/HierarchicalModel.xml
1 ms. Memory: 647168K Free: 486567K (75%)
Known Failure: java.lang.reflect.InvocationTargetException
----------------- testing (KnownFailure) /home/travis/build/icyphy/ptII/ptolemy/domains/de/test/auto/knownFailedTests/dependencyLoop.xml
2 ms. Memory: 647168K Free: 430077K (66%)
Known Failure: java.lang.reflect.InvocationTargetException
----------------- testing (KnownFailure) /home/travis/build/icyphy/ptII/ptolemy/domains/de/test/auto/knownFailedTests/dependencyLoop2.xml
4 ms. Memory: 647168K Free: 373595K (58%)
Known Failure: java.lang.reflect.InvocationTargetException
No auto/*.xml tests in /home/travis/build/icyphy/ptII/ptolemy/domains/de/test
AutoTests.java: About to close Vertx.
AutoTests.java: Vertx closed.
----------------- testing Thu May 10 15:04:38 UTC 2018 /home/travis/build/icyphy/ptII/ptolemy/domains/de/test/auto/ActorDepthCalculation_actorWithoutPorts.xml
----------------- Instantiating /home/travis/build/icyphy/ptII/ptolemy/domains/de/test/auto/ActorDepthCalculation_actorWithoutPorts.xml
2 ms. Memory: 647168K Free: 317121K (49%)
----------------- Invoking toplevel() on ptolemy.moml.MoMLSimpleApplication@25424342
----------------- Done invoking toplevel() on ptolemy.moml.MoMLSimpleApplication@25424342
reloadAllAccessors: .ActorDepthCalculation_actorWithoutPorts
----------------- testing Thu May 10 15:04:38 UTC 2018 /home/travis/build/icyphy/ptII/ptolemy/domains/de/test/auto/AssemblyLine.xml
----------------- Instantiating /home/travis/build/icyphy/ptII/ptolemy/domains/de/test/auto/AssemblyLine.xml
2 ms. Memory: 647168K Free: 294531K (46%)
----------------- Invoking toplevel() on ptolemy.moml.MoMLSimpleApplication@58b0c668
----------------- Done invoking toplevel() on ptolemy.moml.MoMLSimpleApplication@58b0c668
reloadAllAccessors: .AssemblyLine
----------------- testing Thu May 10 15:04:38 UTC 2018 /home/travis/build/icyphy/ptII/ptolemy/domains/de/test/auto/CQBug1.xml
----------------- Instantiating /home/travis/build/icyphy/ptII/ptolemy/domains/de/test/auto/CQBug1.xml
0 ms. Memory: 647168K Free: 271942K (42%)
----------------- Invoking toplevel() on ptolemy.moml.MoMLSimpleApplication@20c10ab3
----------------- Done invoking toplevel() on ptolemy.moml.MoMLSimpleApplication@20c10ab3
reloadAllAccessors: .CQBug1
----------------- testing Thu May 10 15:04:38 UTC 2018 /home/travis/build/icyphy/ptII/ptolemy/domains/de/test/auto/CancelFireAt.xml
----------------- Instantiating /home/travis/build/icyphy/ptII/ptolemy/domains/de/test/auto/CancelFireAt.xml
2 ms. Memory: 647168K Free: 249352K (39%)
----------------- Invoking toplevel() on ptolemy.moml.MoMLSimpleApplication@1404e379
----------------- Done invoking toplevel() on ptolemy.moml.MoMLSimpleApplication@1404e379
reloadAllAccessors: .CancelFireAt
----------------- testing Thu May 10 15:04:38 UTC 2018 /home/travis/build/icyphy/ptII/ptolemy/domains/de/test/auto/CausalityAndComposabilityAnalysis.xml
----------------- Instantiating /home/travis/build/icyphy/ptII/ptolemy/domains/de/test/auto/CausalityAndComposabilityAnalysis.xml
1 ms. Memory: 647168K Free: 226763K (35%)
----------------- Invoking toplevel() on ptolemy.moml.MoMLSimpleApplication@7ea1d453
----------------- Done invoking toplevel() on ptolemy.moml.MoMLSimpleApplication@7ea1d453
reloadAllAccessors: .CausalityAndComposabilityAnalysis
----------------- testing Thu May 10 15:04:38 UTC 2018 /home/travis/build/icyphy/ptII/ptolemy/domains/de/test/auto/CausalityInterface1.xml
----------------- Instantiating /home/travis/build/icyphy/ptII/ptolemy/domains/de/test/auto/CausalityInterface1.xml
3 ms. Memory: 647168K Free: 204173K (32%)
----------------- Invoking toplevel() on ptolemy.moml.MoMLSimpleApplication@507d9f59
----------------- Done invoking toplevel() on ptolemy.moml.MoMLSimpleApplication@507d9f59
reloadAllAccessors: .CausalityInterface1
----------------- testing Thu May 10 15:04:38 UTC 2018 /home/travis/build/icyphy/ptII/ptolemy/domains/de/test/auto/CausalityInterface15.xml
----------------- Instantiating /home/travis/build/icyphy/ptII/ptolemy/domains/de/test/auto/CausalityInterface15.xml
2 ms. Memory: 647168K Free: 181584K (28%)
----------------- Invoking toplevel() on ptolemy.moml.MoMLSimpleApplication@22ef552e
----------------- Done invoking toplevel() on ptolemy.moml.MoMLSimpleApplication@22ef552e
reloadAllAccessors: .CausalityInterface15
----------------- testing Thu May 10 15:04:38 UTC 2018 /home/travis/build/icyphy/ptII/ptolemy/domains/de/test/auto/CausalityInterface2.xml
----------------- Instantiating /home/travis/build/icyphy/ptII/ptolemy/domains/de/test/auto/CausalityInterface2.xml
1 ms. Memory: 647168K Free: 158994K (25%)
----------------- Invoking toplevel() on ptolemy.moml.MoMLSimpleApplication@488f3170
----------------- Done invoking toplevel() on ptolemy.moml.MoMLSimpleApplication@488f3170
reloadAllAccessors: .CausalityInterface2
----------------- testing Thu May 10 15:04:38 UTC 2018 /home/travis/build/icyphy/ptII/ptolemy/domains/de/test/auto/CausalityInterface3.xml
----------------- Instantiating /home/travis/build/icyphy/ptII/ptolemy/domains/de/test/auto/CausalityInterface3.xml
4 ms. Memory: 647168K Free: 136405K (21%)
----------------- Invoking toplevel() on ptolemy.moml.MoMLSimpleApplication@6705f51c
----------------- Done invoking toplevel() on ptolemy.moml.MoMLSimpleApplication@6705f51c
reloadAllAccessors: .CausalityInterface3
----------------- testing Thu May 10 15:04:38 UTC 2018 /home/travis/build/icyphy/ptII/ptolemy/domains/de/test/auto/ClockDrift.xml
----------------- Instantiating /home/travis/build/icyphy/ptII/ptolemy/domains/de/test/auto/ClockDrift.xml
8 ms. Memory: 647168K Free: 113815K (18%)
----------------- Invoking toplevel() on ptolemy.moml.MoMLSimpleApplication@605b07fe
----------------- Done invoking toplevel() on ptolemy.moml.MoMLSimpleApplication@605b07fe
reloadAllAccessors: .ClockDrift
----------------- testing Thu May 10 15:04:38 UTC 2018 /home/travis/build/icyphy/ptII/ptolemy/domains/de/test/auto/ClockDriftAndValueChange.xml
----------------- Instantiating /home/travis/build/icyphy/ptII/ptolemy/domains/de/test/auto/ClockDriftAndValueChange.xml
8 ms. Memory: 647168K Free: 91225K (14%)
----------------- Invoking toplevel() on ptolemy.moml.MoMLSimpleApplication@7a1cca76
----------------- Done invoking toplevel() on ptolemy.moml.MoMLSimpleApplication@7a1cca76
reloadAllAccessors: .ClockDriftAndValueChange
----------------- testing Thu May 10 15:04:38 UTC 2018 /home/travis/build/icyphy/ptII/ptolemy/domains/de/test/auto/ClockDriftChange.xml
----------------- Instantiating /home/travis/build/icyphy/ptII/ptolemy/domains/de/test/auto/ClockDriftChange.xml
8 ms. Memory: 647168K Free: 77250K (12%)
----------------- Invoking toplevel() on ptolemy.moml.MoMLSimpleApplication@42f4b3ba
----------------- Done invoking toplevel() on ptolemy.moml.MoMLSimpleApplication@42f4b3ba
reloadAllAccessors: .ClockDriftChange
----------------- testing Thu May 10 15:04:38 UTC 2018 /home/travis/build/icyphy/ptII/ptolemy/domains/de/test/auto/ComposableCausalityAnalysis.xml
----------------- Instantiating /home/travis/build/icyphy/ptII/ptolemy/domains/de/test/auto/ComposableCausalityAnalysis.xml
1 ms. Memory: 619520K Free: 597929K (97%)
----------------- Invoking toplevel() on ptolemy.moml.MoMLSimpleApplication@5a6bf33b
----------------- Done invoking toplevel() on ptolemy.moml.MoMLSimpleApplication@5a6bf33b
reloadAllAccessors: .ComposableCausalityAnalysis
----------------- testing Thu May 10 15:04:38 UTC 2018 /home/travis/build/icyphy/ptII/ptolemy/domains/de/test/auto/DEFixedPointLimitation.xml
----------------- Instantiating /home/travis/build/icyphy/ptII/ptolemy/domains/de/test/auto/DEFixedPointLimitation.xml
1 ms. Memory: 619520K Free: 581878K (94%)
----------------- Invoking toplevel() on ptolemy.moml.MoMLSimpleApplication@3ca278e2
----------------- Done invoking toplevel() on ptolemy.moml.MoMLSimpleApplication@3ca278e2
reloadAllAccessors: .DEFixedPointLimitation
----------------- testing Thu May 10 15:04:38 UTC 2018 /home/travis/build/icyphy/ptII/ptolemy/domains/de/test/auto/DEScheduleTest.xml
----------------- Instantiating /home/travis/build/icyphy/ptII/ptolemy/domains/de/test/auto/DEScheduleTest.xml
1 ms. Memory: 619520K Free: 571116K (92%)
----------------- Invoking toplevel() on ptolemy.moml.MoMLSimpleApplication@4d733f03
----------------- Done invoking toplevel() on ptolemy.moml.MoMLSimpleApplication@4d733f03
reloadAllAccessors: .DEScheduleTest
----------------- testing Thu May 10 15:04:38 UTC 2018 /home/travis/build/icyphy/ptII/ptolemy/domains/de/test/auto/DEinDEwithStartTimes.xml
----------------- Instantiating /home/travis/build/icyphy/ptII/ptolemy/domains/de/test/auto/DEinDEwithStartTimes.xml
2 ms. Memory: 619520K Free: 560354K (90%)
----------------- Invoking toplevel() on ptolemy.moml.MoMLSimpleApplication@31388153
----------------- Done invoking toplevel() on ptolemy.moml.MoMLSimpleApplication@31388153
reloadAllAccessors: .DEinDEwithStartTimes
----------------- testing Thu May 10 15:04:38 UTC 2018 /home/travis/build/icyphy/ptII/ptolemy/domains/de/test/auto/DEinDEwithStartTimes2.xml
----------------- Instantiating /home/travis/build/icyphy/ptII/ptolemy/domains/de/test/auto/DEinDEwithStartTimes2.xml
1 ms. Memory: 619520K Free: 544174K (88%)
----------------- Invoking toplevel() on ptolemy.moml.MoMLSimpleApplication@4da8ebc4
----------------- Done invoking toplevel() on ptolemy.moml.MoMLSimpleApplication@4da8ebc4
reloadAllAccessors: .DEinDEwithStartTimes2
----------------- testing Thu May 10 15:04:38 UTC 2018 /home/travis/build/icyphy/ptII/ptolemy/domains/de/test/auto/DateDemo.xml
----------------- Instantiating /home/travis/build/icyphy/ptII/ptolemy/domains/de/test/auto/DateDemo.xml
4 ms. Memory: 619520K Free: 528031K (85%)
----------------- Invoking toplevel() on ptolemy.moml.MoMLSimpleApplication@bb2fce6
----------------- Done invoking toplevel() on ptolemy.moml.MoMLSimpleApplication@bb2fce6
reloadAllAccessors: .DateDemo
----------------- testing Thu May 10 15:04:38 UTC 2018 /home/travis/build/icyphy/ptII/ptolemy/domains/de/test/auto/DateToEvent.xml
----------------- Instantiating /home/travis/build/icyphy/ptII/ptolemy/domains/de/test/auto/DateToEvent.xml
2004 ms. Memory: 619520K Free: 501093K (81%)
----------------- Invoking toplevel() on ptolemy.moml.MoMLSimpleApplication@69b23494
----------------- Done invoking toplevel() on ptolemy.moml.MoMLSimpleApplication@69b23494
reloadAllAccessors: .DateToEvent
----------------- testing Thu May 10 15:04:40 UTC 2018 /home/travis/build/icyphy/ptII/ptolemy/domains/de/test/auto/DepthTest1.xml
----------------- Instantiating /home/travis/build/icyphy/ptII/ptolemy/domains/de/test/auto/DepthTest1.xml
1 ms. Memory: 619520K Free: 490331K (79%)
----------------- Invoking toplevel() on ptolemy.moml.MoMLSimpleApplication@4c364355
----------------- Done invoking toplevel() on ptolemy.moml.MoMLSimpleApplication@4c364355
reloadAllAccessors: .DepthTest1
----------------- testing Thu May 10 15:04:40 UTC 2018 /home/travis/build/icyphy/ptII/ptolemy/domains/de/test/auto/DepthTest2.xml
----------------- Instantiating /home/travis/build/icyphy/ptII/ptolemy/domains/de/test/auto/DepthTest2.xml
2 ms. Memory: 619520K Free: 474187K (77%)
----------------- Invoking toplevel() on ptolemy.moml.MoMLSimpleApplication@77a2a1f7
----------------- Done invoking toplevel() on ptolemy.moml.MoMLSimpleApplication@77a2a1f7
reloadAllAccessors: .DepthTest2
----------------- testing Thu May 10 15:04:40 UTC 2018 /home/travis/build/icyphy/ptII/ptolemy/domains/de/test/auto/DepthTest3.xml
----------------- Instantiating /home/travis/build/icyphy/ptII/ptolemy/domains/de/test/auto/DepthTest3.xml
1 ms. Memory: 619520K Free: 463425K (75%)
----------------- Invoking toplevel() on ptolemy.moml.MoMLSimpleApplication@7aff7209
----------------- Done invoking toplevel() on ptolemy.moml.MoMLSimpleApplication@7aff7209
reloadAllAccessors: .DepthTest3
----------------- testing Thu May 10 15:04:40 UTC 2018 /home/travis/build/icyphy/ptII/ptolemy/domains/de/test/auto/DepthTest4.xml
----------------- Instantiating /home/travis/build/icyphy/ptII/ptolemy/domains/de/test/auto/DepthTest4.xml
1 ms. Memory: 619520K Free: 452663K (73%)
----------------- Invoking toplevel() on ptolemy.moml.MoMLSimpleApplication@77285b97
----------------- Done invoking toplevel() on ptolemy.moml.MoMLSimpleApplication@77285b97
reloadAllAccessors: .DepthTest4
----------------- testing Thu May 10 15:04:40 UTC 2018 /home/travis/build/icyphy/ptII/ptolemy/domains/de/test/auto/DepthTest5.xml
----------------- Instantiating /home/travis/build/icyphy/ptII/ptolemy/domains/de/test/auto/DepthTest5.xml
1 ms. Memory: 619520K Free: 441900K (71%)
----------------- Invoking toplevel() on ptolemy.moml.MoMLSimpleApplication@286e29da
----------------- Done invoking toplevel() on ptolemy.moml.MoMLSimpleApplication@286e29da
reloadAllAccessors: .DepthTest5
----------------- testing Thu May 10 15:04:40 UTC 2018 /home/travis/build/icyphy/ptII/ptolemy/domains/de/test/auto/DepthTest6.xml
----------------- Instantiating /home/travis/build/icyphy/ptII/ptolemy/domains/de/test/auto/DepthTest6.xml
1 ms. Memory: 619520K Free: 425849K (69%)
----------------- Invoking toplevel() on ptolemy.moml.MoMLSimpleApplication@c7a84f0
----------------- Done invoking toplevel() on ptolemy.moml.MoMLSimpleApplication@c7a84f0
reloadAllAccessors: .DepthTest6
----------------- testing Thu May 10 15:04:40 UTC 2018 /home/travis/build/icyphy/ptII/ptolemy/domains/de/test/auto/DepthTest7.xml
----------------- Instantiating /home/travis/build/icyphy/ptII/ptolemy/domains/de/test/auto/DepthTest7.xml
2 ms. Memory: 619520K Free: 415087K (67%)
----------------- Invoking toplevel() on ptolemy.moml.MoMLSimpleApplication@93f75f6
----------------- Done invoking toplevel() on ptolemy.moml.MoMLSimpleApplication@93f75f6
reloadAllAccessors: .DepthTest7
----------------- testing Thu May 10 15:04:40 UTC 2018 /home/travis/build/icyphy/ptII/ptolemy/domains/de/test/auto/EventToDate.xml
----------------- Instantiating /home/travis/build/icyphy/ptII/ptolemy/domains/de/test/auto/EventToDate.xml
3004 ms. Memory: 619520K Free: 393546K (64%)
----------------- Invoking toplevel() on ptolemy.moml.MoMLSimpleApplication@529cba8c
----------------- Done invoking toplevel() on ptolemy.moml.MoMLSimpleApplication@529cba8c
reloadAllAccessors: .EventToDate
----------------- testing Thu May 10 15:04:43 UTC 2018 /home/travis/build/icyphy/ptII/ptolemy/domains/de/test/auto/FSM1.xml
----------------- Instantiating /home/travis/build/icyphy/ptII/ptolemy/domains/de/test/auto/FSM1.xml
11 ms. Memory: 619520K Free: 377386K (61%)
----------------- Invoking toplevel() on ptolemy.moml.MoMLSimpleApplication@560ac8fc
----------------- Done invoking toplevel() on ptolemy.moml.MoMLSimpleApplication@560ac8fc
reloadAllAccessors: .FSM1
----------------- testing Thu May 10 15:04:43 UTC 2018 /home/travis/build/icyphy/ptII/ptolemy/domains/de/test/auto/FSM7.xml
----------------- Instantiating /home/travis/build/icyphy/ptII/ptolemy/domains/de/test/auto/FSM7.xml
13 ms. Memory: 619520K Free: 361243K (58%)
----------------- Invoking toplevel() on ptolemy.moml.MoMLSimpleApplication@76d89fc6
----------------- Done invoking toplevel() on ptolemy.moml.MoMLSimpleApplication@76d89fc6
reloadAllAccessors: .FSM7
----------------- testing Thu May 10 15:04:43 UTC 2018 /home/travis/build/icyphy/ptII/ptolemy/domains/de/test/auto/Inspection.xml
----------------- Instantiating /home/travis/build/icyphy/ptII/ptolemy/domains/de/test/auto/Inspection.xml
12 ms. Memory: 619520K Free: 339702K (55%)
----------------- Invoking toplevel() on ptolemy.moml.MoMLSimpleApplication@5e075e42
----------------- Done invoking toplevel() on ptolemy.moml.MoMLSimpleApplication@5e075e42
reloadAllAccessors: .Inspection
----------------- testing Thu May 10 15:04:43 UTC 2018 /home/travis/build/icyphy/ptII/ptolemy/domains/de/test/auto/Iteration.xml
----------------- Instantiating /home/travis/build/icyphy/ptII/ptolemy/domains/de/test/auto/Iteration.xml
10 ms. Memory: 619520K Free: 323543K (52%)
----------------- Invoking toplevel() on ptolemy.moml.MoMLSimpleApplication@53fa330c
----------------- Done invoking toplevel() on ptolemy.moml.MoMLSimpleApplication@53fa330c
reloadAllAccessors: .Iteration
----------------- testing Thu May 10 15:04:43 UTC 2018 /home/travis/build/icyphy/ptII/ptolemy/domains/de/test/auto/LineFault.xml
----------------- Instantiating /home/travis/build/icyphy/ptII/ptolemy/domains/de/test/auto/LineFault.xml
388 ms. Memory: 619520K Free: 199695K (32%)
----------------- Invoking toplevel() on ptolemy.moml.MoMLSimpleApplication@32ae6391
----------------- Done invoking toplevel() on ptolemy.moml.MoMLSimpleApplication@32ae6391
reloadAllAccessors: .LineFault
----------------- testing Thu May 10 15:04:44 UTC 2018 /home/travis/build/icyphy/ptII/ptolemy/domains/de/test/auto/MergeModel1Add.xml
----------------- Instantiating /home/travis/build/icyphy/ptII/ptolemy/domains/de/test/auto/MergeModel1Add.xml
5 ms. Memory: 619520K Free: 172766K (28%)
----------------- Invoking toplevel() on ptolemy.moml.MoMLSimpleApplication@3aadb402
----------------- Done invoking toplevel() on ptolemy.moml.MoMLSimpleApplication@3aadb402
reloadAllAccessors: .MergeModel1Add
----------------- testing Thu May 10 15:04:44 UTC 2018 /home/travis/build/icyphy/ptII/ptolemy/domains/de/test/auto/MergeModel2Add.xml
----------------- Instantiating /home/travis/build/icyphy/ptII/ptolemy/domains/de/test/auto/MergeModel2Add.xml
4 ms. Memory: 619520K Free: 145844K (24%)
----------------- Invoking toplevel() on ptolemy.moml.MoMLSimpleApplication@69a3947e
----------------- Done invoking toplevel() on ptolemy.moml.MoMLSimpleApplication@69a3947e
reloadAllAccessors: .MergeModel2Add
----------------- testing Thu May 10 15:04:44 UTC 2018 /home/travis/build/icyphy/ptII/ptolemy/domains/de/test/auto/MergeModel3Add.xml
----------------- Instantiating /home/travis/build/icyphy/ptII/ptolemy/domains/de/test/auto/MergeModel3Add.xml
4 ms. Memory: 619520K Free: 118906K (19%)
----------------- Invoking toplevel() on ptolemy.moml.MoMLSimpleApplication@2a740e9
----------------- Done invoking toplevel() on ptolemy.moml.MoMLSimpleApplication@2a740e9
reloadAllAccessors: .MergeModel3Add
----------------- testing Thu May 10 15:04:44 UTC 2018 /home/travis/build/icyphy/ptII/ptolemy/domains/de/test/auto/MergeWithoutDiscard.xml
----------------- Instantiating /home/travis/build/icyphy/ptII/ptolemy/domains/de/test/auto/MergeWithoutDiscard.xml
1 ms. Memory: 619520K Free: 102855K (17%)
----------------- Invoking toplevel() on ptolemy.moml.MoMLSimpleApplication@294f6570
----------------- Done invoking toplevel() on ptolemy.moml.MoMLSimpleApplication@294f6570
reloadAllAccessors: .MergeWithoutDiscard
----------------- testing Thu May 10 15:04:44 UTC 2018 /home/travis/build/icyphy/ptII/ptolemy/domains/de/test/auto/Modal1.xml
----------------- Instantiating /home/travis/build/icyphy/ptII/ptolemy/domains/de/test/auto/Modal1.xml
6 ms. Memory: 619520K Free: 86695K (14%)
----------------- Invoking toplevel() on ptolemy.moml.MoMLSimpleApplication@5067aedb
----------------- Done invoking toplevel() on ptolemy.moml.MoMLSimpleApplication@5067aedb
reloadAllAccessors: .Modal1
----------------- testing Thu May 10 15:04:44 UTC 2018 /home/travis/build/icyphy/ptII/ptolemy/domains/de/test/auto/Modal2.xml
----------------- Instantiating /home/travis/build/icyphy/ptII/ptolemy/domains/de/test/auto/Modal2.xml
12 ms. Memory: 595456K Free: 584511K (98%)
----------------- Invoking toplevel() on ptolemy.moml.MoMLSimpleApplication@561ccc6
----------------- Done invoking toplevel() on ptolemy.moml.MoMLSimpleApplication@561ccc6
reloadAllAccessors: .Modal2
----------------- testing Thu May 10 15:04:44 UTC 2018 /home/travis/build/icyphy/ptII/ptolemy/domains/de/test/auto/Modal3.xml
----------------- Instantiating /home/travis/build/icyphy/ptII/ptolemy/domains/de/test/auto/Modal3.xml
6 ms. Memory: 595456K Free: 563094K (95%)
----------------- Invoking toplevel() on ptolemy.moml.MoMLSimpleApplication@45827d89
----------------- Done invoking toplevel() on ptolemy.moml.MoMLSimpleApplication@45827d89
reloadAllAccessors: .Modal3
----------------- testing Thu May 10 15:04:44 UTC 2018 /home/travis/build/icyphy/ptII/ptolemy/domains/de/test/auto/Modal4.xml
----------------- Instantiating /home/travis/build/icyphy/ptII/ptolemy/domains/de/test/auto/Modal4.xml
9 ms. Memory: 595456K Free: 547687K (92%)
----------------- Invoking toplevel() on ptolemy.moml.MoMLSimpleApplication@311c3163
----------------- Done invoking toplevel() on ptolemy.moml.MoMLSimpleApplication@311c3163
reloadAllAccessors: .Modal4
----------------- testing Thu May 10 15:04:44 UTC 2018 /home/travis/build/icyphy/ptII/ptolemy/domains/de/test/auto/Modal5.xml
----------------- Instantiating /home/travis/build/icyphy/ptII/ptolemy/domains/de/test/auto/Modal5.xml
7 ms. Memory: 595456K Free: 532280K (89%)
----------------- Invoking toplevel() on ptolemy.moml.MoMLSimpleApplication@7816f4df
----------------- Done invoking toplevel() on ptolemy.moml.MoMLSimpleApplication@7816f4df
reloadAllAccessors: .Modal5
----------------- testing Thu May 10 15:04:44 UTC 2018 /home/travis/build/icyphy/ptII/ptolemy/domains/de/test/auto/Modal6.xml
----------------- Instantiating /home/travis/build/icyphy/ptII/ptolemy/domains/de/test/auto/Modal6.xml
8 ms. Memory: 595456K Free: 516874K (87%)
----------------- Invoking toplevel() on ptolemy.moml.MoMLSimpleApplication@537f6752
----------------- Done invoking toplevel() on ptolemy.moml.MoMLSimpleApplication@537f6752
reloadAllAccessors: .Modal6
----------------- testing Thu May 10 15:04:44 UTC 2018 /home/travis/build/icyphy/ptII/ptolemy/domains/de/test/auto/Modal7.xml
----------------- Instantiating /home/travis/build/icyphy/ptII/ptolemy/domains/de/test/auto/Modal7.xml
6 ms. Memory: 595456K Free: 496320K (83%)
----------------- Invoking toplevel() on ptolemy.moml.MoMLSimpleApplication@2f500bb7
----------------- Done invoking toplevel() on ptolemy.moml.MoMLSimpleApplication@2f500bb7
reloadAllAccessors: .Modal7
----------------- testing Thu May 10 15:04:44 UTC 2018 /home/travis/build/icyphy/ptII/ptolemy/domains/de/test/auto/ModalModel.xml
----------------- Instantiating /home/travis/build/icyphy/ptII/ptolemy/domains/de/test/auto/ModalModel.xml
93 ms. Memory: 595456K Free: 424399K (71%)
----------------- Invoking toplevel() on ptolemy.moml.MoMLSimpleApplication@372f6f7f
----------------- Done invoking toplevel() on ptolemy.moml.MoMLSimpleApplication@372f6f7f
reloadAllAccessors: .ModalModel
----------------- testing Thu May 10 15:04:44 UTC 2018 /home/travis/build/icyphy/ptII/ptolemy/domains/de/test/auto/ModalSource.xml
----------------- Instantiating /home/travis/build/icyphy/ptII/ptolemy/domains/de/test/auto/ModalSource.xml
4 ms. Memory: 595456K Free: 405586K (68%)
----------------- Invoking toplevel() on ptolemy.moml.MoMLSimpleApplication@45906073
----------------- Done invoking toplevel() on ptolemy.moml.MoMLSimpleApplication@45906073
reloadAllAccessors: .ModalSource
----------------- testing Thu May 10 15:04:44 UTC 2018 /home/travis/build/icyphy/ptII/ptolemy/domains/de/test/auto/NonInterruptibleTimerZeroDelay.xml
----------------- Instantiating /home/travis/build/icyphy/ptII/ptolemy/domains/de/test/auto/NonInterruptibleTimerZeroDelay.xml
1 ms. Memory: 595456K Free: 395326K (66%)
----------------- Invoking toplevel() on ptolemy.moml.MoMLSimpleApplication@1fa202b3
----------------- Done invoking toplevel() on ptolemy.moml.MoMLSimpleApplication@1fa202b3
reloadAllAccessors: .NonInterruptibleTimerZeroDelay
----------------- testing Thu May 10 15:04:44 UTC 2018 /home/travis/build/icyphy/ptII/ptolemy/domains/de/test/auto/OpenQueueingNetwork.xml
----------------- Instantiating /home/travis/build/icyphy/ptII/ptolemy/domains/de/test/auto/OpenQueueingNetwork.xml
2042 ms. Memory: 571392K Free: 263492K (46%)
----------------- Invoking toplevel() on ptolemy.moml.MoMLSimpleApplication@317971b1
----------------- Done invoking toplevel() on ptolemy.moml.MoMLSimpleApplication@317971b1
reloadAllAccessors: .OpenQueueingNetwork
----------------- testing Thu May 10 15:04:46 UTC 2018 /home/travis/build/icyphy/ptII/ptolemy/domains/de/test/auto/OpenQueuingNetwork.xml
----------------- Instantiating /home/travis/build/icyphy/ptII/ptolemy/domains/de/test/auto/OpenQueuingNetwork.xml
205 ms. Memory: 571392K Free: 167266K (29%)
----------------- Invoking toplevel() on ptolemy.moml.MoMLSimpleApplication@2ae23e6d
----------------- Done invoking toplevel() on ptolemy.moml.MoMLSimpleApplication@2ae23e6d
reloadAllAccessors: .OpenQueuingNetwork
----------------- testing Thu May 10 15:04:47 UTC 2018 /home/travis/build/icyphy/ptII/ptolemy/domains/de/test/auto/PeriodicSampler.xml
----------------- Instantiating /home/travis/build/icyphy/ptII/ptolemy/domains/de/test/auto/PeriodicSampler.xml
1 ms. Memory: 571392K Free: 160738K (28%)
----------------- Invoking toplevel() on ptolemy.moml.MoMLSimpleApplication@4d0094f8
----------------- Done invoking toplevel() on ptolemy.moml.MoMLSimpleApplication@4d0094f8
reloadAllAccessors: .PeriodicSampler
----------------- testing Thu May 10 15:04:47 UTC 2018 /home/travis/build/icyphy/ptII/ptolemy/domains/de/test/auto/PersistentIO.xml
----------------- Instantiating /home/travis/build/icyphy/ptII/ptolemy/domains/de/test/auto/PersistentIO.xml
4 ms. Memory: 571392K Free: 147683K (26%)
----------------- Invoking toplevel() on ptolemy.moml.MoMLSimpleApplication@1d704055
----------------- Done invoking toplevel() on ptolemy.moml.MoMLSimpleApplication@1d704055
reloadAllAccessors: .PersistentIO
----------------- testing Thu May 10 15:04:47 UTC 2018 /home/travis/build/icyphy/ptII/ptolemy/domains/de/test/auto/PortParameterResetOnInitialize.xml
----------------- Instantiating /home/travis/build/icyphy/ptII/ptolemy/domains/de/test/auto/PortParameterResetOnInitialize.xml
2 ms. Memory: 571392K Free: 141164K (25%)
----------------- Invoking toplevel() on ptolemy.moml.MoMLSimpleApplication@5e12f8d5
----------------- Done invoking toplevel() on ptolemy.moml.MoMLSimpleApplication@5e12f8d5
reloadAllAccessors: .PortParameterResetOnInitialize
----------------- testing Thu May 10 15:04:47 UTC 2018 /home/travis/build/icyphy/ptII/ptolemy/domains/de/test/auto/PortParameterUpdates.xml
----------------- Instantiating /home/travis/build/icyphy/ptII/ptolemy/domains/de/test/auto/PortParameterUpdates.xml
2 ms. Memory: 571392K Free: 129235K (23%)
----------------- Invoking toplevel() on ptolemy.moml.MoMLSimpleApplication@24048745
----------------- Done invoking toplevel() on ptolemy.moml.MoMLSimpleApplication@24048745
reloadAllAccessors: .PortParameterUpdates
----------------- testing Thu May 10 15:04:47 UTC 2018 /home/travis/build/icyphy/ptII/ptolemy/domains/de/test/auto/QueueAndServer.xml
----------------- Instantiating /home/travis/build/icyphy/ptII/ptolemy/domains/de/test/auto/QueueAndServer.xml
5 ms. Memory: 571392K Free: 119448K (21%)
----------------- Invoking toplevel() on ptolemy.moml.MoMLSimpleApplication@166e19b
----------------- Done invoking toplevel() on ptolemy.moml.MoMLSimpleApplication@166e19b
reloadAllAccessors: .QueueAndServer
----------------- testing Thu May 10 15:04:47 UTC 2018 /home/travis/build/icyphy/ptII/ptolemy/domains/de/test/auto/Records.xml
----------------- Instantiating /home/travis/build/icyphy/ptII/ptolemy/domains/de/test/auto/Records.xml
1 ms. Memory: 571392K Free: 109653K (19%)
----------------- Invoking toplevel() on ptolemy.moml.MoMLSimpleApplication@38560298
----------------- Done invoking toplevel() on ptolemy.moml.MoMLSimpleApplication@38560298
reloadAllAccessors: .Records
----------------- testing Thu May 10 15:04:47 UTC 2018 /home/travis/build/icyphy/ptII/ptolemy/domains/de/test/auto/ResetTransitionWithStartTime1.xml
----------------- Instantiating /home/travis/build/icyphy/ptII/ptolemy/domains/de/test/auto/ResetTransitionWithStartTime1.xml
4 ms. Memory: 571392K Free: 99857K (17%)
----------------- Invoking toplevel() on ptolemy.moml.MoMLSimpleApplication@55e11216
----------------- Done invoking toplevel() on ptolemy.moml.MoMLSimpleApplication@55e11216
reloadAllAccessors: .ResetTransitionWithStartTime1
----------------- testing Thu May 10 15:04:47 UTC 2018 /home/travis/build/icyphy/ptII/ptolemy/domains/de/test/auto/ResetTransitionWithStartTime2.xml
----------------- Instantiating /home/travis/build/icyphy/ptII/ptolemy/domains/de/test/auto/ResetTransitionWithStartTime2.xml
4 ms. Memory: 571392K Free: 87937K (15%)
----------------- Invoking toplevel() on ptolemy.moml.MoMLSimpleApplication@723fa3ad
----------------- Done invoking toplevel() on ptolemy.moml.MoMLSimpleApplication@723fa3ad
reloadAllAccessors: .ResetTransitionWithStartTime2
----------------- testing Thu May 10 15:04:47 UTC 2018 /home/travis/build/icyphy/ptII/ptolemy/domains/de/test/auto/ResetTransitionWithStartTime3.xml
----------------- Instantiating /home/travis/build/icyphy/ptII/ptolemy/domains/de/test/auto/ResetTransitionWithStartTime3.xml
4 ms. Memory: 571392K Free: 78157K (14%)
----------------- Invoking toplevel() on ptolemy.moml.MoMLSimpleApplication@65c436fb
----------------- Done invoking toplevel() on ptolemy.moml.MoMLSimpleApplication@65c436fb
reloadAllAccessors: .ResetTransitionWithStartTime3
----------------- testing Thu May 10 15:04:47 UTC 2018 /home/travis/build/icyphy/ptII/ptolemy/domains/de/test/auto/ResetTransitionWithStartTime4.xml
----------------- Instantiating /home/travis/build/icyphy/ptII/ptolemy/domains/de/test/auto/ResetTransitionWithStartTime4.xml
3 ms. Memory: 548352K Free: 533936K (97%)
----------------- Invoking toplevel() on ptolemy.moml.MoMLSimpleApplication@671e29d3
----------------- Done invoking toplevel() on ptolemy.moml.MoMLSimpleApplication@671e29d3
reloadAllAccessors: .ResetTransitionWithStartTime4
----------------- testing Thu May 10 15:04:47 UTC 2018 /home/travis/build/icyphy/ptII/ptolemy/domains/de/test/auto/ResettableTimer1.xml
----------------- Instantiating /home/travis/build/icyphy/ptII/ptolemy/domains/de/test/auto/ResettableTimer1.xml
1 ms. Memory: 548352K Free: 526354K (96%)
----------------- Invoking toplevel() on ptolemy.moml.MoMLSimpleApplication@2d573f2d
----------------- Done invoking toplevel() on ptolemy.moml.MoMLSimpleApplication@2d573f2d
reloadAllAccessors: .ResettableTimer1
----------------- testing Thu May 10 15:04:47 UTC 2018 /home/travis/build/icyphy/ptII/ptolemy/domains/de/test/auto/ResettableTimer2.xml
----------------- Instantiating /home/travis/build/icyphy/ptII/ptolemy/domains/de/test/auto/ResettableTimer2.xml
2 ms. Memory: 548352K Free: 517009K (94%)
----------------- Invoking toplevel() on ptolemy.moml.MoMLSimpleApplication@70945c03
----------------- Done invoking toplevel() on ptolemy.moml.MoMLSimpleApplication@70945c03
reloadAllAccessors: .ResettableTimer2
----------------- testing Thu May 10 15:04:47 UTC 2018 /home/travis/build/icyphy/ptII/ptolemy/domains/de/test/auto/ResettableTimer3.xml
----------------- Instantiating /home/travis/build/icyphy/ptII/ptolemy/domains/de/test/auto/ResettableTimer3.xml
1 ms. Memory: 548352K Free: 506306K (92%)
----------------- Invoking toplevel() on ptolemy.moml.MoMLSimpleApplication@cca046c
----------------- Done invoking toplevel() on ptolemy.moml.MoMLSimpleApplication@cca046c
reloadAllAccessors: .ResettableTimer3
----------------- testing Thu May 10 15:04:47 UTC 2018 /home/travis/build/icyphy/ptII/ptolemy/domains/de/test/auto/ResettableTimer4.xml
----------------- Instantiating /home/travis/build/icyphy/ptII/ptolemy/domains/de/test/auto/ResettableTimer4.xml
1 ms. Memory: 548352K Free: 496961K (91%)
----------------- Invoking toplevel() on ptolemy.moml.MoMLSimpleApplication@460466b5
----------------- Done invoking toplevel() on ptolemy.moml.MoMLSimpleApplication@460466b5
reloadAllAccessors: .ResettableTimer4
----------------- testing Thu May 10 15:04:47 UTC 2018 /home/travis/build/icyphy/ptII/ptolemy/domains/de/test/auto/ResettableTimer5.xml
----------------- Instantiating /home/travis/build/icyphy/ptII/ptolemy/domains/de/test/auto/ResettableTimer5.xml
1 ms. Memory: 548352K Free: 487617K (89%)
----------------- Invoking toplevel() on ptolemy.moml.MoMLSimpleApplication@933ba63
----------------- Done invoking toplevel() on ptolemy.moml.MoMLSimpleApplication@933ba63
reloadAllAccessors: .ResettableTimer5
----------------- testing Thu May 10 15:04:47 UTC 2018 /home/travis/build/icyphy/ptII/ptolemy/domains/de/test/auto/ResettableTimer6.xml
----------------- Instantiating /home/travis/build/icyphy/ptII/ptolemy/domains/de/test/auto/ResettableTimer6.xml
1 ms. Memory: 548352K Free: 476914K (87%)
----------------- Invoking toplevel() on ptolemy.moml.MoMLSimpleApplication@61a708af
----------------- Done invoking toplevel() on ptolemy.moml.MoMLSimpleApplication@61a708af
reloadAllAccessors: .ResettableTimer6
----------------- testing Thu May 10 15:04:47 UTC 2018 /home/travis/build/icyphy/ptII/ptolemy/domains/de/test/auto/ServerZeroDelay.xml
----------------- Instantiating /home/travis/build/icyphy/ptII/ptolemy/domains/de/test/auto/ServerZeroDelay.xml
2 ms. Memory: 548352K Free: 470694K (86%)
----------------- Invoking toplevel() on ptolemy.moml.MoMLSimpleApplication@169d5e88
----------------- Done invoking toplevel() on ptolemy.moml.MoMLSimpleApplication@169d5e88
reloadAllAccessors: .ServerZeroDelay
----------------- testing Thu May 10 15:04:47 UTC 2018 /home/travis/build/icyphy/ptII/ptolemy/domains/de/test/auto/SmartSender.xml
----------------- Instantiating /home/travis/build/icyphy/ptII/ptolemy/domains/de/test/auto/SmartSender.xml
3001 ms. Memory: 548352K Free: 459991K (84%)
----------------- Invoking toplevel() on ptolemy.moml.MoMLSimpleApplication@405c2bc1
----------------- Done invoking toplevel() on ptolemy.moml.MoMLSimpleApplication@405c2bc1
reloadAllAccessors: .SmartSender
----------------- testing Thu May 10 15:04:50 UTC 2018 /home/travis/build/icyphy/ptII/ptolemy/domains/de/test/auto/ThreadedComposite.xml
----------------- Instantiating /home/travis/build/icyphy/ptII/ptolemy/domains/de/test/auto/ThreadedComposite.xml
183 ms. Memory: 548352K Free: 428872K (78%)
----------------- Invoking toplevel() on ptolemy.moml.MoMLSimpleApplication@600421f1
----------------- Done invoking toplevel() on ptolemy.moml.MoMLSimpleApplication@600421f1
reloadAllAccessors: .ThreadedComposite
----------------- testing Thu May 10 15:04:50 UTC 2018 /home/travis/build/icyphy/ptII/ptolemy/domains/de/test/auto/Time.xml
----------------- Instantiating /home/travis/build/icyphy/ptII/ptolemy/domains/de/test/auto/Time.xml
414 ms. Memory: 548352K Free: 372891K (68%)
----------------- Invoking toplevel() on ptolemy.moml.MoMLSimpleApplication@7eaa8abf
----------------- Done invoking toplevel() on ptolemy.moml.MoMLSimpleApplication@7eaa8abf
reloadAllAccessors: .Time
----------------- testing Thu May 10 15:04:51 UTC 2018 /home/travis/build/icyphy/ptII/ptolemy/domains/de/test/auto/TimeDelayZeroDelay.xml
----------------- Instantiating /home/travis/build/icyphy/ptII/ptolemy/domains/de/test/auto/TimeDelayZeroDelay.xml
2 ms. Memory: 548352K Free: 365314K (67%)
----------------- Invoking toplevel() on ptolemy.moml.MoMLSimpleApplication@46701117
----------------- Done invoking toplevel() on ptolemy.moml.MoMLSimpleApplication@46701117
reloadAllAccessors: .TimeDelayZeroDelay
----------------- testing Thu May 10 15:04:51 UTC 2018 /home/travis/build/icyphy/ptII/ptolemy/domains/de/test/auto/TimerZeroDelay.xml
----------------- Instantiating /home/travis/build/icyphy/ptII/ptolemy/domains/de/test/auto/TimerZeroDelay.xml
1 ms. Memory: 548352K Free: 359095K (65%)
----------------- Invoking toplevel() on ptolemy.moml.MoMLSimpleApplication@2615ba71
----------------- Done invoking toplevel() on ptolemy.moml.MoMLSimpleApplication@2615ba71
reloadAllAccessors: .TimerZeroDelay
----------------- testing Thu May 10 15:04:51 UTC 2018 /home/travis/build/icyphy/ptII/ptolemy/domains/de/test/auto/TimingParadox.xml
----------------- Instantiating /home/travis/build/icyphy/ptII/ptolemy/domains/de/test/auto/TimingParadox.xml
280 ms. Memory: 548352K Free: 289270K (53%)
----------------- Invoking toplevel() on ptolemy.moml.MoMLSimpleApplication@2f2269b
----------------- Done invoking toplevel() on ptolemy.moml.MoMLSimpleApplication@2f2269b
reloadAllAccessors: .TimingParadox
----------------- testing Thu May 10 15:04:51 UTC 2018 /home/travis/build/icyphy/ptII/ptolemy/domains/de/test/auto/TransferInputs.xml
----------------- Instantiating /home/travis/build/icyphy/ptII/ptolemy/domains/de/test/auto/TransferInputs.xml
1 ms. Memory: 548352K Free: 279925K (51%)
----------------- Invoking toplevel() on ptolemy.moml.MoMLSimpleApplication@2323dcc6
----------------- Done invoking toplevel() on ptolemy.moml.MoMLSimpleApplication@2323dcc6
reloadAllAccessors: .TransferInputs
----------------- testing Thu May 10 15:04:51 UTC 2018 /home/travis/build/icyphy/ptII/ptolemy/domains/de/test/auto/TransferOutputs2.xml
----------------- Instantiating /home/travis/build/icyphy/ptII/ptolemy/domains/de/test/auto/TransferOutputs2.xml
2 ms. Memory: 548352K Free: 267463K (49%)
----------------- Invoking toplevel() on ptolemy.moml.MoMLSimpleApplication@66e15f40
----------------- Done invoking toplevel() on ptolemy.moml.MoMLSimpleApplication@66e15f40
reloadAllAccessors: .TransferOutputs2
----------------- testing Thu May 10 15:04:51 UTC 2018 /home/travis/build/icyphy/ptII/ptolemy/domains/de/test/auto/Trilateration.xml
----------------- Instantiating /home/travis/build/icyphy/ptII/ptolemy/domains/de/test/auto/Trilateration.xml
10323 ms. Memory: 417792K Free: 94463K (23%)
----------------- Invoking toplevel() on ptolemy.moml.MoMLSimpleApplication@5390e4c6
----------------- Done invoking toplevel() on ptolemy.moml.MoMLSimpleApplication@5390e4c6
reloadAllAccessors: .Trilateration
----------------- testing Thu May 10 15:05:02 UTC 2018 /home/travis/build/icyphy/ptII/ptolemy/domains/de/test/auto/TwoSigmaDelta.xml
----------------- Instantiating /home/travis/build/icyphy/ptII/ptolemy/domains/de/test/auto/TwoSigmaDelta.xml
1899 ms. Memory: 407552K Free: 138315K (34%)
----------------- Invoking toplevel() on ptolemy.moml.MoMLSimpleApplication@41da4acc
----------------- Done invoking toplevel() on ptolemy.moml.MoMLSimpleApplication@41da4acc
reloadAllAccessors: .TwoSigmaDelta
----------------- testing Thu May 10 15:05:04 UTC 2018 /home/travis/build/icyphy/ptII/ptolemy/domains/de/test/auto/VariableDelay.xml
----------------- Instantiating /home/travis/build/icyphy/ptII/ptolemy/domains/de/test/auto/VariableDelay.xml
2 ms. Memory: 407552K Free: 124480K (31%)
----------------- Invoking toplevel() on ptolemy.moml.MoMLSimpleApplication@369918d2
----------------- Done invoking toplevel() on ptolemy.moml.MoMLSimpleApplication@369918d2
reloadAllAccessors: .VariableDelay
----------------- testing Thu May 10 15:05:04 UTC 2018 /home/travis/build/icyphy/ptII/ptolemy/domains/de/test/auto/VariableDelay2.xml
----------------- Instantiating /home/travis/build/icyphy/ptII/ptolemy/domains/de/test/auto/VariableDelay2.xml
1 ms. Memory: 407552K Free: 114408K (28%)
----------------- Invoking toplevel() on ptolemy.moml.MoMLSimpleApplication@39d6b918
----------------- Done invoking toplevel() on ptolemy.moml.MoMLSimpleApplication@39d6b918
reloadAllAccessors: .VariableDelay2
----------------- testing Thu May 10 15:05:04 UTC 2018 /home/travis/build/icyphy/ptII/ptolemy/domains/de/test/auto/VariableDelayZeroDelay.xml
----------------- Instantiating /home/travis/build/icyphy/ptII/ptolemy/domains/de/test/auto/VariableDelayZeroDelay.xml
2 ms. Memory: 407552K Free: 107563K (26%)
----------------- Invoking toplevel() on ptolemy.moml.MoMLSimpleApplication@20e31df6
----------------- Done invoking toplevel() on ptolemy.moml.MoMLSimpleApplication@20e31df6
reloadAllAccessors: .VariableDelayZeroDelay
----------------- testing Thu May 10 15:05:04 UTC 2018 /home/travis/build/icyphy/ptII/ptolemy/domains/de/test/auto/VariableDelayZeroDelay2.xml
----------------- Instantiating /home/travis/build/icyphy/ptII/ptolemy/domains/de/test/auto/VariableDelayZeroDelay2.xml
1 ms. Memory: 407552K Free: 97083K (24%)
----------------- Invoking toplevel() on ptolemy.moml.MoMLSimpleApplication@c308480
----------------- Done invoking toplevel() on ptolemy.moml.MoMLSimpleApplication@c308480
reloadAllAccessors: .VariableDelayZeroDelay2
----------------- testing Thu May 10 15:05:04 UTC 2018 /home/travis/build/icyphy/ptII/ptolemy/domains/de/test/auto/deInCt.xml
----------------- Instantiating /home/travis/build/icyphy/ptII/ptolemy/domains/de/test/auto/deInCt.xml
0
1
1
1
0
0
0
1
1
1
0
0
0
1
1
1
1
1
1
0
0
0
1
1
0
0
0
1
1
1
0
0
1
1
1
0
0
0
1
1
0
0
0
1
1
0
0
0
0
1
1
1
1
8 ms. Memory: 407552K Free: 87019K (21%)
----------------- Invoking toplevel() on ptolemy.moml.MoMLSimpleApplication@32300f3c
----------------- Done invoking toplevel() on ptolemy.moml.MoMLSimpleApplication@32300f3c
reloadAllAccessors: .deInCt
----------------- testing Thu May 10 15:05:04 UTC 2018 /home/travis/build/icyphy/ptII/ptolemy/domains/de/test/auto/deInCt2.xml
----------------- Instantiating /home/travis/build/icyphy/ptII/ptolemy/domains/de/test/auto/deInCt2.xml
0
1
1
1
0
0
1
1
1
0
0
1
1
1
0
0
1
1
1
0
0
1
1
1
0
0
1
1
1
0
0
1
1
1
0
0
1
1
1
0
0
0
10 ms. Memory: 407552K Free: 76945K (19%)
----------------- Invoking toplevel() on ptolemy.moml.MoMLSimpleApplication@4dd564d5
----------------- Done invoking toplevel() on ptolemy.moml.MoMLSimpleApplication@4dd564d5
reloadAllAccessors: .deInCt2
----------------- testing Thu May 10 15:05:04 UTC 2018 /home/travis/build/icyphy/ptII/ptolemy/domains/de/test/auto/dynamicCausalityInterface1.xml
----------------- Instantiating /home/travis/build/icyphy/ptII/ptolemy/domains/de/test/auto/dynamicCausalityInterface1.xml
1 ms. Memory: 407552K Free: 65364K (16%)
----------------- Invoking toplevel() on ptolemy.moml.MoMLSimpleApplication@38af75df
----------------- Done invoking toplevel() on ptolemy.moml.MoMLSimpleApplication@38af75df
reloadAllAccessors: .dynamicCausalityInterface1
----------------- testing Thu May 10 15:05:04 UTC 2018 /home/travis/build/icyphy/ptII/ptolemy/domains/de/test/auto/fsm_de_test.xml
----------------- Instantiating /home/travis/build/icyphy/ptII/ptolemy/domains/de/test/auto/fsm_de_test.xml
8 ms. Memory: 388096K Free: 353841K (91%)
----------------- Invoking toplevel() on ptolemy.moml.MoMLSimpleApplication@2226b89c
----------------- Done invoking toplevel() on ptolemy.moml.MoMLSimpleApplication@2226b89c
reloadAllAccessors: .fsm_de_test
----------------- testing Thu May 10 15:05:04 UTC 2018 /home/travis/build/icyphy/ptII/ptolemy/domains/de/test/auto/functionDependencyReconstruction.xml
----------------- Instantiating /home/travis/build/icyphy/ptII/ptolemy/domains/de/test/auto/functionDependencyReconstruction.xml
2 ms. Memory: 388096K Free: 334837K (86%)
----------------- Invoking toplevel() on ptolemy.moml.MoMLSimpleApplication@587b1f3
----------------- Done invoking toplevel() on ptolemy.moml.MoMLSimpleApplication@587b1f3
reloadAllAccessors: .functionDependencyReconstruction
----------------- testing Thu May 10 15:05:04 UTC 2018 /home/travis/build/icyphy/ptII/ptolemy/domains/de/test/auto/multirate.xml
----------------- Instantiating /home/travis/build/icyphy/ptII/ptolemy/domains/de/test/auto/multirate.xml
2 ms. Memory: 388096K Free: 325051K (84%)
----------------- Invoking toplevel() on ptolemy.moml.MoMLSimpleApplication@637a3f9
----------------- Done invoking toplevel() on ptolemy.moml.MoMLSimpleApplication@637a3f9
reloadAllAccessors: .multirate
----------------- testing Thu May 10 15:05:04 UTC 2018 /home/travis/build/icyphy/ptII/ptolemy/domains/de/test/auto/multirate2.xml
----------------- Instantiating /home/travis/build/icyphy/ptII/ptolemy/domains/de/test/auto/multirate2.xml
3 ms. Memory: 388096K Free: 315256K (81%)
----------------- Invoking toplevel() on ptolemy.moml.MoMLSimpleApplication@797df16d
----------------- Done invoking toplevel() on ptolemy.moml.MoMLSimpleApplication@797df16d
reloadAllAccessors: .multirate2
----------------- testing Thu May 10 15:05:04 UTC 2018 /home/travis/build/icyphy/ptII/ptolemy/domains/de/test/auto/realtime.xml
----------------- Instantiating /home/travis/build/icyphy/ptII/ptolemy/domains/de/test/auto/realtime.xml
10001 ms. Memory: 388096K Free: 305453K (79%)
----------------- Invoking toplevel() on ptolemy.moml.MoMLSimpleApplication@5321c461
----------------- Done invoking toplevel() on ptolemy.moml.MoMLSimpleApplication@5321c461
reloadAllAccessors: .realtime
----------------- testing Thu May 10 15:05:14 UTC 2018 /home/travis/build/icyphy/ptII/ptolemy/domains/de/test/auto/relationGroup.xml
----------------- Instantiating /home/travis/build/icyphy/ptII/ptolemy/domains/de/test/auto/relationGroup.xml
1 ms. Memory: 388096K Free: 298733K (77%)
----------------- Invoking toplevel() on ptolemy.moml.MoMLSimpleApplication@7fbfcbe1
----------------- Done invoking toplevel() on ptolemy.moml.MoMLSimpleApplication@7fbfcbe1
reloadAllAccessors: .relationGroup
----------------- testing Thu May 10 15:05:14 UTC 2018 /home/travis/build/icyphy/ptII/ptolemy/domains/de/test/auto/relationGroup2.xml
----------------- Instantiating /home/travis/build/icyphy/ptII/ptolemy/domains/de/test/auto/relationGroup2.xml
1 ms. Memory: 388096K Free: 292014K (75%)
----------------- Invoking toplevel() on ptolemy.moml.MoMLSimpleApplication@4832c6b4
----------------- Done invoking toplevel() on ptolemy.moml.MoMLSimpleApplication@4832c6b4
reloadAllAccessors: .relationGroup2
----------------- testing Thu May 10 15:05:14 UTC 2018 /home/travis/build/icyphy/ptII/ptolemy/domains/de/test/auto/sortWithOpaquePorts.xml
----------------- Instantiating /home/travis/build/icyphy/ptII/ptolemy/domains/de/test/auto/sortWithOpaquePorts.xml
2 ms. Memory: 388096K Free: 282211K (73%)
----------------- Invoking toplevel() on ptolemy.moml.MoMLSimpleApplication@6d83eec1
----------------- Done invoking toplevel() on ptolemy.moml.MoMLSimpleApplication@6d83eec1
reloadAllAccessors: .sortWithOpaquePorts
----------------- testing Thu May 10 15:05:14 UTC 2018 /home/travis/build/icyphy/ptII/ptolemy/domains/de/test/auto/transferInputsandOutputs.xml
----------------- Instantiating /home/travis/build/icyphy/ptII/ptolemy/domains/de/test/auto/transferInputsandOutputs.xml
2 ms. Memory: 388096K Free: 272701K (70%)
----------------- Invoking toplevel() on ptolemy.moml.MoMLSimpleApplication@40b7d539
----------------- Done invoking toplevel() on ptolemy.moml.MoMLSimpleApplication@40b7d539
reloadAllAccessors: .transferInputsandOutputs
----------------- testing Thu May 10 15:05:14 UTC 2018 /home/travis/build/icyphy/ptII/ptolemy/domains/de/test/auto/triggerType.xml
----------------- Instantiating /home/travis/build/icyphy/ptII/ptolemy/domains/de/test/auto/triggerType.xml
1 ms. Memory: 388096K Free: 262899K (68%)
----------------- Invoking toplevel() on ptolemy.moml.MoMLSimpleApplication@154a9aab
----------------- Done invoking toplevel() on ptolemy.moml.MoMLSimpleApplication@154a9aab
reloadAllAccessors: .triggerType
AutoTests.java: About to close Vertx.
AutoTests.java: Vertx closed.
]]></system-out>
  <system-err><![CDATA[java.lang.RuntimeException: Execution failed
	at ptolemy.moml.MoMLSimpleApplication$UnloadThread.run(MoMLSimpleApplication.java:402)
Caused by: ptolemy.kernel.util.IllegalActionException: Found a zero delay loop containing .dependencyLoop.original
  in .dependencyLoop and .dependencyLoop.original
	at ptolemy.actor.util.CausalityInterfaceForComposites._computeOutputPortDepth(CausalityInterfaceForComposites.java:759)
	at ptolemy.actor.util.CausalityInterfaceForComposites._computeInputDepth(CausalityInterfaceForComposites.java:696)
	at ptolemy.actor.util.CausalityInterfaceForComposites._computeOutputPortDepth(CausalityInterfaceForComposites.java:765)
	at ptolemy.actor.util.CausalityInterfaceForComposites._computeInputDepth(CausalityInterfaceForComposites.java:696)
	at ptolemy.actor.util.CausalityInterfaceForComposites._computeOutputPortDepth(CausalityInterfaceForComposites.java:765)
	at ptolemy.actor.util.CausalityInterfaceForComposites._computeInputDepth(CausalityInterfaceForComposites.java:696)
	at ptolemy.actor.util.CausalityInterfaceForComposites._computeActorDepth(CausalityInterfaceForComposites.java:532)
	at ptolemy.actor.util.CausalityInterfaceForComposites.checkForCycles(CausalityInterfaceForComposites.java:96)
	at ptolemy.domains.de.kernel.DEDirector.preinitialize(DEDirector.java:1337)
	at ptolemy.actor.CompositeActor.preinitialize(CompositeActor.java:1828)
	at ptolemy.actor.Manager.preinitializeAndResolveTypes(Manager.java:1040)
	at ptolemy.actor.Manager.initialize(Manager.java:710)
	at ptolemy.actor.Manager.execute(Manager.java:356)
	at ptolemy.actor.Manager.run(Manager.java:1263)
	at ptolemy.actor.Manager$PtolemyRunThread.run(Manager.java:1915)
java.lang.RuntimeException: Execution failed
	at ptolemy.moml.MoMLSimpleApplication$UnloadThread.run(MoMLSimpleApplication.java:402)
Caused by: ptolemy.kernel.util.IllegalActionException: Found a zero delay loop containing .dependencyLoop2.original
  in .dependencyLoop2 and .dependencyLoop2.original
	at ptolemy.actor.util.CausalityInterfaceForComposites._computeOutputPortDepth(CausalityInterfaceForComposites.java:759)
	at ptolemy.actor.util.CausalityInterfaceForComposites._computeInputDepth(CausalityInterfaceForComposites.java:696)
	at ptolemy.actor.util.CausalityInterfaceForComposites._computeOutputPortDepth(CausalityInterfaceForComposites.java:765)
	at ptolemy.actor.util.CausalityInterfaceForComposites._computeInputDepth(CausalityInterfaceForComposites.java:696)
	at ptolemy.actor.util.CausalityInterfaceForComposites._computeOutputPortDepth(CausalityInterfaceForComposites.java:765)
	at ptolemy.actor.util.CausalityInterfaceForComposites._computeInputDepth(CausalityInterfaceForComposites.java:696)
	at ptolemy.actor.util.CausalityInterfaceForComposites._computeActorDepth(CausalityInterfaceForComposites.java:532)
	at ptolemy.actor.util.CausalityInterfaceForComposites.checkForCycles(CausalityInterfaceForComposites.java:96)
	at ptolemy.domains.de.kernel.DEDirector.preinitialize(DEDirector.java:1337)
	at ptolemy.actor.CompositeActor.preinitialize(CompositeActor.java:1828)
	at ptolemy.actor.Manager.preinitializeAndResolveTypes(Manager.java:1040)
	at ptolemy.actor.Manager.initialize(Manager.java:710)
	at ptolemy.actor.Manager.execute(Manager.java:356)
	at ptolemy.actor.Manager.run(Manager.java:1263)
	at ptolemy.actor.Manager$PtolemyRunThread.run(Manager.java:1915)
java.lang.RuntimeException: Execution failed
	at ptolemy.moml.MoMLSimpleApplication$UnloadThread.run(MoMLSimpleApplication.java:402)
Caused by: ptolemy.kernel.util.IllegalActionException: Found a zero delay loop containing .dependencyLoop.original
  in .dependencyLoop and .dependencyLoop.original
	at ptolemy.actor.util.CausalityInterfaceForComposites._computeOutputPortDepth(CausalityInterfaceForComposites.java:759)
	at ptolemy.actor.util.CausalityInterfaceForComposites._computeInputDepth(CausalityInterfaceForComposites.java:696)
	at ptolemy.actor.util.CausalityInterfaceForComposites._computeOutputPortDepth(CausalityInterfaceForComposites.java:765)
	at ptolemy.actor.util.CausalityInterfaceForComposites._computeInputDepth(CausalityInterfaceForComposites.java:696)
	at ptolemy.actor.util.CausalityInterfaceForComposites._computeOutputPortDepth(CausalityInterfaceForComposites.java:765)
	at ptolemy.actor.util.CausalityInterfaceForComposites._computeInputDepth(CausalityInterfaceForComposites.java:696)
	at ptolemy.actor.util.CausalityInterfaceForComposites._computeActorDepth(CausalityInterfaceForComposites.java:532)
	at ptolemy.actor.util.CausalityInterfaceForComposites.checkForCycles(CausalityInterfaceForComposites.java:96)
	at ptolemy.domains.de.kernel.DEDirector.preinitialize(DEDirector.java:1337)
	at ptolemy.actor.CompositeActor.preinitialize(CompositeActor.java:1828)
	at ptolemy.actor.Manager.preinitializeAndResolveTypes(Manager.java:1040)
	at ptolemy.actor.Manager.initialize(Manager.java:710)
	at ptolemy.actor.Manager.execute(Manager.java:356)
	at ptolemy.actor.Manager.run(Manager.java:1263)
	at ptolemy.actor.Manager$PtolemyRunThread.run(Manager.java:1915)
java.lang.RuntimeException: Execution failed
	at ptolemy.moml.MoMLSimpleApplication$UnloadThread.run(MoMLSimpleApplication.java:402)
Caused by: ptolemy.kernel.util.IllegalActionException: Actor is not ready to fire.  Perhaps UpSample.prefire() returned false? Try debugging the actor by selecting "Listen to Actor".  Also, for SDF check moml for tokenConsumptionRate on input.
  in .DESDFClockTest.Play Bell.Copy1:SDF Director and .DESDFClockTest.Play Bell.UpSample
	at ptolemy.actor.sched.StaticSchedulingDirector.fire(StaticSchedulingDirector.java:227)
	at ptolemy.domains.sdf.kernel.SDFDirector.fire(SDFDirector.java:500)
	at ptolemy.actor.CompositeActor.fire(CompositeActor.java:455)
	at ptolemy.domains.de.kernel.DEDirector._fire(DEDirector.java:1948)
	at ptolemy.domains.de.kernel.DEDirector.fire(DEDirector.java:502)
	at ptolemy.actor.CompositeActor.fire(CompositeActor.java:455)
	at ptolemy.actor.Manager.iterate(Manager.java:851)
	at ptolemy.actor.Manager.execute(Manager.java:369)
	at ptolemy.actor.Manager.run(Manager.java:1263)
	at ptolemy.actor.Manager$PtolemyRunThread.run(Manager.java:1915)
java.lang.RuntimeException: Execution failed
	at ptolemy.moml.MoMLSimpleApplication$UnloadThread.run(MoMLSimpleApplication.java:402)
Caused by: ptolemy.kernel.util.IllegalActionException: Found a zero delay loop containing .dependencyLoop2.original
  in .dependencyLoop2 and .dependencyLoop2.original
	at ptolemy.actor.util.CausalityInterfaceForComposites._computeOutputPortDepth(CausalityInterfaceForComposites.java:759)
	at ptolemy.actor.util.CausalityInterfaceForComposites._computeInputDepth(CausalityInterfaceForComposites.java:696)
	at ptolemy.actor.util.CausalityInterfaceForComposites._computeOutputPortDepth(CausalityInterfaceForComposites.java:765)
	at ptolemy.actor.util.CausalityInterfaceForComposites._computeInputDepth(CausalityInterfaceForComposites.java:696)
	at ptolemy.actor.util.CausalityInterfaceForComposites._computeOutputPortDepth(CausalityInterfaceForComposites.java:765)
	at ptolemy.actor.util.CausalityInterfaceForComposites._computeInputDepth(CausalityInterfaceForComposites.java:696)
	at ptolemy.actor.util.CausalityInterfaceForComposites._computeActorDepth(CausalityInterfaceForComposites.java:532)
	at ptolemy.actor.util.CausalityInterfaceForComposites.checkForCycles(CausalityInterfaceForComposites.java:96)
	at ptolemy.domains.de.kernel.DEDirector.preinitialize(DEDirector.java:1337)
	at ptolemy.actor.CompositeActor.preinitialize(CompositeActor.java:1828)
	at ptolemy.actor.Manager.preinitializeAndResolveTypes(Manager.java:1040)
	at ptolemy.actor.Manager.initialize(Manager.java:710)
	at ptolemy.actor.Manager.execute(Manager.java:356)
	at ptolemy.actor.Manager.run(Manager.java:1263)
	at ptolemy.actor.Manager$PtolemyRunThread.run(Manager.java:1915)
java.lang.RuntimeException: Execution failed
	at ptolemy.moml.MoMLSimpleApplication$UnloadThread.run(MoMLSimpleApplication.java:402)
Caused by: ptolemy.kernel.util.IllegalActionException: Found a zero delay loop containing .HierarchicalModel.A
  in .HierarchicalModel and .HierarchicalModel.A
	at ptolemy.actor.util.CausalityInterfaceForComposites._computeOutputPortDepth(CausalityInterfaceForComposites.java:759)
	at ptolemy.actor.util.CausalityInterfaceForComposites._computeInputDepth(CausalityInterfaceForComposites.java:696)
	at ptolemy.actor.util.CausalityInterfaceForComposites._computeOutputPortDepth(CausalityInterfaceForComposites.java:765)
	at ptolemy.actor.util.CausalityInterfaceForComposites._computeInputDepth(CausalityInterfaceForComposites.java:696)
	at ptolemy.actor.util.CausalityInterfaceForComposites._computeOutputPortDepth(CausalityInterfaceForComposites.java:765)
	at ptolemy.actor.util.CausalityInterfaceForComposites._computeInputDepth(CausalityInterfaceForComposites.java:696)
	at ptolemy.actor.util.CausalityInterfaceForComposites._computeActorDepth(CausalityInterfaceForComposites.java:532)
	at ptolemy.actor.util.CausalityInterfaceForComposites.checkForCycles(CausalityInterfaceForComposites.java:96)
	at ptolemy.domains.de.kernel.DEDirector.preinitialize(DEDirector.java:1337)
	at ptolemy.actor.CompositeActor.preinitialize(CompositeActor.java:1828)
	at ptolemy.actor.Manager.preinitializeAndResolveTypes(Manager.java:1040)
	at ptolemy.actor.Manager.initialize(Manager.java:710)
	at ptolemy.actor.Manager.execute(Manager.java:356)
	at ptolemy.actor.Manager.run(Manager.java:1263)
	at ptolemy.actor.Manager$PtolemyRunThread.run(Manager.java:1915)
java.lang.RuntimeException: Execution failed
	at ptolemy.moml.MoMLSimpleApplication$UnloadThread.run(MoMLSimpleApplication.java:402)
Caused by: ptolemy.kernel.util.IllegalActionException: Test fails in iteration 1.
Value was: 1.0. Should have been: 2.0
  in .DirectFeedback.Test
	at ptolemy.actor.lib.Test.fire(Test.java:268)
	at ptolemy.domains.de.kernel.DEDirector._fire(DEDirector.java:1948)
	at ptolemy.domains.de.kernel.DEDirector.fire(DEDirector.java:502)
	at ptolemy.actor.CompositeActor.fire(CompositeActor.java:455)
	at ptolemy.actor.Manager.iterate(Manager.java:851)
	at ptolemy.actor.Manager.execute(Manager.java:369)
	at ptolemy.actor.Manager.run(Manager.java:1263)
	at ptolemy.actor.Manager$PtolemyRunThread.run(Manager.java:1915)
java.lang.RuntimeException: Execution failed
	at ptolemy.moml.MoMLSimpleApplication$UnloadThread.run(MoMLSimpleApplication.java:402)
Caused by: ptolemy.kernel.util.IllegalActionException: Actor is not ready to fire.  Perhaps UpSample.prefire() returned false? Try debugging the actor by selecting "Listen to Actor".  Also, for SDF check moml for tokenConsumptionRate on input.
  in .DESDFClockTest.Play Bell.Copy1:SDF Director and .DESDFClockTest.Play Bell.UpSample
	at ptolemy.actor.sched.StaticSchedulingDirector.fire(StaticSchedulingDirector.java:227)
	at ptolemy.domains.sdf.kernel.SDFDirector.fire(SDFDirector.java:500)
	at ptolemy.actor.CompositeActor.fire(CompositeActor.java:455)
	at ptolemy.domains.de.kernel.DEDirector._fire(DEDirector.java:1948)
	at ptolemy.domains.de.kernel.DEDirector.fire(DEDirector.java:502)
	at ptolemy.actor.CompositeActor.fire(CompositeActor.java:455)
	at ptolemy.actor.Manager.iterate(Manager.java:851)
	at ptolemy.actor.Manager.execute(Manager.java:369)
	at ptolemy.actor.Manager.run(Manager.java:1263)
	at ptolemy.actor.Manager$PtolemyRunThread.run(Manager.java:1915)
java.lang.reflect.InvocationTargetException
	at sun.reflect.NativeConstructorAccessorImpl.newInstance0(Native Method)
	at sun.reflect.NativeConstructorAccessorImpl.newInstance(NativeConstructorAccessorImpl.java:62)
	at sun.reflect.DelegatingConstructorAccessorImpl.newInstance(DelegatingConstructorAccessorImpl.java:45)
	at java.lang.reflect.Constructor.newInstance(Constructor.java:423)
	at ptolemy.util.test.junit.AutoKnownFailedTests.RunModel(AutoKnownFailedTests.java:107)
	at sun.reflect.NativeMethodAccessorImpl.invoke0(Native Method)
	at sun.reflect.NativeMethodAccessorImpl.invoke(NativeMethodAccessorImpl.java:62)
	at sun.reflect.DelegatingMethodAccessorImpl.invoke(DelegatingMethodAccessorImpl.java:43)
	at java.lang.reflect.Method.invoke(Method.java:498)
	at org.junit.runners.model.FrameworkMethod$1.runReflectiveCall(FrameworkMethod.java:44)
	at org.junit.internal.runners.model.ReflectiveCallable.run(ReflectiveCallable.java:15)
	at org.junit.runners.model.FrameworkMethod.invokeExplosively(FrameworkMethod.java:41)
	at junitparams.internal.InvokeParameterisedMethod.evaluate(InvokeParameterisedMethod.java:102)
	at org.junit.internal.runners.statements.FailOnTimeout$1.run(FailOnTimeout.java:28)
Caused by: ptolemy.kernel.util.IllegalActionException: Actor is not ready to fire.  Perhaps UpSample.prefire() returned false? Try debugging the actor by selecting "Listen to Actor".  Also, for SDF check moml for tokenConsumptionRate on input.
  in .DESDFClockTest.Play Bell.Copy1:SDF Director and .DESDFClockTest.Play Bell.UpSample
	at ptolemy.actor.sched.StaticSchedulingDirector.fire(StaticSchedulingDirector.java:227)
	at ptolemy.domains.sdf.kernel.SDFDirector.fire(SDFDirector.java:500)
	at ptolemy.actor.CompositeActor.fire(CompositeActor.java:455)
	at ptolemy.domains.de.kernel.DEDirector._fire(DEDirector.java:1948)
	at ptolemy.domains.de.kernel.DEDirector.fire(DEDirector.java:502)
	at ptolemy.actor.CompositeActor.fire(CompositeActor.java:455)
	at ptolemy.actor.Manager.iterate(Manager.java:851)
	at ptolemy.actor.Manager.execute(Manager.java:369)
	at ptolemy.actor.Manager.run(Manager.java:1263)
	at ptolemy.actor.Manager$PtolemyRunThread.run(Manager.java:1915)
java.lang.RuntimeException: Execution failed
	at ptolemy.moml.MoMLSimpleApplication$UnloadThread.run(MoMLSimpleApplication.java:402)
Caused by: ptolemy.kernel.util.IllegalActionException: Test fails in iteration 1.
Value was: 1.0. Should have been: 2.0
  in .DirectFeedback.Test
	at ptolemy.actor.lib.Test.fire(Test.java:268)
	at ptolemy.domains.de.kernel.DEDirector._fire(DEDirector.java:1948)
	at ptolemy.domains.de.kernel.DEDirector.fire(DEDirector.java:502)
	at ptolemy.actor.CompositeActor.fire(CompositeActor.java:455)
	at ptolemy.actor.Manager.iterate(Manager.java:851)
	at ptolemy.actor.Manager.execute(Manager.java:369)
	at ptolemy.actor.Manager.run(Manager.java:1263)
	at ptolemy.actor.Manager$PtolemyRunThread.run(Manager.java:1915)
java.lang.reflect.InvocationTargetException
	at sun.reflect.NativeConstructorAccessorImpl.newInstance0(Native Method)
	at sun.reflect.NativeConstructorAccessorImpl.newInstance(NativeConstructorAccessorImpl.java:62)
	at sun.reflect.DelegatingConstructorAccessorImpl.newInstance(DelegatingConstructorAccessorImpl.java:45)
	at java.lang.reflect.Constructor.newInstance(Constructor.java:423)
	at ptolemy.util.test.junit.AutoKnownFailedTests.RunModel(AutoKnownFailedTests.java:107)
	at sun.reflect.NativeMethodAccessorImpl.invoke0(Native Method)
	at sun.reflect.NativeMethodAccessorImpl.invoke(NativeMethodAccessorImpl.java:62)
	at sun.reflect.DelegatingMethodAccessorImpl.invoke(DelegatingMethodAccessorImpl.java:43)
	at java.lang.reflect.Method.invoke(Method.java:498)
	at org.junit.runners.model.FrameworkMethod$1.runReflectiveCall(FrameworkMethod.java:44)
	at org.junit.internal.runners.model.ReflectiveCallable.run(ReflectiveCallable.java:15)
	at org.junit.runners.model.FrameworkMethod.invokeExplosively(FrameworkMethod.java:41)
	at junitparams.internal.InvokeParameterisedMethod.evaluate(InvokeParameterisedMethod.java:102)
	at org.junit.internal.runners.statements.FailOnTimeout$1.run(FailOnTimeout.java:28)
Caused by: ptolemy.kernel.util.IllegalActionException: Test fails in iteration 1.
Value was: 1.0. Should have been: 2.0
  in .DirectFeedback.Test
	at ptolemy.actor.lib.Test.fire(Test.java:268)
	at ptolemy.domains.de.kernel.DEDirector._fire(DEDirector.java:1948)
	at ptolemy.domains.de.kernel.DEDirector.fire(DEDirector.java:502)
	at ptolemy.actor.CompositeActor.fire(CompositeActor.java:455)
	at ptolemy.actor.Manager.iterate(Manager.java:851)
	at ptolemy.actor.Manager.execute(Manager.java:369)
	at ptolemy.actor.Manager.run(Manager.java:1263)
	at ptolemy.actor.Manager$PtolemyRunThread.run(Manager.java:1915)
java.lang.RuntimeException: Execution failed
	at ptolemy.moml.MoMLSimpleApplication$UnloadThread.run(MoMLSimpleApplication.java:402)
Caused by: ptolemy.kernel.util.IllegalActionException: Found a zero delay loop containing .HierarchicalModel.A
  in .HierarchicalModel and .HierarchicalModel.A
	at ptolemy.actor.util.CausalityInterfaceForComposites._computeOutputPortDepth(CausalityInterfaceForComposites.java:759)
	at ptolemy.actor.util.CausalityInterfaceForComposites._computeInputDepth(CausalityInterfaceForComposites.java:696)
	at ptolemy.actor.util.CausalityInterfaceForComposites._computeOutputPortDepth(CausalityInterfaceForComposites.java:765)
	at ptolemy.actor.util.CausalityInterfaceForComposites._computeInputDepth(CausalityInterfaceForComposites.java:696)
	at ptolemy.actor.util.CausalityInterfaceForComposites._computeOutputPortDepth(CausalityInterfaceForComposites.java:765)
	at ptolemy.actor.util.CausalityInterfaceForComposites._computeInputDepth(CausalityInterfaceForComposites.java:696)
	at ptolemy.actor.util.CausalityInterfaceForComposites._computeActorDepth(CausalityInterfaceForComposites.java:532)
	at ptolemy.actor.util.CausalityInterfaceForComposites.checkForCycles(CausalityInterfaceForComposites.java:96)
	at ptolemy.domains.de.kernel.DEDirector.preinitialize(DEDirector.java:1337)
	at ptolemy.actor.CompositeActor.preinitialize(CompositeActor.java:1828)
	at ptolemy.actor.Manager.preinitializeAndResolveTypes(Manager.java:1040)
	at ptolemy.actor.Manager.initialize(Manager.java:710)
	at ptolemy.actor.Manager.execute(Manager.java:356)
	at ptolemy.actor.Manager.run(Manager.java:1263)
	at ptolemy.actor.Manager$PtolemyRunThread.run(Manager.java:1915)
java.lang.reflect.InvocationTargetException
	at sun.reflect.NativeConstructorAccessorImpl.newInstance0(Native Method)
	at sun.reflect.NativeConstructorAccessorImpl.newInstance(NativeConstructorAccessorImpl.java:62)
	at sun.reflect.DelegatingConstructorAccessorImpl.newInstance(DelegatingConstructorAccessorImpl.java:45)
	at java.lang.reflect.Constructor.newInstance(Constructor.java:423)
	at ptolemy.util.test.junit.AutoKnownFailedTests.RunModel(AutoKnownFailedTests.java:107)
	at sun.reflect.NativeMethodAccessorImpl.invoke0(Native Method)
	at sun.reflect.NativeMethodAccessorImpl.invoke(NativeMethodAccessorImpl.java:62)
	at sun.reflect.DelegatingMethodAccessorImpl.invoke(DelegatingMethodAccessorImpl.java:43)
	at java.lang.reflect.Method.invoke(Method.java:498)
	at org.junit.runners.model.FrameworkMethod$1.runReflectiveCall(FrameworkMethod.java:44)
	at org.junit.internal.runners.model.ReflectiveCallable.run(ReflectiveCallable.java:15)
	at org.junit.runners.model.FrameworkMethod.invokeExplosively(FrameworkMethod.java:41)
	at junitparams.internal.InvokeParameterisedMethod.evaluate(InvokeParameterisedMethod.java:102)
	at org.junit.internal.runners.statements.FailOnTimeout$1.run(FailOnTimeout.java:28)
Caused by: ptolemy.kernel.util.IllegalActionException: Found a zero delay loop containing .HierarchicalModel.A
  in .HierarchicalModel and .HierarchicalModel.A
	at ptolemy.actor.util.CausalityInterfaceForComposites._computeOutputPortDepth(CausalityInterfaceForComposites.java:759)
	at ptolemy.actor.util.CausalityInterfaceForComposites._computeInputDepth(CausalityInterfaceForComposites.java:696)
	at ptolemy.actor.util.CausalityInterfaceForComposites._computeOutputPortDepth(CausalityInterfaceForComposites.java:765)
	at ptolemy.actor.util.CausalityInterfaceForComposites._computeInputDepth(CausalityInterfaceForComposites.java:696)
	at ptolemy.actor.util.CausalityInterfaceForComposites._computeOutputPortDepth(CausalityInterfaceForComposites.java:765)
	at ptolemy.actor.util.CausalityInterfaceForComposites._computeInputDepth(CausalityInterfaceForComposites.java:696)
	at ptolemy.actor.util.CausalityInterfaceForComposites._computeActorDepth(CausalityInterfaceForComposites.java:532)
	at ptolemy.actor.util.CausalityInterfaceForComposites.checkForCycles(CausalityInterfaceForComposites.java:96)
	at ptolemy.domains.de.kernel.DEDirector.preinitialize(DEDirector.java:1337)
	at ptolemy.actor.CompositeActor.preinitialize(CompositeActor.java:1828)
	at ptolemy.actor.Manager.preinitializeAndResolveTypes(Manager.java:1040)
	at ptolemy.actor.Manager.initialize(Manager.java:710)
	at ptolemy.actor.Manager.execute(Manager.java:356)
	at ptolemy.actor.Manager.run(Manager.java:1263)
	at ptolemy.actor.Manager$PtolemyRunThread.run(Manager.java:1915)
java.lang.RuntimeException: Execution failed
	at ptolemy.moml.MoMLSimpleApplication$UnloadThread.run(MoMLSimpleApplication.java:402)
Caused by: ptolemy.kernel.util.IllegalActionException: Found a zero delay loop containing .dependencyLoop.original
  in .dependencyLoop and .dependencyLoop.original
	at ptolemy.actor.util.CausalityInterfaceForComposites._computeOutputPortDepth(CausalityInterfaceForComposites.java:759)
	at ptolemy.actor.util.CausalityInterfaceForComposites._computeInputDepth(CausalityInterfaceForComposites.java:696)
	at ptolemy.actor.util.CausalityInterfaceForComposites._computeOutputPortDepth(CausalityInterfaceForComposites.java:765)
	at ptolemy.actor.util.CausalityInterfaceForComposites._computeInputDepth(CausalityInterfaceForComposites.java:696)
	at ptolemy.actor.util.CausalityInterfaceForComposites._computeOutputPortDepth(CausalityInterfaceForComposites.java:765)
	at ptolemy.actor.util.CausalityInterfaceForComposites._computeInputDepth(CausalityInterfaceForComposites.java:696)
	at ptolemy.actor.util.CausalityInterfaceForComposites._computeActorDepth(CausalityInterfaceForComposites.java:532)
	at ptolemy.actor.util.CausalityInterfaceForComposites.checkForCycles(CausalityInterfaceForComposites.java:96)
	at ptolemy.domains.de.kernel.DEDirector.preinitialize(DEDirector.java:1337)
	at ptolemy.actor.CompositeActor.preinitialize(CompositeActor.java:1828)
	at ptolemy.actor.Manager.preinitializeAndResolveTypes(Manager.java:1040)
	at ptolemy.actor.Manager.initialize(Manager.java:710)
	at ptolemy.actor.Manager.execute(Manager.java:356)
	at ptolemy.actor.Manager.run(Manager.java:1263)
	at ptolemy.actor.Manager$PtolemyRunThread.run(Manager.java:1915)
java.lang.reflect.InvocationTargetException
	at sun.reflect.NativeConstructorAccessorImpl.newInstance0(Native Method)
	at sun.reflect.NativeConstructorAccessorImpl.newInstance(NativeConstructorAccessorImpl.java:62)
	at sun.reflect.DelegatingConstructorAccessorImpl.newInstance(DelegatingConstructorAccessorImpl.java:45)
	at java.lang.reflect.Constructor.newInstance(Constructor.java:423)
	at ptolemy.util.test.junit.AutoKnownFailedTests.RunModel(AutoKnownFailedTests.java:107)
	at sun.reflect.NativeMethodAccessorImpl.invoke0(Native Method)
	at sun.reflect.NativeMethodAccessorImpl.invoke(NativeMethodAccessorImpl.java:62)
	at sun.reflect.DelegatingMethodAccessorImpl.invoke(DelegatingMethodAccessorImpl.java:43)
	at java.lang.reflect.Method.invoke(Method.java:498)
	at org.junit.runners.model.FrameworkMethod$1.runReflectiveCall(FrameworkMethod.java:44)
	at org.junit.internal.runners.model.ReflectiveCallable.run(ReflectiveCallable.java:15)
	at org.junit.runners.model.FrameworkMethod.invokeExplosively(FrameworkMethod.java:41)
	at junitparams.internal.InvokeParameterisedMethod.evaluate(InvokeParameterisedMethod.java:102)
	at org.junit.internal.runners.statements.FailOnTimeout$1.run(FailOnTimeout.java:28)
Caused by: ptolemy.kernel.util.IllegalActionException: Found a zero delay loop containing .dependencyLoop.original
  in .dependencyLoop and .dependencyLoop.original
	at ptolemy.actor.util.CausalityInterfaceForComposites._computeOutputPortDepth(CausalityInterfaceForComposites.java:759)
	at ptolemy.actor.util.CausalityInterfaceForComposites._computeInputDepth(CausalityInterfaceForComposites.java:696)
	at ptolemy.actor.util.CausalityInterfaceForComposites._computeOutputPortDepth(CausalityInterfaceForComposites.java:765)
	at ptolemy.actor.util.CausalityInterfaceForComposites._computeInputDepth(CausalityInterfaceForComposites.java:696)
	at ptolemy.actor.util.CausalityInterfaceForComposites._computeOutputPortDepth(CausalityInterfaceForComposites.java:765)
	at ptolemy.actor.util.CausalityInterfaceForComposites._computeInputDepth(CausalityInterfaceForComposites.java:696)
	at ptolemy.actor.util.CausalityInterfaceForComposites._computeActorDepth(CausalityInterfaceForComposites.java:532)
	at ptolemy.actor.util.CausalityInterfaceForComposites.checkForCycles(CausalityInterfaceForComposites.java:96)
	at ptolemy.domains.de.kernel.DEDirector.preinitialize(DEDirector.java:1337)
	at ptolemy.actor.CompositeActor.preinitialize(CompositeActor.java:1828)
	at ptolemy.actor.Manager.preinitializeAndResolveTypes(Manager.java:1040)
	at ptolemy.actor.Manager.initialize(Manager.java:710)
	at ptolemy.actor.Manager.execute(Manager.java:356)
	at ptolemy.actor.Manager.run(Manager.java:1263)
	at ptolemy.actor.Manager$PtolemyRunThread.run(Manager.java:1915)
java.lang.RuntimeException: Execution failed
	at ptolemy.moml.MoMLSimpleApplication$UnloadThread.run(MoMLSimpleApplication.java:402)
Caused by: ptolemy.kernel.util.IllegalActionException: Found a zero delay loop containing .dependencyLoop2.original
  in .dependencyLoop2 and .dependencyLoop2.original
	at ptolemy.actor.util.CausalityInterfaceForComposites._computeOutputPortDepth(CausalityInterfaceForComposites.java:759)
	at ptolemy.actor.util.CausalityInterfaceForComposites._computeInputDepth(CausalityInterfaceForComposites.java:696)
	at ptolemy.actor.util.CausalityInterfaceForComposites._computeOutputPortDepth(CausalityInterfaceForComposites.java:765)
	at ptolemy.actor.util.CausalityInterfaceForComposites._computeInputDepth(CausalityInterfaceForComposites.java:696)
	at ptolemy.actor.util.CausalityInterfaceForComposites._computeOutputPortDepth(CausalityInterfaceForComposites.java:765)
	at ptolemy.actor.util.CausalityInterfaceForComposites._computeInputDepth(CausalityInterfaceForComposites.java:696)
	at ptolemy.actor.util.CausalityInterfaceForComposites._computeActorDepth(CausalityInterfaceForComposites.java:532)
	at ptolemy.actor.util.CausalityInterfaceForComposites.checkForCycles(CausalityInterfaceForComposites.java:96)
	at ptolemy.domains.de.kernel.DEDirector.preinitialize(DEDirector.java:1337)
	at ptolemy.actor.CompositeActor.preinitialize(CompositeActor.java:1828)
	at ptolemy.actor.Manager.preinitializeAndResolveTypes(Manager.java:1040)
	at ptolemy.actor.Manager.initialize(Manager.java:710)
	at ptolemy.actor.Manager.execute(Manager.java:356)
	at ptolemy.actor.Manager.run(Manager.java:1263)
	at ptolemy.actor.Manager$PtolemyRunThread.run(Manager.java:1915)
java.lang.reflect.InvocationTargetException
	at sun.reflect.NativeConstructorAccessorImpl.newInstance0(Native Method)
	at sun.reflect.NativeConstructorAccessorImpl.newInstance(NativeConstructorAccessorImpl.java:62)
	at sun.reflect.DelegatingConstructorAccessorImpl.newInstance(DelegatingConstructorAccessorImpl.java:45)
	at java.lang.reflect.Constructor.newInstance(Constructor.java:423)
	at ptolemy.util.test.junit.AutoKnownFailedTests.RunModel(AutoKnownFailedTests.java:107)
	at sun.reflect.NativeMethodAccessorImpl.invoke0(Native Method)
	at sun.reflect.NativeMethodAccessorImpl.invoke(NativeMethodAccessorImpl.java:62)
	at sun.reflect.DelegatingMethodAccessorImpl.invoke(DelegatingMethodAccessorImpl.java:43)
	at java.lang.reflect.Method.invoke(Method.java:498)
	at org.junit.runners.model.FrameworkMethod$1.runReflectiveCall(FrameworkMethod.java:44)
	at org.junit.internal.runners.model.ReflectiveCallable.run(ReflectiveCallable.java:15)
	at org.junit.runners.model.FrameworkMethod.invokeExplosively(FrameworkMethod.java:41)
	at junitparams.internal.InvokeParameterisedMethod.evaluate(InvokeParameterisedMethod.java:102)
	at org.junit.internal.runners.statements.FailOnTimeout$1.run(FailOnTimeout.java:28)
Caused by: ptolemy.kernel.util.IllegalActionException: Found a zero delay loop containing .dependencyLoop2.original
  in .dependencyLoop2 and .dependencyLoop2.original
	at ptolemy.actor.util.CausalityInterfaceForComposites._computeOutputPortDepth(CausalityInterfaceForComposites.java:759)
	at ptolemy.actor.util.CausalityInterfaceForComposites._computeInputDepth(CausalityInterfaceForComposites.java:696)
	at ptolemy.actor.util.CausalityInterfaceForComposites._computeOutputPortDepth(CausalityInterfaceForComposites.java:765)
	at ptolemy.actor.util.CausalityInterfaceForComposites._computeInputDepth(CausalityInterfaceForComposites.java:696)
	at ptolemy.actor.util.CausalityInterfaceForComposites._computeOutputPortDepth(CausalityInterfaceForComposites.java:765)
	at ptolemy.actor.util.CausalityInterfaceForComposites._computeInputDepth(CausalityInterfaceForComposites.java:696)
	at ptolemy.actor.util.CausalityInterfaceForComposites._computeActorDepth(CausalityInterfaceForComposites.java:532)
	at ptolemy.actor.util.CausalityInterfaceForComposites.checkForCycles(CausalityInterfaceForComposites.java:96)
	at ptolemy.domains.de.kernel.DEDirector.preinitialize(DEDirector.java:1337)
	at ptolemy.actor.CompositeActor.preinitialize(CompositeActor.java:1828)
	at ptolemy.actor.Manager.preinitializeAndResolveTypes(Manager.java:1040)
	at ptolemy.actor.Manager.initialize(Manager.java:710)
	at ptolemy.actor.Manager.execute(Manager.java:356)
	at ptolemy.actor.Manager.run(Manager.java:1263)
	at ptolemy.actor.Manager$PtolemyRunThread.run(Manager.java:1915)
]]></system-err>
</testsuite>
