<?xml version="1.0" encoding="UTF-8" ?>
<testsuite errors="0" failures="3" hostname="travis-job-5241354d-4134-47c5-bc0d-33bbc658c1dc" name="ptolemy.vergil.basic.export.test.junit.ExportModelJUnitTestBatch3" skipped="0" tests="70" time="1310.048" timestamp="2018-05-20T01:33:19">
  <properties>
    <property name="npm.executable" value="npm" />
    <property name="file.encoding.pkg" value="sun.io" />
    <property name="ptII.mk.exists" value="true" />
    <property name="env.rvm_bin_path" value="/home/travis/.rvm/bin" />
    <property name="java.home" value="/usr/lib/jvm/java-8-oracle/jre" />
    <property name="env.TRAVIS_JOB_NUMBER" value="456.14" />
    <property name="env.DISPLAY" value=":99.0" />
    <property name="java.net.preferIPv4Stack" value="true" />
    <property name="env.SSH_TTY" value="/dev/pts/0" />
    <property name="env.RUN_TESTS" value="false" />
    <property name="timeout.short" value="1000000" />
    <property name="env.TRAVIS_STACK_NODE_ATTRIBUTES" value="/.node-attributes.yml" />
    <property name="junit.formatter" value="xml" />
    <property name="java.endorsed.dirs" value="/usr/lib/jvm/java-8-oracle/jre/lib/endorsed" />
    <property name="env.TRAVIS_SUDO" value="true" />
    <property name="env.LOGNAME" value="travis" />
    <property name="jsdoc.home" value="node_modules/@terraswarm/jsdoc" />
    <property name="debuglevel" value="source,lines,vars" />
    <property name="checkstyle.formatter" value="xml" />
    <property name="bin.vergil.makeable" value="true" />
    <property name="env._system_version" value="14.04" />
    <property name="sun.os.patch.level" value="unknown" />
    <property name="java.vendor.url" value="http://java.oracle.com/" />
    <property name="java.version" value="1.8.0_151" />
    <property name="env.TZ" value="UTC" />
    <property name="env.PT_NO_NET" value="true" />
    <property name="env.TRAVIS_PULL_REQUEST_SHA" value="" />
    <property name="env.TRAVIS_SECURE_ENV_VARS" value="true" />
    <property name="env._system_type" value="Linux" />
    <property name="java.vendor.url.bug" value="http://bugreport.sun.com/bugreport/" />
    <property name="env.SSH_CLIENT" value="10.10.16.3 35064 22" />
    <property name="npmjs-org-is-up" value="true" />
    <property name="env.GEM_HOME" value="/home/travis/.rvm/gems/ruby-2.4.1" />
    <property name="env.HAS_ANTARES_THREE_LITTLE_FRONZIES_BADGE" value="true" />
    <property name="env.PS4" value="+" />
    <property name="ant.project.invoked-targets" value="build,test.export3.xml" />
    <property name="env.TRAVIS_PULL_REQUEST_BRANCH" value="" />
    <property name="env.TRAVIS_REPO_SLUG" value="icyphy/ptII" />
    <property name="node.in.path" value="true" />
    <property name="java.maxmemory" value="1400m" />
    <property name="env.RUBY_VERSION" value="ruby-2.4.1" />
    <property name="user.name" value="travis" />
    <property name="env.LANG" value="en_US.UTF-8" />
    <property name="sun.io.unicode.encoding" value="UnicodeLittle" />
    <property name="sun.jnu.encoding" value="UTF-8" />
    <property name="java.runtime.name" value="Java(TM) SE Runtime Environment" />
    <property name="usefile" value="false" />
    <property name="return.code" value="0" />
    <property name="junit.single.formatter" value="plain" />
    <property name="env.DYLD_LIBRARY_PATH" value="/home/travis/pthla/certi-tools/lib:" />
    <property name="env.DEBIAN_FRONTEND" value="noninteractive" />
    <property name="env.SSH_CONNECTION" value="10.10.16.3 35064 10.20.0.42 22" />
    <property name="env.MYSQL_UNIX_PORT" value="/var/run/mysqld/mysqld.sock" />
    <property name="env.TRAVIS_ALLOW_FAILURE" value="false" />
    <property name="env.LC_ALL" value="en_US.UTF-8" />
    <property name="java.specification.name" value="Java Platform API Specification" />
    <property name="node.works" value="true" />
    <property name="user.timezone" value="" />
    <property name="path.separator" value=":" />
    <property name="env.PYTHON_CFLAGS" value="-g -fstack-protector --param=ssp-buffer-size=4 -Wformat -Werror=format-security" />
    <property name="timeout.long" value="4000000" />
    <property name="env.CERTI_HOME" value="/home/travis/pthla/certi-tools" />
    <property name="file.encoding" value="UTF-8" />
    <property name="ant.file.ptII" value="/home/travis/build/icyphy/ptII/build.xml" />
    <property name="javadoc.packagenames" value="com.*,diva.*,lbnl.*,org.hlacerti.*,org.json.*,org.ptolemy.*,org.terraswarm.*,ptolemy.*,ptserver.*" />
    <property name="env.TRAVIS_PULL_REQUEST_SLUG" value="" />
    <property name="ant.project.default-target" value="build" />
    <property name="env.GIT_ASKPASS" value="echo" />
    <property name="env.HOME" value="/home/travis" />
    <property name="sun.java.command" value="org.apache.tools.ant.taskdefs.optional.junit.JUnitTestRunner ptolemy.vergil.basic.export.test.junit.ExportModelJUnitTestBatch3 skipNonTests=false filtertrace=true haltOnError=false haltOnFailure=false formatter=org.apache.tools.ant.taskdefs.optional.junit.OutErrSummaryJUnitResultFormatter showoutput=true outputtoformatters=true logfailedtests=true threadid=0 logtestlistenerevents=false formatter=org.apache.tools.ant.taskdefs.optional.junit.XMLJUnitResultFormatter,/home/travis/build/icyphy/ptII/reports/junit/TEST-ptolemy.vergil.basic.export.test.junit.ExportModelJUnitTestBatch3.xml crashfile=/home/travis/build/icyphy/ptII/junitvmwatcher3143727390010653404.properties propsfile=/home/travis/build/icyphy/ptII/junit8082151333146349778.properties" />
    <property name="env.MANPATH" value="/home/travis/.nvm/versions/node/v7.10.1/share/man:/home/travis/.kiex/elixirs/elixir-1.4.5/man:/home/travis/.rvm/rubies/ruby-2.4.1/share/man:/usr/local/man:/usr/local/cmake-3.9.2/man:/usr/local/clang-5.0.0/share/man:/usr/local/share/man:/usr/share/man:/home/travis/.rvm/man" />
    <property name="env.COMPOSER_NO_INTERACTION" value="1" />
    <property name="env.JDK_SWITCHER_DEFAULT" value="oraclejdk8" />
    <property name="ant.file" value="/home/travis/build/icyphy/ptII/build.xml" />
    <property name="env.TRAVIS_COMMIT_RANGE" value="b2bbbe3e7fc70a807eda259f34a799ddeba1e55b...93980f3ef78c2fee0647008b7e508376dac0a93c" />
    <property name="env._system_name" value="Ubuntu" />
    <property name="timeout" value="2400000" />
    <property name="ptII.classpath.optional.property" value="/home/travis/build/icyphy/ptII/lib/bsh-2.0b4.jar:/home/travis/build/icyphy/ptII/lib/ptCal.jar:/home/travis/build/icyphy/ptII/lib/java_cup.jar:/home/travis/build/icyphy/ptII/lib/saxon8.jar:/home/travis/build/icyphy/ptII/lib/saxon8-dom.jar:/home/travis/build/icyphy/ptII/lib/chic.jar:/home/travis/build/icyphy/ptII/lib/ptcolt.jar:/usr/lib/jvm/java-8-oracle/lib/tools.jar:/usr/lib/eclipse/plugins/org.eclipse.jdt.core_3.8.2.dist.jar:/usr/lib/eclipse/plugins/org.eclipse.core.runtime_3.8.0.dist.jar:/usr/lib/eclipse/plugins/org.eclipse.osgi_3.8.1.dist.jar:/usr/lib/eclipse/plugins/org.eclipse.core.resources_3.8.1.dist.jar:/usr/lib/eclipse/plugins/org.eclipse.equinox.common_3.6.100.dist.jar:/usr/lib/eclipse/plugins/org.eclipse.core.jobs_3.5.200.dist.jar:/usr/lib/eclipse/plugins/org.eclipse.core.contenttype_3.4.200.dist.jar:/usr/lib/eclipse/plugins/org.eclipse.equinox.preferences_3.5.0.dist.jar:/usr/lib/eclipse/plugins/org.eclipse.text_3.5.200.dist.jar:/usr/lib/eclipse/plugins/org.eclipse.ui.workbench_3.8.1.dist.jar:/usr/lib/eclipse/plugins/org.eclipse.jface_3.8.0.dist.jar:/usr/lib/eclipse/plugins/org.eclipse.swt_3.8.2.jar:/usr/lib/eclipse/plugins/org.eclipse.jface.text_3.8.1.dist.jar:/usr/lib/eclipse/plugins/org.eclipse.ui.workbench.texteditor_3.8.0.dist.jar:/usr/lib/eclipse/plugins/org.eclipse.ui.editors_3.8.0.dist.jar:/usr/lib/eclipse/plugins/org.eclipse.core.commands_3.6.1.dist.jar:/usr/lib/eclipse/plugins/org.eclipse.equinox.registry_3.5.200.dist.jar:/usr/lib/eclipse/plugins/org.eclipse.ui.console_3.5.100.dist.jar:/usr/lib/eclipse/plugins/org.eclipse.ui.forms_3.5.200.dist.jar:/usr/lib/eclipse/plugins/org.eclipse.ui.ide_3.8.1.dist.jar:/home/travis/build/icyphy/ptII/vendors/oracle/dbxml.jar:/home/travis/build/icyphy/ptII/vendors/oracle/db.jar:/home/travis/build/icyphy/ptII/vendors/misc/itext/iText.jar:/home/travis/build/icyphy/ptII/lib/g4ltl.jar:/home/travis/build/icyphy/ptII/lib/StructuralCoder.jar:/home/travis/build/icyphy/ptII/lib/org-openide-util.jar:/home/travis/build/icyphy/ptII/lib/org-openide-util-lookup.jar:/home/travis/build/icyphy/ptII/lib/org-netbeans-api-visual.jar:/home/travis/build/icyphy/ptII/vendors/jai-1_1_2_01/lib/jai_core.jar:/home/travis/build/icyphy/ptII/vendors/jai-1_1_2_01/lib/jai_codec.jar:/home/travis/build/icyphy/ptII/lib/jcerti.jar:/home/travis/build/icyphy/ptII/lib/smack.jar:/home/travis/build/icyphy/ptII/lib/smackx.jar:/home/travis/build/icyphy/ptII/lib/jetty-all-8.1.5-v20120716.jar:/home/travis/build/icyphy/ptII/lib/javax.servlet-api-3.0.1.jar:/home/travis/build/icyphy/ptII/lib/javax.mail.jar:/home/travis/build/icyphy/ptII/vendors/JMF-2.1.1e/lib/jmf.jar:/home/travis/build/icyphy/ptII/lib/jna-4.0.0-variadic.jar:/home/travis/build/icyphy/ptII/vendors/misc/joystick/Joystick.jar:/home/travis/build/icyphy/ptII/lib/ptjacl.jar:/home/travis/build/icyphy/ptII/lib/jsoup-1.8.2.jar:/home/travis/build/icyphy/ptII/lib/junit-4.8.2.jar:/home/travis/build/icyphy/ptII/lib/JUnitParams-0.4.0.jar:/home/travis/build/icyphy/ptII/ptolemy/actor/lib/excel/jxl.jar:/home/travis/build/icyphy/ptII/lib/jython.jar:/home/travis/build/icyphy/ptII/lib/kieler.jar:/home/travis/build/icyphy/ptII/vendors/opencv/share/OpenCV/java/opencv-341.jar:/home/travis/build/icyphy/ptII/lib/oscP5.jar:/home/travis/build/icyphy/ptII/lib/nrjavaserial-3.11.0.devel.jar:/usr/share/java/j3dcore.jar:/usr/share/java/j3dutils.jar:/usr/share/java/vecmath.jar:/home/travis/build/icyphy/ptII/ptolemy/distributed/jini/jar/jini-core.jar:/home/travis/build/icyphy/ptII/ptolemy/distributed/jini/jar/jini-ext.jar:/home/travis/build/icyphy/ptII/ptolemy/distributed/jini/jar/sun-util.jar:/home/travis/build/icyphy/ptII/lib/protobuf-java-2.4.1.jar:/home/travis/build/icyphy/ptII/lib/org.eclipse.paho.client.mqttv3.jar:/home/travis/build/icyphy/ptII/ptserver/lib/hessian-4.0.7.jar:/home/travis/build/icyphy/ptII/ptserver/lib/wmqtt.jar:/home/travis/build/icyphy/ptII/lib/mapss.jar:/home/travis/build/icyphy/ptII/ptolemy/actor/ptalon/antlr/antlr.jar:/home/travis/build/icyphy/ptII/lib/JRI.jar:/home/travis/build/icyphy/ptII/lib/commons-lang-2.6.jar:/home/travis/build/icyphy/ptII/lib/commons-logging-1.1.1.jar:/home/travis/build/icyphy/ptII/lib/sootclasses.jar:/home/travis/build/icyphy/ptII/ptolemy/actor/lib/database/mysql-connector-java-5.1.6-bin.jar:/home/travis/build/icyphy/ptII/vendors/misc/sphinx4/sphinx4-data-5prealpha.jar:/home/travis/build/icyphy/ptII/vendors/misc/sphinx4/sphinx4-core-5prealpha.jar:/home/travis/build/icyphy/ptII/lib/PDFRenderer.jar:/home/travis/build/icyphy/ptII/lib/svgSalamander.jar:/home/travis/build/icyphy/ptII/lib/rsyntaxtextarea-2.6.0-SNAPSHOT.jar:/home/travis/build/icyphy/ptII/lib/hazelcast-3.8.2.jar:/home/travis/build/icyphy/ptII/lib/jackson-annotations-2.9.0.jar:/home/travis/build/icyphy/ptII/lib/jackson-core-2.9.3.jar:/home/travis/build/icyphy/ptII/lib/jackson-databind-2.9.3.jar:/home/travis/build/icyphy/ptII/lib/netty-buffer-4.1.19.Final.jar:/home/travis/build/icyphy/ptII/lib/netty-codec-4.1.19.Final.jar:/home/travis/build/icyphy/ptII/lib/netty-codec-dns-4.1.19.Final.jar:/home/travis/build/icyphy/ptII/lib/netty-codec-http-4.1.19.Final.jar:/home/travis/build/icyphy/ptII/lib/netty-codec-http2-4.1.19.Final.jar:/home/travis/build/icyphy/ptII/lib/netty-common-4.1.19.Final.jar:/home/travis/build/icyphy/ptII/lib/netty-handler-4.1.19.Final.jar:/home/travis/build/icyphy/ptII/lib/netty-resolver-4.1.19.Final.jar:/home/travis/build/icyphy/ptII/lib/netty-resolver-dns-4.1.19.Final.jar:/home/travis/build/icyphy/ptII/lib/netty-transport-4.1.19.Final.jar:/home/travis/build/icyphy/ptII/lib/vertx-codegen-3.5.1.jar:/home/travis/build/icyphy/ptII/lib/vertx-core-3.5.2-SNAPSHOT.jar:/home/travis/build/icyphy/ptII/lib/vertx-hazelcast-3.5.1.jar:/home/travis/build/icyphy/ptII/lib/vertx-lang-js-3.5.1.jar:/home/travis/build/icyphy/ptII/lib/vertx-service-proxy-3.5.1.jar:/home/travis/build/icyphy/ptII/lib/vertx-web-3.5.1.jar:/home/travis/build/icyphy/ptII/lib/slf4j-api-1.7.13.jar:/home/travis/build/icyphy/ptII/lib/slf4j-simple-1.7.13.jar:/home/travis/build/icyphy/ptII/lib/webcam-capture-0.3.12.jar:/home/travis/build/icyphy/ptII/lib/bridj-0.7.0.jar:/home/travis/build/icyphy/ptII/lib/xbjlib-1.1.0.nrjavaserial.jar" />
    <property name="test.batch" value="**/junit/*.java" />
    <property name="env._" value="/usr/bin/timeout" />
    <property name="java.io.tmpdir" value="/tmp" />
    <property name="user.language" value="en" />
    <property name="env.HISTCONTROL" value="ignoredups:ignorespace" />
    <property name="env.GOROOT" value="/home/travis/.gimme/versions/go1.7.4.linux.amd64" />
    <property name="line.separator" value="&#xa;" />
    <property name="target" value="1.8" />
    <property name="env.TRAVIS_BUILD_DIR" value="/home/travis/build/icyphy/ptII" />
    <property name="env.ANT_OPTS" value="-Xmx2048m" />
    <property name="ant.file.type" value="file" />
    <property name="ptolemy.ptII.batchMode" value="true" />
    <property name="env.HISTSIZE" value="1000" />
    <property name="env.MERB_ENV" value="test" />
    <property name="java.vm.info" value="mixed mode" />
    <property name="source" value="1.8" />
    <property name="java.vm.specification.name" value="Java Virtual Machine Specification" />
    <property name="env.TRAVIS_TEST_RESULT" value="0" />
    <property name="jsdoc.command" value="node_modules/@terraswarm/jsdoc/jsdoc.js" />
    <property name="npm.works" value="true" />
    <property name="cobertura.dir" value="/home/travis/build/icyphy/ptII/vendors/cobertura-2.0.3" />
    <property name="env.rvm_path" value="/home/travis/.rvm" />
    <property name="env.GEM_PATH" value="/home/travis/.rvm/gems/ruby-2.4.1:/home/travis/.rvm/gems/ruby-2.4.1@global" />
    <property name="env.LC_CTYPE" value="en_US.UTF-8" />
    <property name="java.awt.printerjob" value="sun.print.PSPrinterJob" />
    <property name="env.PT_TRAVIS_TEST_EXPORT3_XML" value="true" />
    <property name="env.TRAVIS_STACK_NAME" value="garnet" />
    <property name="ant.version" value="Apache Ant(TM) version 1.10.1 compiled on February 2 2017" />
    <property name="ptII.reports" value="/home/travis/build/icyphy/ptII/reports" />
    <property name="env.TRAVIS_STACK_TIMESTAMP" value="2017-12-05 19:33:09 UTC" />
    <property name="ant.file.type.ptII" value="file" />
    <property name="env.RBENV_SHELL" value="bash" />
    <property name="os.name" value="Linux" />
    <property name="java.specification.vendor" value="Oracle Corporation" />
    <property name="env.rvm_version" value="1.29.3 (latest)" />
    <property name="env.TERM" value="xterm" />
    <property name="java.vm.name" value="Java HotSpot(TM) 64-Bit Server VM" />
    <property name="env.TRAVIS_BUILD_NUMBER" value="456" />
    <property name="env.CI" value="true" />
    <property name="java.library.path" value="/home/travis/pthla/certi-tools/lib:/usr/lib/jni:/usr/local/share/OpenCV/java/:/usr/share/OpenCV/java::/usr/java/packages/lib/amd64:/usr/lib64:/lib64:/lib:/usr/lib" />
    <property name="env.rvm_prefix" value="/home/travis" />
    <property name="env.PATH" value="/home/travis/pthla/certi-tools/share/scripts:/home/travis/.rvm/gems/ruby-2.4.1/bin:/home/travis/.rvm/gems/ruby-2.4.1@global/bin:/home/travis/.rvm/rubies/ruby-2.4.1/bin:/home/travis/.rvm/bin:/home/travis/.nvm/versions/node/v7.10.1/bin:./node_modules/.bin:/home/travis/build/icyphy/ptII/bin:/home/travis/pthla/certi-tools/bin:/home/travis/bin:/home/travis/.local/bin:/opt/pyenv/shims:/home/travis/.phpenv/shims:/home/travis/perl5/perlbrew/bin:/home/travis/.kiex/elixirs/elixir-1.4.5/bin:/home/travis/.kiex/bin:/home/travis/gopath/bin:/home/travis/.gimme/versions/go1.7.4.linux.amd64/bin:/usr/local/phantomjs/bin:/usr/local/phantomjs:/usr/local/neo4j-3.2.7/bin:/usr/local/maven-3.5.2/bin:/usr/local/cmake-3.9.2/bin:/usr/local/clang-5.0.0/bin:/usr/local/sbin:/usr/local/bin:/usr/sbin:/usr/bin:/sbin:/bin:/home/travis/.phpenv/bin:/opt/pyenv/bin:/home/travis/.yarn/bin" />
    <property name="env.TRAVIS_OS_NAME" value="linux" />
    <property name="ant.java.version" value="1.8" />
    <property name="basedir" value="/home/travis/build/icyphy/ptII" />
    <property name="java.class.version" value="52.0" />
    <property name="env.SHLVL" value="3" />
    <property name="env.LD_LIBRARY_PATH" value="/home/travis/pthla/certi-tools/lib:/usr/lib/jni:/usr/local/share/OpenCV/java/:/usr/share/OpenCV/java:" />
    <property name="env.RACK_ENV" value="test" />
    <property name="ant.home" value="/home/travis/build/icyphy/ptII/ant" />
    <property name="env.NVM_DIR" value="/home/travis/.nvm" />
    <property name="env.PERLBREW_BASHRC_VERSION" value="0.80" />
    <property name="env.CERTI_FOM_PATH" value="/home/travis/pthla/certi-tools/share/federations" />
    <property name="env.TRAVIS_BUILD_ID" value="381212255" />
    <property name="env.PYENV_ROOT" value="/opt/pyenv" />
    <property name="env.TRAVIS_UID" value="2000" />
    <property name="env.rvm_pretty_print_flag" value="auto" />
    <property name="env.NVM_BIN" value="/home/travis/.nvm/versions/node/v7.10.1/bin" />
    <property name="env.TRAVIS_COMMIT" value="93980f3ef78c2fee0647008b7e508376dac0a93c" />
    <property name="env._system_arch" value="x86_64" />
    <property name="node.executable" value="node" />
    <property name="sun.boot.library.path" value="/usr/lib/jvm/java-8-oracle/jre/lib/amd64" />
    <property name="sun.management.compiler" value="HotSpot 64-Bit Tiered Compilers" />
    <property name="env.GOPATH" value="/home/travis/gopath" />
    <property name="java.awt.graphicsenv" value="sun.awt.X11GraphicsEnvironment" />
    <property name="ptolemy.ptII.dir" value="/home/travis/build/icyphy/ptII" />
    <property name="env.USER" value="travis" />
    <property name="env.HISTFILESIZE" value="2000" />
    <property name="timeout.longest" value="19000000" />
    <property name="env.TRAVIS_STACK_FEATURES" value="basic cassandra chromium couchdb disabled-ipv6 docker docker-compose elasticsearch firefox go-toolchain google-chrome jdk memcached mongodb mysql neo4j nodejs_interpreter perl_interpreter perlbrew phantomjs postgresql python_interpreter rabbitmq redis riak ruby_interpreter sqlite xserver" />
    <property name="env.TRAVIS_PULL_REQUEST" value="false" />
    <property name="env.PYENV_SHELL" value="bash" />
    <property name="ant.project.name" value="ptII" />
    <property name="java.vm.specification.version" value="1.8" />
    <property name="env.CERTI_VERSION" value="4.0.0" />
    <property name="env.NLSPATH" value="/usr/dt/lib/nls/msg/%L/%N.cat" />
    <property name="awt.toolkit" value="sun.awt.X11.XToolkit" />
    <property name="env.CERTI_HOST" value="localhost" />
    <property name="env.MY_RUBY_HOME" value="/home/travis/.rvm/rubies/ruby-2.4.1" />
    <property name="sun.cpu.isalist" value="" />
    <property name="java.ext.dirs" value="/usr/lib/jvm/java-8-oracle/jre/lib/ext:/usr/java/packages/lib/ext" />
    <property name="os.version" value="4.4.0-101-generic" />
    <property name="user.home" value="/home/travis" />
    <property name="env.MIX_ARCHIVES" value="/home/travis/.kiex/mix/elixir-1.4.5" />
    <property name="java.vm.vendor" value="Oracle Corporation" />
    <property name="env.TRAVIS_TAG" value="nightly" />
    <property name="env.TRAVIS_FILTERED" value="redirect_io" />
    <property name="javadoc.excludepackagenames" value="adm.cvs2svn.*,build.*,config.*,doc.coding.templates.*,jni.test.jni.meaningOfLife.*,jni.test.jni.testDeux.*,jni.test.jni.testTrois.*,org.terraswarm.accessor.accessors.web.node_modules.*,org.terraswarm.accessor.accessors.web.hosts.cordova.demo.*,org.terraswarm.accessor.accessors.web.hosts.cordova.plugins.*,org.terraswarm.accessor.accessors-svn.*,pt-modules.*,ptolemy.apps.agilent.*,ptolemy.apps.anytimecontrol.*,ptolemy.apps.apes.*,ptolemy.apps.charon.*,ptolemy.apps.crazyboard.*,ptolemy.apps.eclipse.*,ptolemy.apps.etherealSting.*,ptolemy.apps.fullscreen.*,ptolemy.apps.giotto.*,ptolemy.apps.ia.*,ptolemy.apps.interfaces.*,ptolemy.apps.jmf.*,ptolemy.apps.kurt.*,ptolemy.apps.kvm.*,ptolemy.apps.lego.*,ptolemy.apps.lejos.*,ptolemy.apps.midp.*,ptolemy.apps.mobileCoding.*,ptolemy.apps.pendulum.*,ptolemy.apps.rijndael.*,ptolemy.apps.robot.*,ptolemy.apps.security.*,ptolemy.apps.sobel.*,ptolemy.apps.soot.*,ptolemy.apps.throttle.*,ptolemy.apps.tini.*,ptolemy.apps.transmission.*,ptolemy.apps.vergil.*,ptolemy.apps.waba.*,ptolemy.apps.websensor.*,ptolemy.apps.webstart.*,ptolemy.apps.xsl.*,ptolemy.apps.zaurus.*,ptolemy.backtrack.eclipse.plugin.*,ptolemy.backtrack.test.*,ptolemy.codegen.c.actor.lib.oldJavaFiles.*,ptolemy.codegen.dsp.lib.*,ptolemy.codegen.kernel.newInterfaces.*,ptolemy.codegen.lib.*,ptolemy.copernicus.kernel.fragment.*,ptolemy.copernicus.shallow.cg.*,ptolemy.domains.giotto.demo.Hierarchy.Hierarchy.*,ptolemy.domains.giotto.demo.Multimode.Multimode.*,ptolemy.domains.giotto.demo.Simple.Simple.*,ptolemy.domains.gr.lib.experimental.*,ptolemy.domains.gro.*,ptolemy.domains.pdf.*,ptolemy.domains.ptinyos.demo.Surge.output.*,ptolemy.moml.test.NoPackageActor.java*,ptolemy.plot.adm.*,ptolemy.plot.servlet.*,reports.*,signed.*,src.*,target.*,vendors.*,ptolemy.cg.adapter.generic.program.procedural.c.mbed*,ptolemy.actor.lib.fmi.fmus.omc*,ptolemy.domains.openmodelica*,ptdb.kernel.bl.save.test.*,ptdb.kernel.bl.load.test.*,ptdb.kernel.bl.search.test.*,ptdb.kernel.bl.migration.test.*,ptdb.kernel.database.test.*,ptdb.test.*,ptdb.gui.test.*,org.ptolemy.scala.*,diva.util.java2d.svg.*,ptolemy.domains.ptinyos.*,ptolemy.actor.lib.fmi.fmipp.*,,org.terraswarm.accessor.accessors.web.node_modules.*,org.terraswarm.accessor.accessors-svn,ptolemy.actor.ptalon.demo.ptinyos.SendAndReceiveCnt.output,ptolemy.actor.ptalon.demo.ptinyos.SenseToLeds.output,ptolemy.domains.ptinyos.demo.CntToLedsAndRfm.output,ptolemy.domains.ptinyos.demo.RfmToLeds.output,ptolemy.domains.ptinyos.demo.SendAndReceiveCnt.output,ptolemy.domains.ptinyos.demo.SenseToLeds.output" />
    <property name="env.JAVA_HOME" value="/usr/lib/jvm/java-8-oracle" />
    <property name="env.PTII" value="/home/travis/build/icyphy/ptII" />
    <property name="env.TRAVIS_COMMIT_MESSAGE" value="Adding folder org/hlacerti/test/auto/testWithException. Test auto/3MultiDataTypes.xml works when&#xa;run by hand but maybe hangs in automatic tests." />
    <property name="keystore" value="ptKeystore" />
    <property name="env.XDG_SESSION_ID" value="2" />
    <property name="junit.output.dir" value="/home/travis/build/icyphy/ptII/reports/junit" />
    <property name="npm.return.code" value="0" />
    <property name="user.dir" value="/home/travis/build/icyphy/ptII/ptolemy/vergil/basic/export/test" />
    <property name="env.TRAVIS_NODE_VERSION" value="7" />
    <property name="env.XFILESEARCHPATH" value="/usr/dt/app-defaults/%L/Dt" />
    <property name="env.TRAVIS_EVENT_TYPE" value="cron" />
    <property name="env.MAIL" value="/var/mail/travis" />
    <property name="env.PWD" value="/home/travis/build/icyphy/ptII" />
    <property name="env.PERLBREW_ROOT" value="/home/travis/perl5/perlbrew" />
    <property name="timeout.npm" value="45000" />
    <property name="env.PAGER" value="cat" />
    <property name="sun.cpu.endian" value="little" />
    <property name="env.TRAVIS_BUILD_STAGE_NAME" value="Test" />
    <property name="env.PERLBREW_HOME" value="/home/travis/.perlbrew" />
    <property name="env.RAILS_ENV" value="test" />
    <property name="java.vm.version" value="25.151-b12" />
    <property name="java.class.path" value="/home/travis/build/icyphy/ptII:/home/travis/build/icyphy/ptII/lib/bsh-2.0b4.jar:/home/travis/build/icyphy/ptII/lib/ptCal.jar:/home/travis/build/icyphy/ptII/lib/java_cup.jar:/home/travis/build/icyphy/ptII/lib/saxon8.jar:/home/travis/build/icyphy/ptII/lib/saxon8-dom.jar:/home/travis/build/icyphy/ptII/lib/chic.jar:/home/travis/build/icyphy/ptII/lib/ptcolt.jar:/usr/lib/jvm/java-8-oracle/lib/tools.jar:/usr/lib/eclipse/plugins/org.eclipse.jdt.core_3.8.2.dist.jar:/usr/lib/eclipse/plugins/org.eclipse.core.runtime_3.8.0.dist.jar:/usr/lib/eclipse/plugins/org.eclipse.osgi_3.8.1.dist.jar:/usr/lib/eclipse/plugins/org.eclipse.core.resources_3.8.1.dist.jar:/usr/lib/eclipse/plugins/org.eclipse.equinox.common_3.6.100.dist.jar:/usr/lib/eclipse/plugins/org.eclipse.core.jobs_3.5.200.dist.jar:/usr/lib/eclipse/plugins/org.eclipse.core.contenttype_3.4.200.dist.jar:/usr/lib/eclipse/plugins/org.eclipse.equinox.preferences_3.5.0.dist.jar:/usr/lib/eclipse/plugins/org.eclipse.text_3.5.200.dist.jar:/usr/lib/eclipse/plugins/org.eclipse.ui.workbench_3.8.1.dist.jar:/usr/lib/eclipse/plugins/org.eclipse.jface_3.8.0.dist.jar:/usr/lib/eclipse/plugins/org.eclipse.swt_3.8.2.jar:/usr/lib/eclipse/plugins/org.eclipse.jface.text_3.8.1.dist.jar:/usr/lib/eclipse/plugins/org.eclipse.ui.workbench.texteditor_3.8.0.dist.jar:/usr/lib/eclipse/plugins/org.eclipse.ui.editors_3.8.0.dist.jar:/usr/lib/eclipse/plugins/org.eclipse.core.commands_3.6.1.dist.jar:/usr/lib/eclipse/plugins/org.eclipse.equinox.registry_3.5.200.dist.jar:/usr/lib/eclipse/plugins/org.eclipse.ui.console_3.5.100.dist.jar:/usr/lib/eclipse/plugins/org.eclipse.ui.forms_3.5.200.dist.jar:/usr/lib/eclipse/plugins/org.eclipse.ui.ide_3.8.1.dist.jar:/home/travis/build/icyphy/ptII/vendors/oracle/dbxml.jar:/home/travis/build/icyphy/ptII/vendors/oracle/db.jar:/home/travis/build/icyphy/ptII/vendors/misc/itext/iText.jar:/home/travis/build/icyphy/ptII/lib/g4ltl.jar:/home/travis/build/icyphy/ptII/lib/StructuralCoder.jar:/home/travis/build/icyphy/ptII/lib/org-openide-util.jar:/home/travis/build/icyphy/ptII/lib/org-openide-util-lookup.jar:/home/travis/build/icyphy/ptII/lib/org-netbeans-api-visual.jar:/home/travis/build/icyphy/ptII/vendors/jai-1_1_2_01/lib/jai_core.jar:/home/travis/build/icyphy/ptII/vendors/jai-1_1_2_01/lib/jai_codec.jar:/home/travis/build/icyphy/ptII/lib/jcerti.jar:/home/travis/build/icyphy/ptII/lib/smack.jar:/home/travis/build/icyphy/ptII/lib/smackx.jar:/home/travis/build/icyphy/ptII/lib/jetty-all-8.1.5-v20120716.jar:/home/travis/build/icyphy/ptII/lib/javax.servlet-api-3.0.1.jar:/home/travis/build/icyphy/ptII/lib/javax.mail.jar:/home/travis/build/icyphy/ptII/vendors/JMF-2.1.1e/lib/jmf.jar:/home/travis/build/icyphy/ptII/lib/jna-4.0.0-variadic.jar:/home/travis/build/icyphy/ptII/vendors/misc/joystick/Joystick.jar:/home/travis/build/icyphy/ptII/lib/ptjacl.jar:/home/travis/build/icyphy/ptII/lib/jsoup-1.8.2.jar:/home/travis/build/icyphy/ptII/lib/junit-4.8.2.jar:/home/travis/build/icyphy/ptII/lib/JUnitParams-0.4.0.jar:/home/travis/build/icyphy/ptII/ptolemy/actor/lib/excel/jxl.jar:/home/travis/build/icyphy/ptII/lib/jython.jar:/home/travis/build/icyphy/ptII/lib/kieler.jar:/home/travis/build/icyphy/ptII/vendors/opencv/share/OpenCV/java/opencv-341.jar:/home/travis/build/icyphy/ptII/lib/oscP5.jar:/home/travis/build/icyphy/ptII/lib/nrjavaserial-3.11.0.devel.jar:/usr/share/java/j3dcore.jar:/usr/share/java/j3dutils.jar:/usr/share/java/vecmath.jar:/home/travis/build/icyphy/ptII/ptolemy/distributed/jini/jar/jini-core.jar:/home/travis/build/icyphy/ptII/ptolemy/distributed/jini/jar/jini-ext.jar:/home/travis/build/icyphy/ptII/ptolemy/distributed/jini/jar/sun-util.jar:/home/travis/build/icyphy/ptII/lib/protobuf-java-2.4.1.jar:/home/travis/build/icyphy/ptII/lib/org.eclipse.paho.client.mqttv3.jar:/home/travis/build/icyphy/ptII/ptserver/lib/hessian-4.0.7.jar:/home/travis/build/icyphy/ptII/ptserver/lib/wmqtt.jar:/home/travis/build/icyphy/ptII/lib/mapss.jar:/home/travis/build/icyphy/ptII/ptolemy/actor/ptalon/antlr/antlr.jar:/home/travis/build/icyphy/ptII/lib/JRI.jar:/home/travis/build/icyphy/ptII/lib/commons-lang-2.6.jar:/home/travis/build/icyphy/ptII/lib/commons-logging-1.1.1.jar:/home/travis/build/icyphy/ptII/lib/sootclasses.jar:/home/travis/build/icyphy/ptII/ptolemy/actor/lib/database/mysql-connector-java-5.1.6-bin.jar:/home/travis/build/icyphy/ptII/vendors/misc/sphinx4/sphinx4-data-5prealpha.jar:/home/travis/build/icyphy/ptII/vendors/misc/sphinx4/sphinx4-core-5prealpha.jar:/home/travis/build/icyphy/ptII/lib/PDFRenderer.jar:/home/travis/build/icyphy/ptII/lib/svgSalamander.jar:/home/travis/build/icyphy/ptII/lib/rsyntaxtextarea-2.6.0-SNAPSHOT.jar:/home/travis/build/icyphy/ptII/lib/hazelcast-3.8.2.jar:/home/travis/build/icyphy/ptII/lib/jackson-annotations-2.9.0.jar:/home/travis/build/icyphy/ptII/lib/jackson-core-2.9.3.jar:/home/travis/build/icyphy/ptII/lib/jackson-databind-2.9.3.jar:/home/travis/build/icyphy/ptII/lib/netty-buffer-4.1.19.Final.jar:/home/travis/build/icyphy/ptII/lib/netty-codec-4.1.19.Final.jar:/home/travis/build/icyphy/ptII/lib/netty-codec-dns-4.1.19.Final.jar:/home/travis/build/icyphy/ptII/lib/netty-codec-http-4.1.19.Final.jar:/home/travis/build/icyphy/ptII/lib/netty-codec-http2-4.1.19.Final.jar:/home/travis/build/icyphy/ptII/lib/netty-common-4.1.19.Final.jar:/home/travis/build/icyphy/ptII/lib/netty-handler-4.1.19.Final.jar:/home/travis/build/icyphy/ptII/lib/netty-resolver-4.1.19.Final.jar:/home/travis/build/icyphy/ptII/lib/netty-resolver-dns-4.1.19.Final.jar:/home/travis/build/icyphy/ptII/lib/netty-transport-4.1.19.Final.jar:/home/travis/build/icyphy/ptII/lib/vertx-codegen-3.5.1.jar:/home/travis/build/icyphy/ptII/lib/vertx-core-3.5.2-SNAPSHOT.jar:/home/travis/build/icyphy/ptII/lib/vertx-hazelcast-3.5.1.jar:/home/travis/build/icyphy/ptII/lib/vertx-lang-js-3.5.1.jar:/home/travis/build/icyphy/ptII/lib/vertx-service-proxy-3.5.1.jar:/home/travis/build/icyphy/ptII/lib/vertx-web-3.5.1.jar:/home/travis/build/icyphy/ptII/lib/slf4j-api-1.7.13.jar:/home/travis/build/icyphy/ptII/lib/slf4j-simple-1.7.13.jar:/home/travis/build/icyphy/ptII/lib/webcam-capture-0.3.12.jar:/home/travis/build/icyphy/ptII/lib/bridj-0.7.0.jar:/home/travis/build/icyphy/ptII/lib/xbjlib-1.1.0.nrjavaserial.jar:/home/travis/build/icyphy/ptII/ptolemy/moml/test:/home/travis/build/icyphy/ptII/ant/lib/ant-launcher.jar:/home/travis/build/icyphy/ptII/ant/lib/ant.jar:/home/travis/build/icyphy/ptII/ant/lib/ant-junit.jar:/home/travis/build/icyphy/ptII/ant/lib/ant-junit4.jar" />
    <property name="ant.library.dir" value="/home/travis/build/icyphy/ptII/ant/lib" />
    <property name="os.arch" value="amd64" />
    <property name="env.TRAVIS_LANGUAGE" value="node_js" />
    <property name="env.CONTINUOUS_INTEGRATION" value="true" />
    <property name="env.TRAVIS_STACK_LANGUAGES" value="__garnet__ c c++ clojure cplusplus cpp default go groovy java node_js php pure_java python ruby scala" />
    <property name="test.name" value="ptolemy.actor.lib.test.junit.JUnitTclTest" />
    <property name="sun.java.launcher" value="SUN_STANDARD" />
    <property name="env.PYTHON_CONFIGURE_OPTS" value="--enable-unicode=ucs4 --with-wide-unicode --enable-shared --enable-ipv6 --enable-loadable-sqlite-extensions --with-computed-gotos" />
    <property name="ant.core.lib" value="/home/travis/build/icyphy/ptII/ant/lib/ant.jar" />
    <property name="java.vm.specification.vendor" value="Oracle Corporation" />
    <property name="env.BCVTB_HOME" value="/home/travis/build/icyphy/ptII/lbnl" />
    <property name="file.separator" value="/" />
    <property name="java.runtime.version" value="1.8.0_151-b12" />
    <property name="spotbugs.home" value="/home/travis/build/icyphy/ptII/vendors/spotbugs-3.1.1" />
    <property name="sun.boot.class.path" value="/usr/lib/jvm/java-8-oracle/jre/lib/resources.jar:/usr/lib/jvm/java-8-oracle/jre/lib/rt.jar:/usr/lib/jvm/java-8-oracle/jre/lib/sunrsasign.jar:/usr/lib/jvm/java-8-oracle/jre/lib/jsse.jar:/usr/lib/jvm/java-8-oracle/jre/lib/jce.jar:/usr/lib/jvm/java-8-oracle/jre/lib/charsets.jar:/usr/lib/jvm/java-8-oracle/jre/lib/jfr.jar:/usr/lib/jvm/java-8-oracle/jre/classes" />
    <property name="env.HAS_JOSH_K_SEAL_OF_APPROVAL" value="true" />
    <property name="env.TRAVIS_OSX_IMAGE" value="" />
    <property name="env.XDG_RUNTIME_DIR" value="/run/user/2000" />
    <property name="env.TRAVIS_BRANCH" value="master" />
    <property name="env.TRAVIS_JOB_ID" value="381212269" />
    <property name="env.CERTI_HOME_TRAVIS" value="/home/travis/pthla/certi-tools" />
    <property name="user.country" value="US" />
    <property name="env.SHELL" value="/bin/bash" />
    <property name="java.maxmemory.large" value="5000m" />
    <property name="model" value="" />
    <property name="env.CASHER_DIR" value="/home/travis/.casher" />
    <property name="env.NVM_CD_FLAGS" value="" />
    <property name="jshint.executable" value="/home/travis/node_modules/jshint/bin/jshint" />
    <property name="java.vendor" value="Oracle Corporation" />
    <property name="env.JRUBY_OPTS" value=" --client -J-XX:+TieredCompilation -J-XX:TieredStopAtLevel=1 -J-Xss2m -Xcompile.invokedynamic=false" />
    <property name="env.TRAVIS_PRE_CHEF_BOOTSTRAP_TIME" value="2017-12-05T19:32:55" />
    <property name="env.TRAVIS_STACK_JOB_BOARD_REGISTER" value="/.job-board-register.yml" />
    <property name="env.ELIXIR_VERSION" value="1.4.5" />
    <property name="java.specification.version" value="1.8" />
    <property name="env.IRBRC" value="/home/travis/.rvm/rubies/ruby-2.4.1/.irbrc" />
    <property name="env.TRAVIS" value="true" />
    <property name="sun.arch.data.model" value="64" />
  </properties>
  <testcase classname="ptolemy.vergil.basic.export.test.junit.ExportModelJUnitTestBatch3" name="[0] ptolemy/actor/lib/jjs/modules/iotAuth/demo/SecurePubSub/SecurePubSub.xml (RunExportModel)" time="33.684" />
  <testcase classname="ptolemy.vergil.basic.export.test.junit.ExportModelJUnitTestBatch3" name="[1] ptolemy/actor/lib/jjs/modules/localStorage/demo/LocalStorage/LocalStorage.xml (RunExportModel)" time="11.593" />
  <testcase classname="ptolemy.vergil.basic.export.test.junit.ExportModelJUnitTestBatch3" name="[2] ptolemy/actor/lib/jjs/modules/mqtt/demo/MQTTPubSub/MQTTPubSub.xml (RunExportModel)" time="23.508" />
  <testcase classname="ptolemy.vergil.basic.export.test.junit.ExportModelJUnitTestBatch3" name="[3] ptolemy/actor/lib/jjs/modules/socket/demo/SecureSocket/SecureSocket.xml (RunExportModel)" time="22.88" />
  <testcase classname="ptolemy.vergil.basic.export.test.junit.ExportModelJUnitTestBatch3" name="[4] ptolemy/actor/lib/jjs/modules/socket/demo/SocketDoubleArrayBatched/SocketDoubleArrayBatched.xml (RunExportModel)" time="14.057" />
  <testcase classname="ptolemy.vergil.basic.export.test.junit.ExportModelJUnitTestBatch3" name="[5] ptolemy/actor/lib/jjs/modules/socket/demo/SocketImage/SocketImage.xml (RunExportModel)" time="37.713" />
  <testcase classname="ptolemy.vergil.basic.export.test.junit.ExportModelJUnitTestBatch3" name="[6] ptolemy/actor/lib/jjs/modules/socket/demo/SocketString/SocketString.xml (RunExportModel)" time="16.744" />
  <testcase classname="ptolemy.vergil.basic.export.test.junit.ExportModelJUnitTestBatch3" name="[7] ptolemy/actor/lib/jjs/modules/socket/demo/SocketUnsignedShort/SocketUnsignedShort.xml (RunExportModel)" time="13.731" />
  <testcase classname="ptolemy.vergil.basic.export.test.junit.ExportModelJUnitTestBatch3" name="[8] ptolemy/actor/lib/jjs/modules/socket/demo/TCPSocket/TCPSocket.xml (RunExportModel)" time="8.449" />
  <testcase classname="ptolemy.vergil.basic.export.test.junit.ExportModelJUnitTestBatch3" name="[9] ptolemy/actor/lib/jjs/modules/socket/demo/TCPSocket/TCPSocketDoubleArrayBatched.xml (RunExportModel)" time="14.503" />
  <testcase classname="ptolemy.vergil.basic.export.test.junit.ExportModelJUnitTestBatch3" name="[10] ptolemy/actor/lib/jjs/modules/socket/demo/TCPSocket/TCPSocketImage.xml (RunExportModel)" time="34.216" />
  <testcase classname="ptolemy.vergil.basic.export.test.junit.ExportModelJUnitTestBatch3" name="[11] ptolemy/actor/lib/jjs/modules/socket/demo/TCPSocket/TCPSocketSecureServerClient.xml (RunExportModel)" time="21.917" />
  <testcase classname="ptolemy.vergil.basic.export.test.junit.ExportModelJUnitTestBatch3" name="[12] ptolemy/actor/lib/jjs/modules/socket/demo/TCPSocket/TCPSocketTwoClients.xml (RunExportModel)" time="34.597" />
  <testcase classname="ptolemy.vergil.basic.export.test.junit.ExportModelJUnitTestBatch3" name="[13] ptolemy/actor/lib/jjs/modules/socket/demo/TCPSocket/TCPSocketUnsignedShort.xml (RunExportModel)" time="14.577" />
  <testcase classname="ptolemy.vergil.basic.export.test.junit.ExportModelJUnitTestBatch3" name="[14] ptolemy/actor/lib/jjs/modules/speechRecognition/demo/SpeechRecognition/SpeechRecognition.xml (RunExportModel)" time="10.139" />
  <testcase classname="ptolemy.vergil.basic.export.test.junit.ExportModelJUnitTestBatch3" name="[15] ptolemy/actor/lib/jjs/modules/speechRecognition/demo/WatchCommandUpdater/WatchCommandUpdater.xml (RunExportModel)" time="13.912" />
  <testcase classname="ptolemy.vergil.basic.export.test.junit.ExportModelJUnitTestBatch3" name="[16] ptolemy/actor/lib/jjs/modules/testing/demo/Testing/Testing.xml (RunExportModel)" time="30.073" />
  <testcase classname="ptolemy.vergil.basic.export.test.junit.ExportModelJUnitTestBatch3" name="[17] ptolemy/actor/lib/jjs/modules/udpSocket/demo/UDPSocket/UDPSocket.xml (RunExportModel)" time="39.663" />
  <testcase classname="ptolemy.vergil.basic.export.test.junit.ExportModelJUnitTestBatch3" name="[18] ptolemy/actor/lib/jjs/modules/udpSocket/demo/WatchEmulator/WatchEmulator.xml (RunExportModel)" time="20.535">
    <failure message="Exporting HTML for ptolemy/actor/lib/jjs/modules/udpSocket/demo/WatchEmulator/WatchEmulator.xml failed: &#xa;java.lang.reflect.InvocationTargetException&#xa;&#x9;at java.awt.EventQueue.invokeAndWait(EventQueue.java:1321)&#xa;&#x9;at java.awt.EventQueue.invokeAndWait(EventQueue.java:1296)&#xa;&#x9;at javax.swing.SwingUtilities.invokeAndWait(SwingUtilities.java:1348)&#xa;&#x9;at ptolemy.vergil.basic.export.ExportModel.exportModel(ExportModel.java:401)&#xa;&#x9;at ptolemy.vergil.basic.export.test.junit.ExportModelJUnitTest.RunExportModel(ExportModelJUnitTest.java:153)&#xa;&#x9;at ptolemy.vergil.basic.export.test.junit.ExportModelJUnitTestBatch.RunExportModel(ExportModelJUnitTestBatch.java:97)&#xa;&#x9;at sun.reflect.GeneratedMethodAccessor18.invoke(Unknown Source)&#xa;&#x9;at sun.reflect.DelegatingMethodAccessorImpl.invoke(DelegatingMethodAccessorImpl.java:43)&#xa;&#x9;at java.lang.reflect.Method.invoke(Method.java:498)&#xa;&#x9;at org.junit.runners.model.FrameworkMethod$1.runReflectiveCall(FrameworkMethod.java:44)&#xa;&#x9;at org.junit.internal.runners.model.ReflectiveCallable.run(ReflectiveCallable.java:15)&#xa;&#x9;at org.junit.runners.model.FrameworkMethod.invokeExplosively(FrameworkMethod.java:41)&#xa;&#x9;at junitparams.internal.InvokeParameterisedMethod.evaluate(InvokeParameterisedMethod.java:102)&#xa;&#x9;at junitparams.internal.ParameterisedTestMethodRunner.runMethodInvoker(ParameterisedTestMethodRunner.java:47)&#xa;&#x9;at junitparams.internal.ParameterisedTestMethodRunner.runTestMethod(ParameterisedTestMethodRunner.java:41)&#xa;&#x9;at junitparams.internal.ParameterisedTestClassRunner.runParameterisedTest(ParameterisedTestClassRunner.java:143)&#xa;&#x9;at junitparams.JUnitParamsRunner.runChild(JUnitParamsRunner.java:237)&#xa;&#x9;at junitparams.JUnitParamsRunner.runChild(JUnitParamsRunner.java:215)&#xa;&#x9;at org.junit.runners.ParentRunner$3.run(ParentRunner.java:193)&#xa;&#x9;at org.junit.runners.ParentRunner$1.schedule(ParentRunner.java:52)&#xa;&#x9;at org.junit.runners.ParentRunner.runChildren(ParentRunner.java:191)&#xa;&#x9;at org.junit.runners.ParentRunner.access$000(ParentRunner.java:42)&#xa;&#x9;at org.junit.runners.ParentRunner$2.evaluate(ParentRunner.java:184)&#xa;&#x9;at org.junit.runners.ParentRunner.run(ParentRunner.java:236)&#xa;&#x9;at junit.framework.JUnit4TestAdapter.run(JUnit4TestAdapter.java:39)&#xa;&#x9;at org.apache.tools.ant.taskdefs.optional.junit.JUnitTestRunner.run(JUnitTestRunner.java:535)&#xa;&#x9;at org.apache.tools.ant.taskdefs.optional.junit.JUnitTestRunner.launch(JUnitTestRunner.java:1182)&#xa;&#x9;at org.apache.tools.ant.taskdefs.optional.junit.JUnitTestRunner.main(JUnitTestRunner.java:1033)&#xa;Caused by: java.lang.RuntimeException: ptolemy.kernel.util.IllegalActionException: Exceptions occurred during wrapup:&#xa;ptolemy.kernel.util.IllegalActionException: Failure executing the wrapup function: Error: TrainableTest2: The input handler of this accessor was never invoked. Usually, this is an error indicating that starvation is occurring. in &lt;function&gt; at line number 393 at column number 16&#xa;  in .WatchEmulator.TrainableTest2&#xa;Because:&#xa;Error: TrainableTest2: The input handler of this accessor was never invoked. Usually, this is an error indicating that starvation is occurring. in &lt;function&gt; at line number 393 at column number 16&#xa;&#xa;  in .WatchEmulator.DE Director&#xa;Because:&#xa;Failure executing the wrapup function: Error: TrainableTest2: The input handler of this accessor was never invoked. Usually, this is an error indicating that starvation is occurring. in &lt;function&gt; at line number 393 at column number 16&#xa;  in .WatchEmulator.TrainableTest2&#xa;Because:&#xa;Error: TrainableTest2: The input handler of this accessor was never invoked. Usually, this is an error indicating that starvation is occurring. in &lt;function&gt; at line number 393 at column number 16&#xa;&#x9;at ptolemy.vergil.basic.export.ExportModel$2.run(ExportModel.java:397)&#xa;&#x9;at java.awt.event.InvocationEvent.dispatch(InvocationEvent.java:301)&#xa;&#x9;at java.awt.EventQueue.dispatchEventImpl(EventQueue.java:756)&#xa;&#x9;at java.awt.EventQueue.access$500(EventQueue.java:97)&#xa;&#x9;at java.awt.EventQueue$3.run(EventQueue.java:709)&#xa;&#x9;at java.awt.EventQueue$3.run(EventQueue.java:703)&#xa;&#x9;at java.security.AccessController.doPrivileged(Native Method)&#xa;&#x9;at java.security.ProtectionDomain$JavaSecurityAccessImpl.doIntersectionPrivilege(ProtectionDomain.java:80)&#xa;&#x9;at java.awt.EventQueue.dispatchEvent(EventQueue.java:726)&#xa;&#x9;at java.awt.EventDispatchThread.pumpOneEventForFilters(EventDispatchThread.java:201)&#xa;&#x9;at java.awt.EventDispatchThread.pumpEventsForFilter(EventDispatchThread.java:116)&#xa;&#x9;at java.awt.EventDispatchThread.pumpEventsForHierarchy(EventDispatchThread.java:105)&#xa;&#x9;at java.awt.EventDispatchThread.pumpEvents(EventDispatchThread.java:101)&#xa;&#x9;at java.awt.EventDispatchThread.pumpEvents(EventDispatchThread.java:93)&#xa;&#x9;at java.awt.EventDispatchThread.run(EventDispatchThread.java:82)&#xa;Caused by: ptolemy.kernel.util.IllegalActionException: Exceptions occurred during wrapup:&#xa;ptolemy.kernel.util.IllegalActionException: Failure executing the wrapup function: Error: TrainableTest2: The input handler of this accessor was never invoked. Usually, this is an error indicating that starvation is occurring. in &lt;function&gt; at line number 393 at column number 16&#xa;  in .WatchEmulator.TrainableTest2&#xa;Because:&#xa;Error: TrainableTest2: The input handler of this accessor was never invoked. Usually, this is an error indicating that starvation is occurring. in &lt;function&gt; at line number 393 at column number 16&#xa;&#xa;  in .WatchEmulator.DE Director&#xa;Because:&#xa;Failure executing the wrapup function: Error: TrainableTest2: The input handler of this accessor was never invoked. Usually, this is an error indicating that starvation is occurring. in &lt;function&gt; at line number 393 at column number 16&#xa;  in .WatchEmulator.TrainableTest2&#xa;Because:&#xa;Error: TrainableTest2: The input handler of this accessor was never invoked. Usually, this is an error indicating that starvation is occurring. in &lt;function&gt; at line number 393 at column number 16&#xa;&#x9;at ptolemy.actor.Director.wrapup(Director.java:1736)&#xa;&#x9;at ptolemy.domains.de.kernel.DEDirector.wrapup(DEDirector.java:1526)&#xa;&#x9;at ptolemy.actor.CompositeActor.wrapup(CompositeActor.java:2735)&#xa;&#x9;at ptolemy.actor.Manager.wrapup(Manager.java:1512)&#xa;&#x9;at ptolemy.actor.Manager.execute(Manager.java:407)&#xa;&#x9;at ptolemy.vergil.basic.export.ExportModel$2.run(ExportModel.java:390)&#xa;&#x9;... 14 more&#xa;Caused by: ptolemy.kernel.util.IllegalActionException: Failure executing the wrapup function: Error: TrainableTest2: The input handler of this accessor was never invoked. Usually, this is an error indicating that starvation is occurring. in &lt;function&gt; at line number 393 at column number 16&#xa;  in .WatchEmulator.TrainableTest2&#xa;Because:&#xa;Error: TrainableTest2: The input handler of this accessor was never invoked. Usually, this is an error indicating that starvation is occurring. in &lt;function&gt; at line number 393 at column number 16&#xa;&#x9;at ptolemy.actor.lib.jjs.JavaScript._invokeMethodInContext(JavaScript.java:2223)&#xa;&#x9;at ptolemy.actor.lib.jjs.JavaScript.wrapup(JavaScript.java:2118)&#xa;&#x9;at ptolemy.actor.Director.wrapup(Director.java:1722)&#xa;&#x9;... 19 more&#xa;Caused by: javax.script.ScriptException: Error: TrainableTest2: The input handler of this accessor was never invoked. Usually, this is an error indicating that starvation is occurring. in &lt;function&gt; at line number 393 at column number 16&#xa;&#x9;at jdk.nashorn.api.scripting.NashornScriptEngine.throwAsScriptException(NashornScriptEngine.java:470)&#xa;&#x9;at jdk.nashorn.api.scripting.NashornScriptEngine.invokeImpl(NashornScriptEngine.java:392)&#xa;&#x9;at jdk.nashorn.api.scripting.NashornScriptEngine.invokeMethod(NashornScriptEngine.java:199)&#xa;&#x9;at ptolemy.actor.lib.jjs.JavaScript._invokeMethodInContext(JavaScript.java:2200)&#xa;&#x9;... 21 more&#xa;Caused by: &lt;function&gt;:393:16 Error: TrainableTest2: The input handler of this accessor was never invoked. Usually, this is an error indicating that starvation is occurring.&#xa;&#x9;at jdk.nashorn.internal.objects.NativeError.initException(NativeError.java:137)&#xa;&#x9;at jdk.nashorn.internal.objects.NativeError.&lt;init&gt;(NativeError.java:102)&#xa;&#x9;at jdk.nashorn.internal.objects.NativeError.&lt;init&gt;(NativeError.java:106)&#xa;&#x9;at jdk.nashorn.internal.objects.NativeError.&lt;init&gt;(NativeError.java:110)&#xa;&#x9;at jdk.nashorn.internal.objects.NativeError.constructor(NativeError.java:129)&#xa;&#x9;at jdk.nashorn.internal.scripts.Script$Recompilation$17702$18524$\^function\_.L:1#wrapup(&lt;function&gt;:393)&#xa;&#x9;at jdk.nashorn.internal.scripts.Script$Recompilation$17700$30384$require.L:1#Accessor#wrapup(/home/travis/build/icyphy/ptII/ptolemy/actor/lib/jjs/external/require.js#401:30&lt;eval&gt;:675)&#xa;&#x9;at jdk.nashorn.internal.runtime.ScriptFunctionData.invoke(ScriptFunctionData.java:637)&#xa;&#x9;at jdk.nashorn.internal.runtime.ScriptFunction.invoke(ScriptFunction.java:494)&#xa;&#x9;at jdk.nashorn.internal.runtime.ScriptRuntime.apply(ScriptRuntime.java:393)&#xa;&#x9;at jdk.nashorn.api.scripting.ScriptObjectMirror.callMember(ScriptObjectMirror.java:199)&#xa;&#x9;at jdk.nashorn.api.scripting.NashornScriptEngine.invokeImpl(NashornScriptEngine.java:386)&#xa;&#x9;... 23 more&#xa;" type="junit.framework.AssertionFailedError">junit.framework.AssertionFailedError: Exporting HTML for ptolemy/actor/lib/jjs/modules/udpSocket/demo/WatchEmulator/WatchEmulator.xml failed: 
java.lang.reflect.InvocationTargetException
	at java.awt.EventQueue.invokeAndWait(EventQueue.java:1321)
	at java.awt.EventQueue.invokeAndWait(EventQueue.java:1296)
	at javax.swing.SwingUtilities.invokeAndWait(SwingUtilities.java:1348)
	at ptolemy.vergil.basic.export.ExportModel.exportModel(ExportModel.java:401)
	at ptolemy.vergil.basic.export.test.junit.ExportModelJUnitTest.RunExportModel(ExportModelJUnitTest.java:153)
	at ptolemy.vergil.basic.export.test.junit.ExportModelJUnitTestBatch.RunExportModel(ExportModelJUnitTestBatch.java:97)
	at junitparams.internal.InvokeParameterisedMethod.evaluate(InvokeParameterisedMethod.java:102)
	at junitparams.internal.ParameterisedTestMethodRunner.runMethodInvoker(ParameterisedTestMethodRunner.java:47)
	at junitparams.internal.ParameterisedTestMethodRunner.runTestMethod(ParameterisedTestMethodRunner.java:41)
	at junitparams.internal.ParameterisedTestClassRunner.runParameterisedTest(ParameterisedTestClassRunner.java:143)
	at junitparams.JUnitParamsRunner.runChild(JUnitParamsRunner.java:237)
	at junitparams.JUnitParamsRunner.runChild(JUnitParamsRunner.java:215)
Caused by: java.lang.RuntimeException: ptolemy.kernel.util.IllegalActionException: Exceptions occurred during wrapup:
ptolemy.kernel.util.IllegalActionException: Failure executing the wrapup function: Error: TrainableTest2: The input handler of this accessor was never invoked. Usually, this is an error indicating that starvation is occurring. in &lt;function&gt; at line number 393 at column number 16
  in .WatchEmulator.TrainableTest2
Because:
Error: TrainableTest2: The input handler of this accessor was never invoked. Usually, this is an error indicating that starvation is occurring. in &lt;function&gt; at line number 393 at column number 16

  in .WatchEmulator.DE Director
Because:
Failure executing the wrapup function: Error: TrainableTest2: The input handler of this accessor was never invoked. Usually, this is an error indicating that starvation is occurring. in &lt;function&gt; at line number 393 at column number 16
  in .WatchEmulator.TrainableTest2
Because:
Error: TrainableTest2: The input handler of this accessor was never invoked. Usually, this is an error indicating that starvation is occurring. in &lt;function&gt; at line number 393 at column number 16
	at ptolemy.vergil.basic.export.ExportModel$2.run(ExportModel.java:397)
	at java.awt.event.InvocationEvent.dispatch(InvocationEvent.java:301)
	at java.awt.EventQueue.dispatchEventImpl(EventQueue.java:756)
	at java.awt.EventQueue.access$500(EventQueue.java:97)
	at java.awt.EventQueue$3.run(EventQueue.java:709)
	at java.awt.EventQueue$3.run(EventQueue.java:703)
	at java.security.AccessController.doPrivileged(Native Method)
	at java.security.ProtectionDomain$JavaSecurityAccessImpl.doIntersectionPrivilege(ProtectionDomain.java:80)
	at java.awt.EventQueue.dispatchEvent(EventQueue.java:726)
	at java.awt.EventDispatchThread.pumpOneEventForFilters(EventDispatchThread.java:201)
	at java.awt.EventDispatchThread.pumpEventsForFilter(EventDispatchThread.java:116)
	at java.awt.EventDispatchThread.pumpEventsForHierarchy(EventDispatchThread.java:105)
	at java.awt.EventDispatchThread.pumpEvents(EventDispatchThread.java:101)
	at java.awt.EventDispatchThread.pumpEvents(EventDispatchThread.java:93)
	at java.awt.EventDispatchThread.run(EventDispatchThread.java:82)
Caused by: ptolemy.kernel.util.IllegalActionException: Exceptions occurred during wrapup:
ptolemy.kernel.util.IllegalActionException: Failure executing the wrapup function: Error: TrainableTest2: The input handler of this accessor was never invoked. Usually, this is an error indicating that starvation is occurring. in &lt;function&gt; at line number 393 at column number 16
  in .WatchEmulator.TrainableTest2
Because:
Error: TrainableTest2: The input handler of this accessor was never invoked. Usually, this is an error indicating that starvation is occurring. in &lt;function&gt; at line number 393 at column number 16

  in .WatchEmulator.DE Director
Because:
Failure executing the wrapup function: Error: TrainableTest2: The input handler of this accessor was never invoked. Usually, this is an error indicating that starvation is occurring. in &lt;function&gt; at line number 393 at column number 16
  in .WatchEmulator.TrainableTest2
Because:
Error: TrainableTest2: The input handler of this accessor was never invoked. Usually, this is an error indicating that starvation is occurring. in &lt;function&gt; at line number 393 at column number 16
	at ptolemy.actor.Director.wrapup(Director.java:1736)
	at ptolemy.domains.de.kernel.DEDirector.wrapup(DEDirector.java:1526)
	at ptolemy.actor.CompositeActor.wrapup(CompositeActor.java:2735)
	at ptolemy.actor.Manager.wrapup(Manager.java:1512)
	at ptolemy.actor.Manager.execute(Manager.java:407)
	at ptolemy.vergil.basic.export.ExportModel$2.run(ExportModel.java:390)
Caused by: ptolemy.kernel.util.IllegalActionException: Failure executing the wrapup function: Error: TrainableTest2: The input handler of this accessor was never invoked. Usually, this is an error indicating that starvation is occurring. in &lt;function&gt; at line number 393 at column number 16
  in .WatchEmulator.TrainableTest2
Because:
Error: TrainableTest2: The input handler of this accessor was never invoked. Usually, this is an error indicating that starvation is occurring. in &lt;function&gt; at line number 393 at column number 16
	at ptolemy.actor.lib.jjs.JavaScript._invokeMethodInContext(JavaScript.java:2223)
	at ptolemy.actor.lib.jjs.JavaScript.wrapup(JavaScript.java:2118)
	at ptolemy.actor.Director.wrapup(Director.java:1722)
Caused by: javax.script.ScriptException: Error: TrainableTest2: The input handler of this accessor was never invoked. Usually, this is an error indicating that starvation is occurring. in &lt;function&gt; at line number 393 at column number 16
	at jdk.nashorn.api.scripting.NashornScriptEngine.throwAsScriptException(NashornScriptEngine.java:470)
	at jdk.nashorn.api.scripting.NashornScriptEngine.invokeImpl(NashornScriptEngine.java:392)
	at jdk.nashorn.api.scripting.NashornScriptEngine.invokeMethod(NashornScriptEngine.java:199)
	at ptolemy.actor.lib.jjs.JavaScript._invokeMethodInContext(JavaScript.java:2200)
Caused by: &lt;function&gt;:393:16 Error: TrainableTest2: The input handler of this accessor was never invoked. Usually, this is an error indicating that starvation is occurring.
	at jdk.nashorn.internal.objects.NativeError.initException(NativeError.java:137)
	at jdk.nashorn.internal.objects.NativeError.&lt;init&gt;(NativeError.java:102)
	at jdk.nashorn.internal.objects.NativeError.&lt;init&gt;(NativeError.java:106)
	at jdk.nashorn.internal.objects.NativeError.&lt;init&gt;(NativeError.java:110)
	at jdk.nashorn.internal.objects.NativeError.constructor(NativeError.java:129)
	at jdk.nashorn.internal.scripts.Script$Recompilation$17702$18524$\^function\_.L:1#wrapup(&lt;function&gt;:393)
	at jdk.nashorn.internal.scripts.Script$Recompilation$17700$30384$require.L:1#Accessor#wrapup(/home/travis/build/icyphy/ptII/ptolemy/actor/lib/jjs/external/require.js#401:30&lt;eval&gt;:675)
	at jdk.nashorn.internal.runtime.ScriptFunctionData.invoke(ScriptFunctionData.java:637)
	at jdk.nashorn.internal.runtime.ScriptFunction.invoke(ScriptFunction.java:494)
	at jdk.nashorn.internal.runtime.ScriptRuntime.apply(ScriptRuntime.java:393)
	at jdk.nashorn.api.scripting.ScriptObjectMirror.callMember(ScriptObjectMirror.java:199)
	at jdk.nashorn.api.scripting.NashornScriptEngine.invokeImpl(NashornScriptEngine.java:386)

	at ptolemy.vergil.basic.export.test.junit.ExportModelJUnitTest.RunExportModel(ExportModelJUnitTest.java:162)
	at ptolemy.vergil.basic.export.test.junit.ExportModelJUnitTestBatch.RunExportModel(ExportModelJUnitTestBatch.java:97)
	at junitparams.internal.InvokeParameterisedMethod.evaluate(InvokeParameterisedMethod.java:102)
	at junitparams.internal.ParameterisedTestMethodRunner.runMethodInvoker(ParameterisedTestMethodRunner.java:47)
	at junitparams.internal.ParameterisedTestMethodRunner.runTestMethod(ParameterisedTestMethodRunner.java:41)
	at junitparams.internal.ParameterisedTestClassRunner.runParameterisedTest(ParameterisedTestClassRunner.java:143)
	at junitparams.JUnitParamsRunner.runChild(JUnitParamsRunner.java:237)
	at junitparams.JUnitParamsRunner.runChild(JUnitParamsRunner.java:215)
</failure>
  </testcase>
  <testcase classname="ptolemy.vergil.basic.export.test.junit.ExportModelJUnitTestBatch3" name="[19] ptolemy/actor/lib/jjs/modules/userInterface/demo/Dots/Dots.xml (RunExportModel)" time="76.819" />
  <testcase classname="ptolemy.vergil.basic.export.test.junit.ExportModelJUnitTestBatch3" name="[20] ptolemy/actor/lib/jjs/modules/userInterface/demo/HelloUserInterface/HelloUserInterface.xml (RunExportModel)" time="22.503" />
  <testcase classname="ptolemy.vergil.basic.export.test.junit.ExportModelJUnitTestBatch3" name="[21] ptolemy/actor/lib/jjs/modules/userInterface/demo/UserInterface/UserInterface.xml (RunExportModel)" time="14.214" />
  <testcase classname="ptolemy.vergil.basic.export.test.junit.ExportModelJUnitTestBatch3" name="[22] ptolemy/actor/lib/jjs/modules/userInterface/demo/UserInterface/UserInterfaceBrowser.xml (RunExportModel)" time="41.149" />
  <testcase classname="ptolemy.vergil.basic.export.test.junit.ExportModelJUnitTestBatch3" name="[23] ptolemy/actor/lib/jjs/modules/userInterface/demo/UserInterface/UserInterfaceFixedPage.xml (RunExportModel)" time="16.319" />
  <testcase classname="ptolemy.vergil.basic.export.test.junit.ExportModelJUnitTestBatch3" name="[24] ptolemy/actor/lib/jjs/modules/userInterface/demo/UserInterface/UserInterfaceInteractive.xml (RunExportModel)" time="40.026" />
  <testcase classname="ptolemy.vergil.basic.export.test.junit.ExportModelJUnitTestBatch3" name="[25] ptolemy/actor/lib/jjs/modules/userInterface/demo/UserInterface/UserInterfaceRamp.xml (RunExportModel)" time="23.658" />
  <testcase classname="ptolemy.vergil.basic.export.test.junit.ExportModelJUnitTestBatch3" name="[26] ptolemy/actor/lib/jjs/modules/userInterface/demo/UserInterface/UserInterfaceUpdate.xml (RunExportModel)" time="25.383" />
  <testcase classname="ptolemy.vergil.basic.export.test.junit.ExportModelJUnitTestBatch3" name="[27] ptolemy/actor/lib/jjs/modules/userInterface/demo/UserInterface/UserInterfaceVideo.xml (RunExportModel)" time="40.655" />
  <testcase classname="ptolemy.vergil.basic.export.test.junit.ExportModelJUnitTestBatch3" name="[28] ptolemy/actor/lib/jjs/modules/webSocket/demo/SpeakingServerListeningClient/SpeakingServerListeningClient.xml (RunExportModel)" time="16.964" />
  <testcase classname="ptolemy.vergil.basic.export.test.junit.ExportModelJUnitTestBatch3" name="[29] ptolemy/actor/lib/jjs/modules/webSocket/demo/TwoWebSockets/TwoWebSockets.xml (RunExportModel)" time="15.712" />
  <testcase classname="ptolemy.vergil.basic.export.test.junit.ExportModelJUnitTestBatch3" name="[30] ptolemy/actor/lib/jjs/modules/webSocket/demo/WebSocketChat/Client.xml (RunExportModel)" time="8.873" />
  <testcase classname="ptolemy.vergil.basic.export.test.junit.ExportModelJUnitTestBatch3" name="[31] ptolemy/actor/lib/jjs/modules/webSocket/demo/WebSocketChat/SecureClient.xml (RunExportModel)" time="8.917" />
  <testcase classname="ptolemy.vergil.basic.export.test.junit.ExportModelJUnitTestBatch3" name="[32] ptolemy/actor/lib/jjs/modules/webSocket/demo/WebSocketChat/SecureServer.xml (RunExportModel)" time="39.792" />
  <testcase classname="ptolemy.vergil.basic.export.test.junit.ExportModelJUnitTestBatch3" name="[33] ptolemy/actor/lib/jjs/modules/webSocket/demo/WebSocketChat/Server.xml (RunExportModel)" time="39.848" />
  <testcase classname="ptolemy.vergil.basic.export.test.junit.ExportModelJUnitTestBatch3" name="[34] ptolemy/actor/lib/jjs/modules/webSocket/demo/WebSocketChat/WebSocketChat.xml (RunExportModel)" time="8.141" />
  <testcase classname="ptolemy.vergil.basic.export.test.junit.ExportModelJUnitTestBatch3" name="[35] ptolemy/actor/lib/jjs/modules/webSocket/demo/WebSocketClient/WebSocketClient.xml (RunExportModel)" time="8.759" />
  <testcase classname="ptolemy.vergil.basic.export.test.junit.ExportModelJUnitTestBatch3" name="[36] ptolemy/actor/lib/jjs/modules/webSocket/demo/WebSocketClient/WebSocketServer.xml (RunExportModel)" time="40.303" />
  <testcase classname="ptolemy.vergil.basic.export.test.junit.ExportModelJUnitTestBatch3" name="[37] ptolemy/actor/lib/jjs/modules/webSocket/demo/WebSocketFullDuplex/WebSocketFullDuplex.xml (RunExportModel)" time="40.583" />
  <testcase classname="ptolemy.vergil.basic.export.test.junit.ExportModelJUnitTestBatch3" name="[38] ptolemy/actor/lib/jjs/modules/webSocket/demo/WebSocketGraph/WebSocketGraph.xml (RunExportModel)" time="42.92" />
  <testcase classname="ptolemy.vergil.basic.export.test.junit.ExportModelJUnitTestBatch3" name="[39] ptolemy/actor/lib/jjs/modules/webSocket/demo/WebSocketImage/WebSocketImage.xml (RunExportModel)" time="43.295" />
  <testcase classname="ptolemy.vergil.basic.export.test.junit.ExportModelJUnitTestBatch3" name="[40] ptolemy/actor/lib/jjs/modules/webSocket/demo/WebSocketLog/WebSocketLog.xml (RunExportModel)" time="26.041" />
  <testcase classname="ptolemy.vergil.basic.export.test.junit.ExportModelJUnitTestBatch3" name="[41] ptolemy/actor/lib/jjs/modules/webSocket/demo/WebSocketsServerClient/WebSocketsServerClient.xml (RunExportModel)" time="22.788" />
  <testcase classname="ptolemy.vergil.basic.export.test.junit.ExportModelJUnitTestBatch3" name="[42] ptolemy/actor/lib/jjs/modules/xbee/demo/XBeeHelloWorld/XBeeDataTypes.xml (RunExportModel)" time="9.748" />
  <testcase classname="ptolemy.vergil.basic.export.test.junit.ExportModelJUnitTestBatch3" name="[43] ptolemy/actor/lib/jjs/modules/xbee/demo/XBeeHelloWorld/XBeeHelloWorld.xml (RunExportModel)" time="9.575" />
  <testcase classname="ptolemy.vergil.basic.export.test.junit.ExportModelJUnitTestBatch3" name="[44] ptolemy/actor/lib/jmf/demo/JMFJAI/JMFJAI.xml (RunExportModel)" time="3.206" />
  <testcase classname="ptolemy.vergil.basic.export.test.junit.ExportModelJUnitTestBatch3" name="[45] ptolemy/actor/lib/jmf/demo/VideoCapture/VideoCapture.xml (RunExportModel)" time="3.184" />
  <testcase classname="ptolemy.vergil.basic.export.test.junit.ExportModelJUnitTestBatch3" name="[46] ptolemy/actor/lib/mail/demo/ExceptionEmailer/ExceptionEmailer.xml (RunExportModel)" time="4.246" />
  <testcase classname="ptolemy.vergil.basic.export.test.junit.ExportModelJUnitTestBatch3" name="[47] ptolemy/actor/lib/mail/demo/SendMail/SendMail.xml (RunExportModel)" time="4.24" />
  <testcase classname="ptolemy.vergil.basic.export.test.junit.ExportModelJUnitTestBatch3" name="[48] ptolemy/actor/lib/python/demo/Ptolemnizer/Ptolemnizer.xml (RunExportModel)" time="7.374" />
  <testcase classname="ptolemy.vergil.basic.export.test.junit.ExportModelJUnitTestBatch3" name="[49] ptolemy/actor/lib/python/demo/PythonScale/PythonScale.xml (RunExportModel)" time="4.44" />
  <testcase classname="ptolemy.vergil.basic.export.test.junit.ExportModelJUnitTestBatch3" name="[50] ptolemy/actor/lib/python/demo/RecordManipulation/RecordManipulation.xml (RunExportModel)" time="3.542" />
  <testcase classname="ptolemy.vergil.basic.export.test.junit.ExportModelJUnitTestBatch3" name="[51] ptolemy/actor/lib/r/demo/R3DPlot/R3DPlot.xml (RunExportModel)" time="3.303" />
  <testcase classname="ptolemy.vergil.basic.export.test.junit.ExportModelJUnitTestBatch3" name="[52] ptolemy/actor/lib/r/demo/RRecordToDataframe/RRecordToDataframe.xml (RunExportModel)" time="3.224" />
  <testcase classname="ptolemy.vergil.basic.export.test.junit.ExportModelJUnitTestBatch3" name="[53] ptolemy/actor/lib/security/demo/Signature/Signature.xml (RunExportModel)" time="3.41" />
  <testcase classname="ptolemy.vergil.basic.export.test.junit.ExportModelJUnitTestBatch3" name="[54] ptolemy/actor/lib/video/demo/DCT2x2dc/DCT2x2dc.xml (RunExportModel)" time="4.272" />
  <testcase classname="ptolemy.vergil.basic.export.test.junit.ExportModelJUnitTestBatch3" name="[55] ptolemy/actor/lib/video/demo/DCT4x4dc/DCT4x4dc.xml (RunExportModel)" time="4.264" />
  <testcase classname="ptolemy.vergil.basic.export.test.junit.ExportModelJUnitTestBatch3" name="[56] ptolemy/actor/lib/video/demo/DCT8x8/DCT8x8.xml (RunExportModel)" time="4.227" />
  <testcase classname="ptolemy.vergil.basic.export.test.junit.ExportModelJUnitTestBatch3" name="[57] ptolemy/actor/lib/xslt/demo/MoMLFileTransformation/MoMLFileTransformation.xml (RunExportModel)" time="5.088" />
  <testcase classname="ptolemy.vergil.basic.export.test.junit.ExportModelJUnitTestBatch3" name="[58] ptolemy/actor/lib/xslt/demo/XMLInclusion/XMLInclusion.xml (RunExportModel)" time="4.323" />
  <testcase classname="ptolemy.vergil.basic.export.test.junit.ExportModelJUnitTestBatch3" name="[59] ptolemy/actor/parameters/demo/Bouncer/Bouncer.xml (RunExportModel)" time="14.371" />
  <testcase classname="ptolemy.vergil.basic.export.test.junit.ExportModelJUnitTestBatch3" name="[60] ptolemy/actor/parameters/demo/SliderParameter/SliderParameter.xml (RunExportModel)" time="34.262" />
  <testcase classname="ptolemy.vergil.basic.export.test.junit.ExportModelJUnitTestBatch3" name="[61] ptolemy/actor/ptalon/demo/CruiseControl/CruiseControl.xml (RunExportModel)" time="4.601" />
  <testcase classname="ptolemy.vergil.basic.export.test.junit.ExportModelJUnitTestBatch3" name="[62] ptolemy/actor/ptalon/demo/EightChannelFFT/EightChannelFFT.xml (RunExportModel)" time="5.592" />
  <testcase classname="ptolemy.vergil.basic.export.test.junit.ExportModelJUnitTestBatch3" name="[63] ptolemy/actor/ptalon/demo/GameOfLife/GameOfLife.xml (RunExportModel)" time="34.923" />
  <testcase classname="ptolemy.vergil.basic.export.test.junit.ExportModelJUnitTestBatch3" name="[64] ptolemy/actor/ptalon/demo/MapReduce/MapReduce.xml (RunExportModel)" time="4.915" />
  <testcase classname="ptolemy.vergil.basic.export.test.junit.ExportModelJUnitTestBatch3" name="[65] ptolemy/actor/ptalon/demo/ModelChange/ModelChange.xml (RunExportModel)" time="4.264" />
  <testcase classname="ptolemy.vergil.basic.export.test.junit.ExportModelJUnitTestBatch3" name="[66] ptolemy/actor/ptalon/demo/ptinyos/SendAndReceiveCnt/SendAndReceiveCnt.xml (RunExportModel)" time="1.255">
    <failure message="Exporting HTML for ptolemy/actor/ptalon/demo/ptinyos/SendAndReceiveCnt/SendAndReceiveCnt.xml failed: &#xa;java.lang.reflect.InvocationTargetException&#xa;&#x9;at java.awt.EventQueue.invokeAndWait(EventQueue.java:1321)&#xa;&#x9;at java.awt.EventQueue.invokeAndWait(EventQueue.java:1296)&#xa;&#x9;at javax.swing.SwingUtilities.invokeAndWait(SwingUtilities.java:1348)&#xa;&#x9;at ptolemy.vergil.basic.export.ExportModel.exportModel(ExportModel.java:227)&#xa;&#x9;at ptolemy.vergil.basic.export.test.junit.ExportModelJUnitTest.RunExportModel(ExportModelJUnitTest.java:153)&#xa;&#x9;at ptolemy.vergil.basic.export.test.junit.ExportModelJUnitTestBatch.RunExportModel(ExportModelJUnitTestBatch.java:97)&#xa;&#x9;at sun.reflect.GeneratedMethodAccessor18.invoke(Unknown Source)&#xa;&#x9;at sun.reflect.DelegatingMethodAccessorImpl.invoke(DelegatingMethodAccessorImpl.java:43)&#xa;&#x9;at java.lang.reflect.Method.invoke(Method.java:498)&#xa;&#x9;at org.junit.runners.model.FrameworkMethod$1.runReflectiveCall(FrameworkMethod.java:44)&#xa;&#x9;at org.junit.internal.runners.model.ReflectiveCallable.run(ReflectiveCallable.java:15)&#xa;&#x9;at org.junit.runners.model.FrameworkMethod.invokeExplosively(FrameworkMethod.java:41)&#xa;&#x9;at junitparams.internal.InvokeParameterisedMethod.evaluate(InvokeParameterisedMethod.java:102)&#xa;&#x9;at junitparams.internal.ParameterisedTestMethodRunner.runMethodInvoker(ParameterisedTestMethodRunner.java:47)&#xa;&#x9;at junitparams.internal.ParameterisedTestMethodRunner.runTestMethod(ParameterisedTestMethodRunner.java:41)&#xa;&#x9;at junitparams.internal.ParameterisedTestClassRunner.runParameterisedTest(ParameterisedTestClassRunner.java:143)&#xa;&#x9;at junitparams.JUnitParamsRunner.runChild(JUnitParamsRunner.java:237)&#xa;&#x9;at junitparams.JUnitParamsRunner.runChild(JUnitParamsRunner.java:215)&#xa;&#x9;at org.junit.runners.ParentRunner$3.run(ParentRunner.java:193)&#xa;&#x9;at org.junit.runners.ParentRunner$1.schedule(ParentRunner.java:52)&#xa;&#x9;at org.junit.runners.ParentRunner.runChildren(ParentRunner.java:191)&#xa;&#x9;at org.junit.runners.ParentRunner.access$000(ParentRunner.java:42)&#xa;&#x9;at org.junit.runners.ParentRunner$2.evaluate(ParentRunner.java:184)&#xa;&#x9;at org.junit.runners.ParentRunner.run(ParentRunner.java:236)&#xa;&#x9;at junit.framework.JUnit4TestAdapter.run(JUnit4TestAdapter.java:39)&#xa;&#x9;at org.apache.tools.ant.taskdefs.optional.junit.JUnitTestRunner.run(JUnitTestRunner.java:535)&#xa;&#x9;at org.apache.tools.ant.taskdefs.optional.junit.JUnitTestRunner.launch(JUnitTestRunner.java:1182)&#xa;&#x9;at org.apache.tools.ant.taskdefs.optional.junit.JUnitTestRunner.main(JUnitTestRunner.java:1033)&#xa;Caused by: java.lang.RuntimeException: ptolemy.kernel.util.InternalErrorException: Failed to get the model directory? This can happen in a headless environment when the model attempts to interact with the graphical display.  It can also happen when the model fails to parse because of a missing class.&#xa;&#x9;at ptolemy.vergil.basic.export.ExportModel$1.run(ExportModel.java:223)&#xa;&#x9;at java.awt.event.InvocationEvent.dispatch(InvocationEvent.java:301)&#xa;&#x9;at java.awt.EventQueue.dispatchEventImpl(EventQueue.java:756)&#xa;&#x9;at java.awt.EventQueue.access$500(EventQueue.java:97)&#xa;&#x9;at java.awt.EventQueue$3.run(EventQueue.java:709)&#xa;&#x9;at java.awt.EventQueue$3.run(EventQueue.java:703)&#xa;&#x9;at java.security.AccessController.doPrivileged(Native Method)&#xa;&#x9;at java.security.ProtectionDomain$JavaSecurityAccessImpl.doIntersectionPrivilege(ProtectionDomain.java:80)&#xa;&#x9;at java.awt.EventQueue.dispatchEvent(EventQueue.java:726)&#xa;&#x9;at java.awt.EventDispatchThread.pumpOneEventForFilters(EventDispatchThread.java:201)&#xa;&#x9;at java.awt.EventDispatchThread.pumpEventsForFilter(EventDispatchThread.java:116)&#xa;&#x9;at java.awt.EventDispatchThread.pumpEventsForHierarchy(EventDispatchThread.java:105)&#xa;&#x9;at java.awt.EventDispatchThread.pumpEvents(EventDispatchThread.java:101)&#xa;&#x9;at java.awt.EventDispatchThread.pumpEvents(EventDispatchThread.java:93)&#xa;&#x9;at java.awt.EventDispatchThread.run(EventDispatchThread.java:82)&#xa;Caused by: ptolemy.kernel.util.InternalErrorException: Failed to get the model directory? This can happen in a headless environment when the model attempts to interact with the graphical display.  It can also happen when the model fails to parse because of a missing class.&#xa;&#x9;at ptolemy.actor.gui.ConfigurationApplication.models(ConfigurationApplication.java:548)&#xa;&#x9;at ptolemy.actor.gui.ConfigurationApplication.openModelOrEntity(ConfigurationApplication.java:698)&#xa;&#x9;at ptolemy.vergil.basic.export.ExportModel$1.run(ExportModel.java:220)&#xa;&#x9;... 14 more&#xa;" type="junit.framework.AssertionFailedError">junit.framework.AssertionFailedError: Exporting HTML for ptolemy/actor/ptalon/demo/ptinyos/SendAndReceiveCnt/SendAndReceiveCnt.xml failed: 
java.lang.reflect.InvocationTargetException
	at java.awt.EventQueue.invokeAndWait(EventQueue.java:1321)
	at java.awt.EventQueue.invokeAndWait(EventQueue.java:1296)
	at javax.swing.SwingUtilities.invokeAndWait(SwingUtilities.java:1348)
	at ptolemy.vergil.basic.export.ExportModel.exportModel(ExportModel.java:227)
	at ptolemy.vergil.basic.export.test.junit.ExportModelJUnitTest.RunExportModel(ExportModelJUnitTest.java:153)
	at ptolemy.vergil.basic.export.test.junit.ExportModelJUnitTestBatch.RunExportModel(ExportModelJUnitTestBatch.java:97)
	at junitparams.internal.InvokeParameterisedMethod.evaluate(InvokeParameterisedMethod.java:102)
	at junitparams.internal.ParameterisedTestMethodRunner.runMethodInvoker(ParameterisedTestMethodRunner.java:47)
	at junitparams.internal.ParameterisedTestMethodRunner.runTestMethod(ParameterisedTestMethodRunner.java:41)
	at junitparams.internal.ParameterisedTestClassRunner.runParameterisedTest(ParameterisedTestClassRunner.java:143)
	at junitparams.JUnitParamsRunner.runChild(JUnitParamsRunner.java:237)
	at junitparams.JUnitParamsRunner.runChild(JUnitParamsRunner.java:215)
Caused by: java.lang.RuntimeException: ptolemy.kernel.util.InternalErrorException: Failed to get the model directory? This can happen in a headless environment when the model attempts to interact with the graphical display.  It can also happen when the model fails to parse because of a missing class.
	at ptolemy.vergil.basic.export.ExportModel$1.run(ExportModel.java:223)
	at java.awt.event.InvocationEvent.dispatch(InvocationEvent.java:301)
	at java.awt.EventQueue.dispatchEventImpl(EventQueue.java:756)
	at java.awt.EventQueue.access$500(EventQueue.java:97)
	at java.awt.EventQueue$3.run(EventQueue.java:709)
	at java.awt.EventQueue$3.run(EventQueue.java:703)
	at java.security.AccessController.doPrivileged(Native Method)
	at java.security.ProtectionDomain$JavaSecurityAccessImpl.doIntersectionPrivilege(ProtectionDomain.java:80)
	at java.awt.EventQueue.dispatchEvent(EventQueue.java:726)
	at java.awt.EventDispatchThread.pumpOneEventForFilters(EventDispatchThread.java:201)
	at java.awt.EventDispatchThread.pumpEventsForFilter(EventDispatchThread.java:116)
	at java.awt.EventDispatchThread.pumpEventsForHierarchy(EventDispatchThread.java:105)
	at java.awt.EventDispatchThread.pumpEvents(EventDispatchThread.java:101)
	at java.awt.EventDispatchThread.pumpEvents(EventDispatchThread.java:93)
	at java.awt.EventDispatchThread.run(EventDispatchThread.java:82)
Caused by: ptolemy.kernel.util.InternalErrorException: Failed to get the model directory? This can happen in a headless environment when the model attempts to interact with the graphical display.  It can also happen when the model fails to parse because of a missing class.
	at ptolemy.actor.gui.ConfigurationApplication.models(ConfigurationApplication.java:548)
	at ptolemy.actor.gui.ConfigurationApplication.openModelOrEntity(ConfigurationApplication.java:698)
	at ptolemy.vergil.basic.export.ExportModel$1.run(ExportModel.java:220)

	at ptolemy.vergil.basic.export.test.junit.ExportModelJUnitTest.RunExportModel(ExportModelJUnitTest.java:162)
	at ptolemy.vergil.basic.export.test.junit.ExportModelJUnitTestBatch.RunExportModel(ExportModelJUnitTestBatch.java:97)
	at junitparams.internal.InvokeParameterisedMethod.evaluate(InvokeParameterisedMethod.java:102)
	at junitparams.internal.ParameterisedTestMethodRunner.runMethodInvoker(ParameterisedTestMethodRunner.java:47)
	at junitparams.internal.ParameterisedTestMethodRunner.runTestMethod(ParameterisedTestMethodRunner.java:41)
	at junitparams.internal.ParameterisedTestClassRunner.runParameterisedTest(ParameterisedTestClassRunner.java:143)
	at junitparams.JUnitParamsRunner.runChild(JUnitParamsRunner.java:237)
	at junitparams.JUnitParamsRunner.runChild(JUnitParamsRunner.java:215)
</failure>
  </testcase>
  <testcase classname="ptolemy.vergil.basic.export.test.junit.ExportModelJUnitTestBatch3" name="[67] ptolemy/actor/ptalon/demo/ptinyos/SenseToLeds/SenseToLeds.xml (RunExportModel)" time="1.149">
    <failure message="Exporting HTML for ptolemy/actor/ptalon/demo/ptinyos/SenseToLeds/SenseToLeds.xml failed: &#xa;java.lang.reflect.InvocationTargetException&#xa;&#x9;at java.awt.EventQueue.invokeAndWait(EventQueue.java:1321)&#xa;&#x9;at java.awt.EventQueue.invokeAndWait(EventQueue.java:1296)&#xa;&#x9;at javax.swing.SwingUtilities.invokeAndWait(SwingUtilities.java:1348)&#xa;&#x9;at ptolemy.vergil.basic.export.ExportModel.exportModel(ExportModel.java:227)&#xa;&#x9;at ptolemy.vergil.basic.export.test.junit.ExportModelJUnitTest.RunExportModel(ExportModelJUnitTest.java:153)&#xa;&#x9;at ptolemy.vergil.basic.export.test.junit.ExportModelJUnitTestBatch.RunExportModel(ExportModelJUnitTestBatch.java:97)&#xa;&#x9;at sun.reflect.GeneratedMethodAccessor18.invoke(Unknown Source)&#xa;&#x9;at sun.reflect.DelegatingMethodAccessorImpl.invoke(DelegatingMethodAccessorImpl.java:43)&#xa;&#x9;at java.lang.reflect.Method.invoke(Method.java:498)&#xa;&#x9;at org.junit.runners.model.FrameworkMethod$1.runReflectiveCall(FrameworkMethod.java:44)&#xa;&#x9;at org.junit.internal.runners.model.ReflectiveCallable.run(ReflectiveCallable.java:15)&#xa;&#x9;at org.junit.runners.model.FrameworkMethod.invokeExplosively(FrameworkMethod.java:41)&#xa;&#x9;at junitparams.internal.InvokeParameterisedMethod.evaluate(InvokeParameterisedMethod.java:102)&#xa;&#x9;at junitparams.internal.ParameterisedTestMethodRunner.runMethodInvoker(ParameterisedTestMethodRunner.java:47)&#xa;&#x9;at junitparams.internal.ParameterisedTestMethodRunner.runTestMethod(ParameterisedTestMethodRunner.java:41)&#xa;&#x9;at junitparams.internal.ParameterisedTestClassRunner.runParameterisedTest(ParameterisedTestClassRunner.java:143)&#xa;&#x9;at junitparams.JUnitParamsRunner.runChild(JUnitParamsRunner.java:237)&#xa;&#x9;at junitparams.JUnitParamsRunner.runChild(JUnitParamsRunner.java:215)&#xa;&#x9;at org.junit.runners.ParentRunner$3.run(ParentRunner.java:193)&#xa;&#x9;at org.junit.runners.ParentRunner$1.schedule(ParentRunner.java:52)&#xa;&#x9;at org.junit.runners.ParentRunner.runChildren(ParentRunner.java:191)&#xa;&#x9;at org.junit.runners.ParentRunner.access$000(ParentRunner.java:42)&#xa;&#x9;at org.junit.runners.ParentRunner$2.evaluate(ParentRunner.java:184)&#xa;&#x9;at org.junit.runners.ParentRunner.run(ParentRunner.java:236)&#xa;&#x9;at junit.framework.JUnit4TestAdapter.run(JUnit4TestAdapter.java:39)&#xa;&#x9;at org.apache.tools.ant.taskdefs.optional.junit.JUnitTestRunner.run(JUnitTestRunner.java:535)&#xa;&#x9;at org.apache.tools.ant.taskdefs.optional.junit.JUnitTestRunner.launch(JUnitTestRunner.java:1182)&#xa;&#x9;at org.apache.tools.ant.taskdefs.optional.junit.JUnitTestRunner.main(JUnitTestRunner.java:1033)&#xa;Caused by: java.lang.RuntimeException: ptolemy.kernel.util.InternalErrorException: Failed to get the model directory? This can happen in a headless environment when the model attempts to interact with the graphical display.  It can also happen when the model fails to parse because of a missing class.&#xa;&#x9;at ptolemy.vergil.basic.export.ExportModel$1.run(ExportModel.java:223)&#xa;&#x9;at java.awt.event.InvocationEvent.dispatch(InvocationEvent.java:301)&#xa;&#x9;at java.awt.EventQueue.dispatchEventImpl(EventQueue.java:756)&#xa;&#x9;at java.awt.EventQueue.access$500(EventQueue.java:97)&#xa;&#x9;at java.awt.EventQueue$3.run(EventQueue.java:709)&#xa;&#x9;at java.awt.EventQueue$3.run(EventQueue.java:703)&#xa;&#x9;at java.security.AccessController.doPrivileged(Native Method)&#xa;&#x9;at java.security.ProtectionDomain$JavaSecurityAccessImpl.doIntersectionPrivilege(ProtectionDomain.java:80)&#xa;&#x9;at java.awt.EventQueue.dispatchEvent(EventQueue.java:726)&#xa;&#x9;at java.awt.EventDispatchThread.pumpOneEventForFilters(EventDispatchThread.java:201)&#xa;&#x9;at java.awt.EventDispatchThread.pumpEventsForFilter(EventDispatchThread.java:116)&#xa;&#x9;at java.awt.EventDispatchThread.pumpEventsForHierarchy(EventDispatchThread.java:105)&#xa;&#x9;at java.awt.EventDispatchThread.pumpEvents(EventDispatchThread.java:101)&#xa;&#x9;at java.awt.EventDispatchThread.pumpEvents(EventDispatchThread.java:93)&#xa;&#x9;at java.awt.EventDispatchThread.run(EventDispatchThread.java:82)&#xa;Caused by: ptolemy.kernel.util.InternalErrorException: Failed to get the model directory? This can happen in a headless environment when the model attempts to interact with the graphical display.  It can also happen when the model fails to parse because of a missing class.&#xa;&#x9;at ptolemy.actor.gui.ConfigurationApplication.models(ConfigurationApplication.java:548)&#xa;&#x9;at ptolemy.actor.gui.ConfigurationApplication.openModelOrEntity(ConfigurationApplication.java:698)&#xa;&#x9;at ptolemy.vergil.basic.export.ExportModel$1.run(ExportModel.java:220)&#xa;&#x9;... 14 more&#xa;" type="junit.framework.AssertionFailedError">junit.framework.AssertionFailedError: Exporting HTML for ptolemy/actor/ptalon/demo/ptinyos/SenseToLeds/SenseToLeds.xml failed: 
java.lang.reflect.InvocationTargetException
	at java.awt.EventQueue.invokeAndWait(EventQueue.java:1321)
	at java.awt.EventQueue.invokeAndWait(EventQueue.java:1296)
	at javax.swing.SwingUtilities.invokeAndWait(SwingUtilities.java:1348)
	at ptolemy.vergil.basic.export.ExportModel.exportModel(ExportModel.java:227)
	at ptolemy.vergil.basic.export.test.junit.ExportModelJUnitTest.RunExportModel(ExportModelJUnitTest.java:153)
	at ptolemy.vergil.basic.export.test.junit.ExportModelJUnitTestBatch.RunExportModel(ExportModelJUnitTestBatch.java:97)
	at junitparams.internal.InvokeParameterisedMethod.evaluate(InvokeParameterisedMethod.java:102)
	at junitparams.internal.ParameterisedTestMethodRunner.runMethodInvoker(ParameterisedTestMethodRunner.java:47)
	at junitparams.internal.ParameterisedTestMethodRunner.runTestMethod(ParameterisedTestMethodRunner.java:41)
	at junitparams.internal.ParameterisedTestClassRunner.runParameterisedTest(ParameterisedTestClassRunner.java:143)
	at junitparams.JUnitParamsRunner.runChild(JUnitParamsRunner.java:237)
	at junitparams.JUnitParamsRunner.runChild(JUnitParamsRunner.java:215)
Caused by: java.lang.RuntimeException: ptolemy.kernel.util.InternalErrorException: Failed to get the model directory? This can happen in a headless environment when the model attempts to interact with the graphical display.  It can also happen when the model fails to parse because of a missing class.
	at ptolemy.vergil.basic.export.ExportModel$1.run(ExportModel.java:223)
	at java.awt.event.InvocationEvent.dispatch(InvocationEvent.java:301)
	at java.awt.EventQueue.dispatchEventImpl(EventQueue.java:756)
	at java.awt.EventQueue.access$500(EventQueue.java:97)
	at java.awt.EventQueue$3.run(EventQueue.java:709)
	at java.awt.EventQueue$3.run(EventQueue.java:703)
	at java.security.AccessController.doPrivileged(Native Method)
	at java.security.ProtectionDomain$JavaSecurityAccessImpl.doIntersectionPrivilege(ProtectionDomain.java:80)
	at java.awt.EventQueue.dispatchEvent(EventQueue.java:726)
	at java.awt.EventDispatchThread.pumpOneEventForFilters(EventDispatchThread.java:201)
	at java.awt.EventDispatchThread.pumpEventsForFilter(EventDispatchThread.java:116)
	at java.awt.EventDispatchThread.pumpEventsForHierarchy(EventDispatchThread.java:105)
	at java.awt.EventDispatchThread.pumpEvents(EventDispatchThread.java:101)
	at java.awt.EventDispatchThread.pumpEvents(EventDispatchThread.java:93)
	at java.awt.EventDispatchThread.run(EventDispatchThread.java:82)
Caused by: ptolemy.kernel.util.InternalErrorException: Failed to get the model directory? This can happen in a headless environment when the model attempts to interact with the graphical display.  It can also happen when the model fails to parse because of a missing class.
	at ptolemy.actor.gui.ConfigurationApplication.models(ConfigurationApplication.java:548)
	at ptolemy.actor.gui.ConfigurationApplication.openModelOrEntity(ConfigurationApplication.java:698)
	at ptolemy.vergil.basic.export.ExportModel$1.run(ExportModel.java:220)

	at ptolemy.vergil.basic.export.test.junit.ExportModelJUnitTest.RunExportModel(ExportModelJUnitTest.java:162)
	at ptolemy.vergil.basic.export.test.junit.ExportModelJUnitTestBatch.RunExportModel(ExportModelJUnitTestBatch.java:97)
	at junitparams.internal.InvokeParameterisedMethod.evaluate(InvokeParameterisedMethod.java:102)
	at junitparams.internal.ParameterisedTestMethodRunner.runMethodInvoker(ParameterisedTestMethodRunner.java:47)
	at junitparams.internal.ParameterisedTestMethodRunner.runTestMethod(ParameterisedTestMethodRunner.java:41)
	at junitparams.internal.ParameterisedTestClassRunner.runParameterisedTest(ParameterisedTestClassRunner.java:143)
	at junitparams.JUnitParamsRunner.runChild(JUnitParamsRunner.java:237)
	at junitparams.JUnitParamsRunner.runChild(JUnitParamsRunner.java:215)
</failure>
  </testcase>
  <testcase classname="ptolemy.vergil.basic.export.test.junit.ExportModelJUnitTestBatch3" name="[68] ptolemy/actor/ptalon/demo/SmallWorld/ParameterSweepSmallWorldFSM.xml (RunExportModel)" time="35.961" />
  <testcase classname="ptolemy.vergil.basic.export.test.junit.ExportModelJUnitTestBatch3" name="[69] ptolemy/actor/ptalon/demo/SmallWorld/ParameterSweepSmallWorldSDF.xml (RunExportModel)" time="6.696" />
  <system-out><![CDATA[ExportModeJUnitTestBatch: There are 754 demos. Exporting demos: 221 to 290.
####### 1 Sun May 20 01:33:19 UTC 2018 $PTII/bin/ptinvoke ptolemy.vergil.basic.export.ExportModel -force htm -run -openComposites -timeOut 30000 -whiteBackground ptolemy/actor/lib/jjs/modules/iotAuth/demo/SecurePubSub/SecurePubSub.xml $PTII/ptolemy/actor/lib/jjs/modules/iotAuth/demo/SecurePubSub/SecurePubSub
----------------- Sun May 20 01:33:19 UTC 2018 About to sleep for 5.0 seconds before running or rerunning.  Test is: /home/travis/build/icyphy/ptII/ptolemy/actor/lib/jjs/modules/iotAuth/demo/SecurePubSub/SecurePubSub.xml
Done sleeping
JSAccessor: PT_NO_NET environment variable is set, so git pull and ptdoc are not being run.
Running .SecurePubSub
14277 ms. Memory: 369152K Free: 120016K (33%)
Exported /home/travis/build/icyphy/ptII/ptolemy/actor/lib/jjs/modules/iotAuth/demo/SecurePubSub/SecurePubSub/index.html
28673 ms. Memory: 369152K Free: 56304K (15%)
####### 2 Sun May 20 01:33:53 UTC 2018 $PTII/bin/ptinvoke ptolemy.vergil.basic.export.ExportModel -force htm -run -openComposites -timeOut 30000 -whiteBackground ptolemy/actor/lib/jjs/modules/localStorage/demo/LocalStorage/LocalStorage.xml $PTII/ptolemy/actor/lib/jjs/modules/localStorage/demo/LocalStorage/LocalStorage
----------------- Sun May 20 01:33:53 UTC 2018 About to sleep for 5.0 seconds before running or rerunning.  Test is: /home/travis/build/icyphy/ptII/ptolemy/actor/lib/jjs/modules/localStorage/demo/LocalStorage/LocalStorage.xml
Done sleeping
Running .LocalStorage
1625 ms. Memory: 477184K Free: 339388K (71%)
Exported /home/travis/build/icyphy/ptII/ptolemy/actor/lib/jjs/modules/localStorage/demo/LocalStorage/LocalStorage/index.html
6593 ms. Memory: 477184K Free: 307414K (64%)
####### 3 Sun May 20 01:34:04 UTC 2018 $PTII/bin/ptinvoke ptolemy.vergil.basic.export.ExportModel -force htm -run -openComposites -timeOut 30000 -whiteBackground ptolemy/actor/lib/jjs/modules/mqtt/demo/MQTTPubSub/MQTTPubSub.xml $PTII/ptolemy/actor/lib/jjs/modules/mqtt/demo/MQTTPubSub/MQTTPubSub
----------------- Sun May 20 01:34:04 UTC 2018 About to sleep for 5.0 seconds before running or rerunning.  Test is: /home/travis/build/icyphy/ptII/ptolemy/actor/lib/jjs/modules/mqtt/demo/MQTTPubSub/MQTTPubSub.xml
Done sleeping
Running .MQTTPubSub
12646 ms. Memory: 583680K Free: 307259K (53%)
Exported /home/travis/build/icyphy/ptII/ptolemy/actor/lib/jjs/modules/mqtt/demo/MQTTPubSub/MQTTPubSub/index.html
18507 ms. Memory: 583680K Free: 277746K (48%)
####### 4 Sun May 20 01:34:28 UTC 2018 $PTII/bin/ptinvoke ptolemy.vergil.basic.export.ExportModel -force htm -run -openComposites -timeOut 30000 -whiteBackground ptolemy/actor/lib/jjs/modules/socket/demo/SecureSocket/SecureSocket.xml $PTII/ptolemy/actor/lib/jjs/modules/socket/demo/SecureSocket/SecureSocket
----------------- Sun May 20 01:34:28 UTC 2018 About to sleep for 5.0 seconds before running or rerunning.  Test is: /home/travis/build/icyphy/ptII/ptolemy/actor/lib/jjs/modules/socket/demo/SecureSocket/SecureSocket.xml
Done sleeping
Running .SecureSocket
12785 ms. Memory: 772608K Free: 653030K (85%)
Exported /home/travis/build/icyphy/ptII/ptolemy/actor/lib/jjs/modules/socket/demo/SecureSocket/SecureSocket/index.html
17880 ms. Memory: 772608K Free: 608335K (79%)
####### 5 Sun May 20 01:34:51 UTC 2018 $PTII/bin/ptinvoke ptolemy.vergil.basic.export.ExportModel -force htm -run -openComposites -timeOut 30000 -whiteBackground ptolemy/actor/lib/jjs/modules/socket/demo/SocketDoubleArrayBatched/SocketDoubleArrayBatched.xml $PTII/ptolemy/actor/lib/jjs/modules/socket/demo/SocketDoubleArrayBatched/SocketDoubleArrayBatched
----------------- Sun May 20 01:34:51 UTC 2018 About to sleep for 5.0 seconds before running or rerunning.  Test is: /home/travis/build/icyphy/ptII/ptolemy/actor/lib/jjs/modules/socket/demo/SocketDoubleArrayBatched/SocketDoubleArrayBatched.xml
Done sleeping
Running .SocketDoubleArrayBatched
4055 ms. Memory: 909312K Free: 498039K (55%)
Exported /home/travis/build/icyphy/ptII/ptolemy/actor/lib/jjs/modules/socket/demo/SocketDoubleArrayBatched/SocketDoubleArrayBatched/index.html
9055 ms. Memory: 909312K Free: 460801K (51%)
####### 6 Sun May 20 01:35:05 UTC 2018 $PTII/bin/ptinvoke ptolemy.vergil.basic.export.ExportModel -force htm -run -openComposites -timeOut 30000 -whiteBackground ptolemy/actor/lib/jjs/modules/socket/demo/SocketImage/SocketImage.xml $PTII/ptolemy/actor/lib/jjs/modules/socket/demo/SocketImage/SocketImage
----------------- Sun May 20 01:35:05 UTC 2018 About to sleep for 5.0 seconds before running or rerunning.  Test is: /home/travis/build/icyphy/ptII/ptolemy/actor/lib/jjs/modules/socket/demo/SocketImage/SocketImage.xml
Done sleeping
No physical cameras found, using WebcamDummyDriver.
Running .SocketImage
23562 ms. Memory: 1109504K Free: 966058K (87%)
Exported /home/travis/build/icyphy/ptII/ptolemy/actor/lib/jjs/modules/socket/demo/SocketImage/SocketImage/index.html
32713 ms. Memory: 1109504K Free: 927286K (84%)
####### 7 Sun May 20 01:35:42 UTC 2018 $PTII/bin/ptinvoke ptolemy.vergil.basic.export.ExportModel -force htm -run -openComposites -timeOut 30000 -whiteBackground ptolemy/actor/lib/jjs/modules/socket/demo/SocketString/SocketString.xml $PTII/ptolemy/actor/lib/jjs/modules/socket/demo/SocketString/SocketString
----------------- Sun May 20 01:35:42 UTC 2018 About to sleep for 5.0 seconds before running or rerunning.  Test is: /home/travis/build/icyphy/ptII/ptolemy/actor/lib/jjs/modules/socket/demo/SocketString/SocketString.xml
Done sleeping
Running .SocketString
6829 ms. Memory: 1267200K Free: 1082115K (85%)
Exported /home/travis/build/icyphy/ptII/ptolemy/actor/lib/jjs/modules/socket/demo/SocketString/SocketString/index.html
11743 ms. Memory: 1267200K Free: 1050303K (83%)
####### 8 Sun May 20 01:35:59 UTC 2018 $PTII/bin/ptinvoke ptolemy.vergil.basic.export.ExportModel -force htm -run -openComposites -timeOut 30000 -whiteBackground ptolemy/actor/lib/jjs/modules/socket/demo/SocketUnsignedShort/SocketUnsignedShort.xml $PTII/ptolemy/actor/lib/jjs/modules/socket/demo/SocketUnsignedShort/SocketUnsignedShort
----------------- Sun May 20 01:35:59 UTC 2018 About to sleep for 5.0 seconds before running or rerunning.  Test is: /home/travis/build/icyphy/ptII/ptolemy/actor/lib/jjs/modules/socket/demo/SocketUnsignedShort/SocketUnsignedShort.xml
Done sleeping
Running .SocketUnsignedShort
Client: Sending data: -1,0,1,65535,65536 (Thread[AWT-EventQueue-0,6,main])
3773 ms. Memory: 1267200K Free: 249784K (20%)
Exported /home/travis/build/icyphy/ptII/ptolemy/actor/lib/jjs/modules/socket/demo/SocketUnsignedShort/SocketUnsignedShort/index.html
8731 ms. Memory: 1267200K Free: 217019K (17%)
####### 9 Sun May 20 01:36:13 UTC 2018 $PTII/bin/ptinvoke ptolemy.vergil.basic.export.ExportModel -force htm  -openComposites -timeOut 30000 -whiteBackground ptolemy/actor/lib/jjs/modules/socket/demo/TCPSocket/TCPSocket.xml $PTII/ptolemy/actor/lib/jjs/modules/socket/demo/TCPSocket/TCPSocket
Warning: not running ptolemy/actor/lib/jjs/modules/socket/demo/TCPSocket/TCPSocket.xml. See ptolemy/vergil/basic/export/test/junit/ExportModelJUnitTest.java
----------------- Sun May 20 01:36:13 UTC 2018 About to sleep for 5.0 seconds before running or rerunning.  Test is: /home/travis/build/icyphy/ptII/ptolemy/actor/lib/jjs/modules/socket/demo/TCPSocket/TCPSocket.xml
Done sleeping
Exported /home/travis/build/icyphy/ptII/ptolemy/actor/lib/jjs/modules/socket/demo/TCPSocket/TCPSocket/index.html
3448 ms. Memory: 1272832K Free: 1026158K (81%)
####### 10 Sun May 20 01:36:21 UTC 2018 $PTII/bin/ptinvoke ptolemy.vergil.basic.export.ExportModel -force htm -run -openComposites -timeOut 30000 -whiteBackground ptolemy/actor/lib/jjs/modules/socket/demo/TCPSocket/TCPSocketDoubleArrayBatched.xml $PTII/ptolemy/actor/lib/jjs/modules/socket/demo/TCPSocket/TCPSocketDoubleArrayBatched
----------------- Sun May 20 01:36:21 UTC 2018 About to sleep for 5.0 seconds before running or rerunning.  Test is: /home/travis/build/icyphy/ptII/ptolemy/actor/lib/jjs/modules/socket/demo/TCPSocket/TCPSocketDoubleArrayBatched.xml
Done sleeping
Running .TCPSocketDoubleArrayBatched
4143 ms. Memory: 1272832K Free: 166089K (13%)
Exported /home/travis/build/icyphy/ptII/ptolemy/actor/lib/jjs/modules/socket/demo/TCPSocket/TCPSocketDoubleArrayBatched/index.html
9502 ms. Memory: 1272832K Free: 123684K (10%)
####### 11 Sun May 20 01:36:36 UTC 2018 $PTII/bin/ptinvoke ptolemy.vergil.basic.export.ExportModel -force htm -run -openComposites -timeOut 30000 -whiteBackground ptolemy/actor/lib/jjs/modules/socket/demo/TCPSocket/TCPSocketImage.xml $PTII/ptolemy/actor/lib/jjs/modules/socket/demo/TCPSocket/TCPSocketImage
----------------- Sun May 20 01:36:36 UTC 2018 About to sleep for 5.0 seconds before running or rerunning.  Test is: /home/travis/build/icyphy/ptII/ptolemy/actor/lib/jjs/modules/socket/demo/TCPSocket/TCPSocketImage.xml
Done sleeping
Running .TCPSocketImage
23065 ms. Memory: 1964544K Free: 1425880K (73%)
Exported /home/travis/build/icyphy/ptII/ptolemy/actor/lib/jjs/modules/socket/demo/TCPSocket/TCPSocketImage/index.html
29216 ms. Memory: 1964544K Free: 1391070K (71%)
####### 12 Sun May 20 01:37:10 UTC 2018 $PTII/bin/ptinvoke ptolemy.vergil.basic.export.ExportModel -force htm -run -openComposites -timeOut 30000 -whiteBackground ptolemy/actor/lib/jjs/modules/socket/demo/TCPSocket/TCPSocketSecureServerClient.xml $PTII/ptolemy/actor/lib/jjs/modules/socket/demo/TCPSocket/TCPSocketSecureServerClient
----------------- Sun May 20 01:37:10 UTC 2018 About to sleep for 5.0 seconds before running or rerunning.  Test is: /home/travis/build/icyphy/ptII/ptolemy/actor/lib/jjs/modules/socket/demo/TCPSocket/TCPSocketSecureServerClient.xml
Done sleeping
Running .TCPSocketSecureServerClient
10495 ms. Memory: 1967104K Free: 1352447K (69%)
Exported /home/travis/build/icyphy/ptII/ptolemy/actor/lib/jjs/modules/socket/demo/TCPSocket/TCPSocketSecureServerClient/index.html
16916 ms. Memory: 1967104K Free: 1323573K (67%)
####### 13 Sun May 20 01:37:32 UTC 2018 $PTII/bin/ptinvoke ptolemy.vergil.basic.export.ExportModel -force htm -run -openComposites -timeOut 30000 -whiteBackground ptolemy/actor/lib/jjs/modules/socket/demo/TCPSocket/TCPSocketTwoClients.xml $PTII/ptolemy/actor/lib/jjs/modules/socket/demo/TCPSocket/TCPSocketTwoClients
----------------- Sun May 20 01:37:32 UTC 2018 About to sleep for 5.0 seconds before running or rerunning.  Test is: /home/travis/build/icyphy/ptII/ptolemy/actor/lib/jjs/modules/socket/demo/TCPSocket/TCPSocketTwoClients.xml
Done sleeping
Running .TCPSocketTwoClients
23800 ms. Memory: 1845248K Free: 1167878K (63%)
Exported /home/travis/build/icyphy/ptII/ptolemy/actor/lib/jjs/modules/socket/demo/TCPSocket/TCPSocketTwoClients/index.html
29596 ms. Memory: 1845248K Free: 1125784K (61%)
####### 14 Sun May 20 01:38:07 UTC 2018 $PTII/bin/ptinvoke ptolemy.vergil.basic.export.ExportModel -force htm -run -openComposites -timeOut 30000 -whiteBackground ptolemy/actor/lib/jjs/modules/socket/demo/TCPSocket/TCPSocketUnsignedShort.xml $PTII/ptolemy/actor/lib/jjs/modules/socket/demo/TCPSocket/TCPSocketUnsignedShort
----------------- Sun May 20 01:38:07 UTC 2018 About to sleep for 5.0 seconds before running or rerunning.  Test is: /home/travis/build/icyphy/ptII/ptolemy/actor/lib/jjs/modules/socket/demo/TCPSocket/TCPSocketUnsignedShort.xml
Done sleeping
Running .TCPSocketUnsignedShort
4450 ms. Memory: 1927680K Free: 1555144K (81%)
Exported /home/travis/build/icyphy/ptII/ptolemy/actor/lib/jjs/modules/socket/demo/TCPSocket/TCPSocketUnsignedShort/index.html
9576 ms. Memory: 1927680K Free: 1511954K (78%)
####### 15 Sun May 20 01:38:21 UTC 2018 $PTII/bin/ptinvoke ptolemy.vergil.basic.export.ExportModel -force htm  -openComposites -timeOut 30000 -whiteBackground ptolemy/actor/lib/jjs/modules/speechRecognition/demo/SpeechRecognition/SpeechRecognition.xml $PTII/ptolemy/actor/lib/jjs/modules/speechRecognition/demo/SpeechRecognition/SpeechRecognition
Warning: not running ptolemy/actor/lib/jjs/modules/speechRecognition/demo/SpeechRecognition/SpeechRecognition.xml. See ptolemy/vergil/basic/export/test/junit/ExportModelJUnitTest.java
----------------- Sun May 20 01:38:21 UTC 2018 About to sleep for 5.0 seconds before running or rerunning.  Test is: /home/travis/build/icyphy/ptII/ptolemy/actor/lib/jjs/modules/speechRecognition/demo/SpeechRecognition/SpeechRecognition.xml
Done sleeping
Exported /home/travis/build/icyphy/ptII/ptolemy/actor/lib/jjs/modules/speechRecognition/demo/SpeechRecognition/SpeechRecognition/index.html
5138 ms. Memory: 1927680K Free: 848046K (44%)
####### 16 Sun May 20 01:38:31 UTC 2018 $PTII/bin/ptinvoke ptolemy.vergil.basic.export.ExportModel -force htm  -openComposites -timeOut 30000 -whiteBackground ptolemy/actor/lib/jjs/modules/speechRecognition/demo/WatchCommandUpdater/WatchCommandUpdater.xml $PTII/ptolemy/actor/lib/jjs/modules/speechRecognition/demo/WatchCommandUpdater/WatchCommandUpdater
Warning: not running ptolemy/actor/lib/jjs/modules/speechRecognition/demo/WatchCommandUpdater/WatchCommandUpdater.xml. See ptolemy/vergil/basic/export/test/junit/ExportModelJUnitTest.java
----------------- Sun May 20 01:38:31 UTC 2018 About to sleep for 5.0 seconds before running or rerunning.  Test is: /home/travis/build/icyphy/ptII/ptolemy/actor/lib/jjs/modules/speechRecognition/demo/WatchCommandUpdater/WatchCommandUpdater.xml
Done sleeping
Exported /home/travis/build/icyphy/ptII/ptolemy/actor/lib/jjs/modules/speechRecognition/demo/WatchCommandUpdater/WatchCommandUpdater/index.html
8911 ms. Memory: 1950720K Free: 825761K (42%)
####### 17 Sun May 20 01:38:45 UTC 2018 $PTII/bin/ptinvoke ptolemy.vergil.basic.export.ExportModel -force htm -run -openComposites -timeOut 30000 -whiteBackground ptolemy/actor/lib/jjs/modules/testing/demo/Testing/Testing.xml $PTII/ptolemy/actor/lib/jjs/modules/testing/demo/Testing/Testing
----------------- Sun May 20 01:38:45 UTC 2018 About to sleep for 5.0 seconds before running or rerunning.  Test is: /home/travis/build/icyphy/ptII/ptolemy/actor/lib/jjs/modules/testing/demo/Testing/Testing.xml
Done sleeping
Running .Testing
MochaTest: Start of Common host: Basic (Thread[AWT-EventQueue-0,6,main])
MochaTest: End of Common host: Basic (Thread[AWT-EventQueue-0,6,main])
MochaTest: Start of Common host: Composite accessors (Thread[AWT-EventQueue-0,6,main])
MochaTest: Start of Common host: Spontaneous accessors (Thread[AWT-EventQueue-0,6,main])
MochaTest: Start of Common host: Spontaneous accessors (Thread[AWT-EventQueue-0,6,main])
MochaTest: Before Spontaneous accessor produces correct outputs after 1 and 2 seconds. (Thread[AWT-EventQueue-0,6,main])
MochaTest: After Spontaneous accessor produces correct outputs after 1 and 2 seconds. (Thread[AWT-EventQueue-0,6,main])
MochaTest: End of Common host: Spontaneous accessors (Thread[AWT-EventQueue-0,6,main])
MochaTest: Start of Common host: Inheritance (Thread[AWT-EventQueue-0,6,main])
MochaTest: End of Common host: Inheritance (Thread[AWT-EventQueue-0,6,main])
MochaTest: Instance of TestAccessor: [Circular]
Tests: (Thread[AWT-EventQueue-0,6,main])
MochaTest: TestAccessor.fire() invoked. (Thread[AWT-EventQueue-0,6,main])
MochaTest: TestAdder: fire(): inputLeft: 10 inputRight: 40 (Thread[AWT-EventQueue-0,6,main])
MochaTest: TestAdder: fire(): inputLeft: 5 inputRight: 20 (Thread[AWT-EventQueue-0,6,main])
MochaTest: TestAdder: fire(): inputLeft: 5 inputRight: 20 (Thread[AWT-EventQueue-0,6,main])
MochaTest: TestAccessor.fire() invoked. (Thread[AWT-EventQueue-0,6,main])
MochaTest: <?xml version="1.0" encoding="UTF-8"?>
 <testsuites>
 <testsuite name="Root Suite" tests="0">
 <testsuite name="Common host: Basic" tests="7">
 <testcase name="this.getParameter() returns default value." > </testcase>
 <testcase name="this.getParameter() returns value set by this.setParameter()." > </testcase>
 <testcase name="this.get() returns default value." > </testcase>
 <testcase name="this.get() returns null if no input yet provided." > </testcase>
 <testcase name="this.get() returns null if no input yet provided but type being boolean." > </testcase>
 <testcase name="this.get() returns value provided by provideInput()." > </testcase>
 <testcase name="latestOutput contains value provided by inputHandlers and send()." > </testcase>
 </testsuite>
 <testsuite name="Common host: Composite accessors" tests="2">
 <testcase name="Composite accessor produces correct output when manually scheduled." > </testcase>
 <testcase name="Composite accessor produces correct output when automatically scheduled." > </testcase>
 </testsuite>
 <testsuite name="Common host: Spontaneous accessors" tests="2">
 <testcase name="Spontaneous accessor produces correct outputs after 1 and 2 seconds." > </testcase>
 <testcase name="Composite spontaneous accessor produces correct outputs after 1 and 2 seconds." > </testcase>
 </testsuite>
 <testsuite name="Common host: Inheritance" tests="4">
 <testcase name="Inheritance, function overriding, and variable visiility should work properly." > </testcase>
 <testcase name="Implementing an interface should work properly." > </testcase>
 <testcase name="Exported fields of base classes can be accessed and initialize() is properly scoped." > </testcase>
 <testcase name="Two-level inheritance should work properly." > </testcase>
 </testsuite>
 </testsuite>
 </testsuites>
 (Thread[AWT-EventQueue-0,6,main])
18150 ms. Memory: 1820672K Free: 618639K (34%)
Exported /home/travis/build/icyphy/ptII/ptolemy/actor/lib/jjs/modules/testing/demo/Testing/Testing/index.html
25072 ms. Memory: 1820672K Free: 592295K (33%)
####### 18 Sun May 20 01:39:15 UTC 2018 $PTII/bin/ptinvoke ptolemy.vergil.basic.export.ExportModel -force htm -run -openComposites -timeOut 30000 -whiteBackground ptolemy/actor/lib/jjs/modules/udpSocket/demo/UDPSocket/UDPSocket.xml $PTII/ptolemy/actor/lib/jjs/modules/udpSocket/demo/UDPSocket/UDPSocket
----------------- Sun May 20 01:39:15 UTC 2018 About to sleep for 5.0 seconds before running or rerunning.  Test is: /home/travis/build/icyphy/ptII/ptolemy/actor/lib/jjs/modules/udpSocket/demo/UDPSocket/UDPSocket.xml
Done sleeping
Running .UDPSocket
ExportHTMLTimer went off after 30000 ms., calling getDirector().finish and getDirector().stopFire()
30025 ms. Memory: 1879552K Free: 1269269K (68%)
Exported /home/travis/build/icyphy/ptII/ptolemy/actor/lib/jjs/modules/udpSocket/demo/UDPSocket/UDPSocket/index.html
34662 ms. Memory: 1879552K Free: 1238197K (66%)
####### 19 Sun May 20 01:39:55 UTC 2018 $PTII/bin/ptinvoke ptolemy.vergil.basic.export.ExportModel -force htm -run -openComposites -timeOut 30000 -whiteBackground ptolemy/actor/lib/jjs/modules/udpSocket/demo/WatchEmulator/WatchEmulator.xml $PTII/ptolemy/actor/lib/jjs/modules/udpSocket/demo/WatchEmulator/WatchEmulator
----------------- Sun May 20 01:39:55 UTC 2018 About to sleep for 5.0 seconds before running or rerunning.  Test is: /home/travis/build/icyphy/ptII/ptolemy/actor/lib/jjs/modules/udpSocket/demo/WatchEmulator/WatchEmulator.xml
Done sleeping
Running .WatchEmulator
8495 ms. Memory: 1809920K Free: 1271036K (70%)
####### 20 Sun May 20 01:40:15 UTC 2018 $PTII/bin/ptinvoke ptolemy.vergil.basic.export.ExportModel -force htm -run -openComposites -timeOut 30000 -whiteBackground ptolemy/actor/lib/jjs/modules/userInterface/demo/Dots/Dots.xml $PTII/ptolemy/actor/lib/jjs/modules/userInterface/demo/Dots/Dots
----------------- Sun May 20 01:40:15 UTC 2018 About to sleep for 5.0 seconds before running or rerunning.  Test is: /home/travis/build/icyphy/ptII/ptolemy/actor/lib/jjs/modules/userInterface/demo/Dots/Dots.xml
Done sleeping
Running .Dots
BrowserLauncher: UnsupportedOperation: http://localhost:8089: java.lang.UnsupportedOperationException: The BROWSE action is not supported on the current platform!
ExportHTMLTimer went off after 30000 ms., calling getDirector().finish and getDirector().stopFire()
ExportHTMLTimer went off after 60000 ms., calling manager.stop().
65992 ms. Memory: 1840640K Free: 1209001K (66%)
Exported /home/travis/build/icyphy/ptII/ptolemy/actor/lib/jjs/modules/userInterface/demo/Dots/Dots/index.html
71819 ms. Memory: 1840640K Free: 1171997K (64%)
####### 21 Sun May 20 01:41:32 UTC 2018 $PTII/bin/ptinvoke ptolemy.vergil.basic.export.ExportModel -force htm -run -openComposites -timeOut 30000 -whiteBackground ptolemy/actor/lib/jjs/modules/userInterface/demo/HelloUserInterface/HelloUserInterface.xml $PTII/ptolemy/actor/lib/jjs/modules/userInterface/demo/HelloUserInterface/HelloUserInterface
----------------- Sun May 20 01:41:32 UTC 2018 About to sleep for 5.0 seconds before running or rerunning.  Test is: /home/travis/build/icyphy/ptII/ptolemy/actor/lib/jjs/modules/userInterface/demo/HelloUserInterface/HelloUserInterface.xml
Done sleeping
Running .HelloUserInterface
BrowserLauncher: UnsupportedOperation: http://localhost:8089: java.lang.UnsupportedOperationException: The BROWSE action is not supported on the current platform!
UserInterface: Connection closed because model is no longer running. (Thread[AWT-EventQueue-0,6,main])
12006 ms. Memory: 1883648K Free: 1356782K (72%)
Exported /home/travis/build/icyphy/ptII/ptolemy/actor/lib/jjs/modules/userInterface/demo/HelloUserInterface/HelloUserInterface/index.html
17502 ms. Memory: 1883648K Free: 1337249K (71%)
####### 22 Sun May 20 01:41:55 UTC 2018 $PTII/bin/ptinvoke ptolemy.vergil.basic.export.ExportModel -force htm -run -openComposites -timeOut 30000 -whiteBackground ptolemy/actor/lib/jjs/modules/userInterface/demo/UserInterface/UserInterface.xml $PTII/ptolemy/actor/lib/jjs/modules/userInterface/demo/UserInterface/UserInterface
----------------- Sun May 20 01:41:55 UTC 2018 About to sleep for 5.0 seconds before running or rerunning.  Test is: /home/travis/build/icyphy/ptII/ptolemy/actor/lib/jjs/modules/userInterface/demo/UserInterface/UserInterface.xml
Done sleeping
Running .UserInterface
5001 ms. Memory: 1883648K Free: 1229114K (65%)
Exported /home/travis/build/icyphy/ptII/ptolemy/actor/lib/jjs/modules/userInterface/demo/UserInterface/UserInterface/index.html
9214 ms. Memory: 1883648K Free: 1191964K (63%)
####### 23 Sun May 20 01:42:09 UTC 2018 $PTII/bin/ptinvoke ptolemy.vergil.basic.export.ExportModel -force htm -run -openComposites -timeOut 30000 -whiteBackground ptolemy/actor/lib/jjs/modules/userInterface/demo/UserInterface/UserInterfaceBrowser.xml $PTII/ptolemy/actor/lib/jjs/modules/userInterface/demo/UserInterface/UserInterfaceBrowser
----------------- Sun May 20 01:42:09 UTC 2018 About to sleep for 5.0 seconds before running or rerunning.  Test is: /home/travis/build/icyphy/ptII/ptolemy/actor/lib/jjs/modules/userInterface/demo/UserInterface/UserInterfaceBrowser.xml
Done sleeping
Running .UserInterfaceBrowser
BrowserLauncher: UnsupportedOperation: http://localhost:8090: java.lang.UnsupportedOperationException: The BROWSE action is not supported on the current platform!
ExportHTMLTimer went off after 30000 ms., calling getDirector().finish and getDirector().stopFire()
UserInterface: Connection closed because model is no longer running. (Thread[AWT-EventQueue-0,6,main])
30035 ms. Memory: 1729536K Free: 531980K (31%)
Exported /home/travis/build/icyphy/ptII/ptolemy/actor/lib/jjs/modules/userInterface/demo/UserInterface/UserInterfaceBrowser/index.html
36147 ms. Memory: 1729536K Free: 493404K (29%)
####### 24 Sun May 20 01:42:50 UTC 2018 $PTII/bin/ptinvoke ptolemy.vergil.basic.export.ExportModel -force htm -run -openComposites -timeOut 30000 -whiteBackground ptolemy/actor/lib/jjs/modules/userInterface/demo/UserInterface/UserInterfaceFixedPage.xml $PTII/ptolemy/actor/lib/jjs/modules/userInterface/demo/UserInterface/UserInterfaceFixedPage
----------------- Sun May 20 01:42:50 UTC 2018 About to sleep for 5.0 seconds before running or rerunning.  Test is: /home/travis/build/icyphy/ptII/ptolemy/actor/lib/jjs/modules/userInterface/demo/UserInterface/UserInterfaceFixedPage.xml
Done sleeping
Running .UserInterfaceFixedPage
6647 ms. Memory: 1973760K Free: 1578873K (80%)
Exported /home/travis/build/icyphy/ptII/ptolemy/actor/lib/jjs/modules/userInterface/demo/UserInterface/UserInterfaceFixedPage/index.html
11319 ms. Memory: 1973760K Free: 1558549K (79%)
####### 25 Sun May 20 01:43:06 UTC 2018 $PTII/bin/ptinvoke ptolemy.vergil.basic.export.ExportModel -force htm -run -openComposites -timeOut 30000 -whiteBackground ptolemy/actor/lib/jjs/modules/userInterface/demo/UserInterface/UserInterfaceInteractive.xml $PTII/ptolemy/actor/lib/jjs/modules/userInterface/demo/UserInterface/UserInterfaceInteractive
----------------- Sun May 20 01:43:06 UTC 2018 About to sleep for 5.0 seconds before running or rerunning.  Test is: /home/travis/build/icyphy/ptII/ptolemy/actor/lib/jjs/modules/userInterface/demo/UserInterface/UserInterfaceInteractive.xml
Done sleeping
Running .UserInterfaceInteractive
ExportHTMLTimer went off after 30000 ms., calling getDirector().finish and getDirector().stopFire()
30016 ms. Memory: 1973760K Free: 813149K (41%)
Exported /home/travis/build/icyphy/ptII/ptolemy/actor/lib/jjs/modules/userInterface/demo/UserInterface/UserInterfaceInteractive/index.html
35026 ms. Memory: 1973760K Free: 773820K (39%)
####### 26 Sun May 20 01:43:47 UTC 2018 $PTII/bin/ptinvoke ptolemy.vergil.basic.export.ExportModel -force htm -run -openComposites -timeOut 30000 -whiteBackground ptolemy/actor/lib/jjs/modules/userInterface/demo/UserInterface/UserInterfaceRamp.xml $PTII/ptolemy/actor/lib/jjs/modules/userInterface/demo/UserInterface/UserInterfaceRamp
----------------- Sun May 20 01:43:47 UTC 2018 About to sleep for 5.0 seconds before running or rerunning.  Test is: /home/travis/build/icyphy/ptII/ptolemy/actor/lib/jjs/modules/userInterface/demo/UserInterface/UserInterfaceRamp.xml
Done sleeping
Running .UserInterfaceRamp
BrowserLauncher: UnsupportedOperation: http://localhost:8089: java.lang.UnsupportedOperationException: The BROWSE action is not supported on the current platform!
UserInterface: Connection closed because model is no longer running. (Thread[AWT-EventQueue-0,6,main])
13159 ms. Memory: 1965568K Free: 659122K (34%)
Exported /home/travis/build/icyphy/ptII/ptolemy/actor/lib/jjs/modules/userInterface/demo/UserInterface/UserInterfaceRamp/index.html
18657 ms. Memory: 1965568K Free: 638309K (32%)
####### 27 Sun May 20 01:44:10 UTC 2018 $PTII/bin/ptinvoke ptolemy.vergil.basic.export.ExportModel -force htm -run -openComposites -timeOut 30000 -whiteBackground ptolemy/actor/lib/jjs/modules/userInterface/demo/UserInterface/UserInterfaceUpdate.xml $PTII/ptolemy/actor/lib/jjs/modules/userInterface/demo/UserInterface/UserInterfaceUpdate
----------------- Sun May 20 01:44:10 UTC 2018 About to sleep for 5.0 seconds before running or rerunning.  Test is: /home/travis/build/icyphy/ptII/ptolemy/actor/lib/jjs/modules/userInterface/demo/UserInterface/UserInterfaceUpdate.xml
Done sleeping
Running .UserInterfaceUpdate
BrowserLauncher: UnsupportedOperation: http://localhost:8090: java.lang.UnsupportedOperationException: The BROWSE action is not supported on the current platform!
UserInterface: Connection closed because model is no longer running. (Thread[AWT-EventQueue-0,6,main])
13880 ms. Memory: 1966592K Free: 1119134K (57%)
Exported /home/travis/build/icyphy/ptII/ptolemy/actor/lib/jjs/modules/userInterface/demo/UserInterface/UserInterfaceUpdate/index.html
20383 ms. Memory: 1966592K Free: 1096848K (56%)
####### 28 Sun May 20 01:44:36 UTC 2018 $PTII/bin/ptinvoke ptolemy.vergil.basic.export.ExportModel -force htm -run -openComposites -timeOut 30000 -whiteBackground ptolemy/actor/lib/jjs/modules/userInterface/demo/UserInterface/UserInterfaceVideo.xml $PTII/ptolemy/actor/lib/jjs/modules/userInterface/demo/UserInterface/UserInterfaceVideo
----------------- Sun May 20 01:44:36 UTC 2018 About to sleep for 5.0 seconds before running or rerunning.  Test is: /home/travis/build/icyphy/ptII/ptolemy/actor/lib/jjs/modules/userInterface/demo/UserInterface/UserInterfaceVideo.xml
Done sleeping
Running .UserInterfaceVideo
BrowserLauncher: UnsupportedOperation: http://localhost:8090: java.lang.UnsupportedOperationException: The BROWSE action is not supported on the current platform!
ExportHTMLTimer went off after 30000 ms., calling getDirector().finish and getDirector().stopFire()
UserInterface: Connection closed because model is no longer running. (Thread[AWT-EventQueue-0,6,main])
30061 ms. Memory: 2058752K Free: 1420329K (69%)
Exported /home/travis/build/icyphy/ptII/ptolemy/actor/lib/jjs/modules/userInterface/demo/UserInterface/UserInterfaceVideo/index.html
35655 ms. Memory: 2058752K Free: 1403415K (68%)
####### 29 Sun May 20 01:45:16 UTC 2018 $PTII/bin/ptinvoke ptolemy.vergil.basic.export.ExportModel -force htm -run -openComposites -timeOut 30000 -whiteBackground ptolemy/actor/lib/jjs/modules/webSocket/demo/SpeakingServerListeningClient/SpeakingServerListeningClient.xml $PTII/ptolemy/actor/lib/jjs/modules/webSocket/demo/SpeakingServerListeningClient/SpeakingServerListeningClient
----------------- Sun May 20 01:45:16 UTC 2018 About to sleep for 5.0 seconds before running or rerunning.  Test is: /home/travis/build/icyphy/ptII/ptolemy/actor/lib/jjs/modules/webSocket/demo/SpeakingServerListeningClient/SpeakingServerListeningClient.xml
Done sleeping
Running .SpeakingServerListeningClient
WSServer: *** server initialized. (Thread[AWT-EventQueue-0,6,main])
WSServer: *** server is listenting. (Thread[vert.x-eventloop-thread-3,6,main])
WSClient1: --- client 1 initialized. (Thread[AWT-EventQueue-0,6,main])
WSServer: *** server received connection 0 (Thread[vert.x-eventloop-thread-3,6,main])
WSClient1: --- client 1 connection open. Sending message to server. (Thread[vert.x-eventloop-thread-1,6,main])
WSServer: *** server received connection 1 (Thread[vert.x-eventloop-thread-3,6,main])
WSClient2: +++ client 2 initialized. (Thread[AWT-EventQueue-0,6,main])
WSClient2: +++ connection established. Sending message to server. (Thread[vert.x-eventloop-thread-3,6,main])
WSServer: *** server received message: Hello from the client (Thread[AWT-EventQueue-0,6,main])
WSClient1: --- client 1 received message: Hello to client number 1 (Thread[AWT-EventQueue-0,6,main])
WSClient2: +++ client 2 received message: Hello to client number 2 (Thread[AWT-EventQueue-0,6,main])
WSServer: *** server received message: Hello from the client (Thread[AWT-EventQueue-0,6,main])
WSServer: *** server wrapping up. (Thread[AWT-EventQueue-0,6,main])
WSClient1: --- client 1 wrapping up. (Thread[AWT-EventQueue-0,6,main])
WSClient1: Connection closed because model is no longer running. (Thread[AWT-EventQueue-0,6,main])
WSClient2: +++ client 2 wrapping up. (Thread[AWT-EventQueue-0,6,main])
WSClient2: Connection closed because model is no longer running. (Thread[AWT-EventQueue-0,6,main])
6200 ms. Memory: 2051584K Free: 1257848K (61%)
Exported /home/travis/build/icyphy/ptII/ptolemy/actor/lib/jjs/modules/webSocket/demo/SpeakingServerListeningClient/SpeakingServerListeningClient/index.html
11963 ms. Memory: 2051584K Free: 1224520K (60%)
####### 30 Sun May 20 01:45:33 UTC 2018 $PTII/bin/ptinvoke ptolemy.vergil.basic.export.ExportModel -force htm -run -openComposites -timeOut 30000 -whiteBackground ptolemy/actor/lib/jjs/modules/webSocket/demo/TwoWebSockets/TwoWebSockets.xml $PTII/ptolemy/actor/lib/jjs/modules/webSocket/demo/TwoWebSockets/TwoWebSockets
----------------- Sun May 20 01:45:33 UTC 2018 About to sleep for 5.0 seconds before running or rerunning.  Test is: /home/travis/build/icyphy/ptII/ptolemy/actor/lib/jjs/modules/webSocket/demo/TwoWebSockets/TwoWebSockets.xml
Done sleeping
Running .TwoWebSockets
JavaScript: Connection failed. Will try again: Connection refused: localhost/127.0.0.1:8080/nConnection refused (Thread[vert.x-eventloop-thread-1,6,main])
JavaScript: Connection failed. Will try again: Connection refused: localhost/127.0.0.1:1984/nConnection refused (Thread[vert.x-eventloop-thread-1,6,main])
JavaScript: Connection failed. Will try again: Connection refused: localhost/127.0.0.1:8080/nConnection refused (Thread[vert.x-eventloop-thread-1,6,main])
JavaScript: Connection failed. Will try again: Connection refused: localhost/127.0.0.1:1984/nConnection refused (Thread[vert.x-eventloop-thread-1,6,main])
JavaScript: Connection failed. Will try again: Connection refused: localhost/127.0.0.1:8080/nConnection refused (Thread[vert.x-eventloop-thread-1,6,main])
JavaScript: Connection failed. Will try again: Connection refused: localhost/127.0.0.1:1984/nConnection refused (Thread[vert.x-eventloop-thread-1,6,main])
JavaScript: Connection failed. Will try again: Connection refused: localhost/127.0.0.1:8080/nConnection refused (Thread[vert.x-eventloop-thread-1,6,main])
JavaScript: Connection failed. Will try again: Connection refused: localhost/127.0.0.1:1984/nConnection refused (Thread[vert.x-eventloop-thread-1,6,main])
JavaScript: Connection failed. Will try again: Connection refused: localhost/127.0.0.1:8080/nConnection refused (Thread[vert.x-eventloop-thread-1,6,main])
JavaScript: Connection failed. Will try again: Connection refused: localhost/127.0.0.1:1984/nConnection refused (Thread[vert.x-eventloop-thread-1,6,main])
JavaScript: Connection failed. Will try again: Connection refused: localhost/127.0.0.1:8080/nConnection refused (Thread[vert.x-eventloop-thread-1,6,main])
JavaScript: Connection failed. Will try again: Connection refused: localhost/127.0.0.1:1984/nConnection refused (Thread[vert.x-eventloop-thread-1,6,main])
JavaScript: Connection failed. Will try again: Connection refused: localhost/127.0.0.1:8080/nConnection refused (Thread[vert.x-eventloop-thread-1,6,main])
JavaScript: Connection failed. Will try again: Connection refused: localhost/127.0.0.1:1984/nConnection refused (Thread[vert.x-eventloop-thread-1,6,main])
JavaScript: Connection failed. Will try again: Connection refused: localhost/127.0.0.1:8080/nConnection refused (Thread[vert.x-eventloop-thread-1,6,main])
JavaScript: Connection failed. Will try again: Connection refused: localhost/127.0.0.1:1984/nConnection refused (Thread[vert.x-eventloop-thread-1,6,main])
JavaScript: Connection failed. Will try again: Connection refused: localhost/127.0.0.1:8080/nConnection refused (Thread[vert.x-eventloop-thread-1,6,main])
JavaScript: Connection failed. Will try again: Connection refused: localhost/127.0.0.1:1984/nConnection refused (Thread[vert.x-eventloop-thread-1,6,main])
JavaScript: Connection failed. Will try again: Connection refused: localhost/127.0.0.1:8080/nConnection refused (Thread[vert.x-eventloop-thread-1,6,main])
JavaScript: Connection failed. Will try again: Connection refused: localhost/127.0.0.1:1984/nConnection refused (Thread[vert.x-eventloop-thread-1,6,main])
5986 ms. Memory: 2051584K Free: 781281K (38%)
Exported /home/travis/build/icyphy/ptII/ptolemy/actor/lib/jjs/modules/webSocket/demo/TwoWebSockets/TwoWebSockets/index.html
10712 ms. Memory: 2051584K Free: 763722K (37%)
####### 31 Sun May 20 01:45:49 UTC 2018 $PTII/bin/ptinvoke ptolemy.vergil.basic.export.ExportModel -force htm -run -openComposites -timeOut 30000 -whiteBackground ptolemy/actor/lib/jjs/modules/webSocket/demo/WebSocketChat/Client.xml $PTII/ptolemy/actor/lib/jjs/modules/webSocket/demo/WebSocketChat/Client
----------------- Sun May 20 01:45:49 UTC 2018 About to sleep for 5.0 seconds before running or rerunning.  Test is: /home/travis/build/icyphy/ptII/ptolemy/actor/lib/jjs/modules/webSocket/demo/WebSocketChat/Client.xml
Done sleeping
.Client.InteractiveDialog invoked SwingUtilities.invokeAndWait()
Model ".Client" contains actors such cannot be run  as part of the export process from ExportModel or it has a WebExportParameters value that runBeforeExport set to false. To export run this model and export it, use vergil.
Exported /home/travis/build/icyphy/ptII/ptolemy/actor/lib/jjs/modules/webSocket/demo/WebSocketChat/Client/index.html
3873 ms. Memory: 2054656K Free: 1446132K (70%)
####### 32 Sun May 20 01:45:58 UTC 2018 $PTII/bin/ptinvoke ptolemy.vergil.basic.export.ExportModel -force htm -run -openComposites -timeOut 30000 -whiteBackground ptolemy/actor/lib/jjs/modules/webSocket/demo/WebSocketChat/SecureClient.xml $PTII/ptolemy/actor/lib/jjs/modules/webSocket/demo/WebSocketChat/SecureClient
----------------- Sun May 20 01:45:58 UTC 2018 About to sleep for 5.0 seconds before running or rerunning.  Test is: /home/travis/build/icyphy/ptII/ptolemy/actor/lib/jjs/modules/webSocket/demo/WebSocketChat/SecureClient.xml
Done sleeping
.SecureClient.InteractiveDialog invoked SwingUtilities.invokeAndWait()
Model ".SecureClient" contains actors such cannot be run  as part of the export process from ExportModel or it has a WebExportParameters value that runBeforeExport set to false. To export run this model and export it, use vergil.
Exported /home/travis/build/icyphy/ptII/ptolemy/actor/lib/jjs/modules/webSocket/demo/WebSocketChat/SecureClient/index.html
3916 ms. Memory: 2054656K Free: 1184723K (58%)
####### 33 Sun May 20 01:46:07 UTC 2018 $PTII/bin/ptinvoke ptolemy.vergil.basic.export.ExportModel -force htm -run -openComposites -timeOut 30000 -whiteBackground ptolemy/actor/lib/jjs/modules/webSocket/demo/WebSocketChat/SecureServer.xml $PTII/ptolemy/actor/lib/jjs/modules/webSocket/demo/WebSocketChat/SecureServer
----------------- Sun May 20 01:46:07 UTC 2018 About to sleep for 5.0 seconds before running or rerunning.  Test is: /home/travis/build/icyphy/ptII/ptolemy/actor/lib/jjs/modules/webSocket/demo/WebSocketChat/SecureServer.xml
Done sleeping
Running .SecureServer
ExportHTMLTimer went off after 30000 ms., calling getDirector().finish and getDirector().stopFire()
30012 ms. Memory: 2054656K Free: 747218K (36%)
Exported /home/travis/build/icyphy/ptII/ptolemy/actor/lib/jjs/modules/webSocket/demo/WebSocketChat/SecureServer/index.html
34790 ms. Memory: 2054656K Free: 728362K (35%)
####### 34 Sun May 20 01:46:46 UTC 2018 $PTII/bin/ptinvoke ptolemy.vergil.basic.export.ExportModel -force htm -run -openComposites -timeOut 30000 -whiteBackground ptolemy/actor/lib/jjs/modules/webSocket/demo/WebSocketChat/Server.xml $PTII/ptolemy/actor/lib/jjs/modules/webSocket/demo/WebSocketChat/Server
----------------- Sun May 20 01:46:46 UTC 2018 About to sleep for 5.0 seconds before running or rerunning.  Test is: /home/travis/build/icyphy/ptII/ptolemy/actor/lib/jjs/modules/webSocket/demo/WebSocketChat/Server.xml
Done sleeping
Running .Server
ExportHTMLTimer went off after 30000 ms., calling getDirector().finish and getDirector().stopFire()
30012 ms. Memory: 2052096K Free: 1259043K (61%)
Exported /home/travis/build/icyphy/ptII/ptolemy/actor/lib/jjs/modules/webSocket/demo/WebSocketChat/Server/index.html
34848 ms. Memory: 2052096K Free: 1221090K (60%)
####### 35 Sun May 20 01:47:26 UTC 2018 $PTII/bin/ptinvoke ptolemy.vergil.basic.export.ExportModel -force htm  -openComposites -timeOut 30000 -whiteBackground ptolemy/actor/lib/jjs/modules/webSocket/demo/WebSocketChat/WebSocketChat.xml $PTII/ptolemy/actor/lib/jjs/modules/webSocket/demo/WebSocketChat/WebSocketChat
Warning: not running ptolemy/actor/lib/jjs/modules/webSocket/demo/WebSocketChat/WebSocketChat.xml. See ptolemy/vergil/basic/export/test/junit/ExportModelJUnitTest.java
----------------- Sun May 20 01:47:26 UTC 2018 About to sleep for 5.0 seconds before running or rerunning.  Test is: /home/travis/build/icyphy/ptII/ptolemy/actor/lib/jjs/modules/webSocket/demo/WebSocketChat/WebSocketChat.xml
Done sleeping
Exported /home/travis/build/icyphy/ptII/ptolemy/actor/lib/jjs/modules/webSocket/demo/WebSocketChat/WebSocketChat/index.html
3140 ms. Memory: 2052096K Free: 1108595K (54%)
####### 36 Sun May 20 01:47:34 UTC 2018 $PTII/bin/ptinvoke ptolemy.vergil.basic.export.ExportModel -force htm  -openComposites -timeOut 30000 -whiteBackground ptolemy/actor/lib/jjs/modules/webSocket/demo/WebSocketClient/WebSocketClient.xml $PTII/ptolemy/actor/lib/jjs/modules/webSocket/demo/WebSocketClient/WebSocketClient
Warning: not running ptolemy/actor/lib/jjs/modules/webSocket/demo/WebSocketClient/WebSocketClient.xml. See ptolemy/vergil/basic/export/test/junit/ExportModelJUnitTest.java
----------------- Sun May 20 01:47:34 UTC 2018 About to sleep for 5.0 seconds before running or rerunning.  Test is: /home/travis/build/icyphy/ptII/ptolemy/actor/lib/jjs/modules/webSocket/demo/WebSocketClient/WebSocketClient.xml
Done sleeping
Exported /home/travis/build/icyphy/ptII/ptolemy/actor/lib/jjs/modules/webSocket/demo/WebSocketClient/WebSocketClient/index.html
3759 ms. Memory: 2052096K Free: 833625K (41%)
####### 37 Sun May 20 01:47:43 UTC 2018 $PTII/bin/ptinvoke ptolemy.vergil.basic.export.ExportModel -force htm -run -openComposites -timeOut 30000 -whiteBackground ptolemy/actor/lib/jjs/modules/webSocket/demo/WebSocketClient/WebSocketServer.xml $PTII/ptolemy/actor/lib/jjs/modules/webSocket/demo/WebSocketClient/WebSocketServer
----------------- Sun May 20 01:47:43 UTC 2018 About to sleep for 5.0 seconds before running or rerunning.  Test is: /home/travis/build/icyphy/ptII/ptolemy/actor/lib/jjs/modules/webSocket/demo/WebSocketClient/WebSocketServer.xml
Done sleeping
Running .WebSocketServer
ExportHTMLTimer went off after 30000 ms., calling getDirector().finish and getDirector().stopFire()
30018 ms. Memory: 2055680K Free: 1027387K (50%)
Exported /home/travis/build/icyphy/ptII/ptolemy/actor/lib/jjs/modules/webSocket/demo/WebSocketClient/WebSocketServer/index.html
35303 ms. Memory: 2055680K Free: 1006605K (49%)
####### 38 Sun May 20 01:48:24 UTC 2018 $PTII/bin/ptinvoke ptolemy.vergil.basic.export.ExportModel -force htm -run -openComposites -timeOut 30000 -whiteBackground ptolemy/actor/lib/jjs/modules/webSocket/demo/WebSocketFullDuplex/WebSocketFullDuplex.xml $PTII/ptolemy/actor/lib/jjs/modules/webSocket/demo/WebSocketFullDuplex/WebSocketFullDuplex
----------------- Sun May 20 01:48:24 UTC 2018 About to sleep for 5.0 seconds before running or rerunning.  Test is: /home/travis/build/icyphy/ptII/ptolemy/actor/lib/jjs/modules/webSocket/demo/WebSocketFullDuplex/WebSocketFullDuplex.xml
Done sleeping
Running .WebSocketFullDuplex
ExportHTMLTimer went off after 30000 ms., calling getDirector().finish and getDirector().stopFire()
WebSocketClient: Connection closed because model is no longer running. (Thread[AWT-EventQueue-0,6,main])
30134 ms. Memory: 1832960K Free: 907333K (50%)
Exported /home/travis/build/icyphy/ptII/ptolemy/actor/lib/jjs/modules/webSocket/demo/WebSocketFullDuplex/WebSocketFullDuplex/index.html
35582 ms. Memory: 1832960K Free: 886291K (48%)
####### 39 Sun May 20 01:49:04 UTC 2018 $PTII/bin/ptinvoke ptolemy.vergil.basic.export.ExportModel -force htm -run -openComposites -timeOut 30000 -whiteBackground ptolemy/actor/lib/jjs/modules/webSocket/demo/WebSocketGraph/WebSocketGraph.xml $PTII/ptolemy/actor/lib/jjs/modules/webSocket/demo/WebSocketGraph/WebSocketGraph
----------------- Sun May 20 01:49:04 UTC 2018 About to sleep for 5.0 seconds before running or rerunning.  Test is: /home/travis/build/icyphy/ptII/ptolemy/actor/lib/jjs/modules/webSocket/demo/WebSocketGraph/WebSocketGraph.xml
Done sleeping
Running .WebSocketGraph
BrowserLauncher: UnsupportedOperation: http://localhost:8089: java.lang.UnsupportedOperationException: The BROWSE action is not supported on the current platform!
ExportHTMLTimer went off after 30000 ms., calling getDirector().finish and getDirector().stopFire()
UserInterface: Connection closed because model is no longer running. (Thread[AWT-EventQueue-0,6,main])
30066 ms. Memory: 2054144K Free: 912849K (44%)
Exported /home/travis/build/icyphy/ptII/ptolemy/actor/lib/jjs/modules/webSocket/demo/WebSocketGraph/WebSocketGraph/index.html
37919 ms. Memory: 2054144K Free: 867125K (42%)
####### 40 Sun May 20 01:49:47 UTC 2018 $PTII/bin/ptinvoke ptolemy.vergil.basic.export.ExportModel -force htm -run -openComposites -timeOut 30000 -whiteBackground ptolemy/actor/lib/jjs/modules/webSocket/demo/WebSocketImage/WebSocketImage.xml $PTII/ptolemy/actor/lib/jjs/modules/webSocket/demo/WebSocketImage/WebSocketImage
----------------- Sun May 20 01:49:47 UTC 2018 About to sleep for 5.0 seconds before running or rerunning.  Test is: /home/travis/build/icyphy/ptII/ptolemy/actor/lib/jjs/modules/webSocket/demo/WebSocketImage/WebSocketImage.xml
Done sleeping
Running .WebSocketImage
WebSocketClient: WebSocketClient: WebSocketClient.js: connect(): portValue: -1, which is less than 0. This could be a signal to close a previously open socket.  Returning. (Thread[AWT-EventQueue-0,6,main])
ExportHTMLTimer went off after 30000 ms., calling getDirector().finish and getDirector().stopFire()
30055 ms. Memory: 1915904K Free: 527591K (28%)
Exported /home/travis/build/icyphy/ptII/ptolemy/actor/lib/jjs/modules/webSocket/demo/WebSocketImage/WebSocketImage/index.html
38295 ms. Memory: 1915904K Free: 507225K (26%)
####### 41 Sun May 20 01:50:30 UTC 2018 $PTII/bin/ptinvoke ptolemy.vergil.basic.export.ExportModel -force htm -run -openComposites -timeOut 30000 -whiteBackground ptolemy/actor/lib/jjs/modules/webSocket/demo/WebSocketLog/WebSocketLog.xml $PTII/ptolemy/actor/lib/jjs/modules/webSocket/demo/WebSocketLog/WebSocketLog
----------------- Sun May 20 01:50:30 UTC 2018 About to sleep for 5.0 seconds before running or rerunning.  Test is: /home/travis/build/icyphy/ptII/ptolemy/actor/lib/jjs/modules/webSocket/demo/WebSocketLog/WebSocketLog.xml
Done sleeping
Running .WebSocketLog
14911 ms. Memory: 2590208K Free: 1760724K (68%)
Exported /home/travis/build/icyphy/ptII/ptolemy/actor/lib/jjs/modules/webSocket/demo/WebSocketLog/WebSocketLog/index.html
21040 ms. Memory: 2590208K Free: 1709345K (66%)
####### 42 Sun May 20 01:50:56 UTC 2018 $PTII/bin/ptinvoke ptolemy.vergil.basic.export.ExportModel -force htm -run -openComposites -timeOut 30000 -whiteBackground ptolemy/actor/lib/jjs/modules/webSocket/demo/WebSocketsServerClient/WebSocketsServerClient.xml $PTII/ptolemy/actor/lib/jjs/modules/webSocket/demo/WebSocketsServerClient/WebSocketsServerClient
----------------- Sun May 20 01:50:56 UTC 2018 About to sleep for 5.0 seconds before running or rerunning.  Test is: /home/travis/build/icyphy/ptII/ptolemy/actor/lib/jjs/modules/webSocket/demo/WebSocketsServerClient/WebSocketsServerClient.xml
Done sleeping
Running .WebSocketsServerClient
WSClient: Connection to socket is open. (Thread[vert.x-eventloop-thread-3,6,main])
WSClient: Connection closed because model is no longer running. (Thread[AWT-EventQueue-0,6,main])
12480 ms. Memory: 2590208K Free: 960696K (37%)
Exported /home/travis/build/icyphy/ptII/ptolemy/actor/lib/jjs/modules/webSocket/demo/WebSocketsServerClient/WebSocketsServerClient/index.html
17788 ms. Memory: 2590208K Free: 928828K (36%)
####### 43 Sun May 20 01:51:19 UTC 2018 $PTII/bin/ptinvoke ptolemy.vergil.basic.export.ExportModel -force htm  -openComposites -timeOut 30000 -whiteBackground ptolemy/actor/lib/jjs/modules/xbee/demo/XBeeHelloWorld/XBeeDataTypes.xml $PTII/ptolemy/actor/lib/jjs/modules/xbee/demo/XBeeHelloWorld/XBeeDataTypes
Warning: not running ptolemy/actor/lib/jjs/modules/xbee/demo/XBeeHelloWorld/XBeeDataTypes.xml. See ptolemy/vergil/basic/export/test/junit/ExportModelJUnitTest.java
----------------- Sun May 20 01:51:19 UTC 2018 About to sleep for 5.0 seconds before running or rerunning.  Test is: /home/travis/build/icyphy/ptII/ptolemy/actor/lib/jjs/modules/xbee/demo/XBeeHelloWorld/XBeeDataTypes.xml
Done sleeping
Exported /home/travis/build/icyphy/ptII/ptolemy/actor/lib/jjs/modules/xbee/demo/XBeeHelloWorld/XBeeDataTypes/index.html
4748 ms. Memory: 2573824K Free: 1446638K (56%)
####### 44 Sun May 20 01:51:29 UTC 2018 $PTII/bin/ptinvoke ptolemy.vergil.basic.export.ExportModel -force htm  -openComposites -timeOut 30000 -whiteBackground ptolemy/actor/lib/jjs/modules/xbee/demo/XBeeHelloWorld/XBeeHelloWorld.xml $PTII/ptolemy/actor/lib/jjs/modules/xbee/demo/XBeeHelloWorld/XBeeHelloWorld
Warning: not running ptolemy/actor/lib/jjs/modules/xbee/demo/XBeeHelloWorld/XBeeHelloWorld.xml. See ptolemy/vergil/basic/export/test/junit/ExportModelJUnitTest.java
----------------- Sun May 20 01:51:29 UTC 2018 About to sleep for 5.0 seconds before running or rerunning.  Test is: /home/travis/build/icyphy/ptII/ptolemy/actor/lib/jjs/modules/xbee/demo/XBeeHelloWorld/XBeeHelloWorld.xml
Done sleeping
Exported /home/travis/build/icyphy/ptII/ptolemy/actor/lib/jjs/modules/xbee/demo/XBeeHelloWorld/XBeeHelloWorld/index.html
4573 ms. Memory: 2573824K Free: 1027354K (40%)
####### 45 Sun May 20 01:51:39 UTC 2018 $PTII/bin/ptinvoke ptolemy.vergil.basic.export.ExportModel -force htm  -openComposites -timeOut 30000 -whiteBackground ptolemy/actor/lib/jmf/demo/JMFJAI/JMFJAI.xml $PTII/ptolemy/actor/lib/jmf/demo/JMFJAI/JMFJAI
Warning: not running ptolemy/actor/lib/jmf/demo/JMFJAI/JMFJAI.xml. See ptolemy/vergil/basic/export/test/junit/ExportModelJUnitTest.java
Exported /home/travis/build/icyphy/ptII/ptolemy/actor/lib/jmf/demo/JMFJAI/JMFJAI/index.html
3206 ms. Memory: 2573824K Free: 907477K (35%)
####### 46 Sun May 20 01:51:42 UTC 2018 $PTII/bin/ptinvoke ptolemy.vergil.basic.export.ExportModel -force htm  -openComposites -timeOut 30000 -whiteBackground ptolemy/actor/lib/jmf/demo/VideoCapture/VideoCapture.xml $PTII/ptolemy/actor/lib/jmf/demo/VideoCapture/VideoCapture
Warning: not running ptolemy/actor/lib/jmf/demo/VideoCapture/VideoCapture.xml. See ptolemy/vergil/basic/export/test/junit/ExportModelJUnitTest.java
Exported /home/travis/build/icyphy/ptII/ptolemy/actor/lib/jmf/demo/VideoCapture/VideoCapture/index.html
3184 ms. Memory: 2584576K Free: 1719069K (67%)
####### 47 Sun May 20 01:51:45 UTC 2018 $PTII/bin/ptinvoke ptolemy.vergil.basic.export.ExportModel -force htm -run -openComposites -timeOut 30000 -whiteBackground ptolemy/actor/lib/mail/demo/ExceptionEmailer/ExceptionEmailer.xml $PTII/ptolemy/actor/lib/mail/demo/ExceptionEmailer/ExceptionEmailer
Running .ExceptionEmailer
22 ms. Memory: 2584576K Free: 1612567K (62%)
Exported /home/travis/build/icyphy/ptII/ptolemy/actor/lib/mail/demo/ExceptionEmailer/ExceptionEmailer/index.html
4246 ms. Memory: 2584576K Free: 1576085K (61%)
####### 48 Sun May 20 01:51:49 UTC 2018 $PTII/bin/ptinvoke ptolemy.vergil.basic.export.ExportModel -force htm -run -openComposites -timeOut 30000 -whiteBackground ptolemy/actor/lib/mail/demo/SendMail/SendMail.xml $PTII/ptolemy/actor/lib/mail/demo/SendMail/SendMail
Running .SendMail
34 ms. Memory: 2584576K Free: 1453719K (56%)
Exported /home/travis/build/icyphy/ptII/ptolemy/actor/lib/mail/demo/SendMail/SendMail/index.html
4240 ms. Memory: 2584576K Free: 1417248K (55%)
####### 49 Sun May 20 01:51:53 UTC 2018 $PTII/bin/ptinvoke ptolemy.vergil.basic.export.ExportModel -force htm -run -openComposites -timeOut 30000 -whiteBackground ptolemy/actor/lib/python/demo/Ptolemnizer/Ptolemnizer.xml $PTII/ptolemy/actor/lib/python/demo/Ptolemnizer/Ptolemnizer
.Ptolemnizer.InteractiveShell invoked SwingUtilities.invokeAndWait()
Model ".Ptolemnizer" contains actors such cannot be run  as part of the export process from ExportModel or it has a WebExportParameters value that runBeforeExport set to false. To export run this model and export it, use vergil.
Exported /home/travis/build/icyphy/ptII/ptolemy/actor/lib/python/demo/Ptolemnizer/Ptolemnizer/index.html
7374 ms. Memory: 2584576K Free: 976524K (38%)
####### 50 Sun May 20 01:52:01 UTC 2018 $PTII/bin/ptinvoke ptolemy.vergil.basic.export.ExportModel -force htm -run -openComposites -timeOut 30000 -whiteBackground ptolemy/actor/lib/python/demo/PythonScale/PythonScale.xml $PTII/ptolemy/actor/lib/python/demo/PythonScale/PythonScale
Running .PythonScale
101 ms. Memory: 2584576K Free: 871598K (34%)
Exported /home/travis/build/icyphy/ptII/ptolemy/actor/lib/python/demo/PythonScale/PythonScale/index.html
4440 ms. Memory: 2584576K Free: 852536K (33%)
####### 51 Sun May 20 01:52:05 UTC 2018 $PTII/bin/ptinvoke ptolemy.vergil.basic.export.ExportModel -force htm  -openComposites -timeOut 30000 -whiteBackground ptolemy/actor/lib/python/demo/RecordManipulation/RecordManipulation.xml $PTII/ptolemy/actor/lib/python/demo/RecordManipulation/RecordManipulation
Warning: not running ptolemy/actor/lib/python/demo/RecordManipulation/RecordManipulation.xml. See ptolemy/vergil/basic/export/test/junit/ExportModelJUnitTest.java
Exported /home/travis/build/icyphy/ptII/ptolemy/actor/lib/python/demo/RecordManipulation/RecordManipulation/index.html
3538 ms. Memory: 2565120K Free: 1621882K (63%)
####### 52 Sun May 20 01:52:09 UTC 2018 $PTII/bin/ptinvoke ptolemy.vergil.basic.export.ExportModel -force htm  -openComposites -timeOut 30000 -whiteBackground ptolemy/actor/lib/r/demo/R3DPlot/R3DPlot.xml $PTII/ptolemy/actor/lib/r/demo/R3DPlot/R3DPlot
Warning: not running ptolemy/actor/lib/r/demo/R3DPlot/R3DPlot.xml. See ptolemy/vergil/basic/export/test/junit/ExportModelJUnitTest.java
Exported /home/travis/build/icyphy/ptII/ptolemy/actor/lib/r/demo/R3DPlot/R3DPlot/index.html
3303 ms. Memory: 2565120K Free: 1507813K (59%)
####### 53 Sun May 20 01:52:12 UTC 2018 $PTII/bin/ptinvoke ptolemy.vergil.basic.export.ExportModel -force htm  -openComposites -timeOut 30000 -whiteBackground ptolemy/actor/lib/r/demo/RRecordToDataframe/RRecordToDataframe.xml $PTII/ptolemy/actor/lib/r/demo/RRecordToDataframe/RRecordToDataframe
Warning: not running ptolemy/actor/lib/r/demo/RRecordToDataframe/RRecordToDataframe.xml. See ptolemy/vergil/basic/export/test/junit/ExportModelJUnitTest.java
Exported /home/travis/build/icyphy/ptII/ptolemy/actor/lib/r/demo/RRecordToDataframe/RRecordToDataframe/index.html
3224 ms. Memory: 2565120K Free: 1370186K (53%)
####### 54 Sun May 20 01:52:15 UTC 2018 $PTII/bin/ptinvoke ptolemy.vergil.basic.export.ExportModel -force htm  -openComposites -timeOut 30000 -whiteBackground ptolemy/actor/lib/security/demo/Signature/Signature.xml $PTII/ptolemy/actor/lib/security/demo/Signature/Signature
Warning: not running ptolemy/actor/lib/security/demo/Signature/Signature.xml. See ptolemy/vergil/basic/export/test/junit/ExportModelJUnitTest.java
Exported /home/travis/build/icyphy/ptII/ptolemy/actor/lib/security/demo/Signature/Signature/index.html
3409 ms. Memory: 2565120K Free: 1199879K (47%)
####### 55 Sun May 20 01:52:19 UTC 2018 $PTII/bin/ptinvoke ptolemy.vergil.basic.export.ExportModel -force htm -run -openComposites -timeOut 30000 -whiteBackground ptolemy/actor/lib/video/demo/DCT2x2dc/DCT2x2dc.xml $PTII/ptolemy/actor/lib/video/demo/DCT2x2dc/DCT2x2dc
Running .DCT2x2dc
67 ms. Memory: 2565120K Free: 1105400K (43%)
Exported /home/travis/build/icyphy/ptII/ptolemy/actor/lib/video/demo/DCT2x2dc/DCT2x2dc/index.html
4272 ms. Memory: 2565120K Free: 1084903K (42%)
####### 56 Sun May 20 01:52:23 UTC 2018 $PTII/bin/ptinvoke ptolemy.vergil.basic.export.ExportModel -force htm -run -openComposites -timeOut 30000 -whiteBackground ptolemy/actor/lib/video/demo/DCT4x4dc/DCT4x4dc.xml $PTII/ptolemy/actor/lib/video/demo/DCT4x4dc/DCT4x4dc
Running .DCT4x4dc
57 ms. Memory: 2565120K Free: 991252K (39%)
Exported /home/travis/build/icyphy/ptII/ptolemy/actor/lib/video/demo/DCT4x4dc/DCT4x4dc/index.html
4263 ms. Memory: 2565120K Free: 970739K (38%)
####### 57 Sun May 20 01:52:27 UTC 2018 $PTII/bin/ptinvoke ptolemy.vergil.basic.export.ExportModel -force htm -run -openComposites -timeOut 30000 -whiteBackground ptolemy/actor/lib/video/demo/DCT8x8/DCT8x8.xml $PTII/ptolemy/actor/lib/video/demo/DCT8x8/DCT8x8
Running .DCT8x8
44 ms. Memory: 2565120K Free: 877088K (34%)
Exported /home/travis/build/icyphy/ptII/ptolemy/actor/lib/video/demo/DCT8x8/DCT8x8/index.html
4227 ms. Memory: 2565120K Free: 837945K (33%)
####### 58 Sun May 20 01:52:31 UTC 2018 $PTII/bin/ptinvoke ptolemy.vergil.basic.export.ExportModel -force htm -run -openComposites -timeOut 30000 -whiteBackground ptolemy/actor/lib/xslt/demo/MoMLFileTransformation/MoMLFileTransformation.xml $PTII/ptolemy/actor/lib/xslt/demo/MoMLFileTransformation/MoMLFileTransformation
Running .MOMLFileTransformation
829 ms. Memory: 2580992K Free: 1689518K (65%)
Exported /home/travis/build/icyphy/ptII/ptolemy/actor/lib/xslt/demo/MoMLFileTransformation/MoMLFileTransformation/index.html
5087 ms. Memory: 2580992K Free: 1586707K (61%)
####### 59 Sun May 20 01:52:37 UTC 2018 $PTII/bin/ptinvoke ptolemy.vergil.basic.export.ExportModel -force htm -run -openComposites -timeOut 30000 -whiteBackground ptolemy/actor/lib/xslt/demo/XMLInclusion/XMLInclusion.xml $PTII/ptolemy/actor/lib/xslt/demo/XMLInclusion/XMLInclusion
Running .XMLInclusion
31 ms. Memory: 2580992K Free: 1487426K (58%)
Exported /home/travis/build/icyphy/ptII/ptolemy/actor/lib/xslt/demo/XMLInclusion/XMLInclusion/index.html
4322 ms. Memory: 2580992K Free: 1391149K (54%)
####### 60 Sun May 20 01:52:41 UTC 2018 $PTII/bin/ptinvoke ptolemy.vergil.basic.export.ExportModel -force htm -run -openComposites -timeOut 30000 -whiteBackground ptolemy/actor/parameters/demo/Bouncer/Bouncer.xml $PTII/ptolemy/actor/parameters/demo/Bouncer/Bouncer
Running .Bouncer
10023 ms. Memory: 2580992K Free: 1237587K (48%)
Exported /home/travis/build/icyphy/ptII/ptolemy/actor/parameters/demo/Bouncer/Bouncer/index.html
14371 ms. Memory: 2580992K Free: 1158506K (45%)
####### 61 Sun May 20 01:52:55 UTC 2018 $PTII/bin/ptinvoke ptolemy.vergil.basic.export.ExportModel -force htm -run -openComposites -timeOut 30000 -whiteBackground ptolemy/actor/parameters/demo/SliderParameter/SliderParameter.xml $PTII/ptolemy/actor/parameters/demo/SliderParameter/SliderParameter
Running .SliderParameter
ExportHTMLTimer went off after 30000 ms., calling getDirector().finish and getDirector().stopFire()
30001 ms. Memory: 2680832K Free: 1236289K (46%)
Exported /home/travis/build/icyphy/ptII/ptolemy/actor/parameters/demo/SliderParameter/SliderParameter/index.html
34260 ms. Memory: 2680832K Free: 1182707K (44%)
####### 62 Sun May 20 01:53:30 UTC 2018 $PTII/bin/ptinvoke ptolemy.vergil.basic.export.ExportModel -force htm -run -openComposites -timeOut 30000 -whiteBackground ptolemy/actor/ptalon/demo/CruiseControl/CruiseControl.xml $PTII/ptolemy/actor/ptalon/demo/CruiseControl/CruiseControl
Running .CruiseControl
91 ms. Memory: 2680832K Free: 1041098K (39%)
Exported /home/travis/build/icyphy/ptII/ptolemy/actor/ptalon/demo/CruiseControl/CruiseControl/index.html
4601 ms. Memory: 2680832K Free: 968439K (36%)
####### 63 Sun May 20 01:53:34 UTC 2018 $PTII/bin/ptinvoke ptolemy.vergil.basic.export.ExportModel -force htm -run -openComposites -timeOut 30000 -whiteBackground ptolemy/actor/ptalon/demo/EightChannelFFT/EightChannelFFT.xml $PTII/ptolemy/actor/ptalon/demo/EightChannelFFT/EightChannelFFT
Running .EightChannelFFT
52 ms. Memory: 2680832K Free: 807751K (30%)
Exported /home/travis/build/icyphy/ptII/ptolemy/actor/ptalon/demo/EightChannelFFT/EightChannelFFT/index.html
5592 ms. Memory: 2419200K Free: 1276787K (53%)
####### 64 Sun May 20 01:53:40 UTC 2018 $PTII/bin/ptinvoke ptolemy.vergil.basic.export.ExportModel -force htm -run -openComposites -timeOut 30000 -whiteBackground ptolemy/actor/ptalon/demo/GameOfLife/GameOfLife.xml $PTII/ptolemy/actor/ptalon/demo/GameOfLife/GameOfLife
Running .GameOfLife
ExportHTMLTimer went off after 30000 ms., calling getDirector().finish and getDirector().stopFire()
30183 ms. Memory: 2419200K Free: 1065838K (44%)
Exported /home/travis/build/icyphy/ptII/ptolemy/actor/ptalon/demo/GameOfLife/GameOfLife/index.html
34922 ms. Memory: 2419200K Free: 949285K (39%)
####### 65 Sun May 20 01:54:15 UTC 2018 $PTII/bin/ptinvoke ptolemy.vergil.basic.export.ExportModel -force htm -run -openComposites -timeOut 30000 -whiteBackground ptolemy/actor/ptalon/demo/MapReduce/MapReduce.xml $PTII/ptolemy/actor/ptalon/demo/MapReduce/MapReduce
Running .MapReduce
83 ms. Memory: 2419200K Free: 601412K (25%)
Exported /home/travis/build/icyphy/ptII/ptolemy/actor/ptalon/demo/MapReduce/MapReduce/index.html
4915 ms. Memory: 2689024K Free: 1562417K (58%)
####### 66 Sun May 20 01:54:20 UTC 2018 $PTII/bin/ptinvoke ptolemy.vergil.basic.export.ExportModel -force htm -run -openComposites -timeOut 30000 -whiteBackground ptolemy/actor/ptalon/demo/ModelChange/ModelChange.xml $PTII/ptolemy/actor/ptalon/demo/ModelChange/ModelChange
Running .ModelChange
12 ms. Memory: 2689024K Free: 1474482K (55%)
Exported /home/travis/build/icyphy/ptII/ptolemy/actor/ptalon/demo/ModelChange/ModelChange/index.html
4264 ms. Memory: 2689024K Free: 1407598K (52%)
####### 67 Sun May 20 01:54:24 UTC 2018 $PTII/bin/ptinvoke ptolemy.vergil.basic.export.ExportModel -force htm   -timeOut 5000 -whiteBackground ptolemy/actor/ptalon/demo/ptinyos/SendAndReceiveCnt/SendAndReceiveCnt.xml $PTII/ptolemy/actor/ptalon/demo/ptinyos/SendAndReceiveCnt/SendAndReceiveCnt
Warning: not opening composites for ptolemy/actor/ptalon/demo/ptinyos/SendAndReceiveCnt/SendAndReceiveCnt.xml. See ptolemy/vergil/basic/export/test/junit/ExportModelJUnitTest.java
Warning: not running ptolemy/actor/ptalon/demo/ptinyos/SendAndReceiveCnt/SendAndReceiveCnt.xml. See ptolemy/vergil/basic/export/test/junit/ExportModelJUnitTest.java
TableauFrame._addMenus: configuration == null?
####### 68 Sun May 20 01:54:25 UTC 2018 $PTII/bin/ptinvoke ptolemy.vergil.basic.export.ExportModel -force htm   -timeOut 30000 -whiteBackground ptolemy/actor/ptalon/demo/ptinyos/SenseToLeds/SenseToLeds.xml $PTII/ptolemy/actor/ptalon/demo/ptinyos/SenseToLeds/SenseToLeds
Warning: not opening composites for ptolemy/actor/ptalon/demo/ptinyos/SenseToLeds/SenseToLeds.xml. See ptolemy/vergil/basic/export/test/junit/ExportModelJUnitTest.java
Warning: not running ptolemy/actor/ptalon/demo/ptinyos/SenseToLeds/SenseToLeds.xml. See ptolemy/vergil/basic/export/test/junit/ExportModelJUnitTest.java
TableauFrame._addMenus: configuration == null?
####### 69 Sun May 20 01:54:26 UTC 2018 $PTII/bin/ptinvoke ptolemy.vergil.basic.export.ExportModel -force htm -run -openComposites -timeOut 30000 -whiteBackground ptolemy/actor/ptalon/demo/SmallWorld/ParameterSweepSmallWorldFSM.xml $PTII/ptolemy/actor/ptalon/demo/SmallWorld/ParameterSweepSmallWorldFSM
Running .ParameterSweepSmallWorldFSM
333 ms. Memory: 2447872K Free: 990213K (40%)
ExportHTMLTimer went off after 30000 ms., calling getDirector().finish and getDirector().stopFire()
30001 ms. Memory: 2749440K Free: 1373009K (50%)
Exported /home/travis/build/icyphy/ptII/ptolemy/actor/ptalon/demo/SmallWorld/ParameterSweepSmallWorldFSM/index.html
35961 ms. Memory: 2749440K Free: 1314368K (48%)
####### 70 Sun May 20 01:55:02 UTC 2018 $PTII/bin/ptinvoke ptolemy.vergil.basic.export.ExportModel -force htm -run -openComposites -timeOut 30000 -whiteBackground ptolemy/actor/ptalon/demo/SmallWorld/ParameterSweepSmallWorldSDF.xml $PTII/ptolemy/actor/ptalon/demo/SmallWorld/ParameterSweepSmallWorldSDF
Running .ParameterSweepSmallWorldSDF
170 ms. Memory: 2744832K Free: 1530968K (56%)
195 ms. Memory: 2744832K Free: 1401104K (51%)
124 ms. Memory: 2744832K Free: 1297202K (47%)
123 ms. Memory: 2744832K Free: 1167330K (43%)
1159 ms. Memory: 2744832K Free: 1167330K (43%)
Exported /home/travis/build/icyphy/ptII/ptolemy/actor/ptalon/demo/SmallWorld/ParameterSweepSmallWorldSDF/index.html
6696 ms. Memory: 2744832K Free: 1136119K (41%)
]]></system-out>
  <system-err><![CDATA[[AWT-EventQueue-0] INFO com.github.sarxos.webcam.Webcam - WebcamDefaultDriver capture driver will be used
[atomic-processor-1] INFO com.github.sarxos.webcam.ds.cgt.WebcamOpenTask - Opening webcam Dummy Webcam 0
[atomic-processor-1] INFO com.github.sarxos.webcam.ds.cgt.WebcamCloseTask - Closing Dummy Webcam 0
May 20, 2018 1:36:25 AM org.eclipse.paho.client.mqttv3.internal.ClientState checkForActivity
SEVERE: mqttpt_5079212589329344136: Timed out as no activity, keepAlive=60,000 lastOutboundActivity=1,526,780,125,212 lastInboundActivity=1,526,780,061,424 time=1,526,780,185,212 lastPing=1,526,780,125,212
May 20, 2018 1:36:25 AM org.eclipse.paho.client.mqttv3.internal.ClientState checkForActivity
SEVERE: mqttpt_5079212589329344136: Timed out as no activity, keepAlive=60,000 lastOutboundActivity=1,526,780,125,226 lastInboundActivity=1,526,780,064,374 time=1,526,780,185,226 lastPing=1,526,780,125,226
[atomic-processor-1] INFO com.github.sarxos.webcam.ds.cgt.WebcamOpenTask - Opening webcam Dummy Webcam 0
[atomic-processor-1] INFO com.github.sarxos.webcam.ds.cgt.WebcamCloseTask - Closing Dummy Webcam 0
ptolemy.kernel.util.IllegalActionException: Exceptions occurred during wrapup:
ptolemy.kernel.util.IllegalActionException: Failure executing the wrapup function: Error: TrainableTest2: The input handler of this accessor was never invoked. Usually, this is an error indicating that starvation is occurring. in <function> at line number 393 at column number 16
  in .WatchEmulator.TrainableTest2
Because:
Error: TrainableTest2: The input handler of this accessor was never invoked. Usually, this is an error indicating that starvation is occurring. in <function> at line number 393 at column number 16

  in .WatchEmulator.DE Director
Because:
Failure executing the wrapup function: Error: TrainableTest2: The input handler of this accessor was never invoked. Usually, this is an error indicating that starvation is occurring. in <function> at line number 393 at column number 16
  in .WatchEmulator.TrainableTest2
Because:
Error: TrainableTest2: The input handler of this accessor was never invoked. Usually, this is an error indicating that starvation is occurring. in <function> at line number 393 at column number 16
	at ptolemy.actor.Director.wrapup(Director.java:1736)
	at ptolemy.domains.de.kernel.DEDirector.wrapup(DEDirector.java:1526)
	at ptolemy.actor.CompositeActor.wrapup(CompositeActor.java:2735)
	at ptolemy.actor.Manager.wrapup(Manager.java:1512)
	at ptolemy.actor.Manager.execute(Manager.java:407)
	at ptolemy.vergil.basic.export.ExportModel$2.run(ExportModel.java:390)
	at java.awt.event.InvocationEvent.dispatch(InvocationEvent.java:301)
	at java.awt.EventQueue.dispatchEventImpl(EventQueue.java:756)
	at java.awt.EventQueue.access$500(EventQueue.java:97)
	at java.awt.EventQueue$3.run(EventQueue.java:709)
	at java.awt.EventQueue$3.run(EventQueue.java:703)
	at java.security.AccessController.doPrivileged(Native Method)
	at java.security.ProtectionDomain$JavaSecurityAccessImpl.doIntersectionPrivilege(ProtectionDomain.java:80)
	at java.awt.EventQueue.dispatchEvent(EventQueue.java:726)
	at java.awt.EventDispatchThread.pumpOneEventForFilters(EventDispatchThread.java:201)
	at java.awt.EventDispatchThread.pumpEventsForFilter(EventDispatchThread.java:116)
	at java.awt.EventDispatchThread.pumpEventsForHierarchy(EventDispatchThread.java:105)
	at java.awt.EventDispatchThread.pumpEvents(EventDispatchThread.java:101)
	at java.awt.EventDispatchThread.pumpEvents(EventDispatchThread.java:93)
	at java.awt.EventDispatchThread.run(EventDispatchThread.java:82)
Caused by: ptolemy.kernel.util.IllegalActionException: Failure executing the wrapup function: Error: TrainableTest2: The input handler of this accessor was never invoked. Usually, this is an error indicating that starvation is occurring. in <function> at line number 393 at column number 16
  in .WatchEmulator.TrainableTest2
Because:
Error: TrainableTest2: The input handler of this accessor was never invoked. Usually, this is an error indicating that starvation is occurring. in <function> at line number 393 at column number 16
	at ptolemy.actor.lib.jjs.JavaScript._invokeMethodInContext(JavaScript.java:2223)
	at ptolemy.actor.lib.jjs.JavaScript.wrapup(JavaScript.java:2118)
	at ptolemy.actor.Director.wrapup(Director.java:1722)
	... 19 more
Caused by: javax.script.ScriptException: Error: TrainableTest2: The input handler of this accessor was never invoked. Usually, this is an error indicating that starvation is occurring. in <function> at line number 393 at column number 16
	at jdk.nashorn.api.scripting.NashornScriptEngine.throwAsScriptException(NashornScriptEngine.java:470)
	at jdk.nashorn.api.scripting.NashornScriptEngine.invokeImpl(NashornScriptEngine.java:392)
	at jdk.nashorn.api.scripting.NashornScriptEngine.invokeMethod(NashornScriptEngine.java:199)
	at ptolemy.actor.lib.jjs.JavaScript._invokeMethodInContext(JavaScript.java:2200)
	... 21 more
Caused by: <function>:393:16 Error: TrainableTest2: The input handler of this accessor was never invoked. Usually, this is an error indicating that starvation is occurring.
	at jdk.nashorn.internal.objects.NativeError.initException(NativeError.java:137)
	at jdk.nashorn.internal.objects.NativeError.<init>(NativeError.java:102)
	at jdk.nashorn.internal.objects.NativeError.<init>(NativeError.java:106)
	at jdk.nashorn.internal.objects.NativeError.<init>(NativeError.java:110)
	at jdk.nashorn.internal.objects.NativeError.constructor(NativeError.java:129)
	at jdk.nashorn.internal.scripts.Script$Recompilation$17702$18524$\^function\_.L:1#wrapup(<function>:393)
	at jdk.nashorn.internal.scripts.Script$Recompilation$17700$30384$require.L:1#Accessor#wrapup(/home/travis/build/icyphy/ptII/ptolemy/actor/lib/jjs/external/require.js#401:30<eval>:675)
	at jdk.nashorn.internal.runtime.ScriptFunctionData.invoke(ScriptFunctionData.java:637)
	at jdk.nashorn.internal.runtime.ScriptFunction.invoke(ScriptFunction.java:494)
	at jdk.nashorn.internal.runtime.ScriptRuntime.apply(ScriptRuntime.java:393)
	at jdk.nashorn.api.scripting.ScriptObjectMirror.callMember(ScriptObjectMirror.java:199)
	at jdk.nashorn.api.scripting.NashornScriptEngine.invokeImpl(NashornScriptEngine.java:386)
	... 23 more
Caused by: ptolemy.kernel.util.IllegalActionException: Failure executing the wrapup function: Error: TrainableTest2: The input handler of this accessor was never invoked. Usually, this is an error indicating that starvation is occurring. in <function> at line number 393 at column number 16
  in .WatchEmulator.TrainableTest2
Because:
Error: TrainableTest2: The input handler of this accessor was never invoked. Usually, this is an error indicating that starvation is occurring. in <function> at line number 393 at column number 16
	at ptolemy.actor.lib.jjs.JavaScript._invokeMethodInContext(JavaScript.java:2223)
	at ptolemy.actor.lib.jjs.JavaScript.wrapup(JavaScript.java:2118)
	at ptolemy.actor.Director.wrapup(Director.java:1722)
	at ptolemy.domains.de.kernel.DEDirector.wrapup(DEDirector.java:1526)
	at ptolemy.actor.CompositeActor.wrapup(CompositeActor.java:2735)
	at ptolemy.actor.Manager.wrapup(Manager.java:1512)
	at ptolemy.actor.Manager.execute(Manager.java:407)
	at ptolemy.vergil.basic.export.ExportModel$2.run(ExportModel.java:390)
	at java.awt.event.InvocationEvent.dispatch(InvocationEvent.java:301)
	at java.awt.EventQueue.dispatchEventImpl(EventQueue.java:756)
	at java.awt.EventQueue.access$500(EventQueue.java:97)
	at java.awt.EventQueue$3.run(EventQueue.java:709)
	at java.awt.EventQueue$3.run(EventQueue.java:703)
	at java.security.AccessController.doPrivileged(Native Method)
	at java.security.ProtectionDomain$JavaSecurityAccessImpl.doIntersectionPrivilege(ProtectionDomain.java:80)
	at java.awt.EventQueue.dispatchEvent(EventQueue.java:726)
	at java.awt.EventDispatchThread.pumpOneEventForFilters(EventDispatchThread.java:201)
	at java.awt.EventDispatchThread.pumpEventsForFilter(EventDispatchThread.java:116)
	at java.awt.EventDispatchThread.pumpEventsForHierarchy(EventDispatchThread.java:105)
	at java.awt.EventDispatchThread.pumpEvents(EventDispatchThread.java:101)
	at java.awt.EventDispatchThread.pumpEvents(EventDispatchThread.java:93)
	at java.awt.EventDispatchThread.run(EventDispatchThread.java:82)
Caused by: javax.script.ScriptException: Error: TrainableTest2: The input handler of this accessor was never invoked. Usually, this is an error indicating that starvation is occurring. in <function> at line number 393 at column number 16
	at jdk.nashorn.api.scripting.NashornScriptEngine.throwAsScriptException(NashornScriptEngine.java:470)
	at jdk.nashorn.api.scripting.NashornScriptEngine.invokeImpl(NashornScriptEngine.java:392)
	at jdk.nashorn.api.scripting.NashornScriptEngine.invokeMethod(NashornScriptEngine.java:199)
	at ptolemy.actor.lib.jjs.JavaScript._invokeMethodInContext(JavaScript.java:2200)
	... 21 more
Caused by: <function>:393:16 Error: TrainableTest2: The input handler of this accessor was never invoked. Usually, this is an error indicating that starvation is occurring.
	at jdk.nashorn.internal.objects.NativeError.initException(NativeError.java:137)
	at jdk.nashorn.internal.objects.NativeError.<init>(NativeError.java:102)
	at jdk.nashorn.internal.objects.NativeError.<init>(NativeError.java:106)
	at jdk.nashorn.internal.objects.NativeError.<init>(NativeError.java:110)
	at jdk.nashorn.internal.objects.NativeError.constructor(NativeError.java:129)
	at jdk.nashorn.internal.scripts.Script$Recompilation$17702$18524$\^function\_.L:1#wrapup(<function>:393)
	at jdk.nashorn.internal.scripts.Script$Recompilation$17700$30384$require.L:1#Accessor#wrapup(/home/travis/build/icyphy/ptII/ptolemy/actor/lib/jjs/external/require.js#401:30<eval>:675)
	at jdk.nashorn.internal.runtime.ScriptFunctionData.invoke(ScriptFunctionData.java:637)
	at jdk.nashorn.internal.runtime.ScriptFunction.invoke(ScriptFunction.java:494)
	at jdk.nashorn.internal.runtime.ScriptRuntime.apply(ScriptRuntime.java:393)
	at jdk.nashorn.api.scripting.ScriptObjectMirror.callMember(ScriptObjectMirror.java:199)
	at jdk.nashorn.api.scripting.NashornScriptEngine.invokeImpl(NashornScriptEngine.java:386)
	... 23 more
Caused by: javax.script.ScriptException: Error: TrainableTest2: The input handler of this accessor was never invoked. Usually, this is an error indicating that starvation is occurring. in <function> at line number 393 at column number 16
	at jdk.nashorn.api.scripting.NashornScriptEngine.throwAsScriptException(NashornScriptEngine.java:470)
	at jdk.nashorn.api.scripting.NashornScriptEngine.invokeImpl(NashornScriptEngine.java:392)
	at jdk.nashorn.api.scripting.NashornScriptEngine.invokeMethod(NashornScriptEngine.java:199)
	at ptolemy.actor.lib.jjs.JavaScript._invokeMethodInContext(JavaScript.java:2200)
	at ptolemy.actor.lib.jjs.JavaScript.wrapup(JavaScript.java:2118)
	at ptolemy.actor.Director.wrapup(Director.java:1722)
	at ptolemy.domains.de.kernel.DEDirector.wrapup(DEDirector.java:1526)
	at ptolemy.actor.CompositeActor.wrapup(CompositeActor.java:2735)
	at ptolemy.actor.Manager.wrapup(Manager.java:1512)
	at ptolemy.actor.Manager.execute(Manager.java:407)
	at ptolemy.vergil.basic.export.ExportModel$2.run(ExportModel.java:390)
	at java.awt.event.InvocationEvent.dispatch(InvocationEvent.java:301)
	at java.awt.EventQueue.dispatchEventImpl(EventQueue.java:756)
	at java.awt.EventQueue.access$500(EventQueue.java:97)
	at java.awt.EventQueue$3.run(EventQueue.java:709)
	at java.awt.EventQueue$3.run(EventQueue.java:703)
	at java.security.AccessController.doPrivileged(Native Method)
	at java.security.ProtectionDomain$JavaSecurityAccessImpl.doIntersectionPrivilege(ProtectionDomain.java:80)
	at java.awt.EventQueue.dispatchEvent(EventQueue.java:726)
	at java.awt.EventDispatchThread.pumpOneEventForFilters(EventDispatchThread.java:201)
	at java.awt.EventDispatchThread.pumpEventsForFilter(EventDispatchThread.java:116)
	at java.awt.EventDispatchThread.pumpEventsForHierarchy(EventDispatchThread.java:105)
	at java.awt.EventDispatchThread.pumpEvents(EventDispatchThread.java:101)
	at java.awt.EventDispatchThread.pumpEvents(EventDispatchThread.java:93)
	at java.awt.EventDispatchThread.run(EventDispatchThread.java:82)
Caused by: <function>:393:16 Error: TrainableTest2: The input handler of this accessor was never invoked. Usually, this is an error indicating that starvation is occurring.
	at jdk.nashorn.internal.objects.NativeError.initException(NativeError.java:137)
	at jdk.nashorn.internal.objects.NativeError.<init>(NativeError.java:102)
	at jdk.nashorn.internal.objects.NativeError.<init>(NativeError.java:106)
	at jdk.nashorn.internal.objects.NativeError.<init>(NativeError.java:110)
	at jdk.nashorn.internal.objects.NativeError.constructor(NativeError.java:129)
	at jdk.nashorn.internal.scripts.Script$Recompilation$17702$18524$\^function\_.L:1#wrapup(<function>:393)
	at jdk.nashorn.internal.scripts.Script$Recompilation$17700$30384$require.L:1#Accessor#wrapup(/home/travis/build/icyphy/ptII/ptolemy/actor/lib/jjs/external/require.js#401:30<eval>:675)
	at jdk.nashorn.internal.runtime.ScriptFunctionData.invoke(ScriptFunctionData.java:637)
	at jdk.nashorn.internal.runtime.ScriptFunction.invoke(ScriptFunction.java:494)
	at jdk.nashorn.internal.runtime.ScriptRuntime.apply(ScriptRuntime.java:393)
	at jdk.nashorn.api.scripting.ScriptObjectMirror.callMember(ScriptObjectMirror.java:199)
	at jdk.nashorn.api.scripting.NashornScriptEngine.invokeImpl(NashornScriptEngine.java:386)
	... 23 more
java.lang.reflect.InvocationTargetException
	at java.awt.EventQueue.invokeAndWait(EventQueue.java:1321)
	at java.awt.EventQueue.invokeAndWait(EventQueue.java:1296)
	at javax.swing.SwingUtilities.invokeAndWait(SwingUtilities.java:1348)
	at ptolemy.vergil.basic.export.ExportModel.exportModel(ExportModel.java:401)
	at ptolemy.vergil.basic.export.test.junit.ExportModelJUnitTest.RunExportModel(ExportModelJUnitTest.java:153)
	at ptolemy.vergil.basic.export.test.junit.ExportModelJUnitTestBatch.RunExportModel(ExportModelJUnitTestBatch.java:97)
	at sun.reflect.GeneratedMethodAccessor18.invoke(Unknown Source)
	at sun.reflect.DelegatingMethodAccessorImpl.invoke(DelegatingMethodAccessorImpl.java:43)
	at java.lang.reflect.Method.invoke(Method.java:498)
	at org.junit.runners.model.FrameworkMethod$1.runReflectiveCall(FrameworkMethod.java:44)
	at org.junit.internal.runners.model.ReflectiveCallable.run(ReflectiveCallable.java:15)
	at org.junit.runners.model.FrameworkMethod.invokeExplosively(FrameworkMethod.java:41)
	at junitparams.internal.InvokeParameterisedMethod.evaluate(InvokeParameterisedMethod.java:102)
	at junitparams.internal.ParameterisedTestMethodRunner.runMethodInvoker(ParameterisedTestMethodRunner.java:47)
	at junitparams.internal.ParameterisedTestMethodRunner.runTestMethod(ParameterisedTestMethodRunner.java:41)
	at junitparams.internal.ParameterisedTestClassRunner.runParameterisedTest(ParameterisedTestClassRunner.java:143)
	at junitparams.JUnitParamsRunner.runChild(JUnitParamsRunner.java:237)
	at junitparams.JUnitParamsRunner.runChild(JUnitParamsRunner.java:215)
	at org.junit.runners.ParentRunner$3.run(ParentRunner.java:193)
	at org.junit.runners.ParentRunner$1.schedule(ParentRunner.java:52)
	at org.junit.runners.ParentRunner.runChildren(ParentRunner.java:191)
	at org.junit.runners.ParentRunner.access$000(ParentRunner.java:42)
	at org.junit.runners.ParentRunner$2.evaluate(ParentRunner.java:184)
	at org.junit.runners.ParentRunner.run(ParentRunner.java:236)
	at junit.framework.JUnit4TestAdapter.run(JUnit4TestAdapter.java:39)
	at org.apache.tools.ant.taskdefs.optional.junit.JUnitTestRunner.run(JUnitTestRunner.java:535)
	at org.apache.tools.ant.taskdefs.optional.junit.JUnitTestRunner.launch(JUnitTestRunner.java:1182)
	at org.apache.tools.ant.taskdefs.optional.junit.JUnitTestRunner.main(JUnitTestRunner.java:1033)
Caused by: java.lang.RuntimeException: ptolemy.kernel.util.IllegalActionException: Exceptions occurred during wrapup:
ptolemy.kernel.util.IllegalActionException: Failure executing the wrapup function: Error: TrainableTest2: The input handler of this accessor was never invoked. Usually, this is an error indicating that starvation is occurring. in <function> at line number 393 at column number 16
  in .WatchEmulator.TrainableTest2
Because:
Error: TrainableTest2: The input handler of this accessor was never invoked. Usually, this is an error indicating that starvation is occurring. in <function> at line number 393 at column number 16

  in .WatchEmulator.DE Director
Because:
Failure executing the wrapup function: Error: TrainableTest2: The input handler of this accessor was never invoked. Usually, this is an error indicating that starvation is occurring. in <function> at line number 393 at column number 16
  in .WatchEmulator.TrainableTest2
Because:
Error: TrainableTest2: The input handler of this accessor was never invoked. Usually, this is an error indicating that starvation is occurring. in <function> at line number 393 at column number 16
	at ptolemy.vergil.basic.export.ExportModel$2.run(ExportModel.java:397)
	at java.awt.event.InvocationEvent.dispatch(InvocationEvent.java:301)
	at java.awt.EventQueue.dispatchEventImpl(EventQueue.java:756)
	at java.awt.EventQueue.access$500(EventQueue.java:97)
	at java.awt.EventQueue$3.run(EventQueue.java:709)
	at java.awt.EventQueue$3.run(EventQueue.java:703)
	at java.security.AccessController.doPrivileged(Native Method)
	at java.security.ProtectionDomain$JavaSecurityAccessImpl.doIntersectionPrivilege(ProtectionDomain.java:80)
	at java.awt.EventQueue.dispatchEvent(EventQueue.java:726)
	at java.awt.EventDispatchThread.pumpOneEventForFilters(EventDispatchThread.java:201)
	at java.awt.EventDispatchThread.pumpEventsForFilter(EventDispatchThread.java:116)
	at java.awt.EventDispatchThread.pumpEventsForHierarchy(EventDispatchThread.java:105)
	at java.awt.EventDispatchThread.pumpEvents(EventDispatchThread.java:101)
	at java.awt.EventDispatchThread.pumpEvents(EventDispatchThread.java:93)
	at java.awt.EventDispatchThread.run(EventDispatchThread.java:82)
Caused by: ptolemy.kernel.util.IllegalActionException: Exceptions occurred during wrapup:
ptolemy.kernel.util.IllegalActionException: Failure executing the wrapup function: Error: TrainableTest2: The input handler of this accessor was never invoked. Usually, this is an error indicating that starvation is occurring. in <function> at line number 393 at column number 16
  in .WatchEmulator.TrainableTest2
Because:
Error: TrainableTest2: The input handler of this accessor was never invoked. Usually, this is an error indicating that starvation is occurring. in <function> at line number 393 at column number 16

  in .WatchEmulator.DE Director
Because:
Failure executing the wrapup function: Error: TrainableTest2: The input handler of this accessor was never invoked. Usually, this is an error indicating that starvation is occurring. in <function> at line number 393 at column number 16
  in .WatchEmulator.TrainableTest2
Because:
Error: TrainableTest2: The input handler of this accessor was never invoked. Usually, this is an error indicating that starvation is occurring. in <function> at line number 393 at column number 16
	at ptolemy.actor.Director.wrapup(Director.java:1736)
	at ptolemy.domains.de.kernel.DEDirector.wrapup(DEDirector.java:1526)
	at ptolemy.actor.CompositeActor.wrapup(CompositeActor.java:2735)
	at ptolemy.actor.Manager.wrapup(Manager.java:1512)
	at ptolemy.actor.Manager.execute(Manager.java:407)
	at ptolemy.vergil.basic.export.ExportModel$2.run(ExportModel.java:390)
	... 14 more
Caused by: ptolemy.kernel.util.IllegalActionException: Failure executing the wrapup function: Error: TrainableTest2: The input handler of this accessor was never invoked. Usually, this is an error indicating that starvation is occurring. in <function> at line number 393 at column number 16
  in .WatchEmulator.TrainableTest2
Because:
Error: TrainableTest2: The input handler of this accessor was never invoked. Usually, this is an error indicating that starvation is occurring. in <function> at line number 393 at column number 16
	at ptolemy.actor.lib.jjs.JavaScript._invokeMethodInContext(JavaScript.java:2223)
	at ptolemy.actor.lib.jjs.JavaScript.wrapup(JavaScript.java:2118)
	at ptolemy.actor.Director.wrapup(Director.java:1722)
	... 19 more
Caused by: javax.script.ScriptException: Error: TrainableTest2: The input handler of this accessor was never invoked. Usually, this is an error indicating that starvation is occurring. in <function> at line number 393 at column number 16
	at jdk.nashorn.api.scripting.NashornScriptEngine.throwAsScriptException(NashornScriptEngine.java:470)
	at jdk.nashorn.api.scripting.NashornScriptEngine.invokeImpl(NashornScriptEngine.java:392)
	at jdk.nashorn.api.scripting.NashornScriptEngine.invokeMethod(NashornScriptEngine.java:199)
	at ptolemy.actor.lib.jjs.JavaScript._invokeMethodInContext(JavaScript.java:2200)
	... 21 more
Caused by: <function>:393:16 Error: TrainableTest2: The input handler of this accessor was never invoked. Usually, this is an error indicating that starvation is occurring.
	at jdk.nashorn.internal.objects.NativeError.initException(NativeError.java:137)
	at jdk.nashorn.internal.objects.NativeError.<init>(NativeError.java:102)
	at jdk.nashorn.internal.objects.NativeError.<init>(NativeError.java:106)
	at jdk.nashorn.internal.objects.NativeError.<init>(NativeError.java:110)
	at jdk.nashorn.internal.objects.NativeError.constructor(NativeError.java:129)
	at jdk.nashorn.internal.scripts.Script$Recompilation$17702$18524$\^function\_.L:1#wrapup(<function>:393)
	at jdk.nashorn.internal.scripts.Script$Recompilation$17700$30384$require.L:1#Accessor#wrapup(/home/travis/build/icyphy/ptII/ptolemy/actor/lib/jjs/external/require.js#401:30<eval>:675)
	at jdk.nashorn.internal.runtime.ScriptFunctionData.invoke(ScriptFunctionData.java:637)
	at jdk.nashorn.internal.runtime.ScriptFunction.invoke(ScriptFunction.java:494)
	at jdk.nashorn.internal.runtime.ScriptRuntime.apply(ScriptRuntime.java:393)
	at jdk.nashorn.api.scripting.ScriptObjectMirror.callMember(ScriptObjectMirror.java:199)
	at jdk.nashorn.api.scripting.NashornScriptEngine.invokeImpl(NashornScriptEngine.java:386)
	... 23 more
WARNING: Clock: Model stopped before executing actions (e.g. producing outputs) scheduled for execution at times [26.0]
WARNING: Invoking send() too late (probably in a callback), so WebSocketServer is not able to send the token {socketID = 0, status = "closed"} to the output connection. Token is discarded.
WARNING: Invoking send() too late (probably in a callback), so WebSocketServer is not able to send the token {socketID = 0, status = "closed"} to the output connection. Token is discarded.
WARNING: Clock: Model stopped before executing actions (e.g. producing outputs) scheduled for execution at times [11.0]
WARNING: Clock: Model stopped before executing actions (e.g. producing outputs) scheduled for execution at times [11.0]
WARNING: Invoking send() too late (probably in a callback), so WebSocketServer is not able to send the token {socketID = 0, status = "closed"} to the output connection. Token is discarded.
WARNING: Invoking send() too late (probably in a callback), so WebSocketServer is not able to send the token {socketID = 0, status = "closed"} to the output connection. Token is discarded.
[atomic-processor-1] INFO com.github.sarxos.webcam.ds.cgt.WebcamOpenTask - Opening webcam Dummy Webcam 0
[atomic-processor-1] INFO com.github.sarxos.webcam.ds.cgt.WebcamCloseTask - Closing Dummy Webcam 0
WARNING: Camera: Model stopped before executing actions (e.g. producing outputs) scheduled for execution at times [26.12]
JavaScript: Connection failed after 11 tries: Connection refused: localhost/127.0.0.1:8080/nConnection refused
WARNING: TestSpontaneous: Model stopped before executing actions (e.g. producing outputs) scheduled for execution at times [24.0]
WARNING: Invoking send() too late (probably in a callback), so WebSocketServer is not able to send the token {socketID = 0, status = "closed"} to the output connection. Token is discarded.
WARNING: Invoking send() too late (probably in a callback), so WebSocketServer is not able to send the token {socketID = 0, status = "closed"} to the output connection. Token is discarded.
[atomic-processor-1] INFO com.github.sarxos.webcam.ds.cgt.WebcamOpenTask - Opening webcam Dummy Webcam 0
[atomic-processor-1] INFO com.github.sarxos.webcam.ds.cgt.WebcamCloseTask - Closing Dummy Webcam 0
WARNING: TestSpontaneous: Model stopped before executing actions (e.g. producing outputs) scheduled for execution at times [12.5]
Warning: Running an XSLT 1.0 stylesheet with an XSLT 2.0 processor
Warning: Running an XSLT 1.0 stylesheet with an XSLT 2.0 processor
Warning: Running an XSLT 1.0 stylesheet with an XSLT 2.0 processor
ptolemy.kernel.util.IllegalActionException: Failed to process attribute change to PtalonParameter, whose value is "ptolemy.actor.ptalon.PtalonExpressionParameter {.SendAndReceiveCnt.SendAndReceiveCnt.channelName} "AtomicWirelessChannel"".
  in .SendAndReceiveCnt.SendAndReceiveCnt
Because:
Unable to add actor null
	at ptolemy.actor.ptalon.PtalonActor.attributeChanged(PtalonActor.java:211)
	at ptolemy.actor.ptalon.PtalonMLHandler.startElement(PtalonMLHandler.java:134)
	at com.microstar.xml.XmlParser.parseElement(XmlParser.java:921)
	at com.microstar.xml.XmlParser.parseContent(XmlParser.java:1104)
	at com.microstar.xml.XmlParser.parseElement(XmlParser.java:924)
	at com.microstar.xml.XmlParser.parseDocument(XmlParser.java:481)
	at com.microstar.xml.XmlParser.doParse(XmlParser.java:159)
	at com.microstar.xml.XmlParser.parse(XmlParser.java:132)
	at ptolemy.actor.ptalon.PtalonActor.configure(PtalonActor.java:240)
	at ptolemy.moml.MoMLParser.endElement(MoMLParser.java:996)
	at com.microstar.xml.XmlParser.parseETag(XmlParser.java:1026)
	at com.microstar.xml.XmlParser.parseContent(XmlParser.java:1098)
	at com.microstar.xml.XmlParser.parseElement(XmlParser.java:924)
	at com.microstar.xml.XmlParser.parseContent(XmlParser.java:1104)
	at com.microstar.xml.XmlParser.parseElement(XmlParser.java:924)
	at com.microstar.xml.XmlParser.parseContent(XmlParser.java:1104)
	at com.microstar.xml.XmlParser.parseElement(XmlParser.java:924)
	at com.microstar.xml.XmlParser.parseDocument(XmlParser.java:481)
	at com.microstar.xml.XmlParser.doParse(XmlParser.java:159)
	at com.microstar.xml.XmlParser.parse(XmlParser.java:132)
	at ptolemy.moml.MoMLParser.parse(MoMLParser.java:1676)
	at ptolemy.moml.MoMLParser.parse(MoMLParser.java:1595)
	at ptolemy.moml.MoMLParser.parse(MoMLParser.java:1537)
	at ptolemy.actor.gui.PtolemyEffigy$Factory.createEffigy(PtolemyEffigy.java:424)
	at ptolemy.actor.gui.EffigyFactory.createEffigy(EffigyFactory.java:234)
	at ptolemy.actor.gui.Configuration.openModel(Configuration.java:1125)
	at ptolemy.actor.gui.Configuration.openModel(Configuration.java:1051)
	at ptolemy.actor.gui.ConfigurationApplication._openModel(ConfigurationApplication.java:1252)
	at ptolemy.actor.gui.ConfigurationApplication._parseArg(ConfigurationApplication.java:1399)
	at ptolemy.actor.gui.ConfigurationApplication._parseArgs(ConfigurationApplication.java:1478)
	at ptolemy.actor.gui.ConfigurationApplication.<init>(ConfigurationApplication.java:277)
	at ptolemy.actor.gui.ConfigurationApplication.<init>(ConfigurationApplication.java:214)
	at ptolemy.actor.gui.ConfigurationApplication.<init>(ConfigurationApplication.java:201)
	at ptolemy.actor.gui.ConfigurationApplication.openModelOrEntity(ConfigurationApplication.java:680)
	at ptolemy.vergil.basic.export.ExportModel$1.run(ExportModel.java:220)
	at java.awt.event.InvocationEvent.dispatch(InvocationEvent.java:301)
	at java.awt.EventQueue.dispatchEventImpl(EventQueue.java:756)
	at java.awt.EventQueue.access$500(EventQueue.java:97)
	at java.awt.EventQueue$3.run(EventQueue.java:709)
	at java.awt.EventQueue$3.run(EventQueue.java:703)
	at java.security.AccessController.doPrivileged(Native Method)
	at java.security.ProtectionDomain$JavaSecurityAccessImpl.doIntersectionPrivilege(ProtectionDomain.java:80)
	at java.awt.EventQueue.dispatchEvent(EventQueue.java:726)
	at java.awt.EventDispatchThread.pumpOneEventForFilters(EventDispatchThread.java:201)
	at java.awt.EventDispatchThread.pumpEventsForFilter(EventDispatchThread.java:116)
	at java.awt.EventDispatchThread.pumpEventsForHierarchy(EventDispatchThread.java:105)
	at java.awt.EventDispatchThread.pumpEvents(EventDispatchThread.java:101)
	at java.awt.EventDispatchThread.pumpEvents(EventDispatchThread.java:93)
	at java.awt.EventDispatchThread.run(EventDispatchThread.java:82)
Caused by: ptolemy.actor.ptalon.PtalonRuntimeException: Unable to add actor null
	at ptolemy.actor.ptalon.PtalonEvaluator.addActor(PtalonEvaluator.java:300)
	at ptolemy.actor.ptalon.PtalonPopulator.actor_declaration(PtalonPopulator.java:1574)
	at ptolemy.actor.ptalon.PtalonPopulator.atomic_statement(PtalonPopulator.java:1638)
	at ptolemy.actor.ptalon.PtalonPopulator.iterative_statement_evaluator(PtalonPopulator.java:2484)
	at ptolemy.actor.ptalon.AbstractPtalonEvaluator$IfTree.evaluateForScope(AbstractPtalonEvaluator.java:1307)
	at ptolemy.actor.ptalon.AbstractPtalonEvaluator.evaluateForScope(AbstractPtalonEvaluator.java:744)
	at ptolemy.actor.ptalon.PtalonPopulator.iterative_statement(PtalonPopulator.java:2363)
	at ptolemy.actor.ptalon.PtalonPopulator.actor_definition(PtalonPopulator.java:2809)
	at ptolemy.actor.ptalon.PtalonActor.attributeChanged(PtalonActor.java:206)
	... 48 more
Caused by: ptolemy.kernel.util.InternalErrorException: Element <entity name="sender1" class="ptolemy.actor.ptalon.demo.ptinyos.SendAndReceiveCnt.CntToLedsAndRfm"> caused an exception to be thrown.
  in .SendAndReceiveCnt.SendAndReceiveCnt
Because:
Cannot find class: ptolemy.actor.ptalon.demo.ptinyos.SendAndReceiveCnt.CntToLedsAndRfm. In Ptolemy, classes are typically Java .class files. Entities like actors may instead be defined within a .xml file.  In any case, the class was not found. If the class uses a third party package, then the class would be present only if the third party package was found at compile time.  It may be necessary to upgrade Java or install the third party package, reconfigure and recompile.
Because:
Element <entity name="MicaLeds" class="ptolemy.domains.ptinyos.lib.MicaLeds"> caused an exception to be thrown.
  in .CntToLedsAndRfm
Because:
Cannot find class: ptolemy.domains.ptinyos.lib.MicaLeds. In Ptolemy, classes are typically Java .class files. Entities like actors may instead be defined within a .xml file.  In any case, the class was not found. If the class uses a third party package, then the class would be present only if the third party package was found at compile time.  It may be necessary to upgrade Java or install the third party package, reconfigure and recompile.
Because:
-- /home/travis/build/icyphy/ptII/ptolemy/actor/ptalon/demo/ptinyos/SendAndReceiveCnt/ptolemy/domains/ptinyos/lib/MicaLeds.xml (No such file or directory)
-- XML file not found relative to classpath.
-- /home/travis/build/icyphy/ptII/ptolemy/vergil/basic/export/test/ptolemy/domains/ptinyos/lib/MicaLeds.xml
/home/travis/build/icyphy/ptII/ptolemy/vergil/basic/export/test/ptolemy/domains/ptinyos/lib/MicaLeds.xml (No such file or directory)
 in file:/home/travis/build/icyphy/ptII/ptolemy/actor/ptalon/demo/ptinyos/SendAndReceiveCnt/CntToLedsAndRfm.xml at line 132 and column 63
	at ptolemy.moml.SimpleErrorHandler.handleError(SimpleErrorHandler.java:75)
	at ptolemy.moml.MoMLParser.startElement(MoMLParser.java:3805)
	at com.microstar.xml.XmlParser.parseElement(XmlParser.java:931)
	at com.microstar.xml.XmlParser.parseDocument(XmlParser.java:481)
	at com.microstar.xml.XmlParser.doParse(XmlParser.java:159)
	at com.microstar.xml.XmlParser.parse(XmlParser.java:132)
	at ptolemy.moml.MoMLParser.parse(MoMLParser.java:1660)
	at ptolemy.moml.MoMLParser.parse(MoMLParser.java:1617)
	at ptolemy.moml.MoMLParser.parse(MoMLParser.java:1792)
	at ptolemy.actor.ptalon.PtalonEvaluator.addActor(PtalonEvaluator.java:241)
	... 56 more
Caused by: ptolemy.kernel.util.IllegalActionException: Cannot find class: ptolemy.actor.ptalon.demo.ptinyos.SendAndReceiveCnt.CntToLedsAndRfm. In Ptolemy, classes are typically Java .class files. Entities like actors may instead be defined within a .xml file.  In any case, the class was not found. If the class uses a third party package, then the class would be present only if the third party package was found at compile time.  It may be necessary to upgrade Java or install the third party package, reconfigure and recompile.
Because:
Element <entity name="MicaLeds" class="ptolemy.domains.ptinyos.lib.MicaLeds"> caused an exception to be thrown.
  in .CntToLedsAndRfm
Because:
Cannot find class: ptolemy.domains.ptinyos.lib.MicaLeds. In Ptolemy, classes are typically Java .class files. Entities like actors may instead be defined within a .xml file.  In any case, the class was not found. If the class uses a third party package, then the class would be present only if the third party package was found at compile time.  It may be necessary to upgrade Java or install the third party package, reconfigure and recompile.
Because:
-- /home/travis/build/icyphy/ptII/ptolemy/actor/ptalon/demo/ptinyos/SendAndReceiveCnt/ptolemy/domains/ptinyos/lib/MicaLeds.xml (No such file or directory)
-- XML file not found relative to classpath.
-- /home/travis/build/icyphy/ptII/ptolemy/vergil/basic/export/test/ptolemy/domains/ptinyos/lib/MicaLeds.xml
/home/travis/build/icyphy/ptII/ptolemy/vergil/basic/export/test/ptolemy/domains/ptinyos/lib/MicaLeds.xml (No such file or directory)
 in file:/home/travis/build/icyphy/ptII/ptolemy/actor/ptalon/demo/ptinyos/SendAndReceiveCnt/CntToLedsAndRfm.xml at line 132 and column 63
	at ptolemy.moml.MoMLParser._createEntity(MoMLParser.java:4330)
	at ptolemy.moml.MoMLParser.startElement(MoMLParser.java:2864)
	... 64 more
Caused by: ptolemy.kernel.util.InternalErrorException: Element <entity name="MicaLeds" class="ptolemy.domains.ptinyos.lib.MicaLeds"> caused an exception to be thrown.
  in .CntToLedsAndRfm
Because:
Cannot find class: ptolemy.domains.ptinyos.lib.MicaLeds. In Ptolemy, classes are typically Java .class files. Entities like actors may instead be defined within a .xml file.  In any case, the class was not found. If the class uses a third party package, then the class would be present only if the third party package was found at compile time.  It may be necessary to upgrade Java or install the third party package, reconfigure and recompile.
Because:
-- /home/travis/build/icyphy/ptII/ptolemy/actor/ptalon/demo/ptinyos/SendAndReceiveCnt/ptolemy/domains/ptinyos/lib/MicaLeds.xml (No such file or directory)
-- XML file not found relative to classpath.
-- /home/travis/build/icyphy/ptII/ptolemy/vergil/basic/export/test/ptolemy/domains/ptinyos/lib/MicaLeds.xml
/home/travis/build/icyphy/ptII/ptolemy/vergil/basic/export/test/ptolemy/domains/ptinyos/lib/MicaLeds.xml (No such file or directory)
 in file:/home/travis/build/icyphy/ptII/ptolemy/actor/ptalon/demo/ptinyos/SendAndReceiveCnt/CntToLedsAndRfm.xml at line 132 and column 63
	at ptolemy.moml.SimpleErrorHandler.handleError(SimpleErrorHandler.java:75)
	at ptolemy.moml.MoMLParser.startElement(MoMLParser.java:3805)
	at com.microstar.xml.XmlParser.parseElement(XmlParser.java:921)
	at com.microstar.xml.XmlParser.parseContent(XmlParser.java:1104)
	at com.microstar.xml.XmlParser.parseElement(XmlParser.java:924)
	at com.microstar.xml.XmlParser.parseDocument(XmlParser.java:481)
	at com.microstar.xml.XmlParser.doParse(XmlParser.java:159)
	at com.microstar.xml.XmlParser.parse(XmlParser.java:132)
	at ptolemy.moml.MoMLParser.parse(MoMLParser.java:1676)
	at ptolemy.moml.MoMLParser.parse(MoMLParser.java:1595)
	at ptolemy.moml.MoMLParser.parse(MoMLParser.java:1537)
	at ptolemy.moml.MoMLParser._findOrParse(MoMLParser.java:5286)
	at ptolemy.moml.MoMLParser._attemptToFindMoMLClass(MoMLParser.java:4075)
	at ptolemy.moml.MoMLParser._createEntity(MoMLParser.java:4323)
	... 65 more
Caused by: ptolemy.kernel.util.IllegalActionException: Cannot find class: ptolemy.domains.ptinyos.lib.MicaLeds. In Ptolemy, classes are typically Java .class files. Entities like actors may instead be defined within a .xml file.  In any case, the class was not found. If the class uses a third party package, then the class would be present only if the third party package was found at compile time.  It may be necessary to upgrade Java or install the third party package, reconfigure and recompile.
Because:
-- /home/travis/build/icyphy/ptII/ptolemy/actor/ptalon/demo/ptinyos/SendAndReceiveCnt/ptolemy/domains/ptinyos/lib/MicaLeds.xml (No such file or directory)
-- XML file not found relative to classpath.
-- /home/travis/build/icyphy/ptII/ptolemy/vergil/basic/export/test/ptolemy/domains/ptinyos/lib/MicaLeds.xml
/home/travis/build/icyphy/ptII/ptolemy/vergil/basic/export/test/ptolemy/domains/ptinyos/lib/MicaLeds.xml (No such file or directory)
 in file:/home/travis/build/icyphy/ptII/ptolemy/actor/ptalon/demo/ptinyos/SendAndReceiveCnt/CntToLedsAndRfm.xml at line 132 and column 63
	at ptolemy.moml.MoMLParser._createEntity(MoMLParser.java:4330)
	at ptolemy.moml.MoMLParser.startElement(MoMLParser.java:2864)
	... 77 more
Caused by: com.microstar.xml.XmlException: -- /home/travis/build/icyphy/ptII/ptolemy/actor/ptalon/demo/ptinyos/SendAndReceiveCnt/ptolemy/domains/ptinyos/lib/MicaLeds.xml (No such file or directory)
-- XML file not found relative to classpath.
-- /home/travis/build/icyphy/ptII/ptolemy/vergil/basic/export/test/ptolemy/domains/ptinyos/lib/MicaLeds.xml
/home/travis/build/icyphy/ptII/ptolemy/vergil/basic/export/test/ptolemy/domains/ptinyos/lib/MicaLeds.xml (No such file or directory)
 in file:/home/travis/build/icyphy/ptII/ptolemy/actor/ptalon/demo/ptinyos/SendAndReceiveCnt/CntToLedsAndRfm.xml at line 132 and column 63
	at ptolemy.moml.MoMLParser.fileNameToURL(MoMLParser.java:1414)
	at ptolemy.moml.MoMLParser._findOrParse(MoMLParser.java:5283)
	at ptolemy.moml.MoMLParser._attemptToFindMoMLClass(MoMLParser.java:4075)
	at ptolemy.moml.MoMLParser._createEntity(MoMLParser.java:4323)
	... 78 more
Caused by: ptolemy.actor.ptalon.PtalonRuntimeException: Unable to add actor null
	at ptolemy.actor.ptalon.PtalonEvaluator.addActor(PtalonEvaluator.java:300)
	at ptolemy.actor.ptalon.PtalonPopulator.actor_declaration(PtalonPopulator.java:1574)
	at ptolemy.actor.ptalon.PtalonPopulator.atomic_statement(PtalonPopulator.java:1638)
	at ptolemy.actor.ptalon.PtalonPopulator.iterative_statement_evaluator(PtalonPopulator.java:2484)
	at ptolemy.actor.ptalon.AbstractPtalonEvaluator$IfTree.evaluateForScope(AbstractPtalonEvaluator.java:1307)
	at ptolemy.actor.ptalon.AbstractPtalonEvaluator.evaluateForScope(AbstractPtalonEvaluator.java:744)
	at ptolemy.actor.ptalon.PtalonPopulator.iterative_statement(PtalonPopulator.java:2363)
	at ptolemy.actor.ptalon.PtalonPopulator.actor_definition(PtalonPopulator.java:2809)
	at ptolemy.actor.ptalon.PtalonActor.attributeChanged(PtalonActor.java:206)
	at ptolemy.actor.ptalon.PtalonMLHandler.startElement(PtalonMLHandler.java:134)
	at com.microstar.xml.XmlParser.parseElement(XmlParser.java:921)
	at com.microstar.xml.XmlParser.parseContent(XmlParser.java:1104)
	at com.microstar.xml.XmlParser.parseElement(XmlParser.java:924)
	at com.microstar.xml.XmlParser.parseDocument(XmlParser.java:481)
	at com.microstar.xml.XmlParser.doParse(XmlParser.java:159)
	at com.microstar.xml.XmlParser.parse(XmlParser.java:132)
	at ptolemy.actor.ptalon.PtalonActor.configure(PtalonActor.java:240)
	at ptolemy.moml.MoMLParser.endElement(MoMLParser.java:996)
	at com.microstar.xml.XmlParser.parseETag(XmlParser.java:1026)
	at com.microstar.xml.XmlParser.parseContent(XmlParser.java:1098)
	at com.microstar.xml.XmlParser.parseElement(XmlParser.java:924)
	at com.microstar.xml.XmlParser.parseContent(XmlParser.java:1104)
	at com.microstar.xml.XmlParser.parseElement(XmlParser.java:924)
	at com.microstar.xml.XmlParser.parseContent(XmlParser.java:1104)
	at com.microstar.xml.XmlParser.parseElement(XmlParser.java:924)
	at com.microstar.xml.XmlParser.parseDocument(XmlParser.java:481)
	at com.microstar.xml.XmlParser.doParse(XmlParser.java:159)
	at com.microstar.xml.XmlParser.parse(XmlParser.java:132)
	at ptolemy.moml.MoMLParser.parse(MoMLParser.java:1676)
	at ptolemy.moml.MoMLParser.parse(MoMLParser.java:1595)
	at ptolemy.moml.MoMLParser.parse(MoMLParser.java:1537)
	at ptolemy.actor.gui.PtolemyEffigy$Factory.createEffigy(PtolemyEffigy.java:424)
	at ptolemy.actor.gui.EffigyFactory.createEffigy(EffigyFactory.java:234)
	at ptolemy.actor.gui.Configuration.openModel(Configuration.java:1125)
	at ptolemy.actor.gui.Configuration.openModel(Configuration.java:1051)
	at ptolemy.actor.gui.ConfigurationApplication._openModel(ConfigurationApplication.java:1252)
	at ptolemy.actor.gui.ConfigurationApplication._parseArg(ConfigurationApplication.java:1399)
	at ptolemy.actor.gui.ConfigurationApplication._parseArgs(ConfigurationApplication.java:1478)
	at ptolemy.actor.gui.ConfigurationApplication.<init>(ConfigurationApplication.java:277)
	at ptolemy.actor.gui.ConfigurationApplication.<init>(ConfigurationApplication.java:214)
	at ptolemy.actor.gui.ConfigurationApplication.<init>(ConfigurationApplication.java:201)
	at ptolemy.actor.gui.ConfigurationApplication.openModelOrEntity(ConfigurationApplication.java:680)
	at ptolemy.vergil.basic.export.ExportModel$1.run(ExportModel.java:220)
	at java.awt.event.InvocationEvent.dispatch(InvocationEvent.java:301)
	at java.awt.EventQueue.dispatchEventImpl(EventQueue.java:756)
	at java.awt.EventQueue.access$500(EventQueue.java:97)
	at java.awt.EventQueue$3.run(EventQueue.java:709)
	at java.awt.EventQueue$3.run(EventQueue.java:703)
	at java.security.AccessController.doPrivileged(Native Method)
	at java.security.ProtectionDomain$JavaSecurityAccessImpl.doIntersectionPrivilege(ProtectionDomain.java:80)
	at java.awt.EventQueue.dispatchEvent(EventQueue.java:726)
	at java.awt.EventDispatchThread.pumpOneEventForFilters(EventDispatchThread.java:201)
	at java.awt.EventDispatchThread.pumpEventsForFilter(EventDispatchThread.java:116)
	at java.awt.EventDispatchThread.pumpEventsForHierarchy(EventDispatchThread.java:105)
	at java.awt.EventDispatchThread.pumpEvents(EventDispatchThread.java:101)
	at java.awt.EventDispatchThread.pumpEvents(EventDispatchThread.java:93)
	at java.awt.EventDispatchThread.run(EventDispatchThread.java:82)
Caused by: ptolemy.kernel.util.InternalErrorException: Element <entity name="sender1" class="ptolemy.actor.ptalon.demo.ptinyos.SendAndReceiveCnt.CntToLedsAndRfm"> caused an exception to be thrown.
  in .SendAndReceiveCnt.SendAndReceiveCnt
Because:
Cannot find class: ptolemy.actor.ptalon.demo.ptinyos.SendAndReceiveCnt.CntToLedsAndRfm. In Ptolemy, classes are typically Java .class files. Entities like actors may instead be defined within a .xml file.  In any case, the class was not found. If the class uses a third party package, then the class would be present only if the third party package was found at compile time.  It may be necessary to upgrade Java or install the third party package, reconfigure and recompile.
Because:
Element <entity name="MicaLeds" class="ptolemy.domains.ptinyos.lib.MicaLeds"> caused an exception to be thrown.
  in .CntToLedsAndRfm
Because:
Cannot find class: ptolemy.domains.ptinyos.lib.MicaLeds. In Ptolemy, classes are typically Java .class files. Entities like actors may instead be defined within a .xml file.  In any case, the class was not found. If the class uses a third party package, then the class would be present only if the third party package was found at compile time.  It may be necessary to upgrade Java or install the third party package, reconfigure and recompile.
Because:
-- /home/travis/build/icyphy/ptII/ptolemy/actor/ptalon/demo/ptinyos/SendAndReceiveCnt/ptolemy/domains/ptinyos/lib/MicaLeds.xml (No such file or directory)
-- XML file not found relative to classpath.
-- /home/travis/build/icyphy/ptII/ptolemy/vergil/basic/export/test/ptolemy/domains/ptinyos/lib/MicaLeds.xml
/home/travis/build/icyphy/ptII/ptolemy/vergil/basic/export/test/ptolemy/domains/ptinyos/lib/MicaLeds.xml (No such file or directory)
 in file:/home/travis/build/icyphy/ptII/ptolemy/actor/ptalon/demo/ptinyos/SendAndReceiveCnt/CntToLedsAndRfm.xml at line 132 and column 63
	at ptolemy.moml.SimpleErrorHandler.handleError(SimpleErrorHandler.java:75)
	at ptolemy.moml.MoMLParser.startElement(MoMLParser.java:3805)
	at com.microstar.xml.XmlParser.parseElement(XmlParser.java:931)
	at com.microstar.xml.XmlParser.parseDocument(XmlParser.java:481)
	at com.microstar.xml.XmlParser.doParse(XmlParser.java:159)
	at com.microstar.xml.XmlParser.parse(XmlParser.java:132)
	at ptolemy.moml.MoMLParser.parse(MoMLParser.java:1660)
	at ptolemy.moml.MoMLParser.parse(MoMLParser.java:1617)
	at ptolemy.moml.MoMLParser.parse(MoMLParser.java:1792)
	at ptolemy.actor.ptalon.PtalonEvaluator.addActor(PtalonEvaluator.java:241)
	... 56 more
Caused by: ptolemy.kernel.util.IllegalActionException: Cannot find class: ptolemy.actor.ptalon.demo.ptinyos.SendAndReceiveCnt.CntToLedsAndRfm. In Ptolemy, classes are typically Java .class files. Entities like actors may instead be defined within a .xml file.  In any case, the class was not found. If the class uses a third party package, then the class would be present only if the third party package was found at compile time.  It may be necessary to upgrade Java or install the third party package, reconfigure and recompile.
Because:
Element <entity name="MicaLeds" class="ptolemy.domains.ptinyos.lib.MicaLeds"> caused an exception to be thrown.
  in .CntToLedsAndRfm
Because:
Cannot find class: ptolemy.domains.ptinyos.lib.MicaLeds. In Ptolemy, classes are typically Java .class files. Entities like actors may instead be defined within a .xml file.  In any case, the class was not found. If the class uses a third party package, then the class would be present only if the third party package was found at compile time.  It may be necessary to upgrade Java or install the third party package, reconfigure and recompile.
Because:
-- /home/travis/build/icyphy/ptII/ptolemy/actor/ptalon/demo/ptinyos/SendAndReceiveCnt/ptolemy/domains/ptinyos/lib/MicaLeds.xml (No such file or directory)
-- XML file not found relative to classpath.
-- /home/travis/build/icyphy/ptII/ptolemy/vergil/basic/export/test/ptolemy/domains/ptinyos/lib/MicaLeds.xml
/home/travis/build/icyphy/ptII/ptolemy/vergil/basic/export/test/ptolemy/domains/ptinyos/lib/MicaLeds.xml (No such file or directory)
 in file:/home/travis/build/icyphy/ptII/ptolemy/actor/ptalon/demo/ptinyos/SendAndReceiveCnt/CntToLedsAndRfm.xml at line 132 and column 63
	at ptolemy.moml.MoMLParser._createEntity(MoMLParser.java:4330)
	at ptolemy.moml.MoMLParser.startElement(MoMLParser.java:2864)
	... 64 more
Caused by: ptolemy.kernel.util.InternalErrorException: Element <entity name="MicaLeds" class="ptolemy.domains.ptinyos.lib.MicaLeds"> caused an exception to be thrown.
  in .CntToLedsAndRfm
Because:
Cannot find class: ptolemy.domains.ptinyos.lib.MicaLeds. In Ptolemy, classes are typically Java .class files. Entities like actors may instead be defined within a .xml file.  In any case, the class was not found. If the class uses a third party package, then the class would be present only if the third party package was found at compile time.  It may be necessary to upgrade Java or install the third party package, reconfigure and recompile.
Because:
-- /home/travis/build/icyphy/ptII/ptolemy/actor/ptalon/demo/ptinyos/SendAndReceiveCnt/ptolemy/domains/ptinyos/lib/MicaLeds.xml (No such file or directory)
-- XML file not found relative to classpath.
-- /home/travis/build/icyphy/ptII/ptolemy/vergil/basic/export/test/ptolemy/domains/ptinyos/lib/MicaLeds.xml
/home/travis/build/icyphy/ptII/ptolemy/vergil/basic/export/test/ptolemy/domains/ptinyos/lib/MicaLeds.xml (No such file or directory)
 in file:/home/travis/build/icyphy/ptII/ptolemy/actor/ptalon/demo/ptinyos/SendAndReceiveCnt/CntToLedsAndRfm.xml at line 132 and column 63
	at ptolemy.moml.SimpleErrorHandler.handleError(SimpleErrorHandler.java:75)
	at ptolemy.moml.MoMLParser.startElement(MoMLParser.java:3805)
	at com.microstar.xml.XmlParser.parseElement(XmlParser.java:921)
	at com.microstar.xml.XmlParser.parseContent(XmlParser.java:1104)
	at com.microstar.xml.XmlParser.parseElement(XmlParser.java:924)
	at com.microstar.xml.XmlParser.parseDocument(XmlParser.java:481)
	at com.microstar.xml.XmlParser.doParse(XmlParser.java:159)
	at com.microstar.xml.XmlParser.parse(XmlParser.java:132)
	at ptolemy.moml.MoMLParser.parse(MoMLParser.java:1676)
	at ptolemy.moml.MoMLParser.parse(MoMLParser.java:1595)
	at ptolemy.moml.MoMLParser.parse(MoMLParser.java:1537)
	at ptolemy.moml.MoMLParser._findOrParse(MoMLParser.java:5286)
	at ptolemy.moml.MoMLParser._attemptToFindMoMLClass(MoMLParser.java:4075)
	at ptolemy.moml.MoMLParser._createEntity(MoMLParser.java:4323)
	... 65 more
Caused by: ptolemy.kernel.util.IllegalActionException: Cannot find class: ptolemy.domains.ptinyos.lib.MicaLeds. In Ptolemy, classes are typically Java .class files. Entities like actors may instead be defined within a .xml file.  In any case, the class was not found. If the class uses a third party package, then the class would be present only if the third party package was found at compile time.  It may be necessary to upgrade Java or install the third party package, reconfigure and recompile.
Because:
-- /home/travis/build/icyphy/ptII/ptolemy/actor/ptalon/demo/ptinyos/SendAndReceiveCnt/ptolemy/domains/ptinyos/lib/MicaLeds.xml (No such file or directory)
-- XML file not found relative to classpath.
-- /home/travis/build/icyphy/ptII/ptolemy/vergil/basic/export/test/ptolemy/domains/ptinyos/lib/MicaLeds.xml
/home/travis/build/icyphy/ptII/ptolemy/vergil/basic/export/test/ptolemy/domains/ptinyos/lib/MicaLeds.xml (No such file or directory)
 in file:/home/travis/build/icyphy/ptII/ptolemy/actor/ptalon/demo/ptinyos/SendAndReceiveCnt/CntToLedsAndRfm.xml at line 132 and column 63
	at ptolemy.moml.MoMLParser._createEntity(MoMLParser.java:4330)
	at ptolemy.moml.MoMLParser.startElement(MoMLParser.java:2864)
	... 77 more
Caused by: com.microstar.xml.XmlException: -- /home/travis/build/icyphy/ptII/ptolemy/actor/ptalon/demo/ptinyos/SendAndReceiveCnt/ptolemy/domains/ptinyos/lib/MicaLeds.xml (No such file or directory)
-- XML file not found relative to classpath.
-- /home/travis/build/icyphy/ptII/ptolemy/vergil/basic/export/test/ptolemy/domains/ptinyos/lib/MicaLeds.xml
/home/travis/build/icyphy/ptII/ptolemy/vergil/basic/export/test/ptolemy/domains/ptinyos/lib/MicaLeds.xml (No such file or directory)
 in file:/home/travis/build/icyphy/ptII/ptolemy/actor/ptalon/demo/ptinyos/SendAndReceiveCnt/CntToLedsAndRfm.xml at line 132 and column 63
	at ptolemy.moml.MoMLParser.fileNameToURL(MoMLParser.java:1414)
	at ptolemy.moml.MoMLParser._findOrParse(MoMLParser.java:5283)
	at ptolemy.moml.MoMLParser._attemptToFindMoMLClass(MoMLParser.java:4075)
	at ptolemy.moml.MoMLParser._createEntity(MoMLParser.java:4323)
	... 78 more
Failed to read file:/home/travis/build/icyphy/ptII/ptolemy/actor/ptalon/demo/ptinyos/SendAndReceiveCnt/SendAndReceiveCnt.xml
ptolemy.kernel.util.IllegalActionException: Failed to process attribute change to PtalonParameter, whose value is "ptolemy.actor.ptalon.PtalonExpressionParameter {.SendAndReceiveCnt.SendAndReceiveCnt.channelName} "AtomicWirelessChannel"".
  in .SendAndReceiveCnt.SendAndReceiveCnt
Because:
Unable to add actor null
	at ptolemy.actor.ptalon.PtalonActor.attributeChanged(PtalonActor.java:211)
	at ptolemy.actor.ptalon.PtalonMLHandler.startElement(PtalonMLHandler.java:134)
	at com.microstar.xml.XmlParser.parseElement(XmlParser.java:921)
	at com.microstar.xml.XmlParser.parseContent(XmlParser.java:1104)
	at com.microstar.xml.XmlParser.parseElement(XmlParser.java:924)
	at com.microstar.xml.XmlParser.parseDocument(XmlParser.java:481)
	at com.microstar.xml.XmlParser.doParse(XmlParser.java:159)
	at com.microstar.xml.XmlParser.parse(XmlParser.java:132)
	at ptolemy.actor.ptalon.PtalonActor.configure(PtalonActor.java:240)
	at ptolemy.moml.MoMLParser.endElement(MoMLParser.java:996)
	at com.microstar.xml.XmlParser.parseETag(XmlParser.java:1026)
	at com.microstar.xml.XmlParser.parseContent(XmlParser.java:1098)
	at com.microstar.xml.XmlParser.parseElement(XmlParser.java:924)
	at com.microstar.xml.XmlParser.parseContent(XmlParser.java:1104)
	at com.microstar.xml.XmlParser.parseElement(XmlParser.java:924)
	at com.microstar.xml.XmlParser.parseContent(XmlParser.java:1104)
	at com.microstar.xml.XmlParser.parseElement(XmlParser.java:924)
	at com.microstar.xml.XmlParser.parseDocument(XmlParser.java:481)
	at com.microstar.xml.XmlParser.doParse(XmlParser.java:159)
	at com.microstar.xml.XmlParser.parse(XmlParser.java:132)
	at ptolemy.moml.MoMLParser.parse(MoMLParser.java:1676)
	at ptolemy.moml.MoMLParser.parse(MoMLParser.java:1595)
	at ptolemy.moml.MoMLParser.parse(MoMLParser.java:1537)
	at ptolemy.actor.gui.PtolemyEffigy$Factory.createEffigy(PtolemyEffigy.java:424)
	at ptolemy.actor.gui.EffigyFactory.createEffigy(EffigyFactory.java:234)
	at ptolemy.actor.gui.Configuration.openModel(Configuration.java:1125)
	at ptolemy.actor.gui.Configuration.openModel(Configuration.java:1051)
	at ptolemy.actor.gui.ConfigurationApplication._openModel(ConfigurationApplication.java:1252)
	at ptolemy.actor.gui.ConfigurationApplication._parseArg(ConfigurationApplication.java:1399)
	at ptolemy.actor.gui.ConfigurationApplication._parseArgs(ConfigurationApplication.java:1478)
	at ptolemy.actor.gui.ConfigurationApplication.<init>(ConfigurationApplication.java:277)
	at ptolemy.actor.gui.ConfigurationApplication.<init>(ConfigurationApplication.java:214)
	at ptolemy.actor.gui.ConfigurationApplication.<init>(ConfigurationApplication.java:201)
	at ptolemy.actor.gui.ConfigurationApplication.openModelOrEntity(ConfigurationApplication.java:680)
	at ptolemy.vergil.basic.export.ExportModel$1.run(ExportModel.java:220)
	at java.awt.event.InvocationEvent.dispatch(InvocationEvent.java:301)
	at java.awt.EventQueue.dispatchEventImpl(EventQueue.java:756)
	at java.awt.EventQueue.access$500(EventQueue.java:97)
	at java.awt.EventQueue$3.run(EventQueue.java:709)
	at java.awt.EventQueue$3.run(EventQueue.java:703)
	at java.security.AccessController.doPrivileged(Native Method)
	at java.security.ProtectionDomain$JavaSecurityAccessImpl.doIntersectionPrivilege(ProtectionDomain.java:80)
	at java.awt.EventQueue.dispatchEvent(EventQueue.java:726)
	at java.awt.EventDispatchThread.pumpOneEventForFilters(EventDispatchThread.java:201)
	at java.awt.EventDispatchThread.pumpEventsForFilter(EventDispatchThread.java:116)
	at java.awt.EventDispatchThread.pumpEventsForHierarchy(EventDispatchThread.java:105)
	at java.awt.EventDispatchThread.pumpEvents(EventDispatchThread.java:101)
	at java.awt.EventDispatchThread.pumpEvents(EventDispatchThread.java:93)
	at java.awt.EventDispatchThread.run(EventDispatchThread.java:82)
Caused by: ptolemy.actor.ptalon.PtalonRuntimeException: Unable to add actor null
	at ptolemy.actor.ptalon.PtalonEvaluator.addActor(PtalonEvaluator.java:300)
	at ptolemy.actor.ptalon.PtalonPopulator.actor_declaration(PtalonPopulator.java:1574)
	at ptolemy.actor.ptalon.PtalonPopulator.atomic_statement(PtalonPopulator.java:1638)
	at ptolemy.actor.ptalon.PtalonPopulator.iterative_statement_evaluator(PtalonPopulator.java:2484)
	at ptolemy.actor.ptalon.AbstractPtalonEvaluator$IfTree.evaluateForScope(AbstractPtalonEvaluator.java:1307)
	at ptolemy.actor.ptalon.AbstractPtalonEvaluator.evaluateForScope(AbstractPtalonEvaluator.java:744)
	at ptolemy.actor.ptalon.PtalonPopulator.iterative_statement(PtalonPopulator.java:2363)
	at ptolemy.actor.ptalon.PtalonPopulator.actor_definition(PtalonPopulator.java:2809)
	at ptolemy.actor.ptalon.PtalonActor.attributeChanged(PtalonActor.java:206)
	... 48 more
Caused by: ptolemy.kernel.util.InternalErrorException: Element <entity name="sender1" class="ptolemy.actor.ptalon.demo.ptinyos.SendAndReceiveCnt.CntToLedsAndRfm"> caused an exception to be thrown.
  in .SendAndReceiveCnt.SendAndReceiveCnt
Because:
Cannot find class: ptolemy.actor.ptalon.demo.ptinyos.SendAndReceiveCnt.CntToLedsAndRfm. In Ptolemy, classes are typically Java .class files. Entities like actors may instead be defined within a .xml file.  In any case, the class was not found. If the class uses a third party package, then the class would be present only if the third party package was found at compile time.  It may be necessary to upgrade Java or install the third party package, reconfigure and recompile.
Because:
Element <entity name="MicaLeds" class="ptolemy.domains.ptinyos.lib.MicaLeds"> caused an exception to be thrown.
  in .CntToLedsAndRfm
Because:
Cannot find class: ptolemy.domains.ptinyos.lib.MicaLeds. In Ptolemy, classes are typically Java .class files. Entities like actors may instead be defined within a .xml file.  In any case, the class was not found. If the class uses a third party package, then the class would be present only if the third party package was found at compile time.  It may be necessary to upgrade Java or install the third party package, reconfigure and recompile.
Because:
-- /home/travis/build/icyphy/ptII/ptolemy/actor/ptalon/demo/ptinyos/SendAndReceiveCnt/ptolemy/domains/ptinyos/lib/MicaLeds.xml (No such file or directory)
-- XML file not found relative to classpath.
-- /home/travis/build/icyphy/ptII/ptolemy/vergil/basic/export/test/ptolemy/domains/ptinyos/lib/MicaLeds.xml
/home/travis/build/icyphy/ptII/ptolemy/vergil/basic/export/test/ptolemy/domains/ptinyos/lib/MicaLeds.xml (No such file or directory)
 in file:/home/travis/build/icyphy/ptII/ptolemy/actor/ptalon/demo/ptinyos/SendAndReceiveCnt/CntToLedsAndRfm.xml at line 132 and column 63
	at ptolemy.moml.SimpleErrorHandler.handleError(SimpleErrorHandler.java:75)
	at ptolemy.moml.MoMLParser.startElement(MoMLParser.java:3805)
	at com.microstar.xml.XmlParser.parseElement(XmlParser.java:931)
	at com.microstar.xml.XmlParser.parseDocument(XmlParser.java:481)
	at com.microstar.xml.XmlParser.doParse(XmlParser.java:159)
	at com.microstar.xml.XmlParser.parse(XmlParser.java:132)
	at ptolemy.moml.MoMLParser.parse(MoMLParser.java:1660)
	at ptolemy.moml.MoMLParser.parse(MoMLParser.java:1617)
	at ptolemy.moml.MoMLParser.parse(MoMLParser.java:1792)
	at ptolemy.actor.ptalon.PtalonEvaluator.addActor(PtalonEvaluator.java:241)
	... 56 more
Caused by: ptolemy.kernel.util.IllegalActionException: Cannot find class: ptolemy.actor.ptalon.demo.ptinyos.SendAndReceiveCnt.CntToLedsAndRfm. In Ptolemy, classes are typically Java .class files. Entities like actors may instead be defined within a .xml file.  In any case, the class was not found. If the class uses a third party package, then the class would be present only if the third party package was found at compile time.  It may be necessary to upgrade Java or install the third party package, reconfigure and recompile.
Because:
Element <entity name="MicaLeds" class="ptolemy.domains.ptinyos.lib.MicaLeds"> caused an exception to be thrown.
  in .CntToLedsAndRfm
Because:
Cannot find class: ptolemy.domains.ptinyos.lib.MicaLeds. In Ptolemy, classes are typically Java .class files. Entities like actors may instead be defined within a .xml file.  In any case, the class was not found. If the class uses a third party package, then the class would be present only if the third party package was found at compile time.  It may be necessary to upgrade Java or install the third party package, reconfigure and recompile.
Because:
-- /home/travis/build/icyphy/ptII/ptolemy/actor/ptalon/demo/ptinyos/SendAndReceiveCnt/ptolemy/domains/ptinyos/lib/MicaLeds.xml (No such file or directory)
-- XML file not found relative to classpath.
-- /home/travis/build/icyphy/ptII/ptolemy/vergil/basic/export/test/ptolemy/domains/ptinyos/lib/MicaLeds.xml
/home/travis/build/icyphy/ptII/ptolemy/vergil/basic/export/test/ptolemy/domains/ptinyos/lib/MicaLeds.xml (No such file or directory)
 in file:/home/travis/build/icyphy/ptII/ptolemy/actor/ptalon/demo/ptinyos/SendAndReceiveCnt/CntToLedsAndRfm.xml at line 132 and column 63
	at ptolemy.moml.MoMLParser._createEntity(MoMLParser.java:4330)
	at ptolemy.moml.MoMLParser.startElement(MoMLParser.java:2864)
	... 64 more
Caused by: ptolemy.kernel.util.InternalErrorException: Element <entity name="MicaLeds" class="ptolemy.domains.ptinyos.lib.MicaLeds"> caused an exception to be thrown.
  in .CntToLedsAndRfm
Because:
Cannot find class: ptolemy.domains.ptinyos.lib.MicaLeds. In Ptolemy, classes are typically Java .class files. Entities like actors may instead be defined within a .xml file.  In any case, the class was not found. If the class uses a third party package, then the class would be present only if the third party package was found at compile time.  It may be necessary to upgrade Java or install the third party package, reconfigure and recompile.
Because:
-- /home/travis/build/icyphy/ptII/ptolemy/actor/ptalon/demo/ptinyos/SendAndReceiveCnt/ptolemy/domains/ptinyos/lib/MicaLeds.xml (No such file or directory)
-- XML file not found relative to classpath.
-- /home/travis/build/icyphy/ptII/ptolemy/vergil/basic/export/test/ptolemy/domains/ptinyos/lib/MicaLeds.xml
/home/travis/build/icyphy/ptII/ptolemy/vergil/basic/export/test/ptolemy/domains/ptinyos/lib/MicaLeds.xml (No such file or directory)
 in file:/home/travis/build/icyphy/ptII/ptolemy/actor/ptalon/demo/ptinyos/SendAndReceiveCnt/CntToLedsAndRfm.xml at line 132 and column 63
	at ptolemy.moml.SimpleErrorHandler.handleError(SimpleErrorHandler.java:75)
	at ptolemy.moml.MoMLParser.startElement(MoMLParser.java:3805)
	at com.microstar.xml.XmlParser.parseElement(XmlParser.java:921)
	at com.microstar.xml.XmlParser.parseContent(XmlParser.java:1104)
	at com.microstar.xml.XmlParser.parseElement(XmlParser.java:924)
	at com.microstar.xml.XmlParser.parseDocument(XmlParser.java:481)
	at com.microstar.xml.XmlParser.doParse(XmlParser.java:159)
	at com.microstar.xml.XmlParser.parse(XmlParser.java:132)
	at ptolemy.moml.MoMLParser.parse(MoMLParser.java:1676)
	at ptolemy.moml.MoMLParser.parse(MoMLParser.java:1595)
	at ptolemy.moml.MoMLParser.parse(MoMLParser.java:1537)
	at ptolemy.moml.MoMLParser._findOrParse(MoMLParser.java:5286)
	at ptolemy.moml.MoMLParser._attemptToFindMoMLClass(MoMLParser.java:4075)
	at ptolemy.moml.MoMLParser._createEntity(MoMLParser.java:4323)
	... 65 more
Caused by: ptolemy.kernel.util.IllegalActionException: Cannot find class: ptolemy.domains.ptinyos.lib.MicaLeds. In Ptolemy, classes are typically Java .class files. Entities like actors may instead be defined within a .xml file.  In any case, the class was not found. If the class uses a third party package, then the class would be present only if the third party package was found at compile time.  It may be necessary to upgrade Java or install the third party package, reconfigure and recompile.
Because:
-- /home/travis/build/icyphy/ptII/ptolemy/actor/ptalon/demo/ptinyos/SendAndReceiveCnt/ptolemy/domains/ptinyos/lib/MicaLeds.xml (No such file or directory)
-- XML file not found relative to classpath.
-- /home/travis/build/icyphy/ptII/ptolemy/vergil/basic/export/test/ptolemy/domains/ptinyos/lib/MicaLeds.xml
/home/travis/build/icyphy/ptII/ptolemy/vergil/basic/export/test/ptolemy/domains/ptinyos/lib/MicaLeds.xml (No such file or directory)
 in file:/home/travis/build/icyphy/ptII/ptolemy/actor/ptalon/demo/ptinyos/SendAndReceiveCnt/CntToLedsAndRfm.xml at line 132 and column 63
	at ptolemy.moml.MoMLParser._createEntity(MoMLParser.java:4330)
	at ptolemy.moml.MoMLParser.startElement(MoMLParser.java:2864)
	... 77 more
Caused by: com.microstar.xml.XmlException: -- /home/travis/build/icyphy/ptII/ptolemy/actor/ptalon/demo/ptinyos/SendAndReceiveCnt/ptolemy/domains/ptinyos/lib/MicaLeds.xml (No such file or directory)
-- XML file not found relative to classpath.
-- /home/travis/build/icyphy/ptII/ptolemy/vergil/basic/export/test/ptolemy/domains/ptinyos/lib/MicaLeds.xml
/home/travis/build/icyphy/ptII/ptolemy/vergil/basic/export/test/ptolemy/domains/ptinyos/lib/MicaLeds.xml (No such file or directory)
 in file:/home/travis/build/icyphy/ptII/ptolemy/actor/ptalon/demo/ptinyos/SendAndReceiveCnt/CntToLedsAndRfm.xml at line 132 and column 63
	at ptolemy.moml.MoMLParser.fileNameToURL(MoMLParser.java:1414)
	at ptolemy.moml.MoMLParser._findOrParse(MoMLParser.java:5283)
	at ptolemy.moml.MoMLParser._attemptToFindMoMLClass(MoMLParser.java:4075)
	at ptolemy.moml.MoMLParser._createEntity(MoMLParser.java:4323)
	... 78 more
Caused by: ptolemy.actor.ptalon.PtalonRuntimeException: Unable to add actor null
	at ptolemy.actor.ptalon.PtalonEvaluator.addActor(PtalonEvaluator.java:300)
	at ptolemy.actor.ptalon.PtalonPopulator.actor_declaration(PtalonPopulator.java:1574)
	at ptolemy.actor.ptalon.PtalonPopulator.atomic_statement(PtalonPopulator.java:1638)
	at ptolemy.actor.ptalon.PtalonPopulator.iterative_statement_evaluator(PtalonPopulator.java:2484)
	at ptolemy.actor.ptalon.AbstractPtalonEvaluator$IfTree.evaluateForScope(AbstractPtalonEvaluator.java:1307)
	at ptolemy.actor.ptalon.AbstractPtalonEvaluator.evaluateForScope(AbstractPtalonEvaluator.java:744)
	at ptolemy.actor.ptalon.PtalonPopulator.iterative_statement(PtalonPopulator.java:2363)
	at ptolemy.actor.ptalon.PtalonPopulator.actor_definition(PtalonPopulator.java:2809)
	at ptolemy.actor.ptalon.PtalonActor.attributeChanged(PtalonActor.java:206)
	at ptolemy.actor.ptalon.PtalonMLHandler.startElement(PtalonMLHandler.java:134)
	at com.microstar.xml.XmlParser.parseElement(XmlParser.java:921)
	at com.microstar.xml.XmlParser.parseContent(XmlParser.java:1104)
	at com.microstar.xml.XmlParser.parseElement(XmlParser.java:924)
	at com.microstar.xml.XmlParser.parseDocument(XmlParser.java:481)
	at com.microstar.xml.XmlParser.doParse(XmlParser.java:159)
	at com.microstar.xml.XmlParser.parse(XmlParser.java:132)
	at ptolemy.actor.ptalon.PtalonActor.configure(PtalonActor.java:240)
	at ptolemy.moml.MoMLParser.endElement(MoMLParser.java:996)
	at com.microstar.xml.XmlParser.parseETag(XmlParser.java:1026)
	at com.microstar.xml.XmlParser.parseContent(XmlParser.java:1098)
	at com.microstar.xml.XmlParser.parseElement(XmlParser.java:924)
	at com.microstar.xml.XmlParser.parseContent(XmlParser.java:1104)
	at com.microstar.xml.XmlParser.parseElement(XmlParser.java:924)
	at com.microstar.xml.XmlParser.parseContent(XmlParser.java:1104)
	at com.microstar.xml.XmlParser.parseElement(XmlParser.java:924)
	at com.microstar.xml.XmlParser.parseDocument(XmlParser.java:481)
	at com.microstar.xml.XmlParser.doParse(XmlParser.java:159)
	at com.microstar.xml.XmlParser.parse(XmlParser.java:132)
	at ptolemy.moml.MoMLParser.parse(MoMLParser.java:1676)
	at ptolemy.moml.MoMLParser.parse(MoMLParser.java:1595)
	at ptolemy.moml.MoMLParser.parse(MoMLParser.java:1537)
	at ptolemy.actor.gui.PtolemyEffigy$Factory.createEffigy(PtolemyEffigy.java:424)
	at ptolemy.actor.gui.EffigyFactory.createEffigy(EffigyFactory.java:234)
	at ptolemy.actor.gui.Configuration.openModel(Configuration.java:1125)
	at ptolemy.actor.gui.Configuration.openModel(Configuration.java:1051)
	at ptolemy.actor.gui.ConfigurationApplication._openModel(ConfigurationApplication.java:1252)
	at ptolemy.actor.gui.ConfigurationApplication._parseArg(ConfigurationApplication.java:1399)
	at ptolemy.actor.gui.ConfigurationApplication._parseArgs(ConfigurationApplication.java:1478)
	at ptolemy.actor.gui.ConfigurationApplication.<init>(ConfigurationApplication.java:277)
	at ptolemy.actor.gui.ConfigurationApplication.<init>(ConfigurationApplication.java:214)
	at ptolemy.actor.gui.ConfigurationApplication.<init>(ConfigurationApplication.java:201)
	at ptolemy.actor.gui.ConfigurationApplication.openModelOrEntity(ConfigurationApplication.java:680)
	at ptolemy.vergil.basic.export.ExportModel$1.run(ExportModel.java:220)
	at java.awt.event.InvocationEvent.dispatch(InvocationEvent.java:301)
	at java.awt.EventQueue.dispatchEventImpl(EventQueue.java:756)
	at java.awt.EventQueue.access$500(EventQueue.java:97)
	at java.awt.EventQueue$3.run(EventQueue.java:709)
	at java.awt.EventQueue$3.run(EventQueue.java:703)
	at java.security.AccessController.doPrivileged(Native Method)
	at java.security.ProtectionDomain$JavaSecurityAccessImpl.doIntersectionPrivilege(ProtectionDomain.java:80)
	at java.awt.EventQueue.dispatchEvent(EventQueue.java:726)
	at java.awt.EventDispatchThread.pumpOneEventForFilters(EventDispatchThread.java:201)
	at java.awt.EventDispatchThread.pumpEventsForFilter(EventDispatchThread.java:116)
	at java.awt.EventDispatchThread.pumpEventsForHierarchy(EventDispatchThread.java:105)
	at java.awt.EventDispatchThread.pumpEvents(EventDispatchThread.java:101)
	at java.awt.EventDispatchThread.pumpEvents(EventDispatchThread.java:93)
	at java.awt.EventDispatchThread.run(EventDispatchThread.java:82)
Caused by: ptolemy.kernel.util.InternalErrorException: Element <entity name="sender1" class="ptolemy.actor.ptalon.demo.ptinyos.SendAndReceiveCnt.CntToLedsAndRfm"> caused an exception to be thrown.
  in .SendAndReceiveCnt.SendAndReceiveCnt
Because:
Cannot find class: ptolemy.actor.ptalon.demo.ptinyos.SendAndReceiveCnt.CntToLedsAndRfm. In Ptolemy, classes are typically Java .class files. Entities like actors may instead be defined within a .xml file.  In any case, the class was not found. If the class uses a third party package, then the class would be present only if the third party package was found at compile time.  It may be necessary to upgrade Java or install the third party package, reconfigure and recompile.
Because:
Element <entity name="MicaLeds" class="ptolemy.domains.ptinyos.lib.MicaLeds"> caused an exception to be thrown.
  in .CntToLedsAndRfm
Because:
Cannot find class: ptolemy.domains.ptinyos.lib.MicaLeds. In Ptolemy, classes are typically Java .class files. Entities like actors may instead be defined within a .xml file.  In any case, the class was not found. If the class uses a third party package, then the class would be present only if the third party package was found at compile time.  It may be necessary to upgrade Java or install the third party package, reconfigure and recompile.
Because:
-- /home/travis/build/icyphy/ptII/ptolemy/actor/ptalon/demo/ptinyos/SendAndReceiveCnt/ptolemy/domains/ptinyos/lib/MicaLeds.xml (No such file or directory)
-- XML file not found relative to classpath.
-- /home/travis/build/icyphy/ptII/ptolemy/vergil/basic/export/test/ptolemy/domains/ptinyos/lib/MicaLeds.xml
/home/travis/build/icyphy/ptII/ptolemy/vergil/basic/export/test/ptolemy/domains/ptinyos/lib/MicaLeds.xml (No such file or directory)
 in file:/home/travis/build/icyphy/ptII/ptolemy/actor/ptalon/demo/ptinyos/SendAndReceiveCnt/CntToLedsAndRfm.xml at line 132 and column 63
	at ptolemy.moml.SimpleErrorHandler.handleError(SimpleErrorHandler.java:75)
	at ptolemy.moml.MoMLParser.startElement(MoMLParser.java:3805)
	at com.microstar.xml.XmlParser.parseElement(XmlParser.java:931)
	at com.microstar.xml.XmlParser.parseDocument(XmlParser.java:481)
	at com.microstar.xml.XmlParser.doParse(XmlParser.java:159)
	at com.microstar.xml.XmlParser.parse(XmlParser.java:132)
	at ptolemy.moml.MoMLParser.parse(MoMLParser.java:1660)
	at ptolemy.moml.MoMLParser.parse(MoMLParser.java:1617)
	at ptolemy.moml.MoMLParser.parse(MoMLParser.java:1792)
	at ptolemy.actor.ptalon.PtalonEvaluator.addActor(PtalonEvaluator.java:241)
	... 56 more
Caused by: ptolemy.kernel.util.IllegalActionException: Cannot find class: ptolemy.actor.ptalon.demo.ptinyos.SendAndReceiveCnt.CntToLedsAndRfm. In Ptolemy, classes are typically Java .class files. Entities like actors may instead be defined within a .xml file.  In any case, the class was not found. If the class uses a third party package, then the class would be present only if the third party package was found at compile time.  It may be necessary to upgrade Java or install the third party package, reconfigure and recompile.
Because:
Element <entity name="MicaLeds" class="ptolemy.domains.ptinyos.lib.MicaLeds"> caused an exception to be thrown.
  in .CntToLedsAndRfm
Because:
Cannot find class: ptolemy.domains.ptinyos.lib.MicaLeds. In Ptolemy, classes are typically Java .class files. Entities like actors may instead be defined within a .xml file.  In any case, the class was not found. If the class uses a third party package, then the class would be present only if the third party package was found at compile time.  It may be necessary to upgrade Java or install the third party package, reconfigure and recompile.
Because:
-- /home/travis/build/icyphy/ptII/ptolemy/actor/ptalon/demo/ptinyos/SendAndReceiveCnt/ptolemy/domains/ptinyos/lib/MicaLeds.xml (No such file or directory)
-- XML file not found relative to classpath.
-- /home/travis/build/icyphy/ptII/ptolemy/vergil/basic/export/test/ptolemy/domains/ptinyos/lib/MicaLeds.xml
/home/travis/build/icyphy/ptII/ptolemy/vergil/basic/export/test/ptolemy/domains/ptinyos/lib/MicaLeds.xml (No such file or directory)
 in file:/home/travis/build/icyphy/ptII/ptolemy/actor/ptalon/demo/ptinyos/SendAndReceiveCnt/CntToLedsAndRfm.xml at line 132 and column 63
	at ptolemy.moml.MoMLParser._createEntity(MoMLParser.java:4330)
	at ptolemy.moml.MoMLParser.startElement(MoMLParser.java:2864)
	... 64 more
Caused by: ptolemy.kernel.util.InternalErrorException: Element <entity name="MicaLeds" class="ptolemy.domains.ptinyos.lib.MicaLeds"> caused an exception to be thrown.
  in .CntToLedsAndRfm
Because:
Cannot find class: ptolemy.domains.ptinyos.lib.MicaLeds. In Ptolemy, classes are typically Java .class files. Entities like actors may instead be defined within a .xml file.  In any case, the class was not found. If the class uses a third party package, then the class would be present only if the third party package was found at compile time.  It may be necessary to upgrade Java or install the third party package, reconfigure and recompile.
Because:
-- /home/travis/build/icyphy/ptII/ptolemy/actor/ptalon/demo/ptinyos/SendAndReceiveCnt/ptolemy/domains/ptinyos/lib/MicaLeds.xml (No such file or directory)
-- XML file not found relative to classpath.
-- /home/travis/build/icyphy/ptII/ptolemy/vergil/basic/export/test/ptolemy/domains/ptinyos/lib/MicaLeds.xml
/home/travis/build/icyphy/ptII/ptolemy/vergil/basic/export/test/ptolemy/domains/ptinyos/lib/MicaLeds.xml (No such file or directory)
 in file:/home/travis/build/icyphy/ptII/ptolemy/actor/ptalon/demo/ptinyos/SendAndReceiveCnt/CntToLedsAndRfm.xml at line 132 and column 63
	at ptolemy.moml.SimpleErrorHandler.handleError(SimpleErrorHandler.java:75)
	at ptolemy.moml.MoMLParser.startElement(MoMLParser.java:3805)
	at com.microstar.xml.XmlParser.parseElement(XmlParser.java:921)
	at com.microstar.xml.XmlParser.parseContent(XmlParser.java:1104)
	at com.microstar.xml.XmlParser.parseElement(XmlParser.java:924)
	at com.microstar.xml.XmlParser.parseDocument(XmlParser.java:481)
	at com.microstar.xml.XmlParser.doParse(XmlParser.java:159)
	at com.microstar.xml.XmlParser.parse(XmlParser.java:132)
	at ptolemy.moml.MoMLParser.parse(MoMLParser.java:1676)
	at ptolemy.moml.MoMLParser.parse(MoMLParser.java:1595)
	at ptolemy.moml.MoMLParser.parse(MoMLParser.java:1537)
	at ptolemy.moml.MoMLParser._findOrParse(MoMLParser.java:5286)
	at ptolemy.moml.MoMLParser._attemptToFindMoMLClass(MoMLParser.java:4075)
	at ptolemy.moml.MoMLParser._createEntity(MoMLParser.java:4323)
	... 65 more
Caused by: ptolemy.kernel.util.IllegalActionException: Cannot find class: ptolemy.domains.ptinyos.lib.MicaLeds. In Ptolemy, classes are typically Java .class files. Entities like actors may instead be defined within a .xml file.  In any case, the class was not found. If the class uses a third party package, then the class would be present only if the third party package was found at compile time.  It may be necessary to upgrade Java or install the third party package, reconfigure and recompile.
Because:
-- /home/travis/build/icyphy/ptII/ptolemy/actor/ptalon/demo/ptinyos/SendAndReceiveCnt/ptolemy/domains/ptinyos/lib/MicaLeds.xml (No such file or directory)
-- XML file not found relative to classpath.
-- /home/travis/build/icyphy/ptII/ptolemy/vergil/basic/export/test/ptolemy/domains/ptinyos/lib/MicaLeds.xml
/home/travis/build/icyphy/ptII/ptolemy/vergil/basic/export/test/ptolemy/domains/ptinyos/lib/MicaLeds.xml (No such file or directory)
 in file:/home/travis/build/icyphy/ptII/ptolemy/actor/ptalon/demo/ptinyos/SendAndReceiveCnt/CntToLedsAndRfm.xml at line 132 and column 63
	at ptolemy.moml.MoMLParser._createEntity(MoMLParser.java:4330)
	at ptolemy.moml.MoMLParser.startElement(MoMLParser.java:2864)
	... 77 more
Caused by: com.microstar.xml.XmlException: -- /home/travis/build/icyphy/ptII/ptolemy/actor/ptalon/demo/ptinyos/SendAndReceiveCnt/ptolemy/domains/ptinyos/lib/MicaLeds.xml (No such file or directory)
-- XML file not found relative to classpath.
-- /home/travis/build/icyphy/ptII/ptolemy/vergil/basic/export/test/ptolemy/domains/ptinyos/lib/MicaLeds.xml
/home/travis/build/icyphy/ptII/ptolemy/vergil/basic/export/test/ptolemy/domains/ptinyos/lib/MicaLeds.xml (No such file or directory)
 in file:/home/travis/build/icyphy/ptII/ptolemy/actor/ptalon/demo/ptinyos/SendAndReceiveCnt/CntToLedsAndRfm.xml at line 132 and column 63
	at ptolemy.moml.MoMLParser.fileNameToURL(MoMLParser.java:1414)
	at ptolemy.moml.MoMLParser._findOrParse(MoMLParser.java:5283)
	at ptolemy.moml.MoMLParser._attemptToFindMoMLClass(MoMLParser.java:4075)
	at ptolemy.moml.MoMLParser._createEntity(MoMLParser.java:4323)
	... 78 more
Failed to read file:/home/travis/build/icyphy/ptII/ptolemy/actor/ptalon/demo/ptinyos/SendAndReceiveCnt/SendAndReceiveCnt.xml
ptolemy.kernel.util.IllegalActionException: Failed to process attribute change to PtalonParameter, whose value is "ptolemy.actor.ptalon.PtalonExpressionParameter {.SendAndReceiveCnt.SendAndReceiveCnt.channelName} "AtomicWirelessChannel"".
  in .SendAndReceiveCnt.SendAndReceiveCnt
Because:
Unable to add actor null
	at ptolemy.actor.ptalon.PtalonActor.attributeChanged(PtalonActor.java:211)
	at ptolemy.actor.ptalon.PtalonMLHandler.startElement(PtalonMLHandler.java:134)
	at com.microstar.xml.XmlParser.parseElement(XmlParser.java:921)
	at com.microstar.xml.XmlParser.parseContent(XmlParser.java:1104)
	at com.microstar.xml.XmlParser.parseElement(XmlParser.java:924)
	at com.microstar.xml.XmlParser.parseDocument(XmlParser.java:481)
	at com.microstar.xml.XmlParser.doParse(XmlParser.java:159)
	at com.microstar.xml.XmlParser.parse(XmlParser.java:132)
	at ptolemy.actor.ptalon.PtalonActor.configure(PtalonActor.java:240)
	at ptolemy.moml.MoMLParser.endElement(MoMLParser.java:996)
	at com.microstar.xml.XmlParser.parseETag(XmlParser.java:1026)
	at com.microstar.xml.XmlParser.parseContent(XmlParser.java:1098)
	at com.microstar.xml.XmlParser.parseElement(XmlParser.java:924)
	at com.microstar.xml.XmlParser.parseContent(XmlParser.java:1104)
	at com.microstar.xml.XmlParser.parseElement(XmlParser.java:924)
	at com.microstar.xml.XmlParser.parseContent(XmlParser.java:1104)
	at com.microstar.xml.XmlParser.parseElement(XmlParser.java:924)
	at com.microstar.xml.XmlParser.parseDocument(XmlParser.java:481)
	at com.microstar.xml.XmlParser.doParse(XmlParser.java:159)
	at com.microstar.xml.XmlParser.parse(XmlParser.java:132)
	at ptolemy.moml.MoMLParser.parse(MoMLParser.java:1676)
	at ptolemy.moml.MoMLParser.parse(MoMLParser.java:1595)
	at ptolemy.moml.MoMLParser.parse(MoMLParser.java:1537)
	at ptolemy.actor.gui.PtolemyEffigy$Factory.createEffigy(PtolemyEffigy.java:424)
	at ptolemy.actor.gui.EffigyFactory.createEffigy(EffigyFactory.java:234)
	at ptolemy.actor.gui.Configuration.openModel(Configuration.java:1125)
	at ptolemy.actor.gui.Configuration.openModel(Configuration.java:1051)
	at ptolemy.actor.gui.ConfigurationApplication._openModel(ConfigurationApplication.java:1252)
	at ptolemy.actor.gui.ConfigurationApplication._parseArg(ConfigurationApplication.java:1399)
	at ptolemy.actor.gui.ConfigurationApplication._parseArgs(ConfigurationApplication.java:1478)
	at ptolemy.actor.gui.ConfigurationApplication.<init>(ConfigurationApplication.java:277)
	at ptolemy.actor.gui.ConfigurationApplication.<init>(ConfigurationApplication.java:214)
	at ptolemy.actor.gui.ConfigurationApplication.<init>(ConfigurationApplication.java:201)
	at ptolemy.actor.gui.ConfigurationApplication.openModelOrEntity(ConfigurationApplication.java:680)
	at ptolemy.vergil.basic.export.ExportModel$1.run(ExportModel.java:220)
	at java.awt.event.InvocationEvent.dispatch(InvocationEvent.java:301)
	at java.awt.EventQueue.dispatchEventImpl(EventQueue.java:756)
	at java.awt.EventQueue.access$500(EventQueue.java:97)
	at java.awt.EventQueue$3.run(EventQueue.java:709)
	at java.awt.EventQueue$3.run(EventQueue.java:703)
	at java.security.AccessController.doPrivileged(Native Method)
	at java.security.ProtectionDomain$JavaSecurityAccessImpl.doIntersectionPrivilege(ProtectionDomain.java:80)
	at java.awt.EventQueue.dispatchEvent(EventQueue.java:726)
	at java.awt.EventDispatchThread.pumpOneEventForFilters(EventDispatchThread.java:201)
	at java.awt.EventDispatchThread.pumpEventsForFilter(EventDispatchThread.java:116)
	at java.awt.EventDispatchThread.pumpEventsForHierarchy(EventDispatchThread.java:105)
	at java.awt.EventDispatchThread.pumpEvents(EventDispatchThread.java:101)
	at java.awt.EventDispatchThread.pumpEvents(EventDispatchThread.java:93)
	at java.awt.EventDispatchThread.run(EventDispatchThread.java:82)
Caused by: ptolemy.actor.ptalon.PtalonRuntimeException: Unable to add actor null
	at ptolemy.actor.ptalon.PtalonEvaluator.addActor(PtalonEvaluator.java:300)
	at ptolemy.actor.ptalon.PtalonPopulator.actor_declaration(PtalonPopulator.java:1574)
	at ptolemy.actor.ptalon.PtalonPopulator.atomic_statement(PtalonPopulator.java:1638)
	at ptolemy.actor.ptalon.PtalonPopulator.iterative_statement_evaluator(PtalonPopulator.java:2484)
	at ptolemy.actor.ptalon.AbstractPtalonEvaluator$IfTree.evaluateForScope(AbstractPtalonEvaluator.java:1307)
	at ptolemy.actor.ptalon.AbstractPtalonEvaluator.evaluateForScope(AbstractPtalonEvaluator.java:744)
	at ptolemy.actor.ptalon.PtalonPopulator.iterative_statement(PtalonPopulator.java:2363)
	at ptolemy.actor.ptalon.PtalonPopulator.actor_definition(PtalonPopulator.java:2809)
	at ptolemy.actor.ptalon.PtalonActor.attributeChanged(PtalonActor.java:206)
	... 48 more
Caused by: ptolemy.kernel.util.InternalErrorException: Element <entity name="sender1" class="ptolemy.actor.ptalon.demo.ptinyos.SendAndReceiveCnt.CntToLedsAndRfm"> caused an exception to be thrown.
  in .SendAndReceiveCnt.SendAndReceiveCnt
Because:
Cannot find class: ptolemy.actor.ptalon.demo.ptinyos.SendAndReceiveCnt.CntToLedsAndRfm. In Ptolemy, classes are typically Java .class files. Entities like actors may instead be defined within a .xml file.  In any case, the class was not found. If the class uses a third party package, then the class would be present only if the third party package was found at compile time.  It may be necessary to upgrade Java or install the third party package, reconfigure and recompile.
Because:
Element <entity name="MicaLeds" class="ptolemy.domains.ptinyos.lib.MicaLeds"> caused an exception to be thrown.
  in .CntToLedsAndRfm
Because:
Cannot find class: ptolemy.domains.ptinyos.lib.MicaLeds. In Ptolemy, classes are typically Java .class files. Entities like actors may instead be defined within a .xml file.  In any case, the class was not found. If the class uses a third party package, then the class would be present only if the third party package was found at compile time.  It may be necessary to upgrade Java or install the third party package, reconfigure and recompile.
Because:
-- /home/travis/build/icyphy/ptII/ptolemy/actor/ptalon/demo/ptinyos/SendAndReceiveCnt/ptolemy/domains/ptinyos/lib/MicaLeds.xml (No such file or directory)
-- XML file not found relative to classpath.
-- /home/travis/build/icyphy/ptII/ptolemy/vergil/basic/export/test/ptolemy/domains/ptinyos/lib/MicaLeds.xml
/home/travis/build/icyphy/ptII/ptolemy/vergil/basic/export/test/ptolemy/domains/ptinyos/lib/MicaLeds.xml (No such file or directory)
 in file:/home/travis/build/icyphy/ptII/ptolemy/actor/ptalon/demo/ptinyos/SendAndReceiveCnt/CntToLedsAndRfm.xml at line 132 and column 63
	at ptolemy.moml.SimpleErrorHandler.handleError(SimpleErrorHandler.java:75)
	at ptolemy.moml.MoMLParser.startElement(MoMLParser.java:3805)
	at com.microstar.xml.XmlParser.parseElement(XmlParser.java:931)
	at com.microstar.xml.XmlParser.parseDocument(XmlParser.java:481)
	at com.microstar.xml.XmlParser.doParse(XmlParser.java:159)
	at com.microstar.xml.XmlParser.parse(XmlParser.java:132)
	at ptolemy.moml.MoMLParser.parse(MoMLParser.java:1660)
	at ptolemy.moml.MoMLParser.parse(MoMLParser.java:1617)
	at ptolemy.moml.MoMLParser.parse(MoMLParser.java:1792)
	at ptolemy.actor.ptalon.PtalonEvaluator.addActor(PtalonEvaluator.java:241)
	... 56 more
Caused by: ptolemy.kernel.util.IllegalActionException: Cannot find class: ptolemy.actor.ptalon.demo.ptinyos.SendAndReceiveCnt.CntToLedsAndRfm. In Ptolemy, classes are typically Java .class files. Entities like actors may instead be defined within a .xml file.  In any case, the class was not found. If the class uses a third party package, then the class would be present only if the third party package was found at compile time.  It may be necessary to upgrade Java or install the third party package, reconfigure and recompile.
Because:
Element <entity name="MicaLeds" class="ptolemy.domains.ptinyos.lib.MicaLeds"> caused an exception to be thrown.
  in .CntToLedsAndRfm
Because:
Cannot find class: ptolemy.domains.ptinyos.lib.MicaLeds. In Ptolemy, classes are typically Java .class files. Entities like actors may instead be defined within a .xml file.  In any case, the class was not found. If the class uses a third party package, then the class would be present only if the third party package was found at compile time.  It may be necessary to upgrade Java or install the third party package, reconfigure and recompile.
Because:
-- /home/travis/build/icyphy/ptII/ptolemy/actor/ptalon/demo/ptinyos/SendAndReceiveCnt/ptolemy/domains/ptinyos/lib/MicaLeds.xml (No such file or directory)
-- XML file not found relative to classpath.
-- /home/travis/build/icyphy/ptII/ptolemy/vergil/basic/export/test/ptolemy/domains/ptinyos/lib/MicaLeds.xml
/home/travis/build/icyphy/ptII/ptolemy/vergil/basic/export/test/ptolemy/domains/ptinyos/lib/MicaLeds.xml (No such file or directory)
 in file:/home/travis/build/icyphy/ptII/ptolemy/actor/ptalon/demo/ptinyos/SendAndReceiveCnt/CntToLedsAndRfm.xml at line 132 and column 63
	at ptolemy.moml.MoMLParser._createEntity(MoMLParser.java:4330)
	at ptolemy.moml.MoMLParser.startElement(MoMLParser.java:2864)
	... 64 more
Caused by: ptolemy.kernel.util.InternalErrorException: Element <entity name="MicaLeds" class="ptolemy.domains.ptinyos.lib.MicaLeds"> caused an exception to be thrown.
  in .CntToLedsAndRfm
Because:
Cannot find class: ptolemy.domains.ptinyos.lib.MicaLeds. In Ptolemy, classes are typically Java .class files. Entities like actors may instead be defined within a .xml file.  In any case, the class was not found. If the class uses a third party package, then the class would be present only if the third party package was found at compile time.  It may be necessary to upgrade Java or install the third party package, reconfigure and recompile.
Because:
-- /home/travis/build/icyphy/ptII/ptolemy/actor/ptalon/demo/ptinyos/SendAndReceiveCnt/ptolemy/domains/ptinyos/lib/MicaLeds.xml (No such file or directory)
-- XML file not found relative to classpath.
-- /home/travis/build/icyphy/ptII/ptolemy/vergil/basic/export/test/ptolemy/domains/ptinyos/lib/MicaLeds.xml
/home/travis/build/icyphy/ptII/ptolemy/vergil/basic/export/test/ptolemy/domains/ptinyos/lib/MicaLeds.xml (No such file or directory)
 in file:/home/travis/build/icyphy/ptII/ptolemy/actor/ptalon/demo/ptinyos/SendAndReceiveCnt/CntToLedsAndRfm.xml at line 132 and column 63
	at ptolemy.moml.SimpleErrorHandler.handleError(SimpleErrorHandler.java:75)
	at ptolemy.moml.MoMLParser.startElement(MoMLParser.java:3805)
	at com.microstar.xml.XmlParser.parseElement(XmlParser.java:921)
	at com.microstar.xml.XmlParser.parseContent(XmlParser.java:1104)
	at com.microstar.xml.XmlParser.parseElement(XmlParser.java:924)
	at com.microstar.xml.XmlParser.parseDocument(XmlParser.java:481)
	at com.microstar.xml.XmlParser.doParse(XmlParser.java:159)
	at com.microstar.xml.XmlParser.parse(XmlParser.java:132)
	at ptolemy.moml.MoMLParser.parse(MoMLParser.java:1676)
	at ptolemy.moml.MoMLParser.parse(MoMLParser.java:1595)
	at ptolemy.moml.MoMLParser.parse(MoMLParser.java:1537)
	at ptolemy.moml.MoMLParser._findOrParse(MoMLParser.java:5286)
	at ptolemy.moml.MoMLParser._attemptToFindMoMLClass(MoMLParser.java:4075)
	at ptolemy.moml.MoMLParser._createEntity(MoMLParser.java:4323)
	... 65 more
Caused by: ptolemy.kernel.util.IllegalActionException: Cannot find class: ptolemy.domains.ptinyos.lib.MicaLeds. In Ptolemy, classes are typically Java .class files. Entities like actors may instead be defined within a .xml file.  In any case, the class was not found. If the class uses a third party package, then the class would be present only if the third party package was found at compile time.  It may be necessary to upgrade Java or install the third party package, reconfigure and recompile.
Because:
-- /home/travis/build/icyphy/ptII/ptolemy/actor/ptalon/demo/ptinyos/SendAndReceiveCnt/ptolemy/domains/ptinyos/lib/MicaLeds.xml (No such file or directory)
-- XML file not found relative to classpath.
-- /home/travis/build/icyphy/ptII/ptolemy/vergil/basic/export/test/ptolemy/domains/ptinyos/lib/MicaLeds.xml
/home/travis/build/icyphy/ptII/ptolemy/vergil/basic/export/test/ptolemy/domains/ptinyos/lib/MicaLeds.xml (No such file or directory)
 in file:/home/travis/build/icyphy/ptII/ptolemy/actor/ptalon/demo/ptinyos/SendAndReceiveCnt/CntToLedsAndRfm.xml at line 132 and column 63
	at ptolemy.moml.MoMLParser._createEntity(MoMLParser.java:4330)
	at ptolemy.moml.MoMLParser.startElement(MoMLParser.java:2864)
	... 77 more
Caused by: com.microstar.xml.XmlException: -- /home/travis/build/icyphy/ptII/ptolemy/actor/ptalon/demo/ptinyos/SendAndReceiveCnt/ptolemy/domains/ptinyos/lib/MicaLeds.xml (No such file or directory)
-- XML file not found relative to classpath.
-- /home/travis/build/icyphy/ptII/ptolemy/vergil/basic/export/test/ptolemy/domains/ptinyos/lib/MicaLeds.xml
/home/travis/build/icyphy/ptII/ptolemy/vergil/basic/export/test/ptolemy/domains/ptinyos/lib/MicaLeds.xml (No such file or directory)
 in file:/home/travis/build/icyphy/ptII/ptolemy/actor/ptalon/demo/ptinyos/SendAndReceiveCnt/CntToLedsAndRfm.xml at line 132 and column 63
	at ptolemy.moml.MoMLParser.fileNameToURL(MoMLParser.java:1414)
	at ptolemy.moml.MoMLParser._findOrParse(MoMLParser.java:5283)
	at ptolemy.moml.MoMLParser._attemptToFindMoMLClass(MoMLParser.java:4075)
	at ptolemy.moml.MoMLParser._createEntity(MoMLParser.java:4323)
	... 78 more
Caused by: ptolemy.actor.ptalon.PtalonRuntimeException: Unable to add actor null
	at ptolemy.actor.ptalon.PtalonEvaluator.addActor(PtalonEvaluator.java:300)
	at ptolemy.actor.ptalon.PtalonPopulator.actor_declaration(PtalonPopulator.java:1574)
	at ptolemy.actor.ptalon.PtalonPopulator.atomic_statement(PtalonPopulator.java:1638)
	at ptolemy.actor.ptalon.PtalonPopulator.iterative_statement_evaluator(PtalonPopulator.java:2484)
	at ptolemy.actor.ptalon.AbstractPtalonEvaluator$IfTree.evaluateForScope(AbstractPtalonEvaluator.java:1307)
	at ptolemy.actor.ptalon.AbstractPtalonEvaluator.evaluateForScope(AbstractPtalonEvaluator.java:744)
	at ptolemy.actor.ptalon.PtalonPopulator.iterative_statement(PtalonPopulator.java:2363)
	at ptolemy.actor.ptalon.PtalonPopulator.actor_definition(PtalonPopulator.java:2809)
	at ptolemy.actor.ptalon.PtalonActor.attributeChanged(PtalonActor.java:206)
	at ptolemy.actor.ptalon.PtalonMLHandler.startElement(PtalonMLHandler.java:134)
	at com.microstar.xml.XmlParser.parseElement(XmlParser.java:921)
	at com.microstar.xml.XmlParser.parseContent(XmlParser.java:1104)
	at com.microstar.xml.XmlParser.parseElement(XmlParser.java:924)
	at com.microstar.xml.XmlParser.parseDocument(XmlParser.java:481)
	at com.microstar.xml.XmlParser.doParse(XmlParser.java:159)
	at com.microstar.xml.XmlParser.parse(XmlParser.java:132)
	at ptolemy.actor.ptalon.PtalonActor.configure(PtalonActor.java:240)
	at ptolemy.moml.MoMLParser.endElement(MoMLParser.java:996)
	at com.microstar.xml.XmlParser.parseETag(XmlParser.java:1026)
	at com.microstar.xml.XmlParser.parseContent(XmlParser.java:1098)
	at com.microstar.xml.XmlParser.parseElement(XmlParser.java:924)
	at com.microstar.xml.XmlParser.parseContent(XmlParser.java:1104)
	at com.microstar.xml.XmlParser.parseElement(XmlParser.java:924)
	at com.microstar.xml.XmlParser.parseContent(XmlParser.java:1104)
	at com.microstar.xml.XmlParser.parseElement(XmlParser.java:924)
	at com.microstar.xml.XmlParser.parseDocument(XmlParser.java:481)
	at com.microstar.xml.XmlParser.doParse(XmlParser.java:159)
	at com.microstar.xml.XmlParser.parse(XmlParser.java:132)
	at ptolemy.moml.MoMLParser.parse(MoMLParser.java:1676)
	at ptolemy.moml.MoMLParser.parse(MoMLParser.java:1595)
	at ptolemy.moml.MoMLParser.parse(MoMLParser.java:1537)
	at ptolemy.actor.gui.PtolemyEffigy$Factory.createEffigy(PtolemyEffigy.java:424)
	at ptolemy.actor.gui.EffigyFactory.createEffigy(EffigyFactory.java:234)
	at ptolemy.actor.gui.Configuration.openModel(Configuration.java:1125)
	at ptolemy.actor.gui.Configuration.openModel(Configuration.java:1051)
	at ptolemy.actor.gui.ConfigurationApplication._openModel(ConfigurationApplication.java:1252)
	at ptolemy.actor.gui.ConfigurationApplication._parseArg(ConfigurationApplication.java:1399)
	at ptolemy.actor.gui.ConfigurationApplication._parseArgs(ConfigurationApplication.java:1478)
	at ptolemy.actor.gui.ConfigurationApplication.<init>(ConfigurationApplication.java:277)
	at ptolemy.actor.gui.ConfigurationApplication.<init>(ConfigurationApplication.java:214)
	at ptolemy.actor.gui.ConfigurationApplication.<init>(ConfigurationApplication.java:201)
	at ptolemy.actor.gui.ConfigurationApplication.openModelOrEntity(ConfigurationApplication.java:680)
	at ptolemy.vergil.basic.export.ExportModel$1.run(ExportModel.java:220)
	at java.awt.event.InvocationEvent.dispatch(InvocationEvent.java:301)
	at java.awt.EventQueue.dispatchEventImpl(EventQueue.java:756)
	at java.awt.EventQueue.access$500(EventQueue.java:97)
	at java.awt.EventQueue$3.run(EventQueue.java:709)
	at java.awt.EventQueue$3.run(EventQueue.java:703)
	at java.security.AccessController.doPrivileged(Native Method)
	at java.security.ProtectionDomain$JavaSecurityAccessImpl.doIntersectionPrivilege(ProtectionDomain.java:80)
	at java.awt.EventQueue.dispatchEvent(EventQueue.java:726)
	at java.awt.EventDispatchThread.pumpOneEventForFilters(EventDispatchThread.java:201)
	at java.awt.EventDispatchThread.pumpEventsForFilter(EventDispatchThread.java:116)
	at java.awt.EventDispatchThread.pumpEventsForHierarchy(EventDispatchThread.java:105)
	at java.awt.EventDispatchThread.pumpEvents(EventDispatchThread.java:101)
	at java.awt.EventDispatchThread.pumpEvents(EventDispatchThread.java:93)
	at java.awt.EventDispatchThread.run(EventDispatchThread.java:82)
Caused by: ptolemy.kernel.util.InternalErrorException: Element <entity name="sender1" class="ptolemy.actor.ptalon.demo.ptinyos.SendAndReceiveCnt.CntToLedsAndRfm"> caused an exception to be thrown.
  in .SendAndReceiveCnt.SendAndReceiveCnt
Because:
Cannot find class: ptolemy.actor.ptalon.demo.ptinyos.SendAndReceiveCnt.CntToLedsAndRfm. In Ptolemy, classes are typically Java .class files. Entities like actors may instead be defined within a .xml file.  In any case, the class was not found. If the class uses a third party package, then the class would be present only if the third party package was found at compile time.  It may be necessary to upgrade Java or install the third party package, reconfigure and recompile.
Because:
Element <entity name="MicaLeds" class="ptolemy.domains.ptinyos.lib.MicaLeds"> caused an exception to be thrown.
  in .CntToLedsAndRfm
Because:
Cannot find class: ptolemy.domains.ptinyos.lib.MicaLeds. In Ptolemy, classes are typically Java .class files. Entities like actors may instead be defined within a .xml file.  In any case, the class was not found. If the class uses a third party package, then the class would be present only if the third party package was found at compile time.  It may be necessary to upgrade Java or install the third party package, reconfigure and recompile.
Because:
-- /home/travis/build/icyphy/ptII/ptolemy/actor/ptalon/demo/ptinyos/SendAndReceiveCnt/ptolemy/domains/ptinyos/lib/MicaLeds.xml (No such file or directory)
-- XML file not found relative to classpath.
-- /home/travis/build/icyphy/ptII/ptolemy/vergil/basic/export/test/ptolemy/domains/ptinyos/lib/MicaLeds.xml
/home/travis/build/icyphy/ptII/ptolemy/vergil/basic/export/test/ptolemy/domains/ptinyos/lib/MicaLeds.xml (No such file or directory)
 in file:/home/travis/build/icyphy/ptII/ptolemy/actor/ptalon/demo/ptinyos/SendAndReceiveCnt/CntToLedsAndRfm.xml at line 132 and column 63
	at ptolemy.moml.SimpleErrorHandler.handleError(SimpleErrorHandler.java:75)
	at ptolemy.moml.MoMLParser.startElement(MoMLParser.java:3805)
	at com.microstar.xml.XmlParser.parseElement(XmlParser.java:931)
	at com.microstar.xml.XmlParser.parseDocument(XmlParser.java:481)
	at com.microstar.xml.XmlParser.doParse(XmlParser.java:159)
	at com.microstar.xml.XmlParser.parse(XmlParser.java:132)
	at ptolemy.moml.MoMLParser.parse(MoMLParser.java:1660)
	at ptolemy.moml.MoMLParser.parse(MoMLParser.java:1617)
	at ptolemy.moml.MoMLParser.parse(MoMLParser.java:1792)
	at ptolemy.actor.ptalon.PtalonEvaluator.addActor(PtalonEvaluator.java:241)
	... 56 more
Caused by: ptolemy.kernel.util.IllegalActionException: Cannot find class: ptolemy.actor.ptalon.demo.ptinyos.SendAndReceiveCnt.CntToLedsAndRfm. In Ptolemy, classes are typically Java .class files. Entities like actors may instead be defined within a .xml file.  In any case, the class was not found. If the class uses a third party package, then the class would be present only if the third party package was found at compile time.  It may be necessary to upgrade Java or install the third party package, reconfigure and recompile.
Because:
Element <entity name="MicaLeds" class="ptolemy.domains.ptinyos.lib.MicaLeds"> caused an exception to be thrown.
  in .CntToLedsAndRfm
Because:
Cannot find class: ptolemy.domains.ptinyos.lib.MicaLeds. In Ptolemy, classes are typically Java .class files. Entities like actors may instead be defined within a .xml file.  In any case, the class was not found. If the class uses a third party package, then the class would be present only if the third party package was found at compile time.  It may be necessary to upgrade Java or install the third party package, reconfigure and recompile.
Because:
-- /home/travis/build/icyphy/ptII/ptolemy/actor/ptalon/demo/ptinyos/SendAndReceiveCnt/ptolemy/domains/ptinyos/lib/MicaLeds.xml (No such file or directory)
-- XML file not found relative to classpath.
-- /home/travis/build/icyphy/ptII/ptolemy/vergil/basic/export/test/ptolemy/domains/ptinyos/lib/MicaLeds.xml
/home/travis/build/icyphy/ptII/ptolemy/vergil/basic/export/test/ptolemy/domains/ptinyos/lib/MicaLeds.xml (No such file or directory)
 in file:/home/travis/build/icyphy/ptII/ptolemy/actor/ptalon/demo/ptinyos/SendAndReceiveCnt/CntToLedsAndRfm.xml at line 132 and column 63
	at ptolemy.moml.MoMLParser._createEntity(MoMLParser.java:4330)
	at ptolemy.moml.MoMLParser.startElement(MoMLParser.java:2864)
	... 64 more
Caused by: ptolemy.kernel.util.InternalErrorException: Element <entity name="MicaLeds" class="ptolemy.domains.ptinyos.lib.MicaLeds"> caused an exception to be thrown.
  in .CntToLedsAndRfm
Because:
Cannot find class: ptolemy.domains.ptinyos.lib.MicaLeds. In Ptolemy, classes are typically Java .class files. Entities like actors may instead be defined within a .xml file.  In any case, the class was not found. If the class uses a third party package, then the class would be present only if the third party package was found at compile time.  It may be necessary to upgrade Java or install the third party package, reconfigure and recompile.
Because:
-- /home/travis/build/icyphy/ptII/ptolemy/actor/ptalon/demo/ptinyos/SendAndReceiveCnt/ptolemy/domains/ptinyos/lib/MicaLeds.xml (No such file or directory)
-- XML file not found relative to classpath.
-- /home/travis/build/icyphy/ptII/ptolemy/vergil/basic/export/test/ptolemy/domains/ptinyos/lib/MicaLeds.xml
/home/travis/build/icyphy/ptII/ptolemy/vergil/basic/export/test/ptolemy/domains/ptinyos/lib/MicaLeds.xml (No such file or directory)
 in file:/home/travis/build/icyphy/ptII/ptolemy/actor/ptalon/demo/ptinyos/SendAndReceiveCnt/CntToLedsAndRfm.xml at line 132 and column 63
	at ptolemy.moml.SimpleErrorHandler.handleError(SimpleErrorHandler.java:75)
	at ptolemy.moml.MoMLParser.startElement(MoMLParser.java:3805)
	at com.microstar.xml.XmlParser.parseElement(XmlParser.java:921)
	at com.microstar.xml.XmlParser.parseContent(XmlParser.java:1104)
	at com.microstar.xml.XmlParser.parseElement(XmlParser.java:924)
	at com.microstar.xml.XmlParser.parseDocument(XmlParser.java:481)
	at com.microstar.xml.XmlParser.doParse(XmlParser.java:159)
	at com.microstar.xml.XmlParser.parse(XmlParser.java:132)
	at ptolemy.moml.MoMLParser.parse(MoMLParser.java:1676)
	at ptolemy.moml.MoMLParser.parse(MoMLParser.java:1595)
	at ptolemy.moml.MoMLParser.parse(MoMLParser.java:1537)
	at ptolemy.moml.MoMLParser._findOrParse(MoMLParser.java:5286)
	at ptolemy.moml.MoMLParser._attemptToFindMoMLClass(MoMLParser.java:4075)
	at ptolemy.moml.MoMLParser._createEntity(MoMLParser.java:4323)
	... 65 more
Caused by: ptolemy.kernel.util.IllegalActionException: Cannot find class: ptolemy.domains.ptinyos.lib.MicaLeds. In Ptolemy, classes are typically Java .class files. Entities like actors may instead be defined within a .xml file.  In any case, the class was not found. If the class uses a third party package, then the class would be present only if the third party package was found at compile time.  It may be necessary to upgrade Java or install the third party package, reconfigure and recompile.
Because:
-- /home/travis/build/icyphy/ptII/ptolemy/actor/ptalon/demo/ptinyos/SendAndReceiveCnt/ptolemy/domains/ptinyos/lib/MicaLeds.xml (No such file or directory)
-- XML file not found relative to classpath.
-- /home/travis/build/icyphy/ptII/ptolemy/vergil/basic/export/test/ptolemy/domains/ptinyos/lib/MicaLeds.xml
/home/travis/build/icyphy/ptII/ptolemy/vergil/basic/export/test/ptolemy/domains/ptinyos/lib/MicaLeds.xml (No such file or directory)
 in file:/home/travis/build/icyphy/ptII/ptolemy/actor/ptalon/demo/ptinyos/SendAndReceiveCnt/CntToLedsAndRfm.xml at line 132 and column 63
	at ptolemy.moml.MoMLParser._createEntity(MoMLParser.java:4330)
	at ptolemy.moml.MoMLParser.startElement(MoMLParser.java:2864)
	... 77 more
Caused by: com.microstar.xml.XmlException: -- /home/travis/build/icyphy/ptII/ptolemy/actor/ptalon/demo/ptinyos/SendAndReceiveCnt/ptolemy/domains/ptinyos/lib/MicaLeds.xml (No such file or directory)
-- XML file not found relative to classpath.
-- /home/travis/build/icyphy/ptII/ptolemy/vergil/basic/export/test/ptolemy/domains/ptinyos/lib/MicaLeds.xml
/home/travis/build/icyphy/ptII/ptolemy/vergil/basic/export/test/ptolemy/domains/ptinyos/lib/MicaLeds.xml (No such file or directory)
 in file:/home/travis/build/icyphy/ptII/ptolemy/actor/ptalon/demo/ptinyos/SendAndReceiveCnt/CntToLedsAndRfm.xml at line 132 and column 63
	at ptolemy.moml.MoMLParser.fileNameToURL(MoMLParser.java:1414)
	at ptolemy.moml.MoMLParser._findOrParse(MoMLParser.java:5283)
	at ptolemy.moml.MoMLParser._attemptToFindMoMLClass(MoMLParser.java:4075)
	at ptolemy.moml.MoMLParser._createEntity(MoMLParser.java:4323)
	... 78 more
ptolemy.kernel.util.IllegalActionException: Failed to process attribute change to PtalonParameter, whose value is "ptolemy.actor.ptalon.PtalonExpressionParameter {.SendAndReceiveCnt.SendAndReceiveCnt.channelName} "AtomicWirelessChannel"".
  in .SendAndReceiveCnt.SendAndReceiveCnt
Because:
Unable to add actor null
	at ptolemy.actor.ptalon.PtalonActor.attributeChanged(PtalonActor.java:211)
	at ptolemy.actor.ptalon.PtalonMLHandler.startElement(PtalonMLHandler.java:134)
	at com.microstar.xml.XmlParser.parseElement(XmlParser.java:921)
	at com.microstar.xml.XmlParser.parseContent(XmlParser.java:1104)
	at com.microstar.xml.XmlParser.parseElement(XmlParser.java:924)
	at com.microstar.xml.XmlParser.parseDocument(XmlParser.java:481)
	at com.microstar.xml.XmlParser.doParse(XmlParser.java:159)
	at com.microstar.xml.XmlParser.parse(XmlParser.java:132)
	at ptolemy.actor.ptalon.PtalonActor.configure(PtalonActor.java:240)
	at ptolemy.moml.MoMLParser.endElement(MoMLParser.java:996)
	at com.microstar.xml.XmlParser.parseETag(XmlParser.java:1026)
	at com.microstar.xml.XmlParser.parseContent(XmlParser.java:1098)
	at com.microstar.xml.XmlParser.parseElement(XmlParser.java:924)
	at com.microstar.xml.XmlParser.parseContent(XmlParser.java:1104)
	at com.microstar.xml.XmlParser.parseElement(XmlParser.java:924)
	at com.microstar.xml.XmlParser.parseContent(XmlParser.java:1104)
	at com.microstar.xml.XmlParser.parseElement(XmlParser.java:924)
	at com.microstar.xml.XmlParser.parseDocument(XmlParser.java:481)
	at com.microstar.xml.XmlParser.doParse(XmlParser.java:159)
	at com.microstar.xml.XmlParser.parse(XmlParser.java:132)
	at ptolemy.moml.MoMLParser.parse(MoMLParser.java:1676)
	at ptolemy.moml.MoMLParser.parse(MoMLParser.java:1595)
	at ptolemy.moml.MoMLParser.parse(MoMLParser.java:1537)
	at ptolemy.actor.gui.PtolemyEffigy$Factory.createEffigy(PtolemyEffigy.java:424)
	at ptolemy.actor.gui.EffigyFactory.createEffigy(EffigyFactory.java:234)
	at ptolemy.actor.gui.Configuration.openModel(Configuration.java:1125)
	at ptolemy.actor.gui.Configuration.openModel(Configuration.java:1051)
	at ptolemy.actor.gui.ConfigurationApplication._openModel(ConfigurationApplication.java:1252)
	at ptolemy.actor.gui.ConfigurationApplication._parseArg(ConfigurationApplication.java:1399)
	at ptolemy.actor.gui.ConfigurationApplication._parseArgs(ConfigurationApplication.java:1478)
	at ptolemy.actor.gui.ConfigurationApplication.<init>(ConfigurationApplication.java:277)
	at ptolemy.actor.gui.ConfigurationApplication.<init>(ConfigurationApplication.java:214)
	at ptolemy.actor.gui.ConfigurationApplication.<init>(ConfigurationApplication.java:201)
	at ptolemy.actor.gui.ConfigurationApplication.openModelOrEntity(ConfigurationApplication.java:680)
	at ptolemy.vergil.basic.export.ExportModel$1.run(ExportModel.java:220)
	at java.awt.event.InvocationEvent.dispatch(InvocationEvent.java:301)
	at java.awt.EventQueue.dispatchEventImpl(EventQueue.java:756)
	at java.awt.EventQueue.access$500(EventQueue.java:97)
	at java.awt.EventQueue$3.run(EventQueue.java:709)
	at java.awt.EventQueue$3.run(EventQueue.java:703)
	at java.security.AccessController.doPrivileged(Native Method)
	at java.security.ProtectionDomain$JavaSecurityAccessImpl.doIntersectionPrivilege(ProtectionDomain.java:80)
	at java.awt.EventQueue.dispatchEvent(EventQueue.java:726)
	at java.awt.EventDispatchThread.pumpOneEventForFilters(EventDispatchThread.java:201)
	at java.awt.EventDispatchThread.pumpEventsForFilter(EventDispatchThread.java:116)
	at java.awt.EventDispatchThread.pumpEventsForHierarchy(EventDispatchThread.java:105)
	at java.awt.EventDispatchThread.pumpEvents(EventDispatchThread.java:101)
	at java.awt.EventDispatchThread.pumpEvents(EventDispatchThread.java:93)
	at java.awt.EventDispatchThread.run(EventDispatchThread.java:82)
Caused by: ptolemy.actor.ptalon.PtalonRuntimeException: Unable to add actor null
	at ptolemy.actor.ptalon.PtalonEvaluator.addActor(PtalonEvaluator.java:300)
	at ptolemy.actor.ptalon.PtalonPopulator.actor_declaration(PtalonPopulator.java:1574)
	at ptolemy.actor.ptalon.PtalonPopulator.atomic_statement(PtalonPopulator.java:1638)
	at ptolemy.actor.ptalon.PtalonPopulator.iterative_statement_evaluator(PtalonPopulator.java:2484)
	at ptolemy.actor.ptalon.AbstractPtalonEvaluator$IfTree.evaluateForScope(AbstractPtalonEvaluator.java:1307)
	at ptolemy.actor.ptalon.AbstractPtalonEvaluator.evaluateForScope(AbstractPtalonEvaluator.java:744)
	at ptolemy.actor.ptalon.PtalonPopulator.iterative_statement(PtalonPopulator.java:2363)
	at ptolemy.actor.ptalon.PtalonPopulator.actor_definition(PtalonPopulator.java:2809)
	at ptolemy.actor.ptalon.PtalonActor.attributeChanged(PtalonActor.java:206)
	... 48 more
Caused by: ptolemy.kernel.util.InternalErrorException: Element <entity name="sender1" class="ptolemy.actor.ptalon.demo.ptinyos.SendAndReceiveCnt.CntToLedsAndRfm"> caused an exception to be thrown.
  in .SendAndReceiveCnt.SendAndReceiveCnt
Because:
Cannot find class: ptolemy.actor.ptalon.demo.ptinyos.SendAndReceiveCnt.CntToLedsAndRfm. In Ptolemy, classes are typically Java .class files. Entities like actors may instead be defined within a .xml file.  In any case, the class was not found. If the class uses a third party package, then the class would be present only if the third party package was found at compile time.  It may be necessary to upgrade Java or install the third party package, reconfigure and recompile.
Because:
Element <entity name="MicaLeds" class="ptolemy.domains.ptinyos.lib.MicaLeds"> caused an exception to be thrown.
  in .CntToLedsAndRfm
Because:
Cannot find class: ptolemy.domains.ptinyos.lib.MicaLeds. In Ptolemy, classes are typically Java .class files. Entities like actors may instead be defined within a .xml file.  In any case, the class was not found. If the class uses a third party package, then the class would be present only if the third party package was found at compile time.  It may be necessary to upgrade Java or install the third party package, reconfigure and recompile.
Because:
-- /home/travis/build/icyphy/ptII/ptolemy/actor/ptalon/demo/ptinyos/SendAndReceiveCnt/ptolemy/domains/ptinyos/lib/MicaLeds.xml (No such file or directory)
-- XML file not found relative to classpath.
-- /home/travis/build/icyphy/ptII/ptolemy/vergil/basic/export/test/ptolemy/domains/ptinyos/lib/MicaLeds.xml
/home/travis/build/icyphy/ptII/ptolemy/vergil/basic/export/test/ptolemy/domains/ptinyos/lib/MicaLeds.xml (No such file or directory)
 in file:/home/travis/build/icyphy/ptII/ptolemy/actor/ptalon/demo/ptinyos/SendAndReceiveCnt/CntToLedsAndRfm.xml at line 132 and column 63
	at ptolemy.moml.SimpleErrorHandler.handleError(SimpleErrorHandler.java:75)
	at ptolemy.moml.MoMLParser.startElement(MoMLParser.java:3805)
	at com.microstar.xml.XmlParser.parseElement(XmlParser.java:931)
	at com.microstar.xml.XmlParser.parseDocument(XmlParser.java:481)
	at com.microstar.xml.XmlParser.doParse(XmlParser.java:159)
	at com.microstar.xml.XmlParser.parse(XmlParser.java:132)
	at ptolemy.moml.MoMLParser.parse(MoMLParser.java:1660)
	at ptolemy.moml.MoMLParser.parse(MoMLParser.java:1617)
	at ptolemy.moml.MoMLParser.parse(MoMLParser.java:1792)
	at ptolemy.actor.ptalon.PtalonEvaluator.addActor(PtalonEvaluator.java:241)
	... 56 more
Caused by: ptolemy.kernel.util.IllegalActionException: Cannot find class: ptolemy.actor.ptalon.demo.ptinyos.SendAndReceiveCnt.CntToLedsAndRfm. In Ptolemy, classes are typically Java .class files. Entities like actors may instead be defined within a .xml file.  In any case, the class was not found. If the class uses a third party package, then the class would be present only if the third party package was found at compile time.  It may be necessary to upgrade Java or install the third party package, reconfigure and recompile.
Because:
Element <entity name="MicaLeds" class="ptolemy.domains.ptinyos.lib.MicaLeds"> caused an exception to be thrown.
  in .CntToLedsAndRfm
Because:
Cannot find class: ptolemy.domains.ptinyos.lib.MicaLeds. In Ptolemy, classes are typically Java .class files. Entities like actors may instead be defined within a .xml file.  In any case, the class was not found. If the class uses a third party package, then the class would be present only if the third party package was found at compile time.  It may be necessary to upgrade Java or install the third party package, reconfigure and recompile.
Because:
-- /home/travis/build/icyphy/ptII/ptolemy/actor/ptalon/demo/ptinyos/SendAndReceiveCnt/ptolemy/domains/ptinyos/lib/MicaLeds.xml (No such file or directory)
-- XML file not found relative to classpath.
-- /home/travis/build/icyphy/ptII/ptolemy/vergil/basic/export/test/ptolemy/domains/ptinyos/lib/MicaLeds.xml
/home/travis/build/icyphy/ptII/ptolemy/vergil/basic/export/test/ptolemy/domains/ptinyos/lib/MicaLeds.xml (No such file or directory)
 in file:/home/travis/build/icyphy/ptII/ptolemy/actor/ptalon/demo/ptinyos/SendAndReceiveCnt/CntToLedsAndRfm.xml at line 132 and column 63
	at ptolemy.moml.MoMLParser._createEntity(MoMLParser.java:4330)
	at ptolemy.moml.MoMLParser.startElement(MoMLParser.java:2864)
	... 64 more
Caused by: ptolemy.kernel.util.InternalErrorException: Element <entity name="MicaLeds" class="ptolemy.domains.ptinyos.lib.MicaLeds"> caused an exception to be thrown.
  in .CntToLedsAndRfm
Because:
Cannot find class: ptolemy.domains.ptinyos.lib.MicaLeds. In Ptolemy, classes are typically Java .class files. Entities like actors may instead be defined within a .xml file.  In any case, the class was not found. If the class uses a third party package, then the class would be present only if the third party package was found at compile time.  It may be necessary to upgrade Java or install the third party package, reconfigure and recompile.
Because:
-- /home/travis/build/icyphy/ptII/ptolemy/actor/ptalon/demo/ptinyos/SendAndReceiveCnt/ptolemy/domains/ptinyos/lib/MicaLeds.xml (No such file or directory)
-- XML file not found relative to classpath.
-- /home/travis/build/icyphy/ptII/ptolemy/vergil/basic/export/test/ptolemy/domains/ptinyos/lib/MicaLeds.xml
/home/travis/build/icyphy/ptII/ptolemy/vergil/basic/export/test/ptolemy/domains/ptinyos/lib/MicaLeds.xml (No such file or directory)
 in file:/home/travis/build/icyphy/ptII/ptolemy/actor/ptalon/demo/ptinyos/SendAndReceiveCnt/CntToLedsAndRfm.xml at line 132 and column 63
	at ptolemy.moml.SimpleErrorHandler.handleError(SimpleErrorHandler.java:75)
	at ptolemy.moml.MoMLParser.startElement(MoMLParser.java:3805)
	at com.microstar.xml.XmlParser.parseElement(XmlParser.java:921)
	at com.microstar.xml.XmlParser.parseContent(XmlParser.java:1104)
	at com.microstar.xml.XmlParser.parseElement(XmlParser.java:924)
	at com.microstar.xml.XmlParser.parseDocument(XmlParser.java:481)
	at com.microstar.xml.XmlParser.doParse(XmlParser.java:159)
	at com.microstar.xml.XmlParser.parse(XmlParser.java:132)
	at ptolemy.moml.MoMLParser.parse(MoMLParser.java:1676)
	at ptolemy.moml.MoMLParser.parse(MoMLParser.java:1595)
	at ptolemy.moml.MoMLParser.parse(MoMLParser.java:1537)
	at ptolemy.moml.MoMLParser._findOrParse(MoMLParser.java:5286)
	at ptolemy.moml.MoMLParser._attemptToFindMoMLClass(MoMLParser.java:4075)
	at ptolemy.moml.MoMLParser._createEntity(MoMLParser.java:4323)
	... 65 more
Caused by: ptolemy.kernel.util.IllegalActionException: Cannot find class: ptolemy.domains.ptinyos.lib.MicaLeds. In Ptolemy, classes are typically Java .class files. Entities like actors may instead be defined within a .xml file.  In any case, the class was not found. If the class uses a third party package, then the class would be present only if the third party package was found at compile time.  It may be necessary to upgrade Java or install the third party package, reconfigure and recompile.
Because:
-- /home/travis/build/icyphy/ptII/ptolemy/actor/ptalon/demo/ptinyos/SendAndReceiveCnt/ptolemy/domains/ptinyos/lib/MicaLeds.xml (No such file or directory)
-- XML file not found relative to classpath.
-- /home/travis/build/icyphy/ptII/ptolemy/vergil/basic/export/test/ptolemy/domains/ptinyos/lib/MicaLeds.xml
/home/travis/build/icyphy/ptII/ptolemy/vergil/basic/export/test/ptolemy/domains/ptinyos/lib/MicaLeds.xml (No such file or directory)
 in file:/home/travis/build/icyphy/ptII/ptolemy/actor/ptalon/demo/ptinyos/SendAndReceiveCnt/CntToLedsAndRfm.xml at line 132 and column 63
	at ptolemy.moml.MoMLParser._createEntity(MoMLParser.java:4330)
	at ptolemy.moml.MoMLParser.startElement(MoMLParser.java:2864)
	... 77 more
Caused by: com.microstar.xml.XmlException: -- /home/travis/build/icyphy/ptII/ptolemy/actor/ptalon/demo/ptinyos/SendAndReceiveCnt/ptolemy/domains/ptinyos/lib/MicaLeds.xml (No such file or directory)
-- XML file not found relative to classpath.
-- /home/travis/build/icyphy/ptII/ptolemy/vergil/basic/export/test/ptolemy/domains/ptinyos/lib/MicaLeds.xml
/home/travis/build/icyphy/ptII/ptolemy/vergil/basic/export/test/ptolemy/domains/ptinyos/lib/MicaLeds.xml (No such file or directory)
 in file:/home/travis/build/icyphy/ptII/ptolemy/actor/ptalon/demo/ptinyos/SendAndReceiveCnt/CntToLedsAndRfm.xml at line 132 and column 63
	at ptolemy.moml.MoMLParser.fileNameToURL(MoMLParser.java:1414)
	at ptolemy.moml.MoMLParser._findOrParse(MoMLParser.java:5283)
	at ptolemy.moml.MoMLParser._attemptToFindMoMLClass(MoMLParser.java:4075)
	at ptolemy.moml.MoMLParser._createEntity(MoMLParser.java:4323)
	... 78 more
Caused by: ptolemy.actor.ptalon.PtalonRuntimeException: Unable to add actor null
	at ptolemy.actor.ptalon.PtalonEvaluator.addActor(PtalonEvaluator.java:300)
	at ptolemy.actor.ptalon.PtalonPopulator.actor_declaration(PtalonPopulator.java:1574)
	at ptolemy.actor.ptalon.PtalonPopulator.atomic_statement(PtalonPopulator.java:1638)
	at ptolemy.actor.ptalon.PtalonPopulator.iterative_statement_evaluator(PtalonPopulator.java:2484)
	at ptolemy.actor.ptalon.AbstractPtalonEvaluator$IfTree.evaluateForScope(AbstractPtalonEvaluator.java:1307)
	at ptolemy.actor.ptalon.AbstractPtalonEvaluator.evaluateForScope(AbstractPtalonEvaluator.java:744)
	at ptolemy.actor.ptalon.PtalonPopulator.iterative_statement(PtalonPopulator.java:2363)
	at ptolemy.actor.ptalon.PtalonPopulator.actor_definition(PtalonPopulator.java:2809)
	at ptolemy.actor.ptalon.PtalonActor.attributeChanged(PtalonActor.java:206)
	at ptolemy.actor.ptalon.PtalonMLHandler.startElement(PtalonMLHandler.java:134)
	at com.microstar.xml.XmlParser.parseElement(XmlParser.java:921)
	at com.microstar.xml.XmlParser.parseContent(XmlParser.java:1104)
	at com.microstar.xml.XmlParser.parseElement(XmlParser.java:924)
	at com.microstar.xml.XmlParser.parseDocument(XmlParser.java:481)
	at com.microstar.xml.XmlParser.doParse(XmlParser.java:159)
	at com.microstar.xml.XmlParser.parse(XmlParser.java:132)
	at ptolemy.actor.ptalon.PtalonActor.configure(PtalonActor.java:240)
	at ptolemy.moml.MoMLParser.endElement(MoMLParser.java:996)
	at com.microstar.xml.XmlParser.parseETag(XmlParser.java:1026)
	at com.microstar.xml.XmlParser.parseContent(XmlParser.java:1098)
	at com.microstar.xml.XmlParser.parseElement(XmlParser.java:924)
	at com.microstar.xml.XmlParser.parseContent(XmlParser.java:1104)
	at com.microstar.xml.XmlParser.parseElement(XmlParser.java:924)
	at com.microstar.xml.XmlParser.parseContent(XmlParser.java:1104)
	at com.microstar.xml.XmlParser.parseElement(XmlParser.java:924)
	at com.microstar.xml.XmlParser.parseDocument(XmlParser.java:481)
	at com.microstar.xml.XmlParser.doParse(XmlParser.java:159)
	at com.microstar.xml.XmlParser.parse(XmlParser.java:132)
	at ptolemy.moml.MoMLParser.parse(MoMLParser.java:1676)
	at ptolemy.moml.MoMLParser.parse(MoMLParser.java:1595)
	at ptolemy.moml.MoMLParser.parse(MoMLParser.java:1537)
	at ptolemy.actor.gui.PtolemyEffigy$Factory.createEffigy(PtolemyEffigy.java:424)
	at ptolemy.actor.gui.EffigyFactory.createEffigy(EffigyFactory.java:234)
	at ptolemy.actor.gui.Configuration.openModel(Configuration.java:1125)
	at ptolemy.actor.gui.Configuration.openModel(Configuration.java:1051)
	at ptolemy.actor.gui.ConfigurationApplication._openModel(ConfigurationApplication.java:1252)
	at ptolemy.actor.gui.ConfigurationApplication._parseArg(ConfigurationApplication.java:1399)
	at ptolemy.actor.gui.ConfigurationApplication._parseArgs(ConfigurationApplication.java:1478)
	at ptolemy.actor.gui.ConfigurationApplication.<init>(ConfigurationApplication.java:277)
	at ptolemy.actor.gui.ConfigurationApplication.<init>(ConfigurationApplication.java:214)
	at ptolemy.actor.gui.ConfigurationApplication.<init>(ConfigurationApplication.java:201)
	at ptolemy.actor.gui.ConfigurationApplication.openModelOrEntity(ConfigurationApplication.java:680)
	at ptolemy.vergil.basic.export.ExportModel$1.run(ExportModel.java:220)
	at java.awt.event.InvocationEvent.dispatch(InvocationEvent.java:301)
	at java.awt.EventQueue.dispatchEventImpl(EventQueue.java:756)
	at java.awt.EventQueue.access$500(EventQueue.java:97)
	at java.awt.EventQueue$3.run(EventQueue.java:709)
	at java.awt.EventQueue$3.run(EventQueue.java:703)
	at java.security.AccessController.doPrivileged(Native Method)
	at java.security.ProtectionDomain$JavaSecurityAccessImpl.doIntersectionPrivilege(ProtectionDomain.java:80)
	at java.awt.EventQueue.dispatchEvent(EventQueue.java:726)
	at java.awt.EventDispatchThread.pumpOneEventForFilters(EventDispatchThread.java:201)
	at java.awt.EventDispatchThread.pumpEventsForFilter(EventDispatchThread.java:116)
	at java.awt.EventDispatchThread.pumpEventsForHierarchy(EventDispatchThread.java:105)
	at java.awt.EventDispatchThread.pumpEvents(EventDispatchThread.java:101)
	at java.awt.EventDispatchThread.pumpEvents(EventDispatchThread.java:93)
	at java.awt.EventDispatchThread.run(EventDispatchThread.java:82)
Caused by: ptolemy.kernel.util.InternalErrorException: Element <entity name="sender1" class="ptolemy.actor.ptalon.demo.ptinyos.SendAndReceiveCnt.CntToLedsAndRfm"> caused an exception to be thrown.
  in .SendAndReceiveCnt.SendAndReceiveCnt
Because:
Cannot find class: ptolemy.actor.ptalon.demo.ptinyos.SendAndReceiveCnt.CntToLedsAndRfm. In Ptolemy, classes are typically Java .class files. Entities like actors may instead be defined within a .xml file.  In any case, the class was not found. If the class uses a third party package, then the class would be present only if the third party package was found at compile time.  It may be necessary to upgrade Java or install the third party package, reconfigure and recompile.
Because:
Element <entity name="MicaLeds" class="ptolemy.domains.ptinyos.lib.MicaLeds"> caused an exception to be thrown.
  in .CntToLedsAndRfm
Because:
Cannot find class: ptolemy.domains.ptinyos.lib.MicaLeds. In Ptolemy, classes are typically Java .class files. Entities like actors may instead be defined within a .xml file.  In any case, the class was not found. If the class uses a third party package, then the class would be present only if the third party package was found at compile time.  It may be necessary to upgrade Java or install the third party package, reconfigure and recompile.
Because:
-- /home/travis/build/icyphy/ptII/ptolemy/actor/ptalon/demo/ptinyos/SendAndReceiveCnt/ptolemy/domains/ptinyos/lib/MicaLeds.xml (No such file or directory)
-- XML file not found relative to classpath.
-- /home/travis/build/icyphy/ptII/ptolemy/vergil/basic/export/test/ptolemy/domains/ptinyos/lib/MicaLeds.xml
/home/travis/build/icyphy/ptII/ptolemy/vergil/basic/export/test/ptolemy/domains/ptinyos/lib/MicaLeds.xml (No such file or directory)
 in file:/home/travis/build/icyphy/ptII/ptolemy/actor/ptalon/demo/ptinyos/SendAndReceiveCnt/CntToLedsAndRfm.xml at line 132 and column 63
	at ptolemy.moml.SimpleErrorHandler.handleError(SimpleErrorHandler.java:75)
	at ptolemy.moml.MoMLParser.startElement(MoMLParser.java:3805)
	at com.microstar.xml.XmlParser.parseElement(XmlParser.java:931)
	at com.microstar.xml.XmlParser.parseDocument(XmlParser.java:481)
	at com.microstar.xml.XmlParser.doParse(XmlParser.java:159)
	at com.microstar.xml.XmlParser.parse(XmlParser.java:132)
	at ptolemy.moml.MoMLParser.parse(MoMLParser.java:1660)
	at ptolemy.moml.MoMLParser.parse(MoMLParser.java:1617)
	at ptolemy.moml.MoMLParser.parse(MoMLParser.java:1792)
	at ptolemy.actor.ptalon.PtalonEvaluator.addActor(PtalonEvaluator.java:241)
	... 56 more
Caused by: ptolemy.kernel.util.IllegalActionException: Cannot find class: ptolemy.actor.ptalon.demo.ptinyos.SendAndReceiveCnt.CntToLedsAndRfm. In Ptolemy, classes are typically Java .class files. Entities like actors may instead be defined within a .xml file.  In any case, the class was not found. If the class uses a third party package, then the class would be present only if the third party package was found at compile time.  It may be necessary to upgrade Java or install the third party package, reconfigure and recompile.
Because:
Element <entity name="MicaLeds" class="ptolemy.domains.ptinyos.lib.MicaLeds"> caused an exception to be thrown.
  in .CntToLedsAndRfm
Because:
Cannot find class: ptolemy.domains.ptinyos.lib.MicaLeds. In Ptolemy, classes are typically Java .class files. Entities like actors may instead be defined within a .xml file.  In any case, the class was not found. If the class uses a third party package, then the class would be present only if the third party package was found at compile time.  It may be necessary to upgrade Java or install the third party package, reconfigure and recompile.
Because:
-- /home/travis/build/icyphy/ptII/ptolemy/actor/ptalon/demo/ptinyos/SendAndReceiveCnt/ptolemy/domains/ptinyos/lib/MicaLeds.xml (No such file or directory)
-- XML file not found relative to classpath.
-- /home/travis/build/icyphy/ptII/ptolemy/vergil/basic/export/test/ptolemy/domains/ptinyos/lib/MicaLeds.xml
/home/travis/build/icyphy/ptII/ptolemy/vergil/basic/export/test/ptolemy/domains/ptinyos/lib/MicaLeds.xml (No such file or directory)
 in file:/home/travis/build/icyphy/ptII/ptolemy/actor/ptalon/demo/ptinyos/SendAndReceiveCnt/CntToLedsAndRfm.xml at line 132 and column 63
	at ptolemy.moml.MoMLParser._createEntity(MoMLParser.java:4330)
	at ptolemy.moml.MoMLParser.startElement(MoMLParser.java:2864)
	... 64 more
Caused by: ptolemy.kernel.util.InternalErrorException: Element <entity name="MicaLeds" class="ptolemy.domains.ptinyos.lib.MicaLeds"> caused an exception to be thrown.
  in .CntToLedsAndRfm
Because:
Cannot find class: ptolemy.domains.ptinyos.lib.MicaLeds. In Ptolemy, classes are typically Java .class files. Entities like actors may instead be defined within a .xml file.  In any case, the class was not found. If the class uses a third party package, then the class would be present only if the third party package was found at compile time.  It may be necessary to upgrade Java or install the third party package, reconfigure and recompile.
Because:
-- /home/travis/build/icyphy/ptII/ptolemy/actor/ptalon/demo/ptinyos/SendAndReceiveCnt/ptolemy/domains/ptinyos/lib/MicaLeds.xml (No such file or directory)
-- XML file not found relative to classpath.
-- /home/travis/build/icyphy/ptII/ptolemy/vergil/basic/export/test/ptolemy/domains/ptinyos/lib/MicaLeds.xml
/home/travis/build/icyphy/ptII/ptolemy/vergil/basic/export/test/ptolemy/domains/ptinyos/lib/MicaLeds.xml (No such file or directory)
 in file:/home/travis/build/icyphy/ptII/ptolemy/actor/ptalon/demo/ptinyos/SendAndReceiveCnt/CntToLedsAndRfm.xml at line 132 and column 63
	at ptolemy.moml.SimpleErrorHandler.handleError(SimpleErrorHandler.java:75)
	at ptolemy.moml.MoMLParser.startElement(MoMLParser.java:3805)
	at com.microstar.xml.XmlParser.parseElement(XmlParser.java:921)
	at com.microstar.xml.XmlParser.parseContent(XmlParser.java:1104)
	at com.microstar.xml.XmlParser.parseElement(XmlParser.java:924)
	at com.microstar.xml.XmlParser.parseDocument(XmlParser.java:481)
	at com.microstar.xml.XmlParser.doParse(XmlParser.java:159)
	at com.microstar.xml.XmlParser.parse(XmlParser.java:132)
	at ptolemy.moml.MoMLParser.parse(MoMLParser.java:1676)
	at ptolemy.moml.MoMLParser.parse(MoMLParser.java:1595)
	at ptolemy.moml.MoMLParser.parse(MoMLParser.java:1537)
	at ptolemy.moml.MoMLParser._findOrParse(MoMLParser.java:5286)
	at ptolemy.moml.MoMLParser._attemptToFindMoMLClass(MoMLParser.java:4075)
	at ptolemy.moml.MoMLParser._createEntity(MoMLParser.java:4323)
	... 65 more
Caused by: ptolemy.kernel.util.IllegalActionException: Cannot find class: ptolemy.domains.ptinyos.lib.MicaLeds. In Ptolemy, classes are typically Java .class files. Entities like actors may instead be defined within a .xml file.  In any case, the class was not found. If the class uses a third party package, then the class would be present only if the third party package was found at compile time.  It may be necessary to upgrade Java or install the third party package, reconfigure and recompile.
Because:
-- /home/travis/build/icyphy/ptII/ptolemy/actor/ptalon/demo/ptinyos/SendAndReceiveCnt/ptolemy/domains/ptinyos/lib/MicaLeds.xml (No such file or directory)
-- XML file not found relative to classpath.
-- /home/travis/build/icyphy/ptII/ptolemy/vergil/basic/export/test/ptolemy/domains/ptinyos/lib/MicaLeds.xml
/home/travis/build/icyphy/ptII/ptolemy/vergil/basic/export/test/ptolemy/domains/ptinyos/lib/MicaLeds.xml (No such file or directory)
 in file:/home/travis/build/icyphy/ptII/ptolemy/actor/ptalon/demo/ptinyos/SendAndReceiveCnt/CntToLedsAndRfm.xml at line 132 and column 63
	at ptolemy.moml.MoMLParser._createEntity(MoMLParser.java:4330)
	at ptolemy.moml.MoMLParser.startElement(MoMLParser.java:2864)
	... 77 more
Caused by: com.microstar.xml.XmlException: -- /home/travis/build/icyphy/ptII/ptolemy/actor/ptalon/demo/ptinyos/SendAndReceiveCnt/ptolemy/domains/ptinyos/lib/MicaLeds.xml (No such file or directory)
-- XML file not found relative to classpath.
-- /home/travis/build/icyphy/ptII/ptolemy/vergil/basic/export/test/ptolemy/domains/ptinyos/lib/MicaLeds.xml
/home/travis/build/icyphy/ptII/ptolemy/vergil/basic/export/test/ptolemy/domains/ptinyos/lib/MicaLeds.xml (No such file or directory)
 in file:/home/travis/build/icyphy/ptII/ptolemy/actor/ptalon/demo/ptinyos/SendAndReceiveCnt/CntToLedsAndRfm.xml at line 132 and column 63
	at ptolemy.moml.MoMLParser.fileNameToURL(MoMLParser.java:1414)
	at ptolemy.moml.MoMLParser._findOrParse(MoMLParser.java:5283)
	at ptolemy.moml.MoMLParser._attemptToFindMoMLClass(MoMLParser.java:4075)
	at ptolemy.moml.MoMLParser._createEntity(MoMLParser.java:4323)
	... 78 more
Failed to read file:/home/travis/build/icyphy/ptII/ptolemy/actor/ptalon/demo/ptinyos/SendAndReceiveCnt/SendAndReceiveCnt.xml
ptolemy.kernel.util.IllegalActionException: Failed to process attribute change to PtalonParameter, whose value is "ptolemy.actor.ptalon.PtalonExpressionParameter {.SendAndReceiveCnt.SendAndReceiveCnt.channelName} "AtomicWirelessChannel"".
  in .SendAndReceiveCnt.SendAndReceiveCnt
Because:
Unable to add actor null
	at ptolemy.actor.ptalon.PtalonActor.attributeChanged(PtalonActor.java:211)
	at ptolemy.actor.ptalon.PtalonMLHandler.startElement(PtalonMLHandler.java:134)
	at com.microstar.xml.XmlParser.parseElement(XmlParser.java:921)
	at com.microstar.xml.XmlParser.parseContent(XmlParser.java:1104)
	at com.microstar.xml.XmlParser.parseElement(XmlParser.java:924)
	at com.microstar.xml.XmlParser.parseDocument(XmlParser.java:481)
	at com.microstar.xml.XmlParser.doParse(XmlParser.java:159)
	at com.microstar.xml.XmlParser.parse(XmlParser.java:132)
	at ptolemy.actor.ptalon.PtalonActor.configure(PtalonActor.java:240)
	at ptolemy.moml.MoMLParser.endElement(MoMLParser.java:996)
	at com.microstar.xml.XmlParser.parseETag(XmlParser.java:1026)
	at com.microstar.xml.XmlParser.parseContent(XmlParser.java:1098)
	at com.microstar.xml.XmlParser.parseElement(XmlParser.java:924)
	at com.microstar.xml.XmlParser.parseContent(XmlParser.java:1104)
	at com.microstar.xml.XmlParser.parseElement(XmlParser.java:924)
	at com.microstar.xml.XmlParser.parseContent(XmlParser.java:1104)
	at com.microstar.xml.XmlParser.parseElement(XmlParser.java:924)
	at com.microstar.xml.XmlParser.parseDocument(XmlParser.java:481)
	at com.microstar.xml.XmlParser.doParse(XmlParser.java:159)
	at com.microstar.xml.XmlParser.parse(XmlParser.java:132)
	at ptolemy.moml.MoMLParser.parse(MoMLParser.java:1676)
	at ptolemy.moml.MoMLParser.parse(MoMLParser.java:1595)
	at ptolemy.moml.MoMLParser.parse(MoMLParser.java:1537)
	at ptolemy.actor.gui.PtolemyEffigy$Factory.createEffigy(PtolemyEffigy.java:424)
	at ptolemy.actor.gui.EffigyFactory.createEffigy(EffigyFactory.java:234)
	at ptolemy.actor.gui.Configuration.openModel(Configuration.java:1125)
	at ptolemy.actor.gui.Configuration.openModel(Configuration.java:1051)
	at ptolemy.actor.gui.ConfigurationApplication._openModel(ConfigurationApplication.java:1252)
	at ptolemy.actor.gui.ConfigurationApplication._parseArg(ConfigurationApplication.java:1399)
	at ptolemy.actor.gui.ConfigurationApplication._parseArgs(ConfigurationApplication.java:1478)
	at ptolemy.actor.gui.ConfigurationApplication.<init>(ConfigurationApplication.java:277)
	at ptolemy.actor.gui.ConfigurationApplication.<init>(ConfigurationApplication.java:214)
	at ptolemy.actor.gui.ConfigurationApplication.<init>(ConfigurationApplication.java:201)
	at ptolemy.actor.gui.ConfigurationApplication.openModelOrEntity(ConfigurationApplication.java:680)
	at ptolemy.vergil.basic.export.ExportModel$1.run(ExportModel.java:220)
	at java.awt.event.InvocationEvent.dispatch(InvocationEvent.java:301)
	at java.awt.EventQueue.dispatchEventImpl(EventQueue.java:756)
	at java.awt.EventQueue.access$500(EventQueue.java:97)
	at java.awt.EventQueue$3.run(EventQueue.java:709)
	at java.awt.EventQueue$3.run(EventQueue.java:703)
	at java.security.AccessController.doPrivileged(Native Method)
	at java.security.ProtectionDomain$JavaSecurityAccessImpl.doIntersectionPrivilege(ProtectionDomain.java:80)
	at java.awt.EventQueue.dispatchEvent(EventQueue.java:726)
	at java.awt.EventDispatchThread.pumpOneEventForFilters(EventDispatchThread.java:201)
	at java.awt.EventDispatchThread.pumpEventsForFilter(EventDispatchThread.java:116)
	at java.awt.EventDispatchThread.pumpEventsForHierarchy(EventDispatchThread.java:105)
	at java.awt.EventDispatchThread.pumpEvents(EventDispatchThread.java:101)
	at java.awt.EventDispatchThread.pumpEvents(EventDispatchThread.java:93)
	at java.awt.EventDispatchThread.run(EventDispatchThread.java:82)
Caused by: ptolemy.actor.ptalon.PtalonRuntimeException: Unable to add actor null
	at ptolemy.actor.ptalon.PtalonEvaluator.addActor(PtalonEvaluator.java:300)
	at ptolemy.actor.ptalon.PtalonPopulator.actor_declaration(PtalonPopulator.java:1574)
	at ptolemy.actor.ptalon.PtalonPopulator.atomic_statement(PtalonPopulator.java:1638)
	at ptolemy.actor.ptalon.PtalonPopulator.iterative_statement_evaluator(PtalonPopulator.java:2484)
	at ptolemy.actor.ptalon.AbstractPtalonEvaluator$IfTree.evaluateForScope(AbstractPtalonEvaluator.java:1307)
	at ptolemy.actor.ptalon.AbstractPtalonEvaluator.evaluateForScope(AbstractPtalonEvaluator.java:744)
	at ptolemy.actor.ptalon.PtalonPopulator.iterative_statement(PtalonPopulator.java:2363)
	at ptolemy.actor.ptalon.PtalonPopulator.actor_definition(PtalonPopulator.java:2809)
	at ptolemy.actor.ptalon.PtalonActor.attributeChanged(PtalonActor.java:206)
	... 48 more
Caused by: ptolemy.kernel.util.InternalErrorException: Element <entity name="sender1" class="ptolemy.actor.ptalon.demo.ptinyos.SendAndReceiveCnt.CntToLedsAndRfm"> caused an exception to be thrown.
  in .SendAndReceiveCnt.SendAndReceiveCnt
Because:
Cannot find class: ptolemy.actor.ptalon.demo.ptinyos.SendAndReceiveCnt.CntToLedsAndRfm. In Ptolemy, classes are typically Java .class files. Entities like actors may instead be defined within a .xml file.  In any case, the class was not found. If the class uses a third party package, then the class would be present only if the third party package was found at compile time.  It may be necessary to upgrade Java or install the third party package, reconfigure and recompile.
Because:
Element <entity name="MicaLeds" class="ptolemy.domains.ptinyos.lib.MicaLeds"> caused an exception to be thrown.
  in .CntToLedsAndRfm
Because:
Cannot find class: ptolemy.domains.ptinyos.lib.MicaLeds. In Ptolemy, classes are typically Java .class files. Entities like actors may instead be defined within a .xml file.  In any case, the class was not found. If the class uses a third party package, then the class would be present only if the third party package was found at compile time.  It may be necessary to upgrade Java or install the third party package, reconfigure and recompile.
Because:
-- /home/travis/build/icyphy/ptII/ptolemy/actor/ptalon/demo/ptinyos/SendAndReceiveCnt/ptolemy/domains/ptinyos/lib/MicaLeds.xml (No such file or directory)
-- XML file not found relative to classpath.
-- /home/travis/build/icyphy/ptII/ptolemy/vergil/basic/export/test/ptolemy/domains/ptinyos/lib/MicaLeds.xml
/home/travis/build/icyphy/ptII/ptolemy/vergil/basic/export/test/ptolemy/domains/ptinyos/lib/MicaLeds.xml (No such file or directory)
 in file:/home/travis/build/icyphy/ptII/ptolemy/actor/ptalon/demo/ptinyos/SendAndReceiveCnt/CntToLedsAndRfm.xml at line 132 and column 63
	at ptolemy.moml.SimpleErrorHandler.handleError(SimpleErrorHandler.java:75)
	at ptolemy.moml.MoMLParser.startElement(MoMLParser.java:3805)
	at com.microstar.xml.XmlParser.parseElement(XmlParser.java:931)
	at com.microstar.xml.XmlParser.parseDocument(XmlParser.java:481)
	at com.microstar.xml.XmlParser.doParse(XmlParser.java:159)
	at com.microstar.xml.XmlParser.parse(XmlParser.java:132)
	at ptolemy.moml.MoMLParser.parse(MoMLParser.java:1660)
	at ptolemy.moml.MoMLParser.parse(MoMLParser.java:1617)
	at ptolemy.moml.MoMLParser.parse(MoMLParser.java:1792)
	at ptolemy.actor.ptalon.PtalonEvaluator.addActor(PtalonEvaluator.java:241)
	... 56 more
Caused by: ptolemy.kernel.util.IllegalActionException: Cannot find class: ptolemy.actor.ptalon.demo.ptinyos.SendAndReceiveCnt.CntToLedsAndRfm. In Ptolemy, classes are typically Java .class files. Entities like actors may instead be defined within a .xml file.  In any case, the class was not found. If the class uses a third party package, then the class would be present only if the third party package was found at compile time.  It may be necessary to upgrade Java or install the third party package, reconfigure and recompile.
Because:
Element <entity name="MicaLeds" class="ptolemy.domains.ptinyos.lib.MicaLeds"> caused an exception to be thrown.
  in .CntToLedsAndRfm
Because:
Cannot find class: ptolemy.domains.ptinyos.lib.MicaLeds. In Ptolemy, classes are typically Java .class files. Entities like actors may instead be defined within a .xml file.  In any case, the class was not found. If the class uses a third party package, then the class would be present only if the third party package was found at compile time.  It may be necessary to upgrade Java or install the third party package, reconfigure and recompile.
Because:
-- /home/travis/build/icyphy/ptII/ptolemy/actor/ptalon/demo/ptinyos/SendAndReceiveCnt/ptolemy/domains/ptinyos/lib/MicaLeds.xml (No such file or directory)
-- XML file not found relative to classpath.
-- /home/travis/build/icyphy/ptII/ptolemy/vergil/basic/export/test/ptolemy/domains/ptinyos/lib/MicaLeds.xml
/home/travis/build/icyphy/ptII/ptolemy/vergil/basic/export/test/ptolemy/domains/ptinyos/lib/MicaLeds.xml (No such file or directory)
 in file:/home/travis/build/icyphy/ptII/ptolemy/actor/ptalon/demo/ptinyos/SendAndReceiveCnt/CntToLedsAndRfm.xml at line 132 and column 63
	at ptolemy.moml.MoMLParser._createEntity(MoMLParser.java:4330)
	at ptolemy.moml.MoMLParser.startElement(MoMLParser.java:2864)
	... 64 more
Caused by: ptolemy.kernel.util.InternalErrorException: Element <entity name="MicaLeds" class="ptolemy.domains.ptinyos.lib.MicaLeds"> caused an exception to be thrown.
  in .CntToLedsAndRfm
Because:
Cannot find class: ptolemy.domains.ptinyos.lib.MicaLeds. In Ptolemy, classes are typically Java .class files. Entities like actors may instead be defined within a .xml file.  In any case, the class was not found. If the class uses a third party package, then the class would be present only if the third party package was found at compile time.  It may be necessary to upgrade Java or install the third party package, reconfigure and recompile.
Because:
-- /home/travis/build/icyphy/ptII/ptolemy/actor/ptalon/demo/ptinyos/SendAndReceiveCnt/ptolemy/domains/ptinyos/lib/MicaLeds.xml (No such file or directory)
-- XML file not found relative to classpath.
-- /home/travis/build/icyphy/ptII/ptolemy/vergil/basic/export/test/ptolemy/domains/ptinyos/lib/MicaLeds.xml
/home/travis/build/icyphy/ptII/ptolemy/vergil/basic/export/test/ptolemy/domains/ptinyos/lib/MicaLeds.xml (No such file or directory)
 in file:/home/travis/build/icyphy/ptII/ptolemy/actor/ptalon/demo/ptinyos/SendAndReceiveCnt/CntToLedsAndRfm.xml at line 132 and column 63
	at ptolemy.moml.SimpleErrorHandler.handleError(SimpleErrorHandler.java:75)
	at ptolemy.moml.MoMLParser.startElement(MoMLParser.java:3805)
	at com.microstar.xml.XmlParser.parseElement(XmlParser.java:921)
	at com.microstar.xml.XmlParser.parseContent(XmlParser.java:1104)
	at com.microstar.xml.XmlParser.parseElement(XmlParser.java:924)
	at com.microstar.xml.XmlParser.parseDocument(XmlParser.java:481)
	at com.microstar.xml.XmlParser.doParse(XmlParser.java:159)
	at com.microstar.xml.XmlParser.parse(XmlParser.java:132)
	at ptolemy.moml.MoMLParser.parse(MoMLParser.java:1676)
	at ptolemy.moml.MoMLParser.parse(MoMLParser.java:1595)
	at ptolemy.moml.MoMLParser.parse(MoMLParser.java:1537)
	at ptolemy.moml.MoMLParser._findOrParse(MoMLParser.java:5286)
	at ptolemy.moml.MoMLParser._attemptToFindMoMLClass(MoMLParser.java:4075)
	at ptolemy.moml.MoMLParser._createEntity(MoMLParser.java:4323)
	... 65 more
Caused by: ptolemy.kernel.util.IllegalActionException: Cannot find class: ptolemy.domains.ptinyos.lib.MicaLeds. In Ptolemy, classes are typically Java .class files. Entities like actors may instead be defined within a .xml file.  In any case, the class was not found. If the class uses a third party package, then the class would be present only if the third party package was found at compile time.  It may be necessary to upgrade Java or install the third party package, reconfigure and recompile.
Because:
-- /home/travis/build/icyphy/ptII/ptolemy/actor/ptalon/demo/ptinyos/SendAndReceiveCnt/ptolemy/domains/ptinyos/lib/MicaLeds.xml (No such file or directory)
-- XML file not found relative to classpath.
-- /home/travis/build/icyphy/ptII/ptolemy/vergil/basic/export/test/ptolemy/domains/ptinyos/lib/MicaLeds.xml
/home/travis/build/icyphy/ptII/ptolemy/vergil/basic/export/test/ptolemy/domains/ptinyos/lib/MicaLeds.xml (No such file or directory)
 in file:/home/travis/build/icyphy/ptII/ptolemy/actor/ptalon/demo/ptinyos/SendAndReceiveCnt/CntToLedsAndRfm.xml at line 132 and column 63
	at ptolemy.moml.MoMLParser._createEntity(MoMLParser.java:4330)
	at ptolemy.moml.MoMLParser.startElement(MoMLParser.java:2864)
	... 77 more
Caused by: com.microstar.xml.XmlException: -- /home/travis/build/icyphy/ptII/ptolemy/actor/ptalon/demo/ptinyos/SendAndReceiveCnt/ptolemy/domains/ptinyos/lib/MicaLeds.xml (No such file or directory)
-- XML file not found relative to classpath.
-- /home/travis/build/icyphy/ptII/ptolemy/vergil/basic/export/test/ptolemy/domains/ptinyos/lib/MicaLeds.xml
/home/travis/build/icyphy/ptII/ptolemy/vergil/basic/export/test/ptolemy/domains/ptinyos/lib/MicaLeds.xml (No such file or directory)
 in file:/home/travis/build/icyphy/ptII/ptolemy/actor/ptalon/demo/ptinyos/SendAndReceiveCnt/CntToLedsAndRfm.xml at line 132 and column 63
	at ptolemy.moml.MoMLParser.fileNameToURL(MoMLParser.java:1414)
	at ptolemy.moml.MoMLParser._findOrParse(MoMLParser.java:5283)
	at ptolemy.moml.MoMLParser._attemptToFindMoMLClass(MoMLParser.java:4075)
	at ptolemy.moml.MoMLParser._createEntity(MoMLParser.java:4323)
	... 78 more
Caused by: ptolemy.actor.ptalon.PtalonRuntimeException: Unable to add actor null
	at ptolemy.actor.ptalon.PtalonEvaluator.addActor(PtalonEvaluator.java:300)
	at ptolemy.actor.ptalon.PtalonPopulator.actor_declaration(PtalonPopulator.java:1574)
	at ptolemy.actor.ptalon.PtalonPopulator.atomic_statement(PtalonPopulator.java:1638)
	at ptolemy.actor.ptalon.PtalonPopulator.iterative_statement_evaluator(PtalonPopulator.java:2484)
	at ptolemy.actor.ptalon.AbstractPtalonEvaluator$IfTree.evaluateForScope(AbstractPtalonEvaluator.java:1307)
	at ptolemy.actor.ptalon.AbstractPtalonEvaluator.evaluateForScope(AbstractPtalonEvaluator.java:744)
	at ptolemy.actor.ptalon.PtalonPopulator.iterative_statement(PtalonPopulator.java:2363)
	at ptolemy.actor.ptalon.PtalonPopulator.actor_definition(PtalonPopulator.java:2809)
	at ptolemy.actor.ptalon.PtalonActor.attributeChanged(PtalonActor.java:206)
	at ptolemy.actor.ptalon.PtalonMLHandler.startElement(PtalonMLHandler.java:134)
	at com.microstar.xml.XmlParser.parseElement(XmlParser.java:921)
	at com.microstar.xml.XmlParser.parseContent(XmlParser.java:1104)
	at com.microstar.xml.XmlParser.parseElement(XmlParser.java:924)
	at com.microstar.xml.XmlParser.parseDocument(XmlParser.java:481)
	at com.microstar.xml.XmlParser.doParse(XmlParser.java:159)
	at com.microstar.xml.XmlParser.parse(XmlParser.java:132)
	at ptolemy.actor.ptalon.PtalonActor.configure(PtalonActor.java:240)
	at ptolemy.moml.MoMLParser.endElement(MoMLParser.java:996)
	at com.microstar.xml.XmlParser.parseETag(XmlParser.java:1026)
	at com.microstar.xml.XmlParser.parseContent(XmlParser.java:1098)
	at com.microstar.xml.XmlParser.parseElement(XmlParser.java:924)
	at com.microstar.xml.XmlParser.parseContent(XmlParser.java:1104)
	at com.microstar.xml.XmlParser.parseElement(XmlParser.java:924)
	at com.microstar.xml.XmlParser.parseContent(XmlParser.java:1104)
	at com.microstar.xml.XmlParser.parseElement(XmlParser.java:924)
	at com.microstar.xml.XmlParser.parseDocument(XmlParser.java:481)
	at com.microstar.xml.XmlParser.doParse(XmlParser.java:159)
	at com.microstar.xml.XmlParser.parse(XmlParser.java:132)
	at ptolemy.moml.MoMLParser.parse(MoMLParser.java:1676)
	at ptolemy.moml.MoMLParser.parse(MoMLParser.java:1595)
	at ptolemy.moml.MoMLParser.parse(MoMLParser.java:1537)
	at ptolemy.actor.gui.PtolemyEffigy$Factory.createEffigy(PtolemyEffigy.java:424)
	at ptolemy.actor.gui.EffigyFactory.createEffigy(EffigyFactory.java:234)
	at ptolemy.actor.gui.Configuration.openModel(Configuration.java:1125)
	at ptolemy.actor.gui.Configuration.openModel(Configuration.java:1051)
	at ptolemy.actor.gui.ConfigurationApplication._openModel(ConfigurationApplication.java:1252)
	at ptolemy.actor.gui.ConfigurationApplication._parseArg(ConfigurationApplication.java:1399)
	at ptolemy.actor.gui.ConfigurationApplication._parseArgs(ConfigurationApplication.java:1478)
	at ptolemy.actor.gui.ConfigurationApplication.<init>(ConfigurationApplication.java:277)
	at ptolemy.actor.gui.ConfigurationApplication.<init>(ConfigurationApplication.java:214)
	at ptolemy.actor.gui.ConfigurationApplication.<init>(ConfigurationApplication.java:201)
	at ptolemy.actor.gui.ConfigurationApplication.openModelOrEntity(ConfigurationApplication.java:680)
	at ptolemy.vergil.basic.export.ExportModel$1.run(ExportModel.java:220)
	at java.awt.event.InvocationEvent.dispatch(InvocationEvent.java:301)
	at java.awt.EventQueue.dispatchEventImpl(EventQueue.java:756)
	at java.awt.EventQueue.access$500(EventQueue.java:97)
	at java.awt.EventQueue$3.run(EventQueue.java:709)
	at java.awt.EventQueue$3.run(EventQueue.java:703)
	at java.security.AccessController.doPrivileged(Native Method)
	at java.security.ProtectionDomain$JavaSecurityAccessImpl.doIntersectionPrivilege(ProtectionDomain.java:80)
	at java.awt.EventQueue.dispatchEvent(EventQueue.java:726)
	at java.awt.EventDispatchThread.pumpOneEventForFilters(EventDispatchThread.java:201)
	at java.awt.EventDispatchThread.pumpEventsForFilter(EventDispatchThread.java:116)
	at java.awt.EventDispatchThread.pumpEventsForHierarchy(EventDispatchThread.java:105)
	at java.awt.EventDispatchThread.pumpEvents(EventDispatchThread.java:101)
	at java.awt.EventDispatchThread.pumpEvents(EventDispatchThread.java:93)
	at java.awt.EventDispatchThread.run(EventDispatchThread.java:82)
Caused by: ptolemy.kernel.util.InternalErrorException: Element <entity name="sender1" class="ptolemy.actor.ptalon.demo.ptinyos.SendAndReceiveCnt.CntToLedsAndRfm"> caused an exception to be thrown.
  in .SendAndReceiveCnt.SendAndReceiveCnt
Because:
Cannot find class: ptolemy.actor.ptalon.demo.ptinyos.SendAndReceiveCnt.CntToLedsAndRfm. In Ptolemy, classes are typically Java .class files. Entities like actors may instead be defined within a .xml file.  In any case, the class was not found. If the class uses a third party package, then the class would be present only if the third party package was found at compile time.  It may be necessary to upgrade Java or install the third party package, reconfigure and recompile.
Because:
Element <entity name="MicaLeds" class="ptolemy.domains.ptinyos.lib.MicaLeds"> caused an exception to be thrown.
  in .CntToLedsAndRfm
Because:
Cannot find class: ptolemy.domains.ptinyos.lib.MicaLeds. In Ptolemy, classes are typically Java .class files. Entities like actors may instead be defined within a .xml file.  In any case, the class was not found. If the class uses a third party package, then the class would be present only if the third party package was found at compile time.  It may be necessary to upgrade Java or install the third party package, reconfigure and recompile.
Because:
-- /home/travis/build/icyphy/ptII/ptolemy/actor/ptalon/demo/ptinyos/SendAndReceiveCnt/ptolemy/domains/ptinyos/lib/MicaLeds.xml (No such file or directory)
-- XML file not found relative to classpath.
-- /home/travis/build/icyphy/ptII/ptolemy/vergil/basic/export/test/ptolemy/domains/ptinyos/lib/MicaLeds.xml
/home/travis/build/icyphy/ptII/ptolemy/vergil/basic/export/test/ptolemy/domains/ptinyos/lib/MicaLeds.xml (No such file or directory)
 in file:/home/travis/build/icyphy/ptII/ptolemy/actor/ptalon/demo/ptinyos/SendAndReceiveCnt/CntToLedsAndRfm.xml at line 132 and column 63
	at ptolemy.moml.SimpleErrorHandler.handleError(SimpleErrorHandler.java:75)
	at ptolemy.moml.MoMLParser.startElement(MoMLParser.java:3805)
	at com.microstar.xml.XmlParser.parseElement(XmlParser.java:931)
	at com.microstar.xml.XmlParser.parseDocument(XmlParser.java:481)
	at com.microstar.xml.XmlParser.doParse(XmlParser.java:159)
	at com.microstar.xml.XmlParser.parse(XmlParser.java:132)
	at ptolemy.moml.MoMLParser.parse(MoMLParser.java:1660)
	at ptolemy.moml.MoMLParser.parse(MoMLParser.java:1617)
	at ptolemy.moml.MoMLParser.parse(MoMLParser.java:1792)
	at ptolemy.actor.ptalon.PtalonEvaluator.addActor(PtalonEvaluator.java:241)
	... 56 more
Caused by: ptolemy.kernel.util.IllegalActionException: Cannot find class: ptolemy.actor.ptalon.demo.ptinyos.SendAndReceiveCnt.CntToLedsAndRfm. In Ptolemy, classes are typically Java .class files. Entities like actors may instead be defined within a .xml file.  In any case, the class was not found. If the class uses a third party package, then the class would be present only if the third party package was found at compile time.  It may be necessary to upgrade Java or install the third party package, reconfigure and recompile.
Because:
Element <entity name="MicaLeds" class="ptolemy.domains.ptinyos.lib.MicaLeds"> caused an exception to be thrown.
  in .CntToLedsAndRfm
Because:
Cannot find class: ptolemy.domains.ptinyos.lib.MicaLeds. In Ptolemy, classes are typically Java .class files. Entities like actors may instead be defined within a .xml file.  In any case, the class was not found. If the class uses a third party package, then the class would be present only if the third party package was found at compile time.  It may be necessary to upgrade Java or install the third party package, reconfigure and recompile.
Because:
-- /home/travis/build/icyphy/ptII/ptolemy/actor/ptalon/demo/ptinyos/SendAndReceiveCnt/ptolemy/domains/ptinyos/lib/MicaLeds.xml (No such file or directory)
-- XML file not found relative to classpath.
-- /home/travis/build/icyphy/ptII/ptolemy/vergil/basic/export/test/ptolemy/domains/ptinyos/lib/MicaLeds.xml
/home/travis/build/icyphy/ptII/ptolemy/vergil/basic/export/test/ptolemy/domains/ptinyos/lib/MicaLeds.xml (No such file or directory)
 in file:/home/travis/build/icyphy/ptII/ptolemy/actor/ptalon/demo/ptinyos/SendAndReceiveCnt/CntToLedsAndRfm.xml at line 132 and column 63
	at ptolemy.moml.MoMLParser._createEntity(MoMLParser.java:4330)
	at ptolemy.moml.MoMLParser.startElement(MoMLParser.java:2864)
	... 64 more
Caused by: ptolemy.kernel.util.InternalErrorException: Element <entity name="MicaLeds" class="ptolemy.domains.ptinyos.lib.MicaLeds"> caused an exception to be thrown.
  in .CntToLedsAndRfm
Because:
Cannot find class: ptolemy.domains.ptinyos.lib.MicaLeds. In Ptolemy, classes are typically Java .class files. Entities like actors may instead be defined within a .xml file.  In any case, the class was not found. If the class uses a third party package, then the class would be present only if the third party package was found at compile time.  It may be necessary to upgrade Java or install the third party package, reconfigure and recompile.
Because:
-- /home/travis/build/icyphy/ptII/ptolemy/actor/ptalon/demo/ptinyos/SendAndReceiveCnt/ptolemy/domains/ptinyos/lib/MicaLeds.xml (No such file or directory)
-- XML file not found relative to classpath.
-- /home/travis/build/icyphy/ptII/ptolemy/vergil/basic/export/test/ptolemy/domains/ptinyos/lib/MicaLeds.xml
/home/travis/build/icyphy/ptII/ptolemy/vergil/basic/export/test/ptolemy/domains/ptinyos/lib/MicaLeds.xml (No such file or directory)
 in file:/home/travis/build/icyphy/ptII/ptolemy/actor/ptalon/demo/ptinyos/SendAndReceiveCnt/CntToLedsAndRfm.xml at line 132 and column 63
	at ptolemy.moml.SimpleErrorHandler.handleError(SimpleErrorHandler.java:75)
	at ptolemy.moml.MoMLParser.startElement(MoMLParser.java:3805)
	at com.microstar.xml.XmlParser.parseElement(XmlParser.java:921)
	at com.microstar.xml.XmlParser.parseContent(XmlParser.java:1104)
	at com.microstar.xml.XmlParser.parseElement(XmlParser.java:924)
	at com.microstar.xml.XmlParser.parseDocument(XmlParser.java:481)
	at com.microstar.xml.XmlParser.doParse(XmlParser.java:159)
	at com.microstar.xml.XmlParser.parse(XmlParser.java:132)
	at ptolemy.moml.MoMLParser.parse(MoMLParser.java:1676)
	at ptolemy.moml.MoMLParser.parse(MoMLParser.java:1595)
	at ptolemy.moml.MoMLParser.parse(MoMLParser.java:1537)
	at ptolemy.moml.MoMLParser._findOrParse(MoMLParser.java:5286)
	at ptolemy.moml.MoMLParser._attemptToFindMoMLClass(MoMLParser.java:4075)
	at ptolemy.moml.MoMLParser._createEntity(MoMLParser.java:4323)
	... 65 more
Caused by: ptolemy.kernel.util.IllegalActionException: Cannot find class: ptolemy.domains.ptinyos.lib.MicaLeds. In Ptolemy, classes are typically Java .class files. Entities like actors may instead be defined within a .xml file.  In any case, the class was not found. If the class uses a third party package, then the class would be present only if the third party package was found at compile time.  It may be necessary to upgrade Java or install the third party package, reconfigure and recompile.
Because:
-- /home/travis/build/icyphy/ptII/ptolemy/actor/ptalon/demo/ptinyos/SendAndReceiveCnt/ptolemy/domains/ptinyos/lib/MicaLeds.xml (No such file or directory)
-- XML file not found relative to classpath.
-- /home/travis/build/icyphy/ptII/ptolemy/vergil/basic/export/test/ptolemy/domains/ptinyos/lib/MicaLeds.xml
/home/travis/build/icyphy/ptII/ptolemy/vergil/basic/export/test/ptolemy/domains/ptinyos/lib/MicaLeds.xml (No such file or directory)
 in file:/home/travis/build/icyphy/ptII/ptolemy/actor/ptalon/demo/ptinyos/SendAndReceiveCnt/CntToLedsAndRfm.xml at line 132 and column 63
	at ptolemy.moml.MoMLParser._createEntity(MoMLParser.java:4330)
	at ptolemy.moml.MoMLParser.startElement(MoMLParser.java:2864)
	... 77 more
Caused by: com.microstar.xml.XmlException: -- /home/travis/build/icyphy/ptII/ptolemy/actor/ptalon/demo/ptinyos/SendAndReceiveCnt/ptolemy/domains/ptinyos/lib/MicaLeds.xml (No such file or directory)
-- XML file not found relative to classpath.
-- /home/travis/build/icyphy/ptII/ptolemy/vergil/basic/export/test/ptolemy/domains/ptinyos/lib/MicaLeds.xml
/home/travis/build/icyphy/ptII/ptolemy/vergil/basic/export/test/ptolemy/domains/ptinyos/lib/MicaLeds.xml (No such file or directory)
 in file:/home/travis/build/icyphy/ptII/ptolemy/actor/ptalon/demo/ptinyos/SendAndReceiveCnt/CntToLedsAndRfm.xml at line 132 and column 63
	at ptolemy.moml.MoMLParser.fileNameToURL(MoMLParser.java:1414)
	at ptolemy.moml.MoMLParser._findOrParse(MoMLParser.java:5283)
	at ptolemy.moml.MoMLParser._attemptToFindMoMLClass(MoMLParser.java:4075)
	at ptolemy.moml.MoMLParser._createEntity(MoMLParser.java:4323)
	... 78 more
Failed to read file:/home/travis/build/icyphy/ptII/ptolemy/actor/ptalon/demo/ptinyos/SendAndReceiveCnt/SendAndReceiveCnt.xml
ptolemy.kernel.util.IllegalActionException: Failed to process attribute change to PtalonParameter, whose value is "ptolemy.actor.ptalon.PtalonExpressionParameter {.SendAndReceiveCnt.SendAndReceiveCnt.channelName} "AtomicWirelessChannel"".
  in .SendAndReceiveCnt.SendAndReceiveCnt
Because:
Unable to add actor null
	at ptolemy.actor.ptalon.PtalonActor.attributeChanged(PtalonActor.java:211)
	at ptolemy.actor.ptalon.PtalonMLHandler.startElement(PtalonMLHandler.java:134)
	at com.microstar.xml.XmlParser.parseElement(XmlParser.java:921)
	at com.microstar.xml.XmlParser.parseContent(XmlParser.java:1104)
	at com.microstar.xml.XmlParser.parseElement(XmlParser.java:924)
	at com.microstar.xml.XmlParser.parseDocument(XmlParser.java:481)
	at com.microstar.xml.XmlParser.doParse(XmlParser.java:159)
	at com.microstar.xml.XmlParser.parse(XmlParser.java:132)
	at ptolemy.actor.ptalon.PtalonActor.configure(PtalonActor.java:240)
	at ptolemy.moml.MoMLParser.endElement(MoMLParser.java:996)
	at com.microstar.xml.XmlParser.parseETag(XmlParser.java:1026)
	at com.microstar.xml.XmlParser.parseContent(XmlParser.java:1098)
	at com.microstar.xml.XmlParser.parseElement(XmlParser.java:924)
	at com.microstar.xml.XmlParser.parseContent(XmlParser.java:1104)
	at com.microstar.xml.XmlParser.parseElement(XmlParser.java:924)
	at com.microstar.xml.XmlParser.parseContent(XmlParser.java:1104)
	at com.microstar.xml.XmlParser.parseElement(XmlParser.java:924)
	at com.microstar.xml.XmlParser.parseDocument(XmlParser.java:481)
	at com.microstar.xml.XmlParser.doParse(XmlParser.java:159)
	at com.microstar.xml.XmlParser.parse(XmlParser.java:132)
	at ptolemy.moml.MoMLParser.parse(MoMLParser.java:1676)
	at ptolemy.moml.MoMLParser.parse(MoMLParser.java:1595)
	at ptolemy.moml.MoMLParser.parse(MoMLParser.java:1537)
	at ptolemy.actor.gui.PtolemyEffigy$Factory.createEffigy(PtolemyEffigy.java:424)
	at ptolemy.actor.gui.EffigyFactory.createEffigy(EffigyFactory.java:234)
	at ptolemy.actor.gui.Configuration.openModel(Configuration.java:1125)
	at ptolemy.actor.gui.Configuration.openModel(Configuration.java:1051)
	at ptolemy.actor.gui.ConfigurationApplication._openModel(ConfigurationApplication.java:1252)
	at ptolemy.actor.gui.ConfigurationApplication._parseArg(ConfigurationApplication.java:1399)
	at ptolemy.actor.gui.ConfigurationApplication._parseArgs(ConfigurationApplication.java:1478)
	at ptolemy.actor.gui.ConfigurationApplication.<init>(ConfigurationApplication.java:277)
	at ptolemy.actor.gui.ConfigurationApplication.<init>(ConfigurationApplication.java:214)
	at ptolemy.actor.gui.ConfigurationApplication.<init>(ConfigurationApplication.java:201)
	at ptolemy.actor.gui.ConfigurationApplication.openModelOrEntity(ConfigurationApplication.java:680)
	at ptolemy.vergil.basic.export.ExportModel$1.run(ExportModel.java:220)
	at java.awt.event.InvocationEvent.dispatch(InvocationEvent.java:301)
	at java.awt.EventQueue.dispatchEventImpl(EventQueue.java:756)
	at java.awt.EventQueue.access$500(EventQueue.java:97)
	at java.awt.EventQueue$3.run(EventQueue.java:709)
	at java.awt.EventQueue$3.run(EventQueue.java:703)
	at java.security.AccessController.doPrivileged(Native Method)
	at java.security.ProtectionDomain$JavaSecurityAccessImpl.doIntersectionPrivilege(ProtectionDomain.java:80)
	at java.awt.EventQueue.dispatchEvent(EventQueue.java:726)
	at java.awt.EventDispatchThread.pumpOneEventForFilters(EventDispatchThread.java:201)
	at java.awt.EventDispatchThread.pumpEventsForFilter(EventDispatchThread.java:116)
	at java.awt.EventDispatchThread.pumpEventsForHierarchy(EventDispatchThread.java:105)
	at java.awt.EventDispatchThread.pumpEvents(EventDispatchThread.java:101)
	at java.awt.EventDispatchThread.pumpEvents(EventDispatchThread.java:93)
	at java.awt.EventDispatchThread.run(EventDispatchThread.java:82)
Caused by: ptolemy.actor.ptalon.PtalonRuntimeException: Unable to add actor null
	at ptolemy.actor.ptalon.PtalonEvaluator.addActor(PtalonEvaluator.java:300)
	at ptolemy.actor.ptalon.PtalonPopulator.actor_declaration(PtalonPopulator.java:1574)
	at ptolemy.actor.ptalon.PtalonPopulator.atomic_statement(PtalonPopulator.java:1638)
	at ptolemy.actor.ptalon.PtalonPopulator.iterative_statement_evaluator(PtalonPopulator.java:2484)
	at ptolemy.actor.ptalon.AbstractPtalonEvaluator$IfTree.evaluateForScope(AbstractPtalonEvaluator.java:1307)
	at ptolemy.actor.ptalon.AbstractPtalonEvaluator.evaluateForScope(AbstractPtalonEvaluator.java:744)
	at ptolemy.actor.ptalon.PtalonPopulator.iterative_statement(PtalonPopulator.java:2363)
	at ptolemy.actor.ptalon.PtalonPopulator.actor_definition(PtalonPopulator.java:2809)
	at ptolemy.actor.ptalon.PtalonActor.attributeChanged(PtalonActor.java:206)
	... 48 more
Caused by: ptolemy.kernel.util.InternalErrorException: Element <entity name="sender1" class="ptolemy.actor.ptalon.demo.ptinyos.SendAndReceiveCnt.CntToLedsAndRfm"> caused an exception to be thrown.
  in .SendAndReceiveCnt.SendAndReceiveCnt
Because:
Cannot find class: ptolemy.actor.ptalon.demo.ptinyos.SendAndReceiveCnt.CntToLedsAndRfm. In Ptolemy, classes are typically Java .class files. Entities like actors may instead be defined within a .xml file.  In any case, the class was not found. If the class uses a third party package, then the class would be present only if the third party package was found at compile time.  It may be necessary to upgrade Java or install the third party package, reconfigure and recompile.
Because:
Element <entity name="MicaLeds" class="ptolemy.domains.ptinyos.lib.MicaLeds"> caused an exception to be thrown.
  in .CntToLedsAndRfm
Because:
Cannot find class: ptolemy.domains.ptinyos.lib.MicaLeds. In Ptolemy, classes are typically Java .class files. Entities like actors may instead be defined within a .xml file.  In any case, the class was not found. If the class uses a third party package, then the class would be present only if the third party package was found at compile time.  It may be necessary to upgrade Java or install the third party package, reconfigure and recompile.
Because:
-- /home/travis/build/icyphy/ptII/ptolemy/actor/ptalon/demo/ptinyos/SendAndReceiveCnt/ptolemy/domains/ptinyos/lib/MicaLeds.xml (No such file or directory)
-- XML file not found relative to classpath.
-- /home/travis/build/icyphy/ptII/ptolemy/vergil/basic/export/test/ptolemy/domains/ptinyos/lib/MicaLeds.xml
/home/travis/build/icyphy/ptII/ptolemy/vergil/basic/export/test/ptolemy/domains/ptinyos/lib/MicaLeds.xml (No such file or directory)
 in file:/home/travis/build/icyphy/ptII/ptolemy/actor/ptalon/demo/ptinyos/SendAndReceiveCnt/CntToLedsAndRfm.xml at line 132 and column 63
	at ptolemy.moml.SimpleErrorHandler.handleError(SimpleErrorHandler.java:75)
	at ptolemy.moml.MoMLParser.startElement(MoMLParser.java:3805)
	at com.microstar.xml.XmlParser.parseElement(XmlParser.java:931)
	at com.microstar.xml.XmlParser.parseDocument(XmlParser.java:481)
	at com.microstar.xml.XmlParser.doParse(XmlParser.java:159)
	at com.microstar.xml.XmlParser.parse(XmlParser.java:132)
	at ptolemy.moml.MoMLParser.parse(MoMLParser.java:1660)
	at ptolemy.moml.MoMLParser.parse(MoMLParser.java:1617)
	at ptolemy.moml.MoMLParser.parse(MoMLParser.java:1792)
	at ptolemy.actor.ptalon.PtalonEvaluator.addActor(PtalonEvaluator.java:241)
	... 56 more
Caused by: ptolemy.kernel.util.IllegalActionException: Cannot find class: ptolemy.actor.ptalon.demo.ptinyos.SendAndReceiveCnt.CntToLedsAndRfm. In Ptolemy, classes are typically Java .class files. Entities like actors may instead be defined within a .xml file.  In any case, the class was not found. If the class uses a third party package, then the class would be present only if the third party package was found at compile time.  It may be necessary to upgrade Java or install the third party package, reconfigure and recompile.
Because:
Element <entity name="MicaLeds" class="ptolemy.domains.ptinyos.lib.MicaLeds"> caused an exception to be thrown.
  in .CntToLedsAndRfm
Because:
Cannot find class: ptolemy.domains.ptinyos.lib.MicaLeds. In Ptolemy, classes are typically Java .class files. Entities like actors may instead be defined within a .xml file.  In any case, the class was not found. If the class uses a third party package, then the class would be present only if the third party package was found at compile time.  It may be necessary to upgrade Java or install the third party package, reconfigure and recompile.
Because:
-- /home/travis/build/icyphy/ptII/ptolemy/actor/ptalon/demo/ptinyos/SendAndReceiveCnt/ptolemy/domains/ptinyos/lib/MicaLeds.xml (No such file or directory)
-- XML file not found relative to classpath.
-- /home/travis/build/icyphy/ptII/ptolemy/vergil/basic/export/test/ptolemy/domains/ptinyos/lib/MicaLeds.xml
/home/travis/build/icyphy/ptII/ptolemy/vergil/basic/export/test/ptolemy/domains/ptinyos/lib/MicaLeds.xml (No such file or directory)
 in file:/home/travis/build/icyphy/ptII/ptolemy/actor/ptalon/demo/ptinyos/SendAndReceiveCnt/CntToLedsAndRfm.xml at line 132 and column 63
	at ptolemy.moml.MoMLParser._createEntity(MoMLParser.java:4330)
	at ptolemy.moml.MoMLParser.startElement(MoMLParser.java:2864)
	... 64 more
Caused by: ptolemy.kernel.util.InternalErrorException: Element <entity name="MicaLeds" class="ptolemy.domains.ptinyos.lib.MicaLeds"> caused an exception to be thrown.
  in .CntToLedsAndRfm
Because:
Cannot find class: ptolemy.domains.ptinyos.lib.MicaLeds. In Ptolemy, classes are typically Java .class files. Entities like actors may instead be defined within a .xml file.  In any case, the class was not found. If the class uses a third party package, then the class would be present only if the third party package was found at compile time.  It may be necessary to upgrade Java or install the third party package, reconfigure and recompile.
Because:
-- /home/travis/build/icyphy/ptII/ptolemy/actor/ptalon/demo/ptinyos/SendAndReceiveCnt/ptolemy/domains/ptinyos/lib/MicaLeds.xml (No such file or directory)
-- XML file not found relative to classpath.
-- /home/travis/build/icyphy/ptII/ptolemy/vergil/basic/export/test/ptolemy/domains/ptinyos/lib/MicaLeds.xml
/home/travis/build/icyphy/ptII/ptolemy/vergil/basic/export/test/ptolemy/domains/ptinyos/lib/MicaLeds.xml (No such file or directory)
 in file:/home/travis/build/icyphy/ptII/ptolemy/actor/ptalon/demo/ptinyos/SendAndReceiveCnt/CntToLedsAndRfm.xml at line 132 and column 63
	at ptolemy.moml.SimpleErrorHandler.handleError(SimpleErrorHandler.java:75)
	at ptolemy.moml.MoMLParser.startElement(MoMLParser.java:3805)
	at com.microstar.xml.XmlParser.parseElement(XmlParser.java:921)
	at com.microstar.xml.XmlParser.parseContent(XmlParser.java:1104)
	at com.microstar.xml.XmlParser.parseElement(XmlParser.java:924)
	at com.microstar.xml.XmlParser.parseDocument(XmlParser.java:481)
	at com.microstar.xml.XmlParser.doParse(XmlParser.java:159)
	at com.microstar.xml.XmlParser.parse(XmlParser.java:132)
	at ptolemy.moml.MoMLParser.parse(MoMLParser.java:1676)
	at ptolemy.moml.MoMLParser.parse(MoMLParser.java:1595)
	at ptolemy.moml.MoMLParser.parse(MoMLParser.java:1537)
	at ptolemy.moml.MoMLParser._findOrParse(MoMLParser.java:5286)
	at ptolemy.moml.MoMLParser._attemptToFindMoMLClass(MoMLParser.java:4075)
	at ptolemy.moml.MoMLParser._createEntity(MoMLParser.java:4323)
	... 65 more
Caused by: ptolemy.kernel.util.IllegalActionException: Cannot find class: ptolemy.domains.ptinyos.lib.MicaLeds. In Ptolemy, classes are typically Java .class files. Entities like actors may instead be defined within a .xml file.  In any case, the class was not found. If the class uses a third party package, then the class would be present only if the third party package was found at compile time.  It may be necessary to upgrade Java or install the third party package, reconfigure and recompile.
Because:
-- /home/travis/build/icyphy/ptII/ptolemy/actor/ptalon/demo/ptinyos/SendAndReceiveCnt/ptolemy/domains/ptinyos/lib/MicaLeds.xml (No such file or directory)
-- XML file not found relative to classpath.
-- /home/travis/build/icyphy/ptII/ptolemy/vergil/basic/export/test/ptolemy/domains/ptinyos/lib/MicaLeds.xml
/home/travis/build/icyphy/ptII/ptolemy/vergil/basic/export/test/ptolemy/domains/ptinyos/lib/MicaLeds.xml (No such file or directory)
 in file:/home/travis/build/icyphy/ptII/ptolemy/actor/ptalon/demo/ptinyos/SendAndReceiveCnt/CntToLedsAndRfm.xml at line 132 and column 63
	at ptolemy.moml.MoMLParser._createEntity(MoMLParser.java:4330)
	at ptolemy.moml.MoMLParser.startElement(MoMLParser.java:2864)
	... 77 more
Caused by: com.microstar.xml.XmlException: -- /home/travis/build/icyphy/ptII/ptolemy/actor/ptalon/demo/ptinyos/SendAndReceiveCnt/ptolemy/domains/ptinyos/lib/MicaLeds.xml (No such file or directory)
-- XML file not found relative to classpath.
-- /home/travis/build/icyphy/ptII/ptolemy/vergil/basic/export/test/ptolemy/domains/ptinyos/lib/MicaLeds.xml
/home/travis/build/icyphy/ptII/ptolemy/vergil/basic/export/test/ptolemy/domains/ptinyos/lib/MicaLeds.xml (No such file or directory)
 in file:/home/travis/build/icyphy/ptII/ptolemy/actor/ptalon/demo/ptinyos/SendAndReceiveCnt/CntToLedsAndRfm.xml at line 132 and column 63
	at ptolemy.moml.MoMLParser.fileNameToURL(MoMLParser.java:1414)
	at ptolemy.moml.MoMLParser._findOrParse(MoMLParser.java:5283)
	at ptolemy.moml.MoMLParser._attemptToFindMoMLClass(MoMLParser.java:4075)
	at ptolemy.moml.MoMLParser._createEntity(MoMLParser.java:4323)
	... 78 more
Caused by: ptolemy.actor.ptalon.PtalonRuntimeException: Unable to add actor null
	at ptolemy.actor.ptalon.PtalonEvaluator.addActor(PtalonEvaluator.java:300)
	at ptolemy.actor.ptalon.PtalonPopulator.actor_declaration(PtalonPopulator.java:1574)
	at ptolemy.actor.ptalon.PtalonPopulator.atomic_statement(PtalonPopulator.java:1638)
	at ptolemy.actor.ptalon.PtalonPopulator.iterative_statement_evaluator(PtalonPopulator.java:2484)
	at ptolemy.actor.ptalon.AbstractPtalonEvaluator$IfTree.evaluateForScope(AbstractPtalonEvaluator.java:1307)
	at ptolemy.actor.ptalon.AbstractPtalonEvaluator.evaluateForScope(AbstractPtalonEvaluator.java:744)
	at ptolemy.actor.ptalon.PtalonPopulator.iterative_statement(PtalonPopulator.java:2363)
	at ptolemy.actor.ptalon.PtalonPopulator.actor_definition(PtalonPopulator.java:2809)
	at ptolemy.actor.ptalon.PtalonActor.attributeChanged(PtalonActor.java:206)
	at ptolemy.actor.ptalon.PtalonMLHandler.startElement(PtalonMLHandler.java:134)
	at com.microstar.xml.XmlParser.parseElement(XmlParser.java:921)
	at com.microstar.xml.XmlParser.parseContent(XmlParser.java:1104)
	at com.microstar.xml.XmlParser.parseElement(XmlParser.java:924)
	at com.microstar.xml.XmlParser.parseDocument(XmlParser.java:481)
	at com.microstar.xml.XmlParser.doParse(XmlParser.java:159)
	at com.microstar.xml.XmlParser.parse(XmlParser.java:132)
	at ptolemy.actor.ptalon.PtalonActor.configure(PtalonActor.java:240)
	at ptolemy.moml.MoMLParser.endElement(MoMLParser.java:996)
	at com.microstar.xml.XmlParser.parseETag(XmlParser.java:1026)
	at com.microstar.xml.XmlParser.parseContent(XmlParser.java:1098)
	at com.microstar.xml.XmlParser.parseElement(XmlParser.java:924)
	at com.microstar.xml.XmlParser.parseContent(XmlParser.java:1104)
	at com.microstar.xml.XmlParser.parseElement(XmlParser.java:924)
	at com.microstar.xml.XmlParser.parseContent(XmlParser.java:1104)
	at com.microstar.xml.XmlParser.parseElement(XmlParser.java:924)
	at com.microstar.xml.XmlParser.parseDocument(XmlParser.java:481)
	at com.microstar.xml.XmlParser.doParse(XmlParser.java:159)
	at com.microstar.xml.XmlParser.parse(XmlParser.java:132)
	at ptolemy.moml.MoMLParser.parse(MoMLParser.java:1676)
	at ptolemy.moml.MoMLParser.parse(MoMLParser.java:1595)
	at ptolemy.moml.MoMLParser.parse(MoMLParser.java:1537)
	at ptolemy.actor.gui.PtolemyEffigy$Factory.createEffigy(PtolemyEffigy.java:424)
	at ptolemy.actor.gui.EffigyFactory.createEffigy(EffigyFactory.java:234)
	at ptolemy.actor.gui.Configuration.openModel(Configuration.java:1125)
	at ptolemy.actor.gui.Configuration.openModel(Configuration.java:1051)
	at ptolemy.actor.gui.ConfigurationApplication._openModel(ConfigurationApplication.java:1252)
	at ptolemy.actor.gui.ConfigurationApplication._parseArg(ConfigurationApplication.java:1399)
	at ptolemy.actor.gui.ConfigurationApplication._parseArgs(ConfigurationApplication.java:1478)
	at ptolemy.actor.gui.ConfigurationApplication.<init>(ConfigurationApplication.java:277)
	at ptolemy.actor.gui.ConfigurationApplication.<init>(ConfigurationApplication.java:214)
	at ptolemy.actor.gui.ConfigurationApplication.<init>(ConfigurationApplication.java:201)
	at ptolemy.actor.gui.ConfigurationApplication.openModelOrEntity(ConfigurationApplication.java:680)
	at ptolemy.vergil.basic.export.ExportModel$1.run(ExportModel.java:220)
	at java.awt.event.InvocationEvent.dispatch(InvocationEvent.java:301)
	at java.awt.EventQueue.dispatchEventImpl(EventQueue.java:756)
	at java.awt.EventQueue.access$500(EventQueue.java:97)
	at java.awt.EventQueue$3.run(EventQueue.java:709)
	at java.awt.EventQueue$3.run(EventQueue.java:703)
	at java.security.AccessController.doPrivileged(Native Method)
	at java.security.ProtectionDomain$JavaSecurityAccessImpl.doIntersectionPrivilege(ProtectionDomain.java:80)
	at java.awt.EventQueue.dispatchEvent(EventQueue.java:726)
	at java.awt.EventDispatchThread.pumpOneEventForFilters(EventDispatchThread.java:201)
	at java.awt.EventDispatchThread.pumpEventsForFilter(EventDispatchThread.java:116)
	at java.awt.EventDispatchThread.pumpEventsForHierarchy(EventDispatchThread.java:105)
	at java.awt.EventDispatchThread.pumpEvents(EventDispatchThread.java:101)
	at java.awt.EventDispatchThread.pumpEvents(EventDispatchThread.java:93)
	at java.awt.EventDispatchThread.run(EventDispatchThread.java:82)
Caused by: ptolemy.kernel.util.InternalErrorException: Element <entity name="sender1" class="ptolemy.actor.ptalon.demo.ptinyos.SendAndReceiveCnt.CntToLedsAndRfm"> caused an exception to be thrown.
  in .SendAndReceiveCnt.SendAndReceiveCnt
Because:
Cannot find class: ptolemy.actor.ptalon.demo.ptinyos.SendAndReceiveCnt.CntToLedsAndRfm. In Ptolemy, classes are typically Java .class files. Entities like actors may instead be defined within a .xml file.  In any case, the class was not found. If the class uses a third party package, then the class would be present only if the third party package was found at compile time.  It may be necessary to upgrade Java or install the third party package, reconfigure and recompile.
Because:
Element <entity name="MicaLeds" class="ptolemy.domains.ptinyos.lib.MicaLeds"> caused an exception to be thrown.
  in .CntToLedsAndRfm
Because:
Cannot find class: ptolemy.domains.ptinyos.lib.MicaLeds. In Ptolemy, classes are typically Java .class files. Entities like actors may instead be defined within a .xml file.  In any case, the class was not found. If the class uses a third party package, then the class would be present only if the third party package was found at compile time.  It may be necessary to upgrade Java or install the third party package, reconfigure and recompile.
Because:
-- /home/travis/build/icyphy/ptII/ptolemy/actor/ptalon/demo/ptinyos/SendAndReceiveCnt/ptolemy/domains/ptinyos/lib/MicaLeds.xml (No such file or directory)
-- XML file not found relative to classpath.
-- /home/travis/build/icyphy/ptII/ptolemy/vergil/basic/export/test/ptolemy/domains/ptinyos/lib/MicaLeds.xml
/home/travis/build/icyphy/ptII/ptolemy/vergil/basic/export/test/ptolemy/domains/ptinyos/lib/MicaLeds.xml (No such file or directory)
 in file:/home/travis/build/icyphy/ptII/ptolemy/actor/ptalon/demo/ptinyos/SendAndReceiveCnt/CntToLedsAndRfm.xml at line 132 and column 63
	at ptolemy.moml.SimpleErrorHandler.handleError(SimpleErrorHandler.java:75)
	at ptolemy.moml.MoMLParser.startElement(MoMLParser.java:3805)
	at com.microstar.xml.XmlParser.parseElement(XmlParser.java:931)
	at com.microstar.xml.XmlParser.parseDocument(XmlParser.java:481)
	at com.microstar.xml.XmlParser.doParse(XmlParser.java:159)
	at com.microstar.xml.XmlParser.parse(XmlParser.java:132)
	at ptolemy.moml.MoMLParser.parse(MoMLParser.java:1660)
	at ptolemy.moml.MoMLParser.parse(MoMLParser.java:1617)
	at ptolemy.moml.MoMLParser.parse(MoMLParser.java:1792)
	at ptolemy.actor.ptalon.PtalonEvaluator.addActor(PtalonEvaluator.java:241)
	... 56 more
Caused by: ptolemy.kernel.util.IllegalActionException: Cannot find class: ptolemy.actor.ptalon.demo.ptinyos.SendAndReceiveCnt.CntToLedsAndRfm. In Ptolemy, classes are typically Java .class files. Entities like actors may instead be defined within a .xml file.  In any case, the class was not found. If the class uses a third party package, then the class would be present only if the third party package was found at compile time.  It may be necessary to upgrade Java or install the third party package, reconfigure and recompile.
Because:
Element <entity name="MicaLeds" class="ptolemy.domains.ptinyos.lib.MicaLeds"> caused an exception to be thrown.
  in .CntToLedsAndRfm
Because:
Cannot find class: ptolemy.domains.ptinyos.lib.MicaLeds. In Ptolemy, classes are typically Java .class files. Entities like actors may instead be defined within a .xml file.  In any case, the class was not found. If the class uses a third party package, then the class would be present only if the third party package was found at compile time.  It may be necessary to upgrade Java or install the third party package, reconfigure and recompile.
Because:
-- /home/travis/build/icyphy/ptII/ptolemy/actor/ptalon/demo/ptinyos/SendAndReceiveCnt/ptolemy/domains/ptinyos/lib/MicaLeds.xml (No such file or directory)
-- XML file not found relative to classpath.
-- /home/travis/build/icyphy/ptII/ptolemy/vergil/basic/export/test/ptolemy/domains/ptinyos/lib/MicaLeds.xml
/home/travis/build/icyphy/ptII/ptolemy/vergil/basic/export/test/ptolemy/domains/ptinyos/lib/MicaLeds.xml (No such file or directory)
 in file:/home/travis/build/icyphy/ptII/ptolemy/actor/ptalon/demo/ptinyos/SendAndReceiveCnt/CntToLedsAndRfm.xml at line 132 and column 63
	at ptolemy.moml.MoMLParser._createEntity(MoMLParser.java:4330)
	at ptolemy.moml.MoMLParser.startElement(MoMLParser.java:2864)
	... 64 more
Caused by: ptolemy.kernel.util.InternalErrorException: Element <entity name="MicaLeds" class="ptolemy.domains.ptinyos.lib.MicaLeds"> caused an exception to be thrown.
  in .CntToLedsAndRfm
Because:
Cannot find class: ptolemy.domains.ptinyos.lib.MicaLeds. In Ptolemy, classes are typically Java .class files. Entities like actors may instead be defined within a .xml file.  In any case, the class was not found. If the class uses a third party package, then the class would be present only if the third party package was found at compile time.  It may be necessary to upgrade Java or install the third party package, reconfigure and recompile.
Because:
-- /home/travis/build/icyphy/ptII/ptolemy/actor/ptalon/demo/ptinyos/SendAndReceiveCnt/ptolemy/domains/ptinyos/lib/MicaLeds.xml (No such file or directory)
-- XML file not found relative to classpath.
-- /home/travis/build/icyphy/ptII/ptolemy/vergil/basic/export/test/ptolemy/domains/ptinyos/lib/MicaLeds.xml
/home/travis/build/icyphy/ptII/ptolemy/vergil/basic/export/test/ptolemy/domains/ptinyos/lib/MicaLeds.xml (No such file or directory)
 in file:/home/travis/build/icyphy/ptII/ptolemy/actor/ptalon/demo/ptinyos/SendAndReceiveCnt/CntToLedsAndRfm.xml at line 132 and column 63
	at ptolemy.moml.SimpleErrorHandler.handleError(SimpleErrorHandler.java:75)
	at ptolemy.moml.MoMLParser.startElement(MoMLParser.java:3805)
	at com.microstar.xml.XmlParser.parseElement(XmlParser.java:921)
	at com.microstar.xml.XmlParser.parseContent(XmlParser.java:1104)
	at com.microstar.xml.XmlParser.parseElement(XmlParser.java:924)
	at com.microstar.xml.XmlParser.parseDocument(XmlParser.java:481)
	at com.microstar.xml.XmlParser.doParse(XmlParser.java:159)
	at com.microstar.xml.XmlParser.parse(XmlParser.java:132)
	at ptolemy.moml.MoMLParser.parse(MoMLParser.java:1676)
	at ptolemy.moml.MoMLParser.parse(MoMLParser.java:1595)
	at ptolemy.moml.MoMLParser.parse(MoMLParser.java:1537)
	at ptolemy.moml.MoMLParser._findOrParse(MoMLParser.java:5286)
	at ptolemy.moml.MoMLParser._attemptToFindMoMLClass(MoMLParser.java:4075)
	at ptolemy.moml.MoMLParser._createEntity(MoMLParser.java:4323)
	... 65 more
Caused by: ptolemy.kernel.util.IllegalActionException: Cannot find class: ptolemy.domains.ptinyos.lib.MicaLeds. In Ptolemy, classes are typically Java .class files. Entities like actors may instead be defined within a .xml file.  In any case, the class was not found. If the class uses a third party package, then the class would be present only if the third party package was found at compile time.  It may be necessary to upgrade Java or install the third party package, reconfigure and recompile.
Because:
-- /home/travis/build/icyphy/ptII/ptolemy/actor/ptalon/demo/ptinyos/SendAndReceiveCnt/ptolemy/domains/ptinyos/lib/MicaLeds.xml (No such file or directory)
-- XML file not found relative to classpath.
-- /home/travis/build/icyphy/ptII/ptolemy/vergil/basic/export/test/ptolemy/domains/ptinyos/lib/MicaLeds.xml
/home/travis/build/icyphy/ptII/ptolemy/vergil/basic/export/test/ptolemy/domains/ptinyos/lib/MicaLeds.xml (No such file or directory)
 in file:/home/travis/build/icyphy/ptII/ptolemy/actor/ptalon/demo/ptinyos/SendAndReceiveCnt/CntToLedsAndRfm.xml at line 132 and column 63
	at ptolemy.moml.MoMLParser._createEntity(MoMLParser.java:4330)
	at ptolemy.moml.MoMLParser.startElement(MoMLParser.java:2864)
	... 77 more
Caused by: com.microstar.xml.XmlException: -- /home/travis/build/icyphy/ptII/ptolemy/actor/ptalon/demo/ptinyos/SendAndReceiveCnt/ptolemy/domains/ptinyos/lib/MicaLeds.xml (No such file or directory)
-- XML file not found relative to classpath.
-- /home/travis/build/icyphy/ptII/ptolemy/vergil/basic/export/test/ptolemy/domains/ptinyos/lib/MicaLeds.xml
/home/travis/build/icyphy/ptII/ptolemy/vergil/basic/export/test/ptolemy/domains/ptinyos/lib/MicaLeds.xml (No such file or directory)
 in file:/home/travis/build/icyphy/ptII/ptolemy/actor/ptalon/demo/ptinyos/SendAndReceiveCnt/CntToLedsAndRfm.xml at line 132 and column 63
	at ptolemy.moml.MoMLParser.fileNameToURL(MoMLParser.java:1414)
	at ptolemy.moml.MoMLParser._findOrParse(MoMLParser.java:5283)
	at ptolemy.moml.MoMLParser._attemptToFindMoMLClass(MoMLParser.java:4075)
	at ptolemy.moml.MoMLParser._createEntity(MoMLParser.java:4323)
	... 78 more
ptolemy.kernel.util.IllegalActionException: Failed to process attribute change to PtalonParameter, whose value is "ptolemy.actor.ptalon.PtalonExpressionParameter {.SendAndReceiveCnt.SendAndReceiveCnt.channelName} "AtomicWirelessChannel"".
  in .SendAndReceiveCnt.SendAndReceiveCnt
Because:
Unable to add actor null
	at ptolemy.actor.ptalon.PtalonActor.attributeChanged(PtalonActor.java:211)
	at ptolemy.actor.ptalon.PtalonMLHandler.startElement(PtalonMLHandler.java:134)
	at com.microstar.xml.XmlParser.parseElement(XmlParser.java:921)
	at com.microstar.xml.XmlParser.parseContent(XmlParser.java:1104)
	at com.microstar.xml.XmlParser.parseElement(XmlParser.java:924)
	at com.microstar.xml.XmlParser.parseDocument(XmlParser.java:481)
	at com.microstar.xml.XmlParser.doParse(XmlParser.java:159)
	at com.microstar.xml.XmlParser.parse(XmlParser.java:132)
	at ptolemy.actor.ptalon.PtalonActor.configure(PtalonActor.java:240)
	at ptolemy.moml.MoMLParser.endElement(MoMLParser.java:996)
	at com.microstar.xml.XmlParser.parseETag(XmlParser.java:1026)
	at com.microstar.xml.XmlParser.parseContent(XmlParser.java:1098)
	at com.microstar.xml.XmlParser.parseElement(XmlParser.java:924)
	at com.microstar.xml.XmlParser.parseContent(XmlParser.java:1104)
	at com.microstar.xml.XmlParser.parseElement(XmlParser.java:924)
	at com.microstar.xml.XmlParser.parseContent(XmlParser.java:1104)
	at com.microstar.xml.XmlParser.parseElement(XmlParser.java:924)
	at com.microstar.xml.XmlParser.parseDocument(XmlParser.java:481)
	at com.microstar.xml.XmlParser.doParse(XmlParser.java:159)
	at com.microstar.xml.XmlParser.parse(XmlParser.java:132)
	at ptolemy.moml.MoMLParser.parse(MoMLParser.java:1676)
	at ptolemy.moml.MoMLParser.parse(MoMLParser.java:1595)
	at ptolemy.moml.MoMLParser.parse(MoMLParser.java:1537)
	at ptolemy.actor.gui.PtolemyEffigy$Factory.createEffigy(PtolemyEffigy.java:424)
	at ptolemy.actor.gui.EffigyFactory.createEffigy(EffigyFactory.java:234)
	at ptolemy.actor.gui.Configuration.openModel(Configuration.java:1125)
	at ptolemy.actor.gui.Configuration.openModel(Configuration.java:1051)
	at ptolemy.actor.gui.ConfigurationApplication._openModel(ConfigurationApplication.java:1252)
	at ptolemy.actor.gui.ConfigurationApplication._parseArg(ConfigurationApplication.java:1399)
	at ptolemy.actor.gui.ConfigurationApplication._parseArgs(ConfigurationApplication.java:1478)
	at ptolemy.actor.gui.ConfigurationApplication.<init>(ConfigurationApplication.java:277)
	at ptolemy.actor.gui.ConfigurationApplication.<init>(ConfigurationApplication.java:214)
	at ptolemy.actor.gui.ConfigurationApplication.<init>(ConfigurationApplication.java:201)
	at ptolemy.actor.gui.ConfigurationApplication.openModelOrEntity(ConfigurationApplication.java:680)
	at ptolemy.vergil.basic.export.ExportModel$1.run(ExportModel.java:220)
	at java.awt.event.InvocationEvent.dispatch(InvocationEvent.java:301)
	at java.awt.EventQueue.dispatchEventImpl(EventQueue.java:756)
	at java.awt.EventQueue.access$500(EventQueue.java:97)
	at java.awt.EventQueue$3.run(EventQueue.java:709)
	at java.awt.EventQueue$3.run(EventQueue.java:703)
	at java.security.AccessController.doPrivileged(Native Method)
	at java.security.ProtectionDomain$JavaSecurityAccessImpl.doIntersectionPrivilege(ProtectionDomain.java:80)
	at java.awt.EventQueue.dispatchEvent(EventQueue.java:726)
	at java.awt.EventDispatchThread.pumpOneEventForFilters(EventDispatchThread.java:201)
	at java.awt.EventDispatchThread.pumpEventsForFilter(EventDispatchThread.java:116)
	at java.awt.EventDispatchThread.pumpEventsForHierarchy(EventDispatchThread.java:105)
	at java.awt.EventDispatchThread.pumpEvents(EventDispatchThread.java:101)
	at java.awt.EventDispatchThread.pumpEvents(EventDispatchThread.java:93)
	at java.awt.EventDispatchThread.run(EventDispatchThread.java:82)
Caused by: ptolemy.actor.ptalon.PtalonRuntimeException: Unable to add actor null
	at ptolemy.actor.ptalon.PtalonEvaluator.addActor(PtalonEvaluator.java:300)
	at ptolemy.actor.ptalon.PtalonPopulator.actor_declaration(PtalonPopulator.java:1574)
	at ptolemy.actor.ptalon.PtalonPopulator.atomic_statement(PtalonPopulator.java:1638)
	at ptolemy.actor.ptalon.PtalonPopulator.iterative_statement_evaluator(PtalonPopulator.java:2484)
	at ptolemy.actor.ptalon.AbstractPtalonEvaluator$IfTree.evaluateForScope(AbstractPtalonEvaluator.java:1307)
	at ptolemy.actor.ptalon.AbstractPtalonEvaluator.evaluateForScope(AbstractPtalonEvaluator.java:744)
	at ptolemy.actor.ptalon.PtalonPopulator.iterative_statement(PtalonPopulator.java:2363)
	at ptolemy.actor.ptalon.PtalonPopulator.actor_definition(PtalonPopulator.java:2809)
	at ptolemy.actor.ptalon.PtalonActor.attributeChanged(PtalonActor.java:206)
	... 48 more
Caused by: ptolemy.kernel.util.InternalErrorException: Element <entity name="sender1" class="ptolemy.actor.ptalon.demo.ptinyos.SendAndReceiveCnt.CntToLedsAndRfm"> caused an exception to be thrown.
  in .SendAndReceiveCnt.SendAndReceiveCnt
Because:
Cannot find class: ptolemy.actor.ptalon.demo.ptinyos.SendAndReceiveCnt.CntToLedsAndRfm. In Ptolemy, classes are typically Java .class files. Entities like actors may instead be defined within a .xml file.  In any case, the class was not found. If the class uses a third party package, then the class would be present only if the third party package was found at compile time.  It may be necessary to upgrade Java or install the third party package, reconfigure and recompile.
Because:
Element <entity name="MicaLeds" class="ptolemy.domains.ptinyos.lib.MicaLeds"> caused an exception to be thrown.
  in .CntToLedsAndRfm
Because:
Cannot find class: ptolemy.domains.ptinyos.lib.MicaLeds. In Ptolemy, classes are typically Java .class files. Entities like actors may instead be defined within a .xml file.  In any case, the class was not found. If the class uses a third party package, then the class would be present only if the third party package was found at compile time.  It may be necessary to upgrade Java or install the third party package, reconfigure and recompile.
Because:
-- /home/travis/build/icyphy/ptII/ptolemy/actor/ptalon/demo/ptinyos/SendAndReceiveCnt/ptolemy/domains/ptinyos/lib/MicaLeds.xml (No such file or directory)
-- XML file not found relative to classpath.
-- /home/travis/build/icyphy/ptII/ptolemy/vergil/basic/export/test/ptolemy/domains/ptinyos/lib/MicaLeds.xml
/home/travis/build/icyphy/ptII/ptolemy/vergil/basic/export/test/ptolemy/domains/ptinyos/lib/MicaLeds.xml (No such file or directory)
 in file:/home/travis/build/icyphy/ptII/ptolemy/actor/ptalon/demo/ptinyos/SendAndReceiveCnt/CntToLedsAndRfm.xml at line 132 and column 63
	at ptolemy.moml.SimpleErrorHandler.handleError(SimpleErrorHandler.java:75)
	at ptolemy.moml.MoMLParser.startElement(MoMLParser.java:3805)
	at com.microstar.xml.XmlParser.parseElement(XmlParser.java:931)
	at com.microstar.xml.XmlParser.parseDocument(XmlParser.java:481)
	at com.microstar.xml.XmlParser.doParse(XmlParser.java:159)
	at com.microstar.xml.XmlParser.parse(XmlParser.java:132)
	at ptolemy.moml.MoMLParser.parse(MoMLParser.java:1660)
	at ptolemy.moml.MoMLParser.parse(MoMLParser.java:1617)
	at ptolemy.moml.MoMLParser.parse(MoMLParser.java:1792)
	at ptolemy.actor.ptalon.PtalonEvaluator.addActor(PtalonEvaluator.java:241)
	... 56 more
Caused by: ptolemy.kernel.util.IllegalActionException: Cannot find class: ptolemy.actor.ptalon.demo.ptinyos.SendAndReceiveCnt.CntToLedsAndRfm. In Ptolemy, classes are typically Java .class files. Entities like actors may instead be defined within a .xml file.  In any case, the class was not found. If the class uses a third party package, then the class would be present only if the third party package was found at compile time.  It may be necessary to upgrade Java or install the third party package, reconfigure and recompile.
Because:
Element <entity name="MicaLeds" class="ptolemy.domains.ptinyos.lib.MicaLeds"> caused an exception to be thrown.
  in .CntToLedsAndRfm
Because:
Cannot find class: ptolemy.domains.ptinyos.lib.MicaLeds. In Ptolemy, classes are typically Java .class files. Entities like actors may instead be defined within a .xml file.  In any case, the class was not found. If the class uses a third party package, then the class would be present only if the third party package was found at compile time.  It may be necessary to upgrade Java or install the third party package, reconfigure and recompile.
Because:
-- /home/travis/build/icyphy/ptII/ptolemy/actor/ptalon/demo/ptinyos/SendAndReceiveCnt/ptolemy/domains/ptinyos/lib/MicaLeds.xml (No such file or directory)
-- XML file not found relative to classpath.
-- /home/travis/build/icyphy/ptII/ptolemy/vergil/basic/export/test/ptolemy/domains/ptinyos/lib/MicaLeds.xml
/home/travis/build/icyphy/ptII/ptolemy/vergil/basic/export/test/ptolemy/domains/ptinyos/lib/MicaLeds.xml (No such file or directory)
 in file:/home/travis/build/icyphy/ptII/ptolemy/actor/ptalon/demo/ptinyos/SendAndReceiveCnt/CntToLedsAndRfm.xml at line 132 and column 63
	at ptolemy.moml.MoMLParser._createEntity(MoMLParser.java:4330)
	at ptolemy.moml.MoMLParser.startElement(MoMLParser.java:2864)
	... 64 more
Caused by: ptolemy.kernel.util.InternalErrorException: Element <entity name="MicaLeds" class="ptolemy.domains.ptinyos.lib.MicaLeds"> caused an exception to be thrown.
  in .CntToLedsAndRfm
Because:
Cannot find class: ptolemy.domains.ptinyos.lib.MicaLeds. In Ptolemy, classes are typically Java .class files. Entities like actors may instead be defined within a .xml file.  In any case, the class was not found. If the class uses a third party package, then the class would be present only if the third party package was found at compile time.  It may be necessary to upgrade Java or install the third party package, reconfigure and recompile.
Because:
-- /home/travis/build/icyphy/ptII/ptolemy/actor/ptalon/demo/ptinyos/SendAndReceiveCnt/ptolemy/domains/ptinyos/lib/MicaLeds.xml (No such file or directory)
-- XML file not found relative to classpath.
-- /home/travis/build/icyphy/ptII/ptolemy/vergil/basic/export/test/ptolemy/domains/ptinyos/lib/MicaLeds.xml
/home/travis/build/icyphy/ptII/ptolemy/vergil/basic/export/test/ptolemy/domains/ptinyos/lib/MicaLeds.xml (No such file or directory)
 in file:/home/travis/build/icyphy/ptII/ptolemy/actor/ptalon/demo/ptinyos/SendAndReceiveCnt/CntToLedsAndRfm.xml at line 132 and column 63
	at ptolemy.moml.SimpleErrorHandler.handleError(SimpleErrorHandler.java:75)
	at ptolemy.moml.MoMLParser.startElement(MoMLParser.java:3805)
	at com.microstar.xml.XmlParser.parseElement(XmlParser.java:921)
	at com.microstar.xml.XmlParser.parseContent(XmlParser.java:1104)
	at com.microstar.xml.XmlParser.parseElement(XmlParser.java:924)
	at com.microstar.xml.XmlParser.parseDocument(XmlParser.java:481)
	at com.microstar.xml.XmlParser.doParse(XmlParser.java:159)
	at com.microstar.xml.XmlParser.parse(XmlParser.java:132)
	at ptolemy.moml.MoMLParser.parse(MoMLParser.java:1676)
	at ptolemy.moml.MoMLParser.parse(MoMLParser.java:1595)
	at ptolemy.moml.MoMLParser.parse(MoMLParser.java:1537)
	at ptolemy.moml.MoMLParser._findOrParse(MoMLParser.java:5286)
	at ptolemy.moml.MoMLParser._attemptToFindMoMLClass(MoMLParser.java:4075)
	at ptolemy.moml.MoMLParser._createEntity(MoMLParser.java:4323)
	... 65 more
Caused by: ptolemy.kernel.util.IllegalActionException: Cannot find class: ptolemy.domains.ptinyos.lib.MicaLeds. In Ptolemy, classes are typically Java .class files. Entities like actors may instead be defined within a .xml file.  In any case, the class was not found. If the class uses a third party package, then the class would be present only if the third party package was found at compile time.  It may be necessary to upgrade Java or install the third party package, reconfigure and recompile.
Because:
-- /home/travis/build/icyphy/ptII/ptolemy/actor/ptalon/demo/ptinyos/SendAndReceiveCnt/ptolemy/domains/ptinyos/lib/MicaLeds.xml (No such file or directory)
-- XML file not found relative to classpath.
-- /home/travis/build/icyphy/ptII/ptolemy/vergil/basic/export/test/ptolemy/domains/ptinyos/lib/MicaLeds.xml
/home/travis/build/icyphy/ptII/ptolemy/vergil/basic/export/test/ptolemy/domains/ptinyos/lib/MicaLeds.xml (No such file or directory)
 in file:/home/travis/build/icyphy/ptII/ptolemy/actor/ptalon/demo/ptinyos/SendAndReceiveCnt/CntToLedsAndRfm.xml at line 132 and column 63
	at ptolemy.moml.MoMLParser._createEntity(MoMLParser.java:4330)
	at ptolemy.moml.MoMLParser.startElement(MoMLParser.java:2864)
	... 77 more
Caused by: com.microstar.xml.XmlException: -- /home/travis/build/icyphy/ptII/ptolemy/actor/ptalon/demo/ptinyos/SendAndReceiveCnt/ptolemy/domains/ptinyos/lib/MicaLeds.xml (No such file or directory)
-- XML file not found relative to classpath.
-- /home/travis/build/icyphy/ptII/ptolemy/vergil/basic/export/test/ptolemy/domains/ptinyos/lib/MicaLeds.xml
/home/travis/build/icyphy/ptII/ptolemy/vergil/basic/export/test/ptolemy/domains/ptinyos/lib/MicaLeds.xml (No such file or directory)
 in file:/home/travis/build/icyphy/ptII/ptolemy/actor/ptalon/demo/ptinyos/SendAndReceiveCnt/CntToLedsAndRfm.xml at line 132 and column 63
	at ptolemy.moml.MoMLParser.fileNameToURL(MoMLParser.java:1414)
	at ptolemy.moml.MoMLParser._findOrParse(MoMLParser.java:5283)
	at ptolemy.moml.MoMLParser._attemptToFindMoMLClass(MoMLParser.java:4075)
	at ptolemy.moml.MoMLParser._createEntity(MoMLParser.java:4323)
	... 78 more
Caused by: ptolemy.actor.ptalon.PtalonRuntimeException: Unable to add actor null
	at ptolemy.actor.ptalon.PtalonEvaluator.addActor(PtalonEvaluator.java:300)
	at ptolemy.actor.ptalon.PtalonPopulator.actor_declaration(PtalonPopulator.java:1574)
	at ptolemy.actor.ptalon.PtalonPopulator.atomic_statement(PtalonPopulator.java:1638)
	at ptolemy.actor.ptalon.PtalonPopulator.iterative_statement_evaluator(PtalonPopulator.java:2484)
	at ptolemy.actor.ptalon.AbstractPtalonEvaluator$IfTree.evaluateForScope(AbstractPtalonEvaluator.java:1307)
	at ptolemy.actor.ptalon.AbstractPtalonEvaluator.evaluateForScope(AbstractPtalonEvaluator.java:744)
	at ptolemy.actor.ptalon.PtalonPopulator.iterative_statement(PtalonPopulator.java:2363)
	at ptolemy.actor.ptalon.PtalonPopulator.actor_definition(PtalonPopulator.java:2809)
	at ptolemy.actor.ptalon.PtalonActor.attributeChanged(PtalonActor.java:206)
	at ptolemy.actor.ptalon.PtalonMLHandler.startElement(PtalonMLHandler.java:134)
	at com.microstar.xml.XmlParser.parseElement(XmlParser.java:921)
	at com.microstar.xml.XmlParser.parseContent(XmlParser.java:1104)
	at com.microstar.xml.XmlParser.parseElement(XmlParser.java:924)
	at com.microstar.xml.XmlParser.parseDocument(XmlParser.java:481)
	at com.microstar.xml.XmlParser.doParse(XmlParser.java:159)
	at com.microstar.xml.XmlParser.parse(XmlParser.java:132)
	at ptolemy.actor.ptalon.PtalonActor.configure(PtalonActor.java:240)
	at ptolemy.moml.MoMLParser.endElement(MoMLParser.java:996)
	at com.microstar.xml.XmlParser.parseETag(XmlParser.java:1026)
	at com.microstar.xml.XmlParser.parseContent(XmlParser.java:1098)
	at com.microstar.xml.XmlParser.parseElement(XmlParser.java:924)
	at com.microstar.xml.XmlParser.parseContent(XmlParser.java:1104)
	at com.microstar.xml.XmlParser.parseElement(XmlParser.java:924)
	at com.microstar.xml.XmlParser.parseContent(XmlParser.java:1104)
	at com.microstar.xml.XmlParser.parseElement(XmlParser.java:924)
	at com.microstar.xml.XmlParser.parseDocument(XmlParser.java:481)
	at com.microstar.xml.XmlParser.doParse(XmlParser.java:159)
	at com.microstar.xml.XmlParser.parse(XmlParser.java:132)
	at ptolemy.moml.MoMLParser.parse(MoMLParser.java:1676)
	at ptolemy.moml.MoMLParser.parse(MoMLParser.java:1595)
	at ptolemy.moml.MoMLParser.parse(MoMLParser.java:1537)
	at ptolemy.actor.gui.PtolemyEffigy$Factory.createEffigy(PtolemyEffigy.java:424)
	at ptolemy.actor.gui.EffigyFactory.createEffigy(EffigyFactory.java:234)
	at ptolemy.actor.gui.Configuration.openModel(Configuration.java:1125)
	at ptolemy.actor.gui.Configuration.openModel(Configuration.java:1051)
	at ptolemy.actor.gui.ConfigurationApplication._openModel(ConfigurationApplication.java:1252)
	at ptolemy.actor.gui.ConfigurationApplication._parseArg(ConfigurationApplication.java:1399)
	at ptolemy.actor.gui.ConfigurationApplication._parseArgs(ConfigurationApplication.java:1478)
	at ptolemy.actor.gui.ConfigurationApplication.<init>(ConfigurationApplication.java:277)
	at ptolemy.actor.gui.ConfigurationApplication.<init>(ConfigurationApplication.java:214)
	at ptolemy.actor.gui.ConfigurationApplication.<init>(ConfigurationApplication.java:201)
	at ptolemy.actor.gui.ConfigurationApplication.openModelOrEntity(ConfigurationApplication.java:680)
	at ptolemy.vergil.basic.export.ExportModel$1.run(ExportModel.java:220)
	at java.awt.event.InvocationEvent.dispatch(InvocationEvent.java:301)
	at java.awt.EventQueue.dispatchEventImpl(EventQueue.java:756)
	at java.awt.EventQueue.access$500(EventQueue.java:97)
	at java.awt.EventQueue$3.run(EventQueue.java:709)
	at java.awt.EventQueue$3.run(EventQueue.java:703)
	at java.security.AccessController.doPrivileged(Native Method)
	at java.security.ProtectionDomain$JavaSecurityAccessImpl.doIntersectionPrivilege(ProtectionDomain.java:80)
	at java.awt.EventQueue.dispatchEvent(EventQueue.java:726)
	at java.awt.EventDispatchThread.pumpOneEventForFilters(EventDispatchThread.java:201)
	at java.awt.EventDispatchThread.pumpEventsForFilter(EventDispatchThread.java:116)
	at java.awt.EventDispatchThread.pumpEventsForHierarchy(EventDispatchThread.java:105)
	at java.awt.EventDispatchThread.pumpEvents(EventDispatchThread.java:101)
	at java.awt.EventDispatchThread.pumpEvents(EventDispatchThread.java:93)
	at java.awt.EventDispatchThread.run(EventDispatchThread.java:82)
Caused by: ptolemy.kernel.util.InternalErrorException: Element <entity name="sender1" class="ptolemy.actor.ptalon.demo.ptinyos.SendAndReceiveCnt.CntToLedsAndRfm"> caused an exception to be thrown.
  in .SendAndReceiveCnt.SendAndReceiveCnt
Because:
Cannot find class: ptolemy.actor.ptalon.demo.ptinyos.SendAndReceiveCnt.CntToLedsAndRfm. In Ptolemy, classes are typically Java .class files. Entities like actors may instead be defined within a .xml file.  In any case, the class was not found. If the class uses a third party package, then the class would be present only if the third party package was found at compile time.  It may be necessary to upgrade Java or install the third party package, reconfigure and recompile.
Because:
Element <entity name="MicaLeds" class="ptolemy.domains.ptinyos.lib.MicaLeds"> caused an exception to be thrown.
  in .CntToLedsAndRfm
Because:
Cannot find class: ptolemy.domains.ptinyos.lib.MicaLeds. In Ptolemy, classes are typically Java .class files. Entities like actors may instead be defined within a .xml file.  In any case, the class was not found. If the class uses a third party package, then the class would be present only if the third party package was found at compile time.  It may be necessary to upgrade Java or install the third party package, reconfigure and recompile.
Because:
-- /home/travis/build/icyphy/ptII/ptolemy/actor/ptalon/demo/ptinyos/SendAndReceiveCnt/ptolemy/domains/ptinyos/lib/MicaLeds.xml (No such file or directory)
-- XML file not found relative to classpath.
-- /home/travis/build/icyphy/ptII/ptolemy/vergil/basic/export/test/ptolemy/domains/ptinyos/lib/MicaLeds.xml
/home/travis/build/icyphy/ptII/ptolemy/vergil/basic/export/test/ptolemy/domains/ptinyos/lib/MicaLeds.xml (No such file or directory)
 in file:/home/travis/build/icyphy/ptII/ptolemy/actor/ptalon/demo/ptinyos/SendAndReceiveCnt/CntToLedsAndRfm.xml at line 132 and column 63
	at ptolemy.moml.SimpleErrorHandler.handleError(SimpleErrorHandler.java:75)
	at ptolemy.moml.MoMLParser.startElement(MoMLParser.java:3805)
	at com.microstar.xml.XmlParser.parseElement(XmlParser.java:931)
	at com.microstar.xml.XmlParser.parseDocument(XmlParser.java:481)
	at com.microstar.xml.XmlParser.doParse(XmlParser.java:159)
	at com.microstar.xml.XmlParser.parse(XmlParser.java:132)
	at ptolemy.moml.MoMLParser.parse(MoMLParser.java:1660)
	at ptolemy.moml.MoMLParser.parse(MoMLParser.java:1617)
	at ptolemy.moml.MoMLParser.parse(MoMLParser.java:1792)
	at ptolemy.actor.ptalon.PtalonEvaluator.addActor(PtalonEvaluator.java:241)
	... 56 more
Caused by: ptolemy.kernel.util.IllegalActionException: Cannot find class: ptolemy.actor.ptalon.demo.ptinyos.SendAndReceiveCnt.CntToLedsAndRfm. In Ptolemy, classes are typically Java .class files. Entities like actors may instead be defined within a .xml file.  In any case, the class was not found. If the class uses a third party package, then the class would be present only if the third party package was found at compile time.  It may be necessary to upgrade Java or install the third party package, reconfigure and recompile.
Because:
Element <entity name="MicaLeds" class="ptolemy.domains.ptinyos.lib.MicaLeds"> caused an exception to be thrown.
  in .CntToLedsAndRfm
Because:
Cannot find class: ptolemy.domains.ptinyos.lib.MicaLeds. In Ptolemy, classes are typically Java .class files. Entities like actors may instead be defined within a .xml file.  In any case, the class was not found. If the class uses a third party package, then the class would be present only if the third party package was found at compile time.  It may be necessary to upgrade Java or install the third party package, reconfigure and recompile.
Because:
-- /home/travis/build/icyphy/ptII/ptolemy/actor/ptalon/demo/ptinyos/SendAndReceiveCnt/ptolemy/domains/ptinyos/lib/MicaLeds.xml (No such file or directory)
-- XML file not found relative to classpath.
-- /home/travis/build/icyphy/ptII/ptolemy/vergil/basic/export/test/ptolemy/domains/ptinyos/lib/MicaLeds.xml
/home/travis/build/icyphy/ptII/ptolemy/vergil/basic/export/test/ptolemy/domains/ptinyos/lib/MicaLeds.xml (No such file or directory)
 in file:/home/travis/build/icyphy/ptII/ptolemy/actor/ptalon/demo/ptinyos/SendAndReceiveCnt/CntToLedsAndRfm.xml at line 132 and column 63
	at ptolemy.moml.MoMLParser._createEntity(MoMLParser.java:4330)
	at ptolemy.moml.MoMLParser.startElement(MoMLParser.java:2864)
	... 64 more
Caused by: ptolemy.kernel.util.InternalErrorException: Element <entity name="MicaLeds" class="ptolemy.domains.ptinyos.lib.MicaLeds"> caused an exception to be thrown.
  in .CntToLedsAndRfm
Because:
Cannot find class: ptolemy.domains.ptinyos.lib.MicaLeds. In Ptolemy, classes are typically Java .class files. Entities like actors may instead be defined within a .xml file.  In any case, the class was not found. If the class uses a third party package, then the class would be present only if the third party package was found at compile time.  It may be necessary to upgrade Java or install the third party package, reconfigure and recompile.
Because:
-- /home/travis/build/icyphy/ptII/ptolemy/actor/ptalon/demo/ptinyos/SendAndReceiveCnt/ptolemy/domains/ptinyos/lib/MicaLeds.xml (No such file or directory)
-- XML file not found relative to classpath.
-- /home/travis/build/icyphy/ptII/ptolemy/vergil/basic/export/test/ptolemy/domains/ptinyos/lib/MicaLeds.xml
/home/travis/build/icyphy/ptII/ptolemy/vergil/basic/export/test/ptolemy/domains/ptinyos/lib/MicaLeds.xml (No such file or directory)
 in file:/home/travis/build/icyphy/ptII/ptolemy/actor/ptalon/demo/ptinyos/SendAndReceiveCnt/CntToLedsAndRfm.xml at line 132 and column 63
	at ptolemy.moml.SimpleErrorHandler.handleError(SimpleErrorHandler.java:75)
	at ptolemy.moml.MoMLParser.startElement(MoMLParser.java:3805)
	at com.microstar.xml.XmlParser.parseElement(XmlParser.java:921)
	at com.microstar.xml.XmlParser.parseContent(XmlParser.java:1104)
	at com.microstar.xml.XmlParser.parseElement(XmlParser.java:924)
	at com.microstar.xml.XmlParser.parseDocument(XmlParser.java:481)
	at com.microstar.xml.XmlParser.doParse(XmlParser.java:159)
	at com.microstar.xml.XmlParser.parse(XmlParser.java:132)
	at ptolemy.moml.MoMLParser.parse(MoMLParser.java:1676)
	at ptolemy.moml.MoMLParser.parse(MoMLParser.java:1595)
	at ptolemy.moml.MoMLParser.parse(MoMLParser.java:1537)
	at ptolemy.moml.MoMLParser._findOrParse(MoMLParser.java:5286)
	at ptolemy.moml.MoMLParser._attemptToFindMoMLClass(MoMLParser.java:4075)
	at ptolemy.moml.MoMLParser._createEntity(MoMLParser.java:4323)
	... 65 more
Caused by: ptolemy.kernel.util.IllegalActionException: Cannot find class: ptolemy.domains.ptinyos.lib.MicaLeds. In Ptolemy, classes are typically Java .class files. Entities like actors may instead be defined within a .xml file.  In any case, the class was not found. If the class uses a third party package, then the class would be present only if the third party package was found at compile time.  It may be necessary to upgrade Java or install the third party package, reconfigure and recompile.
Because:
-- /home/travis/build/icyphy/ptII/ptolemy/actor/ptalon/demo/ptinyos/SendAndReceiveCnt/ptolemy/domains/ptinyos/lib/MicaLeds.xml (No such file or directory)
-- XML file not found relative to classpath.
-- /home/travis/build/icyphy/ptII/ptolemy/vergil/basic/export/test/ptolemy/domains/ptinyos/lib/MicaLeds.xml
/home/travis/build/icyphy/ptII/ptolemy/vergil/basic/export/test/ptolemy/domains/ptinyos/lib/MicaLeds.xml (No such file or directory)
 in file:/home/travis/build/icyphy/ptII/ptolemy/actor/ptalon/demo/ptinyos/SendAndReceiveCnt/CntToLedsAndRfm.xml at line 132 and column 63
	at ptolemy.moml.MoMLParser._createEntity(MoMLParser.java:4330)
	at ptolemy.moml.MoMLParser.startElement(MoMLParser.java:2864)
	... 77 more
Caused by: com.microstar.xml.XmlException: -- /home/travis/build/icyphy/ptII/ptolemy/actor/ptalon/demo/ptinyos/SendAndReceiveCnt/ptolemy/domains/ptinyos/lib/MicaLeds.xml (No such file or directory)
-- XML file not found relative to classpath.
-- /home/travis/build/icyphy/ptII/ptolemy/vergil/basic/export/test/ptolemy/domains/ptinyos/lib/MicaLeds.xml
/home/travis/build/icyphy/ptII/ptolemy/vergil/basic/export/test/ptolemy/domains/ptinyos/lib/MicaLeds.xml (No such file or directory)
 in file:/home/travis/build/icyphy/ptII/ptolemy/actor/ptalon/demo/ptinyos/SendAndReceiveCnt/CntToLedsAndRfm.xml at line 132 and column 63
	at ptolemy.moml.MoMLParser.fileNameToURL(MoMLParser.java:1414)
	at ptolemy.moml.MoMLParser._findOrParse(MoMLParser.java:5283)
	at ptolemy.moml.MoMLParser._attemptToFindMoMLClass(MoMLParser.java:4075)
	at ptolemy.moml.MoMLParser._createEntity(MoMLParser.java:4323)
	... 78 more
Failed to read file:/home/travis/build/icyphy/ptII/ptolemy/actor/ptalon/demo/ptinyos/SendAndReceiveCnt/SendAndReceiveCnt.xml
ptolemy.kernel.util.IllegalActionException: Failed to process attribute change to PtalonParameter, whose value is "ptolemy.actor.ptalon.PtalonExpressionParameter {.SendAndReceiveCnt.SendAndReceiveCnt.channelName} "AtomicWirelessChannel"".
  in .SendAndReceiveCnt.SendAndReceiveCnt
Because:
Unable to add actor null
	at ptolemy.actor.ptalon.PtalonActor.attributeChanged(PtalonActor.java:211)
	at ptolemy.actor.ptalon.PtalonMLHandler.startElement(PtalonMLHandler.java:134)
	at com.microstar.xml.XmlParser.parseElement(XmlParser.java:921)
	at com.microstar.xml.XmlParser.parseContent(XmlParser.java:1104)
	at com.microstar.xml.XmlParser.parseElement(XmlParser.java:924)
	at com.microstar.xml.XmlParser.parseDocument(XmlParser.java:481)
	at com.microstar.xml.XmlParser.doParse(XmlParser.java:159)
	at com.microstar.xml.XmlParser.parse(XmlParser.java:132)
	at ptolemy.actor.ptalon.PtalonActor.configure(PtalonActor.java:240)
	at ptolemy.moml.MoMLParser.endElement(MoMLParser.java:996)
	at com.microstar.xml.XmlParser.parseETag(XmlParser.java:1026)
	at com.microstar.xml.XmlParser.parseContent(XmlParser.java:1098)
	at com.microstar.xml.XmlParser.parseElement(XmlParser.java:924)
	at com.microstar.xml.XmlParser.parseContent(XmlParser.java:1104)
	at com.microstar.xml.XmlParser.parseElement(XmlParser.java:924)
	at com.microstar.xml.XmlParser.parseContent(XmlParser.java:1104)
	at com.microstar.xml.XmlParser.parseElement(XmlParser.java:924)
	at com.microstar.xml.XmlParser.parseDocument(XmlParser.java:481)
	at com.microstar.xml.XmlParser.doParse(XmlParser.java:159)
	at com.microstar.xml.XmlParser.parse(XmlParser.java:132)
	at ptolemy.moml.MoMLParser.parse(MoMLParser.java:1676)
	at ptolemy.moml.MoMLParser.parse(MoMLParser.java:1595)
	at ptolemy.moml.MoMLParser.parse(MoMLParser.java:1537)
	at ptolemy.actor.gui.PtolemyEffigy$Factory.createEffigy(PtolemyEffigy.java:424)
	at ptolemy.actor.gui.EffigyFactory.createEffigy(EffigyFactory.java:234)
	at ptolemy.actor.gui.Configuration.openModel(Configuration.java:1125)
	at ptolemy.actor.gui.Configuration.openModel(Configuration.java:1051)
	at ptolemy.actor.gui.ConfigurationApplication._openModel(ConfigurationApplication.java:1252)
	at ptolemy.actor.gui.ConfigurationApplication._parseArg(ConfigurationApplication.java:1399)
	at ptolemy.actor.gui.ConfigurationApplication._parseArgs(ConfigurationApplication.java:1478)
	at ptolemy.actor.gui.ConfigurationApplication.<init>(ConfigurationApplication.java:277)
	at ptolemy.actor.gui.ConfigurationApplication.<init>(ConfigurationApplication.java:214)
	at ptolemy.actor.gui.ConfigurationApplication.<init>(ConfigurationApplication.java:201)
	at ptolemy.actor.gui.ConfigurationApplication.openModelOrEntity(ConfigurationApplication.java:680)
	at ptolemy.vergil.basic.export.ExportModel$1.run(ExportModel.java:220)
	at java.awt.event.InvocationEvent.dispatch(InvocationEvent.java:301)
	at java.awt.EventQueue.dispatchEventImpl(EventQueue.java:756)
	at java.awt.EventQueue.access$500(EventQueue.java:97)
	at java.awt.EventQueue$3.run(EventQueue.java:709)
	at java.awt.EventQueue$3.run(EventQueue.java:703)
	at java.security.AccessController.doPrivileged(Native Method)
	at java.security.ProtectionDomain$JavaSecurityAccessImpl.doIntersectionPrivilege(ProtectionDomain.java:80)
	at java.awt.EventQueue.dispatchEvent(EventQueue.java:726)
	at java.awt.EventDispatchThread.pumpOneEventForFilters(EventDispatchThread.java:201)
	at java.awt.EventDispatchThread.pumpEventsForFilter(EventDispatchThread.java:116)
	at java.awt.EventDispatchThread.pumpEventsForHierarchy(EventDispatchThread.java:105)
	at java.awt.EventDispatchThread.pumpEvents(EventDispatchThread.java:101)
	at java.awt.EventDispatchThread.pumpEvents(EventDispatchThread.java:93)
	at java.awt.EventDispatchThread.run(EventDispatchThread.java:82)
Caused by: ptolemy.actor.ptalon.PtalonRuntimeException: Unable to add actor null
	at ptolemy.actor.ptalon.PtalonEvaluator.addActor(PtalonEvaluator.java:300)
	at ptolemy.actor.ptalon.PtalonPopulator.actor_declaration(PtalonPopulator.java:1574)
	at ptolemy.actor.ptalon.PtalonPopulator.atomic_statement(PtalonPopulator.java:1638)
	at ptolemy.actor.ptalon.PtalonPopulator.iterative_statement_evaluator(PtalonPopulator.java:2484)
	at ptolemy.actor.ptalon.AbstractPtalonEvaluator$IfTree.evaluateForScope(AbstractPtalonEvaluator.java:1307)
	at ptolemy.actor.ptalon.AbstractPtalonEvaluator.evaluateForScope(AbstractPtalonEvaluator.java:744)
	at ptolemy.actor.ptalon.PtalonPopulator.iterative_statement(PtalonPopulator.java:2363)
	at ptolemy.actor.ptalon.PtalonPopulator.actor_definition(PtalonPopulator.java:2809)
	at ptolemy.actor.ptalon.PtalonActor.attributeChanged(PtalonActor.java:206)
	... 48 more
Caused by: ptolemy.kernel.util.InternalErrorException: Element <entity name="sender1" class="ptolemy.actor.ptalon.demo.ptinyos.SendAndReceiveCnt.CntToLedsAndRfm"> caused an exception to be thrown.
  in .SendAndReceiveCnt.SendAndReceiveCnt
Because:
Cannot find class: ptolemy.actor.ptalon.demo.ptinyos.SendAndReceiveCnt.CntToLedsAndRfm. In Ptolemy, classes are typically Java .class files. Entities like actors may instead be defined within a .xml file.  In any case, the class was not found. If the class uses a third party package, then the class would be present only if the third party package was found at compile time.  It may be necessary to upgrade Java or install the third party package, reconfigure and recompile.
Because:
Element <entity name="MicaLeds" class="ptolemy.domains.ptinyos.lib.MicaLeds"> caused an exception to be thrown.
  in .CntToLedsAndRfm
Because:
Cannot find class: ptolemy.domains.ptinyos.lib.MicaLeds. In Ptolemy, classes are typically Java .class files. Entities like actors may instead be defined within a .xml file.  In any case, the class was not found. If the class uses a third party package, then the class would be present only if the third party package was found at compile time.  It may be necessary to upgrade Java or install the third party package, reconfigure and recompile.
Because:
-- /home/travis/build/icyphy/ptII/ptolemy/actor/ptalon/demo/ptinyos/SendAndReceiveCnt/ptolemy/domains/ptinyos/lib/MicaLeds.xml (No such file or directory)
-- XML file not found relative to classpath.
-- /home/travis/build/icyphy/ptII/ptolemy/vergil/basic/export/test/ptolemy/domains/ptinyos/lib/MicaLeds.xml
/home/travis/build/icyphy/ptII/ptolemy/vergil/basic/export/test/ptolemy/domains/ptinyos/lib/MicaLeds.xml (No such file or directory)
 in file:/home/travis/build/icyphy/ptII/ptolemy/actor/ptalon/demo/ptinyos/SendAndReceiveCnt/CntToLedsAndRfm.xml at line 132 and column 63
	at ptolemy.moml.SimpleErrorHandler.handleError(SimpleErrorHandler.java:75)
	at ptolemy.moml.MoMLParser.startElement(MoMLParser.java:3805)
	at com.microstar.xml.XmlParser.parseElement(XmlParser.java:931)
	at com.microstar.xml.XmlParser.parseDocument(XmlParser.java:481)
	at com.microstar.xml.XmlParser.doParse(XmlParser.java:159)
	at com.microstar.xml.XmlParser.parse(XmlParser.java:132)
	at ptolemy.moml.MoMLParser.parse(MoMLParser.java:1660)
	at ptolemy.moml.MoMLParser.parse(MoMLParser.java:1617)
	at ptolemy.moml.MoMLParser.parse(MoMLParser.java:1792)
	at ptolemy.actor.ptalon.PtalonEvaluator.addActor(PtalonEvaluator.java:241)
	... 56 more
Caused by: ptolemy.kernel.util.IllegalActionException: Cannot find class: ptolemy.actor.ptalon.demo.ptinyos.SendAndReceiveCnt.CntToLedsAndRfm. In Ptolemy, classes are typically Java .class files. Entities like actors may instead be defined within a .xml file.  In any case, the class was not found. If the class uses a third party package, then the class would be present only if the third party package was found at compile time.  It may be necessary to upgrade Java or install the third party package, reconfigure and recompile.
Because:
Element <entity name="MicaLeds" class="ptolemy.domains.ptinyos.lib.MicaLeds"> caused an exception to be thrown.
  in .CntToLedsAndRfm
Because:
Cannot find class: ptolemy.domains.ptinyos.lib.MicaLeds. In Ptolemy, classes are typically Java .class files. Entities like actors may instead be defined within a .xml file.  In any case, the class was not found. If the class uses a third party package, then the class would be present only if the third party package was found at compile time.  It may be necessary to upgrade Java or install the third party package, reconfigure and recompile.
Because:
-- /home/travis/build/icyphy/ptII/ptolemy/actor/ptalon/demo/ptinyos/SendAndReceiveCnt/ptolemy/domains/ptinyos/lib/MicaLeds.xml (No such file or directory)
-- XML file not found relative to classpath.
-- /home/travis/build/icyphy/ptII/ptolemy/vergil/basic/export/test/ptolemy/domains/ptinyos/lib/MicaLeds.xml
/home/travis/build/icyphy/ptII/ptolemy/vergil/basic/export/test/ptolemy/domains/ptinyos/lib/MicaLeds.xml (No such file or directory)
 in file:/home/travis/build/icyphy/ptII/ptolemy/actor/ptalon/demo/ptinyos/SendAndReceiveCnt/CntToLedsAndRfm.xml at line 132 and column 63
	at ptolemy.moml.MoMLParser._createEntity(MoMLParser.java:4330)
	at ptolemy.moml.MoMLParser.startElement(MoMLParser.java:2864)
	... 64 more
Caused by: ptolemy.kernel.util.InternalErrorException: Element <entity name="MicaLeds" class="ptolemy.domains.ptinyos.lib.MicaLeds"> caused an exception to be thrown.
  in .CntToLedsAndRfm
Because:
Cannot find class: ptolemy.domains.ptinyos.lib.MicaLeds. In Ptolemy, classes are typically Java .class files. Entities like actors may instead be defined within a .xml file.  In any case, the class was not found. If the class uses a third party package, then the class would be present only if the third party package was found at compile time.  It may be necessary to upgrade Java or install the third party package, reconfigure and recompile.
Because:
-- /home/travis/build/icyphy/ptII/ptolemy/actor/ptalon/demo/ptinyos/SendAndReceiveCnt/ptolemy/domains/ptinyos/lib/MicaLeds.xml (No such file or directory)
-- XML file not found relative to classpath.
-- /home/travis/build/icyphy/ptII/ptolemy/vergil/basic/export/test/ptolemy/domains/ptinyos/lib/MicaLeds.xml
/home/travis/build/icyphy/ptII/ptolemy/vergil/basic/export/test/ptolemy/domains/ptinyos/lib/MicaLeds.xml (No such file or directory)
 in file:/home/travis/build/icyphy/ptII/ptolemy/actor/ptalon/demo/ptinyos/SendAndReceiveCnt/CntToLedsAndRfm.xml at line 132 and column 63
	at ptolemy.moml.SimpleErrorHandler.handleError(SimpleErrorHandler.java:75)
	at ptolemy.moml.MoMLParser.startElement(MoMLParser.java:3805)
	at com.microstar.xml.XmlParser.parseElement(XmlParser.java:921)
	at com.microstar.xml.XmlParser.parseContent(XmlParser.java:1104)
	at com.microstar.xml.XmlParser.parseElement(XmlParser.java:924)
	at com.microstar.xml.XmlParser.parseDocument(XmlParser.java:481)
	at com.microstar.xml.XmlParser.doParse(XmlParser.java:159)
	at com.microstar.xml.XmlParser.parse(XmlParser.java:132)
	at ptolemy.moml.MoMLParser.parse(MoMLParser.java:1676)
	at ptolemy.moml.MoMLParser.parse(MoMLParser.java:1595)
	at ptolemy.moml.MoMLParser.parse(MoMLParser.java:1537)
	at ptolemy.moml.MoMLParser._findOrParse(MoMLParser.java:5286)
	at ptolemy.moml.MoMLParser._attemptToFindMoMLClass(MoMLParser.java:4075)
	at ptolemy.moml.MoMLParser._createEntity(MoMLParser.java:4323)
	... 65 more
Caused by: ptolemy.kernel.util.IllegalActionException: Cannot find class: ptolemy.domains.ptinyos.lib.MicaLeds. In Ptolemy, classes are typically Java .class files. Entities like actors may instead be defined within a .xml file.  In any case, the class was not found. If the class uses a third party package, then the class would be present only if the third party package was found at compile time.  It may be necessary to upgrade Java or install the third party package, reconfigure and recompile.
Because:
-- /home/travis/build/icyphy/ptII/ptolemy/actor/ptalon/demo/ptinyos/SendAndReceiveCnt/ptolemy/domains/ptinyos/lib/MicaLeds.xml (No such file or directory)
-- XML file not found relative to classpath.
-- /home/travis/build/icyphy/ptII/ptolemy/vergil/basic/export/test/ptolemy/domains/ptinyos/lib/MicaLeds.xml
/home/travis/build/icyphy/ptII/ptolemy/vergil/basic/export/test/ptolemy/domains/ptinyos/lib/MicaLeds.xml (No such file or directory)
 in file:/home/travis/build/icyphy/ptII/ptolemy/actor/ptalon/demo/ptinyos/SendAndReceiveCnt/CntToLedsAndRfm.xml at line 132 and column 63
	at ptolemy.moml.MoMLParser._createEntity(MoMLParser.java:4330)
	at ptolemy.moml.MoMLParser.startElement(MoMLParser.java:2864)
	... 77 more
Caused by: com.microstar.xml.XmlException: -- /home/travis/build/icyphy/ptII/ptolemy/actor/ptalon/demo/ptinyos/SendAndReceiveCnt/ptolemy/domains/ptinyos/lib/MicaLeds.xml (No such file or directory)
-- XML file not found relative to classpath.
-- /home/travis/build/icyphy/ptII/ptolemy/vergil/basic/export/test/ptolemy/domains/ptinyos/lib/MicaLeds.xml
/home/travis/build/icyphy/ptII/ptolemy/vergil/basic/export/test/ptolemy/domains/ptinyos/lib/MicaLeds.xml (No such file or directory)
 in file:/home/travis/build/icyphy/ptII/ptolemy/actor/ptalon/demo/ptinyos/SendAndReceiveCnt/CntToLedsAndRfm.xml at line 132 and column 63
	at ptolemy.moml.MoMLParser.fileNameToURL(MoMLParser.java:1414)
	at ptolemy.moml.MoMLParser._findOrParse(MoMLParser.java:5283)
	at ptolemy.moml.MoMLParser._attemptToFindMoMLClass(MoMLParser.java:4075)
	at ptolemy.moml.MoMLParser._createEntity(MoMLParser.java:4323)
	... 78 more
Caused by: ptolemy.actor.ptalon.PtalonRuntimeException: Unable to add actor null
	at ptolemy.actor.ptalon.PtalonEvaluator.addActor(PtalonEvaluator.java:300)
	at ptolemy.actor.ptalon.PtalonPopulator.actor_declaration(PtalonPopulator.java:1574)
	at ptolemy.actor.ptalon.PtalonPopulator.atomic_statement(PtalonPopulator.java:1638)
	at ptolemy.actor.ptalon.PtalonPopulator.iterative_statement_evaluator(PtalonPopulator.java:2484)
	at ptolemy.actor.ptalon.AbstractPtalonEvaluator$IfTree.evaluateForScope(AbstractPtalonEvaluator.java:1307)
	at ptolemy.actor.ptalon.AbstractPtalonEvaluator.evaluateForScope(AbstractPtalonEvaluator.java:744)
	at ptolemy.actor.ptalon.PtalonPopulator.iterative_statement(PtalonPopulator.java:2363)
	at ptolemy.actor.ptalon.PtalonPopulator.actor_definition(PtalonPopulator.java:2809)
	at ptolemy.actor.ptalon.PtalonActor.attributeChanged(PtalonActor.java:206)
	at ptolemy.actor.ptalon.PtalonMLHandler.startElement(PtalonMLHandler.java:134)
	at com.microstar.xml.XmlParser.parseElement(XmlParser.java:921)
	at com.microstar.xml.XmlParser.parseContent(XmlParser.java:1104)
	at com.microstar.xml.XmlParser.parseElement(XmlParser.java:924)
	at com.microstar.xml.XmlParser.parseDocument(XmlParser.java:481)
	at com.microstar.xml.XmlParser.doParse(XmlParser.java:159)
	at com.microstar.xml.XmlParser.parse(XmlParser.java:132)
	at ptolemy.actor.ptalon.PtalonActor.configure(PtalonActor.java:240)
	at ptolemy.moml.MoMLParser.endElement(MoMLParser.java:996)
	at com.microstar.xml.XmlParser.parseETag(XmlParser.java:1026)
	at com.microstar.xml.XmlParser.parseContent(XmlParser.java:1098)
	at com.microstar.xml.XmlParser.parseElement(XmlParser.java:924)
	at com.microstar.xml.XmlParser.parseContent(XmlParser.java:1104)
	at com.microstar.xml.XmlParser.parseElement(XmlParser.java:924)
	at com.microstar.xml.XmlParser.parseContent(XmlParser.java:1104)
	at com.microstar.xml.XmlParser.parseElement(XmlParser.java:924)
	at com.microstar.xml.XmlParser.parseDocument(XmlParser.java:481)
	at com.microstar.xml.XmlParser.doParse(XmlParser.java:159)
	at com.microstar.xml.XmlParser.parse(XmlParser.java:132)
	at ptolemy.moml.MoMLParser.parse(MoMLParser.java:1676)
	at ptolemy.moml.MoMLParser.parse(MoMLParser.java:1595)
	at ptolemy.moml.MoMLParser.parse(MoMLParser.java:1537)
	at ptolemy.actor.gui.PtolemyEffigy$Factory.createEffigy(PtolemyEffigy.java:424)
	at ptolemy.actor.gui.EffigyFactory.createEffigy(EffigyFactory.java:234)
	at ptolemy.actor.gui.Configuration.openModel(Configuration.java:1125)
	at ptolemy.actor.gui.Configuration.openModel(Configuration.java:1051)
	at ptolemy.actor.gui.ConfigurationApplication._openModel(ConfigurationApplication.java:1252)
	at ptolemy.actor.gui.ConfigurationApplication._parseArg(ConfigurationApplication.java:1399)
	at ptolemy.actor.gui.ConfigurationApplication._parseArgs(ConfigurationApplication.java:1478)
	at ptolemy.actor.gui.ConfigurationApplication.<init>(ConfigurationApplication.java:277)
	at ptolemy.actor.gui.ConfigurationApplication.<init>(ConfigurationApplication.java:214)
	at ptolemy.actor.gui.ConfigurationApplication.<init>(ConfigurationApplication.java:201)
	at ptolemy.actor.gui.ConfigurationApplication.openModelOrEntity(ConfigurationApplication.java:680)
	at ptolemy.vergil.basic.export.ExportModel$1.run(ExportModel.java:220)
	at java.awt.event.InvocationEvent.dispatch(InvocationEvent.java:301)
	at java.awt.EventQueue.dispatchEventImpl(EventQueue.java:756)
	at java.awt.EventQueue.access$500(EventQueue.java:97)
	at java.awt.EventQueue$3.run(EventQueue.java:709)
	at java.awt.EventQueue$3.run(EventQueue.java:703)
	at java.security.AccessController.doPrivileged(Native Method)
	at java.security.ProtectionDomain$JavaSecurityAccessImpl.doIntersectionPrivilege(ProtectionDomain.java:80)
	at java.awt.EventQueue.dispatchEvent(EventQueue.java:726)
	at java.awt.EventDispatchThread.pumpOneEventForFilters(EventDispatchThread.java:201)
	at java.awt.EventDispatchThread.pumpEventsForFilter(EventDispatchThread.java:116)
	at java.awt.EventDispatchThread.pumpEventsForHierarchy(EventDispatchThread.java:105)
	at java.awt.EventDispatchThread.pumpEvents(EventDispatchThread.java:101)
	at java.awt.EventDispatchThread.pumpEvents(EventDispatchThread.java:93)
	at java.awt.EventDispatchThread.run(EventDispatchThread.java:82)
Caused by: ptolemy.kernel.util.InternalErrorException: Element <entity name="sender1" class="ptolemy.actor.ptalon.demo.ptinyos.SendAndReceiveCnt.CntToLedsAndRfm"> caused an exception to be thrown.
  in .SendAndReceiveCnt.SendAndReceiveCnt
Because:
Cannot find class: ptolemy.actor.ptalon.demo.ptinyos.SendAndReceiveCnt.CntToLedsAndRfm. In Ptolemy, classes are typically Java .class files. Entities like actors may instead be defined within a .xml file.  In any case, the class was not found. If the class uses a third party package, then the class would be present only if the third party package was found at compile time.  It may be necessary to upgrade Java or install the third party package, reconfigure and recompile.
Because:
Element <entity name="MicaLeds" class="ptolemy.domains.ptinyos.lib.MicaLeds"> caused an exception to be thrown.
  in .CntToLedsAndRfm
Because:
Cannot find class: ptolemy.domains.ptinyos.lib.MicaLeds. In Ptolemy, classes are typically Java .class files. Entities like actors may instead be defined within a .xml file.  In any case, the class was not found. If the class uses a third party package, then the class would be present only if the third party package was found at compile time.  It may be necessary to upgrade Java or install the third party package, reconfigure and recompile.
Because:
-- /home/travis/build/icyphy/ptII/ptolemy/actor/ptalon/demo/ptinyos/SendAndReceiveCnt/ptolemy/domains/ptinyos/lib/MicaLeds.xml (No such file or directory)
-- XML file not found relative to classpath.
-- /home/travis/build/icyphy/ptII/ptolemy/vergil/basic/export/test/ptolemy/domains/ptinyos/lib/MicaLeds.xml
/home/travis/build/icyphy/ptII/ptolemy/vergil/basic/export/test/ptolemy/domains/ptinyos/lib/MicaLeds.xml (No such file or directory)
 in file:/home/travis/build/icyphy/ptII/ptolemy/actor/ptalon/demo/ptinyos/SendAndReceiveCnt/CntToLedsAndRfm.xml at line 132 and column 63
	at ptolemy.moml.SimpleErrorHandler.handleError(SimpleErrorHandler.java:75)
	at ptolemy.moml.MoMLParser.startElement(MoMLParser.java:3805)
	at com.microstar.xml.XmlParser.parseElement(XmlParser.java:931)
	at com.microstar.xml.XmlParser.parseDocument(XmlParser.java:481)
	at com.microstar.xml.XmlParser.doParse(XmlParser.java:159)
	at com.microstar.xml.XmlParser.parse(XmlParser.java:132)
	at ptolemy.moml.MoMLParser.parse(MoMLParser.java:1660)
	at ptolemy.moml.MoMLParser.parse(MoMLParser.java:1617)
	at ptolemy.moml.MoMLParser.parse(MoMLParser.java:1792)
	at ptolemy.actor.ptalon.PtalonEvaluator.addActor(PtalonEvaluator.java:241)
	... 56 more
Caused by: ptolemy.kernel.util.IllegalActionException: Cannot find class: ptolemy.actor.ptalon.demo.ptinyos.SendAndReceiveCnt.CntToLedsAndRfm. In Ptolemy, classes are typically Java .class files. Entities like actors may instead be defined within a .xml file.  In any case, the class was not found. If the class uses a third party package, then the class would be present only if the third party package was found at compile time.  It may be necessary to upgrade Java or install the third party package, reconfigure and recompile.
Because:
Element <entity name="MicaLeds" class="ptolemy.domains.ptinyos.lib.MicaLeds"> caused an exception to be thrown.
  in .CntToLedsAndRfm
Because:
Cannot find class: ptolemy.domains.ptinyos.lib.MicaLeds. In Ptolemy, classes are typically Java .class files. Entities like actors may instead be defined within a .xml file.  In any case, the class was not found. If the class uses a third party package, then the class would be present only if the third party package was found at compile time.  It may be necessary to upgrade Java or install the third party package, reconfigure and recompile.
Because:
-- /home/travis/build/icyphy/ptII/ptolemy/actor/ptalon/demo/ptinyos/SendAndReceiveCnt/ptolemy/domains/ptinyos/lib/MicaLeds.xml (No such file or directory)
-- XML file not found relative to classpath.
-- /home/travis/build/icyphy/ptII/ptolemy/vergil/basic/export/test/ptolemy/domains/ptinyos/lib/MicaLeds.xml
/home/travis/build/icyphy/ptII/ptolemy/vergil/basic/export/test/ptolemy/domains/ptinyos/lib/MicaLeds.xml (No such file or directory)
 in file:/home/travis/build/icyphy/ptII/ptolemy/actor/ptalon/demo/ptinyos/SendAndReceiveCnt/CntToLedsAndRfm.xml at line 132 and column 63
	at ptolemy.moml.MoMLParser._createEntity(MoMLParser.java:4330)
	at ptolemy.moml.MoMLParser.startElement(MoMLParser.java:2864)
	... 64 more
Caused by: ptolemy.kernel.util.InternalErrorException: Element <entity name="MicaLeds" class="ptolemy.domains.ptinyos.lib.MicaLeds"> caused an exception to be thrown.
  in .CntToLedsAndRfm
Because:
Cannot find class: ptolemy.domains.ptinyos.lib.MicaLeds. In Ptolemy, classes are typically Java .class files. Entities like actors may instead be defined within a .xml file.  In any case, the class was not found. If the class uses a third party package, then the class would be present only if the third party package was found at compile time.  It may be necessary to upgrade Java or install the third party package, reconfigure and recompile.
Because:
-- /home/travis/build/icyphy/ptII/ptolemy/actor/ptalon/demo/ptinyos/SendAndReceiveCnt/ptolemy/domains/ptinyos/lib/MicaLeds.xml (No such file or directory)
-- XML file not found relative to classpath.
-- /home/travis/build/icyphy/ptII/ptolemy/vergil/basic/export/test/ptolemy/domains/ptinyos/lib/MicaLeds.xml
/home/travis/build/icyphy/ptII/ptolemy/vergil/basic/export/test/ptolemy/domains/ptinyos/lib/MicaLeds.xml (No such file or directory)
 in file:/home/travis/build/icyphy/ptII/ptolemy/actor/ptalon/demo/ptinyos/SendAndReceiveCnt/CntToLedsAndRfm.xml at line 132 and column 63
	at ptolemy.moml.SimpleErrorHandler.handleError(SimpleErrorHandler.java:75)
	at ptolemy.moml.MoMLParser.startElement(MoMLParser.java:3805)
	at com.microstar.xml.XmlParser.parseElement(XmlParser.java:921)
	at com.microstar.xml.XmlParser.parseContent(XmlParser.java:1104)
	at com.microstar.xml.XmlParser.parseElement(XmlParser.java:924)
	at com.microstar.xml.XmlParser.parseDocument(XmlParser.java:481)
	at com.microstar.xml.XmlParser.doParse(XmlParser.java:159)
	at com.microstar.xml.XmlParser.parse(XmlParser.java:132)
	at ptolemy.moml.MoMLParser.parse(MoMLParser.java:1676)
	at ptolemy.moml.MoMLParser.parse(MoMLParser.java:1595)
	at ptolemy.moml.MoMLParser.parse(MoMLParser.java:1537)
	at ptolemy.moml.MoMLParser._findOrParse(MoMLParser.java:5286)
	at ptolemy.moml.MoMLParser._attemptToFindMoMLClass(MoMLParser.java:4075)
	at ptolemy.moml.MoMLParser._createEntity(MoMLParser.java:4323)
	... 65 more
Caused by: ptolemy.kernel.util.IllegalActionException: Cannot find class: ptolemy.domains.ptinyos.lib.MicaLeds. In Ptolemy, classes are typically Java .class files. Entities like actors may instead be defined within a .xml file.  In any case, the class was not found. If the class uses a third party package, then the class would be present only if the third party package was found at compile time.  It may be necessary to upgrade Java or install the third party package, reconfigure and recompile.
Because:
-- /home/travis/build/icyphy/ptII/ptolemy/actor/ptalon/demo/ptinyos/SendAndReceiveCnt/ptolemy/domains/ptinyos/lib/MicaLeds.xml (No such file or directory)
-- XML file not found relative to classpath.
-- /home/travis/build/icyphy/ptII/ptolemy/vergil/basic/export/test/ptolemy/domains/ptinyos/lib/MicaLeds.xml
/home/travis/build/icyphy/ptII/ptolemy/vergil/basic/export/test/ptolemy/domains/ptinyos/lib/MicaLeds.xml (No such file or directory)
 in file:/home/travis/build/icyphy/ptII/ptolemy/actor/ptalon/demo/ptinyos/SendAndReceiveCnt/CntToLedsAndRfm.xml at line 132 and column 63
	at ptolemy.moml.MoMLParser._createEntity(MoMLParser.java:4330)
	at ptolemy.moml.MoMLParser.startElement(MoMLParser.java:2864)
	... 77 more
Caused by: com.microstar.xml.XmlException: -- /home/travis/build/icyphy/ptII/ptolemy/actor/ptalon/demo/ptinyos/SendAndReceiveCnt/ptolemy/domains/ptinyos/lib/MicaLeds.xml (No such file or directory)
-- XML file not found relative to classpath.
-- /home/travis/build/icyphy/ptII/ptolemy/vergil/basic/export/test/ptolemy/domains/ptinyos/lib/MicaLeds.xml
/home/travis/build/icyphy/ptII/ptolemy/vergil/basic/export/test/ptolemy/domains/ptinyos/lib/MicaLeds.xml (No such file or directory)
 in file:/home/travis/build/icyphy/ptII/ptolemy/actor/ptalon/demo/ptinyos/SendAndReceiveCnt/CntToLedsAndRfm.xml at line 132 and column 63
	at ptolemy.moml.MoMLParser.fileNameToURL(MoMLParser.java:1414)
	at ptolemy.moml.MoMLParser._findOrParse(MoMLParser.java:5283)
	at ptolemy.moml.MoMLParser._attemptToFindMoMLClass(MoMLParser.java:4075)
	at ptolemy.moml.MoMLParser._createEntity(MoMLParser.java:4323)
	... 78 more
Failed to read file:/home/travis/build/icyphy/ptII/ptolemy/actor/ptalon/demo/ptinyos/SendAndReceiveCnt/SendAndReceiveCnt.xml
ptolemy.kernel.util.IllegalActionException: Failed to process attribute change to PtalonParameter, whose value is "ptolemy.actor.ptalon.PtalonExpressionParameter {.SendAndReceiveCnt.SendAndReceiveCnt.channelName} "AtomicWirelessChannel"".
  in .SendAndReceiveCnt.SendAndReceiveCnt
Because:
Unable to add actor null
	at ptolemy.actor.ptalon.PtalonActor.attributeChanged(PtalonActor.java:211)
	at ptolemy.actor.ptalon.PtalonMLHandler.startElement(PtalonMLHandler.java:134)
	at com.microstar.xml.XmlParser.parseElement(XmlParser.java:921)
	at com.microstar.xml.XmlParser.parseContent(XmlParser.java:1104)
	at com.microstar.xml.XmlParser.parseElement(XmlParser.java:924)
	at com.microstar.xml.XmlParser.parseDocument(XmlParser.java:481)
	at com.microstar.xml.XmlParser.doParse(XmlParser.java:159)
	at com.microstar.xml.XmlParser.parse(XmlParser.java:132)
	at ptolemy.actor.ptalon.PtalonActor.configure(PtalonActor.java:240)
	at ptolemy.moml.MoMLParser.endElement(MoMLParser.java:996)
	at com.microstar.xml.XmlParser.parseETag(XmlParser.java:1026)
	at com.microstar.xml.XmlParser.parseContent(XmlParser.java:1098)
	at com.microstar.xml.XmlParser.parseElement(XmlParser.java:924)
	at com.microstar.xml.XmlParser.parseContent(XmlParser.java:1104)
	at com.microstar.xml.XmlParser.parseElement(XmlParser.java:924)
	at com.microstar.xml.XmlParser.parseContent(XmlParser.java:1104)
	at com.microstar.xml.XmlParser.parseElement(XmlParser.java:924)
	at com.microstar.xml.XmlParser.parseDocument(XmlParser.java:481)
	at com.microstar.xml.XmlParser.doParse(XmlParser.java:159)
	at com.microstar.xml.XmlParser.parse(XmlParser.java:132)
	at ptolemy.moml.MoMLParser.parse(MoMLParser.java:1676)
	at ptolemy.moml.MoMLParser.parse(MoMLParser.java:1595)
	at ptolemy.moml.MoMLParser.parse(MoMLParser.java:1537)
	at ptolemy.actor.gui.PtolemyEffigy$Factory.createEffigy(PtolemyEffigy.java:424)
	at ptolemy.actor.gui.EffigyFactory.createEffigy(EffigyFactory.java:234)
	at ptolemy.actor.gui.Configuration.openModel(Configuration.java:1125)
	at ptolemy.actor.gui.Configuration.openModel(Configuration.java:1051)
	at ptolemy.actor.gui.ConfigurationApplication._openModel(ConfigurationApplication.java:1252)
	at ptolemy.actor.gui.ConfigurationApplication._parseArg(ConfigurationApplication.java:1399)
	at ptolemy.actor.gui.ConfigurationApplication._parseArgs(ConfigurationApplication.java:1478)
	at ptolemy.actor.gui.ConfigurationApplication.<init>(ConfigurationApplication.java:277)
	at ptolemy.actor.gui.ConfigurationApplication.<init>(ConfigurationApplication.java:214)
	at ptolemy.actor.gui.ConfigurationApplication.<init>(ConfigurationApplication.java:201)
	at ptolemy.actor.gui.ConfigurationApplication.openModelOrEntity(ConfigurationApplication.java:680)
	at ptolemy.vergil.basic.export.ExportModel$1.run(ExportModel.java:220)
	at java.awt.event.InvocationEvent.dispatch(InvocationEvent.java:301)
	at java.awt.EventQueue.dispatchEventImpl(EventQueue.java:756)
	at java.awt.EventQueue.access$500(EventQueue.java:97)
	at java.awt.EventQueue$3.run(EventQueue.java:709)
	at java.awt.EventQueue$3.run(EventQueue.java:703)
	at java.security.AccessController.doPrivileged(Native Method)
	at java.security.ProtectionDomain$JavaSecurityAccessImpl.doIntersectionPrivilege(ProtectionDomain.java:80)
	at java.awt.EventQueue.dispatchEvent(EventQueue.java:726)
	at java.awt.EventDispatchThread.pumpOneEventForFilters(EventDispatchThread.java:201)
	at java.awt.EventDispatchThread.pumpEventsForFilter(EventDispatchThread.java:116)
	at java.awt.EventDispatchThread.pumpEventsForHierarchy(EventDispatchThread.java:105)
	at java.awt.EventDispatchThread.pumpEvents(EventDispatchThread.java:101)
	at java.awt.EventDispatchThread.pumpEvents(EventDispatchThread.java:93)
	at java.awt.EventDispatchThread.run(EventDispatchThread.java:82)
Caused by: ptolemy.actor.ptalon.PtalonRuntimeException: Unable to add actor null
	at ptolemy.actor.ptalon.PtalonEvaluator.addActor(PtalonEvaluator.java:300)
	at ptolemy.actor.ptalon.PtalonPopulator.actor_declaration(PtalonPopulator.java:1574)
	at ptolemy.actor.ptalon.PtalonPopulator.atomic_statement(PtalonPopulator.java:1638)
	at ptolemy.actor.ptalon.PtalonPopulator.iterative_statement_evaluator(PtalonPopulator.java:2484)
	at ptolemy.actor.ptalon.AbstractPtalonEvaluator$IfTree.evaluateForScope(AbstractPtalonEvaluator.java:1307)
	at ptolemy.actor.ptalon.AbstractPtalonEvaluator.evaluateForScope(AbstractPtalonEvaluator.java:744)
	at ptolemy.actor.ptalon.PtalonPopulator.iterative_statement(PtalonPopulator.java:2363)
	at ptolemy.actor.ptalon.PtalonPopulator.actor_definition(PtalonPopulator.java:2809)
	at ptolemy.actor.ptalon.PtalonActor.attributeChanged(PtalonActor.java:206)
	... 48 more
Caused by: ptolemy.kernel.util.InternalErrorException: Element <entity name="sender1" class="ptolemy.actor.ptalon.demo.ptinyos.SendAndReceiveCnt.CntToLedsAndRfm"> caused an exception to be thrown.
  in .SendAndReceiveCnt.SendAndReceiveCnt
Because:
Cannot find class: ptolemy.actor.ptalon.demo.ptinyos.SendAndReceiveCnt.CntToLedsAndRfm. In Ptolemy, classes are typically Java .class files. Entities like actors may instead be defined within a .xml file.  In any case, the class was not found. If the class uses a third party package, then the class would be present only if the third party package was found at compile time.  It may be necessary to upgrade Java or install the third party package, reconfigure and recompile.
Because:
Element <entity name="MicaLeds" class="ptolemy.domains.ptinyos.lib.MicaLeds"> caused an exception to be thrown.
  in .CntToLedsAndRfm
Because:
Cannot find class: ptolemy.domains.ptinyos.lib.MicaLeds. In Ptolemy, classes are typically Java .class files. Entities like actors may instead be defined within a .xml file.  In any case, the class was not found. If the class uses a third party package, then the class would be present only if the third party package was found at compile time.  It may be necessary to upgrade Java or install the third party package, reconfigure and recompile.
Because:
-- /home/travis/build/icyphy/ptII/ptolemy/actor/ptalon/demo/ptinyos/SendAndReceiveCnt/ptolemy/domains/ptinyos/lib/MicaLeds.xml (No such file or directory)
-- XML file not found relative to classpath.
-- /home/travis/build/icyphy/ptII/ptolemy/vergil/basic/export/test/ptolemy/domains/ptinyos/lib/MicaLeds.xml
/home/travis/build/icyphy/ptII/ptolemy/vergil/basic/export/test/ptolemy/domains/ptinyos/lib/MicaLeds.xml (No such file or directory)
 in file:/home/travis/build/icyphy/ptII/ptolemy/actor/ptalon/demo/ptinyos/SendAndReceiveCnt/CntToLedsAndRfm.xml at line 132 and column 63
	at ptolemy.moml.SimpleErrorHandler.handleError(SimpleErrorHandler.java:75)
	at ptolemy.moml.MoMLParser.startElement(MoMLParser.java:3805)
	at com.microstar.xml.XmlParser.parseElement(XmlParser.java:931)
	at com.microstar.xml.XmlParser.parseDocument(XmlParser.java:481)
	at com.microstar.xml.XmlParser.doParse(XmlParser.java:159)
	at com.microstar.xml.XmlParser.parse(XmlParser.java:132)
	at ptolemy.moml.MoMLParser.parse(MoMLParser.java:1660)
	at ptolemy.moml.MoMLParser.parse(MoMLParser.java:1617)
	at ptolemy.moml.MoMLParser.parse(MoMLParser.java:1792)
	at ptolemy.actor.ptalon.PtalonEvaluator.addActor(PtalonEvaluator.java:241)
	... 56 more
Caused by: ptolemy.kernel.util.IllegalActionException: Cannot find class: ptolemy.actor.ptalon.demo.ptinyos.SendAndReceiveCnt.CntToLedsAndRfm. In Ptolemy, classes are typically Java .class files. Entities like actors may instead be defined within a .xml file.  In any case, the class was not found. If the class uses a third party package, then the class would be present only if the third party package was found at compile time.  It may be necessary to upgrade Java or install the third party package, reconfigure and recompile.
Because:
Element <entity name="MicaLeds" class="ptolemy.domains.ptinyos.lib.MicaLeds"> caused an exception to be thrown.
  in .CntToLedsAndRfm
Because:
Cannot find class: ptolemy.domains.ptinyos.lib.MicaLeds. In Ptolemy, classes are typically Java .class files. Entities like actors may instead be defined within a .xml file.  In any case, the class was not found. If the class uses a third party package, then the class would be present only if the third party package was found at compile time.  It may be necessary to upgrade Java or install the third party package, reconfigure and recompile.
Because:
-- /home/travis/build/icyphy/ptII/ptolemy/actor/ptalon/demo/ptinyos/SendAndReceiveCnt/ptolemy/domains/ptinyos/lib/MicaLeds.xml (No such file or directory)
-- XML file not found relative to classpath.
-- /home/travis/build/icyphy/ptII/ptolemy/vergil/basic/export/test/ptolemy/domains/ptinyos/lib/MicaLeds.xml
/home/travis/build/icyphy/ptII/ptolemy/vergil/basic/export/test/ptolemy/domains/ptinyos/lib/MicaLeds.xml (No such file or directory)
 in file:/home/travis/build/icyphy/ptII/ptolemy/actor/ptalon/demo/ptinyos/SendAndReceiveCnt/CntToLedsAndRfm.xml at line 132 and column 63
	at ptolemy.moml.MoMLParser._createEntity(MoMLParser.java:4330)
	at ptolemy.moml.MoMLParser.startElement(MoMLParser.java:2864)
	... 64 more
Caused by: ptolemy.kernel.util.InternalErrorException: Element <entity name="MicaLeds" class="ptolemy.domains.ptinyos.lib.MicaLeds"> caused an exception to be thrown.
  in .CntToLedsAndRfm
Because:
Cannot find class: ptolemy.domains.ptinyos.lib.MicaLeds. In Ptolemy, classes are typically Java .class files. Entities like actors may instead be defined within a .xml file.  In any case, the class was not found. If the class uses a third party package, then the class would be present only if the third party package was found at compile time.  It may be necessary to upgrade Java or install the third party package, reconfigure and recompile.
Because:
-- /home/travis/build/icyphy/ptII/ptolemy/actor/ptalon/demo/ptinyos/SendAndReceiveCnt/ptolemy/domains/ptinyos/lib/MicaLeds.xml (No such file or directory)
-- XML file not found relative to classpath.
-- /home/travis/build/icyphy/ptII/ptolemy/vergil/basic/export/test/ptolemy/domains/ptinyos/lib/MicaLeds.xml
/home/travis/build/icyphy/ptII/ptolemy/vergil/basic/export/test/ptolemy/domains/ptinyos/lib/MicaLeds.xml (No such file or directory)
 in file:/home/travis/build/icyphy/ptII/ptolemy/actor/ptalon/demo/ptinyos/SendAndReceiveCnt/CntToLedsAndRfm.xml at line 132 and column 63
	at ptolemy.moml.SimpleErrorHandler.handleError(SimpleErrorHandler.java:75)
	at ptolemy.moml.MoMLParser.startElement(MoMLParser.java:3805)
	at com.microstar.xml.XmlParser.parseElement(XmlParser.java:921)
	at com.microstar.xml.XmlParser.parseContent(XmlParser.java:1104)
	at com.microstar.xml.XmlParser.parseElement(XmlParser.java:924)
	at com.microstar.xml.XmlParser.parseDocument(XmlParser.java:481)
	at com.microstar.xml.XmlParser.doParse(XmlParser.java:159)
	at com.microstar.xml.XmlParser.parse(XmlParser.java:132)
	at ptolemy.moml.MoMLParser.parse(MoMLParser.java:1676)
	at ptolemy.moml.MoMLParser.parse(MoMLParser.java:1595)
	at ptolemy.moml.MoMLParser.parse(MoMLParser.java:1537)
	at ptolemy.moml.MoMLParser._findOrParse(MoMLParser.java:5286)
	at ptolemy.moml.MoMLParser._attemptToFindMoMLClass(MoMLParser.java:4075)
	at ptolemy.moml.MoMLParser._createEntity(MoMLParser.java:4323)
	... 65 more
Caused by: ptolemy.kernel.util.IllegalActionException: Cannot find class: ptolemy.domains.ptinyos.lib.MicaLeds. In Ptolemy, classes are typically Java .class files. Entities like actors may instead be defined within a .xml file.  In any case, the class was not found. If the class uses a third party package, then the class would be present only if the third party package was found at compile time.  It may be necessary to upgrade Java or install the third party package, reconfigure and recompile.
Because:
-- /home/travis/build/icyphy/ptII/ptolemy/actor/ptalon/demo/ptinyos/SendAndReceiveCnt/ptolemy/domains/ptinyos/lib/MicaLeds.xml (No such file or directory)
-- XML file not found relative to classpath.
-- /home/travis/build/icyphy/ptII/ptolemy/vergil/basic/export/test/ptolemy/domains/ptinyos/lib/MicaLeds.xml
/home/travis/build/icyphy/ptII/ptolemy/vergil/basic/export/test/ptolemy/domains/ptinyos/lib/MicaLeds.xml (No such file or directory)
 in file:/home/travis/build/icyphy/ptII/ptolemy/actor/ptalon/demo/ptinyos/SendAndReceiveCnt/CntToLedsAndRfm.xml at line 132 and column 63
	at ptolemy.moml.MoMLParser._createEntity(MoMLParser.java:4330)
	at ptolemy.moml.MoMLParser.startElement(MoMLParser.java:2864)
	... 77 more
Caused by: com.microstar.xml.XmlException: -- /home/travis/build/icyphy/ptII/ptolemy/actor/ptalon/demo/ptinyos/SendAndReceiveCnt/ptolemy/domains/ptinyos/lib/MicaLeds.xml (No such file or directory)
-- XML file not found relative to classpath.
-- /home/travis/build/icyphy/ptII/ptolemy/vergil/basic/export/test/ptolemy/domains/ptinyos/lib/MicaLeds.xml
/home/travis/build/icyphy/ptII/ptolemy/vergil/basic/export/test/ptolemy/domains/ptinyos/lib/MicaLeds.xml (No such file or directory)
 in file:/home/travis/build/icyphy/ptII/ptolemy/actor/ptalon/demo/ptinyos/SendAndReceiveCnt/CntToLedsAndRfm.xml at line 132 and column 63
	at ptolemy.moml.MoMLParser.fileNameToURL(MoMLParser.java:1414)
	at ptolemy.moml.MoMLParser._findOrParse(MoMLParser.java:5283)
	at ptolemy.moml.MoMLParser._attemptToFindMoMLClass(MoMLParser.java:4075)
	at ptolemy.moml.MoMLParser._createEntity(MoMLParser.java:4323)
	... 78 more
Caused by: ptolemy.actor.ptalon.PtalonRuntimeException: Unable to add actor null
	at ptolemy.actor.ptalon.PtalonEvaluator.addActor(PtalonEvaluator.java:300)
	at ptolemy.actor.ptalon.PtalonPopulator.actor_declaration(PtalonPopulator.java:1574)
	at ptolemy.actor.ptalon.PtalonPopulator.atomic_statement(PtalonPopulator.java:1638)
	at ptolemy.actor.ptalon.PtalonPopulator.iterative_statement_evaluator(PtalonPopulator.java:2484)
	at ptolemy.actor.ptalon.AbstractPtalonEvaluator$IfTree.evaluateForScope(AbstractPtalonEvaluator.java:1307)
	at ptolemy.actor.ptalon.AbstractPtalonEvaluator.evaluateForScope(AbstractPtalonEvaluator.java:744)
	at ptolemy.actor.ptalon.PtalonPopulator.iterative_statement(PtalonPopulator.java:2363)
	at ptolemy.actor.ptalon.PtalonPopulator.actor_definition(PtalonPopulator.java:2809)
	at ptolemy.actor.ptalon.PtalonActor.attributeChanged(PtalonActor.java:206)
	at ptolemy.actor.ptalon.PtalonMLHandler.startElement(PtalonMLHandler.java:134)
	at com.microstar.xml.XmlParser.parseElement(XmlParser.java:921)
	at com.microstar.xml.XmlParser.parseContent(XmlParser.java:1104)
	at com.microstar.xml.XmlParser.parseElement(XmlParser.java:924)
	at com.microstar.xml.XmlParser.parseDocument(XmlParser.java:481)
	at com.microstar.xml.XmlParser.doParse(XmlParser.java:159)
	at com.microstar.xml.XmlParser.parse(XmlParser.java:132)
	at ptolemy.actor.ptalon.PtalonActor.configure(PtalonActor.java:240)
	at ptolemy.moml.MoMLParser.endElement(MoMLParser.java:996)
	at com.microstar.xml.XmlParser.parseETag(XmlParser.java:1026)
	at com.microstar.xml.XmlParser.parseContent(XmlParser.java:1098)
	at com.microstar.xml.XmlParser.parseElement(XmlParser.java:924)
	at com.microstar.xml.XmlParser.parseContent(XmlParser.java:1104)
	at com.microstar.xml.XmlParser.parseElement(XmlParser.java:924)
	at com.microstar.xml.XmlParser.parseContent(XmlParser.java:1104)
	at com.microstar.xml.XmlParser.parseElement(XmlParser.java:924)
	at com.microstar.xml.XmlParser.parseDocument(XmlParser.java:481)
	at com.microstar.xml.XmlParser.doParse(XmlParser.java:159)
	at com.microstar.xml.XmlParser.parse(XmlParser.java:132)
	at ptolemy.moml.MoMLParser.parse(MoMLParser.java:1676)
	at ptolemy.moml.MoMLParser.parse(MoMLParser.java:1595)
	at ptolemy.moml.MoMLParser.parse(MoMLParser.java:1537)
	at ptolemy.actor.gui.PtolemyEffigy$Factory.createEffigy(PtolemyEffigy.java:424)
	at ptolemy.actor.gui.EffigyFactory.createEffigy(EffigyFactory.java:234)
	at ptolemy.actor.gui.Configuration.openModel(Configuration.java:1125)
	at ptolemy.actor.gui.Configuration.openModel(Configuration.java:1051)
	at ptolemy.actor.gui.ConfigurationApplication._openModel(ConfigurationApplication.java:1252)
	at ptolemy.actor.gui.ConfigurationApplication._parseArg(ConfigurationApplication.java:1399)
	at ptolemy.actor.gui.ConfigurationApplication._parseArgs(ConfigurationApplication.java:1478)
	at ptolemy.actor.gui.ConfigurationApplication.<init>(ConfigurationApplication.java:277)
	at ptolemy.actor.gui.ConfigurationApplication.<init>(ConfigurationApplication.java:214)
	at ptolemy.actor.gui.ConfigurationApplication.<init>(ConfigurationApplication.java:201)
	at ptolemy.actor.gui.ConfigurationApplication.openModelOrEntity(ConfigurationApplication.java:680)
	at ptolemy.vergil.basic.export.ExportModel$1.run(ExportModel.java:220)
	at java.awt.event.InvocationEvent.dispatch(InvocationEvent.java:301)
	at java.awt.EventQueue.dispatchEventImpl(EventQueue.java:756)
	at java.awt.EventQueue.access$500(EventQueue.java:97)
	at java.awt.EventQueue$3.run(EventQueue.java:709)
	at java.awt.EventQueue$3.run(EventQueue.java:703)
	at java.security.AccessController.doPrivileged(Native Method)
	at java.security.ProtectionDomain$JavaSecurityAccessImpl.doIntersectionPrivilege(ProtectionDomain.java:80)
	at java.awt.EventQueue.dispatchEvent(EventQueue.java:726)
	at java.awt.EventDispatchThread.pumpOneEventForFilters(EventDispatchThread.java:201)
	at java.awt.EventDispatchThread.pumpEventsForFilter(EventDispatchThread.java:116)
	at java.awt.EventDispatchThread.pumpEventsForHierarchy(EventDispatchThread.java:105)
	at java.awt.EventDispatchThread.pumpEvents(EventDispatchThread.java:101)
	at java.awt.EventDispatchThread.pumpEvents(EventDispatchThread.java:93)
	at java.awt.EventDispatchThread.run(EventDispatchThread.java:82)
Caused by: ptolemy.kernel.util.InternalErrorException: Element <entity name="sender1" class="ptolemy.actor.ptalon.demo.ptinyos.SendAndReceiveCnt.CntToLedsAndRfm"> caused an exception to be thrown.
  in .SendAndReceiveCnt.SendAndReceiveCnt
Because:
Cannot find class: ptolemy.actor.ptalon.demo.ptinyos.SendAndReceiveCnt.CntToLedsAndRfm. In Ptolemy, classes are typically Java .class files. Entities like actors may instead be defined within a .xml file.  In any case, the class was not found. If the class uses a third party package, then the class would be present only if the third party package was found at compile time.  It may be necessary to upgrade Java or install the third party package, reconfigure and recompile.
Because:
Element <entity name="MicaLeds" class="ptolemy.domains.ptinyos.lib.MicaLeds"> caused an exception to be thrown.
  in .CntToLedsAndRfm
Because:
Cannot find class: ptolemy.domains.ptinyos.lib.MicaLeds. In Ptolemy, classes are typically Java .class files. Entities like actors may instead be defined within a .xml file.  In any case, the class was not found. If the class uses a third party package, then the class would be present only if the third party package was found at compile time.  It may be necessary to upgrade Java or install the third party package, reconfigure and recompile.
Because:
-- /home/travis/build/icyphy/ptII/ptolemy/actor/ptalon/demo/ptinyos/SendAndReceiveCnt/ptolemy/domains/ptinyos/lib/MicaLeds.xml (No such file or directory)
-- XML file not found relative to classpath.
-- /home/travis/build/icyphy/ptII/ptolemy/vergil/basic/export/test/ptolemy/domains/ptinyos/lib/MicaLeds.xml
/home/travis/build/icyphy/ptII/ptolemy/vergil/basic/export/test/ptolemy/domains/ptinyos/lib/MicaLeds.xml (No such file or directory)
 in file:/home/travis/build/icyphy/ptII/ptolemy/actor/ptalon/demo/ptinyos/SendAndReceiveCnt/CntToLedsAndRfm.xml at line 132 and column 63
	at ptolemy.moml.SimpleErrorHandler.handleError(SimpleErrorHandler.java:75)
	at ptolemy.moml.MoMLParser.startElement(MoMLParser.java:3805)
	at com.microstar.xml.XmlParser.parseElement(XmlParser.java:931)
	at com.microstar.xml.XmlParser.parseDocument(XmlParser.java:481)
	at com.microstar.xml.XmlParser.doParse(XmlParser.java:159)
	at com.microstar.xml.XmlParser.parse(XmlParser.java:132)
	at ptolemy.moml.MoMLParser.parse(MoMLParser.java:1660)
	at ptolemy.moml.MoMLParser.parse(MoMLParser.java:1617)
	at ptolemy.moml.MoMLParser.parse(MoMLParser.java:1792)
	at ptolemy.actor.ptalon.PtalonEvaluator.addActor(PtalonEvaluator.java:241)
	... 56 more
Caused by: ptolemy.kernel.util.IllegalActionException: Cannot find class: ptolemy.actor.ptalon.demo.ptinyos.SendAndReceiveCnt.CntToLedsAndRfm. In Ptolemy, classes are typically Java .class files. Entities like actors may instead be defined within a .xml file.  In any case, the class was not found. If the class uses a third party package, then the class would be present only if the third party package was found at compile time.  It may be necessary to upgrade Java or install the third party package, reconfigure and recompile.
Because:
Element <entity name="MicaLeds" class="ptolemy.domains.ptinyos.lib.MicaLeds"> caused an exception to be thrown.
  in .CntToLedsAndRfm
Because:
Cannot find class: ptolemy.domains.ptinyos.lib.MicaLeds. In Ptolemy, classes are typically Java .class files. Entities like actors may instead be defined within a .xml file.  In any case, the class was not found. If the class uses a third party package, then the class would be present only if the third party package was found at compile time.  It may be necessary to upgrade Java or install the third party package, reconfigure and recompile.
Because:
-- /home/travis/build/icyphy/ptII/ptolemy/actor/ptalon/demo/ptinyos/SendAndReceiveCnt/ptolemy/domains/ptinyos/lib/MicaLeds.xml (No such file or directory)
-- XML file not found relative to classpath.
-- /home/travis/build/icyphy/ptII/ptolemy/vergil/basic/export/test/ptolemy/domains/ptinyos/lib/MicaLeds.xml
/home/travis/build/icyphy/ptII/ptolemy/vergil/basic/export/test/ptolemy/domains/ptinyos/lib/MicaLeds.xml (No such file or directory)
 in file:/home/travis/build/icyphy/ptII/ptolemy/actor/ptalon/demo/ptinyos/SendAndReceiveCnt/CntToLedsAndRfm.xml at line 132 and column 63
	at ptolemy.moml.MoMLParser._createEntity(MoMLParser.java:4330)
	at ptolemy.moml.MoMLParser.startElement(MoMLParser.java:2864)
	... 64 more
Caused by: ptolemy.kernel.util.InternalErrorException: Element <entity name="MicaLeds" class="ptolemy.domains.ptinyos.lib.MicaLeds"> caused an exception to be thrown.
  in .CntToLedsAndRfm
Because:
Cannot find class: ptolemy.domains.ptinyos.lib.MicaLeds. In Ptolemy, classes are typically Java .class files. Entities like actors may instead be defined within a .xml file.  In any case, the class was not found. If the class uses a third party package, then the class would be present only if the third party package was found at compile time.  It may be necessary to upgrade Java or install the third party package, reconfigure and recompile.
Because:
-- /home/travis/build/icyphy/ptII/ptolemy/actor/ptalon/demo/ptinyos/SendAndReceiveCnt/ptolemy/domains/ptinyos/lib/MicaLeds.xml (No such file or directory)
-- XML file not found relative to classpath.
-- /home/travis/build/icyphy/ptII/ptolemy/vergil/basic/export/test/ptolemy/domains/ptinyos/lib/MicaLeds.xml
/home/travis/build/icyphy/ptII/ptolemy/vergil/basic/export/test/ptolemy/domains/ptinyos/lib/MicaLeds.xml (No such file or directory)
 in file:/home/travis/build/icyphy/ptII/ptolemy/actor/ptalon/demo/ptinyos/SendAndReceiveCnt/CntToLedsAndRfm.xml at line 132 and column 63
	at ptolemy.moml.SimpleErrorHandler.handleError(SimpleErrorHandler.java:75)
	at ptolemy.moml.MoMLParser.startElement(MoMLParser.java:3805)
	at com.microstar.xml.XmlParser.parseElement(XmlParser.java:921)
	at com.microstar.xml.XmlParser.parseContent(XmlParser.java:1104)
	at com.microstar.xml.XmlParser.parseElement(XmlParser.java:924)
	at com.microstar.xml.XmlParser.parseDocument(XmlParser.java:481)
	at com.microstar.xml.XmlParser.doParse(XmlParser.java:159)
	at com.microstar.xml.XmlParser.parse(XmlParser.java:132)
	at ptolemy.moml.MoMLParser.parse(MoMLParser.java:1676)
	at ptolemy.moml.MoMLParser.parse(MoMLParser.java:1595)
	at ptolemy.moml.MoMLParser.parse(MoMLParser.java:1537)
	at ptolemy.moml.MoMLParser._findOrParse(MoMLParser.java:5286)
	at ptolemy.moml.MoMLParser._attemptToFindMoMLClass(MoMLParser.java:4075)
	at ptolemy.moml.MoMLParser._createEntity(MoMLParser.java:4323)
	... 65 more
Caused by: ptolemy.kernel.util.IllegalActionException: Cannot find class: ptolemy.domains.ptinyos.lib.MicaLeds. In Ptolemy, classes are typically Java .class files. Entities like actors may instead be defined within a .xml file.  In any case, the class was not found. If the class uses a third party package, then the class would be present only if the third party package was found at compile time.  It may be necessary to upgrade Java or install the third party package, reconfigure and recompile.
Because:
-- /home/travis/build/icyphy/ptII/ptolemy/actor/ptalon/demo/ptinyos/SendAndReceiveCnt/ptolemy/domains/ptinyos/lib/MicaLeds.xml (No such file or directory)
-- XML file not found relative to classpath.
-- /home/travis/build/icyphy/ptII/ptolemy/vergil/basic/export/test/ptolemy/domains/ptinyos/lib/MicaLeds.xml
/home/travis/build/icyphy/ptII/ptolemy/vergil/basic/export/test/ptolemy/domains/ptinyos/lib/MicaLeds.xml (No such file or directory)
 in file:/home/travis/build/icyphy/ptII/ptolemy/actor/ptalon/demo/ptinyos/SendAndReceiveCnt/CntToLedsAndRfm.xml at line 132 and column 63
	at ptolemy.moml.MoMLParser._createEntity(MoMLParser.java:4330)
	at ptolemy.moml.MoMLParser.startElement(MoMLParser.java:2864)
	... 77 more
Caused by: com.microstar.xml.XmlException: -- /home/travis/build/icyphy/ptII/ptolemy/actor/ptalon/demo/ptinyos/SendAndReceiveCnt/ptolemy/domains/ptinyos/lib/MicaLeds.xml (No such file or directory)
-- XML file not found relative to classpath.
-- /home/travis/build/icyphy/ptII/ptolemy/vergil/basic/export/test/ptolemy/domains/ptinyos/lib/MicaLeds.xml
/home/travis/build/icyphy/ptII/ptolemy/vergil/basic/export/test/ptolemy/domains/ptinyos/lib/MicaLeds.xml (No such file or directory)
 in file:/home/travis/build/icyphy/ptII/ptolemy/actor/ptalon/demo/ptinyos/SendAndReceiveCnt/CntToLedsAndRfm.xml at line 132 and column 63
	at ptolemy.moml.MoMLParser.fileNameToURL(MoMLParser.java:1414)
	at ptolemy.moml.MoMLParser._findOrParse(MoMLParser.java:5283)
	at ptolemy.moml.MoMLParser._attemptToFindMoMLClass(MoMLParser.java:4075)
	at ptolemy.moml.MoMLParser._createEntity(MoMLParser.java:4323)
	... 78 more
ptolemy.kernel.util.IllegalActionException: Failed to process attribute change to PtalonParameter, whose value is "ptolemy.actor.ptalon.PtalonExpressionParameter {.SendAndReceiveCnt.SendAndReceiveCnt.channelName} "AtomicWirelessChannel"".
  in .SendAndReceiveCnt.SendAndReceiveCnt
Because:
Unable to add actor null
	at ptolemy.actor.ptalon.PtalonActor.attributeChanged(PtalonActor.java:211)
	at ptolemy.actor.ptalon.PtalonMLHandler.startElement(PtalonMLHandler.java:134)
	at com.microstar.xml.XmlParser.parseElement(XmlParser.java:921)
	at com.microstar.xml.XmlParser.parseContent(XmlParser.java:1104)
	at com.microstar.xml.XmlParser.parseElement(XmlParser.java:924)
	at com.microstar.xml.XmlParser.parseDocument(XmlParser.java:481)
	at com.microstar.xml.XmlParser.doParse(XmlParser.java:159)
	at com.microstar.xml.XmlParser.parse(XmlParser.java:132)
	at ptolemy.actor.ptalon.PtalonActor.configure(PtalonActor.java:240)
	at ptolemy.moml.MoMLParser.endElement(MoMLParser.java:996)
	at com.microstar.xml.XmlParser.parseETag(XmlParser.java:1026)
	at com.microstar.xml.XmlParser.parseContent(XmlParser.java:1098)
	at com.microstar.xml.XmlParser.parseElement(XmlParser.java:924)
	at com.microstar.xml.XmlParser.parseContent(XmlParser.java:1104)
	at com.microstar.xml.XmlParser.parseElement(XmlParser.java:924)
	at com.microstar.xml.XmlParser.parseContent(XmlParser.java:1104)
	at com.microstar.xml.XmlParser.parseElement(XmlParser.java:924)
	at com.microstar.xml.XmlParser.parseDocument(XmlParser.java:481)
	at com.microstar.xml.XmlParser.doParse(XmlParser.java:159)
	at com.microstar.xml.XmlParser.parse(XmlParser.java:132)
	at ptolemy.moml.MoMLParser.parse(MoMLParser.java:1676)
	at ptolemy.moml.MoMLParser.parse(MoMLParser.java:1595)
	at ptolemy.moml.MoMLParser.parse(MoMLParser.java:1537)
	at ptolemy.actor.gui.PtolemyEffigy$Factory.createEffigy(PtolemyEffigy.java:424)
	at ptolemy.actor.gui.EffigyFactory.createEffigy(EffigyFactory.java:234)
	at ptolemy.actor.gui.Configuration.openModel(Configuration.java:1125)
	at ptolemy.actor.gui.Configuration.openModel(Configuration.java:1051)
	at ptolemy.actor.gui.ConfigurationApplication._openModel(ConfigurationApplication.java:1252)
	at ptolemy.actor.gui.ConfigurationApplication._parseArg(ConfigurationApplication.java:1399)
	at ptolemy.actor.gui.ConfigurationApplication._parseArgs(ConfigurationApplication.java:1478)
	at ptolemy.actor.gui.ConfigurationApplication.<init>(ConfigurationApplication.java:277)
	at ptolemy.actor.gui.ConfigurationApplication.<init>(ConfigurationApplication.java:214)
	at ptolemy.actor.gui.ConfigurationApplication.<init>(ConfigurationApplication.java:201)
	at ptolemy.actor.gui.ConfigurationApplication.openModelOrEntity(ConfigurationApplication.java:680)
	at ptolemy.vergil.basic.export.ExportModel$1.run(ExportModel.java:220)
	at java.awt.event.InvocationEvent.dispatch(InvocationEvent.java:301)
	at java.awt.EventQueue.dispatchEventImpl(EventQueue.java:756)
	at java.awt.EventQueue.access$500(EventQueue.java:97)
	at java.awt.EventQueue$3.run(EventQueue.java:709)
	at java.awt.EventQueue$3.run(EventQueue.java:703)
	at java.security.AccessController.doPrivileged(Native Method)
	at java.security.ProtectionDomain$JavaSecurityAccessImpl.doIntersectionPrivilege(ProtectionDomain.java:80)
	at java.awt.EventQueue.dispatchEvent(EventQueue.java:726)
	at java.awt.EventDispatchThread.pumpOneEventForFilters(EventDispatchThread.java:201)
	at java.awt.EventDispatchThread.pumpEventsForFilter(EventDispatchThread.java:116)
	at java.awt.EventDispatchThread.pumpEventsForHierarchy(EventDispatchThread.java:105)
	at java.awt.EventDispatchThread.pumpEvents(EventDispatchThread.java:101)
	at java.awt.EventDispatchThread.pumpEvents(EventDispatchThread.java:93)
	at java.awt.EventDispatchThread.run(EventDispatchThread.java:82)
Caused by: ptolemy.actor.ptalon.PtalonRuntimeException: Unable to add actor null
	at ptolemy.actor.ptalon.PtalonEvaluator.addActor(PtalonEvaluator.java:300)
	at ptolemy.actor.ptalon.PtalonPopulator.actor_declaration(PtalonPopulator.java:1574)
	at ptolemy.actor.ptalon.PtalonPopulator.atomic_statement(PtalonPopulator.java:1638)
	at ptolemy.actor.ptalon.PtalonPopulator.iterative_statement_evaluator(PtalonPopulator.java:2484)
	at ptolemy.actor.ptalon.AbstractPtalonEvaluator$IfTree.evaluateForScope(AbstractPtalonEvaluator.java:1307)
	at ptolemy.actor.ptalon.AbstractPtalonEvaluator.evaluateForScope(AbstractPtalonEvaluator.java:744)
	at ptolemy.actor.ptalon.PtalonPopulator.iterative_statement(PtalonPopulator.java:2363)
	at ptolemy.actor.ptalon.PtalonPopulator.actor_definition(PtalonPopulator.java:2809)
	at ptolemy.actor.ptalon.PtalonActor.attributeChanged(PtalonActor.java:206)
	... 48 more
Caused by: ptolemy.kernel.util.InternalErrorException: Element <entity name="sender1" class="ptolemy.actor.ptalon.demo.ptinyos.SendAndReceiveCnt.CntToLedsAndRfm"> caused an exception to be thrown.
  in .SendAndReceiveCnt.SendAndReceiveCnt
Because:
Cannot find class: ptolemy.actor.ptalon.demo.ptinyos.SendAndReceiveCnt.CntToLedsAndRfm. In Ptolemy, classes are typically Java .class files. Entities like actors may instead be defined within a .xml file.  In any case, the class was not found. If the class uses a third party package, then the class would be present only if the third party package was found at compile time.  It may be necessary to upgrade Java or install the third party package, reconfigure and recompile.
Because:
Element <entity name="MicaLeds" class="ptolemy.domains.ptinyos.lib.MicaLeds"> caused an exception to be thrown.
  in .CntToLedsAndRfm
Because:
Cannot find class: ptolemy.domains.ptinyos.lib.MicaLeds. In Ptolemy, classes are typically Java .class files. Entities like actors may instead be defined within a .xml file.  In any case, the class was not found. If the class uses a third party package, then the class would be present only if the third party package was found at compile time.  It may be necessary to upgrade Java or install the third party package, reconfigure and recompile.
Because:
-- /home/travis/build/icyphy/ptII/ptolemy/actor/ptalon/demo/ptinyos/SendAndReceiveCnt/ptolemy/domains/ptinyos/lib/MicaLeds.xml (No such file or directory)
-- XML file not found relative to classpath.
-- /home/travis/build/icyphy/ptII/ptolemy/vergil/basic/export/test/ptolemy/domains/ptinyos/lib/MicaLeds.xml
/home/travis/build/icyphy/ptII/ptolemy/vergil/basic/export/test/ptolemy/domains/ptinyos/lib/MicaLeds.xml (No such file or directory)
 in file:/home/travis/build/icyphy/ptII/ptolemy/actor/ptalon/demo/ptinyos/SendAndReceiveCnt/CntToLedsAndRfm.xml at line 132 and column 63
	at ptolemy.moml.SimpleErrorHandler.handleError(SimpleErrorHandler.java:75)
	at ptolemy.moml.MoMLParser.startElement(MoMLParser.java:3805)
	at com.microstar.xml.XmlParser.parseElement(XmlParser.java:931)
	at com.microstar.xml.XmlParser.parseDocument(XmlParser.java:481)
	at com.microstar.xml.XmlParser.doParse(XmlParser.java:159)
	at com.microstar.xml.XmlParser.parse(XmlParser.java:132)
	at ptolemy.moml.MoMLParser.parse(MoMLParser.java:1660)
	at ptolemy.moml.MoMLParser.parse(MoMLParser.java:1617)
	at ptolemy.moml.MoMLParser.parse(MoMLParser.java:1792)
	at ptolemy.actor.ptalon.PtalonEvaluator.addActor(PtalonEvaluator.java:241)
	... 56 more
Caused by: ptolemy.kernel.util.IllegalActionException: Cannot find class: ptolemy.actor.ptalon.demo.ptinyos.SendAndReceiveCnt.CntToLedsAndRfm. In Ptolemy, classes are typically Java .class files. Entities like actors may instead be defined within a .xml file.  In any case, the class was not found. If the class uses a third party package, then the class would be present only if the third party package was found at compile time.  It may be necessary to upgrade Java or install the third party package, reconfigure and recompile.
Because:
Element <entity name="MicaLeds" class="ptolemy.domains.ptinyos.lib.MicaLeds"> caused an exception to be thrown.
  in .CntToLedsAndRfm
Because:
Cannot find class: ptolemy.domains.ptinyos.lib.MicaLeds. In Ptolemy, classes are typically Java .class files. Entities like actors may instead be defined within a .xml file.  In any case, the class was not found. If the class uses a third party package, then the class would be present only if the third party package was found at compile time.  It may be necessary to upgrade Java or install the third party package, reconfigure and recompile.
Because:
-- /home/travis/build/icyphy/ptII/ptolemy/actor/ptalon/demo/ptinyos/SendAndReceiveCnt/ptolemy/domains/ptinyos/lib/MicaLeds.xml (No such file or directory)
-- XML file not found relative to classpath.
-- /home/travis/build/icyphy/ptII/ptolemy/vergil/basic/export/test/ptolemy/domains/ptinyos/lib/MicaLeds.xml
/home/travis/build/icyphy/ptII/ptolemy/vergil/basic/export/test/ptolemy/domains/ptinyos/lib/MicaLeds.xml (No such file or directory)
 in file:/home/travis/build/icyphy/ptII/ptolemy/actor/ptalon/demo/ptinyos/SendAndReceiveCnt/CntToLedsAndRfm.xml at line 132 and column 63
	at ptolemy.moml.MoMLParser._createEntity(MoMLParser.java:4330)
	at ptolemy.moml.MoMLParser.startElement(MoMLParser.java:2864)
	... 64 more
Caused by: ptolemy.kernel.util.InternalErrorException: Element <entity name="MicaLeds" class="ptolemy.domains.ptinyos.lib.MicaLeds"> caused an exception to be thrown.
  in .CntToLedsAndRfm
Because:
Cannot find class: ptolemy.domains.ptinyos.lib.MicaLeds. In Ptolemy, classes are typically Java .class files. Entities like actors may instead be defined within a .xml file.  In any case, the class was not found. If the class uses a third party package, then the class would be present only if the third party package was found at compile time.  It may be necessary to upgrade Java or install the third party package, reconfigure and recompile.
Because:
-- /home/travis/build/icyphy/ptII/ptolemy/actor/ptalon/demo/ptinyos/SendAndReceiveCnt/ptolemy/domains/ptinyos/lib/MicaLeds.xml (No such file or directory)
-- XML file not found relative to classpath.
-- /home/travis/build/icyphy/ptII/ptolemy/vergil/basic/export/test/ptolemy/domains/ptinyos/lib/MicaLeds.xml
/home/travis/build/icyphy/ptII/ptolemy/vergil/basic/export/test/ptolemy/domains/ptinyos/lib/MicaLeds.xml (No such file or directory)
 in file:/home/travis/build/icyphy/ptII/ptolemy/actor/ptalon/demo/ptinyos/SendAndReceiveCnt/CntToLedsAndRfm.xml at line 132 and column 63
	at ptolemy.moml.SimpleErrorHandler.handleError(SimpleErrorHandler.java:75)
	at ptolemy.moml.MoMLParser.startElement(MoMLParser.java:3805)
	at com.microstar.xml.XmlParser.parseElement(XmlParser.java:921)
	at com.microstar.xml.XmlParser.parseContent(XmlParser.java:1104)
	at com.microstar.xml.XmlParser.parseElement(XmlParser.java:924)
	at com.microstar.xml.XmlParser.parseDocument(XmlParser.java:481)
	at com.microstar.xml.XmlParser.doParse(XmlParser.java:159)
	at com.microstar.xml.XmlParser.parse(XmlParser.java:132)
	at ptolemy.moml.MoMLParser.parse(MoMLParser.java:1676)
	at ptolemy.moml.MoMLParser.parse(MoMLParser.java:1595)
	at ptolemy.moml.MoMLParser.parse(MoMLParser.java:1537)
	at ptolemy.moml.MoMLParser._findOrParse(MoMLParser.java:5286)
	at ptolemy.moml.MoMLParser._attemptToFindMoMLClass(MoMLParser.java:4075)
	at ptolemy.moml.MoMLParser._createEntity(MoMLParser.java:4323)
	... 65 more
Caused by: ptolemy.kernel.util.IllegalActionException: Cannot find class: ptolemy.domains.ptinyos.lib.MicaLeds. In Ptolemy, classes are typically Java .class files. Entities like actors may instead be defined within a .xml file.  In any case, the class was not found. If the class uses a third party package, then the class would be present only if the third party package was found at compile time.  It may be necessary to upgrade Java or install the third party package, reconfigure and recompile.
Because:
-- /home/travis/build/icyphy/ptII/ptolemy/actor/ptalon/demo/ptinyos/SendAndReceiveCnt/ptolemy/domains/ptinyos/lib/MicaLeds.xml (No such file or directory)
-- XML file not found relative to classpath.
-- /home/travis/build/icyphy/ptII/ptolemy/vergil/basic/export/test/ptolemy/domains/ptinyos/lib/MicaLeds.xml
/home/travis/build/icyphy/ptII/ptolemy/vergil/basic/export/test/ptolemy/domains/ptinyos/lib/MicaLeds.xml (No such file or directory)
 in file:/home/travis/build/icyphy/ptII/ptolemy/actor/ptalon/demo/ptinyos/SendAndReceiveCnt/CntToLedsAndRfm.xml at line 132 and column 63
	at ptolemy.moml.MoMLParser._createEntity(MoMLParser.java:4330)
	at ptolemy.moml.MoMLParser.startElement(MoMLParser.java:2864)
	... 77 more
Caused by: com.microstar.xml.XmlException: -- /home/travis/build/icyphy/ptII/ptolemy/actor/ptalon/demo/ptinyos/SendAndReceiveCnt/ptolemy/domains/ptinyos/lib/MicaLeds.xml (No such file or directory)
-- XML file not found relative to classpath.
-- /home/travis/build/icyphy/ptII/ptolemy/vergil/basic/export/test/ptolemy/domains/ptinyos/lib/MicaLeds.xml
/home/travis/build/icyphy/ptII/ptolemy/vergil/basic/export/test/ptolemy/domains/ptinyos/lib/MicaLeds.xml (No such file or directory)
 in file:/home/travis/build/icyphy/ptII/ptolemy/actor/ptalon/demo/ptinyos/SendAndReceiveCnt/CntToLedsAndRfm.xml at line 132 and column 63
	at ptolemy.moml.MoMLParser.fileNameToURL(MoMLParser.java:1414)
	at ptolemy.moml.MoMLParser._findOrParse(MoMLParser.java:5283)
	at ptolemy.moml.MoMLParser._attemptToFindMoMLClass(MoMLParser.java:4075)
	at ptolemy.moml.MoMLParser._createEntity(MoMLParser.java:4323)
	... 78 more
Caused by: ptolemy.actor.ptalon.PtalonRuntimeException: Unable to add actor null
	at ptolemy.actor.ptalon.PtalonEvaluator.addActor(PtalonEvaluator.java:300)
	at ptolemy.actor.ptalon.PtalonPopulator.actor_declaration(PtalonPopulator.java:1574)
	at ptolemy.actor.ptalon.PtalonPopulator.atomic_statement(PtalonPopulator.java:1638)
	at ptolemy.actor.ptalon.PtalonPopulator.iterative_statement_evaluator(PtalonPopulator.java:2484)
	at ptolemy.actor.ptalon.AbstractPtalonEvaluator$IfTree.evaluateForScope(AbstractPtalonEvaluator.java:1307)
	at ptolemy.actor.ptalon.AbstractPtalonEvaluator.evaluateForScope(AbstractPtalonEvaluator.java:744)
	at ptolemy.actor.ptalon.PtalonPopulator.iterative_statement(PtalonPopulator.java:2363)
	at ptolemy.actor.ptalon.PtalonPopulator.actor_definition(PtalonPopulator.java:2809)
	at ptolemy.actor.ptalon.PtalonActor.attributeChanged(PtalonActor.java:206)
	at ptolemy.actor.ptalon.PtalonMLHandler.startElement(PtalonMLHandler.java:134)
	at com.microstar.xml.XmlParser.parseElement(XmlParser.java:921)
	at com.microstar.xml.XmlParser.parseContent(XmlParser.java:1104)
	at com.microstar.xml.XmlParser.parseElement(XmlParser.java:924)
	at com.microstar.xml.XmlParser.parseDocument(XmlParser.java:481)
	at com.microstar.xml.XmlParser.doParse(XmlParser.java:159)
	at com.microstar.xml.XmlParser.parse(XmlParser.java:132)
	at ptolemy.actor.ptalon.PtalonActor.configure(PtalonActor.java:240)
	at ptolemy.moml.MoMLParser.endElement(MoMLParser.java:996)
	at com.microstar.xml.XmlParser.parseETag(XmlParser.java:1026)
	at com.microstar.xml.XmlParser.parseContent(XmlParser.java:1098)
	at com.microstar.xml.XmlParser.parseElement(XmlParser.java:924)
	at com.microstar.xml.XmlParser.parseContent(XmlParser.java:1104)
	at com.microstar.xml.XmlParser.parseElement(XmlParser.java:924)
	at com.microstar.xml.XmlParser.parseContent(XmlParser.java:1104)
	at com.microstar.xml.XmlParser.parseElement(XmlParser.java:924)
	at com.microstar.xml.XmlParser.parseDocument(XmlParser.java:481)
	at com.microstar.xml.XmlParser.doParse(XmlParser.java:159)
	at com.microstar.xml.XmlParser.parse(XmlParser.java:132)
	at ptolemy.moml.MoMLParser.parse(MoMLParser.java:1676)
	at ptolemy.moml.MoMLParser.parse(MoMLParser.java:1595)
	at ptolemy.moml.MoMLParser.parse(MoMLParser.java:1537)
	at ptolemy.actor.gui.PtolemyEffigy$Factory.createEffigy(PtolemyEffigy.java:424)
	at ptolemy.actor.gui.EffigyFactory.createEffigy(EffigyFactory.java:234)
	at ptolemy.actor.gui.Configuration.openModel(Configuration.java:1125)
	at ptolemy.actor.gui.Configuration.openModel(Configuration.java:1051)
	at ptolemy.actor.gui.ConfigurationApplication._openModel(ConfigurationApplication.java:1252)
	at ptolemy.actor.gui.ConfigurationApplication._parseArg(ConfigurationApplication.java:1399)
	at ptolemy.actor.gui.ConfigurationApplication._parseArgs(ConfigurationApplication.java:1478)
	at ptolemy.actor.gui.ConfigurationApplication.<init>(ConfigurationApplication.java:277)
	at ptolemy.actor.gui.ConfigurationApplication.<init>(ConfigurationApplication.java:214)
	at ptolemy.actor.gui.ConfigurationApplication.<init>(ConfigurationApplication.java:201)
	at ptolemy.actor.gui.ConfigurationApplication.openModelOrEntity(ConfigurationApplication.java:680)
	at ptolemy.vergil.basic.export.ExportModel$1.run(ExportModel.java:220)
	at java.awt.event.InvocationEvent.dispatch(InvocationEvent.java:301)
	at java.awt.EventQueue.dispatchEventImpl(EventQueue.java:756)
	at java.awt.EventQueue.access$500(EventQueue.java:97)
	at java.awt.EventQueue$3.run(EventQueue.java:709)
	at java.awt.EventQueue$3.run(EventQueue.java:703)
	at java.security.AccessController.doPrivileged(Native Method)
	at java.security.ProtectionDomain$JavaSecurityAccessImpl.doIntersectionPrivilege(ProtectionDomain.java:80)
	at java.awt.EventQueue.dispatchEvent(EventQueue.java:726)
	at java.awt.EventDispatchThread.pumpOneEventForFilters(EventDispatchThread.java:201)
	at java.awt.EventDispatchThread.pumpEventsForFilter(EventDispatchThread.java:116)
	at java.awt.EventDispatchThread.pumpEventsForHierarchy(EventDispatchThread.java:105)
	at java.awt.EventDispatchThread.pumpEvents(EventDispatchThread.java:101)
	at java.awt.EventDispatchThread.pumpEvents(EventDispatchThread.java:93)
	at java.awt.EventDispatchThread.run(EventDispatchThread.java:82)
Caused by: ptolemy.kernel.util.InternalErrorException: Element <entity name="sender1" class="ptolemy.actor.ptalon.demo.ptinyos.SendAndReceiveCnt.CntToLedsAndRfm"> caused an exception to be thrown.
  in .SendAndReceiveCnt.SendAndReceiveCnt
Because:
Cannot find class: ptolemy.actor.ptalon.demo.ptinyos.SendAndReceiveCnt.CntToLedsAndRfm. In Ptolemy, classes are typically Java .class files. Entities like actors may instead be defined within a .xml file.  In any case, the class was not found. If the class uses a third party package, then the class would be present only if the third party package was found at compile time.  It may be necessary to upgrade Java or install the third party package, reconfigure and recompile.
Because:
Element <entity name="MicaLeds" class="ptolemy.domains.ptinyos.lib.MicaLeds"> caused an exception to be thrown.
  in .CntToLedsAndRfm
Because:
Cannot find class: ptolemy.domains.ptinyos.lib.MicaLeds. In Ptolemy, classes are typically Java .class files. Entities like actors may instead be defined within a .xml file.  In any case, the class was not found. If the class uses a third party package, then the class would be present only if the third party package was found at compile time.  It may be necessary to upgrade Java or install the third party package, reconfigure and recompile.
Because:
-- /home/travis/build/icyphy/ptII/ptolemy/actor/ptalon/demo/ptinyos/SendAndReceiveCnt/ptolemy/domains/ptinyos/lib/MicaLeds.xml (No such file or directory)
-- XML file not found relative to classpath.
-- /home/travis/build/icyphy/ptII/ptolemy/vergil/basic/export/test/ptolemy/domains/ptinyos/lib/MicaLeds.xml
/home/travis/build/icyphy/ptII/ptolemy/vergil/basic/export/test/ptolemy/domains/ptinyos/lib/MicaLeds.xml (No such file or directory)
 in file:/home/travis/build/icyphy/ptII/ptolemy/actor/ptalon/demo/ptinyos/SendAndReceiveCnt/CntToLedsAndRfm.xml at line 132 and column 63
	at ptolemy.moml.SimpleErrorHandler.handleError(SimpleErrorHandler.java:75)
	at ptolemy.moml.MoMLParser.startElement(MoMLParser.java:3805)
	at com.microstar.xml.XmlParser.parseElement(XmlParser.java:931)
	at com.microstar.xml.XmlParser.parseDocument(XmlParser.java:481)
	at com.microstar.xml.XmlParser.doParse(XmlParser.java:159)
	at com.microstar.xml.XmlParser.parse(XmlParser.java:132)
	at ptolemy.moml.MoMLParser.parse(MoMLParser.java:1660)
	at ptolemy.moml.MoMLParser.parse(MoMLParser.java:1617)
	at ptolemy.moml.MoMLParser.parse(MoMLParser.java:1792)
	at ptolemy.actor.ptalon.PtalonEvaluator.addActor(PtalonEvaluator.java:241)
	... 56 more
Caused by: ptolemy.kernel.util.IllegalActionException: Cannot find class: ptolemy.actor.ptalon.demo.ptinyos.SendAndReceiveCnt.CntToLedsAndRfm. In Ptolemy, classes are typically Java .class files. Entities like actors may instead be defined within a .xml file.  In any case, the class was not found. If the class uses a third party package, then the class would be present only if the third party package was found at compile time.  It may be necessary to upgrade Java or install the third party package, reconfigure and recompile.
Because:
Element <entity name="MicaLeds" class="ptolemy.domains.ptinyos.lib.MicaLeds"> caused an exception to be thrown.
  in .CntToLedsAndRfm
Because:
Cannot find class: ptolemy.domains.ptinyos.lib.MicaLeds. In Ptolemy, classes are typically Java .class files. Entities like actors may instead be defined within a .xml file.  In any case, the class was not found. If the class uses a third party package, then the class would be present only if the third party package was found at compile time.  It may be necessary to upgrade Java or install the third party package, reconfigure and recompile.
Because:
-- /home/travis/build/icyphy/ptII/ptolemy/actor/ptalon/demo/ptinyos/SendAndReceiveCnt/ptolemy/domains/ptinyos/lib/MicaLeds.xml (No such file or directory)
-- XML file not found relative to classpath.
-- /home/travis/build/icyphy/ptII/ptolemy/vergil/basic/export/test/ptolemy/domains/ptinyos/lib/MicaLeds.xml
/home/travis/build/icyphy/ptII/ptolemy/vergil/basic/export/test/ptolemy/domains/ptinyos/lib/MicaLeds.xml (No such file or directory)
 in file:/home/travis/build/icyphy/ptII/ptolemy/actor/ptalon/demo/ptinyos/SendAndReceiveCnt/CntToLedsAndRfm.xml at line 132 and column 63
	at ptolemy.moml.MoMLParser._createEntity(MoMLParser.java:4330)
	at ptolemy.moml.MoMLParser.startElement(MoMLParser.java:2864)
	... 64 more
Caused by: ptolemy.kernel.util.InternalErrorException: Element <entity name="MicaLeds" class="ptolemy.domains.ptinyos.lib.MicaLeds"> caused an exception to be thrown.
  in .CntToLedsAndRfm
Because:
Cannot find class: ptolemy.domains.ptinyos.lib.MicaLeds. In Ptolemy, classes are typically Java .class files. Entities like actors may instead be defined within a .xml file.  In any case, the class was not found. If the class uses a third party package, then the class would be present only if the third party package was found at compile time.  It may be necessary to upgrade Java or install the third party package, reconfigure and recompile.
Because:
-- /home/travis/build/icyphy/ptII/ptolemy/actor/ptalon/demo/ptinyos/SendAndReceiveCnt/ptolemy/domains/ptinyos/lib/MicaLeds.xml (No such file or directory)
-- XML file not found relative to classpath.
-- /home/travis/build/icyphy/ptII/ptolemy/vergil/basic/export/test/ptolemy/domains/ptinyos/lib/MicaLeds.xml
/home/travis/build/icyphy/ptII/ptolemy/vergil/basic/export/test/ptolemy/domains/ptinyos/lib/MicaLeds.xml (No such file or directory)
 in file:/home/travis/build/icyphy/ptII/ptolemy/actor/ptalon/demo/ptinyos/SendAndReceiveCnt/CntToLedsAndRfm.xml at line 132 and column 63
	at ptolemy.moml.SimpleErrorHandler.handleError(SimpleErrorHandler.java:75)
	at ptolemy.moml.MoMLParser.startElement(MoMLParser.java:3805)
	at com.microstar.xml.XmlParser.parseElement(XmlParser.java:921)
	at com.microstar.xml.XmlParser.parseContent(XmlParser.java:1104)
	at com.microstar.xml.XmlParser.parseElement(XmlParser.java:924)
	at com.microstar.xml.XmlParser.parseDocument(XmlParser.java:481)
	at com.microstar.xml.XmlParser.doParse(XmlParser.java:159)
	at com.microstar.xml.XmlParser.parse(XmlParser.java:132)
	at ptolemy.moml.MoMLParser.parse(MoMLParser.java:1676)
	at ptolemy.moml.MoMLParser.parse(MoMLParser.java:1595)
	at ptolemy.moml.MoMLParser.parse(MoMLParser.java:1537)
	at ptolemy.moml.MoMLParser._findOrParse(MoMLParser.java:5286)
	at ptolemy.moml.MoMLParser._attemptToFindMoMLClass(MoMLParser.java:4075)
	at ptolemy.moml.MoMLParser._createEntity(MoMLParser.java:4323)
	... 65 more
Caused by: ptolemy.kernel.util.IllegalActionException: Cannot find class: ptolemy.domains.ptinyos.lib.MicaLeds. In Ptolemy, classes are typically Java .class files. Entities like actors may instead be defined within a .xml file.  In any case, the class was not found. If the class uses a third party package, then the class would be present only if the third party package was found at compile time.  It may be necessary to upgrade Java or install the third party package, reconfigure and recompile.
Because:
-- /home/travis/build/icyphy/ptII/ptolemy/actor/ptalon/demo/ptinyos/SendAndReceiveCnt/ptolemy/domains/ptinyos/lib/MicaLeds.xml (No such file or directory)
-- XML file not found relative to classpath.
-- /home/travis/build/icyphy/ptII/ptolemy/vergil/basic/export/test/ptolemy/domains/ptinyos/lib/MicaLeds.xml
/home/travis/build/icyphy/ptII/ptolemy/vergil/basic/export/test/ptolemy/domains/ptinyos/lib/MicaLeds.xml (No such file or directory)
 in file:/home/travis/build/icyphy/ptII/ptolemy/actor/ptalon/demo/ptinyos/SendAndReceiveCnt/CntToLedsAndRfm.xml at line 132 and column 63
	at ptolemy.moml.MoMLParser._createEntity(MoMLParser.java:4330)
	at ptolemy.moml.MoMLParser.startElement(MoMLParser.java:2864)
	... 77 more
Caused by: com.microstar.xml.XmlException: -- /home/travis/build/icyphy/ptII/ptolemy/actor/ptalon/demo/ptinyos/SendAndReceiveCnt/ptolemy/domains/ptinyos/lib/MicaLeds.xml (No such file or directory)
-- XML file not found relative to classpath.
-- /home/travis/build/icyphy/ptII/ptolemy/vergil/basic/export/test/ptolemy/domains/ptinyos/lib/MicaLeds.xml
/home/travis/build/icyphy/ptII/ptolemy/vergil/basic/export/test/ptolemy/domains/ptinyos/lib/MicaLeds.xml (No such file or directory)
 in file:/home/travis/build/icyphy/ptII/ptolemy/actor/ptalon/demo/ptinyos/SendAndReceiveCnt/CntToLedsAndRfm.xml at line 132 and column 63
	at ptolemy.moml.MoMLParser.fileNameToURL(MoMLParser.java:1414)
	at ptolemy.moml.MoMLParser._findOrParse(MoMLParser.java:5283)
	at ptolemy.moml.MoMLParser._attemptToFindMoMLClass(MoMLParser.java:4075)
	at ptolemy.moml.MoMLParser._createEntity(MoMLParser.java:4323)
	... 78 more
Failed to read file:/home/travis/build/icyphy/ptII/ptolemy/actor/ptalon/demo/ptinyos/SendAndReceiveCnt/SendAndReceiveCnt.xml
ptolemy.kernel.util.IllegalActionException: Failed to process attribute change to PtalonParameter, whose value is "ptolemy.actor.ptalon.PtalonExpressionParameter {.SendAndReceiveCnt.SendAndReceiveCnt.channelName} "AtomicWirelessChannel"".
  in .SendAndReceiveCnt.SendAndReceiveCnt
Because:
Unable to add actor null
	at ptolemy.actor.ptalon.PtalonActor.attributeChanged(PtalonActor.java:211)
	at ptolemy.actor.ptalon.PtalonMLHandler.startElement(PtalonMLHandler.java:134)
	at com.microstar.xml.XmlParser.parseElement(XmlParser.java:921)
	at com.microstar.xml.XmlParser.parseContent(XmlParser.java:1104)
	at com.microstar.xml.XmlParser.parseElement(XmlParser.java:924)
	at com.microstar.xml.XmlParser.parseDocument(XmlParser.java:481)
	at com.microstar.xml.XmlParser.doParse(XmlParser.java:159)
	at com.microstar.xml.XmlParser.parse(XmlParser.java:132)
	at ptolemy.actor.ptalon.PtalonActor.configure(PtalonActor.java:240)
	at ptolemy.moml.MoMLParser.endElement(MoMLParser.java:996)
	at com.microstar.xml.XmlParser.parseETag(XmlParser.java:1026)
	at com.microstar.xml.XmlParser.parseContent(XmlParser.java:1098)
	at com.microstar.xml.XmlParser.parseElement(XmlParser.java:924)
	at com.microstar.xml.XmlParser.parseContent(XmlParser.java:1104)
	at com.microstar.xml.XmlParser.parseElement(XmlParser.java:924)
	at com.microstar.xml.XmlParser.parseContent(XmlParser.java:1104)
	at com.microstar.xml.XmlParser.parseElement(XmlParser.java:924)
	at com.microstar.xml.XmlParser.parseDocument(XmlParser.java:481)
	at com.microstar.xml.XmlParser.doParse(XmlParser.java:159)
	at com.microstar.xml.XmlParser.parse(XmlParser.java:132)
	at ptolemy.moml.MoMLParser.parse(MoMLParser.java:1676)
	at ptolemy.moml.MoMLParser.parse(MoMLParser.java:1595)
	at ptolemy.moml.MoMLParser.parse(MoMLParser.java:1537)
	at ptolemy.actor.gui.PtolemyEffigy$Factory.createEffigy(PtolemyEffigy.java:424)
	at ptolemy.actor.gui.EffigyFactory.createEffigy(EffigyFactory.java:234)
	at ptolemy.actor.gui.Configuration.openModel(Configuration.java:1125)
	at ptolemy.actor.gui.Configuration.openModel(Configuration.java:1051)
	at ptolemy.actor.gui.ConfigurationApplication._openModel(ConfigurationApplication.java:1252)
	at ptolemy.actor.gui.ConfigurationApplication._parseArg(ConfigurationApplication.java:1399)
	at ptolemy.actor.gui.ConfigurationApplication._parseArgs(ConfigurationApplication.java:1478)
	at ptolemy.actor.gui.ConfigurationApplication.<init>(ConfigurationApplication.java:277)
	at ptolemy.actor.gui.ConfigurationApplication.<init>(ConfigurationApplication.java:214)
	at ptolemy.actor.gui.ConfigurationApplication.<init>(ConfigurationApplication.java:201)
	at ptolemy.actor.gui.ConfigurationApplication.openModelOrEntity(ConfigurationApplication.java:680)
	at ptolemy.vergil.basic.export.ExportModel$1.run(ExportModel.java:220)
	at java.awt.event.InvocationEvent.dispatch(InvocationEvent.java:301)
	at java.awt.EventQueue.dispatchEventImpl(EventQueue.java:756)
	at java.awt.EventQueue.access$500(EventQueue.java:97)
	at java.awt.EventQueue$3.run(EventQueue.java:709)
	at java.awt.EventQueue$3.run(EventQueue.java:703)
	at java.security.AccessController.doPrivileged(Native Method)
	at java.security.ProtectionDomain$JavaSecurityAccessImpl.doIntersectionPrivilege(ProtectionDomain.java:80)
	at java.awt.EventQueue.dispatchEvent(EventQueue.java:726)
	at java.awt.EventDispatchThread.pumpOneEventForFilters(EventDispatchThread.java:201)
	at java.awt.EventDispatchThread.pumpEventsForFilter(EventDispatchThread.java:116)
	at java.awt.EventDispatchThread.pumpEventsForHierarchy(EventDispatchThread.java:105)
	at java.awt.EventDispatchThread.pumpEvents(EventDispatchThread.java:101)
	at java.awt.EventDispatchThread.pumpEvents(EventDispatchThread.java:93)
	at java.awt.EventDispatchThread.run(EventDispatchThread.java:82)
Caused by: ptolemy.actor.ptalon.PtalonRuntimeException: Unable to add actor null
	at ptolemy.actor.ptalon.PtalonEvaluator.addActor(PtalonEvaluator.java:300)
	at ptolemy.actor.ptalon.PtalonPopulator.actor_declaration(PtalonPopulator.java:1574)
	at ptolemy.actor.ptalon.PtalonPopulator.atomic_statement(PtalonPopulator.java:1638)
	at ptolemy.actor.ptalon.PtalonPopulator.iterative_statement_evaluator(PtalonPopulator.java:2484)
	at ptolemy.actor.ptalon.AbstractPtalonEvaluator$IfTree.evaluateForScope(AbstractPtalonEvaluator.java:1307)
	at ptolemy.actor.ptalon.AbstractPtalonEvaluator.evaluateForScope(AbstractPtalonEvaluator.java:744)
	at ptolemy.actor.ptalon.PtalonPopulator.iterative_statement(PtalonPopulator.java:2363)
	at ptolemy.actor.ptalon.PtalonPopulator.actor_definition(PtalonPopulator.java:2809)
	at ptolemy.actor.ptalon.PtalonActor.attributeChanged(PtalonActor.java:206)
	... 48 more
Caused by: ptolemy.kernel.util.InternalErrorException: Element <entity name="sender1" class="ptolemy.actor.ptalon.demo.ptinyos.SendAndReceiveCnt.CntToLedsAndRfm"> caused an exception to be thrown.
  in .SendAndReceiveCnt.SendAndReceiveCnt
Because:
Cannot find class: ptolemy.actor.ptalon.demo.ptinyos.SendAndReceiveCnt.CntToLedsAndRfm. In Ptolemy, classes are typically Java .class files. Entities like actors may instead be defined within a .xml file.  In any case, the class was not found. If the class uses a third party package, then the class would be present only if the third party package was found at compile time.  It may be necessary to upgrade Java or install the third party package, reconfigure and recompile.
Because:
Element <entity name="MicaLeds" class="ptolemy.domains.ptinyos.lib.MicaLeds"> caused an exception to be thrown.
  in .CntToLedsAndRfm
Because:
Cannot find class: ptolemy.domains.ptinyos.lib.MicaLeds. In Ptolemy, classes are typically Java .class files. Entities like actors may instead be defined within a .xml file.  In any case, the class was not found. If the class uses a third party package, then the class would be present only if the third party package was found at compile time.  It may be necessary to upgrade Java or install the third party package, reconfigure and recompile.
Because:
-- /home/travis/build/icyphy/ptII/ptolemy/actor/ptalon/demo/ptinyos/SendAndReceiveCnt/ptolemy/domains/ptinyos/lib/MicaLeds.xml (No such file or directory)
-- XML file not found relative to classpath.
-- /home/travis/build/icyphy/ptII/ptolemy/vergil/basic/export/test/ptolemy/domains/ptinyos/lib/MicaLeds.xml
/home/travis/build/icyphy/ptII/ptolemy/vergil/basic/export/test/ptolemy/domains/ptinyos/lib/MicaLeds.xml (No such file or directory)
 in file:/home/travis/build/icyphy/ptII/ptolemy/actor/ptalon/demo/ptinyos/SendAndReceiveCnt/CntToLedsAndRfm.xml at line 132 and column 63
	at ptolemy.moml.SimpleErrorHandler.handleError(SimpleErrorHandler.java:75)
	at ptolemy.moml.MoMLParser.startElement(MoMLParser.java:3805)
	at com.microstar.xml.XmlParser.parseElement(XmlParser.java:931)
	at com.microstar.xml.XmlParser.parseDocument(XmlParser.java:481)
	at com.microstar.xml.XmlParser.doParse(XmlParser.java:159)
	at com.microstar.xml.XmlParser.parse(XmlParser.java:132)
	at ptolemy.moml.MoMLParser.parse(MoMLParser.java:1660)
	at ptolemy.moml.MoMLParser.parse(MoMLParser.java:1617)
	at ptolemy.moml.MoMLParser.parse(MoMLParser.java:1792)
	at ptolemy.actor.ptalon.PtalonEvaluator.addActor(PtalonEvaluator.java:241)
	... 56 more
Caused by: ptolemy.kernel.util.IllegalActionException: Cannot find class: ptolemy.actor.ptalon.demo.ptinyos.SendAndReceiveCnt.CntToLedsAndRfm. In Ptolemy, classes are typically Java .class files. Entities like actors may instead be defined within a .xml file.  In any case, the class was not found. If the class uses a third party package, then the class would be present only if the third party package was found at compile time.  It may be necessary to upgrade Java or install the third party package, reconfigure and recompile.
Because:
Element <entity name="MicaLeds" class="ptolemy.domains.ptinyos.lib.MicaLeds"> caused an exception to be thrown.
  in .CntToLedsAndRfm
Because:
Cannot find class: ptolemy.domains.ptinyos.lib.MicaLeds. In Ptolemy, classes are typically Java .class files. Entities like actors may instead be defined within a .xml file.  In any case, the class was not found. If the class uses a third party package, then the class would be present only if the third party package was found at compile time.  It may be necessary to upgrade Java or install the third party package, reconfigure and recompile.
Because:
-- /home/travis/build/icyphy/ptII/ptolemy/actor/ptalon/demo/ptinyos/SendAndReceiveCnt/ptolemy/domains/ptinyos/lib/MicaLeds.xml (No such file or directory)
-- XML file not found relative to classpath.
-- /home/travis/build/icyphy/ptII/ptolemy/vergil/basic/export/test/ptolemy/domains/ptinyos/lib/MicaLeds.xml
/home/travis/build/icyphy/ptII/ptolemy/vergil/basic/export/test/ptolemy/domains/ptinyos/lib/MicaLeds.xml (No such file or directory)
 in file:/home/travis/build/icyphy/ptII/ptolemy/actor/ptalon/demo/ptinyos/SendAndReceiveCnt/CntToLedsAndRfm.xml at line 132 and column 63
	at ptolemy.moml.MoMLParser._createEntity(MoMLParser.java:4330)
	at ptolemy.moml.MoMLParser.startElement(MoMLParser.java:2864)
	... 64 more
Caused by: ptolemy.kernel.util.InternalErrorException: Element <entity name="MicaLeds" class="ptolemy.domains.ptinyos.lib.MicaLeds"> caused an exception to be thrown.
  in .CntToLedsAndRfm
Because:
Cannot find class: ptolemy.domains.ptinyos.lib.MicaLeds. In Ptolemy, classes are typically Java .class files. Entities like actors may instead be defined within a .xml file.  In any case, the class was not found. If the class uses a third party package, then the class would be present only if the third party package was found at compile time.  It may be necessary to upgrade Java or install the third party package, reconfigure and recompile.
Because:
-- /home/travis/build/icyphy/ptII/ptolemy/actor/ptalon/demo/ptinyos/SendAndReceiveCnt/ptolemy/domains/ptinyos/lib/MicaLeds.xml (No such file or directory)
-- XML file not found relative to classpath.
-- /home/travis/build/icyphy/ptII/ptolemy/vergil/basic/export/test/ptolemy/domains/ptinyos/lib/MicaLeds.xml
/home/travis/build/icyphy/ptII/ptolemy/vergil/basic/export/test/ptolemy/domains/ptinyos/lib/MicaLeds.xml (No such file or directory)
 in file:/home/travis/build/icyphy/ptII/ptolemy/actor/ptalon/demo/ptinyos/SendAndReceiveCnt/CntToLedsAndRfm.xml at line 132 and column 63
	at ptolemy.moml.SimpleErrorHandler.handleError(SimpleErrorHandler.java:75)
	at ptolemy.moml.MoMLParser.startElement(MoMLParser.java:3805)
	at com.microstar.xml.XmlParser.parseElement(XmlParser.java:921)
	at com.microstar.xml.XmlParser.parseContent(XmlParser.java:1104)
	at com.microstar.xml.XmlParser.parseElement(XmlParser.java:924)
	at com.microstar.xml.XmlParser.parseDocument(XmlParser.java:481)
	at com.microstar.xml.XmlParser.doParse(XmlParser.java:159)
	at com.microstar.xml.XmlParser.parse(XmlParser.java:132)
	at ptolemy.moml.MoMLParser.parse(MoMLParser.java:1676)
	at ptolemy.moml.MoMLParser.parse(MoMLParser.java:1595)
	at ptolemy.moml.MoMLParser.parse(MoMLParser.java:1537)
	at ptolemy.moml.MoMLParser._findOrParse(MoMLParser.java:5286)
	at ptolemy.moml.MoMLParser._attemptToFindMoMLClass(MoMLParser.java:4075)
	at ptolemy.moml.MoMLParser._createEntity(MoMLParser.java:4323)
	... 65 more
Caused by: ptolemy.kernel.util.IllegalActionException: Cannot find class: ptolemy.domains.ptinyos.lib.MicaLeds. In Ptolemy, classes are typically Java .class files. Entities like actors may instead be defined within a .xml file.  In any case, the class was not found. If the class uses a third party package, then the class would be present only if the third party package was found at compile time.  It may be necessary to upgrade Java or install the third party package, reconfigure and recompile.
Because:
-- /home/travis/build/icyphy/ptII/ptolemy/actor/ptalon/demo/ptinyos/SendAndReceiveCnt/ptolemy/domains/ptinyos/lib/MicaLeds.xml (No such file or directory)
-- XML file not found relative to classpath.
-- /home/travis/build/icyphy/ptII/ptolemy/vergil/basic/export/test/ptolemy/domains/ptinyos/lib/MicaLeds.xml
/home/travis/build/icyphy/ptII/ptolemy/vergil/basic/export/test/ptolemy/domains/ptinyos/lib/MicaLeds.xml (No such file or directory)
 in file:/home/travis/build/icyphy/ptII/ptolemy/actor/ptalon/demo/ptinyos/SendAndReceiveCnt/CntToLedsAndRfm.xml at line 132 and column 63
	at ptolemy.moml.MoMLParser._createEntity(MoMLParser.java:4330)
	at ptolemy.moml.MoMLParser.startElement(MoMLParser.java:2864)
	... 77 more
Caused by: com.microstar.xml.XmlException: -- /home/travis/build/icyphy/ptII/ptolemy/actor/ptalon/demo/ptinyos/SendAndReceiveCnt/ptolemy/domains/ptinyos/lib/MicaLeds.xml (No such file or directory)
-- XML file not found relative to classpath.
-- /home/travis/build/icyphy/ptII/ptolemy/vergil/basic/export/test/ptolemy/domains/ptinyos/lib/MicaLeds.xml
/home/travis/build/icyphy/ptII/ptolemy/vergil/basic/export/test/ptolemy/domains/ptinyos/lib/MicaLeds.xml (No such file or directory)
 in file:/home/travis/build/icyphy/ptII/ptolemy/actor/ptalon/demo/ptinyos/SendAndReceiveCnt/CntToLedsAndRfm.xml at line 132 and column 63
	at ptolemy.moml.MoMLParser.fileNameToURL(MoMLParser.java:1414)
	at ptolemy.moml.MoMLParser._findOrParse(MoMLParser.java:5283)
	at ptolemy.moml.MoMLParser._attemptToFindMoMLClass(MoMLParser.java:4075)
	at ptolemy.moml.MoMLParser._createEntity(MoMLParser.java:4323)
	... 78 more
Caused by: ptolemy.actor.ptalon.PtalonRuntimeException: Unable to add actor null
	at ptolemy.actor.ptalon.PtalonEvaluator.addActor(PtalonEvaluator.java:300)
	at ptolemy.actor.ptalon.PtalonPopulator.actor_declaration(PtalonPopulator.java:1574)
	at ptolemy.actor.ptalon.PtalonPopulator.atomic_statement(PtalonPopulator.java:1638)
	at ptolemy.actor.ptalon.PtalonPopulator.iterative_statement_evaluator(PtalonPopulator.java:2484)
	at ptolemy.actor.ptalon.AbstractPtalonEvaluator$IfTree.evaluateForScope(AbstractPtalonEvaluator.java:1307)
	at ptolemy.actor.ptalon.AbstractPtalonEvaluator.evaluateForScope(AbstractPtalonEvaluator.java:744)
	at ptolemy.actor.ptalon.PtalonPopulator.iterative_statement(PtalonPopulator.java:2363)
	at ptolemy.actor.ptalon.PtalonPopulator.actor_definition(PtalonPopulator.java:2809)
	at ptolemy.actor.ptalon.PtalonActor.attributeChanged(PtalonActor.java:206)
	at ptolemy.actor.ptalon.PtalonMLHandler.startElement(PtalonMLHandler.java:134)
	at com.microstar.xml.XmlParser.parseElement(XmlParser.java:921)
	at com.microstar.xml.XmlParser.parseContent(XmlParser.java:1104)
	at com.microstar.xml.XmlParser.parseElement(XmlParser.java:924)
	at com.microstar.xml.XmlParser.parseDocument(XmlParser.java:481)
	at com.microstar.xml.XmlParser.doParse(XmlParser.java:159)
	at com.microstar.xml.XmlParser.parse(XmlParser.java:132)
	at ptolemy.actor.ptalon.PtalonActor.configure(PtalonActor.java:240)
	at ptolemy.moml.MoMLParser.endElement(MoMLParser.java:996)
	at com.microstar.xml.XmlParser.parseETag(XmlParser.java:1026)
	at com.microstar.xml.XmlParser.parseContent(XmlParser.java:1098)
	at com.microstar.xml.XmlParser.parseElement(XmlParser.java:924)
	at com.microstar.xml.XmlParser.parseContent(XmlParser.java:1104)
	at com.microstar.xml.XmlParser.parseElement(XmlParser.java:924)
	at com.microstar.xml.XmlParser.parseContent(XmlParser.java:1104)
	at com.microstar.xml.XmlParser.parseElement(XmlParser.java:924)
	at com.microstar.xml.XmlParser.parseDocument(XmlParser.java:481)
	at com.microstar.xml.XmlParser.doParse(XmlParser.java:159)
	at com.microstar.xml.XmlParser.parse(XmlParser.java:132)
	at ptolemy.moml.MoMLParser.parse(MoMLParser.java:1676)
	at ptolemy.moml.MoMLParser.parse(MoMLParser.java:1595)
	at ptolemy.moml.MoMLParser.parse(MoMLParser.java:1537)
	at ptolemy.actor.gui.PtolemyEffigy$Factory.createEffigy(PtolemyEffigy.java:424)
	at ptolemy.actor.gui.EffigyFactory.createEffigy(EffigyFactory.java:234)
	at ptolemy.actor.gui.Configuration.openModel(Configuration.java:1125)
	at ptolemy.actor.gui.Configuration.openModel(Configuration.java:1051)
	at ptolemy.actor.gui.ConfigurationApplication._openModel(ConfigurationApplication.java:1252)
	at ptolemy.actor.gui.ConfigurationApplication._parseArg(ConfigurationApplication.java:1399)
	at ptolemy.actor.gui.ConfigurationApplication._parseArgs(ConfigurationApplication.java:1478)
	at ptolemy.actor.gui.ConfigurationApplication.<init>(ConfigurationApplication.java:277)
	at ptolemy.actor.gui.ConfigurationApplication.<init>(ConfigurationApplication.java:214)
	at ptolemy.actor.gui.ConfigurationApplication.<init>(ConfigurationApplication.java:201)
	at ptolemy.actor.gui.ConfigurationApplication.openModelOrEntity(ConfigurationApplication.java:680)
	at ptolemy.vergil.basic.export.ExportModel$1.run(ExportModel.java:220)
	at java.awt.event.InvocationEvent.dispatch(InvocationEvent.java:301)
	at java.awt.EventQueue.dispatchEventImpl(EventQueue.java:756)
	at java.awt.EventQueue.access$500(EventQueue.java:97)
	at java.awt.EventQueue$3.run(EventQueue.java:709)
	at java.awt.EventQueue$3.run(EventQueue.java:703)
	at java.security.AccessController.doPrivileged(Native Method)
	at java.security.ProtectionDomain$JavaSecurityAccessImpl.doIntersectionPrivilege(ProtectionDomain.java:80)
	at java.awt.EventQueue.dispatchEvent(EventQueue.java:726)
	at java.awt.EventDispatchThread.pumpOneEventForFilters(EventDispatchThread.java:201)
	at java.awt.EventDispatchThread.pumpEventsForFilter(EventDispatchThread.java:116)
	at java.awt.EventDispatchThread.pumpEventsForHierarchy(EventDispatchThread.java:105)
	at java.awt.EventDispatchThread.pumpEvents(EventDispatchThread.java:101)
	at java.awt.EventDispatchThread.pumpEvents(EventDispatchThread.java:93)
	at java.awt.EventDispatchThread.run(EventDispatchThread.java:82)
Caused by: ptolemy.kernel.util.InternalErrorException: Element <entity name="sender1" class="ptolemy.actor.ptalon.demo.ptinyos.SendAndReceiveCnt.CntToLedsAndRfm"> caused an exception to be thrown.
  in .SendAndReceiveCnt.SendAndReceiveCnt
Because:
Cannot find class: ptolemy.actor.ptalon.demo.ptinyos.SendAndReceiveCnt.CntToLedsAndRfm. In Ptolemy, classes are typically Java .class files. Entities like actors may instead be defined within a .xml file.  In any case, the class was not found. If the class uses a third party package, then the class would be present only if the third party package was found at compile time.  It may be necessary to upgrade Java or install the third party package, reconfigure and recompile.
Because:
Element <entity name="MicaLeds" class="ptolemy.domains.ptinyos.lib.MicaLeds"> caused an exception to be thrown.
  in .CntToLedsAndRfm
Because:
Cannot find class: ptolemy.domains.ptinyos.lib.MicaLeds. In Ptolemy, classes are typically Java .class files. Entities like actors may instead be defined within a .xml file.  In any case, the class was not found. If the class uses a third party package, then the class would be present only if the third party package was found at compile time.  It may be necessary to upgrade Java or install the third party package, reconfigure and recompile.
Because:
-- /home/travis/build/icyphy/ptII/ptolemy/actor/ptalon/demo/ptinyos/SendAndReceiveCnt/ptolemy/domains/ptinyos/lib/MicaLeds.xml (No such file or directory)
-- XML file not found relative to classpath.
-- /home/travis/build/icyphy/ptII/ptolemy/vergil/basic/export/test/ptolemy/domains/ptinyos/lib/MicaLeds.xml
/home/travis/build/icyphy/ptII/ptolemy/vergil/basic/export/test/ptolemy/domains/ptinyos/lib/MicaLeds.xml (No such file or directory)
 in file:/home/travis/build/icyphy/ptII/ptolemy/actor/ptalon/demo/ptinyos/SendAndReceiveCnt/CntToLedsAndRfm.xml at line 132 and column 63
	at ptolemy.moml.SimpleErrorHandler.handleError(SimpleErrorHandler.java:75)
	at ptolemy.moml.MoMLParser.startElement(MoMLParser.java:3805)
	at com.microstar.xml.XmlParser.parseElement(XmlParser.java:931)
	at com.microstar.xml.XmlParser.parseDocument(XmlParser.java:481)
	at com.microstar.xml.XmlParser.doParse(XmlParser.java:159)
	at com.microstar.xml.XmlParser.parse(XmlParser.java:132)
	at ptolemy.moml.MoMLParser.parse(MoMLParser.java:1660)
	at ptolemy.moml.MoMLParser.parse(MoMLParser.java:1617)
	at ptolemy.moml.MoMLParser.parse(MoMLParser.java:1792)
	at ptolemy.actor.ptalon.PtalonEvaluator.addActor(PtalonEvaluator.java:241)
	... 56 more
Caused by: ptolemy.kernel.util.IllegalActionException: Cannot find class: ptolemy.actor.ptalon.demo.ptinyos.SendAndReceiveCnt.CntToLedsAndRfm. In Ptolemy, classes are typically Java .class files. Entities like actors may instead be defined within a .xml file.  In any case, the class was not found. If the class uses a third party package, then the class would be present only if the third party package was found at compile time.  It may be necessary to upgrade Java or install the third party package, reconfigure and recompile.
Because:
Element <entity name="MicaLeds" class="ptolemy.domains.ptinyos.lib.MicaLeds"> caused an exception to be thrown.
  in .CntToLedsAndRfm
Because:
Cannot find class: ptolemy.domains.ptinyos.lib.MicaLeds. In Ptolemy, classes are typically Java .class files. Entities like actors may instead be defined within a .xml file.  In any case, the class was not found. If the class uses a third party package, then the class would be present only if the third party package was found at compile time.  It may be necessary to upgrade Java or install the third party package, reconfigure and recompile.
Because:
-- /home/travis/build/icyphy/ptII/ptolemy/actor/ptalon/demo/ptinyos/SendAndReceiveCnt/ptolemy/domains/ptinyos/lib/MicaLeds.xml (No such file or directory)
-- XML file not found relative to classpath.
-- /home/travis/build/icyphy/ptII/ptolemy/vergil/basic/export/test/ptolemy/domains/ptinyos/lib/MicaLeds.xml
/home/travis/build/icyphy/ptII/ptolemy/vergil/basic/export/test/ptolemy/domains/ptinyos/lib/MicaLeds.xml (No such file or directory)
 in file:/home/travis/build/icyphy/ptII/ptolemy/actor/ptalon/demo/ptinyos/SendAndReceiveCnt/CntToLedsAndRfm.xml at line 132 and column 63
	at ptolemy.moml.MoMLParser._createEntity(MoMLParser.java:4330)
	at ptolemy.moml.MoMLParser.startElement(MoMLParser.java:2864)
	... 64 more
Caused by: ptolemy.kernel.util.InternalErrorException: Element <entity name="MicaLeds" class="ptolemy.domains.ptinyos.lib.MicaLeds"> caused an exception to be thrown.
  in .CntToLedsAndRfm
Because:
Cannot find class: ptolemy.domains.ptinyos.lib.MicaLeds. In Ptolemy, classes are typically Java .class files. Entities like actors may instead be defined within a .xml file.  In any case, the class was not found. If the class uses a third party package, then the class would be present only if the third party package was found at compile time.  It may be necessary to upgrade Java or install the third party package, reconfigure and recompile.
Because:
-- /home/travis/build/icyphy/ptII/ptolemy/actor/ptalon/demo/ptinyos/SendAndReceiveCnt/ptolemy/domains/ptinyos/lib/MicaLeds.xml (No such file or directory)
-- XML file not found relative to classpath.
-- /home/travis/build/icyphy/ptII/ptolemy/vergil/basic/export/test/ptolemy/domains/ptinyos/lib/MicaLeds.xml
/home/travis/build/icyphy/ptII/ptolemy/vergil/basic/export/test/ptolemy/domains/ptinyos/lib/MicaLeds.xml (No such file or directory)
 in file:/home/travis/build/icyphy/ptII/ptolemy/actor/ptalon/demo/ptinyos/SendAndReceiveCnt/CntToLedsAndRfm.xml at line 132 and column 63
	at ptolemy.moml.SimpleErrorHandler.handleError(SimpleErrorHandler.java:75)
	at ptolemy.moml.MoMLParser.startElement(MoMLParser.java:3805)
	at com.microstar.xml.XmlParser.parseElement(XmlParser.java:921)
	at com.microstar.xml.XmlParser.parseContent(XmlParser.java:1104)
	at com.microstar.xml.XmlParser.parseElement(XmlParser.java:924)
	at com.microstar.xml.XmlParser.parseDocument(XmlParser.java:481)
	at com.microstar.xml.XmlParser.doParse(XmlParser.java:159)
	at com.microstar.xml.XmlParser.parse(XmlParser.java:132)
	at ptolemy.moml.MoMLParser.parse(MoMLParser.java:1676)
	at ptolemy.moml.MoMLParser.parse(MoMLParser.java:1595)
	at ptolemy.moml.MoMLParser.parse(MoMLParser.java:1537)
	at ptolemy.moml.MoMLParser._findOrParse(MoMLParser.java:5286)
	at ptolemy.moml.MoMLParser._attemptToFindMoMLClass(MoMLParser.java:4075)
	at ptolemy.moml.MoMLParser._createEntity(MoMLParser.java:4323)
	... 65 more
Caused by: ptolemy.kernel.util.IllegalActionException: Cannot find class: ptolemy.domains.ptinyos.lib.MicaLeds. In Ptolemy, classes are typically Java .class files. Entities like actors may instead be defined within a .xml file.  In any case, the class was not found. If the class uses a third party package, then the class would be present only if the third party package was found at compile time.  It may be necessary to upgrade Java or install the third party package, reconfigure and recompile.
Because:
-- /home/travis/build/icyphy/ptII/ptolemy/actor/ptalon/demo/ptinyos/SendAndReceiveCnt/ptolemy/domains/ptinyos/lib/MicaLeds.xml (No such file or directory)
-- XML file not found relative to classpath.
-- /home/travis/build/icyphy/ptII/ptolemy/vergil/basic/export/test/ptolemy/domains/ptinyos/lib/MicaLeds.xml
/home/travis/build/icyphy/ptII/ptolemy/vergil/basic/export/test/ptolemy/domains/ptinyos/lib/MicaLeds.xml (No such file or directory)
 in file:/home/travis/build/icyphy/ptII/ptolemy/actor/ptalon/demo/ptinyos/SendAndReceiveCnt/CntToLedsAndRfm.xml at line 132 and column 63
	at ptolemy.moml.MoMLParser._createEntity(MoMLParser.java:4330)
	at ptolemy.moml.MoMLParser.startElement(MoMLParser.java:2864)
	... 77 more
Caused by: com.microstar.xml.XmlException: -- /home/travis/build/icyphy/ptII/ptolemy/actor/ptalon/demo/ptinyos/SendAndReceiveCnt/ptolemy/domains/ptinyos/lib/MicaLeds.xml (No such file or directory)
-- XML file not found relative to classpath.
-- /home/travis/build/icyphy/ptII/ptolemy/vergil/basic/export/test/ptolemy/domains/ptinyos/lib/MicaLeds.xml
/home/travis/build/icyphy/ptII/ptolemy/vergil/basic/export/test/ptolemy/domains/ptinyos/lib/MicaLeds.xml (No such file or directory)
 in file:/home/travis/build/icyphy/ptII/ptolemy/actor/ptalon/demo/ptinyos/SendAndReceiveCnt/CntToLedsAndRfm.xml at line 132 and column 63
	at ptolemy.moml.MoMLParser.fileNameToURL(MoMLParser.java:1414)
	at ptolemy.moml.MoMLParser._findOrParse(MoMLParser.java:5283)
	at ptolemy.moml.MoMLParser._attemptToFindMoMLClass(MoMLParser.java:4075)
	at ptolemy.moml.MoMLParser._createEntity(MoMLParser.java:4323)
	... 78 more
Failed to read file:/home/travis/build/icyphy/ptII/ptolemy/actor/ptalon/demo/ptinyos/SendAndReceiveCnt/SendAndReceiveCnt.xml
ptolemy.kernel.util.IllegalActionException: Failed to process attribute change to PtalonParameter, whose value is "ptolemy.actor.ptalon.PtalonExpressionParameter {.SendAndReceiveCnt.SendAndReceiveCnt.channelName} "AtomicWirelessChannel"".
  in .SendAndReceiveCnt.SendAndReceiveCnt
Because:
Unable to add actor null
	at ptolemy.actor.ptalon.PtalonActor.attributeChanged(PtalonActor.java:211)
	at ptolemy.actor.ptalon.PtalonMLHandler.startElement(PtalonMLHandler.java:134)
	at com.microstar.xml.XmlParser.parseElement(XmlParser.java:921)
	at com.microstar.xml.XmlParser.parseContent(XmlParser.java:1104)
	at com.microstar.xml.XmlParser.parseElement(XmlParser.java:924)
	at com.microstar.xml.XmlParser.parseDocument(XmlParser.java:481)
	at com.microstar.xml.XmlParser.doParse(XmlParser.java:159)
	at com.microstar.xml.XmlParser.parse(XmlParser.java:132)
	at ptolemy.actor.ptalon.PtalonActor.configure(PtalonActor.java:240)
	at ptolemy.moml.MoMLParser.endElement(MoMLParser.java:996)
	at com.microstar.xml.XmlParser.parseETag(XmlParser.java:1026)
	at com.microstar.xml.XmlParser.parseContent(XmlParser.java:1098)
	at com.microstar.xml.XmlParser.parseElement(XmlParser.java:924)
	at com.microstar.xml.XmlParser.parseContent(XmlParser.java:1104)
	at com.microstar.xml.XmlParser.parseElement(XmlParser.java:924)
	at com.microstar.xml.XmlParser.parseContent(XmlParser.java:1104)
	at com.microstar.xml.XmlParser.parseElement(XmlParser.java:924)
	at com.microstar.xml.XmlParser.parseDocument(XmlParser.java:481)
	at com.microstar.xml.XmlParser.doParse(XmlParser.java:159)
	at com.microstar.xml.XmlParser.parse(XmlParser.java:132)
	at ptolemy.moml.MoMLParser.parse(MoMLParser.java:1676)
	at ptolemy.moml.MoMLParser.parse(MoMLParser.java:1595)
	at ptolemy.moml.MoMLParser.parse(MoMLParser.java:1537)
	at ptolemy.actor.gui.PtolemyEffigy$Factory.createEffigy(PtolemyEffigy.java:424)
	at ptolemy.actor.gui.EffigyFactory.createEffigy(EffigyFactory.java:234)
	at ptolemy.actor.gui.Configuration.openModel(Configuration.java:1125)
	at ptolemy.actor.gui.Configuration.openModel(Configuration.java:1051)
	at ptolemy.actor.gui.ConfigurationApplication._openModel(ConfigurationApplication.java:1252)
	at ptolemy.actor.gui.ConfigurationApplication._parseArg(ConfigurationApplication.java:1399)
	at ptolemy.actor.gui.ConfigurationApplication._parseArgs(ConfigurationApplication.java:1478)
	at ptolemy.actor.gui.ConfigurationApplication.<init>(ConfigurationApplication.java:277)
	at ptolemy.actor.gui.ConfigurationApplication.<init>(ConfigurationApplication.java:214)
	at ptolemy.actor.gui.ConfigurationApplication.<init>(ConfigurationApplication.java:201)
	at ptolemy.actor.gui.ConfigurationApplication.openModelOrEntity(ConfigurationApplication.java:680)
	at ptolemy.vergil.basic.export.ExportModel$1.run(ExportModel.java:220)
	at java.awt.event.InvocationEvent.dispatch(InvocationEvent.java:301)
	at java.awt.EventQueue.dispatchEventImpl(EventQueue.java:756)
	at java.awt.EventQueue.access$500(EventQueue.java:97)
	at java.awt.EventQueue$3.run(EventQueue.java:709)
	at java.awt.EventQueue$3.run(EventQueue.java:703)
	at java.security.AccessController.doPrivileged(Native Method)
	at java.security.ProtectionDomain$JavaSecurityAccessImpl.doIntersectionPrivilege(ProtectionDomain.java:80)
	at java.awt.EventQueue.dispatchEvent(EventQueue.java:726)
	at java.awt.EventDispatchThread.pumpOneEventForFilters(EventDispatchThread.java:201)
	at java.awt.EventDispatchThread.pumpEventsForFilter(EventDispatchThread.java:116)
	at java.awt.EventDispatchThread.pumpEventsForHierarchy(EventDispatchThread.java:105)
	at java.awt.EventDispatchThread.pumpEvents(EventDispatchThread.java:101)
	at java.awt.EventDispatchThread.pumpEvents(EventDispatchThread.java:93)
	at java.awt.EventDispatchThread.run(EventDispatchThread.java:82)
Caused by: ptolemy.actor.ptalon.PtalonRuntimeException: Unable to add actor null
	at ptolemy.actor.ptalon.PtalonEvaluator.addActor(PtalonEvaluator.java:300)
	at ptolemy.actor.ptalon.PtalonPopulator.actor_declaration(PtalonPopulator.java:1574)
	at ptolemy.actor.ptalon.PtalonPopulator.atomic_statement(PtalonPopulator.java:1638)
	at ptolemy.actor.ptalon.PtalonPopulator.iterative_statement_evaluator(PtalonPopulator.java:2484)
	at ptolemy.actor.ptalon.AbstractPtalonEvaluator$IfTree.evaluateForScope(AbstractPtalonEvaluator.java:1307)
	at ptolemy.actor.ptalon.AbstractPtalonEvaluator.evaluateForScope(AbstractPtalonEvaluator.java:744)
	at ptolemy.actor.ptalon.PtalonPopulator.iterative_statement(PtalonPopulator.java:2363)
	at ptolemy.actor.ptalon.PtalonPopulator.actor_definition(PtalonPopulator.java:2809)
	at ptolemy.actor.ptalon.PtalonActor.attributeChanged(PtalonActor.java:206)
	... 48 more
Caused by: ptolemy.kernel.util.InternalErrorException: Element <entity name="sender1" class="ptolemy.actor.ptalon.demo.ptinyos.SendAndReceiveCnt.CntToLedsAndRfm"> caused an exception to be thrown.
  in .SendAndReceiveCnt.SendAndReceiveCnt
Because:
Cannot find class: ptolemy.actor.ptalon.demo.ptinyos.SendAndReceiveCnt.CntToLedsAndRfm. In Ptolemy, classes are typically Java .class files. Entities like actors may instead be defined within a .xml file.  In any case, the class was not found. If the class uses a third party package, then the class would be present only if the third party package was found at compile time.  It may be necessary to upgrade Java or install the third party package, reconfigure and recompile.
Because:
Element <entity name="MicaLeds" class="ptolemy.domains.ptinyos.lib.MicaLeds"> caused an exception to be thrown.
  in .CntToLedsAndRfm
Because:
Cannot find class: ptolemy.domains.ptinyos.lib.MicaLeds. In Ptolemy, classes are typically Java .class files. Entities like actors may instead be defined within a .xml file.  In any case, the class was not found. If the class uses a third party package, then the class would be present only if the third party package was found at compile time.  It may be necessary to upgrade Java or install the third party package, reconfigure and recompile.
Because:
-- /home/travis/build/icyphy/ptII/ptolemy/actor/ptalon/demo/ptinyos/SendAndReceiveCnt/ptolemy/domains/ptinyos/lib/MicaLeds.xml (No such file or directory)
-- XML file not found relative to classpath.
-- /home/travis/build/icyphy/ptII/ptolemy/vergil/basic/export/test/ptolemy/domains/ptinyos/lib/MicaLeds.xml
/home/travis/build/icyphy/ptII/ptolemy/vergil/basic/export/test/ptolemy/domains/ptinyos/lib/MicaLeds.xml (No such file or directory)
 in file:/home/travis/build/icyphy/ptII/ptolemy/actor/ptalon/demo/ptinyos/SendAndReceiveCnt/CntToLedsAndRfm.xml at line 132 and column 63
	at ptolemy.moml.SimpleErrorHandler.handleError(SimpleErrorHandler.java:75)
	at ptolemy.moml.MoMLParser.startElement(MoMLParser.java:3805)
	at com.microstar.xml.XmlParser.parseElement(XmlParser.java:931)
	at com.microstar.xml.XmlParser.parseDocument(XmlParser.java:481)
	at com.microstar.xml.XmlParser.doParse(XmlParser.java:159)
	at com.microstar.xml.XmlParser.parse(XmlParser.java:132)
	at ptolemy.moml.MoMLParser.parse(MoMLParser.java:1660)
	at ptolemy.moml.MoMLParser.parse(MoMLParser.java:1617)
	at ptolemy.moml.MoMLParser.parse(MoMLParser.java:1792)
	at ptolemy.actor.ptalon.PtalonEvaluator.addActor(PtalonEvaluator.java:241)
	... 56 more
Caused by: ptolemy.kernel.util.IllegalActionException: Cannot find class: ptolemy.actor.ptalon.demo.ptinyos.SendAndReceiveCnt.CntToLedsAndRfm. In Ptolemy, classes are typically Java .class files. Entities like actors may instead be defined within a .xml file.  In any case, the class was not found. If the class uses a third party package, then the class would be present only if the third party package was found at compile time.  It may be necessary to upgrade Java or install the third party package, reconfigure and recompile.
Because:
Element <entity name="MicaLeds" class="ptolemy.domains.ptinyos.lib.MicaLeds"> caused an exception to be thrown.
  in .CntToLedsAndRfm
Because:
Cannot find class: ptolemy.domains.ptinyos.lib.MicaLeds. In Ptolemy, classes are typically Java .class files. Entities like actors may instead be defined within a .xml file.  In any case, the class was not found. If the class uses a third party package, then the class would be present only if the third party package was found at compile time.  It may be necessary to upgrade Java or install the third party package, reconfigure and recompile.
Because:
-- /home/travis/build/icyphy/ptII/ptolemy/actor/ptalon/demo/ptinyos/SendAndReceiveCnt/ptolemy/domains/ptinyos/lib/MicaLeds.xml (No such file or directory)
-- XML file not found relative to classpath.
-- /home/travis/build/icyphy/ptII/ptolemy/vergil/basic/export/test/ptolemy/domains/ptinyos/lib/MicaLeds.xml
/home/travis/build/icyphy/ptII/ptolemy/vergil/basic/export/test/ptolemy/domains/ptinyos/lib/MicaLeds.xml (No such file or directory)
 in file:/home/travis/build/icyphy/ptII/ptolemy/actor/ptalon/demo/ptinyos/SendAndReceiveCnt/CntToLedsAndRfm.xml at line 132 and column 63
	at ptolemy.moml.MoMLParser._createEntity(MoMLParser.java:4330)
	at ptolemy.moml.MoMLParser.startElement(MoMLParser.java:2864)
	... 64 more
Caused by: ptolemy.kernel.util.InternalErrorException: Element <entity name="MicaLeds" class="ptolemy.domains.ptinyos.lib.MicaLeds"> caused an exception to be thrown.
  in .CntToLedsAndRfm
Because:
Cannot find class: ptolemy.domains.ptinyos.lib.MicaLeds. In Ptolemy, classes are typically Java .class files. Entities like actors may instead be defined within a .xml file.  In any case, the class was not found. If the class uses a third party package, then the class would be present only if the third party package was found at compile time.  It may be necessary to upgrade Java or install the third party package, reconfigure and recompile.
Because:
-- /home/travis/build/icyphy/ptII/ptolemy/actor/ptalon/demo/ptinyos/SendAndReceiveCnt/ptolemy/domains/ptinyos/lib/MicaLeds.xml (No such file or directory)
-- XML file not found relative to classpath.
-- /home/travis/build/icyphy/ptII/ptolemy/vergil/basic/export/test/ptolemy/domains/ptinyos/lib/MicaLeds.xml
/home/travis/build/icyphy/ptII/ptolemy/vergil/basic/export/test/ptolemy/domains/ptinyos/lib/MicaLeds.xml (No such file or directory)
 in file:/home/travis/build/icyphy/ptII/ptolemy/actor/ptalon/demo/ptinyos/SendAndReceiveCnt/CntToLedsAndRfm.xml at line 132 and column 63
	at ptolemy.moml.SimpleErrorHandler.handleError(SimpleErrorHandler.java:75)
	at ptolemy.moml.MoMLParser.startElement(MoMLParser.java:3805)
	at com.microstar.xml.XmlParser.parseElement(XmlParser.java:921)
	at com.microstar.xml.XmlParser.parseContent(XmlParser.java:1104)
	at com.microstar.xml.XmlParser.parseElement(XmlParser.java:924)
	at com.microstar.xml.XmlParser.parseDocument(XmlParser.java:481)
	at com.microstar.xml.XmlParser.doParse(XmlParser.java:159)
	at com.microstar.xml.XmlParser.parse(XmlParser.java:132)
	at ptolemy.moml.MoMLParser.parse(MoMLParser.java:1676)
	at ptolemy.moml.MoMLParser.parse(MoMLParser.java:1595)
	at ptolemy.moml.MoMLParser.parse(MoMLParser.java:1537)
	at ptolemy.moml.MoMLParser._findOrParse(MoMLParser.java:5286)
	at ptolemy.moml.MoMLParser._attemptToFindMoMLClass(MoMLParser.java:4075)
	at ptolemy.moml.MoMLParser._createEntity(MoMLParser.java:4323)
	... 65 more
Caused by: ptolemy.kernel.util.IllegalActionException: Cannot find class: ptolemy.domains.ptinyos.lib.MicaLeds. In Ptolemy, classes are typically Java .class files. Entities like actors may instead be defined within a .xml file.  In any case, the class was not found. If the class uses a third party package, then the class would be present only if the third party package was found at compile time.  It may be necessary to upgrade Java or install the third party package, reconfigure and recompile.
Because:
-- /home/travis/build/icyphy/ptII/ptolemy/actor/ptalon/demo/ptinyos/SendAndReceiveCnt/ptolemy/domains/ptinyos/lib/MicaLeds.xml (No such file or directory)
-- XML file not found relative to classpath.
-- /home/travis/build/icyphy/ptII/ptolemy/vergil/basic/export/test/ptolemy/domains/ptinyos/lib/MicaLeds.xml
/home/travis/build/icyphy/ptII/ptolemy/vergil/basic/export/test/ptolemy/domains/ptinyos/lib/MicaLeds.xml (No such file or directory)
 in file:/home/travis/build/icyphy/ptII/ptolemy/actor/ptalon/demo/ptinyos/SendAndReceiveCnt/CntToLedsAndRfm.xml at line 132 and column 63
	at ptolemy.moml.MoMLParser._createEntity(MoMLParser.java:4330)
	at ptolemy.moml.MoMLParser.startElement(MoMLParser.java:2864)
	... 77 more
Caused by: com.microstar.xml.XmlException: -- /home/travis/build/icyphy/ptII/ptolemy/actor/ptalon/demo/ptinyos/SendAndReceiveCnt/ptolemy/domains/ptinyos/lib/MicaLeds.xml (No such file or directory)
-- XML file not found relative to classpath.
-- /home/travis/build/icyphy/ptII/ptolemy/vergil/basic/export/test/ptolemy/domains/ptinyos/lib/MicaLeds.xml
/home/travis/build/icyphy/ptII/ptolemy/vergil/basic/export/test/ptolemy/domains/ptinyos/lib/MicaLeds.xml (No such file or directory)
 in file:/home/travis/build/icyphy/ptII/ptolemy/actor/ptalon/demo/ptinyos/SendAndReceiveCnt/CntToLedsAndRfm.xml at line 132 and column 63
	at ptolemy.moml.MoMLParser.fileNameToURL(MoMLParser.java:1414)
	at ptolemy.moml.MoMLParser._findOrParse(MoMLParser.java:5283)
	at ptolemy.moml.MoMLParser._attemptToFindMoMLClass(MoMLParser.java:4075)
	at ptolemy.moml.MoMLParser._createEntity(MoMLParser.java:4323)
	... 78 more
Caused by: ptolemy.actor.ptalon.PtalonRuntimeException: Unable to add actor null
	at ptolemy.actor.ptalon.PtalonEvaluator.addActor(PtalonEvaluator.java:300)
	at ptolemy.actor.ptalon.PtalonPopulator.actor_declaration(PtalonPopulator.java:1574)
	at ptolemy.actor.ptalon.PtalonPopulator.atomic_statement(PtalonPopulator.java:1638)
	at ptolemy.actor.ptalon.PtalonPopulator.iterative_statement_evaluator(PtalonPopulator.java:2484)
	at ptolemy.actor.ptalon.AbstractPtalonEvaluator$IfTree.evaluateForScope(AbstractPtalonEvaluator.java:1307)
	at ptolemy.actor.ptalon.AbstractPtalonEvaluator.evaluateForScope(AbstractPtalonEvaluator.java:744)
	at ptolemy.actor.ptalon.PtalonPopulator.iterative_statement(PtalonPopulator.java:2363)
	at ptolemy.actor.ptalon.PtalonPopulator.actor_definition(PtalonPopulator.java:2809)
	at ptolemy.actor.ptalon.PtalonActor.attributeChanged(PtalonActor.java:206)
	at ptolemy.actor.ptalon.PtalonMLHandler.startElement(PtalonMLHandler.java:134)
	at com.microstar.xml.XmlParser.parseElement(XmlParser.java:921)
	at com.microstar.xml.XmlParser.parseContent(XmlParser.java:1104)
	at com.microstar.xml.XmlParser.parseElement(XmlParser.java:924)
	at com.microstar.xml.XmlParser.parseDocument(XmlParser.java:481)
	at com.microstar.xml.XmlParser.doParse(XmlParser.java:159)
	at com.microstar.xml.XmlParser.parse(XmlParser.java:132)
	at ptolemy.actor.ptalon.PtalonActor.configure(PtalonActor.java:240)
	at ptolemy.moml.MoMLParser.endElement(MoMLParser.java:996)
	at com.microstar.xml.XmlParser.parseETag(XmlParser.java:1026)
	at com.microstar.xml.XmlParser.parseContent(XmlParser.java:1098)
	at com.microstar.xml.XmlParser.parseElement(XmlParser.java:924)
	at com.microstar.xml.XmlParser.parseContent(XmlParser.java:1104)
	at com.microstar.xml.XmlParser.parseElement(XmlParser.java:924)
	at com.microstar.xml.XmlParser.parseContent(XmlParser.java:1104)
	at com.microstar.xml.XmlParser.parseElement(XmlParser.java:924)
	at com.microstar.xml.XmlParser.parseDocument(XmlParser.java:481)
	at com.microstar.xml.XmlParser.doParse(XmlParser.java:159)
	at com.microstar.xml.XmlParser.parse(XmlParser.java:132)
	at ptolemy.moml.MoMLParser.parse(MoMLParser.java:1676)
	at ptolemy.moml.MoMLParser.parse(MoMLParser.java:1595)
	at ptolemy.moml.MoMLParser.parse(MoMLParser.java:1537)
	at ptolemy.actor.gui.PtolemyEffigy$Factory.createEffigy(PtolemyEffigy.java:424)
	at ptolemy.actor.gui.EffigyFactory.createEffigy(EffigyFactory.java:234)
	at ptolemy.actor.gui.Configuration.openModel(Configuration.java:1125)
	at ptolemy.actor.gui.Configuration.openModel(Configuration.java:1051)
	at ptolemy.actor.gui.ConfigurationApplication._openModel(ConfigurationApplication.java:1252)
	at ptolemy.actor.gui.ConfigurationApplication._parseArg(ConfigurationApplication.java:1399)
	at ptolemy.actor.gui.ConfigurationApplication._parseArgs(ConfigurationApplication.java:1478)
	at ptolemy.actor.gui.ConfigurationApplication.<init>(ConfigurationApplication.java:277)
	at ptolemy.actor.gui.ConfigurationApplication.<init>(ConfigurationApplication.java:214)
	at ptolemy.actor.gui.ConfigurationApplication.<init>(ConfigurationApplication.java:201)
	at ptolemy.actor.gui.ConfigurationApplication.openModelOrEntity(ConfigurationApplication.java:680)
	at ptolemy.vergil.basic.export.ExportModel$1.run(ExportModel.java:220)
	at java.awt.event.InvocationEvent.dispatch(InvocationEvent.java:301)
	at java.awt.EventQueue.dispatchEventImpl(EventQueue.java:756)
	at java.awt.EventQueue.access$500(EventQueue.java:97)
	at java.awt.EventQueue$3.run(EventQueue.java:709)
	at java.awt.EventQueue$3.run(EventQueue.java:703)
	at java.security.AccessController.doPrivileged(Native Method)
	at java.security.ProtectionDomain$JavaSecurityAccessImpl.doIntersectionPrivilege(ProtectionDomain.java:80)
	at java.awt.EventQueue.dispatchEvent(EventQueue.java:726)
	at java.awt.EventDispatchThread.pumpOneEventForFilters(EventDispatchThread.java:201)
	at java.awt.EventDispatchThread.pumpEventsForFilter(EventDispatchThread.java:116)
	at java.awt.EventDispatchThread.pumpEventsForHierarchy(EventDispatchThread.java:105)
	at java.awt.EventDispatchThread.pumpEvents(EventDispatchThread.java:101)
	at java.awt.EventDispatchThread.pumpEvents(EventDispatchThread.java:93)
	at java.awt.EventDispatchThread.run(EventDispatchThread.java:82)
Caused by: ptolemy.kernel.util.InternalErrorException: Element <entity name="sender1" class="ptolemy.actor.ptalon.demo.ptinyos.SendAndReceiveCnt.CntToLedsAndRfm"> caused an exception to be thrown.
  in .SendAndReceiveCnt.SendAndReceiveCnt
Because:
Cannot find class: ptolemy.actor.ptalon.demo.ptinyos.SendAndReceiveCnt.CntToLedsAndRfm. In Ptolemy, classes are typically Java .class files. Entities like actors may instead be defined within a .xml file.  In any case, the class was not found. If the class uses a third party package, then the class would be present only if the third party package was found at compile time.  It may be necessary to upgrade Java or install the third party package, reconfigure and recompile.
Because:
Element <entity name="MicaLeds" class="ptolemy.domains.ptinyos.lib.MicaLeds"> caused an exception to be thrown.
  in .CntToLedsAndRfm
Because:
Cannot find class: ptolemy.domains.ptinyos.lib.MicaLeds. In Ptolemy, classes are typically Java .class files. Entities like actors may instead be defined within a .xml file.  In any case, the class was not found. If the class uses a third party package, then the class would be present only if the third party package was found at compile time.  It may be necessary to upgrade Java or install the third party package, reconfigure and recompile.
Because:
-- /home/travis/build/icyphy/ptII/ptolemy/actor/ptalon/demo/ptinyos/SendAndReceiveCnt/ptolemy/domains/ptinyos/lib/MicaLeds.xml (No such file or directory)
-- XML file not found relative to classpath.
-- /home/travis/build/icyphy/ptII/ptolemy/vergil/basic/export/test/ptolemy/domains/ptinyos/lib/MicaLeds.xml
/home/travis/build/icyphy/ptII/ptolemy/vergil/basic/export/test/ptolemy/domains/ptinyos/lib/MicaLeds.xml (No such file or directory)
 in file:/home/travis/build/icyphy/ptII/ptolemy/actor/ptalon/demo/ptinyos/SendAndReceiveCnt/CntToLedsAndRfm.xml at line 132 and column 63
	at ptolemy.moml.SimpleErrorHandler.handleError(SimpleErrorHandler.java:75)
	at ptolemy.moml.MoMLParser.startElement(MoMLParser.java:3805)
	at com.microstar.xml.XmlParser.parseElement(XmlParser.java:931)
	at com.microstar.xml.XmlParser.parseDocument(XmlParser.java:481)
	at com.microstar.xml.XmlParser.doParse(XmlParser.java:159)
	at com.microstar.xml.XmlParser.parse(XmlParser.java:132)
	at ptolemy.moml.MoMLParser.parse(MoMLParser.java:1660)
	at ptolemy.moml.MoMLParser.parse(MoMLParser.java:1617)
	at ptolemy.moml.MoMLParser.parse(MoMLParser.java:1792)
	at ptolemy.actor.ptalon.PtalonEvaluator.addActor(PtalonEvaluator.java:241)
	... 56 more
Caused by: ptolemy.kernel.util.IllegalActionException: Cannot find class: ptolemy.actor.ptalon.demo.ptinyos.SendAndReceiveCnt.CntToLedsAndRfm. In Ptolemy, classes are typically Java .class files. Entities like actors may instead be defined within a .xml file.  In any case, the class was not found. If the class uses a third party package, then the class would be present only if the third party package was found at compile time.  It may be necessary to upgrade Java or install the third party package, reconfigure and recompile.
Because:
Element <entity name="MicaLeds" class="ptolemy.domains.ptinyos.lib.MicaLeds"> caused an exception to be thrown.
  in .CntToLedsAndRfm
Because:
Cannot find class: ptolemy.domains.ptinyos.lib.MicaLeds. In Ptolemy, classes are typically Java .class files. Entities like actors may instead be defined within a .xml file.  In any case, the class was not found. If the class uses a third party package, then the class would be present only if the third party package was found at compile time.  It may be necessary to upgrade Java or install the third party package, reconfigure and recompile.
Because:
-- /home/travis/build/icyphy/ptII/ptolemy/actor/ptalon/demo/ptinyos/SendAndReceiveCnt/ptolemy/domains/ptinyos/lib/MicaLeds.xml (No such file or directory)
-- XML file not found relative to classpath.
-- /home/travis/build/icyphy/ptII/ptolemy/vergil/basic/export/test/ptolemy/domains/ptinyos/lib/MicaLeds.xml
/home/travis/build/icyphy/ptII/ptolemy/vergil/basic/export/test/ptolemy/domains/ptinyos/lib/MicaLeds.xml (No such file or directory)
 in file:/home/travis/build/icyphy/ptII/ptolemy/actor/ptalon/demo/ptinyos/SendAndReceiveCnt/CntToLedsAndRfm.xml at line 132 and column 63
	at ptolemy.moml.MoMLParser._createEntity(MoMLParser.java:4330)
	at ptolemy.moml.MoMLParser.startElement(MoMLParser.java:2864)
	... 64 more
Caused by: ptolemy.kernel.util.InternalErrorException: Element <entity name="MicaLeds" class="ptolemy.domains.ptinyos.lib.MicaLeds"> caused an exception to be thrown.
  in .CntToLedsAndRfm
Because:
Cannot find class: ptolemy.domains.ptinyos.lib.MicaLeds. In Ptolemy, classes are typically Java .class files. Entities like actors may instead be defined within a .xml file.  In any case, the class was not found. If the class uses a third party package, then the class would be present only if the third party package was found at compile time.  It may be necessary to upgrade Java or install the third party package, reconfigure and recompile.
Because:
-- /home/travis/build/icyphy/ptII/ptolemy/actor/ptalon/demo/ptinyos/SendAndReceiveCnt/ptolemy/domains/ptinyos/lib/MicaLeds.xml (No such file or directory)
-- XML file not found relative to classpath.
-- /home/travis/build/icyphy/ptII/ptolemy/vergil/basic/export/test/ptolemy/domains/ptinyos/lib/MicaLeds.xml
/home/travis/build/icyphy/ptII/ptolemy/vergil/basic/export/test/ptolemy/domains/ptinyos/lib/MicaLeds.xml (No such file or directory)
 in file:/home/travis/build/icyphy/ptII/ptolemy/actor/ptalon/demo/ptinyos/SendAndReceiveCnt/CntToLedsAndRfm.xml at line 132 and column 63
	at ptolemy.moml.SimpleErrorHandler.handleError(SimpleErrorHandler.java:75)
	at ptolemy.moml.MoMLParser.startElement(MoMLParser.java:3805)
	at com.microstar.xml.XmlParser.parseElement(XmlParser.java:921)
	at com.microstar.xml.XmlParser.parseContent(XmlParser.java:1104)
	at com.microstar.xml.XmlParser.parseElement(XmlParser.java:924)
	at com.microstar.xml.XmlParser.parseDocument(XmlParser.java:481)
	at com.microstar.xml.XmlParser.doParse(XmlParser.java:159)
	at com.microstar.xml.XmlParser.parse(XmlParser.java:132)
	at ptolemy.moml.MoMLParser.parse(MoMLParser.java:1676)
	at ptolemy.moml.MoMLParser.parse(MoMLParser.java:1595)
	at ptolemy.moml.MoMLParser.parse(MoMLParser.java:1537)
	at ptolemy.moml.MoMLParser._findOrParse(MoMLParser.java:5286)
	at ptolemy.moml.MoMLParser._attemptToFindMoMLClass(MoMLParser.java:4075)
	at ptolemy.moml.MoMLParser._createEntity(MoMLParser.java:4323)
	... 65 more
Caused by: ptolemy.kernel.util.IllegalActionException: Cannot find class: ptolemy.domains.ptinyos.lib.MicaLeds. In Ptolemy, classes are typically Java .class files. Entities like actors may instead be defined within a .xml file.  In any case, the class was not found. If the class uses a third party package, then the class would be present only if the third party package was found at compile time.  It may be necessary to upgrade Java or install the third party package, reconfigure and recompile.
Because:
-- /home/travis/build/icyphy/ptII/ptolemy/actor/ptalon/demo/ptinyos/SendAndReceiveCnt/ptolemy/domains/ptinyos/lib/MicaLeds.xml (No such file or directory)
-- XML file not found relative to classpath.
-- /home/travis/build/icyphy/ptII/ptolemy/vergil/basic/export/test/ptolemy/domains/ptinyos/lib/MicaLeds.xml
/home/travis/build/icyphy/ptII/ptolemy/vergil/basic/export/test/ptolemy/domains/ptinyos/lib/MicaLeds.xml (No such file or directory)
 in file:/home/travis/build/icyphy/ptII/ptolemy/actor/ptalon/demo/ptinyos/SendAndReceiveCnt/CntToLedsAndRfm.xml at line 132 and column 63
	at ptolemy.moml.MoMLParser._createEntity(MoMLParser.java:4330)
	at ptolemy.moml.MoMLParser.startElement(MoMLParser.java:2864)
	... 77 more
Caused by: com.microstar.xml.XmlException: -- /home/travis/build/icyphy/ptII/ptolemy/actor/ptalon/demo/ptinyos/SendAndReceiveCnt/ptolemy/domains/ptinyos/lib/MicaLeds.xml (No such file or directory)
-- XML file not found relative to classpath.
-- /home/travis/build/icyphy/ptII/ptolemy/vergil/basic/export/test/ptolemy/domains/ptinyos/lib/MicaLeds.xml
/home/travis/build/icyphy/ptII/ptolemy/vergil/basic/export/test/ptolemy/domains/ptinyos/lib/MicaLeds.xml (No such file or directory)
 in file:/home/travis/build/icyphy/ptII/ptolemy/actor/ptalon/demo/ptinyos/SendAndReceiveCnt/CntToLedsAndRfm.xml at line 132 and column 63
	at ptolemy.moml.MoMLParser.fileNameToURL(MoMLParser.java:1414)
	at ptolemy.moml.MoMLParser._findOrParse(MoMLParser.java:5283)
	at ptolemy.moml.MoMLParser._attemptToFindMoMLClass(MoMLParser.java:4075)
	at ptolemy.moml.MoMLParser._createEntity(MoMLParser.java:4323)
	... 78 more
ptolemy.kernel.util.IllegalActionException: Failed to process attribute change to PtalonParameter, whose value is "ptolemy.actor.ptalon.PtalonExpressionParameter {.SendAndReceiveCnt.SendAndReceiveCnt.channelName} "AtomicWirelessChannel"".
  in .SendAndReceiveCnt.SendAndReceiveCnt
Because:
Unable to add actor null
	at ptolemy.actor.ptalon.PtalonActor.attributeChanged(PtalonActor.java:211)
	at ptolemy.actor.ptalon.PtalonMLHandler.startElement(PtalonMLHandler.java:134)
	at com.microstar.xml.XmlParser.parseElement(XmlParser.java:921)
	at com.microstar.xml.XmlParser.parseContent(XmlParser.java:1104)
	at com.microstar.xml.XmlParser.parseElement(XmlParser.java:924)
	at com.microstar.xml.XmlParser.parseDocument(XmlParser.java:481)
	at com.microstar.xml.XmlParser.doParse(XmlParser.java:159)
	at com.microstar.xml.XmlParser.parse(XmlParser.java:132)
	at ptolemy.actor.ptalon.PtalonActor.configure(PtalonActor.java:240)
	at ptolemy.moml.MoMLParser.endElement(MoMLParser.java:996)
	at com.microstar.xml.XmlParser.parseETag(XmlParser.java:1026)
	at com.microstar.xml.XmlParser.parseContent(XmlParser.java:1098)
	at com.microstar.xml.XmlParser.parseElement(XmlParser.java:924)
	at com.microstar.xml.XmlParser.parseContent(XmlParser.java:1104)
	at com.microstar.xml.XmlParser.parseElement(XmlParser.java:924)
	at com.microstar.xml.XmlParser.parseContent(XmlParser.java:1104)
	at com.microstar.xml.XmlParser.parseElement(XmlParser.java:924)
	at com.microstar.xml.XmlParser.parseDocument(XmlParser.java:481)
	at com.microstar.xml.XmlParser.doParse(XmlParser.java:159)
	at com.microstar.xml.XmlParser.parse(XmlParser.java:132)
	at ptolemy.moml.MoMLParser.parse(MoMLParser.java:1676)
	at ptolemy.moml.MoMLParser.parse(MoMLParser.java:1595)
	at ptolemy.moml.MoMLParser.parse(MoMLParser.java:1537)
	at ptolemy.actor.gui.PtolemyEffigy$Factory.createEffigy(PtolemyEffigy.java:424)
	at ptolemy.actor.gui.EffigyFactory.createEffigy(EffigyFactory.java:234)
	at ptolemy.actor.gui.Configuration.openModel(Configuration.java:1125)
	at ptolemy.actor.gui.Configuration.openModel(Configuration.java:1051)
	at ptolemy.actor.gui.ConfigurationApplication._openModel(ConfigurationApplication.java:1252)
	at ptolemy.actor.gui.ConfigurationApplication._parseArg(ConfigurationApplication.java:1399)
	at ptolemy.actor.gui.ConfigurationApplication._parseArgs(ConfigurationApplication.java:1478)
	at ptolemy.actor.gui.ConfigurationApplication.<init>(ConfigurationApplication.java:277)
	at ptolemy.actor.gui.ConfigurationApplication.<init>(ConfigurationApplication.java:214)
	at ptolemy.actor.gui.ConfigurationApplication.<init>(ConfigurationApplication.java:201)
	at ptolemy.actor.gui.ConfigurationApplication.openModelOrEntity(ConfigurationApplication.java:680)
	at ptolemy.vergil.basic.export.ExportModel$1.run(ExportModel.java:220)
	at java.awt.event.InvocationEvent.dispatch(InvocationEvent.java:301)
	at java.awt.EventQueue.dispatchEventImpl(EventQueue.java:756)
	at java.awt.EventQueue.access$500(EventQueue.java:97)
	at java.awt.EventQueue$3.run(EventQueue.java:709)
	at java.awt.EventQueue$3.run(EventQueue.java:703)
	at java.security.AccessController.doPrivileged(Native Method)
	at java.security.ProtectionDomain$JavaSecurityAccessImpl.doIntersectionPrivilege(ProtectionDomain.java:80)
	at java.awt.EventQueue.dispatchEvent(EventQueue.java:726)
	at java.awt.EventDispatchThread.pumpOneEventForFilters(EventDispatchThread.java:201)
	at java.awt.EventDispatchThread.pumpEventsForFilter(EventDispatchThread.java:116)
	at java.awt.EventDispatchThread.pumpEventsForHierarchy(EventDispatchThread.java:105)
	at java.awt.EventDispatchThread.pumpEvents(EventDispatchThread.java:101)
	at java.awt.EventDispatchThread.pumpEvents(EventDispatchThread.java:93)
	at java.awt.EventDispatchThread.run(EventDispatchThread.java:82)
Caused by: ptolemy.actor.ptalon.PtalonRuntimeException: Unable to add actor null
	at ptolemy.actor.ptalon.PtalonEvaluator.addActor(PtalonEvaluator.java:300)
	at ptolemy.actor.ptalon.PtalonPopulator.actor_declaration(PtalonPopulator.java:1574)
	at ptolemy.actor.ptalon.PtalonPopulator.atomic_statement(PtalonPopulator.java:1638)
	at ptolemy.actor.ptalon.PtalonPopulator.iterative_statement_evaluator(PtalonPopulator.java:2484)
	at ptolemy.actor.ptalon.AbstractPtalonEvaluator$IfTree.evaluateForScope(AbstractPtalonEvaluator.java:1307)
	at ptolemy.actor.ptalon.AbstractPtalonEvaluator.evaluateForScope(AbstractPtalonEvaluator.java:744)
	at ptolemy.actor.ptalon.PtalonPopulator.iterative_statement(PtalonPopulator.java:2363)
	at ptolemy.actor.ptalon.PtalonPopulator.actor_definition(PtalonPopulator.java:2809)
	at ptolemy.actor.ptalon.PtalonActor.attributeChanged(PtalonActor.java:206)
	... 48 more
Caused by: ptolemy.kernel.util.InternalErrorException: Element <entity name="sender1" class="ptolemy.actor.ptalon.demo.ptinyos.SendAndReceiveCnt.CntToLedsAndRfm"> caused an exception to be thrown.
  in .SendAndReceiveCnt.SendAndReceiveCnt
Because:
Cannot find class: ptolemy.actor.ptalon.demo.ptinyos.SendAndReceiveCnt.CntToLedsAndRfm. In Ptolemy, classes are typically Java .class files. Entities like actors may instead be defined within a .xml file.  In any case, the class was not found. If the class uses a third party package, then the class would be present only if the third party package was found at compile time.  It may be necessary to upgrade Java or install the third party package, reconfigure and recompile.
Because:
Element <entity name="MicaLeds" class="ptolemy.domains.ptinyos.lib.MicaLeds"> caused an exception to be thrown.
  in .CntToLedsAndRfm
Because:
Cannot find class: ptolemy.domains.ptinyos.lib.MicaLeds. In Ptolemy, classes are typically Java .class files. Entities like actors may instead be defined within a .xml file.  In any case, the class was not found. If the class uses a third party package, then the class would be present only if the third party package was found at compile time.  It may be necessary to upgrade Java or install the third party package, reconfigure and recompile.
Because:
-- /home/travis/build/icyphy/ptII/ptolemy/actor/ptalon/demo/ptinyos/SendAndReceiveCnt/ptolemy/domains/ptinyos/lib/MicaLeds.xml (No such file or directory)
-- XML file not found relative to classpath.
-- /home/travis/build/icyphy/ptII/ptolemy/vergil/basic/export/test/ptolemy/domains/ptinyos/lib/MicaLeds.xml
/home/travis/build/icyphy/ptII/ptolemy/vergil/basic/export/test/ptolemy/domains/ptinyos/lib/MicaLeds.xml (No such file or directory)
 in file:/home/travis/build/icyphy/ptII/ptolemy/actor/ptalon/demo/ptinyos/SendAndReceiveCnt/CntToLedsAndRfm.xml at line 132 and column 63
	at ptolemy.moml.SimpleErrorHandler.handleError(SimpleErrorHandler.java:75)
	at ptolemy.moml.MoMLParser.startElement(MoMLParser.java:3805)
	at com.microstar.xml.XmlParser.parseElement(XmlParser.java:931)
	at com.microstar.xml.XmlParser.parseDocument(XmlParser.java:481)
	at com.microstar.xml.XmlParser.doParse(XmlParser.java:159)
	at com.microstar.xml.XmlParser.parse(XmlParser.java:132)
	at ptolemy.moml.MoMLParser.parse(MoMLParser.java:1660)
	at ptolemy.moml.MoMLParser.parse(MoMLParser.java:1617)
	at ptolemy.moml.MoMLParser.parse(MoMLParser.java:1792)
	at ptolemy.actor.ptalon.PtalonEvaluator.addActor(PtalonEvaluator.java:241)
	... 56 more
Caused by: ptolemy.kernel.util.IllegalActionException: Cannot find class: ptolemy.actor.ptalon.demo.ptinyos.SendAndReceiveCnt.CntToLedsAndRfm. In Ptolemy, classes are typically Java .class files. Entities like actors may instead be defined within a .xml file.  In any case, the class was not found. If the class uses a third party package, then the class would be present only if the third party package was found at compile time.  It may be necessary to upgrade Java or install the third party package, reconfigure and recompile.
Because:
Element <entity name="MicaLeds" class="ptolemy.domains.ptinyos.lib.MicaLeds"> caused an exception to be thrown.
  in .CntToLedsAndRfm
Because:
Cannot find class: ptolemy.domains.ptinyos.lib.MicaLeds. In Ptolemy, classes are typically Java .class files. Entities like actors may instead be defined within a .xml file.  In any case, the class was not found. If the class uses a third party package, then the class would be present only if the third party package was found at compile time.  It may be necessary to upgrade Java or install the third party package, reconfigure and recompile.
Because:
-- /home/travis/build/icyphy/ptII/ptolemy/actor/ptalon/demo/ptinyos/SendAndReceiveCnt/ptolemy/domains/ptinyos/lib/MicaLeds.xml (No such file or directory)
-- XML file not found relative to classpath.
-- /home/travis/build/icyphy/ptII/ptolemy/vergil/basic/export/test/ptolemy/domains/ptinyos/lib/MicaLeds.xml
/home/travis/build/icyphy/ptII/ptolemy/vergil/basic/export/test/ptolemy/domains/ptinyos/lib/MicaLeds.xml (No such file or directory)
 in file:/home/travis/build/icyphy/ptII/ptolemy/actor/ptalon/demo/ptinyos/SendAndReceiveCnt/CntToLedsAndRfm.xml at line 132 and column 63
	at ptolemy.moml.MoMLParser._createEntity(MoMLParser.java:4330)
	at ptolemy.moml.MoMLParser.startElement(MoMLParser.java:2864)
	... 64 more
Caused by: ptolemy.kernel.util.InternalErrorException: Element <entity name="MicaLeds" class="ptolemy.domains.ptinyos.lib.MicaLeds"> caused an exception to be thrown.
  in .CntToLedsAndRfm
Because:
Cannot find class: ptolemy.domains.ptinyos.lib.MicaLeds. In Ptolemy, classes are typically Java .class files. Entities like actors may instead be defined within a .xml file.  In any case, the class was not found. If the class uses a third party package, then the class would be present only if the third party package was found at compile time.  It may be necessary to upgrade Java or install the third party package, reconfigure and recompile.
Because:
-- /home/travis/build/icyphy/ptII/ptolemy/actor/ptalon/demo/ptinyos/SendAndReceiveCnt/ptolemy/domains/ptinyos/lib/MicaLeds.xml (No such file or directory)
-- XML file not found relative to classpath.
-- /home/travis/build/icyphy/ptII/ptolemy/vergil/basic/export/test/ptolemy/domains/ptinyos/lib/MicaLeds.xml
/home/travis/build/icyphy/ptII/ptolemy/vergil/basic/export/test/ptolemy/domains/ptinyos/lib/MicaLeds.xml (No such file or directory)
 in file:/home/travis/build/icyphy/ptII/ptolemy/actor/ptalon/demo/ptinyos/SendAndReceiveCnt/CntToLedsAndRfm.xml at line 132 and column 63
	at ptolemy.moml.SimpleErrorHandler.handleError(SimpleErrorHandler.java:75)
	at ptolemy.moml.MoMLParser.startElement(MoMLParser.java:3805)
	at com.microstar.xml.XmlParser.parseElement(XmlParser.java:921)
	at com.microstar.xml.XmlParser.parseContent(XmlParser.java:1104)
	at com.microstar.xml.XmlParser.parseElement(XmlParser.java:924)
	at com.microstar.xml.XmlParser.parseDocument(XmlParser.java:481)
	at com.microstar.xml.XmlParser.doParse(XmlParser.java:159)
	at com.microstar.xml.XmlParser.parse(XmlParser.java:132)
	at ptolemy.moml.MoMLParser.parse(MoMLParser.java:1676)
	at ptolemy.moml.MoMLParser.parse(MoMLParser.java:1595)
	at ptolemy.moml.MoMLParser.parse(MoMLParser.java:1537)
	at ptolemy.moml.MoMLParser._findOrParse(MoMLParser.java:5286)
	at ptolemy.moml.MoMLParser._attemptToFindMoMLClass(MoMLParser.java:4075)
	at ptolemy.moml.MoMLParser._createEntity(MoMLParser.java:4323)
	... 65 more
Caused by: ptolemy.kernel.util.IllegalActionException: Cannot find class: ptolemy.domains.ptinyos.lib.MicaLeds. In Ptolemy, classes are typically Java .class files. Entities like actors may instead be defined within a .xml file.  In any case, the class was not found. If the class uses a third party package, then the class would be present only if the third party package was found at compile time.  It may be necessary to upgrade Java or install the third party package, reconfigure and recompile.
Because:
-- /home/travis/build/icyphy/ptII/ptolemy/actor/ptalon/demo/ptinyos/SendAndReceiveCnt/ptolemy/domains/ptinyos/lib/MicaLeds.xml (No such file or directory)
-- XML file not found relative to classpath.
-- /home/travis/build/icyphy/ptII/ptolemy/vergil/basic/export/test/ptolemy/domains/ptinyos/lib/MicaLeds.xml
/home/travis/build/icyphy/ptII/ptolemy/vergil/basic/export/test/ptolemy/domains/ptinyos/lib/MicaLeds.xml (No such file or directory)
 in file:/home/travis/build/icyphy/ptII/ptolemy/actor/ptalon/demo/ptinyos/SendAndReceiveCnt/CntToLedsAndRfm.xml at line 132 and column 63
	at ptolemy.moml.MoMLParser._createEntity(MoMLParser.java:4330)
	at ptolemy.moml.MoMLParser.startElement(MoMLParser.java:2864)
	... 77 more
Caused by: com.microstar.xml.XmlException: -- /home/travis/build/icyphy/ptII/ptolemy/actor/ptalon/demo/ptinyos/SendAndReceiveCnt/ptolemy/domains/ptinyos/lib/MicaLeds.xml (No such file or directory)
-- XML file not found relative to classpath.
-- /home/travis/build/icyphy/ptII/ptolemy/vergil/basic/export/test/ptolemy/domains/ptinyos/lib/MicaLeds.xml
/home/travis/build/icyphy/ptII/ptolemy/vergil/basic/export/test/ptolemy/domains/ptinyos/lib/MicaLeds.xml (No such file or directory)
 in file:/home/travis/build/icyphy/ptII/ptolemy/actor/ptalon/demo/ptinyos/SendAndReceiveCnt/CntToLedsAndRfm.xml at line 132 and column 63
	at ptolemy.moml.MoMLParser.fileNameToURL(MoMLParser.java:1414)
	at ptolemy.moml.MoMLParser._findOrParse(MoMLParser.java:5283)
	at ptolemy.moml.MoMLParser._attemptToFindMoMLClass(MoMLParser.java:4075)
	at ptolemy.moml.MoMLParser._createEntity(MoMLParser.java:4323)
	... 78 more
Caused by: ptolemy.actor.ptalon.PtalonRuntimeException: Unable to add actor null
	at ptolemy.actor.ptalon.PtalonEvaluator.addActor(PtalonEvaluator.java:300)
	at ptolemy.actor.ptalon.PtalonPopulator.actor_declaration(PtalonPopulator.java:1574)
	at ptolemy.actor.ptalon.PtalonPopulator.atomic_statement(PtalonPopulator.java:1638)
	at ptolemy.actor.ptalon.PtalonPopulator.iterative_statement_evaluator(PtalonPopulator.java:2484)
	at ptolemy.actor.ptalon.AbstractPtalonEvaluator$IfTree.evaluateForScope(AbstractPtalonEvaluator.java:1307)
	at ptolemy.actor.ptalon.AbstractPtalonEvaluator.evaluateForScope(AbstractPtalonEvaluator.java:744)
	at ptolemy.actor.ptalon.PtalonPopulator.iterative_statement(PtalonPopulator.java:2363)
	at ptolemy.actor.ptalon.PtalonPopulator.actor_definition(PtalonPopulator.java:2809)
	at ptolemy.actor.ptalon.PtalonActor.attributeChanged(PtalonActor.java:206)
	at ptolemy.actor.ptalon.PtalonMLHandler.startElement(PtalonMLHandler.java:134)
	at com.microstar.xml.XmlParser.parseElement(XmlParser.java:921)
	at com.microstar.xml.XmlParser.parseContent(XmlParser.java:1104)
	at com.microstar.xml.XmlParser.parseElement(XmlParser.java:924)
	at com.microstar.xml.XmlParser.parseDocument(XmlParser.java:481)
	at com.microstar.xml.XmlParser.doParse(XmlParser.java:159)
	at com.microstar.xml.XmlParser.parse(XmlParser.java:132)
	at ptolemy.actor.ptalon.PtalonActor.configure(PtalonActor.java:240)
	at ptolemy.moml.MoMLParser.endElement(MoMLParser.java:996)
	at com.microstar.xml.XmlParser.parseETag(XmlParser.java:1026)
	at com.microstar.xml.XmlParser.parseContent(XmlParser.java:1098)
	at com.microstar.xml.XmlParser.parseElement(XmlParser.java:924)
	at com.microstar.xml.XmlParser.parseContent(XmlParser.java:1104)
	at com.microstar.xml.XmlParser.parseElement(XmlParser.java:924)
	at com.microstar.xml.XmlParser.parseContent(XmlParser.java:1104)
	at com.microstar.xml.XmlParser.parseElement(XmlParser.java:924)
	at com.microstar.xml.XmlParser.parseDocument(XmlParser.java:481)
	at com.microstar.xml.XmlParser.doParse(XmlParser.java:159)
	at com.microstar.xml.XmlParser.parse(XmlParser.java:132)
	at ptolemy.moml.MoMLParser.parse(MoMLParser.java:1676)
	at ptolemy.moml.MoMLParser.parse(MoMLParser.java:1595)
	at ptolemy.moml.MoMLParser.parse(MoMLParser.java:1537)
	at ptolemy.actor.gui.PtolemyEffigy$Factory.createEffigy(PtolemyEffigy.java:424)
	at ptolemy.actor.gui.EffigyFactory.createEffigy(EffigyFactory.java:234)
	at ptolemy.actor.gui.Configuration.openModel(Configuration.java:1125)
	at ptolemy.actor.gui.Configuration.openModel(Configuration.java:1051)
	at ptolemy.actor.gui.ConfigurationApplication._openModel(ConfigurationApplication.java:1252)
	at ptolemy.actor.gui.ConfigurationApplication._parseArg(ConfigurationApplication.java:1399)
	at ptolemy.actor.gui.ConfigurationApplication._parseArgs(ConfigurationApplication.java:1478)
	at ptolemy.actor.gui.ConfigurationApplication.<init>(ConfigurationApplication.java:277)
	at ptolemy.actor.gui.ConfigurationApplication.<init>(ConfigurationApplication.java:214)
	at ptolemy.actor.gui.ConfigurationApplication.<init>(ConfigurationApplication.java:201)
	at ptolemy.actor.gui.ConfigurationApplication.openModelOrEntity(ConfigurationApplication.java:680)
	at ptolemy.vergil.basic.export.ExportModel$1.run(ExportModel.java:220)
	at java.awt.event.InvocationEvent.dispatch(InvocationEvent.java:301)
	at java.awt.EventQueue.dispatchEventImpl(EventQueue.java:756)
	at java.awt.EventQueue.access$500(EventQueue.java:97)
	at java.awt.EventQueue$3.run(EventQueue.java:709)
	at java.awt.EventQueue$3.run(EventQueue.java:703)
	at java.security.AccessController.doPrivileged(Native Method)
	at java.security.ProtectionDomain$JavaSecurityAccessImpl.doIntersectionPrivilege(ProtectionDomain.java:80)
	at java.awt.EventQueue.dispatchEvent(EventQueue.java:726)
	at java.awt.EventDispatchThread.pumpOneEventForFilters(EventDispatchThread.java:201)
	at java.awt.EventDispatchThread.pumpEventsForFilter(EventDispatchThread.java:116)
	at java.awt.EventDispatchThread.pumpEventsForHierarchy(EventDispatchThread.java:105)
	at java.awt.EventDispatchThread.pumpEvents(EventDispatchThread.java:101)
	at java.awt.EventDispatchThread.pumpEvents(EventDispatchThread.java:93)
	at java.awt.EventDispatchThread.run(EventDispatchThread.java:82)
Caused by: ptolemy.kernel.util.InternalErrorException: Element <entity name="sender1" class="ptolemy.actor.ptalon.demo.ptinyos.SendAndReceiveCnt.CntToLedsAndRfm"> caused an exception to be thrown.
  in .SendAndReceiveCnt.SendAndReceiveCnt
Because:
Cannot find class: ptolemy.actor.ptalon.demo.ptinyos.SendAndReceiveCnt.CntToLedsAndRfm. In Ptolemy, classes are typically Java .class files. Entities like actors may instead be defined within a .xml file.  In any case, the class was not found. If the class uses a third party package, then the class would be present only if the third party package was found at compile time.  It may be necessary to upgrade Java or install the third party package, reconfigure and recompile.
Because:
Element <entity name="MicaLeds" class="ptolemy.domains.ptinyos.lib.MicaLeds"> caused an exception to be thrown.
  in .CntToLedsAndRfm
Because:
Cannot find class: ptolemy.domains.ptinyos.lib.MicaLeds. In Ptolemy, classes are typically Java .class files. Entities like actors may instead be defined within a .xml file.  In any case, the class was not found. If the class uses a third party package, then the class would be present only if the third party package was found at compile time.  It may be necessary to upgrade Java or install the third party package, reconfigure and recompile.
Because:
-- /home/travis/build/icyphy/ptII/ptolemy/actor/ptalon/demo/ptinyos/SendAndReceiveCnt/ptolemy/domains/ptinyos/lib/MicaLeds.xml (No such file or directory)
-- XML file not found relative to classpath.
-- /home/travis/build/icyphy/ptII/ptolemy/vergil/basic/export/test/ptolemy/domains/ptinyos/lib/MicaLeds.xml
/home/travis/build/icyphy/ptII/ptolemy/vergil/basic/export/test/ptolemy/domains/ptinyos/lib/MicaLeds.xml (No such file or directory)
 in file:/home/travis/build/icyphy/ptII/ptolemy/actor/ptalon/demo/ptinyos/SendAndReceiveCnt/CntToLedsAndRfm.xml at line 132 and column 63
	at ptolemy.moml.SimpleErrorHandler.handleError(SimpleErrorHandler.java:75)
	at ptolemy.moml.MoMLParser.startElement(MoMLParser.java:3805)
	at com.microstar.xml.XmlParser.parseElement(XmlParser.java:931)
	at com.microstar.xml.XmlParser.parseDocument(XmlParser.java:481)
	at com.microstar.xml.XmlParser.doParse(XmlParser.java:159)
	at com.microstar.xml.XmlParser.parse(XmlParser.java:132)
	at ptolemy.moml.MoMLParser.parse(MoMLParser.java:1660)
	at ptolemy.moml.MoMLParser.parse(MoMLParser.java:1617)
	at ptolemy.moml.MoMLParser.parse(MoMLParser.java:1792)
	at ptolemy.actor.ptalon.PtalonEvaluator.addActor(PtalonEvaluator.java:241)
	... 56 more
Caused by: ptolemy.kernel.util.IllegalActionException: Cannot find class: ptolemy.actor.ptalon.demo.ptinyos.SendAndReceiveCnt.CntToLedsAndRfm. In Ptolemy, classes are typically Java .class files. Entities like actors may instead be defined within a .xml file.  In any case, the class was not found. If the class uses a third party package, then the class would be present only if the third party package was found at compile time.  It may be necessary to upgrade Java or install the third party package, reconfigure and recompile.
Because:
Element <entity name="MicaLeds" class="ptolemy.domains.ptinyos.lib.MicaLeds"> caused an exception to be thrown.
  in .CntToLedsAndRfm
Because:
Cannot find class: ptolemy.domains.ptinyos.lib.MicaLeds. In Ptolemy, classes are typically Java .class files. Entities like actors may instead be defined within a .xml file.  In any case, the class was not found. If the class uses a third party package, then the class would be present only if the third party package was found at compile time.  It may be necessary to upgrade Java or install the third party package, reconfigure and recompile.
Because:
-- /home/travis/build/icyphy/ptII/ptolemy/actor/ptalon/demo/ptinyos/SendAndReceiveCnt/ptolemy/domains/ptinyos/lib/MicaLeds.xml (No such file or directory)
-- XML file not found relative to classpath.
-- /home/travis/build/icyphy/ptII/ptolemy/vergil/basic/export/test/ptolemy/domains/ptinyos/lib/MicaLeds.xml
/home/travis/build/icyphy/ptII/ptolemy/vergil/basic/export/test/ptolemy/domains/ptinyos/lib/MicaLeds.xml (No such file or directory)
 in file:/home/travis/build/icyphy/ptII/ptolemy/actor/ptalon/demo/ptinyos/SendAndReceiveCnt/CntToLedsAndRfm.xml at line 132 and column 63
	at ptolemy.moml.MoMLParser._createEntity(MoMLParser.java:4330)
	at ptolemy.moml.MoMLParser.startElement(MoMLParser.java:2864)
	... 64 more
Caused by: ptolemy.kernel.util.InternalErrorException: Element <entity name="MicaLeds" class="ptolemy.domains.ptinyos.lib.MicaLeds"> caused an exception to be thrown.
  in .CntToLedsAndRfm
Because:
Cannot find class: ptolemy.domains.ptinyos.lib.MicaLeds. In Ptolemy, classes are typically Java .class files. Entities like actors may instead be defined within a .xml file.  In any case, the class was not found. If the class uses a third party package, then the class would be present only if the third party package was found at compile time.  It may be necessary to upgrade Java or install the third party package, reconfigure and recompile.
Because:
-- /home/travis/build/icyphy/ptII/ptolemy/actor/ptalon/demo/ptinyos/SendAndReceiveCnt/ptolemy/domains/ptinyos/lib/MicaLeds.xml (No such file or directory)
-- XML file not found relative to classpath.
-- /home/travis/build/icyphy/ptII/ptolemy/vergil/basic/export/test/ptolemy/domains/ptinyos/lib/MicaLeds.xml
/home/travis/build/icyphy/ptII/ptolemy/vergil/basic/export/test/ptolemy/domains/ptinyos/lib/MicaLeds.xml (No such file or directory)
 in file:/home/travis/build/icyphy/ptII/ptolemy/actor/ptalon/demo/ptinyos/SendAndReceiveCnt/CntToLedsAndRfm.xml at line 132 and column 63
	at ptolemy.moml.SimpleErrorHandler.handleError(SimpleErrorHandler.java:75)
	at ptolemy.moml.MoMLParser.startElement(MoMLParser.java:3805)
	at com.microstar.xml.XmlParser.parseElement(XmlParser.java:921)
	at com.microstar.xml.XmlParser.parseContent(XmlParser.java:1104)
	at com.microstar.xml.XmlParser.parseElement(XmlParser.java:924)
	at com.microstar.xml.XmlParser.parseDocument(XmlParser.java:481)
	at com.microstar.xml.XmlParser.doParse(XmlParser.java:159)
	at com.microstar.xml.XmlParser.parse(XmlParser.java:132)
	at ptolemy.moml.MoMLParser.parse(MoMLParser.java:1676)
	at ptolemy.moml.MoMLParser.parse(MoMLParser.java:1595)
	at ptolemy.moml.MoMLParser.parse(MoMLParser.java:1537)
	at ptolemy.moml.MoMLParser._findOrParse(MoMLParser.java:5286)
	at ptolemy.moml.MoMLParser._attemptToFindMoMLClass(MoMLParser.java:4075)
	at ptolemy.moml.MoMLParser._createEntity(MoMLParser.java:4323)
	... 65 more
Caused by: ptolemy.kernel.util.IllegalActionException: Cannot find class: ptolemy.domains.ptinyos.lib.MicaLeds. In Ptolemy, classes are typically Java .class files. Entities like actors may instead be defined within a .xml file.  In any case, the class was not found. If the class uses a third party package, then the class would be present only if the third party package was found at compile time.  It may be necessary to upgrade Java or install the third party package, reconfigure and recompile.
Because:
-- /home/travis/build/icyphy/ptII/ptolemy/actor/ptalon/demo/ptinyos/SendAndReceiveCnt/ptolemy/domains/ptinyos/lib/MicaLeds.xml (No such file or directory)
-- XML file not found relative to classpath.
-- /home/travis/build/icyphy/ptII/ptolemy/vergil/basic/export/test/ptolemy/domains/ptinyos/lib/MicaLeds.xml
/home/travis/build/icyphy/ptII/ptolemy/vergil/basic/export/test/ptolemy/domains/ptinyos/lib/MicaLeds.xml (No such file or directory)
 in file:/home/travis/build/icyphy/ptII/ptolemy/actor/ptalon/demo/ptinyos/SendAndReceiveCnt/CntToLedsAndRfm.xml at line 132 and column 63
	at ptolemy.moml.MoMLParser._createEntity(MoMLParser.java:4330)
	at ptolemy.moml.MoMLParser.startElement(MoMLParser.java:2864)
	... 77 more
Caused by: com.microstar.xml.XmlException: -- /home/travis/build/icyphy/ptII/ptolemy/actor/ptalon/demo/ptinyos/SendAndReceiveCnt/ptolemy/domains/ptinyos/lib/MicaLeds.xml (No such file or directory)
-- XML file not found relative to classpath.
-- /home/travis/build/icyphy/ptII/ptolemy/vergil/basic/export/test/ptolemy/domains/ptinyos/lib/MicaLeds.xml
/home/travis/build/icyphy/ptII/ptolemy/vergil/basic/export/test/ptolemy/domains/ptinyos/lib/MicaLeds.xml (No such file or directory)
 in file:/home/travis/build/icyphy/ptII/ptolemy/actor/ptalon/demo/ptinyos/SendAndReceiveCnt/CntToLedsAndRfm.xml at line 132 and column 63
	at ptolemy.moml.MoMLParser.fileNameToURL(MoMLParser.java:1414)
	at ptolemy.moml.MoMLParser._findOrParse(MoMLParser.java:5283)
	at ptolemy.moml.MoMLParser._attemptToFindMoMLClass(MoMLParser.java:4075)
	at ptolemy.moml.MoMLParser._createEntity(MoMLParser.java:4323)
	... 78 more
Failed to read file:/home/travis/build/icyphy/ptII/ptolemy/actor/ptalon/demo/ptinyos/SendAndReceiveCnt/SendAndReceiveCnt.xml
ptolemy.kernel.util.IllegalActionException: Failed to process attribute change to PtalonParameter, whose value is "ptolemy.actor.ptalon.PtalonExpressionParameter {.SendAndReceiveCnt.SendAndReceiveCnt.channelName} "AtomicWirelessChannel"".
  in .SendAndReceiveCnt.SendAndReceiveCnt
Because:
Unable to add actor null
	at ptolemy.actor.ptalon.PtalonActor.attributeChanged(PtalonActor.java:211)
	at ptolemy.actor.ptalon.PtalonMLHandler.startElement(PtalonMLHandler.java:134)
	at com.microstar.xml.XmlParser.parseElement(XmlParser.java:921)
	at com.microstar.xml.XmlParser.parseContent(XmlParser.java:1104)
	at com.microstar.xml.XmlParser.parseElement(XmlParser.java:924)
	at com.microstar.xml.XmlParser.parseDocument(XmlParser.java:481)
	at com.microstar.xml.XmlParser.doParse(XmlParser.java:159)
	at com.microstar.xml.XmlParser.parse(XmlParser.java:132)
	at ptolemy.actor.ptalon.PtalonActor.configure(PtalonActor.java:240)
	at ptolemy.moml.MoMLParser.endElement(MoMLParser.java:996)
	at com.microstar.xml.XmlParser.parseETag(XmlParser.java:1026)
	at com.microstar.xml.XmlParser.parseContent(XmlParser.java:1098)
	at com.microstar.xml.XmlParser.parseElement(XmlParser.java:924)
	at com.microstar.xml.XmlParser.parseContent(XmlParser.java:1104)
	at com.microstar.xml.XmlParser.parseElement(XmlParser.java:924)
	at com.microstar.xml.XmlParser.parseContent(XmlParser.java:1104)
	at com.microstar.xml.XmlParser.parseElement(XmlParser.java:924)
	at com.microstar.xml.XmlParser.parseDocument(XmlParser.java:481)
	at com.microstar.xml.XmlParser.doParse(XmlParser.java:159)
	at com.microstar.xml.XmlParser.parse(XmlParser.java:132)
	at ptolemy.moml.MoMLParser.parse(MoMLParser.java:1676)
	at ptolemy.moml.MoMLParser.parse(MoMLParser.java:1595)
	at ptolemy.moml.MoMLParser.parse(MoMLParser.java:1537)
	at ptolemy.actor.gui.PtolemyEffigy$Factory.createEffigy(PtolemyEffigy.java:424)
	at ptolemy.actor.gui.EffigyFactory.createEffigy(EffigyFactory.java:234)
	at ptolemy.actor.gui.Configuration.openModel(Configuration.java:1125)
	at ptolemy.actor.gui.Configuration.openModel(Configuration.java:1051)
	at ptolemy.actor.gui.ConfigurationApplication._openModel(ConfigurationApplication.java:1252)
	at ptolemy.actor.gui.ConfigurationApplication._parseArg(ConfigurationApplication.java:1399)
	at ptolemy.actor.gui.ConfigurationApplication._parseArgs(ConfigurationApplication.java:1478)
	at ptolemy.actor.gui.ConfigurationApplication.<init>(ConfigurationApplication.java:277)
	at ptolemy.actor.gui.ConfigurationApplication.<init>(ConfigurationApplication.java:214)
	at ptolemy.actor.gui.ConfigurationApplication.<init>(ConfigurationApplication.java:201)
	at ptolemy.actor.gui.ConfigurationApplication.openModelOrEntity(ConfigurationApplication.java:680)
	at ptolemy.vergil.basic.export.ExportModel$1.run(ExportModel.java:220)
	at java.awt.event.InvocationEvent.dispatch(InvocationEvent.java:301)
	at java.awt.EventQueue.dispatchEventImpl(EventQueue.java:756)
	at java.awt.EventQueue.access$500(EventQueue.java:97)
	at java.awt.EventQueue$3.run(EventQueue.java:709)
	at java.awt.EventQueue$3.run(EventQueue.java:703)
	at java.security.AccessController.doPrivileged(Native Method)
	at java.security.ProtectionDomain$JavaSecurityAccessImpl.doIntersectionPrivilege(ProtectionDomain.java:80)
	at java.awt.EventQueue.dispatchEvent(EventQueue.java:726)
	at java.awt.EventDispatchThread.pumpOneEventForFilters(EventDispatchThread.java:201)
	at java.awt.EventDispatchThread.pumpEventsForFilter(EventDispatchThread.java:116)
	at java.awt.EventDispatchThread.pumpEventsForHierarchy(EventDispatchThread.java:105)
	at java.awt.EventDispatchThread.pumpEvents(EventDispatchThread.java:101)
	at java.awt.EventDispatchThread.pumpEvents(EventDispatchThread.java:93)
	at java.awt.EventDispatchThread.run(EventDispatchThread.java:82)
Caused by: ptolemy.actor.ptalon.PtalonRuntimeException: Unable to add actor null
	at ptolemy.actor.ptalon.PtalonEvaluator.addActor(PtalonEvaluator.java:300)
	at ptolemy.actor.ptalon.PtalonPopulator.actor_declaration(PtalonPopulator.java:1574)
	at ptolemy.actor.ptalon.PtalonPopulator.atomic_statement(PtalonPopulator.java:1638)
	at ptolemy.actor.ptalon.PtalonPopulator.iterative_statement_evaluator(PtalonPopulator.java:2484)
	at ptolemy.actor.ptalon.AbstractPtalonEvaluator$IfTree.evaluateForScope(AbstractPtalonEvaluator.java:1307)
	at ptolemy.actor.ptalon.AbstractPtalonEvaluator.evaluateForScope(AbstractPtalonEvaluator.java:744)
	at ptolemy.actor.ptalon.PtalonPopulator.iterative_statement(PtalonPopulator.java:2363)
	at ptolemy.actor.ptalon.PtalonPopulator.actor_definition(PtalonPopulator.java:2809)
	at ptolemy.actor.ptalon.PtalonActor.attributeChanged(PtalonActor.java:206)
	... 48 more
Caused by: ptolemy.kernel.util.InternalErrorException: Element <entity name="sender1" class="ptolemy.actor.ptalon.demo.ptinyos.SendAndReceiveCnt.CntToLedsAndRfm"> caused an exception to be thrown.
  in .SendAndReceiveCnt.SendAndReceiveCnt
Because:
Cannot find class: ptolemy.actor.ptalon.demo.ptinyos.SendAndReceiveCnt.CntToLedsAndRfm. In Ptolemy, classes are typically Java .class files. Entities like actors may instead be defined within a .xml file.  In any case, the class was not found. If the class uses a third party package, then the class would be present only if the third party package was found at compile time.  It may be necessary to upgrade Java or install the third party package, reconfigure and recompile.
Because:
Element <entity name="MicaLeds" class="ptolemy.domains.ptinyos.lib.MicaLeds"> caused an exception to be thrown.
  in .CntToLedsAndRfm
Because:
Cannot find class: ptolemy.domains.ptinyos.lib.MicaLeds. In Ptolemy, classes are typically Java .class files. Entities like actors may instead be defined within a .xml file.  In any case, the class was not found. If the class uses a third party package, then the class would be present only if the third party package was found at compile time.  It may be necessary to upgrade Java or install the third party package, reconfigure and recompile.
Because:
-- /home/travis/build/icyphy/ptII/ptolemy/actor/ptalon/demo/ptinyos/SendAndReceiveCnt/ptolemy/domains/ptinyos/lib/MicaLeds.xml (No such file or directory)
-- XML file not found relative to classpath.
-- /home/travis/build/icyphy/ptII/ptolemy/vergil/basic/export/test/ptolemy/domains/ptinyos/lib/MicaLeds.xml
/home/travis/build/icyphy/ptII/ptolemy/vergil/basic/export/test/ptolemy/domains/ptinyos/lib/MicaLeds.xml (No such file or directory)
 in file:/home/travis/build/icyphy/ptII/ptolemy/actor/ptalon/demo/ptinyos/SendAndReceiveCnt/CntToLedsAndRfm.xml at line 132 and column 63
	at ptolemy.moml.SimpleErrorHandler.handleError(SimpleErrorHandler.java:75)
	at ptolemy.moml.MoMLParser.startElement(MoMLParser.java:3805)
	at com.microstar.xml.XmlParser.parseElement(XmlParser.java:931)
	at com.microstar.xml.XmlParser.parseDocument(XmlParser.java:481)
	at com.microstar.xml.XmlParser.doParse(XmlParser.java:159)
	at com.microstar.xml.XmlParser.parse(XmlParser.java:132)
	at ptolemy.moml.MoMLParser.parse(MoMLParser.java:1660)
	at ptolemy.moml.MoMLParser.parse(MoMLParser.java:1617)
	at ptolemy.moml.MoMLParser.parse(MoMLParser.java:1792)
	at ptolemy.actor.ptalon.PtalonEvaluator.addActor(PtalonEvaluator.java:241)
	... 56 more
Caused by: ptolemy.kernel.util.IllegalActionException: Cannot find class: ptolemy.actor.ptalon.demo.ptinyos.SendAndReceiveCnt.CntToLedsAndRfm. In Ptolemy, classes are typically Java .class files. Entities like actors may instead be defined within a .xml file.  In any case, the class was not found. If the class uses a third party package, then the class would be present only if the third party package was found at compile time.  It may be necessary to upgrade Java or install the third party package, reconfigure and recompile.
Because:
Element <entity name="MicaLeds" class="ptolemy.domains.ptinyos.lib.MicaLeds"> caused an exception to be thrown.
  in .CntToLedsAndRfm
Because:
Cannot find class: ptolemy.domains.ptinyos.lib.MicaLeds. In Ptolemy, classes are typically Java .class files. Entities like actors may instead be defined within a .xml file.  In any case, the class was not found. If the class uses a third party package, then the class would be present only if the third party package was found at compile time.  It may be necessary to upgrade Java or install the third party package, reconfigure and recompile.
Because:
-- /home/travis/build/icyphy/ptII/ptolemy/actor/ptalon/demo/ptinyos/SendAndReceiveCnt/ptolemy/domains/ptinyos/lib/MicaLeds.xml (No such file or directory)
-- XML file not found relative to classpath.
-- /home/travis/build/icyphy/ptII/ptolemy/vergil/basic/export/test/ptolemy/domains/ptinyos/lib/MicaLeds.xml
/home/travis/build/icyphy/ptII/ptolemy/vergil/basic/export/test/ptolemy/domains/ptinyos/lib/MicaLeds.xml (No such file or directory)
 in file:/home/travis/build/icyphy/ptII/ptolemy/actor/ptalon/demo/ptinyos/SendAndReceiveCnt/CntToLedsAndRfm.xml at line 132 and column 63
	at ptolemy.moml.MoMLParser._createEntity(MoMLParser.java:4330)
	at ptolemy.moml.MoMLParser.startElement(MoMLParser.java:2864)
	... 64 more
Caused by: ptolemy.kernel.util.InternalErrorException: Element <entity name="MicaLeds" class="ptolemy.domains.ptinyos.lib.MicaLeds"> caused an exception to be thrown.
  in .CntToLedsAndRfm
Because:
Cannot find class: ptolemy.domains.ptinyos.lib.MicaLeds. In Ptolemy, classes are typically Java .class files. Entities like actors may instead be defined within a .xml file.  In any case, the class was not found. If the class uses a third party package, then the class would be present only if the third party package was found at compile time.  It may be necessary to upgrade Java or install the third party package, reconfigure and recompile.
Because:
-- /home/travis/build/icyphy/ptII/ptolemy/actor/ptalon/demo/ptinyos/SendAndReceiveCnt/ptolemy/domains/ptinyos/lib/MicaLeds.xml (No such file or directory)
-- XML file not found relative to classpath.
-- /home/travis/build/icyphy/ptII/ptolemy/vergil/basic/export/test/ptolemy/domains/ptinyos/lib/MicaLeds.xml
/home/travis/build/icyphy/ptII/ptolemy/vergil/basic/export/test/ptolemy/domains/ptinyos/lib/MicaLeds.xml (No such file or directory)
 in file:/home/travis/build/icyphy/ptII/ptolemy/actor/ptalon/demo/ptinyos/SendAndReceiveCnt/CntToLedsAndRfm.xml at line 132 and column 63
	at ptolemy.moml.SimpleErrorHandler.handleError(SimpleErrorHandler.java:75)
	at ptolemy.moml.MoMLParser.startElement(MoMLParser.java:3805)
	at com.microstar.xml.XmlParser.parseElement(XmlParser.java:921)
	at com.microstar.xml.XmlParser.parseContent(XmlParser.java:1104)
	at com.microstar.xml.XmlParser.parseElement(XmlParser.java:924)
	at com.microstar.xml.XmlParser.parseDocument(XmlParser.java:481)
	at com.microstar.xml.XmlParser.doParse(XmlParser.java:159)
	at com.microstar.xml.XmlParser.parse(XmlParser.java:132)
	at ptolemy.moml.MoMLParser.parse(MoMLParser.java:1676)
	at ptolemy.moml.MoMLParser.parse(MoMLParser.java:1595)
	at ptolemy.moml.MoMLParser.parse(MoMLParser.java:1537)
	at ptolemy.moml.MoMLParser._findOrParse(MoMLParser.java:5286)
	at ptolemy.moml.MoMLParser._attemptToFindMoMLClass(MoMLParser.java:4075)
	at ptolemy.moml.MoMLParser._createEntity(MoMLParser.java:4323)
	... 65 more
Caused by: ptolemy.kernel.util.IllegalActionException: Cannot find class: ptolemy.domains.ptinyos.lib.MicaLeds. In Ptolemy, classes are typically Java .class files. Entities like actors may instead be defined within a .xml file.  In any case, the class was not found. If the class uses a third party package, then the class would be present only if the third party package was found at compile time.  It may be necessary to upgrade Java or install the third party package, reconfigure and recompile.
Because:
-- /home/travis/build/icyphy/ptII/ptolemy/actor/ptalon/demo/ptinyos/SendAndReceiveCnt/ptolemy/domains/ptinyos/lib/MicaLeds.xml (No such file or directory)
-- XML file not found relative to classpath.
-- /home/travis/build/icyphy/ptII/ptolemy/vergil/basic/export/test/ptolemy/domains/ptinyos/lib/MicaLeds.xml
/home/travis/build/icyphy/ptII/ptolemy/vergil/basic/export/test/ptolemy/domains/ptinyos/lib/MicaLeds.xml (No such file or directory)
 in file:/home/travis/build/icyphy/ptII/ptolemy/actor/ptalon/demo/ptinyos/SendAndReceiveCnt/CntToLedsAndRfm.xml at line 132 and column 63
	at ptolemy.moml.MoMLParser._createEntity(MoMLParser.java:4330)
	at ptolemy.moml.MoMLParser.startElement(MoMLParser.java:2864)
	... 77 more
Caused by: com.microstar.xml.XmlException: -- /home/travis/build/icyphy/ptII/ptolemy/actor/ptalon/demo/ptinyos/SendAndReceiveCnt/ptolemy/domains/ptinyos/lib/MicaLeds.xml (No such file or directory)
-- XML file not found relative to classpath.
-- /home/travis/build/icyphy/ptII/ptolemy/vergil/basic/export/test/ptolemy/domains/ptinyos/lib/MicaLeds.xml
/home/travis/build/icyphy/ptII/ptolemy/vergil/basic/export/test/ptolemy/domains/ptinyos/lib/MicaLeds.xml (No such file or directory)
 in file:/home/travis/build/icyphy/ptII/ptolemy/actor/ptalon/demo/ptinyos/SendAndReceiveCnt/CntToLedsAndRfm.xml at line 132 and column 63
	at ptolemy.moml.MoMLParser.fileNameToURL(MoMLParser.java:1414)
	at ptolemy.moml.MoMLParser._findOrParse(MoMLParser.java:5283)
	at ptolemy.moml.MoMLParser._attemptToFindMoMLClass(MoMLParser.java:4075)
	at ptolemy.moml.MoMLParser._createEntity(MoMLParser.java:4323)
	... 78 more
Caused by: ptolemy.actor.ptalon.PtalonRuntimeException: Unable to add actor null
	at ptolemy.actor.ptalon.PtalonEvaluator.addActor(PtalonEvaluator.java:300)
	at ptolemy.actor.ptalon.PtalonPopulator.actor_declaration(PtalonPopulator.java:1574)
	at ptolemy.actor.ptalon.PtalonPopulator.atomic_statement(PtalonPopulator.java:1638)
	at ptolemy.actor.ptalon.PtalonPopulator.iterative_statement_evaluator(PtalonPopulator.java:2484)
	at ptolemy.actor.ptalon.AbstractPtalonEvaluator$IfTree.evaluateForScope(AbstractPtalonEvaluator.java:1307)
	at ptolemy.actor.ptalon.AbstractPtalonEvaluator.evaluateForScope(AbstractPtalonEvaluator.java:744)
	at ptolemy.actor.ptalon.PtalonPopulator.iterative_statement(PtalonPopulator.java:2363)
	at ptolemy.actor.ptalon.PtalonPopulator.actor_definition(PtalonPopulator.java:2809)
	at ptolemy.actor.ptalon.PtalonActor.attributeChanged(PtalonActor.java:206)
	at ptolemy.actor.ptalon.PtalonMLHandler.startElement(PtalonMLHandler.java:134)
	at com.microstar.xml.XmlParser.parseElement(XmlParser.java:921)
	at com.microstar.xml.XmlParser.parseContent(XmlParser.java:1104)
	at com.microstar.xml.XmlParser.parseElement(XmlParser.java:924)
	at com.microstar.xml.XmlParser.parseDocument(XmlParser.java:481)
	at com.microstar.xml.XmlParser.doParse(XmlParser.java:159)
	at com.microstar.xml.XmlParser.parse(XmlParser.java:132)
	at ptolemy.actor.ptalon.PtalonActor.configure(PtalonActor.java:240)
	at ptolemy.moml.MoMLParser.endElement(MoMLParser.java:996)
	at com.microstar.xml.XmlParser.parseETag(XmlParser.java:1026)
	at com.microstar.xml.XmlParser.parseContent(XmlParser.java:1098)
	at com.microstar.xml.XmlParser.parseElement(XmlParser.java:924)
	at com.microstar.xml.XmlParser.parseContent(XmlParser.java:1104)
	at com.microstar.xml.XmlParser.parseElement(XmlParser.java:924)
	at com.microstar.xml.XmlParser.parseContent(XmlParser.java:1104)
	at com.microstar.xml.XmlParser.parseElement(XmlParser.java:924)
	at com.microstar.xml.XmlParser.parseDocument(XmlParser.java:481)
	at com.microstar.xml.XmlParser.doParse(XmlParser.java:159)
	at com.microstar.xml.XmlParser.parse(XmlParser.java:132)
	at ptolemy.moml.MoMLParser.parse(MoMLParser.java:1676)
	at ptolemy.moml.MoMLParser.parse(MoMLParser.java:1595)
	at ptolemy.moml.MoMLParser.parse(MoMLParser.java:1537)
	at ptolemy.actor.gui.PtolemyEffigy$Factory.createEffigy(PtolemyEffigy.java:424)
	at ptolemy.actor.gui.EffigyFactory.createEffigy(EffigyFactory.java:234)
	at ptolemy.actor.gui.Configuration.openModel(Configuration.java:1125)
	at ptolemy.actor.gui.Configuration.openModel(Configuration.java:1051)
	at ptolemy.actor.gui.ConfigurationApplication._openModel(ConfigurationApplication.java:1252)
	at ptolemy.actor.gui.ConfigurationApplication._parseArg(ConfigurationApplication.java:1399)
	at ptolemy.actor.gui.ConfigurationApplication._parseArgs(ConfigurationApplication.java:1478)
	at ptolemy.actor.gui.ConfigurationApplication.<init>(ConfigurationApplication.java:277)
	at ptolemy.actor.gui.ConfigurationApplication.<init>(ConfigurationApplication.java:214)
	at ptolemy.actor.gui.ConfigurationApplication.<init>(ConfigurationApplication.java:201)
	at ptolemy.actor.gui.ConfigurationApplication.openModelOrEntity(ConfigurationApplication.java:680)
	at ptolemy.vergil.basic.export.ExportModel$1.run(ExportModel.java:220)
	at java.awt.event.InvocationEvent.dispatch(InvocationEvent.java:301)
	at java.awt.EventQueue.dispatchEventImpl(EventQueue.java:756)
	at java.awt.EventQueue.access$500(EventQueue.java:97)
	at java.awt.EventQueue$3.run(EventQueue.java:709)
	at java.awt.EventQueue$3.run(EventQueue.java:703)
	at java.security.AccessController.doPrivileged(Native Method)
	at java.security.ProtectionDomain$JavaSecurityAccessImpl.doIntersectionPrivilege(ProtectionDomain.java:80)
	at java.awt.EventQueue.dispatchEvent(EventQueue.java:726)
	at java.awt.EventDispatchThread.pumpOneEventForFilters(EventDispatchThread.java:201)
	at java.awt.EventDispatchThread.pumpEventsForFilter(EventDispatchThread.java:116)
	at java.awt.EventDispatchThread.pumpEventsForHierarchy(EventDispatchThread.java:105)
	at java.awt.EventDispatchThread.pumpEvents(EventDispatchThread.java:101)
	at java.awt.EventDispatchThread.pumpEvents(EventDispatchThread.java:93)
	at java.awt.EventDispatchThread.run(EventDispatchThread.java:82)
Caused by: ptolemy.kernel.util.InternalErrorException: Element <entity name="sender1" class="ptolemy.actor.ptalon.demo.ptinyos.SendAndReceiveCnt.CntToLedsAndRfm"> caused an exception to be thrown.
  in .SendAndReceiveCnt.SendAndReceiveCnt
Because:
Cannot find class: ptolemy.actor.ptalon.demo.ptinyos.SendAndReceiveCnt.CntToLedsAndRfm. In Ptolemy, classes are typically Java .class files. Entities like actors may instead be defined within a .xml file.  In any case, the class was not found. If the class uses a third party package, then the class would be present only if the third party package was found at compile time.  It may be necessary to upgrade Java or install the third party package, reconfigure and recompile.
Because:
Element <entity name="MicaLeds" class="ptolemy.domains.ptinyos.lib.MicaLeds"> caused an exception to be thrown.
  in .CntToLedsAndRfm
Because:
Cannot find class: ptolemy.domains.ptinyos.lib.MicaLeds. In Ptolemy, classes are typically Java .class files. Entities like actors may instead be defined within a .xml file.  In any case, the class was not found. If the class uses a third party package, then the class would be present only if the third party package was found at compile time.  It may be necessary to upgrade Java or install the third party package, reconfigure and recompile.
Because:
-- /home/travis/build/icyphy/ptII/ptolemy/actor/ptalon/demo/ptinyos/SendAndReceiveCnt/ptolemy/domains/ptinyos/lib/MicaLeds.xml (No such file or directory)
-- XML file not found relative to classpath.
-- /home/travis/build/icyphy/ptII/ptolemy/vergil/basic/export/test/ptolemy/domains/ptinyos/lib/MicaLeds.xml
/home/travis/build/icyphy/ptII/ptolemy/vergil/basic/export/test/ptolemy/domains/ptinyos/lib/MicaLeds.xml (No such file or directory)
 in file:/home/travis/build/icyphy/ptII/ptolemy/actor/ptalon/demo/ptinyos/SendAndReceiveCnt/CntToLedsAndRfm.xml at line 132 and column 63
	at ptolemy.moml.SimpleErrorHandler.handleError(SimpleErrorHandler.java:75)
	at ptolemy.moml.MoMLParser.startElement(MoMLParser.java:3805)
	at com.microstar.xml.XmlParser.parseElement(XmlParser.java:931)
	at com.microstar.xml.XmlParser.parseDocument(XmlParser.java:481)
	at com.microstar.xml.XmlParser.doParse(XmlParser.java:159)
	at com.microstar.xml.XmlParser.parse(XmlParser.java:132)
	at ptolemy.moml.MoMLParser.parse(MoMLParser.java:1660)
	at ptolemy.moml.MoMLParser.parse(MoMLParser.java:1617)
	at ptolemy.moml.MoMLParser.parse(MoMLParser.java:1792)
	at ptolemy.actor.ptalon.PtalonEvaluator.addActor(PtalonEvaluator.java:241)
	... 56 more
Caused by: ptolemy.kernel.util.IllegalActionException: Cannot find class: ptolemy.actor.ptalon.demo.ptinyos.SendAndReceiveCnt.CntToLedsAndRfm. In Ptolemy, classes are typically Java .class files. Entities like actors may instead be defined within a .xml file.  In any case, the class was not found. If the class uses a third party package, then the class would be present only if the third party package was found at compile time.  It may be necessary to upgrade Java or install the third party package, reconfigure and recompile.
Because:
Element <entity name="MicaLeds" class="ptolemy.domains.ptinyos.lib.MicaLeds"> caused an exception to be thrown.
  in .CntToLedsAndRfm
Because:
Cannot find class: ptolemy.domains.ptinyos.lib.MicaLeds. In Ptolemy, classes are typically Java .class files. Entities like actors may instead be defined within a .xml file.  In any case, the class was not found. If the class uses a third party package, then the class would be present only if the third party package was found at compile time.  It may be necessary to upgrade Java or install the third party package, reconfigure and recompile.
Because:
-- /home/travis/build/icyphy/ptII/ptolemy/actor/ptalon/demo/ptinyos/SendAndReceiveCnt/ptolemy/domains/ptinyos/lib/MicaLeds.xml (No such file or directory)
-- XML file not found relative to classpath.
-- /home/travis/build/icyphy/ptII/ptolemy/vergil/basic/export/test/ptolemy/domains/ptinyos/lib/MicaLeds.xml
/home/travis/build/icyphy/ptII/ptolemy/vergil/basic/export/test/ptolemy/domains/ptinyos/lib/MicaLeds.xml (No such file or directory)
 in file:/home/travis/build/icyphy/ptII/ptolemy/actor/ptalon/demo/ptinyos/SendAndReceiveCnt/CntToLedsAndRfm.xml at line 132 and column 63
	at ptolemy.moml.MoMLParser._createEntity(MoMLParser.java:4330)
	at ptolemy.moml.MoMLParser.startElement(MoMLParser.java:2864)
	... 64 more
Caused by: ptolemy.kernel.util.InternalErrorException: Element <entity name="MicaLeds" class="ptolemy.domains.ptinyos.lib.MicaLeds"> caused an exception to be thrown.
  in .CntToLedsAndRfm
Because:
Cannot find class: ptolemy.domains.ptinyos.lib.MicaLeds. In Ptolemy, classes are typically Java .class files. Entities like actors may instead be defined within a .xml file.  In any case, the class was not found. If the class uses a third party package, then the class would be present only if the third party package was found at compile time.  It may be necessary to upgrade Java or install the third party package, reconfigure and recompile.
Because:
-- /home/travis/build/icyphy/ptII/ptolemy/actor/ptalon/demo/ptinyos/SendAndReceiveCnt/ptolemy/domains/ptinyos/lib/MicaLeds.xml (No such file or directory)
-- XML file not found relative to classpath.
-- /home/travis/build/icyphy/ptII/ptolemy/vergil/basic/export/test/ptolemy/domains/ptinyos/lib/MicaLeds.xml
/home/travis/build/icyphy/ptII/ptolemy/vergil/basic/export/test/ptolemy/domains/ptinyos/lib/MicaLeds.xml (No such file or directory)
 in file:/home/travis/build/icyphy/ptII/ptolemy/actor/ptalon/demo/ptinyos/SendAndReceiveCnt/CntToLedsAndRfm.xml at line 132 and column 63
	at ptolemy.moml.SimpleErrorHandler.handleError(SimpleErrorHandler.java:75)
	at ptolemy.moml.MoMLParser.startElement(MoMLParser.java:3805)
	at com.microstar.xml.XmlParser.parseElement(XmlParser.java:921)
	at com.microstar.xml.XmlParser.parseContent(XmlParser.java:1104)
	at com.microstar.xml.XmlParser.parseElement(XmlParser.java:924)
	at com.microstar.xml.XmlParser.parseDocument(XmlParser.java:481)
	at com.microstar.xml.XmlParser.doParse(XmlParser.java:159)
	at com.microstar.xml.XmlParser.parse(XmlParser.java:132)
	at ptolemy.moml.MoMLParser.parse(MoMLParser.java:1676)
	at ptolemy.moml.MoMLParser.parse(MoMLParser.java:1595)
	at ptolemy.moml.MoMLParser.parse(MoMLParser.java:1537)
	at ptolemy.moml.MoMLParser._findOrParse(MoMLParser.java:5286)
	at ptolemy.moml.MoMLParser._attemptToFindMoMLClass(MoMLParser.java:4075)
	at ptolemy.moml.MoMLParser._createEntity(MoMLParser.java:4323)
	... 65 more
Caused by: ptolemy.kernel.util.IllegalActionException: Cannot find class: ptolemy.domains.ptinyos.lib.MicaLeds. In Ptolemy, classes are typically Java .class files. Entities like actors may instead be defined within a .xml file.  In any case, the class was not found. If the class uses a third party package, then the class would be present only if the third party package was found at compile time.  It may be necessary to upgrade Java or install the third party package, reconfigure and recompile.
Because:
-- /home/travis/build/icyphy/ptII/ptolemy/actor/ptalon/demo/ptinyos/SendAndReceiveCnt/ptolemy/domains/ptinyos/lib/MicaLeds.xml (No such file or directory)
-- XML file not found relative to classpath.
-- /home/travis/build/icyphy/ptII/ptolemy/vergil/basic/export/test/ptolemy/domains/ptinyos/lib/MicaLeds.xml
/home/travis/build/icyphy/ptII/ptolemy/vergil/basic/export/test/ptolemy/domains/ptinyos/lib/MicaLeds.xml (No such file or directory)
 in file:/home/travis/build/icyphy/ptII/ptolemy/actor/ptalon/demo/ptinyos/SendAndReceiveCnt/CntToLedsAndRfm.xml at line 132 and column 63
	at ptolemy.moml.MoMLParser._createEntity(MoMLParser.java:4330)
	at ptolemy.moml.MoMLParser.startElement(MoMLParser.java:2864)
	... 77 more
Caused by: com.microstar.xml.XmlException: -- /home/travis/build/icyphy/ptII/ptolemy/actor/ptalon/demo/ptinyos/SendAndReceiveCnt/ptolemy/domains/ptinyos/lib/MicaLeds.xml (No such file or directory)
-- XML file not found relative to classpath.
-- /home/travis/build/icyphy/ptII/ptolemy/vergil/basic/export/test/ptolemy/domains/ptinyos/lib/MicaLeds.xml
/home/travis/build/icyphy/ptII/ptolemy/vergil/basic/export/test/ptolemy/domains/ptinyos/lib/MicaLeds.xml (No such file or directory)
 in file:/home/travis/build/icyphy/ptII/ptolemy/actor/ptalon/demo/ptinyos/SendAndReceiveCnt/CntToLedsAndRfm.xml at line 132 and column 63
	at ptolemy.moml.MoMLParser.fileNameToURL(MoMLParser.java:1414)
	at ptolemy.moml.MoMLParser._findOrParse(MoMLParser.java:5283)
	at ptolemy.moml.MoMLParser._attemptToFindMoMLClass(MoMLParser.java:4075)
	at ptolemy.moml.MoMLParser._createEntity(MoMLParser.java:4323)
	... 78 more
Failed to read file:/home/travis/build/icyphy/ptII/ptolemy/actor/ptalon/demo/ptinyos/SendAndReceiveCnt/SendAndReceiveCnt.xml
ptolemy.kernel.util.IllegalActionException: Failed to process attribute change to PtalonParameter, whose value is "ptolemy.actor.ptalon.PtalonExpressionParameter {.SendAndReceiveCnt.SendAndReceiveCnt.channelName} "AtomicWirelessChannel"".
  in .SendAndReceiveCnt.SendAndReceiveCnt
Because:
Unable to add actor null
	at ptolemy.actor.ptalon.PtalonActor.attributeChanged(PtalonActor.java:211)
	at ptolemy.actor.ptalon.PtalonMLHandler.startElement(PtalonMLHandler.java:134)
	at com.microstar.xml.XmlParser.parseElement(XmlParser.java:921)
	at com.microstar.xml.XmlParser.parseContent(XmlParser.java:1104)
	at com.microstar.xml.XmlParser.parseElement(XmlParser.java:924)
	at com.microstar.xml.XmlParser.parseDocument(XmlParser.java:481)
	at com.microstar.xml.XmlParser.doParse(XmlParser.java:159)
	at com.microstar.xml.XmlParser.parse(XmlParser.java:132)
	at ptolemy.actor.ptalon.PtalonActor.configure(PtalonActor.java:240)
	at ptolemy.moml.MoMLParser.endElement(MoMLParser.java:996)
	at com.microstar.xml.XmlParser.parseETag(XmlParser.java:1026)
	at com.microstar.xml.XmlParser.parseContent(XmlParser.java:1098)
	at com.microstar.xml.XmlParser.parseElement(XmlParser.java:924)
	at com.microstar.xml.XmlParser.parseContent(XmlParser.java:1104)
	at com.microstar.xml.XmlParser.parseElement(XmlParser.java:924)
	at com.microstar.xml.XmlParser.parseContent(XmlParser.java:1104)
	at com.microstar.xml.XmlParser.parseElement(XmlParser.java:924)
	at com.microstar.xml.XmlParser.parseDocument(XmlParser.java:481)
	at com.microstar.xml.XmlParser.doParse(XmlParser.java:159)
	at com.microstar.xml.XmlParser.parse(XmlParser.java:132)
	at ptolemy.moml.MoMLParser.parse(MoMLParser.java:1676)
	at ptolemy.moml.MoMLParser.parse(MoMLParser.java:1595)
	at ptolemy.moml.MoMLParser.parse(MoMLParser.java:1537)
	at ptolemy.actor.gui.PtolemyEffigy$Factory.createEffigy(PtolemyEffigy.java:424)
	at ptolemy.actor.gui.EffigyFactory.createEffigy(EffigyFactory.java:234)
	at ptolemy.actor.gui.Configuration.openModel(Configuration.java:1125)
	at ptolemy.actor.gui.Configuration.openModel(Configuration.java:1051)
	at ptolemy.actor.gui.ConfigurationApplication._openModel(ConfigurationApplication.java:1252)
	at ptolemy.actor.gui.ConfigurationApplication._parseArg(ConfigurationApplication.java:1399)
	at ptolemy.actor.gui.ConfigurationApplication._parseArgs(ConfigurationApplication.java:1478)
	at ptolemy.actor.gui.ConfigurationApplication.<init>(ConfigurationApplication.java:277)
	at ptolemy.actor.gui.ConfigurationApplication.<init>(ConfigurationApplication.java:214)
	at ptolemy.actor.gui.ConfigurationApplication.<init>(ConfigurationApplication.java:201)
	at ptolemy.actor.gui.ConfigurationApplication.openModelOrEntity(ConfigurationApplication.java:680)
	at ptolemy.vergil.basic.export.ExportModel$1.run(ExportModel.java:220)
	at java.awt.event.InvocationEvent.dispatch(InvocationEvent.java:301)
	at java.awt.EventQueue.dispatchEventImpl(EventQueue.java:756)
	at java.awt.EventQueue.access$500(EventQueue.java:97)
	at java.awt.EventQueue$3.run(EventQueue.java:709)
	at java.awt.EventQueue$3.run(EventQueue.java:703)
	at java.security.AccessController.doPrivileged(Native Method)
	at java.security.ProtectionDomain$JavaSecurityAccessImpl.doIntersectionPrivilege(ProtectionDomain.java:80)
	at java.awt.EventQueue.dispatchEvent(EventQueue.java:726)
	at java.awt.EventDispatchThread.pumpOneEventForFilters(EventDispatchThread.java:201)
	at java.awt.EventDispatchThread.pumpEventsForFilter(EventDispatchThread.java:116)
	at java.awt.EventDispatchThread.pumpEventsForHierarchy(EventDispatchThread.java:105)
	at java.awt.EventDispatchThread.pumpEvents(EventDispatchThread.java:101)
	at java.awt.EventDispatchThread.pumpEvents(EventDispatchThread.java:93)
	at java.awt.EventDispatchThread.run(EventDispatchThread.java:82)
Caused by: ptolemy.actor.ptalon.PtalonRuntimeException: Unable to add actor null
	at ptolemy.actor.ptalon.PtalonEvaluator.addActor(PtalonEvaluator.java:300)
	at ptolemy.actor.ptalon.PtalonPopulator.actor_declaration(PtalonPopulator.java:1574)
	at ptolemy.actor.ptalon.PtalonPopulator.atomic_statement(PtalonPopulator.java:1638)
	at ptolemy.actor.ptalon.PtalonPopulator.iterative_statement_evaluator(PtalonPopulator.java:2484)
	at ptolemy.actor.ptalon.AbstractPtalonEvaluator$IfTree.evaluateForScope(AbstractPtalonEvaluator.java:1307)
	at ptolemy.actor.ptalon.AbstractPtalonEvaluator.evaluateForScope(AbstractPtalonEvaluator.java:744)
	at ptolemy.actor.ptalon.PtalonPopulator.iterative_statement(PtalonPopulator.java:2363)
	at ptolemy.actor.ptalon.PtalonPopulator.actor_definition(PtalonPopulator.java:2809)
	at ptolemy.actor.ptalon.PtalonActor.attributeChanged(PtalonActor.java:206)
	... 48 more
Caused by: ptolemy.kernel.util.InternalErrorException: Element <entity name="sender1" class="ptolemy.actor.ptalon.demo.ptinyos.SendAndReceiveCnt.CntToLedsAndRfm"> caused an exception to be thrown.
  in .SendAndReceiveCnt.SendAndReceiveCnt
Because:
Cannot find class: ptolemy.actor.ptalon.demo.ptinyos.SendAndReceiveCnt.CntToLedsAndRfm. In Ptolemy, classes are typically Java .class files. Entities like actors may instead be defined within a .xml file.  In any case, the class was not found. If the class uses a third party package, then the class would be present only if the third party package was found at compile time.  It may be necessary to upgrade Java or install the third party package, reconfigure and recompile.
Because:
Element <entity name="MicaLeds" class="ptolemy.domains.ptinyos.lib.MicaLeds"> caused an exception to be thrown.
  in .CntToLedsAndRfm
Because:
Cannot find class: ptolemy.domains.ptinyos.lib.MicaLeds. In Ptolemy, classes are typically Java .class files. Entities like actors may instead be defined within a .xml file.  In any case, the class was not found. If the class uses a third party package, then the class would be present only if the third party package was found at compile time.  It may be necessary to upgrade Java or install the third party package, reconfigure and recompile.
Because:
-- /home/travis/build/icyphy/ptII/ptolemy/actor/ptalon/demo/ptinyos/SendAndReceiveCnt/ptolemy/domains/ptinyos/lib/MicaLeds.xml (No such file or directory)
-- XML file not found relative to classpath.
-- /home/travis/build/icyphy/ptII/ptolemy/vergil/basic/export/test/ptolemy/domains/ptinyos/lib/MicaLeds.xml
/home/travis/build/icyphy/ptII/ptolemy/vergil/basic/export/test/ptolemy/domains/ptinyos/lib/MicaLeds.xml (No such file or directory)
 in file:/home/travis/build/icyphy/ptII/ptolemy/actor/ptalon/demo/ptinyos/SendAndReceiveCnt/CntToLedsAndRfm.xml at line 132 and column 63
	at ptolemy.moml.SimpleErrorHandler.handleError(SimpleErrorHandler.java:75)
	at ptolemy.moml.MoMLParser.startElement(MoMLParser.java:3805)
	at com.microstar.xml.XmlParser.parseElement(XmlParser.java:931)
	at com.microstar.xml.XmlParser.parseDocument(XmlParser.java:481)
	at com.microstar.xml.XmlParser.doParse(XmlParser.java:159)
	at com.microstar.xml.XmlParser.parse(XmlParser.java:132)
	at ptolemy.moml.MoMLParser.parse(MoMLParser.java:1660)
	at ptolemy.moml.MoMLParser.parse(MoMLParser.java:1617)
	at ptolemy.moml.MoMLParser.parse(MoMLParser.java:1792)
	at ptolemy.actor.ptalon.PtalonEvaluator.addActor(PtalonEvaluator.java:241)
	... 56 more
Caused by: ptolemy.kernel.util.IllegalActionException: Cannot find class: ptolemy.actor.ptalon.demo.ptinyos.SendAndReceiveCnt.CntToLedsAndRfm. In Ptolemy, classes are typically Java .class files. Entities like actors may instead be defined within a .xml file.  In any case, the class was not found. If the class uses a third party package, then the class would be present only if the third party package was found at compile time.  It may be necessary to upgrade Java or install the third party package, reconfigure and recompile.
Because:
Element <entity name="MicaLeds" class="ptolemy.domains.ptinyos.lib.MicaLeds"> caused an exception to be thrown.
  in .CntToLedsAndRfm
Because:
Cannot find class: ptolemy.domains.ptinyos.lib.MicaLeds. In Ptolemy, classes are typically Java .class files. Entities like actors may instead be defined within a .xml file.  In any case, the class was not found. If the class uses a third party package, then the class would be present only if the third party package was found at compile time.  It may be necessary to upgrade Java or install the third party package, reconfigure and recompile.
Because:
-- /home/travis/build/icyphy/ptII/ptolemy/actor/ptalon/demo/ptinyos/SendAndReceiveCnt/ptolemy/domains/ptinyos/lib/MicaLeds.xml (No such file or directory)
-- XML file not found relative to classpath.
-- /home/travis/build/icyphy/ptII/ptolemy/vergil/basic/export/test/ptolemy/domains/ptinyos/lib/MicaLeds.xml
/home/travis/build/icyphy/ptII/ptolemy/vergil/basic/export/test/ptolemy/domains/ptinyos/lib/MicaLeds.xml (No such file or directory)
 in file:/home/travis/build/icyphy/ptII/ptolemy/actor/ptalon/demo/ptinyos/SendAndReceiveCnt/CntToLedsAndRfm.xml at line 132 and column 63
	at ptolemy.moml.MoMLParser._createEntity(MoMLParser.java:4330)
	at ptolemy.moml.MoMLParser.startElement(MoMLParser.java:2864)
	... 64 more
Caused by: ptolemy.kernel.util.InternalErrorException: Element <entity name="MicaLeds" class="ptolemy.domains.ptinyos.lib.MicaLeds"> caused an exception to be thrown.
  in .CntToLedsAndRfm
Because:
Cannot find class: ptolemy.domains.ptinyos.lib.MicaLeds. In Ptolemy, classes are typically Java .class files. Entities like actors may instead be defined within a .xml file.  In any case, the class was not found. If the class uses a third party package, then the class would be present only if the third party package was found at compile time.  It may be necessary to upgrade Java or install the third party package, reconfigure and recompile.
Because:
-- /home/travis/build/icyphy/ptII/ptolemy/actor/ptalon/demo/ptinyos/SendAndReceiveCnt/ptolemy/domains/ptinyos/lib/MicaLeds.xml (No such file or directory)
-- XML file not found relative to classpath.
-- /home/travis/build/icyphy/ptII/ptolemy/vergil/basic/export/test/ptolemy/domains/ptinyos/lib/MicaLeds.xml
/home/travis/build/icyphy/ptII/ptolemy/vergil/basic/export/test/ptolemy/domains/ptinyos/lib/MicaLeds.xml (No such file or directory)
 in file:/home/travis/build/icyphy/ptII/ptolemy/actor/ptalon/demo/ptinyos/SendAndReceiveCnt/CntToLedsAndRfm.xml at line 132 and column 63
	at ptolemy.moml.SimpleErrorHandler.handleError(SimpleErrorHandler.java:75)
	at ptolemy.moml.MoMLParser.startElement(MoMLParser.java:3805)
	at com.microstar.xml.XmlParser.parseElement(XmlParser.java:921)
	at com.microstar.xml.XmlParser.parseContent(XmlParser.java:1104)
	at com.microstar.xml.XmlParser.parseElement(XmlParser.java:924)
	at com.microstar.xml.XmlParser.parseDocument(XmlParser.java:481)
	at com.microstar.xml.XmlParser.doParse(XmlParser.java:159)
	at com.microstar.xml.XmlParser.parse(XmlParser.java:132)
	at ptolemy.moml.MoMLParser.parse(MoMLParser.java:1676)
	at ptolemy.moml.MoMLParser.parse(MoMLParser.java:1595)
	at ptolemy.moml.MoMLParser.parse(MoMLParser.java:1537)
	at ptolemy.moml.MoMLParser._findOrParse(MoMLParser.java:5286)
	at ptolemy.moml.MoMLParser._attemptToFindMoMLClass(MoMLParser.java:4075)
	at ptolemy.moml.MoMLParser._createEntity(MoMLParser.java:4323)
	... 65 more
Caused by: ptolemy.kernel.util.IllegalActionException: Cannot find class: ptolemy.domains.ptinyos.lib.MicaLeds. In Ptolemy, classes are typically Java .class files. Entities like actors may instead be defined within a .xml file.  In any case, the class was not found. If the class uses a third party package, then the class would be present only if the third party package was found at compile time.  It may be necessary to upgrade Java or install the third party package, reconfigure and recompile.
Because:
-- /home/travis/build/icyphy/ptII/ptolemy/actor/ptalon/demo/ptinyos/SendAndReceiveCnt/ptolemy/domains/ptinyos/lib/MicaLeds.xml (No such file or directory)
-- XML file not found relative to classpath.
-- /home/travis/build/icyphy/ptII/ptolemy/vergil/basic/export/test/ptolemy/domains/ptinyos/lib/MicaLeds.xml
/home/travis/build/icyphy/ptII/ptolemy/vergil/basic/export/test/ptolemy/domains/ptinyos/lib/MicaLeds.xml (No such file or directory)
 in file:/home/travis/build/icyphy/ptII/ptolemy/actor/ptalon/demo/ptinyos/SendAndReceiveCnt/CntToLedsAndRfm.xml at line 132 and column 63
	at ptolemy.moml.MoMLParser._createEntity(MoMLParser.java:4330)
	at ptolemy.moml.MoMLParser.startElement(MoMLParser.java:2864)
	... 77 more
Caused by: com.microstar.xml.XmlException: -- /home/travis/build/icyphy/ptII/ptolemy/actor/ptalon/demo/ptinyos/SendAndReceiveCnt/ptolemy/domains/ptinyos/lib/MicaLeds.xml (No such file or directory)
-- XML file not found relative to classpath.
-- /home/travis/build/icyphy/ptII/ptolemy/vergil/basic/export/test/ptolemy/domains/ptinyos/lib/MicaLeds.xml
/home/travis/build/icyphy/ptII/ptolemy/vergil/basic/export/test/ptolemy/domains/ptinyos/lib/MicaLeds.xml (No such file or directory)
 in file:/home/travis/build/icyphy/ptII/ptolemy/actor/ptalon/demo/ptinyos/SendAndReceiveCnt/CntToLedsAndRfm.xml at line 132 and column 63
	at ptolemy.moml.MoMLParser.fileNameToURL(MoMLParser.java:1414)
	at ptolemy.moml.MoMLParser._findOrParse(MoMLParser.java:5283)
	at ptolemy.moml.MoMLParser._attemptToFindMoMLClass(MoMLParser.java:4075)
	at ptolemy.moml.MoMLParser._createEntity(MoMLParser.java:4323)
	... 78 more
Caused by: ptolemy.actor.ptalon.PtalonRuntimeException: Unable to add actor null
	at ptolemy.actor.ptalon.PtalonEvaluator.addActor(PtalonEvaluator.java:300)
	at ptolemy.actor.ptalon.PtalonPopulator.actor_declaration(PtalonPopulator.java:1574)
	at ptolemy.actor.ptalon.PtalonPopulator.atomic_statement(PtalonPopulator.java:1638)
	at ptolemy.actor.ptalon.PtalonPopulator.iterative_statement_evaluator(PtalonPopulator.java:2484)
	at ptolemy.actor.ptalon.AbstractPtalonEvaluator$IfTree.evaluateForScope(AbstractPtalonEvaluator.java:1307)
	at ptolemy.actor.ptalon.AbstractPtalonEvaluator.evaluateForScope(AbstractPtalonEvaluator.java:744)
	at ptolemy.actor.ptalon.PtalonPopulator.iterative_statement(PtalonPopulator.java:2363)
	at ptolemy.actor.ptalon.PtalonPopulator.actor_definition(PtalonPopulator.java:2809)
	at ptolemy.actor.ptalon.PtalonActor.attributeChanged(PtalonActor.java:206)
	at ptolemy.actor.ptalon.PtalonMLHandler.startElement(PtalonMLHandler.java:134)
	at com.microstar.xml.XmlParser.parseElement(XmlParser.java:921)
	at com.microstar.xml.XmlParser.parseContent(XmlParser.java:1104)
	at com.microstar.xml.XmlParser.parseElement(XmlParser.java:924)
	at com.microstar.xml.XmlParser.parseDocument(XmlParser.java:481)
	at com.microstar.xml.XmlParser.doParse(XmlParser.java:159)
	at com.microstar.xml.XmlParser.parse(XmlParser.java:132)
	at ptolemy.actor.ptalon.PtalonActor.configure(PtalonActor.java:240)
	at ptolemy.moml.MoMLParser.endElement(MoMLParser.java:996)
	at com.microstar.xml.XmlParser.parseETag(XmlParser.java:1026)
	at com.microstar.xml.XmlParser.parseContent(XmlParser.java:1098)
	at com.microstar.xml.XmlParser.parseElement(XmlParser.java:924)
	at com.microstar.xml.XmlParser.parseContent(XmlParser.java:1104)
	at com.microstar.xml.XmlParser.parseElement(XmlParser.java:924)
	at com.microstar.xml.XmlParser.parseContent(XmlParser.java:1104)
	at com.microstar.xml.XmlParser.parseElement(XmlParser.java:924)
	at com.microstar.xml.XmlParser.parseDocument(XmlParser.java:481)
	at com.microstar.xml.XmlParser.doParse(XmlParser.java:159)
	at com.microstar.xml.XmlParser.parse(XmlParser.java:132)
	at ptolemy.moml.MoMLParser.parse(MoMLParser.java:1676)
	at ptolemy.moml.MoMLParser.parse(MoMLParser.java:1595)
	at ptolemy.moml.MoMLParser.parse(MoMLParser.java:1537)
	at ptolemy.actor.gui.PtolemyEffigy$Factory.createEffigy(PtolemyEffigy.java:424)
	at ptolemy.actor.gui.EffigyFactory.createEffigy(EffigyFactory.java:234)
	at ptolemy.actor.gui.Configuration.openModel(Configuration.java:1125)
	at ptolemy.actor.gui.Configuration.openModel(Configuration.java:1051)
	at ptolemy.actor.gui.ConfigurationApplication._openModel(ConfigurationApplication.java:1252)
	at ptolemy.actor.gui.ConfigurationApplication._parseArg(ConfigurationApplication.java:1399)
	at ptolemy.actor.gui.ConfigurationApplication._parseArgs(ConfigurationApplication.java:1478)
	at ptolemy.actor.gui.ConfigurationApplication.<init>(ConfigurationApplication.java:277)
	at ptolemy.actor.gui.ConfigurationApplication.<init>(ConfigurationApplication.java:214)
	at ptolemy.actor.gui.ConfigurationApplication.<init>(ConfigurationApplication.java:201)
	at ptolemy.actor.gui.ConfigurationApplication.openModelOrEntity(ConfigurationApplication.java:680)
	at ptolemy.vergil.basic.export.ExportModel$1.run(ExportModel.java:220)
	at java.awt.event.InvocationEvent.dispatch(InvocationEvent.java:301)
	at java.awt.EventQueue.dispatchEventImpl(EventQueue.java:756)
	at java.awt.EventQueue.access$500(EventQueue.java:97)
	at java.awt.EventQueue$3.run(EventQueue.java:709)
	at java.awt.EventQueue$3.run(EventQueue.java:703)
	at java.security.AccessController.doPrivileged(Native Method)
	at java.security.ProtectionDomain$JavaSecurityAccessImpl.doIntersectionPrivilege(ProtectionDomain.java:80)
	at java.awt.EventQueue.dispatchEvent(EventQueue.java:726)
	at java.awt.EventDispatchThread.pumpOneEventForFilters(EventDispatchThread.java:201)
	at java.awt.EventDispatchThread.pumpEventsForFilter(EventDispatchThread.java:116)
	at java.awt.EventDispatchThread.pumpEventsForHierarchy(EventDispatchThread.java:105)
	at java.awt.EventDispatchThread.pumpEvents(EventDispatchThread.java:101)
	at java.awt.EventDispatchThread.pumpEvents(EventDispatchThread.java:93)
	at java.awt.EventDispatchThread.run(EventDispatchThread.java:82)
Caused by: ptolemy.kernel.util.InternalErrorException: Element <entity name="sender1" class="ptolemy.actor.ptalon.demo.ptinyos.SendAndReceiveCnt.CntToLedsAndRfm"> caused an exception to be thrown.
  in .SendAndReceiveCnt.SendAndReceiveCnt
Because:
Cannot find class: ptolemy.actor.ptalon.demo.ptinyos.SendAndReceiveCnt.CntToLedsAndRfm. In Ptolemy, classes are typically Java .class files. Entities like actors may instead be defined within a .xml file.  In any case, the class was not found. If the class uses a third party package, then the class would be present only if the third party package was found at compile time.  It may be necessary to upgrade Java or install the third party package, reconfigure and recompile.
Because:
Element <entity name="MicaLeds" class="ptolemy.domains.ptinyos.lib.MicaLeds"> caused an exception to be thrown.
  in .CntToLedsAndRfm
Because:
Cannot find class: ptolemy.domains.ptinyos.lib.MicaLeds. In Ptolemy, classes are typically Java .class files. Entities like actors may instead be defined within a .xml file.  In any case, the class was not found. If the class uses a third party package, then the class would be present only if the third party package was found at compile time.  It may be necessary to upgrade Java or install the third party package, reconfigure and recompile.
Because:
-- /home/travis/build/icyphy/ptII/ptolemy/actor/ptalon/demo/ptinyos/SendAndReceiveCnt/ptolemy/domains/ptinyos/lib/MicaLeds.xml (No such file or directory)
-- XML file not found relative to classpath.
-- /home/travis/build/icyphy/ptII/ptolemy/vergil/basic/export/test/ptolemy/domains/ptinyos/lib/MicaLeds.xml
/home/travis/build/icyphy/ptII/ptolemy/vergil/basic/export/test/ptolemy/domains/ptinyos/lib/MicaLeds.xml (No such file or directory)
 in file:/home/travis/build/icyphy/ptII/ptolemy/actor/ptalon/demo/ptinyos/SendAndReceiveCnt/CntToLedsAndRfm.xml at line 132 and column 63
	at ptolemy.moml.SimpleErrorHandler.handleError(SimpleErrorHandler.java:75)
	at ptolemy.moml.MoMLParser.startElement(MoMLParser.java:3805)
	at com.microstar.xml.XmlParser.parseElement(XmlParser.java:931)
	at com.microstar.xml.XmlParser.parseDocument(XmlParser.java:481)
	at com.microstar.xml.XmlParser.doParse(XmlParser.java:159)
	at com.microstar.xml.XmlParser.parse(XmlParser.java:132)
	at ptolemy.moml.MoMLParser.parse(MoMLParser.java:1660)
	at ptolemy.moml.MoMLParser.parse(MoMLParser.java:1617)
	at ptolemy.moml.MoMLParser.parse(MoMLParser.java:1792)
	at ptolemy.actor.ptalon.PtalonEvaluator.addActor(PtalonEvaluator.java:241)
	... 56 more
Caused by: ptolemy.kernel.util.IllegalActionException: Cannot find class: ptolemy.actor.ptalon.demo.ptinyos.SendAndReceiveCnt.CntToLedsAndRfm. In Ptolemy, classes are typically Java .class files. Entities like actors may instead be defined within a .xml file.  In any case, the class was not found. If the class uses a third party package, then the class would be present only if the third party package was found at compile time.  It may be necessary to upgrade Java or install the third party package, reconfigure and recompile.
Because:
Element <entity name="MicaLeds" class="ptolemy.domains.ptinyos.lib.MicaLeds"> caused an exception to be thrown.
  in .CntToLedsAndRfm
Because:
Cannot find class: ptolemy.domains.ptinyos.lib.MicaLeds. In Ptolemy, classes are typically Java .class files. Entities like actors may instead be defined within a .xml file.  In any case, the class was not found. If the class uses a third party package, then the class would be present only if the third party package was found at compile time.  It may be necessary to upgrade Java or install the third party package, reconfigure and recompile.
Because:
-- /home/travis/build/icyphy/ptII/ptolemy/actor/ptalon/demo/ptinyos/SendAndReceiveCnt/ptolemy/domains/ptinyos/lib/MicaLeds.xml (No such file or directory)
-- XML file not found relative to classpath.
-- /home/travis/build/icyphy/ptII/ptolemy/vergil/basic/export/test/ptolemy/domains/ptinyos/lib/MicaLeds.xml
/home/travis/build/icyphy/ptII/ptolemy/vergil/basic/export/test/ptolemy/domains/ptinyos/lib/MicaLeds.xml (No such file or directory)
 in file:/home/travis/build/icyphy/ptII/ptolemy/actor/ptalon/demo/ptinyos/SendAndReceiveCnt/CntToLedsAndRfm.xml at line 132 and column 63
	at ptolemy.moml.MoMLParser._createEntity(MoMLParser.java:4330)
	at ptolemy.moml.MoMLParser.startElement(MoMLParser.java:2864)
	... 64 more
Caused by: ptolemy.kernel.util.InternalErrorException: Element <entity name="MicaLeds" class="ptolemy.domains.ptinyos.lib.MicaLeds"> caused an exception to be thrown.
  in .CntToLedsAndRfm
Because:
Cannot find class: ptolemy.domains.ptinyos.lib.MicaLeds. In Ptolemy, classes are typically Java .class files. Entities like actors may instead be defined within a .xml file.  In any case, the class was not found. If the class uses a third party package, then the class would be present only if the third party package was found at compile time.  It may be necessary to upgrade Java or install the third party package, reconfigure and recompile.
Because:
-- /home/travis/build/icyphy/ptII/ptolemy/actor/ptalon/demo/ptinyos/SendAndReceiveCnt/ptolemy/domains/ptinyos/lib/MicaLeds.xml (No such file or directory)
-- XML file not found relative to classpath.
-- /home/travis/build/icyphy/ptII/ptolemy/vergil/basic/export/test/ptolemy/domains/ptinyos/lib/MicaLeds.xml
/home/travis/build/icyphy/ptII/ptolemy/vergil/basic/export/test/ptolemy/domains/ptinyos/lib/MicaLeds.xml (No such file or directory)
 in file:/home/travis/build/icyphy/ptII/ptolemy/actor/ptalon/demo/ptinyos/SendAndReceiveCnt/CntToLedsAndRfm.xml at line 132 and column 63
	at ptolemy.moml.SimpleErrorHandler.handleError(SimpleErrorHandler.java:75)
	at ptolemy.moml.MoMLParser.startElement(MoMLParser.java:3805)
	at com.microstar.xml.XmlParser.parseElement(XmlParser.java:921)
	at com.microstar.xml.XmlParser.parseContent(XmlParser.java:1104)
	at com.microstar.xml.XmlParser.parseElement(XmlParser.java:924)
	at com.microstar.xml.XmlParser.parseDocument(XmlParser.java:481)
	at com.microstar.xml.XmlParser.doParse(XmlParser.java:159)
	at com.microstar.xml.XmlParser.parse(XmlParser.java:132)
	at ptolemy.moml.MoMLParser.parse(MoMLParser.java:1676)
	at ptolemy.moml.MoMLParser.parse(MoMLParser.java:1595)
	at ptolemy.moml.MoMLParser.parse(MoMLParser.java:1537)
	at ptolemy.moml.MoMLParser._findOrParse(MoMLParser.java:5286)
	at ptolemy.moml.MoMLParser._attemptToFindMoMLClass(MoMLParser.java:4075)
	at ptolemy.moml.MoMLParser._createEntity(MoMLParser.java:4323)
	... 65 more
Caused by: ptolemy.kernel.util.IllegalActionException: Cannot find class: ptolemy.domains.ptinyos.lib.MicaLeds. In Ptolemy, classes are typically Java .class files. Entities like actors may instead be defined within a .xml file.  In any case, the class was not found. If the class uses a third party package, then the class would be present only if the third party package was found at compile time.  It may be necessary to upgrade Java or install the third party package, reconfigure and recompile.
Because:
-- /home/travis/build/icyphy/ptII/ptolemy/actor/ptalon/demo/ptinyos/SendAndReceiveCnt/ptolemy/domains/ptinyos/lib/MicaLeds.xml (No such file or directory)
-- XML file not found relative to classpath.
-- /home/travis/build/icyphy/ptII/ptolemy/vergil/basic/export/test/ptolemy/domains/ptinyos/lib/MicaLeds.xml
/home/travis/build/icyphy/ptII/ptolemy/vergil/basic/export/test/ptolemy/domains/ptinyos/lib/MicaLeds.xml (No such file or directory)
 in file:/home/travis/build/icyphy/ptII/ptolemy/actor/ptalon/demo/ptinyos/SendAndReceiveCnt/CntToLedsAndRfm.xml at line 132 and column 63
	at ptolemy.moml.MoMLParser._createEntity(MoMLParser.java:4330)
	at ptolemy.moml.MoMLParser.startElement(MoMLParser.java:2864)
	... 77 more
Caused by: com.microstar.xml.XmlException: -- /home/travis/build/icyphy/ptII/ptolemy/actor/ptalon/demo/ptinyos/SendAndReceiveCnt/ptolemy/domains/ptinyos/lib/MicaLeds.xml (No such file or directory)
-- XML file not found relative to classpath.
-- /home/travis/build/icyphy/ptII/ptolemy/vergil/basic/export/test/ptolemy/domains/ptinyos/lib/MicaLeds.xml
/home/travis/build/icyphy/ptII/ptolemy/vergil/basic/export/test/ptolemy/domains/ptinyos/lib/MicaLeds.xml (No such file or directory)
 in file:/home/travis/build/icyphy/ptII/ptolemy/actor/ptalon/demo/ptinyos/SendAndReceiveCnt/CntToLedsAndRfm.xml at line 132 and column 63
	at ptolemy.moml.MoMLParser.fileNameToURL(MoMLParser.java:1414)
	at ptolemy.moml.MoMLParser._findOrParse(MoMLParser.java:5283)
	at ptolemy.moml.MoMLParser._attemptToFindMoMLClass(MoMLParser.java:4075)
	at ptolemy.moml.MoMLParser._createEntity(MoMLParser.java:4323)
	... 78 more
ptolemy.kernel.util.IllegalActionException: Failed to process attribute change to PtalonParameter, whose value is "ptolemy.actor.ptalon.PtalonExpressionParameter {.SendAndReceiveCnt.SendAndReceiveCnt.channelName} "AtomicWirelessChannel"".
  in .SendAndReceiveCnt.SendAndReceiveCnt
Because:
Unable to add actor null
	at ptolemy.actor.ptalon.PtalonActor.attributeChanged(PtalonActor.java:211)
	at ptolemy.actor.ptalon.PtalonMLHandler.startElement(PtalonMLHandler.java:134)
	at com.microstar.xml.XmlParser.parseElement(XmlParser.java:921)
	at com.microstar.xml.XmlParser.parseContent(XmlParser.java:1104)
	at com.microstar.xml.XmlParser.parseElement(XmlParser.java:924)
	at com.microstar.xml.XmlParser.parseDocument(XmlParser.java:481)
	at com.microstar.xml.XmlParser.doParse(XmlParser.java:159)
	at com.microstar.xml.XmlParser.parse(XmlParser.java:132)
	at ptolemy.actor.ptalon.PtalonActor.configure(PtalonActor.java:240)
	at ptolemy.moml.MoMLParser.endElement(MoMLParser.java:996)
	at com.microstar.xml.XmlParser.parseETag(XmlParser.java:1026)
	at com.microstar.xml.XmlParser.parseContent(XmlParser.java:1098)
	at com.microstar.xml.XmlParser.parseElement(XmlParser.java:924)
	at com.microstar.xml.XmlParser.parseContent(XmlParser.java:1104)
	at com.microstar.xml.XmlParser.parseElement(XmlParser.java:924)
	at com.microstar.xml.XmlParser.parseContent(XmlParser.java:1104)
	at com.microstar.xml.XmlParser.parseElement(XmlParser.java:924)
	at com.microstar.xml.XmlParser.parseDocument(XmlParser.java:481)
	at com.microstar.xml.XmlParser.doParse(XmlParser.java:159)
	at com.microstar.xml.XmlParser.parse(XmlParser.java:132)
	at ptolemy.moml.MoMLParser.parse(MoMLParser.java:1676)
	at ptolemy.moml.MoMLParser.parse(MoMLParser.java:1595)
	at ptolemy.moml.MoMLParser.parse(MoMLParser.java:1537)
	at ptolemy.actor.gui.PtolemyEffigy$Factory.createEffigy(PtolemyEffigy.java:424)
	at ptolemy.actor.gui.EffigyFactory.createEffigy(EffigyFactory.java:234)
	at ptolemy.actor.gui.Configuration.openModel(Configuration.java:1125)
	at ptolemy.actor.gui.Configuration.openModel(Configuration.java:1051)
	at ptolemy.actor.gui.ConfigurationApplication._openModel(ConfigurationApplication.java:1252)
	at ptolemy.actor.gui.ConfigurationApplication._parseArg(ConfigurationApplication.java:1399)
	at ptolemy.actor.gui.ConfigurationApplication._parseArgs(ConfigurationApplication.java:1478)
	at ptolemy.actor.gui.ConfigurationApplication.<init>(ConfigurationApplication.java:277)
	at ptolemy.actor.gui.ConfigurationApplication.<init>(ConfigurationApplication.java:214)
	at ptolemy.actor.gui.ConfigurationApplication.<init>(ConfigurationApplication.java:201)
	at ptolemy.actor.gui.ConfigurationApplication.openModelOrEntity(ConfigurationApplication.java:680)
	at ptolemy.vergil.basic.export.ExportModel$1.run(ExportModel.java:220)
	at java.awt.event.InvocationEvent.dispatch(InvocationEvent.java:301)
	at java.awt.EventQueue.dispatchEventImpl(EventQueue.java:756)
	at java.awt.EventQueue.access$500(EventQueue.java:97)
	at java.awt.EventQueue$3.run(EventQueue.java:709)
	at java.awt.EventQueue$3.run(EventQueue.java:703)
	at java.security.AccessController.doPrivileged(Native Method)
	at java.security.ProtectionDomain$JavaSecurityAccessImpl.doIntersectionPrivilege(ProtectionDomain.java:80)
	at java.awt.EventQueue.dispatchEvent(EventQueue.java:726)
	at java.awt.EventDispatchThread.pumpOneEventForFilters(EventDispatchThread.java:201)
	at java.awt.EventDispatchThread.pumpEventsForFilter(EventDispatchThread.java:116)
	at java.awt.EventDispatchThread.pumpEventsForHierarchy(EventDispatchThread.java:105)
	at java.awt.EventDispatchThread.pumpEvents(EventDispatchThread.java:101)
	at java.awt.EventDispatchThread.pumpEvents(EventDispatchThread.java:93)
	at java.awt.EventDispatchThread.run(EventDispatchThread.java:82)
Caused by: ptolemy.actor.ptalon.PtalonRuntimeException: Unable to add actor null
	at ptolemy.actor.ptalon.PtalonEvaluator.addActor(PtalonEvaluator.java:300)
	at ptolemy.actor.ptalon.PtalonPopulator.actor_declaration(PtalonPopulator.java:1574)
	at ptolemy.actor.ptalon.PtalonPopulator.atomic_statement(PtalonPopulator.java:1638)
	at ptolemy.actor.ptalon.PtalonPopulator.iterative_statement_evaluator(PtalonPopulator.java:2484)
	at ptolemy.actor.ptalon.AbstractPtalonEvaluator$IfTree.evaluateForScope(AbstractPtalonEvaluator.java:1307)
	at ptolemy.actor.ptalon.AbstractPtalonEvaluator.evaluateForScope(AbstractPtalonEvaluator.java:744)
	at ptolemy.actor.ptalon.PtalonPopulator.iterative_statement(PtalonPopulator.java:2363)
	at ptolemy.actor.ptalon.PtalonPopulator.actor_definition(PtalonPopulator.java:2809)
	at ptolemy.actor.ptalon.PtalonActor.attributeChanged(PtalonActor.java:206)
	... 48 more
Caused by: ptolemy.kernel.util.InternalErrorException: Element <entity name="sender1" class="ptolemy.actor.ptalon.demo.ptinyos.SendAndReceiveCnt.CntToLedsAndRfm"> caused an exception to be thrown.
  in .SendAndReceiveCnt.SendAndReceiveCnt
Because:
Cannot find class: ptolemy.actor.ptalon.demo.ptinyos.SendAndReceiveCnt.CntToLedsAndRfm. In Ptolemy, classes are typically Java .class files. Entities like actors may instead be defined within a .xml file.  In any case, the class was not found. If the class uses a third party package, then the class would be present only if the third party package was found at compile time.  It may be necessary to upgrade Java or install the third party package, reconfigure and recompile.
Because:
Element <entity name="MicaLeds" class="ptolemy.domains.ptinyos.lib.MicaLeds"> caused an exception to be thrown.
  in .CntToLedsAndRfm
Because:
Cannot find class: ptolemy.domains.ptinyos.lib.MicaLeds. In Ptolemy, classes are typically Java .class files. Entities like actors may instead be defined within a .xml file.  In any case, the class was not found. If the class uses a third party package, then the class would be present only if the third party package was found at compile time.  It may be necessary to upgrade Java or install the third party package, reconfigure and recompile.
Because:
-- /home/travis/build/icyphy/ptII/ptolemy/actor/ptalon/demo/ptinyos/SendAndReceiveCnt/ptolemy/domains/ptinyos/lib/MicaLeds.xml (No such file or directory)
-- XML file not found relative to classpath.
-- /home/travis/build/icyphy/ptII/ptolemy/vergil/basic/export/test/ptolemy/domains/ptinyos/lib/MicaLeds.xml
/home/travis/build/icyphy/ptII/ptolemy/vergil/basic/export/test/ptolemy/domains/ptinyos/lib/MicaLeds.xml (No such file or directory)
 in file:/home/travis/build/icyphy/ptII/ptolemy/actor/ptalon/demo/ptinyos/SendAndReceiveCnt/CntToLedsAndRfm.xml at line 132 and column 63
	at ptolemy.moml.SimpleErrorHandler.handleError(SimpleErrorHandler.java:75)
	at ptolemy.moml.MoMLParser.startElement(MoMLParser.java:3805)
	at com.microstar.xml.XmlParser.parseElement(XmlParser.java:931)
	at com.microstar.xml.XmlParser.parseDocument(XmlParser.java:481)
	at com.microstar.xml.XmlParser.doParse(XmlParser.java:159)
	at com.microstar.xml.XmlParser.parse(XmlParser.java:132)
	at ptolemy.moml.MoMLParser.parse(MoMLParser.java:1660)
	at ptolemy.moml.MoMLParser.parse(MoMLParser.java:1617)
	at ptolemy.moml.MoMLParser.parse(MoMLParser.java:1792)
	at ptolemy.actor.ptalon.PtalonEvaluator.addActor(PtalonEvaluator.java:241)
	... 56 more
Caused by: ptolemy.kernel.util.IllegalActionException: Cannot find class: ptolemy.actor.ptalon.demo.ptinyos.SendAndReceiveCnt.CntToLedsAndRfm. In Ptolemy, classes are typically Java .class files. Entities like actors may instead be defined within a .xml file.  In any case, the class was not found. If the class uses a third party package, then the class would be present only if the third party package was found at compile time.  It may be necessary to upgrade Java or install the third party package, reconfigure and recompile.
Because:
Element <entity name="MicaLeds" class="ptolemy.domains.ptinyos.lib.MicaLeds"> caused an exception to be thrown.
  in .CntToLedsAndRfm
Because:
Cannot find class: ptolemy.domains.ptinyos.lib.MicaLeds. In Ptolemy, classes are typically Java .class files. Entities like actors may instead be defined within a .xml file.  In any case, the class was not found. If the class uses a third party package, then the class would be present only if the third party package was found at compile time.  It may be necessary to upgrade Java or install the third party package, reconfigure and recompile.
Because:
-- /home/travis/build/icyphy/ptII/ptolemy/actor/ptalon/demo/ptinyos/SendAndReceiveCnt/ptolemy/domains/ptinyos/lib/MicaLeds.xml (No such file or directory)
-- XML file not found relative to classpath.
-- /home/travis/build/icyphy/ptII/ptolemy/vergil/basic/export/test/ptolemy/domains/ptinyos/lib/MicaLeds.xml
/home/travis/build/icyphy/ptII/ptolemy/vergil/basic/export/test/ptolemy/domains/ptinyos/lib/MicaLeds.xml (No such file or directory)
 in file:/home/travis/build/icyphy/ptII/ptolemy/actor/ptalon/demo/ptinyos/SendAndReceiveCnt/CntToLedsAndRfm.xml at line 132 and column 63
	at ptolemy.moml.MoMLParser._createEntity(MoMLParser.java:4330)
	at ptolemy.moml.MoMLParser.startElement(MoMLParser.java:2864)
	... 64 more
Caused by: ptolemy.kernel.util.InternalErrorException: Element <entity name="MicaLeds" class="ptolemy.domains.ptinyos.lib.MicaLeds"> caused an exception to be thrown.
  in .CntToLedsAndRfm
Because:
Cannot find class: ptolemy.domains.ptinyos.lib.MicaLeds. In Ptolemy, classes are typically Java .class files. Entities like actors may instead be defined within a .xml file.  In any case, the class was not found. If the class uses a third party package, then the class would be present only if the third party package was found at compile time.  It may be necessary to upgrade Java or install the third party package, reconfigure and recompile.
Because:
-- /home/travis/build/icyphy/ptII/ptolemy/actor/ptalon/demo/ptinyos/SendAndReceiveCnt/ptolemy/domains/ptinyos/lib/MicaLeds.xml (No such file or directory)
-- XML file not found relative to classpath.
-- /home/travis/build/icyphy/ptII/ptolemy/vergil/basic/export/test/ptolemy/domains/ptinyos/lib/MicaLeds.xml
/home/travis/build/icyphy/ptII/ptolemy/vergil/basic/export/test/ptolemy/domains/ptinyos/lib/MicaLeds.xml (No such file or directory)
 in file:/home/travis/build/icyphy/ptII/ptolemy/actor/ptalon/demo/ptinyos/SendAndReceiveCnt/CntToLedsAndRfm.xml at line 132 and column 63
	at ptolemy.moml.SimpleErrorHandler.handleError(SimpleErrorHandler.java:75)
	at ptolemy.moml.MoMLParser.startElement(MoMLParser.java:3805)
	at com.microstar.xml.XmlParser.parseElement(XmlParser.java:921)
	at com.microstar.xml.XmlParser.parseContent(XmlParser.java:1104)
	at com.microstar.xml.XmlParser.parseElement(XmlParser.java:924)
	at com.microstar.xml.XmlParser.parseDocument(XmlParser.java:481)
	at com.microstar.xml.XmlParser.doParse(XmlParser.java:159)
	at com.microstar.xml.XmlParser.parse(XmlParser.java:132)
	at ptolemy.moml.MoMLParser.parse(MoMLParser.java:1676)
	at ptolemy.moml.MoMLParser.parse(MoMLParser.java:1595)
	at ptolemy.moml.MoMLParser.parse(MoMLParser.java:1537)
	at ptolemy.moml.MoMLParser._findOrParse(MoMLParser.java:5286)
	at ptolemy.moml.MoMLParser._attemptToFindMoMLClass(MoMLParser.java:4075)
	at ptolemy.moml.MoMLParser._createEntity(MoMLParser.java:4323)
	... 65 more
Caused by: ptolemy.kernel.util.IllegalActionException: Cannot find class: ptolemy.domains.ptinyos.lib.MicaLeds. In Ptolemy, classes are typically Java .class files. Entities like actors may instead be defined within a .xml file.  In any case, the class was not found. If the class uses a third party package, then the class would be present only if the third party package was found at compile time.  It may be necessary to upgrade Java or install the third party package, reconfigure and recompile.
Because:
-- /home/travis/build/icyphy/ptII/ptolemy/actor/ptalon/demo/ptinyos/SendAndReceiveCnt/ptolemy/domains/ptinyos/lib/MicaLeds.xml (No such file or directory)
-- XML file not found relative to classpath.
-- /home/travis/build/icyphy/ptII/ptolemy/vergil/basic/export/test/ptolemy/domains/ptinyos/lib/MicaLeds.xml
/home/travis/build/icyphy/ptII/ptolemy/vergil/basic/export/test/ptolemy/domains/ptinyos/lib/MicaLeds.xml (No such file or directory)
 in file:/home/travis/build/icyphy/ptII/ptolemy/actor/ptalon/demo/ptinyos/SendAndReceiveCnt/CntToLedsAndRfm.xml at line 132 and column 63
	at ptolemy.moml.MoMLParser._createEntity(MoMLParser.java:4330)
	at ptolemy.moml.MoMLParser.startElement(MoMLParser.java:2864)
	... 77 more
Caused by: com.microstar.xml.XmlException: -- /home/travis/build/icyphy/ptII/ptolemy/actor/ptalon/demo/ptinyos/SendAndReceiveCnt/ptolemy/domains/ptinyos/lib/MicaLeds.xml (No such file or directory)
-- XML file not found relative to classpath.
-- /home/travis/build/icyphy/ptII/ptolemy/vergil/basic/export/test/ptolemy/domains/ptinyos/lib/MicaLeds.xml
/home/travis/build/icyphy/ptII/ptolemy/vergil/basic/export/test/ptolemy/domains/ptinyos/lib/MicaLeds.xml (No such file or directory)
 in file:/home/travis/build/icyphy/ptII/ptolemy/actor/ptalon/demo/ptinyos/SendAndReceiveCnt/CntToLedsAndRfm.xml at line 132 and column 63
	at ptolemy.moml.MoMLParser.fileNameToURL(MoMLParser.java:1414)
	at ptolemy.moml.MoMLParser._findOrParse(MoMLParser.java:5283)
	at ptolemy.moml.MoMLParser._attemptToFindMoMLClass(MoMLParser.java:4075)
	at ptolemy.moml.MoMLParser._createEntity(MoMLParser.java:4323)
	... 78 more
Caused by: ptolemy.actor.ptalon.PtalonRuntimeException: Unable to add actor null
	at ptolemy.actor.ptalon.PtalonEvaluator.addActor(PtalonEvaluator.java:300)
	at ptolemy.actor.ptalon.PtalonPopulator.actor_declaration(PtalonPopulator.java:1574)
	at ptolemy.actor.ptalon.PtalonPopulator.atomic_statement(PtalonPopulator.java:1638)
	at ptolemy.actor.ptalon.PtalonPopulator.iterative_statement_evaluator(PtalonPopulator.java:2484)
	at ptolemy.actor.ptalon.AbstractPtalonEvaluator$IfTree.evaluateForScope(AbstractPtalonEvaluator.java:1307)
	at ptolemy.actor.ptalon.AbstractPtalonEvaluator.evaluateForScope(AbstractPtalonEvaluator.java:744)
	at ptolemy.actor.ptalon.PtalonPopulator.iterative_statement(PtalonPopulator.java:2363)
	at ptolemy.actor.ptalon.PtalonPopulator.actor_definition(PtalonPopulator.java:2809)
	at ptolemy.actor.ptalon.PtalonActor.attributeChanged(PtalonActor.java:206)
	at ptolemy.actor.ptalon.PtalonMLHandler.startElement(PtalonMLHandler.java:134)
	at com.microstar.xml.XmlParser.parseElement(XmlParser.java:921)
	at com.microstar.xml.XmlParser.parseContent(XmlParser.java:1104)
	at com.microstar.xml.XmlParser.parseElement(XmlParser.java:924)
	at com.microstar.xml.XmlParser.parseDocument(XmlParser.java:481)
	at com.microstar.xml.XmlParser.doParse(XmlParser.java:159)
	at com.microstar.xml.XmlParser.parse(XmlParser.java:132)
	at ptolemy.actor.ptalon.PtalonActor.configure(PtalonActor.java:240)
	at ptolemy.moml.MoMLParser.endElement(MoMLParser.java:996)
	at com.microstar.xml.XmlParser.parseETag(XmlParser.java:1026)
	at com.microstar.xml.XmlParser.parseContent(XmlParser.java:1098)
	at com.microstar.xml.XmlParser.parseElement(XmlParser.java:924)
	at com.microstar.xml.XmlParser.parseContent(XmlParser.java:1104)
	at com.microstar.xml.XmlParser.parseElement(XmlParser.java:924)
	at com.microstar.xml.XmlParser.parseContent(XmlParser.java:1104)
	at com.microstar.xml.XmlParser.parseElement(XmlParser.java:924)
	at com.microstar.xml.XmlParser.parseDocument(XmlParser.java:481)
	at com.microstar.xml.XmlParser.doParse(XmlParser.java:159)
	at com.microstar.xml.XmlParser.parse(XmlParser.java:132)
	at ptolemy.moml.MoMLParser.parse(MoMLParser.java:1676)
	at ptolemy.moml.MoMLParser.parse(MoMLParser.java:1595)
	at ptolemy.moml.MoMLParser.parse(MoMLParser.java:1537)
	at ptolemy.actor.gui.PtolemyEffigy$Factory.createEffigy(PtolemyEffigy.java:424)
	at ptolemy.actor.gui.EffigyFactory.createEffigy(EffigyFactory.java:234)
	at ptolemy.actor.gui.Configuration.openModel(Configuration.java:1125)
	at ptolemy.actor.gui.Configuration.openModel(Configuration.java:1051)
	at ptolemy.actor.gui.ConfigurationApplication._openModel(ConfigurationApplication.java:1252)
	at ptolemy.actor.gui.ConfigurationApplication._parseArg(ConfigurationApplication.java:1399)
	at ptolemy.actor.gui.ConfigurationApplication._parseArgs(ConfigurationApplication.java:1478)
	at ptolemy.actor.gui.ConfigurationApplication.<init>(ConfigurationApplication.java:277)
	at ptolemy.actor.gui.ConfigurationApplication.<init>(ConfigurationApplication.java:214)
	at ptolemy.actor.gui.ConfigurationApplication.<init>(ConfigurationApplication.java:201)
	at ptolemy.actor.gui.ConfigurationApplication.openModelOrEntity(ConfigurationApplication.java:680)
	at ptolemy.vergil.basic.export.ExportModel$1.run(ExportModel.java:220)
	at java.awt.event.InvocationEvent.dispatch(InvocationEvent.java:301)
	at java.awt.EventQueue.dispatchEventImpl(EventQueue.java:756)
	at java.awt.EventQueue.access$500(EventQueue.java:97)
	at java.awt.EventQueue$3.run(EventQueue.java:709)
	at java.awt.EventQueue$3.run(EventQueue.java:703)
	at java.security.AccessController.doPrivileged(Native Method)
	at java.security.ProtectionDomain$JavaSecurityAccessImpl.doIntersectionPrivilege(ProtectionDomain.java:80)
	at java.awt.EventQueue.dispatchEvent(EventQueue.java:726)
	at java.awt.EventDispatchThread.pumpOneEventForFilters(EventDispatchThread.java:201)
	at java.awt.EventDispatchThread.pumpEventsForFilter(EventDispatchThread.java:116)
	at java.awt.EventDispatchThread.pumpEventsForHierarchy(EventDispatchThread.java:105)
	at java.awt.EventDispatchThread.pumpEvents(EventDispatchThread.java:101)
	at java.awt.EventDispatchThread.pumpEvents(EventDispatchThread.java:93)
	at java.awt.EventDispatchThread.run(EventDispatchThread.java:82)
Caused by: ptolemy.kernel.util.InternalErrorException: Element <entity name="sender1" class="ptolemy.actor.ptalon.demo.ptinyos.SendAndReceiveCnt.CntToLedsAndRfm"> caused an exception to be thrown.
  in .SendAndReceiveCnt.SendAndReceiveCnt
Because:
Cannot find class: ptolemy.actor.ptalon.demo.ptinyos.SendAndReceiveCnt.CntToLedsAndRfm. In Ptolemy, classes are typically Java .class files. Entities like actors may instead be defined within a .xml file.  In any case, the class was not found. If the class uses a third party package, then the class would be present only if the third party package was found at compile time.  It may be necessary to upgrade Java or install the third party package, reconfigure and recompile.
Because:
Element <entity name="MicaLeds" class="ptolemy.domains.ptinyos.lib.MicaLeds"> caused an exception to be thrown.
  in .CntToLedsAndRfm
Because:
Cannot find class: ptolemy.domains.ptinyos.lib.MicaLeds. In Ptolemy, classes are typically Java .class files. Entities like actors may instead be defined within a .xml file.  In any case, the class was not found. If the class uses a third party package, then the class would be present only if the third party package was found at compile time.  It may be necessary to upgrade Java or install the third party package, reconfigure and recompile.
Because:
-- /home/travis/build/icyphy/ptII/ptolemy/actor/ptalon/demo/ptinyos/SendAndReceiveCnt/ptolemy/domains/ptinyos/lib/MicaLeds.xml (No such file or directory)
-- XML file not found relative to classpath.
-- /home/travis/build/icyphy/ptII/ptolemy/vergil/basic/export/test/ptolemy/domains/ptinyos/lib/MicaLeds.xml
/home/travis/build/icyphy/ptII/ptolemy/vergil/basic/export/test/ptolemy/domains/ptinyos/lib/MicaLeds.xml (No such file or directory)
 in file:/home/travis/build/icyphy/ptII/ptolemy/actor/ptalon/demo/ptinyos/SendAndReceiveCnt/CntToLedsAndRfm.xml at line 132 and column 63
	at ptolemy.moml.SimpleErrorHandler.handleError(SimpleErrorHandler.java:75)
	at ptolemy.moml.MoMLParser.startElement(MoMLParser.java:3805)
	at com.microstar.xml.XmlParser.parseElement(XmlParser.java:931)
	at com.microstar.xml.XmlParser.parseDocument(XmlParser.java:481)
	at com.microstar.xml.XmlParser.doParse(XmlParser.java:159)
	at com.microstar.xml.XmlParser.parse(XmlParser.java:132)
	at ptolemy.moml.MoMLParser.parse(MoMLParser.java:1660)
	at ptolemy.moml.MoMLParser.parse(MoMLParser.java:1617)
	at ptolemy.moml.MoMLParser.parse(MoMLParser.java:1792)
	at ptolemy.actor.ptalon.PtalonEvaluator.addActor(PtalonEvaluator.java:241)
	... 56 more
Caused by: ptolemy.kernel.util.IllegalActionException: Cannot find class: ptolemy.actor.ptalon.demo.ptinyos.SendAndReceiveCnt.CntToLedsAndRfm. In Ptolemy, classes are typically Java .class files. Entities like actors may instead be defined within a .xml file.  In any case, the class was not found. If the class uses a third party package, then the class would be present only if the third party package was found at compile time.  It may be necessary to upgrade Java or install the third party package, reconfigure and recompile.
Because:
Element <entity name="MicaLeds" class="ptolemy.domains.ptinyos.lib.MicaLeds"> caused an exception to be thrown.
  in .CntToLedsAndRfm
Because:
Cannot find class: ptolemy.domains.ptinyos.lib.MicaLeds. In Ptolemy, classes are typically Java .class files. Entities like actors may instead be defined within a .xml file.  In any case, the class was not found. If the class uses a third party package, then the class would be present only if the third party package was found at compile time.  It may be necessary to upgrade Java or install the third party package, reconfigure and recompile.
Because:
-- /home/travis/build/icyphy/ptII/ptolemy/actor/ptalon/demo/ptinyos/SendAndReceiveCnt/ptolemy/domains/ptinyos/lib/MicaLeds.xml (No such file or directory)
-- XML file not found relative to classpath.
-- /home/travis/build/icyphy/ptII/ptolemy/vergil/basic/export/test/ptolemy/domains/ptinyos/lib/MicaLeds.xml
/home/travis/build/icyphy/ptII/ptolemy/vergil/basic/export/test/ptolemy/domains/ptinyos/lib/MicaLeds.xml (No such file or directory)
 in file:/home/travis/build/icyphy/ptII/ptolemy/actor/ptalon/demo/ptinyos/SendAndReceiveCnt/CntToLedsAndRfm.xml at line 132 and column 63
	at ptolemy.moml.MoMLParser._createEntity(MoMLParser.java:4330)
	at ptolemy.moml.MoMLParser.startElement(MoMLParser.java:2864)
	... 64 more
Caused by: ptolemy.kernel.util.InternalErrorException: Element <entity name="MicaLeds" class="ptolemy.domains.ptinyos.lib.MicaLeds"> caused an exception to be thrown.
  in .CntToLedsAndRfm
Because:
Cannot find class: ptolemy.domains.ptinyos.lib.MicaLeds. In Ptolemy, classes are typically Java .class files. Entities like actors may instead be defined within a .xml file.  In any case, the class was not found. If the class uses a third party package, then the class would be present only if the third party package was found at compile time.  It may be necessary to upgrade Java or install the third party package, reconfigure and recompile.
Because:
-- /home/travis/build/icyphy/ptII/ptolemy/actor/ptalon/demo/ptinyos/SendAndReceiveCnt/ptolemy/domains/ptinyos/lib/MicaLeds.xml (No such file or directory)
-- XML file not found relative to classpath.
-- /home/travis/build/icyphy/ptII/ptolemy/vergil/basic/export/test/ptolemy/domains/ptinyos/lib/MicaLeds.xml
/home/travis/build/icyphy/ptII/ptolemy/vergil/basic/export/test/ptolemy/domains/ptinyos/lib/MicaLeds.xml (No such file or directory)
 in file:/home/travis/build/icyphy/ptII/ptolemy/actor/ptalon/demo/ptinyos/SendAndReceiveCnt/CntToLedsAndRfm.xml at line 132 and column 63
	at ptolemy.moml.SimpleErrorHandler.handleError(SimpleErrorHandler.java:75)
	at ptolemy.moml.MoMLParser.startElement(MoMLParser.java:3805)
	at com.microstar.xml.XmlParser.parseElement(XmlParser.java:921)
	at com.microstar.xml.XmlParser.parseContent(XmlParser.java:1104)
	at com.microstar.xml.XmlParser.parseElement(XmlParser.java:924)
	at com.microstar.xml.XmlParser.parseDocument(XmlParser.java:481)
	at com.microstar.xml.XmlParser.doParse(XmlParser.java:159)
	at com.microstar.xml.XmlParser.parse(XmlParser.java:132)
	at ptolemy.moml.MoMLParser.parse(MoMLParser.java:1676)
	at ptolemy.moml.MoMLParser.parse(MoMLParser.java:1595)
	at ptolemy.moml.MoMLParser.parse(MoMLParser.java:1537)
	at ptolemy.moml.MoMLParser._findOrParse(MoMLParser.java:5286)
	at ptolemy.moml.MoMLParser._attemptToFindMoMLClass(MoMLParser.java:4075)
	at ptolemy.moml.MoMLParser._createEntity(MoMLParser.java:4323)
	... 65 more
Caused by: ptolemy.kernel.util.IllegalActionException: Cannot find class: ptolemy.domains.ptinyos.lib.MicaLeds. In Ptolemy, classes are typically Java .class files. Entities like actors may instead be defined within a .xml file.  In any case, the class was not found. If the class uses a third party package, then the class would be present only if the third party package was found at compile time.  It may be necessary to upgrade Java or install the third party package, reconfigure and recompile.
Because:
-- /home/travis/build/icyphy/ptII/ptolemy/actor/ptalon/demo/ptinyos/SendAndReceiveCnt/ptolemy/domains/ptinyos/lib/MicaLeds.xml (No such file or directory)
-- XML file not found relative to classpath.
-- /home/travis/build/icyphy/ptII/ptolemy/vergil/basic/export/test/ptolemy/domains/ptinyos/lib/MicaLeds.xml
/home/travis/build/icyphy/ptII/ptolemy/vergil/basic/export/test/ptolemy/domains/ptinyos/lib/MicaLeds.xml (No such file or directory)
 in file:/home/travis/build/icyphy/ptII/ptolemy/actor/ptalon/demo/ptinyos/SendAndReceiveCnt/CntToLedsAndRfm.xml at line 132 and column 63
	at ptolemy.moml.MoMLParser._createEntity(MoMLParser.java:4330)
	at ptolemy.moml.MoMLParser.startElement(MoMLParser.java:2864)
	... 77 more
Caused by: com.microstar.xml.XmlException: -- /home/travis/build/icyphy/ptII/ptolemy/actor/ptalon/demo/ptinyos/SendAndReceiveCnt/ptolemy/domains/ptinyos/lib/MicaLeds.xml (No such file or directory)
-- XML file not found relative to classpath.
-- /home/travis/build/icyphy/ptII/ptolemy/vergil/basic/export/test/ptolemy/domains/ptinyos/lib/MicaLeds.xml
/home/travis/build/icyphy/ptII/ptolemy/vergil/basic/export/test/ptolemy/domains/ptinyos/lib/MicaLeds.xml (No such file or directory)
 in file:/home/travis/build/icyphy/ptII/ptolemy/actor/ptalon/demo/ptinyos/SendAndReceiveCnt/CntToLedsAndRfm.xml at line 132 and column 63
	at ptolemy.moml.MoMLParser.fileNameToURL(MoMLParser.java:1414)
	at ptolemy.moml.MoMLParser._findOrParse(MoMLParser.java:5283)
	at ptolemy.moml.MoMLParser._attemptToFindMoMLClass(MoMLParser.java:4075)
	at ptolemy.moml.MoMLParser._createEntity(MoMLParser.java:4323)
	... 78 more
Failed to read file:/home/travis/build/icyphy/ptII/ptolemy/actor/ptalon/demo/ptinyos/SendAndReceiveCnt/SendAndReceiveCnt.xml
ptolemy.kernel.util.IllegalActionException: Failed to process attribute change to PtalonParameter, whose value is "ptolemy.actor.ptalon.PtalonExpressionParameter {.SendAndReceiveCnt.SendAndReceiveCnt.channelName} "AtomicWirelessChannel"".
  in .SendAndReceiveCnt.SendAndReceiveCnt
Because:
Unable to add actor null
	at ptolemy.actor.ptalon.PtalonActor.attributeChanged(PtalonActor.java:211)
	at ptolemy.actor.ptalon.PtalonMLHandler.startElement(PtalonMLHandler.java:134)
	at com.microstar.xml.XmlParser.parseElement(XmlParser.java:921)
	at com.microstar.xml.XmlParser.parseContent(XmlParser.java:1104)
	at com.microstar.xml.XmlParser.parseElement(XmlParser.java:924)
	at com.microstar.xml.XmlParser.parseDocument(XmlParser.java:481)
	at com.microstar.xml.XmlParser.doParse(XmlParser.java:159)
	at com.microstar.xml.XmlParser.parse(XmlParser.java:132)
	at ptolemy.actor.ptalon.PtalonActor.configure(PtalonActor.java:240)
	at ptolemy.moml.MoMLParser.endElement(MoMLParser.java:996)
	at com.microstar.xml.XmlParser.parseETag(XmlParser.java:1026)
	at com.microstar.xml.XmlParser.parseContent(XmlParser.java:1098)
	at com.microstar.xml.XmlParser.parseElement(XmlParser.java:924)
	at com.microstar.xml.XmlParser.parseContent(XmlParser.java:1104)
	at com.microstar.xml.XmlParser.parseElement(XmlParser.java:924)
	at com.microstar.xml.XmlParser.parseContent(XmlParser.java:1104)
	at com.microstar.xml.XmlParser.parseElement(XmlParser.java:924)
	at com.microstar.xml.XmlParser.parseDocument(XmlParser.java:481)
	at com.microstar.xml.XmlParser.doParse(XmlParser.java:159)
	at com.microstar.xml.XmlParser.parse(XmlParser.java:132)
	at ptolemy.moml.MoMLParser.parse(MoMLParser.java:1676)
	at ptolemy.moml.MoMLParser.parse(MoMLParser.java:1595)
	at ptolemy.moml.MoMLParser.parse(MoMLParser.java:1537)
	at ptolemy.actor.gui.PtolemyEffigy$Factory.createEffigy(PtolemyEffigy.java:424)
	at ptolemy.actor.gui.EffigyFactory.createEffigy(EffigyFactory.java:234)
	at ptolemy.actor.gui.Configuration.openModel(Configuration.java:1125)
	at ptolemy.actor.gui.Configuration.openModel(Configuration.java:1051)
	at ptolemy.actor.gui.ConfigurationApplication._openModel(ConfigurationApplication.java:1252)
	at ptolemy.actor.gui.ConfigurationApplication._parseArg(ConfigurationApplication.java:1399)
	at ptolemy.actor.gui.ConfigurationApplication._parseArgs(ConfigurationApplication.java:1478)
	at ptolemy.actor.gui.ConfigurationApplication.<init>(ConfigurationApplication.java:277)
	at ptolemy.actor.gui.ConfigurationApplication.<init>(ConfigurationApplication.java:214)
	at ptolemy.actor.gui.ConfigurationApplication.<init>(ConfigurationApplication.java:201)
	at ptolemy.actor.gui.ConfigurationApplication.openModelOrEntity(ConfigurationApplication.java:680)
	at ptolemy.vergil.basic.export.ExportModel$1.run(ExportModel.java:220)
	at java.awt.event.InvocationEvent.dispatch(InvocationEvent.java:301)
	at java.awt.EventQueue.dispatchEventImpl(EventQueue.java:756)
	at java.awt.EventQueue.access$500(EventQueue.java:97)
	at java.awt.EventQueue$3.run(EventQueue.java:709)
	at java.awt.EventQueue$3.run(EventQueue.java:703)
	at java.security.AccessController.doPrivileged(Native Method)
	at java.security.ProtectionDomain$JavaSecurityAccessImpl.doIntersectionPrivilege(ProtectionDomain.java:80)
	at java.awt.EventQueue.dispatchEvent(EventQueue.java:726)
	at java.awt.EventDispatchThread.pumpOneEventForFilters(EventDispatchThread.java:201)
	at java.awt.EventDispatchThread.pumpEventsForFilter(EventDispatchThread.java:116)
	at java.awt.EventDispatchThread.pumpEventsForHierarchy(EventDispatchThread.java:105)
	at java.awt.EventDispatchThread.pumpEvents(EventDispatchThread.java:101)
	at java.awt.EventDispatchThread.pumpEvents(EventDispatchThread.java:93)
	at java.awt.EventDispatchThread.run(EventDispatchThread.java:82)
Caused by: ptolemy.actor.ptalon.PtalonRuntimeException: Unable to add actor null
	at ptolemy.actor.ptalon.PtalonEvaluator.addActor(PtalonEvaluator.java:300)
	at ptolemy.actor.ptalon.PtalonPopulator.actor_declaration(PtalonPopulator.java:1574)
	at ptolemy.actor.ptalon.PtalonPopulator.atomic_statement(PtalonPopulator.java:1638)
	at ptolemy.actor.ptalon.PtalonPopulator.iterative_statement_evaluator(PtalonPopulator.java:2484)
	at ptolemy.actor.ptalon.AbstractPtalonEvaluator$IfTree.evaluateForScope(AbstractPtalonEvaluator.java:1307)
	at ptolemy.actor.ptalon.AbstractPtalonEvaluator.evaluateForScope(AbstractPtalonEvaluator.java:744)
	at ptolemy.actor.ptalon.PtalonPopulator.iterative_statement(PtalonPopulator.java:2363)
	at ptolemy.actor.ptalon.PtalonPopulator.actor_definition(PtalonPopulator.java:2809)
	at ptolemy.actor.ptalon.PtalonActor.attributeChanged(PtalonActor.java:206)
	... 48 more
Caused by: ptolemy.kernel.util.InternalErrorException: Element <entity name="sender1" class="ptolemy.actor.ptalon.demo.ptinyos.SendAndReceiveCnt.CntToLedsAndRfm"> caused an exception to be thrown.
  in .SendAndReceiveCnt.SendAndReceiveCnt
Because:
Cannot find class: ptolemy.actor.ptalon.demo.ptinyos.SendAndReceiveCnt.CntToLedsAndRfm. In Ptolemy, classes are typically Java .class files. Entities like actors may instead be defined within a .xml file.  In any case, the class was not found. If the class uses a third party package, then the class would be present only if the third party package was found at compile time.  It may be necessary to upgrade Java or install the third party package, reconfigure and recompile.
Because:
Element <entity name="MicaLeds" class="ptolemy.domains.ptinyos.lib.MicaLeds"> caused an exception to be thrown.
  in .CntToLedsAndRfm
Because:
Cannot find class: ptolemy.domains.ptinyos.lib.MicaLeds. In Ptolemy, classes are typically Java .class files. Entities like actors may instead be defined within a .xml file.  In any case, the class was not found. If the class uses a third party package, then the class would be present only if the third party package was found at compile time.  It may be necessary to upgrade Java or install the third party package, reconfigure and recompile.
Because:
-- /home/travis/build/icyphy/ptII/ptolemy/actor/ptalon/demo/ptinyos/SendAndReceiveCnt/ptolemy/domains/ptinyos/lib/MicaLeds.xml (No such file or directory)
-- XML file not found relative to classpath.
-- /home/travis/build/icyphy/ptII/ptolemy/vergil/basic/export/test/ptolemy/domains/ptinyos/lib/MicaLeds.xml
/home/travis/build/icyphy/ptII/ptolemy/vergil/basic/export/test/ptolemy/domains/ptinyos/lib/MicaLeds.xml (No such file or directory)
 in file:/home/travis/build/icyphy/ptII/ptolemy/actor/ptalon/demo/ptinyos/SendAndReceiveCnt/CntToLedsAndRfm.xml at line 132 and column 63
	at ptolemy.moml.SimpleErrorHandler.handleError(SimpleErrorHandler.java:75)
	at ptolemy.moml.MoMLParser.startElement(MoMLParser.java:3805)
	at com.microstar.xml.XmlParser.parseElement(XmlParser.java:931)
	at com.microstar.xml.XmlParser.parseDocument(XmlParser.java:481)
	at com.microstar.xml.XmlParser.doParse(XmlParser.java:159)
	at com.microstar.xml.XmlParser.parse(XmlParser.java:132)
	at ptolemy.moml.MoMLParser.parse(MoMLParser.java:1660)
	at ptolemy.moml.MoMLParser.parse(MoMLParser.java:1617)
	at ptolemy.moml.MoMLParser.parse(MoMLParser.java:1792)
	at ptolemy.actor.ptalon.PtalonEvaluator.addActor(PtalonEvaluator.java:241)
	... 56 more
Caused by: ptolemy.kernel.util.IllegalActionException: Cannot find class: ptolemy.actor.ptalon.demo.ptinyos.SendAndReceiveCnt.CntToLedsAndRfm. In Ptolemy, classes are typically Java .class files. Entities like actors may instead be defined within a .xml file.  In any case, the class was not found. If the class uses a third party package, then the class would be present only if the third party package was found at compile time.  It may be necessary to upgrade Java or install the third party package, reconfigure and recompile.
Because:
Element <entity name="MicaLeds" class="ptolemy.domains.ptinyos.lib.MicaLeds"> caused an exception to be thrown.
  in .CntToLedsAndRfm
Because:
Cannot find class: ptolemy.domains.ptinyos.lib.MicaLeds. In Ptolemy, classes are typically Java .class files. Entities like actors may instead be defined within a .xml file.  In any case, the class was not found. If the class uses a third party package, then the class would be present only if the third party package was found at compile time.  It may be necessary to upgrade Java or install the third party package, reconfigure and recompile.
Because:
-- /home/travis/build/icyphy/ptII/ptolemy/actor/ptalon/demo/ptinyos/SendAndReceiveCnt/ptolemy/domains/ptinyos/lib/MicaLeds.xml (No such file or directory)
-- XML file not found relative to classpath.
-- /home/travis/build/icyphy/ptII/ptolemy/vergil/basic/export/test/ptolemy/domains/ptinyos/lib/MicaLeds.xml
/home/travis/build/icyphy/ptII/ptolemy/vergil/basic/export/test/ptolemy/domains/ptinyos/lib/MicaLeds.xml (No such file or directory)
 in file:/home/travis/build/icyphy/ptII/ptolemy/actor/ptalon/demo/ptinyos/SendAndReceiveCnt/CntToLedsAndRfm.xml at line 132 and column 63
	at ptolemy.moml.MoMLParser._createEntity(MoMLParser.java:4330)
	at ptolemy.moml.MoMLParser.startElement(MoMLParser.java:2864)
	... 64 more
Caused by: ptolemy.kernel.util.InternalErrorException: Element <entity name="MicaLeds" class="ptolemy.domains.ptinyos.lib.MicaLeds"> caused an exception to be thrown.
  in .CntToLedsAndRfm
Because:
Cannot find class: ptolemy.domains.ptinyos.lib.MicaLeds. In Ptolemy, classes are typically Java .class files. Entities like actors may instead be defined within a .xml file.  In any case, the class was not found. If the class uses a third party package, then the class would be present only if the third party package was found at compile time.  It may be necessary to upgrade Java or install the third party package, reconfigure and recompile.
Because:
-- /home/travis/build/icyphy/ptII/ptolemy/actor/ptalon/demo/ptinyos/SendAndReceiveCnt/ptolemy/domains/ptinyos/lib/MicaLeds.xml (No such file or directory)
-- XML file not found relative to classpath.
-- /home/travis/build/icyphy/ptII/ptolemy/vergil/basic/export/test/ptolemy/domains/ptinyos/lib/MicaLeds.xml
/home/travis/build/icyphy/ptII/ptolemy/vergil/basic/export/test/ptolemy/domains/ptinyos/lib/MicaLeds.xml (No such file or directory)
 in file:/home/travis/build/icyphy/ptII/ptolemy/actor/ptalon/demo/ptinyos/SendAndReceiveCnt/CntToLedsAndRfm.xml at line 132 and column 63
	at ptolemy.moml.SimpleErrorHandler.handleError(SimpleErrorHandler.java:75)
	at ptolemy.moml.MoMLParser.startElement(MoMLParser.java:3805)
	at com.microstar.xml.XmlParser.parseElement(XmlParser.java:921)
	at com.microstar.xml.XmlParser.parseContent(XmlParser.java:1104)
	at com.microstar.xml.XmlParser.parseElement(XmlParser.java:924)
	at com.microstar.xml.XmlParser.parseDocument(XmlParser.java:481)
	at com.microstar.xml.XmlParser.doParse(XmlParser.java:159)
	at com.microstar.xml.XmlParser.parse(XmlParser.java:132)
	at ptolemy.moml.MoMLParser.parse(MoMLParser.java:1676)
	at ptolemy.moml.MoMLParser.parse(MoMLParser.java:1595)
	at ptolemy.moml.MoMLParser.parse(MoMLParser.java:1537)
	at ptolemy.moml.MoMLParser._findOrParse(MoMLParser.java:5286)
	at ptolemy.moml.MoMLParser._attemptToFindMoMLClass(MoMLParser.java:4075)
	at ptolemy.moml.MoMLParser._createEntity(MoMLParser.java:4323)
	... 65 more
Caused by: ptolemy.kernel.util.IllegalActionException: Cannot find class: ptolemy.domains.ptinyos.lib.MicaLeds. In Ptolemy, classes are typically Java .class files. Entities like actors may instead be defined within a .xml file.  In any case, the class was not found. If the class uses a third party package, then the class would be present only if the third party package was found at compile time.  It may be necessary to upgrade Java or install the third party package, reconfigure and recompile.
Because:
-- /home/travis/build/icyphy/ptII/ptolemy/actor/ptalon/demo/ptinyos/SendAndReceiveCnt/ptolemy/domains/ptinyos/lib/MicaLeds.xml (No such file or directory)
-- XML file not found relative to classpath.
-- /home/travis/build/icyphy/ptII/ptolemy/vergil/basic/export/test/ptolemy/domains/ptinyos/lib/MicaLeds.xml
/home/travis/build/icyphy/ptII/ptolemy/vergil/basic/export/test/ptolemy/domains/ptinyos/lib/MicaLeds.xml (No such file or directory)
 in file:/home/travis/build/icyphy/ptII/ptolemy/actor/ptalon/demo/ptinyos/SendAndReceiveCnt/CntToLedsAndRfm.xml at line 132 and column 63
	at ptolemy.moml.MoMLParser._createEntity(MoMLParser.java:4330)
	at ptolemy.moml.MoMLParser.startElement(MoMLParser.java:2864)
	... 77 more
Caused by: com.microstar.xml.XmlException: -- /home/travis/build/icyphy/ptII/ptolemy/actor/ptalon/demo/ptinyos/SendAndReceiveCnt/ptolemy/domains/ptinyos/lib/MicaLeds.xml (No such file or directory)
-- XML file not found relative to classpath.
-- /home/travis/build/icyphy/ptII/ptolemy/vergil/basic/export/test/ptolemy/domains/ptinyos/lib/MicaLeds.xml
/home/travis/build/icyphy/ptII/ptolemy/vergil/basic/export/test/ptolemy/domains/ptinyos/lib/MicaLeds.xml (No such file or directory)
 in file:/home/travis/build/icyphy/ptII/ptolemy/actor/ptalon/demo/ptinyos/SendAndReceiveCnt/CntToLedsAndRfm.xml at line 132 and column 63
	at ptolemy.moml.MoMLParser.fileNameToURL(MoMLParser.java:1414)
	at ptolemy.moml.MoMLParser._findOrParse(MoMLParser.java:5283)
	at ptolemy.moml.MoMLParser._attemptToFindMoMLClass(MoMLParser.java:4075)
	at ptolemy.moml.MoMLParser._createEntity(MoMLParser.java:4323)
	... 78 more
Caused by: ptolemy.actor.ptalon.PtalonRuntimeException: Unable to add actor null
	at ptolemy.actor.ptalon.PtalonEvaluator.addActor(PtalonEvaluator.java:300)
	at ptolemy.actor.ptalon.PtalonPopulator.actor_declaration(PtalonPopulator.java:1574)
	at ptolemy.actor.ptalon.PtalonPopulator.atomic_statement(PtalonPopulator.java:1638)
	at ptolemy.actor.ptalon.PtalonPopulator.iterative_statement_evaluator(PtalonPopulator.java:2484)
	at ptolemy.actor.ptalon.AbstractPtalonEvaluator$IfTree.evaluateForScope(AbstractPtalonEvaluator.java:1307)
	at ptolemy.actor.ptalon.AbstractPtalonEvaluator.evaluateForScope(AbstractPtalonEvaluator.java:744)
	at ptolemy.actor.ptalon.PtalonPopulator.iterative_statement(PtalonPopulator.java:2363)
	at ptolemy.actor.ptalon.PtalonPopulator.actor_definition(PtalonPopulator.java:2809)
	at ptolemy.actor.ptalon.PtalonActor.attributeChanged(PtalonActor.java:206)
	at ptolemy.actor.ptalon.PtalonMLHandler.startElement(PtalonMLHandler.java:134)
	at com.microstar.xml.XmlParser.parseElement(XmlParser.java:921)
	at com.microstar.xml.XmlParser.parseContent(XmlParser.java:1104)
	at com.microstar.xml.XmlParser.parseElement(XmlParser.java:924)
	at com.microstar.xml.XmlParser.parseDocument(XmlParser.java:481)
	at com.microstar.xml.XmlParser.doParse(XmlParser.java:159)
	at com.microstar.xml.XmlParser.parse(XmlParser.java:132)
	at ptolemy.actor.ptalon.PtalonActor.configure(PtalonActor.java:240)
	at ptolemy.moml.MoMLParser.endElement(MoMLParser.java:996)
	at com.microstar.xml.XmlParser.parseETag(XmlParser.java:1026)
	at com.microstar.xml.XmlParser.parseContent(XmlParser.java:1098)
	at com.microstar.xml.XmlParser.parseElement(XmlParser.java:924)
	at com.microstar.xml.XmlParser.parseContent(XmlParser.java:1104)
	at com.microstar.xml.XmlParser.parseElement(XmlParser.java:924)
	at com.microstar.xml.XmlParser.parseContent(XmlParser.java:1104)
	at com.microstar.xml.XmlParser.parseElement(XmlParser.java:924)
	at com.microstar.xml.XmlParser.parseDocument(XmlParser.java:481)
	at com.microstar.xml.XmlParser.doParse(XmlParser.java:159)
	at com.microstar.xml.XmlParser.parse(XmlParser.java:132)
	at ptolemy.moml.MoMLParser.parse(MoMLParser.java:1676)
	at ptolemy.moml.MoMLParser.parse(MoMLParser.java:1595)
	at ptolemy.moml.MoMLParser.parse(MoMLParser.java:1537)
	at ptolemy.actor.gui.PtolemyEffigy$Factory.createEffigy(PtolemyEffigy.java:424)
	at ptolemy.actor.gui.EffigyFactory.createEffigy(EffigyFactory.java:234)
	at ptolemy.actor.gui.Configuration.openModel(Configuration.java:1125)
	at ptolemy.actor.gui.Configuration.openModel(Configuration.java:1051)
	at ptolemy.actor.gui.ConfigurationApplication._openModel(ConfigurationApplication.java:1252)
	at ptolemy.actor.gui.ConfigurationApplication._parseArg(ConfigurationApplication.java:1399)
	at ptolemy.actor.gui.ConfigurationApplication._parseArgs(ConfigurationApplication.java:1478)
	at ptolemy.actor.gui.ConfigurationApplication.<init>(ConfigurationApplication.java:277)
	at ptolemy.actor.gui.ConfigurationApplication.<init>(ConfigurationApplication.java:214)
	at ptolemy.actor.gui.ConfigurationApplication.<init>(ConfigurationApplication.java:201)
	at ptolemy.actor.gui.ConfigurationApplication.openModelOrEntity(ConfigurationApplication.java:680)
	at ptolemy.vergil.basic.export.ExportModel$1.run(ExportModel.java:220)
	at java.awt.event.InvocationEvent.dispatch(InvocationEvent.java:301)
	at java.awt.EventQueue.dispatchEventImpl(EventQueue.java:756)
	at java.awt.EventQueue.access$500(EventQueue.java:97)
	at java.awt.EventQueue$3.run(EventQueue.java:709)
	at java.awt.EventQueue$3.run(EventQueue.java:703)
	at java.security.AccessController.doPrivileged(Native Method)
	at java.security.ProtectionDomain$JavaSecurityAccessImpl.doIntersectionPrivilege(ProtectionDomain.java:80)
	at java.awt.EventQueue.dispatchEvent(EventQueue.java:726)
	at java.awt.EventDispatchThread.pumpOneEventForFilters(EventDispatchThread.java:201)
	at java.awt.EventDispatchThread.pumpEventsForFilter(EventDispatchThread.java:116)
	at java.awt.EventDispatchThread.pumpEventsForHierarchy(EventDispatchThread.java:105)
	at java.awt.EventDispatchThread.pumpEvents(EventDispatchThread.java:101)
	at java.awt.EventDispatchThread.pumpEvents(EventDispatchThread.java:93)
	at java.awt.EventDispatchThread.run(EventDispatchThread.java:82)
Caused by: ptolemy.kernel.util.InternalErrorException: Element <entity name="sender1" class="ptolemy.actor.ptalon.demo.ptinyos.SendAndReceiveCnt.CntToLedsAndRfm"> caused an exception to be thrown.
  in .SendAndReceiveCnt.SendAndReceiveCnt
Because:
Cannot find class: ptolemy.actor.ptalon.demo.ptinyos.SendAndReceiveCnt.CntToLedsAndRfm. In Ptolemy, classes are typically Java .class files. Entities like actors may instead be defined within a .xml file.  In any case, the class was not found. If the class uses a third party package, then the class would be present only if the third party package was found at compile time.  It may be necessary to upgrade Java or install the third party package, reconfigure and recompile.
Because:
Element <entity name="MicaLeds" class="ptolemy.domains.ptinyos.lib.MicaLeds"> caused an exception to be thrown.
  in .CntToLedsAndRfm
Because:
Cannot find class: ptolemy.domains.ptinyos.lib.MicaLeds. In Ptolemy, classes are typically Java .class files. Entities like actors may instead be defined within a .xml file.  In any case, the class was not found. If the class uses a third party package, then the class would be present only if the third party package was found at compile time.  It may be necessary to upgrade Java or install the third party package, reconfigure and recompile.
Because:
-- /home/travis/build/icyphy/ptII/ptolemy/actor/ptalon/demo/ptinyos/SendAndReceiveCnt/ptolemy/domains/ptinyos/lib/MicaLeds.xml (No such file or directory)
-- XML file not found relative to classpath.
-- /home/travis/build/icyphy/ptII/ptolemy/vergil/basic/export/test/ptolemy/domains/ptinyos/lib/MicaLeds.xml
/home/travis/build/icyphy/ptII/ptolemy/vergil/basic/export/test/ptolemy/domains/ptinyos/lib/MicaLeds.xml (No such file or directory)
 in file:/home/travis/build/icyphy/ptII/ptolemy/actor/ptalon/demo/ptinyos/SendAndReceiveCnt/CntToLedsAndRfm.xml at line 132 and column 63
	at ptolemy.moml.SimpleErrorHandler.handleError(SimpleErrorHandler.java:75)
	at ptolemy.moml.MoMLParser.startElement(MoMLParser.java:3805)
	at com.microstar.xml.XmlParser.parseElement(XmlParser.java:931)
	at com.microstar.xml.XmlParser.parseDocument(XmlParser.java:481)
	at com.microstar.xml.XmlParser.doParse(XmlParser.java:159)
	at com.microstar.xml.XmlParser.parse(XmlParser.java:132)
	at ptolemy.moml.MoMLParser.parse(MoMLParser.java:1660)
	at ptolemy.moml.MoMLParser.parse(MoMLParser.java:1617)
	at ptolemy.moml.MoMLParser.parse(MoMLParser.java:1792)
	at ptolemy.actor.ptalon.PtalonEvaluator.addActor(PtalonEvaluator.java:241)
	... 56 more
Caused by: ptolemy.kernel.util.IllegalActionException: Cannot find class: ptolemy.actor.ptalon.demo.ptinyos.SendAndReceiveCnt.CntToLedsAndRfm. In Ptolemy, classes are typically Java .class files. Entities like actors may instead be defined within a .xml file.  In any case, the class was not found. If the class uses a third party package, then the class would be present only if the third party package was found at compile time.  It may be necessary to upgrade Java or install the third party package, reconfigure and recompile.
Because:
Element <entity name="MicaLeds" class="ptolemy.domains.ptinyos.lib.MicaLeds"> caused an exception to be thrown.
  in .CntToLedsAndRfm
Because:
Cannot find class: ptolemy.domains.ptinyos.lib.MicaLeds. In Ptolemy, classes are typically Java .class files. Entities like actors may instead be defined within a .xml file.  In any case, the class was not found. If the class uses a third party package, then the class would be present only if the third party package was found at compile time.  It may be necessary to upgrade Java or install the third party package, reconfigure and recompile.
Because:
-- /home/travis/build/icyphy/ptII/ptolemy/actor/ptalon/demo/ptinyos/SendAndReceiveCnt/ptolemy/domains/ptinyos/lib/MicaLeds.xml (No such file or directory)
-- XML file not found relative to classpath.
-- /home/travis/build/icyphy/ptII/ptolemy/vergil/basic/export/test/ptolemy/domains/ptinyos/lib/MicaLeds.xml
/home/travis/build/icyphy/ptII/ptolemy/vergil/basic/export/test/ptolemy/domains/ptinyos/lib/MicaLeds.xml (No such file or directory)
 in file:/home/travis/build/icyphy/ptII/ptolemy/actor/ptalon/demo/ptinyos/SendAndReceiveCnt/CntToLedsAndRfm.xml at line 132 and column 63
	at ptolemy.moml.MoMLParser._createEntity(MoMLParser.java:4330)
	at ptolemy.moml.MoMLParser.startElement(MoMLParser.java:2864)
	... 64 more
Caused by: ptolemy.kernel.util.InternalErrorException: Element <entity name="MicaLeds" class="ptolemy.domains.ptinyos.lib.MicaLeds"> caused an exception to be thrown.
  in .CntToLedsAndRfm
Because:
Cannot find class: ptolemy.domains.ptinyos.lib.MicaLeds. In Ptolemy, classes are typically Java .class files. Entities like actors may instead be defined within a .xml file.  In any case, the class was not found. If the class uses a third party package, then the class would be present only if the third party package was found at compile time.  It may be necessary to upgrade Java or install the third party package, reconfigure and recompile.
Because:
-- /home/travis/build/icyphy/ptII/ptolemy/actor/ptalon/demo/ptinyos/SendAndReceiveCnt/ptolemy/domains/ptinyos/lib/MicaLeds.xml (No such file or directory)
-- XML file not found relative to classpath.
-- /home/travis/build/icyphy/ptII/ptolemy/vergil/basic/export/test/ptolemy/domains/ptinyos/lib/MicaLeds.xml
/home/travis/build/icyphy/ptII/ptolemy/vergil/basic/export/test/ptolemy/domains/ptinyos/lib/MicaLeds.xml (No such file or directory)
 in file:/home/travis/build/icyphy/ptII/ptolemy/actor/ptalon/demo/ptinyos/SendAndReceiveCnt/CntToLedsAndRfm.xml at line 132 and column 63
	at ptolemy.moml.SimpleErrorHandler.handleError(SimpleErrorHandler.java:75)
	at ptolemy.moml.MoMLParser.startElement(MoMLParser.java:3805)
	at com.microstar.xml.XmlParser.parseElement(XmlParser.java:921)
	at com.microstar.xml.XmlParser.parseContent(XmlParser.java:1104)
	at com.microstar.xml.XmlParser.parseElement(XmlParser.java:924)
	at com.microstar.xml.XmlParser.parseDocument(XmlParser.java:481)
	at com.microstar.xml.XmlParser.doParse(XmlParser.java:159)
	at com.microstar.xml.XmlParser.parse(XmlParser.java:132)
	at ptolemy.moml.MoMLParser.parse(MoMLParser.java:1676)
	at ptolemy.moml.MoMLParser.parse(MoMLParser.java:1595)
	at ptolemy.moml.MoMLParser.parse(MoMLParser.java:1537)
	at ptolemy.moml.MoMLParser._findOrParse(MoMLParser.java:5286)
	at ptolemy.moml.MoMLParser._attemptToFindMoMLClass(MoMLParser.java:4075)
	at ptolemy.moml.MoMLParser._createEntity(MoMLParser.java:4323)
	... 65 more
Caused by: ptolemy.kernel.util.IllegalActionException: Cannot find class: ptolemy.domains.ptinyos.lib.MicaLeds. In Ptolemy, classes are typically Java .class files. Entities like actors may instead be defined within a .xml file.  In any case, the class was not found. If the class uses a third party package, then the class would be present only if the third party package was found at compile time.  It may be necessary to upgrade Java or install the third party package, reconfigure and recompile.
Because:
-- /home/travis/build/icyphy/ptII/ptolemy/actor/ptalon/demo/ptinyos/SendAndReceiveCnt/ptolemy/domains/ptinyos/lib/MicaLeds.xml (No such file or directory)
-- XML file not found relative to classpath.
-- /home/travis/build/icyphy/ptII/ptolemy/vergil/basic/export/test/ptolemy/domains/ptinyos/lib/MicaLeds.xml
/home/travis/build/icyphy/ptII/ptolemy/vergil/basic/export/test/ptolemy/domains/ptinyos/lib/MicaLeds.xml (No such file or directory)
 in file:/home/travis/build/icyphy/ptII/ptolemy/actor/ptalon/demo/ptinyos/SendAndReceiveCnt/CntToLedsAndRfm.xml at line 132 and column 63
	at ptolemy.moml.MoMLParser._createEntity(MoMLParser.java:4330)
	at ptolemy.moml.MoMLParser.startElement(MoMLParser.java:2864)
	... 77 more
Caused by: com.microstar.xml.XmlException: -- /home/travis/build/icyphy/ptII/ptolemy/actor/ptalon/demo/ptinyos/SendAndReceiveCnt/ptolemy/domains/ptinyos/lib/MicaLeds.xml (No such file or directory)
-- XML file not found relative to classpath.
-- /home/travis/build/icyphy/ptII/ptolemy/vergil/basic/export/test/ptolemy/domains/ptinyos/lib/MicaLeds.xml
/home/travis/build/icyphy/ptII/ptolemy/vergil/basic/export/test/ptolemy/domains/ptinyos/lib/MicaLeds.xml (No such file or directory)
 in file:/home/travis/build/icyphy/ptII/ptolemy/actor/ptalon/demo/ptinyos/SendAndReceiveCnt/CntToLedsAndRfm.xml at line 132 and column 63
	at ptolemy.moml.MoMLParser.fileNameToURL(MoMLParser.java:1414)
	at ptolemy.moml.MoMLParser._findOrParse(MoMLParser.java:5283)
	at ptolemy.moml.MoMLParser._attemptToFindMoMLClass(MoMLParser.java:4075)
	at ptolemy.moml.MoMLParser._createEntity(MoMLParser.java:4323)
	... 78 more
Failed to read file:/home/travis/build/icyphy/ptII/ptolemy/actor/ptalon/demo/ptinyos/SendAndReceiveCnt/SendAndReceiveCnt.xml
ptolemy.kernel.util.IllegalActionException: Failed to process attribute change to PtalonParameter, whose value is "ptolemy.actor.ptalon.PtalonExpressionParameter {.SendAndReceiveCnt.SendAndReceiveCnt.channelName} "AtomicWirelessChannel"".
  in .SendAndReceiveCnt.SendAndReceiveCnt
Because:
Unable to add actor null
	at ptolemy.actor.ptalon.PtalonActor.attributeChanged(PtalonActor.java:211)
	at ptolemy.actor.ptalon.PtalonMLHandler.startElement(PtalonMLHandler.java:134)
	at com.microstar.xml.XmlParser.parseElement(XmlParser.java:921)
	at com.microstar.xml.XmlParser.parseContent(XmlParser.java:1104)
	at com.microstar.xml.XmlParser.parseElement(XmlParser.java:924)
	at com.microstar.xml.XmlParser.parseDocument(XmlParser.java:481)
	at com.microstar.xml.XmlParser.doParse(XmlParser.java:159)
	at com.microstar.xml.XmlParser.parse(XmlParser.java:132)
	at ptolemy.actor.ptalon.PtalonActor.configure(PtalonActor.java:240)
	at ptolemy.moml.MoMLParser.endElement(MoMLParser.java:996)
	at com.microstar.xml.XmlParser.parseETag(XmlParser.java:1026)
	at com.microstar.xml.XmlParser.parseContent(XmlParser.java:1098)
	at com.microstar.xml.XmlParser.parseElement(XmlParser.java:924)
	at com.microstar.xml.XmlParser.parseContent(XmlParser.java:1104)
	at com.microstar.xml.XmlParser.parseElement(XmlParser.java:924)
	at com.microstar.xml.XmlParser.parseContent(XmlParser.java:1104)
	at com.microstar.xml.XmlParser.parseElement(XmlParser.java:924)
	at com.microstar.xml.XmlParser.parseDocument(XmlParser.java:481)
	at com.microstar.xml.XmlParser.doParse(XmlParser.java:159)
	at com.microstar.xml.XmlParser.parse(XmlParser.java:132)
	at ptolemy.moml.MoMLParser.parse(MoMLParser.java:1676)
	at ptolemy.moml.MoMLParser.parse(MoMLParser.java:1595)
	at ptolemy.moml.MoMLParser.parse(MoMLParser.java:1537)
	at ptolemy.actor.gui.PtolemyEffigy$Factory.createEffigy(PtolemyEffigy.java:424)
	at ptolemy.actor.gui.EffigyFactory.createEffigy(EffigyFactory.java:234)
	at ptolemy.actor.gui.Configuration.openModel(Configuration.java:1125)
	at ptolemy.actor.gui.Configuration.openModel(Configuration.java:1051)
	at ptolemy.actor.gui.ConfigurationApplication._openModel(ConfigurationApplication.java:1252)
	at ptolemy.actor.gui.ConfigurationApplication._parseArg(ConfigurationApplication.java:1399)
	at ptolemy.actor.gui.ConfigurationApplication._parseArgs(ConfigurationApplication.java:1478)
	at ptolemy.actor.gui.ConfigurationApplication.<init>(ConfigurationApplication.java:277)
	at ptolemy.actor.gui.ConfigurationApplication.<init>(ConfigurationApplication.java:214)
	at ptolemy.actor.gui.ConfigurationApplication.<init>(ConfigurationApplication.java:201)
	at ptolemy.actor.gui.ConfigurationApplication.openModelOrEntity(ConfigurationApplication.java:680)
	at ptolemy.vergil.basic.export.ExportModel$1.run(ExportModel.java:220)
	at java.awt.event.InvocationEvent.dispatch(InvocationEvent.java:301)
	at java.awt.EventQueue.dispatchEventImpl(EventQueue.java:756)
	at java.awt.EventQueue.access$500(EventQueue.java:97)
	at java.awt.EventQueue$3.run(EventQueue.java:709)
	at java.awt.EventQueue$3.run(EventQueue.java:703)
	at java.security.AccessController.doPrivileged(Native Method)
	at java.security.ProtectionDomain$JavaSecurityAccessImpl.doIntersectionPrivilege(ProtectionDomain.java:80)
	at java.awt.EventQueue.dispatchEvent(EventQueue.java:726)
	at java.awt.EventDispatchThread.pumpOneEventForFilters(EventDispatchThread.java:201)
	at java.awt.EventDispatchThread.pumpEventsForFilter(EventDispatchThread.java:116)
	at java.awt.EventDispatchThread.pumpEventsForHierarchy(EventDispatchThread.java:105)
	at java.awt.EventDispatchThread.pumpEvents(EventDispatchThread.java:101)
	at java.awt.EventDispatchThread.pumpEvents(EventDispatchThread.java:93)
	at java.awt.EventDispatchThread.run(EventDispatchThread.java:82)
Caused by: ptolemy.actor.ptalon.PtalonRuntimeException: Unable to add actor null
	at ptolemy.actor.ptalon.PtalonEvaluator.addActor(PtalonEvaluator.java:300)
	at ptolemy.actor.ptalon.PtalonPopulator.actor_declaration(PtalonPopulator.java:1574)
	at ptolemy.actor.ptalon.PtalonPopulator.atomic_statement(PtalonPopulator.java:1638)
	at ptolemy.actor.ptalon.PtalonPopulator.iterative_statement_evaluator(PtalonPopulator.java:2484)
	at ptolemy.actor.ptalon.AbstractPtalonEvaluator$IfTree.evaluateForScope(AbstractPtalonEvaluator.java:1307)
	at ptolemy.actor.ptalon.AbstractPtalonEvaluator.evaluateForScope(AbstractPtalonEvaluator.java:744)
	at ptolemy.actor.ptalon.PtalonPopulator.iterative_statement(PtalonPopulator.java:2363)
	at ptolemy.actor.ptalon.PtalonPopulator.actor_definition(PtalonPopulator.java:2809)
	at ptolemy.actor.ptalon.PtalonActor.attributeChanged(PtalonActor.java:206)
	... 48 more
Caused by: ptolemy.kernel.util.InternalErrorException: Element <entity name="sender1" class="ptolemy.actor.ptalon.demo.ptinyos.SendAndReceiveCnt.CntToLedsAndRfm"> caused an exception to be thrown.
  in .SendAndReceiveCnt.SendAndReceiveCnt
Because:
Cannot find class: ptolemy.actor.ptalon.demo.ptinyos.SendAndReceiveCnt.CntToLedsAndRfm. In Ptolemy, classes are typically Java .class files. Entities like actors may instead be defined within a .xml file.  In any case, the class was not found. If the class uses a third party package, then the class would be present only if the third party package was found at compile time.  It may be necessary to upgrade Java or install the third party package, reconfigure and recompile.
Because:
Element <entity name="MicaLeds" class="ptolemy.domains.ptinyos.lib.MicaLeds"> caused an exception to be thrown.
  in .CntToLedsAndRfm
Because:
Cannot find class: ptolemy.domains.ptinyos.lib.MicaLeds. In Ptolemy, classes are typically Java .class files. Entities like actors may instead be defined within a .xml file.  In any case, the class was not found. If the class uses a third party package, then the class would be present only if the third party package was found at compile time.  It may be necessary to upgrade Java or install the third party package, reconfigure and recompile.
Because:
-- /home/travis/build/icyphy/ptII/ptolemy/actor/ptalon/demo/ptinyos/SendAndReceiveCnt/ptolemy/domains/ptinyos/lib/MicaLeds.xml (No such file or directory)
-- XML file not found relative to classpath.
-- /home/travis/build/icyphy/ptII/ptolemy/vergil/basic/export/test/ptolemy/domains/ptinyos/lib/MicaLeds.xml
/home/travis/build/icyphy/ptII/ptolemy/vergil/basic/export/test/ptolemy/domains/ptinyos/lib/MicaLeds.xml (No such file or directory)
 in file:/home/travis/build/icyphy/ptII/ptolemy/actor/ptalon/demo/ptinyos/SendAndReceiveCnt/CntToLedsAndRfm.xml at line 132 and column 63
	at ptolemy.moml.SimpleErrorHandler.handleError(SimpleErrorHandler.java:75)
	at ptolemy.moml.MoMLParser.startElement(MoMLParser.java:3805)
	at com.microstar.xml.XmlParser.parseElement(XmlParser.java:931)
	at com.microstar.xml.XmlParser.parseDocument(XmlParser.java:481)
	at com.microstar.xml.XmlParser.doParse(XmlParser.java:159)
	at com.microstar.xml.XmlParser.parse(XmlParser.java:132)
	at ptolemy.moml.MoMLParser.parse(MoMLParser.java:1660)
	at ptolemy.moml.MoMLParser.parse(MoMLParser.java:1617)
	at ptolemy.moml.MoMLParser.parse(MoMLParser.java:1792)
	at ptolemy.actor.ptalon.PtalonEvaluator.addActor(PtalonEvaluator.java:241)
	... 56 more
Caused by: ptolemy.kernel.util.IllegalActionException: Cannot find class: ptolemy.actor.ptalon.demo.ptinyos.SendAndReceiveCnt.CntToLedsAndRfm. In Ptolemy, classes are typically Java .class files. Entities like actors may instead be defined within a .xml file.  In any case, the class was not found. If the class uses a third party package, then the class would be present only if the third party package was found at compile time.  It may be necessary to upgrade Java or install the third party package, reconfigure and recompile.
Because:
Element <entity name="MicaLeds" class="ptolemy.domains.ptinyos.lib.MicaLeds"> caused an exception to be thrown.
  in .CntToLedsAndRfm
Because:
Cannot find class: ptolemy.domains.ptinyos.lib.MicaLeds. In Ptolemy, classes are typically Java .class files. Entities like actors may instead be defined within a .xml file.  In any case, the class was not found. If the class uses a third party package, then the class would be present only if the third party package was found at compile time.  It may be necessary to upgrade Java or install the third party package, reconfigure and recompile.
Because:
-- /home/travis/build/icyphy/ptII/ptolemy/actor/ptalon/demo/ptinyos/SendAndReceiveCnt/ptolemy/domains/ptinyos/lib/MicaLeds.xml (No such file or directory)
-- XML file not found relative to classpath.
-- /home/travis/build/icyphy/ptII/ptolemy/vergil/basic/export/test/ptolemy/domains/ptinyos/lib/MicaLeds.xml
/home/travis/build/icyphy/ptII/ptolemy/vergil/basic/export/test/ptolemy/domains/ptinyos/lib/MicaLeds.xml (No such file or directory)
 in file:/home/travis/build/icyphy/ptII/ptolemy/actor/ptalon/demo/ptinyos/SendAndReceiveCnt/CntToLedsAndRfm.xml at line 132 and column 63
	at ptolemy.moml.MoMLParser._createEntity(MoMLParser.java:4330)
	at ptolemy.moml.MoMLParser.startElement(MoMLParser.java:2864)
	... 64 more
Caused by: ptolemy.kernel.util.InternalErrorException: Element <entity name="MicaLeds" class="ptolemy.domains.ptinyos.lib.MicaLeds"> caused an exception to be thrown.
  in .CntToLedsAndRfm
Because:
Cannot find class: ptolemy.domains.ptinyos.lib.MicaLeds. In Ptolemy, classes are typically Java .class files. Entities like actors may instead be defined within a .xml file.  In any case, the class was not found. If the class uses a third party package, then the class would be present only if the third party package was found at compile time.  It may be necessary to upgrade Java or install the third party package, reconfigure and recompile.
Because:
-- /home/travis/build/icyphy/ptII/ptolemy/actor/ptalon/demo/ptinyos/SendAndReceiveCnt/ptolemy/domains/ptinyos/lib/MicaLeds.xml (No such file or directory)
-- XML file not found relative to classpath.
-- /home/travis/build/icyphy/ptII/ptolemy/vergil/basic/export/test/ptolemy/domains/ptinyos/lib/MicaLeds.xml
/home/travis/build/icyphy/ptII/ptolemy/vergil/basic/export/test/ptolemy/domains/ptinyos/lib/MicaLeds.xml (No such file or directory)
 in file:/home/travis/build/icyphy/ptII/ptolemy/actor/ptalon/demo/ptinyos/SendAndReceiveCnt/CntToLedsAndRfm.xml at line 132 and column 63
	at ptolemy.moml.SimpleErrorHandler.handleError(SimpleErrorHandler.java:75)
	at ptolemy.moml.MoMLParser.startElement(MoMLParser.java:3805)
	at com.microstar.xml.XmlParser.parseElement(XmlParser.java:921)
	at com.microstar.xml.XmlParser.parseContent(XmlParser.java:1104)
	at com.microstar.xml.XmlParser.parseElement(XmlParser.java:924)
	at com.microstar.xml.XmlParser.parseDocument(XmlParser.java:481)
	at com.microstar.xml.XmlParser.doParse(XmlParser.java:159)
	at com.microstar.xml.XmlParser.parse(XmlParser.java:132)
	at ptolemy.moml.MoMLParser.parse(MoMLParser.java:1676)
	at ptolemy.moml.MoMLParser.parse(MoMLParser.java:1595)
	at ptolemy.moml.MoMLParser.parse(MoMLParser.java:1537)
	at ptolemy.moml.MoMLParser._findOrParse(MoMLParser.java:5286)
	at ptolemy.moml.MoMLParser._attemptToFindMoMLClass(MoMLParser.java:4075)
	at ptolemy.moml.MoMLParser._createEntity(MoMLParser.java:4323)
	... 65 more
Caused by: ptolemy.kernel.util.IllegalActionException: Cannot find class: ptolemy.domains.ptinyos.lib.MicaLeds. In Ptolemy, classes are typically Java .class files. Entities like actors may instead be defined within a .xml file.  In any case, the class was not found. If the class uses a third party package, then the class would be present only if the third party package was found at compile time.  It may be necessary to upgrade Java or install the third party package, reconfigure and recompile.
Because:
-- /home/travis/build/icyphy/ptII/ptolemy/actor/ptalon/demo/ptinyos/SendAndReceiveCnt/ptolemy/domains/ptinyos/lib/MicaLeds.xml (No such file or directory)
-- XML file not found relative to classpath.
-- /home/travis/build/icyphy/ptII/ptolemy/vergil/basic/export/test/ptolemy/domains/ptinyos/lib/MicaLeds.xml
/home/travis/build/icyphy/ptII/ptolemy/vergil/basic/export/test/ptolemy/domains/ptinyos/lib/MicaLeds.xml (No such file or directory)
 in file:/home/travis/build/icyphy/ptII/ptolemy/actor/ptalon/demo/ptinyos/SendAndReceiveCnt/CntToLedsAndRfm.xml at line 132 and column 63
	at ptolemy.moml.MoMLParser._createEntity(MoMLParser.java:4330)
	at ptolemy.moml.MoMLParser.startElement(MoMLParser.java:2864)
	... 77 more
Caused by: com.microstar.xml.XmlException: -- /home/travis/build/icyphy/ptII/ptolemy/actor/ptalon/demo/ptinyos/SendAndReceiveCnt/ptolemy/domains/ptinyos/lib/MicaLeds.xml (No such file or directory)
-- XML file not found relative to classpath.
-- /home/travis/build/icyphy/ptII/ptolemy/vergil/basic/export/test/ptolemy/domains/ptinyos/lib/MicaLeds.xml
/home/travis/build/icyphy/ptII/ptolemy/vergil/basic/export/test/ptolemy/domains/ptinyos/lib/MicaLeds.xml (No such file or directory)
 in file:/home/travis/build/icyphy/ptII/ptolemy/actor/ptalon/demo/ptinyos/SendAndReceiveCnt/CntToLedsAndRfm.xml at line 132 and column 63
	at ptolemy.moml.MoMLParser.fileNameToURL(MoMLParser.java:1414)
	at ptolemy.moml.MoMLParser._findOrParse(MoMLParser.java:5283)
	at ptolemy.moml.MoMLParser._attemptToFindMoMLClass(MoMLParser.java:4075)
	at ptolemy.moml.MoMLParser._createEntity(MoMLParser.java:4323)
	... 78 more
Caused by: ptolemy.actor.ptalon.PtalonRuntimeException: Unable to add actor null
	at ptolemy.actor.ptalon.PtalonEvaluator.addActor(PtalonEvaluator.java:300)
	at ptolemy.actor.ptalon.PtalonPopulator.actor_declaration(PtalonPopulator.java:1574)
	at ptolemy.actor.ptalon.PtalonPopulator.atomic_statement(PtalonPopulator.java:1638)
	at ptolemy.actor.ptalon.PtalonPopulator.iterative_statement_evaluator(PtalonPopulator.java:2484)
	at ptolemy.actor.ptalon.AbstractPtalonEvaluator$IfTree.evaluateForScope(AbstractPtalonEvaluator.java:1307)
	at ptolemy.actor.ptalon.AbstractPtalonEvaluator.evaluateForScope(AbstractPtalonEvaluator.java:744)
	at ptolemy.actor.ptalon.PtalonPopulator.iterative_statement(PtalonPopulator.java:2363)
	at ptolemy.actor.ptalon.PtalonPopulator.actor_definition(PtalonPopulator.java:2809)
	at ptolemy.actor.ptalon.PtalonActor.attributeChanged(PtalonActor.java:206)
	at ptolemy.actor.ptalon.PtalonMLHandler.startElement(PtalonMLHandler.java:134)
	at com.microstar.xml.XmlParser.parseElement(XmlParser.java:921)
	at com.microstar.xml.XmlParser.parseContent(XmlParser.java:1104)
	at com.microstar.xml.XmlParser.parseElement(XmlParser.java:924)
	at com.microstar.xml.XmlParser.parseDocument(XmlParser.java:481)
	at com.microstar.xml.XmlParser.doParse(XmlParser.java:159)
	at com.microstar.xml.XmlParser.parse(XmlParser.java:132)
	at ptolemy.actor.ptalon.PtalonActor.configure(PtalonActor.java:240)
	at ptolemy.moml.MoMLParser.endElement(MoMLParser.java:996)
	at com.microstar.xml.XmlParser.parseETag(XmlParser.java:1026)
	at com.microstar.xml.XmlParser.parseContent(XmlParser.java:1098)
	at com.microstar.xml.XmlParser.parseElement(XmlParser.java:924)
	at com.microstar.xml.XmlParser.parseContent(XmlParser.java:1104)
	at com.microstar.xml.XmlParser.parseElement(XmlParser.java:924)
	at com.microstar.xml.XmlParser.parseContent(XmlParser.java:1104)
	at com.microstar.xml.XmlParser.parseElement(XmlParser.java:924)
	at com.microstar.xml.XmlParser.parseDocument(XmlParser.java:481)
	at com.microstar.xml.XmlParser.doParse(XmlParser.java:159)
	at com.microstar.xml.XmlParser.parse(XmlParser.java:132)
	at ptolemy.moml.MoMLParser.parse(MoMLParser.java:1676)
	at ptolemy.moml.MoMLParser.parse(MoMLParser.java:1595)
	at ptolemy.moml.MoMLParser.parse(MoMLParser.java:1537)
	at ptolemy.actor.gui.PtolemyEffigy$Factory.createEffigy(PtolemyEffigy.java:424)
	at ptolemy.actor.gui.EffigyFactory.createEffigy(EffigyFactory.java:234)
	at ptolemy.actor.gui.Configuration.openModel(Configuration.java:1125)
	at ptolemy.actor.gui.Configuration.openModel(Configuration.java:1051)
	at ptolemy.actor.gui.ConfigurationApplication._openModel(ConfigurationApplication.java:1252)
	at ptolemy.actor.gui.ConfigurationApplication._parseArg(ConfigurationApplication.java:1399)
	at ptolemy.actor.gui.ConfigurationApplication._parseArgs(ConfigurationApplication.java:1478)
	at ptolemy.actor.gui.ConfigurationApplication.<init>(ConfigurationApplication.java:277)
	at ptolemy.actor.gui.ConfigurationApplication.<init>(ConfigurationApplication.java:214)
	at ptolemy.actor.gui.ConfigurationApplication.<init>(ConfigurationApplication.java:201)
	at ptolemy.actor.gui.ConfigurationApplication.openModelOrEntity(ConfigurationApplication.java:680)
	at ptolemy.vergil.basic.export.ExportModel$1.run(ExportModel.java:220)
	at java.awt.event.InvocationEvent.dispatch(InvocationEvent.java:301)
	at java.awt.EventQueue.dispatchEventImpl(EventQueue.java:756)
	at java.awt.EventQueue.access$500(EventQueue.java:97)
	at java.awt.EventQueue$3.run(EventQueue.java:709)
	at java.awt.EventQueue$3.run(EventQueue.java:703)
	at java.security.AccessController.doPrivileged(Native Method)
	at java.security.ProtectionDomain$JavaSecurityAccessImpl.doIntersectionPrivilege(ProtectionDomain.java:80)
	at java.awt.EventQueue.dispatchEvent(EventQueue.java:726)
	at java.awt.EventDispatchThread.pumpOneEventForFilters(EventDispatchThread.java:201)
	at java.awt.EventDispatchThread.pumpEventsForFilter(EventDispatchThread.java:116)
	at java.awt.EventDispatchThread.pumpEventsForHierarchy(EventDispatchThread.java:105)
	at java.awt.EventDispatchThread.pumpEvents(EventDispatchThread.java:101)
	at java.awt.EventDispatchThread.pumpEvents(EventDispatchThread.java:93)
	at java.awt.EventDispatchThread.run(EventDispatchThread.java:82)
Caused by: ptolemy.kernel.util.InternalErrorException: Element <entity name="sender1" class="ptolemy.actor.ptalon.demo.ptinyos.SendAndReceiveCnt.CntToLedsAndRfm"> caused an exception to be thrown.
  in .SendAndReceiveCnt.SendAndReceiveCnt
Because:
Cannot find class: ptolemy.actor.ptalon.demo.ptinyos.SendAndReceiveCnt.CntToLedsAndRfm. In Ptolemy, classes are typically Java .class files. Entities like actors may instead be defined within a .xml file.  In any case, the class was not found. If the class uses a third party package, then the class would be present only if the third party package was found at compile time.  It may be necessary to upgrade Java or install the third party package, reconfigure and recompile.
Because:
Element <entity name="MicaLeds" class="ptolemy.domains.ptinyos.lib.MicaLeds"> caused an exception to be thrown.
  in .CntToLedsAndRfm
Because:
Cannot find class: ptolemy.domains.ptinyos.lib.MicaLeds. In Ptolemy, classes are typically Java .class files. Entities like actors may instead be defined within a .xml file.  In any case, the class was not found. If the class uses a third party package, then the class would be present only if the third party package was found at compile time.  It may be necessary to upgrade Java or install the third party package, reconfigure and recompile.
Because:
-- /home/travis/build/icyphy/ptII/ptolemy/actor/ptalon/demo/ptinyos/SendAndReceiveCnt/ptolemy/domains/ptinyos/lib/MicaLeds.xml (No such file or directory)
-- XML file not found relative to classpath.
-- /home/travis/build/icyphy/ptII/ptolemy/vergil/basic/export/test/ptolemy/domains/ptinyos/lib/MicaLeds.xml
/home/travis/build/icyphy/ptII/ptolemy/vergil/basic/export/test/ptolemy/domains/ptinyos/lib/MicaLeds.xml (No such file or directory)
 in file:/home/travis/build/icyphy/ptII/ptolemy/actor/ptalon/demo/ptinyos/SendAndReceiveCnt/CntToLedsAndRfm.xml at line 132 and column 63
	at ptolemy.moml.SimpleErrorHandler.handleError(SimpleErrorHandler.java:75)
	at ptolemy.moml.MoMLParser.startElement(MoMLParser.java:3805)
	at com.microstar.xml.XmlParser.parseElement(XmlParser.java:931)
	at com.microstar.xml.XmlParser.parseDocument(XmlParser.java:481)
	at com.microstar.xml.XmlParser.doParse(XmlParser.java:159)
	at com.microstar.xml.XmlParser.parse(XmlParser.java:132)
	at ptolemy.moml.MoMLParser.parse(MoMLParser.java:1660)
	at ptolemy.moml.MoMLParser.parse(MoMLParser.java:1617)
	at ptolemy.moml.MoMLParser.parse(MoMLParser.java:1792)
	at ptolemy.actor.ptalon.PtalonEvaluator.addActor(PtalonEvaluator.java:241)
	... 56 more
Caused by: ptolemy.kernel.util.IllegalActionException: Cannot find class: ptolemy.actor.ptalon.demo.ptinyos.SendAndReceiveCnt.CntToLedsAndRfm. In Ptolemy, classes are typically Java .class files. Entities like actors may instead be defined within a .xml file.  In any case, the class was not found. If the class uses a third party package, then the class would be present only if the third party package was found at compile time.  It may be necessary to upgrade Java or install the third party package, reconfigure and recompile.
Because:
Element <entity name="MicaLeds" class="ptolemy.domains.ptinyos.lib.MicaLeds"> caused an exception to be thrown.
  in .CntToLedsAndRfm
Because:
Cannot find class: ptolemy.domains.ptinyos.lib.MicaLeds. In Ptolemy, classes are typically Java .class files. Entities like actors may instead be defined within a .xml file.  In any case, the class was not found. If the class uses a third party package, then the class would be present only if the third party package was found at compile time.  It may be necessary to upgrade Java or install the third party package, reconfigure and recompile.
Because:
-- /home/travis/build/icyphy/ptII/ptolemy/actor/ptalon/demo/ptinyos/SendAndReceiveCnt/ptolemy/domains/ptinyos/lib/MicaLeds.xml (No such file or directory)
-- XML file not found relative to classpath.
-- /home/travis/build/icyphy/ptII/ptolemy/vergil/basic/export/test/ptolemy/domains/ptinyos/lib/MicaLeds.xml
/home/travis/build/icyphy/ptII/ptolemy/vergil/basic/export/test/ptolemy/domains/ptinyos/lib/MicaLeds.xml (No such file or directory)
 in file:/home/travis/build/icyphy/ptII/ptolemy/actor/ptalon/demo/ptinyos/SendAndReceiveCnt/CntToLedsAndRfm.xml at line 132 and column 63
	at ptolemy.moml.MoMLParser._createEntity(MoMLParser.java:4330)
	at ptolemy.moml.MoMLParser.startElement(MoMLParser.java:2864)
	... 64 more
Caused by: ptolemy.kernel.util.InternalErrorException: Element <entity name="MicaLeds" class="ptolemy.domains.ptinyos.lib.MicaLeds"> caused an exception to be thrown.
  in .CntToLedsAndRfm
Because:
Cannot find class: ptolemy.domains.ptinyos.lib.MicaLeds. In Ptolemy, classes are typically Java .class files. Entities like actors may instead be defined within a .xml file.  In any case, the class was not found. If the class uses a third party package, then the class would be present only if the third party package was found at compile time.  It may be necessary to upgrade Java or install the third party package, reconfigure and recompile.
Because:
-- /home/travis/build/icyphy/ptII/ptolemy/actor/ptalon/demo/ptinyos/SendAndReceiveCnt/ptolemy/domains/ptinyos/lib/MicaLeds.xml (No such file or directory)
-- XML file not found relative to classpath.
-- /home/travis/build/icyphy/ptII/ptolemy/vergil/basic/export/test/ptolemy/domains/ptinyos/lib/MicaLeds.xml
/home/travis/build/icyphy/ptII/ptolemy/vergil/basic/export/test/ptolemy/domains/ptinyos/lib/MicaLeds.xml (No such file or directory)
 in file:/home/travis/build/icyphy/ptII/ptolemy/actor/ptalon/demo/ptinyos/SendAndReceiveCnt/CntToLedsAndRfm.xml at line 132 and column 63
	at ptolemy.moml.SimpleErrorHandler.handleError(SimpleErrorHandler.java:75)
	at ptolemy.moml.MoMLParser.startElement(MoMLParser.java:3805)
	at com.microstar.xml.XmlParser.parseElement(XmlParser.java:921)
	at com.microstar.xml.XmlParser.parseContent(XmlParser.java:1104)
	at com.microstar.xml.XmlParser.parseElement(XmlParser.java:924)
	at com.microstar.xml.XmlParser.parseDocument(XmlParser.java:481)
	at com.microstar.xml.XmlParser.doParse(XmlParser.java:159)
	at com.microstar.xml.XmlParser.parse(XmlParser.java:132)
	at ptolemy.moml.MoMLParser.parse(MoMLParser.java:1676)
	at ptolemy.moml.MoMLParser.parse(MoMLParser.java:1595)
	at ptolemy.moml.MoMLParser.parse(MoMLParser.java:1537)
	at ptolemy.moml.MoMLParser._findOrParse(MoMLParser.java:5286)
	at ptolemy.moml.MoMLParser._attemptToFindMoMLClass(MoMLParser.java:4075)
	at ptolemy.moml.MoMLParser._createEntity(MoMLParser.java:4323)
	... 65 more
Caused by: ptolemy.kernel.util.IllegalActionException: Cannot find class: ptolemy.domains.ptinyos.lib.MicaLeds. In Ptolemy, classes are typically Java .class files. Entities like actors may instead be defined within a .xml file.  In any case, the class was not found. If the class uses a third party package, then the class would be present only if the third party package was found at compile time.  It may be necessary to upgrade Java or install the third party package, reconfigure and recompile.
Because:
-- /home/travis/build/icyphy/ptII/ptolemy/actor/ptalon/demo/ptinyos/SendAndReceiveCnt/ptolemy/domains/ptinyos/lib/MicaLeds.xml (No such file or directory)
-- XML file not found relative to classpath.
-- /home/travis/build/icyphy/ptII/ptolemy/vergil/basic/export/test/ptolemy/domains/ptinyos/lib/MicaLeds.xml
/home/travis/build/icyphy/ptII/ptolemy/vergil/basic/export/test/ptolemy/domains/ptinyos/lib/MicaLeds.xml (No such file or directory)
 in file:/home/travis/build/icyphy/ptII/ptolemy/actor/ptalon/demo/ptinyos/SendAndReceiveCnt/CntToLedsAndRfm.xml at line 132 and column 63
	at ptolemy.moml.MoMLParser._createEntity(MoMLParser.java:4330)
	at ptolemy.moml.MoMLParser.startElement(MoMLParser.java:2864)
	... 77 more
Caused by: com.microstar.xml.XmlException: -- /home/travis/build/icyphy/ptII/ptolemy/actor/ptalon/demo/ptinyos/SendAndReceiveCnt/ptolemy/domains/ptinyos/lib/MicaLeds.xml (No such file or directory)
-- XML file not found relative to classpath.
-- /home/travis/build/icyphy/ptII/ptolemy/vergil/basic/export/test/ptolemy/domains/ptinyos/lib/MicaLeds.xml
/home/travis/build/icyphy/ptII/ptolemy/vergil/basic/export/test/ptolemy/domains/ptinyos/lib/MicaLeds.xml (No such file or directory)
 in file:/home/travis/build/icyphy/ptII/ptolemy/actor/ptalon/demo/ptinyos/SendAndReceiveCnt/CntToLedsAndRfm.xml at line 132 and column 63
	at ptolemy.moml.MoMLParser.fileNameToURL(MoMLParser.java:1414)
	at ptolemy.moml.MoMLParser._findOrParse(MoMLParser.java:5283)
	at ptolemy.moml.MoMLParser._attemptToFindMoMLClass(MoMLParser.java:4075)
	at ptolemy.moml.MoMLParser._createEntity(MoMLParser.java:4323)
	... 78 more
ptolemy.kernel.util.IllegalActionException: Failed to process attribute change to PtalonParameter, whose value is "ptolemy.actor.ptalon.PtalonExpressionParameter {.SendAndReceiveCnt.SendAndReceiveCnt.channelName} "AtomicWirelessChannel"".
  in .SendAndReceiveCnt.SendAndReceiveCnt
Because:
Unable to add actor null
	at ptolemy.actor.ptalon.PtalonActor.attributeChanged(PtalonActor.java:211)
	at ptolemy.actor.ptalon.PtalonMLHandler.startElement(PtalonMLHandler.java:134)
	at com.microstar.xml.XmlParser.parseElement(XmlParser.java:921)
	at com.microstar.xml.XmlParser.parseContent(XmlParser.java:1104)
	at com.microstar.xml.XmlParser.parseElement(XmlParser.java:924)
	at com.microstar.xml.XmlParser.parseDocument(XmlParser.java:481)
	at com.microstar.xml.XmlParser.doParse(XmlParser.java:159)
	at com.microstar.xml.XmlParser.parse(XmlParser.java:132)
	at ptolemy.actor.ptalon.PtalonActor.configure(PtalonActor.java:240)
	at ptolemy.moml.MoMLParser.endElement(MoMLParser.java:996)
	at com.microstar.xml.XmlParser.parseETag(XmlParser.java:1026)
	at com.microstar.xml.XmlParser.parseContent(XmlParser.java:1098)
	at com.microstar.xml.XmlParser.parseElement(XmlParser.java:924)
	at com.microstar.xml.XmlParser.parseContent(XmlParser.java:1104)
	at com.microstar.xml.XmlParser.parseElement(XmlParser.java:924)
	at com.microstar.xml.XmlParser.parseContent(XmlParser.java:1104)
	at com.microstar.xml.XmlParser.parseElement(XmlParser.java:924)
	at com.microstar.xml.XmlParser.parseDocument(XmlParser.java:481)
	at com.microstar.xml.XmlParser.doParse(XmlParser.java:159)
	at com.microstar.xml.XmlParser.parse(XmlParser.java:132)
	at ptolemy.moml.MoMLParser.parse(MoMLParser.java:1676)
	at ptolemy.moml.MoMLParser.parse(MoMLParser.java:1595)
	at ptolemy.moml.MoMLParser.parse(MoMLParser.java:1537)
	at ptolemy.actor.gui.PtolemyEffigy$Factory.createEffigy(PtolemyEffigy.java:424)
	at ptolemy.actor.gui.EffigyFactory.createEffigy(EffigyFactory.java:234)
	at ptolemy.actor.gui.Configuration.openModel(Configuration.java:1125)
	at ptolemy.actor.gui.Configuration.openModel(Configuration.java:1051)
	at ptolemy.actor.gui.ConfigurationApplication._openModel(ConfigurationApplication.java:1252)
	at ptolemy.actor.gui.ConfigurationApplication._parseArg(ConfigurationApplication.java:1399)
	at ptolemy.actor.gui.ConfigurationApplication._parseArgs(ConfigurationApplication.java:1478)
	at ptolemy.actor.gui.ConfigurationApplication.<init>(ConfigurationApplication.java:277)
	at ptolemy.actor.gui.ConfigurationApplication.<init>(ConfigurationApplication.java:214)
	at ptolemy.actor.gui.ConfigurationApplication.<init>(ConfigurationApplication.java:201)
	at ptolemy.actor.gui.ConfigurationApplication.openModelOrEntity(ConfigurationApplication.java:680)
	at ptolemy.vergil.basic.export.ExportModel$1.run(ExportModel.java:220)
	at java.awt.event.InvocationEvent.dispatch(InvocationEvent.java:301)
	at java.awt.EventQueue.dispatchEventImpl(EventQueue.java:756)
	at java.awt.EventQueue.access$500(EventQueue.java:97)
	at java.awt.EventQueue$3.run(EventQueue.java:709)
	at java.awt.EventQueue$3.run(EventQueue.java:703)
	at java.security.AccessController.doPrivileged(Native Method)
	at java.security.ProtectionDomain$JavaSecurityAccessImpl.doIntersectionPrivilege(ProtectionDomain.java:80)
	at java.awt.EventQueue.dispatchEvent(EventQueue.java:726)
	at java.awt.EventDispatchThread.pumpOneEventForFilters(EventDispatchThread.java:201)
	at java.awt.EventDispatchThread.pumpEventsForFilter(EventDispatchThread.java:116)
	at java.awt.EventDispatchThread.pumpEventsForHierarchy(EventDispatchThread.java:105)
	at java.awt.EventDispatchThread.pumpEvents(EventDispatchThread.java:101)
	at java.awt.EventDispatchThread.pumpEvents(EventDispatchThread.java:93)
	at java.awt.EventDispatchThread.run(EventDispatchThread.java:82)
Caused by: ptolemy.actor.ptalon.PtalonRuntimeException: Unable to add actor null
	at ptolemy.actor.ptalon.PtalonEvaluator.addActor(PtalonEvaluator.java:300)
	at ptolemy.actor.ptalon.PtalonPopulator.actor_declaration(PtalonPopulator.java:1574)
	at ptolemy.actor.ptalon.PtalonPopulator.atomic_statement(PtalonPopulator.java:1638)
	at ptolemy.actor.ptalon.PtalonPopulator.iterative_statement_evaluator(PtalonPopulator.java:2484)
	at ptolemy.actor.ptalon.AbstractPtalonEvaluator$IfTree.evaluateForScope(AbstractPtalonEvaluator.java:1307)
	at ptolemy.actor.ptalon.AbstractPtalonEvaluator.evaluateForScope(AbstractPtalonEvaluator.java:744)
	at ptolemy.actor.ptalon.PtalonPopulator.iterative_statement(PtalonPopulator.java:2363)
	at ptolemy.actor.ptalon.PtalonPopulator.actor_definition(PtalonPopulator.java:2809)
	at ptolemy.actor.ptalon.PtalonActor.attributeChanged(PtalonActor.java:206)
	... 48 more
Caused by: ptolemy.kernel.util.InternalErrorException: Element <entity name="sender1" class="ptolemy.actor.ptalon.demo.ptinyos.SendAndReceiveCnt.CntToLedsAndRfm"> caused an exception to be thrown.
  in .SendAndReceiveCnt.SendAndReceiveCnt
Because:
Cannot find class: ptolemy.actor.ptalon.demo.ptinyos.SendAndReceiveCnt.CntToLedsAndRfm. In Ptolemy, classes are typically Java .class files. Entities like actors may instead be defined within a .xml file.  In any case, the class was not found. If the class uses a third party package, then the class would be present only if the third party package was found at compile time.  It may be necessary to upgrade Java or install the third party package, reconfigure and recompile.
Because:
Element <entity name="MicaLeds" class="ptolemy.domains.ptinyos.lib.MicaLeds"> caused an exception to be thrown.
  in .CntToLedsAndRfm
Because:
Cannot find class: ptolemy.domains.ptinyos.lib.MicaLeds. In Ptolemy, classes are typically Java .class files. Entities like actors may instead be defined within a .xml file.  In any case, the class was not found. If the class uses a third party package, then the class would be present only if the third party package was found at compile time.  It may be necessary to upgrade Java or install the third party package, reconfigure and recompile.
Because:
-- /home/travis/build/icyphy/ptII/ptolemy/actor/ptalon/demo/ptinyos/SendAndReceiveCnt/ptolemy/domains/ptinyos/lib/MicaLeds.xml (No such file or directory)
-- XML file not found relative to classpath.
-- /home/travis/build/icyphy/ptII/ptolemy/vergil/basic/export/test/ptolemy/domains/ptinyos/lib/MicaLeds.xml
/home/travis/build/icyphy/ptII/ptolemy/vergil/basic/export/test/ptolemy/domains/ptinyos/lib/MicaLeds.xml (No such file or directory)
 in file:/home/travis/build/icyphy/ptII/ptolemy/actor/ptalon/demo/ptinyos/SendAndReceiveCnt/CntToLedsAndRfm.xml at line 132 and column 63
	at ptolemy.moml.SimpleErrorHandler.handleError(SimpleErrorHandler.java:75)
	at ptolemy.moml.MoMLParser.startElement(MoMLParser.java:3805)
	at com.microstar.xml.XmlParser.parseElement(XmlParser.java:931)
	at com.microstar.xml.XmlParser.parseDocument(XmlParser.java:481)
	at com.microstar.xml.XmlParser.doParse(XmlParser.java:159)
	at com.microstar.xml.XmlParser.parse(XmlParser.java:132)
	at ptolemy.moml.MoMLParser.parse(MoMLParser.java:1660)
	at ptolemy.moml.MoMLParser.parse(MoMLParser.java:1617)
	at ptolemy.moml.MoMLParser.parse(MoMLParser.java:1792)
	at ptolemy.actor.ptalon.PtalonEvaluator.addActor(PtalonEvaluator.java:241)
	... 56 more
Caused by: ptolemy.kernel.util.IllegalActionException: Cannot find class: ptolemy.actor.ptalon.demo.ptinyos.SendAndReceiveCnt.CntToLedsAndRfm. In Ptolemy, classes are typically Java .class files. Entities like actors may instead be defined within a .xml file.  In any case, the class was not found. If the class uses a third party package, then the class would be present only if the third party package was found at compile time.  It may be necessary to upgrade Java or install the third party package, reconfigure and recompile.
Because:
Element <entity name="MicaLeds" class="ptolemy.domains.ptinyos.lib.MicaLeds"> caused an exception to be thrown.
  in .CntToLedsAndRfm
Because:
Cannot find class: ptolemy.domains.ptinyos.lib.MicaLeds. In Ptolemy, classes are typically Java .class files. Entities like actors may instead be defined within a .xml file.  In any case, the class was not found. If the class uses a third party package, then the class would be present only if the third party package was found at compile time.  It may be necessary to upgrade Java or install the third party package, reconfigure and recompile.
Because:
-- /home/travis/build/icyphy/ptII/ptolemy/actor/ptalon/demo/ptinyos/SendAndReceiveCnt/ptolemy/domains/ptinyos/lib/MicaLeds.xml (No such file or directory)
-- XML file not found relative to classpath.
-- /home/travis/build/icyphy/ptII/ptolemy/vergil/basic/export/test/ptolemy/domains/ptinyos/lib/MicaLeds.xml
/home/travis/build/icyphy/ptII/ptolemy/vergil/basic/export/test/ptolemy/domains/ptinyos/lib/MicaLeds.xml (No such file or directory)
 in file:/home/travis/build/icyphy/ptII/ptolemy/actor/ptalon/demo/ptinyos/SendAndReceiveCnt/CntToLedsAndRfm.xml at line 132 and column 63
	at ptolemy.moml.MoMLParser._createEntity(MoMLParser.java:4330)
	at ptolemy.moml.MoMLParser.startElement(MoMLParser.java:2864)
	... 64 more
Caused by: ptolemy.kernel.util.InternalErrorException: Element <entity name="MicaLeds" class="ptolemy.domains.ptinyos.lib.MicaLeds"> caused an exception to be thrown.
  in .CntToLedsAndRfm
Because:
Cannot find class: ptolemy.domains.ptinyos.lib.MicaLeds. In Ptolemy, classes are typically Java .class files. Entities like actors may instead be defined within a .xml file.  In any case, the class was not found. If the class uses a third party package, then the class would be present only if the third party package was found at compile time.  It may be necessary to upgrade Java or install the third party package, reconfigure and recompile.
Because:
-- /home/travis/build/icyphy/ptII/ptolemy/actor/ptalon/demo/ptinyos/SendAndReceiveCnt/ptolemy/domains/ptinyos/lib/MicaLeds.xml (No such file or directory)
-- XML file not found relative to classpath.
-- /home/travis/build/icyphy/ptII/ptolemy/vergil/basic/export/test/ptolemy/domains/ptinyos/lib/MicaLeds.xml
/home/travis/build/icyphy/ptII/ptolemy/vergil/basic/export/test/ptolemy/domains/ptinyos/lib/MicaLeds.xml (No such file or directory)
 in file:/home/travis/build/icyphy/ptII/ptolemy/actor/ptalon/demo/ptinyos/SendAndReceiveCnt/CntToLedsAndRfm.xml at line 132 and column 63
	at ptolemy.moml.SimpleErrorHandler.handleError(SimpleErrorHandler.java:75)
	at ptolemy.moml.MoMLParser.startElement(MoMLParser.java:3805)
	at com.microstar.xml.XmlParser.parseElement(XmlParser.java:921)
	at com.microstar.xml.XmlParser.parseContent(XmlParser.java:1104)
	at com.microstar.xml.XmlParser.parseElement(XmlParser.java:924)
	at com.microstar.xml.XmlParser.parseDocument(XmlParser.java:481)
	at com.microstar.xml.XmlParser.doParse(XmlParser.java:159)
	at com.microstar.xml.XmlParser.parse(XmlParser.java:132)
	at ptolemy.moml.MoMLParser.parse(MoMLParser.java:1676)
	at ptolemy.moml.MoMLParser.parse(MoMLParser.java:1595)
	at ptolemy.moml.MoMLParser.parse(MoMLParser.java:1537)
	at ptolemy.moml.MoMLParser._findOrParse(MoMLParser.java:5286)
	at ptolemy.moml.MoMLParser._attemptToFindMoMLClass(MoMLParser.java:4075)
	at ptolemy.moml.MoMLParser._createEntity(MoMLParser.java:4323)
	... 65 more
Caused by: ptolemy.kernel.util.IllegalActionException: Cannot find class: ptolemy.domains.ptinyos.lib.MicaLeds. In Ptolemy, classes are typically Java .class files. Entities like actors may instead be defined within a .xml file.  In any case, the class was not found. If the class uses a third party package, then the class would be present only if the third party package was found at compile time.  It may be necessary to upgrade Java or install the third party package, reconfigure and recompile.
Because:
-- /home/travis/build/icyphy/ptII/ptolemy/actor/ptalon/demo/ptinyos/SendAndReceiveCnt/ptolemy/domains/ptinyos/lib/MicaLeds.xml (No such file or directory)
-- XML file not found relative to classpath.
-- /home/travis/build/icyphy/ptII/ptolemy/vergil/basic/export/test/ptolemy/domains/ptinyos/lib/MicaLeds.xml
/home/travis/build/icyphy/ptII/ptolemy/vergil/basic/export/test/ptolemy/domains/ptinyos/lib/MicaLeds.xml (No such file or directory)
 in file:/home/travis/build/icyphy/ptII/ptolemy/actor/ptalon/demo/ptinyos/SendAndReceiveCnt/CntToLedsAndRfm.xml at line 132 and column 63
	at ptolemy.moml.MoMLParser._createEntity(MoMLParser.java:4330)
	at ptolemy.moml.MoMLParser.startElement(MoMLParser.java:2864)
	... 77 more
Caused by: com.microstar.xml.XmlException: -- /home/travis/build/icyphy/ptII/ptolemy/actor/ptalon/demo/ptinyos/SendAndReceiveCnt/ptolemy/domains/ptinyos/lib/MicaLeds.xml (No such file or directory)
-- XML file not found relative to classpath.
-- /home/travis/build/icyphy/ptII/ptolemy/vergil/basic/export/test/ptolemy/domains/ptinyos/lib/MicaLeds.xml
/home/travis/build/icyphy/ptII/ptolemy/vergil/basic/export/test/ptolemy/domains/ptinyos/lib/MicaLeds.xml (No such file or directory)
 in file:/home/travis/build/icyphy/ptII/ptolemy/actor/ptalon/demo/ptinyos/SendAndReceiveCnt/CntToLedsAndRfm.xml at line 132 and column 63
	at ptolemy.moml.MoMLParser.fileNameToURL(MoMLParser.java:1414)
	at ptolemy.moml.MoMLParser._findOrParse(MoMLParser.java:5283)
	at ptolemy.moml.MoMLParser._attemptToFindMoMLClass(MoMLParser.java:4075)
	at ptolemy.moml.MoMLParser._createEntity(MoMLParser.java:4323)
	... 78 more
Caused by: ptolemy.actor.ptalon.PtalonRuntimeException: Unable to add actor null
	at ptolemy.actor.ptalon.PtalonEvaluator.addActor(PtalonEvaluator.java:300)
	at ptolemy.actor.ptalon.PtalonPopulator.actor_declaration(PtalonPopulator.java:1574)
	at ptolemy.actor.ptalon.PtalonPopulator.atomic_statement(PtalonPopulator.java:1638)
	at ptolemy.actor.ptalon.PtalonPopulator.iterative_statement_evaluator(PtalonPopulator.java:2484)
	at ptolemy.actor.ptalon.AbstractPtalonEvaluator$IfTree.evaluateForScope(AbstractPtalonEvaluator.java:1307)
	at ptolemy.actor.ptalon.AbstractPtalonEvaluator.evaluateForScope(AbstractPtalonEvaluator.java:744)
	at ptolemy.actor.ptalon.PtalonPopulator.iterative_statement(PtalonPopulator.java:2363)
	at ptolemy.actor.ptalon.PtalonPopulator.actor_definition(PtalonPopulator.java:2809)
	at ptolemy.actor.ptalon.PtalonActor.attributeChanged(PtalonActor.java:206)
	at ptolemy.actor.ptalon.PtalonMLHandler.startElement(PtalonMLHandler.java:134)
	at com.microstar.xml.XmlParser.parseElement(XmlParser.java:921)
	at com.microstar.xml.XmlParser.parseContent(XmlParser.java:1104)
	at com.microstar.xml.XmlParser.parseElement(XmlParser.java:924)
	at com.microstar.xml.XmlParser.parseDocument(XmlParser.java:481)
	at com.microstar.xml.XmlParser.doParse(XmlParser.java:159)
	at com.microstar.xml.XmlParser.parse(XmlParser.java:132)
	at ptolemy.actor.ptalon.PtalonActor.configure(PtalonActor.java:240)
	at ptolemy.moml.MoMLParser.endElement(MoMLParser.java:996)
	at com.microstar.xml.XmlParser.parseETag(XmlParser.java:1026)
	at com.microstar.xml.XmlParser.parseContent(XmlParser.java:1098)
	at com.microstar.xml.XmlParser.parseElement(XmlParser.java:924)
	at com.microstar.xml.XmlParser.parseContent(XmlParser.java:1104)
	at com.microstar.xml.XmlParser.parseElement(XmlParser.java:924)
	at com.microstar.xml.XmlParser.parseContent(XmlParser.java:1104)
	at com.microstar.xml.XmlParser.parseElement(XmlParser.java:924)
	at com.microstar.xml.XmlParser.parseDocument(XmlParser.java:481)
	at com.microstar.xml.XmlParser.doParse(XmlParser.java:159)
	at com.microstar.xml.XmlParser.parse(XmlParser.java:132)
	at ptolemy.moml.MoMLParser.parse(MoMLParser.java:1676)
	at ptolemy.moml.MoMLParser.parse(MoMLParser.java:1595)
	at ptolemy.moml.MoMLParser.parse(MoMLParser.java:1537)
	at ptolemy.actor.gui.PtolemyEffigy$Factory.createEffigy(PtolemyEffigy.java:424)
	at ptolemy.actor.gui.EffigyFactory.createEffigy(EffigyFactory.java:234)
	at ptolemy.actor.gui.Configuration.openModel(Configuration.java:1125)
	at ptolemy.actor.gui.Configuration.openModel(Configuration.java:1051)
	at ptolemy.actor.gui.ConfigurationApplication._openModel(ConfigurationApplication.java:1252)
	at ptolemy.actor.gui.ConfigurationApplication._parseArg(ConfigurationApplication.java:1399)
	at ptolemy.actor.gui.ConfigurationApplication._parseArgs(ConfigurationApplication.java:1478)
	at ptolemy.actor.gui.ConfigurationApplication.<init>(ConfigurationApplication.java:277)
	at ptolemy.actor.gui.ConfigurationApplication.<init>(ConfigurationApplication.java:214)
	at ptolemy.actor.gui.ConfigurationApplication.<init>(ConfigurationApplication.java:201)
	at ptolemy.actor.gui.ConfigurationApplication.openModelOrEntity(ConfigurationApplication.java:680)
	at ptolemy.vergil.basic.export.ExportModel$1.run(ExportModel.java:220)
	at java.awt.event.InvocationEvent.dispatch(InvocationEvent.java:301)
	at java.awt.EventQueue.dispatchEventImpl(EventQueue.java:756)
	at java.awt.EventQueue.access$500(EventQueue.java:97)
	at java.awt.EventQueue$3.run(EventQueue.java:709)
	at java.awt.EventQueue$3.run(EventQueue.java:703)
	at java.security.AccessController.doPrivileged(Native Method)
	at java.security.ProtectionDomain$JavaSecurityAccessImpl.doIntersectionPrivilege(ProtectionDomain.java:80)
	at java.awt.EventQueue.dispatchEvent(EventQueue.java:726)
	at java.awt.EventDispatchThread.pumpOneEventForFilters(EventDispatchThread.java:201)
	at java.awt.EventDispatchThread.pumpEventsForFilter(EventDispatchThread.java:116)
	at java.awt.EventDispatchThread.pumpEventsForHierarchy(EventDispatchThread.java:105)
	at java.awt.EventDispatchThread.pumpEvents(EventDispatchThread.java:101)
	at java.awt.EventDispatchThread.pumpEvents(EventDispatchThread.java:93)
	at java.awt.EventDispatchThread.run(EventDispatchThread.java:82)
Caused by: ptolemy.kernel.util.InternalErrorException: Element <entity name="sender1" class="ptolemy.actor.ptalon.demo.ptinyos.SendAndReceiveCnt.CntToLedsAndRfm"> caused an exception to be thrown.
  in .SendAndReceiveCnt.SendAndReceiveCnt
Because:
Cannot find class: ptolemy.actor.ptalon.demo.ptinyos.SendAndReceiveCnt.CntToLedsAndRfm. In Ptolemy, classes are typically Java .class files. Entities like actors may instead be defined within a .xml file.  In any case, the class was not found. If the class uses a third party package, then the class would be present only if the third party package was found at compile time.  It may be necessary to upgrade Java or install the third party package, reconfigure and recompile.
Because:
Element <entity name="MicaLeds" class="ptolemy.domains.ptinyos.lib.MicaLeds"> caused an exception to be thrown.
  in .CntToLedsAndRfm
Because:
Cannot find class: ptolemy.domains.ptinyos.lib.MicaLeds. In Ptolemy, classes are typically Java .class files. Entities like actors may instead be defined within a .xml file.  In any case, the class was not found. If the class uses a third party package, then the class would be present only if the third party package was found at compile time.  It may be necessary to upgrade Java or install the third party package, reconfigure and recompile.
Because:
-- /home/travis/build/icyphy/ptII/ptolemy/actor/ptalon/demo/ptinyos/SendAndReceiveCnt/ptolemy/domains/ptinyos/lib/MicaLeds.xml (No such file or directory)
-- XML file not found relative to classpath.
-- /home/travis/build/icyphy/ptII/ptolemy/vergil/basic/export/test/ptolemy/domains/ptinyos/lib/MicaLeds.xml
/home/travis/build/icyphy/ptII/ptolemy/vergil/basic/export/test/ptolemy/domains/ptinyos/lib/MicaLeds.xml (No such file or directory)
 in file:/home/travis/build/icyphy/ptII/ptolemy/actor/ptalon/demo/ptinyos/SendAndReceiveCnt/CntToLedsAndRfm.xml at line 132 and column 63
	at ptolemy.moml.SimpleErrorHandler.handleError(SimpleErrorHandler.java:75)
	at ptolemy.moml.MoMLParser.startElement(MoMLParser.java:3805)
	at com.microstar.xml.XmlParser.parseElement(XmlParser.java:931)
	at com.microstar.xml.XmlParser.parseDocument(XmlParser.java:481)
	at com.microstar.xml.XmlParser.doParse(XmlParser.java:159)
	at com.microstar.xml.XmlParser.parse(XmlParser.java:132)
	at ptolemy.moml.MoMLParser.parse(MoMLParser.java:1660)
	at ptolemy.moml.MoMLParser.parse(MoMLParser.java:1617)
	at ptolemy.moml.MoMLParser.parse(MoMLParser.java:1792)
	at ptolemy.actor.ptalon.PtalonEvaluator.addActor(PtalonEvaluator.java:241)
	... 56 more
Caused by: ptolemy.kernel.util.IllegalActionException: Cannot find class: ptolemy.actor.ptalon.demo.ptinyos.SendAndReceiveCnt.CntToLedsAndRfm. In Ptolemy, classes are typically Java .class files. Entities like actors may instead be defined within a .xml file.  In any case, the class was not found. If the class uses a third party package, then the class would be present only if the third party package was found at compile time.  It may be necessary to upgrade Java or install the third party package, reconfigure and recompile.
Because:
Element <entity name="MicaLeds" class="ptolemy.domains.ptinyos.lib.MicaLeds"> caused an exception to be thrown.
  in .CntToLedsAndRfm
Because:
Cannot find class: ptolemy.domains.ptinyos.lib.MicaLeds. In Ptolemy, classes are typically Java .class files. Entities like actors may instead be defined within a .xml file.  In any case, the class was not found. If the class uses a third party package, then the class would be present only if the third party package was found at compile time.  It may be necessary to upgrade Java or install the third party package, reconfigure and recompile.
Because:
-- /home/travis/build/icyphy/ptII/ptolemy/actor/ptalon/demo/ptinyos/SendAndReceiveCnt/ptolemy/domains/ptinyos/lib/MicaLeds.xml (No such file or directory)
-- XML file not found relative to classpath.
-- /home/travis/build/icyphy/ptII/ptolemy/vergil/basic/export/test/ptolemy/domains/ptinyos/lib/MicaLeds.xml
/home/travis/build/icyphy/ptII/ptolemy/vergil/basic/export/test/ptolemy/domains/ptinyos/lib/MicaLeds.xml (No such file or directory)
 in file:/home/travis/build/icyphy/ptII/ptolemy/actor/ptalon/demo/ptinyos/SendAndReceiveCnt/CntToLedsAndRfm.xml at line 132 and column 63
	at ptolemy.moml.MoMLParser._createEntity(MoMLParser.java:4330)
	at ptolemy.moml.MoMLParser.startElement(MoMLParser.java:2864)
	... 64 more
Caused by: ptolemy.kernel.util.InternalErrorException: Element <entity name="MicaLeds" class="ptolemy.domains.ptinyos.lib.MicaLeds"> caused an exception to be thrown.
  in .CntToLedsAndRfm
Because:
Cannot find class: ptolemy.domains.ptinyos.lib.MicaLeds. In Ptolemy, classes are typically Java .class files. Entities like actors may instead be defined within a .xml file.  In any case, the class was not found. If the class uses a third party package, then the class would be present only if the third party package was found at compile time.  It may be necessary to upgrade Java or install the third party package, reconfigure and recompile.
Because:
-- /home/travis/build/icyphy/ptII/ptolemy/actor/ptalon/demo/ptinyos/SendAndReceiveCnt/ptolemy/domains/ptinyos/lib/MicaLeds.xml (No such file or directory)
-- XML file not found relative to classpath.
-- /home/travis/build/icyphy/ptII/ptolemy/vergil/basic/export/test/ptolemy/domains/ptinyos/lib/MicaLeds.xml
/home/travis/build/icyphy/ptII/ptolemy/vergil/basic/export/test/ptolemy/domains/ptinyos/lib/MicaLeds.xml (No such file or directory)
 in file:/home/travis/build/icyphy/ptII/ptolemy/actor/ptalon/demo/ptinyos/SendAndReceiveCnt/CntToLedsAndRfm.xml at line 132 and column 63
	at ptolemy.moml.SimpleErrorHandler.handleError(SimpleErrorHandler.java:75)
	at ptolemy.moml.MoMLParser.startElement(MoMLParser.java:3805)
	at com.microstar.xml.XmlParser.parseElement(XmlParser.java:921)
	at com.microstar.xml.XmlParser.parseContent(XmlParser.java:1104)
	at com.microstar.xml.XmlParser.parseElement(XmlParser.java:924)
	at com.microstar.xml.XmlParser.parseDocument(XmlParser.java:481)
	at com.microstar.xml.XmlParser.doParse(XmlParser.java:159)
	at com.microstar.xml.XmlParser.parse(XmlParser.java:132)
	at ptolemy.moml.MoMLParser.parse(MoMLParser.java:1676)
	at ptolemy.moml.MoMLParser.parse(MoMLParser.java:1595)
	at ptolemy.moml.MoMLParser.parse(MoMLParser.java:1537)
	at ptolemy.moml.MoMLParser._findOrParse(MoMLParser.java:5286)
	at ptolemy.moml.MoMLParser._attemptToFindMoMLClass(MoMLParser.java:4075)
	at ptolemy.moml.MoMLParser._createEntity(MoMLParser.java:4323)
	... 65 more
Caused by: ptolemy.kernel.util.IllegalActionException: Cannot find class: ptolemy.domains.ptinyos.lib.MicaLeds. In Ptolemy, classes are typically Java .class files. Entities like actors may instead be defined within a .xml file.  In any case, the class was not found. If the class uses a third party package, then the class would be present only if the third party package was found at compile time.  It may be necessary to upgrade Java or install the third party package, reconfigure and recompile.
Because:
-- /home/travis/build/icyphy/ptII/ptolemy/actor/ptalon/demo/ptinyos/SendAndReceiveCnt/ptolemy/domains/ptinyos/lib/MicaLeds.xml (No such file or directory)
-- XML file not found relative to classpath.
-- /home/travis/build/icyphy/ptII/ptolemy/vergil/basic/export/test/ptolemy/domains/ptinyos/lib/MicaLeds.xml
/home/travis/build/icyphy/ptII/ptolemy/vergil/basic/export/test/ptolemy/domains/ptinyos/lib/MicaLeds.xml (No such file or directory)
 in file:/home/travis/build/icyphy/ptII/ptolemy/actor/ptalon/demo/ptinyos/SendAndReceiveCnt/CntToLedsAndRfm.xml at line 132 and column 63
	at ptolemy.moml.MoMLParser._createEntity(MoMLParser.java:4330)
	at ptolemy.moml.MoMLParser.startElement(MoMLParser.java:2864)
	... 77 more
Caused by: com.microstar.xml.XmlException: -- /home/travis/build/icyphy/ptII/ptolemy/actor/ptalon/demo/ptinyos/SendAndReceiveCnt/ptolemy/domains/ptinyos/lib/MicaLeds.xml (No such file or directory)
-- XML file not found relative to classpath.
-- /home/travis/build/icyphy/ptII/ptolemy/vergil/basic/export/test/ptolemy/domains/ptinyos/lib/MicaLeds.xml
/home/travis/build/icyphy/ptII/ptolemy/vergil/basic/export/test/ptolemy/domains/ptinyos/lib/MicaLeds.xml (No such file or directory)
 in file:/home/travis/build/icyphy/ptII/ptolemy/actor/ptalon/demo/ptinyos/SendAndReceiveCnt/CntToLedsAndRfm.xml at line 132 and column 63
	at ptolemy.moml.MoMLParser.fileNameToURL(MoMLParser.java:1414)
	at ptolemy.moml.MoMLParser._findOrParse(MoMLParser.java:5283)
	at ptolemy.moml.MoMLParser._attemptToFindMoMLClass(MoMLParser.java:4075)
	at ptolemy.moml.MoMLParser._createEntity(MoMLParser.java:4323)
	... 78 more
Failed to read file:/home/travis/build/icyphy/ptII/ptolemy/actor/ptalon/demo/ptinyos/SendAndReceiveCnt/SendAndReceiveCnt.xml
ptolemy.kernel.util.IllegalActionException: Failed to process attribute change to PtalonParameter, whose value is "ptolemy.actor.ptalon.PtalonExpressionParameter {.SendAndReceiveCnt.SendAndReceiveCnt.channelName} "AtomicWirelessChannel"".
  in .SendAndReceiveCnt.SendAndReceiveCnt
Because:
Unable to add actor null
	at ptolemy.actor.ptalon.PtalonActor.attributeChanged(PtalonActor.java:211)
	at ptolemy.actor.ptalon.PtalonMLHandler.startElement(PtalonMLHandler.java:134)
	at com.microstar.xml.XmlParser.parseElement(XmlParser.java:921)
	at com.microstar.xml.XmlParser.parseContent(XmlParser.java:1104)
	at com.microstar.xml.XmlParser.parseElement(XmlParser.java:924)
	at com.microstar.xml.XmlParser.parseDocument(XmlParser.java:481)
	at com.microstar.xml.XmlParser.doParse(XmlParser.java:159)
	at com.microstar.xml.XmlParser.parse(XmlParser.java:132)
	at ptolemy.actor.ptalon.PtalonActor.configure(PtalonActor.java:240)
	at ptolemy.moml.MoMLParser.endElement(MoMLParser.java:996)
	at com.microstar.xml.XmlParser.parseETag(XmlParser.java:1026)
	at com.microstar.xml.XmlParser.parseContent(XmlParser.java:1098)
	at com.microstar.xml.XmlParser.parseElement(XmlParser.java:924)
	at com.microstar.xml.XmlParser.parseContent(XmlParser.java:1104)
	at com.microstar.xml.XmlParser.parseElement(XmlParser.java:924)
	at com.microstar.xml.XmlParser.parseContent(XmlParser.java:1104)
	at com.microstar.xml.XmlParser.parseElement(XmlParser.java:924)
	at com.microstar.xml.XmlParser.parseDocument(XmlParser.java:481)
	at com.microstar.xml.XmlParser.doParse(XmlParser.java:159)
	at com.microstar.xml.XmlParser.parse(XmlParser.java:132)
	at ptolemy.moml.MoMLParser.parse(MoMLParser.java:1676)
	at ptolemy.moml.MoMLParser.parse(MoMLParser.java:1595)
	at ptolemy.moml.MoMLParser.parse(MoMLParser.java:1537)
	at ptolemy.actor.gui.PtolemyEffigy$Factory.createEffigy(PtolemyEffigy.java:424)
	at ptolemy.actor.gui.EffigyFactory.createEffigy(EffigyFactory.java:234)
	at ptolemy.actor.gui.Configuration.openModel(Configuration.java:1125)
	at ptolemy.actor.gui.Configuration.openModel(Configuration.java:1051)
	at ptolemy.actor.gui.ConfigurationApplication._openModel(ConfigurationApplication.java:1252)
	at ptolemy.actor.gui.ConfigurationApplication._parseArg(ConfigurationApplication.java:1399)
	at ptolemy.actor.gui.ConfigurationApplication._parseArgs(ConfigurationApplication.java:1478)
	at ptolemy.actor.gui.ConfigurationApplication.<init>(ConfigurationApplication.java:277)
	at ptolemy.actor.gui.ConfigurationApplication.<init>(ConfigurationApplication.java:214)
	at ptolemy.actor.gui.ConfigurationApplication.<init>(ConfigurationApplication.java:201)
	at ptolemy.actor.gui.ConfigurationApplication.openModelOrEntity(ConfigurationApplication.java:680)
	at ptolemy.vergil.basic.export.ExportModel$1.run(ExportModel.java:220)
	at java.awt.event.InvocationEvent.dispatch(InvocationEvent.java:301)
	at java.awt.EventQueue.dispatchEventImpl(EventQueue.java:756)
	at java.awt.EventQueue.access$500(EventQueue.java:97)
	at java.awt.EventQueue$3.run(EventQueue.java:709)
	at java.awt.EventQueue$3.run(EventQueue.java:703)
	at java.security.AccessController.doPrivileged(Native Method)
	at java.security.ProtectionDomain$JavaSecurityAccessImpl.doIntersectionPrivilege(ProtectionDomain.java:80)
	at java.awt.EventQueue.dispatchEvent(EventQueue.java:726)
	at java.awt.EventDispatchThread.pumpOneEventForFilters(EventDispatchThread.java:201)
	at java.awt.EventDispatchThread.pumpEventsForFilter(EventDispatchThread.java:116)
	at java.awt.EventDispatchThread.pumpEventsForHierarchy(EventDispatchThread.java:105)
	at java.awt.EventDispatchThread.pumpEvents(EventDispatchThread.java:101)
	at java.awt.EventDispatchThread.pumpEvents(EventDispatchThread.java:93)
	at java.awt.EventDispatchThread.run(EventDispatchThread.java:82)
Caused by: ptolemy.actor.ptalon.PtalonRuntimeException: Unable to add actor null
	at ptolemy.actor.ptalon.PtalonEvaluator.addActor(PtalonEvaluator.java:300)
	at ptolemy.actor.ptalon.PtalonPopulator.actor_declaration(PtalonPopulator.java:1574)
	at ptolemy.actor.ptalon.PtalonPopulator.atomic_statement(PtalonPopulator.java:1638)
	at ptolemy.actor.ptalon.PtalonPopulator.iterative_statement_evaluator(PtalonPopulator.java:2484)
	at ptolemy.actor.ptalon.AbstractPtalonEvaluator$IfTree.evaluateForScope(AbstractPtalonEvaluator.java:1307)
	at ptolemy.actor.ptalon.AbstractPtalonEvaluator.evaluateForScope(AbstractPtalonEvaluator.java:744)
	at ptolemy.actor.ptalon.PtalonPopulator.iterative_statement(PtalonPopulator.java:2363)
	at ptolemy.actor.ptalon.PtalonPopulator.actor_definition(PtalonPopulator.java:2809)
	at ptolemy.actor.ptalon.PtalonActor.attributeChanged(PtalonActor.java:206)
	... 48 more
Caused by: ptolemy.kernel.util.InternalErrorException: Element <entity name="sender1" class="ptolemy.actor.ptalon.demo.ptinyos.SendAndReceiveCnt.CntToLedsAndRfm"> caused an exception to be thrown.
  in .SendAndReceiveCnt.SendAndReceiveCnt
Because:
Cannot find class: ptolemy.actor.ptalon.demo.ptinyos.SendAndReceiveCnt.CntToLedsAndRfm. In Ptolemy, classes are typically Java .class files. Entities like actors may instead be defined within a .xml file.  In any case, the class was not found. If the class uses a third party package, then the class would be present only if the third party package was found at compile time.  It may be necessary to upgrade Java or install the third party package, reconfigure and recompile.
Because:
Element <entity name="MicaLeds" class="ptolemy.domains.ptinyos.lib.MicaLeds"> caused an exception to be thrown.
  in .CntToLedsAndRfm
Because:
Cannot find class: ptolemy.domains.ptinyos.lib.MicaLeds. In Ptolemy, classes are typically Java .class files. Entities like actors may instead be defined within a .xml file.  In any case, the class was not found. If the class uses a third party package, then the class would be present only if the third party package was found at compile time.  It may be necessary to upgrade Java or install the third party package, reconfigure and recompile.
Because:
-- /home/travis/build/icyphy/ptII/ptolemy/actor/ptalon/demo/ptinyos/SendAndReceiveCnt/ptolemy/domains/ptinyos/lib/MicaLeds.xml (No such file or directory)
-- XML file not found relative to classpath.
-- /home/travis/build/icyphy/ptII/ptolemy/vergil/basic/export/test/ptolemy/domains/ptinyos/lib/MicaLeds.xml
/home/travis/build/icyphy/ptII/ptolemy/vergil/basic/export/test/ptolemy/domains/ptinyos/lib/MicaLeds.xml (No such file or directory)
 in file:/home/travis/build/icyphy/ptII/ptolemy/actor/ptalon/demo/ptinyos/SendAndReceiveCnt/CntToLedsAndRfm.xml at line 132 and column 63
	at ptolemy.moml.SimpleErrorHandler.handleError(SimpleErrorHandler.java:75)
	at ptolemy.moml.MoMLParser.startElement(MoMLParser.java:3805)
	at com.microstar.xml.XmlParser.parseElement(XmlParser.java:931)
	at com.microstar.xml.XmlParser.parseDocument(XmlParser.java:481)
	at com.microstar.xml.XmlParser.doParse(XmlParser.java:159)
	at com.microstar.xml.XmlParser.parse(XmlParser.java:132)
	at ptolemy.moml.MoMLParser.parse(MoMLParser.java:1660)
	at ptolemy.moml.MoMLParser.parse(MoMLParser.java:1617)
	at ptolemy.moml.MoMLParser.parse(MoMLParser.java:1792)
	at ptolemy.actor.ptalon.PtalonEvaluator.addActor(PtalonEvaluator.java:241)
	... 56 more
Caused by: ptolemy.kernel.util.IllegalActionException: Cannot find class: ptolemy.actor.ptalon.demo.ptinyos.SendAndReceiveCnt.CntToLedsAndRfm. In Ptolemy, classes are typically Java .class files. Entities like actors may instead be defined within a .xml file.  In any case, the class was not found. If the class uses a third party package, then the class would be present only if the third party package was found at compile time.  It may be necessary to upgrade Java or install the third party package, reconfigure and recompile.
Because:
Element <entity name="MicaLeds" class="ptolemy.domains.ptinyos.lib.MicaLeds"> caused an exception to be thrown.
  in .CntToLedsAndRfm
Because:
Cannot find class: ptolemy.domains.ptinyos.lib.MicaLeds. In Ptolemy, classes are typically Java .class files. Entities like actors may instead be defined within a .xml file.  In any case, the class was not found. If the class uses a third party package, then the class would be present only if the third party package was found at compile time.  It may be necessary to upgrade Java or install the third party package, reconfigure and recompile.
Because:
-- /home/travis/build/icyphy/ptII/ptolemy/actor/ptalon/demo/ptinyos/SendAndReceiveCnt/ptolemy/domains/ptinyos/lib/MicaLeds.xml (No such file or directory)
-- XML file not found relative to classpath.
-- /home/travis/build/icyphy/ptII/ptolemy/vergil/basic/export/test/ptolemy/domains/ptinyos/lib/MicaLeds.xml
/home/travis/build/icyphy/ptII/ptolemy/vergil/basic/export/test/ptolemy/domains/ptinyos/lib/MicaLeds.xml (No such file or directory)
 in file:/home/travis/build/icyphy/ptII/ptolemy/actor/ptalon/demo/ptinyos/SendAndReceiveCnt/CntToLedsAndRfm.xml at line 132 and column 63
	at ptolemy.moml.MoMLParser._createEntity(MoMLParser.java:4330)
	at ptolemy.moml.MoMLParser.startElement(MoMLParser.java:2864)
	... 64 more
Caused by: ptolemy.kernel.util.InternalErrorException: Element <entity name="MicaLeds" class="ptolemy.domains.ptinyos.lib.MicaLeds"> caused an exception to be thrown.
  in .CntToLedsAndRfm
Because:
Cannot find class: ptolemy.domains.ptinyos.lib.MicaLeds. In Ptolemy, classes are typically Java .class files. Entities like actors may instead be defined within a .xml file.  In any case, the class was not found. If the class uses a third party package, then the class would be present only if the third party package was found at compile time.  It may be necessary to upgrade Java or install the third party package, reconfigure and recompile.
Because:
-- /home/travis/build/icyphy/ptII/ptolemy/actor/ptalon/demo/ptinyos/SendAndReceiveCnt/ptolemy/domains/ptinyos/lib/MicaLeds.xml (No such file or directory)
-- XML file not found relative to classpath.
-- /home/travis/build/icyphy/ptII/ptolemy/vergil/basic/export/test/ptolemy/domains/ptinyos/lib/MicaLeds.xml
/home/travis/build/icyphy/ptII/ptolemy/vergil/basic/export/test/ptolemy/domains/ptinyos/lib/MicaLeds.xml (No such file or directory)
 in file:/home/travis/build/icyphy/ptII/ptolemy/actor/ptalon/demo/ptinyos/SendAndReceiveCnt/CntToLedsAndRfm.xml at line 132 and column 63
	at ptolemy.moml.SimpleErrorHandler.handleError(SimpleErrorHandler.java:75)
	at ptolemy.moml.MoMLParser.startElement(MoMLParser.java:3805)
	at com.microstar.xml.XmlParser.parseElement(XmlParser.java:921)
	at com.microstar.xml.XmlParser.parseContent(XmlParser.java:1104)
	at com.microstar.xml.XmlParser.parseElement(XmlParser.java:924)
	at com.microstar.xml.XmlParser.parseDocument(XmlParser.java:481)
	at com.microstar.xml.XmlParser.doParse(XmlParser.java:159)
	at com.microstar.xml.XmlParser.parse(XmlParser.java:132)
	at ptolemy.moml.MoMLParser.parse(MoMLParser.java:1676)
	at ptolemy.moml.MoMLParser.parse(MoMLParser.java:1595)
	at ptolemy.moml.MoMLParser.parse(MoMLParser.java:1537)
	at ptolemy.moml.MoMLParser._findOrParse(MoMLParser.java:5286)
	at ptolemy.moml.MoMLParser._attemptToFindMoMLClass(MoMLParser.java:4075)
	at ptolemy.moml.MoMLParser._createEntity(MoMLParser.java:4323)
	... 65 more
Caused by: ptolemy.kernel.util.IllegalActionException: Cannot find class: ptolemy.domains.ptinyos.lib.MicaLeds. In Ptolemy, classes are typically Java .class files. Entities like actors may instead be defined within a .xml file.  In any case, the class was not found. If the class uses a third party package, then the class would be present only if the third party package was found at compile time.  It may be necessary to upgrade Java or install the third party package, reconfigure and recompile.
Because:
-- /home/travis/build/icyphy/ptII/ptolemy/actor/ptalon/demo/ptinyos/SendAndReceiveCnt/ptolemy/domains/ptinyos/lib/MicaLeds.xml (No such file or directory)
-- XML file not found relative to classpath.
-- /home/travis/build/icyphy/ptII/ptolemy/vergil/basic/export/test/ptolemy/domains/ptinyos/lib/MicaLeds.xml
/home/travis/build/icyphy/ptII/ptolemy/vergil/basic/export/test/ptolemy/domains/ptinyos/lib/MicaLeds.xml (No such file or directory)
 in file:/home/travis/build/icyphy/ptII/ptolemy/actor/ptalon/demo/ptinyos/SendAndReceiveCnt/CntToLedsAndRfm.xml at line 132 and column 63
	at ptolemy.moml.MoMLParser._createEntity(MoMLParser.java:4330)
	at ptolemy.moml.MoMLParser.startElement(MoMLParser.java:2864)
	... 77 more
Caused by: com.microstar.xml.XmlException: -- /home/travis/build/icyphy/ptII/ptolemy/actor/ptalon/demo/ptinyos/SendAndReceiveCnt/ptolemy/domains/ptinyos/lib/MicaLeds.xml (No such file or directory)
-- XML file not found relative to classpath.
-- /home/travis/build/icyphy/ptII/ptolemy/vergil/basic/export/test/ptolemy/domains/ptinyos/lib/MicaLeds.xml
/home/travis/build/icyphy/ptII/ptolemy/vergil/basic/export/test/ptolemy/domains/ptinyos/lib/MicaLeds.xml (No such file or directory)
 in file:/home/travis/build/icyphy/ptII/ptolemy/actor/ptalon/demo/ptinyos/SendAndReceiveCnt/CntToLedsAndRfm.xml at line 132 and column 63
	at ptolemy.moml.MoMLParser.fileNameToURL(MoMLParser.java:1414)
	at ptolemy.moml.MoMLParser._findOrParse(MoMLParser.java:5283)
	at ptolemy.moml.MoMLParser._attemptToFindMoMLClass(MoMLParser.java:4075)
	at ptolemy.moml.MoMLParser._createEntity(MoMLParser.java:4323)
	... 78 more
Caused by: ptolemy.actor.ptalon.PtalonRuntimeException: Unable to add actor null
	at ptolemy.actor.ptalon.PtalonEvaluator.addActor(PtalonEvaluator.java:300)
	at ptolemy.actor.ptalon.PtalonPopulator.actor_declaration(PtalonPopulator.java:1574)
	at ptolemy.actor.ptalon.PtalonPopulator.atomic_statement(PtalonPopulator.java:1638)
	at ptolemy.actor.ptalon.PtalonPopulator.iterative_statement_evaluator(PtalonPopulator.java:2484)
	at ptolemy.actor.ptalon.AbstractPtalonEvaluator$IfTree.evaluateForScope(AbstractPtalonEvaluator.java:1307)
	at ptolemy.actor.ptalon.AbstractPtalonEvaluator.evaluateForScope(AbstractPtalonEvaluator.java:744)
	at ptolemy.actor.ptalon.PtalonPopulator.iterative_statement(PtalonPopulator.java:2363)
	at ptolemy.actor.ptalon.PtalonPopulator.actor_definition(PtalonPopulator.java:2809)
	at ptolemy.actor.ptalon.PtalonActor.attributeChanged(PtalonActor.java:206)
	at ptolemy.actor.ptalon.PtalonMLHandler.startElement(PtalonMLHandler.java:134)
	at com.microstar.xml.XmlParser.parseElement(XmlParser.java:921)
	at com.microstar.xml.XmlParser.parseContent(XmlParser.java:1104)
	at com.microstar.xml.XmlParser.parseElement(XmlParser.java:924)
	at com.microstar.xml.XmlParser.parseDocument(XmlParser.java:481)
	at com.microstar.xml.XmlParser.doParse(XmlParser.java:159)
	at com.microstar.xml.XmlParser.parse(XmlParser.java:132)
	at ptolemy.actor.ptalon.PtalonActor.configure(PtalonActor.java:240)
	at ptolemy.moml.MoMLParser.endElement(MoMLParser.java:996)
	at com.microstar.xml.XmlParser.parseETag(XmlParser.java:1026)
	at com.microstar.xml.XmlParser.parseContent(XmlParser.java:1098)
	at com.microstar.xml.XmlParser.parseElement(XmlParser.java:924)
	at com.microstar.xml.XmlParser.parseContent(XmlParser.java:1104)
	at com.microstar.xml.XmlParser.parseElement(XmlParser.java:924)
	at com.microstar.xml.XmlParser.parseContent(XmlParser.java:1104)
	at com.microstar.xml.XmlParser.parseElement(XmlParser.java:924)
	at com.microstar.xml.XmlParser.parseDocument(XmlParser.java:481)
	at com.microstar.xml.XmlParser.doParse(XmlParser.java:159)
	at com.microstar.xml.XmlParser.parse(XmlParser.java:132)
	at ptolemy.moml.MoMLParser.parse(MoMLParser.java:1676)
	at ptolemy.moml.MoMLParser.parse(MoMLParser.java:1595)
	at ptolemy.moml.MoMLParser.parse(MoMLParser.java:1537)
	at ptolemy.actor.gui.PtolemyEffigy$Factory.createEffigy(PtolemyEffigy.java:424)
	at ptolemy.actor.gui.EffigyFactory.createEffigy(EffigyFactory.java:234)
	at ptolemy.actor.gui.Configuration.openModel(Configuration.java:1125)
	at ptolemy.actor.gui.Configuration.openModel(Configuration.java:1051)
	at ptolemy.actor.gui.ConfigurationApplication._openModel(ConfigurationApplication.java:1252)
	at ptolemy.actor.gui.ConfigurationApplication._parseArg(ConfigurationApplication.java:1399)
	at ptolemy.actor.gui.ConfigurationApplication._parseArgs(ConfigurationApplication.java:1478)
	at ptolemy.actor.gui.ConfigurationApplication.<init>(ConfigurationApplication.java:277)
	at ptolemy.actor.gui.ConfigurationApplication.<init>(ConfigurationApplication.java:214)
	at ptolemy.actor.gui.ConfigurationApplication.<init>(ConfigurationApplication.java:201)
	at ptolemy.actor.gui.ConfigurationApplication.openModelOrEntity(ConfigurationApplication.java:680)
	at ptolemy.vergil.basic.export.ExportModel$1.run(ExportModel.java:220)
	at java.awt.event.InvocationEvent.dispatch(InvocationEvent.java:301)
	at java.awt.EventQueue.dispatchEventImpl(EventQueue.java:756)
	at java.awt.EventQueue.access$500(EventQueue.java:97)
	at java.awt.EventQueue$3.run(EventQueue.java:709)
	at java.awt.EventQueue$3.run(EventQueue.java:703)
	at java.security.AccessController.doPrivileged(Native Method)
	at java.security.ProtectionDomain$JavaSecurityAccessImpl.doIntersectionPrivilege(ProtectionDomain.java:80)
	at java.awt.EventQueue.dispatchEvent(EventQueue.java:726)
	at java.awt.EventDispatchThread.pumpOneEventForFilters(EventDispatchThread.java:201)
	at java.awt.EventDispatchThread.pumpEventsForFilter(EventDispatchThread.java:116)
	at java.awt.EventDispatchThread.pumpEventsForHierarchy(EventDispatchThread.java:105)
	at java.awt.EventDispatchThread.pumpEvents(EventDispatchThread.java:101)
	at java.awt.EventDispatchThread.pumpEvents(EventDispatchThread.java:93)
	at java.awt.EventDispatchThread.run(EventDispatchThread.java:82)
Caused by: ptolemy.kernel.util.InternalErrorException: Element <entity name="sender1" class="ptolemy.actor.ptalon.demo.ptinyos.SendAndReceiveCnt.CntToLedsAndRfm"> caused an exception to be thrown.
  in .SendAndReceiveCnt.SendAndReceiveCnt
Because:
Cannot find class: ptolemy.actor.ptalon.demo.ptinyos.SendAndReceiveCnt.CntToLedsAndRfm. In Ptolemy, classes are typically Java .class files. Entities like actors may instead be defined within a .xml file.  In any case, the class was not found. If the class uses a third party package, then the class would be present only if the third party package was found at compile time.  It may be necessary to upgrade Java or install the third party package, reconfigure and recompile.
Because:
Element <entity name="MicaLeds" class="ptolemy.domains.ptinyos.lib.MicaLeds"> caused an exception to be thrown.
  in .CntToLedsAndRfm
Because:
Cannot find class: ptolemy.domains.ptinyos.lib.MicaLeds. In Ptolemy, classes are typically Java .class files. Entities like actors may instead be defined within a .xml file.  In any case, the class was not found. If the class uses a third party package, then the class would be present only if the third party package was found at compile time.  It may be necessary to upgrade Java or install the third party package, reconfigure and recompile.
Because:
-- /home/travis/build/icyphy/ptII/ptolemy/actor/ptalon/demo/ptinyos/SendAndReceiveCnt/ptolemy/domains/ptinyos/lib/MicaLeds.xml (No such file or directory)
-- XML file not found relative to classpath.
-- /home/travis/build/icyphy/ptII/ptolemy/vergil/basic/export/test/ptolemy/domains/ptinyos/lib/MicaLeds.xml
/home/travis/build/icyphy/ptII/ptolemy/vergil/basic/export/test/ptolemy/domains/ptinyos/lib/MicaLeds.xml (No such file or directory)
 in file:/home/travis/build/icyphy/ptII/ptolemy/actor/ptalon/demo/ptinyos/SendAndReceiveCnt/CntToLedsAndRfm.xml at line 132 and column 63
	at ptolemy.moml.SimpleErrorHandler.handleError(SimpleErrorHandler.java:75)
	at ptolemy.moml.MoMLParser.startElement(MoMLParser.java:3805)
	at com.microstar.xml.XmlParser.parseElement(XmlParser.java:931)
	at com.microstar.xml.XmlParser.parseDocument(XmlParser.java:481)
	at com.microstar.xml.XmlParser.doParse(XmlParser.java:159)
	at com.microstar.xml.XmlParser.parse(XmlParser.java:132)
	at ptolemy.moml.MoMLParser.parse(MoMLParser.java:1660)
	at ptolemy.moml.MoMLParser.parse(MoMLParser.java:1617)
	at ptolemy.moml.MoMLParser.parse(MoMLParser.java:1792)
	at ptolemy.actor.ptalon.PtalonEvaluator.addActor(PtalonEvaluator.java:241)
	... 56 more
Caused by: ptolemy.kernel.util.IllegalActionException: Cannot find class: ptolemy.actor.ptalon.demo.ptinyos.SendAndReceiveCnt.CntToLedsAndRfm. In Ptolemy, classes are typically Java .class files. Entities like actors may instead be defined within a .xml file.  In any case, the class was not found. If the class uses a third party package, then the class would be present only if the third party package was found at compile time.  It may be necessary to upgrade Java or install the third party package, reconfigure and recompile.
Because:
Element <entity name="MicaLeds" class="ptolemy.domains.ptinyos.lib.MicaLeds"> caused an exception to be thrown.
  in .CntToLedsAndRfm
Because:
Cannot find class: ptolemy.domains.ptinyos.lib.MicaLeds. In Ptolemy, classes are typically Java .class files. Entities like actors may instead be defined within a .xml file.  In any case, the class was not found. If the class uses a third party package, then the class would be present only if the third party package was found at compile time.  It may be necessary to upgrade Java or install the third party package, reconfigure and recompile.
Because:
-- /home/travis/build/icyphy/ptII/ptolemy/actor/ptalon/demo/ptinyos/SendAndReceiveCnt/ptolemy/domains/ptinyos/lib/MicaLeds.xml (No such file or directory)
-- XML file not found relative to classpath.
-- /home/travis/build/icyphy/ptII/ptolemy/vergil/basic/export/test/ptolemy/domains/ptinyos/lib/MicaLeds.xml
/home/travis/build/icyphy/ptII/ptolemy/vergil/basic/export/test/ptolemy/domains/ptinyos/lib/MicaLeds.xml (No such file or directory)
 in file:/home/travis/build/icyphy/ptII/ptolemy/actor/ptalon/demo/ptinyos/SendAndReceiveCnt/CntToLedsAndRfm.xml at line 132 and column 63
	at ptolemy.moml.MoMLParser._createEntity(MoMLParser.java:4330)
	at ptolemy.moml.MoMLParser.startElement(MoMLParser.java:2864)
	... 64 more
Caused by: ptolemy.kernel.util.InternalErrorException: Element <entity name="MicaLeds" class="ptolemy.domains.ptinyos.lib.MicaLeds"> caused an exception to be thrown.
  in .CntToLedsAndRfm
Because:
Cannot find class: ptolemy.domains.ptinyos.lib.MicaLeds. In Ptolemy, classes are typically Java .class files. Entities like actors may instead be defined within a .xml file.  In any case, the class was not found. If the class uses a third party package, then the class would be present only if the third party package was found at compile time.  It may be necessary to upgrade Java or install the third party package, reconfigure and recompile.
Because:
-- /home/travis/build/icyphy/ptII/ptolemy/actor/ptalon/demo/ptinyos/SendAndReceiveCnt/ptolemy/domains/ptinyos/lib/MicaLeds.xml (No such file or directory)
-- XML file not found relative to classpath.
-- /home/travis/build/icyphy/ptII/ptolemy/vergil/basic/export/test/ptolemy/domains/ptinyos/lib/MicaLeds.xml
/home/travis/build/icyphy/ptII/ptolemy/vergil/basic/export/test/ptolemy/domains/ptinyos/lib/MicaLeds.xml (No such file or directory)
 in file:/home/travis/build/icyphy/ptII/ptolemy/actor/ptalon/demo/ptinyos/SendAndReceiveCnt/CntToLedsAndRfm.xml at line 132 and column 63
	at ptolemy.moml.SimpleErrorHandler.handleError(SimpleErrorHandler.java:75)
	at ptolemy.moml.MoMLParser.startElement(MoMLParser.java:3805)
	at com.microstar.xml.XmlParser.parseElement(XmlParser.java:921)
	at com.microstar.xml.XmlParser.parseContent(XmlParser.java:1104)
	at com.microstar.xml.XmlParser.parseElement(XmlParser.java:924)
	at com.microstar.xml.XmlParser.parseDocument(XmlParser.java:481)
	at com.microstar.xml.XmlParser.doParse(XmlParser.java:159)
	at com.microstar.xml.XmlParser.parse(XmlParser.java:132)
	at ptolemy.moml.MoMLParser.parse(MoMLParser.java:1676)
	at ptolemy.moml.MoMLParser.parse(MoMLParser.java:1595)
	at ptolemy.moml.MoMLParser.parse(MoMLParser.java:1537)
	at ptolemy.moml.MoMLParser._findOrParse(MoMLParser.java:5286)
	at ptolemy.moml.MoMLParser._attemptToFindMoMLClass(MoMLParser.java:4075)
	at ptolemy.moml.MoMLParser._createEntity(MoMLParser.java:4323)
	... 65 more
Caused by: ptolemy.kernel.util.IllegalActionException: Cannot find class: ptolemy.domains.ptinyos.lib.MicaLeds. In Ptolemy, classes are typically Java .class files. Entities like actors may instead be defined within a .xml file.  In any case, the class was not found. If the class uses a third party package, then the class would be present only if the third party package was found at compile time.  It may be necessary to upgrade Java or install the third party package, reconfigure and recompile.
Because:
-- /home/travis/build/icyphy/ptII/ptolemy/actor/ptalon/demo/ptinyos/SendAndReceiveCnt/ptolemy/domains/ptinyos/lib/MicaLeds.xml (No such file or directory)
-- XML file not found relative to classpath.
-- /home/travis/build/icyphy/ptII/ptolemy/vergil/basic/export/test/ptolemy/domains/ptinyos/lib/MicaLeds.xml
/home/travis/build/icyphy/ptII/ptolemy/vergil/basic/export/test/ptolemy/domains/ptinyos/lib/MicaLeds.xml (No such file or directory)
 in file:/home/travis/build/icyphy/ptII/ptolemy/actor/ptalon/demo/ptinyos/SendAndReceiveCnt/CntToLedsAndRfm.xml at line 132 and column 63
	at ptolemy.moml.MoMLParser._createEntity(MoMLParser.java:4330)
	at ptolemy.moml.MoMLParser.startElement(MoMLParser.java:2864)
	... 77 more
Caused by: com.microstar.xml.XmlException: -- /home/travis/build/icyphy/ptII/ptolemy/actor/ptalon/demo/ptinyos/SendAndReceiveCnt/ptolemy/domains/ptinyos/lib/MicaLeds.xml (No such file or directory)
-- XML file not found relative to classpath.
-- /home/travis/build/icyphy/ptII/ptolemy/vergil/basic/export/test/ptolemy/domains/ptinyos/lib/MicaLeds.xml
/home/travis/build/icyphy/ptII/ptolemy/vergil/basic/export/test/ptolemy/domains/ptinyos/lib/MicaLeds.xml (No such file or directory)
 in file:/home/travis/build/icyphy/ptII/ptolemy/actor/ptalon/demo/ptinyos/SendAndReceiveCnt/CntToLedsAndRfm.xml at line 132 and column 63
	at ptolemy.moml.MoMLParser.fileNameToURL(MoMLParser.java:1414)
	at ptolemy.moml.MoMLParser._findOrParse(MoMLParser.java:5283)
	at ptolemy.moml.MoMLParser._attemptToFindMoMLClass(MoMLParser.java:4075)
	at ptolemy.moml.MoMLParser._createEntity(MoMLParser.java:4323)
	... 78 more
Failed to read file:/home/travis/build/icyphy/ptII/ptolemy/actor/ptalon/demo/ptinyos/SendAndReceiveCnt/SendAndReceiveCnt.xml
ptolemy.kernel.util.IllegalActionException: Failed to process attribute change to PtalonParameter, whose value is "ptolemy.actor.ptalon.PtalonExpressionParameter {.SendAndReceiveCnt.SendAndReceiveCnt.channelName} "AtomicWirelessChannel"".
  in .SendAndReceiveCnt.SendAndReceiveCnt
Because:
Unable to add actor null
	at ptolemy.actor.ptalon.PtalonActor.attributeChanged(PtalonActor.java:211)
	at ptolemy.actor.ptalon.PtalonMLHandler.startElement(PtalonMLHandler.java:134)
	at com.microstar.xml.XmlParser.parseElement(XmlParser.java:921)
	at com.microstar.xml.XmlParser.parseContent(XmlParser.java:1104)
	at com.microstar.xml.XmlParser.parseElement(XmlParser.java:924)
	at com.microstar.xml.XmlParser.parseDocument(XmlParser.java:481)
	at com.microstar.xml.XmlParser.doParse(XmlParser.java:159)
	at com.microstar.xml.XmlParser.parse(XmlParser.java:132)
	at ptolemy.actor.ptalon.PtalonActor.configure(PtalonActor.java:240)
	at ptolemy.moml.MoMLParser.endElement(MoMLParser.java:996)
	at com.microstar.xml.XmlParser.parseETag(XmlParser.java:1026)
	at com.microstar.xml.XmlParser.parseContent(XmlParser.java:1098)
	at com.microstar.xml.XmlParser.parseElement(XmlParser.java:924)
	at com.microstar.xml.XmlParser.parseContent(XmlParser.java:1104)
	at com.microstar.xml.XmlParser.parseElement(XmlParser.java:924)
	at com.microstar.xml.XmlParser.parseContent(XmlParser.java:1104)
	at com.microstar.xml.XmlParser.parseElement(XmlParser.java:924)
	at com.microstar.xml.XmlParser.parseDocument(XmlParser.java:481)
	at com.microstar.xml.XmlParser.doParse(XmlParser.java:159)
	at com.microstar.xml.XmlParser.parse(XmlParser.java:132)
	at ptolemy.moml.MoMLParser.parse(MoMLParser.java:1676)
	at ptolemy.moml.MoMLParser.parse(MoMLParser.java:1595)
	at ptolemy.moml.MoMLParser.parse(MoMLParser.java:1537)
	at ptolemy.actor.gui.PtolemyEffigy$Factory.createEffigy(PtolemyEffigy.java:424)
	at ptolemy.actor.gui.EffigyFactory.createEffigy(EffigyFactory.java:234)
	at ptolemy.actor.gui.Configuration.openModel(Configuration.java:1125)
	at ptolemy.actor.gui.Configuration.openModel(Configuration.java:1051)
	at ptolemy.actor.gui.ConfigurationApplication._openModel(ConfigurationApplication.java:1252)
	at ptolemy.actor.gui.ConfigurationApplication._parseArg(ConfigurationApplication.java:1399)
	at ptolemy.actor.gui.ConfigurationApplication._parseArgs(ConfigurationApplication.java:1478)
	at ptolemy.actor.gui.ConfigurationApplication.<init>(ConfigurationApplication.java:277)
	at ptolemy.actor.gui.ConfigurationApplication.<init>(ConfigurationApplication.java:214)
	at ptolemy.actor.gui.ConfigurationApplication.<init>(ConfigurationApplication.java:201)
	at ptolemy.actor.gui.ConfigurationApplication.openModelOrEntity(ConfigurationApplication.java:680)
	at ptolemy.vergil.basic.export.ExportModel$1.run(ExportModel.java:220)
	at java.awt.event.InvocationEvent.dispatch(InvocationEvent.java:301)
	at java.awt.EventQueue.dispatchEventImpl(EventQueue.java:756)
	at java.awt.EventQueue.access$500(EventQueue.java:97)
	at java.awt.EventQueue$3.run(EventQueue.java:709)
	at java.awt.EventQueue$3.run(EventQueue.java:703)
	at java.security.AccessController.doPrivileged(Native Method)
	at java.security.ProtectionDomain$JavaSecurityAccessImpl.doIntersectionPrivilege(ProtectionDomain.java:80)
	at java.awt.EventQueue.dispatchEvent(EventQueue.java:726)
	at java.awt.EventDispatchThread.pumpOneEventForFilters(EventDispatchThread.java:201)
	at java.awt.EventDispatchThread.pumpEventsForFilter(EventDispatchThread.java:116)
	at java.awt.EventDispatchThread.pumpEventsForHierarchy(EventDispatchThread.java:105)
	at java.awt.EventDispatchThread.pumpEvents(EventDispatchThread.java:101)
	at java.awt.EventDispatchThread.pumpEvents(EventDispatchThread.java:93)
	at java.awt.EventDispatchThread.run(EventDispatchThread.java:82)
Caused by: ptolemy.actor.ptalon.PtalonRuntimeException: Unable to add actor null
	at ptolemy.actor.ptalon.PtalonEvaluator.addActor(PtalonEvaluator.java:300)
	at ptolemy.actor.ptalon.PtalonPopulator.actor_declaration(PtalonPopulator.java:1574)
	at ptolemy.actor.ptalon.PtalonPopulator.atomic_statement(PtalonPopulator.java:1638)
	at ptolemy.actor.ptalon.PtalonPopulator.iterative_statement_evaluator(PtalonPopulator.java:2484)
	at ptolemy.actor.ptalon.AbstractPtalonEvaluator$IfTree.evaluateForScope(AbstractPtalonEvaluator.java:1307)
	at ptolemy.actor.ptalon.AbstractPtalonEvaluator.evaluateForScope(AbstractPtalonEvaluator.java:744)
	at ptolemy.actor.ptalon.PtalonPopulator.iterative_statement(PtalonPopulator.java:2363)
	at ptolemy.actor.ptalon.PtalonPopulator.actor_definition(PtalonPopulator.java:2809)
	at ptolemy.actor.ptalon.PtalonActor.attributeChanged(PtalonActor.java:206)
	... 48 more
Caused by: ptolemy.kernel.util.InternalErrorException: Element <entity name="sender1" class="ptolemy.actor.ptalon.demo.ptinyos.SendAndReceiveCnt.CntToLedsAndRfm"> caused an exception to be thrown.
  in .SendAndReceiveCnt.SendAndReceiveCnt
Because:
Cannot find class: ptolemy.actor.ptalon.demo.ptinyos.SendAndReceiveCnt.CntToLedsAndRfm. In Ptolemy, classes are typically Java .class files. Entities like actors may instead be defined within a .xml file.  In any case, the class was not found. If the class uses a third party package, then the class would be present only if the third party package was found at compile time.  It may be necessary to upgrade Java or install the third party package, reconfigure and recompile.
Because:
Element <entity name="MicaLeds" class="ptolemy.domains.ptinyos.lib.MicaLeds"> caused an exception to be thrown.
  in .CntToLedsAndRfm
Because:
Cannot find class: ptolemy.domains.ptinyos.lib.MicaLeds. In Ptolemy, classes are typically Java .class files. Entities like actors may instead be defined within a .xml file.  In any case, the class was not found. If the class uses a third party package, then the class would be present only if the third party package was found at compile time.  It may be necessary to upgrade Java or install the third party package, reconfigure and recompile.
Because:
-- /home/travis/build/icyphy/ptII/ptolemy/actor/ptalon/demo/ptinyos/SendAndReceiveCnt/ptolemy/domains/ptinyos/lib/MicaLeds.xml (No such file or directory)
-- XML file not found relative to classpath.
-- /home/travis/build/icyphy/ptII/ptolemy/vergil/basic/export/test/ptolemy/domains/ptinyos/lib/MicaLeds.xml
/home/travis/build/icyphy/ptII/ptolemy/vergil/basic/export/test/ptolemy/domains/ptinyos/lib/MicaLeds.xml (No such file or directory)
 in file:/home/travis/build/icyphy/ptII/ptolemy/actor/ptalon/demo/ptinyos/SendAndReceiveCnt/CntToLedsAndRfm.xml at line 132 and column 63
	at ptolemy.moml.SimpleErrorHandler.handleError(SimpleErrorHandler.java:75)
	at ptolemy.moml.MoMLParser.startElement(MoMLParser.java:3805)
	at com.microstar.xml.XmlParser.parseElement(XmlParser.java:931)
	at com.microstar.xml.XmlParser.parseDocument(XmlParser.java:481)
	at com.microstar.xml.XmlParser.doParse(XmlParser.java:159)
	at com.microstar.xml.XmlParser.parse(XmlParser.java:132)
	at ptolemy.moml.MoMLParser.parse(MoMLParser.java:1660)
	at ptolemy.moml.MoMLParser.parse(MoMLParser.java:1617)
	at ptolemy.moml.MoMLParser.parse(MoMLParser.java:1792)
	at ptolemy.actor.ptalon.PtalonEvaluator.addActor(PtalonEvaluator.java:241)
	... 56 more
Caused by: ptolemy.kernel.util.IllegalActionException: Cannot find class: ptolemy.actor.ptalon.demo.ptinyos.SendAndReceiveCnt.CntToLedsAndRfm. In Ptolemy, classes are typically Java .class files. Entities like actors may instead be defined within a .xml file.  In any case, the class was not found. If the class uses a third party package, then the class would be present only if the third party package was found at compile time.  It may be necessary to upgrade Java or install the third party package, reconfigure and recompile.
Because:
Element <entity name="MicaLeds" class="ptolemy.domains.ptinyos.lib.MicaLeds"> caused an exception to be thrown.
  in .CntToLedsAndRfm
Because:
Cannot find class: ptolemy.domains.ptinyos.lib.MicaLeds. In Ptolemy, classes are typically Java .class files. Entities like actors may instead be defined within a .xml file.  In any case, the class was not found. If the class uses a third party package, then the class would be present only if the third party package was found at compile time.  It may be necessary to upgrade Java or install the third party package, reconfigure and recompile.
Because:
-- /home/travis/build/icyphy/ptII/ptolemy/actor/ptalon/demo/ptinyos/SendAndReceiveCnt/ptolemy/domains/ptinyos/lib/MicaLeds.xml (No such file or directory)
-- XML file not found relative to classpath.
-- /home/travis/build/icyphy/ptII/ptolemy/vergil/basic/export/test/ptolemy/domains/ptinyos/lib/MicaLeds.xml
/home/travis/build/icyphy/ptII/ptolemy/vergil/basic/export/test/ptolemy/domains/ptinyos/lib/MicaLeds.xml (No such file or directory)
 in file:/home/travis/build/icyphy/ptII/ptolemy/actor/ptalon/demo/ptinyos/SendAndReceiveCnt/CntToLedsAndRfm.xml at line 132 and column 63
	at ptolemy.moml.MoMLParser._createEntity(MoMLParser.java:4330)
	at ptolemy.moml.MoMLParser.startElement(MoMLParser.java:2864)
	... 64 more
Caused by: ptolemy.kernel.util.InternalErrorException: Element <entity name="MicaLeds" class="ptolemy.domains.ptinyos.lib.MicaLeds"> caused an exception to be thrown.
  in .CntToLedsAndRfm
Because:
Cannot find class: ptolemy.domains.ptinyos.lib.MicaLeds. In Ptolemy, classes are typically Java .class files. Entities like actors may instead be defined within a .xml file.  In any case, the class was not found. If the class uses a third party package, then the class would be present only if the third party package was found at compile time.  It may be necessary to upgrade Java or install the third party package, reconfigure and recompile.
Because:
-- /home/travis/build/icyphy/ptII/ptolemy/actor/ptalon/demo/ptinyos/SendAndReceiveCnt/ptolemy/domains/ptinyos/lib/MicaLeds.xml (No such file or directory)
-- XML file not found relative to classpath.
-- /home/travis/build/icyphy/ptII/ptolemy/vergil/basic/export/test/ptolemy/domains/ptinyos/lib/MicaLeds.xml
/home/travis/build/icyphy/ptII/ptolemy/vergil/basic/export/test/ptolemy/domains/ptinyos/lib/MicaLeds.xml (No such file or directory)
 in file:/home/travis/build/icyphy/ptII/ptolemy/actor/ptalon/demo/ptinyos/SendAndReceiveCnt/CntToLedsAndRfm.xml at line 132 and column 63
	at ptolemy.moml.SimpleErrorHandler.handleError(SimpleErrorHandler.java:75)
	at ptolemy.moml.MoMLParser.startElement(MoMLParser.java:3805)
	at com.microstar.xml.XmlParser.parseElement(XmlParser.java:921)
	at com.microstar.xml.XmlParser.parseContent(XmlParser.java:1104)
	at com.microstar.xml.XmlParser.parseElement(XmlParser.java:924)
	at com.microstar.xml.XmlParser.parseDocument(XmlParser.java:481)
	at com.microstar.xml.XmlParser.doParse(XmlParser.java:159)
	at com.microstar.xml.XmlParser.parse(XmlParser.java:132)
	at ptolemy.moml.MoMLParser.parse(MoMLParser.java:1676)
	at ptolemy.moml.MoMLParser.parse(MoMLParser.java:1595)
	at ptolemy.moml.MoMLParser.parse(MoMLParser.java:1537)
	at ptolemy.moml.MoMLParser._findOrParse(MoMLParser.java:5286)
	at ptolemy.moml.MoMLParser._attemptToFindMoMLClass(MoMLParser.java:4075)
	at ptolemy.moml.MoMLParser._createEntity(MoMLParser.java:4323)
	... 65 more
Caused by: ptolemy.kernel.util.IllegalActionException: Cannot find class: ptolemy.domains.ptinyos.lib.MicaLeds. In Ptolemy, classes are typically Java .class files. Entities like actors may instead be defined within a .xml file.  In any case, the class was not found. If the class uses a third party package, then the class would be present only if the third party package was found at compile time.  It may be necessary to upgrade Java or install the third party package, reconfigure and recompile.
Because:
-- /home/travis/build/icyphy/ptII/ptolemy/actor/ptalon/demo/ptinyos/SendAndReceiveCnt/ptolemy/domains/ptinyos/lib/MicaLeds.xml (No such file or directory)
-- XML file not found relative to classpath.
-- /home/travis/build/icyphy/ptII/ptolemy/vergil/basic/export/test/ptolemy/domains/ptinyos/lib/MicaLeds.xml
/home/travis/build/icyphy/ptII/ptolemy/vergil/basic/export/test/ptolemy/domains/ptinyos/lib/MicaLeds.xml (No such file or directory)
 in file:/home/travis/build/icyphy/ptII/ptolemy/actor/ptalon/demo/ptinyos/SendAndReceiveCnt/CntToLedsAndRfm.xml at line 132 and column 63
	at ptolemy.moml.MoMLParser._createEntity(MoMLParser.java:4330)
	at ptolemy.moml.MoMLParser.startElement(MoMLParser.java:2864)
	... 77 more
Caused by: com.microstar.xml.XmlException: -- /home/travis/build/icyphy/ptII/ptolemy/actor/ptalon/demo/ptinyos/SendAndReceiveCnt/ptolemy/domains/ptinyos/lib/MicaLeds.xml (No such file or directory)
-- XML file not found relative to classpath.
-- /home/travis/build/icyphy/ptII/ptolemy/vergil/basic/export/test/ptolemy/domains/ptinyos/lib/MicaLeds.xml
/home/travis/build/icyphy/ptII/ptolemy/vergil/basic/export/test/ptolemy/domains/ptinyos/lib/MicaLeds.xml (No such file or directory)
 in file:/home/travis/build/icyphy/ptII/ptolemy/actor/ptalon/demo/ptinyos/SendAndReceiveCnt/CntToLedsAndRfm.xml at line 132 and column 63
	at ptolemy.moml.MoMLParser.fileNameToURL(MoMLParser.java:1414)
	at ptolemy.moml.MoMLParser._findOrParse(MoMLParser.java:5283)
	at ptolemy.moml.MoMLParser._attemptToFindMoMLClass(MoMLParser.java:4075)
	at ptolemy.moml.MoMLParser._createEntity(MoMLParser.java:4323)
	... 78 more
Caused by: ptolemy.actor.ptalon.PtalonRuntimeException: Unable to add actor null
	at ptolemy.actor.ptalon.PtalonEvaluator.addActor(PtalonEvaluator.java:300)
	at ptolemy.actor.ptalon.PtalonPopulator.actor_declaration(PtalonPopulator.java:1574)
	at ptolemy.actor.ptalon.PtalonPopulator.atomic_statement(PtalonPopulator.java:1638)
	at ptolemy.actor.ptalon.PtalonPopulator.iterative_statement_evaluator(PtalonPopulator.java:2484)
	at ptolemy.actor.ptalon.AbstractPtalonEvaluator$IfTree.evaluateForScope(AbstractPtalonEvaluator.java:1307)
	at ptolemy.actor.ptalon.AbstractPtalonEvaluator.evaluateForScope(AbstractPtalonEvaluator.java:744)
	at ptolemy.actor.ptalon.PtalonPopulator.iterative_statement(PtalonPopulator.java:2363)
	at ptolemy.actor.ptalon.PtalonPopulator.actor_definition(PtalonPopulator.java:2809)
	at ptolemy.actor.ptalon.PtalonActor.attributeChanged(PtalonActor.java:206)
	at ptolemy.actor.ptalon.PtalonMLHandler.startElement(PtalonMLHandler.java:134)
	at com.microstar.xml.XmlParser.parseElement(XmlParser.java:921)
	at com.microstar.xml.XmlParser.parseContent(XmlParser.java:1104)
	at com.microstar.xml.XmlParser.parseElement(XmlParser.java:924)
	at com.microstar.xml.XmlParser.parseDocument(XmlParser.java:481)
	at com.microstar.xml.XmlParser.doParse(XmlParser.java:159)
	at com.microstar.xml.XmlParser.parse(XmlParser.java:132)
	at ptolemy.actor.ptalon.PtalonActor.configure(PtalonActor.java:240)
	at ptolemy.moml.MoMLParser.endElement(MoMLParser.java:996)
	at com.microstar.xml.XmlParser.parseETag(XmlParser.java:1026)
	at com.microstar.xml.XmlParser.parseContent(XmlParser.java:1098)
	at com.microstar.xml.XmlParser.parseElement(XmlParser.java:924)
	at com.microstar.xml.XmlParser.parseContent(XmlParser.java:1104)
	at com.microstar.xml.XmlParser.parseElement(XmlParser.java:924)
	at com.microstar.xml.XmlParser.parseContent(XmlParser.java:1104)
	at com.microstar.xml.XmlParser.parseElement(XmlParser.java:924)
	at com.microstar.xml.XmlParser.parseDocument(XmlParser.java:481)
	at com.microstar.xml.XmlParser.doParse(XmlParser.java:159)
	at com.microstar.xml.XmlParser.parse(XmlParser.java:132)
	at ptolemy.moml.MoMLParser.parse(MoMLParser.java:1676)
	at ptolemy.moml.MoMLParser.parse(MoMLParser.java:1595)
	at ptolemy.moml.MoMLParser.parse(MoMLParser.java:1537)
	at ptolemy.actor.gui.PtolemyEffigy$Factory.createEffigy(PtolemyEffigy.java:424)
	at ptolemy.actor.gui.EffigyFactory.createEffigy(EffigyFactory.java:234)
	at ptolemy.actor.gui.Configuration.openModel(Configuration.java:1125)
	at ptolemy.actor.gui.Configuration.openModel(Configuration.java:1051)
	at ptolemy.actor.gui.ConfigurationApplication._openModel(ConfigurationApplication.java:1252)
	at ptolemy.actor.gui.ConfigurationApplication._parseArg(ConfigurationApplication.java:1399)
	at ptolemy.actor.gui.ConfigurationApplication._parseArgs(ConfigurationApplication.java:1478)
	at ptolemy.actor.gui.ConfigurationApplication.<init>(ConfigurationApplication.java:277)
	at ptolemy.actor.gui.ConfigurationApplication.<init>(ConfigurationApplication.java:214)
	at ptolemy.actor.gui.ConfigurationApplication.<init>(ConfigurationApplication.java:201)
	at ptolemy.actor.gui.ConfigurationApplication.openModelOrEntity(ConfigurationApplication.java:680)
	at ptolemy.vergil.basic.export.ExportModel$1.run(ExportModel.java:220)
	at java.awt.event.InvocationEvent.dispatch(InvocationEvent.java:301)
	at java.awt.EventQueue.dispatchEventImpl(EventQueue.java:756)
	at java.awt.EventQueue.access$500(EventQueue.java:97)
	at java.awt.EventQueue$3.run(EventQueue.java:709)
	at java.awt.EventQueue$3.run(EventQueue.java:703)
	at java.security.AccessController.doPrivileged(Native Method)
	at java.security.ProtectionDomain$JavaSecurityAccessImpl.doIntersectionPrivilege(ProtectionDomain.java:80)
	at java.awt.EventQueue.dispatchEvent(EventQueue.java:726)
	at java.awt.EventDispatchThread.pumpOneEventForFilters(EventDispatchThread.java:201)
	at java.awt.EventDispatchThread.pumpEventsForFilter(EventDispatchThread.java:116)
	at java.awt.EventDispatchThread.pumpEventsForHierarchy(EventDispatchThread.java:105)
	at java.awt.EventDispatchThread.pumpEvents(EventDispatchThread.java:101)
	at java.awt.EventDispatchThread.pumpEvents(EventDispatchThread.java:93)
	at java.awt.EventDispatchThread.run(EventDispatchThread.java:82)
Caused by: ptolemy.kernel.util.InternalErrorException: Element <entity name="sender1" class="ptolemy.actor.ptalon.demo.ptinyos.SendAndReceiveCnt.CntToLedsAndRfm"> caused an exception to be thrown.
  in .SendAndReceiveCnt.SendAndReceiveCnt
Because:
Cannot find class: ptolemy.actor.ptalon.demo.ptinyos.SendAndReceiveCnt.CntToLedsAndRfm. In Ptolemy, classes are typically Java .class files. Entities like actors may instead be defined within a .xml file.  In any case, the class was not found. If the class uses a third party package, then the class would be present only if the third party package was found at compile time.  It may be necessary to upgrade Java or install the third party package, reconfigure and recompile.
Because:
Element <entity name="MicaLeds" class="ptolemy.domains.ptinyos.lib.MicaLeds"> caused an exception to be thrown.
  in .CntToLedsAndRfm
Because:
Cannot find class: ptolemy.domains.ptinyos.lib.MicaLeds. In Ptolemy, classes are typically Java .class files. Entities like actors may instead be defined within a .xml file.  In any case, the class was not found. If the class uses a third party package, then the class would be present only if the third party package was found at compile time.  It may be necessary to upgrade Java or install the third party package, reconfigure and recompile.
Because:
-- /home/travis/build/icyphy/ptII/ptolemy/actor/ptalon/demo/ptinyos/SendAndReceiveCnt/ptolemy/domains/ptinyos/lib/MicaLeds.xml (No such file or directory)
-- XML file not found relative to classpath.
-- /home/travis/build/icyphy/ptII/ptolemy/vergil/basic/export/test/ptolemy/domains/ptinyos/lib/MicaLeds.xml
/home/travis/build/icyphy/ptII/ptolemy/vergil/basic/export/test/ptolemy/domains/ptinyos/lib/MicaLeds.xml (No such file or directory)
 in file:/home/travis/build/icyphy/ptII/ptolemy/actor/ptalon/demo/ptinyos/SendAndReceiveCnt/CntToLedsAndRfm.xml at line 132 and column 63
	at ptolemy.moml.SimpleErrorHandler.handleError(SimpleErrorHandler.java:75)
	at ptolemy.moml.MoMLParser.startElement(MoMLParser.java:3805)
	at com.microstar.xml.XmlParser.parseElement(XmlParser.java:931)
	at com.microstar.xml.XmlParser.parseDocument(XmlParser.java:481)
	at com.microstar.xml.XmlParser.doParse(XmlParser.java:159)
	at com.microstar.xml.XmlParser.parse(XmlParser.java:132)
	at ptolemy.moml.MoMLParser.parse(MoMLParser.java:1660)
	at ptolemy.moml.MoMLParser.parse(MoMLParser.java:1617)
	at ptolemy.moml.MoMLParser.parse(MoMLParser.java:1792)
	at ptolemy.actor.ptalon.PtalonEvaluator.addActor(PtalonEvaluator.java:241)
	... 56 more
Caused by: ptolemy.kernel.util.IllegalActionException: Cannot find class: ptolemy.actor.ptalon.demo.ptinyos.SendAndReceiveCnt.CntToLedsAndRfm. In Ptolemy, classes are typically Java .class files. Entities like actors may instead be defined within a .xml file.  In any case, the class was not found. If the class uses a third party package, then the class would be present only if the third party package was found at compile time.  It may be necessary to upgrade Java or install the third party package, reconfigure and recompile.
Because:
Element <entity name="MicaLeds" class="ptolemy.domains.ptinyos.lib.MicaLeds"> caused an exception to be thrown.
  in .CntToLedsAndRfm
Because:
Cannot find class: ptolemy.domains.ptinyos.lib.MicaLeds. In Ptolemy, classes are typically Java .class files. Entities like actors may instead be defined within a .xml file.  In any case, the class was not found. If the class uses a third party package, then the class would be present only if the third party package was found at compile time.  It may be necessary to upgrade Java or install the third party package, reconfigure and recompile.
Because:
-- /home/travis/build/icyphy/ptII/ptolemy/actor/ptalon/demo/ptinyos/SendAndReceiveCnt/ptolemy/domains/ptinyos/lib/MicaLeds.xml (No such file or directory)
-- XML file not found relative to classpath.
-- /home/travis/build/icyphy/ptII/ptolemy/vergil/basic/export/test/ptolemy/domains/ptinyos/lib/MicaLeds.xml
/home/travis/build/icyphy/ptII/ptolemy/vergil/basic/export/test/ptolemy/domains/ptinyos/lib/MicaLeds.xml (No such file or directory)
 in file:/home/travis/build/icyphy/ptII/ptolemy/actor/ptalon/demo/ptinyos/SendAndReceiveCnt/CntToLedsAndRfm.xml at line 132 and column 63
	at ptolemy.moml.MoMLParser._createEntity(MoMLParser.java:4330)
	at ptolemy.moml.MoMLParser.startElement(MoMLParser.java:2864)
	... 64 more
Caused by: ptolemy.kernel.util.InternalErrorException: Element <entity name="MicaLeds" class="ptolemy.domains.ptinyos.lib.MicaLeds"> caused an exception to be thrown.
  in .CntToLedsAndRfm
Because:
Cannot find class: ptolemy.domains.ptinyos.lib.MicaLeds. In Ptolemy, classes are typically Java .class files. Entities like actors may instead be defined within a .xml file.  In any case, the class was not found. If the class uses a third party package, then the class would be present only if the third party package was found at compile time.  It may be necessary to upgrade Java or install the third party package, reconfigure and recompile.
Because:
-- /home/travis/build/icyphy/ptII/ptolemy/actor/ptalon/demo/ptinyos/SendAndReceiveCnt/ptolemy/domains/ptinyos/lib/MicaLeds.xml (No such file or directory)
-- XML file not found relative to classpath.
-- /home/travis/build/icyphy/ptII/ptolemy/vergil/basic/export/test/ptolemy/domains/ptinyos/lib/MicaLeds.xml
/home/travis/build/icyphy/ptII/ptolemy/vergil/basic/export/test/ptolemy/domains/ptinyos/lib/MicaLeds.xml (No such file or directory)
 in file:/home/travis/build/icyphy/ptII/ptolemy/actor/ptalon/demo/ptinyos/SendAndReceiveCnt/CntToLedsAndRfm.xml at line 132 and column 63
	at ptolemy.moml.SimpleErrorHandler.handleError(SimpleErrorHandler.java:75)
	at ptolemy.moml.MoMLParser.startElement(MoMLParser.java:3805)
	at com.microstar.xml.XmlParser.parseElement(XmlParser.java:921)
	at com.microstar.xml.XmlParser.parseContent(XmlParser.java:1104)
	at com.microstar.xml.XmlParser.parseElement(XmlParser.java:924)
	at com.microstar.xml.XmlParser.parseDocument(XmlParser.java:481)
	at com.microstar.xml.XmlParser.doParse(XmlParser.java:159)
	at com.microstar.xml.XmlParser.parse(XmlParser.java:132)
	at ptolemy.moml.MoMLParser.parse(MoMLParser.java:1676)
	at ptolemy.moml.MoMLParser.parse(MoMLParser.java:1595)
	at ptolemy.moml.MoMLParser.parse(MoMLParser.java:1537)
	at ptolemy.moml.MoMLParser._findOrParse(MoMLParser.java:5286)
	at ptolemy.moml.MoMLParser._attemptToFindMoMLClass(MoMLParser.java:4075)
	at ptolemy.moml.MoMLParser._createEntity(MoMLParser.java:4323)
	... 65 more
Caused by: ptolemy.kernel.util.IllegalActionException: Cannot find class: ptolemy.domains.ptinyos.lib.MicaLeds. In Ptolemy, classes are typically Java .class files. Entities like actors may instead be defined within a .xml file.  In any case, the class was not found. If the class uses a third party package, then the class would be present only if the third party package was found at compile time.  It may be necessary to upgrade Java or install the third party package, reconfigure and recompile.
Because:
-- /home/travis/build/icyphy/ptII/ptolemy/actor/ptalon/demo/ptinyos/SendAndReceiveCnt/ptolemy/domains/ptinyos/lib/MicaLeds.xml (No such file or directory)
-- XML file not found relative to classpath.
-- /home/travis/build/icyphy/ptII/ptolemy/vergil/basic/export/test/ptolemy/domains/ptinyos/lib/MicaLeds.xml
/home/travis/build/icyphy/ptII/ptolemy/vergil/basic/export/test/ptolemy/domains/ptinyos/lib/MicaLeds.xml (No such file or directory)
 in file:/home/travis/build/icyphy/ptII/ptolemy/actor/ptalon/demo/ptinyos/SendAndReceiveCnt/CntToLedsAndRfm.xml at line 132 and column 63
	at ptolemy.moml.MoMLParser._createEntity(MoMLParser.java:4330)
	at ptolemy.moml.MoMLParser.startElement(MoMLParser.java:2864)
	... 77 more
Caused by: com.microstar.xml.XmlException: -- /home/travis/build/icyphy/ptII/ptolemy/actor/ptalon/demo/ptinyos/SendAndReceiveCnt/ptolemy/domains/ptinyos/lib/MicaLeds.xml (No such file or directory)
-- XML file not found relative to classpath.
-- /home/travis/build/icyphy/ptII/ptolemy/vergil/basic/export/test/ptolemy/domains/ptinyos/lib/MicaLeds.xml
/home/travis/build/icyphy/ptII/ptolemy/vergil/basic/export/test/ptolemy/domains/ptinyos/lib/MicaLeds.xml (No such file or directory)
 in file:/home/travis/build/icyphy/ptII/ptolemy/actor/ptalon/demo/ptinyos/SendAndReceiveCnt/CntToLedsAndRfm.xml at line 132 and column 63
	at ptolemy.moml.MoMLParser.fileNameToURL(MoMLParser.java:1414)
	at ptolemy.moml.MoMLParser._findOrParse(MoMLParser.java:5283)
	at ptolemy.moml.MoMLParser._attemptToFindMoMLClass(MoMLParser.java:4075)
	at ptolemy.moml.MoMLParser._createEntity(MoMLParser.java:4323)
	... 78 more
ptolemy.kernel.util.IllegalActionException: Failed to process attribute change to PtalonParameter, whose value is "ptolemy.actor.ptalon.PtalonExpressionParameter {.SendAndReceiveCnt.SendAndReceiveCnt.channelName} "AtomicWirelessChannel"".
  in .SendAndReceiveCnt.SendAndReceiveCnt
Because:
Unable to add actor null
	at ptolemy.actor.ptalon.PtalonActor.attributeChanged(PtalonActor.java:211)
	at ptolemy.actor.ptalon.PtalonMLHandler.startElement(PtalonMLHandler.java:134)
	at com.microstar.xml.XmlParser.parseElement(XmlParser.java:921)
	at com.microstar.xml.XmlParser.parseContent(XmlParser.java:1104)
	at com.microstar.xml.XmlParser.parseElement(XmlParser.java:924)
	at com.microstar.xml.XmlParser.parseDocument(XmlParser.java:481)
	at com.microstar.xml.XmlParser.doParse(XmlParser.java:159)
	at com.microstar.xml.XmlParser.parse(XmlParser.java:132)
	at ptolemy.actor.ptalon.PtalonActor.configure(PtalonActor.java:240)
	at ptolemy.moml.MoMLParser.endElement(MoMLParser.java:996)
	at com.microstar.xml.XmlParser.parseETag(XmlParser.java:1026)
	at com.microstar.xml.XmlParser.parseContent(XmlParser.java:1098)
	at com.microstar.xml.XmlParser.parseElement(XmlParser.java:924)
	at com.microstar.xml.XmlParser.parseContent(XmlParser.java:1104)
	at com.microstar.xml.XmlParser.parseElement(XmlParser.java:924)
	at com.microstar.xml.XmlParser.parseContent(XmlParser.java:1104)
	at com.microstar.xml.XmlParser.parseElement(XmlParser.java:924)
	at com.microstar.xml.XmlParser.parseDocument(XmlParser.java:481)
	at com.microstar.xml.XmlParser.doParse(XmlParser.java:159)
	at com.microstar.xml.XmlParser.parse(XmlParser.java:132)
	at ptolemy.moml.MoMLParser.parse(MoMLParser.java:1676)
	at ptolemy.moml.MoMLParser.parse(MoMLParser.java:1595)
	at ptolemy.moml.MoMLParser.parse(MoMLParser.java:1537)
	at ptolemy.actor.gui.PtolemyEffigy$Factory.createEffigy(PtolemyEffigy.java:424)
	at ptolemy.actor.gui.EffigyFactory.createEffigy(EffigyFactory.java:234)
	at ptolemy.actor.gui.Configuration.openModel(Configuration.java:1125)
	at ptolemy.actor.gui.Configuration.openModel(Configuration.java:1051)
	at ptolemy.actor.gui.ConfigurationApplication._openModel(ConfigurationApplication.java:1252)
	at ptolemy.actor.gui.ConfigurationApplication._parseArg(ConfigurationApplication.java:1399)
	at ptolemy.actor.gui.ConfigurationApplication._parseArgs(ConfigurationApplication.java:1478)
	at ptolemy.actor.gui.ConfigurationApplication.<init>(ConfigurationApplication.java:277)
	at ptolemy.actor.gui.ConfigurationApplication.<init>(ConfigurationApplication.java:214)
	at ptolemy.actor.gui.ConfigurationApplication.<init>(ConfigurationApplication.java:201)
	at ptolemy.actor.gui.ConfigurationApplication.openModelOrEntity(ConfigurationApplication.java:680)
	at ptolemy.vergil.basic.export.ExportModel$1.run(ExportModel.java:220)
	at java.awt.event.InvocationEvent.dispatch(InvocationEvent.java:301)
	at java.awt.EventQueue.dispatchEventImpl(EventQueue.java:756)
	at java.awt.EventQueue.access$500(EventQueue.java:97)
	at java.awt.EventQueue$3.run(EventQueue.java:709)
	at java.awt.EventQueue$3.run(EventQueue.java:703)
	at java.security.AccessController.doPrivileged(Native Method)
	at java.security.ProtectionDomain$JavaSecurityAccessImpl.doIntersectionPrivilege(ProtectionDomain.java:80)
	at java.awt.EventQueue.dispatchEvent(EventQueue.java:726)
	at java.awt.EventDispatchThread.pumpOneEventForFilters(EventDispatchThread.java:201)
	at java.awt.EventDispatchThread.pumpEventsForFilter(EventDispatchThread.java:116)
	at java.awt.EventDispatchThread.pumpEventsForHierarchy(EventDispatchThread.java:105)
	at java.awt.EventDispatchThread.pumpEvents(EventDispatchThread.java:101)
	at java.awt.EventDispatchThread.pumpEvents(EventDispatchThread.java:93)
	at java.awt.EventDispatchThread.run(EventDispatchThread.java:82)
Caused by: ptolemy.actor.ptalon.PtalonRuntimeException: Unable to add actor null
	at ptolemy.actor.ptalon.PtalonEvaluator.addActor(PtalonEvaluator.java:300)
	at ptolemy.actor.ptalon.PtalonPopulator.actor_declaration(PtalonPopulator.java:1574)
	at ptolemy.actor.ptalon.PtalonPopulator.atomic_statement(PtalonPopulator.java:1638)
	at ptolemy.actor.ptalon.PtalonPopulator.iterative_statement_evaluator(PtalonPopulator.java:2484)
	at ptolemy.actor.ptalon.AbstractPtalonEvaluator$IfTree.evaluateForScope(AbstractPtalonEvaluator.java:1307)
	at ptolemy.actor.ptalon.AbstractPtalonEvaluator.evaluateForScope(AbstractPtalonEvaluator.java:744)
	at ptolemy.actor.ptalon.PtalonPopulator.iterative_statement(PtalonPopulator.java:2363)
	at ptolemy.actor.ptalon.PtalonPopulator.actor_definition(PtalonPopulator.java:2809)
	at ptolemy.actor.ptalon.PtalonActor.attributeChanged(PtalonActor.java:206)
	... 48 more
Caused by: ptolemy.kernel.util.InternalErrorException: Element <entity name="sender1" class="ptolemy.actor.ptalon.demo.ptinyos.SendAndReceiveCnt.CntToLedsAndRfm"> caused an exception to be thrown.
  in .SendAndReceiveCnt.SendAndReceiveCnt
Because:
Cannot find class: ptolemy.actor.ptalon.demo.ptinyos.SendAndReceiveCnt.CntToLedsAndRfm. In Ptolemy, classes are typically Java .class files. Entities like actors may instead be defined within a .xml file.  In any case, the class was not found. If the class uses a third party package, then the class would be present only if the third party package was found at compile time.  It may be necessary to upgrade Java or install the third party package, reconfigure and recompile.
Because:
Element <entity name="MicaLeds" class="ptolemy.domains.ptinyos.lib.MicaLeds"> caused an exception to be thrown.
  in .CntToLedsAndRfm
Because:
Cannot find class: ptolemy.domains.ptinyos.lib.MicaLeds. In Ptolemy, classes are typically Java .class files. Entities like actors may instead be defined within a .xml file.  In any case, the class was not found. If the class uses a third party package, then the class would be present only if the third party package was found at compile time.  It may be necessary to upgrade Java or install the third party package, reconfigure and recompile.
Because:
-- /home/travis/build/icyphy/ptII/ptolemy/actor/ptalon/demo/ptinyos/SendAndReceiveCnt/ptolemy/domains/ptinyos/lib/MicaLeds.xml (No such file or directory)
-- XML file not found relative to classpath.
-- /home/travis/build/icyphy/ptII/ptolemy/vergil/basic/export/test/ptolemy/domains/ptinyos/lib/MicaLeds.xml
/home/travis/build/icyphy/ptII/ptolemy/vergil/basic/export/test/ptolemy/domains/ptinyos/lib/MicaLeds.xml (No such file or directory)
 in file:/home/travis/build/icyphy/ptII/ptolemy/actor/ptalon/demo/ptinyos/SendAndReceiveCnt/CntToLedsAndRfm.xml at line 132 and column 63
	at ptolemy.moml.SimpleErrorHandler.handleError(SimpleErrorHandler.java:75)
	at ptolemy.moml.MoMLParser.startElement(MoMLParser.java:3805)
	at com.microstar.xml.XmlParser.parseElement(XmlParser.java:931)
	at com.microstar.xml.XmlParser.parseDocument(XmlParser.java:481)
	at com.microstar.xml.XmlParser.doParse(XmlParser.java:159)
	at com.microstar.xml.XmlParser.parse(XmlParser.java:132)
	at ptolemy.moml.MoMLParser.parse(MoMLParser.java:1660)
	at ptolemy.moml.MoMLParser.parse(MoMLParser.java:1617)
	at ptolemy.moml.MoMLParser.parse(MoMLParser.java:1792)
	at ptolemy.actor.ptalon.PtalonEvaluator.addActor(PtalonEvaluator.java:241)
	... 56 more
Caused by: ptolemy.kernel.util.IllegalActionException: Cannot find class: ptolemy.actor.ptalon.demo.ptinyos.SendAndReceiveCnt.CntToLedsAndRfm. In Ptolemy, classes are typically Java .class files. Entities like actors may instead be defined within a .xml file.  In any case, the class was not found. If the class uses a third party package, then the class would be present only if the third party package was found at compile time.  It may be necessary to upgrade Java or install the third party package, reconfigure and recompile.
Because:
Element <entity name="MicaLeds" class="ptolemy.domains.ptinyos.lib.MicaLeds"> caused an exception to be thrown.
  in .CntToLedsAndRfm
Because:
Cannot find class: ptolemy.domains.ptinyos.lib.MicaLeds. In Ptolemy, classes are typically Java .class files. Entities like actors may instead be defined within a .xml file.  In any case, the class was not found. If the class uses a third party package, then the class would be present only if the third party package was found at compile time.  It may be necessary to upgrade Java or install the third party package, reconfigure and recompile.
Because:
-- /home/travis/build/icyphy/ptII/ptolemy/actor/ptalon/demo/ptinyos/SendAndReceiveCnt/ptolemy/domains/ptinyos/lib/MicaLeds.xml (No such file or directory)
-- XML file not found relative to classpath.
-- /home/travis/build/icyphy/ptII/ptolemy/vergil/basic/export/test/ptolemy/domains/ptinyos/lib/MicaLeds.xml
/home/travis/build/icyphy/ptII/ptolemy/vergil/basic/export/test/ptolemy/domains/ptinyos/lib/MicaLeds.xml (No such file or directory)
 in file:/home/travis/build/icyphy/ptII/ptolemy/actor/ptalon/demo/ptinyos/SendAndReceiveCnt/CntToLedsAndRfm.xml at line 132 and column 63
	at ptolemy.moml.MoMLParser._createEntity(MoMLParser.java:4330)
	at ptolemy.moml.MoMLParser.startElement(MoMLParser.java:2864)
	... 64 more
Caused by: ptolemy.kernel.util.InternalErrorException: Element <entity name="MicaLeds" class="ptolemy.domains.ptinyos.lib.MicaLeds"> caused an exception to be thrown.
  in .CntToLedsAndRfm
Because:
Cannot find class: ptolemy.domains.ptinyos.lib.MicaLeds. In Ptolemy, classes are typically Java .class files. Entities like actors may instead be defined within a .xml file.  In any case, the class was not found. If the class uses a third party package, then the class would be present only if the third party package was found at compile time.  It may be necessary to upgrade Java or install the third party package, reconfigure and recompile.
Because:
-- /home/travis/build/icyphy/ptII/ptolemy/actor/ptalon/demo/ptinyos/SendAndReceiveCnt/ptolemy/domains/ptinyos/lib/MicaLeds.xml (No such file or directory)
-- XML file not found relative to classpath.
-- /home/travis/build/icyphy/ptII/ptolemy/vergil/basic/export/test/ptolemy/domains/ptinyos/lib/MicaLeds.xml
/home/travis/build/icyphy/ptII/ptolemy/vergil/basic/export/test/ptolemy/domains/ptinyos/lib/MicaLeds.xml (No such file or directory)
 in file:/home/travis/build/icyphy/ptII/ptolemy/actor/ptalon/demo/ptinyos/SendAndReceiveCnt/CntToLedsAndRfm.xml at line 132 and column 63
	at ptolemy.moml.SimpleErrorHandler.handleError(SimpleErrorHandler.java:75)
	at ptolemy.moml.MoMLParser.startElement(MoMLParser.java:3805)
	at com.microstar.xml.XmlParser.parseElement(XmlParser.java:921)
	at com.microstar.xml.XmlParser.parseContent(XmlParser.java:1104)
	at com.microstar.xml.XmlParser.parseElement(XmlParser.java:924)
	at com.microstar.xml.XmlParser.parseDocument(XmlParser.java:481)
	at com.microstar.xml.XmlParser.doParse(XmlParser.java:159)
	at com.microstar.xml.XmlParser.parse(XmlParser.java:132)
	at ptolemy.moml.MoMLParser.parse(MoMLParser.java:1676)
	at ptolemy.moml.MoMLParser.parse(MoMLParser.java:1595)
	at ptolemy.moml.MoMLParser.parse(MoMLParser.java:1537)
	at ptolemy.moml.MoMLParser._findOrParse(MoMLParser.java:5286)
	at ptolemy.moml.MoMLParser._attemptToFindMoMLClass(MoMLParser.java:4075)
	at ptolemy.moml.MoMLParser._createEntity(MoMLParser.java:4323)
	... 65 more
Caused by: ptolemy.kernel.util.IllegalActionException: Cannot find class: ptolemy.domains.ptinyos.lib.MicaLeds. In Ptolemy, classes are typically Java .class files. Entities like actors may instead be defined within a .xml file.  In any case, the class was not found. If the class uses a third party package, then the class would be present only if the third party package was found at compile time.  It may be necessary to upgrade Java or install the third party package, reconfigure and recompile.
Because:
-- /home/travis/build/icyphy/ptII/ptolemy/actor/ptalon/demo/ptinyos/SendAndReceiveCnt/ptolemy/domains/ptinyos/lib/MicaLeds.xml (No such file or directory)
-- XML file not found relative to classpath.
-- /home/travis/build/icyphy/ptII/ptolemy/vergil/basic/export/test/ptolemy/domains/ptinyos/lib/MicaLeds.xml
/home/travis/build/icyphy/ptII/ptolemy/vergil/basic/export/test/ptolemy/domains/ptinyos/lib/MicaLeds.xml (No such file or directory)
 in file:/home/travis/build/icyphy/ptII/ptolemy/actor/ptalon/demo/ptinyos/SendAndReceiveCnt/CntToLedsAndRfm.xml at line 132 and column 63
	at ptolemy.moml.MoMLParser._createEntity(MoMLParser.java:4330)
	at ptolemy.moml.MoMLParser.startElement(MoMLParser.java:2864)
	... 77 more
Caused by: com.microstar.xml.XmlException: -- /home/travis/build/icyphy/ptII/ptolemy/actor/ptalon/demo/ptinyos/SendAndReceiveCnt/ptolemy/domains/ptinyos/lib/MicaLeds.xml (No such file or directory)
-- XML file not found relative to classpath.
-- /home/travis/build/icyphy/ptII/ptolemy/vergil/basic/export/test/ptolemy/domains/ptinyos/lib/MicaLeds.xml
/home/travis/build/icyphy/ptII/ptolemy/vergil/basic/export/test/ptolemy/domains/ptinyos/lib/MicaLeds.xml (No such file or directory)
 in file:/home/travis/build/icyphy/ptII/ptolemy/actor/ptalon/demo/ptinyos/SendAndReceiveCnt/CntToLedsAndRfm.xml at line 132 and column 63
	at ptolemy.moml.MoMLParser.fileNameToURL(MoMLParser.java:1414)
	at ptolemy.moml.MoMLParser._findOrParse(MoMLParser.java:5283)
	at ptolemy.moml.MoMLParser._attemptToFindMoMLClass(MoMLParser.java:4075)
	at ptolemy.moml.MoMLParser._createEntity(MoMLParser.java:4323)
	... 78 more
Caused by: ptolemy.actor.ptalon.PtalonRuntimeException: Unable to add actor null
	at ptolemy.actor.ptalon.PtalonEvaluator.addActor(PtalonEvaluator.java:300)
	at ptolemy.actor.ptalon.PtalonPopulator.actor_declaration(PtalonPopulator.java:1574)
	at ptolemy.actor.ptalon.PtalonPopulator.atomic_statement(PtalonPopulator.java:1638)
	at ptolemy.actor.ptalon.PtalonPopulator.iterative_statement_evaluator(PtalonPopulator.java:2484)
	at ptolemy.actor.ptalon.AbstractPtalonEvaluator$IfTree.evaluateForScope(AbstractPtalonEvaluator.java:1307)
	at ptolemy.actor.ptalon.AbstractPtalonEvaluator.evaluateForScope(AbstractPtalonEvaluator.java:744)
	at ptolemy.actor.ptalon.PtalonPopulator.iterative_statement(PtalonPopulator.java:2363)
	at ptolemy.actor.ptalon.PtalonPopulator.actor_definition(PtalonPopulator.java:2809)
	at ptolemy.actor.ptalon.PtalonActor.attributeChanged(PtalonActor.java:206)
	at ptolemy.actor.ptalon.PtalonMLHandler.startElement(PtalonMLHandler.java:134)
	at com.microstar.xml.XmlParser.parseElement(XmlParser.java:921)
	at com.microstar.xml.XmlParser.parseContent(XmlParser.java:1104)
	at com.microstar.xml.XmlParser.parseElement(XmlParser.java:924)
	at com.microstar.xml.XmlParser.parseDocument(XmlParser.java:481)
	at com.microstar.xml.XmlParser.doParse(XmlParser.java:159)
	at com.microstar.xml.XmlParser.parse(XmlParser.java:132)
	at ptolemy.actor.ptalon.PtalonActor.configure(PtalonActor.java:240)
	at ptolemy.moml.MoMLParser.endElement(MoMLParser.java:996)
	at com.microstar.xml.XmlParser.parseETag(XmlParser.java:1026)
	at com.microstar.xml.XmlParser.parseContent(XmlParser.java:1098)
	at com.microstar.xml.XmlParser.parseElement(XmlParser.java:924)
	at com.microstar.xml.XmlParser.parseContent(XmlParser.java:1104)
	at com.microstar.xml.XmlParser.parseElement(XmlParser.java:924)
	at com.microstar.xml.XmlParser.parseContent(XmlParser.java:1104)
	at com.microstar.xml.XmlParser.parseElement(XmlParser.java:924)
	at com.microstar.xml.XmlParser.parseDocument(XmlParser.java:481)
	at com.microstar.xml.XmlParser.doParse(XmlParser.java:159)
	at com.microstar.xml.XmlParser.parse(XmlParser.java:132)
	at ptolemy.moml.MoMLParser.parse(MoMLParser.java:1676)
	at ptolemy.moml.MoMLParser.parse(MoMLParser.java:1595)
	at ptolemy.moml.MoMLParser.parse(MoMLParser.java:1537)
	at ptolemy.actor.gui.PtolemyEffigy$Factory.createEffigy(PtolemyEffigy.java:424)
	at ptolemy.actor.gui.EffigyFactory.createEffigy(EffigyFactory.java:234)
	at ptolemy.actor.gui.Configuration.openModel(Configuration.java:1125)
	at ptolemy.actor.gui.Configuration.openModel(Configuration.java:1051)
	at ptolemy.actor.gui.ConfigurationApplication._openModel(ConfigurationApplication.java:1252)
	at ptolemy.actor.gui.ConfigurationApplication._parseArg(ConfigurationApplication.java:1399)
	at ptolemy.actor.gui.ConfigurationApplication._parseArgs(ConfigurationApplication.java:1478)
	at ptolemy.actor.gui.ConfigurationApplication.<init>(ConfigurationApplication.java:277)
	at ptolemy.actor.gui.ConfigurationApplication.<init>(ConfigurationApplication.java:214)
	at ptolemy.actor.gui.ConfigurationApplication.<init>(ConfigurationApplication.java:201)
	at ptolemy.actor.gui.ConfigurationApplication.openModelOrEntity(ConfigurationApplication.java:680)
	at ptolemy.vergil.basic.export.ExportModel$1.run(ExportModel.java:220)
	at java.awt.event.InvocationEvent.dispatch(InvocationEvent.java:301)
	at java.awt.EventQueue.dispatchEventImpl(EventQueue.java:756)
	at java.awt.EventQueue.access$500(EventQueue.java:97)
	at java.awt.EventQueue$3.run(EventQueue.java:709)
	at java.awt.EventQueue$3.run(EventQueue.java:703)
	at java.security.AccessController.doPrivileged(Native Method)
	at java.security.ProtectionDomain$JavaSecurityAccessImpl.doIntersectionPrivilege(ProtectionDomain.java:80)
	at java.awt.EventQueue.dispatchEvent(EventQueue.java:726)
	at java.awt.EventDispatchThread.pumpOneEventForFilters(EventDispatchThread.java:201)
	at java.awt.EventDispatchThread.pumpEventsForFilter(EventDispatchThread.java:116)
	at java.awt.EventDispatchThread.pumpEventsForHierarchy(EventDispatchThread.java:105)
	at java.awt.EventDispatchThread.pumpEvents(EventDispatchThread.java:101)
	at java.awt.EventDispatchThread.pumpEvents(EventDispatchThread.java:93)
	at java.awt.EventDispatchThread.run(EventDispatchThread.java:82)
Caused by: ptolemy.kernel.util.InternalErrorException: Element <entity name="sender1" class="ptolemy.actor.ptalon.demo.ptinyos.SendAndReceiveCnt.CntToLedsAndRfm"> caused an exception to be thrown.
  in .SendAndReceiveCnt.SendAndReceiveCnt
Because:
Cannot find class: ptolemy.actor.ptalon.demo.ptinyos.SendAndReceiveCnt.CntToLedsAndRfm. In Ptolemy, classes are typically Java .class files. Entities like actors may instead be defined within a .xml file.  In any case, the class was not found. If the class uses a third party package, then the class would be present only if the third party package was found at compile time.  It may be necessary to upgrade Java or install the third party package, reconfigure and recompile.
Because:
Element <entity name="MicaLeds" class="ptolemy.domains.ptinyos.lib.MicaLeds"> caused an exception to be thrown.
  in .CntToLedsAndRfm
Because:
Cannot find class: ptolemy.domains.ptinyos.lib.MicaLeds. In Ptolemy, classes are typically Java .class files. Entities like actors may instead be defined within a .xml file.  In any case, the class was not found. If the class uses a third party package, then the class would be present only if the third party package was found at compile time.  It may be necessary to upgrade Java or install the third party package, reconfigure and recompile.
Because:
-- /home/travis/build/icyphy/ptII/ptolemy/actor/ptalon/demo/ptinyos/SendAndReceiveCnt/ptolemy/domains/ptinyos/lib/MicaLeds.xml (No such file or directory)
-- XML file not found relative to classpath.
-- /home/travis/build/icyphy/ptII/ptolemy/vergil/basic/export/test/ptolemy/domains/ptinyos/lib/MicaLeds.xml
/home/travis/build/icyphy/ptII/ptolemy/vergil/basic/export/test/ptolemy/domains/ptinyos/lib/MicaLeds.xml (No such file or directory)
 in file:/home/travis/build/icyphy/ptII/ptolemy/actor/ptalon/demo/ptinyos/SendAndReceiveCnt/CntToLedsAndRfm.xml at line 132 and column 63
	at ptolemy.moml.SimpleErrorHandler.handleError(SimpleErrorHandler.java:75)
	at ptolemy.moml.MoMLParser.startElement(MoMLParser.java:3805)
	at com.microstar.xml.XmlParser.parseElement(XmlParser.java:931)
	at com.microstar.xml.XmlParser.parseDocument(XmlParser.java:481)
	at com.microstar.xml.XmlParser.doParse(XmlParser.java:159)
	at com.microstar.xml.XmlParser.parse(XmlParser.java:132)
	at ptolemy.moml.MoMLParser.parse(MoMLParser.java:1660)
	at ptolemy.moml.MoMLParser.parse(MoMLParser.java:1617)
	at ptolemy.moml.MoMLParser.parse(MoMLParser.java:1792)
	at ptolemy.actor.ptalon.PtalonEvaluator.addActor(PtalonEvaluator.java:241)
	... 56 more
Caused by: ptolemy.kernel.util.IllegalActionException: Cannot find class: ptolemy.actor.ptalon.demo.ptinyos.SendAndReceiveCnt.CntToLedsAndRfm. In Ptolemy, classes are typically Java .class files. Entities like actors may instead be defined within a .xml file.  In any case, the class was not found. If the class uses a third party package, then the class would be present only if the third party package was found at compile time.  It may be necessary to upgrade Java or install the third party package, reconfigure and recompile.
Because:
Element <entity name="MicaLeds" class="ptolemy.domains.ptinyos.lib.MicaLeds"> caused an exception to be thrown.
  in .CntToLedsAndRfm
Because:
Cannot find class: ptolemy.domains.ptinyos.lib.MicaLeds. In Ptolemy, classes are typically Java .class files. Entities like actors may instead be defined within a .xml file.  In any case, the class was not found. If the class uses a third party package, then the class would be present only if the third party package was found at compile time.  It may be necessary to upgrade Java or install the third party package, reconfigure and recompile.
Because:
-- /home/travis/build/icyphy/ptII/ptolemy/actor/ptalon/demo/ptinyos/SendAndReceiveCnt/ptolemy/domains/ptinyos/lib/MicaLeds.xml (No such file or directory)
-- XML file not found relative to classpath.
-- /home/travis/build/icyphy/ptII/ptolemy/vergil/basic/export/test/ptolemy/domains/ptinyos/lib/MicaLeds.xml
/home/travis/build/icyphy/ptII/ptolemy/vergil/basic/export/test/ptolemy/domains/ptinyos/lib/MicaLeds.xml (No such file or directory)
 in file:/home/travis/build/icyphy/ptII/ptolemy/actor/ptalon/demo/ptinyos/SendAndReceiveCnt/CntToLedsAndRfm.xml at line 132 and column 63
	at ptolemy.moml.MoMLParser._createEntity(MoMLParser.java:4330)
	at ptolemy.moml.MoMLParser.startElement(MoMLParser.java:2864)
	... 64 more
Caused by: ptolemy.kernel.util.InternalErrorException: Element <entity name="MicaLeds" class="ptolemy.domains.ptinyos.lib.MicaLeds"> caused an exception to be thrown.
  in .CntToLedsAndRfm
Because:
Cannot find class: ptolemy.domains.ptinyos.lib.MicaLeds. In Ptolemy, classes are typically Java .class files. Entities like actors may instead be defined within a .xml file.  In any case, the class was not found. If the class uses a third party package, then the class would be present only if the third party package was found at compile time.  It may be necessary to upgrade Java or install the third party package, reconfigure and recompile.
Because:
-- /home/travis/build/icyphy/ptII/ptolemy/actor/ptalon/demo/ptinyos/SendAndReceiveCnt/ptolemy/domains/ptinyos/lib/MicaLeds.xml (No such file or directory)
-- XML file not found relative to classpath.
-- /home/travis/build/icyphy/ptII/ptolemy/vergil/basic/export/test/ptolemy/domains/ptinyos/lib/MicaLeds.xml
/home/travis/build/icyphy/ptII/ptolemy/vergil/basic/export/test/ptolemy/domains/ptinyos/lib/MicaLeds.xml (No such file or directory)
 in file:/home/travis/build/icyphy/ptII/ptolemy/actor/ptalon/demo/ptinyos/SendAndReceiveCnt/CntToLedsAndRfm.xml at line 132 and column 63
	at ptolemy.moml.SimpleErrorHandler.handleError(SimpleErrorHandler.java:75)
	at ptolemy.moml.MoMLParser.startElement(MoMLParser.java:3805)
	at com.microstar.xml.XmlParser.parseElement(XmlParser.java:921)
	at com.microstar.xml.XmlParser.parseContent(XmlParser.java:1104)
	at com.microstar.xml.XmlParser.parseElement(XmlParser.java:924)
	at com.microstar.xml.XmlParser.parseDocument(XmlParser.java:481)
	at com.microstar.xml.XmlParser.doParse(XmlParser.java:159)
	at com.microstar.xml.XmlParser.parse(XmlParser.java:132)
	at ptolemy.moml.MoMLParser.parse(MoMLParser.java:1676)
	at ptolemy.moml.MoMLParser.parse(MoMLParser.java:1595)
	at ptolemy.moml.MoMLParser.parse(MoMLParser.java:1537)
	at ptolemy.moml.MoMLParser._findOrParse(MoMLParser.java:5286)
	at ptolemy.moml.MoMLParser._attemptToFindMoMLClass(MoMLParser.java:4075)
	at ptolemy.moml.MoMLParser._createEntity(MoMLParser.java:4323)
	... 65 more
Caused by: ptolemy.kernel.util.IllegalActionException: Cannot find class: ptolemy.domains.ptinyos.lib.MicaLeds. In Ptolemy, classes are typically Java .class files. Entities like actors may instead be defined within a .xml file.  In any case, the class was not found. If the class uses a third party package, then the class would be present only if the third party package was found at compile time.  It may be necessary to upgrade Java or install the third party package, reconfigure and recompile.
Because:
-- /home/travis/build/icyphy/ptII/ptolemy/actor/ptalon/demo/ptinyos/SendAndReceiveCnt/ptolemy/domains/ptinyos/lib/MicaLeds.xml (No such file or directory)
-- XML file not found relative to classpath.
-- /home/travis/build/icyphy/ptII/ptolemy/vergil/basic/export/test/ptolemy/domains/ptinyos/lib/MicaLeds.xml
/home/travis/build/icyphy/ptII/ptolemy/vergil/basic/export/test/ptolemy/domains/ptinyos/lib/MicaLeds.xml (No such file or directory)
 in file:/home/travis/build/icyphy/ptII/ptolemy/actor/ptalon/demo/ptinyos/SendAndReceiveCnt/CntToLedsAndRfm.xml at line 132 and column 63
	at ptolemy.moml.MoMLParser._createEntity(MoMLParser.java:4330)
	at ptolemy.moml.MoMLParser.startElement(MoMLParser.java:2864)
	... 77 more
Caused by: com.microstar.xml.XmlException: -- /home/travis/build/icyphy/ptII/ptolemy/actor/ptalon/demo/ptinyos/SendAndReceiveCnt/ptolemy/domains/ptinyos/lib/MicaLeds.xml (No such file or directory)
-- XML file not found relative to classpath.
-- /home/travis/build/icyphy/ptII/ptolemy/vergil/basic/export/test/ptolemy/domains/ptinyos/lib/MicaLeds.xml
/home/travis/build/icyphy/ptII/ptolemy/vergil/basic/export/test/ptolemy/domains/ptinyos/lib/MicaLeds.xml (No such file or directory)
 in file:/home/travis/build/icyphy/ptII/ptolemy/actor/ptalon/demo/ptinyos/SendAndReceiveCnt/CntToLedsAndRfm.xml at line 132 and column 63
	at ptolemy.moml.MoMLParser.fileNameToURL(MoMLParser.java:1414)
	at ptolemy.moml.MoMLParser._findOrParse(MoMLParser.java:5283)
	at ptolemy.moml.MoMLParser._attemptToFindMoMLClass(MoMLParser.java:4075)
	at ptolemy.moml.MoMLParser._createEntity(MoMLParser.java:4323)
	... 78 more
Failed to read file:/home/travis/build/icyphy/ptII/ptolemy/actor/ptalon/demo/ptinyos/SendAndReceiveCnt/SendAndReceiveCnt.xml
ptolemy.kernel.util.IllegalActionException: Failed to process attribute change to PtalonParameter, whose value is "ptolemy.actor.ptalon.PtalonExpressionParameter {.SendAndReceiveCnt.SendAndReceiveCnt.channelName} "AtomicWirelessChannel"".
  in .SendAndReceiveCnt.SendAndReceiveCnt
Because:
Unable to add actor null
	at ptolemy.actor.ptalon.PtalonActor.attributeChanged(PtalonActor.java:211)
	at ptolemy.actor.ptalon.PtalonMLHandler.startElement(PtalonMLHandler.java:134)
	at com.microstar.xml.XmlParser.parseElement(XmlParser.java:921)
	at com.microstar.xml.XmlParser.parseContent(XmlParser.java:1104)
	at com.microstar.xml.XmlParser.parseElement(XmlParser.java:924)
	at com.microstar.xml.XmlParser.parseDocument(XmlParser.java:481)
	at com.microstar.xml.XmlParser.doParse(XmlParser.java:159)
	at com.microstar.xml.XmlParser.parse(XmlParser.java:132)
	at ptolemy.actor.ptalon.PtalonActor.configure(PtalonActor.java:240)
	at ptolemy.moml.MoMLParser.endElement(MoMLParser.java:996)
	at com.microstar.xml.XmlParser.parseETag(XmlParser.java:1026)
	at com.microstar.xml.XmlParser.parseContent(XmlParser.java:1098)
	at com.microstar.xml.XmlParser.parseElement(XmlParser.java:924)
	at com.microstar.xml.XmlParser.parseContent(XmlParser.java:1104)
	at com.microstar.xml.XmlParser.parseElement(XmlParser.java:924)
	at com.microstar.xml.XmlParser.parseContent(XmlParser.java:1104)
	at com.microstar.xml.XmlParser.parseElement(XmlParser.java:924)
	at com.microstar.xml.XmlParser.parseDocument(XmlParser.java:481)
	at com.microstar.xml.XmlParser.doParse(XmlParser.java:159)
	at com.microstar.xml.XmlParser.parse(XmlParser.java:132)
	at ptolemy.moml.MoMLParser.parse(MoMLParser.java:1676)
	at ptolemy.moml.MoMLParser.parse(MoMLParser.java:1595)
	at ptolemy.moml.MoMLParser.parse(MoMLParser.java:1537)
	at ptolemy.actor.gui.PtolemyEffigy$Factory.createEffigy(PtolemyEffigy.java:424)
	at ptolemy.actor.gui.EffigyFactory.createEffigy(EffigyFactory.java:234)
	at ptolemy.actor.gui.Configuration.openModel(Configuration.java:1125)
	at ptolemy.actor.gui.Configuration.openModel(Configuration.java:1051)
	at ptolemy.actor.gui.ConfigurationApplication._openModel(ConfigurationApplication.java:1252)
	at ptolemy.actor.gui.ConfigurationApplication._parseArg(ConfigurationApplication.java:1399)
	at ptolemy.actor.gui.ConfigurationApplication._parseArgs(ConfigurationApplication.java:1478)
	at ptolemy.actor.gui.ConfigurationApplication.<init>(ConfigurationApplication.java:277)
	at ptolemy.actor.gui.ConfigurationApplication.<init>(ConfigurationApplication.java:214)
	at ptolemy.actor.gui.ConfigurationApplication.<init>(ConfigurationApplication.java:201)
	at ptolemy.actor.gui.ConfigurationApplication.openModelOrEntity(ConfigurationApplication.java:680)
	at ptolemy.vergil.basic.export.ExportModel$1.run(ExportModel.java:220)
	at java.awt.event.InvocationEvent.dispatch(InvocationEvent.java:301)
	at java.awt.EventQueue.dispatchEventImpl(EventQueue.java:756)
	at java.awt.EventQueue.access$500(EventQueue.java:97)
	at java.awt.EventQueue$3.run(EventQueue.java:709)
	at java.awt.EventQueue$3.run(EventQueue.java:703)
	at java.security.AccessController.doPrivileged(Native Method)
	at java.security.ProtectionDomain$JavaSecurityAccessImpl.doIntersectionPrivilege(ProtectionDomain.java:80)
	at java.awt.EventQueue.dispatchEvent(EventQueue.java:726)
	at java.awt.EventDispatchThread.pumpOneEventForFilters(EventDispatchThread.java:201)
	at java.awt.EventDispatchThread.pumpEventsForFilter(EventDispatchThread.java:116)
	at java.awt.EventDispatchThread.pumpEventsForHierarchy(EventDispatchThread.java:105)
	at java.awt.EventDispatchThread.pumpEvents(EventDispatchThread.java:101)
	at java.awt.EventDispatchThread.pumpEvents(EventDispatchThread.java:93)
	at java.awt.EventDispatchThread.run(EventDispatchThread.java:82)
Caused by: ptolemy.actor.ptalon.PtalonRuntimeException: Unable to add actor null
	at ptolemy.actor.ptalon.PtalonEvaluator.addActor(PtalonEvaluator.java:300)
	at ptolemy.actor.ptalon.PtalonPopulator.actor_declaration(PtalonPopulator.java:1574)
	at ptolemy.actor.ptalon.PtalonPopulator.atomic_statement(PtalonPopulator.java:1638)
	at ptolemy.actor.ptalon.PtalonPopulator.iterative_statement_evaluator(PtalonPopulator.java:2484)
	at ptolemy.actor.ptalon.AbstractPtalonEvaluator$IfTree.evaluateForScope(AbstractPtalonEvaluator.java:1307)
	at ptolemy.actor.ptalon.AbstractPtalonEvaluator.evaluateForScope(AbstractPtalonEvaluator.java:744)
	at ptolemy.actor.ptalon.PtalonPopulator.iterative_statement(PtalonPopulator.java:2363)
	at ptolemy.actor.ptalon.PtalonPopulator.actor_definition(PtalonPopulator.java:2809)
	at ptolemy.actor.ptalon.PtalonActor.attributeChanged(PtalonActor.java:206)
	... 48 more
Caused by: ptolemy.kernel.util.InternalErrorException: Element <entity name="sender1" class="ptolemy.actor.ptalon.demo.ptinyos.SendAndReceiveCnt.CntToLedsAndRfm"> caused an exception to be thrown.
  in .SendAndReceiveCnt.SendAndReceiveCnt
Because:
Cannot find class: ptolemy.actor.ptalon.demo.ptinyos.SendAndReceiveCnt.CntToLedsAndRfm. In Ptolemy, classes are typically Java .class files. Entities like actors may instead be defined within a .xml file.  In any case, the class was not found. If the class uses a third party package, then the class would be present only if the third party package was found at compile time.  It may be necessary to upgrade Java or install the third party package, reconfigure and recompile.
Because:
Element <entity name="MicaLeds" class="ptolemy.domains.ptinyos.lib.MicaLeds"> caused an exception to be thrown.
  in .CntToLedsAndRfm
Because:
Cannot find class: ptolemy.domains.ptinyos.lib.MicaLeds. In Ptolemy, classes are typically Java .class files. Entities like actors may instead be defined within a .xml file.  In any case, the class was not found. If the class uses a third party package, then the class would be present only if the third party package was found at compile time.  It may be necessary to upgrade Java or install the third party package, reconfigure and recompile.
Because:
-- /home/travis/build/icyphy/ptII/ptolemy/actor/ptalon/demo/ptinyos/SendAndReceiveCnt/ptolemy/domains/ptinyos/lib/MicaLeds.xml (No such file or directory)
-- XML file not found relative to classpath.
-- /home/travis/build/icyphy/ptII/ptolemy/vergil/basic/export/test/ptolemy/domains/ptinyos/lib/MicaLeds.xml
/home/travis/build/icyphy/ptII/ptolemy/vergil/basic/export/test/ptolemy/domains/ptinyos/lib/MicaLeds.xml (No such file or directory)
 in file:/home/travis/build/icyphy/ptII/ptolemy/actor/ptalon/demo/ptinyos/SendAndReceiveCnt/CntToLedsAndRfm.xml at line 132 and column 63
	at ptolemy.moml.SimpleErrorHandler.handleError(SimpleErrorHandler.java:75)
	at ptolemy.moml.MoMLParser.startElement(MoMLParser.java:3805)
	at com.microstar.xml.XmlParser.parseElement(XmlParser.java:931)
	at com.microstar.xml.XmlParser.parseDocument(XmlParser.java:481)
	at com.microstar.xml.XmlParser.doParse(XmlParser.java:159)
	at com.microstar.xml.XmlParser.parse(XmlParser.java:132)
	at ptolemy.moml.MoMLParser.parse(MoMLParser.java:1660)
	at ptolemy.moml.MoMLParser.parse(MoMLParser.java:1617)
	at ptolemy.moml.MoMLParser.parse(MoMLParser.java:1792)
	at ptolemy.actor.ptalon.PtalonEvaluator.addActor(PtalonEvaluator.java:241)
	... 56 more
Caused by: ptolemy.kernel.util.IllegalActionException: Cannot find class: ptolemy.actor.ptalon.demo.ptinyos.SendAndReceiveCnt.CntToLedsAndRfm. In Ptolemy, classes are typically Java .class files. Entities like actors may instead be defined within a .xml file.  In any case, the class was not found. If the class uses a third party package, then the class would be present only if the third party package was found at compile time.  It may be necessary to upgrade Java or install the third party package, reconfigure and recompile.
Because:
Element <entity name="MicaLeds" class="ptolemy.domains.ptinyos.lib.MicaLeds"> caused an exception to be thrown.
  in .CntToLedsAndRfm
Because:
Cannot find class: ptolemy.domains.ptinyos.lib.MicaLeds. In Ptolemy, classes are typically Java .class files. Entities like actors may instead be defined within a .xml file.  In any case, the class was not found. If the class uses a third party package, then the class would be present only if the third party package was found at compile time.  It may be necessary to upgrade Java or install the third party package, reconfigure and recompile.
Because:
-- /home/travis/build/icyphy/ptII/ptolemy/actor/ptalon/demo/ptinyos/SendAndReceiveCnt/ptolemy/domains/ptinyos/lib/MicaLeds.xml (No such file or directory)
-- XML file not found relative to classpath.
-- /home/travis/build/icyphy/ptII/ptolemy/vergil/basic/export/test/ptolemy/domains/ptinyos/lib/MicaLeds.xml
/home/travis/build/icyphy/ptII/ptolemy/vergil/basic/export/test/ptolemy/domains/ptinyos/lib/MicaLeds.xml (No such file or directory)
 in file:/home/travis/build/icyphy/ptII/ptolemy/actor/ptalon/demo/ptinyos/SendAndReceiveCnt/CntToLedsAndRfm.xml at line 132 and column 63
	at ptolemy.moml.MoMLParser._createEntity(MoMLParser.java:4330)
	at ptolemy.moml.MoMLParser.startElement(MoMLParser.java:2864)
	... 64 more
Caused by: ptolemy.kernel.util.InternalErrorException: Element <entity name="MicaLeds" class="ptolemy.domains.ptinyos.lib.MicaLeds"> caused an exception to be thrown.
  in .CntToLedsAndRfm
Because:
Cannot find class: ptolemy.domains.ptinyos.lib.MicaLeds. In Ptolemy, classes are typically Java .class files. Entities like actors may instead be defined within a .xml file.  In any case, the class was not found. If the class uses a third party package, then the class would be present only if the third party package was found at compile time.  It may be necessary to upgrade Java or install the third party package, reconfigure and recompile.
Because:
-- /home/travis/build/icyphy/ptII/ptolemy/actor/ptalon/demo/ptinyos/SendAndReceiveCnt/ptolemy/domains/ptinyos/lib/MicaLeds.xml (No such file or directory)
-- XML file not found relative to classpath.
-- /home/travis/build/icyphy/ptII/ptolemy/vergil/basic/export/test/ptolemy/domains/ptinyos/lib/MicaLeds.xml
/home/travis/build/icyphy/ptII/ptolemy/vergil/basic/export/test/ptolemy/domains/ptinyos/lib/MicaLeds.xml (No such file or directory)
 in file:/home/travis/build/icyphy/ptII/ptolemy/actor/ptalon/demo/ptinyos/SendAndReceiveCnt/CntToLedsAndRfm.xml at line 132 and column 63
	at ptolemy.moml.SimpleErrorHandler.handleError(SimpleErrorHandler.java:75)
	at ptolemy.moml.MoMLParser.startElement(MoMLParser.java:3805)
	at com.microstar.xml.XmlParser.parseElement(XmlParser.java:921)
	at com.microstar.xml.XmlParser.parseContent(XmlParser.java:1104)
	at com.microstar.xml.XmlParser.parseElement(XmlParser.java:924)
	at com.microstar.xml.XmlParser.parseDocument(XmlParser.java:481)
	at com.microstar.xml.XmlParser.doParse(XmlParser.java:159)
	at com.microstar.xml.XmlParser.parse(XmlParser.java:132)
	at ptolemy.moml.MoMLParser.parse(MoMLParser.java:1676)
	at ptolemy.moml.MoMLParser.parse(MoMLParser.java:1595)
	at ptolemy.moml.MoMLParser.parse(MoMLParser.java:1537)
	at ptolemy.moml.MoMLParser._findOrParse(MoMLParser.java:5286)
	at ptolemy.moml.MoMLParser._attemptToFindMoMLClass(MoMLParser.java:4075)
	at ptolemy.moml.MoMLParser._createEntity(MoMLParser.java:4323)
	... 65 more
Caused by: ptolemy.kernel.util.IllegalActionException: Cannot find class: ptolemy.domains.ptinyos.lib.MicaLeds. In Ptolemy, classes are typically Java .class files. Entities like actors may instead be defined within a .xml file.  In any case, the class was not found. If the class uses a third party package, then the class would be present only if the third party package was found at compile time.  It may be necessary to upgrade Java or install the third party package, reconfigure and recompile.
Because:
-- /home/travis/build/icyphy/ptII/ptolemy/actor/ptalon/demo/ptinyos/SendAndReceiveCnt/ptolemy/domains/ptinyos/lib/MicaLeds.xml (No such file or directory)
-- XML file not found relative to classpath.
-- /home/travis/build/icyphy/ptII/ptolemy/vergil/basic/export/test/ptolemy/domains/ptinyos/lib/MicaLeds.xml
/home/travis/build/icyphy/ptII/ptolemy/vergil/basic/export/test/ptolemy/domains/ptinyos/lib/MicaLeds.xml (No such file or directory)
 in file:/home/travis/build/icyphy/ptII/ptolemy/actor/ptalon/demo/ptinyos/SendAndReceiveCnt/CntToLedsAndRfm.xml at line 132 and column 63
	at ptolemy.moml.MoMLParser._createEntity(MoMLParser.java:4330)
	at ptolemy.moml.MoMLParser.startElement(MoMLParser.java:2864)
	... 77 more
Caused by: com.microstar.xml.XmlException: -- /home/travis/build/icyphy/ptII/ptolemy/actor/ptalon/demo/ptinyos/SendAndReceiveCnt/ptolemy/domains/ptinyos/lib/MicaLeds.xml (No such file or directory)
-- XML file not found relative to classpath.
-- /home/travis/build/icyphy/ptII/ptolemy/vergil/basic/export/test/ptolemy/domains/ptinyos/lib/MicaLeds.xml
/home/travis/build/icyphy/ptII/ptolemy/vergil/basic/export/test/ptolemy/domains/ptinyos/lib/MicaLeds.xml (No such file or directory)
 in file:/home/travis/build/icyphy/ptII/ptolemy/actor/ptalon/demo/ptinyos/SendAndReceiveCnt/CntToLedsAndRfm.xml at line 132 and column 63
	at ptolemy.moml.MoMLParser.fileNameToURL(MoMLParser.java:1414)
	at ptolemy.moml.MoMLParser._findOrParse(MoMLParser.java:5283)
	at ptolemy.moml.MoMLParser._attemptToFindMoMLClass(MoMLParser.java:4075)
	at ptolemy.moml.MoMLParser._createEntity(MoMLParser.java:4323)
	... 78 more
Caused by: ptolemy.actor.ptalon.PtalonRuntimeException: Unable to add actor null
	at ptolemy.actor.ptalon.PtalonEvaluator.addActor(PtalonEvaluator.java:300)
	at ptolemy.actor.ptalon.PtalonPopulator.actor_declaration(PtalonPopulator.java:1574)
	at ptolemy.actor.ptalon.PtalonPopulator.atomic_statement(PtalonPopulator.java:1638)
	at ptolemy.actor.ptalon.PtalonPopulator.iterative_statement_evaluator(PtalonPopulator.java:2484)
	at ptolemy.actor.ptalon.AbstractPtalonEvaluator$IfTree.evaluateForScope(AbstractPtalonEvaluator.java:1307)
	at ptolemy.actor.ptalon.AbstractPtalonEvaluator.evaluateForScope(AbstractPtalonEvaluator.java:744)
	at ptolemy.actor.ptalon.PtalonPopulator.iterative_statement(PtalonPopulator.java:2363)
	at ptolemy.actor.ptalon.PtalonPopulator.actor_definition(PtalonPopulator.java:2809)
	at ptolemy.actor.ptalon.PtalonActor.attributeChanged(PtalonActor.java:206)
	at ptolemy.actor.ptalon.PtalonMLHandler.startElement(PtalonMLHandler.java:134)
	at com.microstar.xml.XmlParser.parseElement(XmlParser.java:921)
	at com.microstar.xml.XmlParser.parseContent(XmlParser.java:1104)
	at com.microstar.xml.XmlParser.parseElement(XmlParser.java:924)
	at com.microstar.xml.XmlParser.parseDocument(XmlParser.java:481)
	at com.microstar.xml.XmlParser.doParse(XmlParser.java:159)
	at com.microstar.xml.XmlParser.parse(XmlParser.java:132)
	at ptolemy.actor.ptalon.PtalonActor.configure(PtalonActor.java:240)
	at ptolemy.moml.MoMLParser.endElement(MoMLParser.java:996)
	at com.microstar.xml.XmlParser.parseETag(XmlParser.java:1026)
	at com.microstar.xml.XmlParser.parseContent(XmlParser.java:1098)
	at com.microstar.xml.XmlParser.parseElement(XmlParser.java:924)
	at com.microstar.xml.XmlParser.parseContent(XmlParser.java:1104)
	at com.microstar.xml.XmlParser.parseElement(XmlParser.java:924)
	at com.microstar.xml.XmlParser.parseContent(XmlParser.java:1104)
	at com.microstar.xml.XmlParser.parseElement(XmlParser.java:924)
	at com.microstar.xml.XmlParser.parseDocument(XmlParser.java:481)
	at com.microstar.xml.XmlParser.doParse(XmlParser.java:159)
	at com.microstar.xml.XmlParser.parse(XmlParser.java:132)
	at ptolemy.moml.MoMLParser.parse(MoMLParser.java:1676)
	at ptolemy.moml.MoMLParser.parse(MoMLParser.java:1595)
	at ptolemy.moml.MoMLParser.parse(MoMLParser.java:1537)
	at ptolemy.actor.gui.PtolemyEffigy$Factory.createEffigy(PtolemyEffigy.java:424)
	at ptolemy.actor.gui.EffigyFactory.createEffigy(EffigyFactory.java:234)
	at ptolemy.actor.gui.Configuration.openModel(Configuration.java:1125)
	at ptolemy.actor.gui.Configuration.openModel(Configuration.java:1051)
	at ptolemy.actor.gui.ConfigurationApplication._openModel(ConfigurationApplication.java:1252)
	at ptolemy.actor.gui.ConfigurationApplication._parseArg(ConfigurationApplication.java:1399)
	at ptolemy.actor.gui.ConfigurationApplication._parseArgs(ConfigurationApplication.java:1478)
	at ptolemy.actor.gui.ConfigurationApplication.<init>(ConfigurationApplication.java:277)
	at ptolemy.actor.gui.ConfigurationApplication.<init>(ConfigurationApplication.java:214)
	at ptolemy.actor.gui.ConfigurationApplication.<init>(ConfigurationApplication.java:201)
	at ptolemy.actor.gui.ConfigurationApplication.openModelOrEntity(ConfigurationApplication.java:680)
	at ptolemy.vergil.basic.export.ExportModel$1.run(ExportModel.java:220)
	at java.awt.event.InvocationEvent.dispatch(InvocationEvent.java:301)
	at java.awt.EventQueue.dispatchEventImpl(EventQueue.java:756)
	at java.awt.EventQueue.access$500(EventQueue.java:97)
	at java.awt.EventQueue$3.run(EventQueue.java:709)
	at java.awt.EventQueue$3.run(EventQueue.java:703)
	at java.security.AccessController.doPrivileged(Native Method)
	at java.security.ProtectionDomain$JavaSecurityAccessImpl.doIntersectionPrivilege(ProtectionDomain.java:80)
	at java.awt.EventQueue.dispatchEvent(EventQueue.java:726)
	at java.awt.EventDispatchThread.pumpOneEventForFilters(EventDispatchThread.java:201)
	at java.awt.EventDispatchThread.pumpEventsForFilter(EventDispatchThread.java:116)
	at java.awt.EventDispatchThread.pumpEventsForHierarchy(EventDispatchThread.java:105)
	at java.awt.EventDispatchThread.pumpEvents(EventDispatchThread.java:101)
	at java.awt.EventDispatchThread.pumpEvents(EventDispatchThread.java:93)
	at java.awt.EventDispatchThread.run(EventDispatchThread.java:82)
Caused by: ptolemy.kernel.util.InternalErrorException: Element <entity name="sender1" class="ptolemy.actor.ptalon.demo.ptinyos.SendAndReceiveCnt.CntToLedsAndRfm"> caused an exception to be thrown.
  in .SendAndReceiveCnt.SendAndReceiveCnt
Because:
Cannot find class: ptolemy.actor.ptalon.demo.ptinyos.SendAndReceiveCnt.CntToLedsAndRfm. In Ptolemy, classes are typically Java .class files. Entities like actors may instead be defined within a .xml file.  In any case, the class was not found. If the class uses a third party package, then the class would be present only if the third party package was found at compile time.  It may be necessary to upgrade Java or install the third party package, reconfigure and recompile.
Because:
Element <entity name="MicaLeds" class="ptolemy.domains.ptinyos.lib.MicaLeds"> caused an exception to be thrown.
  in .CntToLedsAndRfm
Because:
Cannot find class: ptolemy.domains.ptinyos.lib.MicaLeds. In Ptolemy, classes are typically Java .class files. Entities like actors may instead be defined within a .xml file.  In any case, the class was not found. If the class uses a third party package, then the class would be present only if the third party package was found at compile time.  It may be necessary to upgrade Java or install the third party package, reconfigure and recompile.
Because:
-- /home/travis/build/icyphy/ptII/ptolemy/actor/ptalon/demo/ptinyos/SendAndReceiveCnt/ptolemy/domains/ptinyos/lib/MicaLeds.xml (No such file or directory)
-- XML file not found relative to classpath.
-- /home/travis/build/icyphy/ptII/ptolemy/vergil/basic/export/test/ptolemy/domains/ptinyos/lib/MicaLeds.xml
/home/travis/build/icyphy/ptII/ptolemy/vergil/basic/export/test/ptolemy/domains/ptinyos/lib/MicaLeds.xml (No such file or directory)
 in file:/home/travis/build/icyphy/ptII/ptolemy/actor/ptalon/demo/ptinyos/SendAndReceiveCnt/CntToLedsAndRfm.xml at line 132 and column 63
	at ptolemy.moml.SimpleErrorHandler.handleError(SimpleErrorHandler.java:75)
	at ptolemy.moml.MoMLParser.startElement(MoMLParser.java:3805)
	at com.microstar.xml.XmlParser.parseElement(XmlParser.java:931)
	at com.microstar.xml.XmlParser.parseDocument(XmlParser.java:481)
	at com.microstar.xml.XmlParser.doParse(XmlParser.java:159)
	at com.microstar.xml.XmlParser.parse(XmlParser.java:132)
	at ptolemy.moml.MoMLParser.parse(MoMLParser.java:1660)
	at ptolemy.moml.MoMLParser.parse(MoMLParser.java:1617)
	at ptolemy.moml.MoMLParser.parse(MoMLParser.java:1792)
	at ptolemy.actor.ptalon.PtalonEvaluator.addActor(PtalonEvaluator.java:241)
	... 56 more
Caused by: ptolemy.kernel.util.IllegalActionException: Cannot find class: ptolemy.actor.ptalon.demo.ptinyos.SendAndReceiveCnt.CntToLedsAndRfm. In Ptolemy, classes are typically Java .class files. Entities like actors may instead be defined within a .xml file.  In any case, the class was not found. If the class uses a third party package, then the class would be present only if the third party package was found at compile time.  It may be necessary to upgrade Java or install the third party package, reconfigure and recompile.
Because:
Element <entity name="MicaLeds" class="ptolemy.domains.ptinyos.lib.MicaLeds"> caused an exception to be thrown.
  in .CntToLedsAndRfm
Because:
Cannot find class: ptolemy.domains.ptinyos.lib.MicaLeds. In Ptolemy, classes are typically Java .class files. Entities like actors may instead be defined within a .xml file.  In any case, the class was not found. If the class uses a third party package, then the class would be present only if the third party package was found at compile time.  It may be necessary to upgrade Java or install the third party package, reconfigure and recompile.
Because:
-- /home/travis/build/icyphy/ptII/ptolemy/actor/ptalon/demo/ptinyos/SendAndReceiveCnt/ptolemy/domains/ptinyos/lib/MicaLeds.xml (No such file or directory)
-- XML file not found relative to classpath.
-- /home/travis/build/icyphy/ptII/ptolemy/vergil/basic/export/test/ptolemy/domains/ptinyos/lib/MicaLeds.xml
/home/travis/build/icyphy/ptII/ptolemy/vergil/basic/export/test/ptolemy/domains/ptinyos/lib/MicaLeds.xml (No such file or directory)
 in file:/home/travis/build/icyphy/ptII/ptolemy/actor/ptalon/demo/ptinyos/SendAndReceiveCnt/CntToLedsAndRfm.xml at line 132 and column 63
	at ptolemy.moml.MoMLParser._createEntity(MoMLParser.java:4330)
	at ptolemy.moml.MoMLParser.startElement(MoMLParser.java:2864)
	... 64 more
Caused by: ptolemy.kernel.util.InternalErrorException: Element <entity name="MicaLeds" class="ptolemy.domains.ptinyos.lib.MicaLeds"> caused an exception to be thrown.
  in .CntToLedsAndRfm
Because:
Cannot find class: ptolemy.domains.ptinyos.lib.MicaLeds. In Ptolemy, classes are typically Java .class files. Entities like actors may instead be defined within a .xml file.  In any case, the class was not found. If the class uses a third party package, then the class would be present only if the third party package was found at compile time.  It may be necessary to upgrade Java or install the third party package, reconfigure and recompile.
Because:
-- /home/travis/build/icyphy/ptII/ptolemy/actor/ptalon/demo/ptinyos/SendAndReceiveCnt/ptolemy/domains/ptinyos/lib/MicaLeds.xml (No such file or directory)
-- XML file not found relative to classpath.
-- /home/travis/build/icyphy/ptII/ptolemy/vergil/basic/export/test/ptolemy/domains/ptinyos/lib/MicaLeds.xml
/home/travis/build/icyphy/ptII/ptolemy/vergil/basic/export/test/ptolemy/domains/ptinyos/lib/MicaLeds.xml (No such file or directory)
 in file:/home/travis/build/icyphy/ptII/ptolemy/actor/ptalon/demo/ptinyos/SendAndReceiveCnt/CntToLedsAndRfm.xml at line 132 and column 63
	at ptolemy.moml.SimpleErrorHandler.handleError(SimpleErrorHandler.java:75)
	at ptolemy.moml.MoMLParser.startElement(MoMLParser.java:3805)
	at com.microstar.xml.XmlParser.parseElement(XmlParser.java:921)
	at com.microstar.xml.XmlParser.parseContent(XmlParser.java:1104)
	at com.microstar.xml.XmlParser.parseElement(XmlParser.java:924)
	at com.microstar.xml.XmlParser.parseDocument(XmlParser.java:481)
	at com.microstar.xml.XmlParser.doParse(XmlParser.java:159)
	at com.microstar.xml.XmlParser.parse(XmlParser.java:132)
	at ptolemy.moml.MoMLParser.parse(MoMLParser.java:1676)
	at ptolemy.moml.MoMLParser.parse(MoMLParser.java:1595)
	at ptolemy.moml.MoMLParser.parse(MoMLParser.java:1537)
	at ptolemy.moml.MoMLParser._findOrParse(MoMLParser.java:5286)
	at ptolemy.moml.MoMLParser._attemptToFindMoMLClass(MoMLParser.java:4075)
	at ptolemy.moml.MoMLParser._createEntity(MoMLParser.java:4323)
	... 65 more
Caused by: ptolemy.kernel.util.IllegalActionException: Cannot find class: ptolemy.domains.ptinyos.lib.MicaLeds. In Ptolemy, classes are typically Java .class files. Entities like actors may instead be defined within a .xml file.  In any case, the class was not found. If the class uses a third party package, then the class would be present only if the third party package was found at compile time.  It may be necessary to upgrade Java or install the third party package, reconfigure and recompile.
Because:
-- /home/travis/build/icyphy/ptII/ptolemy/actor/ptalon/demo/ptinyos/SendAndReceiveCnt/ptolemy/domains/ptinyos/lib/MicaLeds.xml (No such file or directory)
-- XML file not found relative to classpath.
-- /home/travis/build/icyphy/ptII/ptolemy/vergil/basic/export/test/ptolemy/domains/ptinyos/lib/MicaLeds.xml
/home/travis/build/icyphy/ptII/ptolemy/vergil/basic/export/test/ptolemy/domains/ptinyos/lib/MicaLeds.xml (No such file or directory)
 in file:/home/travis/build/icyphy/ptII/ptolemy/actor/ptalon/demo/ptinyos/SendAndReceiveCnt/CntToLedsAndRfm.xml at line 132 and column 63
	at ptolemy.moml.MoMLParser._createEntity(MoMLParser.java:4330)
	at ptolemy.moml.MoMLParser.startElement(MoMLParser.java:2864)
	... 77 more
Caused by: com.microstar.xml.XmlException: -- /home/travis/build/icyphy/ptII/ptolemy/actor/ptalon/demo/ptinyos/SendAndReceiveCnt/ptolemy/domains/ptinyos/lib/MicaLeds.xml (No such file or directory)
-- XML file not found relative to classpath.
-- /home/travis/build/icyphy/ptII/ptolemy/vergil/basic/export/test/ptolemy/domains/ptinyos/lib/MicaLeds.xml
/home/travis/build/icyphy/ptII/ptolemy/vergil/basic/export/test/ptolemy/domains/ptinyos/lib/MicaLeds.xml (No such file or directory)
 in file:/home/travis/build/icyphy/ptII/ptolemy/actor/ptalon/demo/ptinyos/SendAndReceiveCnt/CntToLedsAndRfm.xml at line 132 and column 63
	at ptolemy.moml.MoMLParser.fileNameToURL(MoMLParser.java:1414)
	at ptolemy.moml.MoMLParser._findOrParse(MoMLParser.java:5283)
	at ptolemy.moml.MoMLParser._attemptToFindMoMLClass(MoMLParser.java:4075)
	at ptolemy.moml.MoMLParser._createEntity(MoMLParser.java:4323)
	... 78 more
Failed to read file:/home/travis/build/icyphy/ptII/ptolemy/actor/ptalon/demo/ptinyos/SendAndReceiveCnt/SendAndReceiveCnt.xml
ptolemy.kernel.util.IllegalActionException: Failed to process attribute change to PtalonParameter, whose value is "ptolemy.actor.ptalon.PtalonExpressionParameter {.SendAndReceiveCnt.SendAndReceiveCnt.channelName} "AtomicWirelessChannel"".
  in .SendAndReceiveCnt.SendAndReceiveCnt
Because:
Unable to add actor null
	at ptolemy.actor.ptalon.PtalonActor.attributeChanged(PtalonActor.java:211)
	at ptolemy.actor.ptalon.PtalonMLHandler.startElement(PtalonMLHandler.java:134)
	at com.microstar.xml.XmlParser.parseElement(XmlParser.java:921)
	at com.microstar.xml.XmlParser.parseContent(XmlParser.java:1104)
	at com.microstar.xml.XmlParser.parseElement(XmlParser.java:924)
	at com.microstar.xml.XmlParser.parseDocument(XmlParser.java:481)
	at com.microstar.xml.XmlParser.doParse(XmlParser.java:159)
	at com.microstar.xml.XmlParser.parse(XmlParser.java:132)
	at ptolemy.actor.ptalon.PtalonActor.configure(PtalonActor.java:240)
	at ptolemy.moml.MoMLParser.endElement(MoMLParser.java:996)
	at com.microstar.xml.XmlParser.parseETag(XmlParser.java:1026)
	at com.microstar.xml.XmlParser.parseContent(XmlParser.java:1098)
	at com.microstar.xml.XmlParser.parseElement(XmlParser.java:924)
	at com.microstar.xml.XmlParser.parseContent(XmlParser.java:1104)
	at com.microstar.xml.XmlParser.parseElement(XmlParser.java:924)
	at com.microstar.xml.XmlParser.parseContent(XmlParser.java:1104)
	at com.microstar.xml.XmlParser.parseElement(XmlParser.java:924)
	at com.microstar.xml.XmlParser.parseDocument(XmlParser.java:481)
	at com.microstar.xml.XmlParser.doParse(XmlParser.java:159)
	at com.microstar.xml.XmlParser.parse(XmlParser.java:132)
	at ptolemy.moml.MoMLParser.parse(MoMLParser.java:1676)
	at ptolemy.moml.MoMLParser.parse(MoMLParser.java:1595)
	at ptolemy.moml.MoMLParser.parse(MoMLParser.java:1537)
	at ptolemy.actor.gui.PtolemyEffigy$Factory.createEffigy(PtolemyEffigy.java:424)
	at ptolemy.actor.gui.EffigyFactory.createEffigy(EffigyFactory.java:234)
	at ptolemy.actor.gui.Configuration.openModel(Configuration.java:1125)
	at ptolemy.actor.gui.Configuration.openModel(Configuration.java:1051)
	at ptolemy.actor.gui.ConfigurationApplication._openModel(ConfigurationApplication.java:1252)
	at ptolemy.actor.gui.ConfigurationApplication._parseArg(ConfigurationApplication.java:1399)
	at ptolemy.actor.gui.ConfigurationApplication._parseArgs(ConfigurationApplication.java:1478)
	at ptolemy.actor.gui.ConfigurationApplication.<init>(ConfigurationApplication.java:277)
	at ptolemy.actor.gui.ConfigurationApplication.<init>(ConfigurationApplication.java:214)
	at ptolemy.actor.gui.ConfigurationApplication.<init>(ConfigurationApplication.java:201)
	at ptolemy.actor.gui.ConfigurationApplication.openModelOrEntity(ConfigurationApplication.java:680)
	at ptolemy.vergil.basic.export.ExportModel$1.run(ExportModel.java:220)
	at java.awt.event.InvocationEvent.dispatch(InvocationEvent.java:301)
	at java.awt.EventQueue.dispatchEventImpl(EventQueue.java:756)
	at java.awt.EventQueue.access$500(EventQueue.java:97)
	at java.awt.EventQueue$3.run(EventQueue.java:709)
	at java.awt.EventQueue$3.run(EventQueue.java:703)
	at java.security.AccessController.doPrivileged(Native Method)
	at java.security.ProtectionDomain$JavaSecurityAccessImpl.doIntersectionPrivilege(ProtectionDomain.java:80)
	at java.awt.EventQueue.dispatchEvent(EventQueue.java:726)
	at java.awt.EventDispatchThread.pumpOneEventForFilters(EventDispatchThread.java:201)
	at java.awt.EventDispatchThread.pumpEventsForFilter(EventDispatchThread.java:116)
	at java.awt.EventDispatchThread.pumpEventsForHierarchy(EventDispatchThread.java:105)
	at java.awt.EventDispatchThread.pumpEvents(EventDispatchThread.java:101)
	at java.awt.EventDispatchThread.pumpEvents(EventDispatchThread.java:93)
	at java.awt.EventDispatchThread.run(EventDispatchThread.java:82)
Caused by: ptolemy.actor.ptalon.PtalonRuntimeException: Unable to add actor null
	at ptolemy.actor.ptalon.PtalonEvaluator.addActor(PtalonEvaluator.java:300)
	at ptolemy.actor.ptalon.PtalonPopulator.actor_declaration(PtalonPopulator.java:1574)
	at ptolemy.actor.ptalon.PtalonPopulator.atomic_statement(PtalonPopulator.java:1638)
	at ptolemy.actor.ptalon.PtalonPopulator.iterative_statement_evaluator(PtalonPopulator.java:2484)
	at ptolemy.actor.ptalon.AbstractPtalonEvaluator$IfTree.evaluateForScope(AbstractPtalonEvaluator.java:1307)
	at ptolemy.actor.ptalon.AbstractPtalonEvaluator.evaluateForScope(AbstractPtalonEvaluator.java:744)
	at ptolemy.actor.ptalon.PtalonPopulator.iterative_statement(PtalonPopulator.java:2363)
	at ptolemy.actor.ptalon.PtalonPopulator.actor_definition(PtalonPopulator.java:2809)
	at ptolemy.actor.ptalon.PtalonActor.attributeChanged(PtalonActor.java:206)
	... 48 more
Caused by: ptolemy.kernel.util.InternalErrorException: Element <entity name="sender1" class="ptolemy.actor.ptalon.demo.ptinyos.SendAndReceiveCnt.CntToLedsAndRfm"> caused an exception to be thrown.
  in .SendAndReceiveCnt.SendAndReceiveCnt
Because:
Cannot find class: ptolemy.actor.ptalon.demo.ptinyos.SendAndReceiveCnt.CntToLedsAndRfm. In Ptolemy, classes are typically Java .class files. Entities like actors may instead be defined within a .xml file.  In any case, the class was not found. If the class uses a third party package, then the class would be present only if the third party package was found at compile time.  It may be necessary to upgrade Java or install the third party package, reconfigure and recompile.
Because:
Element <entity name="MicaLeds" class="ptolemy.domains.ptinyos.lib.MicaLeds"> caused an exception to be thrown.
  in .CntToLedsAndRfm
Because:
Cannot find class: ptolemy.domains.ptinyos.lib.MicaLeds. In Ptolemy, classes are typically Java .class files. Entities like actors may instead be defined within a .xml file.  In any case, the class was not found. If the class uses a third party package, then the class would be present only if the third party package was found at compile time.  It may be necessary to upgrade Java or install the third party package, reconfigure and recompile.
Because:
-- /home/travis/build/icyphy/ptII/ptolemy/actor/ptalon/demo/ptinyos/SendAndReceiveCnt/ptolemy/domains/ptinyos/lib/MicaLeds.xml (No such file or directory)
-- XML file not found relative to classpath.
-- /home/travis/build/icyphy/ptII/ptolemy/vergil/basic/export/test/ptolemy/domains/ptinyos/lib/MicaLeds.xml
/home/travis/build/icyphy/ptII/ptolemy/vergil/basic/export/test/ptolemy/domains/ptinyos/lib/MicaLeds.xml (No such file or directory)
 in file:/home/travis/build/icyphy/ptII/ptolemy/actor/ptalon/demo/ptinyos/SendAndReceiveCnt/CntToLedsAndRfm.xml at line 132 and column 63
	at ptolemy.moml.SimpleErrorHandler.handleError(SimpleErrorHandler.java:75)
	at ptolemy.moml.MoMLParser.startElement(MoMLParser.java:3805)
	at com.microstar.xml.XmlParser.parseElement(XmlParser.java:931)
	at com.microstar.xml.XmlParser.parseDocument(XmlParser.java:481)
	at com.microstar.xml.XmlParser.doParse(XmlParser.java:159)
	at com.microstar.xml.XmlParser.parse(XmlParser.java:132)
	at ptolemy.moml.MoMLParser.parse(MoMLParser.java:1660)
	at ptolemy.moml.MoMLParser.parse(MoMLParser.java:1617)
	at ptolemy.moml.MoMLParser.parse(MoMLParser.java:1792)
	at ptolemy.actor.ptalon.PtalonEvaluator.addActor(PtalonEvaluator.java:241)
	... 56 more
Caused by: ptolemy.kernel.util.IllegalActionException: Cannot find class: ptolemy.actor.ptalon.demo.ptinyos.SendAndReceiveCnt.CntToLedsAndRfm. In Ptolemy, classes are typically Java .class files. Entities like actors may instead be defined within a .xml file.  In any case, the class was not found. If the class uses a third party package, then the class would be present only if the third party package was found at compile time.  It may be necessary to upgrade Java or install the third party package, reconfigure and recompile.
Because:
Element <entity name="MicaLeds" class="ptolemy.domains.ptinyos.lib.MicaLeds"> caused an exception to be thrown.
  in .CntToLedsAndRfm
Because:
Cannot find class: ptolemy.domains.ptinyos.lib.MicaLeds. In Ptolemy, classes are typically Java .class files. Entities like actors may instead be defined within a .xml file.  In any case, the class was not found. If the class uses a third party package, then the class would be present only if the third party package was found at compile time.  It may be necessary to upgrade Java or install the third party package, reconfigure and recompile.
Because:
-- /home/travis/build/icyphy/ptII/ptolemy/actor/ptalon/demo/ptinyos/SendAndReceiveCnt/ptolemy/domains/ptinyos/lib/MicaLeds.xml (No such file or directory)
-- XML file not found relative to classpath.
-- /home/travis/build/icyphy/ptII/ptolemy/vergil/basic/export/test/ptolemy/domains/ptinyos/lib/MicaLeds.xml
/home/travis/build/icyphy/ptII/ptolemy/vergil/basic/export/test/ptolemy/domains/ptinyos/lib/MicaLeds.xml (No such file or directory)
 in file:/home/travis/build/icyphy/ptII/ptolemy/actor/ptalon/demo/ptinyos/SendAndReceiveCnt/CntToLedsAndRfm.xml at line 132 and column 63
	at ptolemy.moml.MoMLParser._createEntity(MoMLParser.java:4330)
	at ptolemy.moml.MoMLParser.startElement(MoMLParser.java:2864)
	... 64 more
Caused by: ptolemy.kernel.util.InternalErrorException: Element <entity name="MicaLeds" class="ptolemy.domains.ptinyos.lib.MicaLeds"> caused an exception to be thrown.
  in .CntToLedsAndRfm
Because:
Cannot find class: ptolemy.domains.ptinyos.lib.MicaLeds. In Ptolemy, classes are typically Java .class files. Entities like actors may instead be defined within a .xml file.  In any case, the class was not found. If the class uses a third party package, then the class would be present only if the third party package was found at compile time.  It may be necessary to upgrade Java or install the third party package, reconfigure and recompile.
Because:
-- /home/travis/build/icyphy/ptII/ptolemy/actor/ptalon/demo/ptinyos/SendAndReceiveCnt/ptolemy/domains/ptinyos/lib/MicaLeds.xml (No such file or directory)
-- XML file not found relative to classpath.
-- /home/travis/build/icyphy/ptII/ptolemy/vergil/basic/export/test/ptolemy/domains/ptinyos/lib/MicaLeds.xml
/home/travis/build/icyphy/ptII/ptolemy/vergil/basic/export/test/ptolemy/domains/ptinyos/lib/MicaLeds.xml (No such file or directory)
 in file:/home/travis/build/icyphy/ptII/ptolemy/actor/ptalon/demo/ptinyos/SendAndReceiveCnt/CntToLedsAndRfm.xml at line 132 and column 63
	at ptolemy.moml.SimpleErrorHandler.handleError(SimpleErrorHandler.java:75)
	at ptolemy.moml.MoMLParser.startElement(MoMLParser.java:3805)
	at com.microstar.xml.XmlParser.parseElement(XmlParser.java:921)
	at com.microstar.xml.XmlParser.parseContent(XmlParser.java:1104)
	at com.microstar.xml.XmlParser.parseElement(XmlParser.java:924)
	at com.microstar.xml.XmlParser.parseDocument(XmlParser.java:481)
	at com.microstar.xml.XmlParser.doParse(XmlParser.java:159)
	at com.microstar.xml.XmlParser.parse(XmlParser.java:132)
	at ptolemy.moml.MoMLParser.parse(MoMLParser.java:1676)
	at ptolemy.moml.MoMLParser.parse(MoMLParser.java:1595)
	at ptolemy.moml.MoMLParser.parse(MoMLParser.java:1537)
	at ptolemy.moml.MoMLParser._findOrParse(MoMLParser.java:5286)
	at ptolemy.moml.MoMLParser._attemptToFindMoMLClass(MoMLParser.java:4075)
	at ptolemy.moml.MoMLParser._createEntity(MoMLParser.java:4323)
	... 65 more
Caused by: ptolemy.kernel.util.IllegalActionException: Cannot find class: ptolemy.domains.ptinyos.lib.MicaLeds. In Ptolemy, classes are typically Java .class files. Entities like actors may instead be defined within a .xml file.  In any case, the class was not found. If the class uses a third party package, then the class would be present only if the third party package was found at compile time.  It may be necessary to upgrade Java or install the third party package, reconfigure and recompile.
Because:
-- /home/travis/build/icyphy/ptII/ptolemy/actor/ptalon/demo/ptinyos/SendAndReceiveCnt/ptolemy/domains/ptinyos/lib/MicaLeds.xml (No such file or directory)
-- XML file not found relative to classpath.
-- /home/travis/build/icyphy/ptII/ptolemy/vergil/basic/export/test/ptolemy/domains/ptinyos/lib/MicaLeds.xml
/home/travis/build/icyphy/ptII/ptolemy/vergil/basic/export/test/ptolemy/domains/ptinyos/lib/MicaLeds.xml (No such file or directory)
 in file:/home/travis/build/icyphy/ptII/ptolemy/actor/ptalon/demo/ptinyos/SendAndReceiveCnt/CntToLedsAndRfm.xml at line 132 and column 63
	at ptolemy.moml.MoMLParser._createEntity(MoMLParser.java:4330)
	at ptolemy.moml.MoMLParser.startElement(MoMLParser.java:2864)
	... 77 more
Caused by: com.microstar.xml.XmlException: -- /home/travis/build/icyphy/ptII/ptolemy/actor/ptalon/demo/ptinyos/SendAndReceiveCnt/ptolemy/domains/ptinyos/lib/MicaLeds.xml (No such file or directory)
-- XML file not found relative to classpath.
-- /home/travis/build/icyphy/ptII/ptolemy/vergil/basic/export/test/ptolemy/domains/ptinyos/lib/MicaLeds.xml
/home/travis/build/icyphy/ptII/ptolemy/vergil/basic/export/test/ptolemy/domains/ptinyos/lib/MicaLeds.xml (No such file or directory)
 in file:/home/travis/build/icyphy/ptII/ptolemy/actor/ptalon/demo/ptinyos/SendAndReceiveCnt/CntToLedsAndRfm.xml at line 132 and column 63
	at ptolemy.moml.MoMLParser.fileNameToURL(MoMLParser.java:1414)
	at ptolemy.moml.MoMLParser._findOrParse(MoMLParser.java:5283)
	at ptolemy.moml.MoMLParser._attemptToFindMoMLClass(MoMLParser.java:4075)
	at ptolemy.moml.MoMLParser._createEntity(MoMLParser.java:4323)
	... 78 more
Caused by: ptolemy.actor.ptalon.PtalonRuntimeException: Unable to add actor null
	at ptolemy.actor.ptalon.PtalonEvaluator.addActor(PtalonEvaluator.java:300)
	at ptolemy.actor.ptalon.PtalonPopulator.actor_declaration(PtalonPopulator.java:1574)
	at ptolemy.actor.ptalon.PtalonPopulator.atomic_statement(PtalonPopulator.java:1638)
	at ptolemy.actor.ptalon.PtalonPopulator.iterative_statement_evaluator(PtalonPopulator.java:2484)
	at ptolemy.actor.ptalon.AbstractPtalonEvaluator$IfTree.evaluateForScope(AbstractPtalonEvaluator.java:1307)
	at ptolemy.actor.ptalon.AbstractPtalonEvaluator.evaluateForScope(AbstractPtalonEvaluator.java:744)
	at ptolemy.actor.ptalon.PtalonPopulator.iterative_statement(PtalonPopulator.java:2363)
	at ptolemy.actor.ptalon.PtalonPopulator.actor_definition(PtalonPopulator.java:2809)
	at ptolemy.actor.ptalon.PtalonActor.attributeChanged(PtalonActor.java:206)
	at ptolemy.actor.ptalon.PtalonMLHandler.startElement(PtalonMLHandler.java:134)
	at com.microstar.xml.XmlParser.parseElement(XmlParser.java:921)
	at com.microstar.xml.XmlParser.parseContent(XmlParser.java:1104)
	at com.microstar.xml.XmlParser.parseElement(XmlParser.java:924)
	at com.microstar.xml.XmlParser.parseDocument(XmlParser.java:481)
	at com.microstar.xml.XmlParser.doParse(XmlParser.java:159)
	at com.microstar.xml.XmlParser.parse(XmlParser.java:132)
	at ptolemy.actor.ptalon.PtalonActor.configure(PtalonActor.java:240)
	at ptolemy.moml.MoMLParser.endElement(MoMLParser.java:996)
	at com.microstar.xml.XmlParser.parseETag(XmlParser.java:1026)
	at com.microstar.xml.XmlParser.parseContent(XmlParser.java:1098)
	at com.microstar.xml.XmlParser.parseElement(XmlParser.java:924)
	at com.microstar.xml.XmlParser.parseContent(XmlParser.java:1104)
	at com.microstar.xml.XmlParser.parseElement(XmlParser.java:924)
	at com.microstar.xml.XmlParser.parseContent(XmlParser.java:1104)
	at com.microstar.xml.XmlParser.parseElement(XmlParser.java:924)
	at com.microstar.xml.XmlParser.parseDocument(XmlParser.java:481)
	at com.microstar.xml.XmlParser.doParse(XmlParser.java:159)
	at com.microstar.xml.XmlParser.parse(XmlParser.java:132)
	at ptolemy.moml.MoMLParser.parse(MoMLParser.java:1676)
	at ptolemy.moml.MoMLParser.parse(MoMLParser.java:1595)
	at ptolemy.moml.MoMLParser.parse(MoMLParser.java:1537)
	at ptolemy.actor.gui.PtolemyEffigy$Factory.createEffigy(PtolemyEffigy.java:424)
	at ptolemy.actor.gui.EffigyFactory.createEffigy(EffigyFactory.java:234)
	at ptolemy.actor.gui.Configuration.openModel(Configuration.java:1125)
	at ptolemy.actor.gui.Configuration.openModel(Configuration.java:1051)
	at ptolemy.actor.gui.ConfigurationApplication._openModel(ConfigurationApplication.java:1252)
	at ptolemy.actor.gui.ConfigurationApplication._parseArg(ConfigurationApplication.java:1399)
	at ptolemy.actor.gui.ConfigurationApplication._parseArgs(ConfigurationApplication.java:1478)
	at ptolemy.actor.gui.ConfigurationApplication.<init>(ConfigurationApplication.java:277)
	at ptolemy.actor.gui.ConfigurationApplication.<init>(ConfigurationApplication.java:214)
	at ptolemy.actor.gui.ConfigurationApplication.<init>(ConfigurationApplication.java:201)
	at ptolemy.actor.gui.ConfigurationApplication.openModelOrEntity(ConfigurationApplication.java:680)
	at ptolemy.vergil.basic.export.ExportModel$1.run(ExportModel.java:220)
	at java.awt.event.InvocationEvent.dispatch(InvocationEvent.java:301)
	at java.awt.EventQueue.dispatchEventImpl(EventQueue.java:756)
	at java.awt.EventQueue.access$500(EventQueue.java:97)
	at java.awt.EventQueue$3.run(EventQueue.java:709)
	at java.awt.EventQueue$3.run(EventQueue.java:703)
	at java.security.AccessController.doPrivileged(Native Method)
	at java.security.ProtectionDomain$JavaSecurityAccessImpl.doIntersectionPrivilege(ProtectionDomain.java:80)
	at java.awt.EventQueue.dispatchEvent(EventQueue.java:726)
	at java.awt.EventDispatchThread.pumpOneEventForFilters(EventDispatchThread.java:201)
	at java.awt.EventDispatchThread.pumpEventsForFilter(EventDispatchThread.java:116)
	at java.awt.EventDispatchThread.pumpEventsForHierarchy(EventDispatchThread.java:105)
	at java.awt.EventDispatchThread.pumpEvents(EventDispatchThread.java:101)
	at java.awt.EventDispatchThread.pumpEvents(EventDispatchThread.java:93)
	at java.awt.EventDispatchThread.run(EventDispatchThread.java:82)
Caused by: ptolemy.kernel.util.InternalErrorException: Element <entity name="sender1" class="ptolemy.actor.ptalon.demo.ptinyos.SendAndReceiveCnt.CntToLedsAndRfm"> caused an exception to be thrown.
  in .SendAndReceiveCnt.SendAndReceiveCnt
Because:
Cannot find class: ptolemy.actor.ptalon.demo.ptinyos.SendAndReceiveCnt.CntToLedsAndRfm. In Ptolemy, classes are typically Java .class files. Entities like actors may instead be defined within a .xml file.  In any case, the class was not found. If the class uses a third party package, then the class would be present only if the third party package was found at compile time.  It may be necessary to upgrade Java or install the third party package, reconfigure and recompile.
Because:
Element <entity name="MicaLeds" class="ptolemy.domains.ptinyos.lib.MicaLeds"> caused an exception to be thrown.
  in .CntToLedsAndRfm
Because:
Cannot find class: ptolemy.domains.ptinyos.lib.MicaLeds. In Ptolemy, classes are typically Java .class files. Entities like actors may instead be defined within a .xml file.  In any case, the class was not found. If the class uses a third party package, then the class would be present only if the third party package was found at compile time.  It may be necessary to upgrade Java or install the third party package, reconfigure and recompile.
Because:
-- /home/travis/build/icyphy/ptII/ptolemy/actor/ptalon/demo/ptinyos/SendAndReceiveCnt/ptolemy/domains/ptinyos/lib/MicaLeds.xml (No such file or directory)
-- XML file not found relative to classpath.
-- /home/travis/build/icyphy/ptII/ptolemy/vergil/basic/export/test/ptolemy/domains/ptinyos/lib/MicaLeds.xml
/home/travis/build/icyphy/ptII/ptolemy/vergil/basic/export/test/ptolemy/domains/ptinyos/lib/MicaLeds.xml (No such file or directory)
 in file:/home/travis/build/icyphy/ptII/ptolemy/actor/ptalon/demo/ptinyos/SendAndReceiveCnt/CntToLedsAndRfm.xml at line 132 and column 63
	at ptolemy.moml.SimpleErrorHandler.handleError(SimpleErrorHandler.java:75)
	at ptolemy.moml.MoMLParser.startElement(MoMLParser.java:3805)
	at com.microstar.xml.XmlParser.parseElement(XmlParser.java:931)
	at com.microstar.xml.XmlParser.parseDocument(XmlParser.java:481)
	at com.microstar.xml.XmlParser.doParse(XmlParser.java:159)
	at com.microstar.xml.XmlParser.parse(XmlParser.java:132)
	at ptolemy.moml.MoMLParser.parse(MoMLParser.java:1660)
	at ptolemy.moml.MoMLParser.parse(MoMLParser.java:1617)
	at ptolemy.moml.MoMLParser.parse(MoMLParser.java:1792)
	at ptolemy.actor.ptalon.PtalonEvaluator.addActor(PtalonEvaluator.java:241)
	... 56 more
Caused by: ptolemy.kernel.util.IllegalActionException: Cannot find class: ptolemy.actor.ptalon.demo.ptinyos.SendAndReceiveCnt.CntToLedsAndRfm. In Ptolemy, classes are typically Java .class files. Entities like actors may instead be defined within a .xml file.  In any case, the class was not found. If the class uses a third party package, then the class would be present only if the third party package was found at compile time.  It may be necessary to upgrade Java or install the third party package, reconfigure and recompile.
Because:
Element <entity name="MicaLeds" class="ptolemy.domains.ptinyos.lib.MicaLeds"> caused an exception to be thrown.
  in .CntToLedsAndRfm
Because:
Cannot find class: ptolemy.domains.ptinyos.lib.MicaLeds. In Ptolemy, classes are typically Java .class files. Entities like actors may instead be defined within a .xml file.  In any case, the class was not found. If the class uses a third party package, then the class would be present only if the third party package was found at compile time.  It may be necessary to upgrade Java or install the third party package, reconfigure and recompile.
Because:
-- /home/travis/build/icyphy/ptII/ptolemy/actor/ptalon/demo/ptinyos/SendAndReceiveCnt/ptolemy/domains/ptinyos/lib/MicaLeds.xml (No such file or directory)
-- XML file not found relative to classpath.
-- /home/travis/build/icyphy/ptII/ptolemy/vergil/basic/export/test/ptolemy/domains/ptinyos/lib/MicaLeds.xml
/home/travis/build/icyphy/ptII/ptolemy/vergil/basic/export/test/ptolemy/domains/ptinyos/lib/MicaLeds.xml (No such file or directory)
 in file:/home/travis/build/icyphy/ptII/ptolemy/actor/ptalon/demo/ptinyos/SendAndReceiveCnt/CntToLedsAndRfm.xml at line 132 and column 63
	at ptolemy.moml.MoMLParser._createEntity(MoMLParser.java:4330)
	at ptolemy.moml.MoMLParser.startElement(MoMLParser.java:2864)
	... 64 more
Caused by: ptolemy.kernel.util.InternalErrorException: Element <entity name="MicaLeds" class="ptolemy.domains.ptinyos.lib.MicaLeds"> caused an exception to be thrown.
  in .CntToLedsAndRfm
Because:
Cannot find class: ptolemy.domains.ptinyos.lib.MicaLeds. In Ptolemy, classes are typically Java .class files. Entities like actors may instead be defined within a .xml file.  In any case, the class was not found. If the class uses a third party package, then the class would be present only if the third party package was found at compile time.  It may be necessary to upgrade Java or install the third party package, reconfigure and recompile.
Because:
-- /home/travis/build/icyphy/ptII/ptolemy/actor/ptalon/demo/ptinyos/SendAndReceiveCnt/ptolemy/domains/ptinyos/lib/MicaLeds.xml (No such file or directory)
-- XML file not found relative to classpath.
-- /home/travis/build/icyphy/ptII/ptolemy/vergil/basic/export/test/ptolemy/domains/ptinyos/lib/MicaLeds.xml
/home/travis/build/icyphy/ptII/ptolemy/vergil/basic/export/test/ptolemy/domains/ptinyos/lib/MicaLeds.xml (No such file or directory)
 in file:/home/travis/build/icyphy/ptII/ptolemy/actor/ptalon/demo/ptinyos/SendAndReceiveCnt/CntToLedsAndRfm.xml at line 132 and column 63
	at ptolemy.moml.SimpleErrorHandler.handleError(SimpleErrorHandler.java:75)
	at ptolemy.moml.MoMLParser.startElement(MoMLParser.java:3805)
	at com.microstar.xml.XmlParser.parseElement(XmlParser.java:921)
	at com.microstar.xml.XmlParser.parseContent(XmlParser.java:1104)
	at com.microstar.xml.XmlParser.parseElement(XmlParser.java:924)
	at com.microstar.xml.XmlParser.parseDocument(XmlParser.java:481)
	at com.microstar.xml.XmlParser.doParse(XmlParser.java:159)
	at com.microstar.xml.XmlParser.parse(XmlParser.java:132)
	at ptolemy.moml.MoMLParser.parse(MoMLParser.java:1676)
	at ptolemy.moml.MoMLParser.parse(MoMLParser.java:1595)
	at ptolemy.moml.MoMLParser.parse(MoMLParser.java:1537)
	at ptolemy.moml.MoMLParser._findOrParse(MoMLParser.java:5286)
	at ptolemy.moml.MoMLParser._attemptToFindMoMLClass(MoMLParser.java:4075)
	at ptolemy.moml.MoMLParser._createEntity(MoMLParser.java:4323)
	... 65 more
Caused by: ptolemy.kernel.util.IllegalActionException: Cannot find class: ptolemy.domains.ptinyos.lib.MicaLeds. In Ptolemy, classes are typically Java .class files. Entities like actors may instead be defined within a .xml file.  In any case, the class was not found. If the class uses a third party package, then the class would be present only if the third party package was found at compile time.  It may be necessary to upgrade Java or install the third party package, reconfigure and recompile.
Because:
-- /home/travis/build/icyphy/ptII/ptolemy/actor/ptalon/demo/ptinyos/SendAndReceiveCnt/ptolemy/domains/ptinyos/lib/MicaLeds.xml (No such file or directory)
-- XML file not found relative to classpath.
-- /home/travis/build/icyphy/ptII/ptolemy/vergil/basic/export/test/ptolemy/domains/ptinyos/lib/MicaLeds.xml
/home/travis/build/icyphy/ptII/ptolemy/vergil/basic/export/test/ptolemy/domains/ptinyos/lib/MicaLeds.xml (No such file or directory)
 in file:/home/travis/build/icyphy/ptII/ptolemy/actor/ptalon/demo/ptinyos/SendAndReceiveCnt/CntToLedsAndRfm.xml at line 132 and column 63
	at ptolemy.moml.MoMLParser._createEntity(MoMLParser.java:4330)
	at ptolemy.moml.MoMLParser.startElement(MoMLParser.java:2864)
	... 77 more
Caused by: com.microstar.xml.XmlException: -- /home/travis/build/icyphy/ptII/ptolemy/actor/ptalon/demo/ptinyos/SendAndReceiveCnt/ptolemy/domains/ptinyos/lib/MicaLeds.xml (No such file or directory)
-- XML file not found relative to classpath.
-- /home/travis/build/icyphy/ptII/ptolemy/vergil/basic/export/test/ptolemy/domains/ptinyos/lib/MicaLeds.xml
/home/travis/build/icyphy/ptII/ptolemy/vergil/basic/export/test/ptolemy/domains/ptinyos/lib/MicaLeds.xml (No such file or directory)
 in file:/home/travis/build/icyphy/ptII/ptolemy/actor/ptalon/demo/ptinyos/SendAndReceiveCnt/CntToLedsAndRfm.xml at line 132 and column 63
	at ptolemy.moml.MoMLParser.fileNameToURL(MoMLParser.java:1414)
	at ptolemy.moml.MoMLParser._findOrParse(MoMLParser.java:5283)
	at ptolemy.moml.MoMLParser._attemptToFindMoMLClass(MoMLParser.java:4075)
	at ptolemy.moml.MoMLParser._createEntity(MoMLParser.java:4323)
	... 78 more
ptolemy.kernel.util.InternalErrorException: Failed to get the model directory? This can happen in a headless environment when the model attempts to interact with the graphical display.  It can also happen when the model fails to parse because of a missing class.
	at ptolemy.actor.gui.ConfigurationApplication.models(ConfigurationApplication.java:548)
	at ptolemy.actor.gui.ConfigurationApplication.openModelOrEntity(ConfigurationApplication.java:698)
	at ptolemy.vergil.basic.export.ExportModel$1.run(ExportModel.java:220)
	at java.awt.event.InvocationEvent.dispatch(InvocationEvent.java:301)
	at java.awt.EventQueue.dispatchEventImpl(EventQueue.java:756)
	at java.awt.EventQueue.access$500(EventQueue.java:97)
	at java.awt.EventQueue$3.run(EventQueue.java:709)
	at java.awt.EventQueue$3.run(EventQueue.java:703)
	at java.security.AccessController.doPrivileged(Native Method)
	at java.security.ProtectionDomain$JavaSecurityAccessImpl.doIntersectionPrivilege(ProtectionDomain.java:80)
	at java.awt.EventQueue.dispatchEvent(EventQueue.java:726)
	at java.awt.EventDispatchThread.pumpOneEventForFilters(EventDispatchThread.java:201)
	at java.awt.EventDispatchThread.pumpEventsForFilter(EventDispatchThread.java:116)
	at java.awt.EventDispatchThread.pumpEventsForHierarchy(EventDispatchThread.java:105)
	at java.awt.EventDispatchThread.pumpEvents(EventDispatchThread.java:101)
	at java.awt.EventDispatchThread.pumpEvents(EventDispatchThread.java:93)
	at java.awt.EventDispatchThread.run(EventDispatchThread.java:82)
ptolemy.kernel.util.InternalErrorException: Failed to get the model directory? This can happen in a headless environment when the model attempts to interact with the graphical display.  It can also happen when the model fails to parse because of a missing class.
	at ptolemy.actor.gui.ConfigurationApplication.models(ConfigurationApplication.java:548)
	at ptolemy.actor.gui.ConfigurationApplication.openModelOrEntity(ConfigurationApplication.java:698)
	at ptolemy.vergil.basic.export.ExportModel$1.run(ExportModel.java:220)
	at java.awt.event.InvocationEvent.dispatch(InvocationEvent.java:301)
	at java.awt.EventQueue.dispatchEventImpl(EventQueue.java:756)
	at java.awt.EventQueue.access$500(EventQueue.java:97)
	at java.awt.EventQueue$3.run(EventQueue.java:709)
	at java.awt.EventQueue$3.run(EventQueue.java:703)
	at java.security.AccessController.doPrivileged(Native Method)
	at java.security.ProtectionDomain$JavaSecurityAccessImpl.doIntersectionPrivilege(ProtectionDomain.java:80)
	at java.awt.EventQueue.dispatchEvent(EventQueue.java:726)
	at java.awt.EventDispatchThread.pumpOneEventForFilters(EventDispatchThread.java:201)
	at java.awt.EventDispatchThread.pumpEventsForFilter(EventDispatchThread.java:116)
	at java.awt.EventDispatchThread.pumpEventsForHierarchy(EventDispatchThread.java:105)
	at java.awt.EventDispatchThread.pumpEvents(EventDispatchThread.java:101)
	at java.awt.EventDispatchThread.pumpEvents(EventDispatchThread.java:93)
	at java.awt.EventDispatchThread.run(EventDispatchThread.java:82)
java.lang.reflect.InvocationTargetException
	at java.awt.EventQueue.invokeAndWait(EventQueue.java:1321)
	at java.awt.EventQueue.invokeAndWait(EventQueue.java:1296)
	at javax.swing.SwingUtilities.invokeAndWait(SwingUtilities.java:1348)
	at ptolemy.vergil.basic.export.ExportModel.exportModel(ExportModel.java:227)
	at ptolemy.vergil.basic.export.test.junit.ExportModelJUnitTest.RunExportModel(ExportModelJUnitTest.java:153)
	at ptolemy.vergil.basic.export.test.junit.ExportModelJUnitTestBatch.RunExportModel(ExportModelJUnitTestBatch.java:97)
	at sun.reflect.GeneratedMethodAccessor18.invoke(Unknown Source)
	at sun.reflect.DelegatingMethodAccessorImpl.invoke(DelegatingMethodAccessorImpl.java:43)
	at java.lang.reflect.Method.invoke(Method.java:498)
	at org.junit.runners.model.FrameworkMethod$1.runReflectiveCall(FrameworkMethod.java:44)
	at org.junit.internal.runners.model.ReflectiveCallable.run(ReflectiveCallable.java:15)
	at org.junit.runners.model.FrameworkMethod.invokeExplosively(FrameworkMethod.java:41)
	at junitparams.internal.InvokeParameterisedMethod.evaluate(InvokeParameterisedMethod.java:102)
	at junitparams.internal.ParameterisedTestMethodRunner.runMethodInvoker(ParameterisedTestMethodRunner.java:47)
	at junitparams.internal.ParameterisedTestMethodRunner.runTestMethod(ParameterisedTestMethodRunner.java:41)
	at junitparams.internal.ParameterisedTestClassRunner.runParameterisedTest(ParameterisedTestClassRunner.java:143)
	at junitparams.JUnitParamsRunner.runChild(JUnitParamsRunner.java:237)
	at junitparams.JUnitParamsRunner.runChild(JUnitParamsRunner.java:215)
	at org.junit.runners.ParentRunner$3.run(ParentRunner.java:193)
	at org.junit.runners.ParentRunner$1.schedule(ParentRunner.java:52)
	at org.junit.runners.ParentRunner.runChildren(ParentRunner.java:191)
	at org.junit.runners.ParentRunner.access$000(ParentRunner.java:42)
	at org.junit.runners.ParentRunner$2.evaluate(ParentRunner.java:184)
	at org.junit.runners.ParentRunner.run(ParentRunner.java:236)
	at junit.framework.JUnit4TestAdapter.run(JUnit4TestAdapter.java:39)
	at org.apache.tools.ant.taskdefs.optional.junit.JUnitTestRunner.run(JUnitTestRunner.java:535)
	at org.apache.tools.ant.taskdefs.optional.junit.JUnitTestRunner.launch(JUnitTestRunner.java:1182)
	at org.apache.tools.ant.taskdefs.optional.junit.JUnitTestRunner.main(JUnitTestRunner.java:1033)
Caused by: java.lang.RuntimeException: ptolemy.kernel.util.InternalErrorException: Failed to get the model directory? This can happen in a headless environment when the model attempts to interact with the graphical display.  It can also happen when the model fails to parse because of a missing class.
	at ptolemy.vergil.basic.export.ExportModel$1.run(ExportModel.java:223)
	at java.awt.event.InvocationEvent.dispatch(InvocationEvent.java:301)
	at java.awt.EventQueue.dispatchEventImpl(EventQueue.java:756)
	at java.awt.EventQueue.access$500(EventQueue.java:97)
	at java.awt.EventQueue$3.run(EventQueue.java:709)
	at java.awt.EventQueue$3.run(EventQueue.java:703)
	at java.security.AccessController.doPrivileged(Native Method)
	at java.security.ProtectionDomain$JavaSecurityAccessImpl.doIntersectionPrivilege(ProtectionDomain.java:80)
	at java.awt.EventQueue.dispatchEvent(EventQueue.java:726)
	at java.awt.EventDispatchThread.pumpOneEventForFilters(EventDispatchThread.java:201)
	at java.awt.EventDispatchThread.pumpEventsForFilter(EventDispatchThread.java:116)
	at java.awt.EventDispatchThread.pumpEventsForHierarchy(EventDispatchThread.java:105)
	at java.awt.EventDispatchThread.pumpEvents(EventDispatchThread.java:101)
	at java.awt.EventDispatchThread.pumpEvents(EventDispatchThread.java:93)
	at java.awt.EventDispatchThread.run(EventDispatchThread.java:82)
Caused by: ptolemy.kernel.util.InternalErrorException: Failed to get the model directory? This can happen in a headless environment when the model attempts to interact with the graphical display.  It can also happen when the model fails to parse because of a missing class.
	at ptolemy.actor.gui.ConfigurationApplication.models(ConfigurationApplication.java:548)
	at ptolemy.actor.gui.ConfigurationApplication.openModelOrEntity(ConfigurationApplication.java:698)
	at ptolemy.vergil.basic.export.ExportModel$1.run(ExportModel.java:220)
	... 14 more
ptolemy.kernel.util.IllegalActionException: Failed to process attribute change to PtalonParameter, whose value is "ptolemy.actor.ptalon.PtalonExpressionParameter {.SenseToLeds.SenseToLeds.n} 2".
  in .SenseToLeds.SenseToLeds
Because:
Unable to add actor null
	at ptolemy.actor.ptalon.PtalonActor.attributeChanged(PtalonActor.java:211)
	at ptolemy.actor.ptalon.PtalonMLHandler.startElement(PtalonMLHandler.java:134)
	at com.microstar.xml.XmlParser.parseElement(XmlParser.java:921)
	at com.microstar.xml.XmlParser.parseContent(XmlParser.java:1104)
	at com.microstar.xml.XmlParser.parseElement(XmlParser.java:924)
	at com.microstar.xml.XmlParser.parseDocument(XmlParser.java:481)
	at com.microstar.xml.XmlParser.doParse(XmlParser.java:159)
	at com.microstar.xml.XmlParser.parse(XmlParser.java:132)
	at ptolemy.actor.ptalon.PtalonActor.configure(PtalonActor.java:240)
	at ptolemy.moml.MoMLParser.endElement(MoMLParser.java:996)
	at com.microstar.xml.XmlParser.parseETag(XmlParser.java:1026)
	at com.microstar.xml.XmlParser.parseContent(XmlParser.java:1098)
	at com.microstar.xml.XmlParser.parseElement(XmlParser.java:924)
	at com.microstar.xml.XmlParser.parseContent(XmlParser.java:1104)
	at com.microstar.xml.XmlParser.parseElement(XmlParser.java:924)
	at com.microstar.xml.XmlParser.parseContent(XmlParser.java:1104)
	at com.microstar.xml.XmlParser.parseElement(XmlParser.java:924)
	at com.microstar.xml.XmlParser.parseDocument(XmlParser.java:481)
	at com.microstar.xml.XmlParser.doParse(XmlParser.java:159)
	at com.microstar.xml.XmlParser.parse(XmlParser.java:132)
	at ptolemy.moml.MoMLParser.parse(MoMLParser.java:1676)
	at ptolemy.moml.MoMLParser.parse(MoMLParser.java:1595)
	at ptolemy.moml.MoMLParser.parse(MoMLParser.java:1537)
	at ptolemy.actor.gui.PtolemyEffigy$Factory.createEffigy(PtolemyEffigy.java:424)
	at ptolemy.actor.gui.EffigyFactory.createEffigy(EffigyFactory.java:234)
	at ptolemy.actor.gui.Configuration.openModel(Configuration.java:1125)
	at ptolemy.actor.gui.Configuration.openModel(Configuration.java:1051)
	at ptolemy.actor.gui.ConfigurationApplication._openModel(ConfigurationApplication.java:1252)
	at ptolemy.actor.gui.ConfigurationApplication._parseArg(ConfigurationApplication.java:1399)
	at ptolemy.actor.gui.ConfigurationApplication._parseArgs(ConfigurationApplication.java:1478)
	at ptolemy.actor.gui.ConfigurationApplication.<init>(ConfigurationApplication.java:277)
	at ptolemy.actor.gui.ConfigurationApplication.<init>(ConfigurationApplication.java:214)
	at ptolemy.actor.gui.ConfigurationApplication.<init>(ConfigurationApplication.java:201)
	at ptolemy.actor.gui.ConfigurationApplication.openModelOrEntity(ConfigurationApplication.java:680)
	at ptolemy.vergil.basic.export.ExportModel$1.run(ExportModel.java:220)
	at java.awt.event.InvocationEvent.dispatch(InvocationEvent.java:301)
	at java.awt.EventQueue.dispatchEventImpl(EventQueue.java:756)
	at java.awt.EventQueue.access$500(EventQueue.java:97)
	at java.awt.EventQueue$3.run(EventQueue.java:709)
	at java.awt.EventQueue$3.run(EventQueue.java:703)
	at java.security.AccessController.doPrivileged(Native Method)
	at java.security.ProtectionDomain$JavaSecurityAccessImpl.doIntersectionPrivilege(ProtectionDomain.java:80)
	at java.awt.EventQueue.dispatchEvent(EventQueue.java:726)
	at java.awt.EventDispatchThread.pumpOneEventForFilters(EventDispatchThread.java:201)
	at java.awt.EventDispatchThread.pumpEventsForFilter(EventDispatchThread.java:116)
	at java.awt.EventDispatchThread.pumpEventsForHierarchy(EventDispatchThread.java:105)
	at java.awt.EventDispatchThread.pumpEvents(EventDispatchThread.java:101)
	at java.awt.EventDispatchThread.pumpEvents(EventDispatchThread.java:93)
	at java.awt.EventDispatchThread.run(EventDispatchThread.java:82)
Caused by: ptolemy.actor.ptalon.PtalonRuntimeException: Unable to add actor null
	at ptolemy.actor.ptalon.PtalonEvaluator.addActor(PtalonEvaluator.java:300)
	at ptolemy.actor.ptalon.PtalonPopulator.actor_declaration(PtalonPopulator.java:1574)
	at ptolemy.actor.ptalon.PtalonPopulator.atomic_statement(PtalonPopulator.java:1638)
	at ptolemy.actor.ptalon.PtalonPopulator.iterative_statement_evaluator(PtalonPopulator.java:2484)
	at ptolemy.actor.ptalon.AbstractPtalonEvaluator$IfTree.evaluateForScope(AbstractPtalonEvaluator.java:1307)
	at ptolemy.actor.ptalon.AbstractPtalonEvaluator.evaluateForScope(AbstractPtalonEvaluator.java:744)
	at ptolemy.actor.ptalon.PtalonPopulator.iterative_statement(PtalonPopulator.java:2363)
	at ptolemy.actor.ptalon.PtalonPopulator.actor_definition(PtalonPopulator.java:2809)
	at ptolemy.actor.ptalon.PtalonActor.attributeChanged(PtalonActor.java:206)
	... 48 more
Caused by: ptolemy.kernel.util.InternalErrorException: Element <entity name="node1" class="ptolemy.actor.ptalon.demo.ptinyos.SenseToLeds.MicaBoard"> caused an exception to be thrown.
  in .SenseToLeds.SenseToLeds
Because:
Cannot find class: ptolemy.actor.ptalon.demo.ptinyos.SenseToLeds.MicaBoard. In Ptolemy, classes are typically Java .class files. Entities like actors may instead be defined within a .xml file.  In any case, the class was not found. If the class uses a third party package, then the class would be present only if the third party package was found at compile time.  It may be necessary to upgrade Java or install the third party package, reconfigure and recompile.
Because:
Element <entity name="MicaLeds" class="ptolemy.domains.ptinyos.lib.MicaLeds"> caused an exception to be thrown.
  in .MicaBoard
Because:
Cannot find class: ptolemy.domains.ptinyos.lib.MicaLeds. In Ptolemy, classes are typically Java .class files. Entities like actors may instead be defined within a .xml file.  In any case, the class was not found. If the class uses a third party package, then the class would be present only if the third party package was found at compile time.  It may be necessary to upgrade Java or install the third party package, reconfigure and recompile.
Because:
-- /home/travis/build/icyphy/ptII/ptolemy/actor/ptalon/demo/ptinyos/SenseToLeds/ptolemy/domains/ptinyos/lib/MicaLeds.xml (No such file or directory)
-- XML file not found relative to classpath.
-- /home/travis/build/icyphy/ptII/ptolemy/vergil/basic/export/test/ptolemy/domains/ptinyos/lib/MicaLeds.xml
/home/travis/build/icyphy/ptII/ptolemy/vergil/basic/export/test/ptolemy/domains/ptinyos/lib/MicaLeds.xml (No such file or directory)
 in file:/home/travis/build/icyphy/ptII/ptolemy/actor/ptalon/demo/ptinyos/SenseToLeds/MicaBoard.xml at line 134 and column 63
	at ptolemy.moml.SimpleErrorHandler.handleError(SimpleErrorHandler.java:75)
	at ptolemy.moml.MoMLParser.startElement(MoMLParser.java:3805)
	at com.microstar.xml.XmlParser.parseElement(XmlParser.java:931)
	at com.microstar.xml.XmlParser.parseDocument(XmlParser.java:481)
	at com.microstar.xml.XmlParser.doParse(XmlParser.java:159)
	at com.microstar.xml.XmlParser.parse(XmlParser.java:132)
	at ptolemy.moml.MoMLParser.parse(MoMLParser.java:1660)
	at ptolemy.moml.MoMLParser.parse(MoMLParser.java:1617)
	at ptolemy.moml.MoMLParser.parse(MoMLParser.java:1792)
	at ptolemy.actor.ptalon.PtalonEvaluator.addActor(PtalonEvaluator.java:241)
	... 56 more
Caused by: ptolemy.kernel.util.IllegalActionException: Cannot find class: ptolemy.actor.ptalon.demo.ptinyos.SenseToLeds.MicaBoard. In Ptolemy, classes are typically Java .class files. Entities like actors may instead be defined within a .xml file.  In any case, the class was not found. If the class uses a third party package, then the class would be present only if the third party package was found at compile time.  It may be necessary to upgrade Java or install the third party package, reconfigure and recompile.
Because:
Element <entity name="MicaLeds" class="ptolemy.domains.ptinyos.lib.MicaLeds"> caused an exception to be thrown.
  in .MicaBoard
Because:
Cannot find class: ptolemy.domains.ptinyos.lib.MicaLeds. In Ptolemy, classes are typically Java .class files. Entities like actors may instead be defined within a .xml file.  In any case, the class was not found. If the class uses a third party package, then the class would be present only if the third party package was found at compile time.  It may be necessary to upgrade Java or install the third party package, reconfigure and recompile.
Because:
-- /home/travis/build/icyphy/ptII/ptolemy/actor/ptalon/demo/ptinyos/SenseToLeds/ptolemy/domains/ptinyos/lib/MicaLeds.xml (No such file or directory)
-- XML file not found relative to classpath.
-- /home/travis/build/icyphy/ptII/ptolemy/vergil/basic/export/test/ptolemy/domains/ptinyos/lib/MicaLeds.xml
/home/travis/build/icyphy/ptII/ptolemy/vergil/basic/export/test/ptolemy/domains/ptinyos/lib/MicaLeds.xml (No such file or directory)
 in file:/home/travis/build/icyphy/ptII/ptolemy/actor/ptalon/demo/ptinyos/SenseToLeds/MicaBoard.xml at line 134 and column 63
	at ptolemy.moml.MoMLParser._createEntity(MoMLParser.java:4330)
	at ptolemy.moml.MoMLParser.startElement(MoMLParser.java:2864)
	... 64 more
Caused by: ptolemy.kernel.util.InternalErrorException: Element <entity name="MicaLeds" class="ptolemy.domains.ptinyos.lib.MicaLeds"> caused an exception to be thrown.
  in .MicaBoard
Because:
Cannot find class: ptolemy.domains.ptinyos.lib.MicaLeds. In Ptolemy, classes are typically Java .class files. Entities like actors may instead be defined within a .xml file.  In any case, the class was not found. If the class uses a third party package, then the class would be present only if the third party package was found at compile time.  It may be necessary to upgrade Java or install the third party package, reconfigure and recompile.
Because:
-- /home/travis/build/icyphy/ptII/ptolemy/actor/ptalon/demo/ptinyos/SenseToLeds/ptolemy/domains/ptinyos/lib/MicaLeds.xml (No such file or directory)
-- XML file not found relative to classpath.
-- /home/travis/build/icyphy/ptII/ptolemy/vergil/basic/export/test/ptolemy/domains/ptinyos/lib/MicaLeds.xml
/home/travis/build/icyphy/ptII/ptolemy/vergil/basic/export/test/ptolemy/domains/ptinyos/lib/MicaLeds.xml (No such file or directory)
 in file:/home/travis/build/icyphy/ptII/ptolemy/actor/ptalon/demo/ptinyos/SenseToLeds/MicaBoard.xml at line 134 and column 63
	at ptolemy.moml.SimpleErrorHandler.handleError(SimpleErrorHandler.java:75)
	at ptolemy.moml.MoMLParser.startElement(MoMLParser.java:3805)
	at com.microstar.xml.XmlParser.parseElement(XmlParser.java:921)
	at com.microstar.xml.XmlParser.parseContent(XmlParser.java:1104)
	at com.microstar.xml.XmlParser.parseElement(XmlParser.java:924)
	at com.microstar.xml.XmlParser.parseDocument(XmlParser.java:481)
	at com.microstar.xml.XmlParser.doParse(XmlParser.java:159)
	at com.microstar.xml.XmlParser.parse(XmlParser.java:132)
	at ptolemy.moml.MoMLParser.parse(MoMLParser.java:1676)
	at ptolemy.moml.MoMLParser.parse(MoMLParser.java:1595)
	at ptolemy.moml.MoMLParser.parse(MoMLParser.java:1537)
	at ptolemy.moml.MoMLParser._findOrParse(MoMLParser.java:5286)
	at ptolemy.moml.MoMLParser._attemptToFindMoMLClass(MoMLParser.java:4075)
	at ptolemy.moml.MoMLParser._createEntity(MoMLParser.java:4323)
	... 65 more
Caused by: ptolemy.kernel.util.IllegalActionException: Cannot find class: ptolemy.domains.ptinyos.lib.MicaLeds. In Ptolemy, classes are typically Java .class files. Entities like actors may instead be defined within a .xml file.  In any case, the class was not found. If the class uses a third party package, then the class would be present only if the third party package was found at compile time.  It may be necessary to upgrade Java or install the third party package, reconfigure and recompile.
Because:
-- /home/travis/build/icyphy/ptII/ptolemy/actor/ptalon/demo/ptinyos/SenseToLeds/ptolemy/domains/ptinyos/lib/MicaLeds.xml (No such file or directory)
-- XML file not found relative to classpath.
-- /home/travis/build/icyphy/ptII/ptolemy/vergil/basic/export/test/ptolemy/domains/ptinyos/lib/MicaLeds.xml
/home/travis/build/icyphy/ptII/ptolemy/vergil/basic/export/test/ptolemy/domains/ptinyos/lib/MicaLeds.xml (No such file or directory)
 in file:/home/travis/build/icyphy/ptII/ptolemy/actor/ptalon/demo/ptinyos/SenseToLeds/MicaBoard.xml at line 134 and column 63
	at ptolemy.moml.MoMLParser._createEntity(MoMLParser.java:4330)
	at ptolemy.moml.MoMLParser.startElement(MoMLParser.java:2864)
	... 77 more
Caused by: com.microstar.xml.XmlException: -- /home/travis/build/icyphy/ptII/ptolemy/actor/ptalon/demo/ptinyos/SenseToLeds/ptolemy/domains/ptinyos/lib/MicaLeds.xml (No such file or directory)
-- XML file not found relative to classpath.
-- /home/travis/build/icyphy/ptII/ptolemy/vergil/basic/export/test/ptolemy/domains/ptinyos/lib/MicaLeds.xml
/home/travis/build/icyphy/ptII/ptolemy/vergil/basic/export/test/ptolemy/domains/ptinyos/lib/MicaLeds.xml (No such file or directory)
 in file:/home/travis/build/icyphy/ptII/ptolemy/actor/ptalon/demo/ptinyos/SenseToLeds/MicaBoard.xml at line 134 and column 63
	at ptolemy.moml.MoMLParser.fileNameToURL(MoMLParser.java:1414)
	at ptolemy.moml.MoMLParser._findOrParse(MoMLParser.java:5283)
	at ptolemy.moml.MoMLParser._attemptToFindMoMLClass(MoMLParser.java:4075)
	at ptolemy.moml.MoMLParser._createEntity(MoMLParser.java:4323)
	... 78 more
Caused by: ptolemy.actor.ptalon.PtalonRuntimeException: Unable to add actor null
	at ptolemy.actor.ptalon.PtalonEvaluator.addActor(PtalonEvaluator.java:300)
	at ptolemy.actor.ptalon.PtalonPopulator.actor_declaration(PtalonPopulator.java:1574)
	at ptolemy.actor.ptalon.PtalonPopulator.atomic_statement(PtalonPopulator.java:1638)
	at ptolemy.actor.ptalon.PtalonPopulator.iterative_statement_evaluator(PtalonPopulator.java:2484)
	at ptolemy.actor.ptalon.AbstractPtalonEvaluator$IfTree.evaluateForScope(AbstractPtalonEvaluator.java:1307)
	at ptolemy.actor.ptalon.AbstractPtalonEvaluator.evaluateForScope(AbstractPtalonEvaluator.java:744)
	at ptolemy.actor.ptalon.PtalonPopulator.iterative_statement(PtalonPopulator.java:2363)
	at ptolemy.actor.ptalon.PtalonPopulator.actor_definition(PtalonPopulator.java:2809)
	at ptolemy.actor.ptalon.PtalonActor.attributeChanged(PtalonActor.java:206)
	at ptolemy.actor.ptalon.PtalonMLHandler.startElement(PtalonMLHandler.java:134)
	at com.microstar.xml.XmlParser.parseElement(XmlParser.java:921)
	at com.microstar.xml.XmlParser.parseContent(XmlParser.java:1104)
	at com.microstar.xml.XmlParser.parseElement(XmlParser.java:924)
	at com.microstar.xml.XmlParser.parseDocument(XmlParser.java:481)
	at com.microstar.xml.XmlParser.doParse(XmlParser.java:159)
	at com.microstar.xml.XmlParser.parse(XmlParser.java:132)
	at ptolemy.actor.ptalon.PtalonActor.configure(PtalonActor.java:240)
	at ptolemy.moml.MoMLParser.endElement(MoMLParser.java:996)
	at com.microstar.xml.XmlParser.parseETag(XmlParser.java:1026)
	at com.microstar.xml.XmlParser.parseContent(XmlParser.java:1098)
	at com.microstar.xml.XmlParser.parseElement(XmlParser.java:924)
	at com.microstar.xml.XmlParser.parseContent(XmlParser.java:1104)
	at com.microstar.xml.XmlParser.parseElement(XmlParser.java:924)
	at com.microstar.xml.XmlParser.parseContent(XmlParser.java:1104)
	at com.microstar.xml.XmlParser.parseElement(XmlParser.java:924)
	at com.microstar.xml.XmlParser.parseDocument(XmlParser.java:481)
	at com.microstar.xml.XmlParser.doParse(XmlParser.java:159)
	at com.microstar.xml.XmlParser.parse(XmlParser.java:132)
	at ptolemy.moml.MoMLParser.parse(MoMLParser.java:1676)
	at ptolemy.moml.MoMLParser.parse(MoMLParser.java:1595)
	at ptolemy.moml.MoMLParser.parse(MoMLParser.java:1537)
	at ptolemy.actor.gui.PtolemyEffigy$Factory.createEffigy(PtolemyEffigy.java:424)
	at ptolemy.actor.gui.EffigyFactory.createEffigy(EffigyFactory.java:234)
	at ptolemy.actor.gui.Configuration.openModel(Configuration.java:1125)
	at ptolemy.actor.gui.Configuration.openModel(Configuration.java:1051)
	at ptolemy.actor.gui.ConfigurationApplication._openModel(ConfigurationApplication.java:1252)
	at ptolemy.actor.gui.ConfigurationApplication._parseArg(ConfigurationApplication.java:1399)
	at ptolemy.actor.gui.ConfigurationApplication._parseArgs(ConfigurationApplication.java:1478)
	at ptolemy.actor.gui.ConfigurationApplication.<init>(ConfigurationApplication.java:277)
	at ptolemy.actor.gui.ConfigurationApplication.<init>(ConfigurationApplication.java:214)
	at ptolemy.actor.gui.ConfigurationApplication.<init>(ConfigurationApplication.java:201)
	at ptolemy.actor.gui.ConfigurationApplication.openModelOrEntity(ConfigurationApplication.java:680)
	at ptolemy.vergil.basic.export.ExportModel$1.run(ExportModel.java:220)
	at java.awt.event.InvocationEvent.dispatch(InvocationEvent.java:301)
	at java.awt.EventQueue.dispatchEventImpl(EventQueue.java:756)
	at java.awt.EventQueue.access$500(EventQueue.java:97)
	at java.awt.EventQueue$3.run(EventQueue.java:709)
	at java.awt.EventQueue$3.run(EventQueue.java:703)
	at java.security.AccessController.doPrivileged(Native Method)
	at java.security.ProtectionDomain$JavaSecurityAccessImpl.doIntersectionPrivilege(ProtectionDomain.java:80)
	at java.awt.EventQueue.dispatchEvent(EventQueue.java:726)
	at java.awt.EventDispatchThread.pumpOneEventForFilters(EventDispatchThread.java:201)
	at java.awt.EventDispatchThread.pumpEventsForFilter(EventDispatchThread.java:116)
	at java.awt.EventDispatchThread.pumpEventsForHierarchy(EventDispatchThread.java:105)
	at java.awt.EventDispatchThread.pumpEvents(EventDispatchThread.java:101)
	at java.awt.EventDispatchThread.pumpEvents(EventDispatchThread.java:93)
	at java.awt.EventDispatchThread.run(EventDispatchThread.java:82)
Caused by: ptolemy.kernel.util.InternalErrorException: Element <entity name="node1" class="ptolemy.actor.ptalon.demo.ptinyos.SenseToLeds.MicaBoard"> caused an exception to be thrown.
  in .SenseToLeds.SenseToLeds
Because:
Cannot find class: ptolemy.actor.ptalon.demo.ptinyos.SenseToLeds.MicaBoard. In Ptolemy, classes are typically Java .class files. Entities like actors may instead be defined within a .xml file.  In any case, the class was not found. If the class uses a third party package, then the class would be present only if the third party package was found at compile time.  It may be necessary to upgrade Java or install the third party package, reconfigure and recompile.
Because:
Element <entity name="MicaLeds" class="ptolemy.domains.ptinyos.lib.MicaLeds"> caused an exception to be thrown.
  in .MicaBoard
Because:
Cannot find class: ptolemy.domains.ptinyos.lib.MicaLeds. In Ptolemy, classes are typically Java .class files. Entities like actors may instead be defined within a .xml file.  In any case, the class was not found. If the class uses a third party package, then the class would be present only if the third party package was found at compile time.  It may be necessary to upgrade Java or install the third party package, reconfigure and recompile.
Because:
-- /home/travis/build/icyphy/ptII/ptolemy/actor/ptalon/demo/ptinyos/SenseToLeds/ptolemy/domains/ptinyos/lib/MicaLeds.xml (No such file or directory)
-- XML file not found relative to classpath.
-- /home/travis/build/icyphy/ptII/ptolemy/vergil/basic/export/test/ptolemy/domains/ptinyos/lib/MicaLeds.xml
/home/travis/build/icyphy/ptII/ptolemy/vergil/basic/export/test/ptolemy/domains/ptinyos/lib/MicaLeds.xml (No such file or directory)
 in file:/home/travis/build/icyphy/ptII/ptolemy/actor/ptalon/demo/ptinyos/SenseToLeds/MicaBoard.xml at line 134 and column 63
	at ptolemy.moml.SimpleErrorHandler.handleError(SimpleErrorHandler.java:75)
	at ptolemy.moml.MoMLParser.startElement(MoMLParser.java:3805)
	at com.microstar.xml.XmlParser.parseElement(XmlParser.java:931)
	at com.microstar.xml.XmlParser.parseDocument(XmlParser.java:481)
	at com.microstar.xml.XmlParser.doParse(XmlParser.java:159)
	at com.microstar.xml.XmlParser.parse(XmlParser.java:132)
	at ptolemy.moml.MoMLParser.parse(MoMLParser.java:1660)
	at ptolemy.moml.MoMLParser.parse(MoMLParser.java:1617)
	at ptolemy.moml.MoMLParser.parse(MoMLParser.java:1792)
	at ptolemy.actor.ptalon.PtalonEvaluator.addActor(PtalonEvaluator.java:241)
	... 56 more
Caused by: ptolemy.kernel.util.IllegalActionException: Cannot find class: ptolemy.actor.ptalon.demo.ptinyos.SenseToLeds.MicaBoard. In Ptolemy, classes are typically Java .class files. Entities like actors may instead be defined within a .xml file.  In any case, the class was not found. If the class uses a third party package, then the class would be present only if the third party package was found at compile time.  It may be necessary to upgrade Java or install the third party package, reconfigure and recompile.
Because:
Element <entity name="MicaLeds" class="ptolemy.domains.ptinyos.lib.MicaLeds"> caused an exception to be thrown.
  in .MicaBoard
Because:
Cannot find class: ptolemy.domains.ptinyos.lib.MicaLeds. In Ptolemy, classes are typically Java .class files. Entities like actors may instead be defined within a .xml file.  In any case, the class was not found. If the class uses a third party package, then the class would be present only if the third party package was found at compile time.  It may be necessary to upgrade Java or install the third party package, reconfigure and recompile.
Because:
-- /home/travis/build/icyphy/ptII/ptolemy/actor/ptalon/demo/ptinyos/SenseToLeds/ptolemy/domains/ptinyos/lib/MicaLeds.xml (No such file or directory)
-- XML file not found relative to classpath.
-- /home/travis/build/icyphy/ptII/ptolemy/vergil/basic/export/test/ptolemy/domains/ptinyos/lib/MicaLeds.xml
/home/travis/build/icyphy/ptII/ptolemy/vergil/basic/export/test/ptolemy/domains/ptinyos/lib/MicaLeds.xml (No such file or directory)
 in file:/home/travis/build/icyphy/ptII/ptolemy/actor/ptalon/demo/ptinyos/SenseToLeds/MicaBoard.xml at line 134 and column 63
	at ptolemy.moml.MoMLParser._createEntity(MoMLParser.java:4330)
	at ptolemy.moml.MoMLParser.startElement(MoMLParser.java:2864)
	... 64 more
Caused by: ptolemy.kernel.util.InternalErrorException: Element <entity name="MicaLeds" class="ptolemy.domains.ptinyos.lib.MicaLeds"> caused an exception to be thrown.
  in .MicaBoard
Because:
Cannot find class: ptolemy.domains.ptinyos.lib.MicaLeds. In Ptolemy, classes are typically Java .class files. Entities like actors may instead be defined within a .xml file.  In any case, the class was not found. If the class uses a third party package, then the class would be present only if the third party package was found at compile time.  It may be necessary to upgrade Java or install the third party package, reconfigure and recompile.
Because:
-- /home/travis/build/icyphy/ptII/ptolemy/actor/ptalon/demo/ptinyos/SenseToLeds/ptolemy/domains/ptinyos/lib/MicaLeds.xml (No such file or directory)
-- XML file not found relative to classpath.
-- /home/travis/build/icyphy/ptII/ptolemy/vergil/basic/export/test/ptolemy/domains/ptinyos/lib/MicaLeds.xml
/home/travis/build/icyphy/ptII/ptolemy/vergil/basic/export/test/ptolemy/domains/ptinyos/lib/MicaLeds.xml (No such file or directory)
 in file:/home/travis/build/icyphy/ptII/ptolemy/actor/ptalon/demo/ptinyos/SenseToLeds/MicaBoard.xml at line 134 and column 63
	at ptolemy.moml.SimpleErrorHandler.handleError(SimpleErrorHandler.java:75)
	at ptolemy.moml.MoMLParser.startElement(MoMLParser.java:3805)
	at com.microstar.xml.XmlParser.parseElement(XmlParser.java:921)
	at com.microstar.xml.XmlParser.parseContent(XmlParser.java:1104)
	at com.microstar.xml.XmlParser.parseElement(XmlParser.java:924)
	at com.microstar.xml.XmlParser.parseDocument(XmlParser.java:481)
	at com.microstar.xml.XmlParser.doParse(XmlParser.java:159)
	at com.microstar.xml.XmlParser.parse(XmlParser.java:132)
	at ptolemy.moml.MoMLParser.parse(MoMLParser.java:1676)
	at ptolemy.moml.MoMLParser.parse(MoMLParser.java:1595)
	at ptolemy.moml.MoMLParser.parse(MoMLParser.java:1537)
	at ptolemy.moml.MoMLParser._findOrParse(MoMLParser.java:5286)
	at ptolemy.moml.MoMLParser._attemptToFindMoMLClass(MoMLParser.java:4075)
	at ptolemy.moml.MoMLParser._createEntity(MoMLParser.java:4323)
	... 65 more
Caused by: ptolemy.kernel.util.IllegalActionException: Cannot find class: ptolemy.domains.ptinyos.lib.MicaLeds. In Ptolemy, classes are typically Java .class files. Entities like actors may instead be defined within a .xml file.  In any case, the class was not found. If the class uses a third party package, then the class would be present only if the third party package was found at compile time.  It may be necessary to upgrade Java or install the third party package, reconfigure and recompile.
Because:
-- /home/travis/build/icyphy/ptII/ptolemy/actor/ptalon/demo/ptinyos/SenseToLeds/ptolemy/domains/ptinyos/lib/MicaLeds.xml (No such file or directory)
-- XML file not found relative to classpath.
-- /home/travis/build/icyphy/ptII/ptolemy/vergil/basic/export/test/ptolemy/domains/ptinyos/lib/MicaLeds.xml
/home/travis/build/icyphy/ptII/ptolemy/vergil/basic/export/test/ptolemy/domains/ptinyos/lib/MicaLeds.xml (No such file or directory)
 in file:/home/travis/build/icyphy/ptII/ptolemy/actor/ptalon/demo/ptinyos/SenseToLeds/MicaBoard.xml at line 134 and column 63
	at ptolemy.moml.MoMLParser._createEntity(MoMLParser.java:4330)
	at ptolemy.moml.MoMLParser.startElement(MoMLParser.java:2864)
	... 77 more
Caused by: com.microstar.xml.XmlException: -- /home/travis/build/icyphy/ptII/ptolemy/actor/ptalon/demo/ptinyos/SenseToLeds/ptolemy/domains/ptinyos/lib/MicaLeds.xml (No such file or directory)
-- XML file not found relative to classpath.
-- /home/travis/build/icyphy/ptII/ptolemy/vergil/basic/export/test/ptolemy/domains/ptinyos/lib/MicaLeds.xml
/home/travis/build/icyphy/ptII/ptolemy/vergil/basic/export/test/ptolemy/domains/ptinyos/lib/MicaLeds.xml (No such file or directory)
 in file:/home/travis/build/icyphy/ptII/ptolemy/actor/ptalon/demo/ptinyos/SenseToLeds/MicaBoard.xml at line 134 and column 63
	at ptolemy.moml.MoMLParser.fileNameToURL(MoMLParser.java:1414)
	at ptolemy.moml.MoMLParser._findOrParse(MoMLParser.java:5283)
	at ptolemy.moml.MoMLParser._attemptToFindMoMLClass(MoMLParser.java:4075)
	at ptolemy.moml.MoMLParser._createEntity(MoMLParser.java:4323)
	... 78 more
Failed to read file:/home/travis/build/icyphy/ptII/ptolemy/actor/ptalon/demo/ptinyos/SenseToLeds/SenseToLeds.xml
ptolemy.kernel.util.IllegalActionException: Failed to process attribute change to PtalonParameter, whose value is "ptolemy.actor.ptalon.PtalonExpressionParameter {.SenseToLeds.SenseToLeds.n} 2".
  in .SenseToLeds.SenseToLeds
Because:
Unable to add actor null
	at ptolemy.actor.ptalon.PtalonActor.attributeChanged(PtalonActor.java:211)
	at ptolemy.actor.ptalon.PtalonMLHandler.startElement(PtalonMLHandler.java:134)
	at com.microstar.xml.XmlParser.parseElement(XmlParser.java:921)
	at com.microstar.xml.XmlParser.parseContent(XmlParser.java:1104)
	at com.microstar.xml.XmlParser.parseElement(XmlParser.java:924)
	at com.microstar.xml.XmlParser.parseDocument(XmlParser.java:481)
	at com.microstar.xml.XmlParser.doParse(XmlParser.java:159)
	at com.microstar.xml.XmlParser.parse(XmlParser.java:132)
	at ptolemy.actor.ptalon.PtalonActor.configure(PtalonActor.java:240)
	at ptolemy.moml.MoMLParser.endElement(MoMLParser.java:996)
	at com.microstar.xml.XmlParser.parseETag(XmlParser.java:1026)
	at com.microstar.xml.XmlParser.parseContent(XmlParser.java:1098)
	at com.microstar.xml.XmlParser.parseElement(XmlParser.java:924)
	at com.microstar.xml.XmlParser.parseContent(XmlParser.java:1104)
	at com.microstar.xml.XmlParser.parseElement(XmlParser.java:924)
	at com.microstar.xml.XmlParser.parseContent(XmlParser.java:1104)
	at com.microstar.xml.XmlParser.parseElement(XmlParser.java:924)
	at com.microstar.xml.XmlParser.parseDocument(XmlParser.java:481)
	at com.microstar.xml.XmlParser.doParse(XmlParser.java:159)
	at com.microstar.xml.XmlParser.parse(XmlParser.java:132)
	at ptolemy.moml.MoMLParser.parse(MoMLParser.java:1676)
	at ptolemy.moml.MoMLParser.parse(MoMLParser.java:1595)
	at ptolemy.moml.MoMLParser.parse(MoMLParser.java:1537)
	at ptolemy.actor.gui.PtolemyEffigy$Factory.createEffigy(PtolemyEffigy.java:424)
	at ptolemy.actor.gui.EffigyFactory.createEffigy(EffigyFactory.java:234)
	at ptolemy.actor.gui.Configuration.openModel(Configuration.java:1125)
	at ptolemy.actor.gui.Configuration.openModel(Configuration.java:1051)
	at ptolemy.actor.gui.ConfigurationApplication._openModel(ConfigurationApplication.java:1252)
	at ptolemy.actor.gui.ConfigurationApplication._parseArg(ConfigurationApplication.java:1399)
	at ptolemy.actor.gui.ConfigurationApplication._parseArgs(ConfigurationApplication.java:1478)
	at ptolemy.actor.gui.ConfigurationApplication.<init>(ConfigurationApplication.java:277)
	at ptolemy.actor.gui.ConfigurationApplication.<init>(ConfigurationApplication.java:214)
	at ptolemy.actor.gui.ConfigurationApplication.<init>(ConfigurationApplication.java:201)
	at ptolemy.actor.gui.ConfigurationApplication.openModelOrEntity(ConfigurationApplication.java:680)
	at ptolemy.vergil.basic.export.ExportModel$1.run(ExportModel.java:220)
	at java.awt.event.InvocationEvent.dispatch(InvocationEvent.java:301)
	at java.awt.EventQueue.dispatchEventImpl(EventQueue.java:756)
	at java.awt.EventQueue.access$500(EventQueue.java:97)
	at java.awt.EventQueue$3.run(EventQueue.java:709)
	at java.awt.EventQueue$3.run(EventQueue.java:703)
	at java.security.AccessController.doPrivileged(Native Method)
	at java.security.ProtectionDomain$JavaSecurityAccessImpl.doIntersectionPrivilege(ProtectionDomain.java:80)
	at java.awt.EventQueue.dispatchEvent(EventQueue.java:726)
	at java.awt.EventDispatchThread.pumpOneEventForFilters(EventDispatchThread.java:201)
	at java.awt.EventDispatchThread.pumpEventsForFilter(EventDispatchThread.java:116)
	at java.awt.EventDispatchThread.pumpEventsForHierarchy(EventDispatchThread.java:105)
	at java.awt.EventDispatchThread.pumpEvents(EventDispatchThread.java:101)
	at java.awt.EventDispatchThread.pumpEvents(EventDispatchThread.java:93)
	at java.awt.EventDispatchThread.run(EventDispatchThread.java:82)
Caused by: ptolemy.actor.ptalon.PtalonRuntimeException: Unable to add actor null
	at ptolemy.actor.ptalon.PtalonEvaluator.addActor(PtalonEvaluator.java:300)
	at ptolemy.actor.ptalon.PtalonPopulator.actor_declaration(PtalonPopulator.java:1574)
	at ptolemy.actor.ptalon.PtalonPopulator.atomic_statement(PtalonPopulator.java:1638)
	at ptolemy.actor.ptalon.PtalonPopulator.iterative_statement_evaluator(PtalonPopulator.java:2484)
	at ptolemy.actor.ptalon.AbstractPtalonEvaluator$IfTree.evaluateForScope(AbstractPtalonEvaluator.java:1307)
	at ptolemy.actor.ptalon.AbstractPtalonEvaluator.evaluateForScope(AbstractPtalonEvaluator.java:744)
	at ptolemy.actor.ptalon.PtalonPopulator.iterative_statement(PtalonPopulator.java:2363)
	at ptolemy.actor.ptalon.PtalonPopulator.actor_definition(PtalonPopulator.java:2809)
	at ptolemy.actor.ptalon.PtalonActor.attributeChanged(PtalonActor.java:206)
	... 48 more
Caused by: ptolemy.kernel.util.InternalErrorException: Element <entity name="node1" class="ptolemy.actor.ptalon.demo.ptinyos.SenseToLeds.MicaBoard"> caused an exception to be thrown.
  in .SenseToLeds.SenseToLeds
Because:
Cannot find class: ptolemy.actor.ptalon.demo.ptinyos.SenseToLeds.MicaBoard. In Ptolemy, classes are typically Java .class files. Entities like actors may instead be defined within a .xml file.  In any case, the class was not found. If the class uses a third party package, then the class would be present only if the third party package was found at compile time.  It may be necessary to upgrade Java or install the third party package, reconfigure and recompile.
Because:
Element <entity name="MicaLeds" class="ptolemy.domains.ptinyos.lib.MicaLeds"> caused an exception to be thrown.
  in .MicaBoard
Because:
Cannot find class: ptolemy.domains.ptinyos.lib.MicaLeds. In Ptolemy, classes are typically Java .class files. Entities like actors may instead be defined within a .xml file.  In any case, the class was not found. If the class uses a third party package, then the class would be present only if the third party package was found at compile time.  It may be necessary to upgrade Java or install the third party package, reconfigure and recompile.
Because:
-- /home/travis/build/icyphy/ptII/ptolemy/actor/ptalon/demo/ptinyos/SenseToLeds/ptolemy/domains/ptinyos/lib/MicaLeds.xml (No such file or directory)
-- XML file not found relative to classpath.
-- /home/travis/build/icyphy/ptII/ptolemy/vergil/basic/export/test/ptolemy/domains/ptinyos/lib/MicaLeds.xml
/home/travis/build/icyphy/ptII/ptolemy/vergil/basic/export/test/ptolemy/domains/ptinyos/lib/MicaLeds.xml (No such file or directory)
 in file:/home/travis/build/icyphy/ptII/ptolemy/actor/ptalon/demo/ptinyos/SenseToLeds/MicaBoard.xml at line 134 and column 63
	at ptolemy.moml.SimpleErrorHandler.handleError(SimpleErrorHandler.java:75)
	at ptolemy.moml.MoMLParser.startElement(MoMLParser.java:3805)
	at com.microstar.xml.XmlParser.parseElement(XmlParser.java:931)
	at com.microstar.xml.XmlParser.parseDocument(XmlParser.java:481)
	at com.microstar.xml.XmlParser.doParse(XmlParser.java:159)
	at com.microstar.xml.XmlParser.parse(XmlParser.java:132)
	at ptolemy.moml.MoMLParser.parse(MoMLParser.java:1660)
	at ptolemy.moml.MoMLParser.parse(MoMLParser.java:1617)
	at ptolemy.moml.MoMLParser.parse(MoMLParser.java:1792)
	at ptolemy.actor.ptalon.PtalonEvaluator.addActor(PtalonEvaluator.java:241)
	... 56 more
Caused by: ptolemy.kernel.util.IllegalActionException: Cannot find class: ptolemy.actor.ptalon.demo.ptinyos.SenseToLeds.MicaBoard. In Ptolemy, classes are typically Java .class files. Entities like actors may instead be defined within a .xml file.  In any case, the class was not found. If the class uses a third party package, then the class would be present only if the third party package was found at compile time.  It may be necessary to upgrade Java or install the third party package, reconfigure and recompile.
Because:
Element <entity name="MicaLeds" class="ptolemy.domains.ptinyos.lib.MicaLeds"> caused an exception to be thrown.
  in .MicaBoard
Because:
Cannot find class: ptolemy.domains.ptinyos.lib.MicaLeds. In Ptolemy, classes are typically Java .class files. Entities like actors may instead be defined within a .xml file.  In any case, the class was not found. If the class uses a third party package, then the class would be present only if the third party package was found at compile time.  It may be necessary to upgrade Java or install the third party package, reconfigure and recompile.
Because:
-- /home/travis/build/icyphy/ptII/ptolemy/actor/ptalon/demo/ptinyos/SenseToLeds/ptolemy/domains/ptinyos/lib/MicaLeds.xml (No such file or directory)
-- XML file not found relative to classpath.
-- /home/travis/build/icyphy/ptII/ptolemy/vergil/basic/export/test/ptolemy/domains/ptinyos/lib/MicaLeds.xml
/home/travis/build/icyphy/ptII/ptolemy/vergil/basic/export/test/ptolemy/domains/ptinyos/lib/MicaLeds.xml (No such file or directory)
 in file:/home/travis/build/icyphy/ptII/ptolemy/actor/ptalon/demo/ptinyos/SenseToLeds/MicaBoard.xml at line 134 and column 63
	at ptolemy.moml.MoMLParser._createEntity(MoMLParser.java:4330)
	at ptolemy.moml.MoMLParser.startElement(MoMLParser.java:2864)
	... 64 more
Caused by: ptolemy.kernel.util.InternalErrorException: Element <entity name="MicaLeds" class="ptolemy.domains.ptinyos.lib.MicaLeds"> caused an exception to be thrown.
  in .MicaBoard
Because:
Cannot find class: ptolemy.domains.ptinyos.lib.MicaLeds. In Ptolemy, classes are typically Java .class files. Entities like actors may instead be defined within a .xml file.  In any case, the class was not found. If the class uses a third party package, then the class would be present only if the third party package was found at compile time.  It may be necessary to upgrade Java or install the third party package, reconfigure and recompile.
Because:
-- /home/travis/build/icyphy/ptII/ptolemy/actor/ptalon/demo/ptinyos/SenseToLeds/ptolemy/domains/ptinyos/lib/MicaLeds.xml (No such file or directory)
-- XML file not found relative to classpath.
-- /home/travis/build/icyphy/ptII/ptolemy/vergil/basic/export/test/ptolemy/domains/ptinyos/lib/MicaLeds.xml
/home/travis/build/icyphy/ptII/ptolemy/vergil/basic/export/test/ptolemy/domains/ptinyos/lib/MicaLeds.xml (No such file or directory)
 in file:/home/travis/build/icyphy/ptII/ptolemy/actor/ptalon/demo/ptinyos/SenseToLeds/MicaBoard.xml at line 134 and column 63
	at ptolemy.moml.SimpleErrorHandler.handleError(SimpleErrorHandler.java:75)
	at ptolemy.moml.MoMLParser.startElement(MoMLParser.java:3805)
	at com.microstar.xml.XmlParser.parseElement(XmlParser.java:921)
	at com.microstar.xml.XmlParser.parseContent(XmlParser.java:1104)
	at com.microstar.xml.XmlParser.parseElement(XmlParser.java:924)
	at com.microstar.xml.XmlParser.parseDocument(XmlParser.java:481)
	at com.microstar.xml.XmlParser.doParse(XmlParser.java:159)
	at com.microstar.xml.XmlParser.parse(XmlParser.java:132)
	at ptolemy.moml.MoMLParser.parse(MoMLParser.java:1676)
	at ptolemy.moml.MoMLParser.parse(MoMLParser.java:1595)
	at ptolemy.moml.MoMLParser.parse(MoMLParser.java:1537)
	at ptolemy.moml.MoMLParser._findOrParse(MoMLParser.java:5286)
	at ptolemy.moml.MoMLParser._attemptToFindMoMLClass(MoMLParser.java:4075)
	at ptolemy.moml.MoMLParser._createEntity(MoMLParser.java:4323)
	... 65 more
Caused by: ptolemy.kernel.util.IllegalActionException: Cannot find class: ptolemy.domains.ptinyos.lib.MicaLeds. In Ptolemy, classes are typically Java .class files. Entities like actors may instead be defined within a .xml file.  In any case, the class was not found. If the class uses a third party package, then the class would be present only if the third party package was found at compile time.  It may be necessary to upgrade Java or install the third party package, reconfigure and recompile.
Because:
-- /home/travis/build/icyphy/ptII/ptolemy/actor/ptalon/demo/ptinyos/SenseToLeds/ptolemy/domains/ptinyos/lib/MicaLeds.xml (No such file or directory)
-- XML file not found relative to classpath.
-- /home/travis/build/icyphy/ptII/ptolemy/vergil/basic/export/test/ptolemy/domains/ptinyos/lib/MicaLeds.xml
/home/travis/build/icyphy/ptII/ptolemy/vergil/basic/export/test/ptolemy/domains/ptinyos/lib/MicaLeds.xml (No such file or directory)
 in file:/home/travis/build/icyphy/ptII/ptolemy/actor/ptalon/demo/ptinyos/SenseToLeds/MicaBoard.xml at line 134 and column 63
	at ptolemy.moml.MoMLParser._createEntity(MoMLParser.java:4330)
	at ptolemy.moml.MoMLParser.startElement(MoMLParser.java:2864)
	... 77 more
Caused by: com.microstar.xml.XmlException: -- /home/travis/build/icyphy/ptII/ptolemy/actor/ptalon/demo/ptinyos/SenseToLeds/ptolemy/domains/ptinyos/lib/MicaLeds.xml (No such file or directory)
-- XML file not found relative to classpath.
-- /home/travis/build/icyphy/ptII/ptolemy/vergil/basic/export/test/ptolemy/domains/ptinyos/lib/MicaLeds.xml
/home/travis/build/icyphy/ptII/ptolemy/vergil/basic/export/test/ptolemy/domains/ptinyos/lib/MicaLeds.xml (No such file or directory)
 in file:/home/travis/build/icyphy/ptII/ptolemy/actor/ptalon/demo/ptinyos/SenseToLeds/MicaBoard.xml at line 134 and column 63
	at ptolemy.moml.MoMLParser.fileNameToURL(MoMLParser.java:1414)
	at ptolemy.moml.MoMLParser._findOrParse(MoMLParser.java:5283)
	at ptolemy.moml.MoMLParser._attemptToFindMoMLClass(MoMLParser.java:4075)
	at ptolemy.moml.MoMLParser._createEntity(MoMLParser.java:4323)
	... 78 more
Caused by: ptolemy.actor.ptalon.PtalonRuntimeException: Unable to add actor null
	at ptolemy.actor.ptalon.PtalonEvaluator.addActor(PtalonEvaluator.java:300)
	at ptolemy.actor.ptalon.PtalonPopulator.actor_declaration(PtalonPopulator.java:1574)
	at ptolemy.actor.ptalon.PtalonPopulator.atomic_statement(PtalonPopulator.java:1638)
	at ptolemy.actor.ptalon.PtalonPopulator.iterative_statement_evaluator(PtalonPopulator.java:2484)
	at ptolemy.actor.ptalon.AbstractPtalonEvaluator$IfTree.evaluateForScope(AbstractPtalonEvaluator.java:1307)
	at ptolemy.actor.ptalon.AbstractPtalonEvaluator.evaluateForScope(AbstractPtalonEvaluator.java:744)
	at ptolemy.actor.ptalon.PtalonPopulator.iterative_statement(PtalonPopulator.java:2363)
	at ptolemy.actor.ptalon.PtalonPopulator.actor_definition(PtalonPopulator.java:2809)
	at ptolemy.actor.ptalon.PtalonActor.attributeChanged(PtalonActor.java:206)
	at ptolemy.actor.ptalon.PtalonMLHandler.startElement(PtalonMLHandler.java:134)
	at com.microstar.xml.XmlParser.parseElement(XmlParser.java:921)
	at com.microstar.xml.XmlParser.parseContent(XmlParser.java:1104)
	at com.microstar.xml.XmlParser.parseElement(XmlParser.java:924)
	at com.microstar.xml.XmlParser.parseDocument(XmlParser.java:481)
	at com.microstar.xml.XmlParser.doParse(XmlParser.java:159)
	at com.microstar.xml.XmlParser.parse(XmlParser.java:132)
	at ptolemy.actor.ptalon.PtalonActor.configure(PtalonActor.java:240)
	at ptolemy.moml.MoMLParser.endElement(MoMLParser.java:996)
	at com.microstar.xml.XmlParser.parseETag(XmlParser.java:1026)
	at com.microstar.xml.XmlParser.parseContent(XmlParser.java:1098)
	at com.microstar.xml.XmlParser.parseElement(XmlParser.java:924)
	at com.microstar.xml.XmlParser.parseContent(XmlParser.java:1104)
	at com.microstar.xml.XmlParser.parseElement(XmlParser.java:924)
	at com.microstar.xml.XmlParser.parseContent(XmlParser.java:1104)
	at com.microstar.xml.XmlParser.parseElement(XmlParser.java:924)
	at com.microstar.xml.XmlParser.parseDocument(XmlParser.java:481)
	at com.microstar.xml.XmlParser.doParse(XmlParser.java:159)
	at com.microstar.xml.XmlParser.parse(XmlParser.java:132)
	at ptolemy.moml.MoMLParser.parse(MoMLParser.java:1676)
	at ptolemy.moml.MoMLParser.parse(MoMLParser.java:1595)
	at ptolemy.moml.MoMLParser.parse(MoMLParser.java:1537)
	at ptolemy.actor.gui.PtolemyEffigy$Factory.createEffigy(PtolemyEffigy.java:424)
	at ptolemy.actor.gui.EffigyFactory.createEffigy(EffigyFactory.java:234)
	at ptolemy.actor.gui.Configuration.openModel(Configuration.java:1125)
	at ptolemy.actor.gui.Configuration.openModel(Configuration.java:1051)
	at ptolemy.actor.gui.ConfigurationApplication._openModel(ConfigurationApplication.java:1252)
	at ptolemy.actor.gui.ConfigurationApplication._parseArg(ConfigurationApplication.java:1399)
	at ptolemy.actor.gui.ConfigurationApplication._parseArgs(ConfigurationApplication.java:1478)
	at ptolemy.actor.gui.ConfigurationApplication.<init>(ConfigurationApplication.java:277)
	at ptolemy.actor.gui.ConfigurationApplication.<init>(ConfigurationApplication.java:214)
	at ptolemy.actor.gui.ConfigurationApplication.<init>(ConfigurationApplication.java:201)
	at ptolemy.actor.gui.ConfigurationApplication.openModelOrEntity(ConfigurationApplication.java:680)
	at ptolemy.vergil.basic.export.ExportModel$1.run(ExportModel.java:220)
	at java.awt.event.InvocationEvent.dispatch(InvocationEvent.java:301)
	at java.awt.EventQueue.dispatchEventImpl(EventQueue.java:756)
	at java.awt.EventQueue.access$500(EventQueue.java:97)
	at java.awt.EventQueue$3.run(EventQueue.java:709)
	at java.awt.EventQueue$3.run(EventQueue.java:703)
	at java.security.AccessController.doPrivileged(Native Method)
	at java.security.ProtectionDomain$JavaSecurityAccessImpl.doIntersectionPrivilege(ProtectionDomain.java:80)
	at java.awt.EventQueue.dispatchEvent(EventQueue.java:726)
	at java.awt.EventDispatchThread.pumpOneEventForFilters(EventDispatchThread.java:201)
	at java.awt.EventDispatchThread.pumpEventsForFilter(EventDispatchThread.java:116)
	at java.awt.EventDispatchThread.pumpEventsForHierarchy(EventDispatchThread.java:105)
	at java.awt.EventDispatchThread.pumpEvents(EventDispatchThread.java:101)
	at java.awt.EventDispatchThread.pumpEvents(EventDispatchThread.java:93)
	at java.awt.EventDispatchThread.run(EventDispatchThread.java:82)
Caused by: ptolemy.kernel.util.InternalErrorException: Element <entity name="node1" class="ptolemy.actor.ptalon.demo.ptinyos.SenseToLeds.MicaBoard"> caused an exception to be thrown.
  in .SenseToLeds.SenseToLeds
Because:
Cannot find class: ptolemy.actor.ptalon.demo.ptinyos.SenseToLeds.MicaBoard. In Ptolemy, classes are typically Java .class files. Entities like actors may instead be defined within a .xml file.  In any case, the class was not found. If the class uses a third party package, then the class would be present only if the third party package was found at compile time.  It may be necessary to upgrade Java or install the third party package, reconfigure and recompile.
Because:
Element <entity name="MicaLeds" class="ptolemy.domains.ptinyos.lib.MicaLeds"> caused an exception to be thrown.
  in .MicaBoard
Because:
Cannot find class: ptolemy.domains.ptinyos.lib.MicaLeds. In Ptolemy, classes are typically Java .class files. Entities like actors may instead be defined within a .xml file.  In any case, the class was not found. If the class uses a third party package, then the class would be present only if the third party package was found at compile time.  It may be necessary to upgrade Java or install the third party package, reconfigure and recompile.
Because:
-- /home/travis/build/icyphy/ptII/ptolemy/actor/ptalon/demo/ptinyos/SenseToLeds/ptolemy/domains/ptinyos/lib/MicaLeds.xml (No such file or directory)
-- XML file not found relative to classpath.
-- /home/travis/build/icyphy/ptII/ptolemy/vergil/basic/export/test/ptolemy/domains/ptinyos/lib/MicaLeds.xml
/home/travis/build/icyphy/ptII/ptolemy/vergil/basic/export/test/ptolemy/domains/ptinyos/lib/MicaLeds.xml (No such file or directory)
 in file:/home/travis/build/icyphy/ptII/ptolemy/actor/ptalon/demo/ptinyos/SenseToLeds/MicaBoard.xml at line 134 and column 63
	at ptolemy.moml.SimpleErrorHandler.handleError(SimpleErrorHandler.java:75)
	at ptolemy.moml.MoMLParser.startElement(MoMLParser.java:3805)
	at com.microstar.xml.XmlParser.parseElement(XmlParser.java:931)
	at com.microstar.xml.XmlParser.parseDocument(XmlParser.java:481)
	at com.microstar.xml.XmlParser.doParse(XmlParser.java:159)
	at com.microstar.xml.XmlParser.parse(XmlParser.java:132)
	at ptolemy.moml.MoMLParser.parse(MoMLParser.java:1660)
	at ptolemy.moml.MoMLParser.parse(MoMLParser.java:1617)
	at ptolemy.moml.MoMLParser.parse(MoMLParser.java:1792)
	at ptolemy.actor.ptalon.PtalonEvaluator.addActor(PtalonEvaluator.java:241)
	... 56 more
Caused by: ptolemy.kernel.util.IllegalActionException: Cannot find class: ptolemy.actor.ptalon.demo.ptinyos.SenseToLeds.MicaBoard. In Ptolemy, classes are typically Java .class files. Entities like actors may instead be defined within a .xml file.  In any case, the class was not found. If the class uses a third party package, then the class would be present only if the third party package was found at compile time.  It may be necessary to upgrade Java or install the third party package, reconfigure and recompile.
Because:
Element <entity name="MicaLeds" class="ptolemy.domains.ptinyos.lib.MicaLeds"> caused an exception to be thrown.
  in .MicaBoard
Because:
Cannot find class: ptolemy.domains.ptinyos.lib.MicaLeds. In Ptolemy, classes are typically Java .class files. Entities like actors may instead be defined within a .xml file.  In any case, the class was not found. If the class uses a third party package, then the class would be present only if the third party package was found at compile time.  It may be necessary to upgrade Java or install the third party package, reconfigure and recompile.
Because:
-- /home/travis/build/icyphy/ptII/ptolemy/actor/ptalon/demo/ptinyos/SenseToLeds/ptolemy/domains/ptinyos/lib/MicaLeds.xml (No such file or directory)
-- XML file not found relative to classpath.
-- /home/travis/build/icyphy/ptII/ptolemy/vergil/basic/export/test/ptolemy/domains/ptinyos/lib/MicaLeds.xml
/home/travis/build/icyphy/ptII/ptolemy/vergil/basic/export/test/ptolemy/domains/ptinyos/lib/MicaLeds.xml (No such file or directory)
 in file:/home/travis/build/icyphy/ptII/ptolemy/actor/ptalon/demo/ptinyos/SenseToLeds/MicaBoard.xml at line 134 and column 63
	at ptolemy.moml.MoMLParser._createEntity(MoMLParser.java:4330)
	at ptolemy.moml.MoMLParser.startElement(MoMLParser.java:2864)
	... 64 more
Caused by: ptolemy.kernel.util.InternalErrorException: Element <entity name="MicaLeds" class="ptolemy.domains.ptinyos.lib.MicaLeds"> caused an exception to be thrown.
  in .MicaBoard
Because:
Cannot find class: ptolemy.domains.ptinyos.lib.MicaLeds. In Ptolemy, classes are typically Java .class files. Entities like actors may instead be defined within a .xml file.  In any case, the class was not found. If the class uses a third party package, then the class would be present only if the third party package was found at compile time.  It may be necessary to upgrade Java or install the third party package, reconfigure and recompile.
Because:
-- /home/travis/build/icyphy/ptII/ptolemy/actor/ptalon/demo/ptinyos/SenseToLeds/ptolemy/domains/ptinyos/lib/MicaLeds.xml (No such file or directory)
-- XML file not found relative to classpath.
-- /home/travis/build/icyphy/ptII/ptolemy/vergil/basic/export/test/ptolemy/domains/ptinyos/lib/MicaLeds.xml
/home/travis/build/icyphy/ptII/ptolemy/vergil/basic/export/test/ptolemy/domains/ptinyos/lib/MicaLeds.xml (No such file or directory)
 in file:/home/travis/build/icyphy/ptII/ptolemy/actor/ptalon/demo/ptinyos/SenseToLeds/MicaBoard.xml at line 134 and column 63
	at ptolemy.moml.SimpleErrorHandler.handleError(SimpleErrorHandler.java:75)
	at ptolemy.moml.MoMLParser.startElement(MoMLParser.java:3805)
	at com.microstar.xml.XmlParser.parseElement(XmlParser.java:921)
	at com.microstar.xml.XmlParser.parseContent(XmlParser.java:1104)
	at com.microstar.xml.XmlParser.parseElement(XmlParser.java:924)
	at com.microstar.xml.XmlParser.parseDocument(XmlParser.java:481)
	at com.microstar.xml.XmlParser.doParse(XmlParser.java:159)
	at com.microstar.xml.XmlParser.parse(XmlParser.java:132)
	at ptolemy.moml.MoMLParser.parse(MoMLParser.java:1676)
	at ptolemy.moml.MoMLParser.parse(MoMLParser.java:1595)
	at ptolemy.moml.MoMLParser.parse(MoMLParser.java:1537)
	at ptolemy.moml.MoMLParser._findOrParse(MoMLParser.java:5286)
	at ptolemy.moml.MoMLParser._attemptToFindMoMLClass(MoMLParser.java:4075)
	at ptolemy.moml.MoMLParser._createEntity(MoMLParser.java:4323)
	... 65 more
Caused by: ptolemy.kernel.util.IllegalActionException: Cannot find class: ptolemy.domains.ptinyos.lib.MicaLeds. In Ptolemy, classes are typically Java .class files. Entities like actors may instead be defined within a .xml file.  In any case, the class was not found. If the class uses a third party package, then the class would be present only if the third party package was found at compile time.  It may be necessary to upgrade Java or install the third party package, reconfigure and recompile.
Because:
-- /home/travis/build/icyphy/ptII/ptolemy/actor/ptalon/demo/ptinyos/SenseToLeds/ptolemy/domains/ptinyos/lib/MicaLeds.xml (No such file or directory)
-- XML file not found relative to classpath.
-- /home/travis/build/icyphy/ptII/ptolemy/vergil/basic/export/test/ptolemy/domains/ptinyos/lib/MicaLeds.xml
/home/travis/build/icyphy/ptII/ptolemy/vergil/basic/export/test/ptolemy/domains/ptinyos/lib/MicaLeds.xml (No such file or directory)
 in file:/home/travis/build/icyphy/ptII/ptolemy/actor/ptalon/demo/ptinyos/SenseToLeds/MicaBoard.xml at line 134 and column 63
	at ptolemy.moml.MoMLParser._createEntity(MoMLParser.java:4330)
	at ptolemy.moml.MoMLParser.startElement(MoMLParser.java:2864)
	... 77 more
Caused by: com.microstar.xml.XmlException: -- /home/travis/build/icyphy/ptII/ptolemy/actor/ptalon/demo/ptinyos/SenseToLeds/ptolemy/domains/ptinyos/lib/MicaLeds.xml (No such file or directory)
-- XML file not found relative to classpath.
-- /home/travis/build/icyphy/ptII/ptolemy/vergil/basic/export/test/ptolemy/domains/ptinyos/lib/MicaLeds.xml
/home/travis/build/icyphy/ptII/ptolemy/vergil/basic/export/test/ptolemy/domains/ptinyos/lib/MicaLeds.xml (No such file or directory)
 in file:/home/travis/build/icyphy/ptII/ptolemy/actor/ptalon/demo/ptinyos/SenseToLeds/MicaBoard.xml at line 134 and column 63
	at ptolemy.moml.MoMLParser.fileNameToURL(MoMLParser.java:1414)
	at ptolemy.moml.MoMLParser._findOrParse(MoMLParser.java:5283)
	at ptolemy.moml.MoMLParser._attemptToFindMoMLClass(MoMLParser.java:4075)
	at ptolemy.moml.MoMLParser._createEntity(MoMLParser.java:4323)
	... 78 more
Failed to read file:/home/travis/build/icyphy/ptII/ptolemy/actor/ptalon/demo/ptinyos/SenseToLeds/SenseToLeds.xml
ptolemy.kernel.util.IllegalActionException: Failed to process attribute change to PtalonParameter, whose value is "ptolemy.actor.ptalon.PtalonExpressionParameter {.SenseToLeds.SenseToLeds.n} 2".
  in .SenseToLeds.SenseToLeds
Because:
Unable to add actor null
	at ptolemy.actor.ptalon.PtalonActor.attributeChanged(PtalonActor.java:211)
	at ptolemy.actor.ptalon.PtalonMLHandler.startElement(PtalonMLHandler.java:134)
	at com.microstar.xml.XmlParser.parseElement(XmlParser.java:921)
	at com.microstar.xml.XmlParser.parseContent(XmlParser.java:1104)
	at com.microstar.xml.XmlParser.parseElement(XmlParser.java:924)
	at com.microstar.xml.XmlParser.parseDocument(XmlParser.java:481)
	at com.microstar.xml.XmlParser.doParse(XmlParser.java:159)
	at com.microstar.xml.XmlParser.parse(XmlParser.java:132)
	at ptolemy.actor.ptalon.PtalonActor.configure(PtalonActor.java:240)
	at ptolemy.moml.MoMLParser.endElement(MoMLParser.java:996)
	at com.microstar.xml.XmlParser.parseETag(XmlParser.java:1026)
	at com.microstar.xml.XmlParser.parseContent(XmlParser.java:1098)
	at com.microstar.xml.XmlParser.parseElement(XmlParser.java:924)
	at com.microstar.xml.XmlParser.parseContent(XmlParser.java:1104)
	at com.microstar.xml.XmlParser.parseElement(XmlParser.java:924)
	at com.microstar.xml.XmlParser.parseContent(XmlParser.java:1104)
	at com.microstar.xml.XmlParser.parseElement(XmlParser.java:924)
	at com.microstar.xml.XmlParser.parseDocument(XmlParser.java:481)
	at com.microstar.xml.XmlParser.doParse(XmlParser.java:159)
	at com.microstar.xml.XmlParser.parse(XmlParser.java:132)
	at ptolemy.moml.MoMLParser.parse(MoMLParser.java:1676)
	at ptolemy.moml.MoMLParser.parse(MoMLParser.java:1595)
	at ptolemy.moml.MoMLParser.parse(MoMLParser.java:1537)
	at ptolemy.actor.gui.PtolemyEffigy$Factory.createEffigy(PtolemyEffigy.java:424)
	at ptolemy.actor.gui.EffigyFactory.createEffigy(EffigyFactory.java:234)
	at ptolemy.actor.gui.Configuration.openModel(Configuration.java:1125)
	at ptolemy.actor.gui.Configuration.openModel(Configuration.java:1051)
	at ptolemy.actor.gui.ConfigurationApplication._openModel(ConfigurationApplication.java:1252)
	at ptolemy.actor.gui.ConfigurationApplication._parseArg(ConfigurationApplication.java:1399)
	at ptolemy.actor.gui.ConfigurationApplication._parseArgs(ConfigurationApplication.java:1478)
	at ptolemy.actor.gui.ConfigurationApplication.<init>(ConfigurationApplication.java:277)
	at ptolemy.actor.gui.ConfigurationApplication.<init>(ConfigurationApplication.java:214)
	at ptolemy.actor.gui.ConfigurationApplication.<init>(ConfigurationApplication.java:201)
	at ptolemy.actor.gui.ConfigurationApplication.openModelOrEntity(ConfigurationApplication.java:680)
	at ptolemy.vergil.basic.export.ExportModel$1.run(ExportModel.java:220)
	at java.awt.event.InvocationEvent.dispatch(InvocationEvent.java:301)
	at java.awt.EventQueue.dispatchEventImpl(EventQueue.java:756)
	at java.awt.EventQueue.access$500(EventQueue.java:97)
	at java.awt.EventQueue$3.run(EventQueue.java:709)
	at java.awt.EventQueue$3.run(EventQueue.java:703)
	at java.security.AccessController.doPrivileged(Native Method)
	at java.security.ProtectionDomain$JavaSecurityAccessImpl.doIntersectionPrivilege(ProtectionDomain.java:80)
	at java.awt.EventQueue.dispatchEvent(EventQueue.java:726)
	at java.awt.EventDispatchThread.pumpOneEventForFilters(EventDispatchThread.java:201)
	at java.awt.EventDispatchThread.pumpEventsForFilter(EventDispatchThread.java:116)
	at java.awt.EventDispatchThread.pumpEventsForHierarchy(EventDispatchThread.java:105)
	at java.awt.EventDispatchThread.pumpEvents(EventDispatchThread.java:101)
	at java.awt.EventDispatchThread.pumpEvents(EventDispatchThread.java:93)
	at java.awt.EventDispatchThread.run(EventDispatchThread.java:82)
Caused by: ptolemy.actor.ptalon.PtalonRuntimeException: Unable to add actor null
	at ptolemy.actor.ptalon.PtalonEvaluator.addActor(PtalonEvaluator.java:300)
	at ptolemy.actor.ptalon.PtalonPopulator.actor_declaration(PtalonPopulator.java:1574)
	at ptolemy.actor.ptalon.PtalonPopulator.atomic_statement(PtalonPopulator.java:1638)
	at ptolemy.actor.ptalon.PtalonPopulator.iterative_statement_evaluator(PtalonPopulator.java:2484)
	at ptolemy.actor.ptalon.AbstractPtalonEvaluator$IfTree.evaluateForScope(AbstractPtalonEvaluator.java:1307)
	at ptolemy.actor.ptalon.AbstractPtalonEvaluator.evaluateForScope(AbstractPtalonEvaluator.java:744)
	at ptolemy.actor.ptalon.PtalonPopulator.iterative_statement(PtalonPopulator.java:2363)
	at ptolemy.actor.ptalon.PtalonPopulator.actor_definition(PtalonPopulator.java:2809)
	at ptolemy.actor.ptalon.PtalonActor.attributeChanged(PtalonActor.java:206)
	... 48 more
Caused by: ptolemy.kernel.util.InternalErrorException: Element <entity name="node1" class="ptolemy.actor.ptalon.demo.ptinyos.SenseToLeds.MicaBoard"> caused an exception to be thrown.
  in .SenseToLeds.SenseToLeds
Because:
Cannot find class: ptolemy.actor.ptalon.demo.ptinyos.SenseToLeds.MicaBoard. In Ptolemy, classes are typically Java .class files. Entities like actors may instead be defined within a .xml file.  In any case, the class was not found. If the class uses a third party package, then the class would be present only if the third party package was found at compile time.  It may be necessary to upgrade Java or install the third party package, reconfigure and recompile.
Because:
Element <entity name="MicaLeds" class="ptolemy.domains.ptinyos.lib.MicaLeds"> caused an exception to be thrown.
  in .MicaBoard
Because:
Cannot find class: ptolemy.domains.ptinyos.lib.MicaLeds. In Ptolemy, classes are typically Java .class files. Entities like actors may instead be defined within a .xml file.  In any case, the class was not found. If the class uses a third party package, then the class would be present only if the third party package was found at compile time.  It may be necessary to upgrade Java or install the third party package, reconfigure and recompile.
Because:
-- /home/travis/build/icyphy/ptII/ptolemy/actor/ptalon/demo/ptinyos/SenseToLeds/ptolemy/domains/ptinyos/lib/MicaLeds.xml (No such file or directory)
-- XML file not found relative to classpath.
-- /home/travis/build/icyphy/ptII/ptolemy/vergil/basic/export/test/ptolemy/domains/ptinyos/lib/MicaLeds.xml
/home/travis/build/icyphy/ptII/ptolemy/vergil/basic/export/test/ptolemy/domains/ptinyos/lib/MicaLeds.xml (No such file or directory)
 in file:/home/travis/build/icyphy/ptII/ptolemy/actor/ptalon/demo/ptinyos/SenseToLeds/MicaBoard.xml at line 134 and column 63
	at ptolemy.moml.SimpleErrorHandler.handleError(SimpleErrorHandler.java:75)
	at ptolemy.moml.MoMLParser.startElement(MoMLParser.java:3805)
	at com.microstar.xml.XmlParser.parseElement(XmlParser.java:931)
	at com.microstar.xml.XmlParser.parseDocument(XmlParser.java:481)
	at com.microstar.xml.XmlParser.doParse(XmlParser.java:159)
	at com.microstar.xml.XmlParser.parse(XmlParser.java:132)
	at ptolemy.moml.MoMLParser.parse(MoMLParser.java:1660)
	at ptolemy.moml.MoMLParser.parse(MoMLParser.java:1617)
	at ptolemy.moml.MoMLParser.parse(MoMLParser.java:1792)
	at ptolemy.actor.ptalon.PtalonEvaluator.addActor(PtalonEvaluator.java:241)
	... 56 more
Caused by: ptolemy.kernel.util.IllegalActionException: Cannot find class: ptolemy.actor.ptalon.demo.ptinyos.SenseToLeds.MicaBoard. In Ptolemy, classes are typically Java .class files. Entities like actors may instead be defined within a .xml file.  In any case, the class was not found. If the class uses a third party package, then the class would be present only if the third party package was found at compile time.  It may be necessary to upgrade Java or install the third party package, reconfigure and recompile.
Because:
Element <entity name="MicaLeds" class="ptolemy.domains.ptinyos.lib.MicaLeds"> caused an exception to be thrown.
  in .MicaBoard
Because:
Cannot find class: ptolemy.domains.ptinyos.lib.MicaLeds. In Ptolemy, classes are typically Java .class files. Entities like actors may instead be defined within a .xml file.  In any case, the class was not found. If the class uses a third party package, then the class would be present only if the third party package was found at compile time.  It may be necessary to upgrade Java or install the third party package, reconfigure and recompile.
Because:
-- /home/travis/build/icyphy/ptII/ptolemy/actor/ptalon/demo/ptinyos/SenseToLeds/ptolemy/domains/ptinyos/lib/MicaLeds.xml (No such file or directory)
-- XML file not found relative to classpath.
-- /home/travis/build/icyphy/ptII/ptolemy/vergil/basic/export/test/ptolemy/domains/ptinyos/lib/MicaLeds.xml
/home/travis/build/icyphy/ptII/ptolemy/vergil/basic/export/test/ptolemy/domains/ptinyos/lib/MicaLeds.xml (No such file or directory)
 in file:/home/travis/build/icyphy/ptII/ptolemy/actor/ptalon/demo/ptinyos/SenseToLeds/MicaBoard.xml at line 134 and column 63
	at ptolemy.moml.MoMLParser._createEntity(MoMLParser.java:4330)
	at ptolemy.moml.MoMLParser.startElement(MoMLParser.java:2864)
	... 64 more
Caused by: ptolemy.kernel.util.InternalErrorException: Element <entity name="MicaLeds" class="ptolemy.domains.ptinyos.lib.MicaLeds"> caused an exception to be thrown.
  in .MicaBoard
Because:
Cannot find class: ptolemy.domains.ptinyos.lib.MicaLeds. In Ptolemy, classes are typically Java .class files. Entities like actors may instead be defined within a .xml file.  In any case, the class was not found. If the class uses a third party package, then the class would be present only if the third party package was found at compile time.  It may be necessary to upgrade Java or install the third party package, reconfigure and recompile.
Because:
-- /home/travis/build/icyphy/ptII/ptolemy/actor/ptalon/demo/ptinyos/SenseToLeds/ptolemy/domains/ptinyos/lib/MicaLeds.xml (No such file or directory)
-- XML file not found relative to classpath.
-- /home/travis/build/icyphy/ptII/ptolemy/vergil/basic/export/test/ptolemy/domains/ptinyos/lib/MicaLeds.xml
/home/travis/build/icyphy/ptII/ptolemy/vergil/basic/export/test/ptolemy/domains/ptinyos/lib/MicaLeds.xml (No such file or directory)
 in file:/home/travis/build/icyphy/ptII/ptolemy/actor/ptalon/demo/ptinyos/SenseToLeds/MicaBoard.xml at line 134 and column 63
	at ptolemy.moml.SimpleErrorHandler.handleError(SimpleErrorHandler.java:75)
	at ptolemy.moml.MoMLParser.startElement(MoMLParser.java:3805)
	at com.microstar.xml.XmlParser.parseElement(XmlParser.java:921)
	at com.microstar.xml.XmlParser.parseContent(XmlParser.java:1104)
	at com.microstar.xml.XmlParser.parseElement(XmlParser.java:924)
	at com.microstar.xml.XmlParser.parseDocument(XmlParser.java:481)
	at com.microstar.xml.XmlParser.doParse(XmlParser.java:159)
	at com.microstar.xml.XmlParser.parse(XmlParser.java:132)
	at ptolemy.moml.MoMLParser.parse(MoMLParser.java:1676)
	at ptolemy.moml.MoMLParser.parse(MoMLParser.java:1595)
	at ptolemy.moml.MoMLParser.parse(MoMLParser.java:1537)
	at ptolemy.moml.MoMLParser._findOrParse(MoMLParser.java:5286)
	at ptolemy.moml.MoMLParser._attemptToFindMoMLClass(MoMLParser.java:4075)
	at ptolemy.moml.MoMLParser._createEntity(MoMLParser.java:4323)
	... 65 more
Caused by: ptolemy.kernel.util.IllegalActionException: Cannot find class: ptolemy.domains.ptinyos.lib.MicaLeds. In Ptolemy, classes are typically Java .class files. Entities like actors may instead be defined within a .xml file.  In any case, the class was not found. If the class uses a third party package, then the class would be present only if the third party package was found at compile time.  It may be necessary to upgrade Java or install the third party package, reconfigure and recompile.
Because:
-- /home/travis/build/icyphy/ptII/ptolemy/actor/ptalon/demo/ptinyos/SenseToLeds/ptolemy/domains/ptinyos/lib/MicaLeds.xml (No such file or directory)
-- XML file not found relative to classpath.
-- /home/travis/build/icyphy/ptII/ptolemy/vergil/basic/export/test/ptolemy/domains/ptinyos/lib/MicaLeds.xml
/home/travis/build/icyphy/ptII/ptolemy/vergil/basic/export/test/ptolemy/domains/ptinyos/lib/MicaLeds.xml (No such file or directory)
 in file:/home/travis/build/icyphy/ptII/ptolemy/actor/ptalon/demo/ptinyos/SenseToLeds/MicaBoard.xml at line 134 and column 63
	at ptolemy.moml.MoMLParser._createEntity(MoMLParser.java:4330)
	at ptolemy.moml.MoMLParser.startElement(MoMLParser.java:2864)
	... 77 more
Caused by: com.microstar.xml.XmlException: -- /home/travis/build/icyphy/ptII/ptolemy/actor/ptalon/demo/ptinyos/SenseToLeds/ptolemy/domains/ptinyos/lib/MicaLeds.xml (No such file or directory)
-- XML file not found relative to classpath.
-- /home/travis/build/icyphy/ptII/ptolemy/vergil/basic/export/test/ptolemy/domains/ptinyos/lib/MicaLeds.xml
/home/travis/build/icyphy/ptII/ptolemy/vergil/basic/export/test/ptolemy/domains/ptinyos/lib/MicaLeds.xml (No such file or directory)
 in file:/home/travis/build/icyphy/ptII/ptolemy/actor/ptalon/demo/ptinyos/SenseToLeds/MicaBoard.xml at line 134 and column 63
	at ptolemy.moml.MoMLParser.fileNameToURL(MoMLParser.java:1414)
	at ptolemy.moml.MoMLParser._findOrParse(MoMLParser.java:5283)
	at ptolemy.moml.MoMLParser._attemptToFindMoMLClass(MoMLParser.java:4075)
	at ptolemy.moml.MoMLParser._createEntity(MoMLParser.java:4323)
	... 78 more
Caused by: ptolemy.actor.ptalon.PtalonRuntimeException: Unable to add actor null
	at ptolemy.actor.ptalon.PtalonEvaluator.addActor(PtalonEvaluator.java:300)
	at ptolemy.actor.ptalon.PtalonPopulator.actor_declaration(PtalonPopulator.java:1574)
	at ptolemy.actor.ptalon.PtalonPopulator.atomic_statement(PtalonPopulator.java:1638)
	at ptolemy.actor.ptalon.PtalonPopulator.iterative_statement_evaluator(PtalonPopulator.java:2484)
	at ptolemy.actor.ptalon.AbstractPtalonEvaluator$IfTree.evaluateForScope(AbstractPtalonEvaluator.java:1307)
	at ptolemy.actor.ptalon.AbstractPtalonEvaluator.evaluateForScope(AbstractPtalonEvaluator.java:744)
	at ptolemy.actor.ptalon.PtalonPopulator.iterative_statement(PtalonPopulator.java:2363)
	at ptolemy.actor.ptalon.PtalonPopulator.actor_definition(PtalonPopulator.java:2809)
	at ptolemy.actor.ptalon.PtalonActor.attributeChanged(PtalonActor.java:206)
	at ptolemy.actor.ptalon.PtalonMLHandler.startElement(PtalonMLHandler.java:134)
	at com.microstar.xml.XmlParser.parseElement(XmlParser.java:921)
	at com.microstar.xml.XmlParser.parseContent(XmlParser.java:1104)
	at com.microstar.xml.XmlParser.parseElement(XmlParser.java:924)
	at com.microstar.xml.XmlParser.parseDocument(XmlParser.java:481)
	at com.microstar.xml.XmlParser.doParse(XmlParser.java:159)
	at com.microstar.xml.XmlParser.parse(XmlParser.java:132)
	at ptolemy.actor.ptalon.PtalonActor.configure(PtalonActor.java:240)
	at ptolemy.moml.MoMLParser.endElement(MoMLParser.java:996)
	at com.microstar.xml.XmlParser.parseETag(XmlParser.java:1026)
	at com.microstar.xml.XmlParser.parseContent(XmlParser.java:1098)
	at com.microstar.xml.XmlParser.parseElement(XmlParser.java:924)
	at com.microstar.xml.XmlParser.parseContent(XmlParser.java:1104)
	at com.microstar.xml.XmlParser.parseElement(XmlParser.java:924)
	at com.microstar.xml.XmlParser.parseContent(XmlParser.java:1104)
	at com.microstar.xml.XmlParser.parseElement(XmlParser.java:924)
	at com.microstar.xml.XmlParser.parseDocument(XmlParser.java:481)
	at com.microstar.xml.XmlParser.doParse(XmlParser.java:159)
	at com.microstar.xml.XmlParser.parse(XmlParser.java:132)
	at ptolemy.moml.MoMLParser.parse(MoMLParser.java:1676)
	at ptolemy.moml.MoMLParser.parse(MoMLParser.java:1595)
	at ptolemy.moml.MoMLParser.parse(MoMLParser.java:1537)
	at ptolemy.actor.gui.PtolemyEffigy$Factory.createEffigy(PtolemyEffigy.java:424)
	at ptolemy.actor.gui.EffigyFactory.createEffigy(EffigyFactory.java:234)
	at ptolemy.actor.gui.Configuration.openModel(Configuration.java:1125)
	at ptolemy.actor.gui.Configuration.openModel(Configuration.java:1051)
	at ptolemy.actor.gui.ConfigurationApplication._openModel(ConfigurationApplication.java:1252)
	at ptolemy.actor.gui.ConfigurationApplication._parseArg(ConfigurationApplication.java:1399)
	at ptolemy.actor.gui.ConfigurationApplication._parseArgs(ConfigurationApplication.java:1478)
	at ptolemy.actor.gui.ConfigurationApplication.<init>(ConfigurationApplication.java:277)
	at ptolemy.actor.gui.ConfigurationApplication.<init>(ConfigurationApplication.java:214)
	at ptolemy.actor.gui.ConfigurationApplication.<init>(ConfigurationApplication.java:201)
	at ptolemy.actor.gui.ConfigurationApplication.openModelOrEntity(ConfigurationApplication.java:680)
	at ptolemy.vergil.basic.export.ExportModel$1.run(ExportModel.java:220)
	at java.awt.event.InvocationEvent.dispatch(InvocationEvent.java:301)
	at java.awt.EventQueue.dispatchEventImpl(EventQueue.java:756)
	at java.awt.EventQueue.access$500(EventQueue.java:97)
	at java.awt.EventQueue$3.run(EventQueue.java:709)
	at java.awt.EventQueue$3.run(EventQueue.java:703)
	at java.security.AccessController.doPrivileged(Native Method)
	at java.security.ProtectionDomain$JavaSecurityAccessImpl.doIntersectionPrivilege(ProtectionDomain.java:80)
	at java.awt.EventQueue.dispatchEvent(EventQueue.java:726)
	at java.awt.EventDispatchThread.pumpOneEventForFilters(EventDispatchThread.java:201)
	at java.awt.EventDispatchThread.pumpEventsForFilter(EventDispatchThread.java:116)
	at java.awt.EventDispatchThread.pumpEventsForHierarchy(EventDispatchThread.java:105)
	at java.awt.EventDispatchThread.pumpEvents(EventDispatchThread.java:101)
	at java.awt.EventDispatchThread.pumpEvents(EventDispatchThread.java:93)
	at java.awt.EventDispatchThread.run(EventDispatchThread.java:82)
Caused by: ptolemy.kernel.util.InternalErrorException: Element <entity name="node1" class="ptolemy.actor.ptalon.demo.ptinyos.SenseToLeds.MicaBoard"> caused an exception to be thrown.
  in .SenseToLeds.SenseToLeds
Because:
Cannot find class: ptolemy.actor.ptalon.demo.ptinyos.SenseToLeds.MicaBoard. In Ptolemy, classes are typically Java .class files. Entities like actors may instead be defined within a .xml file.  In any case, the class was not found. If the class uses a third party package, then the class would be present only if the third party package was found at compile time.  It may be necessary to upgrade Java or install the third party package, reconfigure and recompile.
Because:
Element <entity name="MicaLeds" class="ptolemy.domains.ptinyos.lib.MicaLeds"> caused an exception to be thrown.
  in .MicaBoard
Because:
Cannot find class: ptolemy.domains.ptinyos.lib.MicaLeds. In Ptolemy, classes are typically Java .class files. Entities like actors may instead be defined within a .xml file.  In any case, the class was not found. If the class uses a third party package, then the class would be present only if the third party package was found at compile time.  It may be necessary to upgrade Java or install the third party package, reconfigure and recompile.
Because:
-- /home/travis/build/icyphy/ptII/ptolemy/actor/ptalon/demo/ptinyos/SenseToLeds/ptolemy/domains/ptinyos/lib/MicaLeds.xml (No such file or directory)
-- XML file not found relative to classpath.
-- /home/travis/build/icyphy/ptII/ptolemy/vergil/basic/export/test/ptolemy/domains/ptinyos/lib/MicaLeds.xml
/home/travis/build/icyphy/ptII/ptolemy/vergil/basic/export/test/ptolemy/domains/ptinyos/lib/MicaLeds.xml (No such file or directory)
 in file:/home/travis/build/icyphy/ptII/ptolemy/actor/ptalon/demo/ptinyos/SenseToLeds/MicaBoard.xml at line 134 and column 63
	at ptolemy.moml.SimpleErrorHandler.handleError(SimpleErrorHandler.java:75)
	at ptolemy.moml.MoMLParser.startElement(MoMLParser.java:3805)
	at com.microstar.xml.XmlParser.parseElement(XmlParser.java:931)
	at com.microstar.xml.XmlParser.parseDocument(XmlParser.java:481)
	at com.microstar.xml.XmlParser.doParse(XmlParser.java:159)
	at com.microstar.xml.XmlParser.parse(XmlParser.java:132)
	at ptolemy.moml.MoMLParser.parse(MoMLParser.java:1660)
	at ptolemy.moml.MoMLParser.parse(MoMLParser.java:1617)
	at ptolemy.moml.MoMLParser.parse(MoMLParser.java:1792)
	at ptolemy.actor.ptalon.PtalonEvaluator.addActor(PtalonEvaluator.java:241)
	... 56 more
Caused by: ptolemy.kernel.util.IllegalActionException: Cannot find class: ptolemy.actor.ptalon.demo.ptinyos.SenseToLeds.MicaBoard. In Ptolemy, classes are typically Java .class files. Entities like actors may instead be defined within a .xml file.  In any case, the class was not found. If the class uses a third party package, then the class would be present only if the third party package was found at compile time.  It may be necessary to upgrade Java or install the third party package, reconfigure and recompile.
Because:
Element <entity name="MicaLeds" class="ptolemy.domains.ptinyos.lib.MicaLeds"> caused an exception to be thrown.
  in .MicaBoard
Because:
Cannot find class: ptolemy.domains.ptinyos.lib.MicaLeds. In Ptolemy, classes are typically Java .class files. Entities like actors may instead be defined within a .xml file.  In any case, the class was not found. If the class uses a third party package, then the class would be present only if the third party package was found at compile time.  It may be necessary to upgrade Java or install the third party package, reconfigure and recompile.
Because:
-- /home/travis/build/icyphy/ptII/ptolemy/actor/ptalon/demo/ptinyos/SenseToLeds/ptolemy/domains/ptinyos/lib/MicaLeds.xml (No such file or directory)
-- XML file not found relative to classpath.
-- /home/travis/build/icyphy/ptII/ptolemy/vergil/basic/export/test/ptolemy/domains/ptinyos/lib/MicaLeds.xml
/home/travis/build/icyphy/ptII/ptolemy/vergil/basic/export/test/ptolemy/domains/ptinyos/lib/MicaLeds.xml (No such file or directory)
 in file:/home/travis/build/icyphy/ptII/ptolemy/actor/ptalon/demo/ptinyos/SenseToLeds/MicaBoard.xml at line 134 and column 63
	at ptolemy.moml.MoMLParser._createEntity(MoMLParser.java:4330)
	at ptolemy.moml.MoMLParser.startElement(MoMLParser.java:2864)
	... 64 more
Caused by: ptolemy.kernel.util.InternalErrorException: Element <entity name="MicaLeds" class="ptolemy.domains.ptinyos.lib.MicaLeds"> caused an exception to be thrown.
  in .MicaBoard
Because:
Cannot find class: ptolemy.domains.ptinyos.lib.MicaLeds. In Ptolemy, classes are typically Java .class files. Entities like actors may instead be defined within a .xml file.  In any case, the class was not found. If the class uses a third party package, then the class would be present only if the third party package was found at compile time.  It may be necessary to upgrade Java or install the third party package, reconfigure and recompile.
Because:
-- /home/travis/build/icyphy/ptII/ptolemy/actor/ptalon/demo/ptinyos/SenseToLeds/ptolemy/domains/ptinyos/lib/MicaLeds.xml (No such file or directory)
-- XML file not found relative to classpath.
-- /home/travis/build/icyphy/ptII/ptolemy/vergil/basic/export/test/ptolemy/domains/ptinyos/lib/MicaLeds.xml
/home/travis/build/icyphy/ptII/ptolemy/vergil/basic/export/test/ptolemy/domains/ptinyos/lib/MicaLeds.xml (No such file or directory)
 in file:/home/travis/build/icyphy/ptII/ptolemy/actor/ptalon/demo/ptinyos/SenseToLeds/MicaBoard.xml at line 134 and column 63
	at ptolemy.moml.SimpleErrorHandler.handleError(SimpleErrorHandler.java:75)
	at ptolemy.moml.MoMLParser.startElement(MoMLParser.java:3805)
	at com.microstar.xml.XmlParser.parseElement(XmlParser.java:921)
	at com.microstar.xml.XmlParser.parseContent(XmlParser.java:1104)
	at com.microstar.xml.XmlParser.parseElement(XmlParser.java:924)
	at com.microstar.xml.XmlParser.parseDocument(XmlParser.java:481)
	at com.microstar.xml.XmlParser.doParse(XmlParser.java:159)
	at com.microstar.xml.XmlParser.parse(XmlParser.java:132)
	at ptolemy.moml.MoMLParser.parse(MoMLParser.java:1676)
	at ptolemy.moml.MoMLParser.parse(MoMLParser.java:1595)
	at ptolemy.moml.MoMLParser.parse(MoMLParser.java:1537)
	at ptolemy.moml.MoMLParser._findOrParse(MoMLParser.java:5286)
	at ptolemy.moml.MoMLParser._attemptToFindMoMLClass(MoMLParser.java:4075)
	at ptolemy.moml.MoMLParser._createEntity(MoMLParser.java:4323)
	... 65 more
Caused by: ptolemy.kernel.util.IllegalActionException: Cannot find class: ptolemy.domains.ptinyos.lib.MicaLeds. In Ptolemy, classes are typically Java .class files. Entities like actors may instead be defined within a .xml file.  In any case, the class was not found. If the class uses a third party package, then the class would be present only if the third party package was found at compile time.  It may be necessary to upgrade Java or install the third party package, reconfigure and recompile.
Because:
-- /home/travis/build/icyphy/ptII/ptolemy/actor/ptalon/demo/ptinyos/SenseToLeds/ptolemy/domains/ptinyos/lib/MicaLeds.xml (No such file or directory)
-- XML file not found relative to classpath.
-- /home/travis/build/icyphy/ptII/ptolemy/vergil/basic/export/test/ptolemy/domains/ptinyos/lib/MicaLeds.xml
/home/travis/build/icyphy/ptII/ptolemy/vergil/basic/export/test/ptolemy/domains/ptinyos/lib/MicaLeds.xml (No such file or directory)
 in file:/home/travis/build/icyphy/ptII/ptolemy/actor/ptalon/demo/ptinyos/SenseToLeds/MicaBoard.xml at line 134 and column 63
	at ptolemy.moml.MoMLParser._createEntity(MoMLParser.java:4330)
	at ptolemy.moml.MoMLParser.startElement(MoMLParser.java:2864)
	... 77 more
Caused by: com.microstar.xml.XmlException: -- /home/travis/build/icyphy/ptII/ptolemy/actor/ptalon/demo/ptinyos/SenseToLeds/ptolemy/domains/ptinyos/lib/MicaLeds.xml (No such file or directory)
-- XML file not found relative to classpath.
-- /home/travis/build/icyphy/ptII/ptolemy/vergil/basic/export/test/ptolemy/domains/ptinyos/lib/MicaLeds.xml
/home/travis/build/icyphy/ptII/ptolemy/vergil/basic/export/test/ptolemy/domains/ptinyos/lib/MicaLeds.xml (No such file or directory)
 in file:/home/travis/build/icyphy/ptII/ptolemy/actor/ptalon/demo/ptinyos/SenseToLeds/MicaBoard.xml at line 134 and column 63
	at ptolemy.moml.MoMLParser.fileNameToURL(MoMLParser.java:1414)
	at ptolemy.moml.MoMLParser._findOrParse(MoMLParser.java:5283)
	at ptolemy.moml.MoMLParser._attemptToFindMoMLClass(MoMLParser.java:4075)
	at ptolemy.moml.MoMLParser._createEntity(MoMLParser.java:4323)
	... 78 more
ptolemy.kernel.util.IllegalActionException: Failed to process attribute change to PtalonParameter, whose value is "ptolemy.actor.ptalon.PtalonExpressionParameter {.SenseToLeds.SenseToLeds.n} 2".
  in .SenseToLeds.SenseToLeds
Because:
Unable to add actor null
	at ptolemy.actor.ptalon.PtalonActor.attributeChanged(PtalonActor.java:211)
	at ptolemy.actor.ptalon.PtalonMLHandler.startElement(PtalonMLHandler.java:134)
	at com.microstar.xml.XmlParser.parseElement(XmlParser.java:921)
	at com.microstar.xml.XmlParser.parseContent(XmlParser.java:1104)
	at com.microstar.xml.XmlParser.parseElement(XmlParser.java:924)
	at com.microstar.xml.XmlParser.parseDocument(XmlParser.java:481)
	at com.microstar.xml.XmlParser.doParse(XmlParser.java:159)
	at com.microstar.xml.XmlParser.parse(XmlParser.java:132)
	at ptolemy.actor.ptalon.PtalonActor.configure(PtalonActor.java:240)
	at ptolemy.moml.MoMLParser.endElement(MoMLParser.java:996)
	at com.microstar.xml.XmlParser.parseETag(XmlParser.java:1026)
	at com.microstar.xml.XmlParser.parseContent(XmlParser.java:1098)
	at com.microstar.xml.XmlParser.parseElement(XmlParser.java:924)
	at com.microstar.xml.XmlParser.parseContent(XmlParser.java:1104)
	at com.microstar.xml.XmlParser.parseElement(XmlParser.java:924)
	at com.microstar.xml.XmlParser.parseContent(XmlParser.java:1104)
	at com.microstar.xml.XmlParser.parseElement(XmlParser.java:924)
	at com.microstar.xml.XmlParser.parseDocument(XmlParser.java:481)
	at com.microstar.xml.XmlParser.doParse(XmlParser.java:159)
	at com.microstar.xml.XmlParser.parse(XmlParser.java:132)
	at ptolemy.moml.MoMLParser.parse(MoMLParser.java:1676)
	at ptolemy.moml.MoMLParser.parse(MoMLParser.java:1595)
	at ptolemy.moml.MoMLParser.parse(MoMLParser.java:1537)
	at ptolemy.actor.gui.PtolemyEffigy$Factory.createEffigy(PtolemyEffigy.java:424)
	at ptolemy.actor.gui.EffigyFactory.createEffigy(EffigyFactory.java:234)
	at ptolemy.actor.gui.Configuration.openModel(Configuration.java:1125)
	at ptolemy.actor.gui.Configuration.openModel(Configuration.java:1051)
	at ptolemy.actor.gui.ConfigurationApplication._openModel(ConfigurationApplication.java:1252)
	at ptolemy.actor.gui.ConfigurationApplication._parseArg(ConfigurationApplication.java:1399)
	at ptolemy.actor.gui.ConfigurationApplication._parseArgs(ConfigurationApplication.java:1478)
	at ptolemy.actor.gui.ConfigurationApplication.<init>(ConfigurationApplication.java:277)
	at ptolemy.actor.gui.ConfigurationApplication.<init>(ConfigurationApplication.java:214)
	at ptolemy.actor.gui.ConfigurationApplication.<init>(ConfigurationApplication.java:201)
	at ptolemy.actor.gui.ConfigurationApplication.openModelOrEntity(ConfigurationApplication.java:680)
	at ptolemy.vergil.basic.export.ExportModel$1.run(ExportModel.java:220)
	at java.awt.event.InvocationEvent.dispatch(InvocationEvent.java:301)
	at java.awt.EventQueue.dispatchEventImpl(EventQueue.java:756)
	at java.awt.EventQueue.access$500(EventQueue.java:97)
	at java.awt.EventQueue$3.run(EventQueue.java:709)
	at java.awt.EventQueue$3.run(EventQueue.java:703)
	at java.security.AccessController.doPrivileged(Native Method)
	at java.security.ProtectionDomain$JavaSecurityAccessImpl.doIntersectionPrivilege(ProtectionDomain.java:80)
	at java.awt.EventQueue.dispatchEvent(EventQueue.java:726)
	at java.awt.EventDispatchThread.pumpOneEventForFilters(EventDispatchThread.java:201)
	at java.awt.EventDispatchThread.pumpEventsForFilter(EventDispatchThread.java:116)
	at java.awt.EventDispatchThread.pumpEventsForHierarchy(EventDispatchThread.java:105)
	at java.awt.EventDispatchThread.pumpEvents(EventDispatchThread.java:101)
	at java.awt.EventDispatchThread.pumpEvents(EventDispatchThread.java:93)
	at java.awt.EventDispatchThread.run(EventDispatchThread.java:82)
Caused by: ptolemy.actor.ptalon.PtalonRuntimeException: Unable to add actor null
	at ptolemy.actor.ptalon.PtalonEvaluator.addActor(PtalonEvaluator.java:300)
	at ptolemy.actor.ptalon.PtalonPopulator.actor_declaration(PtalonPopulator.java:1574)
	at ptolemy.actor.ptalon.PtalonPopulator.atomic_statement(PtalonPopulator.java:1638)
	at ptolemy.actor.ptalon.PtalonPopulator.iterative_statement_evaluator(PtalonPopulator.java:2484)
	at ptolemy.actor.ptalon.AbstractPtalonEvaluator$IfTree.evaluateForScope(AbstractPtalonEvaluator.java:1307)
	at ptolemy.actor.ptalon.AbstractPtalonEvaluator.evaluateForScope(AbstractPtalonEvaluator.java:744)
	at ptolemy.actor.ptalon.PtalonPopulator.iterative_statement(PtalonPopulator.java:2363)
	at ptolemy.actor.ptalon.PtalonPopulator.actor_definition(PtalonPopulator.java:2809)
	at ptolemy.actor.ptalon.PtalonActor.attributeChanged(PtalonActor.java:206)
	... 48 more
Caused by: ptolemy.kernel.util.InternalErrorException: Element <entity name="node1" class="ptolemy.actor.ptalon.demo.ptinyos.SenseToLeds.MicaBoard"> caused an exception to be thrown.
  in .SenseToLeds.SenseToLeds
Because:
Cannot find class: ptolemy.actor.ptalon.demo.ptinyos.SenseToLeds.MicaBoard. In Ptolemy, classes are typically Java .class files. Entities like actors may instead be defined within a .xml file.  In any case, the class was not found. If the class uses a third party package, then the class would be present only if the third party package was found at compile time.  It may be necessary to upgrade Java or install the third party package, reconfigure and recompile.
Because:
Element <entity name="MicaLeds" class="ptolemy.domains.ptinyos.lib.MicaLeds"> caused an exception to be thrown.
  in .MicaBoard
Because:
Cannot find class: ptolemy.domains.ptinyos.lib.MicaLeds. In Ptolemy, classes are typically Java .class files. Entities like actors may instead be defined within a .xml file.  In any case, the class was not found. If the class uses a third party package, then the class would be present only if the third party package was found at compile time.  It may be necessary to upgrade Java or install the third party package, reconfigure and recompile.
Because:
-- /home/travis/build/icyphy/ptII/ptolemy/actor/ptalon/demo/ptinyos/SenseToLeds/ptolemy/domains/ptinyos/lib/MicaLeds.xml (No such file or directory)
-- XML file not found relative to classpath.
-- /home/travis/build/icyphy/ptII/ptolemy/vergil/basic/export/test/ptolemy/domains/ptinyos/lib/MicaLeds.xml
/home/travis/build/icyphy/ptII/ptolemy/vergil/basic/export/test/ptolemy/domains/ptinyos/lib/MicaLeds.xml (No such file or directory)
 in file:/home/travis/build/icyphy/ptII/ptolemy/actor/ptalon/demo/ptinyos/SenseToLeds/MicaBoard.xml at line 134 and column 63
	at ptolemy.moml.SimpleErrorHandler.handleError(SimpleErrorHandler.java:75)
	at ptolemy.moml.MoMLParser.startElement(MoMLParser.java:3805)
	at com.microstar.xml.XmlParser.parseElement(XmlParser.java:931)
	at com.microstar.xml.XmlParser.parseDocument(XmlParser.java:481)
	at com.microstar.xml.XmlParser.doParse(XmlParser.java:159)
	at com.microstar.xml.XmlParser.parse(XmlParser.java:132)
	at ptolemy.moml.MoMLParser.parse(MoMLParser.java:1660)
	at ptolemy.moml.MoMLParser.parse(MoMLParser.java:1617)
	at ptolemy.moml.MoMLParser.parse(MoMLParser.java:1792)
	at ptolemy.actor.ptalon.PtalonEvaluator.addActor(PtalonEvaluator.java:241)
	... 56 more
Caused by: ptolemy.kernel.util.IllegalActionException: Cannot find class: ptolemy.actor.ptalon.demo.ptinyos.SenseToLeds.MicaBoard. In Ptolemy, classes are typically Java .class files. Entities like actors may instead be defined within a .xml file.  In any case, the class was not found. If the class uses a third party package, then the class would be present only if the third party package was found at compile time.  It may be necessary to upgrade Java or install the third party package, reconfigure and recompile.
Because:
Element <entity name="MicaLeds" class="ptolemy.domains.ptinyos.lib.MicaLeds"> caused an exception to be thrown.
  in .MicaBoard
Because:
Cannot find class: ptolemy.domains.ptinyos.lib.MicaLeds. In Ptolemy, classes are typically Java .class files. Entities like actors may instead be defined within a .xml file.  In any case, the class was not found. If the class uses a third party package, then the class would be present only if the third party package was found at compile time.  It may be necessary to upgrade Java or install the third party package, reconfigure and recompile.
Because:
-- /home/travis/build/icyphy/ptII/ptolemy/actor/ptalon/demo/ptinyos/SenseToLeds/ptolemy/domains/ptinyos/lib/MicaLeds.xml (No such file or directory)
-- XML file not found relative to classpath.
-- /home/travis/build/icyphy/ptII/ptolemy/vergil/basic/export/test/ptolemy/domains/ptinyos/lib/MicaLeds.xml
/home/travis/build/icyphy/ptII/ptolemy/vergil/basic/export/test/ptolemy/domains/ptinyos/lib/MicaLeds.xml (No such file or directory)
 in file:/home/travis/build/icyphy/ptII/ptolemy/actor/ptalon/demo/ptinyos/SenseToLeds/MicaBoard.xml at line 134 and column 63
	at ptolemy.moml.MoMLParser._createEntity(MoMLParser.java:4330)
	at ptolemy.moml.MoMLParser.startElement(MoMLParser.java:2864)
	... 64 more
Caused by: ptolemy.kernel.util.InternalErrorException: Element <entity name="MicaLeds" class="ptolemy.domains.ptinyos.lib.MicaLeds"> caused an exception to be thrown.
  in .MicaBoard
Because:
Cannot find class: ptolemy.domains.ptinyos.lib.MicaLeds. In Ptolemy, classes are typically Java .class files. Entities like actors may instead be defined within a .xml file.  In any case, the class was not found. If the class uses a third party package, then the class would be present only if the third party package was found at compile time.  It may be necessary to upgrade Java or install the third party package, reconfigure and recompile.
Because:
-- /home/travis/build/icyphy/ptII/ptolemy/actor/ptalon/demo/ptinyos/SenseToLeds/ptolemy/domains/ptinyos/lib/MicaLeds.xml (No such file or directory)
-- XML file not found relative to classpath.
-- /home/travis/build/icyphy/ptII/ptolemy/vergil/basic/export/test/ptolemy/domains/ptinyos/lib/MicaLeds.xml
/home/travis/build/icyphy/ptII/ptolemy/vergil/basic/export/test/ptolemy/domains/ptinyos/lib/MicaLeds.xml (No such file or directory)
 in file:/home/travis/build/icyphy/ptII/ptolemy/actor/ptalon/demo/ptinyos/SenseToLeds/MicaBoard.xml at line 134 and column 63
	at ptolemy.moml.SimpleErrorHandler.handleError(SimpleErrorHandler.java:75)
	at ptolemy.moml.MoMLParser.startElement(MoMLParser.java:3805)
	at com.microstar.xml.XmlParser.parseElement(XmlParser.java:921)
	at com.microstar.xml.XmlParser.parseContent(XmlParser.java:1104)
	at com.microstar.xml.XmlParser.parseElement(XmlParser.java:924)
	at com.microstar.xml.XmlParser.parseDocument(XmlParser.java:481)
	at com.microstar.xml.XmlParser.doParse(XmlParser.java:159)
	at com.microstar.xml.XmlParser.parse(XmlParser.java:132)
	at ptolemy.moml.MoMLParser.parse(MoMLParser.java:1676)
	at ptolemy.moml.MoMLParser.parse(MoMLParser.java:1595)
	at ptolemy.moml.MoMLParser.parse(MoMLParser.java:1537)
	at ptolemy.moml.MoMLParser._findOrParse(MoMLParser.java:5286)
	at ptolemy.moml.MoMLParser._attemptToFindMoMLClass(MoMLParser.java:4075)
	at ptolemy.moml.MoMLParser._createEntity(MoMLParser.java:4323)
	... 65 more
Caused by: ptolemy.kernel.util.IllegalActionException: Cannot find class: ptolemy.domains.ptinyos.lib.MicaLeds. In Ptolemy, classes are typically Java .class files. Entities like actors may instead be defined within a .xml file.  In any case, the class was not found. If the class uses a third party package, then the class would be present only if the third party package was found at compile time.  It may be necessary to upgrade Java or install the third party package, reconfigure and recompile.
Because:
-- /home/travis/build/icyphy/ptII/ptolemy/actor/ptalon/demo/ptinyos/SenseToLeds/ptolemy/domains/ptinyos/lib/MicaLeds.xml (No such file or directory)
-- XML file not found relative to classpath.
-- /home/travis/build/icyphy/ptII/ptolemy/vergil/basic/export/test/ptolemy/domains/ptinyos/lib/MicaLeds.xml
/home/travis/build/icyphy/ptII/ptolemy/vergil/basic/export/test/ptolemy/domains/ptinyos/lib/MicaLeds.xml (No such file or directory)
 in file:/home/travis/build/icyphy/ptII/ptolemy/actor/ptalon/demo/ptinyos/SenseToLeds/MicaBoard.xml at line 134 and column 63
	at ptolemy.moml.MoMLParser._createEntity(MoMLParser.java:4330)
	at ptolemy.moml.MoMLParser.startElement(MoMLParser.java:2864)
	... 77 more
Caused by: com.microstar.xml.XmlException: -- /home/travis/build/icyphy/ptII/ptolemy/actor/ptalon/demo/ptinyos/SenseToLeds/ptolemy/domains/ptinyos/lib/MicaLeds.xml (No such file or directory)
-- XML file not found relative to classpath.
-- /home/travis/build/icyphy/ptII/ptolemy/vergil/basic/export/test/ptolemy/domains/ptinyos/lib/MicaLeds.xml
/home/travis/build/icyphy/ptII/ptolemy/vergil/basic/export/test/ptolemy/domains/ptinyos/lib/MicaLeds.xml (No such file or directory)
 in file:/home/travis/build/icyphy/ptII/ptolemy/actor/ptalon/demo/ptinyos/SenseToLeds/MicaBoard.xml at line 134 and column 63
	at ptolemy.moml.MoMLParser.fileNameToURL(MoMLParser.java:1414)
	at ptolemy.moml.MoMLParser._findOrParse(MoMLParser.java:5283)
	at ptolemy.moml.MoMLParser._attemptToFindMoMLClass(MoMLParser.java:4075)
	at ptolemy.moml.MoMLParser._createEntity(MoMLParser.java:4323)
	... 78 more
Caused by: ptolemy.actor.ptalon.PtalonRuntimeException: Unable to add actor null
	at ptolemy.actor.ptalon.PtalonEvaluator.addActor(PtalonEvaluator.java:300)
	at ptolemy.actor.ptalon.PtalonPopulator.actor_declaration(PtalonPopulator.java:1574)
	at ptolemy.actor.ptalon.PtalonPopulator.atomic_statement(PtalonPopulator.java:1638)
	at ptolemy.actor.ptalon.PtalonPopulator.iterative_statement_evaluator(PtalonPopulator.java:2484)
	at ptolemy.actor.ptalon.AbstractPtalonEvaluator$IfTree.evaluateForScope(AbstractPtalonEvaluator.java:1307)
	at ptolemy.actor.ptalon.AbstractPtalonEvaluator.evaluateForScope(AbstractPtalonEvaluator.java:744)
	at ptolemy.actor.ptalon.PtalonPopulator.iterative_statement(PtalonPopulator.java:2363)
	at ptolemy.actor.ptalon.PtalonPopulator.actor_definition(PtalonPopulator.java:2809)
	at ptolemy.actor.ptalon.PtalonActor.attributeChanged(PtalonActor.java:206)
	at ptolemy.actor.ptalon.PtalonMLHandler.startElement(PtalonMLHandler.java:134)
	at com.microstar.xml.XmlParser.parseElement(XmlParser.java:921)
	at com.microstar.xml.XmlParser.parseContent(XmlParser.java:1104)
	at com.microstar.xml.XmlParser.parseElement(XmlParser.java:924)
	at com.microstar.xml.XmlParser.parseDocument(XmlParser.java:481)
	at com.microstar.xml.XmlParser.doParse(XmlParser.java:159)
	at com.microstar.xml.XmlParser.parse(XmlParser.java:132)
	at ptolemy.actor.ptalon.PtalonActor.configure(PtalonActor.java:240)
	at ptolemy.moml.MoMLParser.endElement(MoMLParser.java:996)
	at com.microstar.xml.XmlParser.parseETag(XmlParser.java:1026)
	at com.microstar.xml.XmlParser.parseContent(XmlParser.java:1098)
	at com.microstar.xml.XmlParser.parseElement(XmlParser.java:924)
	at com.microstar.xml.XmlParser.parseContent(XmlParser.java:1104)
	at com.microstar.xml.XmlParser.parseElement(XmlParser.java:924)
	at com.microstar.xml.XmlParser.parseContent(XmlParser.java:1104)
	at com.microstar.xml.XmlParser.parseElement(XmlParser.java:924)
	at com.microstar.xml.XmlParser.parseDocument(XmlParser.java:481)
	at com.microstar.xml.XmlParser.doParse(XmlParser.java:159)
	at com.microstar.xml.XmlParser.parse(XmlParser.java:132)
	at ptolemy.moml.MoMLParser.parse(MoMLParser.java:1676)
	at ptolemy.moml.MoMLParser.parse(MoMLParser.java:1595)
	at ptolemy.moml.MoMLParser.parse(MoMLParser.java:1537)
	at ptolemy.actor.gui.PtolemyEffigy$Factory.createEffigy(PtolemyEffigy.java:424)
	at ptolemy.actor.gui.EffigyFactory.createEffigy(EffigyFactory.java:234)
	at ptolemy.actor.gui.Configuration.openModel(Configuration.java:1125)
	at ptolemy.actor.gui.Configuration.openModel(Configuration.java:1051)
	at ptolemy.actor.gui.ConfigurationApplication._openModel(ConfigurationApplication.java:1252)
	at ptolemy.actor.gui.ConfigurationApplication._parseArg(ConfigurationApplication.java:1399)
	at ptolemy.actor.gui.ConfigurationApplication._parseArgs(ConfigurationApplication.java:1478)
	at ptolemy.actor.gui.ConfigurationApplication.<init>(ConfigurationApplication.java:277)
	at ptolemy.actor.gui.ConfigurationApplication.<init>(ConfigurationApplication.java:214)
	at ptolemy.actor.gui.ConfigurationApplication.<init>(ConfigurationApplication.java:201)
	at ptolemy.actor.gui.ConfigurationApplication.openModelOrEntity(ConfigurationApplication.java:680)
	at ptolemy.vergil.basic.export.ExportModel$1.run(ExportModel.java:220)
	at java.awt.event.InvocationEvent.dispatch(InvocationEvent.java:301)
	at java.awt.EventQueue.dispatchEventImpl(EventQueue.java:756)
	at java.awt.EventQueue.access$500(EventQueue.java:97)
	at java.awt.EventQueue$3.run(EventQueue.java:709)
	at java.awt.EventQueue$3.run(EventQueue.java:703)
	at java.security.AccessController.doPrivileged(Native Method)
	at java.security.ProtectionDomain$JavaSecurityAccessImpl.doIntersectionPrivilege(ProtectionDomain.java:80)
	at java.awt.EventQueue.dispatchEvent(EventQueue.java:726)
	at java.awt.EventDispatchThread.pumpOneEventForFilters(EventDispatchThread.java:201)
	at java.awt.EventDispatchThread.pumpEventsForFilter(EventDispatchThread.java:116)
	at java.awt.EventDispatchThread.pumpEventsForHierarchy(EventDispatchThread.java:105)
	at java.awt.EventDispatchThread.pumpEvents(EventDispatchThread.java:101)
	at java.awt.EventDispatchThread.pumpEvents(EventDispatchThread.java:93)
	at java.awt.EventDispatchThread.run(EventDispatchThread.java:82)
Caused by: ptolemy.kernel.util.InternalErrorException: Element <entity name="node1" class="ptolemy.actor.ptalon.demo.ptinyos.SenseToLeds.MicaBoard"> caused an exception to be thrown.
  in .SenseToLeds.SenseToLeds
Because:
Cannot find class: ptolemy.actor.ptalon.demo.ptinyos.SenseToLeds.MicaBoard. In Ptolemy, classes are typically Java .class files. Entities like actors may instead be defined within a .xml file.  In any case, the class was not found. If the class uses a third party package, then the class would be present only if the third party package was found at compile time.  It may be necessary to upgrade Java or install the third party package, reconfigure and recompile.
Because:
Element <entity name="MicaLeds" class="ptolemy.domains.ptinyos.lib.MicaLeds"> caused an exception to be thrown.
  in .MicaBoard
Because:
Cannot find class: ptolemy.domains.ptinyos.lib.MicaLeds. In Ptolemy, classes are typically Java .class files. Entities like actors may instead be defined within a .xml file.  In any case, the class was not found. If the class uses a third party package, then the class would be present only if the third party package was found at compile time.  It may be necessary to upgrade Java or install the third party package, reconfigure and recompile.
Because:
-- /home/travis/build/icyphy/ptII/ptolemy/actor/ptalon/demo/ptinyos/SenseToLeds/ptolemy/domains/ptinyos/lib/MicaLeds.xml (No such file or directory)
-- XML file not found relative to classpath.
-- /home/travis/build/icyphy/ptII/ptolemy/vergil/basic/export/test/ptolemy/domains/ptinyos/lib/MicaLeds.xml
/home/travis/build/icyphy/ptII/ptolemy/vergil/basic/export/test/ptolemy/domains/ptinyos/lib/MicaLeds.xml (No such file or directory)
 in file:/home/travis/build/icyphy/ptII/ptolemy/actor/ptalon/demo/ptinyos/SenseToLeds/MicaBoard.xml at line 134 and column 63
	at ptolemy.moml.SimpleErrorHandler.handleError(SimpleErrorHandler.java:75)
	at ptolemy.moml.MoMLParser.startElement(MoMLParser.java:3805)
	at com.microstar.xml.XmlParser.parseElement(XmlParser.java:931)
	at com.microstar.xml.XmlParser.parseDocument(XmlParser.java:481)
	at com.microstar.xml.XmlParser.doParse(XmlParser.java:159)
	at com.microstar.xml.XmlParser.parse(XmlParser.java:132)
	at ptolemy.moml.MoMLParser.parse(MoMLParser.java:1660)
	at ptolemy.moml.MoMLParser.parse(MoMLParser.java:1617)
	at ptolemy.moml.MoMLParser.parse(MoMLParser.java:1792)
	at ptolemy.actor.ptalon.PtalonEvaluator.addActor(PtalonEvaluator.java:241)
	... 56 more
Caused by: ptolemy.kernel.util.IllegalActionException: Cannot find class: ptolemy.actor.ptalon.demo.ptinyos.SenseToLeds.MicaBoard. In Ptolemy, classes are typically Java .class files. Entities like actors may instead be defined within a .xml file.  In any case, the class was not found. If the class uses a third party package, then the class would be present only if the third party package was found at compile time.  It may be necessary to upgrade Java or install the third party package, reconfigure and recompile.
Because:
Element <entity name="MicaLeds" class="ptolemy.domains.ptinyos.lib.MicaLeds"> caused an exception to be thrown.
  in .MicaBoard
Because:
Cannot find class: ptolemy.domains.ptinyos.lib.MicaLeds. In Ptolemy, classes are typically Java .class files. Entities like actors may instead be defined within a .xml file.  In any case, the class was not found. If the class uses a third party package, then the class would be present only if the third party package was found at compile time.  It may be necessary to upgrade Java or install the third party package, reconfigure and recompile.
Because:
-- /home/travis/build/icyphy/ptII/ptolemy/actor/ptalon/demo/ptinyos/SenseToLeds/ptolemy/domains/ptinyos/lib/MicaLeds.xml (No such file or directory)
-- XML file not found relative to classpath.
-- /home/travis/build/icyphy/ptII/ptolemy/vergil/basic/export/test/ptolemy/domains/ptinyos/lib/MicaLeds.xml
/home/travis/build/icyphy/ptII/ptolemy/vergil/basic/export/test/ptolemy/domains/ptinyos/lib/MicaLeds.xml (No such file or directory)
 in file:/home/travis/build/icyphy/ptII/ptolemy/actor/ptalon/demo/ptinyos/SenseToLeds/MicaBoard.xml at line 134 and column 63
	at ptolemy.moml.MoMLParser._createEntity(MoMLParser.java:4330)
	at ptolemy.moml.MoMLParser.startElement(MoMLParser.java:2864)
	... 64 more
Caused by: ptolemy.kernel.util.InternalErrorException: Element <entity name="MicaLeds" class="ptolemy.domains.ptinyos.lib.MicaLeds"> caused an exception to be thrown.
  in .MicaBoard
Because:
Cannot find class: ptolemy.domains.ptinyos.lib.MicaLeds. In Ptolemy, classes are typically Java .class files. Entities like actors may instead be defined within a .xml file.  In any case, the class was not found. If the class uses a third party package, then the class would be present only if the third party package was found at compile time.  It may be necessary to upgrade Java or install the third party package, reconfigure and recompile.
Because:
-- /home/travis/build/icyphy/ptII/ptolemy/actor/ptalon/demo/ptinyos/SenseToLeds/ptolemy/domains/ptinyos/lib/MicaLeds.xml (No such file or directory)
-- XML file not found relative to classpath.
-- /home/travis/build/icyphy/ptII/ptolemy/vergil/basic/export/test/ptolemy/domains/ptinyos/lib/MicaLeds.xml
/home/travis/build/icyphy/ptII/ptolemy/vergil/basic/export/test/ptolemy/domains/ptinyos/lib/MicaLeds.xml (No such file or directory)
 in file:/home/travis/build/icyphy/ptII/ptolemy/actor/ptalon/demo/ptinyos/SenseToLeds/MicaBoard.xml at line 134 and column 63
	at ptolemy.moml.SimpleErrorHandler.handleError(SimpleErrorHandler.java:75)
	at ptolemy.moml.MoMLParser.startElement(MoMLParser.java:3805)
	at com.microstar.xml.XmlParser.parseElement(XmlParser.java:921)
	at com.microstar.xml.XmlParser.parseContent(XmlParser.java:1104)
	at com.microstar.xml.XmlParser.parseElement(XmlParser.java:924)
	at com.microstar.xml.XmlParser.parseDocument(XmlParser.java:481)
	at com.microstar.xml.XmlParser.doParse(XmlParser.java:159)
	at com.microstar.xml.XmlParser.parse(XmlParser.java:132)
	at ptolemy.moml.MoMLParser.parse(MoMLParser.java:1676)
	at ptolemy.moml.MoMLParser.parse(MoMLParser.java:1595)
	at ptolemy.moml.MoMLParser.parse(MoMLParser.java:1537)
	at ptolemy.moml.MoMLParser._findOrParse(MoMLParser.java:5286)
	at ptolemy.moml.MoMLParser._attemptToFindMoMLClass(MoMLParser.java:4075)
	at ptolemy.moml.MoMLParser._createEntity(MoMLParser.java:4323)
	... 65 more
Caused by: ptolemy.kernel.util.IllegalActionException: Cannot find class: ptolemy.domains.ptinyos.lib.MicaLeds. In Ptolemy, classes are typically Java .class files. Entities like actors may instead be defined within a .xml file.  In any case, the class was not found. If the class uses a third party package, then the class would be present only if the third party package was found at compile time.  It may be necessary to upgrade Java or install the third party package, reconfigure and recompile.
Because:
-- /home/travis/build/icyphy/ptII/ptolemy/actor/ptalon/demo/ptinyos/SenseToLeds/ptolemy/domains/ptinyos/lib/MicaLeds.xml (No such file or directory)
-- XML file not found relative to classpath.
-- /home/travis/build/icyphy/ptII/ptolemy/vergil/basic/export/test/ptolemy/domains/ptinyos/lib/MicaLeds.xml
/home/travis/build/icyphy/ptII/ptolemy/vergil/basic/export/test/ptolemy/domains/ptinyos/lib/MicaLeds.xml (No such file or directory)
 in file:/home/travis/build/icyphy/ptII/ptolemy/actor/ptalon/demo/ptinyos/SenseToLeds/MicaBoard.xml at line 134 and column 63
	at ptolemy.moml.MoMLParser._createEntity(MoMLParser.java:4330)
	at ptolemy.moml.MoMLParser.startElement(MoMLParser.java:2864)
	... 77 more
Caused by: com.microstar.xml.XmlException: -- /home/travis/build/icyphy/ptII/ptolemy/actor/ptalon/demo/ptinyos/SenseToLeds/ptolemy/domains/ptinyos/lib/MicaLeds.xml (No such file or directory)
-- XML file not found relative to classpath.
-- /home/travis/build/icyphy/ptII/ptolemy/vergil/basic/export/test/ptolemy/domains/ptinyos/lib/MicaLeds.xml
/home/travis/build/icyphy/ptII/ptolemy/vergil/basic/export/test/ptolemy/domains/ptinyos/lib/MicaLeds.xml (No such file or directory)
 in file:/home/travis/build/icyphy/ptII/ptolemy/actor/ptalon/demo/ptinyos/SenseToLeds/MicaBoard.xml at line 134 and column 63
	at ptolemy.moml.MoMLParser.fileNameToURL(MoMLParser.java:1414)
	at ptolemy.moml.MoMLParser._findOrParse(MoMLParser.java:5283)
	at ptolemy.moml.MoMLParser._attemptToFindMoMLClass(MoMLParser.java:4075)
	at ptolemy.moml.MoMLParser._createEntity(MoMLParser.java:4323)
	... 78 more
Failed to read file:/home/travis/build/icyphy/ptII/ptolemy/actor/ptalon/demo/ptinyos/SenseToLeds/SenseToLeds.xml
ptolemy.kernel.util.IllegalActionException: Failed to process attribute change to PtalonParameter, whose value is "ptolemy.actor.ptalon.PtalonExpressionParameter {.SenseToLeds.SenseToLeds.n} 2".
  in .SenseToLeds.SenseToLeds
Because:
Unable to add actor null
	at ptolemy.actor.ptalon.PtalonActor.attributeChanged(PtalonActor.java:211)
	at ptolemy.actor.ptalon.PtalonMLHandler.startElement(PtalonMLHandler.java:134)
	at com.microstar.xml.XmlParser.parseElement(XmlParser.java:921)
	at com.microstar.xml.XmlParser.parseContent(XmlParser.java:1104)
	at com.microstar.xml.XmlParser.parseElement(XmlParser.java:924)
	at com.microstar.xml.XmlParser.parseDocument(XmlParser.java:481)
	at com.microstar.xml.XmlParser.doParse(XmlParser.java:159)
	at com.microstar.xml.XmlParser.parse(XmlParser.java:132)
	at ptolemy.actor.ptalon.PtalonActor.configure(PtalonActor.java:240)
	at ptolemy.moml.MoMLParser.endElement(MoMLParser.java:996)
	at com.microstar.xml.XmlParser.parseETag(XmlParser.java:1026)
	at com.microstar.xml.XmlParser.parseContent(XmlParser.java:1098)
	at com.microstar.xml.XmlParser.parseElement(XmlParser.java:924)
	at com.microstar.xml.XmlParser.parseContent(XmlParser.java:1104)
	at com.microstar.xml.XmlParser.parseElement(XmlParser.java:924)
	at com.microstar.xml.XmlParser.parseContent(XmlParser.java:1104)
	at com.microstar.xml.XmlParser.parseElement(XmlParser.java:924)
	at com.microstar.xml.XmlParser.parseDocument(XmlParser.java:481)
	at com.microstar.xml.XmlParser.doParse(XmlParser.java:159)
	at com.microstar.xml.XmlParser.parse(XmlParser.java:132)
	at ptolemy.moml.MoMLParser.parse(MoMLParser.java:1676)
	at ptolemy.moml.MoMLParser.parse(MoMLParser.java:1595)
	at ptolemy.moml.MoMLParser.parse(MoMLParser.java:1537)
	at ptolemy.actor.gui.PtolemyEffigy$Factory.createEffigy(PtolemyEffigy.java:424)
	at ptolemy.actor.gui.EffigyFactory.createEffigy(EffigyFactory.java:234)
	at ptolemy.actor.gui.Configuration.openModel(Configuration.java:1125)
	at ptolemy.actor.gui.Configuration.openModel(Configuration.java:1051)
	at ptolemy.actor.gui.ConfigurationApplication._openModel(ConfigurationApplication.java:1252)
	at ptolemy.actor.gui.ConfigurationApplication._parseArg(ConfigurationApplication.java:1399)
	at ptolemy.actor.gui.ConfigurationApplication._parseArgs(ConfigurationApplication.java:1478)
	at ptolemy.actor.gui.ConfigurationApplication.<init>(ConfigurationApplication.java:277)
	at ptolemy.actor.gui.ConfigurationApplication.<init>(ConfigurationApplication.java:214)
	at ptolemy.actor.gui.ConfigurationApplication.<init>(ConfigurationApplication.java:201)
	at ptolemy.actor.gui.ConfigurationApplication.openModelOrEntity(ConfigurationApplication.java:680)
	at ptolemy.vergil.basic.export.ExportModel$1.run(ExportModel.java:220)
	at java.awt.event.InvocationEvent.dispatch(InvocationEvent.java:301)
	at java.awt.EventQueue.dispatchEventImpl(EventQueue.java:756)
	at java.awt.EventQueue.access$500(EventQueue.java:97)
	at java.awt.EventQueue$3.run(EventQueue.java:709)
	at java.awt.EventQueue$3.run(EventQueue.java:703)
	at java.security.AccessController.doPrivileged(Native Method)
	at java.security.ProtectionDomain$JavaSecurityAccessImpl.doIntersectionPrivilege(ProtectionDomain.java:80)
	at java.awt.EventQueue.dispatchEvent(EventQueue.java:726)
	at java.awt.EventDispatchThread.pumpOneEventForFilters(EventDispatchThread.java:201)
	at java.awt.EventDispatchThread.pumpEventsForFilter(EventDispatchThread.java:116)
	at java.awt.EventDispatchThread.pumpEventsForHierarchy(EventDispatchThread.java:105)
	at java.awt.EventDispatchThread.pumpEvents(EventDispatchThread.java:101)
	at java.awt.EventDispatchThread.pumpEvents(EventDispatchThread.java:93)
	at java.awt.EventDispatchThread.run(EventDispatchThread.java:82)
Caused by: ptolemy.actor.ptalon.PtalonRuntimeException: Unable to add actor null
	at ptolemy.actor.ptalon.PtalonEvaluator.addActor(PtalonEvaluator.java:300)
	at ptolemy.actor.ptalon.PtalonPopulator.actor_declaration(PtalonPopulator.java:1574)
	at ptolemy.actor.ptalon.PtalonPopulator.atomic_statement(PtalonPopulator.java:1638)
	at ptolemy.actor.ptalon.PtalonPopulator.iterative_statement_evaluator(PtalonPopulator.java:2484)
	at ptolemy.actor.ptalon.AbstractPtalonEvaluator$IfTree.evaluateForScope(AbstractPtalonEvaluator.java:1307)
	at ptolemy.actor.ptalon.AbstractPtalonEvaluator.evaluateForScope(AbstractPtalonEvaluator.java:744)
	at ptolemy.actor.ptalon.PtalonPopulator.iterative_statement(PtalonPopulator.java:2363)
	at ptolemy.actor.ptalon.PtalonPopulator.actor_definition(PtalonPopulator.java:2809)
	at ptolemy.actor.ptalon.PtalonActor.attributeChanged(PtalonActor.java:206)
	... 48 more
Caused by: ptolemy.kernel.util.InternalErrorException: Element <entity name="node1" class="ptolemy.actor.ptalon.demo.ptinyos.SenseToLeds.MicaBoard"> caused an exception to be thrown.
  in .SenseToLeds.SenseToLeds
Because:
Cannot find class: ptolemy.actor.ptalon.demo.ptinyos.SenseToLeds.MicaBoard. In Ptolemy, classes are typically Java .class files. Entities like actors may instead be defined within a .xml file.  In any case, the class was not found. If the class uses a third party package, then the class would be present only if the third party package was found at compile time.  It may be necessary to upgrade Java or install the third party package, reconfigure and recompile.
Because:
Element <entity name="MicaLeds" class="ptolemy.domains.ptinyos.lib.MicaLeds"> caused an exception to be thrown.
  in .MicaBoard
Because:
Cannot find class: ptolemy.domains.ptinyos.lib.MicaLeds. In Ptolemy, classes are typically Java .class files. Entities like actors may instead be defined within a .xml file.  In any case, the class was not found. If the class uses a third party package, then the class would be present only if the third party package was found at compile time.  It may be necessary to upgrade Java or install the third party package, reconfigure and recompile.
Because:
-- /home/travis/build/icyphy/ptII/ptolemy/actor/ptalon/demo/ptinyos/SenseToLeds/ptolemy/domains/ptinyos/lib/MicaLeds.xml (No such file or directory)
-- XML file not found relative to classpath.
-- /home/travis/build/icyphy/ptII/ptolemy/vergil/basic/export/test/ptolemy/domains/ptinyos/lib/MicaLeds.xml
/home/travis/build/icyphy/ptII/ptolemy/vergil/basic/export/test/ptolemy/domains/ptinyos/lib/MicaLeds.xml (No such file or directory)
 in file:/home/travis/build/icyphy/ptII/ptolemy/actor/ptalon/demo/ptinyos/SenseToLeds/MicaBoard.xml at line 134 and column 63
	at ptolemy.moml.SimpleErrorHandler.handleError(SimpleErrorHandler.java:75)
	at ptolemy.moml.MoMLParser.startElement(MoMLParser.java:3805)
	at com.microstar.xml.XmlParser.parseElement(XmlParser.java:931)
	at com.microstar.xml.XmlParser.parseDocument(XmlParser.java:481)
	at com.microstar.xml.XmlParser.doParse(XmlParser.java:159)
	at com.microstar.xml.XmlParser.parse(XmlParser.java:132)
	at ptolemy.moml.MoMLParser.parse(MoMLParser.java:1660)
	at ptolemy.moml.MoMLParser.parse(MoMLParser.java:1617)
	at ptolemy.moml.MoMLParser.parse(MoMLParser.java:1792)
	at ptolemy.actor.ptalon.PtalonEvaluator.addActor(PtalonEvaluator.java:241)
	... 56 more
Caused by: ptolemy.kernel.util.IllegalActionException: Cannot find class: ptolemy.actor.ptalon.demo.ptinyos.SenseToLeds.MicaBoard. In Ptolemy, classes are typically Java .class files. Entities like actors may instead be defined within a .xml file.  In any case, the class was not found. If the class uses a third party package, then the class would be present only if the third party package was found at compile time.  It may be necessary to upgrade Java or install the third party package, reconfigure and recompile.
Because:
Element <entity name="MicaLeds" class="ptolemy.domains.ptinyos.lib.MicaLeds"> caused an exception to be thrown.
  in .MicaBoard
Because:
Cannot find class: ptolemy.domains.ptinyos.lib.MicaLeds. In Ptolemy, classes are typically Java .class files. Entities like actors may instead be defined within a .xml file.  In any case, the class was not found. If the class uses a third party package, then the class would be present only if the third party package was found at compile time.  It may be necessary to upgrade Java or install the third party package, reconfigure and recompile.
Because:
-- /home/travis/build/icyphy/ptII/ptolemy/actor/ptalon/demo/ptinyos/SenseToLeds/ptolemy/domains/ptinyos/lib/MicaLeds.xml (No such file or directory)
-- XML file not found relative to classpath.
-- /home/travis/build/icyphy/ptII/ptolemy/vergil/basic/export/test/ptolemy/domains/ptinyos/lib/MicaLeds.xml
/home/travis/build/icyphy/ptII/ptolemy/vergil/basic/export/test/ptolemy/domains/ptinyos/lib/MicaLeds.xml (No such file or directory)
 in file:/home/travis/build/icyphy/ptII/ptolemy/actor/ptalon/demo/ptinyos/SenseToLeds/MicaBoard.xml at line 134 and column 63
	at ptolemy.moml.MoMLParser._createEntity(MoMLParser.java:4330)
	at ptolemy.moml.MoMLParser.startElement(MoMLParser.java:2864)
	... 64 more
Caused by: ptolemy.kernel.util.InternalErrorException: Element <entity name="MicaLeds" class="ptolemy.domains.ptinyos.lib.MicaLeds"> caused an exception to be thrown.
  in .MicaBoard
Because:
Cannot find class: ptolemy.domains.ptinyos.lib.MicaLeds. In Ptolemy, classes are typically Java .class files. Entities like actors may instead be defined within a .xml file.  In any case, the class was not found. If the class uses a third party package, then the class would be present only if the third party package was found at compile time.  It may be necessary to upgrade Java or install the third party package, reconfigure and recompile.
Because:
-- /home/travis/build/icyphy/ptII/ptolemy/actor/ptalon/demo/ptinyos/SenseToLeds/ptolemy/domains/ptinyos/lib/MicaLeds.xml (No such file or directory)
-- XML file not found relative to classpath.
-- /home/travis/build/icyphy/ptII/ptolemy/vergil/basic/export/test/ptolemy/domains/ptinyos/lib/MicaLeds.xml
/home/travis/build/icyphy/ptII/ptolemy/vergil/basic/export/test/ptolemy/domains/ptinyos/lib/MicaLeds.xml (No such file or directory)
 in file:/home/travis/build/icyphy/ptII/ptolemy/actor/ptalon/demo/ptinyos/SenseToLeds/MicaBoard.xml at line 134 and column 63
	at ptolemy.moml.SimpleErrorHandler.handleError(SimpleErrorHandler.java:75)
	at ptolemy.moml.MoMLParser.startElement(MoMLParser.java:3805)
	at com.microstar.xml.XmlParser.parseElement(XmlParser.java:921)
	at com.microstar.xml.XmlParser.parseContent(XmlParser.java:1104)
	at com.microstar.xml.XmlParser.parseElement(XmlParser.java:924)
	at com.microstar.xml.XmlParser.parseDocument(XmlParser.java:481)
	at com.microstar.xml.XmlParser.doParse(XmlParser.java:159)
	at com.microstar.xml.XmlParser.parse(XmlParser.java:132)
	at ptolemy.moml.MoMLParser.parse(MoMLParser.java:1676)
	at ptolemy.moml.MoMLParser.parse(MoMLParser.java:1595)
	at ptolemy.moml.MoMLParser.parse(MoMLParser.java:1537)
	at ptolemy.moml.MoMLParser._findOrParse(MoMLParser.java:5286)
	at ptolemy.moml.MoMLParser._attemptToFindMoMLClass(MoMLParser.java:4075)
	at ptolemy.moml.MoMLParser._createEntity(MoMLParser.java:4323)
	... 65 more
Caused by: ptolemy.kernel.util.IllegalActionException: Cannot find class: ptolemy.domains.ptinyos.lib.MicaLeds. In Ptolemy, classes are typically Java .class files. Entities like actors may instead be defined within a .xml file.  In any case, the class was not found. If the class uses a third party package, then the class would be present only if the third party package was found at compile time.  It may be necessary to upgrade Java or install the third party package, reconfigure and recompile.
Because:
-- /home/travis/build/icyphy/ptII/ptolemy/actor/ptalon/demo/ptinyos/SenseToLeds/ptolemy/domains/ptinyos/lib/MicaLeds.xml (No such file or directory)
-- XML file not found relative to classpath.
-- /home/travis/build/icyphy/ptII/ptolemy/vergil/basic/export/test/ptolemy/domains/ptinyos/lib/MicaLeds.xml
/home/travis/build/icyphy/ptII/ptolemy/vergil/basic/export/test/ptolemy/domains/ptinyos/lib/MicaLeds.xml (No such file or directory)
 in file:/home/travis/build/icyphy/ptII/ptolemy/actor/ptalon/demo/ptinyos/SenseToLeds/MicaBoard.xml at line 134 and column 63
	at ptolemy.moml.MoMLParser._createEntity(MoMLParser.java:4330)
	at ptolemy.moml.MoMLParser.startElement(MoMLParser.java:2864)
	... 77 more
Caused by: com.microstar.xml.XmlException: -- /home/travis/build/icyphy/ptII/ptolemy/actor/ptalon/demo/ptinyos/SenseToLeds/ptolemy/domains/ptinyos/lib/MicaLeds.xml (No such file or directory)
-- XML file not found relative to classpath.
-- /home/travis/build/icyphy/ptII/ptolemy/vergil/basic/export/test/ptolemy/domains/ptinyos/lib/MicaLeds.xml
/home/travis/build/icyphy/ptII/ptolemy/vergil/basic/export/test/ptolemy/domains/ptinyos/lib/MicaLeds.xml (No such file or directory)
 in file:/home/travis/build/icyphy/ptII/ptolemy/actor/ptalon/demo/ptinyos/SenseToLeds/MicaBoard.xml at line 134 and column 63
	at ptolemy.moml.MoMLParser.fileNameToURL(MoMLParser.java:1414)
	at ptolemy.moml.MoMLParser._findOrParse(MoMLParser.java:5283)
	at ptolemy.moml.MoMLParser._attemptToFindMoMLClass(MoMLParser.java:4075)
	at ptolemy.moml.MoMLParser._createEntity(MoMLParser.java:4323)
	... 78 more
Caused by: ptolemy.actor.ptalon.PtalonRuntimeException: Unable to add actor null
	at ptolemy.actor.ptalon.PtalonEvaluator.addActor(PtalonEvaluator.java:300)
	at ptolemy.actor.ptalon.PtalonPopulator.actor_declaration(PtalonPopulator.java:1574)
	at ptolemy.actor.ptalon.PtalonPopulator.atomic_statement(PtalonPopulator.java:1638)
	at ptolemy.actor.ptalon.PtalonPopulator.iterative_statement_evaluator(PtalonPopulator.java:2484)
	at ptolemy.actor.ptalon.AbstractPtalonEvaluator$IfTree.evaluateForScope(AbstractPtalonEvaluator.java:1307)
	at ptolemy.actor.ptalon.AbstractPtalonEvaluator.evaluateForScope(AbstractPtalonEvaluator.java:744)
	at ptolemy.actor.ptalon.PtalonPopulator.iterative_statement(PtalonPopulator.java:2363)
	at ptolemy.actor.ptalon.PtalonPopulator.actor_definition(PtalonPopulator.java:2809)
	at ptolemy.actor.ptalon.PtalonActor.attributeChanged(PtalonActor.java:206)
	at ptolemy.actor.ptalon.PtalonMLHandler.startElement(PtalonMLHandler.java:134)
	at com.microstar.xml.XmlParser.parseElement(XmlParser.java:921)
	at com.microstar.xml.XmlParser.parseContent(XmlParser.java:1104)
	at com.microstar.xml.XmlParser.parseElement(XmlParser.java:924)
	at com.microstar.xml.XmlParser.parseDocument(XmlParser.java:481)
	at com.microstar.xml.XmlParser.doParse(XmlParser.java:159)
	at com.microstar.xml.XmlParser.parse(XmlParser.java:132)
	at ptolemy.actor.ptalon.PtalonActor.configure(PtalonActor.java:240)
	at ptolemy.moml.MoMLParser.endElement(MoMLParser.java:996)
	at com.microstar.xml.XmlParser.parseETag(XmlParser.java:1026)
	at com.microstar.xml.XmlParser.parseContent(XmlParser.java:1098)
	at com.microstar.xml.XmlParser.parseElement(XmlParser.java:924)
	at com.microstar.xml.XmlParser.parseContent(XmlParser.java:1104)
	at com.microstar.xml.XmlParser.parseElement(XmlParser.java:924)
	at com.microstar.xml.XmlParser.parseContent(XmlParser.java:1104)
	at com.microstar.xml.XmlParser.parseElement(XmlParser.java:924)
	at com.microstar.xml.XmlParser.parseDocument(XmlParser.java:481)
	at com.microstar.xml.XmlParser.doParse(XmlParser.java:159)
	at com.microstar.xml.XmlParser.parse(XmlParser.java:132)
	at ptolemy.moml.MoMLParser.parse(MoMLParser.java:1676)
	at ptolemy.moml.MoMLParser.parse(MoMLParser.java:1595)
	at ptolemy.moml.MoMLParser.parse(MoMLParser.java:1537)
	at ptolemy.actor.gui.PtolemyEffigy$Factory.createEffigy(PtolemyEffigy.java:424)
	at ptolemy.actor.gui.EffigyFactory.createEffigy(EffigyFactory.java:234)
	at ptolemy.actor.gui.Configuration.openModel(Configuration.java:1125)
	at ptolemy.actor.gui.Configuration.openModel(Configuration.java:1051)
	at ptolemy.actor.gui.ConfigurationApplication._openModel(ConfigurationApplication.java:1252)
	at ptolemy.actor.gui.ConfigurationApplication._parseArg(ConfigurationApplication.java:1399)
	at ptolemy.actor.gui.ConfigurationApplication._parseArgs(ConfigurationApplication.java:1478)
	at ptolemy.actor.gui.ConfigurationApplication.<init>(ConfigurationApplication.java:277)
	at ptolemy.actor.gui.ConfigurationApplication.<init>(ConfigurationApplication.java:214)
	at ptolemy.actor.gui.ConfigurationApplication.<init>(ConfigurationApplication.java:201)
	at ptolemy.actor.gui.ConfigurationApplication.openModelOrEntity(ConfigurationApplication.java:680)
	at ptolemy.vergil.basic.export.ExportModel$1.run(ExportModel.java:220)
	at java.awt.event.InvocationEvent.dispatch(InvocationEvent.java:301)
	at java.awt.EventQueue.dispatchEventImpl(EventQueue.java:756)
	at java.awt.EventQueue.access$500(EventQueue.java:97)
	at java.awt.EventQueue$3.run(EventQueue.java:709)
	at java.awt.EventQueue$3.run(EventQueue.java:703)
	at java.security.AccessController.doPrivileged(Native Method)
	at java.security.ProtectionDomain$JavaSecurityAccessImpl.doIntersectionPrivilege(ProtectionDomain.java:80)
	at java.awt.EventQueue.dispatchEvent(EventQueue.java:726)
	at java.awt.EventDispatchThread.pumpOneEventForFilters(EventDispatchThread.java:201)
	at java.awt.EventDispatchThread.pumpEventsForFilter(EventDispatchThread.java:116)
	at java.awt.EventDispatchThread.pumpEventsForHierarchy(EventDispatchThread.java:105)
	at java.awt.EventDispatchThread.pumpEvents(EventDispatchThread.java:101)
	at java.awt.EventDispatchThread.pumpEvents(EventDispatchThread.java:93)
	at java.awt.EventDispatchThread.run(EventDispatchThread.java:82)
Caused by: ptolemy.kernel.util.InternalErrorException: Element <entity name="node1" class="ptolemy.actor.ptalon.demo.ptinyos.SenseToLeds.MicaBoard"> caused an exception to be thrown.
  in .SenseToLeds.SenseToLeds
Because:
Cannot find class: ptolemy.actor.ptalon.demo.ptinyos.SenseToLeds.MicaBoard. In Ptolemy, classes are typically Java .class files. Entities like actors may instead be defined within a .xml file.  In any case, the class was not found. If the class uses a third party package, then the class would be present only if the third party package was found at compile time.  It may be necessary to upgrade Java or install the third party package, reconfigure and recompile.
Because:
Element <entity name="MicaLeds" class="ptolemy.domains.ptinyos.lib.MicaLeds"> caused an exception to be thrown.
  in .MicaBoard
Because:
Cannot find class: ptolemy.domains.ptinyos.lib.MicaLeds. In Ptolemy, classes are typically Java .class files. Entities like actors may instead be defined within a .xml file.  In any case, the class was not found. If the class uses a third party package, then the class would be present only if the third party package was found at compile time.  It may be necessary to upgrade Java or install the third party package, reconfigure and recompile.
Because:
-- /home/travis/build/icyphy/ptII/ptolemy/actor/ptalon/demo/ptinyos/SenseToLeds/ptolemy/domains/ptinyos/lib/MicaLeds.xml (No such file or directory)
-- XML file not found relative to classpath.
-- /home/travis/build/icyphy/ptII/ptolemy/vergil/basic/export/test/ptolemy/domains/ptinyos/lib/MicaLeds.xml
/home/travis/build/icyphy/ptII/ptolemy/vergil/basic/export/test/ptolemy/domains/ptinyos/lib/MicaLeds.xml (No such file or directory)
 in file:/home/travis/build/icyphy/ptII/ptolemy/actor/ptalon/demo/ptinyos/SenseToLeds/MicaBoard.xml at line 134 and column 63
	at ptolemy.moml.SimpleErrorHandler.handleError(SimpleErrorHandler.java:75)
	at ptolemy.moml.MoMLParser.startElement(MoMLParser.java:3805)
	at com.microstar.xml.XmlParser.parseElement(XmlParser.java:931)
	at com.microstar.xml.XmlParser.parseDocument(XmlParser.java:481)
	at com.microstar.xml.XmlParser.doParse(XmlParser.java:159)
	at com.microstar.xml.XmlParser.parse(XmlParser.java:132)
	at ptolemy.moml.MoMLParser.parse(MoMLParser.java:1660)
	at ptolemy.moml.MoMLParser.parse(MoMLParser.java:1617)
	at ptolemy.moml.MoMLParser.parse(MoMLParser.java:1792)
	at ptolemy.actor.ptalon.PtalonEvaluator.addActor(PtalonEvaluator.java:241)
	... 56 more
Caused by: ptolemy.kernel.util.IllegalActionException: Cannot find class: ptolemy.actor.ptalon.demo.ptinyos.SenseToLeds.MicaBoard. In Ptolemy, classes are typically Java .class files. Entities like actors may instead be defined within a .xml file.  In any case, the class was not found. If the class uses a third party package, then the class would be present only if the third party package was found at compile time.  It may be necessary to upgrade Java or install the third party package, reconfigure and recompile.
Because:
Element <entity name="MicaLeds" class="ptolemy.domains.ptinyos.lib.MicaLeds"> caused an exception to be thrown.
  in .MicaBoard
Because:
Cannot find class: ptolemy.domains.ptinyos.lib.MicaLeds. In Ptolemy, classes are typically Java .class files. Entities like actors may instead be defined within a .xml file.  In any case, the class was not found. If the class uses a third party package, then the class would be present only if the third party package was found at compile time.  It may be necessary to upgrade Java or install the third party package, reconfigure and recompile.
Because:
-- /home/travis/build/icyphy/ptII/ptolemy/actor/ptalon/demo/ptinyos/SenseToLeds/ptolemy/domains/ptinyos/lib/MicaLeds.xml (No such file or directory)
-- XML file not found relative to classpath.
-- /home/travis/build/icyphy/ptII/ptolemy/vergil/basic/export/test/ptolemy/domains/ptinyos/lib/MicaLeds.xml
/home/travis/build/icyphy/ptII/ptolemy/vergil/basic/export/test/ptolemy/domains/ptinyos/lib/MicaLeds.xml (No such file or directory)
 in file:/home/travis/build/icyphy/ptII/ptolemy/actor/ptalon/demo/ptinyos/SenseToLeds/MicaBoard.xml at line 134 and column 63
	at ptolemy.moml.MoMLParser._createEntity(MoMLParser.java:4330)
	at ptolemy.moml.MoMLParser.startElement(MoMLParser.java:2864)
	... 64 more
Caused by: ptolemy.kernel.util.InternalErrorException: Element <entity name="MicaLeds" class="ptolemy.domains.ptinyos.lib.MicaLeds"> caused an exception to be thrown.
  in .MicaBoard
Because:
Cannot find class: ptolemy.domains.ptinyos.lib.MicaLeds. In Ptolemy, classes are typically Java .class files. Entities like actors may instead be defined within a .xml file.  In any case, the class was not found. If the class uses a third party package, then the class would be present only if the third party package was found at compile time.  It may be necessary to upgrade Java or install the third party package, reconfigure and recompile.
Because:
-- /home/travis/build/icyphy/ptII/ptolemy/actor/ptalon/demo/ptinyos/SenseToLeds/ptolemy/domains/ptinyos/lib/MicaLeds.xml (No such file or directory)
-- XML file not found relative to classpath.
-- /home/travis/build/icyphy/ptII/ptolemy/vergil/basic/export/test/ptolemy/domains/ptinyos/lib/MicaLeds.xml
/home/travis/build/icyphy/ptII/ptolemy/vergil/basic/export/test/ptolemy/domains/ptinyos/lib/MicaLeds.xml (No such file or directory)
 in file:/home/travis/build/icyphy/ptII/ptolemy/actor/ptalon/demo/ptinyos/SenseToLeds/MicaBoard.xml at line 134 and column 63
	at ptolemy.moml.SimpleErrorHandler.handleError(SimpleErrorHandler.java:75)
	at ptolemy.moml.MoMLParser.startElement(MoMLParser.java:3805)
	at com.microstar.xml.XmlParser.parseElement(XmlParser.java:921)
	at com.microstar.xml.XmlParser.parseContent(XmlParser.java:1104)
	at com.microstar.xml.XmlParser.parseElement(XmlParser.java:924)
	at com.microstar.xml.XmlParser.parseDocument(XmlParser.java:481)
	at com.microstar.xml.XmlParser.doParse(XmlParser.java:159)
	at com.microstar.xml.XmlParser.parse(XmlParser.java:132)
	at ptolemy.moml.MoMLParser.parse(MoMLParser.java:1676)
	at ptolemy.moml.MoMLParser.parse(MoMLParser.java:1595)
	at ptolemy.moml.MoMLParser.parse(MoMLParser.java:1537)
	at ptolemy.moml.MoMLParser._findOrParse(MoMLParser.java:5286)
	at ptolemy.moml.MoMLParser._attemptToFindMoMLClass(MoMLParser.java:4075)
	at ptolemy.moml.MoMLParser._createEntity(MoMLParser.java:4323)
	... 65 more
Caused by: ptolemy.kernel.util.IllegalActionException: Cannot find class: ptolemy.domains.ptinyos.lib.MicaLeds. In Ptolemy, classes are typically Java .class files. Entities like actors may instead be defined within a .xml file.  In any case, the class was not found. If the class uses a third party package, then the class would be present only if the third party package was found at compile time.  It may be necessary to upgrade Java or install the third party package, reconfigure and recompile.
Because:
-- /home/travis/build/icyphy/ptII/ptolemy/actor/ptalon/demo/ptinyos/SenseToLeds/ptolemy/domains/ptinyos/lib/MicaLeds.xml (No such file or directory)
-- XML file not found relative to classpath.
-- /home/travis/build/icyphy/ptII/ptolemy/vergil/basic/export/test/ptolemy/domains/ptinyos/lib/MicaLeds.xml
/home/travis/build/icyphy/ptII/ptolemy/vergil/basic/export/test/ptolemy/domains/ptinyos/lib/MicaLeds.xml (No such file or directory)
 in file:/home/travis/build/icyphy/ptII/ptolemy/actor/ptalon/demo/ptinyos/SenseToLeds/MicaBoard.xml at line 134 and column 63
	at ptolemy.moml.MoMLParser._createEntity(MoMLParser.java:4330)
	at ptolemy.moml.MoMLParser.startElement(MoMLParser.java:2864)
	... 77 more
Caused by: com.microstar.xml.XmlException: -- /home/travis/build/icyphy/ptII/ptolemy/actor/ptalon/demo/ptinyos/SenseToLeds/ptolemy/domains/ptinyos/lib/MicaLeds.xml (No such file or directory)
-- XML file not found relative to classpath.
-- /home/travis/build/icyphy/ptII/ptolemy/vergil/basic/export/test/ptolemy/domains/ptinyos/lib/MicaLeds.xml
/home/travis/build/icyphy/ptII/ptolemy/vergil/basic/export/test/ptolemy/domains/ptinyos/lib/MicaLeds.xml (No such file or directory)
 in file:/home/travis/build/icyphy/ptII/ptolemy/actor/ptalon/demo/ptinyos/SenseToLeds/MicaBoard.xml at line 134 and column 63
	at ptolemy.moml.MoMLParser.fileNameToURL(MoMLParser.java:1414)
	at ptolemy.moml.MoMLParser._findOrParse(MoMLParser.java:5283)
	at ptolemy.moml.MoMLParser._attemptToFindMoMLClass(MoMLParser.java:4075)
	at ptolemy.moml.MoMLParser._createEntity(MoMLParser.java:4323)
	... 78 more
Failed to read file:/home/travis/build/icyphy/ptII/ptolemy/actor/ptalon/demo/ptinyos/SenseToLeds/SenseToLeds.xml
ptolemy.kernel.util.IllegalActionException: Failed to process attribute change to PtalonParameter, whose value is "ptolemy.actor.ptalon.PtalonExpressionParameter {.SenseToLeds.SenseToLeds.n} 2".
  in .SenseToLeds.SenseToLeds
Because:
Unable to add actor null
	at ptolemy.actor.ptalon.PtalonActor.attributeChanged(PtalonActor.java:211)
	at ptolemy.actor.ptalon.PtalonMLHandler.startElement(PtalonMLHandler.java:134)
	at com.microstar.xml.XmlParser.parseElement(XmlParser.java:921)
	at com.microstar.xml.XmlParser.parseContent(XmlParser.java:1104)
	at com.microstar.xml.XmlParser.parseElement(XmlParser.java:924)
	at com.microstar.xml.XmlParser.parseDocument(XmlParser.java:481)
	at com.microstar.xml.XmlParser.doParse(XmlParser.java:159)
	at com.microstar.xml.XmlParser.parse(XmlParser.java:132)
	at ptolemy.actor.ptalon.PtalonActor.configure(PtalonActor.java:240)
	at ptolemy.moml.MoMLParser.endElement(MoMLParser.java:996)
	at com.microstar.xml.XmlParser.parseETag(XmlParser.java:1026)
	at com.microstar.xml.XmlParser.parseContent(XmlParser.java:1098)
	at com.microstar.xml.XmlParser.parseElement(XmlParser.java:924)
	at com.microstar.xml.XmlParser.parseContent(XmlParser.java:1104)
	at com.microstar.xml.XmlParser.parseElement(XmlParser.java:924)
	at com.microstar.xml.XmlParser.parseContent(XmlParser.java:1104)
	at com.microstar.xml.XmlParser.parseElement(XmlParser.java:924)
	at com.microstar.xml.XmlParser.parseDocument(XmlParser.java:481)
	at com.microstar.xml.XmlParser.doParse(XmlParser.java:159)
	at com.microstar.xml.XmlParser.parse(XmlParser.java:132)
	at ptolemy.moml.MoMLParser.parse(MoMLParser.java:1676)
	at ptolemy.moml.MoMLParser.parse(MoMLParser.java:1595)
	at ptolemy.moml.MoMLParser.parse(MoMLParser.java:1537)
	at ptolemy.actor.gui.PtolemyEffigy$Factory.createEffigy(PtolemyEffigy.java:424)
	at ptolemy.actor.gui.EffigyFactory.createEffigy(EffigyFactory.java:234)
	at ptolemy.actor.gui.Configuration.openModel(Configuration.java:1125)
	at ptolemy.actor.gui.Configuration.openModel(Configuration.java:1051)
	at ptolemy.actor.gui.ConfigurationApplication._openModel(ConfigurationApplication.java:1252)
	at ptolemy.actor.gui.ConfigurationApplication._parseArg(ConfigurationApplication.java:1399)
	at ptolemy.actor.gui.ConfigurationApplication._parseArgs(ConfigurationApplication.java:1478)
	at ptolemy.actor.gui.ConfigurationApplication.<init>(ConfigurationApplication.java:277)
	at ptolemy.actor.gui.ConfigurationApplication.<init>(ConfigurationApplication.java:214)
	at ptolemy.actor.gui.ConfigurationApplication.<init>(ConfigurationApplication.java:201)
	at ptolemy.actor.gui.ConfigurationApplication.openModelOrEntity(ConfigurationApplication.java:680)
	at ptolemy.vergil.basic.export.ExportModel$1.run(ExportModel.java:220)
	at java.awt.event.InvocationEvent.dispatch(InvocationEvent.java:301)
	at java.awt.EventQueue.dispatchEventImpl(EventQueue.java:756)
	at java.awt.EventQueue.access$500(EventQueue.java:97)
	at java.awt.EventQueue$3.run(EventQueue.java:709)
	at java.awt.EventQueue$3.run(EventQueue.java:703)
	at java.security.AccessController.doPrivileged(Native Method)
	at java.security.ProtectionDomain$JavaSecurityAccessImpl.doIntersectionPrivilege(ProtectionDomain.java:80)
	at java.awt.EventQueue.dispatchEvent(EventQueue.java:726)
	at java.awt.EventDispatchThread.pumpOneEventForFilters(EventDispatchThread.java:201)
	at java.awt.EventDispatchThread.pumpEventsForFilter(EventDispatchThread.java:116)
	at java.awt.EventDispatchThread.pumpEventsForHierarchy(EventDispatchThread.java:105)
	at java.awt.EventDispatchThread.pumpEvents(EventDispatchThread.java:101)
	at java.awt.EventDispatchThread.pumpEvents(EventDispatchThread.java:93)
	at java.awt.EventDispatchThread.run(EventDispatchThread.java:82)
Caused by: ptolemy.actor.ptalon.PtalonRuntimeException: Unable to add actor null
	at ptolemy.actor.ptalon.PtalonEvaluator.addActor(PtalonEvaluator.java:300)
	at ptolemy.actor.ptalon.PtalonPopulator.actor_declaration(PtalonPopulator.java:1574)
	at ptolemy.actor.ptalon.PtalonPopulator.atomic_statement(PtalonPopulator.java:1638)
	at ptolemy.actor.ptalon.PtalonPopulator.iterative_statement_evaluator(PtalonPopulator.java:2484)
	at ptolemy.actor.ptalon.AbstractPtalonEvaluator$IfTree.evaluateForScope(AbstractPtalonEvaluator.java:1307)
	at ptolemy.actor.ptalon.AbstractPtalonEvaluator.evaluateForScope(AbstractPtalonEvaluator.java:744)
	at ptolemy.actor.ptalon.PtalonPopulator.iterative_statement(PtalonPopulator.java:2363)
	at ptolemy.actor.ptalon.PtalonPopulator.actor_definition(PtalonPopulator.java:2809)
	at ptolemy.actor.ptalon.PtalonActor.attributeChanged(PtalonActor.java:206)
	... 48 more
Caused by: ptolemy.kernel.util.InternalErrorException: Element <entity name="node1" class="ptolemy.actor.ptalon.demo.ptinyos.SenseToLeds.MicaBoard"> caused an exception to be thrown.
  in .SenseToLeds.SenseToLeds
Because:
Cannot find class: ptolemy.actor.ptalon.demo.ptinyos.SenseToLeds.MicaBoard. In Ptolemy, classes are typically Java .class files. Entities like actors may instead be defined within a .xml file.  In any case, the class was not found. If the class uses a third party package, then the class would be present only if the third party package was found at compile time.  It may be necessary to upgrade Java or install the third party package, reconfigure and recompile.
Because:
Element <entity name="MicaLeds" class="ptolemy.domains.ptinyos.lib.MicaLeds"> caused an exception to be thrown.
  in .MicaBoard
Because:
Cannot find class: ptolemy.domains.ptinyos.lib.MicaLeds. In Ptolemy, classes are typically Java .class files. Entities like actors may instead be defined within a .xml file.  In any case, the class was not found. If the class uses a third party package, then the class would be present only if the third party package was found at compile time.  It may be necessary to upgrade Java or install the third party package, reconfigure and recompile.
Because:
-- /home/travis/build/icyphy/ptII/ptolemy/actor/ptalon/demo/ptinyos/SenseToLeds/ptolemy/domains/ptinyos/lib/MicaLeds.xml (No such file or directory)
-- XML file not found relative to classpath.
-- /home/travis/build/icyphy/ptII/ptolemy/vergil/basic/export/test/ptolemy/domains/ptinyos/lib/MicaLeds.xml
/home/travis/build/icyphy/ptII/ptolemy/vergil/basic/export/test/ptolemy/domains/ptinyos/lib/MicaLeds.xml (No such file or directory)
 in file:/home/travis/build/icyphy/ptII/ptolemy/actor/ptalon/demo/ptinyos/SenseToLeds/MicaBoard.xml at line 134 and column 63
	at ptolemy.moml.SimpleErrorHandler.handleError(SimpleErrorHandler.java:75)
	at ptolemy.moml.MoMLParser.startElement(MoMLParser.java:3805)
	at com.microstar.xml.XmlParser.parseElement(XmlParser.java:931)
	at com.microstar.xml.XmlParser.parseDocument(XmlParser.java:481)
	at com.microstar.xml.XmlParser.doParse(XmlParser.java:159)
	at com.microstar.xml.XmlParser.parse(XmlParser.java:132)
	at ptolemy.moml.MoMLParser.parse(MoMLParser.java:1660)
	at ptolemy.moml.MoMLParser.parse(MoMLParser.java:1617)
	at ptolemy.moml.MoMLParser.parse(MoMLParser.java:1792)
	at ptolemy.actor.ptalon.PtalonEvaluator.addActor(PtalonEvaluator.java:241)
	... 56 more
Caused by: ptolemy.kernel.util.IllegalActionException: Cannot find class: ptolemy.actor.ptalon.demo.ptinyos.SenseToLeds.MicaBoard. In Ptolemy, classes are typically Java .class files. Entities like actors may instead be defined within a .xml file.  In any case, the class was not found. If the class uses a third party package, then the class would be present only if the third party package was found at compile time.  It may be necessary to upgrade Java or install the third party package, reconfigure and recompile.
Because:
Element <entity name="MicaLeds" class="ptolemy.domains.ptinyos.lib.MicaLeds"> caused an exception to be thrown.
  in .MicaBoard
Because:
Cannot find class: ptolemy.domains.ptinyos.lib.MicaLeds. In Ptolemy, classes are typically Java .class files. Entities like actors may instead be defined within a .xml file.  In any case, the class was not found. If the class uses a third party package, then the class would be present only if the third party package was found at compile time.  It may be necessary to upgrade Java or install the third party package, reconfigure and recompile.
Because:
-- /home/travis/build/icyphy/ptII/ptolemy/actor/ptalon/demo/ptinyos/SenseToLeds/ptolemy/domains/ptinyos/lib/MicaLeds.xml (No such file or directory)
-- XML file not found relative to classpath.
-- /home/travis/build/icyphy/ptII/ptolemy/vergil/basic/export/test/ptolemy/domains/ptinyos/lib/MicaLeds.xml
/home/travis/build/icyphy/ptII/ptolemy/vergil/basic/export/test/ptolemy/domains/ptinyos/lib/MicaLeds.xml (No such file or directory)
 in file:/home/travis/build/icyphy/ptII/ptolemy/actor/ptalon/demo/ptinyos/SenseToLeds/MicaBoard.xml at line 134 and column 63
	at ptolemy.moml.MoMLParser._createEntity(MoMLParser.java:4330)
	at ptolemy.moml.MoMLParser.startElement(MoMLParser.java:2864)
	... 64 more
Caused by: ptolemy.kernel.util.InternalErrorException: Element <entity name="MicaLeds" class="ptolemy.domains.ptinyos.lib.MicaLeds"> caused an exception to be thrown.
  in .MicaBoard
Because:
Cannot find class: ptolemy.domains.ptinyos.lib.MicaLeds. In Ptolemy, classes are typically Java .class files. Entities like actors may instead be defined within a .xml file.  In any case, the class was not found. If the class uses a third party package, then the class would be present only if the third party package was found at compile time.  It may be necessary to upgrade Java or install the third party package, reconfigure and recompile.
Because:
-- /home/travis/build/icyphy/ptII/ptolemy/actor/ptalon/demo/ptinyos/SenseToLeds/ptolemy/domains/ptinyos/lib/MicaLeds.xml (No such file or directory)
-- XML file not found relative to classpath.
-- /home/travis/build/icyphy/ptII/ptolemy/vergil/basic/export/test/ptolemy/domains/ptinyos/lib/MicaLeds.xml
/home/travis/build/icyphy/ptII/ptolemy/vergil/basic/export/test/ptolemy/domains/ptinyos/lib/MicaLeds.xml (No such file or directory)
 in file:/home/travis/build/icyphy/ptII/ptolemy/actor/ptalon/demo/ptinyos/SenseToLeds/MicaBoard.xml at line 134 and column 63
	at ptolemy.moml.SimpleErrorHandler.handleError(SimpleErrorHandler.java:75)
	at ptolemy.moml.MoMLParser.startElement(MoMLParser.java:3805)
	at com.microstar.xml.XmlParser.parseElement(XmlParser.java:921)
	at com.microstar.xml.XmlParser.parseContent(XmlParser.java:1104)
	at com.microstar.xml.XmlParser.parseElement(XmlParser.java:924)
	at com.microstar.xml.XmlParser.parseDocument(XmlParser.java:481)
	at com.microstar.xml.XmlParser.doParse(XmlParser.java:159)
	at com.microstar.xml.XmlParser.parse(XmlParser.java:132)
	at ptolemy.moml.MoMLParser.parse(MoMLParser.java:1676)
	at ptolemy.moml.MoMLParser.parse(MoMLParser.java:1595)
	at ptolemy.moml.MoMLParser.parse(MoMLParser.java:1537)
	at ptolemy.moml.MoMLParser._findOrParse(MoMLParser.java:5286)
	at ptolemy.moml.MoMLParser._attemptToFindMoMLClass(MoMLParser.java:4075)
	at ptolemy.moml.MoMLParser._createEntity(MoMLParser.java:4323)
	... 65 more
Caused by: ptolemy.kernel.util.IllegalActionException: Cannot find class: ptolemy.domains.ptinyos.lib.MicaLeds. In Ptolemy, classes are typically Java .class files. Entities like actors may instead be defined within a .xml file.  In any case, the class was not found. If the class uses a third party package, then the class would be present only if the third party package was found at compile time.  It may be necessary to upgrade Java or install the third party package, reconfigure and recompile.
Because:
-- /home/travis/build/icyphy/ptII/ptolemy/actor/ptalon/demo/ptinyos/SenseToLeds/ptolemy/domains/ptinyos/lib/MicaLeds.xml (No such file or directory)
-- XML file not found relative to classpath.
-- /home/travis/build/icyphy/ptII/ptolemy/vergil/basic/export/test/ptolemy/domains/ptinyos/lib/MicaLeds.xml
/home/travis/build/icyphy/ptII/ptolemy/vergil/basic/export/test/ptolemy/domains/ptinyos/lib/MicaLeds.xml (No such file or directory)
 in file:/home/travis/build/icyphy/ptII/ptolemy/actor/ptalon/demo/ptinyos/SenseToLeds/MicaBoard.xml at line 134 and column 63
	at ptolemy.moml.MoMLParser._createEntity(MoMLParser.java:4330)
	at ptolemy.moml.MoMLParser.startElement(MoMLParser.java:2864)
	... 77 more
Caused by: com.microstar.xml.XmlException: -- /home/travis/build/icyphy/ptII/ptolemy/actor/ptalon/demo/ptinyos/SenseToLeds/ptolemy/domains/ptinyos/lib/MicaLeds.xml (No such file or directory)
-- XML file not found relative to classpath.
-- /home/travis/build/icyphy/ptII/ptolemy/vergil/basic/export/test/ptolemy/domains/ptinyos/lib/MicaLeds.xml
/home/travis/build/icyphy/ptII/ptolemy/vergil/basic/export/test/ptolemy/domains/ptinyos/lib/MicaLeds.xml (No such file or directory)
 in file:/home/travis/build/icyphy/ptII/ptolemy/actor/ptalon/demo/ptinyos/SenseToLeds/MicaBoard.xml at line 134 and column 63
	at ptolemy.moml.MoMLParser.fileNameToURL(MoMLParser.java:1414)
	at ptolemy.moml.MoMLParser._findOrParse(MoMLParser.java:5283)
	at ptolemy.moml.MoMLParser._attemptToFindMoMLClass(MoMLParser.java:4075)
	at ptolemy.moml.MoMLParser._createEntity(MoMLParser.java:4323)
	... 78 more
Caused by: ptolemy.actor.ptalon.PtalonRuntimeException: Unable to add actor null
	at ptolemy.actor.ptalon.PtalonEvaluator.addActor(PtalonEvaluator.java:300)
	at ptolemy.actor.ptalon.PtalonPopulator.actor_declaration(PtalonPopulator.java:1574)
	at ptolemy.actor.ptalon.PtalonPopulator.atomic_statement(PtalonPopulator.java:1638)
	at ptolemy.actor.ptalon.PtalonPopulator.iterative_statement_evaluator(PtalonPopulator.java:2484)
	at ptolemy.actor.ptalon.AbstractPtalonEvaluator$IfTree.evaluateForScope(AbstractPtalonEvaluator.java:1307)
	at ptolemy.actor.ptalon.AbstractPtalonEvaluator.evaluateForScope(AbstractPtalonEvaluator.java:744)
	at ptolemy.actor.ptalon.PtalonPopulator.iterative_statement(PtalonPopulator.java:2363)
	at ptolemy.actor.ptalon.PtalonPopulator.actor_definition(PtalonPopulator.java:2809)
	at ptolemy.actor.ptalon.PtalonActor.attributeChanged(PtalonActor.java:206)
	at ptolemy.actor.ptalon.PtalonMLHandler.startElement(PtalonMLHandler.java:134)
	at com.microstar.xml.XmlParser.parseElement(XmlParser.java:921)
	at com.microstar.xml.XmlParser.parseContent(XmlParser.java:1104)
	at com.microstar.xml.XmlParser.parseElement(XmlParser.java:924)
	at com.microstar.xml.XmlParser.parseDocument(XmlParser.java:481)
	at com.microstar.xml.XmlParser.doParse(XmlParser.java:159)
	at com.microstar.xml.XmlParser.parse(XmlParser.java:132)
	at ptolemy.actor.ptalon.PtalonActor.configure(PtalonActor.java:240)
	at ptolemy.moml.MoMLParser.endElement(MoMLParser.java:996)
	at com.microstar.xml.XmlParser.parseETag(XmlParser.java:1026)
	at com.microstar.xml.XmlParser.parseContent(XmlParser.java:1098)
	at com.microstar.xml.XmlParser.parseElement(XmlParser.java:924)
	at com.microstar.xml.XmlParser.parseContent(XmlParser.java:1104)
	at com.microstar.xml.XmlParser.parseElement(XmlParser.java:924)
	at com.microstar.xml.XmlParser.parseContent(XmlParser.java:1104)
	at com.microstar.xml.XmlParser.parseElement(XmlParser.java:924)
	at com.microstar.xml.XmlParser.parseDocument(XmlParser.java:481)
	at com.microstar.xml.XmlParser.doParse(XmlParser.java:159)
	at com.microstar.xml.XmlParser.parse(XmlParser.java:132)
	at ptolemy.moml.MoMLParser.parse(MoMLParser.java:1676)
	at ptolemy.moml.MoMLParser.parse(MoMLParser.java:1595)
	at ptolemy.moml.MoMLParser.parse(MoMLParser.java:1537)
	at ptolemy.actor.gui.PtolemyEffigy$Factory.createEffigy(PtolemyEffigy.java:424)
	at ptolemy.actor.gui.EffigyFactory.createEffigy(EffigyFactory.java:234)
	at ptolemy.actor.gui.Configuration.openModel(Configuration.java:1125)
	at ptolemy.actor.gui.Configuration.openModel(Configuration.java:1051)
	at ptolemy.actor.gui.ConfigurationApplication._openModel(ConfigurationApplication.java:1252)
	at ptolemy.actor.gui.ConfigurationApplication._parseArg(ConfigurationApplication.java:1399)
	at ptolemy.actor.gui.ConfigurationApplication._parseArgs(ConfigurationApplication.java:1478)
	at ptolemy.actor.gui.ConfigurationApplication.<init>(ConfigurationApplication.java:277)
	at ptolemy.actor.gui.ConfigurationApplication.<init>(ConfigurationApplication.java:214)
	at ptolemy.actor.gui.ConfigurationApplication.<init>(ConfigurationApplication.java:201)
	at ptolemy.actor.gui.ConfigurationApplication.openModelOrEntity(ConfigurationApplication.java:680)
	at ptolemy.vergil.basic.export.ExportModel$1.run(ExportModel.java:220)
	at java.awt.event.InvocationEvent.dispatch(InvocationEvent.java:301)
	at java.awt.EventQueue.dispatchEventImpl(EventQueue.java:756)
	at java.awt.EventQueue.access$500(EventQueue.java:97)
	at java.awt.EventQueue$3.run(EventQueue.java:709)
	at java.awt.EventQueue$3.run(EventQueue.java:703)
	at java.security.AccessController.doPrivileged(Native Method)
	at java.security.ProtectionDomain$JavaSecurityAccessImpl.doIntersectionPrivilege(ProtectionDomain.java:80)
	at java.awt.EventQueue.dispatchEvent(EventQueue.java:726)
	at java.awt.EventDispatchThread.pumpOneEventForFilters(EventDispatchThread.java:201)
	at java.awt.EventDispatchThread.pumpEventsForFilter(EventDispatchThread.java:116)
	at java.awt.EventDispatchThread.pumpEventsForHierarchy(EventDispatchThread.java:105)
	at java.awt.EventDispatchThread.pumpEvents(EventDispatchThread.java:101)
	at java.awt.EventDispatchThread.pumpEvents(EventDispatchThread.java:93)
	at java.awt.EventDispatchThread.run(EventDispatchThread.java:82)
Caused by: ptolemy.kernel.util.InternalErrorException: Element <entity name="node1" class="ptolemy.actor.ptalon.demo.ptinyos.SenseToLeds.MicaBoard"> caused an exception to be thrown.
  in .SenseToLeds.SenseToLeds
Because:
Cannot find class: ptolemy.actor.ptalon.demo.ptinyos.SenseToLeds.MicaBoard. In Ptolemy, classes are typically Java .class files. Entities like actors may instead be defined within a .xml file.  In any case, the class was not found. If the class uses a third party package, then the class would be present only if the third party package was found at compile time.  It may be necessary to upgrade Java or install the third party package, reconfigure and recompile.
Because:
Element <entity name="MicaLeds" class="ptolemy.domains.ptinyos.lib.MicaLeds"> caused an exception to be thrown.
  in .MicaBoard
Because:
Cannot find class: ptolemy.domains.ptinyos.lib.MicaLeds. In Ptolemy, classes are typically Java .class files. Entities like actors may instead be defined within a .xml file.  In any case, the class was not found. If the class uses a third party package, then the class would be present only if the third party package was found at compile time.  It may be necessary to upgrade Java or install the third party package, reconfigure and recompile.
Because:
-- /home/travis/build/icyphy/ptII/ptolemy/actor/ptalon/demo/ptinyos/SenseToLeds/ptolemy/domains/ptinyos/lib/MicaLeds.xml (No such file or directory)
-- XML file not found relative to classpath.
-- /home/travis/build/icyphy/ptII/ptolemy/vergil/basic/export/test/ptolemy/domains/ptinyos/lib/MicaLeds.xml
/home/travis/build/icyphy/ptII/ptolemy/vergil/basic/export/test/ptolemy/domains/ptinyos/lib/MicaLeds.xml (No such file or directory)
 in file:/home/travis/build/icyphy/ptII/ptolemy/actor/ptalon/demo/ptinyos/SenseToLeds/MicaBoard.xml at line 134 and column 63
	at ptolemy.moml.SimpleErrorHandler.handleError(SimpleErrorHandler.java:75)
	at ptolemy.moml.MoMLParser.startElement(MoMLParser.java:3805)
	at com.microstar.xml.XmlParser.parseElement(XmlParser.java:931)
	at com.microstar.xml.XmlParser.parseDocument(XmlParser.java:481)
	at com.microstar.xml.XmlParser.doParse(XmlParser.java:159)
	at com.microstar.xml.XmlParser.parse(XmlParser.java:132)
	at ptolemy.moml.MoMLParser.parse(MoMLParser.java:1660)
	at ptolemy.moml.MoMLParser.parse(MoMLParser.java:1617)
	at ptolemy.moml.MoMLParser.parse(MoMLParser.java:1792)
	at ptolemy.actor.ptalon.PtalonEvaluator.addActor(PtalonEvaluator.java:241)
	... 56 more
Caused by: ptolemy.kernel.util.IllegalActionException: Cannot find class: ptolemy.actor.ptalon.demo.ptinyos.SenseToLeds.MicaBoard. In Ptolemy, classes are typically Java .class files. Entities like actors may instead be defined within a .xml file.  In any case, the class was not found. If the class uses a third party package, then the class would be present only if the third party package was found at compile time.  It may be necessary to upgrade Java or install the third party package, reconfigure and recompile.
Because:
Element <entity name="MicaLeds" class="ptolemy.domains.ptinyos.lib.MicaLeds"> caused an exception to be thrown.
  in .MicaBoard
Because:
Cannot find class: ptolemy.domains.ptinyos.lib.MicaLeds. In Ptolemy, classes are typically Java .class files. Entities like actors may instead be defined within a .xml file.  In any case, the class was not found. If the class uses a third party package, then the class would be present only if the third party package was found at compile time.  It may be necessary to upgrade Java or install the third party package, reconfigure and recompile.
Because:
-- /home/travis/build/icyphy/ptII/ptolemy/actor/ptalon/demo/ptinyos/SenseToLeds/ptolemy/domains/ptinyos/lib/MicaLeds.xml (No such file or directory)
-- XML file not found relative to classpath.
-- /home/travis/build/icyphy/ptII/ptolemy/vergil/basic/export/test/ptolemy/domains/ptinyos/lib/MicaLeds.xml
/home/travis/build/icyphy/ptII/ptolemy/vergil/basic/export/test/ptolemy/domains/ptinyos/lib/MicaLeds.xml (No such file or directory)
 in file:/home/travis/build/icyphy/ptII/ptolemy/actor/ptalon/demo/ptinyos/SenseToLeds/MicaBoard.xml at line 134 and column 63
	at ptolemy.moml.MoMLParser._createEntity(MoMLParser.java:4330)
	at ptolemy.moml.MoMLParser.startElement(MoMLParser.java:2864)
	... 64 more
Caused by: ptolemy.kernel.util.InternalErrorException: Element <entity name="MicaLeds" class="ptolemy.domains.ptinyos.lib.MicaLeds"> caused an exception to be thrown.
  in .MicaBoard
Because:
Cannot find class: ptolemy.domains.ptinyos.lib.MicaLeds. In Ptolemy, classes are typically Java .class files. Entities like actors may instead be defined within a .xml file.  In any case, the class was not found. If the class uses a third party package, then the class would be present only if the third party package was found at compile time.  It may be necessary to upgrade Java or install the third party package, reconfigure and recompile.
Because:
-- /home/travis/build/icyphy/ptII/ptolemy/actor/ptalon/demo/ptinyos/SenseToLeds/ptolemy/domains/ptinyos/lib/MicaLeds.xml (No such file or directory)
-- XML file not found relative to classpath.
-- /home/travis/build/icyphy/ptII/ptolemy/vergil/basic/export/test/ptolemy/domains/ptinyos/lib/MicaLeds.xml
/home/travis/build/icyphy/ptII/ptolemy/vergil/basic/export/test/ptolemy/domains/ptinyos/lib/MicaLeds.xml (No such file or directory)
 in file:/home/travis/build/icyphy/ptII/ptolemy/actor/ptalon/demo/ptinyos/SenseToLeds/MicaBoard.xml at line 134 and column 63
	at ptolemy.moml.SimpleErrorHandler.handleError(SimpleErrorHandler.java:75)
	at ptolemy.moml.MoMLParser.startElement(MoMLParser.java:3805)
	at com.microstar.xml.XmlParser.parseElement(XmlParser.java:921)
	at com.microstar.xml.XmlParser.parseContent(XmlParser.java:1104)
	at com.microstar.xml.XmlParser.parseElement(XmlParser.java:924)
	at com.microstar.xml.XmlParser.parseDocument(XmlParser.java:481)
	at com.microstar.xml.XmlParser.doParse(XmlParser.java:159)
	at com.microstar.xml.XmlParser.parse(XmlParser.java:132)
	at ptolemy.moml.MoMLParser.parse(MoMLParser.java:1676)
	at ptolemy.moml.MoMLParser.parse(MoMLParser.java:1595)
	at ptolemy.moml.MoMLParser.parse(MoMLParser.java:1537)
	at ptolemy.moml.MoMLParser._findOrParse(MoMLParser.java:5286)
	at ptolemy.moml.MoMLParser._attemptToFindMoMLClass(MoMLParser.java:4075)
	at ptolemy.moml.MoMLParser._createEntity(MoMLParser.java:4323)
	... 65 more
Caused by: ptolemy.kernel.util.IllegalActionException: Cannot find class: ptolemy.domains.ptinyos.lib.MicaLeds. In Ptolemy, classes are typically Java .class files. Entities like actors may instead be defined within a .xml file.  In any case, the class was not found. If the class uses a third party package, then the class would be present only if the third party package was found at compile time.  It may be necessary to upgrade Java or install the third party package, reconfigure and recompile.
Because:
-- /home/travis/build/icyphy/ptII/ptolemy/actor/ptalon/demo/ptinyos/SenseToLeds/ptolemy/domains/ptinyos/lib/MicaLeds.xml (No such file or directory)
-- XML file not found relative to classpath.
-- /home/travis/build/icyphy/ptII/ptolemy/vergil/basic/export/test/ptolemy/domains/ptinyos/lib/MicaLeds.xml
/home/travis/build/icyphy/ptII/ptolemy/vergil/basic/export/test/ptolemy/domains/ptinyos/lib/MicaLeds.xml (No such file or directory)
 in file:/home/travis/build/icyphy/ptII/ptolemy/actor/ptalon/demo/ptinyos/SenseToLeds/MicaBoard.xml at line 134 and column 63
	at ptolemy.moml.MoMLParser._createEntity(MoMLParser.java:4330)
	at ptolemy.moml.MoMLParser.startElement(MoMLParser.java:2864)
	... 77 more
Caused by: com.microstar.xml.XmlException: -- /home/travis/build/icyphy/ptII/ptolemy/actor/ptalon/demo/ptinyos/SenseToLeds/ptolemy/domains/ptinyos/lib/MicaLeds.xml (No such file or directory)
-- XML file not found relative to classpath.
-- /home/travis/build/icyphy/ptII/ptolemy/vergil/basic/export/test/ptolemy/domains/ptinyos/lib/MicaLeds.xml
/home/travis/build/icyphy/ptII/ptolemy/vergil/basic/export/test/ptolemy/domains/ptinyos/lib/MicaLeds.xml (No such file or directory)
 in file:/home/travis/build/icyphy/ptII/ptolemy/actor/ptalon/demo/ptinyos/SenseToLeds/MicaBoard.xml at line 134 and column 63
	at ptolemy.moml.MoMLParser.fileNameToURL(MoMLParser.java:1414)
	at ptolemy.moml.MoMLParser._findOrParse(MoMLParser.java:5283)
	at ptolemy.moml.MoMLParser._attemptToFindMoMLClass(MoMLParser.java:4075)
	at ptolemy.moml.MoMLParser._createEntity(MoMLParser.java:4323)
	... 78 more
ptolemy.kernel.util.IllegalActionException: Failed to process attribute change to PtalonParameter, whose value is "ptolemy.actor.ptalon.PtalonExpressionParameter {.SenseToLeds.SenseToLeds.n} 2".
  in .SenseToLeds.SenseToLeds
Because:
Unable to add actor null
	at ptolemy.actor.ptalon.PtalonActor.attributeChanged(PtalonActor.java:211)
	at ptolemy.actor.ptalon.PtalonMLHandler.startElement(PtalonMLHandler.java:134)
	at com.microstar.xml.XmlParser.parseElement(XmlParser.java:921)
	at com.microstar.xml.XmlParser.parseContent(XmlParser.java:1104)
	at com.microstar.xml.XmlParser.parseElement(XmlParser.java:924)
	at com.microstar.xml.XmlParser.parseDocument(XmlParser.java:481)
	at com.microstar.xml.XmlParser.doParse(XmlParser.java:159)
	at com.microstar.xml.XmlParser.parse(XmlParser.java:132)
	at ptolemy.actor.ptalon.PtalonActor.configure(PtalonActor.java:240)
	at ptolemy.moml.MoMLParser.endElement(MoMLParser.java:996)
	at com.microstar.xml.XmlParser.parseETag(XmlParser.java:1026)
	at com.microstar.xml.XmlParser.parseContent(XmlParser.java:1098)
	at com.microstar.xml.XmlParser.parseElement(XmlParser.java:924)
	at com.microstar.xml.XmlParser.parseContent(XmlParser.java:1104)
	at com.microstar.xml.XmlParser.parseElement(XmlParser.java:924)
	at com.microstar.xml.XmlParser.parseContent(XmlParser.java:1104)
	at com.microstar.xml.XmlParser.parseElement(XmlParser.java:924)
	at com.microstar.xml.XmlParser.parseDocument(XmlParser.java:481)
	at com.microstar.xml.XmlParser.doParse(XmlParser.java:159)
	at com.microstar.xml.XmlParser.parse(XmlParser.java:132)
	at ptolemy.moml.MoMLParser.parse(MoMLParser.java:1676)
	at ptolemy.moml.MoMLParser.parse(MoMLParser.java:1595)
	at ptolemy.moml.MoMLParser.parse(MoMLParser.java:1537)
	at ptolemy.actor.gui.PtolemyEffigy$Factory.createEffigy(PtolemyEffigy.java:424)
	at ptolemy.actor.gui.EffigyFactory.createEffigy(EffigyFactory.java:234)
	at ptolemy.actor.gui.Configuration.openModel(Configuration.java:1125)
	at ptolemy.actor.gui.Configuration.openModel(Configuration.java:1051)
	at ptolemy.actor.gui.ConfigurationApplication._openModel(ConfigurationApplication.java:1252)
	at ptolemy.actor.gui.ConfigurationApplication._parseArg(ConfigurationApplication.java:1399)
	at ptolemy.actor.gui.ConfigurationApplication._parseArgs(ConfigurationApplication.java:1478)
	at ptolemy.actor.gui.ConfigurationApplication.<init>(ConfigurationApplication.java:277)
	at ptolemy.actor.gui.ConfigurationApplication.<init>(ConfigurationApplication.java:214)
	at ptolemy.actor.gui.ConfigurationApplication.<init>(ConfigurationApplication.java:201)
	at ptolemy.actor.gui.ConfigurationApplication.openModelOrEntity(ConfigurationApplication.java:680)
	at ptolemy.vergil.basic.export.ExportModel$1.run(ExportModel.java:220)
	at java.awt.event.InvocationEvent.dispatch(InvocationEvent.java:301)
	at java.awt.EventQueue.dispatchEventImpl(EventQueue.java:756)
	at java.awt.EventQueue.access$500(EventQueue.java:97)
	at java.awt.EventQueue$3.run(EventQueue.java:709)
	at java.awt.EventQueue$3.run(EventQueue.java:703)
	at java.security.AccessController.doPrivileged(Native Method)
	at java.security.ProtectionDomain$JavaSecurityAccessImpl.doIntersectionPrivilege(ProtectionDomain.java:80)
	at java.awt.EventQueue.dispatchEvent(EventQueue.java:726)
	at java.awt.EventDispatchThread.pumpOneEventForFilters(EventDispatchThread.java:201)
	at java.awt.EventDispatchThread.pumpEventsForFilter(EventDispatchThread.java:116)
	at java.awt.EventDispatchThread.pumpEventsForHierarchy(EventDispatchThread.java:105)
	at java.awt.EventDispatchThread.pumpEvents(EventDispatchThread.java:101)
	at java.awt.EventDispatchThread.pumpEvents(EventDispatchThread.java:93)
	at java.awt.EventDispatchThread.run(EventDispatchThread.java:82)
Caused by: ptolemy.actor.ptalon.PtalonRuntimeException: Unable to add actor null
	at ptolemy.actor.ptalon.PtalonEvaluator.addActor(PtalonEvaluator.java:300)
	at ptolemy.actor.ptalon.PtalonPopulator.actor_declaration(PtalonPopulator.java:1574)
	at ptolemy.actor.ptalon.PtalonPopulator.atomic_statement(PtalonPopulator.java:1638)
	at ptolemy.actor.ptalon.PtalonPopulator.iterative_statement_evaluator(PtalonPopulator.java:2484)
	at ptolemy.actor.ptalon.AbstractPtalonEvaluator$IfTree.evaluateForScope(AbstractPtalonEvaluator.java:1307)
	at ptolemy.actor.ptalon.AbstractPtalonEvaluator.evaluateForScope(AbstractPtalonEvaluator.java:744)
	at ptolemy.actor.ptalon.PtalonPopulator.iterative_statement(PtalonPopulator.java:2363)
	at ptolemy.actor.ptalon.PtalonPopulator.actor_definition(PtalonPopulator.java:2809)
	at ptolemy.actor.ptalon.PtalonActor.attributeChanged(PtalonActor.java:206)
	... 48 more
Caused by: ptolemy.kernel.util.InternalErrorException: Element <entity name="node1" class="ptolemy.actor.ptalon.demo.ptinyos.SenseToLeds.MicaBoard"> caused an exception to be thrown.
  in .SenseToLeds.SenseToLeds
Because:
Cannot find class: ptolemy.actor.ptalon.demo.ptinyos.SenseToLeds.MicaBoard. In Ptolemy, classes are typically Java .class files. Entities like actors may instead be defined within a .xml file.  In any case, the class was not found. If the class uses a third party package, then the class would be present only if the third party package was found at compile time.  It may be necessary to upgrade Java or install the third party package, reconfigure and recompile.
Because:
Element <entity name="MicaLeds" class="ptolemy.domains.ptinyos.lib.MicaLeds"> caused an exception to be thrown.
  in .MicaBoard
Because:
Cannot find class: ptolemy.domains.ptinyos.lib.MicaLeds. In Ptolemy, classes are typically Java .class files. Entities like actors may instead be defined within a .xml file.  In any case, the class was not found. If the class uses a third party package, then the class would be present only if the third party package was found at compile time.  It may be necessary to upgrade Java or install the third party package, reconfigure and recompile.
Because:
-- /home/travis/build/icyphy/ptII/ptolemy/actor/ptalon/demo/ptinyos/SenseToLeds/ptolemy/domains/ptinyos/lib/MicaLeds.xml (No such file or directory)
-- XML file not found relative to classpath.
-- /home/travis/build/icyphy/ptII/ptolemy/vergil/basic/export/test/ptolemy/domains/ptinyos/lib/MicaLeds.xml
/home/travis/build/icyphy/ptII/ptolemy/vergil/basic/export/test/ptolemy/domains/ptinyos/lib/MicaLeds.xml (No such file or directory)
 in file:/home/travis/build/icyphy/ptII/ptolemy/actor/ptalon/demo/ptinyos/SenseToLeds/MicaBoard.xml at line 134 and column 63
	at ptolemy.moml.SimpleErrorHandler.handleError(SimpleErrorHandler.java:75)
	at ptolemy.moml.MoMLParser.startElement(MoMLParser.java:3805)
	at com.microstar.xml.XmlParser.parseElement(XmlParser.java:931)
	at com.microstar.xml.XmlParser.parseDocument(XmlParser.java:481)
	at com.microstar.xml.XmlParser.doParse(XmlParser.java:159)
	at com.microstar.xml.XmlParser.parse(XmlParser.java:132)
	at ptolemy.moml.MoMLParser.parse(MoMLParser.java:1660)
	at ptolemy.moml.MoMLParser.parse(MoMLParser.java:1617)
	at ptolemy.moml.MoMLParser.parse(MoMLParser.java:1792)
	at ptolemy.actor.ptalon.PtalonEvaluator.addActor(PtalonEvaluator.java:241)
	... 56 more
Caused by: ptolemy.kernel.util.IllegalActionException: Cannot find class: ptolemy.actor.ptalon.demo.ptinyos.SenseToLeds.MicaBoard. In Ptolemy, classes are typically Java .class files. Entities like actors may instead be defined within a .xml file.  In any case, the class was not found. If the class uses a third party package, then the class would be present only if the third party package was found at compile time.  It may be necessary to upgrade Java or install the third party package, reconfigure and recompile.
Because:
Element <entity name="MicaLeds" class="ptolemy.domains.ptinyos.lib.MicaLeds"> caused an exception to be thrown.
  in .MicaBoard
Because:
Cannot find class: ptolemy.domains.ptinyos.lib.MicaLeds. In Ptolemy, classes are typically Java .class files. Entities like actors may instead be defined within a .xml file.  In any case, the class was not found. If the class uses a third party package, then the class would be present only if the third party package was found at compile time.  It may be necessary to upgrade Java or install the third party package, reconfigure and recompile.
Because:
-- /home/travis/build/icyphy/ptII/ptolemy/actor/ptalon/demo/ptinyos/SenseToLeds/ptolemy/domains/ptinyos/lib/MicaLeds.xml (No such file or directory)
-- XML file not found relative to classpath.
-- /home/travis/build/icyphy/ptII/ptolemy/vergil/basic/export/test/ptolemy/domains/ptinyos/lib/MicaLeds.xml
/home/travis/build/icyphy/ptII/ptolemy/vergil/basic/export/test/ptolemy/domains/ptinyos/lib/MicaLeds.xml (No such file or directory)
 in file:/home/travis/build/icyphy/ptII/ptolemy/actor/ptalon/demo/ptinyos/SenseToLeds/MicaBoard.xml at line 134 and column 63
	at ptolemy.moml.MoMLParser._createEntity(MoMLParser.java:4330)
	at ptolemy.moml.MoMLParser.startElement(MoMLParser.java:2864)
	... 64 more
Caused by: ptolemy.kernel.util.InternalErrorException: Element <entity name="MicaLeds" class="ptolemy.domains.ptinyos.lib.MicaLeds"> caused an exception to be thrown.
  in .MicaBoard
Because:
Cannot find class: ptolemy.domains.ptinyos.lib.MicaLeds. In Ptolemy, classes are typically Java .class files. Entities like actors may instead be defined within a .xml file.  In any case, the class was not found. If the class uses a third party package, then the class would be present only if the third party package was found at compile time.  It may be necessary to upgrade Java or install the third party package, reconfigure and recompile.
Because:
-- /home/travis/build/icyphy/ptII/ptolemy/actor/ptalon/demo/ptinyos/SenseToLeds/ptolemy/domains/ptinyos/lib/MicaLeds.xml (No such file or directory)
-- XML file not found relative to classpath.
-- /home/travis/build/icyphy/ptII/ptolemy/vergil/basic/export/test/ptolemy/domains/ptinyos/lib/MicaLeds.xml
/home/travis/build/icyphy/ptII/ptolemy/vergil/basic/export/test/ptolemy/domains/ptinyos/lib/MicaLeds.xml (No such file or directory)
 in file:/home/travis/build/icyphy/ptII/ptolemy/actor/ptalon/demo/ptinyos/SenseToLeds/MicaBoard.xml at line 134 and column 63
	at ptolemy.moml.SimpleErrorHandler.handleError(SimpleErrorHandler.java:75)
	at ptolemy.moml.MoMLParser.startElement(MoMLParser.java:3805)
	at com.microstar.xml.XmlParser.parseElement(XmlParser.java:921)
	at com.microstar.xml.XmlParser.parseContent(XmlParser.java:1104)
	at com.microstar.xml.XmlParser.parseElement(XmlParser.java:924)
	at com.microstar.xml.XmlParser.parseDocument(XmlParser.java:481)
	at com.microstar.xml.XmlParser.doParse(XmlParser.java:159)
	at com.microstar.xml.XmlParser.parse(XmlParser.java:132)
	at ptolemy.moml.MoMLParser.parse(MoMLParser.java:1676)
	at ptolemy.moml.MoMLParser.parse(MoMLParser.java:1595)
	at ptolemy.moml.MoMLParser.parse(MoMLParser.java:1537)
	at ptolemy.moml.MoMLParser._findOrParse(MoMLParser.java:5286)
	at ptolemy.moml.MoMLParser._attemptToFindMoMLClass(MoMLParser.java:4075)
	at ptolemy.moml.MoMLParser._createEntity(MoMLParser.java:4323)
	... 65 more
Caused by: ptolemy.kernel.util.IllegalActionException: Cannot find class: ptolemy.domains.ptinyos.lib.MicaLeds. In Ptolemy, classes are typically Java .class files. Entities like actors may instead be defined within a .xml file.  In any case, the class was not found. If the class uses a third party package, then the class would be present only if the third party package was found at compile time.  It may be necessary to upgrade Java or install the third party package, reconfigure and recompile.
Because:
-- /home/travis/build/icyphy/ptII/ptolemy/actor/ptalon/demo/ptinyos/SenseToLeds/ptolemy/domains/ptinyos/lib/MicaLeds.xml (No such file or directory)
-- XML file not found relative to classpath.
-- /home/travis/build/icyphy/ptII/ptolemy/vergil/basic/export/test/ptolemy/domains/ptinyos/lib/MicaLeds.xml
/home/travis/build/icyphy/ptII/ptolemy/vergil/basic/export/test/ptolemy/domains/ptinyos/lib/MicaLeds.xml (No such file or directory)
 in file:/home/travis/build/icyphy/ptII/ptolemy/actor/ptalon/demo/ptinyos/SenseToLeds/MicaBoard.xml at line 134 and column 63
	at ptolemy.moml.MoMLParser._createEntity(MoMLParser.java:4330)
	at ptolemy.moml.MoMLParser.startElement(MoMLParser.java:2864)
	... 77 more
Caused by: com.microstar.xml.XmlException: -- /home/travis/build/icyphy/ptII/ptolemy/actor/ptalon/demo/ptinyos/SenseToLeds/ptolemy/domains/ptinyos/lib/MicaLeds.xml (No such file or directory)
-- XML file not found relative to classpath.
-- /home/travis/build/icyphy/ptII/ptolemy/vergil/basic/export/test/ptolemy/domains/ptinyos/lib/MicaLeds.xml
/home/travis/build/icyphy/ptII/ptolemy/vergil/basic/export/test/ptolemy/domains/ptinyos/lib/MicaLeds.xml (No such file or directory)
 in file:/home/travis/build/icyphy/ptII/ptolemy/actor/ptalon/demo/ptinyos/SenseToLeds/MicaBoard.xml at line 134 and column 63
	at ptolemy.moml.MoMLParser.fileNameToURL(MoMLParser.java:1414)
	at ptolemy.moml.MoMLParser._findOrParse(MoMLParser.java:5283)
	at ptolemy.moml.MoMLParser._attemptToFindMoMLClass(MoMLParser.java:4075)
	at ptolemy.moml.MoMLParser._createEntity(MoMLParser.java:4323)
	... 78 more
Caused by: ptolemy.actor.ptalon.PtalonRuntimeException: Unable to add actor null
	at ptolemy.actor.ptalon.PtalonEvaluator.addActor(PtalonEvaluator.java:300)
	at ptolemy.actor.ptalon.PtalonPopulator.actor_declaration(PtalonPopulator.java:1574)
	at ptolemy.actor.ptalon.PtalonPopulator.atomic_statement(PtalonPopulator.java:1638)
	at ptolemy.actor.ptalon.PtalonPopulator.iterative_statement_evaluator(PtalonPopulator.java:2484)
	at ptolemy.actor.ptalon.AbstractPtalonEvaluator$IfTree.evaluateForScope(AbstractPtalonEvaluator.java:1307)
	at ptolemy.actor.ptalon.AbstractPtalonEvaluator.evaluateForScope(AbstractPtalonEvaluator.java:744)
	at ptolemy.actor.ptalon.PtalonPopulator.iterative_statement(PtalonPopulator.java:2363)
	at ptolemy.actor.ptalon.PtalonPopulator.actor_definition(PtalonPopulator.java:2809)
	at ptolemy.actor.ptalon.PtalonActor.attributeChanged(PtalonActor.java:206)
	at ptolemy.actor.ptalon.PtalonMLHandler.startElement(PtalonMLHandler.java:134)
	at com.microstar.xml.XmlParser.parseElement(XmlParser.java:921)
	at com.microstar.xml.XmlParser.parseContent(XmlParser.java:1104)
	at com.microstar.xml.XmlParser.parseElement(XmlParser.java:924)
	at com.microstar.xml.XmlParser.parseDocument(XmlParser.java:481)
	at com.microstar.xml.XmlParser.doParse(XmlParser.java:159)
	at com.microstar.xml.XmlParser.parse(XmlParser.java:132)
	at ptolemy.actor.ptalon.PtalonActor.configure(PtalonActor.java:240)
	at ptolemy.moml.MoMLParser.endElement(MoMLParser.java:996)
	at com.microstar.xml.XmlParser.parseETag(XmlParser.java:1026)
	at com.microstar.xml.XmlParser.parseContent(XmlParser.java:1098)
	at com.microstar.xml.XmlParser.parseElement(XmlParser.java:924)
	at com.microstar.xml.XmlParser.parseContent(XmlParser.java:1104)
	at com.microstar.xml.XmlParser.parseElement(XmlParser.java:924)
	at com.microstar.xml.XmlParser.parseContent(XmlParser.java:1104)
	at com.microstar.xml.XmlParser.parseElement(XmlParser.java:924)
	at com.microstar.xml.XmlParser.parseDocument(XmlParser.java:481)
	at com.microstar.xml.XmlParser.doParse(XmlParser.java:159)
	at com.microstar.xml.XmlParser.parse(XmlParser.java:132)
	at ptolemy.moml.MoMLParser.parse(MoMLParser.java:1676)
	at ptolemy.moml.MoMLParser.parse(MoMLParser.java:1595)
	at ptolemy.moml.MoMLParser.parse(MoMLParser.java:1537)
	at ptolemy.actor.gui.PtolemyEffigy$Factory.createEffigy(PtolemyEffigy.java:424)
	at ptolemy.actor.gui.EffigyFactory.createEffigy(EffigyFactory.java:234)
	at ptolemy.actor.gui.Configuration.openModel(Configuration.java:1125)
	at ptolemy.actor.gui.Configuration.openModel(Configuration.java:1051)
	at ptolemy.actor.gui.ConfigurationApplication._openModel(ConfigurationApplication.java:1252)
	at ptolemy.actor.gui.ConfigurationApplication._parseArg(ConfigurationApplication.java:1399)
	at ptolemy.actor.gui.ConfigurationApplication._parseArgs(ConfigurationApplication.java:1478)
	at ptolemy.actor.gui.ConfigurationApplication.<init>(ConfigurationApplication.java:277)
	at ptolemy.actor.gui.ConfigurationApplication.<init>(ConfigurationApplication.java:214)
	at ptolemy.actor.gui.ConfigurationApplication.<init>(ConfigurationApplication.java:201)
	at ptolemy.actor.gui.ConfigurationApplication.openModelOrEntity(ConfigurationApplication.java:680)
	at ptolemy.vergil.basic.export.ExportModel$1.run(ExportModel.java:220)
	at java.awt.event.InvocationEvent.dispatch(InvocationEvent.java:301)
	at java.awt.EventQueue.dispatchEventImpl(EventQueue.java:756)
	at java.awt.EventQueue.access$500(EventQueue.java:97)
	at java.awt.EventQueue$3.run(EventQueue.java:709)
	at java.awt.EventQueue$3.run(EventQueue.java:703)
	at java.security.AccessController.doPrivileged(Native Method)
	at java.security.ProtectionDomain$JavaSecurityAccessImpl.doIntersectionPrivilege(ProtectionDomain.java:80)
	at java.awt.EventQueue.dispatchEvent(EventQueue.java:726)
	at java.awt.EventDispatchThread.pumpOneEventForFilters(EventDispatchThread.java:201)
	at java.awt.EventDispatchThread.pumpEventsForFilter(EventDispatchThread.java:116)
	at java.awt.EventDispatchThread.pumpEventsForHierarchy(EventDispatchThread.java:105)
	at java.awt.EventDispatchThread.pumpEvents(EventDispatchThread.java:101)
	at java.awt.EventDispatchThread.pumpEvents(EventDispatchThread.java:93)
	at java.awt.EventDispatchThread.run(EventDispatchThread.java:82)
Caused by: ptolemy.kernel.util.InternalErrorException: Element <entity name="node1" class="ptolemy.actor.ptalon.demo.ptinyos.SenseToLeds.MicaBoard"> caused an exception to be thrown.
  in .SenseToLeds.SenseToLeds
Because:
Cannot find class: ptolemy.actor.ptalon.demo.ptinyos.SenseToLeds.MicaBoard. In Ptolemy, classes are typically Java .class files. Entities like actors may instead be defined within a .xml file.  In any case, the class was not found. If the class uses a third party package, then the class would be present only if the third party package was found at compile time.  It may be necessary to upgrade Java or install the third party package, reconfigure and recompile.
Because:
Element <entity name="MicaLeds" class="ptolemy.domains.ptinyos.lib.MicaLeds"> caused an exception to be thrown.
  in .MicaBoard
Because:
Cannot find class: ptolemy.domains.ptinyos.lib.MicaLeds. In Ptolemy, classes are typically Java .class files. Entities like actors may instead be defined within a .xml file.  In any case, the class was not found. If the class uses a third party package, then the class would be present only if the third party package was found at compile time.  It may be necessary to upgrade Java or install the third party package, reconfigure and recompile.
Because:
-- /home/travis/build/icyphy/ptII/ptolemy/actor/ptalon/demo/ptinyos/SenseToLeds/ptolemy/domains/ptinyos/lib/MicaLeds.xml (No such file or directory)
-- XML file not found relative to classpath.
-- /home/travis/build/icyphy/ptII/ptolemy/vergil/basic/export/test/ptolemy/domains/ptinyos/lib/MicaLeds.xml
/home/travis/build/icyphy/ptII/ptolemy/vergil/basic/export/test/ptolemy/domains/ptinyos/lib/MicaLeds.xml (No such file or directory)
 in file:/home/travis/build/icyphy/ptII/ptolemy/actor/ptalon/demo/ptinyos/SenseToLeds/MicaBoard.xml at line 134 and column 63
	at ptolemy.moml.SimpleErrorHandler.handleError(SimpleErrorHandler.java:75)
	at ptolemy.moml.MoMLParser.startElement(MoMLParser.java:3805)
	at com.microstar.xml.XmlParser.parseElement(XmlParser.java:931)
	at com.microstar.xml.XmlParser.parseDocument(XmlParser.java:481)
	at com.microstar.xml.XmlParser.doParse(XmlParser.java:159)
	at com.microstar.xml.XmlParser.parse(XmlParser.java:132)
	at ptolemy.moml.MoMLParser.parse(MoMLParser.java:1660)
	at ptolemy.moml.MoMLParser.parse(MoMLParser.java:1617)
	at ptolemy.moml.MoMLParser.parse(MoMLParser.java:1792)
	at ptolemy.actor.ptalon.PtalonEvaluator.addActor(PtalonEvaluator.java:241)
	... 56 more
Caused by: ptolemy.kernel.util.IllegalActionException: Cannot find class: ptolemy.actor.ptalon.demo.ptinyos.SenseToLeds.MicaBoard. In Ptolemy, classes are typically Java .class files. Entities like actors may instead be defined within a .xml file.  In any case, the class was not found. If the class uses a third party package, then the class would be present only if the third party package was found at compile time.  It may be necessary to upgrade Java or install the third party package, reconfigure and recompile.
Because:
Element <entity name="MicaLeds" class="ptolemy.domains.ptinyos.lib.MicaLeds"> caused an exception to be thrown.
  in .MicaBoard
Because:
Cannot find class: ptolemy.domains.ptinyos.lib.MicaLeds. In Ptolemy, classes are typically Java .class files. Entities like actors may instead be defined within a .xml file.  In any case, the class was not found. If the class uses a third party package, then the class would be present only if the third party package was found at compile time.  It may be necessary to upgrade Java or install the third party package, reconfigure and recompile.
Because:
-- /home/travis/build/icyphy/ptII/ptolemy/actor/ptalon/demo/ptinyos/SenseToLeds/ptolemy/domains/ptinyos/lib/MicaLeds.xml (No such file or directory)
-- XML file not found relative to classpath.
-- /home/travis/build/icyphy/ptII/ptolemy/vergil/basic/export/test/ptolemy/domains/ptinyos/lib/MicaLeds.xml
/home/travis/build/icyphy/ptII/ptolemy/vergil/basic/export/test/ptolemy/domains/ptinyos/lib/MicaLeds.xml (No such file or directory)
 in file:/home/travis/build/icyphy/ptII/ptolemy/actor/ptalon/demo/ptinyos/SenseToLeds/MicaBoard.xml at line 134 and column 63
	at ptolemy.moml.MoMLParser._createEntity(MoMLParser.java:4330)
	at ptolemy.moml.MoMLParser.startElement(MoMLParser.java:2864)
	... 64 more
Caused by: ptolemy.kernel.util.InternalErrorException: Element <entity name="MicaLeds" class="ptolemy.domains.ptinyos.lib.MicaLeds"> caused an exception to be thrown.
  in .MicaBoard
Because:
Cannot find class: ptolemy.domains.ptinyos.lib.MicaLeds. In Ptolemy, classes are typically Java .class files. Entities like actors may instead be defined within a .xml file.  In any case, the class was not found. If the class uses a third party package, then the class would be present only if the third party package was found at compile time.  It may be necessary to upgrade Java or install the third party package, reconfigure and recompile.
Because:
-- /home/travis/build/icyphy/ptII/ptolemy/actor/ptalon/demo/ptinyos/SenseToLeds/ptolemy/domains/ptinyos/lib/MicaLeds.xml (No such file or directory)
-- XML file not found relative to classpath.
-- /home/travis/build/icyphy/ptII/ptolemy/vergil/basic/export/test/ptolemy/domains/ptinyos/lib/MicaLeds.xml
/home/travis/build/icyphy/ptII/ptolemy/vergil/basic/export/test/ptolemy/domains/ptinyos/lib/MicaLeds.xml (No such file or directory)
 in file:/home/travis/build/icyphy/ptII/ptolemy/actor/ptalon/demo/ptinyos/SenseToLeds/MicaBoard.xml at line 134 and column 63
	at ptolemy.moml.SimpleErrorHandler.handleError(SimpleErrorHandler.java:75)
	at ptolemy.moml.MoMLParser.startElement(MoMLParser.java:3805)
	at com.microstar.xml.XmlParser.parseElement(XmlParser.java:921)
	at com.microstar.xml.XmlParser.parseContent(XmlParser.java:1104)
	at com.microstar.xml.XmlParser.parseElement(XmlParser.java:924)
	at com.microstar.xml.XmlParser.parseDocument(XmlParser.java:481)
	at com.microstar.xml.XmlParser.doParse(XmlParser.java:159)
	at com.microstar.xml.XmlParser.parse(XmlParser.java:132)
	at ptolemy.moml.MoMLParser.parse(MoMLParser.java:1676)
	at ptolemy.moml.MoMLParser.parse(MoMLParser.java:1595)
	at ptolemy.moml.MoMLParser.parse(MoMLParser.java:1537)
	at ptolemy.moml.MoMLParser._findOrParse(MoMLParser.java:5286)
	at ptolemy.moml.MoMLParser._attemptToFindMoMLClass(MoMLParser.java:4075)
	at ptolemy.moml.MoMLParser._createEntity(MoMLParser.java:4323)
	... 65 more
Caused by: ptolemy.kernel.util.IllegalActionException: Cannot find class: ptolemy.domains.ptinyos.lib.MicaLeds. In Ptolemy, classes are typically Java .class files. Entities like actors may instead be defined within a .xml file.  In any case, the class was not found. If the class uses a third party package, then the class would be present only if the third party package was found at compile time.  It may be necessary to upgrade Java or install the third party package, reconfigure and recompile.
Because:
-- /home/travis/build/icyphy/ptII/ptolemy/actor/ptalon/demo/ptinyos/SenseToLeds/ptolemy/domains/ptinyos/lib/MicaLeds.xml (No such file or directory)
-- XML file not found relative to classpath.
-- /home/travis/build/icyphy/ptII/ptolemy/vergil/basic/export/test/ptolemy/domains/ptinyos/lib/MicaLeds.xml
/home/travis/build/icyphy/ptII/ptolemy/vergil/basic/export/test/ptolemy/domains/ptinyos/lib/MicaLeds.xml (No such file or directory)
 in file:/home/travis/build/icyphy/ptII/ptolemy/actor/ptalon/demo/ptinyos/SenseToLeds/MicaBoard.xml at line 134 and column 63
	at ptolemy.moml.MoMLParser._createEntity(MoMLParser.java:4330)
	at ptolemy.moml.MoMLParser.startElement(MoMLParser.java:2864)
	... 77 more
Caused by: com.microstar.xml.XmlException: -- /home/travis/build/icyphy/ptII/ptolemy/actor/ptalon/demo/ptinyos/SenseToLeds/ptolemy/domains/ptinyos/lib/MicaLeds.xml (No such file or directory)
-- XML file not found relative to classpath.
-- /home/travis/build/icyphy/ptII/ptolemy/vergil/basic/export/test/ptolemy/domains/ptinyos/lib/MicaLeds.xml
/home/travis/build/icyphy/ptII/ptolemy/vergil/basic/export/test/ptolemy/domains/ptinyos/lib/MicaLeds.xml (No such file or directory)
 in file:/home/travis/build/icyphy/ptII/ptolemy/actor/ptalon/demo/ptinyos/SenseToLeds/MicaBoard.xml at line 134 and column 63
	at ptolemy.moml.MoMLParser.fileNameToURL(MoMLParser.java:1414)
	at ptolemy.moml.MoMLParser._findOrParse(MoMLParser.java:5283)
	at ptolemy.moml.MoMLParser._attemptToFindMoMLClass(MoMLParser.java:4075)
	at ptolemy.moml.MoMLParser._createEntity(MoMLParser.java:4323)
	... 78 more
Failed to read file:/home/travis/build/icyphy/ptII/ptolemy/actor/ptalon/demo/ptinyos/SenseToLeds/SenseToLeds.xml
ptolemy.kernel.util.IllegalActionException: Failed to process attribute change to PtalonParameter, whose value is "ptolemy.actor.ptalon.PtalonExpressionParameter {.SenseToLeds.SenseToLeds.n} 2".
  in .SenseToLeds.SenseToLeds
Because:
Unable to add actor null
	at ptolemy.actor.ptalon.PtalonActor.attributeChanged(PtalonActor.java:211)
	at ptolemy.actor.ptalon.PtalonMLHandler.startElement(PtalonMLHandler.java:134)
	at com.microstar.xml.XmlParser.parseElement(XmlParser.java:921)
	at com.microstar.xml.XmlParser.parseContent(XmlParser.java:1104)
	at com.microstar.xml.XmlParser.parseElement(XmlParser.java:924)
	at com.microstar.xml.XmlParser.parseDocument(XmlParser.java:481)
	at com.microstar.xml.XmlParser.doParse(XmlParser.java:159)
	at com.microstar.xml.XmlParser.parse(XmlParser.java:132)
	at ptolemy.actor.ptalon.PtalonActor.configure(PtalonActor.java:240)
	at ptolemy.moml.MoMLParser.endElement(MoMLParser.java:996)
	at com.microstar.xml.XmlParser.parseETag(XmlParser.java:1026)
	at com.microstar.xml.XmlParser.parseContent(XmlParser.java:1098)
	at com.microstar.xml.XmlParser.parseElement(XmlParser.java:924)
	at com.microstar.xml.XmlParser.parseContent(XmlParser.java:1104)
	at com.microstar.xml.XmlParser.parseElement(XmlParser.java:924)
	at com.microstar.xml.XmlParser.parseContent(XmlParser.java:1104)
	at com.microstar.xml.XmlParser.parseElement(XmlParser.java:924)
	at com.microstar.xml.XmlParser.parseDocument(XmlParser.java:481)
	at com.microstar.xml.XmlParser.doParse(XmlParser.java:159)
	at com.microstar.xml.XmlParser.parse(XmlParser.java:132)
	at ptolemy.moml.MoMLParser.parse(MoMLParser.java:1676)
	at ptolemy.moml.MoMLParser.parse(MoMLParser.java:1595)
	at ptolemy.moml.MoMLParser.parse(MoMLParser.java:1537)
	at ptolemy.actor.gui.PtolemyEffigy$Factory.createEffigy(PtolemyEffigy.java:424)
	at ptolemy.actor.gui.EffigyFactory.createEffigy(EffigyFactory.java:234)
	at ptolemy.actor.gui.Configuration.openModel(Configuration.java:1125)
	at ptolemy.actor.gui.Configuration.openModel(Configuration.java:1051)
	at ptolemy.actor.gui.ConfigurationApplication._openModel(ConfigurationApplication.java:1252)
	at ptolemy.actor.gui.ConfigurationApplication._parseArg(ConfigurationApplication.java:1399)
	at ptolemy.actor.gui.ConfigurationApplication._parseArgs(ConfigurationApplication.java:1478)
	at ptolemy.actor.gui.ConfigurationApplication.<init>(ConfigurationApplication.java:277)
	at ptolemy.actor.gui.ConfigurationApplication.<init>(ConfigurationApplication.java:214)
	at ptolemy.actor.gui.ConfigurationApplication.<init>(ConfigurationApplication.java:201)
	at ptolemy.actor.gui.ConfigurationApplication.openModelOrEntity(ConfigurationApplication.java:680)
	at ptolemy.vergil.basic.export.ExportModel$1.run(ExportModel.java:220)
	at java.awt.event.InvocationEvent.dispatch(InvocationEvent.java:301)
	at java.awt.EventQueue.dispatchEventImpl(EventQueue.java:756)
	at java.awt.EventQueue.access$500(EventQueue.java:97)
	at java.awt.EventQueue$3.run(EventQueue.java:709)
	at java.awt.EventQueue$3.run(EventQueue.java:703)
	at java.security.AccessController.doPrivileged(Native Method)
	at java.security.ProtectionDomain$JavaSecurityAccessImpl.doIntersectionPrivilege(ProtectionDomain.java:80)
	at java.awt.EventQueue.dispatchEvent(EventQueue.java:726)
	at java.awt.EventDispatchThread.pumpOneEventForFilters(EventDispatchThread.java:201)
	at java.awt.EventDispatchThread.pumpEventsForFilter(EventDispatchThread.java:116)
	at java.awt.EventDispatchThread.pumpEventsForHierarchy(EventDispatchThread.java:105)
	at java.awt.EventDispatchThread.pumpEvents(EventDispatchThread.java:101)
	at java.awt.EventDispatchThread.pumpEvents(EventDispatchThread.java:93)
	at java.awt.EventDispatchThread.run(EventDispatchThread.java:82)
Caused by: ptolemy.actor.ptalon.PtalonRuntimeException: Unable to add actor null
	at ptolemy.actor.ptalon.PtalonEvaluator.addActor(PtalonEvaluator.java:300)
	at ptolemy.actor.ptalon.PtalonPopulator.actor_declaration(PtalonPopulator.java:1574)
	at ptolemy.actor.ptalon.PtalonPopulator.atomic_statement(PtalonPopulator.java:1638)
	at ptolemy.actor.ptalon.PtalonPopulator.iterative_statement_evaluator(PtalonPopulator.java:2484)
	at ptolemy.actor.ptalon.AbstractPtalonEvaluator$IfTree.evaluateForScope(AbstractPtalonEvaluator.java:1307)
	at ptolemy.actor.ptalon.AbstractPtalonEvaluator.evaluateForScope(AbstractPtalonEvaluator.java:744)
	at ptolemy.actor.ptalon.PtalonPopulator.iterative_statement(PtalonPopulator.java:2363)
	at ptolemy.actor.ptalon.PtalonPopulator.actor_definition(PtalonPopulator.java:2809)
	at ptolemy.actor.ptalon.PtalonActor.attributeChanged(PtalonActor.java:206)
	... 48 more
Caused by: ptolemy.kernel.util.InternalErrorException: Element <entity name="node1" class="ptolemy.actor.ptalon.demo.ptinyos.SenseToLeds.MicaBoard"> caused an exception to be thrown.
  in .SenseToLeds.SenseToLeds
Because:
Cannot find class: ptolemy.actor.ptalon.demo.ptinyos.SenseToLeds.MicaBoard. In Ptolemy, classes are typically Java .class files. Entities like actors may instead be defined within a .xml file.  In any case, the class was not found. If the class uses a third party package, then the class would be present only if the third party package was found at compile time.  It may be necessary to upgrade Java or install the third party package, reconfigure and recompile.
Because:
Element <entity name="MicaLeds" class="ptolemy.domains.ptinyos.lib.MicaLeds"> caused an exception to be thrown.
  in .MicaBoard
Because:
Cannot find class: ptolemy.domains.ptinyos.lib.MicaLeds. In Ptolemy, classes are typically Java .class files. Entities like actors may instead be defined within a .xml file.  In any case, the class was not found. If the class uses a third party package, then the class would be present only if the third party package was found at compile time.  It may be necessary to upgrade Java or install the third party package, reconfigure and recompile.
Because:
-- /home/travis/build/icyphy/ptII/ptolemy/actor/ptalon/demo/ptinyos/SenseToLeds/ptolemy/domains/ptinyos/lib/MicaLeds.xml (No such file or directory)
-- XML file not found relative to classpath.
-- /home/travis/build/icyphy/ptII/ptolemy/vergil/basic/export/test/ptolemy/domains/ptinyos/lib/MicaLeds.xml
/home/travis/build/icyphy/ptII/ptolemy/vergil/basic/export/test/ptolemy/domains/ptinyos/lib/MicaLeds.xml (No such file or directory)
 in file:/home/travis/build/icyphy/ptII/ptolemy/actor/ptalon/demo/ptinyos/SenseToLeds/MicaBoard.xml at line 134 and column 63
	at ptolemy.moml.SimpleErrorHandler.handleError(SimpleErrorHandler.java:75)
	at ptolemy.moml.MoMLParser.startElement(MoMLParser.java:3805)
	at com.microstar.xml.XmlParser.parseElement(XmlParser.java:931)
	at com.microstar.xml.XmlParser.parseDocument(XmlParser.java:481)
	at com.microstar.xml.XmlParser.doParse(XmlParser.java:159)
	at com.microstar.xml.XmlParser.parse(XmlParser.java:132)
	at ptolemy.moml.MoMLParser.parse(MoMLParser.java:1660)
	at ptolemy.moml.MoMLParser.parse(MoMLParser.java:1617)
	at ptolemy.moml.MoMLParser.parse(MoMLParser.java:1792)
	at ptolemy.actor.ptalon.PtalonEvaluator.addActor(PtalonEvaluator.java:241)
	... 56 more
Caused by: ptolemy.kernel.util.IllegalActionException: Cannot find class: ptolemy.actor.ptalon.demo.ptinyos.SenseToLeds.MicaBoard. In Ptolemy, classes are typically Java .class files. Entities like actors may instead be defined within a .xml file.  In any case, the class was not found. If the class uses a third party package, then the class would be present only if the third party package was found at compile time.  It may be necessary to upgrade Java or install the third party package, reconfigure and recompile.
Because:
Element <entity name="MicaLeds" class="ptolemy.domains.ptinyos.lib.MicaLeds"> caused an exception to be thrown.
  in .MicaBoard
Because:
Cannot find class: ptolemy.domains.ptinyos.lib.MicaLeds. In Ptolemy, classes are typically Java .class files. Entities like actors may instead be defined within a .xml file.  In any case, the class was not found. If the class uses a third party package, then the class would be present only if the third party package was found at compile time.  It may be necessary to upgrade Java or install the third party package, reconfigure and recompile.
Because:
-- /home/travis/build/icyphy/ptII/ptolemy/actor/ptalon/demo/ptinyos/SenseToLeds/ptolemy/domains/ptinyos/lib/MicaLeds.xml (No such file or directory)
-- XML file not found relative to classpath.
-- /home/travis/build/icyphy/ptII/ptolemy/vergil/basic/export/test/ptolemy/domains/ptinyos/lib/MicaLeds.xml
/home/travis/build/icyphy/ptII/ptolemy/vergil/basic/export/test/ptolemy/domains/ptinyos/lib/MicaLeds.xml (No such file or directory)
 in file:/home/travis/build/icyphy/ptII/ptolemy/actor/ptalon/demo/ptinyos/SenseToLeds/MicaBoard.xml at line 134 and column 63
	at ptolemy.moml.MoMLParser._createEntity(MoMLParser.java:4330)
	at ptolemy.moml.MoMLParser.startElement(MoMLParser.java:2864)
	... 64 more
Caused by: ptolemy.kernel.util.InternalErrorException: Element <entity name="MicaLeds" class="ptolemy.domains.ptinyos.lib.MicaLeds"> caused an exception to be thrown.
  in .MicaBoard
Because:
Cannot find class: ptolemy.domains.ptinyos.lib.MicaLeds. In Ptolemy, classes are typically Java .class files. Entities like actors may instead be defined within a .xml file.  In any case, the class was not found. If the class uses a third party package, then the class would be present only if the third party package was found at compile time.  It may be necessary to upgrade Java or install the third party package, reconfigure and recompile.
Because:
-- /home/travis/build/icyphy/ptII/ptolemy/actor/ptalon/demo/ptinyos/SenseToLeds/ptolemy/domains/ptinyos/lib/MicaLeds.xml (No such file or directory)
-- XML file not found relative to classpath.
-- /home/travis/build/icyphy/ptII/ptolemy/vergil/basic/export/test/ptolemy/domains/ptinyos/lib/MicaLeds.xml
/home/travis/build/icyphy/ptII/ptolemy/vergil/basic/export/test/ptolemy/domains/ptinyos/lib/MicaLeds.xml (No such file or directory)
 in file:/home/travis/build/icyphy/ptII/ptolemy/actor/ptalon/demo/ptinyos/SenseToLeds/MicaBoard.xml at line 134 and column 63
	at ptolemy.moml.SimpleErrorHandler.handleError(SimpleErrorHandler.java:75)
	at ptolemy.moml.MoMLParser.startElement(MoMLParser.java:3805)
	at com.microstar.xml.XmlParser.parseElement(XmlParser.java:921)
	at com.microstar.xml.XmlParser.parseContent(XmlParser.java:1104)
	at com.microstar.xml.XmlParser.parseElement(XmlParser.java:924)
	at com.microstar.xml.XmlParser.parseDocument(XmlParser.java:481)
	at com.microstar.xml.XmlParser.doParse(XmlParser.java:159)
	at com.microstar.xml.XmlParser.parse(XmlParser.java:132)
	at ptolemy.moml.MoMLParser.parse(MoMLParser.java:1676)
	at ptolemy.moml.MoMLParser.parse(MoMLParser.java:1595)
	at ptolemy.moml.MoMLParser.parse(MoMLParser.java:1537)
	at ptolemy.moml.MoMLParser._findOrParse(MoMLParser.java:5286)
	at ptolemy.moml.MoMLParser._attemptToFindMoMLClass(MoMLParser.java:4075)
	at ptolemy.moml.MoMLParser._createEntity(MoMLParser.java:4323)
	... 65 more
Caused by: ptolemy.kernel.util.IllegalActionException: Cannot find class: ptolemy.domains.ptinyos.lib.MicaLeds. In Ptolemy, classes are typically Java .class files. Entities like actors may instead be defined within a .xml file.  In any case, the class was not found. If the class uses a third party package, then the class would be present only if the third party package was found at compile time.  It may be necessary to upgrade Java or install the third party package, reconfigure and recompile.
Because:
-- /home/travis/build/icyphy/ptII/ptolemy/actor/ptalon/demo/ptinyos/SenseToLeds/ptolemy/domains/ptinyos/lib/MicaLeds.xml (No such file or directory)
-- XML file not found relative to classpath.
-- /home/travis/build/icyphy/ptII/ptolemy/vergil/basic/export/test/ptolemy/domains/ptinyos/lib/MicaLeds.xml
/home/travis/build/icyphy/ptII/ptolemy/vergil/basic/export/test/ptolemy/domains/ptinyos/lib/MicaLeds.xml (No such file or directory)
 in file:/home/travis/build/icyphy/ptII/ptolemy/actor/ptalon/demo/ptinyos/SenseToLeds/MicaBoard.xml at line 134 and column 63
	at ptolemy.moml.MoMLParser._createEntity(MoMLParser.java:4330)
	at ptolemy.moml.MoMLParser.startElement(MoMLParser.java:2864)
	... 77 more
Caused by: com.microstar.xml.XmlException: -- /home/travis/build/icyphy/ptII/ptolemy/actor/ptalon/demo/ptinyos/SenseToLeds/ptolemy/domains/ptinyos/lib/MicaLeds.xml (No such file or directory)
-- XML file not found relative to classpath.
-- /home/travis/build/icyphy/ptII/ptolemy/vergil/basic/export/test/ptolemy/domains/ptinyos/lib/MicaLeds.xml
/home/travis/build/icyphy/ptII/ptolemy/vergil/basic/export/test/ptolemy/domains/ptinyos/lib/MicaLeds.xml (No such file or directory)
 in file:/home/travis/build/icyphy/ptII/ptolemy/actor/ptalon/demo/ptinyos/SenseToLeds/MicaBoard.xml at line 134 and column 63
	at ptolemy.moml.MoMLParser.fileNameToURL(MoMLParser.java:1414)
	at ptolemy.moml.MoMLParser._findOrParse(MoMLParser.java:5283)
	at ptolemy.moml.MoMLParser._attemptToFindMoMLClass(MoMLParser.java:4075)
	at ptolemy.moml.MoMLParser._createEntity(MoMLParser.java:4323)
	... 78 more
Caused by: ptolemy.actor.ptalon.PtalonRuntimeException: Unable to add actor null
	at ptolemy.actor.ptalon.PtalonEvaluator.addActor(PtalonEvaluator.java:300)
	at ptolemy.actor.ptalon.PtalonPopulator.actor_declaration(PtalonPopulator.java:1574)
	at ptolemy.actor.ptalon.PtalonPopulator.atomic_statement(PtalonPopulator.java:1638)
	at ptolemy.actor.ptalon.PtalonPopulator.iterative_statement_evaluator(PtalonPopulator.java:2484)
	at ptolemy.actor.ptalon.AbstractPtalonEvaluator$IfTree.evaluateForScope(AbstractPtalonEvaluator.java:1307)
	at ptolemy.actor.ptalon.AbstractPtalonEvaluator.evaluateForScope(AbstractPtalonEvaluator.java:744)
	at ptolemy.actor.ptalon.PtalonPopulator.iterative_statement(PtalonPopulator.java:2363)
	at ptolemy.actor.ptalon.PtalonPopulator.actor_definition(PtalonPopulator.java:2809)
	at ptolemy.actor.ptalon.PtalonActor.attributeChanged(PtalonActor.java:206)
	at ptolemy.actor.ptalon.PtalonMLHandler.startElement(PtalonMLHandler.java:134)
	at com.microstar.xml.XmlParser.parseElement(XmlParser.java:921)
	at com.microstar.xml.XmlParser.parseContent(XmlParser.java:1104)
	at com.microstar.xml.XmlParser.parseElement(XmlParser.java:924)
	at com.microstar.xml.XmlParser.parseDocument(XmlParser.java:481)
	at com.microstar.xml.XmlParser.doParse(XmlParser.java:159)
	at com.microstar.xml.XmlParser.parse(XmlParser.java:132)
	at ptolemy.actor.ptalon.PtalonActor.configure(PtalonActor.java:240)
	at ptolemy.moml.MoMLParser.endElement(MoMLParser.java:996)
	at com.microstar.xml.XmlParser.parseETag(XmlParser.java:1026)
	at com.microstar.xml.XmlParser.parseContent(XmlParser.java:1098)
	at com.microstar.xml.XmlParser.parseElement(XmlParser.java:924)
	at com.microstar.xml.XmlParser.parseContent(XmlParser.java:1104)
	at com.microstar.xml.XmlParser.parseElement(XmlParser.java:924)
	at com.microstar.xml.XmlParser.parseContent(XmlParser.java:1104)
	at com.microstar.xml.XmlParser.parseElement(XmlParser.java:924)
	at com.microstar.xml.XmlParser.parseDocument(XmlParser.java:481)
	at com.microstar.xml.XmlParser.doParse(XmlParser.java:159)
	at com.microstar.xml.XmlParser.parse(XmlParser.java:132)
	at ptolemy.moml.MoMLParser.parse(MoMLParser.java:1676)
	at ptolemy.moml.MoMLParser.parse(MoMLParser.java:1595)
	at ptolemy.moml.MoMLParser.parse(MoMLParser.java:1537)
	at ptolemy.actor.gui.PtolemyEffigy$Factory.createEffigy(PtolemyEffigy.java:424)
	at ptolemy.actor.gui.EffigyFactory.createEffigy(EffigyFactory.java:234)
	at ptolemy.actor.gui.Configuration.openModel(Configuration.java:1125)
	at ptolemy.actor.gui.Configuration.openModel(Configuration.java:1051)
	at ptolemy.actor.gui.ConfigurationApplication._openModel(ConfigurationApplication.java:1252)
	at ptolemy.actor.gui.ConfigurationApplication._parseArg(ConfigurationApplication.java:1399)
	at ptolemy.actor.gui.ConfigurationApplication._parseArgs(ConfigurationApplication.java:1478)
	at ptolemy.actor.gui.ConfigurationApplication.<init>(ConfigurationApplication.java:277)
	at ptolemy.actor.gui.ConfigurationApplication.<init>(ConfigurationApplication.java:214)
	at ptolemy.actor.gui.ConfigurationApplication.<init>(ConfigurationApplication.java:201)
	at ptolemy.actor.gui.ConfigurationApplication.openModelOrEntity(ConfigurationApplication.java:680)
	at ptolemy.vergil.basic.export.ExportModel$1.run(ExportModel.java:220)
	at java.awt.event.InvocationEvent.dispatch(InvocationEvent.java:301)
	at java.awt.EventQueue.dispatchEventImpl(EventQueue.java:756)
	at java.awt.EventQueue.access$500(EventQueue.java:97)
	at java.awt.EventQueue$3.run(EventQueue.java:709)
	at java.awt.EventQueue$3.run(EventQueue.java:703)
	at java.security.AccessController.doPrivileged(Native Method)
	at java.security.ProtectionDomain$JavaSecurityAccessImpl.doIntersectionPrivilege(ProtectionDomain.java:80)
	at java.awt.EventQueue.dispatchEvent(EventQueue.java:726)
	at java.awt.EventDispatchThread.pumpOneEventForFilters(EventDispatchThread.java:201)
	at java.awt.EventDispatchThread.pumpEventsForFilter(EventDispatchThread.java:116)
	at java.awt.EventDispatchThread.pumpEventsForHierarchy(EventDispatchThread.java:105)
	at java.awt.EventDispatchThread.pumpEvents(EventDispatchThread.java:101)
	at java.awt.EventDispatchThread.pumpEvents(EventDispatchThread.java:93)
	at java.awt.EventDispatchThread.run(EventDispatchThread.java:82)
Caused by: ptolemy.kernel.util.InternalErrorException: Element <entity name="node1" class="ptolemy.actor.ptalon.demo.ptinyos.SenseToLeds.MicaBoard"> caused an exception to be thrown.
  in .SenseToLeds.SenseToLeds
Because:
Cannot find class: ptolemy.actor.ptalon.demo.ptinyos.SenseToLeds.MicaBoard. In Ptolemy, classes are typically Java .class files. Entities like actors may instead be defined within a .xml file.  In any case, the class was not found. If the class uses a third party package, then the class would be present only if the third party package was found at compile time.  It may be necessary to upgrade Java or install the third party package, reconfigure and recompile.
Because:
Element <entity name="MicaLeds" class="ptolemy.domains.ptinyos.lib.MicaLeds"> caused an exception to be thrown.
  in .MicaBoard
Because:
Cannot find class: ptolemy.domains.ptinyos.lib.MicaLeds. In Ptolemy, classes are typically Java .class files. Entities like actors may instead be defined within a .xml file.  In any case, the class was not found. If the class uses a third party package, then the class would be present only if the third party package was found at compile time.  It may be necessary to upgrade Java or install the third party package, reconfigure and recompile.
Because:
-- /home/travis/build/icyphy/ptII/ptolemy/actor/ptalon/demo/ptinyos/SenseToLeds/ptolemy/domains/ptinyos/lib/MicaLeds.xml (No such file or directory)
-- XML file not found relative to classpath.
-- /home/travis/build/icyphy/ptII/ptolemy/vergil/basic/export/test/ptolemy/domains/ptinyos/lib/MicaLeds.xml
/home/travis/build/icyphy/ptII/ptolemy/vergil/basic/export/test/ptolemy/domains/ptinyos/lib/MicaLeds.xml (No such file or directory)
 in file:/home/travis/build/icyphy/ptII/ptolemy/actor/ptalon/demo/ptinyos/SenseToLeds/MicaBoard.xml at line 134 and column 63
	at ptolemy.moml.SimpleErrorHandler.handleError(SimpleErrorHandler.java:75)
	at ptolemy.moml.MoMLParser.startElement(MoMLParser.java:3805)
	at com.microstar.xml.XmlParser.parseElement(XmlParser.java:931)
	at com.microstar.xml.XmlParser.parseDocument(XmlParser.java:481)
	at com.microstar.xml.XmlParser.doParse(XmlParser.java:159)
	at com.microstar.xml.XmlParser.parse(XmlParser.java:132)
	at ptolemy.moml.MoMLParser.parse(MoMLParser.java:1660)
	at ptolemy.moml.MoMLParser.parse(MoMLParser.java:1617)
	at ptolemy.moml.MoMLParser.parse(MoMLParser.java:1792)
	at ptolemy.actor.ptalon.PtalonEvaluator.addActor(PtalonEvaluator.java:241)
	... 56 more
Caused by: ptolemy.kernel.util.IllegalActionException: Cannot find class: ptolemy.actor.ptalon.demo.ptinyos.SenseToLeds.MicaBoard. In Ptolemy, classes are typically Java .class files. Entities like actors may instead be defined within a .xml file.  In any case, the class was not found. If the class uses a third party package, then the class would be present only if the third party package was found at compile time.  It may be necessary to upgrade Java or install the third party package, reconfigure and recompile.
Because:
Element <entity name="MicaLeds" class="ptolemy.domains.ptinyos.lib.MicaLeds"> caused an exception to be thrown.
  in .MicaBoard
Because:
Cannot find class: ptolemy.domains.ptinyos.lib.MicaLeds. In Ptolemy, classes are typically Java .class files. Entities like actors may instead be defined within a .xml file.  In any case, the class was not found. If the class uses a third party package, then the class would be present only if the third party package was found at compile time.  It may be necessary to upgrade Java or install the third party package, reconfigure and recompile.
Because:
-- /home/travis/build/icyphy/ptII/ptolemy/actor/ptalon/demo/ptinyos/SenseToLeds/ptolemy/domains/ptinyos/lib/MicaLeds.xml (No such file or directory)
-- XML file not found relative to classpath.
-- /home/travis/build/icyphy/ptII/ptolemy/vergil/basic/export/test/ptolemy/domains/ptinyos/lib/MicaLeds.xml
/home/travis/build/icyphy/ptII/ptolemy/vergil/basic/export/test/ptolemy/domains/ptinyos/lib/MicaLeds.xml (No such file or directory)
 in file:/home/travis/build/icyphy/ptII/ptolemy/actor/ptalon/demo/ptinyos/SenseToLeds/MicaBoard.xml at line 134 and column 63
	at ptolemy.moml.MoMLParser._createEntity(MoMLParser.java:4330)
	at ptolemy.moml.MoMLParser.startElement(MoMLParser.java:2864)
	... 64 more
Caused by: ptolemy.kernel.util.InternalErrorException: Element <entity name="MicaLeds" class="ptolemy.domains.ptinyos.lib.MicaLeds"> caused an exception to be thrown.
  in .MicaBoard
Because:
Cannot find class: ptolemy.domains.ptinyos.lib.MicaLeds. In Ptolemy, classes are typically Java .class files. Entities like actors may instead be defined within a .xml file.  In any case, the class was not found. If the class uses a third party package, then the class would be present only if the third party package was found at compile time.  It may be necessary to upgrade Java or install the third party package, reconfigure and recompile.
Because:
-- /home/travis/build/icyphy/ptII/ptolemy/actor/ptalon/demo/ptinyos/SenseToLeds/ptolemy/domains/ptinyos/lib/MicaLeds.xml (No such file or directory)
-- XML file not found relative to classpath.
-- /home/travis/build/icyphy/ptII/ptolemy/vergil/basic/export/test/ptolemy/domains/ptinyos/lib/MicaLeds.xml
/home/travis/build/icyphy/ptII/ptolemy/vergil/basic/export/test/ptolemy/domains/ptinyos/lib/MicaLeds.xml (No such file or directory)
 in file:/home/travis/build/icyphy/ptII/ptolemy/actor/ptalon/demo/ptinyos/SenseToLeds/MicaBoard.xml at line 134 and column 63
	at ptolemy.moml.SimpleErrorHandler.handleError(SimpleErrorHandler.java:75)
	at ptolemy.moml.MoMLParser.startElement(MoMLParser.java:3805)
	at com.microstar.xml.XmlParser.parseElement(XmlParser.java:921)
	at com.microstar.xml.XmlParser.parseContent(XmlParser.java:1104)
	at com.microstar.xml.XmlParser.parseElement(XmlParser.java:924)
	at com.microstar.xml.XmlParser.parseDocument(XmlParser.java:481)
	at com.microstar.xml.XmlParser.doParse(XmlParser.java:159)
	at com.microstar.xml.XmlParser.parse(XmlParser.java:132)
	at ptolemy.moml.MoMLParser.parse(MoMLParser.java:1676)
	at ptolemy.moml.MoMLParser.parse(MoMLParser.java:1595)
	at ptolemy.moml.MoMLParser.parse(MoMLParser.java:1537)
	at ptolemy.moml.MoMLParser._findOrParse(MoMLParser.java:5286)
	at ptolemy.moml.MoMLParser._attemptToFindMoMLClass(MoMLParser.java:4075)
	at ptolemy.moml.MoMLParser._createEntity(MoMLParser.java:4323)
	... 65 more
Caused by: ptolemy.kernel.util.IllegalActionException: Cannot find class: ptolemy.domains.ptinyos.lib.MicaLeds. In Ptolemy, classes are typically Java .class files. Entities like actors may instead be defined within a .xml file.  In any case, the class was not found. If the class uses a third party package, then the class would be present only if the third party package was found at compile time.  It may be necessary to upgrade Java or install the third party package, reconfigure and recompile.
Because:
-- /home/travis/build/icyphy/ptII/ptolemy/actor/ptalon/demo/ptinyos/SenseToLeds/ptolemy/domains/ptinyos/lib/MicaLeds.xml (No such file or directory)
-- XML file not found relative to classpath.
-- /home/travis/build/icyphy/ptII/ptolemy/vergil/basic/export/test/ptolemy/domains/ptinyos/lib/MicaLeds.xml
/home/travis/build/icyphy/ptII/ptolemy/vergil/basic/export/test/ptolemy/domains/ptinyos/lib/MicaLeds.xml (No such file or directory)
 in file:/home/travis/build/icyphy/ptII/ptolemy/actor/ptalon/demo/ptinyos/SenseToLeds/MicaBoard.xml at line 134 and column 63
	at ptolemy.moml.MoMLParser._createEntity(MoMLParser.java:4330)
	at ptolemy.moml.MoMLParser.startElement(MoMLParser.java:2864)
	... 77 more
Caused by: com.microstar.xml.XmlException: -- /home/travis/build/icyphy/ptII/ptolemy/actor/ptalon/demo/ptinyos/SenseToLeds/ptolemy/domains/ptinyos/lib/MicaLeds.xml (No such file or directory)
-- XML file not found relative to classpath.
-- /home/travis/build/icyphy/ptII/ptolemy/vergil/basic/export/test/ptolemy/domains/ptinyos/lib/MicaLeds.xml
/home/travis/build/icyphy/ptII/ptolemy/vergil/basic/export/test/ptolemy/domains/ptinyos/lib/MicaLeds.xml (No such file or directory)
 in file:/home/travis/build/icyphy/ptII/ptolemy/actor/ptalon/demo/ptinyos/SenseToLeds/MicaBoard.xml at line 134 and column 63
	at ptolemy.moml.MoMLParser.fileNameToURL(MoMLParser.java:1414)
	at ptolemy.moml.MoMLParser._findOrParse(MoMLParser.java:5283)
	at ptolemy.moml.MoMLParser._attemptToFindMoMLClass(MoMLParser.java:4075)
	at ptolemy.moml.MoMLParser._createEntity(MoMLParser.java:4323)
	... 78 more
Failed to read file:/home/travis/build/icyphy/ptII/ptolemy/actor/ptalon/demo/ptinyos/SenseToLeds/SenseToLeds.xml
ptolemy.kernel.util.IllegalActionException: Failed to process attribute change to PtalonParameter, whose value is "ptolemy.actor.ptalon.PtalonExpressionParameter {.SenseToLeds.SenseToLeds.n} 2".
  in .SenseToLeds.SenseToLeds
Because:
Unable to add actor null
	at ptolemy.actor.ptalon.PtalonActor.attributeChanged(PtalonActor.java:211)
	at ptolemy.actor.ptalon.PtalonMLHandler.startElement(PtalonMLHandler.java:134)
	at com.microstar.xml.XmlParser.parseElement(XmlParser.java:921)
	at com.microstar.xml.XmlParser.parseContent(XmlParser.java:1104)
	at com.microstar.xml.XmlParser.parseElement(XmlParser.java:924)
	at com.microstar.xml.XmlParser.parseDocument(XmlParser.java:481)
	at com.microstar.xml.XmlParser.doParse(XmlParser.java:159)
	at com.microstar.xml.XmlParser.parse(XmlParser.java:132)
	at ptolemy.actor.ptalon.PtalonActor.configure(PtalonActor.java:240)
	at ptolemy.moml.MoMLParser.endElement(MoMLParser.java:996)
	at com.microstar.xml.XmlParser.parseETag(XmlParser.java:1026)
	at com.microstar.xml.XmlParser.parseContent(XmlParser.java:1098)
	at com.microstar.xml.XmlParser.parseElement(XmlParser.java:924)
	at com.microstar.xml.XmlParser.parseContent(XmlParser.java:1104)
	at com.microstar.xml.XmlParser.parseElement(XmlParser.java:924)
	at com.microstar.xml.XmlParser.parseContent(XmlParser.java:1104)
	at com.microstar.xml.XmlParser.parseElement(XmlParser.java:924)
	at com.microstar.xml.XmlParser.parseDocument(XmlParser.java:481)
	at com.microstar.xml.XmlParser.doParse(XmlParser.java:159)
	at com.microstar.xml.XmlParser.parse(XmlParser.java:132)
	at ptolemy.moml.MoMLParser.parse(MoMLParser.java:1676)
	at ptolemy.moml.MoMLParser.parse(MoMLParser.java:1595)
	at ptolemy.moml.MoMLParser.parse(MoMLParser.java:1537)
	at ptolemy.actor.gui.PtolemyEffigy$Factory.createEffigy(PtolemyEffigy.java:424)
	at ptolemy.actor.gui.EffigyFactory.createEffigy(EffigyFactory.java:234)
	at ptolemy.actor.gui.Configuration.openModel(Configuration.java:1125)
	at ptolemy.actor.gui.Configuration.openModel(Configuration.java:1051)
	at ptolemy.actor.gui.ConfigurationApplication._openModel(ConfigurationApplication.java:1252)
	at ptolemy.actor.gui.ConfigurationApplication._parseArg(ConfigurationApplication.java:1399)
	at ptolemy.actor.gui.ConfigurationApplication._parseArgs(ConfigurationApplication.java:1478)
	at ptolemy.actor.gui.ConfigurationApplication.<init>(ConfigurationApplication.java:277)
	at ptolemy.actor.gui.ConfigurationApplication.<init>(ConfigurationApplication.java:214)
	at ptolemy.actor.gui.ConfigurationApplication.<init>(ConfigurationApplication.java:201)
	at ptolemy.actor.gui.ConfigurationApplication.openModelOrEntity(ConfigurationApplication.java:680)
	at ptolemy.vergil.basic.export.ExportModel$1.run(ExportModel.java:220)
	at java.awt.event.InvocationEvent.dispatch(InvocationEvent.java:301)
	at java.awt.EventQueue.dispatchEventImpl(EventQueue.java:756)
	at java.awt.EventQueue.access$500(EventQueue.java:97)
	at java.awt.EventQueue$3.run(EventQueue.java:709)
	at java.awt.EventQueue$3.run(EventQueue.java:703)
	at java.security.AccessController.doPrivileged(Native Method)
	at java.security.ProtectionDomain$JavaSecurityAccessImpl.doIntersectionPrivilege(ProtectionDomain.java:80)
	at java.awt.EventQueue.dispatchEvent(EventQueue.java:726)
	at java.awt.EventDispatchThread.pumpOneEventForFilters(EventDispatchThread.java:201)
	at java.awt.EventDispatchThread.pumpEventsForFilter(EventDispatchThread.java:116)
	at java.awt.EventDispatchThread.pumpEventsForHierarchy(EventDispatchThread.java:105)
	at java.awt.EventDispatchThread.pumpEvents(EventDispatchThread.java:101)
	at java.awt.EventDispatchThread.pumpEvents(EventDispatchThread.java:93)
	at java.awt.EventDispatchThread.run(EventDispatchThread.java:82)
Caused by: ptolemy.actor.ptalon.PtalonRuntimeException: Unable to add actor null
	at ptolemy.actor.ptalon.PtalonEvaluator.addActor(PtalonEvaluator.java:300)
	at ptolemy.actor.ptalon.PtalonPopulator.actor_declaration(PtalonPopulator.java:1574)
	at ptolemy.actor.ptalon.PtalonPopulator.atomic_statement(PtalonPopulator.java:1638)
	at ptolemy.actor.ptalon.PtalonPopulator.iterative_statement_evaluator(PtalonPopulator.java:2484)
	at ptolemy.actor.ptalon.AbstractPtalonEvaluator$IfTree.evaluateForScope(AbstractPtalonEvaluator.java:1307)
	at ptolemy.actor.ptalon.AbstractPtalonEvaluator.evaluateForScope(AbstractPtalonEvaluator.java:744)
	at ptolemy.actor.ptalon.PtalonPopulator.iterative_statement(PtalonPopulator.java:2363)
	at ptolemy.actor.ptalon.PtalonPopulator.actor_definition(PtalonPopulator.java:2809)
	at ptolemy.actor.ptalon.PtalonActor.attributeChanged(PtalonActor.java:206)
	... 48 more
Caused by: ptolemy.kernel.util.InternalErrorException: Element <entity name="node1" class="ptolemy.actor.ptalon.demo.ptinyos.SenseToLeds.MicaBoard"> caused an exception to be thrown.
  in .SenseToLeds.SenseToLeds
Because:
Cannot find class: ptolemy.actor.ptalon.demo.ptinyos.SenseToLeds.MicaBoard. In Ptolemy, classes are typically Java .class files. Entities like actors may instead be defined within a .xml file.  In any case, the class was not found. If the class uses a third party package, then the class would be present only if the third party package was found at compile time.  It may be necessary to upgrade Java or install the third party package, reconfigure and recompile.
Because:
Element <entity name="MicaLeds" class="ptolemy.domains.ptinyos.lib.MicaLeds"> caused an exception to be thrown.
  in .MicaBoard
Because:
Cannot find class: ptolemy.domains.ptinyos.lib.MicaLeds. In Ptolemy, classes are typically Java .class files. Entities like actors may instead be defined within a .xml file.  In any case, the class was not found. If the class uses a third party package, then the class would be present only if the third party package was found at compile time.  It may be necessary to upgrade Java or install the third party package, reconfigure and recompile.
Because:
-- /home/travis/build/icyphy/ptII/ptolemy/actor/ptalon/demo/ptinyos/SenseToLeds/ptolemy/domains/ptinyos/lib/MicaLeds.xml (No such file or directory)
-- XML file not found relative to classpath.
-- /home/travis/build/icyphy/ptII/ptolemy/vergil/basic/export/test/ptolemy/domains/ptinyos/lib/MicaLeds.xml
/home/travis/build/icyphy/ptII/ptolemy/vergil/basic/export/test/ptolemy/domains/ptinyos/lib/MicaLeds.xml (No such file or directory)
 in file:/home/travis/build/icyphy/ptII/ptolemy/actor/ptalon/demo/ptinyos/SenseToLeds/MicaBoard.xml at line 134 and column 63
	at ptolemy.moml.SimpleErrorHandler.handleError(SimpleErrorHandler.java:75)
	at ptolemy.moml.MoMLParser.startElement(MoMLParser.java:3805)
	at com.microstar.xml.XmlParser.parseElement(XmlParser.java:931)
	at com.microstar.xml.XmlParser.parseDocument(XmlParser.java:481)
	at com.microstar.xml.XmlParser.doParse(XmlParser.java:159)
	at com.microstar.xml.XmlParser.parse(XmlParser.java:132)
	at ptolemy.moml.MoMLParser.parse(MoMLParser.java:1660)
	at ptolemy.moml.MoMLParser.parse(MoMLParser.java:1617)
	at ptolemy.moml.MoMLParser.parse(MoMLParser.java:1792)
	at ptolemy.actor.ptalon.PtalonEvaluator.addActor(PtalonEvaluator.java:241)
	... 56 more
Caused by: ptolemy.kernel.util.IllegalActionException: Cannot find class: ptolemy.actor.ptalon.demo.ptinyos.SenseToLeds.MicaBoard. In Ptolemy, classes are typically Java .class files. Entities like actors may instead be defined within a .xml file.  In any case, the class was not found. If the class uses a third party package, then the class would be present only if the third party package was found at compile time.  It may be necessary to upgrade Java or install the third party package, reconfigure and recompile.
Because:
Element <entity name="MicaLeds" class="ptolemy.domains.ptinyos.lib.MicaLeds"> caused an exception to be thrown.
  in .MicaBoard
Because:
Cannot find class: ptolemy.domains.ptinyos.lib.MicaLeds. In Ptolemy, classes are typically Java .class files. Entities like actors may instead be defined within a .xml file.  In any case, the class was not found. If the class uses a third party package, then the class would be present only if the third party package was found at compile time.  It may be necessary to upgrade Java or install the third party package, reconfigure and recompile.
Because:
-- /home/travis/build/icyphy/ptII/ptolemy/actor/ptalon/demo/ptinyos/SenseToLeds/ptolemy/domains/ptinyos/lib/MicaLeds.xml (No such file or directory)
-- XML file not found relative to classpath.
-- /home/travis/build/icyphy/ptII/ptolemy/vergil/basic/export/test/ptolemy/domains/ptinyos/lib/MicaLeds.xml
/home/travis/build/icyphy/ptII/ptolemy/vergil/basic/export/test/ptolemy/domains/ptinyos/lib/MicaLeds.xml (No such file or directory)
 in file:/home/travis/build/icyphy/ptII/ptolemy/actor/ptalon/demo/ptinyos/SenseToLeds/MicaBoard.xml at line 134 and column 63
	at ptolemy.moml.MoMLParser._createEntity(MoMLParser.java:4330)
	at ptolemy.moml.MoMLParser.startElement(MoMLParser.java:2864)
	... 64 more
Caused by: ptolemy.kernel.util.InternalErrorException: Element <entity name="MicaLeds" class="ptolemy.domains.ptinyos.lib.MicaLeds"> caused an exception to be thrown.
  in .MicaBoard
Because:
Cannot find class: ptolemy.domains.ptinyos.lib.MicaLeds. In Ptolemy, classes are typically Java .class files. Entities like actors may instead be defined within a .xml file.  In any case, the class was not found. If the class uses a third party package, then the class would be present only if the third party package was found at compile time.  It may be necessary to upgrade Java or install the third party package, reconfigure and recompile.
Because:
-- /home/travis/build/icyphy/ptII/ptolemy/actor/ptalon/demo/ptinyos/SenseToLeds/ptolemy/domains/ptinyos/lib/MicaLeds.xml (No such file or directory)
-- XML file not found relative to classpath.
-- /home/travis/build/icyphy/ptII/ptolemy/vergil/basic/export/test/ptolemy/domains/ptinyos/lib/MicaLeds.xml
/home/travis/build/icyphy/ptII/ptolemy/vergil/basic/export/test/ptolemy/domains/ptinyos/lib/MicaLeds.xml (No such file or directory)
 in file:/home/travis/build/icyphy/ptII/ptolemy/actor/ptalon/demo/ptinyos/SenseToLeds/MicaBoard.xml at line 134 and column 63
	at ptolemy.moml.SimpleErrorHandler.handleError(SimpleErrorHandler.java:75)
	at ptolemy.moml.MoMLParser.startElement(MoMLParser.java:3805)
	at com.microstar.xml.XmlParser.parseElement(XmlParser.java:921)
	at com.microstar.xml.XmlParser.parseContent(XmlParser.java:1104)
	at com.microstar.xml.XmlParser.parseElement(XmlParser.java:924)
	at com.microstar.xml.XmlParser.parseDocument(XmlParser.java:481)
	at com.microstar.xml.XmlParser.doParse(XmlParser.java:159)
	at com.microstar.xml.XmlParser.parse(XmlParser.java:132)
	at ptolemy.moml.MoMLParser.parse(MoMLParser.java:1676)
	at ptolemy.moml.MoMLParser.parse(MoMLParser.java:1595)
	at ptolemy.moml.MoMLParser.parse(MoMLParser.java:1537)
	at ptolemy.moml.MoMLParser._findOrParse(MoMLParser.java:5286)
	at ptolemy.moml.MoMLParser._attemptToFindMoMLClass(MoMLParser.java:4075)
	at ptolemy.moml.MoMLParser._createEntity(MoMLParser.java:4323)
	... 65 more
Caused by: ptolemy.kernel.util.IllegalActionException: Cannot find class: ptolemy.domains.ptinyos.lib.MicaLeds. In Ptolemy, classes are typically Java .class files. Entities like actors may instead be defined within a .xml file.  In any case, the class was not found. If the class uses a third party package, then the class would be present only if the third party package was found at compile time.  It may be necessary to upgrade Java or install the third party package, reconfigure and recompile.
Because:
-- /home/travis/build/icyphy/ptII/ptolemy/actor/ptalon/demo/ptinyos/SenseToLeds/ptolemy/domains/ptinyos/lib/MicaLeds.xml (No such file or directory)
-- XML file not found relative to classpath.
-- /home/travis/build/icyphy/ptII/ptolemy/vergil/basic/export/test/ptolemy/domains/ptinyos/lib/MicaLeds.xml
/home/travis/build/icyphy/ptII/ptolemy/vergil/basic/export/test/ptolemy/domains/ptinyos/lib/MicaLeds.xml (No such file or directory)
 in file:/home/travis/build/icyphy/ptII/ptolemy/actor/ptalon/demo/ptinyos/SenseToLeds/MicaBoard.xml at line 134 and column 63
	at ptolemy.moml.MoMLParser._createEntity(MoMLParser.java:4330)
	at ptolemy.moml.MoMLParser.startElement(MoMLParser.java:2864)
	... 77 more
Caused by: com.microstar.xml.XmlException: -- /home/travis/build/icyphy/ptII/ptolemy/actor/ptalon/demo/ptinyos/SenseToLeds/ptolemy/domains/ptinyos/lib/MicaLeds.xml (No such file or directory)
-- XML file not found relative to classpath.
-- /home/travis/build/icyphy/ptII/ptolemy/vergil/basic/export/test/ptolemy/domains/ptinyos/lib/MicaLeds.xml
/home/travis/build/icyphy/ptII/ptolemy/vergil/basic/export/test/ptolemy/domains/ptinyos/lib/MicaLeds.xml (No such file or directory)
 in file:/home/travis/build/icyphy/ptII/ptolemy/actor/ptalon/demo/ptinyos/SenseToLeds/MicaBoard.xml at line 134 and column 63
	at ptolemy.moml.MoMLParser.fileNameToURL(MoMLParser.java:1414)
	at ptolemy.moml.MoMLParser._findOrParse(MoMLParser.java:5283)
	at ptolemy.moml.MoMLParser._attemptToFindMoMLClass(MoMLParser.java:4075)
	at ptolemy.moml.MoMLParser._createEntity(MoMLParser.java:4323)
	... 78 more
Caused by: ptolemy.actor.ptalon.PtalonRuntimeException: Unable to add actor null
	at ptolemy.actor.ptalon.PtalonEvaluator.addActor(PtalonEvaluator.java:300)
	at ptolemy.actor.ptalon.PtalonPopulator.actor_declaration(PtalonPopulator.java:1574)
	at ptolemy.actor.ptalon.PtalonPopulator.atomic_statement(PtalonPopulator.java:1638)
	at ptolemy.actor.ptalon.PtalonPopulator.iterative_statement_evaluator(PtalonPopulator.java:2484)
	at ptolemy.actor.ptalon.AbstractPtalonEvaluator$IfTree.evaluateForScope(AbstractPtalonEvaluator.java:1307)
	at ptolemy.actor.ptalon.AbstractPtalonEvaluator.evaluateForScope(AbstractPtalonEvaluator.java:744)
	at ptolemy.actor.ptalon.PtalonPopulator.iterative_statement(PtalonPopulator.java:2363)
	at ptolemy.actor.ptalon.PtalonPopulator.actor_definition(PtalonPopulator.java:2809)
	at ptolemy.actor.ptalon.PtalonActor.attributeChanged(PtalonActor.java:206)
	at ptolemy.actor.ptalon.PtalonMLHandler.startElement(PtalonMLHandler.java:134)
	at com.microstar.xml.XmlParser.parseElement(XmlParser.java:921)
	at com.microstar.xml.XmlParser.parseContent(XmlParser.java:1104)
	at com.microstar.xml.XmlParser.parseElement(XmlParser.java:924)
	at com.microstar.xml.XmlParser.parseDocument(XmlParser.java:481)
	at com.microstar.xml.XmlParser.doParse(XmlParser.java:159)
	at com.microstar.xml.XmlParser.parse(XmlParser.java:132)
	at ptolemy.actor.ptalon.PtalonActor.configure(PtalonActor.java:240)
	at ptolemy.moml.MoMLParser.endElement(MoMLParser.java:996)
	at com.microstar.xml.XmlParser.parseETag(XmlParser.java:1026)
	at com.microstar.xml.XmlParser.parseContent(XmlParser.java:1098)
	at com.microstar.xml.XmlParser.parseElement(XmlParser.java:924)
	at com.microstar.xml.XmlParser.parseContent(XmlParser.java:1104)
	at com.microstar.xml.XmlParser.parseElement(XmlParser.java:924)
	at com.microstar.xml.XmlParser.parseContent(XmlParser.java:1104)
	at com.microstar.xml.XmlParser.parseElement(XmlParser.java:924)
	at com.microstar.xml.XmlParser.parseDocument(XmlParser.java:481)
	at com.microstar.xml.XmlParser.doParse(XmlParser.java:159)
	at com.microstar.xml.XmlParser.parse(XmlParser.java:132)
	at ptolemy.moml.MoMLParser.parse(MoMLParser.java:1676)
	at ptolemy.moml.MoMLParser.parse(MoMLParser.java:1595)
	at ptolemy.moml.MoMLParser.parse(MoMLParser.java:1537)
	at ptolemy.actor.gui.PtolemyEffigy$Factory.createEffigy(PtolemyEffigy.java:424)
	at ptolemy.actor.gui.EffigyFactory.createEffigy(EffigyFactory.java:234)
	at ptolemy.actor.gui.Configuration.openModel(Configuration.java:1125)
	at ptolemy.actor.gui.Configuration.openModel(Configuration.java:1051)
	at ptolemy.actor.gui.ConfigurationApplication._openModel(ConfigurationApplication.java:1252)
	at ptolemy.actor.gui.ConfigurationApplication._parseArg(ConfigurationApplication.java:1399)
	at ptolemy.actor.gui.ConfigurationApplication._parseArgs(ConfigurationApplication.java:1478)
	at ptolemy.actor.gui.ConfigurationApplication.<init>(ConfigurationApplication.java:277)
	at ptolemy.actor.gui.ConfigurationApplication.<init>(ConfigurationApplication.java:214)
	at ptolemy.actor.gui.ConfigurationApplication.<init>(ConfigurationApplication.java:201)
	at ptolemy.actor.gui.ConfigurationApplication.openModelOrEntity(ConfigurationApplication.java:680)
	at ptolemy.vergil.basic.export.ExportModel$1.run(ExportModel.java:220)
	at java.awt.event.InvocationEvent.dispatch(InvocationEvent.java:301)
	at java.awt.EventQueue.dispatchEventImpl(EventQueue.java:756)
	at java.awt.EventQueue.access$500(EventQueue.java:97)
	at java.awt.EventQueue$3.run(EventQueue.java:709)
	at java.awt.EventQueue$3.run(EventQueue.java:703)
	at java.security.AccessController.doPrivileged(Native Method)
	at java.security.ProtectionDomain$JavaSecurityAccessImpl.doIntersectionPrivilege(ProtectionDomain.java:80)
	at java.awt.EventQueue.dispatchEvent(EventQueue.java:726)
	at java.awt.EventDispatchThread.pumpOneEventForFilters(EventDispatchThread.java:201)
	at java.awt.EventDispatchThread.pumpEventsForFilter(EventDispatchThread.java:116)
	at java.awt.EventDispatchThread.pumpEventsForHierarchy(EventDispatchThread.java:105)
	at java.awt.EventDispatchThread.pumpEvents(EventDispatchThread.java:101)
	at java.awt.EventDispatchThread.pumpEvents(EventDispatchThread.java:93)
	at java.awt.EventDispatchThread.run(EventDispatchThread.java:82)
Caused by: ptolemy.kernel.util.InternalErrorException: Element <entity name="node1" class="ptolemy.actor.ptalon.demo.ptinyos.SenseToLeds.MicaBoard"> caused an exception to be thrown.
  in .SenseToLeds.SenseToLeds
Because:
Cannot find class: ptolemy.actor.ptalon.demo.ptinyos.SenseToLeds.MicaBoard. In Ptolemy, classes are typically Java .class files. Entities like actors may instead be defined within a .xml file.  In any case, the class was not found. If the class uses a third party package, then the class would be present only if the third party package was found at compile time.  It may be necessary to upgrade Java or install the third party package, reconfigure and recompile.
Because:
Element <entity name="MicaLeds" class="ptolemy.domains.ptinyos.lib.MicaLeds"> caused an exception to be thrown.
  in .MicaBoard
Because:
Cannot find class: ptolemy.domains.ptinyos.lib.MicaLeds. In Ptolemy, classes are typically Java .class files. Entities like actors may instead be defined within a .xml file.  In any case, the class was not found. If the class uses a third party package, then the class would be present only if the third party package was found at compile time.  It may be necessary to upgrade Java or install the third party package, reconfigure and recompile.
Because:
-- /home/travis/build/icyphy/ptII/ptolemy/actor/ptalon/demo/ptinyos/SenseToLeds/ptolemy/domains/ptinyos/lib/MicaLeds.xml (No such file or directory)
-- XML file not found relative to classpath.
-- /home/travis/build/icyphy/ptII/ptolemy/vergil/basic/export/test/ptolemy/domains/ptinyos/lib/MicaLeds.xml
/home/travis/build/icyphy/ptII/ptolemy/vergil/basic/export/test/ptolemy/domains/ptinyos/lib/MicaLeds.xml (No such file or directory)
 in file:/home/travis/build/icyphy/ptII/ptolemy/actor/ptalon/demo/ptinyos/SenseToLeds/MicaBoard.xml at line 134 and column 63
	at ptolemy.moml.SimpleErrorHandler.handleError(SimpleErrorHandler.java:75)
	at ptolemy.moml.MoMLParser.startElement(MoMLParser.java:3805)
	at com.microstar.xml.XmlParser.parseElement(XmlParser.java:931)
	at com.microstar.xml.XmlParser.parseDocument(XmlParser.java:481)
	at com.microstar.xml.XmlParser.doParse(XmlParser.java:159)
	at com.microstar.xml.XmlParser.parse(XmlParser.java:132)
	at ptolemy.moml.MoMLParser.parse(MoMLParser.java:1660)
	at ptolemy.moml.MoMLParser.parse(MoMLParser.java:1617)
	at ptolemy.moml.MoMLParser.parse(MoMLParser.java:1792)
	at ptolemy.actor.ptalon.PtalonEvaluator.addActor(PtalonEvaluator.java:241)
	... 56 more
Caused by: ptolemy.kernel.util.IllegalActionException: Cannot find class: ptolemy.actor.ptalon.demo.ptinyos.SenseToLeds.MicaBoard. In Ptolemy, classes are typically Java .class files. Entities like actors may instead be defined within a .xml file.  In any case, the class was not found. If the class uses a third party package, then the class would be present only if the third party package was found at compile time.  It may be necessary to upgrade Java or install the third party package, reconfigure and recompile.
Because:
Element <entity name="MicaLeds" class="ptolemy.domains.ptinyos.lib.MicaLeds"> caused an exception to be thrown.
  in .MicaBoard
Because:
Cannot find class: ptolemy.domains.ptinyos.lib.MicaLeds. In Ptolemy, classes are typically Java .class files. Entities like actors may instead be defined within a .xml file.  In any case, the class was not found. If the class uses a third party package, then the class would be present only if the third party package was found at compile time.  It may be necessary to upgrade Java or install the third party package, reconfigure and recompile.
Because:
-- /home/travis/build/icyphy/ptII/ptolemy/actor/ptalon/demo/ptinyos/SenseToLeds/ptolemy/domains/ptinyos/lib/MicaLeds.xml (No such file or directory)
-- XML file not found relative to classpath.
-- /home/travis/build/icyphy/ptII/ptolemy/vergil/basic/export/test/ptolemy/domains/ptinyos/lib/MicaLeds.xml
/home/travis/build/icyphy/ptII/ptolemy/vergil/basic/export/test/ptolemy/domains/ptinyos/lib/MicaLeds.xml (No such file or directory)
 in file:/home/travis/build/icyphy/ptII/ptolemy/actor/ptalon/demo/ptinyos/SenseToLeds/MicaBoard.xml at line 134 and column 63
	at ptolemy.moml.MoMLParser._createEntity(MoMLParser.java:4330)
	at ptolemy.moml.MoMLParser.startElement(MoMLParser.java:2864)
	... 64 more
Caused by: ptolemy.kernel.util.InternalErrorException: Element <entity name="MicaLeds" class="ptolemy.domains.ptinyos.lib.MicaLeds"> caused an exception to be thrown.
  in .MicaBoard
Because:
Cannot find class: ptolemy.domains.ptinyos.lib.MicaLeds. In Ptolemy, classes are typically Java .class files. Entities like actors may instead be defined within a .xml file.  In any case, the class was not found. If the class uses a third party package, then the class would be present only if the third party package was found at compile time.  It may be necessary to upgrade Java or install the third party package, reconfigure and recompile.
Because:
-- /home/travis/build/icyphy/ptII/ptolemy/actor/ptalon/demo/ptinyos/SenseToLeds/ptolemy/domains/ptinyos/lib/MicaLeds.xml (No such file or directory)
-- XML file not found relative to classpath.
-- /home/travis/build/icyphy/ptII/ptolemy/vergil/basic/export/test/ptolemy/domains/ptinyos/lib/MicaLeds.xml
/home/travis/build/icyphy/ptII/ptolemy/vergil/basic/export/test/ptolemy/domains/ptinyos/lib/MicaLeds.xml (No such file or directory)
 in file:/home/travis/build/icyphy/ptII/ptolemy/actor/ptalon/demo/ptinyos/SenseToLeds/MicaBoard.xml at line 134 and column 63
	at ptolemy.moml.SimpleErrorHandler.handleError(SimpleErrorHandler.java:75)
	at ptolemy.moml.MoMLParser.startElement(MoMLParser.java:3805)
	at com.microstar.xml.XmlParser.parseElement(XmlParser.java:921)
	at com.microstar.xml.XmlParser.parseContent(XmlParser.java:1104)
	at com.microstar.xml.XmlParser.parseElement(XmlParser.java:924)
	at com.microstar.xml.XmlParser.parseDocument(XmlParser.java:481)
	at com.microstar.xml.XmlParser.doParse(XmlParser.java:159)
	at com.microstar.xml.XmlParser.parse(XmlParser.java:132)
	at ptolemy.moml.MoMLParser.parse(MoMLParser.java:1676)
	at ptolemy.moml.MoMLParser.parse(MoMLParser.java:1595)
	at ptolemy.moml.MoMLParser.parse(MoMLParser.java:1537)
	at ptolemy.moml.MoMLParser._findOrParse(MoMLParser.java:5286)
	at ptolemy.moml.MoMLParser._attemptToFindMoMLClass(MoMLParser.java:4075)
	at ptolemy.moml.MoMLParser._createEntity(MoMLParser.java:4323)
	... 65 more
Caused by: ptolemy.kernel.util.IllegalActionException: Cannot find class: ptolemy.domains.ptinyos.lib.MicaLeds. In Ptolemy, classes are typically Java .class files. Entities like actors may instead be defined within a .xml file.  In any case, the class was not found. If the class uses a third party package, then the class would be present only if the third party package was found at compile time.  It may be necessary to upgrade Java or install the third party package, reconfigure and recompile.
Because:
-- /home/travis/build/icyphy/ptII/ptolemy/actor/ptalon/demo/ptinyos/SenseToLeds/ptolemy/domains/ptinyos/lib/MicaLeds.xml (No such file or directory)
-- XML file not found relative to classpath.
-- /home/travis/build/icyphy/ptII/ptolemy/vergil/basic/export/test/ptolemy/domains/ptinyos/lib/MicaLeds.xml
/home/travis/build/icyphy/ptII/ptolemy/vergil/basic/export/test/ptolemy/domains/ptinyos/lib/MicaLeds.xml (No such file or directory)
 in file:/home/travis/build/icyphy/ptII/ptolemy/actor/ptalon/demo/ptinyos/SenseToLeds/MicaBoard.xml at line 134 and column 63
	at ptolemy.moml.MoMLParser._createEntity(MoMLParser.java:4330)
	at ptolemy.moml.MoMLParser.startElement(MoMLParser.java:2864)
	... 77 more
Caused by: com.microstar.xml.XmlException: -- /home/travis/build/icyphy/ptII/ptolemy/actor/ptalon/demo/ptinyos/SenseToLeds/ptolemy/domains/ptinyos/lib/MicaLeds.xml (No such file or directory)
-- XML file not found relative to classpath.
-- /home/travis/build/icyphy/ptII/ptolemy/vergil/basic/export/test/ptolemy/domains/ptinyos/lib/MicaLeds.xml
/home/travis/build/icyphy/ptII/ptolemy/vergil/basic/export/test/ptolemy/domains/ptinyos/lib/MicaLeds.xml (No such file or directory)
 in file:/home/travis/build/icyphy/ptII/ptolemy/actor/ptalon/demo/ptinyos/SenseToLeds/MicaBoard.xml at line 134 and column 63
	at ptolemy.moml.MoMLParser.fileNameToURL(MoMLParser.java:1414)
	at ptolemy.moml.MoMLParser._findOrParse(MoMLParser.java:5283)
	at ptolemy.moml.MoMLParser._attemptToFindMoMLClass(MoMLParser.java:4075)
	at ptolemy.moml.MoMLParser._createEntity(MoMLParser.java:4323)
	... 78 more
ptolemy.kernel.util.IllegalActionException: Failed to process attribute change to PtalonParameter, whose value is "ptolemy.actor.ptalon.PtalonExpressionParameter {.SenseToLeds.SenseToLeds.n} 2".
  in .SenseToLeds.SenseToLeds
Because:
Unable to add actor null
	at ptolemy.actor.ptalon.PtalonActor.attributeChanged(PtalonActor.java:211)
	at ptolemy.actor.ptalon.PtalonMLHandler.startElement(PtalonMLHandler.java:134)
	at com.microstar.xml.XmlParser.parseElement(XmlParser.java:921)
	at com.microstar.xml.XmlParser.parseContent(XmlParser.java:1104)
	at com.microstar.xml.XmlParser.parseElement(XmlParser.java:924)
	at com.microstar.xml.XmlParser.parseDocument(XmlParser.java:481)
	at com.microstar.xml.XmlParser.doParse(XmlParser.java:159)
	at com.microstar.xml.XmlParser.parse(XmlParser.java:132)
	at ptolemy.actor.ptalon.PtalonActor.configure(PtalonActor.java:240)
	at ptolemy.moml.MoMLParser.endElement(MoMLParser.java:996)
	at com.microstar.xml.XmlParser.parseETag(XmlParser.java:1026)
	at com.microstar.xml.XmlParser.parseContent(XmlParser.java:1098)
	at com.microstar.xml.XmlParser.parseElement(XmlParser.java:924)
	at com.microstar.xml.XmlParser.parseContent(XmlParser.java:1104)
	at com.microstar.xml.XmlParser.parseElement(XmlParser.java:924)
	at com.microstar.xml.XmlParser.parseContent(XmlParser.java:1104)
	at com.microstar.xml.XmlParser.parseElement(XmlParser.java:924)
	at com.microstar.xml.XmlParser.parseDocument(XmlParser.java:481)
	at com.microstar.xml.XmlParser.doParse(XmlParser.java:159)
	at com.microstar.xml.XmlParser.parse(XmlParser.java:132)
	at ptolemy.moml.MoMLParser.parse(MoMLParser.java:1676)
	at ptolemy.moml.MoMLParser.parse(MoMLParser.java:1595)
	at ptolemy.moml.MoMLParser.parse(MoMLParser.java:1537)
	at ptolemy.actor.gui.PtolemyEffigy$Factory.createEffigy(PtolemyEffigy.java:424)
	at ptolemy.actor.gui.EffigyFactory.createEffigy(EffigyFactory.java:234)
	at ptolemy.actor.gui.Configuration.openModel(Configuration.java:1125)
	at ptolemy.actor.gui.Configuration.openModel(Configuration.java:1051)
	at ptolemy.actor.gui.ConfigurationApplication._openModel(ConfigurationApplication.java:1252)
	at ptolemy.actor.gui.ConfigurationApplication._parseArg(ConfigurationApplication.java:1399)
	at ptolemy.actor.gui.ConfigurationApplication._parseArgs(ConfigurationApplication.java:1478)
	at ptolemy.actor.gui.ConfigurationApplication.<init>(ConfigurationApplication.java:277)
	at ptolemy.actor.gui.ConfigurationApplication.<init>(ConfigurationApplication.java:214)
	at ptolemy.actor.gui.ConfigurationApplication.<init>(ConfigurationApplication.java:201)
	at ptolemy.actor.gui.ConfigurationApplication.openModelOrEntity(ConfigurationApplication.java:680)
	at ptolemy.vergil.basic.export.ExportModel$1.run(ExportModel.java:220)
	at java.awt.event.InvocationEvent.dispatch(InvocationEvent.java:301)
	at java.awt.EventQueue.dispatchEventImpl(EventQueue.java:756)
	at java.awt.EventQueue.access$500(EventQueue.java:97)
	at java.awt.EventQueue$3.run(EventQueue.java:709)
	at java.awt.EventQueue$3.run(EventQueue.java:703)
	at java.security.AccessController.doPrivileged(Native Method)
	at java.security.ProtectionDomain$JavaSecurityAccessImpl.doIntersectionPrivilege(ProtectionDomain.java:80)
	at java.awt.EventQueue.dispatchEvent(EventQueue.java:726)
	at java.awt.EventDispatchThread.pumpOneEventForFilters(EventDispatchThread.java:201)
	at java.awt.EventDispatchThread.pumpEventsForFilter(EventDispatchThread.java:116)
	at java.awt.EventDispatchThread.pumpEventsForHierarchy(EventDispatchThread.java:105)
	at java.awt.EventDispatchThread.pumpEvents(EventDispatchThread.java:101)
	at java.awt.EventDispatchThread.pumpEvents(EventDispatchThread.java:93)
	at java.awt.EventDispatchThread.run(EventDispatchThread.java:82)
Caused by: ptolemy.actor.ptalon.PtalonRuntimeException: Unable to add actor null
	at ptolemy.actor.ptalon.PtalonEvaluator.addActor(PtalonEvaluator.java:300)
	at ptolemy.actor.ptalon.PtalonPopulator.actor_declaration(PtalonPopulator.java:1574)
	at ptolemy.actor.ptalon.PtalonPopulator.atomic_statement(PtalonPopulator.java:1638)
	at ptolemy.actor.ptalon.PtalonPopulator.iterative_statement_evaluator(PtalonPopulator.java:2484)
	at ptolemy.actor.ptalon.AbstractPtalonEvaluator$IfTree.evaluateForScope(AbstractPtalonEvaluator.java:1307)
	at ptolemy.actor.ptalon.AbstractPtalonEvaluator.evaluateForScope(AbstractPtalonEvaluator.java:744)
	at ptolemy.actor.ptalon.PtalonPopulator.iterative_statement(PtalonPopulator.java:2363)
	at ptolemy.actor.ptalon.PtalonPopulator.actor_definition(PtalonPopulator.java:2809)
	at ptolemy.actor.ptalon.PtalonActor.attributeChanged(PtalonActor.java:206)
	... 48 more
Caused by: ptolemy.kernel.util.InternalErrorException: Element <entity name="node1" class="ptolemy.actor.ptalon.demo.ptinyos.SenseToLeds.MicaBoard"> caused an exception to be thrown.
  in .SenseToLeds.SenseToLeds
Because:
Cannot find class: ptolemy.actor.ptalon.demo.ptinyos.SenseToLeds.MicaBoard. In Ptolemy, classes are typically Java .class files. Entities like actors may instead be defined within a .xml file.  In any case, the class was not found. If the class uses a third party package, then the class would be present only if the third party package was found at compile time.  It may be necessary to upgrade Java or install the third party package, reconfigure and recompile.
Because:
Element <entity name="MicaLeds" class="ptolemy.domains.ptinyos.lib.MicaLeds"> caused an exception to be thrown.
  in .MicaBoard
Because:
Cannot find class: ptolemy.domains.ptinyos.lib.MicaLeds. In Ptolemy, classes are typically Java .class files. Entities like actors may instead be defined within a .xml file.  In any case, the class was not found. If the class uses a third party package, then the class would be present only if the third party package was found at compile time.  It may be necessary to upgrade Java or install the third party package, reconfigure and recompile.
Because:
-- /home/travis/build/icyphy/ptII/ptolemy/actor/ptalon/demo/ptinyos/SenseToLeds/ptolemy/domains/ptinyos/lib/MicaLeds.xml (No such file or directory)
-- XML file not found relative to classpath.
-- /home/travis/build/icyphy/ptII/ptolemy/vergil/basic/export/test/ptolemy/domains/ptinyos/lib/MicaLeds.xml
/home/travis/build/icyphy/ptII/ptolemy/vergil/basic/export/test/ptolemy/domains/ptinyos/lib/MicaLeds.xml (No such file or directory)
 in file:/home/travis/build/icyphy/ptII/ptolemy/actor/ptalon/demo/ptinyos/SenseToLeds/MicaBoard.xml at line 134 and column 63
	at ptolemy.moml.SimpleErrorHandler.handleError(SimpleErrorHandler.java:75)
	at ptolemy.moml.MoMLParser.startElement(MoMLParser.java:3805)
	at com.microstar.xml.XmlParser.parseElement(XmlParser.java:931)
	at com.microstar.xml.XmlParser.parseDocument(XmlParser.java:481)
	at com.microstar.xml.XmlParser.doParse(XmlParser.java:159)
	at com.microstar.xml.XmlParser.parse(XmlParser.java:132)
	at ptolemy.moml.MoMLParser.parse(MoMLParser.java:1660)
	at ptolemy.moml.MoMLParser.parse(MoMLParser.java:1617)
	at ptolemy.moml.MoMLParser.parse(MoMLParser.java:1792)
	at ptolemy.actor.ptalon.PtalonEvaluator.addActor(PtalonEvaluator.java:241)
	... 56 more
Caused by: ptolemy.kernel.util.IllegalActionException: Cannot find class: ptolemy.actor.ptalon.demo.ptinyos.SenseToLeds.MicaBoard. In Ptolemy, classes are typically Java .class files. Entities like actors may instead be defined within a .xml file.  In any case, the class was not found. If the class uses a third party package, then the class would be present only if the third party package was found at compile time.  It may be necessary to upgrade Java or install the third party package, reconfigure and recompile.
Because:
Element <entity name="MicaLeds" class="ptolemy.domains.ptinyos.lib.MicaLeds"> caused an exception to be thrown.
  in .MicaBoard
Because:
Cannot find class: ptolemy.domains.ptinyos.lib.MicaLeds. In Ptolemy, classes are typically Java .class files. Entities like actors may instead be defined within a .xml file.  In any case, the class was not found. If the class uses a third party package, then the class would be present only if the third party package was found at compile time.  It may be necessary to upgrade Java or install the third party package, reconfigure and recompile.
Because:
-- /home/travis/build/icyphy/ptII/ptolemy/actor/ptalon/demo/ptinyos/SenseToLeds/ptolemy/domains/ptinyos/lib/MicaLeds.xml (No such file or directory)
-- XML file not found relative to classpath.
-- /home/travis/build/icyphy/ptII/ptolemy/vergil/basic/export/test/ptolemy/domains/ptinyos/lib/MicaLeds.xml
/home/travis/build/icyphy/ptII/ptolemy/vergil/basic/export/test/ptolemy/domains/ptinyos/lib/MicaLeds.xml (No such file or directory)
 in file:/home/travis/build/icyphy/ptII/ptolemy/actor/ptalon/demo/ptinyos/SenseToLeds/MicaBoard.xml at line 134 and column 63
	at ptolemy.moml.MoMLParser._createEntity(MoMLParser.java:4330)
	at ptolemy.moml.MoMLParser.startElement(MoMLParser.java:2864)
	... 64 more
Caused by: ptolemy.kernel.util.InternalErrorException: Element <entity name="MicaLeds" class="ptolemy.domains.ptinyos.lib.MicaLeds"> caused an exception to be thrown.
  in .MicaBoard
Because:
Cannot find class: ptolemy.domains.ptinyos.lib.MicaLeds. In Ptolemy, classes are typically Java .class files. Entities like actors may instead be defined within a .xml file.  In any case, the class was not found. If the class uses a third party package, then the class would be present only if the third party package was found at compile time.  It may be necessary to upgrade Java or install the third party package, reconfigure and recompile.
Because:
-- /home/travis/build/icyphy/ptII/ptolemy/actor/ptalon/demo/ptinyos/SenseToLeds/ptolemy/domains/ptinyos/lib/MicaLeds.xml (No such file or directory)
-- XML file not found relative to classpath.
-- /home/travis/build/icyphy/ptII/ptolemy/vergil/basic/export/test/ptolemy/domains/ptinyos/lib/MicaLeds.xml
/home/travis/build/icyphy/ptII/ptolemy/vergil/basic/export/test/ptolemy/domains/ptinyos/lib/MicaLeds.xml (No such file or directory)
 in file:/home/travis/build/icyphy/ptII/ptolemy/actor/ptalon/demo/ptinyos/SenseToLeds/MicaBoard.xml at line 134 and column 63
	at ptolemy.moml.SimpleErrorHandler.handleError(SimpleErrorHandler.java:75)
	at ptolemy.moml.MoMLParser.startElement(MoMLParser.java:3805)
	at com.microstar.xml.XmlParser.parseElement(XmlParser.java:921)
	at com.microstar.xml.XmlParser.parseContent(XmlParser.java:1104)
	at com.microstar.xml.XmlParser.parseElement(XmlParser.java:924)
	at com.microstar.xml.XmlParser.parseDocument(XmlParser.java:481)
	at com.microstar.xml.XmlParser.doParse(XmlParser.java:159)
	at com.microstar.xml.XmlParser.parse(XmlParser.java:132)
	at ptolemy.moml.MoMLParser.parse(MoMLParser.java:1676)
	at ptolemy.moml.MoMLParser.parse(MoMLParser.java:1595)
	at ptolemy.moml.MoMLParser.parse(MoMLParser.java:1537)
	at ptolemy.moml.MoMLParser._findOrParse(MoMLParser.java:5286)
	at ptolemy.moml.MoMLParser._attemptToFindMoMLClass(MoMLParser.java:4075)
	at ptolemy.moml.MoMLParser._createEntity(MoMLParser.java:4323)
	... 65 more
Caused by: ptolemy.kernel.util.IllegalActionException: Cannot find class: ptolemy.domains.ptinyos.lib.MicaLeds. In Ptolemy, classes are typically Java .class files. Entities like actors may instead be defined within a .xml file.  In any case, the class was not found. If the class uses a third party package, then the class would be present only if the third party package was found at compile time.  It may be necessary to upgrade Java or install the third party package, reconfigure and recompile.
Because:
-- /home/travis/build/icyphy/ptII/ptolemy/actor/ptalon/demo/ptinyos/SenseToLeds/ptolemy/domains/ptinyos/lib/MicaLeds.xml (No such file or directory)
-- XML file not found relative to classpath.
-- /home/travis/build/icyphy/ptII/ptolemy/vergil/basic/export/test/ptolemy/domains/ptinyos/lib/MicaLeds.xml
/home/travis/build/icyphy/ptII/ptolemy/vergil/basic/export/test/ptolemy/domains/ptinyos/lib/MicaLeds.xml (No such file or directory)
 in file:/home/travis/build/icyphy/ptII/ptolemy/actor/ptalon/demo/ptinyos/SenseToLeds/MicaBoard.xml at line 134 and column 63
	at ptolemy.moml.MoMLParser._createEntity(MoMLParser.java:4330)
	at ptolemy.moml.MoMLParser.startElement(MoMLParser.java:2864)
	... 77 more
Caused by: com.microstar.xml.XmlException: -- /home/travis/build/icyphy/ptII/ptolemy/actor/ptalon/demo/ptinyos/SenseToLeds/ptolemy/domains/ptinyos/lib/MicaLeds.xml (No such file or directory)
-- XML file not found relative to classpath.
-- /home/travis/build/icyphy/ptII/ptolemy/vergil/basic/export/test/ptolemy/domains/ptinyos/lib/MicaLeds.xml
/home/travis/build/icyphy/ptII/ptolemy/vergil/basic/export/test/ptolemy/domains/ptinyos/lib/MicaLeds.xml (No such file or directory)
 in file:/home/travis/build/icyphy/ptII/ptolemy/actor/ptalon/demo/ptinyos/SenseToLeds/MicaBoard.xml at line 134 and column 63
	at ptolemy.moml.MoMLParser.fileNameToURL(MoMLParser.java:1414)
	at ptolemy.moml.MoMLParser._findOrParse(MoMLParser.java:5283)
	at ptolemy.moml.MoMLParser._attemptToFindMoMLClass(MoMLParser.java:4075)
	at ptolemy.moml.MoMLParser._createEntity(MoMLParser.java:4323)
	... 78 more
Caused by: ptolemy.actor.ptalon.PtalonRuntimeException: Unable to add actor null
	at ptolemy.actor.ptalon.PtalonEvaluator.addActor(PtalonEvaluator.java:300)
	at ptolemy.actor.ptalon.PtalonPopulator.actor_declaration(PtalonPopulator.java:1574)
	at ptolemy.actor.ptalon.PtalonPopulator.atomic_statement(PtalonPopulator.java:1638)
	at ptolemy.actor.ptalon.PtalonPopulator.iterative_statement_evaluator(PtalonPopulator.java:2484)
	at ptolemy.actor.ptalon.AbstractPtalonEvaluator$IfTree.evaluateForScope(AbstractPtalonEvaluator.java:1307)
	at ptolemy.actor.ptalon.AbstractPtalonEvaluator.evaluateForScope(AbstractPtalonEvaluator.java:744)
	at ptolemy.actor.ptalon.PtalonPopulator.iterative_statement(PtalonPopulator.java:2363)
	at ptolemy.actor.ptalon.PtalonPopulator.actor_definition(PtalonPopulator.java:2809)
	at ptolemy.actor.ptalon.PtalonActor.attributeChanged(PtalonActor.java:206)
	at ptolemy.actor.ptalon.PtalonMLHandler.startElement(PtalonMLHandler.java:134)
	at com.microstar.xml.XmlParser.parseElement(XmlParser.java:921)
	at com.microstar.xml.XmlParser.parseContent(XmlParser.java:1104)
	at com.microstar.xml.XmlParser.parseElement(XmlParser.java:924)
	at com.microstar.xml.XmlParser.parseDocument(XmlParser.java:481)
	at com.microstar.xml.XmlParser.doParse(XmlParser.java:159)
	at com.microstar.xml.XmlParser.parse(XmlParser.java:132)
	at ptolemy.actor.ptalon.PtalonActor.configure(PtalonActor.java:240)
	at ptolemy.moml.MoMLParser.endElement(MoMLParser.java:996)
	at com.microstar.xml.XmlParser.parseETag(XmlParser.java:1026)
	at com.microstar.xml.XmlParser.parseContent(XmlParser.java:1098)
	at com.microstar.xml.XmlParser.parseElement(XmlParser.java:924)
	at com.microstar.xml.XmlParser.parseContent(XmlParser.java:1104)
	at com.microstar.xml.XmlParser.parseElement(XmlParser.java:924)
	at com.microstar.xml.XmlParser.parseContent(XmlParser.java:1104)
	at com.microstar.xml.XmlParser.parseElement(XmlParser.java:924)
	at com.microstar.xml.XmlParser.parseDocument(XmlParser.java:481)
	at com.microstar.xml.XmlParser.doParse(XmlParser.java:159)
	at com.microstar.xml.XmlParser.parse(XmlParser.java:132)
	at ptolemy.moml.MoMLParser.parse(MoMLParser.java:1676)
	at ptolemy.moml.MoMLParser.parse(MoMLParser.java:1595)
	at ptolemy.moml.MoMLParser.parse(MoMLParser.java:1537)
	at ptolemy.actor.gui.PtolemyEffigy$Factory.createEffigy(PtolemyEffigy.java:424)
	at ptolemy.actor.gui.EffigyFactory.createEffigy(EffigyFactory.java:234)
	at ptolemy.actor.gui.Configuration.openModel(Configuration.java:1125)
	at ptolemy.actor.gui.Configuration.openModel(Configuration.java:1051)
	at ptolemy.actor.gui.ConfigurationApplication._openModel(ConfigurationApplication.java:1252)
	at ptolemy.actor.gui.ConfigurationApplication._parseArg(ConfigurationApplication.java:1399)
	at ptolemy.actor.gui.ConfigurationApplication._parseArgs(ConfigurationApplication.java:1478)
	at ptolemy.actor.gui.ConfigurationApplication.<init>(ConfigurationApplication.java:277)
	at ptolemy.actor.gui.ConfigurationApplication.<init>(ConfigurationApplication.java:214)
	at ptolemy.actor.gui.ConfigurationApplication.<init>(ConfigurationApplication.java:201)
	at ptolemy.actor.gui.ConfigurationApplication.openModelOrEntity(ConfigurationApplication.java:680)
	at ptolemy.vergil.basic.export.ExportModel$1.run(ExportModel.java:220)
	at java.awt.event.InvocationEvent.dispatch(InvocationEvent.java:301)
	at java.awt.EventQueue.dispatchEventImpl(EventQueue.java:756)
	at java.awt.EventQueue.access$500(EventQueue.java:97)
	at java.awt.EventQueue$3.run(EventQueue.java:709)
	at java.awt.EventQueue$3.run(EventQueue.java:703)
	at java.security.AccessController.doPrivileged(Native Method)
	at java.security.ProtectionDomain$JavaSecurityAccessImpl.doIntersectionPrivilege(ProtectionDomain.java:80)
	at java.awt.EventQueue.dispatchEvent(EventQueue.java:726)
	at java.awt.EventDispatchThread.pumpOneEventForFilters(EventDispatchThread.java:201)
	at java.awt.EventDispatchThread.pumpEventsForFilter(EventDispatchThread.java:116)
	at java.awt.EventDispatchThread.pumpEventsForHierarchy(EventDispatchThread.java:105)
	at java.awt.EventDispatchThread.pumpEvents(EventDispatchThread.java:101)
	at java.awt.EventDispatchThread.pumpEvents(EventDispatchThread.java:93)
	at java.awt.EventDispatchThread.run(EventDispatchThread.java:82)
Caused by: ptolemy.kernel.util.InternalErrorException: Element <entity name="node1" class="ptolemy.actor.ptalon.demo.ptinyos.SenseToLeds.MicaBoard"> caused an exception to be thrown.
  in .SenseToLeds.SenseToLeds
Because:
Cannot find class: ptolemy.actor.ptalon.demo.ptinyos.SenseToLeds.MicaBoard. In Ptolemy, classes are typically Java .class files. Entities like actors may instead be defined within a .xml file.  In any case, the class was not found. If the class uses a third party package, then the class would be present only if the third party package was found at compile time.  It may be necessary to upgrade Java or install the third party package, reconfigure and recompile.
Because:
Element <entity name="MicaLeds" class="ptolemy.domains.ptinyos.lib.MicaLeds"> caused an exception to be thrown.
  in .MicaBoard
Because:
Cannot find class: ptolemy.domains.ptinyos.lib.MicaLeds. In Ptolemy, classes are typically Java .class files. Entities like actors may instead be defined within a .xml file.  In any case, the class was not found. If the class uses a third party package, then the class would be present only if the third party package was found at compile time.  It may be necessary to upgrade Java or install the third party package, reconfigure and recompile.
Because:
-- /home/travis/build/icyphy/ptII/ptolemy/actor/ptalon/demo/ptinyos/SenseToLeds/ptolemy/domains/ptinyos/lib/MicaLeds.xml (No such file or directory)
-- XML file not found relative to classpath.
-- /home/travis/build/icyphy/ptII/ptolemy/vergil/basic/export/test/ptolemy/domains/ptinyos/lib/MicaLeds.xml
/home/travis/build/icyphy/ptII/ptolemy/vergil/basic/export/test/ptolemy/domains/ptinyos/lib/MicaLeds.xml (No such file or directory)
 in file:/home/travis/build/icyphy/ptII/ptolemy/actor/ptalon/demo/ptinyos/SenseToLeds/MicaBoard.xml at line 134 and column 63
	at ptolemy.moml.SimpleErrorHandler.handleError(SimpleErrorHandler.java:75)
	at ptolemy.moml.MoMLParser.startElement(MoMLParser.java:3805)
	at com.microstar.xml.XmlParser.parseElement(XmlParser.java:931)
	at com.microstar.xml.XmlParser.parseDocument(XmlParser.java:481)
	at com.microstar.xml.XmlParser.doParse(XmlParser.java:159)
	at com.microstar.xml.XmlParser.parse(XmlParser.java:132)
	at ptolemy.moml.MoMLParser.parse(MoMLParser.java:1660)
	at ptolemy.moml.MoMLParser.parse(MoMLParser.java:1617)
	at ptolemy.moml.MoMLParser.parse(MoMLParser.java:1792)
	at ptolemy.actor.ptalon.PtalonEvaluator.addActor(PtalonEvaluator.java:241)
	... 56 more
Caused by: ptolemy.kernel.util.IllegalActionException: Cannot find class: ptolemy.actor.ptalon.demo.ptinyos.SenseToLeds.MicaBoard. In Ptolemy, classes are typically Java .class files. Entities like actors may instead be defined within a .xml file.  In any case, the class was not found. If the class uses a third party package, then the class would be present only if the third party package was found at compile time.  It may be necessary to upgrade Java or install the third party package, reconfigure and recompile.
Because:
Element <entity name="MicaLeds" class="ptolemy.domains.ptinyos.lib.MicaLeds"> caused an exception to be thrown.
  in .MicaBoard
Because:
Cannot find class: ptolemy.domains.ptinyos.lib.MicaLeds. In Ptolemy, classes are typically Java .class files. Entities like actors may instead be defined within a .xml file.  In any case, the class was not found. If the class uses a third party package, then the class would be present only if the third party package was found at compile time.  It may be necessary to upgrade Java or install the third party package, reconfigure and recompile.
Because:
-- /home/travis/build/icyphy/ptII/ptolemy/actor/ptalon/demo/ptinyos/SenseToLeds/ptolemy/domains/ptinyos/lib/MicaLeds.xml (No such file or directory)
-- XML file not found relative to classpath.
-- /home/travis/build/icyphy/ptII/ptolemy/vergil/basic/export/test/ptolemy/domains/ptinyos/lib/MicaLeds.xml
/home/travis/build/icyphy/ptII/ptolemy/vergil/basic/export/test/ptolemy/domains/ptinyos/lib/MicaLeds.xml (No such file or directory)
 in file:/home/travis/build/icyphy/ptII/ptolemy/actor/ptalon/demo/ptinyos/SenseToLeds/MicaBoard.xml at line 134 and column 63
	at ptolemy.moml.MoMLParser._createEntity(MoMLParser.java:4330)
	at ptolemy.moml.MoMLParser.startElement(MoMLParser.java:2864)
	... 64 more
Caused by: ptolemy.kernel.util.InternalErrorException: Element <entity name="MicaLeds" class="ptolemy.domains.ptinyos.lib.MicaLeds"> caused an exception to be thrown.
  in .MicaBoard
Because:
Cannot find class: ptolemy.domains.ptinyos.lib.MicaLeds. In Ptolemy, classes are typically Java .class files. Entities like actors may instead be defined within a .xml file.  In any case, the class was not found. If the class uses a third party package, then the class would be present only if the third party package was found at compile time.  It may be necessary to upgrade Java or install the third party package, reconfigure and recompile.
Because:
-- /home/travis/build/icyphy/ptII/ptolemy/actor/ptalon/demo/ptinyos/SenseToLeds/ptolemy/domains/ptinyos/lib/MicaLeds.xml (No such file or directory)
-- XML file not found relative to classpath.
-- /home/travis/build/icyphy/ptII/ptolemy/vergil/basic/export/test/ptolemy/domains/ptinyos/lib/MicaLeds.xml
/home/travis/build/icyphy/ptII/ptolemy/vergil/basic/export/test/ptolemy/domains/ptinyos/lib/MicaLeds.xml (No such file or directory)
 in file:/home/travis/build/icyphy/ptII/ptolemy/actor/ptalon/demo/ptinyos/SenseToLeds/MicaBoard.xml at line 134 and column 63
	at ptolemy.moml.SimpleErrorHandler.handleError(SimpleErrorHandler.java:75)
	at ptolemy.moml.MoMLParser.startElement(MoMLParser.java:3805)
	at com.microstar.xml.XmlParser.parseElement(XmlParser.java:921)
	at com.microstar.xml.XmlParser.parseContent(XmlParser.java:1104)
	at com.microstar.xml.XmlParser.parseElement(XmlParser.java:924)
	at com.microstar.xml.XmlParser.parseDocument(XmlParser.java:481)
	at com.microstar.xml.XmlParser.doParse(XmlParser.java:159)
	at com.microstar.xml.XmlParser.parse(XmlParser.java:132)
	at ptolemy.moml.MoMLParser.parse(MoMLParser.java:1676)
	at ptolemy.moml.MoMLParser.parse(MoMLParser.java:1595)
	at ptolemy.moml.MoMLParser.parse(MoMLParser.java:1537)
	at ptolemy.moml.MoMLParser._findOrParse(MoMLParser.java:5286)
	at ptolemy.moml.MoMLParser._attemptToFindMoMLClass(MoMLParser.java:4075)
	at ptolemy.moml.MoMLParser._createEntity(MoMLParser.java:4323)
	... 65 more
Caused by: ptolemy.kernel.util.IllegalActionException: Cannot find class: ptolemy.domains.ptinyos.lib.MicaLeds. In Ptolemy, classes are typically Java .class files. Entities like actors may instead be defined within a .xml file.  In any case, the class was not found. If the class uses a third party package, then the class would be present only if the third party package was found at compile time.  It may be necessary to upgrade Java or install the third party package, reconfigure and recompile.
Because:
-- /home/travis/build/icyphy/ptII/ptolemy/actor/ptalon/demo/ptinyos/SenseToLeds/ptolemy/domains/ptinyos/lib/MicaLeds.xml (No such file or directory)
-- XML file not found relative to classpath.
-- /home/travis/build/icyphy/ptII/ptolemy/vergil/basic/export/test/ptolemy/domains/ptinyos/lib/MicaLeds.xml
/home/travis/build/icyphy/ptII/ptolemy/vergil/basic/export/test/ptolemy/domains/ptinyos/lib/MicaLeds.xml (No such file or directory)
 in file:/home/travis/build/icyphy/ptII/ptolemy/actor/ptalon/demo/ptinyos/SenseToLeds/MicaBoard.xml at line 134 and column 63
	at ptolemy.moml.MoMLParser._createEntity(MoMLParser.java:4330)
	at ptolemy.moml.MoMLParser.startElement(MoMLParser.java:2864)
	... 77 more
Caused by: com.microstar.xml.XmlException: -- /home/travis/build/icyphy/ptII/ptolemy/actor/ptalon/demo/ptinyos/SenseToLeds/ptolemy/domains/ptinyos/lib/MicaLeds.xml (No such file or directory)
-- XML file not found relative to classpath.
-- /home/travis/build/icyphy/ptII/ptolemy/vergil/basic/export/test/ptolemy/domains/ptinyos/lib/MicaLeds.xml
/home/travis/build/icyphy/ptII/ptolemy/vergil/basic/export/test/ptolemy/domains/ptinyos/lib/MicaLeds.xml (No such file or directory)
 in file:/home/travis/build/icyphy/ptII/ptolemy/actor/ptalon/demo/ptinyos/SenseToLeds/MicaBoard.xml at line 134 and column 63
	at ptolemy.moml.MoMLParser.fileNameToURL(MoMLParser.java:1414)
	at ptolemy.moml.MoMLParser._findOrParse(MoMLParser.java:5283)
	at ptolemy.moml.MoMLParser._attemptToFindMoMLClass(MoMLParser.java:4075)
	at ptolemy.moml.MoMLParser._createEntity(MoMLParser.java:4323)
	... 78 more
Failed to read file:/home/travis/build/icyphy/ptII/ptolemy/actor/ptalon/demo/ptinyos/SenseToLeds/SenseToLeds.xml
ptolemy.kernel.util.IllegalActionException: Failed to process attribute change to PtalonParameter, whose value is "ptolemy.actor.ptalon.PtalonExpressionParameter {.SenseToLeds.SenseToLeds.n} 2".
  in .SenseToLeds.SenseToLeds
Because:
Unable to add actor null
	at ptolemy.actor.ptalon.PtalonActor.attributeChanged(PtalonActor.java:211)
	at ptolemy.actor.ptalon.PtalonMLHandler.startElement(PtalonMLHandler.java:134)
	at com.microstar.xml.XmlParser.parseElement(XmlParser.java:921)
	at com.microstar.xml.XmlParser.parseContent(XmlParser.java:1104)
	at com.microstar.xml.XmlParser.parseElement(XmlParser.java:924)
	at com.microstar.xml.XmlParser.parseDocument(XmlParser.java:481)
	at com.microstar.xml.XmlParser.doParse(XmlParser.java:159)
	at com.microstar.xml.XmlParser.parse(XmlParser.java:132)
	at ptolemy.actor.ptalon.PtalonActor.configure(PtalonActor.java:240)
	at ptolemy.moml.MoMLParser.endElement(MoMLParser.java:996)
	at com.microstar.xml.XmlParser.parseETag(XmlParser.java:1026)
	at com.microstar.xml.XmlParser.parseContent(XmlParser.java:1098)
	at com.microstar.xml.XmlParser.parseElement(XmlParser.java:924)
	at com.microstar.xml.XmlParser.parseContent(XmlParser.java:1104)
	at com.microstar.xml.XmlParser.parseElement(XmlParser.java:924)
	at com.microstar.xml.XmlParser.parseContent(XmlParser.java:1104)
	at com.microstar.xml.XmlParser.parseElement(XmlParser.java:924)
	at com.microstar.xml.XmlParser.parseDocument(XmlParser.java:481)
	at com.microstar.xml.XmlParser.doParse(XmlParser.java:159)
	at com.microstar.xml.XmlParser.parse(XmlParser.java:132)
	at ptolemy.moml.MoMLParser.parse(MoMLParser.java:1676)
	at ptolemy.moml.MoMLParser.parse(MoMLParser.java:1595)
	at ptolemy.moml.MoMLParser.parse(MoMLParser.java:1537)
	at ptolemy.actor.gui.PtolemyEffigy$Factory.createEffigy(PtolemyEffigy.java:424)
	at ptolemy.actor.gui.EffigyFactory.createEffigy(EffigyFactory.java:234)
	at ptolemy.actor.gui.Configuration.openModel(Configuration.java:1125)
	at ptolemy.actor.gui.Configuration.openModel(Configuration.java:1051)
	at ptolemy.actor.gui.ConfigurationApplication._openModel(ConfigurationApplication.java:1252)
	at ptolemy.actor.gui.ConfigurationApplication._parseArg(ConfigurationApplication.java:1399)
	at ptolemy.actor.gui.ConfigurationApplication._parseArgs(ConfigurationApplication.java:1478)
	at ptolemy.actor.gui.ConfigurationApplication.<init>(ConfigurationApplication.java:277)
	at ptolemy.actor.gui.ConfigurationApplication.<init>(ConfigurationApplication.java:214)
	at ptolemy.actor.gui.ConfigurationApplication.<init>(ConfigurationApplication.java:201)
	at ptolemy.actor.gui.ConfigurationApplication.openModelOrEntity(ConfigurationApplication.java:680)
	at ptolemy.vergil.basic.export.ExportModel$1.run(ExportModel.java:220)
	at java.awt.event.InvocationEvent.dispatch(InvocationEvent.java:301)
	at java.awt.EventQueue.dispatchEventImpl(EventQueue.java:756)
	at java.awt.EventQueue.access$500(EventQueue.java:97)
	at java.awt.EventQueue$3.run(EventQueue.java:709)
	at java.awt.EventQueue$3.run(EventQueue.java:703)
	at java.security.AccessController.doPrivileged(Native Method)
	at java.security.ProtectionDomain$JavaSecurityAccessImpl.doIntersectionPrivilege(ProtectionDomain.java:80)
	at java.awt.EventQueue.dispatchEvent(EventQueue.java:726)
	at java.awt.EventDispatchThread.pumpOneEventForFilters(EventDispatchThread.java:201)
	at java.awt.EventDispatchThread.pumpEventsForFilter(EventDispatchThread.java:116)
	at java.awt.EventDispatchThread.pumpEventsForHierarchy(EventDispatchThread.java:105)
	at java.awt.EventDispatchThread.pumpEvents(EventDispatchThread.java:101)
	at java.awt.EventDispatchThread.pumpEvents(EventDispatchThread.java:93)
	at java.awt.EventDispatchThread.run(EventDispatchThread.java:82)
Caused by: ptolemy.actor.ptalon.PtalonRuntimeException: Unable to add actor null
	at ptolemy.actor.ptalon.PtalonEvaluator.addActor(PtalonEvaluator.java:300)
	at ptolemy.actor.ptalon.PtalonPopulator.actor_declaration(PtalonPopulator.java:1574)
	at ptolemy.actor.ptalon.PtalonPopulator.atomic_statement(PtalonPopulator.java:1638)
	at ptolemy.actor.ptalon.PtalonPopulator.iterative_statement_evaluator(PtalonPopulator.java:2484)
	at ptolemy.actor.ptalon.AbstractPtalonEvaluator$IfTree.evaluateForScope(AbstractPtalonEvaluator.java:1307)
	at ptolemy.actor.ptalon.AbstractPtalonEvaluator.evaluateForScope(AbstractPtalonEvaluator.java:744)
	at ptolemy.actor.ptalon.PtalonPopulator.iterative_statement(PtalonPopulator.java:2363)
	at ptolemy.actor.ptalon.PtalonPopulator.actor_definition(PtalonPopulator.java:2809)
	at ptolemy.actor.ptalon.PtalonActor.attributeChanged(PtalonActor.java:206)
	... 48 more
Caused by: ptolemy.kernel.util.InternalErrorException: Element <entity name="node1" class="ptolemy.actor.ptalon.demo.ptinyos.SenseToLeds.MicaBoard"> caused an exception to be thrown.
  in .SenseToLeds.SenseToLeds
Because:
Cannot find class: ptolemy.actor.ptalon.demo.ptinyos.SenseToLeds.MicaBoard. In Ptolemy, classes are typically Java .class files. Entities like actors may instead be defined within a .xml file.  In any case, the class was not found. If the class uses a third party package, then the class would be present only if the third party package was found at compile time.  It may be necessary to upgrade Java or install the third party package, reconfigure and recompile.
Because:
Element <entity name="MicaLeds" class="ptolemy.domains.ptinyos.lib.MicaLeds"> caused an exception to be thrown.
  in .MicaBoard
Because:
Cannot find class: ptolemy.domains.ptinyos.lib.MicaLeds. In Ptolemy, classes are typically Java .class files. Entities like actors may instead be defined within a .xml file.  In any case, the class was not found. If the class uses a third party package, then the class would be present only if the third party package was found at compile time.  It may be necessary to upgrade Java or install the third party package, reconfigure and recompile.
Because:
-- /home/travis/build/icyphy/ptII/ptolemy/actor/ptalon/demo/ptinyos/SenseToLeds/ptolemy/domains/ptinyos/lib/MicaLeds.xml (No such file or directory)
-- XML file not found relative to classpath.
-- /home/travis/build/icyphy/ptII/ptolemy/vergil/basic/export/test/ptolemy/domains/ptinyos/lib/MicaLeds.xml
/home/travis/build/icyphy/ptII/ptolemy/vergil/basic/export/test/ptolemy/domains/ptinyos/lib/MicaLeds.xml (No such file or directory)
 in file:/home/travis/build/icyphy/ptII/ptolemy/actor/ptalon/demo/ptinyos/SenseToLeds/MicaBoard.xml at line 134 and column 63
	at ptolemy.moml.SimpleErrorHandler.handleError(SimpleErrorHandler.java:75)
	at ptolemy.moml.MoMLParser.startElement(MoMLParser.java:3805)
	at com.microstar.xml.XmlParser.parseElement(XmlParser.java:931)
	at com.microstar.xml.XmlParser.parseDocument(XmlParser.java:481)
	at com.microstar.xml.XmlParser.doParse(XmlParser.java:159)
	at com.microstar.xml.XmlParser.parse(XmlParser.java:132)
	at ptolemy.moml.MoMLParser.parse(MoMLParser.java:1660)
	at ptolemy.moml.MoMLParser.parse(MoMLParser.java:1617)
	at ptolemy.moml.MoMLParser.parse(MoMLParser.java:1792)
	at ptolemy.actor.ptalon.PtalonEvaluator.addActor(PtalonEvaluator.java:241)
	... 56 more
Caused by: ptolemy.kernel.util.IllegalActionException: Cannot find class: ptolemy.actor.ptalon.demo.ptinyos.SenseToLeds.MicaBoard. In Ptolemy, classes are typically Java .class files. Entities like actors may instead be defined within a .xml file.  In any case, the class was not found. If the class uses a third party package, then the class would be present only if the third party package was found at compile time.  It may be necessary to upgrade Java or install the third party package, reconfigure and recompile.
Because:
Element <entity name="MicaLeds" class="ptolemy.domains.ptinyos.lib.MicaLeds"> caused an exception to be thrown.
  in .MicaBoard
Because:
Cannot find class: ptolemy.domains.ptinyos.lib.MicaLeds. In Ptolemy, classes are typically Java .class files. Entities like actors may instead be defined within a .xml file.  In any case, the class was not found. If the class uses a third party package, then the class would be present only if the third party package was found at compile time.  It may be necessary to upgrade Java or install the third party package, reconfigure and recompile.
Because:
-- /home/travis/build/icyphy/ptII/ptolemy/actor/ptalon/demo/ptinyos/SenseToLeds/ptolemy/domains/ptinyos/lib/MicaLeds.xml (No such file or directory)
-- XML file not found relative to classpath.
-- /home/travis/build/icyphy/ptII/ptolemy/vergil/basic/export/test/ptolemy/domains/ptinyos/lib/MicaLeds.xml
/home/travis/build/icyphy/ptII/ptolemy/vergil/basic/export/test/ptolemy/domains/ptinyos/lib/MicaLeds.xml (No such file or directory)
 in file:/home/travis/build/icyphy/ptII/ptolemy/actor/ptalon/demo/ptinyos/SenseToLeds/MicaBoard.xml at line 134 and column 63
	at ptolemy.moml.MoMLParser._createEntity(MoMLParser.java:4330)
	at ptolemy.moml.MoMLParser.startElement(MoMLParser.java:2864)
	... 64 more
Caused by: ptolemy.kernel.util.InternalErrorException: Element <entity name="MicaLeds" class="ptolemy.domains.ptinyos.lib.MicaLeds"> caused an exception to be thrown.
  in .MicaBoard
Because:
Cannot find class: ptolemy.domains.ptinyos.lib.MicaLeds. In Ptolemy, classes are typically Java .class files. Entities like actors may instead be defined within a .xml file.  In any case, the class was not found. If the class uses a third party package, then the class would be present only if the third party package was found at compile time.  It may be necessary to upgrade Java or install the third party package, reconfigure and recompile.
Because:
-- /home/travis/build/icyphy/ptII/ptolemy/actor/ptalon/demo/ptinyos/SenseToLeds/ptolemy/domains/ptinyos/lib/MicaLeds.xml (No such file or directory)
-- XML file not found relative to classpath.
-- /home/travis/build/icyphy/ptII/ptolemy/vergil/basic/export/test/ptolemy/domains/ptinyos/lib/MicaLeds.xml
/home/travis/build/icyphy/ptII/ptolemy/vergil/basic/export/test/ptolemy/domains/ptinyos/lib/MicaLeds.xml (No such file or directory)
 in file:/home/travis/build/icyphy/ptII/ptolemy/actor/ptalon/demo/ptinyos/SenseToLeds/MicaBoard.xml at line 134 and column 63
	at ptolemy.moml.SimpleErrorHandler.handleError(SimpleErrorHandler.java:75)
	at ptolemy.moml.MoMLParser.startElement(MoMLParser.java:3805)
	at com.microstar.xml.XmlParser.parseElement(XmlParser.java:921)
	at com.microstar.xml.XmlParser.parseContent(XmlParser.java:1104)
	at com.microstar.xml.XmlParser.parseElement(XmlParser.java:924)
	at com.microstar.xml.XmlParser.parseDocument(XmlParser.java:481)
	at com.microstar.xml.XmlParser.doParse(XmlParser.java:159)
	at com.microstar.xml.XmlParser.parse(XmlParser.java:132)
	at ptolemy.moml.MoMLParser.parse(MoMLParser.java:1676)
	at ptolemy.moml.MoMLParser.parse(MoMLParser.java:1595)
	at ptolemy.moml.MoMLParser.parse(MoMLParser.java:1537)
	at ptolemy.moml.MoMLParser._findOrParse(MoMLParser.java:5286)
	at ptolemy.moml.MoMLParser._attemptToFindMoMLClass(MoMLParser.java:4075)
	at ptolemy.moml.MoMLParser._createEntity(MoMLParser.java:4323)
	... 65 more
Caused by: ptolemy.kernel.util.IllegalActionException: Cannot find class: ptolemy.domains.ptinyos.lib.MicaLeds. In Ptolemy, classes are typically Java .class files. Entities like actors may instead be defined within a .xml file.  In any case, the class was not found. If the class uses a third party package, then the class would be present only if the third party package was found at compile time.  It may be necessary to upgrade Java or install the third party package, reconfigure and recompile.
Because:
-- /home/travis/build/icyphy/ptII/ptolemy/actor/ptalon/demo/ptinyos/SenseToLeds/ptolemy/domains/ptinyos/lib/MicaLeds.xml (No such file or directory)
-- XML file not found relative to classpath.
-- /home/travis/build/icyphy/ptII/ptolemy/vergil/basic/export/test/ptolemy/domains/ptinyos/lib/MicaLeds.xml
/home/travis/build/icyphy/ptII/ptolemy/vergil/basic/export/test/ptolemy/domains/ptinyos/lib/MicaLeds.xml (No such file or directory)
 in file:/home/travis/build/icyphy/ptII/ptolemy/actor/ptalon/demo/ptinyos/SenseToLeds/MicaBoard.xml at line 134 and column 63
	at ptolemy.moml.MoMLParser._createEntity(MoMLParser.java:4330)
	at ptolemy.moml.MoMLParser.startElement(MoMLParser.java:2864)
	... 77 more
Caused by: com.microstar.xml.XmlException: -- /home/travis/build/icyphy/ptII/ptolemy/actor/ptalon/demo/ptinyos/SenseToLeds/ptolemy/domains/ptinyos/lib/MicaLeds.xml (No such file or directory)
-- XML file not found relative to classpath.
-- /home/travis/build/icyphy/ptII/ptolemy/vergil/basic/export/test/ptolemy/domains/ptinyos/lib/MicaLeds.xml
/home/travis/build/icyphy/ptII/ptolemy/vergil/basic/export/test/ptolemy/domains/ptinyos/lib/MicaLeds.xml (No such file or directory)
 in file:/home/travis/build/icyphy/ptII/ptolemy/actor/ptalon/demo/ptinyos/SenseToLeds/MicaBoard.xml at line 134 and column 63
	at ptolemy.moml.MoMLParser.fileNameToURL(MoMLParser.java:1414)
	at ptolemy.moml.MoMLParser._findOrParse(MoMLParser.java:5283)
	at ptolemy.moml.MoMLParser._attemptToFindMoMLClass(MoMLParser.java:4075)
	at ptolemy.moml.MoMLParser._createEntity(MoMLParser.java:4323)
	... 78 more
Caused by: ptolemy.actor.ptalon.PtalonRuntimeException: Unable to add actor null
	at ptolemy.actor.ptalon.PtalonEvaluator.addActor(PtalonEvaluator.java:300)
	at ptolemy.actor.ptalon.PtalonPopulator.actor_declaration(PtalonPopulator.java:1574)
	at ptolemy.actor.ptalon.PtalonPopulator.atomic_statement(PtalonPopulator.java:1638)
	at ptolemy.actor.ptalon.PtalonPopulator.iterative_statement_evaluator(PtalonPopulator.java:2484)
	at ptolemy.actor.ptalon.AbstractPtalonEvaluator$IfTree.evaluateForScope(AbstractPtalonEvaluator.java:1307)
	at ptolemy.actor.ptalon.AbstractPtalonEvaluator.evaluateForScope(AbstractPtalonEvaluator.java:744)
	at ptolemy.actor.ptalon.PtalonPopulator.iterative_statement(PtalonPopulator.java:2363)
	at ptolemy.actor.ptalon.PtalonPopulator.actor_definition(PtalonPopulator.java:2809)
	at ptolemy.actor.ptalon.PtalonActor.attributeChanged(PtalonActor.java:206)
	at ptolemy.actor.ptalon.PtalonMLHandler.startElement(PtalonMLHandler.java:134)
	at com.microstar.xml.XmlParser.parseElement(XmlParser.java:921)
	at com.microstar.xml.XmlParser.parseContent(XmlParser.java:1104)
	at com.microstar.xml.XmlParser.parseElement(XmlParser.java:924)
	at com.microstar.xml.XmlParser.parseDocument(XmlParser.java:481)
	at com.microstar.xml.XmlParser.doParse(XmlParser.java:159)
	at com.microstar.xml.XmlParser.parse(XmlParser.java:132)
	at ptolemy.actor.ptalon.PtalonActor.configure(PtalonActor.java:240)
	at ptolemy.moml.MoMLParser.endElement(MoMLParser.java:996)
	at com.microstar.xml.XmlParser.parseETag(XmlParser.java:1026)
	at com.microstar.xml.XmlParser.parseContent(XmlParser.java:1098)
	at com.microstar.xml.XmlParser.parseElement(XmlParser.java:924)
	at com.microstar.xml.XmlParser.parseContent(XmlParser.java:1104)
	at com.microstar.xml.XmlParser.parseElement(XmlParser.java:924)
	at com.microstar.xml.XmlParser.parseContent(XmlParser.java:1104)
	at com.microstar.xml.XmlParser.parseElement(XmlParser.java:924)
	at com.microstar.xml.XmlParser.parseDocument(XmlParser.java:481)
	at com.microstar.xml.XmlParser.doParse(XmlParser.java:159)
	at com.microstar.xml.XmlParser.parse(XmlParser.java:132)
	at ptolemy.moml.MoMLParser.parse(MoMLParser.java:1676)
	at ptolemy.moml.MoMLParser.parse(MoMLParser.java:1595)
	at ptolemy.moml.MoMLParser.parse(MoMLParser.java:1537)
	at ptolemy.actor.gui.PtolemyEffigy$Factory.createEffigy(PtolemyEffigy.java:424)
	at ptolemy.actor.gui.EffigyFactory.createEffigy(EffigyFactory.java:234)
	at ptolemy.actor.gui.Configuration.openModel(Configuration.java:1125)
	at ptolemy.actor.gui.Configuration.openModel(Configuration.java:1051)
	at ptolemy.actor.gui.ConfigurationApplication._openModel(ConfigurationApplication.java:1252)
	at ptolemy.actor.gui.ConfigurationApplication._parseArg(ConfigurationApplication.java:1399)
	at ptolemy.actor.gui.ConfigurationApplication._parseArgs(ConfigurationApplication.java:1478)
	at ptolemy.actor.gui.ConfigurationApplication.<init>(ConfigurationApplication.java:277)
	at ptolemy.actor.gui.ConfigurationApplication.<init>(ConfigurationApplication.java:214)
	at ptolemy.actor.gui.ConfigurationApplication.<init>(ConfigurationApplication.java:201)
	at ptolemy.actor.gui.ConfigurationApplication.openModelOrEntity(ConfigurationApplication.java:680)
	at ptolemy.vergil.basic.export.ExportModel$1.run(ExportModel.java:220)
	at java.awt.event.InvocationEvent.dispatch(InvocationEvent.java:301)
	at java.awt.EventQueue.dispatchEventImpl(EventQueue.java:756)
	at java.awt.EventQueue.access$500(EventQueue.java:97)
	at java.awt.EventQueue$3.run(EventQueue.java:709)
	at java.awt.EventQueue$3.run(EventQueue.java:703)
	at java.security.AccessController.doPrivileged(Native Method)
	at java.security.ProtectionDomain$JavaSecurityAccessImpl.doIntersectionPrivilege(ProtectionDomain.java:80)
	at java.awt.EventQueue.dispatchEvent(EventQueue.java:726)
	at java.awt.EventDispatchThread.pumpOneEventForFilters(EventDispatchThread.java:201)
	at java.awt.EventDispatchThread.pumpEventsForFilter(EventDispatchThread.java:116)
	at java.awt.EventDispatchThread.pumpEventsForHierarchy(EventDispatchThread.java:105)
	at java.awt.EventDispatchThread.pumpEvents(EventDispatchThread.java:101)
	at java.awt.EventDispatchThread.pumpEvents(EventDispatchThread.java:93)
	at java.awt.EventDispatchThread.run(EventDispatchThread.java:82)
Caused by: ptolemy.kernel.util.InternalErrorException: Element <entity name="node1" class="ptolemy.actor.ptalon.demo.ptinyos.SenseToLeds.MicaBoard"> caused an exception to be thrown.
  in .SenseToLeds.SenseToLeds
Because:
Cannot find class: ptolemy.actor.ptalon.demo.ptinyos.SenseToLeds.MicaBoard. In Ptolemy, classes are typically Java .class files. Entities like actors may instead be defined within a .xml file.  In any case, the class was not found. If the class uses a third party package, then the class would be present only if the third party package was found at compile time.  It may be necessary to upgrade Java or install the third party package, reconfigure and recompile.
Because:
Element <entity name="MicaLeds" class="ptolemy.domains.ptinyos.lib.MicaLeds"> caused an exception to be thrown.
  in .MicaBoard
Because:
Cannot find class: ptolemy.domains.ptinyos.lib.MicaLeds. In Ptolemy, classes are typically Java .class files. Entities like actors may instead be defined within a .xml file.  In any case, the class was not found. If the class uses a third party package, then the class would be present only if the third party package was found at compile time.  It may be necessary to upgrade Java or install the third party package, reconfigure and recompile.
Because:
-- /home/travis/build/icyphy/ptII/ptolemy/actor/ptalon/demo/ptinyos/SenseToLeds/ptolemy/domains/ptinyos/lib/MicaLeds.xml (No such file or directory)
-- XML file not found relative to classpath.
-- /home/travis/build/icyphy/ptII/ptolemy/vergil/basic/export/test/ptolemy/domains/ptinyos/lib/MicaLeds.xml
/home/travis/build/icyphy/ptII/ptolemy/vergil/basic/export/test/ptolemy/domains/ptinyos/lib/MicaLeds.xml (No such file or directory)
 in file:/home/travis/build/icyphy/ptII/ptolemy/actor/ptalon/demo/ptinyos/SenseToLeds/MicaBoard.xml at line 134 and column 63
	at ptolemy.moml.SimpleErrorHandler.handleError(SimpleErrorHandler.java:75)
	at ptolemy.moml.MoMLParser.startElement(MoMLParser.java:3805)
	at com.microstar.xml.XmlParser.parseElement(XmlParser.java:931)
	at com.microstar.xml.XmlParser.parseDocument(XmlParser.java:481)
	at com.microstar.xml.XmlParser.doParse(XmlParser.java:159)
	at com.microstar.xml.XmlParser.parse(XmlParser.java:132)
	at ptolemy.moml.MoMLParser.parse(MoMLParser.java:1660)
	at ptolemy.moml.MoMLParser.parse(MoMLParser.java:1617)
	at ptolemy.moml.MoMLParser.parse(MoMLParser.java:1792)
	at ptolemy.actor.ptalon.PtalonEvaluator.addActor(PtalonEvaluator.java:241)
	... 56 more
Caused by: ptolemy.kernel.util.IllegalActionException: Cannot find class: ptolemy.actor.ptalon.demo.ptinyos.SenseToLeds.MicaBoard. In Ptolemy, classes are typically Java .class files. Entities like actors may instead be defined within a .xml file.  In any case, the class was not found. If the class uses a third party package, then the class would be present only if the third party package was found at compile time.  It may be necessary to upgrade Java or install the third party package, reconfigure and recompile.
Because:
Element <entity name="MicaLeds" class="ptolemy.domains.ptinyos.lib.MicaLeds"> caused an exception to be thrown.
  in .MicaBoard
Because:
Cannot find class: ptolemy.domains.ptinyos.lib.MicaLeds. In Ptolemy, classes are typically Java .class files. Entities like actors may instead be defined within a .xml file.  In any case, the class was not found. If the class uses a third party package, then the class would be present only if the third party package was found at compile time.  It may be necessary to upgrade Java or install the third party package, reconfigure and recompile.
Because:
-- /home/travis/build/icyphy/ptII/ptolemy/actor/ptalon/demo/ptinyos/SenseToLeds/ptolemy/domains/ptinyos/lib/MicaLeds.xml (No such file or directory)
-- XML file not found relative to classpath.
-- /home/travis/build/icyphy/ptII/ptolemy/vergil/basic/export/test/ptolemy/domains/ptinyos/lib/MicaLeds.xml
/home/travis/build/icyphy/ptII/ptolemy/vergil/basic/export/test/ptolemy/domains/ptinyos/lib/MicaLeds.xml (No such file or directory)
 in file:/home/travis/build/icyphy/ptII/ptolemy/actor/ptalon/demo/ptinyos/SenseToLeds/MicaBoard.xml at line 134 and column 63
	at ptolemy.moml.MoMLParser._createEntity(MoMLParser.java:4330)
	at ptolemy.moml.MoMLParser.startElement(MoMLParser.java:2864)
	... 64 more
Caused by: ptolemy.kernel.util.InternalErrorException: Element <entity name="MicaLeds" class="ptolemy.domains.ptinyos.lib.MicaLeds"> caused an exception to be thrown.
  in .MicaBoard
Because:
Cannot find class: ptolemy.domains.ptinyos.lib.MicaLeds. In Ptolemy, classes are typically Java .class files. Entities like actors may instead be defined within a .xml file.  In any case, the class was not found. If the class uses a third party package, then the class would be present only if the third party package was found at compile time.  It may be necessary to upgrade Java or install the third party package, reconfigure and recompile.
Because:
-- /home/travis/build/icyphy/ptII/ptolemy/actor/ptalon/demo/ptinyos/SenseToLeds/ptolemy/domains/ptinyos/lib/MicaLeds.xml (No such file or directory)
-- XML file not found relative to classpath.
-- /home/travis/build/icyphy/ptII/ptolemy/vergil/basic/export/test/ptolemy/domains/ptinyos/lib/MicaLeds.xml
/home/travis/build/icyphy/ptII/ptolemy/vergil/basic/export/test/ptolemy/domains/ptinyos/lib/MicaLeds.xml (No such file or directory)
 in file:/home/travis/build/icyphy/ptII/ptolemy/actor/ptalon/demo/ptinyos/SenseToLeds/MicaBoard.xml at line 134 and column 63
	at ptolemy.moml.SimpleErrorHandler.handleError(SimpleErrorHandler.java:75)
	at ptolemy.moml.MoMLParser.startElement(MoMLParser.java:3805)
	at com.microstar.xml.XmlParser.parseElement(XmlParser.java:921)
	at com.microstar.xml.XmlParser.parseContent(XmlParser.java:1104)
	at com.microstar.xml.XmlParser.parseElement(XmlParser.java:924)
	at com.microstar.xml.XmlParser.parseDocument(XmlParser.java:481)
	at com.microstar.xml.XmlParser.doParse(XmlParser.java:159)
	at com.microstar.xml.XmlParser.parse(XmlParser.java:132)
	at ptolemy.moml.MoMLParser.parse(MoMLParser.java:1676)
	at ptolemy.moml.MoMLParser.parse(MoMLParser.java:1595)
	at ptolemy.moml.MoMLParser.parse(MoMLParser.java:1537)
	at ptolemy.moml.MoMLParser._findOrParse(MoMLParser.java:5286)
	at ptolemy.moml.MoMLParser._attemptToFindMoMLClass(MoMLParser.java:4075)
	at ptolemy.moml.MoMLParser._createEntity(MoMLParser.java:4323)
	... 65 more
Caused by: ptolemy.kernel.util.IllegalActionException: Cannot find class: ptolemy.domains.ptinyos.lib.MicaLeds. In Ptolemy, classes are typically Java .class files. Entities like actors may instead be defined within a .xml file.  In any case, the class was not found. If the class uses a third party package, then the class would be present only if the third party package was found at compile time.  It may be necessary to upgrade Java or install the third party package, reconfigure and recompile.
Because:
-- /home/travis/build/icyphy/ptII/ptolemy/actor/ptalon/demo/ptinyos/SenseToLeds/ptolemy/domains/ptinyos/lib/MicaLeds.xml (No such file or directory)
-- XML file not found relative to classpath.
-- /home/travis/build/icyphy/ptII/ptolemy/vergil/basic/export/test/ptolemy/domains/ptinyos/lib/MicaLeds.xml
/home/travis/build/icyphy/ptII/ptolemy/vergil/basic/export/test/ptolemy/domains/ptinyos/lib/MicaLeds.xml (No such file or directory)
 in file:/home/travis/build/icyphy/ptII/ptolemy/actor/ptalon/demo/ptinyos/SenseToLeds/MicaBoard.xml at line 134 and column 63
	at ptolemy.moml.MoMLParser._createEntity(MoMLParser.java:4330)
	at ptolemy.moml.MoMLParser.startElement(MoMLParser.java:2864)
	... 77 more
Caused by: com.microstar.xml.XmlException: -- /home/travis/build/icyphy/ptII/ptolemy/actor/ptalon/demo/ptinyos/SenseToLeds/ptolemy/domains/ptinyos/lib/MicaLeds.xml (No such file or directory)
-- XML file not found relative to classpath.
-- /home/travis/build/icyphy/ptII/ptolemy/vergil/basic/export/test/ptolemy/domains/ptinyos/lib/MicaLeds.xml
/home/travis/build/icyphy/ptII/ptolemy/vergil/basic/export/test/ptolemy/domains/ptinyos/lib/MicaLeds.xml (No such file or directory)
 in file:/home/travis/build/icyphy/ptII/ptolemy/actor/ptalon/demo/ptinyos/SenseToLeds/MicaBoard.xml at line 134 and column 63
	at ptolemy.moml.MoMLParser.fileNameToURL(MoMLParser.java:1414)
	at ptolemy.moml.MoMLParser._findOrParse(MoMLParser.java:5283)
	at ptolemy.moml.MoMLParser._attemptToFindMoMLClass(MoMLParser.java:4075)
	at ptolemy.moml.MoMLParser._createEntity(MoMLParser.java:4323)
	... 78 more
Failed to read file:/home/travis/build/icyphy/ptII/ptolemy/actor/ptalon/demo/ptinyos/SenseToLeds/SenseToLeds.xml
ptolemy.kernel.util.IllegalActionException: Failed to process attribute change to PtalonParameter, whose value is "ptolemy.actor.ptalon.PtalonExpressionParameter {.SenseToLeds.SenseToLeds.n} 2".
  in .SenseToLeds.SenseToLeds
Because:
Unable to add actor null
	at ptolemy.actor.ptalon.PtalonActor.attributeChanged(PtalonActor.java:211)
	at ptolemy.actor.ptalon.PtalonMLHandler.startElement(PtalonMLHandler.java:134)
	at com.microstar.xml.XmlParser.parseElement(XmlParser.java:921)
	at com.microstar.xml.XmlParser.parseContent(XmlParser.java:1104)
	at com.microstar.xml.XmlParser.parseElement(XmlParser.java:924)
	at com.microstar.xml.XmlParser.parseDocument(XmlParser.java:481)
	at com.microstar.xml.XmlParser.doParse(XmlParser.java:159)
	at com.microstar.xml.XmlParser.parse(XmlParser.java:132)
	at ptolemy.actor.ptalon.PtalonActor.configure(PtalonActor.java:240)
	at ptolemy.moml.MoMLParser.endElement(MoMLParser.java:996)
	at com.microstar.xml.XmlParser.parseETag(XmlParser.java:1026)
	at com.microstar.xml.XmlParser.parseContent(XmlParser.java:1098)
	at com.microstar.xml.XmlParser.parseElement(XmlParser.java:924)
	at com.microstar.xml.XmlParser.parseContent(XmlParser.java:1104)
	at com.microstar.xml.XmlParser.parseElement(XmlParser.java:924)
	at com.microstar.xml.XmlParser.parseContent(XmlParser.java:1104)
	at com.microstar.xml.XmlParser.parseElement(XmlParser.java:924)
	at com.microstar.xml.XmlParser.parseDocument(XmlParser.java:481)
	at com.microstar.xml.XmlParser.doParse(XmlParser.java:159)
	at com.microstar.xml.XmlParser.parse(XmlParser.java:132)
	at ptolemy.moml.MoMLParser.parse(MoMLParser.java:1676)
	at ptolemy.moml.MoMLParser.parse(MoMLParser.java:1595)
	at ptolemy.moml.MoMLParser.parse(MoMLParser.java:1537)
	at ptolemy.actor.gui.PtolemyEffigy$Factory.createEffigy(PtolemyEffigy.java:424)
	at ptolemy.actor.gui.EffigyFactory.createEffigy(EffigyFactory.java:234)
	at ptolemy.actor.gui.Configuration.openModel(Configuration.java:1125)
	at ptolemy.actor.gui.Configuration.openModel(Configuration.java:1051)
	at ptolemy.actor.gui.ConfigurationApplication._openModel(ConfigurationApplication.java:1252)
	at ptolemy.actor.gui.ConfigurationApplication._parseArg(ConfigurationApplication.java:1399)
	at ptolemy.actor.gui.ConfigurationApplication._parseArgs(ConfigurationApplication.java:1478)
	at ptolemy.actor.gui.ConfigurationApplication.<init>(ConfigurationApplication.java:277)
	at ptolemy.actor.gui.ConfigurationApplication.<init>(ConfigurationApplication.java:214)
	at ptolemy.actor.gui.ConfigurationApplication.<init>(ConfigurationApplication.java:201)
	at ptolemy.actor.gui.ConfigurationApplication.openModelOrEntity(ConfigurationApplication.java:680)
	at ptolemy.vergil.basic.export.ExportModel$1.run(ExportModel.java:220)
	at java.awt.event.InvocationEvent.dispatch(InvocationEvent.java:301)
	at java.awt.EventQueue.dispatchEventImpl(EventQueue.java:756)
	at java.awt.EventQueue.access$500(EventQueue.java:97)
	at java.awt.EventQueue$3.run(EventQueue.java:709)
	at java.awt.EventQueue$3.run(EventQueue.java:703)
	at java.security.AccessController.doPrivileged(Native Method)
	at java.security.ProtectionDomain$JavaSecurityAccessImpl.doIntersectionPrivilege(ProtectionDomain.java:80)
	at java.awt.EventQueue.dispatchEvent(EventQueue.java:726)
	at java.awt.EventDispatchThread.pumpOneEventForFilters(EventDispatchThread.java:201)
	at java.awt.EventDispatchThread.pumpEventsForFilter(EventDispatchThread.java:116)
	at java.awt.EventDispatchThread.pumpEventsForHierarchy(EventDispatchThread.java:105)
	at java.awt.EventDispatchThread.pumpEvents(EventDispatchThread.java:101)
	at java.awt.EventDispatchThread.pumpEvents(EventDispatchThread.java:93)
	at java.awt.EventDispatchThread.run(EventDispatchThread.java:82)
Caused by: ptolemy.actor.ptalon.PtalonRuntimeException: Unable to add actor null
	at ptolemy.actor.ptalon.PtalonEvaluator.addActor(PtalonEvaluator.java:300)
	at ptolemy.actor.ptalon.PtalonPopulator.actor_declaration(PtalonPopulator.java:1574)
	at ptolemy.actor.ptalon.PtalonPopulator.atomic_statement(PtalonPopulator.java:1638)
	at ptolemy.actor.ptalon.PtalonPopulator.iterative_statement_evaluator(PtalonPopulator.java:2484)
	at ptolemy.actor.ptalon.AbstractPtalonEvaluator$IfTree.evaluateForScope(AbstractPtalonEvaluator.java:1307)
	at ptolemy.actor.ptalon.AbstractPtalonEvaluator.evaluateForScope(AbstractPtalonEvaluator.java:744)
	at ptolemy.actor.ptalon.PtalonPopulator.iterative_statement(PtalonPopulator.java:2363)
	at ptolemy.actor.ptalon.PtalonPopulator.actor_definition(PtalonPopulator.java:2809)
	at ptolemy.actor.ptalon.PtalonActor.attributeChanged(PtalonActor.java:206)
	... 48 more
Caused by: ptolemy.kernel.util.InternalErrorException: Element <entity name="node1" class="ptolemy.actor.ptalon.demo.ptinyos.SenseToLeds.MicaBoard"> caused an exception to be thrown.
  in .SenseToLeds.SenseToLeds
Because:
Cannot find class: ptolemy.actor.ptalon.demo.ptinyos.SenseToLeds.MicaBoard. In Ptolemy, classes are typically Java .class files. Entities like actors may instead be defined within a .xml file.  In any case, the class was not found. If the class uses a third party package, then the class would be present only if the third party package was found at compile time.  It may be necessary to upgrade Java or install the third party package, reconfigure and recompile.
Because:
Element <entity name="MicaLeds" class="ptolemy.domains.ptinyos.lib.MicaLeds"> caused an exception to be thrown.
  in .MicaBoard
Because:
Cannot find class: ptolemy.domains.ptinyos.lib.MicaLeds. In Ptolemy, classes are typically Java .class files. Entities like actors may instead be defined within a .xml file.  In any case, the class was not found. If the class uses a third party package, then the class would be present only if the third party package was found at compile time.  It may be necessary to upgrade Java or install the third party package, reconfigure and recompile.
Because:
-- /home/travis/build/icyphy/ptII/ptolemy/actor/ptalon/demo/ptinyos/SenseToLeds/ptolemy/domains/ptinyos/lib/MicaLeds.xml (No such file or directory)
-- XML file not found relative to classpath.
-- /home/travis/build/icyphy/ptII/ptolemy/vergil/basic/export/test/ptolemy/domains/ptinyos/lib/MicaLeds.xml
/home/travis/build/icyphy/ptII/ptolemy/vergil/basic/export/test/ptolemy/domains/ptinyos/lib/MicaLeds.xml (No such file or directory)
 in file:/home/travis/build/icyphy/ptII/ptolemy/actor/ptalon/demo/ptinyos/SenseToLeds/MicaBoard.xml at line 134 and column 63
	at ptolemy.moml.SimpleErrorHandler.handleError(SimpleErrorHandler.java:75)
	at ptolemy.moml.MoMLParser.startElement(MoMLParser.java:3805)
	at com.microstar.xml.XmlParser.parseElement(XmlParser.java:931)
	at com.microstar.xml.XmlParser.parseDocument(XmlParser.java:481)
	at com.microstar.xml.XmlParser.doParse(XmlParser.java:159)
	at com.microstar.xml.XmlParser.parse(XmlParser.java:132)
	at ptolemy.moml.MoMLParser.parse(MoMLParser.java:1660)
	at ptolemy.moml.MoMLParser.parse(MoMLParser.java:1617)
	at ptolemy.moml.MoMLParser.parse(MoMLParser.java:1792)
	at ptolemy.actor.ptalon.PtalonEvaluator.addActor(PtalonEvaluator.java:241)
	... 56 more
Caused by: ptolemy.kernel.util.IllegalActionException: Cannot find class: ptolemy.actor.ptalon.demo.ptinyos.SenseToLeds.MicaBoard. In Ptolemy, classes are typically Java .class files. Entities like actors may instead be defined within a .xml file.  In any case, the class was not found. If the class uses a third party package, then the class would be present only if the third party package was found at compile time.  It may be necessary to upgrade Java or install the third party package, reconfigure and recompile.
Because:
Element <entity name="MicaLeds" class="ptolemy.domains.ptinyos.lib.MicaLeds"> caused an exception to be thrown.
  in .MicaBoard
Because:
Cannot find class: ptolemy.domains.ptinyos.lib.MicaLeds. In Ptolemy, classes are typically Java .class files. Entities like actors may instead be defined within a .xml file.  In any case, the class was not found. If the class uses a third party package, then the class would be present only if the third party package was found at compile time.  It may be necessary to upgrade Java or install the third party package, reconfigure and recompile.
Because:
-- /home/travis/build/icyphy/ptII/ptolemy/actor/ptalon/demo/ptinyos/SenseToLeds/ptolemy/domains/ptinyos/lib/MicaLeds.xml (No such file or directory)
-- XML file not found relative to classpath.
-- /home/travis/build/icyphy/ptII/ptolemy/vergil/basic/export/test/ptolemy/domains/ptinyos/lib/MicaLeds.xml
/home/travis/build/icyphy/ptII/ptolemy/vergil/basic/export/test/ptolemy/domains/ptinyos/lib/MicaLeds.xml (No such file or directory)
 in file:/home/travis/build/icyphy/ptII/ptolemy/actor/ptalon/demo/ptinyos/SenseToLeds/MicaBoard.xml at line 134 and column 63
	at ptolemy.moml.MoMLParser._createEntity(MoMLParser.java:4330)
	at ptolemy.moml.MoMLParser.startElement(MoMLParser.java:2864)
	... 64 more
Caused by: ptolemy.kernel.util.InternalErrorException: Element <entity name="MicaLeds" class="ptolemy.domains.ptinyos.lib.MicaLeds"> caused an exception to be thrown.
  in .MicaBoard
Because:
Cannot find class: ptolemy.domains.ptinyos.lib.MicaLeds. In Ptolemy, classes are typically Java .class files. Entities like actors may instead be defined within a .xml file.  In any case, the class was not found. If the class uses a third party package, then the class would be present only if the third party package was found at compile time.  It may be necessary to upgrade Java or install the third party package, reconfigure and recompile.
Because:
-- /home/travis/build/icyphy/ptII/ptolemy/actor/ptalon/demo/ptinyos/SenseToLeds/ptolemy/domains/ptinyos/lib/MicaLeds.xml (No such file or directory)
-- XML file not found relative to classpath.
-- /home/travis/build/icyphy/ptII/ptolemy/vergil/basic/export/test/ptolemy/domains/ptinyos/lib/MicaLeds.xml
/home/travis/build/icyphy/ptII/ptolemy/vergil/basic/export/test/ptolemy/domains/ptinyos/lib/MicaLeds.xml (No such file or directory)
 in file:/home/travis/build/icyphy/ptII/ptolemy/actor/ptalon/demo/ptinyos/SenseToLeds/MicaBoard.xml at line 134 and column 63
	at ptolemy.moml.SimpleErrorHandler.handleError(SimpleErrorHandler.java:75)
	at ptolemy.moml.MoMLParser.startElement(MoMLParser.java:3805)
	at com.microstar.xml.XmlParser.parseElement(XmlParser.java:921)
	at com.microstar.xml.XmlParser.parseContent(XmlParser.java:1104)
	at com.microstar.xml.XmlParser.parseElement(XmlParser.java:924)
	at com.microstar.xml.XmlParser.parseDocument(XmlParser.java:481)
	at com.microstar.xml.XmlParser.doParse(XmlParser.java:159)
	at com.microstar.xml.XmlParser.parse(XmlParser.java:132)
	at ptolemy.moml.MoMLParser.parse(MoMLParser.java:1676)
	at ptolemy.moml.MoMLParser.parse(MoMLParser.java:1595)
	at ptolemy.moml.MoMLParser.parse(MoMLParser.java:1537)
	at ptolemy.moml.MoMLParser._findOrParse(MoMLParser.java:5286)
	at ptolemy.moml.MoMLParser._attemptToFindMoMLClass(MoMLParser.java:4075)
	at ptolemy.moml.MoMLParser._createEntity(MoMLParser.java:4323)
	... 65 more
Caused by: ptolemy.kernel.util.IllegalActionException: Cannot find class: ptolemy.domains.ptinyos.lib.MicaLeds. In Ptolemy, classes are typically Java .class files. Entities like actors may instead be defined within a .xml file.  In any case, the class was not found. If the class uses a third party package, then the class would be present only if the third party package was found at compile time.  It may be necessary to upgrade Java or install the third party package, reconfigure and recompile.
Because:
-- /home/travis/build/icyphy/ptII/ptolemy/actor/ptalon/demo/ptinyos/SenseToLeds/ptolemy/domains/ptinyos/lib/MicaLeds.xml (No such file or directory)
-- XML file not found relative to classpath.
-- /home/travis/build/icyphy/ptII/ptolemy/vergil/basic/export/test/ptolemy/domains/ptinyos/lib/MicaLeds.xml
/home/travis/build/icyphy/ptII/ptolemy/vergil/basic/export/test/ptolemy/domains/ptinyos/lib/MicaLeds.xml (No such file or directory)
 in file:/home/travis/build/icyphy/ptII/ptolemy/actor/ptalon/demo/ptinyos/SenseToLeds/MicaBoard.xml at line 134 and column 63
	at ptolemy.moml.MoMLParser._createEntity(MoMLParser.java:4330)
	at ptolemy.moml.MoMLParser.startElement(MoMLParser.java:2864)
	... 77 more
Caused by: com.microstar.xml.XmlException: -- /home/travis/build/icyphy/ptII/ptolemy/actor/ptalon/demo/ptinyos/SenseToLeds/ptolemy/domains/ptinyos/lib/MicaLeds.xml (No such file or directory)
-- XML file not found relative to classpath.
-- /home/travis/build/icyphy/ptII/ptolemy/vergil/basic/export/test/ptolemy/domains/ptinyos/lib/MicaLeds.xml
/home/travis/build/icyphy/ptII/ptolemy/vergil/basic/export/test/ptolemy/domains/ptinyos/lib/MicaLeds.xml (No such file or directory)
 in file:/home/travis/build/icyphy/ptII/ptolemy/actor/ptalon/demo/ptinyos/SenseToLeds/MicaBoard.xml at line 134 and column 63
	at ptolemy.moml.MoMLParser.fileNameToURL(MoMLParser.java:1414)
	at ptolemy.moml.MoMLParser._findOrParse(MoMLParser.java:5283)
	at ptolemy.moml.MoMLParser._attemptToFindMoMLClass(MoMLParser.java:4075)
	at ptolemy.moml.MoMLParser._createEntity(MoMLParser.java:4323)
	... 78 more
Caused by: ptolemy.actor.ptalon.PtalonRuntimeException: Unable to add actor null
	at ptolemy.actor.ptalon.PtalonEvaluator.addActor(PtalonEvaluator.java:300)
	at ptolemy.actor.ptalon.PtalonPopulator.actor_declaration(PtalonPopulator.java:1574)
	at ptolemy.actor.ptalon.PtalonPopulator.atomic_statement(PtalonPopulator.java:1638)
	at ptolemy.actor.ptalon.PtalonPopulator.iterative_statement_evaluator(PtalonPopulator.java:2484)
	at ptolemy.actor.ptalon.AbstractPtalonEvaluator$IfTree.evaluateForScope(AbstractPtalonEvaluator.java:1307)
	at ptolemy.actor.ptalon.AbstractPtalonEvaluator.evaluateForScope(AbstractPtalonEvaluator.java:744)
	at ptolemy.actor.ptalon.PtalonPopulator.iterative_statement(PtalonPopulator.java:2363)
	at ptolemy.actor.ptalon.PtalonPopulator.actor_definition(PtalonPopulator.java:2809)
	at ptolemy.actor.ptalon.PtalonActor.attributeChanged(PtalonActor.java:206)
	at ptolemy.actor.ptalon.PtalonMLHandler.startElement(PtalonMLHandler.java:134)
	at com.microstar.xml.XmlParser.parseElement(XmlParser.java:921)
	at com.microstar.xml.XmlParser.parseContent(XmlParser.java:1104)
	at com.microstar.xml.XmlParser.parseElement(XmlParser.java:924)
	at com.microstar.xml.XmlParser.parseDocument(XmlParser.java:481)
	at com.microstar.xml.XmlParser.doParse(XmlParser.java:159)
	at com.microstar.xml.XmlParser.parse(XmlParser.java:132)
	at ptolemy.actor.ptalon.PtalonActor.configure(PtalonActor.java:240)
	at ptolemy.moml.MoMLParser.endElement(MoMLParser.java:996)
	at com.microstar.xml.XmlParser.parseETag(XmlParser.java:1026)
	at com.microstar.xml.XmlParser.parseContent(XmlParser.java:1098)
	at com.microstar.xml.XmlParser.parseElement(XmlParser.java:924)
	at com.microstar.xml.XmlParser.parseContent(XmlParser.java:1104)
	at com.microstar.xml.XmlParser.parseElement(XmlParser.java:924)
	at com.microstar.xml.XmlParser.parseContent(XmlParser.java:1104)
	at com.microstar.xml.XmlParser.parseElement(XmlParser.java:924)
	at com.microstar.xml.XmlParser.parseDocument(XmlParser.java:481)
	at com.microstar.xml.XmlParser.doParse(XmlParser.java:159)
	at com.microstar.xml.XmlParser.parse(XmlParser.java:132)
	at ptolemy.moml.MoMLParser.parse(MoMLParser.java:1676)
	at ptolemy.moml.MoMLParser.parse(MoMLParser.java:1595)
	at ptolemy.moml.MoMLParser.parse(MoMLParser.java:1537)
	at ptolemy.actor.gui.PtolemyEffigy$Factory.createEffigy(PtolemyEffigy.java:424)
	at ptolemy.actor.gui.EffigyFactory.createEffigy(EffigyFactory.java:234)
	at ptolemy.actor.gui.Configuration.openModel(Configuration.java:1125)
	at ptolemy.actor.gui.Configuration.openModel(Configuration.java:1051)
	at ptolemy.actor.gui.ConfigurationApplication._openModel(ConfigurationApplication.java:1252)
	at ptolemy.actor.gui.ConfigurationApplication._parseArg(ConfigurationApplication.java:1399)
	at ptolemy.actor.gui.ConfigurationApplication._parseArgs(ConfigurationApplication.java:1478)
	at ptolemy.actor.gui.ConfigurationApplication.<init>(ConfigurationApplication.java:277)
	at ptolemy.actor.gui.ConfigurationApplication.<init>(ConfigurationApplication.java:214)
	at ptolemy.actor.gui.ConfigurationApplication.<init>(ConfigurationApplication.java:201)
	at ptolemy.actor.gui.ConfigurationApplication.openModelOrEntity(ConfigurationApplication.java:680)
	at ptolemy.vergil.basic.export.ExportModel$1.run(ExportModel.java:220)
	at java.awt.event.InvocationEvent.dispatch(InvocationEvent.java:301)
	at java.awt.EventQueue.dispatchEventImpl(EventQueue.java:756)
	at java.awt.EventQueue.access$500(EventQueue.java:97)
	at java.awt.EventQueue$3.run(EventQueue.java:709)
	at java.awt.EventQueue$3.run(EventQueue.java:703)
	at java.security.AccessController.doPrivileged(Native Method)
	at java.security.ProtectionDomain$JavaSecurityAccessImpl.doIntersectionPrivilege(ProtectionDomain.java:80)
	at java.awt.EventQueue.dispatchEvent(EventQueue.java:726)
	at java.awt.EventDispatchThread.pumpOneEventForFilters(EventDispatchThread.java:201)
	at java.awt.EventDispatchThread.pumpEventsForFilter(EventDispatchThread.java:116)
	at java.awt.EventDispatchThread.pumpEventsForHierarchy(EventDispatchThread.java:105)
	at java.awt.EventDispatchThread.pumpEvents(EventDispatchThread.java:101)
	at java.awt.EventDispatchThread.pumpEvents(EventDispatchThread.java:93)
	at java.awt.EventDispatchThread.run(EventDispatchThread.java:82)
Caused by: ptolemy.kernel.util.InternalErrorException: Element <entity name="node1" class="ptolemy.actor.ptalon.demo.ptinyos.SenseToLeds.MicaBoard"> caused an exception to be thrown.
  in .SenseToLeds.SenseToLeds
Because:
Cannot find class: ptolemy.actor.ptalon.demo.ptinyos.SenseToLeds.MicaBoard. In Ptolemy, classes are typically Java .class files. Entities like actors may instead be defined within a .xml file.  In any case, the class was not found. If the class uses a third party package, then the class would be present only if the third party package was found at compile time.  It may be necessary to upgrade Java or install the third party package, reconfigure and recompile.
Because:
Element <entity name="MicaLeds" class="ptolemy.domains.ptinyos.lib.MicaLeds"> caused an exception to be thrown.
  in .MicaBoard
Because:
Cannot find class: ptolemy.domains.ptinyos.lib.MicaLeds. In Ptolemy, classes are typically Java .class files. Entities like actors may instead be defined within a .xml file.  In any case, the class was not found. If the class uses a third party package, then the class would be present only if the third party package was found at compile time.  It may be necessary to upgrade Java or install the third party package, reconfigure and recompile.
Because:
-- /home/travis/build/icyphy/ptII/ptolemy/actor/ptalon/demo/ptinyos/SenseToLeds/ptolemy/domains/ptinyos/lib/MicaLeds.xml (No such file or directory)
-- XML file not found relative to classpath.
-- /home/travis/build/icyphy/ptII/ptolemy/vergil/basic/export/test/ptolemy/domains/ptinyos/lib/MicaLeds.xml
/home/travis/build/icyphy/ptII/ptolemy/vergil/basic/export/test/ptolemy/domains/ptinyos/lib/MicaLeds.xml (No such file or directory)
 in file:/home/travis/build/icyphy/ptII/ptolemy/actor/ptalon/demo/ptinyos/SenseToLeds/MicaBoard.xml at line 134 and column 63
	at ptolemy.moml.SimpleErrorHandler.handleError(SimpleErrorHandler.java:75)
	at ptolemy.moml.MoMLParser.startElement(MoMLParser.java:3805)
	at com.microstar.xml.XmlParser.parseElement(XmlParser.java:931)
	at com.microstar.xml.XmlParser.parseDocument(XmlParser.java:481)
	at com.microstar.xml.XmlParser.doParse(XmlParser.java:159)
	at com.microstar.xml.XmlParser.parse(XmlParser.java:132)
	at ptolemy.moml.MoMLParser.parse(MoMLParser.java:1660)
	at ptolemy.moml.MoMLParser.parse(MoMLParser.java:1617)
	at ptolemy.moml.MoMLParser.parse(MoMLParser.java:1792)
	at ptolemy.actor.ptalon.PtalonEvaluator.addActor(PtalonEvaluator.java:241)
	... 56 more
Caused by: ptolemy.kernel.util.IllegalActionException: Cannot find class: ptolemy.actor.ptalon.demo.ptinyos.SenseToLeds.MicaBoard. In Ptolemy, classes are typically Java .class files. Entities like actors may instead be defined within a .xml file.  In any case, the class was not found. If the class uses a third party package, then the class would be present only if the third party package was found at compile time.  It may be necessary to upgrade Java or install the third party package, reconfigure and recompile.
Because:
Element <entity name="MicaLeds" class="ptolemy.domains.ptinyos.lib.MicaLeds"> caused an exception to be thrown.
  in .MicaBoard
Because:
Cannot find class: ptolemy.domains.ptinyos.lib.MicaLeds. In Ptolemy, classes are typically Java .class files. Entities like actors may instead be defined within a .xml file.  In any case, the class was not found. If the class uses a third party package, then the class would be present only if the third party package was found at compile time.  It may be necessary to upgrade Java or install the third party package, reconfigure and recompile.
Because:
-- /home/travis/build/icyphy/ptII/ptolemy/actor/ptalon/demo/ptinyos/SenseToLeds/ptolemy/domains/ptinyos/lib/MicaLeds.xml (No such file or directory)
-- XML file not found relative to classpath.
-- /home/travis/build/icyphy/ptII/ptolemy/vergil/basic/export/test/ptolemy/domains/ptinyos/lib/MicaLeds.xml
/home/travis/build/icyphy/ptII/ptolemy/vergil/basic/export/test/ptolemy/domains/ptinyos/lib/MicaLeds.xml (No such file or directory)
 in file:/home/travis/build/icyphy/ptII/ptolemy/actor/ptalon/demo/ptinyos/SenseToLeds/MicaBoard.xml at line 134 and column 63
	at ptolemy.moml.MoMLParser._createEntity(MoMLParser.java:4330)
	at ptolemy.moml.MoMLParser.startElement(MoMLParser.java:2864)
	... 64 more
Caused by: ptolemy.kernel.util.InternalErrorException: Element <entity name="MicaLeds" class="ptolemy.domains.ptinyos.lib.MicaLeds"> caused an exception to be thrown.
  in .MicaBoard
Because:
Cannot find class: ptolemy.domains.ptinyos.lib.MicaLeds. In Ptolemy, classes are typically Java .class files. Entities like actors may instead be defined within a .xml file.  In any case, the class was not found. If the class uses a third party package, then the class would be present only if the third party package was found at compile time.  It may be necessary to upgrade Java or install the third party package, reconfigure and recompile.
Because:
-- /home/travis/build/icyphy/ptII/ptolemy/actor/ptalon/demo/ptinyos/SenseToLeds/ptolemy/domains/ptinyos/lib/MicaLeds.xml (No such file or directory)
-- XML file not found relative to classpath.
-- /home/travis/build/icyphy/ptII/ptolemy/vergil/basic/export/test/ptolemy/domains/ptinyos/lib/MicaLeds.xml
/home/travis/build/icyphy/ptII/ptolemy/vergil/basic/export/test/ptolemy/domains/ptinyos/lib/MicaLeds.xml (No such file or directory)
 in file:/home/travis/build/icyphy/ptII/ptolemy/actor/ptalon/demo/ptinyos/SenseToLeds/MicaBoard.xml at line 134 and column 63
	at ptolemy.moml.SimpleErrorHandler.handleError(SimpleErrorHandler.java:75)
	at ptolemy.moml.MoMLParser.startElement(MoMLParser.java:3805)
	at com.microstar.xml.XmlParser.parseElement(XmlParser.java:921)
	at com.microstar.xml.XmlParser.parseContent(XmlParser.java:1104)
	at com.microstar.xml.XmlParser.parseElement(XmlParser.java:924)
	at com.microstar.xml.XmlParser.parseDocument(XmlParser.java:481)
	at com.microstar.xml.XmlParser.doParse(XmlParser.java:159)
	at com.microstar.xml.XmlParser.parse(XmlParser.java:132)
	at ptolemy.moml.MoMLParser.parse(MoMLParser.java:1676)
	at ptolemy.moml.MoMLParser.parse(MoMLParser.java:1595)
	at ptolemy.moml.MoMLParser.parse(MoMLParser.java:1537)
	at ptolemy.moml.MoMLParser._findOrParse(MoMLParser.java:5286)
	at ptolemy.moml.MoMLParser._attemptToFindMoMLClass(MoMLParser.java:4075)
	at ptolemy.moml.MoMLParser._createEntity(MoMLParser.java:4323)
	... 65 more
Caused by: ptolemy.kernel.util.IllegalActionException: Cannot find class: ptolemy.domains.ptinyos.lib.MicaLeds. In Ptolemy, classes are typically Java .class files. Entities like actors may instead be defined within a .xml file.  In any case, the class was not found. If the class uses a third party package, then the class would be present only if the third party package was found at compile time.  It may be necessary to upgrade Java or install the third party package, reconfigure and recompile.
Because:
-- /home/travis/build/icyphy/ptII/ptolemy/actor/ptalon/demo/ptinyos/SenseToLeds/ptolemy/domains/ptinyos/lib/MicaLeds.xml (No such file or directory)
-- XML file not found relative to classpath.
-- /home/travis/build/icyphy/ptII/ptolemy/vergil/basic/export/test/ptolemy/domains/ptinyos/lib/MicaLeds.xml
/home/travis/build/icyphy/ptII/ptolemy/vergil/basic/export/test/ptolemy/domains/ptinyos/lib/MicaLeds.xml (No such file or directory)
 in file:/home/travis/build/icyphy/ptII/ptolemy/actor/ptalon/demo/ptinyos/SenseToLeds/MicaBoard.xml at line 134 and column 63
	at ptolemy.moml.MoMLParser._createEntity(MoMLParser.java:4330)
	at ptolemy.moml.MoMLParser.startElement(MoMLParser.java:2864)
	... 77 more
Caused by: com.microstar.xml.XmlException: -- /home/travis/build/icyphy/ptII/ptolemy/actor/ptalon/demo/ptinyos/SenseToLeds/ptolemy/domains/ptinyos/lib/MicaLeds.xml (No such file or directory)
-- XML file not found relative to classpath.
-- /home/travis/build/icyphy/ptII/ptolemy/vergil/basic/export/test/ptolemy/domains/ptinyos/lib/MicaLeds.xml
/home/travis/build/icyphy/ptII/ptolemy/vergil/basic/export/test/ptolemy/domains/ptinyos/lib/MicaLeds.xml (No such file or directory)
 in file:/home/travis/build/icyphy/ptII/ptolemy/actor/ptalon/demo/ptinyos/SenseToLeds/MicaBoard.xml at line 134 and column 63
	at ptolemy.moml.MoMLParser.fileNameToURL(MoMLParser.java:1414)
	at ptolemy.moml.MoMLParser._findOrParse(MoMLParser.java:5283)
	at ptolemy.moml.MoMLParser._attemptToFindMoMLClass(MoMLParser.java:4075)
	at ptolemy.moml.MoMLParser._createEntity(MoMLParser.java:4323)
	... 78 more
ptolemy.kernel.util.IllegalActionException: Failed to process attribute change to PtalonParameter, whose value is "ptolemy.actor.ptalon.PtalonExpressionParameter {.SenseToLeds.SenseToLeds.n} 2".
  in .SenseToLeds.SenseToLeds
Because:
Unable to add actor null
	at ptolemy.actor.ptalon.PtalonActor.attributeChanged(PtalonActor.java:211)
	at ptolemy.actor.ptalon.PtalonMLHandler.startElement(PtalonMLHandler.java:134)
	at com.microstar.xml.XmlParser.parseElement(XmlParser.java:921)
	at com.microstar.xml.XmlParser.parseContent(XmlParser.java:1104)
	at com.microstar.xml.XmlParser.parseElement(XmlParser.java:924)
	at com.microstar.xml.XmlParser.parseDocument(XmlParser.java:481)
	at com.microstar.xml.XmlParser.doParse(XmlParser.java:159)
	at com.microstar.xml.XmlParser.parse(XmlParser.java:132)
	at ptolemy.actor.ptalon.PtalonActor.configure(PtalonActor.java:240)
	at ptolemy.moml.MoMLParser.endElement(MoMLParser.java:996)
	at com.microstar.xml.XmlParser.parseETag(XmlParser.java:1026)
	at com.microstar.xml.XmlParser.parseContent(XmlParser.java:1098)
	at com.microstar.xml.XmlParser.parseElement(XmlParser.java:924)
	at com.microstar.xml.XmlParser.parseContent(XmlParser.java:1104)
	at com.microstar.xml.XmlParser.parseElement(XmlParser.java:924)
	at com.microstar.xml.XmlParser.parseContent(XmlParser.java:1104)
	at com.microstar.xml.XmlParser.parseElement(XmlParser.java:924)
	at com.microstar.xml.XmlParser.parseDocument(XmlParser.java:481)
	at com.microstar.xml.XmlParser.doParse(XmlParser.java:159)
	at com.microstar.xml.XmlParser.parse(XmlParser.java:132)
	at ptolemy.moml.MoMLParser.parse(MoMLParser.java:1676)
	at ptolemy.moml.MoMLParser.parse(MoMLParser.java:1595)
	at ptolemy.moml.MoMLParser.parse(MoMLParser.java:1537)
	at ptolemy.actor.gui.PtolemyEffigy$Factory.createEffigy(PtolemyEffigy.java:424)
	at ptolemy.actor.gui.EffigyFactory.createEffigy(EffigyFactory.java:234)
	at ptolemy.actor.gui.Configuration.openModel(Configuration.java:1125)
	at ptolemy.actor.gui.Configuration.openModel(Configuration.java:1051)
	at ptolemy.actor.gui.ConfigurationApplication._openModel(ConfigurationApplication.java:1252)
	at ptolemy.actor.gui.ConfigurationApplication._parseArg(ConfigurationApplication.java:1399)
	at ptolemy.actor.gui.ConfigurationApplication._parseArgs(ConfigurationApplication.java:1478)
	at ptolemy.actor.gui.ConfigurationApplication.<init>(ConfigurationApplication.java:277)
	at ptolemy.actor.gui.ConfigurationApplication.<init>(ConfigurationApplication.java:214)
	at ptolemy.actor.gui.ConfigurationApplication.<init>(ConfigurationApplication.java:201)
	at ptolemy.actor.gui.ConfigurationApplication.openModelOrEntity(ConfigurationApplication.java:680)
	at ptolemy.vergil.basic.export.ExportModel$1.run(ExportModel.java:220)
	at java.awt.event.InvocationEvent.dispatch(InvocationEvent.java:301)
	at java.awt.EventQueue.dispatchEventImpl(EventQueue.java:756)
	at java.awt.EventQueue.access$500(EventQueue.java:97)
	at java.awt.EventQueue$3.run(EventQueue.java:709)
	at java.awt.EventQueue$3.run(EventQueue.java:703)
	at java.security.AccessController.doPrivileged(Native Method)
	at java.security.ProtectionDomain$JavaSecurityAccessImpl.doIntersectionPrivilege(ProtectionDomain.java:80)
	at java.awt.EventQueue.dispatchEvent(EventQueue.java:726)
	at java.awt.EventDispatchThread.pumpOneEventForFilters(EventDispatchThread.java:201)
	at java.awt.EventDispatchThread.pumpEventsForFilter(EventDispatchThread.java:116)
	at java.awt.EventDispatchThread.pumpEventsForHierarchy(EventDispatchThread.java:105)
	at java.awt.EventDispatchThread.pumpEvents(EventDispatchThread.java:101)
	at java.awt.EventDispatchThread.pumpEvents(EventDispatchThread.java:93)
	at java.awt.EventDispatchThread.run(EventDispatchThread.java:82)
Caused by: ptolemy.actor.ptalon.PtalonRuntimeException: Unable to add actor null
	at ptolemy.actor.ptalon.PtalonEvaluator.addActor(PtalonEvaluator.java:300)
	at ptolemy.actor.ptalon.PtalonPopulator.actor_declaration(PtalonPopulator.java:1574)
	at ptolemy.actor.ptalon.PtalonPopulator.atomic_statement(PtalonPopulator.java:1638)
	at ptolemy.actor.ptalon.PtalonPopulator.iterative_statement_evaluator(PtalonPopulator.java:2484)
	at ptolemy.actor.ptalon.AbstractPtalonEvaluator$IfTree.evaluateForScope(AbstractPtalonEvaluator.java:1307)
	at ptolemy.actor.ptalon.AbstractPtalonEvaluator.evaluateForScope(AbstractPtalonEvaluator.java:744)
	at ptolemy.actor.ptalon.PtalonPopulator.iterative_statement(PtalonPopulator.java:2363)
	at ptolemy.actor.ptalon.PtalonPopulator.actor_definition(PtalonPopulator.java:2809)
	at ptolemy.actor.ptalon.PtalonActor.attributeChanged(PtalonActor.java:206)
	... 48 more
Caused by: ptolemy.kernel.util.InternalErrorException: Element <entity name="node1" class="ptolemy.actor.ptalon.demo.ptinyos.SenseToLeds.MicaBoard"> caused an exception to be thrown.
  in .SenseToLeds.SenseToLeds
Because:
Cannot find class: ptolemy.actor.ptalon.demo.ptinyos.SenseToLeds.MicaBoard. In Ptolemy, classes are typically Java .class files. Entities like actors may instead be defined within a .xml file.  In any case, the class was not found. If the class uses a third party package, then the class would be present only if the third party package was found at compile time.  It may be necessary to upgrade Java or install the third party package, reconfigure and recompile.
Because:
Element <entity name="MicaLeds" class="ptolemy.domains.ptinyos.lib.MicaLeds"> caused an exception to be thrown.
  in .MicaBoard
Because:
Cannot find class: ptolemy.domains.ptinyos.lib.MicaLeds. In Ptolemy, classes are typically Java .class files. Entities like actors may instead be defined within a .xml file.  In any case, the class was not found. If the class uses a third party package, then the class would be present only if the third party package was found at compile time.  It may be necessary to upgrade Java or install the third party package, reconfigure and recompile.
Because:
-- /home/travis/build/icyphy/ptII/ptolemy/actor/ptalon/demo/ptinyos/SenseToLeds/ptolemy/domains/ptinyos/lib/MicaLeds.xml (No such file or directory)
-- XML file not found relative to classpath.
-- /home/travis/build/icyphy/ptII/ptolemy/vergil/basic/export/test/ptolemy/domains/ptinyos/lib/MicaLeds.xml
/home/travis/build/icyphy/ptII/ptolemy/vergil/basic/export/test/ptolemy/domains/ptinyos/lib/MicaLeds.xml (No such file or directory)
 in file:/home/travis/build/icyphy/ptII/ptolemy/actor/ptalon/demo/ptinyos/SenseToLeds/MicaBoard.xml at line 134 and column 63
	at ptolemy.moml.SimpleErrorHandler.handleError(SimpleErrorHandler.java:75)
	at ptolemy.moml.MoMLParser.startElement(MoMLParser.java:3805)
	at com.microstar.xml.XmlParser.parseElement(XmlParser.java:931)
	at com.microstar.xml.XmlParser.parseDocument(XmlParser.java:481)
	at com.microstar.xml.XmlParser.doParse(XmlParser.java:159)
	at com.microstar.xml.XmlParser.parse(XmlParser.java:132)
	at ptolemy.moml.MoMLParser.parse(MoMLParser.java:1660)
	at ptolemy.moml.MoMLParser.parse(MoMLParser.java:1617)
	at ptolemy.moml.MoMLParser.parse(MoMLParser.java:1792)
	at ptolemy.actor.ptalon.PtalonEvaluator.addActor(PtalonEvaluator.java:241)
	... 56 more
Caused by: ptolemy.kernel.util.IllegalActionException: Cannot find class: ptolemy.actor.ptalon.demo.ptinyos.SenseToLeds.MicaBoard. In Ptolemy, classes are typically Java .class files. Entities like actors may instead be defined within a .xml file.  In any case, the class was not found. If the class uses a third party package, then the class would be present only if the third party package was found at compile time.  It may be necessary to upgrade Java or install the third party package, reconfigure and recompile.
Because:
Element <entity name="MicaLeds" class="ptolemy.domains.ptinyos.lib.MicaLeds"> caused an exception to be thrown.
  in .MicaBoard
Because:
Cannot find class: ptolemy.domains.ptinyos.lib.MicaLeds. In Ptolemy, classes are typically Java .class files. Entities like actors may instead be defined within a .xml file.  In any case, the class was not found. If the class uses a third party package, then the class would be present only if the third party package was found at compile time.  It may be necessary to upgrade Java or install the third party package, reconfigure and recompile.
Because:
-- /home/travis/build/icyphy/ptII/ptolemy/actor/ptalon/demo/ptinyos/SenseToLeds/ptolemy/domains/ptinyos/lib/MicaLeds.xml (No such file or directory)
-- XML file not found relative to classpath.
-- /home/travis/build/icyphy/ptII/ptolemy/vergil/basic/export/test/ptolemy/domains/ptinyos/lib/MicaLeds.xml
/home/travis/build/icyphy/ptII/ptolemy/vergil/basic/export/test/ptolemy/domains/ptinyos/lib/MicaLeds.xml (No such file or directory)
 in file:/home/travis/build/icyphy/ptII/ptolemy/actor/ptalon/demo/ptinyos/SenseToLeds/MicaBoard.xml at line 134 and column 63
	at ptolemy.moml.MoMLParser._createEntity(MoMLParser.java:4330)
	at ptolemy.moml.MoMLParser.startElement(MoMLParser.java:2864)
	... 64 more
Caused by: ptolemy.kernel.util.InternalErrorException: Element <entity name="MicaLeds" class="ptolemy.domains.ptinyos.lib.MicaLeds"> caused an exception to be thrown.
  in .MicaBoard
Because:
Cannot find class: ptolemy.domains.ptinyos.lib.MicaLeds. In Ptolemy, classes are typically Java .class files. Entities like actors may instead be defined within a .xml file.  In any case, the class was not found. If the class uses a third party package, then the class would be present only if the third party package was found at compile time.  It may be necessary to upgrade Java or install the third party package, reconfigure and recompile.
Because:
-- /home/travis/build/icyphy/ptII/ptolemy/actor/ptalon/demo/ptinyos/SenseToLeds/ptolemy/domains/ptinyos/lib/MicaLeds.xml (No such file or directory)
-- XML file not found relative to classpath.
-- /home/travis/build/icyphy/ptII/ptolemy/vergil/basic/export/test/ptolemy/domains/ptinyos/lib/MicaLeds.xml
/home/travis/build/icyphy/ptII/ptolemy/vergil/basic/export/test/ptolemy/domains/ptinyos/lib/MicaLeds.xml (No such file or directory)
 in file:/home/travis/build/icyphy/ptII/ptolemy/actor/ptalon/demo/ptinyos/SenseToLeds/MicaBoard.xml at line 134 and column 63
	at ptolemy.moml.SimpleErrorHandler.handleError(SimpleErrorHandler.java:75)
	at ptolemy.moml.MoMLParser.startElement(MoMLParser.java:3805)
	at com.microstar.xml.XmlParser.parseElement(XmlParser.java:921)
	at com.microstar.xml.XmlParser.parseContent(XmlParser.java:1104)
	at com.microstar.xml.XmlParser.parseElement(XmlParser.java:924)
	at com.microstar.xml.XmlParser.parseDocument(XmlParser.java:481)
	at com.microstar.xml.XmlParser.doParse(XmlParser.java:159)
	at com.microstar.xml.XmlParser.parse(XmlParser.java:132)
	at ptolemy.moml.MoMLParser.parse(MoMLParser.java:1676)
	at ptolemy.moml.MoMLParser.parse(MoMLParser.java:1595)
	at ptolemy.moml.MoMLParser.parse(MoMLParser.java:1537)
	at ptolemy.moml.MoMLParser._findOrParse(MoMLParser.java:5286)
	at ptolemy.moml.MoMLParser._attemptToFindMoMLClass(MoMLParser.java:4075)
	at ptolemy.moml.MoMLParser._createEntity(MoMLParser.java:4323)
	... 65 more
Caused by: ptolemy.kernel.util.IllegalActionException: Cannot find class: ptolemy.domains.ptinyos.lib.MicaLeds. In Ptolemy, classes are typically Java .class files. Entities like actors may instead be defined within a .xml file.  In any case, the class was not found. If the class uses a third party package, then the class would be present only if the third party package was found at compile time.  It may be necessary to upgrade Java or install the third party package, reconfigure and recompile.
Because:
-- /home/travis/build/icyphy/ptII/ptolemy/actor/ptalon/demo/ptinyos/SenseToLeds/ptolemy/domains/ptinyos/lib/MicaLeds.xml (No such file or directory)
-- XML file not found relative to classpath.
-- /home/travis/build/icyphy/ptII/ptolemy/vergil/basic/export/test/ptolemy/domains/ptinyos/lib/MicaLeds.xml
/home/travis/build/icyphy/ptII/ptolemy/vergil/basic/export/test/ptolemy/domains/ptinyos/lib/MicaLeds.xml (No such file or directory)
 in file:/home/travis/build/icyphy/ptII/ptolemy/actor/ptalon/demo/ptinyos/SenseToLeds/MicaBoard.xml at line 134 and column 63
	at ptolemy.moml.MoMLParser._createEntity(MoMLParser.java:4330)
	at ptolemy.moml.MoMLParser.startElement(MoMLParser.java:2864)
	... 77 more
Caused by: com.microstar.xml.XmlException: -- /home/travis/build/icyphy/ptII/ptolemy/actor/ptalon/demo/ptinyos/SenseToLeds/ptolemy/domains/ptinyos/lib/MicaLeds.xml (No such file or directory)
-- XML file not found relative to classpath.
-- /home/travis/build/icyphy/ptII/ptolemy/vergil/basic/export/test/ptolemy/domains/ptinyos/lib/MicaLeds.xml
/home/travis/build/icyphy/ptII/ptolemy/vergil/basic/export/test/ptolemy/domains/ptinyos/lib/MicaLeds.xml (No such file or directory)
 in file:/home/travis/build/icyphy/ptII/ptolemy/actor/ptalon/demo/ptinyos/SenseToLeds/MicaBoard.xml at line 134 and column 63
	at ptolemy.moml.MoMLParser.fileNameToURL(MoMLParser.java:1414)
	at ptolemy.moml.MoMLParser._findOrParse(MoMLParser.java:5283)
	at ptolemy.moml.MoMLParser._attemptToFindMoMLClass(MoMLParser.java:4075)
	at ptolemy.moml.MoMLParser._createEntity(MoMLParser.java:4323)
	... 78 more
Caused by: ptolemy.actor.ptalon.PtalonRuntimeException: Unable to add actor null
	at ptolemy.actor.ptalon.PtalonEvaluator.addActor(PtalonEvaluator.java:300)
	at ptolemy.actor.ptalon.PtalonPopulator.actor_declaration(PtalonPopulator.java:1574)
	at ptolemy.actor.ptalon.PtalonPopulator.atomic_statement(PtalonPopulator.java:1638)
	at ptolemy.actor.ptalon.PtalonPopulator.iterative_statement_evaluator(PtalonPopulator.java:2484)
	at ptolemy.actor.ptalon.AbstractPtalonEvaluator$IfTree.evaluateForScope(AbstractPtalonEvaluator.java:1307)
	at ptolemy.actor.ptalon.AbstractPtalonEvaluator.evaluateForScope(AbstractPtalonEvaluator.java:744)
	at ptolemy.actor.ptalon.PtalonPopulator.iterative_statement(PtalonPopulator.java:2363)
	at ptolemy.actor.ptalon.PtalonPopulator.actor_definition(PtalonPopulator.java:2809)
	at ptolemy.actor.ptalon.PtalonActor.attributeChanged(PtalonActor.java:206)
	at ptolemy.actor.ptalon.PtalonMLHandler.startElement(PtalonMLHandler.java:134)
	at com.microstar.xml.XmlParser.parseElement(XmlParser.java:921)
	at com.microstar.xml.XmlParser.parseContent(XmlParser.java:1104)
	at com.microstar.xml.XmlParser.parseElement(XmlParser.java:924)
	at com.microstar.xml.XmlParser.parseDocument(XmlParser.java:481)
	at com.microstar.xml.XmlParser.doParse(XmlParser.java:159)
	at com.microstar.xml.XmlParser.parse(XmlParser.java:132)
	at ptolemy.actor.ptalon.PtalonActor.configure(PtalonActor.java:240)
	at ptolemy.moml.MoMLParser.endElement(MoMLParser.java:996)
	at com.microstar.xml.XmlParser.parseETag(XmlParser.java:1026)
	at com.microstar.xml.XmlParser.parseContent(XmlParser.java:1098)
	at com.microstar.xml.XmlParser.parseElement(XmlParser.java:924)
	at com.microstar.xml.XmlParser.parseContent(XmlParser.java:1104)
	at com.microstar.xml.XmlParser.parseElement(XmlParser.java:924)
	at com.microstar.xml.XmlParser.parseContent(XmlParser.java:1104)
	at com.microstar.xml.XmlParser.parseElement(XmlParser.java:924)
	at com.microstar.xml.XmlParser.parseDocument(XmlParser.java:481)
	at com.microstar.xml.XmlParser.doParse(XmlParser.java:159)
	at com.microstar.xml.XmlParser.parse(XmlParser.java:132)
	at ptolemy.moml.MoMLParser.parse(MoMLParser.java:1676)
	at ptolemy.moml.MoMLParser.parse(MoMLParser.java:1595)
	at ptolemy.moml.MoMLParser.parse(MoMLParser.java:1537)
	at ptolemy.actor.gui.PtolemyEffigy$Factory.createEffigy(PtolemyEffigy.java:424)
	at ptolemy.actor.gui.EffigyFactory.createEffigy(EffigyFactory.java:234)
	at ptolemy.actor.gui.Configuration.openModel(Configuration.java:1125)
	at ptolemy.actor.gui.Configuration.openModel(Configuration.java:1051)
	at ptolemy.actor.gui.ConfigurationApplication._openModel(ConfigurationApplication.java:1252)
	at ptolemy.actor.gui.ConfigurationApplication._parseArg(ConfigurationApplication.java:1399)
	at ptolemy.actor.gui.ConfigurationApplication._parseArgs(ConfigurationApplication.java:1478)
	at ptolemy.actor.gui.ConfigurationApplication.<init>(ConfigurationApplication.java:277)
	at ptolemy.actor.gui.ConfigurationApplication.<init>(ConfigurationApplication.java:214)
	at ptolemy.actor.gui.ConfigurationApplication.<init>(ConfigurationApplication.java:201)
	at ptolemy.actor.gui.ConfigurationApplication.openModelOrEntity(ConfigurationApplication.java:680)
	at ptolemy.vergil.basic.export.ExportModel$1.run(ExportModel.java:220)
	at java.awt.event.InvocationEvent.dispatch(InvocationEvent.java:301)
	at java.awt.EventQueue.dispatchEventImpl(EventQueue.java:756)
	at java.awt.EventQueue.access$500(EventQueue.java:97)
	at java.awt.EventQueue$3.run(EventQueue.java:709)
	at java.awt.EventQueue$3.run(EventQueue.java:703)
	at java.security.AccessController.doPrivileged(Native Method)
	at java.security.ProtectionDomain$JavaSecurityAccessImpl.doIntersectionPrivilege(ProtectionDomain.java:80)
	at java.awt.EventQueue.dispatchEvent(EventQueue.java:726)
	at java.awt.EventDispatchThread.pumpOneEventForFilters(EventDispatchThread.java:201)
	at java.awt.EventDispatchThread.pumpEventsForFilter(EventDispatchThread.java:116)
	at java.awt.EventDispatchThread.pumpEventsForHierarchy(EventDispatchThread.java:105)
	at java.awt.EventDispatchThread.pumpEvents(EventDispatchThread.java:101)
	at java.awt.EventDispatchThread.pumpEvents(EventDispatchThread.java:93)
	at java.awt.EventDispatchThread.run(EventDispatchThread.java:82)
Caused by: ptolemy.kernel.util.InternalErrorException: Element <entity name="node1" class="ptolemy.actor.ptalon.demo.ptinyos.SenseToLeds.MicaBoard"> caused an exception to be thrown.
  in .SenseToLeds.SenseToLeds
Because:
Cannot find class: ptolemy.actor.ptalon.demo.ptinyos.SenseToLeds.MicaBoard. In Ptolemy, classes are typically Java .class files. Entities like actors may instead be defined within a .xml file.  In any case, the class was not found. If the class uses a third party package, then the class would be present only if the third party package was found at compile time.  It may be necessary to upgrade Java or install the third party package, reconfigure and recompile.
Because:
Element <entity name="MicaLeds" class="ptolemy.domains.ptinyos.lib.MicaLeds"> caused an exception to be thrown.
  in .MicaBoard
Because:
Cannot find class: ptolemy.domains.ptinyos.lib.MicaLeds. In Ptolemy, classes are typically Java .class files. Entities like actors may instead be defined within a .xml file.  In any case, the class was not found. If the class uses a third party package, then the class would be present only if the third party package was found at compile time.  It may be necessary to upgrade Java or install the third party package, reconfigure and recompile.
Because:
-- /home/travis/build/icyphy/ptII/ptolemy/actor/ptalon/demo/ptinyos/SenseToLeds/ptolemy/domains/ptinyos/lib/MicaLeds.xml (No such file or directory)
-- XML file not found relative to classpath.
-- /home/travis/build/icyphy/ptII/ptolemy/vergil/basic/export/test/ptolemy/domains/ptinyos/lib/MicaLeds.xml
/home/travis/build/icyphy/ptII/ptolemy/vergil/basic/export/test/ptolemy/domains/ptinyos/lib/MicaLeds.xml (No such file or directory)
 in file:/home/travis/build/icyphy/ptII/ptolemy/actor/ptalon/demo/ptinyos/SenseToLeds/MicaBoard.xml at line 134 and column 63
	at ptolemy.moml.SimpleErrorHandler.handleError(SimpleErrorHandler.java:75)
	at ptolemy.moml.MoMLParser.startElement(MoMLParser.java:3805)
	at com.microstar.xml.XmlParser.parseElement(XmlParser.java:931)
	at com.microstar.xml.XmlParser.parseDocument(XmlParser.java:481)
	at com.microstar.xml.XmlParser.doParse(XmlParser.java:159)
	at com.microstar.xml.XmlParser.parse(XmlParser.java:132)
	at ptolemy.moml.MoMLParser.parse(MoMLParser.java:1660)
	at ptolemy.moml.MoMLParser.parse(MoMLParser.java:1617)
	at ptolemy.moml.MoMLParser.parse(MoMLParser.java:1792)
	at ptolemy.actor.ptalon.PtalonEvaluator.addActor(PtalonEvaluator.java:241)
	... 56 more
Caused by: ptolemy.kernel.util.IllegalActionException: Cannot find class: ptolemy.actor.ptalon.demo.ptinyos.SenseToLeds.MicaBoard. In Ptolemy, classes are typically Java .class files. Entities like actors may instead be defined within a .xml file.  In any case, the class was not found. If the class uses a third party package, then the class would be present only if the third party package was found at compile time.  It may be necessary to upgrade Java or install the third party package, reconfigure and recompile.
Because:
Element <entity name="MicaLeds" class="ptolemy.domains.ptinyos.lib.MicaLeds"> caused an exception to be thrown.
  in .MicaBoard
Because:
Cannot find class: ptolemy.domains.ptinyos.lib.MicaLeds. In Ptolemy, classes are typically Java .class files. Entities like actors may instead be defined within a .xml file.  In any case, the class was not found. If the class uses a third party package, then the class would be present only if the third party package was found at compile time.  It may be necessary to upgrade Java or install the third party package, reconfigure and recompile.
Because:
-- /home/travis/build/icyphy/ptII/ptolemy/actor/ptalon/demo/ptinyos/SenseToLeds/ptolemy/domains/ptinyos/lib/MicaLeds.xml (No such file or directory)
-- XML file not found relative to classpath.
-- /home/travis/build/icyphy/ptII/ptolemy/vergil/basic/export/test/ptolemy/domains/ptinyos/lib/MicaLeds.xml
/home/travis/build/icyphy/ptII/ptolemy/vergil/basic/export/test/ptolemy/domains/ptinyos/lib/MicaLeds.xml (No such file or directory)
 in file:/home/travis/build/icyphy/ptII/ptolemy/actor/ptalon/demo/ptinyos/SenseToLeds/MicaBoard.xml at line 134 and column 63
	at ptolemy.moml.MoMLParser._createEntity(MoMLParser.java:4330)
	at ptolemy.moml.MoMLParser.startElement(MoMLParser.java:2864)
	... 64 more
Caused by: ptolemy.kernel.util.InternalErrorException: Element <entity name="MicaLeds" class="ptolemy.domains.ptinyos.lib.MicaLeds"> caused an exception to be thrown.
  in .MicaBoard
Because:
Cannot find class: ptolemy.domains.ptinyos.lib.MicaLeds. In Ptolemy, classes are typically Java .class files. Entities like actors may instead be defined within a .xml file.  In any case, the class was not found. If the class uses a third party package, then the class would be present only if the third party package was found at compile time.  It may be necessary to upgrade Java or install the third party package, reconfigure and recompile.
Because:
-- /home/travis/build/icyphy/ptII/ptolemy/actor/ptalon/demo/ptinyos/SenseToLeds/ptolemy/domains/ptinyos/lib/MicaLeds.xml (No such file or directory)
-- XML file not found relative to classpath.
-- /home/travis/build/icyphy/ptII/ptolemy/vergil/basic/export/test/ptolemy/domains/ptinyos/lib/MicaLeds.xml
/home/travis/build/icyphy/ptII/ptolemy/vergil/basic/export/test/ptolemy/domains/ptinyos/lib/MicaLeds.xml (No such file or directory)
 in file:/home/travis/build/icyphy/ptII/ptolemy/actor/ptalon/demo/ptinyos/SenseToLeds/MicaBoard.xml at line 134 and column 63
	at ptolemy.moml.SimpleErrorHandler.handleError(SimpleErrorHandler.java:75)
	at ptolemy.moml.MoMLParser.startElement(MoMLParser.java:3805)
	at com.microstar.xml.XmlParser.parseElement(XmlParser.java:921)
	at com.microstar.xml.XmlParser.parseContent(XmlParser.java:1104)
	at com.microstar.xml.XmlParser.parseElement(XmlParser.java:924)
	at com.microstar.xml.XmlParser.parseDocument(XmlParser.java:481)
	at com.microstar.xml.XmlParser.doParse(XmlParser.java:159)
	at com.microstar.xml.XmlParser.parse(XmlParser.java:132)
	at ptolemy.moml.MoMLParser.parse(MoMLParser.java:1676)
	at ptolemy.moml.MoMLParser.parse(MoMLParser.java:1595)
	at ptolemy.moml.MoMLParser.parse(MoMLParser.java:1537)
	at ptolemy.moml.MoMLParser._findOrParse(MoMLParser.java:5286)
	at ptolemy.moml.MoMLParser._attemptToFindMoMLClass(MoMLParser.java:4075)
	at ptolemy.moml.MoMLParser._createEntity(MoMLParser.java:4323)
	... 65 more
Caused by: ptolemy.kernel.util.IllegalActionException: Cannot find class: ptolemy.domains.ptinyos.lib.MicaLeds. In Ptolemy, classes are typically Java .class files. Entities like actors may instead be defined within a .xml file.  In any case, the class was not found. If the class uses a third party package, then the class would be present only if the third party package was found at compile time.  It may be necessary to upgrade Java or install the third party package, reconfigure and recompile.
Because:
-- /home/travis/build/icyphy/ptII/ptolemy/actor/ptalon/demo/ptinyos/SenseToLeds/ptolemy/domains/ptinyos/lib/MicaLeds.xml (No such file or directory)
-- XML file not found relative to classpath.
-- /home/travis/build/icyphy/ptII/ptolemy/vergil/basic/export/test/ptolemy/domains/ptinyos/lib/MicaLeds.xml
/home/travis/build/icyphy/ptII/ptolemy/vergil/basic/export/test/ptolemy/domains/ptinyos/lib/MicaLeds.xml (No such file or directory)
 in file:/home/travis/build/icyphy/ptII/ptolemy/actor/ptalon/demo/ptinyos/SenseToLeds/MicaBoard.xml at line 134 and column 63
	at ptolemy.moml.MoMLParser._createEntity(MoMLParser.java:4330)
	at ptolemy.moml.MoMLParser.startElement(MoMLParser.java:2864)
	... 77 more
Caused by: com.microstar.xml.XmlException: -- /home/travis/build/icyphy/ptII/ptolemy/actor/ptalon/demo/ptinyos/SenseToLeds/ptolemy/domains/ptinyos/lib/MicaLeds.xml (No such file or directory)
-- XML file not found relative to classpath.
-- /home/travis/build/icyphy/ptII/ptolemy/vergil/basic/export/test/ptolemy/domains/ptinyos/lib/MicaLeds.xml
/home/travis/build/icyphy/ptII/ptolemy/vergil/basic/export/test/ptolemy/domains/ptinyos/lib/MicaLeds.xml (No such file or directory)
 in file:/home/travis/build/icyphy/ptII/ptolemy/actor/ptalon/demo/ptinyos/SenseToLeds/MicaBoard.xml at line 134 and column 63
	at ptolemy.moml.MoMLParser.fileNameToURL(MoMLParser.java:1414)
	at ptolemy.moml.MoMLParser._findOrParse(MoMLParser.java:5283)
	at ptolemy.moml.MoMLParser._attemptToFindMoMLClass(MoMLParser.java:4075)
	at ptolemy.moml.MoMLParser._createEntity(MoMLParser.java:4323)
	... 78 more
Failed to read file:/home/travis/build/icyphy/ptII/ptolemy/actor/ptalon/demo/ptinyos/SenseToLeds/SenseToLeds.xml
ptolemy.kernel.util.IllegalActionException: Failed to process attribute change to PtalonParameter, whose value is "ptolemy.actor.ptalon.PtalonExpressionParameter {.SenseToLeds.SenseToLeds.n} 2".
  in .SenseToLeds.SenseToLeds
Because:
Unable to add actor null
	at ptolemy.actor.ptalon.PtalonActor.attributeChanged(PtalonActor.java:211)
	at ptolemy.actor.ptalon.PtalonMLHandler.startElement(PtalonMLHandler.java:134)
	at com.microstar.xml.XmlParser.parseElement(XmlParser.java:921)
	at com.microstar.xml.XmlParser.parseContent(XmlParser.java:1104)
	at com.microstar.xml.XmlParser.parseElement(XmlParser.java:924)
	at com.microstar.xml.XmlParser.parseDocument(XmlParser.java:481)
	at com.microstar.xml.XmlParser.doParse(XmlParser.java:159)
	at com.microstar.xml.XmlParser.parse(XmlParser.java:132)
	at ptolemy.actor.ptalon.PtalonActor.configure(PtalonActor.java:240)
	at ptolemy.moml.MoMLParser.endElement(MoMLParser.java:996)
	at com.microstar.xml.XmlParser.parseETag(XmlParser.java:1026)
	at com.microstar.xml.XmlParser.parseContent(XmlParser.java:1098)
	at com.microstar.xml.XmlParser.parseElement(XmlParser.java:924)
	at com.microstar.xml.XmlParser.parseContent(XmlParser.java:1104)
	at com.microstar.xml.XmlParser.parseElement(XmlParser.java:924)
	at com.microstar.xml.XmlParser.parseContent(XmlParser.java:1104)
	at com.microstar.xml.XmlParser.parseElement(XmlParser.java:924)
	at com.microstar.xml.XmlParser.parseDocument(XmlParser.java:481)
	at com.microstar.xml.XmlParser.doParse(XmlParser.java:159)
	at com.microstar.xml.XmlParser.parse(XmlParser.java:132)
	at ptolemy.moml.MoMLParser.parse(MoMLParser.java:1676)
	at ptolemy.moml.MoMLParser.parse(MoMLParser.java:1595)
	at ptolemy.moml.MoMLParser.parse(MoMLParser.java:1537)
	at ptolemy.actor.gui.PtolemyEffigy$Factory.createEffigy(PtolemyEffigy.java:424)
	at ptolemy.actor.gui.EffigyFactory.createEffigy(EffigyFactory.java:234)
	at ptolemy.actor.gui.Configuration.openModel(Configuration.java:1125)
	at ptolemy.actor.gui.Configuration.openModel(Configuration.java:1051)
	at ptolemy.actor.gui.ConfigurationApplication._openModel(ConfigurationApplication.java:1252)
	at ptolemy.actor.gui.ConfigurationApplication._parseArg(ConfigurationApplication.java:1399)
	at ptolemy.actor.gui.ConfigurationApplication._parseArgs(ConfigurationApplication.java:1478)
	at ptolemy.actor.gui.ConfigurationApplication.<init>(ConfigurationApplication.java:277)
	at ptolemy.actor.gui.ConfigurationApplication.<init>(ConfigurationApplication.java:214)
	at ptolemy.actor.gui.ConfigurationApplication.<init>(ConfigurationApplication.java:201)
	at ptolemy.actor.gui.ConfigurationApplication.openModelOrEntity(ConfigurationApplication.java:680)
	at ptolemy.vergil.basic.export.ExportModel$1.run(ExportModel.java:220)
	at java.awt.event.InvocationEvent.dispatch(InvocationEvent.java:301)
	at java.awt.EventQueue.dispatchEventImpl(EventQueue.java:756)
	at java.awt.EventQueue.access$500(EventQueue.java:97)
	at java.awt.EventQueue$3.run(EventQueue.java:709)
	at java.awt.EventQueue$3.run(EventQueue.java:703)
	at java.security.AccessController.doPrivileged(Native Method)
	at java.security.ProtectionDomain$JavaSecurityAccessImpl.doIntersectionPrivilege(ProtectionDomain.java:80)
	at java.awt.EventQueue.dispatchEvent(EventQueue.java:726)
	at java.awt.EventDispatchThread.pumpOneEventForFilters(EventDispatchThread.java:201)
	at java.awt.EventDispatchThread.pumpEventsForFilter(EventDispatchThread.java:116)
	at java.awt.EventDispatchThread.pumpEventsForHierarchy(EventDispatchThread.java:105)
	at java.awt.EventDispatchThread.pumpEvents(EventDispatchThread.java:101)
	at java.awt.EventDispatchThread.pumpEvents(EventDispatchThread.java:93)
	at java.awt.EventDispatchThread.run(EventDispatchThread.java:82)
Caused by: ptolemy.actor.ptalon.PtalonRuntimeException: Unable to add actor null
	at ptolemy.actor.ptalon.PtalonEvaluator.addActor(PtalonEvaluator.java:300)
	at ptolemy.actor.ptalon.PtalonPopulator.actor_declaration(PtalonPopulator.java:1574)
	at ptolemy.actor.ptalon.PtalonPopulator.atomic_statement(PtalonPopulator.java:1638)
	at ptolemy.actor.ptalon.PtalonPopulator.iterative_statement_evaluator(PtalonPopulator.java:2484)
	at ptolemy.actor.ptalon.AbstractPtalonEvaluator$IfTree.evaluateForScope(AbstractPtalonEvaluator.java:1307)
	at ptolemy.actor.ptalon.AbstractPtalonEvaluator.evaluateForScope(AbstractPtalonEvaluator.java:744)
	at ptolemy.actor.ptalon.PtalonPopulator.iterative_statement(PtalonPopulator.java:2363)
	at ptolemy.actor.ptalon.PtalonPopulator.actor_definition(PtalonPopulator.java:2809)
	at ptolemy.actor.ptalon.PtalonActor.attributeChanged(PtalonActor.java:206)
	... 48 more
Caused by: ptolemy.kernel.util.InternalErrorException: Element <entity name="node1" class="ptolemy.actor.ptalon.demo.ptinyos.SenseToLeds.MicaBoard"> caused an exception to be thrown.
  in .SenseToLeds.SenseToLeds
Because:
Cannot find class: ptolemy.actor.ptalon.demo.ptinyos.SenseToLeds.MicaBoard. In Ptolemy, classes are typically Java .class files. Entities like actors may instead be defined within a .xml file.  In any case, the class was not found. If the class uses a third party package, then the class would be present only if the third party package was found at compile time.  It may be necessary to upgrade Java or install the third party package, reconfigure and recompile.
Because:
Element <entity name="MicaLeds" class="ptolemy.domains.ptinyos.lib.MicaLeds"> caused an exception to be thrown.
  in .MicaBoard
Because:
Cannot find class: ptolemy.domains.ptinyos.lib.MicaLeds. In Ptolemy, classes are typically Java .class files. Entities like actors may instead be defined within a .xml file.  In any case, the class was not found. If the class uses a third party package, then the class would be present only if the third party package was found at compile time.  It may be necessary to upgrade Java or install the third party package, reconfigure and recompile.
Because:
-- /home/travis/build/icyphy/ptII/ptolemy/actor/ptalon/demo/ptinyos/SenseToLeds/ptolemy/domains/ptinyos/lib/MicaLeds.xml (No such file or directory)
-- XML file not found relative to classpath.
-- /home/travis/build/icyphy/ptII/ptolemy/vergil/basic/export/test/ptolemy/domains/ptinyos/lib/MicaLeds.xml
/home/travis/build/icyphy/ptII/ptolemy/vergil/basic/export/test/ptolemy/domains/ptinyos/lib/MicaLeds.xml (No such file or directory)
 in file:/home/travis/build/icyphy/ptII/ptolemy/actor/ptalon/demo/ptinyos/SenseToLeds/MicaBoard.xml at line 134 and column 63
	at ptolemy.moml.SimpleErrorHandler.handleError(SimpleErrorHandler.java:75)
	at ptolemy.moml.MoMLParser.startElement(MoMLParser.java:3805)
	at com.microstar.xml.XmlParser.parseElement(XmlParser.java:931)
	at com.microstar.xml.XmlParser.parseDocument(XmlParser.java:481)
	at com.microstar.xml.XmlParser.doParse(XmlParser.java:159)
	at com.microstar.xml.XmlParser.parse(XmlParser.java:132)
	at ptolemy.moml.MoMLParser.parse(MoMLParser.java:1660)
	at ptolemy.moml.MoMLParser.parse(MoMLParser.java:1617)
	at ptolemy.moml.MoMLParser.parse(MoMLParser.java:1792)
	at ptolemy.actor.ptalon.PtalonEvaluator.addActor(PtalonEvaluator.java:241)
	... 56 more
Caused by: ptolemy.kernel.util.IllegalActionException: Cannot find class: ptolemy.actor.ptalon.demo.ptinyos.SenseToLeds.MicaBoard. In Ptolemy, classes are typically Java .class files. Entities like actors may instead be defined within a .xml file.  In any case, the class was not found. If the class uses a third party package, then the class would be present only if the third party package was found at compile time.  It may be necessary to upgrade Java or install the third party package, reconfigure and recompile.
Because:
Element <entity name="MicaLeds" class="ptolemy.domains.ptinyos.lib.MicaLeds"> caused an exception to be thrown.
  in .MicaBoard
Because:
Cannot find class: ptolemy.domains.ptinyos.lib.MicaLeds. In Ptolemy, classes are typically Java .class files. Entities like actors may instead be defined within a .xml file.  In any case, the class was not found. If the class uses a third party package, then the class would be present only if the third party package was found at compile time.  It may be necessary to upgrade Java or install the third party package, reconfigure and recompile.
Because:
-- /home/travis/build/icyphy/ptII/ptolemy/actor/ptalon/demo/ptinyos/SenseToLeds/ptolemy/domains/ptinyos/lib/MicaLeds.xml (No such file or directory)
-- XML file not found relative to classpath.
-- /home/travis/build/icyphy/ptII/ptolemy/vergil/basic/export/test/ptolemy/domains/ptinyos/lib/MicaLeds.xml
/home/travis/build/icyphy/ptII/ptolemy/vergil/basic/export/test/ptolemy/domains/ptinyos/lib/MicaLeds.xml (No such file or directory)
 in file:/home/travis/build/icyphy/ptII/ptolemy/actor/ptalon/demo/ptinyos/SenseToLeds/MicaBoard.xml at line 134 and column 63
	at ptolemy.moml.MoMLParser._createEntity(MoMLParser.java:4330)
	at ptolemy.moml.MoMLParser.startElement(MoMLParser.java:2864)
	... 64 more
Caused by: ptolemy.kernel.util.InternalErrorException: Element <entity name="MicaLeds" class="ptolemy.domains.ptinyos.lib.MicaLeds"> caused an exception to be thrown.
  in .MicaBoard
Because:
Cannot find class: ptolemy.domains.ptinyos.lib.MicaLeds. In Ptolemy, classes are typically Java .class files. Entities like actors may instead be defined within a .xml file.  In any case, the class was not found. If the class uses a third party package, then the class would be present only if the third party package was found at compile time.  It may be necessary to upgrade Java or install the third party package, reconfigure and recompile.
Because:
-- /home/travis/build/icyphy/ptII/ptolemy/actor/ptalon/demo/ptinyos/SenseToLeds/ptolemy/domains/ptinyos/lib/MicaLeds.xml (No such file or directory)
-- XML file not found relative to classpath.
-- /home/travis/build/icyphy/ptII/ptolemy/vergil/basic/export/test/ptolemy/domains/ptinyos/lib/MicaLeds.xml
/home/travis/build/icyphy/ptII/ptolemy/vergil/basic/export/test/ptolemy/domains/ptinyos/lib/MicaLeds.xml (No such file or directory)
 in file:/home/travis/build/icyphy/ptII/ptolemy/actor/ptalon/demo/ptinyos/SenseToLeds/MicaBoard.xml at line 134 and column 63
	at ptolemy.moml.SimpleErrorHandler.handleError(SimpleErrorHandler.java:75)
	at ptolemy.moml.MoMLParser.startElement(MoMLParser.java:3805)
	at com.microstar.xml.XmlParser.parseElement(XmlParser.java:921)
	at com.microstar.xml.XmlParser.parseContent(XmlParser.java:1104)
	at com.microstar.xml.XmlParser.parseElement(XmlParser.java:924)
	at com.microstar.xml.XmlParser.parseDocument(XmlParser.java:481)
	at com.microstar.xml.XmlParser.doParse(XmlParser.java:159)
	at com.microstar.xml.XmlParser.parse(XmlParser.java:132)
	at ptolemy.moml.MoMLParser.parse(MoMLParser.java:1676)
	at ptolemy.moml.MoMLParser.parse(MoMLParser.java:1595)
	at ptolemy.moml.MoMLParser.parse(MoMLParser.java:1537)
	at ptolemy.moml.MoMLParser._findOrParse(MoMLParser.java:5286)
	at ptolemy.moml.MoMLParser._attemptToFindMoMLClass(MoMLParser.java:4075)
	at ptolemy.moml.MoMLParser._createEntity(MoMLParser.java:4323)
	... 65 more
Caused by: ptolemy.kernel.util.IllegalActionException: Cannot find class: ptolemy.domains.ptinyos.lib.MicaLeds. In Ptolemy, classes are typically Java .class files. Entities like actors may instead be defined within a .xml file.  In any case, the class was not found. If the class uses a third party package, then the class would be present only if the third party package was found at compile time.  It may be necessary to upgrade Java or install the third party package, reconfigure and recompile.
Because:
-- /home/travis/build/icyphy/ptII/ptolemy/actor/ptalon/demo/ptinyos/SenseToLeds/ptolemy/domains/ptinyos/lib/MicaLeds.xml (No such file or directory)
-- XML file not found relative to classpath.
-- /home/travis/build/icyphy/ptII/ptolemy/vergil/basic/export/test/ptolemy/domains/ptinyos/lib/MicaLeds.xml
/home/travis/build/icyphy/ptII/ptolemy/vergil/basic/export/test/ptolemy/domains/ptinyos/lib/MicaLeds.xml (No such file or directory)
 in file:/home/travis/build/icyphy/ptII/ptolemy/actor/ptalon/demo/ptinyos/SenseToLeds/MicaBoard.xml at line 134 and column 63
	at ptolemy.moml.MoMLParser._createEntity(MoMLParser.java:4330)
	at ptolemy.moml.MoMLParser.startElement(MoMLParser.java:2864)
	... 77 more
Caused by: com.microstar.xml.XmlException: -- /home/travis/build/icyphy/ptII/ptolemy/actor/ptalon/demo/ptinyos/SenseToLeds/ptolemy/domains/ptinyos/lib/MicaLeds.xml (No such file or directory)
-- XML file not found relative to classpath.
-- /home/travis/build/icyphy/ptII/ptolemy/vergil/basic/export/test/ptolemy/domains/ptinyos/lib/MicaLeds.xml
/home/travis/build/icyphy/ptII/ptolemy/vergil/basic/export/test/ptolemy/domains/ptinyos/lib/MicaLeds.xml (No such file or directory)
 in file:/home/travis/build/icyphy/ptII/ptolemy/actor/ptalon/demo/ptinyos/SenseToLeds/MicaBoard.xml at line 134 and column 63
	at ptolemy.moml.MoMLParser.fileNameToURL(MoMLParser.java:1414)
	at ptolemy.moml.MoMLParser._findOrParse(MoMLParser.java:5283)
	at ptolemy.moml.MoMLParser._attemptToFindMoMLClass(MoMLParser.java:4075)
	at ptolemy.moml.MoMLParser._createEntity(MoMLParser.java:4323)
	... 78 more
Caused by: ptolemy.actor.ptalon.PtalonRuntimeException: Unable to add actor null
	at ptolemy.actor.ptalon.PtalonEvaluator.addActor(PtalonEvaluator.java:300)
	at ptolemy.actor.ptalon.PtalonPopulator.actor_declaration(PtalonPopulator.java:1574)
	at ptolemy.actor.ptalon.PtalonPopulator.atomic_statement(PtalonPopulator.java:1638)
	at ptolemy.actor.ptalon.PtalonPopulator.iterative_statement_evaluator(PtalonPopulator.java:2484)
	at ptolemy.actor.ptalon.AbstractPtalonEvaluator$IfTree.evaluateForScope(AbstractPtalonEvaluator.java:1307)
	at ptolemy.actor.ptalon.AbstractPtalonEvaluator.evaluateForScope(AbstractPtalonEvaluator.java:744)
	at ptolemy.actor.ptalon.PtalonPopulator.iterative_statement(PtalonPopulator.java:2363)
	at ptolemy.actor.ptalon.PtalonPopulator.actor_definition(PtalonPopulator.java:2809)
	at ptolemy.actor.ptalon.PtalonActor.attributeChanged(PtalonActor.java:206)
	at ptolemy.actor.ptalon.PtalonMLHandler.startElement(PtalonMLHandler.java:134)
	at com.microstar.xml.XmlParser.parseElement(XmlParser.java:921)
	at com.microstar.xml.XmlParser.parseContent(XmlParser.java:1104)
	at com.microstar.xml.XmlParser.parseElement(XmlParser.java:924)
	at com.microstar.xml.XmlParser.parseDocument(XmlParser.java:481)
	at com.microstar.xml.XmlParser.doParse(XmlParser.java:159)
	at com.microstar.xml.XmlParser.parse(XmlParser.java:132)
	at ptolemy.actor.ptalon.PtalonActor.configure(PtalonActor.java:240)
	at ptolemy.moml.MoMLParser.endElement(MoMLParser.java:996)
	at com.microstar.xml.XmlParser.parseETag(XmlParser.java:1026)
	at com.microstar.xml.XmlParser.parseContent(XmlParser.java:1098)
	at com.microstar.xml.XmlParser.parseElement(XmlParser.java:924)
	at com.microstar.xml.XmlParser.parseContent(XmlParser.java:1104)
	at com.microstar.xml.XmlParser.parseElement(XmlParser.java:924)
	at com.microstar.xml.XmlParser.parseContent(XmlParser.java:1104)
	at com.microstar.xml.XmlParser.parseElement(XmlParser.java:924)
	at com.microstar.xml.XmlParser.parseDocument(XmlParser.java:481)
	at com.microstar.xml.XmlParser.doParse(XmlParser.java:159)
	at com.microstar.xml.XmlParser.parse(XmlParser.java:132)
	at ptolemy.moml.MoMLParser.parse(MoMLParser.java:1676)
	at ptolemy.moml.MoMLParser.parse(MoMLParser.java:1595)
	at ptolemy.moml.MoMLParser.parse(MoMLParser.java:1537)
	at ptolemy.actor.gui.PtolemyEffigy$Factory.createEffigy(PtolemyEffigy.java:424)
	at ptolemy.actor.gui.EffigyFactory.createEffigy(EffigyFactory.java:234)
	at ptolemy.actor.gui.Configuration.openModel(Configuration.java:1125)
	at ptolemy.actor.gui.Configuration.openModel(Configuration.java:1051)
	at ptolemy.actor.gui.ConfigurationApplication._openModel(ConfigurationApplication.java:1252)
	at ptolemy.actor.gui.ConfigurationApplication._parseArg(ConfigurationApplication.java:1399)
	at ptolemy.actor.gui.ConfigurationApplication._parseArgs(ConfigurationApplication.java:1478)
	at ptolemy.actor.gui.ConfigurationApplication.<init>(ConfigurationApplication.java:277)
	at ptolemy.actor.gui.ConfigurationApplication.<init>(ConfigurationApplication.java:214)
	at ptolemy.actor.gui.ConfigurationApplication.<init>(ConfigurationApplication.java:201)
	at ptolemy.actor.gui.ConfigurationApplication.openModelOrEntity(ConfigurationApplication.java:680)
	at ptolemy.vergil.basic.export.ExportModel$1.run(ExportModel.java:220)
	at java.awt.event.InvocationEvent.dispatch(InvocationEvent.java:301)
	at java.awt.EventQueue.dispatchEventImpl(EventQueue.java:756)
	at java.awt.EventQueue.access$500(EventQueue.java:97)
	at java.awt.EventQueue$3.run(EventQueue.java:709)
	at java.awt.EventQueue$3.run(EventQueue.java:703)
	at java.security.AccessController.doPrivileged(Native Method)
	at java.security.ProtectionDomain$JavaSecurityAccessImpl.doIntersectionPrivilege(ProtectionDomain.java:80)
	at java.awt.EventQueue.dispatchEvent(EventQueue.java:726)
	at java.awt.EventDispatchThread.pumpOneEventForFilters(EventDispatchThread.java:201)
	at java.awt.EventDispatchThread.pumpEventsForFilter(EventDispatchThread.java:116)
	at java.awt.EventDispatchThread.pumpEventsForHierarchy(EventDispatchThread.java:105)
	at java.awt.EventDispatchThread.pumpEvents(EventDispatchThread.java:101)
	at java.awt.EventDispatchThread.pumpEvents(EventDispatchThread.java:93)
	at java.awt.EventDispatchThread.run(EventDispatchThread.java:82)
Caused by: ptolemy.kernel.util.InternalErrorException: Element <entity name="node1" class="ptolemy.actor.ptalon.demo.ptinyos.SenseToLeds.MicaBoard"> caused an exception to be thrown.
  in .SenseToLeds.SenseToLeds
Because:
Cannot find class: ptolemy.actor.ptalon.demo.ptinyos.SenseToLeds.MicaBoard. In Ptolemy, classes are typically Java .class files. Entities like actors may instead be defined within a .xml file.  In any case, the class was not found. If the class uses a third party package, then the class would be present only if the third party package was found at compile time.  It may be necessary to upgrade Java or install the third party package, reconfigure and recompile.
Because:
Element <entity name="MicaLeds" class="ptolemy.domains.ptinyos.lib.MicaLeds"> caused an exception to be thrown.
  in .MicaBoard
Because:
Cannot find class: ptolemy.domains.ptinyos.lib.MicaLeds. In Ptolemy, classes are typically Java .class files. Entities like actors may instead be defined within a .xml file.  In any case, the class was not found. If the class uses a third party package, then the class would be present only if the third party package was found at compile time.  It may be necessary to upgrade Java or install the third party package, reconfigure and recompile.
Because:
-- /home/travis/build/icyphy/ptII/ptolemy/actor/ptalon/demo/ptinyos/SenseToLeds/ptolemy/domains/ptinyos/lib/MicaLeds.xml (No such file or directory)
-- XML file not found relative to classpath.
-- /home/travis/build/icyphy/ptII/ptolemy/vergil/basic/export/test/ptolemy/domains/ptinyos/lib/MicaLeds.xml
/home/travis/build/icyphy/ptII/ptolemy/vergil/basic/export/test/ptolemy/domains/ptinyos/lib/MicaLeds.xml (No such file or directory)
 in file:/home/travis/build/icyphy/ptII/ptolemy/actor/ptalon/demo/ptinyos/SenseToLeds/MicaBoard.xml at line 134 and column 63
	at ptolemy.moml.SimpleErrorHandler.handleError(SimpleErrorHandler.java:75)
	at ptolemy.moml.MoMLParser.startElement(MoMLParser.java:3805)
	at com.microstar.xml.XmlParser.parseElement(XmlParser.java:931)
	at com.microstar.xml.XmlParser.parseDocument(XmlParser.java:481)
	at com.microstar.xml.XmlParser.doParse(XmlParser.java:159)
	at com.microstar.xml.XmlParser.parse(XmlParser.java:132)
	at ptolemy.moml.MoMLParser.parse(MoMLParser.java:1660)
	at ptolemy.moml.MoMLParser.parse(MoMLParser.java:1617)
	at ptolemy.moml.MoMLParser.parse(MoMLParser.java:1792)
	at ptolemy.actor.ptalon.PtalonEvaluator.addActor(PtalonEvaluator.java:241)
	... 56 more
Caused by: ptolemy.kernel.util.IllegalActionException: Cannot find class: ptolemy.actor.ptalon.demo.ptinyos.SenseToLeds.MicaBoard. In Ptolemy, classes are typically Java .class files. Entities like actors may instead be defined within a .xml file.  In any case, the class was not found. If the class uses a third party package, then the class would be present only if the third party package was found at compile time.  It may be necessary to upgrade Java or install the third party package, reconfigure and recompile.
Because:
Element <entity name="MicaLeds" class="ptolemy.domains.ptinyos.lib.MicaLeds"> caused an exception to be thrown.
  in .MicaBoard
Because:
Cannot find class: ptolemy.domains.ptinyos.lib.MicaLeds. In Ptolemy, classes are typically Java .class files. Entities like actors may instead be defined within a .xml file.  In any case, the class was not found. If the class uses a third party package, then the class would be present only if the third party package was found at compile time.  It may be necessary to upgrade Java or install the third party package, reconfigure and recompile.
Because:
-- /home/travis/build/icyphy/ptII/ptolemy/actor/ptalon/demo/ptinyos/SenseToLeds/ptolemy/domains/ptinyos/lib/MicaLeds.xml (No such file or directory)
-- XML file not found relative to classpath.
-- /home/travis/build/icyphy/ptII/ptolemy/vergil/basic/export/test/ptolemy/domains/ptinyos/lib/MicaLeds.xml
/home/travis/build/icyphy/ptII/ptolemy/vergil/basic/export/test/ptolemy/domains/ptinyos/lib/MicaLeds.xml (No such file or directory)
 in file:/home/travis/build/icyphy/ptII/ptolemy/actor/ptalon/demo/ptinyos/SenseToLeds/MicaBoard.xml at line 134 and column 63
	at ptolemy.moml.MoMLParser._createEntity(MoMLParser.java:4330)
	at ptolemy.moml.MoMLParser.startElement(MoMLParser.java:2864)
	... 64 more
Caused by: ptolemy.kernel.util.InternalErrorException: Element <entity name="MicaLeds" class="ptolemy.domains.ptinyos.lib.MicaLeds"> caused an exception to be thrown.
  in .MicaBoard
Because:
Cannot find class: ptolemy.domains.ptinyos.lib.MicaLeds. In Ptolemy, classes are typically Java .class files. Entities like actors may instead be defined within a .xml file.  In any case, the class was not found. If the class uses a third party package, then the class would be present only if the third party package was found at compile time.  It may be necessary to upgrade Java or install the third party package, reconfigure and recompile.
Because:
-- /home/travis/build/icyphy/ptII/ptolemy/actor/ptalon/demo/ptinyos/SenseToLeds/ptolemy/domains/ptinyos/lib/MicaLeds.xml (No such file or directory)
-- XML file not found relative to classpath.
-- /home/travis/build/icyphy/ptII/ptolemy/vergil/basic/export/test/ptolemy/domains/ptinyos/lib/MicaLeds.xml
/home/travis/build/icyphy/ptII/ptolemy/vergil/basic/export/test/ptolemy/domains/ptinyos/lib/MicaLeds.xml (No such file or directory)
 in file:/home/travis/build/icyphy/ptII/ptolemy/actor/ptalon/demo/ptinyos/SenseToLeds/MicaBoard.xml at line 134 and column 63
	at ptolemy.moml.SimpleErrorHandler.handleError(SimpleErrorHandler.java:75)
	at ptolemy.moml.MoMLParser.startElement(MoMLParser.java:3805)
	at com.microstar.xml.XmlParser.parseElement(XmlParser.java:921)
	at com.microstar.xml.XmlParser.parseContent(XmlParser.java:1104)
	at com.microstar.xml.XmlParser.parseElement(XmlParser.java:924)
	at com.microstar.xml.XmlParser.parseDocument(XmlParser.java:481)
	at com.microstar.xml.XmlParser.doParse(XmlParser.java:159)
	at com.microstar.xml.XmlParser.parse(XmlParser.java:132)
	at ptolemy.moml.MoMLParser.parse(MoMLParser.java:1676)
	at ptolemy.moml.MoMLParser.parse(MoMLParser.java:1595)
	at ptolemy.moml.MoMLParser.parse(MoMLParser.java:1537)
	at ptolemy.moml.MoMLParser._findOrParse(MoMLParser.java:5286)
	at ptolemy.moml.MoMLParser._attemptToFindMoMLClass(MoMLParser.java:4075)
	at ptolemy.moml.MoMLParser._createEntity(MoMLParser.java:4323)
	... 65 more
Caused by: ptolemy.kernel.util.IllegalActionException: Cannot find class: ptolemy.domains.ptinyos.lib.MicaLeds. In Ptolemy, classes are typically Java .class files. Entities like actors may instead be defined within a .xml file.  In any case, the class was not found. If the class uses a third party package, then the class would be present only if the third party package was found at compile time.  It may be necessary to upgrade Java or install the third party package, reconfigure and recompile.
Because:
-- /home/travis/build/icyphy/ptII/ptolemy/actor/ptalon/demo/ptinyos/SenseToLeds/ptolemy/domains/ptinyos/lib/MicaLeds.xml (No such file or directory)
-- XML file not found relative to classpath.
-- /home/travis/build/icyphy/ptII/ptolemy/vergil/basic/export/test/ptolemy/domains/ptinyos/lib/MicaLeds.xml
/home/travis/build/icyphy/ptII/ptolemy/vergil/basic/export/test/ptolemy/domains/ptinyos/lib/MicaLeds.xml (No such file or directory)
 in file:/home/travis/build/icyphy/ptII/ptolemy/actor/ptalon/demo/ptinyos/SenseToLeds/MicaBoard.xml at line 134 and column 63
	at ptolemy.moml.MoMLParser._createEntity(MoMLParser.java:4330)
	at ptolemy.moml.MoMLParser.startElement(MoMLParser.java:2864)
	... 77 more
Caused by: com.microstar.xml.XmlException: -- /home/travis/build/icyphy/ptII/ptolemy/actor/ptalon/demo/ptinyos/SenseToLeds/ptolemy/domains/ptinyos/lib/MicaLeds.xml (No such file or directory)
-- XML file not found relative to classpath.
-- /home/travis/build/icyphy/ptII/ptolemy/vergil/basic/export/test/ptolemy/domains/ptinyos/lib/MicaLeds.xml
/home/travis/build/icyphy/ptII/ptolemy/vergil/basic/export/test/ptolemy/domains/ptinyos/lib/MicaLeds.xml (No such file or directory)
 in file:/home/travis/build/icyphy/ptII/ptolemy/actor/ptalon/demo/ptinyos/SenseToLeds/MicaBoard.xml at line 134 and column 63
	at ptolemy.moml.MoMLParser.fileNameToURL(MoMLParser.java:1414)
	at ptolemy.moml.MoMLParser._findOrParse(MoMLParser.java:5283)
	at ptolemy.moml.MoMLParser._attemptToFindMoMLClass(MoMLParser.java:4075)
	at ptolemy.moml.MoMLParser._createEntity(MoMLParser.java:4323)
	... 78 more
Failed to read file:/home/travis/build/icyphy/ptII/ptolemy/actor/ptalon/demo/ptinyos/SenseToLeds/SenseToLeds.xml
ptolemy.kernel.util.IllegalActionException: Failed to process attribute change to PtalonParameter, whose value is "ptolemy.actor.ptalon.PtalonExpressionParameter {.SenseToLeds.SenseToLeds.n} 2".
  in .SenseToLeds.SenseToLeds
Because:
Unable to add actor null
	at ptolemy.actor.ptalon.PtalonActor.attributeChanged(PtalonActor.java:211)
	at ptolemy.actor.ptalon.PtalonMLHandler.startElement(PtalonMLHandler.java:134)
	at com.microstar.xml.XmlParser.parseElement(XmlParser.java:921)
	at com.microstar.xml.XmlParser.parseContent(XmlParser.java:1104)
	at com.microstar.xml.XmlParser.parseElement(XmlParser.java:924)
	at com.microstar.xml.XmlParser.parseDocument(XmlParser.java:481)
	at com.microstar.xml.XmlParser.doParse(XmlParser.java:159)
	at com.microstar.xml.XmlParser.parse(XmlParser.java:132)
	at ptolemy.actor.ptalon.PtalonActor.configure(PtalonActor.java:240)
	at ptolemy.moml.MoMLParser.endElement(MoMLParser.java:996)
	at com.microstar.xml.XmlParser.parseETag(XmlParser.java:1026)
	at com.microstar.xml.XmlParser.parseContent(XmlParser.java:1098)
	at com.microstar.xml.XmlParser.parseElement(XmlParser.java:924)
	at com.microstar.xml.XmlParser.parseContent(XmlParser.java:1104)
	at com.microstar.xml.XmlParser.parseElement(XmlParser.java:924)
	at com.microstar.xml.XmlParser.parseContent(XmlParser.java:1104)
	at com.microstar.xml.XmlParser.parseElement(XmlParser.java:924)
	at com.microstar.xml.XmlParser.parseDocument(XmlParser.java:481)
	at com.microstar.xml.XmlParser.doParse(XmlParser.java:159)
	at com.microstar.xml.XmlParser.parse(XmlParser.java:132)
	at ptolemy.moml.MoMLParser.parse(MoMLParser.java:1676)
	at ptolemy.moml.MoMLParser.parse(MoMLParser.java:1595)
	at ptolemy.moml.MoMLParser.parse(MoMLParser.java:1537)
	at ptolemy.actor.gui.PtolemyEffigy$Factory.createEffigy(PtolemyEffigy.java:424)
	at ptolemy.actor.gui.EffigyFactory.createEffigy(EffigyFactory.java:234)
	at ptolemy.actor.gui.Configuration.openModel(Configuration.java:1125)
	at ptolemy.actor.gui.Configuration.openModel(Configuration.java:1051)
	at ptolemy.actor.gui.ConfigurationApplication._openModel(ConfigurationApplication.java:1252)
	at ptolemy.actor.gui.ConfigurationApplication._parseArg(ConfigurationApplication.java:1399)
	at ptolemy.actor.gui.ConfigurationApplication._parseArgs(ConfigurationApplication.java:1478)
	at ptolemy.actor.gui.ConfigurationApplication.<init>(ConfigurationApplication.java:277)
	at ptolemy.actor.gui.ConfigurationApplication.<init>(ConfigurationApplication.java:214)
	at ptolemy.actor.gui.ConfigurationApplication.<init>(ConfigurationApplication.java:201)
	at ptolemy.actor.gui.ConfigurationApplication.openModelOrEntity(ConfigurationApplication.java:680)
	at ptolemy.vergil.basic.export.ExportModel$1.run(ExportModel.java:220)
	at java.awt.event.InvocationEvent.dispatch(InvocationEvent.java:301)
	at java.awt.EventQueue.dispatchEventImpl(EventQueue.java:756)
	at java.awt.EventQueue.access$500(EventQueue.java:97)
	at java.awt.EventQueue$3.run(EventQueue.java:709)
	at java.awt.EventQueue$3.run(EventQueue.java:703)
	at java.security.AccessController.doPrivileged(Native Method)
	at java.security.ProtectionDomain$JavaSecurityAccessImpl.doIntersectionPrivilege(ProtectionDomain.java:80)
	at java.awt.EventQueue.dispatchEvent(EventQueue.java:726)
	at java.awt.EventDispatchThread.pumpOneEventForFilters(EventDispatchThread.java:201)
	at java.awt.EventDispatchThread.pumpEventsForFilter(EventDispatchThread.java:116)
	at java.awt.EventDispatchThread.pumpEventsForHierarchy(EventDispatchThread.java:105)
	at java.awt.EventDispatchThread.pumpEvents(EventDispatchThread.java:101)
	at java.awt.EventDispatchThread.pumpEvents(EventDispatchThread.java:93)
	at java.awt.EventDispatchThread.run(EventDispatchThread.java:82)
Caused by: ptolemy.actor.ptalon.PtalonRuntimeException: Unable to add actor null
	at ptolemy.actor.ptalon.PtalonEvaluator.addActor(PtalonEvaluator.java:300)
	at ptolemy.actor.ptalon.PtalonPopulator.actor_declaration(PtalonPopulator.java:1574)
	at ptolemy.actor.ptalon.PtalonPopulator.atomic_statement(PtalonPopulator.java:1638)
	at ptolemy.actor.ptalon.PtalonPopulator.iterative_statement_evaluator(PtalonPopulator.java:2484)
	at ptolemy.actor.ptalon.AbstractPtalonEvaluator$IfTree.evaluateForScope(AbstractPtalonEvaluator.java:1307)
	at ptolemy.actor.ptalon.AbstractPtalonEvaluator.evaluateForScope(AbstractPtalonEvaluator.java:744)
	at ptolemy.actor.ptalon.PtalonPopulator.iterative_statement(PtalonPopulator.java:2363)
	at ptolemy.actor.ptalon.PtalonPopulator.actor_definition(PtalonPopulator.java:2809)
	at ptolemy.actor.ptalon.PtalonActor.attributeChanged(PtalonActor.java:206)
	... 48 more
Caused by: ptolemy.kernel.util.InternalErrorException: Element <entity name="node1" class="ptolemy.actor.ptalon.demo.ptinyos.SenseToLeds.MicaBoard"> caused an exception to be thrown.
  in .SenseToLeds.SenseToLeds
Because:
Cannot find class: ptolemy.actor.ptalon.demo.ptinyos.SenseToLeds.MicaBoard. In Ptolemy, classes are typically Java .class files. Entities like actors may instead be defined within a .xml file.  In any case, the class was not found. If the class uses a third party package, then the class would be present only if the third party package was found at compile time.  It may be necessary to upgrade Java or install the third party package, reconfigure and recompile.
Because:
Element <entity name="MicaLeds" class="ptolemy.domains.ptinyos.lib.MicaLeds"> caused an exception to be thrown.
  in .MicaBoard
Because:
Cannot find class: ptolemy.domains.ptinyos.lib.MicaLeds. In Ptolemy, classes are typically Java .class files. Entities like actors may instead be defined within a .xml file.  In any case, the class was not found. If the class uses a third party package, then the class would be present only if the third party package was found at compile time.  It may be necessary to upgrade Java or install the third party package, reconfigure and recompile.
Because:
-- /home/travis/build/icyphy/ptII/ptolemy/actor/ptalon/demo/ptinyos/SenseToLeds/ptolemy/domains/ptinyos/lib/MicaLeds.xml (No such file or directory)
-- XML file not found relative to classpath.
-- /home/travis/build/icyphy/ptII/ptolemy/vergil/basic/export/test/ptolemy/domains/ptinyos/lib/MicaLeds.xml
/home/travis/build/icyphy/ptII/ptolemy/vergil/basic/export/test/ptolemy/domains/ptinyos/lib/MicaLeds.xml (No such file or directory)
 in file:/home/travis/build/icyphy/ptII/ptolemy/actor/ptalon/demo/ptinyos/SenseToLeds/MicaBoard.xml at line 134 and column 63
	at ptolemy.moml.SimpleErrorHandler.handleError(SimpleErrorHandler.java:75)
	at ptolemy.moml.MoMLParser.startElement(MoMLParser.java:3805)
	at com.microstar.xml.XmlParser.parseElement(XmlParser.java:931)
	at com.microstar.xml.XmlParser.parseDocument(XmlParser.java:481)
	at com.microstar.xml.XmlParser.doParse(XmlParser.java:159)
	at com.microstar.xml.XmlParser.parse(XmlParser.java:132)
	at ptolemy.moml.MoMLParser.parse(MoMLParser.java:1660)
	at ptolemy.moml.MoMLParser.parse(MoMLParser.java:1617)
	at ptolemy.moml.MoMLParser.parse(MoMLParser.java:1792)
	at ptolemy.actor.ptalon.PtalonEvaluator.addActor(PtalonEvaluator.java:241)
	... 56 more
Caused by: ptolemy.kernel.util.IllegalActionException: Cannot find class: ptolemy.actor.ptalon.demo.ptinyos.SenseToLeds.MicaBoard. In Ptolemy, classes are typically Java .class files. Entities like actors may instead be defined within a .xml file.  In any case, the class was not found. If the class uses a third party package, then the class would be present only if the third party package was found at compile time.  It may be necessary to upgrade Java or install the third party package, reconfigure and recompile.
Because:
Element <entity name="MicaLeds" class="ptolemy.domains.ptinyos.lib.MicaLeds"> caused an exception to be thrown.
  in .MicaBoard
Because:
Cannot find class: ptolemy.domains.ptinyos.lib.MicaLeds. In Ptolemy, classes are typically Java .class files. Entities like actors may instead be defined within a .xml file.  In any case, the class was not found. If the class uses a third party package, then the class would be present only if the third party package was found at compile time.  It may be necessary to upgrade Java or install the third party package, reconfigure and recompile.
Because:
-- /home/travis/build/icyphy/ptII/ptolemy/actor/ptalon/demo/ptinyos/SenseToLeds/ptolemy/domains/ptinyos/lib/MicaLeds.xml (No such file or directory)
-- XML file not found relative to classpath.
-- /home/travis/build/icyphy/ptII/ptolemy/vergil/basic/export/test/ptolemy/domains/ptinyos/lib/MicaLeds.xml
/home/travis/build/icyphy/ptII/ptolemy/vergil/basic/export/test/ptolemy/domains/ptinyos/lib/MicaLeds.xml (No such file or directory)
 in file:/home/travis/build/icyphy/ptII/ptolemy/actor/ptalon/demo/ptinyos/SenseToLeds/MicaBoard.xml at line 134 and column 63
	at ptolemy.moml.MoMLParser._createEntity(MoMLParser.java:4330)
	at ptolemy.moml.MoMLParser.startElement(MoMLParser.java:2864)
	... 64 more
Caused by: ptolemy.kernel.util.InternalErrorException: Element <entity name="MicaLeds" class="ptolemy.domains.ptinyos.lib.MicaLeds"> caused an exception to be thrown.
  in .MicaBoard
Because:
Cannot find class: ptolemy.domains.ptinyos.lib.MicaLeds. In Ptolemy, classes are typically Java .class files. Entities like actors may instead be defined within a .xml file.  In any case, the class was not found. If the class uses a third party package, then the class would be present only if the third party package was found at compile time.  It may be necessary to upgrade Java or install the third party package, reconfigure and recompile.
Because:
-- /home/travis/build/icyphy/ptII/ptolemy/actor/ptalon/demo/ptinyos/SenseToLeds/ptolemy/domains/ptinyos/lib/MicaLeds.xml (No such file or directory)
-- XML file not found relative to classpath.
-- /home/travis/build/icyphy/ptII/ptolemy/vergil/basic/export/test/ptolemy/domains/ptinyos/lib/MicaLeds.xml
/home/travis/build/icyphy/ptII/ptolemy/vergil/basic/export/test/ptolemy/domains/ptinyos/lib/MicaLeds.xml (No such file or directory)
 in file:/home/travis/build/icyphy/ptII/ptolemy/actor/ptalon/demo/ptinyos/SenseToLeds/MicaBoard.xml at line 134 and column 63
	at ptolemy.moml.SimpleErrorHandler.handleError(SimpleErrorHandler.java:75)
	at ptolemy.moml.MoMLParser.startElement(MoMLParser.java:3805)
	at com.microstar.xml.XmlParser.parseElement(XmlParser.java:921)
	at com.microstar.xml.XmlParser.parseContent(XmlParser.java:1104)
	at com.microstar.xml.XmlParser.parseElement(XmlParser.java:924)
	at com.microstar.xml.XmlParser.parseDocument(XmlParser.java:481)
	at com.microstar.xml.XmlParser.doParse(XmlParser.java:159)
	at com.microstar.xml.XmlParser.parse(XmlParser.java:132)
	at ptolemy.moml.MoMLParser.parse(MoMLParser.java:1676)
	at ptolemy.moml.MoMLParser.parse(MoMLParser.java:1595)
	at ptolemy.moml.MoMLParser.parse(MoMLParser.java:1537)
	at ptolemy.moml.MoMLParser._findOrParse(MoMLParser.java:5286)
	at ptolemy.moml.MoMLParser._attemptToFindMoMLClass(MoMLParser.java:4075)
	at ptolemy.moml.MoMLParser._createEntity(MoMLParser.java:4323)
	... 65 more
Caused by: ptolemy.kernel.util.IllegalActionException: Cannot find class: ptolemy.domains.ptinyos.lib.MicaLeds. In Ptolemy, classes are typically Java .class files. Entities like actors may instead be defined within a .xml file.  In any case, the class was not found. If the class uses a third party package, then the class would be present only if the third party package was found at compile time.  It may be necessary to upgrade Java or install the third party package, reconfigure and recompile.
Because:
-- /home/travis/build/icyphy/ptII/ptolemy/actor/ptalon/demo/ptinyos/SenseToLeds/ptolemy/domains/ptinyos/lib/MicaLeds.xml (No such file or directory)
-- XML file not found relative to classpath.
-- /home/travis/build/icyphy/ptII/ptolemy/vergil/basic/export/test/ptolemy/domains/ptinyos/lib/MicaLeds.xml
/home/travis/build/icyphy/ptII/ptolemy/vergil/basic/export/test/ptolemy/domains/ptinyos/lib/MicaLeds.xml (No such file or directory)
 in file:/home/travis/build/icyphy/ptII/ptolemy/actor/ptalon/demo/ptinyos/SenseToLeds/MicaBoard.xml at line 134 and column 63
	at ptolemy.moml.MoMLParser._createEntity(MoMLParser.java:4330)
	at ptolemy.moml.MoMLParser.startElement(MoMLParser.java:2864)
	... 77 more
Caused by: com.microstar.xml.XmlException: -- /home/travis/build/icyphy/ptII/ptolemy/actor/ptalon/demo/ptinyos/SenseToLeds/ptolemy/domains/ptinyos/lib/MicaLeds.xml (No such file or directory)
-- XML file not found relative to classpath.
-- /home/travis/build/icyphy/ptII/ptolemy/vergil/basic/export/test/ptolemy/domains/ptinyos/lib/MicaLeds.xml
/home/travis/build/icyphy/ptII/ptolemy/vergil/basic/export/test/ptolemy/domains/ptinyos/lib/MicaLeds.xml (No such file or directory)
 in file:/home/travis/build/icyphy/ptII/ptolemy/actor/ptalon/demo/ptinyos/SenseToLeds/MicaBoard.xml at line 134 and column 63
	at ptolemy.moml.MoMLParser.fileNameToURL(MoMLParser.java:1414)
	at ptolemy.moml.MoMLParser._findOrParse(MoMLParser.java:5283)
	at ptolemy.moml.MoMLParser._attemptToFindMoMLClass(MoMLParser.java:4075)
	at ptolemy.moml.MoMLParser._createEntity(MoMLParser.java:4323)
	... 78 more
Caused by: ptolemy.actor.ptalon.PtalonRuntimeException: Unable to add actor null
	at ptolemy.actor.ptalon.PtalonEvaluator.addActor(PtalonEvaluator.java:300)
	at ptolemy.actor.ptalon.PtalonPopulator.actor_declaration(PtalonPopulator.java:1574)
	at ptolemy.actor.ptalon.PtalonPopulator.atomic_statement(PtalonPopulator.java:1638)
	at ptolemy.actor.ptalon.PtalonPopulator.iterative_statement_evaluator(PtalonPopulator.java:2484)
	at ptolemy.actor.ptalon.AbstractPtalonEvaluator$IfTree.evaluateForScope(AbstractPtalonEvaluator.java:1307)
	at ptolemy.actor.ptalon.AbstractPtalonEvaluator.evaluateForScope(AbstractPtalonEvaluator.java:744)
	at ptolemy.actor.ptalon.PtalonPopulator.iterative_statement(PtalonPopulator.java:2363)
	at ptolemy.actor.ptalon.PtalonPopulator.actor_definition(PtalonPopulator.java:2809)
	at ptolemy.actor.ptalon.PtalonActor.attributeChanged(PtalonActor.java:206)
	at ptolemy.actor.ptalon.PtalonMLHandler.startElement(PtalonMLHandler.java:134)
	at com.microstar.xml.XmlParser.parseElement(XmlParser.java:921)
	at com.microstar.xml.XmlParser.parseContent(XmlParser.java:1104)
	at com.microstar.xml.XmlParser.parseElement(XmlParser.java:924)
	at com.microstar.xml.XmlParser.parseDocument(XmlParser.java:481)
	at com.microstar.xml.XmlParser.doParse(XmlParser.java:159)
	at com.microstar.xml.XmlParser.parse(XmlParser.java:132)
	at ptolemy.actor.ptalon.PtalonActor.configure(PtalonActor.java:240)
	at ptolemy.moml.MoMLParser.endElement(MoMLParser.java:996)
	at com.microstar.xml.XmlParser.parseETag(XmlParser.java:1026)
	at com.microstar.xml.XmlParser.parseContent(XmlParser.java:1098)
	at com.microstar.xml.XmlParser.parseElement(XmlParser.java:924)
	at com.microstar.xml.XmlParser.parseContent(XmlParser.java:1104)
	at com.microstar.xml.XmlParser.parseElement(XmlParser.java:924)
	at com.microstar.xml.XmlParser.parseContent(XmlParser.java:1104)
	at com.microstar.xml.XmlParser.parseElement(XmlParser.java:924)
	at com.microstar.xml.XmlParser.parseDocument(XmlParser.java:481)
	at com.microstar.xml.XmlParser.doParse(XmlParser.java:159)
	at com.microstar.xml.XmlParser.parse(XmlParser.java:132)
	at ptolemy.moml.MoMLParser.parse(MoMLParser.java:1676)
	at ptolemy.moml.MoMLParser.parse(MoMLParser.java:1595)
	at ptolemy.moml.MoMLParser.parse(MoMLParser.java:1537)
	at ptolemy.actor.gui.PtolemyEffigy$Factory.createEffigy(PtolemyEffigy.java:424)
	at ptolemy.actor.gui.EffigyFactory.createEffigy(EffigyFactory.java:234)
	at ptolemy.actor.gui.Configuration.openModel(Configuration.java:1125)
	at ptolemy.actor.gui.Configuration.openModel(Configuration.java:1051)
	at ptolemy.actor.gui.ConfigurationApplication._openModel(ConfigurationApplication.java:1252)
	at ptolemy.actor.gui.ConfigurationApplication._parseArg(ConfigurationApplication.java:1399)
	at ptolemy.actor.gui.ConfigurationApplication._parseArgs(ConfigurationApplication.java:1478)
	at ptolemy.actor.gui.ConfigurationApplication.<init>(ConfigurationApplication.java:277)
	at ptolemy.actor.gui.ConfigurationApplication.<init>(ConfigurationApplication.java:214)
	at ptolemy.actor.gui.ConfigurationApplication.<init>(ConfigurationApplication.java:201)
	at ptolemy.actor.gui.ConfigurationApplication.openModelOrEntity(ConfigurationApplication.java:680)
	at ptolemy.vergil.basic.export.ExportModel$1.run(ExportModel.java:220)
	at java.awt.event.InvocationEvent.dispatch(InvocationEvent.java:301)
	at java.awt.EventQueue.dispatchEventImpl(EventQueue.java:756)
	at java.awt.EventQueue.access$500(EventQueue.java:97)
	at java.awt.EventQueue$3.run(EventQueue.java:709)
	at java.awt.EventQueue$3.run(EventQueue.java:703)
	at java.security.AccessController.doPrivileged(Native Method)
	at java.security.ProtectionDomain$JavaSecurityAccessImpl.doIntersectionPrivilege(ProtectionDomain.java:80)
	at java.awt.EventQueue.dispatchEvent(EventQueue.java:726)
	at java.awt.EventDispatchThread.pumpOneEventForFilters(EventDispatchThread.java:201)
	at java.awt.EventDispatchThread.pumpEventsForFilter(EventDispatchThread.java:116)
	at java.awt.EventDispatchThread.pumpEventsForHierarchy(EventDispatchThread.java:105)
	at java.awt.EventDispatchThread.pumpEvents(EventDispatchThread.java:101)
	at java.awt.EventDispatchThread.pumpEvents(EventDispatchThread.java:93)
	at java.awt.EventDispatchThread.run(EventDispatchThread.java:82)
Caused by: ptolemy.kernel.util.InternalErrorException: Element <entity name="node1" class="ptolemy.actor.ptalon.demo.ptinyos.SenseToLeds.MicaBoard"> caused an exception to be thrown.
  in .SenseToLeds.SenseToLeds
Because:
Cannot find class: ptolemy.actor.ptalon.demo.ptinyos.SenseToLeds.MicaBoard. In Ptolemy, classes are typically Java .class files. Entities like actors may instead be defined within a .xml file.  In any case, the class was not found. If the class uses a third party package, then the class would be present only if the third party package was found at compile time.  It may be necessary to upgrade Java or install the third party package, reconfigure and recompile.
Because:
Element <entity name="MicaLeds" class="ptolemy.domains.ptinyos.lib.MicaLeds"> caused an exception to be thrown.
  in .MicaBoard
Because:
Cannot find class: ptolemy.domains.ptinyos.lib.MicaLeds. In Ptolemy, classes are typically Java .class files. Entities like actors may instead be defined within a .xml file.  In any case, the class was not found. If the class uses a third party package, then the class would be present only if the third party package was found at compile time.  It may be necessary to upgrade Java or install the third party package, reconfigure and recompile.
Because:
-- /home/travis/build/icyphy/ptII/ptolemy/actor/ptalon/demo/ptinyos/SenseToLeds/ptolemy/domains/ptinyos/lib/MicaLeds.xml (No such file or directory)
-- XML file not found relative to classpath.
-- /home/travis/build/icyphy/ptII/ptolemy/vergil/basic/export/test/ptolemy/domains/ptinyos/lib/MicaLeds.xml
/home/travis/build/icyphy/ptII/ptolemy/vergil/basic/export/test/ptolemy/domains/ptinyos/lib/MicaLeds.xml (No such file or directory)
 in file:/home/travis/build/icyphy/ptII/ptolemy/actor/ptalon/demo/ptinyos/SenseToLeds/MicaBoard.xml at line 134 and column 63
	at ptolemy.moml.SimpleErrorHandler.handleError(SimpleErrorHandler.java:75)
	at ptolemy.moml.MoMLParser.startElement(MoMLParser.java:3805)
	at com.microstar.xml.XmlParser.parseElement(XmlParser.java:931)
	at com.microstar.xml.XmlParser.parseDocument(XmlParser.java:481)
	at com.microstar.xml.XmlParser.doParse(XmlParser.java:159)
	at com.microstar.xml.XmlParser.parse(XmlParser.java:132)
	at ptolemy.moml.MoMLParser.parse(MoMLParser.java:1660)
	at ptolemy.moml.MoMLParser.parse(MoMLParser.java:1617)
	at ptolemy.moml.MoMLParser.parse(MoMLParser.java:1792)
	at ptolemy.actor.ptalon.PtalonEvaluator.addActor(PtalonEvaluator.java:241)
	... 56 more
Caused by: ptolemy.kernel.util.IllegalActionException: Cannot find class: ptolemy.actor.ptalon.demo.ptinyos.SenseToLeds.MicaBoard. In Ptolemy, classes are typically Java .class files. Entities like actors may instead be defined within a .xml file.  In any case, the class was not found. If the class uses a third party package, then the class would be present only if the third party package was found at compile time.  It may be necessary to upgrade Java or install the third party package, reconfigure and recompile.
Because:
Element <entity name="MicaLeds" class="ptolemy.domains.ptinyos.lib.MicaLeds"> caused an exception to be thrown.
  in .MicaBoard
Because:
Cannot find class: ptolemy.domains.ptinyos.lib.MicaLeds. In Ptolemy, classes are typically Java .class files. Entities like actors may instead be defined within a .xml file.  In any case, the class was not found. If the class uses a third party package, then the class would be present only if the third party package was found at compile time.  It may be necessary to upgrade Java or install the third party package, reconfigure and recompile.
Because:
-- /home/travis/build/icyphy/ptII/ptolemy/actor/ptalon/demo/ptinyos/SenseToLeds/ptolemy/domains/ptinyos/lib/MicaLeds.xml (No such file or directory)
-- XML file not found relative to classpath.
-- /home/travis/build/icyphy/ptII/ptolemy/vergil/basic/export/test/ptolemy/domains/ptinyos/lib/MicaLeds.xml
/home/travis/build/icyphy/ptII/ptolemy/vergil/basic/export/test/ptolemy/domains/ptinyos/lib/MicaLeds.xml (No such file or directory)
 in file:/home/travis/build/icyphy/ptII/ptolemy/actor/ptalon/demo/ptinyos/SenseToLeds/MicaBoard.xml at line 134 and column 63
	at ptolemy.moml.MoMLParser._createEntity(MoMLParser.java:4330)
	at ptolemy.moml.MoMLParser.startElement(MoMLParser.java:2864)
	... 64 more
Caused by: ptolemy.kernel.util.InternalErrorException: Element <entity name="MicaLeds" class="ptolemy.domains.ptinyos.lib.MicaLeds"> caused an exception to be thrown.
  in .MicaBoard
Because:
Cannot find class: ptolemy.domains.ptinyos.lib.MicaLeds. In Ptolemy, classes are typically Java .class files. Entities like actors may instead be defined within a .xml file.  In any case, the class was not found. If the class uses a third party package, then the class would be present only if the third party package was found at compile time.  It may be necessary to upgrade Java or install the third party package, reconfigure and recompile.
Because:
-- /home/travis/build/icyphy/ptII/ptolemy/actor/ptalon/demo/ptinyos/SenseToLeds/ptolemy/domains/ptinyos/lib/MicaLeds.xml (No such file or directory)
-- XML file not found relative to classpath.
-- /home/travis/build/icyphy/ptII/ptolemy/vergil/basic/export/test/ptolemy/domains/ptinyos/lib/MicaLeds.xml
/home/travis/build/icyphy/ptII/ptolemy/vergil/basic/export/test/ptolemy/domains/ptinyos/lib/MicaLeds.xml (No such file or directory)
 in file:/home/travis/build/icyphy/ptII/ptolemy/actor/ptalon/demo/ptinyos/SenseToLeds/MicaBoard.xml at line 134 and column 63
	at ptolemy.moml.SimpleErrorHandler.handleError(SimpleErrorHandler.java:75)
	at ptolemy.moml.MoMLParser.startElement(MoMLParser.java:3805)
	at com.microstar.xml.XmlParser.parseElement(XmlParser.java:921)
	at com.microstar.xml.XmlParser.parseContent(XmlParser.java:1104)
	at com.microstar.xml.XmlParser.parseElement(XmlParser.java:924)
	at com.microstar.xml.XmlParser.parseDocument(XmlParser.java:481)
	at com.microstar.xml.XmlParser.doParse(XmlParser.java:159)
	at com.microstar.xml.XmlParser.parse(XmlParser.java:132)
	at ptolemy.moml.MoMLParser.parse(MoMLParser.java:1676)
	at ptolemy.moml.MoMLParser.parse(MoMLParser.java:1595)
	at ptolemy.moml.MoMLParser.parse(MoMLParser.java:1537)
	at ptolemy.moml.MoMLParser._findOrParse(MoMLParser.java:5286)
	at ptolemy.moml.MoMLParser._attemptToFindMoMLClass(MoMLParser.java:4075)
	at ptolemy.moml.MoMLParser._createEntity(MoMLParser.java:4323)
	... 65 more
Caused by: ptolemy.kernel.util.IllegalActionException: Cannot find class: ptolemy.domains.ptinyos.lib.MicaLeds. In Ptolemy, classes are typically Java .class files. Entities like actors may instead be defined within a .xml file.  In any case, the class was not found. If the class uses a third party package, then the class would be present only if the third party package was found at compile time.  It may be necessary to upgrade Java or install the third party package, reconfigure and recompile.
Because:
-- /home/travis/build/icyphy/ptII/ptolemy/actor/ptalon/demo/ptinyos/SenseToLeds/ptolemy/domains/ptinyos/lib/MicaLeds.xml (No such file or directory)
-- XML file not found relative to classpath.
-- /home/travis/build/icyphy/ptII/ptolemy/vergil/basic/export/test/ptolemy/domains/ptinyos/lib/MicaLeds.xml
/home/travis/build/icyphy/ptII/ptolemy/vergil/basic/export/test/ptolemy/domains/ptinyos/lib/MicaLeds.xml (No such file or directory)
 in file:/home/travis/build/icyphy/ptII/ptolemy/actor/ptalon/demo/ptinyos/SenseToLeds/MicaBoard.xml at line 134 and column 63
	at ptolemy.moml.MoMLParser._createEntity(MoMLParser.java:4330)
	at ptolemy.moml.MoMLParser.startElement(MoMLParser.java:2864)
	... 77 more
Caused by: com.microstar.xml.XmlException: -- /home/travis/build/icyphy/ptII/ptolemy/actor/ptalon/demo/ptinyos/SenseToLeds/ptolemy/domains/ptinyos/lib/MicaLeds.xml (No such file or directory)
-- XML file not found relative to classpath.
-- /home/travis/build/icyphy/ptII/ptolemy/vergil/basic/export/test/ptolemy/domains/ptinyos/lib/MicaLeds.xml
/home/travis/build/icyphy/ptII/ptolemy/vergil/basic/export/test/ptolemy/domains/ptinyos/lib/MicaLeds.xml (No such file or directory)
 in file:/home/travis/build/icyphy/ptII/ptolemy/actor/ptalon/demo/ptinyos/SenseToLeds/MicaBoard.xml at line 134 and column 63
	at ptolemy.moml.MoMLParser.fileNameToURL(MoMLParser.java:1414)
	at ptolemy.moml.MoMLParser._findOrParse(MoMLParser.java:5283)
	at ptolemy.moml.MoMLParser._attemptToFindMoMLClass(MoMLParser.java:4075)
	at ptolemy.moml.MoMLParser._createEntity(MoMLParser.java:4323)
	... 78 more
ptolemy.kernel.util.IllegalActionException: Failed to process attribute change to PtalonParameter, whose value is "ptolemy.actor.ptalon.PtalonExpressionParameter {.SenseToLeds.SenseToLeds.n} 2".
  in .SenseToLeds.SenseToLeds
Because:
Unable to add actor null
	at ptolemy.actor.ptalon.PtalonActor.attributeChanged(PtalonActor.java:211)
	at ptolemy.actor.ptalon.PtalonMLHandler.startElement(PtalonMLHandler.java:134)
	at com.microstar.xml.XmlParser.parseElement(XmlParser.java:921)
	at com.microstar.xml.XmlParser.parseContent(XmlParser.java:1104)
	at com.microstar.xml.XmlParser.parseElement(XmlParser.java:924)
	at com.microstar.xml.XmlParser.parseDocument(XmlParser.java:481)
	at com.microstar.xml.XmlParser.doParse(XmlParser.java:159)
	at com.microstar.xml.XmlParser.parse(XmlParser.java:132)
	at ptolemy.actor.ptalon.PtalonActor.configure(PtalonActor.java:240)
	at ptolemy.moml.MoMLParser.endElement(MoMLParser.java:996)
	at com.microstar.xml.XmlParser.parseETag(XmlParser.java:1026)
	at com.microstar.xml.XmlParser.parseContent(XmlParser.java:1098)
	at com.microstar.xml.XmlParser.parseElement(XmlParser.java:924)
	at com.microstar.xml.XmlParser.parseContent(XmlParser.java:1104)
	at com.microstar.xml.XmlParser.parseElement(XmlParser.java:924)
	at com.microstar.xml.XmlParser.parseContent(XmlParser.java:1104)
	at com.microstar.xml.XmlParser.parseElement(XmlParser.java:924)
	at com.microstar.xml.XmlParser.parseDocument(XmlParser.java:481)
	at com.microstar.xml.XmlParser.doParse(XmlParser.java:159)
	at com.microstar.xml.XmlParser.parse(XmlParser.java:132)
	at ptolemy.moml.MoMLParser.parse(MoMLParser.java:1676)
	at ptolemy.moml.MoMLParser.parse(MoMLParser.java:1595)
	at ptolemy.moml.MoMLParser.parse(MoMLParser.java:1537)
	at ptolemy.actor.gui.PtolemyEffigy$Factory.createEffigy(PtolemyEffigy.java:424)
	at ptolemy.actor.gui.EffigyFactory.createEffigy(EffigyFactory.java:234)
	at ptolemy.actor.gui.Configuration.openModel(Configuration.java:1125)
	at ptolemy.actor.gui.Configuration.openModel(Configuration.java:1051)
	at ptolemy.actor.gui.ConfigurationApplication._openModel(ConfigurationApplication.java:1252)
	at ptolemy.actor.gui.ConfigurationApplication._parseArg(ConfigurationApplication.java:1399)
	at ptolemy.actor.gui.ConfigurationApplication._parseArgs(ConfigurationApplication.java:1478)
	at ptolemy.actor.gui.ConfigurationApplication.<init>(ConfigurationApplication.java:277)
	at ptolemy.actor.gui.ConfigurationApplication.<init>(ConfigurationApplication.java:214)
	at ptolemy.actor.gui.ConfigurationApplication.<init>(ConfigurationApplication.java:201)
	at ptolemy.actor.gui.ConfigurationApplication.openModelOrEntity(ConfigurationApplication.java:680)
	at ptolemy.vergil.basic.export.ExportModel$1.run(ExportModel.java:220)
	at java.awt.event.InvocationEvent.dispatch(InvocationEvent.java:301)
	at java.awt.EventQueue.dispatchEventImpl(EventQueue.java:756)
	at java.awt.EventQueue.access$500(EventQueue.java:97)
	at java.awt.EventQueue$3.run(EventQueue.java:709)
	at java.awt.EventQueue$3.run(EventQueue.java:703)
	at java.security.AccessController.doPrivileged(Native Method)
	at java.security.ProtectionDomain$JavaSecurityAccessImpl.doIntersectionPrivilege(ProtectionDomain.java:80)
	at java.awt.EventQueue.dispatchEvent(EventQueue.java:726)
	at java.awt.EventDispatchThread.pumpOneEventForFilters(EventDispatchThread.java:201)
	at java.awt.EventDispatchThread.pumpEventsForFilter(EventDispatchThread.java:116)
	at java.awt.EventDispatchThread.pumpEventsForHierarchy(EventDispatchThread.java:105)
	at java.awt.EventDispatchThread.pumpEvents(EventDispatchThread.java:101)
	at java.awt.EventDispatchThread.pumpEvents(EventDispatchThread.java:93)
	at java.awt.EventDispatchThread.run(EventDispatchThread.java:82)
Caused by: ptolemy.actor.ptalon.PtalonRuntimeException: Unable to add actor null
	at ptolemy.actor.ptalon.PtalonEvaluator.addActor(PtalonEvaluator.java:300)
	at ptolemy.actor.ptalon.PtalonPopulator.actor_declaration(PtalonPopulator.java:1574)
	at ptolemy.actor.ptalon.PtalonPopulator.atomic_statement(PtalonPopulator.java:1638)
	at ptolemy.actor.ptalon.PtalonPopulator.iterative_statement_evaluator(PtalonPopulator.java:2484)
	at ptolemy.actor.ptalon.AbstractPtalonEvaluator$IfTree.evaluateForScope(AbstractPtalonEvaluator.java:1307)
	at ptolemy.actor.ptalon.AbstractPtalonEvaluator.evaluateForScope(AbstractPtalonEvaluator.java:744)
	at ptolemy.actor.ptalon.PtalonPopulator.iterative_statement(PtalonPopulator.java:2363)
	at ptolemy.actor.ptalon.PtalonPopulator.actor_definition(PtalonPopulator.java:2809)
	at ptolemy.actor.ptalon.PtalonActor.attributeChanged(PtalonActor.java:206)
	... 48 more
Caused by: ptolemy.kernel.util.InternalErrorException: Element <entity name="node1" class="ptolemy.actor.ptalon.demo.ptinyos.SenseToLeds.MicaBoard"> caused an exception to be thrown.
  in .SenseToLeds.SenseToLeds
Because:
Cannot find class: ptolemy.actor.ptalon.demo.ptinyos.SenseToLeds.MicaBoard. In Ptolemy, classes are typically Java .class files. Entities like actors may instead be defined within a .xml file.  In any case, the class was not found. If the class uses a third party package, then the class would be present only if the third party package was found at compile time.  It may be necessary to upgrade Java or install the third party package, reconfigure and recompile.
Because:
Element <entity name="MicaLeds" class="ptolemy.domains.ptinyos.lib.MicaLeds"> caused an exception to be thrown.
  in .MicaBoard
Because:
Cannot find class: ptolemy.domains.ptinyos.lib.MicaLeds. In Ptolemy, classes are typically Java .class files. Entities like actors may instead be defined within a .xml file.  In any case, the class was not found. If the class uses a third party package, then the class would be present only if the third party package was found at compile time.  It may be necessary to upgrade Java or install the third party package, reconfigure and recompile.
Because:
-- /home/travis/build/icyphy/ptII/ptolemy/actor/ptalon/demo/ptinyos/SenseToLeds/ptolemy/domains/ptinyos/lib/MicaLeds.xml (No such file or directory)
-- XML file not found relative to classpath.
-- /home/travis/build/icyphy/ptII/ptolemy/vergil/basic/export/test/ptolemy/domains/ptinyos/lib/MicaLeds.xml
/home/travis/build/icyphy/ptII/ptolemy/vergil/basic/export/test/ptolemy/domains/ptinyos/lib/MicaLeds.xml (No such file or directory)
 in file:/home/travis/build/icyphy/ptII/ptolemy/actor/ptalon/demo/ptinyos/SenseToLeds/MicaBoard.xml at line 134 and column 63
	at ptolemy.moml.SimpleErrorHandler.handleError(SimpleErrorHandler.java:75)
	at ptolemy.moml.MoMLParser.startElement(MoMLParser.java:3805)
	at com.microstar.xml.XmlParser.parseElement(XmlParser.java:931)
	at com.microstar.xml.XmlParser.parseDocument(XmlParser.java:481)
	at com.microstar.xml.XmlParser.doParse(XmlParser.java:159)
	at com.microstar.xml.XmlParser.parse(XmlParser.java:132)
	at ptolemy.moml.MoMLParser.parse(MoMLParser.java:1660)
	at ptolemy.moml.MoMLParser.parse(MoMLParser.java:1617)
	at ptolemy.moml.MoMLParser.parse(MoMLParser.java:1792)
	at ptolemy.actor.ptalon.PtalonEvaluator.addActor(PtalonEvaluator.java:241)
	... 56 more
Caused by: ptolemy.kernel.util.IllegalActionException: Cannot find class: ptolemy.actor.ptalon.demo.ptinyos.SenseToLeds.MicaBoard. In Ptolemy, classes are typically Java .class files. Entities like actors may instead be defined within a .xml file.  In any case, the class was not found. If the class uses a third party package, then the class would be present only if the third party package was found at compile time.  It may be necessary to upgrade Java or install the third party package, reconfigure and recompile.
Because:
Element <entity name="MicaLeds" class="ptolemy.domains.ptinyos.lib.MicaLeds"> caused an exception to be thrown.
  in .MicaBoard
Because:
Cannot find class: ptolemy.domains.ptinyos.lib.MicaLeds. In Ptolemy, classes are typically Java .class files. Entities like actors may instead be defined within a .xml file.  In any case, the class was not found. If the class uses a third party package, then the class would be present only if the third party package was found at compile time.  It may be necessary to upgrade Java or install the third party package, reconfigure and recompile.
Because:
-- /home/travis/build/icyphy/ptII/ptolemy/actor/ptalon/demo/ptinyos/SenseToLeds/ptolemy/domains/ptinyos/lib/MicaLeds.xml (No such file or directory)
-- XML file not found relative to classpath.
-- /home/travis/build/icyphy/ptII/ptolemy/vergil/basic/export/test/ptolemy/domains/ptinyos/lib/MicaLeds.xml
/home/travis/build/icyphy/ptII/ptolemy/vergil/basic/export/test/ptolemy/domains/ptinyos/lib/MicaLeds.xml (No such file or directory)
 in file:/home/travis/build/icyphy/ptII/ptolemy/actor/ptalon/demo/ptinyos/SenseToLeds/MicaBoard.xml at line 134 and column 63
	at ptolemy.moml.MoMLParser._createEntity(MoMLParser.java:4330)
	at ptolemy.moml.MoMLParser.startElement(MoMLParser.java:2864)
	... 64 more
Caused by: ptolemy.kernel.util.InternalErrorException: Element <entity name="MicaLeds" class="ptolemy.domains.ptinyos.lib.MicaLeds"> caused an exception to be thrown.
  in .MicaBoard
Because:
Cannot find class: ptolemy.domains.ptinyos.lib.MicaLeds. In Ptolemy, classes are typically Java .class files. Entities like actors may instead be defined within a .xml file.  In any case, the class was not found. If the class uses a third party package, then the class would be present only if the third party package was found at compile time.  It may be necessary to upgrade Java or install the third party package, reconfigure and recompile.
Because:
-- /home/travis/build/icyphy/ptII/ptolemy/actor/ptalon/demo/ptinyos/SenseToLeds/ptolemy/domains/ptinyos/lib/MicaLeds.xml (No such file or directory)
-- XML file not found relative to classpath.
-- /home/travis/build/icyphy/ptII/ptolemy/vergil/basic/export/test/ptolemy/domains/ptinyos/lib/MicaLeds.xml
/home/travis/build/icyphy/ptII/ptolemy/vergil/basic/export/test/ptolemy/domains/ptinyos/lib/MicaLeds.xml (No such file or directory)
 in file:/home/travis/build/icyphy/ptII/ptolemy/actor/ptalon/demo/ptinyos/SenseToLeds/MicaBoard.xml at line 134 and column 63
	at ptolemy.moml.SimpleErrorHandler.handleError(SimpleErrorHandler.java:75)
	at ptolemy.moml.MoMLParser.startElement(MoMLParser.java:3805)
	at com.microstar.xml.XmlParser.parseElement(XmlParser.java:921)
	at com.microstar.xml.XmlParser.parseContent(XmlParser.java:1104)
	at com.microstar.xml.XmlParser.parseElement(XmlParser.java:924)
	at com.microstar.xml.XmlParser.parseDocument(XmlParser.java:481)
	at com.microstar.xml.XmlParser.doParse(XmlParser.java:159)
	at com.microstar.xml.XmlParser.parse(XmlParser.java:132)
	at ptolemy.moml.MoMLParser.parse(MoMLParser.java:1676)
	at ptolemy.moml.MoMLParser.parse(MoMLParser.java:1595)
	at ptolemy.moml.MoMLParser.parse(MoMLParser.java:1537)
	at ptolemy.moml.MoMLParser._findOrParse(MoMLParser.java:5286)
	at ptolemy.moml.MoMLParser._attemptToFindMoMLClass(MoMLParser.java:4075)
	at ptolemy.moml.MoMLParser._createEntity(MoMLParser.java:4323)
	... 65 more
Caused by: ptolemy.kernel.util.IllegalActionException: Cannot find class: ptolemy.domains.ptinyos.lib.MicaLeds. In Ptolemy, classes are typically Java .class files. Entities like actors may instead be defined within a .xml file.  In any case, the class was not found. If the class uses a third party package, then the class would be present only if the third party package was found at compile time.  It may be necessary to upgrade Java or install the third party package, reconfigure and recompile.
Because:
-- /home/travis/build/icyphy/ptII/ptolemy/actor/ptalon/demo/ptinyos/SenseToLeds/ptolemy/domains/ptinyos/lib/MicaLeds.xml (No such file or directory)
-- XML file not found relative to classpath.
-- /home/travis/build/icyphy/ptII/ptolemy/vergil/basic/export/test/ptolemy/domains/ptinyos/lib/MicaLeds.xml
/home/travis/build/icyphy/ptII/ptolemy/vergil/basic/export/test/ptolemy/domains/ptinyos/lib/MicaLeds.xml (No such file or directory)
 in file:/home/travis/build/icyphy/ptII/ptolemy/actor/ptalon/demo/ptinyos/SenseToLeds/MicaBoard.xml at line 134 and column 63
	at ptolemy.moml.MoMLParser._createEntity(MoMLParser.java:4330)
	at ptolemy.moml.MoMLParser.startElement(MoMLParser.java:2864)
	... 77 more
Caused by: com.microstar.xml.XmlException: -- /home/travis/build/icyphy/ptII/ptolemy/actor/ptalon/demo/ptinyos/SenseToLeds/ptolemy/domains/ptinyos/lib/MicaLeds.xml (No such file or directory)
-- XML file not found relative to classpath.
-- /home/travis/build/icyphy/ptII/ptolemy/vergil/basic/export/test/ptolemy/domains/ptinyos/lib/MicaLeds.xml
/home/travis/build/icyphy/ptII/ptolemy/vergil/basic/export/test/ptolemy/domains/ptinyos/lib/MicaLeds.xml (No such file or directory)
 in file:/home/travis/build/icyphy/ptII/ptolemy/actor/ptalon/demo/ptinyos/SenseToLeds/MicaBoard.xml at line 134 and column 63
	at ptolemy.moml.MoMLParser.fileNameToURL(MoMLParser.java:1414)
	at ptolemy.moml.MoMLParser._findOrParse(MoMLParser.java:5283)
	at ptolemy.moml.MoMLParser._attemptToFindMoMLClass(MoMLParser.java:4075)
	at ptolemy.moml.MoMLParser._createEntity(MoMLParser.java:4323)
	... 78 more
Caused by: ptolemy.actor.ptalon.PtalonRuntimeException: Unable to add actor null
	at ptolemy.actor.ptalon.PtalonEvaluator.addActor(PtalonEvaluator.java:300)
	at ptolemy.actor.ptalon.PtalonPopulator.actor_declaration(PtalonPopulator.java:1574)
	at ptolemy.actor.ptalon.PtalonPopulator.atomic_statement(PtalonPopulator.java:1638)
	at ptolemy.actor.ptalon.PtalonPopulator.iterative_statement_evaluator(PtalonPopulator.java:2484)
	at ptolemy.actor.ptalon.AbstractPtalonEvaluator$IfTree.evaluateForScope(AbstractPtalonEvaluator.java:1307)
	at ptolemy.actor.ptalon.AbstractPtalonEvaluator.evaluateForScope(AbstractPtalonEvaluator.java:744)
	at ptolemy.actor.ptalon.PtalonPopulator.iterative_statement(PtalonPopulator.java:2363)
	at ptolemy.actor.ptalon.PtalonPopulator.actor_definition(PtalonPopulator.java:2809)
	at ptolemy.actor.ptalon.PtalonActor.attributeChanged(PtalonActor.java:206)
	at ptolemy.actor.ptalon.PtalonMLHandler.startElement(PtalonMLHandler.java:134)
	at com.microstar.xml.XmlParser.parseElement(XmlParser.java:921)
	at com.microstar.xml.XmlParser.parseContent(XmlParser.java:1104)
	at com.microstar.xml.XmlParser.parseElement(XmlParser.java:924)
	at com.microstar.xml.XmlParser.parseDocument(XmlParser.java:481)
	at com.microstar.xml.XmlParser.doParse(XmlParser.java:159)
	at com.microstar.xml.XmlParser.parse(XmlParser.java:132)
	at ptolemy.actor.ptalon.PtalonActor.configure(PtalonActor.java:240)
	at ptolemy.moml.MoMLParser.endElement(MoMLParser.java:996)
	at com.microstar.xml.XmlParser.parseETag(XmlParser.java:1026)
	at com.microstar.xml.XmlParser.parseContent(XmlParser.java:1098)
	at com.microstar.xml.XmlParser.parseElement(XmlParser.java:924)
	at com.microstar.xml.XmlParser.parseContent(XmlParser.java:1104)
	at com.microstar.xml.XmlParser.parseElement(XmlParser.java:924)
	at com.microstar.xml.XmlParser.parseContent(XmlParser.java:1104)
	at com.microstar.xml.XmlParser.parseElement(XmlParser.java:924)
	at com.microstar.xml.XmlParser.parseDocument(XmlParser.java:481)
	at com.microstar.xml.XmlParser.doParse(XmlParser.java:159)
	at com.microstar.xml.XmlParser.parse(XmlParser.java:132)
	at ptolemy.moml.MoMLParser.parse(MoMLParser.java:1676)
	at ptolemy.moml.MoMLParser.parse(MoMLParser.java:1595)
	at ptolemy.moml.MoMLParser.parse(MoMLParser.java:1537)
	at ptolemy.actor.gui.PtolemyEffigy$Factory.createEffigy(PtolemyEffigy.java:424)
	at ptolemy.actor.gui.EffigyFactory.createEffigy(EffigyFactory.java:234)
	at ptolemy.actor.gui.Configuration.openModel(Configuration.java:1125)
	at ptolemy.actor.gui.Configuration.openModel(Configuration.java:1051)
	at ptolemy.actor.gui.ConfigurationApplication._openModel(ConfigurationApplication.java:1252)
	at ptolemy.actor.gui.ConfigurationApplication._parseArg(ConfigurationApplication.java:1399)
	at ptolemy.actor.gui.ConfigurationApplication._parseArgs(ConfigurationApplication.java:1478)
	at ptolemy.actor.gui.ConfigurationApplication.<init>(ConfigurationApplication.java:277)
	at ptolemy.actor.gui.ConfigurationApplication.<init>(ConfigurationApplication.java:214)
	at ptolemy.actor.gui.ConfigurationApplication.<init>(ConfigurationApplication.java:201)
	at ptolemy.actor.gui.ConfigurationApplication.openModelOrEntity(ConfigurationApplication.java:680)
	at ptolemy.vergil.basic.export.ExportModel$1.run(ExportModel.java:220)
	at java.awt.event.InvocationEvent.dispatch(InvocationEvent.java:301)
	at java.awt.EventQueue.dispatchEventImpl(EventQueue.java:756)
	at java.awt.EventQueue.access$500(EventQueue.java:97)
	at java.awt.EventQueue$3.run(EventQueue.java:709)
	at java.awt.EventQueue$3.run(EventQueue.java:703)
	at java.security.AccessController.doPrivileged(Native Method)
	at java.security.ProtectionDomain$JavaSecurityAccessImpl.doIntersectionPrivilege(ProtectionDomain.java:80)
	at java.awt.EventQueue.dispatchEvent(EventQueue.java:726)
	at java.awt.EventDispatchThread.pumpOneEventForFilters(EventDispatchThread.java:201)
	at java.awt.EventDispatchThread.pumpEventsForFilter(EventDispatchThread.java:116)
	at java.awt.EventDispatchThread.pumpEventsForHierarchy(EventDispatchThread.java:105)
	at java.awt.EventDispatchThread.pumpEvents(EventDispatchThread.java:101)
	at java.awt.EventDispatchThread.pumpEvents(EventDispatchThread.java:93)
	at java.awt.EventDispatchThread.run(EventDispatchThread.java:82)
Caused by: ptolemy.kernel.util.InternalErrorException: Element <entity name="node1" class="ptolemy.actor.ptalon.demo.ptinyos.SenseToLeds.MicaBoard"> caused an exception to be thrown.
  in .SenseToLeds.SenseToLeds
Because:
Cannot find class: ptolemy.actor.ptalon.demo.ptinyos.SenseToLeds.MicaBoard. In Ptolemy, classes are typically Java .class files. Entities like actors may instead be defined within a .xml file.  In any case, the class was not found. If the class uses a third party package, then the class would be present only if the third party package was found at compile time.  It may be necessary to upgrade Java or install the third party package, reconfigure and recompile.
Because:
Element <entity name="MicaLeds" class="ptolemy.domains.ptinyos.lib.MicaLeds"> caused an exception to be thrown.
  in .MicaBoard
Because:
Cannot find class: ptolemy.domains.ptinyos.lib.MicaLeds. In Ptolemy, classes are typically Java .class files. Entities like actors may instead be defined within a .xml file.  In any case, the class was not found. If the class uses a third party package, then the class would be present only if the third party package was found at compile time.  It may be necessary to upgrade Java or install the third party package, reconfigure and recompile.
Because:
-- /home/travis/build/icyphy/ptII/ptolemy/actor/ptalon/demo/ptinyos/SenseToLeds/ptolemy/domains/ptinyos/lib/MicaLeds.xml (No such file or directory)
-- XML file not found relative to classpath.
-- /home/travis/build/icyphy/ptII/ptolemy/vergil/basic/export/test/ptolemy/domains/ptinyos/lib/MicaLeds.xml
/home/travis/build/icyphy/ptII/ptolemy/vergil/basic/export/test/ptolemy/domains/ptinyos/lib/MicaLeds.xml (No such file or directory)
 in file:/home/travis/build/icyphy/ptII/ptolemy/actor/ptalon/demo/ptinyos/SenseToLeds/MicaBoard.xml at line 134 and column 63
	at ptolemy.moml.SimpleErrorHandler.handleError(SimpleErrorHandler.java:75)
	at ptolemy.moml.MoMLParser.startElement(MoMLParser.java:3805)
	at com.microstar.xml.XmlParser.parseElement(XmlParser.java:931)
	at com.microstar.xml.XmlParser.parseDocument(XmlParser.java:481)
	at com.microstar.xml.XmlParser.doParse(XmlParser.java:159)
	at com.microstar.xml.XmlParser.parse(XmlParser.java:132)
	at ptolemy.moml.MoMLParser.parse(MoMLParser.java:1660)
	at ptolemy.moml.MoMLParser.parse(MoMLParser.java:1617)
	at ptolemy.moml.MoMLParser.parse(MoMLParser.java:1792)
	at ptolemy.actor.ptalon.PtalonEvaluator.addActor(PtalonEvaluator.java:241)
	... 56 more
Caused by: ptolemy.kernel.util.IllegalActionException: Cannot find class: ptolemy.actor.ptalon.demo.ptinyos.SenseToLeds.MicaBoard. In Ptolemy, classes are typically Java .class files. Entities like actors may instead be defined within a .xml file.  In any case, the class was not found. If the class uses a third party package, then the class would be present only if the third party package was found at compile time.  It may be necessary to upgrade Java or install the third party package, reconfigure and recompile.
Because:
Element <entity name="MicaLeds" class="ptolemy.domains.ptinyos.lib.MicaLeds"> caused an exception to be thrown.
  in .MicaBoard
Because:
Cannot find class: ptolemy.domains.ptinyos.lib.MicaLeds. In Ptolemy, classes are typically Java .class files. Entities like actors may instead be defined within a .xml file.  In any case, the class was not found. If the class uses a third party package, then the class would be present only if the third party package was found at compile time.  It may be necessary to upgrade Java or install the third party package, reconfigure and recompile.
Because:
-- /home/travis/build/icyphy/ptII/ptolemy/actor/ptalon/demo/ptinyos/SenseToLeds/ptolemy/domains/ptinyos/lib/MicaLeds.xml (No such file or directory)
-- XML file not found relative to classpath.
-- /home/travis/build/icyphy/ptII/ptolemy/vergil/basic/export/test/ptolemy/domains/ptinyos/lib/MicaLeds.xml
/home/travis/build/icyphy/ptII/ptolemy/vergil/basic/export/test/ptolemy/domains/ptinyos/lib/MicaLeds.xml (No such file or directory)
 in file:/home/travis/build/icyphy/ptII/ptolemy/actor/ptalon/demo/ptinyos/SenseToLeds/MicaBoard.xml at line 134 and column 63
	at ptolemy.moml.MoMLParser._createEntity(MoMLParser.java:4330)
	at ptolemy.moml.MoMLParser.startElement(MoMLParser.java:2864)
	... 64 more
Caused by: ptolemy.kernel.util.InternalErrorException: Element <entity name="MicaLeds" class="ptolemy.domains.ptinyos.lib.MicaLeds"> caused an exception to be thrown.
  in .MicaBoard
Because:
Cannot find class: ptolemy.domains.ptinyos.lib.MicaLeds. In Ptolemy, classes are typically Java .class files. Entities like actors may instead be defined within a .xml file.  In any case, the class was not found. If the class uses a third party package, then the class would be present only if the third party package was found at compile time.  It may be necessary to upgrade Java or install the third party package, reconfigure and recompile.
Because:
-- /home/travis/build/icyphy/ptII/ptolemy/actor/ptalon/demo/ptinyos/SenseToLeds/ptolemy/domains/ptinyos/lib/MicaLeds.xml (No such file or directory)
-- XML file not found relative to classpath.
-- /home/travis/build/icyphy/ptII/ptolemy/vergil/basic/export/test/ptolemy/domains/ptinyos/lib/MicaLeds.xml
/home/travis/build/icyphy/ptII/ptolemy/vergil/basic/export/test/ptolemy/domains/ptinyos/lib/MicaLeds.xml (No such file or directory)
 in file:/home/travis/build/icyphy/ptII/ptolemy/actor/ptalon/demo/ptinyos/SenseToLeds/MicaBoard.xml at line 134 and column 63
	at ptolemy.moml.SimpleErrorHandler.handleError(SimpleErrorHandler.java:75)
	at ptolemy.moml.MoMLParser.startElement(MoMLParser.java:3805)
	at com.microstar.xml.XmlParser.parseElement(XmlParser.java:921)
	at com.microstar.xml.XmlParser.parseContent(XmlParser.java:1104)
	at com.microstar.xml.XmlParser.parseElement(XmlParser.java:924)
	at com.microstar.xml.XmlParser.parseDocument(XmlParser.java:481)
	at com.microstar.xml.XmlParser.doParse(XmlParser.java:159)
	at com.microstar.xml.XmlParser.parse(XmlParser.java:132)
	at ptolemy.moml.MoMLParser.parse(MoMLParser.java:1676)
	at ptolemy.moml.MoMLParser.parse(MoMLParser.java:1595)
	at ptolemy.moml.MoMLParser.parse(MoMLParser.java:1537)
	at ptolemy.moml.MoMLParser._findOrParse(MoMLParser.java:5286)
	at ptolemy.moml.MoMLParser._attemptToFindMoMLClass(MoMLParser.java:4075)
	at ptolemy.moml.MoMLParser._createEntity(MoMLParser.java:4323)
	... 65 more
Caused by: ptolemy.kernel.util.IllegalActionException: Cannot find class: ptolemy.domains.ptinyos.lib.MicaLeds. In Ptolemy, classes are typically Java .class files. Entities like actors may instead be defined within a .xml file.  In any case, the class was not found. If the class uses a third party package, then the class would be present only if the third party package was found at compile time.  It may be necessary to upgrade Java or install the third party package, reconfigure and recompile.
Because:
-- /home/travis/build/icyphy/ptII/ptolemy/actor/ptalon/demo/ptinyos/SenseToLeds/ptolemy/domains/ptinyos/lib/MicaLeds.xml (No such file or directory)
-- XML file not found relative to classpath.
-- /home/travis/build/icyphy/ptII/ptolemy/vergil/basic/export/test/ptolemy/domains/ptinyos/lib/MicaLeds.xml
/home/travis/build/icyphy/ptII/ptolemy/vergil/basic/export/test/ptolemy/domains/ptinyos/lib/MicaLeds.xml (No such file or directory)
 in file:/home/travis/build/icyphy/ptII/ptolemy/actor/ptalon/demo/ptinyos/SenseToLeds/MicaBoard.xml at line 134 and column 63
	at ptolemy.moml.MoMLParser._createEntity(MoMLParser.java:4330)
	at ptolemy.moml.MoMLParser.startElement(MoMLParser.java:2864)
	... 77 more
Caused by: com.microstar.xml.XmlException: -- /home/travis/build/icyphy/ptII/ptolemy/actor/ptalon/demo/ptinyos/SenseToLeds/ptolemy/domains/ptinyos/lib/MicaLeds.xml (No such file or directory)
-- XML file not found relative to classpath.
-- /home/travis/build/icyphy/ptII/ptolemy/vergil/basic/export/test/ptolemy/domains/ptinyos/lib/MicaLeds.xml
/home/travis/build/icyphy/ptII/ptolemy/vergil/basic/export/test/ptolemy/domains/ptinyos/lib/MicaLeds.xml (No such file or directory)
 in file:/home/travis/build/icyphy/ptII/ptolemy/actor/ptalon/demo/ptinyos/SenseToLeds/MicaBoard.xml at line 134 and column 63
	at ptolemy.moml.MoMLParser.fileNameToURL(MoMLParser.java:1414)
	at ptolemy.moml.MoMLParser._findOrParse(MoMLParser.java:5283)
	at ptolemy.moml.MoMLParser._attemptToFindMoMLClass(MoMLParser.java:4075)
	at ptolemy.moml.MoMLParser._createEntity(MoMLParser.java:4323)
	... 78 more
Failed to read file:/home/travis/build/icyphy/ptII/ptolemy/actor/ptalon/demo/ptinyos/SenseToLeds/SenseToLeds.xml
ptolemy.kernel.util.IllegalActionException: Failed to process attribute change to PtalonParameter, whose value is "ptolemy.actor.ptalon.PtalonExpressionParameter {.SenseToLeds.SenseToLeds.n} 2".
  in .SenseToLeds.SenseToLeds
Because:
Unable to add actor null
	at ptolemy.actor.ptalon.PtalonActor.attributeChanged(PtalonActor.java:211)
	at ptolemy.actor.ptalon.PtalonMLHandler.startElement(PtalonMLHandler.java:134)
	at com.microstar.xml.XmlParser.parseElement(XmlParser.java:921)
	at com.microstar.xml.XmlParser.parseContent(XmlParser.java:1104)
	at com.microstar.xml.XmlParser.parseElement(XmlParser.java:924)
	at com.microstar.xml.XmlParser.parseDocument(XmlParser.java:481)
	at com.microstar.xml.XmlParser.doParse(XmlParser.java:159)
	at com.microstar.xml.XmlParser.parse(XmlParser.java:132)
	at ptolemy.actor.ptalon.PtalonActor.configure(PtalonActor.java:240)
	at ptolemy.moml.MoMLParser.endElement(MoMLParser.java:996)
	at com.microstar.xml.XmlParser.parseETag(XmlParser.java:1026)
	at com.microstar.xml.XmlParser.parseContent(XmlParser.java:1098)
	at com.microstar.xml.XmlParser.parseElement(XmlParser.java:924)
	at com.microstar.xml.XmlParser.parseContent(XmlParser.java:1104)
	at com.microstar.xml.XmlParser.parseElement(XmlParser.java:924)
	at com.microstar.xml.XmlParser.parseContent(XmlParser.java:1104)
	at com.microstar.xml.XmlParser.parseElement(XmlParser.java:924)
	at com.microstar.xml.XmlParser.parseDocument(XmlParser.java:481)
	at com.microstar.xml.XmlParser.doParse(XmlParser.java:159)
	at com.microstar.xml.XmlParser.parse(XmlParser.java:132)
	at ptolemy.moml.MoMLParser.parse(MoMLParser.java:1676)
	at ptolemy.moml.MoMLParser.parse(MoMLParser.java:1595)
	at ptolemy.moml.MoMLParser.parse(MoMLParser.java:1537)
	at ptolemy.actor.gui.PtolemyEffigy$Factory.createEffigy(PtolemyEffigy.java:424)
	at ptolemy.actor.gui.EffigyFactory.createEffigy(EffigyFactory.java:234)
	at ptolemy.actor.gui.Configuration.openModel(Configuration.java:1125)
	at ptolemy.actor.gui.Configuration.openModel(Configuration.java:1051)
	at ptolemy.actor.gui.ConfigurationApplication._openModel(ConfigurationApplication.java:1252)
	at ptolemy.actor.gui.ConfigurationApplication._parseArg(ConfigurationApplication.java:1399)
	at ptolemy.actor.gui.ConfigurationApplication._parseArgs(ConfigurationApplication.java:1478)
	at ptolemy.actor.gui.ConfigurationApplication.<init>(ConfigurationApplication.java:277)
	at ptolemy.actor.gui.ConfigurationApplication.<init>(ConfigurationApplication.java:214)
	at ptolemy.actor.gui.ConfigurationApplication.<init>(ConfigurationApplication.java:201)
	at ptolemy.actor.gui.ConfigurationApplication.openModelOrEntity(ConfigurationApplication.java:680)
	at ptolemy.vergil.basic.export.ExportModel$1.run(ExportModel.java:220)
	at java.awt.event.InvocationEvent.dispatch(InvocationEvent.java:301)
	at java.awt.EventQueue.dispatchEventImpl(EventQueue.java:756)
	at java.awt.EventQueue.access$500(EventQueue.java:97)
	at java.awt.EventQueue$3.run(EventQueue.java:709)
	at java.awt.EventQueue$3.run(EventQueue.java:703)
	at java.security.AccessController.doPrivileged(Native Method)
	at java.security.ProtectionDomain$JavaSecurityAccessImpl.doIntersectionPrivilege(ProtectionDomain.java:80)
	at java.awt.EventQueue.dispatchEvent(EventQueue.java:726)
	at java.awt.EventDispatchThread.pumpOneEventForFilters(EventDispatchThread.java:201)
	at java.awt.EventDispatchThread.pumpEventsForFilter(EventDispatchThread.java:116)
	at java.awt.EventDispatchThread.pumpEventsForHierarchy(EventDispatchThread.java:105)
	at java.awt.EventDispatchThread.pumpEvents(EventDispatchThread.java:101)
	at java.awt.EventDispatchThread.pumpEvents(EventDispatchThread.java:93)
	at java.awt.EventDispatchThread.run(EventDispatchThread.java:82)
Caused by: ptolemy.actor.ptalon.PtalonRuntimeException: Unable to add actor null
	at ptolemy.actor.ptalon.PtalonEvaluator.addActor(PtalonEvaluator.java:300)
	at ptolemy.actor.ptalon.PtalonPopulator.actor_declaration(PtalonPopulator.java:1574)
	at ptolemy.actor.ptalon.PtalonPopulator.atomic_statement(PtalonPopulator.java:1638)
	at ptolemy.actor.ptalon.PtalonPopulator.iterative_statement_evaluator(PtalonPopulator.java:2484)
	at ptolemy.actor.ptalon.AbstractPtalonEvaluator$IfTree.evaluateForScope(AbstractPtalonEvaluator.java:1307)
	at ptolemy.actor.ptalon.AbstractPtalonEvaluator.evaluateForScope(AbstractPtalonEvaluator.java:744)
	at ptolemy.actor.ptalon.PtalonPopulator.iterative_statement(PtalonPopulator.java:2363)
	at ptolemy.actor.ptalon.PtalonPopulator.actor_definition(PtalonPopulator.java:2809)
	at ptolemy.actor.ptalon.PtalonActor.attributeChanged(PtalonActor.java:206)
	... 48 more
Caused by: ptolemy.kernel.util.InternalErrorException: Element <entity name="node1" class="ptolemy.actor.ptalon.demo.ptinyos.SenseToLeds.MicaBoard"> caused an exception to be thrown.
  in .SenseToLeds.SenseToLeds
Because:
Cannot find class: ptolemy.actor.ptalon.demo.ptinyos.SenseToLeds.MicaBoard. In Ptolemy, classes are typically Java .class files. Entities like actors may instead be defined within a .xml file.  In any case, the class was not found. If the class uses a third party package, then the class would be present only if the third party package was found at compile time.  It may be necessary to upgrade Java or install the third party package, reconfigure and recompile.
Because:
Element <entity name="MicaLeds" class="ptolemy.domains.ptinyos.lib.MicaLeds"> caused an exception to be thrown.
  in .MicaBoard
Because:
Cannot find class: ptolemy.domains.ptinyos.lib.MicaLeds. In Ptolemy, classes are typically Java .class files. Entities like actors may instead be defined within a .xml file.  In any case, the class was not found. If the class uses a third party package, then the class would be present only if the third party package was found at compile time.  It may be necessary to upgrade Java or install the third party package, reconfigure and recompile.
Because:
-- /home/travis/build/icyphy/ptII/ptolemy/actor/ptalon/demo/ptinyos/SenseToLeds/ptolemy/domains/ptinyos/lib/MicaLeds.xml (No such file or directory)
-- XML file not found relative to classpath.
-- /home/travis/build/icyphy/ptII/ptolemy/vergil/basic/export/test/ptolemy/domains/ptinyos/lib/MicaLeds.xml
/home/travis/build/icyphy/ptII/ptolemy/vergil/basic/export/test/ptolemy/domains/ptinyos/lib/MicaLeds.xml (No such file or directory)
 in file:/home/travis/build/icyphy/ptII/ptolemy/actor/ptalon/demo/ptinyos/SenseToLeds/MicaBoard.xml at line 134 and column 63
	at ptolemy.moml.SimpleErrorHandler.handleError(SimpleErrorHandler.java:75)
	at ptolemy.moml.MoMLParser.startElement(MoMLParser.java:3805)
	at com.microstar.xml.XmlParser.parseElement(XmlParser.java:931)
	at com.microstar.xml.XmlParser.parseDocument(XmlParser.java:481)
	at com.microstar.xml.XmlParser.doParse(XmlParser.java:159)
	at com.microstar.xml.XmlParser.parse(XmlParser.java:132)
	at ptolemy.moml.MoMLParser.parse(MoMLParser.java:1660)
	at ptolemy.moml.MoMLParser.parse(MoMLParser.java:1617)
	at ptolemy.moml.MoMLParser.parse(MoMLParser.java:1792)
	at ptolemy.actor.ptalon.PtalonEvaluator.addActor(PtalonEvaluator.java:241)
	... 56 more
Caused by: ptolemy.kernel.util.IllegalActionException: Cannot find class: ptolemy.actor.ptalon.demo.ptinyos.SenseToLeds.MicaBoard. In Ptolemy, classes are typically Java .class files. Entities like actors may instead be defined within a .xml file.  In any case, the class was not found. If the class uses a third party package, then the class would be present only if the third party package was found at compile time.  It may be necessary to upgrade Java or install the third party package, reconfigure and recompile.
Because:
Element <entity name="MicaLeds" class="ptolemy.domains.ptinyos.lib.MicaLeds"> caused an exception to be thrown.
  in .MicaBoard
Because:
Cannot find class: ptolemy.domains.ptinyos.lib.MicaLeds. In Ptolemy, classes are typically Java .class files. Entities like actors may instead be defined within a .xml file.  In any case, the class was not found. If the class uses a third party package, then the class would be present only if the third party package was found at compile time.  It may be necessary to upgrade Java or install the third party package, reconfigure and recompile.
Because:
-- /home/travis/build/icyphy/ptII/ptolemy/actor/ptalon/demo/ptinyos/SenseToLeds/ptolemy/domains/ptinyos/lib/MicaLeds.xml (No such file or directory)
-- XML file not found relative to classpath.
-- /home/travis/build/icyphy/ptII/ptolemy/vergil/basic/export/test/ptolemy/domains/ptinyos/lib/MicaLeds.xml
/home/travis/build/icyphy/ptII/ptolemy/vergil/basic/export/test/ptolemy/domains/ptinyos/lib/MicaLeds.xml (No such file or directory)
 in file:/home/travis/build/icyphy/ptII/ptolemy/actor/ptalon/demo/ptinyos/SenseToLeds/MicaBoard.xml at line 134 and column 63
	at ptolemy.moml.MoMLParser._createEntity(MoMLParser.java:4330)
	at ptolemy.moml.MoMLParser.startElement(MoMLParser.java:2864)
	... 64 more
Caused by: ptolemy.kernel.util.InternalErrorException: Element <entity name="MicaLeds" class="ptolemy.domains.ptinyos.lib.MicaLeds"> caused an exception to be thrown.
  in .MicaBoard
Because:
Cannot find class: ptolemy.domains.ptinyos.lib.MicaLeds. In Ptolemy, classes are typically Java .class files. Entities like actors may instead be defined within a .xml file.  In any case, the class was not found. If the class uses a third party package, then the class would be present only if the third party package was found at compile time.  It may be necessary to upgrade Java or install the third party package, reconfigure and recompile.
Because:
-- /home/travis/build/icyphy/ptII/ptolemy/actor/ptalon/demo/ptinyos/SenseToLeds/ptolemy/domains/ptinyos/lib/MicaLeds.xml (No such file or directory)
-- XML file not found relative to classpath.
-- /home/travis/build/icyphy/ptII/ptolemy/vergil/basic/export/test/ptolemy/domains/ptinyos/lib/MicaLeds.xml
/home/travis/build/icyphy/ptII/ptolemy/vergil/basic/export/test/ptolemy/domains/ptinyos/lib/MicaLeds.xml (No such file or directory)
 in file:/home/travis/build/icyphy/ptII/ptolemy/actor/ptalon/demo/ptinyos/SenseToLeds/MicaBoard.xml at line 134 and column 63
	at ptolemy.moml.SimpleErrorHandler.handleError(SimpleErrorHandler.java:75)
	at ptolemy.moml.MoMLParser.startElement(MoMLParser.java:3805)
	at com.microstar.xml.XmlParser.parseElement(XmlParser.java:921)
	at com.microstar.xml.XmlParser.parseContent(XmlParser.java:1104)
	at com.microstar.xml.XmlParser.parseElement(XmlParser.java:924)
	at com.microstar.xml.XmlParser.parseDocument(XmlParser.java:481)
	at com.microstar.xml.XmlParser.doParse(XmlParser.java:159)
	at com.microstar.xml.XmlParser.parse(XmlParser.java:132)
	at ptolemy.moml.MoMLParser.parse(MoMLParser.java:1676)
	at ptolemy.moml.MoMLParser.parse(MoMLParser.java:1595)
	at ptolemy.moml.MoMLParser.parse(MoMLParser.java:1537)
	at ptolemy.moml.MoMLParser._findOrParse(MoMLParser.java:5286)
	at ptolemy.moml.MoMLParser._attemptToFindMoMLClass(MoMLParser.java:4075)
	at ptolemy.moml.MoMLParser._createEntity(MoMLParser.java:4323)
	... 65 more
Caused by: ptolemy.kernel.util.IllegalActionException: Cannot find class: ptolemy.domains.ptinyos.lib.MicaLeds. In Ptolemy, classes are typically Java .class files. Entities like actors may instead be defined within a .xml file.  In any case, the class was not found. If the class uses a third party package, then the class would be present only if the third party package was found at compile time.  It may be necessary to upgrade Java or install the third party package, reconfigure and recompile.
Because:
-- /home/travis/build/icyphy/ptII/ptolemy/actor/ptalon/demo/ptinyos/SenseToLeds/ptolemy/domains/ptinyos/lib/MicaLeds.xml (No such file or directory)
-- XML file not found relative to classpath.
-- /home/travis/build/icyphy/ptII/ptolemy/vergil/basic/export/test/ptolemy/domains/ptinyos/lib/MicaLeds.xml
/home/travis/build/icyphy/ptII/ptolemy/vergil/basic/export/test/ptolemy/domains/ptinyos/lib/MicaLeds.xml (No such file or directory)
 in file:/home/travis/build/icyphy/ptII/ptolemy/actor/ptalon/demo/ptinyos/SenseToLeds/MicaBoard.xml at line 134 and column 63
	at ptolemy.moml.MoMLParser._createEntity(MoMLParser.java:4330)
	at ptolemy.moml.MoMLParser.startElement(MoMLParser.java:2864)
	... 77 more
Caused by: com.microstar.xml.XmlException: -- /home/travis/build/icyphy/ptII/ptolemy/actor/ptalon/demo/ptinyos/SenseToLeds/ptolemy/domains/ptinyos/lib/MicaLeds.xml (No such file or directory)
-- XML file not found relative to classpath.
-- /home/travis/build/icyphy/ptII/ptolemy/vergil/basic/export/test/ptolemy/domains/ptinyos/lib/MicaLeds.xml
/home/travis/build/icyphy/ptII/ptolemy/vergil/basic/export/test/ptolemy/domains/ptinyos/lib/MicaLeds.xml (No such file or directory)
 in file:/home/travis/build/icyphy/ptII/ptolemy/actor/ptalon/demo/ptinyos/SenseToLeds/MicaBoard.xml at line 134 and column 63
	at ptolemy.moml.MoMLParser.fileNameToURL(MoMLParser.java:1414)
	at ptolemy.moml.MoMLParser._findOrParse(MoMLParser.java:5283)
	at ptolemy.moml.MoMLParser._attemptToFindMoMLClass(MoMLParser.java:4075)
	at ptolemy.moml.MoMLParser._createEntity(MoMLParser.java:4323)
	... 78 more
Caused by: ptolemy.actor.ptalon.PtalonRuntimeException: Unable to add actor null
	at ptolemy.actor.ptalon.PtalonEvaluator.addActor(PtalonEvaluator.java:300)
	at ptolemy.actor.ptalon.PtalonPopulator.actor_declaration(PtalonPopulator.java:1574)
	at ptolemy.actor.ptalon.PtalonPopulator.atomic_statement(PtalonPopulator.java:1638)
	at ptolemy.actor.ptalon.PtalonPopulator.iterative_statement_evaluator(PtalonPopulator.java:2484)
	at ptolemy.actor.ptalon.AbstractPtalonEvaluator$IfTree.evaluateForScope(AbstractPtalonEvaluator.java:1307)
	at ptolemy.actor.ptalon.AbstractPtalonEvaluator.evaluateForScope(AbstractPtalonEvaluator.java:744)
	at ptolemy.actor.ptalon.PtalonPopulator.iterative_statement(PtalonPopulator.java:2363)
	at ptolemy.actor.ptalon.PtalonPopulator.actor_definition(PtalonPopulator.java:2809)
	at ptolemy.actor.ptalon.PtalonActor.attributeChanged(PtalonActor.java:206)
	at ptolemy.actor.ptalon.PtalonMLHandler.startElement(PtalonMLHandler.java:134)
	at com.microstar.xml.XmlParser.parseElement(XmlParser.java:921)
	at com.microstar.xml.XmlParser.parseContent(XmlParser.java:1104)
	at com.microstar.xml.XmlParser.parseElement(XmlParser.java:924)
	at com.microstar.xml.XmlParser.parseDocument(XmlParser.java:481)
	at com.microstar.xml.XmlParser.doParse(XmlParser.java:159)
	at com.microstar.xml.XmlParser.parse(XmlParser.java:132)
	at ptolemy.actor.ptalon.PtalonActor.configure(PtalonActor.java:240)
	at ptolemy.moml.MoMLParser.endElement(MoMLParser.java:996)
	at com.microstar.xml.XmlParser.parseETag(XmlParser.java:1026)
	at com.microstar.xml.XmlParser.parseContent(XmlParser.java:1098)
	at com.microstar.xml.XmlParser.parseElement(XmlParser.java:924)
	at com.microstar.xml.XmlParser.parseContent(XmlParser.java:1104)
	at com.microstar.xml.XmlParser.parseElement(XmlParser.java:924)
	at com.microstar.xml.XmlParser.parseContent(XmlParser.java:1104)
	at com.microstar.xml.XmlParser.parseElement(XmlParser.java:924)
	at com.microstar.xml.XmlParser.parseDocument(XmlParser.java:481)
	at com.microstar.xml.XmlParser.doParse(XmlParser.java:159)
	at com.microstar.xml.XmlParser.parse(XmlParser.java:132)
	at ptolemy.moml.MoMLParser.parse(MoMLParser.java:1676)
	at ptolemy.moml.MoMLParser.parse(MoMLParser.java:1595)
	at ptolemy.moml.MoMLParser.parse(MoMLParser.java:1537)
	at ptolemy.actor.gui.PtolemyEffigy$Factory.createEffigy(PtolemyEffigy.java:424)
	at ptolemy.actor.gui.EffigyFactory.createEffigy(EffigyFactory.java:234)
	at ptolemy.actor.gui.Configuration.openModel(Configuration.java:1125)
	at ptolemy.actor.gui.Configuration.openModel(Configuration.java:1051)
	at ptolemy.actor.gui.ConfigurationApplication._openModel(ConfigurationApplication.java:1252)
	at ptolemy.actor.gui.ConfigurationApplication._parseArg(ConfigurationApplication.java:1399)
	at ptolemy.actor.gui.ConfigurationApplication._parseArgs(ConfigurationApplication.java:1478)
	at ptolemy.actor.gui.ConfigurationApplication.<init>(ConfigurationApplication.java:277)
	at ptolemy.actor.gui.ConfigurationApplication.<init>(ConfigurationApplication.java:214)
	at ptolemy.actor.gui.ConfigurationApplication.<init>(ConfigurationApplication.java:201)
	at ptolemy.actor.gui.ConfigurationApplication.openModelOrEntity(ConfigurationApplication.java:680)
	at ptolemy.vergil.basic.export.ExportModel$1.run(ExportModel.java:220)
	at java.awt.event.InvocationEvent.dispatch(InvocationEvent.java:301)
	at java.awt.EventQueue.dispatchEventImpl(EventQueue.java:756)
	at java.awt.EventQueue.access$500(EventQueue.java:97)
	at java.awt.EventQueue$3.run(EventQueue.java:709)
	at java.awt.EventQueue$3.run(EventQueue.java:703)
	at java.security.AccessController.doPrivileged(Native Method)
	at java.security.ProtectionDomain$JavaSecurityAccessImpl.doIntersectionPrivilege(ProtectionDomain.java:80)
	at java.awt.EventQueue.dispatchEvent(EventQueue.java:726)
	at java.awt.EventDispatchThread.pumpOneEventForFilters(EventDispatchThread.java:201)
	at java.awt.EventDispatchThread.pumpEventsForFilter(EventDispatchThread.java:116)
	at java.awt.EventDispatchThread.pumpEventsForHierarchy(EventDispatchThread.java:105)
	at java.awt.EventDispatchThread.pumpEvents(EventDispatchThread.java:101)
	at java.awt.EventDispatchThread.pumpEvents(EventDispatchThread.java:93)
	at java.awt.EventDispatchThread.run(EventDispatchThread.java:82)
Caused by: ptolemy.kernel.util.InternalErrorException: Element <entity name="node1" class="ptolemy.actor.ptalon.demo.ptinyos.SenseToLeds.MicaBoard"> caused an exception to be thrown.
  in .SenseToLeds.SenseToLeds
Because:
Cannot find class: ptolemy.actor.ptalon.demo.ptinyos.SenseToLeds.MicaBoard. In Ptolemy, classes are typically Java .class files. Entities like actors may instead be defined within a .xml file.  In any case, the class was not found. If the class uses a third party package, then the class would be present only if the third party package was found at compile time.  It may be necessary to upgrade Java or install the third party package, reconfigure and recompile.
Because:
Element <entity name="MicaLeds" class="ptolemy.domains.ptinyos.lib.MicaLeds"> caused an exception to be thrown.
  in .MicaBoard
Because:
Cannot find class: ptolemy.domains.ptinyos.lib.MicaLeds. In Ptolemy, classes are typically Java .class files. Entities like actors may instead be defined within a .xml file.  In any case, the class was not found. If the class uses a third party package, then the class would be present only if the third party package was found at compile time.  It may be necessary to upgrade Java or install the third party package, reconfigure and recompile.
Because:
-- /home/travis/build/icyphy/ptII/ptolemy/actor/ptalon/demo/ptinyos/SenseToLeds/ptolemy/domains/ptinyos/lib/MicaLeds.xml (No such file or directory)
-- XML file not found relative to classpath.
-- /home/travis/build/icyphy/ptII/ptolemy/vergil/basic/export/test/ptolemy/domains/ptinyos/lib/MicaLeds.xml
/home/travis/build/icyphy/ptII/ptolemy/vergil/basic/export/test/ptolemy/domains/ptinyos/lib/MicaLeds.xml (No such file or directory)
 in file:/home/travis/build/icyphy/ptII/ptolemy/actor/ptalon/demo/ptinyos/SenseToLeds/MicaBoard.xml at line 134 and column 63
	at ptolemy.moml.SimpleErrorHandler.handleError(SimpleErrorHandler.java:75)
	at ptolemy.moml.MoMLParser.startElement(MoMLParser.java:3805)
	at com.microstar.xml.XmlParser.parseElement(XmlParser.java:931)
	at com.microstar.xml.XmlParser.parseDocument(XmlParser.java:481)
	at com.microstar.xml.XmlParser.doParse(XmlParser.java:159)
	at com.microstar.xml.XmlParser.parse(XmlParser.java:132)
	at ptolemy.moml.MoMLParser.parse(MoMLParser.java:1660)
	at ptolemy.moml.MoMLParser.parse(MoMLParser.java:1617)
	at ptolemy.moml.MoMLParser.parse(MoMLParser.java:1792)
	at ptolemy.actor.ptalon.PtalonEvaluator.addActor(PtalonEvaluator.java:241)
	... 56 more
Caused by: ptolemy.kernel.util.IllegalActionException: Cannot find class: ptolemy.actor.ptalon.demo.ptinyos.SenseToLeds.MicaBoard. In Ptolemy, classes are typically Java .class files. Entities like actors may instead be defined within a .xml file.  In any case, the class was not found. If the class uses a third party package, then the class would be present only if the third party package was found at compile time.  It may be necessary to upgrade Java or install the third party package, reconfigure and recompile.
Because:
Element <entity name="MicaLeds" class="ptolemy.domains.ptinyos.lib.MicaLeds"> caused an exception to be thrown.
  in .MicaBoard
Because:
Cannot find class: ptolemy.domains.ptinyos.lib.MicaLeds. In Ptolemy, classes are typically Java .class files. Entities like actors may instead be defined within a .xml file.  In any case, the class was not found. If the class uses a third party package, then the class would be present only if the third party package was found at compile time.  It may be necessary to upgrade Java or install the third party package, reconfigure and recompile.
Because:
-- /home/travis/build/icyphy/ptII/ptolemy/actor/ptalon/demo/ptinyos/SenseToLeds/ptolemy/domains/ptinyos/lib/MicaLeds.xml (No such file or directory)
-- XML file not found relative to classpath.
-- /home/travis/build/icyphy/ptII/ptolemy/vergil/basic/export/test/ptolemy/domains/ptinyos/lib/MicaLeds.xml
/home/travis/build/icyphy/ptII/ptolemy/vergil/basic/export/test/ptolemy/domains/ptinyos/lib/MicaLeds.xml (No such file or directory)
 in file:/home/travis/build/icyphy/ptII/ptolemy/actor/ptalon/demo/ptinyos/SenseToLeds/MicaBoard.xml at line 134 and column 63
	at ptolemy.moml.MoMLParser._createEntity(MoMLParser.java:4330)
	at ptolemy.moml.MoMLParser.startElement(MoMLParser.java:2864)
	... 64 more
Caused by: ptolemy.kernel.util.InternalErrorException: Element <entity name="MicaLeds" class="ptolemy.domains.ptinyos.lib.MicaLeds"> caused an exception to be thrown.
  in .MicaBoard
Because:
Cannot find class: ptolemy.domains.ptinyos.lib.MicaLeds. In Ptolemy, classes are typically Java .class files. Entities like actors may instead be defined within a .xml file.  In any case, the class was not found. If the class uses a third party package, then the class would be present only if the third party package was found at compile time.  It may be necessary to upgrade Java or install the third party package, reconfigure and recompile.
Because:
-- /home/travis/build/icyphy/ptII/ptolemy/actor/ptalon/demo/ptinyos/SenseToLeds/ptolemy/domains/ptinyos/lib/MicaLeds.xml (No such file or directory)
-- XML file not found relative to classpath.
-- /home/travis/build/icyphy/ptII/ptolemy/vergil/basic/export/test/ptolemy/domains/ptinyos/lib/MicaLeds.xml
/home/travis/build/icyphy/ptII/ptolemy/vergil/basic/export/test/ptolemy/domains/ptinyos/lib/MicaLeds.xml (No such file or directory)
 in file:/home/travis/build/icyphy/ptII/ptolemy/actor/ptalon/demo/ptinyos/SenseToLeds/MicaBoard.xml at line 134 and column 63
	at ptolemy.moml.SimpleErrorHandler.handleError(SimpleErrorHandler.java:75)
	at ptolemy.moml.MoMLParser.startElement(MoMLParser.java:3805)
	at com.microstar.xml.XmlParser.parseElement(XmlParser.java:921)
	at com.microstar.xml.XmlParser.parseContent(XmlParser.java:1104)
	at com.microstar.xml.XmlParser.parseElement(XmlParser.java:924)
	at com.microstar.xml.XmlParser.parseDocument(XmlParser.java:481)
	at com.microstar.xml.XmlParser.doParse(XmlParser.java:159)
	at com.microstar.xml.XmlParser.parse(XmlParser.java:132)
	at ptolemy.moml.MoMLParser.parse(MoMLParser.java:1676)
	at ptolemy.moml.MoMLParser.parse(MoMLParser.java:1595)
	at ptolemy.moml.MoMLParser.parse(MoMLParser.java:1537)
	at ptolemy.moml.MoMLParser._findOrParse(MoMLParser.java:5286)
	at ptolemy.moml.MoMLParser._attemptToFindMoMLClass(MoMLParser.java:4075)
	at ptolemy.moml.MoMLParser._createEntity(MoMLParser.java:4323)
	... 65 more
Caused by: ptolemy.kernel.util.IllegalActionException: Cannot find class: ptolemy.domains.ptinyos.lib.MicaLeds. In Ptolemy, classes are typically Java .class files. Entities like actors may instead be defined within a .xml file.  In any case, the class was not found. If the class uses a third party package, then the class would be present only if the third party package was found at compile time.  It may be necessary to upgrade Java or install the third party package, reconfigure and recompile.
Because:
-- /home/travis/build/icyphy/ptII/ptolemy/actor/ptalon/demo/ptinyos/SenseToLeds/ptolemy/domains/ptinyos/lib/MicaLeds.xml (No such file or directory)
-- XML file not found relative to classpath.
-- /home/travis/build/icyphy/ptII/ptolemy/vergil/basic/export/test/ptolemy/domains/ptinyos/lib/MicaLeds.xml
/home/travis/build/icyphy/ptII/ptolemy/vergil/basic/export/test/ptolemy/domains/ptinyos/lib/MicaLeds.xml (No such file or directory)
 in file:/home/travis/build/icyphy/ptII/ptolemy/actor/ptalon/demo/ptinyos/SenseToLeds/MicaBoard.xml at line 134 and column 63
	at ptolemy.moml.MoMLParser._createEntity(MoMLParser.java:4330)
	at ptolemy.moml.MoMLParser.startElement(MoMLParser.java:2864)
	... 77 more
Caused by: com.microstar.xml.XmlException: -- /home/travis/build/icyphy/ptII/ptolemy/actor/ptalon/demo/ptinyos/SenseToLeds/ptolemy/domains/ptinyos/lib/MicaLeds.xml (No such file or directory)
-- XML file not found relative to classpath.
-- /home/travis/build/icyphy/ptII/ptolemy/vergil/basic/export/test/ptolemy/domains/ptinyos/lib/MicaLeds.xml
/home/travis/build/icyphy/ptII/ptolemy/vergil/basic/export/test/ptolemy/domains/ptinyos/lib/MicaLeds.xml (No such file or directory)
 in file:/home/travis/build/icyphy/ptII/ptolemy/actor/ptalon/demo/ptinyos/SenseToLeds/MicaBoard.xml at line 134 and column 63
	at ptolemy.moml.MoMLParser.fileNameToURL(MoMLParser.java:1414)
	at ptolemy.moml.MoMLParser._findOrParse(MoMLParser.java:5283)
	at ptolemy.moml.MoMLParser._attemptToFindMoMLClass(MoMLParser.java:4075)
	at ptolemy.moml.MoMLParser._createEntity(MoMLParser.java:4323)
	... 78 more
Failed to read file:/home/travis/build/icyphy/ptII/ptolemy/actor/ptalon/demo/ptinyos/SenseToLeds/SenseToLeds.xml
ptolemy.kernel.util.IllegalActionException: Failed to process attribute change to PtalonParameter, whose value is "ptolemy.actor.ptalon.PtalonExpressionParameter {.SenseToLeds.SenseToLeds.n} 2".
  in .SenseToLeds.SenseToLeds
Because:
Unable to add actor null
	at ptolemy.actor.ptalon.PtalonActor.attributeChanged(PtalonActor.java:211)
	at ptolemy.actor.ptalon.PtalonMLHandler.startElement(PtalonMLHandler.java:134)
	at com.microstar.xml.XmlParser.parseElement(XmlParser.java:921)
	at com.microstar.xml.XmlParser.parseContent(XmlParser.java:1104)
	at com.microstar.xml.XmlParser.parseElement(XmlParser.java:924)
	at com.microstar.xml.XmlParser.parseDocument(XmlParser.java:481)
	at com.microstar.xml.XmlParser.doParse(XmlParser.java:159)
	at com.microstar.xml.XmlParser.parse(XmlParser.java:132)
	at ptolemy.actor.ptalon.PtalonActor.configure(PtalonActor.java:240)
	at ptolemy.moml.MoMLParser.endElement(MoMLParser.java:996)
	at com.microstar.xml.XmlParser.parseETag(XmlParser.java:1026)
	at com.microstar.xml.XmlParser.parseContent(XmlParser.java:1098)
	at com.microstar.xml.XmlParser.parseElement(XmlParser.java:924)
	at com.microstar.xml.XmlParser.parseContent(XmlParser.java:1104)
	at com.microstar.xml.XmlParser.parseElement(XmlParser.java:924)
	at com.microstar.xml.XmlParser.parseContent(XmlParser.java:1104)
	at com.microstar.xml.XmlParser.parseElement(XmlParser.java:924)
	at com.microstar.xml.XmlParser.parseDocument(XmlParser.java:481)
	at com.microstar.xml.XmlParser.doParse(XmlParser.java:159)
	at com.microstar.xml.XmlParser.parse(XmlParser.java:132)
	at ptolemy.moml.MoMLParser.parse(MoMLParser.java:1676)
	at ptolemy.moml.MoMLParser.parse(MoMLParser.java:1595)
	at ptolemy.moml.MoMLParser.parse(MoMLParser.java:1537)
	at ptolemy.actor.gui.PtolemyEffigy$Factory.createEffigy(PtolemyEffigy.java:424)
	at ptolemy.actor.gui.EffigyFactory.createEffigy(EffigyFactory.java:234)
	at ptolemy.actor.gui.Configuration.openModel(Configuration.java:1125)
	at ptolemy.actor.gui.Configuration.openModel(Configuration.java:1051)
	at ptolemy.actor.gui.ConfigurationApplication._openModel(ConfigurationApplication.java:1252)
	at ptolemy.actor.gui.ConfigurationApplication._parseArg(ConfigurationApplication.java:1399)
	at ptolemy.actor.gui.ConfigurationApplication._parseArgs(ConfigurationApplication.java:1478)
	at ptolemy.actor.gui.ConfigurationApplication.<init>(ConfigurationApplication.java:277)
	at ptolemy.actor.gui.ConfigurationApplication.<init>(ConfigurationApplication.java:214)
	at ptolemy.actor.gui.ConfigurationApplication.<init>(ConfigurationApplication.java:201)
	at ptolemy.actor.gui.ConfigurationApplication.openModelOrEntity(ConfigurationApplication.java:680)
	at ptolemy.vergil.basic.export.ExportModel$1.run(ExportModel.java:220)
	at java.awt.event.InvocationEvent.dispatch(InvocationEvent.java:301)
	at java.awt.EventQueue.dispatchEventImpl(EventQueue.java:756)
	at java.awt.EventQueue.access$500(EventQueue.java:97)
	at java.awt.EventQueue$3.run(EventQueue.java:709)
	at java.awt.EventQueue$3.run(EventQueue.java:703)
	at java.security.AccessController.doPrivileged(Native Method)
	at java.security.ProtectionDomain$JavaSecurityAccessImpl.doIntersectionPrivilege(ProtectionDomain.java:80)
	at java.awt.EventQueue.dispatchEvent(EventQueue.java:726)
	at java.awt.EventDispatchThread.pumpOneEventForFilters(EventDispatchThread.java:201)
	at java.awt.EventDispatchThread.pumpEventsForFilter(EventDispatchThread.java:116)
	at java.awt.EventDispatchThread.pumpEventsForHierarchy(EventDispatchThread.java:105)
	at java.awt.EventDispatchThread.pumpEvents(EventDispatchThread.java:101)
	at java.awt.EventDispatchThread.pumpEvents(EventDispatchThread.java:93)
	at java.awt.EventDispatchThread.run(EventDispatchThread.java:82)
Caused by: ptolemy.actor.ptalon.PtalonRuntimeException: Unable to add actor null
	at ptolemy.actor.ptalon.PtalonEvaluator.addActor(PtalonEvaluator.java:300)
	at ptolemy.actor.ptalon.PtalonPopulator.actor_declaration(PtalonPopulator.java:1574)
	at ptolemy.actor.ptalon.PtalonPopulator.atomic_statement(PtalonPopulator.java:1638)
	at ptolemy.actor.ptalon.PtalonPopulator.iterative_statement_evaluator(PtalonPopulator.java:2484)
	at ptolemy.actor.ptalon.AbstractPtalonEvaluator$IfTree.evaluateForScope(AbstractPtalonEvaluator.java:1307)
	at ptolemy.actor.ptalon.AbstractPtalonEvaluator.evaluateForScope(AbstractPtalonEvaluator.java:744)
	at ptolemy.actor.ptalon.PtalonPopulator.iterative_statement(PtalonPopulator.java:2363)
	at ptolemy.actor.ptalon.PtalonPopulator.actor_definition(PtalonPopulator.java:2809)
	at ptolemy.actor.ptalon.PtalonActor.attributeChanged(PtalonActor.java:206)
	... 48 more
Caused by: ptolemy.kernel.util.InternalErrorException: Element <entity name="node1" class="ptolemy.actor.ptalon.demo.ptinyos.SenseToLeds.MicaBoard"> caused an exception to be thrown.
  in .SenseToLeds.SenseToLeds
Because:
Cannot find class: ptolemy.actor.ptalon.demo.ptinyos.SenseToLeds.MicaBoard. In Ptolemy, classes are typically Java .class files. Entities like actors may instead be defined within a .xml file.  In any case, the class was not found. If the class uses a third party package, then the class would be present only if the third party package was found at compile time.  It may be necessary to upgrade Java or install the third party package, reconfigure and recompile.
Because:
Element <entity name="MicaLeds" class="ptolemy.domains.ptinyos.lib.MicaLeds"> caused an exception to be thrown.
  in .MicaBoard
Because:
Cannot find class: ptolemy.domains.ptinyos.lib.MicaLeds. In Ptolemy, classes are typically Java .class files. Entities like actors may instead be defined within a .xml file.  In any case, the class was not found. If the class uses a third party package, then the class would be present only if the third party package was found at compile time.  It may be necessary to upgrade Java or install the third party package, reconfigure and recompile.
Because:
-- /home/travis/build/icyphy/ptII/ptolemy/actor/ptalon/demo/ptinyos/SenseToLeds/ptolemy/domains/ptinyos/lib/MicaLeds.xml (No such file or directory)
-- XML file not found relative to classpath.
-- /home/travis/build/icyphy/ptII/ptolemy/vergil/basic/export/test/ptolemy/domains/ptinyos/lib/MicaLeds.xml
/home/travis/build/icyphy/ptII/ptolemy/vergil/basic/export/test/ptolemy/domains/ptinyos/lib/MicaLeds.xml (No such file or directory)
 in file:/home/travis/build/icyphy/ptII/ptolemy/actor/ptalon/demo/ptinyos/SenseToLeds/MicaBoard.xml at line 134 and column 63
	at ptolemy.moml.SimpleErrorHandler.handleError(SimpleErrorHandler.java:75)
	at ptolemy.moml.MoMLParser.startElement(MoMLParser.java:3805)
	at com.microstar.xml.XmlParser.parseElement(XmlParser.java:931)
	at com.microstar.xml.XmlParser.parseDocument(XmlParser.java:481)
	at com.microstar.xml.XmlParser.doParse(XmlParser.java:159)
	at com.microstar.xml.XmlParser.parse(XmlParser.java:132)
	at ptolemy.moml.MoMLParser.parse(MoMLParser.java:1660)
	at ptolemy.moml.MoMLParser.parse(MoMLParser.java:1617)
	at ptolemy.moml.MoMLParser.parse(MoMLParser.java:1792)
	at ptolemy.actor.ptalon.PtalonEvaluator.addActor(PtalonEvaluator.java:241)
	... 56 more
Caused by: ptolemy.kernel.util.IllegalActionException: Cannot find class: ptolemy.actor.ptalon.demo.ptinyos.SenseToLeds.MicaBoard. In Ptolemy, classes are typically Java .class files. Entities like actors may instead be defined within a .xml file.  In any case, the class was not found. If the class uses a third party package, then the class would be present only if the third party package was found at compile time.  It may be necessary to upgrade Java or install the third party package, reconfigure and recompile.
Because:
Element <entity name="MicaLeds" class="ptolemy.domains.ptinyos.lib.MicaLeds"> caused an exception to be thrown.
  in .MicaBoard
Because:
Cannot find class: ptolemy.domains.ptinyos.lib.MicaLeds. In Ptolemy, classes are typically Java .class files. Entities like actors may instead be defined within a .xml file.  In any case, the class was not found. If the class uses a third party package, then the class would be present only if the third party package was found at compile time.  It may be necessary to upgrade Java or install the third party package, reconfigure and recompile.
Because:
-- /home/travis/build/icyphy/ptII/ptolemy/actor/ptalon/demo/ptinyos/SenseToLeds/ptolemy/domains/ptinyos/lib/MicaLeds.xml (No such file or directory)
-- XML file not found relative to classpath.
-- /home/travis/build/icyphy/ptII/ptolemy/vergil/basic/export/test/ptolemy/domains/ptinyos/lib/MicaLeds.xml
/home/travis/build/icyphy/ptII/ptolemy/vergil/basic/export/test/ptolemy/domains/ptinyos/lib/MicaLeds.xml (No such file or directory)
 in file:/home/travis/build/icyphy/ptII/ptolemy/actor/ptalon/demo/ptinyos/SenseToLeds/MicaBoard.xml at line 134 and column 63
	at ptolemy.moml.MoMLParser._createEntity(MoMLParser.java:4330)
	at ptolemy.moml.MoMLParser.startElement(MoMLParser.java:2864)
	... 64 more
Caused by: ptolemy.kernel.util.InternalErrorException: Element <entity name="MicaLeds" class="ptolemy.domains.ptinyos.lib.MicaLeds"> caused an exception to be thrown.
  in .MicaBoard
Because:
Cannot find class: ptolemy.domains.ptinyos.lib.MicaLeds. In Ptolemy, classes are typically Java .class files. Entities like actors may instead be defined within a .xml file.  In any case, the class was not found. If the class uses a third party package, then the class would be present only if the third party package was found at compile time.  It may be necessary to upgrade Java or install the third party package, reconfigure and recompile.
Because:
-- /home/travis/build/icyphy/ptII/ptolemy/actor/ptalon/demo/ptinyos/SenseToLeds/ptolemy/domains/ptinyos/lib/MicaLeds.xml (No such file or directory)
-- XML file not found relative to classpath.
-- /home/travis/build/icyphy/ptII/ptolemy/vergil/basic/export/test/ptolemy/domains/ptinyos/lib/MicaLeds.xml
/home/travis/build/icyphy/ptII/ptolemy/vergil/basic/export/test/ptolemy/domains/ptinyos/lib/MicaLeds.xml (No such file or directory)
 in file:/home/travis/build/icyphy/ptII/ptolemy/actor/ptalon/demo/ptinyos/SenseToLeds/MicaBoard.xml at line 134 and column 63
	at ptolemy.moml.SimpleErrorHandler.handleError(SimpleErrorHandler.java:75)
	at ptolemy.moml.MoMLParser.startElement(MoMLParser.java:3805)
	at com.microstar.xml.XmlParser.parseElement(XmlParser.java:921)
	at com.microstar.xml.XmlParser.parseContent(XmlParser.java:1104)
	at com.microstar.xml.XmlParser.parseElement(XmlParser.java:924)
	at com.microstar.xml.XmlParser.parseDocument(XmlParser.java:481)
	at com.microstar.xml.XmlParser.doParse(XmlParser.java:159)
	at com.microstar.xml.XmlParser.parse(XmlParser.java:132)
	at ptolemy.moml.MoMLParser.parse(MoMLParser.java:1676)
	at ptolemy.moml.MoMLParser.parse(MoMLParser.java:1595)
	at ptolemy.moml.MoMLParser.parse(MoMLParser.java:1537)
	at ptolemy.moml.MoMLParser._findOrParse(MoMLParser.java:5286)
	at ptolemy.moml.MoMLParser._attemptToFindMoMLClass(MoMLParser.java:4075)
	at ptolemy.moml.MoMLParser._createEntity(MoMLParser.java:4323)
	... 65 more
Caused by: ptolemy.kernel.util.IllegalActionException: Cannot find class: ptolemy.domains.ptinyos.lib.MicaLeds. In Ptolemy, classes are typically Java .class files. Entities like actors may instead be defined within a .xml file.  In any case, the class was not found. If the class uses a third party package, then the class would be present only if the third party package was found at compile time.  It may be necessary to upgrade Java or install the third party package, reconfigure and recompile.
Because:
-- /home/travis/build/icyphy/ptII/ptolemy/actor/ptalon/demo/ptinyos/SenseToLeds/ptolemy/domains/ptinyos/lib/MicaLeds.xml (No such file or directory)
-- XML file not found relative to classpath.
-- /home/travis/build/icyphy/ptII/ptolemy/vergil/basic/export/test/ptolemy/domains/ptinyos/lib/MicaLeds.xml
/home/travis/build/icyphy/ptII/ptolemy/vergil/basic/export/test/ptolemy/domains/ptinyos/lib/MicaLeds.xml (No such file or directory)
 in file:/home/travis/build/icyphy/ptII/ptolemy/actor/ptalon/demo/ptinyos/SenseToLeds/MicaBoard.xml at line 134 and column 63
	at ptolemy.moml.MoMLParser._createEntity(MoMLParser.java:4330)
	at ptolemy.moml.MoMLParser.startElement(MoMLParser.java:2864)
	... 77 more
Caused by: com.microstar.xml.XmlException: -- /home/travis/build/icyphy/ptII/ptolemy/actor/ptalon/demo/ptinyos/SenseToLeds/ptolemy/domains/ptinyos/lib/MicaLeds.xml (No such file or directory)
-- XML file not found relative to classpath.
-- /home/travis/build/icyphy/ptII/ptolemy/vergil/basic/export/test/ptolemy/domains/ptinyos/lib/MicaLeds.xml
/home/travis/build/icyphy/ptII/ptolemy/vergil/basic/export/test/ptolemy/domains/ptinyos/lib/MicaLeds.xml (No such file or directory)
 in file:/home/travis/build/icyphy/ptII/ptolemy/actor/ptalon/demo/ptinyos/SenseToLeds/MicaBoard.xml at line 134 and column 63
	at ptolemy.moml.MoMLParser.fileNameToURL(MoMLParser.java:1414)
	at ptolemy.moml.MoMLParser._findOrParse(MoMLParser.java:5283)
	at ptolemy.moml.MoMLParser._attemptToFindMoMLClass(MoMLParser.java:4075)
	at ptolemy.moml.MoMLParser._createEntity(MoMLParser.java:4323)
	... 78 more
Caused by: ptolemy.actor.ptalon.PtalonRuntimeException: Unable to add actor null
	at ptolemy.actor.ptalon.PtalonEvaluator.addActor(PtalonEvaluator.java:300)
	at ptolemy.actor.ptalon.PtalonPopulator.actor_declaration(PtalonPopulator.java:1574)
	at ptolemy.actor.ptalon.PtalonPopulator.atomic_statement(PtalonPopulator.java:1638)
	at ptolemy.actor.ptalon.PtalonPopulator.iterative_statement_evaluator(PtalonPopulator.java:2484)
	at ptolemy.actor.ptalon.AbstractPtalonEvaluator$IfTree.evaluateForScope(AbstractPtalonEvaluator.java:1307)
	at ptolemy.actor.ptalon.AbstractPtalonEvaluator.evaluateForScope(AbstractPtalonEvaluator.java:744)
	at ptolemy.actor.ptalon.PtalonPopulator.iterative_statement(PtalonPopulator.java:2363)
	at ptolemy.actor.ptalon.PtalonPopulator.actor_definition(PtalonPopulator.java:2809)
	at ptolemy.actor.ptalon.PtalonActor.attributeChanged(PtalonActor.java:206)
	at ptolemy.actor.ptalon.PtalonMLHandler.startElement(PtalonMLHandler.java:134)
	at com.microstar.xml.XmlParser.parseElement(XmlParser.java:921)
	at com.microstar.xml.XmlParser.parseContent(XmlParser.java:1104)
	at com.microstar.xml.XmlParser.parseElement(XmlParser.java:924)
	at com.microstar.xml.XmlParser.parseDocument(XmlParser.java:481)
	at com.microstar.xml.XmlParser.doParse(XmlParser.java:159)
	at com.microstar.xml.XmlParser.parse(XmlParser.java:132)
	at ptolemy.actor.ptalon.PtalonActor.configure(PtalonActor.java:240)
	at ptolemy.moml.MoMLParser.endElement(MoMLParser.java:996)
	at com.microstar.xml.XmlParser.parseETag(XmlParser.java:1026)
	at com.microstar.xml.XmlParser.parseContent(XmlParser.java:1098)
	at com.microstar.xml.XmlParser.parseElement(XmlParser.java:924)
	at com.microstar.xml.XmlParser.parseContent(XmlParser.java:1104)
	at com.microstar.xml.XmlParser.parseElement(XmlParser.java:924)
	at com.microstar.xml.XmlParser.parseContent(XmlParser.java:1104)
	at com.microstar.xml.XmlParser.parseElement(XmlParser.java:924)
	at com.microstar.xml.XmlParser.parseDocument(XmlParser.java:481)
	at com.microstar.xml.XmlParser.doParse(XmlParser.java:159)
	at com.microstar.xml.XmlParser.parse(XmlParser.java:132)
	at ptolemy.moml.MoMLParser.parse(MoMLParser.java:1676)
	at ptolemy.moml.MoMLParser.parse(MoMLParser.java:1595)
	at ptolemy.moml.MoMLParser.parse(MoMLParser.java:1537)
	at ptolemy.actor.gui.PtolemyEffigy$Factory.createEffigy(PtolemyEffigy.java:424)
	at ptolemy.actor.gui.EffigyFactory.createEffigy(EffigyFactory.java:234)
	at ptolemy.actor.gui.Configuration.openModel(Configuration.java:1125)
	at ptolemy.actor.gui.Configuration.openModel(Configuration.java:1051)
	at ptolemy.actor.gui.ConfigurationApplication._openModel(ConfigurationApplication.java:1252)
	at ptolemy.actor.gui.ConfigurationApplication._parseArg(ConfigurationApplication.java:1399)
	at ptolemy.actor.gui.ConfigurationApplication._parseArgs(ConfigurationApplication.java:1478)
	at ptolemy.actor.gui.ConfigurationApplication.<init>(ConfigurationApplication.java:277)
	at ptolemy.actor.gui.ConfigurationApplication.<init>(ConfigurationApplication.java:214)
	at ptolemy.actor.gui.ConfigurationApplication.<init>(ConfigurationApplication.java:201)
	at ptolemy.actor.gui.ConfigurationApplication.openModelOrEntity(ConfigurationApplication.java:680)
	at ptolemy.vergil.basic.export.ExportModel$1.run(ExportModel.java:220)
	at java.awt.event.InvocationEvent.dispatch(InvocationEvent.java:301)
	at java.awt.EventQueue.dispatchEventImpl(EventQueue.java:756)
	at java.awt.EventQueue.access$500(EventQueue.java:97)
	at java.awt.EventQueue$3.run(EventQueue.java:709)
	at java.awt.EventQueue$3.run(EventQueue.java:703)
	at java.security.AccessController.doPrivileged(Native Method)
	at java.security.ProtectionDomain$JavaSecurityAccessImpl.doIntersectionPrivilege(ProtectionDomain.java:80)
	at java.awt.EventQueue.dispatchEvent(EventQueue.java:726)
	at java.awt.EventDispatchThread.pumpOneEventForFilters(EventDispatchThread.java:201)
	at java.awt.EventDispatchThread.pumpEventsForFilter(EventDispatchThread.java:116)
	at java.awt.EventDispatchThread.pumpEventsForHierarchy(EventDispatchThread.java:105)
	at java.awt.EventDispatchThread.pumpEvents(EventDispatchThread.java:101)
	at java.awt.EventDispatchThread.pumpEvents(EventDispatchThread.java:93)
	at java.awt.EventDispatchThread.run(EventDispatchThread.java:82)
Caused by: ptolemy.kernel.util.InternalErrorException: Element <entity name="node1" class="ptolemy.actor.ptalon.demo.ptinyos.SenseToLeds.MicaBoard"> caused an exception to be thrown.
  in .SenseToLeds.SenseToLeds
Because:
Cannot find class: ptolemy.actor.ptalon.demo.ptinyos.SenseToLeds.MicaBoard. In Ptolemy, classes are typically Java .class files. Entities like actors may instead be defined within a .xml file.  In any case, the class was not found. If the class uses a third party package, then the class would be present only if the third party package was found at compile time.  It may be necessary to upgrade Java or install the third party package, reconfigure and recompile.
Because:
Element <entity name="MicaLeds" class="ptolemy.domains.ptinyos.lib.MicaLeds"> caused an exception to be thrown.
  in .MicaBoard
Because:
Cannot find class: ptolemy.domains.ptinyos.lib.MicaLeds. In Ptolemy, classes are typically Java .class files. Entities like actors may instead be defined within a .xml file.  In any case, the class was not found. If the class uses a third party package, then the class would be present only if the third party package was found at compile time.  It may be necessary to upgrade Java or install the third party package, reconfigure and recompile.
Because:
-- /home/travis/build/icyphy/ptII/ptolemy/actor/ptalon/demo/ptinyos/SenseToLeds/ptolemy/domains/ptinyos/lib/MicaLeds.xml (No such file or directory)
-- XML file not found relative to classpath.
-- /home/travis/build/icyphy/ptII/ptolemy/vergil/basic/export/test/ptolemy/domains/ptinyos/lib/MicaLeds.xml
/home/travis/build/icyphy/ptII/ptolemy/vergil/basic/export/test/ptolemy/domains/ptinyos/lib/MicaLeds.xml (No such file or directory)
 in file:/home/travis/build/icyphy/ptII/ptolemy/actor/ptalon/demo/ptinyos/SenseToLeds/MicaBoard.xml at line 134 and column 63
	at ptolemy.moml.SimpleErrorHandler.handleError(SimpleErrorHandler.java:75)
	at ptolemy.moml.MoMLParser.startElement(MoMLParser.java:3805)
	at com.microstar.xml.XmlParser.parseElement(XmlParser.java:931)
	at com.microstar.xml.XmlParser.parseDocument(XmlParser.java:481)
	at com.microstar.xml.XmlParser.doParse(XmlParser.java:159)
	at com.microstar.xml.XmlParser.parse(XmlParser.java:132)
	at ptolemy.moml.MoMLParser.parse(MoMLParser.java:1660)
	at ptolemy.moml.MoMLParser.parse(MoMLParser.java:1617)
	at ptolemy.moml.MoMLParser.parse(MoMLParser.java:1792)
	at ptolemy.actor.ptalon.PtalonEvaluator.addActor(PtalonEvaluator.java:241)
	... 56 more
Caused by: ptolemy.kernel.util.IllegalActionException: Cannot find class: ptolemy.actor.ptalon.demo.ptinyos.SenseToLeds.MicaBoard. In Ptolemy, classes are typically Java .class files. Entities like actors may instead be defined within a .xml file.  In any case, the class was not found. If the class uses a third party package, then the class would be present only if the third party package was found at compile time.  It may be necessary to upgrade Java or install the third party package, reconfigure and recompile.
Because:
Element <entity name="MicaLeds" class="ptolemy.domains.ptinyos.lib.MicaLeds"> caused an exception to be thrown.
  in .MicaBoard
Because:
Cannot find class: ptolemy.domains.ptinyos.lib.MicaLeds. In Ptolemy, classes are typically Java .class files. Entities like actors may instead be defined within a .xml file.  In any case, the class was not found. If the class uses a third party package, then the class would be present only if the third party package was found at compile time.  It may be necessary to upgrade Java or install the third party package, reconfigure and recompile.
Because:
-- /home/travis/build/icyphy/ptII/ptolemy/actor/ptalon/demo/ptinyos/SenseToLeds/ptolemy/domains/ptinyos/lib/MicaLeds.xml (No such file or directory)
-- XML file not found relative to classpath.
-- /home/travis/build/icyphy/ptII/ptolemy/vergil/basic/export/test/ptolemy/domains/ptinyos/lib/MicaLeds.xml
/home/travis/build/icyphy/ptII/ptolemy/vergil/basic/export/test/ptolemy/domains/ptinyos/lib/MicaLeds.xml (No such file or directory)
 in file:/home/travis/build/icyphy/ptII/ptolemy/actor/ptalon/demo/ptinyos/SenseToLeds/MicaBoard.xml at line 134 and column 63
	at ptolemy.moml.MoMLParser._createEntity(MoMLParser.java:4330)
	at ptolemy.moml.MoMLParser.startElement(MoMLParser.java:2864)
	... 64 more
Caused by: ptolemy.kernel.util.InternalErrorException: Element <entity name="MicaLeds" class="ptolemy.domains.ptinyos.lib.MicaLeds"> caused an exception to be thrown.
  in .MicaBoard
Because:
Cannot find class: ptolemy.domains.ptinyos.lib.MicaLeds. In Ptolemy, classes are typically Java .class files. Entities like actors may instead be defined within a .xml file.  In any case, the class was not found. If the class uses a third party package, then the class would be present only if the third party package was found at compile time.  It may be necessary to upgrade Java or install the third party package, reconfigure and recompile.
Because:
-- /home/travis/build/icyphy/ptII/ptolemy/actor/ptalon/demo/ptinyos/SenseToLeds/ptolemy/domains/ptinyos/lib/MicaLeds.xml (No such file or directory)
-- XML file not found relative to classpath.
-- /home/travis/build/icyphy/ptII/ptolemy/vergil/basic/export/test/ptolemy/domains/ptinyos/lib/MicaLeds.xml
/home/travis/build/icyphy/ptII/ptolemy/vergil/basic/export/test/ptolemy/domains/ptinyos/lib/MicaLeds.xml (No such file or directory)
 in file:/home/travis/build/icyphy/ptII/ptolemy/actor/ptalon/demo/ptinyos/SenseToLeds/MicaBoard.xml at line 134 and column 63
	at ptolemy.moml.SimpleErrorHandler.handleError(SimpleErrorHandler.java:75)
	at ptolemy.moml.MoMLParser.startElement(MoMLParser.java:3805)
	at com.microstar.xml.XmlParser.parseElement(XmlParser.java:921)
	at com.microstar.xml.XmlParser.parseContent(XmlParser.java:1104)
	at com.microstar.xml.XmlParser.parseElement(XmlParser.java:924)
	at com.microstar.xml.XmlParser.parseDocument(XmlParser.java:481)
	at com.microstar.xml.XmlParser.doParse(XmlParser.java:159)
	at com.microstar.xml.XmlParser.parse(XmlParser.java:132)
	at ptolemy.moml.MoMLParser.parse(MoMLParser.java:1676)
	at ptolemy.moml.MoMLParser.parse(MoMLParser.java:1595)
	at ptolemy.moml.MoMLParser.parse(MoMLParser.java:1537)
	at ptolemy.moml.MoMLParser._findOrParse(MoMLParser.java:5286)
	at ptolemy.moml.MoMLParser._attemptToFindMoMLClass(MoMLParser.java:4075)
	at ptolemy.moml.MoMLParser._createEntity(MoMLParser.java:4323)
	... 65 more
Caused by: ptolemy.kernel.util.IllegalActionException: Cannot find class: ptolemy.domains.ptinyos.lib.MicaLeds. In Ptolemy, classes are typically Java .class files. Entities like actors may instead be defined within a .xml file.  In any case, the class was not found. If the class uses a third party package, then the class would be present only if the third party package was found at compile time.  It may be necessary to upgrade Java or install the third party package, reconfigure and recompile.
Because:
-- /home/travis/build/icyphy/ptII/ptolemy/actor/ptalon/demo/ptinyos/SenseToLeds/ptolemy/domains/ptinyos/lib/MicaLeds.xml (No such file or directory)
-- XML file not found relative to classpath.
-- /home/travis/build/icyphy/ptII/ptolemy/vergil/basic/export/test/ptolemy/domains/ptinyos/lib/MicaLeds.xml
/home/travis/build/icyphy/ptII/ptolemy/vergil/basic/export/test/ptolemy/domains/ptinyos/lib/MicaLeds.xml (No such file or directory)
 in file:/home/travis/build/icyphy/ptII/ptolemy/actor/ptalon/demo/ptinyos/SenseToLeds/MicaBoard.xml at line 134 and column 63
	at ptolemy.moml.MoMLParser._createEntity(MoMLParser.java:4330)
	at ptolemy.moml.MoMLParser.startElement(MoMLParser.java:2864)
	... 77 more
Caused by: com.microstar.xml.XmlException: -- /home/travis/build/icyphy/ptII/ptolemy/actor/ptalon/demo/ptinyos/SenseToLeds/ptolemy/domains/ptinyos/lib/MicaLeds.xml (No such file or directory)
-- XML file not found relative to classpath.
-- /home/travis/build/icyphy/ptII/ptolemy/vergil/basic/export/test/ptolemy/domains/ptinyos/lib/MicaLeds.xml
/home/travis/build/icyphy/ptII/ptolemy/vergil/basic/export/test/ptolemy/domains/ptinyos/lib/MicaLeds.xml (No such file or directory)
 in file:/home/travis/build/icyphy/ptII/ptolemy/actor/ptalon/demo/ptinyos/SenseToLeds/MicaBoard.xml at line 134 and column 63
	at ptolemy.moml.MoMLParser.fileNameToURL(MoMLParser.java:1414)
	at ptolemy.moml.MoMLParser._findOrParse(MoMLParser.java:5283)
	at ptolemy.moml.MoMLParser._attemptToFindMoMLClass(MoMLParser.java:4075)
	at ptolemy.moml.MoMLParser._createEntity(MoMLParser.java:4323)
	... 78 more
ptolemy.kernel.util.IllegalActionException: Failed to process attribute change to PtalonParameter, whose value is "ptolemy.actor.ptalon.PtalonExpressionParameter {.SenseToLeds.SenseToLeds.n} 2".
  in .SenseToLeds.SenseToLeds
Because:
Unable to add actor null
	at ptolemy.actor.ptalon.PtalonActor.attributeChanged(PtalonActor.java:211)
	at ptolemy.actor.ptalon.PtalonMLHandler.startElement(PtalonMLHandler.java:134)
	at com.microstar.xml.XmlParser.parseElement(XmlParser.java:921)
	at com.microstar.xml.XmlParser.parseContent(XmlParser.java:1104)
	at com.microstar.xml.XmlParser.parseElement(XmlParser.java:924)
	at com.microstar.xml.XmlParser.parseDocument(XmlParser.java:481)
	at com.microstar.xml.XmlParser.doParse(XmlParser.java:159)
	at com.microstar.xml.XmlParser.parse(XmlParser.java:132)
	at ptolemy.actor.ptalon.PtalonActor.configure(PtalonActor.java:240)
	at ptolemy.moml.MoMLParser.endElement(MoMLParser.java:996)
	at com.microstar.xml.XmlParser.parseETag(XmlParser.java:1026)
	at com.microstar.xml.XmlParser.parseContent(XmlParser.java:1098)
	at com.microstar.xml.XmlParser.parseElement(XmlParser.java:924)
	at com.microstar.xml.XmlParser.parseContent(XmlParser.java:1104)
	at com.microstar.xml.XmlParser.parseElement(XmlParser.java:924)
	at com.microstar.xml.XmlParser.parseContent(XmlParser.java:1104)
	at com.microstar.xml.XmlParser.parseElement(XmlParser.java:924)
	at com.microstar.xml.XmlParser.parseDocument(XmlParser.java:481)
	at com.microstar.xml.XmlParser.doParse(XmlParser.java:159)
	at com.microstar.xml.XmlParser.parse(XmlParser.java:132)
	at ptolemy.moml.MoMLParser.parse(MoMLParser.java:1676)
	at ptolemy.moml.MoMLParser.parse(MoMLParser.java:1595)
	at ptolemy.moml.MoMLParser.parse(MoMLParser.java:1537)
	at ptolemy.actor.gui.PtolemyEffigy$Factory.createEffigy(PtolemyEffigy.java:424)
	at ptolemy.actor.gui.EffigyFactory.createEffigy(EffigyFactory.java:234)
	at ptolemy.actor.gui.Configuration.openModel(Configuration.java:1125)
	at ptolemy.actor.gui.Configuration.openModel(Configuration.java:1051)
	at ptolemy.actor.gui.ConfigurationApplication._openModel(ConfigurationApplication.java:1252)
	at ptolemy.actor.gui.ConfigurationApplication._parseArg(ConfigurationApplication.java:1399)
	at ptolemy.actor.gui.ConfigurationApplication._parseArgs(ConfigurationApplication.java:1478)
	at ptolemy.actor.gui.ConfigurationApplication.<init>(ConfigurationApplication.java:277)
	at ptolemy.actor.gui.ConfigurationApplication.<init>(ConfigurationApplication.java:214)
	at ptolemy.actor.gui.ConfigurationApplication.<init>(ConfigurationApplication.java:201)
	at ptolemy.actor.gui.ConfigurationApplication.openModelOrEntity(ConfigurationApplication.java:680)
	at ptolemy.vergil.basic.export.ExportModel$1.run(ExportModel.java:220)
	at java.awt.event.InvocationEvent.dispatch(InvocationEvent.java:301)
	at java.awt.EventQueue.dispatchEventImpl(EventQueue.java:756)
	at java.awt.EventQueue.access$500(EventQueue.java:97)
	at java.awt.EventQueue$3.run(EventQueue.java:709)
	at java.awt.EventQueue$3.run(EventQueue.java:703)
	at java.security.AccessController.doPrivileged(Native Method)
	at java.security.ProtectionDomain$JavaSecurityAccessImpl.doIntersectionPrivilege(ProtectionDomain.java:80)
	at java.awt.EventQueue.dispatchEvent(EventQueue.java:726)
	at java.awt.EventDispatchThread.pumpOneEventForFilters(EventDispatchThread.java:201)
	at java.awt.EventDispatchThread.pumpEventsForFilter(EventDispatchThread.java:116)
	at java.awt.EventDispatchThread.pumpEventsForHierarchy(EventDispatchThread.java:105)
	at java.awt.EventDispatchThread.pumpEvents(EventDispatchThread.java:101)
	at java.awt.EventDispatchThread.pumpEvents(EventDispatchThread.java:93)
	at java.awt.EventDispatchThread.run(EventDispatchThread.java:82)
Caused by: ptolemy.actor.ptalon.PtalonRuntimeException: Unable to add actor null
	at ptolemy.actor.ptalon.PtalonEvaluator.addActor(PtalonEvaluator.java:300)
	at ptolemy.actor.ptalon.PtalonPopulator.actor_declaration(PtalonPopulator.java:1574)
	at ptolemy.actor.ptalon.PtalonPopulator.atomic_statement(PtalonPopulator.java:1638)
	at ptolemy.actor.ptalon.PtalonPopulator.iterative_statement_evaluator(PtalonPopulator.java:2484)
	at ptolemy.actor.ptalon.AbstractPtalonEvaluator$IfTree.evaluateForScope(AbstractPtalonEvaluator.java:1307)
	at ptolemy.actor.ptalon.AbstractPtalonEvaluator.evaluateForScope(AbstractPtalonEvaluator.java:744)
	at ptolemy.actor.ptalon.PtalonPopulator.iterative_statement(PtalonPopulator.java:2363)
	at ptolemy.actor.ptalon.PtalonPopulator.actor_definition(PtalonPopulator.java:2809)
	at ptolemy.actor.ptalon.PtalonActor.attributeChanged(PtalonActor.java:206)
	... 48 more
Caused by: ptolemy.kernel.util.InternalErrorException: Element <entity name="node1" class="ptolemy.actor.ptalon.demo.ptinyos.SenseToLeds.MicaBoard"> caused an exception to be thrown.
  in .SenseToLeds.SenseToLeds
Because:
Cannot find class: ptolemy.actor.ptalon.demo.ptinyos.SenseToLeds.MicaBoard. In Ptolemy, classes are typically Java .class files. Entities like actors may instead be defined within a .xml file.  In any case, the class was not found. If the class uses a third party package, then the class would be present only if the third party package was found at compile time.  It may be necessary to upgrade Java or install the third party package, reconfigure and recompile.
Because:
Element <entity name="MicaLeds" class="ptolemy.domains.ptinyos.lib.MicaLeds"> caused an exception to be thrown.
  in .MicaBoard
Because:
Cannot find class: ptolemy.domains.ptinyos.lib.MicaLeds. In Ptolemy, classes are typically Java .class files. Entities like actors may instead be defined within a .xml file.  In any case, the class was not found. If the class uses a third party package, then the class would be present only if the third party package was found at compile time.  It may be necessary to upgrade Java or install the third party package, reconfigure and recompile.
Because:
-- /home/travis/build/icyphy/ptII/ptolemy/actor/ptalon/demo/ptinyos/SenseToLeds/ptolemy/domains/ptinyos/lib/MicaLeds.xml (No such file or directory)
-- XML file not found relative to classpath.
-- /home/travis/build/icyphy/ptII/ptolemy/vergil/basic/export/test/ptolemy/domains/ptinyos/lib/MicaLeds.xml
/home/travis/build/icyphy/ptII/ptolemy/vergil/basic/export/test/ptolemy/domains/ptinyos/lib/MicaLeds.xml (No such file or directory)
 in file:/home/travis/build/icyphy/ptII/ptolemy/actor/ptalon/demo/ptinyos/SenseToLeds/MicaBoard.xml at line 134 and column 63
	at ptolemy.moml.SimpleErrorHandler.handleError(SimpleErrorHandler.java:75)
	at ptolemy.moml.MoMLParser.startElement(MoMLParser.java:3805)
	at com.microstar.xml.XmlParser.parseElement(XmlParser.java:931)
	at com.microstar.xml.XmlParser.parseDocument(XmlParser.java:481)
	at com.microstar.xml.XmlParser.doParse(XmlParser.java:159)
	at com.microstar.xml.XmlParser.parse(XmlParser.java:132)
	at ptolemy.moml.MoMLParser.parse(MoMLParser.java:1660)
	at ptolemy.moml.MoMLParser.parse(MoMLParser.java:1617)
	at ptolemy.moml.MoMLParser.parse(MoMLParser.java:1792)
	at ptolemy.actor.ptalon.PtalonEvaluator.addActor(PtalonEvaluator.java:241)
	... 56 more
Caused by: ptolemy.kernel.util.IllegalActionException: Cannot find class: ptolemy.actor.ptalon.demo.ptinyos.SenseToLeds.MicaBoard. In Ptolemy, classes are typically Java .class files. Entities like actors may instead be defined within a .xml file.  In any case, the class was not found. If the class uses a third party package, then the class would be present only if the third party package was found at compile time.  It may be necessary to upgrade Java or install the third party package, reconfigure and recompile.
Because:
Element <entity name="MicaLeds" class="ptolemy.domains.ptinyos.lib.MicaLeds"> caused an exception to be thrown.
  in .MicaBoard
Because:
Cannot find class: ptolemy.domains.ptinyos.lib.MicaLeds. In Ptolemy, classes are typically Java .class files. Entities like actors may instead be defined within a .xml file.  In any case, the class was not found. If the class uses a third party package, then the class would be present only if the third party package was found at compile time.  It may be necessary to upgrade Java or install the third party package, reconfigure and recompile.
Because:
-- /home/travis/build/icyphy/ptII/ptolemy/actor/ptalon/demo/ptinyos/SenseToLeds/ptolemy/domains/ptinyos/lib/MicaLeds.xml (No such file or directory)
-- XML file not found relative to classpath.
-- /home/travis/build/icyphy/ptII/ptolemy/vergil/basic/export/test/ptolemy/domains/ptinyos/lib/MicaLeds.xml
/home/travis/build/icyphy/ptII/ptolemy/vergil/basic/export/test/ptolemy/domains/ptinyos/lib/MicaLeds.xml (No such file or directory)
 in file:/home/travis/build/icyphy/ptII/ptolemy/actor/ptalon/demo/ptinyos/SenseToLeds/MicaBoard.xml at line 134 and column 63
	at ptolemy.moml.MoMLParser._createEntity(MoMLParser.java:4330)
	at ptolemy.moml.MoMLParser.startElement(MoMLParser.java:2864)
	... 64 more
Caused by: ptolemy.kernel.util.InternalErrorException: Element <entity name="MicaLeds" class="ptolemy.domains.ptinyos.lib.MicaLeds"> caused an exception to be thrown.
  in .MicaBoard
Because:
Cannot find class: ptolemy.domains.ptinyos.lib.MicaLeds. In Ptolemy, classes are typically Java .class files. Entities like actors may instead be defined within a .xml file.  In any case, the class was not found. If the class uses a third party package, then the class would be present only if the third party package was found at compile time.  It may be necessary to upgrade Java or install the third party package, reconfigure and recompile.
Because:
-- /home/travis/build/icyphy/ptII/ptolemy/actor/ptalon/demo/ptinyos/SenseToLeds/ptolemy/domains/ptinyos/lib/MicaLeds.xml (No such file or directory)
-- XML file not found relative to classpath.
-- /home/travis/build/icyphy/ptII/ptolemy/vergil/basic/export/test/ptolemy/domains/ptinyos/lib/MicaLeds.xml
/home/travis/build/icyphy/ptII/ptolemy/vergil/basic/export/test/ptolemy/domains/ptinyos/lib/MicaLeds.xml (No such file or directory)
 in file:/home/travis/build/icyphy/ptII/ptolemy/actor/ptalon/demo/ptinyos/SenseToLeds/MicaBoard.xml at line 134 and column 63
	at ptolemy.moml.SimpleErrorHandler.handleError(SimpleErrorHandler.java:75)
	at ptolemy.moml.MoMLParser.startElement(MoMLParser.java:3805)
	at com.microstar.xml.XmlParser.parseElement(XmlParser.java:921)
	at com.microstar.xml.XmlParser.parseContent(XmlParser.java:1104)
	at com.microstar.xml.XmlParser.parseElement(XmlParser.java:924)
	at com.microstar.xml.XmlParser.parseDocument(XmlParser.java:481)
	at com.microstar.xml.XmlParser.doParse(XmlParser.java:159)
	at com.microstar.xml.XmlParser.parse(XmlParser.java:132)
	at ptolemy.moml.MoMLParser.parse(MoMLParser.java:1676)
	at ptolemy.moml.MoMLParser.parse(MoMLParser.java:1595)
	at ptolemy.moml.MoMLParser.parse(MoMLParser.java:1537)
	at ptolemy.moml.MoMLParser._findOrParse(MoMLParser.java:5286)
	at ptolemy.moml.MoMLParser._attemptToFindMoMLClass(MoMLParser.java:4075)
	at ptolemy.moml.MoMLParser._createEntity(MoMLParser.java:4323)
	... 65 more
Caused by: ptolemy.kernel.util.IllegalActionException: Cannot find class: ptolemy.domains.ptinyos.lib.MicaLeds. In Ptolemy, classes are typically Java .class files. Entities like actors may instead be defined within a .xml file.  In any case, the class was not found. If the class uses a third party package, then the class would be present only if the third party package was found at compile time.  It may be necessary to upgrade Java or install the third party package, reconfigure and recompile.
Because:
-- /home/travis/build/icyphy/ptII/ptolemy/actor/ptalon/demo/ptinyos/SenseToLeds/ptolemy/domains/ptinyos/lib/MicaLeds.xml (No such file or directory)
-- XML file not found relative to classpath.
-- /home/travis/build/icyphy/ptII/ptolemy/vergil/basic/export/test/ptolemy/domains/ptinyos/lib/MicaLeds.xml
/home/travis/build/icyphy/ptII/ptolemy/vergil/basic/export/test/ptolemy/domains/ptinyos/lib/MicaLeds.xml (No such file or directory)
 in file:/home/travis/build/icyphy/ptII/ptolemy/actor/ptalon/demo/ptinyos/SenseToLeds/MicaBoard.xml at line 134 and column 63
	at ptolemy.moml.MoMLParser._createEntity(MoMLParser.java:4330)
	at ptolemy.moml.MoMLParser.startElement(MoMLParser.java:2864)
	... 77 more
Caused by: com.microstar.xml.XmlException: -- /home/travis/build/icyphy/ptII/ptolemy/actor/ptalon/demo/ptinyos/SenseToLeds/ptolemy/domains/ptinyos/lib/MicaLeds.xml (No such file or directory)
-- XML file not found relative to classpath.
-- /home/travis/build/icyphy/ptII/ptolemy/vergil/basic/export/test/ptolemy/domains/ptinyos/lib/MicaLeds.xml
/home/travis/build/icyphy/ptII/ptolemy/vergil/basic/export/test/ptolemy/domains/ptinyos/lib/MicaLeds.xml (No such file or directory)
 in file:/home/travis/build/icyphy/ptII/ptolemy/actor/ptalon/demo/ptinyos/SenseToLeds/MicaBoard.xml at line 134 and column 63
	at ptolemy.moml.MoMLParser.fileNameToURL(MoMLParser.java:1414)
	at ptolemy.moml.MoMLParser._findOrParse(MoMLParser.java:5283)
	at ptolemy.moml.MoMLParser._attemptToFindMoMLClass(MoMLParser.java:4075)
	at ptolemy.moml.MoMLParser._createEntity(MoMLParser.java:4323)
	... 78 more
Caused by: ptolemy.actor.ptalon.PtalonRuntimeException: Unable to add actor null
	at ptolemy.actor.ptalon.PtalonEvaluator.addActor(PtalonEvaluator.java:300)
	at ptolemy.actor.ptalon.PtalonPopulator.actor_declaration(PtalonPopulator.java:1574)
	at ptolemy.actor.ptalon.PtalonPopulator.atomic_statement(PtalonPopulator.java:1638)
	at ptolemy.actor.ptalon.PtalonPopulator.iterative_statement_evaluator(PtalonPopulator.java:2484)
	at ptolemy.actor.ptalon.AbstractPtalonEvaluator$IfTree.evaluateForScope(AbstractPtalonEvaluator.java:1307)
	at ptolemy.actor.ptalon.AbstractPtalonEvaluator.evaluateForScope(AbstractPtalonEvaluator.java:744)
	at ptolemy.actor.ptalon.PtalonPopulator.iterative_statement(PtalonPopulator.java:2363)
	at ptolemy.actor.ptalon.PtalonPopulator.actor_definition(PtalonPopulator.java:2809)
	at ptolemy.actor.ptalon.PtalonActor.attributeChanged(PtalonActor.java:206)
	at ptolemy.actor.ptalon.PtalonMLHandler.startElement(PtalonMLHandler.java:134)
	at com.microstar.xml.XmlParser.parseElement(XmlParser.java:921)
	at com.microstar.xml.XmlParser.parseContent(XmlParser.java:1104)
	at com.microstar.xml.XmlParser.parseElement(XmlParser.java:924)
	at com.microstar.xml.XmlParser.parseDocument(XmlParser.java:481)
	at com.microstar.xml.XmlParser.doParse(XmlParser.java:159)
	at com.microstar.xml.XmlParser.parse(XmlParser.java:132)
	at ptolemy.actor.ptalon.PtalonActor.configure(PtalonActor.java:240)
	at ptolemy.moml.MoMLParser.endElement(MoMLParser.java:996)
	at com.microstar.xml.XmlParser.parseETag(XmlParser.java:1026)
	at com.microstar.xml.XmlParser.parseContent(XmlParser.java:1098)
	at com.microstar.xml.XmlParser.parseElement(XmlParser.java:924)
	at com.microstar.xml.XmlParser.parseContent(XmlParser.java:1104)
	at com.microstar.xml.XmlParser.parseElement(XmlParser.java:924)
	at com.microstar.xml.XmlParser.parseContent(XmlParser.java:1104)
	at com.microstar.xml.XmlParser.parseElement(XmlParser.java:924)
	at com.microstar.xml.XmlParser.parseDocument(XmlParser.java:481)
	at com.microstar.xml.XmlParser.doParse(XmlParser.java:159)
	at com.microstar.xml.XmlParser.parse(XmlParser.java:132)
	at ptolemy.moml.MoMLParser.parse(MoMLParser.java:1676)
	at ptolemy.moml.MoMLParser.parse(MoMLParser.java:1595)
	at ptolemy.moml.MoMLParser.parse(MoMLParser.java:1537)
	at ptolemy.actor.gui.PtolemyEffigy$Factory.createEffigy(PtolemyEffigy.java:424)
	at ptolemy.actor.gui.EffigyFactory.createEffigy(EffigyFactory.java:234)
	at ptolemy.actor.gui.Configuration.openModel(Configuration.java:1125)
	at ptolemy.actor.gui.Configuration.openModel(Configuration.java:1051)
	at ptolemy.actor.gui.ConfigurationApplication._openModel(ConfigurationApplication.java:1252)
	at ptolemy.actor.gui.ConfigurationApplication._parseArg(ConfigurationApplication.java:1399)
	at ptolemy.actor.gui.ConfigurationApplication._parseArgs(ConfigurationApplication.java:1478)
	at ptolemy.actor.gui.ConfigurationApplication.<init>(ConfigurationApplication.java:277)
	at ptolemy.actor.gui.ConfigurationApplication.<init>(ConfigurationApplication.java:214)
	at ptolemy.actor.gui.ConfigurationApplication.<init>(ConfigurationApplication.java:201)
	at ptolemy.actor.gui.ConfigurationApplication.openModelOrEntity(ConfigurationApplication.java:680)
	at ptolemy.vergil.basic.export.ExportModel$1.run(ExportModel.java:220)
	at java.awt.event.InvocationEvent.dispatch(InvocationEvent.java:301)
	at java.awt.EventQueue.dispatchEventImpl(EventQueue.java:756)
	at java.awt.EventQueue.access$500(EventQueue.java:97)
	at java.awt.EventQueue$3.run(EventQueue.java:709)
	at java.awt.EventQueue$3.run(EventQueue.java:703)
	at java.security.AccessController.doPrivileged(Native Method)
	at java.security.ProtectionDomain$JavaSecurityAccessImpl.doIntersectionPrivilege(ProtectionDomain.java:80)
	at java.awt.EventQueue.dispatchEvent(EventQueue.java:726)
	at java.awt.EventDispatchThread.pumpOneEventForFilters(EventDispatchThread.java:201)
	at java.awt.EventDispatchThread.pumpEventsForFilter(EventDispatchThread.java:116)
	at java.awt.EventDispatchThread.pumpEventsForHierarchy(EventDispatchThread.java:105)
	at java.awt.EventDispatchThread.pumpEvents(EventDispatchThread.java:101)
	at java.awt.EventDispatchThread.pumpEvents(EventDispatchThread.java:93)
	at java.awt.EventDispatchThread.run(EventDispatchThread.java:82)
Caused by: ptolemy.kernel.util.InternalErrorException: Element <entity name="node1" class="ptolemy.actor.ptalon.demo.ptinyos.SenseToLeds.MicaBoard"> caused an exception to be thrown.
  in .SenseToLeds.SenseToLeds
Because:
Cannot find class: ptolemy.actor.ptalon.demo.ptinyos.SenseToLeds.MicaBoard. In Ptolemy, classes are typically Java .class files. Entities like actors may instead be defined within a .xml file.  In any case, the class was not found. If the class uses a third party package, then the class would be present only if the third party package was found at compile time.  It may be necessary to upgrade Java or install the third party package, reconfigure and recompile.
Because:
Element <entity name="MicaLeds" class="ptolemy.domains.ptinyos.lib.MicaLeds"> caused an exception to be thrown.
  in .MicaBoard
Because:
Cannot find class: ptolemy.domains.ptinyos.lib.MicaLeds. In Ptolemy, classes are typically Java .class files. Entities like actors may instead be defined within a .xml file.  In any case, the class was not found. If the class uses a third party package, then the class would be present only if the third party package was found at compile time.  It may be necessary to upgrade Java or install the third party package, reconfigure and recompile.
Because:
-- /home/travis/build/icyphy/ptII/ptolemy/actor/ptalon/demo/ptinyos/SenseToLeds/ptolemy/domains/ptinyos/lib/MicaLeds.xml (No such file or directory)
-- XML file not found relative to classpath.
-- /home/travis/build/icyphy/ptII/ptolemy/vergil/basic/export/test/ptolemy/domains/ptinyos/lib/MicaLeds.xml
/home/travis/build/icyphy/ptII/ptolemy/vergil/basic/export/test/ptolemy/domains/ptinyos/lib/MicaLeds.xml (No such file or directory)
 in file:/home/travis/build/icyphy/ptII/ptolemy/actor/ptalon/demo/ptinyos/SenseToLeds/MicaBoard.xml at line 134 and column 63
	at ptolemy.moml.SimpleErrorHandler.handleError(SimpleErrorHandler.java:75)
	at ptolemy.moml.MoMLParser.startElement(MoMLParser.java:3805)
	at com.microstar.xml.XmlParser.parseElement(XmlParser.java:931)
	at com.microstar.xml.XmlParser.parseDocument(XmlParser.java:481)
	at com.microstar.xml.XmlParser.doParse(XmlParser.java:159)
	at com.microstar.xml.XmlParser.parse(XmlParser.java:132)
	at ptolemy.moml.MoMLParser.parse(MoMLParser.java:1660)
	at ptolemy.moml.MoMLParser.parse(MoMLParser.java:1617)
	at ptolemy.moml.MoMLParser.parse(MoMLParser.java:1792)
	at ptolemy.actor.ptalon.PtalonEvaluator.addActor(PtalonEvaluator.java:241)
	... 56 more
Caused by: ptolemy.kernel.util.IllegalActionException: Cannot find class: ptolemy.actor.ptalon.demo.ptinyos.SenseToLeds.MicaBoard. In Ptolemy, classes are typically Java .class files. Entities like actors may instead be defined within a .xml file.  In any case, the class was not found. If the class uses a third party package, then the class would be present only if the third party package was found at compile time.  It may be necessary to upgrade Java or install the third party package, reconfigure and recompile.
Because:
Element <entity name="MicaLeds" class="ptolemy.domains.ptinyos.lib.MicaLeds"> caused an exception to be thrown.
  in .MicaBoard
Because:
Cannot find class: ptolemy.domains.ptinyos.lib.MicaLeds. In Ptolemy, classes are typically Java .class files. Entities like actors may instead be defined within a .xml file.  In any case, the class was not found. If the class uses a third party package, then the class would be present only if the third party package was found at compile time.  It may be necessary to upgrade Java or install the third party package, reconfigure and recompile.
Because:
-- /home/travis/build/icyphy/ptII/ptolemy/actor/ptalon/demo/ptinyos/SenseToLeds/ptolemy/domains/ptinyos/lib/MicaLeds.xml (No such file or directory)
-- XML file not found relative to classpath.
-- /home/travis/build/icyphy/ptII/ptolemy/vergil/basic/export/test/ptolemy/domains/ptinyos/lib/MicaLeds.xml
/home/travis/build/icyphy/ptII/ptolemy/vergil/basic/export/test/ptolemy/domains/ptinyos/lib/MicaLeds.xml (No such file or directory)
 in file:/home/travis/build/icyphy/ptII/ptolemy/actor/ptalon/demo/ptinyos/SenseToLeds/MicaBoard.xml at line 134 and column 63
	at ptolemy.moml.MoMLParser._createEntity(MoMLParser.java:4330)
	at ptolemy.moml.MoMLParser.startElement(MoMLParser.java:2864)
	... 64 more
Caused by: ptolemy.kernel.util.InternalErrorException: Element <entity name="MicaLeds" class="ptolemy.domains.ptinyos.lib.MicaLeds"> caused an exception to be thrown.
  in .MicaBoard
Because:
Cannot find class: ptolemy.domains.ptinyos.lib.MicaLeds. In Ptolemy, classes are typically Java .class files. Entities like actors may instead be defined within a .xml file.  In any case, the class was not found. If the class uses a third party package, then the class would be present only if the third party package was found at compile time.  It may be necessary to upgrade Java or install the third party package, reconfigure and recompile.
Because:
-- /home/travis/build/icyphy/ptII/ptolemy/actor/ptalon/demo/ptinyos/SenseToLeds/ptolemy/domains/ptinyos/lib/MicaLeds.xml (No such file or directory)
-- XML file not found relative to classpath.
-- /home/travis/build/icyphy/ptII/ptolemy/vergil/basic/export/test/ptolemy/domains/ptinyos/lib/MicaLeds.xml
/home/travis/build/icyphy/ptII/ptolemy/vergil/basic/export/test/ptolemy/domains/ptinyos/lib/MicaLeds.xml (No such file or directory)
 in file:/home/travis/build/icyphy/ptII/ptolemy/actor/ptalon/demo/ptinyos/SenseToLeds/MicaBoard.xml at line 134 and column 63
	at ptolemy.moml.SimpleErrorHandler.handleError(SimpleErrorHandler.java:75)
	at ptolemy.moml.MoMLParser.startElement(MoMLParser.java:3805)
	at com.microstar.xml.XmlParser.parseElement(XmlParser.java:921)
	at com.microstar.xml.XmlParser.parseContent(XmlParser.java:1104)
	at com.microstar.xml.XmlParser.parseElement(XmlParser.java:924)
	at com.microstar.xml.XmlParser.parseDocument(XmlParser.java:481)
	at com.microstar.xml.XmlParser.doParse(XmlParser.java:159)
	at com.microstar.xml.XmlParser.parse(XmlParser.java:132)
	at ptolemy.moml.MoMLParser.parse(MoMLParser.java:1676)
	at ptolemy.moml.MoMLParser.parse(MoMLParser.java:1595)
	at ptolemy.moml.MoMLParser.parse(MoMLParser.java:1537)
	at ptolemy.moml.MoMLParser._findOrParse(MoMLParser.java:5286)
	at ptolemy.moml.MoMLParser._attemptToFindMoMLClass(MoMLParser.java:4075)
	at ptolemy.moml.MoMLParser._createEntity(MoMLParser.java:4323)
	... 65 more
Caused by: ptolemy.kernel.util.IllegalActionException: Cannot find class: ptolemy.domains.ptinyos.lib.MicaLeds. In Ptolemy, classes are typically Java .class files. Entities like actors may instead be defined within a .xml file.  In any case, the class was not found. If the class uses a third party package, then the class would be present only if the third party package was found at compile time.  It may be necessary to upgrade Java or install the third party package, reconfigure and recompile.
Because:
-- /home/travis/build/icyphy/ptII/ptolemy/actor/ptalon/demo/ptinyos/SenseToLeds/ptolemy/domains/ptinyos/lib/MicaLeds.xml (No such file or directory)
-- XML file not found relative to classpath.
-- /home/travis/build/icyphy/ptII/ptolemy/vergil/basic/export/test/ptolemy/domains/ptinyos/lib/MicaLeds.xml
/home/travis/build/icyphy/ptII/ptolemy/vergil/basic/export/test/ptolemy/domains/ptinyos/lib/MicaLeds.xml (No such file or directory)
 in file:/home/travis/build/icyphy/ptII/ptolemy/actor/ptalon/demo/ptinyos/SenseToLeds/MicaBoard.xml at line 134 and column 63
	at ptolemy.moml.MoMLParser._createEntity(MoMLParser.java:4330)
	at ptolemy.moml.MoMLParser.startElement(MoMLParser.java:2864)
	... 77 more
Caused by: com.microstar.xml.XmlException: -- /home/travis/build/icyphy/ptII/ptolemy/actor/ptalon/demo/ptinyos/SenseToLeds/ptolemy/domains/ptinyos/lib/MicaLeds.xml (No such file or directory)
-- XML file not found relative to classpath.
-- /home/travis/build/icyphy/ptII/ptolemy/vergil/basic/export/test/ptolemy/domains/ptinyos/lib/MicaLeds.xml
/home/travis/build/icyphy/ptII/ptolemy/vergil/basic/export/test/ptolemy/domains/ptinyos/lib/MicaLeds.xml (No such file or directory)
 in file:/home/travis/build/icyphy/ptII/ptolemy/actor/ptalon/demo/ptinyos/SenseToLeds/MicaBoard.xml at line 134 and column 63
	at ptolemy.moml.MoMLParser.fileNameToURL(MoMLParser.java:1414)
	at ptolemy.moml.MoMLParser._findOrParse(MoMLParser.java:5283)
	at ptolemy.moml.MoMLParser._attemptToFindMoMLClass(MoMLParser.java:4075)
	at ptolemy.moml.MoMLParser._createEntity(MoMLParser.java:4323)
	... 78 more
Failed to read file:/home/travis/build/icyphy/ptII/ptolemy/actor/ptalon/demo/ptinyos/SenseToLeds/SenseToLeds.xml
ptolemy.kernel.util.IllegalActionException: Failed to process attribute change to PtalonParameter, whose value is "ptolemy.actor.ptalon.PtalonExpressionParameter {.SenseToLeds.SenseToLeds.n} 2".
  in .SenseToLeds.SenseToLeds
Because:
Unable to add actor null
	at ptolemy.actor.ptalon.PtalonActor.attributeChanged(PtalonActor.java:211)
	at ptolemy.actor.ptalon.PtalonMLHandler.startElement(PtalonMLHandler.java:134)
	at com.microstar.xml.XmlParser.parseElement(XmlParser.java:921)
	at com.microstar.xml.XmlParser.parseContent(XmlParser.java:1104)
	at com.microstar.xml.XmlParser.parseElement(XmlParser.java:924)
	at com.microstar.xml.XmlParser.parseDocument(XmlParser.java:481)
	at com.microstar.xml.XmlParser.doParse(XmlParser.java:159)
	at com.microstar.xml.XmlParser.parse(XmlParser.java:132)
	at ptolemy.actor.ptalon.PtalonActor.configure(PtalonActor.java:240)
	at ptolemy.moml.MoMLParser.endElement(MoMLParser.java:996)
	at com.microstar.xml.XmlParser.parseETag(XmlParser.java:1026)
	at com.microstar.xml.XmlParser.parseContent(XmlParser.java:1098)
	at com.microstar.xml.XmlParser.parseElement(XmlParser.java:924)
	at com.microstar.xml.XmlParser.parseContent(XmlParser.java:1104)
	at com.microstar.xml.XmlParser.parseElement(XmlParser.java:924)
	at com.microstar.xml.XmlParser.parseContent(XmlParser.java:1104)
	at com.microstar.xml.XmlParser.parseElement(XmlParser.java:924)
	at com.microstar.xml.XmlParser.parseDocument(XmlParser.java:481)
	at com.microstar.xml.XmlParser.doParse(XmlParser.java:159)
	at com.microstar.xml.XmlParser.parse(XmlParser.java:132)
	at ptolemy.moml.MoMLParser.parse(MoMLParser.java:1676)
	at ptolemy.moml.MoMLParser.parse(MoMLParser.java:1595)
	at ptolemy.moml.MoMLParser.parse(MoMLParser.java:1537)
	at ptolemy.actor.gui.PtolemyEffigy$Factory.createEffigy(PtolemyEffigy.java:424)
	at ptolemy.actor.gui.EffigyFactory.createEffigy(EffigyFactory.java:234)
	at ptolemy.actor.gui.Configuration.openModel(Configuration.java:1125)
	at ptolemy.actor.gui.Configuration.openModel(Configuration.java:1051)
	at ptolemy.actor.gui.ConfigurationApplication._openModel(ConfigurationApplication.java:1252)
	at ptolemy.actor.gui.ConfigurationApplication._parseArg(ConfigurationApplication.java:1399)
	at ptolemy.actor.gui.ConfigurationApplication._parseArgs(ConfigurationApplication.java:1478)
	at ptolemy.actor.gui.ConfigurationApplication.<init>(ConfigurationApplication.java:277)
	at ptolemy.actor.gui.ConfigurationApplication.<init>(ConfigurationApplication.java:214)
	at ptolemy.actor.gui.ConfigurationApplication.<init>(ConfigurationApplication.java:201)
	at ptolemy.actor.gui.ConfigurationApplication.openModelOrEntity(ConfigurationApplication.java:680)
	at ptolemy.vergil.basic.export.ExportModel$1.run(ExportModel.java:220)
	at java.awt.event.InvocationEvent.dispatch(InvocationEvent.java:301)
	at java.awt.EventQueue.dispatchEventImpl(EventQueue.java:756)
	at java.awt.EventQueue.access$500(EventQueue.java:97)
	at java.awt.EventQueue$3.run(EventQueue.java:709)
	at java.awt.EventQueue$3.run(EventQueue.java:703)
	at java.security.AccessController.doPrivileged(Native Method)
	at java.security.ProtectionDomain$JavaSecurityAccessImpl.doIntersectionPrivilege(ProtectionDomain.java:80)
	at java.awt.EventQueue.dispatchEvent(EventQueue.java:726)
	at java.awt.EventDispatchThread.pumpOneEventForFilters(EventDispatchThread.java:201)
	at java.awt.EventDispatchThread.pumpEventsForFilter(EventDispatchThread.java:116)
	at java.awt.EventDispatchThread.pumpEventsForHierarchy(EventDispatchThread.java:105)
	at java.awt.EventDispatchThread.pumpEvents(EventDispatchThread.java:101)
	at java.awt.EventDispatchThread.pumpEvents(EventDispatchThread.java:93)
	at java.awt.EventDispatchThread.run(EventDispatchThread.java:82)
Caused by: ptolemy.actor.ptalon.PtalonRuntimeException: Unable to add actor null
	at ptolemy.actor.ptalon.PtalonEvaluator.addActor(PtalonEvaluator.java:300)
	at ptolemy.actor.ptalon.PtalonPopulator.actor_declaration(PtalonPopulator.java:1574)
	at ptolemy.actor.ptalon.PtalonPopulator.atomic_statement(PtalonPopulator.java:1638)
	at ptolemy.actor.ptalon.PtalonPopulator.iterative_statement_evaluator(PtalonPopulator.java:2484)
	at ptolemy.actor.ptalon.AbstractPtalonEvaluator$IfTree.evaluateForScope(AbstractPtalonEvaluator.java:1307)
	at ptolemy.actor.ptalon.AbstractPtalonEvaluator.evaluateForScope(AbstractPtalonEvaluator.java:744)
	at ptolemy.actor.ptalon.PtalonPopulator.iterative_statement(PtalonPopulator.java:2363)
	at ptolemy.actor.ptalon.PtalonPopulator.actor_definition(PtalonPopulator.java:2809)
	at ptolemy.actor.ptalon.PtalonActor.attributeChanged(PtalonActor.java:206)
	... 48 more
Caused by: ptolemy.kernel.util.InternalErrorException: Element <entity name="node1" class="ptolemy.actor.ptalon.demo.ptinyos.SenseToLeds.MicaBoard"> caused an exception to be thrown.
  in .SenseToLeds.SenseToLeds
Because:
Cannot find class: ptolemy.actor.ptalon.demo.ptinyos.SenseToLeds.MicaBoard. In Ptolemy, classes are typically Java .class files. Entities like actors may instead be defined within a .xml file.  In any case, the class was not found. If the class uses a third party package, then the class would be present only if the third party package was found at compile time.  It may be necessary to upgrade Java or install the third party package, reconfigure and recompile.
Because:
Element <entity name="MicaLeds" class="ptolemy.domains.ptinyos.lib.MicaLeds"> caused an exception to be thrown.
  in .MicaBoard
Because:
Cannot find class: ptolemy.domains.ptinyos.lib.MicaLeds. In Ptolemy, classes are typically Java .class files. Entities like actors may instead be defined within a .xml file.  In any case, the class was not found. If the class uses a third party package, then the class would be present only if the third party package was found at compile time.  It may be necessary to upgrade Java or install the third party package, reconfigure and recompile.
Because:
-- /home/travis/build/icyphy/ptII/ptolemy/actor/ptalon/demo/ptinyos/SenseToLeds/ptolemy/domains/ptinyos/lib/MicaLeds.xml (No such file or directory)
-- XML file not found relative to classpath.
-- /home/travis/build/icyphy/ptII/ptolemy/vergil/basic/export/test/ptolemy/domains/ptinyos/lib/MicaLeds.xml
/home/travis/build/icyphy/ptII/ptolemy/vergil/basic/export/test/ptolemy/domains/ptinyos/lib/MicaLeds.xml (No such file or directory)
 in file:/home/travis/build/icyphy/ptII/ptolemy/actor/ptalon/demo/ptinyos/SenseToLeds/MicaBoard.xml at line 134 and column 63
	at ptolemy.moml.SimpleErrorHandler.handleError(SimpleErrorHandler.java:75)
	at ptolemy.moml.MoMLParser.startElement(MoMLParser.java:3805)
	at com.microstar.xml.XmlParser.parseElement(XmlParser.java:931)
	at com.microstar.xml.XmlParser.parseDocument(XmlParser.java:481)
	at com.microstar.xml.XmlParser.doParse(XmlParser.java:159)
	at com.microstar.xml.XmlParser.parse(XmlParser.java:132)
	at ptolemy.moml.MoMLParser.parse(MoMLParser.java:1660)
	at ptolemy.moml.MoMLParser.parse(MoMLParser.java:1617)
	at ptolemy.moml.MoMLParser.parse(MoMLParser.java:1792)
	at ptolemy.actor.ptalon.PtalonEvaluator.addActor(PtalonEvaluator.java:241)
	... 56 more
Caused by: ptolemy.kernel.util.IllegalActionException: Cannot find class: ptolemy.actor.ptalon.demo.ptinyos.SenseToLeds.MicaBoard. In Ptolemy, classes are typically Java .class files. Entities like actors may instead be defined within a .xml file.  In any case, the class was not found. If the class uses a third party package, then the class would be present only if the third party package was found at compile time.  It may be necessary to upgrade Java or install the third party package, reconfigure and recompile.
Because:
Element <entity name="MicaLeds" class="ptolemy.domains.ptinyos.lib.MicaLeds"> caused an exception to be thrown.
  in .MicaBoard
Because:
Cannot find class: ptolemy.domains.ptinyos.lib.MicaLeds. In Ptolemy, classes are typically Java .class files. Entities like actors may instead be defined within a .xml file.  In any case, the class was not found. If the class uses a third party package, then the class would be present only if the third party package was found at compile time.  It may be necessary to upgrade Java or install the third party package, reconfigure and recompile.
Because:
-- /home/travis/build/icyphy/ptII/ptolemy/actor/ptalon/demo/ptinyos/SenseToLeds/ptolemy/domains/ptinyos/lib/MicaLeds.xml (No such file or directory)
-- XML file not found relative to classpath.
-- /home/travis/build/icyphy/ptII/ptolemy/vergil/basic/export/test/ptolemy/domains/ptinyos/lib/MicaLeds.xml
/home/travis/build/icyphy/ptII/ptolemy/vergil/basic/export/test/ptolemy/domains/ptinyos/lib/MicaLeds.xml (No such file or directory)
 in file:/home/travis/build/icyphy/ptII/ptolemy/actor/ptalon/demo/ptinyos/SenseToLeds/MicaBoard.xml at line 134 and column 63
	at ptolemy.moml.MoMLParser._createEntity(MoMLParser.java:4330)
	at ptolemy.moml.MoMLParser.startElement(MoMLParser.java:2864)
	... 64 more
Caused by: ptolemy.kernel.util.InternalErrorException: Element <entity name="MicaLeds" class="ptolemy.domains.ptinyos.lib.MicaLeds"> caused an exception to be thrown.
  in .MicaBoard
Because:
Cannot find class: ptolemy.domains.ptinyos.lib.MicaLeds. In Ptolemy, classes are typically Java .class files. Entities like actors may instead be defined within a .xml file.  In any case, the class was not found. If the class uses a third party package, then the class would be present only if the third party package was found at compile time.  It may be necessary to upgrade Java or install the third party package, reconfigure and recompile.
Because:
-- /home/travis/build/icyphy/ptII/ptolemy/actor/ptalon/demo/ptinyos/SenseToLeds/ptolemy/domains/ptinyos/lib/MicaLeds.xml (No such file or directory)
-- XML file not found relative to classpath.
-- /home/travis/build/icyphy/ptII/ptolemy/vergil/basic/export/test/ptolemy/domains/ptinyos/lib/MicaLeds.xml
/home/travis/build/icyphy/ptII/ptolemy/vergil/basic/export/test/ptolemy/domains/ptinyos/lib/MicaLeds.xml (No such file or directory)
 in file:/home/travis/build/icyphy/ptII/ptolemy/actor/ptalon/demo/ptinyos/SenseToLeds/MicaBoard.xml at line 134 and column 63
	at ptolemy.moml.SimpleErrorHandler.handleError(SimpleErrorHandler.java:75)
	at ptolemy.moml.MoMLParser.startElement(MoMLParser.java:3805)
	at com.microstar.xml.XmlParser.parseElement(XmlParser.java:921)
	at com.microstar.xml.XmlParser.parseContent(XmlParser.java:1104)
	at com.microstar.xml.XmlParser.parseElement(XmlParser.java:924)
	at com.microstar.xml.XmlParser.parseDocument(XmlParser.java:481)
	at com.microstar.xml.XmlParser.doParse(XmlParser.java:159)
	at com.microstar.xml.XmlParser.parse(XmlParser.java:132)
	at ptolemy.moml.MoMLParser.parse(MoMLParser.java:1676)
	at ptolemy.moml.MoMLParser.parse(MoMLParser.java:1595)
	at ptolemy.moml.MoMLParser.parse(MoMLParser.java:1537)
	at ptolemy.moml.MoMLParser._findOrParse(MoMLParser.java:5286)
	at ptolemy.moml.MoMLParser._attemptToFindMoMLClass(MoMLParser.java:4075)
	at ptolemy.moml.MoMLParser._createEntity(MoMLParser.java:4323)
	... 65 more
Caused by: ptolemy.kernel.util.IllegalActionException: Cannot find class: ptolemy.domains.ptinyos.lib.MicaLeds. In Ptolemy, classes are typically Java .class files. Entities like actors may instead be defined within a .xml file.  In any case, the class was not found. If the class uses a third party package, then the class would be present only if the third party package was found at compile time.  It may be necessary to upgrade Java or install the third party package, reconfigure and recompile.
Because:
-- /home/travis/build/icyphy/ptII/ptolemy/actor/ptalon/demo/ptinyos/SenseToLeds/ptolemy/domains/ptinyos/lib/MicaLeds.xml (No such file or directory)
-- XML file not found relative to classpath.
-- /home/travis/build/icyphy/ptII/ptolemy/vergil/basic/export/test/ptolemy/domains/ptinyos/lib/MicaLeds.xml
/home/travis/build/icyphy/ptII/ptolemy/vergil/basic/export/test/ptolemy/domains/ptinyos/lib/MicaLeds.xml (No such file or directory)
 in file:/home/travis/build/icyphy/ptII/ptolemy/actor/ptalon/demo/ptinyos/SenseToLeds/MicaBoard.xml at line 134 and column 63
	at ptolemy.moml.MoMLParser._createEntity(MoMLParser.java:4330)
	at ptolemy.moml.MoMLParser.startElement(MoMLParser.java:2864)
	... 77 more
Caused by: com.microstar.xml.XmlException: -- /home/travis/build/icyphy/ptII/ptolemy/actor/ptalon/demo/ptinyos/SenseToLeds/ptolemy/domains/ptinyos/lib/MicaLeds.xml (No such file or directory)
-- XML file not found relative to classpath.
-- /home/travis/build/icyphy/ptII/ptolemy/vergil/basic/export/test/ptolemy/domains/ptinyos/lib/MicaLeds.xml
/home/travis/build/icyphy/ptII/ptolemy/vergil/basic/export/test/ptolemy/domains/ptinyos/lib/MicaLeds.xml (No such file or directory)
 in file:/home/travis/build/icyphy/ptII/ptolemy/actor/ptalon/demo/ptinyos/SenseToLeds/MicaBoard.xml at line 134 and column 63
	at ptolemy.moml.MoMLParser.fileNameToURL(MoMLParser.java:1414)
	at ptolemy.moml.MoMLParser._findOrParse(MoMLParser.java:5283)
	at ptolemy.moml.MoMLParser._attemptToFindMoMLClass(MoMLParser.java:4075)
	at ptolemy.moml.MoMLParser._createEntity(MoMLParser.java:4323)
	... 78 more
Caused by: ptolemy.actor.ptalon.PtalonRuntimeException: Unable to add actor null
	at ptolemy.actor.ptalon.PtalonEvaluator.addActor(PtalonEvaluator.java:300)
	at ptolemy.actor.ptalon.PtalonPopulator.actor_declaration(PtalonPopulator.java:1574)
	at ptolemy.actor.ptalon.PtalonPopulator.atomic_statement(PtalonPopulator.java:1638)
	at ptolemy.actor.ptalon.PtalonPopulator.iterative_statement_evaluator(PtalonPopulator.java:2484)
	at ptolemy.actor.ptalon.AbstractPtalonEvaluator$IfTree.evaluateForScope(AbstractPtalonEvaluator.java:1307)
	at ptolemy.actor.ptalon.AbstractPtalonEvaluator.evaluateForScope(AbstractPtalonEvaluator.java:744)
	at ptolemy.actor.ptalon.PtalonPopulator.iterative_statement(PtalonPopulator.java:2363)
	at ptolemy.actor.ptalon.PtalonPopulator.actor_definition(PtalonPopulator.java:2809)
	at ptolemy.actor.ptalon.PtalonActor.attributeChanged(PtalonActor.java:206)
	at ptolemy.actor.ptalon.PtalonMLHandler.startElement(PtalonMLHandler.java:134)
	at com.microstar.xml.XmlParser.parseElement(XmlParser.java:921)
	at com.microstar.xml.XmlParser.parseContent(XmlParser.java:1104)
	at com.microstar.xml.XmlParser.parseElement(XmlParser.java:924)
	at com.microstar.xml.XmlParser.parseDocument(XmlParser.java:481)
	at com.microstar.xml.XmlParser.doParse(XmlParser.java:159)
	at com.microstar.xml.XmlParser.parse(XmlParser.java:132)
	at ptolemy.actor.ptalon.PtalonActor.configure(PtalonActor.java:240)
	at ptolemy.moml.MoMLParser.endElement(MoMLParser.java:996)
	at com.microstar.xml.XmlParser.parseETag(XmlParser.java:1026)
	at com.microstar.xml.XmlParser.parseContent(XmlParser.java:1098)
	at com.microstar.xml.XmlParser.parseElement(XmlParser.java:924)
	at com.microstar.xml.XmlParser.parseContent(XmlParser.java:1104)
	at com.microstar.xml.XmlParser.parseElement(XmlParser.java:924)
	at com.microstar.xml.XmlParser.parseContent(XmlParser.java:1104)
	at com.microstar.xml.XmlParser.parseElement(XmlParser.java:924)
	at com.microstar.xml.XmlParser.parseDocument(XmlParser.java:481)
	at com.microstar.xml.XmlParser.doParse(XmlParser.java:159)
	at com.microstar.xml.XmlParser.parse(XmlParser.java:132)
	at ptolemy.moml.MoMLParser.parse(MoMLParser.java:1676)
	at ptolemy.moml.MoMLParser.parse(MoMLParser.java:1595)
	at ptolemy.moml.MoMLParser.parse(MoMLParser.java:1537)
	at ptolemy.actor.gui.PtolemyEffigy$Factory.createEffigy(PtolemyEffigy.java:424)
	at ptolemy.actor.gui.EffigyFactory.createEffigy(EffigyFactory.java:234)
	at ptolemy.actor.gui.Configuration.openModel(Configuration.java:1125)
	at ptolemy.actor.gui.Configuration.openModel(Configuration.java:1051)
	at ptolemy.actor.gui.ConfigurationApplication._openModel(ConfigurationApplication.java:1252)
	at ptolemy.actor.gui.ConfigurationApplication._parseArg(ConfigurationApplication.java:1399)
	at ptolemy.actor.gui.ConfigurationApplication._parseArgs(ConfigurationApplication.java:1478)
	at ptolemy.actor.gui.ConfigurationApplication.<init>(ConfigurationApplication.java:277)
	at ptolemy.actor.gui.ConfigurationApplication.<init>(ConfigurationApplication.java:214)
	at ptolemy.actor.gui.ConfigurationApplication.<init>(ConfigurationApplication.java:201)
	at ptolemy.actor.gui.ConfigurationApplication.openModelOrEntity(ConfigurationApplication.java:680)
	at ptolemy.vergil.basic.export.ExportModel$1.run(ExportModel.java:220)
	at java.awt.event.InvocationEvent.dispatch(InvocationEvent.java:301)
	at java.awt.EventQueue.dispatchEventImpl(EventQueue.java:756)
	at java.awt.EventQueue.access$500(EventQueue.java:97)
	at java.awt.EventQueue$3.run(EventQueue.java:709)
	at java.awt.EventQueue$3.run(EventQueue.java:703)
	at java.security.AccessController.doPrivileged(Native Method)
	at java.security.ProtectionDomain$JavaSecurityAccessImpl.doIntersectionPrivilege(ProtectionDomain.java:80)
	at java.awt.EventQueue.dispatchEvent(EventQueue.java:726)
	at java.awt.EventDispatchThread.pumpOneEventForFilters(EventDispatchThread.java:201)
	at java.awt.EventDispatchThread.pumpEventsForFilter(EventDispatchThread.java:116)
	at java.awt.EventDispatchThread.pumpEventsForHierarchy(EventDispatchThread.java:105)
	at java.awt.EventDispatchThread.pumpEvents(EventDispatchThread.java:101)
	at java.awt.EventDispatchThread.pumpEvents(EventDispatchThread.java:93)
	at java.awt.EventDispatchThread.run(EventDispatchThread.java:82)
Caused by: ptolemy.kernel.util.InternalErrorException: Element <entity name="node1" class="ptolemy.actor.ptalon.demo.ptinyos.SenseToLeds.MicaBoard"> caused an exception to be thrown.
  in .SenseToLeds.SenseToLeds
Because:
Cannot find class: ptolemy.actor.ptalon.demo.ptinyos.SenseToLeds.MicaBoard. In Ptolemy, classes are typically Java .class files. Entities like actors may instead be defined within a .xml file.  In any case, the class was not found. If the class uses a third party package, then the class would be present only if the third party package was found at compile time.  It may be necessary to upgrade Java or install the third party package, reconfigure and recompile.
Because:
Element <entity name="MicaLeds" class="ptolemy.domains.ptinyos.lib.MicaLeds"> caused an exception to be thrown.
  in .MicaBoard
Because:
Cannot find class: ptolemy.domains.ptinyos.lib.MicaLeds. In Ptolemy, classes are typically Java .class files. Entities like actors may instead be defined within a .xml file.  In any case, the class was not found. If the class uses a third party package, then the class would be present only if the third party package was found at compile time.  It may be necessary to upgrade Java or install the third party package, reconfigure and recompile.
Because:
-- /home/travis/build/icyphy/ptII/ptolemy/actor/ptalon/demo/ptinyos/SenseToLeds/ptolemy/domains/ptinyos/lib/MicaLeds.xml (No such file or directory)
-- XML file not found relative to classpath.
-- /home/travis/build/icyphy/ptII/ptolemy/vergil/basic/export/test/ptolemy/domains/ptinyos/lib/MicaLeds.xml
/home/travis/build/icyphy/ptII/ptolemy/vergil/basic/export/test/ptolemy/domains/ptinyos/lib/MicaLeds.xml (No such file or directory)
 in file:/home/travis/build/icyphy/ptII/ptolemy/actor/ptalon/demo/ptinyos/SenseToLeds/MicaBoard.xml at line 134 and column 63
	at ptolemy.moml.SimpleErrorHandler.handleError(SimpleErrorHandler.java:75)
	at ptolemy.moml.MoMLParser.startElement(MoMLParser.java:3805)
	at com.microstar.xml.XmlParser.parseElement(XmlParser.java:931)
	at com.microstar.xml.XmlParser.parseDocument(XmlParser.java:481)
	at com.microstar.xml.XmlParser.doParse(XmlParser.java:159)
	at com.microstar.xml.XmlParser.parse(XmlParser.java:132)
	at ptolemy.moml.MoMLParser.parse(MoMLParser.java:1660)
	at ptolemy.moml.MoMLParser.parse(MoMLParser.java:1617)
	at ptolemy.moml.MoMLParser.parse(MoMLParser.java:1792)
	at ptolemy.actor.ptalon.PtalonEvaluator.addActor(PtalonEvaluator.java:241)
	... 56 more
Caused by: ptolemy.kernel.util.IllegalActionException: Cannot find class: ptolemy.actor.ptalon.demo.ptinyos.SenseToLeds.MicaBoard. In Ptolemy, classes are typically Java .class files. Entities like actors may instead be defined within a .xml file.  In any case, the class was not found. If the class uses a third party package, then the class would be present only if the third party package was found at compile time.  It may be necessary to upgrade Java or install the third party package, reconfigure and recompile.
Because:
Element <entity name="MicaLeds" class="ptolemy.domains.ptinyos.lib.MicaLeds"> caused an exception to be thrown.
  in .MicaBoard
Because:
Cannot find class: ptolemy.domains.ptinyos.lib.MicaLeds. In Ptolemy, classes are typically Java .class files. Entities like actors may instead be defined within a .xml file.  In any case, the class was not found. If the class uses a third party package, then the class would be present only if the third party package was found at compile time.  It may be necessary to upgrade Java or install the third party package, reconfigure and recompile.
Because:
-- /home/travis/build/icyphy/ptII/ptolemy/actor/ptalon/demo/ptinyos/SenseToLeds/ptolemy/domains/ptinyos/lib/MicaLeds.xml (No such file or directory)
-- XML file not found relative to classpath.
-- /home/travis/build/icyphy/ptII/ptolemy/vergil/basic/export/test/ptolemy/domains/ptinyos/lib/MicaLeds.xml
/home/travis/build/icyphy/ptII/ptolemy/vergil/basic/export/test/ptolemy/domains/ptinyos/lib/MicaLeds.xml (No such file or directory)
 in file:/home/travis/build/icyphy/ptII/ptolemy/actor/ptalon/demo/ptinyos/SenseToLeds/MicaBoard.xml at line 134 and column 63
	at ptolemy.moml.MoMLParser._createEntity(MoMLParser.java:4330)
	at ptolemy.moml.MoMLParser.startElement(MoMLParser.java:2864)
	... 64 more
Caused by: ptolemy.kernel.util.InternalErrorException: Element <entity name="MicaLeds" class="ptolemy.domains.ptinyos.lib.MicaLeds"> caused an exception to be thrown.
  in .MicaBoard
Because:
Cannot find class: ptolemy.domains.ptinyos.lib.MicaLeds. In Ptolemy, classes are typically Java .class files. Entities like actors may instead be defined within a .xml file.  In any case, the class was not found. If the class uses a third party package, then the class would be present only if the third party package was found at compile time.  It may be necessary to upgrade Java or install the third party package, reconfigure and recompile.
Because:
-- /home/travis/build/icyphy/ptII/ptolemy/actor/ptalon/demo/ptinyos/SenseToLeds/ptolemy/domains/ptinyos/lib/MicaLeds.xml (No such file or directory)
-- XML file not found relative to classpath.
-- /home/travis/build/icyphy/ptII/ptolemy/vergil/basic/export/test/ptolemy/domains/ptinyos/lib/MicaLeds.xml
/home/travis/build/icyphy/ptII/ptolemy/vergil/basic/export/test/ptolemy/domains/ptinyos/lib/MicaLeds.xml (No such file or directory)
 in file:/home/travis/build/icyphy/ptII/ptolemy/actor/ptalon/demo/ptinyos/SenseToLeds/MicaBoard.xml at line 134 and column 63
	at ptolemy.moml.SimpleErrorHandler.handleError(SimpleErrorHandler.java:75)
	at ptolemy.moml.MoMLParser.startElement(MoMLParser.java:3805)
	at com.microstar.xml.XmlParser.parseElement(XmlParser.java:921)
	at com.microstar.xml.XmlParser.parseContent(XmlParser.java:1104)
	at com.microstar.xml.XmlParser.parseElement(XmlParser.java:924)
	at com.microstar.xml.XmlParser.parseDocument(XmlParser.java:481)
	at com.microstar.xml.XmlParser.doParse(XmlParser.java:159)
	at com.microstar.xml.XmlParser.parse(XmlParser.java:132)
	at ptolemy.moml.MoMLParser.parse(MoMLParser.java:1676)
	at ptolemy.moml.MoMLParser.parse(MoMLParser.java:1595)
	at ptolemy.moml.MoMLParser.parse(MoMLParser.java:1537)
	at ptolemy.moml.MoMLParser._findOrParse(MoMLParser.java:5286)
	at ptolemy.moml.MoMLParser._attemptToFindMoMLClass(MoMLParser.java:4075)
	at ptolemy.moml.MoMLParser._createEntity(MoMLParser.java:4323)
	... 65 more
Caused by: ptolemy.kernel.util.IllegalActionException: Cannot find class: ptolemy.domains.ptinyos.lib.MicaLeds. In Ptolemy, classes are typically Java .class files. Entities like actors may instead be defined within a .xml file.  In any case, the class was not found. If the class uses a third party package, then the class would be present only if the third party package was found at compile time.  It may be necessary to upgrade Java or install the third party package, reconfigure and recompile.
Because:
-- /home/travis/build/icyphy/ptII/ptolemy/actor/ptalon/demo/ptinyos/SenseToLeds/ptolemy/domains/ptinyos/lib/MicaLeds.xml (No such file or directory)
-- XML file not found relative to classpath.
-- /home/travis/build/icyphy/ptII/ptolemy/vergil/basic/export/test/ptolemy/domains/ptinyos/lib/MicaLeds.xml
/home/travis/build/icyphy/ptII/ptolemy/vergil/basic/export/test/ptolemy/domains/ptinyos/lib/MicaLeds.xml (No such file or directory)
 in file:/home/travis/build/icyphy/ptII/ptolemy/actor/ptalon/demo/ptinyos/SenseToLeds/MicaBoard.xml at line 134 and column 63
	at ptolemy.moml.MoMLParser._createEntity(MoMLParser.java:4330)
	at ptolemy.moml.MoMLParser.startElement(MoMLParser.java:2864)
	... 77 more
Caused by: com.microstar.xml.XmlException: -- /home/travis/build/icyphy/ptII/ptolemy/actor/ptalon/demo/ptinyos/SenseToLeds/ptolemy/domains/ptinyos/lib/MicaLeds.xml (No such file or directory)
-- XML file not found relative to classpath.
-- /home/travis/build/icyphy/ptII/ptolemy/vergil/basic/export/test/ptolemy/domains/ptinyos/lib/MicaLeds.xml
/home/travis/build/icyphy/ptII/ptolemy/vergil/basic/export/test/ptolemy/domains/ptinyos/lib/MicaLeds.xml (No such file or directory)
 in file:/home/travis/build/icyphy/ptII/ptolemy/actor/ptalon/demo/ptinyos/SenseToLeds/MicaBoard.xml at line 134 and column 63
	at ptolemy.moml.MoMLParser.fileNameToURL(MoMLParser.java:1414)
	at ptolemy.moml.MoMLParser._findOrParse(MoMLParser.java:5283)
	at ptolemy.moml.MoMLParser._attemptToFindMoMLClass(MoMLParser.java:4075)
	at ptolemy.moml.MoMLParser._createEntity(MoMLParser.java:4323)
	... 78 more
Failed to read file:/home/travis/build/icyphy/ptII/ptolemy/actor/ptalon/demo/ptinyos/SenseToLeds/SenseToLeds.xml
ptolemy.kernel.util.IllegalActionException: Failed to process attribute change to PtalonParameter, whose value is "ptolemy.actor.ptalon.PtalonExpressionParameter {.SenseToLeds.SenseToLeds.n} 2".
  in .SenseToLeds.SenseToLeds
Because:
Unable to add actor null
	at ptolemy.actor.ptalon.PtalonActor.attributeChanged(PtalonActor.java:211)
	at ptolemy.actor.ptalon.PtalonMLHandler.startElement(PtalonMLHandler.java:134)
	at com.microstar.xml.XmlParser.parseElement(XmlParser.java:921)
	at com.microstar.xml.XmlParser.parseContent(XmlParser.java:1104)
	at com.microstar.xml.XmlParser.parseElement(XmlParser.java:924)
	at com.microstar.xml.XmlParser.parseDocument(XmlParser.java:481)
	at com.microstar.xml.XmlParser.doParse(XmlParser.java:159)
	at com.microstar.xml.XmlParser.parse(XmlParser.java:132)
	at ptolemy.actor.ptalon.PtalonActor.configure(PtalonActor.java:240)
	at ptolemy.moml.MoMLParser.endElement(MoMLParser.java:996)
	at com.microstar.xml.XmlParser.parseETag(XmlParser.java:1026)
	at com.microstar.xml.XmlParser.parseContent(XmlParser.java:1098)
	at com.microstar.xml.XmlParser.parseElement(XmlParser.java:924)
	at com.microstar.xml.XmlParser.parseContent(XmlParser.java:1104)
	at com.microstar.xml.XmlParser.parseElement(XmlParser.java:924)
	at com.microstar.xml.XmlParser.parseContent(XmlParser.java:1104)
	at com.microstar.xml.XmlParser.parseElement(XmlParser.java:924)
	at com.microstar.xml.XmlParser.parseDocument(XmlParser.java:481)
	at com.microstar.xml.XmlParser.doParse(XmlParser.java:159)
	at com.microstar.xml.XmlParser.parse(XmlParser.java:132)
	at ptolemy.moml.MoMLParser.parse(MoMLParser.java:1676)
	at ptolemy.moml.MoMLParser.parse(MoMLParser.java:1595)
	at ptolemy.moml.MoMLParser.parse(MoMLParser.java:1537)
	at ptolemy.actor.gui.PtolemyEffigy$Factory.createEffigy(PtolemyEffigy.java:424)
	at ptolemy.actor.gui.EffigyFactory.createEffigy(EffigyFactory.java:234)
	at ptolemy.actor.gui.Configuration.openModel(Configuration.java:1125)
	at ptolemy.actor.gui.Configuration.openModel(Configuration.java:1051)
	at ptolemy.actor.gui.ConfigurationApplication._openModel(ConfigurationApplication.java:1252)
	at ptolemy.actor.gui.ConfigurationApplication._parseArg(ConfigurationApplication.java:1399)
	at ptolemy.actor.gui.ConfigurationApplication._parseArgs(ConfigurationApplication.java:1478)
	at ptolemy.actor.gui.ConfigurationApplication.<init>(ConfigurationApplication.java:277)
	at ptolemy.actor.gui.ConfigurationApplication.<init>(ConfigurationApplication.java:214)
	at ptolemy.actor.gui.ConfigurationApplication.<init>(ConfigurationApplication.java:201)
	at ptolemy.actor.gui.ConfigurationApplication.openModelOrEntity(ConfigurationApplication.java:680)
	at ptolemy.vergil.basic.export.ExportModel$1.run(ExportModel.java:220)
	at java.awt.event.InvocationEvent.dispatch(InvocationEvent.java:301)
	at java.awt.EventQueue.dispatchEventImpl(EventQueue.java:756)
	at java.awt.EventQueue.access$500(EventQueue.java:97)
	at java.awt.EventQueue$3.run(EventQueue.java:709)
	at java.awt.EventQueue$3.run(EventQueue.java:703)
	at java.security.AccessController.doPrivileged(Native Method)
	at java.security.ProtectionDomain$JavaSecurityAccessImpl.doIntersectionPrivilege(ProtectionDomain.java:80)
	at java.awt.EventQueue.dispatchEvent(EventQueue.java:726)
	at java.awt.EventDispatchThread.pumpOneEventForFilters(EventDispatchThread.java:201)
	at java.awt.EventDispatchThread.pumpEventsForFilter(EventDispatchThread.java:116)
	at java.awt.EventDispatchThread.pumpEventsForHierarchy(EventDispatchThread.java:105)
	at java.awt.EventDispatchThread.pumpEvents(EventDispatchThread.java:101)
	at java.awt.EventDispatchThread.pumpEvents(EventDispatchThread.java:93)
	at java.awt.EventDispatchThread.run(EventDispatchThread.java:82)
Caused by: ptolemy.actor.ptalon.PtalonRuntimeException: Unable to add actor null
	at ptolemy.actor.ptalon.PtalonEvaluator.addActor(PtalonEvaluator.java:300)
	at ptolemy.actor.ptalon.PtalonPopulator.actor_declaration(PtalonPopulator.java:1574)
	at ptolemy.actor.ptalon.PtalonPopulator.atomic_statement(PtalonPopulator.java:1638)
	at ptolemy.actor.ptalon.PtalonPopulator.iterative_statement_evaluator(PtalonPopulator.java:2484)
	at ptolemy.actor.ptalon.AbstractPtalonEvaluator$IfTree.evaluateForScope(AbstractPtalonEvaluator.java:1307)
	at ptolemy.actor.ptalon.AbstractPtalonEvaluator.evaluateForScope(AbstractPtalonEvaluator.java:744)
	at ptolemy.actor.ptalon.PtalonPopulator.iterative_statement(PtalonPopulator.java:2363)
	at ptolemy.actor.ptalon.PtalonPopulator.actor_definition(PtalonPopulator.java:2809)
	at ptolemy.actor.ptalon.PtalonActor.attributeChanged(PtalonActor.java:206)
	... 48 more
Caused by: ptolemy.kernel.util.InternalErrorException: Element <entity name="node1" class="ptolemy.actor.ptalon.demo.ptinyos.SenseToLeds.MicaBoard"> caused an exception to be thrown.
  in .SenseToLeds.SenseToLeds
Because:
Cannot find class: ptolemy.actor.ptalon.demo.ptinyos.SenseToLeds.MicaBoard. In Ptolemy, classes are typically Java .class files. Entities like actors may instead be defined within a .xml file.  In any case, the class was not found. If the class uses a third party package, then the class would be present only if the third party package was found at compile time.  It may be necessary to upgrade Java or install the third party package, reconfigure and recompile.
Because:
Element <entity name="MicaLeds" class="ptolemy.domains.ptinyos.lib.MicaLeds"> caused an exception to be thrown.
  in .MicaBoard
Because:
Cannot find class: ptolemy.domains.ptinyos.lib.MicaLeds. In Ptolemy, classes are typically Java .class files. Entities like actors may instead be defined within a .xml file.  In any case, the class was not found. If the class uses a third party package, then the class would be present only if the third party package was found at compile time.  It may be necessary to upgrade Java or install the third party package, reconfigure and recompile.
Because:
-- /home/travis/build/icyphy/ptII/ptolemy/actor/ptalon/demo/ptinyos/SenseToLeds/ptolemy/domains/ptinyos/lib/MicaLeds.xml (No such file or directory)
-- XML file not found relative to classpath.
-- /home/travis/build/icyphy/ptII/ptolemy/vergil/basic/export/test/ptolemy/domains/ptinyos/lib/MicaLeds.xml
/home/travis/build/icyphy/ptII/ptolemy/vergil/basic/export/test/ptolemy/domains/ptinyos/lib/MicaLeds.xml (No such file or directory)
 in file:/home/travis/build/icyphy/ptII/ptolemy/actor/ptalon/demo/ptinyos/SenseToLeds/MicaBoard.xml at line 134 and column 63
	at ptolemy.moml.SimpleErrorHandler.handleError(SimpleErrorHandler.java:75)
	at ptolemy.moml.MoMLParser.startElement(MoMLParser.java:3805)
	at com.microstar.xml.XmlParser.parseElement(XmlParser.java:931)
	at com.microstar.xml.XmlParser.parseDocument(XmlParser.java:481)
	at com.microstar.xml.XmlParser.doParse(XmlParser.java:159)
	at com.microstar.xml.XmlParser.parse(XmlParser.java:132)
	at ptolemy.moml.MoMLParser.parse(MoMLParser.java:1660)
	at ptolemy.moml.MoMLParser.parse(MoMLParser.java:1617)
	at ptolemy.moml.MoMLParser.parse(MoMLParser.java:1792)
	at ptolemy.actor.ptalon.PtalonEvaluator.addActor(PtalonEvaluator.java:241)
	... 56 more
Caused by: ptolemy.kernel.util.IllegalActionException: Cannot find class: ptolemy.actor.ptalon.demo.ptinyos.SenseToLeds.MicaBoard. In Ptolemy, classes are typically Java .class files. Entities like actors may instead be defined within a .xml file.  In any case, the class was not found. If the class uses a third party package, then the class would be present only if the third party package was found at compile time.  It may be necessary to upgrade Java or install the third party package, reconfigure and recompile.
Because:
Element <entity name="MicaLeds" class="ptolemy.domains.ptinyos.lib.MicaLeds"> caused an exception to be thrown.
  in .MicaBoard
Because:
Cannot find class: ptolemy.domains.ptinyos.lib.MicaLeds. In Ptolemy, classes are typically Java .class files. Entities like actors may instead be defined within a .xml file.  In any case, the class was not found. If the class uses a third party package, then the class would be present only if the third party package was found at compile time.  It may be necessary to upgrade Java or install the third party package, reconfigure and recompile.
Because:
-- /home/travis/build/icyphy/ptII/ptolemy/actor/ptalon/demo/ptinyos/SenseToLeds/ptolemy/domains/ptinyos/lib/MicaLeds.xml (No such file or directory)
-- XML file not found relative to classpath.
-- /home/travis/build/icyphy/ptII/ptolemy/vergil/basic/export/test/ptolemy/domains/ptinyos/lib/MicaLeds.xml
/home/travis/build/icyphy/ptII/ptolemy/vergil/basic/export/test/ptolemy/domains/ptinyos/lib/MicaLeds.xml (No such file or directory)
 in file:/home/travis/build/icyphy/ptII/ptolemy/actor/ptalon/demo/ptinyos/SenseToLeds/MicaBoard.xml at line 134 and column 63
	at ptolemy.moml.MoMLParser._createEntity(MoMLParser.java:4330)
	at ptolemy.moml.MoMLParser.startElement(MoMLParser.java:2864)
	... 64 more
Caused by: ptolemy.kernel.util.InternalErrorException: Element <entity name="MicaLeds" class="ptolemy.domains.ptinyos.lib.MicaLeds"> caused an exception to be thrown.
  in .MicaBoard
Because:
Cannot find class: ptolemy.domains.ptinyos.lib.MicaLeds. In Ptolemy, classes are typically Java .class files. Entities like actors may instead be defined within a .xml file.  In any case, the class was not found. If the class uses a third party package, then the class would be present only if the third party package was found at compile time.  It may be necessary to upgrade Java or install the third party package, reconfigure and recompile.
Because:
-- /home/travis/build/icyphy/ptII/ptolemy/actor/ptalon/demo/ptinyos/SenseToLeds/ptolemy/domains/ptinyos/lib/MicaLeds.xml (No such file or directory)
-- XML file not found relative to classpath.
-- /home/travis/build/icyphy/ptII/ptolemy/vergil/basic/export/test/ptolemy/domains/ptinyos/lib/MicaLeds.xml
/home/travis/build/icyphy/ptII/ptolemy/vergil/basic/export/test/ptolemy/domains/ptinyos/lib/MicaLeds.xml (No such file or directory)
 in file:/home/travis/build/icyphy/ptII/ptolemy/actor/ptalon/demo/ptinyos/SenseToLeds/MicaBoard.xml at line 134 and column 63
	at ptolemy.moml.SimpleErrorHandler.handleError(SimpleErrorHandler.java:75)
	at ptolemy.moml.MoMLParser.startElement(MoMLParser.java:3805)
	at com.microstar.xml.XmlParser.parseElement(XmlParser.java:921)
	at com.microstar.xml.XmlParser.parseContent(XmlParser.java:1104)
	at com.microstar.xml.XmlParser.parseElement(XmlParser.java:924)
	at com.microstar.xml.XmlParser.parseDocument(XmlParser.java:481)
	at com.microstar.xml.XmlParser.doParse(XmlParser.java:159)
	at com.microstar.xml.XmlParser.parse(XmlParser.java:132)
	at ptolemy.moml.MoMLParser.parse(MoMLParser.java:1676)
	at ptolemy.moml.MoMLParser.parse(MoMLParser.java:1595)
	at ptolemy.moml.MoMLParser.parse(MoMLParser.java:1537)
	at ptolemy.moml.MoMLParser._findOrParse(MoMLParser.java:5286)
	at ptolemy.moml.MoMLParser._attemptToFindMoMLClass(MoMLParser.java:4075)
	at ptolemy.moml.MoMLParser._createEntity(MoMLParser.java:4323)
	... 65 more
Caused by: ptolemy.kernel.util.IllegalActionException: Cannot find class: ptolemy.domains.ptinyos.lib.MicaLeds. In Ptolemy, classes are typically Java .class files. Entities like actors may instead be defined within a .xml file.  In any case, the class was not found. If the class uses a third party package, then the class would be present only if the third party package was found at compile time.  It may be necessary to upgrade Java or install the third party package, reconfigure and recompile.
Because:
-- /home/travis/build/icyphy/ptII/ptolemy/actor/ptalon/demo/ptinyos/SenseToLeds/ptolemy/domains/ptinyos/lib/MicaLeds.xml (No such file or directory)
-- XML file not found relative to classpath.
-- /home/travis/build/icyphy/ptII/ptolemy/vergil/basic/export/test/ptolemy/domains/ptinyos/lib/MicaLeds.xml
/home/travis/build/icyphy/ptII/ptolemy/vergil/basic/export/test/ptolemy/domains/ptinyos/lib/MicaLeds.xml (No such file or directory)
 in file:/home/travis/build/icyphy/ptII/ptolemy/actor/ptalon/demo/ptinyos/SenseToLeds/MicaBoard.xml at line 134 and column 63
	at ptolemy.moml.MoMLParser._createEntity(MoMLParser.java:4330)
	at ptolemy.moml.MoMLParser.startElement(MoMLParser.java:2864)
	... 77 more
Caused by: com.microstar.xml.XmlException: -- /home/travis/build/icyphy/ptII/ptolemy/actor/ptalon/demo/ptinyos/SenseToLeds/ptolemy/domains/ptinyos/lib/MicaLeds.xml (No such file or directory)
-- XML file not found relative to classpath.
-- /home/travis/build/icyphy/ptII/ptolemy/vergil/basic/export/test/ptolemy/domains/ptinyos/lib/MicaLeds.xml
/home/travis/build/icyphy/ptII/ptolemy/vergil/basic/export/test/ptolemy/domains/ptinyos/lib/MicaLeds.xml (No such file or directory)
 in file:/home/travis/build/icyphy/ptII/ptolemy/actor/ptalon/demo/ptinyos/SenseToLeds/MicaBoard.xml at line 134 and column 63
	at ptolemy.moml.MoMLParser.fileNameToURL(MoMLParser.java:1414)
	at ptolemy.moml.MoMLParser._findOrParse(MoMLParser.java:5283)
	at ptolemy.moml.MoMLParser._attemptToFindMoMLClass(MoMLParser.java:4075)
	at ptolemy.moml.MoMLParser._createEntity(MoMLParser.java:4323)
	... 78 more
Caused by: ptolemy.actor.ptalon.PtalonRuntimeException: Unable to add actor null
	at ptolemy.actor.ptalon.PtalonEvaluator.addActor(PtalonEvaluator.java:300)
	at ptolemy.actor.ptalon.PtalonPopulator.actor_declaration(PtalonPopulator.java:1574)
	at ptolemy.actor.ptalon.PtalonPopulator.atomic_statement(PtalonPopulator.java:1638)
	at ptolemy.actor.ptalon.PtalonPopulator.iterative_statement_evaluator(PtalonPopulator.java:2484)
	at ptolemy.actor.ptalon.AbstractPtalonEvaluator$IfTree.evaluateForScope(AbstractPtalonEvaluator.java:1307)
	at ptolemy.actor.ptalon.AbstractPtalonEvaluator.evaluateForScope(AbstractPtalonEvaluator.java:744)
	at ptolemy.actor.ptalon.PtalonPopulator.iterative_statement(PtalonPopulator.java:2363)
	at ptolemy.actor.ptalon.PtalonPopulator.actor_definition(PtalonPopulator.java:2809)
	at ptolemy.actor.ptalon.PtalonActor.attributeChanged(PtalonActor.java:206)
	at ptolemy.actor.ptalon.PtalonMLHandler.startElement(PtalonMLHandler.java:134)
	at com.microstar.xml.XmlParser.parseElement(XmlParser.java:921)
	at com.microstar.xml.XmlParser.parseContent(XmlParser.java:1104)
	at com.microstar.xml.XmlParser.parseElement(XmlParser.java:924)
	at com.microstar.xml.XmlParser.parseDocument(XmlParser.java:481)
	at com.microstar.xml.XmlParser.doParse(XmlParser.java:159)
	at com.microstar.xml.XmlParser.parse(XmlParser.java:132)
	at ptolemy.actor.ptalon.PtalonActor.configure(PtalonActor.java:240)
	at ptolemy.moml.MoMLParser.endElement(MoMLParser.java:996)
	at com.microstar.xml.XmlParser.parseETag(XmlParser.java:1026)
	at com.microstar.xml.XmlParser.parseContent(XmlParser.java:1098)
	at com.microstar.xml.XmlParser.parseElement(XmlParser.java:924)
	at com.microstar.xml.XmlParser.parseContent(XmlParser.java:1104)
	at com.microstar.xml.XmlParser.parseElement(XmlParser.java:924)
	at com.microstar.xml.XmlParser.parseContent(XmlParser.java:1104)
	at com.microstar.xml.XmlParser.parseElement(XmlParser.java:924)
	at com.microstar.xml.XmlParser.parseDocument(XmlParser.java:481)
	at com.microstar.xml.XmlParser.doParse(XmlParser.java:159)
	at com.microstar.xml.XmlParser.parse(XmlParser.java:132)
	at ptolemy.moml.MoMLParser.parse(MoMLParser.java:1676)
	at ptolemy.moml.MoMLParser.parse(MoMLParser.java:1595)
	at ptolemy.moml.MoMLParser.parse(MoMLParser.java:1537)
	at ptolemy.actor.gui.PtolemyEffigy$Factory.createEffigy(PtolemyEffigy.java:424)
	at ptolemy.actor.gui.EffigyFactory.createEffigy(EffigyFactory.java:234)
	at ptolemy.actor.gui.Configuration.openModel(Configuration.java:1125)
	at ptolemy.actor.gui.Configuration.openModel(Configuration.java:1051)
	at ptolemy.actor.gui.ConfigurationApplication._openModel(ConfigurationApplication.java:1252)
	at ptolemy.actor.gui.ConfigurationApplication._parseArg(ConfigurationApplication.java:1399)
	at ptolemy.actor.gui.ConfigurationApplication._parseArgs(ConfigurationApplication.java:1478)
	at ptolemy.actor.gui.ConfigurationApplication.<init>(ConfigurationApplication.java:277)
	at ptolemy.actor.gui.ConfigurationApplication.<init>(ConfigurationApplication.java:214)
	at ptolemy.actor.gui.ConfigurationApplication.<init>(ConfigurationApplication.java:201)
	at ptolemy.actor.gui.ConfigurationApplication.openModelOrEntity(ConfigurationApplication.java:680)
	at ptolemy.vergil.basic.export.ExportModel$1.run(ExportModel.java:220)
	at java.awt.event.InvocationEvent.dispatch(InvocationEvent.java:301)
	at java.awt.EventQueue.dispatchEventImpl(EventQueue.java:756)
	at java.awt.EventQueue.access$500(EventQueue.java:97)
	at java.awt.EventQueue$3.run(EventQueue.java:709)
	at java.awt.EventQueue$3.run(EventQueue.java:703)
	at java.security.AccessController.doPrivileged(Native Method)
	at java.security.ProtectionDomain$JavaSecurityAccessImpl.doIntersectionPrivilege(ProtectionDomain.java:80)
	at java.awt.EventQueue.dispatchEvent(EventQueue.java:726)
	at java.awt.EventDispatchThread.pumpOneEventForFilters(EventDispatchThread.java:201)
	at java.awt.EventDispatchThread.pumpEventsForFilter(EventDispatchThread.java:116)
	at java.awt.EventDispatchThread.pumpEventsForHierarchy(EventDispatchThread.java:105)
	at java.awt.EventDispatchThread.pumpEvents(EventDispatchThread.java:101)
	at java.awt.EventDispatchThread.pumpEvents(EventDispatchThread.java:93)
	at java.awt.EventDispatchThread.run(EventDispatchThread.java:82)
Caused by: ptolemy.kernel.util.InternalErrorException: Element <entity name="node1" class="ptolemy.actor.ptalon.demo.ptinyos.SenseToLeds.MicaBoard"> caused an exception to be thrown.
  in .SenseToLeds.SenseToLeds
Because:
Cannot find class: ptolemy.actor.ptalon.demo.ptinyos.SenseToLeds.MicaBoard. In Ptolemy, classes are typically Java .class files. Entities like actors may instead be defined within a .xml file.  In any case, the class was not found. If the class uses a third party package, then the class would be present only if the third party package was found at compile time.  It may be necessary to upgrade Java or install the third party package, reconfigure and recompile.
Because:
Element <entity name="MicaLeds" class="ptolemy.domains.ptinyos.lib.MicaLeds"> caused an exception to be thrown.
  in .MicaBoard
Because:
Cannot find class: ptolemy.domains.ptinyos.lib.MicaLeds. In Ptolemy, classes are typically Java .class files. Entities like actors may instead be defined within a .xml file.  In any case, the class was not found. If the class uses a third party package, then the class would be present only if the third party package was found at compile time.  It may be necessary to upgrade Java or install the third party package, reconfigure and recompile.
Because:
-- /home/travis/build/icyphy/ptII/ptolemy/actor/ptalon/demo/ptinyos/SenseToLeds/ptolemy/domains/ptinyos/lib/MicaLeds.xml (No such file or directory)
-- XML file not found relative to classpath.
-- /home/travis/build/icyphy/ptII/ptolemy/vergil/basic/export/test/ptolemy/domains/ptinyos/lib/MicaLeds.xml
/home/travis/build/icyphy/ptII/ptolemy/vergil/basic/export/test/ptolemy/domains/ptinyos/lib/MicaLeds.xml (No such file or directory)
 in file:/home/travis/build/icyphy/ptII/ptolemy/actor/ptalon/demo/ptinyos/SenseToLeds/MicaBoard.xml at line 134 and column 63
	at ptolemy.moml.SimpleErrorHandler.handleError(SimpleErrorHandler.java:75)
	at ptolemy.moml.MoMLParser.startElement(MoMLParser.java:3805)
	at com.microstar.xml.XmlParser.parseElement(XmlParser.java:931)
	at com.microstar.xml.XmlParser.parseDocument(XmlParser.java:481)
	at com.microstar.xml.XmlParser.doParse(XmlParser.java:159)
	at com.microstar.xml.XmlParser.parse(XmlParser.java:132)
	at ptolemy.moml.MoMLParser.parse(MoMLParser.java:1660)
	at ptolemy.moml.MoMLParser.parse(MoMLParser.java:1617)
	at ptolemy.moml.MoMLParser.parse(MoMLParser.java:1792)
	at ptolemy.actor.ptalon.PtalonEvaluator.addActor(PtalonEvaluator.java:241)
	... 56 more
Caused by: ptolemy.kernel.util.IllegalActionException: Cannot find class: ptolemy.actor.ptalon.demo.ptinyos.SenseToLeds.MicaBoard. In Ptolemy, classes are typically Java .class files. Entities like actors may instead be defined within a .xml file.  In any case, the class was not found. If the class uses a third party package, then the class would be present only if the third party package was found at compile time.  It may be necessary to upgrade Java or install the third party package, reconfigure and recompile.
Because:
Element <entity name="MicaLeds" class="ptolemy.domains.ptinyos.lib.MicaLeds"> caused an exception to be thrown.
  in .MicaBoard
Because:
Cannot find class: ptolemy.domains.ptinyos.lib.MicaLeds. In Ptolemy, classes are typically Java .class files. Entities like actors may instead be defined within a .xml file.  In any case, the class was not found. If the class uses a third party package, then the class would be present only if the third party package was found at compile time.  It may be necessary to upgrade Java or install the third party package, reconfigure and recompile.
Because:
-- /home/travis/build/icyphy/ptII/ptolemy/actor/ptalon/demo/ptinyos/SenseToLeds/ptolemy/domains/ptinyos/lib/MicaLeds.xml (No such file or directory)
-- XML file not found relative to classpath.
-- /home/travis/build/icyphy/ptII/ptolemy/vergil/basic/export/test/ptolemy/domains/ptinyos/lib/MicaLeds.xml
/home/travis/build/icyphy/ptII/ptolemy/vergil/basic/export/test/ptolemy/domains/ptinyos/lib/MicaLeds.xml (No such file or directory)
 in file:/home/travis/build/icyphy/ptII/ptolemy/actor/ptalon/demo/ptinyos/SenseToLeds/MicaBoard.xml at line 134 and column 63
	at ptolemy.moml.MoMLParser._createEntity(MoMLParser.java:4330)
	at ptolemy.moml.MoMLParser.startElement(MoMLParser.java:2864)
	... 64 more
Caused by: ptolemy.kernel.util.InternalErrorException: Element <entity name="MicaLeds" class="ptolemy.domains.ptinyos.lib.MicaLeds"> caused an exception to be thrown.
  in .MicaBoard
Because:
Cannot find class: ptolemy.domains.ptinyos.lib.MicaLeds. In Ptolemy, classes are typically Java .class files. Entities like actors may instead be defined within a .xml file.  In any case, the class was not found. If the class uses a third party package, then the class would be present only if the third party package was found at compile time.  It may be necessary to upgrade Java or install the third party package, reconfigure and recompile.
Because:
-- /home/travis/build/icyphy/ptII/ptolemy/actor/ptalon/demo/ptinyos/SenseToLeds/ptolemy/domains/ptinyos/lib/MicaLeds.xml (No such file or directory)
-- XML file not found relative to classpath.
-- /home/travis/build/icyphy/ptII/ptolemy/vergil/basic/export/test/ptolemy/domains/ptinyos/lib/MicaLeds.xml
/home/travis/build/icyphy/ptII/ptolemy/vergil/basic/export/test/ptolemy/domains/ptinyos/lib/MicaLeds.xml (No such file or directory)
 in file:/home/travis/build/icyphy/ptII/ptolemy/actor/ptalon/demo/ptinyos/SenseToLeds/MicaBoard.xml at line 134 and column 63
	at ptolemy.moml.SimpleErrorHandler.handleError(SimpleErrorHandler.java:75)
	at ptolemy.moml.MoMLParser.startElement(MoMLParser.java:3805)
	at com.microstar.xml.XmlParser.parseElement(XmlParser.java:921)
	at com.microstar.xml.XmlParser.parseContent(XmlParser.java:1104)
	at com.microstar.xml.XmlParser.parseElement(XmlParser.java:924)
	at com.microstar.xml.XmlParser.parseDocument(XmlParser.java:481)
	at com.microstar.xml.XmlParser.doParse(XmlParser.java:159)
	at com.microstar.xml.XmlParser.parse(XmlParser.java:132)
	at ptolemy.moml.MoMLParser.parse(MoMLParser.java:1676)
	at ptolemy.moml.MoMLParser.parse(MoMLParser.java:1595)
	at ptolemy.moml.MoMLParser.parse(MoMLParser.java:1537)
	at ptolemy.moml.MoMLParser._findOrParse(MoMLParser.java:5286)
	at ptolemy.moml.MoMLParser._attemptToFindMoMLClass(MoMLParser.java:4075)
	at ptolemy.moml.MoMLParser._createEntity(MoMLParser.java:4323)
	... 65 more
Caused by: ptolemy.kernel.util.IllegalActionException: Cannot find class: ptolemy.domains.ptinyos.lib.MicaLeds. In Ptolemy, classes are typically Java .class files. Entities like actors may instead be defined within a .xml file.  In any case, the class was not found. If the class uses a third party package, then the class would be present only if the third party package was found at compile time.  It may be necessary to upgrade Java or install the third party package, reconfigure and recompile.
Because:
-- /home/travis/build/icyphy/ptII/ptolemy/actor/ptalon/demo/ptinyos/SenseToLeds/ptolemy/domains/ptinyos/lib/MicaLeds.xml (No such file or directory)
-- XML file not found relative to classpath.
-- /home/travis/build/icyphy/ptII/ptolemy/vergil/basic/export/test/ptolemy/domains/ptinyos/lib/MicaLeds.xml
/home/travis/build/icyphy/ptII/ptolemy/vergil/basic/export/test/ptolemy/domains/ptinyos/lib/MicaLeds.xml (No such file or directory)
 in file:/home/travis/build/icyphy/ptII/ptolemy/actor/ptalon/demo/ptinyos/SenseToLeds/MicaBoard.xml at line 134 and column 63
	at ptolemy.moml.MoMLParser._createEntity(MoMLParser.java:4330)
	at ptolemy.moml.MoMLParser.startElement(MoMLParser.java:2864)
	... 77 more
Caused by: com.microstar.xml.XmlException: -- /home/travis/build/icyphy/ptII/ptolemy/actor/ptalon/demo/ptinyos/SenseToLeds/ptolemy/domains/ptinyos/lib/MicaLeds.xml (No such file or directory)
-- XML file not found relative to classpath.
-- /home/travis/build/icyphy/ptII/ptolemy/vergil/basic/export/test/ptolemy/domains/ptinyos/lib/MicaLeds.xml
/home/travis/build/icyphy/ptII/ptolemy/vergil/basic/export/test/ptolemy/domains/ptinyos/lib/MicaLeds.xml (No such file or directory)
 in file:/home/travis/build/icyphy/ptII/ptolemy/actor/ptalon/demo/ptinyos/SenseToLeds/MicaBoard.xml at line 134 and column 63
	at ptolemy.moml.MoMLParser.fileNameToURL(MoMLParser.java:1414)
	at ptolemy.moml.MoMLParser._findOrParse(MoMLParser.java:5283)
	at ptolemy.moml.MoMLParser._attemptToFindMoMLClass(MoMLParser.java:4075)
	at ptolemy.moml.MoMLParser._createEntity(MoMLParser.java:4323)
	... 78 more
ptolemy.kernel.util.IllegalActionException: Failed to process attribute change to PtalonParameter, whose value is "ptolemy.actor.ptalon.PtalonExpressionParameter {.SenseToLeds.SenseToLeds.n} 2".
  in .SenseToLeds.SenseToLeds
Because:
Unable to add actor null
	at ptolemy.actor.ptalon.PtalonActor.attributeChanged(PtalonActor.java:211)
	at ptolemy.actor.ptalon.PtalonMLHandler.startElement(PtalonMLHandler.java:134)
	at com.microstar.xml.XmlParser.parseElement(XmlParser.java:921)
	at com.microstar.xml.XmlParser.parseContent(XmlParser.java:1104)
	at com.microstar.xml.XmlParser.parseElement(XmlParser.java:924)
	at com.microstar.xml.XmlParser.parseDocument(XmlParser.java:481)
	at com.microstar.xml.XmlParser.doParse(XmlParser.java:159)
	at com.microstar.xml.XmlParser.parse(XmlParser.java:132)
	at ptolemy.actor.ptalon.PtalonActor.configure(PtalonActor.java:240)
	at ptolemy.moml.MoMLParser.endElement(MoMLParser.java:996)
	at com.microstar.xml.XmlParser.parseETag(XmlParser.java:1026)
	at com.microstar.xml.XmlParser.parseContent(XmlParser.java:1098)
	at com.microstar.xml.XmlParser.parseElement(XmlParser.java:924)
	at com.microstar.xml.XmlParser.parseContent(XmlParser.java:1104)
	at com.microstar.xml.XmlParser.parseElement(XmlParser.java:924)
	at com.microstar.xml.XmlParser.parseContent(XmlParser.java:1104)
	at com.microstar.xml.XmlParser.parseElement(XmlParser.java:924)
	at com.microstar.xml.XmlParser.parseDocument(XmlParser.java:481)
	at com.microstar.xml.XmlParser.doParse(XmlParser.java:159)
	at com.microstar.xml.XmlParser.parse(XmlParser.java:132)
	at ptolemy.moml.MoMLParser.parse(MoMLParser.java:1676)
	at ptolemy.moml.MoMLParser.parse(MoMLParser.java:1595)
	at ptolemy.moml.MoMLParser.parse(MoMLParser.java:1537)
	at ptolemy.actor.gui.PtolemyEffigy$Factory.createEffigy(PtolemyEffigy.java:424)
	at ptolemy.actor.gui.EffigyFactory.createEffigy(EffigyFactory.java:234)
	at ptolemy.actor.gui.Configuration.openModel(Configuration.java:1125)
	at ptolemy.actor.gui.Configuration.openModel(Configuration.java:1051)
	at ptolemy.actor.gui.ConfigurationApplication._openModel(ConfigurationApplication.java:1252)
	at ptolemy.actor.gui.ConfigurationApplication._parseArg(ConfigurationApplication.java:1399)
	at ptolemy.actor.gui.ConfigurationApplication._parseArgs(ConfigurationApplication.java:1478)
	at ptolemy.actor.gui.ConfigurationApplication.<init>(ConfigurationApplication.java:277)
	at ptolemy.actor.gui.ConfigurationApplication.<init>(ConfigurationApplication.java:214)
	at ptolemy.actor.gui.ConfigurationApplication.<init>(ConfigurationApplication.java:201)
	at ptolemy.actor.gui.ConfigurationApplication.openModelOrEntity(ConfigurationApplication.java:680)
	at ptolemy.vergil.basic.export.ExportModel$1.run(ExportModel.java:220)
	at java.awt.event.InvocationEvent.dispatch(InvocationEvent.java:301)
	at java.awt.EventQueue.dispatchEventImpl(EventQueue.java:756)
	at java.awt.EventQueue.access$500(EventQueue.java:97)
	at java.awt.EventQueue$3.run(EventQueue.java:709)
	at java.awt.EventQueue$3.run(EventQueue.java:703)
	at java.security.AccessController.doPrivileged(Native Method)
	at java.security.ProtectionDomain$JavaSecurityAccessImpl.doIntersectionPrivilege(ProtectionDomain.java:80)
	at java.awt.EventQueue.dispatchEvent(EventQueue.java:726)
	at java.awt.EventDispatchThread.pumpOneEventForFilters(EventDispatchThread.java:201)
	at java.awt.EventDispatchThread.pumpEventsForFilter(EventDispatchThread.java:116)
	at java.awt.EventDispatchThread.pumpEventsForHierarchy(EventDispatchThread.java:105)
	at java.awt.EventDispatchThread.pumpEvents(EventDispatchThread.java:101)
	at java.awt.EventDispatchThread.pumpEvents(EventDispatchThread.java:93)
	at java.awt.EventDispatchThread.run(EventDispatchThread.java:82)
Caused by: ptolemy.actor.ptalon.PtalonRuntimeException: Unable to add actor null
	at ptolemy.actor.ptalon.PtalonEvaluator.addActor(PtalonEvaluator.java:300)
	at ptolemy.actor.ptalon.PtalonPopulator.actor_declaration(PtalonPopulator.java:1574)
	at ptolemy.actor.ptalon.PtalonPopulator.atomic_statement(PtalonPopulator.java:1638)
	at ptolemy.actor.ptalon.PtalonPopulator.iterative_statement_evaluator(PtalonPopulator.java:2484)
	at ptolemy.actor.ptalon.AbstractPtalonEvaluator$IfTree.evaluateForScope(AbstractPtalonEvaluator.java:1307)
	at ptolemy.actor.ptalon.AbstractPtalonEvaluator.evaluateForScope(AbstractPtalonEvaluator.java:744)
	at ptolemy.actor.ptalon.PtalonPopulator.iterative_statement(PtalonPopulator.java:2363)
	at ptolemy.actor.ptalon.PtalonPopulator.actor_definition(PtalonPopulator.java:2809)
	at ptolemy.actor.ptalon.PtalonActor.attributeChanged(PtalonActor.java:206)
	... 48 more
Caused by: ptolemy.kernel.util.InternalErrorException: Element <entity name="node1" class="ptolemy.actor.ptalon.demo.ptinyos.SenseToLeds.MicaBoard"> caused an exception to be thrown.
  in .SenseToLeds.SenseToLeds
Because:
Cannot find class: ptolemy.actor.ptalon.demo.ptinyos.SenseToLeds.MicaBoard. In Ptolemy, classes are typically Java .class files. Entities like actors may instead be defined within a .xml file.  In any case, the class was not found. If the class uses a third party package, then the class would be present only if the third party package was found at compile time.  It may be necessary to upgrade Java or install the third party package, reconfigure and recompile.
Because:
Element <entity name="MicaLeds" class="ptolemy.domains.ptinyos.lib.MicaLeds"> caused an exception to be thrown.
  in .MicaBoard
Because:
Cannot find class: ptolemy.domains.ptinyos.lib.MicaLeds. In Ptolemy, classes are typically Java .class files. Entities like actors may instead be defined within a .xml file.  In any case, the class was not found. If the class uses a third party package, then the class would be present only if the third party package was found at compile time.  It may be necessary to upgrade Java or install the third party package, reconfigure and recompile.
Because:
-- /home/travis/build/icyphy/ptII/ptolemy/actor/ptalon/demo/ptinyos/SenseToLeds/ptolemy/domains/ptinyos/lib/MicaLeds.xml (No such file or directory)
-- XML file not found relative to classpath.
-- /home/travis/build/icyphy/ptII/ptolemy/vergil/basic/export/test/ptolemy/domains/ptinyos/lib/MicaLeds.xml
/home/travis/build/icyphy/ptII/ptolemy/vergil/basic/export/test/ptolemy/domains/ptinyos/lib/MicaLeds.xml (No such file or directory)
 in file:/home/travis/build/icyphy/ptII/ptolemy/actor/ptalon/demo/ptinyos/SenseToLeds/MicaBoard.xml at line 134 and column 63
	at ptolemy.moml.SimpleErrorHandler.handleError(SimpleErrorHandler.java:75)
	at ptolemy.moml.MoMLParser.startElement(MoMLParser.java:3805)
	at com.microstar.xml.XmlParser.parseElement(XmlParser.java:931)
	at com.microstar.xml.XmlParser.parseDocument(XmlParser.java:481)
	at com.microstar.xml.XmlParser.doParse(XmlParser.java:159)
	at com.microstar.xml.XmlParser.parse(XmlParser.java:132)
	at ptolemy.moml.MoMLParser.parse(MoMLParser.java:1660)
	at ptolemy.moml.MoMLParser.parse(MoMLParser.java:1617)
	at ptolemy.moml.MoMLParser.parse(MoMLParser.java:1792)
	at ptolemy.actor.ptalon.PtalonEvaluator.addActor(PtalonEvaluator.java:241)
	... 56 more
Caused by: ptolemy.kernel.util.IllegalActionException: Cannot find class: ptolemy.actor.ptalon.demo.ptinyos.SenseToLeds.MicaBoard. In Ptolemy, classes are typically Java .class files. Entities like actors may instead be defined within a .xml file.  In any case, the class was not found. If the class uses a third party package, then the class would be present only if the third party package was found at compile time.  It may be necessary to upgrade Java or install the third party package, reconfigure and recompile.
Because:
Element <entity name="MicaLeds" class="ptolemy.domains.ptinyos.lib.MicaLeds"> caused an exception to be thrown.
  in .MicaBoard
Because:
Cannot find class: ptolemy.domains.ptinyos.lib.MicaLeds. In Ptolemy, classes are typically Java .class files. Entities like actors may instead be defined within a .xml file.  In any case, the class was not found. If the class uses a third party package, then the class would be present only if the third party package was found at compile time.  It may be necessary to upgrade Java or install the third party package, reconfigure and recompile.
Because:
-- /home/travis/build/icyphy/ptII/ptolemy/actor/ptalon/demo/ptinyos/SenseToLeds/ptolemy/domains/ptinyos/lib/MicaLeds.xml (No such file or directory)
-- XML file not found relative to classpath.
-- /home/travis/build/icyphy/ptII/ptolemy/vergil/basic/export/test/ptolemy/domains/ptinyos/lib/MicaLeds.xml
/home/travis/build/icyphy/ptII/ptolemy/vergil/basic/export/test/ptolemy/domains/ptinyos/lib/MicaLeds.xml (No such file or directory)
 in file:/home/travis/build/icyphy/ptII/ptolemy/actor/ptalon/demo/ptinyos/SenseToLeds/MicaBoard.xml at line 134 and column 63
	at ptolemy.moml.MoMLParser._createEntity(MoMLParser.java:4330)
	at ptolemy.moml.MoMLParser.startElement(MoMLParser.java:2864)
	... 64 more
Caused by: ptolemy.kernel.util.InternalErrorException: Element <entity name="MicaLeds" class="ptolemy.domains.ptinyos.lib.MicaLeds"> caused an exception to be thrown.
  in .MicaBoard
Because:
Cannot find class: ptolemy.domains.ptinyos.lib.MicaLeds. In Ptolemy, classes are typically Java .class files. Entities like actors may instead be defined within a .xml file.  In any case, the class was not found. If the class uses a third party package, then the class would be present only if the third party package was found at compile time.  It may be necessary to upgrade Java or install the third party package, reconfigure and recompile.
Because:
-- /home/travis/build/icyphy/ptII/ptolemy/actor/ptalon/demo/ptinyos/SenseToLeds/ptolemy/domains/ptinyos/lib/MicaLeds.xml (No such file or directory)
-- XML file not found relative to classpath.
-- /home/travis/build/icyphy/ptII/ptolemy/vergil/basic/export/test/ptolemy/domains/ptinyos/lib/MicaLeds.xml
/home/travis/build/icyphy/ptII/ptolemy/vergil/basic/export/test/ptolemy/domains/ptinyos/lib/MicaLeds.xml (No such file or directory)
 in file:/home/travis/build/icyphy/ptII/ptolemy/actor/ptalon/demo/ptinyos/SenseToLeds/MicaBoard.xml at line 134 and column 63
	at ptolemy.moml.SimpleErrorHandler.handleError(SimpleErrorHandler.java:75)
	at ptolemy.moml.MoMLParser.startElement(MoMLParser.java:3805)
	at com.microstar.xml.XmlParser.parseElement(XmlParser.java:921)
	at com.microstar.xml.XmlParser.parseContent(XmlParser.java:1104)
	at com.microstar.xml.XmlParser.parseElement(XmlParser.java:924)
	at com.microstar.xml.XmlParser.parseDocument(XmlParser.java:481)
	at com.microstar.xml.XmlParser.doParse(XmlParser.java:159)
	at com.microstar.xml.XmlParser.parse(XmlParser.java:132)
	at ptolemy.moml.MoMLParser.parse(MoMLParser.java:1676)
	at ptolemy.moml.MoMLParser.parse(MoMLParser.java:1595)
	at ptolemy.moml.MoMLParser.parse(MoMLParser.java:1537)
	at ptolemy.moml.MoMLParser._findOrParse(MoMLParser.java:5286)
	at ptolemy.moml.MoMLParser._attemptToFindMoMLClass(MoMLParser.java:4075)
	at ptolemy.moml.MoMLParser._createEntity(MoMLParser.java:4323)
	... 65 more
Caused by: ptolemy.kernel.util.IllegalActionException: Cannot find class: ptolemy.domains.ptinyos.lib.MicaLeds. In Ptolemy, classes are typically Java .class files. Entities like actors may instead be defined within a .xml file.  In any case, the class was not found. If the class uses a third party package, then the class would be present only if the third party package was found at compile time.  It may be necessary to upgrade Java or install the third party package, reconfigure and recompile.
Because:
-- /home/travis/build/icyphy/ptII/ptolemy/actor/ptalon/demo/ptinyos/SenseToLeds/ptolemy/domains/ptinyos/lib/MicaLeds.xml (No such file or directory)
-- XML file not found relative to classpath.
-- /home/travis/build/icyphy/ptII/ptolemy/vergil/basic/export/test/ptolemy/domains/ptinyos/lib/MicaLeds.xml
/home/travis/build/icyphy/ptII/ptolemy/vergil/basic/export/test/ptolemy/domains/ptinyos/lib/MicaLeds.xml (No such file or directory)
 in file:/home/travis/build/icyphy/ptII/ptolemy/actor/ptalon/demo/ptinyos/SenseToLeds/MicaBoard.xml at line 134 and column 63
	at ptolemy.moml.MoMLParser._createEntity(MoMLParser.java:4330)
	at ptolemy.moml.MoMLParser.startElement(MoMLParser.java:2864)
	... 77 more
Caused by: com.microstar.xml.XmlException: -- /home/travis/build/icyphy/ptII/ptolemy/actor/ptalon/demo/ptinyos/SenseToLeds/ptolemy/domains/ptinyos/lib/MicaLeds.xml (No such file or directory)
-- XML file not found relative to classpath.
-- /home/travis/build/icyphy/ptII/ptolemy/vergil/basic/export/test/ptolemy/domains/ptinyos/lib/MicaLeds.xml
/home/travis/build/icyphy/ptII/ptolemy/vergil/basic/export/test/ptolemy/domains/ptinyos/lib/MicaLeds.xml (No such file or directory)
 in file:/home/travis/build/icyphy/ptII/ptolemy/actor/ptalon/demo/ptinyos/SenseToLeds/MicaBoard.xml at line 134 and column 63
	at ptolemy.moml.MoMLParser.fileNameToURL(MoMLParser.java:1414)
	at ptolemy.moml.MoMLParser._findOrParse(MoMLParser.java:5283)
	at ptolemy.moml.MoMLParser._attemptToFindMoMLClass(MoMLParser.java:4075)
	at ptolemy.moml.MoMLParser._createEntity(MoMLParser.java:4323)
	... 78 more
Caused by: ptolemy.actor.ptalon.PtalonRuntimeException: Unable to add actor null
	at ptolemy.actor.ptalon.PtalonEvaluator.addActor(PtalonEvaluator.java:300)
	at ptolemy.actor.ptalon.PtalonPopulator.actor_declaration(PtalonPopulator.java:1574)
	at ptolemy.actor.ptalon.PtalonPopulator.atomic_statement(PtalonPopulator.java:1638)
	at ptolemy.actor.ptalon.PtalonPopulator.iterative_statement_evaluator(PtalonPopulator.java:2484)
	at ptolemy.actor.ptalon.AbstractPtalonEvaluator$IfTree.evaluateForScope(AbstractPtalonEvaluator.java:1307)
	at ptolemy.actor.ptalon.AbstractPtalonEvaluator.evaluateForScope(AbstractPtalonEvaluator.java:744)
	at ptolemy.actor.ptalon.PtalonPopulator.iterative_statement(PtalonPopulator.java:2363)
	at ptolemy.actor.ptalon.PtalonPopulator.actor_definition(PtalonPopulator.java:2809)
	at ptolemy.actor.ptalon.PtalonActor.attributeChanged(PtalonActor.java:206)
	at ptolemy.actor.ptalon.PtalonMLHandler.startElement(PtalonMLHandler.java:134)
	at com.microstar.xml.XmlParser.parseElement(XmlParser.java:921)
	at com.microstar.xml.XmlParser.parseContent(XmlParser.java:1104)
	at com.microstar.xml.XmlParser.parseElement(XmlParser.java:924)
	at com.microstar.xml.XmlParser.parseDocument(XmlParser.java:481)
	at com.microstar.xml.XmlParser.doParse(XmlParser.java:159)
	at com.microstar.xml.XmlParser.parse(XmlParser.java:132)
	at ptolemy.actor.ptalon.PtalonActor.configure(PtalonActor.java:240)
	at ptolemy.moml.MoMLParser.endElement(MoMLParser.java:996)
	at com.microstar.xml.XmlParser.parseETag(XmlParser.java:1026)
	at com.microstar.xml.XmlParser.parseContent(XmlParser.java:1098)
	at com.microstar.xml.XmlParser.parseElement(XmlParser.java:924)
	at com.microstar.xml.XmlParser.parseContent(XmlParser.java:1104)
	at com.microstar.xml.XmlParser.parseElement(XmlParser.java:924)
	at com.microstar.xml.XmlParser.parseContent(XmlParser.java:1104)
	at com.microstar.xml.XmlParser.parseElement(XmlParser.java:924)
	at com.microstar.xml.XmlParser.parseDocument(XmlParser.java:481)
	at com.microstar.xml.XmlParser.doParse(XmlParser.java:159)
	at com.microstar.xml.XmlParser.parse(XmlParser.java:132)
	at ptolemy.moml.MoMLParser.parse(MoMLParser.java:1676)
	at ptolemy.moml.MoMLParser.parse(MoMLParser.java:1595)
	at ptolemy.moml.MoMLParser.parse(MoMLParser.java:1537)
	at ptolemy.actor.gui.PtolemyEffigy$Factory.createEffigy(PtolemyEffigy.java:424)
	at ptolemy.actor.gui.EffigyFactory.createEffigy(EffigyFactory.java:234)
	at ptolemy.actor.gui.Configuration.openModel(Configuration.java:1125)
	at ptolemy.actor.gui.Configuration.openModel(Configuration.java:1051)
	at ptolemy.actor.gui.ConfigurationApplication._openModel(ConfigurationApplication.java:1252)
	at ptolemy.actor.gui.ConfigurationApplication._parseArg(ConfigurationApplication.java:1399)
	at ptolemy.actor.gui.ConfigurationApplication._parseArgs(ConfigurationApplication.java:1478)
	at ptolemy.actor.gui.ConfigurationApplication.<init>(ConfigurationApplication.java:277)
	at ptolemy.actor.gui.ConfigurationApplication.<init>(ConfigurationApplication.java:214)
	at ptolemy.actor.gui.ConfigurationApplication.<init>(ConfigurationApplication.java:201)
	at ptolemy.actor.gui.ConfigurationApplication.openModelOrEntity(ConfigurationApplication.java:680)
	at ptolemy.vergil.basic.export.ExportModel$1.run(ExportModel.java:220)
	at java.awt.event.InvocationEvent.dispatch(InvocationEvent.java:301)
	at java.awt.EventQueue.dispatchEventImpl(EventQueue.java:756)
	at java.awt.EventQueue.access$500(EventQueue.java:97)
	at java.awt.EventQueue$3.run(EventQueue.java:709)
	at java.awt.EventQueue$3.run(EventQueue.java:703)
	at java.security.AccessController.doPrivileged(Native Method)
	at java.security.ProtectionDomain$JavaSecurityAccessImpl.doIntersectionPrivilege(ProtectionDomain.java:80)
	at java.awt.EventQueue.dispatchEvent(EventQueue.java:726)
	at java.awt.EventDispatchThread.pumpOneEventForFilters(EventDispatchThread.java:201)
	at java.awt.EventDispatchThread.pumpEventsForFilter(EventDispatchThread.java:116)
	at java.awt.EventDispatchThread.pumpEventsForHierarchy(EventDispatchThread.java:105)
	at java.awt.EventDispatchThread.pumpEvents(EventDispatchThread.java:101)
	at java.awt.EventDispatchThread.pumpEvents(EventDispatchThread.java:93)
	at java.awt.EventDispatchThread.run(EventDispatchThread.java:82)
Caused by: ptolemy.kernel.util.InternalErrorException: Element <entity name="node1" class="ptolemy.actor.ptalon.demo.ptinyos.SenseToLeds.MicaBoard"> caused an exception to be thrown.
  in .SenseToLeds.SenseToLeds
Because:
Cannot find class: ptolemy.actor.ptalon.demo.ptinyos.SenseToLeds.MicaBoard. In Ptolemy, classes are typically Java .class files. Entities like actors may instead be defined within a .xml file.  In any case, the class was not found. If the class uses a third party package, then the class would be present only if the third party package was found at compile time.  It may be necessary to upgrade Java or install the third party package, reconfigure and recompile.
Because:
Element <entity name="MicaLeds" class="ptolemy.domains.ptinyos.lib.MicaLeds"> caused an exception to be thrown.
  in .MicaBoard
Because:
Cannot find class: ptolemy.domains.ptinyos.lib.MicaLeds. In Ptolemy, classes are typically Java .class files. Entities like actors may instead be defined within a .xml file.  In any case, the class was not found. If the class uses a third party package, then the class would be present only if the third party package was found at compile time.  It may be necessary to upgrade Java or install the third party package, reconfigure and recompile.
Because:
-- /home/travis/build/icyphy/ptII/ptolemy/actor/ptalon/demo/ptinyos/SenseToLeds/ptolemy/domains/ptinyos/lib/MicaLeds.xml (No such file or directory)
-- XML file not found relative to classpath.
-- /home/travis/build/icyphy/ptII/ptolemy/vergil/basic/export/test/ptolemy/domains/ptinyos/lib/MicaLeds.xml
/home/travis/build/icyphy/ptII/ptolemy/vergil/basic/export/test/ptolemy/domains/ptinyos/lib/MicaLeds.xml (No such file or directory)
 in file:/home/travis/build/icyphy/ptII/ptolemy/actor/ptalon/demo/ptinyos/SenseToLeds/MicaBoard.xml at line 134 and column 63
	at ptolemy.moml.SimpleErrorHandler.handleError(SimpleErrorHandler.java:75)
	at ptolemy.moml.MoMLParser.startElement(MoMLParser.java:3805)
	at com.microstar.xml.XmlParser.parseElement(XmlParser.java:931)
	at com.microstar.xml.XmlParser.parseDocument(XmlParser.java:481)
	at com.microstar.xml.XmlParser.doParse(XmlParser.java:159)
	at com.microstar.xml.XmlParser.parse(XmlParser.java:132)
	at ptolemy.moml.MoMLParser.parse(MoMLParser.java:1660)
	at ptolemy.moml.MoMLParser.parse(MoMLParser.java:1617)
	at ptolemy.moml.MoMLParser.parse(MoMLParser.java:1792)
	at ptolemy.actor.ptalon.PtalonEvaluator.addActor(PtalonEvaluator.java:241)
	... 56 more
Caused by: ptolemy.kernel.util.IllegalActionException: Cannot find class: ptolemy.actor.ptalon.demo.ptinyos.SenseToLeds.MicaBoard. In Ptolemy, classes are typically Java .class files. Entities like actors may instead be defined within a .xml file.  In any case, the class was not found. If the class uses a third party package, then the class would be present only if the third party package was found at compile time.  It may be necessary to upgrade Java or install the third party package, reconfigure and recompile.
Because:
Element <entity name="MicaLeds" class="ptolemy.domains.ptinyos.lib.MicaLeds"> caused an exception to be thrown.
  in .MicaBoard
Because:
Cannot find class: ptolemy.domains.ptinyos.lib.MicaLeds. In Ptolemy, classes are typically Java .class files. Entities like actors may instead be defined within a .xml file.  In any case, the class was not found. If the class uses a third party package, then the class would be present only if the third party package was found at compile time.  It may be necessary to upgrade Java or install the third party package, reconfigure and recompile.
Because:
-- /home/travis/build/icyphy/ptII/ptolemy/actor/ptalon/demo/ptinyos/SenseToLeds/ptolemy/domains/ptinyos/lib/MicaLeds.xml (No such file or directory)
-- XML file not found relative to classpath.
-- /home/travis/build/icyphy/ptII/ptolemy/vergil/basic/export/test/ptolemy/domains/ptinyos/lib/MicaLeds.xml
/home/travis/build/icyphy/ptII/ptolemy/vergil/basic/export/test/ptolemy/domains/ptinyos/lib/MicaLeds.xml (No such file or directory)
 in file:/home/travis/build/icyphy/ptII/ptolemy/actor/ptalon/demo/ptinyos/SenseToLeds/MicaBoard.xml at line 134 and column 63
	at ptolemy.moml.MoMLParser._createEntity(MoMLParser.java:4330)
	at ptolemy.moml.MoMLParser.startElement(MoMLParser.java:2864)
	... 64 more
Caused by: ptolemy.kernel.util.InternalErrorException: Element <entity name="MicaLeds" class="ptolemy.domains.ptinyos.lib.MicaLeds"> caused an exception to be thrown.
  in .MicaBoard
Because:
Cannot find class: ptolemy.domains.ptinyos.lib.MicaLeds. In Ptolemy, classes are typically Java .class files. Entities like actors may instead be defined within a .xml file.  In any case, the class was not found. If the class uses a third party package, then the class would be present only if the third party package was found at compile time.  It may be necessary to upgrade Java or install the third party package, reconfigure and recompile.
Because:
-- /home/travis/build/icyphy/ptII/ptolemy/actor/ptalon/demo/ptinyos/SenseToLeds/ptolemy/domains/ptinyos/lib/MicaLeds.xml (No such file or directory)
-- XML file not found relative to classpath.
-- /home/travis/build/icyphy/ptII/ptolemy/vergil/basic/export/test/ptolemy/domains/ptinyos/lib/MicaLeds.xml
/home/travis/build/icyphy/ptII/ptolemy/vergil/basic/export/test/ptolemy/domains/ptinyos/lib/MicaLeds.xml (No such file or directory)
 in file:/home/travis/build/icyphy/ptII/ptolemy/actor/ptalon/demo/ptinyos/SenseToLeds/MicaBoard.xml at line 134 and column 63
	at ptolemy.moml.SimpleErrorHandler.handleError(SimpleErrorHandler.java:75)
	at ptolemy.moml.MoMLParser.startElement(MoMLParser.java:3805)
	at com.microstar.xml.XmlParser.parseElement(XmlParser.java:921)
	at com.microstar.xml.XmlParser.parseContent(XmlParser.java:1104)
	at com.microstar.xml.XmlParser.parseElement(XmlParser.java:924)
	at com.microstar.xml.XmlParser.parseDocument(XmlParser.java:481)
	at com.microstar.xml.XmlParser.doParse(XmlParser.java:159)
	at com.microstar.xml.XmlParser.parse(XmlParser.java:132)
	at ptolemy.moml.MoMLParser.parse(MoMLParser.java:1676)
	at ptolemy.moml.MoMLParser.parse(MoMLParser.java:1595)
	at ptolemy.moml.MoMLParser.parse(MoMLParser.java:1537)
	at ptolemy.moml.MoMLParser._findOrParse(MoMLParser.java:5286)
	at ptolemy.moml.MoMLParser._attemptToFindMoMLClass(MoMLParser.java:4075)
	at ptolemy.moml.MoMLParser._createEntity(MoMLParser.java:4323)
	... 65 more
Caused by: ptolemy.kernel.util.IllegalActionException: Cannot find class: ptolemy.domains.ptinyos.lib.MicaLeds. In Ptolemy, classes are typically Java .class files. Entities like actors may instead be defined within a .xml file.  In any case, the class was not found. If the class uses a third party package, then the class would be present only if the third party package was found at compile time.  It may be necessary to upgrade Java or install the third party package, reconfigure and recompile.
Because:
-- /home/travis/build/icyphy/ptII/ptolemy/actor/ptalon/demo/ptinyos/SenseToLeds/ptolemy/domains/ptinyos/lib/MicaLeds.xml (No such file or directory)
-- XML file not found relative to classpath.
-- /home/travis/build/icyphy/ptII/ptolemy/vergil/basic/export/test/ptolemy/domains/ptinyos/lib/MicaLeds.xml
/home/travis/build/icyphy/ptII/ptolemy/vergil/basic/export/test/ptolemy/domains/ptinyos/lib/MicaLeds.xml (No such file or directory)
 in file:/home/travis/build/icyphy/ptII/ptolemy/actor/ptalon/demo/ptinyos/SenseToLeds/MicaBoard.xml at line 134 and column 63
	at ptolemy.moml.MoMLParser._createEntity(MoMLParser.java:4330)
	at ptolemy.moml.MoMLParser.startElement(MoMLParser.java:2864)
	... 77 more
Caused by: com.microstar.xml.XmlException: -- /home/travis/build/icyphy/ptII/ptolemy/actor/ptalon/demo/ptinyos/SenseToLeds/ptolemy/domains/ptinyos/lib/MicaLeds.xml (No such file or directory)
-- XML file not found relative to classpath.
-- /home/travis/build/icyphy/ptII/ptolemy/vergil/basic/export/test/ptolemy/domains/ptinyos/lib/MicaLeds.xml
/home/travis/build/icyphy/ptII/ptolemy/vergil/basic/export/test/ptolemy/domains/ptinyos/lib/MicaLeds.xml (No such file or directory)
 in file:/home/travis/build/icyphy/ptII/ptolemy/actor/ptalon/demo/ptinyos/SenseToLeds/MicaBoard.xml at line 134 and column 63
	at ptolemy.moml.MoMLParser.fileNameToURL(MoMLParser.java:1414)
	at ptolemy.moml.MoMLParser._findOrParse(MoMLParser.java:5283)
	at ptolemy.moml.MoMLParser._attemptToFindMoMLClass(MoMLParser.java:4075)
	at ptolemy.moml.MoMLParser._createEntity(MoMLParser.java:4323)
	... 78 more
Failed to read file:/home/travis/build/icyphy/ptII/ptolemy/actor/ptalon/demo/ptinyos/SenseToLeds/SenseToLeds.xml
ptolemy.kernel.util.IllegalActionException: Failed to process attribute change to PtalonParameter, whose value is "ptolemy.actor.ptalon.PtalonExpressionParameter {.SenseToLeds.SenseToLeds.n} 2".
  in .SenseToLeds.SenseToLeds
Because:
Unable to add actor null
	at ptolemy.actor.ptalon.PtalonActor.attributeChanged(PtalonActor.java:211)
	at ptolemy.actor.ptalon.PtalonMLHandler.startElement(PtalonMLHandler.java:134)
	at com.microstar.xml.XmlParser.parseElement(XmlParser.java:921)
	at com.microstar.xml.XmlParser.parseContent(XmlParser.java:1104)
	at com.microstar.xml.XmlParser.parseElement(XmlParser.java:924)
	at com.microstar.xml.XmlParser.parseDocument(XmlParser.java:481)
	at com.microstar.xml.XmlParser.doParse(XmlParser.java:159)
	at com.microstar.xml.XmlParser.parse(XmlParser.java:132)
	at ptolemy.actor.ptalon.PtalonActor.configure(PtalonActor.java:240)
	at ptolemy.moml.MoMLParser.endElement(MoMLParser.java:996)
	at com.microstar.xml.XmlParser.parseETag(XmlParser.java:1026)
	at com.microstar.xml.XmlParser.parseContent(XmlParser.java:1098)
	at com.microstar.xml.XmlParser.parseElement(XmlParser.java:924)
	at com.microstar.xml.XmlParser.parseContent(XmlParser.java:1104)
	at com.microstar.xml.XmlParser.parseElement(XmlParser.java:924)
	at com.microstar.xml.XmlParser.parseContent(XmlParser.java:1104)
	at com.microstar.xml.XmlParser.parseElement(XmlParser.java:924)
	at com.microstar.xml.XmlParser.parseDocument(XmlParser.java:481)
	at com.microstar.xml.XmlParser.doParse(XmlParser.java:159)
	at com.microstar.xml.XmlParser.parse(XmlParser.java:132)
	at ptolemy.moml.MoMLParser.parse(MoMLParser.java:1676)
	at ptolemy.moml.MoMLParser.parse(MoMLParser.java:1595)
	at ptolemy.moml.MoMLParser.parse(MoMLParser.java:1537)
	at ptolemy.actor.gui.PtolemyEffigy$Factory.createEffigy(PtolemyEffigy.java:424)
	at ptolemy.actor.gui.EffigyFactory.createEffigy(EffigyFactory.java:234)
	at ptolemy.actor.gui.Configuration.openModel(Configuration.java:1125)
	at ptolemy.actor.gui.Configuration.openModel(Configuration.java:1051)
	at ptolemy.actor.gui.ConfigurationApplication._openModel(ConfigurationApplication.java:1252)
	at ptolemy.actor.gui.ConfigurationApplication._parseArg(ConfigurationApplication.java:1399)
	at ptolemy.actor.gui.ConfigurationApplication._parseArgs(ConfigurationApplication.java:1478)
	at ptolemy.actor.gui.ConfigurationApplication.<init>(ConfigurationApplication.java:277)
	at ptolemy.actor.gui.ConfigurationApplication.<init>(ConfigurationApplication.java:214)
	at ptolemy.actor.gui.ConfigurationApplication.<init>(ConfigurationApplication.java:201)
	at ptolemy.actor.gui.ConfigurationApplication.openModelOrEntity(ConfigurationApplication.java:680)
	at ptolemy.vergil.basic.export.ExportModel$1.run(ExportModel.java:220)
	at java.awt.event.InvocationEvent.dispatch(InvocationEvent.java:301)
	at java.awt.EventQueue.dispatchEventImpl(EventQueue.java:756)
	at java.awt.EventQueue.access$500(EventQueue.java:97)
	at java.awt.EventQueue$3.run(EventQueue.java:709)
	at java.awt.EventQueue$3.run(EventQueue.java:703)
	at java.security.AccessController.doPrivileged(Native Method)
	at java.security.ProtectionDomain$JavaSecurityAccessImpl.doIntersectionPrivilege(ProtectionDomain.java:80)
	at java.awt.EventQueue.dispatchEvent(EventQueue.java:726)
	at java.awt.EventDispatchThread.pumpOneEventForFilters(EventDispatchThread.java:201)
	at java.awt.EventDispatchThread.pumpEventsForFilter(EventDispatchThread.java:116)
	at java.awt.EventDispatchThread.pumpEventsForHierarchy(EventDispatchThread.java:105)
	at java.awt.EventDispatchThread.pumpEvents(EventDispatchThread.java:101)
	at java.awt.EventDispatchThread.pumpEvents(EventDispatchThread.java:93)
	at java.awt.EventDispatchThread.run(EventDispatchThread.java:82)
Caused by: ptolemy.actor.ptalon.PtalonRuntimeException: Unable to add actor null
	at ptolemy.actor.ptalon.PtalonEvaluator.addActor(PtalonEvaluator.java:300)
	at ptolemy.actor.ptalon.PtalonPopulator.actor_declaration(PtalonPopulator.java:1574)
	at ptolemy.actor.ptalon.PtalonPopulator.atomic_statement(PtalonPopulator.java:1638)
	at ptolemy.actor.ptalon.PtalonPopulator.iterative_statement_evaluator(PtalonPopulator.java:2484)
	at ptolemy.actor.ptalon.AbstractPtalonEvaluator$IfTree.evaluateForScope(AbstractPtalonEvaluator.java:1307)
	at ptolemy.actor.ptalon.AbstractPtalonEvaluator.evaluateForScope(AbstractPtalonEvaluator.java:744)
	at ptolemy.actor.ptalon.PtalonPopulator.iterative_statement(PtalonPopulator.java:2363)
	at ptolemy.actor.ptalon.PtalonPopulator.actor_definition(PtalonPopulator.java:2809)
	at ptolemy.actor.ptalon.PtalonActor.attributeChanged(PtalonActor.java:206)
	... 48 more
Caused by: ptolemy.kernel.util.InternalErrorException: Element <entity name="node1" class="ptolemy.actor.ptalon.demo.ptinyos.SenseToLeds.MicaBoard"> caused an exception to be thrown.
  in .SenseToLeds.SenseToLeds
Because:
Cannot find class: ptolemy.actor.ptalon.demo.ptinyos.SenseToLeds.MicaBoard. In Ptolemy, classes are typically Java .class files. Entities like actors may instead be defined within a .xml file.  In any case, the class was not found. If the class uses a third party package, then the class would be present only if the third party package was found at compile time.  It may be necessary to upgrade Java or install the third party package, reconfigure and recompile.
Because:
Element <entity name="MicaLeds" class="ptolemy.domains.ptinyos.lib.MicaLeds"> caused an exception to be thrown.
  in .MicaBoard
Because:
Cannot find class: ptolemy.domains.ptinyos.lib.MicaLeds. In Ptolemy, classes are typically Java .class files. Entities like actors may instead be defined within a .xml file.  In any case, the class was not found. If the class uses a third party package, then the class would be present only if the third party package was found at compile time.  It may be necessary to upgrade Java or install the third party package, reconfigure and recompile.
Because:
-- /home/travis/build/icyphy/ptII/ptolemy/actor/ptalon/demo/ptinyos/SenseToLeds/ptolemy/domains/ptinyos/lib/MicaLeds.xml (No such file or directory)
-- XML file not found relative to classpath.
-- /home/travis/build/icyphy/ptII/ptolemy/vergil/basic/export/test/ptolemy/domains/ptinyos/lib/MicaLeds.xml
/home/travis/build/icyphy/ptII/ptolemy/vergil/basic/export/test/ptolemy/domains/ptinyos/lib/MicaLeds.xml (No such file or directory)
 in file:/home/travis/build/icyphy/ptII/ptolemy/actor/ptalon/demo/ptinyos/SenseToLeds/MicaBoard.xml at line 134 and column 63
	at ptolemy.moml.SimpleErrorHandler.handleError(SimpleErrorHandler.java:75)
	at ptolemy.moml.MoMLParser.startElement(MoMLParser.java:3805)
	at com.microstar.xml.XmlParser.parseElement(XmlParser.java:931)
	at com.microstar.xml.XmlParser.parseDocument(XmlParser.java:481)
	at com.microstar.xml.XmlParser.doParse(XmlParser.java:159)
	at com.microstar.xml.XmlParser.parse(XmlParser.java:132)
	at ptolemy.moml.MoMLParser.parse(MoMLParser.java:1660)
	at ptolemy.moml.MoMLParser.parse(MoMLParser.java:1617)
	at ptolemy.moml.MoMLParser.parse(MoMLParser.java:1792)
	at ptolemy.actor.ptalon.PtalonEvaluator.addActor(PtalonEvaluator.java:241)
	... 56 more
Caused by: ptolemy.kernel.util.IllegalActionException: Cannot find class: ptolemy.actor.ptalon.demo.ptinyos.SenseToLeds.MicaBoard. In Ptolemy, classes are typically Java .class files. Entities like actors may instead be defined within a .xml file.  In any case, the class was not found. If the class uses a third party package, then the class would be present only if the third party package was found at compile time.  It may be necessary to upgrade Java or install the third party package, reconfigure and recompile.
Because:
Element <entity name="MicaLeds" class="ptolemy.domains.ptinyos.lib.MicaLeds"> caused an exception to be thrown.
  in .MicaBoard
Because:
Cannot find class: ptolemy.domains.ptinyos.lib.MicaLeds. In Ptolemy, classes are typically Java .class files. Entities like actors may instead be defined within a .xml file.  In any case, the class was not found. If the class uses a third party package, then the class would be present only if the third party package was found at compile time.  It may be necessary to upgrade Java or install the third party package, reconfigure and recompile.
Because:
-- /home/travis/build/icyphy/ptII/ptolemy/actor/ptalon/demo/ptinyos/SenseToLeds/ptolemy/domains/ptinyos/lib/MicaLeds.xml (No such file or directory)
-- XML file not found relative to classpath.
-- /home/travis/build/icyphy/ptII/ptolemy/vergil/basic/export/test/ptolemy/domains/ptinyos/lib/MicaLeds.xml
/home/travis/build/icyphy/ptII/ptolemy/vergil/basic/export/test/ptolemy/domains/ptinyos/lib/MicaLeds.xml (No such file or directory)
 in file:/home/travis/build/icyphy/ptII/ptolemy/actor/ptalon/demo/ptinyos/SenseToLeds/MicaBoard.xml at line 134 and column 63
	at ptolemy.moml.MoMLParser._createEntity(MoMLParser.java:4330)
	at ptolemy.moml.MoMLParser.startElement(MoMLParser.java:2864)
	... 64 more
Caused by: ptolemy.kernel.util.InternalErrorException: Element <entity name="MicaLeds" class="ptolemy.domains.ptinyos.lib.MicaLeds"> caused an exception to be thrown.
  in .MicaBoard
Because:
Cannot find class: ptolemy.domains.ptinyos.lib.MicaLeds. In Ptolemy, classes are typically Java .class files. Entities like actors may instead be defined within a .xml file.  In any case, the class was not found. If the class uses a third party package, then the class would be present only if the third party package was found at compile time.  It may be necessary to upgrade Java or install the third party package, reconfigure and recompile.
Because:
-- /home/travis/build/icyphy/ptII/ptolemy/actor/ptalon/demo/ptinyos/SenseToLeds/ptolemy/domains/ptinyos/lib/MicaLeds.xml (No such file or directory)
-- XML file not found relative to classpath.
-- /home/travis/build/icyphy/ptII/ptolemy/vergil/basic/export/test/ptolemy/domains/ptinyos/lib/MicaLeds.xml
/home/travis/build/icyphy/ptII/ptolemy/vergil/basic/export/test/ptolemy/domains/ptinyos/lib/MicaLeds.xml (No such file or directory)
 in file:/home/travis/build/icyphy/ptII/ptolemy/actor/ptalon/demo/ptinyos/SenseToLeds/MicaBoard.xml at line 134 and column 63
	at ptolemy.moml.SimpleErrorHandler.handleError(SimpleErrorHandler.java:75)
	at ptolemy.moml.MoMLParser.startElement(MoMLParser.java:3805)
	at com.microstar.xml.XmlParser.parseElement(XmlParser.java:921)
	at com.microstar.xml.XmlParser.parseContent(XmlParser.java:1104)
	at com.microstar.xml.XmlParser.parseElement(XmlParser.java:924)
	at com.microstar.xml.XmlParser.parseDocument(XmlParser.java:481)
	at com.microstar.xml.XmlParser.doParse(XmlParser.java:159)
	at com.microstar.xml.XmlParser.parse(XmlParser.java:132)
	at ptolemy.moml.MoMLParser.parse(MoMLParser.java:1676)
	at ptolemy.moml.MoMLParser.parse(MoMLParser.java:1595)
	at ptolemy.moml.MoMLParser.parse(MoMLParser.java:1537)
	at ptolemy.moml.MoMLParser._findOrParse(MoMLParser.java:5286)
	at ptolemy.moml.MoMLParser._attemptToFindMoMLClass(MoMLParser.java:4075)
	at ptolemy.moml.MoMLParser._createEntity(MoMLParser.java:4323)
	... 65 more
Caused by: ptolemy.kernel.util.IllegalActionException: Cannot find class: ptolemy.domains.ptinyos.lib.MicaLeds. In Ptolemy, classes are typically Java .class files. Entities like actors may instead be defined within a .xml file.  In any case, the class was not found. If the class uses a third party package, then the class would be present only if the third party package was found at compile time.  It may be necessary to upgrade Java or install the third party package, reconfigure and recompile.
Because:
-- /home/travis/build/icyphy/ptII/ptolemy/actor/ptalon/demo/ptinyos/SenseToLeds/ptolemy/domains/ptinyos/lib/MicaLeds.xml (No such file or directory)
-- XML file not found relative to classpath.
-- /home/travis/build/icyphy/ptII/ptolemy/vergil/basic/export/test/ptolemy/domains/ptinyos/lib/MicaLeds.xml
/home/travis/build/icyphy/ptII/ptolemy/vergil/basic/export/test/ptolemy/domains/ptinyos/lib/MicaLeds.xml (No such file or directory)
 in file:/home/travis/build/icyphy/ptII/ptolemy/actor/ptalon/demo/ptinyos/SenseToLeds/MicaBoard.xml at line 134 and column 63
	at ptolemy.moml.MoMLParser._createEntity(MoMLParser.java:4330)
	at ptolemy.moml.MoMLParser.startElement(MoMLParser.java:2864)
	... 77 more
Caused by: com.microstar.xml.XmlException: -- /home/travis/build/icyphy/ptII/ptolemy/actor/ptalon/demo/ptinyos/SenseToLeds/ptolemy/domains/ptinyos/lib/MicaLeds.xml (No such file or directory)
-- XML file not found relative to classpath.
-- /home/travis/build/icyphy/ptII/ptolemy/vergil/basic/export/test/ptolemy/domains/ptinyos/lib/MicaLeds.xml
/home/travis/build/icyphy/ptII/ptolemy/vergil/basic/export/test/ptolemy/domains/ptinyos/lib/MicaLeds.xml (No such file or directory)
 in file:/home/travis/build/icyphy/ptII/ptolemy/actor/ptalon/demo/ptinyos/SenseToLeds/MicaBoard.xml at line 134 and column 63
	at ptolemy.moml.MoMLParser.fileNameToURL(MoMLParser.java:1414)
	at ptolemy.moml.MoMLParser._findOrParse(MoMLParser.java:5283)
	at ptolemy.moml.MoMLParser._attemptToFindMoMLClass(MoMLParser.java:4075)
	at ptolemy.moml.MoMLParser._createEntity(MoMLParser.java:4323)
	... 78 more
Caused by: ptolemy.actor.ptalon.PtalonRuntimeException: Unable to add actor null
	at ptolemy.actor.ptalon.PtalonEvaluator.addActor(PtalonEvaluator.java:300)
	at ptolemy.actor.ptalon.PtalonPopulator.actor_declaration(PtalonPopulator.java:1574)
	at ptolemy.actor.ptalon.PtalonPopulator.atomic_statement(PtalonPopulator.java:1638)
	at ptolemy.actor.ptalon.PtalonPopulator.iterative_statement_evaluator(PtalonPopulator.java:2484)
	at ptolemy.actor.ptalon.AbstractPtalonEvaluator$IfTree.evaluateForScope(AbstractPtalonEvaluator.java:1307)
	at ptolemy.actor.ptalon.AbstractPtalonEvaluator.evaluateForScope(AbstractPtalonEvaluator.java:744)
	at ptolemy.actor.ptalon.PtalonPopulator.iterative_statement(PtalonPopulator.java:2363)
	at ptolemy.actor.ptalon.PtalonPopulator.actor_definition(PtalonPopulator.java:2809)
	at ptolemy.actor.ptalon.PtalonActor.attributeChanged(PtalonActor.java:206)
	at ptolemy.actor.ptalon.PtalonMLHandler.startElement(PtalonMLHandler.java:134)
	at com.microstar.xml.XmlParser.parseElement(XmlParser.java:921)
	at com.microstar.xml.XmlParser.parseContent(XmlParser.java:1104)
	at com.microstar.xml.XmlParser.parseElement(XmlParser.java:924)
	at com.microstar.xml.XmlParser.parseDocument(XmlParser.java:481)
	at com.microstar.xml.XmlParser.doParse(XmlParser.java:159)
	at com.microstar.xml.XmlParser.parse(XmlParser.java:132)
	at ptolemy.actor.ptalon.PtalonActor.configure(PtalonActor.java:240)
	at ptolemy.moml.MoMLParser.endElement(MoMLParser.java:996)
	at com.microstar.xml.XmlParser.parseETag(XmlParser.java:1026)
	at com.microstar.xml.XmlParser.parseContent(XmlParser.java:1098)
	at com.microstar.xml.XmlParser.parseElement(XmlParser.java:924)
	at com.microstar.xml.XmlParser.parseContent(XmlParser.java:1104)
	at com.microstar.xml.XmlParser.parseElement(XmlParser.java:924)
	at com.microstar.xml.XmlParser.parseContent(XmlParser.java:1104)
	at com.microstar.xml.XmlParser.parseElement(XmlParser.java:924)
	at com.microstar.xml.XmlParser.parseDocument(XmlParser.java:481)
	at com.microstar.xml.XmlParser.doParse(XmlParser.java:159)
	at com.microstar.xml.XmlParser.parse(XmlParser.java:132)
	at ptolemy.moml.MoMLParser.parse(MoMLParser.java:1676)
	at ptolemy.moml.MoMLParser.parse(MoMLParser.java:1595)
	at ptolemy.moml.MoMLParser.parse(MoMLParser.java:1537)
	at ptolemy.actor.gui.PtolemyEffigy$Factory.createEffigy(PtolemyEffigy.java:424)
	at ptolemy.actor.gui.EffigyFactory.createEffigy(EffigyFactory.java:234)
	at ptolemy.actor.gui.Configuration.openModel(Configuration.java:1125)
	at ptolemy.actor.gui.Configuration.openModel(Configuration.java:1051)
	at ptolemy.actor.gui.ConfigurationApplication._openModel(ConfigurationApplication.java:1252)
	at ptolemy.actor.gui.ConfigurationApplication._parseArg(ConfigurationApplication.java:1399)
	at ptolemy.actor.gui.ConfigurationApplication._parseArgs(ConfigurationApplication.java:1478)
	at ptolemy.actor.gui.ConfigurationApplication.<init>(ConfigurationApplication.java:277)
	at ptolemy.actor.gui.ConfigurationApplication.<init>(ConfigurationApplication.java:214)
	at ptolemy.actor.gui.ConfigurationApplication.<init>(ConfigurationApplication.java:201)
	at ptolemy.actor.gui.ConfigurationApplication.openModelOrEntity(ConfigurationApplication.java:680)
	at ptolemy.vergil.basic.export.ExportModel$1.run(ExportModel.java:220)
	at java.awt.event.InvocationEvent.dispatch(InvocationEvent.java:301)
	at java.awt.EventQueue.dispatchEventImpl(EventQueue.java:756)
	at java.awt.EventQueue.access$500(EventQueue.java:97)
	at java.awt.EventQueue$3.run(EventQueue.java:709)
	at java.awt.EventQueue$3.run(EventQueue.java:703)
	at java.security.AccessController.doPrivileged(Native Method)
	at java.security.ProtectionDomain$JavaSecurityAccessImpl.doIntersectionPrivilege(ProtectionDomain.java:80)
	at java.awt.EventQueue.dispatchEvent(EventQueue.java:726)
	at java.awt.EventDispatchThread.pumpOneEventForFilters(EventDispatchThread.java:201)
	at java.awt.EventDispatchThread.pumpEventsForFilter(EventDispatchThread.java:116)
	at java.awt.EventDispatchThread.pumpEventsForHierarchy(EventDispatchThread.java:105)
	at java.awt.EventDispatchThread.pumpEvents(EventDispatchThread.java:101)
	at java.awt.EventDispatchThread.pumpEvents(EventDispatchThread.java:93)
	at java.awt.EventDispatchThread.run(EventDispatchThread.java:82)
Caused by: ptolemy.kernel.util.InternalErrorException: Element <entity name="node1" class="ptolemy.actor.ptalon.demo.ptinyos.SenseToLeds.MicaBoard"> caused an exception to be thrown.
  in .SenseToLeds.SenseToLeds
Because:
Cannot find class: ptolemy.actor.ptalon.demo.ptinyos.SenseToLeds.MicaBoard. In Ptolemy, classes are typically Java .class files. Entities like actors may instead be defined within a .xml file.  In any case, the class was not found. If the class uses a third party package, then the class would be present only if the third party package was found at compile time.  It may be necessary to upgrade Java or install the third party package, reconfigure and recompile.
Because:
Element <entity name="MicaLeds" class="ptolemy.domains.ptinyos.lib.MicaLeds"> caused an exception to be thrown.
  in .MicaBoard
Because:
Cannot find class: ptolemy.domains.ptinyos.lib.MicaLeds. In Ptolemy, classes are typically Java .class files. Entities like actors may instead be defined within a .xml file.  In any case, the class was not found. If the class uses a third party package, then the class would be present only if the third party package was found at compile time.  It may be necessary to upgrade Java or install the third party package, reconfigure and recompile.
Because:
-- /home/travis/build/icyphy/ptII/ptolemy/actor/ptalon/demo/ptinyos/SenseToLeds/ptolemy/domains/ptinyos/lib/MicaLeds.xml (No such file or directory)
-- XML file not found relative to classpath.
-- /home/travis/build/icyphy/ptII/ptolemy/vergil/basic/export/test/ptolemy/domains/ptinyos/lib/MicaLeds.xml
/home/travis/build/icyphy/ptII/ptolemy/vergil/basic/export/test/ptolemy/domains/ptinyos/lib/MicaLeds.xml (No such file or directory)
 in file:/home/travis/build/icyphy/ptII/ptolemy/actor/ptalon/demo/ptinyos/SenseToLeds/MicaBoard.xml at line 134 and column 63
	at ptolemy.moml.SimpleErrorHandler.handleError(SimpleErrorHandler.java:75)
	at ptolemy.moml.MoMLParser.startElement(MoMLParser.java:3805)
	at com.microstar.xml.XmlParser.parseElement(XmlParser.java:931)
	at com.microstar.xml.XmlParser.parseDocument(XmlParser.java:481)
	at com.microstar.xml.XmlParser.doParse(XmlParser.java:159)
	at com.microstar.xml.XmlParser.parse(XmlParser.java:132)
	at ptolemy.moml.MoMLParser.parse(MoMLParser.java:1660)
	at ptolemy.moml.MoMLParser.parse(MoMLParser.java:1617)
	at ptolemy.moml.MoMLParser.parse(MoMLParser.java:1792)
	at ptolemy.actor.ptalon.PtalonEvaluator.addActor(PtalonEvaluator.java:241)
	... 56 more
Caused by: ptolemy.kernel.util.IllegalActionException: Cannot find class: ptolemy.actor.ptalon.demo.ptinyos.SenseToLeds.MicaBoard. In Ptolemy, classes are typically Java .class files. Entities like actors may instead be defined within a .xml file.  In any case, the class was not found. If the class uses a third party package, then the class would be present only if the third party package was found at compile time.  It may be necessary to upgrade Java or install the third party package, reconfigure and recompile.
Because:
Element <entity name="MicaLeds" class="ptolemy.domains.ptinyos.lib.MicaLeds"> caused an exception to be thrown.
  in .MicaBoard
Because:
Cannot find class: ptolemy.domains.ptinyos.lib.MicaLeds. In Ptolemy, classes are typically Java .class files. Entities like actors may instead be defined within a .xml file.  In any case, the class was not found. If the class uses a third party package, then the class would be present only if the third party package was found at compile time.  It may be necessary to upgrade Java or install the third party package, reconfigure and recompile.
Because:
-- /home/travis/build/icyphy/ptII/ptolemy/actor/ptalon/demo/ptinyos/SenseToLeds/ptolemy/domains/ptinyos/lib/MicaLeds.xml (No such file or directory)
-- XML file not found relative to classpath.
-- /home/travis/build/icyphy/ptII/ptolemy/vergil/basic/export/test/ptolemy/domains/ptinyos/lib/MicaLeds.xml
/home/travis/build/icyphy/ptII/ptolemy/vergil/basic/export/test/ptolemy/domains/ptinyos/lib/MicaLeds.xml (No such file or directory)
 in file:/home/travis/build/icyphy/ptII/ptolemy/actor/ptalon/demo/ptinyos/SenseToLeds/MicaBoard.xml at line 134 and column 63
	at ptolemy.moml.MoMLParser._createEntity(MoMLParser.java:4330)
	at ptolemy.moml.MoMLParser.startElement(MoMLParser.java:2864)
	... 64 more
Caused by: ptolemy.kernel.util.InternalErrorException: Element <entity name="MicaLeds" class="ptolemy.domains.ptinyos.lib.MicaLeds"> caused an exception to be thrown.
  in .MicaBoard
Because:
Cannot find class: ptolemy.domains.ptinyos.lib.MicaLeds. In Ptolemy, classes are typically Java .class files. Entities like actors may instead be defined within a .xml file.  In any case, the class was not found. If the class uses a third party package, then the class would be present only if the third party package was found at compile time.  It may be necessary to upgrade Java or install the third party package, reconfigure and recompile.
Because:
-- /home/travis/build/icyphy/ptII/ptolemy/actor/ptalon/demo/ptinyos/SenseToLeds/ptolemy/domains/ptinyos/lib/MicaLeds.xml (No such file or directory)
-- XML file not found relative to classpath.
-- /home/travis/build/icyphy/ptII/ptolemy/vergil/basic/export/test/ptolemy/domains/ptinyos/lib/MicaLeds.xml
/home/travis/build/icyphy/ptII/ptolemy/vergil/basic/export/test/ptolemy/domains/ptinyos/lib/MicaLeds.xml (No such file or directory)
 in file:/home/travis/build/icyphy/ptII/ptolemy/actor/ptalon/demo/ptinyos/SenseToLeds/MicaBoard.xml at line 134 and column 63
	at ptolemy.moml.SimpleErrorHandler.handleError(SimpleErrorHandler.java:75)
	at ptolemy.moml.MoMLParser.startElement(MoMLParser.java:3805)
	at com.microstar.xml.XmlParser.parseElement(XmlParser.java:921)
	at com.microstar.xml.XmlParser.parseContent(XmlParser.java:1104)
	at com.microstar.xml.XmlParser.parseElement(XmlParser.java:924)
	at com.microstar.xml.XmlParser.parseDocument(XmlParser.java:481)
	at com.microstar.xml.XmlParser.doParse(XmlParser.java:159)
	at com.microstar.xml.XmlParser.parse(XmlParser.java:132)
	at ptolemy.moml.MoMLParser.parse(MoMLParser.java:1676)
	at ptolemy.moml.MoMLParser.parse(MoMLParser.java:1595)
	at ptolemy.moml.MoMLParser.parse(MoMLParser.java:1537)
	at ptolemy.moml.MoMLParser._findOrParse(MoMLParser.java:5286)
	at ptolemy.moml.MoMLParser._attemptToFindMoMLClass(MoMLParser.java:4075)
	at ptolemy.moml.MoMLParser._createEntity(MoMLParser.java:4323)
	... 65 more
Caused by: ptolemy.kernel.util.IllegalActionException: Cannot find class: ptolemy.domains.ptinyos.lib.MicaLeds. In Ptolemy, classes are typically Java .class files. Entities like actors may instead be defined within a .xml file.  In any case, the class was not found. If the class uses a third party package, then the class would be present only if the third party package was found at compile time.  It may be necessary to upgrade Java or install the third party package, reconfigure and recompile.
Because:
-- /home/travis/build/icyphy/ptII/ptolemy/actor/ptalon/demo/ptinyos/SenseToLeds/ptolemy/domains/ptinyos/lib/MicaLeds.xml (No such file or directory)
-- XML file not found relative to classpath.
-- /home/travis/build/icyphy/ptII/ptolemy/vergil/basic/export/test/ptolemy/domains/ptinyos/lib/MicaLeds.xml
/home/travis/build/icyphy/ptII/ptolemy/vergil/basic/export/test/ptolemy/domains/ptinyos/lib/MicaLeds.xml (No such file or directory)
 in file:/home/travis/build/icyphy/ptII/ptolemy/actor/ptalon/demo/ptinyos/SenseToLeds/MicaBoard.xml at line 134 and column 63
	at ptolemy.moml.MoMLParser._createEntity(MoMLParser.java:4330)
	at ptolemy.moml.MoMLParser.startElement(MoMLParser.java:2864)
	... 77 more
Caused by: com.microstar.xml.XmlException: -- /home/travis/build/icyphy/ptII/ptolemy/actor/ptalon/demo/ptinyos/SenseToLeds/ptolemy/domains/ptinyos/lib/MicaLeds.xml (No such file or directory)
-- XML file not found relative to classpath.
-- /home/travis/build/icyphy/ptII/ptolemy/vergil/basic/export/test/ptolemy/domains/ptinyos/lib/MicaLeds.xml
/home/travis/build/icyphy/ptII/ptolemy/vergil/basic/export/test/ptolemy/domains/ptinyos/lib/MicaLeds.xml (No such file or directory)
 in file:/home/travis/build/icyphy/ptII/ptolemy/actor/ptalon/demo/ptinyos/SenseToLeds/MicaBoard.xml at line 134 and column 63
	at ptolemy.moml.MoMLParser.fileNameToURL(MoMLParser.java:1414)
	at ptolemy.moml.MoMLParser._findOrParse(MoMLParser.java:5283)
	at ptolemy.moml.MoMLParser._attemptToFindMoMLClass(MoMLParser.java:4075)
	at ptolemy.moml.MoMLParser._createEntity(MoMLParser.java:4323)
	... 78 more
Failed to read file:/home/travis/build/icyphy/ptII/ptolemy/actor/ptalon/demo/ptinyos/SenseToLeds/SenseToLeds.xml
ptolemy.kernel.util.IllegalActionException: Failed to process attribute change to PtalonParameter, whose value is "ptolemy.actor.ptalon.PtalonExpressionParameter {.SenseToLeds.SenseToLeds.n} 2".
  in .SenseToLeds.SenseToLeds
Because:
Unable to add actor null
	at ptolemy.actor.ptalon.PtalonActor.attributeChanged(PtalonActor.java:211)
	at ptolemy.actor.ptalon.PtalonMLHandler.startElement(PtalonMLHandler.java:134)
	at com.microstar.xml.XmlParser.parseElement(XmlParser.java:921)
	at com.microstar.xml.XmlParser.parseContent(XmlParser.java:1104)
	at com.microstar.xml.XmlParser.parseElement(XmlParser.java:924)
	at com.microstar.xml.XmlParser.parseDocument(XmlParser.java:481)
	at com.microstar.xml.XmlParser.doParse(XmlParser.java:159)
	at com.microstar.xml.XmlParser.parse(XmlParser.java:132)
	at ptolemy.actor.ptalon.PtalonActor.configure(PtalonActor.java:240)
	at ptolemy.moml.MoMLParser.endElement(MoMLParser.java:996)
	at com.microstar.xml.XmlParser.parseETag(XmlParser.java:1026)
	at com.microstar.xml.XmlParser.parseContent(XmlParser.java:1098)
	at com.microstar.xml.XmlParser.parseElement(XmlParser.java:924)
	at com.microstar.xml.XmlParser.parseContent(XmlParser.java:1104)
	at com.microstar.xml.XmlParser.parseElement(XmlParser.java:924)
	at com.microstar.xml.XmlParser.parseContent(XmlParser.java:1104)
	at com.microstar.xml.XmlParser.parseElement(XmlParser.java:924)
	at com.microstar.xml.XmlParser.parseDocument(XmlParser.java:481)
	at com.microstar.xml.XmlParser.doParse(XmlParser.java:159)
	at com.microstar.xml.XmlParser.parse(XmlParser.java:132)
	at ptolemy.moml.MoMLParser.parse(MoMLParser.java:1676)
	at ptolemy.moml.MoMLParser.parse(MoMLParser.java:1595)
	at ptolemy.moml.MoMLParser.parse(MoMLParser.java:1537)
	at ptolemy.actor.gui.PtolemyEffigy$Factory.createEffigy(PtolemyEffigy.java:424)
	at ptolemy.actor.gui.EffigyFactory.createEffigy(EffigyFactory.java:234)
	at ptolemy.actor.gui.Configuration.openModel(Configuration.java:1125)
	at ptolemy.actor.gui.Configuration.openModel(Configuration.java:1051)
	at ptolemy.actor.gui.ConfigurationApplication._openModel(ConfigurationApplication.java:1252)
	at ptolemy.actor.gui.ConfigurationApplication._parseArg(ConfigurationApplication.java:1399)
	at ptolemy.actor.gui.ConfigurationApplication._parseArgs(ConfigurationApplication.java:1478)
	at ptolemy.actor.gui.ConfigurationApplication.<init>(ConfigurationApplication.java:277)
	at ptolemy.actor.gui.ConfigurationApplication.<init>(ConfigurationApplication.java:214)
	at ptolemy.actor.gui.ConfigurationApplication.<init>(ConfigurationApplication.java:201)
	at ptolemy.actor.gui.ConfigurationApplication.openModelOrEntity(ConfigurationApplication.java:680)
	at ptolemy.vergil.basic.export.ExportModel$1.run(ExportModel.java:220)
	at java.awt.event.InvocationEvent.dispatch(InvocationEvent.java:301)
	at java.awt.EventQueue.dispatchEventImpl(EventQueue.java:756)
	at java.awt.EventQueue.access$500(EventQueue.java:97)
	at java.awt.EventQueue$3.run(EventQueue.java:709)
	at java.awt.EventQueue$3.run(EventQueue.java:703)
	at java.security.AccessController.doPrivileged(Native Method)
	at java.security.ProtectionDomain$JavaSecurityAccessImpl.doIntersectionPrivilege(ProtectionDomain.java:80)
	at java.awt.EventQueue.dispatchEvent(EventQueue.java:726)
	at java.awt.EventDispatchThread.pumpOneEventForFilters(EventDispatchThread.java:201)
	at java.awt.EventDispatchThread.pumpEventsForFilter(EventDispatchThread.java:116)
	at java.awt.EventDispatchThread.pumpEventsForHierarchy(EventDispatchThread.java:105)
	at java.awt.EventDispatchThread.pumpEvents(EventDispatchThread.java:101)
	at java.awt.EventDispatchThread.pumpEvents(EventDispatchThread.java:93)
	at java.awt.EventDispatchThread.run(EventDispatchThread.java:82)
Caused by: ptolemy.actor.ptalon.PtalonRuntimeException: Unable to add actor null
	at ptolemy.actor.ptalon.PtalonEvaluator.addActor(PtalonEvaluator.java:300)
	at ptolemy.actor.ptalon.PtalonPopulator.actor_declaration(PtalonPopulator.java:1574)
	at ptolemy.actor.ptalon.PtalonPopulator.atomic_statement(PtalonPopulator.java:1638)
	at ptolemy.actor.ptalon.PtalonPopulator.iterative_statement_evaluator(PtalonPopulator.java:2484)
	at ptolemy.actor.ptalon.AbstractPtalonEvaluator$IfTree.evaluateForScope(AbstractPtalonEvaluator.java:1307)
	at ptolemy.actor.ptalon.AbstractPtalonEvaluator.evaluateForScope(AbstractPtalonEvaluator.java:744)
	at ptolemy.actor.ptalon.PtalonPopulator.iterative_statement(PtalonPopulator.java:2363)
	at ptolemy.actor.ptalon.PtalonPopulator.actor_definition(PtalonPopulator.java:2809)
	at ptolemy.actor.ptalon.PtalonActor.attributeChanged(PtalonActor.java:206)
	... 48 more
Caused by: ptolemy.kernel.util.InternalErrorException: Element <entity name="node1" class="ptolemy.actor.ptalon.demo.ptinyos.SenseToLeds.MicaBoard"> caused an exception to be thrown.
  in .SenseToLeds.SenseToLeds
Because:
Cannot find class: ptolemy.actor.ptalon.demo.ptinyos.SenseToLeds.MicaBoard. In Ptolemy, classes are typically Java .class files. Entities like actors may instead be defined within a .xml file.  In any case, the class was not found. If the class uses a third party package, then the class would be present only if the third party package was found at compile time.  It may be necessary to upgrade Java or install the third party package, reconfigure and recompile.
Because:
Element <entity name="MicaLeds" class="ptolemy.domains.ptinyos.lib.MicaLeds"> caused an exception to be thrown.
  in .MicaBoard
Because:
Cannot find class: ptolemy.domains.ptinyos.lib.MicaLeds. In Ptolemy, classes are typically Java .class files. Entities like actors may instead be defined within a .xml file.  In any case, the class was not found. If the class uses a third party package, then the class would be present only if the third party package was found at compile time.  It may be necessary to upgrade Java or install the third party package, reconfigure and recompile.
Because:
-- /home/travis/build/icyphy/ptII/ptolemy/actor/ptalon/demo/ptinyos/SenseToLeds/ptolemy/domains/ptinyos/lib/MicaLeds.xml (No such file or directory)
-- XML file not found relative to classpath.
-- /home/travis/build/icyphy/ptII/ptolemy/vergil/basic/export/test/ptolemy/domains/ptinyos/lib/MicaLeds.xml
/home/travis/build/icyphy/ptII/ptolemy/vergil/basic/export/test/ptolemy/domains/ptinyos/lib/MicaLeds.xml (No such file or directory)
 in file:/home/travis/build/icyphy/ptII/ptolemy/actor/ptalon/demo/ptinyos/SenseToLeds/MicaBoard.xml at line 134 and column 63
	at ptolemy.moml.SimpleErrorHandler.handleError(SimpleErrorHandler.java:75)
	at ptolemy.moml.MoMLParser.startElement(MoMLParser.java:3805)
	at com.microstar.xml.XmlParser.parseElement(XmlParser.java:931)
	at com.microstar.xml.XmlParser.parseDocument(XmlParser.java:481)
	at com.microstar.xml.XmlParser.doParse(XmlParser.java:159)
	at com.microstar.xml.XmlParser.parse(XmlParser.java:132)
	at ptolemy.moml.MoMLParser.parse(MoMLParser.java:1660)
	at ptolemy.moml.MoMLParser.parse(MoMLParser.java:1617)
	at ptolemy.moml.MoMLParser.parse(MoMLParser.java:1792)
	at ptolemy.actor.ptalon.PtalonEvaluator.addActor(PtalonEvaluator.java:241)
	... 56 more
Caused by: ptolemy.kernel.util.IllegalActionException: Cannot find class: ptolemy.actor.ptalon.demo.ptinyos.SenseToLeds.MicaBoard. In Ptolemy, classes are typically Java .class files. Entities like actors may instead be defined within a .xml file.  In any case, the class was not found. If the class uses a third party package, then the class would be present only if the third party package was found at compile time.  It may be necessary to upgrade Java or install the third party package, reconfigure and recompile.
Because:
Element <entity name="MicaLeds" class="ptolemy.domains.ptinyos.lib.MicaLeds"> caused an exception to be thrown.
  in .MicaBoard
Because:
Cannot find class: ptolemy.domains.ptinyos.lib.MicaLeds. In Ptolemy, classes are typically Java .class files. Entities like actors may instead be defined within a .xml file.  In any case, the class was not found. If the class uses a third party package, then the class would be present only if the third party package was found at compile time.  It may be necessary to upgrade Java or install the third party package, reconfigure and recompile.
Because:
-- /home/travis/build/icyphy/ptII/ptolemy/actor/ptalon/demo/ptinyos/SenseToLeds/ptolemy/domains/ptinyos/lib/MicaLeds.xml (No such file or directory)
-- XML file not found relative to classpath.
-- /home/travis/build/icyphy/ptII/ptolemy/vergil/basic/export/test/ptolemy/domains/ptinyos/lib/MicaLeds.xml
/home/travis/build/icyphy/ptII/ptolemy/vergil/basic/export/test/ptolemy/domains/ptinyos/lib/MicaLeds.xml (No such file or directory)
 in file:/home/travis/build/icyphy/ptII/ptolemy/actor/ptalon/demo/ptinyos/SenseToLeds/MicaBoard.xml at line 134 and column 63
	at ptolemy.moml.MoMLParser._createEntity(MoMLParser.java:4330)
	at ptolemy.moml.MoMLParser.startElement(MoMLParser.java:2864)
	... 64 more
Caused by: ptolemy.kernel.util.InternalErrorException: Element <entity name="MicaLeds" class="ptolemy.domains.ptinyos.lib.MicaLeds"> caused an exception to be thrown.
  in .MicaBoard
Because:
Cannot find class: ptolemy.domains.ptinyos.lib.MicaLeds. In Ptolemy, classes are typically Java .class files. Entities like actors may instead be defined within a .xml file.  In any case, the class was not found. If the class uses a third party package, then the class would be present only if the third party package was found at compile time.  It may be necessary to upgrade Java or install the third party package, reconfigure and recompile.
Because:
-- /home/travis/build/icyphy/ptII/ptolemy/actor/ptalon/demo/ptinyos/SenseToLeds/ptolemy/domains/ptinyos/lib/MicaLeds.xml (No such file or directory)
-- XML file not found relative to classpath.
-- /home/travis/build/icyphy/ptII/ptolemy/vergil/basic/export/test/ptolemy/domains/ptinyos/lib/MicaLeds.xml
/home/travis/build/icyphy/ptII/ptolemy/vergil/basic/export/test/ptolemy/domains/ptinyos/lib/MicaLeds.xml (No such file or directory)
 in file:/home/travis/build/icyphy/ptII/ptolemy/actor/ptalon/demo/ptinyos/SenseToLeds/MicaBoard.xml at line 134 and column 63
	at ptolemy.moml.SimpleErrorHandler.handleError(SimpleErrorHandler.java:75)
	at ptolemy.moml.MoMLParser.startElement(MoMLParser.java:3805)
	at com.microstar.xml.XmlParser.parseElement(XmlParser.java:921)
	at com.microstar.xml.XmlParser.parseContent(XmlParser.java:1104)
	at com.microstar.xml.XmlParser.parseElement(XmlParser.java:924)
	at com.microstar.xml.XmlParser.parseDocument(XmlParser.java:481)
	at com.microstar.xml.XmlParser.doParse(XmlParser.java:159)
	at com.microstar.xml.XmlParser.parse(XmlParser.java:132)
	at ptolemy.moml.MoMLParser.parse(MoMLParser.java:1676)
	at ptolemy.moml.MoMLParser.parse(MoMLParser.java:1595)
	at ptolemy.moml.MoMLParser.parse(MoMLParser.java:1537)
	at ptolemy.moml.MoMLParser._findOrParse(MoMLParser.java:5286)
	at ptolemy.moml.MoMLParser._attemptToFindMoMLClass(MoMLParser.java:4075)
	at ptolemy.moml.MoMLParser._createEntity(MoMLParser.java:4323)
	... 65 more
Caused by: ptolemy.kernel.util.IllegalActionException: Cannot find class: ptolemy.domains.ptinyos.lib.MicaLeds. In Ptolemy, classes are typically Java .class files. Entities like actors may instead be defined within a .xml file.  In any case, the class was not found. If the class uses a third party package, then the class would be present only if the third party package was found at compile time.  It may be necessary to upgrade Java or install the third party package, reconfigure and recompile.
Because:
-- /home/travis/build/icyphy/ptII/ptolemy/actor/ptalon/demo/ptinyos/SenseToLeds/ptolemy/domains/ptinyos/lib/MicaLeds.xml (No such file or directory)
-- XML file not found relative to classpath.
-- /home/travis/build/icyphy/ptII/ptolemy/vergil/basic/export/test/ptolemy/domains/ptinyos/lib/MicaLeds.xml
/home/travis/build/icyphy/ptII/ptolemy/vergil/basic/export/test/ptolemy/domains/ptinyos/lib/MicaLeds.xml (No such file or directory)
 in file:/home/travis/build/icyphy/ptII/ptolemy/actor/ptalon/demo/ptinyos/SenseToLeds/MicaBoard.xml at line 134 and column 63
	at ptolemy.moml.MoMLParser._createEntity(MoMLParser.java:4330)
	at ptolemy.moml.MoMLParser.startElement(MoMLParser.java:2864)
	... 77 more
Caused by: com.microstar.xml.XmlException: -- /home/travis/build/icyphy/ptII/ptolemy/actor/ptalon/demo/ptinyos/SenseToLeds/ptolemy/domains/ptinyos/lib/MicaLeds.xml (No such file or directory)
-- XML file not found relative to classpath.
-- /home/travis/build/icyphy/ptII/ptolemy/vergil/basic/export/test/ptolemy/domains/ptinyos/lib/MicaLeds.xml
/home/travis/build/icyphy/ptII/ptolemy/vergil/basic/export/test/ptolemy/domains/ptinyos/lib/MicaLeds.xml (No such file or directory)
 in file:/home/travis/build/icyphy/ptII/ptolemy/actor/ptalon/demo/ptinyos/SenseToLeds/MicaBoard.xml at line 134 and column 63
	at ptolemy.moml.MoMLParser.fileNameToURL(MoMLParser.java:1414)
	at ptolemy.moml.MoMLParser._findOrParse(MoMLParser.java:5283)
	at ptolemy.moml.MoMLParser._attemptToFindMoMLClass(MoMLParser.java:4075)
	at ptolemy.moml.MoMLParser._createEntity(MoMLParser.java:4323)
	... 78 more
Caused by: ptolemy.actor.ptalon.PtalonRuntimeException: Unable to add actor null
	at ptolemy.actor.ptalon.PtalonEvaluator.addActor(PtalonEvaluator.java:300)
	at ptolemy.actor.ptalon.PtalonPopulator.actor_declaration(PtalonPopulator.java:1574)
	at ptolemy.actor.ptalon.PtalonPopulator.atomic_statement(PtalonPopulator.java:1638)
	at ptolemy.actor.ptalon.PtalonPopulator.iterative_statement_evaluator(PtalonPopulator.java:2484)
	at ptolemy.actor.ptalon.AbstractPtalonEvaluator$IfTree.evaluateForScope(AbstractPtalonEvaluator.java:1307)
	at ptolemy.actor.ptalon.AbstractPtalonEvaluator.evaluateForScope(AbstractPtalonEvaluator.java:744)
	at ptolemy.actor.ptalon.PtalonPopulator.iterative_statement(PtalonPopulator.java:2363)
	at ptolemy.actor.ptalon.PtalonPopulator.actor_definition(PtalonPopulator.java:2809)
	at ptolemy.actor.ptalon.PtalonActor.attributeChanged(PtalonActor.java:206)
	at ptolemy.actor.ptalon.PtalonMLHandler.startElement(PtalonMLHandler.java:134)
	at com.microstar.xml.XmlParser.parseElement(XmlParser.java:921)
	at com.microstar.xml.XmlParser.parseContent(XmlParser.java:1104)
	at com.microstar.xml.XmlParser.parseElement(XmlParser.java:924)
	at com.microstar.xml.XmlParser.parseDocument(XmlParser.java:481)
	at com.microstar.xml.XmlParser.doParse(XmlParser.java:159)
	at com.microstar.xml.XmlParser.parse(XmlParser.java:132)
	at ptolemy.actor.ptalon.PtalonActor.configure(PtalonActor.java:240)
	at ptolemy.moml.MoMLParser.endElement(MoMLParser.java:996)
	at com.microstar.xml.XmlParser.parseETag(XmlParser.java:1026)
	at com.microstar.xml.XmlParser.parseContent(XmlParser.java:1098)
	at com.microstar.xml.XmlParser.parseElement(XmlParser.java:924)
	at com.microstar.xml.XmlParser.parseContent(XmlParser.java:1104)
	at com.microstar.xml.XmlParser.parseElement(XmlParser.java:924)
	at com.microstar.xml.XmlParser.parseContent(XmlParser.java:1104)
	at com.microstar.xml.XmlParser.parseElement(XmlParser.java:924)
	at com.microstar.xml.XmlParser.parseDocument(XmlParser.java:481)
	at com.microstar.xml.XmlParser.doParse(XmlParser.java:159)
	at com.microstar.xml.XmlParser.parse(XmlParser.java:132)
	at ptolemy.moml.MoMLParser.parse(MoMLParser.java:1676)
	at ptolemy.moml.MoMLParser.parse(MoMLParser.java:1595)
	at ptolemy.moml.MoMLParser.parse(MoMLParser.java:1537)
	at ptolemy.actor.gui.PtolemyEffigy$Factory.createEffigy(PtolemyEffigy.java:424)
	at ptolemy.actor.gui.EffigyFactory.createEffigy(EffigyFactory.java:234)
	at ptolemy.actor.gui.Configuration.openModel(Configuration.java:1125)
	at ptolemy.actor.gui.Configuration.openModel(Configuration.java:1051)
	at ptolemy.actor.gui.ConfigurationApplication._openModel(ConfigurationApplication.java:1252)
	at ptolemy.actor.gui.ConfigurationApplication._parseArg(ConfigurationApplication.java:1399)
	at ptolemy.actor.gui.ConfigurationApplication._parseArgs(ConfigurationApplication.java:1478)
	at ptolemy.actor.gui.ConfigurationApplication.<init>(ConfigurationApplication.java:277)
	at ptolemy.actor.gui.ConfigurationApplication.<init>(ConfigurationApplication.java:214)
	at ptolemy.actor.gui.ConfigurationApplication.<init>(ConfigurationApplication.java:201)
	at ptolemy.actor.gui.ConfigurationApplication.openModelOrEntity(ConfigurationApplication.java:680)
	at ptolemy.vergil.basic.export.ExportModel$1.run(ExportModel.java:220)
	at java.awt.event.InvocationEvent.dispatch(InvocationEvent.java:301)
	at java.awt.EventQueue.dispatchEventImpl(EventQueue.java:756)
	at java.awt.EventQueue.access$500(EventQueue.java:97)
	at java.awt.EventQueue$3.run(EventQueue.java:709)
	at java.awt.EventQueue$3.run(EventQueue.java:703)
	at java.security.AccessController.doPrivileged(Native Method)
	at java.security.ProtectionDomain$JavaSecurityAccessImpl.doIntersectionPrivilege(ProtectionDomain.java:80)
	at java.awt.EventQueue.dispatchEvent(EventQueue.java:726)
	at java.awt.EventDispatchThread.pumpOneEventForFilters(EventDispatchThread.java:201)
	at java.awt.EventDispatchThread.pumpEventsForFilter(EventDispatchThread.java:116)
	at java.awt.EventDispatchThread.pumpEventsForHierarchy(EventDispatchThread.java:105)
	at java.awt.EventDispatchThread.pumpEvents(EventDispatchThread.java:101)
	at java.awt.EventDispatchThread.pumpEvents(EventDispatchThread.java:93)
	at java.awt.EventDispatchThread.run(EventDispatchThread.java:82)
Caused by: ptolemy.kernel.util.InternalErrorException: Element <entity name="node1" class="ptolemy.actor.ptalon.demo.ptinyos.SenseToLeds.MicaBoard"> caused an exception to be thrown.
  in .SenseToLeds.SenseToLeds
Because:
Cannot find class: ptolemy.actor.ptalon.demo.ptinyos.SenseToLeds.MicaBoard. In Ptolemy, classes are typically Java .class files. Entities like actors may instead be defined within a .xml file.  In any case, the class was not found. If the class uses a third party package, then the class would be present only if the third party package was found at compile time.  It may be necessary to upgrade Java or install the third party package, reconfigure and recompile.
Because:
Element <entity name="MicaLeds" class="ptolemy.domains.ptinyos.lib.MicaLeds"> caused an exception to be thrown.
  in .MicaBoard
Because:
Cannot find class: ptolemy.domains.ptinyos.lib.MicaLeds. In Ptolemy, classes are typically Java .class files. Entities like actors may instead be defined within a .xml file.  In any case, the class was not found. If the class uses a third party package, then the class would be present only if the third party package was found at compile time.  It may be necessary to upgrade Java or install the third party package, reconfigure and recompile.
Because:
-- /home/travis/build/icyphy/ptII/ptolemy/actor/ptalon/demo/ptinyos/SenseToLeds/ptolemy/domains/ptinyos/lib/MicaLeds.xml (No such file or directory)
-- XML file not found relative to classpath.
-- /home/travis/build/icyphy/ptII/ptolemy/vergil/basic/export/test/ptolemy/domains/ptinyos/lib/MicaLeds.xml
/home/travis/build/icyphy/ptII/ptolemy/vergil/basic/export/test/ptolemy/domains/ptinyos/lib/MicaLeds.xml (No such file or directory)
 in file:/home/travis/build/icyphy/ptII/ptolemy/actor/ptalon/demo/ptinyos/SenseToLeds/MicaBoard.xml at line 134 and column 63
	at ptolemy.moml.SimpleErrorHandler.handleError(SimpleErrorHandler.java:75)
	at ptolemy.moml.MoMLParser.startElement(MoMLParser.java:3805)
	at com.microstar.xml.XmlParser.parseElement(XmlParser.java:931)
	at com.microstar.xml.XmlParser.parseDocument(XmlParser.java:481)
	at com.microstar.xml.XmlParser.doParse(XmlParser.java:159)
	at com.microstar.xml.XmlParser.parse(XmlParser.java:132)
	at ptolemy.moml.MoMLParser.parse(MoMLParser.java:1660)
	at ptolemy.moml.MoMLParser.parse(MoMLParser.java:1617)
	at ptolemy.moml.MoMLParser.parse(MoMLParser.java:1792)
	at ptolemy.actor.ptalon.PtalonEvaluator.addActor(PtalonEvaluator.java:241)
	... 56 more
Caused by: ptolemy.kernel.util.IllegalActionException: Cannot find class: ptolemy.actor.ptalon.demo.ptinyos.SenseToLeds.MicaBoard. In Ptolemy, classes are typically Java .class files. Entities like actors may instead be defined within a .xml file.  In any case, the class was not found. If the class uses a third party package, then the class would be present only if the third party package was found at compile time.  It may be necessary to upgrade Java or install the third party package, reconfigure and recompile.
Because:
Element <entity name="MicaLeds" class="ptolemy.domains.ptinyos.lib.MicaLeds"> caused an exception to be thrown.
  in .MicaBoard
Because:
Cannot find class: ptolemy.domains.ptinyos.lib.MicaLeds. In Ptolemy, classes are typically Java .class files. Entities like actors may instead be defined within a .xml file.  In any case, the class was not found. If the class uses a third party package, then the class would be present only if the third party package was found at compile time.  It may be necessary to upgrade Java or install the third party package, reconfigure and recompile.
Because:
-- /home/travis/build/icyphy/ptII/ptolemy/actor/ptalon/demo/ptinyos/SenseToLeds/ptolemy/domains/ptinyos/lib/MicaLeds.xml (No such file or directory)
-- XML file not found relative to classpath.
-- /home/travis/build/icyphy/ptII/ptolemy/vergil/basic/export/test/ptolemy/domains/ptinyos/lib/MicaLeds.xml
/home/travis/build/icyphy/ptII/ptolemy/vergil/basic/export/test/ptolemy/domains/ptinyos/lib/MicaLeds.xml (No such file or directory)
 in file:/home/travis/build/icyphy/ptII/ptolemy/actor/ptalon/demo/ptinyos/SenseToLeds/MicaBoard.xml at line 134 and column 63
	at ptolemy.moml.MoMLParser._createEntity(MoMLParser.java:4330)
	at ptolemy.moml.MoMLParser.startElement(MoMLParser.java:2864)
	... 64 more
Caused by: ptolemy.kernel.util.InternalErrorException: Element <entity name="MicaLeds" class="ptolemy.domains.ptinyos.lib.MicaLeds"> caused an exception to be thrown.
  in .MicaBoard
Because:
Cannot find class: ptolemy.domains.ptinyos.lib.MicaLeds. In Ptolemy, classes are typically Java .class files. Entities like actors may instead be defined within a .xml file.  In any case, the class was not found. If the class uses a third party package, then the class would be present only if the third party package was found at compile time.  It may be necessary to upgrade Java or install the third party package, reconfigure and recompile.
Because:
-- /home/travis/build/icyphy/ptII/ptolemy/actor/ptalon/demo/ptinyos/SenseToLeds/ptolemy/domains/ptinyos/lib/MicaLeds.xml (No such file or directory)
-- XML file not found relative to classpath.
-- /home/travis/build/icyphy/ptII/ptolemy/vergil/basic/export/test/ptolemy/domains/ptinyos/lib/MicaLeds.xml
/home/travis/build/icyphy/ptII/ptolemy/vergil/basic/export/test/ptolemy/domains/ptinyos/lib/MicaLeds.xml (No such file or directory)
 in file:/home/travis/build/icyphy/ptII/ptolemy/actor/ptalon/demo/ptinyos/SenseToLeds/MicaBoard.xml at line 134 and column 63
	at ptolemy.moml.SimpleErrorHandler.handleError(SimpleErrorHandler.java:75)
	at ptolemy.moml.MoMLParser.startElement(MoMLParser.java:3805)
	at com.microstar.xml.XmlParser.parseElement(XmlParser.java:921)
	at com.microstar.xml.XmlParser.parseContent(XmlParser.java:1104)
	at com.microstar.xml.XmlParser.parseElement(XmlParser.java:924)
	at com.microstar.xml.XmlParser.parseDocument(XmlParser.java:481)
	at com.microstar.xml.XmlParser.doParse(XmlParser.java:159)
	at com.microstar.xml.XmlParser.parse(XmlParser.java:132)
	at ptolemy.moml.MoMLParser.parse(MoMLParser.java:1676)
	at ptolemy.moml.MoMLParser.parse(MoMLParser.java:1595)
	at ptolemy.moml.MoMLParser.parse(MoMLParser.java:1537)
	at ptolemy.moml.MoMLParser._findOrParse(MoMLParser.java:5286)
	at ptolemy.moml.MoMLParser._attemptToFindMoMLClass(MoMLParser.java:4075)
	at ptolemy.moml.MoMLParser._createEntity(MoMLParser.java:4323)
	... 65 more
Caused by: ptolemy.kernel.util.IllegalActionException: Cannot find class: ptolemy.domains.ptinyos.lib.MicaLeds. In Ptolemy, classes are typically Java .class files. Entities like actors may instead be defined within a .xml file.  In any case, the class was not found. If the class uses a third party package, then the class would be present only if the third party package was found at compile time.  It may be necessary to upgrade Java or install the third party package, reconfigure and recompile.
Because:
-- /home/travis/build/icyphy/ptII/ptolemy/actor/ptalon/demo/ptinyos/SenseToLeds/ptolemy/domains/ptinyos/lib/MicaLeds.xml (No such file or directory)
-- XML file not found relative to classpath.
-- /home/travis/build/icyphy/ptII/ptolemy/vergil/basic/export/test/ptolemy/domains/ptinyos/lib/MicaLeds.xml
/home/travis/build/icyphy/ptII/ptolemy/vergil/basic/export/test/ptolemy/domains/ptinyos/lib/MicaLeds.xml (No such file or directory)
 in file:/home/travis/build/icyphy/ptII/ptolemy/actor/ptalon/demo/ptinyos/SenseToLeds/MicaBoard.xml at line 134 and column 63
	at ptolemy.moml.MoMLParser._createEntity(MoMLParser.java:4330)
	at ptolemy.moml.MoMLParser.startElement(MoMLParser.java:2864)
	... 77 more
Caused by: com.microstar.xml.XmlException: -- /home/travis/build/icyphy/ptII/ptolemy/actor/ptalon/demo/ptinyos/SenseToLeds/ptolemy/domains/ptinyos/lib/MicaLeds.xml (No such file or directory)
-- XML file not found relative to classpath.
-- /home/travis/build/icyphy/ptII/ptolemy/vergil/basic/export/test/ptolemy/domains/ptinyos/lib/MicaLeds.xml
/home/travis/build/icyphy/ptII/ptolemy/vergil/basic/export/test/ptolemy/domains/ptinyos/lib/MicaLeds.xml (No such file or directory)
 in file:/home/travis/build/icyphy/ptII/ptolemy/actor/ptalon/demo/ptinyos/SenseToLeds/MicaBoard.xml at line 134 and column 63
	at ptolemy.moml.MoMLParser.fileNameToURL(MoMLParser.java:1414)
	at ptolemy.moml.MoMLParser._findOrParse(MoMLParser.java:5283)
	at ptolemy.moml.MoMLParser._attemptToFindMoMLClass(MoMLParser.java:4075)
	at ptolemy.moml.MoMLParser._createEntity(MoMLParser.java:4323)
	... 78 more
ptolemy.kernel.util.InternalErrorException: Failed to get the model directory? This can happen in a headless environment when the model attempts to interact with the graphical display.  It can also happen when the model fails to parse because of a missing class.
	at ptolemy.actor.gui.ConfigurationApplication.models(ConfigurationApplication.java:548)
	at ptolemy.actor.gui.ConfigurationApplication.openModelOrEntity(ConfigurationApplication.java:698)
	at ptolemy.vergil.basic.export.ExportModel$1.run(ExportModel.java:220)
	at java.awt.event.InvocationEvent.dispatch(InvocationEvent.java:301)
	at java.awt.EventQueue.dispatchEventImpl(EventQueue.java:756)
	at java.awt.EventQueue.access$500(EventQueue.java:97)
	at java.awt.EventQueue$3.run(EventQueue.java:709)
	at java.awt.EventQueue$3.run(EventQueue.java:703)
	at java.security.AccessController.doPrivileged(Native Method)
	at java.security.ProtectionDomain$JavaSecurityAccessImpl.doIntersectionPrivilege(ProtectionDomain.java:80)
	at java.awt.EventQueue.dispatchEvent(EventQueue.java:726)
	at java.awt.EventDispatchThread.pumpOneEventForFilters(EventDispatchThread.java:201)
	at java.awt.EventDispatchThread.pumpEventsForFilter(EventDispatchThread.java:116)
	at java.awt.EventDispatchThread.pumpEventsForHierarchy(EventDispatchThread.java:105)
	at java.awt.EventDispatchThread.pumpEvents(EventDispatchThread.java:101)
	at java.awt.EventDispatchThread.pumpEvents(EventDispatchThread.java:93)
	at java.awt.EventDispatchThread.run(EventDispatchThread.java:82)
ptolemy.kernel.util.InternalErrorException: Failed to get the model directory? This can happen in a headless environment when the model attempts to interact with the graphical display.  It can also happen when the model fails to parse because of a missing class.
	at ptolemy.actor.gui.ConfigurationApplication.models(ConfigurationApplication.java:548)
	at ptolemy.actor.gui.ConfigurationApplication.openModelOrEntity(ConfigurationApplication.java:698)
	at ptolemy.vergil.basic.export.ExportModel$1.run(ExportModel.java:220)
	at java.awt.event.InvocationEvent.dispatch(InvocationEvent.java:301)
	at java.awt.EventQueue.dispatchEventImpl(EventQueue.java:756)
	at java.awt.EventQueue.access$500(EventQueue.java:97)
	at java.awt.EventQueue$3.run(EventQueue.java:709)
	at java.awt.EventQueue$3.run(EventQueue.java:703)
	at java.security.AccessController.doPrivileged(Native Method)
	at java.security.ProtectionDomain$JavaSecurityAccessImpl.doIntersectionPrivilege(ProtectionDomain.java:80)
	at java.awt.EventQueue.dispatchEvent(EventQueue.java:726)
	at java.awt.EventDispatchThread.pumpOneEventForFilters(EventDispatchThread.java:201)
	at java.awt.EventDispatchThread.pumpEventsForFilter(EventDispatchThread.java:116)
	at java.awt.EventDispatchThread.pumpEventsForHierarchy(EventDispatchThread.java:105)
	at java.awt.EventDispatchThread.pumpEvents(EventDispatchThread.java:101)
	at java.awt.EventDispatchThread.pumpEvents(EventDispatchThread.java:93)
	at java.awt.EventDispatchThread.run(EventDispatchThread.java:82)
java.lang.reflect.InvocationTargetException
	at java.awt.EventQueue.invokeAndWait(EventQueue.java:1321)
	at java.awt.EventQueue.invokeAndWait(EventQueue.java:1296)
	at javax.swing.SwingUtilities.invokeAndWait(SwingUtilities.java:1348)
	at ptolemy.vergil.basic.export.ExportModel.exportModel(ExportModel.java:227)
	at ptolemy.vergil.basic.export.test.junit.ExportModelJUnitTest.RunExportModel(ExportModelJUnitTest.java:153)
	at ptolemy.vergil.basic.export.test.junit.ExportModelJUnitTestBatch.RunExportModel(ExportModelJUnitTestBatch.java:97)
	at sun.reflect.GeneratedMethodAccessor18.invoke(Unknown Source)
	at sun.reflect.DelegatingMethodAccessorImpl.invoke(DelegatingMethodAccessorImpl.java:43)
	at java.lang.reflect.Method.invoke(Method.java:498)
	at org.junit.runners.model.FrameworkMethod$1.runReflectiveCall(FrameworkMethod.java:44)
	at org.junit.internal.runners.model.ReflectiveCallable.run(ReflectiveCallable.java:15)
	at org.junit.runners.model.FrameworkMethod.invokeExplosively(FrameworkMethod.java:41)
	at junitparams.internal.InvokeParameterisedMethod.evaluate(InvokeParameterisedMethod.java:102)
	at junitparams.internal.ParameterisedTestMethodRunner.runMethodInvoker(ParameterisedTestMethodRunner.java:47)
	at junitparams.internal.ParameterisedTestMethodRunner.runTestMethod(ParameterisedTestMethodRunner.java:41)
	at junitparams.internal.ParameterisedTestClassRunner.runParameterisedTest(ParameterisedTestClassRunner.java:143)
	at junitparams.JUnitParamsRunner.runChild(JUnitParamsRunner.java:237)
	at junitparams.JUnitParamsRunner.runChild(JUnitParamsRunner.java:215)
	at org.junit.runners.ParentRunner$3.run(ParentRunner.java:193)
	at org.junit.runners.ParentRunner$1.schedule(ParentRunner.java:52)
	at org.junit.runners.ParentRunner.runChildren(ParentRunner.java:191)
	at org.junit.runners.ParentRunner.access$000(ParentRunner.java:42)
	at org.junit.runners.ParentRunner$2.evaluate(ParentRunner.java:184)
	at org.junit.runners.ParentRunner.run(ParentRunner.java:236)
	at junit.framework.JUnit4TestAdapter.run(JUnit4TestAdapter.java:39)
	at org.apache.tools.ant.taskdefs.optional.junit.JUnitTestRunner.run(JUnitTestRunner.java:535)
	at org.apache.tools.ant.taskdefs.optional.junit.JUnitTestRunner.launch(JUnitTestRunner.java:1182)
	at org.apache.tools.ant.taskdefs.optional.junit.JUnitTestRunner.main(JUnitTestRunner.java:1033)
Caused by: java.lang.RuntimeException: ptolemy.kernel.util.InternalErrorException: Failed to get the model directory? This can happen in a headless environment when the model attempts to interact with the graphical display.  It can also happen when the model fails to parse because of a missing class.
	at ptolemy.vergil.basic.export.ExportModel$1.run(ExportModel.java:223)
	at java.awt.event.InvocationEvent.dispatch(InvocationEvent.java:301)
	at java.awt.EventQueue.dispatchEventImpl(EventQueue.java:756)
	at java.awt.EventQueue.access$500(EventQueue.java:97)
	at java.awt.EventQueue$3.run(EventQueue.java:709)
	at java.awt.EventQueue$3.run(EventQueue.java:703)
	at java.security.AccessController.doPrivileged(Native Method)
	at java.security.ProtectionDomain$JavaSecurityAccessImpl.doIntersectionPrivilege(ProtectionDomain.java:80)
	at java.awt.EventQueue.dispatchEvent(EventQueue.java:726)
	at java.awt.EventDispatchThread.pumpOneEventForFilters(EventDispatchThread.java:201)
	at java.awt.EventDispatchThread.pumpEventsForFilter(EventDispatchThread.java:116)
	at java.awt.EventDispatchThread.pumpEventsForHierarchy(EventDispatchThread.java:105)
	at java.awt.EventDispatchThread.pumpEvents(EventDispatchThread.java:101)
	at java.awt.EventDispatchThread.pumpEvents(EventDispatchThread.java:93)
	at java.awt.EventDispatchThread.run(EventDispatchThread.java:82)
Caused by: ptolemy.kernel.util.InternalErrorException: Failed to get the model directory? This can happen in a headless environment when the model attempts to interact with the graphical display.  It can also happen when the model fails to parse because of a missing class.
	at ptolemy.actor.gui.ConfigurationApplication.models(ConfigurationApplication.java:548)
	at ptolemy.actor.gui.ConfigurationApplication.openModelOrEntity(ConfigurationApplication.java:698)
	at ptolemy.vergil.basic.export.ExportModel$1.run(ExportModel.java:220)
	... 14 more
]]></system-err>
</testsuite>
