<?xml version="1.0" encoding="UTF-8" ?>
<testsuite errors="0" failures="0" hostname="travis-job-204e5c6d-534b-4a95-8e7a-b5af756ca2bb" name="ptolemy.domains.de.test.junit.JUnitTclTest" skipped="0" tests="101" time="125.531" timestamp="2018-05-11T00:40:53">
  <properties>
    <property name="npm.executable" value="npm" />
    <property name="file.encoding.pkg" value="sun.io" />
    <property name="ptII.mk.exists" value="true" />
    <property name="env.rvm_bin_path" value="/home/travis/.rvm/bin" />
    <property name="java.home" value="/usr/lib/jvm/java-8-oracle/jre" />
    <property name="env.TRAVIS_JOB_NUMBER" value="426.7" />
    <property name="env.DISPLAY" value=":99.0" />
    <property name="java.net.preferIPv4Stack" value="true" />
    <property name="env.SSH_TTY" value="/dev/pts/0" />
    <property name="env.RUN_TESTS" value="true" />
    <property name="timeout.short" value="1000000" />
    <property name="env.TRAVIS_STACK_NODE_ATTRIBUTES" value="/.node-attributes.yml" />
    <property name="junit.formatter" value="xml" />
    <property name="java.endorsed.dirs" value="/usr/lib/jvm/java-8-oracle/jre/lib/endorsed" />
    <property name="env.TRAVIS_SUDO" value="true" />
    <property name="env.LOGNAME" value="travis" />
    <property name="jsdoc.home" value="node_modules/@terraswarm/jsdoc" />
    <property name="debuglevel" value="source,lines,vars" />
    <property name="checkstyle.formatter" value="xml" />
    <property name="bin.vergil.makeable" value="true" />
    <property name="env._system_version" value="14.04" />
    <property name="sun.os.patch.level" value="unknown" />
    <property name="java.vendor.url" value="http://java.oracle.com/" />
    <property name="java.version" value="1.8.0_151" />
    <property name="env.TZ" value="UTC" />
    <property name="env.PT_NO_NET" value="true" />
    <property name="env.TRAVIS_PULL_REQUEST_SHA" value="" />
    <property name="env.TRAVIS_SECURE_ENV_VARS" value="true" />
    <property name="env._system_type" value="Linux" />
    <property name="java.vendor.url.bug" value="http://bugreport.sun.com/bugreport/" />
    <property name="env.SSH_CLIENT" value="10.10.16.3 50148 22" />
    <property name="env.GEM_HOME" value="/home/travis/.rvm/gems/ruby-2.4.1" />
    <property name="env.HAS_ANTARES_THREE_LITTLE_FRONZIES_BADGE" value="true" />
    <property name="env.PS4" value="+" />
    <property name="ant.project.invoked-targets" value="build,test.core2.xml" />
    <property name="env.TRAVIS_PULL_REQUEST_BRANCH" value="" />
    <property name="env.TRAVIS_REPO_SLUG" value="icyphy/ptII" />
    <property name="node.in.path" value="true" />
    <property name="java.maxmemory" value="1400m" />
    <property name="env.RUBY_VERSION" value="ruby-2.4.1" />
    <property name="user.name" value="travis" />
    <property name="env.LANG" value="en_US.UTF-8" />
    <property name="sun.io.unicode.encoding" value="UnicodeLittle" />
    <property name="sun.jnu.encoding" value="UTF-8" />
    <property name="java.runtime.name" value="Java(TM) SE Runtime Environment" />
    <property name="usefile" value="false" />
    <property name="return.code" value="0" />
    <property name="junit.single.formatter" value="plain" />
    <property name="env.DYLD_LIBRARY_PATH" value="/home/travis/pthla/certi-tools/lib:" />
    <property name="env.DEBIAN_FRONTEND" value="noninteractive" />
    <property name="env.SSH_CONNECTION" value="10.10.16.3 50148 10.20.0.36 22" />
    <property name="env.MYSQL_UNIX_PORT" value="/var/run/mysqld/mysqld.sock" />
    <property name="env.TRAVIS_ALLOW_FAILURE" value="false" />
    <property name="env.LC_ALL" value="en_US.UTF-8" />
    <property name="java.specification.name" value="Java Platform API Specification" />
    <property name="node.works" value="true" />
    <property name="user.timezone" value="" />
    <property name="path.separator" value=":" />
    <property name="env.PYTHON_CFLAGS" value="-g -fstack-protector --param=ssp-buffer-size=4 -Wformat -Werror=format-security" />
    <property name="timeout.long" value="4000000" />
    <property name="env.CERTI_HOME" value="/home/travis/pthla/certi-tools" />
    <property name="file.encoding" value="UTF-8" />
    <property name="ant.file.ptII" value="/home/travis/build/icyphy/ptII/build.xml" />
    <property name="javadoc.packagenames" value="com.*,diva.*,lbnl.*,org.hlacerti.*,org.json.*,org.ptolemy.*,org.terraswarm.*,ptolemy.*,ptserver.*" />
    <property name="env.TRAVIS_PULL_REQUEST_SLUG" value="" />
    <property name="ant.project.default-target" value="build" />
    <property name="env.GIT_ASKPASS" value="echo" />
    <property name="env.HOME" value="/home/travis" />
    <property name="sun.java.command" value="org.apache.tools.ant.taskdefs.optional.junit.JUnitTestRunner ptolemy.domains.de.test.junit.JUnitTclTest skipNonTests=false filtertrace=true haltOnError=false haltOnFailure=false formatter=org.apache.tools.ant.taskdefs.optional.junit.OutErrSummaryJUnitResultFormatter showoutput=true outputtoformatters=true logfailedtests=true threadid=0 logtestlistenerevents=false formatter=org.apache.tools.ant.taskdefs.optional.junit.XMLJUnitResultFormatter,/home/travis/build/icyphy/ptII/reports/junit/TEST-ptolemy.domains.de.test.junit.JUnitTclTest.xml crashfile=/home/travis/build/icyphy/ptII/junitvmwatcher4167423056186027144.properties propsfile=/home/travis/build/icyphy/ptII/junit2644176768261325443.properties" />
    <property name="env.MANPATH" value="/home/travis/.nvm/versions/node/v7.10.1/share/man:/home/travis/.kiex/elixirs/elixir-1.4.5/man:/home/travis/.rvm/rubies/ruby-2.4.1/share/man:/usr/local/man:/usr/local/cmake-3.9.2/man:/usr/local/clang-5.0.0/share/man:/usr/local/share/man:/usr/share/man:/home/travis/.rvm/man" />
    <property name="env.COMPOSER_NO_INTERACTION" value="1" />
    <property name="env.JDK_SWITCHER_DEFAULT" value="oraclejdk8" />
    <property name="ant.file" value="/home/travis/build/icyphy/ptII/build.xml" />
    <property name="env.TRAVIS_COMMIT_RANGE" value="3534c7d7a248...66ba64ccb1c8" />
    <property name="env._system_name" value="Ubuntu" />
    <property name="timeout" value="2400000" />
    <property name="ptII.classpath.optional.property" value="/home/travis/build/icyphy/ptII/lib/bsh-2.0b4.jar:/home/travis/build/icyphy/ptII/lib/ptCal.jar:/home/travis/build/icyphy/ptII/lib/java_cup.jar:/home/travis/build/icyphy/ptII/lib/saxon8.jar:/home/travis/build/icyphy/ptII/lib/saxon8-dom.jar:/home/travis/build/icyphy/ptII/lib/chic.jar:/home/travis/build/icyphy/ptII/lib/ptcolt.jar:/usr/lib/jvm/java-8-oracle/lib/tools.jar:/usr/lib/eclipse/plugins/org.eclipse.jdt.core_3.8.2.dist.jar:/usr/lib/eclipse/plugins/org.eclipse.core.runtime_3.8.0.dist.jar:/usr/lib/eclipse/plugins/org.eclipse.osgi_3.8.1.dist.jar:/usr/lib/eclipse/plugins/org.eclipse.core.resources_3.8.1.dist.jar:/usr/lib/eclipse/plugins/org.eclipse.equinox.common_3.6.100.dist.jar:/usr/lib/eclipse/plugins/org.eclipse.core.jobs_3.5.200.dist.jar:/usr/lib/eclipse/plugins/org.eclipse.core.contenttype_3.4.200.dist.jar:/usr/lib/eclipse/plugins/org.eclipse.equinox.preferences_3.5.0.dist.jar:/usr/lib/eclipse/plugins/org.eclipse.text_3.5.200.dist.jar:/usr/lib/eclipse/plugins/org.eclipse.ui.workbench_3.8.1.dist.jar:/usr/lib/eclipse/plugins/org.eclipse.jface_3.8.0.dist.jar:/usr/lib/eclipse/plugins/org.eclipse.swt_3.8.2.jar:/usr/lib/eclipse/plugins/org.eclipse.jface.text_3.8.1.dist.jar:/usr/lib/eclipse/plugins/org.eclipse.ui.workbench.texteditor_3.8.0.dist.jar:/usr/lib/eclipse/plugins/org.eclipse.ui.editors_3.8.0.dist.jar:/usr/lib/eclipse/plugins/org.eclipse.core.commands_3.6.1.dist.jar:/usr/lib/eclipse/plugins/org.eclipse.equinox.registry_3.5.200.dist.jar:/usr/lib/eclipse/plugins/org.eclipse.ui.console_3.5.100.dist.jar:/usr/lib/eclipse/plugins/org.eclipse.ui.forms_3.5.200.dist.jar:/usr/lib/eclipse/plugins/org.eclipse.ui.ide_3.8.1.dist.jar:/home/travis/build/icyphy/ptII/vendors/oracle/dbxml.jar:/home/travis/build/icyphy/ptII/vendors/oracle/db.jar:/home/travis/build/icyphy/ptII/vendors/misc/itext/iText.jar:/home/travis/build/icyphy/ptII/lib/g4ltl.jar:/home/travis/build/icyphy/ptII/lib/StructuralCoder.jar:/home/travis/build/icyphy/ptII/lib/org-openide-util.jar:/home/travis/build/icyphy/ptII/lib/org-openide-util-lookup.jar:/home/travis/build/icyphy/ptII/lib/org-netbeans-api-visual.jar:/home/travis/build/icyphy/ptII/vendors/jai-1_1_2_01/lib/jai_core.jar:/home/travis/build/icyphy/ptII/vendors/jai-1_1_2_01/lib/jai_codec.jar:/home/travis/build/icyphy/ptII/lib/jcerti.jar:/home/travis/build/icyphy/ptII/lib/smack.jar:/home/travis/build/icyphy/ptII/lib/smackx.jar:/home/travis/build/icyphy/ptII/lib/jetty-all-8.1.5-v20120716.jar:/home/travis/build/icyphy/ptII/lib/javax.servlet-api-3.0.1.jar:/home/travis/build/icyphy/ptII/lib/javax.mail.jar:/home/travis/build/icyphy/ptII/vendors/JMF-2.1.1e/lib/jmf.jar:/home/travis/build/icyphy/ptII/lib/jna-4.0.0-variadic.jar:/home/travis/build/icyphy/ptII/vendors/misc/joystick/Joystick.jar:/home/travis/build/icyphy/ptII/lib/ptjacl.jar:/home/travis/build/icyphy/ptII/lib/jsoup-1.8.2.jar:/home/travis/build/icyphy/ptII/lib/junit-4.8.2.jar:/home/travis/build/icyphy/ptII/lib/JUnitParams-0.4.0.jar:/home/travis/build/icyphy/ptII/ptolemy/actor/lib/excel/jxl.jar:/home/travis/build/icyphy/ptII/lib/jython.jar:/home/travis/build/icyphy/ptII/lib/kieler.jar:/home/travis/build/icyphy/ptII/vendors/opencv/share/OpenCV/java/opencv-341.jar:/home/travis/build/icyphy/ptII/lib/oscP5.jar:/home/travis/build/icyphy/ptII/lib/nrjavaserial-3.11.0.devel.jar:/usr/share/java/j3dcore.jar:/usr/share/java/j3dutils.jar:/usr/share/java/vecmath.jar:/home/travis/build/icyphy/ptII/ptolemy/distributed/jini/jar/jini-core.jar:/home/travis/build/icyphy/ptII/ptolemy/distributed/jini/jar/jini-ext.jar:/home/travis/build/icyphy/ptII/ptolemy/distributed/jini/jar/sun-util.jar:/home/travis/build/icyphy/ptII/lib/protobuf-java-2.4.1.jar:/home/travis/build/icyphy/ptII/lib/org.eclipse.paho.client.mqttv3.jar:/home/travis/build/icyphy/ptII/ptserver/lib/hessian-4.0.7.jar:/home/travis/build/icyphy/ptII/ptserver/lib/wmqtt.jar:/home/travis/build/icyphy/ptII/lib/mapss.jar:/home/travis/build/icyphy/ptII/ptolemy/actor/ptalon/antlr/antlr.jar:/home/travis/build/icyphy/ptII/lib/JRI.jar:/home/travis/build/icyphy/ptII/lib/commons-lang-2.6.jar:/home/travis/build/icyphy/ptII/lib/commons-logging-1.1.1.jar:/home/travis/build/icyphy/ptII/lib/sootclasses.jar:/home/travis/build/icyphy/ptII/ptolemy/actor/lib/database/mysql-connector-java-5.1.6-bin.jar:/home/travis/build/icyphy/ptII/vendors/misc/sphinx4/sphinx4-data-5prealpha.jar:/home/travis/build/icyphy/ptII/vendors/misc/sphinx4/sphinx4-core-5prealpha.jar:/home/travis/build/icyphy/ptII/lib/PDFRenderer.jar:/home/travis/build/icyphy/ptII/lib/svgSalamander.jar:/home/travis/build/icyphy/ptII/lib/rsyntaxtextarea-2.6.0-SNAPSHOT.jar:/home/travis/build/icyphy/ptII/lib/hazelcast-3.8.2.jar:/home/travis/build/icyphy/ptII/lib/jackson-annotations-2.9.0.jar:/home/travis/build/icyphy/ptII/lib/jackson-core-2.9.3.jar:/home/travis/build/icyphy/ptII/lib/jackson-databind-2.9.3.jar:/home/travis/build/icyphy/ptII/lib/netty-buffer-4.1.19.Final.jar:/home/travis/build/icyphy/ptII/lib/netty-codec-4.1.19.Final.jar:/home/travis/build/icyphy/ptII/lib/netty-codec-dns-4.1.19.Final.jar:/home/travis/build/icyphy/ptII/lib/netty-codec-http-4.1.19.Final.jar:/home/travis/build/icyphy/ptII/lib/netty-codec-http2-4.1.19.Final.jar:/home/travis/build/icyphy/ptII/lib/netty-common-4.1.19.Final.jar:/home/travis/build/icyphy/ptII/lib/netty-handler-4.1.19.Final.jar:/home/travis/build/icyphy/ptII/lib/netty-resolver-4.1.19.Final.jar:/home/travis/build/icyphy/ptII/lib/netty-resolver-dns-4.1.19.Final.jar:/home/travis/build/icyphy/ptII/lib/netty-transport-4.1.19.Final.jar:/home/travis/build/icyphy/ptII/lib/vertx-codegen-3.5.1.jar:/home/travis/build/icyphy/ptII/lib/vertx-core-3.5.2-SNAPSHOT.jar:/home/travis/build/icyphy/ptII/lib/vertx-hazelcast-3.5.1.jar:/home/travis/build/icyphy/ptII/lib/vertx-lang-js-3.5.1.jar:/home/travis/build/icyphy/ptII/lib/vertx-service-proxy-3.5.1.jar:/home/travis/build/icyphy/ptII/lib/vertx-web-3.5.1.jar:/home/travis/build/icyphy/ptII/lib/slf4j-api-1.7.13.jar:/home/travis/build/icyphy/ptII/lib/slf4j-simple-1.7.13.jar:/home/travis/build/icyphy/ptII/lib/webcam-capture-0.3.12.jar:/home/travis/build/icyphy/ptII/lib/bridj-0.7.0.jar:/home/travis/build/icyphy/ptII/lib/xbjlib-1.1.0.nrjavaserial.jar" />
    <property name="test.batch" value="**/junit/*.java" />
    <property name="env._" value="/usr/bin/timeout" />
    <property name="java.io.tmpdir" value="/tmp" />
    <property name="user.language" value="en" />
    <property name="env.HISTCONTROL" value="ignoredups:ignorespace" />
    <property name="env.GOROOT" value="/home/travis/.gimme/versions/go1.7.4.linux.amd64" />
    <property name="line.separator" value="&#xa;" />
    <property name="target" value="1.8" />
    <property name="env.TRAVIS_BUILD_DIR" value="/home/travis/build/icyphy/ptII" />
    <property name="env.ANT_OPTS" value="-Xmx2048m" />
    <property name="ant.file.type" value="file" />
    <property name="ptolemy.ptII.batchMode" value="true" />
    <property name="env.HISTSIZE" value="1000" />
    <property name="env.MERB_ENV" value="test" />
    <property name="java.vm.info" value="mixed mode" />
    <property name="source" value="1.8" />
    <property name="java.vm.specification.name" value="Java Virtual Machine Specification" />
    <property name="env.TRAVIS_TEST_RESULT" value="0" />
    <property name="jsdoc.command" value="node_modules/@terraswarm/jsdoc/jsdoc.js" />
    <property name="npm.works" value="true" />
    <property name="cobertura.dir" value="/home/travis/build/icyphy/ptII/vendors/cobertura-2.0.3" />
    <property name="env.rvm_path" value="/home/travis/.rvm" />
    <property name="env.GEM_PATH" value="/home/travis/.rvm/gems/ruby-2.4.1:/home/travis/.rvm/gems/ruby-2.4.1@global" />
    <property name="env.LC_CTYPE" value="en_US.UTF-8" />
    <property name="java.awt.printerjob" value="sun.print.PSPrinterJob" />
    <property name="env.TRAVIS_STACK_NAME" value="garnet" />
    <property name="ant.version" value="Apache Ant(TM) version 1.10.1 compiled on February 2 2017" />
    <property name="ptII.reports" value="/home/travis/build/icyphy/ptII/reports" />
    <property name="env.TRAVIS_STACK_TIMESTAMP" value="2017-12-05 19:33:09 UTC" />
    <property name="ant.file.type.ptII" value="file" />
    <property name="env.RBENV_SHELL" value="bash" />
    <property name="os.name" value="Linux" />
    <property name="java.specification.vendor" value="Oracle Corporation" />
    <property name="env.rvm_version" value="1.29.3 (latest)" />
    <property name="env.TERM" value="xterm" />
    <property name="java.vm.name" value="Java HotSpot(TM) 64-Bit Server VM" />
    <property name="env.TRAVIS_BUILD_NUMBER" value="426" />
    <property name="env.CI" value="true" />
    <property name="java.library.path" value="/home/travis/pthla/certi-tools/lib:/usr/lib/jni:/usr/local/share/OpenCV/java/:/usr/share/OpenCV/java::/usr/java/packages/lib/amd64:/usr/lib64:/lib64:/lib:/usr/lib" />
    <property name="env.rvm_prefix" value="/home/travis" />
    <property name="env.PATH" value="/home/travis/pthla/certi-tools/share/scripts:/home/travis/.rvm/gems/ruby-2.4.1/bin:/home/travis/.rvm/gems/ruby-2.4.1@global/bin:/home/travis/.rvm/rubies/ruby-2.4.1/bin:/home/travis/.rvm/bin:/home/travis/.nvm/versions/node/v7.10.1/bin:./node_modules/.bin:/home/travis/build/icyphy/ptII/bin:/home/travis/pthla/certi-tools/bin:/home/travis/bin:/home/travis/.local/bin:/opt/pyenv/shims:/home/travis/.phpenv/shims:/home/travis/perl5/perlbrew/bin:/home/travis/.kiex/elixirs/elixir-1.4.5/bin:/home/travis/.kiex/bin:/home/travis/gopath/bin:/home/travis/.gimme/versions/go1.7.4.linux.amd64/bin:/usr/local/phantomjs/bin:/usr/local/phantomjs:/usr/local/neo4j-3.2.7/bin:/usr/local/maven-3.5.2/bin:/usr/local/cmake-3.9.2/bin:/usr/local/clang-5.0.0/bin:/usr/local/sbin:/usr/local/bin:/usr/sbin:/usr/bin:/sbin:/bin:/home/travis/.phpenv/bin:/opt/pyenv/bin:/home/travis/.yarn/bin" />
    <property name="env.TRAVIS_OS_NAME" value="linux" />
    <property name="ant.java.version" value="1.8" />
    <property name="basedir" value="/home/travis/build/icyphy/ptII" />
    <property name="java.class.version" value="52.0" />
    <property name="env.SHLVL" value="3" />
    <property name="env.LD_LIBRARY_PATH" value="/home/travis/pthla/certi-tools/lib:/usr/lib/jni:/usr/local/share/OpenCV/java/:/usr/share/OpenCV/java:" />
    <property name="env.RACK_ENV" value="test" />
    <property name="ant.home" value="/home/travis/build/icyphy/ptII/ant" />
    <property name="env.NVM_DIR" value="/home/travis/.nvm" />
    <property name="env.PERLBREW_BASHRC_VERSION" value="0.80" />
    <property name="env.CERTI_FOM_PATH" value="/home/travis/pthla/certi-tools/share/federations" />
    <property name="env.TRAVIS_BUILD_ID" value="377525625" />
    <property name="env.PYENV_ROOT" value="/opt/pyenv" />
    <property name="env.TRAVIS_UID" value="2000" />
    <property name="env.rvm_pretty_print_flag" value="auto" />
    <property name="env.NVM_BIN" value="/home/travis/.nvm/versions/node/v7.10.1/bin" />
    <property name="env.TRAVIS_COMMIT" value="66ba64ccb1c8cc6aec9b3ceb2b428e057a742ace" />
    <property name="env._system_arch" value="x86_64" />
    <property name="node.executable" value="node" />
    <property name="sun.boot.library.path" value="/usr/lib/jvm/java-8-oracle/jre/lib/amd64" />
    <property name="sun.management.compiler" value="HotSpot 64-Bit Tiered Compilers" />
    <property name="env.GOPATH" value="/home/travis/gopath" />
    <property name="java.awt.graphicsenv" value="sun.awt.X11GraphicsEnvironment" />
    <property name="ptolemy.ptII.dir" value="/home/travis/build/icyphy/ptII" />
    <property name="env.USER" value="travis" />
    <property name="env.HISTFILESIZE" value="2000" />
    <property name="timeout.longest" value="19000000" />
    <property name="env.TRAVIS_STACK_FEATURES" value="basic cassandra chromium couchdb disabled-ipv6 docker docker-compose elasticsearch firefox go-toolchain google-chrome jdk memcached mongodb mysql neo4j nodejs_interpreter perl_interpreter perlbrew phantomjs postgresql python_interpreter rabbitmq redis riak ruby_interpreter sqlite xserver" />
    <property name="env.TRAVIS_PULL_REQUEST" value="false" />
    <property name="env.PYENV_SHELL" value="bash" />
    <property name="ant.project.name" value="ptII" />
    <property name="java.vm.specification.version" value="1.8" />
    <property name="env.CERTI_VERSION" value="4.0.0" />
    <property name="env.NLSPATH" value="/usr/dt/lib/nls/msg/%L/%N.cat" />
    <property name="awt.toolkit" value="sun.awt.X11.XToolkit" />
    <property name="env.CERTI_HOST" value="localhost" />
    <property name="env.MY_RUBY_HOME" value="/home/travis/.rvm/rubies/ruby-2.4.1" />
    <property name="sun.cpu.isalist" value="" />
    <property name="java.ext.dirs" value="/usr/lib/jvm/java-8-oracle/jre/lib/ext:/usr/java/packages/lib/ext" />
    <property name="os.version" value="4.4.0-101-generic" />
    <property name="user.home" value="/home/travis" />
    <property name="env.MIX_ARCHIVES" value="/home/travis/.kiex/mix/elixir-1.4.5" />
    <property name="java.vm.vendor" value="Oracle Corporation" />
    <property name="env.TRAVIS_TAG" value="nightly" />
    <property name="env.TRAVIS_FILTERED" value="pty" />
    <property name="env.PTII" value="/home/travis/build/icyphy/ptII" />
    <property name="env.JAVA_HOME" value="/usr/lib/jvm/java-8-oracle" />
    <property name="javadoc.excludepackagenames" value="adm.cvs2svn.*,build.*,config.*,doc.coding.templates.*,jni.test.jni.meaningOfLife.*,jni.test.jni.testDeux.*,jni.test.jni.testTrois.*,org.terraswarm.accessor.accessors.web.node_modules.*,org.terraswarm.accessor.accessors.web.hosts.cordova.demo.*,org.terraswarm.accessor.accessors.web.hosts.cordova.plugins.*,org.terraswarm.accessor.accessors-svn.*,pt-modules.*,ptolemy.apps.agilent.*,ptolemy.apps.anytimecontrol.*,ptolemy.apps.apes.*,ptolemy.apps.charon.*,ptolemy.apps.crazyboard.*,ptolemy.apps.eclipse.*,ptolemy.apps.etherealSting.*,ptolemy.apps.fullscreen.*,ptolemy.apps.giotto.*,ptolemy.apps.ia.*,ptolemy.apps.interfaces.*,ptolemy.apps.jmf.*,ptolemy.apps.kurt.*,ptolemy.apps.kvm.*,ptolemy.apps.lego.*,ptolemy.apps.lejos.*,ptolemy.apps.midp.*,ptolemy.apps.mobileCoding.*,ptolemy.apps.pendulum.*,ptolemy.apps.rijndael.*,ptolemy.apps.robot.*,ptolemy.apps.security.*,ptolemy.apps.sobel.*,ptolemy.apps.soot.*,ptolemy.apps.throttle.*,ptolemy.apps.tini.*,ptolemy.apps.transmission.*,ptolemy.apps.vergil.*,ptolemy.apps.waba.*,ptolemy.apps.websensor.*,ptolemy.apps.webstart.*,ptolemy.apps.xsl.*,ptolemy.apps.zaurus.*,ptolemy.backtrack.eclipse.plugin.*,ptolemy.backtrack.test.*,ptolemy.codegen.c.actor.lib.oldJavaFiles.*,ptolemy.codegen.dsp.lib.*,ptolemy.codegen.kernel.newInterfaces.*,ptolemy.codegen.lib.*,ptolemy.copernicus.kernel.fragment.*,ptolemy.copernicus.shallow.cg.*,ptolemy.domains.giotto.demo.Hierarchy.Hierarchy.*,ptolemy.domains.giotto.demo.Multimode.Multimode.*,ptolemy.domains.giotto.demo.Simple.Simple.*,ptolemy.domains.gr.lib.experimental.*,ptolemy.domains.gro.*,ptolemy.domains.pdf.*,ptolemy.domains.ptinyos.demo.Surge.output.*,ptolemy.moml.test.NoPackageActor.java*,ptolemy.plot.adm.*,ptolemy.plot.servlet.*,reports.*,signed.*,src.*,target.*,vendors.*,ptolemy.copernicus.applet.*,ptolemy.media.viewer.*,ptolemy.cg.adapter.generic.program.procedural.c.mbed*,ptolemy.actor.lib.fmi.fmus.omc*,ptolemy.domains.openmodelica*,ptdb.kernel.bl.save.test.*,ptdb.kernel.bl.load.test.*,ptdb.kernel.bl.search.test.*,ptdb.kernel.bl.migration.test.*,ptdb.kernel.database.test.*,ptdb.test.*,ptdb.gui.test.*,org.ptolemy.scala.*,diva.util.java2d.svg.*,ptolemy.domains.ptinyos.*,ptolemy.actor.lib.fmi.fmipp.*,,org.terraswarm.accessor.accessors.web.node_modules.*,org.terraswarm.accessor.accessors-svn,ptolemy.actor.ptalon.demo.ptinyos.SendAndReceiveCnt.output,ptolemy.actor.ptalon.demo.ptinyos.SenseToLeds.output,ptolemy.domains.ptinyos.demo.CntToLedsAndRfm.output,ptolemy.domains.ptinyos.demo.RfmToLeds.output,ptolemy.domains.ptinyos.demo.SendAndReceiveCnt.output,ptolemy.domains.ptinyos.demo.SenseToLeds.output" />
    <property name="env.TRAVIS_COMMIT_MESSAGE" value="Typo." />
    <property name="keystore" value="ptKeystore" />
    <property name="env.XDG_SESSION_ID" value="2" />
    <property name="junit.output.dir" value="/home/travis/build/icyphy/ptII/reports/junit" />
    <property name="npm.return.code" value="0" />
    <property name="user.dir" value="/home/travis/build/icyphy/ptII/ptolemy/domains/de/test" />
    <property name="env.XFILESEARCHPATH" value="/usr/dt/app-defaults/%L/Dt" />
    <property name="env.TRAVIS_NODE_VERSION" value="7" />
    <property name="env.TRAVIS_EVENT_TYPE" value="push" />
    <property name="env.MAIL" value="/var/mail/travis" />
    <property name="env.PWD" value="/home/travis/build/icyphy/ptII" />
    <property name="env.PERLBREW_ROOT" value="/home/travis/perl5/perlbrew" />
    <property name="timeout.npm" value="45000" />
    <property name="env.PT_TRAVIS_TEST_CORE2_XML" value="true" />
    <property name="env.PAGER" value="cat" />
    <property name="sun.cpu.endian" value="little" />
    <property name="env.TRAVIS_BUILD_STAGE_NAME" value="Test" />
    <property name="env.PERLBREW_HOME" value="/home/travis/.perlbrew" />
    <property name="java.vm.version" value="25.151-b12" />
    <property name="env.RAILS_ENV" value="test" />
    <property name="java.class.path" value="/home/travis/build/icyphy/ptII:/home/travis/build/icyphy/ptII/lib/bsh-2.0b4.jar:/home/travis/build/icyphy/ptII/lib/ptCal.jar:/home/travis/build/icyphy/ptII/lib/java_cup.jar:/home/travis/build/icyphy/ptII/lib/saxon8.jar:/home/travis/build/icyphy/ptII/lib/saxon8-dom.jar:/home/travis/build/icyphy/ptII/lib/chic.jar:/home/travis/build/icyphy/ptII/lib/ptcolt.jar:/usr/lib/jvm/java-8-oracle/lib/tools.jar:/usr/lib/eclipse/plugins/org.eclipse.jdt.core_3.8.2.dist.jar:/usr/lib/eclipse/plugins/org.eclipse.core.runtime_3.8.0.dist.jar:/usr/lib/eclipse/plugins/org.eclipse.osgi_3.8.1.dist.jar:/usr/lib/eclipse/plugins/org.eclipse.core.resources_3.8.1.dist.jar:/usr/lib/eclipse/plugins/org.eclipse.equinox.common_3.6.100.dist.jar:/usr/lib/eclipse/plugins/org.eclipse.core.jobs_3.5.200.dist.jar:/usr/lib/eclipse/plugins/org.eclipse.core.contenttype_3.4.200.dist.jar:/usr/lib/eclipse/plugins/org.eclipse.equinox.preferences_3.5.0.dist.jar:/usr/lib/eclipse/plugins/org.eclipse.text_3.5.200.dist.jar:/usr/lib/eclipse/plugins/org.eclipse.ui.workbench_3.8.1.dist.jar:/usr/lib/eclipse/plugins/org.eclipse.jface_3.8.0.dist.jar:/usr/lib/eclipse/plugins/org.eclipse.swt_3.8.2.jar:/usr/lib/eclipse/plugins/org.eclipse.jface.text_3.8.1.dist.jar:/usr/lib/eclipse/plugins/org.eclipse.ui.workbench.texteditor_3.8.0.dist.jar:/usr/lib/eclipse/plugins/org.eclipse.ui.editors_3.8.0.dist.jar:/usr/lib/eclipse/plugins/org.eclipse.core.commands_3.6.1.dist.jar:/usr/lib/eclipse/plugins/org.eclipse.equinox.registry_3.5.200.dist.jar:/usr/lib/eclipse/plugins/org.eclipse.ui.console_3.5.100.dist.jar:/usr/lib/eclipse/plugins/org.eclipse.ui.forms_3.5.200.dist.jar:/usr/lib/eclipse/plugins/org.eclipse.ui.ide_3.8.1.dist.jar:/home/travis/build/icyphy/ptII/vendors/oracle/dbxml.jar:/home/travis/build/icyphy/ptII/vendors/oracle/db.jar:/home/travis/build/icyphy/ptII/vendors/misc/itext/iText.jar:/home/travis/build/icyphy/ptII/lib/g4ltl.jar:/home/travis/build/icyphy/ptII/lib/StructuralCoder.jar:/home/travis/build/icyphy/ptII/lib/org-openide-util.jar:/home/travis/build/icyphy/ptII/lib/org-openide-util-lookup.jar:/home/travis/build/icyphy/ptII/lib/org-netbeans-api-visual.jar:/home/travis/build/icyphy/ptII/vendors/jai-1_1_2_01/lib/jai_core.jar:/home/travis/build/icyphy/ptII/vendors/jai-1_1_2_01/lib/jai_codec.jar:/home/travis/build/icyphy/ptII/lib/jcerti.jar:/home/travis/build/icyphy/ptII/lib/smack.jar:/home/travis/build/icyphy/ptII/lib/smackx.jar:/home/travis/build/icyphy/ptII/lib/jetty-all-8.1.5-v20120716.jar:/home/travis/build/icyphy/ptII/lib/javax.servlet-api-3.0.1.jar:/home/travis/build/icyphy/ptII/lib/javax.mail.jar:/home/travis/build/icyphy/ptII/vendors/JMF-2.1.1e/lib/jmf.jar:/home/travis/build/icyphy/ptII/lib/jna-4.0.0-variadic.jar:/home/travis/build/icyphy/ptII/vendors/misc/joystick/Joystick.jar:/home/travis/build/icyphy/ptII/lib/ptjacl.jar:/home/travis/build/icyphy/ptII/lib/jsoup-1.8.2.jar:/home/travis/build/icyphy/ptII/lib/junit-4.8.2.jar:/home/travis/build/icyphy/ptII/lib/JUnitParams-0.4.0.jar:/home/travis/build/icyphy/ptII/ptolemy/actor/lib/excel/jxl.jar:/home/travis/build/icyphy/ptII/lib/jython.jar:/home/travis/build/icyphy/ptII/lib/kieler.jar:/home/travis/build/icyphy/ptII/vendors/opencv/share/OpenCV/java/opencv-341.jar:/home/travis/build/icyphy/ptII/lib/oscP5.jar:/home/travis/build/icyphy/ptII/lib/nrjavaserial-3.11.0.devel.jar:/usr/share/java/j3dcore.jar:/usr/share/java/j3dutils.jar:/usr/share/java/vecmath.jar:/home/travis/build/icyphy/ptII/ptolemy/distributed/jini/jar/jini-core.jar:/home/travis/build/icyphy/ptII/ptolemy/distributed/jini/jar/jini-ext.jar:/home/travis/build/icyphy/ptII/ptolemy/distributed/jini/jar/sun-util.jar:/home/travis/build/icyphy/ptII/lib/protobuf-java-2.4.1.jar:/home/travis/build/icyphy/ptII/lib/org.eclipse.paho.client.mqttv3.jar:/home/travis/build/icyphy/ptII/ptserver/lib/hessian-4.0.7.jar:/home/travis/build/icyphy/ptII/ptserver/lib/wmqtt.jar:/home/travis/build/icyphy/ptII/lib/mapss.jar:/home/travis/build/icyphy/ptII/ptolemy/actor/ptalon/antlr/antlr.jar:/home/travis/build/icyphy/ptII/lib/JRI.jar:/home/travis/build/icyphy/ptII/lib/commons-lang-2.6.jar:/home/travis/build/icyphy/ptII/lib/commons-logging-1.1.1.jar:/home/travis/build/icyphy/ptII/lib/sootclasses.jar:/home/travis/build/icyphy/ptII/ptolemy/actor/lib/database/mysql-connector-java-5.1.6-bin.jar:/home/travis/build/icyphy/ptII/vendors/misc/sphinx4/sphinx4-data-5prealpha.jar:/home/travis/build/icyphy/ptII/vendors/misc/sphinx4/sphinx4-core-5prealpha.jar:/home/travis/build/icyphy/ptII/lib/PDFRenderer.jar:/home/travis/build/icyphy/ptII/lib/svgSalamander.jar:/home/travis/build/icyphy/ptII/lib/rsyntaxtextarea-2.6.0-SNAPSHOT.jar:/home/travis/build/icyphy/ptII/lib/hazelcast-3.8.2.jar:/home/travis/build/icyphy/ptII/lib/jackson-annotations-2.9.0.jar:/home/travis/build/icyphy/ptII/lib/jackson-core-2.9.3.jar:/home/travis/build/icyphy/ptII/lib/jackson-databind-2.9.3.jar:/home/travis/build/icyphy/ptII/lib/netty-buffer-4.1.19.Final.jar:/home/travis/build/icyphy/ptII/lib/netty-codec-4.1.19.Final.jar:/home/travis/build/icyphy/ptII/lib/netty-codec-dns-4.1.19.Final.jar:/home/travis/build/icyphy/ptII/lib/netty-codec-http-4.1.19.Final.jar:/home/travis/build/icyphy/ptII/lib/netty-codec-http2-4.1.19.Final.jar:/home/travis/build/icyphy/ptII/lib/netty-common-4.1.19.Final.jar:/home/travis/build/icyphy/ptII/lib/netty-handler-4.1.19.Final.jar:/home/travis/build/icyphy/ptII/lib/netty-resolver-4.1.19.Final.jar:/home/travis/build/icyphy/ptII/lib/netty-resolver-dns-4.1.19.Final.jar:/home/travis/build/icyphy/ptII/lib/netty-transport-4.1.19.Final.jar:/home/travis/build/icyphy/ptII/lib/vertx-codegen-3.5.1.jar:/home/travis/build/icyphy/ptII/lib/vertx-core-3.5.2-SNAPSHOT.jar:/home/travis/build/icyphy/ptII/lib/vertx-hazelcast-3.5.1.jar:/home/travis/build/icyphy/ptII/lib/vertx-lang-js-3.5.1.jar:/home/travis/build/icyphy/ptII/lib/vertx-service-proxy-3.5.1.jar:/home/travis/build/icyphy/ptII/lib/vertx-web-3.5.1.jar:/home/travis/build/icyphy/ptII/lib/slf4j-api-1.7.13.jar:/home/travis/build/icyphy/ptII/lib/slf4j-simple-1.7.13.jar:/home/travis/build/icyphy/ptII/lib/webcam-capture-0.3.12.jar:/home/travis/build/icyphy/ptII/lib/bridj-0.7.0.jar:/home/travis/build/icyphy/ptII/lib/xbjlib-1.1.0.nrjavaserial.jar:/home/travis/build/icyphy/ptII/ptolemy/moml/test:/home/travis/build/icyphy/ptII/ant/lib/ant-launcher.jar:/home/travis/build/icyphy/ptII/ant/lib/ant.jar:/home/travis/build/icyphy/ptII/ant/lib/ant-junit.jar:/home/travis/build/icyphy/ptII/ant/lib/ant-junit4.jar" />
    <property name="ant.library.dir" value="/home/travis/build/icyphy/ptII/ant/lib" />
    <property name="os.arch" value="amd64" />
    <property name="env.TRAVIS_LANGUAGE" value="node_js" />
    <property name="env.CONTINUOUS_INTEGRATION" value="true" />
    <property name="env.TRAVIS_STACK_LANGUAGES" value="__garnet__ c c++ clojure cplusplus cpp default go groovy java node_js php pure_java python ruby scala" />
    <property name="test.name" value="ptolemy.actor.lib.test.junit.JUnitTclTest" />
    <property name="sun.java.launcher" value="SUN_STANDARD" />
    <property name="env.PYTHON_CONFIGURE_OPTS" value="--enable-unicode=ucs4 --with-wide-unicode --enable-shared --enable-ipv6 --enable-loadable-sqlite-extensions --with-computed-gotos" />
    <property name="ant.core.lib" value="/home/travis/build/icyphy/ptII/ant/lib/ant.jar" />
    <property name="java.vm.specification.vendor" value="Oracle Corporation" />
    <property name="env.BCVTB_HOME" value="/home/travis/build/icyphy/ptII/lbnl" />
    <property name="file.separator" value="/" />
    <property name="spotbugs.home" value="/home/travis/build/icyphy/ptII/vendors/spotbugs-3.1.1" />
    <property name="java.runtime.version" value="1.8.0_151-b12" />
    <property name="sun.boot.class.path" value="/usr/lib/jvm/java-8-oracle/jre/lib/resources.jar:/usr/lib/jvm/java-8-oracle/jre/lib/rt.jar:/usr/lib/jvm/java-8-oracle/jre/lib/sunrsasign.jar:/usr/lib/jvm/java-8-oracle/jre/lib/jsse.jar:/usr/lib/jvm/java-8-oracle/jre/lib/jce.jar:/usr/lib/jvm/java-8-oracle/jre/lib/charsets.jar:/usr/lib/jvm/java-8-oracle/jre/lib/jfr.jar:/usr/lib/jvm/java-8-oracle/jre/classes" />
    <property name="env.HAS_JOSH_K_SEAL_OF_APPROVAL" value="true" />
    <property name="env.TRAVIS_OSX_IMAGE" value="" />
    <property name="env.XDG_RUNTIME_DIR" value="/run/user/2000" />
    <property name="env.TRAVIS_BRANCH" value="master" />
    <property name="env.TRAVIS_JOB_ID" value="377525632" />
    <property name="user.country" value="US" />
    <property name="env.CERTI_HOME_TRAVIS" value="/home/travis/pthla/certi-tools" />
    <property name="env.SHELL" value="/bin/bash" />
    <property name="java.maxmemory.large" value="5000m" />
    <property name="model" value="" />
    <property name="env.CASHER_DIR" value="/home/travis/.casher" />
    <property name="env.NVM_CD_FLAGS" value="" />
    <property name="jshint.executable" value="/home/travis/node_modules/jshint/bin/jshint" />
    <property name="java.vendor" value="Oracle Corporation" />
    <property name="env.JRUBY_OPTS" value=" --client -J-XX:+TieredCompilation -J-XX:TieredStopAtLevel=1 -J-Xss2m -Xcompile.invokedynamic=false" />
    <property name="env.TRAVIS_PRE_CHEF_BOOTSTRAP_TIME" value="2017-12-05T19:32:55" />
    <property name="env.ELIXIR_VERSION" value="1.4.5" />
    <property name="env.TRAVIS_STACK_JOB_BOARD_REGISTER" value="/.job-board-register.yml" />
    <property name="java.specification.version" value="1.8" />
    <property name="env.IRBRC" value="/home/travis/.rvm/rubies/ruby-2.4.1/.irbrc" />
    <property name="env.TRAVIS" value="true" />
    <property name="sun.arch.data.model" value="64" />
  </properties>
  <testcase classname="ptolemy.util.test.junit.TclTests" name="[0] /home/travis/build/icyphy/ptII/ptolemy/domains/de/test/DependencyLoop.tcl (RunTclFile)" time="0.692" />
  <testcase classname="ptolemy.util.test.junit.TclTests" name="[1] /home/travis/build/icyphy/ptII/ptolemy/domains/de/test/RunDETestsAsQSS.tcl (RunTclFile)" time="86.323" />
  <testcase classname="ptolemy.util.test.junit.AutoKnownFailedTests" name="[0] /home/travis/build/icyphy/ptII/ptolemy/domains/de/test/auto/knownFailedTests/DESDFClockTest.xml (RunModel)" time="2.03" />
  <testcase classname="ptolemy.util.test.junit.AutoKnownFailedTests" name="[1] /home/travis/build/icyphy/ptII/ptolemy/domains/de/test/auto/knownFailedTests/DirectFeedback.xml (RunModel)" time="0.011" />
  <testcase classname="ptolemy.util.test.junit.AutoKnownFailedTests" name="[2] /home/travis/build/icyphy/ptII/ptolemy/domains/de/test/auto/knownFailedTests/FSMSource.xml (RunModel)" time="0.027" />
  <testcase classname="ptolemy.util.test.junit.AutoKnownFailedTests" name="[3] /home/travis/build/icyphy/ptII/ptolemy/domains/de/test/auto/knownFailedTests/HierarchicalModel.xml (RunModel)" time="0.032" />
  <testcase classname="ptolemy.util.test.junit.AutoKnownFailedTests" name="[4] /home/travis/build/icyphy/ptII/ptolemy/domains/de/test/auto/knownFailedTests/dependencyLoop.xml (RunModel)" time="0.025" />
  <testcase classname="ptolemy.util.test.junit.AutoKnownFailedTests" name="[5] /home/travis/build/icyphy/ptII/ptolemy/domains/de/test/auto/knownFailedTests/dependencyLoop2.xml (RunModel)" time="0.031" />
  <testcase classname="ptolemy.util.test.junit.AutoNameArchTests" name="[0] ThereAreNoAutoTests (RunModel)" time="0.004" />
  <testcase classname="ptolemy.util.test.junit.AutoTests" name="[0] /home/travis/build/icyphy/ptII/ptolemy/domains/de/test/auto/ActorDepthCalculation_actorWithoutPorts.xml (RunModel)" time="0.017" />
  <testcase classname="ptolemy.util.test.junit.AutoTests" name="[1] /home/travis/build/icyphy/ptII/ptolemy/domains/de/test/auto/AssemblyLine.xml (RunModel)" time="0.02" />
  <testcase classname="ptolemy.util.test.junit.AutoTests" name="[2] /home/travis/build/icyphy/ptII/ptolemy/domains/de/test/auto/CQBug1.xml (RunModel)" time="0.007" />
  <testcase classname="ptolemy.util.test.junit.AutoTests" name="[3] /home/travis/build/icyphy/ptII/ptolemy/domains/de/test/auto/CancelFireAt.xml (RunModel)" time="0.009" />
  <testcase classname="ptolemy.util.test.junit.AutoTests" name="[4] /home/travis/build/icyphy/ptII/ptolemy/domains/de/test/auto/CausalityAndComposabilityAnalysis.xml (RunModel)" time="0.008" />
  <testcase classname="ptolemy.util.test.junit.AutoTests" name="[5] /home/travis/build/icyphy/ptII/ptolemy/domains/de/test/auto/CausalityInterface1.xml (RunModel)" time="0.01" />
  <testcase classname="ptolemy.util.test.junit.AutoTests" name="[6] /home/travis/build/icyphy/ptII/ptolemy/domains/de/test/auto/CausalityInterface15.xml (RunModel)" time="0.011" />
  <testcase classname="ptolemy.util.test.junit.AutoTests" name="[7] /home/travis/build/icyphy/ptII/ptolemy/domains/de/test/auto/CausalityInterface2.xml (RunModel)" time="0.007" />
  <testcase classname="ptolemy.util.test.junit.AutoTests" name="[8] /home/travis/build/icyphy/ptII/ptolemy/domains/de/test/auto/CausalityInterface3.xml (RunModel)" time="0.008" />
  <testcase classname="ptolemy.util.test.junit.AutoTests" name="[9] /home/travis/build/icyphy/ptII/ptolemy/domains/de/test/auto/ClockDrift.xml (RunModel)" time="0.024" />
  <testcase classname="ptolemy.util.test.junit.AutoTests" name="[10] /home/travis/build/icyphy/ptII/ptolemy/domains/de/test/auto/ClockDriftAndValueChange.xml (RunModel)" time="0.021" />
  <testcase classname="ptolemy.util.test.junit.AutoTests" name="[11] /home/travis/build/icyphy/ptII/ptolemy/domains/de/test/auto/ClockDriftChange.xml (RunModel)" time="0.019" />
  <testcase classname="ptolemy.util.test.junit.AutoTests" name="[12] /home/travis/build/icyphy/ptII/ptolemy/domains/de/test/auto/ComposableCausalityAnalysis.xml (RunModel)" time="0.01" />
  <testcase classname="ptolemy.util.test.junit.AutoTests" name="[13] /home/travis/build/icyphy/ptII/ptolemy/domains/de/test/auto/DEFixedPointLimitation.xml (RunModel)" time="0.007" />
  <testcase classname="ptolemy.util.test.junit.AutoTests" name="[14] /home/travis/build/icyphy/ptII/ptolemy/domains/de/test/auto/DEScheduleTest.xml (RunModel)" time="0.009" />
  <testcase classname="ptolemy.util.test.junit.AutoTests" name="[15] /home/travis/build/icyphy/ptII/ptolemy/domains/de/test/auto/DEinDEwithStartTimes.xml (RunModel)" time="0.01" />
  <testcase classname="ptolemy.util.test.junit.AutoTests" name="[16] /home/travis/build/icyphy/ptII/ptolemy/domains/de/test/auto/DEinDEwithStartTimes2.xml (RunModel)" time="0.009" />
  <testcase classname="ptolemy.util.test.junit.AutoTests" name="[17] /home/travis/build/icyphy/ptII/ptolemy/domains/de/test/auto/DateDemo.xml (RunModel)" time="0.019" />
  <testcase classname="ptolemy.util.test.junit.AutoTests" name="[18] /home/travis/build/icyphy/ptII/ptolemy/domains/de/test/auto/DateToEvent.xml (RunModel)" time="2.026" />
  <testcase classname="ptolemy.util.test.junit.AutoTests" name="[19] /home/travis/build/icyphy/ptII/ptolemy/domains/de/test/auto/DepthTest1.xml (RunModel)" time="0.013" />
  <testcase classname="ptolemy.util.test.junit.AutoTests" name="[20] /home/travis/build/icyphy/ptII/ptolemy/domains/de/test/auto/DepthTest2.xml (RunModel)" time="0.01" />
  <testcase classname="ptolemy.util.test.junit.AutoTests" name="[21] /home/travis/build/icyphy/ptII/ptolemy/domains/de/test/auto/DepthTest3.xml (RunModel)" time="0.005" />
  <testcase classname="ptolemy.util.test.junit.AutoTests" name="[22] /home/travis/build/icyphy/ptII/ptolemy/domains/de/test/auto/DepthTest4.xml (RunModel)" time="0.007" />
  <testcase classname="ptolemy.util.test.junit.AutoTests" name="[23] /home/travis/build/icyphy/ptII/ptolemy/domains/de/test/auto/DepthTest5.xml (RunModel)" time="0.009" />
  <testcase classname="ptolemy.util.test.junit.AutoTests" name="[24] /home/travis/build/icyphy/ptII/ptolemy/domains/de/test/auto/DepthTest6.xml (RunModel)" time="0.008" />
  <testcase classname="ptolemy.util.test.junit.AutoTests" name="[25] /home/travis/build/icyphy/ptII/ptolemy/domains/de/test/auto/DepthTest7.xml (RunModel)" time="0.013" />
  <testcase classname="ptolemy.util.test.junit.AutoTests" name="[26] /home/travis/build/icyphy/ptII/ptolemy/domains/de/test/auto/EventToDate.xml (RunModel)" time="3.032" />
  <testcase classname="ptolemy.util.test.junit.AutoTests" name="[27] /home/travis/build/icyphy/ptII/ptolemy/domains/de/test/auto/FSM1.xml (RunModel)" time="0.02" />
  <testcase classname="ptolemy.util.test.junit.AutoTests" name="[28] /home/travis/build/icyphy/ptII/ptolemy/domains/de/test/auto/FSM7.xml (RunModel)" time="0.018" />
  <testcase classname="ptolemy.util.test.junit.AutoTests" name="[29] /home/travis/build/icyphy/ptII/ptolemy/domains/de/test/auto/Inspection.xml (RunModel)" time="0.029" />
  <testcase classname="ptolemy.util.test.junit.AutoTests" name="[30] /home/travis/build/icyphy/ptII/ptolemy/domains/de/test/auto/Iteration.xml (RunModel)" time="0.012" />
  <testcase classname="ptolemy.util.test.junit.AutoTests" name="[31] /home/travis/build/icyphy/ptII/ptolemy/domains/de/test/auto/LineFault.xml (RunModel)" time="0.371" />
  <testcase classname="ptolemy.util.test.junit.AutoTests" name="[32] /home/travis/build/icyphy/ptII/ptolemy/domains/de/test/auto/MergeModel1Add.xml (RunModel)" time="0.03" />
  <testcase classname="ptolemy.util.test.junit.AutoTests" name="[33] /home/travis/build/icyphy/ptII/ptolemy/domains/de/test/auto/MergeModel2Add.xml (RunModel)" time="0.029" />
  <testcase classname="ptolemy.util.test.junit.AutoTests" name="[34] /home/travis/build/icyphy/ptII/ptolemy/domains/de/test/auto/MergeModel3Add.xml (RunModel)" time="0.029" />
  <testcase classname="ptolemy.util.test.junit.AutoTests" name="[35] /home/travis/build/icyphy/ptII/ptolemy/domains/de/test/auto/MergeWithoutDiscard.xml (RunModel)" time="0.009" />
  <testcase classname="ptolemy.util.test.junit.AutoTests" name="[36] /home/travis/build/icyphy/ptII/ptolemy/domains/de/test/auto/Modal1.xml (RunModel)" time="0.022" />
  <testcase classname="ptolemy.util.test.junit.AutoTests" name="[37] /home/travis/build/icyphy/ptII/ptolemy/domains/de/test/auto/Modal2.xml (RunModel)" time="0.022" />
  <testcase classname="ptolemy.util.test.junit.AutoTests" name="[38] /home/travis/build/icyphy/ptII/ptolemy/domains/de/test/auto/Modal3.xml (RunModel)" time="0.023" />
  <testcase classname="ptolemy.util.test.junit.AutoTests" name="[39] /home/travis/build/icyphy/ptII/ptolemy/domains/de/test/auto/Modal4.xml (RunModel)" time="0.023" />
  <testcase classname="ptolemy.util.test.junit.AutoTests" name="[40] /home/travis/build/icyphy/ptII/ptolemy/domains/de/test/auto/Modal5.xml (RunModel)" time="0.021" />
  <testcase classname="ptolemy.util.test.junit.AutoTests" name="[41] /home/travis/build/icyphy/ptII/ptolemy/domains/de/test/auto/Modal6.xml (RunModel)" time="0.018" />
  <testcase classname="ptolemy.util.test.junit.AutoTests" name="[42] /home/travis/build/icyphy/ptII/ptolemy/domains/de/test/auto/Modal7.xml (RunModel)" time="0.021" />
  <testcase classname="ptolemy.util.test.junit.AutoTests" name="[43] /home/travis/build/icyphy/ptII/ptolemy/domains/de/test/auto/ModalModel.xml (RunModel)" time="0.119" />
  <testcase classname="ptolemy.util.test.junit.AutoTests" name="[44] /home/travis/build/icyphy/ptII/ptolemy/domains/de/test/auto/ModalSource.xml (RunModel)" time="0.012" />
  <testcase classname="ptolemy.util.test.junit.AutoTests" name="[45] /home/travis/build/icyphy/ptII/ptolemy/domains/de/test/auto/NonInterruptibleTimerZeroDelay.xml (RunModel)" time="0.008" />
  <testcase classname="ptolemy.util.test.junit.AutoTests" name="[46] /home/travis/build/icyphy/ptII/ptolemy/domains/de/test/auto/OpenQueueingNetwork.xml (RunModel)" time="1.923" />
  <testcase classname="ptolemy.util.test.junit.AutoTests" name="[47] /home/travis/build/icyphy/ptII/ptolemy/domains/de/test/auto/OpenQueuingNetwork.xml (RunModel)" time="0.261" />
  <testcase classname="ptolemy.util.test.junit.AutoTests" name="[48] /home/travis/build/icyphy/ptII/ptolemy/domains/de/test/auto/PeriodicSampler.xml (RunModel)" time="0.01" />
  <testcase classname="ptolemy.util.test.junit.AutoTests" name="[49] /home/travis/build/icyphy/ptII/ptolemy/domains/de/test/auto/PersistentIO.xml (RunModel)" time="0.017" />
  <testcase classname="ptolemy.util.test.junit.AutoTests" name="[50] /home/travis/build/icyphy/ptII/ptolemy/domains/de/test/auto/PortParameterResetOnInitialize.xml (RunModel)" time="0.009" />
  <testcase classname="ptolemy.util.test.junit.AutoTests" name="[51] /home/travis/build/icyphy/ptII/ptolemy/domains/de/test/auto/PortParameterUpdates.xml (RunModel)" time="0.018" />
  <testcase classname="ptolemy.util.test.junit.AutoTests" name="[52] /home/travis/build/icyphy/ptII/ptolemy/domains/de/test/auto/QueueAndServer.xml (RunModel)" time="0.023" />
  <testcase classname="ptolemy.util.test.junit.AutoTests" name="[53] /home/travis/build/icyphy/ptII/ptolemy/domains/de/test/auto/Records.xml (RunModel)" time="0.019" />
  <testcase classname="ptolemy.util.test.junit.AutoTests" name="[54] /home/travis/build/icyphy/ptII/ptolemy/domains/de/test/auto/ResetTransitionWithStartTime1.xml (RunModel)" time="0.019" />
  <testcase classname="ptolemy.util.test.junit.AutoTests" name="[55] /home/travis/build/icyphy/ptII/ptolemy/domains/de/test/auto/ResetTransitionWithStartTime2.xml (RunModel)" time="0.017" />
  <testcase classname="ptolemy.util.test.junit.AutoTests" name="[56] /home/travis/build/icyphy/ptII/ptolemy/domains/de/test/auto/ResetTransitionWithStartTime3.xml (RunModel)" time="0.016" />
  <testcase classname="ptolemy.util.test.junit.AutoTests" name="[57] /home/travis/build/icyphy/ptII/ptolemy/domains/de/test/auto/ResetTransitionWithStartTime4.xml (RunModel)" time="0.02" />
  <testcase classname="ptolemy.util.test.junit.AutoTests" name="[58] /home/travis/build/icyphy/ptII/ptolemy/domains/de/test/auto/ResettableTimer1.xml (RunModel)" time="0.009" />
  <testcase classname="ptolemy.util.test.junit.AutoTests" name="[59] /home/travis/build/icyphy/ptII/ptolemy/domains/de/test/auto/ResettableTimer2.xml (RunModel)" time="0.014" />
  <testcase classname="ptolemy.util.test.junit.AutoTests" name="[60] /home/travis/build/icyphy/ptII/ptolemy/domains/de/test/auto/ResettableTimer3.xml (RunModel)" time="0.007" />
  <testcase classname="ptolemy.util.test.junit.AutoTests" name="[61] /home/travis/build/icyphy/ptII/ptolemy/domains/de/test/auto/ResettableTimer4.xml (RunModel)" time="0.008" />
  <testcase classname="ptolemy.util.test.junit.AutoTests" name="[62] /home/travis/build/icyphy/ptII/ptolemy/domains/de/test/auto/ResettableTimer5.xml (RunModel)" time="0.008" />
  <testcase classname="ptolemy.util.test.junit.AutoTests" name="[63] /home/travis/build/icyphy/ptII/ptolemy/domains/de/test/auto/ResettableTimer6.xml (RunModel)" time="0.009" />
  <testcase classname="ptolemy.util.test.junit.AutoTests" name="[64] /home/travis/build/icyphy/ptII/ptolemy/domains/de/test/auto/ServerZeroDelay.xml (RunModel)" time="0.008" />
  <testcase classname="ptolemy.util.test.junit.AutoTests" name="[65] /home/travis/build/icyphy/ptII/ptolemy/domains/de/test/auto/SmartSender.xml (RunModel)" time="3.009" />
  <testcase classname="ptolemy.util.test.junit.AutoTests" name="[66] /home/travis/build/icyphy/ptII/ptolemy/domains/de/test/auto/ThreadedComposite.xml (RunModel)" time="0.166" />
  <testcase classname="ptolemy.util.test.junit.AutoTests" name="[67] /home/travis/build/icyphy/ptII/ptolemy/domains/de/test/auto/Time.xml (RunModel)" time="0.427" />
  <testcase classname="ptolemy.util.test.junit.AutoTests" name="[68] /home/travis/build/icyphy/ptII/ptolemy/domains/de/test/auto/TimeDelayZeroDelay.xml (RunModel)" time="0.014" />
  <testcase classname="ptolemy.util.test.junit.AutoTests" name="[69] /home/travis/build/icyphy/ptII/ptolemy/domains/de/test/auto/TimerZeroDelay.xml (RunModel)" time="0.01" />
  <testcase classname="ptolemy.util.test.junit.AutoTests" name="[70] /home/travis/build/icyphy/ptII/ptolemy/domains/de/test/auto/TimingParadox.xml (RunModel)" time="0.359" />
  <testcase classname="ptolemy.util.test.junit.AutoTests" name="[71] /home/travis/build/icyphy/ptII/ptolemy/domains/de/test/auto/TransferInputs.xml (RunModel)" time="0.015" />
  <testcase classname="ptolemy.util.test.junit.AutoTests" name="[72] /home/travis/build/icyphy/ptII/ptolemy/domains/de/test/auto/TransferOutputs2.xml (RunModel)" time="0.027" />
  <testcase classname="ptolemy.util.test.junit.AutoTests" name="[73] /home/travis/build/icyphy/ptII/ptolemy/domains/de/test/auto/Trilateration.xml (RunModel)" time="11.177" />
  <testcase classname="ptolemy.util.test.junit.AutoTests" name="[74] /home/travis/build/icyphy/ptII/ptolemy/domains/de/test/auto/TwoSigmaDelta.xml (RunModel)" time="2.04" />
  <testcase classname="ptolemy.util.test.junit.AutoTests" name="[75] /home/travis/build/icyphy/ptII/ptolemy/domains/de/test/auto/VariableDelay.xml (RunModel)" time="0.009" />
  <testcase classname="ptolemy.util.test.junit.AutoTests" name="[76] /home/travis/build/icyphy/ptII/ptolemy/domains/de/test/auto/VariableDelay2.xml (RunModel)" time="0.015" />
  <testcase classname="ptolemy.util.test.junit.AutoTests" name="[77] /home/travis/build/icyphy/ptII/ptolemy/domains/de/test/auto/VariableDelayZeroDelay.xml (RunModel)" time="0.013" />
  <testcase classname="ptolemy.util.test.junit.AutoTests" name="[78] /home/travis/build/icyphy/ptII/ptolemy/domains/de/test/auto/VariableDelayZeroDelay2.xml (RunModel)" time="0.015" />
  <testcase classname="ptolemy.util.test.junit.AutoTests" name="[79] /home/travis/build/icyphy/ptII/ptolemy/domains/de/test/auto/deInCt.xml (RunModel)" time="0.019" />
  <testcase classname="ptolemy.util.test.junit.AutoTests" name="[80] /home/travis/build/icyphy/ptII/ptolemy/domains/de/test/auto/deInCt2.xml (RunModel)" time="0.016" />
  <testcase classname="ptolemy.util.test.junit.AutoTests" name="[81] /home/travis/build/icyphy/ptII/ptolemy/domains/de/test/auto/dynamicCausalityInterface1.xml (RunModel)" time="0.017" />
  <testcase classname="ptolemy.util.test.junit.AutoTests" name="[82] /home/travis/build/icyphy/ptII/ptolemy/domains/de/test/auto/fsm_de_test.xml (RunModel)" time="0.026" />
  <testcase classname="ptolemy.util.test.junit.AutoTests" name="[83] /home/travis/build/icyphy/ptII/ptolemy/domains/de/test/auto/functionDependencyReconstruction.xml (RunModel)" time="0.03" />
  <testcase classname="ptolemy.util.test.junit.AutoTests" name="[84] /home/travis/build/icyphy/ptII/ptolemy/domains/de/test/auto/multirate.xml (RunModel)" time="0.015" />
  <testcase classname="ptolemy.util.test.junit.AutoTests" name="[85] /home/travis/build/icyphy/ptII/ptolemy/domains/de/test/auto/multirate2.xml (RunModel)" time="0.016" />
  <testcase classname="ptolemy.util.test.junit.AutoTests" name="[86] /home/travis/build/icyphy/ptII/ptolemy/domains/de/test/auto/realtime.xml (RunModel)" time="10.01" />
  <testcase classname="ptolemy.util.test.junit.AutoTests" name="[87] /home/travis/build/icyphy/ptII/ptolemy/domains/de/test/auto/relationGroup.xml (RunModel)" time="0.018" />
  <testcase classname="ptolemy.util.test.junit.AutoTests" name="[88] /home/travis/build/icyphy/ptII/ptolemy/domains/de/test/auto/relationGroup2.xml (RunModel)" time="0.009" />
  <testcase classname="ptolemy.util.test.junit.AutoTests" name="[89] /home/travis/build/icyphy/ptII/ptolemy/domains/de/test/auto/sortWithOpaquePorts.xml (RunModel)" time="0.012" />
  <testcase classname="ptolemy.util.test.junit.AutoTests" name="[90] /home/travis/build/icyphy/ptII/ptolemy/domains/de/test/auto/transferInputsandOutputs.xml (RunModel)" time="0.02" />
  <testcase classname="ptolemy.util.test.junit.AutoTests" name="[91] /home/travis/build/icyphy/ptII/ptolemy/domains/de/test/auto/triggerType.xml (RunModel)" time="0.009" />
  <system-out><![CDATA[/home/travis/build/icyphy/ptII/ptolemy/domains/de/test/DependencyLoop.tcl
testDefs.tcl: setting time out to 9000 seconds at Fri May 11 00:40:53 UTC 2018
14 ms. Memory: 116224K Free: 95084K (82%)
10 ms. Memory: 146944K Free: 138678K (94%)
/home/travis/build/icyphy/ptII/ptolemy/domains/de/test/RunDETestsAsQSS.tcl
Run the DE tests using ptolemy.domains.qss.test.QSSDirectorTest, which extends QSSDirector and prints a message in the constructors.
------------------ testing $PTII/ptolemy/domains/de/test/auto/knownFailedTests/dependencyLoop.xml (Known Failure) 
7 ms. Memory: 146944K Free: 134403K (91%)


==== $PTIIhome/travis/build/icyphy/ptII/ptolemy/domains/de/test/../../../../: Auto Automatic test in file $PTII/ptolemy/domains/de/test/auto/knownFailedTests/dependencyLoop.xml
==== Contents of test case:

	    # FIXME: we should use $relativeFilename here, but it
	    # might have backslashes under Windows, which causes no end
	    # of trouble.
	    createAndExecute $file
	    list {}
	
.... Test generated KNOWN error:
    while executing
ptolemy.kernel.util.IllegalActionException: Found a zero delay loop containing .dependencyLoop.original
  in .dependencyLoop and .dependencyLoop.original
	at ptolemy.actor.util.CausalityInterfaceForComposites._computeOutputPortDepth(CausalityInterfaceForComposites.java:759)
	at ptolemy.actor.util.CausalityInterfaceForComposites._computeInputDepth(CausalityInterfaceForComposites.java:696)
	at ptolemy.actor.util.CausalityInterfaceForComposites._computeOutputPortDepth(CausalityInterfaceForComposites.java:765)
	at ptolemy.actor.util.CausalityInterfaceForComposites._computeInputDepth(CausalityInterfaceForComposites.java:696)
	at ptolemy.actor.util.CausalityInterfaceForComposites._computeOutputPortDepth(CausalityInterfaceForComposites.java:765)
	at ptolemy.actor.util.CausalityInterfaceForComposites._computeInputDepth(CausalityInterfaceForComposites.java:696)
	at ptolemy.actor.util.CausalityInterfaceForComposites._computeActorDepth(CausalityInterfaceForComposites.java:532)
	at ptolemy.actor.util.CausalityInterfaceForComposites.checkForCycles(CausalityInterfaceForComposites.java:96)
	at ptolemy.domains.de.kernel.DEDirector.preinitialize(DEDirector.java:1337)
	at ptolemy.actor.CompositeActor.preinitialize(CompositeActor.java:1828)
	at ptolemy.actor.Manager.preinitializeAndResolveTypes(Manager.java:1040)
	at ptolemy.actor.Manager.initialize(Manager.java:710)
	at ptolemy.actor.Manager.execute(Manager.java:356)
	at ptolemy.actor.Manager.run(Manager.java:1263)
	at ptolemy.actor.Manager$PtolemyRunThread.run(Manager.java:1915)

    while executing
ptolemy.kernel.util.IllegalActionException: Found a zero delay loop containing .dependencyLoop.original
  in .dependencyLoop and .dependencyLoop.original
    while executing
"java::new ptolemy.moml.MoMLSimpleApplication $file
"
    (procedure "createAndExecute" line 2)
    invoked from within
"createAndExecute $file"
    ("uplevel" body line 5)
    invoked from within
"uplevel $contents_of_test"
------------------ testing $PTII/ptolemy/domains/de/test/auto/knownFailedTests/DESDFClockTest.xml (Known Failure) 
2067 ms. Memory: 146944K Free: 118948K (81%)


==== $PTIIhome/travis/build/icyphy/ptII/ptolemy/domains/de/test/../../../../: Auto Automatic test in file $PTII/ptolemy/domains/de/test/auto/knownFailedTests/DESDFClockTest.xml
==== Contents of test case:

	    # FIXME: we should use $relativeFilename here, but it
	    # might have backslashes under Windows, which causes no end
	    # of trouble.
	    createAndExecute $file
	    list {}
	
.... Test generated KNOWN error:
    while executing
ptolemy.kernel.util.IllegalActionException: Actor is not ready to fire.  Perhaps UpSample.prefire() returned false? Try debugging the actor by selecting "Listen to Actor".  Also, for SDF check moml for tokenConsumptionRate on input.
  in .DESDFClockTest.Play Bell.Copy1:SDF Director and .DESDFClockTest.Play Bell.UpSample
	at ptolemy.actor.sched.StaticSchedulingDirector.fire(StaticSchedulingDirector.java:227)
	at ptolemy.domains.sdf.kernel.SDFDirector.fire(SDFDirector.java:500)
	at ptolemy.actor.CompositeActor.fire(CompositeActor.java:455)
	at ptolemy.domains.de.kernel.DEDirector._fire(DEDirector.java:1948)
	at ptolemy.domains.de.kernel.DEDirector.fire(DEDirector.java:502)
	at ptolemy.actor.CompositeActor.fire(CompositeActor.java:455)
	at ptolemy.actor.Manager.iterate(Manager.java:851)
	at ptolemy.actor.Manager.execute(Manager.java:369)
	at ptolemy.actor.Manager.run(Manager.java:1263)
	at ptolemy.actor.Manager$PtolemyRunThread.run(Manager.java:1915)

    while executing
ptolemy.kernel.util.IllegalActionException: Actor is not ready to fire.  Perhaps UpSample.prefire() returned false? Try debugging the actor by selecting "Listen to Actor".  Also, for SDF check moml for tokenConsumptionRate on input.
  in .DESDFClockTest.Play Bell.Copy1:SDF Director and .DESDFClockTest.Play Bell.UpSample
    while executing
"java::new ptolemy.moml.MoMLSimpleApplication $file
"
    (procedure "createAndExecute" line 2)
    invoked from within
"createAndExecute $file"
    ("uplevel" body line 5)
    invoked from within
"uplevel $contents_of_test"
------------------ testing $PTII/ptolemy/domains/de/test/auto/knownFailedTests/FSMSource.xml (Known Failure) 
36 ms. Memory: 146944K Free: 109963K (75%)
!!!! Auto was marked as failing, but now passes
------------------ testing $PTII/ptolemy/domains/de/test/auto/knownFailedTests/dependencyLoop2.xml (Known Failure) 
5 ms. Memory: 146944K Free: 108080K (74%)


==== $PTIIhome/travis/build/icyphy/ptII/ptolemy/domains/de/test/../../../../: Auto Automatic test in file $PTII/ptolemy/domains/de/test/auto/knownFailedTests/dependencyLoop2.xml
==== Contents of test case:

	    # FIXME: we should use $relativeFilename here, but it
	    # might have backslashes under Windows, which causes no end
	    # of trouble.
	    createAndExecute $file
	    list {}
	
.... Test generated KNOWN error:
    while executing
ptolemy.kernel.util.IllegalActionException: Found a zero delay loop containing .dependencyLoop2.original
  in .dependencyLoop2 and .dependencyLoop2.original
	at ptolemy.actor.util.CausalityInterfaceForComposites._computeOutputPortDepth(CausalityInterfaceForComposites.java:759)
	at ptolemy.actor.util.CausalityInterfaceForComposites._computeInputDepth(CausalityInterfaceForComposites.java:696)
	at ptolemy.actor.util.CausalityInterfaceForComposites._computeOutputPortDepth(CausalityInterfaceForComposites.java:765)
	at ptolemy.actor.util.CausalityInterfaceForComposites._computeInputDepth(CausalityInterfaceForComposites.java:696)
	at ptolemy.actor.util.CausalityInterfaceForComposites._computeOutputPortDepth(CausalityInterfaceForComposites.java:765)
	at ptolemy.actor.util.CausalityInterfaceForComposites._computeInputDepth(CausalityInterfaceForComposites.java:696)
	at ptolemy.actor.util.CausalityInterfaceForComposites._computeActorDepth(CausalityInterfaceForComposites.java:532)
	at ptolemy.actor.util.CausalityInterfaceForComposites.checkForCycles(CausalityInterfaceForComposites.java:96)
	at ptolemy.domains.de.kernel.DEDirector.preinitialize(DEDirector.java:1337)
	at ptolemy.actor.CompositeActor.preinitialize(CompositeActor.java:1828)
	at ptolemy.actor.Manager.preinitializeAndResolveTypes(Manager.java:1040)
	at ptolemy.actor.Manager.initialize(Manager.java:710)
	at ptolemy.actor.Manager.execute(Manager.java:356)
	at ptolemy.actor.Manager.run(Manager.java:1263)
	at ptolemy.actor.Manager$PtolemyRunThread.run(Manager.java:1915)

    while executing
ptolemy.kernel.util.IllegalActionException: Found a zero delay loop containing .dependencyLoop2.original
  in .dependencyLoop2 and .dependencyLoop2.original
    while executing
"java::new ptolemy.moml.MoMLSimpleApplication $file
"
    (procedure "createAndExecute" line 2)
    invoked from within
"createAndExecute $file"
    ("uplevel" body line 5)
    invoked from within
"uplevel $contents_of_test"
------------------ testing $PTII/ptolemy/domains/de/test/auto/knownFailedTests/HierarchicalModel.xml (Known Failure) 
4 ms. Memory: 146944K Free: 87473K (60%)


==== $PTIIhome/travis/build/icyphy/ptII/ptolemy/domains/de/test/../../../../: Auto Automatic test in file $PTII/ptolemy/domains/de/test/auto/knownFailedTests/HierarchicalModel.xml
==== Contents of test case:

	    # FIXME: we should use $relativeFilename here, but it
	    # might have backslashes under Windows, which causes no end
	    # of trouble.
	    createAndExecute $file
	    list {}
	
.... Test generated KNOWN error:
    while executing
ptolemy.kernel.util.IllegalActionException: Found a zero delay loop containing .HierarchicalModel.A
  in .HierarchicalModel and .HierarchicalModel.A
	at ptolemy.actor.util.CausalityInterfaceForComposites._computeOutputPortDepth(CausalityInterfaceForComposites.java:759)
	at ptolemy.actor.util.CausalityInterfaceForComposites._computeInputDepth(CausalityInterfaceForComposites.java:696)
	at ptolemy.actor.util.CausalityInterfaceForComposites._computeOutputPortDepth(CausalityInterfaceForComposites.java:765)
	at ptolemy.actor.util.CausalityInterfaceForComposites._computeInputDepth(CausalityInterfaceForComposites.java:696)
	at ptolemy.actor.util.CausalityInterfaceForComposites._computeOutputPortDepth(CausalityInterfaceForComposites.java:765)
	at ptolemy.actor.util.CausalityInterfaceForComposites._computeInputDepth(CausalityInterfaceForComposites.java:696)
	at ptolemy.actor.util.CausalityInterfaceForComposites._computeActorDepth(CausalityInterfaceForComposites.java:532)
	at ptolemy.actor.util.CausalityInterfaceForComposites.checkForCycles(CausalityInterfaceForComposites.java:96)
	at ptolemy.domains.de.kernel.DEDirector.preinitialize(DEDirector.java:1337)
	at ptolemy.actor.CompositeActor.preinitialize(CompositeActor.java:1828)
	at ptolemy.actor.Manager.preinitializeAndResolveTypes(Manager.java:1040)
	at ptolemy.actor.Manager.initialize(Manager.java:710)
	at ptolemy.actor.Manager.execute(Manager.java:356)
	at ptolemy.actor.Manager.run(Manager.java:1263)
	at ptolemy.actor.Manager$PtolemyRunThread.run(Manager.java:1915)

    while executing
ptolemy.kernel.util.IllegalActionException: Found a zero delay loop containing .HierarchicalModel.A
  in .HierarchicalModel and .HierarchicalModel.A
    while executing
"java::new ptolemy.moml.MoMLSimpleApplication $file
"
    (procedure "createAndExecute" line 2)
    invoked from within
"createAndExecute $file"
    ("uplevel" body line 5)
    invoked from within
"uplevel $contents_of_test"
------------------ testing $PTII/ptolemy/domains/de/test/auto/knownFailedTests/DirectFeedback.xml (Known Failure) 
4 ms. Memory: 146944K Free: 82140K (56%)


==== $PTIIhome/travis/build/icyphy/ptII/ptolemy/domains/de/test/../../../../: Auto Automatic test in file $PTII/ptolemy/domains/de/test/auto/knownFailedTests/DirectFeedback.xml
==== Contents of test case:

	    # FIXME: we should use $relativeFilename here, but it
	    # might have backslashes under Windows, which causes no end
	    # of trouble.
	    createAndExecute $file
	    list {}
	
.... Test generated KNOWN error:
    while executing
ptolemy.kernel.util.IllegalActionException: Test fails in iteration 1.
Value was: 1.0. Should have been: 2.0
  in .DirectFeedback.Test
	at ptolemy.actor.lib.Test.fire(Test.java:268)
	at ptolemy.domains.de.kernel.DEDirector._fire(DEDirector.java:1948)
	at ptolemy.domains.de.kernel.DEDirector.fire(DEDirector.java:502)
	at ptolemy.actor.CompositeActor.fire(CompositeActor.java:455)
	at ptolemy.actor.Manager.iterate(Manager.java:851)
	at ptolemy.actor.Manager.execute(Manager.java:369)
	at ptolemy.actor.Manager.run(Manager.java:1263)
	at ptolemy.actor.Manager$PtolemyRunThread.run(Manager.java:1915)

    while executing
ptolemy.kernel.util.IllegalActionException: Test fails in iteration 1.
Value was: 1.0. Should have been: 2.0
  in .DirectFeedback.Test
    while executing
"java::new ptolemy.moml.MoMLSimpleApplication $file
"
    (procedure "createAndExecute" line 2)
    invoked from within
"createAndExecute $file"
    ("uplevel" body line 5)
    invoked from within
"uplevel $contents_of_test"
------------------ testing $PTII/ptolemy/domains/de/test/auto/ActorDepthCalculation_actorWithoutPorts.xml
auto.tcl: Setting watchdog for 200 seconds at Fri May 11 00:40:56 UTC 2018
10 ms. Memory: 146944K Free: 134844K (92%)
ptolemy.util.test.WatchDog.cancel(): canceling Fri May 11 00:40:56 UTC 2018
auto.tcl: Setting watchdog for 200 seconds at Fri May 11 00:40:56 UTC 2018
4 ms. Memory: 146944K Free: 132777K (90%)
ptolemy.util.test.WatchDog.cancel(): canceling Fri May 11 00:40:56 UTC 2018
------------------ testing $PTII/ptolemy/domains/de/test/auto/AssemblyLine.xml
auto.tcl: Setting watchdog for 200 seconds at Fri May 11 00:40:57 UTC 2018
22 ms. Memory: 208384K Free: 181511K (87%)
ptolemy.util.test.WatchDog.cancel(): canceling Fri May 11 00:40:57 UTC 2018
auto.tcl: Setting watchdog for 200 seconds at Fri May 11 00:40:57 UTC 2018
6 ms. Memory: 208384K Free: 181511K (87%)
ptolemy.util.test.WatchDog.cancel(): canceling Fri May 11 00:40:57 UTC 2018
------------------ testing $PTII/ptolemy/domains/de/test/auto/CQBug1.xml
auto.tcl: Setting watchdog for 200 seconds at Fri May 11 00:40:57 UTC 2018
3 ms. Memory: 208384K Free: 196438K (94%)
ptolemy.util.test.WatchDog.cancel(): canceling Fri May 11 00:40:57 UTC 2018
auto.tcl: Setting watchdog for 200 seconds at Fri May 11 00:40:57 UTC 2018
2 ms. Memory: 208384K Free: 196438K (94%)
ptolemy.util.test.WatchDog.cancel(): canceling Fri May 11 00:40:57 UTC 2018
------------------ testing $PTII/ptolemy/domains/de/test/auto/CancelFireAt.xml
auto.tcl: Setting watchdog for 200 seconds at Fri May 11 00:40:57 UTC 2018
4 ms. Memory: 208384K Free: 201413K (97%)
ptolemy.util.test.WatchDog.cancel(): canceling Fri May 11 00:40:57 UTC 2018
auto.tcl: Setting watchdog for 200 seconds at Fri May 11 00:40:57 UTC 2018
5 ms. Memory: 208384K Free: 199287K (96%)
ptolemy.util.test.WatchDog.cancel(): canceling Fri May 11 00:40:57 UTC 2018
------------------ testing $PTII/ptolemy/domains/de/test/auto/CausalityAndComposabilityAnalysis.xml
auto.tcl: Setting watchdog for 200 seconds at Fri May 11 00:40:57 UTC 2018
20 ms. Memory: 208384K Free: 198885K (95%)
ptolemy.util.test.WatchDog.cancel(): canceling Fri May 11 00:40:57 UTC 2018
auto.tcl: Setting watchdog for 200 seconds at Fri May 11 00:40:57 UTC 2018
13 ms. Memory: 208384K Free: 196421K (94%)
ptolemy.util.test.WatchDog.cancel(): canceling Fri May 11 00:40:57 UTC 2018
------------------ testing $PTII/ptolemy/domains/de/test/auto/CausalityInterface1.xml
auto.tcl: Setting watchdog for 200 seconds at Fri May 11 00:40:57 UTC 2018
10 ms. Memory: 208384K Free: 196359K (94%)
ptolemy.util.test.WatchDog.cancel(): canceling Fri May 11 00:40:57 UTC 2018
auto.tcl: Setting watchdog for 200 seconds at Fri May 11 00:40:57 UTC 2018
4 ms. Memory: 208384K Free: 196359K (94%)
ptolemy.util.test.WatchDog.cancel(): canceling Fri May 11 00:40:57 UTC 2018
------------------ testing $PTII/ptolemy/domains/de/test/auto/CausalityInterface15.xml
auto.tcl: Setting watchdog for 200 seconds at Fri May 11 00:40:57 UTC 2018
4 ms. Memory: 208384K Free: 196349K (94%)
ptolemy.util.test.WatchDog.cancel(): canceling Fri May 11 00:40:57 UTC 2018
auto.tcl: Setting watchdog for 200 seconds at Fri May 11 00:40:57 UTC 2018
7 ms. Memory: 208384K Free: 196349K (94%)
ptolemy.util.test.WatchDog.cancel(): canceling Fri May 11 00:40:57 UTC 2018
------------------ testing $PTII/ptolemy/domains/de/test/auto/CausalityInterface2.xml
auto.tcl: Setting watchdog for 200 seconds at Fri May 11 00:40:57 UTC 2018
3 ms. Memory: 208384K Free: 196332K (94%)
ptolemy.util.test.WatchDog.cancel(): canceling Fri May 11 00:40:57 UTC 2018
auto.tcl: Setting watchdog for 200 seconds at Fri May 11 00:40:57 UTC 2018
7 ms. Memory: 208384K Free: 196332K (94%)
ptolemy.util.test.WatchDog.cancel(): canceling Fri May 11 00:40:57 UTC 2018
------------------ testing $PTII/ptolemy/domains/de/test/auto/CausalityInterface3.xml
auto.tcl: Setting watchdog for 200 seconds at Fri May 11 00:40:57 UTC 2018
6 ms. Memory: 208384K Free: 196345K (94%)
ptolemy.util.test.WatchDog.cancel(): canceling Fri May 11 00:40:58 UTC 2018
auto.tcl: Setting watchdog for 200 seconds at Fri May 11 00:40:58 UTC 2018
4 ms. Memory: 208384K Free: 196345K (94%)
ptolemy.util.test.WatchDog.cancel(): canceling Fri May 11 00:40:58 UTC 2018
------------------ testing $PTII/ptolemy/domains/de/test/auto/ClockDrift.xml
auto.tcl: Setting watchdog for 200 seconds at Fri May 11 00:40:58 UTC 2018
86 ms. Memory: 208384K Free: 187495K (90%)
ptolemy.util.test.WatchDog.cancel(): canceling Fri May 11 00:40:58 UTC 2018
auto.tcl: Setting watchdog for 200 seconds at Fri May 11 00:40:58 UTC 2018
32 ms. Memory: 208384K Free: 185369K (89%)
ptolemy.util.test.WatchDog.cancel(): canceling Fri May 11 00:40:58 UTC 2018
------------------ testing $PTII/ptolemy/domains/de/test/auto/ClockDriftAndValueChange.xml
auto.tcl: Setting watchdog for 200 seconds at Fri May 11 00:40:58 UTC 2018
49 ms. Memory: 208384K Free: 187332K (90%)
ptolemy.util.test.WatchDog.cancel(): canceling Fri May 11 00:40:58 UTC 2018
auto.tcl: Setting watchdog for 200 seconds at Fri May 11 00:40:58 UTC 2018
20 ms. Memory: 208384K Free: 185206K (89%)
ptolemy.util.test.WatchDog.cancel(): canceling Fri May 11 00:40:58 UTC 2018
------------------ testing $PTII/ptolemy/domains/de/test/auto/ClockDriftChange.xml
auto.tcl: Setting watchdog for 200 seconds at Fri May 11 00:40:58 UTC 2018
35 ms. Memory: 208384K Free: 190680K (92%)
ptolemy.util.test.WatchDog.cancel(): canceling Fri May 11 00:40:58 UTC 2018
auto.tcl: Setting watchdog for 200 seconds at Fri May 11 00:40:58 UTC 2018
22 ms. Memory: 208384K Free: 188554K (90%)
ptolemy.util.test.WatchDog.cancel(): canceling Fri May 11 00:40:58 UTC 2018
------------------ testing $PTII/ptolemy/domains/de/test/auto/ComposableCausalityAnalysis.xml
auto.tcl: Setting watchdog for 200 seconds at Fri May 11 00:40:58 UTC 2018
2 ms. Memory: 208384K Free: 196191K (94%)
ptolemy.util.test.WatchDog.cancel(): canceling Fri May 11 00:40:58 UTC 2018
auto.tcl: Setting watchdog for 200 seconds at Fri May 11 00:40:58 UTC 2018
2 ms. Memory: 208384K Free: 194065K (93%)
ptolemy.util.test.WatchDog.cancel(): canceling Fri May 11 00:40:58 UTC 2018
------------------ testing $PTII/ptolemy/domains/de/test/auto/DEFixedPointLimitation.xml
auto.tcl: Setting watchdog for 200 seconds at Fri May 11 00:40:58 UTC 2018
5 ms. Memory: 208384K Free: 198398K (95%)
ptolemy.util.test.WatchDog.cancel(): canceling Fri May 11 00:40:58 UTC 2018
auto.tcl: Setting watchdog for 200 seconds at Fri May 11 00:40:58 UTC 2018
5 ms. Memory: 208384K Free: 196272K (94%)
ptolemy.util.test.WatchDog.cancel(): canceling Fri May 11 00:40:58 UTC 2018
------------------ testing $PTII/ptolemy/domains/de/test/auto/DEScheduleTest.xml
auto.tcl: Setting watchdog for 200 seconds at Fri May 11 00:40:58 UTC 2018
8 ms. Memory: 208384K Free: 198772K (95%)
ptolemy.util.test.WatchDog.cancel(): canceling Fri May 11 00:40:58 UTC 2018
auto.tcl: Setting watchdog for 200 seconds at Fri May 11 00:40:58 UTC 2018
8 ms. Memory: 208384K Free: 196307K (94%)
ptolemy.util.test.WatchDog.cancel(): canceling Fri May 11 00:40:58 UTC 2018
------------------ testing $PTII/ptolemy/domains/de/test/auto/DEinDEwithStartTimes.xml
auto.tcl: Setting watchdog for 200 seconds at Fri May 11 00:40:58 UTC 2018
8 ms. Memory: 208384K Free: 196277K (94%)
ptolemy.util.test.WatchDog.cancel(): canceling Fri May 11 00:40:58 UTC 2018
auto.tcl: Setting watchdog for 200 seconds at Fri May 11 00:40:58 UTC 2018
4 ms. Memory: 208384K Free: 194150K (93%)
ptolemy.util.test.WatchDog.cancel(): canceling Fri May 11 00:40:58 UTC 2018
------------------ testing $PTII/ptolemy/domains/de/test/auto/DEinDEwithStartTimes2.xml
auto.tcl: Setting watchdog for 200 seconds at Fri May 11 00:40:58 UTC 2018
4 ms. Memory: 208384K Free: 196256K (94%)
ptolemy.util.test.WatchDog.cancel(): canceling Fri May 11 00:40:59 UTC 2018
auto.tcl: Setting watchdog for 200 seconds at Fri May 11 00:40:59 UTC 2018
4 ms. Memory: 208384K Free: 194130K (93%)
ptolemy.util.test.WatchDog.cancel(): canceling Fri May 11 00:40:59 UTC 2018
------------------ testing $PTII/ptolemy/domains/de/test/auto/DateDemo.xml
auto.tcl: Setting watchdog for 200 seconds at Fri May 11 00:40:59 UTC 2018
17 ms. Memory: 208384K Free: 188614K (91%)
ptolemy.util.test.WatchDog.cancel(): canceling Fri May 11 00:40:59 UTC 2018
auto.tcl: Setting watchdog for 200 seconds at Fri May 11 00:40:59 UTC 2018
8 ms. Memory: 208384K Free: 186488K (89%)
ptolemy.util.test.WatchDog.cancel(): canceling Fri May 11 00:40:59 UTC 2018
------------------ testing $PTII/ptolemy/domains/de/test/auto/DateToEvent.xml
auto.tcl: Setting watchdog for 200 seconds at Fri May 11 00:40:59 UTC 2018
2011 ms. Memory: 208384K Free: 183233K (88%)
ptolemy.util.test.WatchDog.cancel(): canceling Fri May 11 00:41:01 UTC 2018
auto.tcl: Setting watchdog for 200 seconds at Fri May 11 00:41:01 UTC 2018
2005 ms. Memory: 208384K Free: 180776K (87%)
ptolemy.util.test.WatchDog.cancel(): canceling Fri May 11 00:41:03 UTC 2018
------------------ testing $PTII/ptolemy/domains/de/test/auto/DepthTest1.xml
auto.tcl: Setting watchdog for 200 seconds at Fri May 11 00:41:03 UTC 2018
3 ms. Memory: 208384K Free: 197960K (95%)
ptolemy.util.test.WatchDog.cancel(): canceling Fri May 11 00:41:03 UTC 2018
auto.tcl: Setting watchdog for 200 seconds at Fri May 11 00:41:03 UTC 2018
2 ms. Memory: 208384K Free: 197960K (95%)
ptolemy.util.test.WatchDog.cancel(): canceling Fri May 11 00:41:03 UTC 2018
------------------ testing $PTII/ptolemy/domains/de/test/auto/DepthTest2.xml
auto.tcl: Setting watchdog for 200 seconds at Fri May 11 00:41:03 UTC 2018
6 ms. Memory: 208384K Free: 193658K (93%)
ptolemy.util.test.WatchDog.cancel(): canceling Fri May 11 00:41:03 UTC 2018
auto.tcl: Setting watchdog for 200 seconds at Fri May 11 00:41:03 UTC 2018
6 ms. Memory: 208384K Free: 193658K (93%)
ptolemy.util.test.WatchDog.cancel(): canceling Fri May 11 00:41:03 UTC 2018
------------------ testing $PTII/ptolemy/domains/de/test/auto/DepthTest3.xml
auto.tcl: Setting watchdog for 200 seconds at Fri May 11 00:41:03 UTC 2018
6 ms. Memory: 208384K Free: 198149K (95%)
ptolemy.util.test.WatchDog.cancel(): canceling Fri May 11 00:41:03 UTC 2018
auto.tcl: Setting watchdog for 200 seconds at Fri May 11 00:41:03 UTC 2018
4 ms. Memory: 208384K Free: 198149K (95%)
ptolemy.util.test.WatchDog.cancel(): canceling Fri May 11 00:41:03 UTC 2018
------------------ testing $PTII/ptolemy/domains/de/test/auto/DepthTest4.xml
auto.tcl: Setting watchdog for 200 seconds at Fri May 11 00:41:03 UTC 2018
3 ms. Memory: 208384K Free: 195773K (94%)
ptolemy.util.test.WatchDog.cancel(): canceling Fri May 11 00:41:03 UTC 2018
auto.tcl: Setting watchdog for 200 seconds at Fri May 11 00:41:03 UTC 2018
3 ms. Memory: 208384K Free: 195773K (94%)
ptolemy.util.test.WatchDog.cancel(): canceling Fri May 11 00:41:03 UTC 2018
------------------ testing $PTII/ptolemy/domains/de/test/auto/DepthTest5.xml
auto.tcl: Setting watchdog for 200 seconds at Fri May 11 00:41:03 UTC 2018
5 ms. Memory: 208384K Free: 196056K (94%)
ptolemy.util.test.WatchDog.cancel(): canceling Fri May 11 00:41:03 UTC 2018
auto.tcl: Setting watchdog for 200 seconds at Fri May 11 00:41:03 UTC 2018
1 ms. Memory: 208384K Free: 196056K (94%)
ptolemy.util.test.WatchDog.cancel(): canceling Fri May 11 00:41:03 UTC 2018
------------------ testing $PTII/ptolemy/domains/de/test/auto/DepthTest6.xml
auto.tcl: Setting watchdog for 200 seconds at Fri May 11 00:41:03 UTC 2018
9 ms. Memory: 208384K Free: 196017K (94%)
ptolemy.util.test.WatchDog.cancel(): canceling Fri May 11 00:41:03 UTC 2018
auto.tcl: Setting watchdog for 200 seconds at Fri May 11 00:41:03 UTC 2018
2 ms. Memory: 208384K Free: 196017K (94%)
ptolemy.util.test.WatchDog.cancel(): canceling Fri May 11 00:41:03 UTC 2018
------------------ testing $PTII/ptolemy/domains/de/test/auto/DepthTest7.xml
auto.tcl: Setting watchdog for 200 seconds at Fri May 11 00:41:03 UTC 2018
5 ms. Memory: 208384K Free: 194447K (93%)
ptolemy.util.test.WatchDog.cancel(): canceling Fri May 11 00:41:03 UTC 2018
auto.tcl: Setting watchdog for 200 seconds at Fri May 11 00:41:03 UTC 2018
2 ms. Memory: 208384K Free: 194447K (93%)
ptolemy.util.test.WatchDog.cancel(): canceling Fri May 11 00:41:03 UTC 2018
------------------ testing $PTII/ptolemy/domains/de/test/auto/EventToDate.xml
auto.tcl: Setting watchdog for 200 seconds at Fri May 11 00:41:03 UTC 2018
3005 ms. Memory: 208384K Free: 185065K (89%)
ptolemy.util.test.WatchDog.cancel(): canceling Fri May 11 00:41:06 UTC 2018
auto.tcl: Setting watchdog for 200 seconds at Fri May 11 00:41:06 UTC 2018
3004 ms. Memory: 208384K Free: 185065K (89%)
ptolemy.util.test.WatchDog.cancel(): canceling Fri May 11 00:41:09 UTC 2018
------------------ testing $PTII/ptolemy/domains/de/test/auto/FSM1.xml
auto.tcl: Setting watchdog for 200 seconds at Fri May 11 00:41:10 UTC 2018
33 ms. Memory: 208384K Free: 188675K (91%)
ptolemy.util.test.WatchDog.cancel(): canceling Fri May 11 00:41:10 UTC 2018
auto.tcl: Setting watchdog for 200 seconds at Fri May 11 00:41:10 UTC 2018
35 ms. Memory: 208384K Free: 184422K (89%)
ptolemy.util.test.WatchDog.cancel(): canceling Fri May 11 00:41:10 UTC 2018
------------------ testing $PTII/ptolemy/domains/de/test/auto/FSM7.xml
auto.tcl: Setting watchdog for 200 seconds at Fri May 11 00:41:10 UTC 2018
25 ms. Memory: 208384K Free: 188879K (91%)
ptolemy.util.test.WatchDog.cancel(): canceling Fri May 11 00:41:10 UTC 2018
auto.tcl: Setting watchdog for 200 seconds at Fri May 11 00:41:10 UTC 2018
20 ms. Memory: 208384K Free: 184626K (89%)
ptolemy.util.test.WatchDog.cancel(): canceling Fri May 11 00:41:10 UTC 2018
------------------ testing $PTII/ptolemy/domains/de/test/auto/Inspection.xml
auto.tcl: Setting watchdog for 200 seconds at Fri May 11 00:41:10 UTC 2018
20 ms. Memory: 208384K Free: 187965K (90%)
ptolemy.util.test.WatchDog.cancel(): canceling Fri May 11 00:41:10 UTC 2018
auto.tcl: Setting watchdog for 200 seconds at Fri May 11 00:41:10 UTC 2018
21 ms. Memory: 208384K Free: 185839K (89%)
ptolemy.util.test.WatchDog.cancel(): canceling Fri May 11 00:41:10 UTC 2018
------------------ testing $PTII/ptolemy/domains/de/test/auto/Iteration.xml
auto.tcl: Setting watchdog for 200 seconds at Fri May 11 00:41:10 UTC 2018
15 ms. Memory: 208384K Free: 195482K (94%)
ptolemy.util.test.WatchDog.cancel(): canceling Fri May 11 00:41:10 UTC 2018
auto.tcl: Setting watchdog for 200 seconds at Fri May 11 00:41:10 UTC 2018
8 ms. Memory: 208384K Free: 193356K (93%)
ptolemy.util.test.WatchDog.cancel(): canceling Fri May 11 00:41:10 UTC 2018
------------------ testing $PTII/ptolemy/domains/de/test/auto/LineFault.xml
auto.tcl: Setting watchdog for 200 seconds at Fri May 11 00:41:10 UTC 2018
766 ms. Memory: 208384K Free: 194560K (93%)
ptolemy.util.test.WatchDog.cancel(): canceling Fri May 11 00:41:11 UTC 2018
auto.tcl: Setting watchdog for 200 seconds at Fri May 11 00:41:11 UTC 2018
596 ms. Memory: 208384K Free: 138382K (66%)
ptolemy.util.test.WatchDog.cancel(): canceling Fri May 11 00:41:12 UTC 2018
------------------ testing $PTII/ptolemy/domains/de/test/auto/MergeModel1Add.xml
auto.tcl: Setting watchdog for 200 seconds at Fri May 11 00:41:12 UTC 2018
30 ms. Memory: 331264K Free: 302393K (91%)
ptolemy.util.test.WatchDog.cancel(): canceling Fri May 11 00:41:12 UTC 2018
auto.tcl: Setting watchdog for 200 seconds at Fri May 11 00:41:12 UTC 2018
10 ms. Memory: 331264K Free: 298459K (90%)
ptolemy.util.test.WatchDog.cancel(): canceling Fri May 11 00:41:12 UTC 2018
------------------ testing $PTII/ptolemy/domains/de/test/auto/MergeModel2Add.xml
auto.tcl: Setting watchdog for 200 seconds at Fri May 11 00:41:12 UTC 2018
8 ms. Memory: 331264K Free: 303732K (92%)
ptolemy.util.test.WatchDog.cancel(): canceling Fri May 11 00:41:12 UTC 2018
auto.tcl: Setting watchdog for 200 seconds at Fri May 11 00:41:12 UTC 2018
7 ms. Memory: 331264K Free: 299798K (91%)
ptolemy.util.test.WatchDog.cancel(): canceling Fri May 11 00:41:12 UTC 2018
------------------ testing $PTII/ptolemy/domains/de/test/auto/MergeModel3Add.xml
auto.tcl: Setting watchdog for 200 seconds at Fri May 11 00:41:12 UTC 2018
10 ms. Memory: 331264K Free: 303742K (92%)
ptolemy.util.test.WatchDog.cancel(): canceling Fri May 11 00:41:12 UTC 2018
auto.tcl: Setting watchdog for 200 seconds at Fri May 11 00:41:12 UTC 2018
9 ms. Memory: 331264K Free: 299808K (91%)
ptolemy.util.test.WatchDog.cancel(): canceling Fri May 11 00:41:12 UTC 2018
------------------ testing $PTII/ptolemy/domains/de/test/auto/MergeWithoutDiscard.xml
auto.tcl: Setting watchdog for 200 seconds at Fri May 11 00:41:12 UTC 2018
2 ms. Memory: 331264K Free: 315825K (95%)
ptolemy.util.test.WatchDog.cancel(): canceling Fri May 11 00:41:12 UTC 2018
auto.tcl: Setting watchdog for 200 seconds at Fri May 11 00:41:12 UTC 2018
1 ms. Memory: 331264K Free: 315825K (95%)
ptolemy.util.test.WatchDog.cancel(): canceling Fri May 11 00:41:12 UTC 2018
------------------ testing $PTII/ptolemy/domains/de/test/auto/Modal1.xml
auto.tcl: Setting watchdog for 200 seconds at Fri May 11 00:41:12 UTC 2018
18 ms. Memory: 331264K Free: 309447K (93%)
ptolemy.util.test.WatchDog.cancel(): canceling Fri May 11 00:41:12 UTC 2018
auto.tcl: Setting watchdog for 200 seconds at Fri May 11 00:41:12 UTC 2018
19 ms. Memory: 331264K Free: 300598K (91%)
ptolemy.util.test.WatchDog.cancel(): canceling Fri May 11 00:41:12 UTC 2018
------------------ testing $PTII/ptolemy/domains/de/test/auto/Modal2.xml
auto.tcl: Setting watchdog for 200 seconds at Fri May 11 00:41:12 UTC 2018
11 ms. Memory: 331264K Free: 309304K (93%)
ptolemy.util.test.WatchDog.cancel(): canceling Fri May 11 00:41:12 UTC 2018
auto.tcl: Setting watchdog for 200 seconds at Fri May 11 00:41:12 UTC 2018
10 ms. Memory: 331264K Free: 305370K (92%)
ptolemy.util.test.WatchDog.cancel(): canceling Fri May 11 00:41:12 UTC 2018
------------------ testing $PTII/ptolemy/domains/de/test/auto/Modal3.xml
auto.tcl: Setting watchdog for 200 seconds at Fri May 11 00:41:13 UTC 2018
16 ms. Memory: 331264K Free: 309604K (93%)
ptolemy.util.test.WatchDog.cancel(): canceling Fri May 11 00:41:13 UTC 2018
auto.tcl: Setting watchdog for 200 seconds at Fri May 11 00:41:13 UTC 2018
13 ms. Memory: 331264K Free: 305385K (92%)
ptolemy.util.test.WatchDog.cancel(): canceling Fri May 11 00:41:13 UTC 2018
------------------ testing $PTII/ptolemy/domains/de/test/auto/Modal4.xml
auto.tcl: Setting watchdog for 200 seconds at Fri May 11 00:41:13 UTC 2018
29 ms. Memory: 331264K Free: 309332K (93%)
ptolemy.util.test.WatchDog.cancel(): canceling Fri May 11 00:41:13 UTC 2018
auto.tcl: Setting watchdog for 200 seconds at Fri May 11 00:41:13 UTC 2018
14 ms. Memory: 331264K Free: 305398K (92%)
ptolemy.util.test.WatchDog.cancel(): canceling Fri May 11 00:41:13 UTC 2018
------------------ testing $PTII/ptolemy/domains/de/test/auto/Modal5.xml
auto.tcl: Setting watchdog for 200 seconds at Fri May 11 00:41:13 UTC 2018
12 ms. Memory: 331264K Free: 309319K (93%)
ptolemy.util.test.WatchDog.cancel(): canceling Fri May 11 00:41:13 UTC 2018
auto.tcl: Setting watchdog for 200 seconds at Fri May 11 00:41:13 UTC 2018
14 ms. Memory: 331264K Free: 305385K (92%)
ptolemy.util.test.WatchDog.cancel(): canceling Fri May 11 00:41:13 UTC 2018
------------------ testing $PTII/ptolemy/domains/de/test/auto/Modal6.xml
auto.tcl: Setting watchdog for 200 seconds at Fri May 11 00:41:13 UTC 2018
11 ms. Memory: 331264K Free: 309316K (93%)
ptolemy.util.test.WatchDog.cancel(): canceling Fri May 11 00:41:13 UTC 2018
auto.tcl: Setting watchdog for 200 seconds at Fri May 11 00:41:13 UTC 2018
12 ms. Memory: 331264K Free: 305382K (92%)
ptolemy.util.test.WatchDog.cancel(): canceling Fri May 11 00:41:13 UTC 2018
------------------ testing $PTII/ptolemy/domains/de/test/auto/Modal7.xml
auto.tcl: Setting watchdog for 200 seconds at Fri May 11 00:41:13 UTC 2018
18 ms. Memory: 331264K Free: 309316K (93%)
ptolemy.util.test.WatchDog.cancel(): canceling Fri May 11 00:41:13 UTC 2018
auto.tcl: Setting watchdog for 200 seconds at Fri May 11 00:41:13 UTC 2018
10 ms. Memory: 331264K Free: 305382K (92%)
ptolemy.util.test.WatchDog.cancel(): canceling Fri May 11 00:41:13 UTC 2018
------------------ testing $PTII/ptolemy/domains/de/test/auto/ModalModel.xml
auto.tcl: Setting watchdog for 200 seconds at Fri May 11 00:41:13 UTC 2018
152 ms. Memory: 331264K Free: 248219K (75%)
ptolemy.util.test.WatchDog.cancel(): canceling Fri May 11 00:41:13 UTC 2018
auto.tcl: Setting watchdog for 200 seconds at Fri May 11 00:41:13 UTC 2018
153 ms. Memory: 331264K Free: 193006K (58%)
ptolemy.util.test.WatchDog.cancel(): canceling Fri May 11 00:41:13 UTC 2018
------------------ testing $PTII/ptolemy/domains/de/test/auto/ModalSource.xml
auto.tcl: Setting watchdog for 200 seconds at Fri May 11 00:41:13 UTC 2018
5 ms. Memory: 331264K Free: 316046K (95%)
ptolemy.util.test.WatchDog.cancel(): canceling Fri May 11 00:41:14 UTC 2018
auto.tcl: Setting watchdog for 200 seconds at Fri May 11 00:41:14 UTC 2018
5 ms. Memory: 331264K Free: 312524K (94%)
ptolemy.util.test.WatchDog.cancel(): canceling Fri May 11 00:41:14 UTC 2018
------------------ testing $PTII/ptolemy/domains/de/test/auto/NonInterruptibleTimerZeroDelay.xml
auto.tcl: Setting watchdog for 200 seconds at Fri May 11 00:41:14 UTC 2018
4 ms. Memory: 331264K Free: 320406K (97%)
ptolemy.util.test.WatchDog.cancel(): canceling Fri May 11 00:41:14 UTC 2018
auto.tcl: Setting watchdog for 200 seconds at Fri May 11 00:41:14 UTC 2018
3 ms. Memory: 331264K Free: 316868K (96%)
ptolemy.util.test.WatchDog.cancel(): canceling Fri May 11 00:41:14 UTC 2018
------------------ testing $PTII/ptolemy/domains/de/test/auto/OpenQueueingNetwork.xml
auto.tcl: Setting watchdog for 200 seconds at Fri May 11 00:41:14 UTC 2018
2461 ms. Memory: 573952K Free: 421493K (73%)
ptolemy.util.test.WatchDog.cancel(): canceling Fri May 11 00:41:16 UTC 2018
auto.tcl: Setting watchdog for 200 seconds at Fri May 11 00:41:16 UTC 2018
2251 ms. Memory: 550912K Free: 325194K (59%)
ptolemy.util.test.WatchDog.cancel(): canceling Fri May 11 00:41:18 UTC 2018
------------------ testing $PTII/ptolemy/domains/de/test/auto/OpenQueuingNetwork.xml
auto.tcl: Setting watchdog for 200 seconds at Fri May 11 00:41:19 UTC 2018
234 ms. Memory: 549888K Free: 444941K (81%)
ptolemy.util.test.WatchDog.cancel(): canceling Fri May 11 00:41:19 UTC 2018
auto.tcl: Setting watchdog for 200 seconds at Fri May 11 00:41:19 UTC 2018
210 ms. Memory: 549888K Free: 384724K (70%)
ptolemy.util.test.WatchDog.cancel(): canceling Fri May 11 00:41:19 UTC 2018
------------------ testing $PTII/ptolemy/domains/de/test/auto/PeriodicSampler.xml
auto.tcl: Setting watchdog for 200 seconds at Fri May 11 00:41:19 UTC 2018
2 ms. Memory: 551936K Free: 531608K (96%)
ptolemy.util.test.WatchDog.cancel(): canceling Fri May 11 00:41:19 UTC 2018
auto.tcl: Setting watchdog for 200 seconds at Fri May 11 00:41:19 UTC 2018
2 ms. Memory: 551936K Free: 531608K (96%)
ptolemy.util.test.WatchDog.cancel(): canceling Fri May 11 00:41:19 UTC 2018
------------------ testing $PTII/ptolemy/domains/de/test/auto/PersistentIO.xml
auto.tcl: Setting watchdog for 200 seconds at Fri May 11 00:41:19 UTC 2018
11 ms. Memory: 549376K Free: 524157K (95%)
ptolemy.util.test.WatchDog.cancel(): canceling Fri May 11 00:41:19 UTC 2018
auto.tcl: Setting watchdog for 200 seconds at Fri May 11 00:41:19 UTC 2018
4 ms. Memory: 549376K Free: 524157K (95%)
ptolemy.util.test.WatchDog.cancel(): canceling Fri May 11 00:41:19 UTC 2018
------------------ testing $PTII/ptolemy/domains/de/test/auto/PortParameterResetOnInitialize.xml
auto.tcl: Setting watchdog for 200 seconds at Fri May 11 00:41:19 UTC 2018
3 ms. Memory: 551424K Free: 531558K (96%)
ptolemy.util.test.WatchDog.cancel(): canceling Fri May 11 00:41:19 UTC 2018
auto.tcl: Setting watchdog for 200 seconds at Fri May 11 00:41:19 UTC 2018
2 ms. Memory: 551424K Free: 531558K (96%)
ptolemy.util.test.WatchDog.cancel(): canceling Fri May 11 00:41:19 UTC 2018
------------------ testing $PTII/ptolemy/domains/de/test/auto/PortParameterUpdates.xml
auto.tcl: Setting watchdog for 200 seconds at Fri May 11 00:41:19 UTC 2018
6 ms. Memory: 549376K Free: 529644K (96%)
ptolemy.util.test.WatchDog.cancel(): canceling Fri May 11 00:41:19 UTC 2018
auto.tcl: Setting watchdog for 200 seconds at Fri May 11 00:41:19 UTC 2018
4 ms. Memory: 549376K Free: 524169K (95%)
ptolemy.util.test.WatchDog.cancel(): canceling Fri May 11 00:41:19 UTC 2018
------------------ testing $PTII/ptolemy/domains/de/test/auto/QueueAndServer.xml
auto.tcl: Setting watchdog for 200 seconds at Fri May 11 00:41:19 UTC 2018
11 ms. Memory: 551424K Free: 530614K (96%)
ptolemy.util.test.WatchDog.cancel(): canceling Fri May 11 00:41:19 UTC 2018
auto.tcl: Setting watchdog for 200 seconds at Fri May 11 00:41:19 UTC 2018
6 ms. Memory: 551424K Free: 530614K (96%)
ptolemy.util.test.WatchDog.cancel(): canceling Fri May 11 00:41:19 UTC 2018
------------------ testing $PTII/ptolemy/domains/de/test/auto/Records.xml
auto.tcl: Setting watchdog for 200 seconds at Fri May 11 00:41:20 UTC 2018
5 ms. Memory: 549376K Free: 533998K (97%)
ptolemy.util.test.WatchDog.cancel(): canceling Fri May 11 00:41:20 UTC 2018
auto.tcl: Setting watchdog for 200 seconds at Fri May 11 00:41:20 UTC 2018
4 ms. Memory: 549376K Free: 533998K (97%)
ptolemy.util.test.WatchDog.cancel(): canceling Fri May 11 00:41:20 UTC 2018
------------------ testing $PTII/ptolemy/domains/de/test/auto/ResetTransitionWithStartTime1.xml
auto.tcl: Setting watchdog for 200 seconds at Fri May 11 00:41:20 UTC 2018
6 ms. Memory: 551424K Free: 530582K (96%)
ptolemy.util.test.WatchDog.cancel(): canceling Fri May 11 00:41:20 UTC 2018
auto.tcl: Setting watchdog for 200 seconds at Fri May 11 00:41:20 UTC 2018
5 ms. Memory: 551424K Free: 530582K (96%)
ptolemy.util.test.WatchDog.cancel(): canceling Fri May 11 00:41:20 UTC 2018
------------------ testing $PTII/ptolemy/domains/de/test/auto/ResetTransitionWithStartTime2.xml
auto.tcl: Setting watchdog for 200 seconds at Fri May 11 00:41:20 UTC 2018
5 ms. Memory: 549376K Free: 528762K (96%)
ptolemy.util.test.WatchDog.cancel(): canceling Fri May 11 00:41:20 UTC 2018
auto.tcl: Setting watchdog for 200 seconds at Fri May 11 00:41:20 UTC 2018
6 ms. Memory: 549376K Free: 528762K (96%)
ptolemy.util.test.WatchDog.cancel(): canceling Fri May 11 00:41:20 UTC 2018
------------------ testing $PTII/ptolemy/domains/de/test/auto/ResetTransitionWithStartTime3.xml
auto.tcl: Setting watchdog for 200 seconds at Fri May 11 00:41:20 UTC 2018
5 ms. Memory: 550912K Free: 530075K (96%)
ptolemy.util.test.WatchDog.cancel(): canceling Fri May 11 00:41:20 UTC 2018
auto.tcl: Setting watchdog for 200 seconds at Fri May 11 00:41:20 UTC 2018
5 ms. Memory: 550912K Free: 530075K (96%)
ptolemy.util.test.WatchDog.cancel(): canceling Fri May 11 00:41:20 UTC 2018
------------------ testing $PTII/ptolemy/domains/de/test/auto/ResetTransitionWithStartTime4.xml
auto.tcl: Setting watchdog for 200 seconds at Fri May 11 00:41:20 UTC 2018
4 ms. Memory: 549376K Free: 528521K (96%)
ptolemy.util.test.WatchDog.cancel(): canceling Fri May 11 00:41:20 UTC 2018
auto.tcl: Setting watchdog for 200 seconds at Fri May 11 00:41:20 UTC 2018
4 ms. Memory: 549376K Free: 528521K (96%)
ptolemy.util.test.WatchDog.cancel(): canceling Fri May 11 00:41:20 UTC 2018
------------------ testing $PTII/ptolemy/domains/de/test/auto/ResettableTimer1.xml
auto.tcl: Setting watchdog for 200 seconds at Fri May 11 00:41:20 UTC 2018
5 ms. Memory: 550912K Free: 535543K (97%)
ptolemy.util.test.WatchDog.cancel(): canceling Fri May 11 00:41:20 UTC 2018
auto.tcl: Setting watchdog for 200 seconds at Fri May 11 00:41:20 UTC 2018
2 ms. Memory: 550912K Free: 535543K (97%)
ptolemy.util.test.WatchDog.cancel(): canceling Fri May 11 00:41:20 UTC 2018
------------------ testing $PTII/ptolemy/domains/de/test/auto/ResettableTimer2.xml
auto.tcl: Setting watchdog for 200 seconds at Fri May 11 00:41:20 UTC 2018
2 ms. Memory: 549376K Free: 534294K (97%)
ptolemy.util.test.WatchDog.cancel(): canceling Fri May 11 00:41:20 UTC 2018
auto.tcl: Setting watchdog for 200 seconds at Fri May 11 00:41:20 UTC 2018
2 ms. Memory: 549376K Free: 534294K (97%)
ptolemy.util.test.WatchDog.cancel(): canceling Fri May 11 00:41:20 UTC 2018
------------------ testing $PTII/ptolemy/domains/de/test/auto/ResettableTimer3.xml
auto.tcl: Setting watchdog for 200 seconds at Fri May 11 00:41:20 UTC 2018
1 ms. Memory: 550912K Free: 535600K (97%)
ptolemy.util.test.WatchDog.cancel(): canceling Fri May 11 00:41:20 UTC 2018
auto.tcl: Setting watchdog for 200 seconds at Fri May 11 00:41:20 UTC 2018
1 ms. Memory: 550912K Free: 535600K (97%)
ptolemy.util.test.WatchDog.cancel(): canceling Fri May 11 00:41:20 UTC 2018
------------------ testing $PTII/ptolemy/domains/de/test/auto/ResettableTimer4.xml
auto.tcl: Setting watchdog for 200 seconds at Fri May 11 00:41:20 UTC 2018
1 ms. Memory: 549376K Free: 534307K (97%)
ptolemy.util.test.WatchDog.cancel(): canceling Fri May 11 00:41:20 UTC 2018
auto.tcl: Setting watchdog for 200 seconds at Fri May 11 00:41:20 UTC 2018
2 ms. Memory: 549376K Free: 534307K (97%)
ptolemy.util.test.WatchDog.cancel(): canceling Fri May 11 00:41:20 UTC 2018
------------------ testing $PTII/ptolemy/domains/de/test/auto/ResettableTimer5.xml
auto.tcl: Setting watchdog for 200 seconds at Fri May 11 00:41:20 UTC 2018
1 ms. Memory: 550400K Free: 530650K (96%)
ptolemy.util.test.WatchDog.cancel(): canceling Fri May 11 00:41:20 UTC 2018
auto.tcl: Setting watchdog for 200 seconds at Fri May 11 00:41:20 UTC 2018
1 ms. Memory: 550400K Free: 530650K (96%)
ptolemy.util.test.WatchDog.cancel(): canceling Fri May 11 00:41:20 UTC 2018
------------------ testing $PTII/ptolemy/domains/de/test/auto/ResettableTimer6.xml
auto.tcl: Setting watchdog for 200 seconds at Fri May 11 00:41:20 UTC 2018
1 ms. Memory: 549376K Free: 529346K (96%)
ptolemy.util.test.WatchDog.cancel(): canceling Fri May 11 00:41:20 UTC 2018
auto.tcl: Setting watchdog for 200 seconds at Fri May 11 00:41:20 UTC 2018
1 ms. Memory: 549376K Free: 529346K (96%)
ptolemy.util.test.WatchDog.cancel(): canceling Fri May 11 00:41:20 UTC 2018
------------------ testing $PTII/ptolemy/domains/de/test/auto/ServerZeroDelay.xml
auto.tcl: Setting watchdog for 200 seconds at Fri May 11 00:41:20 UTC 2018
2 ms. Memory: 550400K Free: 535269K (97%)
ptolemy.util.test.WatchDog.cancel(): canceling Fri May 11 00:41:20 UTC 2018
auto.tcl: Setting watchdog for 200 seconds at Fri May 11 00:41:20 UTC 2018
2 ms. Memory: 550400K Free: 535269K (97%)
ptolemy.util.test.WatchDog.cancel(): canceling Fri May 11 00:41:20 UTC 2018
------------------ testing $PTII/ptolemy/domains/de/test/auto/SmartSender.xml
auto.tcl: Setting watchdog for 200 seconds at Fri May 11 00:41:20 UTC 2018
3002 ms. Memory: 549376K Free: 529561K (96%)
ptolemy.util.test.WatchDog.cancel(): canceling Fri May 11 00:41:23 UTC 2018
auto.tcl: Setting watchdog for 200 seconds at Fri May 11 00:41:23 UTC 2018
3001 ms. Memory: 549376K Free: 529561K (96%)
ptolemy.util.test.WatchDog.cancel(): canceling Fri May 11 00:41:26 UTC 2018
------------------ testing $PTII/ptolemy/domains/de/test/auto/ThreadedComposite.xml
auto.tcl: Setting watchdog for 200 seconds at Fri May 11 00:41:26 UTC 2018
201 ms. Memory: 550400K Free: 510061K (93%)
ptolemy.util.test.WatchDog.cancel(): canceling Fri May 11 00:41:27 UTC 2018
auto.tcl: Setting watchdog for 200 seconds at Fri May 11 00:41:27 UTC 2018
199 ms. Memory: 550400K Free: 485868K (88%)
ptolemy.util.test.WatchDog.cancel(): canceling Fri May 11 00:41:27 UTC 2018
------------------ testing $PTII/ptolemy/domains/de/test/auto/Time.xml
auto.tcl: Setting watchdog for 200 seconds at Fri May 11 00:41:27 UTC 2018
509 ms. Memory: 549376K Free: 482260K (88%)
ptolemy.util.test.WatchDog.cancel(): canceling Fri May 11 00:41:27 UTC 2018
auto.tcl: Setting watchdog for 200 seconds at Fri May 11 00:41:27 UTC 2018
466 ms. Memory: 549376K Free: 427518K (78%)
ptolemy.util.test.WatchDog.cancel(): canceling Fri May 11 00:41:28 UTC 2018
------------------ testing $PTII/ptolemy/domains/de/test/auto/TimeDelayZeroDelay.xml
auto.tcl: Setting watchdog for 200 seconds at Fri May 11 00:41:28 UTC 2018
4 ms. Memory: 550400K Free: 534958K (97%)
ptolemy.util.test.WatchDog.cancel(): canceling Fri May 11 00:41:28 UTC 2018
auto.tcl: Setting watchdog for 200 seconds at Fri May 11 00:41:28 UTC 2018
2 ms. Memory: 550400K Free: 534958K (97%)
ptolemy.util.test.WatchDog.cancel(): canceling Fri May 11 00:41:28 UTC 2018
------------------ testing $PTII/ptolemy/domains/de/test/auto/TimerZeroDelay.xml
auto.tcl: Setting watchdog for 200 seconds at Fri May 11 00:41:28 UTC 2018
2 ms. Memory: 549376K Free: 534207K (97%)
ptolemy.util.test.WatchDog.cancel(): canceling Fri May 11 00:41:28 UTC 2018
auto.tcl: Setting watchdog for 200 seconds at Fri May 11 00:41:28 UTC 2018
2 ms. Memory: 549376K Free: 534207K (97%)
ptolemy.util.test.WatchDog.cancel(): canceling Fri May 11 00:41:28 UTC 2018
------------------ testing $PTII/ptolemy/domains/de/test/auto/TimingParadox.xml
auto.tcl: Setting watchdog for 200 seconds at Fri May 11 00:41:28 UTC 2018
303 ms. Memory: 549888K Free: 468806K (85%)
ptolemy.util.test.WatchDog.cancel(): canceling Fri May 11 00:41:28 UTC 2018
auto.tcl: Setting watchdog for 200 seconds at Fri May 11 00:41:28 UTC 2018
279 ms. Memory: 549888K Free: 435961K (79%)
ptolemy.util.test.WatchDog.cancel(): canceling Fri May 11 00:41:29 UTC 2018
------------------ testing $PTII/ptolemy/domains/de/test/auto/TransferInputs.xml
auto.tcl: Setting watchdog for 200 seconds at Fri May 11 00:41:29 UTC 2018
1 ms. Memory: 549888K Free: 533624K (97%)
ptolemy.util.test.WatchDog.cancel(): canceling Fri May 11 00:41:29 UTC 2018
auto.tcl: Setting watchdog for 200 seconds at Fri May 11 00:41:29 UTC 2018
2 ms. Memory: 549888K Free: 533624K (97%)
ptolemy.util.test.WatchDog.cancel(): canceling Fri May 11 00:41:29 UTC 2018
------------------ testing $PTII/ptolemy/domains/de/test/auto/TransferOutputs2.xml
auto.tcl: Setting watchdog for 200 seconds at Fri May 11 00:41:29 UTC 2018
2 ms. Memory: 549376K Free: 528739K (96%)
ptolemy.util.test.WatchDog.cancel(): canceling Fri May 11 00:41:29 UTC 2018
auto.tcl: Setting watchdog for 200 seconds at Fri May 11 00:41:29 UTC 2018
3 ms. Memory: 549376K Free: 528739K (96%)
ptolemy.util.test.WatchDog.cancel(): canceling Fri May 11 00:41:29 UTC 2018
------------------ testing $PTII/ptolemy/domains/de/test/auto/Trilateration.xml
auto.tcl: Setting watchdog for 200 seconds at Fri May 11 00:41:29 UTC 2018
13651 ms. Memory: 453632K Free: 123947K (27%)
ptolemy.util.test.WatchDog.cancel(): canceling Fri May 11 00:41:43 UTC 2018
auto.tcl: Setting watchdog for 200 seconds at Fri May 11 00:41:43 UTC 2018
10602 ms. Memory: 331264K Free: 240437K (73%)
ptolemy.util.test.WatchDog.cancel(): canceling Fri May 11 00:41:54 UTC 2018
------------------ testing $PTII/ptolemy/domains/de/test/auto/TwoSigmaDelta.xml
auto.tcl: Setting watchdog for 200 seconds at Fri May 11 00:41:54 UTC 2018
2681 ms. Memory: 320000K Free: 266335K (83%)
ptolemy.util.test.WatchDog.cancel(): canceling Fri May 11 00:41:57 UTC 2018
auto.tcl: Setting watchdog for 200 seconds at Fri May 11 00:41:57 UTC 2018
1951 ms. Memory: 307712K Free: 256898K (83%)
ptolemy.util.test.WatchDog.cancel(): canceling Fri May 11 00:41:59 UTC 2018
------------------ testing $PTII/ptolemy/domains/de/test/auto/VariableDelay.xml
auto.tcl: Setting watchdog for 200 seconds at Fri May 11 00:41:59 UTC 2018
2 ms. Memory: 309760K Free: 293025K (95%)
ptolemy.util.test.WatchDog.cancel(): canceling Fri May 11 00:41:59 UTC 2018
auto.tcl: Setting watchdog for 200 seconds at Fri May 11 00:41:59 UTC 2018
2 ms. Memory: 309760K Free: 293025K (95%)
ptolemy.util.test.WatchDog.cancel(): canceling Fri May 11 00:41:59 UTC 2018
------------------ testing $PTII/ptolemy/domains/de/test/auto/VariableDelay2.xml
auto.tcl: Setting watchdog for 200 seconds at Fri May 11 00:41:59 UTC 2018
6 ms. Memory: 307712K Free: 293654K (95%)
ptolemy.util.test.WatchDog.cancel(): canceling Fri May 11 00:41:59 UTC 2018
auto.tcl: Setting watchdog for 200 seconds at Fri May 11 00:41:59 UTC 2018
2 ms. Memory: 307712K Free: 293654K (95%)
ptolemy.util.test.WatchDog.cancel(): canceling Fri May 11 00:41:59 UTC 2018
------------------ testing $PTII/ptolemy/domains/de/test/auto/VariableDelayZeroDelay.xml
auto.tcl: Setting watchdog for 200 seconds at Fri May 11 00:41:59 UTC 2018
2 ms. Memory: 309248K Free: 296259K (96%)
ptolemy.util.test.WatchDog.cancel(): canceling Fri May 11 00:41:59 UTC 2018
auto.tcl: Setting watchdog for 200 seconds at Fri May 11 00:41:59 UTC 2018
2 ms. Memory: 309248K Free: 292926K (95%)
ptolemy.util.test.WatchDog.cancel(): canceling Fri May 11 00:41:59 UTC 2018
------------------ testing $PTII/ptolemy/domains/de/test/auto/VariableDelayZeroDelay2.xml
auto.tcl: Setting watchdog for 200 seconds at Fri May 11 00:41:59 UTC 2018
6 ms. Memory: 307712K Free: 291405K (95%)
ptolemy.util.test.WatchDog.cancel(): canceling Fri May 11 00:41:59 UTC 2018
auto.tcl: Setting watchdog for 200 seconds at Fri May 11 00:41:59 UTC 2018
1 ms. Memory: 307712K Free: 291405K (95%)
ptolemy.util.test.WatchDog.cancel(): canceling Fri May 11 00:41:59 UTC 2018
------------------ testing $PTII/ptolemy/domains/de/test/auto/deInCt.xml
auto.tcl: Setting watchdog for 200 seconds at Fri May 11 00:41:59 UTC 2018
0
1
1
1
1
1
0
0
0
1
1
1
0
0
0
0
1
1
1
1
1
1
0
0
0
0
1
1
1
0
0
0
1
1
1
1
17 ms. Memory: 309248K Free: 292913K (95%)
ptolemy.util.test.WatchDog.cancel(): canceling Fri May 11 00:41:59 UTC 2018
auto.tcl: Setting watchdog for 200 seconds at Fri May 11 00:41:59 UTC 2018
0
1
1
1
1
1
0
0
0
1
1
1
0
0
0
0
0
0
1
1
1
0
0
1
1
1
1
0
0
0
0
0
7 ms. Memory: 309248K Free: 292913K (95%)
ptolemy.util.test.WatchDog.cancel(): canceling Fri May 11 00:41:59 UTC 2018
------------------ testing $PTII/ptolemy/domains/de/test/auto/deInCt2.xml
auto.tcl: Setting watchdog for 200 seconds at Fri May 11 00:41:59 UTC 2018
0
1
1
1
0
0
1
1
1
0
0
1
1
1
0
0
1
1
1
0
0
1
1
1
0
0
1
1
1
0
0
1
1
1
0
0
1
1
1
0
0
0
13 ms. Memory: 307712K Free: 291377K (95%)
ptolemy.util.test.WatchDog.cancel(): canceling Fri May 11 00:41:59 UTC 2018
auto.tcl: Setting watchdog for 200 seconds at Fri May 11 00:41:59 UTC 2018
0
1
1
1
0
0
1
1
1
0
0
1
1
1
0
0
1
1
1
0
0
1
1
1
0
0
1
1
1
0
0
1
1
1
0
0
1
1
1
0
0
0
10 ms. Memory: 307712K Free: 291377K (95%)
ptolemy.util.test.WatchDog.cancel(): canceling Fri May 11 00:41:59 UTC 2018
------------------ testing $PTII/ptolemy/domains/de/test/auto/dynamicCausalityInterface1.xml
auto.tcl: Setting watchdog for 200 seconds at Fri May 11 00:41:59 UTC 2018
1 ms. Memory: 308736K Free: 291368K (94%)
ptolemy.util.test.WatchDog.cancel(): canceling Fri May 11 00:41:59 UTC 2018
auto.tcl: Setting watchdog for 200 seconds at Fri May 11 00:41:59 UTC 2018
1 ms. Memory: 308736K Free: 288035K (93%)
ptolemy.util.test.WatchDog.cancel(): canceling Fri May 11 00:41:59 UTC 2018
------------------ testing $PTII/ptolemy/domains/de/test/auto/fsm_de_test.xml
auto.tcl: Setting watchdog for 200 seconds at Fri May 11 00:42:00 UTC 2018
11 ms. Memory: 307712K Free: 287975K (94%)
ptolemy.util.test.WatchDog.cancel(): canceling Fri May 11 00:42:00 UTC 2018
auto.tcl: Setting watchdog for 200 seconds at Fri May 11 00:42:00 UTC 2018
4 ms. Memory: 307712K Free: 284643K (93%)
ptolemy.util.test.WatchDog.cancel(): canceling Fri May 11 00:42:00 UTC 2018
------------------ testing $PTII/ptolemy/domains/de/test/auto/functionDependencyReconstruction.xml
auto.tcl: Setting watchdog for 200 seconds at Fri May 11 00:42:00 UTC 2018
2 ms. Memory: 308736K Free: 284620K (92%)
ptolemy.util.test.WatchDog.cancel(): canceling Fri May 11 00:42:00 UTC 2018
auto.tcl: Setting watchdog for 200 seconds at Fri May 11 00:42:00 UTC 2018
2 ms. Memory: 308736K Free: 281288K (91%)
ptolemy.util.test.WatchDog.cancel(): canceling Fri May 11 00:42:00 UTC 2018
------------------ testing $PTII/ptolemy/domains/de/test/auto/multirate.xml
auto.tcl: Setting watchdog for 200 seconds at Fri May 11 00:42:00 UTC 2018
6 ms. Memory: 307712K Free: 291159K (95%)
ptolemy.util.test.WatchDog.cancel(): canceling Fri May 11 00:42:00 UTC 2018
auto.tcl: Setting watchdog for 200 seconds at Fri May 11 00:42:00 UTC 2018
3 ms. Memory: 307712K Free: 287835K (94%)
ptolemy.util.test.WatchDog.cancel(): canceling Fri May 11 00:42:00 UTC 2018
------------------ testing $PTII/ptolemy/domains/de/test/auto/multirate2.xml
auto.tcl: Setting watchdog for 200 seconds at Fri May 11 00:42:00 UTC 2018
2 ms. Memory: 308736K Free: 294627K (95%)
ptolemy.util.test.WatchDog.cancel(): canceling Fri May 11 00:42:00 UTC 2018
auto.tcl: Setting watchdog for 200 seconds at Fri May 11 00:42:00 UTC 2018
3 ms. Memory: 308736K Free: 291294K (94%)
ptolemy.util.test.WatchDog.cancel(): canceling Fri May 11 00:42:00 UTC 2018
------------------ testing $PTII/ptolemy/domains/de/test/auto/realtime.xml
auto.tcl: Setting watchdog for 200 seconds at Fri May 11 00:42:00 UTC 2018
10002 ms. Memory: 307712K Free: 291322K (95%)
ptolemy.util.test.WatchDog.cancel(): canceling Fri May 11 00:42:10 UTC 2018
auto.tcl: Setting watchdog for 200 seconds at Fri May 11 00:42:10 UTC 2018
10002 ms. Memory: 307712K Free: 291322K (95%)
ptolemy.util.test.WatchDog.cancel(): canceling Fri May 11 00:42:20 UTC 2018
------------------ testing $PTII/ptolemy/domains/de/test/auto/relationGroup.xml
auto.tcl: Setting watchdog for 200 seconds at Fri May 11 00:42:20 UTC 2018
1 ms. Memory: 308224K Free: 297464K (97%)
ptolemy.util.test.WatchDog.cancel(): canceling Fri May 11 00:42:20 UTC 2018
auto.tcl: Setting watchdog for 200 seconds at Fri May 11 00:42:20 UTC 2018
1 ms. Memory: 308224K Free: 294147K (95%)
ptolemy.util.test.WatchDog.cancel(): canceling Fri May 11 00:42:20 UTC 2018
------------------ testing $PTII/ptolemy/domains/de/test/auto/relationGroup2.xml
auto.tcl: Setting watchdog for 200 seconds at Fri May 11 00:42:20 UTC 2018
5 ms. Memory: 307712K Free: 294715K (96%)
ptolemy.util.test.WatchDog.cancel(): canceling Fri May 11 00:42:20 UTC 2018
auto.tcl: Setting watchdog for 200 seconds at Fri May 11 00:42:20 UTC 2018
1 ms. Memory: 307712K Free: 294715K (96%)
ptolemy.util.test.WatchDog.cancel(): canceling Fri May 11 00:42:20 UTC 2018
------------------ testing $PTII/ptolemy/domains/de/test/auto/sortWithOpaquePorts.xml
auto.tcl: Setting watchdog for 200 seconds at Fri May 11 00:42:20 UTC 2018
1 ms. Memory: 308224K Free: 291904K (95%)
ptolemy.util.test.WatchDog.cancel(): canceling Fri May 11 00:42:20 UTC 2018
auto.tcl: Setting watchdog for 200 seconds at Fri May 11 00:42:20 UTC 2018
1 ms. Memory: 308224K Free: 291904K (95%)
ptolemy.util.test.WatchDog.cancel(): canceling Fri May 11 00:42:20 UTC 2018
------------------ testing $PTII/ptolemy/domains/de/test/auto/transferInputsandOutputs.xml
auto.tcl: Setting watchdog for 200 seconds at Fri May 11 00:42:20 UTC 2018
3 ms. Memory: 307712K Free: 291371K (95%)
ptolemy.util.test.WatchDog.cancel(): canceling Fri May 11 00:42:20 UTC 2018
auto.tcl: Setting watchdog for 200 seconds at Fri May 11 00:42:20 UTC 2018
2 ms. Memory: 307712K Free: 288054K (94%)
ptolemy.util.test.WatchDog.cancel(): canceling Fri May 11 00:42:20 UTC 2018
------------------ testing $PTII/ptolemy/domains/de/test/auto/triggerType.xml
auto.tcl: Setting watchdog for 200 seconds at Fri May 11 00:42:20 UTC 2018
1 ms. Memory: 308224K Free: 295166K (96%)
ptolemy.util.test.WatchDog.cancel(): canceling Fri May 11 00:42:20 UTC 2018
auto.tcl: Setting watchdog for 200 seconds at Fri May 11 00:42:20 UTC 2018
1 ms. Memory: 308224K Free: 291850K (95%)
ptolemy.util.test.WatchDog.cancel(): canceling Fri May 11 00:42:20 UTC 2018
05/11/18 12:42:20
Failed: 0  Total Tests: 192  ((Passed: 187, Newly Passed: 1)  Known Failed: 5) /home/travis/build/icyphy/ptII/ptolemy/domains/de/test
05/11/18 12:42:20
Failed: 0  Total Tests: 192  ((Passed: 187, Newly Passed: 1)  Known Failed: 5) /home/travis/build/icyphy/ptII/ptolemy/domains/de/test
----------------- testing (KnownFailure) /home/travis/build/icyphy/ptII/ptolemy/domains/de/test/auto/knownFailedTests/DESDFClockTest.xml
2014 ms. Memory: 307712K Free: 285630K (93%)
Known Failure: java.lang.reflect.InvocationTargetException
----------------- testing (KnownFailure) /home/travis/build/icyphy/ptII/ptolemy/domains/de/test/auto/knownFailedTests/DirectFeedback.xml
1 ms. Memory: 307712K Free: 267525K (87%)
Known Failure: java.lang.reflect.InvocationTargetException
----------------- testing (KnownFailure) /home/travis/build/icyphy/ptII/ptolemy/domains/de/test/auto/knownFailedTests/FSMSource.xml
13 ms. Memory: 307712K Free: 244879K (80%)
----------------- testing (KnownFailure) /home/travis/build/icyphy/ptII/ptolemy/domains/de/test/auto/knownFailedTests/HierarchicalModel.xml
1 ms. Memory: 307712K Free: 222216K (72%)
Known Failure: java.lang.reflect.InvocationTargetException
----------------- testing (KnownFailure) /home/travis/build/icyphy/ptII/ptolemy/domains/de/test/auto/knownFailedTests/dependencyLoop.xml
2 ms. Memory: 307712K Free: 190517K (62%)
Known Failure: java.lang.reflect.InvocationTargetException
----------------- testing (KnownFailure) /home/travis/build/icyphy/ptII/ptolemy/domains/de/test/auto/knownFailedTests/dependencyLoop2.xml
2 ms. Memory: 307712K Free: 158802K (52%)
Known Failure: java.lang.reflect.InvocationTargetException
No auto/*.xml tests in /home/travis/build/icyphy/ptII/ptolemy/domains/de/test
AutoTests.java: About to close Vertx.
AutoTests.java: Vertx closed.
----------------- testing Fri May 11 00:42:22 UTC 2018 /home/travis/build/icyphy/ptII/ptolemy/domains/de/test/auto/ActorDepthCalculation_actorWithoutPorts.xml
----------------- Instantiating /home/travis/build/icyphy/ptII/ptolemy/domains/de/test/auto/ActorDepthCalculation_actorWithoutPorts.xml
2 ms. Memory: 307712K Free: 131645K (43%)
----------------- Invoking toplevel() on ptolemy.moml.MoMLSimpleApplication@26725cfa
----------------- Done invoking toplevel() on ptolemy.moml.MoMLSimpleApplication@26725cfa
reloadAllAccessors: .ActorDepthCalculation_actorWithoutPorts
----------------- testing Fri May 11 00:42:22 UTC 2018 /home/travis/build/icyphy/ptII/ptolemy/domains/de/test/auto/AssemblyLine.xml
----------------- Instantiating /home/travis/build/icyphy/ptII/ptolemy/domains/de/test/auto/AssemblyLine.xml
4 ms. Memory: 307712K Free: 118067K (38%)
----------------- Invoking toplevel() on ptolemy.moml.MoMLSimpleApplication@b87b9ff
----------------- Done invoking toplevel() on ptolemy.moml.MoMLSimpleApplication@b87b9ff
reloadAllAccessors: .AssemblyLine
----------------- testing Fri May 11 00:42:22 UTC 2018 /home/travis/build/icyphy/ptII/ptolemy/domains/de/test/auto/CQBug1.xml
----------------- Instantiating /home/travis/build/icyphy/ptII/ptolemy/domains/de/test/auto/CQBug1.xml
1 ms. Memory: 307712K Free: 109014K (35%)
----------------- Invoking toplevel() on ptolemy.moml.MoMLSimpleApplication@5ce4f902
----------------- Done invoking toplevel() on ptolemy.moml.MoMLSimpleApplication@5ce4f902
reloadAllAccessors: .CQBug1
----------------- testing Fri May 11 00:42:22 UTC 2018 /home/travis/build/icyphy/ptII/ptolemy/domains/de/test/auto/CancelFireAt.xml
----------------- Instantiating /home/travis/build/icyphy/ptII/ptolemy/domains/de/test/auto/CancelFireAt.xml
0 ms. Memory: 307712K Free: 99962K (32%)
----------------- Invoking toplevel() on ptolemy.moml.MoMLSimpleApplication@6471f2f3
----------------- Done invoking toplevel() on ptolemy.moml.MoMLSimpleApplication@6471f2f3
reloadAllAccessors: .CancelFireAt
----------------- testing Fri May 11 00:42:22 UTC 2018 /home/travis/build/icyphy/ptII/ptolemy/domains/de/test/auto/CausalityAndComposabilityAnalysis.xml
----------------- Instantiating /home/travis/build/icyphy/ptII/ptolemy/domains/de/test/auto/CausalityAndComposabilityAnalysis.xml
1 ms. Memory: 307712K Free: 90910K (30%)
----------------- Invoking toplevel() on ptolemy.moml.MoMLSimpleApplication@2b657a1d
----------------- Done invoking toplevel() on ptolemy.moml.MoMLSimpleApplication@2b657a1d
reloadAllAccessors: .CausalityAndComposabilityAnalysis
----------------- testing Fri May 11 00:42:22 UTC 2018 /home/travis/build/icyphy/ptII/ptolemy/domains/de/test/auto/CausalityInterface1.xml
----------------- Instantiating /home/travis/build/icyphy/ptII/ptolemy/domains/de/test/auto/CausalityInterface1.xml
2 ms. Memory: 307712K Free: 78541K (26%)
----------------- Invoking toplevel() on ptolemy.moml.MoMLSimpleApplication@683d453c
----------------- Done invoking toplevel() on ptolemy.moml.MoMLSimpleApplication@683d453c
reloadAllAccessors: .CausalityInterface1
----------------- testing Fri May 11 00:42:22 UTC 2018 /home/travis/build/icyphy/ptII/ptolemy/domains/de/test/auto/CausalityInterface15.xml
----------------- Instantiating /home/travis/build/icyphy/ptII/ptolemy/domains/de/test/auto/CausalityInterface15.xml
1 ms. Memory: 298496K Free: 286310K (96%)
----------------- Invoking toplevel() on ptolemy.moml.MoMLSimpleApplication@5123cf6e
----------------- Done invoking toplevel() on ptolemy.moml.MoMLSimpleApplication@5123cf6e
reloadAllAccessors: .CausalityInterface15
----------------- testing Fri May 11 00:42:22 UTC 2018 /home/travis/build/icyphy/ptII/ptolemy/domains/de/test/auto/CausalityInterface2.xml
----------------- Instantiating /home/travis/build/icyphy/ptII/ptolemy/domains/de/test/auto/CausalityInterface2.xml
1 ms. Memory: 298496K Free: 277712K (93%)
----------------- Invoking toplevel() on ptolemy.moml.MoMLSimpleApplication@8651cbc
----------------- Done invoking toplevel() on ptolemy.moml.MoMLSimpleApplication@8651cbc
reloadAllAccessors: .CausalityInterface2
----------------- testing Fri May 11 00:42:22 UTC 2018 /home/travis/build/icyphy/ptII/ptolemy/domains/de/test/auto/CausalityInterface3.xml
----------------- Instantiating /home/travis/build/icyphy/ptII/ptolemy/domains/de/test/auto/CausalityInterface3.xml
1 ms. Memory: 298496K Free: 269033K (90%)
----------------- Invoking toplevel() on ptolemy.moml.MoMLSimpleApplication@417fd8e7
----------------- Done invoking toplevel() on ptolemy.moml.MoMLSimpleApplication@417fd8e7
reloadAllAccessors: .CausalityInterface3
----------------- testing Fri May 11 00:42:22 UTC 2018 /home/travis/build/icyphy/ptII/ptolemy/domains/de/test/auto/ClockDrift.xml
----------------- Instantiating /home/travis/build/icyphy/ptII/ptolemy/domains/de/test/auto/ClockDrift.xml
10 ms. Memory: 298496K Free: 253851K (85%)
----------------- Invoking toplevel() on ptolemy.moml.MoMLSimpleApplication@5f38a389
----------------- Done invoking toplevel() on ptolemy.moml.MoMLSimpleApplication@5f38a389
reloadAllAccessors: .ClockDrift
----------------- testing Fri May 11 00:42:22 UTC 2018 /home/travis/build/icyphy/ptII/ptolemy/domains/de/test/auto/ClockDriftAndValueChange.xml
----------------- Instantiating /home/travis/build/icyphy/ptII/ptolemy/domains/de/test/auto/ClockDriftAndValueChange.xml
7 ms. Memory: 298496K Free: 238674K (80%)
----------------- Invoking toplevel() on ptolemy.moml.MoMLSimpleApplication@3c0755e2
----------------- Done invoking toplevel() on ptolemy.moml.MoMLSimpleApplication@3c0755e2
reloadAllAccessors: .ClockDriftAndValueChange
----------------- testing Fri May 11 00:42:22 UTC 2018 /home/travis/build/icyphy/ptII/ptolemy/domains/de/test/auto/ClockDriftChange.xml
----------------- Instantiating /home/travis/build/icyphy/ptII/ptolemy/domains/de/test/auto/ClockDriftChange.xml
8 ms. Memory: 298496K Free: 223562K (75%)
----------------- Invoking toplevel() on ptolemy.moml.MoMLSimpleApplication@570eca5c
----------------- Done invoking toplevel() on ptolemy.moml.MoMLSimpleApplication@570eca5c
reloadAllAccessors: .ClockDriftChange
----------------- testing Fri May 11 00:42:22 UTC 2018 /home/travis/build/icyphy/ptII/ptolemy/domains/de/test/auto/ComposableCausalityAnalysis.xml
----------------- Instantiating /home/travis/build/icyphy/ptII/ptolemy/domains/de/test/auto/ComposableCausalityAnalysis.xml
0 ms. Memory: 298496K Free: 214882K (72%)
----------------- Invoking toplevel() on ptolemy.moml.MoMLSimpleApplication@1171de2d
----------------- Done invoking toplevel() on ptolemy.moml.MoMLSimpleApplication@1171de2d
reloadAllAccessors: .ComposableCausalityAnalysis
----------------- testing Fri May 11 00:42:23 UTC 2018 /home/travis/build/icyphy/ptII/ptolemy/domains/de/test/auto/DEFixedPointLimitation.xml
----------------- Instantiating /home/travis/build/icyphy/ptII/ptolemy/domains/de/test/auto/DEFixedPointLimitation.xml
1 ms. Memory: 298496K Free: 208369K (70%)
----------------- Invoking toplevel() on ptolemy.moml.MoMLSimpleApplication@64a77c8d
----------------- Done invoking toplevel() on ptolemy.moml.MoMLSimpleApplication@64a77c8d
reloadAllAccessors: .DEFixedPointLimitation
----------------- testing Fri May 11 00:42:23 UTC 2018 /home/travis/build/icyphy/ptII/ptolemy/domains/de/test/auto/DEScheduleTest.xml
----------------- Instantiating /home/travis/build/icyphy/ptII/ptolemy/domains/de/test/auto/DEScheduleTest.xml
1 ms. Memory: 298496K Free: 201872K (68%)
----------------- Invoking toplevel() on ptolemy.moml.MoMLSimpleApplication@146bfd82
----------------- Done invoking toplevel() on ptolemy.moml.MoMLSimpleApplication@146bfd82
reloadAllAccessors: .DEScheduleTest
----------------- testing Fri May 11 00:42:23 UTC 2018 /home/travis/build/icyphy/ptII/ptolemy/domains/de/test/auto/DEinDEwithStartTimes.xml
----------------- Instantiating /home/travis/build/icyphy/ptII/ptolemy/domains/de/test/auto/DEinDEwithStartTimes.xml
2 ms. Memory: 298496K Free: 193176K (65%)
----------------- Invoking toplevel() on ptolemy.moml.MoMLSimpleApplication@680b550d
----------------- Done invoking toplevel() on ptolemy.moml.MoMLSimpleApplication@680b550d
reloadAllAccessors: .DEinDEwithStartTimes
----------------- testing Fri May 11 00:42:23 UTC 2018 /home/travis/build/icyphy/ptII/ptolemy/domains/de/test/auto/DEinDEwithStartTimes2.xml
----------------- Instantiating /home/travis/build/icyphy/ptII/ptolemy/domains/de/test/auto/DEinDEwithStartTimes2.xml
2 ms. Memory: 298496K Free: 182412K (61%)
----------------- Invoking toplevel() on ptolemy.moml.MoMLSimpleApplication@41ede042
----------------- Done invoking toplevel() on ptolemy.moml.MoMLSimpleApplication@41ede042
reloadAllAccessors: .DEinDEwithStartTimes2
----------------- testing Fri May 11 00:42:23 UTC 2018 /home/travis/build/icyphy/ptII/ptolemy/domains/de/test/auto/DateDemo.xml
----------------- Instantiating /home/travis/build/icyphy/ptII/ptolemy/domains/de/test/auto/DateDemo.xml
3 ms. Memory: 298496K Free: 169401K (57%)
----------------- Invoking toplevel() on ptolemy.moml.MoMLSimpleApplication@6258c994
----------------- Done invoking toplevel() on ptolemy.moml.MoMLSimpleApplication@6258c994
reloadAllAccessors: .DateDemo
----------------- testing Fri May 11 00:42:23 UTC 2018 /home/travis/build/icyphy/ptII/ptolemy/domains/de/test/auto/DateToEvent.xml
----------------- Instantiating /home/travis/build/icyphy/ptII/ptolemy/domains/de/test/auto/DateToEvent.xml
2003 ms. Memory: 298496K Free: 149860K (50%)
----------------- Invoking toplevel() on ptolemy.moml.MoMLSimpleApplication@5a6d0369
----------------- Done invoking toplevel() on ptolemy.moml.MoMLSimpleApplication@5a6d0369
reloadAllAccessors: .DateToEvent
----------------- testing Fri May 11 00:42:25 UTC 2018 /home/travis/build/icyphy/ptII/ptolemy/domains/de/test/auto/DepthTest1.xml
----------------- Instantiating /home/travis/build/icyphy/ptII/ptolemy/domains/de/test/auto/DepthTest1.xml
1 ms. Memory: 298496K Free: 145529K (49%)
----------------- Invoking toplevel() on ptolemy.moml.MoMLSimpleApplication@3f332e25
----------------- Done invoking toplevel() on ptolemy.moml.MoMLSimpleApplication@3f332e25
reloadAllAccessors: .DepthTest1
----------------- testing Fri May 11 00:42:25 UTC 2018 /home/travis/build/icyphy/ptII/ptolemy/domains/de/test/auto/DepthTest2.xml
----------------- Instantiating /home/travis/build/icyphy/ptII/ptolemy/domains/de/test/auto/DepthTest2.xml
1 ms. Memory: 298496K Free: 134764K (45%)
----------------- Invoking toplevel() on ptolemy.moml.MoMLSimpleApplication@8fbe689
----------------- Done invoking toplevel() on ptolemy.moml.MoMLSimpleApplication@8fbe689
reloadAllAccessors: .DepthTest2
----------------- testing Fri May 11 00:42:25 UTC 2018 /home/travis/build/icyphy/ptII/ptolemy/domains/de/test/auto/DepthTest3.xml
----------------- Instantiating /home/travis/build/icyphy/ptII/ptolemy/domains/de/test/auto/DepthTest3.xml
0 ms. Memory: 298496K Free: 128250K (43%)
----------------- Invoking toplevel() on ptolemy.moml.MoMLSimpleApplication@367d24d
----------------- Done invoking toplevel() on ptolemy.moml.MoMLSimpleApplication@367d24d
reloadAllAccessors: .DepthTest3
----------------- testing Fri May 11 00:42:25 UTC 2018 /home/travis/build/icyphy/ptII/ptolemy/domains/de/test/auto/DepthTest4.xml
----------------- Instantiating /home/travis/build/icyphy/ptII/ptolemy/domains/de/test/auto/DepthTest4.xml
1 ms. Memory: 298496K Free: 119563K (40%)
----------------- Invoking toplevel() on ptolemy.moml.MoMLSimpleApplication@276dfb0f
----------------- Done invoking toplevel() on ptolemy.moml.MoMLSimpleApplication@276dfb0f
reloadAllAccessors: .DepthTest4
----------------- testing Fri May 11 00:42:25 UTC 2018 /home/travis/build/icyphy/ptII/ptolemy/domains/de/test/auto/DepthTest5.xml
----------------- Instantiating /home/travis/build/icyphy/ptII/ptolemy/domains/de/test/auto/DepthTest5.xml
2 ms. Memory: 298496K Free: 110884K (37%)
----------------- Invoking toplevel() on ptolemy.moml.MoMLSimpleApplication@7a60ed1f
----------------- Done invoking toplevel() on ptolemy.moml.MoMLSimpleApplication@7a60ed1f
reloadAllAccessors: .DepthTest5
----------------- testing Fri May 11 00:42:25 UTC 2018 /home/travis/build/icyphy/ptII/ptolemy/domains/de/test/auto/DepthTest6.xml
----------------- Instantiating /home/travis/build/icyphy/ptII/ptolemy/domains/de/test/auto/DepthTest6.xml
2 ms. Memory: 298496K Free: 102189K (34%)
----------------- Invoking toplevel() on ptolemy.moml.MoMLSimpleApplication@15d0b175
----------------- Done invoking toplevel() on ptolemy.moml.MoMLSimpleApplication@15d0b175
reloadAllAccessors: .DepthTest6
----------------- testing Fri May 11 00:42:25 UTC 2018 /home/travis/build/icyphy/ptII/ptolemy/domains/de/test/auto/DepthTest7.xml
----------------- Instantiating /home/travis/build/icyphy/ptII/ptolemy/domains/de/test/auto/DepthTest7.xml
2 ms. Memory: 298496K Free: 91408K (31%)
----------------- Invoking toplevel() on ptolemy.moml.MoMLSimpleApplication@274b3676
----------------- Done invoking toplevel() on ptolemy.moml.MoMLSimpleApplication@274b3676
reloadAllAccessors: .DepthTest7
----------------- testing Fri May 11 00:42:25 UTC 2018 /home/travis/build/icyphy/ptII/ptolemy/domains/de/test/auto/EventToDate.xml
----------------- Instantiating /home/travis/build/icyphy/ptII/ptolemy/domains/de/test/auto/EventToDate.xml
3012 ms. Memory: 289280K Free: 281175K (97%)
----------------- Invoking toplevel() on ptolemy.moml.MoMLSimpleApplication@59598e20
----------------- Done invoking toplevel() on ptolemy.moml.MoMLSimpleApplication@59598e20
reloadAllAccessors: .EventToDate
----------------- testing Fri May 11 00:42:28 UTC 2018 /home/travis/build/icyphy/ptII/ptolemy/domains/de/test/auto/FSM1.xml
----------------- Instantiating /home/travis/build/icyphy/ptII/ptolemy/domains/de/test/auto/FSM1.xml
5 ms. Memory: 289280K Free: 264124K (91%)
----------------- Invoking toplevel() on ptolemy.moml.MoMLSimpleApplication@7e2dfb43
----------------- Done invoking toplevel() on ptolemy.moml.MoMLSimpleApplication@7e2dfb43
reloadAllAccessors: .FSM1
----------------- testing Fri May 11 00:42:28 UTC 2018 /home/travis/build/icyphy/ptII/ptolemy/domains/de/test/auto/FSM7.xml
----------------- Instantiating /home/travis/build/icyphy/ptII/ptolemy/domains/de/test/auto/FSM7.xml
5 ms. Memory: 289280K Free: 249576K (86%)
----------------- Invoking toplevel() on ptolemy.moml.MoMLSimpleApplication@708ffae5
----------------- Done invoking toplevel() on ptolemy.moml.MoMLSimpleApplication@708ffae5
reloadAllAccessors: .FSM7
----------------- testing Fri May 11 00:42:28 UTC 2018 /home/travis/build/icyphy/ptII/ptolemy/domains/de/test/auto/Inspection.xml
----------------- Instantiating /home/travis/build/icyphy/ptII/ptolemy/domains/de/test/auto/Inspection.xml
8 ms. Memory: 289280K Free: 233662K (81%)
----------------- Invoking toplevel() on ptolemy.moml.MoMLSimpleApplication@4f56588b
----------------- Done invoking toplevel() on ptolemy.moml.MoMLSimpleApplication@4f56588b
reloadAllAccessors: .Inspection
----------------- testing Fri May 11 00:42:28 UTC 2018 /home/travis/build/icyphy/ptII/ptolemy/domains/de/test/auto/Iteration.xml
----------------- Instantiating /home/travis/build/icyphy/ptII/ptolemy/domains/de/test/auto/Iteration.xml
4 ms. Memory: 289280K Free: 225359K (78%)
----------------- Invoking toplevel() on ptolemy.moml.MoMLSimpleApplication@7cf10e2e
----------------- Done invoking toplevel() on ptolemy.moml.MoMLSimpleApplication@7cf10e2e
reloadAllAccessors: .Iteration
----------------- testing Fri May 11 00:42:28 UTC 2018 /home/travis/build/icyphy/ptII/ptolemy/domains/de/test/auto/LineFault.xml
----------------- Instantiating /home/travis/build/icyphy/ptII/ptolemy/domains/de/test/auto/LineFault.xml
291 ms. Memory: 289280K Free: 104840K (36%)
----------------- Invoking toplevel() on ptolemy.moml.MoMLSimpleApplication@c040bb9
----------------- Done invoking toplevel() on ptolemy.moml.MoMLSimpleApplication@c040bb9
reloadAllAccessors: .LineFault
----------------- testing Fri May 11 00:42:28 UTC 2018 /home/travis/build/icyphy/ptII/ptolemy/domains/de/test/auto/MergeModel1Add.xml
----------------- Instantiating /home/travis/build/icyphy/ptII/ptolemy/domains/de/test/auto/MergeModel1Add.xml
4 ms. Memory: 289280K Free: 82672K (29%)
----------------- Invoking toplevel() on ptolemy.moml.MoMLSimpleApplication@7f9ef398
----------------- Done invoking toplevel() on ptolemy.moml.MoMLSimpleApplication@7f9ef398
reloadAllAccessors: .MergeModel1Add
----------------- testing Fri May 11 00:42:28 UTC 2018 /home/travis/build/icyphy/ptII/ptolemy/domains/de/test/auto/MergeModel2Add.xml
----------------- Instantiating /home/travis/build/icyphy/ptII/ptolemy/domains/de/test/auto/MergeModel2Add.xml
4 ms. Memory: 280576K Free: 261180K (93%)
----------------- Invoking toplevel() on ptolemy.moml.MoMLSimpleApplication@494064e1
----------------- Done invoking toplevel() on ptolemy.moml.MoMLSimpleApplication@494064e1
reloadAllAccessors: .MergeModel2Add
----------------- testing Fri May 11 00:42:28 UTC 2018 /home/travis/build/icyphy/ptII/ptolemy/domains/de/test/auto/MergeModel3Add.xml
----------------- Instantiating /home/travis/build/icyphy/ptII/ptolemy/domains/de/test/auto/MergeModel3Add.xml
4 ms. Memory: 280576K Free: 240388K (86%)
----------------- Invoking toplevel() on ptolemy.moml.MoMLSimpleApplication@105fdd03
----------------- Done invoking toplevel() on ptolemy.moml.MoMLSimpleApplication@105fdd03
reloadAllAccessors: .MergeModel3Add
----------------- testing Fri May 11 00:42:28 UTC 2018 /home/travis/build/icyphy/ptII/ptolemy/domains/de/test/auto/MergeWithoutDiscard.xml
----------------- Instantiating /home/travis/build/icyphy/ptII/ptolemy/domains/de/test/auto/MergeWithoutDiscard.xml
1 ms. Memory: 280576K Free: 233542K (83%)
----------------- Invoking toplevel() on ptolemy.moml.MoMLSimpleApplication@62a3d5fb
----------------- Done invoking toplevel() on ptolemy.moml.MoMLSimpleApplication@62a3d5fb
reloadAllAccessors: .MergeWithoutDiscard
----------------- testing Fri May 11 00:42:28 UTC 2018 /home/travis/build/icyphy/ptII/ptolemy/domains/de/test/auto/Modal1.xml
----------------- Instantiating /home/travis/build/icyphy/ptII/ptolemy/domains/de/test/auto/Modal1.xml
9 ms. Memory: 280576K Free: 219586K (78%)
----------------- Invoking toplevel() on ptolemy.moml.MoMLSimpleApplication@3d592b92
----------------- Done invoking toplevel() on ptolemy.moml.MoMLSimpleApplication@3d592b92
reloadAllAccessors: .Modal1
----------------- testing Fri May 11 00:42:28 UTC 2018 /home/travis/build/icyphy/ptII/ptolemy/domains/de/test/auto/Modal2.xml
----------------- Instantiating /home/travis/build/icyphy/ptII/ptolemy/domains/de/test/auto/Modal2.xml
8 ms. Memory: 280576K Free: 204761K (73%)
----------------- Invoking toplevel() on ptolemy.moml.MoMLSimpleApplication@36b9d3f8
----------------- Done invoking toplevel() on ptolemy.moml.MoMLSimpleApplication@36b9d3f8
reloadAllAccessors: .Modal2
----------------- testing Fri May 11 00:42:28 UTC 2018 /home/travis/build/icyphy/ptII/ptolemy/domains/de/test/auto/Modal3.xml
----------------- Instantiating /home/travis/build/icyphy/ptII/ptolemy/domains/de/test/auto/Modal3.xml
5 ms. Memory: 280576K Free: 188820K (67%)
----------------- Invoking toplevel() on ptolemy.moml.MoMLSimpleApplication@2eb42df9
----------------- Done invoking toplevel() on ptolemy.moml.MoMLSimpleApplication@2eb42df9
reloadAllAccessors: .Modal3
----------------- testing Fri May 11 00:42:28 UTC 2018 /home/travis/build/icyphy/ptII/ptolemy/domains/de/test/auto/Modal4.xml
----------------- Instantiating /home/travis/build/icyphy/ptII/ptolemy/domains/de/test/auto/Modal4.xml
7 ms. Memory: 280576K Free: 172017K (61%)
----------------- Invoking toplevel() on ptolemy.moml.MoMLSimpleApplication@6181d0c2
----------------- Done invoking toplevel() on ptolemy.moml.MoMLSimpleApplication@6181d0c2
reloadAllAccessors: .Modal4
----------------- testing Fri May 11 00:42:28 UTC 2018 /home/travis/build/icyphy/ptII/ptolemy/domains/de/test/auto/Modal5.xml
----------------- Instantiating /home/travis/build/icyphy/ptII/ptolemy/domains/de/test/auto/Modal5.xml
6 ms. Memory: 280576K Free: 156068K (56%)
----------------- Invoking toplevel() on ptolemy.moml.MoMLSimpleApplication@65a92b1e
----------------- Done invoking toplevel() on ptolemy.moml.MoMLSimpleApplication@65a92b1e
reloadAllAccessors: .Modal5
----------------- testing Fri May 11 00:42:28 UTC 2018 /home/travis/build/icyphy/ptII/ptolemy/domains/de/test/auto/Modal6.xml
----------------- Instantiating /home/travis/build/icyphy/ptII/ptolemy/domains/de/test/auto/Modal6.xml
5 ms. Memory: 280576K Free: 141267K (50%)
----------------- Invoking toplevel() on ptolemy.moml.MoMLSimpleApplication@3d59e412
----------------- Done invoking toplevel() on ptolemy.moml.MoMLSimpleApplication@3d59e412
reloadAllAccessors: .Modal6
----------------- testing Fri May 11 00:42:28 UTC 2018 /home/travis/build/icyphy/ptII/ptolemy/domains/de/test/auto/Modal7.xml
----------------- Instantiating /home/travis/build/icyphy/ptII/ptolemy/domains/de/test/auto/Modal7.xml
4 ms. Memory: 280576K Free: 124440K (44%)
----------------- Invoking toplevel() on ptolemy.moml.MoMLSimpleApplication@3244df89
----------------- Done invoking toplevel() on ptolemy.moml.MoMLSimpleApplication@3244df89
reloadAllAccessors: .Modal7
----------------- testing Fri May 11 00:42:28 UTC 2018 /home/travis/build/icyphy/ptII/ptolemy/domains/de/test/auto/ModalModel.xml
----------------- Instantiating /home/travis/build/icyphy/ptII/ptolemy/domains/de/test/auto/ModalModel.xml
91 ms. Memory: 271872K Free: 241326K (89%)
----------------- Invoking toplevel() on ptolemy.moml.MoMLSimpleApplication@2fbc05b3
----------------- Done invoking toplevel() on ptolemy.moml.MoMLSimpleApplication@2fbc05b3
reloadAllAccessors: .ModalModel
----------------- testing Fri May 11 00:42:29 UTC 2018 /home/travis/build/icyphy/ptII/ptolemy/domains/de/test/auto/ModalSource.xml
----------------- Instantiating /home/travis/build/icyphy/ptII/ptolemy/domains/de/test/auto/ModalSource.xml
3 ms. Memory: 271872K Free: 230705K (85%)
----------------- Invoking toplevel() on ptolemy.moml.MoMLSimpleApplication@24dea21e
----------------- Done invoking toplevel() on ptolemy.moml.MoMLSimpleApplication@24dea21e
reloadAllAccessors: .ModalSource
----------------- testing Fri May 11 00:42:29 UTC 2018 /home/travis/build/icyphy/ptII/ptolemy/domains/de/test/auto/NonInterruptibleTimerZeroDelay.xml
----------------- Instantiating /home/travis/build/icyphy/ptII/ptolemy/domains/de/test/auto/NonInterruptibleTimerZeroDelay.xml
1 ms. Memory: 271872K Free: 225040K (83%)
----------------- Invoking toplevel() on ptolemy.moml.MoMLSimpleApplication@c6ee1af
----------------- Done invoking toplevel() on ptolemy.moml.MoMLSimpleApplication@c6ee1af
reloadAllAccessors: .NonInterruptibleTimerZeroDelay
----------------- testing Fri May 11 00:42:29 UTC 2018 /home/travis/build/icyphy/ptII/ptolemy/domains/de/test/auto/OpenQueueingNetwork.xml
----------------- Instantiating /home/travis/build/icyphy/ptII/ptolemy/domains/de/test/auto/OpenQueueingNetwork.xml
1868 ms. Memory: 250880K Free: 97372K (39%)
----------------- Invoking toplevel() on ptolemy.moml.MoMLSimpleApplication@228b551a
----------------- Done invoking toplevel() on ptolemy.moml.MoMLSimpleApplication@228b551a
reloadAllAccessors: .OpenQueueingNetwork
----------------- testing Fri May 11 00:42:30 UTC 2018 /home/travis/build/icyphy/ptII/ptolemy/domains/de/test/auto/OpenQueuingNetwork.xml
----------------- Instantiating /home/travis/build/icyphy/ptII/ptolemy/domains/de/test/auto/OpenQueuingNetwork.xml
209 ms. Memory: 242688K Free: 167056K (69%)
----------------- Invoking toplevel() on ptolemy.moml.MoMLSimpleApplication@4cdd1ba0
----------------- Done invoking toplevel() on ptolemy.moml.MoMLSimpleApplication@4cdd1ba0
reloadAllAccessors: .OpenQueuingNetwork
----------------- testing Fri May 11 00:42:31 UTC 2018 /home/travis/build/icyphy/ptII/ptolemy/domains/de/test/auto/PeriodicSampler.xml
----------------- Instantiating /home/travis/build/icyphy/ptII/ptolemy/domains/de/test/auto/PeriodicSampler.xml
2 ms. Memory: 242688K Free: 161580K (67%)
----------------- Invoking toplevel() on ptolemy.moml.MoMLSimpleApplication@79cd44ae
----------------- Done invoking toplevel() on ptolemy.moml.MoMLSimpleApplication@79cd44ae
reloadAllAccessors: .PeriodicSampler
----------------- testing Fri May 11 00:42:31 UTC 2018 /home/travis/build/icyphy/ptII/ptolemy/domains/de/test/auto/PersistentIO.xml
----------------- Instantiating /home/travis/build/icyphy/ptII/ptolemy/domains/de/test/auto/PersistentIO.xml
3 ms. Memory: 242688K Free: 149849K (62%)
----------------- Invoking toplevel() on ptolemy.moml.MoMLSimpleApplication@6d04eb
----------------- Done invoking toplevel() on ptolemy.moml.MoMLSimpleApplication@6d04eb
reloadAllAccessors: .PersistentIO
----------------- testing Fri May 11 00:42:31 UTC 2018 /home/travis/build/icyphy/ptII/ptolemy/domains/de/test/auto/PortParameterResetOnInitialize.xml
----------------- Instantiating /home/travis/build/icyphy/ptII/ptolemy/domains/de/test/auto/PortParameterResetOnInitialize.xml
1 ms. Memory: 242688K Free: 142743K (59%)
----------------- Invoking toplevel() on ptolemy.moml.MoMLSimpleApplication@58e6cd3d
----------------- Done invoking toplevel() on ptolemy.moml.MoMLSimpleApplication@58e6cd3d
reloadAllAccessors: .PortParameterResetOnInitialize
----------------- testing Fri May 11 00:42:31 UTC 2018 /home/travis/build/icyphy/ptII/ptolemy/domains/de/test/auto/PortParameterUpdates.xml
----------------- Instantiating /home/travis/build/icyphy/ptII/ptolemy/domains/de/test/auto/PortParameterUpdates.xml
7 ms. Memory: 242688K Free: 134244K (55%)
----------------- Invoking toplevel() on ptolemy.moml.MoMLSimpleApplication@599f3312
----------------- Done invoking toplevel() on ptolemy.moml.MoMLSimpleApplication@599f3312
reloadAllAccessors: .PortParameterUpdates
----------------- testing Fri May 11 00:42:31 UTC 2018 /home/travis/build/icyphy/ptII/ptolemy/domains/de/test/auto/QueueAndServer.xml
----------------- Instantiating /home/travis/build/icyphy/ptII/ptolemy/domains/de/test/auto/QueueAndServer.xml
5 ms. Memory: 242688K Free: 125745K (52%)
----------------- Invoking toplevel() on ptolemy.moml.MoMLSimpleApplication@13e2ddfc
----------------- Done invoking toplevel() on ptolemy.moml.MoMLSimpleApplication@13e2ddfc
reloadAllAccessors: .QueueAndServer
----------------- testing Fri May 11 00:42:31 UTC 2018 /home/travis/build/icyphy/ptII/ptolemy/domains/de/test/auto/Records.xml
----------------- Instantiating /home/travis/build/icyphy/ptII/ptolemy/domains/de/test/auto/Records.xml
6 ms. Memory: 242688K Free: 118664K (49%)
----------------- Invoking toplevel() on ptolemy.moml.MoMLSimpleApplication@3a332267
----------------- Done invoking toplevel() on ptolemy.moml.MoMLSimpleApplication@3a332267
reloadAllAccessors: .Records
----------------- testing Fri May 11 00:42:31 UTC 2018 /home/travis/build/icyphy/ptII/ptolemy/domains/de/test/auto/ResetTransitionWithStartTime1.xml
----------------- Instantiating /home/travis/build/icyphy/ptII/ptolemy/domains/de/test/auto/ResetTransitionWithStartTime1.xml
6 ms. Memory: 242688K Free: 108541K (45%)
----------------- Invoking toplevel() on ptolemy.moml.MoMLSimpleApplication@75680437
----------------- Done invoking toplevel() on ptolemy.moml.MoMLSimpleApplication@75680437
reloadAllAccessors: .ResetTransitionWithStartTime1
----------------- testing Fri May 11 00:42:31 UTC 2018 /home/travis/build/icyphy/ptII/ptolemy/domains/de/test/auto/ResetTransitionWithStartTime2.xml
----------------- Instantiating /home/travis/build/icyphy/ptII/ptolemy/domains/de/test/auto/ResetTransitionWithStartTime2.xml
4 ms. Memory: 242688K Free: 98434K (41%)
----------------- Invoking toplevel() on ptolemy.moml.MoMLSimpleApplication@1393ec66
----------------- Done invoking toplevel() on ptolemy.moml.MoMLSimpleApplication@1393ec66
reloadAllAccessors: .ResetTransitionWithStartTime2
----------------- testing Fri May 11 00:42:31 UTC 2018 /home/travis/build/icyphy/ptII/ptolemy/domains/de/test/auto/ResetTransitionWithStartTime3.xml
----------------- Instantiating /home/travis/build/icyphy/ptII/ptolemy/domains/de/test/auto/ResetTransitionWithStartTime3.xml
4 ms. Memory: 242688K Free: 88113K (36%)
----------------- Invoking toplevel() on ptolemy.moml.MoMLSimpleApplication@71031e26
----------------- Done invoking toplevel() on ptolemy.moml.MoMLSimpleApplication@71031e26
reloadAllAccessors: .ResetTransitionWithStartTime3
----------------- testing Fri May 11 00:42:31 UTC 2018 /home/travis/build/icyphy/ptII/ptolemy/domains/de/test/auto/ResetTransitionWithStartTime4.xml
----------------- Instantiating /home/travis/build/icyphy/ptII/ptolemy/domains/de/test/auto/ResetTransitionWithStartTime4.xml
3 ms. Memory: 242688K Free: 79629K (33%)
----------------- Invoking toplevel() on ptolemy.moml.MoMLSimpleApplication@7d2adcbd
----------------- Done invoking toplevel() on ptolemy.moml.MoMLSimpleApplication@7d2adcbd
reloadAllAccessors: .ResetTransitionWithStartTime4
----------------- testing Fri May 11 00:42:31 UTC 2018 /home/travis/build/icyphy/ptII/ptolemy/domains/de/test/auto/ResettableTimer1.xml
----------------- Instantiating /home/travis/build/icyphy/ptII/ptolemy/domains/de/test/auto/ResettableTimer1.xml
2 ms. Memory: 242688K Free: 72555K (30%)
----------------- Invoking toplevel() on ptolemy.moml.MoMLSimpleApplication@67ba754f
----------------- Done invoking toplevel() on ptolemy.moml.MoMLSimpleApplication@67ba754f
reloadAllAccessors: .ResettableTimer1
----------------- testing Fri May 11 00:42:31 UTC 2018 /home/travis/build/icyphy/ptII/ptolemy/domains/de/test/auto/ResettableTimer2.xml
----------------- Instantiating /home/travis/build/icyphy/ptII/ptolemy/domains/de/test/auto/ResettableTimer2.xml
1 ms. Memory: 237568K Free: 222057K (93%)
----------------- Invoking toplevel() on ptolemy.moml.MoMLSimpleApplication@28dbe5a3
----------------- Done invoking toplevel() on ptolemy.moml.MoMLSimpleApplication@28dbe5a3
reloadAllAccessors: .ResettableTimer2
----------------- testing Fri May 11 00:42:31 UTC 2018 /home/travis/build/icyphy/ptII/ptolemy/domains/de/test/auto/ResettableTimer3.xml
----------------- Instantiating /home/travis/build/icyphy/ptII/ptolemy/domains/de/test/auto/ResettableTimer3.xml
1 ms. Memory: 237568K Free: 215336K (91%)
----------------- Invoking toplevel() on ptolemy.moml.MoMLSimpleApplication@7c83d633
----------------- Done invoking toplevel() on ptolemy.moml.MoMLSimpleApplication@7c83d633
reloadAllAccessors: .ResettableTimer3
----------------- testing Fri May 11 00:42:31 UTC 2018 /home/travis/build/icyphy/ptII/ptolemy/domains/de/test/auto/ResettableTimer4.xml
----------------- Instantiating /home/travis/build/icyphy/ptII/ptolemy/domains/de/test/auto/ResettableTimer4.xml
1 ms. Memory: 237568K Free: 208614K (88%)
----------------- Invoking toplevel() on ptolemy.moml.MoMLSimpleApplication@379fdb5a
----------------- Done invoking toplevel() on ptolemy.moml.MoMLSimpleApplication@379fdb5a
reloadAllAccessors: .ResettableTimer4
----------------- testing Fri May 11 00:42:31 UTC 2018 /home/travis/build/icyphy/ptII/ptolemy/domains/de/test/auto/ResettableTimer5.xml
----------------- Instantiating /home/travis/build/icyphy/ptII/ptolemy/domains/de/test/auto/ResettableTimer5.xml
1 ms. Memory: 237568K Free: 201909K (85%)
----------------- Invoking toplevel() on ptolemy.moml.MoMLSimpleApplication@5b85f69c
----------------- Done invoking toplevel() on ptolemy.moml.MoMLSimpleApplication@5b85f69c
reloadAllAccessors: .ResettableTimer5
----------------- testing Fri May 11 00:42:31 UTC 2018 /home/travis/build/icyphy/ptII/ptolemy/domains/de/test/auto/ResettableTimer6.xml
----------------- Instantiating /home/travis/build/icyphy/ptII/ptolemy/domains/de/test/auto/ResettableTimer6.xml
2 ms. Memory: 237568K Free: 195219K (82%)
----------------- Invoking toplevel() on ptolemy.moml.MoMLSimpleApplication@31e8c283
----------------- Done invoking toplevel() on ptolemy.moml.MoMLSimpleApplication@31e8c283
reloadAllAccessors: .ResettableTimer6
----------------- testing Fri May 11 00:42:31 UTC 2018 /home/travis/build/icyphy/ptII/ptolemy/domains/de/test/auto/ServerZeroDelay.xml
----------------- Instantiating /home/travis/build/icyphy/ptII/ptolemy/domains/de/test/auto/ServerZeroDelay.xml
2 ms. Memory: 237568K Free: 190053K (80%)
----------------- Invoking toplevel() on ptolemy.moml.MoMLSimpleApplication@5030af7f
----------------- Done invoking toplevel() on ptolemy.moml.MoMLSimpleApplication@5030af7f
reloadAllAccessors: .ServerZeroDelay
----------------- testing Fri May 11 00:42:31 UTC 2018 /home/travis/build/icyphy/ptII/ptolemy/domains/de/test/auto/SmartSender.xml
----------------- Instantiating /home/travis/build/icyphy/ptII/ptolemy/domains/de/test/auto/SmartSender.xml
3001 ms. Memory: 237568K Free: 183339K (77%)
----------------- Invoking toplevel() on ptolemy.moml.MoMLSimpleApplication@62e48038
----------------- Done invoking toplevel() on ptolemy.moml.MoMLSimpleApplication@62e48038
reloadAllAccessors: .SmartSender
----------------- testing Fri May 11 00:42:34 UTC 2018 /home/travis/build/icyphy/ptII/ptolemy/domains/de/test/auto/ThreadedComposite.xml
----------------- Instantiating /home/travis/build/icyphy/ptII/ptolemy/domains/de/test/auto/ThreadedComposite.xml
143 ms. Memory: 237568K Free: 155031K (65%)
----------------- Invoking toplevel() on ptolemy.moml.MoMLSimpleApplication@6db8a07a
----------------- Done invoking toplevel() on ptolemy.moml.MoMLSimpleApplication@6db8a07a
reloadAllAccessors: .ThreadedComposite
----------------- testing Fri May 11 00:42:34 UTC 2018 /home/travis/build/icyphy/ptII/ptolemy/domains/de/test/auto/Time.xml
----------------- Instantiating /home/travis/build/icyphy/ptII/ptolemy/domains/de/test/auto/Time.xml
417 ms. Memory: 237568K Free: 99009K (42%)
----------------- Invoking toplevel() on ptolemy.moml.MoMLSimpleApplication@79a355b1
----------------- Done invoking toplevel() on ptolemy.moml.MoMLSimpleApplication@79a355b1
reloadAllAccessors: .Time
----------------- testing Fri May 11 00:42:35 UTC 2018 /home/travis/build/icyphy/ptII/ptolemy/domains/de/test/auto/TimeDelayZeroDelay.xml
----------------- Instantiating /home/travis/build/icyphy/ptII/ptolemy/domains/de/test/auto/TimeDelayZeroDelay.xml
2 ms. Memory: 237568K Free: 93861K (40%)
----------------- Invoking toplevel() on ptolemy.moml.MoMLSimpleApplication@368ae3e6
----------------- Done invoking toplevel() on ptolemy.moml.MoMLSimpleApplication@368ae3e6
reloadAllAccessors: .TimeDelayZeroDelay
----------------- testing Fri May 11 00:42:35 UTC 2018 /home/travis/build/icyphy/ptII/ptolemy/domains/de/test/auto/TimerZeroDelay.xml
----------------- Instantiating /home/travis/build/icyphy/ptII/ptolemy/domains/de/test/auto/TimerZeroDelay.xml
2 ms. Memory: 237568K Free: 88688K (37%)
----------------- Invoking toplevel() on ptolemy.moml.MoMLSimpleApplication@5c83c4a9
----------------- Done invoking toplevel() on ptolemy.moml.MoMLSimpleApplication@5c83c4a9
reloadAllAccessors: .TimerZeroDelay
----------------- testing Fri May 11 00:42:35 UTC 2018 /home/travis/build/icyphy/ptII/ptolemy/domains/de/test/auto/TimingParadox.xml
----------------- Instantiating /home/travis/build/icyphy/ptII/ptolemy/domains/de/test/auto/TimingParadox.xml
290 ms. Memory: 230400K Free: 165331K (72%)
----------------- Invoking toplevel() on ptolemy.moml.MoMLSimpleApplication@e052800
----------------- Done invoking toplevel() on ptolemy.moml.MoMLSimpleApplication@e052800
reloadAllAccessors: .TimingParadox
----------------- testing Fri May 11 00:42:35 UTC 2018 /home/travis/build/icyphy/ptII/ptolemy/domains/de/test/auto/TransferInputs.xml
----------------- Instantiating /home/travis/build/icyphy/ptII/ptolemy/domains/de/test/auto/TransferInputs.xml
2 ms. Memory: 230400K Free: 159783K (69%)
----------------- Invoking toplevel() on ptolemy.moml.MoMLSimpleApplication@175e0cb1
----------------- Done invoking toplevel() on ptolemy.moml.MoMLSimpleApplication@175e0cb1
reloadAllAccessors: .TransferInputs
----------------- testing Fri May 11 00:42:35 UTC 2018 /home/travis/build/icyphy/ptII/ptolemy/domains/de/test/auto/TransferOutputs2.xml
----------------- Instantiating /home/travis/build/icyphy/ptII/ptolemy/domains/de/test/auto/TransferOutputs2.xml
3 ms. Memory: 230400K Free: 150250K (65%)
----------------- Invoking toplevel() on ptolemy.moml.MoMLSimpleApplication@748ad8e1
----------------- Done invoking toplevel() on ptolemy.moml.MoMLSimpleApplication@748ad8e1
reloadAllAccessors: .TransferOutputs2
----------------- testing Fri May 11 00:42:35 UTC 2018 /home/travis/build/icyphy/ptII/ptolemy/domains/de/test/auto/Trilateration.xml
----------------- Instantiating /home/travis/build/icyphy/ptII/ptolemy/domains/de/test/auto/Trilateration.xml
10436 ms. Memory: 596992K Free: 414868K (69%)
----------------- Invoking toplevel() on ptolemy.moml.MoMLSimpleApplication@569968af
----------------- Done invoking toplevel() on ptolemy.moml.MoMLSimpleApplication@569968af
reloadAllAccessors: .Trilateration
----------------- testing Fri May 11 00:42:46 UTC 2018 /home/travis/build/icyphy/ptII/ptolemy/domains/de/test/auto/TwoSigmaDelta.xml
----------------- Instantiating /home/travis/build/icyphy/ptII/ptolemy/domains/de/test/auto/TwoSigmaDelta.xml
1992 ms. Memory: 596992K Free: 119423K (20%)
----------------- Invoking toplevel() on ptolemy.moml.MoMLSimpleApplication@51b3e10d
----------------- Done invoking toplevel() on ptolemy.moml.MoMLSimpleApplication@51b3e10d
reloadAllAccessors: .TwoSigmaDelta
----------------- testing Fri May 11 00:42:48 UTC 2018 /home/travis/build/icyphy/ptII/ptolemy/domains/de/test/auto/VariableDelay.xml
----------------- Instantiating /home/travis/build/icyphy/ptII/ptolemy/domains/de/test/auto/VariableDelay.xml
2 ms. Memory: 596992K Free: 98424K (16%)
----------------- Invoking toplevel() on ptolemy.moml.MoMLSimpleApplication@4916f001
----------------- Done invoking toplevel() on ptolemy.moml.MoMLSimpleApplication@4916f001
reloadAllAccessors: .VariableDelay
----------------- testing Fri May 11 00:42:48 UTC 2018 /home/travis/build/icyphy/ptII/ptolemy/domains/de/test/auto/VariableDelay2.xml
----------------- Instantiating /home/travis/build/icyphy/ptII/ptolemy/domains/de/test/auto/VariableDelay2.xml
1 ms. Memory: 596992K Free: 77051K (13%)
----------------- Invoking toplevel() on ptolemy.moml.MoMLSimpleApplication@7818150b
----------------- Done invoking toplevel() on ptolemy.moml.MoMLSimpleApplication@7818150b
reloadAllAccessors: .VariableDelay2
----------------- testing Fri May 11 00:42:48 UTC 2018 /home/travis/build/icyphy/ptII/ptolemy/domains/de/test/auto/VariableDelayZeroDelay.xml
----------------- Instantiating /home/travis/build/icyphy/ptII/ptolemy/domains/de/test/auto/VariableDelayZeroDelay.xml
5 ms. Memory: 596992K Free: 56053K (9%)
----------------- Invoking toplevel() on ptolemy.moml.MoMLSimpleApplication@7829b93f
----------------- Done invoking toplevel() on ptolemy.moml.MoMLSimpleApplication@7829b93f
reloadAllAccessors: .VariableDelayZeroDelay
----------------- testing Fri May 11 00:42:48 UTC 2018 /home/travis/build/icyphy/ptII/ptolemy/domains/de/test/auto/VariableDelayZeroDelay2.xml
----------------- Instantiating /home/travis/build/icyphy/ptII/ptolemy/domains/de/test/auto/VariableDelayZeroDelay2.xml
1 ms. Memory: 577536K Free: 536007K (93%)
----------------- Invoking toplevel() on ptolemy.moml.MoMLSimpleApplication@6f3b2138
----------------- Done invoking toplevel() on ptolemy.moml.MoMLSimpleApplication@6f3b2138
reloadAllAccessors: .VariableDelayZeroDelay2
----------------- testing Fri May 11 00:42:48 UTC 2018 /home/travis/build/icyphy/ptII/ptolemy/domains/de/test/auto/deInCt.xml
----------------- Instantiating /home/travis/build/icyphy/ptII/ptolemy/domains/de/test/auto/deInCt.xml
0
1
1
1
1
1
1
0
0
0
0
0
1
1
1
0
0
0
1
1
1
1
0
0
0
1
1
1
1
8 ms. Memory: 577536K Free: 515597K (89%)
----------------- Invoking toplevel() on ptolemy.moml.MoMLSimpleApplication@74d4f309
----------------- Done invoking toplevel() on ptolemy.moml.MoMLSimpleApplication@74d4f309
reloadAllAccessors: .deInCt
----------------- testing Fri May 11 00:42:48 UTC 2018 /home/travis/build/icyphy/ptII/ptolemy/domains/de/test/auto/deInCt2.xml
----------------- Instantiating /home/travis/build/icyphy/ptII/ptolemy/domains/de/test/auto/deInCt2.xml
0
1
1
1
0
0
1
1
1
0
0
1
1
1
0
0
1
1
1
0
0
1
1
1
0
0
1
1
1
0
0
1
1
1
0
0
1
1
1
0
0
0
8 ms. Memory: 577536K Free: 495436K (86%)
----------------- Invoking toplevel() on ptolemy.moml.MoMLSimpleApplication@7e856cab
----------------- Done invoking toplevel() on ptolemy.moml.MoMLSimpleApplication@7e856cab
reloadAllAccessors: .deInCt2
----------------- testing Fri May 11 00:42:48 UTC 2018 /home/travis/build/icyphy/ptII/ptolemy/domains/de/test/auto/dynamicCausalityInterface1.xml
----------------- Instantiating /home/travis/build/icyphy/ptII/ptolemy/domains/de/test/auto/dynamicCausalityInterface1.xml
1 ms. Memory: 577536K Free: 475276K (82%)
----------------- Invoking toplevel() on ptolemy.moml.MoMLSimpleApplication@4ffa887f
----------------- Done invoking toplevel() on ptolemy.moml.MoMLSimpleApplication@4ffa887f
reloadAllAccessors: .dynamicCausalityInterface1
----------------- testing Fri May 11 00:42:48 UTC 2018 /home/travis/build/icyphy/ptII/ptolemy/domains/de/test/auto/fsm_de_test.xml
----------------- Instantiating /home/travis/build/icyphy/ptII/ptolemy/domains/de/test/auto/fsm_de_test.xml
4 ms. Memory: 577536K Free: 455114K (79%)
----------------- Invoking toplevel() on ptolemy.moml.MoMLSimpleApplication@2b6267f5
----------------- Done invoking toplevel() on ptolemy.moml.MoMLSimpleApplication@2b6267f5
reloadAllAccessors: .fsm_de_test
----------------- testing Fri May 11 00:42:48 UTC 2018 /home/travis/build/icyphy/ptII/ptolemy/domains/de/test/auto/functionDependencyReconstruction.xml
----------------- Instantiating /home/travis/build/icyphy/ptII/ptolemy/domains/de/test/auto/functionDependencyReconstruction.xml
2 ms. Memory: 577536K Free: 425107K (74%)
----------------- Invoking toplevel() on ptolemy.moml.MoMLSimpleApplication@103ea86f
----------------- Done invoking toplevel() on ptolemy.moml.MoMLSimpleApplication@103ea86f
reloadAllAccessors: .functionDependencyReconstruction
----------------- testing Fri May 11 00:42:48 UTC 2018 /home/travis/build/icyphy/ptII/ptolemy/domains/de/test/auto/multirate.xml
----------------- Instantiating /home/travis/build/icyphy/ptII/ptolemy/domains/de/test/auto/multirate.xml
2 ms. Memory: 577536K Free: 404697K (70%)
----------------- Invoking toplevel() on ptolemy.moml.MoMLSimpleApplication@3599cf17
----------------- Done invoking toplevel() on ptolemy.moml.MoMLSimpleApplication@3599cf17
reloadAllAccessors: .multirate
----------------- testing Fri May 11 00:42:48 UTC 2018 /home/travis/build/icyphy/ptII/ptolemy/domains/de/test/auto/multirate2.xml
----------------- Instantiating /home/travis/build/icyphy/ptII/ptolemy/domains/de/test/auto/multirate2.xml
3 ms. Memory: 577536K Free: 384536K (67%)
----------------- Invoking toplevel() on ptolemy.moml.MoMLSimpleApplication@324b9567
----------------- Done invoking toplevel() on ptolemy.moml.MoMLSimpleApplication@324b9567
reloadAllAccessors: .multirate2
----------------- testing Fri May 11 00:42:48 UTC 2018 /home/travis/build/icyphy/ptII/ptolemy/domains/de/test/auto/realtime.xml
----------------- Instantiating /home/travis/build/icyphy/ptII/ptolemy/domains/de/test/auto/realtime.xml
10001 ms. Memory: 577536K Free: 364376K (63%)
----------------- Invoking toplevel() on ptolemy.moml.MoMLSimpleApplication@1fe82ae8
----------------- Done invoking toplevel() on ptolemy.moml.MoMLSimpleApplication@1fe82ae8
reloadAllAccessors: .realtime
----------------- testing Fri May 11 00:42:58 UTC 2018 /home/travis/build/icyphy/ptII/ptolemy/domains/de/test/auto/relationGroup.xml
----------------- Instantiating /home/travis/build/icyphy/ptII/ptolemy/domains/de/test/auto/relationGroup.xml
1 ms. Memory: 577536K Free: 344215K (60%)
----------------- Invoking toplevel() on ptolemy.moml.MoMLSimpleApplication@7cd3133d
----------------- Done invoking toplevel() on ptolemy.moml.MoMLSimpleApplication@7cd3133d
reloadAllAccessors: .relationGroup
----------------- testing Fri May 11 00:42:59 UTC 2018 /home/travis/build/icyphy/ptII/ptolemy/domains/de/test/auto/relationGroup2.xml
----------------- Instantiating /home/travis/build/icyphy/ptII/ptolemy/domains/de/test/auto/relationGroup2.xml
2 ms. Memory: 577536K Free: 324054K (56%)
----------------- Invoking toplevel() on ptolemy.moml.MoMLSimpleApplication@2ee01d3e
----------------- Done invoking toplevel() on ptolemy.moml.MoMLSimpleApplication@2ee01d3e
reloadAllAccessors: .relationGroup2
----------------- testing Fri May 11 00:42:59 UTC 2018 /home/travis/build/icyphy/ptII/ptolemy/domains/de/test/auto/sortWithOpaquePorts.xml
----------------- Instantiating /home/travis/build/icyphy/ptII/ptolemy/domains/de/test/auto/sortWithOpaquePorts.xml
1 ms. Memory: 577536K Free: 303893K (53%)
----------------- Invoking toplevel() on ptolemy.moml.MoMLSimpleApplication@3a6b2d5f
----------------- Done invoking toplevel() on ptolemy.moml.MoMLSimpleApplication@3a6b2d5f
reloadAllAccessors: .sortWithOpaquePorts
----------------- testing Fri May 11 00:42:59 UTC 2018 /home/travis/build/icyphy/ptII/ptolemy/domains/de/test/auto/transferInputsandOutputs.xml
----------------- Instantiating /home/travis/build/icyphy/ptII/ptolemy/domains/de/test/auto/transferInputsandOutputs.xml
2 ms. Memory: 577536K Free: 283733K (49%)
----------------- Invoking toplevel() on ptolemy.moml.MoMLSimpleApplication@6d4ae752
----------------- Done invoking toplevel() on ptolemy.moml.MoMLSimpleApplication@6d4ae752
reloadAllAccessors: .transferInputsandOutputs
----------------- testing Fri May 11 00:42:59 UTC 2018 /home/travis/build/icyphy/ptII/ptolemy/domains/de/test/auto/triggerType.xml
----------------- Instantiating /home/travis/build/icyphy/ptII/ptolemy/domains/de/test/auto/triggerType.xml
1 ms. Memory: 577536K Free: 263323K (46%)
----------------- Invoking toplevel() on ptolemy.moml.MoMLSimpleApplication@22cd473f
----------------- Done invoking toplevel() on ptolemy.moml.MoMLSimpleApplication@22cd473f
reloadAllAccessors: .triggerType
AutoTests.java: About to close Vertx.
AutoTests.java: Vertx closed.
]]></system-out>
  <system-err><![CDATA[java.lang.RuntimeException: Execution failed
	at ptolemy.moml.MoMLSimpleApplication$UnloadThread.run(MoMLSimpleApplication.java:402)
Caused by: ptolemy.kernel.util.IllegalActionException: Found a zero delay loop containing .dependencyLoop.original
  in .dependencyLoop and .dependencyLoop.original
	at ptolemy.actor.util.CausalityInterfaceForComposites._computeOutputPortDepth(CausalityInterfaceForComposites.java:759)
	at ptolemy.actor.util.CausalityInterfaceForComposites._computeInputDepth(CausalityInterfaceForComposites.java:696)
	at ptolemy.actor.util.CausalityInterfaceForComposites._computeOutputPortDepth(CausalityInterfaceForComposites.java:765)
	at ptolemy.actor.util.CausalityInterfaceForComposites._computeInputDepth(CausalityInterfaceForComposites.java:696)
	at ptolemy.actor.util.CausalityInterfaceForComposites._computeOutputPortDepth(CausalityInterfaceForComposites.java:765)
	at ptolemy.actor.util.CausalityInterfaceForComposites._computeInputDepth(CausalityInterfaceForComposites.java:696)
	at ptolemy.actor.util.CausalityInterfaceForComposites._computeActorDepth(CausalityInterfaceForComposites.java:532)
	at ptolemy.actor.util.CausalityInterfaceForComposites.checkForCycles(CausalityInterfaceForComposites.java:96)
	at ptolemy.domains.de.kernel.DEDirector.preinitialize(DEDirector.java:1337)
	at ptolemy.actor.CompositeActor.preinitialize(CompositeActor.java:1828)
	at ptolemy.actor.Manager.preinitializeAndResolveTypes(Manager.java:1040)
	at ptolemy.actor.Manager.initialize(Manager.java:710)
	at ptolemy.actor.Manager.execute(Manager.java:356)
	at ptolemy.actor.Manager.run(Manager.java:1263)
	at ptolemy.actor.Manager$PtolemyRunThread.run(Manager.java:1915)
java.lang.RuntimeException: Execution failed
	at ptolemy.moml.MoMLSimpleApplication$UnloadThread.run(MoMLSimpleApplication.java:402)
Caused by: ptolemy.kernel.util.IllegalActionException: Found a zero delay loop containing .dependencyLoop2.original
  in .dependencyLoop2 and .dependencyLoop2.original
	at ptolemy.actor.util.CausalityInterfaceForComposites._computeOutputPortDepth(CausalityInterfaceForComposites.java:759)
	at ptolemy.actor.util.CausalityInterfaceForComposites._computeInputDepth(CausalityInterfaceForComposites.java:696)
	at ptolemy.actor.util.CausalityInterfaceForComposites._computeOutputPortDepth(CausalityInterfaceForComposites.java:765)
	at ptolemy.actor.util.CausalityInterfaceForComposites._computeInputDepth(CausalityInterfaceForComposites.java:696)
	at ptolemy.actor.util.CausalityInterfaceForComposites._computeOutputPortDepth(CausalityInterfaceForComposites.java:765)
	at ptolemy.actor.util.CausalityInterfaceForComposites._computeInputDepth(CausalityInterfaceForComposites.java:696)
	at ptolemy.actor.util.CausalityInterfaceForComposites._computeActorDepth(CausalityInterfaceForComposites.java:532)
	at ptolemy.actor.util.CausalityInterfaceForComposites.checkForCycles(CausalityInterfaceForComposites.java:96)
	at ptolemy.domains.de.kernel.DEDirector.preinitialize(DEDirector.java:1337)
	at ptolemy.actor.CompositeActor.preinitialize(CompositeActor.java:1828)
	at ptolemy.actor.Manager.preinitializeAndResolveTypes(Manager.java:1040)
	at ptolemy.actor.Manager.initialize(Manager.java:710)
	at ptolemy.actor.Manager.execute(Manager.java:356)
	at ptolemy.actor.Manager.run(Manager.java:1263)
	at ptolemy.actor.Manager$PtolemyRunThread.run(Manager.java:1915)
java.lang.RuntimeException: Execution failed
	at ptolemy.moml.MoMLSimpleApplication$UnloadThread.run(MoMLSimpleApplication.java:402)
Caused by: ptolemy.kernel.util.IllegalActionException: Found a zero delay loop containing .dependencyLoop.original
  in .dependencyLoop and .dependencyLoop.original
	at ptolemy.actor.util.CausalityInterfaceForComposites._computeOutputPortDepth(CausalityInterfaceForComposites.java:759)
	at ptolemy.actor.util.CausalityInterfaceForComposites._computeInputDepth(CausalityInterfaceForComposites.java:696)
	at ptolemy.actor.util.CausalityInterfaceForComposites._computeOutputPortDepth(CausalityInterfaceForComposites.java:765)
	at ptolemy.actor.util.CausalityInterfaceForComposites._computeInputDepth(CausalityInterfaceForComposites.java:696)
	at ptolemy.actor.util.CausalityInterfaceForComposites._computeOutputPortDepth(CausalityInterfaceForComposites.java:765)
	at ptolemy.actor.util.CausalityInterfaceForComposites._computeInputDepth(CausalityInterfaceForComposites.java:696)
	at ptolemy.actor.util.CausalityInterfaceForComposites._computeActorDepth(CausalityInterfaceForComposites.java:532)
	at ptolemy.actor.util.CausalityInterfaceForComposites.checkForCycles(CausalityInterfaceForComposites.java:96)
	at ptolemy.domains.de.kernel.DEDirector.preinitialize(DEDirector.java:1337)
	at ptolemy.actor.CompositeActor.preinitialize(CompositeActor.java:1828)
	at ptolemy.actor.Manager.preinitializeAndResolveTypes(Manager.java:1040)
	at ptolemy.actor.Manager.initialize(Manager.java:710)
	at ptolemy.actor.Manager.execute(Manager.java:356)
	at ptolemy.actor.Manager.run(Manager.java:1263)
	at ptolemy.actor.Manager$PtolemyRunThread.run(Manager.java:1915)
java.lang.RuntimeException: Execution failed
	at ptolemy.moml.MoMLSimpleApplication$UnloadThread.run(MoMLSimpleApplication.java:402)
Caused by: ptolemy.kernel.util.IllegalActionException: Actor is not ready to fire.  Perhaps UpSample.prefire() returned false? Try debugging the actor by selecting "Listen to Actor".  Also, for SDF check moml for tokenConsumptionRate on input.
  in .DESDFClockTest.Play Bell.Copy1:SDF Director and .DESDFClockTest.Play Bell.UpSample
	at ptolemy.actor.sched.StaticSchedulingDirector.fire(StaticSchedulingDirector.java:227)
	at ptolemy.domains.sdf.kernel.SDFDirector.fire(SDFDirector.java:500)
	at ptolemy.actor.CompositeActor.fire(CompositeActor.java:455)
	at ptolemy.domains.de.kernel.DEDirector._fire(DEDirector.java:1948)
	at ptolemy.domains.de.kernel.DEDirector.fire(DEDirector.java:502)
	at ptolemy.actor.CompositeActor.fire(CompositeActor.java:455)
	at ptolemy.actor.Manager.iterate(Manager.java:851)
	at ptolemy.actor.Manager.execute(Manager.java:369)
	at ptolemy.actor.Manager.run(Manager.java:1263)
	at ptolemy.actor.Manager$PtolemyRunThread.run(Manager.java:1915)
java.lang.RuntimeException: Execution failed
	at ptolemy.moml.MoMLSimpleApplication$UnloadThread.run(MoMLSimpleApplication.java:402)
Caused by: ptolemy.kernel.util.IllegalActionException: Found a zero delay loop containing .dependencyLoop2.original
  in .dependencyLoop2 and .dependencyLoop2.original
	at ptolemy.actor.util.CausalityInterfaceForComposites._computeOutputPortDepth(CausalityInterfaceForComposites.java:759)
	at ptolemy.actor.util.CausalityInterfaceForComposites._computeInputDepth(CausalityInterfaceForComposites.java:696)
	at ptolemy.actor.util.CausalityInterfaceForComposites._computeOutputPortDepth(CausalityInterfaceForComposites.java:765)
	at ptolemy.actor.util.CausalityInterfaceForComposites._computeInputDepth(CausalityInterfaceForComposites.java:696)
	at ptolemy.actor.util.CausalityInterfaceForComposites._computeOutputPortDepth(CausalityInterfaceForComposites.java:765)
	at ptolemy.actor.util.CausalityInterfaceForComposites._computeInputDepth(CausalityInterfaceForComposites.java:696)
	at ptolemy.actor.util.CausalityInterfaceForComposites._computeActorDepth(CausalityInterfaceForComposites.java:532)
	at ptolemy.actor.util.CausalityInterfaceForComposites.checkForCycles(CausalityInterfaceForComposites.java:96)
	at ptolemy.domains.de.kernel.DEDirector.preinitialize(DEDirector.java:1337)
	at ptolemy.actor.CompositeActor.preinitialize(CompositeActor.java:1828)
	at ptolemy.actor.Manager.preinitializeAndResolveTypes(Manager.java:1040)
	at ptolemy.actor.Manager.initialize(Manager.java:710)
	at ptolemy.actor.Manager.execute(Manager.java:356)
	at ptolemy.actor.Manager.run(Manager.java:1263)
	at ptolemy.actor.Manager$PtolemyRunThread.run(Manager.java:1915)
java.lang.RuntimeException: Execution failed
	at ptolemy.moml.MoMLSimpleApplication$UnloadThread.run(MoMLSimpleApplication.java:402)
Caused by: ptolemy.kernel.util.IllegalActionException: Found a zero delay loop containing .HierarchicalModel.A
  in .HierarchicalModel and .HierarchicalModel.A
	at ptolemy.actor.util.CausalityInterfaceForComposites._computeOutputPortDepth(CausalityInterfaceForComposites.java:759)
	at ptolemy.actor.util.CausalityInterfaceForComposites._computeInputDepth(CausalityInterfaceForComposites.java:696)
	at ptolemy.actor.util.CausalityInterfaceForComposites._computeOutputPortDepth(CausalityInterfaceForComposites.java:765)
	at ptolemy.actor.util.CausalityInterfaceForComposites._computeInputDepth(CausalityInterfaceForComposites.java:696)
	at ptolemy.actor.util.CausalityInterfaceForComposites._computeOutputPortDepth(CausalityInterfaceForComposites.java:765)
	at ptolemy.actor.util.CausalityInterfaceForComposites._computeInputDepth(CausalityInterfaceForComposites.java:696)
	at ptolemy.actor.util.CausalityInterfaceForComposites._computeActorDepth(CausalityInterfaceForComposites.java:532)
	at ptolemy.actor.util.CausalityInterfaceForComposites.checkForCycles(CausalityInterfaceForComposites.java:96)
	at ptolemy.domains.de.kernel.DEDirector.preinitialize(DEDirector.java:1337)
	at ptolemy.actor.CompositeActor.preinitialize(CompositeActor.java:1828)
	at ptolemy.actor.Manager.preinitializeAndResolveTypes(Manager.java:1040)
	at ptolemy.actor.Manager.initialize(Manager.java:710)
	at ptolemy.actor.Manager.execute(Manager.java:356)
	at ptolemy.actor.Manager.run(Manager.java:1263)
	at ptolemy.actor.Manager$PtolemyRunThread.run(Manager.java:1915)
java.lang.RuntimeException: Execution failed
	at ptolemy.moml.MoMLSimpleApplication$UnloadThread.run(MoMLSimpleApplication.java:402)
Caused by: ptolemy.kernel.util.IllegalActionException: Test fails in iteration 1.
Value was: 1.0. Should have been: 2.0
  in .DirectFeedback.Test
	at ptolemy.actor.lib.Test.fire(Test.java:268)
	at ptolemy.domains.de.kernel.DEDirector._fire(DEDirector.java:1948)
	at ptolemy.domains.de.kernel.DEDirector.fire(DEDirector.java:502)
	at ptolemy.actor.CompositeActor.fire(CompositeActor.java:455)
	at ptolemy.actor.Manager.iterate(Manager.java:851)
	at ptolemy.actor.Manager.execute(Manager.java:369)
	at ptolemy.actor.Manager.run(Manager.java:1263)
	at ptolemy.actor.Manager$PtolemyRunThread.run(Manager.java:1915)
java.lang.RuntimeException: Execution failed
	at ptolemy.moml.MoMLSimpleApplication$UnloadThread.run(MoMLSimpleApplication.java:402)
Caused by: ptolemy.kernel.util.IllegalActionException: Actor is not ready to fire.  Perhaps UpSample.prefire() returned false? Try debugging the actor by selecting "Listen to Actor".  Also, for SDF check moml for tokenConsumptionRate on input.
  in .DESDFClockTest.Play Bell.Copy1:SDF Director and .DESDFClockTest.Play Bell.UpSample
	at ptolemy.actor.sched.StaticSchedulingDirector.fire(StaticSchedulingDirector.java:227)
	at ptolemy.domains.sdf.kernel.SDFDirector.fire(SDFDirector.java:500)
	at ptolemy.actor.CompositeActor.fire(CompositeActor.java:455)
	at ptolemy.domains.de.kernel.DEDirector._fire(DEDirector.java:1948)
	at ptolemy.domains.de.kernel.DEDirector.fire(DEDirector.java:502)
	at ptolemy.actor.CompositeActor.fire(CompositeActor.java:455)
	at ptolemy.actor.Manager.iterate(Manager.java:851)
	at ptolemy.actor.Manager.execute(Manager.java:369)
	at ptolemy.actor.Manager.run(Manager.java:1263)
	at ptolemy.actor.Manager$PtolemyRunThread.run(Manager.java:1915)
java.lang.reflect.InvocationTargetException
	at sun.reflect.NativeConstructorAccessorImpl.newInstance0(Native Method)
	at sun.reflect.NativeConstructorAccessorImpl.newInstance(NativeConstructorAccessorImpl.java:62)
	at sun.reflect.DelegatingConstructorAccessorImpl.newInstance(DelegatingConstructorAccessorImpl.java:45)
	at java.lang.reflect.Constructor.newInstance(Constructor.java:423)
	at ptolemy.util.test.junit.AutoKnownFailedTests.RunModel(AutoKnownFailedTests.java:107)
	at sun.reflect.NativeMethodAccessorImpl.invoke0(Native Method)
	at sun.reflect.NativeMethodAccessorImpl.invoke(NativeMethodAccessorImpl.java:62)
	at sun.reflect.DelegatingMethodAccessorImpl.invoke(DelegatingMethodAccessorImpl.java:43)
	at java.lang.reflect.Method.invoke(Method.java:498)
	at org.junit.runners.model.FrameworkMethod$1.runReflectiveCall(FrameworkMethod.java:44)
	at org.junit.internal.runners.model.ReflectiveCallable.run(ReflectiveCallable.java:15)
	at org.junit.runners.model.FrameworkMethod.invokeExplosively(FrameworkMethod.java:41)
	at junitparams.internal.InvokeParameterisedMethod.evaluate(InvokeParameterisedMethod.java:102)
	at org.junit.internal.runners.statements.FailOnTimeout$1.run(FailOnTimeout.java:28)
Caused by: ptolemy.kernel.util.IllegalActionException: Actor is not ready to fire.  Perhaps UpSample.prefire() returned false? Try debugging the actor by selecting "Listen to Actor".  Also, for SDF check moml for tokenConsumptionRate on input.
  in .DESDFClockTest.Play Bell.Copy1:SDF Director and .DESDFClockTest.Play Bell.UpSample
	at ptolemy.actor.sched.StaticSchedulingDirector.fire(StaticSchedulingDirector.java:227)
	at ptolemy.domains.sdf.kernel.SDFDirector.fire(SDFDirector.java:500)
	at ptolemy.actor.CompositeActor.fire(CompositeActor.java:455)
	at ptolemy.domains.de.kernel.DEDirector._fire(DEDirector.java:1948)
	at ptolemy.domains.de.kernel.DEDirector.fire(DEDirector.java:502)
	at ptolemy.actor.CompositeActor.fire(CompositeActor.java:455)
	at ptolemy.actor.Manager.iterate(Manager.java:851)
	at ptolemy.actor.Manager.execute(Manager.java:369)
	at ptolemy.actor.Manager.run(Manager.java:1263)
	at ptolemy.actor.Manager$PtolemyRunThread.run(Manager.java:1915)
java.lang.RuntimeException: Execution failed
	at ptolemy.moml.MoMLSimpleApplication$UnloadThread.run(MoMLSimpleApplication.java:402)
Caused by: ptolemy.kernel.util.IllegalActionException: Test fails in iteration 1.
Value was: 1.0. Should have been: 2.0
  in .DirectFeedback.Test
	at ptolemy.actor.lib.Test.fire(Test.java:268)
	at ptolemy.domains.de.kernel.DEDirector._fire(DEDirector.java:1948)
	at ptolemy.domains.de.kernel.DEDirector.fire(DEDirector.java:502)
	at ptolemy.actor.CompositeActor.fire(CompositeActor.java:455)
	at ptolemy.actor.Manager.iterate(Manager.java:851)
	at ptolemy.actor.Manager.execute(Manager.java:369)
	at ptolemy.actor.Manager.run(Manager.java:1263)
	at ptolemy.actor.Manager$PtolemyRunThread.run(Manager.java:1915)
java.lang.reflect.InvocationTargetException
	at sun.reflect.NativeConstructorAccessorImpl.newInstance0(Native Method)
	at sun.reflect.NativeConstructorAccessorImpl.newInstance(NativeConstructorAccessorImpl.java:62)
	at sun.reflect.DelegatingConstructorAccessorImpl.newInstance(DelegatingConstructorAccessorImpl.java:45)
	at java.lang.reflect.Constructor.newInstance(Constructor.java:423)
	at ptolemy.util.test.junit.AutoKnownFailedTests.RunModel(AutoKnownFailedTests.java:107)
	at sun.reflect.NativeMethodAccessorImpl.invoke0(Native Method)
	at sun.reflect.NativeMethodAccessorImpl.invoke(NativeMethodAccessorImpl.java:62)
	at sun.reflect.DelegatingMethodAccessorImpl.invoke(DelegatingMethodAccessorImpl.java:43)
	at java.lang.reflect.Method.invoke(Method.java:498)
	at org.junit.runners.model.FrameworkMethod$1.runReflectiveCall(FrameworkMethod.java:44)
	at org.junit.internal.runners.model.ReflectiveCallable.run(ReflectiveCallable.java:15)
	at org.junit.runners.model.FrameworkMethod.invokeExplosively(FrameworkMethod.java:41)
	at junitparams.internal.InvokeParameterisedMethod.evaluate(InvokeParameterisedMethod.java:102)
	at org.junit.internal.runners.statements.FailOnTimeout$1.run(FailOnTimeout.java:28)
Caused by: ptolemy.kernel.util.IllegalActionException: Test fails in iteration 1.
Value was: 1.0. Should have been: 2.0
  in .DirectFeedback.Test
	at ptolemy.actor.lib.Test.fire(Test.java:268)
	at ptolemy.domains.de.kernel.DEDirector._fire(DEDirector.java:1948)
	at ptolemy.domains.de.kernel.DEDirector.fire(DEDirector.java:502)
	at ptolemy.actor.CompositeActor.fire(CompositeActor.java:455)
	at ptolemy.actor.Manager.iterate(Manager.java:851)
	at ptolemy.actor.Manager.execute(Manager.java:369)
	at ptolemy.actor.Manager.run(Manager.java:1263)
	at ptolemy.actor.Manager$PtolemyRunThread.run(Manager.java:1915)
java.lang.RuntimeException: Execution failed
	at ptolemy.moml.MoMLSimpleApplication$UnloadThread.run(MoMLSimpleApplication.java:402)
Caused by: ptolemy.kernel.util.IllegalActionException: Found a zero delay loop containing .HierarchicalModel.A
  in .HierarchicalModel and .HierarchicalModel.A
	at ptolemy.actor.util.CausalityInterfaceForComposites._computeOutputPortDepth(CausalityInterfaceForComposites.java:759)
	at ptolemy.actor.util.CausalityInterfaceForComposites._computeInputDepth(CausalityInterfaceForComposites.java:696)
	at ptolemy.actor.util.CausalityInterfaceForComposites._computeOutputPortDepth(CausalityInterfaceForComposites.java:765)
	at ptolemy.actor.util.CausalityInterfaceForComposites._computeInputDepth(CausalityInterfaceForComposites.java:696)
	at ptolemy.actor.util.CausalityInterfaceForComposites._computeOutputPortDepth(CausalityInterfaceForComposites.java:765)
	at ptolemy.actor.util.CausalityInterfaceForComposites._computeInputDepth(CausalityInterfaceForComposites.java:696)
	at ptolemy.actor.util.CausalityInterfaceForComposites._computeActorDepth(CausalityInterfaceForComposites.java:532)
	at ptolemy.actor.util.CausalityInterfaceForComposites.checkForCycles(CausalityInterfaceForComposites.java:96)
	at ptolemy.domains.de.kernel.DEDirector.preinitialize(DEDirector.java:1337)
	at ptolemy.actor.CompositeActor.preinitialize(CompositeActor.java:1828)
	at ptolemy.actor.Manager.preinitializeAndResolveTypes(Manager.java:1040)
	at ptolemy.actor.Manager.initialize(Manager.java:710)
	at ptolemy.actor.Manager.execute(Manager.java:356)
	at ptolemy.actor.Manager.run(Manager.java:1263)
	at ptolemy.actor.Manager$PtolemyRunThread.run(Manager.java:1915)
java.lang.reflect.InvocationTargetException
	at sun.reflect.NativeConstructorAccessorImpl.newInstance0(Native Method)
	at sun.reflect.NativeConstructorAccessorImpl.newInstance(NativeConstructorAccessorImpl.java:62)
	at sun.reflect.DelegatingConstructorAccessorImpl.newInstance(DelegatingConstructorAccessorImpl.java:45)
	at java.lang.reflect.Constructor.newInstance(Constructor.java:423)
	at ptolemy.util.test.junit.AutoKnownFailedTests.RunModel(AutoKnownFailedTests.java:107)
	at sun.reflect.NativeMethodAccessorImpl.invoke0(Native Method)
	at sun.reflect.NativeMethodAccessorImpl.invoke(NativeMethodAccessorImpl.java:62)
	at sun.reflect.DelegatingMethodAccessorImpl.invoke(DelegatingMethodAccessorImpl.java:43)
	at java.lang.reflect.Method.invoke(Method.java:498)
	at org.junit.runners.model.FrameworkMethod$1.runReflectiveCall(FrameworkMethod.java:44)
	at org.junit.internal.runners.model.ReflectiveCallable.run(ReflectiveCallable.java:15)
	at org.junit.runners.model.FrameworkMethod.invokeExplosively(FrameworkMethod.java:41)
	at junitparams.internal.InvokeParameterisedMethod.evaluate(InvokeParameterisedMethod.java:102)
	at org.junit.internal.runners.statements.FailOnTimeout$1.run(FailOnTimeout.java:28)
Caused by: ptolemy.kernel.util.IllegalActionException: Found a zero delay loop containing .HierarchicalModel.A
  in .HierarchicalModel and .HierarchicalModel.A
	at ptolemy.actor.util.CausalityInterfaceForComposites._computeOutputPortDepth(CausalityInterfaceForComposites.java:759)
	at ptolemy.actor.util.CausalityInterfaceForComposites._computeInputDepth(CausalityInterfaceForComposites.java:696)
	at ptolemy.actor.util.CausalityInterfaceForComposites._computeOutputPortDepth(CausalityInterfaceForComposites.java:765)
	at ptolemy.actor.util.CausalityInterfaceForComposites._computeInputDepth(CausalityInterfaceForComposites.java:696)
	at ptolemy.actor.util.CausalityInterfaceForComposites._computeOutputPortDepth(CausalityInterfaceForComposites.java:765)
	at ptolemy.actor.util.CausalityInterfaceForComposites._computeInputDepth(CausalityInterfaceForComposites.java:696)
	at ptolemy.actor.util.CausalityInterfaceForComposites._computeActorDepth(CausalityInterfaceForComposites.java:532)
	at ptolemy.actor.util.CausalityInterfaceForComposites.checkForCycles(CausalityInterfaceForComposites.java:96)
	at ptolemy.domains.de.kernel.DEDirector.preinitialize(DEDirector.java:1337)
	at ptolemy.actor.CompositeActor.preinitialize(CompositeActor.java:1828)
	at ptolemy.actor.Manager.preinitializeAndResolveTypes(Manager.java:1040)
	at ptolemy.actor.Manager.initialize(Manager.java:710)
	at ptolemy.actor.Manager.execute(Manager.java:356)
	at ptolemy.actor.Manager.run(Manager.java:1263)
	at ptolemy.actor.Manager$PtolemyRunThread.run(Manager.java:1915)
java.lang.RuntimeException: Execution failed
	at ptolemy.moml.MoMLSimpleApplication$UnloadThread.run(MoMLSimpleApplication.java:402)
Caused by: ptolemy.kernel.util.IllegalActionException: Found a zero delay loop containing .dependencyLoop.original
  in .dependencyLoop and .dependencyLoop.original
	at ptolemy.actor.util.CausalityInterfaceForComposites._computeOutputPortDepth(CausalityInterfaceForComposites.java:759)
	at ptolemy.actor.util.CausalityInterfaceForComposites._computeInputDepth(CausalityInterfaceForComposites.java:696)
	at ptolemy.actor.util.CausalityInterfaceForComposites._computeOutputPortDepth(CausalityInterfaceForComposites.java:765)
	at ptolemy.actor.util.CausalityInterfaceForComposites._computeInputDepth(CausalityInterfaceForComposites.java:696)
	at ptolemy.actor.util.CausalityInterfaceForComposites._computeOutputPortDepth(CausalityInterfaceForComposites.java:765)
	at ptolemy.actor.util.CausalityInterfaceForComposites._computeInputDepth(CausalityInterfaceForComposites.java:696)
	at ptolemy.actor.util.CausalityInterfaceForComposites._computeActorDepth(CausalityInterfaceForComposites.java:532)
	at ptolemy.actor.util.CausalityInterfaceForComposites.checkForCycles(CausalityInterfaceForComposites.java:96)
	at ptolemy.domains.de.kernel.DEDirector.preinitialize(DEDirector.java:1337)
	at ptolemy.actor.CompositeActor.preinitialize(CompositeActor.java:1828)
	at ptolemy.actor.Manager.preinitializeAndResolveTypes(Manager.java:1040)
	at ptolemy.actor.Manager.initialize(Manager.java:710)
	at ptolemy.actor.Manager.execute(Manager.java:356)
	at ptolemy.actor.Manager.run(Manager.java:1263)
	at ptolemy.actor.Manager$PtolemyRunThread.run(Manager.java:1915)
java.lang.reflect.InvocationTargetException
	at sun.reflect.NativeConstructorAccessorImpl.newInstance0(Native Method)
	at sun.reflect.NativeConstructorAccessorImpl.newInstance(NativeConstructorAccessorImpl.java:62)
	at sun.reflect.DelegatingConstructorAccessorImpl.newInstance(DelegatingConstructorAccessorImpl.java:45)
	at java.lang.reflect.Constructor.newInstance(Constructor.java:423)
	at ptolemy.util.test.junit.AutoKnownFailedTests.RunModel(AutoKnownFailedTests.java:107)
	at sun.reflect.NativeMethodAccessorImpl.invoke0(Native Method)
	at sun.reflect.NativeMethodAccessorImpl.invoke(NativeMethodAccessorImpl.java:62)
	at sun.reflect.DelegatingMethodAccessorImpl.invoke(DelegatingMethodAccessorImpl.java:43)
	at java.lang.reflect.Method.invoke(Method.java:498)
	at org.junit.runners.model.FrameworkMethod$1.runReflectiveCall(FrameworkMethod.java:44)
	at org.junit.internal.runners.model.ReflectiveCallable.run(ReflectiveCallable.java:15)
	at org.junit.runners.model.FrameworkMethod.invokeExplosively(FrameworkMethod.java:41)
	at junitparams.internal.InvokeParameterisedMethod.evaluate(InvokeParameterisedMethod.java:102)
	at org.junit.internal.runners.statements.FailOnTimeout$1.run(FailOnTimeout.java:28)
Caused by: ptolemy.kernel.util.IllegalActionException: Found a zero delay loop containing .dependencyLoop.original
  in .dependencyLoop and .dependencyLoop.original
	at ptolemy.actor.util.CausalityInterfaceForComposites._computeOutputPortDepth(CausalityInterfaceForComposites.java:759)
	at ptolemy.actor.util.CausalityInterfaceForComposites._computeInputDepth(CausalityInterfaceForComposites.java:696)
	at ptolemy.actor.util.CausalityInterfaceForComposites._computeOutputPortDepth(CausalityInterfaceForComposites.java:765)
	at ptolemy.actor.util.CausalityInterfaceForComposites._computeInputDepth(CausalityInterfaceForComposites.java:696)
	at ptolemy.actor.util.CausalityInterfaceForComposites._computeOutputPortDepth(CausalityInterfaceForComposites.java:765)
	at ptolemy.actor.util.CausalityInterfaceForComposites._computeInputDepth(CausalityInterfaceForComposites.java:696)
	at ptolemy.actor.util.CausalityInterfaceForComposites._computeActorDepth(CausalityInterfaceForComposites.java:532)
	at ptolemy.actor.util.CausalityInterfaceForComposites.checkForCycles(CausalityInterfaceForComposites.java:96)
	at ptolemy.domains.de.kernel.DEDirector.preinitialize(DEDirector.java:1337)
	at ptolemy.actor.CompositeActor.preinitialize(CompositeActor.java:1828)
	at ptolemy.actor.Manager.preinitializeAndResolveTypes(Manager.java:1040)
	at ptolemy.actor.Manager.initialize(Manager.java:710)
	at ptolemy.actor.Manager.execute(Manager.java:356)
	at ptolemy.actor.Manager.run(Manager.java:1263)
	at ptolemy.actor.Manager$PtolemyRunThread.run(Manager.java:1915)
java.lang.RuntimeException: Execution failed
	at ptolemy.moml.MoMLSimpleApplication$UnloadThread.run(MoMLSimpleApplication.java:402)
Caused by: ptolemy.kernel.util.IllegalActionException: Found a zero delay loop containing .dependencyLoop2.original
  in .dependencyLoop2 and .dependencyLoop2.original
	at ptolemy.actor.util.CausalityInterfaceForComposites._computeOutputPortDepth(CausalityInterfaceForComposites.java:759)
	at ptolemy.actor.util.CausalityInterfaceForComposites._computeInputDepth(CausalityInterfaceForComposites.java:696)
	at ptolemy.actor.util.CausalityInterfaceForComposites._computeOutputPortDepth(CausalityInterfaceForComposites.java:765)
	at ptolemy.actor.util.CausalityInterfaceForComposites._computeInputDepth(CausalityInterfaceForComposites.java:696)
	at ptolemy.actor.util.CausalityInterfaceForComposites._computeOutputPortDepth(CausalityInterfaceForComposites.java:765)
	at ptolemy.actor.util.CausalityInterfaceForComposites._computeInputDepth(CausalityInterfaceForComposites.java:696)
	at ptolemy.actor.util.CausalityInterfaceForComposites._computeActorDepth(CausalityInterfaceForComposites.java:532)
	at ptolemy.actor.util.CausalityInterfaceForComposites.checkForCycles(CausalityInterfaceForComposites.java:96)
	at ptolemy.domains.de.kernel.DEDirector.preinitialize(DEDirector.java:1337)
	at ptolemy.actor.CompositeActor.preinitialize(CompositeActor.java:1828)
	at ptolemy.actor.Manager.preinitializeAndResolveTypes(Manager.java:1040)
	at ptolemy.actor.Manager.initialize(Manager.java:710)
	at ptolemy.actor.Manager.execute(Manager.java:356)
	at ptolemy.actor.Manager.run(Manager.java:1263)
	at ptolemy.actor.Manager$PtolemyRunThread.run(Manager.java:1915)
java.lang.reflect.InvocationTargetException
	at sun.reflect.NativeConstructorAccessorImpl.newInstance0(Native Method)
	at sun.reflect.NativeConstructorAccessorImpl.newInstance(NativeConstructorAccessorImpl.java:62)
	at sun.reflect.DelegatingConstructorAccessorImpl.newInstance(DelegatingConstructorAccessorImpl.java:45)
	at java.lang.reflect.Constructor.newInstance(Constructor.java:423)
	at ptolemy.util.test.junit.AutoKnownFailedTests.RunModel(AutoKnownFailedTests.java:107)
	at sun.reflect.NativeMethodAccessorImpl.invoke0(Native Method)
	at sun.reflect.NativeMethodAccessorImpl.invoke(NativeMethodAccessorImpl.java:62)
	at sun.reflect.DelegatingMethodAccessorImpl.invoke(DelegatingMethodAccessorImpl.java:43)
	at java.lang.reflect.Method.invoke(Method.java:498)
	at org.junit.runners.model.FrameworkMethod$1.runReflectiveCall(FrameworkMethod.java:44)
	at org.junit.internal.runners.model.ReflectiveCallable.run(ReflectiveCallable.java:15)
	at org.junit.runners.model.FrameworkMethod.invokeExplosively(FrameworkMethod.java:41)
	at junitparams.internal.InvokeParameterisedMethod.evaluate(InvokeParameterisedMethod.java:102)
	at org.junit.internal.runners.statements.FailOnTimeout$1.run(FailOnTimeout.java:28)
Caused by: ptolemy.kernel.util.IllegalActionException: Found a zero delay loop containing .dependencyLoop2.original
  in .dependencyLoop2 and .dependencyLoop2.original
	at ptolemy.actor.util.CausalityInterfaceForComposites._computeOutputPortDepth(CausalityInterfaceForComposites.java:759)
	at ptolemy.actor.util.CausalityInterfaceForComposites._computeInputDepth(CausalityInterfaceForComposites.java:696)
	at ptolemy.actor.util.CausalityInterfaceForComposites._computeOutputPortDepth(CausalityInterfaceForComposites.java:765)
	at ptolemy.actor.util.CausalityInterfaceForComposites._computeInputDepth(CausalityInterfaceForComposites.java:696)
	at ptolemy.actor.util.CausalityInterfaceForComposites._computeOutputPortDepth(CausalityInterfaceForComposites.java:765)
	at ptolemy.actor.util.CausalityInterfaceForComposites._computeInputDepth(CausalityInterfaceForComposites.java:696)
	at ptolemy.actor.util.CausalityInterfaceForComposites._computeActorDepth(CausalityInterfaceForComposites.java:532)
	at ptolemy.actor.util.CausalityInterfaceForComposites.checkForCycles(CausalityInterfaceForComposites.java:96)
	at ptolemy.domains.de.kernel.DEDirector.preinitialize(DEDirector.java:1337)
	at ptolemy.actor.CompositeActor.preinitialize(CompositeActor.java:1828)
	at ptolemy.actor.Manager.preinitializeAndResolveTypes(Manager.java:1040)
	at ptolemy.actor.Manager.initialize(Manager.java:710)
	at ptolemy.actor.Manager.execute(Manager.java:356)
	at ptolemy.actor.Manager.run(Manager.java:1263)
	at ptolemy.actor.Manager$PtolemyRunThread.run(Manager.java:1915)
]]></system-err>
</testsuite>
