<?xml version="1.0" encoding="UTF-8" ?>
<testsuite errors="3" failures="0" hostname="travis-job-b048ec32-a575-4fa8-bcf5-63b0cb63fbd9" name="ptolemy.actor.lib.jjs.modules.httpServer.test.junit.JUnitTclTest" skipped="0" tests="7" time="985.043" timestamp="2018-05-15T23:54:49">
  <properties>
    <property name="npm.executable" value="npm" />
    <property name="file.encoding.pkg" value="sun.io" />
    <property name="ptII.mk.exists" value="true" />
    <property name="env.rvm_bin_path" value="/home/travis/.rvm/bin" />
    <property name="java.home" value="/usr/lib/jvm/java-8-oracle/jre" />
    <property name="env.TRAVIS_JOB_NUMBER" value="441.4" />
    <property name="env.DISPLAY" value=":99.0" />
    <property name="java.net.preferIPv4Stack" value="true" />
    <property name="env.SSH_TTY" value="/dev/pts/0" />
    <property name="env.RUN_TESTS" value="true" />
    <property name="timeout.short" value="1000000" />
    <property name="env.TRAVIS_STACK_NODE_ATTRIBUTES" value="/.node-attributes.yml" />
    <property name="junit.formatter" value="xml" />
    <property name="java.endorsed.dirs" value="/usr/lib/jvm/java-8-oracle/jre/lib/endorsed" />
    <property name="env.TRAVIS_SUDO" value="true" />
    <property name="env.LOGNAME" value="travis" />
    <property name="jsdoc.home" value="node_modules/@terraswarm/jsdoc" />
    <property name="debuglevel" value="source,lines,vars" />
    <property name="checkstyle.formatter" value="xml" />
    <property name="bin.vergil.makeable" value="true" />
    <property name="env._system_version" value="14.04" />
    <property name="sun.os.patch.level" value="unknown" />
    <property name="java.vendor.url" value="http://java.oracle.com/" />
    <property name="java.version" value="1.8.0_151" />
    <property name="env.TZ" value="UTC" />
    <property name="env.PT_NO_NET" value="true" />
    <property name="env.TRAVIS_PULL_REQUEST_SHA" value="" />
    <property name="env.TRAVIS_SECURE_ENV_VARS" value="true" />
    <property name="env._system_type" value="Linux" />
    <property name="java.vendor.url.bug" value="http://bugreport.sun.com/bugreport/" />
    <property name="env.SSH_CLIENT" value="10.10.16.9 37588 22" />
    <property name="npmjs-org-is-up" value="true" />
    <property name="env.GEM_HOME" value="/home/travis/.rvm/gems/ruby-2.4.1" />
    <property name="env.HAS_ANTARES_THREE_LITTLE_FRONZIES_BADGE" value="true" />
    <property name="env.PS4" value="+" />
    <property name="ant.project.invoked-targets" value="build,test.capecode1.xml" />
    <property name="env.TRAVIS_PULL_REQUEST_BRANCH" value="" />
    <property name="env.TRAVIS_REPO_SLUG" value="icyphy/ptII" />
    <property name="node.in.path" value="true" />
    <property name="java.maxmemory" value="1400m" />
    <property name="env.RUBY_VERSION" value="ruby-2.4.1" />
    <property name="user.name" value="travis" />
    <property name="env.LANG" value="en_US.UTF-8" />
    <property name="sun.io.unicode.encoding" value="UnicodeLittle" />
    <property name="sun.jnu.encoding" value="UTF-8" />
    <property name="java.runtime.name" value="Java(TM) SE Runtime Environment" />
    <property name="usefile" value="false" />
    <property name="return.code" value="0" />
    <property name="junit.single.formatter" value="plain" />
    <property name="env.DYLD_LIBRARY_PATH" value="/home/travis/pthla/certi-tools/lib:" />
    <property name="env.DEBIAN_FRONTEND" value="noninteractive" />
    <property name="env.SSH_CONNECTION" value="10.10.16.9 37588 10.20.0.131 22" />
    <property name="env.MYSQL_UNIX_PORT" value="/var/run/mysqld/mysqld.sock" />
    <property name="env.TRAVIS_ALLOW_FAILURE" value="false" />
    <property name="env.LC_ALL" value="en_US.UTF-8" />
    <property name="java.specification.name" value="Java Platform API Specification" />
    <property name="node.works" value="true" />
    <property name="user.timezone" value="" />
    <property name="path.separator" value=":" />
    <property name="env.PYTHON_CFLAGS" value="-g -fstack-protector --param=ssp-buffer-size=4 -Wformat -Werror=format-security" />
    <property name="timeout.long" value="4000000" />
    <property name="env.CERTI_HOME" value="/home/travis/pthla/certi-tools" />
    <property name="file.encoding" value="UTF-8" />
    <property name="ant.file.ptII" value="/home/travis/build/icyphy/ptII/build.xml" />
    <property name="javadoc.packagenames" value="com.*,diva.*,lbnl.*,org.hlacerti.*,org.json.*,org.ptolemy.*,org.terraswarm.*,ptolemy.*,ptserver.*" />
    <property name="env.TRAVIS_PULL_REQUEST_SLUG" value="" />
    <property name="ant.project.default-target" value="build" />
    <property name="env.GIT_ASKPASS" value="echo" />
    <property name="env.HOME" value="/home/travis" />
    <property name="sun.java.command" value="org.apache.tools.ant.taskdefs.optional.junit.JUnitTestRunner ptolemy.actor.lib.jjs.modules.httpServer.test.junit.JUnitTclTest skipNonTests=false filtertrace=true haltOnError=false haltOnFailure=false formatter=org.apache.tools.ant.taskdefs.optional.junit.OutErrSummaryJUnitResultFormatter showoutput=true outputtoformatters=true logfailedtests=true threadid=0 logtestlistenerevents=false formatter=org.apache.tools.ant.taskdefs.optional.junit.XMLJUnitResultFormatter,/home/travis/build/icyphy/ptII/reports/junit/TEST-ptolemy.actor.lib.jjs.modules.httpServer.test.junit.JUnitTclTest.xml crashfile=/home/travis/build/icyphy/ptII/junitvmwatcher2479151994726727191.properties propsfile=/home/travis/build/icyphy/ptII/junit7896525805762949096.properties" />
    <property name="env.MANPATH" value="/home/travis/.nvm/versions/node/v7.10.1/share/man:/home/travis/.kiex/elixirs/elixir-1.4.5/man:/home/travis/.rvm/rubies/ruby-2.4.1/share/man:/usr/local/man:/usr/local/cmake-3.9.2/man:/usr/local/clang-5.0.0/share/man:/usr/local/share/man:/usr/share/man:/home/travis/.rvm/man" />
    <property name="env.COMPOSER_NO_INTERACTION" value="1" />
    <property name="env.JDK_SWITCHER_DEFAULT" value="oraclejdk8" />
    <property name="ant.file" value="/home/travis/build/icyphy/ptII/build.xml" />
    <property name="env.TRAVIS_COMMIT_RANGE" value="fa6cb7c93a26...ce26e4611a6f" />
    <property name="env._system_name" value="Ubuntu" />
    <property name="timeout" value="2400000" />
    <property name="ptII.classpath.optional.property" value="/home/travis/build/icyphy/ptII/lib/bsh-2.0b4.jar:/home/travis/build/icyphy/ptII/lib/ptCal.jar:/home/travis/build/icyphy/ptII/lib/java_cup.jar:/home/travis/build/icyphy/ptII/lib/saxon8.jar:/home/travis/build/icyphy/ptII/lib/saxon8-dom.jar:/home/travis/build/icyphy/ptII/lib/chic.jar:/home/travis/build/icyphy/ptII/lib/ptcolt.jar:/usr/lib/jvm/java-8-oracle/lib/tools.jar:/usr/lib/eclipse/plugins/org.eclipse.jdt.core_3.8.2.dist.jar:/usr/lib/eclipse/plugins/org.eclipse.core.runtime_3.8.0.dist.jar:/usr/lib/eclipse/plugins/org.eclipse.osgi_3.8.1.dist.jar:/usr/lib/eclipse/plugins/org.eclipse.core.resources_3.8.1.dist.jar:/usr/lib/eclipse/plugins/org.eclipse.equinox.common_3.6.100.dist.jar:/usr/lib/eclipse/plugins/org.eclipse.core.jobs_3.5.200.dist.jar:/usr/lib/eclipse/plugins/org.eclipse.core.contenttype_3.4.200.dist.jar:/usr/lib/eclipse/plugins/org.eclipse.equinox.preferences_3.5.0.dist.jar:/usr/lib/eclipse/plugins/org.eclipse.text_3.5.200.dist.jar:/usr/lib/eclipse/plugins/org.eclipse.ui.workbench_3.8.1.dist.jar:/usr/lib/eclipse/plugins/org.eclipse.jface_3.8.0.dist.jar:/usr/lib/eclipse/plugins/org.eclipse.swt_3.8.2.jar:/usr/lib/eclipse/plugins/org.eclipse.jface.text_3.8.1.dist.jar:/usr/lib/eclipse/plugins/org.eclipse.ui.workbench.texteditor_3.8.0.dist.jar:/usr/lib/eclipse/plugins/org.eclipse.ui.editors_3.8.0.dist.jar:/usr/lib/eclipse/plugins/org.eclipse.core.commands_3.6.1.dist.jar:/usr/lib/eclipse/plugins/org.eclipse.equinox.registry_3.5.200.dist.jar:/usr/lib/eclipse/plugins/org.eclipse.ui.console_3.5.100.dist.jar:/usr/lib/eclipse/plugins/org.eclipse.ui.forms_3.5.200.dist.jar:/usr/lib/eclipse/plugins/org.eclipse.ui.ide_3.8.1.dist.jar:/home/travis/build/icyphy/ptII/vendors/oracle/dbxml.jar:/home/travis/build/icyphy/ptII/vendors/oracle/db.jar:/home/travis/build/icyphy/ptII/vendors/misc/itext/iText.jar:/home/travis/build/icyphy/ptII/lib/g4ltl.jar:/home/travis/build/icyphy/ptII/lib/StructuralCoder.jar:/home/travis/build/icyphy/ptII/lib/org-openide-util.jar:/home/travis/build/icyphy/ptII/lib/org-openide-util-lookup.jar:/home/travis/build/icyphy/ptII/lib/org-netbeans-api-visual.jar:/home/travis/build/icyphy/ptII/vendors/jai-1_1_2_01/lib/jai_core.jar:/home/travis/build/icyphy/ptII/vendors/jai-1_1_2_01/lib/jai_codec.jar:/home/travis/build/icyphy/ptII/lib/jcerti.jar:/home/travis/build/icyphy/ptII/lib/smack.jar:/home/travis/build/icyphy/ptII/lib/smackx.jar:/home/travis/build/icyphy/ptII/lib/jetty-all-8.1.5-v20120716.jar:/home/travis/build/icyphy/ptII/lib/javax.servlet-api-3.0.1.jar:/home/travis/build/icyphy/ptII/lib/javax.mail.jar:/home/travis/build/icyphy/ptII/vendors/JMF-2.1.1e/lib/jmf.jar:/home/travis/build/icyphy/ptII/lib/jna-4.0.0-variadic.jar:/home/travis/build/icyphy/ptII/vendors/misc/joystick/Joystick.jar:/home/travis/build/icyphy/ptII/lib/ptjacl.jar:/home/travis/build/icyphy/ptII/lib/jsoup-1.8.2.jar:/home/travis/build/icyphy/ptII/lib/junit-4.8.2.jar:/home/travis/build/icyphy/ptII/lib/JUnitParams-0.4.0.jar:/home/travis/build/icyphy/ptII/ptolemy/actor/lib/excel/jxl.jar:/home/travis/build/icyphy/ptII/lib/jython.jar:/home/travis/build/icyphy/ptII/lib/kieler.jar:/home/travis/build/icyphy/ptII/vendors/opencv/share/OpenCV/java/opencv-341.jar:/home/travis/build/icyphy/ptII/lib/oscP5.jar:/home/travis/build/icyphy/ptII/lib/nrjavaserial-3.11.0.devel.jar:/usr/share/java/j3dcore.jar:/usr/share/java/j3dutils.jar:/usr/share/java/vecmath.jar:/home/travis/build/icyphy/ptII/ptolemy/distributed/jini/jar/jini-core.jar:/home/travis/build/icyphy/ptII/ptolemy/distributed/jini/jar/jini-ext.jar:/home/travis/build/icyphy/ptII/ptolemy/distributed/jini/jar/sun-util.jar:/home/travis/build/icyphy/ptII/lib/protobuf-java-2.4.1.jar:/home/travis/build/icyphy/ptII/lib/org.eclipse.paho.client.mqttv3.jar:/home/travis/build/icyphy/ptII/ptserver/lib/hessian-4.0.7.jar:/home/travis/build/icyphy/ptII/ptserver/lib/wmqtt.jar:/home/travis/build/icyphy/ptII/lib/mapss.jar:/home/travis/build/icyphy/ptII/ptolemy/actor/ptalon/antlr/antlr.jar:/home/travis/build/icyphy/ptII/lib/JRI.jar:/home/travis/build/icyphy/ptII/lib/commons-lang-2.6.jar:/home/travis/build/icyphy/ptII/lib/commons-logging-1.1.1.jar:/home/travis/build/icyphy/ptII/lib/sootclasses.jar:/home/travis/build/icyphy/ptII/ptolemy/actor/lib/database/mysql-connector-java-5.1.6-bin.jar:/home/travis/build/icyphy/ptII/vendors/misc/sphinx4/sphinx4-data-5prealpha.jar:/home/travis/build/icyphy/ptII/vendors/misc/sphinx4/sphinx4-core-5prealpha.jar:/home/travis/build/icyphy/ptII/lib/PDFRenderer.jar:/home/travis/build/icyphy/ptII/lib/svgSalamander.jar:/home/travis/build/icyphy/ptII/lib/rsyntaxtextarea-2.6.0-SNAPSHOT.jar:/home/travis/build/icyphy/ptII/lib/hazelcast-3.8.2.jar:/home/travis/build/icyphy/ptII/lib/jackson-annotations-2.9.0.jar:/home/travis/build/icyphy/ptII/lib/jackson-core-2.9.3.jar:/home/travis/build/icyphy/ptII/lib/jackson-databind-2.9.3.jar:/home/travis/build/icyphy/ptII/lib/netty-buffer-4.1.19.Final.jar:/home/travis/build/icyphy/ptII/lib/netty-codec-4.1.19.Final.jar:/home/travis/build/icyphy/ptII/lib/netty-codec-dns-4.1.19.Final.jar:/home/travis/build/icyphy/ptII/lib/netty-codec-http-4.1.19.Final.jar:/home/travis/build/icyphy/ptII/lib/netty-codec-http2-4.1.19.Final.jar:/home/travis/build/icyphy/ptII/lib/netty-common-4.1.19.Final.jar:/home/travis/build/icyphy/ptII/lib/netty-handler-4.1.19.Final.jar:/home/travis/build/icyphy/ptII/lib/netty-resolver-4.1.19.Final.jar:/home/travis/build/icyphy/ptII/lib/netty-resolver-dns-4.1.19.Final.jar:/home/travis/build/icyphy/ptII/lib/netty-transport-4.1.19.Final.jar:/home/travis/build/icyphy/ptII/lib/vertx-codegen-3.5.1.jar:/home/travis/build/icyphy/ptII/lib/vertx-core-3.5.2-SNAPSHOT.jar:/home/travis/build/icyphy/ptII/lib/vertx-hazelcast-3.5.1.jar:/home/travis/build/icyphy/ptII/lib/vertx-lang-js-3.5.1.jar:/home/travis/build/icyphy/ptII/lib/vertx-service-proxy-3.5.1.jar:/home/travis/build/icyphy/ptII/lib/vertx-web-3.5.1.jar:/home/travis/build/icyphy/ptII/lib/slf4j-api-1.7.13.jar:/home/travis/build/icyphy/ptII/lib/slf4j-simple-1.7.13.jar:/home/travis/build/icyphy/ptII/lib/webcam-capture-0.3.12.jar:/home/travis/build/icyphy/ptII/lib/bridj-0.7.0.jar:/home/travis/build/icyphy/ptII/lib/xbjlib-1.1.0.nrjavaserial.jar" />
    <property name="test.batch" value="**/junit/*.java" />
    <property name="env._" value="/usr/bin/timeout" />
    <property name="java.io.tmpdir" value="/tmp" />
    <property name="user.language" value="en" />
    <property name="env.HISTCONTROL" value="ignoredups:ignorespace" />
    <property name="env.GOROOT" value="/home/travis/.gimme/versions/go1.7.4.linux.amd64" />
    <property name="line.separator" value="&#xa;" />
    <property name="target" value="1.8" />
    <property name="env.TRAVIS_BUILD_DIR" value="/home/travis/build/icyphy/ptII" />
    <property name="env.ANT_OPTS" value="-Xmx2048m" />
    <property name="ant.file.type" value="file" />
    <property name="ptolemy.ptII.batchMode" value="true" />
    <property name="env.HISTSIZE" value="1000" />
    <property name="env.MERB_ENV" value="test" />
    <property name="java.vm.info" value="mixed mode" />
    <property name="source" value="1.8" />
    <property name="java.vm.specification.name" value="Java Virtual Machine Specification" />
    <property name="env.TRAVIS_TEST_RESULT" value="0" />
    <property name="jsdoc.command" value="node_modules/@terraswarm/jsdoc/jsdoc.js" />
    <property name="npm.works" value="true" />
    <property name="cobertura.dir" value="/home/travis/build/icyphy/ptII/vendors/cobertura-2.0.3" />
    <property name="env.rvm_path" value="/home/travis/.rvm" />
    <property name="env.GEM_PATH" value="/home/travis/.rvm/gems/ruby-2.4.1:/home/travis/.rvm/gems/ruby-2.4.1@global" />
    <property name="env.LC_CTYPE" value="en_US.UTF-8" />
    <property name="java.awt.printerjob" value="sun.print.PSPrinterJob" />
    <property name="env.TRAVIS_STACK_NAME" value="garnet" />
    <property name="ant.version" value="Apache Ant(TM) version 1.10.1 compiled on February 2 2017" />
    <property name="ptII.reports" value="/home/travis/build/icyphy/ptII/reports" />
    <property name="env.TRAVIS_STACK_TIMESTAMP" value="2017-12-05 19:33:09 UTC" />
    <property name="ant.file.type.ptII" value="file" />
    <property name="env.RBENV_SHELL" value="bash" />
    <property name="os.name" value="Linux" />
    <property name="java.specification.vendor" value="Oracle Corporation" />
    <property name="env.rvm_version" value="1.29.3 (latest)" />
    <property name="env.TERM" value="xterm" />
    <property name="java.vm.name" value="Java HotSpot(TM) 64-Bit Server VM" />
    <property name="env.TRAVIS_BUILD_NUMBER" value="441" />
    <property name="env.CI" value="true" />
    <property name="java.library.path" value="/home/travis/pthla/certi-tools/lib:/usr/lib/jni:/usr/local/share/OpenCV/java/:/usr/share/OpenCV/java::/usr/java/packages/lib/amd64:/usr/lib64:/lib64:/lib:/usr/lib" />
    <property name="env.rvm_prefix" value="/home/travis" />
    <property name="env.PATH" value="/home/travis/pthla/certi-tools/share/scripts:/home/travis/.rvm/gems/ruby-2.4.1/bin:/home/travis/.rvm/gems/ruby-2.4.1@global/bin:/home/travis/.rvm/rubies/ruby-2.4.1/bin:/home/travis/.rvm/bin:/home/travis/.nvm/versions/node/v7.10.1/bin:./node_modules/.bin:/home/travis/build/icyphy/ptII/bin:/home/travis/pthla/certi-tools/bin:/home/travis/bin:/home/travis/.local/bin:/opt/pyenv/shims:/home/travis/.phpenv/shims:/home/travis/perl5/perlbrew/bin:/home/travis/.kiex/elixirs/elixir-1.4.5/bin:/home/travis/.kiex/bin:/home/travis/gopath/bin:/home/travis/.gimme/versions/go1.7.4.linux.amd64/bin:/usr/local/phantomjs/bin:/usr/local/phantomjs:/usr/local/neo4j-3.2.7/bin:/usr/local/maven-3.5.2/bin:/usr/local/cmake-3.9.2/bin:/usr/local/clang-5.0.0/bin:/usr/local/sbin:/usr/local/bin:/usr/sbin:/usr/bin:/sbin:/bin:/home/travis/.phpenv/bin:/opt/pyenv/bin:/home/travis/.yarn/bin" />
    <property name="env.TRAVIS_OS_NAME" value="linux" />
    <property name="ant.java.version" value="1.8" />
    <property name="basedir" value="/home/travis/build/icyphy/ptII" />
    <property name="java.class.version" value="52.0" />
    <property name="env.SHLVL" value="3" />
    <property name="env.LD_LIBRARY_PATH" value="/home/travis/pthla/certi-tools/lib:/usr/lib/jni:/usr/local/share/OpenCV/java/:/usr/share/OpenCV/java:" />
    <property name="env.RACK_ENV" value="test" />
    <property name="ant.home" value="/home/travis/build/icyphy/ptII/ant" />
    <property name="env.NVM_DIR" value="/home/travis/.nvm" />
    <property name="env.PERLBREW_BASHRC_VERSION" value="0.80" />
    <property name="env.CERTI_FOM_PATH" value="/home/travis/pthla/certi-tools/share/federations" />
    <property name="env.TRAVIS_BUILD_ID" value="379474176" />
    <property name="env.PYENV_ROOT" value="/opt/pyenv" />
    <property name="env.TRAVIS_UID" value="2000" />
    <property name="env.rvm_pretty_print_flag" value="auto" />
    <property name="env.NVM_BIN" value="/home/travis/.nvm/versions/node/v7.10.1/bin" />
    <property name="env.TRAVIS_COMMIT" value="ce26e4611a6fbda9439739dbab7d02786a83f38a" />
    <property name="env._system_arch" value="x86_64" />
    <property name="node.executable" value="node" />
    <property name="sun.boot.library.path" value="/usr/lib/jvm/java-8-oracle/jre/lib/amd64" />
    <property name="sun.management.compiler" value="HotSpot 64-Bit Tiered Compilers" />
    <property name="env.GOPATH" value="/home/travis/gopath" />
    <property name="java.awt.graphicsenv" value="sun.awt.X11GraphicsEnvironment" />
    <property name="ptolemy.ptII.dir" value="/home/travis/build/icyphy/ptII" />
    <property name="env.USER" value="travis" />
    <property name="env.HISTFILESIZE" value="2000" />
    <property name="timeout.longest" value="19000000" />
    <property name="env.TRAVIS_STACK_FEATURES" value="basic cassandra chromium couchdb disabled-ipv6 docker docker-compose elasticsearch firefox go-toolchain google-chrome jdk memcached mongodb mysql neo4j nodejs_interpreter perl_interpreter perlbrew phantomjs postgresql python_interpreter rabbitmq redis riak ruby_interpreter sqlite xserver" />
    <property name="env.TRAVIS_PULL_REQUEST" value="false" />
    <property name="env.PYENV_SHELL" value="bash" />
    <property name="ant.project.name" value="ptII" />
    <property name="java.vm.specification.version" value="1.8" />
    <property name="env.CERTI_VERSION" value="4.0.0" />
    <property name="env.NLSPATH" value="/usr/dt/lib/nls/msg/%L/%N.cat" />
    <property name="awt.toolkit" value="sun.awt.X11.XToolkit" />
    <property name="env.CERTI_HOST" value="localhost" />
    <property name="env.MY_RUBY_HOME" value="/home/travis/.rvm/rubies/ruby-2.4.1" />
    <property name="sun.cpu.isalist" value="" />
    <property name="env.PT_TRAVIS_TEST_CAPECODE1_XML" value="true" />
    <property name="java.ext.dirs" value="/usr/lib/jvm/java-8-oracle/jre/lib/ext:/usr/java/packages/lib/ext" />
    <property name="os.version" value="4.4.0-101-generic" />
    <property name="user.home" value="/home/travis" />
    <property name="env.MIX_ARCHIVES" value="/home/travis/.kiex/mix/elixir-1.4.5" />
    <property name="java.vm.vendor" value="Oracle Corporation" />
    <property name="env.TRAVIS_TAG" value="nightly" />
    <property name="env.TRAVIS_FILTERED" value="redirect_io" />
    <property name="javadoc.excludepackagenames" value="adm.cvs2svn.*,build.*,config.*,doc.coding.templates.*,jni.test.jni.meaningOfLife.*,jni.test.jni.testDeux.*,jni.test.jni.testTrois.*,org.terraswarm.accessor.accessors.web.node_modules.*,org.terraswarm.accessor.accessors.web.hosts.cordova.demo.*,org.terraswarm.accessor.accessors.web.hosts.cordova.plugins.*,org.terraswarm.accessor.accessors-svn.*,pt-modules.*,ptolemy.apps.agilent.*,ptolemy.apps.anytimecontrol.*,ptolemy.apps.apes.*,ptolemy.apps.charon.*,ptolemy.apps.crazyboard.*,ptolemy.apps.eclipse.*,ptolemy.apps.etherealSting.*,ptolemy.apps.fullscreen.*,ptolemy.apps.giotto.*,ptolemy.apps.ia.*,ptolemy.apps.interfaces.*,ptolemy.apps.jmf.*,ptolemy.apps.kurt.*,ptolemy.apps.kvm.*,ptolemy.apps.lego.*,ptolemy.apps.lejos.*,ptolemy.apps.midp.*,ptolemy.apps.mobileCoding.*,ptolemy.apps.pendulum.*,ptolemy.apps.rijndael.*,ptolemy.apps.robot.*,ptolemy.apps.security.*,ptolemy.apps.sobel.*,ptolemy.apps.soot.*,ptolemy.apps.throttle.*,ptolemy.apps.tini.*,ptolemy.apps.transmission.*,ptolemy.apps.vergil.*,ptolemy.apps.waba.*,ptolemy.apps.websensor.*,ptolemy.apps.webstart.*,ptolemy.apps.xsl.*,ptolemy.apps.zaurus.*,ptolemy.backtrack.eclipse.plugin.*,ptolemy.backtrack.test.*,ptolemy.codegen.c.actor.lib.oldJavaFiles.*,ptolemy.codegen.dsp.lib.*,ptolemy.codegen.kernel.newInterfaces.*,ptolemy.codegen.lib.*,ptolemy.copernicus.kernel.fragment.*,ptolemy.copernicus.shallow.cg.*,ptolemy.domains.giotto.demo.Hierarchy.Hierarchy.*,ptolemy.domains.giotto.demo.Multimode.Multimode.*,ptolemy.domains.giotto.demo.Simple.Simple.*,ptolemy.domains.gr.lib.experimental.*,ptolemy.domains.gro.*,ptolemy.domains.pdf.*,ptolemy.domains.ptinyos.demo.Surge.output.*,ptolemy.moml.test.NoPackageActor.java*,ptolemy.plot.adm.*,ptolemy.plot.servlet.*,reports.*,signed.*,src.*,target.*,vendors.*,ptolemy.cg.adapter.generic.program.procedural.c.mbed*,ptolemy.actor.lib.fmi.fmus.omc*,ptolemy.domains.openmodelica*,ptdb.kernel.bl.save.test.*,ptdb.kernel.bl.load.test.*,ptdb.kernel.bl.search.test.*,ptdb.kernel.bl.migration.test.*,ptdb.kernel.database.test.*,ptdb.test.*,ptdb.gui.test.*,org.ptolemy.scala.*,diva.util.java2d.svg.*,ptolemy.domains.ptinyos.*,ptolemy.actor.lib.fmi.fmipp.*,,org.terraswarm.accessor.accessors.web.node_modules.*,org.terraswarm.accessor.accessors-svn,ptolemy.actor.ptalon.demo.ptinyos.SendAndReceiveCnt.output,ptolemy.actor.ptalon.demo.ptinyos.SenseToLeds.output,ptolemy.domains.ptinyos.demo.CntToLedsAndRfm.output,ptolemy.domains.ptinyos.demo.RfmToLeds.output,ptolemy.domains.ptinyos.demo.SendAndReceiveCnt.output,ptolemy.domains.ptinyos.demo.SenseToLeds.output" />
    <property name="env.JAVA_HOME" value="/usr/lib/jvm/java-8-oracle" />
    <property name="env.PTII" value="/home/travis/build/icyphy/ptII" />
    <property name="env.TRAVIS_COMMIT_MESSAGE" value="Exclude R and PtinyOS models from running." />
    <property name="keystore" value="ptKeystore" />
    <property name="env.XDG_SESSION_ID" value="2" />
    <property name="junit.output.dir" value="/home/travis/build/icyphy/ptII/reports/junit" />
    <property name="npm.return.code" value="0" />
    <property name="user.dir" value="/home/travis/build/icyphy/ptII/ptolemy/actor/lib/jjs/modules/httpServer/test" />
    <property name="env.TRAVIS_NODE_VERSION" value="7" />
    <property name="env.XFILESEARCHPATH" value="/usr/dt/app-defaults/%L/Dt" />
    <property name="env.TRAVIS_EVENT_TYPE" value="push" />
    <property name="env.MAIL" value="/var/mail/travis" />
    <property name="env.PWD" value="/home/travis/build/icyphy/ptII" />
    <property name="env.PERLBREW_ROOT" value="/home/travis/perl5/perlbrew" />
    <property name="timeout.npm" value="45000" />
    <property name="env.PAGER" value="cat" />
    <property name="sun.cpu.endian" value="little" />
    <property name="env.TRAVIS_BUILD_STAGE_NAME" value="Test" />
    <property name="env.PERLBREW_HOME" value="/home/travis/.perlbrew" />
    <property name="env.RAILS_ENV" value="test" />
    <property name="java.vm.version" value="25.151-b12" />
    <property name="java.class.path" value="/home/travis/build/icyphy/ptII:/home/travis/build/icyphy/ptII/lib/bsh-2.0b4.jar:/home/travis/build/icyphy/ptII/lib/ptCal.jar:/home/travis/build/icyphy/ptII/lib/java_cup.jar:/home/travis/build/icyphy/ptII/lib/saxon8.jar:/home/travis/build/icyphy/ptII/lib/saxon8-dom.jar:/home/travis/build/icyphy/ptII/lib/chic.jar:/home/travis/build/icyphy/ptII/lib/ptcolt.jar:/usr/lib/jvm/java-8-oracle/lib/tools.jar:/usr/lib/eclipse/plugins/org.eclipse.jdt.core_3.8.2.dist.jar:/usr/lib/eclipse/plugins/org.eclipse.core.runtime_3.8.0.dist.jar:/usr/lib/eclipse/plugins/org.eclipse.osgi_3.8.1.dist.jar:/usr/lib/eclipse/plugins/org.eclipse.core.resources_3.8.1.dist.jar:/usr/lib/eclipse/plugins/org.eclipse.equinox.common_3.6.100.dist.jar:/usr/lib/eclipse/plugins/org.eclipse.core.jobs_3.5.200.dist.jar:/usr/lib/eclipse/plugins/org.eclipse.core.contenttype_3.4.200.dist.jar:/usr/lib/eclipse/plugins/org.eclipse.equinox.preferences_3.5.0.dist.jar:/usr/lib/eclipse/plugins/org.eclipse.text_3.5.200.dist.jar:/usr/lib/eclipse/plugins/org.eclipse.ui.workbench_3.8.1.dist.jar:/usr/lib/eclipse/plugins/org.eclipse.jface_3.8.0.dist.jar:/usr/lib/eclipse/plugins/org.eclipse.swt_3.8.2.jar:/usr/lib/eclipse/plugins/org.eclipse.jface.text_3.8.1.dist.jar:/usr/lib/eclipse/plugins/org.eclipse.ui.workbench.texteditor_3.8.0.dist.jar:/usr/lib/eclipse/plugins/org.eclipse.ui.editors_3.8.0.dist.jar:/usr/lib/eclipse/plugins/org.eclipse.core.commands_3.6.1.dist.jar:/usr/lib/eclipse/plugins/org.eclipse.equinox.registry_3.5.200.dist.jar:/usr/lib/eclipse/plugins/org.eclipse.ui.console_3.5.100.dist.jar:/usr/lib/eclipse/plugins/org.eclipse.ui.forms_3.5.200.dist.jar:/usr/lib/eclipse/plugins/org.eclipse.ui.ide_3.8.1.dist.jar:/home/travis/build/icyphy/ptII/vendors/oracle/dbxml.jar:/home/travis/build/icyphy/ptII/vendors/oracle/db.jar:/home/travis/build/icyphy/ptII/vendors/misc/itext/iText.jar:/home/travis/build/icyphy/ptII/lib/g4ltl.jar:/home/travis/build/icyphy/ptII/lib/StructuralCoder.jar:/home/travis/build/icyphy/ptII/lib/org-openide-util.jar:/home/travis/build/icyphy/ptII/lib/org-openide-util-lookup.jar:/home/travis/build/icyphy/ptII/lib/org-netbeans-api-visual.jar:/home/travis/build/icyphy/ptII/vendors/jai-1_1_2_01/lib/jai_core.jar:/home/travis/build/icyphy/ptII/vendors/jai-1_1_2_01/lib/jai_codec.jar:/home/travis/build/icyphy/ptII/lib/jcerti.jar:/home/travis/build/icyphy/ptII/lib/smack.jar:/home/travis/build/icyphy/ptII/lib/smackx.jar:/home/travis/build/icyphy/ptII/lib/jetty-all-8.1.5-v20120716.jar:/home/travis/build/icyphy/ptII/lib/javax.servlet-api-3.0.1.jar:/home/travis/build/icyphy/ptII/lib/javax.mail.jar:/home/travis/build/icyphy/ptII/vendors/JMF-2.1.1e/lib/jmf.jar:/home/travis/build/icyphy/ptII/lib/jna-4.0.0-variadic.jar:/home/travis/build/icyphy/ptII/vendors/misc/joystick/Joystick.jar:/home/travis/build/icyphy/ptII/lib/ptjacl.jar:/home/travis/build/icyphy/ptII/lib/jsoup-1.8.2.jar:/home/travis/build/icyphy/ptII/lib/junit-4.8.2.jar:/home/travis/build/icyphy/ptII/lib/JUnitParams-0.4.0.jar:/home/travis/build/icyphy/ptII/ptolemy/actor/lib/excel/jxl.jar:/home/travis/build/icyphy/ptII/lib/jython.jar:/home/travis/build/icyphy/ptII/lib/kieler.jar:/home/travis/build/icyphy/ptII/vendors/opencv/share/OpenCV/java/opencv-341.jar:/home/travis/build/icyphy/ptII/lib/oscP5.jar:/home/travis/build/icyphy/ptII/lib/nrjavaserial-3.11.0.devel.jar:/usr/share/java/j3dcore.jar:/usr/share/java/j3dutils.jar:/usr/share/java/vecmath.jar:/home/travis/build/icyphy/ptII/ptolemy/distributed/jini/jar/jini-core.jar:/home/travis/build/icyphy/ptII/ptolemy/distributed/jini/jar/jini-ext.jar:/home/travis/build/icyphy/ptII/ptolemy/distributed/jini/jar/sun-util.jar:/home/travis/build/icyphy/ptII/lib/protobuf-java-2.4.1.jar:/home/travis/build/icyphy/ptII/lib/org.eclipse.paho.client.mqttv3.jar:/home/travis/build/icyphy/ptII/ptserver/lib/hessian-4.0.7.jar:/home/travis/build/icyphy/ptII/ptserver/lib/wmqtt.jar:/home/travis/build/icyphy/ptII/lib/mapss.jar:/home/travis/build/icyphy/ptII/ptolemy/actor/ptalon/antlr/antlr.jar:/home/travis/build/icyphy/ptII/lib/JRI.jar:/home/travis/build/icyphy/ptII/lib/commons-lang-2.6.jar:/home/travis/build/icyphy/ptII/lib/commons-logging-1.1.1.jar:/home/travis/build/icyphy/ptII/lib/sootclasses.jar:/home/travis/build/icyphy/ptII/ptolemy/actor/lib/database/mysql-connector-java-5.1.6-bin.jar:/home/travis/build/icyphy/ptII/vendors/misc/sphinx4/sphinx4-data-5prealpha.jar:/home/travis/build/icyphy/ptII/vendors/misc/sphinx4/sphinx4-core-5prealpha.jar:/home/travis/build/icyphy/ptII/lib/PDFRenderer.jar:/home/travis/build/icyphy/ptII/lib/svgSalamander.jar:/home/travis/build/icyphy/ptII/lib/rsyntaxtextarea-2.6.0-SNAPSHOT.jar:/home/travis/build/icyphy/ptII/lib/hazelcast-3.8.2.jar:/home/travis/build/icyphy/ptII/lib/jackson-annotations-2.9.0.jar:/home/travis/build/icyphy/ptII/lib/jackson-core-2.9.3.jar:/home/travis/build/icyphy/ptII/lib/jackson-databind-2.9.3.jar:/home/travis/build/icyphy/ptII/lib/netty-buffer-4.1.19.Final.jar:/home/travis/build/icyphy/ptII/lib/netty-codec-4.1.19.Final.jar:/home/travis/build/icyphy/ptII/lib/netty-codec-dns-4.1.19.Final.jar:/home/travis/build/icyphy/ptII/lib/netty-codec-http-4.1.19.Final.jar:/home/travis/build/icyphy/ptII/lib/netty-codec-http2-4.1.19.Final.jar:/home/travis/build/icyphy/ptII/lib/netty-common-4.1.19.Final.jar:/home/travis/build/icyphy/ptII/lib/netty-handler-4.1.19.Final.jar:/home/travis/build/icyphy/ptII/lib/netty-resolver-4.1.19.Final.jar:/home/travis/build/icyphy/ptII/lib/netty-resolver-dns-4.1.19.Final.jar:/home/travis/build/icyphy/ptII/lib/netty-transport-4.1.19.Final.jar:/home/travis/build/icyphy/ptII/lib/vertx-codegen-3.5.1.jar:/home/travis/build/icyphy/ptII/lib/vertx-core-3.5.2-SNAPSHOT.jar:/home/travis/build/icyphy/ptII/lib/vertx-hazelcast-3.5.1.jar:/home/travis/build/icyphy/ptII/lib/vertx-lang-js-3.5.1.jar:/home/travis/build/icyphy/ptII/lib/vertx-service-proxy-3.5.1.jar:/home/travis/build/icyphy/ptII/lib/vertx-web-3.5.1.jar:/home/travis/build/icyphy/ptII/lib/slf4j-api-1.7.13.jar:/home/travis/build/icyphy/ptII/lib/slf4j-simple-1.7.13.jar:/home/travis/build/icyphy/ptII/lib/webcam-capture-0.3.12.jar:/home/travis/build/icyphy/ptII/lib/bridj-0.7.0.jar:/home/travis/build/icyphy/ptII/lib/xbjlib-1.1.0.nrjavaserial.jar:/home/travis/build/icyphy/ptII/ptolemy/moml/test:/home/travis/build/icyphy/ptII/ant/lib/ant-launcher.jar:/home/travis/build/icyphy/ptII/ant/lib/ant.jar:/home/travis/build/icyphy/ptII/ant/lib/ant-junit.jar:/home/travis/build/icyphy/ptII/ant/lib/ant-junit4.jar" />
    <property name="ant.library.dir" value="/home/travis/build/icyphy/ptII/ant/lib" />
    <property name="os.arch" value="amd64" />
    <property name="env.TRAVIS_LANGUAGE" value="node_js" />
    <property name="env.CONTINUOUS_INTEGRATION" value="true" />
    <property name="env.TRAVIS_STACK_LANGUAGES" value="__garnet__ c c++ clojure cplusplus cpp default go groovy java node_js php pure_java python ruby scala" />
    <property name="test.name" value="ptolemy.actor.lib.test.junit.JUnitTclTest" />
    <property name="sun.java.launcher" value="SUN_STANDARD" />
    <property name="env.PYTHON_CONFIGURE_OPTS" value="--enable-unicode=ucs4 --with-wide-unicode --enable-shared --enable-ipv6 --enable-loadable-sqlite-extensions --with-computed-gotos" />
    <property name="ant.core.lib" value="/home/travis/build/icyphy/ptII/ant/lib/ant.jar" />
    <property name="java.vm.specification.vendor" value="Oracle Corporation" />
    <property name="env.BCVTB_HOME" value="/home/travis/build/icyphy/ptII/lbnl" />
    <property name="file.separator" value="/" />
    <property name="java.runtime.version" value="1.8.0_151-b12" />
    <property name="spotbugs.home" value="/home/travis/build/icyphy/ptII/vendors/spotbugs-3.1.1" />
    <property name="sun.boot.class.path" value="/usr/lib/jvm/java-8-oracle/jre/lib/resources.jar:/usr/lib/jvm/java-8-oracle/jre/lib/rt.jar:/usr/lib/jvm/java-8-oracle/jre/lib/sunrsasign.jar:/usr/lib/jvm/java-8-oracle/jre/lib/jsse.jar:/usr/lib/jvm/java-8-oracle/jre/lib/jce.jar:/usr/lib/jvm/java-8-oracle/jre/lib/charsets.jar:/usr/lib/jvm/java-8-oracle/jre/lib/jfr.jar:/usr/lib/jvm/java-8-oracle/jre/classes" />
    <property name="env.HAS_JOSH_K_SEAL_OF_APPROVAL" value="true" />
    <property name="env.TRAVIS_OSX_IMAGE" value="" />
    <property name="env.XDG_RUNTIME_DIR" value="/run/user/2000" />
    <property name="env.TRAVIS_BRANCH" value="master" />
    <property name="env.TRAVIS_JOB_ID" value="379474180" />
    <property name="env.CERTI_HOME_TRAVIS" value="/home/travis/pthla/certi-tools" />
    <property name="user.country" value="US" />
    <property name="env.SHELL" value="/bin/bash" />
    <property name="java.maxmemory.large" value="5000m" />
    <property name="model" value="" />
    <property name="env.CASHER_DIR" value="/home/travis/.casher" />
    <property name="env.NVM_CD_FLAGS" value="" />
    <property name="jshint.executable" value="/home/travis/node_modules/jshint/bin/jshint" />
    <property name="java.vendor" value="Oracle Corporation" />
    <property name="env.JRUBY_OPTS" value=" --client -J-XX:+TieredCompilation -J-XX:TieredStopAtLevel=1 -J-Xss2m -Xcompile.invokedynamic=false" />
    <property name="env.TRAVIS_PRE_CHEF_BOOTSTRAP_TIME" value="2017-12-05T19:32:55" />
    <property name="env.TRAVIS_STACK_JOB_BOARD_REGISTER" value="/.job-board-register.yml" />
    <property name="env.ELIXIR_VERSION" value="1.4.5" />
    <property name="java.specification.version" value="1.8" />
    <property name="env.IRBRC" value="/home/travis/.rvm/rubies/ruby-2.4.1/.irbrc" />
    <property name="env.TRAVIS" value="true" />
    <property name="sun.arch.data.model" value="64" />
  </properties>
  <testcase classname="ptolemy.util.test.junit.TclTests" name="[0] ThereAreNoTclTests (RunTclFile)" time="0.002" />
  <testcase classname="ptolemy.util.test.junit.AutoKnownFailedTests" name="[0] ThereAreNoKnowFailedTests (RunModel)" time="0.001" />
  <testcase classname="ptolemy.util.test.junit.AutoNameArchTests" name="[0] ThereAreNoAutoTests (RunModel)" time="0.002" />
  <testcase classname="ptolemy.util.test.junit.AutoTests" name="[0] /home/travis/build/icyphy/ptII/ptolemy/actor/lib/jjs/modules/httpServer/test/auto/KeyValueStoreClient.xml (RunModel)" time="900.01">
    <error message="test timed out after 900000 milliseconds" type="java.lang.Exception">java.lang.Exception: test timed out after 900000 milliseconds
	at java.lang.Object.wait(Native Method)
	at java.lang.Thread.join(Thread.java:1252)
	at java.lang.Thread.join(Thread.java:1326)
	at ptolemy.moml.MoMLSimpleApplication.&lt;init&gt;(MoMLSimpleApplication.java:155)
	at java.lang.reflect.Constructor.newInstance(Constructor.java:423)
	at ptolemy.util.test.junit.AutoTests.RunModel(AutoTests.java:185)
	at junitparams.internal.InvokeParameterisedMethod.evaluate(InvokeParameterisedMethod.java:102)
</error>
  </testcase>
  <testcase classname="ptolemy.util.test.junit.AutoTests" name="[1] /home/travis/build/icyphy/ptII/ptolemy/actor/lib/jjs/modules/httpServer/test/auto/WebServer.xml (RunModel)" time="37.32">
    <error type="java.lang.reflect.InvocationTargetException">java.lang.reflect.InvocationTargetException
	at java.lang.reflect.Constructor.newInstance(Constructor.java:423)
	at ptolemy.util.test.junit.AutoTests.RunModel(AutoTests.java:185)
	at junitparams.internal.InvokeParameterisedMethod.evaluate(InvokeParameterisedMethod.java:102)
Caused by: ptolemy.kernel.util.IllegalActionException: Exceptions occurred during wrapup:
ptolemy.kernel.util.IllegalActionException: Failure executing the wrapup function: Error: TrainableTest2: The input handler of this accessor was never invoked. Usually, this is an error indicating that starvation is occurring. in &lt;function&gt; at line number 393 at column number 16
  in .WebServer.TrainableTest2
Because:
Error: TrainableTest2: The input handler of this accessor was never invoked. Usually, this is an error indicating that starvation is occurring. in &lt;function&gt; at line number 393 at column number 16
ptolemy.kernel.util.IllegalActionException: Failure executing the wrapup function: Error: TrainableTest4: The input handler of this accessor was never invoked. Usually, this is an error indicating that starvation is occurring. in &lt;function&gt; at line number 393 at column number 16
  in .WebServer.TrainableTest4
Because:
Error: TrainableTest4: The input handler of this accessor was never invoked. Usually, this is an error indicating that starvation is occurring. in &lt;function&gt; at line number 393 at column number 16

  in .WebServer.DE Director
Because:
Failure executing the wrapup function: Error: TrainableTest2: The input handler of this accessor was never invoked. Usually, this is an error indicating that starvation is occurring. in &lt;function&gt; at line number 393 at column number 16
  in .WebServer.TrainableTest2
Because:
Error: TrainableTest2: The input handler of this accessor was never invoked. Usually, this is an error indicating that starvation is occurring. in &lt;function&gt; at line number 393 at column number 16
	at ptolemy.actor.Director.wrapup(Director.java:1736)
	at ptolemy.domains.de.kernel.DEDirector.wrapup(DEDirector.java:1526)
	at ptolemy.actor.CompositeActor.wrapup(CompositeActor.java:2735)
	at ptolemy.actor.Manager.wrapup(Manager.java:1512)
	at ptolemy.actor.Manager.execute(Manager.java:407)
	at ptolemy.actor.Manager.run(Manager.java:1263)
	at ptolemy.actor.Manager$PtolemyRunThread.run(Manager.java:1915)
Caused by: ptolemy.kernel.util.IllegalActionException: Failure executing the wrapup function: Error: TrainableTest2: The input handler of this accessor was never invoked. Usually, this is an error indicating that starvation is occurring. in &lt;function&gt; at line number 393 at column number 16
  in .WebServer.TrainableTest2
Because:
Error: TrainableTest2: The input handler of this accessor was never invoked. Usually, this is an error indicating that starvation is occurring. in &lt;function&gt; at line number 393 at column number 16
	at ptolemy.actor.lib.jjs.JavaScript._invokeMethodInContext(JavaScript.java:2223)
	at ptolemy.actor.lib.jjs.JavaScript.wrapup(JavaScript.java:2118)
	at ptolemy.actor.Director.wrapup(Director.java:1722)
Caused by: javax.script.ScriptException: Error: TrainableTest2: The input handler of this accessor was never invoked. Usually, this is an error indicating that starvation is occurring. in &lt;function&gt; at line number 393 at column number 16
	at jdk.nashorn.api.scripting.NashornScriptEngine.throwAsScriptException(NashornScriptEngine.java:470)
	at jdk.nashorn.api.scripting.NashornScriptEngine.invokeImpl(NashornScriptEngine.java:392)
	at jdk.nashorn.api.scripting.NashornScriptEngine.invokeMethod(NashornScriptEngine.java:199)
	at ptolemy.actor.lib.jjs.JavaScript._invokeMethodInContext(JavaScript.java:2200)
Caused by: &lt;function&gt;:393:16 Error: TrainableTest2: The input handler of this accessor was never invoked. Usually, this is an error indicating that starvation is occurring.
	at jdk.nashorn.internal.objects.NativeError.initException(NativeError.java:137)
	at jdk.nashorn.internal.objects.NativeError.&lt;init&gt;(NativeError.java:102)
	at jdk.nashorn.internal.objects.NativeError.&lt;init&gt;(NativeError.java:106)
	at jdk.nashorn.internal.objects.NativeError.&lt;init&gt;(NativeError.java:110)
	at jdk.nashorn.internal.objects.NativeError.constructor(NativeError.java:129)
	at jdk.nashorn.internal.scripts.Script$Recompilation$8249$18524$\^function\_.L:1#wrapup(&lt;function&gt;:393)
	at jdk.nashorn.internal.scripts.Script$Recompilation$8247$30384$require.L:1#Accessor#wrapup(/home/travis/build/icyphy/ptII/ptolemy/actor/lib/jjs/external/require.js#401:30&lt;eval&gt;:675)
	at jdk.nashorn.internal.runtime.ScriptFunctionData.invoke(ScriptFunctionData.java:637)
	at jdk.nashorn.internal.runtime.ScriptFunction.invoke(ScriptFunction.java:494)
	at jdk.nashorn.internal.runtime.ScriptRuntime.apply(ScriptRuntime.java:393)
	at jdk.nashorn.api.scripting.ScriptObjectMirror.callMember(ScriptObjectMirror.java:199)
	at jdk.nashorn.api.scripting.NashornScriptEngine.invokeImpl(NashornScriptEngine.java:386)
</error>
  </testcase>
  <testcase classname="ptolemy.util.test.junit.AutoTests" name="[2] /home/travis/build/icyphy/ptII/ptolemy/actor/lib/jjs/modules/httpServer/test/auto/WebServerBasic.xml (RunModel)" time="16.994">
    <error type="java.lang.reflect.InvocationTargetException">java.lang.reflect.InvocationTargetException
	at java.lang.reflect.Constructor.newInstance(Constructor.java:423)
	at ptolemy.util.test.junit.AutoTests.RunModel(AutoTests.java:185)
	at junitparams.internal.InvokeParameterisedMethod.evaluate(InvokeParameterisedMethod.java:102)
Caused by: java.lang.RuntimeException: REST: Connection refused: localhost/127.0.0.1:8496
	at ptolemy.util.SimpleMessageHandler._error(SimpleMessageHandler.java:53)
	at ptolemy.util.MessageHandler.error(MessageHandler.java:84)
	at ptolemy.actor.lib.jjs.JavaScript.error(JavaScript.java:828)
	at ptolemy.actor.lib.jjs.RestrictedJavaScriptInterface.error(RestrictedJavaScriptInterface.java:108)
	at jdk.nashorn.internal.scripts.Script$Recompilation$10904$3480A$\^eval\_.error(&lt;eval&gt;:98)
	at jdk.nashorn.internal.scripts.Script$Recompilation$10902$15986A$require.L:1#_handleError(/home/travis/build/icyphy/ptII/ptolemy/actor/lib/jjs/external/require.js#401:30&lt;eval&gt;:375)
	at jdk.nashorn.internal.scripts.Script$Recompilation$10901$17609AA$require.L:1#_errorResponse(/home/travis/build/icyphy/ptII/ptolemy/actor/lib/jjs/external/require.js#401:30&lt;eval&gt;:412)
	at jdk.nashorn.internal.runtime.ScriptFunctionData.invoke(ScriptFunctionData.java:641)
	at jdk.nashorn.internal.runtime.ScriptFunction.invoke(ScriptFunction.java:494)
	at jdk.nashorn.internal.runtime.ScriptRuntime.apply(ScriptRuntime.java:393)
	at jdk.nashorn.api.scripting.ScriptObjectMirror.callMember(ScriptObjectMirror.java:199)
	at ptolemy.actor.lib.jjs.modules.httpClient.HttpClientHelper$HttpClientExceptionHandler$1.run(HttpClientHelper.java:282)
	at ptolemy.actor.lib.jjs.JavaScript.fire(JavaScript.java:1050)
	at ptolemy.domains.de.kernel.DEDirector._fire(DEDirector.java:1948)
	at ptolemy.domains.de.kernel.DEDirector.fire(DEDirector.java:502)
	at ptolemy.actor.CompositeActor.fire(CompositeActor.java:455)
	at ptolemy.actor.Manager.iterate(Manager.java:851)
	at ptolemy.actor.Manager.execute(Manager.java:369)
	at ptolemy.actor.Manager.run(Manager.java:1263)
	at ptolemy.actor.Manager$PtolemyRunThread.run(Manager.java:1915)
</error>
  </testcase>
  <testcase classname="ptolemy.util.test.junit.AutoTests" name="[3] /home/travis/build/icyphy/ptII/ptolemy/actor/lib/jjs/modules/httpServer/test/auto/WebServerTimeout.xml (RunModel)" time="30.25" />
  <system-out><![CDATA[No tcl tests in /home/travis/build/icyphy/ptII/ptolemy/actor/lib/jjs/modules/httpServer/test
No auto/knownFailedTests/*.xml tests in /home/travis/build/icyphy/ptII/ptolemy/actor/lib/jjs/modules/httpServer/test
No auto/*.xml tests in /home/travis/build/icyphy/ptII/ptolemy/actor/lib/jjs/modules/httpServer/test
AutoTests.java: About to close Vertx.
AutoTests.java: Vertx closed.
----------------- testing Tue May 15 23:54:50 UTC 2018 /home/travis/build/icyphy/ptII/ptolemy/actor/lib/jjs/modules/httpServer/test/auto/KeyValueStoreClient.xml
----------------- Tue May 15 23:54:50 UTC 2018 About to sleep for 5.0 seconds before running or rerunning.  Test is: /home/travis/build/icyphy/ptII/ptolemy/actor/lib/jjs/modules/httpServer/test/auto/KeyValueStoreClient.xml
Done sleeping
----------------- Instantiating /home/travis/build/icyphy/ptII/ptolemy/actor/lib/jjs/modules/httpServer/test/auto/KeyValueStoreClient.xml
JSAccessor: PT_NO_NET environment variable is set, so git pull and ptdoc are not being run.
WebServer: WebServer: Creating new server. (Thread[KeyValueStoreClient,1,main])
WebServer: WebServer: Listening for requests. (Thread[vert.x-eventloop-thread-0,1,main])
Manager.initialize() finished: 14570 ms. Memory: 983040K Free: 631755K (64%)
KeyValueStore: Making an HTTP request. (Thread[KeyValueStoreClient,1,main])
WebServer: Server received request. (Thread[KeyValueStoreClient,1,main])
ConstructLookup: ************0 (Thread[KeyValueStoreClient,1,main])
KeyValueResponse: handling body (Thread[KeyValueStoreClient,1,main])
KeyValueStore2: Making an HTTP request. (Thread[KeyValueStoreClient,1,main])
KeyValueStore: Making an HTTP request. (Thread[KeyValueStoreClient,1,main])
WebServer: Server received request. (Thread[KeyValueStoreClient,1,main])
ConstructLookup: ************1 (Thread[KeyValueStoreClient,1,main])
KeyValueResponse: handling body (Thread[KeyValueStoreClient,1,main])
KeyValueStore2: Making an HTTP request. (Thread[KeyValueStoreClient,1,main])
KeyValueStore: Making an HTTP request. (Thread[KeyValueStoreClient,1,main])
WebServer: Server received request. (Thread[KeyValueStoreClient,1,main])
ConstructLookup: ************2 (Thread[KeyValueStoreClient,1,main])
KeyValueResponse: handling body (Thread[KeyValueStoreClient,1,main])
KeyValueStore2: Making an HTTP request. (Thread[KeyValueStoreClient,1,main])
KeyValueStore: Making an HTTP request. (Thread[KeyValueStoreClient,1,main])
WebServer: Server received request. (Thread[KeyValueStoreClient,1,main])
ConstructLookup: ************3 (Thread[KeyValueStoreClient,1,main])
KeyValueResponse: handling body (Thread[KeyValueStoreClient,1,main])
KeyValueStore2: Making an HTTP request. (Thread[KeyValueStoreClient,1,main])
KeyValueStore: Making an HTTP request. (Thread[KeyValueStoreClient,1,main])
WebServer: Server received request. (Thread[KeyValueStoreClient,1,main])
ConstructLookup: ************4 (Thread[KeyValueStoreClient,1,main])
KeyValueResponse: handling body (Thread[KeyValueStoreClient,1,main])
KeyValueStore2: Making an HTTP request. (Thread[KeyValueStoreClient,1,main])
KeyValueStore: Making an HTTP request. (Thread[KeyValueStoreClient,1,main])
WebServer: Server received request. (Thread[KeyValueStoreClient,1,main])
ConstructLookup: ************5 (Thread[KeyValueStoreClient,1,main])
KeyValueResponse: handling body (Thread[KeyValueStoreClient,1,main])
KeyValueStore2: Making an HTTP request. (Thread[KeyValueStoreClient,1,main])
KeyValueStore: Making an HTTP request. (Thread[KeyValueStoreClient,1,main])
WebServer: Server received request. (Thread[KeyValueStoreClient,1,main])
ConstructLookup: ************6 (Thread[KeyValueStoreClient,1,main])
KeyValueResponse: handling body (Thread[KeyValueStoreClient,1,main])
KeyValueStore2: Making an HTTP request. (Thread[KeyValueStoreClient,1,main])
KeyValueStore: Making an HTTP request. (Thread[KeyValueStoreClient,1,main])
WebServer: Server received request. (Thread[KeyValueStoreClient,1,main])
ConstructLookup: ************7 (Thread[KeyValueStoreClient,1,main])
KeyValueResponse: handling body (Thread[KeyValueStoreClient,1,main])
KeyValueStore2: Making an HTTP request. (Thread[KeyValueStoreClient,1,main])
KeyValueStore: Making an HTTP request. (Thread[KeyValueStoreClient,1,main])
WebServer: Server received request. (Thread[KeyValueStoreClient,1,main])
ConstructLookup: ************8 (Thread[KeyValueStoreClient,1,main])
KeyValueResponse: handling body (Thread[KeyValueStoreClient,1,main])
KeyValueStore2: Making an HTTP request. (Thread[KeyValueStoreClient,1,main])
KeyValueStore: Making an HTTP request. (Thread[KeyValueStoreClient,1,main])
WebServer: Server received request. (Thread[KeyValueStoreClient,1,main])
ConstructLookup: ************9 (Thread[KeyValueStoreClient,1,main])
KeyValueResponse: handling body (Thread[KeyValueStoreClient,1,main])
KeyValueStore2: Making an HTTP request. (Thread[KeyValueStoreClient,1,main])
KeyValueStore: Making an HTTP request. (Thread[KeyValueStoreClient,1,main])
WebServer: Server received request. (Thread[KeyValueStoreClient,1,main])
ConstructLookup: ************10 (Thread[KeyValueStoreClient,1,main])
KeyValueResponse: handling body (Thread[KeyValueStoreClient,1,main])
KeyValueStore2: Making an HTTP request. (Thread[KeyValueStoreClient,1,main])
KeyValueStore: Making an HTTP request. (Thread[KeyValueStoreClient,1,main])
WebServer: Server received request. (Thread[KeyValueStoreClient,1,main])
ConstructLookup: ************11 (Thread[KeyValueStoreClient,1,main])
KeyValueResponse: handling body (Thread[KeyValueStoreClient,1,main])
KeyValueStore2: Making an HTTP request. (Thread[KeyValueStoreClient,1,main])
KeyValueStore: Making an HTTP request. (Thread[KeyValueStoreClient,1,main])
WebServer: Server received request. (Thread[KeyValueStoreClient,1,main])
ConstructLookup: ************12 (Thread[KeyValueStoreClient,1,main])
KeyValueResponse: handling body (Thread[KeyValueStoreClient,1,main])
KeyValueStore2: Making an HTTP request. (Thread[KeyValueStoreClient,1,main])
KeyValueStore: Making an HTTP request. (Thread[KeyValueStoreClient,1,main])
WebServer: Server received request. (Thread[KeyValueStoreClient,1,main])
ConstructLookup: ************13 (Thread[KeyValueStoreClient,1,main])
KeyValueResponse: handling body (Thread[KeyValueStoreClient,1,main])
KeyValueStore2: Making an HTTP request. (Thread[KeyValueStoreClient,1,main])
KeyValueStore: Making an HTTP request. (Thread[KeyValueStoreClient,1,main])
WebServer: Server received request. (Thread[KeyValueStoreClient,1,main])
ConstructLookup: ************14 (Thread[KeyValueStoreClient,1,main])
KeyValueResponse: handling body (Thread[KeyValueStoreClient,1,main])
KeyValueStore2: Making an HTTP request. (Thread[KeyValueStoreClient,1,main])
KeyValueStore: Making an HTTP request. (Thread[KeyValueStoreClient,1,main])
WebServer: Server received request. (Thread[KeyValueStoreClient,1,main])
ConstructLookup: ************15 (Thread[KeyValueStoreClient,1,main])
KeyValueResponse: handling body (Thread[KeyValueStoreClient,1,main])
KeyValueStore2: Making an HTTP request. (Thread[KeyValueStoreClient,1,main])
KeyValueStore: Making an HTTP request. (Thread[KeyValueStoreClient,1,main])
WebServer: Server received request. (Thread[KeyValueStoreClient,1,main])
ConstructLookup: ************16 (Thread[KeyValueStoreClient,1,main])
KeyValueResponse: handling body (Thread[KeyValueStoreClient,1,main])
KeyValueStore2: Making an HTTP request. (Thread[KeyValueStoreClient,1,main])
KeyValueStore: Making an HTTP request. (Thread[KeyValueStoreClient,1,main])
WebServer: Server received request. (Thread[KeyValueStoreClient,1,main])
ConstructLookup: ************17 (Thread[KeyValueStoreClient,1,main])
KeyValueResponse: handling body (Thread[KeyValueStoreClient,1,main])
KeyValueStore2: Making an HTTP request. (Thread[KeyValueStoreClient,1,main])
KeyValueStore: Making an HTTP request. (Thread[KeyValueStoreClient,1,main])
WebServer: Server received request. (Thread[KeyValueStoreClient,1,main])
ConstructLookup: ************18 (Thread[KeyValueStoreClient,1,main])
KeyValueResponse: handling body (Thread[KeyValueStoreClient,1,main])
KeyValueStore2: Making an HTTP request. (Thread[KeyValueStoreClient,1,main])
KeyValueStore: Making an HTTP request. (Thread[KeyValueStoreClient,1,main])
WebServer: Server received request. (Thread[KeyValueStoreClient,1,main])
ConstructLookup: ************19 (Thread[KeyValueStoreClient,1,main])
KeyValueResponse: handling body (Thread[KeyValueStoreClient,1,main])
KeyValueStore2: Making an HTTP request. (Thread[KeyValueStoreClient,1,main])
KeyValueStore: Making an HTTP request. (Thread[KeyValueStoreClient,1,main])
WebServer: Server received request. (Thread[KeyValueStoreClient,1,main])
ConstructLookup: ************20 (Thread[KeyValueStoreClient,1,main])
KeyValueResponse: handling body (Thread[KeyValueStoreClient,1,main])
KeyValueStore2: Making an HTTP request. (Thread[KeyValueStoreClient,1,main])
KeyValueStore2: WARNING: More than 20 pending requests. Sleeping 500 ms. (Thread[KeyValueStoreClient,1,main])
KeyValueStore: Making an HTTP request. (Thread[KeyValueStoreClient,1,main])
WebServer: Server received request. (Thread[KeyValueStoreClient,1,main])
ConstructLookup: ************21 (Thread[KeyValueStoreClient,1,main])
KeyValueResponse: handling body (Thread[KeyValueStoreClient,1,main])
KeyValueStore2: Making an HTTP request. (Thread[KeyValueStoreClient,1,main])
KeyValueStore2: WARNING: More than 20 pending requests. Sleeping 1000 ms. (Thread[KeyValueStoreClient,1,main])
KeyValueStore: Making an HTTP request. (Thread[KeyValueStoreClient,1,main])
WebServer: Server received request. (Thread[KeyValueStoreClient,1,main])
ConstructLookup: ************22 (Thread[KeyValueStoreClient,1,main])
KeyValueResponse: handling body (Thread[KeyValueStoreClient,1,main])
KeyValueStore2: Making an HTTP request. (Thread[KeyValueStoreClient,1,main])
KeyValueStore2: WARNING: More than 20 pending requests. Sleeping 1500 ms. (Thread[KeyValueStoreClient,1,main])
KeyValueStore: Making an HTTP request. (Thread[KeyValueStoreClient,1,main])
WebServer: Server received request. (Thread[KeyValueStoreClient,1,main])
ConstructLookup: ************23 (Thread[KeyValueStoreClient,1,main])
KeyValueResponse: handling body (Thread[KeyValueStoreClient,1,main])
KeyValueStore2: Making an HTTP request. (Thread[KeyValueStoreClient,1,main])
KeyValueStore2: WARNING: More than 20 pending requests. Sleeping 2000 ms. (Thread[KeyValueStoreClient,1,main])
KeyValueStore: Making an HTTP request. (Thread[KeyValueStoreClient,1,main])
KeyValueStore: Making an HTTP request. (Thread[KeyValueStoreClient,1,main])
WebServer: Server received request. (Thread[KeyValueStoreClient,1,main])
WebServer: Server received request. (Thread[KeyValueStoreClient,1,main])
ConstructLookup: ************24 (Thread[KeyValueStoreClient,1,main])
ConstructLookup: ************25 (Thread[KeyValueStoreClient,1,main])
KeyValueResponse: handling body (Thread[KeyValueStoreClient,1,main])
KeyValueResponse: handling body (Thread[KeyValueStoreClient,1,main])
KeyValueStore2: Making an HTTP request. (Thread[KeyValueStoreClient,1,main])
KeyValueStore2: WARNING: More than 20 pending requests. Sleeping 2500 ms. (Thread[KeyValueStoreClient,1,main])
KeyValueStore2: Making an HTTP request. (Thread[KeyValueStoreClient,1,main])
KeyValueStore2: WARNING: More than 20 pending requests. Sleeping 3000 ms. (Thread[KeyValueStoreClient,1,main])
KeyValueStore: Making an HTTP request. (Thread[KeyValueStoreClient,1,main])
KeyValueStore: Making an HTTP request. (Thread[KeyValueStoreClient,1,main])
KeyValueStore: Making an HTTP request. (Thread[KeyValueStoreClient,1,main])
KeyValueStore: Making an HTTP request. (Thread[KeyValueStoreClient,1,main])
WebServer: Server received request. (Thread[KeyValueStoreClient,1,main])
WebServer: Server received request. (Thread[KeyValueStoreClient,1,main])
ConstructLookup: ************26 (Thread[KeyValueStoreClient,1,main])
ConstructLookup: ************27 (Thread[KeyValueStoreClient,1,main])
KeyValueResponse: handling body (Thread[KeyValueStoreClient,1,main])
KeyValueResponse: handling body (Thread[KeyValueStoreClient,1,main])
WebServer: Server received request. (Thread[KeyValueStoreClient,1,main])
WebServer: Server received request. (Thread[KeyValueStoreClient,1,main])
ConstructLookup: ************28 (Thread[KeyValueStoreClient,1,main])
ConstructLookup: ************29 (Thread[KeyValueStoreClient,1,main])
KeyValueResponse: handling body (Thread[KeyValueStoreClient,1,main])
KeyValueResponse: handling body (Thread[KeyValueStoreClient,1,main])
KeyValueStore: Making an HTTP request. (Thread[KeyValueStoreClient,1,main])
KeyValueStore2: Making an HTTP request. (Thread[KeyValueStoreClient,1,main])
KeyValueStore2: WARNING: More than 20 pending requests. Sleeping 3500 ms. (Thread[KeyValueStoreClient,1,main])
KeyValueStore2: Making an HTTP request. (Thread[KeyValueStoreClient,1,main])
KeyValueStore2: WARNING: More than 20 pending requests. Sleeping 4000 ms. (Thread[KeyValueStoreClient,1,main])
KeyValueStore2: Making an HTTP request. (Thread[KeyValueStoreClient,1,main])
KeyValueStore2: WARNING: More than 20 pending requests. Sleeping 4500 ms. (Thread[KeyValueStoreClient,1,main])
KeyValueStore2: Making an HTTP request. (Thread[KeyValueStoreClient,1,main])
KeyValueStore2: WARNING: More than 20 pending requests. Sleeping 5000 ms. (Thread[KeyValueStoreClient,1,main])
WebServer: Server received request. (Thread[KeyValueStoreClient,1,main])
ConstructLookup: ************30 (Thread[KeyValueStoreClient,1,main])
KeyValueResponse: handling body (Thread[KeyValueStoreClient,1,main])
KeyValueStore: Making an HTTP request. (Thread[KeyValueStoreClient,1,main])
KeyValueStore2: Making an HTTP request. (Thread[KeyValueStoreClient,1,main])
KeyValueStore2: WARNING: More than 20 pending requests. Sleeping 5500 ms. (Thread[KeyValueStoreClient,1,main])
WebServer: Server received request. (Thread[KeyValueStoreClient,1,main])
ConstructLookup: ************31 (Thread[KeyValueStoreClient,1,main])
KeyValueResponse: handling body (Thread[KeyValueStoreClient,1,main])
KeyValueStore: Making an HTTP request. (Thread[KeyValueStoreClient,1,main])
KeyValueStore2: Making an HTTP request. (Thread[KeyValueStoreClient,1,main])
KeyValueStore2: WARNING: More than 20 pending requests. Sleeping 6000 ms. (Thread[KeyValueStoreClient,1,main])
WebServer: Server received request. (Thread[KeyValueStoreClient,1,main])
ConstructLookup: ************32 (Thread[KeyValueStoreClient,1,main])
KeyValueResponse: handling body (Thread[KeyValueStoreClient,1,main])
KeyValueStore: Making an HTTP request. (Thread[KeyValueStoreClient,1,main])
KeyValueStore2: Making an HTTP request. (Thread[KeyValueStoreClient,1,main])
KeyValueStore2: WARNING: More than 20 pending requests. Sleeping 6500 ms. (Thread[KeyValueStoreClient,1,main])
WebServer: Server received request. (Thread[KeyValueStoreClient,1,main])
ConstructLookup: ************33 (Thread[KeyValueStoreClient,1,main])
KeyValueResponse: handling body (Thread[KeyValueStoreClient,1,main])
KeyValueStore: Making an HTTP request. (Thread[KeyValueStoreClient,1,main])
KeyValueStore2: Making an HTTP request. (Thread[KeyValueStoreClient,1,main])
KeyValueStore2: WARNING: More than 20 pending requests. Sleeping 7000 ms. (Thread[KeyValueStoreClient,1,main])
KeyValueStore: Making an HTTP request. (Thread[KeyValueStoreClient,1,main])
WebServer: Server received request. (Thread[KeyValueStoreClient,1,main])
ConstructLookup: ************34 (Thread[KeyValueStoreClient,1,main])
KeyValueResponse: handling body (Thread[KeyValueStoreClient,1,main])
WebServer: Server received request. (Thread[KeyValueStoreClient,1,main])
ConstructLookup: ************35 (Thread[KeyValueStoreClient,1,main])
KeyValueResponse: handling body (Thread[KeyValueStoreClient,1,main])
KeyValueStore: Making an HTTP request. (Thread[KeyValueStoreClient,1,main])
KeyValueStore: Making an HTTP request. (Thread[KeyValueStoreClient,1,main])
KeyValueStore: Making an HTTP request. (Thread[KeyValueStoreClient,1,main])
KeyValueStore2: Making an HTTP request. (Thread[KeyValueStoreClient,1,main])
KeyValueStore2: WARNING: More than 20 pending requests. Sleeping 7500 ms. (Thread[KeyValueStoreClient,1,main])
KeyValueStore2: Making an HTTP request. (Thread[KeyValueStoreClient,1,main])
KeyValueStore2: WARNING: More than 20 pending requests. Sleeping 8000 ms. (Thread[KeyValueStoreClient,1,main])
KeyValueStore: Making an HTTP request. (Thread[KeyValueStoreClient,1,main])
WebServer: Server received request. (Thread[KeyValueStoreClient,1,main])
WebServer: Server received request. (Thread[KeyValueStoreClient,1,main])
WebServer: Server received request. (Thread[KeyValueStoreClient,1,main])
ConstructLookup: ************36 (Thread[KeyValueStoreClient,1,main])
ConstructLookup: ************37 (Thread[KeyValueStoreClient,1,main])
ConstructLookup: ************38 (Thread[KeyValueStoreClient,1,main])
KeyValueResponse: handling body (Thread[KeyValueStoreClient,1,main])
KeyValueResponse: handling body (Thread[KeyValueStoreClient,1,main])
KeyValueResponse: handling body (Thread[KeyValueStoreClient,1,main])
WebServer: Server received request. (Thread[KeyValueStoreClient,1,main])
ConstructLookup: ************39 (Thread[KeyValueStoreClient,1,main])
KeyValueResponse: handling body (Thread[KeyValueStoreClient,1,main])
KeyValueStore: Making an HTTP request. (Thread[KeyValueStoreClient,1,main])
KeyValueStore2: Making an HTTP request. (Thread[KeyValueStoreClient,1,main])
KeyValueStore2: WARNING: More than 20 pending requests. Sleeping 8500 ms. (Thread[KeyValueStoreClient,1,main])
KeyValueStore2: Making an HTTP request. (Thread[KeyValueStoreClient,1,main])
KeyValueStore2: WARNING: More than 20 pending requests. Sleeping 9000 ms. (Thread[KeyValueStoreClient,1,main])
KeyValueStore2: Making an HTTP request. (Thread[KeyValueStoreClient,1,main])
KeyValueStore2: WARNING: More than 20 pending requests. Sleeping 9500 ms. (Thread[KeyValueStoreClient,1,main])
WebServer: Server received request. (Thread[KeyValueStoreClient,1,main])
ConstructLookup: ************40 (Thread[KeyValueStoreClient,1,main])
KeyValueResponse: handling body (Thread[KeyValueStoreClient,1,main])
KeyValueStore: Making an HTTP request. (Thread[KeyValueStoreClient,1,main])
KeyValueStore2: Making an HTTP request. (Thread[KeyValueStoreClient,1,main])
KeyValueStore2: WARNING: More than 20 pending requests. Sleeping 10000 ms. (Thread[KeyValueStoreClient,1,main])
WebServer: Server received request. (Thread[KeyValueStoreClient,1,main])
ConstructLookup: ************41 (Thread[KeyValueStoreClient,1,main])
KeyValueResponse: handling body (Thread[KeyValueStoreClient,1,main])
KeyValueStore: Making an HTTP request. (Thread[KeyValueStoreClient,1,main])
KeyValueStore2: Making an HTTP request. (Thread[KeyValueStoreClient,1,main])
KeyValueStore2: WARNING: More than 20 pending requests. Sleeping 10500 ms. (Thread[KeyValueStoreClient,1,main])
KeyValueStore2: Making an HTTP request. (Thread[KeyValueStoreClient,1,main])
KeyValueStore2: WARNING: More than 20 pending requests. Sleeping 11000 ms. (Thread[KeyValueStoreClient,1,main])
WebServer: Server received request. (Thread[KeyValueStoreClient,1,main])
ConstructLookup: ************42 (Thread[KeyValueStoreClient,1,main])
KeyValueResponse: handling body (Thread[KeyValueStoreClient,1,main])
KeyValueStore: Making an HTTP request. (Thread[KeyValueStoreClient,1,main])
KeyValueStore2: Making an HTTP request. (Thread[KeyValueStoreClient,1,main])
KeyValueStore2: WARNING: More than 20 pending requests. Sleeping 11500 ms. (Thread[KeyValueStoreClient,1,main])
WebServer: Server received request. (Thread[KeyValueStoreClient,1,main])
ConstructLookup: ************43 (Thread[KeyValueStoreClient,1,main])
KeyValueResponse: handling body (Thread[KeyValueStoreClient,1,main])
KeyValueStore: Making an HTTP request. (Thread[KeyValueStoreClient,1,main])
KeyValueStore: Making an HTTP request. (Thread[KeyValueStoreClient,1,main])
KeyValueStore2: Making an HTTP request. (Thread[KeyValueStoreClient,1,main])
KeyValueStore2: WARNING: More than 20 pending requests. Sleeping 12000 ms. (Thread[KeyValueStoreClient,1,main])
WebServer: Server received request. (Thread[KeyValueStoreClient,1,main])
WebServer: Server received request. (Thread[KeyValueStoreClient,1,main])
ConstructLookup: ************44 (Thread[KeyValueStoreClient,1,main])
ConstructLookup: ************45 (Thread[KeyValueStoreClient,1,main])
KeyValueResponse: handling body (Thread[KeyValueStoreClient,1,main])
KeyValueResponse: handling body (Thread[KeyValueStoreClient,1,main])
KeyValueStore: Making an HTTP request. (Thread[KeyValueStoreClient,1,main])
KeyValueStore2: Making an HTTP request. (Thread[KeyValueStoreClient,1,main])
KeyValueStore2: WARNING: More than 20 pending requests. Sleeping 12500 ms. (Thread[KeyValueStoreClient,1,main])
KeyValueStore2: Making an HTTP request. (Thread[KeyValueStoreClient,1,main])
KeyValueStore2: WARNING: More than 20 pending requests. Sleeping 13000 ms. (Thread[KeyValueStoreClient,1,main])
KeyValueStore: Making an HTTP request. (Thread[KeyValueStoreClient,1,main])
KeyValueStore: Making an HTTP request. (Thread[KeyValueStoreClient,1,main])
WebServer: Server received request. (Thread[KeyValueStoreClient,1,main])
ConstructLookup: ************46 (Thread[KeyValueStoreClient,1,main])
KeyValueResponse: handling body (Thread[KeyValueStoreClient,1,main])
WebServer: Server received request. (Thread[KeyValueStoreClient,1,main])
WebServer: Server received request. (Thread[KeyValueStoreClient,1,main])
ConstructLookup: ************47 (Thread[KeyValueStoreClient,1,main])
ConstructLookup: ************48 (Thread[KeyValueStoreClient,1,main])
KeyValueResponse: handling body (Thread[KeyValueStoreClient,1,main])
KeyValueResponse: handling body (Thread[KeyValueStoreClient,1,main])
KeyValueStore: Making an HTTP request. (Thread[KeyValueStoreClient,1,main])
KeyValueStore2: Making an HTTP request. (Thread[KeyValueStoreClient,1,main])
KeyValueStore2: WARNING: More than 20 pending requests. Sleeping 13500 ms. (Thread[KeyValueStoreClient,1,main])
KeyValueStore2: Making an HTTP request. (Thread[KeyValueStoreClient,1,main])
KeyValueStore2: WARNING: More than 20 pending requests. Sleeping 14000 ms. (Thread[KeyValueStoreClient,1,main])
KeyValueStore2: Making an HTTP request. (Thread[KeyValueStoreClient,1,main])
KeyValueStore2: WARNING: More than 20 pending requests. Sleeping 14500 ms. (Thread[KeyValueStoreClient,1,main])
WebServer: Server received request. (Thread[KeyValueStoreClient,1,main])
ConstructLookup: ************49 (Thread[KeyValueStoreClient,1,main])
KeyValueResponse: handling body (Thread[KeyValueStoreClient,1,main])
KeyValueStore: Making an HTTP request. (Thread[KeyValueStoreClient,1,main])
KeyValueStore2: Making an HTTP request. (Thread[KeyValueStoreClient,1,main])
KeyValueStore2: WARNING: More than 20 pending requests. Sleeping 15000 ms. (Thread[KeyValueStoreClient,1,main])
WebServer: Server received request. (Thread[KeyValueStoreClient,1,main])
ConstructLookup: ************50 (Thread[KeyValueStoreClient,1,main])
KeyValueResponse: handling body (Thread[KeyValueStoreClient,1,main])
KeyValueStore: Making an HTTP request. (Thread[KeyValueStoreClient,1,main])
KeyValueStore2: Making an HTTP request. (Thread[KeyValueStoreClient,1,main])
KeyValueStore2: WARNING: More than 20 pending requests. Sleeping 15500 ms. (Thread[KeyValueStoreClient,1,main])
WebServer: Server received request. (Thread[KeyValueStoreClient,1,main])
ConstructLookup: ************51 (Thread[KeyValueStoreClient,1,main])
KeyValueResponse: handling body (Thread[KeyValueStoreClient,1,main])
KeyValueStore: Making an HTTP request. (Thread[KeyValueStoreClient,1,main])
KeyValueStore2: Making an HTTP request. (Thread[KeyValueStoreClient,1,main])
KeyValueStore2: WARNING: More than 20 pending requests. Sleeping 16000 ms. (Thread[KeyValueStoreClient,1,main])
WebServer: Server received request. (Thread[KeyValueStoreClient,1,main])
ConstructLookup: ************52 (Thread[KeyValueStoreClient,1,main])
KeyValueResponse: handling body (Thread[KeyValueStoreClient,1,main])
KeyValueStore: Making an HTTP request. (Thread[KeyValueStoreClient,1,main])
WebServer: Server received request. (Thread[KeyValueStoreClient,1,main])
ConstructLookup: ************53 (Thread[KeyValueStoreClient,1,main])
KeyValueResponse: handling body (Thread[KeyValueStoreClient,1,main])
KeyValueStore2: Making an HTTP request. (Thread[KeyValueStoreClient,1,main])
KeyValueStore2: WARNING: More than 20 pending requests. Sleeping 16500 ms. (Thread[KeyValueStoreClient,1,main])
KeyValueStore2: Making an HTTP request. (Thread[KeyValueStoreClient,1,main])
KeyValueStore2: WARNING: More than 20 pending requests. Sleeping 17000 ms. (Thread[KeyValueStoreClient,1,main])
KeyValueStore: Making an HTTP request. (Thread[KeyValueStoreClient,1,main])
KeyValueStore: Making an HTTP request. (Thread[KeyValueStoreClient,1,main])
KeyValueStore: Making an HTTP request. (Thread[KeyValueStoreClient,1,main])
KeyValueStore: Making an HTTP request. (Thread[KeyValueStoreClient,1,main])
KeyValueStore: Making an HTTP request. (Thread[KeyValueStoreClient,1,main])
KeyValueStore: Making an HTTP request. (Thread[KeyValueStoreClient,1,main])
KeyValueStore: Making an HTTP request. (Thread[KeyValueStoreClient,1,main])
KeyValueStore: Making an HTTP request. (Thread[KeyValueStoreClient,1,main])
WebServer: Server received request. (Thread[KeyValueStoreClient,1,main])
WebServer: Server received request. (Thread[KeyValueStoreClient,1,main])
WebServer: Server received request. (Thread[KeyValueStoreClient,1,main])
WebServer: Server received request. (Thread[KeyValueStoreClient,1,main])
WebServer: Server received request. (Thread[KeyValueStoreClient,1,main])
WebServer: Server received request. (Thread[KeyValueStoreClient,1,main])
WebServer: Server received request. (Thread[KeyValueStoreClient,1,main])
ConstructLookup: ************54 (Thread[KeyValueStoreClient,1,main])
ConstructLookup: ************55 (Thread[KeyValueStoreClient,1,main])
ConstructLookup: ************56 (Thread[KeyValueStoreClient,1,main])
ConstructLookup: ************57 (Thread[KeyValueStoreClient,1,main])
ConstructLookup: ************58 (Thread[KeyValueStoreClient,1,main])
ConstructLookup: ************59 (Thread[KeyValueStoreClient,1,main])
ConstructLookup: ************60 (Thread[KeyValueStoreClient,1,main])
KeyValueResponse: handling body (Thread[KeyValueStoreClient,1,main])
KeyValueResponse: handling body (Thread[KeyValueStoreClient,1,main])
KeyValueResponse: handling body (Thread[KeyValueStoreClient,1,main])
KeyValueResponse: handling body (Thread[KeyValueStoreClient,1,main])
KeyValueResponse: handling body (Thread[KeyValueStoreClient,1,main])
KeyValueResponse: handling body (Thread[KeyValueStoreClient,1,main])
KeyValueResponse: handling body (Thread[KeyValueStoreClient,1,main])
WebServer: Server received request. (Thread[KeyValueStoreClient,1,main])
ConstructLookup: ************61 (Thread[KeyValueStoreClient,1,main])
KeyValueResponse: handling body (Thread[KeyValueStoreClient,1,main])
KeyValueStore: Making an HTTP request. (Thread[KeyValueStoreClient,1,main])
KeyValueStore2: Making an HTTP request. (Thread[KeyValueStoreClient,1,main])
KeyValueStore2: WARNING: More than 20 pending requests. Sleeping 17500 ms. (Thread[KeyValueStoreClient,1,main])
KeyValueStore2: Making an HTTP request. (Thread[KeyValueStoreClient,1,main])
KeyValueStore2: WARNING: More than 20 pending requests. Sleeping 18000 ms. (Thread[KeyValueStoreClient,1,main])
KeyValueStore2: Making an HTTP request. (Thread[KeyValueStoreClient,1,main])
KeyValueStore2: WARNING: More than 20 pending requests. Sleeping 18500 ms. (Thread[KeyValueStoreClient,1,main])
KeyValueStore2: Making an HTTP request. (Thread[KeyValueStoreClient,1,main])
KeyValueStore2: WARNING: More than 20 pending requests. Sleeping 19000 ms. (Thread[KeyValueStoreClient,1,main])
KeyValueStore2: Making an HTTP request. (Thread[KeyValueStoreClient,1,main])
KeyValueStore2: WARNING: More than 20 pending requests. Sleeping 19500 ms. (Thread[KeyValueStoreClient,1,main])
KeyValueStore2: Making an HTTP request. (Thread[KeyValueStoreClient,1,main])
KeyValueStore2: WARNING: More than 20 pending requests. Sleeping 20000 ms. (Thread[KeyValueStoreClient,1,main])
KeyValueStore2: Making an HTTP request. (Thread[KeyValueStoreClient,1,main])
KeyValueStore2: WARNING: More than 20 pending requests. Sleeping 20500 ms. (Thread[KeyValueStoreClient,1,main])
KeyValueStore2: Making an HTTP request. (Thread[KeyValueStoreClient,1,main])
KeyValueStore2: WARNING: More than 20 pending requests. Sleeping 21000 ms. (Thread[KeyValueStoreClient,1,main])
WebServer: Server received request. (Thread[KeyValueStoreClient,1,main])
ConstructLookup: ************62 (Thread[KeyValueStoreClient,1,main])
KeyValueResponse: handling body (Thread[KeyValueStoreClient,1,main])
KeyValueStore: Making an HTTP request. (Thread[KeyValueStoreClient,1,main])
KeyValueStore2: Making an HTTP request. (Thread[KeyValueStoreClient,1,main])
KeyValueStore2: WARNING: More than 20 pending requests. Sleeping 21500 ms. (Thread[KeyValueStoreClient,1,main])
WebServer: Server received request. (Thread[KeyValueStoreClient,1,main])
ConstructLookup: ************63 (Thread[KeyValueStoreClient,1,main])
KeyValueResponse: handling body (Thread[KeyValueStoreClient,1,main])
KeyValueStore: Making an HTTP request. (Thread[KeyValueStoreClient,1,main])
KeyValueStore: Making an HTTP request. (Thread[KeyValueStoreClient,1,main])
KeyValueStore2: Making an HTTP request. (Thread[KeyValueStoreClient,1,main])
KeyValueStore2: WARNING: More than 20 pending requests. Sleeping 22000 ms. (Thread[KeyValueStoreClient,1,main])
KeyValueStore: Making an HTTP request. (Thread[KeyValueStoreClient,1,main])
WebServer: Server received request. (Thread[KeyValueStoreClient,1,main])
WebServer: Server received request. (Thread[KeyValueStoreClient,1,main])
ConstructLookup: ************64 (Thread[KeyValueStoreClient,1,main])
ConstructLookup: ************65 (Thread[KeyValueStoreClient,1,main])
KeyValueResponse: handling body (Thread[KeyValueStoreClient,1,main])
KeyValueResponse: handling body (Thread[KeyValueStoreClient,1,main])
WebServer: Server received request. (Thread[KeyValueStoreClient,1,main])
ConstructLookup: ************66 (Thread[KeyValueStoreClient,1,main])
KeyValueResponse: handling body (Thread[KeyValueStoreClient,1,main])
KeyValueStore: Making an HTTP request. (Thread[KeyValueStoreClient,1,main])
KeyValueStore2: Making an HTTP request. (Thread[KeyValueStoreClient,1,main])
KeyValueStore2: WARNING: More than 20 pending requests. Sleeping 22500 ms. (Thread[KeyValueStoreClient,1,main])
KeyValueStore2: Making an HTTP request. (Thread[KeyValueStoreClient,1,main])
KeyValueStore2: WARNING: More than 20 pending requests. Sleeping 23000 ms. (Thread[KeyValueStoreClient,1,main])
KeyValueStore2: Making an HTTP request. (Thread[KeyValueStoreClient,1,main])
KeyValueStore2: WARNING: More than 20 pending requests. Sleeping 23500 ms. (Thread[KeyValueStoreClient,1,main])
KeyValueStore: Making an HTTP request. (Thread[KeyValueStoreClient,1,main])
KeyValueStore: Making an HTTP request. (Thread[KeyValueStoreClient,1,main])
KeyValueStore: Making an HTTP request. (Thread[KeyValueStoreClient,1,main])
KeyValueStore: Making an HTTP request. (Thread[KeyValueStoreClient,1,main])
WebServer: Server received request. (Thread[KeyValueStoreClient,1,main])
ConstructLookup: ************67 (Thread[KeyValueStoreClient,1,main])
KeyValueResponse: handling body (Thread[KeyValueStoreClient,1,main])
KeyValueStore: Making an HTTP request. (Thread[KeyValueStoreClient,1,main])
KeyValueStore2: Making an HTTP request. (Thread[KeyValueStoreClient,1,main])
KeyValueStore2: WARNING: More than 20 pending requests. Sleeping 24000 ms. (Thread[KeyValueStoreClient,1,main])
WebServer: Server received request. (Thread[KeyValueStoreClient,1,main])
WebServer: Server received request. (Thread[KeyValueStoreClient,1,main])
WebServer: Server received request. (Thread[KeyValueStoreClient,1,main])
WebServer: Server received request. (Thread[KeyValueStoreClient,1,main])
WebServer: Server received request. (Thread[KeyValueStoreClient,1,main])
ConstructLookup: ************68 (Thread[KeyValueStoreClient,1,main])
ConstructLookup: ************69 (Thread[KeyValueStoreClient,1,main])
ConstructLookup: ************70 (Thread[KeyValueStoreClient,1,main])
ConstructLookup: ************71 (Thread[KeyValueStoreClient,1,main])
ConstructLookup: ************72 (Thread[KeyValueStoreClient,1,main])
KeyValueResponse: handling body (Thread[KeyValueStoreClient,1,main])
KeyValueResponse: handling body (Thread[KeyValueStoreClient,1,main])
KeyValueResponse: handling body (Thread[KeyValueStoreClient,1,main])
KeyValueResponse: handling body (Thread[KeyValueStoreClient,1,main])
KeyValueResponse: handling body (Thread[KeyValueStoreClient,1,main])
KeyValueStore: Making an HTTP request. (Thread[KeyValueStoreClient,1,main])
KeyValueStore2: Making an HTTP request. (Thread[KeyValueStoreClient,1,main])
KeyValueStore2: WARNING: More than 20 pending requests. Sleeping 24500 ms. (Thread[KeyValueStoreClient,1,main])
KeyValueStore2: Making an HTTP request. (Thread[KeyValueStoreClient,1,main])
KeyValueStore2: WARNING: More than 20 pending requests. Sleeping 25000 ms. (Thread[KeyValueStoreClient,1,main])
KeyValueStore2: Making an HTTP request. (Thread[KeyValueStoreClient,1,main])
KeyValueStore2: WARNING: More than 20 pending requests. Sleeping 25500 ms. (Thread[KeyValueStoreClient,1,main])
KeyValueStore2: Making an HTTP request. (Thread[KeyValueStoreClient,1,main])
KeyValueStore2: WARNING: More than 20 pending requests. Sleeping 26000 ms. (Thread[KeyValueStoreClient,1,main])
KeyValueStore2: Making an HTTP request. (Thread[KeyValueStoreClient,1,main])
KeyValueStore2: WARNING: More than 20 pending requests. Sleeping 26500 ms. (Thread[KeyValueStoreClient,1,main])
WebServer: Server received request. (Thread[KeyValueStoreClient,1,main])
ConstructLookup: ************73 (Thread[KeyValueStoreClient,1,main])
KeyValueResponse: handling body (Thread[KeyValueStoreClient,1,main])
KeyValueStore2: Making an HTTP request. (Thread[KeyValueStoreClient,1,main])
KeyValueStore2: WARNING: More than 20 pending requests. Sleeping 27000 ms. (Thread[KeyValueStoreClient,1,main])
KeyValueStore: Making an HTTP request. (Thread[KeyValueStoreClient,1,main])
KeyValueStore: Making an HTTP request. (Thread[KeyValueStoreClient,1,main])
KeyValueStore: Making an HTTP request. (Thread[KeyValueStoreClient,1,main])
KeyValueStore: Making an HTTP request. (Thread[KeyValueStoreClient,1,main])
KeyValueStore: Making an HTTP request. (Thread[KeyValueStoreClient,1,main])
KeyValueStore: Making an HTTP request. (Thread[KeyValueStoreClient,1,main])
KeyValueStore: Making an HTTP request. (Thread[KeyValueStoreClient,1,main])
KeyValueStore: Making an HTTP request. (Thread[KeyValueStoreClient,1,main])
KeyValueStore: Making an HTTP request. (Thread[KeyValueStoreClient,1,main])
KeyValueStore: Making an HTTP request. (Thread[KeyValueStoreClient,1,main])
KeyValueStore: Making an HTTP request. (Thread[KeyValueStoreClient,1,main])
KeyValueStore: Making an HTTP request. (Thread[KeyValueStoreClient,1,main])
KeyValueStore: Making an HTTP request. (Thread[KeyValueStoreClient,1,main])
KeyValueStore: Making an HTTP request. (Thread[KeyValueStoreClient,1,main])
KeyValueStore: Making an HTTP request. (Thread[KeyValueStoreClient,1,main])
KeyValueStore: Making an HTTP request. (Thread[KeyValueStoreClient,1,main])
KeyValueStore: Making an HTTP request. (Thread[KeyValueStoreClient,1,main])
KeyValueStore: Making an HTTP request. (Thread[KeyValueStoreClient,1,main])
KeyValueStore: Making an HTTP request. (Thread[KeyValueStoreClient,1,main])
KeyValueStore: Making an HTTP request. (Thread[KeyValueStoreClient,1,main])
KeyValueStore: Making an HTTP request. (Thread[KeyValueStoreClient,1,main])
KeyValueStore: WARNING: More than 20 pending requests. Sleeping 500 ms. (Thread[KeyValueStoreClient,1,main])
KeyValueStore: Making an HTTP request. (Thread[KeyValueStoreClient,1,main])
KeyValueStore: WARNING: More than 20 pending requests. Sleeping 1000 ms. (Thread[KeyValueStoreClient,1,main])
KeyValueStore: Making an HTTP request. (Thread[KeyValueStoreClient,1,main])
KeyValueStore: WARNING: More than 20 pending requests. Sleeping 1500 ms. (Thread[KeyValueStoreClient,1,main])
KeyValueStore: Making an HTTP request. (Thread[KeyValueStoreClient,1,main])
KeyValueStore: WARNING: More than 20 pending requests. Sleeping 2000 ms. (Thread[KeyValueStoreClient,1,main])
KeyValueStore: Making an HTTP request. (Thread[KeyValueStoreClient,1,main])
KeyValueStore: WARNING: More than 20 pending requests. Sleeping 2500 ms. (Thread[KeyValueStoreClient,1,main])
KeyValueStore: Making an HTTP request. (Thread[KeyValueStoreClient,1,main])
KeyValueStore: WARNING: More than 20 pending requests. Sleeping 3000 ms. (Thread[KeyValueStoreClient,1,main])
KeyValueStore: Making an HTTP request. (Thread[KeyValueStoreClient,1,main])
KeyValueStore: WARNING: More than 20 pending requests. Sleeping 3500 ms. (Thread[KeyValueStoreClient,1,main])
KeyValueStore: Making an HTTP request. (Thread[KeyValueStoreClient,1,main])
KeyValueStore: WARNING: More than 20 pending requests. Sleeping 4000 ms. (Thread[KeyValueStoreClient,1,main])
KeyValueStore: Making an HTTP request. (Thread[KeyValueStoreClient,1,main])
KeyValueStore: WARNING: More than 20 pending requests. Sleeping 4500 ms. (Thread[KeyValueStoreClient,1,main])
KeyValueStore: Making an HTTP request. (Thread[KeyValueStoreClient,1,main])
KeyValueStore: WARNING: More than 20 pending requests. Sleeping 5000 ms. (Thread[KeyValueStoreClient,1,main])
KeyValueStore: Making an HTTP request. (Thread[KeyValueStoreClient,1,main])
KeyValueStore: WARNING: More than 20 pending requests. Sleeping 5500 ms. (Thread[KeyValueStoreClient,1,main])
KeyValueStore: Making an HTTP request. (Thread[KeyValueStoreClient,1,main])
KeyValueStore: WARNING: More than 20 pending requests. Sleeping 6000 ms. (Thread[KeyValueStoreClient,1,main])
KeyValueStore: Making an HTTP request. (Thread[KeyValueStoreClient,1,main])
KeyValueStore: WARNING: More than 20 pending requests. Sleeping 6500 ms. (Thread[KeyValueStoreClient,1,main])
KeyValueStore: Making an HTTP request. (Thread[KeyValueStoreClient,1,main])
KeyValueStore: WARNING: More than 20 pending requests. Sleeping 7000 ms. (Thread[KeyValueStoreClient,1,main])
KeyValueStore: Making an HTTP request. (Thread[KeyValueStoreClient,1,main])
KeyValueStore: WARNING: More than 20 pending requests. Sleeping 7500 ms. (Thread[KeyValueStoreClient,1,main])
KeyValueStore: Making an HTTP request. (Thread[KeyValueStoreClient,1,main])
KeyValueStore: WARNING: More than 20 pending requests. Sleeping 8000 ms. (Thread[KeyValueStoreClient,1,main])
KeyValueStore: Making an HTTP request. (Thread[KeyValueStoreClient,1,main])
KeyValueStore: WARNING: More than 20 pending requests. Sleeping 8500 ms. (Thread[KeyValueStoreClient,1,main])
KeyValueStore: Making an HTTP request. (Thread[KeyValueStoreClient,1,main])
KeyValueStore: WARNING: More than 20 pending requests. Sleeping 9000 ms. (Thread[KeyValueStoreClient,1,main])
KeyValueStore: Making an HTTP request. (Thread[KeyValueStoreClient,1,main])
KeyValueStore: WARNING: More than 20 pending requests. Sleeping 9500 ms. (Thread[KeyValueStoreClient,1,main])
KeyValueStore: Making an HTTP request. (Thread[KeyValueStoreClient,1,main])
KeyValueStore: WARNING: More than 20 pending requests. Sleeping 10000 ms. (Thread[KeyValueStoreClient,1,main])
----------------- testing Wed May 16 00:09:50 UTC 2018 /home/travis/build/icyphy/ptII/ptolemy/actor/lib/jjs/modules/httpServer/test/auto/WebServer.xml
----------------- Wed May 16 00:09:50 UTC 2018 About to sleep for 5.0 seconds before running or rerunning.  Test is: /home/travis/build/icyphy/ptII/ptolemy/actor/lib/jjs/modules/httpServer/test/auto/WebServer.xml
KeyValueStore: Making an HTTP request. (Thread[KeyValueStoreClient,1,main])
KeyValueStore: WARNING: More than 20 pending requests. Sleeping 10500 ms. (Thread[KeyValueStoreClient,1,main])
Done sleeping
----------------- Instantiating /home/travis/build/icyphy/ptII/ptolemy/actor/lib/jjs/modules/httpServer/test/auto/WebServer.xml
KeyValueStore: Making an HTTP request. (Thread[KeyValueStoreClient,1,main])
KeyValueStore: WARNING: More than 20 pending requests. Sleeping 11000 ms. (Thread[KeyValueStoreClient,1,main])
WebServer: WebServer: Creating new server. (Thread[WebServer,1,main])
WebServer: WebServer: Listening for requests. (Thread[vert.x-eventloop-thread-2,1,main])
REST: Making an HTTP request. (Thread[WebServer,1,main])
WebServer: Server received request. (Thread[KeyValueStoreClient,1,main])
WebServer: Server received request. (Thread[KeyValueStoreClient,1,main])
WebServer: Server received request. (Thread[KeyValueStoreClient,1,main])
WebServer: Server received request. (Thread[KeyValueStoreClient,1,main])
WebServer: Server received request. (Thread[KeyValueStoreClient,1,main])
WebServer: Server received request. (Thread[KeyValueStoreClient,1,main])
WebServer: Server received request. (Thread[KeyValueStoreClient,1,main])
WebServer: Server received request. (Thread[KeyValueStoreClient,1,main])
WebServer: Server received request. (Thread[KeyValueStoreClient,1,main])
WebServer: Server received request. (Thread[KeyValueStoreClient,1,main])
WebServer: Server received request. (Thread[KeyValueStoreClient,1,main])
WebServer: Server received request. (Thread[KeyValueStoreClient,1,main])
WebServer: Server received request. (Thread[KeyValueStoreClient,1,main])
WebServer: Server received request. (Thread[KeyValueStoreClient,1,main])
WebServer: Server received request. (Thread[KeyValueStoreClient,1,main])
WebServer: Server received request. (Thread[KeyValueStoreClient,1,main])
WebServer: Server received request. (Thread[KeyValueStoreClient,1,main])
WebServer: Server received request. (Thread[KeyValueStoreClient,1,main])
WebServer: Server received request. (Thread[KeyValueStoreClient,1,main])
WebServer: Server received request. (Thread[KeyValueStoreClient,1,main])
WebServer: Server received request. (Thread[KeyValueStoreClient,1,main])
WebServer: Server received request. (Thread[KeyValueStoreClient,1,main])
WebServer: Server received request. (Thread[KeyValueStoreClient,1,main])
WebServer: Server received request. (Thread[KeyValueStoreClient,1,main])
WebServer: Server received request. (Thread[KeyValueStoreClient,1,main])
WebServer: Server received request. (Thread[KeyValueStoreClient,1,main])
WebServer: Server received request. (Thread[KeyValueStoreClient,1,main])
WebServer: Server received request. (Thread[KeyValueStoreClient,1,main])
WebServer: Server received request. (Thread[KeyValueStoreClient,1,main])
WebServer: Server received request. (Thread[KeyValueStoreClient,1,main])
WebServer: Server received request. (Thread[KeyValueStoreClient,1,main])
WebServer: Server received request. (Thread[KeyValueStoreClient,1,main])
WebServer: Server received request. (Thread[KeyValueStoreClient,1,main])
WebServer: Server received request. (Thread[KeyValueStoreClient,1,main])
WebServer: Server received request. (Thread[KeyValueStoreClient,1,main])
WebServer: Server received request. (Thread[KeyValueStoreClient,1,main])
WebServer: Server received request. (Thread[KeyValueStoreClient,1,main])
WebServer: Server received request. (Thread[KeyValueStoreClient,1,main])
WebServer: Server received request. (Thread[KeyValueStoreClient,1,main])
WebServer: Server received request. (Thread[KeyValueStoreClient,1,main])
WebServer: Server received request. (Thread[KeyValueStoreClient,1,main])
ConstructLookup: ************74 (Thread[KeyValueStoreClient,1,main])
ConstructLookup: ************75 (Thread[KeyValueStoreClient,1,main])
ConstructLookup: ************76 (Thread[KeyValueStoreClient,1,main])
ConstructLookup: ************77 (Thread[KeyValueStoreClient,1,main])
ConstructLookup: ************78 (Thread[KeyValueStoreClient,1,main])
ConstructLookup: ************79 (Thread[KeyValueStoreClient,1,main])
ConstructLookup: ************80 (Thread[KeyValueStoreClient,1,main])
ConstructLookup: ************81 (Thread[KeyValueStoreClient,1,main])
ConstructLookup: ************82 (Thread[KeyValueStoreClient,1,main])
ConstructLookup: ************83 (Thread[KeyValueStoreClient,1,main])
ConstructLookup: ************84 (Thread[KeyValueStoreClient,1,main])
ConstructLookup: ************85 (Thread[KeyValueStoreClient,1,main])
ConstructLookup: ************86 (Thread[KeyValueStoreClient,1,main])
ConstructLookup: ************87 (Thread[KeyValueStoreClient,1,main])
ConstructLookup: ************88 (Thread[KeyValueStoreClient,1,main])
ConstructLookup: ************89 (Thread[KeyValueStoreClient,1,main])
ConstructLookup: ************90 (Thread[KeyValueStoreClient,1,main])
ConstructLookup: ************91 (Thread[KeyValueStoreClient,1,main])
ConstructLookup: ************92 (Thread[KeyValueStoreClient,1,main])
ConstructLookup: ************93 (Thread[KeyValueStoreClient,1,main])
ConstructLookup: ************94 (Thread[KeyValueStoreClient,1,main])
ConstructLookup: ************95 (Thread[KeyValueStoreClient,1,main])
ConstructLookup: ************96 (Thread[KeyValueStoreClient,1,main])
ConstructLookup: ************97 (Thread[KeyValueStoreClient,1,main])
ConstructLookup: ************98 (Thread[KeyValueStoreClient,1,main])
ConstructLookup: ************99 (Thread[KeyValueStoreClient,1,main])
ConstructLookup: ************100 (Thread[KeyValueStoreClient,1,main])
ConstructLookup: ************101 (Thread[KeyValueStoreClient,1,main])
ConstructLookup: ************102 (Thread[KeyValueStoreClient,1,main])
ConstructLookup: ************103 (Thread[KeyValueStoreClient,1,main])
ConstructLookup: ************104 (Thread[KeyValueStoreClient,1,main])
ConstructLookup: ************105 (Thread[KeyValueStoreClient,1,main])
ConstructLookup: ************106 (Thread[KeyValueStoreClient,1,main])
ConstructLookup: ************107 (Thread[KeyValueStoreClient,1,main])
ConstructLookup: ************108 (Thread[KeyValueStoreClient,1,main])
ConstructLookup: ************109 (Thread[KeyValueStoreClient,1,main])
ConstructLookup: ************110 (Thread[KeyValueStoreClient,1,main])
ConstructLookup: ************111 (Thread[KeyValueStoreClient,1,main])
ConstructLookup: ************112 (Thread[KeyValueStoreClient,1,main])
ConstructLookup: ************113 (Thread[KeyValueStoreClient,1,main])
ConstructLookup: ************114 (Thread[KeyValueStoreClient,1,main])
KeyValueResponse: handling body (Thread[KeyValueStoreClient,1,main])
KeyValueResponse: handling body (Thread[KeyValueStoreClient,1,main])
KeyValueResponse: handling body (Thread[KeyValueStoreClient,1,main])
KeyValueResponse: handling body (Thread[KeyValueStoreClient,1,main])
KeyValueResponse: handling body (Thread[KeyValueStoreClient,1,main])
KeyValueResponse: handling body (Thread[KeyValueStoreClient,1,main])
KeyValueResponse: handling body (Thread[KeyValueStoreClient,1,main])
KeyValueResponse: handling body (Thread[KeyValueStoreClient,1,main])
KeyValueResponse: handling body (Thread[KeyValueStoreClient,1,main])
KeyValueResponse: handling body (Thread[KeyValueStoreClient,1,main])
KeyValueResponse: handling body (Thread[KeyValueStoreClient,1,main])
KeyValueResponse: handling body (Thread[KeyValueStoreClient,1,main])
KeyValueResponse: handling body (Thread[KeyValueStoreClient,1,main])
KeyValueResponse: handling body (Thread[KeyValueStoreClient,1,main])
KeyValueResponse: handling body (Thread[KeyValueStoreClient,1,main])
KeyValueResponse: handling body (Thread[KeyValueStoreClient,1,main])
KeyValueResponse: handling body (Thread[KeyValueStoreClient,1,main])
KeyValueResponse: handling body (Thread[KeyValueStoreClient,1,main])
KeyValueResponse: handling body (Thread[KeyValueStoreClient,1,main])
KeyValueResponse: handling body (Thread[KeyValueStoreClient,1,main])
KeyValueResponse: handling body (Thread[KeyValueStoreClient,1,main])
KeyValueResponse: handling body (Thread[KeyValueStoreClient,1,main])
KeyValueResponse: handling body (Thread[KeyValueStoreClient,1,main])
KeyValueResponse: handling body (Thread[KeyValueStoreClient,1,main])
KeyValueResponse: handling body (Thread[KeyValueStoreClient,1,main])
KeyValueResponse: handling body (Thread[KeyValueStoreClient,1,main])
KeyValueResponse: handling body (Thread[KeyValueStoreClient,1,main])
KeyValueResponse: handling body (Thread[KeyValueStoreClient,1,main])
KeyValueResponse: handling body (Thread[KeyValueStoreClient,1,main])
KeyValueResponse: handling body (Thread[KeyValueStoreClient,1,main])
KeyValueResponse: handling body (Thread[KeyValueStoreClient,1,main])
KeyValueResponse: handling body (Thread[KeyValueStoreClient,1,main])
KeyValueResponse: handling body (Thread[KeyValueStoreClient,1,main])
KeyValueResponse: handling body (Thread[KeyValueStoreClient,1,main])
KeyValueResponse: handling body (Thread[KeyValueStoreClient,1,main])
KeyValueResponse: handling body (Thread[KeyValueStoreClient,1,main])
KeyValueResponse: handling body (Thread[KeyValueStoreClient,1,main])
KeyValueResponse: handling body (Thread[KeyValueStoreClient,1,main])
KeyValueResponse: handling body (Thread[KeyValueStoreClient,1,main])
KeyValueResponse: handling body (Thread[KeyValueStoreClient,1,main])
KeyValueResponse: handling body (Thread[KeyValueStoreClient,1,main])
WebServer: Server received request. (Thread[KeyValueStoreClient,1,main])
ConstructLookup: ************115 (Thread[KeyValueStoreClient,1,main])
KeyValueResponse: handling body (Thread[KeyValueStoreClient,1,main])
KeyValueStore: Making an HTTP request. (Thread[KeyValueStoreClient,1,main])
KeyValueStore2: Making an HTTP request. (Thread[KeyValueStoreClient,1,main])
KeyValueStore2: Making an HTTP request. (Thread[KeyValueStoreClient,1,main])
KeyValueStore2: Making an HTTP request. (Thread[KeyValueStoreClient,1,main])
KeyValueStore2: Making an HTTP request. (Thread[KeyValueStoreClient,1,main])
KeyValueStore2: Making an HTTP request. (Thread[KeyValueStoreClient,1,main])
KeyValueStore2: Making an HTTP request. (Thread[KeyValueStoreClient,1,main])
KeyValueStore2: Making an HTTP request. (Thread[KeyValueStoreClient,1,main])
KeyValueStore2: Making an HTTP request. (Thread[KeyValueStoreClient,1,main])
KeyValueStore2: Making an HTTP request. (Thread[KeyValueStoreClient,1,main])
KeyValueStore2: Making an HTTP request. (Thread[KeyValueStoreClient,1,main])
KeyValueStore2: Making an HTTP request. (Thread[KeyValueStoreClient,1,main])
KeyValueStore2: Making an HTTP request. (Thread[KeyValueStoreClient,1,main])
KeyValueStore2: Making an HTTP request. (Thread[KeyValueStoreClient,1,main])
KeyValueStore2: Making an HTTP request. (Thread[KeyValueStoreClient,1,main])
KeyValueStore2: Making an HTTP request. (Thread[KeyValueStoreClient,1,main])
KeyValueStore2: Making an HTTP request. (Thread[KeyValueStoreClient,1,main])
KeyValueStore2: Making an HTTP request. (Thread[KeyValueStoreClient,1,main])
KeyValueStore2: Making an HTTP request. (Thread[KeyValueStoreClient,1,main])
KeyValueStore2: Making an HTTP request. (Thread[KeyValueStoreClient,1,main])
KeyValueStore2: Making an HTTP request. (Thread[KeyValueStoreClient,1,main])
KeyValueStore2: Making an HTTP request. (Thread[KeyValueStoreClient,1,main])
KeyValueStore2: WARNING: More than 20 pending requests. Sleeping 500 ms. (Thread[KeyValueStoreClient,1,main])
KeyValueStore2: Making an HTTP request. (Thread[KeyValueStoreClient,1,main])
KeyValueStore2: WARNING: More than 20 pending requests. Sleeping 1000 ms. (Thread[KeyValueStoreClient,1,main])
KeyValueStore2: Making an HTTP request. (Thread[KeyValueStoreClient,1,main])
KeyValueStore2: WARNING: More than 20 pending requests. Sleeping 1500 ms. (Thread[KeyValueStoreClient,1,main])
KeyValueStore2: Making an HTTP request. (Thread[KeyValueStoreClient,1,main])
KeyValueStore2: WARNING: More than 20 pending requests. Sleeping 2000 ms. (Thread[KeyValueStoreClient,1,main])
KeyValueStore2: Making an HTTP request. (Thread[KeyValueStoreClient,1,main])
KeyValueStore2: WARNING: More than 20 pending requests. Sleeping 2500 ms. (Thread[KeyValueStoreClient,1,main])
KeyValueStore2: Making an HTTP request. (Thread[KeyValueStoreClient,1,main])
KeyValueStore2: WARNING: More than 20 pending requests. Sleeping 3000 ms. (Thread[KeyValueStoreClient,1,main])
KeyValueStore2: Making an HTTP request. (Thread[KeyValueStoreClient,1,main])
KeyValueStore2: WARNING: More than 20 pending requests. Sleeping 3500 ms. (Thread[KeyValueStoreClient,1,main])
JavaScriptBarrier: JavaScriptBarrier: sending true after timeout. (Thread[WebServer,1,main])
WebServer: WebServer: Stopping the server. (Thread[WebServer,1,main])
26930 ms. Memory: 1453056K Free: 845895K (58%)
----------------- testing Wed May 16 00:10:27 UTC 2018 /home/travis/build/icyphy/ptII/ptolemy/actor/lib/jjs/modules/httpServer/test/auto/WebServerBasic.xml
----------------- Wed May 16 00:10:27 UTC 2018 About to sleep for 5.0 seconds before running or rerunning.  Test is: /home/travis/build/icyphy/ptII/ptolemy/actor/lib/jjs/modules/httpServer/test/auto/WebServerBasic.xml
KeyValueStore: Making an HTTP request. (Thread[KeyValueStoreClient,1,main])
KeyValueStore2: Making an HTTP request. (Thread[KeyValueStoreClient,1,main])
KeyValueStore2: WARNING: More than 20 pending requests. Sleeping 4000 ms. (Thread[KeyValueStoreClient,1,main])
Done sleeping
----------------- Instantiating /home/travis/build/icyphy/ptII/ptolemy/actor/lib/jjs/modules/httpServer/test/auto/WebServerBasic.xml
KeyValueStore2: Making an HTTP request. (Thread[KeyValueStoreClient,1,main])
KeyValueStore2: WARNING: More than 20 pending requests. Sleeping 4500 ms. (Thread[KeyValueStoreClient,1,main])
KeyValueStore2: Making an HTTP request. (Thread[KeyValueStoreClient,1,main])
KeyValueStore2: WARNING: More than 20 pending requests. Sleeping 5000 ms. (Thread[KeyValueStoreClient,1,main])
WebServer: WebServer: Creating new server. (Thread[WebServerBasic,1,main])
KeyValueStore2: Making an HTTP request. (Thread[KeyValueStoreClient,1,main])
KeyValueStore2: WARNING: More than 20 pending requests. Sleeping 5500 ms. (Thread[KeyValueStoreClient,1,main])
REST: Making an HTTP request. (Thread[WebServerBasic,1,main])
WebServer: WebServer: Stopping the server. (Thread[WebServerBasic,1,main])
8320 ms. Memory: 1614848K Free: 310228K (19%)
----------------- testing Wed May 16 00:10:44 UTC 2018 /home/travis/build/icyphy/ptII/ptolemy/actor/lib/jjs/modules/httpServer/test/auto/WebServerTimeout.xml
----------------- Wed May 16 00:10:44 UTC 2018 About to sleep for 5.0 seconds before running or rerunning.  Test is: /home/travis/build/icyphy/ptII/ptolemy/actor/lib/jjs/modules/httpServer/test/auto/WebServerTimeout.xml
KeyValueStore2: Making an HTTP request. (Thread[KeyValueStoreClient,1,main])
KeyValueStore2: WARNING: More than 20 pending requests. Sleeping 6000 ms. (Thread[KeyValueStoreClient,1,main])
Done sleeping
----------------- Instantiating /home/travis/build/icyphy/ptII/ptolemy/actor/lib/jjs/modules/httpServer/test/auto/WebServerTimeout.xml
KeyValueStore2: Making an HTTP request. (Thread[KeyValueStoreClient,1,main])
KeyValueStore2: WARNING: More than 20 pending requests. Sleeping 6500 ms. (Thread[KeyValueStoreClient,1,main])
WebServer: WebServer: Creating new server. (Thread[WebServerTimeout,1,main])
WebServer: WebServer: Listening for requests. (Thread[vert.x-eventloop-thread-3,1,main])
KeyValueStore2: Making an HTTP request. (Thread[KeyValueStoreClient,1,main])
KeyValueStore2: WARNING: More than 20 pending requests. Sleeping 7000 ms. (Thread[KeyValueStoreClient,1,main])
REST: Making an HTTP request. (Thread[WebServerTimeout,1,main])
WebServer: Server received request. (Thread[WebServerTimeout,1,main])
KeyValueStore2: Making an HTTP request. (Thread[KeyValueStoreClient,1,main])
KeyValueStore2: WARNING: More than 20 pending requests. Sleeping 7500 ms. (Thread[KeyValueStoreClient,1,main])
The total body: <html><h1>Internal Server Error (code 500)</h1><p>Server failed to generate a response within its internal timeout period.</p></html>
TextDisplayHelper: 'Request failed with code 500: Internal Server Error'
JavaScriptBarrier: Saw input2 then input1, now sending true. (Thread[WebServerTimeout,1,main])
WebServer: WebServer: Stopping the server. (Thread[WebServerTimeout,1,main])
18420 ms. Memory: 1884672K Free: 291234K (15%)
----------------- Invoking toplevel() on ptolemy.moml.MoMLSimpleApplication@69806c4b
----------------- Done invoking toplevel() on ptolemy.moml.MoMLSimpleApplication@69806c4b
reloadAllAccessors: .WebServerTimeout
This is the first time that the reloadAllAccessors method has been invoked in this JVM, so the the accessors repo will be checked out or updated and JSDoc invoked. Note that running the tests may end up invoking a new JVM for each directory, so the repo may be checked out or updated and JSDoc invoked more than once when the tests are run.
KeyValueStore2: Making an HTTP request. (Thread[KeyValueStoreClient,1,main])
KeyValueStore2: WARNING: More than 20 pending requests. Sleeping 8000 ms. (Thread[KeyValueStoreClient,1,main])
-------------- Reloaded accessors, but skipping rerun for now. Wed May 16 00:11:14 UTC 2018 /home/travis/build/icyphy/ptII/ptolemy/actor/lib/jjs/modules/httpServer/test/auto/WebServerTimeout.xml
AutoTests.java: About to close Vertx.
AutoTests.java: Vertx closed.
]]></system-out>
  <system-err><![CDATA[java.lang.RuntimeException: Execution failed
	at ptolemy.moml.MoMLSimpleApplication$UnloadThread.run(MoMLSimpleApplication.java:402)
Caused by: ptolemy.kernel.util.IllegalActionException: Exceptions occurred during wrapup:
ptolemy.kernel.util.IllegalActionException: Failure executing the wrapup function: Error: TrainableTest2: The input handler of this accessor was never invoked. Usually, this is an error indicating that starvation is occurring. in <function> at line number 393 at column number 16
  in .WebServer.TrainableTest2
Because:
Error: TrainableTest2: The input handler of this accessor was never invoked. Usually, this is an error indicating that starvation is occurring. in <function> at line number 393 at column number 16
ptolemy.kernel.util.IllegalActionException: Failure executing the wrapup function: Error: TrainableTest4: The input handler of this accessor was never invoked. Usually, this is an error indicating that starvation is occurring. in <function> at line number 393 at column number 16
  in .WebServer.TrainableTest4
Because:
Error: TrainableTest4: The input handler of this accessor was never invoked. Usually, this is an error indicating that starvation is occurring. in <function> at line number 393 at column number 16

  in .WebServer.DE Director
Because:
Failure executing the wrapup function: Error: TrainableTest2: The input handler of this accessor was never invoked. Usually, this is an error indicating that starvation is occurring. in <function> at line number 393 at column number 16
  in .WebServer.TrainableTest2
Because:
Error: TrainableTest2: The input handler of this accessor was never invoked. Usually, this is an error indicating that starvation is occurring. in <function> at line number 393 at column number 16
	at ptolemy.actor.Director.wrapup(Director.java:1736)
	at ptolemy.domains.de.kernel.DEDirector.wrapup(DEDirector.java:1526)
	at ptolemy.actor.CompositeActor.wrapup(CompositeActor.java:2735)
	at ptolemy.actor.Manager.wrapup(Manager.java:1512)
	at ptolemy.actor.Manager.execute(Manager.java:407)
	at ptolemy.actor.Manager.run(Manager.java:1263)
	at ptolemy.actor.Manager$PtolemyRunThread.run(Manager.java:1915)
Caused by: ptolemy.kernel.util.IllegalActionException: Failure executing the wrapup function: Error: TrainableTest2: The input handler of this accessor was never invoked. Usually, this is an error indicating that starvation is occurring. in <function> at line number 393 at column number 16
  in .WebServer.TrainableTest2
Because:
Error: TrainableTest2: The input handler of this accessor was never invoked. Usually, this is an error indicating that starvation is occurring. in <function> at line number 393 at column number 16
	at ptolemy.actor.lib.jjs.JavaScript._invokeMethodInContext(JavaScript.java:2223)
	at ptolemy.actor.lib.jjs.JavaScript.wrapup(JavaScript.java:2118)
	at ptolemy.actor.Director.wrapup(Director.java:1722)
	... 6 more
Caused by: javax.script.ScriptException: Error: TrainableTest2: The input handler of this accessor was never invoked. Usually, this is an error indicating that starvation is occurring. in <function> at line number 393 at column number 16
	at jdk.nashorn.api.scripting.NashornScriptEngine.throwAsScriptException(NashornScriptEngine.java:470)
	at jdk.nashorn.api.scripting.NashornScriptEngine.invokeImpl(NashornScriptEngine.java:392)
	at jdk.nashorn.api.scripting.NashornScriptEngine.invokeMethod(NashornScriptEngine.java:199)
	at ptolemy.actor.lib.jjs.JavaScript._invokeMethodInContext(JavaScript.java:2200)
	... 8 more
Caused by: <function>:393:16 Error: TrainableTest2: The input handler of this accessor was never invoked. Usually, this is an error indicating that starvation is occurring.
	at jdk.nashorn.internal.objects.NativeError.initException(NativeError.java:137)
	at jdk.nashorn.internal.objects.NativeError.<init>(NativeError.java:102)
	at jdk.nashorn.internal.objects.NativeError.<init>(NativeError.java:106)
	at jdk.nashorn.internal.objects.NativeError.<init>(NativeError.java:110)
	at jdk.nashorn.internal.objects.NativeError.constructor(NativeError.java:129)
	at jdk.nashorn.internal.scripts.Script$Recompilation$8249$18524$\^function\_.L:1#wrapup(<function>:393)
	at jdk.nashorn.internal.scripts.Script$Recompilation$8247$30384$require.L:1#Accessor#wrapup(/home/travis/build/icyphy/ptII/ptolemy/actor/lib/jjs/external/require.js#401:30<eval>:675)
	at jdk.nashorn.internal.runtime.ScriptFunctionData.invoke(ScriptFunctionData.java:637)
	at jdk.nashorn.internal.runtime.ScriptFunction.invoke(ScriptFunction.java:494)
	at jdk.nashorn.internal.runtime.ScriptRuntime.apply(ScriptRuntime.java:393)
	at jdk.nashorn.api.scripting.ScriptObjectMirror.callMember(ScriptObjectMirror.java:199)
	at jdk.nashorn.api.scripting.NashornScriptEngine.invokeImpl(NashornScriptEngine.java:386)
	... 10 more
HttpClientHelper.java: Received an error for request 0: io.netty.channel.AbstractChannel$AnnotatedConnectException: Connection refused: localhost/127.0.0.1:8496
io.netty.channel.AbstractChannel$AnnotatedConnectException: Connection refused: localhost/127.0.0.1:8496
	at sun.nio.ch.SocketChannelImpl.checkConnect(Native Method)
	at sun.nio.ch.SocketChannelImpl.finishConnect(SocketChannelImpl.java:717)
	at io.netty.channel.socket.nio.NioSocketChannel.doFinishConnect(NioSocketChannel.java:325)
	at io.netty.channel.nio.AbstractNioChannel$AbstractNioUnsafe.finishConnect(AbstractNioChannel.java:340)
	at io.netty.channel.nio.NioEventLoop.processSelectedKey(NioEventLoop.java:633)
	at io.netty.channel.nio.NioEventLoop.processSelectedKeysOptimized(NioEventLoop.java:580)
	at io.netty.channel.nio.NioEventLoop.processSelectedKeys(NioEventLoop.java:497)
	at io.netty.channel.nio.NioEventLoop.run(NioEventLoop.java:459)
	at io.netty.util.concurrent.SingleThreadEventExecutor$5.run(SingleThreadEventExecutor.java:886)
	at io.netty.util.concurrent.FastThreadLocalRunnable.run(FastThreadLocalRunnable.java:30)
	at java.lang.Thread.run(Thread.java:748)
Caused by: java.net.ConnectException: Connection refused
	... 11 more
WARNING: JavaScriptBarrier: Model stopped before executing actions (e.g. producing outputs) scheduled for execution at times [19.0]
java.lang.RuntimeException: Execution failed
	at ptolemy.moml.MoMLSimpleApplication$UnloadThread.run(MoMLSimpleApplication.java:402)
Caused by: java.lang.RuntimeException: REST: Connection refused: localhost/127.0.0.1:8496
	at ptolemy.util.SimpleMessageHandler._error(SimpleMessageHandler.java:53)
	at ptolemy.util.MessageHandler.error(MessageHandler.java:84)
	at ptolemy.actor.lib.jjs.JavaScript.error(JavaScript.java:828)
	at ptolemy.actor.lib.jjs.RestrictedJavaScriptInterface.error(RestrictedJavaScriptInterface.java:108)
	at jdk.nashorn.internal.scripts.Script$Recompilation$10904$3480A$\^eval\_.error(<eval>:98)
	at jdk.nashorn.internal.scripts.Script$Recompilation$10902$15986A$require.L:1#_handleError(/home/travis/build/icyphy/ptII/ptolemy/actor/lib/jjs/external/require.js#401:30<eval>:375)
	at jdk.nashorn.internal.scripts.Script$Recompilation$10901$17609AA$require.L:1#_errorResponse(/home/travis/build/icyphy/ptII/ptolemy/actor/lib/jjs/external/require.js#401:30<eval>:412)
	at jdk.nashorn.internal.runtime.ScriptFunctionData.invoke(ScriptFunctionData.java:641)
	at jdk.nashorn.internal.runtime.ScriptFunction.invoke(ScriptFunction.java:494)
	at jdk.nashorn.internal.runtime.ScriptRuntime.apply(ScriptRuntime.java:393)
	at jdk.nashorn.api.scripting.ScriptObjectMirror.callMember(ScriptObjectMirror.java:199)
	at ptolemy.actor.lib.jjs.modules.httpClient.HttpClientHelper$HttpClientExceptionHandler$1.run(HttpClientHelper.java:282)
	at ptolemy.actor.lib.jjs.JavaScript.fire(JavaScript.java:1050)
	at ptolemy.domains.de.kernel.DEDirector._fire(DEDirector.java:1948)
	at ptolemy.domains.de.kernel.DEDirector.fire(DEDirector.java:502)
	at ptolemy.actor.CompositeActor.fire(CompositeActor.java:455)
	at ptolemy.actor.Manager.iterate(Manager.java:851)
	at ptolemy.actor.Manager.execute(Manager.java:369)
	at ptolemy.actor.Manager.run(Manager.java:1263)
	at ptolemy.actor.Manager$PtolemyRunThread.run(Manager.java:1915)
WARNING: JavaScriptBarrier: Model stopped before executing actions (e.g. producing outputs) scheduled for execution at times [19.0]
]]></system-err>
</testsuite>
